<?xml version="1.0" encoding="UTF-8"?>
<testsuites name="Dispensary_Store_Suite" time="3712" tests="12" failures="0" errors="0">
   <testsuite name="Dispensary_Store_Suite" tests="12" failures="0" errors="0" time="3712" timestamp="2018-06-09 23:55:38" hostname="Quality Analyst - DESKTOP-BLFTK83" id="Test Suites/Dispensary_Store_Suite">
      <properties>
         <property name="deviceName" value=""/>
         <property name="devicePlatform" value=""/>
         <property name="logFolder" value="C:\\Users\\Quality Analyst\\Katalon Studio\\ds\\Reports\\Dispensary_Store_Suite\\20180609_181700"/>
         <property name="logFiles" value="C:\\Users\\Quality Analyst\\Katalon Studio\\ds\\Reports\\Dispensary_Store_Suite\\20180609_181700\\execution0.log, C:\\Users\\Quality Analyst\\Katalon Studio\\ds\\Reports\\Dispensary_Store_Suite\\20180609_181700\\execution1.log, C:\\Users\\Quality Analyst\\Katalon Studio\\ds\\Reports\\Dispensary_Store_Suite\\20180609_181700\\execution2.log"/>
         <property name="attachments" value="C:\\Users\\Quality Analyst\\Katalon Studio\\ds\\Reports\\Dispensary_Store_Suite\\20180609_181700\\1528570486466.png, C:\\Users\\Quality Analyst\\Katalon Studio\\ds\\Reports\\Dispensary_Store_Suite\\20180609_181700\\1528572103473.png"/>
         <property name="hostName" value="Quality Analyst - DESKTOP-BLFTK83"/>
         <property name="os" value="Windows 10 64bit"/>
         <property name="katalonVersion" value="5.4.2.1"/>
         <property name="browser" value="Chrome 66.0.3359.181"/>
         <property name="hostAddress" value="169.254.189.85"/>
         <property name="sessionId" value="2ce6c69d35c06a0bb54015267df23fea"/>
         <property name="seleniumVersion" value="3.7.1"/>
         <property name="proxyInformation" value="ProxyInformation{proxyOption=NO_PROXY, proxyServerType=HTTP, password=, proxyServerAddress=, proxyServerPort=0}"/>
         <property name="platform" value="Windows 10"/>
      </properties>
      <testcase name="Test Cases/DISPENSARY TEST CASES/TC_DP_001 Verify Schedule 1 Dispensary Request Are Working Successfully Or Not" classname="Test Cases/DISPENSARY TEST CASES/TC_DP_001 Verify Schedule 1 Dispensary Request Are Working Successfully Or Not" status="PASSED">
         <system-out><![CDATA[2018-06-09 23:55:39 - [TEST_CASE][PASSED] - Test Cases/DISPENSARY TEST CASES/TC_DP_001 Verify Schedule 1 Dispensary Request Are Working Successfully Or Not: Test Cases/DISPENSARY TEST CASES/TC_DP_001 Verify Schedule 1 Dispensary Request Are Working Successfully Or Not

2018-06-09 23:55:39 - [TEST_STEP][PASSED] - openBrowser: Browser is opened with url: ''

2018-06-09 23:55:42 - [MESSAGE][PASSED] - Browser is opened with url: ''

2018-06-09 23:55:42 - [TEST_STEP][PASSED] - navigateToUrl: Navigate to 'http://192.168.137.1/multihospital_new/HDSplashscreen.aspx' successfully

2018-06-09 23:55:44 - [MESSAGE][PASSED] - Navigate to 'http://192.168.137.1/multihospital_new/HDSplashscreen.aspx' successfully

2018-06-09 23:55:44 - [TEST_STEP][PASSED] - maximizeWindow: Current window maximized

2018-06-09 23:55:45 - [MESSAGE][PASSED] - Current window maximized

2018-06-09 23:55:45 - [TEST_STEP][PASSED] - click: Object: 'Object Repository/DispensaryToStore/Page_KDMC/a_Dispensary Store' is clicked on

2018-06-09 23:55:46 - [MESSAGE][PASSED] - Object: 'Object Repository/DispensaryToStore/Page_KDMC/a_Dispensary Store' is clicked on

2018-06-09 23:55:46 - [TEST_STEP][PASSED] - setText: Text 'rajaram' is set on object 'Object Repository/DispensaryToStore/Page_Dispensary Store Login/input_txtusername'

2018-06-09 23:55:46 - [MESSAGE][PASSED] - Text 'rajaram' is set on object 'Object Repository/DispensaryToStore/Page_Dispensary Store Login/input_txtusername'

2018-06-09 23:55:46 - [TEST_STEP][PASSED] - setText: Text '123' is set on object 'Object Repository/DispensaryToStore/Page_Dispensary Store Login/input_txtpassword'

2018-06-09 23:55:47 - [MESSAGE][PASSED] - Text '123' is set on object 'Object Repository/DispensaryToStore/Page_Dispensary Store Login/input_txtpassword'

2018-06-09 23:55:47 - [TEST_STEP][PASSED] - delay: Delayed 3 second(s)

2018-06-09 23:55:50 - [MESSAGE][PASSED] - Delayed 3 second(s)

2018-06-09 23:55:50 - [TEST_STEP][PASSED] - sendKeys: Keys 'ENTER + ' sent to object: 'Object Repository/DispensaryToStore/Page_Dispensary Store Login/input_txtpassword'

2018-06-09 23:55:50 - [MESSAGE][PASSED] - Keys 'ENTER + ' sent to object: 'Object Repository/DispensaryToStore/Page_Dispensary Store Login/input_txtpassword'

2018-06-09 23:55:50 - [TEST_STEP][PASSED] - delay: Delayed 3 second(s)

2018-06-09 23:55:53 - [MESSAGE][PASSED] - Delayed 3 second(s)

2018-06-09 23:55:53 - [TEST_STEP][PASSED] - doubleClick: Object: 'Object Repository/DispensaryToStore/Page_Dispensary Store/a_Request to Store' is double clicked on

2018-06-09 23:55:53 - [MESSAGE][PASSED] - Object: 'Object Repository/DispensaryToStore/Page_Dispensary Store/a_Request to Store' is double clicked on

2018-06-09 23:55:53 - [TEST_STEP][PASSED] - doubleClick: Object: 'Object Repository/DispensaryToStore/Page_Dispensary Store/a_Medicine Request' is double clicked on

2018-06-09 23:55:54 - [MESSAGE][PASSED] - Object: 'Object Repository/DispensaryToStore/Page_Dispensary Store/a_Medicine Request' is double clicked on

2018-06-09 23:55:54 - [TEST_STEP][PASSED] - selectOptionByIndex: All options with index in [1] are selected on object 'Object Repository/DispensaryToStore/Page_Dispensary Store/select_--Select--Schedule 1Inj'

2018-06-09 23:55:54 - [MESSAGE][PASSED] - All options with index in [1] are selected on object 'Object Repository/DispensaryToStore/Page_Dispensary Store/select_--Select--Schedule 1Inj'

2018-06-09 23:55:54 - [TEST_STEP][PASSED] - Statement - medicineslength = com.kms.katalon.core.webui.keyword.WebUiBuiltInKeywords.getNumberOfTotalOption(com.kms.katalon.core.testobject.ObjectRepository.findTestObject(DispensaryToStore/Page_Dispensary Store/select_--Select--Adernaline 0.)): 63 options of object 'Object Repository/DispensaryToStore/Page_Dispensary Store/select_--Select--Adernaline 0.' counted

2018-06-09 23:55:54 - [MESSAGE][PASSED] - 63 options of object 'Object Repository/DispensaryToStore/Page_Dispensary Store/select_--Select--Adernaline 0.' counted

2018-06-09 23:55:54 - [TEST_STEP][PASSED] - Statement - For ([e = 1, e <= medicineslength - 1, (e++)]): Delayed 1 second(s)

2018-06-09 23:55:54 - [TEST_STEP][PASSED] - selectOptionByIndex: All options with index in [1] are selected on object 'Object Repository/DispensaryToStore/Page_Dispensary Store/select_--Select--Schedule 1Inj'

2018-06-09 23:55:55 - [MESSAGE][PASSED] - All options with index in [1] are selected on object 'Object Repository/DispensaryToStore/Page_Dispensary Store/select_--Select--Schedule 1Inj'

2018-06-09 23:55:55 - [TEST_STEP][PASSED] - selectOptionByIndex: All options with index in [1] are selected on object 'Object Repository/DispensaryToStore/Page_Dispensary Store/select_--Select--Adernaline 0.'

2018-06-09 23:55:55 - [MESSAGE][PASSED] - All options with index in [1] are selected on object 'Object Repository/DispensaryToStore/Page_Dispensary Store/select_--Select--Adernaline 0.'

2018-06-09 23:55:55 - [TEST_STEP][PASSED] - setText: Text '10' is set on object 'Object Repository/DispensaryToStore/Page_Dispensary Store/input_txttreat'

2018-06-09 23:55:55 - [MESSAGE][PASSED] - Text '10' is set on object 'Object Repository/DispensaryToStore/Page_Dispensary Store/input_txttreat'

2018-06-09 23:55:55 - [TEST_STEP][PASSED] - doubleClick: Object: 'Object Repository/DispensaryToStore/Page_Dispensary Store/button_Add' is double clicked on

2018-06-09 23:55:55 - [MESSAGE][PASSED] - Object: 'Object Repository/DispensaryToStore/Page_Dispensary Store/button_Add' is double clicked on

2018-06-09 23:55:55 - [TEST_STEP][PASSED] - delay: Delayed 1 second(s)

2018-06-09 23:55:56 - [MESSAGE][PASSED] - Delayed 1 second(s)

2018-06-09 23:55:56 - [TEST_STEP][PASSED] - selectOptionByIndex: All options with index in [1] are selected on object 'Object Repository/DispensaryToStore/Page_Dispensary Store/select_--Select--Schedule 1Inj'

2018-06-09 23:55:56 - [MESSAGE][PASSED] - All options with index in [1] are selected on object 'Object Repository/DispensaryToStore/Page_Dispensary Store/select_--Select--Schedule 1Inj'

2018-06-09 23:55:56 - [TEST_STEP][PASSED] - selectOptionByIndex: All options with index in [2] are selected on object 'Object Repository/DispensaryToStore/Page_Dispensary Store/select_--Select--Adernaline 0.'

2018-06-09 23:55:56 - [MESSAGE][PASSED] - All options with index in [2] are selected on object 'Object Repository/DispensaryToStore/Page_Dispensary Store/select_--Select--Adernaline 0.'

2018-06-09 23:55:56 - [TEST_STEP][PASSED] - setText: Text '10' is set on object 'Object Repository/DispensaryToStore/Page_Dispensary Store/input_txttreat'

2018-06-09 23:55:56 - [MESSAGE][PASSED] - Text '10' is set on object 'Object Repository/DispensaryToStore/Page_Dispensary Store/input_txttreat'

2018-06-09 23:55:56 - [TEST_STEP][PASSED] - doubleClick: Object: 'Object Repository/DispensaryToStore/Page_Dispensary Store/button_Add' is double clicked on

2018-06-09 23:55:57 - [MESSAGE][PASSED] - Object: 'Object Repository/DispensaryToStore/Page_Dispensary Store/button_Add' is double clicked on

2018-06-09 23:55:57 - [TEST_STEP][PASSED] - delay: Delayed 1 second(s)

2018-06-09 23:55:58 - [MESSAGE][PASSED] - Delayed 1 second(s)

2018-06-09 23:55:58 - [TEST_STEP][PASSED] - selectOptionByIndex: All options with index in [1] are selected on object 'Object Repository/DispensaryToStore/Page_Dispensary Store/select_--Select--Schedule 1Inj'

2018-06-09 23:55:58 - [MESSAGE][PASSED] - All options with index in [1] are selected on object 'Object Repository/DispensaryToStore/Page_Dispensary Store/select_--Select--Schedule 1Inj'

2018-06-09 23:55:58 - [TEST_STEP][PASSED] - selectOptionByIndex: All options with index in [3] are selected on object 'Object Repository/DispensaryToStore/Page_Dispensary Store/select_--Select--Adernaline 0.'

2018-06-09 23:55:58 - [MESSAGE][PASSED] - All options with index in [3] are selected on object 'Object Repository/DispensaryToStore/Page_Dispensary Store/select_--Select--Adernaline 0.'

2018-06-09 23:55:58 - [TEST_STEP][PASSED] - setText: Text '10' is set on object 'Object Repository/DispensaryToStore/Page_Dispensary Store/input_txttreat'

2018-06-09 23:55:58 - [MESSAGE][PASSED] - Text '10' is set on object 'Object Repository/DispensaryToStore/Page_Dispensary Store/input_txttreat'

2018-06-09 23:55:58 - [TEST_STEP][PASSED] - doubleClick: Object: 'Object Repository/DispensaryToStore/Page_Dispensary Store/button_Add' is double clicked on

2018-06-09 23:55:58 - [MESSAGE][PASSED] - Object: 'Object Repository/DispensaryToStore/Page_Dispensary Store/button_Add' is double clicked on

2018-06-09 23:55:58 - [TEST_STEP][PASSED] - delay: Delayed 1 second(s)

2018-06-09 23:55:59 - [MESSAGE][PASSED] - Delayed 1 second(s)

2018-06-09 23:55:59 - [TEST_STEP][PASSED] - selectOptionByIndex: All options with index in [1] are selected on object 'Object Repository/DispensaryToStore/Page_Dispensary Store/select_--Select--Schedule 1Inj'

2018-06-09 23:55:59 - [MESSAGE][PASSED] - All options with index in [1] are selected on object 'Object Repository/DispensaryToStore/Page_Dispensary Store/select_--Select--Schedule 1Inj'

2018-06-09 23:55:59 - [TEST_STEP][PASSED] - selectOptionByIndex: All options with index in [4] are selected on object 'Object Repository/DispensaryToStore/Page_Dispensary Store/select_--Select--Adernaline 0.'

2018-06-09 23:55:59 - [MESSAGE][PASSED] - All options with index in [4] are selected on object 'Object Repository/DispensaryToStore/Page_Dispensary Store/select_--Select--Adernaline 0.'

2018-06-09 23:55:59 - [TEST_STEP][PASSED] - setText: Text '10' is set on object 'Object Repository/DispensaryToStore/Page_Dispensary Store/input_txttreat'

2018-06-09 23:55:59 - [MESSAGE][PASSED] - Text '10' is set on object 'Object Repository/DispensaryToStore/Page_Dispensary Store/input_txttreat'

2018-06-09 23:55:59 - [TEST_STEP][PASSED] - doubleClick: Object: 'Object Repository/DispensaryToStore/Page_Dispensary Store/button_Add' is double clicked on

2018-06-09 23:56:00 - [MESSAGE][PASSED] - Object: 'Object Repository/DispensaryToStore/Page_Dispensary Store/button_Add' is double clicked on

2018-06-09 23:56:00 - [TEST_STEP][PASSED] - delay: Delayed 1 second(s)

2018-06-09 23:56:01 - [MESSAGE][PASSED] - Delayed 1 second(s)

2018-06-09 23:56:01 - [TEST_STEP][PASSED] - selectOptionByIndex: All options with index in [1] are selected on object 'Object Repository/DispensaryToStore/Page_Dispensary Store/select_--Select--Schedule 1Inj'

2018-06-09 23:56:01 - [MESSAGE][PASSED] - All options with index in [1] are selected on object 'Object Repository/DispensaryToStore/Page_Dispensary Store/select_--Select--Schedule 1Inj'

2018-06-09 23:56:01 - [TEST_STEP][PASSED] - selectOptionByIndex: All options with index in [5] are selected on object 'Object Repository/DispensaryToStore/Page_Dispensary Store/select_--Select--Adernaline 0.'

2018-06-09 23:56:01 - [MESSAGE][PASSED] - All options with index in [5] are selected on object 'Object Repository/DispensaryToStore/Page_Dispensary Store/select_--Select--Adernaline 0.'

2018-06-09 23:56:01 - [TEST_STEP][PASSED] - setText: Text '10' is set on object 'Object Repository/DispensaryToStore/Page_Dispensary Store/input_txttreat'

2018-06-09 23:56:01 - [MESSAGE][PASSED] - Text '10' is set on object 'Object Repository/DispensaryToStore/Page_Dispensary Store/input_txttreat'

2018-06-09 23:56:01 - [TEST_STEP][PASSED] - doubleClick: Object: 'Object Repository/DispensaryToStore/Page_Dispensary Store/button_Add' is double clicked on

2018-06-09 23:56:01 - [MESSAGE][PASSED] - Object: 'Object Repository/DispensaryToStore/Page_Dispensary Store/button_Add' is double clicked on

2018-06-09 23:56:01 - [TEST_STEP][PASSED] - delay: Delayed 1 second(s)

2018-06-09 23:56:02 - [MESSAGE][PASSED] - Delayed 1 second(s)

2018-06-09 23:56:02 - [TEST_STEP][PASSED] - selectOptionByIndex: All options with index in [1] are selected on object 'Object Repository/DispensaryToStore/Page_Dispensary Store/select_--Select--Schedule 1Inj'

2018-06-09 23:56:02 - [MESSAGE][PASSED] - All options with index in [1] are selected on object 'Object Repository/DispensaryToStore/Page_Dispensary Store/select_--Select--Schedule 1Inj'

2018-06-09 23:56:02 - [TEST_STEP][PASSED] - selectOptionByIndex: All options with index in [6] are selected on object 'Object Repository/DispensaryToStore/Page_Dispensary Store/select_--Select--Adernaline 0.'

2018-06-09 23:56:03 - [MESSAGE][PASSED] - All options with index in [6] are selected on object 'Object Repository/DispensaryToStore/Page_Dispensary Store/select_--Select--Adernaline 0.'

2018-06-09 23:56:03 - [TEST_STEP][PASSED] - setText: Text '10' is set on object 'Object Repository/DispensaryToStore/Page_Dispensary Store/input_txttreat'

2018-06-09 23:56:03 - [MESSAGE][PASSED] - Text '10' is set on object 'Object Repository/DispensaryToStore/Page_Dispensary Store/input_txttreat'

2018-06-09 23:56:03 - [TEST_STEP][PASSED] - doubleClick: Object: 'Object Repository/DispensaryToStore/Page_Dispensary Store/button_Add' is double clicked on

2018-06-09 23:56:03 - [MESSAGE][PASSED] - Object: 'Object Repository/DispensaryToStore/Page_Dispensary Store/button_Add' is double clicked on

2018-06-09 23:56:03 - [TEST_STEP][PASSED] - delay: Delayed 1 second(s)

2018-06-09 23:56:04 - [MESSAGE][PASSED] - Delayed 1 second(s)

2018-06-09 23:56:04 - [TEST_STEP][PASSED] - selectOptionByIndex: All options with index in [1] are selected on object 'Object Repository/DispensaryToStore/Page_Dispensary Store/select_--Select--Schedule 1Inj'

2018-06-09 23:56:04 - [MESSAGE][PASSED] - All options with index in [1] are selected on object 'Object Repository/DispensaryToStore/Page_Dispensary Store/select_--Select--Schedule 1Inj'

2018-06-09 23:56:04 - [TEST_STEP][PASSED] - selectOptionByIndex: All options with index in [7] are selected on object 'Object Repository/DispensaryToStore/Page_Dispensary Store/select_--Select--Adernaline 0.'

2018-06-09 23:56:04 - [MESSAGE][PASSED] - All options with index in [7] are selected on object 'Object Repository/DispensaryToStore/Page_Dispensary Store/select_--Select--Adernaline 0.'

2018-06-09 23:56:04 - [TEST_STEP][PASSED] - setText: Text '10' is set on object 'Object Repository/DispensaryToStore/Page_Dispensary Store/input_txttreat'

2018-06-09 23:56:04 - [MESSAGE][PASSED] - Text '10' is set on object 'Object Repository/DispensaryToStore/Page_Dispensary Store/input_txttreat'

2018-06-09 23:56:04 - [TEST_STEP][PASSED] - doubleClick: Object: 'Object Repository/DispensaryToStore/Page_Dispensary Store/button_Add' is double clicked on

2018-06-09 23:56:04 - [MESSAGE][PASSED] - Object: 'Object Repository/DispensaryToStore/Page_Dispensary Store/button_Add' is double clicked on

2018-06-09 23:56:04 - [TEST_STEP][PASSED] - delay: Delayed 1 second(s)

2018-06-09 23:56:05 - [MESSAGE][PASSED] - Delayed 1 second(s)

2018-06-09 23:56:05 - [TEST_STEP][PASSED] - selectOptionByIndex: All options with index in [1] are selected on object 'Object Repository/DispensaryToStore/Page_Dispensary Store/select_--Select--Schedule 1Inj'

2018-06-09 23:56:05 - [MESSAGE][PASSED] - All options with index in [1] are selected on object 'Object Repository/DispensaryToStore/Page_Dispensary Store/select_--Select--Schedule 1Inj'

2018-06-09 23:56:05 - [TEST_STEP][PASSED] - selectOptionByIndex: All options with index in [8] are selected on object 'Object Repository/DispensaryToStore/Page_Dispensary Store/select_--Select--Adernaline 0.'

2018-06-09 23:56:06 - [MESSAGE][PASSED] - All options with index in [8] are selected on object 'Object Repository/DispensaryToStore/Page_Dispensary Store/select_--Select--Adernaline 0.'

2018-06-09 23:56:06 - [TEST_STEP][PASSED] - setText: Text '10' is set on object 'Object Repository/DispensaryToStore/Page_Dispensary Store/input_txttreat'

2018-06-09 23:56:06 - [MESSAGE][PASSED] - Text '10' is set on object 'Object Repository/DispensaryToStore/Page_Dispensary Store/input_txttreat'

2018-06-09 23:56:06 - [TEST_STEP][PASSED] - doubleClick: Object: 'Object Repository/DispensaryToStore/Page_Dispensary Store/button_Add' is double clicked on

2018-06-09 23:56:06 - [MESSAGE][PASSED] - Object: 'Object Repository/DispensaryToStore/Page_Dispensary Store/button_Add' is double clicked on

2018-06-09 23:56:06 - [TEST_STEP][PASSED] - delay: Delayed 1 second(s)

2018-06-09 23:56:07 - [MESSAGE][PASSED] - Delayed 1 second(s)

2018-06-09 23:56:07 - [TEST_STEP][PASSED] - selectOptionByIndex: All options with index in [1] are selected on object 'Object Repository/DispensaryToStore/Page_Dispensary Store/select_--Select--Schedule 1Inj'

2018-06-09 23:56:07 - [MESSAGE][PASSED] - All options with index in [1] are selected on object 'Object Repository/DispensaryToStore/Page_Dispensary Store/select_--Select--Schedule 1Inj'

2018-06-09 23:56:07 - [TEST_STEP][PASSED] - selectOptionByIndex: All options with index in [9] are selected on object 'Object Repository/DispensaryToStore/Page_Dispensary Store/select_--Select--Adernaline 0.'

2018-06-09 23:56:07 - [MESSAGE][PASSED] - All options with index in [9] are selected on object 'Object Repository/DispensaryToStore/Page_Dispensary Store/select_--Select--Adernaline 0.'

2018-06-09 23:56:07 - [TEST_STEP][PASSED] - setText: Text '10' is set on object 'Object Repository/DispensaryToStore/Page_Dispensary Store/input_txttreat'

2018-06-09 23:56:07 - [MESSAGE][PASSED] - Text '10' is set on object 'Object Repository/DispensaryToStore/Page_Dispensary Store/input_txttreat'

2018-06-09 23:56:07 - [TEST_STEP][PASSED] - doubleClick: Object: 'Object Repository/DispensaryToStore/Page_Dispensary Store/button_Add' is double clicked on

2018-06-09 23:56:07 - [MESSAGE][PASSED] - Object: 'Object Repository/DispensaryToStore/Page_Dispensary Store/button_Add' is double clicked on

2018-06-09 23:56:07 - [TEST_STEP][PASSED] - delay: Delayed 1 second(s)

2018-06-09 23:56:08 - [MESSAGE][PASSED] - Delayed 1 second(s)

2018-06-09 23:56:08 - [TEST_STEP][PASSED] - selectOptionByIndex: All options with index in [1] are selected on object 'Object Repository/DispensaryToStore/Page_Dispensary Store/select_--Select--Schedule 1Inj'

2018-06-09 23:56:09 - [MESSAGE][PASSED] - All options with index in [1] are selected on object 'Object Repository/DispensaryToStore/Page_Dispensary Store/select_--Select--Schedule 1Inj'

2018-06-09 23:56:09 - [TEST_STEP][PASSED] - selectOptionByIndex: All options with index in [10] are selected on object 'Object Repository/DispensaryToStore/Page_Dispensary Store/select_--Select--Adernaline 0.'

2018-06-09 23:56:09 - [MESSAGE][PASSED] - All options with index in [10] are selected on object 'Object Repository/DispensaryToStore/Page_Dispensary Store/select_--Select--Adernaline 0.'

2018-06-09 23:56:09 - [TEST_STEP][PASSED] - setText: Text '10' is set on object 'Object Repository/DispensaryToStore/Page_Dispensary Store/input_txttreat'

2018-06-09 23:56:09 - [MESSAGE][PASSED] - Text '10' is set on object 'Object Repository/DispensaryToStore/Page_Dispensary Store/input_txttreat'

2018-06-09 23:56:09 - [TEST_STEP][PASSED] - doubleClick: Object: 'Object Repository/DispensaryToStore/Page_Dispensary Store/button_Add' is double clicked on

2018-06-09 23:56:09 - [MESSAGE][PASSED] - Object: 'Object Repository/DispensaryToStore/Page_Dispensary Store/button_Add' is double clicked on

2018-06-09 23:56:09 - [TEST_STEP][PASSED] - delay: Delayed 1 second(s)

2018-06-09 23:56:10 - [MESSAGE][PASSED] - Delayed 1 second(s)

2018-06-09 23:56:10 - [TEST_STEP][PASSED] - selectOptionByIndex: All options with index in [1] are selected on object 'Object Repository/DispensaryToStore/Page_Dispensary Store/select_--Select--Schedule 1Inj'

2018-06-09 23:56:10 - [MESSAGE][PASSED] - All options with index in [1] are selected on object 'Object Repository/DispensaryToStore/Page_Dispensary Store/select_--Select--Schedule 1Inj'

2018-06-09 23:56:10 - [TEST_STEP][PASSED] - selectOptionByIndex: All options with index in [11] are selected on object 'Object Repository/DispensaryToStore/Page_Dispensary Store/select_--Select--Adernaline 0.'

2018-06-09 23:56:10 - [MESSAGE][PASSED] - All options with index in [11] are selected on object 'Object Repository/DispensaryToStore/Page_Dispensary Store/select_--Select--Adernaline 0.'

2018-06-09 23:56:10 - [TEST_STEP][PASSED] - setText: Text '10' is set on object 'Object Repository/DispensaryToStore/Page_Dispensary Store/input_txttreat'

2018-06-09 23:56:11 - [MESSAGE][PASSED] - Text '10' is set on object 'Object Repository/DispensaryToStore/Page_Dispensary Store/input_txttreat'

2018-06-09 23:56:11 - [TEST_STEP][PASSED] - doubleClick: Object: 'Object Repository/DispensaryToStore/Page_Dispensary Store/button_Add' is double clicked on

2018-06-09 23:56:11 - [MESSAGE][PASSED] - Object: 'Object Repository/DispensaryToStore/Page_Dispensary Store/button_Add' is double clicked on

2018-06-09 23:56:11 - [TEST_STEP][PASSED] - delay: Delayed 1 second(s)

2018-06-09 23:56:12 - [MESSAGE][PASSED] - Delayed 1 second(s)

2018-06-09 23:56:12 - [TEST_STEP][PASSED] - selectOptionByIndex: All options with index in [1] are selected on object 'Object Repository/DispensaryToStore/Page_Dispensary Store/select_--Select--Schedule 1Inj'

2018-06-09 23:56:12 - [MESSAGE][PASSED] - All options with index in [1] are selected on object 'Object Repository/DispensaryToStore/Page_Dispensary Store/select_--Select--Schedule 1Inj'

2018-06-09 23:56:12 - [TEST_STEP][PASSED] - selectOptionByIndex: All options with index in [12] are selected on object 'Object Repository/DispensaryToStore/Page_Dispensary Store/select_--Select--Adernaline 0.'

2018-06-09 23:56:12 - [MESSAGE][PASSED] - All options with index in [12] are selected on object 'Object Repository/DispensaryToStore/Page_Dispensary Store/select_--Select--Adernaline 0.'

2018-06-09 23:56:12 - [TEST_STEP][PASSED] - setText: Text '10' is set on object 'Object Repository/DispensaryToStore/Page_Dispensary Store/input_txttreat'

2018-06-09 23:56:12 - [MESSAGE][PASSED] - Text '10' is set on object 'Object Repository/DispensaryToStore/Page_Dispensary Store/input_txttreat'

2018-06-09 23:56:12 - [TEST_STEP][PASSED] - doubleClick: Object: 'Object Repository/DispensaryToStore/Page_Dispensary Store/button_Add' is double clicked on

2018-06-09 23:56:12 - [MESSAGE][PASSED] - Object: 'Object Repository/DispensaryToStore/Page_Dispensary Store/button_Add' is double clicked on

2018-06-09 23:56:12 - [TEST_STEP][PASSED] - delay: Delayed 1 second(s)

2018-06-09 23:56:13 - [MESSAGE][PASSED] - Delayed 1 second(s)

2018-06-09 23:56:13 - [TEST_STEP][PASSED] - selectOptionByIndex: All options with index in [1] are selected on object 'Object Repository/DispensaryToStore/Page_Dispensary Store/select_--Select--Schedule 1Inj'

2018-06-09 23:56:13 - [MESSAGE][PASSED] - All options with index in [1] are selected on object 'Object Repository/DispensaryToStore/Page_Dispensary Store/select_--Select--Schedule 1Inj'

2018-06-09 23:56:13 - [TEST_STEP][PASSED] - selectOptionByIndex: All options with index in [13] are selected on object 'Object Repository/DispensaryToStore/Page_Dispensary Store/select_--Select--Adernaline 0.'

2018-06-09 23:56:14 - [MESSAGE][PASSED] - All options with index in [13] are selected on object 'Object Repository/DispensaryToStore/Page_Dispensary Store/select_--Select--Adernaline 0.'

2018-06-09 23:56:14 - [TEST_STEP][PASSED] - setText: Text '10' is set on object 'Object Repository/DispensaryToStore/Page_Dispensary Store/input_txttreat'

2018-06-09 23:56:14 - [MESSAGE][PASSED] - Text '10' is set on object 'Object Repository/DispensaryToStore/Page_Dispensary Store/input_txttreat'

2018-06-09 23:56:14 - [TEST_STEP][PASSED] - doubleClick: Object: 'Object Repository/DispensaryToStore/Page_Dispensary Store/button_Add' is double clicked on

2018-06-09 23:56:14 - [MESSAGE][PASSED] - Object: 'Object Repository/DispensaryToStore/Page_Dispensary Store/button_Add' is double clicked on

2018-06-09 23:56:14 - [TEST_STEP][PASSED] - delay: Delayed 1 second(s)

2018-06-09 23:56:15 - [MESSAGE][PASSED] - Delayed 1 second(s)

2018-06-09 23:56:15 - [TEST_STEP][PASSED] - selectOptionByIndex: All options with index in [1] are selected on object 'Object Repository/DispensaryToStore/Page_Dispensary Store/select_--Select--Schedule 1Inj'

2018-06-09 23:56:15 - [MESSAGE][PASSED] - All options with index in [1] are selected on object 'Object Repository/DispensaryToStore/Page_Dispensary Store/select_--Select--Schedule 1Inj'

2018-06-09 23:56:15 - [TEST_STEP][PASSED] - selectOptionByIndex: All options with index in [14] are selected on object 'Object Repository/DispensaryToStore/Page_Dispensary Store/select_--Select--Adernaline 0.'

2018-06-09 23:56:15 - [MESSAGE][PASSED] - All options with index in [14] are selected on object 'Object Repository/DispensaryToStore/Page_Dispensary Store/select_--Select--Adernaline 0.'

2018-06-09 23:56:15 - [TEST_STEP][PASSED] - setText: Text '10' is set on object 'Object Repository/DispensaryToStore/Page_Dispensary Store/input_txttreat'

2018-06-09 23:56:15 - [MESSAGE][PASSED] - Text '10' is set on object 'Object Repository/DispensaryToStore/Page_Dispensary Store/input_txttreat'

2018-06-09 23:56:15 - [TEST_STEP][PASSED] - doubleClick: Object: 'Object Repository/DispensaryToStore/Page_Dispensary Store/button_Add' is double clicked on

2018-06-09 23:56:16 - [MESSAGE][PASSED] - Object: 'Object Repository/DispensaryToStore/Page_Dispensary Store/button_Add' is double clicked on

2018-06-09 23:56:16 - [TEST_STEP][PASSED] - delay: Delayed 1 second(s)

2018-06-09 23:56:17 - [MESSAGE][PASSED] - Delayed 1 second(s)

2018-06-09 23:56:17 - [TEST_STEP][PASSED] - selectOptionByIndex: All options with index in [1] are selected on object 'Object Repository/DispensaryToStore/Page_Dispensary Store/select_--Select--Schedule 1Inj'

2018-06-09 23:56:17 - [MESSAGE][PASSED] - All options with index in [1] are selected on object 'Object Repository/DispensaryToStore/Page_Dispensary Store/select_--Select--Schedule 1Inj'

2018-06-09 23:56:17 - [TEST_STEP][PASSED] - selectOptionByIndex: All options with index in [15] are selected on object 'Object Repository/DispensaryToStore/Page_Dispensary Store/select_--Select--Adernaline 0.'

2018-06-09 23:56:17 - [MESSAGE][PASSED] - All options with index in [15] are selected on object 'Object Repository/DispensaryToStore/Page_Dispensary Store/select_--Select--Adernaline 0.'

2018-06-09 23:56:17 - [TEST_STEP][PASSED] - setText: Text '10' is set on object 'Object Repository/DispensaryToStore/Page_Dispensary Store/input_txttreat'

2018-06-09 23:56:17 - [MESSAGE][PASSED] - Text '10' is set on object 'Object Repository/DispensaryToStore/Page_Dispensary Store/input_txttreat'

2018-06-09 23:56:17 - [TEST_STEP][PASSED] - doubleClick: Object: 'Object Repository/DispensaryToStore/Page_Dispensary Store/button_Add' is double clicked on

2018-06-09 23:56:17 - [MESSAGE][PASSED] - Object: 'Object Repository/DispensaryToStore/Page_Dispensary Store/button_Add' is double clicked on

2018-06-09 23:56:17 - [TEST_STEP][PASSED] - delay: Delayed 1 second(s)

2018-06-09 23:56:18 - [MESSAGE][PASSED] - Delayed 1 second(s)

2018-06-09 23:56:18 - [TEST_STEP][PASSED] - selectOptionByIndex: All options with index in [1] are selected on object 'Object Repository/DispensaryToStore/Page_Dispensary Store/select_--Select--Schedule 1Inj'

2018-06-09 23:56:18 - [MESSAGE][PASSED] - All options with index in [1] are selected on object 'Object Repository/DispensaryToStore/Page_Dispensary Store/select_--Select--Schedule 1Inj'

2018-06-09 23:56:18 - [TEST_STEP][PASSED] - selectOptionByIndex: All options with index in [16] are selected on object 'Object Repository/DispensaryToStore/Page_Dispensary Store/select_--Select--Adernaline 0.'

2018-06-09 23:56:19 - [MESSAGE][PASSED] - All options with index in [16] are selected on object 'Object Repository/DispensaryToStore/Page_Dispensary Store/select_--Select--Adernaline 0.'

2018-06-09 23:56:19 - [TEST_STEP][PASSED] - setText: Text '10' is set on object 'Object Repository/DispensaryToStore/Page_Dispensary Store/input_txttreat'

2018-06-09 23:56:19 - [MESSAGE][PASSED] - Text '10' is set on object 'Object Repository/DispensaryToStore/Page_Dispensary Store/input_txttreat'

2018-06-09 23:56:19 - [TEST_STEP][PASSED] - doubleClick: Object: 'Object Repository/DispensaryToStore/Page_Dispensary Store/button_Add' is double clicked on

2018-06-09 23:56:19 - [MESSAGE][PASSED] - Object: 'Object Repository/DispensaryToStore/Page_Dispensary Store/button_Add' is double clicked on

2018-06-09 23:56:19 - [TEST_STEP][PASSED] - delay: Delayed 1 second(s)

2018-06-09 23:56:20 - [MESSAGE][PASSED] - Delayed 1 second(s)

2018-06-09 23:56:20 - [TEST_STEP][PASSED] - selectOptionByIndex: All options with index in [1] are selected on object 'Object Repository/DispensaryToStore/Page_Dispensary Store/select_--Select--Schedule 1Inj'

2018-06-09 23:56:20 - [MESSAGE][PASSED] - All options with index in [1] are selected on object 'Object Repository/DispensaryToStore/Page_Dispensary Store/select_--Select--Schedule 1Inj'

2018-06-09 23:56:20 - [TEST_STEP][PASSED] - selectOptionByIndex: All options with index in [17] are selected on object 'Object Repository/DispensaryToStore/Page_Dispensary Store/select_--Select--Adernaline 0.'

2018-06-09 23:56:20 - [MESSAGE][PASSED] - All options with index in [17] are selected on object 'Object Repository/DispensaryToStore/Page_Dispensary Store/select_--Select--Adernaline 0.'

2018-06-09 23:56:20 - [TEST_STEP][PASSED] - setText: Text '10' is set on object 'Object Repository/DispensaryToStore/Page_Dispensary Store/input_txttreat'

2018-06-09 23:56:20 - [MESSAGE][PASSED] - Text '10' is set on object 'Object Repository/DispensaryToStore/Page_Dispensary Store/input_txttreat'

2018-06-09 23:56:20 - [TEST_STEP][PASSED] - doubleClick: Object: 'Object Repository/DispensaryToStore/Page_Dispensary Store/button_Add' is double clicked on

2018-06-09 23:56:20 - [MESSAGE][PASSED] - Object: 'Object Repository/DispensaryToStore/Page_Dispensary Store/button_Add' is double clicked on

2018-06-09 23:56:20 - [TEST_STEP][PASSED] - delay: Delayed 1 second(s)

2018-06-09 23:56:21 - [MESSAGE][PASSED] - Delayed 1 second(s)

2018-06-09 23:56:21 - [TEST_STEP][PASSED] - selectOptionByIndex: All options with index in [1] are selected on object 'Object Repository/DispensaryToStore/Page_Dispensary Store/select_--Select--Schedule 1Inj'

2018-06-09 23:56:22 - [MESSAGE][PASSED] - All options with index in [1] are selected on object 'Object Repository/DispensaryToStore/Page_Dispensary Store/select_--Select--Schedule 1Inj'

2018-06-09 23:56:22 - [TEST_STEP][PASSED] - selectOptionByIndex: All options with index in [18] are selected on object 'Object Repository/DispensaryToStore/Page_Dispensary Store/select_--Select--Adernaline 0.'

2018-06-09 23:56:22 - [MESSAGE][PASSED] - All options with index in [18] are selected on object 'Object Repository/DispensaryToStore/Page_Dispensary Store/select_--Select--Adernaline 0.'

2018-06-09 23:56:22 - [TEST_STEP][PASSED] - setText: Text '10' is set on object 'Object Repository/DispensaryToStore/Page_Dispensary Store/input_txttreat'

2018-06-09 23:56:22 - [MESSAGE][PASSED] - Text '10' is set on object 'Object Repository/DispensaryToStore/Page_Dispensary Store/input_txttreat'

2018-06-09 23:56:22 - [TEST_STEP][PASSED] - doubleClick: Object: 'Object Repository/DispensaryToStore/Page_Dispensary Store/button_Add' is double clicked on

2018-06-09 23:56:22 - [MESSAGE][PASSED] - Object: 'Object Repository/DispensaryToStore/Page_Dispensary Store/button_Add' is double clicked on

2018-06-09 23:56:22 - [TEST_STEP][PASSED] - delay: Delayed 1 second(s)

2018-06-09 23:56:23 - [MESSAGE][PASSED] - Delayed 1 second(s)

2018-06-09 23:56:23 - [TEST_STEP][PASSED] - selectOptionByIndex: All options with index in [1] are selected on object 'Object Repository/DispensaryToStore/Page_Dispensary Store/select_--Select--Schedule 1Inj'

2018-06-09 23:56:23 - [MESSAGE][PASSED] - All options with index in [1] are selected on object 'Object Repository/DispensaryToStore/Page_Dispensary Store/select_--Select--Schedule 1Inj'

2018-06-09 23:56:23 - [TEST_STEP][PASSED] - selectOptionByIndex: All options with index in [19] are selected on object 'Object Repository/DispensaryToStore/Page_Dispensary Store/select_--Select--Adernaline 0.'

2018-06-09 23:56:24 - [MESSAGE][PASSED] - All options with index in [19] are selected on object 'Object Repository/DispensaryToStore/Page_Dispensary Store/select_--Select--Adernaline 0.'

2018-06-09 23:56:24 - [TEST_STEP][PASSED] - setText: Text '10' is set on object 'Object Repository/DispensaryToStore/Page_Dispensary Store/input_txttreat'

2018-06-09 23:56:24 - [MESSAGE][PASSED] - Text '10' is set on object 'Object Repository/DispensaryToStore/Page_Dispensary Store/input_txttreat'

2018-06-09 23:56:24 - [TEST_STEP][PASSED] - doubleClick: Object: 'Object Repository/DispensaryToStore/Page_Dispensary Store/button_Add' is double clicked on

2018-06-09 23:56:24 - [MESSAGE][PASSED] - Object: 'Object Repository/DispensaryToStore/Page_Dispensary Store/button_Add' is double clicked on

2018-06-09 23:56:24 - [TEST_STEP][PASSED] - delay: Delayed 1 second(s)

2018-06-09 23:56:25 - [MESSAGE][PASSED] - Delayed 1 second(s)

2018-06-09 23:56:25 - [TEST_STEP][PASSED] - selectOptionByIndex: All options with index in [1] are selected on object 'Object Repository/DispensaryToStore/Page_Dispensary Store/select_--Select--Schedule 1Inj'

2018-06-09 23:56:25 - [MESSAGE][PASSED] - All options with index in [1] are selected on object 'Object Repository/DispensaryToStore/Page_Dispensary Store/select_--Select--Schedule 1Inj'

2018-06-09 23:56:25 - [TEST_STEP][PASSED] - selectOptionByIndex: All options with index in [20] are selected on object 'Object Repository/DispensaryToStore/Page_Dispensary Store/select_--Select--Adernaline 0.'

2018-06-09 23:56:25 - [MESSAGE][PASSED] - All options with index in [20] are selected on object 'Object Repository/DispensaryToStore/Page_Dispensary Store/select_--Select--Adernaline 0.'

2018-06-09 23:56:25 - [TEST_STEP][PASSED] - setText: Text '10' is set on object 'Object Repository/DispensaryToStore/Page_Dispensary Store/input_txttreat'

2018-06-09 23:56:25 - [MESSAGE][PASSED] - Text '10' is set on object 'Object Repository/DispensaryToStore/Page_Dispensary Store/input_txttreat'

2018-06-09 23:56:25 - [TEST_STEP][PASSED] - doubleClick: Object: 'Object Repository/DispensaryToStore/Page_Dispensary Store/button_Add' is double clicked on

2018-06-09 23:56:25 - [MESSAGE][PASSED] - Object: 'Object Repository/DispensaryToStore/Page_Dispensary Store/button_Add' is double clicked on

2018-06-09 23:56:25 - [TEST_STEP][PASSED] - delay: Delayed 1 second(s)

2018-06-09 23:56:26 - [MESSAGE][PASSED] - Delayed 1 second(s)

2018-06-09 23:56:26 - [TEST_STEP][PASSED] - selectOptionByIndex: All options with index in [1] are selected on object 'Object Repository/DispensaryToStore/Page_Dispensary Store/select_--Select--Schedule 1Inj'

2018-06-09 23:56:27 - [MESSAGE][PASSED] - All options with index in [1] are selected on object 'Object Repository/DispensaryToStore/Page_Dispensary Store/select_--Select--Schedule 1Inj'

2018-06-09 23:56:27 - [TEST_STEP][PASSED] - selectOptionByIndex: All options with index in [21] are selected on object 'Object Repository/DispensaryToStore/Page_Dispensary Store/select_--Select--Adernaline 0.'

2018-06-09 23:56:27 - [MESSAGE][PASSED] - All options with index in [21] are selected on object 'Object Repository/DispensaryToStore/Page_Dispensary Store/select_--Select--Adernaline 0.'

2018-06-09 23:56:27 - [TEST_STEP][PASSED] - setText: Text '10' is set on object 'Object Repository/DispensaryToStore/Page_Dispensary Store/input_txttreat'

2018-06-09 23:56:27 - [MESSAGE][PASSED] - Text '10' is set on object 'Object Repository/DispensaryToStore/Page_Dispensary Store/input_txttreat'

2018-06-09 23:56:27 - [TEST_STEP][PASSED] - doubleClick: Object: 'Object Repository/DispensaryToStore/Page_Dispensary Store/button_Add' is double clicked on

2018-06-09 23:56:27 - [MESSAGE][PASSED] - Object: 'Object Repository/DispensaryToStore/Page_Dispensary Store/button_Add' is double clicked on

2018-06-09 23:56:27 - [TEST_STEP][PASSED] - delay: Delayed 1 second(s)

2018-06-09 23:56:28 - [MESSAGE][PASSED] - Delayed 1 second(s)

2018-06-09 23:56:28 - [TEST_STEP][PASSED] - selectOptionByIndex: All options with index in [1] are selected on object 'Object Repository/DispensaryToStore/Page_Dispensary Store/select_--Select--Schedule 1Inj'

2018-06-09 23:56:28 - [MESSAGE][PASSED] - All options with index in [1] are selected on object 'Object Repository/DispensaryToStore/Page_Dispensary Store/select_--Select--Schedule 1Inj'

2018-06-09 23:56:28 - [TEST_STEP][PASSED] - selectOptionByIndex: All options with index in [22] are selected on object 'Object Repository/DispensaryToStore/Page_Dispensary Store/select_--Select--Adernaline 0.'

2018-06-09 23:56:29 - [MESSAGE][PASSED] - All options with index in [22] are selected on object 'Object Repository/DispensaryToStore/Page_Dispensary Store/select_--Select--Adernaline 0.'

2018-06-09 23:56:29 - [TEST_STEP][PASSED] - setText: Text '10' is set on object 'Object Repository/DispensaryToStore/Page_Dispensary Store/input_txttreat'

2018-06-09 23:56:29 - [MESSAGE][PASSED] - Text '10' is set on object 'Object Repository/DispensaryToStore/Page_Dispensary Store/input_txttreat'

2018-06-09 23:56:29 - [TEST_STEP][PASSED] - doubleClick: Object: 'Object Repository/DispensaryToStore/Page_Dispensary Store/button_Add' is double clicked on

2018-06-09 23:56:29 - [MESSAGE][PASSED] - Object: 'Object Repository/DispensaryToStore/Page_Dispensary Store/button_Add' is double clicked on

2018-06-09 23:56:29 - [TEST_STEP][PASSED] - delay: Delayed 1 second(s)

2018-06-09 23:56:30 - [MESSAGE][PASSED] - Delayed 1 second(s)

2018-06-09 23:56:30 - [TEST_STEP][PASSED] - selectOptionByIndex: All options with index in [1] are selected on object 'Object Repository/DispensaryToStore/Page_Dispensary Store/select_--Select--Schedule 1Inj'

2018-06-09 23:56:30 - [MESSAGE][PASSED] - All options with index in [1] are selected on object 'Object Repository/DispensaryToStore/Page_Dispensary Store/select_--Select--Schedule 1Inj'

2018-06-09 23:56:30 - [TEST_STEP][PASSED] - selectOptionByIndex: All options with index in [23] are selected on object 'Object Repository/DispensaryToStore/Page_Dispensary Store/select_--Select--Adernaline 0.'

2018-06-09 23:56:30 - [MESSAGE][PASSED] - All options with index in [23] are selected on object 'Object Repository/DispensaryToStore/Page_Dispensary Store/select_--Select--Adernaline 0.'

2018-06-09 23:56:30 - [TEST_STEP][PASSED] - setText: Text '10' is set on object 'Object Repository/DispensaryToStore/Page_Dispensary Store/input_txttreat'

2018-06-09 23:56:30 - [MESSAGE][PASSED] - Text '10' is set on object 'Object Repository/DispensaryToStore/Page_Dispensary Store/input_txttreat'

2018-06-09 23:56:30 - [TEST_STEP][PASSED] - doubleClick: Object: 'Object Repository/DispensaryToStore/Page_Dispensary Store/button_Add' is double clicked on

2018-06-09 23:56:31 - [MESSAGE][PASSED] - Object: 'Object Repository/DispensaryToStore/Page_Dispensary Store/button_Add' is double clicked on

2018-06-09 23:56:31 - [TEST_STEP][PASSED] - delay: Delayed 1 second(s)

2018-06-09 23:56:32 - [MESSAGE][PASSED] - Delayed 1 second(s)

2018-06-09 23:56:32 - [TEST_STEP][PASSED] - selectOptionByIndex: All options with index in [1] are selected on object 'Object Repository/DispensaryToStore/Page_Dispensary Store/select_--Select--Schedule 1Inj'

2018-06-09 23:56:32 - [MESSAGE][PASSED] - All options with index in [1] are selected on object 'Object Repository/DispensaryToStore/Page_Dispensary Store/select_--Select--Schedule 1Inj'

2018-06-09 23:56:32 - [TEST_STEP][PASSED] - selectOptionByIndex: All options with index in [24] are selected on object 'Object Repository/DispensaryToStore/Page_Dispensary Store/select_--Select--Adernaline 0.'

2018-06-09 23:56:32 - [MESSAGE][PASSED] - All options with index in [24] are selected on object 'Object Repository/DispensaryToStore/Page_Dispensary Store/select_--Select--Adernaline 0.'

2018-06-09 23:56:32 - [TEST_STEP][PASSED] - setText: Text '10' is set on object 'Object Repository/DispensaryToStore/Page_Dispensary Store/input_txttreat'

2018-06-09 23:56:32 - [MESSAGE][PASSED] - Text '10' is set on object 'Object Repository/DispensaryToStore/Page_Dispensary Store/input_txttreat'

2018-06-09 23:56:32 - [TEST_STEP][PASSED] - doubleClick: Object: 'Object Repository/DispensaryToStore/Page_Dispensary Store/button_Add' is double clicked on

2018-06-09 23:56:32 - [MESSAGE][PASSED] - Object: 'Object Repository/DispensaryToStore/Page_Dispensary Store/button_Add' is double clicked on

2018-06-09 23:56:32 - [TEST_STEP][PASSED] - delay: Delayed 1 second(s)

2018-06-09 23:56:33 - [MESSAGE][PASSED] - Delayed 1 second(s)

2018-06-09 23:56:33 - [TEST_STEP][PASSED] - selectOptionByIndex: All options with index in [1] are selected on object 'Object Repository/DispensaryToStore/Page_Dispensary Store/select_--Select--Schedule 1Inj'

2018-06-09 23:56:33 - [MESSAGE][PASSED] - All options with index in [1] are selected on object 'Object Repository/DispensaryToStore/Page_Dispensary Store/select_--Select--Schedule 1Inj'

2018-06-09 23:56:33 - [TEST_STEP][PASSED] - selectOptionByIndex: All options with index in [25] are selected on object 'Object Repository/DispensaryToStore/Page_Dispensary Store/select_--Select--Adernaline 0.'

2018-06-09 23:56:34 - [MESSAGE][PASSED] - All options with index in [25] are selected on object 'Object Repository/DispensaryToStore/Page_Dispensary Store/select_--Select--Adernaline 0.'

2018-06-09 23:56:34 - [TEST_STEP][PASSED] - setText: Text '10' is set on object 'Object Repository/DispensaryToStore/Page_Dispensary Store/input_txttreat'

2018-06-09 23:56:34 - [MESSAGE][PASSED] - Text '10' is set on object 'Object Repository/DispensaryToStore/Page_Dispensary Store/input_txttreat'

2018-06-09 23:56:34 - [TEST_STEP][PASSED] - doubleClick: Object: 'Object Repository/DispensaryToStore/Page_Dispensary Store/button_Add' is double clicked on

2018-06-09 23:56:34 - [MESSAGE][PASSED] - Object: 'Object Repository/DispensaryToStore/Page_Dispensary Store/button_Add' is double clicked on

2018-06-09 23:56:34 - [TEST_STEP][PASSED] - delay: Delayed 1 second(s)

2018-06-09 23:56:35 - [MESSAGE][PASSED] - Delayed 1 second(s)

2018-06-09 23:56:35 - [TEST_STEP][PASSED] - selectOptionByIndex: All options with index in [1] are selected on object 'Object Repository/DispensaryToStore/Page_Dispensary Store/select_--Select--Schedule 1Inj'

2018-06-09 23:56:35 - [MESSAGE][PASSED] - All options with index in [1] are selected on object 'Object Repository/DispensaryToStore/Page_Dispensary Store/select_--Select--Schedule 1Inj'

2018-06-09 23:56:35 - [TEST_STEP][PASSED] - selectOptionByIndex: All options with index in [26] are selected on object 'Object Repository/DispensaryToStore/Page_Dispensary Store/select_--Select--Adernaline 0.'

2018-06-09 23:56:36 - [MESSAGE][PASSED] - All options with index in [26] are selected on object 'Object Repository/DispensaryToStore/Page_Dispensary Store/select_--Select--Adernaline 0.'

2018-06-09 23:56:36 - [TEST_STEP][PASSED] - setText: Text '10' is set on object 'Object Repository/DispensaryToStore/Page_Dispensary Store/input_txttreat'

2018-06-09 23:56:36 - [MESSAGE][PASSED] - Text '10' is set on object 'Object Repository/DispensaryToStore/Page_Dispensary Store/input_txttreat'

2018-06-09 23:56:36 - [TEST_STEP][PASSED] - doubleClick: Object: 'Object Repository/DispensaryToStore/Page_Dispensary Store/button_Add' is double clicked on

2018-06-09 23:56:36 - [MESSAGE][PASSED] - Object: 'Object Repository/DispensaryToStore/Page_Dispensary Store/button_Add' is double clicked on

2018-06-09 23:56:36 - [TEST_STEP][PASSED] - delay: Delayed 1 second(s)

2018-06-09 23:56:37 - [MESSAGE][PASSED] - Delayed 1 second(s)

2018-06-09 23:56:37 - [TEST_STEP][PASSED] - selectOptionByIndex: All options with index in [1] are selected on object 'Object Repository/DispensaryToStore/Page_Dispensary Store/select_--Select--Schedule 1Inj'

2018-06-09 23:56:37 - [MESSAGE][PASSED] - All options with index in [1] are selected on object 'Object Repository/DispensaryToStore/Page_Dispensary Store/select_--Select--Schedule 1Inj'

2018-06-09 23:56:37 - [TEST_STEP][PASSED] - selectOptionByIndex: All options with index in [27] are selected on object 'Object Repository/DispensaryToStore/Page_Dispensary Store/select_--Select--Adernaline 0.'

2018-06-09 23:56:37 - [MESSAGE][PASSED] - All options with index in [27] are selected on object 'Object Repository/DispensaryToStore/Page_Dispensary Store/select_--Select--Adernaline 0.'

2018-06-09 23:56:37 - [TEST_STEP][PASSED] - setText: Text '10' is set on object 'Object Repository/DispensaryToStore/Page_Dispensary Store/input_txttreat'

2018-06-09 23:56:37 - [MESSAGE][PASSED] - Text '10' is set on object 'Object Repository/DispensaryToStore/Page_Dispensary Store/input_txttreat'

2018-06-09 23:56:37 - [TEST_STEP][PASSED] - doubleClick: Object: 'Object Repository/DispensaryToStore/Page_Dispensary Store/button_Add' is double clicked on

2018-06-09 23:56:38 - [MESSAGE][PASSED] - Object: 'Object Repository/DispensaryToStore/Page_Dispensary Store/button_Add' is double clicked on

2018-06-09 23:56:38 - [TEST_STEP][PASSED] - delay: Delayed 1 second(s)

2018-06-09 23:56:39 - [MESSAGE][PASSED] - Delayed 1 second(s)

2018-06-09 23:56:39 - [TEST_STEP][PASSED] - selectOptionByIndex: All options with index in [1] are selected on object 'Object Repository/DispensaryToStore/Page_Dispensary Store/select_--Select--Schedule 1Inj'

2018-06-09 23:56:39 - [MESSAGE][PASSED] - All options with index in [1] are selected on object 'Object Repository/DispensaryToStore/Page_Dispensary Store/select_--Select--Schedule 1Inj'

2018-06-09 23:56:39 - [TEST_STEP][PASSED] - selectOptionByIndex: All options with index in [28] are selected on object 'Object Repository/DispensaryToStore/Page_Dispensary Store/select_--Select--Adernaline 0.'

2018-06-09 23:56:39 - [MESSAGE][PASSED] - All options with index in [28] are selected on object 'Object Repository/DispensaryToStore/Page_Dispensary Store/select_--Select--Adernaline 0.'

2018-06-09 23:56:39 - [TEST_STEP][PASSED] - setText: Text '10' is set on object 'Object Repository/DispensaryToStore/Page_Dispensary Store/input_txttreat'

2018-06-09 23:56:39 - [MESSAGE][PASSED] - Text '10' is set on object 'Object Repository/DispensaryToStore/Page_Dispensary Store/input_txttreat'

2018-06-09 23:56:39 - [TEST_STEP][PASSED] - doubleClick: Object: 'Object Repository/DispensaryToStore/Page_Dispensary Store/button_Add' is double clicked on

2018-06-09 23:56:39 - [MESSAGE][PASSED] - Object: 'Object Repository/DispensaryToStore/Page_Dispensary Store/button_Add' is double clicked on

2018-06-09 23:56:39 - [TEST_STEP][PASSED] - delay: Delayed 1 second(s)

2018-06-09 23:56:40 - [MESSAGE][PASSED] - Delayed 1 second(s)

2018-06-09 23:56:40 - [TEST_STEP][PASSED] - selectOptionByIndex: All options with index in [1] are selected on object 'Object Repository/DispensaryToStore/Page_Dispensary Store/select_--Select--Schedule 1Inj'

2018-06-09 23:56:40 - [MESSAGE][PASSED] - All options with index in [1] are selected on object 'Object Repository/DispensaryToStore/Page_Dispensary Store/select_--Select--Schedule 1Inj'

2018-06-09 23:56:40 - [TEST_STEP][PASSED] - selectOptionByIndex: All options with index in [29] are selected on object 'Object Repository/DispensaryToStore/Page_Dispensary Store/select_--Select--Adernaline 0.'

2018-06-09 23:56:41 - [MESSAGE][PASSED] - All options with index in [29] are selected on object 'Object Repository/DispensaryToStore/Page_Dispensary Store/select_--Select--Adernaline 0.'

2018-06-09 23:56:41 - [TEST_STEP][PASSED] - setText: Text '10' is set on object 'Object Repository/DispensaryToStore/Page_Dispensary Store/input_txttreat'

2018-06-09 23:56:41 - [MESSAGE][PASSED] - Text '10' is set on object 'Object Repository/DispensaryToStore/Page_Dispensary Store/input_txttreat'

2018-06-09 23:56:41 - [TEST_STEP][PASSED] - doubleClick: Object: 'Object Repository/DispensaryToStore/Page_Dispensary Store/button_Add' is double clicked on

2018-06-09 23:56:41 - [MESSAGE][PASSED] - Object: 'Object Repository/DispensaryToStore/Page_Dispensary Store/button_Add' is double clicked on

2018-06-09 23:56:41 - [TEST_STEP][PASSED] - delay: Delayed 1 second(s)

2018-06-09 23:56:42 - [MESSAGE][PASSED] - Delayed 1 second(s)

2018-06-09 23:56:42 - [TEST_STEP][PASSED] - selectOptionByIndex: All options with index in [1] are selected on object 'Object Repository/DispensaryToStore/Page_Dispensary Store/select_--Select--Schedule 1Inj'

2018-06-09 23:56:42 - [MESSAGE][PASSED] - All options with index in [1] are selected on object 'Object Repository/DispensaryToStore/Page_Dispensary Store/select_--Select--Schedule 1Inj'

2018-06-09 23:56:42 - [TEST_STEP][PASSED] - selectOptionByIndex: All options with index in [30] are selected on object 'Object Repository/DispensaryToStore/Page_Dispensary Store/select_--Select--Adernaline 0.'

2018-06-09 23:56:43 - [MESSAGE][PASSED] - All options with index in [30] are selected on object 'Object Repository/DispensaryToStore/Page_Dispensary Store/select_--Select--Adernaline 0.'

2018-06-09 23:56:43 - [TEST_STEP][PASSED] - setText: Text '10' is set on object 'Object Repository/DispensaryToStore/Page_Dispensary Store/input_txttreat'

2018-06-09 23:56:43 - [MESSAGE][PASSED] - Text '10' is set on object 'Object Repository/DispensaryToStore/Page_Dispensary Store/input_txttreat'

2018-06-09 23:56:43 - [TEST_STEP][PASSED] - doubleClick: Object: 'Object Repository/DispensaryToStore/Page_Dispensary Store/button_Add' is double clicked on

2018-06-09 23:56:43 - [MESSAGE][PASSED] - Object: 'Object Repository/DispensaryToStore/Page_Dispensary Store/button_Add' is double clicked on

2018-06-09 23:56:43 - [TEST_STEP][PASSED] - delay: Delayed 1 second(s)

2018-06-09 23:56:44 - [MESSAGE][PASSED] - Delayed 1 second(s)

2018-06-09 23:56:44 - [TEST_STEP][PASSED] - selectOptionByIndex: All options with index in [1] are selected on object 'Object Repository/DispensaryToStore/Page_Dispensary Store/select_--Select--Schedule 1Inj'

2018-06-09 23:56:44 - [MESSAGE][PASSED] - All options with index in [1] are selected on object 'Object Repository/DispensaryToStore/Page_Dispensary Store/select_--Select--Schedule 1Inj'

2018-06-09 23:56:44 - [TEST_STEP][PASSED] - selectOptionByIndex: All options with index in [31] are selected on object 'Object Repository/DispensaryToStore/Page_Dispensary Store/select_--Select--Adernaline 0.'

2018-06-09 23:56:44 - [MESSAGE][PASSED] - All options with index in [31] are selected on object 'Object Repository/DispensaryToStore/Page_Dispensary Store/select_--Select--Adernaline 0.'

2018-06-09 23:56:44 - [TEST_STEP][PASSED] - setText: Text '10' is set on object 'Object Repository/DispensaryToStore/Page_Dispensary Store/input_txttreat'

2018-06-09 23:56:45 - [MESSAGE][PASSED] - Text '10' is set on object 'Object Repository/DispensaryToStore/Page_Dispensary Store/input_txttreat'

2018-06-09 23:56:45 - [TEST_STEP][PASSED] - doubleClick: Object: 'Object Repository/DispensaryToStore/Page_Dispensary Store/button_Add' is double clicked on

2018-06-09 23:56:45 - [MESSAGE][PASSED] - Object: 'Object Repository/DispensaryToStore/Page_Dispensary Store/button_Add' is double clicked on

2018-06-09 23:56:45 - [TEST_STEP][PASSED] - delay: Delayed 1 second(s)

2018-06-09 23:56:46 - [MESSAGE][PASSED] - Delayed 1 second(s)

2018-06-09 23:56:46 - [TEST_STEP][PASSED] - selectOptionByIndex: All options with index in [1] are selected on object 'Object Repository/DispensaryToStore/Page_Dispensary Store/select_--Select--Schedule 1Inj'

2018-06-09 23:56:46 - [MESSAGE][PASSED] - All options with index in [1] are selected on object 'Object Repository/DispensaryToStore/Page_Dispensary Store/select_--Select--Schedule 1Inj'

2018-06-09 23:56:46 - [TEST_STEP][PASSED] - selectOptionByIndex: All options with index in [32] are selected on object 'Object Repository/DispensaryToStore/Page_Dispensary Store/select_--Select--Adernaline 0.'

2018-06-09 23:56:46 - [MESSAGE][PASSED] - All options with index in [32] are selected on object 'Object Repository/DispensaryToStore/Page_Dispensary Store/select_--Select--Adernaline 0.'

2018-06-09 23:56:46 - [TEST_STEP][PASSED] - setText: Text '10' is set on object 'Object Repository/DispensaryToStore/Page_Dispensary Store/input_txttreat'

2018-06-09 23:56:46 - [MESSAGE][PASSED] - Text '10' is set on object 'Object Repository/DispensaryToStore/Page_Dispensary Store/input_txttreat'

2018-06-09 23:56:46 - [TEST_STEP][PASSED] - doubleClick: Object: 'Object Repository/DispensaryToStore/Page_Dispensary Store/button_Add' is double clicked on

2018-06-09 23:56:46 - [MESSAGE][PASSED] - Object: 'Object Repository/DispensaryToStore/Page_Dispensary Store/button_Add' is double clicked on

2018-06-09 23:56:46 - [TEST_STEP][PASSED] - delay: Delayed 1 second(s)

2018-06-09 23:56:47 - [MESSAGE][PASSED] - Delayed 1 second(s)

2018-06-09 23:56:47 - [TEST_STEP][PASSED] - selectOptionByIndex: All options with index in [1] are selected on object 'Object Repository/DispensaryToStore/Page_Dispensary Store/select_--Select--Schedule 1Inj'

2018-06-09 23:56:48 - [MESSAGE][PASSED] - All options with index in [1] are selected on object 'Object Repository/DispensaryToStore/Page_Dispensary Store/select_--Select--Schedule 1Inj'

2018-06-09 23:56:48 - [TEST_STEP][PASSED] - selectOptionByIndex: All options with index in [33] are selected on object 'Object Repository/DispensaryToStore/Page_Dispensary Store/select_--Select--Adernaline 0.'

2018-06-09 23:56:48 - [MESSAGE][PASSED] - All options with index in [33] are selected on object 'Object Repository/DispensaryToStore/Page_Dispensary Store/select_--Select--Adernaline 0.'

2018-06-09 23:56:48 - [TEST_STEP][PASSED] - setText: Text '10' is set on object 'Object Repository/DispensaryToStore/Page_Dispensary Store/input_txttreat'

2018-06-09 23:56:48 - [MESSAGE][PASSED] - Text '10' is set on object 'Object Repository/DispensaryToStore/Page_Dispensary Store/input_txttreat'

2018-06-09 23:56:48 - [TEST_STEP][PASSED] - doubleClick: Object: 'Object Repository/DispensaryToStore/Page_Dispensary Store/button_Add' is double clicked on

2018-06-09 23:56:48 - [MESSAGE][PASSED] - Object: 'Object Repository/DispensaryToStore/Page_Dispensary Store/button_Add' is double clicked on

2018-06-09 23:56:48 - [TEST_STEP][PASSED] - delay: Delayed 1 second(s)

2018-06-09 23:56:49 - [MESSAGE][PASSED] - Delayed 1 second(s)

2018-06-09 23:56:49 - [TEST_STEP][PASSED] - selectOptionByIndex: All options with index in [1] are selected on object 'Object Repository/DispensaryToStore/Page_Dispensary Store/select_--Select--Schedule 1Inj'

2018-06-09 23:56:49 - [MESSAGE][PASSED] - All options with index in [1] are selected on object 'Object Repository/DispensaryToStore/Page_Dispensary Store/select_--Select--Schedule 1Inj'

2018-06-09 23:56:49 - [TEST_STEP][PASSED] - selectOptionByIndex: All options with index in [34] are selected on object 'Object Repository/DispensaryToStore/Page_Dispensary Store/select_--Select--Adernaline 0.'

2018-06-09 23:56:50 - [MESSAGE][PASSED] - All options with index in [34] are selected on object 'Object Repository/DispensaryToStore/Page_Dispensary Store/select_--Select--Adernaline 0.'

2018-06-09 23:56:50 - [TEST_STEP][PASSED] - setText: Text '10' is set on object 'Object Repository/DispensaryToStore/Page_Dispensary Store/input_txttreat'

2018-06-09 23:56:50 - [MESSAGE][PASSED] - Text '10' is set on object 'Object Repository/DispensaryToStore/Page_Dispensary Store/input_txttreat'

2018-06-09 23:56:50 - [TEST_STEP][PASSED] - doubleClick: Object: 'Object Repository/DispensaryToStore/Page_Dispensary Store/button_Add' is double clicked on

2018-06-09 23:56:50 - [MESSAGE][PASSED] - Object: 'Object Repository/DispensaryToStore/Page_Dispensary Store/button_Add' is double clicked on

2018-06-09 23:56:50 - [TEST_STEP][PASSED] - delay: Delayed 1 second(s)

2018-06-09 23:56:51 - [MESSAGE][PASSED] - Delayed 1 second(s)

2018-06-09 23:56:51 - [TEST_STEP][PASSED] - selectOptionByIndex: All options with index in [1] are selected on object 'Object Repository/DispensaryToStore/Page_Dispensary Store/select_--Select--Schedule 1Inj'

2018-06-09 23:56:51 - [MESSAGE][PASSED] - All options with index in [1] are selected on object 'Object Repository/DispensaryToStore/Page_Dispensary Store/select_--Select--Schedule 1Inj'

2018-06-09 23:56:51 - [TEST_STEP][PASSED] - selectOptionByIndex: All options with index in [35] are selected on object 'Object Repository/DispensaryToStore/Page_Dispensary Store/select_--Select--Adernaline 0.'

2018-06-09 23:56:52 - [MESSAGE][PASSED] - All options with index in [35] are selected on object 'Object Repository/DispensaryToStore/Page_Dispensary Store/select_--Select--Adernaline 0.'

2018-06-09 23:56:52 - [TEST_STEP][PASSED] - setText: Text '10' is set on object 'Object Repository/DispensaryToStore/Page_Dispensary Store/input_txttreat'

2018-06-09 23:56:52 - [MESSAGE][PASSED] - Text '10' is set on object 'Object Repository/DispensaryToStore/Page_Dispensary Store/input_txttreat'

2018-06-09 23:56:52 - [TEST_STEP][PASSED] - doubleClick: Object: 'Object Repository/DispensaryToStore/Page_Dispensary Store/button_Add' is double clicked on

2018-06-09 23:56:52 - [MESSAGE][PASSED] - Object: 'Object Repository/DispensaryToStore/Page_Dispensary Store/button_Add' is double clicked on

2018-06-09 23:56:52 - [TEST_STEP][PASSED] - delay: Delayed 1 second(s)

2018-06-09 23:56:53 - [MESSAGE][PASSED] - Delayed 1 second(s)

2018-06-09 23:56:53 - [TEST_STEP][PASSED] - selectOptionByIndex: All options with index in [1] are selected on object 'Object Repository/DispensaryToStore/Page_Dispensary Store/select_--Select--Schedule 1Inj'

2018-06-09 23:56:53 - [MESSAGE][PASSED] - All options with index in [1] are selected on object 'Object Repository/DispensaryToStore/Page_Dispensary Store/select_--Select--Schedule 1Inj'

2018-06-09 23:56:53 - [TEST_STEP][PASSED] - selectOptionByIndex: All options with index in [36] are selected on object 'Object Repository/DispensaryToStore/Page_Dispensary Store/select_--Select--Adernaline 0.'

2018-06-09 23:56:53 - [MESSAGE][PASSED] - All options with index in [36] are selected on object 'Object Repository/DispensaryToStore/Page_Dispensary Store/select_--Select--Adernaline 0.'

2018-06-09 23:56:53 - [TEST_STEP][PASSED] - setText: Text '10' is set on object 'Object Repository/DispensaryToStore/Page_Dispensary Store/input_txttreat'

2018-06-09 23:56:54 - [MESSAGE][PASSED] - Text '10' is set on object 'Object Repository/DispensaryToStore/Page_Dispensary Store/input_txttreat'

2018-06-09 23:56:54 - [TEST_STEP][PASSED] - doubleClick: Object: 'Object Repository/DispensaryToStore/Page_Dispensary Store/button_Add' is double clicked on

2018-06-09 23:56:54 - [MESSAGE][PASSED] - Object: 'Object Repository/DispensaryToStore/Page_Dispensary Store/button_Add' is double clicked on

2018-06-09 23:56:54 - [TEST_STEP][PASSED] - delay: Delayed 1 second(s)

2018-06-09 23:56:55 - [MESSAGE][PASSED] - Delayed 1 second(s)

2018-06-09 23:56:55 - [TEST_STEP][PASSED] - selectOptionByIndex: All options with index in [1] are selected on object 'Object Repository/DispensaryToStore/Page_Dispensary Store/select_--Select--Schedule 1Inj'

2018-06-09 23:56:55 - [MESSAGE][PASSED] - All options with index in [1] are selected on object 'Object Repository/DispensaryToStore/Page_Dispensary Store/select_--Select--Schedule 1Inj'

2018-06-09 23:56:55 - [TEST_STEP][PASSED] - selectOptionByIndex: All options with index in [37] are selected on object 'Object Repository/DispensaryToStore/Page_Dispensary Store/select_--Select--Adernaline 0.'

2018-06-09 23:56:55 - [MESSAGE][PASSED] - All options with index in [37] are selected on object 'Object Repository/DispensaryToStore/Page_Dispensary Store/select_--Select--Adernaline 0.'

2018-06-09 23:56:55 - [TEST_STEP][PASSED] - setText: Text '10' is set on object 'Object Repository/DispensaryToStore/Page_Dispensary Store/input_txttreat'

2018-06-09 23:56:55 - [MESSAGE][PASSED] - Text '10' is set on object 'Object Repository/DispensaryToStore/Page_Dispensary Store/input_txttreat'

2018-06-09 23:56:55 - [TEST_STEP][PASSED] - doubleClick: Object: 'Object Repository/DispensaryToStore/Page_Dispensary Store/button_Add' is double clicked on

2018-06-09 23:56:55 - [MESSAGE][PASSED] - Object: 'Object Repository/DispensaryToStore/Page_Dispensary Store/button_Add' is double clicked on

2018-06-09 23:56:55 - [TEST_STEP][PASSED] - delay: Delayed 1 second(s)

2018-06-09 23:56:56 - [MESSAGE][PASSED] - Delayed 1 second(s)

2018-06-09 23:56:56 - [TEST_STEP][PASSED] - selectOptionByIndex: All options with index in [1] are selected on object 'Object Repository/DispensaryToStore/Page_Dispensary Store/select_--Select--Schedule 1Inj'

2018-06-09 23:56:57 - [MESSAGE][PASSED] - All options with index in [1] are selected on object 'Object Repository/DispensaryToStore/Page_Dispensary Store/select_--Select--Schedule 1Inj'

2018-06-09 23:56:57 - [TEST_STEP][PASSED] - selectOptionByIndex: All options with index in [38] are selected on object 'Object Repository/DispensaryToStore/Page_Dispensary Store/select_--Select--Adernaline 0.'

2018-06-09 23:56:57 - [MESSAGE][PASSED] - All options with index in [38] are selected on object 'Object Repository/DispensaryToStore/Page_Dispensary Store/select_--Select--Adernaline 0.'

2018-06-09 23:56:57 - [TEST_STEP][PASSED] - setText: Text '10' is set on object 'Object Repository/DispensaryToStore/Page_Dispensary Store/input_txttreat'

2018-06-09 23:56:57 - [MESSAGE][PASSED] - Text '10' is set on object 'Object Repository/DispensaryToStore/Page_Dispensary Store/input_txttreat'

2018-06-09 23:56:57 - [TEST_STEP][PASSED] - doubleClick: Object: 'Object Repository/DispensaryToStore/Page_Dispensary Store/button_Add' is double clicked on

2018-06-09 23:56:57 - [MESSAGE][PASSED] - Object: 'Object Repository/DispensaryToStore/Page_Dispensary Store/button_Add' is double clicked on

2018-06-09 23:56:57 - [TEST_STEP][PASSED] - delay: Delayed 1 second(s)

2018-06-09 23:56:58 - [MESSAGE][PASSED] - Delayed 1 second(s)

2018-06-09 23:56:58 - [TEST_STEP][PASSED] - selectOptionByIndex: All options with index in [1] are selected on object 'Object Repository/DispensaryToStore/Page_Dispensary Store/select_--Select--Schedule 1Inj'

2018-06-09 23:56:58 - [MESSAGE][PASSED] - All options with index in [1] are selected on object 'Object Repository/DispensaryToStore/Page_Dispensary Store/select_--Select--Schedule 1Inj'

2018-06-09 23:56:58 - [TEST_STEP][PASSED] - selectOptionByIndex: All options with index in [39] are selected on object 'Object Repository/DispensaryToStore/Page_Dispensary Store/select_--Select--Adernaline 0.'

2018-06-09 23:56:59 - [MESSAGE][PASSED] - All options with index in [39] are selected on object 'Object Repository/DispensaryToStore/Page_Dispensary Store/select_--Select--Adernaline 0.'

2018-06-09 23:56:59 - [TEST_STEP][PASSED] - setText: Text '10' is set on object 'Object Repository/DispensaryToStore/Page_Dispensary Store/input_txttreat'

2018-06-09 23:56:59 - [MESSAGE][PASSED] - Text '10' is set on object 'Object Repository/DispensaryToStore/Page_Dispensary Store/input_txttreat'

2018-06-09 23:56:59 - [TEST_STEP][PASSED] - doubleClick: Object: 'Object Repository/DispensaryToStore/Page_Dispensary Store/button_Add' is double clicked on

2018-06-09 23:56:59 - [MESSAGE][PASSED] - Object: 'Object Repository/DispensaryToStore/Page_Dispensary Store/button_Add' is double clicked on

2018-06-09 23:56:59 - [TEST_STEP][PASSED] - delay: Delayed 1 second(s)

2018-06-09 23:57:00 - [MESSAGE][PASSED] - Delayed 1 second(s)

2018-06-09 23:57:00 - [TEST_STEP][PASSED] - selectOptionByIndex: All options with index in [1] are selected on object 'Object Repository/DispensaryToStore/Page_Dispensary Store/select_--Select--Schedule 1Inj'

2018-06-09 23:57:00 - [MESSAGE][PASSED] - All options with index in [1] are selected on object 'Object Repository/DispensaryToStore/Page_Dispensary Store/select_--Select--Schedule 1Inj'

2018-06-09 23:57:00 - [TEST_STEP][PASSED] - selectOptionByIndex: All options with index in [40] are selected on object 'Object Repository/DispensaryToStore/Page_Dispensary Store/select_--Select--Adernaline 0.'

2018-06-09 23:57:01 - [MESSAGE][PASSED] - All options with index in [40] are selected on object 'Object Repository/DispensaryToStore/Page_Dispensary Store/select_--Select--Adernaline 0.'

2018-06-09 23:57:01 - [TEST_STEP][PASSED] - setText: Text '10' is set on object 'Object Repository/DispensaryToStore/Page_Dispensary Store/input_txttreat'

2018-06-09 23:57:01 - [MESSAGE][PASSED] - Text '10' is set on object 'Object Repository/DispensaryToStore/Page_Dispensary Store/input_txttreat'

2018-06-09 23:57:01 - [TEST_STEP][PASSED] - doubleClick: Object: 'Object Repository/DispensaryToStore/Page_Dispensary Store/button_Add' is double clicked on

2018-06-09 23:57:01 - [MESSAGE][PASSED] - Object: 'Object Repository/DispensaryToStore/Page_Dispensary Store/button_Add' is double clicked on

2018-06-09 23:57:01 - [TEST_STEP][PASSED] - delay: Delayed 1 second(s)

2018-06-09 23:57:02 - [MESSAGE][PASSED] - Delayed 1 second(s)

2018-06-09 23:57:02 - [TEST_STEP][PASSED] - selectOptionByIndex: All options with index in [1] are selected on object 'Object Repository/DispensaryToStore/Page_Dispensary Store/select_--Select--Schedule 1Inj'

2018-06-09 23:57:02 - [MESSAGE][PASSED] - All options with index in [1] are selected on object 'Object Repository/DispensaryToStore/Page_Dispensary Store/select_--Select--Schedule 1Inj'

2018-06-09 23:57:02 - [TEST_STEP][PASSED] - selectOptionByIndex: All options with index in [41] are selected on object 'Object Repository/DispensaryToStore/Page_Dispensary Store/select_--Select--Adernaline 0.'

2018-06-09 23:57:03 - [MESSAGE][PASSED] - All options with index in [41] are selected on object 'Object Repository/DispensaryToStore/Page_Dispensary Store/select_--Select--Adernaline 0.'

2018-06-09 23:57:03 - [TEST_STEP][PASSED] - setText: Text '10' is set on object 'Object Repository/DispensaryToStore/Page_Dispensary Store/input_txttreat'

2018-06-09 23:57:03 - [MESSAGE][PASSED] - Text '10' is set on object 'Object Repository/DispensaryToStore/Page_Dispensary Store/input_txttreat'

2018-06-09 23:57:03 - [TEST_STEP][PASSED] - doubleClick: Object: 'Object Repository/DispensaryToStore/Page_Dispensary Store/button_Add' is double clicked on

2018-06-09 23:57:03 - [MESSAGE][PASSED] - Object: 'Object Repository/DispensaryToStore/Page_Dispensary Store/button_Add' is double clicked on

2018-06-09 23:57:03 - [TEST_STEP][PASSED] - delay: Delayed 1 second(s)

2018-06-09 23:57:04 - [MESSAGE][PASSED] - Delayed 1 second(s)

2018-06-09 23:57:04 - [TEST_STEP][PASSED] - selectOptionByIndex: All options with index in [1] are selected on object 'Object Repository/DispensaryToStore/Page_Dispensary Store/select_--Select--Schedule 1Inj'

2018-06-09 23:57:04 - [MESSAGE][PASSED] - All options with index in [1] are selected on object 'Object Repository/DispensaryToStore/Page_Dispensary Store/select_--Select--Schedule 1Inj'

2018-06-09 23:57:04 - [TEST_STEP][PASSED] - selectOptionByIndex: All options with index in [42] are selected on object 'Object Repository/DispensaryToStore/Page_Dispensary Store/select_--Select--Adernaline 0.'

2018-06-09 23:57:05 - [MESSAGE][PASSED] - All options with index in [42] are selected on object 'Object Repository/DispensaryToStore/Page_Dispensary Store/select_--Select--Adernaline 0.'

2018-06-09 23:57:05 - [TEST_STEP][PASSED] - setText: Text '10' is set on object 'Object Repository/DispensaryToStore/Page_Dispensary Store/input_txttreat'

2018-06-09 23:57:05 - [MESSAGE][PASSED] - Text '10' is set on object 'Object Repository/DispensaryToStore/Page_Dispensary Store/input_txttreat'

2018-06-09 23:57:05 - [TEST_STEP][PASSED] - doubleClick: Object: 'Object Repository/DispensaryToStore/Page_Dispensary Store/button_Add' is double clicked on

2018-06-09 23:57:05 - [MESSAGE][PASSED] - Object: 'Object Repository/DispensaryToStore/Page_Dispensary Store/button_Add' is double clicked on

2018-06-09 23:57:05 - [TEST_STEP][PASSED] - delay: Delayed 1 second(s)

2018-06-09 23:57:06 - [MESSAGE][PASSED] - Delayed 1 second(s)

2018-06-09 23:57:06 - [TEST_STEP][PASSED] - selectOptionByIndex: All options with index in [1] are selected on object 'Object Repository/DispensaryToStore/Page_Dispensary Store/select_--Select--Schedule 1Inj'

2018-06-09 23:57:06 - [MESSAGE][PASSED] - All options with index in [1] are selected on object 'Object Repository/DispensaryToStore/Page_Dispensary Store/select_--Select--Schedule 1Inj'

2018-06-09 23:57:06 - [TEST_STEP][PASSED] - selectOptionByIndex: All options with index in [43] are selected on object 'Object Repository/DispensaryToStore/Page_Dispensary Store/select_--Select--Adernaline 0.'

2018-06-09 23:57:07 - [MESSAGE][PASSED] - All options with index in [43] are selected on object 'Object Repository/DispensaryToStore/Page_Dispensary Store/select_--Select--Adernaline 0.'

2018-06-09 23:57:07 - [TEST_STEP][PASSED] - setText: Text '10' is set on object 'Object Repository/DispensaryToStore/Page_Dispensary Store/input_txttreat'

2018-06-09 23:57:07 - [MESSAGE][PASSED] - Text '10' is set on object 'Object Repository/DispensaryToStore/Page_Dispensary Store/input_txttreat'

2018-06-09 23:57:07 - [TEST_STEP][PASSED] - doubleClick: Object: 'Object Repository/DispensaryToStore/Page_Dispensary Store/button_Add' is double clicked on

2018-06-09 23:57:07 - [MESSAGE][PASSED] - Object: 'Object Repository/DispensaryToStore/Page_Dispensary Store/button_Add' is double clicked on

2018-06-09 23:57:07 - [TEST_STEP][PASSED] - delay: Delayed 1 second(s)

2018-06-09 23:57:08 - [MESSAGE][PASSED] - Delayed 1 second(s)

2018-06-09 23:57:08 - [TEST_STEP][PASSED] - selectOptionByIndex: All options with index in [1] are selected on object 'Object Repository/DispensaryToStore/Page_Dispensary Store/select_--Select--Schedule 1Inj'

2018-06-09 23:57:08 - [MESSAGE][PASSED] - All options with index in [1] are selected on object 'Object Repository/DispensaryToStore/Page_Dispensary Store/select_--Select--Schedule 1Inj'

2018-06-09 23:57:08 - [TEST_STEP][PASSED] - selectOptionByIndex: All options with index in [44] are selected on object 'Object Repository/DispensaryToStore/Page_Dispensary Store/select_--Select--Adernaline 0.'

2018-06-09 23:57:08 - [MESSAGE][PASSED] - All options with index in [44] are selected on object 'Object Repository/DispensaryToStore/Page_Dispensary Store/select_--Select--Adernaline 0.'

2018-06-09 23:57:08 - [TEST_STEP][PASSED] - setText: Text '10' is set on object 'Object Repository/DispensaryToStore/Page_Dispensary Store/input_txttreat'

2018-06-09 23:57:08 - [MESSAGE][PASSED] - Text '10' is set on object 'Object Repository/DispensaryToStore/Page_Dispensary Store/input_txttreat'

2018-06-09 23:57:08 - [TEST_STEP][PASSED] - doubleClick: Object: 'Object Repository/DispensaryToStore/Page_Dispensary Store/button_Add' is double clicked on

2018-06-09 23:57:09 - [MESSAGE][PASSED] - Object: 'Object Repository/DispensaryToStore/Page_Dispensary Store/button_Add' is double clicked on

2018-06-09 23:57:09 - [TEST_STEP][PASSED] - delay: Delayed 1 second(s)

2018-06-09 23:57:10 - [MESSAGE][PASSED] - Delayed 1 second(s)

2018-06-09 23:57:10 - [TEST_STEP][PASSED] - selectOptionByIndex: All options with index in [1] are selected on object 'Object Repository/DispensaryToStore/Page_Dispensary Store/select_--Select--Schedule 1Inj'

2018-06-09 23:57:10 - [MESSAGE][PASSED] - All options with index in [1] are selected on object 'Object Repository/DispensaryToStore/Page_Dispensary Store/select_--Select--Schedule 1Inj'

2018-06-09 23:57:10 - [TEST_STEP][PASSED] - selectOptionByIndex: All options with index in [45] are selected on object 'Object Repository/DispensaryToStore/Page_Dispensary Store/select_--Select--Adernaline 0.'

2018-06-09 23:57:10 - [MESSAGE][PASSED] - All options with index in [45] are selected on object 'Object Repository/DispensaryToStore/Page_Dispensary Store/select_--Select--Adernaline 0.'

2018-06-09 23:57:10 - [TEST_STEP][PASSED] - setText: Text '10' is set on object 'Object Repository/DispensaryToStore/Page_Dispensary Store/input_txttreat'

2018-06-09 23:57:10 - [MESSAGE][PASSED] - Text '10' is set on object 'Object Repository/DispensaryToStore/Page_Dispensary Store/input_txttreat'

2018-06-09 23:57:10 - [TEST_STEP][PASSED] - doubleClick: Object: 'Object Repository/DispensaryToStore/Page_Dispensary Store/button_Add' is double clicked on

2018-06-09 23:57:11 - [MESSAGE][PASSED] - Object: 'Object Repository/DispensaryToStore/Page_Dispensary Store/button_Add' is double clicked on

2018-06-09 23:57:11 - [TEST_STEP][PASSED] - delay: Delayed 1 second(s)

2018-06-09 23:57:12 - [MESSAGE][PASSED] - Delayed 1 second(s)

2018-06-09 23:57:12 - [TEST_STEP][PASSED] - selectOptionByIndex: All options with index in [1] are selected on object 'Object Repository/DispensaryToStore/Page_Dispensary Store/select_--Select--Schedule 1Inj'

2018-06-09 23:57:12 - [MESSAGE][PASSED] - All options with index in [1] are selected on object 'Object Repository/DispensaryToStore/Page_Dispensary Store/select_--Select--Schedule 1Inj'

2018-06-09 23:57:12 - [TEST_STEP][PASSED] - selectOptionByIndex: All options with index in [46] are selected on object 'Object Repository/DispensaryToStore/Page_Dispensary Store/select_--Select--Adernaline 0.'

2018-06-09 23:57:12 - [MESSAGE][PASSED] - All options with index in [46] are selected on object 'Object Repository/DispensaryToStore/Page_Dispensary Store/select_--Select--Adernaline 0.'

2018-06-09 23:57:12 - [TEST_STEP][PASSED] - setText: Text '10' is set on object 'Object Repository/DispensaryToStore/Page_Dispensary Store/input_txttreat'

2018-06-09 23:57:12 - [MESSAGE][PASSED] - Text '10' is set on object 'Object Repository/DispensaryToStore/Page_Dispensary Store/input_txttreat'

2018-06-09 23:57:12 - [TEST_STEP][PASSED] - doubleClick: Object: 'Object Repository/DispensaryToStore/Page_Dispensary Store/button_Add' is double clicked on

2018-06-09 23:57:12 - [MESSAGE][PASSED] - Object: 'Object Repository/DispensaryToStore/Page_Dispensary Store/button_Add' is double clicked on

2018-06-09 23:57:12 - [TEST_STEP][PASSED] - delay: Delayed 1 second(s)

2018-06-09 23:57:13 - [MESSAGE][PASSED] - Delayed 1 second(s)

2018-06-09 23:57:13 - [TEST_STEP][PASSED] - selectOptionByIndex: All options with index in [1] are selected on object 'Object Repository/DispensaryToStore/Page_Dispensary Store/select_--Select--Schedule 1Inj'

2018-06-09 23:57:14 - [MESSAGE][PASSED] - All options with index in [1] are selected on object 'Object Repository/DispensaryToStore/Page_Dispensary Store/select_--Select--Schedule 1Inj'

2018-06-09 23:57:14 - [TEST_STEP][PASSED] - selectOptionByIndex: All options with index in [47] are selected on object 'Object Repository/DispensaryToStore/Page_Dispensary Store/select_--Select--Adernaline 0.'

2018-06-09 23:57:14 - [MESSAGE][PASSED] - All options with index in [47] are selected on object 'Object Repository/DispensaryToStore/Page_Dispensary Store/select_--Select--Adernaline 0.'

2018-06-09 23:57:14 - [TEST_STEP][PASSED] - setText: Text '10' is set on object 'Object Repository/DispensaryToStore/Page_Dispensary Store/input_txttreat'

2018-06-09 23:57:14 - [MESSAGE][PASSED] - Text '10' is set on object 'Object Repository/DispensaryToStore/Page_Dispensary Store/input_txttreat'

2018-06-09 23:57:14 - [TEST_STEP][PASSED] - doubleClick: Object: 'Object Repository/DispensaryToStore/Page_Dispensary Store/button_Add' is double clicked on

2018-06-09 23:57:14 - [MESSAGE][PASSED] - Object: 'Object Repository/DispensaryToStore/Page_Dispensary Store/button_Add' is double clicked on

2018-06-09 23:57:14 - [TEST_STEP][PASSED] - delay: Delayed 1 second(s)

2018-06-09 23:57:15 - [MESSAGE][PASSED] - Delayed 1 second(s)

2018-06-09 23:57:15 - [TEST_STEP][PASSED] - selectOptionByIndex: All options with index in [1] are selected on object 'Object Repository/DispensaryToStore/Page_Dispensary Store/select_--Select--Schedule 1Inj'

2018-06-09 23:57:16 - [MESSAGE][PASSED] - All options with index in [1] are selected on object 'Object Repository/DispensaryToStore/Page_Dispensary Store/select_--Select--Schedule 1Inj'

2018-06-09 23:57:16 - [TEST_STEP][PASSED] - selectOptionByIndex: All options with index in [48] are selected on object 'Object Repository/DispensaryToStore/Page_Dispensary Store/select_--Select--Adernaline 0.'

2018-06-09 23:57:16 - [MESSAGE][PASSED] - All options with index in [48] are selected on object 'Object Repository/DispensaryToStore/Page_Dispensary Store/select_--Select--Adernaline 0.'

2018-06-09 23:57:16 - [TEST_STEP][PASSED] - setText: Text '10' is set on object 'Object Repository/DispensaryToStore/Page_Dispensary Store/input_txttreat'

2018-06-09 23:57:16 - [MESSAGE][PASSED] - Text '10' is set on object 'Object Repository/DispensaryToStore/Page_Dispensary Store/input_txttreat'

2018-06-09 23:57:16 - [TEST_STEP][PASSED] - doubleClick: Object: 'Object Repository/DispensaryToStore/Page_Dispensary Store/button_Add' is double clicked on

2018-06-09 23:57:16 - [MESSAGE][PASSED] - Object: 'Object Repository/DispensaryToStore/Page_Dispensary Store/button_Add' is double clicked on

2018-06-09 23:57:16 - [TEST_STEP][PASSED] - delay: Delayed 1 second(s)

2018-06-09 23:57:17 - [MESSAGE][PASSED] - Delayed 1 second(s)

2018-06-09 23:57:17 - [TEST_STEP][PASSED] - selectOptionByIndex: All options with index in [1] are selected on object 'Object Repository/DispensaryToStore/Page_Dispensary Store/select_--Select--Schedule 1Inj'

2018-06-09 23:57:17 - [MESSAGE][PASSED] - All options with index in [1] are selected on object 'Object Repository/DispensaryToStore/Page_Dispensary Store/select_--Select--Schedule 1Inj'

2018-06-09 23:57:17 - [TEST_STEP][PASSED] - selectOptionByIndex: All options with index in [49] are selected on object 'Object Repository/DispensaryToStore/Page_Dispensary Store/select_--Select--Adernaline 0.'

2018-06-09 23:57:18 - [MESSAGE][PASSED] - All options with index in [49] are selected on object 'Object Repository/DispensaryToStore/Page_Dispensary Store/select_--Select--Adernaline 0.'

2018-06-09 23:57:18 - [TEST_STEP][PASSED] - setText: Text '10' is set on object 'Object Repository/DispensaryToStore/Page_Dispensary Store/input_txttreat'

2018-06-09 23:57:18 - [MESSAGE][PASSED] - Text '10' is set on object 'Object Repository/DispensaryToStore/Page_Dispensary Store/input_txttreat'

2018-06-09 23:57:18 - [TEST_STEP][PASSED] - doubleClick: Object: 'Object Repository/DispensaryToStore/Page_Dispensary Store/button_Add' is double clicked on

2018-06-09 23:57:18 - [MESSAGE][PASSED] - Object: 'Object Repository/DispensaryToStore/Page_Dispensary Store/button_Add' is double clicked on

2018-06-09 23:57:18 - [TEST_STEP][PASSED] - delay: Delayed 1 second(s)

2018-06-09 23:57:19 - [MESSAGE][PASSED] - Delayed 1 second(s)

2018-06-09 23:57:19 - [TEST_STEP][PASSED] - selectOptionByIndex: All options with index in [1] are selected on object 'Object Repository/DispensaryToStore/Page_Dispensary Store/select_--Select--Schedule 1Inj'

2018-06-09 23:57:19 - [MESSAGE][PASSED] - All options with index in [1] are selected on object 'Object Repository/DispensaryToStore/Page_Dispensary Store/select_--Select--Schedule 1Inj'

2018-06-09 23:57:19 - [TEST_STEP][PASSED] - selectOptionByIndex: All options with index in [50] are selected on object 'Object Repository/DispensaryToStore/Page_Dispensary Store/select_--Select--Adernaline 0.'

2018-06-09 23:57:20 - [MESSAGE][PASSED] - All options with index in [50] are selected on object 'Object Repository/DispensaryToStore/Page_Dispensary Store/select_--Select--Adernaline 0.'

2018-06-09 23:57:20 - [TEST_STEP][PASSED] - setText: Text '10' is set on object 'Object Repository/DispensaryToStore/Page_Dispensary Store/input_txttreat'

2018-06-09 23:57:20 - [MESSAGE][PASSED] - Text '10' is set on object 'Object Repository/DispensaryToStore/Page_Dispensary Store/input_txttreat'

2018-06-09 23:57:20 - [TEST_STEP][PASSED] - doubleClick: Object: 'Object Repository/DispensaryToStore/Page_Dispensary Store/button_Add' is double clicked on

2018-06-09 23:57:20 - [MESSAGE][PASSED] - Object: 'Object Repository/DispensaryToStore/Page_Dispensary Store/button_Add' is double clicked on

2018-06-09 23:57:20 - [TEST_STEP][PASSED] - delay: Delayed 1 second(s)

2018-06-09 23:57:21 - [MESSAGE][PASSED] - Delayed 1 second(s)

2018-06-09 23:57:21 - [TEST_STEP][PASSED] - selectOptionByIndex: All options with index in [1] are selected on object 'Object Repository/DispensaryToStore/Page_Dispensary Store/select_--Select--Schedule 1Inj'

2018-06-09 23:57:21 - [MESSAGE][PASSED] - All options with index in [1] are selected on object 'Object Repository/DispensaryToStore/Page_Dispensary Store/select_--Select--Schedule 1Inj'

2018-06-09 23:57:21 - [TEST_STEP][PASSED] - selectOptionByIndex: All options with index in [51] are selected on object 'Object Repository/DispensaryToStore/Page_Dispensary Store/select_--Select--Adernaline 0.'

2018-06-09 23:57:22 - [MESSAGE][PASSED] - All options with index in [51] are selected on object 'Object Repository/DispensaryToStore/Page_Dispensary Store/select_--Select--Adernaline 0.'

2018-06-09 23:57:22 - [TEST_STEP][PASSED] - setText: Text '10' is set on object 'Object Repository/DispensaryToStore/Page_Dispensary Store/input_txttreat'

2018-06-09 23:57:22 - [MESSAGE][PASSED] - Text '10' is set on object 'Object Repository/DispensaryToStore/Page_Dispensary Store/input_txttreat'

2018-06-09 23:57:22 - [TEST_STEP][PASSED] - doubleClick: Object: 'Object Repository/DispensaryToStore/Page_Dispensary Store/button_Add' is double clicked on

2018-06-09 23:57:22 - [MESSAGE][PASSED] - Object: 'Object Repository/DispensaryToStore/Page_Dispensary Store/button_Add' is double clicked on

2018-06-09 23:57:22 - [TEST_STEP][PASSED] - delay: Delayed 1 second(s)

2018-06-09 23:57:23 - [MESSAGE][PASSED] - Delayed 1 second(s)

2018-06-09 23:57:23 - [TEST_STEP][PASSED] - selectOptionByIndex: All options with index in [1] are selected on object 'Object Repository/DispensaryToStore/Page_Dispensary Store/select_--Select--Schedule 1Inj'

2018-06-09 23:57:23 - [MESSAGE][PASSED] - All options with index in [1] are selected on object 'Object Repository/DispensaryToStore/Page_Dispensary Store/select_--Select--Schedule 1Inj'

2018-06-09 23:57:23 - [TEST_STEP][PASSED] - selectOptionByIndex: All options with index in [52] are selected on object 'Object Repository/DispensaryToStore/Page_Dispensary Store/select_--Select--Adernaline 0.'

2018-06-09 23:57:24 - [MESSAGE][PASSED] - All options with index in [52] are selected on object 'Object Repository/DispensaryToStore/Page_Dispensary Store/select_--Select--Adernaline 0.'

2018-06-09 23:57:24 - [TEST_STEP][PASSED] - setText: Text '10' is set on object 'Object Repository/DispensaryToStore/Page_Dispensary Store/input_txttreat'

2018-06-09 23:57:24 - [MESSAGE][PASSED] - Text '10' is set on object 'Object Repository/DispensaryToStore/Page_Dispensary Store/input_txttreat'

2018-06-09 23:57:24 - [TEST_STEP][PASSED] - doubleClick: Object: 'Object Repository/DispensaryToStore/Page_Dispensary Store/button_Add' is double clicked on

2018-06-09 23:57:24 - [MESSAGE][PASSED] - Object: 'Object Repository/DispensaryToStore/Page_Dispensary Store/button_Add' is double clicked on

2018-06-09 23:57:24 - [TEST_STEP][PASSED] - delay: Delayed 1 second(s)

2018-06-09 23:57:25 - [MESSAGE][PASSED] - Delayed 1 second(s)

2018-06-09 23:57:25 - [TEST_STEP][PASSED] - selectOptionByIndex: All options with index in [1] are selected on object 'Object Repository/DispensaryToStore/Page_Dispensary Store/select_--Select--Schedule 1Inj'

2018-06-09 23:57:25 - [MESSAGE][PASSED] - All options with index in [1] are selected on object 'Object Repository/DispensaryToStore/Page_Dispensary Store/select_--Select--Schedule 1Inj'

2018-06-09 23:57:25 - [TEST_STEP][PASSED] - selectOptionByIndex: All options with index in [53] are selected on object 'Object Repository/DispensaryToStore/Page_Dispensary Store/select_--Select--Adernaline 0.'

2018-06-09 23:57:26 - [MESSAGE][PASSED] - All options with index in [53] are selected on object 'Object Repository/DispensaryToStore/Page_Dispensary Store/select_--Select--Adernaline 0.'

2018-06-09 23:57:26 - [TEST_STEP][PASSED] - setText: Text '10' is set on object 'Object Repository/DispensaryToStore/Page_Dispensary Store/input_txttreat'

2018-06-09 23:57:26 - [MESSAGE][PASSED] - Text '10' is set on object 'Object Repository/DispensaryToStore/Page_Dispensary Store/input_txttreat'

2018-06-09 23:57:26 - [TEST_STEP][PASSED] - doubleClick: Object: 'Object Repository/DispensaryToStore/Page_Dispensary Store/button_Add' is double clicked on

2018-06-09 23:57:26 - [MESSAGE][PASSED] - Object: 'Object Repository/DispensaryToStore/Page_Dispensary Store/button_Add' is double clicked on

2018-06-09 23:57:26 - [TEST_STEP][PASSED] - delay: Delayed 1 second(s)

2018-06-09 23:57:27 - [MESSAGE][PASSED] - Delayed 1 second(s)

2018-06-09 23:57:27 - [TEST_STEP][PASSED] - selectOptionByIndex: All options with index in [1] are selected on object 'Object Repository/DispensaryToStore/Page_Dispensary Store/select_--Select--Schedule 1Inj'

2018-06-09 23:57:27 - [MESSAGE][PASSED] - All options with index in [1] are selected on object 'Object Repository/DispensaryToStore/Page_Dispensary Store/select_--Select--Schedule 1Inj'

2018-06-09 23:57:27 - [TEST_STEP][PASSED] - selectOptionByIndex: All options with index in [54] are selected on object 'Object Repository/DispensaryToStore/Page_Dispensary Store/select_--Select--Adernaline 0.'

2018-06-09 23:57:28 - [MESSAGE][PASSED] - All options with index in [54] are selected on object 'Object Repository/DispensaryToStore/Page_Dispensary Store/select_--Select--Adernaline 0.'

2018-06-09 23:57:28 - [TEST_STEP][PASSED] - setText: Text '10' is set on object 'Object Repository/DispensaryToStore/Page_Dispensary Store/input_txttreat'

2018-06-09 23:57:28 - [MESSAGE][PASSED] - Text '10' is set on object 'Object Repository/DispensaryToStore/Page_Dispensary Store/input_txttreat'

2018-06-09 23:57:28 - [TEST_STEP][PASSED] - doubleClick: Object: 'Object Repository/DispensaryToStore/Page_Dispensary Store/button_Add' is double clicked on

2018-06-09 23:57:28 - [MESSAGE][PASSED] - Object: 'Object Repository/DispensaryToStore/Page_Dispensary Store/button_Add' is double clicked on

2018-06-09 23:57:28 - [TEST_STEP][PASSED] - delay: Delayed 1 second(s)

2018-06-09 23:57:29 - [MESSAGE][PASSED] - Delayed 1 second(s)

2018-06-09 23:57:29 - [TEST_STEP][PASSED] - selectOptionByIndex: All options with index in [1] are selected on object 'Object Repository/DispensaryToStore/Page_Dispensary Store/select_--Select--Schedule 1Inj'

2018-06-09 23:57:29 - [MESSAGE][PASSED] - All options with index in [1] are selected on object 'Object Repository/DispensaryToStore/Page_Dispensary Store/select_--Select--Schedule 1Inj'

2018-06-09 23:57:29 - [TEST_STEP][PASSED] - selectOptionByIndex: All options with index in [55] are selected on object 'Object Repository/DispensaryToStore/Page_Dispensary Store/select_--Select--Adernaline 0.'

2018-06-09 23:57:30 - [MESSAGE][PASSED] - All options with index in [55] are selected on object 'Object Repository/DispensaryToStore/Page_Dispensary Store/select_--Select--Adernaline 0.'

2018-06-09 23:57:30 - [TEST_STEP][PASSED] - setText: Text '10' is set on object 'Object Repository/DispensaryToStore/Page_Dispensary Store/input_txttreat'

2018-06-09 23:57:30 - [MESSAGE][PASSED] - Text '10' is set on object 'Object Repository/DispensaryToStore/Page_Dispensary Store/input_txttreat'

2018-06-09 23:57:30 - [TEST_STEP][PASSED] - doubleClick: Object: 'Object Repository/DispensaryToStore/Page_Dispensary Store/button_Add' is double clicked on

2018-06-09 23:57:30 - [MESSAGE][PASSED] - Object: 'Object Repository/DispensaryToStore/Page_Dispensary Store/button_Add' is double clicked on

2018-06-09 23:57:30 - [TEST_STEP][PASSED] - delay: Delayed 1 second(s)

2018-06-09 23:57:31 - [MESSAGE][PASSED] - Delayed 1 second(s)

2018-06-09 23:57:31 - [TEST_STEP][PASSED] - selectOptionByIndex: All options with index in [1] are selected on object 'Object Repository/DispensaryToStore/Page_Dispensary Store/select_--Select--Schedule 1Inj'

2018-06-09 23:57:31 - [MESSAGE][PASSED] - All options with index in [1] are selected on object 'Object Repository/DispensaryToStore/Page_Dispensary Store/select_--Select--Schedule 1Inj'

2018-06-09 23:57:31 - [TEST_STEP][PASSED] - selectOptionByIndex: All options with index in [56] are selected on object 'Object Repository/DispensaryToStore/Page_Dispensary Store/select_--Select--Adernaline 0.'

2018-06-09 23:57:32 - [MESSAGE][PASSED] - All options with index in [56] are selected on object 'Object Repository/DispensaryToStore/Page_Dispensary Store/select_--Select--Adernaline 0.'

2018-06-09 23:57:32 - [TEST_STEP][PASSED] - setText: Text '10' is set on object 'Object Repository/DispensaryToStore/Page_Dispensary Store/input_txttreat'

2018-06-09 23:57:32 - [MESSAGE][PASSED] - Text '10' is set on object 'Object Repository/DispensaryToStore/Page_Dispensary Store/input_txttreat'

2018-06-09 23:57:32 - [TEST_STEP][PASSED] - doubleClick: Object: 'Object Repository/DispensaryToStore/Page_Dispensary Store/button_Add' is double clicked on

2018-06-09 23:57:32 - [MESSAGE][PASSED] - Object: 'Object Repository/DispensaryToStore/Page_Dispensary Store/button_Add' is double clicked on

2018-06-09 23:57:32 - [TEST_STEP][PASSED] - delay: Delayed 1 second(s)

2018-06-09 23:57:33 - [MESSAGE][PASSED] - Delayed 1 second(s)

2018-06-09 23:57:33 - [TEST_STEP][PASSED] - selectOptionByIndex: All options with index in [1] are selected on object 'Object Repository/DispensaryToStore/Page_Dispensary Store/select_--Select--Schedule 1Inj'

2018-06-09 23:57:33 - [MESSAGE][PASSED] - All options with index in [1] are selected on object 'Object Repository/DispensaryToStore/Page_Dispensary Store/select_--Select--Schedule 1Inj'

2018-06-09 23:57:33 - [TEST_STEP][PASSED] - selectOptionByIndex: All options with index in [57] are selected on object 'Object Repository/DispensaryToStore/Page_Dispensary Store/select_--Select--Adernaline 0.'

2018-06-09 23:57:34 - [MESSAGE][PASSED] - All options with index in [57] are selected on object 'Object Repository/DispensaryToStore/Page_Dispensary Store/select_--Select--Adernaline 0.'

2018-06-09 23:57:34 - [TEST_STEP][PASSED] - setText: Text '10' is set on object 'Object Repository/DispensaryToStore/Page_Dispensary Store/input_txttreat'

2018-06-09 23:57:34 - [MESSAGE][PASSED] - Text '10' is set on object 'Object Repository/DispensaryToStore/Page_Dispensary Store/input_txttreat'

2018-06-09 23:57:34 - [TEST_STEP][PASSED] - doubleClick: Object: 'Object Repository/DispensaryToStore/Page_Dispensary Store/button_Add' is double clicked on

2018-06-09 23:57:34 - [MESSAGE][PASSED] - Object: 'Object Repository/DispensaryToStore/Page_Dispensary Store/button_Add' is double clicked on

2018-06-09 23:57:34 - [TEST_STEP][PASSED] - delay: Delayed 1 second(s)

2018-06-09 23:57:35 - [MESSAGE][PASSED] - Delayed 1 second(s)

2018-06-09 23:57:35 - [TEST_STEP][PASSED] - selectOptionByIndex: All options with index in [1] are selected on object 'Object Repository/DispensaryToStore/Page_Dispensary Store/select_--Select--Schedule 1Inj'

2018-06-09 23:57:36 - [MESSAGE][PASSED] - All options with index in [1] are selected on object 'Object Repository/DispensaryToStore/Page_Dispensary Store/select_--Select--Schedule 1Inj'

2018-06-09 23:57:36 - [TEST_STEP][PASSED] - selectOptionByIndex: All options with index in [58] are selected on object 'Object Repository/DispensaryToStore/Page_Dispensary Store/select_--Select--Adernaline 0.'

2018-06-09 23:57:36 - [MESSAGE][PASSED] - All options with index in [58] are selected on object 'Object Repository/DispensaryToStore/Page_Dispensary Store/select_--Select--Adernaline 0.'

2018-06-09 23:57:36 - [TEST_STEP][PASSED] - setText: Text '10' is set on object 'Object Repository/DispensaryToStore/Page_Dispensary Store/input_txttreat'

2018-06-09 23:57:36 - [MESSAGE][PASSED] - Text '10' is set on object 'Object Repository/DispensaryToStore/Page_Dispensary Store/input_txttreat'

2018-06-09 23:57:36 - [TEST_STEP][PASSED] - doubleClick: Object: 'Object Repository/DispensaryToStore/Page_Dispensary Store/button_Add' is double clicked on

2018-06-09 23:57:36 - [MESSAGE][PASSED] - Object: 'Object Repository/DispensaryToStore/Page_Dispensary Store/button_Add' is double clicked on

2018-06-09 23:57:36 - [TEST_STEP][PASSED] - delay: Delayed 1 second(s)

2018-06-09 23:57:37 - [MESSAGE][PASSED] - Delayed 1 second(s)

2018-06-09 23:57:37 - [TEST_STEP][PASSED] - selectOptionByIndex: All options with index in [1] are selected on object 'Object Repository/DispensaryToStore/Page_Dispensary Store/select_--Select--Schedule 1Inj'

2018-06-09 23:57:38 - [MESSAGE][PASSED] - All options with index in [1] are selected on object 'Object Repository/DispensaryToStore/Page_Dispensary Store/select_--Select--Schedule 1Inj'

2018-06-09 23:57:38 - [TEST_STEP][PASSED] - selectOptionByIndex: All options with index in [59] are selected on object 'Object Repository/DispensaryToStore/Page_Dispensary Store/select_--Select--Adernaline 0.'

2018-06-09 23:57:38 - [MESSAGE][PASSED] - All options with index in [59] are selected on object 'Object Repository/DispensaryToStore/Page_Dispensary Store/select_--Select--Adernaline 0.'

2018-06-09 23:57:38 - [TEST_STEP][PASSED] - setText: Text '10' is set on object 'Object Repository/DispensaryToStore/Page_Dispensary Store/input_txttreat'

2018-06-09 23:57:38 - [MESSAGE][PASSED] - Text '10' is set on object 'Object Repository/DispensaryToStore/Page_Dispensary Store/input_txttreat'

2018-06-09 23:57:38 - [TEST_STEP][PASSED] - doubleClick: Object: 'Object Repository/DispensaryToStore/Page_Dispensary Store/button_Add' is double clicked on

2018-06-09 23:57:39 - [MESSAGE][PASSED] - Object: 'Object Repository/DispensaryToStore/Page_Dispensary Store/button_Add' is double clicked on

2018-06-09 23:57:39 - [TEST_STEP][PASSED] - delay: Delayed 1 second(s)

2018-06-09 23:57:40 - [MESSAGE][PASSED] - Delayed 1 second(s)

2018-06-09 23:57:40 - [TEST_STEP][PASSED] - selectOptionByIndex: All options with index in [1] are selected on object 'Object Repository/DispensaryToStore/Page_Dispensary Store/select_--Select--Schedule 1Inj'

2018-06-09 23:57:40 - [MESSAGE][PASSED] - All options with index in [1] are selected on object 'Object Repository/DispensaryToStore/Page_Dispensary Store/select_--Select--Schedule 1Inj'

2018-06-09 23:57:40 - [TEST_STEP][PASSED] - selectOptionByIndex: All options with index in [60] are selected on object 'Object Repository/DispensaryToStore/Page_Dispensary Store/select_--Select--Adernaline 0.'

2018-06-09 23:57:40 - [MESSAGE][PASSED] - All options with index in [60] are selected on object 'Object Repository/DispensaryToStore/Page_Dispensary Store/select_--Select--Adernaline 0.'

2018-06-09 23:57:40 - [TEST_STEP][PASSED] - setText: Text '10' is set on object 'Object Repository/DispensaryToStore/Page_Dispensary Store/input_txttreat'

2018-06-09 23:57:40 - [MESSAGE][PASSED] - Text '10' is set on object 'Object Repository/DispensaryToStore/Page_Dispensary Store/input_txttreat'

2018-06-09 23:57:40 - [TEST_STEP][PASSED] - doubleClick: Object: 'Object Repository/DispensaryToStore/Page_Dispensary Store/button_Add' is double clicked on

2018-06-09 23:57:41 - [MESSAGE][PASSED] - Object: 'Object Repository/DispensaryToStore/Page_Dispensary Store/button_Add' is double clicked on

2018-06-09 23:57:41 - [TEST_STEP][PASSED] - delay: Delayed 1 second(s)

2018-06-09 23:57:42 - [MESSAGE][PASSED] - Delayed 1 second(s)

2018-06-09 23:57:42 - [TEST_STEP][PASSED] - selectOptionByIndex: All options with index in [1] are selected on object 'Object Repository/DispensaryToStore/Page_Dispensary Store/select_--Select--Schedule 1Inj'

2018-06-09 23:57:42 - [MESSAGE][PASSED] - All options with index in [1] are selected on object 'Object Repository/DispensaryToStore/Page_Dispensary Store/select_--Select--Schedule 1Inj'

2018-06-09 23:57:42 - [TEST_STEP][PASSED] - selectOptionByIndex: All options with index in [61] are selected on object 'Object Repository/DispensaryToStore/Page_Dispensary Store/select_--Select--Adernaline 0.'

2018-06-09 23:57:42 - [MESSAGE][PASSED] - All options with index in [61] are selected on object 'Object Repository/DispensaryToStore/Page_Dispensary Store/select_--Select--Adernaline 0.'

2018-06-09 23:57:42 - [TEST_STEP][PASSED] - setText: Text '10' is set on object 'Object Repository/DispensaryToStore/Page_Dispensary Store/input_txttreat'

2018-06-09 23:57:43 - [MESSAGE][PASSED] - Text '10' is set on object 'Object Repository/DispensaryToStore/Page_Dispensary Store/input_txttreat'

2018-06-09 23:57:43 - [TEST_STEP][PASSED] - doubleClick: Object: 'Object Repository/DispensaryToStore/Page_Dispensary Store/button_Add' is double clicked on

2018-06-09 23:57:43 - [MESSAGE][PASSED] - Object: 'Object Repository/DispensaryToStore/Page_Dispensary Store/button_Add' is double clicked on

2018-06-09 23:57:43 - [TEST_STEP][PASSED] - delay: Delayed 1 second(s)

2018-06-09 23:57:44 - [MESSAGE][PASSED] - Delayed 1 second(s)

2018-06-09 23:57:44 - [TEST_STEP][PASSED] - selectOptionByIndex: All options with index in [1] are selected on object 'Object Repository/DispensaryToStore/Page_Dispensary Store/select_--Select--Schedule 1Inj'

2018-06-09 23:57:44 - [MESSAGE][PASSED] - All options with index in [1] are selected on object 'Object Repository/DispensaryToStore/Page_Dispensary Store/select_--Select--Schedule 1Inj'

2018-06-09 23:57:44 - [TEST_STEP][PASSED] - selectOptionByIndex: All options with index in [62] are selected on object 'Object Repository/DispensaryToStore/Page_Dispensary Store/select_--Select--Adernaline 0.'

2018-06-09 23:57:45 - [MESSAGE][PASSED] - All options with index in [62] are selected on object 'Object Repository/DispensaryToStore/Page_Dispensary Store/select_--Select--Adernaline 0.'

2018-06-09 23:57:45 - [TEST_STEP][PASSED] - setText: Text '10' is set on object 'Object Repository/DispensaryToStore/Page_Dispensary Store/input_txttreat'

2018-06-09 23:57:45 - [MESSAGE][PASSED] - Text '10' is set on object 'Object Repository/DispensaryToStore/Page_Dispensary Store/input_txttreat'

2018-06-09 23:57:45 - [TEST_STEP][PASSED] - doubleClick: Object: 'Object Repository/DispensaryToStore/Page_Dispensary Store/button_Add' is double clicked on

2018-06-09 23:57:45 - [MESSAGE][PASSED] - Object: 'Object Repository/DispensaryToStore/Page_Dispensary Store/button_Add' is double clicked on

2018-06-09 23:57:45 - [TEST_STEP][PASSED] - delay: Delayed 1 second(s)

2018-06-09 23:57:46 - [MESSAGE][PASSED] - Delayed 1 second(s)

2018-06-09 23:57:46 - [TEST_STEP][PASSED] - scrollToElement: Scroll to object 'Object Repository/DispensaryToStore/Page_Dispensary Store/input_btnsave' successfully

2018-06-09 23:57:46 - [MESSAGE][PASSED] - Scroll to object 'Object Repository/DispensaryToStore/Page_Dispensary Store/input_btnsave' successfully

2018-06-09 23:57:46 - [TEST_STEP][PASSED] - click: Object: 'Object Repository/DispensaryToStore/Page_Dispensary Store/input_btnsave' is clicked on

2018-06-09 23:57:46 - [MESSAGE][PASSED] - Object: 'Object Repository/DispensaryToStore/Page_Dispensary Store/input_btnsave' is clicked on

2018-06-09 23:57:46 - [TEST_STEP][PASSED] - delay: Delayed 3 second(s)

2018-06-09 23:57:49 - [MESSAGE][PASSED] - Delayed 3 second(s)

2018-06-09 23:57:49 - [TEST_STEP][PASSED] - Statement - RN1 = com.kms.katalon.core.webui.keyword.WebUiBuiltInKeywords.getText(com.kms.katalon.core.testobject.ObjectRepository.findTestObject(DispensaryToStore/Page_Dispensary Store/font_HPRNO180520187)): Text of object 'Object Repository/DispensaryToStore/Page_Dispensary Store/font_HPRNO180520187' is: 'DPRNO/09062018/231'

2018-06-09 23:57:49 - [MESSAGE][PASSED] - Text of object 'Object Repository/DispensaryToStore/Page_Dispensary Store/font_HPRNO180520187' is: 'DPRNO/09062018/231'

2018-06-09 23:57:49 - [TEST_STEP][PASSED] - Statement - out.println(RN1): null

2018-06-09 23:57:49 - [TEST_STEP][PASSED] - Statement - RID = RN1.split("/")[2]: null

2018-06-09 23:57:49 - [TEST_STEP][PASSED] - click: Object: 'Object Repository/DispensaryToStore/Page_Dispensary Store/button_OK' is clicked on

2018-06-09 23:57:49 - [MESSAGE][PASSED] - Object: 'Object Repository/DispensaryToStore/Page_Dispensary Store/button_OK' is clicked on

2018-06-09 23:57:49 - [TEST_STEP][PASSED] - delay: Delayed 3 second(s)

2018-06-09 23:57:52 - [MESSAGE][PASSED] - Delayed 3 second(s)

2018-06-09 23:57:52 - [TEST_STEP][PASSED] - waitForElementPresent: Object 'Object Repository/DispensaryToStore/Page_Dispensary Store/a_dropdown-toggle' is present

2018-06-09 23:57:53 - [MESSAGE][PASSED] - Object 'Object Repository/DispensaryToStore/Page_Dispensary Store/a_dropdown-toggle' is present

2018-06-09 23:57:53 - [TEST_STEP][PASSED] - click: Object: 'Object Repository/DispensaryToStore/Page_Dispensary Store/a_dropdown-toggle' is clicked on

2018-06-09 23:57:53 - [MESSAGE][PASSED] - Object: 'Object Repository/DispensaryToStore/Page_Dispensary Store/a_dropdown-toggle' is clicked on

2018-06-09 23:57:53 - [TEST_STEP][PASSED] - click: Object: 'Object Repository/DispensaryToStore/Page_Dispensary Store/a_Sign out' is clicked on

2018-06-09 23:57:53 - [MESSAGE][PASSED] - Object: 'Object Repository/DispensaryToStore/Page_Dispensary Store/a_Sign out' is clicked on

2018-06-09 23:57:53 - [TEST_STEP][PASSED] - delay: Delayed 3 second(s)

2018-06-09 23:57:56 - [MESSAGE][PASSED] - Delayed 3 second(s)

2018-06-09 23:57:56 - [TEST_STEP][PASSED] - navigateToUrl: Navigate to 'http://192.168.137.1/multihospital_new/' successfully

2018-06-09 23:57:57 - [MESSAGE][PASSED] - Navigate to 'http://192.168.137.1/multihospital_new/' successfully

2018-06-09 23:57:57 - [TEST_STEP][PASSED] - click: Object: 'Object Repository/DispensaryToStore/Page_KDMC/a_CMO' is clicked on

2018-06-09 23:57:57 - [MESSAGE][PASSED] - Object: 'Object Repository/DispensaryToStore/Page_KDMC/a_CMO' is clicked on

2018-06-09 23:57:57 - [TEST_STEP][PASSED] - setText: Text 'guru' is set on object 'Object Repository/DispensaryToStore/Page_CMO login/input_txtusername'

2018-06-09 23:57:58 - [MESSAGE][PASSED] - Text 'guru' is set on object 'Object Repository/DispensaryToStore/Page_CMO login/input_txtusername'

2018-06-09 23:57:58 - [TEST_STEP][PASSED] - setText: Text '123' is set on object 'Object Repository/DispensaryToStore/Page_CMO login/input_txtpassword'

2018-06-09 23:57:58 - [MESSAGE][PASSED] - Text '123' is set on object 'Object Repository/DispensaryToStore/Page_CMO login/input_txtpassword'

2018-06-09 23:57:58 - [TEST_STEP][PASSED] - delay: Delayed 3 second(s)

2018-06-09 23:58:01 - [MESSAGE][PASSED] - Delayed 3 second(s)

2018-06-09 23:58:01 - [TEST_STEP][PASSED] - click: Object: 'Object Repository/DispensaryToStore/Page_CMO login/button_Sign in' is clicked on

2018-06-09 23:58:02 - [MESSAGE][PASSED] - Object: 'Object Repository/DispensaryToStore/Page_CMO login/button_Sign in' is clicked on

2018-06-09 23:58:02 - [TEST_STEP][PASSED] - click: Object: 'Object Repository/DispensaryToStore/Page_KDMC - CMO/a_Department Wise Request' is clicked on

2018-06-09 23:58:04 - [MESSAGE][PASSED] - Object: 'Object Repository/DispensaryToStore/Page_KDMC - CMO/a_Department Wise Request' is clicked on

2018-06-09 23:58:04 - [TEST_STEP][PASSED] - delay: Delayed 2 second(s)

2018-06-09 23:58:06 - [MESSAGE][PASSED] - Delayed 2 second(s)

2018-06-09 23:58:06 - [TEST_STEP][PASSED] - selectOptionByIndex: All options with index in [6] are selected on object 'Object Repository/DispensaryToStore/Page_KDMC - CMO/select_--ALL--'

2018-06-09 23:58:06 - [MESSAGE][PASSED] - All options with index in [6] are selected on object 'Object Repository/DispensaryToStore/Page_KDMC - CMO/select_--ALL--'

2018-06-09 23:58:06 - [TEST_STEP][PASSED] - click: Object: 'Object Repository/DispensaryToStore/Page_KDMC - CMO/input_btnsearch' is clicked on

2018-06-09 23:58:06 - [MESSAGE][PASSED] - Object: 'Object Repository/DispensaryToStore/Page_KDMC - CMO/input_btnsearch' is clicked on

2018-06-09 23:58:06 - [TEST_STEP][PASSED] - selectOptionByIndex: All options with index in [1] are selected on object 'Object Repository/DispensaryToStore/Page_KDMC - CMO/select_--ALL--                _1'

2018-06-09 23:58:06 - [MESSAGE][PASSED] - All options with index in [1] are selected on object 'Object Repository/DispensaryToStore/Page_KDMC - CMO/select_--ALL--                _1'

2018-06-09 23:58:06 - [TEST_STEP][PASSED] - click: Object: 'Object Repository/DispensaryToStore/Page_KDMC - CMO/input_btnsearch' is clicked on

2018-06-09 23:58:06 - [MESSAGE][PASSED] - Object: 'Object Repository/DispensaryToStore/Page_KDMC - CMO/input_btnsearch' is clicked on

2018-06-09 23:58:06 - [TEST_STEP][PASSED] - Statement - ID = com.kms.katalon.core.webui.keyword.WebUiBuiltInKeywords.modifyObjectProperty(com.kms.katalon.core.testobject.ObjectRepository.findTestObject(lab/Page_KDMC - CMO/input_1), "xpath", "equals", "//*[@id=" + RID + "]", true): Modify property of object successfully

2018-06-09 23:58:06 - [MESSAGE][PASSED] - Modify property of object successfully

2018-06-09 23:58:06 - [TEST_STEP][PASSED] - click: Object: 'Object Repository/lab/Page_KDMC - CMO/input_1' is clicked on

2018-06-09 23:58:07 - [MESSAGE][PASSED] - Object: 'Object Repository/lab/Page_KDMC - CMO/input_1' is clicked on

2018-06-09 23:58:07 - [TEST_STEP][PASSED] - delay: Delayed 2 second(s)

2018-06-09 23:58:09 - [MESSAGE][PASSED] - Delayed 2 second(s)

2018-06-09 23:58:09 - [TEST_STEP][PASSED] - selectOptionByIndex: All options with index in [1] are selected on object 'Object Repository/DispensaryToStore/Page_KDMC - CMO/select_--Select--'

2018-06-09 23:58:09 - [MESSAGE][PASSED] - All options with index in [1] are selected on object 'Object Repository/DispensaryToStore/Page_KDMC - CMO/select_--Select--'

2018-06-09 23:58:09 - [TEST_STEP][PASSED] - click: Object: 'Object Repository/DispensaryToStore/Page_KDMC - CMO/input_btnupdate' is clicked on

2018-06-09 23:58:09 - [MESSAGE][PASSED] - Object: 'Object Repository/DispensaryToStore/Page_KDMC - CMO/input_btnupdate' is clicked on

2018-06-09 23:58:09 - [TEST_STEP][PASSED] - delay: Delayed 2 second(s)

2018-06-09 23:58:11 - [MESSAGE][PASSED] - Delayed 2 second(s)

2018-06-09 23:58:11 - [TEST_STEP][PASSED] - click: Object: 'Object Repository/DispensaryToStore/Page_KDMC - CMO/button_OK' is clicked on

2018-06-09 23:58:12 - [MESSAGE][PASSED] - Object: 'Object Repository/DispensaryToStore/Page_KDMC - CMO/button_OK' is clicked on

2018-06-09 23:58:12 - [TEST_STEP][PASSED] - delay: Delayed 2 second(s)

2018-06-09 23:58:14 - [MESSAGE][PASSED] - Delayed 2 second(s)

2018-06-09 23:58:14 - [TEST_STEP][PASSED] - waitForElementPresent: Object 'Object Repository/DispensaryToStore/Page_Dispensary Store/a_dropdown-toggle' is not present after 20 second(s)

2018-06-09 23:58:35 - [MESSAGE][WARNING] - Object 'Object Repository/DispensaryToStore/Page_Dispensary Store/a_dropdown-toggle' is not present after 20 second(s)

2018-06-09 23:58:35 - [TEST_STEP][PASSED] - click: Object: 'Object Repository/DispensaryToStore/Page_KDMC - CMO/a_dropdown-toggle' is clicked on

2018-06-09 23:58:35 - [MESSAGE][PASSED] - Object: 'Object Repository/DispensaryToStore/Page_KDMC - CMO/a_dropdown-toggle' is clicked on

2018-06-09 23:58:35 - [TEST_STEP][PASSED] - click: Object: 'Object Repository/DispensaryToStore/Page_KDMC - CMO/a_Sign out' is clicked on

2018-06-09 23:58:35 - [MESSAGE][PASSED] - Object: 'Object Repository/DispensaryToStore/Page_KDMC - CMO/a_Sign out' is clicked on

2018-06-09 23:58:35 - [TEST_STEP][PASSED] - delay: Delayed 3 second(s)

2018-06-09 23:58:38 - [MESSAGE][PASSED] - Delayed 3 second(s)

2018-06-09 23:58:38 - [TEST_STEP][PASSED] - click: Object: 'Object Repository/DispensaryToStore/Page_KDMC/a_Divisional Store' is clicked on

2018-06-09 23:58:39 - [MESSAGE][PASSED] - Object: 'Object Repository/DispensaryToStore/Page_KDMC/a_Divisional Store' is clicked on

2018-06-09 23:58:39 - [TEST_STEP][PASSED] - setText: Text 'ragu' is set on object 'Object Repository/DispensaryToStore/Page_Divisonal Store Login/input_txtusername'

2018-06-09 23:58:39 - [MESSAGE][PASSED] - Text 'ragu' is set on object 'Object Repository/DispensaryToStore/Page_Divisonal Store Login/input_txtusername'

2018-06-09 23:58:39 - [TEST_STEP][PASSED] - setText: Text '123' is set on object 'Object Repository/DispensaryToStore/Page_Divisonal Store Login/input_txtpassword'

2018-06-09 23:58:39 - [MESSAGE][PASSED] - Text '123' is set on object 'Object Repository/DispensaryToStore/Page_Divisonal Store Login/input_txtpassword'

2018-06-09 23:58:39 - [TEST_STEP][PASSED] - delay: Delayed 3 second(s)

2018-06-09 23:58:42 - [MESSAGE][PASSED] - Delayed 3 second(s)

2018-06-09 23:58:42 - [TEST_STEP][PASSED] - click: Object: 'Object Repository/DispensaryToStore/Page_Divisonal Store Login/button_Sign in' is clicked on

2018-06-09 23:58:44 - [MESSAGE][PASSED] - Object: 'Object Repository/DispensaryToStore/Page_Divisonal Store Login/button_Sign in' is clicked on

2018-06-09 23:58:44 - [TEST_STEP][PASSED] - delay: Delayed 3 second(s)

2018-06-09 23:58:47 - [MESSAGE][PASSED] - Delayed 3 second(s)

2018-06-09 23:58:47 - [TEST_STEP][PASSED] - scrollToPosition: Browser is scrolled to position x = 100, y = 100

2018-06-09 23:58:47 - [MESSAGE][PASSED] - Browser is scrolled to position x = 100, y = 100

2018-06-09 23:58:47 - [TEST_STEP][PASSED] - click: Object: 'Object Repository/DispensaryToStore/Page_Store/a_Dispensary Request' is clicked on

2018-06-09 23:58:47 - [MESSAGE][PASSED] - Object: 'Object Repository/DispensaryToStore/Page_Store/a_Dispensary Request' is clicked on

2018-06-09 23:58:47 - [TEST_STEP][PASSED] - delay: Delayed 2 second(s)

2018-06-09 23:58:49 - [MESSAGE][PASSED] - Delayed 2 second(s)

2018-06-09 23:58:49 - [TEST_STEP][PASSED] - click: Object: 'Object Repository/DispensaryToStore/Page_Store/a_Request Item Dispensary' is clicked on

2018-06-09 23:58:50 - [MESSAGE][PASSED] - Object: 'Object Repository/DispensaryToStore/Page_Store/a_Request Item Dispensary' is clicked on

2018-06-09 23:58:50 - [TEST_STEP][PASSED] - Statement - ChooseRequest = com.kms.katalon.core.webui.keyword.WebUiBuiltInKeywords.modifyObjectProperty(com.kms.katalon.core.testobject.ObjectRepository.findTestObject(lab/Page_Store/input_1), "xpath", "equals", "//*[@id=" + RID + "]", true): Modify property of object successfully

2018-06-09 23:58:50 - [MESSAGE][PASSED] - Modify property of object successfully

2018-06-09 23:58:50 - [TEST_STEP][PASSED] - click: Object: 'Object Repository/lab/Page_Store/input_1' is clicked on

2018-06-09 23:58:51 - [MESSAGE][PASSED] - Object: 'Object Repository/lab/Page_Store/input_1' is clicked on

2018-06-09 23:58:51 - [TEST_STEP][PASSED] - Statement - selectedoptions = com.kms.katalon.core.webui.keyword.WebUiBuiltInKeywords.getNumberOfTotalOption(com.kms.katalon.core.testobject.ObjectRepository.findTestObject(DispensaryToStore/Page_Store/select_--Select--Adernaline 0.)): 63 options of object 'Object Repository/DispensaryToStore/Page_Store/select_--Select--Adernaline 0.' counted

2018-06-09 23:58:51 - [MESSAGE][PASSED] - 63 options of object 'Object Repository/DispensaryToStore/Page_Store/select_--Select--Adernaline 0.' counted

2018-06-09 23:58:51 - [TEST_STEP][PASSED] - Statement - For ([a = 1, a <= selectedoptions - 1, (a++)]): null

2018-06-09 23:58:51 - [TEST_STEP][PASSED] - selectOptionByIndex: All options with index in [1] are selected on object 'Object Repository/DispensaryToStore/Page_Store/select_--Select--Adernaline 0.'

2018-06-09 23:58:51 - [MESSAGE][PASSED] - All options with index in [1] are selected on object 'Object Repository/DispensaryToStore/Page_Store/select_--Select--Adernaline 0.'

2018-06-09 23:58:51 - [TEST_STEP][PASSED] - delay: Delayed 2 second(s)

2018-06-09 23:58:53 - [MESSAGE][PASSED] - Delayed 2 second(s)

2018-06-09 23:58:53 - [TEST_STEP][PASSED] - Statement - RequestedQty = com.kms.katalon.core.webui.keyword.WebUiBuiltInKeywords.getAttribute(com.kms.katalon.core.testobject.ObjectRepository.findTestObject(DispensaryToStore/Page_Store/input_txttotal), "value"): Attribute 'value' of object 'Object Repository/DispensaryToStore/Page_Store/input_txttotal' is: '10'

2018-06-09 23:58:53 - [MESSAGE][PASSED] - Attribute 'value' of object 'Object Repository/DispensaryToStore/Page_Store/input_txttotal' is: '10'

2018-06-09 23:58:53 - [TEST_STEP][PASSED] - Statement - out.println("Requested QTY : " + RequestedQty): null

2018-06-09 23:58:53 - [TEST_STEP][PASSED] - Statement - BatchNumber = com.kms.katalon.core.webui.keyword.WebUiBuiltInKeywords.getNumberOfTotalOption(com.kms.katalon.core.testobject.ObjectRepository.findTestObject(DispensaryToStore/Page_Store/select_--Select--BA1170BA2376B)): 5 options of object 'Object Repository/DispensaryToStore/Page_Store/select_--Select--BA1170BA2376B' counted

2018-06-09 23:58:53 - [MESSAGE][PASSED] - 5 options of object 'Object Repository/DispensaryToStore/Page_Store/select_--Select--BA1170BA2376B' counted

2018-06-09 23:58:53 - [TEST_STEP][PASSED] - Statement - For ([g = 1, g <= BatchNumber - 1, (g++)]): null

2018-06-09 23:58:53 - [TEST_STEP][PASSED] - selectOptionByIndex: All options with index in [1] are selected on object 'Object Repository/DispensaryToStore/Page_Store/select_--Select--BA1170BA2376B'

2018-06-09 23:58:53 - [MESSAGE][PASSED] - All options with index in [1] are selected on object 'Object Repository/DispensaryToStore/Page_Store/select_--Select--BA1170BA2376B'

2018-06-09 23:58:53 - [TEST_STEP][PASSED] - Statement - Try: null

2018-06-09 23:58:53 - [TEST_STEP][PASSED] - Statement - StockQty = com.kms.katalon.core.webui.keyword.WebUiBuiltInKeywords.getAttribute(com.kms.katalon.core.testobject.ObjectRepository.findTestObject(DispensaryToStore/Page_Store/input_txtprice), "value"): Attribute 'value' of object 'Object Repository/DispensaryToStore/Page_Store/input_txtprice' is: '320'

2018-06-09 23:58:53 - [MESSAGE][PASSED] - Attribute 'value' of object 'Object Repository/DispensaryToStore/Page_Store/input_txtprice' is: '320'

2018-06-09 23:58:53 - [TEST_STEP][PASSED] - Statement - out.println("Stock QTY : " + StockQty): null

2018-06-09 23:58:53 - [TEST_STEP][PASSED] - delay: Delayed 2 second(s)

2018-06-09 23:58:55 - [MESSAGE][PASSED] - Delayed 2 second(s)

2018-06-09 23:58:55 - [TEST_STEP][PASSED] - Statement - If (java.lang.String.valueOf(StockQty) >= java.lang.String.valueOf(RequestedQty)): null

2018-06-09 23:58:55 - [TEST_STEP][PASSED] - setText: Text '10' is set on object 'Object Repository/DispensaryToStore/Page_Store/input_txtqty'

2018-06-09 23:58:55 - [MESSAGE][PASSED] - Text '10' is set on object 'Object Repository/DispensaryToStore/Page_Store/input_txtqty'

2018-06-09 23:58:55 - [TEST_STEP][PASSED] - click: Object: 'Object Repository/DispensaryToStore/Page_Store/button_Add' is clicked on

2018-06-09 23:58:56 - [MESSAGE][PASSED] - Object: 'Object Repository/DispensaryToStore/Page_Store/button_Add' is clicked on

2018-06-09 23:58:56 - [TEST_STEP][PASSED] - Statement - Break: null

2018-06-09 23:58:56 - [TEST_STEP][PASSED] - selectOptionByIndex: All options with index in [2] are selected on object 'Object Repository/DispensaryToStore/Page_Store/select_--Select--Adernaline 0.'

2018-06-09 23:58:56 - [MESSAGE][PASSED] - All options with index in [2] are selected on object 'Object Repository/DispensaryToStore/Page_Store/select_--Select--Adernaline 0.'

2018-06-09 23:58:56 - [TEST_STEP][PASSED] - delay: Delayed 2 second(s)

2018-06-09 23:58:58 - [MESSAGE][PASSED] - Delayed 2 second(s)

2018-06-09 23:58:58 - [TEST_STEP][PASSED] - Statement - RequestedQty = com.kms.katalon.core.webui.keyword.WebUiBuiltInKeywords.getAttribute(com.kms.katalon.core.testobject.ObjectRepository.findTestObject(DispensaryToStore/Page_Store/input_txttotal), "value"): Attribute 'value' of object 'Object Repository/DispensaryToStore/Page_Store/input_txttotal' is: '10'

2018-06-09 23:58:58 - [MESSAGE][PASSED] - Attribute 'value' of object 'Object Repository/DispensaryToStore/Page_Store/input_txttotal' is: '10'

2018-06-09 23:58:58 - [TEST_STEP][PASSED] - Statement - out.println("Requested QTY : " + RequestedQty): null

2018-06-09 23:58:58 - [TEST_STEP][PASSED] - Statement - BatchNumber = com.kms.katalon.core.webui.keyword.WebUiBuiltInKeywords.getNumberOfTotalOption(com.kms.katalon.core.testobject.ObjectRepository.findTestObject(DispensaryToStore/Page_Store/select_--Select--BA1170BA2376B)): 3 options of object 'Object Repository/DispensaryToStore/Page_Store/select_--Select--BA1170BA2376B' counted

2018-06-09 23:58:58 - [MESSAGE][PASSED] - 3 options of object 'Object Repository/DispensaryToStore/Page_Store/select_--Select--BA1170BA2376B' counted

2018-06-09 23:58:58 - [TEST_STEP][PASSED] - Statement - For ([g = 1, g <= BatchNumber - 1, (g++)]): null

2018-06-09 23:58:58 - [TEST_STEP][PASSED] - selectOptionByIndex: All options with index in [1] are selected on object 'Object Repository/DispensaryToStore/Page_Store/select_--Select--BA1170BA2376B'

2018-06-09 23:58:58 - [MESSAGE][PASSED] - All options with index in [1] are selected on object 'Object Repository/DispensaryToStore/Page_Store/select_--Select--BA1170BA2376B'

2018-06-09 23:58:58 - [TEST_STEP][PASSED] - Statement - Try: null

2018-06-09 23:58:58 - [TEST_STEP][PASSED] - Statement - StockQty = com.kms.katalon.core.webui.keyword.WebUiBuiltInKeywords.getAttribute(com.kms.katalon.core.testobject.ObjectRepository.findTestObject(DispensaryToStore/Page_Store/input_txtprice), "value"): Attribute 'value' of object 'Object Repository/DispensaryToStore/Page_Store/input_txtprice' is: '1530'

2018-06-09 23:58:58 - [MESSAGE][PASSED] - Attribute 'value' of object 'Object Repository/DispensaryToStore/Page_Store/input_txtprice' is: '1530'

2018-06-09 23:58:58 - [TEST_STEP][PASSED] - Statement - out.println("Stock QTY : " + StockQty): null

2018-06-09 23:58:58 - [TEST_STEP][PASSED] - delay: Delayed 2 second(s)

2018-06-09 23:59:00 - [MESSAGE][PASSED] - Delayed 2 second(s)

2018-06-09 23:59:00 - [TEST_STEP][PASSED] - Statement - If (java.lang.String.valueOf(StockQty) >= java.lang.String.valueOf(RequestedQty)): null

2018-06-09 23:59:00 - [TEST_STEP][PASSED] - setText: Text '10' is set on object 'Object Repository/DispensaryToStore/Page_Store/input_txtqty'

2018-06-09 23:59:00 - [MESSAGE][PASSED] - Text '10' is set on object 'Object Repository/DispensaryToStore/Page_Store/input_txtqty'

2018-06-09 23:59:00 - [TEST_STEP][PASSED] - click: Object: 'Object Repository/DispensaryToStore/Page_Store/button_Add' is clicked on

2018-06-09 23:59:00 - [MESSAGE][PASSED] - Object: 'Object Repository/DispensaryToStore/Page_Store/button_Add' is clicked on

2018-06-09 23:59:00 - [TEST_STEP][PASSED] - Statement - Break: null

2018-06-09 23:59:00 - [TEST_STEP][PASSED] - selectOptionByIndex: All options with index in [3] are selected on object 'Object Repository/DispensaryToStore/Page_Store/select_--Select--Adernaline 0.'

2018-06-09 23:59:00 - [MESSAGE][PASSED] - All options with index in [3] are selected on object 'Object Repository/DispensaryToStore/Page_Store/select_--Select--Adernaline 0.'

2018-06-09 23:59:00 - [TEST_STEP][PASSED] - delay: Delayed 2 second(s)

2018-06-09 23:59:02 - [MESSAGE][PASSED] - Delayed 2 second(s)

2018-06-09 23:59:02 - [TEST_STEP][PASSED] - Statement - RequestedQty = com.kms.katalon.core.webui.keyword.WebUiBuiltInKeywords.getAttribute(com.kms.katalon.core.testobject.ObjectRepository.findTestObject(DispensaryToStore/Page_Store/input_txttotal), "value"): Attribute 'value' of object 'Object Repository/DispensaryToStore/Page_Store/input_txttotal' is: '10'

2018-06-09 23:59:02 - [MESSAGE][PASSED] - Attribute 'value' of object 'Object Repository/DispensaryToStore/Page_Store/input_txttotal' is: '10'

2018-06-09 23:59:02 - [TEST_STEP][PASSED] - Statement - out.println("Requested QTY : " + RequestedQty): null

2018-06-09 23:59:02 - [TEST_STEP][PASSED] - Statement - BatchNumber = com.kms.katalon.core.webui.keyword.WebUiBuiltInKeywords.getNumberOfTotalOption(com.kms.katalon.core.testobject.ObjectRepository.findTestObject(DispensaryToStore/Page_Store/select_--Select--BA1170BA2376B)): 4 options of object 'Object Repository/DispensaryToStore/Page_Store/select_--Select--BA1170BA2376B' counted

2018-06-09 23:59:02 - [MESSAGE][PASSED] - 4 options of object 'Object Repository/DispensaryToStore/Page_Store/select_--Select--BA1170BA2376B' counted

2018-06-09 23:59:02 - [TEST_STEP][PASSED] - Statement - For ([g = 1, g <= BatchNumber - 1, (g++)]): null

2018-06-09 23:59:02 - [TEST_STEP][PASSED] - selectOptionByIndex: All options with index in [1] are selected on object 'Object Repository/DispensaryToStore/Page_Store/select_--Select--BA1170BA2376B'

2018-06-09 23:59:03 - [MESSAGE][PASSED] - All options with index in [1] are selected on object 'Object Repository/DispensaryToStore/Page_Store/select_--Select--BA1170BA2376B'

2018-06-09 23:59:03 - [TEST_STEP][PASSED] - Statement - Try: null

2018-06-09 23:59:03 - [TEST_STEP][PASSED] - Statement - StockQty = com.kms.katalon.core.webui.keyword.WebUiBuiltInKeywords.getAttribute(com.kms.katalon.core.testobject.ObjectRepository.findTestObject(DispensaryToStore/Page_Store/input_txtprice), "value"): Attribute 'value' of object 'Object Repository/DispensaryToStore/Page_Store/input_txtprice' is: '320'

2018-06-09 23:59:03 - [MESSAGE][PASSED] - Attribute 'value' of object 'Object Repository/DispensaryToStore/Page_Store/input_txtprice' is: '320'

2018-06-09 23:59:03 - [TEST_STEP][PASSED] - Statement - out.println("Stock QTY : " + StockQty): null

2018-06-09 23:59:03 - [TEST_STEP][PASSED] - delay: Delayed 2 second(s)

2018-06-09 23:59:05 - [MESSAGE][PASSED] - Delayed 2 second(s)

2018-06-09 23:59:05 - [TEST_STEP][PASSED] - Statement - If (java.lang.String.valueOf(StockQty) >= java.lang.String.valueOf(RequestedQty)): null

2018-06-09 23:59:05 - [TEST_STEP][PASSED] - setText: Text '10' is set on object 'Object Repository/DispensaryToStore/Page_Store/input_txtqty'

2018-06-09 23:59:05 - [MESSAGE][PASSED] - Text '10' is set on object 'Object Repository/DispensaryToStore/Page_Store/input_txtqty'

2018-06-09 23:59:05 - [TEST_STEP][PASSED] - click: Object: 'Object Repository/DispensaryToStore/Page_Store/button_Add' is clicked on

2018-06-09 23:59:05 - [MESSAGE][PASSED] - Object: 'Object Repository/DispensaryToStore/Page_Store/button_Add' is clicked on

2018-06-09 23:59:05 - [TEST_STEP][PASSED] - Statement - Break: null

2018-06-09 23:59:05 - [TEST_STEP][PASSED] - selectOptionByIndex: All options with index in [4] are selected on object 'Object Repository/DispensaryToStore/Page_Store/select_--Select--Adernaline 0.'

2018-06-09 23:59:05 - [MESSAGE][PASSED] - All options with index in [4] are selected on object 'Object Repository/DispensaryToStore/Page_Store/select_--Select--Adernaline 0.'

2018-06-09 23:59:05 - [TEST_STEP][PASSED] - delay: Delayed 2 second(s)

2018-06-09 23:59:07 - [MESSAGE][PASSED] - Delayed 2 second(s)

2018-06-09 23:59:07 - [TEST_STEP][PASSED] - Statement - RequestedQty = com.kms.katalon.core.webui.keyword.WebUiBuiltInKeywords.getAttribute(com.kms.katalon.core.testobject.ObjectRepository.findTestObject(DispensaryToStore/Page_Store/input_txttotal), "value"): Attribute 'value' of object 'Object Repository/DispensaryToStore/Page_Store/input_txttotal' is: '10'

2018-06-09 23:59:07 - [MESSAGE][PASSED] - Attribute 'value' of object 'Object Repository/DispensaryToStore/Page_Store/input_txttotal' is: '10'

2018-06-09 23:59:07 - [TEST_STEP][PASSED] - Statement - out.println("Requested QTY : " + RequestedQty): null

2018-06-09 23:59:07 - [TEST_STEP][PASSED] - Statement - BatchNumber = com.kms.katalon.core.webui.keyword.WebUiBuiltInKeywords.getNumberOfTotalOption(com.kms.katalon.core.testobject.ObjectRepository.findTestObject(DispensaryToStore/Page_Store/select_--Select--BA1170BA2376B)): 4 options of object 'Object Repository/DispensaryToStore/Page_Store/select_--Select--BA1170BA2376B' counted

2018-06-09 23:59:07 - [MESSAGE][PASSED] - 4 options of object 'Object Repository/DispensaryToStore/Page_Store/select_--Select--BA1170BA2376B' counted

2018-06-09 23:59:07 - [TEST_STEP][PASSED] - Statement - For ([g = 1, g <= BatchNumber - 1, (g++)]): null

2018-06-09 23:59:07 - [TEST_STEP][PASSED] - selectOptionByIndex: All options with index in [1] are selected on object 'Object Repository/DispensaryToStore/Page_Store/select_--Select--BA1170BA2376B'

2018-06-09 23:59:07 - [MESSAGE][PASSED] - All options with index in [1] are selected on object 'Object Repository/DispensaryToStore/Page_Store/select_--Select--BA1170BA2376B'

2018-06-09 23:59:07 - [TEST_STEP][PASSED] - Statement - Try: null

2018-06-09 23:59:07 - [TEST_STEP][PASSED] - Statement - StockQty = com.kms.katalon.core.webui.keyword.WebUiBuiltInKeywords.getAttribute(com.kms.katalon.core.testobject.ObjectRepository.findTestObject(DispensaryToStore/Page_Store/input_txtprice), "value"): Attribute 'value' of object 'Object Repository/DispensaryToStore/Page_Store/input_txtprice' is: '552'

2018-06-09 23:59:07 - [MESSAGE][PASSED] - Attribute 'value' of object 'Object Repository/DispensaryToStore/Page_Store/input_txtprice' is: '552'

2018-06-09 23:59:07 - [TEST_STEP][PASSED] - Statement - out.println("Stock QTY : " + StockQty): null

2018-06-09 23:59:07 - [TEST_STEP][PASSED] - delay: Delayed 2 second(s)

2018-06-09 23:59:09 - [MESSAGE][PASSED] - Delayed 2 second(s)

2018-06-09 23:59:09 - [TEST_STEP][PASSED] - Statement - If (java.lang.String.valueOf(StockQty) >= java.lang.String.valueOf(RequestedQty)): null

2018-06-09 23:59:09 - [TEST_STEP][PASSED] - setText: Text '10' is set on object 'Object Repository/DispensaryToStore/Page_Store/input_txtqty'

2018-06-09 23:59:09 - [MESSAGE][PASSED] - Text '10' is set on object 'Object Repository/DispensaryToStore/Page_Store/input_txtqty'

2018-06-09 23:59:09 - [TEST_STEP][PASSED] - click: Object: 'Object Repository/DispensaryToStore/Page_Store/button_Add' is clicked on

2018-06-09 23:59:09 - [MESSAGE][PASSED] - Object: 'Object Repository/DispensaryToStore/Page_Store/button_Add' is clicked on

2018-06-09 23:59:09 - [TEST_STEP][PASSED] - Statement - Break: null

2018-06-09 23:59:09 - [TEST_STEP][PASSED] - selectOptionByIndex: All options with index in [5] are selected on object 'Object Repository/DispensaryToStore/Page_Store/select_--Select--Adernaline 0.'

2018-06-09 23:59:10 - [MESSAGE][PASSED] - All options with index in [5] are selected on object 'Object Repository/DispensaryToStore/Page_Store/select_--Select--Adernaline 0.'

2018-06-09 23:59:10 - [TEST_STEP][PASSED] - delay: Delayed 2 second(s)

2018-06-09 23:59:12 - [MESSAGE][PASSED] - Delayed 2 second(s)

2018-06-09 23:59:12 - [TEST_STEP][PASSED] - Statement - RequestedQty = com.kms.katalon.core.webui.keyword.WebUiBuiltInKeywords.getAttribute(com.kms.katalon.core.testobject.ObjectRepository.findTestObject(DispensaryToStore/Page_Store/input_txttotal), "value"): Attribute 'value' of object 'Object Repository/DispensaryToStore/Page_Store/input_txttotal' is: '10'

2018-06-09 23:59:12 - [MESSAGE][PASSED] - Attribute 'value' of object 'Object Repository/DispensaryToStore/Page_Store/input_txttotal' is: '10'

2018-06-09 23:59:12 - [TEST_STEP][PASSED] - Statement - out.println("Requested QTY : " + RequestedQty): null

2018-06-09 23:59:12 - [TEST_STEP][PASSED] - Statement - BatchNumber = com.kms.katalon.core.webui.keyword.WebUiBuiltInKeywords.getNumberOfTotalOption(com.kms.katalon.core.testobject.ObjectRepository.findTestObject(DispensaryToStore/Page_Store/select_--Select--BA1170BA2376B)): 5 options of object 'Object Repository/DispensaryToStore/Page_Store/select_--Select--BA1170BA2376B' counted

2018-06-09 23:59:12 - [MESSAGE][PASSED] - 5 options of object 'Object Repository/DispensaryToStore/Page_Store/select_--Select--BA1170BA2376B' counted

2018-06-09 23:59:12 - [TEST_STEP][PASSED] - Statement - For ([g = 1, g <= BatchNumber - 1, (g++)]): null

2018-06-09 23:59:12 - [TEST_STEP][PASSED] - selectOptionByIndex: All options with index in [1] are selected on object 'Object Repository/DispensaryToStore/Page_Store/select_--Select--BA1170BA2376B'

2018-06-09 23:59:12 - [MESSAGE][PASSED] - All options with index in [1] are selected on object 'Object Repository/DispensaryToStore/Page_Store/select_--Select--BA1170BA2376B'

2018-06-09 23:59:12 - [TEST_STEP][PASSED] - Statement - Try: null

2018-06-09 23:59:12 - [TEST_STEP][PASSED] - Statement - StockQty = com.kms.katalon.core.webui.keyword.WebUiBuiltInKeywords.getAttribute(com.kms.katalon.core.testobject.ObjectRepository.findTestObject(DispensaryToStore/Page_Store/input_txtprice), "value"): Attribute 'value' of object 'Object Repository/DispensaryToStore/Page_Store/input_txtprice' is: '320'

2018-06-09 23:59:12 - [MESSAGE][PASSED] - Attribute 'value' of object 'Object Repository/DispensaryToStore/Page_Store/input_txtprice' is: '320'

2018-06-09 23:59:12 - [TEST_STEP][PASSED] - Statement - out.println("Stock QTY : " + StockQty): null

2018-06-09 23:59:12 - [TEST_STEP][PASSED] - delay: Delayed 2 second(s)

2018-06-09 23:59:14 - [MESSAGE][PASSED] - Delayed 2 second(s)

2018-06-09 23:59:14 - [TEST_STEP][PASSED] - Statement - If (java.lang.String.valueOf(StockQty) >= java.lang.String.valueOf(RequestedQty)): null

2018-06-09 23:59:14 - [TEST_STEP][PASSED] - setText: Text '10' is set on object 'Object Repository/DispensaryToStore/Page_Store/input_txtqty'

2018-06-09 23:59:14 - [MESSAGE][PASSED] - Text '10' is set on object 'Object Repository/DispensaryToStore/Page_Store/input_txtqty'

2018-06-09 23:59:14 - [TEST_STEP][PASSED] - click: Object: 'Object Repository/DispensaryToStore/Page_Store/button_Add' is clicked on

2018-06-09 23:59:14 - [MESSAGE][PASSED] - Object: 'Object Repository/DispensaryToStore/Page_Store/button_Add' is clicked on

2018-06-09 23:59:14 - [TEST_STEP][PASSED] - Statement - Break: null

2018-06-09 23:59:14 - [TEST_STEP][PASSED] - selectOptionByIndex: All options with index in [6] are selected on object 'Object Repository/DispensaryToStore/Page_Store/select_--Select--Adernaline 0.'

2018-06-09 23:59:14 - [MESSAGE][PASSED] - All options with index in [6] are selected on object 'Object Repository/DispensaryToStore/Page_Store/select_--Select--Adernaline 0.'

2018-06-09 23:59:14 - [TEST_STEP][PASSED] - delay: Delayed 2 second(s)

2018-06-09 23:59:16 - [MESSAGE][PASSED] - Delayed 2 second(s)

2018-06-09 23:59:16 - [TEST_STEP][PASSED] - Statement - RequestedQty = com.kms.katalon.core.webui.keyword.WebUiBuiltInKeywords.getAttribute(com.kms.katalon.core.testobject.ObjectRepository.findTestObject(DispensaryToStore/Page_Store/input_txttotal), "value"): Attribute 'value' of object 'Object Repository/DispensaryToStore/Page_Store/input_txttotal' is: '10'

2018-06-09 23:59:16 - [MESSAGE][PASSED] - Attribute 'value' of object 'Object Repository/DispensaryToStore/Page_Store/input_txttotal' is: '10'

2018-06-09 23:59:16 - [TEST_STEP][PASSED] - Statement - out.println("Requested QTY : " + RequestedQty): null

2018-06-09 23:59:16 - [TEST_STEP][PASSED] - Statement - BatchNumber = com.kms.katalon.core.webui.keyword.WebUiBuiltInKeywords.getNumberOfTotalOption(com.kms.katalon.core.testobject.ObjectRepository.findTestObject(DispensaryToStore/Page_Store/select_--Select--BA1170BA2376B)): 4 options of object 'Object Repository/DispensaryToStore/Page_Store/select_--Select--BA1170BA2376B' counted

2018-06-09 23:59:16 - [MESSAGE][PASSED] - 4 options of object 'Object Repository/DispensaryToStore/Page_Store/select_--Select--BA1170BA2376B' counted

2018-06-09 23:59:16 - [TEST_STEP][PASSED] - Statement - For ([g = 1, g <= BatchNumber - 1, (g++)]): null

2018-06-09 23:59:16 - [TEST_STEP][PASSED] - selectOptionByIndex: All options with index in [1] are selected on object 'Object Repository/DispensaryToStore/Page_Store/select_--Select--BA1170BA2376B'

2018-06-09 23:59:16 - [MESSAGE][PASSED] - All options with index in [1] are selected on object 'Object Repository/DispensaryToStore/Page_Store/select_--Select--BA1170BA2376B'

2018-06-09 23:59:16 - [TEST_STEP][PASSED] - Statement - Try: null

2018-06-09 23:59:16 - [TEST_STEP][PASSED] - Statement - StockQty = com.kms.katalon.core.webui.keyword.WebUiBuiltInKeywords.getAttribute(com.kms.katalon.core.testobject.ObjectRepository.findTestObject(DispensaryToStore/Page_Store/input_txtprice), "value"): Attribute 'value' of object 'Object Repository/DispensaryToStore/Page_Store/input_txtprice' is: '660'

2018-06-09 23:59:16 - [MESSAGE][PASSED] - Attribute 'value' of object 'Object Repository/DispensaryToStore/Page_Store/input_txtprice' is: '660'

2018-06-09 23:59:16 - [TEST_STEP][PASSED] - Statement - out.println("Stock QTY : " + StockQty): null

2018-06-09 23:59:16 - [TEST_STEP][PASSED] - delay: Delayed 2 second(s)

2018-06-09 23:59:18 - [MESSAGE][PASSED] - Delayed 2 second(s)

2018-06-09 23:59:18 - [TEST_STEP][PASSED] - Statement - If (java.lang.String.valueOf(StockQty) >= java.lang.String.valueOf(RequestedQty)): null

2018-06-09 23:59:18 - [TEST_STEP][PASSED] - setText: Text '10' is set on object 'Object Repository/DispensaryToStore/Page_Store/input_txtqty'

2018-06-09 23:59:18 - [MESSAGE][PASSED] - Text '10' is set on object 'Object Repository/DispensaryToStore/Page_Store/input_txtqty'

2018-06-09 23:59:18 - [TEST_STEP][PASSED] - click: Object: 'Object Repository/DispensaryToStore/Page_Store/button_Add' is clicked on

2018-06-09 23:59:19 - [MESSAGE][PASSED] - Object: 'Object Repository/DispensaryToStore/Page_Store/button_Add' is clicked on

2018-06-09 23:59:19 - [TEST_STEP][PASSED] - Statement - Break: null

2018-06-09 23:59:19 - [TEST_STEP][PASSED] - selectOptionByIndex: All options with index in [7] are selected on object 'Object Repository/DispensaryToStore/Page_Store/select_--Select--Adernaline 0.'

2018-06-09 23:59:19 - [MESSAGE][PASSED] - All options with index in [7] are selected on object 'Object Repository/DispensaryToStore/Page_Store/select_--Select--Adernaline 0.'

2018-06-09 23:59:19 - [TEST_STEP][PASSED] - delay: Delayed 2 second(s)

2018-06-09 23:59:21 - [MESSAGE][PASSED] - Delayed 2 second(s)

2018-06-09 23:59:21 - [TEST_STEP][PASSED] - Statement - RequestedQty = com.kms.katalon.core.webui.keyword.WebUiBuiltInKeywords.getAttribute(com.kms.katalon.core.testobject.ObjectRepository.findTestObject(DispensaryToStore/Page_Store/input_txttotal), "value"): Attribute 'value' of object 'Object Repository/DispensaryToStore/Page_Store/input_txttotal' is: '10'

2018-06-09 23:59:21 - [MESSAGE][PASSED] - Attribute 'value' of object 'Object Repository/DispensaryToStore/Page_Store/input_txttotal' is: '10'

2018-06-09 23:59:21 - [TEST_STEP][PASSED] - Statement - out.println("Requested QTY : " + RequestedQty): null

2018-06-09 23:59:21 - [TEST_STEP][PASSED] - Statement - BatchNumber = com.kms.katalon.core.webui.keyword.WebUiBuiltInKeywords.getNumberOfTotalOption(com.kms.katalon.core.testobject.ObjectRepository.findTestObject(DispensaryToStore/Page_Store/select_--Select--BA1170BA2376B)): 5 options of object 'Object Repository/DispensaryToStore/Page_Store/select_--Select--BA1170BA2376B' counted

2018-06-09 23:59:21 - [MESSAGE][PASSED] - 5 options of object 'Object Repository/DispensaryToStore/Page_Store/select_--Select--BA1170BA2376B' counted

2018-06-09 23:59:21 - [TEST_STEP][PASSED] - Statement - For ([g = 1, g <= BatchNumber - 1, (g++)]): null

2018-06-09 23:59:21 - [TEST_STEP][PASSED] - selectOptionByIndex: All options with index in [1] are selected on object 'Object Repository/DispensaryToStore/Page_Store/select_--Select--BA1170BA2376B'

2018-06-09 23:59:21 - [MESSAGE][PASSED] - All options with index in [1] are selected on object 'Object Repository/DispensaryToStore/Page_Store/select_--Select--BA1170BA2376B'

2018-06-09 23:59:21 - [TEST_STEP][PASSED] - Statement - Try: null

2018-06-09 23:59:21 - [TEST_STEP][PASSED] - Statement - StockQty = com.kms.katalon.core.webui.keyword.WebUiBuiltInKeywords.getAttribute(com.kms.katalon.core.testobject.ObjectRepository.findTestObject(DispensaryToStore/Page_Store/input_txtprice), "value"): Attribute 'value' of object 'Object Repository/DispensaryToStore/Page_Store/input_txtprice' is: '260'

2018-06-09 23:59:21 - [MESSAGE][PASSED] - Attribute 'value' of object 'Object Repository/DispensaryToStore/Page_Store/input_txtprice' is: '260'

2018-06-09 23:59:21 - [TEST_STEP][PASSED] - Statement - out.println("Stock QTY : " + StockQty): null

2018-06-09 23:59:21 - [TEST_STEP][PASSED] - delay: Delayed 2 second(s)

2018-06-09 23:59:23 - [MESSAGE][PASSED] - Delayed 2 second(s)

2018-06-09 23:59:23 - [TEST_STEP][PASSED] - Statement - If (java.lang.String.valueOf(StockQty) >= java.lang.String.valueOf(RequestedQty)): null

2018-06-09 23:59:23 - [TEST_STEP][PASSED] - setText: Text '10' is set on object 'Object Repository/DispensaryToStore/Page_Store/input_txtqty'

2018-06-09 23:59:23 - [MESSAGE][PASSED] - Text '10' is set on object 'Object Repository/DispensaryToStore/Page_Store/input_txtqty'

2018-06-09 23:59:23 - [TEST_STEP][PASSED] - click: Object: 'Object Repository/DispensaryToStore/Page_Store/button_Add' is clicked on

2018-06-09 23:59:23 - [MESSAGE][PASSED] - Object: 'Object Repository/DispensaryToStore/Page_Store/button_Add' is clicked on

2018-06-09 23:59:23 - [TEST_STEP][PASSED] - Statement - Break: null

2018-06-09 23:59:23 - [TEST_STEP][PASSED] - selectOptionByIndex: All options with index in [8] are selected on object 'Object Repository/DispensaryToStore/Page_Store/select_--Select--Adernaline 0.'

2018-06-09 23:59:23 - [MESSAGE][PASSED] - All options with index in [8] are selected on object 'Object Repository/DispensaryToStore/Page_Store/select_--Select--Adernaline 0.'

2018-06-09 23:59:23 - [TEST_STEP][PASSED] - delay: Delayed 2 second(s)

2018-06-09 23:59:25 - [MESSAGE][PASSED] - Delayed 2 second(s)

2018-06-09 23:59:25 - [TEST_STEP][PASSED] - Statement - RequestedQty = com.kms.katalon.core.webui.keyword.WebUiBuiltInKeywords.getAttribute(com.kms.katalon.core.testobject.ObjectRepository.findTestObject(DispensaryToStore/Page_Store/input_txttotal), "value"): Attribute 'value' of object 'Object Repository/DispensaryToStore/Page_Store/input_txttotal' is: '10'

2018-06-09 23:59:25 - [MESSAGE][PASSED] - Attribute 'value' of object 'Object Repository/DispensaryToStore/Page_Store/input_txttotal' is: '10'

2018-06-09 23:59:25 - [TEST_STEP][PASSED] - Statement - out.println("Requested QTY : " + RequestedQty): null

2018-06-09 23:59:25 - [TEST_STEP][PASSED] - Statement - BatchNumber = com.kms.katalon.core.webui.keyword.WebUiBuiltInKeywords.getNumberOfTotalOption(com.kms.katalon.core.testobject.ObjectRepository.findTestObject(DispensaryToStore/Page_Store/select_--Select--BA1170BA2376B)): 6 options of object 'Object Repository/DispensaryToStore/Page_Store/select_--Select--BA1170BA2376B' counted

2018-06-09 23:59:25 - [MESSAGE][PASSED] - 6 options of object 'Object Repository/DispensaryToStore/Page_Store/select_--Select--BA1170BA2376B' counted

2018-06-09 23:59:25 - [TEST_STEP][PASSED] - Statement - For ([g = 1, g <= BatchNumber - 1, (g++)]): null

2018-06-09 23:59:25 - [TEST_STEP][PASSED] - selectOptionByIndex: All options with index in [1] are selected on object 'Object Repository/DispensaryToStore/Page_Store/select_--Select--BA1170BA2376B'

2018-06-09 23:59:26 - [MESSAGE][PASSED] - All options with index in [1] are selected on object 'Object Repository/DispensaryToStore/Page_Store/select_--Select--BA1170BA2376B'

2018-06-09 23:59:26 - [TEST_STEP][PASSED] - Statement - Try: null

2018-06-09 23:59:26 - [TEST_STEP][PASSED] - Statement - StockQty = com.kms.katalon.core.webui.keyword.WebUiBuiltInKeywords.getAttribute(com.kms.katalon.core.testobject.ObjectRepository.findTestObject(DispensaryToStore/Page_Store/input_txtprice), "value"): Attribute 'value' of object 'Object Repository/DispensaryToStore/Page_Store/input_txtprice' is: '260'

2018-06-09 23:59:26 - [MESSAGE][PASSED] - Attribute 'value' of object 'Object Repository/DispensaryToStore/Page_Store/input_txtprice' is: '260'

2018-06-09 23:59:26 - [TEST_STEP][PASSED] - Statement - out.println("Stock QTY : " + StockQty): null

2018-06-09 23:59:26 - [TEST_STEP][PASSED] - delay: Delayed 2 second(s)

2018-06-09 23:59:28 - [MESSAGE][PASSED] - Delayed 2 second(s)

2018-06-09 23:59:28 - [TEST_STEP][PASSED] - Statement - If (java.lang.String.valueOf(StockQty) >= java.lang.String.valueOf(RequestedQty)): null

2018-06-09 23:59:28 - [TEST_STEP][PASSED] - setText: Text '10' is set on object 'Object Repository/DispensaryToStore/Page_Store/input_txtqty'

2018-06-09 23:59:28 - [MESSAGE][PASSED] - Text '10' is set on object 'Object Repository/DispensaryToStore/Page_Store/input_txtqty'

2018-06-09 23:59:28 - [TEST_STEP][PASSED] - click: Object: 'Object Repository/DispensaryToStore/Page_Store/button_Add' is clicked on

2018-06-09 23:59:28 - [MESSAGE][PASSED] - Object: 'Object Repository/DispensaryToStore/Page_Store/button_Add' is clicked on

2018-06-09 23:59:28 - [TEST_STEP][PASSED] - Statement - Break: null

2018-06-09 23:59:28 - [TEST_STEP][PASSED] - selectOptionByIndex: All options with index in [9] are selected on object 'Object Repository/DispensaryToStore/Page_Store/select_--Select--Adernaline 0.'

2018-06-09 23:59:28 - [MESSAGE][PASSED] - All options with index in [9] are selected on object 'Object Repository/DispensaryToStore/Page_Store/select_--Select--Adernaline 0.'

2018-06-09 23:59:28 - [TEST_STEP][PASSED] - delay: Delayed 2 second(s)

2018-06-09 23:59:30 - [MESSAGE][PASSED] - Delayed 2 second(s)

2018-06-09 23:59:30 - [TEST_STEP][PASSED] - Statement - RequestedQty = com.kms.katalon.core.webui.keyword.WebUiBuiltInKeywords.getAttribute(com.kms.katalon.core.testobject.ObjectRepository.findTestObject(DispensaryToStore/Page_Store/input_txttotal), "value"): Attribute 'value' of object 'Object Repository/DispensaryToStore/Page_Store/input_txttotal' is: '10'

2018-06-09 23:59:30 - [MESSAGE][PASSED] - Attribute 'value' of object 'Object Repository/DispensaryToStore/Page_Store/input_txttotal' is: '10'

2018-06-09 23:59:30 - [TEST_STEP][PASSED] - Statement - out.println("Requested QTY : " + RequestedQty): null

2018-06-09 23:59:30 - [TEST_STEP][PASSED] - Statement - BatchNumber = com.kms.katalon.core.webui.keyword.WebUiBuiltInKeywords.getNumberOfTotalOption(com.kms.katalon.core.testobject.ObjectRepository.findTestObject(DispensaryToStore/Page_Store/select_--Select--BA1170BA2376B)): 4 options of object 'Object Repository/DispensaryToStore/Page_Store/select_--Select--BA1170BA2376B' counted

2018-06-09 23:59:30 - [MESSAGE][PASSED] - 4 options of object 'Object Repository/DispensaryToStore/Page_Store/select_--Select--BA1170BA2376B' counted

2018-06-09 23:59:30 - [TEST_STEP][PASSED] - Statement - For ([g = 1, g <= BatchNumber - 1, (g++)]): null

2018-06-09 23:59:30 - [TEST_STEP][PASSED] - selectOptionByIndex: All options with index in [1] are selected on object 'Object Repository/DispensaryToStore/Page_Store/select_--Select--BA1170BA2376B'

2018-06-09 23:59:30 - [MESSAGE][PASSED] - All options with index in [1] are selected on object 'Object Repository/DispensaryToStore/Page_Store/select_--Select--BA1170BA2376B'

2018-06-09 23:59:30 - [TEST_STEP][PASSED] - Statement - Try: null

2018-06-09 23:59:30 - [TEST_STEP][PASSED] - Statement - StockQty = com.kms.katalon.core.webui.keyword.WebUiBuiltInKeywords.getAttribute(com.kms.katalon.core.testobject.ObjectRepository.findTestObject(DispensaryToStore/Page_Store/input_txtprice), "value"): Attribute 'value' of object 'Object Repository/DispensaryToStore/Page_Store/input_txtprice' is: '660'

2018-06-09 23:59:30 - [MESSAGE][PASSED] - Attribute 'value' of object 'Object Repository/DispensaryToStore/Page_Store/input_txtprice' is: '660'

2018-06-09 23:59:30 - [TEST_STEP][PASSED] - Statement - out.println("Stock QTY : " + StockQty): null

2018-06-09 23:59:30 - [TEST_STEP][PASSED] - delay: Delayed 2 second(s)

2018-06-09 23:59:32 - [MESSAGE][PASSED] - Delayed 2 second(s)

2018-06-09 23:59:32 - [TEST_STEP][PASSED] - Statement - If (java.lang.String.valueOf(StockQty) >= java.lang.String.valueOf(RequestedQty)): null

2018-06-09 23:59:32 - [TEST_STEP][PASSED] - setText: Text '10' is set on object 'Object Repository/DispensaryToStore/Page_Store/input_txtqty'

2018-06-09 23:59:32 - [MESSAGE][PASSED] - Text '10' is set on object 'Object Repository/DispensaryToStore/Page_Store/input_txtqty'

2018-06-09 23:59:32 - [TEST_STEP][PASSED] - click: Object: 'Object Repository/DispensaryToStore/Page_Store/button_Add' is clicked on

2018-06-09 23:59:32 - [MESSAGE][PASSED] - Object: 'Object Repository/DispensaryToStore/Page_Store/button_Add' is clicked on

2018-06-09 23:59:32 - [TEST_STEP][PASSED] - Statement - Break: null

2018-06-09 23:59:32 - [TEST_STEP][PASSED] - selectOptionByIndex: All options with index in [10] are selected on object 'Object Repository/DispensaryToStore/Page_Store/select_--Select--Adernaline 0.'

2018-06-09 23:59:33 - [MESSAGE][PASSED] - All options with index in [10] are selected on object 'Object Repository/DispensaryToStore/Page_Store/select_--Select--Adernaline 0.'

2018-06-09 23:59:33 - [TEST_STEP][PASSED] - delay: Delayed 2 second(s)

2018-06-09 23:59:35 - [MESSAGE][PASSED] - Delayed 2 second(s)

2018-06-09 23:59:35 - [TEST_STEP][PASSED] - Statement - RequestedQty = com.kms.katalon.core.webui.keyword.WebUiBuiltInKeywords.getAttribute(com.kms.katalon.core.testobject.ObjectRepository.findTestObject(DispensaryToStore/Page_Store/input_txttotal), "value"): Attribute 'value' of object 'Object Repository/DispensaryToStore/Page_Store/input_txttotal' is: '10'

2018-06-09 23:59:35 - [MESSAGE][PASSED] - Attribute 'value' of object 'Object Repository/DispensaryToStore/Page_Store/input_txttotal' is: '10'

2018-06-09 23:59:35 - [TEST_STEP][PASSED] - Statement - out.println("Requested QTY : " + RequestedQty): null

2018-06-09 23:59:35 - [TEST_STEP][PASSED] - Statement - BatchNumber = com.kms.katalon.core.webui.keyword.WebUiBuiltInKeywords.getNumberOfTotalOption(com.kms.katalon.core.testobject.ObjectRepository.findTestObject(DispensaryToStore/Page_Store/select_--Select--BA1170BA2376B)): 5 options of object 'Object Repository/DispensaryToStore/Page_Store/select_--Select--BA1170BA2376B' counted

2018-06-09 23:59:35 - [MESSAGE][PASSED] - 5 options of object 'Object Repository/DispensaryToStore/Page_Store/select_--Select--BA1170BA2376B' counted

2018-06-09 23:59:35 - [TEST_STEP][PASSED] - Statement - For ([g = 1, g <= BatchNumber - 1, (g++)]): null

2018-06-09 23:59:35 - [TEST_STEP][PASSED] - selectOptionByIndex: All options with index in [1] are selected on object 'Object Repository/DispensaryToStore/Page_Store/select_--Select--BA1170BA2376B'

2018-06-09 23:59:35 - [MESSAGE][PASSED] - All options with index in [1] are selected on object 'Object Repository/DispensaryToStore/Page_Store/select_--Select--BA1170BA2376B'

2018-06-09 23:59:35 - [TEST_STEP][PASSED] - Statement - Try: null

2018-06-09 23:59:35 - [TEST_STEP][PASSED] - Statement - StockQty = com.kms.katalon.core.webui.keyword.WebUiBuiltInKeywords.getAttribute(com.kms.katalon.core.testobject.ObjectRepository.findTestObject(DispensaryToStore/Page_Store/input_txtprice), "value"): Attribute 'value' of object 'Object Repository/DispensaryToStore/Page_Store/input_txtprice' is: '270'

2018-06-09 23:59:35 - [MESSAGE][PASSED] - Attribute 'value' of object 'Object Repository/DispensaryToStore/Page_Store/input_txtprice' is: '270'

2018-06-09 23:59:35 - [TEST_STEP][PASSED] - Statement - out.println("Stock QTY : " + StockQty): null

2018-06-09 23:59:35 - [TEST_STEP][PASSED] - delay: Delayed 2 second(s)

2018-06-09 23:59:37 - [MESSAGE][PASSED] - Delayed 2 second(s)

2018-06-09 23:59:37 - [TEST_STEP][PASSED] - Statement - If (java.lang.String.valueOf(StockQty) >= java.lang.String.valueOf(RequestedQty)): null

2018-06-09 23:59:37 - [TEST_STEP][PASSED] - setText: Text '10' is set on object 'Object Repository/DispensaryToStore/Page_Store/input_txtqty'

2018-06-09 23:59:37 - [MESSAGE][PASSED] - Text '10' is set on object 'Object Repository/DispensaryToStore/Page_Store/input_txtqty'

2018-06-09 23:59:37 - [TEST_STEP][PASSED] - click: Object: 'Object Repository/DispensaryToStore/Page_Store/button_Add' is clicked on

2018-06-09 23:59:37 - [MESSAGE][PASSED] - Object: 'Object Repository/DispensaryToStore/Page_Store/button_Add' is clicked on

2018-06-09 23:59:37 - [TEST_STEP][PASSED] - Statement - Break: null

2018-06-09 23:59:37 - [TEST_STEP][PASSED] - selectOptionByIndex: All options with index in [11] are selected on object 'Object Repository/DispensaryToStore/Page_Store/select_--Select--Adernaline 0.'

2018-06-09 23:59:37 - [MESSAGE][PASSED] - All options with index in [11] are selected on object 'Object Repository/DispensaryToStore/Page_Store/select_--Select--Adernaline 0.'

2018-06-09 23:59:37 - [TEST_STEP][PASSED] - delay: Delayed 2 second(s)

2018-06-09 23:59:39 - [MESSAGE][PASSED] - Delayed 2 second(s)

2018-06-09 23:59:39 - [TEST_STEP][PASSED] - Statement - RequestedQty = com.kms.katalon.core.webui.keyword.WebUiBuiltInKeywords.getAttribute(com.kms.katalon.core.testobject.ObjectRepository.findTestObject(DispensaryToStore/Page_Store/input_txttotal), "value"): Attribute 'value' of object 'Object Repository/DispensaryToStore/Page_Store/input_txttotal' is: '10'

2018-06-09 23:59:39 - [MESSAGE][PASSED] - Attribute 'value' of object 'Object Repository/DispensaryToStore/Page_Store/input_txttotal' is: '10'

2018-06-09 23:59:39 - [TEST_STEP][PASSED] - Statement - out.println("Requested QTY : " + RequestedQty): null

2018-06-09 23:59:39 - [TEST_STEP][PASSED] - Statement - BatchNumber = com.kms.katalon.core.webui.keyword.WebUiBuiltInKeywords.getNumberOfTotalOption(com.kms.katalon.core.testobject.ObjectRepository.findTestObject(DispensaryToStore/Page_Store/select_--Select--BA1170BA2376B)): 5 options of object 'Object Repository/DispensaryToStore/Page_Store/select_--Select--BA1170BA2376B' counted

2018-06-09 23:59:39 - [MESSAGE][PASSED] - 5 options of object 'Object Repository/DispensaryToStore/Page_Store/select_--Select--BA1170BA2376B' counted

2018-06-09 23:59:39 - [TEST_STEP][PASSED] - Statement - For ([g = 1, g <= BatchNumber - 1, (g++)]): null

2018-06-09 23:59:39 - [TEST_STEP][PASSED] - selectOptionByIndex: All options with index in [1] are selected on object 'Object Repository/DispensaryToStore/Page_Store/select_--Select--BA1170BA2376B'

2018-06-09 23:59:39 - [MESSAGE][PASSED] - All options with index in [1] are selected on object 'Object Repository/DispensaryToStore/Page_Store/select_--Select--BA1170BA2376B'

2018-06-09 23:59:39 - [TEST_STEP][PASSED] - Statement - Try: null

2018-06-09 23:59:39 - [TEST_STEP][PASSED] - Statement - StockQty = com.kms.katalon.core.webui.keyword.WebUiBuiltInKeywords.getAttribute(com.kms.katalon.core.testobject.ObjectRepository.findTestObject(DispensaryToStore/Page_Store/input_txtprice), "value"): Attribute 'value' of object 'Object Repository/DispensaryToStore/Page_Store/input_txtprice' is: '100'

2018-06-09 23:59:40 - [MESSAGE][PASSED] - Attribute 'value' of object 'Object Repository/DispensaryToStore/Page_Store/input_txtprice' is: '100'

2018-06-09 23:59:40 - [TEST_STEP][PASSED] - Statement - out.println("Stock QTY : " + StockQty): null

2018-06-09 23:59:40 - [TEST_STEP][PASSED] - delay: Delayed 2 second(s)

2018-06-09 23:59:42 - [MESSAGE][PASSED] - Delayed 2 second(s)

2018-06-09 23:59:42 - [TEST_STEP][PASSED] - Statement - If (java.lang.String.valueOf(StockQty) >= java.lang.String.valueOf(RequestedQty)): null

2018-06-09 23:59:42 - [TEST_STEP][PASSED] - setText: Text '10' is set on object 'Object Repository/DispensaryToStore/Page_Store/input_txtqty'

2018-06-09 23:59:42 - [MESSAGE][PASSED] - Text '10' is set on object 'Object Repository/DispensaryToStore/Page_Store/input_txtqty'

2018-06-09 23:59:42 - [TEST_STEP][PASSED] - click: Object: 'Object Repository/DispensaryToStore/Page_Store/button_Add' is clicked on

2018-06-09 23:59:42 - [MESSAGE][PASSED] - Object: 'Object Repository/DispensaryToStore/Page_Store/button_Add' is clicked on

2018-06-09 23:59:42 - [TEST_STEP][PASSED] - Statement - Break: null

2018-06-09 23:59:42 - [TEST_STEP][PASSED] - selectOptionByIndex: All options with index in [12] are selected on object 'Object Repository/DispensaryToStore/Page_Store/select_--Select--Adernaline 0.'

2018-06-09 23:59:42 - [MESSAGE][PASSED] - All options with index in [12] are selected on object 'Object Repository/DispensaryToStore/Page_Store/select_--Select--Adernaline 0.'

2018-06-09 23:59:42 - [TEST_STEP][PASSED] - delay: Delayed 2 second(s)

2018-06-09 23:59:44 - [MESSAGE][PASSED] - Delayed 2 second(s)

2018-06-09 23:59:44 - [TEST_STEP][PASSED] - Statement - RequestedQty = com.kms.katalon.core.webui.keyword.WebUiBuiltInKeywords.getAttribute(com.kms.katalon.core.testobject.ObjectRepository.findTestObject(DispensaryToStore/Page_Store/input_txttotal), "value"): Attribute 'value' of object 'Object Repository/DispensaryToStore/Page_Store/input_txttotal' is: '10'

2018-06-09 23:59:44 - [MESSAGE][PASSED] - Attribute 'value' of object 'Object Repository/DispensaryToStore/Page_Store/input_txttotal' is: '10'

2018-06-09 23:59:44 - [TEST_STEP][PASSED] - Statement - out.println("Requested QTY : " + RequestedQty): null

2018-06-09 23:59:44 - [TEST_STEP][PASSED] - Statement - BatchNumber = com.kms.katalon.core.webui.keyword.WebUiBuiltInKeywords.getNumberOfTotalOption(com.kms.katalon.core.testobject.ObjectRepository.findTestObject(DispensaryToStore/Page_Store/select_--Select--BA1170BA2376B)): 3 options of object 'Object Repository/DispensaryToStore/Page_Store/select_--Select--BA1170BA2376B' counted

2018-06-09 23:59:44 - [MESSAGE][PASSED] - 3 options of object 'Object Repository/DispensaryToStore/Page_Store/select_--Select--BA1170BA2376B' counted

2018-06-09 23:59:44 - [TEST_STEP][PASSED] - Statement - For ([g = 1, g <= BatchNumber - 1, (g++)]): null

2018-06-09 23:59:44 - [TEST_STEP][PASSED] - selectOptionByIndex: All options with index in [1] are selected on object 'Object Repository/DispensaryToStore/Page_Store/select_--Select--BA1170BA2376B'

2018-06-09 23:59:44 - [MESSAGE][PASSED] - All options with index in [1] are selected on object 'Object Repository/DispensaryToStore/Page_Store/select_--Select--BA1170BA2376B'

2018-06-09 23:59:44 - [TEST_STEP][PASSED] - Statement - Try: null

2018-06-09 23:59:44 - [TEST_STEP][PASSED] - Statement - StockQty = com.kms.katalon.core.webui.keyword.WebUiBuiltInKeywords.getAttribute(com.kms.katalon.core.testobject.ObjectRepository.findTestObject(DispensaryToStore/Page_Store/input_txtprice), "value"): Attribute 'value' of object 'Object Repository/DispensaryToStore/Page_Store/input_txtprice' is: '1700'

2018-06-09 23:59:44 - [MESSAGE][PASSED] - Attribute 'value' of object 'Object Repository/DispensaryToStore/Page_Store/input_txtprice' is: '1700'

2018-06-09 23:59:44 - [TEST_STEP][PASSED] - Statement - out.println("Stock QTY : " + StockQty): null

2018-06-09 23:59:44 - [TEST_STEP][PASSED] - delay: Delayed 2 second(s)

2018-06-09 23:59:46 - [MESSAGE][PASSED] - Delayed 2 second(s)

2018-06-09 23:59:46 - [TEST_STEP][PASSED] - Statement - If (java.lang.String.valueOf(StockQty) >= java.lang.String.valueOf(RequestedQty)): null

2018-06-09 23:59:46 - [TEST_STEP][PASSED] - setText: Text '10' is set on object 'Object Repository/DispensaryToStore/Page_Store/input_txtqty'

2018-06-09 23:59:46 - [MESSAGE][PASSED] - Text '10' is set on object 'Object Repository/DispensaryToStore/Page_Store/input_txtqty'

2018-06-09 23:59:46 - [TEST_STEP][PASSED] - click: Object: 'Object Repository/DispensaryToStore/Page_Store/button_Add' is clicked on

2018-06-09 23:59:46 - [MESSAGE][PASSED] - Object: 'Object Repository/DispensaryToStore/Page_Store/button_Add' is clicked on

2018-06-09 23:59:46 - [TEST_STEP][PASSED] - Statement - Break: null

2018-06-09 23:59:46 - [TEST_STEP][PASSED] - selectOptionByIndex: All options with index in [13] are selected on object 'Object Repository/DispensaryToStore/Page_Store/select_--Select--Adernaline 0.'

2018-06-09 23:59:47 - [MESSAGE][PASSED] - All options with index in [13] are selected on object 'Object Repository/DispensaryToStore/Page_Store/select_--Select--Adernaline 0.'

2018-06-09 23:59:47 - [TEST_STEP][PASSED] - delay: Delayed 2 second(s)

2018-06-09 23:59:49 - [MESSAGE][PASSED] - Delayed 2 second(s)

2018-06-09 23:59:49 - [TEST_STEP][PASSED] - Statement - RequestedQty = com.kms.katalon.core.webui.keyword.WebUiBuiltInKeywords.getAttribute(com.kms.katalon.core.testobject.ObjectRepository.findTestObject(DispensaryToStore/Page_Store/input_txttotal), "value"): Attribute 'value' of object 'Object Repository/DispensaryToStore/Page_Store/input_txttotal' is: '10'

2018-06-09 23:59:49 - [MESSAGE][PASSED] - Attribute 'value' of object 'Object Repository/DispensaryToStore/Page_Store/input_txttotal' is: '10'

2018-06-09 23:59:49 - [TEST_STEP][PASSED] - Statement - out.println("Requested QTY : " + RequestedQty): null

2018-06-09 23:59:49 - [TEST_STEP][PASSED] - Statement - BatchNumber = com.kms.katalon.core.webui.keyword.WebUiBuiltInKeywords.getNumberOfTotalOption(com.kms.katalon.core.testobject.ObjectRepository.findTestObject(DispensaryToStore/Page_Store/select_--Select--BA1170BA2376B)): 4 options of object 'Object Repository/DispensaryToStore/Page_Store/select_--Select--BA1170BA2376B' counted

2018-06-09 23:59:49 - [MESSAGE][PASSED] - 4 options of object 'Object Repository/DispensaryToStore/Page_Store/select_--Select--BA1170BA2376B' counted

2018-06-09 23:59:49 - [TEST_STEP][PASSED] - Statement - For ([g = 1, g <= BatchNumber - 1, (g++)]): null

2018-06-09 23:59:49 - [TEST_STEP][PASSED] - selectOptionByIndex: All options with index in [1] are selected on object 'Object Repository/DispensaryToStore/Page_Store/select_--Select--BA1170BA2376B'

2018-06-09 23:59:49 - [MESSAGE][PASSED] - All options with index in [1] are selected on object 'Object Repository/DispensaryToStore/Page_Store/select_--Select--BA1170BA2376B'

2018-06-09 23:59:49 - [TEST_STEP][PASSED] - Statement - Try: null

2018-06-09 23:59:49 - [TEST_STEP][PASSED] - Statement - StockQty = com.kms.katalon.core.webui.keyword.WebUiBuiltInKeywords.getAttribute(com.kms.katalon.core.testobject.ObjectRepository.findTestObject(DispensaryToStore/Page_Store/input_txtprice), "value"): Attribute 'value' of object 'Object Repository/DispensaryToStore/Page_Store/input_txtprice' is: '670'

2018-06-09 23:59:49 - [MESSAGE][PASSED] - Attribute 'value' of object 'Object Repository/DispensaryToStore/Page_Store/input_txtprice' is: '670'

2018-06-09 23:59:49 - [TEST_STEP][PASSED] - Statement - out.println("Stock QTY : " + StockQty): null

2018-06-09 23:59:49 - [TEST_STEP][PASSED] - delay: Delayed 2 second(s)

2018-06-09 23:59:51 - [MESSAGE][PASSED] - Delayed 2 second(s)

2018-06-09 23:59:51 - [TEST_STEP][PASSED] - Statement - If (java.lang.String.valueOf(StockQty) >= java.lang.String.valueOf(RequestedQty)): null

2018-06-09 23:59:51 - [TEST_STEP][PASSED] - setText: Text '10' is set on object 'Object Repository/DispensaryToStore/Page_Store/input_txtqty'

2018-06-09 23:59:51 - [MESSAGE][PASSED] - Text '10' is set on object 'Object Repository/DispensaryToStore/Page_Store/input_txtqty'

2018-06-09 23:59:51 - [TEST_STEP][PASSED] - click: Object: 'Object Repository/DispensaryToStore/Page_Store/button_Add' is clicked on

2018-06-09 23:59:51 - [MESSAGE][PASSED] - Object: 'Object Repository/DispensaryToStore/Page_Store/button_Add' is clicked on

2018-06-09 23:59:51 - [TEST_STEP][PASSED] - Statement - Break: null

2018-06-09 23:59:51 - [TEST_STEP][PASSED] - selectOptionByIndex: All options with index in [14] are selected on object 'Object Repository/DispensaryToStore/Page_Store/select_--Select--Adernaline 0.'

2018-06-09 23:59:51 - [MESSAGE][PASSED] - All options with index in [14] are selected on object 'Object Repository/DispensaryToStore/Page_Store/select_--Select--Adernaline 0.'

2018-06-09 23:59:51 - [TEST_STEP][PASSED] - delay: Delayed 2 second(s)

2018-06-09 23:59:53 - [MESSAGE][PASSED] - Delayed 2 second(s)

2018-06-09 23:59:53 - [TEST_STEP][PASSED] - Statement - RequestedQty = com.kms.katalon.core.webui.keyword.WebUiBuiltInKeywords.getAttribute(com.kms.katalon.core.testobject.ObjectRepository.findTestObject(DispensaryToStore/Page_Store/input_txttotal), "value"): Attribute 'value' of object 'Object Repository/DispensaryToStore/Page_Store/input_txttotal' is: '10'

2018-06-09 23:59:53 - [MESSAGE][PASSED] - Attribute 'value' of object 'Object Repository/DispensaryToStore/Page_Store/input_txttotal' is: '10'

2018-06-09 23:59:53 - [TEST_STEP][PASSED] - Statement - out.println("Requested QTY : " + RequestedQty): null

2018-06-09 23:59:53 - [TEST_STEP][PASSED] - Statement - BatchNumber = com.kms.katalon.core.webui.keyword.WebUiBuiltInKeywords.getNumberOfTotalOption(com.kms.katalon.core.testobject.ObjectRepository.findTestObject(DispensaryToStore/Page_Store/select_--Select--BA1170BA2376B)): 5 options of object 'Object Repository/DispensaryToStore/Page_Store/select_--Select--BA1170BA2376B' counted

2018-06-09 23:59:53 - [MESSAGE][PASSED] - 5 options of object 'Object Repository/DispensaryToStore/Page_Store/select_--Select--BA1170BA2376B' counted

2018-06-09 23:59:53 - [TEST_STEP][PASSED] - Statement - For ([g = 1, g <= BatchNumber - 1, (g++)]): null

2018-06-09 23:59:53 - [TEST_STEP][PASSED] - selectOptionByIndex: All options with index in [1] are selected on object 'Object Repository/DispensaryToStore/Page_Store/select_--Select--BA1170BA2376B'

2018-06-09 23:59:53 - [MESSAGE][PASSED] - All options with index in [1] are selected on object 'Object Repository/DispensaryToStore/Page_Store/select_--Select--BA1170BA2376B'

2018-06-09 23:59:53 - [TEST_STEP][PASSED] - Statement - Try: null

2018-06-09 23:59:53 - [TEST_STEP][PASSED] - Statement - StockQty = com.kms.katalon.core.webui.keyword.WebUiBuiltInKeywords.getAttribute(com.kms.katalon.core.testobject.ObjectRepository.findTestObject(DispensaryToStore/Page_Store/input_txtprice), "value"): Attribute 'value' of object 'Object Repository/DispensaryToStore/Page_Store/input_txtprice' is: '260'

2018-06-09 23:59:54 - [MESSAGE][PASSED] - Attribute 'value' of object 'Object Repository/DispensaryToStore/Page_Store/input_txtprice' is: '260'

2018-06-09 23:59:54 - [TEST_STEP][PASSED] - Statement - out.println("Stock QTY : " + StockQty): null

2018-06-09 23:59:54 - [TEST_STEP][PASSED] - delay: Delayed 2 second(s)

2018-06-09 23:59:56 - [MESSAGE][PASSED] - Delayed 2 second(s)

2018-06-09 23:59:56 - [TEST_STEP][PASSED] - Statement - If (java.lang.String.valueOf(StockQty) >= java.lang.String.valueOf(RequestedQty)): null

2018-06-09 23:59:56 - [TEST_STEP][PASSED] - setText: Text '10' is set on object 'Object Repository/DispensaryToStore/Page_Store/input_txtqty'

2018-06-09 23:59:56 - [MESSAGE][PASSED] - Text '10' is set on object 'Object Repository/DispensaryToStore/Page_Store/input_txtqty'

2018-06-09 23:59:56 - [TEST_STEP][PASSED] - click: Object: 'Object Repository/DispensaryToStore/Page_Store/button_Add' is clicked on

2018-06-09 23:59:56 - [MESSAGE][PASSED] - Object: 'Object Repository/DispensaryToStore/Page_Store/button_Add' is clicked on

2018-06-09 23:59:56 - [TEST_STEP][PASSED] - Statement - Break: null

2018-06-09 23:59:56 - [TEST_STEP][PASSED] - selectOptionByIndex: All options with index in [15] are selected on object 'Object Repository/DispensaryToStore/Page_Store/select_--Select--Adernaline 0.'

2018-06-09 23:59:56 - [MESSAGE][PASSED] - All options with index in [15] are selected on object 'Object Repository/DispensaryToStore/Page_Store/select_--Select--Adernaline 0.'

2018-06-09 23:59:56 - [TEST_STEP][PASSED] - delay: Delayed 2 second(s)

2018-06-09 23:59:58 - [MESSAGE][PASSED] - Delayed 2 second(s)

2018-06-09 23:59:58 - [TEST_STEP][PASSED] - Statement - RequestedQty = com.kms.katalon.core.webui.keyword.WebUiBuiltInKeywords.getAttribute(com.kms.katalon.core.testobject.ObjectRepository.findTestObject(DispensaryToStore/Page_Store/input_txttotal), "value"): Attribute 'value' of object 'Object Repository/DispensaryToStore/Page_Store/input_txttotal' is: '10'

2018-06-09 23:59:58 - [MESSAGE][PASSED] - Attribute 'value' of object 'Object Repository/DispensaryToStore/Page_Store/input_txttotal' is: '10'

2018-06-09 23:59:58 - [TEST_STEP][PASSED] - Statement - out.println("Requested QTY : " + RequestedQty): null

2018-06-09 23:59:58 - [TEST_STEP][PASSED] - Statement - BatchNumber = com.kms.katalon.core.webui.keyword.WebUiBuiltInKeywords.getNumberOfTotalOption(com.kms.katalon.core.testobject.ObjectRepository.findTestObject(DispensaryToStore/Page_Store/select_--Select--BA1170BA2376B)): 4 options of object 'Object Repository/DispensaryToStore/Page_Store/select_--Select--BA1170BA2376B' counted

2018-06-09 23:59:58 - [MESSAGE][PASSED] - 4 options of object 'Object Repository/DispensaryToStore/Page_Store/select_--Select--BA1170BA2376B' counted

2018-06-09 23:59:58 - [TEST_STEP][PASSED] - Statement - For ([g = 1, g <= BatchNumber - 1, (g++)]): null

2018-06-09 23:59:58 - [TEST_STEP][PASSED] - selectOptionByIndex: All options with index in [1] are selected on object 'Object Repository/DispensaryToStore/Page_Store/select_--Select--BA1170BA2376B'

2018-06-09 23:59:58 - [MESSAGE][PASSED] - All options with index in [1] are selected on object 'Object Repository/DispensaryToStore/Page_Store/select_--Select--BA1170BA2376B'

2018-06-09 23:59:58 - [TEST_STEP][PASSED] - Statement - Try: null

2018-06-09 23:59:58 - [TEST_STEP][PASSED] - Statement - StockQty = com.kms.katalon.core.webui.keyword.WebUiBuiltInKeywords.getAttribute(com.kms.katalon.core.testobject.ObjectRepository.findTestObject(DispensaryToStore/Page_Store/input_txtprice), "value"): Attribute 'value' of object 'Object Repository/DispensaryToStore/Page_Store/input_txtprice' is: '660'

2018-06-09 23:59:58 - [MESSAGE][PASSED] - Attribute 'value' of object 'Object Repository/DispensaryToStore/Page_Store/input_txtprice' is: '660'

2018-06-09 23:59:58 - [TEST_STEP][PASSED] - Statement - out.println("Stock QTY : " + StockQty): null

2018-06-09 23:59:58 - [TEST_STEP][PASSED] - delay: Delayed 2 second(s)

2018-06-10 00:00:00 - [MESSAGE][PASSED] - Delayed 2 second(s)

2018-06-10 00:00:00 - [TEST_STEP][PASSED] - Statement - If (java.lang.String.valueOf(StockQty) >= java.lang.String.valueOf(RequestedQty)): null

2018-06-10 00:00:00 - [TEST_STEP][PASSED] - setText: Text '10' is set on object 'Object Repository/DispensaryToStore/Page_Store/input_txtqty'

2018-06-10 00:00:00 - [MESSAGE][PASSED] - Text '10' is set on object 'Object Repository/DispensaryToStore/Page_Store/input_txtqty'

2018-06-10 00:00:00 - [TEST_STEP][PASSED] - click: Object: 'Object Repository/DispensaryToStore/Page_Store/button_Add' is clicked on

2018-06-10 00:00:01 - [MESSAGE][PASSED] - Object: 'Object Repository/DispensaryToStore/Page_Store/button_Add' is clicked on

2018-06-10 00:00:01 - [TEST_STEP][PASSED] - Statement - Break: null

2018-06-10 00:00:01 - [TEST_STEP][PASSED] - selectOptionByIndex: All options with index in [16] are selected on object 'Object Repository/DispensaryToStore/Page_Store/select_--Select--Adernaline 0.'

2018-06-10 00:00:01 - [MESSAGE][PASSED] - All options with index in [16] are selected on object 'Object Repository/DispensaryToStore/Page_Store/select_--Select--Adernaline 0.'

2018-06-10 00:00:01 - [TEST_STEP][PASSED] - delay: Delayed 2 second(s)

2018-06-10 00:00:03 - [MESSAGE][PASSED] - Delayed 2 second(s)

2018-06-10 00:00:03 - [TEST_STEP][PASSED] - Statement - RequestedQty = com.kms.katalon.core.webui.keyword.WebUiBuiltInKeywords.getAttribute(com.kms.katalon.core.testobject.ObjectRepository.findTestObject(DispensaryToStore/Page_Store/input_txttotal), "value"): Attribute 'value' of object 'Object Repository/DispensaryToStore/Page_Store/input_txttotal' is: '10'

2018-06-10 00:00:03 - [MESSAGE][PASSED] - Attribute 'value' of object 'Object Repository/DispensaryToStore/Page_Store/input_txttotal' is: '10'

2018-06-10 00:00:03 - [TEST_STEP][PASSED] - Statement - out.println("Requested QTY : " + RequestedQty): null

2018-06-10 00:00:03 - [TEST_STEP][PASSED] - Statement - BatchNumber = com.kms.katalon.core.webui.keyword.WebUiBuiltInKeywords.getNumberOfTotalOption(com.kms.katalon.core.testobject.ObjectRepository.findTestObject(DispensaryToStore/Page_Store/select_--Select--BA1170BA2376B)): 3 options of object 'Object Repository/DispensaryToStore/Page_Store/select_--Select--BA1170BA2376B' counted

2018-06-10 00:00:03 - [MESSAGE][PASSED] - 3 options of object 'Object Repository/DispensaryToStore/Page_Store/select_--Select--BA1170BA2376B' counted

2018-06-10 00:00:03 - [TEST_STEP][PASSED] - Statement - For ([g = 1, g <= BatchNumber - 1, (g++)]): null

2018-06-10 00:00:03 - [TEST_STEP][PASSED] - selectOptionByIndex: All options with index in [1] are selected on object 'Object Repository/DispensaryToStore/Page_Store/select_--Select--BA1170BA2376B'

2018-06-10 00:00:03 - [MESSAGE][PASSED] - All options with index in [1] are selected on object 'Object Repository/DispensaryToStore/Page_Store/select_--Select--BA1170BA2376B'

2018-06-10 00:00:03 - [TEST_STEP][PASSED] - Statement - Try: null

2018-06-10 00:00:03 - [TEST_STEP][PASSED] - Statement - StockQty = com.kms.katalon.core.webui.keyword.WebUiBuiltInKeywords.getAttribute(com.kms.katalon.core.testobject.ObjectRepository.findTestObject(DispensaryToStore/Page_Store/input_txtprice), "value"): Attribute 'value' of object 'Object Repository/DispensaryToStore/Page_Store/input_txtprice' is: ''

2018-06-10 00:00:03 - [MESSAGE][PASSED] - Attribute 'value' of object 'Object Repository/DispensaryToStore/Page_Store/input_txtprice' is: ''

2018-06-10 00:00:03 - [TEST_STEP][PASSED] - Statement - out.println("Stock QTY : " + StockQty): null

2018-06-10 00:00:03 - [TEST_STEP][PASSED] - delay: Delayed 2 second(s)

2018-06-10 00:00:05 - [MESSAGE][PASSED] - Delayed 2 second(s)

2018-06-10 00:00:05 - [TEST_STEP][PASSED] - Statement - If (java.lang.String.valueOf(StockQty) >= java.lang.String.valueOf(RequestedQty)): null

2018-06-10 00:00:05 - [TEST_STEP][PASSED] - Statement - Else: null

2018-06-10 00:00:05 - [TEST_STEP][PASSED] - Statement - out.println("Stock Is Less Than Requested Qty"): null

2018-06-10 00:00:05 - [TEST_STEP][PASSED] - selectOptionByIndex: All options with index in [2] are selected on object 'Object Repository/DispensaryToStore/Page_Store/select_--Select--BA1170BA2376B'

2018-06-10 00:00:05 - [MESSAGE][PASSED] - All options with index in [2] are selected on object 'Object Repository/DispensaryToStore/Page_Store/select_--Select--BA1170BA2376B'

2018-06-10 00:00:05 - [TEST_STEP][PASSED] - Statement - Try: null

2018-06-10 00:00:05 - [TEST_STEP][PASSED] - Statement - StockQty = com.kms.katalon.core.webui.keyword.WebUiBuiltInKeywords.getAttribute(com.kms.katalon.core.testobject.ObjectRepository.findTestObject(DispensaryToStore/Page_Store/input_txtprice), "value"): Attribute 'value' of object 'Object Repository/DispensaryToStore/Page_Store/input_txtprice' is: '980'

2018-06-10 00:00:05 - [MESSAGE][PASSED] - Attribute 'value' of object 'Object Repository/DispensaryToStore/Page_Store/input_txtprice' is: '980'

2018-06-10 00:00:05 - [TEST_STEP][PASSED] - Statement - out.println("Stock QTY : " + StockQty): null

2018-06-10 00:00:05 - [TEST_STEP][PASSED] - delay: Delayed 2 second(s)

2018-06-10 00:00:07 - [MESSAGE][PASSED] - Delayed 2 second(s)

2018-06-10 00:00:07 - [TEST_STEP][PASSED] - Statement - If (java.lang.String.valueOf(StockQty) >= java.lang.String.valueOf(RequestedQty)): null

2018-06-10 00:00:07 - [TEST_STEP][PASSED] - setText: Text '10' is set on object 'Object Repository/DispensaryToStore/Page_Store/input_txtqty'

2018-06-10 00:00:07 - [MESSAGE][PASSED] - Text '10' is set on object 'Object Repository/DispensaryToStore/Page_Store/input_txtqty'

2018-06-10 00:00:07 - [TEST_STEP][PASSED] - click: Object: 'Object Repository/DispensaryToStore/Page_Store/button_Add' is clicked on

2018-06-10 00:00:07 - [MESSAGE][PASSED] - Object: 'Object Repository/DispensaryToStore/Page_Store/button_Add' is clicked on

2018-06-10 00:00:07 - [TEST_STEP][PASSED] - Statement - Break: null

2018-06-10 00:00:07 - [TEST_STEP][PASSED] - selectOptionByIndex: All options with index in [17] are selected on object 'Object Repository/DispensaryToStore/Page_Store/select_--Select--Adernaline 0.'

2018-06-10 00:00:08 - [MESSAGE][PASSED] - All options with index in [17] are selected on object 'Object Repository/DispensaryToStore/Page_Store/select_--Select--Adernaline 0.'

2018-06-10 00:00:08 - [TEST_STEP][PASSED] - delay: Delayed 2 second(s)

2018-06-10 00:00:10 - [MESSAGE][PASSED] - Delayed 2 second(s)

2018-06-10 00:00:10 - [TEST_STEP][PASSED] - Statement - RequestedQty = com.kms.katalon.core.webui.keyword.WebUiBuiltInKeywords.getAttribute(com.kms.katalon.core.testobject.ObjectRepository.findTestObject(DispensaryToStore/Page_Store/input_txttotal), "value"): Attribute 'value' of object 'Object Repository/DispensaryToStore/Page_Store/input_txttotal' is: '10'

2018-06-10 00:00:10 - [MESSAGE][PASSED] - Attribute 'value' of object 'Object Repository/DispensaryToStore/Page_Store/input_txttotal' is: '10'

2018-06-10 00:00:10 - [TEST_STEP][PASSED] - Statement - out.println("Requested QTY : " + RequestedQty): null

2018-06-10 00:00:10 - [TEST_STEP][PASSED] - Statement - BatchNumber = com.kms.katalon.core.webui.keyword.WebUiBuiltInKeywords.getNumberOfTotalOption(com.kms.katalon.core.testobject.ObjectRepository.findTestObject(DispensaryToStore/Page_Store/select_--Select--BA1170BA2376B)): 4 options of object 'Object Repository/DispensaryToStore/Page_Store/select_--Select--BA1170BA2376B' counted

2018-06-10 00:00:10 - [MESSAGE][PASSED] - 4 options of object 'Object Repository/DispensaryToStore/Page_Store/select_--Select--BA1170BA2376B' counted

2018-06-10 00:00:10 - [TEST_STEP][PASSED] - Statement - For ([g = 1, g <= BatchNumber - 1, (g++)]): null

2018-06-10 00:00:10 - [TEST_STEP][PASSED] - selectOptionByIndex: All options with index in [1] are selected on object 'Object Repository/DispensaryToStore/Page_Store/select_--Select--BA1170BA2376B'

2018-06-10 00:00:10 - [MESSAGE][PASSED] - All options with index in [1] are selected on object 'Object Repository/DispensaryToStore/Page_Store/select_--Select--BA1170BA2376B'

2018-06-10 00:00:10 - [TEST_STEP][PASSED] - Statement - Try: null

2018-06-10 00:00:10 - [TEST_STEP][PASSED] - Statement - StockQty = com.kms.katalon.core.webui.keyword.WebUiBuiltInKeywords.getAttribute(com.kms.katalon.core.testobject.ObjectRepository.findTestObject(DispensaryToStore/Page_Store/input_txtprice), "value"): Attribute 'value' of object 'Object Repository/DispensaryToStore/Page_Store/input_txtprice' is: '660'

2018-06-10 00:00:10 - [MESSAGE][PASSED] - Attribute 'value' of object 'Object Repository/DispensaryToStore/Page_Store/input_txtprice' is: '660'

2018-06-10 00:00:10 - [TEST_STEP][PASSED] - Statement - out.println("Stock QTY : " + StockQty): null

2018-06-10 00:00:10 - [TEST_STEP][PASSED] - delay: Delayed 2 second(s)

2018-06-10 00:00:12 - [MESSAGE][PASSED] - Delayed 2 second(s)

2018-06-10 00:00:12 - [TEST_STEP][PASSED] - Statement - If (java.lang.String.valueOf(StockQty) >= java.lang.String.valueOf(RequestedQty)): null

2018-06-10 00:00:12 - [TEST_STEP][PASSED] - setText: Text '10' is set on object 'Object Repository/DispensaryToStore/Page_Store/input_txtqty'

2018-06-10 00:00:12 - [MESSAGE][PASSED] - Text '10' is set on object 'Object Repository/DispensaryToStore/Page_Store/input_txtqty'

2018-06-10 00:00:12 - [TEST_STEP][PASSED] - click: Object: 'Object Repository/DispensaryToStore/Page_Store/button_Add' is clicked on

2018-06-10 00:00:12 - [MESSAGE][PASSED] - Object: 'Object Repository/DispensaryToStore/Page_Store/button_Add' is clicked on

2018-06-10 00:00:12 - [TEST_STEP][PASSED] - Statement - Break: null

2018-06-10 00:00:12 - [TEST_STEP][PASSED] - selectOptionByIndex: All options with index in [18] are selected on object 'Object Repository/DispensaryToStore/Page_Store/select_--Select--Adernaline 0.'

2018-06-10 00:00:12 - [MESSAGE][PASSED] - All options with index in [18] are selected on object 'Object Repository/DispensaryToStore/Page_Store/select_--Select--Adernaline 0.'

2018-06-10 00:00:12 - [TEST_STEP][PASSED] - delay: Delayed 2 second(s)

2018-06-10 00:00:14 - [MESSAGE][PASSED] - Delayed 2 second(s)

2018-06-10 00:00:14 - [TEST_STEP][PASSED] - Statement - RequestedQty = com.kms.katalon.core.webui.keyword.WebUiBuiltInKeywords.getAttribute(com.kms.katalon.core.testobject.ObjectRepository.findTestObject(DispensaryToStore/Page_Store/input_txttotal), "value"): Attribute 'value' of object 'Object Repository/DispensaryToStore/Page_Store/input_txttotal' is: '10'

2018-06-10 00:00:14 - [MESSAGE][PASSED] - Attribute 'value' of object 'Object Repository/DispensaryToStore/Page_Store/input_txttotal' is: '10'

2018-06-10 00:00:14 - [TEST_STEP][PASSED] - Statement - out.println("Requested QTY : " + RequestedQty): null

2018-06-10 00:00:14 - [TEST_STEP][PASSED] - Statement - BatchNumber = com.kms.katalon.core.webui.keyword.WebUiBuiltInKeywords.getNumberOfTotalOption(com.kms.katalon.core.testobject.ObjectRepository.findTestObject(DispensaryToStore/Page_Store/select_--Select--BA1170BA2376B)): 4 options of object 'Object Repository/DispensaryToStore/Page_Store/select_--Select--BA1170BA2376B' counted

2018-06-10 00:00:14 - [MESSAGE][PASSED] - 4 options of object 'Object Repository/DispensaryToStore/Page_Store/select_--Select--BA1170BA2376B' counted

2018-06-10 00:00:14 - [TEST_STEP][PASSED] - Statement - For ([g = 1, g <= BatchNumber - 1, (g++)]): null

2018-06-10 00:00:14 - [TEST_STEP][PASSED] - selectOptionByIndex: All options with index in [1] are selected on object 'Object Repository/DispensaryToStore/Page_Store/select_--Select--BA1170BA2376B'

2018-06-10 00:00:15 - [MESSAGE][PASSED] - All options with index in [1] are selected on object 'Object Repository/DispensaryToStore/Page_Store/select_--Select--BA1170BA2376B'

2018-06-10 00:00:15 - [TEST_STEP][PASSED] - Statement - Try: null

2018-06-10 00:00:15 - [TEST_STEP][PASSED] - Statement - StockQty = com.kms.katalon.core.webui.keyword.WebUiBuiltInKeywords.getAttribute(com.kms.katalon.core.testobject.ObjectRepository.findTestObject(DispensaryToStore/Page_Store/input_txtprice), "value"): Attribute 'value' of object 'Object Repository/DispensaryToStore/Page_Store/input_txtprice' is: '320'

2018-06-10 00:00:15 - [MESSAGE][PASSED] - Attribute 'value' of object 'Object Repository/DispensaryToStore/Page_Store/input_txtprice' is: '320'

2018-06-10 00:00:15 - [TEST_STEP][PASSED] - Statement - out.println("Stock QTY : " + StockQty): null

2018-06-10 00:00:15 - [TEST_STEP][PASSED] - delay: Delayed 2 second(s)

2018-06-10 00:00:17 - [MESSAGE][PASSED] - Delayed 2 second(s)

2018-06-10 00:00:17 - [TEST_STEP][PASSED] - Statement - If (java.lang.String.valueOf(StockQty) >= java.lang.String.valueOf(RequestedQty)): null

2018-06-10 00:00:17 - [TEST_STEP][PASSED] - setText: Text '10' is set on object 'Object Repository/DispensaryToStore/Page_Store/input_txtqty'

2018-06-10 00:00:17 - [MESSAGE][PASSED] - Text '10' is set on object 'Object Repository/DispensaryToStore/Page_Store/input_txtqty'

2018-06-10 00:00:17 - [TEST_STEP][PASSED] - click: Object: 'Object Repository/DispensaryToStore/Page_Store/button_Add' is clicked on

2018-06-10 00:00:17 - [MESSAGE][PASSED] - Object: 'Object Repository/DispensaryToStore/Page_Store/button_Add' is clicked on

2018-06-10 00:00:17 - [TEST_STEP][PASSED] - Statement - Break: null

2018-06-10 00:00:17 - [TEST_STEP][PASSED] - selectOptionByIndex: All options with index in [19] are selected on object 'Object Repository/DispensaryToStore/Page_Store/select_--Select--Adernaline 0.'

2018-06-10 00:00:17 - [MESSAGE][PASSED] - All options with index in [19] are selected on object 'Object Repository/DispensaryToStore/Page_Store/select_--Select--Adernaline 0.'

2018-06-10 00:00:17 - [TEST_STEP][PASSED] - delay: Delayed 2 second(s)

2018-06-10 00:00:19 - [MESSAGE][PASSED] - Delayed 2 second(s)

2018-06-10 00:00:19 - [TEST_STEP][PASSED] - Statement - RequestedQty = com.kms.katalon.core.webui.keyword.WebUiBuiltInKeywords.getAttribute(com.kms.katalon.core.testobject.ObjectRepository.findTestObject(DispensaryToStore/Page_Store/input_txttotal), "value"): Attribute 'value' of object 'Object Repository/DispensaryToStore/Page_Store/input_txttotal' is: '10'

2018-06-10 00:00:19 - [MESSAGE][PASSED] - Attribute 'value' of object 'Object Repository/DispensaryToStore/Page_Store/input_txttotal' is: '10'

2018-06-10 00:00:19 - [TEST_STEP][PASSED] - Statement - out.println("Requested QTY : " + RequestedQty): null

2018-06-10 00:00:19 - [TEST_STEP][PASSED] - Statement - BatchNumber = com.kms.katalon.core.webui.keyword.WebUiBuiltInKeywords.getNumberOfTotalOption(com.kms.katalon.core.testobject.ObjectRepository.findTestObject(DispensaryToStore/Page_Store/select_--Select--BA1170BA2376B)): 4 options of object 'Object Repository/DispensaryToStore/Page_Store/select_--Select--BA1170BA2376B' counted

2018-06-10 00:00:19 - [MESSAGE][PASSED] - 4 options of object 'Object Repository/DispensaryToStore/Page_Store/select_--Select--BA1170BA2376B' counted

2018-06-10 00:00:19 - [TEST_STEP][PASSED] - Statement - For ([g = 1, g <= BatchNumber - 1, (g++)]): null

2018-06-10 00:00:19 - [TEST_STEP][PASSED] - selectOptionByIndex: All options with index in [1] are selected on object 'Object Repository/DispensaryToStore/Page_Store/select_--Select--BA1170BA2376B'

2018-06-10 00:00:19 - [MESSAGE][PASSED] - All options with index in [1] are selected on object 'Object Repository/DispensaryToStore/Page_Store/select_--Select--BA1170BA2376B'

2018-06-10 00:00:19 - [TEST_STEP][PASSED] - Statement - Try: null

2018-06-10 00:00:19 - [TEST_STEP][PASSED] - Statement - StockQty = com.kms.katalon.core.webui.keyword.WebUiBuiltInKeywords.getAttribute(com.kms.katalon.core.testobject.ObjectRepository.findTestObject(DispensaryToStore/Page_Store/input_txtprice), "value"): Attribute 'value' of object 'Object Repository/DispensaryToStore/Page_Store/input_txtprice' is: '2600'

2018-06-10 00:00:19 - [MESSAGE][PASSED] - Attribute 'value' of object 'Object Repository/DispensaryToStore/Page_Store/input_txtprice' is: '2600'

2018-06-10 00:00:19 - [TEST_STEP][PASSED] - Statement - out.println("Stock QTY : " + StockQty): null

2018-06-10 00:00:19 - [TEST_STEP][PASSED] - delay: Delayed 2 second(s)

2018-06-10 00:00:21 - [MESSAGE][PASSED] - Delayed 2 second(s)

2018-06-10 00:00:21 - [TEST_STEP][PASSED] - Statement - If (java.lang.String.valueOf(StockQty) >= java.lang.String.valueOf(RequestedQty)): null

2018-06-10 00:00:21 - [TEST_STEP][PASSED] - setText: Text '10' is set on object 'Object Repository/DispensaryToStore/Page_Store/input_txtqty'

2018-06-10 00:00:21 - [MESSAGE][PASSED] - Text '10' is set on object 'Object Repository/DispensaryToStore/Page_Store/input_txtqty'

2018-06-10 00:00:21 - [TEST_STEP][PASSED] - click: Object: 'Object Repository/DispensaryToStore/Page_Store/button_Add' is clicked on

2018-06-10 00:00:22 - [MESSAGE][PASSED] - Object: 'Object Repository/DispensaryToStore/Page_Store/button_Add' is clicked on

2018-06-10 00:00:22 - [TEST_STEP][PASSED] - Statement - Break: null

2018-06-10 00:00:22 - [TEST_STEP][PASSED] - selectOptionByIndex: All options with index in [20] are selected on object 'Object Repository/DispensaryToStore/Page_Store/select_--Select--Adernaline 0.'

2018-06-10 00:00:22 - [MESSAGE][PASSED] - All options with index in [20] are selected on object 'Object Repository/DispensaryToStore/Page_Store/select_--Select--Adernaline 0.'

2018-06-10 00:00:22 - [TEST_STEP][PASSED] - delay: Delayed 2 second(s)

2018-06-10 00:00:24 - [MESSAGE][PASSED] - Delayed 2 second(s)

2018-06-10 00:00:24 - [TEST_STEP][PASSED] - Statement - RequestedQty = com.kms.katalon.core.webui.keyword.WebUiBuiltInKeywords.getAttribute(com.kms.katalon.core.testobject.ObjectRepository.findTestObject(DispensaryToStore/Page_Store/input_txttotal), "value"): Attribute 'value' of object 'Object Repository/DispensaryToStore/Page_Store/input_txttotal' is: '10'

2018-06-10 00:00:24 - [MESSAGE][PASSED] - Attribute 'value' of object 'Object Repository/DispensaryToStore/Page_Store/input_txttotal' is: '10'

2018-06-10 00:00:24 - [TEST_STEP][PASSED] - Statement - out.println("Requested QTY : " + RequestedQty): null

2018-06-10 00:00:24 - [TEST_STEP][PASSED] - Statement - BatchNumber = com.kms.katalon.core.webui.keyword.WebUiBuiltInKeywords.getNumberOfTotalOption(com.kms.katalon.core.testobject.ObjectRepository.findTestObject(DispensaryToStore/Page_Store/select_--Select--BA1170BA2376B)): 5 options of object 'Object Repository/DispensaryToStore/Page_Store/select_--Select--BA1170BA2376B' counted

2018-06-10 00:00:24 - [MESSAGE][PASSED] - 5 options of object 'Object Repository/DispensaryToStore/Page_Store/select_--Select--BA1170BA2376B' counted

2018-06-10 00:00:24 - [TEST_STEP][PASSED] - Statement - For ([g = 1, g <= BatchNumber - 1, (g++)]): null

2018-06-10 00:00:24 - [TEST_STEP][PASSED] - selectOptionByIndex: All options with index in [1] are selected on object 'Object Repository/DispensaryToStore/Page_Store/select_--Select--BA1170BA2376B'

2018-06-10 00:00:24 - [MESSAGE][PASSED] - All options with index in [1] are selected on object 'Object Repository/DispensaryToStore/Page_Store/select_--Select--BA1170BA2376B'

2018-06-10 00:00:24 - [TEST_STEP][PASSED] - Statement - Try: null

2018-06-10 00:00:24 - [TEST_STEP][PASSED] - Statement - StockQty = com.kms.katalon.core.webui.keyword.WebUiBuiltInKeywords.getAttribute(com.kms.katalon.core.testobject.ObjectRepository.findTestObject(DispensaryToStore/Page_Store/input_txtprice), "value"): Attribute 'value' of object 'Object Repository/DispensaryToStore/Page_Store/input_txtprice' is: '260'

2018-06-10 00:00:24 - [MESSAGE][PASSED] - Attribute 'value' of object 'Object Repository/DispensaryToStore/Page_Store/input_txtprice' is: '260'

2018-06-10 00:00:24 - [TEST_STEP][PASSED] - Statement - out.println("Stock QTY : " + StockQty): null

2018-06-10 00:00:24 - [TEST_STEP][PASSED] - delay: Delayed 2 second(s)

2018-06-10 00:00:26 - [MESSAGE][PASSED] - Delayed 2 second(s)

2018-06-10 00:00:26 - [TEST_STEP][PASSED] - Statement - If (java.lang.String.valueOf(StockQty) >= java.lang.String.valueOf(RequestedQty)): null

2018-06-10 00:00:26 - [TEST_STEP][PASSED] - setText: Text '10' is set on object 'Object Repository/DispensaryToStore/Page_Store/input_txtqty'

2018-06-10 00:00:26 - [MESSAGE][PASSED] - Text '10' is set on object 'Object Repository/DispensaryToStore/Page_Store/input_txtqty'

2018-06-10 00:00:26 - [TEST_STEP][PASSED] - click: Object: 'Object Repository/DispensaryToStore/Page_Store/button_Add' is clicked on

2018-06-10 00:00:26 - [MESSAGE][PASSED] - Object: 'Object Repository/DispensaryToStore/Page_Store/button_Add' is clicked on

2018-06-10 00:00:26 - [TEST_STEP][PASSED] - Statement - Break: null

2018-06-10 00:00:26 - [TEST_STEP][PASSED] - selectOptionByIndex: All options with index in [21] are selected on object 'Object Repository/DispensaryToStore/Page_Store/select_--Select--Adernaline 0.'

2018-06-10 00:00:27 - [MESSAGE][PASSED] - All options with index in [21] are selected on object 'Object Repository/DispensaryToStore/Page_Store/select_--Select--Adernaline 0.'

2018-06-10 00:00:27 - [TEST_STEP][PASSED] - delay: Delayed 2 second(s)

2018-06-10 00:00:29 - [MESSAGE][PASSED] - Delayed 2 second(s)

2018-06-10 00:00:29 - [TEST_STEP][PASSED] - Statement - RequestedQty = com.kms.katalon.core.webui.keyword.WebUiBuiltInKeywords.getAttribute(com.kms.katalon.core.testobject.ObjectRepository.findTestObject(DispensaryToStore/Page_Store/input_txttotal), "value"): Attribute 'value' of object 'Object Repository/DispensaryToStore/Page_Store/input_txttotal' is: '10'

2018-06-10 00:00:29 - [MESSAGE][PASSED] - Attribute 'value' of object 'Object Repository/DispensaryToStore/Page_Store/input_txttotal' is: '10'

2018-06-10 00:00:29 - [TEST_STEP][PASSED] - Statement - out.println("Requested QTY : " + RequestedQty): null

2018-06-10 00:00:29 - [TEST_STEP][PASSED] - Statement - BatchNumber = com.kms.katalon.core.webui.keyword.WebUiBuiltInKeywords.getNumberOfTotalOption(com.kms.katalon.core.testobject.ObjectRepository.findTestObject(DispensaryToStore/Page_Store/select_--Select--BA1170BA2376B)): 6 options of object 'Object Repository/DispensaryToStore/Page_Store/select_--Select--BA1170BA2376B' counted

2018-06-10 00:00:29 - [MESSAGE][PASSED] - 6 options of object 'Object Repository/DispensaryToStore/Page_Store/select_--Select--BA1170BA2376B' counted

2018-06-10 00:00:29 - [TEST_STEP][PASSED] - Statement - For ([g = 1, g <= BatchNumber - 1, (g++)]): null

2018-06-10 00:00:29 - [TEST_STEP][PASSED] - selectOptionByIndex: All options with index in [1] are selected on object 'Object Repository/DispensaryToStore/Page_Store/select_--Select--BA1170BA2376B'

2018-06-10 00:00:29 - [MESSAGE][PASSED] - All options with index in [1] are selected on object 'Object Repository/DispensaryToStore/Page_Store/select_--Select--BA1170BA2376B'

2018-06-10 00:00:29 - [TEST_STEP][PASSED] - Statement - Try: null

2018-06-10 00:00:29 - [TEST_STEP][PASSED] - Statement - StockQty = com.kms.katalon.core.webui.keyword.WebUiBuiltInKeywords.getAttribute(com.kms.katalon.core.testobject.ObjectRepository.findTestObject(DispensaryToStore/Page_Store/input_txtprice), "value"): Attribute 'value' of object 'Object Repository/DispensaryToStore/Page_Store/input_txtprice' is: '100'

2018-06-10 00:00:29 - [MESSAGE][PASSED] - Attribute 'value' of object 'Object Repository/DispensaryToStore/Page_Store/input_txtprice' is: '100'

2018-06-10 00:00:29 - [TEST_STEP][PASSED] - Statement - out.println("Stock QTY : " + StockQty): null

2018-06-10 00:00:29 - [TEST_STEP][PASSED] - delay: Delayed 2 second(s)

2018-06-10 00:00:31 - [MESSAGE][PASSED] - Delayed 2 second(s)

2018-06-10 00:00:31 - [TEST_STEP][PASSED] - Statement - If (java.lang.String.valueOf(StockQty) >= java.lang.String.valueOf(RequestedQty)): null

2018-06-10 00:00:31 - [TEST_STEP][PASSED] - setText: Text '10' is set on object 'Object Repository/DispensaryToStore/Page_Store/input_txtqty'

2018-06-10 00:00:31 - [MESSAGE][PASSED] - Text '10' is set on object 'Object Repository/DispensaryToStore/Page_Store/input_txtqty'

2018-06-10 00:00:31 - [TEST_STEP][PASSED] - click: Object: 'Object Repository/DispensaryToStore/Page_Store/button_Add' is clicked on

2018-06-10 00:00:31 - [MESSAGE][PASSED] - Object: 'Object Repository/DispensaryToStore/Page_Store/button_Add' is clicked on

2018-06-10 00:00:31 - [TEST_STEP][PASSED] - Statement - Break: null

2018-06-10 00:00:31 - [TEST_STEP][PASSED] - selectOptionByIndex: All options with index in [22] are selected on object 'Object Repository/DispensaryToStore/Page_Store/select_--Select--Adernaline 0.'

2018-06-10 00:00:31 - [MESSAGE][PASSED] - All options with index in [22] are selected on object 'Object Repository/DispensaryToStore/Page_Store/select_--Select--Adernaline 0.'

2018-06-10 00:00:31 - [TEST_STEP][PASSED] - delay: Delayed 2 second(s)

2018-06-10 00:00:33 - [MESSAGE][PASSED] - Delayed 2 second(s)

2018-06-10 00:00:33 - [TEST_STEP][PASSED] - Statement - RequestedQty = com.kms.katalon.core.webui.keyword.WebUiBuiltInKeywords.getAttribute(com.kms.katalon.core.testobject.ObjectRepository.findTestObject(DispensaryToStore/Page_Store/input_txttotal), "value"): Attribute 'value' of object 'Object Repository/DispensaryToStore/Page_Store/input_txttotal' is: '10'

2018-06-10 00:00:33 - [MESSAGE][PASSED] - Attribute 'value' of object 'Object Repository/DispensaryToStore/Page_Store/input_txttotal' is: '10'

2018-06-10 00:00:33 - [TEST_STEP][PASSED] - Statement - out.println("Requested QTY : " + RequestedQty): null

2018-06-10 00:00:33 - [TEST_STEP][PASSED] - Statement - BatchNumber = com.kms.katalon.core.webui.keyword.WebUiBuiltInKeywords.getNumberOfTotalOption(com.kms.katalon.core.testobject.ObjectRepository.findTestObject(DispensaryToStore/Page_Store/select_--Select--BA1170BA2376B)): 3 options of object 'Object Repository/DispensaryToStore/Page_Store/select_--Select--BA1170BA2376B' counted

2018-06-10 00:00:33 - [MESSAGE][PASSED] - 3 options of object 'Object Repository/DispensaryToStore/Page_Store/select_--Select--BA1170BA2376B' counted

2018-06-10 00:00:33 - [TEST_STEP][PASSED] - Statement - For ([g = 1, g <= BatchNumber - 1, (g++)]): null

2018-06-10 00:00:33 - [TEST_STEP][PASSED] - selectOptionByIndex: All options with index in [1] are selected on object 'Object Repository/DispensaryToStore/Page_Store/select_--Select--BA1170BA2376B'

2018-06-10 00:00:34 - [MESSAGE][PASSED] - All options with index in [1] are selected on object 'Object Repository/DispensaryToStore/Page_Store/select_--Select--BA1170BA2376B'

2018-06-10 00:00:34 - [TEST_STEP][PASSED] - Statement - Try: null

2018-06-10 00:00:34 - [TEST_STEP][PASSED] - Statement - StockQty = com.kms.katalon.core.webui.keyword.WebUiBuiltInKeywords.getAttribute(com.kms.katalon.core.testobject.ObjectRepository.findTestObject(DispensaryToStore/Page_Store/input_txtprice), "value"): Attribute 'value' of object 'Object Repository/DispensaryToStore/Page_Store/input_txtprice' is: '1700'

2018-06-10 00:00:34 - [MESSAGE][PASSED] - Attribute 'value' of object 'Object Repository/DispensaryToStore/Page_Store/input_txtprice' is: '1700'

2018-06-10 00:00:34 - [TEST_STEP][PASSED] - Statement - out.println("Stock QTY : " + StockQty): null

2018-06-10 00:00:34 - [TEST_STEP][PASSED] - delay: Delayed 2 second(s)

2018-06-10 00:00:36 - [MESSAGE][PASSED] - Delayed 2 second(s)

2018-06-10 00:00:36 - [TEST_STEP][PASSED] - Statement - If (java.lang.String.valueOf(StockQty) >= java.lang.String.valueOf(RequestedQty)): null

2018-06-10 00:00:36 - [TEST_STEP][PASSED] - setText: Text '10' is set on object 'Object Repository/DispensaryToStore/Page_Store/input_txtqty'

2018-06-10 00:00:36 - [MESSAGE][PASSED] - Text '10' is set on object 'Object Repository/DispensaryToStore/Page_Store/input_txtqty'

2018-06-10 00:00:36 - [TEST_STEP][PASSED] - click: Object: 'Object Repository/DispensaryToStore/Page_Store/button_Add' is clicked on

2018-06-10 00:00:36 - [MESSAGE][PASSED] - Object: 'Object Repository/DispensaryToStore/Page_Store/button_Add' is clicked on

2018-06-10 00:00:36 - [TEST_STEP][PASSED] - Statement - Break: null

2018-06-10 00:00:36 - [TEST_STEP][PASSED] - selectOptionByIndex: All options with index in [23] are selected on object 'Object Repository/DispensaryToStore/Page_Store/select_--Select--Adernaline 0.'

2018-06-10 00:00:36 - [MESSAGE][PASSED] - All options with index in [23] are selected on object 'Object Repository/DispensaryToStore/Page_Store/select_--Select--Adernaline 0.'

2018-06-10 00:00:36 - [TEST_STEP][PASSED] - delay: Delayed 2 second(s)

2018-06-10 00:00:38 - [MESSAGE][PASSED] - Delayed 2 second(s)

2018-06-10 00:00:38 - [TEST_STEP][PASSED] - Statement - RequestedQty = com.kms.katalon.core.webui.keyword.WebUiBuiltInKeywords.getAttribute(com.kms.katalon.core.testobject.ObjectRepository.findTestObject(DispensaryToStore/Page_Store/input_txttotal), "value"): Attribute 'value' of object 'Object Repository/DispensaryToStore/Page_Store/input_txttotal' is: '10'

2018-06-10 00:00:38 - [MESSAGE][PASSED] - Attribute 'value' of object 'Object Repository/DispensaryToStore/Page_Store/input_txttotal' is: '10'

2018-06-10 00:00:38 - [TEST_STEP][PASSED] - Statement - out.println("Requested QTY : " + RequestedQty): null

2018-06-10 00:00:38 - [TEST_STEP][PASSED] - Statement - BatchNumber = com.kms.katalon.core.webui.keyword.WebUiBuiltInKeywords.getNumberOfTotalOption(com.kms.katalon.core.testobject.ObjectRepository.findTestObject(DispensaryToStore/Page_Store/select_--Select--BA1170BA2376B)): 3 options of object 'Object Repository/DispensaryToStore/Page_Store/select_--Select--BA1170BA2376B' counted

2018-06-10 00:00:38 - [MESSAGE][PASSED] - 3 options of object 'Object Repository/DispensaryToStore/Page_Store/select_--Select--BA1170BA2376B' counted

2018-06-10 00:00:38 - [TEST_STEP][PASSED] - Statement - For ([g = 1, g <= BatchNumber - 1, (g++)]): null

2018-06-10 00:00:38 - [TEST_STEP][PASSED] - selectOptionByIndex: All options with index in [1] are selected on object 'Object Repository/DispensaryToStore/Page_Store/select_--Select--BA1170BA2376B'

2018-06-10 00:00:38 - [MESSAGE][PASSED] - All options with index in [1] are selected on object 'Object Repository/DispensaryToStore/Page_Store/select_--Select--BA1170BA2376B'

2018-06-10 00:00:38 - [TEST_STEP][PASSED] - Statement - Try: null

2018-06-10 00:00:38 - [TEST_STEP][PASSED] - Statement - StockQty = com.kms.katalon.core.webui.keyword.WebUiBuiltInKeywords.getAttribute(com.kms.katalon.core.testobject.ObjectRepository.findTestObject(DispensaryToStore/Page_Store/input_txtprice), "value"): Attribute 'value' of object 'Object Repository/DispensaryToStore/Page_Store/input_txtprice' is: '2600'

2018-06-10 00:00:38 - [MESSAGE][PASSED] - Attribute 'value' of object 'Object Repository/DispensaryToStore/Page_Store/input_txtprice' is: '2600'

2018-06-10 00:00:38 - [TEST_STEP][PASSED] - Statement - out.println("Stock QTY : " + StockQty): null

2018-06-10 00:00:38 - [TEST_STEP][PASSED] - delay: Delayed 2 second(s)

2018-06-10 00:00:40 - [MESSAGE][PASSED] - Delayed 2 second(s)

2018-06-10 00:00:40 - [TEST_STEP][PASSED] - Statement - If (java.lang.String.valueOf(StockQty) >= java.lang.String.valueOf(RequestedQty)): null

2018-06-10 00:00:40 - [TEST_STEP][PASSED] - setText: Text '10' is set on object 'Object Repository/DispensaryToStore/Page_Store/input_txtqty'

2018-06-10 00:00:40 - [MESSAGE][PASSED] - Text '10' is set on object 'Object Repository/DispensaryToStore/Page_Store/input_txtqty'

2018-06-10 00:00:40 - [TEST_STEP][PASSED] - click: Object: 'Object Repository/DispensaryToStore/Page_Store/button_Add' is clicked on

2018-06-10 00:00:41 - [MESSAGE][PASSED] - Object: 'Object Repository/DispensaryToStore/Page_Store/button_Add' is clicked on

2018-06-10 00:00:41 - [TEST_STEP][PASSED] - Statement - Break: null

2018-06-10 00:00:41 - [TEST_STEP][PASSED] - selectOptionByIndex: All options with index in [24] are selected on object 'Object Repository/DispensaryToStore/Page_Store/select_--Select--Adernaline 0.'

2018-06-10 00:00:41 - [MESSAGE][PASSED] - All options with index in [24] are selected on object 'Object Repository/DispensaryToStore/Page_Store/select_--Select--Adernaline 0.'

2018-06-10 00:00:41 - [TEST_STEP][PASSED] - delay: Delayed 2 second(s)

2018-06-10 00:00:43 - [MESSAGE][PASSED] - Delayed 2 second(s)

2018-06-10 00:00:43 - [TEST_STEP][PASSED] - Statement - RequestedQty = com.kms.katalon.core.webui.keyword.WebUiBuiltInKeywords.getAttribute(com.kms.katalon.core.testobject.ObjectRepository.findTestObject(DispensaryToStore/Page_Store/input_txttotal), "value"): Attribute 'value' of object 'Object Repository/DispensaryToStore/Page_Store/input_txttotal' is: '10'

2018-06-10 00:00:43 - [MESSAGE][PASSED] - Attribute 'value' of object 'Object Repository/DispensaryToStore/Page_Store/input_txttotal' is: '10'

2018-06-10 00:00:43 - [TEST_STEP][PASSED] - Statement - out.println("Requested QTY : " + RequestedQty): null

2018-06-10 00:00:43 - [TEST_STEP][PASSED] - Statement - BatchNumber = com.kms.katalon.core.webui.keyword.WebUiBuiltInKeywords.getNumberOfTotalOption(com.kms.katalon.core.testobject.ObjectRepository.findTestObject(DispensaryToStore/Page_Store/select_--Select--BA1170BA2376B)): 3 options of object 'Object Repository/DispensaryToStore/Page_Store/select_--Select--BA1170BA2376B' counted

2018-06-10 00:00:43 - [MESSAGE][PASSED] - 3 options of object 'Object Repository/DispensaryToStore/Page_Store/select_--Select--BA1170BA2376B' counted

2018-06-10 00:00:43 - [TEST_STEP][PASSED] - Statement - For ([g = 1, g <= BatchNumber - 1, (g++)]): null

2018-06-10 00:00:43 - [TEST_STEP][PASSED] - selectOptionByIndex: All options with index in [1] are selected on object 'Object Repository/DispensaryToStore/Page_Store/select_--Select--BA1170BA2376B'

2018-06-10 00:00:43 - [MESSAGE][PASSED] - All options with index in [1] are selected on object 'Object Repository/DispensaryToStore/Page_Store/select_--Select--BA1170BA2376B'

2018-06-10 00:00:43 - [TEST_STEP][PASSED] - Statement - Try: null

2018-06-10 00:00:43 - [TEST_STEP][PASSED] - Statement - StockQty = com.kms.katalon.core.webui.keyword.WebUiBuiltInKeywords.getAttribute(com.kms.katalon.core.testobject.ObjectRepository.findTestObject(DispensaryToStore/Page_Store/input_txtprice), "value"): Attribute 'value' of object 'Object Repository/DispensaryToStore/Page_Store/input_txtprice' is: '1700'

2018-06-10 00:00:43 - [MESSAGE][PASSED] - Attribute 'value' of object 'Object Repository/DispensaryToStore/Page_Store/input_txtprice' is: '1700'

2018-06-10 00:00:43 - [TEST_STEP][PASSED] - Statement - out.println("Stock QTY : " + StockQty): null

2018-06-10 00:00:43 - [TEST_STEP][PASSED] - delay: Delayed 2 second(s)

2018-06-10 00:00:45 - [MESSAGE][PASSED] - Delayed 2 second(s)

2018-06-10 00:00:45 - [TEST_STEP][PASSED] - Statement - If (java.lang.String.valueOf(StockQty) >= java.lang.String.valueOf(RequestedQty)): null

2018-06-10 00:00:45 - [TEST_STEP][PASSED] - setText: Text '10' is set on object 'Object Repository/DispensaryToStore/Page_Store/input_txtqty'

2018-06-10 00:00:45 - [MESSAGE][PASSED] - Text '10' is set on object 'Object Repository/DispensaryToStore/Page_Store/input_txtqty'

2018-06-10 00:00:45 - [TEST_STEP][PASSED] - click: Object: 'Object Repository/DispensaryToStore/Page_Store/button_Add' is clicked on

2018-06-10 00:00:45 - [MESSAGE][PASSED] - Object: 'Object Repository/DispensaryToStore/Page_Store/button_Add' is clicked on

2018-06-10 00:00:45 - [TEST_STEP][PASSED] - Statement - Break: null

2018-06-10 00:00:45 - [TEST_STEP][PASSED] - selectOptionByIndex: All options with index in [25] are selected on object 'Object Repository/DispensaryToStore/Page_Store/select_--Select--Adernaline 0.'

2018-06-10 00:00:46 - [MESSAGE][PASSED] - All options with index in [25] are selected on object 'Object Repository/DispensaryToStore/Page_Store/select_--Select--Adernaline 0.'

2018-06-10 00:00:46 - [TEST_STEP][PASSED] - delay: Delayed 2 second(s)

2018-06-10 00:00:48 - [MESSAGE][PASSED] - Delayed 2 second(s)

2018-06-10 00:00:48 - [TEST_STEP][PASSED] - Statement - RequestedQty = com.kms.katalon.core.webui.keyword.WebUiBuiltInKeywords.getAttribute(com.kms.katalon.core.testobject.ObjectRepository.findTestObject(DispensaryToStore/Page_Store/input_txttotal), "value"): Attribute 'value' of object 'Object Repository/DispensaryToStore/Page_Store/input_txttotal' is: '10'

2018-06-10 00:00:48 - [MESSAGE][PASSED] - Attribute 'value' of object 'Object Repository/DispensaryToStore/Page_Store/input_txttotal' is: '10'

2018-06-10 00:00:48 - [TEST_STEP][PASSED] - Statement - out.println("Requested QTY : " + RequestedQty): null

2018-06-10 00:00:48 - [TEST_STEP][PASSED] - Statement - BatchNumber = com.kms.katalon.core.webui.keyword.WebUiBuiltInKeywords.getNumberOfTotalOption(com.kms.katalon.core.testobject.ObjectRepository.findTestObject(DispensaryToStore/Page_Store/select_--Select--BA1170BA2376B)): 4 options of object 'Object Repository/DispensaryToStore/Page_Store/select_--Select--BA1170BA2376B' counted

2018-06-10 00:00:48 - [MESSAGE][PASSED] - 4 options of object 'Object Repository/DispensaryToStore/Page_Store/select_--Select--BA1170BA2376B' counted

2018-06-10 00:00:48 - [TEST_STEP][PASSED] - Statement - For ([g = 1, g <= BatchNumber - 1, (g++)]): null

2018-06-10 00:00:48 - [TEST_STEP][PASSED] - selectOptionByIndex: All options with index in [1] are selected on object 'Object Repository/DispensaryToStore/Page_Store/select_--Select--BA1170BA2376B'

2018-06-10 00:00:48 - [MESSAGE][PASSED] - All options with index in [1] are selected on object 'Object Repository/DispensaryToStore/Page_Store/select_--Select--BA1170BA2376B'

2018-06-10 00:00:48 - [TEST_STEP][PASSED] - Statement - Try: null

2018-06-10 00:00:48 - [TEST_STEP][PASSED] - Statement - StockQty = com.kms.katalon.core.webui.keyword.WebUiBuiltInKeywords.getAttribute(com.kms.katalon.core.testobject.ObjectRepository.findTestObject(DispensaryToStore/Page_Store/input_txtprice), "value"): Attribute 'value' of object 'Object Repository/DispensaryToStore/Page_Store/input_txtprice' is: '660'

2018-06-10 00:00:48 - [MESSAGE][PASSED] - Attribute 'value' of object 'Object Repository/DispensaryToStore/Page_Store/input_txtprice' is: '660'

2018-06-10 00:00:48 - [TEST_STEP][PASSED] - Statement - out.println("Stock QTY : " + StockQty): null

2018-06-10 00:00:48 - [TEST_STEP][PASSED] - delay: Delayed 2 second(s)

2018-06-10 00:00:50 - [MESSAGE][PASSED] - Delayed 2 second(s)

2018-06-10 00:00:50 - [TEST_STEP][PASSED] - Statement - If (java.lang.String.valueOf(StockQty) >= java.lang.String.valueOf(RequestedQty)): null

2018-06-10 00:00:50 - [TEST_STEP][PASSED] - setText: Text '10' is set on object 'Object Repository/DispensaryToStore/Page_Store/input_txtqty'

2018-06-10 00:00:50 - [MESSAGE][PASSED] - Text '10' is set on object 'Object Repository/DispensaryToStore/Page_Store/input_txtqty'

2018-06-10 00:00:50 - [TEST_STEP][PASSED] - click: Object: 'Object Repository/DispensaryToStore/Page_Store/button_Add' is clicked on

2018-06-10 00:00:50 - [MESSAGE][PASSED] - Object: 'Object Repository/DispensaryToStore/Page_Store/button_Add' is clicked on

2018-06-10 00:00:50 - [TEST_STEP][PASSED] - Statement - Break: null

2018-06-10 00:00:50 - [TEST_STEP][PASSED] - selectOptionByIndex: All options with index in [26] are selected on object 'Object Repository/DispensaryToStore/Page_Store/select_--Select--Adernaline 0.'

2018-06-10 00:00:51 - [MESSAGE][PASSED] - All options with index in [26] are selected on object 'Object Repository/DispensaryToStore/Page_Store/select_--Select--Adernaline 0.'

2018-06-10 00:00:51 - [TEST_STEP][PASSED] - delay: Delayed 2 second(s)

2018-06-10 00:00:53 - [MESSAGE][PASSED] - Delayed 2 second(s)

2018-06-10 00:00:53 - [TEST_STEP][PASSED] - Statement - RequestedQty = com.kms.katalon.core.webui.keyword.WebUiBuiltInKeywords.getAttribute(com.kms.katalon.core.testobject.ObjectRepository.findTestObject(DispensaryToStore/Page_Store/input_txttotal), "value"): Attribute 'value' of object 'Object Repository/DispensaryToStore/Page_Store/input_txttotal' is: '10'

2018-06-10 00:00:53 - [MESSAGE][PASSED] - Attribute 'value' of object 'Object Repository/DispensaryToStore/Page_Store/input_txttotal' is: '10'

2018-06-10 00:00:53 - [TEST_STEP][PASSED] - Statement - out.println("Requested QTY : " + RequestedQty): null

2018-06-10 00:00:53 - [TEST_STEP][PASSED] - Statement - BatchNumber = com.kms.katalon.core.webui.keyword.WebUiBuiltInKeywords.getNumberOfTotalOption(com.kms.katalon.core.testobject.ObjectRepository.findTestObject(DispensaryToStore/Page_Store/select_--Select--BA1170BA2376B)): 4 options of object 'Object Repository/DispensaryToStore/Page_Store/select_--Select--BA1170BA2376B' counted

2018-06-10 00:00:53 - [MESSAGE][PASSED] - 4 options of object 'Object Repository/DispensaryToStore/Page_Store/select_--Select--BA1170BA2376B' counted

2018-06-10 00:00:53 - [TEST_STEP][PASSED] - Statement - For ([g = 1, g <= BatchNumber - 1, (g++)]): null

2018-06-10 00:00:53 - [TEST_STEP][PASSED] - selectOptionByIndex: All options with index in [1] are selected on object 'Object Repository/DispensaryToStore/Page_Store/select_--Select--BA1170BA2376B'

2018-06-10 00:00:53 - [MESSAGE][PASSED] - All options with index in [1] are selected on object 'Object Repository/DispensaryToStore/Page_Store/select_--Select--BA1170BA2376B'

2018-06-10 00:00:53 - [TEST_STEP][PASSED] - Statement - Try: null

2018-06-10 00:00:53 - [TEST_STEP][PASSED] - Statement - StockQty = com.kms.katalon.core.webui.keyword.WebUiBuiltInKeywords.getAttribute(com.kms.katalon.core.testobject.ObjectRepository.findTestObject(DispensaryToStore/Page_Store/input_txtprice), "value"): Attribute 'value' of object 'Object Repository/DispensaryToStore/Page_Store/input_txtprice' is: '320'

2018-06-10 00:00:53 - [MESSAGE][PASSED] - Attribute 'value' of object 'Object Repository/DispensaryToStore/Page_Store/input_txtprice' is: '320'

2018-06-10 00:00:53 - [TEST_STEP][PASSED] - Statement - out.println("Stock QTY : " + StockQty): null

2018-06-10 00:00:53 - [TEST_STEP][PASSED] - delay: Delayed 2 second(s)

2018-06-10 00:00:55 - [MESSAGE][PASSED] - Delayed 2 second(s)

2018-06-10 00:00:55 - [TEST_STEP][PASSED] - Statement - If (java.lang.String.valueOf(StockQty) >= java.lang.String.valueOf(RequestedQty)): null

2018-06-10 00:00:55 - [TEST_STEP][PASSED] - setText: Text '10' is set on object 'Object Repository/DispensaryToStore/Page_Store/input_txtqty'

2018-06-10 00:00:55 - [MESSAGE][PASSED] - Text '10' is set on object 'Object Repository/DispensaryToStore/Page_Store/input_txtqty'

2018-06-10 00:00:55 - [TEST_STEP][PASSED] - click: Object: 'Object Repository/DispensaryToStore/Page_Store/button_Add' is clicked on

2018-06-10 00:00:55 - [MESSAGE][PASSED] - Object: 'Object Repository/DispensaryToStore/Page_Store/button_Add' is clicked on

2018-06-10 00:00:55 - [TEST_STEP][PASSED] - Statement - Break: null

2018-06-10 00:00:55 - [TEST_STEP][PASSED] - selectOptionByIndex: All options with index in [27] are selected on object 'Object Repository/DispensaryToStore/Page_Store/select_--Select--Adernaline 0.'

2018-06-10 00:00:55 - [MESSAGE][PASSED] - All options with index in [27] are selected on object 'Object Repository/DispensaryToStore/Page_Store/select_--Select--Adernaline 0.'

2018-06-10 00:00:55 - [TEST_STEP][PASSED] - delay: Delayed 2 second(s)

2018-06-10 00:00:57 - [MESSAGE][PASSED] - Delayed 2 second(s)

2018-06-10 00:00:57 - [TEST_STEP][PASSED] - Statement - RequestedQty = com.kms.katalon.core.webui.keyword.WebUiBuiltInKeywords.getAttribute(com.kms.katalon.core.testobject.ObjectRepository.findTestObject(DispensaryToStore/Page_Store/input_txttotal), "value"): Attribute 'value' of object 'Object Repository/DispensaryToStore/Page_Store/input_txttotal' is: '10'

2018-06-10 00:00:57 - [MESSAGE][PASSED] - Attribute 'value' of object 'Object Repository/DispensaryToStore/Page_Store/input_txttotal' is: '10'

2018-06-10 00:00:57 - [TEST_STEP][PASSED] - Statement - out.println("Requested QTY : " + RequestedQty): null

2018-06-10 00:00:57 - [TEST_STEP][PASSED] - Statement - BatchNumber = com.kms.katalon.core.webui.keyword.WebUiBuiltInKeywords.getNumberOfTotalOption(com.kms.katalon.core.testobject.ObjectRepository.findTestObject(DispensaryToStore/Page_Store/select_--Select--BA1170BA2376B)): 4 options of object 'Object Repository/DispensaryToStore/Page_Store/select_--Select--BA1170BA2376B' counted

2018-06-10 00:00:57 - [MESSAGE][PASSED] - 4 options of object 'Object Repository/DispensaryToStore/Page_Store/select_--Select--BA1170BA2376B' counted

2018-06-10 00:00:57 - [TEST_STEP][PASSED] - Statement - For ([g = 1, g <= BatchNumber - 1, (g++)]): null

2018-06-10 00:00:57 - [TEST_STEP][PASSED] - selectOptionByIndex: All options with index in [1] are selected on object 'Object Repository/DispensaryToStore/Page_Store/select_--Select--BA1170BA2376B'

2018-06-10 00:00:58 - [MESSAGE][PASSED] - All options with index in [1] are selected on object 'Object Repository/DispensaryToStore/Page_Store/select_--Select--BA1170BA2376B'

2018-06-10 00:00:58 - [TEST_STEP][PASSED] - Statement - Try: null

2018-06-10 00:00:58 - [TEST_STEP][PASSED] - Statement - StockQty = com.kms.katalon.core.webui.keyword.WebUiBuiltInKeywords.getAttribute(com.kms.katalon.core.testobject.ObjectRepository.findTestObject(DispensaryToStore/Page_Store/input_txtprice), "value"): Attribute 'value' of object 'Object Repository/DispensaryToStore/Page_Store/input_txtprice' is: '320'

2018-06-10 00:00:58 - [MESSAGE][PASSED] - Attribute 'value' of object 'Object Repository/DispensaryToStore/Page_Store/input_txtprice' is: '320'

2018-06-10 00:00:58 - [TEST_STEP][PASSED] - Statement - out.println("Stock QTY : " + StockQty): null

2018-06-10 00:00:58 - [TEST_STEP][PASSED] - delay: Delayed 2 second(s)

2018-06-10 00:01:00 - [MESSAGE][PASSED] - Delayed 2 second(s)

2018-06-10 00:01:00 - [TEST_STEP][PASSED] - Statement - If (java.lang.String.valueOf(StockQty) >= java.lang.String.valueOf(RequestedQty)): null

2018-06-10 00:01:00 - [TEST_STEP][PASSED] - setText: Text '10' is set on object 'Object Repository/DispensaryToStore/Page_Store/input_txtqty'

2018-06-10 00:01:00 - [MESSAGE][PASSED] - Text '10' is set on object 'Object Repository/DispensaryToStore/Page_Store/input_txtqty'

2018-06-10 00:01:00 - [TEST_STEP][PASSED] - click: Object: 'Object Repository/DispensaryToStore/Page_Store/button_Add' is clicked on

2018-06-10 00:01:00 - [MESSAGE][PASSED] - Object: 'Object Repository/DispensaryToStore/Page_Store/button_Add' is clicked on

2018-06-10 00:01:00 - [TEST_STEP][PASSED] - Statement - Break: null

2018-06-10 00:01:00 - [TEST_STEP][PASSED] - selectOptionByIndex: All options with index in [28] are selected on object 'Object Repository/DispensaryToStore/Page_Store/select_--Select--Adernaline 0.'

2018-06-10 00:01:00 - [MESSAGE][PASSED] - All options with index in [28] are selected on object 'Object Repository/DispensaryToStore/Page_Store/select_--Select--Adernaline 0.'

2018-06-10 00:01:00 - [TEST_STEP][PASSED] - delay: Delayed 2 second(s)

2018-06-10 00:01:02 - [MESSAGE][PASSED] - Delayed 2 second(s)

2018-06-10 00:01:02 - [TEST_STEP][PASSED] - Statement - RequestedQty = com.kms.katalon.core.webui.keyword.WebUiBuiltInKeywords.getAttribute(com.kms.katalon.core.testobject.ObjectRepository.findTestObject(DispensaryToStore/Page_Store/input_txttotal), "value"): Attribute 'value' of object 'Object Repository/DispensaryToStore/Page_Store/input_txttotal' is: '10'

2018-06-10 00:01:02 - [MESSAGE][PASSED] - Attribute 'value' of object 'Object Repository/DispensaryToStore/Page_Store/input_txttotal' is: '10'

2018-06-10 00:01:02 - [TEST_STEP][PASSED] - Statement - out.println("Requested QTY : " + RequestedQty): null

2018-06-10 00:01:02 - [TEST_STEP][PASSED] - Statement - BatchNumber = com.kms.katalon.core.webui.keyword.WebUiBuiltInKeywords.getNumberOfTotalOption(com.kms.katalon.core.testobject.ObjectRepository.findTestObject(DispensaryToStore/Page_Store/select_--Select--BA1170BA2376B)): 4 options of object 'Object Repository/DispensaryToStore/Page_Store/select_--Select--BA1170BA2376B' counted

2018-06-10 00:01:02 - [MESSAGE][PASSED] - 4 options of object 'Object Repository/DispensaryToStore/Page_Store/select_--Select--BA1170BA2376B' counted

2018-06-10 00:01:02 - [TEST_STEP][PASSED] - Statement - For ([g = 1, g <= BatchNumber - 1, (g++)]): null

2018-06-10 00:01:02 - [TEST_STEP][PASSED] - selectOptionByIndex: All options with index in [1] are selected on object 'Object Repository/DispensaryToStore/Page_Store/select_--Select--BA1170BA2376B'

2018-06-10 00:01:02 - [MESSAGE][PASSED] - All options with index in [1] are selected on object 'Object Repository/DispensaryToStore/Page_Store/select_--Select--BA1170BA2376B'

2018-06-10 00:01:02 - [TEST_STEP][PASSED] - Statement - Try: null

2018-06-10 00:01:02 - [TEST_STEP][PASSED] - Statement - StockQty = com.kms.katalon.core.webui.keyword.WebUiBuiltInKeywords.getAttribute(com.kms.katalon.core.testobject.ObjectRepository.findTestObject(DispensaryToStore/Page_Store/input_txtprice), "value"): Attribute 'value' of object 'Object Repository/DispensaryToStore/Page_Store/input_txtprice' is: '660'

2018-06-10 00:01:02 - [MESSAGE][PASSED] - Attribute 'value' of object 'Object Repository/DispensaryToStore/Page_Store/input_txtprice' is: '660'

2018-06-10 00:01:02 - [TEST_STEP][PASSED] - Statement - out.println("Stock QTY : " + StockQty): null

2018-06-10 00:01:02 - [TEST_STEP][PASSED] - delay: Delayed 2 second(s)

2018-06-10 00:01:04 - [MESSAGE][PASSED] - Delayed 2 second(s)

2018-06-10 00:01:04 - [TEST_STEP][PASSED] - Statement - If (java.lang.String.valueOf(StockQty) >= java.lang.String.valueOf(RequestedQty)): null

2018-06-10 00:01:04 - [TEST_STEP][PASSED] - setText: Text '10' is set on object 'Object Repository/DispensaryToStore/Page_Store/input_txtqty'

2018-06-10 00:01:04 - [MESSAGE][PASSED] - Text '10' is set on object 'Object Repository/DispensaryToStore/Page_Store/input_txtqty'

2018-06-10 00:01:04 - [TEST_STEP][PASSED] - click: Object: 'Object Repository/DispensaryToStore/Page_Store/button_Add' is clicked on

2018-06-10 00:01:05 - [MESSAGE][PASSED] - Object: 'Object Repository/DispensaryToStore/Page_Store/button_Add' is clicked on

2018-06-10 00:01:05 - [TEST_STEP][PASSED] - Statement - Break: null

2018-06-10 00:01:05 - [TEST_STEP][PASSED] - selectOptionByIndex: All options with index in [29] are selected on object 'Object Repository/DispensaryToStore/Page_Store/select_--Select--Adernaline 0.'

2018-06-10 00:01:05 - [MESSAGE][PASSED] - All options with index in [29] are selected on object 'Object Repository/DispensaryToStore/Page_Store/select_--Select--Adernaline 0.'

2018-06-10 00:01:05 - [TEST_STEP][PASSED] - delay: Delayed 2 second(s)

2018-06-10 00:01:07 - [MESSAGE][PASSED] - Delayed 2 second(s)

2018-06-10 00:01:07 - [TEST_STEP][PASSED] - Statement - RequestedQty = com.kms.katalon.core.webui.keyword.WebUiBuiltInKeywords.getAttribute(com.kms.katalon.core.testobject.ObjectRepository.findTestObject(DispensaryToStore/Page_Store/input_txttotal), "value"): Attribute 'value' of object 'Object Repository/DispensaryToStore/Page_Store/input_txttotal' is: '10'

2018-06-10 00:01:07 - [MESSAGE][PASSED] - Attribute 'value' of object 'Object Repository/DispensaryToStore/Page_Store/input_txttotal' is: '10'

2018-06-10 00:01:07 - [TEST_STEP][PASSED] - Statement - out.println("Requested QTY : " + RequestedQty): null

2018-06-10 00:01:07 - [TEST_STEP][PASSED] - Statement - BatchNumber = com.kms.katalon.core.webui.keyword.WebUiBuiltInKeywords.getNumberOfTotalOption(com.kms.katalon.core.testobject.ObjectRepository.findTestObject(DispensaryToStore/Page_Store/select_--Select--BA1170BA2376B)): 3 options of object 'Object Repository/DispensaryToStore/Page_Store/select_--Select--BA1170BA2376B' counted

2018-06-10 00:01:07 - [MESSAGE][PASSED] - 3 options of object 'Object Repository/DispensaryToStore/Page_Store/select_--Select--BA1170BA2376B' counted

2018-06-10 00:01:07 - [TEST_STEP][PASSED] - Statement - For ([g = 1, g <= BatchNumber - 1, (g++)]): null

2018-06-10 00:01:07 - [TEST_STEP][PASSED] - selectOptionByIndex: All options with index in [1] are selected on object 'Object Repository/DispensaryToStore/Page_Store/select_--Select--BA1170BA2376B'

2018-06-10 00:01:07 - [MESSAGE][PASSED] - All options with index in [1] are selected on object 'Object Repository/DispensaryToStore/Page_Store/select_--Select--BA1170BA2376B'

2018-06-10 00:01:07 - [TEST_STEP][PASSED] - Statement - Try: null

2018-06-10 00:01:07 - [TEST_STEP][PASSED] - Statement - StockQty = com.kms.katalon.core.webui.keyword.WebUiBuiltInKeywords.getAttribute(com.kms.katalon.core.testobject.ObjectRepository.findTestObject(DispensaryToStore/Page_Store/input_txtprice), "value"): Attribute 'value' of object 'Object Repository/DispensaryToStore/Page_Store/input_txtprice' is: '1700'

2018-06-10 00:01:07 - [MESSAGE][PASSED] - Attribute 'value' of object 'Object Repository/DispensaryToStore/Page_Store/input_txtprice' is: '1700'

2018-06-10 00:01:07 - [TEST_STEP][PASSED] - Statement - out.println("Stock QTY : " + StockQty): null

2018-06-10 00:01:07 - [TEST_STEP][PASSED] - delay: Delayed 2 second(s)

2018-06-10 00:01:09 - [MESSAGE][PASSED] - Delayed 2 second(s)

2018-06-10 00:01:09 - [TEST_STEP][PASSED] - Statement - If (java.lang.String.valueOf(StockQty) >= java.lang.String.valueOf(RequestedQty)): null

2018-06-10 00:01:09 - [TEST_STEP][PASSED] - setText: Text '10' is set on object 'Object Repository/DispensaryToStore/Page_Store/input_txtqty'

2018-06-10 00:01:09 - [MESSAGE][PASSED] - Text '10' is set on object 'Object Repository/DispensaryToStore/Page_Store/input_txtqty'

2018-06-10 00:01:09 - [TEST_STEP][PASSED] - click: Object: 'Object Repository/DispensaryToStore/Page_Store/button_Add' is clicked on

2018-06-10 00:01:09 - [MESSAGE][PASSED] - Object: 'Object Repository/DispensaryToStore/Page_Store/button_Add' is clicked on

2018-06-10 00:01:09 - [TEST_STEP][PASSED] - Statement - Break: null

2018-06-10 00:01:09 - [TEST_STEP][PASSED] - selectOptionByIndex: All options with index in [30] are selected on object 'Object Repository/DispensaryToStore/Page_Store/select_--Select--Adernaline 0.'

2018-06-10 00:01:10 - [MESSAGE][PASSED] - All options with index in [30] are selected on object 'Object Repository/DispensaryToStore/Page_Store/select_--Select--Adernaline 0.'

2018-06-10 00:01:10 - [TEST_STEP][PASSED] - delay: Delayed 2 second(s)

2018-06-10 00:01:12 - [MESSAGE][PASSED] - Delayed 2 second(s)

2018-06-10 00:01:12 - [TEST_STEP][PASSED] - Statement - RequestedQty = com.kms.katalon.core.webui.keyword.WebUiBuiltInKeywords.getAttribute(com.kms.katalon.core.testobject.ObjectRepository.findTestObject(DispensaryToStore/Page_Store/input_txttotal), "value"): Attribute 'value' of object 'Object Repository/DispensaryToStore/Page_Store/input_txttotal' is: '10'

2018-06-10 00:01:12 - [MESSAGE][PASSED] - Attribute 'value' of object 'Object Repository/DispensaryToStore/Page_Store/input_txttotal' is: '10'

2018-06-10 00:01:12 - [TEST_STEP][PASSED] - Statement - out.println("Requested QTY : " + RequestedQty): null

2018-06-10 00:01:12 - [TEST_STEP][PASSED] - Statement - BatchNumber = com.kms.katalon.core.webui.keyword.WebUiBuiltInKeywords.getNumberOfTotalOption(com.kms.katalon.core.testobject.ObjectRepository.findTestObject(DispensaryToStore/Page_Store/select_--Select--BA1170BA2376B)): 3 options of object 'Object Repository/DispensaryToStore/Page_Store/select_--Select--BA1170BA2376B' counted

2018-06-10 00:01:12 - [MESSAGE][PASSED] - 3 options of object 'Object Repository/DispensaryToStore/Page_Store/select_--Select--BA1170BA2376B' counted

2018-06-10 00:01:12 - [TEST_STEP][PASSED] - Statement - For ([g = 1, g <= BatchNumber - 1, (g++)]): null

2018-06-10 00:01:12 - [TEST_STEP][PASSED] - selectOptionByIndex: All options with index in [1] are selected on object 'Object Repository/DispensaryToStore/Page_Store/select_--Select--BA1170BA2376B'

2018-06-10 00:01:12 - [MESSAGE][PASSED] - All options with index in [1] are selected on object 'Object Repository/DispensaryToStore/Page_Store/select_--Select--BA1170BA2376B'

2018-06-10 00:01:12 - [TEST_STEP][PASSED] - Statement - Try: null

2018-06-10 00:01:12 - [TEST_STEP][PASSED] - Statement - StockQty = com.kms.katalon.core.webui.keyword.WebUiBuiltInKeywords.getAttribute(com.kms.katalon.core.testobject.ObjectRepository.findTestObject(DispensaryToStore/Page_Store/input_txtprice), "value"): Attribute 'value' of object 'Object Repository/DispensaryToStore/Page_Store/input_txtprice' is: '1700'

2018-06-10 00:01:12 - [MESSAGE][PASSED] - Attribute 'value' of object 'Object Repository/DispensaryToStore/Page_Store/input_txtprice' is: '1700'

2018-06-10 00:01:12 - [TEST_STEP][PASSED] - Statement - out.println("Stock QTY : " + StockQty): null

2018-06-10 00:01:12 - [TEST_STEP][PASSED] - delay: Delayed 2 second(s)

2018-06-10 00:01:14 - [MESSAGE][PASSED] - Delayed 2 second(s)

2018-06-10 00:01:14 - [TEST_STEP][PASSED] - Statement - If (java.lang.String.valueOf(StockQty) >= java.lang.String.valueOf(RequestedQty)): null

2018-06-10 00:01:14 - [TEST_STEP][PASSED] - setText: Text '10' is set on object 'Object Repository/DispensaryToStore/Page_Store/input_txtqty'

2018-06-10 00:01:14 - [MESSAGE][PASSED] - Text '10' is set on object 'Object Repository/DispensaryToStore/Page_Store/input_txtqty'

2018-06-10 00:01:14 - [TEST_STEP][PASSED] - click: Object: 'Object Repository/DispensaryToStore/Page_Store/button_Add' is clicked on

2018-06-10 00:01:14 - [MESSAGE][PASSED] - Object: 'Object Repository/DispensaryToStore/Page_Store/button_Add' is clicked on

2018-06-10 00:01:14 - [TEST_STEP][PASSED] - Statement - Break: null

2018-06-10 00:01:14 - [TEST_STEP][PASSED] - selectOptionByIndex: All options with index in [31] are selected on object 'Object Repository/DispensaryToStore/Page_Store/select_--Select--Adernaline 0.'

2018-06-10 00:01:15 - [MESSAGE][PASSED] - All options with index in [31] are selected on object 'Object Repository/DispensaryToStore/Page_Store/select_--Select--Adernaline 0.'

2018-06-10 00:01:15 - [TEST_STEP][PASSED] - delay: Delayed 2 second(s)

2018-06-10 00:01:17 - [MESSAGE][PASSED] - Delayed 2 second(s)

2018-06-10 00:01:17 - [TEST_STEP][PASSED] - Statement - RequestedQty = com.kms.katalon.core.webui.keyword.WebUiBuiltInKeywords.getAttribute(com.kms.katalon.core.testobject.ObjectRepository.findTestObject(DispensaryToStore/Page_Store/input_txttotal), "value"): Attribute 'value' of object 'Object Repository/DispensaryToStore/Page_Store/input_txttotal' is: '10'

2018-06-10 00:01:17 - [MESSAGE][PASSED] - Attribute 'value' of object 'Object Repository/DispensaryToStore/Page_Store/input_txttotal' is: '10'

2018-06-10 00:01:17 - [TEST_STEP][PASSED] - Statement - out.println("Requested QTY : " + RequestedQty): null

2018-06-10 00:01:17 - [TEST_STEP][PASSED] - Statement - BatchNumber = com.kms.katalon.core.webui.keyword.WebUiBuiltInKeywords.getNumberOfTotalOption(com.kms.katalon.core.testobject.ObjectRepository.findTestObject(DispensaryToStore/Page_Store/select_--Select--BA1170BA2376B)): 5 options of object 'Object Repository/DispensaryToStore/Page_Store/select_--Select--BA1170BA2376B' counted

2018-06-10 00:01:17 - [MESSAGE][PASSED] - 5 options of object 'Object Repository/DispensaryToStore/Page_Store/select_--Select--BA1170BA2376B' counted

2018-06-10 00:01:17 - [TEST_STEP][PASSED] - Statement - For ([g = 1, g <= BatchNumber - 1, (g++)]): null

2018-06-10 00:01:17 - [TEST_STEP][PASSED] - selectOptionByIndex: All options with index in [1] are selected on object 'Object Repository/DispensaryToStore/Page_Store/select_--Select--BA1170BA2376B'

2018-06-10 00:01:17 - [MESSAGE][PASSED] - All options with index in [1] are selected on object 'Object Repository/DispensaryToStore/Page_Store/select_--Select--BA1170BA2376B'

2018-06-10 00:01:17 - [TEST_STEP][PASSED] - Statement - Try: null

2018-06-10 00:01:17 - [TEST_STEP][PASSED] - Statement - StockQty = com.kms.katalon.core.webui.keyword.WebUiBuiltInKeywords.getAttribute(com.kms.katalon.core.testobject.ObjectRepository.findTestObject(DispensaryToStore/Page_Store/input_txtprice), "value"): Attribute 'value' of object 'Object Repository/DispensaryToStore/Page_Store/input_txtprice' is: '320'

2018-06-10 00:01:17 - [MESSAGE][PASSED] - Attribute 'value' of object 'Object Repository/DispensaryToStore/Page_Store/input_txtprice' is: '320'

2018-06-10 00:01:17 - [TEST_STEP][PASSED] - Statement - out.println("Stock QTY : " + StockQty): null

2018-06-10 00:01:17 - [TEST_STEP][PASSED] - delay: Delayed 2 second(s)

2018-06-10 00:01:19 - [MESSAGE][PASSED] - Delayed 2 second(s)

2018-06-10 00:01:19 - [TEST_STEP][PASSED] - Statement - If (java.lang.String.valueOf(StockQty) >= java.lang.String.valueOf(RequestedQty)): null

2018-06-10 00:01:19 - [TEST_STEP][PASSED] - setText: Text '10' is set on object 'Object Repository/DispensaryToStore/Page_Store/input_txtqty'

2018-06-10 00:01:19 - [MESSAGE][PASSED] - Text '10' is set on object 'Object Repository/DispensaryToStore/Page_Store/input_txtqty'

2018-06-10 00:01:19 - [TEST_STEP][PASSED] - click: Object: 'Object Repository/DispensaryToStore/Page_Store/button_Add' is clicked on

2018-06-10 00:01:19 - [MESSAGE][PASSED] - Object: 'Object Repository/DispensaryToStore/Page_Store/button_Add' is clicked on

2018-06-10 00:01:19 - [TEST_STEP][PASSED] - Statement - Break: null

2018-06-10 00:01:19 - [TEST_STEP][PASSED] - selectOptionByIndex: All options with index in [32] are selected on object 'Object Repository/DispensaryToStore/Page_Store/select_--Select--Adernaline 0.'

2018-06-10 00:01:19 - [MESSAGE][PASSED] - All options with index in [32] are selected on object 'Object Repository/DispensaryToStore/Page_Store/select_--Select--Adernaline 0.'

2018-06-10 00:01:19 - [TEST_STEP][PASSED] - delay: Delayed 2 second(s)

2018-06-10 00:01:21 - [MESSAGE][PASSED] - Delayed 2 second(s)

2018-06-10 00:01:21 - [TEST_STEP][PASSED] - Statement - RequestedQty = com.kms.katalon.core.webui.keyword.WebUiBuiltInKeywords.getAttribute(com.kms.katalon.core.testobject.ObjectRepository.findTestObject(DispensaryToStore/Page_Store/input_txttotal), "value"): Attribute 'value' of object 'Object Repository/DispensaryToStore/Page_Store/input_txttotal' is: '10'

2018-06-10 00:01:21 - [MESSAGE][PASSED] - Attribute 'value' of object 'Object Repository/DispensaryToStore/Page_Store/input_txttotal' is: '10'

2018-06-10 00:01:21 - [TEST_STEP][PASSED] - Statement - out.println("Requested QTY : " + RequestedQty): null

2018-06-10 00:01:21 - [TEST_STEP][PASSED] - Statement - BatchNumber = com.kms.katalon.core.webui.keyword.WebUiBuiltInKeywords.getNumberOfTotalOption(com.kms.katalon.core.testobject.ObjectRepository.findTestObject(DispensaryToStore/Page_Store/select_--Select--BA1170BA2376B)): 5 options of object 'Object Repository/DispensaryToStore/Page_Store/select_--Select--BA1170BA2376B' counted

2018-06-10 00:01:21 - [MESSAGE][PASSED] - 5 options of object 'Object Repository/DispensaryToStore/Page_Store/select_--Select--BA1170BA2376B' counted

2018-06-10 00:01:21 - [TEST_STEP][PASSED] - Statement - For ([g = 1, g <= BatchNumber - 1, (g++)]): null

2018-06-10 00:01:21 - [TEST_STEP][PASSED] - selectOptionByIndex: All options with index in [1] are selected on object 'Object Repository/DispensaryToStore/Page_Store/select_--Select--BA1170BA2376B'

2018-06-10 00:01:22 - [MESSAGE][PASSED] - All options with index in [1] are selected on object 'Object Repository/DispensaryToStore/Page_Store/select_--Select--BA1170BA2376B'

2018-06-10 00:01:22 - [TEST_STEP][PASSED] - Statement - Try: null

2018-06-10 00:01:22 - [TEST_STEP][PASSED] - Statement - StockQty = com.kms.katalon.core.webui.keyword.WebUiBuiltInKeywords.getAttribute(com.kms.katalon.core.testobject.ObjectRepository.findTestObject(DispensaryToStore/Page_Store/input_txtprice), "value"): Attribute 'value' of object 'Object Repository/DispensaryToStore/Page_Store/input_txtprice' is: '320'

2018-06-10 00:01:22 - [MESSAGE][PASSED] - Attribute 'value' of object 'Object Repository/DispensaryToStore/Page_Store/input_txtprice' is: '320'

2018-06-10 00:01:22 - [TEST_STEP][PASSED] - Statement - out.println("Stock QTY : " + StockQty): null

2018-06-10 00:01:22 - [TEST_STEP][PASSED] - delay: Delayed 2 second(s)

2018-06-10 00:01:24 - [MESSAGE][PASSED] - Delayed 2 second(s)

2018-06-10 00:01:24 - [TEST_STEP][PASSED] - Statement - If (java.lang.String.valueOf(StockQty) >= java.lang.String.valueOf(RequestedQty)): null

2018-06-10 00:01:24 - [TEST_STEP][PASSED] - setText: Text '10' is set on object 'Object Repository/DispensaryToStore/Page_Store/input_txtqty'

2018-06-10 00:01:24 - [MESSAGE][PASSED] - Text '10' is set on object 'Object Repository/DispensaryToStore/Page_Store/input_txtqty'

2018-06-10 00:01:24 - [TEST_STEP][PASSED] - click: Object: 'Object Repository/DispensaryToStore/Page_Store/button_Add' is clicked on

2018-06-10 00:01:24 - [MESSAGE][PASSED] - Object: 'Object Repository/DispensaryToStore/Page_Store/button_Add' is clicked on

2018-06-10 00:01:24 - [TEST_STEP][PASSED] - Statement - Break: null

2018-06-10 00:01:24 - [TEST_STEP][PASSED] - selectOptionByIndex: All options with index in [33] are selected on object 'Object Repository/DispensaryToStore/Page_Store/select_--Select--Adernaline 0.'

2018-06-10 00:01:24 - [MESSAGE][PASSED] - All options with index in [33] are selected on object 'Object Repository/DispensaryToStore/Page_Store/select_--Select--Adernaline 0.'

2018-06-10 00:01:24 - [TEST_STEP][PASSED] - delay: Delayed 2 second(s)

2018-06-10 00:01:26 - [MESSAGE][PASSED] - Delayed 2 second(s)

2018-06-10 00:01:26 - [TEST_STEP][PASSED] - Statement - RequestedQty = com.kms.katalon.core.webui.keyword.WebUiBuiltInKeywords.getAttribute(com.kms.katalon.core.testobject.ObjectRepository.findTestObject(DispensaryToStore/Page_Store/input_txttotal), "value"): Attribute 'value' of object 'Object Repository/DispensaryToStore/Page_Store/input_txttotal' is: '10'

2018-06-10 00:01:26 - [MESSAGE][PASSED] - Attribute 'value' of object 'Object Repository/DispensaryToStore/Page_Store/input_txttotal' is: '10'

2018-06-10 00:01:26 - [TEST_STEP][PASSED] - Statement - out.println("Requested QTY : " + RequestedQty): null

2018-06-10 00:01:26 - [TEST_STEP][PASSED] - Statement - BatchNumber = com.kms.katalon.core.webui.keyword.WebUiBuiltInKeywords.getNumberOfTotalOption(com.kms.katalon.core.testobject.ObjectRepository.findTestObject(DispensaryToStore/Page_Store/select_--Select--BA1170BA2376B)): 3 options of object 'Object Repository/DispensaryToStore/Page_Store/select_--Select--BA1170BA2376B' counted

2018-06-10 00:01:26 - [MESSAGE][PASSED] - 3 options of object 'Object Repository/DispensaryToStore/Page_Store/select_--Select--BA1170BA2376B' counted

2018-06-10 00:01:26 - [TEST_STEP][PASSED] - Statement - For ([g = 1, g <= BatchNumber - 1, (g++)]): null

2018-06-10 00:01:26 - [TEST_STEP][PASSED] - selectOptionByIndex: All options with index in [1] are selected on object 'Object Repository/DispensaryToStore/Page_Store/select_--Select--BA1170BA2376B'

2018-06-10 00:01:26 - [MESSAGE][PASSED] - All options with index in [1] are selected on object 'Object Repository/DispensaryToStore/Page_Store/select_--Select--BA1170BA2376B'

2018-06-10 00:01:26 - [TEST_STEP][PASSED] - Statement - Try: null

2018-06-10 00:01:26 - [TEST_STEP][PASSED] - Statement - StockQty = com.kms.katalon.core.webui.keyword.WebUiBuiltInKeywords.getAttribute(com.kms.katalon.core.testobject.ObjectRepository.findTestObject(DispensaryToStore/Page_Store/input_txtprice), "value"): Attribute 'value' of object 'Object Repository/DispensaryToStore/Page_Store/input_txtprice' is: '1720'

2018-06-10 00:01:27 - [MESSAGE][PASSED] - Attribute 'value' of object 'Object Repository/DispensaryToStore/Page_Store/input_txtprice' is: '1720'

2018-06-10 00:01:27 - [TEST_STEP][PASSED] - Statement - out.println("Stock QTY : " + StockQty): null

2018-06-10 00:01:27 - [TEST_STEP][PASSED] - delay: Delayed 2 second(s)

2018-06-10 00:01:29 - [MESSAGE][PASSED] - Delayed 2 second(s)

2018-06-10 00:01:29 - [TEST_STEP][PASSED] - Statement - If (java.lang.String.valueOf(StockQty) >= java.lang.String.valueOf(RequestedQty)): null

2018-06-10 00:01:29 - [TEST_STEP][PASSED] - setText: Text '10' is set on object 'Object Repository/DispensaryToStore/Page_Store/input_txtqty'

2018-06-10 00:01:29 - [MESSAGE][PASSED] - Text '10' is set on object 'Object Repository/DispensaryToStore/Page_Store/input_txtqty'

2018-06-10 00:01:29 - [TEST_STEP][PASSED] - click: Object: 'Object Repository/DispensaryToStore/Page_Store/button_Add' is clicked on

2018-06-10 00:01:29 - [MESSAGE][PASSED] - Object: 'Object Repository/DispensaryToStore/Page_Store/button_Add' is clicked on

2018-06-10 00:01:29 - [TEST_STEP][PASSED] - Statement - Break: null

2018-06-10 00:01:29 - [TEST_STEP][PASSED] - selectOptionByIndex: All options with index in [34] are selected on object 'Object Repository/DispensaryToStore/Page_Store/select_--Select--Adernaline 0.'

2018-06-10 00:01:29 - [MESSAGE][PASSED] - All options with index in [34] are selected on object 'Object Repository/DispensaryToStore/Page_Store/select_--Select--Adernaline 0.'

2018-06-10 00:01:29 - [TEST_STEP][PASSED] - delay: Delayed 2 second(s)

2018-06-10 00:01:31 - [MESSAGE][PASSED] - Delayed 2 second(s)

2018-06-10 00:01:31 - [TEST_STEP][PASSED] - Statement - RequestedQty = com.kms.katalon.core.webui.keyword.WebUiBuiltInKeywords.getAttribute(com.kms.katalon.core.testobject.ObjectRepository.findTestObject(DispensaryToStore/Page_Store/input_txttotal), "value"): Attribute 'value' of object 'Object Repository/DispensaryToStore/Page_Store/input_txttotal' is: '10'

2018-06-10 00:01:31 - [MESSAGE][PASSED] - Attribute 'value' of object 'Object Repository/DispensaryToStore/Page_Store/input_txttotal' is: '10'

2018-06-10 00:01:31 - [TEST_STEP][PASSED] - Statement - out.println("Requested QTY : " + RequestedQty): null

2018-06-10 00:01:31 - [TEST_STEP][PASSED] - Statement - BatchNumber = com.kms.katalon.core.webui.keyword.WebUiBuiltInKeywords.getNumberOfTotalOption(com.kms.katalon.core.testobject.ObjectRepository.findTestObject(DispensaryToStore/Page_Store/select_--Select--BA1170BA2376B)): 3 options of object 'Object Repository/DispensaryToStore/Page_Store/select_--Select--BA1170BA2376B' counted

2018-06-10 00:01:31 - [MESSAGE][PASSED] - 3 options of object 'Object Repository/DispensaryToStore/Page_Store/select_--Select--BA1170BA2376B' counted

2018-06-10 00:01:31 - [TEST_STEP][PASSED] - Statement - For ([g = 1, g <= BatchNumber - 1, (g++)]): null

2018-06-10 00:01:31 - [TEST_STEP][PASSED] - selectOptionByIndex: All options with index in [1] are selected on object 'Object Repository/DispensaryToStore/Page_Store/select_--Select--BA1170BA2376B'

2018-06-10 00:01:31 - [MESSAGE][PASSED] - All options with index in [1] are selected on object 'Object Repository/DispensaryToStore/Page_Store/select_--Select--BA1170BA2376B'

2018-06-10 00:01:31 - [TEST_STEP][PASSED] - Statement - Try: null

2018-06-10 00:01:31 - [TEST_STEP][PASSED] - Statement - StockQty = com.kms.katalon.core.webui.keyword.WebUiBuiltInKeywords.getAttribute(com.kms.katalon.core.testobject.ObjectRepository.findTestObject(DispensaryToStore/Page_Store/input_txtprice), "value"): Attribute 'value' of object 'Object Repository/DispensaryToStore/Page_Store/input_txtprice' is: '1600'

2018-06-10 00:01:31 - [MESSAGE][PASSED] - Attribute 'value' of object 'Object Repository/DispensaryToStore/Page_Store/input_txtprice' is: '1600'

2018-06-10 00:01:31 - [TEST_STEP][PASSED] - Statement - out.println("Stock QTY : " + StockQty): null

2018-06-10 00:01:31 - [TEST_STEP][PASSED] - delay: Delayed 2 second(s)

2018-06-10 00:01:33 - [MESSAGE][PASSED] - Delayed 2 second(s)

2018-06-10 00:01:33 - [TEST_STEP][PASSED] - Statement - If (java.lang.String.valueOf(StockQty) >= java.lang.String.valueOf(RequestedQty)): null

2018-06-10 00:01:33 - [TEST_STEP][PASSED] - setText: Text '10' is set on object 'Object Repository/DispensaryToStore/Page_Store/input_txtqty'

2018-06-10 00:01:33 - [MESSAGE][PASSED] - Text '10' is set on object 'Object Repository/DispensaryToStore/Page_Store/input_txtqty'

2018-06-10 00:01:33 - [TEST_STEP][PASSED] - click: Object: 'Object Repository/DispensaryToStore/Page_Store/button_Add' is clicked on

2018-06-10 00:01:34 - [MESSAGE][PASSED] - Object: 'Object Repository/DispensaryToStore/Page_Store/button_Add' is clicked on

2018-06-10 00:01:34 - [TEST_STEP][PASSED] - Statement - Break: null

2018-06-10 00:01:34 - [TEST_STEP][PASSED] - selectOptionByIndex: All options with index in [35] are selected on object 'Object Repository/DispensaryToStore/Page_Store/select_--Select--Adernaline 0.'

2018-06-10 00:01:34 - [MESSAGE][PASSED] - All options with index in [35] are selected on object 'Object Repository/DispensaryToStore/Page_Store/select_--Select--Adernaline 0.'

2018-06-10 00:01:34 - [TEST_STEP][PASSED] - delay: Delayed 2 second(s)

2018-06-10 00:01:36 - [MESSAGE][PASSED] - Delayed 2 second(s)

2018-06-10 00:01:36 - [TEST_STEP][PASSED] - Statement - RequestedQty = com.kms.katalon.core.webui.keyword.WebUiBuiltInKeywords.getAttribute(com.kms.katalon.core.testobject.ObjectRepository.findTestObject(DispensaryToStore/Page_Store/input_txttotal), "value"): Attribute 'value' of object 'Object Repository/DispensaryToStore/Page_Store/input_txttotal' is: '10'

2018-06-10 00:01:36 - [MESSAGE][PASSED] - Attribute 'value' of object 'Object Repository/DispensaryToStore/Page_Store/input_txttotal' is: '10'

2018-06-10 00:01:36 - [TEST_STEP][PASSED] - Statement - out.println("Requested QTY : " + RequestedQty): null

2018-06-10 00:01:36 - [TEST_STEP][PASSED] - Statement - BatchNumber = com.kms.katalon.core.webui.keyword.WebUiBuiltInKeywords.getNumberOfTotalOption(com.kms.katalon.core.testobject.ObjectRepository.findTestObject(DispensaryToStore/Page_Store/select_--Select--BA1170BA2376B)): 3 options of object 'Object Repository/DispensaryToStore/Page_Store/select_--Select--BA1170BA2376B' counted

2018-06-10 00:01:36 - [MESSAGE][PASSED] - 3 options of object 'Object Repository/DispensaryToStore/Page_Store/select_--Select--BA1170BA2376B' counted

2018-06-10 00:01:36 - [TEST_STEP][PASSED] - Statement - For ([g = 1, g <= BatchNumber - 1, (g++)]): null

2018-06-10 00:01:36 - [TEST_STEP][PASSED] - selectOptionByIndex: All options with index in [1] are selected on object 'Object Repository/DispensaryToStore/Page_Store/select_--Select--BA1170BA2376B'

2018-06-10 00:01:36 - [MESSAGE][PASSED] - All options with index in [1] are selected on object 'Object Repository/DispensaryToStore/Page_Store/select_--Select--BA1170BA2376B'

2018-06-10 00:01:36 - [TEST_STEP][PASSED] - Statement - Try: null

2018-06-10 00:01:36 - [TEST_STEP][PASSED] - Statement - StockQty = com.kms.katalon.core.webui.keyword.WebUiBuiltInKeywords.getAttribute(com.kms.katalon.core.testobject.ObjectRepository.findTestObject(DispensaryToStore/Page_Store/input_txtprice), "value"): Attribute 'value' of object 'Object Repository/DispensaryToStore/Page_Store/input_txtprice' is: '2600'

2018-06-10 00:01:36 - [MESSAGE][PASSED] - Attribute 'value' of object 'Object Repository/DispensaryToStore/Page_Store/input_txtprice' is: '2600'

2018-06-10 00:01:36 - [TEST_STEP][PASSED] - Statement - out.println("Stock QTY : " + StockQty): null

2018-06-10 00:01:36 - [TEST_STEP][PASSED] - delay: Delayed 2 second(s)

2018-06-10 00:01:38 - [MESSAGE][PASSED] - Delayed 2 second(s)

2018-06-10 00:01:38 - [TEST_STEP][PASSED] - Statement - If (java.lang.String.valueOf(StockQty) >= java.lang.String.valueOf(RequestedQty)): null

2018-06-10 00:01:38 - [TEST_STEP][PASSED] - setText: Text '10' is set on object 'Object Repository/DispensaryToStore/Page_Store/input_txtqty'

2018-06-10 00:01:38 - [MESSAGE][PASSED] - Text '10' is set on object 'Object Repository/DispensaryToStore/Page_Store/input_txtqty'

2018-06-10 00:01:38 - [TEST_STEP][PASSED] - click: Object: 'Object Repository/DispensaryToStore/Page_Store/button_Add' is clicked on

2018-06-10 00:01:38 - [MESSAGE][PASSED] - Object: 'Object Repository/DispensaryToStore/Page_Store/button_Add' is clicked on

2018-06-10 00:01:38 - [TEST_STEP][PASSED] - Statement - Break: null

2018-06-10 00:01:38 - [TEST_STEP][PASSED] - selectOptionByIndex: All options with index in [36] are selected on object 'Object Repository/DispensaryToStore/Page_Store/select_--Select--Adernaline 0.'

2018-06-10 00:01:39 - [MESSAGE][PASSED] - All options with index in [36] are selected on object 'Object Repository/DispensaryToStore/Page_Store/select_--Select--Adernaline 0.'

2018-06-10 00:01:39 - [TEST_STEP][PASSED] - delay: Delayed 2 second(s)

2018-06-10 00:01:41 - [MESSAGE][PASSED] - Delayed 2 second(s)

2018-06-10 00:01:41 - [TEST_STEP][PASSED] - Statement - RequestedQty = com.kms.katalon.core.webui.keyword.WebUiBuiltInKeywords.getAttribute(com.kms.katalon.core.testobject.ObjectRepository.findTestObject(DispensaryToStore/Page_Store/input_txttotal), "value"): Attribute 'value' of object 'Object Repository/DispensaryToStore/Page_Store/input_txttotal' is: '10'

2018-06-10 00:01:41 - [MESSAGE][PASSED] - Attribute 'value' of object 'Object Repository/DispensaryToStore/Page_Store/input_txttotal' is: '10'

2018-06-10 00:01:41 - [TEST_STEP][PASSED] - Statement - out.println("Requested QTY : " + RequestedQty): null

2018-06-10 00:01:41 - [TEST_STEP][PASSED] - Statement - BatchNumber = com.kms.katalon.core.webui.keyword.WebUiBuiltInKeywords.getNumberOfTotalOption(com.kms.katalon.core.testobject.ObjectRepository.findTestObject(DispensaryToStore/Page_Store/select_--Select--BA1170BA2376B)): 5 options of object 'Object Repository/DispensaryToStore/Page_Store/select_--Select--BA1170BA2376B' counted

2018-06-10 00:01:41 - [MESSAGE][PASSED] - 5 options of object 'Object Repository/DispensaryToStore/Page_Store/select_--Select--BA1170BA2376B' counted

2018-06-10 00:01:41 - [TEST_STEP][PASSED] - Statement - For ([g = 1, g <= BatchNumber - 1, (g++)]): null

2018-06-10 00:01:41 - [TEST_STEP][PASSED] - selectOptionByIndex: All options with index in [1] are selected on object 'Object Repository/DispensaryToStore/Page_Store/select_--Select--BA1170BA2376B'

2018-06-10 00:01:41 - [MESSAGE][PASSED] - All options with index in [1] are selected on object 'Object Repository/DispensaryToStore/Page_Store/select_--Select--BA1170BA2376B'

2018-06-10 00:01:41 - [TEST_STEP][PASSED] - Statement - Try: null

2018-06-10 00:01:41 - [TEST_STEP][PASSED] - Statement - StockQty = com.kms.katalon.core.webui.keyword.WebUiBuiltInKeywords.getAttribute(com.kms.katalon.core.testobject.ObjectRepository.findTestObject(DispensaryToStore/Page_Store/input_txtprice), "value"): Attribute 'value' of object 'Object Repository/DispensaryToStore/Page_Store/input_txtprice' is: '660'

2018-06-10 00:01:41 - [MESSAGE][PASSED] - Attribute 'value' of object 'Object Repository/DispensaryToStore/Page_Store/input_txtprice' is: '660'

2018-06-10 00:01:41 - [TEST_STEP][PASSED] - Statement - out.println("Stock QTY : " + StockQty): null

2018-06-10 00:01:41 - [TEST_STEP][PASSED] - delay: Delayed 2 second(s)

2018-06-10 00:01:43 - [MESSAGE][PASSED] - Delayed 2 second(s)

2018-06-10 00:01:43 - [TEST_STEP][PASSED] - Statement - If (java.lang.String.valueOf(StockQty) >= java.lang.String.valueOf(RequestedQty)): null

2018-06-10 00:01:43 - [TEST_STEP][PASSED] - setText: Text '10' is set on object 'Object Repository/DispensaryToStore/Page_Store/input_txtqty'

2018-06-10 00:01:43 - [MESSAGE][PASSED] - Text '10' is set on object 'Object Repository/DispensaryToStore/Page_Store/input_txtqty'

2018-06-10 00:01:43 - [TEST_STEP][PASSED] - click: Object: 'Object Repository/DispensaryToStore/Page_Store/button_Add' is clicked on

2018-06-10 00:01:43 - [MESSAGE][PASSED] - Object: 'Object Repository/DispensaryToStore/Page_Store/button_Add' is clicked on

2018-06-10 00:01:43 - [TEST_STEP][PASSED] - Statement - Break: null

2018-06-10 00:01:43 - [TEST_STEP][PASSED] - selectOptionByIndex: All options with index in [37] are selected on object 'Object Repository/DispensaryToStore/Page_Store/select_--Select--Adernaline 0.'

2018-06-10 00:01:44 - [MESSAGE][PASSED] - All options with index in [37] are selected on object 'Object Repository/DispensaryToStore/Page_Store/select_--Select--Adernaline 0.'

2018-06-10 00:01:44 - [TEST_STEP][PASSED] - delay: Delayed 2 second(s)

2018-06-10 00:01:46 - [MESSAGE][PASSED] - Delayed 2 second(s)

2018-06-10 00:01:46 - [TEST_STEP][PASSED] - Statement - RequestedQty = com.kms.katalon.core.webui.keyword.WebUiBuiltInKeywords.getAttribute(com.kms.katalon.core.testobject.ObjectRepository.findTestObject(DispensaryToStore/Page_Store/input_txttotal), "value"): Attribute 'value' of object 'Object Repository/DispensaryToStore/Page_Store/input_txttotal' is: '10'

2018-06-10 00:01:46 - [MESSAGE][PASSED] - Attribute 'value' of object 'Object Repository/DispensaryToStore/Page_Store/input_txttotal' is: '10'

2018-06-10 00:01:46 - [TEST_STEP][PASSED] - Statement - out.println("Requested QTY : " + RequestedQty): null

2018-06-10 00:01:46 - [TEST_STEP][PASSED] - Statement - BatchNumber = com.kms.katalon.core.webui.keyword.WebUiBuiltInKeywords.getNumberOfTotalOption(com.kms.katalon.core.testobject.ObjectRepository.findTestObject(DispensaryToStore/Page_Store/select_--Select--BA1170BA2376B)): 4 options of object 'Object Repository/DispensaryToStore/Page_Store/select_--Select--BA1170BA2376B' counted

2018-06-10 00:01:46 - [MESSAGE][PASSED] - 4 options of object 'Object Repository/DispensaryToStore/Page_Store/select_--Select--BA1170BA2376B' counted

2018-06-10 00:01:46 - [TEST_STEP][PASSED] - Statement - For ([g = 1, g <= BatchNumber - 1, (g++)]): null

2018-06-10 00:01:46 - [TEST_STEP][PASSED] - selectOptionByIndex: All options with index in [1] are selected on object 'Object Repository/DispensaryToStore/Page_Store/select_--Select--BA1170BA2376B'

2018-06-10 00:01:46 - [MESSAGE][PASSED] - All options with index in [1] are selected on object 'Object Repository/DispensaryToStore/Page_Store/select_--Select--BA1170BA2376B'

2018-06-10 00:01:46 - [TEST_STEP][PASSED] - Statement - Try: null

2018-06-10 00:01:46 - [TEST_STEP][PASSED] - Statement - StockQty = com.kms.katalon.core.webui.keyword.WebUiBuiltInKeywords.getAttribute(com.kms.katalon.core.testobject.ObjectRepository.findTestObject(DispensaryToStore/Page_Store/input_txtprice), "value"): Attribute 'value' of object 'Object Repository/DispensaryToStore/Page_Store/input_txtprice' is: '1600'

2018-06-10 00:01:46 - [MESSAGE][PASSED] - Attribute 'value' of object 'Object Repository/DispensaryToStore/Page_Store/input_txtprice' is: '1600'

2018-06-10 00:01:46 - [TEST_STEP][PASSED] - Statement - out.println("Stock QTY : " + StockQty): null

2018-06-10 00:01:46 - [TEST_STEP][PASSED] - delay: Delayed 2 second(s)

2018-06-10 00:01:48 - [MESSAGE][PASSED] - Delayed 2 second(s)

2018-06-10 00:01:48 - [TEST_STEP][PASSED] - Statement - If (java.lang.String.valueOf(StockQty) >= java.lang.String.valueOf(RequestedQty)): null

2018-06-10 00:01:48 - [TEST_STEP][PASSED] - setText: Text '10' is set on object 'Object Repository/DispensaryToStore/Page_Store/input_txtqty'

2018-06-10 00:01:48 - [MESSAGE][PASSED] - Text '10' is set on object 'Object Repository/DispensaryToStore/Page_Store/input_txtqty'

2018-06-10 00:01:48 - [TEST_STEP][PASSED] - click: Object: 'Object Repository/DispensaryToStore/Page_Store/button_Add' is clicked on

2018-06-10 00:01:48 - [MESSAGE][PASSED] - Object: 'Object Repository/DispensaryToStore/Page_Store/button_Add' is clicked on

2018-06-10 00:01:48 - [TEST_STEP][PASSED] - Statement - Break: null

2018-06-10 00:01:48 - [TEST_STEP][PASSED] - selectOptionByIndex: All options with index in [38] are selected on object 'Object Repository/DispensaryToStore/Page_Store/select_--Select--Adernaline 0.'

2018-06-10 00:01:49 - [MESSAGE][PASSED] - All options with index in [38] are selected on object 'Object Repository/DispensaryToStore/Page_Store/select_--Select--Adernaline 0.'

2018-06-10 00:01:49 - [TEST_STEP][PASSED] - delay: Delayed 2 second(s)

2018-06-10 00:01:51 - [MESSAGE][PASSED] - Delayed 2 second(s)

2018-06-10 00:01:51 - [TEST_STEP][PASSED] - Statement - RequestedQty = com.kms.katalon.core.webui.keyword.WebUiBuiltInKeywords.getAttribute(com.kms.katalon.core.testobject.ObjectRepository.findTestObject(DispensaryToStore/Page_Store/input_txttotal), "value"): Attribute 'value' of object 'Object Repository/DispensaryToStore/Page_Store/input_txttotal' is: '10'

2018-06-10 00:01:51 - [MESSAGE][PASSED] - Attribute 'value' of object 'Object Repository/DispensaryToStore/Page_Store/input_txttotal' is: '10'

2018-06-10 00:01:51 - [TEST_STEP][PASSED] - Statement - out.println("Requested QTY : " + RequestedQty): null

2018-06-10 00:01:51 - [TEST_STEP][PASSED] - Statement - BatchNumber = com.kms.katalon.core.webui.keyword.WebUiBuiltInKeywords.getNumberOfTotalOption(com.kms.katalon.core.testobject.ObjectRepository.findTestObject(DispensaryToStore/Page_Store/select_--Select--BA1170BA2376B)): 5 options of object 'Object Repository/DispensaryToStore/Page_Store/select_--Select--BA1170BA2376B' counted

2018-06-10 00:01:51 - [MESSAGE][PASSED] - 5 options of object 'Object Repository/DispensaryToStore/Page_Store/select_--Select--BA1170BA2376B' counted

2018-06-10 00:01:51 - [TEST_STEP][PASSED] - Statement - For ([g = 1, g <= BatchNumber - 1, (g++)]): null

2018-06-10 00:01:51 - [TEST_STEP][PASSED] - selectOptionByIndex: All options with index in [1] are selected on object 'Object Repository/DispensaryToStore/Page_Store/select_--Select--BA1170BA2376B'

2018-06-10 00:01:51 - [MESSAGE][PASSED] - All options with index in [1] are selected on object 'Object Repository/DispensaryToStore/Page_Store/select_--Select--BA1170BA2376B'

2018-06-10 00:01:51 - [TEST_STEP][PASSED] - Statement - Try: null

2018-06-10 00:01:51 - [TEST_STEP][PASSED] - Statement - StockQty = com.kms.katalon.core.webui.keyword.WebUiBuiltInKeywords.getAttribute(com.kms.katalon.core.testobject.ObjectRepository.findTestObject(DispensaryToStore/Page_Store/input_txtprice), "value"): Attribute 'value' of object 'Object Repository/DispensaryToStore/Page_Store/input_txtprice' is: '320'

2018-06-10 00:01:51 - [MESSAGE][PASSED] - Attribute 'value' of object 'Object Repository/DispensaryToStore/Page_Store/input_txtprice' is: '320'

2018-06-10 00:01:51 - [TEST_STEP][PASSED] - Statement - out.println("Stock QTY : " + StockQty): null

2018-06-10 00:01:51 - [TEST_STEP][PASSED] - delay: Delayed 2 second(s)

2018-06-10 00:01:53 - [MESSAGE][PASSED] - Delayed 2 second(s)

2018-06-10 00:01:53 - [TEST_STEP][PASSED] - Statement - If (java.lang.String.valueOf(StockQty) >= java.lang.String.valueOf(RequestedQty)): null

2018-06-10 00:01:53 - [TEST_STEP][PASSED] - setText: Text '10' is set on object 'Object Repository/DispensaryToStore/Page_Store/input_txtqty'

2018-06-10 00:01:53 - [MESSAGE][PASSED] - Text '10' is set on object 'Object Repository/DispensaryToStore/Page_Store/input_txtqty'

2018-06-10 00:01:53 - [TEST_STEP][PASSED] - click: Object: 'Object Repository/DispensaryToStore/Page_Store/button_Add' is clicked on

2018-06-10 00:01:53 - [MESSAGE][PASSED] - Object: 'Object Repository/DispensaryToStore/Page_Store/button_Add' is clicked on

2018-06-10 00:01:53 - [TEST_STEP][PASSED] - Statement - Break: null

2018-06-10 00:01:53 - [TEST_STEP][PASSED] - selectOptionByIndex: All options with index in [39] are selected on object 'Object Repository/DispensaryToStore/Page_Store/select_--Select--Adernaline 0.'

2018-06-10 00:01:54 - [MESSAGE][PASSED] - All options with index in [39] are selected on object 'Object Repository/DispensaryToStore/Page_Store/select_--Select--Adernaline 0.'

2018-06-10 00:01:54 - [TEST_STEP][PASSED] - delay: Delayed 2 second(s)

2018-06-10 00:01:56 - [MESSAGE][PASSED] - Delayed 2 second(s)

2018-06-10 00:01:56 - [TEST_STEP][PASSED] - Statement - RequestedQty = com.kms.katalon.core.webui.keyword.WebUiBuiltInKeywords.getAttribute(com.kms.katalon.core.testobject.ObjectRepository.findTestObject(DispensaryToStore/Page_Store/input_txttotal), "value"): Attribute 'value' of object 'Object Repository/DispensaryToStore/Page_Store/input_txttotal' is: '10'

2018-06-10 00:01:56 - [MESSAGE][PASSED] - Attribute 'value' of object 'Object Repository/DispensaryToStore/Page_Store/input_txttotal' is: '10'

2018-06-10 00:01:56 - [TEST_STEP][PASSED] - Statement - out.println("Requested QTY : " + RequestedQty): null

2018-06-10 00:01:56 - [TEST_STEP][PASSED] - Statement - BatchNumber = com.kms.katalon.core.webui.keyword.WebUiBuiltInKeywords.getNumberOfTotalOption(com.kms.katalon.core.testobject.ObjectRepository.findTestObject(DispensaryToStore/Page_Store/select_--Select--BA1170BA2376B)): 3 options of object 'Object Repository/DispensaryToStore/Page_Store/select_--Select--BA1170BA2376B' counted

2018-06-10 00:01:56 - [MESSAGE][PASSED] - 3 options of object 'Object Repository/DispensaryToStore/Page_Store/select_--Select--BA1170BA2376B' counted

2018-06-10 00:01:56 - [TEST_STEP][PASSED] - Statement - For ([g = 1, g <= BatchNumber - 1, (g++)]): null

2018-06-10 00:01:56 - [TEST_STEP][PASSED] - selectOptionByIndex: All options with index in [1] are selected on object 'Object Repository/DispensaryToStore/Page_Store/select_--Select--BA1170BA2376B'

2018-06-10 00:01:56 - [MESSAGE][PASSED] - All options with index in [1] are selected on object 'Object Repository/DispensaryToStore/Page_Store/select_--Select--BA1170BA2376B'

2018-06-10 00:01:56 - [TEST_STEP][PASSED] - Statement - Try: null

2018-06-10 00:01:56 - [TEST_STEP][PASSED] - Statement - StockQty = com.kms.katalon.core.webui.keyword.WebUiBuiltInKeywords.getAttribute(com.kms.katalon.core.testobject.ObjectRepository.findTestObject(DispensaryToStore/Page_Store/input_txtprice), "value"): Attribute 'value' of object 'Object Repository/DispensaryToStore/Page_Store/input_txtprice' is: '1700'

2018-06-10 00:01:56 - [MESSAGE][PASSED] - Attribute 'value' of object 'Object Repository/DispensaryToStore/Page_Store/input_txtprice' is: '1700'

2018-06-10 00:01:56 - [TEST_STEP][PASSED] - Statement - out.println("Stock QTY : " + StockQty): null

2018-06-10 00:01:56 - [TEST_STEP][PASSED] - delay: Delayed 2 second(s)

2018-06-10 00:01:58 - [MESSAGE][PASSED] - Delayed 2 second(s)

2018-06-10 00:01:58 - [TEST_STEP][PASSED] - Statement - If (java.lang.String.valueOf(StockQty) >= java.lang.String.valueOf(RequestedQty)): null

2018-06-10 00:01:58 - [TEST_STEP][PASSED] - setText: Text '10' is set on object 'Object Repository/DispensaryToStore/Page_Store/input_txtqty'

2018-06-10 00:01:58 - [MESSAGE][PASSED] - Text '10' is set on object 'Object Repository/DispensaryToStore/Page_Store/input_txtqty'

2018-06-10 00:01:58 - [TEST_STEP][PASSED] - click: Object: 'Object Repository/DispensaryToStore/Page_Store/button_Add' is clicked on

2018-06-10 00:01:58 - [MESSAGE][PASSED] - Object: 'Object Repository/DispensaryToStore/Page_Store/button_Add' is clicked on

2018-06-10 00:01:58 - [TEST_STEP][PASSED] - Statement - Break: null

2018-06-10 00:01:58 - [TEST_STEP][PASSED] - selectOptionByIndex: All options with index in [40] are selected on object 'Object Repository/DispensaryToStore/Page_Store/select_--Select--Adernaline 0.'

2018-06-10 00:01:59 - [MESSAGE][PASSED] - All options with index in [40] are selected on object 'Object Repository/DispensaryToStore/Page_Store/select_--Select--Adernaline 0.'

2018-06-10 00:01:59 - [TEST_STEP][PASSED] - delay: Delayed 2 second(s)

2018-06-10 00:02:01 - [MESSAGE][PASSED] - Delayed 2 second(s)

2018-06-10 00:02:01 - [TEST_STEP][PASSED] - Statement - RequestedQty = com.kms.katalon.core.webui.keyword.WebUiBuiltInKeywords.getAttribute(com.kms.katalon.core.testobject.ObjectRepository.findTestObject(DispensaryToStore/Page_Store/input_txttotal), "value"): Attribute 'value' of object 'Object Repository/DispensaryToStore/Page_Store/input_txttotal' is: '10'

2018-06-10 00:02:01 - [MESSAGE][PASSED] - Attribute 'value' of object 'Object Repository/DispensaryToStore/Page_Store/input_txttotal' is: '10'

2018-06-10 00:02:01 - [TEST_STEP][PASSED] - Statement - out.println("Requested QTY : " + RequestedQty): null

2018-06-10 00:02:01 - [TEST_STEP][PASSED] - Statement - BatchNumber = com.kms.katalon.core.webui.keyword.WebUiBuiltInKeywords.getNumberOfTotalOption(com.kms.katalon.core.testobject.ObjectRepository.findTestObject(DispensaryToStore/Page_Store/select_--Select--BA1170BA2376B)): 5 options of object 'Object Repository/DispensaryToStore/Page_Store/select_--Select--BA1170BA2376B' counted

2018-06-10 00:02:01 - [MESSAGE][PASSED] - 5 options of object 'Object Repository/DispensaryToStore/Page_Store/select_--Select--BA1170BA2376B' counted

2018-06-10 00:02:01 - [TEST_STEP][PASSED] - Statement - For ([g = 1, g <= BatchNumber - 1, (g++)]): null

2018-06-10 00:02:01 - [TEST_STEP][PASSED] - selectOptionByIndex: All options with index in [1] are selected on object 'Object Repository/DispensaryToStore/Page_Store/select_--Select--BA1170BA2376B'

2018-06-10 00:02:01 - [MESSAGE][PASSED] - All options with index in [1] are selected on object 'Object Repository/DispensaryToStore/Page_Store/select_--Select--BA1170BA2376B'

2018-06-10 00:02:01 - [TEST_STEP][PASSED] - Statement - Try: null

2018-06-10 00:02:01 - [TEST_STEP][PASSED] - Statement - StockQty = com.kms.katalon.core.webui.keyword.WebUiBuiltInKeywords.getAttribute(com.kms.katalon.core.testobject.ObjectRepository.findTestObject(DispensaryToStore/Page_Store/input_txtprice), "value"): Attribute 'value' of object 'Object Repository/DispensaryToStore/Page_Store/input_txtprice' is: '100'

2018-06-10 00:02:01 - [MESSAGE][PASSED] - Attribute 'value' of object 'Object Repository/DispensaryToStore/Page_Store/input_txtprice' is: '100'

2018-06-10 00:02:01 - [TEST_STEP][PASSED] - Statement - out.println("Stock QTY : " + StockQty): null

2018-06-10 00:02:01 - [TEST_STEP][PASSED] - delay: Delayed 2 second(s)

2018-06-10 00:02:03 - [MESSAGE][PASSED] - Delayed 2 second(s)

2018-06-10 00:02:03 - [TEST_STEP][PASSED] - Statement - If (java.lang.String.valueOf(StockQty) >= java.lang.String.valueOf(RequestedQty)): null

2018-06-10 00:02:03 - [TEST_STEP][PASSED] - setText: Text '10' is set on object 'Object Repository/DispensaryToStore/Page_Store/input_txtqty'

2018-06-10 00:02:03 - [MESSAGE][PASSED] - Text '10' is set on object 'Object Repository/DispensaryToStore/Page_Store/input_txtqty'

2018-06-10 00:02:03 - [TEST_STEP][PASSED] - click: Object: 'Object Repository/DispensaryToStore/Page_Store/button_Add' is clicked on

2018-06-10 00:02:03 - [MESSAGE][PASSED] - Object: 'Object Repository/DispensaryToStore/Page_Store/button_Add' is clicked on

2018-06-10 00:02:03 - [TEST_STEP][PASSED] - Statement - Break: null

2018-06-10 00:02:03 - [TEST_STEP][PASSED] - selectOptionByIndex: All options with index in [41] are selected on object 'Object Repository/DispensaryToStore/Page_Store/select_--Select--Adernaline 0.'

2018-06-10 00:02:03 - [MESSAGE][PASSED] - All options with index in [41] are selected on object 'Object Repository/DispensaryToStore/Page_Store/select_--Select--Adernaline 0.'

2018-06-10 00:02:03 - [TEST_STEP][PASSED] - delay: Delayed 2 second(s)

2018-06-10 00:02:05 - [MESSAGE][PASSED] - Delayed 2 second(s)

2018-06-10 00:02:05 - [TEST_STEP][PASSED] - Statement - RequestedQty = com.kms.katalon.core.webui.keyword.WebUiBuiltInKeywords.getAttribute(com.kms.katalon.core.testobject.ObjectRepository.findTestObject(DispensaryToStore/Page_Store/input_txttotal), "value"): Attribute 'value' of object 'Object Repository/DispensaryToStore/Page_Store/input_txttotal' is: '10'

2018-06-10 00:02:06 - [MESSAGE][PASSED] - Attribute 'value' of object 'Object Repository/DispensaryToStore/Page_Store/input_txttotal' is: '10'

2018-06-10 00:02:06 - [TEST_STEP][PASSED] - Statement - out.println("Requested QTY : " + RequestedQty): null

2018-06-10 00:02:06 - [TEST_STEP][PASSED] - Statement - BatchNumber = com.kms.katalon.core.webui.keyword.WebUiBuiltInKeywords.getNumberOfTotalOption(com.kms.katalon.core.testobject.ObjectRepository.findTestObject(DispensaryToStore/Page_Store/select_--Select--BA1170BA2376B)): 4 options of object 'Object Repository/DispensaryToStore/Page_Store/select_--Select--BA1170BA2376B' counted

2018-06-10 00:02:06 - [MESSAGE][PASSED] - 4 options of object 'Object Repository/DispensaryToStore/Page_Store/select_--Select--BA1170BA2376B' counted

2018-06-10 00:02:06 - [TEST_STEP][PASSED] - Statement - For ([g = 1, g <= BatchNumber - 1, (g++)]): null

2018-06-10 00:02:06 - [TEST_STEP][PASSED] - selectOptionByIndex: All options with index in [1] are selected on object 'Object Repository/DispensaryToStore/Page_Store/select_--Select--BA1170BA2376B'

2018-06-10 00:02:06 - [MESSAGE][PASSED] - All options with index in [1] are selected on object 'Object Repository/DispensaryToStore/Page_Store/select_--Select--BA1170BA2376B'

2018-06-10 00:02:06 - [TEST_STEP][PASSED] - Statement - Try: null

2018-06-10 00:02:06 - [TEST_STEP][PASSED] - Statement - StockQty = com.kms.katalon.core.webui.keyword.WebUiBuiltInKeywords.getAttribute(com.kms.katalon.core.testobject.ObjectRepository.findTestObject(DispensaryToStore/Page_Store/input_txtprice), "value"): Attribute 'value' of object 'Object Repository/DispensaryToStore/Page_Store/input_txtprice' is: '100'

2018-06-10 00:02:06 - [MESSAGE][PASSED] - Attribute 'value' of object 'Object Repository/DispensaryToStore/Page_Store/input_txtprice' is: '100'

2018-06-10 00:02:06 - [TEST_STEP][PASSED] - Statement - out.println("Stock QTY : " + StockQty): null

2018-06-10 00:02:06 - [TEST_STEP][PASSED] - delay: Delayed 2 second(s)

2018-06-10 00:02:08 - [MESSAGE][PASSED] - Delayed 2 second(s)

2018-06-10 00:02:08 - [TEST_STEP][PASSED] - Statement - If (java.lang.String.valueOf(StockQty) >= java.lang.String.valueOf(RequestedQty)): null

2018-06-10 00:02:08 - [TEST_STEP][PASSED] - setText: Text '10' is set on object 'Object Repository/DispensaryToStore/Page_Store/input_txtqty'

2018-06-10 00:02:08 - [MESSAGE][PASSED] - Text '10' is set on object 'Object Repository/DispensaryToStore/Page_Store/input_txtqty'

2018-06-10 00:02:08 - [TEST_STEP][PASSED] - click: Object: 'Object Repository/DispensaryToStore/Page_Store/button_Add' is clicked on

2018-06-10 00:02:08 - [MESSAGE][PASSED] - Object: 'Object Repository/DispensaryToStore/Page_Store/button_Add' is clicked on

2018-06-10 00:02:08 - [TEST_STEP][PASSED] - Statement - Break: null

2018-06-10 00:02:08 - [TEST_STEP][PASSED] - selectOptionByIndex: All options with index in [42] are selected on object 'Object Repository/DispensaryToStore/Page_Store/select_--Select--Adernaline 0.'

2018-06-10 00:02:08 - [MESSAGE][PASSED] - All options with index in [42] are selected on object 'Object Repository/DispensaryToStore/Page_Store/select_--Select--Adernaline 0.'

2018-06-10 00:02:08 - [TEST_STEP][PASSED] - delay: Delayed 2 second(s)

2018-06-10 00:02:10 - [MESSAGE][PASSED] - Delayed 2 second(s)

2018-06-10 00:02:10 - [TEST_STEP][PASSED] - Statement - RequestedQty = com.kms.katalon.core.webui.keyword.WebUiBuiltInKeywords.getAttribute(com.kms.katalon.core.testobject.ObjectRepository.findTestObject(DispensaryToStore/Page_Store/input_txttotal), "value"): Attribute 'value' of object 'Object Repository/DispensaryToStore/Page_Store/input_txttotal' is: '10'

2018-06-10 00:02:10 - [MESSAGE][PASSED] - Attribute 'value' of object 'Object Repository/DispensaryToStore/Page_Store/input_txttotal' is: '10'

2018-06-10 00:02:10 - [TEST_STEP][PASSED] - Statement - out.println("Requested QTY : " + RequestedQty): null

2018-06-10 00:02:10 - [TEST_STEP][PASSED] - Statement - BatchNumber = com.kms.katalon.core.webui.keyword.WebUiBuiltInKeywords.getNumberOfTotalOption(com.kms.katalon.core.testobject.ObjectRepository.findTestObject(DispensaryToStore/Page_Store/select_--Select--BA1170BA2376B)): 3 options of object 'Object Repository/DispensaryToStore/Page_Store/select_--Select--BA1170BA2376B' counted

2018-06-10 00:02:10 - [MESSAGE][PASSED] - 3 options of object 'Object Repository/DispensaryToStore/Page_Store/select_--Select--BA1170BA2376B' counted

2018-06-10 00:02:10 - [TEST_STEP][PASSED] - Statement - For ([g = 1, g <= BatchNumber - 1, (g++)]): null

2018-06-10 00:02:10 - [TEST_STEP][PASSED] - selectOptionByIndex: All options with index in [1] are selected on object 'Object Repository/DispensaryToStore/Page_Store/select_--Select--BA1170BA2376B'

2018-06-10 00:02:11 - [MESSAGE][PASSED] - All options with index in [1] are selected on object 'Object Repository/DispensaryToStore/Page_Store/select_--Select--BA1170BA2376B'

2018-06-10 00:02:11 - [TEST_STEP][PASSED] - Statement - Try: null

2018-06-10 00:02:11 - [TEST_STEP][PASSED] - Statement - StockQty = com.kms.katalon.core.webui.keyword.WebUiBuiltInKeywords.getAttribute(com.kms.katalon.core.testobject.ObjectRepository.findTestObject(DispensaryToStore/Page_Store/input_txtprice), "value"): Attribute 'value' of object 'Object Repository/DispensaryToStore/Page_Store/input_txtprice' is: '2600'

2018-06-10 00:02:11 - [MESSAGE][PASSED] - Attribute 'value' of object 'Object Repository/DispensaryToStore/Page_Store/input_txtprice' is: '2600'

2018-06-10 00:02:11 - [TEST_STEP][PASSED] - Statement - out.println("Stock QTY : " + StockQty): null

2018-06-10 00:02:11 - [TEST_STEP][PASSED] - delay: Delayed 2 second(s)

2018-06-10 00:02:13 - [MESSAGE][PASSED] - Delayed 2 second(s)

2018-06-10 00:02:13 - [TEST_STEP][PASSED] - Statement - If (java.lang.String.valueOf(StockQty) >= java.lang.String.valueOf(RequestedQty)): null

2018-06-10 00:02:13 - [TEST_STEP][PASSED] - setText: Text '10' is set on object 'Object Repository/DispensaryToStore/Page_Store/input_txtqty'

2018-06-10 00:02:13 - [MESSAGE][PASSED] - Text '10' is set on object 'Object Repository/DispensaryToStore/Page_Store/input_txtqty'

2018-06-10 00:02:13 - [TEST_STEP][PASSED] - click: Object: 'Object Repository/DispensaryToStore/Page_Store/button_Add' is clicked on

2018-06-10 00:02:13 - [MESSAGE][PASSED] - Object: 'Object Repository/DispensaryToStore/Page_Store/button_Add' is clicked on

2018-06-10 00:02:13 - [TEST_STEP][PASSED] - Statement - Break: null

2018-06-10 00:02:13 - [TEST_STEP][PASSED] - selectOptionByIndex: All options with index in [43] are selected on object 'Object Repository/DispensaryToStore/Page_Store/select_--Select--Adernaline 0.'

2018-06-10 00:02:13 - [MESSAGE][PASSED] - All options with index in [43] are selected on object 'Object Repository/DispensaryToStore/Page_Store/select_--Select--Adernaline 0.'

2018-06-10 00:02:13 - [TEST_STEP][PASSED] - delay: Delayed 2 second(s)

2018-06-10 00:02:15 - [MESSAGE][PASSED] - Delayed 2 second(s)

2018-06-10 00:02:15 - [TEST_STEP][PASSED] - Statement - RequestedQty = com.kms.katalon.core.webui.keyword.WebUiBuiltInKeywords.getAttribute(com.kms.katalon.core.testobject.ObjectRepository.findTestObject(DispensaryToStore/Page_Store/input_txttotal), "value"): Attribute 'value' of object 'Object Repository/DispensaryToStore/Page_Store/input_txttotal' is: '10'

2018-06-10 00:02:15 - [MESSAGE][PASSED] - Attribute 'value' of object 'Object Repository/DispensaryToStore/Page_Store/input_txttotal' is: '10'

2018-06-10 00:02:15 - [TEST_STEP][PASSED] - Statement - out.println("Requested QTY : " + RequestedQty): null

2018-06-10 00:02:15 - [TEST_STEP][PASSED] - Statement - BatchNumber = com.kms.katalon.core.webui.keyword.WebUiBuiltInKeywords.getNumberOfTotalOption(com.kms.katalon.core.testobject.ObjectRepository.findTestObject(DispensaryToStore/Page_Store/select_--Select--BA1170BA2376B)): 5 options of object 'Object Repository/DispensaryToStore/Page_Store/select_--Select--BA1170BA2376B' counted

2018-06-10 00:02:15 - [MESSAGE][PASSED] - 5 options of object 'Object Repository/DispensaryToStore/Page_Store/select_--Select--BA1170BA2376B' counted

2018-06-10 00:02:15 - [TEST_STEP][PASSED] - Statement - For ([g = 1, g <= BatchNumber - 1, (g++)]): null

2018-06-10 00:02:15 - [TEST_STEP][PASSED] - selectOptionByIndex: All options with index in [1] are selected on object 'Object Repository/DispensaryToStore/Page_Store/select_--Select--BA1170BA2376B'

2018-06-10 00:02:16 - [MESSAGE][PASSED] - All options with index in [1] are selected on object 'Object Repository/DispensaryToStore/Page_Store/select_--Select--BA1170BA2376B'

2018-06-10 00:02:16 - [TEST_STEP][PASSED] - Statement - Try: null

2018-06-10 00:02:16 - [TEST_STEP][PASSED] - Statement - StockQty = com.kms.katalon.core.webui.keyword.WebUiBuiltInKeywords.getAttribute(com.kms.katalon.core.testobject.ObjectRepository.findTestObject(DispensaryToStore/Page_Store/input_txtprice), "value"): Attribute 'value' of object 'Object Repository/DispensaryToStore/Page_Store/input_txtprice' is: '320'

2018-06-10 00:02:16 - [MESSAGE][PASSED] - Attribute 'value' of object 'Object Repository/DispensaryToStore/Page_Store/input_txtprice' is: '320'

2018-06-10 00:02:16 - [TEST_STEP][PASSED] - Statement - out.println("Stock QTY : " + StockQty): null

2018-06-10 00:02:16 - [TEST_STEP][PASSED] - delay: Delayed 2 second(s)

2018-06-10 00:02:18 - [MESSAGE][PASSED] - Delayed 2 second(s)

2018-06-10 00:02:18 - [TEST_STEP][PASSED] - Statement - If (java.lang.String.valueOf(StockQty) >= java.lang.String.valueOf(RequestedQty)): null

2018-06-10 00:02:18 - [TEST_STEP][PASSED] - setText: Text '10' is set on object 'Object Repository/DispensaryToStore/Page_Store/input_txtqty'

2018-06-10 00:02:18 - [MESSAGE][PASSED] - Text '10' is set on object 'Object Repository/DispensaryToStore/Page_Store/input_txtqty'

2018-06-10 00:02:18 - [TEST_STEP][PASSED] - click: Object: 'Object Repository/DispensaryToStore/Page_Store/button_Add' is clicked on

2018-06-10 00:02:18 - [MESSAGE][PASSED] - Object: 'Object Repository/DispensaryToStore/Page_Store/button_Add' is clicked on

2018-06-10 00:02:18 - [TEST_STEP][PASSED] - Statement - Break: null

2018-06-10 00:02:18 - [TEST_STEP][PASSED] - selectOptionByIndex: All options with index in [44] are selected on object 'Object Repository/DispensaryToStore/Page_Store/select_--Select--Adernaline 0.'

2018-06-10 00:02:18 - [MESSAGE][PASSED] - All options with index in [44] are selected on object 'Object Repository/DispensaryToStore/Page_Store/select_--Select--Adernaline 0.'

2018-06-10 00:02:18 - [TEST_STEP][PASSED] - delay: Delayed 2 second(s)

2018-06-10 00:02:20 - [MESSAGE][PASSED] - Delayed 2 second(s)

2018-06-10 00:02:20 - [TEST_STEP][PASSED] - Statement - RequestedQty = com.kms.katalon.core.webui.keyword.WebUiBuiltInKeywords.getAttribute(com.kms.katalon.core.testobject.ObjectRepository.findTestObject(DispensaryToStore/Page_Store/input_txttotal), "value"): Attribute 'value' of object 'Object Repository/DispensaryToStore/Page_Store/input_txttotal' is: '10'

2018-06-10 00:02:20 - [MESSAGE][PASSED] - Attribute 'value' of object 'Object Repository/DispensaryToStore/Page_Store/input_txttotal' is: '10'

2018-06-10 00:02:20 - [TEST_STEP][PASSED] - Statement - out.println("Requested QTY : " + RequestedQty): null

2018-06-10 00:02:20 - [TEST_STEP][PASSED] - Statement - BatchNumber = com.kms.katalon.core.webui.keyword.WebUiBuiltInKeywords.getNumberOfTotalOption(com.kms.katalon.core.testobject.ObjectRepository.findTestObject(DispensaryToStore/Page_Store/select_--Select--BA1170BA2376B)): 4 options of object 'Object Repository/DispensaryToStore/Page_Store/select_--Select--BA1170BA2376B' counted

2018-06-10 00:02:20 - [MESSAGE][PASSED] - 4 options of object 'Object Repository/DispensaryToStore/Page_Store/select_--Select--BA1170BA2376B' counted

2018-06-10 00:02:20 - [TEST_STEP][PASSED] - Statement - For ([g = 1, g <= BatchNumber - 1, (g++)]): null

2018-06-10 00:02:20 - [TEST_STEP][PASSED] - selectOptionByIndex: All options with index in [1] are selected on object 'Object Repository/DispensaryToStore/Page_Store/select_--Select--BA1170BA2376B'

2018-06-10 00:02:20 - [MESSAGE][PASSED] - All options with index in [1] are selected on object 'Object Repository/DispensaryToStore/Page_Store/select_--Select--BA1170BA2376B'

2018-06-10 00:02:20 - [TEST_STEP][PASSED] - Statement - Try: null

2018-06-10 00:02:20 - [TEST_STEP][PASSED] - Statement - StockQty = com.kms.katalon.core.webui.keyword.WebUiBuiltInKeywords.getAttribute(com.kms.katalon.core.testobject.ObjectRepository.findTestObject(DispensaryToStore/Page_Store/input_txtprice), "value"): Attribute 'value' of object 'Object Repository/DispensaryToStore/Page_Store/input_txtprice' is: '660'

2018-06-10 00:02:20 - [MESSAGE][PASSED] - Attribute 'value' of object 'Object Repository/DispensaryToStore/Page_Store/input_txtprice' is: '660'

2018-06-10 00:02:20 - [TEST_STEP][PASSED] - Statement - out.println("Stock QTY : " + StockQty): null

2018-06-10 00:02:20 - [TEST_STEP][PASSED] - delay: Delayed 2 second(s)

2018-06-10 00:02:22 - [MESSAGE][PASSED] - Delayed 2 second(s)

2018-06-10 00:02:22 - [TEST_STEP][PASSED] - Statement - If (java.lang.String.valueOf(StockQty) >= java.lang.String.valueOf(RequestedQty)): null

2018-06-10 00:02:22 - [TEST_STEP][PASSED] - setText: Text '10' is set on object 'Object Repository/DispensaryToStore/Page_Store/input_txtqty'

2018-06-10 00:02:23 - [MESSAGE][PASSED] - Text '10' is set on object 'Object Repository/DispensaryToStore/Page_Store/input_txtqty'

2018-06-10 00:02:23 - [TEST_STEP][PASSED] - click: Object: 'Object Repository/DispensaryToStore/Page_Store/button_Add' is clicked on

2018-06-10 00:02:23 - [MESSAGE][PASSED] - Object: 'Object Repository/DispensaryToStore/Page_Store/button_Add' is clicked on

2018-06-10 00:02:23 - [TEST_STEP][PASSED] - Statement - Break: null

2018-06-10 00:02:23 - [TEST_STEP][PASSED] - selectOptionByIndex: All options with index in [45] are selected on object 'Object Repository/DispensaryToStore/Page_Store/select_--Select--Adernaline 0.'

2018-06-10 00:02:23 - [MESSAGE][PASSED] - All options with index in [45] are selected on object 'Object Repository/DispensaryToStore/Page_Store/select_--Select--Adernaline 0.'

2018-06-10 00:02:23 - [TEST_STEP][PASSED] - delay: Delayed 2 second(s)

2018-06-10 00:02:25 - [MESSAGE][PASSED] - Delayed 2 second(s)

2018-06-10 00:02:25 - [TEST_STEP][PASSED] - Statement - RequestedQty = com.kms.katalon.core.webui.keyword.WebUiBuiltInKeywords.getAttribute(com.kms.katalon.core.testobject.ObjectRepository.findTestObject(DispensaryToStore/Page_Store/input_txttotal), "value"): Attribute 'value' of object 'Object Repository/DispensaryToStore/Page_Store/input_txttotal' is: '10'

2018-06-10 00:02:25 - [MESSAGE][PASSED] - Attribute 'value' of object 'Object Repository/DispensaryToStore/Page_Store/input_txttotal' is: '10'

2018-06-10 00:02:25 - [TEST_STEP][PASSED] - Statement - out.println("Requested QTY : " + RequestedQty): null

2018-06-10 00:02:25 - [TEST_STEP][PASSED] - Statement - BatchNumber = com.kms.katalon.core.webui.keyword.WebUiBuiltInKeywords.getNumberOfTotalOption(com.kms.katalon.core.testobject.ObjectRepository.findTestObject(DispensaryToStore/Page_Store/select_--Select--BA1170BA2376B)): 6 options of object 'Object Repository/DispensaryToStore/Page_Store/select_--Select--BA1170BA2376B' counted

2018-06-10 00:02:25 - [MESSAGE][PASSED] - 6 options of object 'Object Repository/DispensaryToStore/Page_Store/select_--Select--BA1170BA2376B' counted

2018-06-10 00:02:25 - [TEST_STEP][PASSED] - Statement - For ([g = 1, g <= BatchNumber - 1, (g++)]): null

2018-06-10 00:02:25 - [TEST_STEP][PASSED] - selectOptionByIndex: All options with index in [1] are selected on object 'Object Repository/DispensaryToStore/Page_Store/select_--Select--BA1170BA2376B'

2018-06-10 00:02:25 - [MESSAGE][PASSED] - All options with index in [1] are selected on object 'Object Repository/DispensaryToStore/Page_Store/select_--Select--BA1170BA2376B'

2018-06-10 00:02:25 - [TEST_STEP][PASSED] - Statement - Try: null

2018-06-10 00:02:25 - [TEST_STEP][PASSED] - Statement - StockQty = com.kms.katalon.core.webui.keyword.WebUiBuiltInKeywords.getAttribute(com.kms.katalon.core.testobject.ObjectRepository.findTestObject(DispensaryToStore/Page_Store/input_txtprice), "value"): Attribute 'value' of object 'Object Repository/DispensaryToStore/Page_Store/input_txtprice' is: '320'

2018-06-10 00:02:25 - [MESSAGE][PASSED] - Attribute 'value' of object 'Object Repository/DispensaryToStore/Page_Store/input_txtprice' is: '320'

2018-06-10 00:02:25 - [TEST_STEP][PASSED] - Statement - out.println("Stock QTY : " + StockQty): null

2018-06-10 00:02:25 - [TEST_STEP][PASSED] - delay: Delayed 2 second(s)

2018-06-10 00:02:27 - [MESSAGE][PASSED] - Delayed 2 second(s)

2018-06-10 00:02:27 - [TEST_STEP][PASSED] - Statement - If (java.lang.String.valueOf(StockQty) >= java.lang.String.valueOf(RequestedQty)): null

2018-06-10 00:02:27 - [TEST_STEP][PASSED] - setText: Text '10' is set on object 'Object Repository/DispensaryToStore/Page_Store/input_txtqty'

2018-06-10 00:02:28 - [MESSAGE][PASSED] - Text '10' is set on object 'Object Repository/DispensaryToStore/Page_Store/input_txtqty'

2018-06-10 00:02:28 - [TEST_STEP][PASSED] - click: Object: 'Object Repository/DispensaryToStore/Page_Store/button_Add' is clicked on

2018-06-10 00:02:28 - [MESSAGE][PASSED] - Object: 'Object Repository/DispensaryToStore/Page_Store/button_Add' is clicked on

2018-06-10 00:02:28 - [TEST_STEP][PASSED] - Statement - Break: null

2018-06-10 00:02:28 - [TEST_STEP][PASSED] - selectOptionByIndex: All options with index in [46] are selected on object 'Object Repository/DispensaryToStore/Page_Store/select_--Select--Adernaline 0.'

2018-06-10 00:02:28 - [MESSAGE][PASSED] - All options with index in [46] are selected on object 'Object Repository/DispensaryToStore/Page_Store/select_--Select--Adernaline 0.'

2018-06-10 00:02:28 - [TEST_STEP][PASSED] - delay: Delayed 2 second(s)

2018-06-10 00:02:30 - [MESSAGE][PASSED] - Delayed 2 second(s)

2018-06-10 00:02:30 - [TEST_STEP][PASSED] - Statement - RequestedQty = com.kms.katalon.core.webui.keyword.WebUiBuiltInKeywords.getAttribute(com.kms.katalon.core.testobject.ObjectRepository.findTestObject(DispensaryToStore/Page_Store/input_txttotal), "value"): Attribute 'value' of object 'Object Repository/DispensaryToStore/Page_Store/input_txttotal' is: '10'

2018-06-10 00:02:30 - [MESSAGE][PASSED] - Attribute 'value' of object 'Object Repository/DispensaryToStore/Page_Store/input_txttotal' is: '10'

2018-06-10 00:02:30 - [TEST_STEP][PASSED] - Statement - out.println("Requested QTY : " + RequestedQty): null

2018-06-10 00:02:30 - [TEST_STEP][PASSED] - Statement - BatchNumber = com.kms.katalon.core.webui.keyword.WebUiBuiltInKeywords.getNumberOfTotalOption(com.kms.katalon.core.testobject.ObjectRepository.findTestObject(DispensaryToStore/Page_Store/select_--Select--BA1170BA2376B)): 4 options of object 'Object Repository/DispensaryToStore/Page_Store/select_--Select--BA1170BA2376B' counted

2018-06-10 00:02:30 - [MESSAGE][PASSED] - 4 options of object 'Object Repository/DispensaryToStore/Page_Store/select_--Select--BA1170BA2376B' counted

2018-06-10 00:02:30 - [TEST_STEP][PASSED] - Statement - For ([g = 1, g <= BatchNumber - 1, (g++)]): null

2018-06-10 00:02:30 - [TEST_STEP][PASSED] - selectOptionByIndex: All options with index in [1] are selected on object 'Object Repository/DispensaryToStore/Page_Store/select_--Select--BA1170BA2376B'

2018-06-10 00:02:30 - [MESSAGE][PASSED] - All options with index in [1] are selected on object 'Object Repository/DispensaryToStore/Page_Store/select_--Select--BA1170BA2376B'

2018-06-10 00:02:30 - [TEST_STEP][PASSED] - Statement - Try: null

2018-06-10 00:02:30 - [TEST_STEP][PASSED] - Statement - StockQty = com.kms.katalon.core.webui.keyword.WebUiBuiltInKeywords.getAttribute(com.kms.katalon.core.testobject.ObjectRepository.findTestObject(DispensaryToStore/Page_Store/input_txtprice), "value"): Attribute 'value' of object 'Object Repository/DispensaryToStore/Page_Store/input_txtprice' is: '320'

2018-06-10 00:02:30 - [MESSAGE][PASSED] - Attribute 'value' of object 'Object Repository/DispensaryToStore/Page_Store/input_txtprice' is: '320'

2018-06-10 00:02:30 - [TEST_STEP][PASSED] - Statement - out.println("Stock QTY : " + StockQty): null

2018-06-10 00:02:30 - [TEST_STEP][PASSED] - delay: Delayed 2 second(s)

2018-06-10 00:02:32 - [MESSAGE][PASSED] - Delayed 2 second(s)

2018-06-10 00:02:32 - [TEST_STEP][PASSED] - Statement - If (java.lang.String.valueOf(StockQty) >= java.lang.String.valueOf(RequestedQty)): null

2018-06-10 00:02:32 - [TEST_STEP][PASSED] - setText: Text '10' is set on object 'Object Repository/DispensaryToStore/Page_Store/input_txtqty'

2018-06-10 00:02:33 - [MESSAGE][PASSED] - Text '10' is set on object 'Object Repository/DispensaryToStore/Page_Store/input_txtqty'

2018-06-10 00:02:33 - [TEST_STEP][PASSED] - click: Object: 'Object Repository/DispensaryToStore/Page_Store/button_Add' is clicked on

2018-06-10 00:02:33 - [MESSAGE][PASSED] - Object: 'Object Repository/DispensaryToStore/Page_Store/button_Add' is clicked on

2018-06-10 00:02:33 - [TEST_STEP][PASSED] - Statement - Break: null

2018-06-10 00:02:33 - [TEST_STEP][PASSED] - selectOptionByIndex: All options with index in [47] are selected on object 'Object Repository/DispensaryToStore/Page_Store/select_--Select--Adernaline 0.'

2018-06-10 00:02:33 - [MESSAGE][PASSED] - All options with index in [47] are selected on object 'Object Repository/DispensaryToStore/Page_Store/select_--Select--Adernaline 0.'

2018-06-10 00:02:33 - [TEST_STEP][PASSED] - delay: Delayed 2 second(s)

2018-06-10 00:02:35 - [MESSAGE][PASSED] - Delayed 2 second(s)

2018-06-10 00:02:35 - [TEST_STEP][PASSED] - Statement - RequestedQty = com.kms.katalon.core.webui.keyword.WebUiBuiltInKeywords.getAttribute(com.kms.katalon.core.testobject.ObjectRepository.findTestObject(DispensaryToStore/Page_Store/input_txttotal), "value"): Attribute 'value' of object 'Object Repository/DispensaryToStore/Page_Store/input_txttotal' is: '10'

2018-06-10 00:02:35 - [MESSAGE][PASSED] - Attribute 'value' of object 'Object Repository/DispensaryToStore/Page_Store/input_txttotal' is: '10'

2018-06-10 00:02:35 - [TEST_STEP][PASSED] - Statement - out.println("Requested QTY : " + RequestedQty): null

2018-06-10 00:02:35 - [TEST_STEP][PASSED] - Statement - BatchNumber = com.kms.katalon.core.webui.keyword.WebUiBuiltInKeywords.getNumberOfTotalOption(com.kms.katalon.core.testobject.ObjectRepository.findTestObject(DispensaryToStore/Page_Store/select_--Select--BA1170BA2376B)): 4 options of object 'Object Repository/DispensaryToStore/Page_Store/select_--Select--BA1170BA2376B' counted

2018-06-10 00:02:35 - [MESSAGE][PASSED] - 4 options of object 'Object Repository/DispensaryToStore/Page_Store/select_--Select--BA1170BA2376B' counted

2018-06-10 00:02:35 - [TEST_STEP][PASSED] - Statement - For ([g = 1, g <= BatchNumber - 1, (g++)]): null

2018-06-10 00:02:35 - [TEST_STEP][PASSED] - selectOptionByIndex: All options with index in [1] are selected on object 'Object Repository/DispensaryToStore/Page_Store/select_--Select--BA1170BA2376B'

2018-06-10 00:02:36 - [MESSAGE][PASSED] - All options with index in [1] are selected on object 'Object Repository/DispensaryToStore/Page_Store/select_--Select--BA1170BA2376B'

2018-06-10 00:02:36 - [TEST_STEP][PASSED] - Statement - Try: null

2018-06-10 00:02:36 - [TEST_STEP][PASSED] - Statement - StockQty = com.kms.katalon.core.webui.keyword.WebUiBuiltInKeywords.getAttribute(com.kms.katalon.core.testobject.ObjectRepository.findTestObject(DispensaryToStore/Page_Store/input_txtprice), "value"): Attribute 'value' of object 'Object Repository/DispensaryToStore/Page_Store/input_txtprice' is: '660'

2018-06-10 00:02:36 - [MESSAGE][PASSED] - Attribute 'value' of object 'Object Repository/DispensaryToStore/Page_Store/input_txtprice' is: '660'

2018-06-10 00:02:36 - [TEST_STEP][PASSED] - Statement - out.println("Stock QTY : " + StockQty): null

2018-06-10 00:02:36 - [TEST_STEP][PASSED] - delay: Delayed 2 second(s)

2018-06-10 00:02:38 - [MESSAGE][PASSED] - Delayed 2 second(s)

2018-06-10 00:02:38 - [TEST_STEP][PASSED] - Statement - If (java.lang.String.valueOf(StockQty) >= java.lang.String.valueOf(RequestedQty)): null

2018-06-10 00:02:38 - [TEST_STEP][PASSED] - setText: Text '10' is set on object 'Object Repository/DispensaryToStore/Page_Store/input_txtqty'

2018-06-10 00:02:38 - [MESSAGE][PASSED] - Text '10' is set on object 'Object Repository/DispensaryToStore/Page_Store/input_txtqty'

2018-06-10 00:02:38 - [TEST_STEP][PASSED] - click: Object: 'Object Repository/DispensaryToStore/Page_Store/button_Add' is clicked on

2018-06-10 00:02:38 - [MESSAGE][PASSED] - Object: 'Object Repository/DispensaryToStore/Page_Store/button_Add' is clicked on

2018-06-10 00:02:38 - [TEST_STEP][PASSED] - Statement - Break: null

2018-06-10 00:02:38 - [TEST_STEP][PASSED] - selectOptionByIndex: All options with index in [48] are selected on object 'Object Repository/DispensaryToStore/Page_Store/select_--Select--Adernaline 0.'

2018-06-10 00:02:38 - [MESSAGE][PASSED] - All options with index in [48] are selected on object 'Object Repository/DispensaryToStore/Page_Store/select_--Select--Adernaline 0.'

2018-06-10 00:02:38 - [TEST_STEP][PASSED] - delay: Delayed 2 second(s)

2018-06-10 00:02:40 - [MESSAGE][PASSED] - Delayed 2 second(s)

2018-06-10 00:02:40 - [TEST_STEP][PASSED] - Statement - RequestedQty = com.kms.katalon.core.webui.keyword.WebUiBuiltInKeywords.getAttribute(com.kms.katalon.core.testobject.ObjectRepository.findTestObject(DispensaryToStore/Page_Store/input_txttotal), "value"): Attribute 'value' of object 'Object Repository/DispensaryToStore/Page_Store/input_txttotal' is: '10'

2018-06-10 00:02:40 - [MESSAGE][PASSED] - Attribute 'value' of object 'Object Repository/DispensaryToStore/Page_Store/input_txttotal' is: '10'

2018-06-10 00:02:40 - [TEST_STEP][PASSED] - Statement - out.println("Requested QTY : " + RequestedQty): null

2018-06-10 00:02:40 - [TEST_STEP][PASSED] - Statement - BatchNumber = com.kms.katalon.core.webui.keyword.WebUiBuiltInKeywords.getNumberOfTotalOption(com.kms.katalon.core.testobject.ObjectRepository.findTestObject(DispensaryToStore/Page_Store/select_--Select--BA1170BA2376B)): 4 options of object 'Object Repository/DispensaryToStore/Page_Store/select_--Select--BA1170BA2376B' counted

2018-06-10 00:02:40 - [MESSAGE][PASSED] - 4 options of object 'Object Repository/DispensaryToStore/Page_Store/select_--Select--BA1170BA2376B' counted

2018-06-10 00:02:40 - [TEST_STEP][PASSED] - Statement - For ([g = 1, g <= BatchNumber - 1, (g++)]): null

2018-06-10 00:02:40 - [TEST_STEP][PASSED] - selectOptionByIndex: All options with index in [1] are selected on object 'Object Repository/DispensaryToStore/Page_Store/select_--Select--BA1170BA2376B'

2018-06-10 00:02:41 - [MESSAGE][PASSED] - All options with index in [1] are selected on object 'Object Repository/DispensaryToStore/Page_Store/select_--Select--BA1170BA2376B'

2018-06-10 00:02:41 - [TEST_STEP][PASSED] - Statement - Try: null

2018-06-10 00:02:41 - [TEST_STEP][PASSED] - Statement - StockQty = com.kms.katalon.core.webui.keyword.WebUiBuiltInKeywords.getAttribute(com.kms.katalon.core.testobject.ObjectRepository.findTestObject(DispensaryToStore/Page_Store/input_txtprice), "value"): Attribute 'value' of object 'Object Repository/DispensaryToStore/Page_Store/input_txtprice' is: '320'

2018-06-10 00:02:41 - [MESSAGE][PASSED] - Attribute 'value' of object 'Object Repository/DispensaryToStore/Page_Store/input_txtprice' is: '320'

2018-06-10 00:02:41 - [TEST_STEP][PASSED] - Statement - out.println("Stock QTY : " + StockQty): null

2018-06-10 00:02:41 - [TEST_STEP][PASSED] - delay: Delayed 2 second(s)

2018-06-10 00:02:43 - [MESSAGE][PASSED] - Delayed 2 second(s)

2018-06-10 00:02:43 - [TEST_STEP][PASSED] - Statement - If (java.lang.String.valueOf(StockQty) >= java.lang.String.valueOf(RequestedQty)): null

2018-06-10 00:02:43 - [TEST_STEP][PASSED] - setText: Text '10' is set on object 'Object Repository/DispensaryToStore/Page_Store/input_txtqty'

2018-06-10 00:02:43 - [MESSAGE][PASSED] - Text '10' is set on object 'Object Repository/DispensaryToStore/Page_Store/input_txtqty'

2018-06-10 00:02:43 - [TEST_STEP][PASSED] - click: Object: 'Object Repository/DispensaryToStore/Page_Store/button_Add' is clicked on

2018-06-10 00:02:43 - [MESSAGE][PASSED] - Object: 'Object Repository/DispensaryToStore/Page_Store/button_Add' is clicked on

2018-06-10 00:02:43 - [TEST_STEP][PASSED] - Statement - Break: null

2018-06-10 00:02:43 - [TEST_STEP][PASSED] - selectOptionByIndex: All options with index in [49] are selected on object 'Object Repository/DispensaryToStore/Page_Store/select_--Select--Adernaline 0.'

2018-06-10 00:02:43 - [MESSAGE][PASSED] - All options with index in [49] are selected on object 'Object Repository/DispensaryToStore/Page_Store/select_--Select--Adernaline 0.'

2018-06-10 00:02:43 - [TEST_STEP][PASSED] - delay: Delayed 2 second(s)

2018-06-10 00:02:45 - [MESSAGE][PASSED] - Delayed 2 second(s)

2018-06-10 00:02:45 - [TEST_STEP][PASSED] - Statement - RequestedQty = com.kms.katalon.core.webui.keyword.WebUiBuiltInKeywords.getAttribute(com.kms.katalon.core.testobject.ObjectRepository.findTestObject(DispensaryToStore/Page_Store/input_txttotal), "value"): Attribute 'value' of object 'Object Repository/DispensaryToStore/Page_Store/input_txttotal' is: '10'

2018-06-10 00:02:45 - [MESSAGE][PASSED] - Attribute 'value' of object 'Object Repository/DispensaryToStore/Page_Store/input_txttotal' is: '10'

2018-06-10 00:02:45 - [TEST_STEP][PASSED] - Statement - out.println("Requested QTY : " + RequestedQty): null

2018-06-10 00:02:45 - [TEST_STEP][PASSED] - Statement - BatchNumber = com.kms.katalon.core.webui.keyword.WebUiBuiltInKeywords.getNumberOfTotalOption(com.kms.katalon.core.testobject.ObjectRepository.findTestObject(DispensaryToStore/Page_Store/select_--Select--BA1170BA2376B)): 2 options of object 'Object Repository/DispensaryToStore/Page_Store/select_--Select--BA1170BA2376B' counted

2018-06-10 00:02:45 - [MESSAGE][PASSED] - 2 options of object 'Object Repository/DispensaryToStore/Page_Store/select_--Select--BA1170BA2376B' counted

2018-06-10 00:02:45 - [TEST_STEP][PASSED] - Statement - For ([g = 1, g <= BatchNumber - 1, (g++)]): null

2018-06-10 00:02:45 - [TEST_STEP][PASSED] - selectOptionByIndex: All options with index in [1] are selected on object 'Object Repository/DispensaryToStore/Page_Store/select_--Select--BA1170BA2376B'

2018-06-10 00:02:46 - [MESSAGE][PASSED] - All options with index in [1] are selected on object 'Object Repository/DispensaryToStore/Page_Store/select_--Select--BA1170BA2376B'

2018-06-10 00:02:46 - [TEST_STEP][PASSED] - Statement - Try: null

2018-06-10 00:02:46 - [TEST_STEP][PASSED] - Statement - StockQty = com.kms.katalon.core.webui.keyword.WebUiBuiltInKeywords.getAttribute(com.kms.katalon.core.testobject.ObjectRepository.findTestObject(DispensaryToStore/Page_Store/input_txtprice), "value"): Attribute 'value' of object 'Object Repository/DispensaryToStore/Page_Store/input_txtprice' is: '2700'

2018-06-10 00:02:46 - [MESSAGE][PASSED] - Attribute 'value' of object 'Object Repository/DispensaryToStore/Page_Store/input_txtprice' is: '2700'

2018-06-10 00:02:46 - [TEST_STEP][PASSED] - Statement - out.println("Stock QTY : " + StockQty): null

2018-06-10 00:02:46 - [TEST_STEP][PASSED] - delay: Delayed 2 second(s)

2018-06-10 00:02:48 - [MESSAGE][PASSED] - Delayed 2 second(s)

2018-06-10 00:02:48 - [TEST_STEP][PASSED] - Statement - If (java.lang.String.valueOf(StockQty) >= java.lang.String.valueOf(RequestedQty)): null

2018-06-10 00:02:48 - [TEST_STEP][PASSED] - setText: Text '10' is set on object 'Object Repository/DispensaryToStore/Page_Store/input_txtqty'

2018-06-10 00:02:48 - [MESSAGE][PASSED] - Text '10' is set on object 'Object Repository/DispensaryToStore/Page_Store/input_txtqty'

2018-06-10 00:02:48 - [TEST_STEP][PASSED] - click: Object: 'Object Repository/DispensaryToStore/Page_Store/button_Add' is clicked on

2018-06-10 00:02:48 - [MESSAGE][PASSED] - Object: 'Object Repository/DispensaryToStore/Page_Store/button_Add' is clicked on

2018-06-10 00:02:48 - [TEST_STEP][PASSED] - Statement - Break: null

2018-06-10 00:02:48 - [TEST_STEP][PASSED] - selectOptionByIndex: All options with index in [50] are selected on object 'Object Repository/DispensaryToStore/Page_Store/select_--Select--Adernaline 0.'

2018-06-10 00:02:48 - [MESSAGE][PASSED] - All options with index in [50] are selected on object 'Object Repository/DispensaryToStore/Page_Store/select_--Select--Adernaline 0.'

2018-06-10 00:02:48 - [TEST_STEP][PASSED] - delay: Delayed 2 second(s)

2018-06-10 00:02:50 - [MESSAGE][PASSED] - Delayed 2 second(s)

2018-06-10 00:02:50 - [TEST_STEP][PASSED] - Statement - RequestedQty = com.kms.katalon.core.webui.keyword.WebUiBuiltInKeywords.getAttribute(com.kms.katalon.core.testobject.ObjectRepository.findTestObject(DispensaryToStore/Page_Store/input_txttotal), "value"): Attribute 'value' of object 'Object Repository/DispensaryToStore/Page_Store/input_txttotal' is: '10'

2018-06-10 00:02:50 - [MESSAGE][PASSED] - Attribute 'value' of object 'Object Repository/DispensaryToStore/Page_Store/input_txttotal' is: '10'

2018-06-10 00:02:50 - [TEST_STEP][PASSED] - Statement - out.println("Requested QTY : " + RequestedQty): null

2018-06-10 00:02:50 - [TEST_STEP][PASSED] - Statement - BatchNumber = com.kms.katalon.core.webui.keyword.WebUiBuiltInKeywords.getNumberOfTotalOption(com.kms.katalon.core.testobject.ObjectRepository.findTestObject(DispensaryToStore/Page_Store/select_--Select--BA1170BA2376B)): 4 options of object 'Object Repository/DispensaryToStore/Page_Store/select_--Select--BA1170BA2376B' counted

2018-06-10 00:02:50 - [MESSAGE][PASSED] - 4 options of object 'Object Repository/DispensaryToStore/Page_Store/select_--Select--BA1170BA2376B' counted

2018-06-10 00:02:50 - [TEST_STEP][PASSED] - Statement - For ([g = 1, g <= BatchNumber - 1, (g++)]): null

2018-06-10 00:02:50 - [TEST_STEP][PASSED] - selectOptionByIndex: All options with index in [1] are selected on object 'Object Repository/DispensaryToStore/Page_Store/select_--Select--BA1170BA2376B'

2018-06-10 00:02:50 - [MESSAGE][PASSED] - All options with index in [1] are selected on object 'Object Repository/DispensaryToStore/Page_Store/select_--Select--BA1170BA2376B'

2018-06-10 00:02:50 - [TEST_STEP][PASSED] - Statement - Try: null

2018-06-10 00:02:50 - [TEST_STEP][PASSED] - Statement - StockQty = com.kms.katalon.core.webui.keyword.WebUiBuiltInKeywords.getAttribute(com.kms.katalon.core.testobject.ObjectRepository.findTestObject(DispensaryToStore/Page_Store/input_txtprice), "value"): Attribute 'value' of object 'Object Repository/DispensaryToStore/Page_Store/input_txtprice' is: '660'

2018-06-10 00:02:51 - [MESSAGE][PASSED] - Attribute 'value' of object 'Object Repository/DispensaryToStore/Page_Store/input_txtprice' is: '660'

2018-06-10 00:02:51 - [TEST_STEP][PASSED] - Statement - out.println("Stock QTY : " + StockQty): null

2018-06-10 00:02:51 - [TEST_STEP][PASSED] - delay: Delayed 2 second(s)

2018-06-10 00:02:53 - [MESSAGE][PASSED] - Delayed 2 second(s)

2018-06-10 00:02:53 - [TEST_STEP][PASSED] - Statement - If (java.lang.String.valueOf(StockQty) >= java.lang.String.valueOf(RequestedQty)): null

2018-06-10 00:02:53 - [TEST_STEP][PASSED] - setText: Text '10' is set on object 'Object Repository/DispensaryToStore/Page_Store/input_txtqty'

2018-06-10 00:02:53 - [MESSAGE][PASSED] - Text '10' is set on object 'Object Repository/DispensaryToStore/Page_Store/input_txtqty'

2018-06-10 00:02:53 - [TEST_STEP][PASSED] - click: Object: 'Object Repository/DispensaryToStore/Page_Store/button_Add' is clicked on

2018-06-10 00:02:53 - [MESSAGE][PASSED] - Object: 'Object Repository/DispensaryToStore/Page_Store/button_Add' is clicked on

2018-06-10 00:02:53 - [TEST_STEP][PASSED] - Statement - Break: null

2018-06-10 00:02:53 - [TEST_STEP][PASSED] - selectOptionByIndex: All options with index in [51] are selected on object 'Object Repository/DispensaryToStore/Page_Store/select_--Select--Adernaline 0.'

2018-06-10 00:02:53 - [MESSAGE][PASSED] - All options with index in [51] are selected on object 'Object Repository/DispensaryToStore/Page_Store/select_--Select--Adernaline 0.'

2018-06-10 00:02:53 - [TEST_STEP][PASSED] - delay: Delayed 2 second(s)

2018-06-10 00:02:55 - [MESSAGE][PASSED] - Delayed 2 second(s)

2018-06-10 00:02:55 - [TEST_STEP][PASSED] - Statement - RequestedQty = com.kms.katalon.core.webui.keyword.WebUiBuiltInKeywords.getAttribute(com.kms.katalon.core.testobject.ObjectRepository.findTestObject(DispensaryToStore/Page_Store/input_txttotal), "value"): Attribute 'value' of object 'Object Repository/DispensaryToStore/Page_Store/input_txttotal' is: '10'

2018-06-10 00:02:55 - [MESSAGE][PASSED] - Attribute 'value' of object 'Object Repository/DispensaryToStore/Page_Store/input_txttotal' is: '10'

2018-06-10 00:02:55 - [TEST_STEP][PASSED] - Statement - out.println("Requested QTY : " + RequestedQty): null

2018-06-10 00:02:55 - [TEST_STEP][PASSED] - Statement - BatchNumber = com.kms.katalon.core.webui.keyword.WebUiBuiltInKeywords.getNumberOfTotalOption(com.kms.katalon.core.testobject.ObjectRepository.findTestObject(DispensaryToStore/Page_Store/select_--Select--BA1170BA2376B)): 3 options of object 'Object Repository/DispensaryToStore/Page_Store/select_--Select--BA1170BA2376B' counted

2018-06-10 00:02:55 - [MESSAGE][PASSED] - 3 options of object 'Object Repository/DispensaryToStore/Page_Store/select_--Select--BA1170BA2376B' counted

2018-06-10 00:02:55 - [TEST_STEP][PASSED] - Statement - For ([g = 1, g <= BatchNumber - 1, (g++)]): null

2018-06-10 00:02:55 - [TEST_STEP][PASSED] - selectOptionByIndex: All options with index in [1] are selected on object 'Object Repository/DispensaryToStore/Page_Store/select_--Select--BA1170BA2376B'

2018-06-10 00:02:56 - [MESSAGE][PASSED] - All options with index in [1] are selected on object 'Object Repository/DispensaryToStore/Page_Store/select_--Select--BA1170BA2376B'

2018-06-10 00:02:56 - [TEST_STEP][PASSED] - Statement - Try: null

2018-06-10 00:02:56 - [TEST_STEP][PASSED] - Statement - StockQty = com.kms.katalon.core.webui.keyword.WebUiBuiltInKeywords.getAttribute(com.kms.katalon.core.testobject.ObjectRepository.findTestObject(DispensaryToStore/Page_Store/input_txtprice), "value"): Attribute 'value' of object 'Object Repository/DispensaryToStore/Page_Store/input_txtprice' is: '1600'

2018-06-10 00:02:56 - [MESSAGE][PASSED] - Attribute 'value' of object 'Object Repository/DispensaryToStore/Page_Store/input_txtprice' is: '1600'

2018-06-10 00:02:56 - [TEST_STEP][PASSED] - Statement - out.println("Stock QTY : " + StockQty): null

2018-06-10 00:02:56 - [TEST_STEP][PASSED] - delay: Delayed 2 second(s)

2018-06-10 00:02:58 - [MESSAGE][PASSED] - Delayed 2 second(s)

2018-06-10 00:02:58 - [TEST_STEP][PASSED] - Statement - If (java.lang.String.valueOf(StockQty) >= java.lang.String.valueOf(RequestedQty)): null

2018-06-10 00:02:58 - [TEST_STEP][PASSED] - setText: Text '10' is set on object 'Object Repository/DispensaryToStore/Page_Store/input_txtqty'

2018-06-10 00:02:58 - [MESSAGE][PASSED] - Text '10' is set on object 'Object Repository/DispensaryToStore/Page_Store/input_txtqty'

2018-06-10 00:02:58 - [TEST_STEP][PASSED] - click: Object: 'Object Repository/DispensaryToStore/Page_Store/button_Add' is clicked on

2018-06-10 00:02:58 - [MESSAGE][PASSED] - Object: 'Object Repository/DispensaryToStore/Page_Store/button_Add' is clicked on

2018-06-10 00:02:58 - [TEST_STEP][PASSED] - Statement - Break: null

2018-06-10 00:02:58 - [TEST_STEP][PASSED] - selectOptionByIndex: All options with index in [52] are selected on object 'Object Repository/DispensaryToStore/Page_Store/select_--Select--Adernaline 0.'

2018-06-10 00:02:58 - [MESSAGE][PASSED] - All options with index in [52] are selected on object 'Object Repository/DispensaryToStore/Page_Store/select_--Select--Adernaline 0.'

2018-06-10 00:02:58 - [TEST_STEP][PASSED] - delay: Delayed 2 second(s)

2018-06-10 00:03:00 - [MESSAGE][PASSED] - Delayed 2 second(s)

2018-06-10 00:03:00 - [TEST_STEP][PASSED] - Statement - RequestedQty = com.kms.katalon.core.webui.keyword.WebUiBuiltInKeywords.getAttribute(com.kms.katalon.core.testobject.ObjectRepository.findTestObject(DispensaryToStore/Page_Store/input_txttotal), "value"): Attribute 'value' of object 'Object Repository/DispensaryToStore/Page_Store/input_txttotal' is: '10'

2018-06-10 00:03:00 - [MESSAGE][PASSED] - Attribute 'value' of object 'Object Repository/DispensaryToStore/Page_Store/input_txttotal' is: '10'

2018-06-10 00:03:00 - [TEST_STEP][PASSED] - Statement - out.println("Requested QTY : " + RequestedQty): null

2018-06-10 00:03:00 - [TEST_STEP][PASSED] - Statement - BatchNumber = com.kms.katalon.core.webui.keyword.WebUiBuiltInKeywords.getNumberOfTotalOption(com.kms.katalon.core.testobject.ObjectRepository.findTestObject(DispensaryToStore/Page_Store/select_--Select--BA1170BA2376B)): 3 options of object 'Object Repository/DispensaryToStore/Page_Store/select_--Select--BA1170BA2376B' counted

2018-06-10 00:03:00 - [MESSAGE][PASSED] - 3 options of object 'Object Repository/DispensaryToStore/Page_Store/select_--Select--BA1170BA2376B' counted

2018-06-10 00:03:00 - [TEST_STEP][PASSED] - Statement - For ([g = 1, g <= BatchNumber - 1, (g++)]): null

2018-06-10 00:03:00 - [TEST_STEP][PASSED] - selectOptionByIndex: All options with index in [1] are selected on object 'Object Repository/DispensaryToStore/Page_Store/select_--Select--BA1170BA2376B'

2018-06-10 00:03:01 - [MESSAGE][PASSED] - All options with index in [1] are selected on object 'Object Repository/DispensaryToStore/Page_Store/select_--Select--BA1170BA2376B'

2018-06-10 00:03:01 - [TEST_STEP][PASSED] - Statement - Try: null

2018-06-10 00:03:01 - [TEST_STEP][PASSED] - Statement - StockQty = com.kms.katalon.core.webui.keyword.WebUiBuiltInKeywords.getAttribute(com.kms.katalon.core.testobject.ObjectRepository.findTestObject(DispensaryToStore/Page_Store/input_txtprice), "value"): Attribute 'value' of object 'Object Repository/DispensaryToStore/Page_Store/input_txtprice' is: '100'

2018-06-10 00:03:01 - [MESSAGE][PASSED] - Attribute 'value' of object 'Object Repository/DispensaryToStore/Page_Store/input_txtprice' is: '100'

2018-06-10 00:03:01 - [TEST_STEP][PASSED] - Statement - out.println("Stock QTY : " + StockQty): null

2018-06-10 00:03:01 - [TEST_STEP][PASSED] - delay: Delayed 2 second(s)

2018-06-10 00:03:03 - [MESSAGE][PASSED] - Delayed 2 second(s)

2018-06-10 00:03:03 - [TEST_STEP][PASSED] - Statement - If (java.lang.String.valueOf(StockQty) >= java.lang.String.valueOf(RequestedQty)): null

2018-06-10 00:03:03 - [TEST_STEP][PASSED] - setText: Text '10' is set on object 'Object Repository/DispensaryToStore/Page_Store/input_txtqty'

2018-06-10 00:03:03 - [MESSAGE][PASSED] - Text '10' is set on object 'Object Repository/DispensaryToStore/Page_Store/input_txtqty'

2018-06-10 00:03:03 - [TEST_STEP][PASSED] - click: Object: 'Object Repository/DispensaryToStore/Page_Store/button_Add' is clicked on

2018-06-10 00:03:03 - [MESSAGE][PASSED] - Object: 'Object Repository/DispensaryToStore/Page_Store/button_Add' is clicked on

2018-06-10 00:03:03 - [TEST_STEP][PASSED] - Statement - Break: null

2018-06-10 00:03:03 - [TEST_STEP][PASSED] - selectOptionByIndex: All options with index in [53] are selected on object 'Object Repository/DispensaryToStore/Page_Store/select_--Select--Adernaline 0.'

2018-06-10 00:03:03 - [MESSAGE][PASSED] - All options with index in [53] are selected on object 'Object Repository/DispensaryToStore/Page_Store/select_--Select--Adernaline 0.'

2018-06-10 00:03:03 - [TEST_STEP][PASSED] - delay: Delayed 2 second(s)

2018-06-10 00:03:05 - [MESSAGE][PASSED] - Delayed 2 second(s)

2018-06-10 00:03:05 - [TEST_STEP][PASSED] - Statement - RequestedQty = com.kms.katalon.core.webui.keyword.WebUiBuiltInKeywords.getAttribute(com.kms.katalon.core.testobject.ObjectRepository.findTestObject(DispensaryToStore/Page_Store/input_txttotal), "value"): Attribute 'value' of object 'Object Repository/DispensaryToStore/Page_Store/input_txttotal' is: '10'

2018-06-10 00:03:05 - [MESSAGE][PASSED] - Attribute 'value' of object 'Object Repository/DispensaryToStore/Page_Store/input_txttotal' is: '10'

2018-06-10 00:03:05 - [TEST_STEP][PASSED] - Statement - out.println("Requested QTY : " + RequestedQty): null

2018-06-10 00:03:05 - [TEST_STEP][PASSED] - Statement - BatchNumber = com.kms.katalon.core.webui.keyword.WebUiBuiltInKeywords.getNumberOfTotalOption(com.kms.katalon.core.testobject.ObjectRepository.findTestObject(DispensaryToStore/Page_Store/select_--Select--BA1170BA2376B)): 3 options of object 'Object Repository/DispensaryToStore/Page_Store/select_--Select--BA1170BA2376B' counted

2018-06-10 00:03:05 - [MESSAGE][PASSED] - 3 options of object 'Object Repository/DispensaryToStore/Page_Store/select_--Select--BA1170BA2376B' counted

2018-06-10 00:03:05 - [TEST_STEP][PASSED] - Statement - For ([g = 1, g <= BatchNumber - 1, (g++)]): null

2018-06-10 00:03:05 - [TEST_STEP][PASSED] - selectOptionByIndex: All options with index in [1] are selected on object 'Object Repository/DispensaryToStore/Page_Store/select_--Select--BA1170BA2376B'

2018-06-10 00:03:06 - [MESSAGE][PASSED] - All options with index in [1] are selected on object 'Object Repository/DispensaryToStore/Page_Store/select_--Select--BA1170BA2376B'

2018-06-10 00:03:06 - [TEST_STEP][PASSED] - Statement - Try: null

2018-06-10 00:03:06 - [TEST_STEP][PASSED] - Statement - StockQty = com.kms.katalon.core.webui.keyword.WebUiBuiltInKeywords.getAttribute(com.kms.katalon.core.testobject.ObjectRepository.findTestObject(DispensaryToStore/Page_Store/input_txtprice), "value"): Attribute 'value' of object 'Object Repository/DispensaryToStore/Page_Store/input_txtprice' is: '1600'

2018-06-10 00:03:06 - [MESSAGE][PASSED] - Attribute 'value' of object 'Object Repository/DispensaryToStore/Page_Store/input_txtprice' is: '1600'

2018-06-10 00:03:06 - [TEST_STEP][PASSED] - Statement - out.println("Stock QTY : " + StockQty): null

2018-06-10 00:03:06 - [TEST_STEP][PASSED] - delay: Delayed 2 second(s)

2018-06-10 00:03:08 - [MESSAGE][PASSED] - Delayed 2 second(s)

2018-06-10 00:03:08 - [TEST_STEP][PASSED] - Statement - If (java.lang.String.valueOf(StockQty) >= java.lang.String.valueOf(RequestedQty)): null

2018-06-10 00:03:08 - [TEST_STEP][PASSED] - setText: Text '10' is set on object 'Object Repository/DispensaryToStore/Page_Store/input_txtqty'

2018-06-10 00:03:08 - [MESSAGE][PASSED] - Text '10' is set on object 'Object Repository/DispensaryToStore/Page_Store/input_txtqty'

2018-06-10 00:03:08 - [TEST_STEP][PASSED] - click: Object: 'Object Repository/DispensaryToStore/Page_Store/button_Add' is clicked on

2018-06-10 00:03:08 - [MESSAGE][PASSED] - Object: 'Object Repository/DispensaryToStore/Page_Store/button_Add' is clicked on

2018-06-10 00:03:08 - [TEST_STEP][PASSED] - Statement - Break: null

2018-06-10 00:03:08 - [TEST_STEP][PASSED] - selectOptionByIndex: All options with index in [54] are selected on object 'Object Repository/DispensaryToStore/Page_Store/select_--Select--Adernaline 0.'

2018-06-10 00:03:08 - [MESSAGE][PASSED] - All options with index in [54] are selected on object 'Object Repository/DispensaryToStore/Page_Store/select_--Select--Adernaline 0.'

2018-06-10 00:03:08 - [TEST_STEP][PASSED] - delay: Delayed 2 second(s)

2018-06-10 00:03:10 - [MESSAGE][PASSED] - Delayed 2 second(s)

2018-06-10 00:03:10 - [TEST_STEP][PASSED] - Statement - RequestedQty = com.kms.katalon.core.webui.keyword.WebUiBuiltInKeywords.getAttribute(com.kms.katalon.core.testobject.ObjectRepository.findTestObject(DispensaryToStore/Page_Store/input_txttotal), "value"): Attribute 'value' of object 'Object Repository/DispensaryToStore/Page_Store/input_txttotal' is: '10'

2018-06-10 00:03:10 - [MESSAGE][PASSED] - Attribute 'value' of object 'Object Repository/DispensaryToStore/Page_Store/input_txttotal' is: '10'

2018-06-10 00:03:10 - [TEST_STEP][PASSED] - Statement - out.println("Requested QTY : " + RequestedQty): null

2018-06-10 00:03:10 - [TEST_STEP][PASSED] - Statement - BatchNumber = com.kms.katalon.core.webui.keyword.WebUiBuiltInKeywords.getNumberOfTotalOption(com.kms.katalon.core.testobject.ObjectRepository.findTestObject(DispensaryToStore/Page_Store/select_--Select--BA1170BA2376B)): 4 options of object 'Object Repository/DispensaryToStore/Page_Store/select_--Select--BA1170BA2376B' counted

2018-06-10 00:03:10 - [MESSAGE][PASSED] - 4 options of object 'Object Repository/DispensaryToStore/Page_Store/select_--Select--BA1170BA2376B' counted

2018-06-10 00:03:10 - [TEST_STEP][PASSED] - Statement - For ([g = 1, g <= BatchNumber - 1, (g++)]): null

2018-06-10 00:03:10 - [TEST_STEP][PASSED] - selectOptionByIndex: All options with index in [1] are selected on object 'Object Repository/DispensaryToStore/Page_Store/select_--Select--BA1170BA2376B'

2018-06-10 00:03:11 - [MESSAGE][PASSED] - All options with index in [1] are selected on object 'Object Repository/DispensaryToStore/Page_Store/select_--Select--BA1170BA2376B'

2018-06-10 00:03:11 - [TEST_STEP][PASSED] - Statement - Try: null

2018-06-10 00:03:11 - [TEST_STEP][PASSED] - Statement - StockQty = com.kms.katalon.core.webui.keyword.WebUiBuiltInKeywords.getAttribute(com.kms.katalon.core.testobject.ObjectRepository.findTestObject(DispensaryToStore/Page_Store/input_txtprice), "value"): Attribute 'value' of object 'Object Repository/DispensaryToStore/Page_Store/input_txtprice' is: '320'

2018-06-10 00:03:11 - [MESSAGE][PASSED] - Attribute 'value' of object 'Object Repository/DispensaryToStore/Page_Store/input_txtprice' is: '320'

2018-06-10 00:03:11 - [TEST_STEP][PASSED] - Statement - out.println("Stock QTY : " + StockQty): null

2018-06-10 00:03:11 - [TEST_STEP][PASSED] - delay: Delayed 2 second(s)

2018-06-10 00:03:13 - [MESSAGE][PASSED] - Delayed 2 second(s)

2018-06-10 00:03:13 - [TEST_STEP][PASSED] - Statement - If (java.lang.String.valueOf(StockQty) >= java.lang.String.valueOf(RequestedQty)): null

2018-06-10 00:03:13 - [TEST_STEP][PASSED] - setText: Text '10' is set on object 'Object Repository/DispensaryToStore/Page_Store/input_txtqty'

2018-06-10 00:03:13 - [MESSAGE][PASSED] - Text '10' is set on object 'Object Repository/DispensaryToStore/Page_Store/input_txtqty'

2018-06-10 00:03:13 - [TEST_STEP][PASSED] - click: Object: 'Object Repository/DispensaryToStore/Page_Store/button_Add' is clicked on

2018-06-10 00:03:13 - [MESSAGE][PASSED] - Object: 'Object Repository/DispensaryToStore/Page_Store/button_Add' is clicked on

2018-06-10 00:03:13 - [TEST_STEP][PASSED] - Statement - Break: null

2018-06-10 00:03:13 - [TEST_STEP][PASSED] - selectOptionByIndex: All options with index in [55] are selected on object 'Object Repository/DispensaryToStore/Page_Store/select_--Select--Adernaline 0.'

2018-06-10 00:03:13 - [MESSAGE][PASSED] - All options with index in [55] are selected on object 'Object Repository/DispensaryToStore/Page_Store/select_--Select--Adernaline 0.'

2018-06-10 00:03:13 - [TEST_STEP][PASSED] - delay: Delayed 2 second(s)

2018-06-10 00:03:15 - [MESSAGE][PASSED] - Delayed 2 second(s)

2018-06-10 00:03:15 - [TEST_STEP][PASSED] - Statement - RequestedQty = com.kms.katalon.core.webui.keyword.WebUiBuiltInKeywords.getAttribute(com.kms.katalon.core.testobject.ObjectRepository.findTestObject(DispensaryToStore/Page_Store/input_txttotal), "value"): Attribute 'value' of object 'Object Repository/DispensaryToStore/Page_Store/input_txttotal' is: '10'

2018-06-10 00:03:15 - [MESSAGE][PASSED] - Attribute 'value' of object 'Object Repository/DispensaryToStore/Page_Store/input_txttotal' is: '10'

2018-06-10 00:03:15 - [TEST_STEP][PASSED] - Statement - out.println("Requested QTY : " + RequestedQty): null

2018-06-10 00:03:15 - [TEST_STEP][PASSED] - Statement - BatchNumber = com.kms.katalon.core.webui.keyword.WebUiBuiltInKeywords.getNumberOfTotalOption(com.kms.katalon.core.testobject.ObjectRepository.findTestObject(DispensaryToStore/Page_Store/select_--Select--BA1170BA2376B)): 4 options of object 'Object Repository/DispensaryToStore/Page_Store/select_--Select--BA1170BA2376B' counted

2018-06-10 00:03:15 - [MESSAGE][PASSED] - 4 options of object 'Object Repository/DispensaryToStore/Page_Store/select_--Select--BA1170BA2376B' counted

2018-06-10 00:03:15 - [TEST_STEP][PASSED] - Statement - For ([g = 1, g <= BatchNumber - 1, (g++)]): null

2018-06-10 00:03:15 - [TEST_STEP][PASSED] - selectOptionByIndex: All options with index in [1] are selected on object 'Object Repository/DispensaryToStore/Page_Store/select_--Select--BA1170BA2376B'

2018-06-10 00:03:16 - [MESSAGE][PASSED] - All options with index in [1] are selected on object 'Object Repository/DispensaryToStore/Page_Store/select_--Select--BA1170BA2376B'

2018-06-10 00:03:16 - [TEST_STEP][PASSED] - Statement - Try: null

2018-06-10 00:03:16 - [TEST_STEP][PASSED] - Statement - StockQty = com.kms.katalon.core.webui.keyword.WebUiBuiltInKeywords.getAttribute(com.kms.katalon.core.testobject.ObjectRepository.findTestObject(DispensaryToStore/Page_Store/input_txtprice), "value"): Attribute 'value' of object 'Object Repository/DispensaryToStore/Page_Store/input_txtprice' is: '100'

2018-06-10 00:03:16 - [MESSAGE][PASSED] - Attribute 'value' of object 'Object Repository/DispensaryToStore/Page_Store/input_txtprice' is: '100'

2018-06-10 00:03:16 - [TEST_STEP][PASSED] - Statement - out.println("Stock QTY : " + StockQty): null

2018-06-10 00:03:16 - [TEST_STEP][PASSED] - delay: Delayed 2 second(s)

2018-06-10 00:03:18 - [MESSAGE][PASSED] - Delayed 2 second(s)

2018-06-10 00:03:18 - [TEST_STEP][PASSED] - Statement - If (java.lang.String.valueOf(StockQty) >= java.lang.String.valueOf(RequestedQty)): null

2018-06-10 00:03:18 - [TEST_STEP][PASSED] - setText: Text '10' is set on object 'Object Repository/DispensaryToStore/Page_Store/input_txtqty'

2018-06-10 00:03:18 - [MESSAGE][PASSED] - Text '10' is set on object 'Object Repository/DispensaryToStore/Page_Store/input_txtqty'

2018-06-10 00:03:18 - [TEST_STEP][PASSED] - click: Object: 'Object Repository/DispensaryToStore/Page_Store/button_Add' is clicked on

2018-06-10 00:03:18 - [MESSAGE][PASSED] - Object: 'Object Repository/DispensaryToStore/Page_Store/button_Add' is clicked on

2018-06-10 00:03:18 - [TEST_STEP][PASSED] - Statement - Break: null

2018-06-10 00:03:18 - [TEST_STEP][PASSED] - selectOptionByIndex: All options with index in [56] are selected on object 'Object Repository/DispensaryToStore/Page_Store/select_--Select--Adernaline 0.'

2018-06-10 00:03:19 - [MESSAGE][PASSED] - All options with index in [56] are selected on object 'Object Repository/DispensaryToStore/Page_Store/select_--Select--Adernaline 0.'

2018-06-10 00:03:19 - [TEST_STEP][PASSED] - delay: Delayed 2 second(s)

2018-06-10 00:03:21 - [MESSAGE][PASSED] - Delayed 2 second(s)

2018-06-10 00:03:21 - [TEST_STEP][PASSED] - Statement - RequestedQty = com.kms.katalon.core.webui.keyword.WebUiBuiltInKeywords.getAttribute(com.kms.katalon.core.testobject.ObjectRepository.findTestObject(DispensaryToStore/Page_Store/input_txttotal), "value"): Attribute 'value' of object 'Object Repository/DispensaryToStore/Page_Store/input_txttotal' is: '10'

2018-06-10 00:03:21 - [MESSAGE][PASSED] - Attribute 'value' of object 'Object Repository/DispensaryToStore/Page_Store/input_txttotal' is: '10'

2018-06-10 00:03:21 - [TEST_STEP][PASSED] - Statement - out.println("Requested QTY : " + RequestedQty): null

2018-06-10 00:03:21 - [TEST_STEP][PASSED] - Statement - BatchNumber = com.kms.katalon.core.webui.keyword.WebUiBuiltInKeywords.getNumberOfTotalOption(com.kms.katalon.core.testobject.ObjectRepository.findTestObject(DispensaryToStore/Page_Store/select_--Select--BA1170BA2376B)): 4 options of object 'Object Repository/DispensaryToStore/Page_Store/select_--Select--BA1170BA2376B' counted

2018-06-10 00:03:21 - [MESSAGE][PASSED] - 4 options of object 'Object Repository/DispensaryToStore/Page_Store/select_--Select--BA1170BA2376B' counted

2018-06-10 00:03:21 - [TEST_STEP][PASSED] - Statement - For ([g = 1, g <= BatchNumber - 1, (g++)]): null

2018-06-10 00:03:21 - [TEST_STEP][PASSED] - selectOptionByIndex: All options with index in [1] are selected on object 'Object Repository/DispensaryToStore/Page_Store/select_--Select--BA1170BA2376B'

2018-06-10 00:03:21 - [MESSAGE][PASSED] - All options with index in [1] are selected on object 'Object Repository/DispensaryToStore/Page_Store/select_--Select--BA1170BA2376B'

2018-06-10 00:03:21 - [TEST_STEP][PASSED] - Statement - Try: null

2018-06-10 00:03:21 - [TEST_STEP][PASSED] - Statement - StockQty = com.kms.katalon.core.webui.keyword.WebUiBuiltInKeywords.getAttribute(com.kms.katalon.core.testobject.ObjectRepository.findTestObject(DispensaryToStore/Page_Store/input_txtprice), "value"): Attribute 'value' of object 'Object Repository/DispensaryToStore/Page_Store/input_txtprice' is: '660'

2018-06-10 00:03:21 - [MESSAGE][PASSED] - Attribute 'value' of object 'Object Repository/DispensaryToStore/Page_Store/input_txtprice' is: '660'

2018-06-10 00:03:21 - [TEST_STEP][PASSED] - Statement - out.println("Stock QTY : " + StockQty): null

2018-06-10 00:03:21 - [TEST_STEP][PASSED] - delay: Delayed 2 second(s)

2018-06-10 00:03:23 - [MESSAGE][PASSED] - Delayed 2 second(s)

2018-06-10 00:03:23 - [TEST_STEP][PASSED] - Statement - If (java.lang.String.valueOf(StockQty) >= java.lang.String.valueOf(RequestedQty)): null

2018-06-10 00:03:23 - [TEST_STEP][PASSED] - setText: Text '10' is set on object 'Object Repository/DispensaryToStore/Page_Store/input_txtqty'

2018-06-10 00:03:23 - [MESSAGE][PASSED] - Text '10' is set on object 'Object Repository/DispensaryToStore/Page_Store/input_txtqty'

2018-06-10 00:03:23 - [TEST_STEP][PASSED] - click: Object: 'Object Repository/DispensaryToStore/Page_Store/button_Add' is clicked on

2018-06-10 00:03:23 - [MESSAGE][PASSED] - Object: 'Object Repository/DispensaryToStore/Page_Store/button_Add' is clicked on

2018-06-10 00:03:23 - [TEST_STEP][PASSED] - Statement - Break: null

2018-06-10 00:03:23 - [TEST_STEP][PASSED] - selectOptionByIndex: All options with index in [57] are selected on object 'Object Repository/DispensaryToStore/Page_Store/select_--Select--Adernaline 0.'

2018-06-10 00:03:24 - [MESSAGE][PASSED] - All options with index in [57] are selected on object 'Object Repository/DispensaryToStore/Page_Store/select_--Select--Adernaline 0.'

2018-06-10 00:03:24 - [TEST_STEP][PASSED] - delay: Delayed 2 second(s)

2018-06-10 00:03:26 - [MESSAGE][PASSED] - Delayed 2 second(s)

2018-06-10 00:03:26 - [TEST_STEP][PASSED] - Statement - RequestedQty = com.kms.katalon.core.webui.keyword.WebUiBuiltInKeywords.getAttribute(com.kms.katalon.core.testobject.ObjectRepository.findTestObject(DispensaryToStore/Page_Store/input_txttotal), "value"): Attribute 'value' of object 'Object Repository/DispensaryToStore/Page_Store/input_txttotal' is: '10'

2018-06-10 00:03:26 - [MESSAGE][PASSED] - Attribute 'value' of object 'Object Repository/DispensaryToStore/Page_Store/input_txttotal' is: '10'

2018-06-10 00:03:26 - [TEST_STEP][PASSED] - Statement - out.println("Requested QTY : " + RequestedQty): null

2018-06-10 00:03:26 - [TEST_STEP][PASSED] - Statement - BatchNumber = com.kms.katalon.core.webui.keyword.WebUiBuiltInKeywords.getNumberOfTotalOption(com.kms.katalon.core.testobject.ObjectRepository.findTestObject(DispensaryToStore/Page_Store/select_--Select--BA1170BA2376B)): 3 options of object 'Object Repository/DispensaryToStore/Page_Store/select_--Select--BA1170BA2376B' counted

2018-06-10 00:03:26 - [MESSAGE][PASSED] - 3 options of object 'Object Repository/DispensaryToStore/Page_Store/select_--Select--BA1170BA2376B' counted

2018-06-10 00:03:26 - [TEST_STEP][PASSED] - Statement - For ([g = 1, g <= BatchNumber - 1, (g++)]): null

2018-06-10 00:03:26 - [TEST_STEP][PASSED] - selectOptionByIndex: All options with index in [1] are selected on object 'Object Repository/DispensaryToStore/Page_Store/select_--Select--BA1170BA2376B'

2018-06-10 00:03:26 - [MESSAGE][PASSED] - All options with index in [1] are selected on object 'Object Repository/DispensaryToStore/Page_Store/select_--Select--BA1170BA2376B'

2018-06-10 00:03:26 - [TEST_STEP][PASSED] - Statement - Try: null

2018-06-10 00:03:26 - [TEST_STEP][PASSED] - Statement - StockQty = com.kms.katalon.core.webui.keyword.WebUiBuiltInKeywords.getAttribute(com.kms.katalon.core.testobject.ObjectRepository.findTestObject(DispensaryToStore/Page_Store/input_txtprice), "value"): Attribute 'value' of object 'Object Repository/DispensaryToStore/Page_Store/input_txtprice' is: '1600'

2018-06-10 00:03:26 - [MESSAGE][PASSED] - Attribute 'value' of object 'Object Repository/DispensaryToStore/Page_Store/input_txtprice' is: '1600'

2018-06-10 00:03:26 - [TEST_STEP][PASSED] - Statement - out.println("Stock QTY : " + StockQty): null

2018-06-10 00:03:26 - [TEST_STEP][PASSED] - delay: Delayed 2 second(s)

2018-06-10 00:03:28 - [MESSAGE][PASSED] - Delayed 2 second(s)

2018-06-10 00:03:28 - [TEST_STEP][PASSED] - Statement - If (java.lang.String.valueOf(StockQty) >= java.lang.String.valueOf(RequestedQty)): null

2018-06-10 00:03:28 - [TEST_STEP][PASSED] - setText: Text '10' is set on object 'Object Repository/DispensaryToStore/Page_Store/input_txtqty'

2018-06-10 00:03:28 - [MESSAGE][PASSED] - Text '10' is set on object 'Object Repository/DispensaryToStore/Page_Store/input_txtqty'

2018-06-10 00:03:28 - [TEST_STEP][PASSED] - click: Object: 'Object Repository/DispensaryToStore/Page_Store/button_Add' is clicked on

2018-06-10 00:03:28 - [MESSAGE][PASSED] - Object: 'Object Repository/DispensaryToStore/Page_Store/button_Add' is clicked on

2018-06-10 00:03:28 - [TEST_STEP][PASSED] - Statement - Break: null

2018-06-10 00:03:28 - [TEST_STEP][PASSED] - selectOptionByIndex: All options with index in [58] are selected on object 'Object Repository/DispensaryToStore/Page_Store/select_--Select--Adernaline 0.'

2018-06-10 00:03:29 - [MESSAGE][PASSED] - All options with index in [58] are selected on object 'Object Repository/DispensaryToStore/Page_Store/select_--Select--Adernaline 0.'

2018-06-10 00:03:29 - [TEST_STEP][PASSED] - delay: Delayed 2 second(s)

2018-06-10 00:03:31 - [MESSAGE][PASSED] - Delayed 2 second(s)

2018-06-10 00:03:31 - [TEST_STEP][PASSED] - Statement - RequestedQty = com.kms.katalon.core.webui.keyword.WebUiBuiltInKeywords.getAttribute(com.kms.katalon.core.testobject.ObjectRepository.findTestObject(DispensaryToStore/Page_Store/input_txttotal), "value"): Attribute 'value' of object 'Object Repository/DispensaryToStore/Page_Store/input_txttotal' is: '10'

2018-06-10 00:03:31 - [MESSAGE][PASSED] - Attribute 'value' of object 'Object Repository/DispensaryToStore/Page_Store/input_txttotal' is: '10'

2018-06-10 00:03:31 - [TEST_STEP][PASSED] - Statement - out.println("Requested QTY : " + RequestedQty): null

2018-06-10 00:03:31 - [TEST_STEP][PASSED] - Statement - BatchNumber = com.kms.katalon.core.webui.keyword.WebUiBuiltInKeywords.getNumberOfTotalOption(com.kms.katalon.core.testobject.ObjectRepository.findTestObject(DispensaryToStore/Page_Store/select_--Select--BA1170BA2376B)): 4 options of object 'Object Repository/DispensaryToStore/Page_Store/select_--Select--BA1170BA2376B' counted

2018-06-10 00:03:31 - [MESSAGE][PASSED] - 4 options of object 'Object Repository/DispensaryToStore/Page_Store/select_--Select--BA1170BA2376B' counted

2018-06-10 00:03:31 - [TEST_STEP][PASSED] - Statement - For ([g = 1, g <= BatchNumber - 1, (g++)]): null

2018-06-10 00:03:31 - [TEST_STEP][PASSED] - selectOptionByIndex: All options with index in [1] are selected on object 'Object Repository/DispensaryToStore/Page_Store/select_--Select--BA1170BA2376B'

2018-06-10 00:03:31 - [MESSAGE][PASSED] - All options with index in [1] are selected on object 'Object Repository/DispensaryToStore/Page_Store/select_--Select--BA1170BA2376B'

2018-06-10 00:03:31 - [TEST_STEP][PASSED] - Statement - Try: null

2018-06-10 00:03:31 - [TEST_STEP][PASSED] - Statement - StockQty = com.kms.katalon.core.webui.keyword.WebUiBuiltInKeywords.getAttribute(com.kms.katalon.core.testobject.ObjectRepository.findTestObject(DispensaryToStore/Page_Store/input_txtprice), "value"): Attribute 'value' of object 'Object Repository/DispensaryToStore/Page_Store/input_txtprice' is: '660'

2018-06-10 00:03:31 - [MESSAGE][PASSED] - Attribute 'value' of object 'Object Repository/DispensaryToStore/Page_Store/input_txtprice' is: '660'

2018-06-10 00:03:31 - [TEST_STEP][PASSED] - Statement - out.println("Stock QTY : " + StockQty): null

2018-06-10 00:03:31 - [TEST_STEP][PASSED] - delay: Delayed 2 second(s)

2018-06-10 00:03:33 - [MESSAGE][PASSED] - Delayed 2 second(s)

2018-06-10 00:03:33 - [TEST_STEP][PASSED] - Statement - If (java.lang.String.valueOf(StockQty) >= java.lang.String.valueOf(RequestedQty)): null

2018-06-10 00:03:33 - [TEST_STEP][PASSED] - setText: Text '10' is set on object 'Object Repository/DispensaryToStore/Page_Store/input_txtqty'

2018-06-10 00:03:33 - [MESSAGE][PASSED] - Text '10' is set on object 'Object Repository/DispensaryToStore/Page_Store/input_txtqty'

2018-06-10 00:03:33 - [TEST_STEP][PASSED] - click: Object: 'Object Repository/DispensaryToStore/Page_Store/button_Add' is clicked on

2018-06-10 00:03:33 - [MESSAGE][PASSED] - Object: 'Object Repository/DispensaryToStore/Page_Store/button_Add' is clicked on

2018-06-10 00:03:33 - [TEST_STEP][PASSED] - Statement - Break: null

2018-06-10 00:03:33 - [TEST_STEP][PASSED] - selectOptionByIndex: All options with index in [59] are selected on object 'Object Repository/DispensaryToStore/Page_Store/select_--Select--Adernaline 0.'

2018-06-10 00:03:34 - [MESSAGE][PASSED] - All options with index in [59] are selected on object 'Object Repository/DispensaryToStore/Page_Store/select_--Select--Adernaline 0.'

2018-06-10 00:03:34 - [TEST_STEP][PASSED] - delay: Delayed 2 second(s)

2018-06-10 00:03:36 - [MESSAGE][PASSED] - Delayed 2 second(s)

2018-06-10 00:03:36 - [TEST_STEP][PASSED] - Statement - RequestedQty = com.kms.katalon.core.webui.keyword.WebUiBuiltInKeywords.getAttribute(com.kms.katalon.core.testobject.ObjectRepository.findTestObject(DispensaryToStore/Page_Store/input_txttotal), "value"): Attribute 'value' of object 'Object Repository/DispensaryToStore/Page_Store/input_txttotal' is: '10'

2018-06-10 00:03:36 - [MESSAGE][PASSED] - Attribute 'value' of object 'Object Repository/DispensaryToStore/Page_Store/input_txttotal' is: '10'

2018-06-10 00:03:36 - [TEST_STEP][PASSED] - Statement - out.println("Requested QTY : " + RequestedQty): null

2018-06-10 00:03:36 - [TEST_STEP][PASSED] - Statement - BatchNumber = com.kms.katalon.core.webui.keyword.WebUiBuiltInKeywords.getNumberOfTotalOption(com.kms.katalon.core.testobject.ObjectRepository.findTestObject(DispensaryToStore/Page_Store/select_--Select--BA1170BA2376B)): 3 options of object 'Object Repository/DispensaryToStore/Page_Store/select_--Select--BA1170BA2376B' counted

2018-06-10 00:03:36 - [MESSAGE][PASSED] - 3 options of object 'Object Repository/DispensaryToStore/Page_Store/select_--Select--BA1170BA2376B' counted

2018-06-10 00:03:36 - [TEST_STEP][PASSED] - Statement - For ([g = 1, g <= BatchNumber - 1, (g++)]): null

2018-06-10 00:03:36 - [TEST_STEP][PASSED] - selectOptionByIndex: All options with index in [1] are selected on object 'Object Repository/DispensaryToStore/Page_Store/select_--Select--BA1170BA2376B'

2018-06-10 00:03:36 - [MESSAGE][PASSED] - All options with index in [1] are selected on object 'Object Repository/DispensaryToStore/Page_Store/select_--Select--BA1170BA2376B'

2018-06-10 00:03:36 - [TEST_STEP][PASSED] - Statement - Try: null

2018-06-10 00:03:36 - [TEST_STEP][PASSED] - Statement - StockQty = com.kms.katalon.core.webui.keyword.WebUiBuiltInKeywords.getAttribute(com.kms.katalon.core.testobject.ObjectRepository.findTestObject(DispensaryToStore/Page_Store/input_txtprice), "value"): Attribute 'value' of object 'Object Repository/DispensaryToStore/Page_Store/input_txtprice' is: '260'

2018-06-10 00:03:36 - [MESSAGE][PASSED] - Attribute 'value' of object 'Object Repository/DispensaryToStore/Page_Store/input_txtprice' is: '260'

2018-06-10 00:03:36 - [TEST_STEP][PASSED] - Statement - out.println("Stock QTY : " + StockQty): null

2018-06-10 00:03:36 - [TEST_STEP][PASSED] - delay: Delayed 2 second(s)

2018-06-10 00:03:38 - [MESSAGE][PASSED] - Delayed 2 second(s)

2018-06-10 00:03:38 - [TEST_STEP][PASSED] - Statement - If (java.lang.String.valueOf(StockQty) >= java.lang.String.valueOf(RequestedQty)): null

2018-06-10 00:03:38 - [TEST_STEP][PASSED] - setText: Text '10' is set on object 'Object Repository/DispensaryToStore/Page_Store/input_txtqty'

2018-06-10 00:03:38 - [MESSAGE][PASSED] - Text '10' is set on object 'Object Repository/DispensaryToStore/Page_Store/input_txtqty'

2018-06-10 00:03:38 - [TEST_STEP][PASSED] - click: Object: 'Object Repository/DispensaryToStore/Page_Store/button_Add' is clicked on

2018-06-10 00:03:38 - [MESSAGE][PASSED] - Object: 'Object Repository/DispensaryToStore/Page_Store/button_Add' is clicked on

2018-06-10 00:03:38 - [TEST_STEP][PASSED] - Statement - Break: null

2018-06-10 00:03:38 - [TEST_STEP][PASSED] - selectOptionByIndex: All options with index in [60] are selected on object 'Object Repository/DispensaryToStore/Page_Store/select_--Select--Adernaline 0.'

2018-06-10 00:03:39 - [MESSAGE][PASSED] - All options with index in [60] are selected on object 'Object Repository/DispensaryToStore/Page_Store/select_--Select--Adernaline 0.'

2018-06-10 00:03:39 - [TEST_STEP][PASSED] - delay: Delayed 2 second(s)

2018-06-10 00:03:41 - [MESSAGE][PASSED] - Delayed 2 second(s)

2018-06-10 00:03:41 - [TEST_STEP][PASSED] - Statement - RequestedQty = com.kms.katalon.core.webui.keyword.WebUiBuiltInKeywords.getAttribute(com.kms.katalon.core.testobject.ObjectRepository.findTestObject(DispensaryToStore/Page_Store/input_txttotal), "value"): Attribute 'value' of object 'Object Repository/DispensaryToStore/Page_Store/input_txttotal' is: '10'

2018-06-10 00:03:41 - [MESSAGE][PASSED] - Attribute 'value' of object 'Object Repository/DispensaryToStore/Page_Store/input_txttotal' is: '10'

2018-06-10 00:03:41 - [TEST_STEP][PASSED] - Statement - out.println("Requested QTY : " + RequestedQty): null

2018-06-10 00:03:41 - [TEST_STEP][PASSED] - Statement - BatchNumber = com.kms.katalon.core.webui.keyword.WebUiBuiltInKeywords.getNumberOfTotalOption(com.kms.katalon.core.testobject.ObjectRepository.findTestObject(DispensaryToStore/Page_Store/select_--Select--BA1170BA2376B)): 2 options of object 'Object Repository/DispensaryToStore/Page_Store/select_--Select--BA1170BA2376B' counted

2018-06-10 00:03:41 - [MESSAGE][PASSED] - 2 options of object 'Object Repository/DispensaryToStore/Page_Store/select_--Select--BA1170BA2376B' counted

2018-06-10 00:03:41 - [TEST_STEP][PASSED] - Statement - For ([g = 1, g <= BatchNumber - 1, (g++)]): null

2018-06-10 00:03:41 - [TEST_STEP][PASSED] - selectOptionByIndex: All options with index in [1] are selected on object 'Object Repository/DispensaryToStore/Page_Store/select_--Select--BA1170BA2376B'

2018-06-10 00:03:41 - [MESSAGE][PASSED] - All options with index in [1] are selected on object 'Object Repository/DispensaryToStore/Page_Store/select_--Select--BA1170BA2376B'

2018-06-10 00:03:41 - [TEST_STEP][PASSED] - Statement - Try: null

2018-06-10 00:03:41 - [TEST_STEP][PASSED] - Statement - StockQty = com.kms.katalon.core.webui.keyword.WebUiBuiltInKeywords.getAttribute(com.kms.katalon.core.testobject.ObjectRepository.findTestObject(DispensaryToStore/Page_Store/input_txtprice), "value"): Attribute 'value' of object 'Object Repository/DispensaryToStore/Page_Store/input_txtprice' is: '2700'

2018-06-10 00:03:41 - [MESSAGE][PASSED] - Attribute 'value' of object 'Object Repository/DispensaryToStore/Page_Store/input_txtprice' is: '2700'

2018-06-10 00:03:41 - [TEST_STEP][PASSED] - Statement - out.println("Stock QTY : " + StockQty): null

2018-06-10 00:03:41 - [TEST_STEP][PASSED] - delay: Delayed 2 second(s)

2018-06-10 00:03:43 - [MESSAGE][PASSED] - Delayed 2 second(s)

2018-06-10 00:03:43 - [TEST_STEP][PASSED] - Statement - If (java.lang.String.valueOf(StockQty) >= java.lang.String.valueOf(RequestedQty)): null

2018-06-10 00:03:43 - [TEST_STEP][PASSED] - setText: Text '10' is set on object 'Object Repository/DispensaryToStore/Page_Store/input_txtqty'

2018-06-10 00:03:43 - [MESSAGE][PASSED] - Text '10' is set on object 'Object Repository/DispensaryToStore/Page_Store/input_txtqty'

2018-06-10 00:03:43 - [TEST_STEP][PASSED] - click: Object: 'Object Repository/DispensaryToStore/Page_Store/button_Add' is clicked on

2018-06-10 00:03:43 - [MESSAGE][PASSED] - Object: 'Object Repository/DispensaryToStore/Page_Store/button_Add' is clicked on

2018-06-10 00:03:43 - [TEST_STEP][PASSED] - Statement - Break: null

2018-06-10 00:03:43 - [TEST_STEP][PASSED] - selectOptionByIndex: All options with index in [61] are selected on object 'Object Repository/DispensaryToStore/Page_Store/select_--Select--Adernaline 0.'

2018-06-10 00:03:44 - [MESSAGE][PASSED] - All options with index in [61] are selected on object 'Object Repository/DispensaryToStore/Page_Store/select_--Select--Adernaline 0.'

2018-06-10 00:03:44 - [TEST_STEP][PASSED] - delay: Delayed 2 second(s)

2018-06-10 00:03:46 - [MESSAGE][PASSED] - Delayed 2 second(s)

2018-06-10 00:03:46 - [TEST_STEP][PASSED] - Statement - RequestedQty = com.kms.katalon.core.webui.keyword.WebUiBuiltInKeywords.getAttribute(com.kms.katalon.core.testobject.ObjectRepository.findTestObject(DispensaryToStore/Page_Store/input_txttotal), "value"): Attribute 'value' of object 'Object Repository/DispensaryToStore/Page_Store/input_txttotal' is: '10'

2018-06-10 00:03:46 - [MESSAGE][PASSED] - Attribute 'value' of object 'Object Repository/DispensaryToStore/Page_Store/input_txttotal' is: '10'

2018-06-10 00:03:46 - [TEST_STEP][PASSED] - Statement - out.println("Requested QTY : " + RequestedQty): null

2018-06-10 00:03:46 - [TEST_STEP][PASSED] - Statement - BatchNumber = com.kms.katalon.core.webui.keyword.WebUiBuiltInKeywords.getNumberOfTotalOption(com.kms.katalon.core.testobject.ObjectRepository.findTestObject(DispensaryToStore/Page_Store/select_--Select--BA1170BA2376B)): 4 options of object 'Object Repository/DispensaryToStore/Page_Store/select_--Select--BA1170BA2376B' counted

2018-06-10 00:03:46 - [MESSAGE][PASSED] - 4 options of object 'Object Repository/DispensaryToStore/Page_Store/select_--Select--BA1170BA2376B' counted

2018-06-10 00:03:46 - [TEST_STEP][PASSED] - Statement - For ([g = 1, g <= BatchNumber - 1, (g++)]): null

2018-06-10 00:03:46 - [TEST_STEP][PASSED] - selectOptionByIndex: All options with index in [1] are selected on object 'Object Repository/DispensaryToStore/Page_Store/select_--Select--BA1170BA2376B'

2018-06-10 00:03:46 - [MESSAGE][PASSED] - All options with index in [1] are selected on object 'Object Repository/DispensaryToStore/Page_Store/select_--Select--BA1170BA2376B'

2018-06-10 00:03:46 - [TEST_STEP][PASSED] - Statement - Try: null

2018-06-10 00:03:46 - [TEST_STEP][PASSED] - Statement - StockQty = com.kms.katalon.core.webui.keyword.WebUiBuiltInKeywords.getAttribute(com.kms.katalon.core.testobject.ObjectRepository.findTestObject(DispensaryToStore/Page_Store/input_txtprice), "value"): Attribute 'value' of object 'Object Repository/DispensaryToStore/Page_Store/input_txtprice' is: '660'

2018-06-10 00:03:46 - [MESSAGE][PASSED] - Attribute 'value' of object 'Object Repository/DispensaryToStore/Page_Store/input_txtprice' is: '660'

2018-06-10 00:03:46 - [TEST_STEP][PASSED] - Statement - out.println("Stock QTY : " + StockQty): null

2018-06-10 00:03:46 - [TEST_STEP][PASSED] - delay: Delayed 2 second(s)

2018-06-10 00:03:48 - [MESSAGE][PASSED] - Delayed 2 second(s)

2018-06-10 00:03:48 - [TEST_STEP][PASSED] - Statement - If (java.lang.String.valueOf(StockQty) >= java.lang.String.valueOf(RequestedQty)): null

2018-06-10 00:03:48 - [TEST_STEP][PASSED] - setText: Text '10' is set on object 'Object Repository/DispensaryToStore/Page_Store/input_txtqty'

2018-06-10 00:03:48 - [MESSAGE][PASSED] - Text '10' is set on object 'Object Repository/DispensaryToStore/Page_Store/input_txtqty'

2018-06-10 00:03:48 - [TEST_STEP][PASSED] - click: Object: 'Object Repository/DispensaryToStore/Page_Store/button_Add' is clicked on

2018-06-10 00:03:48 - [MESSAGE][PASSED] - Object: 'Object Repository/DispensaryToStore/Page_Store/button_Add' is clicked on

2018-06-10 00:03:48 - [TEST_STEP][PASSED] - Statement - Break: null

2018-06-10 00:03:48 - [TEST_STEP][PASSED] - selectOptionByIndex: All options with index in [62] are selected on object 'Object Repository/DispensaryToStore/Page_Store/select_--Select--Adernaline 0.'

2018-06-10 00:03:49 - [MESSAGE][PASSED] - All options with index in [62] are selected on object 'Object Repository/DispensaryToStore/Page_Store/select_--Select--Adernaline 0.'

2018-06-10 00:03:49 - [TEST_STEP][PASSED] - delay: Delayed 2 second(s)

2018-06-10 00:03:51 - [MESSAGE][PASSED] - Delayed 2 second(s)

2018-06-10 00:03:51 - [TEST_STEP][PASSED] - Statement - RequestedQty = com.kms.katalon.core.webui.keyword.WebUiBuiltInKeywords.getAttribute(com.kms.katalon.core.testobject.ObjectRepository.findTestObject(DispensaryToStore/Page_Store/input_txttotal), "value"): Attribute 'value' of object 'Object Repository/DispensaryToStore/Page_Store/input_txttotal' is: '10'

2018-06-10 00:03:51 - [MESSAGE][PASSED] - Attribute 'value' of object 'Object Repository/DispensaryToStore/Page_Store/input_txttotal' is: '10'

2018-06-10 00:03:51 - [TEST_STEP][PASSED] - Statement - out.println("Requested QTY : " + RequestedQty): null

2018-06-10 00:03:51 - [TEST_STEP][PASSED] - Statement - BatchNumber = com.kms.katalon.core.webui.keyword.WebUiBuiltInKeywords.getNumberOfTotalOption(com.kms.katalon.core.testobject.ObjectRepository.findTestObject(DispensaryToStore/Page_Store/select_--Select--BA1170BA2376B)): 4 options of object 'Object Repository/DispensaryToStore/Page_Store/select_--Select--BA1170BA2376B' counted

2018-06-10 00:03:51 - [MESSAGE][PASSED] - 4 options of object 'Object Repository/DispensaryToStore/Page_Store/select_--Select--BA1170BA2376B' counted

2018-06-10 00:03:51 - [TEST_STEP][PASSED] - Statement - For ([g = 1, g <= BatchNumber - 1, (g++)]): null

2018-06-10 00:03:51 - [TEST_STEP][PASSED] - selectOptionByIndex: All options with index in [1] are selected on object 'Object Repository/DispensaryToStore/Page_Store/select_--Select--BA1170BA2376B'

2018-06-10 00:03:51 - [MESSAGE][PASSED] - All options with index in [1] are selected on object 'Object Repository/DispensaryToStore/Page_Store/select_--Select--BA1170BA2376B'

2018-06-10 00:03:51 - [TEST_STEP][PASSED] - Statement - Try: null

2018-06-10 00:03:51 - [TEST_STEP][PASSED] - Statement - StockQty = com.kms.katalon.core.webui.keyword.WebUiBuiltInKeywords.getAttribute(com.kms.katalon.core.testobject.ObjectRepository.findTestObject(DispensaryToStore/Page_Store/input_txtprice), "value"): Attribute 'value' of object 'Object Repository/DispensaryToStore/Page_Store/input_txtprice' is: '320'

2018-06-10 00:03:51 - [MESSAGE][PASSED] - Attribute 'value' of object 'Object Repository/DispensaryToStore/Page_Store/input_txtprice' is: '320'

2018-06-10 00:03:51 - [TEST_STEP][PASSED] - Statement - out.println("Stock QTY : " + StockQty): null

2018-06-10 00:03:51 - [TEST_STEP][PASSED] - delay: Delayed 2 second(s)

2018-06-10 00:03:53 - [MESSAGE][PASSED] - Delayed 2 second(s)

2018-06-10 00:03:53 - [TEST_STEP][PASSED] - Statement - If (java.lang.String.valueOf(StockQty) >= java.lang.String.valueOf(RequestedQty)): null

2018-06-10 00:03:53 - [TEST_STEP][PASSED] - setText: Text '10' is set on object 'Object Repository/DispensaryToStore/Page_Store/input_txtqty'

2018-06-10 00:03:53 - [MESSAGE][PASSED] - Text '10' is set on object 'Object Repository/DispensaryToStore/Page_Store/input_txtqty'

2018-06-10 00:03:53 - [TEST_STEP][PASSED] - click: Object: 'Object Repository/DispensaryToStore/Page_Store/button_Add' is clicked on

2018-06-10 00:03:53 - [MESSAGE][PASSED] - Object: 'Object Repository/DispensaryToStore/Page_Store/button_Add' is clicked on

2018-06-10 00:03:53 - [TEST_STEP][PASSED] - Statement - Break: null

2018-06-10 00:03:53 - [TEST_STEP][PASSED] - scrollToElement: Scroll to object 'Object Repository/DispensaryToStore/Page_Store/input_btnSubmit' successfully

2018-06-10 00:03:54 - [MESSAGE][PASSED] - Scroll to object 'Object Repository/DispensaryToStore/Page_Store/input_btnSubmit' successfully

2018-06-10 00:03:54 - [TEST_STEP][PASSED] - click: Object: 'Object Repository/DispensaryToStore/Page_Store/input_btnSubmit' is clicked on

2018-06-10 00:03:54 - [MESSAGE][PASSED] - Object: 'Object Repository/DispensaryToStore/Page_Store/input_btnSubmit' is clicked on

2018-06-10 00:03:54 - [TEST_STEP][PASSED] - delay: Delayed 3 second(s)

2018-06-10 00:03:57 - [MESSAGE][PASSED] - Delayed 3 second(s)

2018-06-10 00:03:57 - [TEST_STEP][PASSED] - click: Object: 'Object Repository/DispensaryToStore/Page_Store/button_OK' is clicked on

2018-06-10 00:04:02 - [MESSAGE][PASSED] - Object: 'Object Repository/DispensaryToStore/Page_Store/button_OK' is clicked on

2018-06-10 00:04:02 - [TEST_STEP][PASSED] - delay: Delayed 3 second(s)

2018-06-10 00:04:05 - [MESSAGE][PASSED] - Delayed 3 second(s)

2018-06-10 00:04:05 - [TEST_STEP][PASSED] - waitForElementPresent: Object 'Object Repository/DispensaryToStore/Page_Store/a_dropdown-toggle' is present

2018-06-10 00:04:05 - [MESSAGE][PASSED] - Object 'Object Repository/DispensaryToStore/Page_Store/a_dropdown-toggle' is present

2018-06-10 00:04:05 - [TEST_STEP][PASSED] - click: Object: 'Object Repository/DispensaryToStore/Page_Store/a_dropdown-toggle' is clicked on

2018-06-10 00:04:05 - [MESSAGE][PASSED] - Object: 'Object Repository/DispensaryToStore/Page_Store/a_dropdown-toggle' is clicked on

2018-06-10 00:04:05 - [TEST_STEP][PASSED] - click: Object: 'Object Repository/DispensaryToStore/Page_Store/a_Sign out' is clicked on

2018-06-10 00:04:05 - [MESSAGE][PASSED] - Object: 'Object Repository/DispensaryToStore/Page_Store/a_Sign out' is clicked on

2018-06-10 00:04:05 - [TEST_STEP][PASSED] - closeBrowser: Browser is closed

2018-06-10 00:04:06 - [MESSAGE][PASSED] - Browser is closed]]></system-out>
         <system-err><![CDATA[]]></system-err>
      </testcase>
      <testcase name="Test Cases/DISPENSARY TEST CASES/TC_DP_002 Verify Schedule 2 Dispensary Request Are Working Successfully Or Not" classname="Test Cases/DISPENSARY TEST CASES/TC_DP_002 Verify Schedule 2 Dispensary Request Are Working Successfully Or Not" status="PASSED">
         <system-out><![CDATA[2018-06-10 00:04:06 - [TEST_CASE][PASSED] - Test Cases/DISPENSARY TEST CASES/TC_DP_002 Verify Schedule 2 Dispensary Request Are Working Successfully Or Not: Test Cases/DISPENSARY TEST CASES/TC_DP_002 Verify Schedule 2 Dispensary Request Are Working Successfully Or Not

2018-06-10 00:04:06 - [TEST_STEP][PASSED] - openBrowser: Browser is opened with url: ''

2018-06-10 00:04:08 - [MESSAGE][PASSED] - Browser is opened with url: ''

2018-06-10 00:04:08 - [TEST_STEP][PASSED] - navigateToUrl: Navigate to 'http://192.168.137.1/multihospital_new/HDSplashscreen.aspx' successfully

2018-06-10 00:04:10 - [MESSAGE][PASSED] - Navigate to 'http://192.168.137.1/multihospital_new/HDSplashscreen.aspx' successfully

2018-06-10 00:04:10 - [TEST_STEP][PASSED] - maximizeWindow: Current window maximized

2018-06-10 00:04:11 - [MESSAGE][PASSED] - Current window maximized

2018-06-10 00:04:11 - [TEST_STEP][PASSED] - click: Object: 'Object Repository/DispensaryToStore/Page_KDMC/a_Dispensary Store' is clicked on

2018-06-10 00:04:12 - [MESSAGE][PASSED] - Object: 'Object Repository/DispensaryToStore/Page_KDMC/a_Dispensary Store' is clicked on

2018-06-10 00:04:12 - [TEST_STEP][PASSED] - setText: Text 'rajaram' is set on object 'Object Repository/DispensaryToStore/Page_Dispensary Store Login/input_txtusername'

2018-06-10 00:04:12 - [MESSAGE][PASSED] - Text 'rajaram' is set on object 'Object Repository/DispensaryToStore/Page_Dispensary Store Login/input_txtusername'

2018-06-10 00:04:12 - [TEST_STEP][PASSED] - setText: Text '123' is set on object 'Object Repository/DispensaryToStore/Page_Dispensary Store Login/input_txtpassword'

2018-06-10 00:04:12 - [MESSAGE][PASSED] - Text '123' is set on object 'Object Repository/DispensaryToStore/Page_Dispensary Store Login/input_txtpassword'

2018-06-10 00:04:12 - [TEST_STEP][PASSED] - delay: Delayed 3 second(s)

2018-06-10 00:04:15 - [MESSAGE][PASSED] - Delayed 3 second(s)

2018-06-10 00:04:15 - [TEST_STEP][PASSED] - sendKeys: Keys 'ENTER + ' sent to object: 'Object Repository/DispensaryToStore/Page_Dispensary Store Login/input_txtpassword'

2018-06-10 00:04:16 - [MESSAGE][PASSED] - Keys 'ENTER + ' sent to object: 'Object Repository/DispensaryToStore/Page_Dispensary Store Login/input_txtpassword'

2018-06-10 00:04:16 - [TEST_STEP][PASSED] - delay: Delayed 3 second(s)

2018-06-10 00:04:19 - [MESSAGE][PASSED] - Delayed 3 second(s)

2018-06-10 00:04:19 - [TEST_STEP][PASSED] - click: Object: 'Object Repository/DispensaryToStore/Page_Dispensary Store/a_Request to Store' is clicked on

2018-06-10 00:04:19 - [MESSAGE][PASSED] - Object: 'Object Repository/DispensaryToStore/Page_Dispensary Store/a_Request to Store' is clicked on

2018-06-10 00:04:19 - [TEST_STEP][PASSED] - click: Object: 'Object Repository/DispensaryToStore/Page_Dispensary Store/a_Medicine Request' is clicked on

2018-06-10 00:04:20 - [MESSAGE][PASSED] - Object: 'Object Repository/DispensaryToStore/Page_Dispensary Store/a_Medicine Request' is clicked on

2018-06-10 00:04:20 - [TEST_STEP][PASSED] - selectOptionByIndex: All options with index in [2] are selected on object 'Object Repository/DispensaryToStore/Page_Dispensary Store/select_--Select--Schedule 1Inj'

2018-06-10 00:04:20 - [MESSAGE][PASSED] - All options with index in [2] are selected on object 'Object Repository/DispensaryToStore/Page_Dispensary Store/select_--Select--Schedule 1Inj'

2018-06-10 00:04:20 - [TEST_STEP][PASSED] - Statement - medicineslength = com.kms.katalon.core.webui.keyword.WebUiBuiltInKeywords.getNumberOfTotalOption(com.kms.katalon.core.testobject.ObjectRepository.findTestObject(DispensaryToStore/Page_Dispensary Store/select_--Select--Adernaline 0.)): 73 options of object 'Object Repository/DispensaryToStore/Page_Dispensary Store/select_--Select--Adernaline 0.' counted

2018-06-10 00:04:20 - [MESSAGE][PASSED] - 73 options of object 'Object Repository/DispensaryToStore/Page_Dispensary Store/select_--Select--Adernaline 0.' counted

2018-06-10 00:04:20 - [TEST_STEP][PASSED] - Statement - For ([e = 1, e <= medicineslength - 1, (e++)]): Object: 'Object Repository/DispensaryToStore/Page_Dispensary Store/button_Add' is clicked on

2018-06-10 00:04:20 - [TEST_STEP][PASSED] - selectOptionByIndex: All options with index in [2] are selected on object 'Object Repository/DispensaryToStore/Page_Dispensary Store/select_--Select--Schedule 1Inj'

2018-06-10 00:04:20 - [MESSAGE][PASSED] - All options with index in [2] are selected on object 'Object Repository/DispensaryToStore/Page_Dispensary Store/select_--Select--Schedule 1Inj'

2018-06-10 00:04:20 - [TEST_STEP][PASSED] - delay: Delayed 1 second(s)

2018-06-10 00:04:21 - [MESSAGE][PASSED] - Delayed 1 second(s)

2018-06-10 00:04:21 - [TEST_STEP][PASSED] - selectOptionByIndex: All options with index in [1] are selected on object 'Object Repository/DispensaryToStore/Page_Dispensary Store/select_--Select--Adernaline 0.'

2018-06-10 00:04:21 - [MESSAGE][PASSED] - All options with index in [1] are selected on object 'Object Repository/DispensaryToStore/Page_Dispensary Store/select_--Select--Adernaline 0.'

2018-06-10 00:04:21 - [TEST_STEP][PASSED] - delay: Delayed 1 second(s)

2018-06-10 00:04:22 - [MESSAGE][PASSED] - Delayed 1 second(s)

2018-06-10 00:04:22 - [TEST_STEP][PASSED] - setText: Text '10' is set on object 'Object Repository/DispensaryToStore/Page_Dispensary Store/input_txttreat'

2018-06-10 00:04:23 - [MESSAGE][PASSED] - Text '10' is set on object 'Object Repository/DispensaryToStore/Page_Dispensary Store/input_txttreat'

2018-06-10 00:04:23 - [TEST_STEP][PASSED] - click: Object: 'Object Repository/DispensaryToStore/Page_Dispensary Store/button_Add' is clicked on

2018-06-10 00:04:23 - [MESSAGE][PASSED] - Object: 'Object Repository/DispensaryToStore/Page_Dispensary Store/button_Add' is clicked on

2018-06-10 00:04:23 - [TEST_STEP][PASSED] - selectOptionByIndex: All options with index in [2] are selected on object 'Object Repository/DispensaryToStore/Page_Dispensary Store/select_--Select--Schedule 1Inj'

2018-06-10 00:04:23 - [MESSAGE][PASSED] - All options with index in [2] are selected on object 'Object Repository/DispensaryToStore/Page_Dispensary Store/select_--Select--Schedule 1Inj'

2018-06-10 00:04:23 - [TEST_STEP][PASSED] - delay: Delayed 1 second(s)

2018-06-10 00:04:24 - [MESSAGE][PASSED] - Delayed 1 second(s)

2018-06-10 00:04:24 - [TEST_STEP][PASSED] - selectOptionByIndex: All options with index in [2] are selected on object 'Object Repository/DispensaryToStore/Page_Dispensary Store/select_--Select--Adernaline 0.'

2018-06-10 00:04:24 - [MESSAGE][PASSED] - All options with index in [2] are selected on object 'Object Repository/DispensaryToStore/Page_Dispensary Store/select_--Select--Adernaline 0.'

2018-06-10 00:04:24 - [TEST_STEP][PASSED] - delay: Delayed 1 second(s)

2018-06-10 00:04:25 - [MESSAGE][PASSED] - Delayed 1 second(s)

2018-06-10 00:04:25 - [TEST_STEP][PASSED] - setText: Text '10' is set on object 'Object Repository/DispensaryToStore/Page_Dispensary Store/input_txttreat'

2018-06-10 00:04:25 - [MESSAGE][PASSED] - Text '10' is set on object 'Object Repository/DispensaryToStore/Page_Dispensary Store/input_txttreat'

2018-06-10 00:04:25 - [TEST_STEP][PASSED] - click: Object: 'Object Repository/DispensaryToStore/Page_Dispensary Store/button_Add' is clicked on

2018-06-10 00:04:25 - [MESSAGE][PASSED] - Object: 'Object Repository/DispensaryToStore/Page_Dispensary Store/button_Add' is clicked on

2018-06-10 00:04:25 - [TEST_STEP][PASSED] - selectOptionByIndex: All options with index in [2] are selected on object 'Object Repository/DispensaryToStore/Page_Dispensary Store/select_--Select--Schedule 1Inj'

2018-06-10 00:04:25 - [MESSAGE][PASSED] - All options with index in [2] are selected on object 'Object Repository/DispensaryToStore/Page_Dispensary Store/select_--Select--Schedule 1Inj'

2018-06-10 00:04:25 - [TEST_STEP][PASSED] - delay: Delayed 1 second(s)

2018-06-10 00:04:26 - [MESSAGE][PASSED] - Delayed 1 second(s)

2018-06-10 00:04:26 - [TEST_STEP][PASSED] - selectOptionByIndex: All options with index in [3] are selected on object 'Object Repository/DispensaryToStore/Page_Dispensary Store/select_--Select--Adernaline 0.'

2018-06-10 00:04:26 - [MESSAGE][PASSED] - All options with index in [3] are selected on object 'Object Repository/DispensaryToStore/Page_Dispensary Store/select_--Select--Adernaline 0.'

2018-06-10 00:04:26 - [TEST_STEP][PASSED] - delay: Delayed 1 second(s)

2018-06-10 00:04:27 - [MESSAGE][PASSED] - Delayed 1 second(s)

2018-06-10 00:04:27 - [TEST_STEP][PASSED] - setText: Text '10' is set on object 'Object Repository/DispensaryToStore/Page_Dispensary Store/input_txttreat'

2018-06-10 00:04:28 - [MESSAGE][PASSED] - Text '10' is set on object 'Object Repository/DispensaryToStore/Page_Dispensary Store/input_txttreat'

2018-06-10 00:04:28 - [TEST_STEP][PASSED] - click: Object: 'Object Repository/DispensaryToStore/Page_Dispensary Store/button_Add' is clicked on

2018-06-10 00:04:28 - [MESSAGE][PASSED] - Object: 'Object Repository/DispensaryToStore/Page_Dispensary Store/button_Add' is clicked on

2018-06-10 00:04:28 - [TEST_STEP][PASSED] - selectOptionByIndex: All options with index in [2] are selected on object 'Object Repository/DispensaryToStore/Page_Dispensary Store/select_--Select--Schedule 1Inj'

2018-06-10 00:04:28 - [MESSAGE][PASSED] - All options with index in [2] are selected on object 'Object Repository/DispensaryToStore/Page_Dispensary Store/select_--Select--Schedule 1Inj'

2018-06-10 00:04:28 - [TEST_STEP][PASSED] - delay: Delayed 1 second(s)

2018-06-10 00:04:29 - [MESSAGE][PASSED] - Delayed 1 second(s)

2018-06-10 00:04:29 - [TEST_STEP][PASSED] - selectOptionByIndex: All options with index in [4] are selected on object 'Object Repository/DispensaryToStore/Page_Dispensary Store/select_--Select--Adernaline 0.'

2018-06-10 00:04:29 - [MESSAGE][PASSED] - All options with index in [4] are selected on object 'Object Repository/DispensaryToStore/Page_Dispensary Store/select_--Select--Adernaline 0.'

2018-06-10 00:04:29 - [TEST_STEP][PASSED] - delay: Delayed 1 second(s)

2018-06-10 00:04:30 - [MESSAGE][PASSED] - Delayed 1 second(s)

2018-06-10 00:04:30 - [TEST_STEP][PASSED] - setText: Text '10' is set on object 'Object Repository/DispensaryToStore/Page_Dispensary Store/input_txttreat'

2018-06-10 00:04:30 - [MESSAGE][PASSED] - Text '10' is set on object 'Object Repository/DispensaryToStore/Page_Dispensary Store/input_txttreat'

2018-06-10 00:04:30 - [TEST_STEP][PASSED] - click: Object: 'Object Repository/DispensaryToStore/Page_Dispensary Store/button_Add' is clicked on

2018-06-10 00:04:30 - [MESSAGE][PASSED] - Object: 'Object Repository/DispensaryToStore/Page_Dispensary Store/button_Add' is clicked on

2018-06-10 00:04:30 - [TEST_STEP][PASSED] - selectOptionByIndex: All options with index in [2] are selected on object 'Object Repository/DispensaryToStore/Page_Dispensary Store/select_--Select--Schedule 1Inj'

2018-06-10 00:04:30 - [MESSAGE][PASSED] - All options with index in [2] are selected on object 'Object Repository/DispensaryToStore/Page_Dispensary Store/select_--Select--Schedule 1Inj'

2018-06-10 00:04:30 - [TEST_STEP][PASSED] - delay: Delayed 1 second(s)

2018-06-10 00:04:31 - [MESSAGE][PASSED] - Delayed 1 second(s)

2018-06-10 00:04:31 - [TEST_STEP][PASSED] - selectOptionByIndex: All options with index in [5] are selected on object 'Object Repository/DispensaryToStore/Page_Dispensary Store/select_--Select--Adernaline 0.'

2018-06-10 00:04:32 - [MESSAGE][PASSED] - All options with index in [5] are selected on object 'Object Repository/DispensaryToStore/Page_Dispensary Store/select_--Select--Adernaline 0.'

2018-06-10 00:04:32 - [TEST_STEP][PASSED] - delay: Delayed 1 second(s)

2018-06-10 00:04:33 - [MESSAGE][PASSED] - Delayed 1 second(s)

2018-06-10 00:04:33 - [TEST_STEP][PASSED] - setText: Text '10' is set on object 'Object Repository/DispensaryToStore/Page_Dispensary Store/input_txttreat'

2018-06-10 00:04:33 - [MESSAGE][PASSED] - Text '10' is set on object 'Object Repository/DispensaryToStore/Page_Dispensary Store/input_txttreat'

2018-06-10 00:04:33 - [TEST_STEP][PASSED] - click: Object: 'Object Repository/DispensaryToStore/Page_Dispensary Store/button_Add' is clicked on

2018-06-10 00:04:33 - [MESSAGE][PASSED] - Object: 'Object Repository/DispensaryToStore/Page_Dispensary Store/button_Add' is clicked on

2018-06-10 00:04:33 - [TEST_STEP][PASSED] - selectOptionByIndex: All options with index in [2] are selected on object 'Object Repository/DispensaryToStore/Page_Dispensary Store/select_--Select--Schedule 1Inj'

2018-06-10 00:04:33 - [MESSAGE][PASSED] - All options with index in [2] are selected on object 'Object Repository/DispensaryToStore/Page_Dispensary Store/select_--Select--Schedule 1Inj'

2018-06-10 00:04:33 - [TEST_STEP][PASSED] - delay: Delayed 1 second(s)

2018-06-10 00:04:34 - [MESSAGE][PASSED] - Delayed 1 second(s)

2018-06-10 00:04:34 - [TEST_STEP][PASSED] - selectOptionByIndex: All options with index in [6] are selected on object 'Object Repository/DispensaryToStore/Page_Dispensary Store/select_--Select--Adernaline 0.'

2018-06-10 00:04:34 - [MESSAGE][PASSED] - All options with index in [6] are selected on object 'Object Repository/DispensaryToStore/Page_Dispensary Store/select_--Select--Adernaline 0.'

2018-06-10 00:04:34 - [TEST_STEP][PASSED] - delay: Delayed 1 second(s)

2018-06-10 00:04:35 - [MESSAGE][PASSED] - Delayed 1 second(s)

2018-06-10 00:04:35 - [TEST_STEP][PASSED] - setText: Text '10' is set on object 'Object Repository/DispensaryToStore/Page_Dispensary Store/input_txttreat'

2018-06-10 00:04:35 - [MESSAGE][PASSED] - Text '10' is set on object 'Object Repository/DispensaryToStore/Page_Dispensary Store/input_txttreat'

2018-06-10 00:04:35 - [TEST_STEP][PASSED] - click: Object: 'Object Repository/DispensaryToStore/Page_Dispensary Store/button_Add' is clicked on

2018-06-10 00:04:35 - [MESSAGE][PASSED] - Object: 'Object Repository/DispensaryToStore/Page_Dispensary Store/button_Add' is clicked on

2018-06-10 00:04:35 - [TEST_STEP][PASSED] - selectOptionByIndex: All options with index in [2] are selected on object 'Object Repository/DispensaryToStore/Page_Dispensary Store/select_--Select--Schedule 1Inj'

2018-06-10 00:04:35 - [MESSAGE][PASSED] - All options with index in [2] are selected on object 'Object Repository/DispensaryToStore/Page_Dispensary Store/select_--Select--Schedule 1Inj'

2018-06-10 00:04:35 - [TEST_STEP][PASSED] - delay: Delayed 1 second(s)

2018-06-10 00:04:36 - [MESSAGE][PASSED] - Delayed 1 second(s)

2018-06-10 00:04:36 - [TEST_STEP][PASSED] - selectOptionByIndex: All options with index in [7] are selected on object 'Object Repository/DispensaryToStore/Page_Dispensary Store/select_--Select--Adernaline 0.'

2018-06-10 00:04:37 - [MESSAGE][PASSED] - All options with index in [7] are selected on object 'Object Repository/DispensaryToStore/Page_Dispensary Store/select_--Select--Adernaline 0.'

2018-06-10 00:04:37 - [TEST_STEP][PASSED] - delay: Delayed 1 second(s)

2018-06-10 00:04:38 - [MESSAGE][PASSED] - Delayed 1 second(s)

2018-06-10 00:04:38 - [TEST_STEP][PASSED] - setText: Text '10' is set on object 'Object Repository/DispensaryToStore/Page_Dispensary Store/input_txttreat'

2018-06-10 00:04:38 - [MESSAGE][PASSED] - Text '10' is set on object 'Object Repository/DispensaryToStore/Page_Dispensary Store/input_txttreat'

2018-06-10 00:04:38 - [TEST_STEP][PASSED] - click: Object: 'Object Repository/DispensaryToStore/Page_Dispensary Store/button_Add' is clicked on

2018-06-10 00:04:38 - [MESSAGE][PASSED] - Object: 'Object Repository/DispensaryToStore/Page_Dispensary Store/button_Add' is clicked on

2018-06-10 00:04:38 - [TEST_STEP][PASSED] - selectOptionByIndex: All options with index in [2] are selected on object 'Object Repository/DispensaryToStore/Page_Dispensary Store/select_--Select--Schedule 1Inj'

2018-06-10 00:04:38 - [MESSAGE][PASSED] - All options with index in [2] are selected on object 'Object Repository/DispensaryToStore/Page_Dispensary Store/select_--Select--Schedule 1Inj'

2018-06-10 00:04:38 - [TEST_STEP][PASSED] - delay: Delayed 1 second(s)

2018-06-10 00:04:39 - [MESSAGE][PASSED] - Delayed 1 second(s)

2018-06-10 00:04:39 - [TEST_STEP][PASSED] - selectOptionByIndex: All options with index in [8] are selected on object 'Object Repository/DispensaryToStore/Page_Dispensary Store/select_--Select--Adernaline 0.'

2018-06-10 00:04:39 - [MESSAGE][PASSED] - All options with index in [8] are selected on object 'Object Repository/DispensaryToStore/Page_Dispensary Store/select_--Select--Adernaline 0.'

2018-06-10 00:04:39 - [TEST_STEP][PASSED] - delay: Delayed 1 second(s)

2018-06-10 00:04:40 - [MESSAGE][PASSED] - Delayed 1 second(s)

2018-06-10 00:04:40 - [TEST_STEP][PASSED] - setText: Text '10' is set on object 'Object Repository/DispensaryToStore/Page_Dispensary Store/input_txttreat'

2018-06-10 00:04:40 - [MESSAGE][PASSED] - Text '10' is set on object 'Object Repository/DispensaryToStore/Page_Dispensary Store/input_txttreat'

2018-06-10 00:04:40 - [TEST_STEP][PASSED] - click: Object: 'Object Repository/DispensaryToStore/Page_Dispensary Store/button_Add' is clicked on

2018-06-10 00:04:40 - [MESSAGE][PASSED] - Object: 'Object Repository/DispensaryToStore/Page_Dispensary Store/button_Add' is clicked on

2018-06-10 00:04:40 - [TEST_STEP][PASSED] - selectOptionByIndex: All options with index in [2] are selected on object 'Object Repository/DispensaryToStore/Page_Dispensary Store/select_--Select--Schedule 1Inj'

2018-06-10 00:04:40 - [MESSAGE][PASSED] - All options with index in [2] are selected on object 'Object Repository/DispensaryToStore/Page_Dispensary Store/select_--Select--Schedule 1Inj'

2018-06-10 00:04:40 - [TEST_STEP][PASSED] - delay: Delayed 1 second(s)

2018-06-10 00:04:41 - [MESSAGE][PASSED] - Delayed 1 second(s)

2018-06-10 00:04:41 - [TEST_STEP][PASSED] - selectOptionByIndex: All options with index in [9] are selected on object 'Object Repository/DispensaryToStore/Page_Dispensary Store/select_--Select--Adernaline 0.'

2018-06-10 00:04:42 - [MESSAGE][PASSED] - All options with index in [9] are selected on object 'Object Repository/DispensaryToStore/Page_Dispensary Store/select_--Select--Adernaline 0.'

2018-06-10 00:04:42 - [TEST_STEP][PASSED] - delay: Delayed 1 second(s)

2018-06-10 00:04:43 - [MESSAGE][PASSED] - Delayed 1 second(s)

2018-06-10 00:04:43 - [TEST_STEP][PASSED] - setText: Text '10' is set on object 'Object Repository/DispensaryToStore/Page_Dispensary Store/input_txttreat'

2018-06-10 00:04:43 - [MESSAGE][PASSED] - Text '10' is set on object 'Object Repository/DispensaryToStore/Page_Dispensary Store/input_txttreat'

2018-06-10 00:04:43 - [TEST_STEP][PASSED] - click: Object: 'Object Repository/DispensaryToStore/Page_Dispensary Store/button_Add' is clicked on

2018-06-10 00:04:43 - [MESSAGE][PASSED] - Object: 'Object Repository/DispensaryToStore/Page_Dispensary Store/button_Add' is clicked on

2018-06-10 00:04:43 - [TEST_STEP][PASSED] - selectOptionByIndex: All options with index in [2] are selected on object 'Object Repository/DispensaryToStore/Page_Dispensary Store/select_--Select--Schedule 1Inj'

2018-06-10 00:04:43 - [MESSAGE][PASSED] - All options with index in [2] are selected on object 'Object Repository/DispensaryToStore/Page_Dispensary Store/select_--Select--Schedule 1Inj'

2018-06-10 00:04:43 - [TEST_STEP][PASSED] - delay: Delayed 1 second(s)

2018-06-10 00:04:44 - [MESSAGE][PASSED] - Delayed 1 second(s)

2018-06-10 00:04:44 - [TEST_STEP][PASSED] - selectOptionByIndex: All options with index in [10] are selected on object 'Object Repository/DispensaryToStore/Page_Dispensary Store/select_--Select--Adernaline 0.'

2018-06-10 00:04:44 - [MESSAGE][PASSED] - All options with index in [10] are selected on object 'Object Repository/DispensaryToStore/Page_Dispensary Store/select_--Select--Adernaline 0.'

2018-06-10 00:04:44 - [TEST_STEP][PASSED] - delay: Delayed 1 second(s)

2018-06-10 00:04:45 - [MESSAGE][PASSED] - Delayed 1 second(s)

2018-06-10 00:04:45 - [TEST_STEP][PASSED] - setText: Text '10' is set on object 'Object Repository/DispensaryToStore/Page_Dispensary Store/input_txttreat'

2018-06-10 00:04:45 - [MESSAGE][PASSED] - Text '10' is set on object 'Object Repository/DispensaryToStore/Page_Dispensary Store/input_txttreat'

2018-06-10 00:04:45 - [TEST_STEP][PASSED] - click: Object: 'Object Repository/DispensaryToStore/Page_Dispensary Store/button_Add' is clicked on

2018-06-10 00:04:45 - [MESSAGE][PASSED] - Object: 'Object Repository/DispensaryToStore/Page_Dispensary Store/button_Add' is clicked on

2018-06-10 00:04:45 - [TEST_STEP][PASSED] - selectOptionByIndex: All options with index in [2] are selected on object 'Object Repository/DispensaryToStore/Page_Dispensary Store/select_--Select--Schedule 1Inj'

2018-06-10 00:04:45 - [MESSAGE][PASSED] - All options with index in [2] are selected on object 'Object Repository/DispensaryToStore/Page_Dispensary Store/select_--Select--Schedule 1Inj'

2018-06-10 00:04:45 - [TEST_STEP][PASSED] - delay: Delayed 1 second(s)

2018-06-10 00:04:46 - [MESSAGE][PASSED] - Delayed 1 second(s)

2018-06-10 00:04:46 - [TEST_STEP][PASSED] - selectOptionByIndex: All options with index in [11] are selected on object 'Object Repository/DispensaryToStore/Page_Dispensary Store/select_--Select--Adernaline 0.'

2018-06-10 00:04:47 - [MESSAGE][PASSED] - All options with index in [11] are selected on object 'Object Repository/DispensaryToStore/Page_Dispensary Store/select_--Select--Adernaline 0.'

2018-06-10 00:04:47 - [TEST_STEP][PASSED] - delay: Delayed 1 second(s)

2018-06-10 00:04:48 - [MESSAGE][PASSED] - Delayed 1 second(s)

2018-06-10 00:04:48 - [TEST_STEP][PASSED] - setText: Text '10' is set on object 'Object Repository/DispensaryToStore/Page_Dispensary Store/input_txttreat'

2018-06-10 00:04:48 - [MESSAGE][PASSED] - Text '10' is set on object 'Object Repository/DispensaryToStore/Page_Dispensary Store/input_txttreat'

2018-06-10 00:04:48 - [TEST_STEP][PASSED] - click: Object: 'Object Repository/DispensaryToStore/Page_Dispensary Store/button_Add' is clicked on

2018-06-10 00:04:48 - [MESSAGE][PASSED] - Object: 'Object Repository/DispensaryToStore/Page_Dispensary Store/button_Add' is clicked on

2018-06-10 00:04:48 - [TEST_STEP][PASSED] - selectOptionByIndex: All options with index in [2] are selected on object 'Object Repository/DispensaryToStore/Page_Dispensary Store/select_--Select--Schedule 1Inj'

2018-06-10 00:04:48 - [MESSAGE][PASSED] - All options with index in [2] are selected on object 'Object Repository/DispensaryToStore/Page_Dispensary Store/select_--Select--Schedule 1Inj'

2018-06-10 00:04:48 - [TEST_STEP][PASSED] - delay: Delayed 1 second(s)

2018-06-10 00:04:49 - [MESSAGE][PASSED] - Delayed 1 second(s)

2018-06-10 00:04:49 - [TEST_STEP][PASSED] - selectOptionByIndex: All options with index in [12] are selected on object 'Object Repository/DispensaryToStore/Page_Dispensary Store/select_--Select--Adernaline 0.'

2018-06-10 00:04:49 - [MESSAGE][PASSED] - All options with index in [12] are selected on object 'Object Repository/DispensaryToStore/Page_Dispensary Store/select_--Select--Adernaline 0.'

2018-06-10 00:04:49 - [TEST_STEP][PASSED] - delay: Delayed 1 second(s)

2018-06-10 00:04:50 - [MESSAGE][PASSED] - Delayed 1 second(s)

2018-06-10 00:04:50 - [TEST_STEP][PASSED] - setText: Text '10' is set on object 'Object Repository/DispensaryToStore/Page_Dispensary Store/input_txttreat'

2018-06-10 00:04:50 - [MESSAGE][PASSED] - Text '10' is set on object 'Object Repository/DispensaryToStore/Page_Dispensary Store/input_txttreat'

2018-06-10 00:04:50 - [TEST_STEP][PASSED] - click: Object: 'Object Repository/DispensaryToStore/Page_Dispensary Store/button_Add' is clicked on

2018-06-10 00:04:50 - [MESSAGE][PASSED] - Object: 'Object Repository/DispensaryToStore/Page_Dispensary Store/button_Add' is clicked on

2018-06-10 00:04:50 - [TEST_STEP][PASSED] - selectOptionByIndex: All options with index in [2] are selected on object 'Object Repository/DispensaryToStore/Page_Dispensary Store/select_--Select--Schedule 1Inj'

2018-06-10 00:04:50 - [MESSAGE][PASSED] - All options with index in [2] are selected on object 'Object Repository/DispensaryToStore/Page_Dispensary Store/select_--Select--Schedule 1Inj'

2018-06-10 00:04:50 - [TEST_STEP][PASSED] - delay: Delayed 1 second(s)

2018-06-10 00:04:51 - [MESSAGE][PASSED] - Delayed 1 second(s)

2018-06-10 00:04:51 - [TEST_STEP][PASSED] - selectOptionByIndex: All options with index in [13] are selected on object 'Object Repository/DispensaryToStore/Page_Dispensary Store/select_--Select--Adernaline 0.'

2018-06-10 00:04:52 - [MESSAGE][PASSED] - All options with index in [13] are selected on object 'Object Repository/DispensaryToStore/Page_Dispensary Store/select_--Select--Adernaline 0.'

2018-06-10 00:04:52 - [TEST_STEP][PASSED] - delay: Delayed 1 second(s)

2018-06-10 00:04:53 - [MESSAGE][PASSED] - Delayed 1 second(s)

2018-06-10 00:04:53 - [TEST_STEP][PASSED] - setText: Text '10' is set on object 'Object Repository/DispensaryToStore/Page_Dispensary Store/input_txttreat'

2018-06-10 00:04:53 - [MESSAGE][PASSED] - Text '10' is set on object 'Object Repository/DispensaryToStore/Page_Dispensary Store/input_txttreat'

2018-06-10 00:04:53 - [TEST_STEP][PASSED] - click: Object: 'Object Repository/DispensaryToStore/Page_Dispensary Store/button_Add' is clicked on

2018-06-10 00:04:53 - [MESSAGE][PASSED] - Object: 'Object Repository/DispensaryToStore/Page_Dispensary Store/button_Add' is clicked on

2018-06-10 00:04:53 - [TEST_STEP][PASSED] - selectOptionByIndex: All options with index in [2] are selected on object 'Object Repository/DispensaryToStore/Page_Dispensary Store/select_--Select--Schedule 1Inj'

2018-06-10 00:04:53 - [MESSAGE][PASSED] - All options with index in [2] are selected on object 'Object Repository/DispensaryToStore/Page_Dispensary Store/select_--Select--Schedule 1Inj'

2018-06-10 00:04:53 - [TEST_STEP][PASSED] - delay: Delayed 1 second(s)

2018-06-10 00:04:54 - [MESSAGE][PASSED] - Delayed 1 second(s)

2018-06-10 00:04:54 - [TEST_STEP][PASSED] - selectOptionByIndex: All options with index in [14] are selected on object 'Object Repository/DispensaryToStore/Page_Dispensary Store/select_--Select--Adernaline 0.'

2018-06-10 00:04:54 - [MESSAGE][PASSED] - All options with index in [14] are selected on object 'Object Repository/DispensaryToStore/Page_Dispensary Store/select_--Select--Adernaline 0.'

2018-06-10 00:04:54 - [TEST_STEP][PASSED] - delay: Delayed 1 second(s)

2018-06-10 00:04:55 - [MESSAGE][PASSED] - Delayed 1 second(s)

2018-06-10 00:04:55 - [TEST_STEP][PASSED] - setText: Text '10' is set on object 'Object Repository/DispensaryToStore/Page_Dispensary Store/input_txttreat'

2018-06-10 00:04:55 - [MESSAGE][PASSED] - Text '10' is set on object 'Object Repository/DispensaryToStore/Page_Dispensary Store/input_txttreat'

2018-06-10 00:04:55 - [TEST_STEP][PASSED] - click: Object: 'Object Repository/DispensaryToStore/Page_Dispensary Store/button_Add' is clicked on

2018-06-10 00:04:55 - [MESSAGE][PASSED] - Object: 'Object Repository/DispensaryToStore/Page_Dispensary Store/button_Add' is clicked on

2018-06-10 00:04:55 - [TEST_STEP][PASSED] - selectOptionByIndex: All options with index in [2] are selected on object 'Object Repository/DispensaryToStore/Page_Dispensary Store/select_--Select--Schedule 1Inj'

2018-06-10 00:04:56 - [MESSAGE][PASSED] - All options with index in [2] are selected on object 'Object Repository/DispensaryToStore/Page_Dispensary Store/select_--Select--Schedule 1Inj'

2018-06-10 00:04:56 - [TEST_STEP][PASSED] - delay: Delayed 1 second(s)

2018-06-10 00:04:57 - [MESSAGE][PASSED] - Delayed 1 second(s)

2018-06-10 00:04:57 - [TEST_STEP][PASSED] - selectOptionByIndex: All options with index in [15] are selected on object 'Object Repository/DispensaryToStore/Page_Dispensary Store/select_--Select--Adernaline 0.'

2018-06-10 00:04:57 - [MESSAGE][PASSED] - All options with index in [15] are selected on object 'Object Repository/DispensaryToStore/Page_Dispensary Store/select_--Select--Adernaline 0.'

2018-06-10 00:04:57 - [TEST_STEP][PASSED] - delay: Delayed 1 second(s)

2018-06-10 00:04:58 - [MESSAGE][PASSED] - Delayed 1 second(s)

2018-06-10 00:04:58 - [TEST_STEP][PASSED] - setText: Text '10' is set on object 'Object Repository/DispensaryToStore/Page_Dispensary Store/input_txttreat'

2018-06-10 00:04:58 - [MESSAGE][PASSED] - Text '10' is set on object 'Object Repository/DispensaryToStore/Page_Dispensary Store/input_txttreat'

2018-06-10 00:04:58 - [TEST_STEP][PASSED] - click: Object: 'Object Repository/DispensaryToStore/Page_Dispensary Store/button_Add' is clicked on

2018-06-10 00:04:58 - [MESSAGE][PASSED] - Object: 'Object Repository/DispensaryToStore/Page_Dispensary Store/button_Add' is clicked on

2018-06-10 00:04:58 - [TEST_STEP][PASSED] - selectOptionByIndex: All options with index in [2] are selected on object 'Object Repository/DispensaryToStore/Page_Dispensary Store/select_--Select--Schedule 1Inj'

2018-06-10 00:04:58 - [MESSAGE][PASSED] - All options with index in [2] are selected on object 'Object Repository/DispensaryToStore/Page_Dispensary Store/select_--Select--Schedule 1Inj'

2018-06-10 00:04:58 - [TEST_STEP][PASSED] - delay: Delayed 1 second(s)

2018-06-10 00:04:59 - [MESSAGE][PASSED] - Delayed 1 second(s)

2018-06-10 00:04:59 - [TEST_STEP][PASSED] - selectOptionByIndex: All options with index in [16] are selected on object 'Object Repository/DispensaryToStore/Page_Dispensary Store/select_--Select--Adernaline 0.'

2018-06-10 00:04:59 - [MESSAGE][PASSED] - All options with index in [16] are selected on object 'Object Repository/DispensaryToStore/Page_Dispensary Store/select_--Select--Adernaline 0.'

2018-06-10 00:04:59 - [TEST_STEP][PASSED] - delay: Delayed 1 second(s)

2018-06-10 00:05:00 - [MESSAGE][PASSED] - Delayed 1 second(s)

2018-06-10 00:05:00 - [TEST_STEP][PASSED] - setText: Text '10' is set on object 'Object Repository/DispensaryToStore/Page_Dispensary Store/input_txttreat'

2018-06-10 00:05:01 - [MESSAGE][PASSED] - Text '10' is set on object 'Object Repository/DispensaryToStore/Page_Dispensary Store/input_txttreat'

2018-06-10 00:05:01 - [TEST_STEP][PASSED] - click: Object: 'Object Repository/DispensaryToStore/Page_Dispensary Store/button_Add' is clicked on

2018-06-10 00:05:01 - [MESSAGE][PASSED] - Object: 'Object Repository/DispensaryToStore/Page_Dispensary Store/button_Add' is clicked on

2018-06-10 00:05:01 - [TEST_STEP][PASSED] - selectOptionByIndex: All options with index in [2] are selected on object 'Object Repository/DispensaryToStore/Page_Dispensary Store/select_--Select--Schedule 1Inj'

2018-06-10 00:05:01 - [MESSAGE][PASSED] - All options with index in [2] are selected on object 'Object Repository/DispensaryToStore/Page_Dispensary Store/select_--Select--Schedule 1Inj'

2018-06-10 00:05:01 - [TEST_STEP][PASSED] - delay: Delayed 1 second(s)

2018-06-10 00:05:02 - [MESSAGE][PASSED] - Delayed 1 second(s)

2018-06-10 00:05:02 - [TEST_STEP][PASSED] - selectOptionByIndex: All options with index in [17] are selected on object 'Object Repository/DispensaryToStore/Page_Dispensary Store/select_--Select--Adernaline 0.'

2018-06-10 00:05:02 - [MESSAGE][PASSED] - All options with index in [17] are selected on object 'Object Repository/DispensaryToStore/Page_Dispensary Store/select_--Select--Adernaline 0.'

2018-06-10 00:05:02 - [TEST_STEP][PASSED] - delay: Delayed 1 second(s)

2018-06-10 00:05:03 - [MESSAGE][PASSED] - Delayed 1 second(s)

2018-06-10 00:05:03 - [TEST_STEP][PASSED] - setText: Text '10' is set on object 'Object Repository/DispensaryToStore/Page_Dispensary Store/input_txttreat'

2018-06-10 00:05:03 - [MESSAGE][PASSED] - Text '10' is set on object 'Object Repository/DispensaryToStore/Page_Dispensary Store/input_txttreat'

2018-06-10 00:05:03 - [TEST_STEP][PASSED] - click: Object: 'Object Repository/DispensaryToStore/Page_Dispensary Store/button_Add' is clicked on

2018-06-10 00:05:03 - [MESSAGE][PASSED] - Object: 'Object Repository/DispensaryToStore/Page_Dispensary Store/button_Add' is clicked on

2018-06-10 00:05:03 - [TEST_STEP][PASSED] - selectOptionByIndex: All options with index in [2] are selected on object 'Object Repository/DispensaryToStore/Page_Dispensary Store/select_--Select--Schedule 1Inj'

2018-06-10 00:05:03 - [MESSAGE][PASSED] - All options with index in [2] are selected on object 'Object Repository/DispensaryToStore/Page_Dispensary Store/select_--Select--Schedule 1Inj'

2018-06-10 00:05:03 - [TEST_STEP][PASSED] - delay: Delayed 1 second(s)

2018-06-10 00:05:04 - [MESSAGE][PASSED] - Delayed 1 second(s)

2018-06-10 00:05:04 - [TEST_STEP][PASSED] - selectOptionByIndex: All options with index in [18] are selected on object 'Object Repository/DispensaryToStore/Page_Dispensary Store/select_--Select--Adernaline 0.'

2018-06-10 00:05:05 - [MESSAGE][PASSED] - All options with index in [18] are selected on object 'Object Repository/DispensaryToStore/Page_Dispensary Store/select_--Select--Adernaline 0.'

2018-06-10 00:05:05 - [TEST_STEP][PASSED] - delay: Delayed 1 second(s)

2018-06-10 00:05:06 - [MESSAGE][PASSED] - Delayed 1 second(s)

2018-06-10 00:05:06 - [TEST_STEP][PASSED] - setText: Text '10' is set on object 'Object Repository/DispensaryToStore/Page_Dispensary Store/input_txttreat'

2018-06-10 00:05:06 - [MESSAGE][PASSED] - Text '10' is set on object 'Object Repository/DispensaryToStore/Page_Dispensary Store/input_txttreat'

2018-06-10 00:05:06 - [TEST_STEP][PASSED] - click: Object: 'Object Repository/DispensaryToStore/Page_Dispensary Store/button_Add' is clicked on

2018-06-10 00:05:06 - [MESSAGE][PASSED] - Object: 'Object Repository/DispensaryToStore/Page_Dispensary Store/button_Add' is clicked on

2018-06-10 00:05:06 - [TEST_STEP][PASSED] - selectOptionByIndex: All options with index in [2] are selected on object 'Object Repository/DispensaryToStore/Page_Dispensary Store/select_--Select--Schedule 1Inj'

2018-06-10 00:05:06 - [MESSAGE][PASSED] - All options with index in [2] are selected on object 'Object Repository/DispensaryToStore/Page_Dispensary Store/select_--Select--Schedule 1Inj'

2018-06-10 00:05:06 - [TEST_STEP][PASSED] - delay: Delayed 1 second(s)

2018-06-10 00:05:07 - [MESSAGE][PASSED] - Delayed 1 second(s)

2018-06-10 00:05:07 - [TEST_STEP][PASSED] - selectOptionByIndex: All options with index in [19] are selected on object 'Object Repository/DispensaryToStore/Page_Dispensary Store/select_--Select--Adernaline 0.'

2018-06-10 00:05:07 - [MESSAGE][PASSED] - All options with index in [19] are selected on object 'Object Repository/DispensaryToStore/Page_Dispensary Store/select_--Select--Adernaline 0.'

2018-06-10 00:05:07 - [TEST_STEP][PASSED] - delay: Delayed 1 second(s)

2018-06-10 00:05:08 - [MESSAGE][PASSED] - Delayed 1 second(s)

2018-06-10 00:05:08 - [TEST_STEP][PASSED] - setText: Text '10' is set on object 'Object Repository/DispensaryToStore/Page_Dispensary Store/input_txttreat'

2018-06-10 00:05:08 - [MESSAGE][PASSED] - Text '10' is set on object 'Object Repository/DispensaryToStore/Page_Dispensary Store/input_txttreat'

2018-06-10 00:05:08 - [TEST_STEP][PASSED] - click: Object: 'Object Repository/DispensaryToStore/Page_Dispensary Store/button_Add' is clicked on

2018-06-10 00:05:08 - [MESSAGE][PASSED] - Object: 'Object Repository/DispensaryToStore/Page_Dispensary Store/button_Add' is clicked on

2018-06-10 00:05:08 - [TEST_STEP][PASSED] - selectOptionByIndex: All options with index in [2] are selected on object 'Object Repository/DispensaryToStore/Page_Dispensary Store/select_--Select--Schedule 1Inj'

2018-06-10 00:05:09 - [MESSAGE][PASSED] - All options with index in [2] are selected on object 'Object Repository/DispensaryToStore/Page_Dispensary Store/select_--Select--Schedule 1Inj'

2018-06-10 00:05:09 - [TEST_STEP][PASSED] - delay: Delayed 1 second(s)

2018-06-10 00:05:10 - [MESSAGE][PASSED] - Delayed 1 second(s)

2018-06-10 00:05:10 - [TEST_STEP][PASSED] - selectOptionByIndex: All options with index in [20] are selected on object 'Object Repository/DispensaryToStore/Page_Dispensary Store/select_--Select--Adernaline 0.'

2018-06-10 00:05:10 - [MESSAGE][PASSED] - All options with index in [20] are selected on object 'Object Repository/DispensaryToStore/Page_Dispensary Store/select_--Select--Adernaline 0.'

2018-06-10 00:05:10 - [TEST_STEP][PASSED] - delay: Delayed 1 second(s)

2018-06-10 00:05:11 - [MESSAGE][PASSED] - Delayed 1 second(s)

2018-06-10 00:05:11 - [TEST_STEP][PASSED] - setText: Text '10' is set on object 'Object Repository/DispensaryToStore/Page_Dispensary Store/input_txttreat'

2018-06-10 00:05:11 - [MESSAGE][PASSED] - Text '10' is set on object 'Object Repository/DispensaryToStore/Page_Dispensary Store/input_txttreat'

2018-06-10 00:05:11 - [TEST_STEP][PASSED] - click: Object: 'Object Repository/DispensaryToStore/Page_Dispensary Store/button_Add' is clicked on

2018-06-10 00:05:11 - [MESSAGE][PASSED] - Object: 'Object Repository/DispensaryToStore/Page_Dispensary Store/button_Add' is clicked on

2018-06-10 00:05:11 - [TEST_STEP][PASSED] - selectOptionByIndex: All options with index in [2] are selected on object 'Object Repository/DispensaryToStore/Page_Dispensary Store/select_--Select--Schedule 1Inj'

2018-06-10 00:05:11 - [MESSAGE][PASSED] - All options with index in [2] are selected on object 'Object Repository/DispensaryToStore/Page_Dispensary Store/select_--Select--Schedule 1Inj'

2018-06-10 00:05:11 - [TEST_STEP][PASSED] - delay: Delayed 1 second(s)

2018-06-10 00:05:12 - [MESSAGE][PASSED] - Delayed 1 second(s)

2018-06-10 00:05:12 - [TEST_STEP][PASSED] - selectOptionByIndex: All options with index in [21] are selected on object 'Object Repository/DispensaryToStore/Page_Dispensary Store/select_--Select--Adernaline 0.'

2018-06-10 00:05:13 - [MESSAGE][PASSED] - All options with index in [21] are selected on object 'Object Repository/DispensaryToStore/Page_Dispensary Store/select_--Select--Adernaline 0.'

2018-06-10 00:05:13 - [TEST_STEP][PASSED] - delay: Delayed 1 second(s)

2018-06-10 00:05:14 - [MESSAGE][PASSED] - Delayed 1 second(s)

2018-06-10 00:05:14 - [TEST_STEP][PASSED] - setText: Text '10' is set on object 'Object Repository/DispensaryToStore/Page_Dispensary Store/input_txttreat'

2018-06-10 00:05:14 - [MESSAGE][PASSED] - Text '10' is set on object 'Object Repository/DispensaryToStore/Page_Dispensary Store/input_txttreat'

2018-06-10 00:05:14 - [TEST_STEP][PASSED] - click: Object: 'Object Repository/DispensaryToStore/Page_Dispensary Store/button_Add' is clicked on

2018-06-10 00:05:14 - [MESSAGE][PASSED] - Object: 'Object Repository/DispensaryToStore/Page_Dispensary Store/button_Add' is clicked on

2018-06-10 00:05:14 - [TEST_STEP][PASSED] - selectOptionByIndex: All options with index in [2] are selected on object 'Object Repository/DispensaryToStore/Page_Dispensary Store/select_--Select--Schedule 1Inj'

2018-06-10 00:05:14 - [MESSAGE][PASSED] - All options with index in [2] are selected on object 'Object Repository/DispensaryToStore/Page_Dispensary Store/select_--Select--Schedule 1Inj'

2018-06-10 00:05:14 - [TEST_STEP][PASSED] - delay: Delayed 1 second(s)

2018-06-10 00:05:15 - [MESSAGE][PASSED] - Delayed 1 second(s)

2018-06-10 00:05:15 - [TEST_STEP][PASSED] - selectOptionByIndex: All options with index in [22] are selected on object 'Object Repository/DispensaryToStore/Page_Dispensary Store/select_--Select--Adernaline 0.'

2018-06-10 00:05:15 - [MESSAGE][PASSED] - All options with index in [22] are selected on object 'Object Repository/DispensaryToStore/Page_Dispensary Store/select_--Select--Adernaline 0.'

2018-06-10 00:05:15 - [TEST_STEP][PASSED] - delay: Delayed 1 second(s)

2018-06-10 00:05:16 - [MESSAGE][PASSED] - Delayed 1 second(s)

2018-06-10 00:05:16 - [TEST_STEP][PASSED] - setText: Text '10' is set on object 'Object Repository/DispensaryToStore/Page_Dispensary Store/input_txttreat'

2018-06-10 00:05:16 - [MESSAGE][PASSED] - Text '10' is set on object 'Object Repository/DispensaryToStore/Page_Dispensary Store/input_txttreat'

2018-06-10 00:05:16 - [TEST_STEP][PASSED] - click: Object: 'Object Repository/DispensaryToStore/Page_Dispensary Store/button_Add' is clicked on

2018-06-10 00:05:16 - [MESSAGE][PASSED] - Object: 'Object Repository/DispensaryToStore/Page_Dispensary Store/button_Add' is clicked on

2018-06-10 00:05:16 - [TEST_STEP][PASSED] - selectOptionByIndex: All options with index in [2] are selected on object 'Object Repository/DispensaryToStore/Page_Dispensary Store/select_--Select--Schedule 1Inj'

2018-06-10 00:05:17 - [MESSAGE][PASSED] - All options with index in [2] are selected on object 'Object Repository/DispensaryToStore/Page_Dispensary Store/select_--Select--Schedule 1Inj'

2018-06-10 00:05:17 - [TEST_STEP][PASSED] - delay: Delayed 1 second(s)

2018-06-10 00:05:18 - [MESSAGE][PASSED] - Delayed 1 second(s)

2018-06-10 00:05:18 - [TEST_STEP][PASSED] - selectOptionByIndex: All options with index in [23] are selected on object 'Object Repository/DispensaryToStore/Page_Dispensary Store/select_--Select--Adernaline 0.'

2018-06-10 00:05:18 - [MESSAGE][PASSED] - All options with index in [23] are selected on object 'Object Repository/DispensaryToStore/Page_Dispensary Store/select_--Select--Adernaline 0.'

2018-06-10 00:05:18 - [TEST_STEP][PASSED] - delay: Delayed 1 second(s)

2018-06-10 00:05:19 - [MESSAGE][PASSED] - Delayed 1 second(s)

2018-06-10 00:05:19 - [TEST_STEP][PASSED] - setText: Text '10' is set on object 'Object Repository/DispensaryToStore/Page_Dispensary Store/input_txttreat'

2018-06-10 00:05:19 - [MESSAGE][PASSED] - Text '10' is set on object 'Object Repository/DispensaryToStore/Page_Dispensary Store/input_txttreat'

2018-06-10 00:05:19 - [TEST_STEP][PASSED] - click: Object: 'Object Repository/DispensaryToStore/Page_Dispensary Store/button_Add' is clicked on

2018-06-10 00:05:19 - [MESSAGE][PASSED] - Object: 'Object Repository/DispensaryToStore/Page_Dispensary Store/button_Add' is clicked on

2018-06-10 00:05:19 - [TEST_STEP][PASSED] - selectOptionByIndex: All options with index in [2] are selected on object 'Object Repository/DispensaryToStore/Page_Dispensary Store/select_--Select--Schedule 1Inj'

2018-06-10 00:05:19 - [MESSAGE][PASSED] - All options with index in [2] are selected on object 'Object Repository/DispensaryToStore/Page_Dispensary Store/select_--Select--Schedule 1Inj'

2018-06-10 00:05:19 - [TEST_STEP][PASSED] - delay: Delayed 1 second(s)

2018-06-10 00:05:20 - [MESSAGE][PASSED] - Delayed 1 second(s)

2018-06-10 00:05:20 - [TEST_STEP][PASSED] - selectOptionByIndex: All options with index in [24] are selected on object 'Object Repository/DispensaryToStore/Page_Dispensary Store/select_--Select--Adernaline 0.'

2018-06-10 00:05:21 - [MESSAGE][PASSED] - All options with index in [24] are selected on object 'Object Repository/DispensaryToStore/Page_Dispensary Store/select_--Select--Adernaline 0.'

2018-06-10 00:05:21 - [TEST_STEP][PASSED] - delay: Delayed 1 second(s)

2018-06-10 00:05:22 - [MESSAGE][PASSED] - Delayed 1 second(s)

2018-06-10 00:05:22 - [TEST_STEP][PASSED] - setText: Text '10' is set on object 'Object Repository/DispensaryToStore/Page_Dispensary Store/input_txttreat'

2018-06-10 00:05:22 - [MESSAGE][PASSED] - Text '10' is set on object 'Object Repository/DispensaryToStore/Page_Dispensary Store/input_txttreat'

2018-06-10 00:05:22 - [TEST_STEP][PASSED] - click: Object: 'Object Repository/DispensaryToStore/Page_Dispensary Store/button_Add' is clicked on

2018-06-10 00:05:22 - [MESSAGE][PASSED] - Object: 'Object Repository/DispensaryToStore/Page_Dispensary Store/button_Add' is clicked on

2018-06-10 00:05:22 - [TEST_STEP][PASSED] - selectOptionByIndex: All options with index in [2] are selected on object 'Object Repository/DispensaryToStore/Page_Dispensary Store/select_--Select--Schedule 1Inj'

2018-06-10 00:05:22 - [MESSAGE][PASSED] - All options with index in [2] are selected on object 'Object Repository/DispensaryToStore/Page_Dispensary Store/select_--Select--Schedule 1Inj'

2018-06-10 00:05:22 - [TEST_STEP][PASSED] - delay: Delayed 1 second(s)

2018-06-10 00:05:23 - [MESSAGE][PASSED] - Delayed 1 second(s)

2018-06-10 00:05:23 - [TEST_STEP][PASSED] - selectOptionByIndex: All options with index in [25] are selected on object 'Object Repository/DispensaryToStore/Page_Dispensary Store/select_--Select--Adernaline 0.'

2018-06-10 00:05:23 - [MESSAGE][PASSED] - All options with index in [25] are selected on object 'Object Repository/DispensaryToStore/Page_Dispensary Store/select_--Select--Adernaline 0.'

2018-06-10 00:05:23 - [TEST_STEP][PASSED] - delay: Delayed 1 second(s)

2018-06-10 00:05:24 - [MESSAGE][PASSED] - Delayed 1 second(s)

2018-06-10 00:05:24 - [TEST_STEP][PASSED] - setText: Text '10' is set on object 'Object Repository/DispensaryToStore/Page_Dispensary Store/input_txttreat'

2018-06-10 00:05:24 - [MESSAGE][PASSED] - Text '10' is set on object 'Object Repository/DispensaryToStore/Page_Dispensary Store/input_txttreat'

2018-06-10 00:05:24 - [TEST_STEP][PASSED] - click: Object: 'Object Repository/DispensaryToStore/Page_Dispensary Store/button_Add' is clicked on

2018-06-10 00:05:24 - [MESSAGE][PASSED] - Object: 'Object Repository/DispensaryToStore/Page_Dispensary Store/button_Add' is clicked on

2018-06-10 00:05:24 - [TEST_STEP][PASSED] - selectOptionByIndex: All options with index in [2] are selected on object 'Object Repository/DispensaryToStore/Page_Dispensary Store/select_--Select--Schedule 1Inj'

2018-06-10 00:05:25 - [MESSAGE][PASSED] - All options with index in [2] are selected on object 'Object Repository/DispensaryToStore/Page_Dispensary Store/select_--Select--Schedule 1Inj'

2018-06-10 00:05:25 - [TEST_STEP][PASSED] - delay: Delayed 1 second(s)

2018-06-10 00:05:26 - [MESSAGE][PASSED] - Delayed 1 second(s)

2018-06-10 00:05:26 - [TEST_STEP][PASSED] - selectOptionByIndex: All options with index in [26] are selected on object 'Object Repository/DispensaryToStore/Page_Dispensary Store/select_--Select--Adernaline 0.'

2018-06-10 00:05:26 - [MESSAGE][PASSED] - All options with index in [26] are selected on object 'Object Repository/DispensaryToStore/Page_Dispensary Store/select_--Select--Adernaline 0.'

2018-06-10 00:05:26 - [TEST_STEP][PASSED] - delay: Delayed 1 second(s)

2018-06-10 00:05:27 - [MESSAGE][PASSED] - Delayed 1 second(s)

2018-06-10 00:05:27 - [TEST_STEP][PASSED] - setText: Text '10' is set on object 'Object Repository/DispensaryToStore/Page_Dispensary Store/input_txttreat'

2018-06-10 00:05:27 - [MESSAGE][PASSED] - Text '10' is set on object 'Object Repository/DispensaryToStore/Page_Dispensary Store/input_txttreat'

2018-06-10 00:05:27 - [TEST_STEP][PASSED] - click: Object: 'Object Repository/DispensaryToStore/Page_Dispensary Store/button_Add' is clicked on

2018-06-10 00:05:27 - [MESSAGE][PASSED] - Object: 'Object Repository/DispensaryToStore/Page_Dispensary Store/button_Add' is clicked on

2018-06-10 00:05:27 - [TEST_STEP][PASSED] - selectOptionByIndex: All options with index in [2] are selected on object 'Object Repository/DispensaryToStore/Page_Dispensary Store/select_--Select--Schedule 1Inj'

2018-06-10 00:05:27 - [MESSAGE][PASSED] - All options with index in [2] are selected on object 'Object Repository/DispensaryToStore/Page_Dispensary Store/select_--Select--Schedule 1Inj'

2018-06-10 00:05:27 - [TEST_STEP][PASSED] - delay: Delayed 1 second(s)

2018-06-10 00:05:28 - [MESSAGE][PASSED] - Delayed 1 second(s)

2018-06-10 00:05:28 - [TEST_STEP][PASSED] - selectOptionByIndex: All options with index in [27] are selected on object 'Object Repository/DispensaryToStore/Page_Dispensary Store/select_--Select--Adernaline 0.'

2018-06-10 00:05:29 - [MESSAGE][PASSED] - All options with index in [27] are selected on object 'Object Repository/DispensaryToStore/Page_Dispensary Store/select_--Select--Adernaline 0.'

2018-06-10 00:05:29 - [TEST_STEP][PASSED] - delay: Delayed 1 second(s)

2018-06-10 00:05:30 - [MESSAGE][PASSED] - Delayed 1 second(s)

2018-06-10 00:05:30 - [TEST_STEP][PASSED] - setText: Text '10' is set on object 'Object Repository/DispensaryToStore/Page_Dispensary Store/input_txttreat'

2018-06-10 00:05:30 - [MESSAGE][PASSED] - Text '10' is set on object 'Object Repository/DispensaryToStore/Page_Dispensary Store/input_txttreat'

2018-06-10 00:05:30 - [TEST_STEP][PASSED] - click: Object: 'Object Repository/DispensaryToStore/Page_Dispensary Store/button_Add' is clicked on

2018-06-10 00:05:30 - [MESSAGE][PASSED] - Object: 'Object Repository/DispensaryToStore/Page_Dispensary Store/button_Add' is clicked on

2018-06-10 00:05:30 - [TEST_STEP][PASSED] - selectOptionByIndex: All options with index in [2] are selected on object 'Object Repository/DispensaryToStore/Page_Dispensary Store/select_--Select--Schedule 1Inj'

2018-06-10 00:05:30 - [MESSAGE][PASSED] - All options with index in [2] are selected on object 'Object Repository/DispensaryToStore/Page_Dispensary Store/select_--Select--Schedule 1Inj'

2018-06-10 00:05:30 - [TEST_STEP][PASSED] - delay: Delayed 1 second(s)

2018-06-10 00:05:31 - [MESSAGE][PASSED] - Delayed 1 second(s)

2018-06-10 00:05:31 - [TEST_STEP][PASSED] - selectOptionByIndex: All options with index in [28] are selected on object 'Object Repository/DispensaryToStore/Page_Dispensary Store/select_--Select--Adernaline 0.'

2018-06-10 00:05:31 - [MESSAGE][PASSED] - All options with index in [28] are selected on object 'Object Repository/DispensaryToStore/Page_Dispensary Store/select_--Select--Adernaline 0.'

2018-06-10 00:05:31 - [TEST_STEP][PASSED] - delay: Delayed 1 second(s)

2018-06-10 00:05:32 - [MESSAGE][PASSED] - Delayed 1 second(s)

2018-06-10 00:05:32 - [TEST_STEP][PASSED] - setText: Text '10' is set on object 'Object Repository/DispensaryToStore/Page_Dispensary Store/input_txttreat'

2018-06-10 00:05:32 - [MESSAGE][PASSED] - Text '10' is set on object 'Object Repository/DispensaryToStore/Page_Dispensary Store/input_txttreat'

2018-06-10 00:05:32 - [TEST_STEP][PASSED] - click: Object: 'Object Repository/DispensaryToStore/Page_Dispensary Store/button_Add' is clicked on

2018-06-10 00:05:33 - [MESSAGE][PASSED] - Object: 'Object Repository/DispensaryToStore/Page_Dispensary Store/button_Add' is clicked on

2018-06-10 00:05:33 - [TEST_STEP][PASSED] - selectOptionByIndex: All options with index in [2] are selected on object 'Object Repository/DispensaryToStore/Page_Dispensary Store/select_--Select--Schedule 1Inj'

2018-06-10 00:05:33 - [MESSAGE][PASSED] - All options with index in [2] are selected on object 'Object Repository/DispensaryToStore/Page_Dispensary Store/select_--Select--Schedule 1Inj'

2018-06-10 00:05:33 - [TEST_STEP][PASSED] - delay: Delayed 1 second(s)

2018-06-10 00:05:34 - [MESSAGE][PASSED] - Delayed 1 second(s)

2018-06-10 00:05:34 - [TEST_STEP][PASSED] - selectOptionByIndex: All options with index in [29] are selected on object 'Object Repository/DispensaryToStore/Page_Dispensary Store/select_--Select--Adernaline 0.'

2018-06-10 00:05:34 - [MESSAGE][PASSED] - All options with index in [29] are selected on object 'Object Repository/DispensaryToStore/Page_Dispensary Store/select_--Select--Adernaline 0.'

2018-06-10 00:05:34 - [TEST_STEP][PASSED] - delay: Delayed 1 second(s)

2018-06-10 00:05:35 - [MESSAGE][PASSED] - Delayed 1 second(s)

2018-06-10 00:05:35 - [TEST_STEP][PASSED] - setText: Text '10' is set on object 'Object Repository/DispensaryToStore/Page_Dispensary Store/input_txttreat'

2018-06-10 00:05:35 - [MESSAGE][PASSED] - Text '10' is set on object 'Object Repository/DispensaryToStore/Page_Dispensary Store/input_txttreat'

2018-06-10 00:05:35 - [TEST_STEP][PASSED] - click: Object: 'Object Repository/DispensaryToStore/Page_Dispensary Store/button_Add' is clicked on

2018-06-10 00:05:35 - [MESSAGE][PASSED] - Object: 'Object Repository/DispensaryToStore/Page_Dispensary Store/button_Add' is clicked on

2018-06-10 00:05:35 - [TEST_STEP][PASSED] - selectOptionByIndex: All options with index in [2] are selected on object 'Object Repository/DispensaryToStore/Page_Dispensary Store/select_--Select--Schedule 1Inj'

2018-06-10 00:05:35 - [MESSAGE][PASSED] - All options with index in [2] are selected on object 'Object Repository/DispensaryToStore/Page_Dispensary Store/select_--Select--Schedule 1Inj'

2018-06-10 00:05:35 - [TEST_STEP][PASSED] - delay: Delayed 1 second(s)

2018-06-10 00:05:36 - [MESSAGE][PASSED] - Delayed 1 second(s)

2018-06-10 00:05:36 - [TEST_STEP][PASSED] - selectOptionByIndex: All options with index in [30] are selected on object 'Object Repository/DispensaryToStore/Page_Dispensary Store/select_--Select--Adernaline 0.'

2018-06-10 00:05:37 - [MESSAGE][PASSED] - All options with index in [30] are selected on object 'Object Repository/DispensaryToStore/Page_Dispensary Store/select_--Select--Adernaline 0.'

2018-06-10 00:05:37 - [TEST_STEP][PASSED] - delay: Delayed 1 second(s)

2018-06-10 00:05:38 - [MESSAGE][PASSED] - Delayed 1 second(s)

2018-06-10 00:05:38 - [TEST_STEP][PASSED] - setText: Text '10' is set on object 'Object Repository/DispensaryToStore/Page_Dispensary Store/input_txttreat'

2018-06-10 00:05:38 - [MESSAGE][PASSED] - Text '10' is set on object 'Object Repository/DispensaryToStore/Page_Dispensary Store/input_txttreat'

2018-06-10 00:05:38 - [TEST_STEP][PASSED] - click: Object: 'Object Repository/DispensaryToStore/Page_Dispensary Store/button_Add' is clicked on

2018-06-10 00:05:38 - [MESSAGE][PASSED] - Object: 'Object Repository/DispensaryToStore/Page_Dispensary Store/button_Add' is clicked on

2018-06-10 00:05:38 - [TEST_STEP][PASSED] - selectOptionByIndex: All options with index in [2] are selected on object 'Object Repository/DispensaryToStore/Page_Dispensary Store/select_--Select--Schedule 1Inj'

2018-06-10 00:05:38 - [MESSAGE][PASSED] - All options with index in [2] are selected on object 'Object Repository/DispensaryToStore/Page_Dispensary Store/select_--Select--Schedule 1Inj'

2018-06-10 00:05:38 - [TEST_STEP][PASSED] - delay: Delayed 1 second(s)

2018-06-10 00:05:39 - [MESSAGE][PASSED] - Delayed 1 second(s)

2018-06-10 00:05:39 - [TEST_STEP][PASSED] - selectOptionByIndex: All options with index in [31] are selected on object 'Object Repository/DispensaryToStore/Page_Dispensary Store/select_--Select--Adernaline 0.'

2018-06-10 00:05:40 - [MESSAGE][PASSED] - All options with index in [31] are selected on object 'Object Repository/DispensaryToStore/Page_Dispensary Store/select_--Select--Adernaline 0.'

2018-06-10 00:05:40 - [TEST_STEP][PASSED] - delay: Delayed 1 second(s)

2018-06-10 00:05:41 - [MESSAGE][PASSED] - Delayed 1 second(s)

2018-06-10 00:05:41 - [TEST_STEP][PASSED] - setText: Text '10' is set on object 'Object Repository/DispensaryToStore/Page_Dispensary Store/input_txttreat'

2018-06-10 00:05:41 - [MESSAGE][PASSED] - Text '10' is set on object 'Object Repository/DispensaryToStore/Page_Dispensary Store/input_txttreat'

2018-06-10 00:05:41 - [TEST_STEP][PASSED] - click: Object: 'Object Repository/DispensaryToStore/Page_Dispensary Store/button_Add' is clicked on

2018-06-10 00:05:41 - [MESSAGE][PASSED] - Object: 'Object Repository/DispensaryToStore/Page_Dispensary Store/button_Add' is clicked on

2018-06-10 00:05:41 - [TEST_STEP][PASSED] - selectOptionByIndex: All options with index in [2] are selected on object 'Object Repository/DispensaryToStore/Page_Dispensary Store/select_--Select--Schedule 1Inj'

2018-06-10 00:05:41 - [MESSAGE][PASSED] - All options with index in [2] are selected on object 'Object Repository/DispensaryToStore/Page_Dispensary Store/select_--Select--Schedule 1Inj'

2018-06-10 00:05:41 - [TEST_STEP][PASSED] - delay: Delayed 1 second(s)

2018-06-10 00:05:42 - [MESSAGE][PASSED] - Delayed 1 second(s)

2018-06-10 00:05:42 - [TEST_STEP][PASSED] - selectOptionByIndex: All options with index in [32] are selected on object 'Object Repository/DispensaryToStore/Page_Dispensary Store/select_--Select--Adernaline 0.'

2018-06-10 00:05:42 - [MESSAGE][PASSED] - All options with index in [32] are selected on object 'Object Repository/DispensaryToStore/Page_Dispensary Store/select_--Select--Adernaline 0.'

2018-06-10 00:05:42 - [TEST_STEP][PASSED] - delay: Delayed 1 second(s)

2018-06-10 00:05:43 - [MESSAGE][PASSED] - Delayed 1 second(s)

2018-06-10 00:05:43 - [TEST_STEP][PASSED] - setText: Text '10' is set on object 'Object Repository/DispensaryToStore/Page_Dispensary Store/input_txttreat'

2018-06-10 00:05:43 - [MESSAGE][PASSED] - Text '10' is set on object 'Object Repository/DispensaryToStore/Page_Dispensary Store/input_txttreat'

2018-06-10 00:05:43 - [TEST_STEP][PASSED] - click: Object: 'Object Repository/DispensaryToStore/Page_Dispensary Store/button_Add' is clicked on

2018-06-10 00:05:44 - [MESSAGE][PASSED] - Object: 'Object Repository/DispensaryToStore/Page_Dispensary Store/button_Add' is clicked on

2018-06-10 00:05:44 - [TEST_STEP][PASSED] - selectOptionByIndex: All options with index in [2] are selected on object 'Object Repository/DispensaryToStore/Page_Dispensary Store/select_--Select--Schedule 1Inj'

2018-06-10 00:05:44 - [MESSAGE][PASSED] - All options with index in [2] are selected on object 'Object Repository/DispensaryToStore/Page_Dispensary Store/select_--Select--Schedule 1Inj'

2018-06-10 00:05:44 - [TEST_STEP][PASSED] - delay: Delayed 1 second(s)

2018-06-10 00:05:45 - [MESSAGE][PASSED] - Delayed 1 second(s)

2018-06-10 00:05:45 - [TEST_STEP][PASSED] - selectOptionByIndex: All options with index in [33] are selected on object 'Object Repository/DispensaryToStore/Page_Dispensary Store/select_--Select--Adernaline 0.'

2018-06-10 00:05:45 - [MESSAGE][PASSED] - All options with index in [33] are selected on object 'Object Repository/DispensaryToStore/Page_Dispensary Store/select_--Select--Adernaline 0.'

2018-06-10 00:05:45 - [TEST_STEP][PASSED] - delay: Delayed 1 second(s)

2018-06-10 00:05:46 - [MESSAGE][PASSED] - Delayed 1 second(s)

2018-06-10 00:05:46 - [TEST_STEP][PASSED] - setText: Text '10' is set on object 'Object Repository/DispensaryToStore/Page_Dispensary Store/input_txttreat'

2018-06-10 00:05:46 - [MESSAGE][PASSED] - Text '10' is set on object 'Object Repository/DispensaryToStore/Page_Dispensary Store/input_txttreat'

2018-06-10 00:05:46 - [TEST_STEP][PASSED] - click: Object: 'Object Repository/DispensaryToStore/Page_Dispensary Store/button_Add' is clicked on

2018-06-10 00:05:46 - [MESSAGE][PASSED] - Object: 'Object Repository/DispensaryToStore/Page_Dispensary Store/button_Add' is clicked on

2018-06-10 00:05:46 - [TEST_STEP][PASSED] - selectOptionByIndex: All options with index in [2] are selected on object 'Object Repository/DispensaryToStore/Page_Dispensary Store/select_--Select--Schedule 1Inj'

2018-06-10 00:05:47 - [MESSAGE][PASSED] - All options with index in [2] are selected on object 'Object Repository/DispensaryToStore/Page_Dispensary Store/select_--Select--Schedule 1Inj'

2018-06-10 00:05:47 - [TEST_STEP][PASSED] - delay: Delayed 1 second(s)

2018-06-10 00:05:48 - [MESSAGE][PASSED] - Delayed 1 second(s)

2018-06-10 00:05:48 - [TEST_STEP][PASSED] - selectOptionByIndex: All options with index in [34] are selected on object 'Object Repository/DispensaryToStore/Page_Dispensary Store/select_--Select--Adernaline 0.'

2018-06-10 00:05:48 - [MESSAGE][PASSED] - All options with index in [34] are selected on object 'Object Repository/DispensaryToStore/Page_Dispensary Store/select_--Select--Adernaline 0.'

2018-06-10 00:05:48 - [TEST_STEP][PASSED] - delay: Delayed 1 second(s)

2018-06-10 00:05:49 - [MESSAGE][PASSED] - Delayed 1 second(s)

2018-06-10 00:05:49 - [TEST_STEP][PASSED] - setText: Text '10' is set on object 'Object Repository/DispensaryToStore/Page_Dispensary Store/input_txttreat'

2018-06-10 00:05:49 - [MESSAGE][PASSED] - Text '10' is set on object 'Object Repository/DispensaryToStore/Page_Dispensary Store/input_txttreat'

2018-06-10 00:05:49 - [TEST_STEP][PASSED] - click: Object: 'Object Repository/DispensaryToStore/Page_Dispensary Store/button_Add' is clicked on

2018-06-10 00:05:49 - [MESSAGE][PASSED] - Object: 'Object Repository/DispensaryToStore/Page_Dispensary Store/button_Add' is clicked on

2018-06-10 00:05:49 - [TEST_STEP][PASSED] - selectOptionByIndex: All options with index in [2] are selected on object 'Object Repository/DispensaryToStore/Page_Dispensary Store/select_--Select--Schedule 1Inj'

2018-06-10 00:05:49 - [MESSAGE][PASSED] - All options with index in [2] are selected on object 'Object Repository/DispensaryToStore/Page_Dispensary Store/select_--Select--Schedule 1Inj'

2018-06-10 00:05:49 - [TEST_STEP][PASSED] - delay: Delayed 1 second(s)

2018-06-10 00:05:50 - [MESSAGE][PASSED] - Delayed 1 second(s)

2018-06-10 00:05:50 - [TEST_STEP][PASSED] - selectOptionByIndex: All options with index in [35] are selected on object 'Object Repository/DispensaryToStore/Page_Dispensary Store/select_--Select--Adernaline 0.'

2018-06-10 00:05:51 - [MESSAGE][PASSED] - All options with index in [35] are selected on object 'Object Repository/DispensaryToStore/Page_Dispensary Store/select_--Select--Adernaline 0.'

2018-06-10 00:05:51 - [TEST_STEP][PASSED] - delay: Delayed 1 second(s)

2018-06-10 00:05:52 - [MESSAGE][PASSED] - Delayed 1 second(s)

2018-06-10 00:05:52 - [TEST_STEP][PASSED] - setText: Text '10' is set on object 'Object Repository/DispensaryToStore/Page_Dispensary Store/input_txttreat'

2018-06-10 00:05:52 - [MESSAGE][PASSED] - Text '10' is set on object 'Object Repository/DispensaryToStore/Page_Dispensary Store/input_txttreat'

2018-06-10 00:05:52 - [TEST_STEP][PASSED] - click: Object: 'Object Repository/DispensaryToStore/Page_Dispensary Store/button_Add' is clicked on

2018-06-10 00:05:52 - [MESSAGE][PASSED] - Object: 'Object Repository/DispensaryToStore/Page_Dispensary Store/button_Add' is clicked on

2018-06-10 00:05:52 - [TEST_STEP][PASSED] - selectOptionByIndex: All options with index in [2] are selected on object 'Object Repository/DispensaryToStore/Page_Dispensary Store/select_--Select--Schedule 1Inj'

2018-06-10 00:05:52 - [MESSAGE][PASSED] - All options with index in [2] are selected on object 'Object Repository/DispensaryToStore/Page_Dispensary Store/select_--Select--Schedule 1Inj'

2018-06-10 00:05:52 - [TEST_STEP][PASSED] - delay: Delayed 1 second(s)

2018-06-10 00:05:53 - [MESSAGE][PASSED] - Delayed 1 second(s)

2018-06-10 00:05:53 - [TEST_STEP][PASSED] - selectOptionByIndex: All options with index in [36] are selected on object 'Object Repository/DispensaryToStore/Page_Dispensary Store/select_--Select--Adernaline 0.'

2018-06-10 00:05:54 - [MESSAGE][PASSED] - All options with index in [36] are selected on object 'Object Repository/DispensaryToStore/Page_Dispensary Store/select_--Select--Adernaline 0.'

2018-06-10 00:05:54 - [TEST_STEP][PASSED] - delay: Delayed 1 second(s)

2018-06-10 00:05:55 - [MESSAGE][PASSED] - Delayed 1 second(s)

2018-06-10 00:05:55 - [TEST_STEP][PASSED] - setText: Text '10' is set on object 'Object Repository/DispensaryToStore/Page_Dispensary Store/input_txttreat'

2018-06-10 00:05:55 - [MESSAGE][PASSED] - Text '10' is set on object 'Object Repository/DispensaryToStore/Page_Dispensary Store/input_txttreat'

2018-06-10 00:05:55 - [TEST_STEP][PASSED] - click: Object: 'Object Repository/DispensaryToStore/Page_Dispensary Store/button_Add' is clicked on

2018-06-10 00:05:55 - [MESSAGE][PASSED] - Object: 'Object Repository/DispensaryToStore/Page_Dispensary Store/button_Add' is clicked on

2018-06-10 00:05:55 - [TEST_STEP][PASSED] - selectOptionByIndex: All options with index in [2] are selected on object 'Object Repository/DispensaryToStore/Page_Dispensary Store/select_--Select--Schedule 1Inj'

2018-06-10 00:05:55 - [MESSAGE][PASSED] - All options with index in [2] are selected on object 'Object Repository/DispensaryToStore/Page_Dispensary Store/select_--Select--Schedule 1Inj'

2018-06-10 00:05:55 - [TEST_STEP][PASSED] - delay: Delayed 1 second(s)

2018-06-10 00:05:56 - [MESSAGE][PASSED] - Delayed 1 second(s)

2018-06-10 00:05:56 - [TEST_STEP][PASSED] - selectOptionByIndex: All options with index in [37] are selected on object 'Object Repository/DispensaryToStore/Page_Dispensary Store/select_--Select--Adernaline 0.'

2018-06-10 00:05:56 - [MESSAGE][PASSED] - All options with index in [37] are selected on object 'Object Repository/DispensaryToStore/Page_Dispensary Store/select_--Select--Adernaline 0.'

2018-06-10 00:05:56 - [TEST_STEP][PASSED] - delay: Delayed 1 second(s)

2018-06-10 00:05:57 - [MESSAGE][PASSED] - Delayed 1 second(s)

2018-06-10 00:05:57 - [TEST_STEP][PASSED] - setText: Text '10' is set on object 'Object Repository/DispensaryToStore/Page_Dispensary Store/input_txttreat'

2018-06-10 00:05:58 - [MESSAGE][PASSED] - Text '10' is set on object 'Object Repository/DispensaryToStore/Page_Dispensary Store/input_txttreat'

2018-06-10 00:05:58 - [TEST_STEP][PASSED] - click: Object: 'Object Repository/DispensaryToStore/Page_Dispensary Store/button_Add' is clicked on

2018-06-10 00:05:58 - [MESSAGE][PASSED] - Object: 'Object Repository/DispensaryToStore/Page_Dispensary Store/button_Add' is clicked on

2018-06-10 00:05:58 - [TEST_STEP][PASSED] - selectOptionByIndex: All options with index in [2] are selected on object 'Object Repository/DispensaryToStore/Page_Dispensary Store/select_--Select--Schedule 1Inj'

2018-06-10 00:05:58 - [MESSAGE][PASSED] - All options with index in [2] are selected on object 'Object Repository/DispensaryToStore/Page_Dispensary Store/select_--Select--Schedule 1Inj'

2018-06-10 00:05:58 - [TEST_STEP][PASSED] - delay: Delayed 1 second(s)

2018-06-10 00:05:59 - [MESSAGE][PASSED] - Delayed 1 second(s)

2018-06-10 00:05:59 - [TEST_STEP][PASSED] - selectOptionByIndex: All options with index in [38] are selected on object 'Object Repository/DispensaryToStore/Page_Dispensary Store/select_--Select--Adernaline 0.'

2018-06-10 00:05:59 - [MESSAGE][PASSED] - All options with index in [38] are selected on object 'Object Repository/DispensaryToStore/Page_Dispensary Store/select_--Select--Adernaline 0.'

2018-06-10 00:05:59 - [TEST_STEP][PASSED] - delay: Delayed 1 second(s)

2018-06-10 00:06:00 - [MESSAGE][PASSED] - Delayed 1 second(s)

2018-06-10 00:06:00 - [TEST_STEP][PASSED] - setText: Text '10' is set on object 'Object Repository/DispensaryToStore/Page_Dispensary Store/input_txttreat'

2018-06-10 00:06:00 - [MESSAGE][PASSED] - Text '10' is set on object 'Object Repository/DispensaryToStore/Page_Dispensary Store/input_txttreat'

2018-06-10 00:06:00 - [TEST_STEP][PASSED] - click: Object: 'Object Repository/DispensaryToStore/Page_Dispensary Store/button_Add' is clicked on

2018-06-10 00:06:00 - [MESSAGE][PASSED] - Object: 'Object Repository/DispensaryToStore/Page_Dispensary Store/button_Add' is clicked on

2018-06-10 00:06:00 - [TEST_STEP][PASSED] - selectOptionByIndex: All options with index in [2] are selected on object 'Object Repository/DispensaryToStore/Page_Dispensary Store/select_--Select--Schedule 1Inj'

2018-06-10 00:06:01 - [MESSAGE][PASSED] - All options with index in [2] are selected on object 'Object Repository/DispensaryToStore/Page_Dispensary Store/select_--Select--Schedule 1Inj'

2018-06-10 00:06:01 - [TEST_STEP][PASSED] - delay: Delayed 1 second(s)

2018-06-10 00:06:02 - [MESSAGE][PASSED] - Delayed 1 second(s)

2018-06-10 00:06:02 - [TEST_STEP][PASSED] - selectOptionByIndex: All options with index in [39] are selected on object 'Object Repository/DispensaryToStore/Page_Dispensary Store/select_--Select--Adernaline 0.'

2018-06-10 00:06:02 - [MESSAGE][PASSED] - All options with index in [39] are selected on object 'Object Repository/DispensaryToStore/Page_Dispensary Store/select_--Select--Adernaline 0.'

2018-06-10 00:06:02 - [TEST_STEP][PASSED] - delay: Delayed 1 second(s)

2018-06-10 00:06:03 - [MESSAGE][PASSED] - Delayed 1 second(s)

2018-06-10 00:06:03 - [TEST_STEP][PASSED] - setText: Text '10' is set on object 'Object Repository/DispensaryToStore/Page_Dispensary Store/input_txttreat'

2018-06-10 00:06:03 - [MESSAGE][PASSED] - Text '10' is set on object 'Object Repository/DispensaryToStore/Page_Dispensary Store/input_txttreat'

2018-06-10 00:06:03 - [TEST_STEP][PASSED] - click: Object: 'Object Repository/DispensaryToStore/Page_Dispensary Store/button_Add' is clicked on

2018-06-10 00:06:03 - [MESSAGE][PASSED] - Object: 'Object Repository/DispensaryToStore/Page_Dispensary Store/button_Add' is clicked on

2018-06-10 00:06:03 - [TEST_STEP][PASSED] - selectOptionByIndex: All options with index in [2] are selected on object 'Object Repository/DispensaryToStore/Page_Dispensary Store/select_--Select--Schedule 1Inj'

2018-06-10 00:06:03 - [MESSAGE][PASSED] - All options with index in [2] are selected on object 'Object Repository/DispensaryToStore/Page_Dispensary Store/select_--Select--Schedule 1Inj'

2018-06-10 00:06:03 - [TEST_STEP][PASSED] - delay: Delayed 1 second(s)

2018-06-10 00:06:04 - [MESSAGE][PASSED] - Delayed 1 second(s)

2018-06-10 00:06:04 - [TEST_STEP][PASSED] - selectOptionByIndex: All options with index in [40] are selected on object 'Object Repository/DispensaryToStore/Page_Dispensary Store/select_--Select--Adernaline 0.'

2018-06-10 00:06:05 - [MESSAGE][PASSED] - All options with index in [40] are selected on object 'Object Repository/DispensaryToStore/Page_Dispensary Store/select_--Select--Adernaline 0.'

2018-06-10 00:06:05 - [TEST_STEP][PASSED] - delay: Delayed 1 second(s)

2018-06-10 00:06:06 - [MESSAGE][PASSED] - Delayed 1 second(s)

2018-06-10 00:06:06 - [TEST_STEP][PASSED] - setText: Text '10' is set on object 'Object Repository/DispensaryToStore/Page_Dispensary Store/input_txttreat'

2018-06-10 00:06:06 - [MESSAGE][PASSED] - Text '10' is set on object 'Object Repository/DispensaryToStore/Page_Dispensary Store/input_txttreat'

2018-06-10 00:06:06 - [TEST_STEP][PASSED] - click: Object: 'Object Repository/DispensaryToStore/Page_Dispensary Store/button_Add' is clicked on

2018-06-10 00:06:06 - [MESSAGE][PASSED] - Object: 'Object Repository/DispensaryToStore/Page_Dispensary Store/button_Add' is clicked on

2018-06-10 00:06:06 - [TEST_STEP][PASSED] - selectOptionByIndex: All options with index in [2] are selected on object 'Object Repository/DispensaryToStore/Page_Dispensary Store/select_--Select--Schedule 1Inj'

2018-06-10 00:06:06 - [MESSAGE][PASSED] - All options with index in [2] are selected on object 'Object Repository/DispensaryToStore/Page_Dispensary Store/select_--Select--Schedule 1Inj'

2018-06-10 00:06:06 - [TEST_STEP][PASSED] - delay: Delayed 1 second(s)

2018-06-10 00:06:07 - [MESSAGE][PASSED] - Delayed 1 second(s)

2018-06-10 00:06:07 - [TEST_STEP][PASSED] - selectOptionByIndex: All options with index in [41] are selected on object 'Object Repository/DispensaryToStore/Page_Dispensary Store/select_--Select--Adernaline 0.'

2018-06-10 00:06:08 - [MESSAGE][PASSED] - All options with index in [41] are selected on object 'Object Repository/DispensaryToStore/Page_Dispensary Store/select_--Select--Adernaline 0.'

2018-06-10 00:06:08 - [TEST_STEP][PASSED] - delay: Delayed 1 second(s)

2018-06-10 00:06:09 - [MESSAGE][PASSED] - Delayed 1 second(s)

2018-06-10 00:06:09 - [TEST_STEP][PASSED] - setText: Text '10' is set on object 'Object Repository/DispensaryToStore/Page_Dispensary Store/input_txttreat'

2018-06-10 00:06:09 - [MESSAGE][PASSED] - Text '10' is set on object 'Object Repository/DispensaryToStore/Page_Dispensary Store/input_txttreat'

2018-06-10 00:06:09 - [TEST_STEP][PASSED] - click: Object: 'Object Repository/DispensaryToStore/Page_Dispensary Store/button_Add' is clicked on

2018-06-10 00:06:09 - [MESSAGE][PASSED] - Object: 'Object Repository/DispensaryToStore/Page_Dispensary Store/button_Add' is clicked on

2018-06-10 00:06:09 - [TEST_STEP][PASSED] - selectOptionByIndex: All options with index in [2] are selected on object 'Object Repository/DispensaryToStore/Page_Dispensary Store/select_--Select--Schedule 1Inj'

2018-06-10 00:06:09 - [MESSAGE][PASSED] - All options with index in [2] are selected on object 'Object Repository/DispensaryToStore/Page_Dispensary Store/select_--Select--Schedule 1Inj'

2018-06-10 00:06:09 - [TEST_STEP][PASSED] - delay: Delayed 1 second(s)

2018-06-10 00:06:10 - [MESSAGE][PASSED] - Delayed 1 second(s)

2018-06-10 00:06:10 - [TEST_STEP][PASSED] - selectOptionByIndex: All options with index in [42] are selected on object 'Object Repository/DispensaryToStore/Page_Dispensary Store/select_--Select--Adernaline 0.'

2018-06-10 00:06:11 - [MESSAGE][PASSED] - All options with index in [42] are selected on object 'Object Repository/DispensaryToStore/Page_Dispensary Store/select_--Select--Adernaline 0.'

2018-06-10 00:06:11 - [TEST_STEP][PASSED] - delay: Delayed 1 second(s)

2018-06-10 00:06:12 - [MESSAGE][PASSED] - Delayed 1 second(s)

2018-06-10 00:06:12 - [TEST_STEP][PASSED] - setText: Text '10' is set on object 'Object Repository/DispensaryToStore/Page_Dispensary Store/input_txttreat'

2018-06-10 00:06:12 - [MESSAGE][PASSED] - Text '10' is set on object 'Object Repository/DispensaryToStore/Page_Dispensary Store/input_txttreat'

2018-06-10 00:06:12 - [TEST_STEP][PASSED] - click: Object: 'Object Repository/DispensaryToStore/Page_Dispensary Store/button_Add' is clicked on

2018-06-10 00:06:12 - [MESSAGE][PASSED] - Object: 'Object Repository/DispensaryToStore/Page_Dispensary Store/button_Add' is clicked on

2018-06-10 00:06:12 - [TEST_STEP][PASSED] - selectOptionByIndex: All options with index in [2] are selected on object 'Object Repository/DispensaryToStore/Page_Dispensary Store/select_--Select--Schedule 1Inj'

2018-06-10 00:06:12 - [MESSAGE][PASSED] - All options with index in [2] are selected on object 'Object Repository/DispensaryToStore/Page_Dispensary Store/select_--Select--Schedule 1Inj'

2018-06-10 00:06:12 - [TEST_STEP][PASSED] - delay: Delayed 1 second(s)

2018-06-10 00:06:13 - [MESSAGE][PASSED] - Delayed 1 second(s)

2018-06-10 00:06:13 - [TEST_STEP][PASSED] - selectOptionByIndex: All options with index in [43] are selected on object 'Object Repository/DispensaryToStore/Page_Dispensary Store/select_--Select--Adernaline 0.'

2018-06-10 00:06:13 - [MESSAGE][PASSED] - All options with index in [43] are selected on object 'Object Repository/DispensaryToStore/Page_Dispensary Store/select_--Select--Adernaline 0.'

2018-06-10 00:06:13 - [TEST_STEP][PASSED] - delay: Delayed 1 second(s)

2018-06-10 00:06:14 - [MESSAGE][PASSED] - Delayed 1 second(s)

2018-06-10 00:06:14 - [TEST_STEP][PASSED] - setText: Text '10' is set on object 'Object Repository/DispensaryToStore/Page_Dispensary Store/input_txttreat'

2018-06-10 00:06:15 - [MESSAGE][PASSED] - Text '10' is set on object 'Object Repository/DispensaryToStore/Page_Dispensary Store/input_txttreat'

2018-06-10 00:06:15 - [TEST_STEP][PASSED] - click: Object: 'Object Repository/DispensaryToStore/Page_Dispensary Store/button_Add' is clicked on

2018-06-10 00:06:15 - [MESSAGE][PASSED] - Object: 'Object Repository/DispensaryToStore/Page_Dispensary Store/button_Add' is clicked on

2018-06-10 00:06:15 - [TEST_STEP][PASSED] - selectOptionByIndex: All options with index in [2] are selected on object 'Object Repository/DispensaryToStore/Page_Dispensary Store/select_--Select--Schedule 1Inj'

2018-06-10 00:06:15 - [MESSAGE][PASSED] - All options with index in [2] are selected on object 'Object Repository/DispensaryToStore/Page_Dispensary Store/select_--Select--Schedule 1Inj'

2018-06-10 00:06:15 - [TEST_STEP][PASSED] - delay: Delayed 1 second(s)

2018-06-10 00:06:16 - [MESSAGE][PASSED] - Delayed 1 second(s)

2018-06-10 00:06:16 - [TEST_STEP][PASSED] - selectOptionByIndex: All options with index in [44] are selected on object 'Object Repository/DispensaryToStore/Page_Dispensary Store/select_--Select--Adernaline 0.'

2018-06-10 00:06:16 - [MESSAGE][PASSED] - All options with index in [44] are selected on object 'Object Repository/DispensaryToStore/Page_Dispensary Store/select_--Select--Adernaline 0.'

2018-06-10 00:06:16 - [TEST_STEP][PASSED] - delay: Delayed 1 second(s)

2018-06-10 00:06:17 - [MESSAGE][PASSED] - Delayed 1 second(s)

2018-06-10 00:06:17 - [TEST_STEP][PASSED] - setText: Text '10' is set on object 'Object Repository/DispensaryToStore/Page_Dispensary Store/input_txttreat'

2018-06-10 00:06:17 - [MESSAGE][PASSED] - Text '10' is set on object 'Object Repository/DispensaryToStore/Page_Dispensary Store/input_txttreat'

2018-06-10 00:06:17 - [TEST_STEP][PASSED] - click: Object: 'Object Repository/DispensaryToStore/Page_Dispensary Store/button_Add' is clicked on

2018-06-10 00:06:18 - [MESSAGE][PASSED] - Object: 'Object Repository/DispensaryToStore/Page_Dispensary Store/button_Add' is clicked on

2018-06-10 00:06:18 - [TEST_STEP][PASSED] - selectOptionByIndex: All options with index in [2] are selected on object 'Object Repository/DispensaryToStore/Page_Dispensary Store/select_--Select--Schedule 1Inj'

2018-06-10 00:06:18 - [MESSAGE][PASSED] - All options with index in [2] are selected on object 'Object Repository/DispensaryToStore/Page_Dispensary Store/select_--Select--Schedule 1Inj'

2018-06-10 00:06:18 - [TEST_STEP][PASSED] - delay: Delayed 1 second(s)

2018-06-10 00:06:19 - [MESSAGE][PASSED] - Delayed 1 second(s)

2018-06-10 00:06:19 - [TEST_STEP][PASSED] - selectOptionByIndex: All options with index in [45] are selected on object 'Object Repository/DispensaryToStore/Page_Dispensary Store/select_--Select--Adernaline 0.'

2018-06-10 00:06:19 - [MESSAGE][PASSED] - All options with index in [45] are selected on object 'Object Repository/DispensaryToStore/Page_Dispensary Store/select_--Select--Adernaline 0.'

2018-06-10 00:06:19 - [TEST_STEP][PASSED] - delay: Delayed 1 second(s)

2018-06-10 00:06:20 - [MESSAGE][PASSED] - Delayed 1 second(s)

2018-06-10 00:06:20 - [TEST_STEP][PASSED] - setText: Text '10' is set on object 'Object Repository/DispensaryToStore/Page_Dispensary Store/input_txttreat'

2018-06-10 00:06:20 - [MESSAGE][PASSED] - Text '10' is set on object 'Object Repository/DispensaryToStore/Page_Dispensary Store/input_txttreat'

2018-06-10 00:06:20 - [TEST_STEP][PASSED] - click: Object: 'Object Repository/DispensaryToStore/Page_Dispensary Store/button_Add' is clicked on

2018-06-10 00:06:20 - [MESSAGE][PASSED] - Object: 'Object Repository/DispensaryToStore/Page_Dispensary Store/button_Add' is clicked on

2018-06-10 00:06:20 - [TEST_STEP][PASSED] - selectOptionByIndex: All options with index in [2] are selected on object 'Object Repository/DispensaryToStore/Page_Dispensary Store/select_--Select--Schedule 1Inj'

2018-06-10 00:06:21 - [MESSAGE][PASSED] - All options with index in [2] are selected on object 'Object Repository/DispensaryToStore/Page_Dispensary Store/select_--Select--Schedule 1Inj'

2018-06-10 00:06:21 - [TEST_STEP][PASSED] - delay: Delayed 1 second(s)

2018-06-10 00:06:22 - [MESSAGE][PASSED] - Delayed 1 second(s)

2018-06-10 00:06:22 - [TEST_STEP][PASSED] - selectOptionByIndex: All options with index in [46] are selected on object 'Object Repository/DispensaryToStore/Page_Dispensary Store/select_--Select--Adernaline 0.'

2018-06-10 00:06:22 - [MESSAGE][PASSED] - All options with index in [46] are selected on object 'Object Repository/DispensaryToStore/Page_Dispensary Store/select_--Select--Adernaline 0.'

2018-06-10 00:06:22 - [TEST_STEP][PASSED] - delay: Delayed 1 second(s)

2018-06-10 00:06:23 - [MESSAGE][PASSED] - Delayed 1 second(s)

2018-06-10 00:06:23 - [TEST_STEP][PASSED] - setText: Text '10' is set on object 'Object Repository/DispensaryToStore/Page_Dispensary Store/input_txttreat'

2018-06-10 00:06:23 - [MESSAGE][PASSED] - Text '10' is set on object 'Object Repository/DispensaryToStore/Page_Dispensary Store/input_txttreat'

2018-06-10 00:06:23 - [TEST_STEP][PASSED] - click: Object: 'Object Repository/DispensaryToStore/Page_Dispensary Store/button_Add' is clicked on

2018-06-10 00:06:23 - [MESSAGE][PASSED] - Object: 'Object Repository/DispensaryToStore/Page_Dispensary Store/button_Add' is clicked on

2018-06-10 00:06:23 - [TEST_STEP][PASSED] - selectOptionByIndex: All options with index in [2] are selected on object 'Object Repository/DispensaryToStore/Page_Dispensary Store/select_--Select--Schedule 1Inj'

2018-06-10 00:06:23 - [MESSAGE][PASSED] - All options with index in [2] are selected on object 'Object Repository/DispensaryToStore/Page_Dispensary Store/select_--Select--Schedule 1Inj'

2018-06-10 00:06:23 - [TEST_STEP][PASSED] - delay: Delayed 1 second(s)

2018-06-10 00:06:24 - [MESSAGE][PASSED] - Delayed 1 second(s)

2018-06-10 00:06:24 - [TEST_STEP][PASSED] - selectOptionByIndex: All options with index in [47] are selected on object 'Object Repository/DispensaryToStore/Page_Dispensary Store/select_--Select--Adernaline 0.'

2018-06-10 00:06:25 - [MESSAGE][PASSED] - All options with index in [47] are selected on object 'Object Repository/DispensaryToStore/Page_Dispensary Store/select_--Select--Adernaline 0.'

2018-06-10 00:06:25 - [TEST_STEP][PASSED] - delay: Delayed 1 second(s)

2018-06-10 00:06:26 - [MESSAGE][PASSED] - Delayed 1 second(s)

2018-06-10 00:06:26 - [TEST_STEP][PASSED] - setText: Text '10' is set on object 'Object Repository/DispensaryToStore/Page_Dispensary Store/input_txttreat'

2018-06-10 00:06:26 - [MESSAGE][PASSED] - Text '10' is set on object 'Object Repository/DispensaryToStore/Page_Dispensary Store/input_txttreat'

2018-06-10 00:06:26 - [TEST_STEP][PASSED] - click: Object: 'Object Repository/DispensaryToStore/Page_Dispensary Store/button_Add' is clicked on

2018-06-10 00:06:26 - [MESSAGE][PASSED] - Object: 'Object Repository/DispensaryToStore/Page_Dispensary Store/button_Add' is clicked on

2018-06-10 00:06:26 - [TEST_STEP][PASSED] - selectOptionByIndex: All options with index in [2] are selected on object 'Object Repository/DispensaryToStore/Page_Dispensary Store/select_--Select--Schedule 1Inj'

2018-06-10 00:06:26 - [MESSAGE][PASSED] - All options with index in [2] are selected on object 'Object Repository/DispensaryToStore/Page_Dispensary Store/select_--Select--Schedule 1Inj'

2018-06-10 00:06:26 - [TEST_STEP][PASSED] - delay: Delayed 1 second(s)

2018-06-10 00:06:27 - [MESSAGE][PASSED] - Delayed 1 second(s)

2018-06-10 00:06:27 - [TEST_STEP][PASSED] - selectOptionByIndex: All options with index in [48] are selected on object 'Object Repository/DispensaryToStore/Page_Dispensary Store/select_--Select--Adernaline 0.'

2018-06-10 00:06:28 - [MESSAGE][PASSED] - All options with index in [48] are selected on object 'Object Repository/DispensaryToStore/Page_Dispensary Store/select_--Select--Adernaline 0.'

2018-06-10 00:06:28 - [TEST_STEP][PASSED] - delay: Delayed 1 second(s)

2018-06-10 00:06:29 - [MESSAGE][PASSED] - Delayed 1 second(s)

2018-06-10 00:06:29 - [TEST_STEP][PASSED] - setText: Text '10' is set on object 'Object Repository/DispensaryToStore/Page_Dispensary Store/input_txttreat'

2018-06-10 00:06:29 - [MESSAGE][PASSED] - Text '10' is set on object 'Object Repository/DispensaryToStore/Page_Dispensary Store/input_txttreat'

2018-06-10 00:06:29 - [TEST_STEP][PASSED] - click: Object: 'Object Repository/DispensaryToStore/Page_Dispensary Store/button_Add' is clicked on

2018-06-10 00:06:29 - [MESSAGE][PASSED] - Object: 'Object Repository/DispensaryToStore/Page_Dispensary Store/button_Add' is clicked on

2018-06-10 00:06:29 - [TEST_STEP][PASSED] - selectOptionByIndex: All options with index in [2] are selected on object 'Object Repository/DispensaryToStore/Page_Dispensary Store/select_--Select--Schedule 1Inj'

2018-06-10 00:06:29 - [MESSAGE][PASSED] - All options with index in [2] are selected on object 'Object Repository/DispensaryToStore/Page_Dispensary Store/select_--Select--Schedule 1Inj'

2018-06-10 00:06:29 - [TEST_STEP][PASSED] - delay: Delayed 1 second(s)

2018-06-10 00:06:30 - [MESSAGE][PASSED] - Delayed 1 second(s)

2018-06-10 00:06:30 - [TEST_STEP][PASSED] - selectOptionByIndex: All options with index in [49] are selected on object 'Object Repository/DispensaryToStore/Page_Dispensary Store/select_--Select--Adernaline 0.'

2018-06-10 00:06:31 - [MESSAGE][PASSED] - All options with index in [49] are selected on object 'Object Repository/DispensaryToStore/Page_Dispensary Store/select_--Select--Adernaline 0.'

2018-06-10 00:06:31 - [TEST_STEP][PASSED] - delay: Delayed 1 second(s)

2018-06-10 00:06:32 - [MESSAGE][PASSED] - Delayed 1 second(s)

2018-06-10 00:06:32 - [TEST_STEP][PASSED] - setText: Text '10' is set on object 'Object Repository/DispensaryToStore/Page_Dispensary Store/input_txttreat'

2018-06-10 00:06:32 - [MESSAGE][PASSED] - Text '10' is set on object 'Object Repository/DispensaryToStore/Page_Dispensary Store/input_txttreat'

2018-06-10 00:06:32 - [TEST_STEP][PASSED] - click: Object: 'Object Repository/DispensaryToStore/Page_Dispensary Store/button_Add' is clicked on

2018-06-10 00:06:32 - [MESSAGE][PASSED] - Object: 'Object Repository/DispensaryToStore/Page_Dispensary Store/button_Add' is clicked on

2018-06-10 00:06:32 - [TEST_STEP][PASSED] - selectOptionByIndex: All options with index in [2] are selected on object 'Object Repository/DispensaryToStore/Page_Dispensary Store/select_--Select--Schedule 1Inj'

2018-06-10 00:06:32 - [MESSAGE][PASSED] - All options with index in [2] are selected on object 'Object Repository/DispensaryToStore/Page_Dispensary Store/select_--Select--Schedule 1Inj'

2018-06-10 00:06:32 - [TEST_STEP][PASSED] - delay: Delayed 1 second(s)

2018-06-10 00:06:33 - [MESSAGE][PASSED] - Delayed 1 second(s)

2018-06-10 00:06:33 - [TEST_STEP][PASSED] - selectOptionByIndex: All options with index in [50] are selected on object 'Object Repository/DispensaryToStore/Page_Dispensary Store/select_--Select--Adernaline 0.'

2018-06-10 00:06:34 - [MESSAGE][PASSED] - All options with index in [50] are selected on object 'Object Repository/DispensaryToStore/Page_Dispensary Store/select_--Select--Adernaline 0.'

2018-06-10 00:06:34 - [TEST_STEP][PASSED] - delay: Delayed 1 second(s)

2018-06-10 00:06:35 - [MESSAGE][PASSED] - Delayed 1 second(s)

2018-06-10 00:06:35 - [TEST_STEP][PASSED] - setText: Text '10' is set on object 'Object Repository/DispensaryToStore/Page_Dispensary Store/input_txttreat'

2018-06-10 00:06:35 - [MESSAGE][PASSED] - Text '10' is set on object 'Object Repository/DispensaryToStore/Page_Dispensary Store/input_txttreat'

2018-06-10 00:06:35 - [TEST_STEP][PASSED] - click: Object: 'Object Repository/DispensaryToStore/Page_Dispensary Store/button_Add' is clicked on

2018-06-10 00:06:35 - [MESSAGE][PASSED] - Object: 'Object Repository/DispensaryToStore/Page_Dispensary Store/button_Add' is clicked on

2018-06-10 00:06:35 - [TEST_STEP][PASSED] - selectOptionByIndex: All options with index in [2] are selected on object 'Object Repository/DispensaryToStore/Page_Dispensary Store/select_--Select--Schedule 1Inj'

2018-06-10 00:06:35 - [MESSAGE][PASSED] - All options with index in [2] are selected on object 'Object Repository/DispensaryToStore/Page_Dispensary Store/select_--Select--Schedule 1Inj'

2018-06-10 00:06:35 - [TEST_STEP][PASSED] - delay: Delayed 1 second(s)

2018-06-10 00:06:36 - [MESSAGE][PASSED] - Delayed 1 second(s)

2018-06-10 00:06:36 - [TEST_STEP][PASSED] - selectOptionByIndex: All options with index in [51] are selected on object 'Object Repository/DispensaryToStore/Page_Dispensary Store/select_--Select--Adernaline 0.'

2018-06-10 00:06:37 - [MESSAGE][PASSED] - All options with index in [51] are selected on object 'Object Repository/DispensaryToStore/Page_Dispensary Store/select_--Select--Adernaline 0.'

2018-06-10 00:06:37 - [TEST_STEP][PASSED] - delay: Delayed 1 second(s)

2018-06-10 00:06:38 - [MESSAGE][PASSED] - Delayed 1 second(s)

2018-06-10 00:06:38 - [TEST_STEP][PASSED] - setText: Text '10' is set on object 'Object Repository/DispensaryToStore/Page_Dispensary Store/input_txttreat'

2018-06-10 00:06:38 - [MESSAGE][PASSED] - Text '10' is set on object 'Object Repository/DispensaryToStore/Page_Dispensary Store/input_txttreat'

2018-06-10 00:06:38 - [TEST_STEP][PASSED] - click: Object: 'Object Repository/DispensaryToStore/Page_Dispensary Store/button_Add' is clicked on

2018-06-10 00:06:38 - [MESSAGE][PASSED] - Object: 'Object Repository/DispensaryToStore/Page_Dispensary Store/button_Add' is clicked on

2018-06-10 00:06:38 - [TEST_STEP][PASSED] - selectOptionByIndex: All options with index in [2] are selected on object 'Object Repository/DispensaryToStore/Page_Dispensary Store/select_--Select--Schedule 1Inj'

2018-06-10 00:06:38 - [MESSAGE][PASSED] - All options with index in [2] are selected on object 'Object Repository/DispensaryToStore/Page_Dispensary Store/select_--Select--Schedule 1Inj'

2018-06-10 00:06:38 - [TEST_STEP][PASSED] - delay: Delayed 1 second(s)

2018-06-10 00:06:39 - [MESSAGE][PASSED] - Delayed 1 second(s)

2018-06-10 00:06:39 - [TEST_STEP][PASSED] - selectOptionByIndex: All options with index in [52] are selected on object 'Object Repository/DispensaryToStore/Page_Dispensary Store/select_--Select--Adernaline 0.'

2018-06-10 00:06:40 - [MESSAGE][PASSED] - All options with index in [52] are selected on object 'Object Repository/DispensaryToStore/Page_Dispensary Store/select_--Select--Adernaline 0.'

2018-06-10 00:06:40 - [TEST_STEP][PASSED] - delay: Delayed 1 second(s)

2018-06-10 00:06:41 - [MESSAGE][PASSED] - Delayed 1 second(s)

2018-06-10 00:06:41 - [TEST_STEP][PASSED] - setText: Text '10' is set on object 'Object Repository/DispensaryToStore/Page_Dispensary Store/input_txttreat'

2018-06-10 00:06:41 - [MESSAGE][PASSED] - Text '10' is set on object 'Object Repository/DispensaryToStore/Page_Dispensary Store/input_txttreat'

2018-06-10 00:06:41 - [TEST_STEP][PASSED] - click: Object: 'Object Repository/DispensaryToStore/Page_Dispensary Store/button_Add' is clicked on

2018-06-10 00:06:41 - [MESSAGE][PASSED] - Object: 'Object Repository/DispensaryToStore/Page_Dispensary Store/button_Add' is clicked on

2018-06-10 00:06:41 - [TEST_STEP][PASSED] - selectOptionByIndex: All options with index in [2] are selected on object 'Object Repository/DispensaryToStore/Page_Dispensary Store/select_--Select--Schedule 1Inj'

2018-06-10 00:06:41 - [MESSAGE][PASSED] - All options with index in [2] are selected on object 'Object Repository/DispensaryToStore/Page_Dispensary Store/select_--Select--Schedule 1Inj'

2018-06-10 00:06:41 - [TEST_STEP][PASSED] - delay: Delayed 1 second(s)

2018-06-10 00:06:42 - [MESSAGE][PASSED] - Delayed 1 second(s)

2018-06-10 00:06:42 - [TEST_STEP][PASSED] - selectOptionByIndex: All options with index in [53] are selected on object 'Object Repository/DispensaryToStore/Page_Dispensary Store/select_--Select--Adernaline 0.'

2018-06-10 00:06:43 - [MESSAGE][PASSED] - All options with index in [53] are selected on object 'Object Repository/DispensaryToStore/Page_Dispensary Store/select_--Select--Adernaline 0.'

2018-06-10 00:06:43 - [TEST_STEP][PASSED] - delay: Delayed 1 second(s)

2018-06-10 00:06:44 - [MESSAGE][PASSED] - Delayed 1 second(s)

2018-06-10 00:06:44 - [TEST_STEP][PASSED] - setText: Text '10' is set on object 'Object Repository/DispensaryToStore/Page_Dispensary Store/input_txttreat'

2018-06-10 00:06:44 - [MESSAGE][PASSED] - Text '10' is set on object 'Object Repository/DispensaryToStore/Page_Dispensary Store/input_txttreat'

2018-06-10 00:06:44 - [TEST_STEP][PASSED] - click: Object: 'Object Repository/DispensaryToStore/Page_Dispensary Store/button_Add' is clicked on

2018-06-10 00:06:44 - [MESSAGE][PASSED] - Object: 'Object Repository/DispensaryToStore/Page_Dispensary Store/button_Add' is clicked on

2018-06-10 00:06:44 - [TEST_STEP][PASSED] - selectOptionByIndex: All options with index in [2] are selected on object 'Object Repository/DispensaryToStore/Page_Dispensary Store/select_--Select--Schedule 1Inj'

2018-06-10 00:06:44 - [MESSAGE][PASSED] - All options with index in [2] are selected on object 'Object Repository/DispensaryToStore/Page_Dispensary Store/select_--Select--Schedule 1Inj'

2018-06-10 00:06:44 - [TEST_STEP][PASSED] - delay: Delayed 1 second(s)

2018-06-10 00:06:45 - [MESSAGE][PASSED] - Delayed 1 second(s)

2018-06-10 00:06:45 - [TEST_STEP][PASSED] - selectOptionByIndex: All options with index in [54] are selected on object 'Object Repository/DispensaryToStore/Page_Dispensary Store/select_--Select--Adernaline 0.'

2018-06-10 00:06:46 - [MESSAGE][PASSED] - All options with index in [54] are selected on object 'Object Repository/DispensaryToStore/Page_Dispensary Store/select_--Select--Adernaline 0.'

2018-06-10 00:06:46 - [TEST_STEP][PASSED] - delay: Delayed 1 second(s)

2018-06-10 00:06:47 - [MESSAGE][PASSED] - Delayed 1 second(s)

2018-06-10 00:06:47 - [TEST_STEP][PASSED] - setText: Text '10' is set on object 'Object Repository/DispensaryToStore/Page_Dispensary Store/input_txttreat'

2018-06-10 00:06:47 - [MESSAGE][PASSED] - Text '10' is set on object 'Object Repository/DispensaryToStore/Page_Dispensary Store/input_txttreat'

2018-06-10 00:06:47 - [TEST_STEP][PASSED] - click: Object: 'Object Repository/DispensaryToStore/Page_Dispensary Store/button_Add' is clicked on

2018-06-10 00:06:47 - [MESSAGE][PASSED] - Object: 'Object Repository/DispensaryToStore/Page_Dispensary Store/button_Add' is clicked on

2018-06-10 00:06:47 - [TEST_STEP][PASSED] - selectOptionByIndex: All options with index in [2] are selected on object 'Object Repository/DispensaryToStore/Page_Dispensary Store/select_--Select--Schedule 1Inj'

2018-06-10 00:06:47 - [MESSAGE][PASSED] - All options with index in [2] are selected on object 'Object Repository/DispensaryToStore/Page_Dispensary Store/select_--Select--Schedule 1Inj'

2018-06-10 00:06:47 - [TEST_STEP][PASSED] - delay: Delayed 1 second(s)

2018-06-10 00:06:48 - [MESSAGE][PASSED] - Delayed 1 second(s)

2018-06-10 00:06:48 - [TEST_STEP][PASSED] - selectOptionByIndex: All options with index in [55] are selected on object 'Object Repository/DispensaryToStore/Page_Dispensary Store/select_--Select--Adernaline 0.'

2018-06-10 00:06:49 - [MESSAGE][PASSED] - All options with index in [55] are selected on object 'Object Repository/DispensaryToStore/Page_Dispensary Store/select_--Select--Adernaline 0.'

2018-06-10 00:06:49 - [TEST_STEP][PASSED] - delay: Delayed 1 second(s)

2018-06-10 00:06:50 - [MESSAGE][PASSED] - Delayed 1 second(s)

2018-06-10 00:06:50 - [TEST_STEP][PASSED] - setText: Text '10' is set on object 'Object Repository/DispensaryToStore/Page_Dispensary Store/input_txttreat'

2018-06-10 00:06:50 - [MESSAGE][PASSED] - Text '10' is set on object 'Object Repository/DispensaryToStore/Page_Dispensary Store/input_txttreat'

2018-06-10 00:06:50 - [TEST_STEP][PASSED] - click: Object: 'Object Repository/DispensaryToStore/Page_Dispensary Store/button_Add' is clicked on

2018-06-10 00:06:50 - [MESSAGE][PASSED] - Object: 'Object Repository/DispensaryToStore/Page_Dispensary Store/button_Add' is clicked on

2018-06-10 00:06:50 - [TEST_STEP][PASSED] - selectOptionByIndex: All options with index in [2] are selected on object 'Object Repository/DispensaryToStore/Page_Dispensary Store/select_--Select--Schedule 1Inj'

2018-06-10 00:06:50 - [MESSAGE][PASSED] - All options with index in [2] are selected on object 'Object Repository/DispensaryToStore/Page_Dispensary Store/select_--Select--Schedule 1Inj'

2018-06-10 00:06:50 - [TEST_STEP][PASSED] - delay: Delayed 1 second(s)

2018-06-10 00:06:51 - [MESSAGE][PASSED] - Delayed 1 second(s)

2018-06-10 00:06:51 - [TEST_STEP][PASSED] - selectOptionByIndex: All options with index in [56] are selected on object 'Object Repository/DispensaryToStore/Page_Dispensary Store/select_--Select--Adernaline 0.'

2018-06-10 00:06:52 - [MESSAGE][PASSED] - All options with index in [56] are selected on object 'Object Repository/DispensaryToStore/Page_Dispensary Store/select_--Select--Adernaline 0.'

2018-06-10 00:06:52 - [TEST_STEP][PASSED] - delay: Delayed 1 second(s)

2018-06-10 00:06:53 - [MESSAGE][PASSED] - Delayed 1 second(s)

2018-06-10 00:06:53 - [TEST_STEP][PASSED] - setText: Text '10' is set on object 'Object Repository/DispensaryToStore/Page_Dispensary Store/input_txttreat'

2018-06-10 00:06:53 - [MESSAGE][PASSED] - Text '10' is set on object 'Object Repository/DispensaryToStore/Page_Dispensary Store/input_txttreat'

2018-06-10 00:06:53 - [TEST_STEP][PASSED] - click: Object: 'Object Repository/DispensaryToStore/Page_Dispensary Store/button_Add' is clicked on

2018-06-10 00:06:53 - [MESSAGE][PASSED] - Object: 'Object Repository/DispensaryToStore/Page_Dispensary Store/button_Add' is clicked on

2018-06-10 00:06:53 - [TEST_STEP][PASSED] - selectOptionByIndex: All options with index in [2] are selected on object 'Object Repository/DispensaryToStore/Page_Dispensary Store/select_--Select--Schedule 1Inj'

2018-06-10 00:06:53 - [MESSAGE][PASSED] - All options with index in [2] are selected on object 'Object Repository/DispensaryToStore/Page_Dispensary Store/select_--Select--Schedule 1Inj'

2018-06-10 00:06:53 - [TEST_STEP][PASSED] - delay: Delayed 1 second(s)

2018-06-10 00:06:54 - [MESSAGE][PASSED] - Delayed 1 second(s)

2018-06-10 00:06:54 - [TEST_STEP][PASSED] - selectOptionByIndex: All options with index in [57] are selected on object 'Object Repository/DispensaryToStore/Page_Dispensary Store/select_--Select--Adernaline 0.'

2018-06-10 00:06:55 - [MESSAGE][PASSED] - All options with index in [57] are selected on object 'Object Repository/DispensaryToStore/Page_Dispensary Store/select_--Select--Adernaline 0.'

2018-06-10 00:06:55 - [TEST_STEP][PASSED] - delay: Delayed 1 second(s)

2018-06-10 00:06:56 - [MESSAGE][PASSED] - Delayed 1 second(s)

2018-06-10 00:06:56 - [TEST_STEP][PASSED] - setText: Text '10' is set on object 'Object Repository/DispensaryToStore/Page_Dispensary Store/input_txttreat'

2018-06-10 00:06:56 - [MESSAGE][PASSED] - Text '10' is set on object 'Object Repository/DispensaryToStore/Page_Dispensary Store/input_txttreat'

2018-06-10 00:06:56 - [TEST_STEP][PASSED] - click: Object: 'Object Repository/DispensaryToStore/Page_Dispensary Store/button_Add' is clicked on

2018-06-10 00:06:56 - [MESSAGE][PASSED] - Object: 'Object Repository/DispensaryToStore/Page_Dispensary Store/button_Add' is clicked on

2018-06-10 00:06:56 - [TEST_STEP][PASSED] - selectOptionByIndex: All options with index in [2] are selected on object 'Object Repository/DispensaryToStore/Page_Dispensary Store/select_--Select--Schedule 1Inj'

2018-06-10 00:06:56 - [MESSAGE][PASSED] - All options with index in [2] are selected on object 'Object Repository/DispensaryToStore/Page_Dispensary Store/select_--Select--Schedule 1Inj'

2018-06-10 00:06:56 - [TEST_STEP][PASSED] - delay: Delayed 1 second(s)

2018-06-10 00:06:57 - [MESSAGE][PASSED] - Delayed 1 second(s)

2018-06-10 00:06:57 - [TEST_STEP][PASSED] - selectOptionByIndex: All options with index in [58] are selected on object 'Object Repository/DispensaryToStore/Page_Dispensary Store/select_--Select--Adernaline 0.'

2018-06-10 00:06:58 - [MESSAGE][PASSED] - All options with index in [58] are selected on object 'Object Repository/DispensaryToStore/Page_Dispensary Store/select_--Select--Adernaline 0.'

2018-06-10 00:06:58 - [TEST_STEP][PASSED] - delay: Delayed 1 second(s)

2018-06-10 00:06:59 - [MESSAGE][PASSED] - Delayed 1 second(s)

2018-06-10 00:06:59 - [TEST_STEP][PASSED] - setText: Text '10' is set on object 'Object Repository/DispensaryToStore/Page_Dispensary Store/input_txttreat'

2018-06-10 00:06:59 - [MESSAGE][PASSED] - Text '10' is set on object 'Object Repository/DispensaryToStore/Page_Dispensary Store/input_txttreat'

2018-06-10 00:06:59 - [TEST_STEP][PASSED] - click: Object: 'Object Repository/DispensaryToStore/Page_Dispensary Store/button_Add' is clicked on

2018-06-10 00:06:59 - [MESSAGE][PASSED] - Object: 'Object Repository/DispensaryToStore/Page_Dispensary Store/button_Add' is clicked on

2018-06-10 00:06:59 - [TEST_STEP][PASSED] - selectOptionByIndex: All options with index in [2] are selected on object 'Object Repository/DispensaryToStore/Page_Dispensary Store/select_--Select--Schedule 1Inj'

2018-06-10 00:06:59 - [MESSAGE][PASSED] - All options with index in [2] are selected on object 'Object Repository/DispensaryToStore/Page_Dispensary Store/select_--Select--Schedule 1Inj'

2018-06-10 00:06:59 - [TEST_STEP][PASSED] - delay: Delayed 1 second(s)

2018-06-10 00:07:00 - [MESSAGE][PASSED] - Delayed 1 second(s)

2018-06-10 00:07:00 - [TEST_STEP][PASSED] - selectOptionByIndex: All options with index in [59] are selected on object 'Object Repository/DispensaryToStore/Page_Dispensary Store/select_--Select--Adernaline 0.'

2018-06-10 00:07:01 - [MESSAGE][PASSED] - All options with index in [59] are selected on object 'Object Repository/DispensaryToStore/Page_Dispensary Store/select_--Select--Adernaline 0.'

2018-06-10 00:07:01 - [TEST_STEP][PASSED] - delay: Delayed 1 second(s)

2018-06-10 00:07:02 - [MESSAGE][PASSED] - Delayed 1 second(s)

2018-06-10 00:07:02 - [TEST_STEP][PASSED] - setText: Text '10' is set on object 'Object Repository/DispensaryToStore/Page_Dispensary Store/input_txttreat'

2018-06-10 00:07:02 - [MESSAGE][PASSED] - Text '10' is set on object 'Object Repository/DispensaryToStore/Page_Dispensary Store/input_txttreat'

2018-06-10 00:07:02 - [TEST_STEP][PASSED] - click: Object: 'Object Repository/DispensaryToStore/Page_Dispensary Store/button_Add' is clicked on

2018-06-10 00:07:02 - [MESSAGE][PASSED] - Object: 'Object Repository/DispensaryToStore/Page_Dispensary Store/button_Add' is clicked on

2018-06-10 00:07:02 - [TEST_STEP][PASSED] - selectOptionByIndex: All options with index in [2] are selected on object 'Object Repository/DispensaryToStore/Page_Dispensary Store/select_--Select--Schedule 1Inj'

2018-06-10 00:07:02 - [MESSAGE][PASSED] - All options with index in [2] are selected on object 'Object Repository/DispensaryToStore/Page_Dispensary Store/select_--Select--Schedule 1Inj'

2018-06-10 00:07:02 - [TEST_STEP][PASSED] - delay: Delayed 1 second(s)

2018-06-10 00:07:03 - [MESSAGE][PASSED] - Delayed 1 second(s)

2018-06-10 00:07:03 - [TEST_STEP][PASSED] - selectOptionByIndex: All options with index in [60] are selected on object 'Object Repository/DispensaryToStore/Page_Dispensary Store/select_--Select--Adernaline 0.'

2018-06-10 00:07:04 - [MESSAGE][PASSED] - All options with index in [60] are selected on object 'Object Repository/DispensaryToStore/Page_Dispensary Store/select_--Select--Adernaline 0.'

2018-06-10 00:07:04 - [TEST_STEP][PASSED] - delay: Delayed 1 second(s)

2018-06-10 00:07:05 - [MESSAGE][PASSED] - Delayed 1 second(s)

2018-06-10 00:07:05 - [TEST_STEP][PASSED] - setText: Text '10' is set on object 'Object Repository/DispensaryToStore/Page_Dispensary Store/input_txttreat'

2018-06-10 00:07:05 - [MESSAGE][PASSED] - Text '10' is set on object 'Object Repository/DispensaryToStore/Page_Dispensary Store/input_txttreat'

2018-06-10 00:07:05 - [TEST_STEP][PASSED] - click: Object: 'Object Repository/DispensaryToStore/Page_Dispensary Store/button_Add' is clicked on

2018-06-10 00:07:05 - [MESSAGE][PASSED] - Object: 'Object Repository/DispensaryToStore/Page_Dispensary Store/button_Add' is clicked on

2018-06-10 00:07:05 - [TEST_STEP][PASSED] - selectOptionByIndex: All options with index in [2] are selected on object 'Object Repository/DispensaryToStore/Page_Dispensary Store/select_--Select--Schedule 1Inj'

2018-06-10 00:07:05 - [MESSAGE][PASSED] - All options with index in [2] are selected on object 'Object Repository/DispensaryToStore/Page_Dispensary Store/select_--Select--Schedule 1Inj'

2018-06-10 00:07:05 - [TEST_STEP][PASSED] - delay: Delayed 1 second(s)

2018-06-10 00:07:06 - [MESSAGE][PASSED] - Delayed 1 second(s)

2018-06-10 00:07:06 - [TEST_STEP][PASSED] - selectOptionByIndex: All options with index in [61] are selected on object 'Object Repository/DispensaryToStore/Page_Dispensary Store/select_--Select--Adernaline 0.'

2018-06-10 00:07:07 - [MESSAGE][PASSED] - All options with index in [61] are selected on object 'Object Repository/DispensaryToStore/Page_Dispensary Store/select_--Select--Adernaline 0.'

2018-06-10 00:07:07 - [TEST_STEP][PASSED] - delay: Delayed 1 second(s)

2018-06-10 00:07:08 - [MESSAGE][PASSED] - Delayed 1 second(s)

2018-06-10 00:07:08 - [TEST_STEP][PASSED] - setText: Text '10' is set on object 'Object Repository/DispensaryToStore/Page_Dispensary Store/input_txttreat'

2018-06-10 00:07:08 - [MESSAGE][PASSED] - Text '10' is set on object 'Object Repository/DispensaryToStore/Page_Dispensary Store/input_txttreat'

2018-06-10 00:07:08 - [TEST_STEP][PASSED] - click: Object: 'Object Repository/DispensaryToStore/Page_Dispensary Store/button_Add' is clicked on

2018-06-10 00:07:08 - [MESSAGE][PASSED] - Object: 'Object Repository/DispensaryToStore/Page_Dispensary Store/button_Add' is clicked on

2018-06-10 00:07:08 - [TEST_STEP][PASSED] - selectOptionByIndex: All options with index in [2] are selected on object 'Object Repository/DispensaryToStore/Page_Dispensary Store/select_--Select--Schedule 1Inj'

2018-06-10 00:07:08 - [MESSAGE][PASSED] - All options with index in [2] are selected on object 'Object Repository/DispensaryToStore/Page_Dispensary Store/select_--Select--Schedule 1Inj'

2018-06-10 00:07:08 - [TEST_STEP][PASSED] - delay: Delayed 1 second(s)

2018-06-10 00:07:09 - [MESSAGE][PASSED] - Delayed 1 second(s)

2018-06-10 00:07:09 - [TEST_STEP][PASSED] - selectOptionByIndex: All options with index in [62] are selected on object 'Object Repository/DispensaryToStore/Page_Dispensary Store/select_--Select--Adernaline 0.'

2018-06-10 00:07:10 - [MESSAGE][PASSED] - All options with index in [62] are selected on object 'Object Repository/DispensaryToStore/Page_Dispensary Store/select_--Select--Adernaline 0.'

2018-06-10 00:07:10 - [TEST_STEP][PASSED] - delay: Delayed 1 second(s)

2018-06-10 00:07:11 - [MESSAGE][PASSED] - Delayed 1 second(s)

2018-06-10 00:07:11 - [TEST_STEP][PASSED] - setText: Text '10' is set on object 'Object Repository/DispensaryToStore/Page_Dispensary Store/input_txttreat'

2018-06-10 00:07:11 - [MESSAGE][PASSED] - Text '10' is set on object 'Object Repository/DispensaryToStore/Page_Dispensary Store/input_txttreat'

2018-06-10 00:07:11 - [TEST_STEP][PASSED] - click: Object: 'Object Repository/DispensaryToStore/Page_Dispensary Store/button_Add' is clicked on

2018-06-10 00:07:11 - [MESSAGE][PASSED] - Object: 'Object Repository/DispensaryToStore/Page_Dispensary Store/button_Add' is clicked on

2018-06-10 00:07:11 - [TEST_STEP][PASSED] - selectOptionByIndex: All options with index in [2] are selected on object 'Object Repository/DispensaryToStore/Page_Dispensary Store/select_--Select--Schedule 1Inj'

2018-06-10 00:07:11 - [MESSAGE][PASSED] - All options with index in [2] are selected on object 'Object Repository/DispensaryToStore/Page_Dispensary Store/select_--Select--Schedule 1Inj'

2018-06-10 00:07:11 - [TEST_STEP][PASSED] - delay: Delayed 1 second(s)

2018-06-10 00:07:12 - [MESSAGE][PASSED] - Delayed 1 second(s)

2018-06-10 00:07:12 - [TEST_STEP][PASSED] - selectOptionByIndex: All options with index in [63] are selected on object 'Object Repository/DispensaryToStore/Page_Dispensary Store/select_--Select--Adernaline 0.'

2018-06-10 00:07:13 - [MESSAGE][PASSED] - All options with index in [63] are selected on object 'Object Repository/DispensaryToStore/Page_Dispensary Store/select_--Select--Adernaline 0.'

2018-06-10 00:07:13 - [TEST_STEP][PASSED] - delay: Delayed 1 second(s)

2018-06-10 00:07:14 - [MESSAGE][PASSED] - Delayed 1 second(s)

2018-06-10 00:07:14 - [TEST_STEP][PASSED] - setText: Text '10' is set on object 'Object Repository/DispensaryToStore/Page_Dispensary Store/input_txttreat'

2018-06-10 00:07:14 - [MESSAGE][PASSED] - Text '10' is set on object 'Object Repository/DispensaryToStore/Page_Dispensary Store/input_txttreat'

2018-06-10 00:07:14 - [TEST_STEP][PASSED] - click: Object: 'Object Repository/DispensaryToStore/Page_Dispensary Store/button_Add' is clicked on

2018-06-10 00:07:14 - [MESSAGE][PASSED] - Object: 'Object Repository/DispensaryToStore/Page_Dispensary Store/button_Add' is clicked on

2018-06-10 00:07:14 - [TEST_STEP][PASSED] - selectOptionByIndex: All options with index in [2] are selected on object 'Object Repository/DispensaryToStore/Page_Dispensary Store/select_--Select--Schedule 1Inj'

2018-06-10 00:07:14 - [MESSAGE][PASSED] - All options with index in [2] are selected on object 'Object Repository/DispensaryToStore/Page_Dispensary Store/select_--Select--Schedule 1Inj'

2018-06-10 00:07:14 - [TEST_STEP][PASSED] - delay: Delayed 1 second(s)

2018-06-10 00:07:15 - [MESSAGE][PASSED] - Delayed 1 second(s)

2018-06-10 00:07:15 - [TEST_STEP][PASSED] - selectOptionByIndex: All options with index in [64] are selected on object 'Object Repository/DispensaryToStore/Page_Dispensary Store/select_--Select--Adernaline 0.'

2018-06-10 00:07:16 - [MESSAGE][PASSED] - All options with index in [64] are selected on object 'Object Repository/DispensaryToStore/Page_Dispensary Store/select_--Select--Adernaline 0.'

2018-06-10 00:07:16 - [TEST_STEP][PASSED] - delay: Delayed 1 second(s)

2018-06-10 00:07:17 - [MESSAGE][PASSED] - Delayed 1 second(s)

2018-06-10 00:07:17 - [TEST_STEP][PASSED] - setText: Text '10' is set on object 'Object Repository/DispensaryToStore/Page_Dispensary Store/input_txttreat'

2018-06-10 00:07:17 - [MESSAGE][PASSED] - Text '10' is set on object 'Object Repository/DispensaryToStore/Page_Dispensary Store/input_txttreat'

2018-06-10 00:07:17 - [TEST_STEP][PASSED] - click: Object: 'Object Repository/DispensaryToStore/Page_Dispensary Store/button_Add' is clicked on

2018-06-10 00:07:17 - [MESSAGE][PASSED] - Object: 'Object Repository/DispensaryToStore/Page_Dispensary Store/button_Add' is clicked on

2018-06-10 00:07:17 - [TEST_STEP][PASSED] - selectOptionByIndex: All options with index in [2] are selected on object 'Object Repository/DispensaryToStore/Page_Dispensary Store/select_--Select--Schedule 1Inj'

2018-06-10 00:07:17 - [MESSAGE][PASSED] - All options with index in [2] are selected on object 'Object Repository/DispensaryToStore/Page_Dispensary Store/select_--Select--Schedule 1Inj'

2018-06-10 00:07:17 - [TEST_STEP][PASSED] - delay: Delayed 1 second(s)

2018-06-10 00:07:18 - [MESSAGE][PASSED] - Delayed 1 second(s)

2018-06-10 00:07:18 - [TEST_STEP][PASSED] - selectOptionByIndex: All options with index in [65] are selected on object 'Object Repository/DispensaryToStore/Page_Dispensary Store/select_--Select--Adernaline 0.'

2018-06-10 00:07:19 - [MESSAGE][PASSED] - All options with index in [65] are selected on object 'Object Repository/DispensaryToStore/Page_Dispensary Store/select_--Select--Adernaline 0.'

2018-06-10 00:07:19 - [TEST_STEP][PASSED] - delay: Delayed 1 second(s)

2018-06-10 00:07:20 - [MESSAGE][PASSED] - Delayed 1 second(s)

2018-06-10 00:07:20 - [TEST_STEP][PASSED] - setText: Text '10' is set on object 'Object Repository/DispensaryToStore/Page_Dispensary Store/input_txttreat'

2018-06-10 00:07:20 - [MESSAGE][PASSED] - Text '10' is set on object 'Object Repository/DispensaryToStore/Page_Dispensary Store/input_txttreat'

2018-06-10 00:07:20 - [TEST_STEP][PASSED] - click: Object: 'Object Repository/DispensaryToStore/Page_Dispensary Store/button_Add' is clicked on

2018-06-10 00:07:20 - [MESSAGE][PASSED] - Object: 'Object Repository/DispensaryToStore/Page_Dispensary Store/button_Add' is clicked on

2018-06-10 00:07:20 - [TEST_STEP][PASSED] - selectOptionByIndex: All options with index in [2] are selected on object 'Object Repository/DispensaryToStore/Page_Dispensary Store/select_--Select--Schedule 1Inj'

2018-06-10 00:07:21 - [MESSAGE][PASSED] - All options with index in [2] are selected on object 'Object Repository/DispensaryToStore/Page_Dispensary Store/select_--Select--Schedule 1Inj'

2018-06-10 00:07:21 - [TEST_STEP][PASSED] - delay: Delayed 1 second(s)

2018-06-10 00:07:22 - [MESSAGE][PASSED] - Delayed 1 second(s)

2018-06-10 00:07:22 - [TEST_STEP][PASSED] - selectOptionByIndex: All options with index in [66] are selected on object 'Object Repository/DispensaryToStore/Page_Dispensary Store/select_--Select--Adernaline 0.'

2018-06-10 00:07:22 - [MESSAGE][PASSED] - All options with index in [66] are selected on object 'Object Repository/DispensaryToStore/Page_Dispensary Store/select_--Select--Adernaline 0.'

2018-06-10 00:07:22 - [TEST_STEP][PASSED] - delay: Delayed 1 second(s)

2018-06-10 00:07:23 - [MESSAGE][PASSED] - Delayed 1 second(s)

2018-06-10 00:07:23 - [TEST_STEP][PASSED] - setText: Text '10' is set on object 'Object Repository/DispensaryToStore/Page_Dispensary Store/input_txttreat'

2018-06-10 00:07:23 - [MESSAGE][PASSED] - Text '10' is set on object 'Object Repository/DispensaryToStore/Page_Dispensary Store/input_txttreat'

2018-06-10 00:07:23 - [TEST_STEP][PASSED] - click: Object: 'Object Repository/DispensaryToStore/Page_Dispensary Store/button_Add' is clicked on

2018-06-10 00:07:24 - [MESSAGE][PASSED] - Object: 'Object Repository/DispensaryToStore/Page_Dispensary Store/button_Add' is clicked on

2018-06-10 00:07:24 - [TEST_STEP][PASSED] - selectOptionByIndex: All options with index in [2] are selected on object 'Object Repository/DispensaryToStore/Page_Dispensary Store/select_--Select--Schedule 1Inj'

2018-06-10 00:07:24 - [MESSAGE][PASSED] - All options with index in [2] are selected on object 'Object Repository/DispensaryToStore/Page_Dispensary Store/select_--Select--Schedule 1Inj'

2018-06-10 00:07:24 - [TEST_STEP][PASSED] - delay: Delayed 1 second(s)

2018-06-10 00:07:25 - [MESSAGE][PASSED] - Delayed 1 second(s)

2018-06-10 00:07:25 - [TEST_STEP][PASSED] - selectOptionByIndex: All options with index in [67] are selected on object 'Object Repository/DispensaryToStore/Page_Dispensary Store/select_--Select--Adernaline 0.'

2018-06-10 00:07:25 - [MESSAGE][PASSED] - All options with index in [67] are selected on object 'Object Repository/DispensaryToStore/Page_Dispensary Store/select_--Select--Adernaline 0.'

2018-06-10 00:07:25 - [TEST_STEP][PASSED] - delay: Delayed 1 second(s)

2018-06-10 00:07:26 - [MESSAGE][PASSED] - Delayed 1 second(s)

2018-06-10 00:07:26 - [TEST_STEP][PASSED] - setText: Text '10' is set on object 'Object Repository/DispensaryToStore/Page_Dispensary Store/input_txttreat'

2018-06-10 00:07:27 - [MESSAGE][PASSED] - Text '10' is set on object 'Object Repository/DispensaryToStore/Page_Dispensary Store/input_txttreat'

2018-06-10 00:07:27 - [TEST_STEP][PASSED] - click: Object: 'Object Repository/DispensaryToStore/Page_Dispensary Store/button_Add' is clicked on

2018-06-10 00:07:27 - [MESSAGE][PASSED] - Object: 'Object Repository/DispensaryToStore/Page_Dispensary Store/button_Add' is clicked on

2018-06-10 00:07:27 - [TEST_STEP][PASSED] - selectOptionByIndex: All options with index in [2] are selected on object 'Object Repository/DispensaryToStore/Page_Dispensary Store/select_--Select--Schedule 1Inj'

2018-06-10 00:07:27 - [MESSAGE][PASSED] - All options with index in [2] are selected on object 'Object Repository/DispensaryToStore/Page_Dispensary Store/select_--Select--Schedule 1Inj'

2018-06-10 00:07:27 - [TEST_STEP][PASSED] - delay: Delayed 1 second(s)

2018-06-10 00:07:28 - [MESSAGE][PASSED] - Delayed 1 second(s)

2018-06-10 00:07:28 - [TEST_STEP][PASSED] - selectOptionByIndex: All options with index in [68] are selected on object 'Object Repository/DispensaryToStore/Page_Dispensary Store/select_--Select--Adernaline 0.'

2018-06-10 00:07:29 - [MESSAGE][PASSED] - All options with index in [68] are selected on object 'Object Repository/DispensaryToStore/Page_Dispensary Store/select_--Select--Adernaline 0.'

2018-06-10 00:07:29 - [TEST_STEP][PASSED] - delay: Delayed 1 second(s)

2018-06-10 00:07:30 - [MESSAGE][PASSED] - Delayed 1 second(s)

2018-06-10 00:07:30 - [TEST_STEP][PASSED] - setText: Text '10' is set on object 'Object Repository/DispensaryToStore/Page_Dispensary Store/input_txttreat'

2018-06-10 00:07:30 - [MESSAGE][PASSED] - Text '10' is set on object 'Object Repository/DispensaryToStore/Page_Dispensary Store/input_txttreat'

2018-06-10 00:07:30 - [TEST_STEP][PASSED] - click: Object: 'Object Repository/DispensaryToStore/Page_Dispensary Store/button_Add' is clicked on

2018-06-10 00:07:30 - [MESSAGE][PASSED] - Object: 'Object Repository/DispensaryToStore/Page_Dispensary Store/button_Add' is clicked on

2018-06-10 00:07:30 - [TEST_STEP][PASSED] - selectOptionByIndex: All options with index in [2] are selected on object 'Object Repository/DispensaryToStore/Page_Dispensary Store/select_--Select--Schedule 1Inj'

2018-06-10 00:07:30 - [MESSAGE][PASSED] - All options with index in [2] are selected on object 'Object Repository/DispensaryToStore/Page_Dispensary Store/select_--Select--Schedule 1Inj'

2018-06-10 00:07:30 - [TEST_STEP][PASSED] - delay: Delayed 1 second(s)

2018-06-10 00:07:31 - [MESSAGE][PASSED] - Delayed 1 second(s)

2018-06-10 00:07:31 - [TEST_STEP][PASSED] - selectOptionByIndex: All options with index in [69] are selected on object 'Object Repository/DispensaryToStore/Page_Dispensary Store/select_--Select--Adernaline 0.'

2018-06-10 00:07:32 - [MESSAGE][PASSED] - All options with index in [69] are selected on object 'Object Repository/DispensaryToStore/Page_Dispensary Store/select_--Select--Adernaline 0.'

2018-06-10 00:07:32 - [TEST_STEP][PASSED] - delay: Delayed 1 second(s)

2018-06-10 00:07:33 - [MESSAGE][PASSED] - Delayed 1 second(s)

2018-06-10 00:07:33 - [TEST_STEP][PASSED] - setText: Text '10' is set on object 'Object Repository/DispensaryToStore/Page_Dispensary Store/input_txttreat'

2018-06-10 00:07:33 - [MESSAGE][PASSED] - Text '10' is set on object 'Object Repository/DispensaryToStore/Page_Dispensary Store/input_txttreat'

2018-06-10 00:07:33 - [TEST_STEP][PASSED] - click: Object: 'Object Repository/DispensaryToStore/Page_Dispensary Store/button_Add' is clicked on

2018-06-10 00:07:33 - [MESSAGE][PASSED] - Object: 'Object Repository/DispensaryToStore/Page_Dispensary Store/button_Add' is clicked on

2018-06-10 00:07:33 - [TEST_STEP][PASSED] - selectOptionByIndex: All options with index in [2] are selected on object 'Object Repository/DispensaryToStore/Page_Dispensary Store/select_--Select--Schedule 1Inj'

2018-06-10 00:07:33 - [MESSAGE][PASSED] - All options with index in [2] are selected on object 'Object Repository/DispensaryToStore/Page_Dispensary Store/select_--Select--Schedule 1Inj'

2018-06-10 00:07:33 - [TEST_STEP][PASSED] - delay: Delayed 1 second(s)

2018-06-10 00:07:34 - [MESSAGE][PASSED] - Delayed 1 second(s)

2018-06-10 00:07:34 - [TEST_STEP][PASSED] - selectOptionByIndex: All options with index in [70] are selected on object 'Object Repository/DispensaryToStore/Page_Dispensary Store/select_--Select--Adernaline 0.'

2018-06-10 00:07:35 - [MESSAGE][PASSED] - All options with index in [70] are selected on object 'Object Repository/DispensaryToStore/Page_Dispensary Store/select_--Select--Adernaline 0.'

2018-06-10 00:07:35 - [TEST_STEP][PASSED] - delay: Delayed 1 second(s)

2018-06-10 00:07:36 - [MESSAGE][PASSED] - Delayed 1 second(s)

2018-06-10 00:07:36 - [TEST_STEP][PASSED] - setText: Text '10' is set on object 'Object Repository/DispensaryToStore/Page_Dispensary Store/input_txttreat'

2018-06-10 00:07:36 - [MESSAGE][PASSED] - Text '10' is set on object 'Object Repository/DispensaryToStore/Page_Dispensary Store/input_txttreat'

2018-06-10 00:07:36 - [TEST_STEP][PASSED] - click: Object: 'Object Repository/DispensaryToStore/Page_Dispensary Store/button_Add' is clicked on

2018-06-10 00:07:36 - [MESSAGE][PASSED] - Object: 'Object Repository/DispensaryToStore/Page_Dispensary Store/button_Add' is clicked on

2018-06-10 00:07:36 - [TEST_STEP][PASSED] - selectOptionByIndex: All options with index in [2] are selected on object 'Object Repository/DispensaryToStore/Page_Dispensary Store/select_--Select--Schedule 1Inj'

2018-06-10 00:07:36 - [MESSAGE][PASSED] - All options with index in [2] are selected on object 'Object Repository/DispensaryToStore/Page_Dispensary Store/select_--Select--Schedule 1Inj'

2018-06-10 00:07:36 - [TEST_STEP][PASSED] - delay: Delayed 1 second(s)

2018-06-10 00:07:37 - [MESSAGE][PASSED] - Delayed 1 second(s)

2018-06-10 00:07:37 - [TEST_STEP][PASSED] - selectOptionByIndex: All options with index in [71] are selected on object 'Object Repository/DispensaryToStore/Page_Dispensary Store/select_--Select--Adernaline 0.'

2018-06-10 00:07:38 - [MESSAGE][PASSED] - All options with index in [71] are selected on object 'Object Repository/DispensaryToStore/Page_Dispensary Store/select_--Select--Adernaline 0.'

2018-06-10 00:07:38 - [TEST_STEP][PASSED] - delay: Delayed 1 second(s)

2018-06-10 00:07:39 - [MESSAGE][PASSED] - Delayed 1 second(s)

2018-06-10 00:07:39 - [TEST_STEP][PASSED] - setText: Text '10' is set on object 'Object Repository/DispensaryToStore/Page_Dispensary Store/input_txttreat'

2018-06-10 00:07:39 - [MESSAGE][PASSED] - Text '10' is set on object 'Object Repository/DispensaryToStore/Page_Dispensary Store/input_txttreat'

2018-06-10 00:07:39 - [TEST_STEP][PASSED] - click: Object: 'Object Repository/DispensaryToStore/Page_Dispensary Store/button_Add' is clicked on

2018-06-10 00:07:39 - [MESSAGE][PASSED] - Object: 'Object Repository/DispensaryToStore/Page_Dispensary Store/button_Add' is clicked on

2018-06-10 00:07:39 - [TEST_STEP][PASSED] - selectOptionByIndex: All options with index in [2] are selected on object 'Object Repository/DispensaryToStore/Page_Dispensary Store/select_--Select--Schedule 1Inj'

2018-06-10 00:07:39 - [MESSAGE][PASSED] - All options with index in [2] are selected on object 'Object Repository/DispensaryToStore/Page_Dispensary Store/select_--Select--Schedule 1Inj'

2018-06-10 00:07:39 - [TEST_STEP][PASSED] - delay: Delayed 1 second(s)

2018-06-10 00:07:40 - [MESSAGE][PASSED] - Delayed 1 second(s)

2018-06-10 00:07:40 - [TEST_STEP][PASSED] - selectOptionByIndex: All options with index in [72] are selected on object 'Object Repository/DispensaryToStore/Page_Dispensary Store/select_--Select--Adernaline 0.'

2018-06-10 00:07:41 - [MESSAGE][PASSED] - All options with index in [72] are selected on object 'Object Repository/DispensaryToStore/Page_Dispensary Store/select_--Select--Adernaline 0.'

2018-06-10 00:07:41 - [TEST_STEP][PASSED] - delay: Delayed 1 second(s)

2018-06-10 00:07:42 - [MESSAGE][PASSED] - Delayed 1 second(s)

2018-06-10 00:07:42 - [TEST_STEP][PASSED] - setText: Text '10' is set on object 'Object Repository/DispensaryToStore/Page_Dispensary Store/input_txttreat'

2018-06-10 00:07:42 - [MESSAGE][PASSED] - Text '10' is set on object 'Object Repository/DispensaryToStore/Page_Dispensary Store/input_txttreat'

2018-06-10 00:07:42 - [TEST_STEP][PASSED] - click: Object: 'Object Repository/DispensaryToStore/Page_Dispensary Store/button_Add' is clicked on

2018-06-10 00:07:42 - [MESSAGE][PASSED] - Object: 'Object Repository/DispensaryToStore/Page_Dispensary Store/button_Add' is clicked on

2018-06-10 00:07:42 - [TEST_STEP][PASSED] - scrollToElement: Scroll to object 'Object Repository/DispensaryToStore/Page_Dispensary Store/input_btnsave' successfully

2018-06-10 00:07:42 - [MESSAGE][PASSED] - Scroll to object 'Object Repository/DispensaryToStore/Page_Dispensary Store/input_btnsave' successfully

2018-06-10 00:07:42 - [TEST_STEP][PASSED] - click: Object: 'Object Repository/DispensaryToStore/Page_Dispensary Store/input_btnsave' is clicked on

2018-06-10 00:07:43 - [MESSAGE][PASSED] - Object: 'Object Repository/DispensaryToStore/Page_Dispensary Store/input_btnsave' is clicked on

2018-06-10 00:07:43 - [TEST_STEP][PASSED] - delay: Delayed 3 second(s)

2018-06-10 00:07:46 - [MESSAGE][PASSED] - Delayed 3 second(s)

2018-06-10 00:07:46 - [TEST_STEP][PASSED] - Statement - RN1 = com.kms.katalon.core.webui.keyword.WebUiBuiltInKeywords.getText(com.kms.katalon.core.testobject.ObjectRepository.findTestObject(DispensaryToStore/Page_Dispensary Store/font_HPRNO180520187)): Text of object 'Object Repository/DispensaryToStore/Page_Dispensary Store/font_HPRNO180520187' is: 'DPRNO/10062018/232'

2018-06-10 00:07:46 - [MESSAGE][PASSED] - Text of object 'Object Repository/DispensaryToStore/Page_Dispensary Store/font_HPRNO180520187' is: 'DPRNO/10062018/232'

2018-06-10 00:07:46 - [TEST_STEP][PASSED] - Statement - out.println(RN1): null

2018-06-10 00:07:46 - [TEST_STEP][PASSED] - Statement - RID = RN1.split("/")[2]: null

2018-06-10 00:07:46 - [TEST_STEP][PASSED] - click: Object: 'Object Repository/DispensaryToStore/Page_Dispensary Store/button_OK' is clicked on

2018-06-10 00:07:46 - [MESSAGE][PASSED] - Object: 'Object Repository/DispensaryToStore/Page_Dispensary Store/button_OK' is clicked on

2018-06-10 00:07:46 - [TEST_STEP][PASSED] - delay: Delayed 3 second(s)

2018-06-10 00:07:49 - [MESSAGE][PASSED] - Delayed 3 second(s)

2018-06-10 00:07:49 - [TEST_STEP][PASSED] - click: Object: 'Object Repository/DispensaryToStore/Page_Dispensary Store/a_dropdown-toggle' is clicked on

2018-06-10 00:07:49 - [MESSAGE][PASSED] - Object: 'Object Repository/DispensaryToStore/Page_Dispensary Store/a_dropdown-toggle' is clicked on

2018-06-10 00:07:49 - [TEST_STEP][PASSED] - click: Object: 'Object Repository/DispensaryToStore/Page_Dispensary Store/a_Sign out' is clicked on

2018-06-10 00:07:50 - [MESSAGE][PASSED] - Object: 'Object Repository/DispensaryToStore/Page_Dispensary Store/a_Sign out' is clicked on

2018-06-10 00:07:50 - [TEST_STEP][PASSED] - delay: Delayed 3 second(s)

2018-06-10 00:07:53 - [MESSAGE][PASSED] - Delayed 3 second(s)

2018-06-10 00:07:53 - [TEST_STEP][PASSED] - navigateToUrl: Navigate to 'http://192.168.137.1/multihospital_new/' successfully

2018-06-10 00:07:53 - [MESSAGE][PASSED] - Navigate to 'http://192.168.137.1/multihospital_new/' successfully

2018-06-10 00:07:53 - [TEST_STEP][PASSED] - click: Object: 'Object Repository/DispensaryToStore/Page_KDMC/a_CMO' is clicked on

2018-06-10 00:07:54 - [MESSAGE][PASSED] - Object: 'Object Repository/DispensaryToStore/Page_KDMC/a_CMO' is clicked on

2018-06-10 00:07:54 - [TEST_STEP][PASSED] - setText: Text 'guru' is set on object 'Object Repository/DispensaryToStore/Page_CMO login/input_txtusername'

2018-06-10 00:07:54 - [MESSAGE][PASSED] - Text 'guru' is set on object 'Object Repository/DispensaryToStore/Page_CMO login/input_txtusername'

2018-06-10 00:07:54 - [TEST_STEP][PASSED] - setText: Text '123' is set on object 'Object Repository/DispensaryToStore/Page_CMO login/input_txtpassword'

2018-06-10 00:07:54 - [MESSAGE][PASSED] - Text '123' is set on object 'Object Repository/DispensaryToStore/Page_CMO login/input_txtpassword'

2018-06-10 00:07:54 - [TEST_STEP][PASSED] - delay: Delayed 3 second(s)

2018-06-10 00:07:57 - [MESSAGE][PASSED] - Delayed 3 second(s)

2018-06-10 00:07:57 - [TEST_STEP][PASSED] - click: Object: 'Object Repository/DispensaryToStore/Page_CMO login/button_Sign in' is clicked on

2018-06-10 00:07:58 - [MESSAGE][PASSED] - Object: 'Object Repository/DispensaryToStore/Page_CMO login/button_Sign in' is clicked on

2018-06-10 00:07:58 - [TEST_STEP][PASSED] - click: Object: 'Object Repository/DispensaryToStore/Page_KDMC - CMO/a_Department Wise Request' is clicked on

2018-06-10 00:08:00 - [MESSAGE][PASSED] - Object: 'Object Repository/DispensaryToStore/Page_KDMC - CMO/a_Department Wise Request' is clicked on

2018-06-10 00:08:00 - [TEST_STEP][PASSED] - delay: Delayed 2 second(s)

2018-06-10 00:08:02 - [MESSAGE][PASSED] - Delayed 2 second(s)

2018-06-10 00:08:02 - [TEST_STEP][PASSED] - selectOptionByIndex: All options with index in [6] are selected on object 'Object Repository/DispensaryToStore/Page_KDMC - CMO/select_--ALL--'

2018-06-10 00:08:03 - [MESSAGE][PASSED] - All options with index in [6] are selected on object 'Object Repository/DispensaryToStore/Page_KDMC - CMO/select_--ALL--'

2018-06-10 00:08:03 - [TEST_STEP][PASSED] - click: Object: 'Object Repository/DispensaryToStore/Page_KDMC - CMO/input_btnsearch' is clicked on

2018-06-10 00:08:03 - [MESSAGE][PASSED] - Object: 'Object Repository/DispensaryToStore/Page_KDMC - CMO/input_btnsearch' is clicked on

2018-06-10 00:08:03 - [TEST_STEP][PASSED] - selectOptionByIndex: All options with index in [1] are selected on object 'Object Repository/DispensaryToStore/Page_KDMC - CMO/select_--ALL--                _1'

2018-06-10 00:08:03 - [MESSAGE][PASSED] - All options with index in [1] are selected on object 'Object Repository/DispensaryToStore/Page_KDMC - CMO/select_--ALL--                _1'

2018-06-10 00:08:03 - [TEST_STEP][PASSED] - click: Object: 'Object Repository/DispensaryToStore/Page_KDMC - CMO/input_btnsearch' is clicked on

2018-06-10 00:08:03 - [MESSAGE][PASSED] - Object: 'Object Repository/DispensaryToStore/Page_KDMC - CMO/input_btnsearch' is clicked on

2018-06-10 00:08:03 - [TEST_STEP][PASSED] - Statement - ID = com.kms.katalon.core.webui.keyword.WebUiBuiltInKeywords.modifyObjectProperty(com.kms.katalon.core.testobject.ObjectRepository.findTestObject(lab/Page_KDMC - CMO/input_1), "xpath", "equals", "//*[@id=" + RID + "]", true): Modify property of object successfully

2018-06-10 00:08:03 - [MESSAGE][PASSED] - Modify property of object successfully

2018-06-10 00:08:03 - [TEST_STEP][PASSED] - click: Object: 'Object Repository/lab/Page_KDMC - CMO/input_1' is clicked on

2018-06-10 00:08:04 - [MESSAGE][PASSED] - Object: 'Object Repository/lab/Page_KDMC - CMO/input_1' is clicked on

2018-06-10 00:08:04 - [TEST_STEP][PASSED] - delay: Delayed 2 second(s)

2018-06-10 00:08:06 - [MESSAGE][PASSED] - Delayed 2 second(s)

2018-06-10 00:08:06 - [TEST_STEP][PASSED] - selectOptionByIndex: All options with index in [1] are selected on object 'Object Repository/DispensaryToStore/Page_KDMC - CMO/select_--Select--'

2018-06-10 00:08:06 - [MESSAGE][PASSED] - All options with index in [1] are selected on object 'Object Repository/DispensaryToStore/Page_KDMC - CMO/select_--Select--'

2018-06-10 00:08:06 - [TEST_STEP][PASSED] - click: Object: 'Object Repository/DispensaryToStore/Page_KDMC - CMO/input_btnupdate' is clicked on

2018-06-10 00:08:06 - [MESSAGE][PASSED] - Object: 'Object Repository/DispensaryToStore/Page_KDMC - CMO/input_btnupdate' is clicked on

2018-06-10 00:08:06 - [TEST_STEP][PASSED] - delay: Delayed 2 second(s)

2018-06-10 00:08:08 - [MESSAGE][PASSED] - Delayed 2 second(s)

2018-06-10 00:08:08 - [TEST_STEP][PASSED] - click: Object: 'Object Repository/DispensaryToStore/Page_KDMC - CMO/button_OK' is clicked on

2018-06-10 00:08:08 - [MESSAGE][PASSED] - Object: 'Object Repository/DispensaryToStore/Page_KDMC - CMO/button_OK' is clicked on

2018-06-10 00:08:08 - [TEST_STEP][PASSED] - delay: Delayed 2 second(s)

2018-06-10 00:08:10 - [MESSAGE][PASSED] - Delayed 2 second(s)

2018-06-10 00:08:10 - [TEST_STEP][PASSED] - click: Object: 'Object Repository/DispensaryToStore/Page_KDMC - CMO/a_dropdown-toggle' is clicked on

2018-06-10 00:08:10 - [MESSAGE][PASSED] - Object: 'Object Repository/DispensaryToStore/Page_KDMC - CMO/a_dropdown-toggle' is clicked on

2018-06-10 00:08:10 - [TEST_STEP][PASSED] - click: Object: 'Object Repository/DispensaryToStore/Page_KDMC - CMO/a_Sign out' is clicked on

2018-06-10 00:08:11 - [MESSAGE][PASSED] - Object: 'Object Repository/DispensaryToStore/Page_KDMC - CMO/a_Sign out' is clicked on

2018-06-10 00:08:11 - [TEST_STEP][PASSED] - delay: Delayed 3 second(s)

2018-06-10 00:08:14 - [MESSAGE][PASSED] - Delayed 3 second(s)

2018-06-10 00:08:14 - [TEST_STEP][PASSED] - click: Object: 'Object Repository/DispensaryToStore/Page_KDMC/a_Divisional Store' is clicked on

2018-06-10 00:08:15 - [MESSAGE][PASSED] - Object: 'Object Repository/DispensaryToStore/Page_KDMC/a_Divisional Store' is clicked on

2018-06-10 00:08:15 - [TEST_STEP][PASSED] - setText: Text 'ragu' is set on object 'Object Repository/DispensaryToStore/Page_Divisonal Store Login/input_txtusername'

2018-06-10 00:08:15 - [MESSAGE][PASSED] - Text 'ragu' is set on object 'Object Repository/DispensaryToStore/Page_Divisonal Store Login/input_txtusername'

2018-06-10 00:08:15 - [TEST_STEP][PASSED] - setText: Text '123' is set on object 'Object Repository/DispensaryToStore/Page_Divisonal Store Login/input_txtpassword'

2018-06-10 00:08:15 - [MESSAGE][PASSED] - Text '123' is set on object 'Object Repository/DispensaryToStore/Page_Divisonal Store Login/input_txtpassword'

2018-06-10 00:08:15 - [TEST_STEP][PASSED] - delay: Delayed 3 second(s)

2018-06-10 00:08:18 - [MESSAGE][PASSED] - Delayed 3 second(s)

2018-06-10 00:08:18 - [TEST_STEP][PASSED] - click: Object: 'Object Repository/DispensaryToStore/Page_Divisonal Store Login/button_Sign in' is clicked on

2018-06-10 00:08:20 - [MESSAGE][PASSED] - Object: 'Object Repository/DispensaryToStore/Page_Divisonal Store Login/button_Sign in' is clicked on

2018-06-10 00:08:20 - [TEST_STEP][PASSED] - delay: Delayed 3 second(s)

2018-06-10 00:08:23 - [MESSAGE][PASSED] - Delayed 3 second(s)

2018-06-10 00:08:23 - [TEST_STEP][PASSED] - scrollToPosition: Browser is scrolled to position x = 100, y = 100

2018-06-10 00:08:23 - [MESSAGE][PASSED] - Browser is scrolled to position x = 100, y = 100

2018-06-10 00:08:23 - [TEST_STEP][PASSED] - click: Object: 'Object Repository/DispensaryToStore/Page_Store/a_Dispensary Request' is clicked on

2018-06-10 00:08:23 - [MESSAGE][PASSED] - Object: 'Object Repository/DispensaryToStore/Page_Store/a_Dispensary Request' is clicked on

2018-06-10 00:08:23 - [TEST_STEP][PASSED] - delay: Delayed 2 second(s)

2018-06-10 00:08:25 - [MESSAGE][PASSED] - Delayed 2 second(s)

2018-06-10 00:08:25 - [TEST_STEP][PASSED] - click: Object: 'Object Repository/DispensaryToStore/Page_Store/a_Request Item Dispensary' is clicked on

2018-06-10 00:08:26 - [MESSAGE][PASSED] - Object: 'Object Repository/DispensaryToStore/Page_Store/a_Request Item Dispensary' is clicked on

2018-06-10 00:08:26 - [TEST_STEP][PASSED] - Statement - ChooseRequest = com.kms.katalon.core.webui.keyword.WebUiBuiltInKeywords.modifyObjectProperty(com.kms.katalon.core.testobject.ObjectRepository.findTestObject(lab/Page_Store/input_1), "xpath", "equals", "//*[@id=" + RID + "]", true): Modify property of object successfully

2018-06-10 00:08:26 - [MESSAGE][PASSED] - Modify property of object successfully

2018-06-10 00:08:26 - [TEST_STEP][PASSED] - click: Object: 'Object Repository/lab/Page_Store/input_1' is clicked on

2018-06-10 00:08:27 - [MESSAGE][PASSED] - Object: 'Object Repository/lab/Page_Store/input_1' is clicked on

2018-06-10 00:08:27 - [TEST_STEP][PASSED] - Statement - selectedoptions = com.kms.katalon.core.webui.keyword.WebUiBuiltInKeywords.getNumberOfTotalOption(com.kms.katalon.core.testobject.ObjectRepository.findTestObject(DispensaryToStore/Page_Store/select_--Select--Adernaline 0.)): 73 options of object 'Object Repository/DispensaryToStore/Page_Store/select_--Select--Adernaline 0.' counted

2018-06-10 00:08:27 - [MESSAGE][PASSED] - 73 options of object 'Object Repository/DispensaryToStore/Page_Store/select_--Select--Adernaline 0.' counted

2018-06-10 00:08:27 - [TEST_STEP][PASSED] - Statement - For ([a = 1, a <= selectedoptions - 1, (a++)]): null

2018-06-10 00:08:27 - [TEST_STEP][PASSED] - selectOptionByIndex: All options with index in [1] are selected on object 'Object Repository/DispensaryToStore/Page_Store/select_--Select--Adernaline 0.'

2018-06-10 00:08:27 - [MESSAGE][PASSED] - All options with index in [1] are selected on object 'Object Repository/DispensaryToStore/Page_Store/select_--Select--Adernaline 0.'

2018-06-10 00:08:27 - [TEST_STEP][PASSED] - delay: Delayed 2 second(s)

2018-06-10 00:08:29 - [MESSAGE][PASSED] - Delayed 2 second(s)

2018-06-10 00:08:29 - [TEST_STEP][PASSED] - Statement - RequestedQty = com.kms.katalon.core.webui.keyword.WebUiBuiltInKeywords.getAttribute(com.kms.katalon.core.testobject.ObjectRepository.findTestObject(DispensaryToStore/Page_Store/input_txttotal), "value"): Attribute 'value' of object 'Object Repository/DispensaryToStore/Page_Store/input_txttotal' is: '10'

2018-06-10 00:08:29 - [MESSAGE][PASSED] - Attribute 'value' of object 'Object Repository/DispensaryToStore/Page_Store/input_txttotal' is: '10'

2018-06-10 00:08:29 - [TEST_STEP][PASSED] - Statement - out.println("Requested QTY : " + RequestedQty): null

2018-06-10 00:08:29 - [TEST_STEP][PASSED] - Statement - BatchNumber = com.kms.katalon.core.webui.keyword.WebUiBuiltInKeywords.getNumberOfTotalOption(com.kms.katalon.core.testobject.ObjectRepository.findTestObject(DispensaryToStore/Page_Store/select_--Select--BA1170BA2376B)): 2 options of object 'Object Repository/DispensaryToStore/Page_Store/select_--Select--BA1170BA2376B' counted

2018-06-10 00:08:29 - [MESSAGE][PASSED] - 2 options of object 'Object Repository/DispensaryToStore/Page_Store/select_--Select--BA1170BA2376B' counted

2018-06-10 00:08:29 - [TEST_STEP][PASSED] - Statement - For ([g = 1, g <= BatchNumber - 1, (g++)]): null

2018-06-10 00:08:29 - [TEST_STEP][PASSED] - selectOptionByIndex: All options with index in [1] are selected on object 'Object Repository/DispensaryToStore/Page_Store/select_--Select--BA1170BA2376B'

2018-06-10 00:08:29 - [MESSAGE][PASSED] - All options with index in [1] are selected on object 'Object Repository/DispensaryToStore/Page_Store/select_--Select--BA1170BA2376B'

2018-06-10 00:08:29 - [TEST_STEP][PASSED] - Statement - Try: null

2018-06-10 00:08:29 - [TEST_STEP][PASSED] - Statement - StockQty = com.kms.katalon.core.webui.keyword.WebUiBuiltInKeywords.getAttribute(com.kms.katalon.core.testobject.ObjectRepository.findTestObject(DispensaryToStore/Page_Store/input_txtprice), "value"): Attribute 'value' of object 'Object Repository/DispensaryToStore/Page_Store/input_txtprice' is: '2020'

2018-06-10 00:08:29 - [MESSAGE][PASSED] - Attribute 'value' of object 'Object Repository/DispensaryToStore/Page_Store/input_txtprice' is: '2020'

2018-06-10 00:08:29 - [TEST_STEP][PASSED] - Statement - out.println("Stock QTY : " + StockQty): null

2018-06-10 00:08:29 - [TEST_STEP][PASSED] - delay: Delayed 2 second(s)

2018-06-10 00:08:31 - [MESSAGE][PASSED] - Delayed 2 second(s)

2018-06-10 00:08:31 - [TEST_STEP][PASSED] - Statement - If (java.lang.String.valueOf(StockQty) >= java.lang.String.valueOf(RequestedQty)): null

2018-06-10 00:08:31 - [TEST_STEP][PASSED] - setText: Text '10' is set on object 'Object Repository/DispensaryToStore/Page_Store/input_txtqty'

2018-06-10 00:08:32 - [MESSAGE][PASSED] - Text '10' is set on object 'Object Repository/DispensaryToStore/Page_Store/input_txtqty'

2018-06-10 00:08:32 - [TEST_STEP][PASSED] - click: Object: 'Object Repository/DispensaryToStore/Page_Store/button_Add' is clicked on

2018-06-10 00:08:32 - [MESSAGE][PASSED] - Object: 'Object Repository/DispensaryToStore/Page_Store/button_Add' is clicked on

2018-06-10 00:08:32 - [TEST_STEP][PASSED] - Statement - Break: null

2018-06-10 00:08:32 - [TEST_STEP][PASSED] - selectOptionByIndex: All options with index in [2] are selected on object 'Object Repository/DispensaryToStore/Page_Store/select_--Select--Adernaline 0.'

2018-06-10 00:08:32 - [MESSAGE][PASSED] - All options with index in [2] are selected on object 'Object Repository/DispensaryToStore/Page_Store/select_--Select--Adernaline 0.'

2018-06-10 00:08:32 - [TEST_STEP][PASSED] - delay: Delayed 2 second(s)

2018-06-10 00:08:34 - [MESSAGE][PASSED] - Delayed 2 second(s)

2018-06-10 00:08:34 - [TEST_STEP][PASSED] - Statement - RequestedQty = com.kms.katalon.core.webui.keyword.WebUiBuiltInKeywords.getAttribute(com.kms.katalon.core.testobject.ObjectRepository.findTestObject(DispensaryToStore/Page_Store/input_txttotal), "value"): Attribute 'value' of object 'Object Repository/DispensaryToStore/Page_Store/input_txttotal' is: '10'

2018-06-10 00:08:34 - [MESSAGE][PASSED] - Attribute 'value' of object 'Object Repository/DispensaryToStore/Page_Store/input_txttotal' is: '10'

2018-06-10 00:08:34 - [TEST_STEP][PASSED] - Statement - out.println("Requested QTY : " + RequestedQty): null

2018-06-10 00:08:34 - [TEST_STEP][PASSED] - Statement - BatchNumber = com.kms.katalon.core.webui.keyword.WebUiBuiltInKeywords.getNumberOfTotalOption(com.kms.katalon.core.testobject.ObjectRepository.findTestObject(DispensaryToStore/Page_Store/select_--Select--BA1170BA2376B)): 5 options of object 'Object Repository/DispensaryToStore/Page_Store/select_--Select--BA1170BA2376B' counted

2018-06-10 00:08:34 - [MESSAGE][PASSED] - 5 options of object 'Object Repository/DispensaryToStore/Page_Store/select_--Select--BA1170BA2376B' counted

2018-06-10 00:08:34 - [TEST_STEP][PASSED] - Statement - For ([g = 1, g <= BatchNumber - 1, (g++)]): null

2018-06-10 00:08:34 - [TEST_STEP][PASSED] - selectOptionByIndex: All options with index in [1] are selected on object 'Object Repository/DispensaryToStore/Page_Store/select_--Select--BA1170BA2376B'

2018-06-10 00:08:34 - [MESSAGE][PASSED] - All options with index in [1] are selected on object 'Object Repository/DispensaryToStore/Page_Store/select_--Select--BA1170BA2376B'

2018-06-10 00:08:34 - [TEST_STEP][PASSED] - Statement - Try: null

2018-06-10 00:08:34 - [TEST_STEP][PASSED] - Statement - StockQty = com.kms.katalon.core.webui.keyword.WebUiBuiltInKeywords.getAttribute(com.kms.katalon.core.testobject.ObjectRepository.findTestObject(DispensaryToStore/Page_Store/input_txtprice), "value"): Attribute 'value' of object 'Object Repository/DispensaryToStore/Page_Store/input_txtprice' is: '540'

2018-06-10 00:08:34 - [MESSAGE][PASSED] - Attribute 'value' of object 'Object Repository/DispensaryToStore/Page_Store/input_txtprice' is: '540'

2018-06-10 00:08:34 - [TEST_STEP][PASSED] - Statement - out.println("Stock QTY : " + StockQty): null

2018-06-10 00:08:34 - [TEST_STEP][PASSED] - delay: Delayed 2 second(s)

2018-06-10 00:08:36 - [MESSAGE][PASSED] - Delayed 2 second(s)

2018-06-10 00:08:36 - [TEST_STEP][PASSED] - Statement - If (java.lang.String.valueOf(StockQty) >= java.lang.String.valueOf(RequestedQty)): null

2018-06-10 00:08:36 - [TEST_STEP][PASSED] - setText: Text '10' is set on object 'Object Repository/DispensaryToStore/Page_Store/input_txtqty'

2018-06-10 00:08:36 - [MESSAGE][PASSED] - Text '10' is set on object 'Object Repository/DispensaryToStore/Page_Store/input_txtqty'

2018-06-10 00:08:36 - [TEST_STEP][PASSED] - click: Object: 'Object Repository/DispensaryToStore/Page_Store/button_Add' is clicked on

2018-06-10 00:08:36 - [MESSAGE][PASSED] - Object: 'Object Repository/DispensaryToStore/Page_Store/button_Add' is clicked on

2018-06-10 00:08:36 - [TEST_STEP][PASSED] - Statement - Break: null

2018-06-10 00:08:36 - [TEST_STEP][PASSED] - selectOptionByIndex: All options with index in [3] are selected on object 'Object Repository/DispensaryToStore/Page_Store/select_--Select--Adernaline 0.'

2018-06-10 00:08:36 - [MESSAGE][PASSED] - All options with index in [3] are selected on object 'Object Repository/DispensaryToStore/Page_Store/select_--Select--Adernaline 0.'

2018-06-10 00:08:36 - [TEST_STEP][PASSED] - delay: Delayed 2 second(s)

2018-06-10 00:08:38 - [MESSAGE][PASSED] - Delayed 2 second(s)

2018-06-10 00:08:38 - [TEST_STEP][PASSED] - Statement - RequestedQty = com.kms.katalon.core.webui.keyword.WebUiBuiltInKeywords.getAttribute(com.kms.katalon.core.testobject.ObjectRepository.findTestObject(DispensaryToStore/Page_Store/input_txttotal), "value"): Attribute 'value' of object 'Object Repository/DispensaryToStore/Page_Store/input_txttotal' is: '10'

2018-06-10 00:08:38 - [MESSAGE][PASSED] - Attribute 'value' of object 'Object Repository/DispensaryToStore/Page_Store/input_txttotal' is: '10'

2018-06-10 00:08:38 - [TEST_STEP][PASSED] - Statement - out.println("Requested QTY : " + RequestedQty): null

2018-06-10 00:08:38 - [TEST_STEP][PASSED] - Statement - BatchNumber = com.kms.katalon.core.webui.keyword.WebUiBuiltInKeywords.getNumberOfTotalOption(com.kms.katalon.core.testobject.ObjectRepository.findTestObject(DispensaryToStore/Page_Store/select_--Select--BA1170BA2376B)): 6 options of object 'Object Repository/DispensaryToStore/Page_Store/select_--Select--BA1170BA2376B' counted

2018-06-10 00:08:39 - [MESSAGE][PASSED] - 6 options of object 'Object Repository/DispensaryToStore/Page_Store/select_--Select--BA1170BA2376B' counted

2018-06-10 00:08:39 - [TEST_STEP][PASSED] - Statement - For ([g = 1, g <= BatchNumber - 1, (g++)]): null

2018-06-10 00:08:39 - [TEST_STEP][PASSED] - selectOptionByIndex: All options with index in [1] are selected on object 'Object Repository/DispensaryToStore/Page_Store/select_--Select--BA1170BA2376B'

2018-06-10 00:08:39 - [MESSAGE][PASSED] - All options with index in [1] are selected on object 'Object Repository/DispensaryToStore/Page_Store/select_--Select--BA1170BA2376B'

2018-06-10 00:08:39 - [TEST_STEP][PASSED] - Statement - Try: null

2018-06-10 00:08:39 - [TEST_STEP][PASSED] - Statement - StockQty = com.kms.katalon.core.webui.keyword.WebUiBuiltInKeywords.getAttribute(com.kms.katalon.core.testobject.ObjectRepository.findTestObject(DispensaryToStore/Page_Store/input_txtprice), "value"): Attribute 'value' of object 'Object Repository/DispensaryToStore/Page_Store/input_txtprice' is: '350'

2018-06-10 00:08:39 - [MESSAGE][PASSED] - Attribute 'value' of object 'Object Repository/DispensaryToStore/Page_Store/input_txtprice' is: '350'

2018-06-10 00:08:39 - [TEST_STEP][PASSED] - Statement - out.println("Stock QTY : " + StockQty): null

2018-06-10 00:08:39 - [TEST_STEP][PASSED] - delay: Delayed 2 second(s)

2018-06-10 00:08:41 - [MESSAGE][PASSED] - Delayed 2 second(s)

2018-06-10 00:08:41 - [TEST_STEP][PASSED] - Statement - If (java.lang.String.valueOf(StockQty) >= java.lang.String.valueOf(RequestedQty)): null

2018-06-10 00:08:41 - [TEST_STEP][PASSED] - setText: Text '10' is set on object 'Object Repository/DispensaryToStore/Page_Store/input_txtqty'

2018-06-10 00:08:41 - [MESSAGE][PASSED] - Text '10' is set on object 'Object Repository/DispensaryToStore/Page_Store/input_txtqty'

2018-06-10 00:08:41 - [TEST_STEP][PASSED] - click: Object: 'Object Repository/DispensaryToStore/Page_Store/button_Add' is clicked on

2018-06-10 00:08:41 - [MESSAGE][PASSED] - Object: 'Object Repository/DispensaryToStore/Page_Store/button_Add' is clicked on

2018-06-10 00:08:41 - [TEST_STEP][PASSED] - Statement - Break: null

2018-06-10 00:08:41 - [TEST_STEP][PASSED] - selectOptionByIndex: All options with index in [4] are selected on object 'Object Repository/DispensaryToStore/Page_Store/select_--Select--Adernaline 0.'

2018-06-10 00:08:41 - [MESSAGE][PASSED] - All options with index in [4] are selected on object 'Object Repository/DispensaryToStore/Page_Store/select_--Select--Adernaline 0.'

2018-06-10 00:08:41 - [TEST_STEP][PASSED] - delay: Delayed 2 second(s)

2018-06-10 00:08:43 - [MESSAGE][PASSED] - Delayed 2 second(s)

2018-06-10 00:08:43 - [TEST_STEP][PASSED] - Statement - RequestedQty = com.kms.katalon.core.webui.keyword.WebUiBuiltInKeywords.getAttribute(com.kms.katalon.core.testobject.ObjectRepository.findTestObject(DispensaryToStore/Page_Store/input_txttotal), "value"): Attribute 'value' of object 'Object Repository/DispensaryToStore/Page_Store/input_txttotal' is: '10'

2018-06-10 00:08:43 - [MESSAGE][PASSED] - Attribute 'value' of object 'Object Repository/DispensaryToStore/Page_Store/input_txttotal' is: '10'

2018-06-10 00:08:43 - [TEST_STEP][PASSED] - Statement - out.println("Requested QTY : " + RequestedQty): null

2018-06-10 00:08:43 - [TEST_STEP][PASSED] - Statement - BatchNumber = com.kms.katalon.core.webui.keyword.WebUiBuiltInKeywords.getNumberOfTotalOption(com.kms.katalon.core.testobject.ObjectRepository.findTestObject(DispensaryToStore/Page_Store/select_--Select--BA1170BA2376B)): 5 options of object 'Object Repository/DispensaryToStore/Page_Store/select_--Select--BA1170BA2376B' counted

2018-06-10 00:08:43 - [MESSAGE][PASSED] - 5 options of object 'Object Repository/DispensaryToStore/Page_Store/select_--Select--BA1170BA2376B' counted

2018-06-10 00:08:43 - [TEST_STEP][PASSED] - Statement - For ([g = 1, g <= BatchNumber - 1, (g++)]): null

2018-06-10 00:08:43 - [TEST_STEP][PASSED] - selectOptionByIndex: All options with index in [1] are selected on object 'Object Repository/DispensaryToStore/Page_Store/select_--Select--BA1170BA2376B'

2018-06-10 00:08:43 - [MESSAGE][PASSED] - All options with index in [1] are selected on object 'Object Repository/DispensaryToStore/Page_Store/select_--Select--BA1170BA2376B'

2018-06-10 00:08:43 - [TEST_STEP][PASSED] - Statement - Try: null

2018-06-10 00:08:43 - [TEST_STEP][PASSED] - Statement - StockQty = com.kms.katalon.core.webui.keyword.WebUiBuiltInKeywords.getAttribute(com.kms.katalon.core.testobject.ObjectRepository.findTestObject(DispensaryToStore/Page_Store/input_txtprice), "value"): Attribute 'value' of object 'Object Repository/DispensaryToStore/Page_Store/input_txtprice' is: '180'

2018-06-10 00:08:43 - [MESSAGE][PASSED] - Attribute 'value' of object 'Object Repository/DispensaryToStore/Page_Store/input_txtprice' is: '180'

2018-06-10 00:08:43 - [TEST_STEP][PASSED] - Statement - out.println("Stock QTY : " + StockQty): null

2018-06-10 00:08:43 - [TEST_STEP][PASSED] - delay: Delayed 2 second(s)

2018-06-10 00:08:45 - [MESSAGE][PASSED] - Delayed 2 second(s)

2018-06-10 00:08:45 - [TEST_STEP][PASSED] - Statement - If (java.lang.String.valueOf(StockQty) >= java.lang.String.valueOf(RequestedQty)): null

2018-06-10 00:08:45 - [TEST_STEP][PASSED] - setText: Text '10' is set on object 'Object Repository/DispensaryToStore/Page_Store/input_txtqty'

2018-06-10 00:08:45 - [MESSAGE][PASSED] - Text '10' is set on object 'Object Repository/DispensaryToStore/Page_Store/input_txtqty'

2018-06-10 00:08:45 - [TEST_STEP][PASSED] - click: Object: 'Object Repository/DispensaryToStore/Page_Store/button_Add' is clicked on

2018-06-10 00:08:45 - [MESSAGE][PASSED] - Object: 'Object Repository/DispensaryToStore/Page_Store/button_Add' is clicked on

2018-06-10 00:08:45 - [TEST_STEP][PASSED] - Statement - Break: null

2018-06-10 00:08:45 - [TEST_STEP][PASSED] - selectOptionByIndex: All options with index in [5] are selected on object 'Object Repository/DispensaryToStore/Page_Store/select_--Select--Adernaline 0.'

2018-06-10 00:08:46 - [MESSAGE][PASSED] - All options with index in [5] are selected on object 'Object Repository/DispensaryToStore/Page_Store/select_--Select--Adernaline 0.'

2018-06-10 00:08:46 - [TEST_STEP][PASSED] - delay: Delayed 2 second(s)

2018-06-10 00:08:48 - [MESSAGE][PASSED] - Delayed 2 second(s)

2018-06-10 00:08:48 - [TEST_STEP][PASSED] - Statement - RequestedQty = com.kms.katalon.core.webui.keyword.WebUiBuiltInKeywords.getAttribute(com.kms.katalon.core.testobject.ObjectRepository.findTestObject(DispensaryToStore/Page_Store/input_txttotal), "value"): Attribute 'value' of object 'Object Repository/DispensaryToStore/Page_Store/input_txttotal' is: '10'

2018-06-10 00:08:48 - [MESSAGE][PASSED] - Attribute 'value' of object 'Object Repository/DispensaryToStore/Page_Store/input_txttotal' is: '10'

2018-06-10 00:08:48 - [TEST_STEP][PASSED] - Statement - out.println("Requested QTY : " + RequestedQty): null

2018-06-10 00:08:48 - [TEST_STEP][PASSED] - Statement - BatchNumber = com.kms.katalon.core.webui.keyword.WebUiBuiltInKeywords.getNumberOfTotalOption(com.kms.katalon.core.testobject.ObjectRepository.findTestObject(DispensaryToStore/Page_Store/select_--Select--BA1170BA2376B)): 3 options of object 'Object Repository/DispensaryToStore/Page_Store/select_--Select--BA1170BA2376B' counted

2018-06-10 00:08:48 - [MESSAGE][PASSED] - 3 options of object 'Object Repository/DispensaryToStore/Page_Store/select_--Select--BA1170BA2376B' counted

2018-06-10 00:08:48 - [TEST_STEP][PASSED] - Statement - For ([g = 1, g <= BatchNumber - 1, (g++)]): null

2018-06-10 00:08:48 - [TEST_STEP][PASSED] - selectOptionByIndex: All options with index in [1] are selected on object 'Object Repository/DispensaryToStore/Page_Store/select_--Select--BA1170BA2376B'

2018-06-10 00:08:48 - [MESSAGE][PASSED] - All options with index in [1] are selected on object 'Object Repository/DispensaryToStore/Page_Store/select_--Select--BA1170BA2376B'

2018-06-10 00:08:48 - [TEST_STEP][PASSED] - Statement - Try: null

2018-06-10 00:08:48 - [TEST_STEP][PASSED] - Statement - StockQty = com.kms.katalon.core.webui.keyword.WebUiBuiltInKeywords.getAttribute(com.kms.katalon.core.testobject.ObjectRepository.findTestObject(DispensaryToStore/Page_Store/input_txtprice), "value"): Attribute 'value' of object 'Object Repository/DispensaryToStore/Page_Store/input_txtprice' is: '910'

2018-06-10 00:08:48 - [MESSAGE][PASSED] - Attribute 'value' of object 'Object Repository/DispensaryToStore/Page_Store/input_txtprice' is: '910'

2018-06-10 00:08:48 - [TEST_STEP][PASSED] - Statement - out.println("Stock QTY : " + StockQty): null

2018-06-10 00:08:48 - [TEST_STEP][PASSED] - delay: Delayed 2 second(s)

2018-06-10 00:08:50 - [MESSAGE][PASSED] - Delayed 2 second(s)

2018-06-10 00:08:50 - [TEST_STEP][PASSED] - Statement - If (java.lang.String.valueOf(StockQty) >= java.lang.String.valueOf(RequestedQty)): null

2018-06-10 00:08:50 - [TEST_STEP][PASSED] - setText: Text '10' is set on object 'Object Repository/DispensaryToStore/Page_Store/input_txtqty'

2018-06-10 00:08:50 - [MESSAGE][PASSED] - Text '10' is set on object 'Object Repository/DispensaryToStore/Page_Store/input_txtqty'

2018-06-10 00:08:50 - [TEST_STEP][PASSED] - click: Object: 'Object Repository/DispensaryToStore/Page_Store/button_Add' is clicked on

2018-06-10 00:08:50 - [MESSAGE][PASSED] - Object: 'Object Repository/DispensaryToStore/Page_Store/button_Add' is clicked on

2018-06-10 00:08:50 - [TEST_STEP][PASSED] - Statement - Break: null

2018-06-10 00:08:50 - [TEST_STEP][PASSED] - selectOptionByIndex: All options with index in [6] are selected on object 'Object Repository/DispensaryToStore/Page_Store/select_--Select--Adernaline 0.'

2018-06-10 00:08:50 - [MESSAGE][PASSED] - All options with index in [6] are selected on object 'Object Repository/DispensaryToStore/Page_Store/select_--Select--Adernaline 0.'

2018-06-10 00:08:50 - [TEST_STEP][PASSED] - delay: Delayed 2 second(s)

2018-06-10 00:08:52 - [MESSAGE][PASSED] - Delayed 2 second(s)

2018-06-10 00:08:52 - [TEST_STEP][PASSED] - Statement - RequestedQty = com.kms.katalon.core.webui.keyword.WebUiBuiltInKeywords.getAttribute(com.kms.katalon.core.testobject.ObjectRepository.findTestObject(DispensaryToStore/Page_Store/input_txttotal), "value"): Attribute 'value' of object 'Object Repository/DispensaryToStore/Page_Store/input_txttotal' is: '10'

2018-06-10 00:08:52 - [MESSAGE][PASSED] - Attribute 'value' of object 'Object Repository/DispensaryToStore/Page_Store/input_txttotal' is: '10'

2018-06-10 00:08:52 - [TEST_STEP][PASSED] - Statement - out.println("Requested QTY : " + RequestedQty): null

2018-06-10 00:08:52 - [TEST_STEP][PASSED] - Statement - BatchNumber = com.kms.katalon.core.webui.keyword.WebUiBuiltInKeywords.getNumberOfTotalOption(com.kms.katalon.core.testobject.ObjectRepository.findTestObject(DispensaryToStore/Page_Store/select_--Select--BA1170BA2376B)): 4 options of object 'Object Repository/DispensaryToStore/Page_Store/select_--Select--BA1170BA2376B' counted

2018-06-10 00:08:52 - [MESSAGE][PASSED] - 4 options of object 'Object Repository/DispensaryToStore/Page_Store/select_--Select--BA1170BA2376B' counted

2018-06-10 00:08:52 - [TEST_STEP][PASSED] - Statement - For ([g = 1, g <= BatchNumber - 1, (g++)]): null

2018-06-10 00:08:52 - [TEST_STEP][PASSED] - selectOptionByIndex: All options with index in [1] are selected on object 'Object Repository/DispensaryToStore/Page_Store/select_--Select--BA1170BA2376B'

2018-06-10 00:08:52 - [MESSAGE][PASSED] - All options with index in [1] are selected on object 'Object Repository/DispensaryToStore/Page_Store/select_--Select--BA1170BA2376B'

2018-06-10 00:08:52 - [TEST_STEP][PASSED] - Statement - Try: null

2018-06-10 00:08:52 - [TEST_STEP][PASSED] - Statement - StockQty = com.kms.katalon.core.webui.keyword.WebUiBuiltInKeywords.getAttribute(com.kms.katalon.core.testobject.ObjectRepository.findTestObject(DispensaryToStore/Page_Store/input_txtprice), "value"): Attribute 'value' of object 'Object Repository/DispensaryToStore/Page_Store/input_txtprice' is: '540'

2018-06-10 00:08:52 - [MESSAGE][PASSED] - Attribute 'value' of object 'Object Repository/DispensaryToStore/Page_Store/input_txtprice' is: '540'

2018-06-10 00:08:52 - [TEST_STEP][PASSED] - Statement - out.println("Stock QTY : " + StockQty): null

2018-06-10 00:08:52 - [TEST_STEP][PASSED] - delay: Delayed 2 second(s)

2018-06-10 00:08:54 - [MESSAGE][PASSED] - Delayed 2 second(s)

2018-06-10 00:08:54 - [TEST_STEP][PASSED] - Statement - If (java.lang.String.valueOf(StockQty) >= java.lang.String.valueOf(RequestedQty)): null

2018-06-10 00:08:54 - [TEST_STEP][PASSED] - setText: Text '10' is set on object 'Object Repository/DispensaryToStore/Page_Store/input_txtqty'

2018-06-10 00:08:54 - [MESSAGE][PASSED] - Text '10' is set on object 'Object Repository/DispensaryToStore/Page_Store/input_txtqty'

2018-06-10 00:08:54 - [TEST_STEP][PASSED] - click: Object: 'Object Repository/DispensaryToStore/Page_Store/button_Add' is clicked on

2018-06-10 00:08:55 - [MESSAGE][PASSED] - Object: 'Object Repository/DispensaryToStore/Page_Store/button_Add' is clicked on

2018-06-10 00:08:55 - [TEST_STEP][PASSED] - Statement - Break: null

2018-06-10 00:08:55 - [TEST_STEP][PASSED] - selectOptionByIndex: All options with index in [7] are selected on object 'Object Repository/DispensaryToStore/Page_Store/select_--Select--Adernaline 0.'

2018-06-10 00:08:55 - [MESSAGE][PASSED] - All options with index in [7] are selected on object 'Object Repository/DispensaryToStore/Page_Store/select_--Select--Adernaline 0.'

2018-06-10 00:08:55 - [TEST_STEP][PASSED] - delay: Delayed 2 second(s)

2018-06-10 00:08:57 - [MESSAGE][PASSED] - Delayed 2 second(s)

2018-06-10 00:08:57 - [TEST_STEP][PASSED] - Statement - RequestedQty = com.kms.katalon.core.webui.keyword.WebUiBuiltInKeywords.getAttribute(com.kms.katalon.core.testobject.ObjectRepository.findTestObject(DispensaryToStore/Page_Store/input_txttotal), "value"): Attribute 'value' of object 'Object Repository/DispensaryToStore/Page_Store/input_txttotal' is: '10'

2018-06-10 00:08:57 - [MESSAGE][PASSED] - Attribute 'value' of object 'Object Repository/DispensaryToStore/Page_Store/input_txttotal' is: '10'

2018-06-10 00:08:57 - [TEST_STEP][PASSED] - Statement - out.println("Requested QTY : " + RequestedQty): null

2018-06-10 00:08:57 - [TEST_STEP][PASSED] - Statement - BatchNumber = com.kms.katalon.core.webui.keyword.WebUiBuiltInKeywords.getNumberOfTotalOption(com.kms.katalon.core.testobject.ObjectRepository.findTestObject(DispensaryToStore/Page_Store/select_--Select--BA1170BA2376B)): 5 options of object 'Object Repository/DispensaryToStore/Page_Store/select_--Select--BA1170BA2376B' counted

2018-06-10 00:08:57 - [MESSAGE][PASSED] - 5 options of object 'Object Repository/DispensaryToStore/Page_Store/select_--Select--BA1170BA2376B' counted

2018-06-10 00:08:57 - [TEST_STEP][PASSED] - Statement - For ([g = 1, g <= BatchNumber - 1, (g++)]): null

2018-06-10 00:08:57 - [TEST_STEP][PASSED] - selectOptionByIndex: All options with index in [1] are selected on object 'Object Repository/DispensaryToStore/Page_Store/select_--Select--BA1170BA2376B'

2018-06-10 00:08:57 - [MESSAGE][PASSED] - All options with index in [1] are selected on object 'Object Repository/DispensaryToStore/Page_Store/select_--Select--BA1170BA2376B'

2018-06-10 00:08:57 - [TEST_STEP][PASSED] - Statement - Try: null

2018-06-10 00:08:57 - [TEST_STEP][PASSED] - Statement - StockQty = com.kms.katalon.core.webui.keyword.WebUiBuiltInKeywords.getAttribute(com.kms.katalon.core.testobject.ObjectRepository.findTestObject(DispensaryToStore/Page_Store/input_txtprice), "value"): Attribute 'value' of object 'Object Repository/DispensaryToStore/Page_Store/input_txtprice' is: '540'

2018-06-10 00:08:57 - [MESSAGE][PASSED] - Attribute 'value' of object 'Object Repository/DispensaryToStore/Page_Store/input_txtprice' is: '540'

2018-06-10 00:08:57 - [TEST_STEP][PASSED] - Statement - out.println("Stock QTY : " + StockQty): null

2018-06-10 00:08:57 - [TEST_STEP][PASSED] - delay: Delayed 2 second(s)

2018-06-10 00:08:59 - [MESSAGE][PASSED] - Delayed 2 second(s)

2018-06-10 00:08:59 - [TEST_STEP][PASSED] - Statement - If (java.lang.String.valueOf(StockQty) >= java.lang.String.valueOf(RequestedQty)): null

2018-06-10 00:08:59 - [TEST_STEP][PASSED] - setText: Text '10' is set on object 'Object Repository/DispensaryToStore/Page_Store/input_txtqty'

2018-06-10 00:08:59 - [MESSAGE][PASSED] - Text '10' is set on object 'Object Repository/DispensaryToStore/Page_Store/input_txtqty'

2018-06-10 00:08:59 - [TEST_STEP][PASSED] - click: Object: 'Object Repository/DispensaryToStore/Page_Store/button_Add' is clicked on

2018-06-10 00:08:59 - [MESSAGE][PASSED] - Object: 'Object Repository/DispensaryToStore/Page_Store/button_Add' is clicked on

2018-06-10 00:08:59 - [TEST_STEP][PASSED] - Statement - Break: null

2018-06-10 00:08:59 - [TEST_STEP][PASSED] - selectOptionByIndex: All options with index in [8] are selected on object 'Object Repository/DispensaryToStore/Page_Store/select_--Select--Adernaline 0.'

2018-06-10 00:08:59 - [MESSAGE][PASSED] - All options with index in [8] are selected on object 'Object Repository/DispensaryToStore/Page_Store/select_--Select--Adernaline 0.'

2018-06-10 00:08:59 - [TEST_STEP][PASSED] - delay: Delayed 2 second(s)

2018-06-10 00:09:01 - [MESSAGE][PASSED] - Delayed 2 second(s)

2018-06-10 00:09:01 - [TEST_STEP][PASSED] - Statement - RequestedQty = com.kms.katalon.core.webui.keyword.WebUiBuiltInKeywords.getAttribute(com.kms.katalon.core.testobject.ObjectRepository.findTestObject(DispensaryToStore/Page_Store/input_txttotal), "value"): Attribute 'value' of object 'Object Repository/DispensaryToStore/Page_Store/input_txttotal' is: '10'

2018-06-10 00:09:01 - [MESSAGE][PASSED] - Attribute 'value' of object 'Object Repository/DispensaryToStore/Page_Store/input_txttotal' is: '10'

2018-06-10 00:09:01 - [TEST_STEP][PASSED] - Statement - out.println("Requested QTY : " + RequestedQty): null

2018-06-10 00:09:01 - [TEST_STEP][PASSED] - Statement - BatchNumber = com.kms.katalon.core.webui.keyword.WebUiBuiltInKeywords.getNumberOfTotalOption(com.kms.katalon.core.testobject.ObjectRepository.findTestObject(DispensaryToStore/Page_Store/select_--Select--BA1170BA2376B)): 5 options of object 'Object Repository/DispensaryToStore/Page_Store/select_--Select--BA1170BA2376B' counted

2018-06-10 00:09:01 - [MESSAGE][PASSED] - 5 options of object 'Object Repository/DispensaryToStore/Page_Store/select_--Select--BA1170BA2376B' counted

2018-06-10 00:09:01 - [TEST_STEP][PASSED] - Statement - For ([g = 1, g <= BatchNumber - 1, (g++)]): null

2018-06-10 00:09:01 - [TEST_STEP][PASSED] - selectOptionByIndex: All options with index in [1] are selected on object 'Object Repository/DispensaryToStore/Page_Store/select_--Select--BA1170BA2376B'

2018-06-10 00:09:02 - [MESSAGE][PASSED] - All options with index in [1] are selected on object 'Object Repository/DispensaryToStore/Page_Store/select_--Select--BA1170BA2376B'

2018-06-10 00:09:02 - [TEST_STEP][PASSED] - Statement - Try: null

2018-06-10 00:09:02 - [TEST_STEP][PASSED] - Statement - StockQty = com.kms.katalon.core.webui.keyword.WebUiBuiltInKeywords.getAttribute(com.kms.katalon.core.testobject.ObjectRepository.findTestObject(DispensaryToStore/Page_Store/input_txtprice), "value"): Attribute 'value' of object 'Object Repository/DispensaryToStore/Page_Store/input_txtprice' is: ''

2018-06-10 00:09:02 - [MESSAGE][PASSED] - Attribute 'value' of object 'Object Repository/DispensaryToStore/Page_Store/input_txtprice' is: ''

2018-06-10 00:09:02 - [TEST_STEP][PASSED] - Statement - out.println("Stock QTY : " + StockQty): null

2018-06-10 00:09:02 - [TEST_STEP][PASSED] - delay: Delayed 2 second(s)

2018-06-10 00:09:04 - [MESSAGE][PASSED] - Delayed 2 second(s)

2018-06-10 00:09:04 - [TEST_STEP][PASSED] - Statement - If (java.lang.String.valueOf(StockQty) >= java.lang.String.valueOf(RequestedQty)): null

2018-06-10 00:09:04 - [TEST_STEP][PASSED] - Statement - Else: null

2018-06-10 00:09:04 - [TEST_STEP][PASSED] - Statement - out.println("Stock Is Less Than Requested Qty"): null

2018-06-10 00:09:04 - [TEST_STEP][PASSED] - selectOptionByIndex: All options with index in [2] are selected on object 'Object Repository/DispensaryToStore/Page_Store/select_--Select--BA1170BA2376B'

2018-06-10 00:09:04 - [MESSAGE][PASSED] - All options with index in [2] are selected on object 'Object Repository/DispensaryToStore/Page_Store/select_--Select--BA1170BA2376B'

2018-06-10 00:09:04 - [TEST_STEP][PASSED] - Statement - Try: null

2018-06-10 00:09:04 - [TEST_STEP][PASSED] - Statement - StockQty = com.kms.katalon.core.webui.keyword.WebUiBuiltInKeywords.getAttribute(com.kms.katalon.core.testobject.ObjectRepository.findTestObject(DispensaryToStore/Page_Store/input_txtprice), "value"): Attribute 'value' of object 'Object Repository/DispensaryToStore/Page_Store/input_txtprice' is: '70'

2018-06-10 00:09:04 - [MESSAGE][PASSED] - Attribute 'value' of object 'Object Repository/DispensaryToStore/Page_Store/input_txtprice' is: '70'

2018-06-10 00:09:04 - [TEST_STEP][PASSED] - Statement - out.println("Stock QTY : " + StockQty): null

2018-06-10 00:09:04 - [TEST_STEP][PASSED] - delay: Delayed 2 second(s)

2018-06-10 00:09:06 - [MESSAGE][PASSED] - Delayed 2 second(s)

2018-06-10 00:09:06 - [TEST_STEP][PASSED] - Statement - If (java.lang.String.valueOf(StockQty) >= java.lang.String.valueOf(RequestedQty)): null

2018-06-10 00:09:06 - [TEST_STEP][PASSED] - setText: Text '10' is set on object 'Object Repository/DispensaryToStore/Page_Store/input_txtqty'

2018-06-10 00:09:06 - [MESSAGE][PASSED] - Text '10' is set on object 'Object Repository/DispensaryToStore/Page_Store/input_txtqty'

2018-06-10 00:09:06 - [TEST_STEP][PASSED] - click: Object: 'Object Repository/DispensaryToStore/Page_Store/button_Add' is clicked on

2018-06-10 00:09:06 - [MESSAGE][PASSED] - Object: 'Object Repository/DispensaryToStore/Page_Store/button_Add' is clicked on

2018-06-10 00:09:06 - [TEST_STEP][PASSED] - Statement - Break: null

2018-06-10 00:09:06 - [TEST_STEP][PASSED] - selectOptionByIndex: All options with index in [9] are selected on object 'Object Repository/DispensaryToStore/Page_Store/select_--Select--Adernaline 0.'

2018-06-10 00:09:06 - [MESSAGE][PASSED] - All options with index in [9] are selected on object 'Object Repository/DispensaryToStore/Page_Store/select_--Select--Adernaline 0.'

2018-06-10 00:09:06 - [TEST_STEP][PASSED] - delay: Delayed 2 second(s)

2018-06-10 00:09:08 - [MESSAGE][PASSED] - Delayed 2 second(s)

2018-06-10 00:09:08 - [TEST_STEP][PASSED] - Statement - RequestedQty = com.kms.katalon.core.webui.keyword.WebUiBuiltInKeywords.getAttribute(com.kms.katalon.core.testobject.ObjectRepository.findTestObject(DispensaryToStore/Page_Store/input_txttotal), "value"): Attribute 'value' of object 'Object Repository/DispensaryToStore/Page_Store/input_txttotal' is: '10'

2018-06-10 00:09:08 - [MESSAGE][PASSED] - Attribute 'value' of object 'Object Repository/DispensaryToStore/Page_Store/input_txttotal' is: '10'

2018-06-10 00:09:08 - [TEST_STEP][PASSED] - Statement - out.println("Requested QTY : " + RequestedQty): null

2018-06-10 00:09:08 - [TEST_STEP][PASSED] - Statement - BatchNumber = com.kms.katalon.core.webui.keyword.WebUiBuiltInKeywords.getNumberOfTotalOption(com.kms.katalon.core.testobject.ObjectRepository.findTestObject(DispensaryToStore/Page_Store/select_--Select--BA1170BA2376B)): 4 options of object 'Object Repository/DispensaryToStore/Page_Store/select_--Select--BA1170BA2376B' counted

2018-06-10 00:09:08 - [MESSAGE][PASSED] - 4 options of object 'Object Repository/DispensaryToStore/Page_Store/select_--Select--BA1170BA2376B' counted

2018-06-10 00:09:08 - [TEST_STEP][PASSED] - Statement - For ([g = 1, g <= BatchNumber - 1, (g++)]): null

2018-06-10 00:09:08 - [TEST_STEP][PASSED] - selectOptionByIndex: All options with index in [1] are selected on object 'Object Repository/DispensaryToStore/Page_Store/select_--Select--BA1170BA2376B'

2018-06-10 00:09:08 - [MESSAGE][PASSED] - All options with index in [1] are selected on object 'Object Repository/DispensaryToStore/Page_Store/select_--Select--BA1170BA2376B'

2018-06-10 00:09:08 - [TEST_STEP][PASSED] - Statement - Try: null

2018-06-10 00:09:08 - [TEST_STEP][PASSED] - Statement - StockQty = com.kms.katalon.core.webui.keyword.WebUiBuiltInKeywords.getAttribute(com.kms.katalon.core.testobject.ObjectRepository.findTestObject(DispensaryToStore/Page_Store/input_txtprice), "value"): Attribute 'value' of object 'Object Repository/DispensaryToStore/Page_Store/input_txtprice' is: '540'

2018-06-10 00:09:08 - [MESSAGE][PASSED] - Attribute 'value' of object 'Object Repository/DispensaryToStore/Page_Store/input_txtprice' is: '540'

2018-06-10 00:09:08 - [TEST_STEP][PASSED] - Statement - out.println("Stock QTY : " + StockQty): null

2018-06-10 00:09:08 - [TEST_STEP][PASSED] - delay: Delayed 2 second(s)

2018-06-10 00:09:10 - [MESSAGE][PASSED] - Delayed 2 second(s)

2018-06-10 00:09:10 - [TEST_STEP][PASSED] - Statement - If (java.lang.String.valueOf(StockQty) >= java.lang.String.valueOf(RequestedQty)): null

2018-06-10 00:09:10 - [TEST_STEP][PASSED] - setText: Text '10' is set on object 'Object Repository/DispensaryToStore/Page_Store/input_txtqty'

2018-06-10 00:09:10 - [MESSAGE][PASSED] - Text '10' is set on object 'Object Repository/DispensaryToStore/Page_Store/input_txtqty'

2018-06-10 00:09:10 - [TEST_STEP][PASSED] - click: Object: 'Object Repository/DispensaryToStore/Page_Store/button_Add' is clicked on

2018-06-10 00:09:11 - [MESSAGE][PASSED] - Object: 'Object Repository/DispensaryToStore/Page_Store/button_Add' is clicked on

2018-06-10 00:09:11 - [TEST_STEP][PASSED] - Statement - Break: null

2018-06-10 00:09:11 - [TEST_STEP][PASSED] - selectOptionByIndex: All options with index in [10] are selected on object 'Object Repository/DispensaryToStore/Page_Store/select_--Select--Adernaline 0.'

2018-06-10 00:09:11 - [MESSAGE][PASSED] - All options with index in [10] are selected on object 'Object Repository/DispensaryToStore/Page_Store/select_--Select--Adernaline 0.'

2018-06-10 00:09:11 - [TEST_STEP][PASSED] - delay: Delayed 2 second(s)

2018-06-10 00:09:13 - [MESSAGE][PASSED] - Delayed 2 second(s)

2018-06-10 00:09:13 - [TEST_STEP][PASSED] - Statement - RequestedQty = com.kms.katalon.core.webui.keyword.WebUiBuiltInKeywords.getAttribute(com.kms.katalon.core.testobject.ObjectRepository.findTestObject(DispensaryToStore/Page_Store/input_txttotal), "value"): Attribute 'value' of object 'Object Repository/DispensaryToStore/Page_Store/input_txttotal' is: '10'

2018-06-10 00:09:13 - [MESSAGE][PASSED] - Attribute 'value' of object 'Object Repository/DispensaryToStore/Page_Store/input_txttotal' is: '10'

2018-06-10 00:09:13 - [TEST_STEP][PASSED] - Statement - out.println("Requested QTY : " + RequestedQty): null

2018-06-10 00:09:13 - [TEST_STEP][PASSED] - Statement - BatchNumber = com.kms.katalon.core.webui.keyword.WebUiBuiltInKeywords.getNumberOfTotalOption(com.kms.katalon.core.testobject.ObjectRepository.findTestObject(DispensaryToStore/Page_Store/select_--Select--BA1170BA2376B)): 4 options of object 'Object Repository/DispensaryToStore/Page_Store/select_--Select--BA1170BA2376B' counted

2018-06-10 00:09:13 - [MESSAGE][PASSED] - 4 options of object 'Object Repository/DispensaryToStore/Page_Store/select_--Select--BA1170BA2376B' counted

2018-06-10 00:09:13 - [TEST_STEP][PASSED] - Statement - For ([g = 1, g <= BatchNumber - 1, (g++)]): null

2018-06-10 00:09:13 - [TEST_STEP][PASSED] - selectOptionByIndex: All options with index in [1] are selected on object 'Object Repository/DispensaryToStore/Page_Store/select_--Select--BA1170BA2376B'

2018-06-10 00:09:13 - [MESSAGE][PASSED] - All options with index in [1] are selected on object 'Object Repository/DispensaryToStore/Page_Store/select_--Select--BA1170BA2376B'

2018-06-10 00:09:13 - [TEST_STEP][PASSED] - Statement - Try: null

2018-06-10 00:09:13 - [TEST_STEP][PASSED] - Statement - StockQty = com.kms.katalon.core.webui.keyword.WebUiBuiltInKeywords.getAttribute(com.kms.katalon.core.testobject.ObjectRepository.findTestObject(DispensaryToStore/Page_Store/input_txtprice), "value"): Attribute 'value' of object 'Object Repository/DispensaryToStore/Page_Store/input_txtprice' is: '910'

2018-06-10 00:09:13 - [MESSAGE][PASSED] - Attribute 'value' of object 'Object Repository/DispensaryToStore/Page_Store/input_txtprice' is: '910'

2018-06-10 00:09:13 - [TEST_STEP][PASSED] - Statement - out.println("Stock QTY : " + StockQty): null

2018-06-10 00:09:13 - [TEST_STEP][PASSED] - delay: Delayed 2 second(s)

2018-06-10 00:09:15 - [MESSAGE][PASSED] - Delayed 2 second(s)

2018-06-10 00:09:15 - [TEST_STEP][PASSED] - Statement - If (java.lang.String.valueOf(StockQty) >= java.lang.String.valueOf(RequestedQty)): null

2018-06-10 00:09:15 - [TEST_STEP][PASSED] - setText: Text '10' is set on object 'Object Repository/DispensaryToStore/Page_Store/input_txtqty'

2018-06-10 00:09:15 - [MESSAGE][PASSED] - Text '10' is set on object 'Object Repository/DispensaryToStore/Page_Store/input_txtqty'

2018-06-10 00:09:15 - [TEST_STEP][PASSED] - click: Object: 'Object Repository/DispensaryToStore/Page_Store/button_Add' is clicked on

2018-06-10 00:09:15 - [MESSAGE][PASSED] - Object: 'Object Repository/DispensaryToStore/Page_Store/button_Add' is clicked on

2018-06-10 00:09:15 - [TEST_STEP][PASSED] - Statement - Break: null

2018-06-10 00:09:15 - [TEST_STEP][PASSED] - selectOptionByIndex: All options with index in [11] are selected on object 'Object Repository/DispensaryToStore/Page_Store/select_--Select--Adernaline 0.'

2018-06-10 00:09:15 - [MESSAGE][PASSED] - All options with index in [11] are selected on object 'Object Repository/DispensaryToStore/Page_Store/select_--Select--Adernaline 0.'

2018-06-10 00:09:15 - [TEST_STEP][PASSED] - delay: Delayed 2 second(s)

2018-06-10 00:09:17 - [MESSAGE][PASSED] - Delayed 2 second(s)

2018-06-10 00:09:17 - [TEST_STEP][PASSED] - Statement - RequestedQty = com.kms.katalon.core.webui.keyword.WebUiBuiltInKeywords.getAttribute(com.kms.katalon.core.testobject.ObjectRepository.findTestObject(DispensaryToStore/Page_Store/input_txttotal), "value"): Attribute 'value' of object 'Object Repository/DispensaryToStore/Page_Store/input_txttotal' is: '10'

2018-06-10 00:09:17 - [MESSAGE][PASSED] - Attribute 'value' of object 'Object Repository/DispensaryToStore/Page_Store/input_txttotal' is: '10'

2018-06-10 00:09:17 - [TEST_STEP][PASSED] - Statement - out.println("Requested QTY : " + RequestedQty): null

2018-06-10 00:09:17 - [TEST_STEP][PASSED] - Statement - BatchNumber = com.kms.katalon.core.webui.keyword.WebUiBuiltInKeywords.getNumberOfTotalOption(com.kms.katalon.core.testobject.ObjectRepository.findTestObject(DispensaryToStore/Page_Store/select_--Select--BA1170BA2376B)): 2 options of object 'Object Repository/DispensaryToStore/Page_Store/select_--Select--BA1170BA2376B' counted

2018-06-10 00:09:17 - [MESSAGE][PASSED] - 2 options of object 'Object Repository/DispensaryToStore/Page_Store/select_--Select--BA1170BA2376B' counted

2018-06-10 00:09:17 - [TEST_STEP][PASSED] - Statement - For ([g = 1, g <= BatchNumber - 1, (g++)]): null

2018-06-10 00:09:17 - [TEST_STEP][PASSED] - selectOptionByIndex: All options with index in [1] are selected on object 'Object Repository/DispensaryToStore/Page_Store/select_--Select--BA1170BA2376B'

2018-06-10 00:09:18 - [MESSAGE][PASSED] - All options with index in [1] are selected on object 'Object Repository/DispensaryToStore/Page_Store/select_--Select--BA1170BA2376B'

2018-06-10 00:09:18 - [TEST_STEP][PASSED] - Statement - Try: null

2018-06-10 00:09:18 - [TEST_STEP][PASSED] - Statement - StockQty = com.kms.katalon.core.webui.keyword.WebUiBuiltInKeywords.getAttribute(com.kms.katalon.core.testobject.ObjectRepository.findTestObject(DispensaryToStore/Page_Store/input_txtprice), "value"): Attribute 'value' of object 'Object Repository/DispensaryToStore/Page_Store/input_txtprice' is: ''

2018-06-10 00:09:18 - [MESSAGE][PASSED] - Attribute 'value' of object 'Object Repository/DispensaryToStore/Page_Store/input_txtprice' is: ''

2018-06-10 00:09:18 - [TEST_STEP][PASSED] - Statement - out.println("Stock QTY : " + StockQty): null

2018-06-10 00:09:18 - [TEST_STEP][PASSED] - delay: Delayed 2 second(s)

2018-06-10 00:09:20 - [MESSAGE][PASSED] - Delayed 2 second(s)

2018-06-10 00:09:20 - [TEST_STEP][PASSED] - Statement - If (java.lang.String.valueOf(StockQty) >= java.lang.String.valueOf(RequestedQty)): null

2018-06-10 00:09:20 - [TEST_STEP][PASSED] - Statement - Else: null

2018-06-10 00:09:20 - [TEST_STEP][PASSED] - Statement - out.println("Stock Is Less Than Requested Qty"): null

2018-06-10 00:09:20 - [TEST_STEP][PASSED] - selectOptionByIndex: All options with index in [12] are selected on object 'Object Repository/DispensaryToStore/Page_Store/select_--Select--Adernaline 0.'

2018-06-10 00:09:20 - [MESSAGE][PASSED] - All options with index in [12] are selected on object 'Object Repository/DispensaryToStore/Page_Store/select_--Select--Adernaline 0.'

2018-06-10 00:09:20 - [TEST_STEP][PASSED] - delay: Delayed 2 second(s)

2018-06-10 00:09:22 - [MESSAGE][PASSED] - Delayed 2 second(s)

2018-06-10 00:09:22 - [TEST_STEP][PASSED] - Statement - RequestedQty = com.kms.katalon.core.webui.keyword.WebUiBuiltInKeywords.getAttribute(com.kms.katalon.core.testobject.ObjectRepository.findTestObject(DispensaryToStore/Page_Store/input_txttotal), "value"): Attribute 'value' of object 'Object Repository/DispensaryToStore/Page_Store/input_txttotal' is: '10'

2018-06-10 00:09:22 - [MESSAGE][PASSED] - Attribute 'value' of object 'Object Repository/DispensaryToStore/Page_Store/input_txttotal' is: '10'

2018-06-10 00:09:22 - [TEST_STEP][PASSED] - Statement - out.println("Requested QTY : " + RequestedQty): null

2018-06-10 00:09:22 - [TEST_STEP][PASSED] - Statement - BatchNumber = com.kms.katalon.core.webui.keyword.WebUiBuiltInKeywords.getNumberOfTotalOption(com.kms.katalon.core.testobject.ObjectRepository.findTestObject(DispensaryToStore/Page_Store/select_--Select--BA1170BA2376B)): 3 options of object 'Object Repository/DispensaryToStore/Page_Store/select_--Select--BA1170BA2376B' counted

2018-06-10 00:09:22 - [MESSAGE][PASSED] - 3 options of object 'Object Repository/DispensaryToStore/Page_Store/select_--Select--BA1170BA2376B' counted

2018-06-10 00:09:22 - [TEST_STEP][PASSED] - Statement - For ([g = 1, g <= BatchNumber - 1, (g++)]): null

2018-06-10 00:09:22 - [TEST_STEP][PASSED] - selectOptionByIndex: All options with index in [1] are selected on object 'Object Repository/DispensaryToStore/Page_Store/select_--Select--BA1170BA2376B'

2018-06-10 00:09:22 - [MESSAGE][PASSED] - All options with index in [1] are selected on object 'Object Repository/DispensaryToStore/Page_Store/select_--Select--BA1170BA2376B'

2018-06-10 00:09:22 - [TEST_STEP][PASSED] - Statement - Try: null

2018-06-10 00:09:22 - [TEST_STEP][PASSED] - Statement - StockQty = com.kms.katalon.core.webui.keyword.WebUiBuiltInKeywords.getAttribute(com.kms.katalon.core.testobject.ObjectRepository.findTestObject(DispensaryToStore/Page_Store/input_txtprice), "value"): Attribute 'value' of object 'Object Repository/DispensaryToStore/Page_Store/input_txtprice' is: '1870'

2018-06-10 00:09:22 - [MESSAGE][PASSED] - Attribute 'value' of object 'Object Repository/DispensaryToStore/Page_Store/input_txtprice' is: '1870'

2018-06-10 00:09:22 - [TEST_STEP][PASSED] - Statement - out.println("Stock QTY : " + StockQty): null

2018-06-10 00:09:22 - [TEST_STEP][PASSED] - delay: Delayed 2 second(s)

2018-06-10 00:09:24 - [MESSAGE][PASSED] - Delayed 2 second(s)

2018-06-10 00:09:24 - [TEST_STEP][PASSED] - Statement - If (java.lang.String.valueOf(StockQty) >= java.lang.String.valueOf(RequestedQty)): null

2018-06-10 00:09:24 - [TEST_STEP][PASSED] - setText: Text '10' is set on object 'Object Repository/DispensaryToStore/Page_Store/input_txtqty'

2018-06-10 00:09:24 - [MESSAGE][PASSED] - Text '10' is set on object 'Object Repository/DispensaryToStore/Page_Store/input_txtqty'

2018-06-10 00:09:24 - [TEST_STEP][PASSED] - click: Object: 'Object Repository/DispensaryToStore/Page_Store/button_Add' is clicked on

2018-06-10 00:09:24 - [MESSAGE][PASSED] - Object: 'Object Repository/DispensaryToStore/Page_Store/button_Add' is clicked on

2018-06-10 00:09:24 - [TEST_STEP][PASSED] - Statement - Break: null

2018-06-10 00:09:24 - [TEST_STEP][PASSED] - selectOptionByIndex: All options with index in [13] are selected on object 'Object Repository/DispensaryToStore/Page_Store/select_--Select--Adernaline 0.'

2018-06-10 00:09:25 - [MESSAGE][PASSED] - All options with index in [13] are selected on object 'Object Repository/DispensaryToStore/Page_Store/select_--Select--Adernaline 0.'

2018-06-10 00:09:25 - [TEST_STEP][PASSED] - delay: Delayed 2 second(s)

2018-06-10 00:09:27 - [MESSAGE][PASSED] - Delayed 2 second(s)

2018-06-10 00:09:27 - [TEST_STEP][PASSED] - Statement - RequestedQty = com.kms.katalon.core.webui.keyword.WebUiBuiltInKeywords.getAttribute(com.kms.katalon.core.testobject.ObjectRepository.findTestObject(DispensaryToStore/Page_Store/input_txttotal), "value"): Attribute 'value' of object 'Object Repository/DispensaryToStore/Page_Store/input_txttotal' is: '10'

2018-06-10 00:09:27 - [MESSAGE][PASSED] - Attribute 'value' of object 'Object Repository/DispensaryToStore/Page_Store/input_txttotal' is: '10'

2018-06-10 00:09:27 - [TEST_STEP][PASSED] - Statement - out.println("Requested QTY : " + RequestedQty): null

2018-06-10 00:09:27 - [TEST_STEP][PASSED] - Statement - BatchNumber = com.kms.katalon.core.webui.keyword.WebUiBuiltInKeywords.getNumberOfTotalOption(com.kms.katalon.core.testobject.ObjectRepository.findTestObject(DispensaryToStore/Page_Store/select_--Select--BA1170BA2376B)): 3 options of object 'Object Repository/DispensaryToStore/Page_Store/select_--Select--BA1170BA2376B' counted

2018-06-10 00:09:27 - [MESSAGE][PASSED] - 3 options of object 'Object Repository/DispensaryToStore/Page_Store/select_--Select--BA1170BA2376B' counted

2018-06-10 00:09:27 - [TEST_STEP][PASSED] - Statement - For ([g = 1, g <= BatchNumber - 1, (g++)]): null

2018-06-10 00:09:27 - [TEST_STEP][PASSED] - selectOptionByIndex: All options with index in [1] are selected on object 'Object Repository/DispensaryToStore/Page_Store/select_--Select--BA1170BA2376B'

2018-06-10 00:09:27 - [MESSAGE][PASSED] - All options with index in [1] are selected on object 'Object Repository/DispensaryToStore/Page_Store/select_--Select--BA1170BA2376B'

2018-06-10 00:09:27 - [TEST_STEP][PASSED] - Statement - Try: null

2018-06-10 00:09:27 - [TEST_STEP][PASSED] - Statement - StockQty = com.kms.katalon.core.webui.keyword.WebUiBuiltInKeywords.getAttribute(com.kms.katalon.core.testobject.ObjectRepository.findTestObject(DispensaryToStore/Page_Store/input_txtprice), "value"): Attribute 'value' of object 'Object Repository/DispensaryToStore/Page_Store/input_txtprice' is: '910'

2018-06-10 00:09:27 - [MESSAGE][PASSED] - Attribute 'value' of object 'Object Repository/DispensaryToStore/Page_Store/input_txtprice' is: '910'

2018-06-10 00:09:27 - [TEST_STEP][PASSED] - Statement - out.println("Stock QTY : " + StockQty): null

2018-06-10 00:09:27 - [TEST_STEP][PASSED] - delay: Delayed 2 second(s)

2018-06-10 00:09:29 - [MESSAGE][PASSED] - Delayed 2 second(s)

2018-06-10 00:09:29 - [TEST_STEP][PASSED] - Statement - If (java.lang.String.valueOf(StockQty) >= java.lang.String.valueOf(RequestedQty)): null

2018-06-10 00:09:29 - [TEST_STEP][PASSED] - setText: Text '10' is set on object 'Object Repository/DispensaryToStore/Page_Store/input_txtqty'

2018-06-10 00:09:29 - [MESSAGE][PASSED] - Text '10' is set on object 'Object Repository/DispensaryToStore/Page_Store/input_txtqty'

2018-06-10 00:09:29 - [TEST_STEP][PASSED] - click: Object: 'Object Repository/DispensaryToStore/Page_Store/button_Add' is clicked on

2018-06-10 00:09:29 - [MESSAGE][PASSED] - Object: 'Object Repository/DispensaryToStore/Page_Store/button_Add' is clicked on

2018-06-10 00:09:29 - [TEST_STEP][PASSED] - Statement - Break: null

2018-06-10 00:09:29 - [TEST_STEP][PASSED] - selectOptionByIndex: All options with index in [14] are selected on object 'Object Repository/DispensaryToStore/Page_Store/select_--Select--Adernaline 0.'

2018-06-10 00:09:29 - [MESSAGE][PASSED] - All options with index in [14] are selected on object 'Object Repository/DispensaryToStore/Page_Store/select_--Select--Adernaline 0.'

2018-06-10 00:09:29 - [TEST_STEP][PASSED] - delay: Delayed 2 second(s)

2018-06-10 00:09:31 - [MESSAGE][PASSED] - Delayed 2 second(s)

2018-06-10 00:09:31 - [TEST_STEP][PASSED] - Statement - RequestedQty = com.kms.katalon.core.webui.keyword.WebUiBuiltInKeywords.getAttribute(com.kms.katalon.core.testobject.ObjectRepository.findTestObject(DispensaryToStore/Page_Store/input_txttotal), "value"): Attribute 'value' of object 'Object Repository/DispensaryToStore/Page_Store/input_txttotal' is: '10'

2018-06-10 00:09:31 - [MESSAGE][PASSED] - Attribute 'value' of object 'Object Repository/DispensaryToStore/Page_Store/input_txttotal' is: '10'

2018-06-10 00:09:31 - [TEST_STEP][PASSED] - Statement - out.println("Requested QTY : " + RequestedQty): null

2018-06-10 00:09:31 - [TEST_STEP][PASSED] - Statement - BatchNumber = com.kms.katalon.core.webui.keyword.WebUiBuiltInKeywords.getNumberOfTotalOption(com.kms.katalon.core.testobject.ObjectRepository.findTestObject(DispensaryToStore/Page_Store/select_--Select--BA1170BA2376B)): 3 options of object 'Object Repository/DispensaryToStore/Page_Store/select_--Select--BA1170BA2376B' counted

2018-06-10 00:09:31 - [MESSAGE][PASSED] - 3 options of object 'Object Repository/DispensaryToStore/Page_Store/select_--Select--BA1170BA2376B' counted

2018-06-10 00:09:31 - [TEST_STEP][PASSED] - Statement - For ([g = 1, g <= BatchNumber - 1, (g++)]): null

2018-06-10 00:09:31 - [TEST_STEP][PASSED] - selectOptionByIndex: All options with index in [1] are selected on object 'Object Repository/DispensaryToStore/Page_Store/select_--Select--BA1170BA2376B'

2018-06-10 00:09:31 - [MESSAGE][PASSED] - All options with index in [1] are selected on object 'Object Repository/DispensaryToStore/Page_Store/select_--Select--BA1170BA2376B'

2018-06-10 00:09:31 - [TEST_STEP][PASSED] - Statement - Try: null

2018-06-10 00:09:31 - [TEST_STEP][PASSED] - Statement - StockQty = com.kms.katalon.core.webui.keyword.WebUiBuiltInKeywords.getAttribute(com.kms.katalon.core.testobject.ObjectRepository.findTestObject(DispensaryToStore/Page_Store/input_txtprice), "value"): Attribute 'value' of object 'Object Repository/DispensaryToStore/Page_Store/input_txtprice' is: '610'

2018-06-10 00:09:31 - [MESSAGE][PASSED] - Attribute 'value' of object 'Object Repository/DispensaryToStore/Page_Store/input_txtprice' is: '610'

2018-06-10 00:09:31 - [TEST_STEP][PASSED] - Statement - out.println("Stock QTY : " + StockQty): null

2018-06-10 00:09:31 - [TEST_STEP][PASSED] - delay: Delayed 2 second(s)

2018-06-10 00:09:33 - [MESSAGE][PASSED] - Delayed 2 second(s)

2018-06-10 00:09:33 - [TEST_STEP][PASSED] - Statement - If (java.lang.String.valueOf(StockQty) >= java.lang.String.valueOf(RequestedQty)): null

2018-06-10 00:09:33 - [TEST_STEP][PASSED] - setText: Text '10' is set on object 'Object Repository/DispensaryToStore/Page_Store/input_txtqty'

2018-06-10 00:09:33 - [MESSAGE][PASSED] - Text '10' is set on object 'Object Repository/DispensaryToStore/Page_Store/input_txtqty'

2018-06-10 00:09:33 - [TEST_STEP][PASSED] - click: Object: 'Object Repository/DispensaryToStore/Page_Store/button_Add' is clicked on

2018-06-10 00:09:34 - [MESSAGE][PASSED] - Object: 'Object Repository/DispensaryToStore/Page_Store/button_Add' is clicked on

2018-06-10 00:09:34 - [TEST_STEP][PASSED] - Statement - Break: null

2018-06-10 00:09:34 - [TEST_STEP][PASSED] - selectOptionByIndex: All options with index in [15] are selected on object 'Object Repository/DispensaryToStore/Page_Store/select_--Select--Adernaline 0.'

2018-06-10 00:09:34 - [MESSAGE][PASSED] - All options with index in [15] are selected on object 'Object Repository/DispensaryToStore/Page_Store/select_--Select--Adernaline 0.'

2018-06-10 00:09:34 - [TEST_STEP][PASSED] - delay: Delayed 2 second(s)

2018-06-10 00:09:36 - [MESSAGE][PASSED] - Delayed 2 second(s)

2018-06-10 00:09:36 - [TEST_STEP][PASSED] - Statement - RequestedQty = com.kms.katalon.core.webui.keyword.WebUiBuiltInKeywords.getAttribute(com.kms.katalon.core.testobject.ObjectRepository.findTestObject(DispensaryToStore/Page_Store/input_txttotal), "value"): Attribute 'value' of object 'Object Repository/DispensaryToStore/Page_Store/input_txttotal' is: '10'

2018-06-10 00:09:36 - [MESSAGE][PASSED] - Attribute 'value' of object 'Object Repository/DispensaryToStore/Page_Store/input_txttotal' is: '10'

2018-06-10 00:09:36 - [TEST_STEP][PASSED] - Statement - out.println("Requested QTY : " + RequestedQty): null

2018-06-10 00:09:36 - [TEST_STEP][PASSED] - Statement - BatchNumber = com.kms.katalon.core.webui.keyword.WebUiBuiltInKeywords.getNumberOfTotalOption(com.kms.katalon.core.testobject.ObjectRepository.findTestObject(DispensaryToStore/Page_Store/select_--Select--BA1170BA2376B)): 3 options of object 'Object Repository/DispensaryToStore/Page_Store/select_--Select--BA1170BA2376B' counted

2018-06-10 00:09:36 - [MESSAGE][PASSED] - 3 options of object 'Object Repository/DispensaryToStore/Page_Store/select_--Select--BA1170BA2376B' counted

2018-06-10 00:09:36 - [TEST_STEP][PASSED] - Statement - For ([g = 1, g <= BatchNumber - 1, (g++)]): null

2018-06-10 00:09:36 - [TEST_STEP][PASSED] - selectOptionByIndex: All options with index in [1] are selected on object 'Object Repository/DispensaryToStore/Page_Store/select_--Select--BA1170BA2376B'

2018-06-10 00:09:36 - [MESSAGE][PASSED] - All options with index in [1] are selected on object 'Object Repository/DispensaryToStore/Page_Store/select_--Select--BA1170BA2376B'

2018-06-10 00:09:36 - [TEST_STEP][PASSED] - Statement - Try: null

2018-06-10 00:09:36 - [TEST_STEP][PASSED] - Statement - StockQty = com.kms.katalon.core.webui.keyword.WebUiBuiltInKeywords.getAttribute(com.kms.katalon.core.testobject.ObjectRepository.findTestObject(DispensaryToStore/Page_Store/input_txtprice), "value"): Attribute 'value' of object 'Object Repository/DispensaryToStore/Page_Store/input_txtprice' is: '180'

2018-06-10 00:09:36 - [MESSAGE][PASSED] - Attribute 'value' of object 'Object Repository/DispensaryToStore/Page_Store/input_txtprice' is: '180'

2018-06-10 00:09:36 - [TEST_STEP][PASSED] - Statement - out.println("Stock QTY : " + StockQty): null

2018-06-10 00:09:36 - [TEST_STEP][PASSED] - delay: Delayed 2 second(s)

2018-06-10 00:09:38 - [MESSAGE][PASSED] - Delayed 2 second(s)

2018-06-10 00:09:38 - [TEST_STEP][PASSED] - Statement - If (java.lang.String.valueOf(StockQty) >= java.lang.String.valueOf(RequestedQty)): null

2018-06-10 00:09:38 - [TEST_STEP][PASSED] - setText: Text '10' is set on object 'Object Repository/DispensaryToStore/Page_Store/input_txtqty'

2018-06-10 00:09:38 - [MESSAGE][PASSED] - Text '10' is set on object 'Object Repository/DispensaryToStore/Page_Store/input_txtqty'

2018-06-10 00:09:38 - [TEST_STEP][PASSED] - click: Object: 'Object Repository/DispensaryToStore/Page_Store/button_Add' is clicked on

2018-06-10 00:09:38 - [MESSAGE][PASSED] - Object: 'Object Repository/DispensaryToStore/Page_Store/button_Add' is clicked on

2018-06-10 00:09:38 - [TEST_STEP][PASSED] - Statement - Break: null

2018-06-10 00:09:38 - [TEST_STEP][PASSED] - selectOptionByIndex: All options with index in [16] are selected on object 'Object Repository/DispensaryToStore/Page_Store/select_--Select--Adernaline 0.'

2018-06-10 00:09:39 - [MESSAGE][PASSED] - All options with index in [16] are selected on object 'Object Repository/DispensaryToStore/Page_Store/select_--Select--Adernaline 0.'

2018-06-10 00:09:39 - [TEST_STEP][PASSED] - delay: Delayed 2 second(s)

2018-06-10 00:09:41 - [MESSAGE][PASSED] - Delayed 2 second(s)

2018-06-10 00:09:41 - [TEST_STEP][PASSED] - Statement - RequestedQty = com.kms.katalon.core.webui.keyword.WebUiBuiltInKeywords.getAttribute(com.kms.katalon.core.testobject.ObjectRepository.findTestObject(DispensaryToStore/Page_Store/input_txttotal), "value"): Attribute 'value' of object 'Object Repository/DispensaryToStore/Page_Store/input_txttotal' is: '10'

2018-06-10 00:09:41 - [MESSAGE][PASSED] - Attribute 'value' of object 'Object Repository/DispensaryToStore/Page_Store/input_txttotal' is: '10'

2018-06-10 00:09:41 - [TEST_STEP][PASSED] - Statement - out.println("Requested QTY : " + RequestedQty): null

2018-06-10 00:09:41 - [TEST_STEP][PASSED] - Statement - BatchNumber = com.kms.katalon.core.webui.keyword.WebUiBuiltInKeywords.getNumberOfTotalOption(com.kms.katalon.core.testobject.ObjectRepository.findTestObject(DispensaryToStore/Page_Store/select_--Select--BA1170BA2376B)): 2 options of object 'Object Repository/DispensaryToStore/Page_Store/select_--Select--BA1170BA2376B' counted

2018-06-10 00:09:41 - [MESSAGE][PASSED] - 2 options of object 'Object Repository/DispensaryToStore/Page_Store/select_--Select--BA1170BA2376B' counted

2018-06-10 00:09:41 - [TEST_STEP][PASSED] - Statement - For ([g = 1, g <= BatchNumber - 1, (g++)]): null

2018-06-10 00:09:41 - [TEST_STEP][PASSED] - selectOptionByIndex: All options with index in [1] are selected on object 'Object Repository/DispensaryToStore/Page_Store/select_--Select--BA1170BA2376B'

2018-06-10 00:09:41 - [MESSAGE][PASSED] - All options with index in [1] are selected on object 'Object Repository/DispensaryToStore/Page_Store/select_--Select--BA1170BA2376B'

2018-06-10 00:09:41 - [TEST_STEP][PASSED] - Statement - Try: null

2018-06-10 00:09:41 - [TEST_STEP][PASSED] - Statement - StockQty = com.kms.katalon.core.webui.keyword.WebUiBuiltInKeywords.getAttribute(com.kms.katalon.core.testobject.ObjectRepository.findTestObject(DispensaryToStore/Page_Store/input_txtprice), "value"): Attribute 'value' of object 'Object Repository/DispensaryToStore/Page_Store/input_txtprice' is: '2070'

2018-06-10 00:09:41 - [MESSAGE][PASSED] - Attribute 'value' of object 'Object Repository/DispensaryToStore/Page_Store/input_txtprice' is: '2070'

2018-06-10 00:09:41 - [TEST_STEP][PASSED] - Statement - out.println("Stock QTY : " + StockQty): null

2018-06-10 00:09:41 - [TEST_STEP][PASSED] - delay: Delayed 2 second(s)

2018-06-10 00:09:43 - [MESSAGE][PASSED] - Delayed 2 second(s)

2018-06-10 00:09:43 - [TEST_STEP][PASSED] - Statement - If (java.lang.String.valueOf(StockQty) >= java.lang.String.valueOf(RequestedQty)): null

2018-06-10 00:09:43 - [TEST_STEP][PASSED] - setText: Text '10' is set on object 'Object Repository/DispensaryToStore/Page_Store/input_txtqty'

2018-06-10 00:09:43 - [MESSAGE][PASSED] - Text '10' is set on object 'Object Repository/DispensaryToStore/Page_Store/input_txtqty'

2018-06-10 00:09:43 - [TEST_STEP][PASSED] - click: Object: 'Object Repository/DispensaryToStore/Page_Store/button_Add' is clicked on

2018-06-10 00:09:43 - [MESSAGE][PASSED] - Object: 'Object Repository/DispensaryToStore/Page_Store/button_Add' is clicked on

2018-06-10 00:09:43 - [TEST_STEP][PASSED] - Statement - Break: null

2018-06-10 00:09:43 - [TEST_STEP][PASSED] - selectOptionByIndex: All options with index in [17] are selected on object 'Object Repository/DispensaryToStore/Page_Store/select_--Select--Adernaline 0.'

2018-06-10 00:09:43 - [MESSAGE][PASSED] - All options with index in [17] are selected on object 'Object Repository/DispensaryToStore/Page_Store/select_--Select--Adernaline 0.'

2018-06-10 00:09:43 - [TEST_STEP][PASSED] - delay: Delayed 2 second(s)

2018-06-10 00:09:45 - [MESSAGE][PASSED] - Delayed 2 second(s)

2018-06-10 00:09:45 - [TEST_STEP][PASSED] - Statement - RequestedQty = com.kms.katalon.core.webui.keyword.WebUiBuiltInKeywords.getAttribute(com.kms.katalon.core.testobject.ObjectRepository.findTestObject(DispensaryToStore/Page_Store/input_txttotal), "value"): Attribute 'value' of object 'Object Repository/DispensaryToStore/Page_Store/input_txttotal' is: '10'

2018-06-10 00:09:45 - [MESSAGE][PASSED] - Attribute 'value' of object 'Object Repository/DispensaryToStore/Page_Store/input_txttotal' is: '10'

2018-06-10 00:09:45 - [TEST_STEP][PASSED] - Statement - out.println("Requested QTY : " + RequestedQty): null

2018-06-10 00:09:45 - [TEST_STEP][PASSED] - Statement - BatchNumber = com.kms.katalon.core.webui.keyword.WebUiBuiltInKeywords.getNumberOfTotalOption(com.kms.katalon.core.testobject.ObjectRepository.findTestObject(DispensaryToStore/Page_Store/select_--Select--BA1170BA2376B)): 3 options of object 'Object Repository/DispensaryToStore/Page_Store/select_--Select--BA1170BA2376B' counted

2018-06-10 00:09:45 - [MESSAGE][PASSED] - 3 options of object 'Object Repository/DispensaryToStore/Page_Store/select_--Select--BA1170BA2376B' counted

2018-06-10 00:09:45 - [TEST_STEP][PASSED] - Statement - For ([g = 1, g <= BatchNumber - 1, (g++)]): null

2018-06-10 00:09:45 - [TEST_STEP][PASSED] - selectOptionByIndex: All options with index in [1] are selected on object 'Object Repository/DispensaryToStore/Page_Store/select_--Select--BA1170BA2376B'

2018-06-10 00:09:46 - [MESSAGE][PASSED] - All options with index in [1] are selected on object 'Object Repository/DispensaryToStore/Page_Store/select_--Select--BA1170BA2376B'

2018-06-10 00:09:46 - [TEST_STEP][PASSED] - Statement - Try: null

2018-06-10 00:09:46 - [TEST_STEP][PASSED] - Statement - StockQty = com.kms.katalon.core.webui.keyword.WebUiBuiltInKeywords.getAttribute(com.kms.katalon.core.testobject.ObjectRepository.findTestObject(DispensaryToStore/Page_Store/input_txtprice), "value"): Attribute 'value' of object 'Object Repository/DispensaryToStore/Page_Store/input_txtprice' is: ''

2018-06-10 00:09:46 - [MESSAGE][PASSED] - Attribute 'value' of object 'Object Repository/DispensaryToStore/Page_Store/input_txtprice' is: ''

2018-06-10 00:09:46 - [TEST_STEP][PASSED] - Statement - out.println("Stock QTY : " + StockQty): null

2018-06-10 00:09:46 - [TEST_STEP][PASSED] - delay: Delayed 2 second(s)

2018-06-10 00:09:48 - [MESSAGE][PASSED] - Delayed 2 second(s)

2018-06-10 00:09:48 - [TEST_STEP][PASSED] - Statement - If (java.lang.String.valueOf(StockQty) >= java.lang.String.valueOf(RequestedQty)): null

2018-06-10 00:09:48 - [TEST_STEP][PASSED] - Statement - Else: null

2018-06-10 00:09:48 - [TEST_STEP][PASSED] - Statement - out.println("Stock Is Less Than Requested Qty"): null

2018-06-10 00:09:48 - [TEST_STEP][PASSED] - selectOptionByIndex: All options with index in [2] are selected on object 'Object Repository/DispensaryToStore/Page_Store/select_--Select--BA1170BA2376B'

2018-06-10 00:09:48 - [MESSAGE][PASSED] - All options with index in [2] are selected on object 'Object Repository/DispensaryToStore/Page_Store/select_--Select--BA1170BA2376B'

2018-06-10 00:09:48 - [TEST_STEP][PASSED] - Statement - Try: null

2018-06-10 00:09:48 - [TEST_STEP][PASSED] - Statement - StockQty = com.kms.katalon.core.webui.keyword.WebUiBuiltInKeywords.getAttribute(com.kms.katalon.core.testobject.ObjectRepository.findTestObject(DispensaryToStore/Page_Store/input_txtprice), "value"): Attribute 'value' of object 'Object Repository/DispensaryToStore/Page_Store/input_txtprice' is: '200'

2018-06-10 00:09:48 - [MESSAGE][PASSED] - Attribute 'value' of object 'Object Repository/DispensaryToStore/Page_Store/input_txtprice' is: '200'

2018-06-10 00:09:48 - [TEST_STEP][PASSED] - Statement - out.println("Stock QTY : " + StockQty): null

2018-06-10 00:09:48 - [TEST_STEP][PASSED] - delay: Delayed 2 second(s)

2018-06-10 00:09:50 - [MESSAGE][PASSED] - Delayed 2 second(s)

2018-06-10 00:09:50 - [TEST_STEP][PASSED] - Statement - If (java.lang.String.valueOf(StockQty) >= java.lang.String.valueOf(RequestedQty)): null

2018-06-10 00:09:50 - [TEST_STEP][PASSED] - setText: Text '10' is set on object 'Object Repository/DispensaryToStore/Page_Store/input_txtqty'

2018-06-10 00:09:50 - [MESSAGE][PASSED] - Text '10' is set on object 'Object Repository/DispensaryToStore/Page_Store/input_txtqty'

2018-06-10 00:09:50 - [TEST_STEP][PASSED] - click: Object: 'Object Repository/DispensaryToStore/Page_Store/button_Add' is clicked on

2018-06-10 00:09:50 - [MESSAGE][PASSED] - Object: 'Object Repository/DispensaryToStore/Page_Store/button_Add' is clicked on

2018-06-10 00:09:50 - [TEST_STEP][PASSED] - Statement - Break: null

2018-06-10 00:09:50 - [TEST_STEP][PASSED] - selectOptionByIndex: All options with index in [18] are selected on object 'Object Repository/DispensaryToStore/Page_Store/select_--Select--Adernaline 0.'

2018-06-10 00:09:50 - [MESSAGE][PASSED] - All options with index in [18] are selected on object 'Object Repository/DispensaryToStore/Page_Store/select_--Select--Adernaline 0.'

2018-06-10 00:09:50 - [TEST_STEP][PASSED] - delay: Delayed 2 second(s)

2018-06-10 00:09:52 - [MESSAGE][PASSED] - Delayed 2 second(s)

2018-06-10 00:09:52 - [TEST_STEP][PASSED] - Statement - RequestedQty = com.kms.katalon.core.webui.keyword.WebUiBuiltInKeywords.getAttribute(com.kms.katalon.core.testobject.ObjectRepository.findTestObject(DispensaryToStore/Page_Store/input_txttotal), "value"): Attribute 'value' of object 'Object Repository/DispensaryToStore/Page_Store/input_txttotal' is: '10'

2018-06-10 00:09:52 - [MESSAGE][PASSED] - Attribute 'value' of object 'Object Repository/DispensaryToStore/Page_Store/input_txttotal' is: '10'

2018-06-10 00:09:52 - [TEST_STEP][PASSED] - Statement - out.println("Requested QTY : " + RequestedQty): null

2018-06-10 00:09:52 - [TEST_STEP][PASSED] - Statement - BatchNumber = com.kms.katalon.core.webui.keyword.WebUiBuiltInKeywords.getNumberOfTotalOption(com.kms.katalon.core.testobject.ObjectRepository.findTestObject(DispensaryToStore/Page_Store/select_--Select--BA1170BA2376B)): 3 options of object 'Object Repository/DispensaryToStore/Page_Store/select_--Select--BA1170BA2376B' counted

2018-06-10 00:09:52 - [MESSAGE][PASSED] - 3 options of object 'Object Repository/DispensaryToStore/Page_Store/select_--Select--BA1170BA2376B' counted

2018-06-10 00:09:52 - [TEST_STEP][PASSED] - Statement - For ([g = 1, g <= BatchNumber - 1, (g++)]): null

2018-06-10 00:09:52 - [TEST_STEP][PASSED] - selectOptionByIndex: All options with index in [1] are selected on object 'Object Repository/DispensaryToStore/Page_Store/select_--Select--BA1170BA2376B'

2018-06-10 00:09:52 - [MESSAGE][PASSED] - All options with index in [1] are selected on object 'Object Repository/DispensaryToStore/Page_Store/select_--Select--BA1170BA2376B'

2018-06-10 00:09:52 - [TEST_STEP][PASSED] - Statement - Try: null

2018-06-10 00:09:52 - [TEST_STEP][PASSED] - Statement - StockQty = com.kms.katalon.core.webui.keyword.WebUiBuiltInKeywords.getAttribute(com.kms.katalon.core.testobject.ObjectRepository.findTestObject(DispensaryToStore/Page_Store/input_txtprice), "value"): Attribute 'value' of object 'Object Repository/DispensaryToStore/Page_Store/input_txtprice' is: '1854'

2018-06-10 00:09:52 - [MESSAGE][PASSED] - Attribute 'value' of object 'Object Repository/DispensaryToStore/Page_Store/input_txtprice' is: '1854'

2018-06-10 00:09:52 - [TEST_STEP][PASSED] - Statement - out.println("Stock QTY : " + StockQty): null

2018-06-10 00:09:52 - [TEST_STEP][PASSED] - delay: Delayed 2 second(s)

2018-06-10 00:09:54 - [MESSAGE][PASSED] - Delayed 2 second(s)

2018-06-10 00:09:54 - [TEST_STEP][PASSED] - Statement - If (java.lang.String.valueOf(StockQty) >= java.lang.String.valueOf(RequestedQty)): null

2018-06-10 00:09:54 - [TEST_STEP][PASSED] - setText: Text '10' is set on object 'Object Repository/DispensaryToStore/Page_Store/input_txtqty'

2018-06-10 00:09:55 - [MESSAGE][PASSED] - Text '10' is set on object 'Object Repository/DispensaryToStore/Page_Store/input_txtqty'

2018-06-10 00:09:55 - [TEST_STEP][PASSED] - click: Object: 'Object Repository/DispensaryToStore/Page_Store/button_Add' is clicked on

2018-06-10 00:09:55 - [MESSAGE][PASSED] - Object: 'Object Repository/DispensaryToStore/Page_Store/button_Add' is clicked on

2018-06-10 00:09:55 - [TEST_STEP][PASSED] - Statement - Break: null

2018-06-10 00:09:55 - [TEST_STEP][PASSED] - selectOptionByIndex: All options with index in [19] are selected on object 'Object Repository/DispensaryToStore/Page_Store/select_--Select--Adernaline 0.'

2018-06-10 00:09:55 - [MESSAGE][PASSED] - All options with index in [19] are selected on object 'Object Repository/DispensaryToStore/Page_Store/select_--Select--Adernaline 0.'

2018-06-10 00:09:55 - [TEST_STEP][PASSED] - delay: Delayed 2 second(s)

2018-06-10 00:09:57 - [MESSAGE][PASSED] - Delayed 2 second(s)

2018-06-10 00:09:57 - [TEST_STEP][PASSED] - Statement - RequestedQty = com.kms.katalon.core.webui.keyword.WebUiBuiltInKeywords.getAttribute(com.kms.katalon.core.testobject.ObjectRepository.findTestObject(DispensaryToStore/Page_Store/input_txttotal), "value"): Attribute 'value' of object 'Object Repository/DispensaryToStore/Page_Store/input_txttotal' is: '10'

2018-06-10 00:09:57 - [MESSAGE][PASSED] - Attribute 'value' of object 'Object Repository/DispensaryToStore/Page_Store/input_txttotal' is: '10'

2018-06-10 00:09:57 - [TEST_STEP][PASSED] - Statement - out.println("Requested QTY : " + RequestedQty): null

2018-06-10 00:09:57 - [TEST_STEP][PASSED] - Statement - BatchNumber = com.kms.katalon.core.webui.keyword.WebUiBuiltInKeywords.getNumberOfTotalOption(com.kms.katalon.core.testobject.ObjectRepository.findTestObject(DispensaryToStore/Page_Store/select_--Select--BA1170BA2376B)): 3 options of object 'Object Repository/DispensaryToStore/Page_Store/select_--Select--BA1170BA2376B' counted

2018-06-10 00:09:57 - [MESSAGE][PASSED] - 3 options of object 'Object Repository/DispensaryToStore/Page_Store/select_--Select--BA1170BA2376B' counted

2018-06-10 00:09:57 - [TEST_STEP][PASSED] - Statement - For ([g = 1, g <= BatchNumber - 1, (g++)]): null

2018-06-10 00:09:57 - [TEST_STEP][PASSED] - selectOptionByIndex: All options with index in [1] are selected on object 'Object Repository/DispensaryToStore/Page_Store/select_--Select--BA1170BA2376B'

2018-06-10 00:09:57 - [MESSAGE][PASSED] - All options with index in [1] are selected on object 'Object Repository/DispensaryToStore/Page_Store/select_--Select--BA1170BA2376B'

2018-06-10 00:09:57 - [TEST_STEP][PASSED] - Statement - Try: null

2018-06-10 00:09:57 - [TEST_STEP][PASSED] - Statement - StockQty = com.kms.katalon.core.webui.keyword.WebUiBuiltInKeywords.getAttribute(com.kms.katalon.core.testobject.ObjectRepository.findTestObject(DispensaryToStore/Page_Store/input_txtprice), "value"): Attribute 'value' of object 'Object Repository/DispensaryToStore/Page_Store/input_txtprice' is: '910'

2018-06-10 00:09:57 - [MESSAGE][PASSED] - Attribute 'value' of object 'Object Repository/DispensaryToStore/Page_Store/input_txtprice' is: '910'

2018-06-10 00:09:57 - [TEST_STEP][PASSED] - Statement - out.println("Stock QTY : " + StockQty): null

2018-06-10 00:09:57 - [TEST_STEP][PASSED] - delay: Delayed 2 second(s)

2018-06-10 00:09:59 - [MESSAGE][PASSED] - Delayed 2 second(s)

2018-06-10 00:09:59 - [TEST_STEP][PASSED] - Statement - If (java.lang.String.valueOf(StockQty) >= java.lang.String.valueOf(RequestedQty)): null

2018-06-10 00:09:59 - [TEST_STEP][PASSED] - setText: Text '10' is set on object 'Object Repository/DispensaryToStore/Page_Store/input_txtqty'

2018-06-10 00:09:59 - [MESSAGE][PASSED] - Text '10' is set on object 'Object Repository/DispensaryToStore/Page_Store/input_txtqty'

2018-06-10 00:09:59 - [TEST_STEP][PASSED] - click: Object: 'Object Repository/DispensaryToStore/Page_Store/button_Add' is clicked on

2018-06-10 00:09:59 - [MESSAGE][PASSED] - Object: 'Object Repository/DispensaryToStore/Page_Store/button_Add' is clicked on

2018-06-10 00:09:59 - [TEST_STEP][PASSED] - Statement - Break: null

2018-06-10 00:09:59 - [TEST_STEP][PASSED] - selectOptionByIndex: All options with index in [20] are selected on object 'Object Repository/DispensaryToStore/Page_Store/select_--Select--Adernaline 0.'

2018-06-10 00:10:00 - [MESSAGE][PASSED] - All options with index in [20] are selected on object 'Object Repository/DispensaryToStore/Page_Store/select_--Select--Adernaline 0.'

2018-06-10 00:10:00 - [TEST_STEP][PASSED] - delay: Delayed 2 second(s)

2018-06-10 00:10:02 - [MESSAGE][PASSED] - Delayed 2 second(s)

2018-06-10 00:10:02 - [TEST_STEP][PASSED] - Statement - RequestedQty = com.kms.katalon.core.webui.keyword.WebUiBuiltInKeywords.getAttribute(com.kms.katalon.core.testobject.ObjectRepository.findTestObject(DispensaryToStore/Page_Store/input_txttotal), "value"): Attribute 'value' of object 'Object Repository/DispensaryToStore/Page_Store/input_txttotal' is: '10'

2018-06-10 00:10:02 - [MESSAGE][PASSED] - Attribute 'value' of object 'Object Repository/DispensaryToStore/Page_Store/input_txttotal' is: '10'

2018-06-10 00:10:02 - [TEST_STEP][PASSED] - Statement - out.println("Requested QTY : " + RequestedQty): null

2018-06-10 00:10:02 - [TEST_STEP][PASSED] - Statement - BatchNumber = com.kms.katalon.core.webui.keyword.WebUiBuiltInKeywords.getNumberOfTotalOption(com.kms.katalon.core.testobject.ObjectRepository.findTestObject(DispensaryToStore/Page_Store/select_--Select--BA1170BA2376B)): 3 options of object 'Object Repository/DispensaryToStore/Page_Store/select_--Select--BA1170BA2376B' counted

2018-06-10 00:10:02 - [MESSAGE][PASSED] - 3 options of object 'Object Repository/DispensaryToStore/Page_Store/select_--Select--BA1170BA2376B' counted

2018-06-10 00:10:02 - [TEST_STEP][PASSED] - Statement - For ([g = 1, g <= BatchNumber - 1, (g++)]): null

2018-06-10 00:10:02 - [TEST_STEP][PASSED] - selectOptionByIndex: All options with index in [1] are selected on object 'Object Repository/DispensaryToStore/Page_Store/select_--Select--BA1170BA2376B'

2018-06-10 00:10:02 - [MESSAGE][PASSED] - All options with index in [1] are selected on object 'Object Repository/DispensaryToStore/Page_Store/select_--Select--BA1170BA2376B'

2018-06-10 00:10:02 - [TEST_STEP][PASSED] - Statement - Try: null

2018-06-10 00:10:02 - [TEST_STEP][PASSED] - Statement - StockQty = com.kms.katalon.core.webui.keyword.WebUiBuiltInKeywords.getAttribute(com.kms.katalon.core.testobject.ObjectRepository.findTestObject(DispensaryToStore/Page_Store/input_txtprice), "value"): Attribute 'value' of object 'Object Repository/DispensaryToStore/Page_Store/input_txtprice' is: '1870'

2018-06-10 00:10:02 - [MESSAGE][PASSED] - Attribute 'value' of object 'Object Repository/DispensaryToStore/Page_Store/input_txtprice' is: '1870'

2018-06-10 00:10:02 - [TEST_STEP][PASSED] - Statement - out.println("Stock QTY : " + StockQty): null

2018-06-10 00:10:02 - [TEST_STEP][PASSED] - delay: Delayed 2 second(s)

2018-06-10 00:10:04 - [MESSAGE][PASSED] - Delayed 2 second(s)

2018-06-10 00:10:04 - [TEST_STEP][PASSED] - Statement - If (java.lang.String.valueOf(StockQty) >= java.lang.String.valueOf(RequestedQty)): null

2018-06-10 00:10:04 - [TEST_STEP][PASSED] - setText: Text '10' is set on object 'Object Repository/DispensaryToStore/Page_Store/input_txtqty'

2018-06-10 00:10:04 - [MESSAGE][PASSED] - Text '10' is set on object 'Object Repository/DispensaryToStore/Page_Store/input_txtqty'

2018-06-10 00:10:04 - [TEST_STEP][PASSED] - click: Object: 'Object Repository/DispensaryToStore/Page_Store/button_Add' is clicked on

2018-06-10 00:10:04 - [MESSAGE][PASSED] - Object: 'Object Repository/DispensaryToStore/Page_Store/button_Add' is clicked on

2018-06-10 00:10:04 - [TEST_STEP][PASSED] - Statement - Break: null

2018-06-10 00:10:04 - [TEST_STEP][PASSED] - selectOptionByIndex: All options with index in [21] are selected on object 'Object Repository/DispensaryToStore/Page_Store/select_--Select--Adernaline 0.'

2018-06-10 00:10:04 - [MESSAGE][PASSED] - All options with index in [21] are selected on object 'Object Repository/DispensaryToStore/Page_Store/select_--Select--Adernaline 0.'

2018-06-10 00:10:04 - [TEST_STEP][PASSED] - delay: Delayed 2 second(s)

2018-06-10 00:10:06 - [MESSAGE][PASSED] - Delayed 2 second(s)

2018-06-10 00:10:06 - [TEST_STEP][PASSED] - Statement - RequestedQty = com.kms.katalon.core.webui.keyword.WebUiBuiltInKeywords.getAttribute(com.kms.katalon.core.testobject.ObjectRepository.findTestObject(DispensaryToStore/Page_Store/input_txttotal), "value"): Attribute 'value' of object 'Object Repository/DispensaryToStore/Page_Store/input_txttotal' is: '10'

2018-06-10 00:10:06 - [MESSAGE][PASSED] - Attribute 'value' of object 'Object Repository/DispensaryToStore/Page_Store/input_txttotal' is: '10'

2018-06-10 00:10:06 - [TEST_STEP][PASSED] - Statement - out.println("Requested QTY : " + RequestedQty): null

2018-06-10 00:10:06 - [TEST_STEP][PASSED] - Statement - BatchNumber = com.kms.katalon.core.webui.keyword.WebUiBuiltInKeywords.getNumberOfTotalOption(com.kms.katalon.core.testobject.ObjectRepository.findTestObject(DispensaryToStore/Page_Store/select_--Select--BA1170BA2376B)): 2 options of object 'Object Repository/DispensaryToStore/Page_Store/select_--Select--BA1170BA2376B' counted

2018-06-10 00:10:06 - [MESSAGE][PASSED] - 2 options of object 'Object Repository/DispensaryToStore/Page_Store/select_--Select--BA1170BA2376B' counted

2018-06-10 00:10:06 - [TEST_STEP][PASSED] - Statement - For ([g = 1, g <= BatchNumber - 1, (g++)]): null

2018-06-10 00:10:06 - [TEST_STEP][PASSED] - selectOptionByIndex: All options with index in [1] are selected on object 'Object Repository/DispensaryToStore/Page_Store/select_--Select--BA1170BA2376B'

2018-06-10 00:10:07 - [MESSAGE][PASSED] - All options with index in [1] are selected on object 'Object Repository/DispensaryToStore/Page_Store/select_--Select--BA1170BA2376B'

2018-06-10 00:10:07 - [TEST_STEP][PASSED] - Statement - Try: null

2018-06-10 00:10:07 - [TEST_STEP][PASSED] - Statement - StockQty = com.kms.katalon.core.webui.keyword.WebUiBuiltInKeywords.getAttribute(com.kms.katalon.core.testobject.ObjectRepository.findTestObject(DispensaryToStore/Page_Store/input_txtprice), "value"): Attribute 'value' of object 'Object Repository/DispensaryToStore/Page_Store/input_txtprice' is: '2070'

2018-06-10 00:10:07 - [MESSAGE][PASSED] - Attribute 'value' of object 'Object Repository/DispensaryToStore/Page_Store/input_txtprice' is: '2070'

2018-06-10 00:10:07 - [TEST_STEP][PASSED] - Statement - out.println("Stock QTY : " + StockQty): null

2018-06-10 00:10:07 - [TEST_STEP][PASSED] - delay: Delayed 2 second(s)

2018-06-10 00:10:09 - [MESSAGE][PASSED] - Delayed 2 second(s)

2018-06-10 00:10:09 - [TEST_STEP][PASSED] - Statement - If (java.lang.String.valueOf(StockQty) >= java.lang.String.valueOf(RequestedQty)): null

2018-06-10 00:10:09 - [TEST_STEP][PASSED] - setText: Text '10' is set on object 'Object Repository/DispensaryToStore/Page_Store/input_txtqty'

2018-06-10 00:10:09 - [MESSAGE][PASSED] - Text '10' is set on object 'Object Repository/DispensaryToStore/Page_Store/input_txtqty'

2018-06-10 00:10:09 - [TEST_STEP][PASSED] - click: Object: 'Object Repository/DispensaryToStore/Page_Store/button_Add' is clicked on

2018-06-10 00:10:09 - [MESSAGE][PASSED] - Object: 'Object Repository/DispensaryToStore/Page_Store/button_Add' is clicked on

2018-06-10 00:10:09 - [TEST_STEP][PASSED] - Statement - Break: null

2018-06-10 00:10:09 - [TEST_STEP][PASSED] - selectOptionByIndex: All options with index in [22] are selected on object 'Object Repository/DispensaryToStore/Page_Store/select_--Select--Adernaline 0.'

2018-06-10 00:10:09 - [MESSAGE][PASSED] - All options with index in [22] are selected on object 'Object Repository/DispensaryToStore/Page_Store/select_--Select--Adernaline 0.'

2018-06-10 00:10:09 - [TEST_STEP][PASSED] - delay: Delayed 2 second(s)

2018-06-10 00:10:11 - [MESSAGE][PASSED] - Delayed 2 second(s)

2018-06-10 00:10:11 - [TEST_STEP][PASSED] - Statement - RequestedQty = com.kms.katalon.core.webui.keyword.WebUiBuiltInKeywords.getAttribute(com.kms.katalon.core.testobject.ObjectRepository.findTestObject(DispensaryToStore/Page_Store/input_txttotal), "value"): Attribute 'value' of object 'Object Repository/DispensaryToStore/Page_Store/input_txttotal' is: '10'

2018-06-10 00:10:11 - [MESSAGE][PASSED] - Attribute 'value' of object 'Object Repository/DispensaryToStore/Page_Store/input_txttotal' is: '10'

2018-06-10 00:10:11 - [TEST_STEP][PASSED] - Statement - out.println("Requested QTY : " + RequestedQty): null

2018-06-10 00:10:11 - [TEST_STEP][PASSED] - Statement - BatchNumber = com.kms.katalon.core.webui.keyword.WebUiBuiltInKeywords.getNumberOfTotalOption(com.kms.katalon.core.testobject.ObjectRepository.findTestObject(DispensaryToStore/Page_Store/select_--Select--BA1170BA2376B)): 5 options of object 'Object Repository/DispensaryToStore/Page_Store/select_--Select--BA1170BA2376B' counted

2018-06-10 00:10:11 - [MESSAGE][PASSED] - 5 options of object 'Object Repository/DispensaryToStore/Page_Store/select_--Select--BA1170BA2376B' counted

2018-06-10 00:10:11 - [TEST_STEP][PASSED] - Statement - For ([g = 1, g <= BatchNumber - 1, (g++)]): null

2018-06-10 00:10:11 - [TEST_STEP][PASSED] - selectOptionByIndex: All options with index in [1] are selected on object 'Object Repository/DispensaryToStore/Page_Store/select_--Select--BA1170BA2376B'

2018-06-10 00:10:11 - [MESSAGE][PASSED] - All options with index in [1] are selected on object 'Object Repository/DispensaryToStore/Page_Store/select_--Select--BA1170BA2376B'

2018-06-10 00:10:11 - [TEST_STEP][PASSED] - Statement - Try: null

2018-06-10 00:10:11 - [TEST_STEP][PASSED] - Statement - StockQty = com.kms.katalon.core.webui.keyword.WebUiBuiltInKeywords.getAttribute(com.kms.katalon.core.testobject.ObjectRepository.findTestObject(DispensaryToStore/Page_Store/input_txtprice), "value"): Attribute 'value' of object 'Object Repository/DispensaryToStore/Page_Store/input_txtprice' is: '340'

2018-06-10 00:10:11 - [MESSAGE][PASSED] - Attribute 'value' of object 'Object Repository/DispensaryToStore/Page_Store/input_txtprice' is: '340'

2018-06-10 00:10:11 - [TEST_STEP][PASSED] - Statement - out.println("Stock QTY : " + StockQty): null

2018-06-10 00:10:11 - [TEST_STEP][PASSED] - delay: Delayed 2 second(s)

2018-06-10 00:10:13 - [MESSAGE][PASSED] - Delayed 2 second(s)

2018-06-10 00:10:13 - [TEST_STEP][PASSED] - Statement - If (java.lang.String.valueOf(StockQty) >= java.lang.String.valueOf(RequestedQty)): null

2018-06-10 00:10:13 - [TEST_STEP][PASSED] - setText: Text '10' is set on object 'Object Repository/DispensaryToStore/Page_Store/input_txtqty'

2018-06-10 00:10:13 - [MESSAGE][PASSED] - Text '10' is set on object 'Object Repository/DispensaryToStore/Page_Store/input_txtqty'

2018-06-10 00:10:13 - [TEST_STEP][PASSED] - click: Object: 'Object Repository/DispensaryToStore/Page_Store/button_Add' is clicked on

2018-06-10 00:10:14 - [MESSAGE][PASSED] - Object: 'Object Repository/DispensaryToStore/Page_Store/button_Add' is clicked on

2018-06-10 00:10:14 - [TEST_STEP][PASSED] - Statement - Break: null

2018-06-10 00:10:14 - [TEST_STEP][PASSED] - selectOptionByIndex: All options with index in [23] are selected on object 'Object Repository/DispensaryToStore/Page_Store/select_--Select--Adernaline 0.'

2018-06-10 00:10:14 - [MESSAGE][PASSED] - All options with index in [23] are selected on object 'Object Repository/DispensaryToStore/Page_Store/select_--Select--Adernaline 0.'

2018-06-10 00:10:14 - [TEST_STEP][PASSED] - delay: Delayed 2 second(s)

2018-06-10 00:10:16 - [MESSAGE][PASSED] - Delayed 2 second(s)

2018-06-10 00:10:16 - [TEST_STEP][PASSED] - Statement - RequestedQty = com.kms.katalon.core.webui.keyword.WebUiBuiltInKeywords.getAttribute(com.kms.katalon.core.testobject.ObjectRepository.findTestObject(DispensaryToStore/Page_Store/input_txttotal), "value"): Attribute 'value' of object 'Object Repository/DispensaryToStore/Page_Store/input_txttotal' is: '10'

2018-06-10 00:10:16 - [MESSAGE][PASSED] - Attribute 'value' of object 'Object Repository/DispensaryToStore/Page_Store/input_txttotal' is: '10'

2018-06-10 00:10:16 - [TEST_STEP][PASSED] - Statement - out.println("Requested QTY : " + RequestedQty): null

2018-06-10 00:10:16 - [TEST_STEP][PASSED] - Statement - BatchNumber = com.kms.katalon.core.webui.keyword.WebUiBuiltInKeywords.getNumberOfTotalOption(com.kms.katalon.core.testobject.ObjectRepository.findTestObject(DispensaryToStore/Page_Store/select_--Select--BA1170BA2376B)): 3 options of object 'Object Repository/DispensaryToStore/Page_Store/select_--Select--BA1170BA2376B' counted

2018-06-10 00:10:16 - [MESSAGE][PASSED] - 3 options of object 'Object Repository/DispensaryToStore/Page_Store/select_--Select--BA1170BA2376B' counted

2018-06-10 00:10:16 - [TEST_STEP][PASSED] - Statement - For ([g = 1, g <= BatchNumber - 1, (g++)]): null

2018-06-10 00:10:16 - [TEST_STEP][PASSED] - selectOptionByIndex: All options with index in [1] are selected on object 'Object Repository/DispensaryToStore/Page_Store/select_--Select--BA1170BA2376B'

2018-06-10 00:10:16 - [MESSAGE][PASSED] - All options with index in [1] are selected on object 'Object Repository/DispensaryToStore/Page_Store/select_--Select--BA1170BA2376B'

2018-06-10 00:10:16 - [TEST_STEP][PASSED] - Statement - Try: null

2018-06-10 00:10:16 - [TEST_STEP][PASSED] - Statement - StockQty = com.kms.katalon.core.webui.keyword.WebUiBuiltInKeywords.getAttribute(com.kms.katalon.core.testobject.ObjectRepository.findTestObject(DispensaryToStore/Page_Store/input_txtprice), "value"): Attribute 'value' of object 'Object Repository/DispensaryToStore/Page_Store/input_txtprice' is: '1870'

2018-06-10 00:10:16 - [MESSAGE][PASSED] - Attribute 'value' of object 'Object Repository/DispensaryToStore/Page_Store/input_txtprice' is: '1870'

2018-06-10 00:10:16 - [TEST_STEP][PASSED] - Statement - out.println("Stock QTY : " + StockQty): null

2018-06-10 00:10:16 - [TEST_STEP][PASSED] - delay: Delayed 2 second(s)

2018-06-10 00:10:18 - [MESSAGE][PASSED] - Delayed 2 second(s)

2018-06-10 00:10:18 - [TEST_STEP][PASSED] - Statement - If (java.lang.String.valueOf(StockQty) >= java.lang.String.valueOf(RequestedQty)): null

2018-06-10 00:10:18 - [TEST_STEP][PASSED] - setText: Text '10' is set on object 'Object Repository/DispensaryToStore/Page_Store/input_txtqty'

2018-06-10 00:10:18 - [MESSAGE][PASSED] - Text '10' is set on object 'Object Repository/DispensaryToStore/Page_Store/input_txtqty'

2018-06-10 00:10:18 - [TEST_STEP][PASSED] - click: Object: 'Object Repository/DispensaryToStore/Page_Store/button_Add' is clicked on

2018-06-10 00:10:18 - [MESSAGE][PASSED] - Object: 'Object Repository/DispensaryToStore/Page_Store/button_Add' is clicked on

2018-06-10 00:10:18 - [TEST_STEP][PASSED] - Statement - Break: null

2018-06-10 00:10:18 - [TEST_STEP][PASSED] - selectOptionByIndex: All options with index in [24] are selected on object 'Object Repository/DispensaryToStore/Page_Store/select_--Select--Adernaline 0.'

2018-06-10 00:10:19 - [MESSAGE][PASSED] - All options with index in [24] are selected on object 'Object Repository/DispensaryToStore/Page_Store/select_--Select--Adernaline 0.'

2018-06-10 00:10:19 - [TEST_STEP][PASSED] - delay: Delayed 2 second(s)

2018-06-10 00:10:21 - [MESSAGE][PASSED] - Delayed 2 second(s)

2018-06-10 00:10:21 - [TEST_STEP][PASSED] - Statement - RequestedQty = com.kms.katalon.core.webui.keyword.WebUiBuiltInKeywords.getAttribute(com.kms.katalon.core.testobject.ObjectRepository.findTestObject(DispensaryToStore/Page_Store/input_txttotal), "value"): Attribute 'value' of object 'Object Repository/DispensaryToStore/Page_Store/input_txttotal' is: '10'

2018-06-10 00:10:21 - [MESSAGE][PASSED] - Attribute 'value' of object 'Object Repository/DispensaryToStore/Page_Store/input_txttotal' is: '10'

2018-06-10 00:10:21 - [TEST_STEP][PASSED] - Statement - out.println("Requested QTY : " + RequestedQty): null

2018-06-10 00:10:21 - [TEST_STEP][PASSED] - Statement - BatchNumber = com.kms.katalon.core.webui.keyword.WebUiBuiltInKeywords.getNumberOfTotalOption(com.kms.katalon.core.testobject.ObjectRepository.findTestObject(DispensaryToStore/Page_Store/select_--Select--BA1170BA2376B)): 5 options of object 'Object Repository/DispensaryToStore/Page_Store/select_--Select--BA1170BA2376B' counted

2018-06-10 00:10:21 - [MESSAGE][PASSED] - 5 options of object 'Object Repository/DispensaryToStore/Page_Store/select_--Select--BA1170BA2376B' counted

2018-06-10 00:10:21 - [TEST_STEP][PASSED] - Statement - For ([g = 1, g <= BatchNumber - 1, (g++)]): null

2018-06-10 00:10:21 - [TEST_STEP][PASSED] - selectOptionByIndex: All options with index in [1] are selected on object 'Object Repository/DispensaryToStore/Page_Store/select_--Select--BA1170BA2376B'

2018-06-10 00:10:21 - [MESSAGE][PASSED] - All options with index in [1] are selected on object 'Object Repository/DispensaryToStore/Page_Store/select_--Select--BA1170BA2376B'

2018-06-10 00:10:21 - [TEST_STEP][PASSED] - Statement - Try: null

2018-06-10 00:10:21 - [TEST_STEP][PASSED] - Statement - StockQty = com.kms.katalon.core.webui.keyword.WebUiBuiltInKeywords.getAttribute(com.kms.katalon.core.testobject.ObjectRepository.findTestObject(DispensaryToStore/Page_Store/input_txtprice), "value"): Attribute 'value' of object 'Object Repository/DispensaryToStore/Page_Store/input_txtprice' is: '340'

2018-06-10 00:10:21 - [MESSAGE][PASSED] - Attribute 'value' of object 'Object Repository/DispensaryToStore/Page_Store/input_txtprice' is: '340'

2018-06-10 00:10:21 - [TEST_STEP][PASSED] - Statement - out.println("Stock QTY : " + StockQty): null

2018-06-10 00:10:21 - [TEST_STEP][PASSED] - delay: Delayed 2 second(s)

2018-06-10 00:10:23 - [MESSAGE][PASSED] - Delayed 2 second(s)

2018-06-10 00:10:23 - [TEST_STEP][PASSED] - Statement - If (java.lang.String.valueOf(StockQty) >= java.lang.String.valueOf(RequestedQty)): null

2018-06-10 00:10:23 - [TEST_STEP][PASSED] - setText: Text '10' is set on object 'Object Repository/DispensaryToStore/Page_Store/input_txtqty'

2018-06-10 00:10:23 - [MESSAGE][PASSED] - Text '10' is set on object 'Object Repository/DispensaryToStore/Page_Store/input_txtqty'

2018-06-10 00:10:23 - [TEST_STEP][PASSED] - click: Object: 'Object Repository/DispensaryToStore/Page_Store/button_Add' is clicked on

2018-06-10 00:10:23 - [MESSAGE][PASSED] - Object: 'Object Repository/DispensaryToStore/Page_Store/button_Add' is clicked on

2018-06-10 00:10:23 - [TEST_STEP][PASSED] - Statement - Break: null

2018-06-10 00:10:23 - [TEST_STEP][PASSED] - selectOptionByIndex: All options with index in [25] are selected on object 'Object Repository/DispensaryToStore/Page_Store/select_--Select--Adernaline 0.'

2018-06-10 00:10:23 - [MESSAGE][PASSED] - All options with index in [25] are selected on object 'Object Repository/DispensaryToStore/Page_Store/select_--Select--Adernaline 0.'

2018-06-10 00:10:23 - [TEST_STEP][PASSED] - delay: Delayed 2 second(s)

2018-06-10 00:10:25 - [MESSAGE][PASSED] - Delayed 2 second(s)

2018-06-10 00:10:25 - [TEST_STEP][PASSED] - Statement - RequestedQty = com.kms.katalon.core.webui.keyword.WebUiBuiltInKeywords.getAttribute(com.kms.katalon.core.testobject.ObjectRepository.findTestObject(DispensaryToStore/Page_Store/input_txttotal), "value"): Attribute 'value' of object 'Object Repository/DispensaryToStore/Page_Store/input_txttotal' is: '10'

2018-06-10 00:10:25 - [MESSAGE][PASSED] - Attribute 'value' of object 'Object Repository/DispensaryToStore/Page_Store/input_txttotal' is: '10'

2018-06-10 00:10:25 - [TEST_STEP][PASSED] - Statement - out.println("Requested QTY : " + RequestedQty): null

2018-06-10 00:10:25 - [TEST_STEP][PASSED] - Statement - BatchNumber = com.kms.katalon.core.webui.keyword.WebUiBuiltInKeywords.getNumberOfTotalOption(com.kms.katalon.core.testobject.ObjectRepository.findTestObject(DispensaryToStore/Page_Store/select_--Select--BA1170BA2376B)): 3 options of object 'Object Repository/DispensaryToStore/Page_Store/select_--Select--BA1170BA2376B' counted

2018-06-10 00:10:26 - [MESSAGE][PASSED] - 3 options of object 'Object Repository/DispensaryToStore/Page_Store/select_--Select--BA1170BA2376B' counted

2018-06-10 00:10:26 - [TEST_STEP][PASSED] - Statement - For ([g = 1, g <= BatchNumber - 1, (g++)]): null

2018-06-10 00:10:26 - [TEST_STEP][PASSED] - selectOptionByIndex: All options with index in [1] are selected on object 'Object Repository/DispensaryToStore/Page_Store/select_--Select--BA1170BA2376B'

2018-06-10 00:10:26 - [MESSAGE][PASSED] - All options with index in [1] are selected on object 'Object Repository/DispensaryToStore/Page_Store/select_--Select--BA1170BA2376B'

2018-06-10 00:10:26 - [TEST_STEP][PASSED] - Statement - Try: null

2018-06-10 00:10:26 - [TEST_STEP][PASSED] - Statement - StockQty = com.kms.katalon.core.webui.keyword.WebUiBuiltInKeywords.getAttribute(com.kms.katalon.core.testobject.ObjectRepository.findTestObject(DispensaryToStore/Page_Store/input_txtprice), "value"): Attribute 'value' of object 'Object Repository/DispensaryToStore/Page_Store/input_txtprice' is: '1870'

2018-06-10 00:10:26 - [MESSAGE][PASSED] - Attribute 'value' of object 'Object Repository/DispensaryToStore/Page_Store/input_txtprice' is: '1870'

2018-06-10 00:10:26 - [TEST_STEP][PASSED] - Statement - out.println("Stock QTY : " + StockQty): null

2018-06-10 00:10:26 - [TEST_STEP][PASSED] - delay: Delayed 2 second(s)

2018-06-10 00:10:28 - [MESSAGE][PASSED] - Delayed 2 second(s)

2018-06-10 00:10:28 - [TEST_STEP][PASSED] - Statement - If (java.lang.String.valueOf(StockQty) >= java.lang.String.valueOf(RequestedQty)): null

2018-06-10 00:10:28 - [TEST_STEP][PASSED] - setText: Text '10' is set on object 'Object Repository/DispensaryToStore/Page_Store/input_txtqty'

2018-06-10 00:10:28 - [MESSAGE][PASSED] - Text '10' is set on object 'Object Repository/DispensaryToStore/Page_Store/input_txtqty'

2018-06-10 00:10:28 - [TEST_STEP][PASSED] - click: Object: 'Object Repository/DispensaryToStore/Page_Store/button_Add' is clicked on

2018-06-10 00:10:28 - [MESSAGE][PASSED] - Object: 'Object Repository/DispensaryToStore/Page_Store/button_Add' is clicked on

2018-06-10 00:10:28 - [TEST_STEP][PASSED] - Statement - Break: null

2018-06-10 00:10:28 - [TEST_STEP][PASSED] - selectOptionByIndex: All options with index in [26] are selected on object 'Object Repository/DispensaryToStore/Page_Store/select_--Select--Adernaline 0.'

2018-06-10 00:10:28 - [MESSAGE][PASSED] - All options with index in [26] are selected on object 'Object Repository/DispensaryToStore/Page_Store/select_--Select--Adernaline 0.'

2018-06-10 00:10:28 - [TEST_STEP][PASSED] - delay: Delayed 2 second(s)

2018-06-10 00:10:30 - [MESSAGE][PASSED] - Delayed 2 second(s)

2018-06-10 00:10:30 - [TEST_STEP][PASSED] - Statement - RequestedQty = com.kms.katalon.core.webui.keyword.WebUiBuiltInKeywords.getAttribute(com.kms.katalon.core.testobject.ObjectRepository.findTestObject(DispensaryToStore/Page_Store/input_txttotal), "value"): Attribute 'value' of object 'Object Repository/DispensaryToStore/Page_Store/input_txttotal' is: '10'

2018-06-10 00:10:30 - [MESSAGE][PASSED] - Attribute 'value' of object 'Object Repository/DispensaryToStore/Page_Store/input_txttotal' is: '10'

2018-06-10 00:10:30 - [TEST_STEP][PASSED] - Statement - out.println("Requested QTY : " + RequestedQty): null

2018-06-10 00:10:30 - [TEST_STEP][PASSED] - Statement - BatchNumber = com.kms.katalon.core.webui.keyword.WebUiBuiltInKeywords.getNumberOfTotalOption(com.kms.katalon.core.testobject.ObjectRepository.findTestObject(DispensaryToStore/Page_Store/select_--Select--BA1170BA2376B)): 4 options of object 'Object Repository/DispensaryToStore/Page_Store/select_--Select--BA1170BA2376B' counted

2018-06-10 00:10:30 - [MESSAGE][PASSED] - 4 options of object 'Object Repository/DispensaryToStore/Page_Store/select_--Select--BA1170BA2376B' counted

2018-06-10 00:10:30 - [TEST_STEP][PASSED] - Statement - For ([g = 1, g <= BatchNumber - 1, (g++)]): null

2018-06-10 00:10:30 - [TEST_STEP][PASSED] - selectOptionByIndex: All options with index in [1] are selected on object 'Object Repository/DispensaryToStore/Page_Store/select_--Select--BA1170BA2376B'

2018-06-10 00:10:31 - [MESSAGE][PASSED] - All options with index in [1] are selected on object 'Object Repository/DispensaryToStore/Page_Store/select_--Select--BA1170BA2376B'

2018-06-10 00:10:31 - [TEST_STEP][PASSED] - Statement - Try: null

2018-06-10 00:10:31 - [TEST_STEP][PASSED] - Statement - StockQty = com.kms.katalon.core.webui.keyword.WebUiBuiltInKeywords.getAttribute(com.kms.katalon.core.testobject.ObjectRepository.findTestObject(DispensaryToStore/Page_Store/input_txtprice), "value"): Attribute 'value' of object 'Object Repository/DispensaryToStore/Page_Store/input_txtprice' is: '540'

2018-06-10 00:10:31 - [MESSAGE][PASSED] - Attribute 'value' of object 'Object Repository/DispensaryToStore/Page_Store/input_txtprice' is: '540'

2018-06-10 00:10:31 - [TEST_STEP][PASSED] - Statement - out.println("Stock QTY : " + StockQty): null

2018-06-10 00:10:31 - [TEST_STEP][PASSED] - delay: Delayed 2 second(s)

2018-06-10 00:10:33 - [MESSAGE][PASSED] - Delayed 2 second(s)

2018-06-10 00:10:33 - [TEST_STEP][PASSED] - Statement - If (java.lang.String.valueOf(StockQty) >= java.lang.String.valueOf(RequestedQty)): null

2018-06-10 00:10:33 - [TEST_STEP][PASSED] - setText: Text '10' is set on object 'Object Repository/DispensaryToStore/Page_Store/input_txtqty'

2018-06-10 00:10:33 - [MESSAGE][PASSED] - Text '10' is set on object 'Object Repository/DispensaryToStore/Page_Store/input_txtqty'

2018-06-10 00:10:33 - [TEST_STEP][PASSED] - click: Object: 'Object Repository/DispensaryToStore/Page_Store/button_Add' is clicked on

2018-06-10 00:10:33 - [MESSAGE][PASSED] - Object: 'Object Repository/DispensaryToStore/Page_Store/button_Add' is clicked on

2018-06-10 00:10:33 - [TEST_STEP][PASSED] - Statement - Break: null

2018-06-10 00:10:33 - [TEST_STEP][PASSED] - selectOptionByIndex: All options with index in [27] are selected on object 'Object Repository/DispensaryToStore/Page_Store/select_--Select--Adernaline 0.'

2018-06-10 00:10:33 - [MESSAGE][PASSED] - All options with index in [27] are selected on object 'Object Repository/DispensaryToStore/Page_Store/select_--Select--Adernaline 0.'

2018-06-10 00:10:33 - [TEST_STEP][PASSED] - delay: Delayed 2 second(s)

2018-06-10 00:10:35 - [MESSAGE][PASSED] - Delayed 2 second(s)

2018-06-10 00:10:35 - [TEST_STEP][PASSED] - Statement - RequestedQty = com.kms.katalon.core.webui.keyword.WebUiBuiltInKeywords.getAttribute(com.kms.katalon.core.testobject.ObjectRepository.findTestObject(DispensaryToStore/Page_Store/input_txttotal), "value"): Attribute 'value' of object 'Object Repository/DispensaryToStore/Page_Store/input_txttotal' is: '10'

2018-06-10 00:10:35 - [MESSAGE][PASSED] - Attribute 'value' of object 'Object Repository/DispensaryToStore/Page_Store/input_txttotal' is: '10'

2018-06-10 00:10:35 - [TEST_STEP][PASSED] - Statement - out.println("Requested QTY : " + RequestedQty): null

2018-06-10 00:10:35 - [TEST_STEP][PASSED] - Statement - BatchNumber = com.kms.katalon.core.webui.keyword.WebUiBuiltInKeywords.getNumberOfTotalOption(com.kms.katalon.core.testobject.ObjectRepository.findTestObject(DispensaryToStore/Page_Store/select_--Select--BA1170BA2376B)): 5 options of object 'Object Repository/DispensaryToStore/Page_Store/select_--Select--BA1170BA2376B' counted

2018-06-10 00:10:35 - [MESSAGE][PASSED] - 5 options of object 'Object Repository/DispensaryToStore/Page_Store/select_--Select--BA1170BA2376B' counted

2018-06-10 00:10:35 - [TEST_STEP][PASSED] - Statement - For ([g = 1, g <= BatchNumber - 1, (g++)]): null

2018-06-10 00:10:35 - [TEST_STEP][PASSED] - selectOptionByIndex: All options with index in [1] are selected on object 'Object Repository/DispensaryToStore/Page_Store/select_--Select--BA1170BA2376B'

2018-06-10 00:10:35 - [MESSAGE][PASSED] - All options with index in [1] are selected on object 'Object Repository/DispensaryToStore/Page_Store/select_--Select--BA1170BA2376B'

2018-06-10 00:10:35 - [TEST_STEP][PASSED] - Statement - Try: null

2018-06-10 00:10:35 - [TEST_STEP][PASSED] - Statement - StockQty = com.kms.katalon.core.webui.keyword.WebUiBuiltInKeywords.getAttribute(com.kms.katalon.core.testobject.ObjectRepository.findTestObject(DispensaryToStore/Page_Store/input_txtprice), "value"): Attribute 'value' of object 'Object Repository/DispensaryToStore/Page_Store/input_txtprice' is: ''

2018-06-10 00:10:35 - [MESSAGE][PASSED] - Attribute 'value' of object 'Object Repository/DispensaryToStore/Page_Store/input_txtprice' is: ''

2018-06-10 00:10:35 - [TEST_STEP][PASSED] - Statement - out.println("Stock QTY : " + StockQty): null

2018-06-10 00:10:35 - [TEST_STEP][PASSED] - delay: Delayed 2 second(s)

2018-06-10 00:10:37 - [MESSAGE][PASSED] - Delayed 2 second(s)

2018-06-10 00:10:37 - [TEST_STEP][PASSED] - Statement - If (java.lang.String.valueOf(StockQty) >= java.lang.String.valueOf(RequestedQty)): null

2018-06-10 00:10:37 - [TEST_STEP][PASSED] - Statement - Else: null

2018-06-10 00:10:37 - [TEST_STEP][PASSED] - Statement - out.println("Stock Is Less Than Requested Qty"): null

2018-06-10 00:10:37 - [TEST_STEP][PASSED] - selectOptionByIndex: All options with index in [2] are selected on object 'Object Repository/DispensaryToStore/Page_Store/select_--Select--BA1170BA2376B'

2018-06-10 00:10:38 - [MESSAGE][PASSED] - All options with index in [2] are selected on object 'Object Repository/DispensaryToStore/Page_Store/select_--Select--BA1170BA2376B'

2018-06-10 00:10:38 - [TEST_STEP][PASSED] - Statement - Try: null

2018-06-10 00:10:38 - [TEST_STEP][PASSED] - Statement - StockQty = com.kms.katalon.core.webui.keyword.WebUiBuiltInKeywords.getAttribute(com.kms.katalon.core.testobject.ObjectRepository.findTestObject(DispensaryToStore/Page_Store/input_txtprice), "value"): Attribute 'value' of object 'Object Repository/DispensaryToStore/Page_Store/input_txtprice' is: '540'

2018-06-10 00:10:38 - [MESSAGE][PASSED] - Attribute 'value' of object 'Object Repository/DispensaryToStore/Page_Store/input_txtprice' is: '540'

2018-06-10 00:10:38 - [TEST_STEP][PASSED] - Statement - out.println("Stock QTY : " + StockQty): null

2018-06-10 00:10:38 - [TEST_STEP][PASSED] - delay: Delayed 2 second(s)

2018-06-10 00:10:40 - [MESSAGE][PASSED] - Delayed 2 second(s)

2018-06-10 00:10:40 - [TEST_STEP][PASSED] - Statement - If (java.lang.String.valueOf(StockQty) >= java.lang.String.valueOf(RequestedQty)): null

2018-06-10 00:10:40 - [TEST_STEP][PASSED] - setText: Text '10' is set on object 'Object Repository/DispensaryToStore/Page_Store/input_txtqty'

2018-06-10 00:10:40 - [MESSAGE][PASSED] - Text '10' is set on object 'Object Repository/DispensaryToStore/Page_Store/input_txtqty'

2018-06-10 00:10:40 - [TEST_STEP][PASSED] - click: Object: 'Object Repository/DispensaryToStore/Page_Store/button_Add' is clicked on

2018-06-10 00:10:40 - [MESSAGE][PASSED] - Object: 'Object Repository/DispensaryToStore/Page_Store/button_Add' is clicked on

2018-06-10 00:10:40 - [TEST_STEP][PASSED] - Statement - Break: null

2018-06-10 00:10:40 - [TEST_STEP][PASSED] - selectOptionByIndex: All options with index in [28] are selected on object 'Object Repository/DispensaryToStore/Page_Store/select_--Select--Adernaline 0.'

2018-06-10 00:10:40 - [MESSAGE][PASSED] - All options with index in [28] are selected on object 'Object Repository/DispensaryToStore/Page_Store/select_--Select--Adernaline 0.'

2018-06-10 00:10:40 - [TEST_STEP][PASSED] - delay: Delayed 2 second(s)

2018-06-10 00:10:42 - [MESSAGE][PASSED] - Delayed 2 second(s)

2018-06-10 00:10:42 - [TEST_STEP][PASSED] - Statement - RequestedQty = com.kms.katalon.core.webui.keyword.WebUiBuiltInKeywords.getAttribute(com.kms.katalon.core.testobject.ObjectRepository.findTestObject(DispensaryToStore/Page_Store/input_txttotal), "value"): Attribute 'value' of object 'Object Repository/DispensaryToStore/Page_Store/input_txttotal' is: '10'

2018-06-10 00:10:42 - [MESSAGE][PASSED] - Attribute 'value' of object 'Object Repository/DispensaryToStore/Page_Store/input_txttotal' is: '10'

2018-06-10 00:10:42 - [TEST_STEP][PASSED] - Statement - out.println("Requested QTY : " + RequestedQty): null

2018-06-10 00:10:42 - [TEST_STEP][PASSED] - Statement - BatchNumber = com.kms.katalon.core.webui.keyword.WebUiBuiltInKeywords.getNumberOfTotalOption(com.kms.katalon.core.testobject.ObjectRepository.findTestObject(DispensaryToStore/Page_Store/select_--Select--BA1170BA2376B)): 4 options of object 'Object Repository/DispensaryToStore/Page_Store/select_--Select--BA1170BA2376B' counted

2018-06-10 00:10:42 - [MESSAGE][PASSED] - 4 options of object 'Object Repository/DispensaryToStore/Page_Store/select_--Select--BA1170BA2376B' counted

2018-06-10 00:10:42 - [TEST_STEP][PASSED] - Statement - For ([g = 1, g <= BatchNumber - 1, (g++)]): null

2018-06-10 00:10:42 - [TEST_STEP][PASSED] - selectOptionByIndex: All options with index in [1] are selected on object 'Object Repository/DispensaryToStore/Page_Store/select_--Select--BA1170BA2376B'

2018-06-10 00:10:42 - [MESSAGE][PASSED] - All options with index in [1] are selected on object 'Object Repository/DispensaryToStore/Page_Store/select_--Select--BA1170BA2376B'

2018-06-10 00:10:42 - [TEST_STEP][PASSED] - Statement - Try: null

2018-06-10 00:10:42 - [TEST_STEP][PASSED] - Statement - StockQty = com.kms.katalon.core.webui.keyword.WebUiBuiltInKeywords.getAttribute(com.kms.katalon.core.testobject.ObjectRepository.findTestObject(DispensaryToStore/Page_Store/input_txtprice), "value"): Attribute 'value' of object 'Object Repository/DispensaryToStore/Page_Store/input_txtprice' is: '910'

2018-06-10 00:10:42 - [MESSAGE][PASSED] - Attribute 'value' of object 'Object Repository/DispensaryToStore/Page_Store/input_txtprice' is: '910'

2018-06-10 00:10:42 - [TEST_STEP][PASSED] - Statement - out.println("Stock QTY : " + StockQty): null

2018-06-10 00:10:42 - [TEST_STEP][PASSED] - delay: Delayed 2 second(s)

2018-06-10 00:10:44 - [MESSAGE][PASSED] - Delayed 2 second(s)

2018-06-10 00:10:44 - [TEST_STEP][PASSED] - Statement - If (java.lang.String.valueOf(StockQty) >= java.lang.String.valueOf(RequestedQty)): null

2018-06-10 00:10:44 - [TEST_STEP][PASSED] - setText: Text '10' is set on object 'Object Repository/DispensaryToStore/Page_Store/input_txtqty'

2018-06-10 00:10:44 - [MESSAGE][PASSED] - Text '10' is set on object 'Object Repository/DispensaryToStore/Page_Store/input_txtqty'

2018-06-10 00:10:44 - [TEST_STEP][PASSED] - click: Object: 'Object Repository/DispensaryToStore/Page_Store/button_Add' is clicked on

2018-06-10 00:10:45 - [MESSAGE][PASSED] - Object: 'Object Repository/DispensaryToStore/Page_Store/button_Add' is clicked on

2018-06-10 00:10:45 - [TEST_STEP][PASSED] - Statement - Break: null

2018-06-10 00:10:45 - [TEST_STEP][PASSED] - selectOptionByIndex: All options with index in [29] are selected on object 'Object Repository/DispensaryToStore/Page_Store/select_--Select--Adernaline 0.'

2018-06-10 00:10:45 - [MESSAGE][PASSED] - All options with index in [29] are selected on object 'Object Repository/DispensaryToStore/Page_Store/select_--Select--Adernaline 0.'

2018-06-10 00:10:45 - [TEST_STEP][PASSED] - delay: Delayed 2 second(s)

2018-06-10 00:10:47 - [MESSAGE][PASSED] - Delayed 2 second(s)

2018-06-10 00:10:47 - [TEST_STEP][PASSED] - Statement - RequestedQty = com.kms.katalon.core.webui.keyword.WebUiBuiltInKeywords.getAttribute(com.kms.katalon.core.testobject.ObjectRepository.findTestObject(DispensaryToStore/Page_Store/input_txttotal), "value"): Attribute 'value' of object 'Object Repository/DispensaryToStore/Page_Store/input_txttotal' is: '10'

2018-06-10 00:10:47 - [MESSAGE][PASSED] - Attribute 'value' of object 'Object Repository/DispensaryToStore/Page_Store/input_txttotal' is: '10'

2018-06-10 00:10:47 - [TEST_STEP][PASSED] - Statement - out.println("Requested QTY : " + RequestedQty): null

2018-06-10 00:10:47 - [TEST_STEP][PASSED] - Statement - BatchNumber = com.kms.katalon.core.webui.keyword.WebUiBuiltInKeywords.getNumberOfTotalOption(com.kms.katalon.core.testobject.ObjectRepository.findTestObject(DispensaryToStore/Page_Store/select_--Select--BA1170BA2376B)): 3 options of object 'Object Repository/DispensaryToStore/Page_Store/select_--Select--BA1170BA2376B' counted

2018-06-10 00:10:47 - [MESSAGE][PASSED] - 3 options of object 'Object Repository/DispensaryToStore/Page_Store/select_--Select--BA1170BA2376B' counted

2018-06-10 00:10:47 - [TEST_STEP][PASSED] - Statement - For ([g = 1, g <= BatchNumber - 1, (g++)]): null

2018-06-10 00:10:47 - [TEST_STEP][PASSED] - selectOptionByIndex: All options with index in [1] are selected on object 'Object Repository/DispensaryToStore/Page_Store/select_--Select--BA1170BA2376B'

2018-06-10 00:10:47 - [MESSAGE][PASSED] - All options with index in [1] are selected on object 'Object Repository/DispensaryToStore/Page_Store/select_--Select--BA1170BA2376B'

2018-06-10 00:10:47 - [TEST_STEP][PASSED] - Statement - Try: null

2018-06-10 00:10:47 - [TEST_STEP][PASSED] - Statement - StockQty = com.kms.katalon.core.webui.keyword.WebUiBuiltInKeywords.getAttribute(com.kms.katalon.core.testobject.ObjectRepository.findTestObject(DispensaryToStore/Page_Store/input_txtprice), "value"): Attribute 'value' of object 'Object Repository/DispensaryToStore/Page_Store/input_txtprice' is: '610'

2018-06-10 00:10:47 - [MESSAGE][PASSED] - Attribute 'value' of object 'Object Repository/DispensaryToStore/Page_Store/input_txtprice' is: '610'

2018-06-10 00:10:47 - [TEST_STEP][PASSED] - Statement - out.println("Stock QTY : " + StockQty): null

2018-06-10 00:10:47 - [TEST_STEP][PASSED] - delay: Delayed 2 second(s)

2018-06-10 00:10:49 - [MESSAGE][PASSED] - Delayed 2 second(s)

2018-06-10 00:10:49 - [TEST_STEP][PASSED] - Statement - If (java.lang.String.valueOf(StockQty) >= java.lang.String.valueOf(RequestedQty)): null

2018-06-10 00:10:49 - [TEST_STEP][PASSED] - setText: Text '10' is set on object 'Object Repository/DispensaryToStore/Page_Store/input_txtqty'

2018-06-10 00:10:49 - [MESSAGE][PASSED] - Text '10' is set on object 'Object Repository/DispensaryToStore/Page_Store/input_txtqty'

2018-06-10 00:10:49 - [TEST_STEP][PASSED] - click: Object: 'Object Repository/DispensaryToStore/Page_Store/button_Add' is clicked on

2018-06-10 00:10:49 - [MESSAGE][PASSED] - Object: 'Object Repository/DispensaryToStore/Page_Store/button_Add' is clicked on

2018-06-10 00:10:49 - [TEST_STEP][PASSED] - Statement - Break: null

2018-06-10 00:10:49 - [TEST_STEP][PASSED] - selectOptionByIndex: All options with index in [30] are selected on object 'Object Repository/DispensaryToStore/Page_Store/select_--Select--Adernaline 0.'

2018-06-10 00:10:50 - [MESSAGE][PASSED] - All options with index in [30] are selected on object 'Object Repository/DispensaryToStore/Page_Store/select_--Select--Adernaline 0.'

2018-06-10 00:10:50 - [TEST_STEP][PASSED] - delay: Delayed 2 second(s)

2018-06-10 00:10:52 - [MESSAGE][PASSED] - Delayed 2 second(s)

2018-06-10 00:10:52 - [TEST_STEP][PASSED] - Statement - RequestedQty = com.kms.katalon.core.webui.keyword.WebUiBuiltInKeywords.getAttribute(com.kms.katalon.core.testobject.ObjectRepository.findTestObject(DispensaryToStore/Page_Store/input_txttotal), "value"): Attribute 'value' of object 'Object Repository/DispensaryToStore/Page_Store/input_txttotal' is: '10'

2018-06-10 00:10:52 - [MESSAGE][PASSED] - Attribute 'value' of object 'Object Repository/DispensaryToStore/Page_Store/input_txttotal' is: '10'

2018-06-10 00:10:52 - [TEST_STEP][PASSED] - Statement - out.println("Requested QTY : " + RequestedQty): null

2018-06-10 00:10:52 - [TEST_STEP][PASSED] - Statement - BatchNumber = com.kms.katalon.core.webui.keyword.WebUiBuiltInKeywords.getNumberOfTotalOption(com.kms.katalon.core.testobject.ObjectRepository.findTestObject(DispensaryToStore/Page_Store/select_--Select--BA1170BA2376B)): 3 options of object 'Object Repository/DispensaryToStore/Page_Store/select_--Select--BA1170BA2376B' counted

2018-06-10 00:10:52 - [MESSAGE][PASSED] - 3 options of object 'Object Repository/DispensaryToStore/Page_Store/select_--Select--BA1170BA2376B' counted

2018-06-10 00:10:52 - [TEST_STEP][PASSED] - Statement - For ([g = 1, g <= BatchNumber - 1, (g++)]): null

2018-06-10 00:10:52 - [TEST_STEP][PASSED] - selectOptionByIndex: All options with index in [1] are selected on object 'Object Repository/DispensaryToStore/Page_Store/select_--Select--BA1170BA2376B'

2018-06-10 00:10:52 - [MESSAGE][PASSED] - All options with index in [1] are selected on object 'Object Repository/DispensaryToStore/Page_Store/select_--Select--BA1170BA2376B'

2018-06-10 00:10:52 - [TEST_STEP][PASSED] - Statement - Try: null

2018-06-10 00:10:52 - [TEST_STEP][PASSED] - Statement - StockQty = com.kms.katalon.core.webui.keyword.WebUiBuiltInKeywords.getAttribute(com.kms.katalon.core.testobject.ObjectRepository.findTestObject(DispensaryToStore/Page_Store/input_txtprice), "value"): Attribute 'value' of object 'Object Repository/DispensaryToStore/Page_Store/input_txtprice' is: '540'

2018-06-10 00:10:52 - [MESSAGE][PASSED] - Attribute 'value' of object 'Object Repository/DispensaryToStore/Page_Store/input_txtprice' is: '540'

2018-06-10 00:10:52 - [TEST_STEP][PASSED] - Statement - out.println("Stock QTY : " + StockQty): null

2018-06-10 00:10:52 - [TEST_STEP][PASSED] - delay: Delayed 2 second(s)

2018-06-10 00:10:54 - [MESSAGE][PASSED] - Delayed 2 second(s)

2018-06-10 00:10:54 - [TEST_STEP][PASSED] - Statement - If (java.lang.String.valueOf(StockQty) >= java.lang.String.valueOf(RequestedQty)): null

2018-06-10 00:10:54 - [TEST_STEP][PASSED] - setText: Text '10' is set on object 'Object Repository/DispensaryToStore/Page_Store/input_txtqty'

2018-06-10 00:10:54 - [MESSAGE][PASSED] - Text '10' is set on object 'Object Repository/DispensaryToStore/Page_Store/input_txtqty'

2018-06-10 00:10:54 - [TEST_STEP][PASSED] - click: Object: 'Object Repository/DispensaryToStore/Page_Store/button_Add' is clicked on

2018-06-10 00:10:54 - [MESSAGE][PASSED] - Object: 'Object Repository/DispensaryToStore/Page_Store/button_Add' is clicked on

2018-06-10 00:10:54 - [TEST_STEP][PASSED] - Statement - Break: null

2018-06-10 00:10:54 - [TEST_STEP][PASSED] - selectOptionByIndex: All options with index in [31] are selected on object 'Object Repository/DispensaryToStore/Page_Store/select_--Select--Adernaline 0.'

2018-06-10 00:10:54 - [MESSAGE][PASSED] - All options with index in [31] are selected on object 'Object Repository/DispensaryToStore/Page_Store/select_--Select--Adernaline 0.'

2018-06-10 00:10:54 - [TEST_STEP][PASSED] - delay: Delayed 2 second(s)

2018-06-10 00:10:56 - [MESSAGE][PASSED] - Delayed 2 second(s)

2018-06-10 00:10:56 - [TEST_STEP][PASSED] - Statement - RequestedQty = com.kms.katalon.core.webui.keyword.WebUiBuiltInKeywords.getAttribute(com.kms.katalon.core.testobject.ObjectRepository.findTestObject(DispensaryToStore/Page_Store/input_txttotal), "value"): Attribute 'value' of object 'Object Repository/DispensaryToStore/Page_Store/input_txttotal' is: '10'

2018-06-10 00:10:57 - [MESSAGE][PASSED] - Attribute 'value' of object 'Object Repository/DispensaryToStore/Page_Store/input_txttotal' is: '10'

2018-06-10 00:10:57 - [TEST_STEP][PASSED] - Statement - out.println("Requested QTY : " + RequestedQty): null

2018-06-10 00:10:57 - [TEST_STEP][PASSED] - Statement - BatchNumber = com.kms.katalon.core.webui.keyword.WebUiBuiltInKeywords.getNumberOfTotalOption(com.kms.katalon.core.testobject.ObjectRepository.findTestObject(DispensaryToStore/Page_Store/select_--Select--BA1170BA2376B)): 3 options of object 'Object Repository/DispensaryToStore/Page_Store/select_--Select--BA1170BA2376B' counted

2018-06-10 00:10:57 - [MESSAGE][PASSED] - 3 options of object 'Object Repository/DispensaryToStore/Page_Store/select_--Select--BA1170BA2376B' counted

2018-06-10 00:10:57 - [TEST_STEP][PASSED] - Statement - For ([g = 1, g <= BatchNumber - 1, (g++)]): null

2018-06-10 00:10:57 - [TEST_STEP][PASSED] - selectOptionByIndex: All options with index in [1] are selected on object 'Object Repository/DispensaryToStore/Page_Store/select_--Select--BA1170BA2376B'

2018-06-10 00:10:57 - [MESSAGE][PASSED] - All options with index in [1] are selected on object 'Object Repository/DispensaryToStore/Page_Store/select_--Select--BA1170BA2376B'

2018-06-10 00:10:57 - [TEST_STEP][PASSED] - Statement - Try: null

2018-06-10 00:10:57 - [TEST_STEP][PASSED] - Statement - StockQty = com.kms.katalon.core.webui.keyword.WebUiBuiltInKeywords.getAttribute(com.kms.katalon.core.testobject.ObjectRepository.findTestObject(DispensaryToStore/Page_Store/input_txtprice), "value"): Attribute 'value' of object 'Object Repository/DispensaryToStore/Page_Store/input_txtprice' is: '1870'

2018-06-10 00:10:57 - [MESSAGE][PASSED] - Attribute 'value' of object 'Object Repository/DispensaryToStore/Page_Store/input_txtprice' is: '1870'

2018-06-10 00:10:57 - [TEST_STEP][PASSED] - Statement - out.println("Stock QTY : " + StockQty): null

2018-06-10 00:10:57 - [TEST_STEP][PASSED] - delay: Delayed 2 second(s)

2018-06-10 00:10:59 - [MESSAGE][PASSED] - Delayed 2 second(s)

2018-06-10 00:10:59 - [TEST_STEP][PASSED] - Statement - If (java.lang.String.valueOf(StockQty) >= java.lang.String.valueOf(RequestedQty)): null

2018-06-10 00:10:59 - [TEST_STEP][PASSED] - setText: Text '10' is set on object 'Object Repository/DispensaryToStore/Page_Store/input_txtqty'

2018-06-10 00:10:59 - [MESSAGE][PASSED] - Text '10' is set on object 'Object Repository/DispensaryToStore/Page_Store/input_txtqty'

2018-06-10 00:10:59 - [TEST_STEP][PASSED] - click: Object: 'Object Repository/DispensaryToStore/Page_Store/button_Add' is clicked on

2018-06-10 00:10:59 - [MESSAGE][PASSED] - Object: 'Object Repository/DispensaryToStore/Page_Store/button_Add' is clicked on

2018-06-10 00:10:59 - [TEST_STEP][PASSED] - Statement - Break: null

2018-06-10 00:10:59 - [TEST_STEP][PASSED] - selectOptionByIndex: All options with index in [32] are selected on object 'Object Repository/DispensaryToStore/Page_Store/select_--Select--Adernaline 0.'

2018-06-10 00:10:59 - [MESSAGE][PASSED] - All options with index in [32] are selected on object 'Object Repository/DispensaryToStore/Page_Store/select_--Select--Adernaline 0.'

2018-06-10 00:10:59 - [TEST_STEP][PASSED] - delay: Delayed 2 second(s)

2018-06-10 00:11:01 - [MESSAGE][PASSED] - Delayed 2 second(s)

2018-06-10 00:11:01 - [TEST_STEP][PASSED] - Statement - RequestedQty = com.kms.katalon.core.webui.keyword.WebUiBuiltInKeywords.getAttribute(com.kms.katalon.core.testobject.ObjectRepository.findTestObject(DispensaryToStore/Page_Store/input_txttotal), "value"): Attribute 'value' of object 'Object Repository/DispensaryToStore/Page_Store/input_txttotal' is: '10'

2018-06-10 00:11:01 - [MESSAGE][PASSED] - Attribute 'value' of object 'Object Repository/DispensaryToStore/Page_Store/input_txttotal' is: '10'

2018-06-10 00:11:01 - [TEST_STEP][PASSED] - Statement - out.println("Requested QTY : " + RequestedQty): null

2018-06-10 00:11:01 - [TEST_STEP][PASSED] - Statement - BatchNumber = com.kms.katalon.core.webui.keyword.WebUiBuiltInKeywords.getNumberOfTotalOption(com.kms.katalon.core.testobject.ObjectRepository.findTestObject(DispensaryToStore/Page_Store/select_--Select--BA1170BA2376B)): 4 options of object 'Object Repository/DispensaryToStore/Page_Store/select_--Select--BA1170BA2376B' counted

2018-06-10 00:11:01 - [MESSAGE][PASSED] - 4 options of object 'Object Repository/DispensaryToStore/Page_Store/select_--Select--BA1170BA2376B' counted

2018-06-10 00:11:01 - [TEST_STEP][PASSED] - Statement - For ([g = 1, g <= BatchNumber - 1, (g++)]): null

2018-06-10 00:11:01 - [TEST_STEP][PASSED] - selectOptionByIndex: All options with index in [1] are selected on object 'Object Repository/DispensaryToStore/Page_Store/select_--Select--BA1170BA2376B'

2018-06-10 00:11:01 - [MESSAGE][PASSED] - All options with index in [1] are selected on object 'Object Repository/DispensaryToStore/Page_Store/select_--Select--BA1170BA2376B'

2018-06-10 00:11:01 - [TEST_STEP][PASSED] - Statement - Try: null

2018-06-10 00:11:01 - [TEST_STEP][PASSED] - Statement - StockQty = com.kms.katalon.core.webui.keyword.WebUiBuiltInKeywords.getAttribute(com.kms.katalon.core.testobject.ObjectRepository.findTestObject(DispensaryToStore/Page_Store/input_txtprice), "value"): Attribute 'value' of object 'Object Repository/DispensaryToStore/Page_Store/input_txtprice' is: '340'

2018-06-10 00:11:02 - [MESSAGE][PASSED] - Attribute 'value' of object 'Object Repository/DispensaryToStore/Page_Store/input_txtprice' is: '340'

2018-06-10 00:11:02 - [TEST_STEP][PASSED] - Statement - out.println("Stock QTY : " + StockQty): null

2018-06-10 00:11:02 - [TEST_STEP][PASSED] - delay: Delayed 2 second(s)

2018-06-10 00:11:04 - [MESSAGE][PASSED] - Delayed 2 second(s)

2018-06-10 00:11:04 - [TEST_STEP][PASSED] - Statement - If (java.lang.String.valueOf(StockQty) >= java.lang.String.valueOf(RequestedQty)): null

2018-06-10 00:11:04 - [TEST_STEP][PASSED] - setText: Text '10' is set on object 'Object Repository/DispensaryToStore/Page_Store/input_txtqty'

2018-06-10 00:11:04 - [MESSAGE][PASSED] - Text '10' is set on object 'Object Repository/DispensaryToStore/Page_Store/input_txtqty'

2018-06-10 00:11:04 - [TEST_STEP][PASSED] - click: Object: 'Object Repository/DispensaryToStore/Page_Store/button_Add' is clicked on

2018-06-10 00:11:04 - [MESSAGE][PASSED] - Object: 'Object Repository/DispensaryToStore/Page_Store/button_Add' is clicked on

2018-06-10 00:11:04 - [TEST_STEP][PASSED] - Statement - Break: null

2018-06-10 00:11:04 - [TEST_STEP][PASSED] - selectOptionByIndex: All options with index in [33] are selected on object 'Object Repository/DispensaryToStore/Page_Store/select_--Select--Adernaline 0.'

2018-06-10 00:11:04 - [MESSAGE][PASSED] - All options with index in [33] are selected on object 'Object Repository/DispensaryToStore/Page_Store/select_--Select--Adernaline 0.'

2018-06-10 00:11:04 - [TEST_STEP][PASSED] - delay: Delayed 2 second(s)

2018-06-10 00:11:06 - [MESSAGE][PASSED] - Delayed 2 second(s)

2018-06-10 00:11:06 - [TEST_STEP][PASSED] - Statement - RequestedQty = com.kms.katalon.core.webui.keyword.WebUiBuiltInKeywords.getAttribute(com.kms.katalon.core.testobject.ObjectRepository.findTestObject(DispensaryToStore/Page_Store/input_txttotal), "value"): Attribute 'value' of object 'Object Repository/DispensaryToStore/Page_Store/input_txttotal' is: '10'

2018-06-10 00:11:06 - [MESSAGE][PASSED] - Attribute 'value' of object 'Object Repository/DispensaryToStore/Page_Store/input_txttotal' is: '10'

2018-06-10 00:11:06 - [TEST_STEP][PASSED] - Statement - out.println("Requested QTY : " + RequestedQty): null

2018-06-10 00:11:06 - [TEST_STEP][PASSED] - Statement - BatchNumber = com.kms.katalon.core.webui.keyword.WebUiBuiltInKeywords.getNumberOfTotalOption(com.kms.katalon.core.testobject.ObjectRepository.findTestObject(DispensaryToStore/Page_Store/select_--Select--BA1170BA2376B)): 5 options of object 'Object Repository/DispensaryToStore/Page_Store/select_--Select--BA1170BA2376B' counted

2018-06-10 00:11:06 - [MESSAGE][PASSED] - 5 options of object 'Object Repository/DispensaryToStore/Page_Store/select_--Select--BA1170BA2376B' counted

2018-06-10 00:11:06 - [TEST_STEP][PASSED] - Statement - For ([g = 1, g <= BatchNumber - 1, (g++)]): null

2018-06-10 00:11:06 - [TEST_STEP][PASSED] - selectOptionByIndex: All options with index in [1] are selected on object 'Object Repository/DispensaryToStore/Page_Store/select_--Select--BA1170BA2376B'

2018-06-10 00:11:06 - [MESSAGE][PASSED] - All options with index in [1] are selected on object 'Object Repository/DispensaryToStore/Page_Store/select_--Select--BA1170BA2376B'

2018-06-10 00:11:06 - [TEST_STEP][PASSED] - Statement - Try: null

2018-06-10 00:11:06 - [TEST_STEP][PASSED] - Statement - StockQty = com.kms.katalon.core.webui.keyword.WebUiBuiltInKeywords.getAttribute(com.kms.katalon.core.testobject.ObjectRepository.findTestObject(DispensaryToStore/Page_Store/input_txtprice), "value"): Attribute 'value' of object 'Object Repository/DispensaryToStore/Page_Store/input_txtprice' is: '180'

2018-06-10 00:11:06 - [MESSAGE][PASSED] - Attribute 'value' of object 'Object Repository/DispensaryToStore/Page_Store/input_txtprice' is: '180'

2018-06-10 00:11:06 - [TEST_STEP][PASSED] - Statement - out.println("Stock QTY : " + StockQty): null

2018-06-10 00:11:06 - [TEST_STEP][PASSED] - delay: Delayed 2 second(s)

2018-06-10 00:11:08 - [MESSAGE][PASSED] - Delayed 2 second(s)

2018-06-10 00:11:08 - [TEST_STEP][PASSED] - Statement - If (java.lang.String.valueOf(StockQty) >= java.lang.String.valueOf(RequestedQty)): null

2018-06-10 00:11:08 - [TEST_STEP][PASSED] - setText: Text '10' is set on object 'Object Repository/DispensaryToStore/Page_Store/input_txtqty'

2018-06-10 00:11:08 - [MESSAGE][PASSED] - Text '10' is set on object 'Object Repository/DispensaryToStore/Page_Store/input_txtqty'

2018-06-10 00:11:08 - [TEST_STEP][PASSED] - click: Object: 'Object Repository/DispensaryToStore/Page_Store/button_Add' is clicked on

2018-06-10 00:11:09 - [MESSAGE][PASSED] - Object: 'Object Repository/DispensaryToStore/Page_Store/button_Add' is clicked on

2018-06-10 00:11:09 - [TEST_STEP][PASSED] - Statement - Break: null

2018-06-10 00:11:09 - [TEST_STEP][PASSED] - selectOptionByIndex: All options with index in [34] are selected on object 'Object Repository/DispensaryToStore/Page_Store/select_--Select--Adernaline 0.'

2018-06-10 00:11:09 - [MESSAGE][PASSED] - All options with index in [34] are selected on object 'Object Repository/DispensaryToStore/Page_Store/select_--Select--Adernaline 0.'

2018-06-10 00:11:09 - [TEST_STEP][PASSED] - delay: Delayed 2 second(s)

2018-06-10 00:11:11 - [MESSAGE][PASSED] - Delayed 2 second(s)

2018-06-10 00:11:11 - [TEST_STEP][PASSED] - Statement - RequestedQty = com.kms.katalon.core.webui.keyword.WebUiBuiltInKeywords.getAttribute(com.kms.katalon.core.testobject.ObjectRepository.findTestObject(DispensaryToStore/Page_Store/input_txttotal), "value"): Attribute 'value' of object 'Object Repository/DispensaryToStore/Page_Store/input_txttotal' is: '10'

2018-06-10 00:11:11 - [MESSAGE][PASSED] - Attribute 'value' of object 'Object Repository/DispensaryToStore/Page_Store/input_txttotal' is: '10'

2018-06-10 00:11:11 - [TEST_STEP][PASSED] - Statement - out.println("Requested QTY : " + RequestedQty): null

2018-06-10 00:11:11 - [TEST_STEP][PASSED] - Statement - BatchNumber = com.kms.katalon.core.webui.keyword.WebUiBuiltInKeywords.getNumberOfTotalOption(com.kms.katalon.core.testobject.ObjectRepository.findTestObject(DispensaryToStore/Page_Store/select_--Select--BA1170BA2376B)): 2 options of object 'Object Repository/DispensaryToStore/Page_Store/select_--Select--BA1170BA2376B' counted

2018-06-10 00:11:11 - [MESSAGE][PASSED] - 2 options of object 'Object Repository/DispensaryToStore/Page_Store/select_--Select--BA1170BA2376B' counted

2018-06-10 00:11:11 - [TEST_STEP][PASSED] - Statement - For ([g = 1, g <= BatchNumber - 1, (g++)]): null

2018-06-10 00:11:11 - [TEST_STEP][PASSED] - selectOptionByIndex: All options with index in [1] are selected on object 'Object Repository/DispensaryToStore/Page_Store/select_--Select--BA1170BA2376B'

2018-06-10 00:11:11 - [MESSAGE][PASSED] - All options with index in [1] are selected on object 'Object Repository/DispensaryToStore/Page_Store/select_--Select--BA1170BA2376B'

2018-06-10 00:11:11 - [TEST_STEP][PASSED] - Statement - Try: null

2018-06-10 00:11:11 - [TEST_STEP][PASSED] - Statement - StockQty = com.kms.katalon.core.webui.keyword.WebUiBuiltInKeywords.getAttribute(com.kms.katalon.core.testobject.ObjectRepository.findTestObject(DispensaryToStore/Page_Store/input_txtprice), "value"): Attribute 'value' of object 'Object Repository/DispensaryToStore/Page_Store/input_txtprice' is: '2070'

2018-06-10 00:11:11 - [MESSAGE][PASSED] - Attribute 'value' of object 'Object Repository/DispensaryToStore/Page_Store/input_txtprice' is: '2070'

2018-06-10 00:11:11 - [TEST_STEP][PASSED] - Statement - out.println("Stock QTY : " + StockQty): null

2018-06-10 00:11:11 - [TEST_STEP][PASSED] - delay: Delayed 2 second(s)

2018-06-10 00:11:13 - [MESSAGE][PASSED] - Delayed 2 second(s)

2018-06-10 00:11:13 - [TEST_STEP][PASSED] - Statement - If (java.lang.String.valueOf(StockQty) >= java.lang.String.valueOf(RequestedQty)): null

2018-06-10 00:11:13 - [TEST_STEP][PASSED] - setText: Text '10' is set on object 'Object Repository/DispensaryToStore/Page_Store/input_txtqty'

2018-06-10 00:11:13 - [MESSAGE][PASSED] - Text '10' is set on object 'Object Repository/DispensaryToStore/Page_Store/input_txtqty'

2018-06-10 00:11:13 - [TEST_STEP][PASSED] - click: Object: 'Object Repository/DispensaryToStore/Page_Store/button_Add' is clicked on

2018-06-10 00:11:13 - [MESSAGE][PASSED] - Object: 'Object Repository/DispensaryToStore/Page_Store/button_Add' is clicked on

2018-06-10 00:11:13 - [TEST_STEP][PASSED] - Statement - Break: null

2018-06-10 00:11:13 - [TEST_STEP][PASSED] - selectOptionByIndex: All options with index in [35] are selected on object 'Object Repository/DispensaryToStore/Page_Store/select_--Select--Adernaline 0.'

2018-06-10 00:11:14 - [MESSAGE][PASSED] - All options with index in [35] are selected on object 'Object Repository/DispensaryToStore/Page_Store/select_--Select--Adernaline 0.'

2018-06-10 00:11:14 - [TEST_STEP][PASSED] - delay: Delayed 2 second(s)

2018-06-10 00:11:16 - [MESSAGE][PASSED] - Delayed 2 second(s)

2018-06-10 00:11:16 - [TEST_STEP][PASSED] - Statement - RequestedQty = com.kms.katalon.core.webui.keyword.WebUiBuiltInKeywords.getAttribute(com.kms.katalon.core.testobject.ObjectRepository.findTestObject(DispensaryToStore/Page_Store/input_txttotal), "value"): Attribute 'value' of object 'Object Repository/DispensaryToStore/Page_Store/input_txttotal' is: '10'

2018-06-10 00:11:16 - [MESSAGE][PASSED] - Attribute 'value' of object 'Object Repository/DispensaryToStore/Page_Store/input_txttotal' is: '10'

2018-06-10 00:11:16 - [TEST_STEP][PASSED] - Statement - out.println("Requested QTY : " + RequestedQty): null

2018-06-10 00:11:16 - [TEST_STEP][PASSED] - Statement - BatchNumber = com.kms.katalon.core.webui.keyword.WebUiBuiltInKeywords.getNumberOfTotalOption(com.kms.katalon.core.testobject.ObjectRepository.findTestObject(DispensaryToStore/Page_Store/select_--Select--BA1170BA2376B)): 4 options of object 'Object Repository/DispensaryToStore/Page_Store/select_--Select--BA1170BA2376B' counted

2018-06-10 00:11:16 - [MESSAGE][PASSED] - 4 options of object 'Object Repository/DispensaryToStore/Page_Store/select_--Select--BA1170BA2376B' counted

2018-06-10 00:11:16 - [TEST_STEP][PASSED] - Statement - For ([g = 1, g <= BatchNumber - 1, (g++)]): null

2018-06-10 00:11:16 - [TEST_STEP][PASSED] - selectOptionByIndex: All options with index in [1] are selected on object 'Object Repository/DispensaryToStore/Page_Store/select_--Select--BA1170BA2376B'

2018-06-10 00:11:16 - [MESSAGE][PASSED] - All options with index in [1] are selected on object 'Object Repository/DispensaryToStore/Page_Store/select_--Select--BA1170BA2376B'

2018-06-10 00:11:16 - [TEST_STEP][PASSED] - Statement - Try: null

2018-06-10 00:11:16 - [TEST_STEP][PASSED] - Statement - StockQty = com.kms.katalon.core.webui.keyword.WebUiBuiltInKeywords.getAttribute(com.kms.katalon.core.testobject.ObjectRepository.findTestObject(DispensaryToStore/Page_Store/input_txtprice), "value"): Attribute 'value' of object 'Object Repository/DispensaryToStore/Page_Store/input_txtprice' is: '540'

2018-06-10 00:11:16 - [MESSAGE][PASSED] - Attribute 'value' of object 'Object Repository/DispensaryToStore/Page_Store/input_txtprice' is: '540'

2018-06-10 00:11:16 - [TEST_STEP][PASSED] - Statement - out.println("Stock QTY : " + StockQty): null

2018-06-10 00:11:16 - [TEST_STEP][PASSED] - delay: Delayed 2 second(s)

2018-06-10 00:11:18 - [MESSAGE][PASSED] - Delayed 2 second(s)

2018-06-10 00:11:18 - [TEST_STEP][PASSED] - Statement - If (java.lang.String.valueOf(StockQty) >= java.lang.String.valueOf(RequestedQty)): null

2018-06-10 00:11:18 - [TEST_STEP][PASSED] - setText: Text '10' is set on object 'Object Repository/DispensaryToStore/Page_Store/input_txtqty'

2018-06-10 00:11:18 - [MESSAGE][PASSED] - Text '10' is set on object 'Object Repository/DispensaryToStore/Page_Store/input_txtqty'

2018-06-10 00:11:18 - [TEST_STEP][PASSED] - click: Object: 'Object Repository/DispensaryToStore/Page_Store/button_Add' is clicked on

2018-06-10 00:11:18 - [MESSAGE][PASSED] - Object: 'Object Repository/DispensaryToStore/Page_Store/button_Add' is clicked on

2018-06-10 00:11:18 - [TEST_STEP][PASSED] - Statement - Break: null

2018-06-10 00:11:18 - [TEST_STEP][PASSED] - selectOptionByIndex: All options with index in [36] are selected on object 'Object Repository/DispensaryToStore/Page_Store/select_--Select--Adernaline 0.'

2018-06-10 00:11:19 - [MESSAGE][PASSED] - All options with index in [36] are selected on object 'Object Repository/DispensaryToStore/Page_Store/select_--Select--Adernaline 0.'

2018-06-10 00:11:19 - [TEST_STEP][PASSED] - delay: Delayed 2 second(s)

2018-06-10 00:11:21 - [MESSAGE][PASSED] - Delayed 2 second(s)

2018-06-10 00:11:21 - [TEST_STEP][PASSED] - Statement - RequestedQty = com.kms.katalon.core.webui.keyword.WebUiBuiltInKeywords.getAttribute(com.kms.katalon.core.testobject.ObjectRepository.findTestObject(DispensaryToStore/Page_Store/input_txttotal), "value"): Attribute 'value' of object 'Object Repository/DispensaryToStore/Page_Store/input_txttotal' is: '10'

2018-06-10 00:11:21 - [MESSAGE][PASSED] - Attribute 'value' of object 'Object Repository/DispensaryToStore/Page_Store/input_txttotal' is: '10'

2018-06-10 00:11:21 - [TEST_STEP][PASSED] - Statement - out.println("Requested QTY : " + RequestedQty): null

2018-06-10 00:11:21 - [TEST_STEP][PASSED] - Statement - BatchNumber = com.kms.katalon.core.webui.keyword.WebUiBuiltInKeywords.getNumberOfTotalOption(com.kms.katalon.core.testobject.ObjectRepository.findTestObject(DispensaryToStore/Page_Store/select_--Select--BA1170BA2376B)): 4 options of object 'Object Repository/DispensaryToStore/Page_Store/select_--Select--BA1170BA2376B' counted

2018-06-10 00:11:21 - [MESSAGE][PASSED] - 4 options of object 'Object Repository/DispensaryToStore/Page_Store/select_--Select--BA1170BA2376B' counted

2018-06-10 00:11:21 - [TEST_STEP][PASSED] - Statement - For ([g = 1, g <= BatchNumber - 1, (g++)]): null

2018-06-10 00:11:21 - [TEST_STEP][PASSED] - selectOptionByIndex: All options with index in [1] are selected on object 'Object Repository/DispensaryToStore/Page_Store/select_--Select--BA1170BA2376B'

2018-06-10 00:11:21 - [MESSAGE][PASSED] - All options with index in [1] are selected on object 'Object Repository/DispensaryToStore/Page_Store/select_--Select--BA1170BA2376B'

2018-06-10 00:11:21 - [TEST_STEP][PASSED] - Statement - Try: null

2018-06-10 00:11:21 - [TEST_STEP][PASSED] - Statement - StockQty = com.kms.katalon.core.webui.keyword.WebUiBuiltInKeywords.getAttribute(com.kms.katalon.core.testobject.ObjectRepository.findTestObject(DispensaryToStore/Page_Store/input_txtprice), "value"): Attribute 'value' of object 'Object Repository/DispensaryToStore/Page_Store/input_txtprice' is: '540'

2018-06-10 00:11:21 - [MESSAGE][PASSED] - Attribute 'value' of object 'Object Repository/DispensaryToStore/Page_Store/input_txtprice' is: '540'

2018-06-10 00:11:21 - [TEST_STEP][PASSED] - Statement - out.println("Stock QTY : " + StockQty): null

2018-06-10 00:11:21 - [TEST_STEP][PASSED] - delay: Delayed 2 second(s)

2018-06-10 00:11:23 - [MESSAGE][PASSED] - Delayed 2 second(s)

2018-06-10 00:11:23 - [TEST_STEP][PASSED] - Statement - If (java.lang.String.valueOf(StockQty) >= java.lang.String.valueOf(RequestedQty)): null

2018-06-10 00:11:23 - [TEST_STEP][PASSED] - setText: Text '10' is set on object 'Object Repository/DispensaryToStore/Page_Store/input_txtqty'

2018-06-10 00:11:23 - [MESSAGE][PASSED] - Text '10' is set on object 'Object Repository/DispensaryToStore/Page_Store/input_txtqty'

2018-06-10 00:11:23 - [TEST_STEP][PASSED] - click: Object: 'Object Repository/DispensaryToStore/Page_Store/button_Add' is clicked on

2018-06-10 00:11:23 - [MESSAGE][PASSED] - Object: 'Object Repository/DispensaryToStore/Page_Store/button_Add' is clicked on

2018-06-10 00:11:23 - [TEST_STEP][PASSED] - Statement - Break: null

2018-06-10 00:11:23 - [TEST_STEP][PASSED] - selectOptionByIndex: All options with index in [37] are selected on object 'Object Repository/DispensaryToStore/Page_Store/select_--Select--Adernaline 0.'

2018-06-10 00:11:24 - [MESSAGE][PASSED] - All options with index in [37] are selected on object 'Object Repository/DispensaryToStore/Page_Store/select_--Select--Adernaline 0.'

2018-06-10 00:11:24 - [TEST_STEP][PASSED] - delay: Delayed 2 second(s)

2018-06-10 00:11:26 - [MESSAGE][PASSED] - Delayed 2 second(s)

2018-06-10 00:11:26 - [TEST_STEP][PASSED] - Statement - RequestedQty = com.kms.katalon.core.webui.keyword.WebUiBuiltInKeywords.getAttribute(com.kms.katalon.core.testobject.ObjectRepository.findTestObject(DispensaryToStore/Page_Store/input_txttotal), "value"): Attribute 'value' of object 'Object Repository/DispensaryToStore/Page_Store/input_txttotal' is: '10'

2018-06-10 00:11:26 - [MESSAGE][PASSED] - Attribute 'value' of object 'Object Repository/DispensaryToStore/Page_Store/input_txttotal' is: '10'

2018-06-10 00:11:26 - [TEST_STEP][PASSED] - Statement - out.println("Requested QTY : " + RequestedQty): null

2018-06-10 00:11:26 - [TEST_STEP][PASSED] - Statement - BatchNumber = com.kms.katalon.core.webui.keyword.WebUiBuiltInKeywords.getNumberOfTotalOption(com.kms.katalon.core.testobject.ObjectRepository.findTestObject(DispensaryToStore/Page_Store/select_--Select--BA1170BA2376B)): 4 options of object 'Object Repository/DispensaryToStore/Page_Store/select_--Select--BA1170BA2376B' counted

2018-06-10 00:11:26 - [MESSAGE][PASSED] - 4 options of object 'Object Repository/DispensaryToStore/Page_Store/select_--Select--BA1170BA2376B' counted

2018-06-10 00:11:26 - [TEST_STEP][PASSED] - Statement - For ([g = 1, g <= BatchNumber - 1, (g++)]): null

2018-06-10 00:11:26 - [TEST_STEP][PASSED] - selectOptionByIndex: All options with index in [1] are selected on object 'Object Repository/DispensaryToStore/Page_Store/select_--Select--BA1170BA2376B'

2018-06-10 00:11:26 - [MESSAGE][PASSED] - All options with index in [1] are selected on object 'Object Repository/DispensaryToStore/Page_Store/select_--Select--BA1170BA2376B'

2018-06-10 00:11:26 - [TEST_STEP][PASSED] - Statement - Try: null

2018-06-10 00:11:26 - [TEST_STEP][PASSED] - Statement - StockQty = com.kms.katalon.core.webui.keyword.WebUiBuiltInKeywords.getAttribute(com.kms.katalon.core.testobject.ObjectRepository.findTestObject(DispensaryToStore/Page_Store/input_txtprice), "value"): Attribute 'value' of object 'Object Repository/DispensaryToStore/Page_Store/input_txtprice' is: '340'

2018-06-10 00:11:26 - [MESSAGE][PASSED] - Attribute 'value' of object 'Object Repository/DispensaryToStore/Page_Store/input_txtprice' is: '340'

2018-06-10 00:11:26 - [TEST_STEP][PASSED] - Statement - out.println("Stock QTY : " + StockQty): null

2018-06-10 00:11:26 - [TEST_STEP][PASSED] - delay: Delayed 2 second(s)

2018-06-10 00:11:28 - [MESSAGE][PASSED] - Delayed 2 second(s)

2018-06-10 00:11:28 - [TEST_STEP][PASSED] - Statement - If (java.lang.String.valueOf(StockQty) >= java.lang.String.valueOf(RequestedQty)): null

2018-06-10 00:11:28 - [TEST_STEP][PASSED] - setText: Text '10' is set on object 'Object Repository/DispensaryToStore/Page_Store/input_txtqty'

2018-06-10 00:11:28 - [MESSAGE][PASSED] - Text '10' is set on object 'Object Repository/DispensaryToStore/Page_Store/input_txtqty'

2018-06-10 00:11:28 - [TEST_STEP][PASSED] - click: Object: 'Object Repository/DispensaryToStore/Page_Store/button_Add' is clicked on

2018-06-10 00:11:28 - [MESSAGE][PASSED] - Object: 'Object Repository/DispensaryToStore/Page_Store/button_Add' is clicked on

2018-06-10 00:11:28 - [TEST_STEP][PASSED] - Statement - Break: null

2018-06-10 00:11:28 - [TEST_STEP][PASSED] - selectOptionByIndex: All options with index in [38] are selected on object 'Object Repository/DispensaryToStore/Page_Store/select_--Select--Adernaline 0.'

2018-06-10 00:11:29 - [MESSAGE][PASSED] - All options with index in [38] are selected on object 'Object Repository/DispensaryToStore/Page_Store/select_--Select--Adernaline 0.'

2018-06-10 00:11:29 - [TEST_STEP][PASSED] - delay: Delayed 2 second(s)

2018-06-10 00:11:31 - [MESSAGE][PASSED] - Delayed 2 second(s)

2018-06-10 00:11:31 - [TEST_STEP][PASSED] - Statement - RequestedQty = com.kms.katalon.core.webui.keyword.WebUiBuiltInKeywords.getAttribute(com.kms.katalon.core.testobject.ObjectRepository.findTestObject(DispensaryToStore/Page_Store/input_txttotal), "value"): Attribute 'value' of object 'Object Repository/DispensaryToStore/Page_Store/input_txttotal' is: '10'

2018-06-10 00:11:31 - [MESSAGE][PASSED] - Attribute 'value' of object 'Object Repository/DispensaryToStore/Page_Store/input_txttotal' is: '10'

2018-06-10 00:11:31 - [TEST_STEP][PASSED] - Statement - out.println("Requested QTY : " + RequestedQty): null

2018-06-10 00:11:31 - [TEST_STEP][PASSED] - Statement - BatchNumber = com.kms.katalon.core.webui.keyword.WebUiBuiltInKeywords.getNumberOfTotalOption(com.kms.katalon.core.testobject.ObjectRepository.findTestObject(DispensaryToStore/Page_Store/select_--Select--BA1170BA2376B)): 5 options of object 'Object Repository/DispensaryToStore/Page_Store/select_--Select--BA1170BA2376B' counted

2018-06-10 00:11:31 - [MESSAGE][PASSED] - 5 options of object 'Object Repository/DispensaryToStore/Page_Store/select_--Select--BA1170BA2376B' counted

2018-06-10 00:11:31 - [TEST_STEP][PASSED] - Statement - For ([g = 1, g <= BatchNumber - 1, (g++)]): null

2018-06-10 00:11:31 - [TEST_STEP][PASSED] - selectOptionByIndex: All options with index in [1] are selected on object 'Object Repository/DispensaryToStore/Page_Store/select_--Select--BA1170BA2376B'

2018-06-10 00:11:31 - [MESSAGE][PASSED] - All options with index in [1] are selected on object 'Object Repository/DispensaryToStore/Page_Store/select_--Select--BA1170BA2376B'

2018-06-10 00:11:31 - [TEST_STEP][PASSED] - Statement - Try: null

2018-06-10 00:11:31 - [TEST_STEP][PASSED] - Statement - StockQty = com.kms.katalon.core.webui.keyword.WebUiBuiltInKeywords.getAttribute(com.kms.katalon.core.testobject.ObjectRepository.findTestObject(DispensaryToStore/Page_Store/input_txtprice), "value"): Attribute 'value' of object 'Object Repository/DispensaryToStore/Page_Store/input_txtprice' is: '180'

2018-06-10 00:11:31 - [MESSAGE][PASSED] - Attribute 'value' of object 'Object Repository/DispensaryToStore/Page_Store/input_txtprice' is: '180'

2018-06-10 00:11:31 - [TEST_STEP][PASSED] - Statement - out.println("Stock QTY : " + StockQty): null

2018-06-10 00:11:31 - [TEST_STEP][PASSED] - delay: Delayed 2 second(s)

2018-06-10 00:11:33 - [MESSAGE][PASSED] - Delayed 2 second(s)

2018-06-10 00:11:33 - [TEST_STEP][PASSED] - Statement - If (java.lang.String.valueOf(StockQty) >= java.lang.String.valueOf(RequestedQty)): null

2018-06-10 00:11:33 - [TEST_STEP][PASSED] - setText: Text '10' is set on object 'Object Repository/DispensaryToStore/Page_Store/input_txtqty'

2018-06-10 00:11:33 - [MESSAGE][PASSED] - Text '10' is set on object 'Object Repository/DispensaryToStore/Page_Store/input_txtqty'

2018-06-10 00:11:33 - [TEST_STEP][PASSED] - click: Object: 'Object Repository/DispensaryToStore/Page_Store/button_Add' is clicked on

2018-06-10 00:11:33 - [MESSAGE][PASSED] - Object: 'Object Repository/DispensaryToStore/Page_Store/button_Add' is clicked on

2018-06-10 00:11:33 - [TEST_STEP][PASSED] - Statement - Break: null

2018-06-10 00:11:33 - [TEST_STEP][PASSED] - selectOptionByIndex: All options with index in [39] are selected on object 'Object Repository/DispensaryToStore/Page_Store/select_--Select--Adernaline 0.'

2018-06-10 00:11:33 - [MESSAGE][PASSED] - All options with index in [39] are selected on object 'Object Repository/DispensaryToStore/Page_Store/select_--Select--Adernaline 0.'

2018-06-10 00:11:33 - [TEST_STEP][PASSED] - delay: Delayed 2 second(s)

2018-06-10 00:11:35 - [MESSAGE][PASSED] - Delayed 2 second(s)

2018-06-10 00:11:35 - [TEST_STEP][PASSED] - Statement - RequestedQty = com.kms.katalon.core.webui.keyword.WebUiBuiltInKeywords.getAttribute(com.kms.katalon.core.testobject.ObjectRepository.findTestObject(DispensaryToStore/Page_Store/input_txttotal), "value"): Attribute 'value' of object 'Object Repository/DispensaryToStore/Page_Store/input_txttotal' is: '10'

2018-06-10 00:11:35 - [MESSAGE][PASSED] - Attribute 'value' of object 'Object Repository/DispensaryToStore/Page_Store/input_txttotal' is: '10'

2018-06-10 00:11:35 - [TEST_STEP][PASSED] - Statement - out.println("Requested QTY : " + RequestedQty): null

2018-06-10 00:11:35 - [TEST_STEP][PASSED] - Statement - BatchNumber = com.kms.katalon.core.webui.keyword.WebUiBuiltInKeywords.getNumberOfTotalOption(com.kms.katalon.core.testobject.ObjectRepository.findTestObject(DispensaryToStore/Page_Store/select_--Select--BA1170BA2376B)): 4 options of object 'Object Repository/DispensaryToStore/Page_Store/select_--Select--BA1170BA2376B' counted

2018-06-10 00:11:35 - [MESSAGE][PASSED] - 4 options of object 'Object Repository/DispensaryToStore/Page_Store/select_--Select--BA1170BA2376B' counted

2018-06-10 00:11:35 - [TEST_STEP][PASSED] - Statement - For ([g = 1, g <= BatchNumber - 1, (g++)]): null

2018-06-10 00:11:35 - [TEST_STEP][PASSED] - selectOptionByIndex: All options with index in [1] are selected on object 'Object Repository/DispensaryToStore/Page_Store/select_--Select--BA1170BA2376B'

2018-06-10 00:11:36 - [MESSAGE][PASSED] - All options with index in [1] are selected on object 'Object Repository/DispensaryToStore/Page_Store/select_--Select--BA1170BA2376B'

2018-06-10 00:11:36 - [TEST_STEP][PASSED] - Statement - Try: null

2018-06-10 00:11:36 - [TEST_STEP][PASSED] - Statement - StockQty = com.kms.katalon.core.webui.keyword.WebUiBuiltInKeywords.getAttribute(com.kms.katalon.core.testobject.ObjectRepository.findTestObject(DispensaryToStore/Page_Store/input_txtprice), "value"): Attribute 'value' of object 'Object Repository/DispensaryToStore/Page_Store/input_txtprice' is: '540'

2018-06-10 00:11:36 - [MESSAGE][PASSED] - Attribute 'value' of object 'Object Repository/DispensaryToStore/Page_Store/input_txtprice' is: '540'

2018-06-10 00:11:36 - [TEST_STEP][PASSED] - Statement - out.println("Stock QTY : " + StockQty): null

2018-06-10 00:11:36 - [TEST_STEP][PASSED] - delay: Delayed 2 second(s)

2018-06-10 00:11:38 - [MESSAGE][PASSED] - Delayed 2 second(s)

2018-06-10 00:11:38 - [TEST_STEP][PASSED] - Statement - If (java.lang.String.valueOf(StockQty) >= java.lang.String.valueOf(RequestedQty)): null

2018-06-10 00:11:38 - [TEST_STEP][PASSED] - setText: Text '10' is set on object 'Object Repository/DispensaryToStore/Page_Store/input_txtqty'

2018-06-10 00:11:38 - [MESSAGE][PASSED] - Text '10' is set on object 'Object Repository/DispensaryToStore/Page_Store/input_txtqty'

2018-06-10 00:11:38 - [TEST_STEP][PASSED] - click: Object: 'Object Repository/DispensaryToStore/Page_Store/button_Add' is clicked on

2018-06-10 00:11:38 - [MESSAGE][PASSED] - Object: 'Object Repository/DispensaryToStore/Page_Store/button_Add' is clicked on

2018-06-10 00:11:38 - [TEST_STEP][PASSED] - Statement - Break: null

2018-06-10 00:11:38 - [TEST_STEP][PASSED] - selectOptionByIndex: All options with index in [40] are selected on object 'Object Repository/DispensaryToStore/Page_Store/select_--Select--Adernaline 0.'

2018-06-10 00:11:38 - [MESSAGE][PASSED] - All options with index in [40] are selected on object 'Object Repository/DispensaryToStore/Page_Store/select_--Select--Adernaline 0.'

2018-06-10 00:11:38 - [TEST_STEP][PASSED] - delay: Delayed 2 second(s)

2018-06-10 00:11:40 - [MESSAGE][PASSED] - Delayed 2 second(s)

2018-06-10 00:11:40 - [TEST_STEP][PASSED] - Statement - RequestedQty = com.kms.katalon.core.webui.keyword.WebUiBuiltInKeywords.getAttribute(com.kms.katalon.core.testobject.ObjectRepository.findTestObject(DispensaryToStore/Page_Store/input_txttotal), "value"): Attribute 'value' of object 'Object Repository/DispensaryToStore/Page_Store/input_txttotal' is: '10'

2018-06-10 00:11:40 - [MESSAGE][PASSED] - Attribute 'value' of object 'Object Repository/DispensaryToStore/Page_Store/input_txttotal' is: '10'

2018-06-10 00:11:40 - [TEST_STEP][PASSED] - Statement - out.println("Requested QTY : " + RequestedQty): null

2018-06-10 00:11:40 - [TEST_STEP][PASSED] - Statement - BatchNumber = com.kms.katalon.core.webui.keyword.WebUiBuiltInKeywords.getNumberOfTotalOption(com.kms.katalon.core.testobject.ObjectRepository.findTestObject(DispensaryToStore/Page_Store/select_--Select--BA1170BA2376B)): 4 options of object 'Object Repository/DispensaryToStore/Page_Store/select_--Select--BA1170BA2376B' counted

2018-06-10 00:11:40 - [MESSAGE][PASSED] - 4 options of object 'Object Repository/DispensaryToStore/Page_Store/select_--Select--BA1170BA2376B' counted

2018-06-10 00:11:40 - [TEST_STEP][PASSED] - Statement - For ([g = 1, g <= BatchNumber - 1, (g++)]): null

2018-06-10 00:11:40 - [TEST_STEP][PASSED] - selectOptionByIndex: All options with index in [1] are selected on object 'Object Repository/DispensaryToStore/Page_Store/select_--Select--BA1170BA2376B'

2018-06-10 00:11:41 - [MESSAGE][PASSED] - All options with index in [1] are selected on object 'Object Repository/DispensaryToStore/Page_Store/select_--Select--BA1170BA2376B'

2018-06-10 00:11:41 - [TEST_STEP][PASSED] - Statement - Try: null

2018-06-10 00:11:41 - [TEST_STEP][PASSED] - Statement - StockQty = com.kms.katalon.core.webui.keyword.WebUiBuiltInKeywords.getAttribute(com.kms.katalon.core.testobject.ObjectRepository.findTestObject(DispensaryToStore/Page_Store/input_txtprice), "value"): Attribute 'value' of object 'Object Repository/DispensaryToStore/Page_Store/input_txtprice' is: ''

2018-06-10 00:11:41 - [MESSAGE][PASSED] - Attribute 'value' of object 'Object Repository/DispensaryToStore/Page_Store/input_txtprice' is: ''

2018-06-10 00:11:41 - [TEST_STEP][PASSED] - Statement - out.println("Stock QTY : " + StockQty): null

2018-06-10 00:11:41 - [TEST_STEP][PASSED] - delay: Delayed 2 second(s)

2018-06-10 00:11:43 - [MESSAGE][PASSED] - Delayed 2 second(s)

2018-06-10 00:11:43 - [TEST_STEP][PASSED] - Statement - If (java.lang.String.valueOf(StockQty) >= java.lang.String.valueOf(RequestedQty)): null

2018-06-10 00:11:43 - [TEST_STEP][PASSED] - Statement - Else: null

2018-06-10 00:11:43 - [TEST_STEP][PASSED] - Statement - out.println("Stock Is Less Than Requested Qty"): null

2018-06-10 00:11:43 - [TEST_STEP][PASSED] - selectOptionByIndex: All options with index in [2] are selected on object 'Object Repository/DispensaryToStore/Page_Store/select_--Select--BA1170BA2376B'

2018-06-10 00:11:43 - [MESSAGE][PASSED] - All options with index in [2] are selected on object 'Object Repository/DispensaryToStore/Page_Store/select_--Select--BA1170BA2376B'

2018-06-10 00:11:43 - [TEST_STEP][PASSED] - Statement - Try: null

2018-06-10 00:11:43 - [TEST_STEP][PASSED] - Statement - StockQty = com.kms.katalon.core.webui.keyword.WebUiBuiltInKeywords.getAttribute(com.kms.katalon.core.testobject.ObjectRepository.findTestObject(DispensaryToStore/Page_Store/input_txtprice), "value"): Attribute 'value' of object 'Object Repository/DispensaryToStore/Page_Store/input_txtprice' is: '960'

2018-06-10 00:11:43 - [MESSAGE][PASSED] - Attribute 'value' of object 'Object Repository/DispensaryToStore/Page_Store/input_txtprice' is: '960'

2018-06-10 00:11:43 - [TEST_STEP][PASSED] - Statement - out.println("Stock QTY : " + StockQty): null

2018-06-10 00:11:43 - [TEST_STEP][PASSED] - delay: Delayed 2 second(s)

2018-06-10 00:11:45 - [MESSAGE][PASSED] - Delayed 2 second(s)

2018-06-10 00:11:45 - [TEST_STEP][PASSED] - Statement - If (java.lang.String.valueOf(StockQty) >= java.lang.String.valueOf(RequestedQty)): null

2018-06-10 00:11:45 - [TEST_STEP][PASSED] - setText: Text '10' is set on object 'Object Repository/DispensaryToStore/Page_Store/input_txtqty'

2018-06-10 00:11:45 - [MESSAGE][PASSED] - Text '10' is set on object 'Object Repository/DispensaryToStore/Page_Store/input_txtqty'

2018-06-10 00:11:45 - [TEST_STEP][PASSED] - click: Object: 'Object Repository/DispensaryToStore/Page_Store/button_Add' is clicked on

2018-06-10 00:11:45 - [MESSAGE][PASSED] - Object: 'Object Repository/DispensaryToStore/Page_Store/button_Add' is clicked on

2018-06-10 00:11:45 - [TEST_STEP][PASSED] - Statement - Break: null

2018-06-10 00:11:45 - [TEST_STEP][PASSED] - selectOptionByIndex: All options with index in [41] are selected on object 'Object Repository/DispensaryToStore/Page_Store/select_--Select--Adernaline 0.'

2018-06-10 00:11:45 - [MESSAGE][PASSED] - All options with index in [41] are selected on object 'Object Repository/DispensaryToStore/Page_Store/select_--Select--Adernaline 0.'

2018-06-10 00:11:45 - [TEST_STEP][PASSED] - delay: Delayed 2 second(s)

2018-06-10 00:11:47 - [MESSAGE][PASSED] - Delayed 2 second(s)

2018-06-10 00:11:47 - [TEST_STEP][PASSED] - Statement - RequestedQty = com.kms.katalon.core.webui.keyword.WebUiBuiltInKeywords.getAttribute(com.kms.katalon.core.testobject.ObjectRepository.findTestObject(DispensaryToStore/Page_Store/input_txttotal), "value"): Attribute 'value' of object 'Object Repository/DispensaryToStore/Page_Store/input_txttotal' is: '10'

2018-06-10 00:11:47 - [MESSAGE][PASSED] - Attribute 'value' of object 'Object Repository/DispensaryToStore/Page_Store/input_txttotal' is: '10'

2018-06-10 00:11:47 - [TEST_STEP][PASSED] - Statement - out.println("Requested QTY : " + RequestedQty): null

2018-06-10 00:11:47 - [TEST_STEP][PASSED] - Statement - BatchNumber = com.kms.katalon.core.webui.keyword.WebUiBuiltInKeywords.getNumberOfTotalOption(com.kms.katalon.core.testobject.ObjectRepository.findTestObject(DispensaryToStore/Page_Store/select_--Select--BA1170BA2376B)): 4 options of object 'Object Repository/DispensaryToStore/Page_Store/select_--Select--BA1170BA2376B' counted

2018-06-10 00:11:47 - [MESSAGE][PASSED] - 4 options of object 'Object Repository/DispensaryToStore/Page_Store/select_--Select--BA1170BA2376B' counted

2018-06-10 00:11:47 - [TEST_STEP][PASSED] - Statement - For ([g = 1, g <= BatchNumber - 1, (g++)]): null

2018-06-10 00:11:47 - [TEST_STEP][PASSED] - selectOptionByIndex: All options with index in [1] are selected on object 'Object Repository/DispensaryToStore/Page_Store/select_--Select--BA1170BA2376B'

2018-06-10 00:11:48 - [MESSAGE][PASSED] - All options with index in [1] are selected on object 'Object Repository/DispensaryToStore/Page_Store/select_--Select--BA1170BA2376B'

2018-06-10 00:11:48 - [TEST_STEP][PASSED] - Statement - Try: null

2018-06-10 00:11:48 - [TEST_STEP][PASSED] - Statement - StockQty = com.kms.katalon.core.webui.keyword.WebUiBuiltInKeywords.getAttribute(com.kms.katalon.core.testobject.ObjectRepository.findTestObject(DispensaryToStore/Page_Store/input_txtprice), "value"): Attribute 'value' of object 'Object Repository/DispensaryToStore/Page_Store/input_txtprice' is: '910'

2018-06-10 00:11:48 - [MESSAGE][PASSED] - Attribute 'value' of object 'Object Repository/DispensaryToStore/Page_Store/input_txtprice' is: '910'

2018-06-10 00:11:48 - [TEST_STEP][PASSED] - Statement - out.println("Stock QTY : " + StockQty): null

2018-06-10 00:11:48 - [TEST_STEP][PASSED] - delay: Delayed 2 second(s)

2018-06-10 00:11:50 - [MESSAGE][PASSED] - Delayed 2 second(s)

2018-06-10 00:11:50 - [TEST_STEP][PASSED] - Statement - If (java.lang.String.valueOf(StockQty) >= java.lang.String.valueOf(RequestedQty)): null

2018-06-10 00:11:50 - [TEST_STEP][PASSED] - setText: Text '10' is set on object 'Object Repository/DispensaryToStore/Page_Store/input_txtqty'

2018-06-10 00:11:50 - [MESSAGE][PASSED] - Text '10' is set on object 'Object Repository/DispensaryToStore/Page_Store/input_txtqty'

2018-06-10 00:11:50 - [TEST_STEP][PASSED] - click: Object: 'Object Repository/DispensaryToStore/Page_Store/button_Add' is clicked on

2018-06-10 00:11:50 - [MESSAGE][PASSED] - Object: 'Object Repository/DispensaryToStore/Page_Store/button_Add' is clicked on

2018-06-10 00:11:50 - [TEST_STEP][PASSED] - Statement - Break: null

2018-06-10 00:11:50 - [TEST_STEP][PASSED] - selectOptionByIndex: All options with index in [42] are selected on object 'Object Repository/DispensaryToStore/Page_Store/select_--Select--Adernaline 0.'

2018-06-10 00:11:50 - [MESSAGE][PASSED] - All options with index in [42] are selected on object 'Object Repository/DispensaryToStore/Page_Store/select_--Select--Adernaline 0.'

2018-06-10 00:11:50 - [TEST_STEP][PASSED] - delay: Delayed 2 second(s)

2018-06-10 00:11:52 - [MESSAGE][PASSED] - Delayed 2 second(s)

2018-06-10 00:11:52 - [TEST_STEP][PASSED] - Statement - RequestedQty = com.kms.katalon.core.webui.keyword.WebUiBuiltInKeywords.getAttribute(com.kms.katalon.core.testobject.ObjectRepository.findTestObject(DispensaryToStore/Page_Store/input_txttotal), "value"): Attribute 'value' of object 'Object Repository/DispensaryToStore/Page_Store/input_txttotal' is: '10'

2018-06-10 00:11:52 - [MESSAGE][PASSED] - Attribute 'value' of object 'Object Repository/DispensaryToStore/Page_Store/input_txttotal' is: '10'

2018-06-10 00:11:52 - [TEST_STEP][PASSED] - Statement - out.println("Requested QTY : " + RequestedQty): null

2018-06-10 00:11:52 - [TEST_STEP][PASSED] - Statement - BatchNumber = com.kms.katalon.core.webui.keyword.WebUiBuiltInKeywords.getNumberOfTotalOption(com.kms.katalon.core.testobject.ObjectRepository.findTestObject(DispensaryToStore/Page_Store/select_--Select--BA1170BA2376B)): 3 options of object 'Object Repository/DispensaryToStore/Page_Store/select_--Select--BA1170BA2376B' counted

2018-06-10 00:11:52 - [MESSAGE][PASSED] - 3 options of object 'Object Repository/DispensaryToStore/Page_Store/select_--Select--BA1170BA2376B' counted

2018-06-10 00:11:52 - [TEST_STEP][PASSED] - Statement - For ([g = 1, g <= BatchNumber - 1, (g++)]): null

2018-06-10 00:11:52 - [TEST_STEP][PASSED] - selectOptionByIndex: All options with index in [1] are selected on object 'Object Repository/DispensaryToStore/Page_Store/select_--Select--BA1170BA2376B'

2018-06-10 00:11:52 - [MESSAGE][PASSED] - All options with index in [1] are selected on object 'Object Repository/DispensaryToStore/Page_Store/select_--Select--BA1170BA2376B'

2018-06-10 00:11:52 - [TEST_STEP][PASSED] - Statement - Try: null

2018-06-10 00:11:52 - [TEST_STEP][PASSED] - Statement - StockQty = com.kms.katalon.core.webui.keyword.WebUiBuiltInKeywords.getAttribute(com.kms.katalon.core.testobject.ObjectRepository.findTestObject(DispensaryToStore/Page_Store/input_txtprice), "value"): Attribute 'value' of object 'Object Repository/DispensaryToStore/Page_Store/input_txtprice' is: '610'

2018-06-10 00:11:53 - [MESSAGE][PASSED] - Attribute 'value' of object 'Object Repository/DispensaryToStore/Page_Store/input_txtprice' is: '610'

2018-06-10 00:11:53 - [TEST_STEP][PASSED] - Statement - out.println("Stock QTY : " + StockQty): null

2018-06-10 00:11:53 - [TEST_STEP][PASSED] - delay: Delayed 2 second(s)

2018-06-10 00:11:55 - [MESSAGE][PASSED] - Delayed 2 second(s)

2018-06-10 00:11:55 - [TEST_STEP][PASSED] - Statement - If (java.lang.String.valueOf(StockQty) >= java.lang.String.valueOf(RequestedQty)): null

2018-06-10 00:11:55 - [TEST_STEP][PASSED] - setText: Text '10' is set on object 'Object Repository/DispensaryToStore/Page_Store/input_txtqty'

2018-06-10 00:11:55 - [MESSAGE][PASSED] - Text '10' is set on object 'Object Repository/DispensaryToStore/Page_Store/input_txtqty'

2018-06-10 00:11:55 - [TEST_STEP][PASSED] - click: Object: 'Object Repository/DispensaryToStore/Page_Store/button_Add' is clicked on

2018-06-10 00:11:55 - [MESSAGE][PASSED] - Object: 'Object Repository/DispensaryToStore/Page_Store/button_Add' is clicked on

2018-06-10 00:11:55 - [TEST_STEP][PASSED] - Statement - Break: null

2018-06-10 00:11:55 - [TEST_STEP][PASSED] - selectOptionByIndex: All options with index in [43] are selected on object 'Object Repository/DispensaryToStore/Page_Store/select_--Select--Adernaline 0.'

2018-06-10 00:11:55 - [MESSAGE][PASSED] - All options with index in [43] are selected on object 'Object Repository/DispensaryToStore/Page_Store/select_--Select--Adernaline 0.'

2018-06-10 00:11:55 - [TEST_STEP][PASSED] - delay: Delayed 2 second(s)

2018-06-10 00:11:57 - [MESSAGE][PASSED] - Delayed 2 second(s)

2018-06-10 00:11:57 - [TEST_STEP][PASSED] - Statement - RequestedQty = com.kms.katalon.core.webui.keyword.WebUiBuiltInKeywords.getAttribute(com.kms.katalon.core.testobject.ObjectRepository.findTestObject(DispensaryToStore/Page_Store/input_txttotal), "value"): Attribute 'value' of object 'Object Repository/DispensaryToStore/Page_Store/input_txttotal' is: '10'

2018-06-10 00:11:57 - [MESSAGE][PASSED] - Attribute 'value' of object 'Object Repository/DispensaryToStore/Page_Store/input_txttotal' is: '10'

2018-06-10 00:11:57 - [TEST_STEP][PASSED] - Statement - out.println("Requested QTY : " + RequestedQty): null

2018-06-10 00:11:57 - [TEST_STEP][PASSED] - Statement - BatchNumber = com.kms.katalon.core.webui.keyword.WebUiBuiltInKeywords.getNumberOfTotalOption(com.kms.katalon.core.testobject.ObjectRepository.findTestObject(DispensaryToStore/Page_Store/select_--Select--BA1170BA2376B)): 3 options of object 'Object Repository/DispensaryToStore/Page_Store/select_--Select--BA1170BA2376B' counted

2018-06-10 00:11:57 - [MESSAGE][PASSED] - 3 options of object 'Object Repository/DispensaryToStore/Page_Store/select_--Select--BA1170BA2376B' counted

2018-06-10 00:11:57 - [TEST_STEP][PASSED] - Statement - For ([g = 1, g <= BatchNumber - 1, (g++)]): null

2018-06-10 00:11:57 - [TEST_STEP][PASSED] - selectOptionByIndex: All options with index in [1] are selected on object 'Object Repository/DispensaryToStore/Page_Store/select_--Select--BA1170BA2376B'

2018-06-10 00:11:57 - [MESSAGE][PASSED] - All options with index in [1] are selected on object 'Object Repository/DispensaryToStore/Page_Store/select_--Select--BA1170BA2376B'

2018-06-10 00:11:57 - [TEST_STEP][PASSED] - Statement - Try: null

2018-06-10 00:11:57 - [TEST_STEP][PASSED] - Statement - StockQty = com.kms.katalon.core.webui.keyword.WebUiBuiltInKeywords.getAttribute(com.kms.katalon.core.testobject.ObjectRepository.findTestObject(DispensaryToStore/Page_Store/input_txtprice), "value"): Attribute 'value' of object 'Object Repository/DispensaryToStore/Page_Store/input_txtprice' is: '1880'

2018-06-10 00:11:57 - [MESSAGE][PASSED] - Attribute 'value' of object 'Object Repository/DispensaryToStore/Page_Store/input_txtprice' is: '1880'

2018-06-10 00:11:57 - [TEST_STEP][PASSED] - Statement - out.println("Stock QTY : " + StockQty): null

2018-06-10 00:11:57 - [TEST_STEP][PASSED] - delay: Delayed 2 second(s)

2018-06-10 00:11:59 - [MESSAGE][PASSED] - Delayed 2 second(s)

2018-06-10 00:11:59 - [TEST_STEP][PASSED] - Statement - If (java.lang.String.valueOf(StockQty) >= java.lang.String.valueOf(RequestedQty)): null

2018-06-10 00:11:59 - [TEST_STEP][PASSED] - setText: Text '10' is set on object 'Object Repository/DispensaryToStore/Page_Store/input_txtqty'

2018-06-10 00:12:00 - [MESSAGE][PASSED] - Text '10' is set on object 'Object Repository/DispensaryToStore/Page_Store/input_txtqty'

2018-06-10 00:12:00 - [TEST_STEP][PASSED] - click: Object: 'Object Repository/DispensaryToStore/Page_Store/button_Add' is clicked on

2018-06-10 00:12:00 - [MESSAGE][PASSED] - Object: 'Object Repository/DispensaryToStore/Page_Store/button_Add' is clicked on

2018-06-10 00:12:00 - [TEST_STEP][PASSED] - Statement - Break: null

2018-06-10 00:12:00 - [TEST_STEP][PASSED] - selectOptionByIndex: All options with index in [44] are selected on object 'Object Repository/DispensaryToStore/Page_Store/select_--Select--Adernaline 0.'

2018-06-10 00:12:00 - [MESSAGE][PASSED] - All options with index in [44] are selected on object 'Object Repository/DispensaryToStore/Page_Store/select_--Select--Adernaline 0.'

2018-06-10 00:12:00 - [TEST_STEP][PASSED] - delay: Delayed 2 second(s)

2018-06-10 00:12:02 - [MESSAGE][PASSED] - Delayed 2 second(s)

2018-06-10 00:12:02 - [TEST_STEP][PASSED] - Statement - RequestedQty = com.kms.katalon.core.webui.keyword.WebUiBuiltInKeywords.getAttribute(com.kms.katalon.core.testobject.ObjectRepository.findTestObject(DispensaryToStore/Page_Store/input_txttotal), "value"): Attribute 'value' of object 'Object Repository/DispensaryToStore/Page_Store/input_txttotal' is: '10'

2018-06-10 00:12:02 - [MESSAGE][PASSED] - Attribute 'value' of object 'Object Repository/DispensaryToStore/Page_Store/input_txttotal' is: '10'

2018-06-10 00:12:02 - [TEST_STEP][PASSED] - Statement - out.println("Requested QTY : " + RequestedQty): null

2018-06-10 00:12:02 - [TEST_STEP][PASSED] - Statement - BatchNumber = com.kms.katalon.core.webui.keyword.WebUiBuiltInKeywords.getNumberOfTotalOption(com.kms.katalon.core.testobject.ObjectRepository.findTestObject(DispensaryToStore/Page_Store/select_--Select--BA1170BA2376B)): 3 options of object 'Object Repository/DispensaryToStore/Page_Store/select_--Select--BA1170BA2376B' counted

2018-06-10 00:12:02 - [MESSAGE][PASSED] - 3 options of object 'Object Repository/DispensaryToStore/Page_Store/select_--Select--BA1170BA2376B' counted

2018-06-10 00:12:02 - [TEST_STEP][PASSED] - Statement - For ([g = 1, g <= BatchNumber - 1, (g++)]): null

2018-06-10 00:12:02 - [TEST_STEP][PASSED] - selectOptionByIndex: All options with index in [1] are selected on object 'Object Repository/DispensaryToStore/Page_Store/select_--Select--BA1170BA2376B'

2018-06-10 00:12:02 - [MESSAGE][PASSED] - All options with index in [1] are selected on object 'Object Repository/DispensaryToStore/Page_Store/select_--Select--BA1170BA2376B'

2018-06-10 00:12:02 - [TEST_STEP][PASSED] - Statement - Try: null

2018-06-10 00:12:02 - [TEST_STEP][PASSED] - Statement - StockQty = com.kms.katalon.core.webui.keyword.WebUiBuiltInKeywords.getAttribute(com.kms.katalon.core.testobject.ObjectRepository.findTestObject(DispensaryToStore/Page_Store/input_txtprice), "value"): Attribute 'value' of object 'Object Repository/DispensaryToStore/Page_Store/input_txtprice' is: '910'

2018-06-10 00:12:02 - [MESSAGE][PASSED] - Attribute 'value' of object 'Object Repository/DispensaryToStore/Page_Store/input_txtprice' is: '910'

2018-06-10 00:12:02 - [TEST_STEP][PASSED] - Statement - out.println("Stock QTY : " + StockQty): null

2018-06-10 00:12:02 - [TEST_STEP][PASSED] - delay: Delayed 2 second(s)

2018-06-10 00:12:04 - [MESSAGE][PASSED] - Delayed 2 second(s)

2018-06-10 00:12:04 - [TEST_STEP][PASSED] - Statement - If (java.lang.String.valueOf(StockQty) >= java.lang.String.valueOf(RequestedQty)): null

2018-06-10 00:12:04 - [TEST_STEP][PASSED] - setText: Text '10' is set on object 'Object Repository/DispensaryToStore/Page_Store/input_txtqty'

2018-06-10 00:12:04 - [MESSAGE][PASSED] - Text '10' is set on object 'Object Repository/DispensaryToStore/Page_Store/input_txtqty'

2018-06-10 00:12:04 - [TEST_STEP][PASSED] - click: Object: 'Object Repository/DispensaryToStore/Page_Store/button_Add' is clicked on

2018-06-10 00:12:05 - [MESSAGE][PASSED] - Object: 'Object Repository/DispensaryToStore/Page_Store/button_Add' is clicked on

2018-06-10 00:12:05 - [TEST_STEP][PASSED] - Statement - Break: null

2018-06-10 00:12:05 - [TEST_STEP][PASSED] - selectOptionByIndex: All options with index in [45] are selected on object 'Object Repository/DispensaryToStore/Page_Store/select_--Select--Adernaline 0.'

2018-06-10 00:12:05 - [MESSAGE][PASSED] - All options with index in [45] are selected on object 'Object Repository/DispensaryToStore/Page_Store/select_--Select--Adernaline 0.'

2018-06-10 00:12:05 - [TEST_STEP][PASSED] - delay: Delayed 2 second(s)

2018-06-10 00:12:07 - [MESSAGE][PASSED] - Delayed 2 second(s)

2018-06-10 00:12:07 - [TEST_STEP][PASSED] - Statement - RequestedQty = com.kms.katalon.core.webui.keyword.WebUiBuiltInKeywords.getAttribute(com.kms.katalon.core.testobject.ObjectRepository.findTestObject(DispensaryToStore/Page_Store/input_txttotal), "value"): Attribute 'value' of object 'Object Repository/DispensaryToStore/Page_Store/input_txttotal' is: '10'

2018-06-10 00:12:07 - [MESSAGE][PASSED] - Attribute 'value' of object 'Object Repository/DispensaryToStore/Page_Store/input_txttotal' is: '10'

2018-06-10 00:12:07 - [TEST_STEP][PASSED] - Statement - out.println("Requested QTY : " + RequestedQty): null

2018-06-10 00:12:07 - [TEST_STEP][PASSED] - Statement - BatchNumber = com.kms.katalon.core.webui.keyword.WebUiBuiltInKeywords.getNumberOfTotalOption(com.kms.katalon.core.testobject.ObjectRepository.findTestObject(DispensaryToStore/Page_Store/select_--Select--BA1170BA2376B)): 5 options of object 'Object Repository/DispensaryToStore/Page_Store/select_--Select--BA1170BA2376B' counted

2018-06-10 00:12:07 - [MESSAGE][PASSED] - 5 options of object 'Object Repository/DispensaryToStore/Page_Store/select_--Select--BA1170BA2376B' counted

2018-06-10 00:12:07 - [TEST_STEP][PASSED] - Statement - For ([g = 1, g <= BatchNumber - 1, (g++)]): null

2018-06-10 00:12:07 - [TEST_STEP][PASSED] - selectOptionByIndex: All options with index in [1] are selected on object 'Object Repository/DispensaryToStore/Page_Store/select_--Select--BA1170BA2376B'

2018-06-10 00:12:07 - [MESSAGE][PASSED] - All options with index in [1] are selected on object 'Object Repository/DispensaryToStore/Page_Store/select_--Select--BA1170BA2376B'

2018-06-10 00:12:07 - [TEST_STEP][PASSED] - Statement - Try: null

2018-06-10 00:12:07 - [TEST_STEP][PASSED] - Statement - StockQty = com.kms.katalon.core.webui.keyword.WebUiBuiltInKeywords.getAttribute(com.kms.katalon.core.testobject.ObjectRepository.findTestObject(DispensaryToStore/Page_Store/input_txtprice), "value"): Attribute 'value' of object 'Object Repository/DispensaryToStore/Page_Store/input_txtprice' is: '610'

2018-06-10 00:12:07 - [MESSAGE][PASSED] - Attribute 'value' of object 'Object Repository/DispensaryToStore/Page_Store/input_txtprice' is: '610'

2018-06-10 00:12:07 - [TEST_STEP][PASSED] - Statement - out.println("Stock QTY : " + StockQty): null

2018-06-10 00:12:07 - [TEST_STEP][PASSED] - delay: Delayed 2 second(s)

2018-06-10 00:12:09 - [MESSAGE][PASSED] - Delayed 2 second(s)

2018-06-10 00:12:09 - [TEST_STEP][PASSED] - Statement - If (java.lang.String.valueOf(StockQty) >= java.lang.String.valueOf(RequestedQty)): null

2018-06-10 00:12:09 - [TEST_STEP][PASSED] - setText: Text '10' is set on object 'Object Repository/DispensaryToStore/Page_Store/input_txtqty'

2018-06-10 00:12:09 - [MESSAGE][PASSED] - Text '10' is set on object 'Object Repository/DispensaryToStore/Page_Store/input_txtqty'

2018-06-10 00:12:09 - [TEST_STEP][PASSED] - click: Object: 'Object Repository/DispensaryToStore/Page_Store/button_Add' is clicked on

2018-06-10 00:12:09 - [MESSAGE][PASSED] - Object: 'Object Repository/DispensaryToStore/Page_Store/button_Add' is clicked on

2018-06-10 00:12:09 - [TEST_STEP][PASSED] - Statement - Break: null

2018-06-10 00:12:09 - [TEST_STEP][PASSED] - selectOptionByIndex: All options with index in [46] are selected on object 'Object Repository/DispensaryToStore/Page_Store/select_--Select--Adernaline 0.'

2018-06-10 00:12:10 - [MESSAGE][PASSED] - All options with index in [46] are selected on object 'Object Repository/DispensaryToStore/Page_Store/select_--Select--Adernaline 0.'

2018-06-10 00:12:10 - [TEST_STEP][PASSED] - delay: Delayed 2 second(s)

2018-06-10 00:12:12 - [MESSAGE][PASSED] - Delayed 2 second(s)

2018-06-10 00:12:12 - [TEST_STEP][PASSED] - Statement - RequestedQty = com.kms.katalon.core.webui.keyword.WebUiBuiltInKeywords.getAttribute(com.kms.katalon.core.testobject.ObjectRepository.findTestObject(DispensaryToStore/Page_Store/input_txttotal), "value"): Attribute 'value' of object 'Object Repository/DispensaryToStore/Page_Store/input_txttotal' is: '10'

2018-06-10 00:12:12 - [MESSAGE][PASSED] - Attribute 'value' of object 'Object Repository/DispensaryToStore/Page_Store/input_txttotal' is: '10'

2018-06-10 00:12:12 - [TEST_STEP][PASSED] - Statement - out.println("Requested QTY : " + RequestedQty): null

2018-06-10 00:12:12 - [TEST_STEP][PASSED] - Statement - BatchNumber = com.kms.katalon.core.webui.keyword.WebUiBuiltInKeywords.getNumberOfTotalOption(com.kms.katalon.core.testobject.ObjectRepository.findTestObject(DispensaryToStore/Page_Store/select_--Select--BA1170BA2376B)): 3 options of object 'Object Repository/DispensaryToStore/Page_Store/select_--Select--BA1170BA2376B' counted

2018-06-10 00:12:12 - [MESSAGE][PASSED] - 3 options of object 'Object Repository/DispensaryToStore/Page_Store/select_--Select--BA1170BA2376B' counted

2018-06-10 00:12:12 - [TEST_STEP][PASSED] - Statement - For ([g = 1, g <= BatchNumber - 1, (g++)]): null

2018-06-10 00:12:12 - [TEST_STEP][PASSED] - selectOptionByIndex: All options with index in [1] are selected on object 'Object Repository/DispensaryToStore/Page_Store/select_--Select--BA1170BA2376B'

2018-06-10 00:12:12 - [MESSAGE][PASSED] - All options with index in [1] are selected on object 'Object Repository/DispensaryToStore/Page_Store/select_--Select--BA1170BA2376B'

2018-06-10 00:12:12 - [TEST_STEP][PASSED] - Statement - Try: null

2018-06-10 00:12:12 - [TEST_STEP][PASSED] - Statement - StockQty = com.kms.katalon.core.webui.keyword.WebUiBuiltInKeywords.getAttribute(com.kms.katalon.core.testobject.ObjectRepository.findTestObject(DispensaryToStore/Page_Store/input_txtprice), "value"): Attribute 'value' of object 'Object Repository/DispensaryToStore/Page_Store/input_txtprice' is: '340'

2018-06-10 00:12:12 - [MESSAGE][PASSED] - Attribute 'value' of object 'Object Repository/DispensaryToStore/Page_Store/input_txtprice' is: '340'

2018-06-10 00:12:12 - [TEST_STEP][PASSED] - Statement - out.println("Stock QTY : " + StockQty): null

2018-06-10 00:12:12 - [TEST_STEP][PASSED] - delay: Delayed 2 second(s)

2018-06-10 00:12:14 - [MESSAGE][PASSED] - Delayed 2 second(s)

2018-06-10 00:12:14 - [TEST_STEP][PASSED] - Statement - If (java.lang.String.valueOf(StockQty) >= java.lang.String.valueOf(RequestedQty)): null

2018-06-10 00:12:14 - [TEST_STEP][PASSED] - setText: Text '10' is set on object 'Object Repository/DispensaryToStore/Page_Store/input_txtqty'

2018-06-10 00:12:14 - [MESSAGE][PASSED] - Text '10' is set on object 'Object Repository/DispensaryToStore/Page_Store/input_txtqty'

2018-06-10 00:12:14 - [TEST_STEP][PASSED] - click: Object: 'Object Repository/DispensaryToStore/Page_Store/button_Add' is clicked on

2018-06-10 00:12:14 - [MESSAGE][PASSED] - Object: 'Object Repository/DispensaryToStore/Page_Store/button_Add' is clicked on

2018-06-10 00:12:14 - [TEST_STEP][PASSED] - Statement - Break: null

2018-06-10 00:12:14 - [TEST_STEP][PASSED] - selectOptionByIndex: All options with index in [47] are selected on object 'Object Repository/DispensaryToStore/Page_Store/select_--Select--Adernaline 0.'

2018-06-10 00:12:15 - [MESSAGE][PASSED] - All options with index in [47] are selected on object 'Object Repository/DispensaryToStore/Page_Store/select_--Select--Adernaline 0.'

2018-06-10 00:12:15 - [TEST_STEP][PASSED] - delay: Delayed 2 second(s)

2018-06-10 00:12:17 - [MESSAGE][PASSED] - Delayed 2 second(s)

2018-06-10 00:12:17 - [TEST_STEP][PASSED] - Statement - RequestedQty = com.kms.katalon.core.webui.keyword.WebUiBuiltInKeywords.getAttribute(com.kms.katalon.core.testobject.ObjectRepository.findTestObject(DispensaryToStore/Page_Store/input_txttotal), "value"): Attribute 'value' of object 'Object Repository/DispensaryToStore/Page_Store/input_txttotal' is: '10'

2018-06-10 00:12:17 - [MESSAGE][PASSED] - Attribute 'value' of object 'Object Repository/DispensaryToStore/Page_Store/input_txttotal' is: '10'

2018-06-10 00:12:17 - [TEST_STEP][PASSED] - Statement - out.println("Requested QTY : " + RequestedQty): null

2018-06-10 00:12:17 - [TEST_STEP][PASSED] - Statement - BatchNumber = com.kms.katalon.core.webui.keyword.WebUiBuiltInKeywords.getNumberOfTotalOption(com.kms.katalon.core.testobject.ObjectRepository.findTestObject(DispensaryToStore/Page_Store/select_--Select--BA1170BA2376B)): 3 options of object 'Object Repository/DispensaryToStore/Page_Store/select_--Select--BA1170BA2376B' counted

2018-06-10 00:12:17 - [MESSAGE][PASSED] - 3 options of object 'Object Repository/DispensaryToStore/Page_Store/select_--Select--BA1170BA2376B' counted

2018-06-10 00:12:17 - [TEST_STEP][PASSED] - Statement - For ([g = 1, g <= BatchNumber - 1, (g++)]): null

2018-06-10 00:12:17 - [TEST_STEP][PASSED] - selectOptionByIndex: All options with index in [1] are selected on object 'Object Repository/DispensaryToStore/Page_Store/select_--Select--BA1170BA2376B'

2018-06-10 00:12:17 - [MESSAGE][PASSED] - All options with index in [1] are selected on object 'Object Repository/DispensaryToStore/Page_Store/select_--Select--BA1170BA2376B'

2018-06-10 00:12:17 - [TEST_STEP][PASSED] - Statement - Try: null

2018-06-10 00:12:17 - [TEST_STEP][PASSED] - Statement - StockQty = com.kms.katalon.core.webui.keyword.WebUiBuiltInKeywords.getAttribute(com.kms.katalon.core.testobject.ObjectRepository.findTestObject(DispensaryToStore/Page_Store/input_txtprice), "value"): Attribute 'value' of object 'Object Repository/DispensaryToStore/Page_Store/input_txtprice' is: '610'

2018-06-10 00:12:17 - [MESSAGE][PASSED] - Attribute 'value' of object 'Object Repository/DispensaryToStore/Page_Store/input_txtprice' is: '610'

2018-06-10 00:12:17 - [TEST_STEP][PASSED] - Statement - out.println("Stock QTY : " + StockQty): null

2018-06-10 00:12:17 - [TEST_STEP][PASSED] - delay: Delayed 2 second(s)

2018-06-10 00:12:19 - [MESSAGE][PASSED] - Delayed 2 second(s)

2018-06-10 00:12:19 - [TEST_STEP][PASSED] - Statement - If (java.lang.String.valueOf(StockQty) >= java.lang.String.valueOf(RequestedQty)): null

2018-06-10 00:12:19 - [TEST_STEP][PASSED] - setText: Text '10' is set on object 'Object Repository/DispensaryToStore/Page_Store/input_txtqty'

2018-06-10 00:12:19 - [MESSAGE][PASSED] - Text '10' is set on object 'Object Repository/DispensaryToStore/Page_Store/input_txtqty'

2018-06-10 00:12:19 - [TEST_STEP][PASSED] - click: Object: 'Object Repository/DispensaryToStore/Page_Store/button_Add' is clicked on

2018-06-10 00:12:19 - [MESSAGE][PASSED] - Object: 'Object Repository/DispensaryToStore/Page_Store/button_Add' is clicked on

2018-06-10 00:12:19 - [TEST_STEP][PASSED] - Statement - Break: null

2018-06-10 00:12:19 - [TEST_STEP][PASSED] - selectOptionByIndex: All options with index in [48] are selected on object 'Object Repository/DispensaryToStore/Page_Store/select_--Select--Adernaline 0.'

2018-06-10 00:12:20 - [MESSAGE][PASSED] - All options with index in [48] are selected on object 'Object Repository/DispensaryToStore/Page_Store/select_--Select--Adernaline 0.'

2018-06-10 00:12:20 - [TEST_STEP][PASSED] - delay: Delayed 2 second(s)

2018-06-10 00:12:22 - [MESSAGE][PASSED] - Delayed 2 second(s)

2018-06-10 00:12:22 - [TEST_STEP][PASSED] - Statement - RequestedQty = com.kms.katalon.core.webui.keyword.WebUiBuiltInKeywords.getAttribute(com.kms.katalon.core.testobject.ObjectRepository.findTestObject(DispensaryToStore/Page_Store/input_txttotal), "value"): Attribute 'value' of object 'Object Repository/DispensaryToStore/Page_Store/input_txttotal' is: '10'

2018-06-10 00:12:22 - [MESSAGE][PASSED] - Attribute 'value' of object 'Object Repository/DispensaryToStore/Page_Store/input_txttotal' is: '10'

2018-06-10 00:12:22 - [TEST_STEP][PASSED] - Statement - out.println("Requested QTY : " + RequestedQty): null

2018-06-10 00:12:22 - [TEST_STEP][PASSED] - Statement - BatchNumber = com.kms.katalon.core.webui.keyword.WebUiBuiltInKeywords.getNumberOfTotalOption(com.kms.katalon.core.testobject.ObjectRepository.findTestObject(DispensaryToStore/Page_Store/select_--Select--BA1170BA2376B)): 4 options of object 'Object Repository/DispensaryToStore/Page_Store/select_--Select--BA1170BA2376B' counted

2018-06-10 00:12:22 - [MESSAGE][PASSED] - 4 options of object 'Object Repository/DispensaryToStore/Page_Store/select_--Select--BA1170BA2376B' counted

2018-06-10 00:12:22 - [TEST_STEP][PASSED] - Statement - For ([g = 1, g <= BatchNumber - 1, (g++)]): null

2018-06-10 00:12:22 - [TEST_STEP][PASSED] - selectOptionByIndex: All options with index in [1] are selected on object 'Object Repository/DispensaryToStore/Page_Store/select_--Select--BA1170BA2376B'

2018-06-10 00:12:22 - [MESSAGE][PASSED] - All options with index in [1] are selected on object 'Object Repository/DispensaryToStore/Page_Store/select_--Select--BA1170BA2376B'

2018-06-10 00:12:22 - [TEST_STEP][PASSED] - Statement - Try: null

2018-06-10 00:12:22 - [TEST_STEP][PASSED] - Statement - StockQty = com.kms.katalon.core.webui.keyword.WebUiBuiltInKeywords.getAttribute(com.kms.katalon.core.testobject.ObjectRepository.findTestObject(DispensaryToStore/Page_Store/input_txtprice), "value"): Attribute 'value' of object 'Object Repository/DispensaryToStore/Page_Store/input_txtprice' is: '920'

2018-06-10 00:12:22 - [MESSAGE][PASSED] - Attribute 'value' of object 'Object Repository/DispensaryToStore/Page_Store/input_txtprice' is: '920'

2018-06-10 00:12:22 - [TEST_STEP][PASSED] - Statement - out.println("Stock QTY : " + StockQty): null

2018-06-10 00:12:22 - [TEST_STEP][PASSED] - delay: Delayed 2 second(s)

2018-06-10 00:12:24 - [MESSAGE][PASSED] - Delayed 2 second(s)

2018-06-10 00:12:24 - [TEST_STEP][PASSED] - Statement - If (java.lang.String.valueOf(StockQty) >= java.lang.String.valueOf(RequestedQty)): null

2018-06-10 00:12:24 - [TEST_STEP][PASSED] - setText: Text '10' is set on object 'Object Repository/DispensaryToStore/Page_Store/input_txtqty'

2018-06-10 00:12:24 - [MESSAGE][PASSED] - Text '10' is set on object 'Object Repository/DispensaryToStore/Page_Store/input_txtqty'

2018-06-10 00:12:24 - [TEST_STEP][PASSED] - click: Object: 'Object Repository/DispensaryToStore/Page_Store/button_Add' is clicked on

2018-06-10 00:12:24 - [MESSAGE][PASSED] - Object: 'Object Repository/DispensaryToStore/Page_Store/button_Add' is clicked on

2018-06-10 00:12:24 - [TEST_STEP][PASSED] - Statement - Break: null

2018-06-10 00:12:24 - [TEST_STEP][PASSED] - selectOptionByIndex: All options with index in [49] are selected on object 'Object Repository/DispensaryToStore/Page_Store/select_--Select--Adernaline 0.'

2018-06-10 00:12:25 - [MESSAGE][PASSED] - All options with index in [49] are selected on object 'Object Repository/DispensaryToStore/Page_Store/select_--Select--Adernaline 0.'

2018-06-10 00:12:25 - [TEST_STEP][PASSED] - delay: Delayed 2 second(s)

2018-06-10 00:12:27 - [MESSAGE][PASSED] - Delayed 2 second(s)

2018-06-10 00:12:27 - [TEST_STEP][PASSED] - Statement - RequestedQty = com.kms.katalon.core.webui.keyword.WebUiBuiltInKeywords.getAttribute(com.kms.katalon.core.testobject.ObjectRepository.findTestObject(DispensaryToStore/Page_Store/input_txttotal), "value"): Attribute 'value' of object 'Object Repository/DispensaryToStore/Page_Store/input_txttotal' is: '10'

2018-06-10 00:12:27 - [MESSAGE][PASSED] - Attribute 'value' of object 'Object Repository/DispensaryToStore/Page_Store/input_txttotal' is: '10'

2018-06-10 00:12:27 - [TEST_STEP][PASSED] - Statement - out.println("Requested QTY : " + RequestedQty): null

2018-06-10 00:12:27 - [TEST_STEP][PASSED] - Statement - BatchNumber = com.kms.katalon.core.webui.keyword.WebUiBuiltInKeywords.getNumberOfTotalOption(com.kms.katalon.core.testobject.ObjectRepository.findTestObject(DispensaryToStore/Page_Store/select_--Select--BA1170BA2376B)): 2 options of object 'Object Repository/DispensaryToStore/Page_Store/select_--Select--BA1170BA2376B' counted

2018-06-10 00:12:27 - [MESSAGE][PASSED] - 2 options of object 'Object Repository/DispensaryToStore/Page_Store/select_--Select--BA1170BA2376B' counted

2018-06-10 00:12:27 - [TEST_STEP][PASSED] - Statement - For ([g = 1, g <= BatchNumber - 1, (g++)]): null

2018-06-10 00:12:27 - [TEST_STEP][PASSED] - selectOptionByIndex: All options with index in [1] are selected on object 'Object Repository/DispensaryToStore/Page_Store/select_--Select--BA1170BA2376B'

2018-06-10 00:12:27 - [MESSAGE][PASSED] - All options with index in [1] are selected on object 'Object Repository/DispensaryToStore/Page_Store/select_--Select--BA1170BA2376B'

2018-06-10 00:12:27 - [TEST_STEP][PASSED] - Statement - Try: null

2018-06-10 00:12:27 - [TEST_STEP][PASSED] - Statement - StockQty = com.kms.katalon.core.webui.keyword.WebUiBuiltInKeywords.getAttribute(com.kms.katalon.core.testobject.ObjectRepository.findTestObject(DispensaryToStore/Page_Store/input_txtprice), "value"): Attribute 'value' of object 'Object Repository/DispensaryToStore/Page_Store/input_txtprice' is: '2070'

2018-06-10 00:12:27 - [MESSAGE][PASSED] - Attribute 'value' of object 'Object Repository/DispensaryToStore/Page_Store/input_txtprice' is: '2070'

2018-06-10 00:12:27 - [TEST_STEP][PASSED] - Statement - out.println("Stock QTY : " + StockQty): null

2018-06-10 00:12:27 - [TEST_STEP][PASSED] - delay: Delayed 2 second(s)

2018-06-10 00:12:29 - [MESSAGE][PASSED] - Delayed 2 second(s)

2018-06-10 00:12:29 - [TEST_STEP][PASSED] - Statement - If (java.lang.String.valueOf(StockQty) >= java.lang.String.valueOf(RequestedQty)): null

2018-06-10 00:12:29 - [TEST_STEP][PASSED] - setText: Text '10' is set on object 'Object Repository/DispensaryToStore/Page_Store/input_txtqty'

2018-06-10 00:12:29 - [MESSAGE][PASSED] - Text '10' is set on object 'Object Repository/DispensaryToStore/Page_Store/input_txtqty'

2018-06-10 00:12:29 - [TEST_STEP][PASSED] - click: Object: 'Object Repository/DispensaryToStore/Page_Store/button_Add' is clicked on

2018-06-10 00:12:29 - [MESSAGE][PASSED] - Object: 'Object Repository/DispensaryToStore/Page_Store/button_Add' is clicked on

2018-06-10 00:12:29 - [TEST_STEP][PASSED] - Statement - Break: null

2018-06-10 00:12:29 - [TEST_STEP][PASSED] - selectOptionByIndex: All options with index in [50] are selected on object 'Object Repository/DispensaryToStore/Page_Store/select_--Select--Adernaline 0.'

2018-06-10 00:12:30 - [MESSAGE][PASSED] - All options with index in [50] are selected on object 'Object Repository/DispensaryToStore/Page_Store/select_--Select--Adernaline 0.'

2018-06-10 00:12:30 - [TEST_STEP][PASSED] - delay: Delayed 2 second(s)

2018-06-10 00:12:32 - [MESSAGE][PASSED] - Delayed 2 second(s)

2018-06-10 00:12:32 - [TEST_STEP][PASSED] - Statement - RequestedQty = com.kms.katalon.core.webui.keyword.WebUiBuiltInKeywords.getAttribute(com.kms.katalon.core.testobject.ObjectRepository.findTestObject(DispensaryToStore/Page_Store/input_txttotal), "value"): Attribute 'value' of object 'Object Repository/DispensaryToStore/Page_Store/input_txttotal' is: '10'

2018-06-10 00:12:32 - [MESSAGE][PASSED] - Attribute 'value' of object 'Object Repository/DispensaryToStore/Page_Store/input_txttotal' is: '10'

2018-06-10 00:12:32 - [TEST_STEP][PASSED] - Statement - out.println("Requested QTY : " + RequestedQty): null

2018-06-10 00:12:32 - [TEST_STEP][PASSED] - Statement - BatchNumber = com.kms.katalon.core.webui.keyword.WebUiBuiltInKeywords.getNumberOfTotalOption(com.kms.katalon.core.testobject.ObjectRepository.findTestObject(DispensaryToStore/Page_Store/select_--Select--BA1170BA2376B)): 3 options of object 'Object Repository/DispensaryToStore/Page_Store/select_--Select--BA1170BA2376B' counted

2018-06-10 00:12:32 - [MESSAGE][PASSED] - 3 options of object 'Object Repository/DispensaryToStore/Page_Store/select_--Select--BA1170BA2376B' counted

2018-06-10 00:12:32 - [TEST_STEP][PASSED] - Statement - For ([g = 1, g <= BatchNumber - 1, (g++)]): null

2018-06-10 00:12:32 - [TEST_STEP][PASSED] - selectOptionByIndex: All options with index in [1] are selected on object 'Object Repository/DispensaryToStore/Page_Store/select_--Select--BA1170BA2376B'

2018-06-10 00:12:32 - [MESSAGE][PASSED] - All options with index in [1] are selected on object 'Object Repository/DispensaryToStore/Page_Store/select_--Select--BA1170BA2376B'

2018-06-10 00:12:32 - [TEST_STEP][PASSED] - Statement - Try: null

2018-06-10 00:12:32 - [TEST_STEP][PASSED] - Statement - StockQty = com.kms.katalon.core.webui.keyword.WebUiBuiltInKeywords.getAttribute(com.kms.katalon.core.testobject.ObjectRepository.findTestObject(DispensaryToStore/Page_Store/input_txtprice), "value"): Attribute 'value' of object 'Object Repository/DispensaryToStore/Page_Store/input_txtprice' is: '910'

2018-06-10 00:12:32 - [MESSAGE][PASSED] - Attribute 'value' of object 'Object Repository/DispensaryToStore/Page_Store/input_txtprice' is: '910'

2018-06-10 00:12:32 - [TEST_STEP][PASSED] - Statement - out.println("Stock QTY : " + StockQty): null

2018-06-10 00:12:32 - [TEST_STEP][PASSED] - delay: Delayed 2 second(s)

2018-06-10 00:12:34 - [MESSAGE][PASSED] - Delayed 2 second(s)

2018-06-10 00:12:34 - [TEST_STEP][PASSED] - Statement - If (java.lang.String.valueOf(StockQty) >= java.lang.String.valueOf(RequestedQty)): null

2018-06-10 00:12:34 - [TEST_STEP][PASSED] - setText: Text '10' is set on object 'Object Repository/DispensaryToStore/Page_Store/input_txtqty'

2018-06-10 00:12:34 - [MESSAGE][PASSED] - Text '10' is set on object 'Object Repository/DispensaryToStore/Page_Store/input_txtqty'

2018-06-10 00:12:34 - [TEST_STEP][PASSED] - click: Object: 'Object Repository/DispensaryToStore/Page_Store/button_Add' is clicked on

2018-06-10 00:12:34 - [MESSAGE][PASSED] - Object: 'Object Repository/DispensaryToStore/Page_Store/button_Add' is clicked on

2018-06-10 00:12:34 - [TEST_STEP][PASSED] - Statement - Break: null

2018-06-10 00:12:34 - [TEST_STEP][PASSED] - selectOptionByIndex: All options with index in [51] are selected on object 'Object Repository/DispensaryToStore/Page_Store/select_--Select--Adernaline 0.'

2018-06-10 00:12:35 - [MESSAGE][PASSED] - All options with index in [51] are selected on object 'Object Repository/DispensaryToStore/Page_Store/select_--Select--Adernaline 0.'

2018-06-10 00:12:35 - [TEST_STEP][PASSED] - delay: Delayed 2 second(s)

2018-06-10 00:12:37 - [MESSAGE][PASSED] - Delayed 2 second(s)

2018-06-10 00:12:37 - [TEST_STEP][PASSED] - Statement - RequestedQty = com.kms.katalon.core.webui.keyword.WebUiBuiltInKeywords.getAttribute(com.kms.katalon.core.testobject.ObjectRepository.findTestObject(DispensaryToStore/Page_Store/input_txttotal), "value"): Attribute 'value' of object 'Object Repository/DispensaryToStore/Page_Store/input_txttotal' is: '10'

2018-06-10 00:12:37 - [MESSAGE][PASSED] - Attribute 'value' of object 'Object Repository/DispensaryToStore/Page_Store/input_txttotal' is: '10'

2018-06-10 00:12:37 - [TEST_STEP][PASSED] - Statement - out.println("Requested QTY : " + RequestedQty): null

2018-06-10 00:12:37 - [TEST_STEP][PASSED] - Statement - BatchNumber = com.kms.katalon.core.webui.keyword.WebUiBuiltInKeywords.getNumberOfTotalOption(com.kms.katalon.core.testobject.ObjectRepository.findTestObject(DispensaryToStore/Page_Store/select_--Select--BA1170BA2376B)): 3 options of object 'Object Repository/DispensaryToStore/Page_Store/select_--Select--BA1170BA2376B' counted

2018-06-10 00:12:37 - [MESSAGE][PASSED] - 3 options of object 'Object Repository/DispensaryToStore/Page_Store/select_--Select--BA1170BA2376B' counted

2018-06-10 00:12:37 - [TEST_STEP][PASSED] - Statement - For ([g = 1, g <= BatchNumber - 1, (g++)]): null

2018-06-10 00:12:37 - [TEST_STEP][PASSED] - selectOptionByIndex: All options with index in [1] are selected on object 'Object Repository/DispensaryToStore/Page_Store/select_--Select--BA1170BA2376B'

2018-06-10 00:12:37 - [MESSAGE][PASSED] - All options with index in [1] are selected on object 'Object Repository/DispensaryToStore/Page_Store/select_--Select--BA1170BA2376B'

2018-06-10 00:12:37 - [TEST_STEP][PASSED] - Statement - Try: null

2018-06-10 00:12:37 - [TEST_STEP][PASSED] - Statement - StockQty = com.kms.katalon.core.webui.keyword.WebUiBuiltInKeywords.getAttribute(com.kms.katalon.core.testobject.ObjectRepository.findTestObject(DispensaryToStore/Page_Store/input_txtprice), "value"): Attribute 'value' of object 'Object Repository/DispensaryToStore/Page_Store/input_txtprice' is: '920'

2018-06-10 00:12:37 - [MESSAGE][PASSED] - Attribute 'value' of object 'Object Repository/DispensaryToStore/Page_Store/input_txtprice' is: '920'

2018-06-10 00:12:37 - [TEST_STEP][PASSED] - Statement - out.println("Stock QTY : " + StockQty): null

2018-06-10 00:12:37 - [TEST_STEP][PASSED] - delay: Delayed 2 second(s)

2018-06-10 00:12:39 - [MESSAGE][PASSED] - Delayed 2 second(s)

2018-06-10 00:12:39 - [TEST_STEP][PASSED] - Statement - If (java.lang.String.valueOf(StockQty) >= java.lang.String.valueOf(RequestedQty)): null

2018-06-10 00:12:39 - [TEST_STEP][PASSED] - setText: Text '10' is set on object 'Object Repository/DispensaryToStore/Page_Store/input_txtqty'

2018-06-10 00:12:39 - [MESSAGE][PASSED] - Text '10' is set on object 'Object Repository/DispensaryToStore/Page_Store/input_txtqty'

2018-06-10 00:12:39 - [TEST_STEP][PASSED] - click: Object: 'Object Repository/DispensaryToStore/Page_Store/button_Add' is clicked on

2018-06-10 00:12:39 - [MESSAGE][PASSED] - Object: 'Object Repository/DispensaryToStore/Page_Store/button_Add' is clicked on

2018-06-10 00:12:39 - [TEST_STEP][PASSED] - Statement - Break: null

2018-06-10 00:12:39 - [TEST_STEP][PASSED] - selectOptionByIndex: All options with index in [52] are selected on object 'Object Repository/DispensaryToStore/Page_Store/select_--Select--Adernaline 0.'

2018-06-10 00:12:40 - [MESSAGE][PASSED] - All options with index in [52] are selected on object 'Object Repository/DispensaryToStore/Page_Store/select_--Select--Adernaline 0.'

2018-06-10 00:12:40 - [TEST_STEP][PASSED] - delay: Delayed 2 second(s)

2018-06-10 00:12:42 - [MESSAGE][PASSED] - Delayed 2 second(s)

2018-06-10 00:12:42 - [TEST_STEP][PASSED] - Statement - RequestedQty = com.kms.katalon.core.webui.keyword.WebUiBuiltInKeywords.getAttribute(com.kms.katalon.core.testobject.ObjectRepository.findTestObject(DispensaryToStore/Page_Store/input_txttotal), "value"): Attribute 'value' of object 'Object Repository/DispensaryToStore/Page_Store/input_txttotal' is: '10'

2018-06-10 00:12:42 - [MESSAGE][PASSED] - Attribute 'value' of object 'Object Repository/DispensaryToStore/Page_Store/input_txttotal' is: '10'

2018-06-10 00:12:42 - [TEST_STEP][PASSED] - Statement - out.println("Requested QTY : " + RequestedQty): null

2018-06-10 00:12:42 - [TEST_STEP][PASSED] - Statement - BatchNumber = com.kms.katalon.core.webui.keyword.WebUiBuiltInKeywords.getNumberOfTotalOption(com.kms.katalon.core.testobject.ObjectRepository.findTestObject(DispensaryToStore/Page_Store/select_--Select--BA1170BA2376B)): 3 options of object 'Object Repository/DispensaryToStore/Page_Store/select_--Select--BA1170BA2376B' counted

2018-06-10 00:12:42 - [MESSAGE][PASSED] - 3 options of object 'Object Repository/DispensaryToStore/Page_Store/select_--Select--BA1170BA2376B' counted

2018-06-10 00:12:42 - [TEST_STEP][PASSED] - Statement - For ([g = 1, g <= BatchNumber - 1, (g++)]): null

2018-06-10 00:12:42 - [TEST_STEP][PASSED] - selectOptionByIndex: All options with index in [1] are selected on object 'Object Repository/DispensaryToStore/Page_Store/select_--Select--BA1170BA2376B'

2018-06-10 00:12:42 - [MESSAGE][PASSED] - All options with index in [1] are selected on object 'Object Repository/DispensaryToStore/Page_Store/select_--Select--BA1170BA2376B'

2018-06-10 00:12:42 - [TEST_STEP][PASSED] - Statement - Try: null

2018-06-10 00:12:42 - [TEST_STEP][PASSED] - Statement - StockQty = com.kms.katalon.core.webui.keyword.WebUiBuiltInKeywords.getAttribute(com.kms.katalon.core.testobject.ObjectRepository.findTestObject(DispensaryToStore/Page_Store/input_txtprice), "value"): Attribute 'value' of object 'Object Repository/DispensaryToStore/Page_Store/input_txtprice' is: '910'

2018-06-10 00:12:42 - [MESSAGE][PASSED] - Attribute 'value' of object 'Object Repository/DispensaryToStore/Page_Store/input_txtprice' is: '910'

2018-06-10 00:12:42 - [TEST_STEP][PASSED] - Statement - out.println("Stock QTY : " + StockQty): null

2018-06-10 00:12:42 - [TEST_STEP][PASSED] - delay: Delayed 2 second(s)

2018-06-10 00:12:44 - [MESSAGE][PASSED] - Delayed 2 second(s)

2018-06-10 00:12:44 - [TEST_STEP][PASSED] - Statement - If (java.lang.String.valueOf(StockQty) >= java.lang.String.valueOf(RequestedQty)): null

2018-06-10 00:12:44 - [TEST_STEP][PASSED] - setText: Text '10' is set on object 'Object Repository/DispensaryToStore/Page_Store/input_txtqty'

2018-06-10 00:12:44 - [MESSAGE][PASSED] - Text '10' is set on object 'Object Repository/DispensaryToStore/Page_Store/input_txtqty'

2018-06-10 00:12:44 - [TEST_STEP][PASSED] - click: Object: 'Object Repository/DispensaryToStore/Page_Store/button_Add' is clicked on

2018-06-10 00:12:44 - [MESSAGE][PASSED] - Object: 'Object Repository/DispensaryToStore/Page_Store/button_Add' is clicked on

2018-06-10 00:12:44 - [TEST_STEP][PASSED] - Statement - Break: null

2018-06-10 00:12:44 - [TEST_STEP][PASSED] - selectOptionByIndex: All options with index in [53] are selected on object 'Object Repository/DispensaryToStore/Page_Store/select_--Select--Adernaline 0.'

2018-06-10 00:12:45 - [MESSAGE][PASSED] - All options with index in [53] are selected on object 'Object Repository/DispensaryToStore/Page_Store/select_--Select--Adernaline 0.'

2018-06-10 00:12:45 - [TEST_STEP][PASSED] - delay: Delayed 2 second(s)

2018-06-10 00:12:47 - [MESSAGE][PASSED] - Delayed 2 second(s)

2018-06-10 00:12:47 - [TEST_STEP][PASSED] - Statement - RequestedQty = com.kms.katalon.core.webui.keyword.WebUiBuiltInKeywords.getAttribute(com.kms.katalon.core.testobject.ObjectRepository.findTestObject(DispensaryToStore/Page_Store/input_txttotal), "value"): Attribute 'value' of object 'Object Repository/DispensaryToStore/Page_Store/input_txttotal' is: '10'

2018-06-10 00:12:47 - [MESSAGE][PASSED] - Attribute 'value' of object 'Object Repository/DispensaryToStore/Page_Store/input_txttotal' is: '10'

2018-06-10 00:12:47 - [TEST_STEP][PASSED] - Statement - out.println("Requested QTY : " + RequestedQty): null

2018-06-10 00:12:47 - [TEST_STEP][PASSED] - Statement - BatchNumber = com.kms.katalon.core.webui.keyword.WebUiBuiltInKeywords.getNumberOfTotalOption(com.kms.katalon.core.testobject.ObjectRepository.findTestObject(DispensaryToStore/Page_Store/select_--Select--BA1170BA2376B)): 3 options of object 'Object Repository/DispensaryToStore/Page_Store/select_--Select--BA1170BA2376B' counted

2018-06-10 00:12:47 - [MESSAGE][PASSED] - 3 options of object 'Object Repository/DispensaryToStore/Page_Store/select_--Select--BA1170BA2376B' counted

2018-06-10 00:12:47 - [TEST_STEP][PASSED] - Statement - For ([g = 1, g <= BatchNumber - 1, (g++)]): null

2018-06-10 00:12:47 - [TEST_STEP][PASSED] - selectOptionByIndex: All options with index in [1] are selected on object 'Object Repository/DispensaryToStore/Page_Store/select_--Select--BA1170BA2376B'

2018-06-10 00:12:47 - [MESSAGE][PASSED] - All options with index in [1] are selected on object 'Object Repository/DispensaryToStore/Page_Store/select_--Select--BA1170BA2376B'

2018-06-10 00:12:47 - [TEST_STEP][PASSED] - Statement - Try: null

2018-06-10 00:12:47 - [TEST_STEP][PASSED] - Statement - StockQty = com.kms.katalon.core.webui.keyword.WebUiBuiltInKeywords.getAttribute(com.kms.katalon.core.testobject.ObjectRepository.findTestObject(DispensaryToStore/Page_Store/input_txtprice), "value"): Attribute 'value' of object 'Object Repository/DispensaryToStore/Page_Store/input_txtprice' is: '540'

2018-06-10 00:12:47 - [MESSAGE][PASSED] - Attribute 'value' of object 'Object Repository/DispensaryToStore/Page_Store/input_txtprice' is: '540'

2018-06-10 00:12:47 - [TEST_STEP][PASSED] - Statement - out.println("Stock QTY : " + StockQty): null

2018-06-10 00:12:47 - [TEST_STEP][PASSED] - delay: Delayed 2 second(s)

2018-06-10 00:12:49 - [MESSAGE][PASSED] - Delayed 2 second(s)

2018-06-10 00:12:49 - [TEST_STEP][PASSED] - Statement - If (java.lang.String.valueOf(StockQty) >= java.lang.String.valueOf(RequestedQty)): null

2018-06-10 00:12:49 - [TEST_STEP][PASSED] - setText: Text '10' is set on object 'Object Repository/DispensaryToStore/Page_Store/input_txtqty'

2018-06-10 00:12:49 - [MESSAGE][PASSED] - Text '10' is set on object 'Object Repository/DispensaryToStore/Page_Store/input_txtqty'

2018-06-10 00:12:49 - [TEST_STEP][PASSED] - click: Object: 'Object Repository/DispensaryToStore/Page_Store/button_Add' is clicked on

2018-06-10 00:12:49 - [MESSAGE][PASSED] - Object: 'Object Repository/DispensaryToStore/Page_Store/button_Add' is clicked on

2018-06-10 00:12:49 - [TEST_STEP][PASSED] - Statement - Break: null

2018-06-10 00:12:49 - [TEST_STEP][PASSED] - selectOptionByIndex: All options with index in [54] are selected on object 'Object Repository/DispensaryToStore/Page_Store/select_--Select--Adernaline 0.'

2018-06-10 00:12:50 - [MESSAGE][PASSED] - All options with index in [54] are selected on object 'Object Repository/DispensaryToStore/Page_Store/select_--Select--Adernaline 0.'

2018-06-10 00:12:50 - [TEST_STEP][PASSED] - delay: Delayed 2 second(s)

2018-06-10 00:12:52 - [MESSAGE][PASSED] - Delayed 2 second(s)

2018-06-10 00:12:52 - [TEST_STEP][PASSED] - Statement - RequestedQty = com.kms.katalon.core.webui.keyword.WebUiBuiltInKeywords.getAttribute(com.kms.katalon.core.testobject.ObjectRepository.findTestObject(DispensaryToStore/Page_Store/input_txttotal), "value"): Attribute 'value' of object 'Object Repository/DispensaryToStore/Page_Store/input_txttotal' is: '10'

2018-06-10 00:12:52 - [MESSAGE][PASSED] - Attribute 'value' of object 'Object Repository/DispensaryToStore/Page_Store/input_txttotal' is: '10'

2018-06-10 00:12:52 - [TEST_STEP][PASSED] - Statement - out.println("Requested QTY : " + RequestedQty): null

2018-06-10 00:12:52 - [TEST_STEP][PASSED] - Statement - BatchNumber = com.kms.katalon.core.webui.keyword.WebUiBuiltInKeywords.getNumberOfTotalOption(com.kms.katalon.core.testobject.ObjectRepository.findTestObject(DispensaryToStore/Page_Store/select_--Select--BA1170BA2376B)): 3 options of object 'Object Repository/DispensaryToStore/Page_Store/select_--Select--BA1170BA2376B' counted

2018-06-10 00:12:52 - [MESSAGE][PASSED] - 3 options of object 'Object Repository/DispensaryToStore/Page_Store/select_--Select--BA1170BA2376B' counted

2018-06-10 00:12:52 - [TEST_STEP][PASSED] - Statement - For ([g = 1, g <= BatchNumber - 1, (g++)]): null

2018-06-10 00:12:52 - [TEST_STEP][PASSED] - selectOptionByIndex: All options with index in [1] are selected on object 'Object Repository/DispensaryToStore/Page_Store/select_--Select--BA1170BA2376B'

2018-06-10 00:12:52 - [MESSAGE][PASSED] - All options with index in [1] are selected on object 'Object Repository/DispensaryToStore/Page_Store/select_--Select--BA1170BA2376B'

2018-06-10 00:12:52 - [TEST_STEP][PASSED] - Statement - Try: null

2018-06-10 00:12:52 - [TEST_STEP][PASSED] - Statement - StockQty = com.kms.katalon.core.webui.keyword.WebUiBuiltInKeywords.getAttribute(com.kms.katalon.core.testobject.ObjectRepository.findTestObject(DispensaryToStore/Page_Store/input_txtprice), "value"): Attribute 'value' of object 'Object Repository/DispensaryToStore/Page_Store/input_txtprice' is: '540'

2018-06-10 00:12:52 - [MESSAGE][PASSED] - Attribute 'value' of object 'Object Repository/DispensaryToStore/Page_Store/input_txtprice' is: '540'

2018-06-10 00:12:52 - [TEST_STEP][PASSED] - Statement - out.println("Stock QTY : " + StockQty): null

2018-06-10 00:12:52 - [TEST_STEP][PASSED] - delay: Delayed 2 second(s)

2018-06-10 00:12:54 - [MESSAGE][PASSED] - Delayed 2 second(s)

2018-06-10 00:12:54 - [TEST_STEP][PASSED] - Statement - If (java.lang.String.valueOf(StockQty) >= java.lang.String.valueOf(RequestedQty)): null

2018-06-10 00:12:54 - [TEST_STEP][PASSED] - setText: Text '10' is set on object 'Object Repository/DispensaryToStore/Page_Store/input_txtqty'

2018-06-10 00:12:54 - [MESSAGE][PASSED] - Text '10' is set on object 'Object Repository/DispensaryToStore/Page_Store/input_txtqty'

2018-06-10 00:12:54 - [TEST_STEP][PASSED] - click: Object: 'Object Repository/DispensaryToStore/Page_Store/button_Add' is clicked on

2018-06-10 00:12:54 - [MESSAGE][PASSED] - Object: 'Object Repository/DispensaryToStore/Page_Store/button_Add' is clicked on

2018-06-10 00:12:54 - [TEST_STEP][PASSED] - Statement - Break: null

2018-06-10 00:12:54 - [TEST_STEP][PASSED] - selectOptionByIndex: All options with index in [55] are selected on object 'Object Repository/DispensaryToStore/Page_Store/select_--Select--Adernaline 0.'

2018-06-10 00:12:55 - [MESSAGE][PASSED] - All options with index in [55] are selected on object 'Object Repository/DispensaryToStore/Page_Store/select_--Select--Adernaline 0.'

2018-06-10 00:12:55 - [TEST_STEP][PASSED] - delay: Delayed 2 second(s)

2018-06-10 00:12:57 - [MESSAGE][PASSED] - Delayed 2 second(s)

2018-06-10 00:12:57 - [TEST_STEP][PASSED] - Statement - RequestedQty = com.kms.katalon.core.webui.keyword.WebUiBuiltInKeywords.getAttribute(com.kms.katalon.core.testobject.ObjectRepository.findTestObject(DispensaryToStore/Page_Store/input_txttotal), "value"): Attribute 'value' of object 'Object Repository/DispensaryToStore/Page_Store/input_txttotal' is: '10'

2018-06-10 00:12:57 - [MESSAGE][PASSED] - Attribute 'value' of object 'Object Repository/DispensaryToStore/Page_Store/input_txttotal' is: '10'

2018-06-10 00:12:57 - [TEST_STEP][PASSED] - Statement - out.println("Requested QTY : " + RequestedQty): null

2018-06-10 00:12:57 - [TEST_STEP][PASSED] - Statement - BatchNumber = com.kms.katalon.core.webui.keyword.WebUiBuiltInKeywords.getNumberOfTotalOption(com.kms.katalon.core.testobject.ObjectRepository.findTestObject(DispensaryToStore/Page_Store/select_--Select--BA1170BA2376B)): 4 options of object 'Object Repository/DispensaryToStore/Page_Store/select_--Select--BA1170BA2376B' counted

2018-06-10 00:12:57 - [MESSAGE][PASSED] - 4 options of object 'Object Repository/DispensaryToStore/Page_Store/select_--Select--BA1170BA2376B' counted

2018-06-10 00:12:57 - [TEST_STEP][PASSED] - Statement - For ([g = 1, g <= BatchNumber - 1, (g++)]): null

2018-06-10 00:12:57 - [TEST_STEP][PASSED] - selectOptionByIndex: All options with index in [1] are selected on object 'Object Repository/DispensaryToStore/Page_Store/select_--Select--BA1170BA2376B'

2018-06-10 00:12:57 - [MESSAGE][PASSED] - All options with index in [1] are selected on object 'Object Repository/DispensaryToStore/Page_Store/select_--Select--BA1170BA2376B'

2018-06-10 00:12:57 - [TEST_STEP][PASSED] - Statement - Try: null

2018-06-10 00:12:57 - [TEST_STEP][PASSED] - Statement - StockQty = com.kms.katalon.core.webui.keyword.WebUiBuiltInKeywords.getAttribute(com.kms.katalon.core.testobject.ObjectRepository.findTestObject(DispensaryToStore/Page_Store/input_txtprice), "value"): Attribute 'value' of object 'Object Repository/DispensaryToStore/Page_Store/input_txtprice' is: '540'

2018-06-10 00:12:57 - [MESSAGE][PASSED] - Attribute 'value' of object 'Object Repository/DispensaryToStore/Page_Store/input_txtprice' is: '540'

2018-06-10 00:12:57 - [TEST_STEP][PASSED] - Statement - out.println("Stock QTY : " + StockQty): null

2018-06-10 00:12:57 - [TEST_STEP][PASSED] - delay: Delayed 2 second(s)

2018-06-10 00:12:59 - [MESSAGE][PASSED] - Delayed 2 second(s)

2018-06-10 00:12:59 - [TEST_STEP][PASSED] - Statement - If (java.lang.String.valueOf(StockQty) >= java.lang.String.valueOf(RequestedQty)): null

2018-06-10 00:12:59 - [TEST_STEP][PASSED] - setText: Text '10' is set on object 'Object Repository/DispensaryToStore/Page_Store/input_txtqty'

2018-06-10 00:12:59 - [MESSAGE][PASSED] - Text '10' is set on object 'Object Repository/DispensaryToStore/Page_Store/input_txtqty'

2018-06-10 00:12:59 - [TEST_STEP][PASSED] - click: Object: 'Object Repository/DispensaryToStore/Page_Store/button_Add' is clicked on

2018-06-10 00:12:59 - [MESSAGE][PASSED] - Object: 'Object Repository/DispensaryToStore/Page_Store/button_Add' is clicked on

2018-06-10 00:12:59 - [TEST_STEP][PASSED] - Statement - Break: null

2018-06-10 00:12:59 - [TEST_STEP][PASSED] - selectOptionByIndex: All options with index in [56] are selected on object 'Object Repository/DispensaryToStore/Page_Store/select_--Select--Adernaline 0.'

2018-06-10 00:13:00 - [MESSAGE][PASSED] - All options with index in [56] are selected on object 'Object Repository/DispensaryToStore/Page_Store/select_--Select--Adernaline 0.'

2018-06-10 00:13:00 - [TEST_STEP][PASSED] - delay: Delayed 2 second(s)

2018-06-10 00:13:02 - [MESSAGE][PASSED] - Delayed 2 second(s)

2018-06-10 00:13:02 - [TEST_STEP][PASSED] - Statement - RequestedQty = com.kms.katalon.core.webui.keyword.WebUiBuiltInKeywords.getAttribute(com.kms.katalon.core.testobject.ObjectRepository.findTestObject(DispensaryToStore/Page_Store/input_txttotal), "value"): Attribute 'value' of object 'Object Repository/DispensaryToStore/Page_Store/input_txttotal' is: '10'

2018-06-10 00:13:02 - [MESSAGE][PASSED] - Attribute 'value' of object 'Object Repository/DispensaryToStore/Page_Store/input_txttotal' is: '10'

2018-06-10 00:13:02 - [TEST_STEP][PASSED] - Statement - out.println("Requested QTY : " + RequestedQty): null

2018-06-10 00:13:02 - [TEST_STEP][PASSED] - Statement - BatchNumber = com.kms.katalon.core.webui.keyword.WebUiBuiltInKeywords.getNumberOfTotalOption(com.kms.katalon.core.testobject.ObjectRepository.findTestObject(DispensaryToStore/Page_Store/select_--Select--BA1170BA2376B)): 3 options of object 'Object Repository/DispensaryToStore/Page_Store/select_--Select--BA1170BA2376B' counted

2018-06-10 00:13:02 - [MESSAGE][PASSED] - 3 options of object 'Object Repository/DispensaryToStore/Page_Store/select_--Select--BA1170BA2376B' counted

2018-06-10 00:13:02 - [TEST_STEP][PASSED] - Statement - For ([g = 1, g <= BatchNumber - 1, (g++)]): null

2018-06-10 00:13:02 - [TEST_STEP][PASSED] - selectOptionByIndex: All options with index in [1] are selected on object 'Object Repository/DispensaryToStore/Page_Store/select_--Select--BA1170BA2376B'

2018-06-10 00:13:02 - [MESSAGE][PASSED] - All options with index in [1] are selected on object 'Object Repository/DispensaryToStore/Page_Store/select_--Select--BA1170BA2376B'

2018-06-10 00:13:02 - [TEST_STEP][PASSED] - Statement - Try: null

2018-06-10 00:13:02 - [TEST_STEP][PASSED] - Statement - StockQty = com.kms.katalon.core.webui.keyword.WebUiBuiltInKeywords.getAttribute(com.kms.katalon.core.testobject.ObjectRepository.findTestObject(DispensaryToStore/Page_Store/input_txtprice), "value"): Attribute 'value' of object 'Object Repository/DispensaryToStore/Page_Store/input_txtprice' is: '910'

2018-06-10 00:13:02 - [MESSAGE][PASSED] - Attribute 'value' of object 'Object Repository/DispensaryToStore/Page_Store/input_txtprice' is: '910'

2018-06-10 00:13:02 - [TEST_STEP][PASSED] - Statement - out.println("Stock QTY : " + StockQty): null

2018-06-10 00:13:02 - [TEST_STEP][PASSED] - delay: Delayed 2 second(s)

2018-06-10 00:13:04 - [MESSAGE][PASSED] - Delayed 2 second(s)

2018-06-10 00:13:04 - [TEST_STEP][PASSED] - Statement - If (java.lang.String.valueOf(StockQty) >= java.lang.String.valueOf(RequestedQty)): null

2018-06-10 00:13:04 - [TEST_STEP][PASSED] - setText: Text '10' is set on object 'Object Repository/DispensaryToStore/Page_Store/input_txtqty'

2018-06-10 00:13:04 - [MESSAGE][PASSED] - Text '10' is set on object 'Object Repository/DispensaryToStore/Page_Store/input_txtqty'

2018-06-10 00:13:04 - [TEST_STEP][PASSED] - click: Object: 'Object Repository/DispensaryToStore/Page_Store/button_Add' is clicked on

2018-06-10 00:13:04 - [MESSAGE][PASSED] - Object: 'Object Repository/DispensaryToStore/Page_Store/button_Add' is clicked on

2018-06-10 00:13:04 - [TEST_STEP][PASSED] - Statement - Break: null

2018-06-10 00:13:04 - [TEST_STEP][PASSED] - selectOptionByIndex: All options with index in [57] are selected on object 'Object Repository/DispensaryToStore/Page_Store/select_--Select--Adernaline 0.'

2018-06-10 00:13:05 - [MESSAGE][PASSED] - All options with index in [57] are selected on object 'Object Repository/DispensaryToStore/Page_Store/select_--Select--Adernaline 0.'

2018-06-10 00:13:05 - [TEST_STEP][PASSED] - delay: Delayed 2 second(s)

2018-06-10 00:13:07 - [MESSAGE][PASSED] - Delayed 2 second(s)

2018-06-10 00:13:07 - [TEST_STEP][PASSED] - Statement - RequestedQty = com.kms.katalon.core.webui.keyword.WebUiBuiltInKeywords.getAttribute(com.kms.katalon.core.testobject.ObjectRepository.findTestObject(DispensaryToStore/Page_Store/input_txttotal), "value"): Attribute 'value' of object 'Object Repository/DispensaryToStore/Page_Store/input_txttotal' is: '10'

2018-06-10 00:13:07 - [MESSAGE][PASSED] - Attribute 'value' of object 'Object Repository/DispensaryToStore/Page_Store/input_txttotal' is: '10'

2018-06-10 00:13:07 - [TEST_STEP][PASSED] - Statement - out.println("Requested QTY : " + RequestedQty): null

2018-06-10 00:13:07 - [TEST_STEP][PASSED] - Statement - BatchNumber = com.kms.katalon.core.webui.keyword.WebUiBuiltInKeywords.getNumberOfTotalOption(com.kms.katalon.core.testobject.ObjectRepository.findTestObject(DispensaryToStore/Page_Store/select_--Select--BA1170BA2376B)): 3 options of object 'Object Repository/DispensaryToStore/Page_Store/select_--Select--BA1170BA2376B' counted

2018-06-10 00:13:07 - [MESSAGE][PASSED] - 3 options of object 'Object Repository/DispensaryToStore/Page_Store/select_--Select--BA1170BA2376B' counted

2018-06-10 00:13:07 - [TEST_STEP][PASSED] - Statement - For ([g = 1, g <= BatchNumber - 1, (g++)]): null

2018-06-10 00:13:07 - [TEST_STEP][PASSED] - selectOptionByIndex: All options with index in [1] are selected on object 'Object Repository/DispensaryToStore/Page_Store/select_--Select--BA1170BA2376B'

2018-06-10 00:13:07 - [MESSAGE][PASSED] - All options with index in [1] are selected on object 'Object Repository/DispensaryToStore/Page_Store/select_--Select--BA1170BA2376B'

2018-06-10 00:13:07 - [TEST_STEP][PASSED] - Statement - Try: null

2018-06-10 00:13:07 - [TEST_STEP][PASSED] - Statement - StockQty = com.kms.katalon.core.webui.keyword.WebUiBuiltInKeywords.getAttribute(com.kms.katalon.core.testobject.ObjectRepository.findTestObject(DispensaryToStore/Page_Store/input_txtprice), "value"): Attribute 'value' of object 'Object Repository/DispensaryToStore/Page_Store/input_txtprice' is: '1870'

2018-06-10 00:13:07 - [MESSAGE][PASSED] - Attribute 'value' of object 'Object Repository/DispensaryToStore/Page_Store/input_txtprice' is: '1870'

2018-06-10 00:13:07 - [TEST_STEP][PASSED] - Statement - out.println("Stock QTY : " + StockQty): null

2018-06-10 00:13:07 - [TEST_STEP][PASSED] - delay: Delayed 2 second(s)

2018-06-10 00:13:09 - [MESSAGE][PASSED] - Delayed 2 second(s)

2018-06-10 00:13:09 - [TEST_STEP][PASSED] - Statement - If (java.lang.String.valueOf(StockQty) >= java.lang.String.valueOf(RequestedQty)): null

2018-06-10 00:13:09 - [TEST_STEP][PASSED] - setText: Text '10' is set on object 'Object Repository/DispensaryToStore/Page_Store/input_txtqty'

2018-06-10 00:13:09 - [MESSAGE][PASSED] - Text '10' is set on object 'Object Repository/DispensaryToStore/Page_Store/input_txtqty'

2018-06-10 00:13:09 - [TEST_STEP][PASSED] - click: Object: 'Object Repository/DispensaryToStore/Page_Store/button_Add' is clicked on

2018-06-10 00:13:10 - [MESSAGE][PASSED] - Object: 'Object Repository/DispensaryToStore/Page_Store/button_Add' is clicked on

2018-06-10 00:13:10 - [TEST_STEP][PASSED] - Statement - Break: null

2018-06-10 00:13:10 - [TEST_STEP][PASSED] - selectOptionByIndex: All options with index in [58] are selected on object 'Object Repository/DispensaryToStore/Page_Store/select_--Select--Adernaline 0.'

2018-06-10 00:13:10 - [MESSAGE][PASSED] - All options with index in [58] are selected on object 'Object Repository/DispensaryToStore/Page_Store/select_--Select--Adernaline 0.'

2018-06-10 00:13:10 - [TEST_STEP][PASSED] - delay: Delayed 2 second(s)

2018-06-10 00:13:12 - [MESSAGE][PASSED] - Delayed 2 second(s)

2018-06-10 00:13:12 - [TEST_STEP][PASSED] - Statement - RequestedQty = com.kms.katalon.core.webui.keyword.WebUiBuiltInKeywords.getAttribute(com.kms.katalon.core.testobject.ObjectRepository.findTestObject(DispensaryToStore/Page_Store/input_txttotal), "value"): Attribute 'value' of object 'Object Repository/DispensaryToStore/Page_Store/input_txttotal' is: '10'

2018-06-10 00:13:12 - [MESSAGE][PASSED] - Attribute 'value' of object 'Object Repository/DispensaryToStore/Page_Store/input_txttotal' is: '10'

2018-06-10 00:13:12 - [TEST_STEP][PASSED] - Statement - out.println("Requested QTY : " + RequestedQty): null

2018-06-10 00:13:12 - [TEST_STEP][PASSED] - Statement - BatchNumber = com.kms.katalon.core.webui.keyword.WebUiBuiltInKeywords.getNumberOfTotalOption(com.kms.katalon.core.testobject.ObjectRepository.findTestObject(DispensaryToStore/Page_Store/select_--Select--BA1170BA2376B)): 3 options of object 'Object Repository/DispensaryToStore/Page_Store/select_--Select--BA1170BA2376B' counted

2018-06-10 00:13:12 - [MESSAGE][PASSED] - 3 options of object 'Object Repository/DispensaryToStore/Page_Store/select_--Select--BA1170BA2376B' counted

2018-06-10 00:13:12 - [TEST_STEP][PASSED] - Statement - For ([g = 1, g <= BatchNumber - 1, (g++)]): null

2018-06-10 00:13:12 - [TEST_STEP][PASSED] - selectOptionByIndex: All options with index in [1] are selected on object 'Object Repository/DispensaryToStore/Page_Store/select_--Select--BA1170BA2376B'

2018-06-10 00:13:12 - [MESSAGE][PASSED] - All options with index in [1] are selected on object 'Object Repository/DispensaryToStore/Page_Store/select_--Select--BA1170BA2376B'

2018-06-10 00:13:12 - [TEST_STEP][PASSED] - Statement - Try: null

2018-06-10 00:13:12 - [TEST_STEP][PASSED] - Statement - StockQty = com.kms.katalon.core.webui.keyword.WebUiBuiltInKeywords.getAttribute(com.kms.katalon.core.testobject.ObjectRepository.findTestObject(DispensaryToStore/Page_Store/input_txtprice), "value"): Attribute 'value' of object 'Object Repository/DispensaryToStore/Page_Store/input_txtprice' is: '1870'

2018-06-10 00:13:12 - [MESSAGE][PASSED] - Attribute 'value' of object 'Object Repository/DispensaryToStore/Page_Store/input_txtprice' is: '1870'

2018-06-10 00:13:12 - [TEST_STEP][PASSED] - Statement - out.println("Stock QTY : " + StockQty): null

2018-06-10 00:13:12 - [TEST_STEP][PASSED] - delay: Delayed 2 second(s)

2018-06-10 00:13:14 - [MESSAGE][PASSED] - Delayed 2 second(s)

2018-06-10 00:13:14 - [TEST_STEP][PASSED] - Statement - If (java.lang.String.valueOf(StockQty) >= java.lang.String.valueOf(RequestedQty)): null

2018-06-10 00:13:14 - [TEST_STEP][PASSED] - setText: Text '10' is set on object 'Object Repository/DispensaryToStore/Page_Store/input_txtqty'

2018-06-10 00:13:15 - [MESSAGE][PASSED] - Text '10' is set on object 'Object Repository/DispensaryToStore/Page_Store/input_txtqty'

2018-06-10 00:13:15 - [TEST_STEP][PASSED] - click: Object: 'Object Repository/DispensaryToStore/Page_Store/button_Add' is clicked on

2018-06-10 00:13:15 - [MESSAGE][PASSED] - Object: 'Object Repository/DispensaryToStore/Page_Store/button_Add' is clicked on

2018-06-10 00:13:15 - [TEST_STEP][PASSED] - Statement - Break: null

2018-06-10 00:13:15 - [TEST_STEP][PASSED] - selectOptionByIndex: All options with index in [59] are selected on object 'Object Repository/DispensaryToStore/Page_Store/select_--Select--Adernaline 0.'

2018-06-10 00:13:15 - [MESSAGE][PASSED] - All options with index in [59] are selected on object 'Object Repository/DispensaryToStore/Page_Store/select_--Select--Adernaline 0.'

2018-06-10 00:13:15 - [TEST_STEP][PASSED] - delay: Delayed 2 second(s)

2018-06-10 00:13:17 - [MESSAGE][PASSED] - Delayed 2 second(s)

2018-06-10 00:13:17 - [TEST_STEP][PASSED] - Statement - RequestedQty = com.kms.katalon.core.webui.keyword.WebUiBuiltInKeywords.getAttribute(com.kms.katalon.core.testobject.ObjectRepository.findTestObject(DispensaryToStore/Page_Store/input_txttotal), "value"): Attribute 'value' of object 'Object Repository/DispensaryToStore/Page_Store/input_txttotal' is: '10'

2018-06-10 00:13:17 - [MESSAGE][PASSED] - Attribute 'value' of object 'Object Repository/DispensaryToStore/Page_Store/input_txttotal' is: '10'

2018-06-10 00:13:17 - [TEST_STEP][PASSED] - Statement - out.println("Requested QTY : " + RequestedQty): null

2018-06-10 00:13:17 - [TEST_STEP][PASSED] - Statement - BatchNumber = com.kms.katalon.core.webui.keyword.WebUiBuiltInKeywords.getNumberOfTotalOption(com.kms.katalon.core.testobject.ObjectRepository.findTestObject(DispensaryToStore/Page_Store/select_--Select--BA1170BA2376B)): 3 options of object 'Object Repository/DispensaryToStore/Page_Store/select_--Select--BA1170BA2376B' counted

2018-06-10 00:13:17 - [MESSAGE][PASSED] - 3 options of object 'Object Repository/DispensaryToStore/Page_Store/select_--Select--BA1170BA2376B' counted

2018-06-10 00:13:17 - [TEST_STEP][PASSED] - Statement - For ([g = 1, g <= BatchNumber - 1, (g++)]): null

2018-06-10 00:13:17 - [TEST_STEP][PASSED] - selectOptionByIndex: All options with index in [1] are selected on object 'Object Repository/DispensaryToStore/Page_Store/select_--Select--BA1170BA2376B'

2018-06-10 00:13:17 - [MESSAGE][PASSED] - All options with index in [1] are selected on object 'Object Repository/DispensaryToStore/Page_Store/select_--Select--BA1170BA2376B'

2018-06-10 00:13:17 - [TEST_STEP][PASSED] - Statement - Try: null

2018-06-10 00:13:17 - [TEST_STEP][PASSED] - Statement - StockQty = com.kms.katalon.core.webui.keyword.WebUiBuiltInKeywords.getAttribute(com.kms.katalon.core.testobject.ObjectRepository.findTestObject(DispensaryToStore/Page_Store/input_txtprice), "value"): Attribute 'value' of object 'Object Repository/DispensaryToStore/Page_Store/input_txtprice' is: '1870'

2018-06-10 00:13:18 - [MESSAGE][PASSED] - Attribute 'value' of object 'Object Repository/DispensaryToStore/Page_Store/input_txtprice' is: '1870'

2018-06-10 00:13:18 - [TEST_STEP][PASSED] - Statement - out.println("Stock QTY : " + StockQty): null

2018-06-10 00:13:18 - [TEST_STEP][PASSED] - delay: Delayed 2 second(s)

2018-06-10 00:13:20 - [MESSAGE][PASSED] - Delayed 2 second(s)

2018-06-10 00:13:20 - [TEST_STEP][PASSED] - Statement - If (java.lang.String.valueOf(StockQty) >= java.lang.String.valueOf(RequestedQty)): null

2018-06-10 00:13:20 - [TEST_STEP][PASSED] - setText: Text '10' is set on object 'Object Repository/DispensaryToStore/Page_Store/input_txtqty'

2018-06-10 00:13:20 - [MESSAGE][PASSED] - Text '10' is set on object 'Object Repository/DispensaryToStore/Page_Store/input_txtqty'

2018-06-10 00:13:20 - [TEST_STEP][PASSED] - click: Object: 'Object Repository/DispensaryToStore/Page_Store/button_Add' is clicked on

2018-06-10 00:13:20 - [MESSAGE][PASSED] - Object: 'Object Repository/DispensaryToStore/Page_Store/button_Add' is clicked on

2018-06-10 00:13:20 - [TEST_STEP][PASSED] - Statement - Break: null

2018-06-10 00:13:20 - [TEST_STEP][PASSED] - selectOptionByIndex: All options with index in [60] are selected on object 'Object Repository/DispensaryToStore/Page_Store/select_--Select--Adernaline 0.'

2018-06-10 00:13:20 - [MESSAGE][PASSED] - All options with index in [60] are selected on object 'Object Repository/DispensaryToStore/Page_Store/select_--Select--Adernaline 0.'

2018-06-10 00:13:20 - [TEST_STEP][PASSED] - delay: Delayed 2 second(s)

2018-06-10 00:13:22 - [MESSAGE][PASSED] - Delayed 2 second(s)

2018-06-10 00:13:22 - [TEST_STEP][PASSED] - Statement - RequestedQty = com.kms.katalon.core.webui.keyword.WebUiBuiltInKeywords.getAttribute(com.kms.katalon.core.testobject.ObjectRepository.findTestObject(DispensaryToStore/Page_Store/input_txttotal), "value"): Attribute 'value' of object 'Object Repository/DispensaryToStore/Page_Store/input_txttotal' is: '10'

2018-06-10 00:13:22 - [MESSAGE][PASSED] - Attribute 'value' of object 'Object Repository/DispensaryToStore/Page_Store/input_txttotal' is: '10'

2018-06-10 00:13:22 - [TEST_STEP][PASSED] - Statement - out.println("Requested QTY : " + RequestedQty): null

2018-06-10 00:13:22 - [TEST_STEP][PASSED] - Statement - BatchNumber = com.kms.katalon.core.webui.keyword.WebUiBuiltInKeywords.getNumberOfTotalOption(com.kms.katalon.core.testobject.ObjectRepository.findTestObject(DispensaryToStore/Page_Store/select_--Select--BA1170BA2376B)): 3 options of object 'Object Repository/DispensaryToStore/Page_Store/select_--Select--BA1170BA2376B' counted

2018-06-10 00:13:22 - [MESSAGE][PASSED] - 3 options of object 'Object Repository/DispensaryToStore/Page_Store/select_--Select--BA1170BA2376B' counted

2018-06-10 00:13:22 - [TEST_STEP][PASSED] - Statement - For ([g = 1, g <= BatchNumber - 1, (g++)]): null

2018-06-10 00:13:22 - [TEST_STEP][PASSED] - selectOptionByIndex: All options with index in [1] are selected on object 'Object Repository/DispensaryToStore/Page_Store/select_--Select--BA1170BA2376B'

2018-06-10 00:13:23 - [MESSAGE][PASSED] - All options with index in [1] are selected on object 'Object Repository/DispensaryToStore/Page_Store/select_--Select--BA1170BA2376B'

2018-06-10 00:13:23 - [TEST_STEP][PASSED] - Statement - Try: null

2018-06-10 00:13:23 - [TEST_STEP][PASSED] - Statement - StockQty = com.kms.katalon.core.webui.keyword.WebUiBuiltInKeywords.getAttribute(com.kms.katalon.core.testobject.ObjectRepository.findTestObject(DispensaryToStore/Page_Store/input_txtprice), "value"): Attribute 'value' of object 'Object Repository/DispensaryToStore/Page_Store/input_txtprice' is: '910'

2018-06-10 00:13:23 - [MESSAGE][PASSED] - Attribute 'value' of object 'Object Repository/DispensaryToStore/Page_Store/input_txtprice' is: '910'

2018-06-10 00:13:23 - [TEST_STEP][PASSED] - Statement - out.println("Stock QTY : " + StockQty): null

2018-06-10 00:13:23 - [TEST_STEP][PASSED] - delay: Delayed 2 second(s)

2018-06-10 00:13:25 - [MESSAGE][PASSED] - Delayed 2 second(s)

2018-06-10 00:13:25 - [TEST_STEP][PASSED] - Statement - If (java.lang.String.valueOf(StockQty) >= java.lang.String.valueOf(RequestedQty)): null

2018-06-10 00:13:25 - [TEST_STEP][PASSED] - setText: Text '10' is set on object 'Object Repository/DispensaryToStore/Page_Store/input_txtqty'

2018-06-10 00:13:25 - [MESSAGE][PASSED] - Text '10' is set on object 'Object Repository/DispensaryToStore/Page_Store/input_txtqty'

2018-06-10 00:13:25 - [TEST_STEP][PASSED] - click: Object: 'Object Repository/DispensaryToStore/Page_Store/button_Add' is clicked on

2018-06-10 00:13:25 - [MESSAGE][PASSED] - Object: 'Object Repository/DispensaryToStore/Page_Store/button_Add' is clicked on

2018-06-10 00:13:25 - [TEST_STEP][PASSED] - Statement - Break: null

2018-06-10 00:13:25 - [TEST_STEP][PASSED] - selectOptionByIndex: All options with index in [61] are selected on object 'Object Repository/DispensaryToStore/Page_Store/select_--Select--Adernaline 0.'

2018-06-10 00:13:25 - [MESSAGE][PASSED] - All options with index in [61] are selected on object 'Object Repository/DispensaryToStore/Page_Store/select_--Select--Adernaline 0.'

2018-06-10 00:13:25 - [TEST_STEP][PASSED] - delay: Delayed 2 second(s)

2018-06-10 00:13:27 - [MESSAGE][PASSED] - Delayed 2 second(s)

2018-06-10 00:13:27 - [TEST_STEP][PASSED] - Statement - RequestedQty = com.kms.katalon.core.webui.keyword.WebUiBuiltInKeywords.getAttribute(com.kms.katalon.core.testobject.ObjectRepository.findTestObject(DispensaryToStore/Page_Store/input_txttotal), "value"): Attribute 'value' of object 'Object Repository/DispensaryToStore/Page_Store/input_txttotal' is: '10'

2018-06-10 00:13:27 - [MESSAGE][PASSED] - Attribute 'value' of object 'Object Repository/DispensaryToStore/Page_Store/input_txttotal' is: '10'

2018-06-10 00:13:27 - [TEST_STEP][PASSED] - Statement - out.println("Requested QTY : " + RequestedQty): null

2018-06-10 00:13:27 - [TEST_STEP][PASSED] - Statement - BatchNumber = com.kms.katalon.core.webui.keyword.WebUiBuiltInKeywords.getNumberOfTotalOption(com.kms.katalon.core.testobject.ObjectRepository.findTestObject(DispensaryToStore/Page_Store/select_--Select--BA1170BA2376B)): 4 options of object 'Object Repository/DispensaryToStore/Page_Store/select_--Select--BA1170BA2376B' counted

2018-06-10 00:13:28 - [MESSAGE][PASSED] - 4 options of object 'Object Repository/DispensaryToStore/Page_Store/select_--Select--BA1170BA2376B' counted

2018-06-10 00:13:28 - [TEST_STEP][PASSED] - Statement - For ([g = 1, g <= BatchNumber - 1, (g++)]): null

2018-06-10 00:13:28 - [TEST_STEP][PASSED] - selectOptionByIndex: All options with index in [1] are selected on object 'Object Repository/DispensaryToStore/Page_Store/select_--Select--BA1170BA2376B'

2018-06-10 00:13:28 - [MESSAGE][PASSED] - All options with index in [1] are selected on object 'Object Repository/DispensaryToStore/Page_Store/select_--Select--BA1170BA2376B'

2018-06-10 00:13:28 - [TEST_STEP][PASSED] - Statement - Try: null

2018-06-10 00:13:28 - [TEST_STEP][PASSED] - Statement - StockQty = com.kms.katalon.core.webui.keyword.WebUiBuiltInKeywords.getAttribute(com.kms.katalon.core.testobject.ObjectRepository.findTestObject(DispensaryToStore/Page_Store/input_txtprice), "value"): Attribute 'value' of object 'Object Repository/DispensaryToStore/Page_Store/input_txtprice' is: '180'

2018-06-10 00:13:28 - [MESSAGE][PASSED] - Attribute 'value' of object 'Object Repository/DispensaryToStore/Page_Store/input_txtprice' is: '180'

2018-06-10 00:13:28 - [TEST_STEP][PASSED] - Statement - out.println("Stock QTY : " + StockQty): null

2018-06-10 00:13:28 - [TEST_STEP][PASSED] - delay: Delayed 2 second(s)

2018-06-10 00:13:30 - [MESSAGE][PASSED] - Delayed 2 second(s)

2018-06-10 00:13:30 - [TEST_STEP][PASSED] - Statement - If (java.lang.String.valueOf(StockQty) >= java.lang.String.valueOf(RequestedQty)): null

2018-06-10 00:13:30 - [TEST_STEP][PASSED] - setText: Text '10' is set on object 'Object Repository/DispensaryToStore/Page_Store/input_txtqty'

2018-06-10 00:13:30 - [MESSAGE][PASSED] - Text '10' is set on object 'Object Repository/DispensaryToStore/Page_Store/input_txtqty'

2018-06-10 00:13:30 - [TEST_STEP][PASSED] - click: Object: 'Object Repository/DispensaryToStore/Page_Store/button_Add' is clicked on

2018-06-10 00:13:30 - [MESSAGE][PASSED] - Object: 'Object Repository/DispensaryToStore/Page_Store/button_Add' is clicked on

2018-06-10 00:13:30 - [TEST_STEP][PASSED] - Statement - Break: null

2018-06-10 00:13:30 - [TEST_STEP][PASSED] - selectOptionByIndex: All options with index in [62] are selected on object 'Object Repository/DispensaryToStore/Page_Store/select_--Select--Adernaline 0.'

2018-06-10 00:13:31 - [MESSAGE][PASSED] - All options with index in [62] are selected on object 'Object Repository/DispensaryToStore/Page_Store/select_--Select--Adernaline 0.'

2018-06-10 00:13:31 - [TEST_STEP][PASSED] - delay: Delayed 2 second(s)

2018-06-10 00:13:33 - [MESSAGE][PASSED] - Delayed 2 second(s)

2018-06-10 00:13:33 - [TEST_STEP][PASSED] - Statement - RequestedQty = com.kms.katalon.core.webui.keyword.WebUiBuiltInKeywords.getAttribute(com.kms.katalon.core.testobject.ObjectRepository.findTestObject(DispensaryToStore/Page_Store/input_txttotal), "value"): Attribute 'value' of object 'Object Repository/DispensaryToStore/Page_Store/input_txttotal' is: '10'

2018-06-10 00:13:33 - [MESSAGE][PASSED] - Attribute 'value' of object 'Object Repository/DispensaryToStore/Page_Store/input_txttotal' is: '10'

2018-06-10 00:13:33 - [TEST_STEP][PASSED] - Statement - out.println("Requested QTY : " + RequestedQty): null

2018-06-10 00:13:33 - [TEST_STEP][PASSED] - Statement - BatchNumber = com.kms.katalon.core.webui.keyword.WebUiBuiltInKeywords.getNumberOfTotalOption(com.kms.katalon.core.testobject.ObjectRepository.findTestObject(DispensaryToStore/Page_Store/select_--Select--BA1170BA2376B)): 4 options of object 'Object Repository/DispensaryToStore/Page_Store/select_--Select--BA1170BA2376B' counted

2018-06-10 00:13:33 - [MESSAGE][PASSED] - 4 options of object 'Object Repository/DispensaryToStore/Page_Store/select_--Select--BA1170BA2376B' counted

2018-06-10 00:13:33 - [TEST_STEP][PASSED] - Statement - For ([g = 1, g <= BatchNumber - 1, (g++)]): null

2018-06-10 00:13:33 - [TEST_STEP][PASSED] - selectOptionByIndex: All options with index in [1] are selected on object 'Object Repository/DispensaryToStore/Page_Store/select_--Select--BA1170BA2376B'

2018-06-10 00:13:33 - [MESSAGE][PASSED] - All options with index in [1] are selected on object 'Object Repository/DispensaryToStore/Page_Store/select_--Select--BA1170BA2376B'

2018-06-10 00:13:33 - [TEST_STEP][PASSED] - Statement - Try: null

2018-06-10 00:13:33 - [TEST_STEP][PASSED] - Statement - StockQty = com.kms.katalon.core.webui.keyword.WebUiBuiltInKeywords.getAttribute(com.kms.katalon.core.testobject.ObjectRepository.findTestObject(DispensaryToStore/Page_Store/input_txtprice), "value"): Attribute 'value' of object 'Object Repository/DispensaryToStore/Page_Store/input_txtprice' is: '910'

2018-06-10 00:13:33 - [MESSAGE][PASSED] - Attribute 'value' of object 'Object Repository/DispensaryToStore/Page_Store/input_txtprice' is: '910'

2018-06-10 00:13:33 - [TEST_STEP][PASSED] - Statement - out.println("Stock QTY : " + StockQty): null

2018-06-10 00:13:33 - [TEST_STEP][PASSED] - delay: Delayed 2 second(s)

2018-06-10 00:13:35 - [MESSAGE][PASSED] - Delayed 2 second(s)

2018-06-10 00:13:35 - [TEST_STEP][PASSED] - Statement - If (java.lang.String.valueOf(StockQty) >= java.lang.String.valueOf(RequestedQty)): null

2018-06-10 00:13:35 - [TEST_STEP][PASSED] - setText: Text '10' is set on object 'Object Repository/DispensaryToStore/Page_Store/input_txtqty'

2018-06-10 00:13:35 - [MESSAGE][PASSED] - Text '10' is set on object 'Object Repository/DispensaryToStore/Page_Store/input_txtqty'

2018-06-10 00:13:35 - [TEST_STEP][PASSED] - click: Object: 'Object Repository/DispensaryToStore/Page_Store/button_Add' is clicked on

2018-06-10 00:13:35 - [MESSAGE][PASSED] - Object: 'Object Repository/DispensaryToStore/Page_Store/button_Add' is clicked on

2018-06-10 00:13:35 - [TEST_STEP][PASSED] - Statement - Break: null

2018-06-10 00:13:35 - [TEST_STEP][PASSED] - selectOptionByIndex: All options with index in [63] are selected on object 'Object Repository/DispensaryToStore/Page_Store/select_--Select--Adernaline 0.'

2018-06-10 00:13:36 - [MESSAGE][PASSED] - All options with index in [63] are selected on object 'Object Repository/DispensaryToStore/Page_Store/select_--Select--Adernaline 0.'

2018-06-10 00:13:36 - [TEST_STEP][PASSED] - delay: Delayed 2 second(s)

2018-06-10 00:13:38 - [MESSAGE][PASSED] - Delayed 2 second(s)

2018-06-10 00:13:38 - [TEST_STEP][PASSED] - Statement - RequestedQty = com.kms.katalon.core.webui.keyword.WebUiBuiltInKeywords.getAttribute(com.kms.katalon.core.testobject.ObjectRepository.findTestObject(DispensaryToStore/Page_Store/input_txttotal), "value"): Attribute 'value' of object 'Object Repository/DispensaryToStore/Page_Store/input_txttotal' is: '10'

2018-06-10 00:13:38 - [MESSAGE][PASSED] - Attribute 'value' of object 'Object Repository/DispensaryToStore/Page_Store/input_txttotal' is: '10'

2018-06-10 00:13:38 - [TEST_STEP][PASSED] - Statement - out.println("Requested QTY : " + RequestedQty): null

2018-06-10 00:13:38 - [TEST_STEP][PASSED] - Statement - BatchNumber = com.kms.katalon.core.webui.keyword.WebUiBuiltInKeywords.getNumberOfTotalOption(com.kms.katalon.core.testobject.ObjectRepository.findTestObject(DispensaryToStore/Page_Store/select_--Select--BA1170BA2376B)): 4 options of object 'Object Repository/DispensaryToStore/Page_Store/select_--Select--BA1170BA2376B' counted

2018-06-10 00:13:38 - [MESSAGE][PASSED] - 4 options of object 'Object Repository/DispensaryToStore/Page_Store/select_--Select--BA1170BA2376B' counted

2018-06-10 00:13:38 - [TEST_STEP][PASSED] - Statement - For ([g = 1, g <= BatchNumber - 1, (g++)]): null

2018-06-10 00:13:38 - [TEST_STEP][PASSED] - selectOptionByIndex: All options with index in [1] are selected on object 'Object Repository/DispensaryToStore/Page_Store/select_--Select--BA1170BA2376B'

2018-06-10 00:13:38 - [MESSAGE][PASSED] - All options with index in [1] are selected on object 'Object Repository/DispensaryToStore/Page_Store/select_--Select--BA1170BA2376B'

2018-06-10 00:13:38 - [TEST_STEP][PASSED] - Statement - Try: null

2018-06-10 00:13:38 - [TEST_STEP][PASSED] - Statement - StockQty = com.kms.katalon.core.webui.keyword.WebUiBuiltInKeywords.getAttribute(com.kms.katalon.core.testobject.ObjectRepository.findTestObject(DispensaryToStore/Page_Store/input_txtprice), "value"): Attribute 'value' of object 'Object Repository/DispensaryToStore/Page_Store/input_txtprice' is: '340'

2018-06-10 00:13:38 - [MESSAGE][PASSED] - Attribute 'value' of object 'Object Repository/DispensaryToStore/Page_Store/input_txtprice' is: '340'

2018-06-10 00:13:38 - [TEST_STEP][PASSED] - Statement - out.println("Stock QTY : " + StockQty): null

2018-06-10 00:13:38 - [TEST_STEP][PASSED] - delay: Delayed 2 second(s)

2018-06-10 00:13:40 - [MESSAGE][PASSED] - Delayed 2 second(s)

2018-06-10 00:13:40 - [TEST_STEP][PASSED] - Statement - If (java.lang.String.valueOf(StockQty) >= java.lang.String.valueOf(RequestedQty)): null

2018-06-10 00:13:40 - [TEST_STEP][PASSED] - setText: Text '10' is set on object 'Object Repository/DispensaryToStore/Page_Store/input_txtqty'

2018-06-10 00:13:40 - [MESSAGE][PASSED] - Text '10' is set on object 'Object Repository/DispensaryToStore/Page_Store/input_txtqty'

2018-06-10 00:13:40 - [TEST_STEP][PASSED] - click: Object: 'Object Repository/DispensaryToStore/Page_Store/button_Add' is clicked on

2018-06-10 00:13:40 - [MESSAGE][PASSED] - Object: 'Object Repository/DispensaryToStore/Page_Store/button_Add' is clicked on

2018-06-10 00:13:40 - [TEST_STEP][PASSED] - Statement - Break: null

2018-06-10 00:13:40 - [TEST_STEP][PASSED] - selectOptionByIndex: All options with index in [64] are selected on object 'Object Repository/DispensaryToStore/Page_Store/select_--Select--Adernaline 0.'

2018-06-10 00:13:41 - [MESSAGE][PASSED] - All options with index in [64] are selected on object 'Object Repository/DispensaryToStore/Page_Store/select_--Select--Adernaline 0.'

2018-06-10 00:13:41 - [TEST_STEP][PASSED] - delay: Delayed 2 second(s)

2018-06-10 00:13:43 - [MESSAGE][PASSED] - Delayed 2 second(s)

2018-06-10 00:13:43 - [TEST_STEP][PASSED] - Statement - RequestedQty = com.kms.katalon.core.webui.keyword.WebUiBuiltInKeywords.getAttribute(com.kms.katalon.core.testobject.ObjectRepository.findTestObject(DispensaryToStore/Page_Store/input_txttotal), "value"): Attribute 'value' of object 'Object Repository/DispensaryToStore/Page_Store/input_txttotal' is: '10'

2018-06-10 00:13:43 - [MESSAGE][PASSED] - Attribute 'value' of object 'Object Repository/DispensaryToStore/Page_Store/input_txttotal' is: '10'

2018-06-10 00:13:43 - [TEST_STEP][PASSED] - Statement - out.println("Requested QTY : " + RequestedQty): null

2018-06-10 00:13:43 - [TEST_STEP][PASSED] - Statement - BatchNumber = com.kms.katalon.core.webui.keyword.WebUiBuiltInKeywords.getNumberOfTotalOption(com.kms.katalon.core.testobject.ObjectRepository.findTestObject(DispensaryToStore/Page_Store/select_--Select--BA1170BA2376B)): 5 options of object 'Object Repository/DispensaryToStore/Page_Store/select_--Select--BA1170BA2376B' counted

2018-06-10 00:13:43 - [MESSAGE][PASSED] - 5 options of object 'Object Repository/DispensaryToStore/Page_Store/select_--Select--BA1170BA2376B' counted

2018-06-10 00:13:43 - [TEST_STEP][PASSED] - Statement - For ([g = 1, g <= BatchNumber - 1, (g++)]): null

2018-06-10 00:13:43 - [TEST_STEP][PASSED] - selectOptionByIndex: All options with index in [1] are selected on object 'Object Repository/DispensaryToStore/Page_Store/select_--Select--BA1170BA2376B'

2018-06-10 00:13:43 - [MESSAGE][PASSED] - All options with index in [1] are selected on object 'Object Repository/DispensaryToStore/Page_Store/select_--Select--BA1170BA2376B'

2018-06-10 00:13:43 - [TEST_STEP][PASSED] - Statement - Try: null

2018-06-10 00:13:43 - [TEST_STEP][PASSED] - Statement - StockQty = com.kms.katalon.core.webui.keyword.WebUiBuiltInKeywords.getAttribute(com.kms.katalon.core.testobject.ObjectRepository.findTestObject(DispensaryToStore/Page_Store/input_txtprice), "value"): Attribute 'value' of object 'Object Repository/DispensaryToStore/Page_Store/input_txtprice' is: '180'

2018-06-10 00:13:43 - [MESSAGE][PASSED] - Attribute 'value' of object 'Object Repository/DispensaryToStore/Page_Store/input_txtprice' is: '180'

2018-06-10 00:13:43 - [TEST_STEP][PASSED] - Statement - out.println("Stock QTY : " + StockQty): null

2018-06-10 00:13:43 - [TEST_STEP][PASSED] - delay: Delayed 2 second(s)

2018-06-10 00:13:45 - [MESSAGE][PASSED] - Delayed 2 second(s)

2018-06-10 00:13:45 - [TEST_STEP][PASSED] - Statement - If (java.lang.String.valueOf(StockQty) >= java.lang.String.valueOf(RequestedQty)): null

2018-06-10 00:13:45 - [TEST_STEP][PASSED] - setText: Text '10' is set on object 'Object Repository/DispensaryToStore/Page_Store/input_txtqty'

2018-06-10 00:13:45 - [MESSAGE][PASSED] - Text '10' is set on object 'Object Repository/DispensaryToStore/Page_Store/input_txtqty'

2018-06-10 00:13:45 - [TEST_STEP][PASSED] - click: Object: 'Object Repository/DispensaryToStore/Page_Store/button_Add' is clicked on

2018-06-10 00:13:45 - [MESSAGE][PASSED] - Object: 'Object Repository/DispensaryToStore/Page_Store/button_Add' is clicked on

2018-06-10 00:13:45 - [TEST_STEP][PASSED] - Statement - Break: null

2018-06-10 00:13:45 - [TEST_STEP][PASSED] - selectOptionByIndex: All options with index in [65] are selected on object 'Object Repository/DispensaryToStore/Page_Store/select_--Select--Adernaline 0.'

2018-06-10 00:13:46 - [MESSAGE][PASSED] - All options with index in [65] are selected on object 'Object Repository/DispensaryToStore/Page_Store/select_--Select--Adernaline 0.'

2018-06-10 00:13:46 - [TEST_STEP][PASSED] - delay: Delayed 2 second(s)

2018-06-10 00:13:48 - [MESSAGE][PASSED] - Delayed 2 second(s)

2018-06-10 00:13:48 - [TEST_STEP][PASSED] - Statement - RequestedQty = com.kms.katalon.core.webui.keyword.WebUiBuiltInKeywords.getAttribute(com.kms.katalon.core.testobject.ObjectRepository.findTestObject(DispensaryToStore/Page_Store/input_txttotal), "value"): Attribute 'value' of object 'Object Repository/DispensaryToStore/Page_Store/input_txttotal' is: '10'

2018-06-10 00:13:48 - [MESSAGE][PASSED] - Attribute 'value' of object 'Object Repository/DispensaryToStore/Page_Store/input_txttotal' is: '10'

2018-06-10 00:13:48 - [TEST_STEP][PASSED] - Statement - out.println("Requested QTY : " + RequestedQty): null

2018-06-10 00:13:48 - [TEST_STEP][PASSED] - Statement - BatchNumber = com.kms.katalon.core.webui.keyword.WebUiBuiltInKeywords.getNumberOfTotalOption(com.kms.katalon.core.testobject.ObjectRepository.findTestObject(DispensaryToStore/Page_Store/select_--Select--BA1170BA2376B)): 5 options of object 'Object Repository/DispensaryToStore/Page_Store/select_--Select--BA1170BA2376B' counted

2018-06-10 00:13:48 - [MESSAGE][PASSED] - 5 options of object 'Object Repository/DispensaryToStore/Page_Store/select_--Select--BA1170BA2376B' counted

2018-06-10 00:13:48 - [TEST_STEP][PASSED] - Statement - For ([g = 1, g <= BatchNumber - 1, (g++)]): null

2018-06-10 00:13:48 - [TEST_STEP][PASSED] - selectOptionByIndex: All options with index in [1] are selected on object 'Object Repository/DispensaryToStore/Page_Store/select_--Select--BA1170BA2376B'

2018-06-10 00:13:48 - [MESSAGE][PASSED] - All options with index in [1] are selected on object 'Object Repository/DispensaryToStore/Page_Store/select_--Select--BA1170BA2376B'

2018-06-10 00:13:48 - [TEST_STEP][PASSED] - Statement - Try: null

2018-06-10 00:13:48 - [TEST_STEP][PASSED] - Statement - StockQty = com.kms.katalon.core.webui.keyword.WebUiBuiltInKeywords.getAttribute(com.kms.katalon.core.testobject.ObjectRepository.findTestObject(DispensaryToStore/Page_Store/input_txtprice), "value"): Attribute 'value' of object 'Object Repository/DispensaryToStore/Page_Store/input_txtprice' is: '610'

2018-06-10 00:13:48 - [MESSAGE][PASSED] - Attribute 'value' of object 'Object Repository/DispensaryToStore/Page_Store/input_txtprice' is: '610'

2018-06-10 00:13:48 - [TEST_STEP][PASSED] - Statement - out.println("Stock QTY : " + StockQty): null

2018-06-10 00:13:48 - [TEST_STEP][PASSED] - delay: Delayed 2 second(s)

2018-06-10 00:13:50 - [MESSAGE][PASSED] - Delayed 2 second(s)

2018-06-10 00:13:50 - [TEST_STEP][PASSED] - Statement - If (java.lang.String.valueOf(StockQty) >= java.lang.String.valueOf(RequestedQty)): null

2018-06-10 00:13:50 - [TEST_STEP][PASSED] - setText: Text '10' is set on object 'Object Repository/DispensaryToStore/Page_Store/input_txtqty'

2018-06-10 00:13:50 - [MESSAGE][PASSED] - Text '10' is set on object 'Object Repository/DispensaryToStore/Page_Store/input_txtqty'

2018-06-10 00:13:50 - [TEST_STEP][PASSED] - click: Object: 'Object Repository/DispensaryToStore/Page_Store/button_Add' is clicked on

2018-06-10 00:13:50 - [MESSAGE][PASSED] - Object: 'Object Repository/DispensaryToStore/Page_Store/button_Add' is clicked on

2018-06-10 00:13:50 - [TEST_STEP][PASSED] - Statement - Break: null

2018-06-10 00:13:50 - [TEST_STEP][PASSED] - selectOptionByIndex: All options with index in [66] are selected on object 'Object Repository/DispensaryToStore/Page_Store/select_--Select--Adernaline 0.'

2018-06-10 00:13:51 - [MESSAGE][PASSED] - All options with index in [66] are selected on object 'Object Repository/DispensaryToStore/Page_Store/select_--Select--Adernaline 0.'

2018-06-10 00:13:51 - [TEST_STEP][PASSED] - delay: Delayed 2 second(s)

2018-06-10 00:13:53 - [MESSAGE][PASSED] - Delayed 2 second(s)

2018-06-10 00:13:53 - [TEST_STEP][PASSED] - Statement - RequestedQty = com.kms.katalon.core.webui.keyword.WebUiBuiltInKeywords.getAttribute(com.kms.katalon.core.testobject.ObjectRepository.findTestObject(DispensaryToStore/Page_Store/input_txttotal), "value"): Attribute 'value' of object 'Object Repository/DispensaryToStore/Page_Store/input_txttotal' is: '10'

2018-06-10 00:13:53 - [MESSAGE][PASSED] - Attribute 'value' of object 'Object Repository/DispensaryToStore/Page_Store/input_txttotal' is: '10'

2018-06-10 00:13:53 - [TEST_STEP][PASSED] - Statement - out.println("Requested QTY : " + RequestedQty): null

2018-06-10 00:13:53 - [TEST_STEP][PASSED] - Statement - BatchNumber = com.kms.katalon.core.webui.keyword.WebUiBuiltInKeywords.getNumberOfTotalOption(com.kms.katalon.core.testobject.ObjectRepository.findTestObject(DispensaryToStore/Page_Store/select_--Select--BA1170BA2376B)): 2 options of object 'Object Repository/DispensaryToStore/Page_Store/select_--Select--BA1170BA2376B' counted

2018-06-10 00:13:53 - [MESSAGE][PASSED] - 2 options of object 'Object Repository/DispensaryToStore/Page_Store/select_--Select--BA1170BA2376B' counted

2018-06-10 00:13:53 - [TEST_STEP][PASSED] - Statement - For ([g = 1, g <= BatchNumber - 1, (g++)]): null

2018-06-10 00:13:53 - [TEST_STEP][PASSED] - selectOptionByIndex: All options with index in [1] are selected on object 'Object Repository/DispensaryToStore/Page_Store/select_--Select--BA1170BA2376B'

2018-06-10 00:13:53 - [MESSAGE][PASSED] - All options with index in [1] are selected on object 'Object Repository/DispensaryToStore/Page_Store/select_--Select--BA1170BA2376B'

2018-06-10 00:13:53 - [TEST_STEP][PASSED] - Statement - Try: null

2018-06-10 00:13:53 - [TEST_STEP][PASSED] - Statement - StockQty = com.kms.katalon.core.webui.keyword.WebUiBuiltInKeywords.getAttribute(com.kms.katalon.core.testobject.ObjectRepository.findTestObject(DispensaryToStore/Page_Store/input_txtprice), "value"): Attribute 'value' of object 'Object Repository/DispensaryToStore/Page_Store/input_txtprice' is: '2080'

2018-06-10 00:13:53 - [MESSAGE][PASSED] - Attribute 'value' of object 'Object Repository/DispensaryToStore/Page_Store/input_txtprice' is: '2080'

2018-06-10 00:13:53 - [TEST_STEP][PASSED] - Statement - out.println("Stock QTY : " + StockQty): null

2018-06-10 00:13:53 - [TEST_STEP][PASSED] - delay: Delayed 2 second(s)

2018-06-10 00:13:55 - [MESSAGE][PASSED] - Delayed 2 second(s)

2018-06-10 00:13:55 - [TEST_STEP][PASSED] - Statement - If (java.lang.String.valueOf(StockQty) >= java.lang.String.valueOf(RequestedQty)): null

2018-06-10 00:13:55 - [TEST_STEP][PASSED] - setText: Text '10' is set on object 'Object Repository/DispensaryToStore/Page_Store/input_txtqty'

2018-06-10 00:13:56 - [MESSAGE][PASSED] - Text '10' is set on object 'Object Repository/DispensaryToStore/Page_Store/input_txtqty'

2018-06-10 00:13:56 - [TEST_STEP][PASSED] - click: Object: 'Object Repository/DispensaryToStore/Page_Store/button_Add' is clicked on

2018-06-10 00:13:56 - [MESSAGE][PASSED] - Object: 'Object Repository/DispensaryToStore/Page_Store/button_Add' is clicked on

2018-06-10 00:13:56 - [TEST_STEP][PASSED] - Statement - Break: null

2018-06-10 00:13:56 - [TEST_STEP][PASSED] - selectOptionByIndex: All options with index in [67] are selected on object 'Object Repository/DispensaryToStore/Page_Store/select_--Select--Adernaline 0.'

2018-06-10 00:13:56 - [MESSAGE][PASSED] - All options with index in [67] are selected on object 'Object Repository/DispensaryToStore/Page_Store/select_--Select--Adernaline 0.'

2018-06-10 00:13:56 - [TEST_STEP][PASSED] - delay: Delayed 2 second(s)

2018-06-10 00:13:58 - [MESSAGE][PASSED] - Delayed 2 second(s)

2018-06-10 00:13:58 - [TEST_STEP][PASSED] - Statement - RequestedQty = com.kms.katalon.core.webui.keyword.WebUiBuiltInKeywords.getAttribute(com.kms.katalon.core.testobject.ObjectRepository.findTestObject(DispensaryToStore/Page_Store/input_txttotal), "value"): Attribute 'value' of object 'Object Repository/DispensaryToStore/Page_Store/input_txttotal' is: '10'

2018-06-10 00:13:58 - [MESSAGE][PASSED] - Attribute 'value' of object 'Object Repository/DispensaryToStore/Page_Store/input_txttotal' is: '10'

2018-06-10 00:13:58 - [TEST_STEP][PASSED] - Statement - out.println("Requested QTY : " + RequestedQty): null

2018-06-10 00:13:58 - [TEST_STEP][PASSED] - Statement - BatchNumber = com.kms.katalon.core.webui.keyword.WebUiBuiltInKeywords.getNumberOfTotalOption(com.kms.katalon.core.testobject.ObjectRepository.findTestObject(DispensaryToStore/Page_Store/select_--Select--BA1170BA2376B)): 3 options of object 'Object Repository/DispensaryToStore/Page_Store/select_--Select--BA1170BA2376B' counted

2018-06-10 00:13:58 - [MESSAGE][PASSED] - 3 options of object 'Object Repository/DispensaryToStore/Page_Store/select_--Select--BA1170BA2376B' counted

2018-06-10 00:13:58 - [TEST_STEP][PASSED] - Statement - For ([g = 1, g <= BatchNumber - 1, (g++)]): null

2018-06-10 00:13:58 - [TEST_STEP][PASSED] - selectOptionByIndex: All options with index in [1] are selected on object 'Object Repository/DispensaryToStore/Page_Store/select_--Select--BA1170BA2376B'

2018-06-10 00:13:59 - [MESSAGE][PASSED] - All options with index in [1] are selected on object 'Object Repository/DispensaryToStore/Page_Store/select_--Select--BA1170BA2376B'

2018-06-10 00:13:59 - [TEST_STEP][PASSED] - Statement - Try: null

2018-06-10 00:13:59 - [TEST_STEP][PASSED] - Statement - StockQty = com.kms.katalon.core.webui.keyword.WebUiBuiltInKeywords.getAttribute(com.kms.katalon.core.testobject.ObjectRepository.findTestObject(DispensaryToStore/Page_Store/input_txtprice), "value"): Attribute 'value' of object 'Object Repository/DispensaryToStore/Page_Store/input_txtprice' is: '910'

2018-06-10 00:13:59 - [MESSAGE][PASSED] - Attribute 'value' of object 'Object Repository/DispensaryToStore/Page_Store/input_txtprice' is: '910'

2018-06-10 00:13:59 - [TEST_STEP][PASSED] - Statement - out.println("Stock QTY : " + StockQty): null

2018-06-10 00:13:59 - [TEST_STEP][PASSED] - delay: Delayed 2 second(s)

2018-06-10 00:14:01 - [MESSAGE][PASSED] - Delayed 2 second(s)

2018-06-10 00:14:01 - [TEST_STEP][PASSED] - Statement - If (java.lang.String.valueOf(StockQty) >= java.lang.String.valueOf(RequestedQty)): null

2018-06-10 00:14:01 - [TEST_STEP][PASSED] - setText: Text '10' is set on object 'Object Repository/DispensaryToStore/Page_Store/input_txtqty'

2018-06-10 00:14:01 - [MESSAGE][PASSED] - Text '10' is set on object 'Object Repository/DispensaryToStore/Page_Store/input_txtqty'

2018-06-10 00:14:01 - [TEST_STEP][PASSED] - click: Object: 'Object Repository/DispensaryToStore/Page_Store/button_Add' is clicked on

2018-06-10 00:14:01 - [MESSAGE][PASSED] - Object: 'Object Repository/DispensaryToStore/Page_Store/button_Add' is clicked on

2018-06-10 00:14:01 - [TEST_STEP][PASSED] - Statement - Break: null

2018-06-10 00:14:01 - [TEST_STEP][PASSED] - selectOptionByIndex: All options with index in [68] are selected on object 'Object Repository/DispensaryToStore/Page_Store/select_--Select--Adernaline 0.'

2018-06-10 00:14:01 - [MESSAGE][PASSED] - All options with index in [68] are selected on object 'Object Repository/DispensaryToStore/Page_Store/select_--Select--Adernaline 0.'

2018-06-10 00:14:01 - [TEST_STEP][PASSED] - delay: Delayed 2 second(s)

2018-06-10 00:14:03 - [MESSAGE][PASSED] - Delayed 2 second(s)

2018-06-10 00:14:03 - [TEST_STEP][PASSED] - Statement - RequestedQty = com.kms.katalon.core.webui.keyword.WebUiBuiltInKeywords.getAttribute(com.kms.katalon.core.testobject.ObjectRepository.findTestObject(DispensaryToStore/Page_Store/input_txttotal), "value"): Attribute 'value' of object 'Object Repository/DispensaryToStore/Page_Store/input_txttotal' is: '10'

2018-06-10 00:14:03 - [MESSAGE][PASSED] - Attribute 'value' of object 'Object Repository/DispensaryToStore/Page_Store/input_txttotal' is: '10'

2018-06-10 00:14:03 - [TEST_STEP][PASSED] - Statement - out.println("Requested QTY : " + RequestedQty): null

2018-06-10 00:14:03 - [TEST_STEP][PASSED] - Statement - BatchNumber = com.kms.katalon.core.webui.keyword.WebUiBuiltInKeywords.getNumberOfTotalOption(com.kms.katalon.core.testobject.ObjectRepository.findTestObject(DispensaryToStore/Page_Store/select_--Select--BA1170BA2376B)): 6 options of object 'Object Repository/DispensaryToStore/Page_Store/select_--Select--BA1170BA2376B' counted

2018-06-10 00:14:03 - [MESSAGE][PASSED] - 6 options of object 'Object Repository/DispensaryToStore/Page_Store/select_--Select--BA1170BA2376B' counted

2018-06-10 00:14:03 - [TEST_STEP][PASSED] - Statement - For ([g = 1, g <= BatchNumber - 1, (g++)]): null

2018-06-10 00:14:03 - [TEST_STEP][PASSED] - selectOptionByIndex: All options with index in [1] are selected on object 'Object Repository/DispensaryToStore/Page_Store/select_--Select--BA1170BA2376B'

2018-06-10 00:14:04 - [MESSAGE][PASSED] - All options with index in [1] are selected on object 'Object Repository/DispensaryToStore/Page_Store/select_--Select--BA1170BA2376B'

2018-06-10 00:14:04 - [TEST_STEP][PASSED] - Statement - Try: null

2018-06-10 00:14:04 - [TEST_STEP][PASSED] - Statement - StockQty = com.kms.katalon.core.webui.keyword.WebUiBuiltInKeywords.getAttribute(com.kms.katalon.core.testobject.ObjectRepository.findTestObject(DispensaryToStore/Page_Store/input_txtprice), "value"): Attribute 'value' of object 'Object Repository/DispensaryToStore/Page_Store/input_txtprice' is: '540'

2018-06-10 00:14:04 - [MESSAGE][PASSED] - Attribute 'value' of object 'Object Repository/DispensaryToStore/Page_Store/input_txtprice' is: '540'

2018-06-10 00:14:04 - [TEST_STEP][PASSED] - Statement - out.println("Stock QTY : " + StockQty): null

2018-06-10 00:14:04 - [TEST_STEP][PASSED] - delay: Delayed 2 second(s)

2018-06-10 00:14:06 - [MESSAGE][PASSED] - Delayed 2 second(s)

2018-06-10 00:14:06 - [TEST_STEP][PASSED] - Statement - If (java.lang.String.valueOf(StockQty) >= java.lang.String.valueOf(RequestedQty)): null

2018-06-10 00:14:06 - [TEST_STEP][PASSED] - setText: Text '10' is set on object 'Object Repository/DispensaryToStore/Page_Store/input_txtqty'

2018-06-10 00:14:06 - [MESSAGE][PASSED] - Text '10' is set on object 'Object Repository/DispensaryToStore/Page_Store/input_txtqty'

2018-06-10 00:14:06 - [TEST_STEP][PASSED] - click: Object: 'Object Repository/DispensaryToStore/Page_Store/button_Add' is clicked on

2018-06-10 00:14:06 - [MESSAGE][PASSED] - Object: 'Object Repository/DispensaryToStore/Page_Store/button_Add' is clicked on

2018-06-10 00:14:06 - [TEST_STEP][PASSED] - Statement - Break: null

2018-06-10 00:14:06 - [TEST_STEP][PASSED] - selectOptionByIndex: All options with index in [69] are selected on object 'Object Repository/DispensaryToStore/Page_Store/select_--Select--Adernaline 0.'

2018-06-10 00:14:07 - [MESSAGE][PASSED] - All options with index in [69] are selected on object 'Object Repository/DispensaryToStore/Page_Store/select_--Select--Adernaline 0.'

2018-06-10 00:14:07 - [TEST_STEP][PASSED] - delay: Delayed 2 second(s)

2018-06-10 00:14:09 - [MESSAGE][PASSED] - Delayed 2 second(s)

2018-06-10 00:14:09 - [TEST_STEP][PASSED] - Statement - RequestedQty = com.kms.katalon.core.webui.keyword.WebUiBuiltInKeywords.getAttribute(com.kms.katalon.core.testobject.ObjectRepository.findTestObject(DispensaryToStore/Page_Store/input_txttotal), "value"): Attribute 'value' of object 'Object Repository/DispensaryToStore/Page_Store/input_txttotal' is: '10'

2018-06-10 00:14:09 - [MESSAGE][PASSED] - Attribute 'value' of object 'Object Repository/DispensaryToStore/Page_Store/input_txttotal' is: '10'

2018-06-10 00:14:09 - [TEST_STEP][PASSED] - Statement - out.println("Requested QTY : " + RequestedQty): null

2018-06-10 00:14:09 - [TEST_STEP][PASSED] - Statement - BatchNumber = com.kms.katalon.core.webui.keyword.WebUiBuiltInKeywords.getNumberOfTotalOption(com.kms.katalon.core.testobject.ObjectRepository.findTestObject(DispensaryToStore/Page_Store/select_--Select--BA1170BA2376B)): 4 options of object 'Object Repository/DispensaryToStore/Page_Store/select_--Select--BA1170BA2376B' counted

2018-06-10 00:14:09 - [MESSAGE][PASSED] - 4 options of object 'Object Repository/DispensaryToStore/Page_Store/select_--Select--BA1170BA2376B' counted

2018-06-10 00:14:09 - [TEST_STEP][PASSED] - Statement - For ([g = 1, g <= BatchNumber - 1, (g++)]): null

2018-06-10 00:14:09 - [TEST_STEP][PASSED] - selectOptionByIndex: All options with index in [1] are selected on object 'Object Repository/DispensaryToStore/Page_Store/select_--Select--BA1170BA2376B'

2018-06-10 00:14:09 - [MESSAGE][PASSED] - All options with index in [1] are selected on object 'Object Repository/DispensaryToStore/Page_Store/select_--Select--BA1170BA2376B'

2018-06-10 00:14:09 - [TEST_STEP][PASSED] - Statement - Try: null

2018-06-10 00:14:09 - [TEST_STEP][PASSED] - Statement - StockQty = com.kms.katalon.core.webui.keyword.WebUiBuiltInKeywords.getAttribute(com.kms.katalon.core.testobject.ObjectRepository.findTestObject(DispensaryToStore/Page_Store/input_txtprice), "value"): Attribute 'value' of object 'Object Repository/DispensaryToStore/Page_Store/input_txtprice' is: '910'

2018-06-10 00:14:09 - [MESSAGE][PASSED] - Attribute 'value' of object 'Object Repository/DispensaryToStore/Page_Store/input_txtprice' is: '910'

2018-06-10 00:14:09 - [TEST_STEP][PASSED] - Statement - out.println("Stock QTY : " + StockQty): null

2018-06-10 00:14:09 - [TEST_STEP][PASSED] - delay: Delayed 2 second(s)

2018-06-10 00:14:11 - [MESSAGE][PASSED] - Delayed 2 second(s)

2018-06-10 00:14:11 - [TEST_STEP][PASSED] - Statement - If (java.lang.String.valueOf(StockQty) >= java.lang.String.valueOf(RequestedQty)): null

2018-06-10 00:14:11 - [TEST_STEP][PASSED] - setText: Text '10' is set on object 'Object Repository/DispensaryToStore/Page_Store/input_txtqty'

2018-06-10 00:14:11 - [MESSAGE][PASSED] - Text '10' is set on object 'Object Repository/DispensaryToStore/Page_Store/input_txtqty'

2018-06-10 00:14:11 - [TEST_STEP][PASSED] - click: Object: 'Object Repository/DispensaryToStore/Page_Store/button_Add' is clicked on

2018-06-10 00:14:11 - [MESSAGE][PASSED] - Object: 'Object Repository/DispensaryToStore/Page_Store/button_Add' is clicked on

2018-06-10 00:14:11 - [TEST_STEP][PASSED] - Statement - Break: null

2018-06-10 00:14:11 - [TEST_STEP][PASSED] - selectOptionByIndex: All options with index in [70] are selected on object 'Object Repository/DispensaryToStore/Page_Store/select_--Select--Adernaline 0.'

2018-06-10 00:14:12 - [MESSAGE][PASSED] - All options with index in [70] are selected on object 'Object Repository/DispensaryToStore/Page_Store/select_--Select--Adernaline 0.'

2018-06-10 00:14:12 - [TEST_STEP][PASSED] - delay: Delayed 2 second(s)

2018-06-10 00:14:14 - [MESSAGE][PASSED] - Delayed 2 second(s)

2018-06-10 00:14:14 - [TEST_STEP][PASSED] - Statement - RequestedQty = com.kms.katalon.core.webui.keyword.WebUiBuiltInKeywords.getAttribute(com.kms.katalon.core.testobject.ObjectRepository.findTestObject(DispensaryToStore/Page_Store/input_txttotal), "value"): Attribute 'value' of object 'Object Repository/DispensaryToStore/Page_Store/input_txttotal' is: '10'

2018-06-10 00:14:14 - [MESSAGE][PASSED] - Attribute 'value' of object 'Object Repository/DispensaryToStore/Page_Store/input_txttotal' is: '10'

2018-06-10 00:14:14 - [TEST_STEP][PASSED] - Statement - out.println("Requested QTY : " + RequestedQty): null

2018-06-10 00:14:14 - [TEST_STEP][PASSED] - Statement - BatchNumber = com.kms.katalon.core.webui.keyword.WebUiBuiltInKeywords.getNumberOfTotalOption(com.kms.katalon.core.testobject.ObjectRepository.findTestObject(DispensaryToStore/Page_Store/select_--Select--BA1170BA2376B)): 4 options of object 'Object Repository/DispensaryToStore/Page_Store/select_--Select--BA1170BA2376B' counted

2018-06-10 00:14:14 - [MESSAGE][PASSED] - 4 options of object 'Object Repository/DispensaryToStore/Page_Store/select_--Select--BA1170BA2376B' counted

2018-06-10 00:14:14 - [TEST_STEP][PASSED] - Statement - For ([g = 1, g <= BatchNumber - 1, (g++)]): null

2018-06-10 00:14:14 - [TEST_STEP][PASSED] - selectOptionByIndex: All options with index in [1] are selected on object 'Object Repository/DispensaryToStore/Page_Store/select_--Select--BA1170BA2376B'

2018-06-10 00:14:14 - [MESSAGE][PASSED] - All options with index in [1] are selected on object 'Object Repository/DispensaryToStore/Page_Store/select_--Select--BA1170BA2376B'

2018-06-10 00:14:14 - [TEST_STEP][PASSED] - Statement - Try: null

2018-06-10 00:14:14 - [TEST_STEP][PASSED] - Statement - StockQty = com.kms.katalon.core.webui.keyword.WebUiBuiltInKeywords.getAttribute(com.kms.katalon.core.testobject.ObjectRepository.findTestObject(DispensaryToStore/Page_Store/input_txtprice), "value"): Attribute 'value' of object 'Object Repository/DispensaryToStore/Page_Store/input_txtprice' is: '350'

2018-06-10 00:14:14 - [MESSAGE][PASSED] - Attribute 'value' of object 'Object Repository/DispensaryToStore/Page_Store/input_txtprice' is: '350'

2018-06-10 00:14:14 - [TEST_STEP][PASSED] - Statement - out.println("Stock QTY : " + StockQty): null

2018-06-10 00:14:14 - [TEST_STEP][PASSED] - delay: Delayed 2 second(s)

2018-06-10 00:14:16 - [MESSAGE][PASSED] - Delayed 2 second(s)

2018-06-10 00:14:16 - [TEST_STEP][PASSED] - Statement - If (java.lang.String.valueOf(StockQty) >= java.lang.String.valueOf(RequestedQty)): null

2018-06-10 00:14:16 - [TEST_STEP][PASSED] - setText: Text '10' is set on object 'Object Repository/DispensaryToStore/Page_Store/input_txtqty'

2018-06-10 00:14:16 - [MESSAGE][PASSED] - Text '10' is set on object 'Object Repository/DispensaryToStore/Page_Store/input_txtqty'

2018-06-10 00:14:16 - [TEST_STEP][PASSED] - click: Object: 'Object Repository/DispensaryToStore/Page_Store/button_Add' is clicked on

2018-06-10 00:14:16 - [MESSAGE][PASSED] - Object: 'Object Repository/DispensaryToStore/Page_Store/button_Add' is clicked on

2018-06-10 00:14:16 - [TEST_STEP][PASSED] - Statement - Break: null

2018-06-10 00:14:16 - [TEST_STEP][PASSED] - selectOptionByIndex: All options with index in [71] are selected on object 'Object Repository/DispensaryToStore/Page_Store/select_--Select--Adernaline 0.'

2018-06-10 00:14:17 - [MESSAGE][PASSED] - All options with index in [71] are selected on object 'Object Repository/DispensaryToStore/Page_Store/select_--Select--Adernaline 0.'

2018-06-10 00:14:17 - [TEST_STEP][PASSED] - delay: Delayed 2 second(s)

2018-06-10 00:14:19 - [MESSAGE][PASSED] - Delayed 2 second(s)

2018-06-10 00:14:19 - [TEST_STEP][PASSED] - Statement - RequestedQty = com.kms.katalon.core.webui.keyword.WebUiBuiltInKeywords.getAttribute(com.kms.katalon.core.testobject.ObjectRepository.findTestObject(DispensaryToStore/Page_Store/input_txttotal), "value"): Attribute 'value' of object 'Object Repository/DispensaryToStore/Page_Store/input_txttotal' is: '10'

2018-06-10 00:14:19 - [MESSAGE][PASSED] - Attribute 'value' of object 'Object Repository/DispensaryToStore/Page_Store/input_txttotal' is: '10'

2018-06-10 00:14:19 - [TEST_STEP][PASSED] - Statement - out.println("Requested QTY : " + RequestedQty): null

2018-06-10 00:14:19 - [TEST_STEP][PASSED] - Statement - BatchNumber = com.kms.katalon.core.webui.keyword.WebUiBuiltInKeywords.getNumberOfTotalOption(com.kms.katalon.core.testobject.ObjectRepository.findTestObject(DispensaryToStore/Page_Store/select_--Select--BA1170BA2376B)): 3 options of object 'Object Repository/DispensaryToStore/Page_Store/select_--Select--BA1170BA2376B' counted

2018-06-10 00:14:19 - [MESSAGE][PASSED] - 3 options of object 'Object Repository/DispensaryToStore/Page_Store/select_--Select--BA1170BA2376B' counted

2018-06-10 00:14:19 - [TEST_STEP][PASSED] - Statement - For ([g = 1, g <= BatchNumber - 1, (g++)]): null

2018-06-10 00:14:19 - [TEST_STEP][PASSED] - selectOptionByIndex: All options with index in [1] are selected on object 'Object Repository/DispensaryToStore/Page_Store/select_--Select--BA1170BA2376B'

2018-06-10 00:14:19 - [MESSAGE][PASSED] - All options with index in [1] are selected on object 'Object Repository/DispensaryToStore/Page_Store/select_--Select--BA1170BA2376B'

2018-06-10 00:14:19 - [TEST_STEP][PASSED] - Statement - Try: null

2018-06-10 00:14:19 - [TEST_STEP][PASSED] - Statement - StockQty = com.kms.katalon.core.webui.keyword.WebUiBuiltInKeywords.getAttribute(com.kms.katalon.core.testobject.ObjectRepository.findTestObject(DispensaryToStore/Page_Store/input_txtprice), "value"): Attribute 'value' of object 'Object Repository/DispensaryToStore/Page_Store/input_txtprice' is: '1870'

2018-06-10 00:14:19 - [MESSAGE][PASSED] - Attribute 'value' of object 'Object Repository/DispensaryToStore/Page_Store/input_txtprice' is: '1870'

2018-06-10 00:14:19 - [TEST_STEP][PASSED] - Statement - out.println("Stock QTY : " + StockQty): null

2018-06-10 00:14:19 - [TEST_STEP][PASSED] - delay: Delayed 2 second(s)

2018-06-10 00:14:21 - [MESSAGE][PASSED] - Delayed 2 second(s)

2018-06-10 00:14:21 - [TEST_STEP][PASSED] - Statement - If (java.lang.String.valueOf(StockQty) >= java.lang.String.valueOf(RequestedQty)): null

2018-06-10 00:14:21 - [TEST_STEP][PASSED] - setText: Text '10' is set on object 'Object Repository/DispensaryToStore/Page_Store/input_txtqty'

2018-06-10 00:14:21 - [MESSAGE][PASSED] - Text '10' is set on object 'Object Repository/DispensaryToStore/Page_Store/input_txtqty'

2018-06-10 00:14:21 - [TEST_STEP][PASSED] - click: Object: 'Object Repository/DispensaryToStore/Page_Store/button_Add' is clicked on

2018-06-10 00:14:21 - [MESSAGE][PASSED] - Object: 'Object Repository/DispensaryToStore/Page_Store/button_Add' is clicked on

2018-06-10 00:14:21 - [TEST_STEP][PASSED] - Statement - Break: null

2018-06-10 00:14:21 - [TEST_STEP][PASSED] - selectOptionByIndex: All options with index in [72] are selected on object 'Object Repository/DispensaryToStore/Page_Store/select_--Select--Adernaline 0.'

2018-06-10 00:14:22 - [MESSAGE][PASSED] - All options with index in [72] are selected on object 'Object Repository/DispensaryToStore/Page_Store/select_--Select--Adernaline 0.'

2018-06-10 00:14:22 - [TEST_STEP][PASSED] - delay: Delayed 2 second(s)

2018-06-10 00:14:24 - [MESSAGE][PASSED] - Delayed 2 second(s)

2018-06-10 00:14:24 - [TEST_STEP][PASSED] - Statement - RequestedQty = com.kms.katalon.core.webui.keyword.WebUiBuiltInKeywords.getAttribute(com.kms.katalon.core.testobject.ObjectRepository.findTestObject(DispensaryToStore/Page_Store/input_txttotal), "value"): Attribute 'value' of object 'Object Repository/DispensaryToStore/Page_Store/input_txttotal' is: '10'

2018-06-10 00:14:24 - [MESSAGE][PASSED] - Attribute 'value' of object 'Object Repository/DispensaryToStore/Page_Store/input_txttotal' is: '10'

2018-06-10 00:14:24 - [TEST_STEP][PASSED] - Statement - out.println("Requested QTY : " + RequestedQty): null

2018-06-10 00:14:24 - [TEST_STEP][PASSED] - Statement - BatchNumber = com.kms.katalon.core.webui.keyword.WebUiBuiltInKeywords.getNumberOfTotalOption(com.kms.katalon.core.testobject.ObjectRepository.findTestObject(DispensaryToStore/Page_Store/select_--Select--BA1170BA2376B)): 5 options of object 'Object Repository/DispensaryToStore/Page_Store/select_--Select--BA1170BA2376B' counted

2018-06-10 00:14:24 - [MESSAGE][PASSED] - 5 options of object 'Object Repository/DispensaryToStore/Page_Store/select_--Select--BA1170BA2376B' counted

2018-06-10 00:14:24 - [TEST_STEP][PASSED] - Statement - For ([g = 1, g <= BatchNumber - 1, (g++)]): null

2018-06-10 00:14:24 - [TEST_STEP][PASSED] - selectOptionByIndex: All options with index in [1] are selected on object 'Object Repository/DispensaryToStore/Page_Store/select_--Select--BA1170BA2376B'

2018-06-10 00:14:24 - [MESSAGE][PASSED] - All options with index in [1] are selected on object 'Object Repository/DispensaryToStore/Page_Store/select_--Select--BA1170BA2376B'

2018-06-10 00:14:24 - [TEST_STEP][PASSED] - Statement - Try: null

2018-06-10 00:14:24 - [TEST_STEP][PASSED] - Statement - StockQty = com.kms.katalon.core.webui.keyword.WebUiBuiltInKeywords.getAttribute(com.kms.katalon.core.testobject.ObjectRepository.findTestObject(DispensaryToStore/Page_Store/input_txtprice), "value"): Attribute 'value' of object 'Object Repository/DispensaryToStore/Page_Store/input_txtprice' is: '180'

2018-06-10 00:14:24 - [MESSAGE][PASSED] - Attribute 'value' of object 'Object Repository/DispensaryToStore/Page_Store/input_txtprice' is: '180'

2018-06-10 00:14:24 - [TEST_STEP][PASSED] - Statement - out.println("Stock QTY : " + StockQty): null

2018-06-10 00:14:24 - [TEST_STEP][PASSED] - delay: Delayed 2 second(s)

2018-06-10 00:14:26 - [MESSAGE][PASSED] - Delayed 2 second(s)

2018-06-10 00:14:26 - [TEST_STEP][PASSED] - Statement - If (java.lang.String.valueOf(StockQty) >= java.lang.String.valueOf(RequestedQty)): null

2018-06-10 00:14:26 - [TEST_STEP][PASSED] - setText: Text '10' is set on object 'Object Repository/DispensaryToStore/Page_Store/input_txtqty'

2018-06-10 00:14:26 - [MESSAGE][PASSED] - Text '10' is set on object 'Object Repository/DispensaryToStore/Page_Store/input_txtqty'

2018-06-10 00:14:26 - [TEST_STEP][PASSED] - click: Object: 'Object Repository/DispensaryToStore/Page_Store/button_Add' is clicked on

2018-06-10 00:14:26 - [MESSAGE][PASSED] - Object: 'Object Repository/DispensaryToStore/Page_Store/button_Add' is clicked on

2018-06-10 00:14:26 - [TEST_STEP][PASSED] - Statement - Break: null

2018-06-10 00:14:26 - [TEST_STEP][PASSED] - scrollToElement: Scroll to object 'Object Repository/DispensaryToStore/Page_Store/input_btnSubmit' successfully

2018-06-10 00:14:27 - [MESSAGE][PASSED] - Scroll to object 'Object Repository/DispensaryToStore/Page_Store/input_btnSubmit' successfully

2018-06-10 00:14:27 - [TEST_STEP][PASSED] - click: Object: 'Object Repository/DispensaryToStore/Page_Store/input_btnSubmit' is clicked on

2018-06-10 00:14:27 - [MESSAGE][PASSED] - Object: 'Object Repository/DispensaryToStore/Page_Store/input_btnSubmit' is clicked on

2018-06-10 00:14:27 - [TEST_STEP][PASSED] - delay: Delayed 3 second(s)

2018-06-10 00:14:30 - [MESSAGE][PASSED] - Delayed 3 second(s)

2018-06-10 00:14:30 - [TEST_STEP][PASSED] - click: Object: 'Object Repository/DispensaryToStore/Page_Store/button_OK' is clicked on

2018-06-10 00:14:37 - [MESSAGE][PASSED] - Object: 'Object Repository/DispensaryToStore/Page_Store/button_OK' is clicked on

2018-06-10 00:14:37 - [TEST_STEP][PASSED] - delay: Delayed 3 second(s)

2018-06-10 00:14:40 - [MESSAGE][PASSED] - Delayed 3 second(s)

2018-06-10 00:14:40 - [TEST_STEP][PASSED] - waitForElementPresent: Object 'Object Repository/DispensaryToStore/Page_Dispensary Store/a_dropdown-toggle' is present

2018-06-10 00:14:40 - [MESSAGE][PASSED] - Object 'Object Repository/DispensaryToStore/Page_Dispensary Store/a_dropdown-toggle' is present

2018-06-10 00:14:40 - [TEST_STEP][PASSED] - click: Object: 'Object Repository/DispensaryToStore/Page_Store/a_dropdown-toggle' is clicked on

2018-06-10 00:14:40 - [MESSAGE][PASSED] - Object: 'Object Repository/DispensaryToStore/Page_Store/a_dropdown-toggle' is clicked on

2018-06-10 00:14:40 - [TEST_STEP][PASSED] - click: Object: 'Object Repository/DispensaryToStore/Page_Store/a_Sign out' is clicked on

2018-06-10 00:14:40 - [MESSAGE][PASSED] - Object: 'Object Repository/DispensaryToStore/Page_Store/a_Sign out' is clicked on

2018-06-10 00:14:40 - [TEST_STEP][PASSED] - closeBrowser: Browser is closed

2018-06-10 00:14:41 - [MESSAGE][PASSED] - Browser is closed]]></system-out>
         <system-err><![CDATA[]]></system-err>
      </testcase>
      <testcase name="Test Cases/DISPENSARY TEST CASES/TC_DP_003 Verify Schedule 3 Dispensary Request Are Working Successfully Or Not" classname="Test Cases/DISPENSARY TEST CASES/TC_DP_003 Verify Schedule 3 Dispensary Request Are Working Successfully Or Not" status="PASSED">
         <system-out><![CDATA[2018-06-10 00:14:41 - [TEST_CASE][PASSED] - Test Cases/DISPENSARY TEST CASES/TC_DP_003 Verify Schedule 3 Dispensary Request Are Working Successfully Or Not: Test Cases/DISPENSARY TEST CASES/TC_DP_003 Verify Schedule 3 Dispensary Request Are Working Successfully Or Not

2018-06-10 00:14:41 - [TEST_STEP][PASSED] - openBrowser: Browser is opened with url: ''

2018-06-10 00:14:43 - [MESSAGE][PASSED] - Browser is opened with url: ''

2018-06-10 00:14:43 - [TEST_STEP][PASSED] - navigateToUrl: Navigate to 'http://192.168.137.1/multihospital_new/HDSplashscreen.aspx' successfully

2018-06-10 00:14:45 - [MESSAGE][PASSED] - Navigate to 'http://192.168.137.1/multihospital_new/HDSplashscreen.aspx' successfully

2018-06-10 00:14:45 - [TEST_STEP][PASSED] - maximizeWindow: Current window maximized

2018-06-10 00:14:46 - [MESSAGE][PASSED] - Current window maximized

2018-06-10 00:14:46 - [TEST_STEP][PASSED] - click: Object: 'Object Repository/DispensaryToStore/Page_KDMC/a_Dispensary Store' is clicked on

2018-06-10 00:14:47 - [MESSAGE][PASSED] - Object: 'Object Repository/DispensaryToStore/Page_KDMC/a_Dispensary Store' is clicked on

2018-06-10 00:14:47 - [TEST_STEP][PASSED] - setText: Text 'rajaram' is set on object 'Object Repository/DispensaryToStore/Page_Dispensary Store Login/input_txtusername'

2018-06-10 00:14:47 - [MESSAGE][PASSED] - Text 'rajaram' is set on object 'Object Repository/DispensaryToStore/Page_Dispensary Store Login/input_txtusername'

2018-06-10 00:14:47 - [TEST_STEP][PASSED] - setText: Text '123' is set on object 'Object Repository/DispensaryToStore/Page_Dispensary Store Login/input_txtpassword'

2018-06-10 00:14:47 - [MESSAGE][PASSED] - Text '123' is set on object 'Object Repository/DispensaryToStore/Page_Dispensary Store Login/input_txtpassword'

2018-06-10 00:14:47 - [TEST_STEP][PASSED] - delay: Delayed 3 second(s)

2018-06-10 00:14:50 - [MESSAGE][PASSED] - Delayed 3 second(s)

2018-06-10 00:14:50 - [TEST_STEP][PASSED] - sendKeys: Keys 'ENTER + ' sent to object: 'Object Repository/DispensaryToStore/Page_Dispensary Store Login/input_txtpassword'

2018-06-10 00:14:51 - [MESSAGE][PASSED] - Keys 'ENTER + ' sent to object: 'Object Repository/DispensaryToStore/Page_Dispensary Store Login/input_txtpassword'

2018-06-10 00:14:51 - [TEST_STEP][PASSED] - delay: Delayed 3 second(s)

2018-06-10 00:14:54 - [MESSAGE][PASSED] - Delayed 3 second(s)

2018-06-10 00:14:54 - [TEST_STEP][PASSED] - click: Object: 'Object Repository/DispensaryToStore/Page_Dispensary Store/a_Request to Store' is clicked on

2018-06-10 00:14:54 - [MESSAGE][PASSED] - Object: 'Object Repository/DispensaryToStore/Page_Dispensary Store/a_Request to Store' is clicked on

2018-06-10 00:14:54 - [TEST_STEP][PASSED] - click: Object: 'Object Repository/DispensaryToStore/Page_Dispensary Store/a_Medicine Request' is clicked on

2018-06-10 00:14:54 - [MESSAGE][PASSED] - Object: 'Object Repository/DispensaryToStore/Page_Dispensary Store/a_Medicine Request' is clicked on

2018-06-10 00:14:54 - [TEST_STEP][PASSED] - selectOptionByIndex: All options with index in [3] are selected on object 'Object Repository/DispensaryToStore/Page_Dispensary Store/select_--Select--Schedule 1Inj'

2018-06-10 00:14:54 - [MESSAGE][PASSED] - All options with index in [3] are selected on object 'Object Repository/DispensaryToStore/Page_Dispensary Store/select_--Select--Schedule 1Inj'

2018-06-10 00:14:54 - [TEST_STEP][PASSED] - Statement - medicineslength = com.kms.katalon.core.webui.keyword.WebUiBuiltInKeywords.getNumberOfTotalOption(com.kms.katalon.core.testobject.ObjectRepository.findTestObject(DispensaryToStore/Page_Dispensary Store/select_--Select--Adernaline 0.)): 37 options of object 'Object Repository/DispensaryToStore/Page_Dispensary Store/select_--Select--Adernaline 0.' counted

2018-06-10 00:14:54 - [MESSAGE][PASSED] - 37 options of object 'Object Repository/DispensaryToStore/Page_Dispensary Store/select_--Select--Adernaline 0.' counted

2018-06-10 00:14:54 - [TEST_STEP][PASSED] - Statement - For ([e = 1, e <= medicineslength - 1, (e++)]): Object: 'Object Repository/DispensaryToStore/Page_Dispensary Store/button_Add' is clicked on

2018-06-10 00:14:54 - [TEST_STEP][PASSED] - selectOptionByIndex: All options with index in [3] are selected on object 'Object Repository/DispensaryToStore/Page_Dispensary Store/select_--Select--Schedule 1Inj'

2018-06-10 00:14:55 - [MESSAGE][PASSED] - All options with index in [3] are selected on object 'Object Repository/DispensaryToStore/Page_Dispensary Store/select_--Select--Schedule 1Inj'

2018-06-10 00:14:55 - [TEST_STEP][PASSED] - selectOptionByIndex: All options with index in [1] are selected on object 'Object Repository/DispensaryToStore/Page_Dispensary Store/select_--Select--Adernaline 0.'

2018-06-10 00:14:55 - [MESSAGE][PASSED] - All options with index in [1] are selected on object 'Object Repository/DispensaryToStore/Page_Dispensary Store/select_--Select--Adernaline 0.'

2018-06-10 00:14:55 - [TEST_STEP][PASSED] - setText: Text '10' is set on object 'Object Repository/DispensaryToStore/Page_Dispensary Store/input_txttreat'

2018-06-10 00:14:55 - [MESSAGE][PASSED] - Text '10' is set on object 'Object Repository/DispensaryToStore/Page_Dispensary Store/input_txttreat'

2018-06-10 00:14:55 - [TEST_STEP][PASSED] - click: Object: 'Object Repository/DispensaryToStore/Page_Dispensary Store/button_Add' is clicked on

2018-06-10 00:14:55 - [MESSAGE][PASSED] - Object: 'Object Repository/DispensaryToStore/Page_Dispensary Store/button_Add' is clicked on

2018-06-10 00:14:55 - [TEST_STEP][PASSED] - selectOptionByIndex: All options with index in [3] are selected on object 'Object Repository/DispensaryToStore/Page_Dispensary Store/select_--Select--Schedule 1Inj'

2018-06-10 00:14:55 - [MESSAGE][PASSED] - All options with index in [3] are selected on object 'Object Repository/DispensaryToStore/Page_Dispensary Store/select_--Select--Schedule 1Inj'

2018-06-10 00:14:55 - [TEST_STEP][PASSED] - selectOptionByIndex: All options with index in [2] are selected on object 'Object Repository/DispensaryToStore/Page_Dispensary Store/select_--Select--Adernaline 0.'

2018-06-10 00:14:55 - [MESSAGE][PASSED] - All options with index in [2] are selected on object 'Object Repository/DispensaryToStore/Page_Dispensary Store/select_--Select--Adernaline 0.'

2018-06-10 00:14:55 - [TEST_STEP][PASSED] - setText: Text '10' is set on object 'Object Repository/DispensaryToStore/Page_Dispensary Store/input_txttreat'

2018-06-10 00:14:56 - [MESSAGE][PASSED] - Text '10' is set on object 'Object Repository/DispensaryToStore/Page_Dispensary Store/input_txttreat'

2018-06-10 00:14:56 - [TEST_STEP][PASSED] - click: Object: 'Object Repository/DispensaryToStore/Page_Dispensary Store/button_Add' is clicked on

2018-06-10 00:14:56 - [MESSAGE][PASSED] - Object: 'Object Repository/DispensaryToStore/Page_Dispensary Store/button_Add' is clicked on

2018-06-10 00:14:56 - [TEST_STEP][PASSED] - selectOptionByIndex: All options with index in [3] are selected on object 'Object Repository/DispensaryToStore/Page_Dispensary Store/select_--Select--Schedule 1Inj'

2018-06-10 00:14:56 - [MESSAGE][PASSED] - All options with index in [3] are selected on object 'Object Repository/DispensaryToStore/Page_Dispensary Store/select_--Select--Schedule 1Inj'

2018-06-10 00:14:56 - [TEST_STEP][PASSED] - selectOptionByIndex: All options with index in [3] are selected on object 'Object Repository/DispensaryToStore/Page_Dispensary Store/select_--Select--Adernaline 0.'

2018-06-10 00:14:56 - [MESSAGE][PASSED] - All options with index in [3] are selected on object 'Object Repository/DispensaryToStore/Page_Dispensary Store/select_--Select--Adernaline 0.'

2018-06-10 00:14:56 - [TEST_STEP][PASSED] - setText: Text '10' is set on object 'Object Repository/DispensaryToStore/Page_Dispensary Store/input_txttreat'

2018-06-10 00:14:56 - [MESSAGE][PASSED] - Text '10' is set on object 'Object Repository/DispensaryToStore/Page_Dispensary Store/input_txttreat'

2018-06-10 00:14:56 - [TEST_STEP][PASSED] - click: Object: 'Object Repository/DispensaryToStore/Page_Dispensary Store/button_Add' is clicked on

2018-06-10 00:14:56 - [MESSAGE][PASSED] - Object: 'Object Repository/DispensaryToStore/Page_Dispensary Store/button_Add' is clicked on

2018-06-10 00:14:56 - [TEST_STEP][PASSED] - selectOptionByIndex: All options with index in [3] are selected on object 'Object Repository/DispensaryToStore/Page_Dispensary Store/select_--Select--Schedule 1Inj'

2018-06-10 00:14:56 - [MESSAGE][PASSED] - All options with index in [3] are selected on object 'Object Repository/DispensaryToStore/Page_Dispensary Store/select_--Select--Schedule 1Inj'

2018-06-10 00:14:56 - [TEST_STEP][PASSED] - selectOptionByIndex: All options with index in [4] are selected on object 'Object Repository/DispensaryToStore/Page_Dispensary Store/select_--Select--Adernaline 0.'

2018-06-10 00:14:56 - [MESSAGE][PASSED] - All options with index in [4] are selected on object 'Object Repository/DispensaryToStore/Page_Dispensary Store/select_--Select--Adernaline 0.'

2018-06-10 00:14:56 - [TEST_STEP][PASSED] - setText: Text '10' is set on object 'Object Repository/DispensaryToStore/Page_Dispensary Store/input_txttreat'

2018-06-10 00:14:56 - [MESSAGE][PASSED] - Text '10' is set on object 'Object Repository/DispensaryToStore/Page_Dispensary Store/input_txttreat'

2018-06-10 00:14:56 - [TEST_STEP][PASSED] - click: Object: 'Object Repository/DispensaryToStore/Page_Dispensary Store/button_Add' is clicked on

2018-06-10 00:14:57 - [MESSAGE][PASSED] - Object: 'Object Repository/DispensaryToStore/Page_Dispensary Store/button_Add' is clicked on

2018-06-10 00:14:57 - [TEST_STEP][PASSED] - selectOptionByIndex: All options with index in [3] are selected on object 'Object Repository/DispensaryToStore/Page_Dispensary Store/select_--Select--Schedule 1Inj'

2018-06-10 00:14:57 - [MESSAGE][PASSED] - All options with index in [3] are selected on object 'Object Repository/DispensaryToStore/Page_Dispensary Store/select_--Select--Schedule 1Inj'

2018-06-10 00:14:57 - [TEST_STEP][PASSED] - selectOptionByIndex: All options with index in [5] are selected on object 'Object Repository/DispensaryToStore/Page_Dispensary Store/select_--Select--Adernaline 0.'

2018-06-10 00:14:57 - [MESSAGE][PASSED] - All options with index in [5] are selected on object 'Object Repository/DispensaryToStore/Page_Dispensary Store/select_--Select--Adernaline 0.'

2018-06-10 00:14:57 - [TEST_STEP][PASSED] - setText: Text '10' is set on object 'Object Repository/DispensaryToStore/Page_Dispensary Store/input_txttreat'

2018-06-10 00:14:57 - [MESSAGE][PASSED] - Text '10' is set on object 'Object Repository/DispensaryToStore/Page_Dispensary Store/input_txttreat'

2018-06-10 00:14:57 - [TEST_STEP][PASSED] - click: Object: 'Object Repository/DispensaryToStore/Page_Dispensary Store/button_Add' is clicked on

2018-06-10 00:14:57 - [MESSAGE][PASSED] - Object: 'Object Repository/DispensaryToStore/Page_Dispensary Store/button_Add' is clicked on

2018-06-10 00:14:57 - [TEST_STEP][PASSED] - selectOptionByIndex: All options with index in [3] are selected on object 'Object Repository/DispensaryToStore/Page_Dispensary Store/select_--Select--Schedule 1Inj'

2018-06-10 00:14:57 - [MESSAGE][PASSED] - All options with index in [3] are selected on object 'Object Repository/DispensaryToStore/Page_Dispensary Store/select_--Select--Schedule 1Inj'

2018-06-10 00:14:57 - [TEST_STEP][PASSED] - selectOptionByIndex: All options with index in [6] are selected on object 'Object Repository/DispensaryToStore/Page_Dispensary Store/select_--Select--Adernaline 0.'

2018-06-10 00:14:57 - [MESSAGE][PASSED] - All options with index in [6] are selected on object 'Object Repository/DispensaryToStore/Page_Dispensary Store/select_--Select--Adernaline 0.'

2018-06-10 00:14:57 - [TEST_STEP][PASSED] - setText: Text '10' is set on object 'Object Repository/DispensaryToStore/Page_Dispensary Store/input_txttreat'

2018-06-10 00:14:57 - [MESSAGE][PASSED] - Text '10' is set on object 'Object Repository/DispensaryToStore/Page_Dispensary Store/input_txttreat'

2018-06-10 00:14:57 - [TEST_STEP][PASSED] - click: Object: 'Object Repository/DispensaryToStore/Page_Dispensary Store/button_Add' is clicked on

2018-06-10 00:14:58 - [MESSAGE][PASSED] - Object: 'Object Repository/DispensaryToStore/Page_Dispensary Store/button_Add' is clicked on

2018-06-10 00:14:58 - [TEST_STEP][PASSED] - selectOptionByIndex: All options with index in [3] are selected on object 'Object Repository/DispensaryToStore/Page_Dispensary Store/select_--Select--Schedule 1Inj'

2018-06-10 00:14:58 - [MESSAGE][PASSED] - All options with index in [3] are selected on object 'Object Repository/DispensaryToStore/Page_Dispensary Store/select_--Select--Schedule 1Inj'

2018-06-10 00:14:58 - [TEST_STEP][PASSED] - selectOptionByIndex: All options with index in [7] are selected on object 'Object Repository/DispensaryToStore/Page_Dispensary Store/select_--Select--Adernaline 0.'

2018-06-10 00:14:58 - [MESSAGE][PASSED] - All options with index in [7] are selected on object 'Object Repository/DispensaryToStore/Page_Dispensary Store/select_--Select--Adernaline 0.'

2018-06-10 00:14:58 - [TEST_STEP][PASSED] - setText: Text '10' is set on object 'Object Repository/DispensaryToStore/Page_Dispensary Store/input_txttreat'

2018-06-10 00:14:58 - [MESSAGE][PASSED] - Text '10' is set on object 'Object Repository/DispensaryToStore/Page_Dispensary Store/input_txttreat'

2018-06-10 00:14:58 - [TEST_STEP][PASSED] - click: Object: 'Object Repository/DispensaryToStore/Page_Dispensary Store/button_Add' is clicked on

2018-06-10 00:14:58 - [MESSAGE][PASSED] - Object: 'Object Repository/DispensaryToStore/Page_Dispensary Store/button_Add' is clicked on

2018-06-10 00:14:58 - [TEST_STEP][PASSED] - selectOptionByIndex: All options with index in [3] are selected on object 'Object Repository/DispensaryToStore/Page_Dispensary Store/select_--Select--Schedule 1Inj'

2018-06-10 00:14:58 - [MESSAGE][PASSED] - All options with index in [3] are selected on object 'Object Repository/DispensaryToStore/Page_Dispensary Store/select_--Select--Schedule 1Inj'

2018-06-10 00:14:58 - [TEST_STEP][PASSED] - selectOptionByIndex: All options with index in [8] are selected on object 'Object Repository/DispensaryToStore/Page_Dispensary Store/select_--Select--Adernaline 0.'

2018-06-10 00:14:58 - [MESSAGE][PASSED] - All options with index in [8] are selected on object 'Object Repository/DispensaryToStore/Page_Dispensary Store/select_--Select--Adernaline 0.'

2018-06-10 00:14:58 - [TEST_STEP][PASSED] - setText: Text '10' is set on object 'Object Repository/DispensaryToStore/Page_Dispensary Store/input_txttreat'

2018-06-10 00:14:59 - [MESSAGE][PASSED] - Text '10' is set on object 'Object Repository/DispensaryToStore/Page_Dispensary Store/input_txttreat'

2018-06-10 00:14:59 - [TEST_STEP][PASSED] - click: Object: 'Object Repository/DispensaryToStore/Page_Dispensary Store/button_Add' is clicked on

2018-06-10 00:14:59 - [MESSAGE][PASSED] - Object: 'Object Repository/DispensaryToStore/Page_Dispensary Store/button_Add' is clicked on

2018-06-10 00:14:59 - [TEST_STEP][PASSED] - selectOptionByIndex: All options with index in [3] are selected on object 'Object Repository/DispensaryToStore/Page_Dispensary Store/select_--Select--Schedule 1Inj'

2018-06-10 00:14:59 - [MESSAGE][PASSED] - All options with index in [3] are selected on object 'Object Repository/DispensaryToStore/Page_Dispensary Store/select_--Select--Schedule 1Inj'

2018-06-10 00:14:59 - [TEST_STEP][PASSED] - selectOptionByIndex: All options with index in [9] are selected on object 'Object Repository/DispensaryToStore/Page_Dispensary Store/select_--Select--Adernaline 0.'

2018-06-10 00:14:59 - [MESSAGE][PASSED] - All options with index in [9] are selected on object 'Object Repository/DispensaryToStore/Page_Dispensary Store/select_--Select--Adernaline 0.'

2018-06-10 00:14:59 - [TEST_STEP][PASSED] - setText: Text '10' is set on object 'Object Repository/DispensaryToStore/Page_Dispensary Store/input_txttreat'

2018-06-10 00:14:59 - [MESSAGE][PASSED] - Text '10' is set on object 'Object Repository/DispensaryToStore/Page_Dispensary Store/input_txttreat'

2018-06-10 00:14:59 - [TEST_STEP][PASSED] - click: Object: 'Object Repository/DispensaryToStore/Page_Dispensary Store/button_Add' is clicked on

2018-06-10 00:14:59 - [MESSAGE][PASSED] - Object: 'Object Repository/DispensaryToStore/Page_Dispensary Store/button_Add' is clicked on

2018-06-10 00:14:59 - [TEST_STEP][PASSED] - selectOptionByIndex: All options with index in [3] are selected on object 'Object Repository/DispensaryToStore/Page_Dispensary Store/select_--Select--Schedule 1Inj'

2018-06-10 00:14:59 - [MESSAGE][PASSED] - All options with index in [3] are selected on object 'Object Repository/DispensaryToStore/Page_Dispensary Store/select_--Select--Schedule 1Inj'

2018-06-10 00:14:59 - [TEST_STEP][PASSED] - selectOptionByIndex: All options with index in [10] are selected on object 'Object Repository/DispensaryToStore/Page_Dispensary Store/select_--Select--Adernaline 0.'

2018-06-10 00:14:59 - [MESSAGE][PASSED] - All options with index in [10] are selected on object 'Object Repository/DispensaryToStore/Page_Dispensary Store/select_--Select--Adernaline 0.'

2018-06-10 00:14:59 - [TEST_STEP][PASSED] - setText: Text '10' is set on object 'Object Repository/DispensaryToStore/Page_Dispensary Store/input_txttreat'

2018-06-10 00:15:00 - [MESSAGE][PASSED] - Text '10' is set on object 'Object Repository/DispensaryToStore/Page_Dispensary Store/input_txttreat'

2018-06-10 00:15:00 - [TEST_STEP][PASSED] - click: Object: 'Object Repository/DispensaryToStore/Page_Dispensary Store/button_Add' is clicked on

2018-06-10 00:15:00 - [MESSAGE][PASSED] - Object: 'Object Repository/DispensaryToStore/Page_Dispensary Store/button_Add' is clicked on

2018-06-10 00:15:00 - [TEST_STEP][PASSED] - selectOptionByIndex: All options with index in [3] are selected on object 'Object Repository/DispensaryToStore/Page_Dispensary Store/select_--Select--Schedule 1Inj'

2018-06-10 00:15:00 - [MESSAGE][PASSED] - All options with index in [3] are selected on object 'Object Repository/DispensaryToStore/Page_Dispensary Store/select_--Select--Schedule 1Inj'

2018-06-10 00:15:00 - [TEST_STEP][PASSED] - selectOptionByIndex: All options with index in [11] are selected on object 'Object Repository/DispensaryToStore/Page_Dispensary Store/select_--Select--Adernaline 0.'

2018-06-10 00:15:00 - [MESSAGE][PASSED] - All options with index in [11] are selected on object 'Object Repository/DispensaryToStore/Page_Dispensary Store/select_--Select--Adernaline 0.'

2018-06-10 00:15:00 - [TEST_STEP][PASSED] - setText: Text '10' is set on object 'Object Repository/DispensaryToStore/Page_Dispensary Store/input_txttreat'

2018-06-10 00:15:00 - [MESSAGE][PASSED] - Text '10' is set on object 'Object Repository/DispensaryToStore/Page_Dispensary Store/input_txttreat'

2018-06-10 00:15:00 - [TEST_STEP][PASSED] - click: Object: 'Object Repository/DispensaryToStore/Page_Dispensary Store/button_Add' is clicked on

2018-06-10 00:15:00 - [MESSAGE][PASSED] - Object: 'Object Repository/DispensaryToStore/Page_Dispensary Store/button_Add' is clicked on

2018-06-10 00:15:00 - [TEST_STEP][PASSED] - selectOptionByIndex: All options with index in [3] are selected on object 'Object Repository/DispensaryToStore/Page_Dispensary Store/select_--Select--Schedule 1Inj'

2018-06-10 00:15:00 - [MESSAGE][PASSED] - All options with index in [3] are selected on object 'Object Repository/DispensaryToStore/Page_Dispensary Store/select_--Select--Schedule 1Inj'

2018-06-10 00:15:00 - [TEST_STEP][PASSED] - selectOptionByIndex: All options with index in [12] are selected on object 'Object Repository/DispensaryToStore/Page_Dispensary Store/select_--Select--Adernaline 0.'

2018-06-10 00:15:01 - [MESSAGE][PASSED] - All options with index in [12] are selected on object 'Object Repository/DispensaryToStore/Page_Dispensary Store/select_--Select--Adernaline 0.'

2018-06-10 00:15:01 - [TEST_STEP][PASSED] - setText: Text '10' is set on object 'Object Repository/DispensaryToStore/Page_Dispensary Store/input_txttreat'

2018-06-10 00:15:01 - [MESSAGE][PASSED] - Text '10' is set on object 'Object Repository/DispensaryToStore/Page_Dispensary Store/input_txttreat'

2018-06-10 00:15:01 - [TEST_STEP][PASSED] - click: Object: 'Object Repository/DispensaryToStore/Page_Dispensary Store/button_Add' is clicked on

2018-06-10 00:15:01 - [MESSAGE][PASSED] - Object: 'Object Repository/DispensaryToStore/Page_Dispensary Store/button_Add' is clicked on

2018-06-10 00:15:01 - [TEST_STEP][PASSED] - selectOptionByIndex: All options with index in [3] are selected on object 'Object Repository/DispensaryToStore/Page_Dispensary Store/select_--Select--Schedule 1Inj'

2018-06-10 00:15:01 - [MESSAGE][PASSED] - All options with index in [3] are selected on object 'Object Repository/DispensaryToStore/Page_Dispensary Store/select_--Select--Schedule 1Inj'

2018-06-10 00:15:01 - [TEST_STEP][PASSED] - selectOptionByIndex: All options with index in [13] are selected on object 'Object Repository/DispensaryToStore/Page_Dispensary Store/select_--Select--Adernaline 0.'

2018-06-10 00:15:01 - [MESSAGE][PASSED] - All options with index in [13] are selected on object 'Object Repository/DispensaryToStore/Page_Dispensary Store/select_--Select--Adernaline 0.'

2018-06-10 00:15:01 - [TEST_STEP][PASSED] - setText: Text '10' is set on object 'Object Repository/DispensaryToStore/Page_Dispensary Store/input_txttreat'

2018-06-10 00:15:01 - [MESSAGE][PASSED] - Text '10' is set on object 'Object Repository/DispensaryToStore/Page_Dispensary Store/input_txttreat'

2018-06-10 00:15:01 - [TEST_STEP][PASSED] - click: Object: 'Object Repository/DispensaryToStore/Page_Dispensary Store/button_Add' is clicked on

2018-06-10 00:15:01 - [MESSAGE][PASSED] - Object: 'Object Repository/DispensaryToStore/Page_Dispensary Store/button_Add' is clicked on

2018-06-10 00:15:01 - [TEST_STEP][PASSED] - selectOptionByIndex: All options with index in [3] are selected on object 'Object Repository/DispensaryToStore/Page_Dispensary Store/select_--Select--Schedule 1Inj'

2018-06-10 00:15:01 - [MESSAGE][PASSED] - All options with index in [3] are selected on object 'Object Repository/DispensaryToStore/Page_Dispensary Store/select_--Select--Schedule 1Inj'

2018-06-10 00:15:01 - [TEST_STEP][PASSED] - selectOptionByIndex: All options with index in [14] are selected on object 'Object Repository/DispensaryToStore/Page_Dispensary Store/select_--Select--Adernaline 0.'

2018-06-10 00:15:02 - [MESSAGE][PASSED] - All options with index in [14] are selected on object 'Object Repository/DispensaryToStore/Page_Dispensary Store/select_--Select--Adernaline 0.'

2018-06-10 00:15:02 - [TEST_STEP][PASSED] - setText: Text '10' is set on object 'Object Repository/DispensaryToStore/Page_Dispensary Store/input_txttreat'

2018-06-10 00:15:02 - [MESSAGE][PASSED] - Text '10' is set on object 'Object Repository/DispensaryToStore/Page_Dispensary Store/input_txttreat'

2018-06-10 00:15:02 - [TEST_STEP][PASSED] - click: Object: 'Object Repository/DispensaryToStore/Page_Dispensary Store/button_Add' is clicked on

2018-06-10 00:15:02 - [MESSAGE][PASSED] - Object: 'Object Repository/DispensaryToStore/Page_Dispensary Store/button_Add' is clicked on

2018-06-10 00:15:02 - [TEST_STEP][PASSED] - selectOptionByIndex: All options with index in [3] are selected on object 'Object Repository/DispensaryToStore/Page_Dispensary Store/select_--Select--Schedule 1Inj'

2018-06-10 00:15:02 - [MESSAGE][PASSED] - All options with index in [3] are selected on object 'Object Repository/DispensaryToStore/Page_Dispensary Store/select_--Select--Schedule 1Inj'

2018-06-10 00:15:02 - [TEST_STEP][PASSED] - selectOptionByIndex: All options with index in [15] are selected on object 'Object Repository/DispensaryToStore/Page_Dispensary Store/select_--Select--Adernaline 0.'

2018-06-10 00:15:02 - [MESSAGE][PASSED] - All options with index in [15] are selected on object 'Object Repository/DispensaryToStore/Page_Dispensary Store/select_--Select--Adernaline 0.'

2018-06-10 00:15:02 - [TEST_STEP][PASSED] - setText: Text '10' is set on object 'Object Repository/DispensaryToStore/Page_Dispensary Store/input_txttreat'

2018-06-10 00:15:02 - [MESSAGE][PASSED] - Text '10' is set on object 'Object Repository/DispensaryToStore/Page_Dispensary Store/input_txttreat'

2018-06-10 00:15:02 - [TEST_STEP][PASSED] - click: Object: 'Object Repository/DispensaryToStore/Page_Dispensary Store/button_Add' is clicked on

2018-06-10 00:15:02 - [MESSAGE][PASSED] - Object: 'Object Repository/DispensaryToStore/Page_Dispensary Store/button_Add' is clicked on

2018-06-10 00:15:02 - [TEST_STEP][PASSED] - selectOptionByIndex: All options with index in [3] are selected on object 'Object Repository/DispensaryToStore/Page_Dispensary Store/select_--Select--Schedule 1Inj'

2018-06-10 00:15:03 - [MESSAGE][PASSED] - All options with index in [3] are selected on object 'Object Repository/DispensaryToStore/Page_Dispensary Store/select_--Select--Schedule 1Inj'

2018-06-10 00:15:03 - [TEST_STEP][PASSED] - selectOptionByIndex: All options with index in [16] are selected on object 'Object Repository/DispensaryToStore/Page_Dispensary Store/select_--Select--Adernaline 0.'

2018-06-10 00:15:03 - [MESSAGE][PASSED] - All options with index in [16] are selected on object 'Object Repository/DispensaryToStore/Page_Dispensary Store/select_--Select--Adernaline 0.'

2018-06-10 00:15:03 - [TEST_STEP][PASSED] - setText: Text '10' is set on object 'Object Repository/DispensaryToStore/Page_Dispensary Store/input_txttreat'

2018-06-10 00:15:03 - [MESSAGE][PASSED] - Text '10' is set on object 'Object Repository/DispensaryToStore/Page_Dispensary Store/input_txttreat'

2018-06-10 00:15:03 - [TEST_STEP][PASSED] - click: Object: 'Object Repository/DispensaryToStore/Page_Dispensary Store/button_Add' is clicked on

2018-06-10 00:15:03 - [MESSAGE][PASSED] - Object: 'Object Repository/DispensaryToStore/Page_Dispensary Store/button_Add' is clicked on

2018-06-10 00:15:03 - [TEST_STEP][PASSED] - selectOptionByIndex: All options with index in [3] are selected on object 'Object Repository/DispensaryToStore/Page_Dispensary Store/select_--Select--Schedule 1Inj'

2018-06-10 00:15:03 - [MESSAGE][PASSED] - All options with index in [3] are selected on object 'Object Repository/DispensaryToStore/Page_Dispensary Store/select_--Select--Schedule 1Inj'

2018-06-10 00:15:03 - [TEST_STEP][PASSED] - selectOptionByIndex: All options with index in [17] are selected on object 'Object Repository/DispensaryToStore/Page_Dispensary Store/select_--Select--Adernaline 0.'

2018-06-10 00:15:03 - [MESSAGE][PASSED] - All options with index in [17] are selected on object 'Object Repository/DispensaryToStore/Page_Dispensary Store/select_--Select--Adernaline 0.'

2018-06-10 00:15:03 - [TEST_STEP][PASSED] - setText: Text '10' is set on object 'Object Repository/DispensaryToStore/Page_Dispensary Store/input_txttreat'

2018-06-10 00:15:04 - [MESSAGE][PASSED] - Text '10' is set on object 'Object Repository/DispensaryToStore/Page_Dispensary Store/input_txttreat'

2018-06-10 00:15:04 - [TEST_STEP][PASSED] - click: Object: 'Object Repository/DispensaryToStore/Page_Dispensary Store/button_Add' is clicked on

2018-06-10 00:15:04 - [MESSAGE][PASSED] - Object: 'Object Repository/DispensaryToStore/Page_Dispensary Store/button_Add' is clicked on

2018-06-10 00:15:04 - [TEST_STEP][PASSED] - selectOptionByIndex: All options with index in [3] are selected on object 'Object Repository/DispensaryToStore/Page_Dispensary Store/select_--Select--Schedule 1Inj'

2018-06-10 00:15:04 - [MESSAGE][PASSED] - All options with index in [3] are selected on object 'Object Repository/DispensaryToStore/Page_Dispensary Store/select_--Select--Schedule 1Inj'

2018-06-10 00:15:04 - [TEST_STEP][PASSED] - selectOptionByIndex: All options with index in [18] are selected on object 'Object Repository/DispensaryToStore/Page_Dispensary Store/select_--Select--Adernaline 0.'

2018-06-10 00:15:04 - [MESSAGE][PASSED] - All options with index in [18] are selected on object 'Object Repository/DispensaryToStore/Page_Dispensary Store/select_--Select--Adernaline 0.'

2018-06-10 00:15:04 - [TEST_STEP][PASSED] - setText: Text '10' is set on object 'Object Repository/DispensaryToStore/Page_Dispensary Store/input_txttreat'

2018-06-10 00:15:04 - [MESSAGE][PASSED] - Text '10' is set on object 'Object Repository/DispensaryToStore/Page_Dispensary Store/input_txttreat'

2018-06-10 00:15:04 - [TEST_STEP][PASSED] - click: Object: 'Object Repository/DispensaryToStore/Page_Dispensary Store/button_Add' is clicked on

2018-06-10 00:15:04 - [MESSAGE][PASSED] - Object: 'Object Repository/DispensaryToStore/Page_Dispensary Store/button_Add' is clicked on

2018-06-10 00:15:04 - [TEST_STEP][PASSED] - selectOptionByIndex: All options with index in [3] are selected on object 'Object Repository/DispensaryToStore/Page_Dispensary Store/select_--Select--Schedule 1Inj'

2018-06-10 00:15:04 - [MESSAGE][PASSED] - All options with index in [3] are selected on object 'Object Repository/DispensaryToStore/Page_Dispensary Store/select_--Select--Schedule 1Inj'

2018-06-10 00:15:04 - [TEST_STEP][PASSED] - selectOptionByIndex: All options with index in [19] are selected on object 'Object Repository/DispensaryToStore/Page_Dispensary Store/select_--Select--Adernaline 0.'

2018-06-10 00:15:05 - [MESSAGE][PASSED] - All options with index in [19] are selected on object 'Object Repository/DispensaryToStore/Page_Dispensary Store/select_--Select--Adernaline 0.'

2018-06-10 00:15:05 - [TEST_STEP][PASSED] - setText: Text '10' is set on object 'Object Repository/DispensaryToStore/Page_Dispensary Store/input_txttreat'

2018-06-10 00:15:05 - [MESSAGE][PASSED] - Text '10' is set on object 'Object Repository/DispensaryToStore/Page_Dispensary Store/input_txttreat'

2018-06-10 00:15:05 - [TEST_STEP][PASSED] - click: Object: 'Object Repository/DispensaryToStore/Page_Dispensary Store/button_Add' is clicked on

2018-06-10 00:15:05 - [MESSAGE][PASSED] - Object: 'Object Repository/DispensaryToStore/Page_Dispensary Store/button_Add' is clicked on

2018-06-10 00:15:05 - [TEST_STEP][PASSED] - selectOptionByIndex: All options with index in [3] are selected on object 'Object Repository/DispensaryToStore/Page_Dispensary Store/select_--Select--Schedule 1Inj'

2018-06-10 00:15:05 - [MESSAGE][PASSED] - All options with index in [3] are selected on object 'Object Repository/DispensaryToStore/Page_Dispensary Store/select_--Select--Schedule 1Inj'

2018-06-10 00:15:05 - [TEST_STEP][PASSED] - selectOptionByIndex: All options with index in [20] are selected on object 'Object Repository/DispensaryToStore/Page_Dispensary Store/select_--Select--Adernaline 0.'

2018-06-10 00:15:05 - [MESSAGE][PASSED] - All options with index in [20] are selected on object 'Object Repository/DispensaryToStore/Page_Dispensary Store/select_--Select--Adernaline 0.'

2018-06-10 00:15:05 - [TEST_STEP][PASSED] - setText: Text '10' is set on object 'Object Repository/DispensaryToStore/Page_Dispensary Store/input_txttreat'

2018-06-10 00:15:05 - [MESSAGE][PASSED] - Text '10' is set on object 'Object Repository/DispensaryToStore/Page_Dispensary Store/input_txttreat'

2018-06-10 00:15:05 - [TEST_STEP][PASSED] - click: Object: 'Object Repository/DispensaryToStore/Page_Dispensary Store/button_Add' is clicked on

2018-06-10 00:15:05 - [MESSAGE][PASSED] - Object: 'Object Repository/DispensaryToStore/Page_Dispensary Store/button_Add' is clicked on

2018-06-10 00:15:05 - [TEST_STEP][PASSED] - selectOptionByIndex: All options with index in [3] are selected on object 'Object Repository/DispensaryToStore/Page_Dispensary Store/select_--Select--Schedule 1Inj'

2018-06-10 00:15:06 - [MESSAGE][PASSED] - All options with index in [3] are selected on object 'Object Repository/DispensaryToStore/Page_Dispensary Store/select_--Select--Schedule 1Inj'

2018-06-10 00:15:06 - [TEST_STEP][PASSED] - selectOptionByIndex: All options with index in [21] are selected on object 'Object Repository/DispensaryToStore/Page_Dispensary Store/select_--Select--Adernaline 0.'

2018-06-10 00:15:06 - [MESSAGE][PASSED] - All options with index in [21] are selected on object 'Object Repository/DispensaryToStore/Page_Dispensary Store/select_--Select--Adernaline 0.'

2018-06-10 00:15:06 - [TEST_STEP][PASSED] - setText: Text '10' is set on object 'Object Repository/DispensaryToStore/Page_Dispensary Store/input_txttreat'

2018-06-10 00:15:06 - [MESSAGE][PASSED] - Text '10' is set on object 'Object Repository/DispensaryToStore/Page_Dispensary Store/input_txttreat'

2018-06-10 00:15:06 - [TEST_STEP][PASSED] - click: Object: 'Object Repository/DispensaryToStore/Page_Dispensary Store/button_Add' is clicked on

2018-06-10 00:15:06 - [MESSAGE][PASSED] - Object: 'Object Repository/DispensaryToStore/Page_Dispensary Store/button_Add' is clicked on

2018-06-10 00:15:06 - [TEST_STEP][PASSED] - selectOptionByIndex: All options with index in [3] are selected on object 'Object Repository/DispensaryToStore/Page_Dispensary Store/select_--Select--Schedule 1Inj'

2018-06-10 00:15:06 - [MESSAGE][PASSED] - All options with index in [3] are selected on object 'Object Repository/DispensaryToStore/Page_Dispensary Store/select_--Select--Schedule 1Inj'

2018-06-10 00:15:06 - [TEST_STEP][PASSED] - selectOptionByIndex: All options with index in [22] are selected on object 'Object Repository/DispensaryToStore/Page_Dispensary Store/select_--Select--Adernaline 0.'

2018-06-10 00:15:07 - [MESSAGE][PASSED] - All options with index in [22] are selected on object 'Object Repository/DispensaryToStore/Page_Dispensary Store/select_--Select--Adernaline 0.'

2018-06-10 00:15:07 - [TEST_STEP][PASSED] - setText: Text '10' is set on object 'Object Repository/DispensaryToStore/Page_Dispensary Store/input_txttreat'

2018-06-10 00:15:07 - [MESSAGE][PASSED] - Text '10' is set on object 'Object Repository/DispensaryToStore/Page_Dispensary Store/input_txttreat'

2018-06-10 00:15:07 - [TEST_STEP][PASSED] - click: Object: 'Object Repository/DispensaryToStore/Page_Dispensary Store/button_Add' is clicked on

2018-06-10 00:15:07 - [MESSAGE][PASSED] - Object: 'Object Repository/DispensaryToStore/Page_Dispensary Store/button_Add' is clicked on

2018-06-10 00:15:07 - [TEST_STEP][PASSED] - selectOptionByIndex: All options with index in [3] are selected on object 'Object Repository/DispensaryToStore/Page_Dispensary Store/select_--Select--Schedule 1Inj'

2018-06-10 00:15:07 - [MESSAGE][PASSED] - All options with index in [3] are selected on object 'Object Repository/DispensaryToStore/Page_Dispensary Store/select_--Select--Schedule 1Inj'

2018-06-10 00:15:07 - [TEST_STEP][PASSED] - selectOptionByIndex: All options with index in [23] are selected on object 'Object Repository/DispensaryToStore/Page_Dispensary Store/select_--Select--Adernaline 0.'

2018-06-10 00:15:07 - [MESSAGE][PASSED] - All options with index in [23] are selected on object 'Object Repository/DispensaryToStore/Page_Dispensary Store/select_--Select--Adernaline 0.'

2018-06-10 00:15:07 - [TEST_STEP][PASSED] - setText: Text '10' is set on object 'Object Repository/DispensaryToStore/Page_Dispensary Store/input_txttreat'

2018-06-10 00:15:07 - [MESSAGE][PASSED] - Text '10' is set on object 'Object Repository/DispensaryToStore/Page_Dispensary Store/input_txttreat'

2018-06-10 00:15:07 - [TEST_STEP][PASSED] - click: Object: 'Object Repository/DispensaryToStore/Page_Dispensary Store/button_Add' is clicked on

2018-06-10 00:15:07 - [MESSAGE][PASSED] - Object: 'Object Repository/DispensaryToStore/Page_Dispensary Store/button_Add' is clicked on

2018-06-10 00:15:07 - [TEST_STEP][PASSED] - selectOptionByIndex: All options with index in [3] are selected on object 'Object Repository/DispensaryToStore/Page_Dispensary Store/select_--Select--Schedule 1Inj'

2018-06-10 00:15:07 - [MESSAGE][PASSED] - All options with index in [3] are selected on object 'Object Repository/DispensaryToStore/Page_Dispensary Store/select_--Select--Schedule 1Inj'

2018-06-10 00:15:07 - [TEST_STEP][PASSED] - selectOptionByIndex: All options with index in [24] are selected on object 'Object Repository/DispensaryToStore/Page_Dispensary Store/select_--Select--Adernaline 0.'

2018-06-10 00:15:08 - [MESSAGE][PASSED] - All options with index in [24] are selected on object 'Object Repository/DispensaryToStore/Page_Dispensary Store/select_--Select--Adernaline 0.'

2018-06-10 00:15:08 - [TEST_STEP][PASSED] - setText: Text '10' is set on object 'Object Repository/DispensaryToStore/Page_Dispensary Store/input_txttreat'

2018-06-10 00:15:08 - [MESSAGE][PASSED] - Text '10' is set on object 'Object Repository/DispensaryToStore/Page_Dispensary Store/input_txttreat'

2018-06-10 00:15:08 - [TEST_STEP][PASSED] - click: Object: 'Object Repository/DispensaryToStore/Page_Dispensary Store/button_Add' is clicked on

2018-06-10 00:15:08 - [MESSAGE][PASSED] - Object: 'Object Repository/DispensaryToStore/Page_Dispensary Store/button_Add' is clicked on

2018-06-10 00:15:08 - [TEST_STEP][PASSED] - selectOptionByIndex: All options with index in [3] are selected on object 'Object Repository/DispensaryToStore/Page_Dispensary Store/select_--Select--Schedule 1Inj'

2018-06-10 00:15:08 - [MESSAGE][PASSED] - All options with index in [3] are selected on object 'Object Repository/DispensaryToStore/Page_Dispensary Store/select_--Select--Schedule 1Inj'

2018-06-10 00:15:08 - [TEST_STEP][PASSED] - selectOptionByIndex: All options with index in [25] are selected on object 'Object Repository/DispensaryToStore/Page_Dispensary Store/select_--Select--Adernaline 0.'

2018-06-10 00:15:09 - [MESSAGE][PASSED] - All options with index in [25] are selected on object 'Object Repository/DispensaryToStore/Page_Dispensary Store/select_--Select--Adernaline 0.'

2018-06-10 00:15:09 - [TEST_STEP][PASSED] - setText: Text '10' is set on object 'Object Repository/DispensaryToStore/Page_Dispensary Store/input_txttreat'

2018-06-10 00:15:09 - [MESSAGE][PASSED] - Text '10' is set on object 'Object Repository/DispensaryToStore/Page_Dispensary Store/input_txttreat'

2018-06-10 00:15:09 - [TEST_STEP][PASSED] - click: Object: 'Object Repository/DispensaryToStore/Page_Dispensary Store/button_Add' is clicked on

2018-06-10 00:15:09 - [MESSAGE][PASSED] - Object: 'Object Repository/DispensaryToStore/Page_Dispensary Store/button_Add' is clicked on

2018-06-10 00:15:09 - [TEST_STEP][PASSED] - selectOptionByIndex: All options with index in [3] are selected on object 'Object Repository/DispensaryToStore/Page_Dispensary Store/select_--Select--Schedule 1Inj'

2018-06-10 00:15:09 - [MESSAGE][PASSED] - All options with index in [3] are selected on object 'Object Repository/DispensaryToStore/Page_Dispensary Store/select_--Select--Schedule 1Inj'

2018-06-10 00:15:09 - [TEST_STEP][PASSED] - selectOptionByIndex: All options with index in [26] are selected on object 'Object Repository/DispensaryToStore/Page_Dispensary Store/select_--Select--Adernaline 0.'

2018-06-10 00:15:09 - [MESSAGE][PASSED] - All options with index in [26] are selected on object 'Object Repository/DispensaryToStore/Page_Dispensary Store/select_--Select--Adernaline 0.'

2018-06-10 00:15:09 - [TEST_STEP][PASSED] - setText: Text '10' is set on object 'Object Repository/DispensaryToStore/Page_Dispensary Store/input_txttreat'

2018-06-10 00:15:09 - [MESSAGE][PASSED] - Text '10' is set on object 'Object Repository/DispensaryToStore/Page_Dispensary Store/input_txttreat'

2018-06-10 00:15:09 - [TEST_STEP][PASSED] - click: Object: 'Object Repository/DispensaryToStore/Page_Dispensary Store/button_Add' is clicked on

2018-06-10 00:15:09 - [MESSAGE][PASSED] - Object: 'Object Repository/DispensaryToStore/Page_Dispensary Store/button_Add' is clicked on

2018-06-10 00:15:09 - [TEST_STEP][PASSED] - selectOptionByIndex: All options with index in [3] are selected on object 'Object Repository/DispensaryToStore/Page_Dispensary Store/select_--Select--Schedule 1Inj'

2018-06-10 00:15:10 - [MESSAGE][PASSED] - All options with index in [3] are selected on object 'Object Repository/DispensaryToStore/Page_Dispensary Store/select_--Select--Schedule 1Inj'

2018-06-10 00:15:10 - [TEST_STEP][PASSED] - selectOptionByIndex: All options with index in [27] are selected on object 'Object Repository/DispensaryToStore/Page_Dispensary Store/select_--Select--Adernaline 0.'

2018-06-10 00:15:10 - [MESSAGE][PASSED] - All options with index in [27] are selected on object 'Object Repository/DispensaryToStore/Page_Dispensary Store/select_--Select--Adernaline 0.'

2018-06-10 00:15:10 - [TEST_STEP][PASSED] - setText: Text '10' is set on object 'Object Repository/DispensaryToStore/Page_Dispensary Store/input_txttreat'

2018-06-10 00:15:10 - [MESSAGE][PASSED] - Text '10' is set on object 'Object Repository/DispensaryToStore/Page_Dispensary Store/input_txttreat'

2018-06-10 00:15:10 - [TEST_STEP][PASSED] - click: Object: 'Object Repository/DispensaryToStore/Page_Dispensary Store/button_Add' is clicked on

2018-06-10 00:15:10 - [MESSAGE][PASSED] - Object: 'Object Repository/DispensaryToStore/Page_Dispensary Store/button_Add' is clicked on

2018-06-10 00:15:10 - [TEST_STEP][PASSED] - selectOptionByIndex: All options with index in [3] are selected on object 'Object Repository/DispensaryToStore/Page_Dispensary Store/select_--Select--Schedule 1Inj'

2018-06-10 00:15:10 - [MESSAGE][PASSED] - All options with index in [3] are selected on object 'Object Repository/DispensaryToStore/Page_Dispensary Store/select_--Select--Schedule 1Inj'

2018-06-10 00:15:10 - [TEST_STEP][PASSED] - selectOptionByIndex: All options with index in [28] are selected on object 'Object Repository/DispensaryToStore/Page_Dispensary Store/select_--Select--Adernaline 0.'

2018-06-10 00:15:11 - [MESSAGE][PASSED] - All options with index in [28] are selected on object 'Object Repository/DispensaryToStore/Page_Dispensary Store/select_--Select--Adernaline 0.'

2018-06-10 00:15:11 - [TEST_STEP][PASSED] - setText: Text '10' is set on object 'Object Repository/DispensaryToStore/Page_Dispensary Store/input_txttreat'

2018-06-10 00:15:11 - [MESSAGE][PASSED] - Text '10' is set on object 'Object Repository/DispensaryToStore/Page_Dispensary Store/input_txttreat'

2018-06-10 00:15:11 - [TEST_STEP][PASSED] - click: Object: 'Object Repository/DispensaryToStore/Page_Dispensary Store/button_Add' is clicked on

2018-06-10 00:15:11 - [MESSAGE][PASSED] - Object: 'Object Repository/DispensaryToStore/Page_Dispensary Store/button_Add' is clicked on

2018-06-10 00:15:11 - [TEST_STEP][PASSED] - selectOptionByIndex: All options with index in [3] are selected on object 'Object Repository/DispensaryToStore/Page_Dispensary Store/select_--Select--Schedule 1Inj'

2018-06-10 00:15:11 - [MESSAGE][PASSED] - All options with index in [3] are selected on object 'Object Repository/DispensaryToStore/Page_Dispensary Store/select_--Select--Schedule 1Inj'

2018-06-10 00:15:11 - [TEST_STEP][PASSED] - selectOptionByIndex: All options with index in [29] are selected on object 'Object Repository/DispensaryToStore/Page_Dispensary Store/select_--Select--Adernaline 0.'

2018-06-10 00:15:11 - [MESSAGE][PASSED] - All options with index in [29] are selected on object 'Object Repository/DispensaryToStore/Page_Dispensary Store/select_--Select--Adernaline 0.'

2018-06-10 00:15:11 - [TEST_STEP][PASSED] - setText: Text '10' is set on object 'Object Repository/DispensaryToStore/Page_Dispensary Store/input_txttreat'

2018-06-10 00:15:11 - [MESSAGE][PASSED] - Text '10' is set on object 'Object Repository/DispensaryToStore/Page_Dispensary Store/input_txttreat'

2018-06-10 00:15:11 - [TEST_STEP][PASSED] - click: Object: 'Object Repository/DispensaryToStore/Page_Dispensary Store/button_Add' is clicked on

2018-06-10 00:15:11 - [MESSAGE][PASSED] - Object: 'Object Repository/DispensaryToStore/Page_Dispensary Store/button_Add' is clicked on

2018-06-10 00:15:11 - [TEST_STEP][PASSED] - selectOptionByIndex: All options with index in [3] are selected on object 'Object Repository/DispensaryToStore/Page_Dispensary Store/select_--Select--Schedule 1Inj'

2018-06-10 00:15:12 - [MESSAGE][PASSED] - All options with index in [3] are selected on object 'Object Repository/DispensaryToStore/Page_Dispensary Store/select_--Select--Schedule 1Inj'

2018-06-10 00:15:12 - [TEST_STEP][PASSED] - selectOptionByIndex: All options with index in [30] are selected on object 'Object Repository/DispensaryToStore/Page_Dispensary Store/select_--Select--Adernaline 0.'

2018-06-10 00:15:12 - [MESSAGE][PASSED] - All options with index in [30] are selected on object 'Object Repository/DispensaryToStore/Page_Dispensary Store/select_--Select--Adernaline 0.'

2018-06-10 00:15:12 - [TEST_STEP][PASSED] - setText: Text '10' is set on object 'Object Repository/DispensaryToStore/Page_Dispensary Store/input_txttreat'

2018-06-10 00:15:12 - [MESSAGE][PASSED] - Text '10' is set on object 'Object Repository/DispensaryToStore/Page_Dispensary Store/input_txttreat'

2018-06-10 00:15:12 - [TEST_STEP][PASSED] - click: Object: 'Object Repository/DispensaryToStore/Page_Dispensary Store/button_Add' is clicked on

2018-06-10 00:15:12 - [MESSAGE][PASSED] - Object: 'Object Repository/DispensaryToStore/Page_Dispensary Store/button_Add' is clicked on

2018-06-10 00:15:12 - [TEST_STEP][PASSED] - selectOptionByIndex: All options with index in [3] are selected on object 'Object Repository/DispensaryToStore/Page_Dispensary Store/select_--Select--Schedule 1Inj'

2018-06-10 00:15:12 - [MESSAGE][PASSED] - All options with index in [3] are selected on object 'Object Repository/DispensaryToStore/Page_Dispensary Store/select_--Select--Schedule 1Inj'

2018-06-10 00:15:12 - [TEST_STEP][PASSED] - selectOptionByIndex: All options with index in [31] are selected on object 'Object Repository/DispensaryToStore/Page_Dispensary Store/select_--Select--Adernaline 0.'

2018-06-10 00:15:13 - [MESSAGE][PASSED] - All options with index in [31] are selected on object 'Object Repository/DispensaryToStore/Page_Dispensary Store/select_--Select--Adernaline 0.'

2018-06-10 00:15:13 - [TEST_STEP][PASSED] - setText: Text '10' is set on object 'Object Repository/DispensaryToStore/Page_Dispensary Store/input_txttreat'

2018-06-10 00:15:13 - [MESSAGE][PASSED] - Text '10' is set on object 'Object Repository/DispensaryToStore/Page_Dispensary Store/input_txttreat'

2018-06-10 00:15:13 - [TEST_STEP][PASSED] - click: Object: 'Object Repository/DispensaryToStore/Page_Dispensary Store/button_Add' is clicked on

2018-06-10 00:15:13 - [MESSAGE][PASSED] - Object: 'Object Repository/DispensaryToStore/Page_Dispensary Store/button_Add' is clicked on

2018-06-10 00:15:13 - [TEST_STEP][PASSED] - selectOptionByIndex: All options with index in [3] are selected on object 'Object Repository/DispensaryToStore/Page_Dispensary Store/select_--Select--Schedule 1Inj'

2018-06-10 00:15:13 - [MESSAGE][PASSED] - All options with index in [3] are selected on object 'Object Repository/DispensaryToStore/Page_Dispensary Store/select_--Select--Schedule 1Inj'

2018-06-10 00:15:13 - [TEST_STEP][PASSED] - selectOptionByIndex: All options with index in [32] are selected on object 'Object Repository/DispensaryToStore/Page_Dispensary Store/select_--Select--Adernaline 0.'

2018-06-10 00:15:14 - [MESSAGE][PASSED] - All options with index in [32] are selected on object 'Object Repository/DispensaryToStore/Page_Dispensary Store/select_--Select--Adernaline 0.'

2018-06-10 00:15:14 - [TEST_STEP][PASSED] - setText: Text '10' is set on object 'Object Repository/DispensaryToStore/Page_Dispensary Store/input_txttreat'

2018-06-10 00:15:14 - [MESSAGE][PASSED] - Text '10' is set on object 'Object Repository/DispensaryToStore/Page_Dispensary Store/input_txttreat'

2018-06-10 00:15:14 - [TEST_STEP][PASSED] - click: Object: 'Object Repository/DispensaryToStore/Page_Dispensary Store/button_Add' is clicked on

2018-06-10 00:15:14 - [MESSAGE][PASSED] - Object: 'Object Repository/DispensaryToStore/Page_Dispensary Store/button_Add' is clicked on

2018-06-10 00:15:14 - [TEST_STEP][PASSED] - selectOptionByIndex: All options with index in [3] are selected on object 'Object Repository/DispensaryToStore/Page_Dispensary Store/select_--Select--Schedule 1Inj'

2018-06-10 00:15:14 - [MESSAGE][PASSED] - All options with index in [3] are selected on object 'Object Repository/DispensaryToStore/Page_Dispensary Store/select_--Select--Schedule 1Inj'

2018-06-10 00:15:14 - [TEST_STEP][PASSED] - selectOptionByIndex: All options with index in [33] are selected on object 'Object Repository/DispensaryToStore/Page_Dispensary Store/select_--Select--Adernaline 0.'

2018-06-10 00:15:14 - [MESSAGE][PASSED] - All options with index in [33] are selected on object 'Object Repository/DispensaryToStore/Page_Dispensary Store/select_--Select--Adernaline 0.'

2018-06-10 00:15:14 - [TEST_STEP][PASSED] - setText: Text '10' is set on object 'Object Repository/DispensaryToStore/Page_Dispensary Store/input_txttreat'

2018-06-10 00:15:14 - [MESSAGE][PASSED] - Text '10' is set on object 'Object Repository/DispensaryToStore/Page_Dispensary Store/input_txttreat'

2018-06-10 00:15:14 - [TEST_STEP][PASSED] - click: Object: 'Object Repository/DispensaryToStore/Page_Dispensary Store/button_Add' is clicked on

2018-06-10 00:15:14 - [MESSAGE][PASSED] - Object: 'Object Repository/DispensaryToStore/Page_Dispensary Store/button_Add' is clicked on

2018-06-10 00:15:14 - [TEST_STEP][PASSED] - selectOptionByIndex: All options with index in [3] are selected on object 'Object Repository/DispensaryToStore/Page_Dispensary Store/select_--Select--Schedule 1Inj'

2018-06-10 00:15:15 - [MESSAGE][PASSED] - All options with index in [3] are selected on object 'Object Repository/DispensaryToStore/Page_Dispensary Store/select_--Select--Schedule 1Inj'

2018-06-10 00:15:15 - [TEST_STEP][PASSED] - selectOptionByIndex: All options with index in [34] are selected on object 'Object Repository/DispensaryToStore/Page_Dispensary Store/select_--Select--Adernaline 0.'

2018-06-10 00:15:15 - [MESSAGE][PASSED] - All options with index in [34] are selected on object 'Object Repository/DispensaryToStore/Page_Dispensary Store/select_--Select--Adernaline 0.'

2018-06-10 00:15:15 - [TEST_STEP][PASSED] - setText: Text '10' is set on object 'Object Repository/DispensaryToStore/Page_Dispensary Store/input_txttreat'

2018-06-10 00:15:15 - [MESSAGE][PASSED] - Text '10' is set on object 'Object Repository/DispensaryToStore/Page_Dispensary Store/input_txttreat'

2018-06-10 00:15:15 - [TEST_STEP][PASSED] - click: Object: 'Object Repository/DispensaryToStore/Page_Dispensary Store/button_Add' is clicked on

2018-06-10 00:15:15 - [MESSAGE][PASSED] - Object: 'Object Repository/DispensaryToStore/Page_Dispensary Store/button_Add' is clicked on

2018-06-10 00:15:15 - [TEST_STEP][PASSED] - selectOptionByIndex: All options with index in [3] are selected on object 'Object Repository/DispensaryToStore/Page_Dispensary Store/select_--Select--Schedule 1Inj'

2018-06-10 00:15:15 - [MESSAGE][PASSED] - All options with index in [3] are selected on object 'Object Repository/DispensaryToStore/Page_Dispensary Store/select_--Select--Schedule 1Inj'

2018-06-10 00:15:15 - [TEST_STEP][PASSED] - selectOptionByIndex: All options with index in [35] are selected on object 'Object Repository/DispensaryToStore/Page_Dispensary Store/select_--Select--Adernaline 0.'

2018-06-10 00:15:16 - [MESSAGE][PASSED] - All options with index in [35] are selected on object 'Object Repository/DispensaryToStore/Page_Dispensary Store/select_--Select--Adernaline 0.'

2018-06-10 00:15:16 - [TEST_STEP][PASSED] - setText: Text '10' is set on object 'Object Repository/DispensaryToStore/Page_Dispensary Store/input_txttreat'

2018-06-10 00:15:16 - [MESSAGE][PASSED] - Text '10' is set on object 'Object Repository/DispensaryToStore/Page_Dispensary Store/input_txttreat'

2018-06-10 00:15:16 - [TEST_STEP][PASSED] - click: Object: 'Object Repository/DispensaryToStore/Page_Dispensary Store/button_Add' is clicked on

2018-06-10 00:15:16 - [MESSAGE][PASSED] - Object: 'Object Repository/DispensaryToStore/Page_Dispensary Store/button_Add' is clicked on

2018-06-10 00:15:16 - [TEST_STEP][PASSED] - selectOptionByIndex: All options with index in [3] are selected on object 'Object Repository/DispensaryToStore/Page_Dispensary Store/select_--Select--Schedule 1Inj'

2018-06-10 00:15:16 - [MESSAGE][PASSED] - All options with index in [3] are selected on object 'Object Repository/DispensaryToStore/Page_Dispensary Store/select_--Select--Schedule 1Inj'

2018-06-10 00:15:16 - [TEST_STEP][PASSED] - selectOptionByIndex: All options with index in [36] are selected on object 'Object Repository/DispensaryToStore/Page_Dispensary Store/select_--Select--Adernaline 0.'

2018-06-10 00:15:17 - [MESSAGE][PASSED] - All options with index in [36] are selected on object 'Object Repository/DispensaryToStore/Page_Dispensary Store/select_--Select--Adernaline 0.'

2018-06-10 00:15:17 - [TEST_STEP][PASSED] - setText: Text '10' is set on object 'Object Repository/DispensaryToStore/Page_Dispensary Store/input_txttreat'

2018-06-10 00:15:17 - [MESSAGE][PASSED] - Text '10' is set on object 'Object Repository/DispensaryToStore/Page_Dispensary Store/input_txttreat'

2018-06-10 00:15:17 - [TEST_STEP][PASSED] - click: Object: 'Object Repository/DispensaryToStore/Page_Dispensary Store/button_Add' is clicked on

2018-06-10 00:15:17 - [MESSAGE][PASSED] - Object: 'Object Repository/DispensaryToStore/Page_Dispensary Store/button_Add' is clicked on

2018-06-10 00:15:17 - [TEST_STEP][PASSED] - scrollToElement: Scroll to object 'Object Repository/DispensaryToStore/Page_Dispensary Store/input_btnsave' successfully

2018-06-10 00:15:17 - [MESSAGE][PASSED] - Scroll to object 'Object Repository/DispensaryToStore/Page_Dispensary Store/input_btnsave' successfully

2018-06-10 00:15:17 - [TEST_STEP][PASSED] - click: Object: 'Object Repository/DispensaryToStore/Page_Dispensary Store/input_btnsave' is clicked on

2018-06-10 00:15:17 - [MESSAGE][PASSED] - Object: 'Object Repository/DispensaryToStore/Page_Dispensary Store/input_btnsave' is clicked on

2018-06-10 00:15:17 - [TEST_STEP][PASSED] - delay: Delayed 3 second(s)

2018-06-10 00:15:20 - [MESSAGE][PASSED] - Delayed 3 second(s)

2018-06-10 00:15:20 - [TEST_STEP][PASSED] - Statement - RN1 = com.kms.katalon.core.webui.keyword.WebUiBuiltInKeywords.getText(com.kms.katalon.core.testobject.ObjectRepository.findTestObject(DispensaryToStore/Page_Dispensary Store/font_HPRNO180520187)): Text of object 'Object Repository/DispensaryToStore/Page_Dispensary Store/font_HPRNO180520187' is: 'DPRNO/10062018/233'

2018-06-10 00:15:20 - [MESSAGE][PASSED] - Text of object 'Object Repository/DispensaryToStore/Page_Dispensary Store/font_HPRNO180520187' is: 'DPRNO/10062018/233'

2018-06-10 00:15:20 - [TEST_STEP][PASSED] - Statement - out.println(RN1): null

2018-06-10 00:15:20 - [TEST_STEP][PASSED] - Statement - RID = RN1.split("/")[2]: null

2018-06-10 00:15:20 - [TEST_STEP][PASSED] - click: Object: 'Object Repository/DispensaryToStore/Page_Dispensary Store/button_OK' is clicked on

2018-06-10 00:15:20 - [MESSAGE][PASSED] - Object: 'Object Repository/DispensaryToStore/Page_Dispensary Store/button_OK' is clicked on

2018-06-10 00:15:20 - [TEST_STEP][PASSED] - delay: Delayed 3 second(s)

2018-06-10 00:15:23 - [MESSAGE][PASSED] - Delayed 3 second(s)

2018-06-10 00:15:23 - [TEST_STEP][PASSED] - waitForElementPresent: Object 'Object Repository/DispensaryToStore/Page_Dispensary Store/a_dropdown-toggle' is present

2018-06-10 00:15:23 - [MESSAGE][PASSED] - Object 'Object Repository/DispensaryToStore/Page_Dispensary Store/a_dropdown-toggle' is present

2018-06-10 00:15:23 - [TEST_STEP][PASSED] - click: Object: 'Object Repository/DispensaryToStore/Page_Dispensary Store/a_dropdown-toggle' is clicked on

2018-06-10 00:15:23 - [MESSAGE][PASSED] - Object: 'Object Repository/DispensaryToStore/Page_Dispensary Store/a_dropdown-toggle' is clicked on

2018-06-10 00:15:23 - [TEST_STEP][PASSED] - click: Object: 'Object Repository/DispensaryToStore/Page_Dispensary Store/a_Sign out' is clicked on

2018-06-10 00:15:24 - [MESSAGE][PASSED] - Object: 'Object Repository/DispensaryToStore/Page_Dispensary Store/a_Sign out' is clicked on

2018-06-10 00:15:24 - [TEST_STEP][PASSED] - delay: Delayed 3 second(s)

2018-06-10 00:15:27 - [MESSAGE][PASSED] - Delayed 3 second(s)

2018-06-10 00:15:27 - [TEST_STEP][PASSED] - navigateToUrl: Navigate to 'http://192.168.137.1/multihospital_new/' successfully

2018-06-10 00:15:27 - [MESSAGE][PASSED] - Navigate to 'http://192.168.137.1/multihospital_new/' successfully

2018-06-10 00:15:27 - [TEST_STEP][PASSED] - click: Object: 'Object Repository/DispensaryToStore/Page_KDMC/a_CMO' is clicked on

2018-06-10 00:15:28 - [MESSAGE][PASSED] - Object: 'Object Repository/DispensaryToStore/Page_KDMC/a_CMO' is clicked on

2018-06-10 00:15:28 - [TEST_STEP][PASSED] - setText: Text 'guru' is set on object 'Object Repository/DispensaryToStore/Page_CMO login/input_txtusername'

2018-06-10 00:15:28 - [MESSAGE][PASSED] - Text 'guru' is set on object 'Object Repository/DispensaryToStore/Page_CMO login/input_txtusername'

2018-06-10 00:15:28 - [TEST_STEP][PASSED] - setText: Text '123' is set on object 'Object Repository/DispensaryToStore/Page_CMO login/input_txtpassword'

2018-06-10 00:15:28 - [MESSAGE][PASSED] - Text '123' is set on object 'Object Repository/DispensaryToStore/Page_CMO login/input_txtpassword'

2018-06-10 00:15:28 - [TEST_STEP][PASSED] - delay: Delayed 3 second(s)

2018-06-10 00:15:31 - [MESSAGE][PASSED] - Delayed 3 second(s)

2018-06-10 00:15:31 - [TEST_STEP][PASSED] - click: Object: 'Object Repository/DispensaryToStore/Page_CMO login/button_Sign in' is clicked on

2018-06-10 00:15:32 - [MESSAGE][PASSED] - Object: 'Object Repository/DispensaryToStore/Page_CMO login/button_Sign in' is clicked on

2018-06-10 00:15:32 - [TEST_STEP][PASSED] - click: Object: 'Object Repository/DispensaryToStore/Page_KDMC - CMO/a_Department Wise Request' is clicked on

2018-06-10 00:15:34 - [MESSAGE][PASSED] - Object: 'Object Repository/DispensaryToStore/Page_KDMC - CMO/a_Department Wise Request' is clicked on

2018-06-10 00:15:34 - [TEST_STEP][PASSED] - delay: Delayed 2 second(s)

2018-06-10 00:15:36 - [MESSAGE][PASSED] - Delayed 2 second(s)

2018-06-10 00:15:36 - [TEST_STEP][PASSED] - selectOptionByIndex: All options with index in [6] are selected on object 'Object Repository/DispensaryToStore/Page_KDMC - CMO/select_--ALL--'

2018-06-10 00:15:36 - [MESSAGE][PASSED] - All options with index in [6] are selected on object 'Object Repository/DispensaryToStore/Page_KDMC - CMO/select_--ALL--'

2018-06-10 00:15:36 - [TEST_STEP][PASSED] - click: Object: 'Object Repository/DispensaryToStore/Page_KDMC - CMO/input_btnsearch' is clicked on

2018-06-10 00:15:37 - [MESSAGE][PASSED] - Object: 'Object Repository/DispensaryToStore/Page_KDMC - CMO/input_btnsearch' is clicked on

2018-06-10 00:15:37 - [TEST_STEP][PASSED] - selectOptionByIndex: All options with index in [1] are selected on object 'Object Repository/DispensaryToStore/Page_KDMC - CMO/select_--ALL--                _1'

2018-06-10 00:15:37 - [MESSAGE][PASSED] - All options with index in [1] are selected on object 'Object Repository/DispensaryToStore/Page_KDMC - CMO/select_--ALL--                _1'

2018-06-10 00:15:37 - [TEST_STEP][PASSED] - click: Object: 'Object Repository/DispensaryToStore/Page_KDMC - CMO/input_btnsearch' is clicked on

2018-06-10 00:15:37 - [MESSAGE][PASSED] - Object: 'Object Repository/DispensaryToStore/Page_KDMC - CMO/input_btnsearch' is clicked on

2018-06-10 00:15:37 - [TEST_STEP][PASSED] - Statement - ID = com.kms.katalon.core.webui.keyword.WebUiBuiltInKeywords.modifyObjectProperty(com.kms.katalon.core.testobject.ObjectRepository.findTestObject(lab/Page_KDMC - CMO/input_1), "xpath", "equals", "//*[@id=" + RID + "]", true): Modify property of object successfully

2018-06-10 00:15:37 - [MESSAGE][PASSED] - Modify property of object successfully

2018-06-10 00:15:37 - [TEST_STEP][PASSED] - click: Object: 'Object Repository/lab/Page_KDMC - CMO/input_1' is clicked on

2018-06-10 00:15:37 - [MESSAGE][PASSED] - Object: 'Object Repository/lab/Page_KDMC - CMO/input_1' is clicked on

2018-06-10 00:15:37 - [TEST_STEP][PASSED] - delay: Delayed 2 second(s)

2018-06-10 00:15:39 - [MESSAGE][PASSED] - Delayed 2 second(s)

2018-06-10 00:15:39 - [TEST_STEP][PASSED] - selectOptionByIndex: All options with index in [1] are selected on object 'Object Repository/DispensaryToStore/Page_KDMC - CMO/select_--Select--'

2018-06-10 00:15:40 - [MESSAGE][PASSED] - All options with index in [1] are selected on object 'Object Repository/DispensaryToStore/Page_KDMC - CMO/select_--Select--'

2018-06-10 00:15:40 - [TEST_STEP][PASSED] - click: Object: 'Object Repository/DispensaryToStore/Page_KDMC - CMO/input_btnupdate' is clicked on

2018-06-10 00:15:40 - [MESSAGE][PASSED] - Object: 'Object Repository/DispensaryToStore/Page_KDMC - CMO/input_btnupdate' is clicked on

2018-06-10 00:15:40 - [TEST_STEP][PASSED] - delay: Delayed 2 second(s)

2018-06-10 00:15:42 - [MESSAGE][PASSED] - Delayed 2 second(s)

2018-06-10 00:15:42 - [TEST_STEP][PASSED] - click: Object: 'Object Repository/DispensaryToStore/Page_KDMC - CMO/button_OK' is clicked on

2018-06-10 00:15:42 - [MESSAGE][PASSED] - Object: 'Object Repository/DispensaryToStore/Page_KDMC - CMO/button_OK' is clicked on

2018-06-10 00:15:42 - [TEST_STEP][PASSED] - delay: Delayed 2 second(s)

2018-06-10 00:15:44 - [MESSAGE][PASSED] - Delayed 2 second(s)

2018-06-10 00:15:44 - [TEST_STEP][PASSED] - waitForElementPresent: Object 'Object Repository/DispensaryToStore/Page_Dispensary Store/a_dropdown-toggle' is not present after 20 second(s)

2018-06-10 00:16:05 - [MESSAGE][WARNING] - Object 'Object Repository/DispensaryToStore/Page_Dispensary Store/a_dropdown-toggle' is not present after 20 second(s)

2018-06-10 00:16:05 - [TEST_STEP][PASSED] - click: Object: 'Object Repository/DispensaryToStore/Page_KDMC - CMO/a_dropdown-toggle' is clicked on

2018-06-10 00:16:05 - [MESSAGE][PASSED] - Object: 'Object Repository/DispensaryToStore/Page_KDMC - CMO/a_dropdown-toggle' is clicked on

2018-06-10 00:16:05 - [TEST_STEP][PASSED] - click: Object: 'Object Repository/DispensaryToStore/Page_KDMC - CMO/a_Sign out' is clicked on

2018-06-10 00:16:05 - [MESSAGE][PASSED] - Object: 'Object Repository/DispensaryToStore/Page_KDMC - CMO/a_Sign out' is clicked on

2018-06-10 00:16:05 - [TEST_STEP][PASSED] - delay: Delayed 3 second(s)

2018-06-10 00:16:08 - [MESSAGE][PASSED] - Delayed 3 second(s)

2018-06-10 00:16:08 - [TEST_STEP][PASSED] - click: Object: 'Object Repository/DispensaryToStore/Page_KDMC/a_Divisional Store' is clicked on

2018-06-10 00:16:09 - [MESSAGE][PASSED] - Object: 'Object Repository/DispensaryToStore/Page_KDMC/a_Divisional Store' is clicked on

2018-06-10 00:16:09 - [TEST_STEP][PASSED] - setText: Text 'ragu' is set on object 'Object Repository/DispensaryToStore/Page_Divisonal Store Login/input_txtusername'

2018-06-10 00:16:09 - [MESSAGE][PASSED] - Text 'ragu' is set on object 'Object Repository/DispensaryToStore/Page_Divisonal Store Login/input_txtusername'

2018-06-10 00:16:09 - [TEST_STEP][PASSED] - setText: Text '123' is set on object 'Object Repository/DispensaryToStore/Page_Divisonal Store Login/input_txtpassword'

2018-06-10 00:16:09 - [MESSAGE][PASSED] - Text '123' is set on object 'Object Repository/DispensaryToStore/Page_Divisonal Store Login/input_txtpassword'

2018-06-10 00:16:09 - [TEST_STEP][PASSED] - delay: Delayed 3 second(s)

2018-06-10 00:16:12 - [MESSAGE][PASSED] - Delayed 3 second(s)

2018-06-10 00:16:12 - [TEST_STEP][PASSED] - click: Object: 'Object Repository/DispensaryToStore/Page_Divisonal Store Login/button_Sign in' is clicked on

2018-06-10 00:16:14 - [MESSAGE][PASSED] - Object: 'Object Repository/DispensaryToStore/Page_Divisonal Store Login/button_Sign in' is clicked on

2018-06-10 00:16:14 - [TEST_STEP][PASSED] - delay: Delayed 3 second(s)

2018-06-10 00:16:17 - [MESSAGE][PASSED] - Delayed 3 second(s)

2018-06-10 00:16:17 - [TEST_STEP][PASSED] - scrollToPosition: Browser is scrolled to position x = 100, y = 100

2018-06-10 00:16:17 - [MESSAGE][PASSED] - Browser is scrolled to position x = 100, y = 100

2018-06-10 00:16:17 - [TEST_STEP][PASSED] - click: Object: 'Object Repository/DispensaryToStore/Page_Store/a_Dispensary Request' is clicked on

2018-06-10 00:16:17 - [MESSAGE][PASSED] - Object: 'Object Repository/DispensaryToStore/Page_Store/a_Dispensary Request' is clicked on

2018-06-10 00:16:17 - [TEST_STEP][PASSED] - delay: Delayed 2 second(s)

2018-06-10 00:16:19 - [MESSAGE][PASSED] - Delayed 2 second(s)

2018-06-10 00:16:19 - [TEST_STEP][PASSED] - click: Object: 'Object Repository/DispensaryToStore/Page_Store/a_Request Item Dispensary' is clicked on

2018-06-10 00:16:20 - [MESSAGE][PASSED] - Object: 'Object Repository/DispensaryToStore/Page_Store/a_Request Item Dispensary' is clicked on

2018-06-10 00:16:20 - [TEST_STEP][PASSED] - Statement - ChooseRequest = com.kms.katalon.core.webui.keyword.WebUiBuiltInKeywords.modifyObjectProperty(com.kms.katalon.core.testobject.ObjectRepository.findTestObject(lab/Page_Store/input_1), "xpath", "equals", "//*[@id=" + RID + "]", true): Modify property of object successfully

2018-06-10 00:16:20 - [MESSAGE][PASSED] - Modify property of object successfully

2018-06-10 00:16:20 - [TEST_STEP][PASSED] - click: Object: 'Object Repository/lab/Page_Store/input_1' is clicked on

2018-06-10 00:16:21 - [MESSAGE][PASSED] - Object: 'Object Repository/lab/Page_Store/input_1' is clicked on

2018-06-10 00:16:21 - [TEST_STEP][PASSED] - Statement - selectedoptions = com.kms.katalon.core.webui.keyword.WebUiBuiltInKeywords.getNumberOfTotalOption(com.kms.katalon.core.testobject.ObjectRepository.findTestObject(DispensaryToStore/Page_Store/select_--Select--Adernaline 0.)): 37 options of object 'Object Repository/DispensaryToStore/Page_Store/select_--Select--Adernaline 0.' counted

2018-06-10 00:16:21 - [MESSAGE][PASSED] - 37 options of object 'Object Repository/DispensaryToStore/Page_Store/select_--Select--Adernaline 0.' counted

2018-06-10 00:16:21 - [TEST_STEP][PASSED] - Statement - For ([a = 1, a <= selectedoptions - 1, (a++)]): null

2018-06-10 00:16:21 - [TEST_STEP][PASSED] - selectOptionByIndex: All options with index in [1] are selected on object 'Object Repository/DispensaryToStore/Page_Store/select_--Select--Adernaline 0.'

2018-06-10 00:16:21 - [MESSAGE][PASSED] - All options with index in [1] are selected on object 'Object Repository/DispensaryToStore/Page_Store/select_--Select--Adernaline 0.'

2018-06-10 00:16:21 - [TEST_STEP][PASSED] - delay: Delayed 2 second(s)

2018-06-10 00:16:23 - [MESSAGE][PASSED] - Delayed 2 second(s)

2018-06-10 00:16:23 - [TEST_STEP][PASSED] - Statement - RequestedQty = com.kms.katalon.core.webui.keyword.WebUiBuiltInKeywords.getAttribute(com.kms.katalon.core.testobject.ObjectRepository.findTestObject(DispensaryToStore/Page_Store/input_txttotal), "value"): Attribute 'value' of object 'Object Repository/DispensaryToStore/Page_Store/input_txttotal' is: '10'

2018-06-10 00:16:23 - [MESSAGE][PASSED] - Attribute 'value' of object 'Object Repository/DispensaryToStore/Page_Store/input_txttotal' is: '10'

2018-06-10 00:16:23 - [TEST_STEP][PASSED] - Statement - out.println("Requested QTY : " + RequestedQty): null

2018-06-10 00:16:23 - [TEST_STEP][PASSED] - Statement - BatchNumber = com.kms.katalon.core.webui.keyword.WebUiBuiltInKeywords.getNumberOfTotalOption(com.kms.katalon.core.testobject.ObjectRepository.findTestObject(DispensaryToStore/Page_Store/select_--Select--BA1170BA2376B)): 6 options of object 'Object Repository/DispensaryToStore/Page_Store/select_--Select--BA1170BA2376B' counted

2018-06-10 00:16:23 - [MESSAGE][PASSED] - 6 options of object 'Object Repository/DispensaryToStore/Page_Store/select_--Select--BA1170BA2376B' counted

2018-06-10 00:16:23 - [TEST_STEP][PASSED] - Statement - For ([g = 1, g <= BatchNumber - 1, (g++)]): null

2018-06-10 00:16:23 - [TEST_STEP][PASSED] - selectOptionByIndex: All options with index in [1] are selected on object 'Object Repository/DispensaryToStore/Page_Store/select_--Select--BA1170BA2376B'

2018-06-10 00:16:23 - [MESSAGE][PASSED] - All options with index in [1] are selected on object 'Object Repository/DispensaryToStore/Page_Store/select_--Select--BA1170BA2376B'

2018-06-10 00:16:23 - [TEST_STEP][PASSED] - Statement - Try: null

2018-06-10 00:16:23 - [TEST_STEP][PASSED] - Statement - StockQty = com.kms.katalon.core.webui.keyword.WebUiBuiltInKeywords.getAttribute(com.kms.katalon.core.testobject.ObjectRepository.findTestObject(DispensaryToStore/Page_Store/input_txtprice), "value"): Attribute 'value' of object 'Object Repository/DispensaryToStore/Page_Store/input_txtprice' is: '170'

2018-06-10 00:16:23 - [MESSAGE][PASSED] - Attribute 'value' of object 'Object Repository/DispensaryToStore/Page_Store/input_txtprice' is: '170'

2018-06-10 00:16:23 - [TEST_STEP][PASSED] - Statement - out.println("Stock QTY : " + StockQty): null

2018-06-10 00:16:23 - [TEST_STEP][PASSED] - delay: Delayed 2 second(s)

2018-06-10 00:16:25 - [MESSAGE][PASSED] - Delayed 2 second(s)

2018-06-10 00:16:25 - [TEST_STEP][PASSED] - Statement - If (java.lang.String.valueOf(StockQty) >= java.lang.String.valueOf(RequestedQty)): null

2018-06-10 00:16:25 - [TEST_STEP][PASSED] - setText: Text '10' is set on object 'Object Repository/DispensaryToStore/Page_Store/input_txtqty'

2018-06-10 00:16:25 - [MESSAGE][PASSED] - Text '10' is set on object 'Object Repository/DispensaryToStore/Page_Store/input_txtqty'

2018-06-10 00:16:25 - [TEST_STEP][PASSED] - click: Object: 'Object Repository/DispensaryToStore/Page_Store/button_Add' is clicked on

2018-06-10 00:16:26 - [MESSAGE][PASSED] - Object: 'Object Repository/DispensaryToStore/Page_Store/button_Add' is clicked on

2018-06-10 00:16:26 - [TEST_STEP][PASSED] - Statement - Break: null

2018-06-10 00:16:26 - [TEST_STEP][PASSED] - selectOptionByIndex: All options with index in [2] are selected on object 'Object Repository/DispensaryToStore/Page_Store/select_--Select--Adernaline 0.'

2018-06-10 00:16:26 - [MESSAGE][PASSED] - All options with index in [2] are selected on object 'Object Repository/DispensaryToStore/Page_Store/select_--Select--Adernaline 0.'

2018-06-10 00:16:26 - [TEST_STEP][PASSED] - delay: Delayed 2 second(s)

2018-06-10 00:16:28 - [MESSAGE][PASSED] - Delayed 2 second(s)

2018-06-10 00:16:28 - [TEST_STEP][PASSED] - Statement - RequestedQty = com.kms.katalon.core.webui.keyword.WebUiBuiltInKeywords.getAttribute(com.kms.katalon.core.testobject.ObjectRepository.findTestObject(DispensaryToStore/Page_Store/input_txttotal), "value"): Attribute 'value' of object 'Object Repository/DispensaryToStore/Page_Store/input_txttotal' is: '10'

2018-06-10 00:16:28 - [MESSAGE][PASSED] - Attribute 'value' of object 'Object Repository/DispensaryToStore/Page_Store/input_txttotal' is: '10'

2018-06-10 00:16:28 - [TEST_STEP][PASSED] - Statement - out.println("Requested QTY : " + RequestedQty): null

2018-06-10 00:16:28 - [TEST_STEP][PASSED] - Statement - BatchNumber = com.kms.katalon.core.webui.keyword.WebUiBuiltInKeywords.getNumberOfTotalOption(com.kms.katalon.core.testobject.ObjectRepository.findTestObject(DispensaryToStore/Page_Store/select_--Select--BA1170BA2376B)): 5 options of object 'Object Repository/DispensaryToStore/Page_Store/select_--Select--BA1170BA2376B' counted

2018-06-10 00:16:28 - [MESSAGE][PASSED] - 5 options of object 'Object Repository/DispensaryToStore/Page_Store/select_--Select--BA1170BA2376B' counted

2018-06-10 00:16:28 - [TEST_STEP][PASSED] - Statement - For ([g = 1, g <= BatchNumber - 1, (g++)]): null

2018-06-10 00:16:28 - [TEST_STEP][PASSED] - selectOptionByIndex: All options with index in [1] are selected on object 'Object Repository/DispensaryToStore/Page_Store/select_--Select--BA1170BA2376B'

2018-06-10 00:16:28 - [MESSAGE][PASSED] - All options with index in [1] are selected on object 'Object Repository/DispensaryToStore/Page_Store/select_--Select--BA1170BA2376B'

2018-06-10 00:16:28 - [TEST_STEP][PASSED] - Statement - Try: null

2018-06-10 00:16:28 - [TEST_STEP][PASSED] - Statement - StockQty = com.kms.katalon.core.webui.keyword.WebUiBuiltInKeywords.getAttribute(com.kms.katalon.core.testobject.ObjectRepository.findTestObject(DispensaryToStore/Page_Store/input_txtprice), "value"): Attribute 'value' of object 'Object Repository/DispensaryToStore/Page_Store/input_txtprice' is: '470'

2018-06-10 00:16:28 - [MESSAGE][PASSED] - Attribute 'value' of object 'Object Repository/DispensaryToStore/Page_Store/input_txtprice' is: '470'

2018-06-10 00:16:28 - [TEST_STEP][PASSED] - Statement - out.println("Stock QTY : " + StockQty): null

2018-06-10 00:16:28 - [TEST_STEP][PASSED] - delay: Delayed 2 second(s)

2018-06-10 00:16:30 - [MESSAGE][PASSED] - Delayed 2 second(s)

2018-06-10 00:16:30 - [TEST_STEP][PASSED] - Statement - If (java.lang.String.valueOf(StockQty) >= java.lang.String.valueOf(RequestedQty)): null

2018-06-10 00:16:30 - [TEST_STEP][PASSED] - setText: Text '10' is set on object 'Object Repository/DispensaryToStore/Page_Store/input_txtqty'

2018-06-10 00:16:30 - [MESSAGE][PASSED] - Text '10' is set on object 'Object Repository/DispensaryToStore/Page_Store/input_txtqty'

2018-06-10 00:16:30 - [TEST_STEP][PASSED] - click: Object: 'Object Repository/DispensaryToStore/Page_Store/button_Add' is clicked on

2018-06-10 00:16:30 - [MESSAGE][PASSED] - Object: 'Object Repository/DispensaryToStore/Page_Store/button_Add' is clicked on

2018-06-10 00:16:30 - [TEST_STEP][PASSED] - Statement - Break: null

2018-06-10 00:16:30 - [TEST_STEP][PASSED] - selectOptionByIndex: All options with index in [3] are selected on object 'Object Repository/DispensaryToStore/Page_Store/select_--Select--Adernaline 0.'

2018-06-10 00:16:30 - [MESSAGE][PASSED] - All options with index in [3] are selected on object 'Object Repository/DispensaryToStore/Page_Store/select_--Select--Adernaline 0.'

2018-06-10 00:16:30 - [TEST_STEP][PASSED] - delay: Delayed 2 second(s)

2018-06-10 00:16:32 - [MESSAGE][PASSED] - Delayed 2 second(s)

2018-06-10 00:16:32 - [TEST_STEP][PASSED] - Statement - RequestedQty = com.kms.katalon.core.webui.keyword.WebUiBuiltInKeywords.getAttribute(com.kms.katalon.core.testobject.ObjectRepository.findTestObject(DispensaryToStore/Page_Store/input_txttotal), "value"): Attribute 'value' of object 'Object Repository/DispensaryToStore/Page_Store/input_txttotal' is: '10'

2018-06-10 00:16:32 - [MESSAGE][PASSED] - Attribute 'value' of object 'Object Repository/DispensaryToStore/Page_Store/input_txttotal' is: '10'

2018-06-10 00:16:32 - [TEST_STEP][PASSED] - Statement - out.println("Requested QTY : " + RequestedQty): null

2018-06-10 00:16:32 - [TEST_STEP][PASSED] - Statement - BatchNumber = com.kms.katalon.core.webui.keyword.WebUiBuiltInKeywords.getNumberOfTotalOption(com.kms.katalon.core.testobject.ObjectRepository.findTestObject(DispensaryToStore/Page_Store/select_--Select--BA1170BA2376B)): 3 options of object 'Object Repository/DispensaryToStore/Page_Store/select_--Select--BA1170BA2376B' counted

2018-06-10 00:16:32 - [MESSAGE][PASSED] - 3 options of object 'Object Repository/DispensaryToStore/Page_Store/select_--Select--BA1170BA2376B' counted

2018-06-10 00:16:32 - [TEST_STEP][PASSED] - Statement - For ([g = 1, g <= BatchNumber - 1, (g++)]): null

2018-06-10 00:16:32 - [TEST_STEP][PASSED] - selectOptionByIndex: All options with index in [1] are selected on object 'Object Repository/DispensaryToStore/Page_Store/select_--Select--BA1170BA2376B'

2018-06-10 00:16:32 - [MESSAGE][PASSED] - All options with index in [1] are selected on object 'Object Repository/DispensaryToStore/Page_Store/select_--Select--BA1170BA2376B'

2018-06-10 00:16:32 - [TEST_STEP][PASSED] - Statement - Try: null

2018-06-10 00:16:32 - [TEST_STEP][PASSED] - Statement - StockQty = com.kms.katalon.core.webui.keyword.WebUiBuiltInKeywords.getAttribute(com.kms.katalon.core.testobject.ObjectRepository.findTestObject(DispensaryToStore/Page_Store/input_txtprice), "value"): Attribute 'value' of object 'Object Repository/DispensaryToStore/Page_Store/input_txtprice' is: '170'

2018-06-10 00:16:32 - [MESSAGE][PASSED] - Attribute 'value' of object 'Object Repository/DispensaryToStore/Page_Store/input_txtprice' is: '170'

2018-06-10 00:16:32 - [TEST_STEP][PASSED] - Statement - out.println("Stock QTY : " + StockQty): null

2018-06-10 00:16:32 - [TEST_STEP][PASSED] - delay: Delayed 2 second(s)

2018-06-10 00:16:34 - [MESSAGE][PASSED] - Delayed 2 second(s)

2018-06-10 00:16:34 - [TEST_STEP][PASSED] - Statement - If (java.lang.String.valueOf(StockQty) >= java.lang.String.valueOf(RequestedQty)): null

2018-06-10 00:16:34 - [TEST_STEP][PASSED] - setText: Text '10' is set on object 'Object Repository/DispensaryToStore/Page_Store/input_txtqty'

2018-06-10 00:16:35 - [MESSAGE][PASSED] - Text '10' is set on object 'Object Repository/DispensaryToStore/Page_Store/input_txtqty'

2018-06-10 00:16:35 - [TEST_STEP][PASSED] - click: Object: 'Object Repository/DispensaryToStore/Page_Store/button_Add' is clicked on

2018-06-10 00:16:35 - [MESSAGE][PASSED] - Object: 'Object Repository/DispensaryToStore/Page_Store/button_Add' is clicked on

2018-06-10 00:16:35 - [TEST_STEP][PASSED] - Statement - Break: null

2018-06-10 00:16:35 - [TEST_STEP][PASSED] - selectOptionByIndex: All options with index in [4] are selected on object 'Object Repository/DispensaryToStore/Page_Store/select_--Select--Adernaline 0.'

2018-06-10 00:16:35 - [MESSAGE][PASSED] - All options with index in [4] are selected on object 'Object Repository/DispensaryToStore/Page_Store/select_--Select--Adernaline 0.'

2018-06-10 00:16:35 - [TEST_STEP][PASSED] - delay: Delayed 2 second(s)

2018-06-10 00:16:37 - [MESSAGE][PASSED] - Delayed 2 second(s)

2018-06-10 00:16:37 - [TEST_STEP][PASSED] - Statement - RequestedQty = com.kms.katalon.core.webui.keyword.WebUiBuiltInKeywords.getAttribute(com.kms.katalon.core.testobject.ObjectRepository.findTestObject(DispensaryToStore/Page_Store/input_txttotal), "value"): Attribute 'value' of object 'Object Repository/DispensaryToStore/Page_Store/input_txttotal' is: '10'

2018-06-10 00:16:37 - [MESSAGE][PASSED] - Attribute 'value' of object 'Object Repository/DispensaryToStore/Page_Store/input_txttotal' is: '10'

2018-06-10 00:16:37 - [TEST_STEP][PASSED] - Statement - out.println("Requested QTY : " + RequestedQty): null

2018-06-10 00:16:37 - [TEST_STEP][PASSED] - Statement - BatchNumber = com.kms.katalon.core.webui.keyword.WebUiBuiltInKeywords.getNumberOfTotalOption(com.kms.katalon.core.testobject.ObjectRepository.findTestObject(DispensaryToStore/Page_Store/select_--Select--BA1170BA2376B)): 4 options of object 'Object Repository/DispensaryToStore/Page_Store/select_--Select--BA1170BA2376B' counted

2018-06-10 00:16:37 - [MESSAGE][PASSED] - 4 options of object 'Object Repository/DispensaryToStore/Page_Store/select_--Select--BA1170BA2376B' counted

2018-06-10 00:16:37 - [TEST_STEP][PASSED] - Statement - For ([g = 1, g <= BatchNumber - 1, (g++)]): null

2018-06-10 00:16:37 - [TEST_STEP][PASSED] - selectOptionByIndex: All options with index in [1] are selected on object 'Object Repository/DispensaryToStore/Page_Store/select_--Select--BA1170BA2376B'

2018-06-10 00:16:37 - [MESSAGE][PASSED] - All options with index in [1] are selected on object 'Object Repository/DispensaryToStore/Page_Store/select_--Select--BA1170BA2376B'

2018-06-10 00:16:37 - [TEST_STEP][PASSED] - Statement - Try: null

2018-06-10 00:16:37 - [TEST_STEP][PASSED] - Statement - StockQty = com.kms.katalon.core.webui.keyword.WebUiBuiltInKeywords.getAttribute(com.kms.katalon.core.testobject.ObjectRepository.findTestObject(DispensaryToStore/Page_Store/input_txtprice), "value"): Attribute 'value' of object 'Object Repository/DispensaryToStore/Page_Store/input_txtprice' is: '280'

2018-06-10 00:16:37 - [MESSAGE][PASSED] - Attribute 'value' of object 'Object Repository/DispensaryToStore/Page_Store/input_txtprice' is: '280'

2018-06-10 00:16:37 - [TEST_STEP][PASSED] - Statement - out.println("Stock QTY : " + StockQty): null

2018-06-10 00:16:37 - [TEST_STEP][PASSED] - delay: Delayed 2 second(s)

2018-06-10 00:16:39 - [MESSAGE][PASSED] - Delayed 2 second(s)

2018-06-10 00:16:39 - [TEST_STEP][PASSED] - Statement - If (java.lang.String.valueOf(StockQty) >= java.lang.String.valueOf(RequestedQty)): null

2018-06-10 00:16:39 - [TEST_STEP][PASSED] - setText: Text '10' is set on object 'Object Repository/DispensaryToStore/Page_Store/input_txtqty'

2018-06-10 00:16:39 - [MESSAGE][PASSED] - Text '10' is set on object 'Object Repository/DispensaryToStore/Page_Store/input_txtqty'

2018-06-10 00:16:39 - [TEST_STEP][PASSED] - click: Object: 'Object Repository/DispensaryToStore/Page_Store/button_Add' is clicked on

2018-06-10 00:16:39 - [MESSAGE][PASSED] - Object: 'Object Repository/DispensaryToStore/Page_Store/button_Add' is clicked on

2018-06-10 00:16:39 - [TEST_STEP][PASSED] - Statement - Break: null

2018-06-10 00:16:39 - [TEST_STEP][PASSED] - selectOptionByIndex: All options with index in [5] are selected on object 'Object Repository/DispensaryToStore/Page_Store/select_--Select--Adernaline 0.'

2018-06-10 00:16:39 - [MESSAGE][PASSED] - All options with index in [5] are selected on object 'Object Repository/DispensaryToStore/Page_Store/select_--Select--Adernaline 0.'

2018-06-10 00:16:39 - [TEST_STEP][PASSED] - delay: Delayed 2 second(s)

2018-06-10 00:16:41 - [MESSAGE][PASSED] - Delayed 2 second(s)

2018-06-10 00:16:41 - [TEST_STEP][PASSED] - Statement - RequestedQty = com.kms.katalon.core.webui.keyword.WebUiBuiltInKeywords.getAttribute(com.kms.katalon.core.testobject.ObjectRepository.findTestObject(DispensaryToStore/Page_Store/input_txttotal), "value"): Attribute 'value' of object 'Object Repository/DispensaryToStore/Page_Store/input_txttotal' is: '10'

2018-06-10 00:16:41 - [MESSAGE][PASSED] - Attribute 'value' of object 'Object Repository/DispensaryToStore/Page_Store/input_txttotal' is: '10'

2018-06-10 00:16:41 - [TEST_STEP][PASSED] - Statement - out.println("Requested QTY : " + RequestedQty): null

2018-06-10 00:16:41 - [TEST_STEP][PASSED] - Statement - BatchNumber = com.kms.katalon.core.webui.keyword.WebUiBuiltInKeywords.getNumberOfTotalOption(com.kms.katalon.core.testobject.ObjectRepository.findTestObject(DispensaryToStore/Page_Store/select_--Select--BA1170BA2376B)): 2 options of object 'Object Repository/DispensaryToStore/Page_Store/select_--Select--BA1170BA2376B' counted

2018-06-10 00:16:41 - [MESSAGE][PASSED] - 2 options of object 'Object Repository/DispensaryToStore/Page_Store/select_--Select--BA1170BA2376B' counted

2018-06-10 00:16:41 - [TEST_STEP][PASSED] - Statement - For ([g = 1, g <= BatchNumber - 1, (g++)]): null

2018-06-10 00:16:41 - [TEST_STEP][PASSED] - selectOptionByIndex: All options with index in [1] are selected on object 'Object Repository/DispensaryToStore/Page_Store/select_--Select--BA1170BA2376B'

2018-06-10 00:16:42 - [MESSAGE][PASSED] - All options with index in [1] are selected on object 'Object Repository/DispensaryToStore/Page_Store/select_--Select--BA1170BA2376B'

2018-06-10 00:16:42 - [TEST_STEP][PASSED] - Statement - Try: null

2018-06-10 00:16:42 - [TEST_STEP][PASSED] - Statement - StockQty = com.kms.katalon.core.webui.keyword.WebUiBuiltInKeywords.getAttribute(com.kms.katalon.core.testobject.ObjectRepository.findTestObject(DispensaryToStore/Page_Store/input_txtprice), "value"): Attribute 'value' of object 'Object Repository/DispensaryToStore/Page_Store/input_txtprice' is: '2030'

2018-06-10 00:16:42 - [MESSAGE][PASSED] - Attribute 'value' of object 'Object Repository/DispensaryToStore/Page_Store/input_txtprice' is: '2030'

2018-06-10 00:16:42 - [TEST_STEP][PASSED] - Statement - out.println("Stock QTY : " + StockQty): null

2018-06-10 00:16:42 - [TEST_STEP][PASSED] - delay: Delayed 2 second(s)

2018-06-10 00:16:44 - [MESSAGE][PASSED] - Delayed 2 second(s)

2018-06-10 00:16:44 - [TEST_STEP][PASSED] - Statement - If (java.lang.String.valueOf(StockQty) >= java.lang.String.valueOf(RequestedQty)): null

2018-06-10 00:16:44 - [TEST_STEP][PASSED] - setText: Text '10' is set on object 'Object Repository/DispensaryToStore/Page_Store/input_txtqty'

2018-06-10 00:16:44 - [MESSAGE][PASSED] - Text '10' is set on object 'Object Repository/DispensaryToStore/Page_Store/input_txtqty'

2018-06-10 00:16:44 - [TEST_STEP][PASSED] - click: Object: 'Object Repository/DispensaryToStore/Page_Store/button_Add' is clicked on

2018-06-10 00:16:44 - [MESSAGE][PASSED] - Object: 'Object Repository/DispensaryToStore/Page_Store/button_Add' is clicked on

2018-06-10 00:16:44 - [TEST_STEP][PASSED] - Statement - Break: null

2018-06-10 00:16:44 - [TEST_STEP][PASSED] - selectOptionByIndex: All options with index in [6] are selected on object 'Object Repository/DispensaryToStore/Page_Store/select_--Select--Adernaline 0.'

2018-06-10 00:16:44 - [MESSAGE][PASSED] - All options with index in [6] are selected on object 'Object Repository/DispensaryToStore/Page_Store/select_--Select--Adernaline 0.'

2018-06-10 00:16:44 - [TEST_STEP][PASSED] - delay: Delayed 2 second(s)

2018-06-10 00:16:46 - [MESSAGE][PASSED] - Delayed 2 second(s)

2018-06-10 00:16:46 - [TEST_STEP][PASSED] - Statement - RequestedQty = com.kms.katalon.core.webui.keyword.WebUiBuiltInKeywords.getAttribute(com.kms.katalon.core.testobject.ObjectRepository.findTestObject(DispensaryToStore/Page_Store/input_txttotal), "value"): Attribute 'value' of object 'Object Repository/DispensaryToStore/Page_Store/input_txttotal' is: '10'

2018-06-10 00:16:46 - [MESSAGE][PASSED] - Attribute 'value' of object 'Object Repository/DispensaryToStore/Page_Store/input_txttotal' is: '10'

2018-06-10 00:16:46 - [TEST_STEP][PASSED] - Statement - out.println("Requested QTY : " + RequestedQty): null

2018-06-10 00:16:46 - [TEST_STEP][PASSED] - Statement - BatchNumber = com.kms.katalon.core.webui.keyword.WebUiBuiltInKeywords.getNumberOfTotalOption(com.kms.katalon.core.testobject.ObjectRepository.findTestObject(DispensaryToStore/Page_Store/select_--Select--BA1170BA2376B)): 4 options of object 'Object Repository/DispensaryToStore/Page_Store/select_--Select--BA1170BA2376B' counted

2018-06-10 00:16:46 - [MESSAGE][PASSED] - 4 options of object 'Object Repository/DispensaryToStore/Page_Store/select_--Select--BA1170BA2376B' counted

2018-06-10 00:16:46 - [TEST_STEP][PASSED] - Statement - For ([g = 1, g <= BatchNumber - 1, (g++)]): null

2018-06-10 00:16:46 - [TEST_STEP][PASSED] - selectOptionByIndex: All options with index in [1] are selected on object 'Object Repository/DispensaryToStore/Page_Store/select_--Select--BA1170BA2376B'

2018-06-10 00:16:46 - [MESSAGE][PASSED] - All options with index in [1] are selected on object 'Object Repository/DispensaryToStore/Page_Store/select_--Select--BA1170BA2376B'

2018-06-10 00:16:46 - [TEST_STEP][PASSED] - Statement - Try: null

2018-06-10 00:16:46 - [TEST_STEP][PASSED] - Statement - StockQty = com.kms.katalon.core.webui.keyword.WebUiBuiltInKeywords.getAttribute(com.kms.katalon.core.testobject.ObjectRepository.findTestObject(DispensaryToStore/Page_Store/input_txtprice), "value"): Attribute 'value' of object 'Object Repository/DispensaryToStore/Page_Store/input_txtprice' is: '1010'

2018-06-10 00:16:46 - [MESSAGE][PASSED] - Attribute 'value' of object 'Object Repository/DispensaryToStore/Page_Store/input_txtprice' is: '1010'

2018-06-10 00:16:46 - [TEST_STEP][PASSED] - Statement - out.println("Stock QTY : " + StockQty): null

2018-06-10 00:16:46 - [TEST_STEP][PASSED] - delay: Delayed 2 second(s)

2018-06-10 00:16:48 - [MESSAGE][PASSED] - Delayed 2 second(s)

2018-06-10 00:16:48 - [TEST_STEP][PASSED] - Statement - If (java.lang.String.valueOf(StockQty) >= java.lang.String.valueOf(RequestedQty)): null

2018-06-10 00:16:48 - [TEST_STEP][PASSED] - setText: Text '10' is set on object 'Object Repository/DispensaryToStore/Page_Store/input_txtqty'

2018-06-10 00:16:48 - [MESSAGE][PASSED] - Text '10' is set on object 'Object Repository/DispensaryToStore/Page_Store/input_txtqty'

2018-06-10 00:16:48 - [TEST_STEP][PASSED] - click: Object: 'Object Repository/DispensaryToStore/Page_Store/button_Add' is clicked on

2018-06-10 00:16:48 - [MESSAGE][PASSED] - Object: 'Object Repository/DispensaryToStore/Page_Store/button_Add' is clicked on

2018-06-10 00:16:48 - [TEST_STEP][PASSED] - Statement - Break: null

2018-06-10 00:16:48 - [TEST_STEP][PASSED] - selectOptionByIndex: All options with index in [7] are selected on object 'Object Repository/DispensaryToStore/Page_Store/select_--Select--Adernaline 0.'

2018-06-10 00:16:48 - [MESSAGE][PASSED] - All options with index in [7] are selected on object 'Object Repository/DispensaryToStore/Page_Store/select_--Select--Adernaline 0.'

2018-06-10 00:16:48 - [TEST_STEP][PASSED] - delay: Delayed 2 second(s)

2018-06-10 00:16:50 - [MESSAGE][PASSED] - Delayed 2 second(s)

2018-06-10 00:16:50 - [TEST_STEP][PASSED] - Statement - RequestedQty = com.kms.katalon.core.webui.keyword.WebUiBuiltInKeywords.getAttribute(com.kms.katalon.core.testobject.ObjectRepository.findTestObject(DispensaryToStore/Page_Store/input_txttotal), "value"): Attribute 'value' of object 'Object Repository/DispensaryToStore/Page_Store/input_txttotal' is: '10'

2018-06-10 00:16:51 - [MESSAGE][PASSED] - Attribute 'value' of object 'Object Repository/DispensaryToStore/Page_Store/input_txttotal' is: '10'

2018-06-10 00:16:51 - [TEST_STEP][PASSED] - Statement - out.println("Requested QTY : " + RequestedQty): null

2018-06-10 00:16:51 - [TEST_STEP][PASSED] - Statement - BatchNumber = com.kms.katalon.core.webui.keyword.WebUiBuiltInKeywords.getNumberOfTotalOption(com.kms.katalon.core.testobject.ObjectRepository.findTestObject(DispensaryToStore/Page_Store/select_--Select--BA1170BA2376B)): 3 options of object 'Object Repository/DispensaryToStore/Page_Store/select_--Select--BA1170BA2376B' counted

2018-06-10 00:16:51 - [MESSAGE][PASSED] - 3 options of object 'Object Repository/DispensaryToStore/Page_Store/select_--Select--BA1170BA2376B' counted

2018-06-10 00:16:51 - [TEST_STEP][PASSED] - Statement - For ([g = 1, g <= BatchNumber - 1, (g++)]): null

2018-06-10 00:16:51 - [TEST_STEP][PASSED] - selectOptionByIndex: All options with index in [1] are selected on object 'Object Repository/DispensaryToStore/Page_Store/select_--Select--BA1170BA2376B'

2018-06-10 00:16:51 - [MESSAGE][PASSED] - All options with index in [1] are selected on object 'Object Repository/DispensaryToStore/Page_Store/select_--Select--BA1170BA2376B'

2018-06-10 00:16:51 - [TEST_STEP][PASSED] - Statement - Try: null

2018-06-10 00:16:51 - [TEST_STEP][PASSED] - Statement - StockQty = com.kms.katalon.core.webui.keyword.WebUiBuiltInKeywords.getAttribute(com.kms.katalon.core.testobject.ObjectRepository.findTestObject(DispensaryToStore/Page_Store/input_txtprice), "value"): Attribute 'value' of object 'Object Repository/DispensaryToStore/Page_Store/input_txtprice' is: '1930'

2018-06-10 00:16:51 - [MESSAGE][PASSED] - Attribute 'value' of object 'Object Repository/DispensaryToStore/Page_Store/input_txtprice' is: '1930'

2018-06-10 00:16:51 - [TEST_STEP][PASSED] - Statement - out.println("Stock QTY : " + StockQty): null

2018-06-10 00:16:51 - [TEST_STEP][PASSED] - delay: Delayed 2 second(s)

2018-06-10 00:16:53 - [MESSAGE][PASSED] - Delayed 2 second(s)

2018-06-10 00:16:53 - [TEST_STEP][PASSED] - Statement - If (java.lang.String.valueOf(StockQty) >= java.lang.String.valueOf(RequestedQty)): null

2018-06-10 00:16:53 - [TEST_STEP][PASSED] - setText: Text '10' is set on object 'Object Repository/DispensaryToStore/Page_Store/input_txtqty'

2018-06-10 00:16:53 - [MESSAGE][PASSED] - Text '10' is set on object 'Object Repository/DispensaryToStore/Page_Store/input_txtqty'

2018-06-10 00:16:53 - [TEST_STEP][PASSED] - click: Object: 'Object Repository/DispensaryToStore/Page_Store/button_Add' is clicked on

2018-06-10 00:16:53 - [MESSAGE][PASSED] - Object: 'Object Repository/DispensaryToStore/Page_Store/button_Add' is clicked on

2018-06-10 00:16:53 - [TEST_STEP][PASSED] - Statement - Break: null

2018-06-10 00:16:53 - [TEST_STEP][PASSED] - selectOptionByIndex: All options with index in [8] are selected on object 'Object Repository/DispensaryToStore/Page_Store/select_--Select--Adernaline 0.'

2018-06-10 00:16:53 - [MESSAGE][PASSED] - All options with index in [8] are selected on object 'Object Repository/DispensaryToStore/Page_Store/select_--Select--Adernaline 0.'

2018-06-10 00:16:53 - [TEST_STEP][PASSED] - delay: Delayed 2 second(s)

2018-06-10 00:16:55 - [MESSAGE][PASSED] - Delayed 2 second(s)

2018-06-10 00:16:55 - [TEST_STEP][PASSED] - Statement - RequestedQty = com.kms.katalon.core.webui.keyword.WebUiBuiltInKeywords.getAttribute(com.kms.katalon.core.testobject.ObjectRepository.findTestObject(DispensaryToStore/Page_Store/input_txttotal), "value"): Attribute 'value' of object 'Object Repository/DispensaryToStore/Page_Store/input_txttotal' is: '10'

2018-06-10 00:16:55 - [MESSAGE][PASSED] - Attribute 'value' of object 'Object Repository/DispensaryToStore/Page_Store/input_txttotal' is: '10'

2018-06-10 00:16:55 - [TEST_STEP][PASSED] - Statement - out.println("Requested QTY : " + RequestedQty): null

2018-06-10 00:16:55 - [TEST_STEP][PASSED] - Statement - BatchNumber = com.kms.katalon.core.webui.keyword.WebUiBuiltInKeywords.getNumberOfTotalOption(com.kms.katalon.core.testobject.ObjectRepository.findTestObject(DispensaryToStore/Page_Store/select_--Select--BA1170BA2376B)): 2 options of object 'Object Repository/DispensaryToStore/Page_Store/select_--Select--BA1170BA2376B' counted

2018-06-10 00:16:55 - [MESSAGE][PASSED] - 2 options of object 'Object Repository/DispensaryToStore/Page_Store/select_--Select--BA1170BA2376B' counted

2018-06-10 00:16:55 - [TEST_STEP][PASSED] - Statement - For ([g = 1, g <= BatchNumber - 1, (g++)]): null

2018-06-10 00:16:55 - [TEST_STEP][PASSED] - selectOptionByIndex: All options with index in [1] are selected on object 'Object Repository/DispensaryToStore/Page_Store/select_--Select--BA1170BA2376B'

2018-06-10 00:16:55 - [MESSAGE][PASSED] - All options with index in [1] are selected on object 'Object Repository/DispensaryToStore/Page_Store/select_--Select--BA1170BA2376B'

2018-06-10 00:16:55 - [TEST_STEP][PASSED] - Statement - Try: null

2018-06-10 00:16:55 - [TEST_STEP][PASSED] - Statement - StockQty = com.kms.katalon.core.webui.keyword.WebUiBuiltInKeywords.getAttribute(com.kms.katalon.core.testobject.ObjectRepository.findTestObject(DispensaryToStore/Page_Store/input_txtprice), "value"): Attribute 'value' of object 'Object Repository/DispensaryToStore/Page_Store/input_txtprice' is: '2030'

2018-06-10 00:16:55 - [MESSAGE][PASSED] - Attribute 'value' of object 'Object Repository/DispensaryToStore/Page_Store/input_txtprice' is: '2030'

2018-06-10 00:16:55 - [TEST_STEP][PASSED] - Statement - out.println("Stock QTY : " + StockQty): null

2018-06-10 00:16:55 - [TEST_STEP][PASSED] - delay: Delayed 2 second(s)

2018-06-10 00:16:57 - [MESSAGE][PASSED] - Delayed 2 second(s)

2018-06-10 00:16:57 - [TEST_STEP][PASSED] - Statement - If (java.lang.String.valueOf(StockQty) >= java.lang.String.valueOf(RequestedQty)): null

2018-06-10 00:16:57 - [TEST_STEP][PASSED] - setText: Text '10' is set on object 'Object Repository/DispensaryToStore/Page_Store/input_txtqty'

2018-06-10 00:16:57 - [MESSAGE][PASSED] - Text '10' is set on object 'Object Repository/DispensaryToStore/Page_Store/input_txtqty'

2018-06-10 00:16:57 - [TEST_STEP][PASSED] - click: Object: 'Object Repository/DispensaryToStore/Page_Store/button_Add' is clicked on

2018-06-10 00:16:57 - [MESSAGE][PASSED] - Object: 'Object Repository/DispensaryToStore/Page_Store/button_Add' is clicked on

2018-06-10 00:16:57 - [TEST_STEP][PASSED] - Statement - Break: null

2018-06-10 00:16:57 - [TEST_STEP][PASSED] - selectOptionByIndex: All options with index in [9] are selected on object 'Object Repository/DispensaryToStore/Page_Store/select_--Select--Adernaline 0.'

2018-06-10 00:16:58 - [MESSAGE][PASSED] - All options with index in [9] are selected on object 'Object Repository/DispensaryToStore/Page_Store/select_--Select--Adernaline 0.'

2018-06-10 00:16:58 - [TEST_STEP][PASSED] - delay: Delayed 2 second(s)

2018-06-10 00:17:00 - [MESSAGE][PASSED] - Delayed 2 second(s)

2018-06-10 00:17:00 - [TEST_STEP][PASSED] - Statement - RequestedQty = com.kms.katalon.core.webui.keyword.WebUiBuiltInKeywords.getAttribute(com.kms.katalon.core.testobject.ObjectRepository.findTestObject(DispensaryToStore/Page_Store/input_txttotal), "value"): Attribute 'value' of object 'Object Repository/DispensaryToStore/Page_Store/input_txttotal' is: '10'

2018-06-10 00:17:00 - [MESSAGE][PASSED] - Attribute 'value' of object 'Object Repository/DispensaryToStore/Page_Store/input_txttotal' is: '10'

2018-06-10 00:17:00 - [TEST_STEP][PASSED] - Statement - out.println("Requested QTY : " + RequestedQty): null

2018-06-10 00:17:00 - [TEST_STEP][PASSED] - Statement - BatchNumber = com.kms.katalon.core.webui.keyword.WebUiBuiltInKeywords.getNumberOfTotalOption(com.kms.katalon.core.testobject.ObjectRepository.findTestObject(DispensaryToStore/Page_Store/select_--Select--BA1170BA2376B)): 4 options of object 'Object Repository/DispensaryToStore/Page_Store/select_--Select--BA1170BA2376B' counted

2018-06-10 00:17:00 - [MESSAGE][PASSED] - 4 options of object 'Object Repository/DispensaryToStore/Page_Store/select_--Select--BA1170BA2376B' counted

2018-06-10 00:17:00 - [TEST_STEP][PASSED] - Statement - For ([g = 1, g <= BatchNumber - 1, (g++)]): null

2018-06-10 00:17:00 - [TEST_STEP][PASSED] - selectOptionByIndex: All options with index in [1] are selected on object 'Object Repository/DispensaryToStore/Page_Store/select_--Select--BA1170BA2376B'

2018-06-10 00:17:00 - [MESSAGE][PASSED] - All options with index in [1] are selected on object 'Object Repository/DispensaryToStore/Page_Store/select_--Select--BA1170BA2376B'

2018-06-10 00:17:00 - [TEST_STEP][PASSED] - Statement - Try: null

2018-06-10 00:17:00 - [TEST_STEP][PASSED] - Statement - StockQty = com.kms.katalon.core.webui.keyword.WebUiBuiltInKeywords.getAttribute(com.kms.katalon.core.testobject.ObjectRepository.findTestObject(DispensaryToStore/Page_Store/input_txtprice), "value"): Attribute 'value' of object 'Object Repository/DispensaryToStore/Page_Store/input_txtprice' is: ''

2018-06-10 00:17:00 - [MESSAGE][PASSED] - Attribute 'value' of object 'Object Repository/DispensaryToStore/Page_Store/input_txtprice' is: ''

2018-06-10 00:17:00 - [TEST_STEP][PASSED] - Statement - out.println("Stock QTY : " + StockQty): null

2018-06-10 00:17:00 - [TEST_STEP][PASSED] - delay: Delayed 2 second(s)

2018-06-10 00:17:02 - [MESSAGE][PASSED] - Delayed 2 second(s)

2018-06-10 00:17:02 - [TEST_STEP][PASSED] - Statement - If (java.lang.String.valueOf(StockQty) >= java.lang.String.valueOf(RequestedQty)): null

2018-06-10 00:17:02 - [TEST_STEP][PASSED] - Statement - Else: null

2018-06-10 00:17:02 - [TEST_STEP][PASSED] - Statement - out.println("Stock Is Less Than Requested Qty"): null

2018-06-10 00:17:02 - [TEST_STEP][PASSED] - selectOptionByIndex: All options with index in [2] are selected on object 'Object Repository/DispensaryToStore/Page_Store/select_--Select--BA1170BA2376B'

2018-06-10 00:17:02 - [MESSAGE][PASSED] - All options with index in [2] are selected on object 'Object Repository/DispensaryToStore/Page_Store/select_--Select--BA1170BA2376B'

2018-06-10 00:17:02 - [TEST_STEP][PASSED] - Statement - Try: null

2018-06-10 00:17:02 - [TEST_STEP][PASSED] - Statement - StockQty = com.kms.katalon.core.webui.keyword.WebUiBuiltInKeywords.getAttribute(com.kms.katalon.core.testobject.ObjectRepository.findTestObject(DispensaryToStore/Page_Store/input_txtprice), "value"): Attribute 'value' of object 'Object Repository/DispensaryToStore/Page_Store/input_txtprice' is: '920'

2018-06-10 00:17:02 - [MESSAGE][PASSED] - Attribute 'value' of object 'Object Repository/DispensaryToStore/Page_Store/input_txtprice' is: '920'

2018-06-10 00:17:02 - [TEST_STEP][PASSED] - Statement - out.println("Stock QTY : " + StockQty): null

2018-06-10 00:17:02 - [TEST_STEP][PASSED] - delay: Delayed 2 second(s)

2018-06-10 00:17:04 - [MESSAGE][PASSED] - Delayed 2 second(s)

2018-06-10 00:17:04 - [TEST_STEP][PASSED] - Statement - If (java.lang.String.valueOf(StockQty) >= java.lang.String.valueOf(RequestedQty)): null

2018-06-10 00:17:04 - [TEST_STEP][PASSED] - setText: Text '10' is set on object 'Object Repository/DispensaryToStore/Page_Store/input_txtqty'

2018-06-10 00:17:04 - [MESSAGE][PASSED] - Text '10' is set on object 'Object Repository/DispensaryToStore/Page_Store/input_txtqty'

2018-06-10 00:17:04 - [TEST_STEP][PASSED] - click: Object: 'Object Repository/DispensaryToStore/Page_Store/button_Add' is clicked on

2018-06-10 00:17:04 - [MESSAGE][PASSED] - Object: 'Object Repository/DispensaryToStore/Page_Store/button_Add' is clicked on

2018-06-10 00:17:04 - [TEST_STEP][PASSED] - Statement - Break: null

2018-06-10 00:17:04 - [TEST_STEP][PASSED] - selectOptionByIndex: All options with index in [10] are selected on object 'Object Repository/DispensaryToStore/Page_Store/select_--Select--Adernaline 0.'

2018-06-10 00:17:04 - [MESSAGE][PASSED] - All options with index in [10] are selected on object 'Object Repository/DispensaryToStore/Page_Store/select_--Select--Adernaline 0.'

2018-06-10 00:17:04 - [TEST_STEP][PASSED] - delay: Delayed 2 second(s)

2018-06-10 00:17:06 - [MESSAGE][PASSED] - Delayed 2 second(s)

2018-06-10 00:17:06 - [TEST_STEP][PASSED] - Statement - RequestedQty = com.kms.katalon.core.webui.keyword.WebUiBuiltInKeywords.getAttribute(com.kms.katalon.core.testobject.ObjectRepository.findTestObject(DispensaryToStore/Page_Store/input_txttotal), "value"): Attribute 'value' of object 'Object Repository/DispensaryToStore/Page_Store/input_txttotal' is: '10'

2018-06-10 00:17:06 - [MESSAGE][PASSED] - Attribute 'value' of object 'Object Repository/DispensaryToStore/Page_Store/input_txttotal' is: '10'

2018-06-10 00:17:06 - [TEST_STEP][PASSED] - Statement - out.println("Requested QTY : " + RequestedQty): null

2018-06-10 00:17:06 - [TEST_STEP][PASSED] - Statement - BatchNumber = com.kms.katalon.core.webui.keyword.WebUiBuiltInKeywords.getNumberOfTotalOption(com.kms.katalon.core.testobject.ObjectRepository.findTestObject(DispensaryToStore/Page_Store/select_--Select--BA1170BA2376B)): 3 options of object 'Object Repository/DispensaryToStore/Page_Store/select_--Select--BA1170BA2376B' counted

2018-06-10 00:17:06 - [MESSAGE][PASSED] - 3 options of object 'Object Repository/DispensaryToStore/Page_Store/select_--Select--BA1170BA2376B' counted

2018-06-10 00:17:06 - [TEST_STEP][PASSED] - Statement - For ([g = 1, g <= BatchNumber - 1, (g++)]): null

2018-06-10 00:17:06 - [TEST_STEP][PASSED] - selectOptionByIndex: All options with index in [1] are selected on object 'Object Repository/DispensaryToStore/Page_Store/select_--Select--BA1170BA2376B'

2018-06-10 00:17:07 - [MESSAGE][PASSED] - All options with index in [1] are selected on object 'Object Repository/DispensaryToStore/Page_Store/select_--Select--BA1170BA2376B'

2018-06-10 00:17:07 - [TEST_STEP][PASSED] - Statement - Try: null

2018-06-10 00:17:07 - [TEST_STEP][PASSED] - Statement - StockQty = com.kms.katalon.core.webui.keyword.WebUiBuiltInKeywords.getAttribute(com.kms.katalon.core.testobject.ObjectRepository.findTestObject(DispensaryToStore/Page_Store/input_txtprice), "value"): Attribute 'value' of object 'Object Repository/DispensaryToStore/Page_Store/input_txtprice' is: '470'

2018-06-10 00:17:07 - [MESSAGE][PASSED] - Attribute 'value' of object 'Object Repository/DispensaryToStore/Page_Store/input_txtprice' is: '470'

2018-06-10 00:17:07 - [TEST_STEP][PASSED] - Statement - out.println("Stock QTY : " + StockQty): null

2018-06-10 00:17:07 - [TEST_STEP][PASSED] - delay: Delayed 2 second(s)

2018-06-10 00:17:09 - [MESSAGE][PASSED] - Delayed 2 second(s)

2018-06-10 00:17:09 - [TEST_STEP][PASSED] - Statement - If (java.lang.String.valueOf(StockQty) >= java.lang.String.valueOf(RequestedQty)): null

2018-06-10 00:17:09 - [TEST_STEP][PASSED] - setText: Text '10' is set on object 'Object Repository/DispensaryToStore/Page_Store/input_txtqty'

2018-06-10 00:17:09 - [MESSAGE][PASSED] - Text '10' is set on object 'Object Repository/DispensaryToStore/Page_Store/input_txtqty'

2018-06-10 00:17:09 - [TEST_STEP][PASSED] - click: Object: 'Object Repository/DispensaryToStore/Page_Store/button_Add' is clicked on

2018-06-10 00:17:09 - [MESSAGE][PASSED] - Object: 'Object Repository/DispensaryToStore/Page_Store/button_Add' is clicked on

2018-06-10 00:17:09 - [TEST_STEP][PASSED] - Statement - Break: null

2018-06-10 00:17:09 - [TEST_STEP][PASSED] - selectOptionByIndex: All options with index in [11] are selected on object 'Object Repository/DispensaryToStore/Page_Store/select_--Select--Adernaline 0.'

2018-06-10 00:17:09 - [MESSAGE][PASSED] - All options with index in [11] are selected on object 'Object Repository/DispensaryToStore/Page_Store/select_--Select--Adernaline 0.'

2018-06-10 00:17:09 - [TEST_STEP][PASSED] - delay: Delayed 2 second(s)

2018-06-10 00:17:11 - [MESSAGE][PASSED] - Delayed 2 second(s)

2018-06-10 00:17:11 - [TEST_STEP][PASSED] - Statement - RequestedQty = com.kms.katalon.core.webui.keyword.WebUiBuiltInKeywords.getAttribute(com.kms.katalon.core.testobject.ObjectRepository.findTestObject(DispensaryToStore/Page_Store/input_txttotal), "value"): Attribute 'value' of object 'Object Repository/DispensaryToStore/Page_Store/input_txttotal' is: '10'

2018-06-10 00:17:11 - [MESSAGE][PASSED] - Attribute 'value' of object 'Object Repository/DispensaryToStore/Page_Store/input_txttotal' is: '10'

2018-06-10 00:17:11 - [TEST_STEP][PASSED] - Statement - out.println("Requested QTY : " + RequestedQty): null

2018-06-10 00:17:11 - [TEST_STEP][PASSED] - Statement - BatchNumber = com.kms.katalon.core.webui.keyword.WebUiBuiltInKeywords.getNumberOfTotalOption(com.kms.katalon.core.testobject.ObjectRepository.findTestObject(DispensaryToStore/Page_Store/select_--Select--BA1170BA2376B)): 4 options of object 'Object Repository/DispensaryToStore/Page_Store/select_--Select--BA1170BA2376B' counted

2018-06-10 00:17:11 - [MESSAGE][PASSED] - 4 options of object 'Object Repository/DispensaryToStore/Page_Store/select_--Select--BA1170BA2376B' counted

2018-06-10 00:17:11 - [TEST_STEP][PASSED] - Statement - For ([g = 1, g <= BatchNumber - 1, (g++)]): null

2018-06-10 00:17:11 - [TEST_STEP][PASSED] - selectOptionByIndex: All options with index in [1] are selected on object 'Object Repository/DispensaryToStore/Page_Store/select_--Select--BA1170BA2376B'

2018-06-10 00:17:11 - [MESSAGE][PASSED] - All options with index in [1] are selected on object 'Object Repository/DispensaryToStore/Page_Store/select_--Select--BA1170BA2376B'

2018-06-10 00:17:11 - [TEST_STEP][PASSED] - Statement - Try: null

2018-06-10 00:17:11 - [TEST_STEP][PASSED] - Statement - StockQty = com.kms.katalon.core.webui.keyword.WebUiBuiltInKeywords.getAttribute(com.kms.katalon.core.testobject.ObjectRepository.findTestObject(DispensaryToStore/Page_Store/input_txtprice), "value"): Attribute 'value' of object 'Object Repository/DispensaryToStore/Page_Store/input_txtprice' is: '470'

2018-06-10 00:17:11 - [MESSAGE][PASSED] - Attribute 'value' of object 'Object Repository/DispensaryToStore/Page_Store/input_txtprice' is: '470'

2018-06-10 00:17:11 - [TEST_STEP][PASSED] - Statement - out.println("Stock QTY : " + StockQty): null

2018-06-10 00:17:11 - [TEST_STEP][PASSED] - delay: Delayed 2 second(s)

2018-06-10 00:17:13 - [MESSAGE][PASSED] - Delayed 2 second(s)

2018-06-10 00:17:13 - [TEST_STEP][PASSED] - Statement - If (java.lang.String.valueOf(StockQty) >= java.lang.String.valueOf(RequestedQty)): null

2018-06-10 00:17:13 - [TEST_STEP][PASSED] - setText: Text '10' is set on object 'Object Repository/DispensaryToStore/Page_Store/input_txtqty'

2018-06-10 00:17:13 - [MESSAGE][PASSED] - Text '10' is set on object 'Object Repository/DispensaryToStore/Page_Store/input_txtqty'

2018-06-10 00:17:13 - [TEST_STEP][PASSED] - click: Object: 'Object Repository/DispensaryToStore/Page_Store/button_Add' is clicked on

2018-06-10 00:17:13 - [MESSAGE][PASSED] - Object: 'Object Repository/DispensaryToStore/Page_Store/button_Add' is clicked on

2018-06-10 00:17:13 - [TEST_STEP][PASSED] - Statement - Break: null

2018-06-10 00:17:13 - [TEST_STEP][PASSED] - selectOptionByIndex: All options with index in [12] are selected on object 'Object Repository/DispensaryToStore/Page_Store/select_--Select--Adernaline 0.'

2018-06-10 00:17:14 - [MESSAGE][PASSED] - All options with index in [12] are selected on object 'Object Repository/DispensaryToStore/Page_Store/select_--Select--Adernaline 0.'

2018-06-10 00:17:14 - [TEST_STEP][PASSED] - delay: Delayed 2 second(s)

2018-06-10 00:17:16 - [MESSAGE][PASSED] - Delayed 2 second(s)

2018-06-10 00:17:16 - [TEST_STEP][PASSED] - Statement - RequestedQty = com.kms.katalon.core.webui.keyword.WebUiBuiltInKeywords.getAttribute(com.kms.katalon.core.testobject.ObjectRepository.findTestObject(DispensaryToStore/Page_Store/input_txttotal), "value"): Attribute 'value' of object 'Object Repository/DispensaryToStore/Page_Store/input_txttotal' is: '10'

2018-06-10 00:17:16 - [MESSAGE][PASSED] - Attribute 'value' of object 'Object Repository/DispensaryToStore/Page_Store/input_txttotal' is: '10'

2018-06-10 00:17:16 - [TEST_STEP][PASSED] - Statement - out.println("Requested QTY : " + RequestedQty): null

2018-06-10 00:17:16 - [TEST_STEP][PASSED] - Statement - BatchNumber = com.kms.katalon.core.webui.keyword.WebUiBuiltInKeywords.getNumberOfTotalOption(com.kms.katalon.core.testobject.ObjectRepository.findTestObject(DispensaryToStore/Page_Store/select_--Select--BA1170BA2376B)): 2 options of object 'Object Repository/DispensaryToStore/Page_Store/select_--Select--BA1170BA2376B' counted

2018-06-10 00:17:16 - [MESSAGE][PASSED] - 2 options of object 'Object Repository/DispensaryToStore/Page_Store/select_--Select--BA1170BA2376B' counted

2018-06-10 00:17:16 - [TEST_STEP][PASSED] - Statement - For ([g = 1, g <= BatchNumber - 1, (g++)]): null

2018-06-10 00:17:16 - [TEST_STEP][PASSED] - selectOptionByIndex: All options with index in [1] are selected on object 'Object Repository/DispensaryToStore/Page_Store/select_--Select--BA1170BA2376B'

2018-06-10 00:17:16 - [MESSAGE][PASSED] - All options with index in [1] are selected on object 'Object Repository/DispensaryToStore/Page_Store/select_--Select--BA1170BA2376B'

2018-06-10 00:17:16 - [TEST_STEP][PASSED] - Statement - Try: null

2018-06-10 00:17:16 - [TEST_STEP][PASSED] - Statement - StockQty = com.kms.katalon.core.webui.keyword.WebUiBuiltInKeywords.getAttribute(com.kms.katalon.core.testobject.ObjectRepository.findTestObject(DispensaryToStore/Page_Store/input_txtprice), "value"): Attribute 'value' of object 'Object Repository/DispensaryToStore/Page_Store/input_txtprice' is: '2030'

2018-06-10 00:17:16 - [MESSAGE][PASSED] - Attribute 'value' of object 'Object Repository/DispensaryToStore/Page_Store/input_txtprice' is: '2030'

2018-06-10 00:17:16 - [TEST_STEP][PASSED] - Statement - out.println("Stock QTY : " + StockQty): null

2018-06-10 00:17:16 - [TEST_STEP][PASSED] - delay: Delayed 2 second(s)

2018-06-10 00:17:18 - [MESSAGE][PASSED] - Delayed 2 second(s)

2018-06-10 00:17:18 - [TEST_STEP][PASSED] - Statement - If (java.lang.String.valueOf(StockQty) >= java.lang.String.valueOf(RequestedQty)): null

2018-06-10 00:17:18 - [TEST_STEP][PASSED] - setText: Text '10' is set on object 'Object Repository/DispensaryToStore/Page_Store/input_txtqty'

2018-06-10 00:17:18 - [MESSAGE][PASSED] - Text '10' is set on object 'Object Repository/DispensaryToStore/Page_Store/input_txtqty'

2018-06-10 00:17:18 - [TEST_STEP][PASSED] - click: Object: 'Object Repository/DispensaryToStore/Page_Store/button_Add' is clicked on

2018-06-10 00:17:18 - [MESSAGE][PASSED] - Object: 'Object Repository/DispensaryToStore/Page_Store/button_Add' is clicked on

2018-06-10 00:17:18 - [TEST_STEP][PASSED] - Statement - Break: null

2018-06-10 00:17:18 - [TEST_STEP][PASSED] - selectOptionByIndex: All options with index in [13] are selected on object 'Object Repository/DispensaryToStore/Page_Store/select_--Select--Adernaline 0.'

2018-06-10 00:17:18 - [MESSAGE][PASSED] - All options with index in [13] are selected on object 'Object Repository/DispensaryToStore/Page_Store/select_--Select--Adernaline 0.'

2018-06-10 00:17:18 - [TEST_STEP][PASSED] - delay: Delayed 2 second(s)

2018-06-10 00:17:20 - [MESSAGE][PASSED] - Delayed 2 second(s)

2018-06-10 00:17:20 - [TEST_STEP][PASSED] - Statement - RequestedQty = com.kms.katalon.core.webui.keyword.WebUiBuiltInKeywords.getAttribute(com.kms.katalon.core.testobject.ObjectRepository.findTestObject(DispensaryToStore/Page_Store/input_txttotal), "value"): Attribute 'value' of object 'Object Repository/DispensaryToStore/Page_Store/input_txttotal' is: '10'

2018-06-10 00:17:20 - [MESSAGE][PASSED] - Attribute 'value' of object 'Object Repository/DispensaryToStore/Page_Store/input_txttotal' is: '10'

2018-06-10 00:17:20 - [TEST_STEP][PASSED] - Statement - out.println("Requested QTY : " + RequestedQty): null

2018-06-10 00:17:20 - [TEST_STEP][PASSED] - Statement - BatchNumber = com.kms.katalon.core.webui.keyword.WebUiBuiltInKeywords.getNumberOfTotalOption(com.kms.katalon.core.testobject.ObjectRepository.findTestObject(DispensaryToStore/Page_Store/select_--Select--BA1170BA2376B)): 3 options of object 'Object Repository/DispensaryToStore/Page_Store/select_--Select--BA1170BA2376B' counted

2018-06-10 00:17:20 - [MESSAGE][PASSED] - 3 options of object 'Object Repository/DispensaryToStore/Page_Store/select_--Select--BA1170BA2376B' counted

2018-06-10 00:17:20 - [TEST_STEP][PASSED] - Statement - For ([g = 1, g <= BatchNumber - 1, (g++)]): null

2018-06-10 00:17:20 - [TEST_STEP][PASSED] - selectOptionByIndex: All options with index in [1] are selected on object 'Object Repository/DispensaryToStore/Page_Store/select_--Select--BA1170BA2376B'

2018-06-10 00:17:21 - [MESSAGE][PASSED] - All options with index in [1] are selected on object 'Object Repository/DispensaryToStore/Page_Store/select_--Select--BA1170BA2376B'

2018-06-10 00:17:21 - [TEST_STEP][PASSED] - Statement - Try: null

2018-06-10 00:17:21 - [TEST_STEP][PASSED] - Statement - StockQty = com.kms.katalon.core.webui.keyword.WebUiBuiltInKeywords.getAttribute(com.kms.katalon.core.testobject.ObjectRepository.findTestObject(DispensaryToStore/Page_Store/input_txtprice), "value"): Attribute 'value' of object 'Object Repository/DispensaryToStore/Page_Store/input_txtprice' is: '1010'

2018-06-10 00:17:21 - [MESSAGE][PASSED] - Attribute 'value' of object 'Object Repository/DispensaryToStore/Page_Store/input_txtprice' is: '1010'

2018-06-10 00:17:21 - [TEST_STEP][PASSED] - Statement - out.println("Stock QTY : " + StockQty): null

2018-06-10 00:17:21 - [TEST_STEP][PASSED] - delay: Delayed 2 second(s)

2018-06-10 00:17:23 - [MESSAGE][PASSED] - Delayed 2 second(s)

2018-06-10 00:17:23 - [TEST_STEP][PASSED] - Statement - If (java.lang.String.valueOf(StockQty) >= java.lang.String.valueOf(RequestedQty)): null

2018-06-10 00:17:23 - [TEST_STEP][PASSED] - setText: Text '10' is set on object 'Object Repository/DispensaryToStore/Page_Store/input_txtqty'

2018-06-10 00:17:23 - [MESSAGE][PASSED] - Text '10' is set on object 'Object Repository/DispensaryToStore/Page_Store/input_txtqty'

2018-06-10 00:17:23 - [TEST_STEP][PASSED] - click: Object: 'Object Repository/DispensaryToStore/Page_Store/button_Add' is clicked on

2018-06-10 00:17:23 - [MESSAGE][PASSED] - Object: 'Object Repository/DispensaryToStore/Page_Store/button_Add' is clicked on

2018-06-10 00:17:23 - [TEST_STEP][PASSED] - Statement - Break: null

2018-06-10 00:17:23 - [TEST_STEP][PASSED] - selectOptionByIndex: All options with index in [14] are selected on object 'Object Repository/DispensaryToStore/Page_Store/select_--Select--Adernaline 0.'

2018-06-10 00:17:23 - [MESSAGE][PASSED] - All options with index in [14] are selected on object 'Object Repository/DispensaryToStore/Page_Store/select_--Select--Adernaline 0.'

2018-06-10 00:17:23 - [TEST_STEP][PASSED] - delay: Delayed 2 second(s)

2018-06-10 00:17:25 - [MESSAGE][PASSED] - Delayed 2 second(s)

2018-06-10 00:17:25 - [TEST_STEP][PASSED] - Statement - RequestedQty = com.kms.katalon.core.webui.keyword.WebUiBuiltInKeywords.getAttribute(com.kms.katalon.core.testobject.ObjectRepository.findTestObject(DispensaryToStore/Page_Store/input_txttotal), "value"): Attribute 'value' of object 'Object Repository/DispensaryToStore/Page_Store/input_txttotal' is: '10'

2018-06-10 00:17:25 - [MESSAGE][PASSED] - Attribute 'value' of object 'Object Repository/DispensaryToStore/Page_Store/input_txttotal' is: '10'

2018-06-10 00:17:25 - [TEST_STEP][PASSED] - Statement - out.println("Requested QTY : " + RequestedQty): null

2018-06-10 00:17:25 - [TEST_STEP][PASSED] - Statement - BatchNumber = com.kms.katalon.core.webui.keyword.WebUiBuiltInKeywords.getNumberOfTotalOption(com.kms.katalon.core.testobject.ObjectRepository.findTestObject(DispensaryToStore/Page_Store/select_--Select--BA1170BA2376B)): 3 options of object 'Object Repository/DispensaryToStore/Page_Store/select_--Select--BA1170BA2376B' counted

2018-06-10 00:17:25 - [MESSAGE][PASSED] - 3 options of object 'Object Repository/DispensaryToStore/Page_Store/select_--Select--BA1170BA2376B' counted

2018-06-10 00:17:25 - [TEST_STEP][PASSED] - Statement - For ([g = 1, g <= BatchNumber - 1, (g++)]): null

2018-06-10 00:17:25 - [TEST_STEP][PASSED] - selectOptionByIndex: All options with index in [1] are selected on object 'Object Repository/DispensaryToStore/Page_Store/select_--Select--BA1170BA2376B'

2018-06-10 00:17:25 - [MESSAGE][PASSED] - All options with index in [1] are selected on object 'Object Repository/DispensaryToStore/Page_Store/select_--Select--BA1170BA2376B'

2018-06-10 00:17:25 - [TEST_STEP][PASSED] - Statement - Try: null

2018-06-10 00:17:25 - [TEST_STEP][PASSED] - Statement - StockQty = com.kms.katalon.core.webui.keyword.WebUiBuiltInKeywords.getAttribute(com.kms.katalon.core.testobject.ObjectRepository.findTestObject(DispensaryToStore/Page_Store/input_txtprice), "value"): Attribute 'value' of object 'Object Repository/DispensaryToStore/Page_Store/input_txtprice' is: '1930'

2018-06-10 00:17:25 - [MESSAGE][PASSED] - Attribute 'value' of object 'Object Repository/DispensaryToStore/Page_Store/input_txtprice' is: '1930'

2018-06-10 00:17:25 - [TEST_STEP][PASSED] - Statement - out.println("Stock QTY : " + StockQty): null

2018-06-10 00:17:25 - [TEST_STEP][PASSED] - delay: Delayed 2 second(s)

2018-06-10 00:17:27 - [MESSAGE][PASSED] - Delayed 2 second(s)

2018-06-10 00:17:27 - [TEST_STEP][PASSED] - Statement - If (java.lang.String.valueOf(StockQty) >= java.lang.String.valueOf(RequestedQty)): null

2018-06-10 00:17:27 - [TEST_STEP][PASSED] - setText: Text '10' is set on object 'Object Repository/DispensaryToStore/Page_Store/input_txtqty'

2018-06-10 00:17:27 - [MESSAGE][PASSED] - Text '10' is set on object 'Object Repository/DispensaryToStore/Page_Store/input_txtqty'

2018-06-10 00:17:27 - [TEST_STEP][PASSED] - click: Object: 'Object Repository/DispensaryToStore/Page_Store/button_Add' is clicked on

2018-06-10 00:17:27 - [MESSAGE][PASSED] - Object: 'Object Repository/DispensaryToStore/Page_Store/button_Add' is clicked on

2018-06-10 00:17:27 - [TEST_STEP][PASSED] - Statement - Break: null

2018-06-10 00:17:27 - [TEST_STEP][PASSED] - selectOptionByIndex: All options with index in [15] are selected on object 'Object Repository/DispensaryToStore/Page_Store/select_--Select--Adernaline 0.'

2018-06-10 00:17:28 - [MESSAGE][PASSED] - All options with index in [15] are selected on object 'Object Repository/DispensaryToStore/Page_Store/select_--Select--Adernaline 0.'

2018-06-10 00:17:28 - [TEST_STEP][PASSED] - delay: Delayed 2 second(s)

2018-06-10 00:17:30 - [MESSAGE][PASSED] - Delayed 2 second(s)

2018-06-10 00:17:30 - [TEST_STEP][PASSED] - Statement - RequestedQty = com.kms.katalon.core.webui.keyword.WebUiBuiltInKeywords.getAttribute(com.kms.katalon.core.testobject.ObjectRepository.findTestObject(DispensaryToStore/Page_Store/input_txttotal), "value"): Attribute 'value' of object 'Object Repository/DispensaryToStore/Page_Store/input_txttotal' is: '10'

2018-06-10 00:17:30 - [MESSAGE][PASSED] - Attribute 'value' of object 'Object Repository/DispensaryToStore/Page_Store/input_txttotal' is: '10'

2018-06-10 00:17:30 - [TEST_STEP][PASSED] - Statement - out.println("Requested QTY : " + RequestedQty): null

2018-06-10 00:17:30 - [TEST_STEP][PASSED] - Statement - BatchNumber = com.kms.katalon.core.webui.keyword.WebUiBuiltInKeywords.getNumberOfTotalOption(com.kms.katalon.core.testobject.ObjectRepository.findTestObject(DispensaryToStore/Page_Store/select_--Select--BA1170BA2376B)): 4 options of object 'Object Repository/DispensaryToStore/Page_Store/select_--Select--BA1170BA2376B' counted

2018-06-10 00:17:30 - [MESSAGE][PASSED] - 4 options of object 'Object Repository/DispensaryToStore/Page_Store/select_--Select--BA1170BA2376B' counted

2018-06-10 00:17:30 - [TEST_STEP][PASSED] - Statement - For ([g = 1, g <= BatchNumber - 1, (g++)]): null

2018-06-10 00:17:30 - [TEST_STEP][PASSED] - selectOptionByIndex: All options with index in [1] are selected on object 'Object Repository/DispensaryToStore/Page_Store/select_--Select--BA1170BA2376B'

2018-06-10 00:17:30 - [MESSAGE][PASSED] - All options with index in [1] are selected on object 'Object Repository/DispensaryToStore/Page_Store/select_--Select--BA1170BA2376B'

2018-06-10 00:17:30 - [TEST_STEP][PASSED] - Statement - Try: null

2018-06-10 00:17:30 - [TEST_STEP][PASSED] - Statement - StockQty = com.kms.katalon.core.webui.keyword.WebUiBuiltInKeywords.getAttribute(com.kms.katalon.core.testobject.ObjectRepository.findTestObject(DispensaryToStore/Page_Store/input_txtprice), "value"): Attribute 'value' of object 'Object Repository/DispensaryToStore/Page_Store/input_txtprice' is: '1020'

2018-06-10 00:17:30 - [MESSAGE][PASSED] - Attribute 'value' of object 'Object Repository/DispensaryToStore/Page_Store/input_txtprice' is: '1020'

2018-06-10 00:17:30 - [TEST_STEP][PASSED] - Statement - out.println("Stock QTY : " + StockQty): null

2018-06-10 00:17:30 - [TEST_STEP][PASSED] - delay: Delayed 2 second(s)

2018-06-10 00:17:32 - [MESSAGE][PASSED] - Delayed 2 second(s)

2018-06-10 00:17:32 - [TEST_STEP][PASSED] - Statement - If (java.lang.String.valueOf(StockQty) >= java.lang.String.valueOf(RequestedQty)): null

2018-06-10 00:17:32 - [TEST_STEP][PASSED] - setText: Text '10' is set on object 'Object Repository/DispensaryToStore/Page_Store/input_txtqty'

2018-06-10 00:17:32 - [MESSAGE][PASSED] - Text '10' is set on object 'Object Repository/DispensaryToStore/Page_Store/input_txtqty'

2018-06-10 00:17:32 - [TEST_STEP][PASSED] - click: Object: 'Object Repository/DispensaryToStore/Page_Store/button_Add' is clicked on

2018-06-10 00:17:32 - [MESSAGE][PASSED] - Object: 'Object Repository/DispensaryToStore/Page_Store/button_Add' is clicked on

2018-06-10 00:17:32 - [TEST_STEP][PASSED] - Statement - Break: null

2018-06-10 00:17:32 - [TEST_STEP][PASSED] - selectOptionByIndex: All options with index in [16] are selected on object 'Object Repository/DispensaryToStore/Page_Store/select_--Select--Adernaline 0.'

2018-06-10 00:17:32 - [MESSAGE][PASSED] - All options with index in [16] are selected on object 'Object Repository/DispensaryToStore/Page_Store/select_--Select--Adernaline 0.'

2018-06-10 00:17:32 - [TEST_STEP][PASSED] - delay: Delayed 2 second(s)

2018-06-10 00:17:34 - [MESSAGE][PASSED] - Delayed 2 second(s)

2018-06-10 00:17:34 - [TEST_STEP][PASSED] - Statement - RequestedQty = com.kms.katalon.core.webui.keyword.WebUiBuiltInKeywords.getAttribute(com.kms.katalon.core.testobject.ObjectRepository.findTestObject(DispensaryToStore/Page_Store/input_txttotal), "value"): Attribute 'value' of object 'Object Repository/DispensaryToStore/Page_Store/input_txttotal' is: '10'

2018-06-10 00:17:34 - [MESSAGE][PASSED] - Attribute 'value' of object 'Object Repository/DispensaryToStore/Page_Store/input_txttotal' is: '10'

2018-06-10 00:17:34 - [TEST_STEP][PASSED] - Statement - out.println("Requested QTY : " + RequestedQty): null

2018-06-10 00:17:34 - [TEST_STEP][PASSED] - Statement - BatchNumber = com.kms.katalon.core.webui.keyword.WebUiBuiltInKeywords.getNumberOfTotalOption(com.kms.katalon.core.testobject.ObjectRepository.findTestObject(DispensaryToStore/Page_Store/select_--Select--BA1170BA2376B)): 4 options of object 'Object Repository/DispensaryToStore/Page_Store/select_--Select--BA1170BA2376B' counted

2018-06-10 00:17:34 - [MESSAGE][PASSED] - 4 options of object 'Object Repository/DispensaryToStore/Page_Store/select_--Select--BA1170BA2376B' counted

2018-06-10 00:17:34 - [TEST_STEP][PASSED] - Statement - For ([g = 1, g <= BatchNumber - 1, (g++)]): null

2018-06-10 00:17:34 - [TEST_STEP][PASSED] - selectOptionByIndex: All options with index in [1] are selected on object 'Object Repository/DispensaryToStore/Page_Store/select_--Select--BA1170BA2376B'

2018-06-10 00:17:35 - [MESSAGE][PASSED] - All options with index in [1] are selected on object 'Object Repository/DispensaryToStore/Page_Store/select_--Select--BA1170BA2376B'

2018-06-10 00:17:35 - [TEST_STEP][PASSED] - Statement - Try: null

2018-06-10 00:17:35 - [TEST_STEP][PASSED] - Statement - StockQty = com.kms.katalon.core.webui.keyword.WebUiBuiltInKeywords.getAttribute(com.kms.katalon.core.testobject.ObjectRepository.findTestObject(DispensaryToStore/Page_Store/input_txtprice), "value"): Attribute 'value' of object 'Object Repository/DispensaryToStore/Page_Store/input_txtprice' is: '280'

2018-06-10 00:17:35 - [MESSAGE][PASSED] - Attribute 'value' of object 'Object Repository/DispensaryToStore/Page_Store/input_txtprice' is: '280'

2018-06-10 00:17:35 - [TEST_STEP][PASSED] - Statement - out.println("Stock QTY : " + StockQty): null

2018-06-10 00:17:35 - [TEST_STEP][PASSED] - delay: Delayed 2 second(s)

2018-06-10 00:17:37 - [MESSAGE][PASSED] - Delayed 2 second(s)

2018-06-10 00:17:37 - [TEST_STEP][PASSED] - Statement - If (java.lang.String.valueOf(StockQty) >= java.lang.String.valueOf(RequestedQty)): null

2018-06-10 00:17:37 - [TEST_STEP][PASSED] - setText: Text '10' is set on object 'Object Repository/DispensaryToStore/Page_Store/input_txtqty'

2018-06-10 00:17:37 - [MESSAGE][PASSED] - Text '10' is set on object 'Object Repository/DispensaryToStore/Page_Store/input_txtqty'

2018-06-10 00:17:37 - [TEST_STEP][PASSED] - click: Object: 'Object Repository/DispensaryToStore/Page_Store/button_Add' is clicked on

2018-06-10 00:17:37 - [MESSAGE][PASSED] - Object: 'Object Repository/DispensaryToStore/Page_Store/button_Add' is clicked on

2018-06-10 00:17:37 - [TEST_STEP][PASSED] - Statement - Break: null

2018-06-10 00:17:37 - [TEST_STEP][PASSED] - selectOptionByIndex: All options with index in [17] are selected on object 'Object Repository/DispensaryToStore/Page_Store/select_--Select--Adernaline 0.'

2018-06-10 00:17:37 - [MESSAGE][PASSED] - All options with index in [17] are selected on object 'Object Repository/DispensaryToStore/Page_Store/select_--Select--Adernaline 0.'

2018-06-10 00:17:37 - [TEST_STEP][PASSED] - delay: Delayed 2 second(s)

2018-06-10 00:17:39 - [MESSAGE][PASSED] - Delayed 2 second(s)

2018-06-10 00:17:39 - [TEST_STEP][PASSED] - Statement - RequestedQty = com.kms.katalon.core.webui.keyword.WebUiBuiltInKeywords.getAttribute(com.kms.katalon.core.testobject.ObjectRepository.findTestObject(DispensaryToStore/Page_Store/input_txttotal), "value"): Attribute 'value' of object 'Object Repository/DispensaryToStore/Page_Store/input_txttotal' is: '10'

2018-06-10 00:17:39 - [MESSAGE][PASSED] - Attribute 'value' of object 'Object Repository/DispensaryToStore/Page_Store/input_txttotal' is: '10'

2018-06-10 00:17:39 - [TEST_STEP][PASSED] - Statement - out.println("Requested QTY : " + RequestedQty): null

2018-06-10 00:17:39 - [TEST_STEP][PASSED] - Statement - BatchNumber = com.kms.katalon.core.webui.keyword.WebUiBuiltInKeywords.getNumberOfTotalOption(com.kms.katalon.core.testobject.ObjectRepository.findTestObject(DispensaryToStore/Page_Store/select_--Select--BA1170BA2376B)): 3 options of object 'Object Repository/DispensaryToStore/Page_Store/select_--Select--BA1170BA2376B' counted

2018-06-10 00:17:39 - [MESSAGE][PASSED] - 3 options of object 'Object Repository/DispensaryToStore/Page_Store/select_--Select--BA1170BA2376B' counted

2018-06-10 00:17:39 - [TEST_STEP][PASSED] - Statement - For ([g = 1, g <= BatchNumber - 1, (g++)]): null

2018-06-10 00:17:39 - [TEST_STEP][PASSED] - selectOptionByIndex: All options with index in [1] are selected on object 'Object Repository/DispensaryToStore/Page_Store/select_--Select--BA1170BA2376B'

2018-06-10 00:17:39 - [MESSAGE][PASSED] - All options with index in [1] are selected on object 'Object Repository/DispensaryToStore/Page_Store/select_--Select--BA1170BA2376B'

2018-06-10 00:17:39 - [TEST_STEP][PASSED] - Statement - Try: null

2018-06-10 00:17:39 - [TEST_STEP][PASSED] - Statement - StockQty = com.kms.katalon.core.webui.keyword.WebUiBuiltInKeywords.getAttribute(com.kms.katalon.core.testobject.ObjectRepository.findTestObject(DispensaryToStore/Page_Store/input_txtprice), "value"): Attribute 'value' of object 'Object Repository/DispensaryToStore/Page_Store/input_txtprice' is: '1010'

2018-06-10 00:17:39 - [MESSAGE][PASSED] - Attribute 'value' of object 'Object Repository/DispensaryToStore/Page_Store/input_txtprice' is: '1010'

2018-06-10 00:17:39 - [TEST_STEP][PASSED] - Statement - out.println("Stock QTY : " + StockQty): null

2018-06-10 00:17:39 - [TEST_STEP][PASSED] - delay: Delayed 2 second(s)

2018-06-10 00:17:41 - [MESSAGE][PASSED] - Delayed 2 second(s)

2018-06-10 00:17:41 - [TEST_STEP][PASSED] - Statement - If (java.lang.String.valueOf(StockQty) >= java.lang.String.valueOf(RequestedQty)): null

2018-06-10 00:17:41 - [TEST_STEP][PASSED] - setText: Text '10' is set on object 'Object Repository/DispensaryToStore/Page_Store/input_txtqty'

2018-06-10 00:17:41 - [MESSAGE][PASSED] - Text '10' is set on object 'Object Repository/DispensaryToStore/Page_Store/input_txtqty'

2018-06-10 00:17:41 - [TEST_STEP][PASSED] - click: Object: 'Object Repository/DispensaryToStore/Page_Store/button_Add' is clicked on

2018-06-10 00:17:41 - [MESSAGE][PASSED] - Object: 'Object Repository/DispensaryToStore/Page_Store/button_Add' is clicked on

2018-06-10 00:17:41 - [TEST_STEP][PASSED] - Statement - Break: null

2018-06-10 00:17:41 - [TEST_STEP][PASSED] - selectOptionByIndex: All options with index in [18] are selected on object 'Object Repository/DispensaryToStore/Page_Store/select_--Select--Adernaline 0.'

2018-06-10 00:17:42 - [MESSAGE][PASSED] - All options with index in [18] are selected on object 'Object Repository/DispensaryToStore/Page_Store/select_--Select--Adernaline 0.'

2018-06-10 00:17:42 - [TEST_STEP][PASSED] - delay: Delayed 2 second(s)

2018-06-10 00:17:44 - [MESSAGE][PASSED] - Delayed 2 second(s)

2018-06-10 00:17:44 - [TEST_STEP][PASSED] - Statement - RequestedQty = com.kms.katalon.core.webui.keyword.WebUiBuiltInKeywords.getAttribute(com.kms.katalon.core.testobject.ObjectRepository.findTestObject(DispensaryToStore/Page_Store/input_txttotal), "value"): Attribute 'value' of object 'Object Repository/DispensaryToStore/Page_Store/input_txttotal' is: '10'

2018-06-10 00:17:44 - [MESSAGE][PASSED] - Attribute 'value' of object 'Object Repository/DispensaryToStore/Page_Store/input_txttotal' is: '10'

2018-06-10 00:17:44 - [TEST_STEP][PASSED] - Statement - out.println("Requested QTY : " + RequestedQty): null

2018-06-10 00:17:44 - [TEST_STEP][PASSED] - Statement - BatchNumber = com.kms.katalon.core.webui.keyword.WebUiBuiltInKeywords.getNumberOfTotalOption(com.kms.katalon.core.testobject.ObjectRepository.findTestObject(DispensaryToStore/Page_Store/select_--Select--BA1170BA2376B)): 4 options of object 'Object Repository/DispensaryToStore/Page_Store/select_--Select--BA1170BA2376B' counted

2018-06-10 00:17:44 - [MESSAGE][PASSED] - 4 options of object 'Object Repository/DispensaryToStore/Page_Store/select_--Select--BA1170BA2376B' counted

2018-06-10 00:17:44 - [TEST_STEP][PASSED] - Statement - For ([g = 1, g <= BatchNumber - 1, (g++)]): null

2018-06-10 00:17:44 - [TEST_STEP][PASSED] - selectOptionByIndex: All options with index in [1] are selected on object 'Object Repository/DispensaryToStore/Page_Store/select_--Select--BA1170BA2376B'

2018-06-10 00:17:44 - [MESSAGE][PASSED] - All options with index in [1] are selected on object 'Object Repository/DispensaryToStore/Page_Store/select_--Select--BA1170BA2376B'

2018-06-10 00:17:44 - [TEST_STEP][PASSED] - Statement - Try: null

2018-06-10 00:17:44 - [TEST_STEP][PASSED] - Statement - StockQty = com.kms.katalon.core.webui.keyword.WebUiBuiltInKeywords.getAttribute(com.kms.katalon.core.testobject.ObjectRepository.findTestObject(DispensaryToStore/Page_Store/input_txtprice), "value"): Attribute 'value' of object 'Object Repository/DispensaryToStore/Page_Store/input_txtprice' is: '280'

2018-06-10 00:17:44 - [MESSAGE][PASSED] - Attribute 'value' of object 'Object Repository/DispensaryToStore/Page_Store/input_txtprice' is: '280'

2018-06-10 00:17:44 - [TEST_STEP][PASSED] - Statement - out.println("Stock QTY : " + StockQty): null

2018-06-10 00:17:44 - [TEST_STEP][PASSED] - delay: Delayed 2 second(s)

2018-06-10 00:17:46 - [MESSAGE][PASSED] - Delayed 2 second(s)

2018-06-10 00:17:46 - [TEST_STEP][PASSED] - Statement - If (java.lang.String.valueOf(StockQty) >= java.lang.String.valueOf(RequestedQty)): null

2018-06-10 00:17:46 - [TEST_STEP][PASSED] - setText: Text '10' is set on object 'Object Repository/DispensaryToStore/Page_Store/input_txtqty'

2018-06-10 00:17:46 - [MESSAGE][PASSED] - Text '10' is set on object 'Object Repository/DispensaryToStore/Page_Store/input_txtqty'

2018-06-10 00:17:46 - [TEST_STEP][PASSED] - click: Object: 'Object Repository/DispensaryToStore/Page_Store/button_Add' is clicked on

2018-06-10 00:17:46 - [MESSAGE][PASSED] - Object: 'Object Repository/DispensaryToStore/Page_Store/button_Add' is clicked on

2018-06-10 00:17:46 - [TEST_STEP][PASSED] - Statement - Break: null

2018-06-10 00:17:46 - [TEST_STEP][PASSED] - selectOptionByIndex: All options with index in [19] are selected on object 'Object Repository/DispensaryToStore/Page_Store/select_--Select--Adernaline 0.'

2018-06-10 00:17:46 - [MESSAGE][PASSED] - All options with index in [19] are selected on object 'Object Repository/DispensaryToStore/Page_Store/select_--Select--Adernaline 0.'

2018-06-10 00:17:46 - [TEST_STEP][PASSED] - delay: Delayed 2 second(s)

2018-06-10 00:17:48 - [MESSAGE][PASSED] - Delayed 2 second(s)

2018-06-10 00:17:48 - [TEST_STEP][PASSED] - Statement - RequestedQty = com.kms.katalon.core.webui.keyword.WebUiBuiltInKeywords.getAttribute(com.kms.katalon.core.testobject.ObjectRepository.findTestObject(DispensaryToStore/Page_Store/input_txttotal), "value"): Attribute 'value' of object 'Object Repository/DispensaryToStore/Page_Store/input_txttotal' is: '10'

2018-06-10 00:17:48 - [MESSAGE][PASSED] - Attribute 'value' of object 'Object Repository/DispensaryToStore/Page_Store/input_txttotal' is: '10'

2018-06-10 00:17:48 - [TEST_STEP][PASSED] - Statement - out.println("Requested QTY : " + RequestedQty): null

2018-06-10 00:17:48 - [TEST_STEP][PASSED] - Statement - BatchNumber = com.kms.katalon.core.webui.keyword.WebUiBuiltInKeywords.getNumberOfTotalOption(com.kms.katalon.core.testobject.ObjectRepository.findTestObject(DispensaryToStore/Page_Store/select_--Select--BA1170BA2376B)): 5 options of object 'Object Repository/DispensaryToStore/Page_Store/select_--Select--BA1170BA2376B' counted

2018-06-10 00:17:48 - [MESSAGE][PASSED] - 5 options of object 'Object Repository/DispensaryToStore/Page_Store/select_--Select--BA1170BA2376B' counted

2018-06-10 00:17:48 - [TEST_STEP][PASSED] - Statement - For ([g = 1, g <= BatchNumber - 1, (g++)]): null

2018-06-10 00:17:48 - [TEST_STEP][PASSED] - selectOptionByIndex: All options with index in [1] are selected on object 'Object Repository/DispensaryToStore/Page_Store/select_--Select--BA1170BA2376B'

2018-06-10 00:17:49 - [MESSAGE][PASSED] - All options with index in [1] are selected on object 'Object Repository/DispensaryToStore/Page_Store/select_--Select--BA1170BA2376B'

2018-06-10 00:17:49 - [TEST_STEP][PASSED] - Statement - Try: null

2018-06-10 00:17:49 - [TEST_STEP][PASSED] - Statement - StockQty = com.kms.katalon.core.webui.keyword.WebUiBuiltInKeywords.getAttribute(com.kms.katalon.core.testobject.ObjectRepository.findTestObject(DispensaryToStore/Page_Store/input_txtprice), "value"): Attribute 'value' of object 'Object Repository/DispensaryToStore/Page_Store/input_txtprice' is: ''

2018-06-10 00:17:49 - [MESSAGE][PASSED] - Attribute 'value' of object 'Object Repository/DispensaryToStore/Page_Store/input_txtprice' is: ''

2018-06-10 00:17:49 - [TEST_STEP][PASSED] - Statement - out.println("Stock QTY : " + StockQty): null

2018-06-10 00:17:49 - [TEST_STEP][PASSED] - delay: Delayed 2 second(s)

2018-06-10 00:17:51 - [MESSAGE][PASSED] - Delayed 2 second(s)

2018-06-10 00:17:51 - [TEST_STEP][PASSED] - Statement - If (java.lang.String.valueOf(StockQty) >= java.lang.String.valueOf(RequestedQty)): null

2018-06-10 00:17:51 - [TEST_STEP][PASSED] - Statement - Else: null

2018-06-10 00:17:51 - [TEST_STEP][PASSED] - Statement - out.println("Stock Is Less Than Requested Qty"): null

2018-06-10 00:17:51 - [TEST_STEP][PASSED] - selectOptionByIndex: All options with index in [2] are selected on object 'Object Repository/DispensaryToStore/Page_Store/select_--Select--BA1170BA2376B'

2018-06-10 00:17:51 - [MESSAGE][PASSED] - All options with index in [2] are selected on object 'Object Repository/DispensaryToStore/Page_Store/select_--Select--BA1170BA2376B'

2018-06-10 00:17:51 - [TEST_STEP][PASSED] - Statement - Try: null

2018-06-10 00:17:51 - [TEST_STEP][PASSED] - Statement - StockQty = com.kms.katalon.core.webui.keyword.WebUiBuiltInKeywords.getAttribute(com.kms.katalon.core.testobject.ObjectRepository.findTestObject(DispensaryToStore/Page_Store/input_txtprice), "value"): Attribute 'value' of object 'Object Repository/DispensaryToStore/Page_Store/input_txtprice' is: '270'

2018-06-10 00:17:51 - [MESSAGE][PASSED] - Attribute 'value' of object 'Object Repository/DispensaryToStore/Page_Store/input_txtprice' is: '270'

2018-06-10 00:17:51 - [TEST_STEP][PASSED] - Statement - out.println("Stock QTY : " + StockQty): null

2018-06-10 00:17:51 - [TEST_STEP][PASSED] - delay: Delayed 2 second(s)

2018-06-10 00:17:53 - [MESSAGE][PASSED] - Delayed 2 second(s)

2018-06-10 00:17:53 - [TEST_STEP][PASSED] - Statement - If (java.lang.String.valueOf(StockQty) >= java.lang.String.valueOf(RequestedQty)): null

2018-06-10 00:17:53 - [TEST_STEP][PASSED] - setText: Text '10' is set on object 'Object Repository/DispensaryToStore/Page_Store/input_txtqty'

2018-06-10 00:17:53 - [MESSAGE][PASSED] - Text '10' is set on object 'Object Repository/DispensaryToStore/Page_Store/input_txtqty'

2018-06-10 00:17:53 - [TEST_STEP][PASSED] - click: Object: 'Object Repository/DispensaryToStore/Page_Store/button_Add' is clicked on

2018-06-10 00:17:53 - [MESSAGE][PASSED] - Object: 'Object Repository/DispensaryToStore/Page_Store/button_Add' is clicked on

2018-06-10 00:17:53 - [TEST_STEP][PASSED] - Statement - Break: null

2018-06-10 00:17:53 - [TEST_STEP][PASSED] - selectOptionByIndex: All options with index in [20] are selected on object 'Object Repository/DispensaryToStore/Page_Store/select_--Select--Adernaline 0.'

2018-06-10 00:17:53 - [MESSAGE][PASSED] - All options with index in [20] are selected on object 'Object Repository/DispensaryToStore/Page_Store/select_--Select--Adernaline 0.'

2018-06-10 00:17:53 - [TEST_STEP][PASSED] - delay: Delayed 2 second(s)

2018-06-10 00:17:55 - [MESSAGE][PASSED] - Delayed 2 second(s)

2018-06-10 00:17:55 - [TEST_STEP][PASSED] - Statement - RequestedQty = com.kms.katalon.core.webui.keyword.WebUiBuiltInKeywords.getAttribute(com.kms.katalon.core.testobject.ObjectRepository.findTestObject(DispensaryToStore/Page_Store/input_txttotal), "value"): Attribute 'value' of object 'Object Repository/DispensaryToStore/Page_Store/input_txttotal' is: '10'

2018-06-10 00:17:55 - [MESSAGE][PASSED] - Attribute 'value' of object 'Object Repository/DispensaryToStore/Page_Store/input_txttotal' is: '10'

2018-06-10 00:17:55 - [TEST_STEP][PASSED] - Statement - out.println("Requested QTY : " + RequestedQty): null

2018-06-10 00:17:55 - [TEST_STEP][PASSED] - Statement - BatchNumber = com.kms.katalon.core.webui.keyword.WebUiBuiltInKeywords.getNumberOfTotalOption(com.kms.katalon.core.testobject.ObjectRepository.findTestObject(DispensaryToStore/Page_Store/select_--Select--BA1170BA2376B)): 3 options of object 'Object Repository/DispensaryToStore/Page_Store/select_--Select--BA1170BA2376B' counted

2018-06-10 00:17:55 - [MESSAGE][PASSED] - 3 options of object 'Object Repository/DispensaryToStore/Page_Store/select_--Select--BA1170BA2376B' counted

2018-06-10 00:17:55 - [TEST_STEP][PASSED] - Statement - For ([g = 1, g <= BatchNumber - 1, (g++)]): null

2018-06-10 00:17:55 - [TEST_STEP][PASSED] - selectOptionByIndex: All options with index in [1] are selected on object 'Object Repository/DispensaryToStore/Page_Store/select_--Select--BA1170BA2376B'

2018-06-10 00:17:55 - [MESSAGE][PASSED] - All options with index in [1] are selected on object 'Object Repository/DispensaryToStore/Page_Store/select_--Select--BA1170BA2376B'

2018-06-10 00:17:55 - [TEST_STEP][PASSED] - Statement - Try: null

2018-06-10 00:17:55 - [TEST_STEP][PASSED] - Statement - StockQty = com.kms.katalon.core.webui.keyword.WebUiBuiltInKeywords.getAttribute(com.kms.katalon.core.testobject.ObjectRepository.findTestObject(DispensaryToStore/Page_Store/input_txtprice), "value"): Attribute 'value' of object 'Object Repository/DispensaryToStore/Page_Store/input_txtprice' is: '280'

2018-06-10 00:17:55 - [MESSAGE][PASSED] - Attribute 'value' of object 'Object Repository/DispensaryToStore/Page_Store/input_txtprice' is: '280'

2018-06-10 00:17:55 - [TEST_STEP][PASSED] - Statement - out.println("Stock QTY : " + StockQty): null

2018-06-10 00:17:55 - [TEST_STEP][PASSED] - delay: Delayed 2 second(s)

2018-06-10 00:17:57 - [MESSAGE][PASSED] - Delayed 2 second(s)

2018-06-10 00:17:57 - [TEST_STEP][PASSED] - Statement - If (java.lang.String.valueOf(StockQty) >= java.lang.String.valueOf(RequestedQty)): null

2018-06-10 00:17:57 - [TEST_STEP][PASSED] - setText: Text '10' is set on object 'Object Repository/DispensaryToStore/Page_Store/input_txtqty'

2018-06-10 00:17:57 - [MESSAGE][PASSED] - Text '10' is set on object 'Object Repository/DispensaryToStore/Page_Store/input_txtqty'

2018-06-10 00:17:57 - [TEST_STEP][PASSED] - click: Object: 'Object Repository/DispensaryToStore/Page_Store/button_Add' is clicked on

2018-06-10 00:17:58 - [MESSAGE][PASSED] - Object: 'Object Repository/DispensaryToStore/Page_Store/button_Add' is clicked on

2018-06-10 00:17:58 - [TEST_STEP][PASSED] - Statement - Break: null

2018-06-10 00:17:58 - [TEST_STEP][PASSED] - selectOptionByIndex: All options with index in [21] are selected on object 'Object Repository/DispensaryToStore/Page_Store/select_--Select--Adernaline 0.'

2018-06-10 00:17:58 - [MESSAGE][PASSED] - All options with index in [21] are selected on object 'Object Repository/DispensaryToStore/Page_Store/select_--Select--Adernaline 0.'

2018-06-10 00:17:58 - [TEST_STEP][PASSED] - delay: Delayed 2 second(s)

2018-06-10 00:18:00 - [MESSAGE][PASSED] - Delayed 2 second(s)

2018-06-10 00:18:00 - [TEST_STEP][PASSED] - Statement - RequestedQty = com.kms.katalon.core.webui.keyword.WebUiBuiltInKeywords.getAttribute(com.kms.katalon.core.testobject.ObjectRepository.findTestObject(DispensaryToStore/Page_Store/input_txttotal), "value"): Attribute 'value' of object 'Object Repository/DispensaryToStore/Page_Store/input_txttotal' is: '10'

2018-06-10 00:18:00 - [MESSAGE][PASSED] - Attribute 'value' of object 'Object Repository/DispensaryToStore/Page_Store/input_txttotal' is: '10'

2018-06-10 00:18:00 - [TEST_STEP][PASSED] - Statement - out.println("Requested QTY : " + RequestedQty): null

2018-06-10 00:18:00 - [TEST_STEP][PASSED] - Statement - BatchNumber = com.kms.katalon.core.webui.keyword.WebUiBuiltInKeywords.getNumberOfTotalOption(com.kms.katalon.core.testobject.ObjectRepository.findTestObject(DispensaryToStore/Page_Store/select_--Select--BA1170BA2376B)): 5 options of object 'Object Repository/DispensaryToStore/Page_Store/select_--Select--BA1170BA2376B' counted

2018-06-10 00:18:00 - [MESSAGE][PASSED] - 5 options of object 'Object Repository/DispensaryToStore/Page_Store/select_--Select--BA1170BA2376B' counted

2018-06-10 00:18:00 - [TEST_STEP][PASSED] - Statement - For ([g = 1, g <= BatchNumber - 1, (g++)]): null

2018-06-10 00:18:00 - [TEST_STEP][PASSED] - selectOptionByIndex: All options with index in [1] are selected on object 'Object Repository/DispensaryToStore/Page_Store/select_--Select--BA1170BA2376B'

2018-06-10 00:18:00 - [MESSAGE][PASSED] - All options with index in [1] are selected on object 'Object Repository/DispensaryToStore/Page_Store/select_--Select--BA1170BA2376B'

2018-06-10 00:18:00 - [TEST_STEP][PASSED] - Statement - Try: null

2018-06-10 00:18:00 - [TEST_STEP][PASSED] - Statement - StockQty = com.kms.katalon.core.webui.keyword.WebUiBuiltInKeywords.getAttribute(com.kms.katalon.core.testobject.ObjectRepository.findTestObject(DispensaryToStore/Page_Store/input_txtprice), "value"): Attribute 'value' of object 'Object Repository/DispensaryToStore/Page_Store/input_txtprice' is: '560'

2018-06-10 00:18:00 - [MESSAGE][PASSED] - Attribute 'value' of object 'Object Repository/DispensaryToStore/Page_Store/input_txtprice' is: '560'

2018-06-10 00:18:00 - [TEST_STEP][PASSED] - Statement - out.println("Stock QTY : " + StockQty): null

2018-06-10 00:18:00 - [TEST_STEP][PASSED] - delay: Delayed 2 second(s)

2018-06-10 00:18:02 - [MESSAGE][PASSED] - Delayed 2 second(s)

2018-06-10 00:18:02 - [TEST_STEP][PASSED] - Statement - If (java.lang.String.valueOf(StockQty) >= java.lang.String.valueOf(RequestedQty)): null

2018-06-10 00:18:02 - [TEST_STEP][PASSED] - setText: Text '10' is set on object 'Object Repository/DispensaryToStore/Page_Store/input_txtqty'

2018-06-10 00:18:02 - [MESSAGE][PASSED] - Text '10' is set on object 'Object Repository/DispensaryToStore/Page_Store/input_txtqty'

2018-06-10 00:18:02 - [TEST_STEP][PASSED] - click: Object: 'Object Repository/DispensaryToStore/Page_Store/button_Add' is clicked on

2018-06-10 00:18:02 - [MESSAGE][PASSED] - Object: 'Object Repository/DispensaryToStore/Page_Store/button_Add' is clicked on

2018-06-10 00:18:02 - [TEST_STEP][PASSED] - Statement - Break: null

2018-06-10 00:18:02 - [TEST_STEP][PASSED] - selectOptionByIndex: All options with index in [22] are selected on object 'Object Repository/DispensaryToStore/Page_Store/select_--Select--Adernaline 0.'

2018-06-10 00:18:03 - [MESSAGE][PASSED] - All options with index in [22] are selected on object 'Object Repository/DispensaryToStore/Page_Store/select_--Select--Adernaline 0.'

2018-06-10 00:18:03 - [TEST_STEP][PASSED] - delay: Delayed 2 second(s)

2018-06-10 00:18:05 - [MESSAGE][PASSED] - Delayed 2 second(s)

2018-06-10 00:18:05 - [TEST_STEP][PASSED] - Statement - RequestedQty = com.kms.katalon.core.webui.keyword.WebUiBuiltInKeywords.getAttribute(com.kms.katalon.core.testobject.ObjectRepository.findTestObject(DispensaryToStore/Page_Store/input_txttotal), "value"): Attribute 'value' of object 'Object Repository/DispensaryToStore/Page_Store/input_txttotal' is: '10'

2018-06-10 00:18:05 - [MESSAGE][PASSED] - Attribute 'value' of object 'Object Repository/DispensaryToStore/Page_Store/input_txttotal' is: '10'

2018-06-10 00:18:05 - [TEST_STEP][PASSED] - Statement - out.println("Requested QTY : " + RequestedQty): null

2018-06-10 00:18:05 - [TEST_STEP][PASSED] - Statement - BatchNumber = com.kms.katalon.core.webui.keyword.WebUiBuiltInKeywords.getNumberOfTotalOption(com.kms.katalon.core.testobject.ObjectRepository.findTestObject(DispensaryToStore/Page_Store/select_--Select--BA1170BA2376B)): 5 options of object 'Object Repository/DispensaryToStore/Page_Store/select_--Select--BA1170BA2376B' counted

2018-06-10 00:18:05 - [MESSAGE][PASSED] - 5 options of object 'Object Repository/DispensaryToStore/Page_Store/select_--Select--BA1170BA2376B' counted

2018-06-10 00:18:05 - [TEST_STEP][PASSED] - Statement - For ([g = 1, g <= BatchNumber - 1, (g++)]): null

2018-06-10 00:18:05 - [TEST_STEP][PASSED] - selectOptionByIndex: All options with index in [1] are selected on object 'Object Repository/DispensaryToStore/Page_Store/select_--Select--BA1170BA2376B'

2018-06-10 00:18:05 - [MESSAGE][PASSED] - All options with index in [1] are selected on object 'Object Repository/DispensaryToStore/Page_Store/select_--Select--BA1170BA2376B'

2018-06-10 00:18:05 - [TEST_STEP][PASSED] - Statement - Try: null

2018-06-10 00:18:05 - [TEST_STEP][PASSED] - Statement - StockQty = com.kms.katalon.core.webui.keyword.WebUiBuiltInKeywords.getAttribute(com.kms.katalon.core.testobject.ObjectRepository.findTestObject(DispensaryToStore/Page_Store/input_txtprice), "value"): Attribute 'value' of object 'Object Repository/DispensaryToStore/Page_Store/input_txtprice' is: '550'

2018-06-10 00:18:05 - [MESSAGE][PASSED] - Attribute 'value' of object 'Object Repository/DispensaryToStore/Page_Store/input_txtprice' is: '550'

2018-06-10 00:18:05 - [TEST_STEP][PASSED] - Statement - out.println("Stock QTY : " + StockQty): null

2018-06-10 00:18:05 - [TEST_STEP][PASSED] - delay: Delayed 2 second(s)

2018-06-10 00:18:07 - [MESSAGE][PASSED] - Delayed 2 second(s)

2018-06-10 00:18:07 - [TEST_STEP][PASSED] - Statement - If (java.lang.String.valueOf(StockQty) >= java.lang.String.valueOf(RequestedQty)): null

2018-06-10 00:18:07 - [TEST_STEP][PASSED] - setText: Text '10' is set on object 'Object Repository/DispensaryToStore/Page_Store/input_txtqty'

2018-06-10 00:18:07 - [MESSAGE][PASSED] - Text '10' is set on object 'Object Repository/DispensaryToStore/Page_Store/input_txtqty'

2018-06-10 00:18:07 - [TEST_STEP][PASSED] - click: Object: 'Object Repository/DispensaryToStore/Page_Store/button_Add' is clicked on

2018-06-10 00:18:07 - [MESSAGE][PASSED] - Object: 'Object Repository/DispensaryToStore/Page_Store/button_Add' is clicked on

2018-06-10 00:18:07 - [TEST_STEP][PASSED] - Statement - Break: null

2018-06-10 00:18:07 - [TEST_STEP][PASSED] - selectOptionByIndex: All options with index in [23] are selected on object 'Object Repository/DispensaryToStore/Page_Store/select_--Select--Adernaline 0.'

2018-06-10 00:18:07 - [MESSAGE][PASSED] - All options with index in [23] are selected on object 'Object Repository/DispensaryToStore/Page_Store/select_--Select--Adernaline 0.'

2018-06-10 00:18:07 - [TEST_STEP][PASSED] - delay: Delayed 2 second(s)

2018-06-10 00:18:09 - [MESSAGE][PASSED] - Delayed 2 second(s)

2018-06-10 00:18:09 - [TEST_STEP][PASSED] - Statement - RequestedQty = com.kms.katalon.core.webui.keyword.WebUiBuiltInKeywords.getAttribute(com.kms.katalon.core.testobject.ObjectRepository.findTestObject(DispensaryToStore/Page_Store/input_txttotal), "value"): Attribute 'value' of object 'Object Repository/DispensaryToStore/Page_Store/input_txttotal' is: '10'

2018-06-10 00:18:09 - [MESSAGE][PASSED] - Attribute 'value' of object 'Object Repository/DispensaryToStore/Page_Store/input_txttotal' is: '10'

2018-06-10 00:18:09 - [TEST_STEP][PASSED] - Statement - out.println("Requested QTY : " + RequestedQty): null

2018-06-10 00:18:09 - [TEST_STEP][PASSED] - Statement - BatchNumber = com.kms.katalon.core.webui.keyword.WebUiBuiltInKeywords.getNumberOfTotalOption(com.kms.katalon.core.testobject.ObjectRepository.findTestObject(DispensaryToStore/Page_Store/select_--Select--BA1170BA2376B)): 3 options of object 'Object Repository/DispensaryToStore/Page_Store/select_--Select--BA1170BA2376B' counted

2018-06-10 00:18:09 - [MESSAGE][PASSED] - 3 options of object 'Object Repository/DispensaryToStore/Page_Store/select_--Select--BA1170BA2376B' counted

2018-06-10 00:18:09 - [TEST_STEP][PASSED] - Statement - For ([g = 1, g <= BatchNumber - 1, (g++)]): null

2018-06-10 00:18:09 - [TEST_STEP][PASSED] - selectOptionByIndex: All options with index in [1] are selected on object 'Object Repository/DispensaryToStore/Page_Store/select_--Select--BA1170BA2376B'

2018-06-10 00:18:09 - [MESSAGE][PASSED] - All options with index in [1] are selected on object 'Object Repository/DispensaryToStore/Page_Store/select_--Select--BA1170BA2376B'

2018-06-10 00:18:09 - [TEST_STEP][PASSED] - Statement - Try: null

2018-06-10 00:18:09 - [TEST_STEP][PASSED] - Statement - StockQty = com.kms.katalon.core.webui.keyword.WebUiBuiltInKeywords.getAttribute(com.kms.katalon.core.testobject.ObjectRepository.findTestObject(DispensaryToStore/Page_Store/input_txtprice), "value"): Attribute 'value' of object 'Object Repository/DispensaryToStore/Page_Store/input_txtprice' is: '1930'

2018-06-10 00:18:10 - [MESSAGE][PASSED] - Attribute 'value' of object 'Object Repository/DispensaryToStore/Page_Store/input_txtprice' is: '1930'

2018-06-10 00:18:10 - [TEST_STEP][PASSED] - Statement - out.println("Stock QTY : " + StockQty): null

2018-06-10 00:18:10 - [TEST_STEP][PASSED] - delay: Delayed 2 second(s)

2018-06-10 00:18:12 - [MESSAGE][PASSED] - Delayed 2 second(s)

2018-06-10 00:18:12 - [TEST_STEP][PASSED] - Statement - If (java.lang.String.valueOf(StockQty) >= java.lang.String.valueOf(RequestedQty)): null

2018-06-10 00:18:12 - [TEST_STEP][PASSED] - setText: Text '10' is set on object 'Object Repository/DispensaryToStore/Page_Store/input_txtqty'

2018-06-10 00:18:12 - [MESSAGE][PASSED] - Text '10' is set on object 'Object Repository/DispensaryToStore/Page_Store/input_txtqty'

2018-06-10 00:18:12 - [TEST_STEP][PASSED] - click: Object: 'Object Repository/DispensaryToStore/Page_Store/button_Add' is clicked on

2018-06-10 00:18:12 - [MESSAGE][PASSED] - Object: 'Object Repository/DispensaryToStore/Page_Store/button_Add' is clicked on

2018-06-10 00:18:12 - [TEST_STEP][PASSED] - Statement - Break: null

2018-06-10 00:18:12 - [TEST_STEP][PASSED] - selectOptionByIndex: All options with index in [24] are selected on object 'Object Repository/DispensaryToStore/Page_Store/select_--Select--Adernaline 0.'

2018-06-10 00:18:12 - [MESSAGE][PASSED] - All options with index in [24] are selected on object 'Object Repository/DispensaryToStore/Page_Store/select_--Select--Adernaline 0.'

2018-06-10 00:18:12 - [TEST_STEP][PASSED] - delay: Delayed 2 second(s)

2018-06-10 00:18:14 - [MESSAGE][PASSED] - Delayed 2 second(s)

2018-06-10 00:18:14 - [TEST_STEP][PASSED] - Statement - RequestedQty = com.kms.katalon.core.webui.keyword.WebUiBuiltInKeywords.getAttribute(com.kms.katalon.core.testobject.ObjectRepository.findTestObject(DispensaryToStore/Page_Store/input_txttotal), "value"): Attribute 'value' of object 'Object Repository/DispensaryToStore/Page_Store/input_txttotal' is: '10'

2018-06-10 00:18:14 - [MESSAGE][PASSED] - Attribute 'value' of object 'Object Repository/DispensaryToStore/Page_Store/input_txttotal' is: '10'

2018-06-10 00:18:14 - [TEST_STEP][PASSED] - Statement - out.println("Requested QTY : " + RequestedQty): null

2018-06-10 00:18:14 - [TEST_STEP][PASSED] - Statement - BatchNumber = com.kms.katalon.core.webui.keyword.WebUiBuiltInKeywords.getNumberOfTotalOption(com.kms.katalon.core.testobject.ObjectRepository.findTestObject(DispensaryToStore/Page_Store/select_--Select--BA1170BA2376B)): 4 options of object 'Object Repository/DispensaryToStore/Page_Store/select_--Select--BA1170BA2376B' counted

2018-06-10 00:18:14 - [MESSAGE][PASSED] - 4 options of object 'Object Repository/DispensaryToStore/Page_Store/select_--Select--BA1170BA2376B' counted

2018-06-10 00:18:14 - [TEST_STEP][PASSED] - Statement - For ([g = 1, g <= BatchNumber - 1, (g++)]): null

2018-06-10 00:18:14 - [TEST_STEP][PASSED] - selectOptionByIndex: All options with index in [1] are selected on object 'Object Repository/DispensaryToStore/Page_Store/select_--Select--BA1170BA2376B'

2018-06-10 00:18:14 - [MESSAGE][PASSED] - All options with index in [1] are selected on object 'Object Repository/DispensaryToStore/Page_Store/select_--Select--BA1170BA2376B'

2018-06-10 00:18:14 - [TEST_STEP][PASSED] - Statement - Try: null

2018-06-10 00:18:14 - [TEST_STEP][PASSED] - Statement - StockQty = com.kms.katalon.core.webui.keyword.WebUiBuiltInKeywords.getAttribute(com.kms.katalon.core.testobject.ObjectRepository.findTestObject(DispensaryToStore/Page_Store/input_txtprice), "value"): Attribute 'value' of object 'Object Repository/DispensaryToStore/Page_Store/input_txtprice' is: '1010'

2018-06-10 00:18:14 - [MESSAGE][PASSED] - Attribute 'value' of object 'Object Repository/DispensaryToStore/Page_Store/input_txtprice' is: '1010'

2018-06-10 00:18:14 - [TEST_STEP][PASSED] - Statement - out.println("Stock QTY : " + StockQty): null

2018-06-10 00:18:14 - [TEST_STEP][PASSED] - delay: Delayed 2 second(s)

2018-06-10 00:18:16 - [MESSAGE][PASSED] - Delayed 2 second(s)

2018-06-10 00:18:16 - [TEST_STEP][PASSED] - Statement - If (java.lang.String.valueOf(StockQty) >= java.lang.String.valueOf(RequestedQty)): null

2018-06-10 00:18:16 - [TEST_STEP][PASSED] - setText: Text '10' is set on object 'Object Repository/DispensaryToStore/Page_Store/input_txtqty'

2018-06-10 00:18:16 - [MESSAGE][PASSED] - Text '10' is set on object 'Object Repository/DispensaryToStore/Page_Store/input_txtqty'

2018-06-10 00:18:16 - [TEST_STEP][PASSED] - click: Object: 'Object Repository/DispensaryToStore/Page_Store/button_Add' is clicked on

2018-06-10 00:18:16 - [MESSAGE][PASSED] - Object: 'Object Repository/DispensaryToStore/Page_Store/button_Add' is clicked on

2018-06-10 00:18:16 - [TEST_STEP][PASSED] - Statement - Break: null

2018-06-10 00:18:16 - [TEST_STEP][PASSED] - selectOptionByIndex: All options with index in [25] are selected on object 'Object Repository/DispensaryToStore/Page_Store/select_--Select--Adernaline 0.'

2018-06-10 00:18:17 - [MESSAGE][PASSED] - All options with index in [25] are selected on object 'Object Repository/DispensaryToStore/Page_Store/select_--Select--Adernaline 0.'

2018-06-10 00:18:17 - [TEST_STEP][PASSED] - delay: Delayed 2 second(s)

2018-06-10 00:18:19 - [MESSAGE][PASSED] - Delayed 2 second(s)

2018-06-10 00:18:19 - [TEST_STEP][PASSED] - Statement - RequestedQty = com.kms.katalon.core.webui.keyword.WebUiBuiltInKeywords.getAttribute(com.kms.katalon.core.testobject.ObjectRepository.findTestObject(DispensaryToStore/Page_Store/input_txttotal), "value"): Attribute 'value' of object 'Object Repository/DispensaryToStore/Page_Store/input_txttotal' is: '10'

2018-06-10 00:18:19 - [MESSAGE][PASSED] - Attribute 'value' of object 'Object Repository/DispensaryToStore/Page_Store/input_txttotal' is: '10'

2018-06-10 00:18:19 - [TEST_STEP][PASSED] - Statement - out.println("Requested QTY : " + RequestedQty): null

2018-06-10 00:18:19 - [TEST_STEP][PASSED] - Statement - BatchNumber = com.kms.katalon.core.webui.keyword.WebUiBuiltInKeywords.getNumberOfTotalOption(com.kms.katalon.core.testobject.ObjectRepository.findTestObject(DispensaryToStore/Page_Store/select_--Select--BA1170BA2376B)): 4 options of object 'Object Repository/DispensaryToStore/Page_Store/select_--Select--BA1170BA2376B' counted

2018-06-10 00:18:19 - [MESSAGE][PASSED] - 4 options of object 'Object Repository/DispensaryToStore/Page_Store/select_--Select--BA1170BA2376B' counted

2018-06-10 00:18:19 - [TEST_STEP][PASSED] - Statement - For ([g = 1, g <= BatchNumber - 1, (g++)]): null

2018-06-10 00:18:19 - [TEST_STEP][PASSED] - selectOptionByIndex: All options with index in [1] are selected on object 'Object Repository/DispensaryToStore/Page_Store/select_--Select--BA1170BA2376B'

2018-06-10 00:18:19 - [MESSAGE][PASSED] - All options with index in [1] are selected on object 'Object Repository/DispensaryToStore/Page_Store/select_--Select--BA1170BA2376B'

2018-06-10 00:18:19 - [TEST_STEP][PASSED] - Statement - Try: null

2018-06-10 00:18:19 - [TEST_STEP][PASSED] - Statement - StockQty = com.kms.katalon.core.webui.keyword.WebUiBuiltInKeywords.getAttribute(com.kms.katalon.core.testobject.ObjectRepository.findTestObject(DispensaryToStore/Page_Store/input_txtprice), "value"): Attribute 'value' of object 'Object Repository/DispensaryToStore/Page_Store/input_txtprice' is: '280'

2018-06-10 00:18:19 - [MESSAGE][PASSED] - Attribute 'value' of object 'Object Repository/DispensaryToStore/Page_Store/input_txtprice' is: '280'

2018-06-10 00:18:19 - [TEST_STEP][PASSED] - Statement - out.println("Stock QTY : " + StockQty): null

2018-06-10 00:18:19 - [TEST_STEP][PASSED] - delay: Delayed 2 second(s)

2018-06-10 00:18:21 - [MESSAGE][PASSED] - Delayed 2 second(s)

2018-06-10 00:18:21 - [TEST_STEP][PASSED] - Statement - If (java.lang.String.valueOf(StockQty) >= java.lang.String.valueOf(RequestedQty)): null

2018-06-10 00:18:21 - [TEST_STEP][PASSED] - setText: Text '10' is set on object 'Object Repository/DispensaryToStore/Page_Store/input_txtqty'

2018-06-10 00:18:21 - [MESSAGE][PASSED] - Text '10' is set on object 'Object Repository/DispensaryToStore/Page_Store/input_txtqty'

2018-06-10 00:18:21 - [TEST_STEP][PASSED] - click: Object: 'Object Repository/DispensaryToStore/Page_Store/button_Add' is clicked on

2018-06-10 00:18:21 - [MESSAGE][PASSED] - Object: 'Object Repository/DispensaryToStore/Page_Store/button_Add' is clicked on

2018-06-10 00:18:21 - [TEST_STEP][PASSED] - Statement - Break: null

2018-06-10 00:18:21 - [TEST_STEP][PASSED] - selectOptionByIndex: All options with index in [26] are selected on object 'Object Repository/DispensaryToStore/Page_Store/select_--Select--Adernaline 0.'

2018-06-10 00:18:21 - [MESSAGE][PASSED] - All options with index in [26] are selected on object 'Object Repository/DispensaryToStore/Page_Store/select_--Select--Adernaline 0.'

2018-06-10 00:18:21 - [TEST_STEP][PASSED] - delay: Delayed 2 second(s)

2018-06-10 00:18:23 - [MESSAGE][PASSED] - Delayed 2 second(s)

2018-06-10 00:18:23 - [TEST_STEP][PASSED] - Statement - RequestedQty = com.kms.katalon.core.webui.keyword.WebUiBuiltInKeywords.getAttribute(com.kms.katalon.core.testobject.ObjectRepository.findTestObject(DispensaryToStore/Page_Store/input_txttotal), "value"): Attribute 'value' of object 'Object Repository/DispensaryToStore/Page_Store/input_txttotal' is: '10'

2018-06-10 00:18:23 - [MESSAGE][PASSED] - Attribute 'value' of object 'Object Repository/DispensaryToStore/Page_Store/input_txttotal' is: '10'

2018-06-10 00:18:23 - [TEST_STEP][PASSED] - Statement - out.println("Requested QTY : " + RequestedQty): null

2018-06-10 00:18:23 - [TEST_STEP][PASSED] - Statement - BatchNumber = com.kms.katalon.core.webui.keyword.WebUiBuiltInKeywords.getNumberOfTotalOption(com.kms.katalon.core.testobject.ObjectRepository.findTestObject(DispensaryToStore/Page_Store/select_--Select--BA1170BA2376B)): 3 options of object 'Object Repository/DispensaryToStore/Page_Store/select_--Select--BA1170BA2376B' counted

2018-06-10 00:18:24 - [MESSAGE][PASSED] - 3 options of object 'Object Repository/DispensaryToStore/Page_Store/select_--Select--BA1170BA2376B' counted

2018-06-10 00:18:24 - [TEST_STEP][PASSED] - Statement - For ([g = 1, g <= BatchNumber - 1, (g++)]): null

2018-06-10 00:18:24 - [TEST_STEP][PASSED] - selectOptionByIndex: All options with index in [1] are selected on object 'Object Repository/DispensaryToStore/Page_Store/select_--Select--BA1170BA2376B'

2018-06-10 00:18:24 - [MESSAGE][PASSED] - All options with index in [1] are selected on object 'Object Repository/DispensaryToStore/Page_Store/select_--Select--BA1170BA2376B'

2018-06-10 00:18:24 - [TEST_STEP][PASSED] - Statement - Try: null

2018-06-10 00:18:24 - [TEST_STEP][PASSED] - Statement - StockQty = com.kms.katalon.core.webui.keyword.WebUiBuiltInKeywords.getAttribute(com.kms.katalon.core.testobject.ObjectRepository.findTestObject(DispensaryToStore/Page_Store/input_txtprice), "value"): Attribute 'value' of object 'Object Repository/DispensaryToStore/Page_Store/input_txtprice' is: '1940'

2018-06-10 00:18:24 - [MESSAGE][PASSED] - Attribute 'value' of object 'Object Repository/DispensaryToStore/Page_Store/input_txtprice' is: '1940'

2018-06-10 00:18:24 - [TEST_STEP][PASSED] - Statement - out.println("Stock QTY : " + StockQty): null

2018-06-10 00:18:24 - [TEST_STEP][PASSED] - delay: Delayed 2 second(s)

2018-06-10 00:18:26 - [MESSAGE][PASSED] - Delayed 2 second(s)

2018-06-10 00:18:26 - [TEST_STEP][PASSED] - Statement - If (java.lang.String.valueOf(StockQty) >= java.lang.String.valueOf(RequestedQty)): null

2018-06-10 00:18:26 - [TEST_STEP][PASSED] - setText: Text '10' is set on object 'Object Repository/DispensaryToStore/Page_Store/input_txtqty'

2018-06-10 00:18:26 - [MESSAGE][PASSED] - Text '10' is set on object 'Object Repository/DispensaryToStore/Page_Store/input_txtqty'

2018-06-10 00:18:26 - [TEST_STEP][PASSED] - click: Object: 'Object Repository/DispensaryToStore/Page_Store/button_Add' is clicked on

2018-06-10 00:18:26 - [MESSAGE][PASSED] - Object: 'Object Repository/DispensaryToStore/Page_Store/button_Add' is clicked on

2018-06-10 00:18:26 - [TEST_STEP][PASSED] - Statement - Break: null

2018-06-10 00:18:26 - [TEST_STEP][PASSED] - selectOptionByIndex: All options with index in [27] are selected on object 'Object Repository/DispensaryToStore/Page_Store/select_--Select--Adernaline 0.'

2018-06-10 00:18:26 - [MESSAGE][PASSED] - All options with index in [27] are selected on object 'Object Repository/DispensaryToStore/Page_Store/select_--Select--Adernaline 0.'

2018-06-10 00:18:26 - [TEST_STEP][PASSED] - delay: Delayed 2 second(s)

2018-06-10 00:18:28 - [MESSAGE][PASSED] - Delayed 2 second(s)

2018-06-10 00:18:28 - [TEST_STEP][PASSED] - Statement - RequestedQty = com.kms.katalon.core.webui.keyword.WebUiBuiltInKeywords.getAttribute(com.kms.katalon.core.testobject.ObjectRepository.findTestObject(DispensaryToStore/Page_Store/input_txttotal), "value"): Attribute 'value' of object 'Object Repository/DispensaryToStore/Page_Store/input_txttotal' is: '10'

2018-06-10 00:18:28 - [MESSAGE][PASSED] - Attribute 'value' of object 'Object Repository/DispensaryToStore/Page_Store/input_txttotal' is: '10'

2018-06-10 00:18:28 - [TEST_STEP][PASSED] - Statement - out.println("Requested QTY : " + RequestedQty): null

2018-06-10 00:18:28 - [TEST_STEP][PASSED] - Statement - BatchNumber = com.kms.katalon.core.webui.keyword.WebUiBuiltInKeywords.getNumberOfTotalOption(com.kms.katalon.core.testobject.ObjectRepository.findTestObject(DispensaryToStore/Page_Store/select_--Select--BA1170BA2376B)): 4 options of object 'Object Repository/DispensaryToStore/Page_Store/select_--Select--BA1170BA2376B' counted

2018-06-10 00:18:28 - [MESSAGE][PASSED] - 4 options of object 'Object Repository/DispensaryToStore/Page_Store/select_--Select--BA1170BA2376B' counted

2018-06-10 00:18:28 - [TEST_STEP][PASSED] - Statement - For ([g = 1, g <= BatchNumber - 1, (g++)]): null

2018-06-10 00:18:28 - [TEST_STEP][PASSED] - selectOptionByIndex: All options with index in [1] are selected on object 'Object Repository/DispensaryToStore/Page_Store/select_--Select--BA1170BA2376B'

2018-06-10 00:18:28 - [MESSAGE][PASSED] - All options with index in [1] are selected on object 'Object Repository/DispensaryToStore/Page_Store/select_--Select--BA1170BA2376B'

2018-06-10 00:18:28 - [TEST_STEP][PASSED] - Statement - Try: null

2018-06-10 00:18:28 - [TEST_STEP][PASSED] - Statement - StockQty = com.kms.katalon.core.webui.keyword.WebUiBuiltInKeywords.getAttribute(com.kms.katalon.core.testobject.ObjectRepository.findTestObject(DispensaryToStore/Page_Store/input_txtprice), "value"): Attribute 'value' of object 'Object Repository/DispensaryToStore/Page_Store/input_txtprice' is: '1010'

2018-06-10 00:18:28 - [MESSAGE][PASSED] - Attribute 'value' of object 'Object Repository/DispensaryToStore/Page_Store/input_txtprice' is: '1010'

2018-06-10 00:18:28 - [TEST_STEP][PASSED] - Statement - out.println("Stock QTY : " + StockQty): null

2018-06-10 00:18:28 - [TEST_STEP][PASSED] - delay: Delayed 2 second(s)

2018-06-10 00:18:30 - [MESSAGE][PASSED] - Delayed 2 second(s)

2018-06-10 00:18:30 - [TEST_STEP][PASSED] - Statement - If (java.lang.String.valueOf(StockQty) >= java.lang.String.valueOf(RequestedQty)): null

2018-06-10 00:18:30 - [TEST_STEP][PASSED] - setText: Text '10' is set on object 'Object Repository/DispensaryToStore/Page_Store/input_txtqty'

2018-06-10 00:18:30 - [MESSAGE][PASSED] - Text '10' is set on object 'Object Repository/DispensaryToStore/Page_Store/input_txtqty'

2018-06-10 00:18:30 - [TEST_STEP][PASSED] - click: Object: 'Object Repository/DispensaryToStore/Page_Store/button_Add' is clicked on

2018-06-10 00:18:31 - [MESSAGE][PASSED] - Object: 'Object Repository/DispensaryToStore/Page_Store/button_Add' is clicked on

2018-06-10 00:18:31 - [TEST_STEP][PASSED] - Statement - Break: null

2018-06-10 00:18:31 - [TEST_STEP][PASSED] - selectOptionByIndex: All options with index in [28] are selected on object 'Object Repository/DispensaryToStore/Page_Store/select_--Select--Adernaline 0.'

2018-06-10 00:18:31 - [MESSAGE][PASSED] - All options with index in [28] are selected on object 'Object Repository/DispensaryToStore/Page_Store/select_--Select--Adernaline 0.'

2018-06-10 00:18:31 - [TEST_STEP][PASSED] - delay: Delayed 2 second(s)

2018-06-10 00:18:33 - [MESSAGE][PASSED] - Delayed 2 second(s)

2018-06-10 00:18:33 - [TEST_STEP][PASSED] - Statement - RequestedQty = com.kms.katalon.core.webui.keyword.WebUiBuiltInKeywords.getAttribute(com.kms.katalon.core.testobject.ObjectRepository.findTestObject(DispensaryToStore/Page_Store/input_txttotal), "value"): Attribute 'value' of object 'Object Repository/DispensaryToStore/Page_Store/input_txttotal' is: '10'

2018-06-10 00:18:33 - [MESSAGE][PASSED] - Attribute 'value' of object 'Object Repository/DispensaryToStore/Page_Store/input_txttotal' is: '10'

2018-06-10 00:18:33 - [TEST_STEP][PASSED] - Statement - out.println("Requested QTY : " + RequestedQty): null

2018-06-10 00:18:33 - [TEST_STEP][PASSED] - Statement - BatchNumber = com.kms.katalon.core.webui.keyword.WebUiBuiltInKeywords.getNumberOfTotalOption(com.kms.katalon.core.testobject.ObjectRepository.findTestObject(DispensaryToStore/Page_Store/select_--Select--BA1170BA2376B)): 5 options of object 'Object Repository/DispensaryToStore/Page_Store/select_--Select--BA1170BA2376B' counted

2018-06-10 00:18:33 - [MESSAGE][PASSED] - 5 options of object 'Object Repository/DispensaryToStore/Page_Store/select_--Select--BA1170BA2376B' counted

2018-06-10 00:18:33 - [TEST_STEP][PASSED] - Statement - For ([g = 1, g <= BatchNumber - 1, (g++)]): null

2018-06-10 00:18:33 - [TEST_STEP][PASSED] - selectOptionByIndex: All options with index in [1] are selected on object 'Object Repository/DispensaryToStore/Page_Store/select_--Select--BA1170BA2376B'

2018-06-10 00:18:33 - [MESSAGE][PASSED] - All options with index in [1] are selected on object 'Object Repository/DispensaryToStore/Page_Store/select_--Select--BA1170BA2376B'

2018-06-10 00:18:33 - [TEST_STEP][PASSED] - Statement - Try: null

2018-06-10 00:18:33 - [TEST_STEP][PASSED] - Statement - StockQty = com.kms.katalon.core.webui.keyword.WebUiBuiltInKeywords.getAttribute(com.kms.katalon.core.testobject.ObjectRepository.findTestObject(DispensaryToStore/Page_Store/input_txtprice), "value"): Attribute 'value' of object 'Object Repository/DispensaryToStore/Page_Store/input_txtprice' is: '550'

2018-06-10 00:18:33 - [MESSAGE][PASSED] - Attribute 'value' of object 'Object Repository/DispensaryToStore/Page_Store/input_txtprice' is: '550'

2018-06-10 00:18:33 - [TEST_STEP][PASSED] - Statement - out.println("Stock QTY : " + StockQty): null

2018-06-10 00:18:33 - [TEST_STEP][PASSED] - delay: Delayed 2 second(s)

2018-06-10 00:18:35 - [MESSAGE][PASSED] - Delayed 2 second(s)

2018-06-10 00:18:35 - [TEST_STEP][PASSED] - Statement - If (java.lang.String.valueOf(StockQty) >= java.lang.String.valueOf(RequestedQty)): null

2018-06-10 00:18:35 - [TEST_STEP][PASSED] - setText: Text '10' is set on object 'Object Repository/DispensaryToStore/Page_Store/input_txtqty'

2018-06-10 00:18:35 - [MESSAGE][PASSED] - Text '10' is set on object 'Object Repository/DispensaryToStore/Page_Store/input_txtqty'

2018-06-10 00:18:35 - [TEST_STEP][PASSED] - click: Object: 'Object Repository/DispensaryToStore/Page_Store/button_Add' is clicked on

2018-06-10 00:18:35 - [MESSAGE][PASSED] - Object: 'Object Repository/DispensaryToStore/Page_Store/button_Add' is clicked on

2018-06-10 00:18:35 - [TEST_STEP][PASSED] - Statement - Break: null

2018-06-10 00:18:35 - [TEST_STEP][PASSED] - selectOptionByIndex: All options with index in [29] are selected on object 'Object Repository/DispensaryToStore/Page_Store/select_--Select--Adernaline 0.'

2018-06-10 00:18:36 - [MESSAGE][PASSED] - All options with index in [29] are selected on object 'Object Repository/DispensaryToStore/Page_Store/select_--Select--Adernaline 0.'

2018-06-10 00:18:36 - [TEST_STEP][PASSED] - delay: Delayed 2 second(s)

2018-06-10 00:18:38 - [MESSAGE][PASSED] - Delayed 2 second(s)

2018-06-10 00:18:38 - [TEST_STEP][PASSED] - Statement - RequestedQty = com.kms.katalon.core.webui.keyword.WebUiBuiltInKeywords.getAttribute(com.kms.katalon.core.testobject.ObjectRepository.findTestObject(DispensaryToStore/Page_Store/input_txttotal), "value"): Attribute 'value' of object 'Object Repository/DispensaryToStore/Page_Store/input_txttotal' is: '10'

2018-06-10 00:18:38 - [MESSAGE][PASSED] - Attribute 'value' of object 'Object Repository/DispensaryToStore/Page_Store/input_txttotal' is: '10'

2018-06-10 00:18:38 - [TEST_STEP][PASSED] - Statement - out.println("Requested QTY : " + RequestedQty): null

2018-06-10 00:18:38 - [TEST_STEP][PASSED] - Statement - BatchNumber = com.kms.katalon.core.webui.keyword.WebUiBuiltInKeywords.getNumberOfTotalOption(com.kms.katalon.core.testobject.ObjectRepository.findTestObject(DispensaryToStore/Page_Store/select_--Select--BA1170BA2376B)): 3 options of object 'Object Repository/DispensaryToStore/Page_Store/select_--Select--BA1170BA2376B' counted

2018-06-10 00:18:38 - [MESSAGE][PASSED] - 3 options of object 'Object Repository/DispensaryToStore/Page_Store/select_--Select--BA1170BA2376B' counted

2018-06-10 00:18:38 - [TEST_STEP][PASSED] - Statement - For ([g = 1, g <= BatchNumber - 1, (g++)]): null

2018-06-10 00:18:38 - [TEST_STEP][PASSED] - selectOptionByIndex: All options with index in [1] are selected on object 'Object Repository/DispensaryToStore/Page_Store/select_--Select--BA1170BA2376B'

2018-06-10 00:18:38 - [MESSAGE][PASSED] - All options with index in [1] are selected on object 'Object Repository/DispensaryToStore/Page_Store/select_--Select--BA1170BA2376B'

2018-06-10 00:18:38 - [TEST_STEP][PASSED] - Statement - Try: null

2018-06-10 00:18:38 - [TEST_STEP][PASSED] - Statement - StockQty = com.kms.katalon.core.webui.keyword.WebUiBuiltInKeywords.getAttribute(com.kms.katalon.core.testobject.ObjectRepository.findTestObject(DispensaryToStore/Page_Store/input_txtprice), "value"): Attribute 'value' of object 'Object Repository/DispensaryToStore/Page_Store/input_txtprice' is: ''

2018-06-10 00:18:38 - [MESSAGE][PASSED] - Attribute 'value' of object 'Object Repository/DispensaryToStore/Page_Store/input_txtprice' is: ''

2018-06-10 00:18:38 - [TEST_STEP][PASSED] - Statement - out.println("Stock QTY : " + StockQty): null

2018-06-10 00:18:38 - [TEST_STEP][PASSED] - delay: Delayed 2 second(s)

2018-06-10 00:18:40 - [MESSAGE][PASSED] - Delayed 2 second(s)

2018-06-10 00:18:40 - [TEST_STEP][PASSED] - Statement - If (java.lang.String.valueOf(StockQty) >= java.lang.String.valueOf(RequestedQty)): null

2018-06-10 00:18:40 - [TEST_STEP][PASSED] - Statement - Else: null

2018-06-10 00:18:40 - [TEST_STEP][PASSED] - Statement - out.println("Stock Is Less Than Requested Qty"): null

2018-06-10 00:18:40 - [TEST_STEP][PASSED] - selectOptionByIndex: All options with index in [2] are selected on object 'Object Repository/DispensaryToStore/Page_Store/select_--Select--BA1170BA2376B'

2018-06-10 00:18:40 - [MESSAGE][PASSED] - All options with index in [2] are selected on object 'Object Repository/DispensaryToStore/Page_Store/select_--Select--BA1170BA2376B'

2018-06-10 00:18:40 - [TEST_STEP][PASSED] - Statement - Try: null

2018-06-10 00:18:40 - [TEST_STEP][PASSED] - Statement - StockQty = com.kms.katalon.core.webui.keyword.WebUiBuiltInKeywords.getAttribute(com.kms.katalon.core.testobject.ObjectRepository.findTestObject(DispensaryToStore/Page_Store/input_txtprice), "value"): Attribute 'value' of object 'Object Repository/DispensaryToStore/Page_Store/input_txtprice' is: '470'

2018-06-10 00:18:40 - [MESSAGE][PASSED] - Attribute 'value' of object 'Object Repository/DispensaryToStore/Page_Store/input_txtprice' is: '470'

2018-06-10 00:18:40 - [TEST_STEP][PASSED] - Statement - out.println("Stock QTY : " + StockQty): null

2018-06-10 00:18:40 - [TEST_STEP][PASSED] - delay: Delayed 2 second(s)

2018-06-10 00:18:42 - [MESSAGE][PASSED] - Delayed 2 second(s)

2018-06-10 00:18:42 - [TEST_STEP][PASSED] - Statement - If (java.lang.String.valueOf(StockQty) >= java.lang.String.valueOf(RequestedQty)): null

2018-06-10 00:18:42 - [TEST_STEP][PASSED] - setText: Text '10' is set on object 'Object Repository/DispensaryToStore/Page_Store/input_txtqty'

2018-06-10 00:18:42 - [MESSAGE][PASSED] - Text '10' is set on object 'Object Repository/DispensaryToStore/Page_Store/input_txtqty'

2018-06-10 00:18:42 - [TEST_STEP][PASSED] - click: Object: 'Object Repository/DispensaryToStore/Page_Store/button_Add' is clicked on

2018-06-10 00:18:42 - [MESSAGE][PASSED] - Object: 'Object Repository/DispensaryToStore/Page_Store/button_Add' is clicked on

2018-06-10 00:18:42 - [TEST_STEP][PASSED] - Statement - Break: null

2018-06-10 00:18:42 - [TEST_STEP][PASSED] - selectOptionByIndex: All options with index in [30] are selected on object 'Object Repository/DispensaryToStore/Page_Store/select_--Select--Adernaline 0.'

2018-06-10 00:18:43 - [MESSAGE][PASSED] - All options with index in [30] are selected on object 'Object Repository/DispensaryToStore/Page_Store/select_--Select--Adernaline 0.'

2018-06-10 00:18:43 - [TEST_STEP][PASSED] - delay: Delayed 2 second(s)

2018-06-10 00:18:45 - [MESSAGE][PASSED] - Delayed 2 second(s)

2018-06-10 00:18:45 - [TEST_STEP][PASSED] - Statement - RequestedQty = com.kms.katalon.core.webui.keyword.WebUiBuiltInKeywords.getAttribute(com.kms.katalon.core.testobject.ObjectRepository.findTestObject(DispensaryToStore/Page_Store/input_txttotal), "value"): Attribute 'value' of object 'Object Repository/DispensaryToStore/Page_Store/input_txttotal' is: '10'

2018-06-10 00:18:45 - [MESSAGE][PASSED] - Attribute 'value' of object 'Object Repository/DispensaryToStore/Page_Store/input_txttotal' is: '10'

2018-06-10 00:18:45 - [TEST_STEP][PASSED] - Statement - out.println("Requested QTY : " + RequestedQty): null

2018-06-10 00:18:45 - [TEST_STEP][PASSED] - Statement - BatchNumber = com.kms.katalon.core.webui.keyword.WebUiBuiltInKeywords.getNumberOfTotalOption(com.kms.katalon.core.testobject.ObjectRepository.findTestObject(DispensaryToStore/Page_Store/select_--Select--BA1170BA2376B)): 4 options of object 'Object Repository/DispensaryToStore/Page_Store/select_--Select--BA1170BA2376B' counted

2018-06-10 00:18:45 - [MESSAGE][PASSED] - 4 options of object 'Object Repository/DispensaryToStore/Page_Store/select_--Select--BA1170BA2376B' counted

2018-06-10 00:18:45 - [TEST_STEP][PASSED] - Statement - For ([g = 1, g <= BatchNumber - 1, (g++)]): null

2018-06-10 00:18:45 - [TEST_STEP][PASSED] - selectOptionByIndex: All options with index in [1] are selected on object 'Object Repository/DispensaryToStore/Page_Store/select_--Select--BA1170BA2376B'

2018-06-10 00:18:45 - [MESSAGE][PASSED] - All options with index in [1] are selected on object 'Object Repository/DispensaryToStore/Page_Store/select_--Select--BA1170BA2376B'

2018-06-10 00:18:45 - [TEST_STEP][PASSED] - Statement - Try: null

2018-06-10 00:18:45 - [TEST_STEP][PASSED] - Statement - StockQty = com.kms.katalon.core.webui.keyword.WebUiBuiltInKeywords.getAttribute(com.kms.katalon.core.testobject.ObjectRepository.findTestObject(DispensaryToStore/Page_Store/input_txtprice), "value"): Attribute 'value' of object 'Object Repository/DispensaryToStore/Page_Store/input_txtprice' is: '1020'

2018-06-10 00:18:45 - [MESSAGE][PASSED] - Attribute 'value' of object 'Object Repository/DispensaryToStore/Page_Store/input_txtprice' is: '1020'

2018-06-10 00:18:45 - [TEST_STEP][PASSED] - Statement - out.println("Stock QTY : " + StockQty): null

2018-06-10 00:18:45 - [TEST_STEP][PASSED] - delay: Delayed 2 second(s)

2018-06-10 00:18:47 - [MESSAGE][PASSED] - Delayed 2 second(s)

2018-06-10 00:18:47 - [TEST_STEP][PASSED] - Statement - If (java.lang.String.valueOf(StockQty) >= java.lang.String.valueOf(RequestedQty)): null

2018-06-10 00:18:47 - [TEST_STEP][PASSED] - setText: Text '10' is set on object 'Object Repository/DispensaryToStore/Page_Store/input_txtqty'

2018-06-10 00:18:47 - [MESSAGE][PASSED] - Text '10' is set on object 'Object Repository/DispensaryToStore/Page_Store/input_txtqty'

2018-06-10 00:18:47 - [TEST_STEP][PASSED] - click: Object: 'Object Repository/DispensaryToStore/Page_Store/button_Add' is clicked on

2018-06-10 00:18:47 - [MESSAGE][PASSED] - Object: 'Object Repository/DispensaryToStore/Page_Store/button_Add' is clicked on

2018-06-10 00:18:47 - [TEST_STEP][PASSED] - Statement - Break: null

2018-06-10 00:18:47 - [TEST_STEP][PASSED] - selectOptionByIndex: All options with index in [31] are selected on object 'Object Repository/DispensaryToStore/Page_Store/select_--Select--Adernaline 0.'

2018-06-10 00:18:47 - [MESSAGE][PASSED] - All options with index in [31] are selected on object 'Object Repository/DispensaryToStore/Page_Store/select_--Select--Adernaline 0.'

2018-06-10 00:18:47 - [TEST_STEP][PASSED] - delay: Delayed 2 second(s)

2018-06-10 00:18:49 - [MESSAGE][PASSED] - Delayed 2 second(s)

2018-06-10 00:18:49 - [TEST_STEP][PASSED] - Statement - RequestedQty = com.kms.katalon.core.webui.keyword.WebUiBuiltInKeywords.getAttribute(com.kms.katalon.core.testobject.ObjectRepository.findTestObject(DispensaryToStore/Page_Store/input_txttotal), "value"): Attribute 'value' of object 'Object Repository/DispensaryToStore/Page_Store/input_txttotal' is: '10'

2018-06-10 00:18:49 - [MESSAGE][PASSED] - Attribute 'value' of object 'Object Repository/DispensaryToStore/Page_Store/input_txttotal' is: '10'

2018-06-10 00:18:49 - [TEST_STEP][PASSED] - Statement - out.println("Requested QTY : " + RequestedQty): null

2018-06-10 00:18:49 - [TEST_STEP][PASSED] - Statement - BatchNumber = com.kms.katalon.core.webui.keyword.WebUiBuiltInKeywords.getNumberOfTotalOption(com.kms.katalon.core.testobject.ObjectRepository.findTestObject(DispensaryToStore/Page_Store/select_--Select--BA1170BA2376B)): 5 options of object 'Object Repository/DispensaryToStore/Page_Store/select_--Select--BA1170BA2376B' counted

2018-06-10 00:18:49 - [MESSAGE][PASSED] - 5 options of object 'Object Repository/DispensaryToStore/Page_Store/select_--Select--BA1170BA2376B' counted

2018-06-10 00:18:49 - [TEST_STEP][PASSED] - Statement - For ([g = 1, g <= BatchNumber - 1, (g++)]): null

2018-06-10 00:18:49 - [TEST_STEP][PASSED] - selectOptionByIndex: All options with index in [1] are selected on object 'Object Repository/DispensaryToStore/Page_Store/select_--Select--BA1170BA2376B'

2018-06-10 00:18:50 - [MESSAGE][PASSED] - All options with index in [1] are selected on object 'Object Repository/DispensaryToStore/Page_Store/select_--Select--BA1170BA2376B'

2018-06-10 00:18:50 - [TEST_STEP][PASSED] - Statement - Try: null

2018-06-10 00:18:50 - [TEST_STEP][PASSED] - Statement - StockQty = com.kms.katalon.core.webui.keyword.WebUiBuiltInKeywords.getAttribute(com.kms.katalon.core.testobject.ObjectRepository.findTestObject(DispensaryToStore/Page_Store/input_txtprice), "value"): Attribute 'value' of object 'Object Repository/DispensaryToStore/Page_Store/input_txtprice' is: '480'

2018-06-10 00:18:50 - [MESSAGE][PASSED] - Attribute 'value' of object 'Object Repository/DispensaryToStore/Page_Store/input_txtprice' is: '480'

2018-06-10 00:18:50 - [TEST_STEP][PASSED] - Statement - out.println("Stock QTY : " + StockQty): null

2018-06-10 00:18:50 - [TEST_STEP][PASSED] - delay: Delayed 2 second(s)

2018-06-10 00:18:52 - [MESSAGE][PASSED] - Delayed 2 second(s)

2018-06-10 00:18:52 - [TEST_STEP][PASSED] - Statement - If (java.lang.String.valueOf(StockQty) >= java.lang.String.valueOf(RequestedQty)): null

2018-06-10 00:18:52 - [TEST_STEP][PASSED] - setText: Text '10' is set on object 'Object Repository/DispensaryToStore/Page_Store/input_txtqty'

2018-06-10 00:18:52 - [MESSAGE][PASSED] - Text '10' is set on object 'Object Repository/DispensaryToStore/Page_Store/input_txtqty'

2018-06-10 00:18:52 - [TEST_STEP][PASSED] - click: Object: 'Object Repository/DispensaryToStore/Page_Store/button_Add' is clicked on

2018-06-10 00:18:52 - [MESSAGE][PASSED] - Object: 'Object Repository/DispensaryToStore/Page_Store/button_Add' is clicked on

2018-06-10 00:18:52 - [TEST_STEP][PASSED] - Statement - Break: null

2018-06-10 00:18:52 - [TEST_STEP][PASSED] - selectOptionByIndex: All options with index in [32] are selected on object 'Object Repository/DispensaryToStore/Page_Store/select_--Select--Adernaline 0.'

2018-06-10 00:18:52 - [MESSAGE][PASSED] - All options with index in [32] are selected on object 'Object Repository/DispensaryToStore/Page_Store/select_--Select--Adernaline 0.'

2018-06-10 00:18:52 - [TEST_STEP][PASSED] - delay: Delayed 2 second(s)

2018-06-10 00:18:54 - [MESSAGE][PASSED] - Delayed 2 second(s)

2018-06-10 00:18:54 - [TEST_STEP][PASSED] - Statement - RequestedQty = com.kms.katalon.core.webui.keyword.WebUiBuiltInKeywords.getAttribute(com.kms.katalon.core.testobject.ObjectRepository.findTestObject(DispensaryToStore/Page_Store/input_txttotal), "value"): Attribute 'value' of object 'Object Repository/DispensaryToStore/Page_Store/input_txttotal' is: '10'

2018-06-10 00:18:54 - [MESSAGE][PASSED] - Attribute 'value' of object 'Object Repository/DispensaryToStore/Page_Store/input_txttotal' is: '10'

2018-06-10 00:18:54 - [TEST_STEP][PASSED] - Statement - out.println("Requested QTY : " + RequestedQty): null

2018-06-10 00:18:54 - [TEST_STEP][PASSED] - Statement - BatchNumber = com.kms.katalon.core.webui.keyword.WebUiBuiltInKeywords.getNumberOfTotalOption(com.kms.katalon.core.testobject.ObjectRepository.findTestObject(DispensaryToStore/Page_Store/select_--Select--BA1170BA2376B)): 2 options of object 'Object Repository/DispensaryToStore/Page_Store/select_--Select--BA1170BA2376B' counted

2018-06-10 00:18:54 - [MESSAGE][PASSED] - 2 options of object 'Object Repository/DispensaryToStore/Page_Store/select_--Select--BA1170BA2376B' counted

2018-06-10 00:18:54 - [TEST_STEP][PASSED] - Statement - For ([g = 1, g <= BatchNumber - 1, (g++)]): null

2018-06-10 00:18:54 - [TEST_STEP][PASSED] - selectOptionByIndex: All options with index in [1] are selected on object 'Object Repository/DispensaryToStore/Page_Store/select_--Select--BA1170BA2376B'

2018-06-10 00:18:54 - [MESSAGE][PASSED] - All options with index in [1] are selected on object 'Object Repository/DispensaryToStore/Page_Store/select_--Select--BA1170BA2376B'

2018-06-10 00:18:54 - [TEST_STEP][PASSED] - Statement - Try: null

2018-06-10 00:18:54 - [TEST_STEP][PASSED] - Statement - StockQty = com.kms.katalon.core.webui.keyword.WebUiBuiltInKeywords.getAttribute(com.kms.katalon.core.testobject.ObjectRepository.findTestObject(DispensaryToStore/Page_Store/input_txtprice), "value"): Attribute 'value' of object 'Object Repository/DispensaryToStore/Page_Store/input_txtprice' is: '2030'

2018-06-10 00:18:54 - [MESSAGE][PASSED] - Attribute 'value' of object 'Object Repository/DispensaryToStore/Page_Store/input_txtprice' is: '2030'

2018-06-10 00:18:54 - [TEST_STEP][PASSED] - Statement - out.println("Stock QTY : " + StockQty): null

2018-06-10 00:18:54 - [TEST_STEP][PASSED] - delay: Delayed 2 second(s)

2018-06-10 00:18:56 - [MESSAGE][PASSED] - Delayed 2 second(s)

2018-06-10 00:18:56 - [TEST_STEP][PASSED] - Statement - If (java.lang.String.valueOf(StockQty) >= java.lang.String.valueOf(RequestedQty)): null

2018-06-10 00:18:56 - [TEST_STEP][PASSED] - setText: Text '10' is set on object 'Object Repository/DispensaryToStore/Page_Store/input_txtqty'

2018-06-10 00:18:57 - [MESSAGE][PASSED] - Text '10' is set on object 'Object Repository/DispensaryToStore/Page_Store/input_txtqty'

2018-06-10 00:18:57 - [TEST_STEP][PASSED] - click: Object: 'Object Repository/DispensaryToStore/Page_Store/button_Add' is clicked on

2018-06-10 00:18:57 - [MESSAGE][PASSED] - Object: 'Object Repository/DispensaryToStore/Page_Store/button_Add' is clicked on

2018-06-10 00:18:57 - [TEST_STEP][PASSED] - Statement - Break: null

2018-06-10 00:18:57 - [TEST_STEP][PASSED] - selectOptionByIndex: All options with index in [33] are selected on object 'Object Repository/DispensaryToStore/Page_Store/select_--Select--Adernaline 0.'

2018-06-10 00:18:57 - [MESSAGE][PASSED] - All options with index in [33] are selected on object 'Object Repository/DispensaryToStore/Page_Store/select_--Select--Adernaline 0.'

2018-06-10 00:18:57 - [TEST_STEP][PASSED] - delay: Delayed 2 second(s)

2018-06-10 00:18:59 - [MESSAGE][PASSED] - Delayed 2 second(s)

2018-06-10 00:18:59 - [TEST_STEP][PASSED] - Statement - RequestedQty = com.kms.katalon.core.webui.keyword.WebUiBuiltInKeywords.getAttribute(com.kms.katalon.core.testobject.ObjectRepository.findTestObject(DispensaryToStore/Page_Store/input_txttotal), "value"): Attribute 'value' of object 'Object Repository/DispensaryToStore/Page_Store/input_txttotal' is: '10'

2018-06-10 00:18:59 - [MESSAGE][PASSED] - Attribute 'value' of object 'Object Repository/DispensaryToStore/Page_Store/input_txttotal' is: '10'

2018-06-10 00:18:59 - [TEST_STEP][PASSED] - Statement - out.println("Requested QTY : " + RequestedQty): null

2018-06-10 00:18:59 - [TEST_STEP][PASSED] - Statement - BatchNumber = com.kms.katalon.core.webui.keyword.WebUiBuiltInKeywords.getNumberOfTotalOption(com.kms.katalon.core.testobject.ObjectRepository.findTestObject(DispensaryToStore/Page_Store/select_--Select--BA1170BA2376B)): 3 options of object 'Object Repository/DispensaryToStore/Page_Store/select_--Select--BA1170BA2376B' counted

2018-06-10 00:18:59 - [MESSAGE][PASSED] - 3 options of object 'Object Repository/DispensaryToStore/Page_Store/select_--Select--BA1170BA2376B' counted

2018-06-10 00:18:59 - [TEST_STEP][PASSED] - Statement - For ([g = 1, g <= BatchNumber - 1, (g++)]): null

2018-06-10 00:18:59 - [TEST_STEP][PASSED] - selectOptionByIndex: All options with index in [1] are selected on object 'Object Repository/DispensaryToStore/Page_Store/select_--Select--BA1170BA2376B'

2018-06-10 00:18:59 - [MESSAGE][PASSED] - All options with index in [1] are selected on object 'Object Repository/DispensaryToStore/Page_Store/select_--Select--BA1170BA2376B'

2018-06-10 00:18:59 - [TEST_STEP][PASSED] - Statement - Try: null

2018-06-10 00:18:59 - [TEST_STEP][PASSED] - Statement - StockQty = com.kms.katalon.core.webui.keyword.WebUiBuiltInKeywords.getAttribute(com.kms.katalon.core.testobject.ObjectRepository.findTestObject(DispensaryToStore/Page_Store/input_txtprice), "value"): Attribute 'value' of object 'Object Repository/DispensaryToStore/Page_Store/input_txtprice' is: '1930'

2018-06-10 00:18:59 - [MESSAGE][PASSED] - Attribute 'value' of object 'Object Repository/DispensaryToStore/Page_Store/input_txtprice' is: '1930'

2018-06-10 00:18:59 - [TEST_STEP][PASSED] - Statement - out.println("Stock QTY : " + StockQty): null

2018-06-10 00:18:59 - [TEST_STEP][PASSED] - delay: Delayed 2 second(s)

2018-06-10 00:19:01 - [MESSAGE][PASSED] - Delayed 2 second(s)

2018-06-10 00:19:01 - [TEST_STEP][PASSED] - Statement - If (java.lang.String.valueOf(StockQty) >= java.lang.String.valueOf(RequestedQty)): null

2018-06-10 00:19:01 - [TEST_STEP][PASSED] - setText: Text '10' is set on object 'Object Repository/DispensaryToStore/Page_Store/input_txtqty'

2018-06-10 00:19:01 - [MESSAGE][PASSED] - Text '10' is set on object 'Object Repository/DispensaryToStore/Page_Store/input_txtqty'

2018-06-10 00:19:01 - [TEST_STEP][PASSED] - click: Object: 'Object Repository/DispensaryToStore/Page_Store/button_Add' is clicked on

2018-06-10 00:19:01 - [MESSAGE][PASSED] - Object: 'Object Repository/DispensaryToStore/Page_Store/button_Add' is clicked on

2018-06-10 00:19:01 - [TEST_STEP][PASSED] - Statement - Break: null

2018-06-10 00:19:01 - [TEST_STEP][PASSED] - selectOptionByIndex: All options with index in [34] are selected on object 'Object Repository/DispensaryToStore/Page_Store/select_--Select--Adernaline 0.'

2018-06-10 00:19:02 - [MESSAGE][PASSED] - All options with index in [34] are selected on object 'Object Repository/DispensaryToStore/Page_Store/select_--Select--Adernaline 0.'

2018-06-10 00:19:02 - [TEST_STEP][PASSED] - delay: Delayed 2 second(s)

2018-06-10 00:19:04 - [MESSAGE][PASSED] - Delayed 2 second(s)

2018-06-10 00:19:04 - [TEST_STEP][PASSED] - Statement - RequestedQty = com.kms.katalon.core.webui.keyword.WebUiBuiltInKeywords.getAttribute(com.kms.katalon.core.testobject.ObjectRepository.findTestObject(DispensaryToStore/Page_Store/input_txttotal), "value"): Attribute 'value' of object 'Object Repository/DispensaryToStore/Page_Store/input_txttotal' is: '10'

2018-06-10 00:19:04 - [MESSAGE][PASSED] - Attribute 'value' of object 'Object Repository/DispensaryToStore/Page_Store/input_txttotal' is: '10'

2018-06-10 00:19:04 - [TEST_STEP][PASSED] - Statement - out.println("Requested QTY : " + RequestedQty): null

2018-06-10 00:19:04 - [TEST_STEP][PASSED] - Statement - BatchNumber = com.kms.katalon.core.webui.keyword.WebUiBuiltInKeywords.getNumberOfTotalOption(com.kms.katalon.core.testobject.ObjectRepository.findTestObject(DispensaryToStore/Page_Store/select_--Select--BA1170BA2376B)): 3 options of object 'Object Repository/DispensaryToStore/Page_Store/select_--Select--BA1170BA2376B' counted

2018-06-10 00:19:04 - [MESSAGE][PASSED] - 3 options of object 'Object Repository/DispensaryToStore/Page_Store/select_--Select--BA1170BA2376B' counted

2018-06-10 00:19:04 - [TEST_STEP][PASSED] - Statement - For ([g = 1, g <= BatchNumber - 1, (g++)]): null

2018-06-10 00:19:04 - [TEST_STEP][PASSED] - selectOptionByIndex: All options with index in [1] are selected on object 'Object Repository/DispensaryToStore/Page_Store/select_--Select--BA1170BA2376B'

2018-06-10 00:19:04 - [MESSAGE][PASSED] - All options with index in [1] are selected on object 'Object Repository/DispensaryToStore/Page_Store/select_--Select--BA1170BA2376B'

2018-06-10 00:19:04 - [TEST_STEP][PASSED] - Statement - Try: null

2018-06-10 00:19:04 - [TEST_STEP][PASSED] - Statement - StockQty = com.kms.katalon.core.webui.keyword.WebUiBuiltInKeywords.getAttribute(com.kms.katalon.core.testobject.ObjectRepository.findTestObject(DispensaryToStore/Page_Store/input_txtprice), "value"): Attribute 'value' of object 'Object Repository/DispensaryToStore/Page_Store/input_txtprice' is: '1010'

2018-06-10 00:19:04 - [MESSAGE][PASSED] - Attribute 'value' of object 'Object Repository/DispensaryToStore/Page_Store/input_txtprice' is: '1010'

2018-06-10 00:19:04 - [TEST_STEP][PASSED] - Statement - out.println("Stock QTY : " + StockQty): null

2018-06-10 00:19:04 - [TEST_STEP][PASSED] - delay: Delayed 2 second(s)

2018-06-10 00:19:06 - [MESSAGE][PASSED] - Delayed 2 second(s)

2018-06-10 00:19:06 - [TEST_STEP][PASSED] - Statement - If (java.lang.String.valueOf(StockQty) >= java.lang.String.valueOf(RequestedQty)): null

2018-06-10 00:19:06 - [TEST_STEP][PASSED] - setText: Text '10' is set on object 'Object Repository/DispensaryToStore/Page_Store/input_txtqty'

2018-06-10 00:19:06 - [MESSAGE][PASSED] - Text '10' is set on object 'Object Repository/DispensaryToStore/Page_Store/input_txtqty'

2018-06-10 00:19:06 - [TEST_STEP][PASSED] - click: Object: 'Object Repository/DispensaryToStore/Page_Store/button_Add' is clicked on

2018-06-10 00:19:06 - [MESSAGE][PASSED] - Object: 'Object Repository/DispensaryToStore/Page_Store/button_Add' is clicked on

2018-06-10 00:19:06 - [TEST_STEP][PASSED] - Statement - Break: null

2018-06-10 00:19:06 - [TEST_STEP][PASSED] - selectOptionByIndex: All options with index in [35] are selected on object 'Object Repository/DispensaryToStore/Page_Store/select_--Select--Adernaline 0.'

2018-06-10 00:19:07 - [MESSAGE][PASSED] - All options with index in [35] are selected on object 'Object Repository/DispensaryToStore/Page_Store/select_--Select--Adernaline 0.'

2018-06-10 00:19:07 - [TEST_STEP][PASSED] - delay: Delayed 2 second(s)

2018-06-10 00:19:09 - [MESSAGE][PASSED] - Delayed 2 second(s)

2018-06-10 00:19:09 - [TEST_STEP][PASSED] - Statement - RequestedQty = com.kms.katalon.core.webui.keyword.WebUiBuiltInKeywords.getAttribute(com.kms.katalon.core.testobject.ObjectRepository.findTestObject(DispensaryToStore/Page_Store/input_txttotal), "value"): Attribute 'value' of object 'Object Repository/DispensaryToStore/Page_Store/input_txttotal' is: '10'

2018-06-10 00:19:09 - [MESSAGE][PASSED] - Attribute 'value' of object 'Object Repository/DispensaryToStore/Page_Store/input_txttotal' is: '10'

2018-06-10 00:19:09 - [TEST_STEP][PASSED] - Statement - out.println("Requested QTY : " + RequestedQty): null

2018-06-10 00:19:09 - [TEST_STEP][PASSED] - Statement - BatchNumber = com.kms.katalon.core.webui.keyword.WebUiBuiltInKeywords.getNumberOfTotalOption(com.kms.katalon.core.testobject.ObjectRepository.findTestObject(DispensaryToStore/Page_Store/select_--Select--BA1170BA2376B)): 5 options of object 'Object Repository/DispensaryToStore/Page_Store/select_--Select--BA1170BA2376B' counted

2018-06-10 00:19:09 - [MESSAGE][PASSED] - 5 options of object 'Object Repository/DispensaryToStore/Page_Store/select_--Select--BA1170BA2376B' counted

2018-06-10 00:19:09 - [TEST_STEP][PASSED] - Statement - For ([g = 1, g <= BatchNumber - 1, (g++)]): null

2018-06-10 00:19:09 - [TEST_STEP][PASSED] - selectOptionByIndex: All options with index in [1] are selected on object 'Object Repository/DispensaryToStore/Page_Store/select_--Select--BA1170BA2376B'

2018-06-10 00:19:09 - [MESSAGE][PASSED] - All options with index in [1] are selected on object 'Object Repository/DispensaryToStore/Page_Store/select_--Select--BA1170BA2376B'

2018-06-10 00:19:09 - [TEST_STEP][PASSED] - Statement - Try: null

2018-06-10 00:19:09 - [TEST_STEP][PASSED] - Statement - StockQty = com.kms.katalon.core.webui.keyword.WebUiBuiltInKeywords.getAttribute(com.kms.katalon.core.testobject.ObjectRepository.findTestObject(DispensaryToStore/Page_Store/input_txtprice), "value"): Attribute 'value' of object 'Object Repository/DispensaryToStore/Page_Store/input_txtprice' is: '170'

2018-06-10 00:19:09 - [MESSAGE][PASSED] - Attribute 'value' of object 'Object Repository/DispensaryToStore/Page_Store/input_txtprice' is: '170'

2018-06-10 00:19:09 - [TEST_STEP][PASSED] - Statement - out.println("Stock QTY : " + StockQty): null

2018-06-10 00:19:09 - [TEST_STEP][PASSED] - delay: Delayed 2 second(s)

2018-06-10 00:19:11 - [MESSAGE][PASSED] - Delayed 2 second(s)

2018-06-10 00:19:11 - [TEST_STEP][PASSED] - Statement - If (java.lang.String.valueOf(StockQty) >= java.lang.String.valueOf(RequestedQty)): null

2018-06-10 00:19:11 - [TEST_STEP][PASSED] - setText: Text '10' is set on object 'Object Repository/DispensaryToStore/Page_Store/input_txtqty'

2018-06-10 00:19:11 - [MESSAGE][PASSED] - Text '10' is set on object 'Object Repository/DispensaryToStore/Page_Store/input_txtqty'

2018-06-10 00:19:11 - [TEST_STEP][PASSED] - click: Object: 'Object Repository/DispensaryToStore/Page_Store/button_Add' is clicked on

2018-06-10 00:19:11 - [MESSAGE][PASSED] - Object: 'Object Repository/DispensaryToStore/Page_Store/button_Add' is clicked on

2018-06-10 00:19:11 - [TEST_STEP][PASSED] - Statement - Break: null

2018-06-10 00:19:11 - [TEST_STEP][PASSED] - selectOptionByIndex: All options with index in [36] are selected on object 'Object Repository/DispensaryToStore/Page_Store/select_--Select--Adernaline 0.'

2018-06-10 00:19:11 - [MESSAGE][PASSED] - All options with index in [36] are selected on object 'Object Repository/DispensaryToStore/Page_Store/select_--Select--Adernaline 0.'

2018-06-10 00:19:11 - [TEST_STEP][PASSED] - delay: Delayed 2 second(s)

2018-06-10 00:19:13 - [MESSAGE][PASSED] - Delayed 2 second(s)

2018-06-10 00:19:13 - [TEST_STEP][PASSED] - Statement - RequestedQty = com.kms.katalon.core.webui.keyword.WebUiBuiltInKeywords.getAttribute(com.kms.katalon.core.testobject.ObjectRepository.findTestObject(DispensaryToStore/Page_Store/input_txttotal), "value"): Attribute 'value' of object 'Object Repository/DispensaryToStore/Page_Store/input_txttotal' is: '10'

2018-06-10 00:19:14 - [MESSAGE][PASSED] - Attribute 'value' of object 'Object Repository/DispensaryToStore/Page_Store/input_txttotal' is: '10'

2018-06-10 00:19:14 - [TEST_STEP][PASSED] - Statement - out.println("Requested QTY : " + RequestedQty): null

2018-06-10 00:19:14 - [TEST_STEP][PASSED] - Statement - BatchNumber = com.kms.katalon.core.webui.keyword.WebUiBuiltInKeywords.getNumberOfTotalOption(com.kms.katalon.core.testobject.ObjectRepository.findTestObject(DispensaryToStore/Page_Store/select_--Select--BA1170BA2376B)): 2 options of object 'Object Repository/DispensaryToStore/Page_Store/select_--Select--BA1170BA2376B' counted

2018-06-10 00:19:14 - [MESSAGE][PASSED] - 2 options of object 'Object Repository/DispensaryToStore/Page_Store/select_--Select--BA1170BA2376B' counted

2018-06-10 00:19:14 - [TEST_STEP][PASSED] - Statement - For ([g = 1, g <= BatchNumber - 1, (g++)]): null

2018-06-10 00:19:14 - [TEST_STEP][PASSED] - selectOptionByIndex: All options with index in [1] are selected on object 'Object Repository/DispensaryToStore/Page_Store/select_--Select--BA1170BA2376B'

2018-06-10 00:19:14 - [MESSAGE][PASSED] - All options with index in [1] are selected on object 'Object Repository/DispensaryToStore/Page_Store/select_--Select--BA1170BA2376B'

2018-06-10 00:19:14 - [TEST_STEP][PASSED] - Statement - Try: null

2018-06-10 00:19:14 - [TEST_STEP][PASSED] - Statement - StockQty = com.kms.katalon.core.webui.keyword.WebUiBuiltInKeywords.getAttribute(com.kms.katalon.core.testobject.ObjectRepository.findTestObject(DispensaryToStore/Page_Store/input_txtprice), "value"): Attribute 'value' of object 'Object Repository/DispensaryToStore/Page_Store/input_txtprice' is: '2120'

2018-06-10 00:19:14 - [MESSAGE][PASSED] - Attribute 'value' of object 'Object Repository/DispensaryToStore/Page_Store/input_txtprice' is: '2120'

2018-06-10 00:19:14 - [TEST_STEP][PASSED] - Statement - out.println("Stock QTY : " + StockQty): null

2018-06-10 00:19:14 - [TEST_STEP][PASSED] - delay: Delayed 2 second(s)

2018-06-10 00:19:16 - [MESSAGE][PASSED] - Delayed 2 second(s)

2018-06-10 00:19:16 - [TEST_STEP][PASSED] - Statement - If (java.lang.String.valueOf(StockQty) >= java.lang.String.valueOf(RequestedQty)): null

2018-06-10 00:19:16 - [TEST_STEP][PASSED] - setText: Text '10' is set on object 'Object Repository/DispensaryToStore/Page_Store/input_txtqty'

2018-06-10 00:19:16 - [MESSAGE][PASSED] - Text '10' is set on object 'Object Repository/DispensaryToStore/Page_Store/input_txtqty'

2018-06-10 00:19:16 - [TEST_STEP][PASSED] - click: Object: 'Object Repository/DispensaryToStore/Page_Store/button_Add' is clicked on

2018-06-10 00:19:16 - [MESSAGE][PASSED] - Object: 'Object Repository/DispensaryToStore/Page_Store/button_Add' is clicked on

2018-06-10 00:19:16 - [TEST_STEP][PASSED] - Statement - Break: null

2018-06-10 00:19:16 - [TEST_STEP][PASSED] - scrollToElement: Scroll to object 'Object Repository/DispensaryToStore/Page_Store/input_btnSubmit' successfully

2018-06-10 00:19:16 - [MESSAGE][PASSED] - Scroll to object 'Object Repository/DispensaryToStore/Page_Store/input_btnSubmit' successfully

2018-06-10 00:19:16 - [TEST_STEP][PASSED] - click: Object: 'Object Repository/DispensaryToStore/Page_Store/input_btnSubmit' is clicked on

2018-06-10 00:19:16 - [MESSAGE][PASSED] - Object: 'Object Repository/DispensaryToStore/Page_Store/input_btnSubmit' is clicked on

2018-06-10 00:19:16 - [TEST_STEP][PASSED] - delay: Delayed 3 second(s)

2018-06-10 00:19:19 - [MESSAGE][PASSED] - Delayed 3 second(s)

2018-06-10 00:19:19 - [TEST_STEP][PASSED] - click: Object: 'Object Repository/DispensaryToStore/Page_Store/button_OK' is clicked on

2018-06-10 00:19:21 - [MESSAGE][PASSED] - Object: 'Object Repository/DispensaryToStore/Page_Store/button_OK' is clicked on

2018-06-10 00:19:21 - [TEST_STEP][PASSED] - delay: Delayed 3 second(s)

2018-06-10 00:19:24 - [MESSAGE][PASSED] - Delayed 3 second(s)

2018-06-10 00:19:24 - [TEST_STEP][PASSED] - waitForElementPresent: Object 'Object Repository/DispensaryToStore/Page_Dispensary Store/a_dropdown-toggle' is present

2018-06-10 00:19:24 - [MESSAGE][PASSED] - Object 'Object Repository/DispensaryToStore/Page_Dispensary Store/a_dropdown-toggle' is present

2018-06-10 00:19:24 - [TEST_STEP][PASSED] - click: Object: 'Object Repository/DispensaryToStore/Page_Store/a_dropdown-toggle' is clicked on

2018-06-10 00:19:24 - [MESSAGE][PASSED] - Object: 'Object Repository/DispensaryToStore/Page_Store/a_dropdown-toggle' is clicked on

2018-06-10 00:19:24 - [TEST_STEP][PASSED] - click: Object: 'Object Repository/DispensaryToStore/Page_Store/a_Sign out' is clicked on

2018-06-10 00:19:25 - [MESSAGE][PASSED] - Object: 'Object Repository/DispensaryToStore/Page_Store/a_Sign out' is clicked on

2018-06-10 00:19:25 - [TEST_STEP][PASSED] - closeBrowser: Browser is closed

2018-06-10 00:19:26 - [MESSAGE][PASSED] - Browser is closed]]></system-out>
         <system-err><![CDATA[]]></system-err>
      </testcase>
      <testcase name="Test Cases/DISPENSARY TEST CASES/TC_DP_004 Verify Schedule 4 Dispensary Request Are Working Successfully Or Not" classname="Test Cases/DISPENSARY TEST CASES/TC_DP_004 Verify Schedule 4 Dispensary Request Are Working Successfully Or Not" status="PASSED">
         <system-out><![CDATA[2018-06-10 00:19:26 - [TEST_CASE][PASSED] - Test Cases/DISPENSARY TEST CASES/TC_DP_004 Verify Schedule 4 Dispensary Request Are Working Successfully Or Not: Test Cases/DISPENSARY TEST CASES/TC_DP_004 Verify Schedule 4 Dispensary Request Are Working Successfully Or Not

2018-06-10 00:19:26 - [TEST_STEP][PASSED] - openBrowser: Browser is opened with url: ''

2018-06-10 00:19:28 - [MESSAGE][PASSED] - Browser is opened with url: ''

2018-06-10 00:19:28 - [TEST_STEP][PASSED] - navigateToUrl: Navigate to 'http://192.168.137.1/multihospital_new/HDSplashscreen.aspx' successfully

2018-06-10 00:19:30 - [MESSAGE][PASSED] - Navigate to 'http://192.168.137.1/multihospital_new/HDSplashscreen.aspx' successfully

2018-06-10 00:19:30 - [TEST_STEP][PASSED] - maximizeWindow: Current window maximized

2018-06-10 00:19:31 - [MESSAGE][PASSED] - Current window maximized

2018-06-10 00:19:31 - [TEST_STEP][PASSED] - click: Object: 'Object Repository/DispensaryToStore/Page_KDMC/a_Dispensary Store' is clicked on

2018-06-10 00:19:31 - [MESSAGE][PASSED] - Object: 'Object Repository/DispensaryToStore/Page_KDMC/a_Dispensary Store' is clicked on

2018-06-10 00:19:31 - [TEST_STEP][PASSED] - setText: Text 'rajaram' is set on object 'Object Repository/DispensaryToStore/Page_Dispensary Store Login/input_txtusername'

2018-06-10 00:19:32 - [MESSAGE][PASSED] - Text 'rajaram' is set on object 'Object Repository/DispensaryToStore/Page_Dispensary Store Login/input_txtusername'

2018-06-10 00:19:32 - [TEST_STEP][PASSED] - setText: Text '123' is set on object 'Object Repository/DispensaryToStore/Page_Dispensary Store Login/input_txtpassword'

2018-06-10 00:19:32 - [MESSAGE][PASSED] - Text '123' is set on object 'Object Repository/DispensaryToStore/Page_Dispensary Store Login/input_txtpassword'

2018-06-10 00:19:32 - [TEST_STEP][PASSED] - delay: Delayed 3 second(s)

2018-06-10 00:19:35 - [MESSAGE][PASSED] - Delayed 3 second(s)

2018-06-10 00:19:35 - [TEST_STEP][PASSED] - sendKeys: Keys 'ENTER + ' sent to object: 'Object Repository/DispensaryToStore/Page_Dispensary Store Login/input_txtpassword'

2018-06-10 00:19:35 - [MESSAGE][PASSED] - Keys 'ENTER + ' sent to object: 'Object Repository/DispensaryToStore/Page_Dispensary Store Login/input_txtpassword'

2018-06-10 00:19:35 - [TEST_STEP][PASSED] - delay: Delayed 3 second(s)

2018-06-10 00:19:38 - [MESSAGE][PASSED] - Delayed 3 second(s)

2018-06-10 00:19:38 - [TEST_STEP][PASSED] - click: Object: 'Object Repository/DispensaryToStore/Page_Dispensary Store/a_Request to Store' is clicked on

2018-06-10 00:19:38 - [MESSAGE][PASSED] - Object: 'Object Repository/DispensaryToStore/Page_Dispensary Store/a_Request to Store' is clicked on

2018-06-10 00:19:38 - [TEST_STEP][PASSED] - click: Object: 'Object Repository/DispensaryToStore/Page_Dispensary Store/a_Medicine Request' is clicked on

2018-06-10 00:19:39 - [MESSAGE][PASSED] - Object: 'Object Repository/DispensaryToStore/Page_Dispensary Store/a_Medicine Request' is clicked on

2018-06-10 00:19:39 - [TEST_STEP][PASSED] - selectOptionByIndex: All options with index in [4] are selected on object 'Object Repository/DispensaryToStore/Page_Dispensary Store/select_--Select--Schedule 1Inj'

2018-06-10 00:19:39 - [MESSAGE][PASSED] - All options with index in [4] are selected on object 'Object Repository/DispensaryToStore/Page_Dispensary Store/select_--Select--Schedule 1Inj'

2018-06-10 00:19:39 - [TEST_STEP][PASSED] - Statement - medicineslength = com.kms.katalon.core.webui.keyword.WebUiBuiltInKeywords.getNumberOfTotalOption(com.kms.katalon.core.testobject.ObjectRepository.findTestObject(DispensaryToStore/Page_Dispensary Store/select_--Select--Adernaline 0.)): 16 options of object 'Object Repository/DispensaryToStore/Page_Dispensary Store/select_--Select--Adernaline 0.' counted

2018-06-10 00:19:39 - [MESSAGE][PASSED] - 16 options of object 'Object Repository/DispensaryToStore/Page_Dispensary Store/select_--Select--Adernaline 0.' counted

2018-06-10 00:19:39 - [TEST_STEP][PASSED] - Statement - For ([e = 1, e <= medicineslength - 1, (e++)]): Object: 'Object Repository/DispensaryToStore/Page_Dispensary Store/button_Add' is clicked on

2018-06-10 00:19:39 - [TEST_STEP][PASSED] - selectOptionByIndex: All options with index in [4] are selected on object 'Object Repository/DispensaryToStore/Page_Dispensary Store/select_--Select--Schedule 1Inj'

2018-06-10 00:19:40 - [MESSAGE][PASSED] - All options with index in [4] are selected on object 'Object Repository/DispensaryToStore/Page_Dispensary Store/select_--Select--Schedule 1Inj'

2018-06-10 00:19:40 - [TEST_STEP][PASSED] - delay: Delayed 1 second(s)

2018-06-10 00:19:41 - [MESSAGE][PASSED] - Delayed 1 second(s)

2018-06-10 00:19:41 - [TEST_STEP][PASSED] - selectOptionByIndex: All options with index in [1] are selected on object 'Object Repository/DispensaryToStore/Page_Dispensary Store/select_--Select--Adernaline 0.'

2018-06-10 00:19:41 - [MESSAGE][PASSED] - All options with index in [1] are selected on object 'Object Repository/DispensaryToStore/Page_Dispensary Store/select_--Select--Adernaline 0.'

2018-06-10 00:19:41 - [TEST_STEP][PASSED] - delay: Delayed 1 second(s)

2018-06-10 00:19:42 - [MESSAGE][PASSED] - Delayed 1 second(s)

2018-06-10 00:19:42 - [TEST_STEP][PASSED] - setText: Text '10' is set on object 'Object Repository/DispensaryToStore/Page_Dispensary Store/input_txttreat'

2018-06-10 00:19:42 - [MESSAGE][PASSED] - Text '10' is set on object 'Object Repository/DispensaryToStore/Page_Dispensary Store/input_txttreat'

2018-06-10 00:19:42 - [TEST_STEP][PASSED] - click: Object: 'Object Repository/DispensaryToStore/Page_Dispensary Store/button_Add' is clicked on

2018-06-10 00:19:42 - [MESSAGE][PASSED] - Object: 'Object Repository/DispensaryToStore/Page_Dispensary Store/button_Add' is clicked on

2018-06-10 00:19:42 - [TEST_STEP][PASSED] - selectOptionByIndex: All options with index in [4] are selected on object 'Object Repository/DispensaryToStore/Page_Dispensary Store/select_--Select--Schedule 1Inj'

2018-06-10 00:19:42 - [MESSAGE][PASSED] - All options with index in [4] are selected on object 'Object Repository/DispensaryToStore/Page_Dispensary Store/select_--Select--Schedule 1Inj'

2018-06-10 00:19:42 - [TEST_STEP][PASSED] - delay: Delayed 1 second(s)

2018-06-10 00:19:43 - [MESSAGE][PASSED] - Delayed 1 second(s)

2018-06-10 00:19:43 - [TEST_STEP][PASSED] - selectOptionByIndex: All options with index in [2] are selected on object 'Object Repository/DispensaryToStore/Page_Dispensary Store/select_--Select--Adernaline 0.'

2018-06-10 00:19:43 - [MESSAGE][PASSED] - All options with index in [2] are selected on object 'Object Repository/DispensaryToStore/Page_Dispensary Store/select_--Select--Adernaline 0.'

2018-06-10 00:19:43 - [TEST_STEP][PASSED] - delay: Delayed 1 second(s)

2018-06-10 00:19:44 - [MESSAGE][PASSED] - Delayed 1 second(s)

2018-06-10 00:19:44 - [TEST_STEP][PASSED] - setText: Text '10' is set on object 'Object Repository/DispensaryToStore/Page_Dispensary Store/input_txttreat'

2018-06-10 00:19:44 - [MESSAGE][PASSED] - Text '10' is set on object 'Object Repository/DispensaryToStore/Page_Dispensary Store/input_txttreat'

2018-06-10 00:19:44 - [TEST_STEP][PASSED] - click: Object: 'Object Repository/DispensaryToStore/Page_Dispensary Store/button_Add' is clicked on

2018-06-10 00:19:44 - [MESSAGE][PASSED] - Object: 'Object Repository/DispensaryToStore/Page_Dispensary Store/button_Add' is clicked on

2018-06-10 00:19:44 - [TEST_STEP][PASSED] - selectOptionByIndex: All options with index in [4] are selected on object 'Object Repository/DispensaryToStore/Page_Dispensary Store/select_--Select--Schedule 1Inj'

2018-06-10 00:19:45 - [MESSAGE][PASSED] - All options with index in [4] are selected on object 'Object Repository/DispensaryToStore/Page_Dispensary Store/select_--Select--Schedule 1Inj'

2018-06-10 00:19:45 - [TEST_STEP][PASSED] - delay: Delayed 1 second(s)

2018-06-10 00:19:46 - [MESSAGE][PASSED] - Delayed 1 second(s)

2018-06-10 00:19:46 - [TEST_STEP][PASSED] - selectOptionByIndex: All options with index in [3] are selected on object 'Object Repository/DispensaryToStore/Page_Dispensary Store/select_--Select--Adernaline 0.'

2018-06-10 00:19:46 - [MESSAGE][PASSED] - All options with index in [3] are selected on object 'Object Repository/DispensaryToStore/Page_Dispensary Store/select_--Select--Adernaline 0.'

2018-06-10 00:19:46 - [TEST_STEP][PASSED] - delay: Delayed 1 second(s)

2018-06-10 00:19:47 - [MESSAGE][PASSED] - Delayed 1 second(s)

2018-06-10 00:19:47 - [TEST_STEP][PASSED] - setText: Text '10' is set on object 'Object Repository/DispensaryToStore/Page_Dispensary Store/input_txttreat'

2018-06-10 00:19:47 - [MESSAGE][PASSED] - Text '10' is set on object 'Object Repository/DispensaryToStore/Page_Dispensary Store/input_txttreat'

2018-06-10 00:19:47 - [TEST_STEP][PASSED] - click: Object: 'Object Repository/DispensaryToStore/Page_Dispensary Store/button_Add' is clicked on

2018-06-10 00:19:47 - [MESSAGE][PASSED] - Object: 'Object Repository/DispensaryToStore/Page_Dispensary Store/button_Add' is clicked on

2018-06-10 00:19:47 - [TEST_STEP][PASSED] - selectOptionByIndex: All options with index in [4] are selected on object 'Object Repository/DispensaryToStore/Page_Dispensary Store/select_--Select--Schedule 1Inj'

2018-06-10 00:19:47 - [MESSAGE][PASSED] - All options with index in [4] are selected on object 'Object Repository/DispensaryToStore/Page_Dispensary Store/select_--Select--Schedule 1Inj'

2018-06-10 00:19:47 - [TEST_STEP][PASSED] - delay: Delayed 1 second(s)

2018-06-10 00:19:48 - [MESSAGE][PASSED] - Delayed 1 second(s)

2018-06-10 00:19:48 - [TEST_STEP][PASSED] - selectOptionByIndex: All options with index in [4] are selected on object 'Object Repository/DispensaryToStore/Page_Dispensary Store/select_--Select--Adernaline 0.'

2018-06-10 00:19:48 - [MESSAGE][PASSED] - All options with index in [4] are selected on object 'Object Repository/DispensaryToStore/Page_Dispensary Store/select_--Select--Adernaline 0.'

2018-06-10 00:19:48 - [TEST_STEP][PASSED] - delay: Delayed 1 second(s)

2018-06-10 00:19:49 - [MESSAGE][PASSED] - Delayed 1 second(s)

2018-06-10 00:19:49 - [TEST_STEP][PASSED] - setText: Text '10' is set on object 'Object Repository/DispensaryToStore/Page_Dispensary Store/input_txttreat'

2018-06-10 00:19:49 - [MESSAGE][PASSED] - Text '10' is set on object 'Object Repository/DispensaryToStore/Page_Dispensary Store/input_txttreat'

2018-06-10 00:19:49 - [TEST_STEP][PASSED] - click: Object: 'Object Repository/DispensaryToStore/Page_Dispensary Store/button_Add' is clicked on

2018-06-10 00:19:49 - [MESSAGE][PASSED] - Object: 'Object Repository/DispensaryToStore/Page_Dispensary Store/button_Add' is clicked on

2018-06-10 00:19:49 - [TEST_STEP][PASSED] - selectOptionByIndex: All options with index in [4] are selected on object 'Object Repository/DispensaryToStore/Page_Dispensary Store/select_--Select--Schedule 1Inj'

2018-06-10 00:19:50 - [MESSAGE][PASSED] - All options with index in [4] are selected on object 'Object Repository/DispensaryToStore/Page_Dispensary Store/select_--Select--Schedule 1Inj'

2018-06-10 00:19:50 - [TEST_STEP][PASSED] - delay: Delayed 1 second(s)

2018-06-10 00:19:51 - [MESSAGE][PASSED] - Delayed 1 second(s)

2018-06-10 00:19:51 - [TEST_STEP][PASSED] - selectOptionByIndex: All options with index in [5] are selected on object 'Object Repository/DispensaryToStore/Page_Dispensary Store/select_--Select--Adernaline 0.'

2018-06-10 00:19:51 - [MESSAGE][PASSED] - All options with index in [5] are selected on object 'Object Repository/DispensaryToStore/Page_Dispensary Store/select_--Select--Adernaline 0.'

2018-06-10 00:19:51 - [TEST_STEP][PASSED] - delay: Delayed 1 second(s)

2018-06-10 00:19:52 - [MESSAGE][PASSED] - Delayed 1 second(s)

2018-06-10 00:19:52 - [TEST_STEP][PASSED] - setText: Text '10' is set on object 'Object Repository/DispensaryToStore/Page_Dispensary Store/input_txttreat'

2018-06-10 00:19:52 - [MESSAGE][PASSED] - Text '10' is set on object 'Object Repository/DispensaryToStore/Page_Dispensary Store/input_txttreat'

2018-06-10 00:19:52 - [TEST_STEP][PASSED] - click: Object: 'Object Repository/DispensaryToStore/Page_Dispensary Store/button_Add' is clicked on

2018-06-10 00:19:52 - [MESSAGE][PASSED] - Object: 'Object Repository/DispensaryToStore/Page_Dispensary Store/button_Add' is clicked on

2018-06-10 00:19:52 - [TEST_STEP][PASSED] - selectOptionByIndex: All options with index in [4] are selected on object 'Object Repository/DispensaryToStore/Page_Dispensary Store/select_--Select--Schedule 1Inj'

2018-06-10 00:19:52 - [MESSAGE][PASSED] - All options with index in [4] are selected on object 'Object Repository/DispensaryToStore/Page_Dispensary Store/select_--Select--Schedule 1Inj'

2018-06-10 00:19:52 - [TEST_STEP][PASSED] - delay: Delayed 1 second(s)

2018-06-10 00:19:53 - [MESSAGE][PASSED] - Delayed 1 second(s)

2018-06-10 00:19:53 - [TEST_STEP][PASSED] - selectOptionByIndex: All options with index in [6] are selected on object 'Object Repository/DispensaryToStore/Page_Dispensary Store/select_--Select--Adernaline 0.'

2018-06-10 00:19:53 - [MESSAGE][PASSED] - All options with index in [6] are selected on object 'Object Repository/DispensaryToStore/Page_Dispensary Store/select_--Select--Adernaline 0.'

2018-06-10 00:19:53 - [TEST_STEP][PASSED] - delay: Delayed 1 second(s)

2018-06-10 00:19:54 - [MESSAGE][PASSED] - Delayed 1 second(s)

2018-06-10 00:19:54 - [TEST_STEP][PASSED] - setText: Text '10' is set on object 'Object Repository/DispensaryToStore/Page_Dispensary Store/input_txttreat'

2018-06-10 00:19:54 - [MESSAGE][PASSED] - Text '10' is set on object 'Object Repository/DispensaryToStore/Page_Dispensary Store/input_txttreat'

2018-06-10 00:19:54 - [TEST_STEP][PASSED] - click: Object: 'Object Repository/DispensaryToStore/Page_Dispensary Store/button_Add' is clicked on

2018-06-10 00:19:54 - [MESSAGE][PASSED] - Object: 'Object Repository/DispensaryToStore/Page_Dispensary Store/button_Add' is clicked on

2018-06-10 00:19:54 - [TEST_STEP][PASSED] - selectOptionByIndex: All options with index in [4] are selected on object 'Object Repository/DispensaryToStore/Page_Dispensary Store/select_--Select--Schedule 1Inj'

2018-06-10 00:19:55 - [MESSAGE][PASSED] - All options with index in [4] are selected on object 'Object Repository/DispensaryToStore/Page_Dispensary Store/select_--Select--Schedule 1Inj'

2018-06-10 00:19:55 - [TEST_STEP][PASSED] - delay: Delayed 1 second(s)

2018-06-10 00:19:56 - [MESSAGE][PASSED] - Delayed 1 second(s)

2018-06-10 00:19:56 - [TEST_STEP][PASSED] - selectOptionByIndex: All options with index in [7] are selected on object 'Object Repository/DispensaryToStore/Page_Dispensary Store/select_--Select--Adernaline 0.'

2018-06-10 00:19:56 - [MESSAGE][PASSED] - All options with index in [7] are selected on object 'Object Repository/DispensaryToStore/Page_Dispensary Store/select_--Select--Adernaline 0.'

2018-06-10 00:19:56 - [TEST_STEP][PASSED] - delay: Delayed 1 second(s)

2018-06-10 00:19:57 - [MESSAGE][PASSED] - Delayed 1 second(s)

2018-06-10 00:19:57 - [TEST_STEP][PASSED] - setText: Text '10' is set on object 'Object Repository/DispensaryToStore/Page_Dispensary Store/input_txttreat'

2018-06-10 00:19:57 - [MESSAGE][PASSED] - Text '10' is set on object 'Object Repository/DispensaryToStore/Page_Dispensary Store/input_txttreat'

2018-06-10 00:19:57 - [TEST_STEP][PASSED] - click: Object: 'Object Repository/DispensaryToStore/Page_Dispensary Store/button_Add' is clicked on

2018-06-10 00:19:57 - [MESSAGE][PASSED] - Object: 'Object Repository/DispensaryToStore/Page_Dispensary Store/button_Add' is clicked on

2018-06-10 00:19:57 - [TEST_STEP][PASSED] - selectOptionByIndex: All options with index in [4] are selected on object 'Object Repository/DispensaryToStore/Page_Dispensary Store/select_--Select--Schedule 1Inj'

2018-06-10 00:19:57 - [MESSAGE][PASSED] - All options with index in [4] are selected on object 'Object Repository/DispensaryToStore/Page_Dispensary Store/select_--Select--Schedule 1Inj'

2018-06-10 00:19:57 - [TEST_STEP][PASSED] - delay: Delayed 1 second(s)

2018-06-10 00:19:58 - [MESSAGE][PASSED] - Delayed 1 second(s)

2018-06-10 00:19:58 - [TEST_STEP][PASSED] - selectOptionByIndex: All options with index in [8] are selected on object 'Object Repository/DispensaryToStore/Page_Dispensary Store/select_--Select--Adernaline 0.'

2018-06-10 00:19:58 - [MESSAGE][PASSED] - All options with index in [8] are selected on object 'Object Repository/DispensaryToStore/Page_Dispensary Store/select_--Select--Adernaline 0.'

2018-06-10 00:19:58 - [TEST_STEP][PASSED] - delay: Delayed 1 second(s)

2018-06-10 00:19:59 - [MESSAGE][PASSED] - Delayed 1 second(s)

2018-06-10 00:19:59 - [TEST_STEP][PASSED] - setText: Text '10' is set on object 'Object Repository/DispensaryToStore/Page_Dispensary Store/input_txttreat'

2018-06-10 00:19:59 - [MESSAGE][PASSED] - Text '10' is set on object 'Object Repository/DispensaryToStore/Page_Dispensary Store/input_txttreat'

2018-06-10 00:19:59 - [TEST_STEP][PASSED] - click: Object: 'Object Repository/DispensaryToStore/Page_Dispensary Store/button_Add' is clicked on

2018-06-10 00:19:59 - [MESSAGE][PASSED] - Object: 'Object Repository/DispensaryToStore/Page_Dispensary Store/button_Add' is clicked on

2018-06-10 00:19:59 - [TEST_STEP][PASSED] - selectOptionByIndex: All options with index in [4] are selected on object 'Object Repository/DispensaryToStore/Page_Dispensary Store/select_--Select--Schedule 1Inj'

2018-06-10 00:20:00 - [MESSAGE][PASSED] - All options with index in [4] are selected on object 'Object Repository/DispensaryToStore/Page_Dispensary Store/select_--Select--Schedule 1Inj'

2018-06-10 00:20:00 - [TEST_STEP][PASSED] - delay: Delayed 1 second(s)

2018-06-10 00:20:01 - [MESSAGE][PASSED] - Delayed 1 second(s)

2018-06-10 00:20:01 - [TEST_STEP][PASSED] - selectOptionByIndex: All options with index in [9] are selected on object 'Object Repository/DispensaryToStore/Page_Dispensary Store/select_--Select--Adernaline 0.'

2018-06-10 00:20:01 - [MESSAGE][PASSED] - All options with index in [9] are selected on object 'Object Repository/DispensaryToStore/Page_Dispensary Store/select_--Select--Adernaline 0.'

2018-06-10 00:20:01 - [TEST_STEP][PASSED] - delay: Delayed 1 second(s)

2018-06-10 00:20:02 - [MESSAGE][PASSED] - Delayed 1 second(s)

2018-06-10 00:20:02 - [TEST_STEP][PASSED] - setText: Text '10' is set on object 'Object Repository/DispensaryToStore/Page_Dispensary Store/input_txttreat'

2018-06-10 00:20:02 - [MESSAGE][PASSED] - Text '10' is set on object 'Object Repository/DispensaryToStore/Page_Dispensary Store/input_txttreat'

2018-06-10 00:20:02 - [TEST_STEP][PASSED] - click: Object: 'Object Repository/DispensaryToStore/Page_Dispensary Store/button_Add' is clicked on

2018-06-10 00:20:02 - [MESSAGE][PASSED] - Object: 'Object Repository/DispensaryToStore/Page_Dispensary Store/button_Add' is clicked on

2018-06-10 00:20:02 - [TEST_STEP][PASSED] - selectOptionByIndex: All options with index in [4] are selected on object 'Object Repository/DispensaryToStore/Page_Dispensary Store/select_--Select--Schedule 1Inj'

2018-06-10 00:20:02 - [MESSAGE][PASSED] - All options with index in [4] are selected on object 'Object Repository/DispensaryToStore/Page_Dispensary Store/select_--Select--Schedule 1Inj'

2018-06-10 00:20:02 - [TEST_STEP][PASSED] - delay: Delayed 1 second(s)

2018-06-10 00:20:03 - [MESSAGE][PASSED] - Delayed 1 second(s)

2018-06-10 00:20:03 - [TEST_STEP][PASSED] - selectOptionByIndex: All options with index in [10] are selected on object 'Object Repository/DispensaryToStore/Page_Dispensary Store/select_--Select--Adernaline 0.'

2018-06-10 00:20:03 - [MESSAGE][PASSED] - All options with index in [10] are selected on object 'Object Repository/DispensaryToStore/Page_Dispensary Store/select_--Select--Adernaline 0.'

2018-06-10 00:20:03 - [TEST_STEP][PASSED] - delay: Delayed 1 second(s)

2018-06-10 00:20:04 - [MESSAGE][PASSED] - Delayed 1 second(s)

2018-06-10 00:20:04 - [TEST_STEP][PASSED] - setText: Text '10' is set on object 'Object Repository/DispensaryToStore/Page_Dispensary Store/input_txttreat'

2018-06-10 00:20:04 - [MESSAGE][PASSED] - Text '10' is set on object 'Object Repository/DispensaryToStore/Page_Dispensary Store/input_txttreat'

2018-06-10 00:20:04 - [TEST_STEP][PASSED] - click: Object: 'Object Repository/DispensaryToStore/Page_Dispensary Store/button_Add' is clicked on

2018-06-10 00:20:05 - [MESSAGE][PASSED] - Object: 'Object Repository/DispensaryToStore/Page_Dispensary Store/button_Add' is clicked on

2018-06-10 00:20:05 - [TEST_STEP][PASSED] - selectOptionByIndex: All options with index in [4] are selected on object 'Object Repository/DispensaryToStore/Page_Dispensary Store/select_--Select--Schedule 1Inj'

2018-06-10 00:20:05 - [MESSAGE][PASSED] - All options with index in [4] are selected on object 'Object Repository/DispensaryToStore/Page_Dispensary Store/select_--Select--Schedule 1Inj'

2018-06-10 00:20:05 - [TEST_STEP][PASSED] - delay: Delayed 1 second(s)

2018-06-10 00:20:06 - [MESSAGE][PASSED] - Delayed 1 second(s)

2018-06-10 00:20:06 - [TEST_STEP][PASSED] - selectOptionByIndex: All options with index in [11] are selected on object 'Object Repository/DispensaryToStore/Page_Dispensary Store/select_--Select--Adernaline 0.'

2018-06-10 00:20:06 - [MESSAGE][PASSED] - All options with index in [11] are selected on object 'Object Repository/DispensaryToStore/Page_Dispensary Store/select_--Select--Adernaline 0.'

2018-06-10 00:20:06 - [TEST_STEP][PASSED] - delay: Delayed 1 second(s)

2018-06-10 00:20:07 - [MESSAGE][PASSED] - Delayed 1 second(s)

2018-06-10 00:20:07 - [TEST_STEP][PASSED] - setText: Text '10' is set on object 'Object Repository/DispensaryToStore/Page_Dispensary Store/input_txttreat'

2018-06-10 00:20:07 - [MESSAGE][PASSED] - Text '10' is set on object 'Object Repository/DispensaryToStore/Page_Dispensary Store/input_txttreat'

2018-06-10 00:20:07 - [TEST_STEP][PASSED] - click: Object: 'Object Repository/DispensaryToStore/Page_Dispensary Store/button_Add' is clicked on

2018-06-10 00:20:07 - [MESSAGE][PASSED] - Object: 'Object Repository/DispensaryToStore/Page_Dispensary Store/button_Add' is clicked on

2018-06-10 00:20:07 - [TEST_STEP][PASSED] - selectOptionByIndex: All options with index in [4] are selected on object 'Object Repository/DispensaryToStore/Page_Dispensary Store/select_--Select--Schedule 1Inj'

2018-06-10 00:20:07 - [MESSAGE][PASSED] - All options with index in [4] are selected on object 'Object Repository/DispensaryToStore/Page_Dispensary Store/select_--Select--Schedule 1Inj'

2018-06-10 00:20:07 - [TEST_STEP][PASSED] - delay: Delayed 1 second(s)

2018-06-10 00:20:08 - [MESSAGE][PASSED] - Delayed 1 second(s)

2018-06-10 00:20:08 - [TEST_STEP][PASSED] - selectOptionByIndex: All options with index in [12] are selected on object 'Object Repository/DispensaryToStore/Page_Dispensary Store/select_--Select--Adernaline 0.'

2018-06-10 00:20:08 - [MESSAGE][PASSED] - All options with index in [12] are selected on object 'Object Repository/DispensaryToStore/Page_Dispensary Store/select_--Select--Adernaline 0.'

2018-06-10 00:20:08 - [TEST_STEP][PASSED] - delay: Delayed 1 second(s)

2018-06-10 00:20:09 - [MESSAGE][PASSED] - Delayed 1 second(s)

2018-06-10 00:20:09 - [TEST_STEP][PASSED] - setText: Text '10' is set on object 'Object Repository/DispensaryToStore/Page_Dispensary Store/input_txttreat'

2018-06-10 00:20:10 - [MESSAGE][PASSED] - Text '10' is set on object 'Object Repository/DispensaryToStore/Page_Dispensary Store/input_txttreat'

2018-06-10 00:20:10 - [TEST_STEP][PASSED] - click: Object: 'Object Repository/DispensaryToStore/Page_Dispensary Store/button_Add' is clicked on

2018-06-10 00:20:10 - [MESSAGE][PASSED] - Object: 'Object Repository/DispensaryToStore/Page_Dispensary Store/button_Add' is clicked on

2018-06-10 00:20:10 - [TEST_STEP][PASSED] - selectOptionByIndex: All options with index in [4] are selected on object 'Object Repository/DispensaryToStore/Page_Dispensary Store/select_--Select--Schedule 1Inj'

2018-06-10 00:20:10 - [MESSAGE][PASSED] - All options with index in [4] are selected on object 'Object Repository/DispensaryToStore/Page_Dispensary Store/select_--Select--Schedule 1Inj'

2018-06-10 00:20:10 - [TEST_STEP][PASSED] - delay: Delayed 1 second(s)

2018-06-10 00:20:11 - [MESSAGE][PASSED] - Delayed 1 second(s)

2018-06-10 00:20:11 - [TEST_STEP][PASSED] - selectOptionByIndex: All options with index in [13] are selected on object 'Object Repository/DispensaryToStore/Page_Dispensary Store/select_--Select--Adernaline 0.'

2018-06-10 00:20:11 - [MESSAGE][PASSED] - All options with index in [13] are selected on object 'Object Repository/DispensaryToStore/Page_Dispensary Store/select_--Select--Adernaline 0.'

2018-06-10 00:20:11 - [TEST_STEP][PASSED] - delay: Delayed 1 second(s)

2018-06-10 00:20:12 - [MESSAGE][PASSED] - Delayed 1 second(s)

2018-06-10 00:20:12 - [TEST_STEP][PASSED] - setText: Text '10' is set on object 'Object Repository/DispensaryToStore/Page_Dispensary Store/input_txttreat'

2018-06-10 00:20:12 - [MESSAGE][PASSED] - Text '10' is set on object 'Object Repository/DispensaryToStore/Page_Dispensary Store/input_txttreat'

2018-06-10 00:20:12 - [TEST_STEP][PASSED] - click: Object: 'Object Repository/DispensaryToStore/Page_Dispensary Store/button_Add' is clicked on

2018-06-10 00:20:12 - [MESSAGE][PASSED] - Object: 'Object Repository/DispensaryToStore/Page_Dispensary Store/button_Add' is clicked on

2018-06-10 00:20:12 - [TEST_STEP][PASSED] - selectOptionByIndex: All options with index in [4] are selected on object 'Object Repository/DispensaryToStore/Page_Dispensary Store/select_--Select--Schedule 1Inj'

2018-06-10 00:20:12 - [MESSAGE][PASSED] - All options with index in [4] are selected on object 'Object Repository/DispensaryToStore/Page_Dispensary Store/select_--Select--Schedule 1Inj'

2018-06-10 00:20:12 - [TEST_STEP][PASSED] - delay: Delayed 1 second(s)

2018-06-10 00:20:13 - [MESSAGE][PASSED] - Delayed 1 second(s)

2018-06-10 00:20:13 - [TEST_STEP][PASSED] - selectOptionByIndex: All options with index in [14] are selected on object 'Object Repository/DispensaryToStore/Page_Dispensary Store/select_--Select--Adernaline 0.'

2018-06-10 00:20:14 - [MESSAGE][PASSED] - All options with index in [14] are selected on object 'Object Repository/DispensaryToStore/Page_Dispensary Store/select_--Select--Adernaline 0.'

2018-06-10 00:20:14 - [TEST_STEP][PASSED] - delay: Delayed 1 second(s)

2018-06-10 00:20:15 - [MESSAGE][PASSED] - Delayed 1 second(s)

2018-06-10 00:20:15 - [TEST_STEP][PASSED] - setText: Text '10' is set on object 'Object Repository/DispensaryToStore/Page_Dispensary Store/input_txttreat'

2018-06-10 00:20:15 - [MESSAGE][PASSED] - Text '10' is set on object 'Object Repository/DispensaryToStore/Page_Dispensary Store/input_txttreat'

2018-06-10 00:20:15 - [TEST_STEP][PASSED] - click: Object: 'Object Repository/DispensaryToStore/Page_Dispensary Store/button_Add' is clicked on

2018-06-10 00:20:15 - [MESSAGE][PASSED] - Object: 'Object Repository/DispensaryToStore/Page_Dispensary Store/button_Add' is clicked on

2018-06-10 00:20:15 - [TEST_STEP][PASSED] - selectOptionByIndex: All options with index in [4] are selected on object 'Object Repository/DispensaryToStore/Page_Dispensary Store/select_--Select--Schedule 1Inj'

2018-06-10 00:20:15 - [MESSAGE][PASSED] - All options with index in [4] are selected on object 'Object Repository/DispensaryToStore/Page_Dispensary Store/select_--Select--Schedule 1Inj'

2018-06-10 00:20:15 - [TEST_STEP][PASSED] - delay: Delayed 1 second(s)

2018-06-10 00:20:16 - [MESSAGE][PASSED] - Delayed 1 second(s)

2018-06-10 00:20:16 - [TEST_STEP][PASSED] - selectOptionByIndex: All options with index in [15] are selected on object 'Object Repository/DispensaryToStore/Page_Dispensary Store/select_--Select--Adernaline 0.'

2018-06-10 00:20:16 - [MESSAGE][PASSED] - All options with index in [15] are selected on object 'Object Repository/DispensaryToStore/Page_Dispensary Store/select_--Select--Adernaline 0.'

2018-06-10 00:20:16 - [TEST_STEP][PASSED] - delay: Delayed 1 second(s)

2018-06-10 00:20:17 - [MESSAGE][PASSED] - Delayed 1 second(s)

2018-06-10 00:20:17 - [TEST_STEP][PASSED] - setText: Text '10' is set on object 'Object Repository/DispensaryToStore/Page_Dispensary Store/input_txttreat'

2018-06-10 00:20:17 - [MESSAGE][PASSED] - Text '10' is set on object 'Object Repository/DispensaryToStore/Page_Dispensary Store/input_txttreat'

2018-06-10 00:20:17 - [TEST_STEP][PASSED] - click: Object: 'Object Repository/DispensaryToStore/Page_Dispensary Store/button_Add' is clicked on

2018-06-10 00:20:17 - [MESSAGE][PASSED] - Object: 'Object Repository/DispensaryToStore/Page_Dispensary Store/button_Add' is clicked on

2018-06-10 00:20:17 - [TEST_STEP][PASSED] - scrollToElement: Scroll to object 'Object Repository/DispensaryToStore/Page_Dispensary Store/input_btnsave' successfully

2018-06-10 00:20:17 - [MESSAGE][PASSED] - Scroll to object 'Object Repository/DispensaryToStore/Page_Dispensary Store/input_btnsave' successfully

2018-06-10 00:20:17 - [TEST_STEP][PASSED] - click: Object: 'Object Repository/DispensaryToStore/Page_Dispensary Store/input_btnsave' is clicked on

2018-06-10 00:20:17 - [MESSAGE][PASSED] - Object: 'Object Repository/DispensaryToStore/Page_Dispensary Store/input_btnsave' is clicked on

2018-06-10 00:20:17 - [TEST_STEP][PASSED] - delay: Delayed 3 second(s)

2018-06-10 00:20:20 - [MESSAGE][PASSED] - Delayed 3 second(s)

2018-06-10 00:20:20 - [TEST_STEP][PASSED] - Statement - RN1 = com.kms.katalon.core.webui.keyword.WebUiBuiltInKeywords.getText(com.kms.katalon.core.testobject.ObjectRepository.findTestObject(DispensaryToStore/Page_Dispensary Store/font_HPRNO180520187)): Text of object 'Object Repository/DispensaryToStore/Page_Dispensary Store/font_HPRNO180520187' is: 'DPRNO/10062018/234'

2018-06-10 00:20:20 - [MESSAGE][PASSED] - Text of object 'Object Repository/DispensaryToStore/Page_Dispensary Store/font_HPRNO180520187' is: 'DPRNO/10062018/234'

2018-06-10 00:20:20 - [TEST_STEP][PASSED] - Statement - out.println(RN1): null

2018-06-10 00:20:20 - [TEST_STEP][PASSED] - Statement - RID = RN1.split("/")[2]: null

2018-06-10 00:20:20 - [TEST_STEP][PASSED] - click: Object: 'Object Repository/DispensaryToStore/Page_Dispensary Store/button_OK' is clicked on

2018-06-10 00:20:21 - [MESSAGE][PASSED] - Object: 'Object Repository/DispensaryToStore/Page_Dispensary Store/button_OK' is clicked on

2018-06-10 00:20:21 - [TEST_STEP][PASSED] - delay: Delayed 3 second(s)

2018-06-10 00:20:24 - [MESSAGE][PASSED] - Delayed 3 second(s)

2018-06-10 00:20:24 - [TEST_STEP][PASSED] - waitForElementPresent: Object 'Object Repository/DispensaryToStore/Page_Dispensary Store/a_dropdown-toggle' is present

2018-06-10 00:20:24 - [MESSAGE][PASSED] - Object 'Object Repository/DispensaryToStore/Page_Dispensary Store/a_dropdown-toggle' is present

2018-06-10 00:20:24 - [TEST_STEP][PASSED] - click: Object: 'Object Repository/DispensaryToStore/Page_Dispensary Store/a_dropdown-toggle' is clicked on

2018-06-10 00:20:24 - [MESSAGE][PASSED] - Object: 'Object Repository/DispensaryToStore/Page_Dispensary Store/a_dropdown-toggle' is clicked on

2018-06-10 00:20:24 - [TEST_STEP][PASSED] - click: Object: 'Object Repository/DispensaryToStore/Page_Dispensary Store/a_Sign out' is clicked on

2018-06-10 00:20:25 - [MESSAGE][PASSED] - Object: 'Object Repository/DispensaryToStore/Page_Dispensary Store/a_Sign out' is clicked on

2018-06-10 00:20:25 - [TEST_STEP][PASSED] - delay: Delayed 3 second(s)

2018-06-10 00:20:28 - [MESSAGE][PASSED] - Delayed 3 second(s)

2018-06-10 00:20:28 - [TEST_STEP][PASSED] - navigateToUrl: Navigate to 'http://192.168.137.1/multihospital_new/' successfully

2018-06-10 00:20:28 - [MESSAGE][PASSED] - Navigate to 'http://192.168.137.1/multihospital_new/' successfully

2018-06-10 00:20:28 - [TEST_STEP][PASSED] - click: Object: 'Object Repository/DispensaryToStore/Page_KDMC/a_CMO' is clicked on

2018-06-10 00:20:29 - [MESSAGE][PASSED] - Object: 'Object Repository/DispensaryToStore/Page_KDMC/a_CMO' is clicked on

2018-06-10 00:20:29 - [TEST_STEP][PASSED] - setText: Text 'guru' is set on object 'Object Repository/DispensaryToStore/Page_CMO login/input_txtusername'

2018-06-10 00:20:29 - [MESSAGE][PASSED] - Text 'guru' is set on object 'Object Repository/DispensaryToStore/Page_CMO login/input_txtusername'

2018-06-10 00:20:29 - [TEST_STEP][PASSED] - setText: Text '123' is set on object 'Object Repository/DispensaryToStore/Page_CMO login/input_txtpassword'

2018-06-10 00:20:29 - [MESSAGE][PASSED] - Text '123' is set on object 'Object Repository/DispensaryToStore/Page_CMO login/input_txtpassword'

2018-06-10 00:20:29 - [TEST_STEP][PASSED] - delay: Delayed 3 second(s)

2018-06-10 00:20:32 - [MESSAGE][PASSED] - Delayed 3 second(s)

2018-06-10 00:20:32 - [TEST_STEP][PASSED] - click: Object: 'Object Repository/DispensaryToStore/Page_CMO login/button_Sign in' is clicked on

2018-06-10 00:20:33 - [MESSAGE][PASSED] - Object: 'Object Repository/DispensaryToStore/Page_CMO login/button_Sign in' is clicked on

2018-06-10 00:20:33 - [TEST_STEP][PASSED] - click: Object: 'Object Repository/DispensaryToStore/Page_KDMC - CMO/a_Department Wise Request' is clicked on

2018-06-10 00:20:35 - [MESSAGE][PASSED] - Object: 'Object Repository/DispensaryToStore/Page_KDMC - CMO/a_Department Wise Request' is clicked on

2018-06-10 00:20:35 - [TEST_STEP][PASSED] - delay: Delayed 2 second(s)

2018-06-10 00:20:37 - [MESSAGE][PASSED] - Delayed 2 second(s)

2018-06-10 00:20:37 - [TEST_STEP][PASSED] - selectOptionByIndex: All options with index in [6] are selected on object 'Object Repository/DispensaryToStore/Page_KDMC - CMO/select_--ALL--'

2018-06-10 00:20:37 - [MESSAGE][PASSED] - All options with index in [6] are selected on object 'Object Repository/DispensaryToStore/Page_KDMC - CMO/select_--ALL--'

2018-06-10 00:20:37 - [TEST_STEP][PASSED] - click: Object: 'Object Repository/DispensaryToStore/Page_KDMC - CMO/input_btnsearch' is clicked on

2018-06-10 00:20:37 - [MESSAGE][PASSED] - Object: 'Object Repository/DispensaryToStore/Page_KDMC - CMO/input_btnsearch' is clicked on

2018-06-10 00:20:37 - [TEST_STEP][PASSED] - selectOptionByIndex: All options with index in [1] are selected on object 'Object Repository/DispensaryToStore/Page_KDMC - CMO/select_--ALL--                _1'

2018-06-10 00:20:38 - [MESSAGE][PASSED] - All options with index in [1] are selected on object 'Object Repository/DispensaryToStore/Page_KDMC - CMO/select_--ALL--                _1'

2018-06-10 00:20:38 - [TEST_STEP][PASSED] - click: Object: 'Object Repository/DispensaryToStore/Page_KDMC - CMO/input_btnsearch' is clicked on

2018-06-10 00:20:38 - [MESSAGE][PASSED] - Object: 'Object Repository/DispensaryToStore/Page_KDMC - CMO/input_btnsearch' is clicked on

2018-06-10 00:20:38 - [TEST_STEP][PASSED] - Statement - ID = com.kms.katalon.core.webui.keyword.WebUiBuiltInKeywords.modifyObjectProperty(com.kms.katalon.core.testobject.ObjectRepository.findTestObject(lab/Page_KDMC - CMO/input_1), "xpath", "equals", "//*[@id=" + RID + "]", true): Modify property of object successfully

2018-06-10 00:20:38 - [MESSAGE][PASSED] - Modify property of object successfully

2018-06-10 00:20:38 - [TEST_STEP][PASSED] - click: Object: 'Object Repository/lab/Page_KDMC - CMO/input_1' is clicked on

2018-06-10 00:20:38 - [MESSAGE][PASSED] - Object: 'Object Repository/lab/Page_KDMC - CMO/input_1' is clicked on

2018-06-10 00:20:38 - [TEST_STEP][PASSED] - delay: Delayed 2 second(s)

2018-06-10 00:20:40 - [MESSAGE][PASSED] - Delayed 2 second(s)

2018-06-10 00:20:40 - [TEST_STEP][PASSED] - selectOptionByIndex: All options with index in [1] are selected on object 'Object Repository/DispensaryToStore/Page_KDMC - CMO/select_--Select--'

2018-06-10 00:20:40 - [MESSAGE][PASSED] - All options with index in [1] are selected on object 'Object Repository/DispensaryToStore/Page_KDMC - CMO/select_--Select--'

2018-06-10 00:20:40 - [TEST_STEP][PASSED] - click: Object: 'Object Repository/DispensaryToStore/Page_KDMC - CMO/input_btnupdate' is clicked on

2018-06-10 00:20:40 - [MESSAGE][PASSED] - Object: 'Object Repository/DispensaryToStore/Page_KDMC - CMO/input_btnupdate' is clicked on

2018-06-10 00:20:40 - [TEST_STEP][PASSED] - delay: Delayed 2 second(s)

2018-06-10 00:20:42 - [MESSAGE][PASSED] - Delayed 2 second(s)

2018-06-10 00:20:42 - [TEST_STEP][PASSED] - click: Object: 'Object Repository/DispensaryToStore/Page_KDMC - CMO/button_OK' is clicked on

2018-06-10 00:20:43 - [MESSAGE][PASSED] - Object: 'Object Repository/DispensaryToStore/Page_KDMC - CMO/button_OK' is clicked on

2018-06-10 00:20:43 - [TEST_STEP][PASSED] - delay: Delayed 2 second(s)

2018-06-10 00:20:45 - [MESSAGE][PASSED] - Delayed 2 second(s)

2018-06-10 00:20:45 - [TEST_STEP][PASSED] - waitForElementPresent: Object 'Object Repository/DispensaryToStore/Page_Dispensary Store/a_dropdown-toggle' is not present after 20 second(s)

2018-06-10 00:21:06 - [MESSAGE][WARNING] - Object 'Object Repository/DispensaryToStore/Page_Dispensary Store/a_dropdown-toggle' is not present after 20 second(s)

2018-06-10 00:21:06 - [TEST_STEP][PASSED] - click: Object: 'Object Repository/DispensaryToStore/Page_KDMC - CMO/a_dropdown-toggle' is clicked on

2018-06-10 00:21:06 - [MESSAGE][PASSED] - Object: 'Object Repository/DispensaryToStore/Page_KDMC - CMO/a_dropdown-toggle' is clicked on

2018-06-10 00:21:06 - [TEST_STEP][PASSED] - click: Object: 'Object Repository/DispensaryToStore/Page_KDMC - CMO/a_Sign out' is clicked on

2018-06-10 00:21:06 - [MESSAGE][PASSED] - Object: 'Object Repository/DispensaryToStore/Page_KDMC - CMO/a_Sign out' is clicked on

2018-06-10 00:21:06 - [TEST_STEP][PASSED] - delay: Delayed 3 second(s)

2018-06-10 00:21:09 - [MESSAGE][PASSED] - Delayed 3 second(s)

2018-06-10 00:21:09 - [TEST_STEP][PASSED] - click: Object: 'Object Repository/DispensaryToStore/Page_KDMC/a_Divisional Store' is clicked on

2018-06-10 00:21:10 - [MESSAGE][PASSED] - Object: 'Object Repository/DispensaryToStore/Page_KDMC/a_Divisional Store' is clicked on

2018-06-10 00:21:10 - [TEST_STEP][PASSED] - setText: Text 'ragu' is set on object 'Object Repository/DispensaryToStore/Page_Divisonal Store Login/input_txtusername'

2018-06-10 00:21:10 - [MESSAGE][PASSED] - Text 'ragu' is set on object 'Object Repository/DispensaryToStore/Page_Divisonal Store Login/input_txtusername'

2018-06-10 00:21:10 - [TEST_STEP][PASSED] - setText: Text '123' is set on object 'Object Repository/DispensaryToStore/Page_Divisonal Store Login/input_txtpassword'

2018-06-10 00:21:10 - [MESSAGE][PASSED] - Text '123' is set on object 'Object Repository/DispensaryToStore/Page_Divisonal Store Login/input_txtpassword'

2018-06-10 00:21:10 - [TEST_STEP][PASSED] - delay: Delayed 3 second(s)

2018-06-10 00:21:13 - [MESSAGE][PASSED] - Delayed 3 second(s)

2018-06-10 00:21:13 - [TEST_STEP][PASSED] - click: Object: 'Object Repository/DispensaryToStore/Page_Divisonal Store Login/button_Sign in' is clicked on

2018-06-10 00:21:15 - [MESSAGE][PASSED] - Object: 'Object Repository/DispensaryToStore/Page_Divisonal Store Login/button_Sign in' is clicked on

2018-06-10 00:21:15 - [TEST_STEP][PASSED] - delay: Delayed 3 second(s)

2018-06-10 00:21:18 - [MESSAGE][PASSED] - Delayed 3 second(s)

2018-06-10 00:21:18 - [TEST_STEP][PASSED] - scrollToPosition: Browser is scrolled to position x = 100, y = 100

2018-06-10 00:21:18 - [MESSAGE][PASSED] - Browser is scrolled to position x = 100, y = 100

2018-06-10 00:21:18 - [TEST_STEP][PASSED] - click: Object: 'Object Repository/DispensaryToStore/Page_Store/a_Dispensary Request' is clicked on

2018-06-10 00:21:18 - [MESSAGE][PASSED] - Object: 'Object Repository/DispensaryToStore/Page_Store/a_Dispensary Request' is clicked on

2018-06-10 00:21:18 - [TEST_STEP][PASSED] - delay: Delayed 2 second(s)

2018-06-10 00:21:20 - [MESSAGE][PASSED] - Delayed 2 second(s)

2018-06-10 00:21:20 - [TEST_STEP][PASSED] - click: Object: 'Object Repository/DispensaryToStore/Page_Store/a_Request Item Dispensary' is clicked on

2018-06-10 00:21:21 - [MESSAGE][PASSED] - Object: 'Object Repository/DispensaryToStore/Page_Store/a_Request Item Dispensary' is clicked on

2018-06-10 00:21:21 - [TEST_STEP][PASSED] - Statement - ChooseRequest = com.kms.katalon.core.webui.keyword.WebUiBuiltInKeywords.modifyObjectProperty(com.kms.katalon.core.testobject.ObjectRepository.findTestObject(lab/Page_Store/input_1), "xpath", "equals", "//*[@id=" + RID + "]", true): Modify property of object successfully

2018-06-10 00:21:21 - [MESSAGE][PASSED] - Modify property of object successfully

2018-06-10 00:21:21 - [TEST_STEP][PASSED] - click: Object: 'Object Repository/lab/Page_Store/input_1' is clicked on

2018-06-10 00:21:21 - [MESSAGE][PASSED] - Object: 'Object Repository/lab/Page_Store/input_1' is clicked on

2018-06-10 00:21:21 - [TEST_STEP][PASSED] - Statement - selectedoptions = com.kms.katalon.core.webui.keyword.WebUiBuiltInKeywords.getNumberOfTotalOption(com.kms.katalon.core.testobject.ObjectRepository.findTestObject(DispensaryToStore/Page_Store/select_--Select--Adernaline 0.)): 16 options of object 'Object Repository/DispensaryToStore/Page_Store/select_--Select--Adernaline 0.' counted

2018-06-10 00:21:22 - [MESSAGE][PASSED] - 16 options of object 'Object Repository/DispensaryToStore/Page_Store/select_--Select--Adernaline 0.' counted

2018-06-10 00:21:22 - [TEST_STEP][PASSED] - Statement - For ([a = 1, a <= selectedoptions - 1, (a++)]): null

2018-06-10 00:21:22 - [TEST_STEP][PASSED] - selectOptionByIndex: All options with index in [1] are selected on object 'Object Repository/DispensaryToStore/Page_Store/select_--Select--Adernaline 0.'

2018-06-10 00:21:22 - [MESSAGE][PASSED] - All options with index in [1] are selected on object 'Object Repository/DispensaryToStore/Page_Store/select_--Select--Adernaline 0.'

2018-06-10 00:21:22 - [TEST_STEP][PASSED] - delay: Delayed 2 second(s)

2018-06-10 00:21:24 - [MESSAGE][PASSED] - Delayed 2 second(s)

2018-06-10 00:21:24 - [TEST_STEP][PASSED] - Statement - RequestedQty = com.kms.katalon.core.webui.keyword.WebUiBuiltInKeywords.getAttribute(com.kms.katalon.core.testobject.ObjectRepository.findTestObject(DispensaryToStore/Page_Store/input_txttotal), "value"): Attribute 'value' of object 'Object Repository/DispensaryToStore/Page_Store/input_txttotal' is: '10'

2018-06-10 00:21:24 - [MESSAGE][PASSED] - Attribute 'value' of object 'Object Repository/DispensaryToStore/Page_Store/input_txttotal' is: '10'

2018-06-10 00:21:24 - [TEST_STEP][PASSED] - Statement - out.println("Requested QTY : " + RequestedQty): null

2018-06-10 00:21:24 - [TEST_STEP][PASSED] - Statement - BatchNumber = com.kms.katalon.core.webui.keyword.WebUiBuiltInKeywords.getNumberOfTotalOption(com.kms.katalon.core.testobject.ObjectRepository.findTestObject(DispensaryToStore/Page_Store/select_--Select--BA1170BA2376B)): 6 options of object 'Object Repository/DispensaryToStore/Page_Store/select_--Select--BA1170BA2376B' counted

2018-06-10 00:21:24 - [MESSAGE][PASSED] - 6 options of object 'Object Repository/DispensaryToStore/Page_Store/select_--Select--BA1170BA2376B' counted

2018-06-10 00:21:24 - [TEST_STEP][PASSED] - Statement - For ([g = 1, g <= BatchNumber - 1, (g++)]): null

2018-06-10 00:21:24 - [TEST_STEP][PASSED] - selectOptionByIndex: All options with index in [1] are selected on object 'Object Repository/DispensaryToStore/Page_Store/select_--Select--BA1170BA2376B'

2018-06-10 00:21:24 - [MESSAGE][PASSED] - All options with index in [1] are selected on object 'Object Repository/DispensaryToStore/Page_Store/select_--Select--BA1170BA2376B'

2018-06-10 00:21:24 - [TEST_STEP][PASSED] - Statement - Try: null

2018-06-10 00:21:24 - [TEST_STEP][PASSED] - Statement - StockQty = com.kms.katalon.core.webui.keyword.WebUiBuiltInKeywords.getAttribute(com.kms.katalon.core.testobject.ObjectRepository.findTestObject(DispensaryToStore/Page_Store/input_txtprice), "value"): Attribute 'value' of object 'Object Repository/DispensaryToStore/Page_Store/input_txtprice' is: '660'

2018-06-10 00:21:24 - [MESSAGE][PASSED] - Attribute 'value' of object 'Object Repository/DispensaryToStore/Page_Store/input_txtprice' is: '660'

2018-06-10 00:21:24 - [TEST_STEP][PASSED] - Statement - out.println("Stock QTY : " + StockQty): null

2018-06-10 00:21:24 - [TEST_STEP][PASSED] - delay: Delayed 2 second(s)

2018-06-10 00:21:26 - [MESSAGE][PASSED] - Delayed 2 second(s)

2018-06-10 00:21:26 - [TEST_STEP][PASSED] - Statement - If (java.lang.String.valueOf(StockQty) >= java.lang.String.valueOf(RequestedQty)): null

2018-06-10 00:21:26 - [TEST_STEP][PASSED] - setText: Text '10' is set on object 'Object Repository/DispensaryToStore/Page_Store/input_txtqty'

2018-06-10 00:21:26 - [MESSAGE][PASSED] - Text '10' is set on object 'Object Repository/DispensaryToStore/Page_Store/input_txtqty'

2018-06-10 00:21:26 - [TEST_STEP][PASSED] - click: Object: 'Object Repository/DispensaryToStore/Page_Store/button_Add' is clicked on

2018-06-10 00:21:26 - [MESSAGE][PASSED] - Object: 'Object Repository/DispensaryToStore/Page_Store/button_Add' is clicked on

2018-06-10 00:21:26 - [TEST_STEP][PASSED] - Statement - Break: null

2018-06-10 00:21:26 - [TEST_STEP][PASSED] - selectOptionByIndex: All options with index in [2] are selected on object 'Object Repository/DispensaryToStore/Page_Store/select_--Select--Adernaline 0.'

2018-06-10 00:21:26 - [MESSAGE][PASSED] - All options with index in [2] are selected on object 'Object Repository/DispensaryToStore/Page_Store/select_--Select--Adernaline 0.'

2018-06-10 00:21:26 - [TEST_STEP][PASSED] - delay: Delayed 2 second(s)

2018-06-10 00:21:28 - [MESSAGE][PASSED] - Delayed 2 second(s)

2018-06-10 00:21:28 - [TEST_STEP][PASSED] - Statement - RequestedQty = com.kms.katalon.core.webui.keyword.WebUiBuiltInKeywords.getAttribute(com.kms.katalon.core.testobject.ObjectRepository.findTestObject(DispensaryToStore/Page_Store/input_txttotal), "value"): Attribute 'value' of object 'Object Repository/DispensaryToStore/Page_Store/input_txttotal' is: '10'

2018-06-10 00:21:28 - [MESSAGE][PASSED] - Attribute 'value' of object 'Object Repository/DispensaryToStore/Page_Store/input_txttotal' is: '10'

2018-06-10 00:21:28 - [TEST_STEP][PASSED] - Statement - out.println("Requested QTY : " + RequestedQty): null

2018-06-10 00:21:28 - [TEST_STEP][PASSED] - Statement - BatchNumber = com.kms.katalon.core.webui.keyword.WebUiBuiltInKeywords.getNumberOfTotalOption(com.kms.katalon.core.testobject.ObjectRepository.findTestObject(DispensaryToStore/Page_Store/select_--Select--BA1170BA2376B)): 5 options of object 'Object Repository/DispensaryToStore/Page_Store/select_--Select--BA1170BA2376B' counted

2018-06-10 00:21:29 - [MESSAGE][PASSED] - 5 options of object 'Object Repository/DispensaryToStore/Page_Store/select_--Select--BA1170BA2376B' counted

2018-06-10 00:21:29 - [TEST_STEP][PASSED] - Statement - For ([g = 1, g <= BatchNumber - 1, (g++)]): null

2018-06-10 00:21:29 - [TEST_STEP][PASSED] - selectOptionByIndex: All options with index in [1] are selected on object 'Object Repository/DispensaryToStore/Page_Store/select_--Select--BA1170BA2376B'

2018-06-10 00:21:29 - [MESSAGE][PASSED] - All options with index in [1] are selected on object 'Object Repository/DispensaryToStore/Page_Store/select_--Select--BA1170BA2376B'

2018-06-10 00:21:29 - [TEST_STEP][PASSED] - Statement - Try: null

2018-06-10 00:21:29 - [TEST_STEP][PASSED] - Statement - StockQty = com.kms.katalon.core.webui.keyword.WebUiBuiltInKeywords.getAttribute(com.kms.katalon.core.testobject.ObjectRepository.findTestObject(DispensaryToStore/Page_Store/input_txtprice), "value"): Attribute 'value' of object 'Object Repository/DispensaryToStore/Page_Store/input_txtprice' is: '310'

2018-06-10 00:21:29 - [MESSAGE][PASSED] - Attribute 'value' of object 'Object Repository/DispensaryToStore/Page_Store/input_txtprice' is: '310'

2018-06-10 00:21:29 - [TEST_STEP][PASSED] - Statement - out.println("Stock QTY : " + StockQty): null

2018-06-10 00:21:29 - [TEST_STEP][PASSED] - delay: Delayed 2 second(s)

2018-06-10 00:21:31 - [MESSAGE][PASSED] - Delayed 2 second(s)

2018-06-10 00:21:31 - [TEST_STEP][PASSED] - Statement - If (java.lang.String.valueOf(StockQty) >= java.lang.String.valueOf(RequestedQty)): null

2018-06-10 00:21:31 - [TEST_STEP][PASSED] - setText: Text '10' is set on object 'Object Repository/DispensaryToStore/Page_Store/input_txtqty'

2018-06-10 00:21:31 - [MESSAGE][PASSED] - Text '10' is set on object 'Object Repository/DispensaryToStore/Page_Store/input_txtqty'

2018-06-10 00:21:31 - [TEST_STEP][PASSED] - click: Object: 'Object Repository/DispensaryToStore/Page_Store/button_Add' is clicked on

2018-06-10 00:21:31 - [MESSAGE][PASSED] - Object: 'Object Repository/DispensaryToStore/Page_Store/button_Add' is clicked on

2018-06-10 00:21:31 - [TEST_STEP][PASSED] - Statement - Break: null

2018-06-10 00:21:31 - [TEST_STEP][PASSED] - selectOptionByIndex: All options with index in [3] are selected on object 'Object Repository/DispensaryToStore/Page_Store/select_--Select--Adernaline 0.'

2018-06-10 00:21:31 - [MESSAGE][PASSED] - All options with index in [3] are selected on object 'Object Repository/DispensaryToStore/Page_Store/select_--Select--Adernaline 0.'

2018-06-10 00:21:31 - [TEST_STEP][PASSED] - delay: Delayed 2 second(s)

2018-06-10 00:21:33 - [MESSAGE][PASSED] - Delayed 2 second(s)

2018-06-10 00:21:33 - [TEST_STEP][PASSED] - Statement - RequestedQty = com.kms.katalon.core.webui.keyword.WebUiBuiltInKeywords.getAttribute(com.kms.katalon.core.testobject.ObjectRepository.findTestObject(DispensaryToStore/Page_Store/input_txttotal), "value"): Attribute 'value' of object 'Object Repository/DispensaryToStore/Page_Store/input_txttotal' is: '10'

2018-06-10 00:21:33 - [MESSAGE][PASSED] - Attribute 'value' of object 'Object Repository/DispensaryToStore/Page_Store/input_txttotal' is: '10'

2018-06-10 00:21:33 - [TEST_STEP][PASSED] - Statement - out.println("Requested QTY : " + RequestedQty): null

2018-06-10 00:21:33 - [TEST_STEP][PASSED] - Statement - BatchNumber = com.kms.katalon.core.webui.keyword.WebUiBuiltInKeywords.getNumberOfTotalOption(com.kms.katalon.core.testobject.ObjectRepository.findTestObject(DispensaryToStore/Page_Store/select_--Select--BA1170BA2376B)): 5 options of object 'Object Repository/DispensaryToStore/Page_Store/select_--Select--BA1170BA2376B' counted

2018-06-10 00:21:33 - [MESSAGE][PASSED] - 5 options of object 'Object Repository/DispensaryToStore/Page_Store/select_--Select--BA1170BA2376B' counted

2018-06-10 00:21:33 - [TEST_STEP][PASSED] - Statement - For ([g = 1, g <= BatchNumber - 1, (g++)]): null

2018-06-10 00:21:33 - [TEST_STEP][PASSED] - selectOptionByIndex: All options with index in [1] are selected on object 'Object Repository/DispensaryToStore/Page_Store/select_--Select--BA1170BA2376B'

2018-06-10 00:21:33 - [MESSAGE][PASSED] - All options with index in [1] are selected on object 'Object Repository/DispensaryToStore/Page_Store/select_--Select--BA1170BA2376B'

2018-06-10 00:21:33 - [TEST_STEP][PASSED] - Statement - Try: null

2018-06-10 00:21:33 - [TEST_STEP][PASSED] - Statement - StockQty = com.kms.katalon.core.webui.keyword.WebUiBuiltInKeywords.getAttribute(com.kms.katalon.core.testobject.ObjectRepository.findTestObject(DispensaryToStore/Page_Store/input_txtprice), "value"): Attribute 'value' of object 'Object Repository/DispensaryToStore/Page_Store/input_txtprice' is: '660'

2018-06-10 00:21:33 - [MESSAGE][PASSED] - Attribute 'value' of object 'Object Repository/DispensaryToStore/Page_Store/input_txtprice' is: '660'

2018-06-10 00:21:33 - [TEST_STEP][PASSED] - Statement - out.println("Stock QTY : " + StockQty): null

2018-06-10 00:21:33 - [TEST_STEP][PASSED] - delay: Delayed 2 second(s)

2018-06-10 00:21:35 - [MESSAGE][PASSED] - Delayed 2 second(s)

2018-06-10 00:21:35 - [TEST_STEP][PASSED] - Statement - If (java.lang.String.valueOf(StockQty) >= java.lang.String.valueOf(RequestedQty)): null

2018-06-10 00:21:35 - [TEST_STEP][PASSED] - setText: Text '10' is set on object 'Object Repository/DispensaryToStore/Page_Store/input_txtqty'

2018-06-10 00:21:35 - [MESSAGE][PASSED] - Text '10' is set on object 'Object Repository/DispensaryToStore/Page_Store/input_txtqty'

2018-06-10 00:21:35 - [TEST_STEP][PASSED] - click: Object: 'Object Repository/DispensaryToStore/Page_Store/button_Add' is clicked on

2018-06-10 00:21:35 - [MESSAGE][PASSED] - Object: 'Object Repository/DispensaryToStore/Page_Store/button_Add' is clicked on

2018-06-10 00:21:35 - [TEST_STEP][PASSED] - Statement - Break: null

2018-06-10 00:21:35 - [TEST_STEP][PASSED] - selectOptionByIndex: All options with index in [4] are selected on object 'Object Repository/DispensaryToStore/Page_Store/select_--Select--Adernaline 0.'

2018-06-10 00:21:36 - [MESSAGE][PASSED] - All options with index in [4] are selected on object 'Object Repository/DispensaryToStore/Page_Store/select_--Select--Adernaline 0.'

2018-06-10 00:21:36 - [TEST_STEP][PASSED] - delay: Delayed 2 second(s)

2018-06-10 00:21:38 - [MESSAGE][PASSED] - Delayed 2 second(s)

2018-06-10 00:21:38 - [TEST_STEP][PASSED] - Statement - RequestedQty = com.kms.katalon.core.webui.keyword.WebUiBuiltInKeywords.getAttribute(com.kms.katalon.core.testobject.ObjectRepository.findTestObject(DispensaryToStore/Page_Store/input_txttotal), "value"): Attribute 'value' of object 'Object Repository/DispensaryToStore/Page_Store/input_txttotal' is: '10'

2018-06-10 00:21:38 - [MESSAGE][PASSED] - Attribute 'value' of object 'Object Repository/DispensaryToStore/Page_Store/input_txttotal' is: '10'

2018-06-10 00:21:38 - [TEST_STEP][PASSED] - Statement - out.println("Requested QTY : " + RequestedQty): null

2018-06-10 00:21:38 - [TEST_STEP][PASSED] - Statement - BatchNumber = com.kms.katalon.core.webui.keyword.WebUiBuiltInKeywords.getNumberOfTotalOption(com.kms.katalon.core.testobject.ObjectRepository.findTestObject(DispensaryToStore/Page_Store/select_--Select--BA1170BA2376B)): 5 options of object 'Object Repository/DispensaryToStore/Page_Store/select_--Select--BA1170BA2376B' counted

2018-06-10 00:21:38 - [MESSAGE][PASSED] - 5 options of object 'Object Repository/DispensaryToStore/Page_Store/select_--Select--BA1170BA2376B' counted

2018-06-10 00:21:38 - [TEST_STEP][PASSED] - Statement - For ([g = 1, g <= BatchNumber - 1, (g++)]): null

2018-06-10 00:21:38 - [TEST_STEP][PASSED] - selectOptionByIndex: All options with index in [1] are selected on object 'Object Repository/DispensaryToStore/Page_Store/select_--Select--BA1170BA2376B'

2018-06-10 00:21:38 - [MESSAGE][PASSED] - All options with index in [1] are selected on object 'Object Repository/DispensaryToStore/Page_Store/select_--Select--BA1170BA2376B'

2018-06-10 00:21:38 - [TEST_STEP][PASSED] - Statement - Try: null

2018-06-10 00:21:38 - [TEST_STEP][PASSED] - Statement - StockQty = com.kms.katalon.core.webui.keyword.WebUiBuiltInKeywords.getAttribute(com.kms.katalon.core.testobject.ObjectRepository.findTestObject(DispensaryToStore/Page_Store/input_txtprice), "value"): Attribute 'value' of object 'Object Repository/DispensaryToStore/Page_Store/input_txtprice' is: '300'

2018-06-10 00:21:38 - [MESSAGE][PASSED] - Attribute 'value' of object 'Object Repository/DispensaryToStore/Page_Store/input_txtprice' is: '300'

2018-06-10 00:21:38 - [TEST_STEP][PASSED] - Statement - out.println("Stock QTY : " + StockQty): null

2018-06-10 00:21:38 - [TEST_STEP][PASSED] - delay: Delayed 2 second(s)

2018-06-10 00:21:40 - [MESSAGE][PASSED] - Delayed 2 second(s)

2018-06-10 00:21:40 - [TEST_STEP][PASSED] - Statement - If (java.lang.String.valueOf(StockQty) >= java.lang.String.valueOf(RequestedQty)): null

2018-06-10 00:21:40 - [TEST_STEP][PASSED] - setText: Text '10' is set on object 'Object Repository/DispensaryToStore/Page_Store/input_txtqty'

2018-06-10 00:21:40 - [MESSAGE][PASSED] - Text '10' is set on object 'Object Repository/DispensaryToStore/Page_Store/input_txtqty'

2018-06-10 00:21:40 - [TEST_STEP][PASSED] - click: Object: 'Object Repository/DispensaryToStore/Page_Store/button_Add' is clicked on

2018-06-10 00:21:40 - [MESSAGE][PASSED] - Object: 'Object Repository/DispensaryToStore/Page_Store/button_Add' is clicked on

2018-06-10 00:21:40 - [TEST_STEP][PASSED] - Statement - Break: null

2018-06-10 00:21:40 - [TEST_STEP][PASSED] - selectOptionByIndex: All options with index in [5] are selected on object 'Object Repository/DispensaryToStore/Page_Store/select_--Select--Adernaline 0.'

2018-06-10 00:21:40 - [MESSAGE][PASSED] - All options with index in [5] are selected on object 'Object Repository/DispensaryToStore/Page_Store/select_--Select--Adernaline 0.'

2018-06-10 00:21:40 - [TEST_STEP][PASSED] - delay: Delayed 2 second(s)

2018-06-10 00:21:42 - [MESSAGE][PASSED] - Delayed 2 second(s)

2018-06-10 00:21:42 - [TEST_STEP][PASSED] - Statement - RequestedQty = com.kms.katalon.core.webui.keyword.WebUiBuiltInKeywords.getAttribute(com.kms.katalon.core.testobject.ObjectRepository.findTestObject(DispensaryToStore/Page_Store/input_txttotal), "value"): Attribute 'value' of object 'Object Repository/DispensaryToStore/Page_Store/input_txttotal' is: '10'

2018-06-10 00:21:42 - [MESSAGE][PASSED] - Attribute 'value' of object 'Object Repository/DispensaryToStore/Page_Store/input_txttotal' is: '10'

2018-06-10 00:21:42 - [TEST_STEP][PASSED] - Statement - out.println("Requested QTY : " + RequestedQty): null

2018-06-10 00:21:42 - [TEST_STEP][PASSED] - Statement - BatchNumber = com.kms.katalon.core.webui.keyword.WebUiBuiltInKeywords.getNumberOfTotalOption(com.kms.katalon.core.testobject.ObjectRepository.findTestObject(DispensaryToStore/Page_Store/select_--Select--BA1170BA2376B)): 2 options of object 'Object Repository/DispensaryToStore/Page_Store/select_--Select--BA1170BA2376B' counted

2018-06-10 00:21:42 - [MESSAGE][PASSED] - 2 options of object 'Object Repository/DispensaryToStore/Page_Store/select_--Select--BA1170BA2376B' counted

2018-06-10 00:21:42 - [TEST_STEP][PASSED] - Statement - For ([g = 1, g <= BatchNumber - 1, (g++)]): null

2018-06-10 00:21:42 - [TEST_STEP][PASSED] - selectOptionByIndex: All options with index in [1] are selected on object 'Object Repository/DispensaryToStore/Page_Store/select_--Select--BA1170BA2376B'

2018-06-10 00:21:42 - [MESSAGE][PASSED] - All options with index in [1] are selected on object 'Object Repository/DispensaryToStore/Page_Store/select_--Select--BA1170BA2376B'

2018-06-10 00:21:42 - [TEST_STEP][PASSED] - Statement - Try: null

2018-06-10 00:21:42 - [TEST_STEP][PASSED] - Statement - StockQty = com.kms.katalon.core.webui.keyword.WebUiBuiltInKeywords.getAttribute(com.kms.katalon.core.testobject.ObjectRepository.findTestObject(DispensaryToStore/Page_Store/input_txtprice), "value"): Attribute 'value' of object 'Object Repository/DispensaryToStore/Page_Store/input_txtprice' is: '2680'

2018-06-10 00:21:42 - [MESSAGE][PASSED] - Attribute 'value' of object 'Object Repository/DispensaryToStore/Page_Store/input_txtprice' is: '2680'

2018-06-10 00:21:42 - [TEST_STEP][PASSED] - Statement - out.println("Stock QTY : " + StockQty): null

2018-06-10 00:21:42 - [TEST_STEP][PASSED] - delay: Delayed 2 second(s)

2018-06-10 00:21:44 - [MESSAGE][PASSED] - Delayed 2 second(s)

2018-06-10 00:21:44 - [TEST_STEP][PASSED] - Statement - If (java.lang.String.valueOf(StockQty) >= java.lang.String.valueOf(RequestedQty)): null

2018-06-10 00:21:44 - [TEST_STEP][PASSED] - setText: Text '10' is set on object 'Object Repository/DispensaryToStore/Page_Store/input_txtqty'

2018-06-10 00:21:44 - [MESSAGE][PASSED] - Text '10' is set on object 'Object Repository/DispensaryToStore/Page_Store/input_txtqty'

2018-06-10 00:21:44 - [TEST_STEP][PASSED] - click: Object: 'Object Repository/DispensaryToStore/Page_Store/button_Add' is clicked on

2018-06-10 00:21:44 - [MESSAGE][PASSED] - Object: 'Object Repository/DispensaryToStore/Page_Store/button_Add' is clicked on

2018-06-10 00:21:44 - [TEST_STEP][PASSED] - Statement - Break: null

2018-06-10 00:21:44 - [TEST_STEP][PASSED] - selectOptionByIndex: All options with index in [6] are selected on object 'Object Repository/DispensaryToStore/Page_Store/select_--Select--Adernaline 0.'

2018-06-10 00:21:45 - [MESSAGE][PASSED] - All options with index in [6] are selected on object 'Object Repository/DispensaryToStore/Page_Store/select_--Select--Adernaline 0.'

2018-06-10 00:21:45 - [TEST_STEP][PASSED] - delay: Delayed 2 second(s)

2018-06-10 00:21:47 - [MESSAGE][PASSED] - Delayed 2 second(s)

2018-06-10 00:21:47 - [TEST_STEP][PASSED] - Statement - RequestedQty = com.kms.katalon.core.webui.keyword.WebUiBuiltInKeywords.getAttribute(com.kms.katalon.core.testobject.ObjectRepository.findTestObject(DispensaryToStore/Page_Store/input_txttotal), "value"): Attribute 'value' of object 'Object Repository/DispensaryToStore/Page_Store/input_txttotal' is: '10'

2018-06-10 00:21:47 - [MESSAGE][PASSED] - Attribute 'value' of object 'Object Repository/DispensaryToStore/Page_Store/input_txttotal' is: '10'

2018-06-10 00:21:47 - [TEST_STEP][PASSED] - Statement - out.println("Requested QTY : " + RequestedQty): null

2018-06-10 00:21:47 - [TEST_STEP][PASSED] - Statement - BatchNumber = com.kms.katalon.core.webui.keyword.WebUiBuiltInKeywords.getNumberOfTotalOption(com.kms.katalon.core.testobject.ObjectRepository.findTestObject(DispensaryToStore/Page_Store/select_--Select--BA1170BA2376B)): 3 options of object 'Object Repository/DispensaryToStore/Page_Store/select_--Select--BA1170BA2376B' counted

2018-06-10 00:21:47 - [MESSAGE][PASSED] - 3 options of object 'Object Repository/DispensaryToStore/Page_Store/select_--Select--BA1170BA2376B' counted

2018-06-10 00:21:47 - [TEST_STEP][PASSED] - Statement - For ([g = 1, g <= BatchNumber - 1, (g++)]): null

2018-06-10 00:21:47 - [TEST_STEP][PASSED] - selectOptionByIndex: All options with index in [1] are selected on object 'Object Repository/DispensaryToStore/Page_Store/select_--Select--BA1170BA2376B'

2018-06-10 00:21:47 - [MESSAGE][PASSED] - All options with index in [1] are selected on object 'Object Repository/DispensaryToStore/Page_Store/select_--Select--BA1170BA2376B'

2018-06-10 00:21:47 - [TEST_STEP][PASSED] - Statement - Try: null

2018-06-10 00:21:47 - [TEST_STEP][PASSED] - Statement - StockQty = com.kms.katalon.core.webui.keyword.WebUiBuiltInKeywords.getAttribute(com.kms.katalon.core.testobject.ObjectRepository.findTestObject(DispensaryToStore/Page_Store/input_txtprice), "value"): Attribute 'value' of object 'Object Repository/DispensaryToStore/Page_Store/input_txtprice' is: '1700'

2018-06-10 00:21:47 - [MESSAGE][PASSED] - Attribute 'value' of object 'Object Repository/DispensaryToStore/Page_Store/input_txtprice' is: '1700'

2018-06-10 00:21:47 - [TEST_STEP][PASSED] - Statement - out.println("Stock QTY : " + StockQty): null

2018-06-10 00:21:47 - [TEST_STEP][PASSED] - delay: Delayed 2 second(s)

2018-06-10 00:21:49 - [MESSAGE][PASSED] - Delayed 2 second(s)

2018-06-10 00:21:49 - [TEST_STEP][PASSED] - Statement - If (java.lang.String.valueOf(StockQty) >= java.lang.String.valueOf(RequestedQty)): null

2018-06-10 00:21:49 - [TEST_STEP][PASSED] - setText: Text '10' is set on object 'Object Repository/DispensaryToStore/Page_Store/input_txtqty'

2018-06-10 00:21:49 - [MESSAGE][PASSED] - Text '10' is set on object 'Object Repository/DispensaryToStore/Page_Store/input_txtqty'

2018-06-10 00:21:49 - [TEST_STEP][PASSED] - click: Object: 'Object Repository/DispensaryToStore/Page_Store/button_Add' is clicked on

2018-06-10 00:21:49 - [MESSAGE][PASSED] - Object: 'Object Repository/DispensaryToStore/Page_Store/button_Add' is clicked on

2018-06-10 00:21:49 - [TEST_STEP][PASSED] - Statement - Break: null

2018-06-10 00:21:49 - [TEST_STEP][PASSED] - selectOptionByIndex: All options with index in [7] are selected on object 'Object Repository/DispensaryToStore/Page_Store/select_--Select--Adernaline 0.'

2018-06-10 00:21:49 - [MESSAGE][PASSED] - All options with index in [7] are selected on object 'Object Repository/DispensaryToStore/Page_Store/select_--Select--Adernaline 0.'

2018-06-10 00:21:49 - [TEST_STEP][PASSED] - delay: Delayed 2 second(s)

2018-06-10 00:21:51 - [MESSAGE][PASSED] - Delayed 2 second(s)

2018-06-10 00:21:51 - [TEST_STEP][PASSED] - Statement - RequestedQty = com.kms.katalon.core.webui.keyword.WebUiBuiltInKeywords.getAttribute(com.kms.katalon.core.testobject.ObjectRepository.findTestObject(DispensaryToStore/Page_Store/input_txttotal), "value"): Attribute 'value' of object 'Object Repository/DispensaryToStore/Page_Store/input_txttotal' is: '10'

2018-06-10 00:21:51 - [MESSAGE][PASSED] - Attribute 'value' of object 'Object Repository/DispensaryToStore/Page_Store/input_txttotal' is: '10'

2018-06-10 00:21:51 - [TEST_STEP][PASSED] - Statement - out.println("Requested QTY : " + RequestedQty): null

2018-06-10 00:21:51 - [TEST_STEP][PASSED] - Statement - BatchNumber = com.kms.katalon.core.webui.keyword.WebUiBuiltInKeywords.getNumberOfTotalOption(com.kms.katalon.core.testobject.ObjectRepository.findTestObject(DispensaryToStore/Page_Store/select_--Select--BA1170BA2376B)): 3 options of object 'Object Repository/DispensaryToStore/Page_Store/select_--Select--BA1170BA2376B' counted

2018-06-10 00:21:51 - [MESSAGE][PASSED] - 3 options of object 'Object Repository/DispensaryToStore/Page_Store/select_--Select--BA1170BA2376B' counted

2018-06-10 00:21:51 - [TEST_STEP][PASSED] - Statement - For ([g = 1, g <= BatchNumber - 1, (g++)]): null

2018-06-10 00:21:51 - [TEST_STEP][PASSED] - selectOptionByIndex: All options with index in [1] are selected on object 'Object Repository/DispensaryToStore/Page_Store/select_--Select--BA1170BA2376B'

2018-06-10 00:21:51 - [MESSAGE][PASSED] - All options with index in [1] are selected on object 'Object Repository/DispensaryToStore/Page_Store/select_--Select--BA1170BA2376B'

2018-06-10 00:21:51 - [TEST_STEP][PASSED] - Statement - Try: null

2018-06-10 00:21:51 - [TEST_STEP][PASSED] - Statement - StockQty = com.kms.katalon.core.webui.keyword.WebUiBuiltInKeywords.getAttribute(com.kms.katalon.core.testobject.ObjectRepository.findTestObject(DispensaryToStore/Page_Store/input_txtprice), "value"): Attribute 'value' of object 'Object Repository/DispensaryToStore/Page_Store/input_txtprice' is: '1590'

2018-06-10 00:21:51 - [MESSAGE][PASSED] - Attribute 'value' of object 'Object Repository/DispensaryToStore/Page_Store/input_txtprice' is: '1590'

2018-06-10 00:21:51 - [TEST_STEP][PASSED] - Statement - out.println("Stock QTY : " + StockQty): null

2018-06-10 00:21:51 - [TEST_STEP][PASSED] - delay: Delayed 2 second(s)

2018-06-10 00:21:53 - [MESSAGE][PASSED] - Delayed 2 second(s)

2018-06-10 00:21:53 - [TEST_STEP][PASSED] - Statement - If (java.lang.String.valueOf(StockQty) >= java.lang.String.valueOf(RequestedQty)): null

2018-06-10 00:21:53 - [TEST_STEP][PASSED] - setText: Text '10' is set on object 'Object Repository/DispensaryToStore/Page_Store/input_txtqty'

2018-06-10 00:21:54 - [MESSAGE][PASSED] - Text '10' is set on object 'Object Repository/DispensaryToStore/Page_Store/input_txtqty'

2018-06-10 00:21:54 - [TEST_STEP][PASSED] - click: Object: 'Object Repository/DispensaryToStore/Page_Store/button_Add' is clicked on

2018-06-10 00:21:54 - [MESSAGE][PASSED] - Object: 'Object Repository/DispensaryToStore/Page_Store/button_Add' is clicked on

2018-06-10 00:21:54 - [TEST_STEP][PASSED] - Statement - Break: null

2018-06-10 00:21:54 - [TEST_STEP][PASSED] - selectOptionByIndex: All options with index in [8] are selected on object 'Object Repository/DispensaryToStore/Page_Store/select_--Select--Adernaline 0.'

2018-06-10 00:21:54 - [MESSAGE][PASSED] - All options with index in [8] are selected on object 'Object Repository/DispensaryToStore/Page_Store/select_--Select--Adernaline 0.'

2018-06-10 00:21:54 - [TEST_STEP][PASSED] - delay: Delayed 2 second(s)

2018-06-10 00:21:56 - [MESSAGE][PASSED] - Delayed 2 second(s)

2018-06-10 00:21:56 - [TEST_STEP][PASSED] - Statement - RequestedQty = com.kms.katalon.core.webui.keyword.WebUiBuiltInKeywords.getAttribute(com.kms.katalon.core.testobject.ObjectRepository.findTestObject(DispensaryToStore/Page_Store/input_txttotal), "value"): Attribute 'value' of object 'Object Repository/DispensaryToStore/Page_Store/input_txttotal' is: '10'

2018-06-10 00:21:56 - [MESSAGE][PASSED] - Attribute 'value' of object 'Object Repository/DispensaryToStore/Page_Store/input_txttotal' is: '10'

2018-06-10 00:21:56 - [TEST_STEP][PASSED] - Statement - out.println("Requested QTY : " + RequestedQty): null

2018-06-10 00:21:56 - [TEST_STEP][PASSED] - Statement - BatchNumber = com.kms.katalon.core.webui.keyword.WebUiBuiltInKeywords.getNumberOfTotalOption(com.kms.katalon.core.testobject.ObjectRepository.findTestObject(DispensaryToStore/Page_Store/select_--Select--BA1170BA2376B)): 2 options of object 'Object Repository/DispensaryToStore/Page_Store/select_--Select--BA1170BA2376B' counted

2018-06-10 00:21:56 - [MESSAGE][PASSED] - 2 options of object 'Object Repository/DispensaryToStore/Page_Store/select_--Select--BA1170BA2376B' counted

2018-06-10 00:21:56 - [TEST_STEP][PASSED] - Statement - For ([g = 1, g <= BatchNumber - 1, (g++)]): null

2018-06-10 00:21:56 - [TEST_STEP][PASSED] - selectOptionByIndex: All options with index in [1] are selected on object 'Object Repository/DispensaryToStore/Page_Store/select_--Select--BA1170BA2376B'

2018-06-10 00:21:56 - [MESSAGE][PASSED] - All options with index in [1] are selected on object 'Object Repository/DispensaryToStore/Page_Store/select_--Select--BA1170BA2376B'

2018-06-10 00:21:56 - [TEST_STEP][PASSED] - Statement - Try: null

2018-06-10 00:21:56 - [TEST_STEP][PASSED] - Statement - StockQty = com.kms.katalon.core.webui.keyword.WebUiBuiltInKeywords.getAttribute(com.kms.katalon.core.testobject.ObjectRepository.findTestObject(DispensaryToStore/Page_Store/input_txtprice), "value"): Attribute 'value' of object 'Object Repository/DispensaryToStore/Page_Store/input_txtprice' is: '1690'

2018-06-10 00:21:56 - [MESSAGE][PASSED] - Attribute 'value' of object 'Object Repository/DispensaryToStore/Page_Store/input_txtprice' is: '1690'

2018-06-10 00:21:56 - [TEST_STEP][PASSED] - Statement - out.println("Stock QTY : " + StockQty): null

2018-06-10 00:21:56 - [TEST_STEP][PASSED] - delay: Delayed 2 second(s)

2018-06-10 00:21:58 - [MESSAGE][PASSED] - Delayed 2 second(s)

2018-06-10 00:21:58 - [TEST_STEP][PASSED] - Statement - If (java.lang.String.valueOf(StockQty) >= java.lang.String.valueOf(RequestedQty)): null

2018-06-10 00:21:58 - [TEST_STEP][PASSED] - setText: Text '10' is set on object 'Object Repository/DispensaryToStore/Page_Store/input_txtqty'

2018-06-10 00:21:58 - [MESSAGE][PASSED] - Text '10' is set on object 'Object Repository/DispensaryToStore/Page_Store/input_txtqty'

2018-06-10 00:21:58 - [TEST_STEP][PASSED] - click: Object: 'Object Repository/DispensaryToStore/Page_Store/button_Add' is clicked on

2018-06-10 00:21:58 - [MESSAGE][PASSED] - Object: 'Object Repository/DispensaryToStore/Page_Store/button_Add' is clicked on

2018-06-10 00:21:58 - [TEST_STEP][PASSED] - Statement - Break: null

2018-06-10 00:21:58 - [TEST_STEP][PASSED] - selectOptionByIndex: All options with index in [9] are selected on object 'Object Repository/DispensaryToStore/Page_Store/select_--Select--Adernaline 0.'

2018-06-10 00:21:58 - [MESSAGE][PASSED] - All options with index in [9] are selected on object 'Object Repository/DispensaryToStore/Page_Store/select_--Select--Adernaline 0.'

2018-06-10 00:21:58 - [TEST_STEP][PASSED] - delay: Delayed 2 second(s)

2018-06-10 00:22:00 - [MESSAGE][PASSED] - Delayed 2 second(s)

2018-06-10 00:22:00 - [TEST_STEP][PASSED] - Statement - RequestedQty = com.kms.katalon.core.webui.keyword.WebUiBuiltInKeywords.getAttribute(com.kms.katalon.core.testobject.ObjectRepository.findTestObject(DispensaryToStore/Page_Store/input_txttotal), "value"): Attribute 'value' of object 'Object Repository/DispensaryToStore/Page_Store/input_txttotal' is: '10'

2018-06-10 00:22:00 - [MESSAGE][PASSED] - Attribute 'value' of object 'Object Repository/DispensaryToStore/Page_Store/input_txttotal' is: '10'

2018-06-10 00:22:00 - [TEST_STEP][PASSED] - Statement - out.println("Requested QTY : " + RequestedQty): null

2018-06-10 00:22:00 - [TEST_STEP][PASSED] - Statement - BatchNumber = com.kms.katalon.core.webui.keyword.WebUiBuiltInKeywords.getNumberOfTotalOption(com.kms.katalon.core.testobject.ObjectRepository.findTestObject(DispensaryToStore/Page_Store/select_--Select--BA1170BA2376B)): 5 options of object 'Object Repository/DispensaryToStore/Page_Store/select_--Select--BA1170BA2376B' counted

2018-06-10 00:22:00 - [MESSAGE][PASSED] - 5 options of object 'Object Repository/DispensaryToStore/Page_Store/select_--Select--BA1170BA2376B' counted

2018-06-10 00:22:00 - [TEST_STEP][PASSED] - Statement - For ([g = 1, g <= BatchNumber - 1, (g++)]): null

2018-06-10 00:22:00 - [TEST_STEP][PASSED] - selectOptionByIndex: All options with index in [1] are selected on object 'Object Repository/DispensaryToStore/Page_Store/select_--Select--BA1170BA2376B'

2018-06-10 00:22:01 - [MESSAGE][PASSED] - All options with index in [1] are selected on object 'Object Repository/DispensaryToStore/Page_Store/select_--Select--BA1170BA2376B'

2018-06-10 00:22:01 - [TEST_STEP][PASSED] - Statement - Try: null

2018-06-10 00:22:01 - [TEST_STEP][PASSED] - Statement - StockQty = com.kms.katalon.core.webui.keyword.WebUiBuiltInKeywords.getAttribute(com.kms.katalon.core.testobject.ObjectRepository.findTestObject(DispensaryToStore/Page_Store/input_txtprice), "value"): Attribute 'value' of object 'Object Repository/DispensaryToStore/Page_Store/input_txtprice' is: '310'

2018-06-10 00:22:01 - [MESSAGE][PASSED] - Attribute 'value' of object 'Object Repository/DispensaryToStore/Page_Store/input_txtprice' is: '310'

2018-06-10 00:22:01 - [TEST_STEP][PASSED] - Statement - out.println("Stock QTY : " + StockQty): null

2018-06-10 00:22:01 - [TEST_STEP][PASSED] - delay: Delayed 2 second(s)

2018-06-10 00:22:03 - [MESSAGE][PASSED] - Delayed 2 second(s)

2018-06-10 00:22:03 - [TEST_STEP][PASSED] - Statement - If (java.lang.String.valueOf(StockQty) >= java.lang.String.valueOf(RequestedQty)): null

2018-06-10 00:22:03 - [TEST_STEP][PASSED] - setText: Text '10' is set on object 'Object Repository/DispensaryToStore/Page_Store/input_txtqty'

2018-06-10 00:22:03 - [MESSAGE][PASSED] - Text '10' is set on object 'Object Repository/DispensaryToStore/Page_Store/input_txtqty'

2018-06-10 00:22:03 - [TEST_STEP][PASSED] - click: Object: 'Object Repository/DispensaryToStore/Page_Store/button_Add' is clicked on

2018-06-10 00:22:03 - [MESSAGE][PASSED] - Object: 'Object Repository/DispensaryToStore/Page_Store/button_Add' is clicked on

2018-06-10 00:22:03 - [TEST_STEP][PASSED] - Statement - Break: null

2018-06-10 00:22:03 - [TEST_STEP][PASSED] - selectOptionByIndex: All options with index in [10] are selected on object 'Object Repository/DispensaryToStore/Page_Store/select_--Select--Adernaline 0.'

2018-06-10 00:22:03 - [MESSAGE][PASSED] - All options with index in [10] are selected on object 'Object Repository/DispensaryToStore/Page_Store/select_--Select--Adernaline 0.'

2018-06-10 00:22:03 - [TEST_STEP][PASSED] - delay: Delayed 2 second(s)

2018-06-10 00:22:05 - [MESSAGE][PASSED] - Delayed 2 second(s)

2018-06-10 00:22:05 - [TEST_STEP][PASSED] - Statement - RequestedQty = com.kms.katalon.core.webui.keyword.WebUiBuiltInKeywords.getAttribute(com.kms.katalon.core.testobject.ObjectRepository.findTestObject(DispensaryToStore/Page_Store/input_txttotal), "value"): Attribute 'value' of object 'Object Repository/DispensaryToStore/Page_Store/input_txttotal' is: '10'

2018-06-10 00:22:05 - [MESSAGE][PASSED] - Attribute 'value' of object 'Object Repository/DispensaryToStore/Page_Store/input_txttotal' is: '10'

2018-06-10 00:22:05 - [TEST_STEP][PASSED] - Statement - out.println("Requested QTY : " + RequestedQty): null

2018-06-10 00:22:05 - [TEST_STEP][PASSED] - Statement - BatchNumber = com.kms.katalon.core.webui.keyword.WebUiBuiltInKeywords.getNumberOfTotalOption(com.kms.katalon.core.testobject.ObjectRepository.findTestObject(DispensaryToStore/Page_Store/select_--Select--BA1170BA2376B)): 4 options of object 'Object Repository/DispensaryToStore/Page_Store/select_--Select--BA1170BA2376B' counted

2018-06-10 00:22:05 - [MESSAGE][PASSED] - 4 options of object 'Object Repository/DispensaryToStore/Page_Store/select_--Select--BA1170BA2376B' counted

2018-06-10 00:22:05 - [TEST_STEP][PASSED] - Statement - For ([g = 1, g <= BatchNumber - 1, (g++)]): null

2018-06-10 00:22:05 - [TEST_STEP][PASSED] - selectOptionByIndex: All options with index in [1] are selected on object 'Object Repository/DispensaryToStore/Page_Store/select_--Select--BA1170BA2376B'

2018-06-10 00:22:05 - [MESSAGE][PASSED] - All options with index in [1] are selected on object 'Object Repository/DispensaryToStore/Page_Store/select_--Select--BA1170BA2376B'

2018-06-10 00:22:05 - [TEST_STEP][PASSED] - Statement - Try: null

2018-06-10 00:22:05 - [TEST_STEP][PASSED] - Statement - StockQty = com.kms.katalon.core.webui.keyword.WebUiBuiltInKeywords.getAttribute(com.kms.katalon.core.testobject.ObjectRepository.findTestObject(DispensaryToStore/Page_Store/input_txtprice), "value"): Attribute 'value' of object 'Object Repository/DispensaryToStore/Page_Store/input_txtprice' is: '310'

2018-06-10 00:22:05 - [MESSAGE][PASSED] - Attribute 'value' of object 'Object Repository/DispensaryToStore/Page_Store/input_txtprice' is: '310'

2018-06-10 00:22:05 - [TEST_STEP][PASSED] - Statement - out.println("Stock QTY : " + StockQty): null

2018-06-10 00:22:05 - [TEST_STEP][PASSED] - delay: Delayed 2 second(s)

2018-06-10 00:22:07 - [MESSAGE][PASSED] - Delayed 2 second(s)

2018-06-10 00:22:07 - [TEST_STEP][PASSED] - Statement - If (java.lang.String.valueOf(StockQty) >= java.lang.String.valueOf(RequestedQty)): null

2018-06-10 00:22:07 - [TEST_STEP][PASSED] - setText: Text '10' is set on object 'Object Repository/DispensaryToStore/Page_Store/input_txtqty'

2018-06-10 00:22:07 - [MESSAGE][PASSED] - Text '10' is set on object 'Object Repository/DispensaryToStore/Page_Store/input_txtqty'

2018-06-10 00:22:07 - [TEST_STEP][PASSED] - click: Object: 'Object Repository/DispensaryToStore/Page_Store/button_Add' is clicked on

2018-06-10 00:22:07 - [MESSAGE][PASSED] - Object: 'Object Repository/DispensaryToStore/Page_Store/button_Add' is clicked on

2018-06-10 00:22:07 - [TEST_STEP][PASSED] - Statement - Break: null

2018-06-10 00:22:07 - [TEST_STEP][PASSED] - selectOptionByIndex: All options with index in [11] are selected on object 'Object Repository/DispensaryToStore/Page_Store/select_--Select--Adernaline 0.'

2018-06-10 00:22:08 - [MESSAGE][PASSED] - All options with index in [11] are selected on object 'Object Repository/DispensaryToStore/Page_Store/select_--Select--Adernaline 0.'

2018-06-10 00:22:08 - [TEST_STEP][PASSED] - delay: Delayed 2 second(s)

2018-06-10 00:22:10 - [MESSAGE][PASSED] - Delayed 2 second(s)

2018-06-10 00:22:10 - [TEST_STEP][PASSED] - Statement - RequestedQty = com.kms.katalon.core.webui.keyword.WebUiBuiltInKeywords.getAttribute(com.kms.katalon.core.testobject.ObjectRepository.findTestObject(DispensaryToStore/Page_Store/input_txttotal), "value"): Attribute 'value' of object 'Object Repository/DispensaryToStore/Page_Store/input_txttotal' is: '10'

2018-06-10 00:22:10 - [MESSAGE][PASSED] - Attribute 'value' of object 'Object Repository/DispensaryToStore/Page_Store/input_txttotal' is: '10'

2018-06-10 00:22:10 - [TEST_STEP][PASSED] - Statement - out.println("Requested QTY : " + RequestedQty): null

2018-06-10 00:22:10 - [TEST_STEP][PASSED] - Statement - BatchNumber = com.kms.katalon.core.webui.keyword.WebUiBuiltInKeywords.getNumberOfTotalOption(com.kms.katalon.core.testobject.ObjectRepository.findTestObject(DispensaryToStore/Page_Store/select_--Select--BA1170BA2376B)): 3 options of object 'Object Repository/DispensaryToStore/Page_Store/select_--Select--BA1170BA2376B' counted

2018-06-10 00:22:10 - [MESSAGE][PASSED] - 3 options of object 'Object Repository/DispensaryToStore/Page_Store/select_--Select--BA1170BA2376B' counted

2018-06-10 00:22:10 - [TEST_STEP][PASSED] - Statement - For ([g = 1, g <= BatchNumber - 1, (g++)]): null

2018-06-10 00:22:10 - [TEST_STEP][PASSED] - selectOptionByIndex: All options with index in [1] are selected on object 'Object Repository/DispensaryToStore/Page_Store/select_--Select--BA1170BA2376B'

2018-06-10 00:22:10 - [MESSAGE][PASSED] - All options with index in [1] are selected on object 'Object Repository/DispensaryToStore/Page_Store/select_--Select--BA1170BA2376B'

2018-06-10 00:22:10 - [TEST_STEP][PASSED] - Statement - Try: null

2018-06-10 00:22:10 - [TEST_STEP][PASSED] - Statement - StockQty = com.kms.katalon.core.webui.keyword.WebUiBuiltInKeywords.getAttribute(com.kms.katalon.core.testobject.ObjectRepository.findTestObject(DispensaryToStore/Page_Store/input_txtprice), "value"): Attribute 'value' of object 'Object Repository/DispensaryToStore/Page_Store/input_txtprice' is: ''

2018-06-10 00:22:10 - [MESSAGE][PASSED] - Attribute 'value' of object 'Object Repository/DispensaryToStore/Page_Store/input_txtprice' is: ''

2018-06-10 00:22:10 - [TEST_STEP][PASSED] - Statement - out.println("Stock QTY : " + StockQty): null

2018-06-10 00:22:10 - [TEST_STEP][PASSED] - delay: Delayed 2 second(s)

2018-06-10 00:22:12 - [MESSAGE][PASSED] - Delayed 2 second(s)

2018-06-10 00:22:12 - [TEST_STEP][PASSED] - Statement - If (java.lang.String.valueOf(StockQty) >= java.lang.String.valueOf(RequestedQty)): null

2018-06-10 00:22:12 - [TEST_STEP][PASSED] - Statement - Else: null

2018-06-10 00:22:12 - [TEST_STEP][PASSED] - Statement - out.println("Stock Is Less Than Requested Qty"): null

2018-06-10 00:22:12 - [TEST_STEP][PASSED] - selectOptionByIndex: All options with index in [2] are selected on object 'Object Repository/DispensaryToStore/Page_Store/select_--Select--BA1170BA2376B'

2018-06-10 00:22:12 - [MESSAGE][PASSED] - All options with index in [2] are selected on object 'Object Repository/DispensaryToStore/Page_Store/select_--Select--BA1170BA2376B'

2018-06-10 00:22:12 - [TEST_STEP][PASSED] - Statement - Try: null

2018-06-10 00:22:12 - [TEST_STEP][PASSED] - Statement - StockQty = com.kms.katalon.core.webui.keyword.WebUiBuiltInKeywords.getAttribute(com.kms.katalon.core.testobject.ObjectRepository.findTestObject(DispensaryToStore/Page_Store/input_txtprice), "value"): Attribute 'value' of object 'Object Repository/DispensaryToStore/Page_Store/input_txtprice' is: '1090'

2018-06-10 00:22:12 - [MESSAGE][PASSED] - Attribute 'value' of object 'Object Repository/DispensaryToStore/Page_Store/input_txtprice' is: '1090'

2018-06-10 00:22:12 - [TEST_STEP][PASSED] - Statement - out.println("Stock QTY : " + StockQty): null

2018-06-10 00:22:12 - [TEST_STEP][PASSED] - delay: Delayed 2 second(s)

2018-06-10 00:22:14 - [MESSAGE][PASSED] - Delayed 2 second(s)

2018-06-10 00:22:14 - [TEST_STEP][PASSED] - Statement - If (java.lang.String.valueOf(StockQty) >= java.lang.String.valueOf(RequestedQty)): null

2018-06-10 00:22:14 - [TEST_STEP][PASSED] - setText: Text '10' is set on object 'Object Repository/DispensaryToStore/Page_Store/input_txtqty'

2018-06-10 00:22:14 - [MESSAGE][PASSED] - Text '10' is set on object 'Object Repository/DispensaryToStore/Page_Store/input_txtqty'

2018-06-10 00:22:14 - [TEST_STEP][PASSED] - click: Object: 'Object Repository/DispensaryToStore/Page_Store/button_Add' is clicked on

2018-06-10 00:22:14 - [MESSAGE][PASSED] - Object: 'Object Repository/DispensaryToStore/Page_Store/button_Add' is clicked on

2018-06-10 00:22:14 - [TEST_STEP][PASSED] - Statement - Break: null

2018-06-10 00:22:14 - [TEST_STEP][PASSED] - selectOptionByIndex: All options with index in [12] are selected on object 'Object Repository/DispensaryToStore/Page_Store/select_--Select--Adernaline 0.'

2018-06-10 00:22:14 - [MESSAGE][PASSED] - All options with index in [12] are selected on object 'Object Repository/DispensaryToStore/Page_Store/select_--Select--Adernaline 0.'

2018-06-10 00:22:14 - [TEST_STEP][PASSED] - delay: Delayed 2 second(s)

2018-06-10 00:22:16 - [MESSAGE][PASSED] - Delayed 2 second(s)

2018-06-10 00:22:16 - [TEST_STEP][PASSED] - Statement - RequestedQty = com.kms.katalon.core.webui.keyword.WebUiBuiltInKeywords.getAttribute(com.kms.katalon.core.testobject.ObjectRepository.findTestObject(DispensaryToStore/Page_Store/input_txttotal), "value"): Attribute 'value' of object 'Object Repository/DispensaryToStore/Page_Store/input_txttotal' is: '10'

2018-06-10 00:22:16 - [MESSAGE][PASSED] - Attribute 'value' of object 'Object Repository/DispensaryToStore/Page_Store/input_txttotal' is: '10'

2018-06-10 00:22:16 - [TEST_STEP][PASSED] - Statement - out.println("Requested QTY : " + RequestedQty): null

2018-06-10 00:22:16 - [TEST_STEP][PASSED] - Statement - BatchNumber = com.kms.katalon.core.webui.keyword.WebUiBuiltInKeywords.getNumberOfTotalOption(com.kms.katalon.core.testobject.ObjectRepository.findTestObject(DispensaryToStore/Page_Store/select_--Select--BA1170BA2376B)): 3 options of object 'Object Repository/DispensaryToStore/Page_Store/select_--Select--BA1170BA2376B' counted

2018-06-10 00:22:16 - [MESSAGE][PASSED] - 3 options of object 'Object Repository/DispensaryToStore/Page_Store/select_--Select--BA1170BA2376B' counted

2018-06-10 00:22:16 - [TEST_STEP][PASSED] - Statement - For ([g = 1, g <= BatchNumber - 1, (g++)]): null

2018-06-10 00:22:16 - [TEST_STEP][PASSED] - selectOptionByIndex: All options with index in [1] are selected on object 'Object Repository/DispensaryToStore/Page_Store/select_--Select--BA1170BA2376B'

2018-06-10 00:22:17 - [MESSAGE][PASSED] - All options with index in [1] are selected on object 'Object Repository/DispensaryToStore/Page_Store/select_--Select--BA1170BA2376B'

2018-06-10 00:22:17 - [TEST_STEP][PASSED] - Statement - Try: null

2018-06-10 00:22:17 - [TEST_STEP][PASSED] - Statement - StockQty = com.kms.katalon.core.webui.keyword.WebUiBuiltInKeywords.getAttribute(com.kms.katalon.core.testobject.ObjectRepository.findTestObject(DispensaryToStore/Page_Store/input_txtprice), "value"): Attribute 'value' of object 'Object Repository/DispensaryToStore/Page_Store/input_txtprice' is: '300'

2018-06-10 00:22:17 - [MESSAGE][PASSED] - Attribute 'value' of object 'Object Repository/DispensaryToStore/Page_Store/input_txtprice' is: '300'

2018-06-10 00:22:17 - [TEST_STEP][PASSED] - Statement - out.println("Stock QTY : " + StockQty): null

2018-06-10 00:22:17 - [TEST_STEP][PASSED] - delay: Delayed 2 second(s)

2018-06-10 00:22:19 - [MESSAGE][PASSED] - Delayed 2 second(s)

2018-06-10 00:22:19 - [TEST_STEP][PASSED] - Statement - If (java.lang.String.valueOf(StockQty) >= java.lang.String.valueOf(RequestedQty)): null

2018-06-10 00:22:19 - [TEST_STEP][PASSED] - setText: Text '10' is set on object 'Object Repository/DispensaryToStore/Page_Store/input_txtqty'

2018-06-10 00:22:19 - [MESSAGE][PASSED] - Text '10' is set on object 'Object Repository/DispensaryToStore/Page_Store/input_txtqty'

2018-06-10 00:22:19 - [TEST_STEP][PASSED] - click: Object: 'Object Repository/DispensaryToStore/Page_Store/button_Add' is clicked on

2018-06-10 00:22:19 - [MESSAGE][PASSED] - Object: 'Object Repository/DispensaryToStore/Page_Store/button_Add' is clicked on

2018-06-10 00:22:19 - [TEST_STEP][PASSED] - Statement - Break: null

2018-06-10 00:22:19 - [TEST_STEP][PASSED] - selectOptionByIndex: All options with index in [13] are selected on object 'Object Repository/DispensaryToStore/Page_Store/select_--Select--Adernaline 0.'

2018-06-10 00:22:19 - [MESSAGE][PASSED] - All options with index in [13] are selected on object 'Object Repository/DispensaryToStore/Page_Store/select_--Select--Adernaline 0.'

2018-06-10 00:22:19 - [TEST_STEP][PASSED] - delay: Delayed 2 second(s)

2018-06-10 00:22:21 - [MESSAGE][PASSED] - Delayed 2 second(s)

2018-06-10 00:22:21 - [TEST_STEP][PASSED] - Statement - RequestedQty = com.kms.katalon.core.webui.keyword.WebUiBuiltInKeywords.getAttribute(com.kms.katalon.core.testobject.ObjectRepository.findTestObject(DispensaryToStore/Page_Store/input_txttotal), "value"): Attribute 'value' of object 'Object Repository/DispensaryToStore/Page_Store/input_txttotal' is: '10'

2018-06-10 00:22:21 - [MESSAGE][PASSED] - Attribute 'value' of object 'Object Repository/DispensaryToStore/Page_Store/input_txttotal' is: '10'

2018-06-10 00:22:21 - [TEST_STEP][PASSED] - Statement - out.println("Requested QTY : " + RequestedQty): null

2018-06-10 00:22:21 - [TEST_STEP][PASSED] - Statement - BatchNumber = com.kms.katalon.core.webui.keyword.WebUiBuiltInKeywords.getNumberOfTotalOption(com.kms.katalon.core.testobject.ObjectRepository.findTestObject(DispensaryToStore/Page_Store/select_--Select--BA1170BA2376B)): 3 options of object 'Object Repository/DispensaryToStore/Page_Store/select_--Select--BA1170BA2376B' counted

2018-06-10 00:22:21 - [MESSAGE][PASSED] - 3 options of object 'Object Repository/DispensaryToStore/Page_Store/select_--Select--BA1170BA2376B' counted

2018-06-10 00:22:21 - [TEST_STEP][PASSED] - Statement - For ([g = 1, g <= BatchNumber - 1, (g++)]): null

2018-06-10 00:22:21 - [TEST_STEP][PASSED] - selectOptionByIndex: All options with index in [1] are selected on object 'Object Repository/DispensaryToStore/Page_Store/select_--Select--BA1170BA2376B'

2018-06-10 00:22:21 - [MESSAGE][PASSED] - All options with index in [1] are selected on object 'Object Repository/DispensaryToStore/Page_Store/select_--Select--BA1170BA2376B'

2018-06-10 00:22:21 - [TEST_STEP][PASSED] - Statement - Try: null

2018-06-10 00:22:21 - [TEST_STEP][PASSED] - Statement - StockQty = com.kms.katalon.core.webui.keyword.WebUiBuiltInKeywords.getAttribute(com.kms.katalon.core.testobject.ObjectRepository.findTestObject(DispensaryToStore/Page_Store/input_txtprice), "value"): Attribute 'value' of object 'Object Repository/DispensaryToStore/Page_Store/input_txtprice' is: '1590'

2018-06-10 00:22:21 - [MESSAGE][PASSED] - Attribute 'value' of object 'Object Repository/DispensaryToStore/Page_Store/input_txtprice' is: '1590'

2018-06-10 00:22:21 - [TEST_STEP][PASSED] - Statement - out.println("Stock QTY : " + StockQty): null

2018-06-10 00:22:21 - [TEST_STEP][PASSED] - delay: Delayed 2 second(s)

2018-06-10 00:22:23 - [MESSAGE][PASSED] - Delayed 2 second(s)

2018-06-10 00:22:23 - [TEST_STEP][PASSED] - Statement - If (java.lang.String.valueOf(StockQty) >= java.lang.String.valueOf(RequestedQty)): null

2018-06-10 00:22:23 - [TEST_STEP][PASSED] - setText: Text '10' is set on object 'Object Repository/DispensaryToStore/Page_Store/input_txtqty'

2018-06-10 00:22:23 - [MESSAGE][PASSED] - Text '10' is set on object 'Object Repository/DispensaryToStore/Page_Store/input_txtqty'

2018-06-10 00:22:23 - [TEST_STEP][PASSED] - click: Object: 'Object Repository/DispensaryToStore/Page_Store/button_Add' is clicked on

2018-06-10 00:22:23 - [MESSAGE][PASSED] - Object: 'Object Repository/DispensaryToStore/Page_Store/button_Add' is clicked on

2018-06-10 00:22:23 - [TEST_STEP][PASSED] - Statement - Break: null

2018-06-10 00:22:23 - [TEST_STEP][PASSED] - selectOptionByIndex: All options with index in [14] are selected on object 'Object Repository/DispensaryToStore/Page_Store/select_--Select--Adernaline 0.'

2018-06-10 00:22:24 - [MESSAGE][PASSED] - All options with index in [14] are selected on object 'Object Repository/DispensaryToStore/Page_Store/select_--Select--Adernaline 0.'

2018-06-10 00:22:24 - [TEST_STEP][PASSED] - delay: Delayed 2 second(s)

2018-06-10 00:22:26 - [MESSAGE][PASSED] - Delayed 2 second(s)

2018-06-10 00:22:26 - [TEST_STEP][PASSED] - Statement - RequestedQty = com.kms.katalon.core.webui.keyword.WebUiBuiltInKeywords.getAttribute(com.kms.katalon.core.testobject.ObjectRepository.findTestObject(DispensaryToStore/Page_Store/input_txttotal), "value"): Attribute 'value' of object 'Object Repository/DispensaryToStore/Page_Store/input_txttotal' is: '10'

2018-06-10 00:22:26 - [MESSAGE][PASSED] - Attribute 'value' of object 'Object Repository/DispensaryToStore/Page_Store/input_txttotal' is: '10'

2018-06-10 00:22:26 - [TEST_STEP][PASSED] - Statement - out.println("Requested QTY : " + RequestedQty): null

2018-06-10 00:22:26 - [TEST_STEP][PASSED] - Statement - BatchNumber = com.kms.katalon.core.webui.keyword.WebUiBuiltInKeywords.getNumberOfTotalOption(com.kms.katalon.core.testobject.ObjectRepository.findTestObject(DispensaryToStore/Page_Store/select_--Select--BA1170BA2376B)): 4 options of object 'Object Repository/DispensaryToStore/Page_Store/select_--Select--BA1170BA2376B' counted

2018-06-10 00:22:26 - [MESSAGE][PASSED] - 4 options of object 'Object Repository/DispensaryToStore/Page_Store/select_--Select--BA1170BA2376B' counted

2018-06-10 00:22:26 - [TEST_STEP][PASSED] - Statement - For ([g = 1, g <= BatchNumber - 1, (g++)]): null

2018-06-10 00:22:26 - [TEST_STEP][PASSED] - selectOptionByIndex: All options with index in [1] are selected on object 'Object Repository/DispensaryToStore/Page_Store/select_--Select--BA1170BA2376B'

2018-06-10 00:22:26 - [MESSAGE][PASSED] - All options with index in [1] are selected on object 'Object Repository/DispensaryToStore/Page_Store/select_--Select--BA1170BA2376B'

2018-06-10 00:22:26 - [TEST_STEP][PASSED] - Statement - Try: null

2018-06-10 00:22:26 - [TEST_STEP][PASSED] - Statement - StockQty = com.kms.katalon.core.webui.keyword.WebUiBuiltInKeywords.getAttribute(com.kms.katalon.core.testobject.ObjectRepository.findTestObject(DispensaryToStore/Page_Store/input_txtprice), "value"): Attribute 'value' of object 'Object Repository/DispensaryToStore/Page_Store/input_txtprice' is: '350'

2018-06-10 00:22:26 - [MESSAGE][PASSED] - Attribute 'value' of object 'Object Repository/DispensaryToStore/Page_Store/input_txtprice' is: '350'

2018-06-10 00:22:26 - [TEST_STEP][PASSED] - Statement - out.println("Stock QTY : " + StockQty): null

2018-06-10 00:22:26 - [TEST_STEP][PASSED] - delay: Delayed 2 second(s)

2018-06-10 00:22:28 - [MESSAGE][PASSED] - Delayed 2 second(s)

2018-06-10 00:22:28 - [TEST_STEP][PASSED] - Statement - If (java.lang.String.valueOf(StockQty) >= java.lang.String.valueOf(RequestedQty)): null

2018-06-10 00:22:28 - [TEST_STEP][PASSED] - setText: Text '10' is set on object 'Object Repository/DispensaryToStore/Page_Store/input_txtqty'

2018-06-10 00:22:28 - [MESSAGE][PASSED] - Text '10' is set on object 'Object Repository/DispensaryToStore/Page_Store/input_txtqty'

2018-06-10 00:22:28 - [TEST_STEP][PASSED] - click: Object: 'Object Repository/DispensaryToStore/Page_Store/button_Add' is clicked on

2018-06-10 00:22:28 - [MESSAGE][PASSED] - Object: 'Object Repository/DispensaryToStore/Page_Store/button_Add' is clicked on

2018-06-10 00:22:28 - [TEST_STEP][PASSED] - Statement - Break: null

2018-06-10 00:22:28 - [TEST_STEP][PASSED] - selectOptionByIndex: All options with index in [15] are selected on object 'Object Repository/DispensaryToStore/Page_Store/select_--Select--Adernaline 0.'

2018-06-10 00:22:28 - [MESSAGE][PASSED] - All options with index in [15] are selected on object 'Object Repository/DispensaryToStore/Page_Store/select_--Select--Adernaline 0.'

2018-06-10 00:22:28 - [TEST_STEP][PASSED] - delay: Delayed 2 second(s)

2018-06-10 00:22:30 - [MESSAGE][PASSED] - Delayed 2 second(s)

2018-06-10 00:22:30 - [TEST_STEP][PASSED] - Statement - RequestedQty = com.kms.katalon.core.webui.keyword.WebUiBuiltInKeywords.getAttribute(com.kms.katalon.core.testobject.ObjectRepository.findTestObject(DispensaryToStore/Page_Store/input_txttotal), "value"): Attribute 'value' of object 'Object Repository/DispensaryToStore/Page_Store/input_txttotal' is: '10'

2018-06-10 00:22:30 - [MESSAGE][PASSED] - Attribute 'value' of object 'Object Repository/DispensaryToStore/Page_Store/input_txttotal' is: '10'

2018-06-10 00:22:30 - [TEST_STEP][PASSED] - Statement - out.println("Requested QTY : " + RequestedQty): null

2018-06-10 00:22:30 - [TEST_STEP][PASSED] - Statement - BatchNumber = com.kms.katalon.core.webui.keyword.WebUiBuiltInKeywords.getNumberOfTotalOption(com.kms.katalon.core.testobject.ObjectRepository.findTestObject(DispensaryToStore/Page_Store/select_--Select--BA1170BA2376B)): 5 options of object 'Object Repository/DispensaryToStore/Page_Store/select_--Select--BA1170BA2376B' counted

2018-06-10 00:22:30 - [MESSAGE][PASSED] - 5 options of object 'Object Repository/DispensaryToStore/Page_Store/select_--Select--BA1170BA2376B' counted

2018-06-10 00:22:30 - [TEST_STEP][PASSED] - Statement - For ([g = 1, g <= BatchNumber - 1, (g++)]): null

2018-06-10 00:22:30 - [TEST_STEP][PASSED] - selectOptionByIndex: All options with index in [1] are selected on object 'Object Repository/DispensaryToStore/Page_Store/select_--Select--BA1170BA2376B'

2018-06-10 00:22:30 - [MESSAGE][PASSED] - All options with index in [1] are selected on object 'Object Repository/DispensaryToStore/Page_Store/select_--Select--BA1170BA2376B'

2018-06-10 00:22:30 - [TEST_STEP][PASSED] - Statement - Try: null

2018-06-10 00:22:30 - [TEST_STEP][PASSED] - Statement - StockQty = com.kms.katalon.core.webui.keyword.WebUiBuiltInKeywords.getAttribute(com.kms.katalon.core.testobject.ObjectRepository.findTestObject(DispensaryToStore/Page_Store/input_txtprice), "value"): Attribute 'value' of object 'Object Repository/DispensaryToStore/Page_Store/input_txtprice' is: '670'

2018-06-10 00:22:30 - [MESSAGE][PASSED] - Attribute 'value' of object 'Object Repository/DispensaryToStore/Page_Store/input_txtprice' is: '670'

2018-06-10 00:22:30 - [TEST_STEP][PASSED] - Statement - out.println("Stock QTY : " + StockQty): null

2018-06-10 00:22:30 - [TEST_STEP][PASSED] - delay: Delayed 2 second(s)

2018-06-10 00:22:32 - [MESSAGE][PASSED] - Delayed 2 second(s)

2018-06-10 00:22:32 - [TEST_STEP][PASSED] - Statement - If (java.lang.String.valueOf(StockQty) >= java.lang.String.valueOf(RequestedQty)): null

2018-06-10 00:22:32 - [TEST_STEP][PASSED] - setText: Text '10' is set on object 'Object Repository/DispensaryToStore/Page_Store/input_txtqty'

2018-06-10 00:22:33 - [MESSAGE][PASSED] - Text '10' is set on object 'Object Repository/DispensaryToStore/Page_Store/input_txtqty'

2018-06-10 00:22:33 - [TEST_STEP][PASSED] - click: Object: 'Object Repository/DispensaryToStore/Page_Store/button_Add' is clicked on

2018-06-10 00:22:33 - [MESSAGE][PASSED] - Object: 'Object Repository/DispensaryToStore/Page_Store/button_Add' is clicked on

2018-06-10 00:22:33 - [TEST_STEP][PASSED] - Statement - Break: null

2018-06-10 00:22:33 - [TEST_STEP][PASSED] - scrollToElement: Scroll to object 'Object Repository/DispensaryToStore/Page_Store/input_btnSubmit' successfully

2018-06-10 00:22:33 - [MESSAGE][PASSED] - Scroll to object 'Object Repository/DispensaryToStore/Page_Store/input_btnSubmit' successfully

2018-06-10 00:22:33 - [TEST_STEP][PASSED] - click: Object: 'Object Repository/DispensaryToStore/Page_Store/input_btnSubmit' is clicked on

2018-06-10 00:22:33 - [MESSAGE][PASSED] - Object: 'Object Repository/DispensaryToStore/Page_Store/input_btnSubmit' is clicked on

2018-06-10 00:22:33 - [TEST_STEP][PASSED] - delay: Delayed 3 second(s)

2018-06-10 00:22:36 - [MESSAGE][PASSED] - Delayed 3 second(s)

2018-06-10 00:22:36 - [TEST_STEP][PASSED] - click: Object: 'Object Repository/DispensaryToStore/Page_Store/button_OK' is clicked on

2018-06-10 00:22:37 - [MESSAGE][PASSED] - Object: 'Object Repository/DispensaryToStore/Page_Store/button_OK' is clicked on

2018-06-10 00:22:37 - [TEST_STEP][PASSED] - delay: Delayed 3 second(s)

2018-06-10 00:22:40 - [MESSAGE][PASSED] - Delayed 3 second(s)

2018-06-10 00:22:40 - [TEST_STEP][PASSED] - waitForElementPresent: Object 'Object Repository/DispensaryToStore/Page_Dispensary Store/a_dropdown-toggle' is present

2018-06-10 00:22:40 - [MESSAGE][PASSED] - Object 'Object Repository/DispensaryToStore/Page_Dispensary Store/a_dropdown-toggle' is present

2018-06-10 00:22:40 - [TEST_STEP][PASSED] - click: Object: 'Object Repository/DispensaryToStore/Page_Store/a_dropdown-toggle' is clicked on

2018-06-10 00:22:40 - [MESSAGE][PASSED] - Object: 'Object Repository/DispensaryToStore/Page_Store/a_dropdown-toggle' is clicked on

2018-06-10 00:22:40 - [TEST_STEP][PASSED] - click: Object: 'Object Repository/DispensaryToStore/Page_Store/a_Sign out' is clicked on

2018-06-10 00:22:40 - [MESSAGE][PASSED] - Object: 'Object Repository/DispensaryToStore/Page_Store/a_Sign out' is clicked on

2018-06-10 00:22:40 - [TEST_STEP][PASSED] - closeBrowser: Browser is closed

2018-06-10 00:22:41 - [MESSAGE][PASSED] - Browser is closed]]></system-out>
         <system-err><![CDATA[]]></system-err>
      </testcase>
      <testcase name="Test Cases/DISPENSARY TEST CASES/TC_DP_005 Verify Schedule 5 Dispensary Request Are Working Successfully Or Not" classname="Test Cases/DISPENSARY TEST CASES/TC_DP_005 Verify Schedule 5 Dispensary Request Are Working Successfully Or Not" status="PASSED">
         <system-out><![CDATA[2018-06-10 00:22:41 - [TEST_CASE][PASSED] - Test Cases/DISPENSARY TEST CASES/TC_DP_005 Verify Schedule 5 Dispensary Request Are Working Successfully Or Not: Test Cases/DISPENSARY TEST CASES/TC_DP_005 Verify Schedule 5 Dispensary Request Are Working Successfully Or Not

2018-06-10 00:22:41 - [TEST_STEP][PASSED] - openBrowser: Browser is opened with url: ''

2018-06-10 00:22:43 - [MESSAGE][PASSED] - Browser is opened with url: ''

2018-06-10 00:22:43 - [TEST_STEP][PASSED] - navigateToUrl: Navigate to 'http://192.168.137.1/multihospital_new/HDSplashscreen.aspx' successfully

2018-06-10 00:22:44 - [MESSAGE][PASSED] - Navigate to 'http://192.168.137.1/multihospital_new/HDSplashscreen.aspx' successfully

2018-06-10 00:22:44 - [TEST_STEP][PASSED] - maximizeWindow: Current window maximized

2018-06-10 00:22:46 - [MESSAGE][PASSED] - Current window maximized

2018-06-10 00:22:46 - [TEST_STEP][PASSED] - click: Object: 'Object Repository/DispensaryToStore/Page_KDMC/a_Dispensary Store' is clicked on

2018-06-10 00:22:46 - [MESSAGE][PASSED] - Object: 'Object Repository/DispensaryToStore/Page_KDMC/a_Dispensary Store' is clicked on

2018-06-10 00:22:46 - [TEST_STEP][PASSED] - setText: Text 'rajaram' is set on object 'Object Repository/DispensaryToStore/Page_Dispensary Store Login/input_txtusername'

2018-06-10 00:22:46 - [MESSAGE][PASSED] - Text 'rajaram' is set on object 'Object Repository/DispensaryToStore/Page_Dispensary Store Login/input_txtusername'

2018-06-10 00:22:46 - [TEST_STEP][PASSED] - setText: Text '123' is set on object 'Object Repository/DispensaryToStore/Page_Dispensary Store Login/input_txtpassword'

2018-06-10 00:22:47 - [MESSAGE][PASSED] - Text '123' is set on object 'Object Repository/DispensaryToStore/Page_Dispensary Store Login/input_txtpassword'

2018-06-10 00:22:47 - [TEST_STEP][PASSED] - delay: Delayed 3 second(s)

2018-06-10 00:22:50 - [MESSAGE][PASSED] - Delayed 3 second(s)

2018-06-10 00:22:50 - [TEST_STEP][PASSED] - sendKeys: Keys 'ENTER + ' sent to object: 'Object Repository/DispensaryToStore/Page_Dispensary Store Login/input_txtpassword'

2018-06-10 00:22:50 - [MESSAGE][PASSED] - Keys 'ENTER + ' sent to object: 'Object Repository/DispensaryToStore/Page_Dispensary Store Login/input_txtpassword'

2018-06-10 00:22:50 - [TEST_STEP][PASSED] - delay: Delayed 3 second(s)

2018-06-10 00:22:53 - [MESSAGE][PASSED] - Delayed 3 second(s)

2018-06-10 00:22:53 - [TEST_STEP][PASSED] - click: Object: 'Object Repository/DispensaryToStore/Page_Dispensary Store/a_Request to Store' is clicked on

2018-06-10 00:22:53 - [MESSAGE][PASSED] - Object: 'Object Repository/DispensaryToStore/Page_Dispensary Store/a_Request to Store' is clicked on

2018-06-10 00:22:53 - [TEST_STEP][PASSED] - click: Object: 'Object Repository/DispensaryToStore/Page_Dispensary Store/a_Medicine Request' is clicked on

2018-06-10 00:22:54 - [MESSAGE][PASSED] - Object: 'Object Repository/DispensaryToStore/Page_Dispensary Store/a_Medicine Request' is clicked on

2018-06-10 00:22:54 - [TEST_STEP][PASSED] - selectOptionByIndex: All options with index in [5] are selected on object 'Object Repository/DispensaryToStore/Page_Dispensary Store/select_--Select--Schedule 1Inj'

2018-06-10 00:22:54 - [MESSAGE][PASSED] - All options with index in [5] are selected on object 'Object Repository/DispensaryToStore/Page_Dispensary Store/select_--Select--Schedule 1Inj'

2018-06-10 00:22:54 - [TEST_STEP][PASSED] - Statement - medicineslength = com.kms.katalon.core.webui.keyword.WebUiBuiltInKeywords.getNumberOfTotalOption(com.kms.katalon.core.testobject.ObjectRepository.findTestObject(DispensaryToStore/Page_Dispensary Store/select_--Select--Adernaline 0.)): 17 options of object 'Object Repository/DispensaryToStore/Page_Dispensary Store/select_--Select--Adernaline 0.' counted

2018-06-10 00:22:54 - [MESSAGE][PASSED] - 17 options of object 'Object Repository/DispensaryToStore/Page_Dispensary Store/select_--Select--Adernaline 0.' counted

2018-06-10 00:22:54 - [TEST_STEP][PASSED] - Statement - For ([e = 1, e <= medicineslength - 1, (e++)]): Object: 'Object Repository/DispensaryToStore/Page_Dispensary Store/button_Add' is clicked on

2018-06-10 00:22:54 - [TEST_STEP][PASSED] - selectOptionByIndex: All options with index in [5] are selected on object 'Object Repository/DispensaryToStore/Page_Dispensary Store/select_--Select--Schedule 1Inj'

2018-06-10 00:22:54 - [MESSAGE][PASSED] - All options with index in [5] are selected on object 'Object Repository/DispensaryToStore/Page_Dispensary Store/select_--Select--Schedule 1Inj'

2018-06-10 00:22:54 - [TEST_STEP][PASSED] - selectOptionByIndex: All options with index in [1] are selected on object 'Object Repository/DispensaryToStore/Page_Dispensary Store/select_--Select--Adernaline 0.'

2018-06-10 00:22:55 - [MESSAGE][PASSED] - All options with index in [1] are selected on object 'Object Repository/DispensaryToStore/Page_Dispensary Store/select_--Select--Adernaline 0.'

2018-06-10 00:22:55 - [TEST_STEP][PASSED] - setText: Text '10' is set on object 'Object Repository/DispensaryToStore/Page_Dispensary Store/input_txttreat'

2018-06-10 00:22:55 - [MESSAGE][PASSED] - Text '10' is set on object 'Object Repository/DispensaryToStore/Page_Dispensary Store/input_txttreat'

2018-06-10 00:22:55 - [TEST_STEP][PASSED] - click: Object: 'Object Repository/DispensaryToStore/Page_Dispensary Store/button_Add' is clicked on

2018-06-10 00:22:55 - [MESSAGE][PASSED] - Object: 'Object Repository/DispensaryToStore/Page_Dispensary Store/button_Add' is clicked on

2018-06-10 00:22:55 - [TEST_STEP][PASSED] - selectOptionByIndex: All options with index in [5] are selected on object 'Object Repository/DispensaryToStore/Page_Dispensary Store/select_--Select--Schedule 1Inj'

2018-06-10 00:22:55 - [MESSAGE][PASSED] - All options with index in [5] are selected on object 'Object Repository/DispensaryToStore/Page_Dispensary Store/select_--Select--Schedule 1Inj'

2018-06-10 00:22:55 - [TEST_STEP][PASSED] - selectOptionByIndex: All options with index in [2] are selected on object 'Object Repository/DispensaryToStore/Page_Dispensary Store/select_--Select--Adernaline 0.'

2018-06-10 00:22:55 - [MESSAGE][PASSED] - All options with index in [2] are selected on object 'Object Repository/DispensaryToStore/Page_Dispensary Store/select_--Select--Adernaline 0.'

2018-06-10 00:22:55 - [TEST_STEP][PASSED] - setText: Text '10' is set on object 'Object Repository/DispensaryToStore/Page_Dispensary Store/input_txttreat'

2018-06-10 00:22:55 - [MESSAGE][PASSED] - Text '10' is set on object 'Object Repository/DispensaryToStore/Page_Dispensary Store/input_txttreat'

2018-06-10 00:22:55 - [TEST_STEP][PASSED] - click: Object: 'Object Repository/DispensaryToStore/Page_Dispensary Store/button_Add' is clicked on

2018-06-10 00:22:55 - [MESSAGE][PASSED] - Object: 'Object Repository/DispensaryToStore/Page_Dispensary Store/button_Add' is clicked on

2018-06-10 00:22:55 - [TEST_STEP][PASSED] - selectOptionByIndex: All options with index in [5] are selected on object 'Object Repository/DispensaryToStore/Page_Dispensary Store/select_--Select--Schedule 1Inj'

2018-06-10 00:22:55 - [MESSAGE][PASSED] - All options with index in [5] are selected on object 'Object Repository/DispensaryToStore/Page_Dispensary Store/select_--Select--Schedule 1Inj'

2018-06-10 00:22:55 - [TEST_STEP][PASSED] - selectOptionByIndex: All options with index in [3] are selected on object 'Object Repository/DispensaryToStore/Page_Dispensary Store/select_--Select--Adernaline 0.'

2018-06-10 00:22:56 - [MESSAGE][PASSED] - All options with index in [3] are selected on object 'Object Repository/DispensaryToStore/Page_Dispensary Store/select_--Select--Adernaline 0.'

2018-06-10 00:22:56 - [TEST_STEP][PASSED] - setText: Text '10' is set on object 'Object Repository/DispensaryToStore/Page_Dispensary Store/input_txttreat'

2018-06-10 00:22:56 - [MESSAGE][PASSED] - Text '10' is set on object 'Object Repository/DispensaryToStore/Page_Dispensary Store/input_txttreat'

2018-06-10 00:22:56 - [TEST_STEP][PASSED] - click: Object: 'Object Repository/DispensaryToStore/Page_Dispensary Store/button_Add' is clicked on

2018-06-10 00:22:56 - [MESSAGE][PASSED] - Object: 'Object Repository/DispensaryToStore/Page_Dispensary Store/button_Add' is clicked on

2018-06-10 00:22:56 - [TEST_STEP][PASSED] - selectOptionByIndex: All options with index in [5] are selected on object 'Object Repository/DispensaryToStore/Page_Dispensary Store/select_--Select--Schedule 1Inj'

2018-06-10 00:22:56 - [MESSAGE][PASSED] - All options with index in [5] are selected on object 'Object Repository/DispensaryToStore/Page_Dispensary Store/select_--Select--Schedule 1Inj'

2018-06-10 00:22:56 - [TEST_STEP][PASSED] - selectOptionByIndex: All options with index in [4] are selected on object 'Object Repository/DispensaryToStore/Page_Dispensary Store/select_--Select--Adernaline 0.'

2018-06-10 00:22:56 - [MESSAGE][PASSED] - All options with index in [4] are selected on object 'Object Repository/DispensaryToStore/Page_Dispensary Store/select_--Select--Adernaline 0.'

2018-06-10 00:22:56 - [TEST_STEP][PASSED] - setText: Text '10' is set on object 'Object Repository/DispensaryToStore/Page_Dispensary Store/input_txttreat'

2018-06-10 00:22:56 - [MESSAGE][PASSED] - Text '10' is set on object 'Object Repository/DispensaryToStore/Page_Dispensary Store/input_txttreat'

2018-06-10 00:22:56 - [TEST_STEP][PASSED] - click: Object: 'Object Repository/DispensaryToStore/Page_Dispensary Store/button_Add' is clicked on

2018-06-10 00:22:56 - [MESSAGE][PASSED] - Object: 'Object Repository/DispensaryToStore/Page_Dispensary Store/button_Add' is clicked on

2018-06-10 00:22:56 - [TEST_STEP][PASSED] - selectOptionByIndex: All options with index in [5] are selected on object 'Object Repository/DispensaryToStore/Page_Dispensary Store/select_--Select--Schedule 1Inj'

2018-06-10 00:22:56 - [MESSAGE][PASSED] - All options with index in [5] are selected on object 'Object Repository/DispensaryToStore/Page_Dispensary Store/select_--Select--Schedule 1Inj'

2018-06-10 00:22:56 - [TEST_STEP][PASSED] - selectOptionByIndex: All options with index in [5] are selected on object 'Object Repository/DispensaryToStore/Page_Dispensary Store/select_--Select--Adernaline 0.'

2018-06-10 00:22:57 - [MESSAGE][PASSED] - All options with index in [5] are selected on object 'Object Repository/DispensaryToStore/Page_Dispensary Store/select_--Select--Adernaline 0.'

2018-06-10 00:22:57 - [TEST_STEP][PASSED] - setText: Text '10' is set on object 'Object Repository/DispensaryToStore/Page_Dispensary Store/input_txttreat'

2018-06-10 00:22:57 - [MESSAGE][PASSED] - Text '10' is set on object 'Object Repository/DispensaryToStore/Page_Dispensary Store/input_txttreat'

2018-06-10 00:22:57 - [TEST_STEP][PASSED] - click: Object: 'Object Repository/DispensaryToStore/Page_Dispensary Store/button_Add' is clicked on

2018-06-10 00:22:57 - [MESSAGE][PASSED] - Object: 'Object Repository/DispensaryToStore/Page_Dispensary Store/button_Add' is clicked on

2018-06-10 00:22:57 - [TEST_STEP][PASSED] - selectOptionByIndex: All options with index in [5] are selected on object 'Object Repository/DispensaryToStore/Page_Dispensary Store/select_--Select--Schedule 1Inj'

2018-06-10 00:22:57 - [MESSAGE][PASSED] - All options with index in [5] are selected on object 'Object Repository/DispensaryToStore/Page_Dispensary Store/select_--Select--Schedule 1Inj'

2018-06-10 00:22:57 - [TEST_STEP][PASSED] - selectOptionByIndex: All options with index in [6] are selected on object 'Object Repository/DispensaryToStore/Page_Dispensary Store/select_--Select--Adernaline 0.'

2018-06-10 00:22:57 - [MESSAGE][PASSED] - All options with index in [6] are selected on object 'Object Repository/DispensaryToStore/Page_Dispensary Store/select_--Select--Adernaline 0.'

2018-06-10 00:22:57 - [TEST_STEP][PASSED] - setText: Text '10' is set on object 'Object Repository/DispensaryToStore/Page_Dispensary Store/input_txttreat'

2018-06-10 00:22:57 - [MESSAGE][PASSED] - Text '10' is set on object 'Object Repository/DispensaryToStore/Page_Dispensary Store/input_txttreat'

2018-06-10 00:22:57 - [TEST_STEP][PASSED] - click: Object: 'Object Repository/DispensaryToStore/Page_Dispensary Store/button_Add' is clicked on

2018-06-10 00:22:57 - [MESSAGE][PASSED] - Object: 'Object Repository/DispensaryToStore/Page_Dispensary Store/button_Add' is clicked on

2018-06-10 00:22:57 - [TEST_STEP][PASSED] - selectOptionByIndex: All options with index in [5] are selected on object 'Object Repository/DispensaryToStore/Page_Dispensary Store/select_--Select--Schedule 1Inj'

2018-06-10 00:22:58 - [MESSAGE][PASSED] - All options with index in [5] are selected on object 'Object Repository/DispensaryToStore/Page_Dispensary Store/select_--Select--Schedule 1Inj'

2018-06-10 00:22:58 - [TEST_STEP][PASSED] - selectOptionByIndex: All options with index in [7] are selected on object 'Object Repository/DispensaryToStore/Page_Dispensary Store/select_--Select--Adernaline 0.'

2018-06-10 00:22:58 - [MESSAGE][PASSED] - All options with index in [7] are selected on object 'Object Repository/DispensaryToStore/Page_Dispensary Store/select_--Select--Adernaline 0.'

2018-06-10 00:22:58 - [TEST_STEP][PASSED] - setText: Text '10' is set on object 'Object Repository/DispensaryToStore/Page_Dispensary Store/input_txttreat'

2018-06-10 00:22:58 - [MESSAGE][PASSED] - Text '10' is set on object 'Object Repository/DispensaryToStore/Page_Dispensary Store/input_txttreat'

2018-06-10 00:22:58 - [TEST_STEP][PASSED] - click: Object: 'Object Repository/DispensaryToStore/Page_Dispensary Store/button_Add' is clicked on

2018-06-10 00:22:58 - [MESSAGE][PASSED] - Object: 'Object Repository/DispensaryToStore/Page_Dispensary Store/button_Add' is clicked on

2018-06-10 00:22:58 - [TEST_STEP][PASSED] - selectOptionByIndex: All options with index in [5] are selected on object 'Object Repository/DispensaryToStore/Page_Dispensary Store/select_--Select--Schedule 1Inj'

2018-06-10 00:22:58 - [MESSAGE][PASSED] - All options with index in [5] are selected on object 'Object Repository/DispensaryToStore/Page_Dispensary Store/select_--Select--Schedule 1Inj'

2018-06-10 00:22:58 - [TEST_STEP][PASSED] - selectOptionByIndex: All options with index in [8] are selected on object 'Object Repository/DispensaryToStore/Page_Dispensary Store/select_--Select--Adernaline 0.'

2018-06-10 00:22:58 - [MESSAGE][PASSED] - All options with index in [8] are selected on object 'Object Repository/DispensaryToStore/Page_Dispensary Store/select_--Select--Adernaline 0.'

2018-06-10 00:22:58 - [TEST_STEP][PASSED] - setText: Text '10' is set on object 'Object Repository/DispensaryToStore/Page_Dispensary Store/input_txttreat'

2018-06-10 00:22:58 - [MESSAGE][PASSED] - Text '10' is set on object 'Object Repository/DispensaryToStore/Page_Dispensary Store/input_txttreat'

2018-06-10 00:22:58 - [TEST_STEP][PASSED] - click: Object: 'Object Repository/DispensaryToStore/Page_Dispensary Store/button_Add' is clicked on

2018-06-10 00:22:58 - [MESSAGE][PASSED] - Object: 'Object Repository/DispensaryToStore/Page_Dispensary Store/button_Add' is clicked on

2018-06-10 00:22:58 - [TEST_STEP][PASSED] - selectOptionByIndex: All options with index in [5] are selected on object 'Object Repository/DispensaryToStore/Page_Dispensary Store/select_--Select--Schedule 1Inj'

2018-06-10 00:22:59 - [MESSAGE][PASSED] - All options with index in [5] are selected on object 'Object Repository/DispensaryToStore/Page_Dispensary Store/select_--Select--Schedule 1Inj'

2018-06-10 00:22:59 - [TEST_STEP][PASSED] - selectOptionByIndex: All options with index in [9] are selected on object 'Object Repository/DispensaryToStore/Page_Dispensary Store/select_--Select--Adernaline 0.'

2018-06-10 00:22:59 - [MESSAGE][PASSED] - All options with index in [9] are selected on object 'Object Repository/DispensaryToStore/Page_Dispensary Store/select_--Select--Adernaline 0.'

2018-06-10 00:22:59 - [TEST_STEP][PASSED] - setText: Text '10' is set on object 'Object Repository/DispensaryToStore/Page_Dispensary Store/input_txttreat'

2018-06-10 00:22:59 - [MESSAGE][PASSED] - Text '10' is set on object 'Object Repository/DispensaryToStore/Page_Dispensary Store/input_txttreat'

2018-06-10 00:22:59 - [TEST_STEP][PASSED] - click: Object: 'Object Repository/DispensaryToStore/Page_Dispensary Store/button_Add' is clicked on

2018-06-10 00:22:59 - [MESSAGE][PASSED] - Object: 'Object Repository/DispensaryToStore/Page_Dispensary Store/button_Add' is clicked on

2018-06-10 00:22:59 - [TEST_STEP][PASSED] - selectOptionByIndex: All options with index in [5] are selected on object 'Object Repository/DispensaryToStore/Page_Dispensary Store/select_--Select--Schedule 1Inj'

2018-06-10 00:22:59 - [MESSAGE][PASSED] - All options with index in [5] are selected on object 'Object Repository/DispensaryToStore/Page_Dispensary Store/select_--Select--Schedule 1Inj'

2018-06-10 00:22:59 - [TEST_STEP][PASSED] - selectOptionByIndex: All options with index in [10] are selected on object 'Object Repository/DispensaryToStore/Page_Dispensary Store/select_--Select--Adernaline 0.'

2018-06-10 00:22:59 - [MESSAGE][PASSED] - All options with index in [10] are selected on object 'Object Repository/DispensaryToStore/Page_Dispensary Store/select_--Select--Adernaline 0.'

2018-06-10 00:22:59 - [TEST_STEP][PASSED] - setText: Text '10' is set on object 'Object Repository/DispensaryToStore/Page_Dispensary Store/input_txttreat'

2018-06-10 00:22:59 - [MESSAGE][PASSED] - Text '10' is set on object 'Object Repository/DispensaryToStore/Page_Dispensary Store/input_txttreat'

2018-06-10 00:22:59 - [TEST_STEP][PASSED] - click: Object: 'Object Repository/DispensaryToStore/Page_Dispensary Store/button_Add' is clicked on

2018-06-10 00:23:00 - [MESSAGE][PASSED] - Object: 'Object Repository/DispensaryToStore/Page_Dispensary Store/button_Add' is clicked on

2018-06-10 00:23:00 - [TEST_STEP][PASSED] - selectOptionByIndex: All options with index in [5] are selected on object 'Object Repository/DispensaryToStore/Page_Dispensary Store/select_--Select--Schedule 1Inj'

2018-06-10 00:23:00 - [MESSAGE][PASSED] - All options with index in [5] are selected on object 'Object Repository/DispensaryToStore/Page_Dispensary Store/select_--Select--Schedule 1Inj'

2018-06-10 00:23:00 - [TEST_STEP][PASSED] - selectOptionByIndex: All options with index in [11] are selected on object 'Object Repository/DispensaryToStore/Page_Dispensary Store/select_--Select--Adernaline 0.'

2018-06-10 00:23:00 - [MESSAGE][PASSED] - All options with index in [11] are selected on object 'Object Repository/DispensaryToStore/Page_Dispensary Store/select_--Select--Adernaline 0.'

2018-06-10 00:23:00 - [TEST_STEP][PASSED] - setText: Text '10' is set on object 'Object Repository/DispensaryToStore/Page_Dispensary Store/input_txttreat'

2018-06-10 00:23:00 - [MESSAGE][PASSED] - Text '10' is set on object 'Object Repository/DispensaryToStore/Page_Dispensary Store/input_txttreat'

2018-06-10 00:23:00 - [TEST_STEP][PASSED] - click: Object: 'Object Repository/DispensaryToStore/Page_Dispensary Store/button_Add' is clicked on

2018-06-10 00:23:00 - [MESSAGE][PASSED] - Object: 'Object Repository/DispensaryToStore/Page_Dispensary Store/button_Add' is clicked on

2018-06-10 00:23:00 - [TEST_STEP][PASSED] - selectOptionByIndex: All options with index in [5] are selected on object 'Object Repository/DispensaryToStore/Page_Dispensary Store/select_--Select--Schedule 1Inj'

2018-06-10 00:23:00 - [MESSAGE][PASSED] - All options with index in [5] are selected on object 'Object Repository/DispensaryToStore/Page_Dispensary Store/select_--Select--Schedule 1Inj'

2018-06-10 00:23:00 - [TEST_STEP][PASSED] - selectOptionByIndex: All options with index in [12] are selected on object 'Object Repository/DispensaryToStore/Page_Dispensary Store/select_--Select--Adernaline 0.'

2018-06-10 00:23:01 - [MESSAGE][PASSED] - All options with index in [12] are selected on object 'Object Repository/DispensaryToStore/Page_Dispensary Store/select_--Select--Adernaline 0.'

2018-06-10 00:23:01 - [TEST_STEP][PASSED] - setText: Text '10' is set on object 'Object Repository/DispensaryToStore/Page_Dispensary Store/input_txttreat'

2018-06-10 00:23:01 - [MESSAGE][PASSED] - Text '10' is set on object 'Object Repository/DispensaryToStore/Page_Dispensary Store/input_txttreat'

2018-06-10 00:23:01 - [TEST_STEP][PASSED] - click: Object: 'Object Repository/DispensaryToStore/Page_Dispensary Store/button_Add' is clicked on

2018-06-10 00:23:01 - [MESSAGE][PASSED] - Object: 'Object Repository/DispensaryToStore/Page_Dispensary Store/button_Add' is clicked on

2018-06-10 00:23:01 - [TEST_STEP][PASSED] - selectOptionByIndex: All options with index in [5] are selected on object 'Object Repository/DispensaryToStore/Page_Dispensary Store/select_--Select--Schedule 1Inj'

2018-06-10 00:23:01 - [MESSAGE][PASSED] - All options with index in [5] are selected on object 'Object Repository/DispensaryToStore/Page_Dispensary Store/select_--Select--Schedule 1Inj'

2018-06-10 00:23:01 - [TEST_STEP][PASSED] - selectOptionByIndex: All options with index in [13] are selected on object 'Object Repository/DispensaryToStore/Page_Dispensary Store/select_--Select--Adernaline 0.'

2018-06-10 00:23:01 - [MESSAGE][PASSED] - All options with index in [13] are selected on object 'Object Repository/DispensaryToStore/Page_Dispensary Store/select_--Select--Adernaline 0.'

2018-06-10 00:23:01 - [TEST_STEP][PASSED] - setText: Text '10' is set on object 'Object Repository/DispensaryToStore/Page_Dispensary Store/input_txttreat'

2018-06-10 00:23:01 - [MESSAGE][PASSED] - Text '10' is set on object 'Object Repository/DispensaryToStore/Page_Dispensary Store/input_txttreat'

2018-06-10 00:23:01 - [TEST_STEP][PASSED] - click: Object: 'Object Repository/DispensaryToStore/Page_Dispensary Store/button_Add' is clicked on

2018-06-10 00:23:01 - [MESSAGE][PASSED] - Object: 'Object Repository/DispensaryToStore/Page_Dispensary Store/button_Add' is clicked on

2018-06-10 00:23:01 - [TEST_STEP][PASSED] - selectOptionByIndex: All options with index in [5] are selected on object 'Object Repository/DispensaryToStore/Page_Dispensary Store/select_--Select--Schedule 1Inj'

2018-06-10 00:23:01 - [MESSAGE][PASSED] - All options with index in [5] are selected on object 'Object Repository/DispensaryToStore/Page_Dispensary Store/select_--Select--Schedule 1Inj'

2018-06-10 00:23:01 - [TEST_STEP][PASSED] - selectOptionByIndex: All options with index in [14] are selected on object 'Object Repository/DispensaryToStore/Page_Dispensary Store/select_--Select--Adernaline 0.'

2018-06-10 00:23:02 - [MESSAGE][PASSED] - All options with index in [14] are selected on object 'Object Repository/DispensaryToStore/Page_Dispensary Store/select_--Select--Adernaline 0.'

2018-06-10 00:23:02 - [TEST_STEP][PASSED] - setText: Text '10' is set on object 'Object Repository/DispensaryToStore/Page_Dispensary Store/input_txttreat'

2018-06-10 00:23:02 - [MESSAGE][PASSED] - Text '10' is set on object 'Object Repository/DispensaryToStore/Page_Dispensary Store/input_txttreat'

2018-06-10 00:23:02 - [TEST_STEP][PASSED] - click: Object: 'Object Repository/DispensaryToStore/Page_Dispensary Store/button_Add' is clicked on

2018-06-10 00:23:02 - [MESSAGE][PASSED] - Object: 'Object Repository/DispensaryToStore/Page_Dispensary Store/button_Add' is clicked on

2018-06-10 00:23:02 - [TEST_STEP][PASSED] - selectOptionByIndex: All options with index in [5] are selected on object 'Object Repository/DispensaryToStore/Page_Dispensary Store/select_--Select--Schedule 1Inj'

2018-06-10 00:23:02 - [MESSAGE][PASSED] - All options with index in [5] are selected on object 'Object Repository/DispensaryToStore/Page_Dispensary Store/select_--Select--Schedule 1Inj'

2018-06-10 00:23:02 - [TEST_STEP][PASSED] - selectOptionByIndex: All options with index in [15] are selected on object 'Object Repository/DispensaryToStore/Page_Dispensary Store/select_--Select--Adernaline 0.'

2018-06-10 00:23:02 - [MESSAGE][PASSED] - All options with index in [15] are selected on object 'Object Repository/DispensaryToStore/Page_Dispensary Store/select_--Select--Adernaline 0.'

2018-06-10 00:23:02 - [TEST_STEP][PASSED] - setText: Text '10' is set on object 'Object Repository/DispensaryToStore/Page_Dispensary Store/input_txttreat'

2018-06-10 00:23:02 - [MESSAGE][PASSED] - Text '10' is set on object 'Object Repository/DispensaryToStore/Page_Dispensary Store/input_txttreat'

2018-06-10 00:23:02 - [TEST_STEP][PASSED] - click: Object: 'Object Repository/DispensaryToStore/Page_Dispensary Store/button_Add' is clicked on

2018-06-10 00:23:02 - [MESSAGE][PASSED] - Object: 'Object Repository/DispensaryToStore/Page_Dispensary Store/button_Add' is clicked on

2018-06-10 00:23:02 - [TEST_STEP][PASSED] - selectOptionByIndex: All options with index in [5] are selected on object 'Object Repository/DispensaryToStore/Page_Dispensary Store/select_--Select--Schedule 1Inj'

2018-06-10 00:23:03 - [MESSAGE][PASSED] - All options with index in [5] are selected on object 'Object Repository/DispensaryToStore/Page_Dispensary Store/select_--Select--Schedule 1Inj'

2018-06-10 00:23:03 - [TEST_STEP][PASSED] - selectOptionByIndex: All options with index in [16] are selected on object 'Object Repository/DispensaryToStore/Page_Dispensary Store/select_--Select--Adernaline 0.'

2018-06-10 00:23:03 - [MESSAGE][PASSED] - All options with index in [16] are selected on object 'Object Repository/DispensaryToStore/Page_Dispensary Store/select_--Select--Adernaline 0.'

2018-06-10 00:23:03 - [TEST_STEP][PASSED] - setText: Text '10' is set on object 'Object Repository/DispensaryToStore/Page_Dispensary Store/input_txttreat'

2018-06-10 00:23:03 - [MESSAGE][PASSED] - Text '10' is set on object 'Object Repository/DispensaryToStore/Page_Dispensary Store/input_txttreat'

2018-06-10 00:23:03 - [TEST_STEP][PASSED] - click: Object: 'Object Repository/DispensaryToStore/Page_Dispensary Store/button_Add' is clicked on

2018-06-10 00:23:03 - [MESSAGE][PASSED] - Object: 'Object Repository/DispensaryToStore/Page_Dispensary Store/button_Add' is clicked on

2018-06-10 00:23:03 - [TEST_STEP][PASSED] - scrollToElement: Scroll to object 'Object Repository/DispensaryToStore/Page_Dispensary Store/input_btnsave' successfully

2018-06-10 00:23:03 - [MESSAGE][PASSED] - Scroll to object 'Object Repository/DispensaryToStore/Page_Dispensary Store/input_btnsave' successfully

2018-06-10 00:23:03 - [TEST_STEP][PASSED] - click: Object: 'Object Repository/DispensaryToStore/Page_Dispensary Store/input_btnsave' is clicked on

2018-06-10 00:23:03 - [MESSAGE][PASSED] - Object: 'Object Repository/DispensaryToStore/Page_Dispensary Store/input_btnsave' is clicked on

2018-06-10 00:23:03 - [TEST_STEP][PASSED] - delay: Delayed 3 second(s)

2018-06-10 00:23:06 - [MESSAGE][PASSED] - Delayed 3 second(s)

2018-06-10 00:23:06 - [TEST_STEP][PASSED] - Statement - RN1 = com.kms.katalon.core.webui.keyword.WebUiBuiltInKeywords.getText(com.kms.katalon.core.testobject.ObjectRepository.findTestObject(DispensaryToStore/Page_Dispensary Store/font_HPRNO180520187)): Text of object 'Object Repository/DispensaryToStore/Page_Dispensary Store/font_HPRNO180520187' is: 'DPRNO/10062018/235'

2018-06-10 00:23:06 - [MESSAGE][PASSED] - Text of object 'Object Repository/DispensaryToStore/Page_Dispensary Store/font_HPRNO180520187' is: 'DPRNO/10062018/235'

2018-06-10 00:23:06 - [TEST_STEP][PASSED] - Statement - out.println(RN1): null

2018-06-10 00:23:06 - [TEST_STEP][PASSED] - Statement - RID = RN1.split("/")[2]: null

2018-06-10 00:23:06 - [TEST_STEP][PASSED] - click: Object: 'Object Repository/DispensaryToStore/Page_Dispensary Store/button_OK' is clicked on

2018-06-10 00:23:07 - [MESSAGE][PASSED] - Object: 'Object Repository/DispensaryToStore/Page_Dispensary Store/button_OK' is clicked on

2018-06-10 00:23:07 - [TEST_STEP][PASSED] - delay: Delayed 3 second(s)

2018-06-10 00:23:10 - [MESSAGE][PASSED] - Delayed 3 second(s)

2018-06-10 00:23:10 - [TEST_STEP][PASSED] - waitForElementPresent: Object 'Object Repository/DispensaryToStore/Page_Dispensary Store/a_dropdown-toggle' is present

2018-06-10 00:23:10 - [MESSAGE][PASSED] - Object 'Object Repository/DispensaryToStore/Page_Dispensary Store/a_dropdown-toggle' is present

2018-06-10 00:23:10 - [TEST_STEP][PASSED] - click: Object: 'Object Repository/DispensaryToStore/Page_Dispensary Store/a_dropdown-toggle' is clicked on

2018-06-10 00:23:10 - [MESSAGE][PASSED] - Object: 'Object Repository/DispensaryToStore/Page_Dispensary Store/a_dropdown-toggle' is clicked on

2018-06-10 00:23:10 - [TEST_STEP][PASSED] - click: Object: 'Object Repository/DispensaryToStore/Page_Dispensary Store/a_Sign out' is clicked on

2018-06-10 00:23:10 - [MESSAGE][PASSED] - Object: 'Object Repository/DispensaryToStore/Page_Dispensary Store/a_Sign out' is clicked on

2018-06-10 00:23:10 - [TEST_STEP][PASSED] - delay: Delayed 3 second(s)

2018-06-10 00:23:13 - [MESSAGE][PASSED] - Delayed 3 second(s)

2018-06-10 00:23:13 - [TEST_STEP][PASSED] - navigateToUrl: Navigate to 'http://192.168.137.1/multihospital_new/' successfully

2018-06-10 00:23:14 - [MESSAGE][PASSED] - Navigate to 'http://192.168.137.1/multihospital_new/' successfully

2018-06-10 00:23:14 - [TEST_STEP][PASSED] - click: Object: 'Object Repository/DispensaryToStore/Page_KDMC/a_CMO' is clicked on

2018-06-10 00:23:15 - [MESSAGE][PASSED] - Object: 'Object Repository/DispensaryToStore/Page_KDMC/a_CMO' is clicked on

2018-06-10 00:23:15 - [TEST_STEP][PASSED] - setText: Text 'guru' is set on object 'Object Repository/DispensaryToStore/Page_CMO login/input_txtusername'

2018-06-10 00:23:15 - [MESSAGE][PASSED] - Text 'guru' is set on object 'Object Repository/DispensaryToStore/Page_CMO login/input_txtusername'

2018-06-10 00:23:15 - [TEST_STEP][PASSED] - setText: Text '123' is set on object 'Object Repository/DispensaryToStore/Page_CMO login/input_txtpassword'

2018-06-10 00:23:15 - [MESSAGE][PASSED] - Text '123' is set on object 'Object Repository/DispensaryToStore/Page_CMO login/input_txtpassword'

2018-06-10 00:23:15 - [TEST_STEP][PASSED] - delay: Delayed 3 second(s)

2018-06-10 00:23:18 - [MESSAGE][PASSED] - Delayed 3 second(s)

2018-06-10 00:23:18 - [TEST_STEP][PASSED] - click: Object: 'Object Repository/DispensaryToStore/Page_CMO login/button_Sign in' is clicked on

2018-06-10 00:23:19 - [MESSAGE][PASSED] - Object: 'Object Repository/DispensaryToStore/Page_CMO login/button_Sign in' is clicked on

2018-06-10 00:23:19 - [TEST_STEP][PASSED] - click: Object: 'Object Repository/DispensaryToStore/Page_KDMC - CMO/a_Department Wise Request' is clicked on

2018-06-10 00:23:21 - [MESSAGE][PASSED] - Object: 'Object Repository/DispensaryToStore/Page_KDMC - CMO/a_Department Wise Request' is clicked on

2018-06-10 00:23:21 - [TEST_STEP][PASSED] - delay: Delayed 2 second(s)

2018-06-10 00:23:23 - [MESSAGE][PASSED] - Delayed 2 second(s)

2018-06-10 00:23:23 - [TEST_STEP][PASSED] - selectOptionByIndex: All options with index in [6] are selected on object 'Object Repository/DispensaryToStore/Page_KDMC - CMO/select_--ALL--'

2018-06-10 00:23:23 - [MESSAGE][PASSED] - All options with index in [6] are selected on object 'Object Repository/DispensaryToStore/Page_KDMC - CMO/select_--ALL--'

2018-06-10 00:23:23 - [TEST_STEP][PASSED] - click: Object: 'Object Repository/DispensaryToStore/Page_KDMC - CMO/input_btnsearch' is clicked on

2018-06-10 00:23:23 - [MESSAGE][PASSED] - Object: 'Object Repository/DispensaryToStore/Page_KDMC - CMO/input_btnsearch' is clicked on

2018-06-10 00:23:23 - [TEST_STEP][PASSED] - selectOptionByIndex: All options with index in [1] are selected on object 'Object Repository/DispensaryToStore/Page_KDMC - CMO/select_--ALL--                _1'

2018-06-10 00:23:23 - [MESSAGE][PASSED] - All options with index in [1] are selected on object 'Object Repository/DispensaryToStore/Page_KDMC - CMO/select_--ALL--                _1'

2018-06-10 00:23:23 - [TEST_STEP][PASSED] - click: Object: 'Object Repository/DispensaryToStore/Page_KDMC - CMO/input_btnsearch' is clicked on

2018-06-10 00:23:23 - [MESSAGE][PASSED] - Object: 'Object Repository/DispensaryToStore/Page_KDMC - CMO/input_btnsearch' is clicked on

2018-06-10 00:23:23 - [TEST_STEP][PASSED] - Statement - ID = com.kms.katalon.core.webui.keyword.WebUiBuiltInKeywords.modifyObjectProperty(com.kms.katalon.core.testobject.ObjectRepository.findTestObject(lab/Page_KDMC - CMO/input_1), "xpath", "equals", "//*[@id=" + RID + "]", true): Modify property of object successfully

2018-06-10 00:23:23 - [MESSAGE][PASSED] - Modify property of object successfully

2018-06-10 00:23:23 - [TEST_STEP][PASSED] - scrollToElement: Scroll to object 'Object Repository/lab/Page_KDMC - CMO/input_1' successfully

2018-06-10 00:23:24 - [MESSAGE][PASSED] - Scroll to object 'Object Repository/lab/Page_KDMC - CMO/input_1' successfully

2018-06-10 00:23:24 - [TEST_STEP][PASSED] - click: Object: 'Object Repository/lab/Page_KDMC - CMO/input_1' is clicked on

2018-06-10 00:23:24 - [MESSAGE][PASSED] - Object: 'Object Repository/lab/Page_KDMC - CMO/input_1' is clicked on

2018-06-10 00:23:24 - [TEST_STEP][PASSED] - delay: Delayed 2 second(s)

2018-06-10 00:23:26 - [MESSAGE][PASSED] - Delayed 2 second(s)

2018-06-10 00:23:26 - [TEST_STEP][PASSED] - selectOptionByIndex: All options with index in [1] are selected on object 'Object Repository/DispensaryToStore/Page_KDMC - CMO/select_--Select--'

2018-06-10 00:23:26 - [MESSAGE][PASSED] - All options with index in [1] are selected on object 'Object Repository/DispensaryToStore/Page_KDMC - CMO/select_--Select--'

2018-06-10 00:23:26 - [TEST_STEP][PASSED] - click: Object: 'Object Repository/DispensaryToStore/Page_KDMC - CMO/input_btnupdate' is clicked on

2018-06-10 00:23:26 - [MESSAGE][PASSED] - Object: 'Object Repository/DispensaryToStore/Page_KDMC - CMO/input_btnupdate' is clicked on

2018-06-10 00:23:26 - [TEST_STEP][PASSED] - delay: Delayed 2 second(s)

2018-06-10 00:23:28 - [MESSAGE][PASSED] - Delayed 2 second(s)

2018-06-10 00:23:28 - [TEST_STEP][PASSED] - click: Object: 'Object Repository/DispensaryToStore/Page_KDMC - CMO/button_OK' is clicked on

2018-06-10 00:23:29 - [MESSAGE][PASSED] - Object: 'Object Repository/DispensaryToStore/Page_KDMC - CMO/button_OK' is clicked on

2018-06-10 00:23:29 - [TEST_STEP][PASSED] - delay: Delayed 2 second(s)

2018-06-10 00:23:31 - [MESSAGE][PASSED] - Delayed 2 second(s)

2018-06-10 00:23:31 - [TEST_STEP][PASSED] - waitForElementPresent: Object 'Object Repository/DispensaryToStore/Page_Dispensary Store/a_dropdown-toggle' is not present after 20 second(s)

2018-06-10 00:23:51 - [MESSAGE][WARNING] - Object 'Object Repository/DispensaryToStore/Page_Dispensary Store/a_dropdown-toggle' is not present after 20 second(s)

2018-06-10 00:23:51 - [TEST_STEP][PASSED] - click: Object: 'Object Repository/DispensaryToStore/Page_KDMC - CMO/a_dropdown-toggle' is clicked on

2018-06-10 00:23:51 - [MESSAGE][PASSED] - Object: 'Object Repository/DispensaryToStore/Page_KDMC - CMO/a_dropdown-toggle' is clicked on

2018-06-10 00:23:51 - [TEST_STEP][PASSED] - click: Object: 'Object Repository/DispensaryToStore/Page_KDMC - CMO/a_Sign out' is clicked on

2018-06-10 00:23:52 - [MESSAGE][PASSED] - Object: 'Object Repository/DispensaryToStore/Page_KDMC - CMO/a_Sign out' is clicked on

2018-06-10 00:23:52 - [TEST_STEP][PASSED] - delay: Delayed 3 second(s)

2018-06-10 00:23:55 - [MESSAGE][PASSED] - Delayed 3 second(s)

2018-06-10 00:23:55 - [TEST_STEP][PASSED] - click: Object: 'Object Repository/DispensaryToStore/Page_KDMC/a_Divisional Store' is clicked on

2018-06-10 00:23:55 - [MESSAGE][PASSED] - Object: 'Object Repository/DispensaryToStore/Page_KDMC/a_Divisional Store' is clicked on

2018-06-10 00:23:55 - [TEST_STEP][PASSED] - setText: Text 'ragu' is set on object 'Object Repository/DispensaryToStore/Page_Divisonal Store Login/input_txtusername'

2018-06-10 00:23:55 - [MESSAGE][PASSED] - Text 'ragu' is set on object 'Object Repository/DispensaryToStore/Page_Divisonal Store Login/input_txtusername'

2018-06-10 00:23:55 - [TEST_STEP][PASSED] - setText: Text '123' is set on object 'Object Repository/DispensaryToStore/Page_Divisonal Store Login/input_txtpassword'

2018-06-10 00:23:56 - [MESSAGE][PASSED] - Text '123' is set on object 'Object Repository/DispensaryToStore/Page_Divisonal Store Login/input_txtpassword'

2018-06-10 00:23:56 - [TEST_STEP][PASSED] - delay: Delayed 3 second(s)

2018-06-10 00:23:59 - [MESSAGE][PASSED] - Delayed 3 second(s)

2018-06-10 00:23:59 - [TEST_STEP][PASSED] - click: Object: 'Object Repository/DispensaryToStore/Page_Divisonal Store Login/button_Sign in' is clicked on

2018-06-10 00:24:00 - [MESSAGE][PASSED] - Object: 'Object Repository/DispensaryToStore/Page_Divisonal Store Login/button_Sign in' is clicked on

2018-06-10 00:24:00 - [TEST_STEP][PASSED] - delay: Delayed 3 second(s)

2018-06-10 00:24:03 - [MESSAGE][PASSED] - Delayed 3 second(s)

2018-06-10 00:24:03 - [TEST_STEP][PASSED] - scrollToPosition: Browser is scrolled to position x = 100, y = 100

2018-06-10 00:24:03 - [MESSAGE][PASSED] - Browser is scrolled to position x = 100, y = 100

2018-06-10 00:24:03 - [TEST_STEP][PASSED] - click: Object: 'Object Repository/DispensaryToStore/Page_Store/a_Dispensary Request' is clicked on

2018-06-10 00:24:03 - [MESSAGE][PASSED] - Object: 'Object Repository/DispensaryToStore/Page_Store/a_Dispensary Request' is clicked on

2018-06-10 00:24:03 - [TEST_STEP][PASSED] - delay: Delayed 2 second(s)

2018-06-10 00:24:05 - [MESSAGE][PASSED] - Delayed 2 second(s)

2018-06-10 00:24:05 - [TEST_STEP][PASSED] - click: Object: 'Object Repository/DispensaryToStore/Page_Store/a_Request Item Dispensary' is clicked on

2018-06-10 00:24:06 - [MESSAGE][PASSED] - Object: 'Object Repository/DispensaryToStore/Page_Store/a_Request Item Dispensary' is clicked on

2018-06-10 00:24:06 - [TEST_STEP][PASSED] - Statement - ChooseRequest = com.kms.katalon.core.webui.keyword.WebUiBuiltInKeywords.modifyObjectProperty(com.kms.katalon.core.testobject.ObjectRepository.findTestObject(lab/Page_Store/input_1), "xpath", "equals", "//*[@id=" + RID + "]", true): Modify property of object successfully

2018-06-10 00:24:06 - [MESSAGE][PASSED] - Modify property of object successfully

2018-06-10 00:24:06 - [TEST_STEP][PASSED] - click: Object: 'Object Repository/lab/Page_Store/input_1' is clicked on

2018-06-10 00:24:07 - [MESSAGE][PASSED] - Object: 'Object Repository/lab/Page_Store/input_1' is clicked on

2018-06-10 00:24:07 - [TEST_STEP][PASSED] - Statement - selectedoptions = com.kms.katalon.core.webui.keyword.WebUiBuiltInKeywords.getNumberOfTotalOption(com.kms.katalon.core.testobject.ObjectRepository.findTestObject(DispensaryToStore/Page_Store/select_--Select--Adernaline 0.)): 17 options of object 'Object Repository/DispensaryToStore/Page_Store/select_--Select--Adernaline 0.' counted

2018-06-10 00:24:07 - [MESSAGE][PASSED] - 17 options of object 'Object Repository/DispensaryToStore/Page_Store/select_--Select--Adernaline 0.' counted

2018-06-10 00:24:07 - [TEST_STEP][FAILED] - Statement - For ([a = 1, a <= selectedoptions - 1, (a++)]): null

2018-06-10 00:24:07 - [TEST_STEP][PASSED] - selectOptionByIndex: All options with index in [1] are selected on object 'Object Repository/DispensaryToStore/Page_Store/select_--Select--Adernaline 0.'

2018-06-10 00:24:07 - [MESSAGE][PASSED] - All options with index in [1] are selected on object 'Object Repository/DispensaryToStore/Page_Store/select_--Select--Adernaline 0.'

2018-06-10 00:24:07 - [TEST_STEP][PASSED] - delay: Delayed 2 second(s)

2018-06-10 00:24:09 - [MESSAGE][PASSED] - Delayed 2 second(s)

2018-06-10 00:24:09 - [TEST_STEP][PASSED] - Statement - RequestedQty = com.kms.katalon.core.webui.keyword.WebUiBuiltInKeywords.getAttribute(com.kms.katalon.core.testobject.ObjectRepository.findTestObject(DispensaryToStore/Page_Store/input_txttotal), "value"): Attribute 'value' of object 'Object Repository/DispensaryToStore/Page_Store/input_txttotal' is: '10'

2018-06-10 00:24:10 - [MESSAGE][PASSED] - Attribute 'value' of object 'Object Repository/DispensaryToStore/Page_Store/input_txttotal' is: '10'

2018-06-10 00:24:10 - [TEST_STEP][PASSED] - Statement - out.println("Requested QTY : " + RequestedQty): null

2018-06-10 00:24:10 - [TEST_STEP][PASSED] - Statement - BatchNumber = com.kms.katalon.core.webui.keyword.WebUiBuiltInKeywords.getNumberOfTotalOption(com.kms.katalon.core.testobject.ObjectRepository.findTestObject(DispensaryToStore/Page_Store/select_--Select--BA1170BA2376B)): 4 options of object 'Object Repository/DispensaryToStore/Page_Store/select_--Select--BA1170BA2376B' counted

2018-06-10 00:24:10 - [MESSAGE][PASSED] - 4 options of object 'Object Repository/DispensaryToStore/Page_Store/select_--Select--BA1170BA2376B' counted

2018-06-10 00:24:10 - [TEST_STEP][PASSED] - Statement - For ([g = 1, g <= BatchNumber - 1, (g++)]): null

2018-06-10 00:24:10 - [TEST_STEP][PASSED] - selectOptionByIndex: All options with index in [1] are selected on object 'Object Repository/DispensaryToStore/Page_Store/select_--Select--BA1170BA2376B'

2018-06-10 00:24:10 - [MESSAGE][PASSED] - All options with index in [1] are selected on object 'Object Repository/DispensaryToStore/Page_Store/select_--Select--BA1170BA2376B'

2018-06-10 00:24:10 - [TEST_STEP][PASSED] - Statement - Try: null

2018-06-10 00:24:10 - [TEST_STEP][PASSED] - Statement - StockQty = com.kms.katalon.core.webui.keyword.WebUiBuiltInKeywords.getAttribute(com.kms.katalon.core.testobject.ObjectRepository.findTestObject(DispensaryToStore/Page_Store/input_txtprice), "value"): Attribute 'value' of object 'Object Repository/DispensaryToStore/Page_Store/input_txtprice' is: '1650'

2018-06-10 00:24:10 - [MESSAGE][PASSED] - Attribute 'value' of object 'Object Repository/DispensaryToStore/Page_Store/input_txtprice' is: '1650'

2018-06-10 00:24:10 - [TEST_STEP][PASSED] - Statement - out.println("Stock QTY : " + StockQty): null

2018-06-10 00:24:10 - [TEST_STEP][PASSED] - delay: Delayed 2 second(s)

2018-06-10 00:24:12 - [MESSAGE][PASSED] - Delayed 2 second(s)

2018-06-10 00:24:12 - [TEST_STEP][PASSED] - Statement - If (java.lang.String.valueOf(StockQty) >= java.lang.String.valueOf(RequestedQty)): null

2018-06-10 00:24:12 - [TEST_STEP][PASSED] - setText: Text '10' is set on object 'Object Repository/DispensaryToStore/Page_Store/input_txtqty'

2018-06-10 00:24:12 - [MESSAGE][PASSED] - Text '10' is set on object 'Object Repository/DispensaryToStore/Page_Store/input_txtqty'

2018-06-10 00:24:12 - [TEST_STEP][PASSED] - click: Object: 'Object Repository/DispensaryToStore/Page_Store/button_Add' is clicked on

2018-06-10 00:24:12 - [MESSAGE][PASSED] - Object: 'Object Repository/DispensaryToStore/Page_Store/button_Add' is clicked on

2018-06-10 00:24:12 - [TEST_STEP][PASSED] - Statement - Break: null

2018-06-10 00:24:12 - [TEST_STEP][PASSED] - selectOptionByIndex: All options with index in [2] are selected on object 'Object Repository/DispensaryToStore/Page_Store/select_--Select--Adernaline 0.'

2018-06-10 00:24:12 - [MESSAGE][PASSED] - All options with index in [2] are selected on object 'Object Repository/DispensaryToStore/Page_Store/select_--Select--Adernaline 0.'

2018-06-10 00:24:12 - [TEST_STEP][PASSED] - delay: Delayed 2 second(s)

2018-06-10 00:24:14 - [MESSAGE][PASSED] - Delayed 2 second(s)

2018-06-10 00:24:14 - [TEST_STEP][PASSED] - Statement - RequestedQty = com.kms.katalon.core.webui.keyword.WebUiBuiltInKeywords.getAttribute(com.kms.katalon.core.testobject.ObjectRepository.findTestObject(DispensaryToStore/Page_Store/input_txttotal), "value"): Attribute 'value' of object 'Object Repository/DispensaryToStore/Page_Store/input_txttotal' is: '10'

2018-06-10 00:24:14 - [MESSAGE][PASSED] - Attribute 'value' of object 'Object Repository/DispensaryToStore/Page_Store/input_txttotal' is: '10'

2018-06-10 00:24:14 - [TEST_STEP][PASSED] - Statement - out.println("Requested QTY : " + RequestedQty): null

2018-06-10 00:24:14 - [TEST_STEP][PASSED] - Statement - BatchNumber = com.kms.katalon.core.webui.keyword.WebUiBuiltInKeywords.getNumberOfTotalOption(com.kms.katalon.core.testobject.ObjectRepository.findTestObject(DispensaryToStore/Page_Store/select_--Select--BA1170BA2376B)): 4 options of object 'Object Repository/DispensaryToStore/Page_Store/select_--Select--BA1170BA2376B' counted

2018-06-10 00:24:14 - [MESSAGE][PASSED] - 4 options of object 'Object Repository/DispensaryToStore/Page_Store/select_--Select--BA1170BA2376B' counted

2018-06-10 00:24:14 - [TEST_STEP][PASSED] - Statement - For ([g = 1, g <= BatchNumber - 1, (g++)]): null

2018-06-10 00:24:14 - [TEST_STEP][PASSED] - selectOptionByIndex: All options with index in [1] are selected on object 'Object Repository/DispensaryToStore/Page_Store/select_--Select--BA1170BA2376B'

2018-06-10 00:24:14 - [MESSAGE][PASSED] - All options with index in [1] are selected on object 'Object Repository/DispensaryToStore/Page_Store/select_--Select--BA1170BA2376B'

2018-06-10 00:24:14 - [TEST_STEP][PASSED] - Statement - Try: null

2018-06-10 00:24:14 - [TEST_STEP][PASSED] - Statement - StockQty = com.kms.katalon.core.webui.keyword.WebUiBuiltInKeywords.getAttribute(com.kms.katalon.core.testobject.ObjectRepository.findTestObject(DispensaryToStore/Page_Store/input_txtprice), "value"): Attribute 'value' of object 'Object Repository/DispensaryToStore/Page_Store/input_txtprice' is: ''

2018-06-10 00:24:14 - [MESSAGE][PASSED] - Attribute 'value' of object 'Object Repository/DispensaryToStore/Page_Store/input_txtprice' is: ''

2018-06-10 00:24:14 - [TEST_STEP][PASSED] - Statement - out.println("Stock QTY : " + StockQty): null

2018-06-10 00:24:14 - [TEST_STEP][PASSED] - delay: Delayed 2 second(s)

2018-06-10 00:24:16 - [MESSAGE][PASSED] - Delayed 2 second(s)

2018-06-10 00:24:16 - [TEST_STEP][PASSED] - Statement - If (java.lang.String.valueOf(StockQty) >= java.lang.String.valueOf(RequestedQty)): null

2018-06-10 00:24:16 - [TEST_STEP][PASSED] - Statement - Else: null

2018-06-10 00:24:16 - [TEST_STEP][PASSED] - Statement - out.println("Stock Is Less Than Requested Qty"): null

2018-06-10 00:24:16 - [TEST_STEP][PASSED] - selectOptionByIndex: All options with index in [2] are selected on object 'Object Repository/DispensaryToStore/Page_Store/select_--Select--BA1170BA2376B'

2018-06-10 00:24:16 - [MESSAGE][PASSED] - All options with index in [2] are selected on object 'Object Repository/DispensaryToStore/Page_Store/select_--Select--BA1170BA2376B'

2018-06-10 00:24:16 - [TEST_STEP][PASSED] - Statement - Try: null

2018-06-10 00:24:16 - [TEST_STEP][PASSED] - Statement - StockQty = com.kms.katalon.core.webui.keyword.WebUiBuiltInKeywords.getAttribute(com.kms.katalon.core.testobject.ObjectRepository.findTestObject(DispensaryToStore/Page_Store/input_txtprice), "value"): Attribute 'value' of object 'Object Repository/DispensaryToStore/Page_Store/input_txtprice' is: '1418'

2018-06-10 00:24:17 - [MESSAGE][PASSED] - Attribute 'value' of object 'Object Repository/DispensaryToStore/Page_Store/input_txtprice' is: '1418'

2018-06-10 00:24:17 - [TEST_STEP][PASSED] - Statement - out.println("Stock QTY : " + StockQty): null

2018-06-10 00:24:17 - [TEST_STEP][PASSED] - delay: Delayed 2 second(s)

2018-06-10 00:24:19 - [MESSAGE][PASSED] - Delayed 2 second(s)

2018-06-10 00:24:19 - [TEST_STEP][PASSED] - Statement - If (java.lang.String.valueOf(StockQty) >= java.lang.String.valueOf(RequestedQty)): null

2018-06-10 00:24:19 - [TEST_STEP][PASSED] - setText: Text '10' is set on object 'Object Repository/DispensaryToStore/Page_Store/input_txtqty'

2018-06-10 00:24:19 - [MESSAGE][PASSED] - Text '10' is set on object 'Object Repository/DispensaryToStore/Page_Store/input_txtqty'

2018-06-10 00:24:19 - [TEST_STEP][PASSED] - click: Object: 'Object Repository/DispensaryToStore/Page_Store/button_Add' is clicked on

2018-06-10 00:24:19 - [MESSAGE][PASSED] - Object: 'Object Repository/DispensaryToStore/Page_Store/button_Add' is clicked on

2018-06-10 00:24:19 - [TEST_STEP][PASSED] - Statement - Break: null

2018-06-10 00:24:19 - [TEST_STEP][PASSED] - selectOptionByIndex: All options with index in [3] are selected on object 'Object Repository/DispensaryToStore/Page_Store/select_--Select--Adernaline 0.'

2018-06-10 00:24:19 - [MESSAGE][PASSED] - All options with index in [3] are selected on object 'Object Repository/DispensaryToStore/Page_Store/select_--Select--Adernaline 0.'

2018-06-10 00:24:19 - [TEST_STEP][PASSED] - delay: Delayed 2 second(s)

2018-06-10 00:24:21 - [MESSAGE][PASSED] - Delayed 2 second(s)

2018-06-10 00:24:21 - [TEST_STEP][PASSED] - Statement - RequestedQty = com.kms.katalon.core.webui.keyword.WebUiBuiltInKeywords.getAttribute(com.kms.katalon.core.testobject.ObjectRepository.findTestObject(DispensaryToStore/Page_Store/input_txttotal), "value"): Attribute 'value' of object 'Object Repository/DispensaryToStore/Page_Store/input_txttotal' is: '10'

2018-06-10 00:24:21 - [MESSAGE][PASSED] - Attribute 'value' of object 'Object Repository/DispensaryToStore/Page_Store/input_txttotal' is: '10'

2018-06-10 00:24:21 - [TEST_STEP][PASSED] - Statement - out.println("Requested QTY : " + RequestedQty): null

2018-06-10 00:24:21 - [TEST_STEP][PASSED] - Statement - BatchNumber = com.kms.katalon.core.webui.keyword.WebUiBuiltInKeywords.getNumberOfTotalOption(com.kms.katalon.core.testobject.ObjectRepository.findTestObject(DispensaryToStore/Page_Store/select_--Select--BA1170BA2376B)): 3 options of object 'Object Repository/DispensaryToStore/Page_Store/select_--Select--BA1170BA2376B' counted

2018-06-10 00:24:21 - [MESSAGE][PASSED] - 3 options of object 'Object Repository/DispensaryToStore/Page_Store/select_--Select--BA1170BA2376B' counted

2018-06-10 00:24:21 - [TEST_STEP][PASSED] - Statement - For ([g = 1, g <= BatchNumber - 1, (g++)]): null

2018-06-10 00:24:21 - [TEST_STEP][PASSED] - selectOptionByIndex: All options with index in [1] are selected on object 'Object Repository/DispensaryToStore/Page_Store/select_--Select--BA1170BA2376B'

2018-06-10 00:24:21 - [MESSAGE][PASSED] - All options with index in [1] are selected on object 'Object Repository/DispensaryToStore/Page_Store/select_--Select--BA1170BA2376B'

2018-06-10 00:24:21 - [TEST_STEP][PASSED] - Statement - Try: null

2018-06-10 00:24:21 - [TEST_STEP][PASSED] - Statement - StockQty = com.kms.katalon.core.webui.keyword.WebUiBuiltInKeywords.getAttribute(com.kms.katalon.core.testobject.ObjectRepository.findTestObject(DispensaryToStore/Page_Store/input_txtprice), "value"): Attribute 'value' of object 'Object Repository/DispensaryToStore/Page_Store/input_txtprice' is: '1565'

2018-06-10 00:24:21 - [MESSAGE][PASSED] - Attribute 'value' of object 'Object Repository/DispensaryToStore/Page_Store/input_txtprice' is: '1565'

2018-06-10 00:24:21 - [TEST_STEP][PASSED] - Statement - out.println("Stock QTY : " + StockQty): null

2018-06-10 00:24:21 - [TEST_STEP][PASSED] - delay: Delayed 2 second(s)

2018-06-10 00:24:23 - [MESSAGE][PASSED] - Delayed 2 second(s)

2018-06-10 00:24:23 - [TEST_STEP][PASSED] - Statement - If (java.lang.String.valueOf(StockQty) >= java.lang.String.valueOf(RequestedQty)): null

2018-06-10 00:24:23 - [TEST_STEP][PASSED] - setText: Text '10' is set on object 'Object Repository/DispensaryToStore/Page_Store/input_txtqty'

2018-06-10 00:24:23 - [MESSAGE][PASSED] - Text '10' is set on object 'Object Repository/DispensaryToStore/Page_Store/input_txtqty'

2018-06-10 00:24:23 - [TEST_STEP][PASSED] - click: Object: 'Object Repository/DispensaryToStore/Page_Store/button_Add' is clicked on

2018-06-10 00:24:23 - [MESSAGE][PASSED] - Object: 'Object Repository/DispensaryToStore/Page_Store/button_Add' is clicked on

2018-06-10 00:24:23 - [TEST_STEP][PASSED] - Statement - Break: null

2018-06-10 00:24:23 - [TEST_STEP][PASSED] - selectOptionByIndex: All options with index in [4] are selected on object 'Object Repository/DispensaryToStore/Page_Store/select_--Select--Adernaline 0.'

2018-06-10 00:24:23 - [MESSAGE][PASSED] - All options with index in [4] are selected on object 'Object Repository/DispensaryToStore/Page_Store/select_--Select--Adernaline 0.'

2018-06-10 00:24:23 - [TEST_STEP][PASSED] - delay: Delayed 2 second(s)

2018-06-10 00:24:25 - [MESSAGE][PASSED] - Delayed 2 second(s)

2018-06-10 00:24:25 - [TEST_STEP][PASSED] - Statement - RequestedQty = com.kms.katalon.core.webui.keyword.WebUiBuiltInKeywords.getAttribute(com.kms.katalon.core.testobject.ObjectRepository.findTestObject(DispensaryToStore/Page_Store/input_txttotal), "value"): Attribute 'value' of object 'Object Repository/DispensaryToStore/Page_Store/input_txttotal' is: '10'

2018-06-10 00:24:25 - [MESSAGE][PASSED] - Attribute 'value' of object 'Object Repository/DispensaryToStore/Page_Store/input_txttotal' is: '10'

2018-06-10 00:24:25 - [TEST_STEP][PASSED] - Statement - out.println("Requested QTY : " + RequestedQty): null

2018-06-10 00:24:25 - [TEST_STEP][PASSED] - Statement - BatchNumber = com.kms.katalon.core.webui.keyword.WebUiBuiltInKeywords.getNumberOfTotalOption(com.kms.katalon.core.testobject.ObjectRepository.findTestObject(DispensaryToStore/Page_Store/select_--Select--BA1170BA2376B)): 3 options of object 'Object Repository/DispensaryToStore/Page_Store/select_--Select--BA1170BA2376B' counted

2018-06-10 00:24:25 - [MESSAGE][PASSED] - 3 options of object 'Object Repository/DispensaryToStore/Page_Store/select_--Select--BA1170BA2376B' counted

2018-06-10 00:24:25 - [TEST_STEP][PASSED] - Statement - For ([g = 1, g <= BatchNumber - 1, (g++)]): null

2018-06-10 00:24:25 - [TEST_STEP][PASSED] - selectOptionByIndex: All options with index in [1] are selected on object 'Object Repository/DispensaryToStore/Page_Store/select_--Select--BA1170BA2376B'

2018-06-10 00:24:26 - [MESSAGE][PASSED] - All options with index in [1] are selected on object 'Object Repository/DispensaryToStore/Page_Store/select_--Select--BA1170BA2376B'

2018-06-10 00:24:26 - [TEST_STEP][PASSED] - Statement - Try: null

2018-06-10 00:24:26 - [TEST_STEP][PASSED] - Statement - StockQty = com.kms.katalon.core.webui.keyword.WebUiBuiltInKeywords.getAttribute(com.kms.katalon.core.testobject.ObjectRepository.findTestObject(DispensaryToStore/Page_Store/input_txtprice), "value"): Attribute 'value' of object 'Object Repository/DispensaryToStore/Page_Store/input_txtprice' is: '1565'

2018-06-10 00:24:26 - [MESSAGE][PASSED] - Attribute 'value' of object 'Object Repository/DispensaryToStore/Page_Store/input_txtprice' is: '1565'

2018-06-10 00:24:26 - [TEST_STEP][PASSED] - Statement - out.println("Stock QTY : " + StockQty): null

2018-06-10 00:24:26 - [TEST_STEP][PASSED] - delay: Delayed 2 second(s)

2018-06-10 00:24:28 - [MESSAGE][PASSED] - Delayed 2 second(s)

2018-06-10 00:24:28 - [TEST_STEP][PASSED] - Statement - If (java.lang.String.valueOf(StockQty) >= java.lang.String.valueOf(RequestedQty)): null

2018-06-10 00:24:28 - [TEST_STEP][PASSED] - setText: Text '10' is set on object 'Object Repository/DispensaryToStore/Page_Store/input_txtqty'

2018-06-10 00:24:28 - [MESSAGE][PASSED] - Text '10' is set on object 'Object Repository/DispensaryToStore/Page_Store/input_txtqty'

2018-06-10 00:24:28 - [TEST_STEP][PASSED] - click: Object: 'Object Repository/DispensaryToStore/Page_Store/button_Add' is clicked on

2018-06-10 00:24:28 - [MESSAGE][PASSED] - Object: 'Object Repository/DispensaryToStore/Page_Store/button_Add' is clicked on

2018-06-10 00:24:28 - [TEST_STEP][PASSED] - Statement - Break: null

2018-06-10 00:24:28 - [TEST_STEP][PASSED] - selectOptionByIndex: All options with index in [5] are selected on object 'Object Repository/DispensaryToStore/Page_Store/select_--Select--Adernaline 0.'

2018-06-10 00:24:28 - [MESSAGE][PASSED] - All options with index in [5] are selected on object 'Object Repository/DispensaryToStore/Page_Store/select_--Select--Adernaline 0.'

2018-06-10 00:24:28 - [TEST_STEP][PASSED] - delay: Delayed 2 second(s)

2018-06-10 00:24:30 - [MESSAGE][PASSED] - Delayed 2 second(s)

2018-06-10 00:24:30 - [TEST_STEP][PASSED] - Statement - RequestedQty = com.kms.katalon.core.webui.keyword.WebUiBuiltInKeywords.getAttribute(com.kms.katalon.core.testobject.ObjectRepository.findTestObject(DispensaryToStore/Page_Store/input_txttotal), "value"): Attribute 'value' of object 'Object Repository/DispensaryToStore/Page_Store/input_txttotal' is: '10'

2018-06-10 00:24:30 - [MESSAGE][PASSED] - Attribute 'value' of object 'Object Repository/DispensaryToStore/Page_Store/input_txttotal' is: '10'

2018-06-10 00:24:30 - [TEST_STEP][PASSED] - Statement - out.println("Requested QTY : " + RequestedQty): null

2018-06-10 00:24:30 - [TEST_STEP][PASSED] - Statement - BatchNumber = com.kms.katalon.core.webui.keyword.WebUiBuiltInKeywords.getNumberOfTotalOption(com.kms.katalon.core.testobject.ObjectRepository.findTestObject(DispensaryToStore/Page_Store/select_--Select--BA1170BA2376B)): 3 options of object 'Object Repository/DispensaryToStore/Page_Store/select_--Select--BA1170BA2376B' counted

2018-06-10 00:24:30 - [MESSAGE][PASSED] - 3 options of object 'Object Repository/DispensaryToStore/Page_Store/select_--Select--BA1170BA2376B' counted

2018-06-10 00:24:30 - [TEST_STEP][PASSED] - Statement - For ([g = 1, g <= BatchNumber - 1, (g++)]): null

2018-06-10 00:24:30 - [TEST_STEP][PASSED] - selectOptionByIndex: All options with index in [1] are selected on object 'Object Repository/DispensaryToStore/Page_Store/select_--Select--BA1170BA2376B'

2018-06-10 00:24:30 - [MESSAGE][PASSED] - All options with index in [1] are selected on object 'Object Repository/DispensaryToStore/Page_Store/select_--Select--BA1170BA2376B'

2018-06-10 00:24:30 - [TEST_STEP][PASSED] - Statement - Try: null

2018-06-10 00:24:30 - [TEST_STEP][PASSED] - Statement - StockQty = com.kms.katalon.core.webui.keyword.WebUiBuiltInKeywords.getAttribute(com.kms.katalon.core.testobject.ObjectRepository.findTestObject(DispensaryToStore/Page_Store/input_txtprice), "value"): Attribute 'value' of object 'Object Repository/DispensaryToStore/Page_Store/input_txtprice' is: '1585'

2018-06-10 00:24:30 - [MESSAGE][PASSED] - Attribute 'value' of object 'Object Repository/DispensaryToStore/Page_Store/input_txtprice' is: '1585'

2018-06-10 00:24:30 - [TEST_STEP][PASSED] - Statement - out.println("Stock QTY : " + StockQty): null

2018-06-10 00:24:30 - [TEST_STEP][PASSED] - delay: Delayed 2 second(s)

2018-06-10 00:24:32 - [MESSAGE][PASSED] - Delayed 2 second(s)

2018-06-10 00:24:32 - [TEST_STEP][PASSED] - Statement - If (java.lang.String.valueOf(StockQty) >= java.lang.String.valueOf(RequestedQty)): null

2018-06-10 00:24:32 - [TEST_STEP][PASSED] - setText: Text '10' is set on object 'Object Repository/DispensaryToStore/Page_Store/input_txtqty'

2018-06-10 00:24:32 - [MESSAGE][PASSED] - Text '10' is set on object 'Object Repository/DispensaryToStore/Page_Store/input_txtqty'

2018-06-10 00:24:32 - [TEST_STEP][PASSED] - click: Object: 'Object Repository/DispensaryToStore/Page_Store/button_Add' is clicked on

2018-06-10 00:24:32 - [MESSAGE][PASSED] - Object: 'Object Repository/DispensaryToStore/Page_Store/button_Add' is clicked on

2018-06-10 00:24:32 - [TEST_STEP][PASSED] - Statement - Break: null

2018-06-10 00:24:32 - [TEST_STEP][PASSED] - selectOptionByIndex: All options with index in [6] are selected on object 'Object Repository/DispensaryToStore/Page_Store/select_--Select--Adernaline 0.'

2018-06-10 00:24:32 - [MESSAGE][PASSED] - All options with index in [6] are selected on object 'Object Repository/DispensaryToStore/Page_Store/select_--Select--Adernaline 0.'

2018-06-10 00:24:32 - [TEST_STEP][PASSED] - delay: Delayed 2 second(s)

2018-06-10 00:24:34 - [MESSAGE][PASSED] - Delayed 2 second(s)

2018-06-10 00:24:34 - [TEST_STEP][PASSED] - Statement - RequestedQty = com.kms.katalon.core.webui.keyword.WebUiBuiltInKeywords.getAttribute(com.kms.katalon.core.testobject.ObjectRepository.findTestObject(DispensaryToStore/Page_Store/input_txttotal), "value"): Attribute 'value' of object 'Object Repository/DispensaryToStore/Page_Store/input_txttotal' is: '10'

2018-06-10 00:24:34 - [MESSAGE][PASSED] - Attribute 'value' of object 'Object Repository/DispensaryToStore/Page_Store/input_txttotal' is: '10'

2018-06-10 00:24:34 - [TEST_STEP][PASSED] - Statement - out.println("Requested QTY : " + RequestedQty): null

2018-06-10 00:24:34 - [TEST_STEP][PASSED] - Statement - BatchNumber = com.kms.katalon.core.webui.keyword.WebUiBuiltInKeywords.getNumberOfTotalOption(com.kms.katalon.core.testobject.ObjectRepository.findTestObject(DispensaryToStore/Page_Store/select_--Select--BA1170BA2376B)): 3 options of object 'Object Repository/DispensaryToStore/Page_Store/select_--Select--BA1170BA2376B' counted

2018-06-10 00:24:35 - [MESSAGE][PASSED] - 3 options of object 'Object Repository/DispensaryToStore/Page_Store/select_--Select--BA1170BA2376B' counted

2018-06-10 00:24:35 - [TEST_STEP][PASSED] - Statement - For ([g = 1, g <= BatchNumber - 1, (g++)]): null

2018-06-10 00:24:35 - [TEST_STEP][PASSED] - selectOptionByIndex: All options with index in [1] are selected on object 'Object Repository/DispensaryToStore/Page_Store/select_--Select--BA1170BA2376B'

2018-06-10 00:24:35 - [MESSAGE][PASSED] - All options with index in [1] are selected on object 'Object Repository/DispensaryToStore/Page_Store/select_--Select--BA1170BA2376B'

2018-06-10 00:24:35 - [TEST_STEP][PASSED] - Statement - Try: null

2018-06-10 00:24:35 - [TEST_STEP][PASSED] - Statement - StockQty = com.kms.katalon.core.webui.keyword.WebUiBuiltInKeywords.getAttribute(com.kms.katalon.core.testobject.ObjectRepository.findTestObject(DispensaryToStore/Page_Store/input_txtprice), "value"): Attribute 'value' of object 'Object Repository/DispensaryToStore/Page_Store/input_txtprice' is: '1240'

2018-06-10 00:24:35 - [MESSAGE][PASSED] - Attribute 'value' of object 'Object Repository/DispensaryToStore/Page_Store/input_txtprice' is: '1240'

2018-06-10 00:24:35 - [TEST_STEP][PASSED] - Statement - out.println("Stock QTY : " + StockQty): null

2018-06-10 00:24:35 - [TEST_STEP][PASSED] - delay: Delayed 2 second(s)

2018-06-10 00:24:37 - [MESSAGE][PASSED] - Delayed 2 second(s)

2018-06-10 00:24:37 - [TEST_STEP][PASSED] - Statement - If (java.lang.String.valueOf(StockQty) >= java.lang.String.valueOf(RequestedQty)): null

2018-06-10 00:24:37 - [TEST_STEP][PASSED] - setText: Text '10' is set on object 'Object Repository/DispensaryToStore/Page_Store/input_txtqty'

2018-06-10 00:24:37 - [MESSAGE][PASSED] - Text '10' is set on object 'Object Repository/DispensaryToStore/Page_Store/input_txtqty'

2018-06-10 00:24:37 - [TEST_STEP][PASSED] - click: Object: 'Object Repository/DispensaryToStore/Page_Store/button_Add' is clicked on

2018-06-10 00:24:37 - [MESSAGE][PASSED] - Object: 'Object Repository/DispensaryToStore/Page_Store/button_Add' is clicked on

2018-06-10 00:24:37 - [TEST_STEP][PASSED] - Statement - Break: null

2018-06-10 00:24:37 - [TEST_STEP][PASSED] - selectOptionByIndex: All options with index in [7] are selected on object 'Object Repository/DispensaryToStore/Page_Store/select_--Select--Adernaline 0.'

2018-06-10 00:24:37 - [MESSAGE][PASSED] - All options with index in [7] are selected on object 'Object Repository/DispensaryToStore/Page_Store/select_--Select--Adernaline 0.'

2018-06-10 00:24:37 - [TEST_STEP][PASSED] - delay: Delayed 2 second(s)

2018-06-10 00:24:39 - [MESSAGE][PASSED] - Delayed 2 second(s)

2018-06-10 00:24:39 - [TEST_STEP][PASSED] - Statement - RequestedQty = com.kms.katalon.core.webui.keyword.WebUiBuiltInKeywords.getAttribute(com.kms.katalon.core.testobject.ObjectRepository.findTestObject(DispensaryToStore/Page_Store/input_txttotal), "value"): Attribute 'value' of object 'Object Repository/DispensaryToStore/Page_Store/input_txttotal' is: '10'

2018-06-10 00:24:39 - [MESSAGE][PASSED] - Attribute 'value' of object 'Object Repository/DispensaryToStore/Page_Store/input_txttotal' is: '10'

2018-06-10 00:24:39 - [TEST_STEP][PASSED] - Statement - out.println("Requested QTY : " + RequestedQty): null

2018-06-10 00:24:39 - [TEST_STEP][PASSED] - Statement - BatchNumber = com.kms.katalon.core.webui.keyword.WebUiBuiltInKeywords.getNumberOfTotalOption(com.kms.katalon.core.testobject.ObjectRepository.findTestObject(DispensaryToStore/Page_Store/select_--Select--BA1170BA2376B)): 5 options of object 'Object Repository/DispensaryToStore/Page_Store/select_--Select--BA1170BA2376B' counted

2018-06-10 00:24:39 - [MESSAGE][PASSED] - 5 options of object 'Object Repository/DispensaryToStore/Page_Store/select_--Select--BA1170BA2376B' counted

2018-06-10 00:24:39 - [TEST_STEP][PASSED] - Statement - For ([g = 1, g <= BatchNumber - 1, (g++)]): null

2018-06-10 00:24:39 - [TEST_STEP][PASSED] - selectOptionByIndex: All options with index in [1] are selected on object 'Object Repository/DispensaryToStore/Page_Store/select_--Select--BA1170BA2376B'

2018-06-10 00:24:39 - [MESSAGE][PASSED] - All options with index in [1] are selected on object 'Object Repository/DispensaryToStore/Page_Store/select_--Select--BA1170BA2376B'

2018-06-10 00:24:39 - [TEST_STEP][PASSED] - Statement - Try: null

2018-06-10 00:24:39 - [TEST_STEP][PASSED] - Statement - StockQty = com.kms.katalon.core.webui.keyword.WebUiBuiltInKeywords.getAttribute(com.kms.katalon.core.testobject.ObjectRepository.findTestObject(DispensaryToStore/Page_Store/input_txtprice), "value"): Attribute 'value' of object 'Object Repository/DispensaryToStore/Page_Store/input_txtprice' is: '4'

2018-06-10 00:24:39 - [MESSAGE][PASSED] - Attribute 'value' of object 'Object Repository/DispensaryToStore/Page_Store/input_txtprice' is: '4'

2018-06-10 00:24:39 - [TEST_STEP][PASSED] - Statement - out.println("Stock QTY : " + StockQty): null

2018-06-10 00:24:39 - [TEST_STEP][PASSED] - delay: Delayed 2 second(s)

2018-06-10 00:24:41 - [MESSAGE][PASSED] - Delayed 2 second(s)

2018-06-10 00:24:41 - [TEST_STEP][PASSED] - Statement - If (java.lang.String.valueOf(StockQty) >= java.lang.String.valueOf(RequestedQty)): null

2018-06-10 00:24:41 - [TEST_STEP][PASSED] - setText: Text '10' is set on object 'Object Repository/DispensaryToStore/Page_Store/input_txtqty'

2018-06-10 00:24:41 - [MESSAGE][PASSED] - Text '10' is set on object 'Object Repository/DispensaryToStore/Page_Store/input_txtqty'

2018-06-10 00:24:41 - [TEST_STEP][PASSED] - click: Object: 'Object Repository/DispensaryToStore/Page_Store/button_Add' is clicked on

2018-06-10 00:24:41 - [MESSAGE][PASSED] - Object: 'Object Repository/DispensaryToStore/Page_Store/button_Add' is clicked on

2018-06-10 00:24:41 - [TEST_STEP][PASSED] - Statement - Break: null

2018-06-10 00:24:41 - [TEST_STEP][PASSED] - selectOptionByIndex: All options with index in [8] are selected on object 'Object Repository/DispensaryToStore/Page_Store/select_--Select--Adernaline 0.'

2018-06-10 00:24:42 - [MESSAGE][PASSED] - All options with index in [8] are selected on object 'Object Repository/DispensaryToStore/Page_Store/select_--Select--Adernaline 0.'

2018-06-10 00:24:42 - [TEST_STEP][PASSED] - delay: Delayed 2 second(s)

2018-06-10 00:24:44 - [MESSAGE][PASSED] - Delayed 2 second(s)

2018-06-10 00:24:44 - [TEST_STEP][PASSED] - Statement - RequestedQty = com.kms.katalon.core.webui.keyword.WebUiBuiltInKeywords.getAttribute(com.kms.katalon.core.testobject.ObjectRepository.findTestObject(DispensaryToStore/Page_Store/input_txttotal), "value"): Attribute 'value' of object 'Object Repository/DispensaryToStore/Page_Store/input_txttotal' is: '10'

2018-06-10 00:24:44 - [MESSAGE][PASSED] - Attribute 'value' of object 'Object Repository/DispensaryToStore/Page_Store/input_txttotal' is: '10'

2018-06-10 00:24:44 - [TEST_STEP][PASSED] - Statement - out.println("Requested QTY : " + RequestedQty): null

2018-06-10 00:24:44 - [TEST_STEP][PASSED] - Statement - BatchNumber = com.kms.katalon.core.webui.keyword.WebUiBuiltInKeywords.getNumberOfTotalOption(com.kms.katalon.core.testobject.ObjectRepository.findTestObject(DispensaryToStore/Page_Store/select_--Select--BA1170BA2376B)): 3 options of object 'Object Repository/DispensaryToStore/Page_Store/select_--Select--BA1170BA2376B' counted

2018-06-10 00:24:44 - [MESSAGE][PASSED] - 3 options of object 'Object Repository/DispensaryToStore/Page_Store/select_--Select--BA1170BA2376B' counted

2018-06-10 00:24:44 - [TEST_STEP][FAILED] - Statement - For ([g = 1, g <= BatchNumber - 1, (g++)]): null

2018-06-10 00:24:44 - [TEST_STEP][PASSED] - selectOptionByIndex: All options with index in [1] are selected on object 'Object Repository/DispensaryToStore/Page_Store/select_--Select--BA1170BA2376B'

2018-06-10 00:24:44 - [MESSAGE][PASSED] - All options with index in [1] are selected on object 'Object Repository/DispensaryToStore/Page_Store/select_--Select--BA1170BA2376B'

2018-06-10 00:24:44 - [TEST_STEP][FAILED] - Statement - Try: Unable to set text '10' of object 'Object Repository/DispensaryToStore/Page_Store/input_txtqty' (Root cause: org.openqa.selenium.WebDriverException: unknown error: cannot focus element
  (Session info: chrome=66.0.3359.181)
  (Driver info: chromedriver=2.35.528161 (5b82f2d2aae0ca24b877009200ced9065a772e73),platform=Windows NT 10.0.17134 x86_64) (WARNING: The server did not provide any stacktrace information)
Command duration or timeout: 0 milliseconds
Build info: version: '3.7.1', revision: '8a0099a', time: '2017-11-06T21:07:36.161Z'
System info: host: 'DESKTOP-BLFTK83', ip: '169.254.189.85', os.name: 'Windows 10', os.arch: 'amd64', os.version: '10.0', java.version: '1.8.0_102'
Driver info: com.kms.katalon.selenium.driver.CChromeDriver
Capabilities {acceptInsecureCerts: false, acceptSslCerts: false, applicationCacheEnabled: false, browserConnectionEnabled: false, browserName: chrome, chrome: {chromedriverVersion: 2.35.528161 (5b82f2d2aae0ca..., userDataDir: C:\Users\QUALIT~1\AppData\L...}, cssSelectorsEnabled: true, databaseEnabled: false, handlesAlerts: true, hasTouchScreen: false, javascriptEnabled: true, locationContextEnabled: true, mobileEmulationEnabled: false, nativeEvents: true, networkConnectionEnabled: false, pageLoadStrategy: normal, platform: XP, platformName: XP, rotatable: false, setWindowRect: true, takesHeapSnapshot: true, takesScreenshot: true, unexpectedAlertBehaviour: , unhandledPromptBehavior: , version: 66.0.3359.181, webStorageEnabled: true}
Session ID: 619039285ad19e39cf8e5da961ccead4)

2018-06-10 00:24:44 - [TEST_STEP][PASSED] - Statement - StockQty = com.kms.katalon.core.webui.keyword.WebUiBuiltInKeywords.getAttribute(com.kms.katalon.core.testobject.ObjectRepository.findTestObject(DispensaryToStore/Page_Store/input_txtprice), "value"): Attribute 'value' of object 'Object Repository/DispensaryToStore/Page_Store/input_txtprice' is: '1364'

2018-06-10 00:24:44 - [MESSAGE][PASSED] - Attribute 'value' of object 'Object Repository/DispensaryToStore/Page_Store/input_txtprice' is: '1364'

2018-06-10 00:24:44 - [TEST_STEP][PASSED] - Statement - out.println("Stock QTY : " + StockQty): null

2018-06-10 00:24:44 - [TEST_STEP][PASSED] - delay: Delayed 2 second(s)

2018-06-10 00:24:46 - [MESSAGE][PASSED] - Delayed 2 second(s)

2018-06-10 00:24:46 - [TEST_STEP][FAILED] - Statement - If (java.lang.String.valueOf(StockQty) >= java.lang.String.valueOf(RequestedQty)): Unable to set text '10' of object 'Object Repository/DispensaryToStore/Page_Store/input_txtqty' (Root cause: org.openqa.selenium.WebDriverException: unknown error: cannot focus element
  (Session info: chrome=66.0.3359.181)
  (Driver info: chromedriver=2.35.528161 (5b82f2d2aae0ca24b877009200ced9065a772e73),platform=Windows NT 10.0.17134 x86_64) (WARNING: The server did not provide any stacktrace information)
Command duration or timeout: 0 milliseconds
Build info: version: '3.7.1', revision: '8a0099a', time: '2017-11-06T21:07:36.161Z'
System info: host: 'DESKTOP-BLFTK83', ip: '169.254.189.85', os.name: 'Windows 10', os.arch: 'amd64', os.version: '10.0', java.version: '1.8.0_102'
Driver info: com.kms.katalon.selenium.driver.CChromeDriver
Capabilities {acceptInsecureCerts: false, acceptSslCerts: false, applicationCacheEnabled: false, browserConnectionEnabled: false, browserName: chrome, chrome: {chromedriverVersion: 2.35.528161 (5b82f2d2aae0ca..., userDataDir: C:\Users\QUALIT~1\AppData\L...}, cssSelectorsEnabled: true, databaseEnabled: false, handlesAlerts: true, hasTouchScreen: false, javascriptEnabled: true, locationContextEnabled: true, mobileEmulationEnabled: false, nativeEvents: true, networkConnectionEnabled: false, pageLoadStrategy: normal, platform: XP, platformName: XP, rotatable: false, setWindowRect: true, takesHeapSnapshot: true, takesScreenshot: true, unexpectedAlertBehaviour: , unhandledPromptBehavior: , version: 66.0.3359.181, webStorageEnabled: true}
Session ID: 619039285ad19e39cf8e5da961ccead4)

2018-06-10 00:24:46 - [TEST_STEP][FAILED] - setText: Unable to set text '10' of object 'Object Repository/DispensaryToStore/Page_Store/input_txtqty' (Root cause: org.openqa.selenium.WebDriverException: unknown error: cannot focus element
  (Session info: chrome=66.0.3359.181)
  (Driver info: chromedriver=2.35.528161 (5b82f2d2aae0ca24b877009200ced9065a772e73),platform=Windows NT 10.0.17134 x86_64) (WARNING: The server did not provide any stacktrace information)
Command duration or timeout: 0 milliseconds
Build info: version: '3.7.1', revision: '8a0099a', time: '2017-11-06T21:07:36.161Z'
System info: host: 'DESKTOP-BLFTK83', ip: '169.254.189.85', os.name: 'Windows 10', os.arch: 'amd64', os.version: '10.0', java.version: '1.8.0_102'
Driver info: com.kms.katalon.selenium.driver.CChromeDriver
Capabilities {acceptInsecureCerts: false, acceptSslCerts: false, applicationCacheEnabled: false, browserConnectionEnabled: false, browserName: chrome, chrome: {chromedriverVersion: 2.35.528161 (5b82f2d2aae0ca..., userDataDir: C:\Users\QUALIT~1\AppData\L...}, cssSelectorsEnabled: true, databaseEnabled: false, handlesAlerts: true, hasTouchScreen: false, javascriptEnabled: true, locationContextEnabled: true, mobileEmulationEnabled: false, nativeEvents: true, networkConnectionEnabled: false, pageLoadStrategy: normal, platform: XP, platformName: XP, rotatable: false, setWindowRect: true, takesHeapSnapshot: true, takesScreenshot: true, unexpectedAlertBehaviour: , unhandledPromptBehavior: , version: 66.0.3359.181, webStorageEnabled: true}
Session ID: 619039285ad19e39cf8e5da961ccead4)

2018-06-10 00:24:46 - [MESSAGE][FAILED] - Unable to set text '10' of object 'Object Repository/DispensaryToStore/Page_Store/input_txtqty' (Root cause: org.openqa.selenium.WebDriverException: unknown error: cannot focus element
  (Session info: chrome=66.0.3359.181)
  (Driver info: chromedriver=2.35.528161 (5b82f2d2aae0ca24b877009200ced9065a772e73),platform=Windows NT 10.0.17134 x86_64) (WARNING: The server did not provide any stacktrace information)
Command duration or timeout: 0 milliseconds
Build info: version: '3.7.1', revision: '8a0099a', time: '2017-11-06T21:07:36.161Z'
System info: host: 'DESKTOP-BLFTK83', ip: '169.254.189.85', os.name: 'Windows 10', os.arch: 'amd64', os.version: '10.0', java.version: '1.8.0_102'
Driver info: com.kms.katalon.selenium.driver.CChromeDriver
Capabilities {acceptInsecureCerts: false, acceptSslCerts: false, applicationCacheEnabled: false, browserConnectionEnabled: false, browserName: chrome, chrome: {chromedriverVersion: 2.35.528161 (5b82f2d2aae0ca..., userDataDir: C:\Users\QUALIT~1\AppData\L...}, cssSelectorsEnabled: true, databaseEnabled: false, handlesAlerts: true, hasTouchScreen: false, javascriptEnabled: true, locationContextEnabled: true, mobileEmulationEnabled: false, nativeEvents: true, networkConnectionEnabled: false, pageLoadStrategy: normal, platform: XP, platformName: XP, rotatable: false, setWindowRect: true, takesHeapSnapshot: true, takesScreenshot: true, unexpectedAlertBehaviour: , unhandledPromptBehavior: , version: 66.0.3359.181, webStorageEnabled: true}
Session ID: 619039285ad19e39cf8e5da961ccead4)
[[ATTACHMENT|C:\\Users\\Quality Analyst\\Katalon Studio\\ds\\Reports\\Dispensary_Store_Suite\\20180609_181700\\1528570486466.png]]

2018-06-10 00:24:46 - [TEST_STEP][PASSED] - Statement - Catch (Exception e): null

2018-06-10 00:24:46 - [TEST_STEP][PASSED] - click: Object: 'Object Repository/DispensaryToStore/Page_Store/button_OK' is clicked on

2018-06-10 00:24:46 - [MESSAGE][PASSED] - Object: 'Object Repository/DispensaryToStore/Page_Store/button_OK' is clicked on

2018-06-10 00:24:46 - [TEST_STEP][PASSED] - Statement - <not implemented yet for class: org.codehaus.groovy.ast.stmt.ContinueStatement>: null

2018-06-10 00:24:46 - [TEST_STEP][PASSED] - selectOptionByIndex: All options with index in [2] are selected on object 'Object Repository/DispensaryToStore/Page_Store/select_--Select--BA1170BA2376B'

2018-06-10 00:24:47 - [MESSAGE][PASSED] - All options with index in [2] are selected on object 'Object Repository/DispensaryToStore/Page_Store/select_--Select--BA1170BA2376B'

2018-06-10 00:24:47 - [TEST_STEP][PASSED] - Statement - Try: null

2018-06-10 00:24:47 - [TEST_STEP][PASSED] - Statement - StockQty = com.kms.katalon.core.webui.keyword.WebUiBuiltInKeywords.getAttribute(com.kms.katalon.core.testobject.ObjectRepository.findTestObject(DispensaryToStore/Page_Store/input_txtprice), "value"): Attribute 'value' of object 'Object Repository/DispensaryToStore/Page_Store/input_txtprice' is: '529'

2018-06-10 00:24:47 - [MESSAGE][PASSED] - Attribute 'value' of object 'Object Repository/DispensaryToStore/Page_Store/input_txtprice' is: '529'

2018-06-10 00:24:47 - [TEST_STEP][PASSED] - Statement - out.println("Stock QTY : " + StockQty): null

2018-06-10 00:24:47 - [TEST_STEP][PASSED] - delay: Delayed 2 second(s)

2018-06-10 00:24:49 - [MESSAGE][PASSED] - Delayed 2 second(s)

2018-06-10 00:24:49 - [TEST_STEP][PASSED] - Statement - If (java.lang.String.valueOf(StockQty) >= java.lang.String.valueOf(RequestedQty)): null

2018-06-10 00:24:49 - [TEST_STEP][PASSED] - setText: Text '10' is set on object 'Object Repository/DispensaryToStore/Page_Store/input_txtqty'

2018-06-10 00:24:49 - [MESSAGE][PASSED] - Text '10' is set on object 'Object Repository/DispensaryToStore/Page_Store/input_txtqty'

2018-06-10 00:24:49 - [TEST_STEP][PASSED] - click: Object: 'Object Repository/DispensaryToStore/Page_Store/button_Add' is clicked on

2018-06-10 00:24:49 - [MESSAGE][PASSED] - Object: 'Object Repository/DispensaryToStore/Page_Store/button_Add' is clicked on

2018-06-10 00:24:49 - [TEST_STEP][PASSED] - Statement - Break: null

2018-06-10 00:24:49 - [TEST_STEP][PASSED] - selectOptionByIndex: All options with index in [9] are selected on object 'Object Repository/DispensaryToStore/Page_Store/select_--Select--Adernaline 0.'

2018-06-10 00:24:49 - [MESSAGE][PASSED] - All options with index in [9] are selected on object 'Object Repository/DispensaryToStore/Page_Store/select_--Select--Adernaline 0.'

2018-06-10 00:24:49 - [TEST_STEP][PASSED] - delay: Delayed 2 second(s)

2018-06-10 00:24:51 - [MESSAGE][PASSED] - Delayed 2 second(s)

2018-06-10 00:24:51 - [TEST_STEP][PASSED] - Statement - RequestedQty = com.kms.katalon.core.webui.keyword.WebUiBuiltInKeywords.getAttribute(com.kms.katalon.core.testobject.ObjectRepository.findTestObject(DispensaryToStore/Page_Store/input_txttotal), "value"): Attribute 'value' of object 'Object Repository/DispensaryToStore/Page_Store/input_txttotal' is: '10'

2018-06-10 00:24:51 - [MESSAGE][PASSED] - Attribute 'value' of object 'Object Repository/DispensaryToStore/Page_Store/input_txttotal' is: '10'

2018-06-10 00:24:51 - [TEST_STEP][PASSED] - Statement - out.println("Requested QTY : " + RequestedQty): null

2018-06-10 00:24:51 - [TEST_STEP][PASSED] - Statement - BatchNumber = com.kms.katalon.core.webui.keyword.WebUiBuiltInKeywords.getNumberOfTotalOption(com.kms.katalon.core.testobject.ObjectRepository.findTestObject(DispensaryToStore/Page_Store/select_--Select--BA1170BA2376B)): 3 options of object 'Object Repository/DispensaryToStore/Page_Store/select_--Select--BA1170BA2376B' counted

2018-06-10 00:24:51 - [MESSAGE][PASSED] - 3 options of object 'Object Repository/DispensaryToStore/Page_Store/select_--Select--BA1170BA2376B' counted

2018-06-10 00:24:51 - [TEST_STEP][PASSED] - Statement - For ([g = 1, g <= BatchNumber - 1, (g++)]): null

2018-06-10 00:24:51 - [TEST_STEP][PASSED] - selectOptionByIndex: All options with index in [1] are selected on object 'Object Repository/DispensaryToStore/Page_Store/select_--Select--BA1170BA2376B'

2018-06-10 00:24:51 - [MESSAGE][PASSED] - All options with index in [1] are selected on object 'Object Repository/DispensaryToStore/Page_Store/select_--Select--BA1170BA2376B'

2018-06-10 00:24:51 - [TEST_STEP][PASSED] - Statement - Try: null

2018-06-10 00:24:51 - [TEST_STEP][PASSED] - Statement - StockQty = com.kms.katalon.core.webui.keyword.WebUiBuiltInKeywords.getAttribute(com.kms.katalon.core.testobject.ObjectRepository.findTestObject(DispensaryToStore/Page_Store/input_txtprice), "value"): Attribute 'value' of object 'Object Repository/DispensaryToStore/Page_Store/input_txtprice' is: '899'

2018-06-10 00:24:51 - [MESSAGE][PASSED] - Attribute 'value' of object 'Object Repository/DispensaryToStore/Page_Store/input_txtprice' is: '899'

2018-06-10 00:24:51 - [TEST_STEP][PASSED] - Statement - out.println("Stock QTY : " + StockQty): null

2018-06-10 00:24:51 - [TEST_STEP][PASSED] - delay: Delayed 2 second(s)

2018-06-10 00:24:53 - [MESSAGE][PASSED] - Delayed 2 second(s)

2018-06-10 00:24:53 - [TEST_STEP][PASSED] - Statement - If (java.lang.String.valueOf(StockQty) >= java.lang.String.valueOf(RequestedQty)): null

2018-06-10 00:24:53 - [TEST_STEP][PASSED] - setText: Text '10' is set on object 'Object Repository/DispensaryToStore/Page_Store/input_txtqty'

2018-06-10 00:24:53 - [MESSAGE][PASSED] - Text '10' is set on object 'Object Repository/DispensaryToStore/Page_Store/input_txtqty'

2018-06-10 00:24:53 - [TEST_STEP][PASSED] - click: Object: 'Object Repository/DispensaryToStore/Page_Store/button_Add' is clicked on

2018-06-10 00:24:53 - [MESSAGE][PASSED] - Object: 'Object Repository/DispensaryToStore/Page_Store/button_Add' is clicked on

2018-06-10 00:24:53 - [TEST_STEP][PASSED] - Statement - Break: null

2018-06-10 00:24:53 - [TEST_STEP][PASSED] - selectOptionByIndex: All options with index in [10] are selected on object 'Object Repository/DispensaryToStore/Page_Store/select_--Select--Adernaline 0.'

2018-06-10 00:24:54 - [MESSAGE][PASSED] - All options with index in [10] are selected on object 'Object Repository/DispensaryToStore/Page_Store/select_--Select--Adernaline 0.'

2018-06-10 00:24:54 - [TEST_STEP][PASSED] - delay: Delayed 2 second(s)

2018-06-10 00:24:56 - [MESSAGE][PASSED] - Delayed 2 second(s)

2018-06-10 00:24:56 - [TEST_STEP][PASSED] - Statement - RequestedQty = com.kms.katalon.core.webui.keyword.WebUiBuiltInKeywords.getAttribute(com.kms.katalon.core.testobject.ObjectRepository.findTestObject(DispensaryToStore/Page_Store/input_txttotal), "value"): Attribute 'value' of object 'Object Repository/DispensaryToStore/Page_Store/input_txttotal' is: '10'

2018-06-10 00:24:56 - [MESSAGE][PASSED] - Attribute 'value' of object 'Object Repository/DispensaryToStore/Page_Store/input_txttotal' is: '10'

2018-06-10 00:24:56 - [TEST_STEP][PASSED] - Statement - out.println("Requested QTY : " + RequestedQty): null

2018-06-10 00:24:56 - [TEST_STEP][PASSED] - Statement - BatchNumber = com.kms.katalon.core.webui.keyword.WebUiBuiltInKeywords.getNumberOfTotalOption(com.kms.katalon.core.testobject.ObjectRepository.findTestObject(DispensaryToStore/Page_Store/select_--Select--BA1170BA2376B)): 3 options of object 'Object Repository/DispensaryToStore/Page_Store/select_--Select--BA1170BA2376B' counted

2018-06-10 00:24:56 - [MESSAGE][PASSED] - 3 options of object 'Object Repository/DispensaryToStore/Page_Store/select_--Select--BA1170BA2376B' counted

2018-06-10 00:24:56 - [TEST_STEP][PASSED] - Statement - For ([g = 1, g <= BatchNumber - 1, (g++)]): null

2018-06-10 00:24:56 - [TEST_STEP][PASSED] - selectOptionByIndex: All options with index in [1] are selected on object 'Object Repository/DispensaryToStore/Page_Store/select_--Select--BA1170BA2376B'

2018-06-10 00:24:56 - [MESSAGE][PASSED] - All options with index in [1] are selected on object 'Object Repository/DispensaryToStore/Page_Store/select_--Select--BA1170BA2376B'

2018-06-10 00:24:56 - [TEST_STEP][PASSED] - Statement - Try: null

2018-06-10 00:24:56 - [TEST_STEP][PASSED] - Statement - StockQty = com.kms.katalon.core.webui.keyword.WebUiBuiltInKeywords.getAttribute(com.kms.katalon.core.testobject.ObjectRepository.findTestObject(DispensaryToStore/Page_Store/input_txtprice), "value"): Attribute 'value' of object 'Object Repository/DispensaryToStore/Page_Store/input_txtprice' is: ''

2018-06-10 00:24:56 - [MESSAGE][PASSED] - Attribute 'value' of object 'Object Repository/DispensaryToStore/Page_Store/input_txtprice' is: ''

2018-06-10 00:24:56 - [TEST_STEP][PASSED] - Statement - out.println("Stock QTY : " + StockQty): null

2018-06-10 00:24:56 - [TEST_STEP][PASSED] - delay: Delayed 2 second(s)

2018-06-10 00:24:58 - [MESSAGE][PASSED] - Delayed 2 second(s)

2018-06-10 00:24:58 - [TEST_STEP][PASSED] - Statement - If (java.lang.String.valueOf(StockQty) >= java.lang.String.valueOf(RequestedQty)): null

2018-06-10 00:24:58 - [TEST_STEP][PASSED] - Statement - Else: null

2018-06-10 00:24:58 - [TEST_STEP][PASSED] - Statement - out.println("Stock Is Less Than Requested Qty"): null

2018-06-10 00:24:58 - [TEST_STEP][PASSED] - selectOptionByIndex: All options with index in [2] are selected on object 'Object Repository/DispensaryToStore/Page_Store/select_--Select--BA1170BA2376B'

2018-06-10 00:24:58 - [MESSAGE][PASSED] - All options with index in [2] are selected on object 'Object Repository/DispensaryToStore/Page_Store/select_--Select--BA1170BA2376B'

2018-06-10 00:24:58 - [TEST_STEP][PASSED] - Statement - Try: null

2018-06-10 00:24:58 - [TEST_STEP][PASSED] - Statement - StockQty = com.kms.katalon.core.webui.keyword.WebUiBuiltInKeywords.getAttribute(com.kms.katalon.core.testobject.ObjectRepository.findTestObject(DispensaryToStore/Page_Store/input_txtprice), "value"): Attribute 'value' of object 'Object Repository/DispensaryToStore/Page_Store/input_txtprice' is: '1565'

2018-06-10 00:24:58 - [MESSAGE][PASSED] - Attribute 'value' of object 'Object Repository/DispensaryToStore/Page_Store/input_txtprice' is: '1565'

2018-06-10 00:24:58 - [TEST_STEP][PASSED] - Statement - out.println("Stock QTY : " + StockQty): null

2018-06-10 00:24:58 - [TEST_STEP][PASSED] - delay: Delayed 2 second(s)

2018-06-10 00:25:00 - [MESSAGE][PASSED] - Delayed 2 second(s)

2018-06-10 00:25:00 - [TEST_STEP][PASSED] - Statement - If (java.lang.String.valueOf(StockQty) >= java.lang.String.valueOf(RequestedQty)): null

2018-06-10 00:25:00 - [TEST_STEP][PASSED] - setText: Text '10' is set on object 'Object Repository/DispensaryToStore/Page_Store/input_txtqty'

2018-06-10 00:25:00 - [MESSAGE][PASSED] - Text '10' is set on object 'Object Repository/DispensaryToStore/Page_Store/input_txtqty'

2018-06-10 00:25:00 - [TEST_STEP][PASSED] - click: Object: 'Object Repository/DispensaryToStore/Page_Store/button_Add' is clicked on

2018-06-10 00:25:00 - [MESSAGE][PASSED] - Object: 'Object Repository/DispensaryToStore/Page_Store/button_Add' is clicked on

2018-06-10 00:25:00 - [TEST_STEP][PASSED] - Statement - Break: null

2018-06-10 00:25:00 - [TEST_STEP][PASSED] - selectOptionByIndex: All options with index in [11] are selected on object 'Object Repository/DispensaryToStore/Page_Store/select_--Select--Adernaline 0.'

2018-06-10 00:25:00 - [MESSAGE][PASSED] - All options with index in [11] are selected on object 'Object Repository/DispensaryToStore/Page_Store/select_--Select--Adernaline 0.'

2018-06-10 00:25:00 - [TEST_STEP][PASSED] - delay: Delayed 2 second(s)

2018-06-10 00:25:02 - [MESSAGE][PASSED] - Delayed 2 second(s)

2018-06-10 00:25:02 - [TEST_STEP][PASSED] - Statement - RequestedQty = com.kms.katalon.core.webui.keyword.WebUiBuiltInKeywords.getAttribute(com.kms.katalon.core.testobject.ObjectRepository.findTestObject(DispensaryToStore/Page_Store/input_txttotal), "value"): Attribute 'value' of object 'Object Repository/DispensaryToStore/Page_Store/input_txttotal' is: '10'

2018-06-10 00:25:02 - [MESSAGE][PASSED] - Attribute 'value' of object 'Object Repository/DispensaryToStore/Page_Store/input_txttotal' is: '10'

2018-06-10 00:25:02 - [TEST_STEP][PASSED] - Statement - out.println("Requested QTY : " + RequestedQty): null

2018-06-10 00:25:02 - [TEST_STEP][PASSED] - Statement - BatchNumber = com.kms.katalon.core.webui.keyword.WebUiBuiltInKeywords.getNumberOfTotalOption(com.kms.katalon.core.testobject.ObjectRepository.findTestObject(DispensaryToStore/Page_Store/select_--Select--BA1170BA2376B)): 3 options of object 'Object Repository/DispensaryToStore/Page_Store/select_--Select--BA1170BA2376B' counted

2018-06-10 00:25:02 - [MESSAGE][PASSED] - 3 options of object 'Object Repository/DispensaryToStore/Page_Store/select_--Select--BA1170BA2376B' counted

2018-06-10 00:25:02 - [TEST_STEP][PASSED] - Statement - For ([g = 1, g <= BatchNumber - 1, (g++)]): null

2018-06-10 00:25:02 - [TEST_STEP][PASSED] - selectOptionByIndex: All options with index in [1] are selected on object 'Object Repository/DispensaryToStore/Page_Store/select_--Select--BA1170BA2376B'

2018-06-10 00:25:03 - [MESSAGE][PASSED] - All options with index in [1] are selected on object 'Object Repository/DispensaryToStore/Page_Store/select_--Select--BA1170BA2376B'

2018-06-10 00:25:03 - [TEST_STEP][PASSED] - Statement - Try: null

2018-06-10 00:25:03 - [TEST_STEP][PASSED] - Statement - StockQty = com.kms.katalon.core.webui.keyword.WebUiBuiltInKeywords.getAttribute(com.kms.katalon.core.testobject.ObjectRepository.findTestObject(DispensaryToStore/Page_Store/input_txtprice), "value"): Attribute 'value' of object 'Object Repository/DispensaryToStore/Page_Store/input_txtprice' is: '1381'

2018-06-10 00:25:03 - [MESSAGE][PASSED] - Attribute 'value' of object 'Object Repository/DispensaryToStore/Page_Store/input_txtprice' is: '1381'

2018-06-10 00:25:03 - [TEST_STEP][PASSED] - Statement - out.println("Stock QTY : " + StockQty): null

2018-06-10 00:25:03 - [TEST_STEP][PASSED] - delay: Delayed 2 second(s)

2018-06-10 00:25:05 - [MESSAGE][PASSED] - Delayed 2 second(s)

2018-06-10 00:25:05 - [TEST_STEP][PASSED] - Statement - If (java.lang.String.valueOf(StockQty) >= java.lang.String.valueOf(RequestedQty)): null

2018-06-10 00:25:05 - [TEST_STEP][PASSED] - setText: Text '10' is set on object 'Object Repository/DispensaryToStore/Page_Store/input_txtqty'

2018-06-10 00:25:05 - [MESSAGE][PASSED] - Text '10' is set on object 'Object Repository/DispensaryToStore/Page_Store/input_txtqty'

2018-06-10 00:25:05 - [TEST_STEP][PASSED] - click: Object: 'Object Repository/DispensaryToStore/Page_Store/button_Add' is clicked on

2018-06-10 00:25:05 - [MESSAGE][PASSED] - Object: 'Object Repository/DispensaryToStore/Page_Store/button_Add' is clicked on

2018-06-10 00:25:05 - [TEST_STEP][PASSED] - Statement - Break: null

2018-06-10 00:25:05 - [TEST_STEP][PASSED] - selectOptionByIndex: All options with index in [12] are selected on object 'Object Repository/DispensaryToStore/Page_Store/select_--Select--Adernaline 0.'

2018-06-10 00:25:05 - [MESSAGE][PASSED] - All options with index in [12] are selected on object 'Object Repository/DispensaryToStore/Page_Store/select_--Select--Adernaline 0.'

2018-06-10 00:25:05 - [TEST_STEP][PASSED] - delay: Delayed 2 second(s)

2018-06-10 00:25:07 - [MESSAGE][PASSED] - Delayed 2 second(s)

2018-06-10 00:25:07 - [TEST_STEP][PASSED] - Statement - RequestedQty = com.kms.katalon.core.webui.keyword.WebUiBuiltInKeywords.getAttribute(com.kms.katalon.core.testobject.ObjectRepository.findTestObject(DispensaryToStore/Page_Store/input_txttotal), "value"): Attribute 'value' of object 'Object Repository/DispensaryToStore/Page_Store/input_txttotal' is: '10'

2018-06-10 00:25:07 - [MESSAGE][PASSED] - Attribute 'value' of object 'Object Repository/DispensaryToStore/Page_Store/input_txttotal' is: '10'

2018-06-10 00:25:07 - [TEST_STEP][PASSED] - Statement - out.println("Requested QTY : " + RequestedQty): null

2018-06-10 00:25:07 - [TEST_STEP][PASSED] - Statement - BatchNumber = com.kms.katalon.core.webui.keyword.WebUiBuiltInKeywords.getNumberOfTotalOption(com.kms.katalon.core.testobject.ObjectRepository.findTestObject(DispensaryToStore/Page_Store/select_--Select--BA1170BA2376B)): 3 options of object 'Object Repository/DispensaryToStore/Page_Store/select_--Select--BA1170BA2376B' counted

2018-06-10 00:25:07 - [MESSAGE][PASSED] - 3 options of object 'Object Repository/DispensaryToStore/Page_Store/select_--Select--BA1170BA2376B' counted

2018-06-10 00:25:07 - [TEST_STEP][PASSED] - Statement - For ([g = 1, g <= BatchNumber - 1, (g++)]): null

2018-06-10 00:25:07 - [TEST_STEP][PASSED] - selectOptionByIndex: All options with index in [1] are selected on object 'Object Repository/DispensaryToStore/Page_Store/select_--Select--BA1170BA2376B'

2018-06-10 00:25:07 - [MESSAGE][PASSED] - All options with index in [1] are selected on object 'Object Repository/DispensaryToStore/Page_Store/select_--Select--BA1170BA2376B'

2018-06-10 00:25:07 - [TEST_STEP][PASSED] - Statement - Try: null

2018-06-10 00:25:07 - [TEST_STEP][PASSED] - Statement - StockQty = com.kms.katalon.core.webui.keyword.WebUiBuiltInKeywords.getAttribute(com.kms.katalon.core.testobject.ObjectRepository.findTestObject(DispensaryToStore/Page_Store/input_txtprice), "value"): Attribute 'value' of object 'Object Repository/DispensaryToStore/Page_Store/input_txtprice' is: '1540'

2018-06-10 00:25:07 - [MESSAGE][PASSED] - Attribute 'value' of object 'Object Repository/DispensaryToStore/Page_Store/input_txtprice' is: '1540'

2018-06-10 00:25:07 - [TEST_STEP][PASSED] - Statement - out.println("Stock QTY : " + StockQty): null

2018-06-10 00:25:07 - [TEST_STEP][PASSED] - delay: Delayed 2 second(s)

2018-06-10 00:25:09 - [MESSAGE][PASSED] - Delayed 2 second(s)

2018-06-10 00:25:09 - [TEST_STEP][PASSED] - Statement - If (java.lang.String.valueOf(StockQty) >= java.lang.String.valueOf(RequestedQty)): null

2018-06-10 00:25:09 - [TEST_STEP][PASSED] - setText: Text '10' is set on object 'Object Repository/DispensaryToStore/Page_Store/input_txtqty'

2018-06-10 00:25:09 - [MESSAGE][PASSED] - Text '10' is set on object 'Object Repository/DispensaryToStore/Page_Store/input_txtqty'

2018-06-10 00:25:09 - [TEST_STEP][PASSED] - click: Object: 'Object Repository/DispensaryToStore/Page_Store/button_Add' is clicked on

2018-06-10 00:25:09 - [MESSAGE][PASSED] - Object: 'Object Repository/DispensaryToStore/Page_Store/button_Add' is clicked on

2018-06-10 00:25:09 - [TEST_STEP][PASSED] - Statement - Break: null

2018-06-10 00:25:09 - [TEST_STEP][PASSED] - selectOptionByIndex: All options with index in [13] are selected on object 'Object Repository/DispensaryToStore/Page_Store/select_--Select--Adernaline 0.'

2018-06-10 00:25:10 - [MESSAGE][PASSED] - All options with index in [13] are selected on object 'Object Repository/DispensaryToStore/Page_Store/select_--Select--Adernaline 0.'

2018-06-10 00:25:10 - [TEST_STEP][PASSED] - delay: Delayed 2 second(s)

2018-06-10 00:25:12 - [MESSAGE][PASSED] - Delayed 2 second(s)

2018-06-10 00:25:12 - [TEST_STEP][PASSED] - Statement - RequestedQty = com.kms.katalon.core.webui.keyword.WebUiBuiltInKeywords.getAttribute(com.kms.katalon.core.testobject.ObjectRepository.findTestObject(DispensaryToStore/Page_Store/input_txttotal), "value"): Attribute 'value' of object 'Object Repository/DispensaryToStore/Page_Store/input_txttotal' is: '10'

2018-06-10 00:25:12 - [MESSAGE][PASSED] - Attribute 'value' of object 'Object Repository/DispensaryToStore/Page_Store/input_txttotal' is: '10'

2018-06-10 00:25:12 - [TEST_STEP][PASSED] - Statement - out.println("Requested QTY : " + RequestedQty): null

2018-06-10 00:25:12 - [TEST_STEP][PASSED] - Statement - BatchNumber = com.kms.katalon.core.webui.keyword.WebUiBuiltInKeywords.getNumberOfTotalOption(com.kms.katalon.core.testobject.ObjectRepository.findTestObject(DispensaryToStore/Page_Store/select_--Select--BA1170BA2376B)): 3 options of object 'Object Repository/DispensaryToStore/Page_Store/select_--Select--BA1170BA2376B' counted

2018-06-10 00:25:12 - [MESSAGE][PASSED] - 3 options of object 'Object Repository/DispensaryToStore/Page_Store/select_--Select--BA1170BA2376B' counted

2018-06-10 00:25:12 - [TEST_STEP][PASSED] - Statement - For ([g = 1, g <= BatchNumber - 1, (g++)]): null

2018-06-10 00:25:12 - [TEST_STEP][PASSED] - selectOptionByIndex: All options with index in [1] are selected on object 'Object Repository/DispensaryToStore/Page_Store/select_--Select--BA1170BA2376B'

2018-06-10 00:25:12 - [MESSAGE][PASSED] - All options with index in [1] are selected on object 'Object Repository/DispensaryToStore/Page_Store/select_--Select--BA1170BA2376B'

2018-06-10 00:25:12 - [TEST_STEP][PASSED] - Statement - Try: null

2018-06-10 00:25:12 - [TEST_STEP][PASSED] - Statement - StockQty = com.kms.katalon.core.webui.keyword.WebUiBuiltInKeywords.getAttribute(com.kms.katalon.core.testobject.ObjectRepository.findTestObject(DispensaryToStore/Page_Store/input_txtprice), "value"): Attribute 'value' of object 'Object Repository/DispensaryToStore/Page_Store/input_txtprice' is: '700'

2018-06-10 00:25:12 - [MESSAGE][PASSED] - Attribute 'value' of object 'Object Repository/DispensaryToStore/Page_Store/input_txtprice' is: '700'

2018-06-10 00:25:12 - [TEST_STEP][PASSED] - Statement - out.println("Stock QTY : " + StockQty): null

2018-06-10 00:25:12 - [TEST_STEP][PASSED] - delay: Delayed 2 second(s)

2018-06-10 00:25:14 - [MESSAGE][PASSED] - Delayed 2 second(s)

2018-06-10 00:25:14 - [TEST_STEP][PASSED] - Statement - If (java.lang.String.valueOf(StockQty) >= java.lang.String.valueOf(RequestedQty)): null

2018-06-10 00:25:14 - [TEST_STEP][PASSED] - setText: Text '10' is set on object 'Object Repository/DispensaryToStore/Page_Store/input_txtqty'

2018-06-10 00:25:14 - [MESSAGE][PASSED] - Text '10' is set on object 'Object Repository/DispensaryToStore/Page_Store/input_txtqty'

2018-06-10 00:25:14 - [TEST_STEP][PASSED] - click: Object: 'Object Repository/DispensaryToStore/Page_Store/button_Add' is clicked on

2018-06-10 00:25:14 - [MESSAGE][PASSED] - Object: 'Object Repository/DispensaryToStore/Page_Store/button_Add' is clicked on

2018-06-10 00:25:14 - [TEST_STEP][PASSED] - Statement - Break: null

2018-06-10 00:25:14 - [TEST_STEP][PASSED] - selectOptionByIndex: All options with index in [14] are selected on object 'Object Repository/DispensaryToStore/Page_Store/select_--Select--Adernaline 0.'

2018-06-10 00:25:14 - [MESSAGE][PASSED] - All options with index in [14] are selected on object 'Object Repository/DispensaryToStore/Page_Store/select_--Select--Adernaline 0.'

2018-06-10 00:25:14 - [TEST_STEP][PASSED] - delay: Delayed 2 second(s)

2018-06-10 00:25:16 - [MESSAGE][PASSED] - Delayed 2 second(s)

2018-06-10 00:25:16 - [TEST_STEP][PASSED] - Statement - RequestedQty = com.kms.katalon.core.webui.keyword.WebUiBuiltInKeywords.getAttribute(com.kms.katalon.core.testobject.ObjectRepository.findTestObject(DispensaryToStore/Page_Store/input_txttotal), "value"): Attribute 'value' of object 'Object Repository/DispensaryToStore/Page_Store/input_txttotal' is: '10'

2018-06-10 00:25:16 - [MESSAGE][PASSED] - Attribute 'value' of object 'Object Repository/DispensaryToStore/Page_Store/input_txttotal' is: '10'

2018-06-10 00:25:16 - [TEST_STEP][PASSED] - Statement - out.println("Requested QTY : " + RequestedQty): null

2018-06-10 00:25:16 - [TEST_STEP][PASSED] - Statement - BatchNumber = com.kms.katalon.core.webui.keyword.WebUiBuiltInKeywords.getNumberOfTotalOption(com.kms.katalon.core.testobject.ObjectRepository.findTestObject(DispensaryToStore/Page_Store/select_--Select--BA1170BA2376B)): 3 options of object 'Object Repository/DispensaryToStore/Page_Store/select_--Select--BA1170BA2376B' counted

2018-06-10 00:25:16 - [MESSAGE][PASSED] - 3 options of object 'Object Repository/DispensaryToStore/Page_Store/select_--Select--BA1170BA2376B' counted

2018-06-10 00:25:16 - [TEST_STEP][PASSED] - Statement - For ([g = 1, g <= BatchNumber - 1, (g++)]): null

2018-06-10 00:25:16 - [TEST_STEP][PASSED] - selectOptionByIndex: All options with index in [1] are selected on object 'Object Repository/DispensaryToStore/Page_Store/select_--Select--BA1170BA2376B'

2018-06-10 00:25:16 - [MESSAGE][PASSED] - All options with index in [1] are selected on object 'Object Repository/DispensaryToStore/Page_Store/select_--Select--BA1170BA2376B'

2018-06-10 00:25:16 - [TEST_STEP][PASSED] - Statement - Try: null

2018-06-10 00:25:16 - [TEST_STEP][PASSED] - Statement - StockQty = com.kms.katalon.core.webui.keyword.WebUiBuiltInKeywords.getAttribute(com.kms.katalon.core.testobject.ObjectRepository.findTestObject(DispensaryToStore/Page_Store/input_txtprice), "value"): Attribute 'value' of object 'Object Repository/DispensaryToStore/Page_Store/input_txtprice' is: '1565'

2018-06-10 00:25:16 - [MESSAGE][PASSED] - Attribute 'value' of object 'Object Repository/DispensaryToStore/Page_Store/input_txtprice' is: '1565'

2018-06-10 00:25:16 - [TEST_STEP][PASSED] - Statement - out.println("Stock QTY : " + StockQty): null

2018-06-10 00:25:16 - [TEST_STEP][PASSED] - delay: Delayed 2 second(s)

2018-06-10 00:25:18 - [MESSAGE][PASSED] - Delayed 2 second(s)

2018-06-10 00:25:18 - [TEST_STEP][PASSED] - Statement - If (java.lang.String.valueOf(StockQty) >= java.lang.String.valueOf(RequestedQty)): null

2018-06-10 00:25:18 - [TEST_STEP][PASSED] - setText: Text '10' is set on object 'Object Repository/DispensaryToStore/Page_Store/input_txtqty'

2018-06-10 00:25:19 - [MESSAGE][PASSED] - Text '10' is set on object 'Object Repository/DispensaryToStore/Page_Store/input_txtqty'

2018-06-10 00:25:19 - [TEST_STEP][PASSED] - click: Object: 'Object Repository/DispensaryToStore/Page_Store/button_Add' is clicked on

2018-06-10 00:25:19 - [MESSAGE][PASSED] - Object: 'Object Repository/DispensaryToStore/Page_Store/button_Add' is clicked on

2018-06-10 00:25:19 - [TEST_STEP][PASSED] - Statement - Break: null

2018-06-10 00:25:19 - [TEST_STEP][PASSED] - selectOptionByIndex: All options with index in [15] are selected on object 'Object Repository/DispensaryToStore/Page_Store/select_--Select--Adernaline 0.'

2018-06-10 00:25:19 - [MESSAGE][PASSED] - All options with index in [15] are selected on object 'Object Repository/DispensaryToStore/Page_Store/select_--Select--Adernaline 0.'

2018-06-10 00:25:19 - [TEST_STEP][PASSED] - delay: Delayed 2 second(s)

2018-06-10 00:25:21 - [MESSAGE][PASSED] - Delayed 2 second(s)

2018-06-10 00:25:21 - [TEST_STEP][PASSED] - Statement - RequestedQty = com.kms.katalon.core.webui.keyword.WebUiBuiltInKeywords.getAttribute(com.kms.katalon.core.testobject.ObjectRepository.findTestObject(DispensaryToStore/Page_Store/input_txttotal), "value"): Attribute 'value' of object 'Object Repository/DispensaryToStore/Page_Store/input_txttotal' is: '10'

2018-06-10 00:25:21 - [MESSAGE][PASSED] - Attribute 'value' of object 'Object Repository/DispensaryToStore/Page_Store/input_txttotal' is: '10'

2018-06-10 00:25:21 - [TEST_STEP][PASSED] - Statement - out.println("Requested QTY : " + RequestedQty): null

2018-06-10 00:25:21 - [TEST_STEP][PASSED] - Statement - BatchNumber = com.kms.katalon.core.webui.keyword.WebUiBuiltInKeywords.getNumberOfTotalOption(com.kms.katalon.core.testobject.ObjectRepository.findTestObject(DispensaryToStore/Page_Store/select_--Select--BA1170BA2376B)): 3 options of object 'Object Repository/DispensaryToStore/Page_Store/select_--Select--BA1170BA2376B' counted

2018-06-10 00:25:21 - [MESSAGE][PASSED] - 3 options of object 'Object Repository/DispensaryToStore/Page_Store/select_--Select--BA1170BA2376B' counted

2018-06-10 00:25:21 - [TEST_STEP][PASSED] - Statement - For ([g = 1, g <= BatchNumber - 1, (g++)]): null

2018-06-10 00:25:21 - [TEST_STEP][PASSED] - selectOptionByIndex: All options with index in [1] are selected on object 'Object Repository/DispensaryToStore/Page_Store/select_--Select--BA1170BA2376B'

2018-06-10 00:25:21 - [MESSAGE][PASSED] - All options with index in [1] are selected on object 'Object Repository/DispensaryToStore/Page_Store/select_--Select--BA1170BA2376B'

2018-06-10 00:25:21 - [TEST_STEP][PASSED] - Statement - Try: null

2018-06-10 00:25:21 - [TEST_STEP][PASSED] - Statement - StockQty = com.kms.katalon.core.webui.keyword.WebUiBuiltInKeywords.getAttribute(com.kms.katalon.core.testobject.ObjectRepository.findTestObject(DispensaryToStore/Page_Store/input_txtprice), "value"): Attribute 'value' of object 'Object Repository/DispensaryToStore/Page_Store/input_txtprice' is: '1565'

2018-06-10 00:25:21 - [MESSAGE][PASSED] - Attribute 'value' of object 'Object Repository/DispensaryToStore/Page_Store/input_txtprice' is: '1565'

2018-06-10 00:25:21 - [TEST_STEP][PASSED] - Statement - out.println("Stock QTY : " + StockQty): null

2018-06-10 00:25:21 - [TEST_STEP][PASSED] - delay: Delayed 2 second(s)

2018-06-10 00:25:23 - [MESSAGE][PASSED] - Delayed 2 second(s)

2018-06-10 00:25:23 - [TEST_STEP][PASSED] - Statement - If (java.lang.String.valueOf(StockQty) >= java.lang.String.valueOf(RequestedQty)): null

2018-06-10 00:25:23 - [TEST_STEP][PASSED] - setText: Text '10' is set on object 'Object Repository/DispensaryToStore/Page_Store/input_txtqty'

2018-06-10 00:25:23 - [MESSAGE][PASSED] - Text '10' is set on object 'Object Repository/DispensaryToStore/Page_Store/input_txtqty'

2018-06-10 00:25:23 - [TEST_STEP][PASSED] - click: Object: 'Object Repository/DispensaryToStore/Page_Store/button_Add' is clicked on

2018-06-10 00:25:23 - [MESSAGE][PASSED] - Object: 'Object Repository/DispensaryToStore/Page_Store/button_Add' is clicked on

2018-06-10 00:25:23 - [TEST_STEP][PASSED] - Statement - Break: null

2018-06-10 00:25:23 - [TEST_STEP][PASSED] - selectOptionByIndex: All options with index in [16] are selected on object 'Object Repository/DispensaryToStore/Page_Store/select_--Select--Adernaline 0.'

2018-06-10 00:25:24 - [MESSAGE][PASSED] - All options with index in [16] are selected on object 'Object Repository/DispensaryToStore/Page_Store/select_--Select--Adernaline 0.'

2018-06-10 00:25:24 - [TEST_STEP][PASSED] - delay: Delayed 2 second(s)

2018-06-10 00:25:26 - [MESSAGE][PASSED] - Delayed 2 second(s)

2018-06-10 00:25:26 - [TEST_STEP][PASSED] - Statement - RequestedQty = com.kms.katalon.core.webui.keyword.WebUiBuiltInKeywords.getAttribute(com.kms.katalon.core.testobject.ObjectRepository.findTestObject(DispensaryToStore/Page_Store/input_txttotal), "value"): Attribute 'value' of object 'Object Repository/DispensaryToStore/Page_Store/input_txttotal' is: '10'

2018-06-10 00:25:26 - [MESSAGE][PASSED] - Attribute 'value' of object 'Object Repository/DispensaryToStore/Page_Store/input_txttotal' is: '10'

2018-06-10 00:25:26 - [TEST_STEP][PASSED] - Statement - out.println("Requested QTY : " + RequestedQty): null

2018-06-10 00:25:26 - [TEST_STEP][PASSED] - Statement - BatchNumber = com.kms.katalon.core.webui.keyword.WebUiBuiltInKeywords.getNumberOfTotalOption(com.kms.katalon.core.testobject.ObjectRepository.findTestObject(DispensaryToStore/Page_Store/select_--Select--BA1170BA2376B)): 2 options of object 'Object Repository/DispensaryToStore/Page_Store/select_--Select--BA1170BA2376B' counted

2018-06-10 00:25:26 - [MESSAGE][PASSED] - 2 options of object 'Object Repository/DispensaryToStore/Page_Store/select_--Select--BA1170BA2376B' counted

2018-06-10 00:25:26 - [TEST_STEP][PASSED] - Statement - For ([g = 1, g <= BatchNumber - 1, (g++)]): null

2018-06-10 00:25:26 - [TEST_STEP][PASSED] - selectOptionByIndex: All options with index in [1] are selected on object 'Object Repository/DispensaryToStore/Page_Store/select_--Select--BA1170BA2376B'

2018-06-10 00:25:26 - [MESSAGE][PASSED] - All options with index in [1] are selected on object 'Object Repository/DispensaryToStore/Page_Store/select_--Select--BA1170BA2376B'

2018-06-10 00:25:26 - [TEST_STEP][PASSED] - Statement - Try: null

2018-06-10 00:25:26 - [TEST_STEP][PASSED] - Statement - StockQty = com.kms.katalon.core.webui.keyword.WebUiBuiltInKeywords.getAttribute(com.kms.katalon.core.testobject.ObjectRepository.findTestObject(DispensaryToStore/Page_Store/input_txtprice), "value"): Attribute 'value' of object 'Object Repository/DispensaryToStore/Page_Store/input_txtprice' is: '700'

2018-06-10 00:25:26 - [MESSAGE][PASSED] - Attribute 'value' of object 'Object Repository/DispensaryToStore/Page_Store/input_txtprice' is: '700'

2018-06-10 00:25:26 - [TEST_STEP][PASSED] - Statement - out.println("Stock QTY : " + StockQty): null

2018-06-10 00:25:26 - [TEST_STEP][PASSED] - delay: Delayed 2 second(s)

2018-06-10 00:25:28 - [MESSAGE][PASSED] - Delayed 2 second(s)

2018-06-10 00:25:28 - [TEST_STEP][PASSED] - Statement - If (java.lang.String.valueOf(StockQty) >= java.lang.String.valueOf(RequestedQty)): null

2018-06-10 00:25:28 - [TEST_STEP][PASSED] - setText: Text '10' is set on object 'Object Repository/DispensaryToStore/Page_Store/input_txtqty'

2018-06-10 00:25:28 - [MESSAGE][PASSED] - Text '10' is set on object 'Object Repository/DispensaryToStore/Page_Store/input_txtqty'

2018-06-10 00:25:28 - [TEST_STEP][PASSED] - click: Object: 'Object Repository/DispensaryToStore/Page_Store/button_Add' is clicked on

2018-06-10 00:25:28 - [MESSAGE][PASSED] - Object: 'Object Repository/DispensaryToStore/Page_Store/button_Add' is clicked on

2018-06-10 00:25:28 - [TEST_STEP][PASSED] - Statement - Break: null

2018-06-10 00:25:28 - [TEST_STEP][PASSED] - scrollToElement: Scroll to object 'Object Repository/DispensaryToStore/Page_Store/input_btnSubmit' successfully

2018-06-10 00:25:28 - [MESSAGE][PASSED] - Scroll to object 'Object Repository/DispensaryToStore/Page_Store/input_btnSubmit' successfully

2018-06-10 00:25:28 - [TEST_STEP][PASSED] - click: Object: 'Object Repository/DispensaryToStore/Page_Store/input_btnSubmit' is clicked on

2018-06-10 00:25:28 - [MESSAGE][PASSED] - Object: 'Object Repository/DispensaryToStore/Page_Store/input_btnSubmit' is clicked on

2018-06-10 00:25:28 - [TEST_STEP][PASSED] - delay: Delayed 3 second(s)

2018-06-10 00:25:31 - [MESSAGE][PASSED] - Delayed 3 second(s)

2018-06-10 00:25:31 - [TEST_STEP][PASSED] - click: Object: 'Object Repository/DispensaryToStore/Page_Store/button_OK' is clicked on

2018-06-10 00:25:32 - [MESSAGE][PASSED] - Object: 'Object Repository/DispensaryToStore/Page_Store/button_OK' is clicked on

2018-06-10 00:25:32 - [TEST_STEP][PASSED] - delay: Delayed 3 second(s)

2018-06-10 00:25:35 - [MESSAGE][PASSED] - Delayed 3 second(s)

2018-06-10 00:25:35 - [TEST_STEP][PASSED] - waitForElementPresent: Object 'Object Repository/DispensaryToStore/Page_Dispensary Store/a_dropdown-toggle' is present

2018-06-10 00:25:35 - [MESSAGE][PASSED] - Object 'Object Repository/DispensaryToStore/Page_Dispensary Store/a_dropdown-toggle' is present

2018-06-10 00:25:35 - [TEST_STEP][PASSED] - click: Object: 'Object Repository/DispensaryToStore/Page_Store/a_dropdown-toggle' is clicked on

2018-06-10 00:25:35 - [MESSAGE][PASSED] - Object: 'Object Repository/DispensaryToStore/Page_Store/a_dropdown-toggle' is clicked on

2018-06-10 00:25:35 - [TEST_STEP][PASSED] - click: Object: 'Object Repository/DispensaryToStore/Page_Store/a_Sign out' is clicked on

2018-06-10 00:25:35 - [MESSAGE][PASSED] - Object: 'Object Repository/DispensaryToStore/Page_Store/a_Sign out' is clicked on

2018-06-10 00:25:35 - [TEST_STEP][PASSED] - closeBrowser: Browser is closed

2018-06-10 00:25:36 - [MESSAGE][PASSED] - Browser is closed]]></system-out>
         <system-err><![CDATA[]]></system-err>
      </testcase>
      <testcase name="Test Cases/DISPENSARY TEST CASES/TC_DP_006 Verify Schedule 6 Dispensary Request Are Working Successfully Or Not" classname="Test Cases/DISPENSARY TEST CASES/TC_DP_006 Verify Schedule 6 Dispensary Request Are Working Successfully Or Not" status="PASSED">
         <system-out><![CDATA[2018-06-10 00:25:36 - [TEST_CASE][PASSED] - Test Cases/DISPENSARY TEST CASES/TC_DP_006 Verify Schedule 6 Dispensary Request Are Working Successfully Or Not: Test Cases/DISPENSARY TEST CASES/TC_DP_006 Verify Schedule 6 Dispensary Request Are Working Successfully Or Not

2018-06-10 00:25:36 - [TEST_STEP][PASSED] - openBrowser: Browser is opened with url: ''

2018-06-10 00:25:38 - [MESSAGE][PASSED] - Browser is opened with url: ''

2018-06-10 00:25:38 - [TEST_STEP][PASSED] - navigateToUrl: Navigate to 'http://192.168.137.1/multihospital_new/HDSplashscreen.aspx' successfully

2018-06-10 00:25:40 - [MESSAGE][PASSED] - Navigate to 'http://192.168.137.1/multihospital_new/HDSplashscreen.aspx' successfully

2018-06-10 00:25:40 - [TEST_STEP][PASSED] - maximizeWindow: Current window maximized

2018-06-10 00:25:41 - [MESSAGE][PASSED] - Current window maximized

2018-06-10 00:25:41 - [TEST_STEP][PASSED] - click: Object: 'Object Repository/DispensaryToStore/Page_KDMC/a_Dispensary Store' is clicked on

2018-06-10 00:25:42 - [MESSAGE][PASSED] - Object: 'Object Repository/DispensaryToStore/Page_KDMC/a_Dispensary Store' is clicked on

2018-06-10 00:25:42 - [TEST_STEP][PASSED] - setText: Text 'rajaram' is set on object 'Object Repository/DispensaryToStore/Page_Dispensary Store Login/input_txtusername'

2018-06-10 00:25:42 - [MESSAGE][PASSED] - Text 'rajaram' is set on object 'Object Repository/DispensaryToStore/Page_Dispensary Store Login/input_txtusername'

2018-06-10 00:25:42 - [TEST_STEP][PASSED] - setText: Text '123' is set on object 'Object Repository/DispensaryToStore/Page_Dispensary Store Login/input_txtpassword'

2018-06-10 00:25:42 - [MESSAGE][PASSED] - Text '123' is set on object 'Object Repository/DispensaryToStore/Page_Dispensary Store Login/input_txtpassword'

2018-06-10 00:25:42 - [TEST_STEP][PASSED] - delay: Delayed 3 second(s)

2018-06-10 00:25:45 - [MESSAGE][PASSED] - Delayed 3 second(s)

2018-06-10 00:25:45 - [TEST_STEP][PASSED] - sendKeys: Keys 'ENTER + ' sent to object: 'Object Repository/DispensaryToStore/Page_Dispensary Store Login/input_txtpassword'

2018-06-10 00:25:45 - [MESSAGE][PASSED] - Keys 'ENTER + ' sent to object: 'Object Repository/DispensaryToStore/Page_Dispensary Store Login/input_txtpassword'

2018-06-10 00:25:45 - [TEST_STEP][PASSED] - delay: Delayed 3 second(s)

2018-06-10 00:25:48 - [MESSAGE][PASSED] - Delayed 3 second(s)

2018-06-10 00:25:48 - [TEST_STEP][PASSED] - click: Object: 'Object Repository/DispensaryToStore/Page_Dispensary Store/a_Request to Store' is clicked on

2018-06-10 00:25:49 - [MESSAGE][PASSED] - Object: 'Object Repository/DispensaryToStore/Page_Dispensary Store/a_Request to Store' is clicked on

2018-06-10 00:25:49 - [TEST_STEP][PASSED] - click: Object: 'Object Repository/DispensaryToStore/Page_Dispensary Store/a_Medicine Request' is clicked on

2018-06-10 00:25:49 - [MESSAGE][PASSED] - Object: 'Object Repository/DispensaryToStore/Page_Dispensary Store/a_Medicine Request' is clicked on

2018-06-10 00:25:49 - [TEST_STEP][PASSED] - selectOptionByIndex: All options with index in [6] are selected on object 'Object Repository/DispensaryToStore/Page_Dispensary Store/select_--Select--Schedule 1Inj'

2018-06-10 00:25:49 - [MESSAGE][PASSED] - All options with index in [6] are selected on object 'Object Repository/DispensaryToStore/Page_Dispensary Store/select_--Select--Schedule 1Inj'

2018-06-10 00:25:49 - [TEST_STEP][PASSED] - Statement - medicineslength = com.kms.katalon.core.webui.keyword.WebUiBuiltInKeywords.getNumberOfTotalOption(com.kms.katalon.core.testobject.ObjectRepository.findTestObject(DispensaryToStore/Page_Dispensary Store/select_--Select--Adernaline 0.)): 14 options of object 'Object Repository/DispensaryToStore/Page_Dispensary Store/select_--Select--Adernaline 0.' counted

2018-06-10 00:25:49 - [MESSAGE][PASSED] - 14 options of object 'Object Repository/DispensaryToStore/Page_Dispensary Store/select_--Select--Adernaline 0.' counted

2018-06-10 00:25:49 - [TEST_STEP][PASSED] - Statement - For ([e = 1, e <= medicineslength - 1, (e++)]): Object: 'Object Repository/DispensaryToStore/Page_Dispensary Store/button_Add' is clicked on

2018-06-10 00:25:49 - [TEST_STEP][PASSED] - selectOptionByIndex: All options with index in [6] are selected on object 'Object Repository/DispensaryToStore/Page_Dispensary Store/select_--Select--Schedule 1Inj'

2018-06-10 00:25:50 - [MESSAGE][PASSED] - All options with index in [6] are selected on object 'Object Repository/DispensaryToStore/Page_Dispensary Store/select_--Select--Schedule 1Inj'

2018-06-10 00:25:50 - [TEST_STEP][PASSED] - selectOptionByIndex: All options with index in [1] are selected on object 'Object Repository/DispensaryToStore/Page_Dispensary Store/select_--Select--Adernaline 0.'

2018-06-10 00:25:50 - [MESSAGE][PASSED] - All options with index in [1] are selected on object 'Object Repository/DispensaryToStore/Page_Dispensary Store/select_--Select--Adernaline 0.'

2018-06-10 00:25:50 - [TEST_STEP][PASSED] - setText: Text '10' is set on object 'Object Repository/DispensaryToStore/Page_Dispensary Store/input_txttreat'

2018-06-10 00:25:50 - [MESSAGE][PASSED] - Text '10' is set on object 'Object Repository/DispensaryToStore/Page_Dispensary Store/input_txttreat'

2018-06-10 00:25:50 - [TEST_STEP][PASSED] - click: Object: 'Object Repository/DispensaryToStore/Page_Dispensary Store/button_Add' is clicked on

2018-06-10 00:25:50 - [MESSAGE][PASSED] - Object: 'Object Repository/DispensaryToStore/Page_Dispensary Store/button_Add' is clicked on

2018-06-10 00:25:50 - [TEST_STEP][PASSED] - selectOptionByIndex: All options with index in [6] are selected on object 'Object Repository/DispensaryToStore/Page_Dispensary Store/select_--Select--Schedule 1Inj'

2018-06-10 00:25:50 - [MESSAGE][PASSED] - All options with index in [6] are selected on object 'Object Repository/DispensaryToStore/Page_Dispensary Store/select_--Select--Schedule 1Inj'

2018-06-10 00:25:50 - [TEST_STEP][PASSED] - selectOptionByIndex: All options with index in [2] are selected on object 'Object Repository/DispensaryToStore/Page_Dispensary Store/select_--Select--Adernaline 0.'

2018-06-10 00:25:50 - [MESSAGE][PASSED] - All options with index in [2] are selected on object 'Object Repository/DispensaryToStore/Page_Dispensary Store/select_--Select--Adernaline 0.'

2018-06-10 00:25:50 - [TEST_STEP][PASSED] - setText: Text '10' is set on object 'Object Repository/DispensaryToStore/Page_Dispensary Store/input_txttreat'

2018-06-10 00:25:50 - [MESSAGE][PASSED] - Text '10' is set on object 'Object Repository/DispensaryToStore/Page_Dispensary Store/input_txttreat'

2018-06-10 00:25:50 - [TEST_STEP][PASSED] - click: Object: 'Object Repository/DispensaryToStore/Page_Dispensary Store/button_Add' is clicked on

2018-06-10 00:25:51 - [MESSAGE][PASSED] - Object: 'Object Repository/DispensaryToStore/Page_Dispensary Store/button_Add' is clicked on

2018-06-10 00:25:51 - [TEST_STEP][PASSED] - selectOptionByIndex: All options with index in [6] are selected on object 'Object Repository/DispensaryToStore/Page_Dispensary Store/select_--Select--Schedule 1Inj'

2018-06-10 00:25:51 - [MESSAGE][PASSED] - All options with index in [6] are selected on object 'Object Repository/DispensaryToStore/Page_Dispensary Store/select_--Select--Schedule 1Inj'

2018-06-10 00:25:51 - [TEST_STEP][PASSED] - selectOptionByIndex: All options with index in [3] are selected on object 'Object Repository/DispensaryToStore/Page_Dispensary Store/select_--Select--Adernaline 0.'

2018-06-10 00:25:51 - [MESSAGE][PASSED] - All options with index in [3] are selected on object 'Object Repository/DispensaryToStore/Page_Dispensary Store/select_--Select--Adernaline 0.'

2018-06-10 00:25:51 - [TEST_STEP][PASSED] - setText: Text '10' is set on object 'Object Repository/DispensaryToStore/Page_Dispensary Store/input_txttreat'

2018-06-10 00:25:51 - [MESSAGE][PASSED] - Text '10' is set on object 'Object Repository/DispensaryToStore/Page_Dispensary Store/input_txttreat'

2018-06-10 00:25:51 - [TEST_STEP][PASSED] - click: Object: 'Object Repository/DispensaryToStore/Page_Dispensary Store/button_Add' is clicked on

2018-06-10 00:25:51 - [MESSAGE][PASSED] - Object: 'Object Repository/DispensaryToStore/Page_Dispensary Store/button_Add' is clicked on

2018-06-10 00:25:51 - [TEST_STEP][PASSED] - selectOptionByIndex: All options with index in [6] are selected on object 'Object Repository/DispensaryToStore/Page_Dispensary Store/select_--Select--Schedule 1Inj'

2018-06-10 00:25:51 - [MESSAGE][PASSED] - All options with index in [6] are selected on object 'Object Repository/DispensaryToStore/Page_Dispensary Store/select_--Select--Schedule 1Inj'

2018-06-10 00:25:51 - [TEST_STEP][PASSED] - selectOptionByIndex: All options with index in [4] are selected on object 'Object Repository/DispensaryToStore/Page_Dispensary Store/select_--Select--Adernaline 0.'

2018-06-10 00:25:51 - [MESSAGE][PASSED] - All options with index in [4] are selected on object 'Object Repository/DispensaryToStore/Page_Dispensary Store/select_--Select--Adernaline 0.'

2018-06-10 00:25:51 - [TEST_STEP][PASSED] - setText: Text '10' is set on object 'Object Repository/DispensaryToStore/Page_Dispensary Store/input_txttreat'

2018-06-10 00:25:51 - [MESSAGE][PASSED] - Text '10' is set on object 'Object Repository/DispensaryToStore/Page_Dispensary Store/input_txttreat'

2018-06-10 00:25:51 - [TEST_STEP][PASSED] - click: Object: 'Object Repository/DispensaryToStore/Page_Dispensary Store/button_Add' is clicked on

2018-06-10 00:25:52 - [MESSAGE][PASSED] - Object: 'Object Repository/DispensaryToStore/Page_Dispensary Store/button_Add' is clicked on

2018-06-10 00:25:52 - [TEST_STEP][PASSED] - selectOptionByIndex: All options with index in [6] are selected on object 'Object Repository/DispensaryToStore/Page_Dispensary Store/select_--Select--Schedule 1Inj'

2018-06-10 00:25:52 - [MESSAGE][PASSED] - All options with index in [6] are selected on object 'Object Repository/DispensaryToStore/Page_Dispensary Store/select_--Select--Schedule 1Inj'

2018-06-10 00:25:52 - [TEST_STEP][PASSED] - selectOptionByIndex: All options with index in [5] are selected on object 'Object Repository/DispensaryToStore/Page_Dispensary Store/select_--Select--Adernaline 0.'

2018-06-10 00:25:52 - [MESSAGE][PASSED] - All options with index in [5] are selected on object 'Object Repository/DispensaryToStore/Page_Dispensary Store/select_--Select--Adernaline 0.'

2018-06-10 00:25:52 - [TEST_STEP][PASSED] - setText: Text '10' is set on object 'Object Repository/DispensaryToStore/Page_Dispensary Store/input_txttreat'

2018-06-10 00:25:52 - [MESSAGE][PASSED] - Text '10' is set on object 'Object Repository/DispensaryToStore/Page_Dispensary Store/input_txttreat'

2018-06-10 00:25:52 - [TEST_STEP][PASSED] - click: Object: 'Object Repository/DispensaryToStore/Page_Dispensary Store/button_Add' is clicked on

2018-06-10 00:25:52 - [MESSAGE][PASSED] - Object: 'Object Repository/DispensaryToStore/Page_Dispensary Store/button_Add' is clicked on

2018-06-10 00:25:52 - [TEST_STEP][PASSED] - selectOptionByIndex: All options with index in [6] are selected on object 'Object Repository/DispensaryToStore/Page_Dispensary Store/select_--Select--Schedule 1Inj'

2018-06-10 00:25:52 - [MESSAGE][PASSED] - All options with index in [6] are selected on object 'Object Repository/DispensaryToStore/Page_Dispensary Store/select_--Select--Schedule 1Inj'

2018-06-10 00:25:52 - [TEST_STEP][PASSED] - selectOptionByIndex: All options with index in [6] are selected on object 'Object Repository/DispensaryToStore/Page_Dispensary Store/select_--Select--Adernaline 0.'

2018-06-10 00:25:52 - [MESSAGE][PASSED] - All options with index in [6] are selected on object 'Object Repository/DispensaryToStore/Page_Dispensary Store/select_--Select--Adernaline 0.'

2018-06-10 00:25:52 - [TEST_STEP][PASSED] - setText: Text '10' is set on object 'Object Repository/DispensaryToStore/Page_Dispensary Store/input_txttreat'

2018-06-10 00:25:52 - [MESSAGE][PASSED] - Text '10' is set on object 'Object Repository/DispensaryToStore/Page_Dispensary Store/input_txttreat'

2018-06-10 00:25:52 - [TEST_STEP][PASSED] - click: Object: 'Object Repository/DispensaryToStore/Page_Dispensary Store/button_Add' is clicked on

2018-06-10 00:25:53 - [MESSAGE][PASSED] - Object: 'Object Repository/DispensaryToStore/Page_Dispensary Store/button_Add' is clicked on

2018-06-10 00:25:53 - [TEST_STEP][PASSED] - selectOptionByIndex: All options with index in [6] are selected on object 'Object Repository/DispensaryToStore/Page_Dispensary Store/select_--Select--Schedule 1Inj'

2018-06-10 00:25:53 - [MESSAGE][PASSED] - All options with index in [6] are selected on object 'Object Repository/DispensaryToStore/Page_Dispensary Store/select_--Select--Schedule 1Inj'

2018-06-10 00:25:53 - [TEST_STEP][PASSED] - selectOptionByIndex: All options with index in [7] are selected on object 'Object Repository/DispensaryToStore/Page_Dispensary Store/select_--Select--Adernaline 0.'

2018-06-10 00:25:53 - [MESSAGE][PASSED] - All options with index in [7] are selected on object 'Object Repository/DispensaryToStore/Page_Dispensary Store/select_--Select--Adernaline 0.'

2018-06-10 00:25:53 - [TEST_STEP][PASSED] - setText: Text '10' is set on object 'Object Repository/DispensaryToStore/Page_Dispensary Store/input_txttreat'

2018-06-10 00:25:53 - [MESSAGE][PASSED] - Text '10' is set on object 'Object Repository/DispensaryToStore/Page_Dispensary Store/input_txttreat'

2018-06-10 00:25:53 - [TEST_STEP][PASSED] - click: Object: 'Object Repository/DispensaryToStore/Page_Dispensary Store/button_Add' is clicked on

2018-06-10 00:25:53 - [MESSAGE][PASSED] - Object: 'Object Repository/DispensaryToStore/Page_Dispensary Store/button_Add' is clicked on

2018-06-10 00:25:53 - [TEST_STEP][PASSED] - selectOptionByIndex: All options with index in [6] are selected on object 'Object Repository/DispensaryToStore/Page_Dispensary Store/select_--Select--Schedule 1Inj'

2018-06-10 00:25:53 - [MESSAGE][PASSED] - All options with index in [6] are selected on object 'Object Repository/DispensaryToStore/Page_Dispensary Store/select_--Select--Schedule 1Inj'

2018-06-10 00:25:53 - [TEST_STEP][PASSED] - selectOptionByIndex: All options with index in [8] are selected on object 'Object Repository/DispensaryToStore/Page_Dispensary Store/select_--Select--Adernaline 0.'

2018-06-10 00:25:53 - [MESSAGE][PASSED] - All options with index in [8] are selected on object 'Object Repository/DispensaryToStore/Page_Dispensary Store/select_--Select--Adernaline 0.'

2018-06-10 00:25:53 - [TEST_STEP][PASSED] - setText: Text '10' is set on object 'Object Repository/DispensaryToStore/Page_Dispensary Store/input_txttreat'

2018-06-10 00:25:54 - [MESSAGE][PASSED] - Text '10' is set on object 'Object Repository/DispensaryToStore/Page_Dispensary Store/input_txttreat'

2018-06-10 00:25:54 - [TEST_STEP][PASSED] - click: Object: 'Object Repository/DispensaryToStore/Page_Dispensary Store/button_Add' is clicked on

2018-06-10 00:25:54 - [MESSAGE][PASSED] - Object: 'Object Repository/DispensaryToStore/Page_Dispensary Store/button_Add' is clicked on

2018-06-10 00:25:54 - [TEST_STEP][PASSED] - selectOptionByIndex: All options with index in [6] are selected on object 'Object Repository/DispensaryToStore/Page_Dispensary Store/select_--Select--Schedule 1Inj'

2018-06-10 00:25:54 - [MESSAGE][PASSED] - All options with index in [6] are selected on object 'Object Repository/DispensaryToStore/Page_Dispensary Store/select_--Select--Schedule 1Inj'

2018-06-10 00:25:54 - [TEST_STEP][PASSED] - selectOptionByIndex: All options with index in [9] are selected on object 'Object Repository/DispensaryToStore/Page_Dispensary Store/select_--Select--Adernaline 0.'

2018-06-10 00:25:54 - [MESSAGE][PASSED] - All options with index in [9] are selected on object 'Object Repository/DispensaryToStore/Page_Dispensary Store/select_--Select--Adernaline 0.'

2018-06-10 00:25:54 - [TEST_STEP][PASSED] - setText: Text '10' is set on object 'Object Repository/DispensaryToStore/Page_Dispensary Store/input_txttreat'

2018-06-10 00:25:54 - [MESSAGE][PASSED] - Text '10' is set on object 'Object Repository/DispensaryToStore/Page_Dispensary Store/input_txttreat'

2018-06-10 00:25:54 - [TEST_STEP][PASSED] - click: Object: 'Object Repository/DispensaryToStore/Page_Dispensary Store/button_Add' is clicked on

2018-06-10 00:25:54 - [MESSAGE][PASSED] - Object: 'Object Repository/DispensaryToStore/Page_Dispensary Store/button_Add' is clicked on

2018-06-10 00:25:54 - [TEST_STEP][PASSED] - selectOptionByIndex: All options with index in [6] are selected on object 'Object Repository/DispensaryToStore/Page_Dispensary Store/select_--Select--Schedule 1Inj'

2018-06-10 00:25:54 - [MESSAGE][PASSED] - All options with index in [6] are selected on object 'Object Repository/DispensaryToStore/Page_Dispensary Store/select_--Select--Schedule 1Inj'

2018-06-10 00:25:54 - [TEST_STEP][PASSED] - selectOptionByIndex: All options with index in [10] are selected on object 'Object Repository/DispensaryToStore/Page_Dispensary Store/select_--Select--Adernaline 0.'

2018-06-10 00:25:55 - [MESSAGE][PASSED] - All options with index in [10] are selected on object 'Object Repository/DispensaryToStore/Page_Dispensary Store/select_--Select--Adernaline 0.'

2018-06-10 00:25:55 - [TEST_STEP][PASSED] - setText: Text '10' is set on object 'Object Repository/DispensaryToStore/Page_Dispensary Store/input_txttreat'

2018-06-10 00:25:55 - [MESSAGE][PASSED] - Text '10' is set on object 'Object Repository/DispensaryToStore/Page_Dispensary Store/input_txttreat'

2018-06-10 00:25:55 - [TEST_STEP][PASSED] - click: Object: 'Object Repository/DispensaryToStore/Page_Dispensary Store/button_Add' is clicked on

2018-06-10 00:25:55 - [MESSAGE][PASSED] - Object: 'Object Repository/DispensaryToStore/Page_Dispensary Store/button_Add' is clicked on

2018-06-10 00:25:55 - [TEST_STEP][PASSED] - selectOptionByIndex: All options with index in [6] are selected on object 'Object Repository/DispensaryToStore/Page_Dispensary Store/select_--Select--Schedule 1Inj'

2018-06-10 00:25:55 - [MESSAGE][PASSED] - All options with index in [6] are selected on object 'Object Repository/DispensaryToStore/Page_Dispensary Store/select_--Select--Schedule 1Inj'

2018-06-10 00:25:55 - [TEST_STEP][PASSED] - selectOptionByIndex: All options with index in [11] are selected on object 'Object Repository/DispensaryToStore/Page_Dispensary Store/select_--Select--Adernaline 0.'

2018-06-10 00:25:55 - [MESSAGE][PASSED] - All options with index in [11] are selected on object 'Object Repository/DispensaryToStore/Page_Dispensary Store/select_--Select--Adernaline 0.'

2018-06-10 00:25:55 - [TEST_STEP][PASSED] - setText: Text '10' is set on object 'Object Repository/DispensaryToStore/Page_Dispensary Store/input_txttreat'

2018-06-10 00:25:55 - [MESSAGE][PASSED] - Text '10' is set on object 'Object Repository/DispensaryToStore/Page_Dispensary Store/input_txttreat'

2018-06-10 00:25:55 - [TEST_STEP][PASSED] - click: Object: 'Object Repository/DispensaryToStore/Page_Dispensary Store/button_Add' is clicked on

2018-06-10 00:25:55 - [MESSAGE][PASSED] - Object: 'Object Repository/DispensaryToStore/Page_Dispensary Store/button_Add' is clicked on

2018-06-10 00:25:55 - [TEST_STEP][PASSED] - selectOptionByIndex: All options with index in [6] are selected on object 'Object Repository/DispensaryToStore/Page_Dispensary Store/select_--Select--Schedule 1Inj'

2018-06-10 00:25:55 - [MESSAGE][PASSED] - All options with index in [6] are selected on object 'Object Repository/DispensaryToStore/Page_Dispensary Store/select_--Select--Schedule 1Inj'

2018-06-10 00:25:55 - [TEST_STEP][PASSED] - selectOptionByIndex: All options with index in [12] are selected on object 'Object Repository/DispensaryToStore/Page_Dispensary Store/select_--Select--Adernaline 0.'

2018-06-10 00:25:56 - [MESSAGE][PASSED] - All options with index in [12] are selected on object 'Object Repository/DispensaryToStore/Page_Dispensary Store/select_--Select--Adernaline 0.'

2018-06-10 00:25:56 - [TEST_STEP][PASSED] - setText: Text '10' is set on object 'Object Repository/DispensaryToStore/Page_Dispensary Store/input_txttreat'

2018-06-10 00:25:56 - [MESSAGE][PASSED] - Text '10' is set on object 'Object Repository/DispensaryToStore/Page_Dispensary Store/input_txttreat'

2018-06-10 00:25:56 - [TEST_STEP][PASSED] - click: Object: 'Object Repository/DispensaryToStore/Page_Dispensary Store/button_Add' is clicked on

2018-06-10 00:25:56 - [MESSAGE][PASSED] - Object: 'Object Repository/DispensaryToStore/Page_Dispensary Store/button_Add' is clicked on

2018-06-10 00:25:56 - [TEST_STEP][PASSED] - selectOptionByIndex: All options with index in [6] are selected on object 'Object Repository/DispensaryToStore/Page_Dispensary Store/select_--Select--Schedule 1Inj'

2018-06-10 00:25:56 - [MESSAGE][PASSED] - All options with index in [6] are selected on object 'Object Repository/DispensaryToStore/Page_Dispensary Store/select_--Select--Schedule 1Inj'

2018-06-10 00:25:56 - [TEST_STEP][PASSED] - selectOptionByIndex: All options with index in [13] are selected on object 'Object Repository/DispensaryToStore/Page_Dispensary Store/select_--Select--Adernaline 0.'

2018-06-10 00:25:56 - [MESSAGE][PASSED] - All options with index in [13] are selected on object 'Object Repository/DispensaryToStore/Page_Dispensary Store/select_--Select--Adernaline 0.'

2018-06-10 00:25:56 - [TEST_STEP][PASSED] - setText: Text '10' is set on object 'Object Repository/DispensaryToStore/Page_Dispensary Store/input_txttreat'

2018-06-10 00:25:56 - [MESSAGE][PASSED] - Text '10' is set on object 'Object Repository/DispensaryToStore/Page_Dispensary Store/input_txttreat'

2018-06-10 00:25:56 - [TEST_STEP][PASSED] - click: Object: 'Object Repository/DispensaryToStore/Page_Dispensary Store/button_Add' is clicked on

2018-06-10 00:25:56 - [MESSAGE][PASSED] - Object: 'Object Repository/DispensaryToStore/Page_Dispensary Store/button_Add' is clicked on

2018-06-10 00:25:56 - [TEST_STEP][PASSED] - scrollToElement: Scroll to object 'Object Repository/DispensaryToStore/Page_Dispensary Store/input_btnsave' successfully

2018-06-10 00:25:56 - [MESSAGE][PASSED] - Scroll to object 'Object Repository/DispensaryToStore/Page_Dispensary Store/input_btnsave' successfully

2018-06-10 00:25:56 - [TEST_STEP][PASSED] - click: Object: 'Object Repository/DispensaryToStore/Page_Dispensary Store/input_btnsave' is clicked on

2018-06-10 00:25:56 - [MESSAGE][PASSED] - Object: 'Object Repository/DispensaryToStore/Page_Dispensary Store/input_btnsave' is clicked on

2018-06-10 00:25:56 - [TEST_STEP][PASSED] - delay: Delayed 3 second(s)

2018-06-10 00:25:59 - [MESSAGE][PASSED] - Delayed 3 second(s)

2018-06-10 00:25:59 - [TEST_STEP][PASSED] - Statement - RN1 = com.kms.katalon.core.webui.keyword.WebUiBuiltInKeywords.getText(com.kms.katalon.core.testobject.ObjectRepository.findTestObject(DispensaryToStore/Page_Dispensary Store/font_HPRNO180520187)): Text of object 'Object Repository/DispensaryToStore/Page_Dispensary Store/font_HPRNO180520187' is: 'DPRNO/10062018/236'

2018-06-10 00:26:00 - [MESSAGE][PASSED] - Text of object 'Object Repository/DispensaryToStore/Page_Dispensary Store/font_HPRNO180520187' is: 'DPRNO/10062018/236'

2018-06-10 00:26:00 - [TEST_STEP][PASSED] - Statement - out.println(RN1): null

2018-06-10 00:26:00 - [TEST_STEP][PASSED] - Statement - RID = RN1.split("/")[2]: null

2018-06-10 00:26:00 - [TEST_STEP][PASSED] - click: Object: 'Object Repository/DispensaryToStore/Page_Dispensary Store/button_OK' is clicked on

2018-06-10 00:26:00 - [MESSAGE][PASSED] - Object: 'Object Repository/DispensaryToStore/Page_Dispensary Store/button_OK' is clicked on

2018-06-10 00:26:00 - [TEST_STEP][PASSED] - delay: Delayed 3 second(s)

2018-06-10 00:26:03 - [MESSAGE][PASSED] - Delayed 3 second(s)

2018-06-10 00:26:03 - [TEST_STEP][PASSED] - waitForElementPresent: Object 'Object Repository/DispensaryToStore/Page_Dispensary Store/a_dropdown-toggle' is present

2018-06-10 00:26:03 - [MESSAGE][PASSED] - Object 'Object Repository/DispensaryToStore/Page_Dispensary Store/a_dropdown-toggle' is present

2018-06-10 00:26:03 - [TEST_STEP][PASSED] - click: Object: 'Object Repository/DispensaryToStore/Page_Dispensary Store/a_dropdown-toggle' is clicked on

2018-06-10 00:26:03 - [MESSAGE][PASSED] - Object: 'Object Repository/DispensaryToStore/Page_Dispensary Store/a_dropdown-toggle' is clicked on

2018-06-10 00:26:03 - [TEST_STEP][PASSED] - click: Object: 'Object Repository/DispensaryToStore/Page_Dispensary Store/a_Sign out' is clicked on

2018-06-10 00:26:04 - [MESSAGE][PASSED] - Object: 'Object Repository/DispensaryToStore/Page_Dispensary Store/a_Sign out' is clicked on

2018-06-10 00:26:04 - [TEST_STEP][PASSED] - delay: Delayed 3 second(s)

2018-06-10 00:26:07 - [MESSAGE][PASSED] - Delayed 3 second(s)

2018-06-10 00:26:07 - [TEST_STEP][PASSED] - navigateToUrl: Navigate to 'http://192.168.137.1/multihospital_new/' successfully

2018-06-10 00:26:07 - [MESSAGE][PASSED] - Navigate to 'http://192.168.137.1/multihospital_new/' successfully

2018-06-10 00:26:07 - [TEST_STEP][PASSED] - click: Object: 'Object Repository/DispensaryToStore/Page_KDMC/a_CMO' is clicked on

2018-06-10 00:26:08 - [MESSAGE][PASSED] - Object: 'Object Repository/DispensaryToStore/Page_KDMC/a_CMO' is clicked on

2018-06-10 00:26:08 - [TEST_STEP][PASSED] - setText: Text 'guru' is set on object 'Object Repository/DispensaryToStore/Page_CMO login/input_txtusername'

2018-06-10 00:26:08 - [MESSAGE][PASSED] - Text 'guru' is set on object 'Object Repository/DispensaryToStore/Page_CMO login/input_txtusername'

2018-06-10 00:26:08 - [TEST_STEP][PASSED] - setText: Text '123' is set on object 'Object Repository/DispensaryToStore/Page_CMO login/input_txtpassword'

2018-06-10 00:26:08 - [MESSAGE][PASSED] - Text '123' is set on object 'Object Repository/DispensaryToStore/Page_CMO login/input_txtpassword'

2018-06-10 00:26:08 - [TEST_STEP][PASSED] - delay: Delayed 3 second(s)

2018-06-10 00:26:11 - [MESSAGE][PASSED] - Delayed 3 second(s)

2018-06-10 00:26:11 - [TEST_STEP][PASSED] - click: Object: 'Object Repository/DispensaryToStore/Page_CMO login/button_Sign in' is clicked on

2018-06-10 00:26:12 - [MESSAGE][PASSED] - Object: 'Object Repository/DispensaryToStore/Page_CMO login/button_Sign in' is clicked on

2018-06-10 00:26:12 - [TEST_STEP][PASSED] - click: Object: 'Object Repository/DispensaryToStore/Page_KDMC - CMO/a_Department Wise Request' is clicked on

2018-06-10 00:26:14 - [MESSAGE][PASSED] - Object: 'Object Repository/DispensaryToStore/Page_KDMC - CMO/a_Department Wise Request' is clicked on

2018-06-10 00:26:14 - [TEST_STEP][PASSED] - delay: Delayed 2 second(s)

2018-06-10 00:26:16 - [MESSAGE][PASSED] - Delayed 2 second(s)

2018-06-10 00:26:16 - [TEST_STEP][PASSED] - selectOptionByIndex: All options with index in [6] are selected on object 'Object Repository/DispensaryToStore/Page_KDMC - CMO/select_--ALL--'

2018-06-10 00:26:16 - [MESSAGE][PASSED] - All options with index in [6] are selected on object 'Object Repository/DispensaryToStore/Page_KDMC - CMO/select_--ALL--'

2018-06-10 00:26:16 - [TEST_STEP][PASSED] - click: Object: 'Object Repository/DispensaryToStore/Page_KDMC - CMO/input_btnsearch' is clicked on

2018-06-10 00:26:16 - [MESSAGE][PASSED] - Object: 'Object Repository/DispensaryToStore/Page_KDMC - CMO/input_btnsearch' is clicked on

2018-06-10 00:26:16 - [TEST_STEP][PASSED] - selectOptionByIndex: All options with index in [1] are selected on object 'Object Repository/DispensaryToStore/Page_KDMC - CMO/select_--ALL--                _1'

2018-06-10 00:26:17 - [MESSAGE][PASSED] - All options with index in [1] are selected on object 'Object Repository/DispensaryToStore/Page_KDMC - CMO/select_--ALL--                _1'

2018-06-10 00:26:17 - [TEST_STEP][PASSED] - click: Object: 'Object Repository/DispensaryToStore/Page_KDMC - CMO/input_btnsearch' is clicked on

2018-06-10 00:26:17 - [MESSAGE][PASSED] - Object: 'Object Repository/DispensaryToStore/Page_KDMC - CMO/input_btnsearch' is clicked on

2018-06-10 00:26:17 - [TEST_STEP][PASSED] - Statement - ID = com.kms.katalon.core.webui.keyword.WebUiBuiltInKeywords.modifyObjectProperty(com.kms.katalon.core.testobject.ObjectRepository.findTestObject(lab/Page_KDMC - CMO/input_1), "xpath", "equals", "//*[@id=" + RID + "]", true): Modify property of object successfully

2018-06-10 00:26:17 - [MESSAGE][PASSED] - Modify property of object successfully

2018-06-10 00:26:17 - [TEST_STEP][PASSED] - click: Object: 'Object Repository/lab/Page_KDMC - CMO/input_1' is clicked on

2018-06-10 00:26:17 - [MESSAGE][PASSED] - Object: 'Object Repository/lab/Page_KDMC - CMO/input_1' is clicked on

2018-06-10 00:26:17 - [TEST_STEP][PASSED] - delay: Delayed 2 second(s)

2018-06-10 00:26:19 - [MESSAGE][PASSED] - Delayed 2 second(s)

2018-06-10 00:26:19 - [TEST_STEP][PASSED] - selectOptionByIndex: All options with index in [1] are selected on object 'Object Repository/DispensaryToStore/Page_KDMC - CMO/select_--Select--'

2018-06-10 00:26:19 - [MESSAGE][PASSED] - All options with index in [1] are selected on object 'Object Repository/DispensaryToStore/Page_KDMC - CMO/select_--Select--'

2018-06-10 00:26:19 - [TEST_STEP][PASSED] - click: Object: 'Object Repository/DispensaryToStore/Page_KDMC - CMO/input_btnupdate' is clicked on

2018-06-10 00:26:20 - [MESSAGE][PASSED] - Object: 'Object Repository/DispensaryToStore/Page_KDMC - CMO/input_btnupdate' is clicked on

2018-06-10 00:26:20 - [TEST_STEP][PASSED] - delay: Delayed 2 second(s)

2018-06-10 00:26:22 - [MESSAGE][PASSED] - Delayed 2 second(s)

2018-06-10 00:26:22 - [TEST_STEP][PASSED] - click: Object: 'Object Repository/DispensaryToStore/Page_KDMC - CMO/button_OK' is clicked on

2018-06-10 00:26:22 - [MESSAGE][PASSED] - Object: 'Object Repository/DispensaryToStore/Page_KDMC - CMO/button_OK' is clicked on

2018-06-10 00:26:22 - [TEST_STEP][PASSED] - delay: Delayed 2 second(s)

2018-06-10 00:26:24 - [MESSAGE][PASSED] - Delayed 2 second(s)

2018-06-10 00:26:24 - [TEST_STEP][PASSED] - waitForElementPresent: Object 'Object Repository/DispensaryToStore/Page_Dispensary Store/a_dropdown-toggle' is not present after 20 second(s)

2018-06-10 00:26:45 - [MESSAGE][WARNING] - Object 'Object Repository/DispensaryToStore/Page_Dispensary Store/a_dropdown-toggle' is not present after 20 second(s)

2018-06-10 00:26:45 - [TEST_STEP][PASSED] - click: Object: 'Object Repository/DispensaryToStore/Page_KDMC - CMO/a_dropdown-toggle' is clicked on

2018-06-10 00:26:45 - [MESSAGE][PASSED] - Object: 'Object Repository/DispensaryToStore/Page_KDMC - CMO/a_dropdown-toggle' is clicked on

2018-06-10 00:26:45 - [TEST_STEP][PASSED] - click: Object: 'Object Repository/DispensaryToStore/Page_KDMC - CMO/a_Sign out' is clicked on

2018-06-10 00:26:45 - [MESSAGE][PASSED] - Object: 'Object Repository/DispensaryToStore/Page_KDMC - CMO/a_Sign out' is clicked on

2018-06-10 00:26:45 - [TEST_STEP][PASSED] - delay: Delayed 3 second(s)

2018-06-10 00:26:48 - [MESSAGE][PASSED] - Delayed 3 second(s)

2018-06-10 00:26:48 - [TEST_STEP][PASSED] - click: Object: 'Object Repository/DispensaryToStore/Page_KDMC/a_Divisional Store' is clicked on

2018-06-10 00:26:49 - [MESSAGE][PASSED] - Object: 'Object Repository/DispensaryToStore/Page_KDMC/a_Divisional Store' is clicked on

2018-06-10 00:26:49 - [TEST_STEP][PASSED] - setText: Text 'ragu' is set on object 'Object Repository/DispensaryToStore/Page_Divisonal Store Login/input_txtusername'

2018-06-10 00:26:50 - [MESSAGE][PASSED] - Text 'ragu' is set on object 'Object Repository/DispensaryToStore/Page_Divisonal Store Login/input_txtusername'

2018-06-10 00:26:50 - [TEST_STEP][PASSED] - setText: Text '123' is set on object 'Object Repository/DispensaryToStore/Page_Divisonal Store Login/input_txtpassword'

2018-06-10 00:26:50 - [MESSAGE][PASSED] - Text '123' is set on object 'Object Repository/DispensaryToStore/Page_Divisonal Store Login/input_txtpassword'

2018-06-10 00:26:50 - [TEST_STEP][PASSED] - delay: Delayed 3 second(s)

2018-06-10 00:26:53 - [MESSAGE][PASSED] - Delayed 3 second(s)

2018-06-10 00:26:53 - [TEST_STEP][PASSED] - click: Object: 'Object Repository/DispensaryToStore/Page_Divisonal Store Login/button_Sign in' is clicked on

2018-06-10 00:26:54 - [MESSAGE][PASSED] - Object: 'Object Repository/DispensaryToStore/Page_Divisonal Store Login/button_Sign in' is clicked on

2018-06-10 00:26:54 - [TEST_STEP][PASSED] - delay: Delayed 3 second(s)

2018-06-10 00:26:57 - [MESSAGE][PASSED] - Delayed 3 second(s)

2018-06-10 00:26:57 - [TEST_STEP][PASSED] - scrollToPosition: Browser is scrolled to position x = 100, y = 100

2018-06-10 00:26:57 - [MESSAGE][PASSED] - Browser is scrolled to position x = 100, y = 100

2018-06-10 00:26:57 - [TEST_STEP][PASSED] - click: Object: 'Object Repository/DispensaryToStore/Page_Store/a_Dispensary Request' is clicked on

2018-06-10 00:26:57 - [MESSAGE][PASSED] - Object: 'Object Repository/DispensaryToStore/Page_Store/a_Dispensary Request' is clicked on

2018-06-10 00:26:57 - [TEST_STEP][PASSED] - delay: Delayed 2 second(s)

2018-06-10 00:26:59 - [MESSAGE][PASSED] - Delayed 2 second(s)

2018-06-10 00:26:59 - [TEST_STEP][PASSED] - click: Object: 'Object Repository/DispensaryToStore/Page_Store/a_Request Item Dispensary' is clicked on

2018-06-10 00:27:00 - [MESSAGE][PASSED] - Object: 'Object Repository/DispensaryToStore/Page_Store/a_Request Item Dispensary' is clicked on

2018-06-10 00:27:00 - [TEST_STEP][PASSED] - Statement - ChooseRequest = com.kms.katalon.core.webui.keyword.WebUiBuiltInKeywords.modifyObjectProperty(com.kms.katalon.core.testobject.ObjectRepository.findTestObject(lab/Page_Store/input_1), "xpath", "equals", "//*[@id=" + RID + "]", true): Modify property of object successfully

2018-06-10 00:27:00 - [MESSAGE][PASSED] - Modify property of object successfully

2018-06-10 00:27:00 - [TEST_STEP][PASSED] - click: Object: 'Object Repository/lab/Page_Store/input_1' is clicked on

2018-06-10 00:27:01 - [MESSAGE][PASSED] - Object: 'Object Repository/lab/Page_Store/input_1' is clicked on

2018-06-10 00:27:01 - [TEST_STEP][PASSED] - Statement - selectedoptions = com.kms.katalon.core.webui.keyword.WebUiBuiltInKeywords.getNumberOfTotalOption(com.kms.katalon.core.testobject.ObjectRepository.findTestObject(DispensaryToStore/Page_Store/select_--Select--Adernaline 0.)): 14 options of object 'Object Repository/DispensaryToStore/Page_Store/select_--Select--Adernaline 0.' counted

2018-06-10 00:27:02 - [MESSAGE][PASSED] - 14 options of object 'Object Repository/DispensaryToStore/Page_Store/select_--Select--Adernaline 0.' counted

2018-06-10 00:27:02 - [TEST_STEP][PASSED] - Statement - For ([a = 1, a <= selectedoptions - 1, (a++)]): null

2018-06-10 00:27:02 - [TEST_STEP][PASSED] - selectOptionByIndex: All options with index in [1] are selected on object 'Object Repository/DispensaryToStore/Page_Store/select_--Select--Adernaline 0.'

2018-06-10 00:27:02 - [MESSAGE][PASSED] - All options with index in [1] are selected on object 'Object Repository/DispensaryToStore/Page_Store/select_--Select--Adernaline 0.'

2018-06-10 00:27:02 - [TEST_STEP][PASSED] - delay: Delayed 2 second(s)

2018-06-10 00:27:04 - [MESSAGE][PASSED] - Delayed 2 second(s)

2018-06-10 00:27:04 - [TEST_STEP][PASSED] - Statement - RequestedQty = com.kms.katalon.core.webui.keyword.WebUiBuiltInKeywords.getAttribute(com.kms.katalon.core.testobject.ObjectRepository.findTestObject(DispensaryToStore/Page_Store/input_txttotal), "value"): Attribute 'value' of object 'Object Repository/DispensaryToStore/Page_Store/input_txttotal' is: '10'

2018-06-10 00:27:04 - [MESSAGE][PASSED] - Attribute 'value' of object 'Object Repository/DispensaryToStore/Page_Store/input_txttotal' is: '10'

2018-06-10 00:27:04 - [TEST_STEP][PASSED] - Statement - out.println("Requested QTY : " + RequestedQty): null

2018-06-10 00:27:04 - [TEST_STEP][PASSED] - Statement - BatchNumber = com.kms.katalon.core.webui.keyword.WebUiBuiltInKeywords.getNumberOfTotalOption(com.kms.katalon.core.testobject.ObjectRepository.findTestObject(DispensaryToStore/Page_Store/select_--Select--BA1170BA2376B)): 3 options of object 'Object Repository/DispensaryToStore/Page_Store/select_--Select--BA1170BA2376B' counted

2018-06-10 00:27:04 - [MESSAGE][PASSED] - 3 options of object 'Object Repository/DispensaryToStore/Page_Store/select_--Select--BA1170BA2376B' counted

2018-06-10 00:27:04 - [TEST_STEP][PASSED] - Statement - For ([g = 1, g <= BatchNumber - 1, (g++)]): null

2018-06-10 00:27:04 - [TEST_STEP][PASSED] - selectOptionByIndex: All options with index in [1] are selected on object 'Object Repository/DispensaryToStore/Page_Store/select_--Select--BA1170BA2376B'

2018-06-10 00:27:04 - [MESSAGE][PASSED] - All options with index in [1] are selected on object 'Object Repository/DispensaryToStore/Page_Store/select_--Select--BA1170BA2376B'

2018-06-10 00:27:04 - [TEST_STEP][PASSED] - Statement - Try: null

2018-06-10 00:27:04 - [TEST_STEP][PASSED] - Statement - StockQty = com.kms.katalon.core.webui.keyword.WebUiBuiltInKeywords.getAttribute(com.kms.katalon.core.testobject.ObjectRepository.findTestObject(DispensaryToStore/Page_Store/input_txtprice), "value"): Attribute 'value' of object 'Object Repository/DispensaryToStore/Page_Store/input_txtprice' is: '990'

2018-06-10 00:27:04 - [MESSAGE][PASSED] - Attribute 'value' of object 'Object Repository/DispensaryToStore/Page_Store/input_txtprice' is: '990'

2018-06-10 00:27:04 - [TEST_STEP][PASSED] - Statement - out.println("Stock QTY : " + StockQty): null

2018-06-10 00:27:04 - [TEST_STEP][PASSED] - delay: Delayed 2 second(s)

2018-06-10 00:27:06 - [MESSAGE][PASSED] - Delayed 2 second(s)

2018-06-10 00:27:06 - [TEST_STEP][PASSED] - Statement - If (java.lang.String.valueOf(StockQty) >= java.lang.String.valueOf(RequestedQty)): null

2018-06-10 00:27:06 - [TEST_STEP][PASSED] - setText: Text '10' is set on object 'Object Repository/DispensaryToStore/Page_Store/input_txtqty'

2018-06-10 00:27:06 - [MESSAGE][PASSED] - Text '10' is set on object 'Object Repository/DispensaryToStore/Page_Store/input_txtqty'

2018-06-10 00:27:06 - [TEST_STEP][PASSED] - click: Object: 'Object Repository/DispensaryToStore/Page_Store/button_Add' is clicked on

2018-06-10 00:27:06 - [MESSAGE][PASSED] - Object: 'Object Repository/DispensaryToStore/Page_Store/button_Add' is clicked on

2018-06-10 00:27:06 - [TEST_STEP][PASSED] - Statement - Break: null

2018-06-10 00:27:06 - [TEST_STEP][PASSED] - selectOptionByIndex: All options with index in [2] are selected on object 'Object Repository/DispensaryToStore/Page_Store/select_--Select--Adernaline 0.'

2018-06-10 00:27:06 - [MESSAGE][PASSED] - All options with index in [2] are selected on object 'Object Repository/DispensaryToStore/Page_Store/select_--Select--Adernaline 0.'

2018-06-10 00:27:06 - [TEST_STEP][PASSED] - delay: Delayed 2 second(s)

2018-06-10 00:27:08 - [MESSAGE][PASSED] - Delayed 2 second(s)

2018-06-10 00:27:08 - [TEST_STEP][PASSED] - Statement - RequestedQty = com.kms.katalon.core.webui.keyword.WebUiBuiltInKeywords.getAttribute(com.kms.katalon.core.testobject.ObjectRepository.findTestObject(DispensaryToStore/Page_Store/input_txttotal), "value"): Attribute 'value' of object 'Object Repository/DispensaryToStore/Page_Store/input_txttotal' is: '10'

2018-06-10 00:27:08 - [MESSAGE][PASSED] - Attribute 'value' of object 'Object Repository/DispensaryToStore/Page_Store/input_txttotal' is: '10'

2018-06-10 00:27:08 - [TEST_STEP][PASSED] - Statement - out.println("Requested QTY : " + RequestedQty): null

2018-06-10 00:27:08 - [TEST_STEP][PASSED] - Statement - BatchNumber = com.kms.katalon.core.webui.keyword.WebUiBuiltInKeywords.getNumberOfTotalOption(com.kms.katalon.core.testobject.ObjectRepository.findTestObject(DispensaryToStore/Page_Store/select_--Select--BA1170BA2376B)): 6 options of object 'Object Repository/DispensaryToStore/Page_Store/select_--Select--BA1170BA2376B' counted

2018-06-10 00:27:08 - [MESSAGE][PASSED] - 6 options of object 'Object Repository/DispensaryToStore/Page_Store/select_--Select--BA1170BA2376B' counted

2018-06-10 00:27:08 - [TEST_STEP][PASSED] - Statement - For ([g = 1, g <= BatchNumber - 1, (g++)]): null

2018-06-10 00:27:08 - [TEST_STEP][PASSED] - selectOptionByIndex: All options with index in [1] are selected on object 'Object Repository/DispensaryToStore/Page_Store/select_--Select--BA1170BA2376B'

2018-06-10 00:27:09 - [MESSAGE][PASSED] - All options with index in [1] are selected on object 'Object Repository/DispensaryToStore/Page_Store/select_--Select--BA1170BA2376B'

2018-06-10 00:27:09 - [TEST_STEP][PASSED] - Statement - Try: null

2018-06-10 00:27:09 - [TEST_STEP][PASSED] - Statement - StockQty = com.kms.katalon.core.webui.keyword.WebUiBuiltInKeywords.getAttribute(com.kms.katalon.core.testobject.ObjectRepository.findTestObject(DispensaryToStore/Page_Store/input_txtprice), "value"): Attribute 'value' of object 'Object Repository/DispensaryToStore/Page_Store/input_txtprice' is: '170'

2018-06-10 00:27:09 - [MESSAGE][PASSED] - Attribute 'value' of object 'Object Repository/DispensaryToStore/Page_Store/input_txtprice' is: '170'

2018-06-10 00:27:09 - [TEST_STEP][PASSED] - Statement - out.println("Stock QTY : " + StockQty): null

2018-06-10 00:27:09 - [TEST_STEP][PASSED] - delay: Delayed 2 second(s)

2018-06-10 00:27:11 - [MESSAGE][PASSED] - Delayed 2 second(s)

2018-06-10 00:27:11 - [TEST_STEP][PASSED] - Statement - If (java.lang.String.valueOf(StockQty) >= java.lang.String.valueOf(RequestedQty)): null

2018-06-10 00:27:11 - [TEST_STEP][PASSED] - setText: Text '10' is set on object 'Object Repository/DispensaryToStore/Page_Store/input_txtqty'

2018-06-10 00:27:11 - [MESSAGE][PASSED] - Text '10' is set on object 'Object Repository/DispensaryToStore/Page_Store/input_txtqty'

2018-06-10 00:27:11 - [TEST_STEP][PASSED] - click: Object: 'Object Repository/DispensaryToStore/Page_Store/button_Add' is clicked on

2018-06-10 00:27:11 - [MESSAGE][PASSED] - Object: 'Object Repository/DispensaryToStore/Page_Store/button_Add' is clicked on

2018-06-10 00:27:11 - [TEST_STEP][PASSED] - Statement - Break: null

2018-06-10 00:27:11 - [TEST_STEP][PASSED] - selectOptionByIndex: All options with index in [3] are selected on object 'Object Repository/DispensaryToStore/Page_Store/select_--Select--Adernaline 0.'

2018-06-10 00:27:11 - [MESSAGE][PASSED] - All options with index in [3] are selected on object 'Object Repository/DispensaryToStore/Page_Store/select_--Select--Adernaline 0.'

2018-06-10 00:27:11 - [TEST_STEP][PASSED] - delay: Delayed 2 second(s)

2018-06-10 00:27:13 - [MESSAGE][PASSED] - Delayed 2 second(s)

2018-06-10 00:27:13 - [TEST_STEP][PASSED] - Statement - RequestedQty = com.kms.katalon.core.webui.keyword.WebUiBuiltInKeywords.getAttribute(com.kms.katalon.core.testobject.ObjectRepository.findTestObject(DispensaryToStore/Page_Store/input_txttotal), "value"): Attribute 'value' of object 'Object Repository/DispensaryToStore/Page_Store/input_txttotal' is: '10'

2018-06-10 00:27:13 - [MESSAGE][PASSED] - Attribute 'value' of object 'Object Repository/DispensaryToStore/Page_Store/input_txttotal' is: '10'

2018-06-10 00:27:13 - [TEST_STEP][PASSED] - Statement - out.println("Requested QTY : " + RequestedQty): null

2018-06-10 00:27:13 - [TEST_STEP][PASSED] - Statement - BatchNumber = com.kms.katalon.core.webui.keyword.WebUiBuiltInKeywords.getNumberOfTotalOption(com.kms.katalon.core.testobject.ObjectRepository.findTestObject(DispensaryToStore/Page_Store/select_--Select--BA1170BA2376B)): 2 options of object 'Object Repository/DispensaryToStore/Page_Store/select_--Select--BA1170BA2376B' counted

2018-06-10 00:27:13 - [MESSAGE][PASSED] - 2 options of object 'Object Repository/DispensaryToStore/Page_Store/select_--Select--BA1170BA2376B' counted

2018-06-10 00:27:13 - [TEST_STEP][PASSED] - Statement - For ([g = 1, g <= BatchNumber - 1, (g++)]): null

2018-06-10 00:27:13 - [TEST_STEP][PASSED] - selectOptionByIndex: All options with index in [1] are selected on object 'Object Repository/DispensaryToStore/Page_Store/select_--Select--BA1170BA2376B'

2018-06-10 00:27:13 - [MESSAGE][PASSED] - All options with index in [1] are selected on object 'Object Repository/DispensaryToStore/Page_Store/select_--Select--BA1170BA2376B'

2018-06-10 00:27:13 - [TEST_STEP][PASSED] - Statement - Try: null

2018-06-10 00:27:13 - [TEST_STEP][PASSED] - Statement - StockQty = com.kms.katalon.core.webui.keyword.WebUiBuiltInKeywords.getAttribute(com.kms.katalon.core.testobject.ObjectRepository.findTestObject(DispensaryToStore/Page_Store/input_txtprice), "value"): Attribute 'value' of object 'Object Repository/DispensaryToStore/Page_Store/input_txtprice' is: ''

2018-06-10 00:27:13 - [MESSAGE][PASSED] - Attribute 'value' of object 'Object Repository/DispensaryToStore/Page_Store/input_txtprice' is: ''

2018-06-10 00:27:13 - [TEST_STEP][PASSED] - Statement - out.println("Stock QTY : " + StockQty): null

2018-06-10 00:27:13 - [TEST_STEP][PASSED] - delay: Delayed 2 second(s)

2018-06-10 00:27:15 - [MESSAGE][PASSED] - Delayed 2 second(s)

2018-06-10 00:27:15 - [TEST_STEP][PASSED] - Statement - If (java.lang.String.valueOf(StockQty) >= java.lang.String.valueOf(RequestedQty)): null

2018-06-10 00:27:15 - [TEST_STEP][PASSED] - Statement - Else: null

2018-06-10 00:27:15 - [TEST_STEP][PASSED] - Statement - out.println("Stock Is Less Than Requested Qty"): null

2018-06-10 00:27:15 - [TEST_STEP][PASSED] - selectOptionByIndex: All options with index in [4] are selected on object 'Object Repository/DispensaryToStore/Page_Store/select_--Select--Adernaline 0.'

2018-06-10 00:27:15 - [MESSAGE][PASSED] - All options with index in [4] are selected on object 'Object Repository/DispensaryToStore/Page_Store/select_--Select--Adernaline 0.'

2018-06-10 00:27:15 - [TEST_STEP][PASSED] - delay: Delayed 2 second(s)

2018-06-10 00:27:17 - [MESSAGE][PASSED] - Delayed 2 second(s)

2018-06-10 00:27:17 - [TEST_STEP][PASSED] - Statement - RequestedQty = com.kms.katalon.core.webui.keyword.WebUiBuiltInKeywords.getAttribute(com.kms.katalon.core.testobject.ObjectRepository.findTestObject(DispensaryToStore/Page_Store/input_txttotal), "value"): Attribute 'value' of object 'Object Repository/DispensaryToStore/Page_Store/input_txttotal' is: '10'

2018-06-10 00:27:17 - [MESSAGE][PASSED] - Attribute 'value' of object 'Object Repository/DispensaryToStore/Page_Store/input_txttotal' is: '10'

2018-06-10 00:27:17 - [TEST_STEP][PASSED] - Statement - out.println("Requested QTY : " + RequestedQty): null

2018-06-10 00:27:17 - [TEST_STEP][PASSED] - Statement - BatchNumber = com.kms.katalon.core.webui.keyword.WebUiBuiltInKeywords.getNumberOfTotalOption(com.kms.katalon.core.testobject.ObjectRepository.findTestObject(DispensaryToStore/Page_Store/select_--Select--BA1170BA2376B)): 3 options of object 'Object Repository/DispensaryToStore/Page_Store/select_--Select--BA1170BA2376B' counted

2018-06-10 00:27:17 - [MESSAGE][PASSED] - 3 options of object 'Object Repository/DispensaryToStore/Page_Store/select_--Select--BA1170BA2376B' counted

2018-06-10 00:27:17 - [TEST_STEP][PASSED] - Statement - For ([g = 1, g <= BatchNumber - 1, (g++)]): null

2018-06-10 00:27:17 - [TEST_STEP][PASSED] - selectOptionByIndex: All options with index in [1] are selected on object 'Object Repository/DispensaryToStore/Page_Store/select_--Select--BA1170BA2376B'

2018-06-10 00:27:18 - [MESSAGE][PASSED] - All options with index in [1] are selected on object 'Object Repository/DispensaryToStore/Page_Store/select_--Select--BA1170BA2376B'

2018-06-10 00:27:18 - [TEST_STEP][PASSED] - Statement - Try: null

2018-06-10 00:27:18 - [TEST_STEP][PASSED] - Statement - StockQty = com.kms.katalon.core.webui.keyword.WebUiBuiltInKeywords.getAttribute(com.kms.katalon.core.testobject.ObjectRepository.findTestObject(DispensaryToStore/Page_Store/input_txtprice), "value"): Attribute 'value' of object 'Object Repository/DispensaryToStore/Page_Store/input_txtprice' is: '990'

2018-06-10 00:27:18 - [MESSAGE][PASSED] - Attribute 'value' of object 'Object Repository/DispensaryToStore/Page_Store/input_txtprice' is: '990'

2018-06-10 00:27:18 - [TEST_STEP][PASSED] - Statement - out.println("Stock QTY : " + StockQty): null

2018-06-10 00:27:18 - [TEST_STEP][PASSED] - delay: Delayed 2 second(s)

2018-06-10 00:27:20 - [MESSAGE][PASSED] - Delayed 2 second(s)

2018-06-10 00:27:20 - [TEST_STEP][PASSED] - Statement - If (java.lang.String.valueOf(StockQty) >= java.lang.String.valueOf(RequestedQty)): null

2018-06-10 00:27:20 - [TEST_STEP][PASSED] - setText: Text '10' is set on object 'Object Repository/DispensaryToStore/Page_Store/input_txtqty'

2018-06-10 00:27:20 - [MESSAGE][PASSED] - Text '10' is set on object 'Object Repository/DispensaryToStore/Page_Store/input_txtqty'

2018-06-10 00:27:20 - [TEST_STEP][PASSED] - click: Object: 'Object Repository/DispensaryToStore/Page_Store/button_Add' is clicked on

2018-06-10 00:27:20 - [MESSAGE][PASSED] - Object: 'Object Repository/DispensaryToStore/Page_Store/button_Add' is clicked on

2018-06-10 00:27:20 - [TEST_STEP][PASSED] - Statement - Break: null

2018-06-10 00:27:20 - [TEST_STEP][PASSED] - selectOptionByIndex: All options with index in [5] are selected on object 'Object Repository/DispensaryToStore/Page_Store/select_--Select--Adernaline 0.'

2018-06-10 00:27:20 - [MESSAGE][PASSED] - All options with index in [5] are selected on object 'Object Repository/DispensaryToStore/Page_Store/select_--Select--Adernaline 0.'

2018-06-10 00:27:20 - [TEST_STEP][PASSED] - delay: Delayed 2 second(s)

2018-06-10 00:27:22 - [MESSAGE][PASSED] - Delayed 2 second(s)

2018-06-10 00:27:22 - [TEST_STEP][PASSED] - Statement - RequestedQty = com.kms.katalon.core.webui.keyword.WebUiBuiltInKeywords.getAttribute(com.kms.katalon.core.testobject.ObjectRepository.findTestObject(DispensaryToStore/Page_Store/input_txttotal), "value"): Attribute 'value' of object 'Object Repository/DispensaryToStore/Page_Store/input_txttotal' is: '10'

2018-06-10 00:27:22 - [MESSAGE][PASSED] - Attribute 'value' of object 'Object Repository/DispensaryToStore/Page_Store/input_txttotal' is: '10'

2018-06-10 00:27:22 - [TEST_STEP][PASSED] - Statement - out.println("Requested QTY : " + RequestedQty): null

2018-06-10 00:27:22 - [TEST_STEP][PASSED] - Statement - BatchNumber = com.kms.katalon.core.webui.keyword.WebUiBuiltInKeywords.getNumberOfTotalOption(com.kms.katalon.core.testobject.ObjectRepository.findTestObject(DispensaryToStore/Page_Store/select_--Select--BA1170BA2376B)): 3 options of object 'Object Repository/DispensaryToStore/Page_Store/select_--Select--BA1170BA2376B' counted

2018-06-10 00:27:22 - [MESSAGE][PASSED] - 3 options of object 'Object Repository/DispensaryToStore/Page_Store/select_--Select--BA1170BA2376B' counted

2018-06-10 00:27:22 - [TEST_STEP][PASSED] - Statement - For ([g = 1, g <= BatchNumber - 1, (g++)]): null

2018-06-10 00:27:22 - [TEST_STEP][PASSED] - selectOptionByIndex: All options with index in [1] are selected on object 'Object Repository/DispensaryToStore/Page_Store/select_--Select--BA1170BA2376B'

2018-06-10 00:27:22 - [MESSAGE][PASSED] - All options with index in [1] are selected on object 'Object Repository/DispensaryToStore/Page_Store/select_--Select--BA1170BA2376B'

2018-06-10 00:27:22 - [TEST_STEP][PASSED] - Statement - Try: null

2018-06-10 00:27:22 - [TEST_STEP][PASSED] - Statement - StockQty = com.kms.katalon.core.webui.keyword.WebUiBuiltInKeywords.getAttribute(com.kms.katalon.core.testobject.ObjectRepository.findTestObject(DispensaryToStore/Page_Store/input_txtprice), "value"): Attribute 'value' of object 'Object Repository/DispensaryToStore/Page_Store/input_txtprice' is: '170'

2018-06-10 00:27:22 - [MESSAGE][PASSED] - Attribute 'value' of object 'Object Repository/DispensaryToStore/Page_Store/input_txtprice' is: '170'

2018-06-10 00:27:22 - [TEST_STEP][PASSED] - Statement - out.println("Stock QTY : " + StockQty): null

2018-06-10 00:27:22 - [TEST_STEP][PASSED] - delay: Delayed 2 second(s)

2018-06-10 00:27:24 - [MESSAGE][PASSED] - Delayed 2 second(s)

2018-06-10 00:27:24 - [TEST_STEP][PASSED] - Statement - If (java.lang.String.valueOf(StockQty) >= java.lang.String.valueOf(RequestedQty)): null

2018-06-10 00:27:24 - [TEST_STEP][PASSED] - setText: Text '10' is set on object 'Object Repository/DispensaryToStore/Page_Store/input_txtqty'

2018-06-10 00:27:24 - [MESSAGE][PASSED] - Text '10' is set on object 'Object Repository/DispensaryToStore/Page_Store/input_txtqty'

2018-06-10 00:27:24 - [TEST_STEP][PASSED] - click: Object: 'Object Repository/DispensaryToStore/Page_Store/button_Add' is clicked on

2018-06-10 00:27:24 - [MESSAGE][PASSED] - Object: 'Object Repository/DispensaryToStore/Page_Store/button_Add' is clicked on

2018-06-10 00:27:24 - [TEST_STEP][PASSED] - Statement - Break: null

2018-06-10 00:27:24 - [TEST_STEP][PASSED] - selectOptionByIndex: All options with index in [6] are selected on object 'Object Repository/DispensaryToStore/Page_Store/select_--Select--Adernaline 0.'

2018-06-10 00:27:24 - [MESSAGE][PASSED] - All options with index in [6] are selected on object 'Object Repository/DispensaryToStore/Page_Store/select_--Select--Adernaline 0.'

2018-06-10 00:27:24 - [TEST_STEP][PASSED] - delay: Delayed 2 second(s)

2018-06-10 00:27:26 - [MESSAGE][PASSED] - Delayed 2 second(s)

2018-06-10 00:27:26 - [TEST_STEP][PASSED] - Statement - RequestedQty = com.kms.katalon.core.webui.keyword.WebUiBuiltInKeywords.getAttribute(com.kms.katalon.core.testobject.ObjectRepository.findTestObject(DispensaryToStore/Page_Store/input_txttotal), "value"): Attribute 'value' of object 'Object Repository/DispensaryToStore/Page_Store/input_txttotal' is: '10'

2018-06-10 00:27:26 - [MESSAGE][PASSED] - Attribute 'value' of object 'Object Repository/DispensaryToStore/Page_Store/input_txttotal' is: '10'

2018-06-10 00:27:26 - [TEST_STEP][PASSED] - Statement - out.println("Requested QTY : " + RequestedQty): null

2018-06-10 00:27:26 - [TEST_STEP][PASSED] - Statement - BatchNumber = com.kms.katalon.core.webui.keyword.WebUiBuiltInKeywords.getNumberOfTotalOption(com.kms.katalon.core.testobject.ObjectRepository.findTestObject(DispensaryToStore/Page_Store/select_--Select--BA1170BA2376B)): 3 options of object 'Object Repository/DispensaryToStore/Page_Store/select_--Select--BA1170BA2376B' counted

2018-06-10 00:27:27 - [MESSAGE][PASSED] - 3 options of object 'Object Repository/DispensaryToStore/Page_Store/select_--Select--BA1170BA2376B' counted

2018-06-10 00:27:27 - [TEST_STEP][PASSED] - Statement - For ([g = 1, g <= BatchNumber - 1, (g++)]): null

2018-06-10 00:27:27 - [TEST_STEP][PASSED] - selectOptionByIndex: All options with index in [1] are selected on object 'Object Repository/DispensaryToStore/Page_Store/select_--Select--BA1170BA2376B'

2018-06-10 00:27:27 - [MESSAGE][PASSED] - All options with index in [1] are selected on object 'Object Repository/DispensaryToStore/Page_Store/select_--Select--BA1170BA2376B'

2018-06-10 00:27:27 - [TEST_STEP][PASSED] - Statement - Try: null

2018-06-10 00:27:27 - [TEST_STEP][PASSED] - Statement - StockQty = com.kms.katalon.core.webui.keyword.WebUiBuiltInKeywords.getAttribute(com.kms.katalon.core.testobject.ObjectRepository.findTestObject(DispensaryToStore/Page_Store/input_txtprice), "value"): Attribute 'value' of object 'Object Repository/DispensaryToStore/Page_Store/input_txtprice' is: '1010'

2018-06-10 00:27:27 - [MESSAGE][PASSED] - Attribute 'value' of object 'Object Repository/DispensaryToStore/Page_Store/input_txtprice' is: '1010'

2018-06-10 00:27:27 - [TEST_STEP][PASSED] - Statement - out.println("Stock QTY : " + StockQty): null

2018-06-10 00:27:27 - [TEST_STEP][PASSED] - delay: Delayed 2 second(s)

2018-06-10 00:27:29 - [MESSAGE][PASSED] - Delayed 2 second(s)

2018-06-10 00:27:29 - [TEST_STEP][PASSED] - Statement - If (java.lang.String.valueOf(StockQty) >= java.lang.String.valueOf(RequestedQty)): null

2018-06-10 00:27:29 - [TEST_STEP][PASSED] - setText: Text '10' is set on object 'Object Repository/DispensaryToStore/Page_Store/input_txtqty'

2018-06-10 00:27:29 - [MESSAGE][PASSED] - Text '10' is set on object 'Object Repository/DispensaryToStore/Page_Store/input_txtqty'

2018-06-10 00:27:29 - [TEST_STEP][PASSED] - click: Object: 'Object Repository/DispensaryToStore/Page_Store/button_Add' is clicked on

2018-06-10 00:27:29 - [MESSAGE][PASSED] - Object: 'Object Repository/DispensaryToStore/Page_Store/button_Add' is clicked on

2018-06-10 00:27:29 - [TEST_STEP][PASSED] - Statement - Break: null

2018-06-10 00:27:29 - [TEST_STEP][PASSED] - selectOptionByIndex: All options with index in [7] are selected on object 'Object Repository/DispensaryToStore/Page_Store/select_--Select--Adernaline 0.'

2018-06-10 00:27:29 - [MESSAGE][PASSED] - All options with index in [7] are selected on object 'Object Repository/DispensaryToStore/Page_Store/select_--Select--Adernaline 0.'

2018-06-10 00:27:29 - [TEST_STEP][PASSED] - delay: Delayed 2 second(s)

2018-06-10 00:27:31 - [MESSAGE][PASSED] - Delayed 2 second(s)

2018-06-10 00:27:31 - [TEST_STEP][PASSED] - Statement - RequestedQty = com.kms.katalon.core.webui.keyword.WebUiBuiltInKeywords.getAttribute(com.kms.katalon.core.testobject.ObjectRepository.findTestObject(DispensaryToStore/Page_Store/input_txttotal), "value"): Attribute 'value' of object 'Object Repository/DispensaryToStore/Page_Store/input_txttotal' is: '10'

2018-06-10 00:27:31 - [MESSAGE][PASSED] - Attribute 'value' of object 'Object Repository/DispensaryToStore/Page_Store/input_txttotal' is: '10'

2018-06-10 00:27:31 - [TEST_STEP][PASSED] - Statement - out.println("Requested QTY : " + RequestedQty): null

2018-06-10 00:27:31 - [TEST_STEP][PASSED] - Statement - BatchNumber = com.kms.katalon.core.webui.keyword.WebUiBuiltInKeywords.getNumberOfTotalOption(com.kms.katalon.core.testobject.ObjectRepository.findTestObject(DispensaryToStore/Page_Store/select_--Select--BA1170BA2376B)): 5 options of object 'Object Repository/DispensaryToStore/Page_Store/select_--Select--BA1170BA2376B' counted

2018-06-10 00:27:31 - [MESSAGE][PASSED] - 5 options of object 'Object Repository/DispensaryToStore/Page_Store/select_--Select--BA1170BA2376B' counted

2018-06-10 00:27:31 - [TEST_STEP][PASSED] - Statement - For ([g = 1, g <= BatchNumber - 1, (g++)]): null

2018-06-10 00:27:31 - [TEST_STEP][PASSED] - selectOptionByIndex: All options with index in [1] are selected on object 'Object Repository/DispensaryToStore/Page_Store/select_--Select--BA1170BA2376B'

2018-06-10 00:27:31 - [MESSAGE][PASSED] - All options with index in [1] are selected on object 'Object Repository/DispensaryToStore/Page_Store/select_--Select--BA1170BA2376B'

2018-06-10 00:27:31 - [TEST_STEP][PASSED] - Statement - Try: null

2018-06-10 00:27:31 - [TEST_STEP][PASSED] - Statement - StockQty = com.kms.katalon.core.webui.keyword.WebUiBuiltInKeywords.getAttribute(com.kms.katalon.core.testobject.ObjectRepository.findTestObject(DispensaryToStore/Page_Store/input_txtprice), "value"): Attribute 'value' of object 'Object Repository/DispensaryToStore/Page_Store/input_txtprice' is: '170'

2018-06-10 00:27:31 - [MESSAGE][PASSED] - Attribute 'value' of object 'Object Repository/DispensaryToStore/Page_Store/input_txtprice' is: '170'

2018-06-10 00:27:31 - [TEST_STEP][PASSED] - Statement - out.println("Stock QTY : " + StockQty): null

2018-06-10 00:27:31 - [TEST_STEP][PASSED] - delay: Delayed 2 second(s)

2018-06-10 00:27:33 - [MESSAGE][PASSED] - Delayed 2 second(s)

2018-06-10 00:27:33 - [TEST_STEP][PASSED] - Statement - If (java.lang.String.valueOf(StockQty) >= java.lang.String.valueOf(RequestedQty)): null

2018-06-10 00:27:33 - [TEST_STEP][PASSED] - setText: Text '10' is set on object 'Object Repository/DispensaryToStore/Page_Store/input_txtqty'

2018-06-10 00:27:33 - [MESSAGE][PASSED] - Text '10' is set on object 'Object Repository/DispensaryToStore/Page_Store/input_txtqty'

2018-06-10 00:27:33 - [TEST_STEP][PASSED] - click: Object: 'Object Repository/DispensaryToStore/Page_Store/button_Add' is clicked on

2018-06-10 00:27:33 - [MESSAGE][PASSED] - Object: 'Object Repository/DispensaryToStore/Page_Store/button_Add' is clicked on

2018-06-10 00:27:33 - [TEST_STEP][PASSED] - Statement - Break: null

2018-06-10 00:27:33 - [TEST_STEP][PASSED] - selectOptionByIndex: All options with index in [8] are selected on object 'Object Repository/DispensaryToStore/Page_Store/select_--Select--Adernaline 0.'

2018-06-10 00:27:34 - [MESSAGE][PASSED] - All options with index in [8] are selected on object 'Object Repository/DispensaryToStore/Page_Store/select_--Select--Adernaline 0.'

2018-06-10 00:27:34 - [TEST_STEP][PASSED] - delay: Delayed 2 second(s)

2018-06-10 00:27:36 - [MESSAGE][PASSED] - Delayed 2 second(s)

2018-06-10 00:27:36 - [TEST_STEP][PASSED] - Statement - RequestedQty = com.kms.katalon.core.webui.keyword.WebUiBuiltInKeywords.getAttribute(com.kms.katalon.core.testobject.ObjectRepository.findTestObject(DispensaryToStore/Page_Store/input_txttotal), "value"): Attribute 'value' of object 'Object Repository/DispensaryToStore/Page_Store/input_txttotal' is: '10'

2018-06-10 00:27:36 - [MESSAGE][PASSED] - Attribute 'value' of object 'Object Repository/DispensaryToStore/Page_Store/input_txttotal' is: '10'

2018-06-10 00:27:36 - [TEST_STEP][PASSED] - Statement - out.println("Requested QTY : " + RequestedQty): null

2018-06-10 00:27:36 - [TEST_STEP][PASSED] - Statement - BatchNumber = com.kms.katalon.core.webui.keyword.WebUiBuiltInKeywords.getNumberOfTotalOption(com.kms.katalon.core.testobject.ObjectRepository.findTestObject(DispensaryToStore/Page_Store/select_--Select--BA1170BA2376B)): 4 options of object 'Object Repository/DispensaryToStore/Page_Store/select_--Select--BA1170BA2376B' counted

2018-06-10 00:27:36 - [MESSAGE][PASSED] - 4 options of object 'Object Repository/DispensaryToStore/Page_Store/select_--Select--BA1170BA2376B' counted

2018-06-10 00:27:36 - [TEST_STEP][PASSED] - Statement - For ([g = 1, g <= BatchNumber - 1, (g++)]): null

2018-06-10 00:27:36 - [TEST_STEP][PASSED] - selectOptionByIndex: All options with index in [1] are selected on object 'Object Repository/DispensaryToStore/Page_Store/select_--Select--BA1170BA2376B'

2018-06-10 00:27:36 - [MESSAGE][PASSED] - All options with index in [1] are selected on object 'Object Repository/DispensaryToStore/Page_Store/select_--Select--BA1170BA2376B'

2018-06-10 00:27:36 - [TEST_STEP][PASSED] - Statement - Try: null

2018-06-10 00:27:36 - [TEST_STEP][PASSED] - Statement - StockQty = com.kms.katalon.core.webui.keyword.WebUiBuiltInKeywords.getAttribute(com.kms.katalon.core.testobject.ObjectRepository.findTestObject(DispensaryToStore/Page_Store/input_txtprice), "value"): Attribute 'value' of object 'Object Repository/DispensaryToStore/Page_Store/input_txtprice' is: '440'

2018-06-10 00:27:36 - [MESSAGE][PASSED] - Attribute 'value' of object 'Object Repository/DispensaryToStore/Page_Store/input_txtprice' is: '440'

2018-06-10 00:27:36 - [TEST_STEP][PASSED] - Statement - out.println("Stock QTY : " + StockQty): null

2018-06-10 00:27:36 - [TEST_STEP][PASSED] - delay: Delayed 2 second(s)

2018-06-10 00:27:38 - [MESSAGE][PASSED] - Delayed 2 second(s)

2018-06-10 00:27:38 - [TEST_STEP][PASSED] - Statement - If (java.lang.String.valueOf(StockQty) >= java.lang.String.valueOf(RequestedQty)): null

2018-06-10 00:27:38 - [TEST_STEP][PASSED] - setText: Text '10' is set on object 'Object Repository/DispensaryToStore/Page_Store/input_txtqty'

2018-06-10 00:27:38 - [MESSAGE][PASSED] - Text '10' is set on object 'Object Repository/DispensaryToStore/Page_Store/input_txtqty'

2018-06-10 00:27:38 - [TEST_STEP][PASSED] - click: Object: 'Object Repository/DispensaryToStore/Page_Store/button_Add' is clicked on

2018-06-10 00:27:38 - [MESSAGE][PASSED] - Object: 'Object Repository/DispensaryToStore/Page_Store/button_Add' is clicked on

2018-06-10 00:27:38 - [TEST_STEP][PASSED] - Statement - Break: null

2018-06-10 00:27:38 - [TEST_STEP][PASSED] - selectOptionByIndex: All options with index in [9] are selected on object 'Object Repository/DispensaryToStore/Page_Store/select_--Select--Adernaline 0.'

2018-06-10 00:27:38 - [MESSAGE][PASSED] - All options with index in [9] are selected on object 'Object Repository/DispensaryToStore/Page_Store/select_--Select--Adernaline 0.'

2018-06-10 00:27:38 - [TEST_STEP][PASSED] - delay: Delayed 2 second(s)

2018-06-10 00:27:40 - [MESSAGE][PASSED] - Delayed 2 second(s)

2018-06-10 00:27:40 - [TEST_STEP][PASSED] - Statement - RequestedQty = com.kms.katalon.core.webui.keyword.WebUiBuiltInKeywords.getAttribute(com.kms.katalon.core.testobject.ObjectRepository.findTestObject(DispensaryToStore/Page_Store/input_txttotal), "value"): Attribute 'value' of object 'Object Repository/DispensaryToStore/Page_Store/input_txttotal' is: '10'

2018-06-10 00:27:40 - [MESSAGE][PASSED] - Attribute 'value' of object 'Object Repository/DispensaryToStore/Page_Store/input_txttotal' is: '10'

2018-06-10 00:27:40 - [TEST_STEP][PASSED] - Statement - out.println("Requested QTY : " + RequestedQty): null

2018-06-10 00:27:40 - [TEST_STEP][PASSED] - Statement - BatchNumber = com.kms.katalon.core.webui.keyword.WebUiBuiltInKeywords.getNumberOfTotalOption(com.kms.katalon.core.testobject.ObjectRepository.findTestObject(DispensaryToStore/Page_Store/select_--Select--BA1170BA2376B)): 4 options of object 'Object Repository/DispensaryToStore/Page_Store/select_--Select--BA1170BA2376B' counted

2018-06-10 00:27:40 - [MESSAGE][PASSED] - 4 options of object 'Object Repository/DispensaryToStore/Page_Store/select_--Select--BA1170BA2376B' counted

2018-06-10 00:27:40 - [TEST_STEP][PASSED] - Statement - For ([g = 1, g <= BatchNumber - 1, (g++)]): null

2018-06-10 00:27:40 - [TEST_STEP][PASSED] - selectOptionByIndex: All options with index in [1] are selected on object 'Object Repository/DispensaryToStore/Page_Store/select_--Select--BA1170BA2376B'

2018-06-10 00:27:40 - [MESSAGE][PASSED] - All options with index in [1] are selected on object 'Object Repository/DispensaryToStore/Page_Store/select_--Select--BA1170BA2376B'

2018-06-10 00:27:40 - [TEST_STEP][PASSED] - Statement - Try: null

2018-06-10 00:27:40 - [TEST_STEP][PASSED] - Statement - StockQty = com.kms.katalon.core.webui.keyword.WebUiBuiltInKeywords.getAttribute(com.kms.katalon.core.testobject.ObjectRepository.findTestObject(DispensaryToStore/Page_Store/input_txtprice), "value"): Attribute 'value' of object 'Object Repository/DispensaryToStore/Page_Store/input_txtprice' is: '440'

2018-06-10 00:27:40 - [MESSAGE][PASSED] - Attribute 'value' of object 'Object Repository/DispensaryToStore/Page_Store/input_txtprice' is: '440'

2018-06-10 00:27:40 - [TEST_STEP][PASSED] - Statement - out.println("Stock QTY : " + StockQty): null

2018-06-10 00:27:40 - [TEST_STEP][PASSED] - delay: Delayed 2 second(s)

2018-06-10 00:27:42 - [MESSAGE][PASSED] - Delayed 2 second(s)

2018-06-10 00:27:42 - [TEST_STEP][PASSED] - Statement - If (java.lang.String.valueOf(StockQty) >= java.lang.String.valueOf(RequestedQty)): null

2018-06-10 00:27:42 - [TEST_STEP][PASSED] - setText: Text '10' is set on object 'Object Repository/DispensaryToStore/Page_Store/input_txtqty'

2018-06-10 00:27:43 - [MESSAGE][PASSED] - Text '10' is set on object 'Object Repository/DispensaryToStore/Page_Store/input_txtqty'

2018-06-10 00:27:43 - [TEST_STEP][PASSED] - click: Object: 'Object Repository/DispensaryToStore/Page_Store/button_Add' is clicked on

2018-06-10 00:27:43 - [MESSAGE][PASSED] - Object: 'Object Repository/DispensaryToStore/Page_Store/button_Add' is clicked on

2018-06-10 00:27:43 - [TEST_STEP][PASSED] - Statement - Break: null

2018-06-10 00:27:43 - [TEST_STEP][PASSED] - selectOptionByIndex: All options with index in [10] are selected on object 'Object Repository/DispensaryToStore/Page_Store/select_--Select--Adernaline 0.'

2018-06-10 00:27:43 - [MESSAGE][PASSED] - All options with index in [10] are selected on object 'Object Repository/DispensaryToStore/Page_Store/select_--Select--Adernaline 0.'

2018-06-10 00:27:43 - [TEST_STEP][PASSED] - delay: Delayed 2 second(s)

2018-06-10 00:27:45 - [MESSAGE][PASSED] - Delayed 2 second(s)

2018-06-10 00:27:45 - [TEST_STEP][PASSED] - Statement - RequestedQty = com.kms.katalon.core.webui.keyword.WebUiBuiltInKeywords.getAttribute(com.kms.katalon.core.testobject.ObjectRepository.findTestObject(DispensaryToStore/Page_Store/input_txttotal), "value"): Attribute 'value' of object 'Object Repository/DispensaryToStore/Page_Store/input_txttotal' is: '10'

2018-06-10 00:27:45 - [MESSAGE][PASSED] - Attribute 'value' of object 'Object Repository/DispensaryToStore/Page_Store/input_txttotal' is: '10'

2018-06-10 00:27:45 - [TEST_STEP][PASSED] - Statement - out.println("Requested QTY : " + RequestedQty): null

2018-06-10 00:27:45 - [TEST_STEP][PASSED] - Statement - BatchNumber = com.kms.katalon.core.webui.keyword.WebUiBuiltInKeywords.getNumberOfTotalOption(com.kms.katalon.core.testobject.ObjectRepository.findTestObject(DispensaryToStore/Page_Store/select_--Select--BA1170BA2376B)): 3 options of object 'Object Repository/DispensaryToStore/Page_Store/select_--Select--BA1170BA2376B' counted

2018-06-10 00:27:45 - [MESSAGE][PASSED] - 3 options of object 'Object Repository/DispensaryToStore/Page_Store/select_--Select--BA1170BA2376B' counted

2018-06-10 00:27:45 - [TEST_STEP][PASSED] - Statement - For ([g = 1, g <= BatchNumber - 1, (g++)]): null

2018-06-10 00:27:45 - [TEST_STEP][PASSED] - selectOptionByIndex: All options with index in [1] are selected on object 'Object Repository/DispensaryToStore/Page_Store/select_--Select--BA1170BA2376B'

2018-06-10 00:27:45 - [MESSAGE][PASSED] - All options with index in [1] are selected on object 'Object Repository/DispensaryToStore/Page_Store/select_--Select--BA1170BA2376B'

2018-06-10 00:27:45 - [TEST_STEP][PASSED] - Statement - Try: null

2018-06-10 00:27:45 - [TEST_STEP][PASSED] - Statement - StockQty = com.kms.katalon.core.webui.keyword.WebUiBuiltInKeywords.getAttribute(com.kms.katalon.core.testobject.ObjectRepository.findTestObject(DispensaryToStore/Page_Store/input_txtprice), "value"): Attribute 'value' of object 'Object Repository/DispensaryToStore/Page_Store/input_txtprice' is: '1010'

2018-06-10 00:27:45 - [MESSAGE][PASSED] - Attribute 'value' of object 'Object Repository/DispensaryToStore/Page_Store/input_txtprice' is: '1010'

2018-06-10 00:27:45 - [TEST_STEP][PASSED] - Statement - out.println("Stock QTY : " + StockQty): null

2018-06-10 00:27:45 - [TEST_STEP][PASSED] - delay: Delayed 2 second(s)

2018-06-10 00:27:47 - [MESSAGE][PASSED] - Delayed 2 second(s)

2018-06-10 00:27:47 - [TEST_STEP][PASSED] - Statement - If (java.lang.String.valueOf(StockQty) >= java.lang.String.valueOf(RequestedQty)): null

2018-06-10 00:27:47 - [TEST_STEP][PASSED] - setText: Text '10' is set on object 'Object Repository/DispensaryToStore/Page_Store/input_txtqty'

2018-06-10 00:27:47 - [MESSAGE][PASSED] - Text '10' is set on object 'Object Repository/DispensaryToStore/Page_Store/input_txtqty'

2018-06-10 00:27:47 - [TEST_STEP][PASSED] - click: Object: 'Object Repository/DispensaryToStore/Page_Store/button_Add' is clicked on

2018-06-10 00:27:47 - [MESSAGE][PASSED] - Object: 'Object Repository/DispensaryToStore/Page_Store/button_Add' is clicked on

2018-06-10 00:27:47 - [TEST_STEP][PASSED] - Statement - Break: null

2018-06-10 00:27:47 - [TEST_STEP][PASSED] - selectOptionByIndex: All options with index in [11] are selected on object 'Object Repository/DispensaryToStore/Page_Store/select_--Select--Adernaline 0.'

2018-06-10 00:27:47 - [MESSAGE][PASSED] - All options with index in [11] are selected on object 'Object Repository/DispensaryToStore/Page_Store/select_--Select--Adernaline 0.'

2018-06-10 00:27:47 - [TEST_STEP][PASSED] - delay: Delayed 2 second(s)

2018-06-10 00:27:49 - [MESSAGE][PASSED] - Delayed 2 second(s)

2018-06-10 00:27:49 - [TEST_STEP][PASSED] - Statement - RequestedQty = com.kms.katalon.core.webui.keyword.WebUiBuiltInKeywords.getAttribute(com.kms.katalon.core.testobject.ObjectRepository.findTestObject(DispensaryToStore/Page_Store/input_txttotal), "value"): Attribute 'value' of object 'Object Repository/DispensaryToStore/Page_Store/input_txttotal' is: '10'

2018-06-10 00:27:49 - [MESSAGE][PASSED] - Attribute 'value' of object 'Object Repository/DispensaryToStore/Page_Store/input_txttotal' is: '10'

2018-06-10 00:27:49 - [TEST_STEP][PASSED] - Statement - out.println("Requested QTY : " + RequestedQty): null

2018-06-10 00:27:49 - [TEST_STEP][PASSED] - Statement - BatchNumber = com.kms.katalon.core.webui.keyword.WebUiBuiltInKeywords.getNumberOfTotalOption(com.kms.katalon.core.testobject.ObjectRepository.findTestObject(DispensaryToStore/Page_Store/select_--Select--BA1170BA2376B)): 2 options of object 'Object Repository/DispensaryToStore/Page_Store/select_--Select--BA1170BA2376B' counted

2018-06-10 00:27:50 - [MESSAGE][PASSED] - 2 options of object 'Object Repository/DispensaryToStore/Page_Store/select_--Select--BA1170BA2376B' counted

2018-06-10 00:27:50 - [TEST_STEP][PASSED] - Statement - For ([g = 1, g <= BatchNumber - 1, (g++)]): null

2018-06-10 00:27:50 - [TEST_STEP][PASSED] - selectOptionByIndex: All options with index in [1] are selected on object 'Object Repository/DispensaryToStore/Page_Store/select_--Select--BA1170BA2376B'

2018-06-10 00:27:50 - [MESSAGE][PASSED] - All options with index in [1] are selected on object 'Object Repository/DispensaryToStore/Page_Store/select_--Select--BA1170BA2376B'

2018-06-10 00:27:50 - [TEST_STEP][PASSED] - Statement - Try: null

2018-06-10 00:27:50 - [TEST_STEP][PASSED] - Statement - StockQty = com.kms.katalon.core.webui.keyword.WebUiBuiltInKeywords.getAttribute(com.kms.katalon.core.testobject.ObjectRepository.findTestObject(DispensaryToStore/Page_Store/input_txtprice), "value"): Attribute 'value' of object 'Object Repository/DispensaryToStore/Page_Store/input_txtprice' is: '1060'

2018-06-10 00:27:50 - [MESSAGE][PASSED] - Attribute 'value' of object 'Object Repository/DispensaryToStore/Page_Store/input_txtprice' is: '1060'

2018-06-10 00:27:50 - [TEST_STEP][PASSED] - Statement - out.println("Stock QTY : " + StockQty): null

2018-06-10 00:27:50 - [TEST_STEP][PASSED] - delay: Delayed 2 second(s)

2018-06-10 00:27:52 - [MESSAGE][PASSED] - Delayed 2 second(s)

2018-06-10 00:27:52 - [TEST_STEP][PASSED] - Statement - If (java.lang.String.valueOf(StockQty) >= java.lang.String.valueOf(RequestedQty)): null

2018-06-10 00:27:52 - [TEST_STEP][PASSED] - setText: Text '10' is set on object 'Object Repository/DispensaryToStore/Page_Store/input_txtqty'

2018-06-10 00:27:52 - [MESSAGE][PASSED] - Text '10' is set on object 'Object Repository/DispensaryToStore/Page_Store/input_txtqty'

2018-06-10 00:27:52 - [TEST_STEP][PASSED] - click: Object: 'Object Repository/DispensaryToStore/Page_Store/button_Add' is clicked on

2018-06-10 00:27:52 - [MESSAGE][PASSED] - Object: 'Object Repository/DispensaryToStore/Page_Store/button_Add' is clicked on

2018-06-10 00:27:52 - [TEST_STEP][PASSED] - Statement - Break: null

2018-06-10 00:27:52 - [TEST_STEP][PASSED] - selectOptionByIndex: All options with index in [12] are selected on object 'Object Repository/DispensaryToStore/Page_Store/select_--Select--Adernaline 0.'

2018-06-10 00:27:52 - [MESSAGE][PASSED] - All options with index in [12] are selected on object 'Object Repository/DispensaryToStore/Page_Store/select_--Select--Adernaline 0.'

2018-06-10 00:27:52 - [TEST_STEP][PASSED] - delay: Delayed 2 second(s)

2018-06-10 00:27:54 - [MESSAGE][PASSED] - Delayed 2 second(s)

2018-06-10 00:27:54 - [TEST_STEP][PASSED] - Statement - RequestedQty = com.kms.katalon.core.webui.keyword.WebUiBuiltInKeywords.getAttribute(com.kms.katalon.core.testobject.ObjectRepository.findTestObject(DispensaryToStore/Page_Store/input_txttotal), "value"): Attribute 'value' of object 'Object Repository/DispensaryToStore/Page_Store/input_txttotal' is: '10'

2018-06-10 00:27:54 - [MESSAGE][PASSED] - Attribute 'value' of object 'Object Repository/DispensaryToStore/Page_Store/input_txttotal' is: '10'

2018-06-10 00:27:54 - [TEST_STEP][PASSED] - Statement - out.println("Requested QTY : " + RequestedQty): null

2018-06-10 00:27:54 - [TEST_STEP][PASSED] - Statement - BatchNumber = com.kms.katalon.core.webui.keyword.WebUiBuiltInKeywords.getNumberOfTotalOption(com.kms.katalon.core.testobject.ObjectRepository.findTestObject(DispensaryToStore/Page_Store/select_--Select--BA1170BA2376B)): 3 options of object 'Object Repository/DispensaryToStore/Page_Store/select_--Select--BA1170BA2376B' counted

2018-06-10 00:27:54 - [MESSAGE][PASSED] - 3 options of object 'Object Repository/DispensaryToStore/Page_Store/select_--Select--BA1170BA2376B' counted

2018-06-10 00:27:54 - [TEST_STEP][PASSED] - Statement - For ([g = 1, g <= BatchNumber - 1, (g++)]): null

2018-06-10 00:27:54 - [TEST_STEP][PASSED] - selectOptionByIndex: All options with index in [1] are selected on object 'Object Repository/DispensaryToStore/Page_Store/select_--Select--BA1170BA2376B'

2018-06-10 00:27:54 - [MESSAGE][PASSED] - All options with index in [1] are selected on object 'Object Repository/DispensaryToStore/Page_Store/select_--Select--BA1170BA2376B'

2018-06-10 00:27:54 - [TEST_STEP][PASSED] - Statement - Try: null

2018-06-10 00:27:54 - [TEST_STEP][PASSED] - Statement - StockQty = com.kms.katalon.core.webui.keyword.WebUiBuiltInKeywords.getAttribute(com.kms.katalon.core.testobject.ObjectRepository.findTestObject(DispensaryToStore/Page_Store/input_txtprice), "value"): Attribute 'value' of object 'Object Repository/DispensaryToStore/Page_Store/input_txtprice' is: '1010'

2018-06-10 00:27:54 - [MESSAGE][PASSED] - Attribute 'value' of object 'Object Repository/DispensaryToStore/Page_Store/input_txtprice' is: '1010'

2018-06-10 00:27:54 - [TEST_STEP][PASSED] - Statement - out.println("Stock QTY : " + StockQty): null

2018-06-10 00:27:54 - [TEST_STEP][PASSED] - delay: Delayed 2 second(s)

2018-06-10 00:27:56 - [MESSAGE][PASSED] - Delayed 2 second(s)

2018-06-10 00:27:56 - [TEST_STEP][PASSED] - Statement - If (java.lang.String.valueOf(StockQty) >= java.lang.String.valueOf(RequestedQty)): null

2018-06-10 00:27:56 - [TEST_STEP][PASSED] - setText: Text '10' is set on object 'Object Repository/DispensaryToStore/Page_Store/input_txtqty'

2018-06-10 00:27:56 - [MESSAGE][PASSED] - Text '10' is set on object 'Object Repository/DispensaryToStore/Page_Store/input_txtqty'

2018-06-10 00:27:56 - [TEST_STEP][PASSED] - click: Object: 'Object Repository/DispensaryToStore/Page_Store/button_Add' is clicked on

2018-06-10 00:27:56 - [MESSAGE][PASSED] - Object: 'Object Repository/DispensaryToStore/Page_Store/button_Add' is clicked on

2018-06-10 00:27:56 - [TEST_STEP][PASSED] - Statement - Break: null

2018-06-10 00:27:56 - [TEST_STEP][PASSED] - selectOptionByIndex: All options with index in [13] are selected on object 'Object Repository/DispensaryToStore/Page_Store/select_--Select--Adernaline 0.'

2018-06-10 00:27:57 - [MESSAGE][PASSED] - All options with index in [13] are selected on object 'Object Repository/DispensaryToStore/Page_Store/select_--Select--Adernaline 0.'

2018-06-10 00:27:57 - [TEST_STEP][PASSED] - delay: Delayed 2 second(s)

2018-06-10 00:27:59 - [MESSAGE][PASSED] - Delayed 2 second(s)

2018-06-10 00:27:59 - [TEST_STEP][PASSED] - Statement - RequestedQty = com.kms.katalon.core.webui.keyword.WebUiBuiltInKeywords.getAttribute(com.kms.katalon.core.testobject.ObjectRepository.findTestObject(DispensaryToStore/Page_Store/input_txttotal), "value"): Attribute 'value' of object 'Object Repository/DispensaryToStore/Page_Store/input_txttotal' is: '10'

2018-06-10 00:27:59 - [MESSAGE][PASSED] - Attribute 'value' of object 'Object Repository/DispensaryToStore/Page_Store/input_txttotal' is: '10'

2018-06-10 00:27:59 - [TEST_STEP][PASSED] - Statement - out.println("Requested QTY : " + RequestedQty): null

2018-06-10 00:27:59 - [TEST_STEP][PASSED] - Statement - BatchNumber = com.kms.katalon.core.webui.keyword.WebUiBuiltInKeywords.getNumberOfTotalOption(com.kms.katalon.core.testobject.ObjectRepository.findTestObject(DispensaryToStore/Page_Store/select_--Select--BA1170BA2376B)): 5 options of object 'Object Repository/DispensaryToStore/Page_Store/select_--Select--BA1170BA2376B' counted

2018-06-10 00:27:59 - [MESSAGE][PASSED] - 5 options of object 'Object Repository/DispensaryToStore/Page_Store/select_--Select--BA1170BA2376B' counted

2018-06-10 00:27:59 - [TEST_STEP][PASSED] - Statement - For ([g = 1, g <= BatchNumber - 1, (g++)]): null

2018-06-10 00:27:59 - [TEST_STEP][PASSED] - selectOptionByIndex: All options with index in [1] are selected on object 'Object Repository/DispensaryToStore/Page_Store/select_--Select--BA1170BA2376B'

2018-06-10 00:27:59 - [MESSAGE][PASSED] - All options with index in [1] are selected on object 'Object Repository/DispensaryToStore/Page_Store/select_--Select--BA1170BA2376B'

2018-06-10 00:27:59 - [TEST_STEP][PASSED] - Statement - Try: null

2018-06-10 00:27:59 - [TEST_STEP][PASSED] - Statement - StockQty = com.kms.katalon.core.webui.keyword.WebUiBuiltInKeywords.getAttribute(com.kms.katalon.core.testobject.ObjectRepository.findTestObject(DispensaryToStore/Page_Store/input_txtprice), "value"): Attribute 'value' of object 'Object Repository/DispensaryToStore/Page_Store/input_txtprice' is: '170'

2018-06-10 00:27:59 - [MESSAGE][PASSED] - Attribute 'value' of object 'Object Repository/DispensaryToStore/Page_Store/input_txtprice' is: '170'

2018-06-10 00:27:59 - [TEST_STEP][PASSED] - Statement - out.println("Stock QTY : " + StockQty): null

2018-06-10 00:27:59 - [TEST_STEP][PASSED] - delay: Delayed 2 second(s)

2018-06-10 00:28:01 - [MESSAGE][PASSED] - Delayed 2 second(s)

2018-06-10 00:28:01 - [TEST_STEP][PASSED] - Statement - If (java.lang.String.valueOf(StockQty) >= java.lang.String.valueOf(RequestedQty)): null

2018-06-10 00:28:01 - [TEST_STEP][PASSED] - setText: Text '10' is set on object 'Object Repository/DispensaryToStore/Page_Store/input_txtqty'

2018-06-10 00:28:01 - [MESSAGE][PASSED] - Text '10' is set on object 'Object Repository/DispensaryToStore/Page_Store/input_txtqty'

2018-06-10 00:28:01 - [TEST_STEP][PASSED] - click: Object: 'Object Repository/DispensaryToStore/Page_Store/button_Add' is clicked on

2018-06-10 00:28:01 - [MESSAGE][PASSED] - Object: 'Object Repository/DispensaryToStore/Page_Store/button_Add' is clicked on

2018-06-10 00:28:01 - [TEST_STEP][PASSED] - Statement - Break: null

2018-06-10 00:28:01 - [TEST_STEP][PASSED] - scrollToElement: Scroll to object 'Object Repository/DispensaryToStore/Page_Store/input_btnSubmit' successfully

2018-06-10 00:28:01 - [MESSAGE][PASSED] - Scroll to object 'Object Repository/DispensaryToStore/Page_Store/input_btnSubmit' successfully

2018-06-10 00:28:01 - [TEST_STEP][PASSED] - click: Object: 'Object Repository/DispensaryToStore/Page_Store/input_btnSubmit' is clicked on

2018-06-10 00:28:01 - [MESSAGE][PASSED] - Object: 'Object Repository/DispensaryToStore/Page_Store/input_btnSubmit' is clicked on

2018-06-10 00:28:01 - [TEST_STEP][PASSED] - delay: Delayed 3 second(s)

2018-06-10 00:28:04 - [MESSAGE][PASSED] - Delayed 3 second(s)

2018-06-10 00:28:04 - [TEST_STEP][PASSED] - click: Object: 'Object Repository/DispensaryToStore/Page_Store/button_OK' is clicked on

2018-06-10 00:28:05 - [MESSAGE][PASSED] - Object: 'Object Repository/DispensaryToStore/Page_Store/button_OK' is clicked on

2018-06-10 00:28:05 - [TEST_STEP][PASSED] - delay: Delayed 3 second(s)

2018-06-10 00:28:08 - [MESSAGE][PASSED] - Delayed 3 second(s)

2018-06-10 00:28:08 - [TEST_STEP][PASSED] - waitForElementPresent: Object 'Object Repository/DispensaryToStore/Page_Dispensary Store/a_dropdown-toggle' is present

2018-06-10 00:28:08 - [MESSAGE][PASSED] - Object 'Object Repository/DispensaryToStore/Page_Dispensary Store/a_dropdown-toggle' is present

2018-06-10 00:28:08 - [TEST_STEP][PASSED] - click: Object: 'Object Repository/DispensaryToStore/Page_Store/a_dropdown-toggle' is clicked on

2018-06-10 00:28:08 - [MESSAGE][PASSED] - Object: 'Object Repository/DispensaryToStore/Page_Store/a_dropdown-toggle' is clicked on

2018-06-10 00:28:08 - [TEST_STEP][PASSED] - click: Object: 'Object Repository/DispensaryToStore/Page_Store/a_Sign out' is clicked on

2018-06-10 00:28:08 - [MESSAGE][PASSED] - Object: 'Object Repository/DispensaryToStore/Page_Store/a_Sign out' is clicked on

2018-06-10 00:28:08 - [TEST_STEP][PASSED] - closeBrowser: Browser is closed

2018-06-10 00:28:09 - [MESSAGE][PASSED] - Browser is closed]]></system-out>
         <system-err><![CDATA[]]></system-err>
      </testcase>
      <testcase name="Test Cases/DISPENSARY TEST CASES/TC_DP_007 Verify Schedule 7 Dispensary Request Are Working Successfully Or Not" classname="Test Cases/DISPENSARY TEST CASES/TC_DP_007 Verify Schedule 7 Dispensary Request Are Working Successfully Or Not" status="PASSED">
         <system-out><![CDATA[2018-06-10 00:28:09 - [TEST_CASE][PASSED] - Test Cases/DISPENSARY TEST CASES/TC_DP_007 Verify Schedule 7 Dispensary Request Are Working Successfully Or Not: Test Cases/DISPENSARY TEST CASES/TC_DP_007 Verify Schedule 7 Dispensary Request Are Working Successfully Or Not

2018-06-10 00:28:10 - [TEST_STEP][PASSED] - openBrowser: Browser is opened with url: ''

2018-06-10 00:28:11 - [MESSAGE][PASSED] - Browser is opened with url: ''

2018-06-10 00:28:11 - [TEST_STEP][PASSED] - navigateToUrl: Navigate to 'http://192.168.137.1/multihospital_new/HDSplashscreen.aspx' successfully

2018-06-10 00:28:13 - [MESSAGE][PASSED] - Navigate to 'http://192.168.137.1/multihospital_new/HDSplashscreen.aspx' successfully

2018-06-10 00:28:13 - [TEST_STEP][PASSED] - maximizeWindow: Current window maximized

2018-06-10 00:28:14 - [MESSAGE][PASSED] - Current window maximized

2018-06-10 00:28:14 - [TEST_STEP][PASSED] - click: Object: 'Object Repository/DispensaryToStore/Page_KDMC/a_Dispensary Store' is clicked on

2018-06-10 00:28:15 - [MESSAGE][PASSED] - Object: 'Object Repository/DispensaryToStore/Page_KDMC/a_Dispensary Store' is clicked on

2018-06-10 00:28:15 - [TEST_STEP][PASSED] - setText: Text 'rajaram' is set on object 'Object Repository/DispensaryToStore/Page_Dispensary Store Login/input_txtusername'

2018-06-10 00:28:15 - [MESSAGE][PASSED] - Text 'rajaram' is set on object 'Object Repository/DispensaryToStore/Page_Dispensary Store Login/input_txtusername'

2018-06-10 00:28:15 - [TEST_STEP][PASSED] - setText: Text '123' is set on object 'Object Repository/DispensaryToStore/Page_Dispensary Store Login/input_txtpassword'

2018-06-10 00:28:15 - [MESSAGE][PASSED] - Text '123' is set on object 'Object Repository/DispensaryToStore/Page_Dispensary Store Login/input_txtpassword'

2018-06-10 00:28:15 - [TEST_STEP][PASSED] - delay: Delayed 3 second(s)

2018-06-10 00:28:18 - [MESSAGE][PASSED] - Delayed 3 second(s)

2018-06-10 00:28:18 - [TEST_STEP][PASSED] - sendKeys: Keys 'ENTER + ' sent to object: 'Object Repository/DispensaryToStore/Page_Dispensary Store Login/input_txtpassword'

2018-06-10 00:28:19 - [MESSAGE][PASSED] - Keys 'ENTER + ' sent to object: 'Object Repository/DispensaryToStore/Page_Dispensary Store Login/input_txtpassword'

2018-06-10 00:28:19 - [TEST_STEP][PASSED] - delay: Delayed 3 second(s)

2018-06-10 00:28:22 - [MESSAGE][PASSED] - Delayed 3 second(s)

2018-06-10 00:28:22 - [TEST_STEP][PASSED] - click: Object: 'Object Repository/DispensaryToStore/Page_Dispensary Store/a_Request to Store' is clicked on

2018-06-10 00:28:22 - [MESSAGE][PASSED] - Object: 'Object Repository/DispensaryToStore/Page_Dispensary Store/a_Request to Store' is clicked on

2018-06-10 00:28:22 - [TEST_STEP][PASSED] - click: Object: 'Object Repository/DispensaryToStore/Page_Dispensary Store/a_Medicine Request' is clicked on

2018-06-10 00:28:22 - [MESSAGE][PASSED] - Object: 'Object Repository/DispensaryToStore/Page_Dispensary Store/a_Medicine Request' is clicked on

2018-06-10 00:28:22 - [TEST_STEP][PASSED] - selectOptionByIndex: All options with index in [7] are selected on object 'Object Repository/DispensaryToStore/Page_Dispensary Store/select_--Select--Schedule 1Inj'

2018-06-10 00:28:22 - [MESSAGE][PASSED] - All options with index in [7] are selected on object 'Object Repository/DispensaryToStore/Page_Dispensary Store/select_--Select--Schedule 1Inj'

2018-06-10 00:28:22 - [TEST_STEP][PASSED] - Statement - medicineslength = com.kms.katalon.core.webui.keyword.WebUiBuiltInKeywords.getNumberOfTotalOption(com.kms.katalon.core.testobject.ObjectRepository.findTestObject(DispensaryToStore/Page_Dispensary Store/select_--Select--Adernaline 0.)): 24 options of object 'Object Repository/DispensaryToStore/Page_Dispensary Store/select_--Select--Adernaline 0.' counted

2018-06-10 00:28:23 - [MESSAGE][PASSED] - 24 options of object 'Object Repository/DispensaryToStore/Page_Dispensary Store/select_--Select--Adernaline 0.' counted

2018-06-10 00:28:23 - [TEST_STEP][PASSED] - Statement - For ([e = 1, e <= medicineslength - 1, (e++)]): Object: 'Object Repository/DispensaryToStore/Page_Dispensary Store/button_Add' is clicked on

2018-06-10 00:28:23 - [TEST_STEP][PASSED] - selectOptionByIndex: All options with index in [7] are selected on object 'Object Repository/DispensaryToStore/Page_Dispensary Store/select_--Select--Schedule 1Inj'

2018-06-10 00:28:23 - [MESSAGE][PASSED] - All options with index in [7] are selected on object 'Object Repository/DispensaryToStore/Page_Dispensary Store/select_--Select--Schedule 1Inj'

2018-06-10 00:28:23 - [TEST_STEP][PASSED] - selectOptionByIndex: All options with index in [1] are selected on object 'Object Repository/DispensaryToStore/Page_Dispensary Store/select_--Select--Adernaline 0.'

2018-06-10 00:28:23 - [MESSAGE][PASSED] - All options with index in [1] are selected on object 'Object Repository/DispensaryToStore/Page_Dispensary Store/select_--Select--Adernaline 0.'

2018-06-10 00:28:23 - [TEST_STEP][PASSED] - setText: Text '10' is set on object 'Object Repository/DispensaryToStore/Page_Dispensary Store/input_txttreat'

2018-06-10 00:28:23 - [MESSAGE][PASSED] - Text '10' is set on object 'Object Repository/DispensaryToStore/Page_Dispensary Store/input_txttreat'

2018-06-10 00:28:23 - [TEST_STEP][PASSED] - click: Object: 'Object Repository/DispensaryToStore/Page_Dispensary Store/button_Add' is clicked on

2018-06-10 00:28:23 - [MESSAGE][PASSED] - Object: 'Object Repository/DispensaryToStore/Page_Dispensary Store/button_Add' is clicked on

2018-06-10 00:28:23 - [TEST_STEP][PASSED] - selectOptionByIndex: All options with index in [7] are selected on object 'Object Repository/DispensaryToStore/Page_Dispensary Store/select_--Select--Schedule 1Inj'

2018-06-10 00:28:23 - [MESSAGE][PASSED] - All options with index in [7] are selected on object 'Object Repository/DispensaryToStore/Page_Dispensary Store/select_--Select--Schedule 1Inj'

2018-06-10 00:28:23 - [TEST_STEP][PASSED] - selectOptionByIndex: All options with index in [2] are selected on object 'Object Repository/DispensaryToStore/Page_Dispensary Store/select_--Select--Adernaline 0.'

2018-06-10 00:28:24 - [MESSAGE][PASSED] - All options with index in [2] are selected on object 'Object Repository/DispensaryToStore/Page_Dispensary Store/select_--Select--Adernaline 0.'

2018-06-10 00:28:24 - [TEST_STEP][PASSED] - setText: Text '10' is set on object 'Object Repository/DispensaryToStore/Page_Dispensary Store/input_txttreat'

2018-06-10 00:28:24 - [MESSAGE][PASSED] - Text '10' is set on object 'Object Repository/DispensaryToStore/Page_Dispensary Store/input_txttreat'

2018-06-10 00:28:24 - [TEST_STEP][PASSED] - click: Object: 'Object Repository/DispensaryToStore/Page_Dispensary Store/button_Add' is clicked on

2018-06-10 00:28:24 - [MESSAGE][PASSED] - Object: 'Object Repository/DispensaryToStore/Page_Dispensary Store/button_Add' is clicked on

2018-06-10 00:28:24 - [TEST_STEP][PASSED] - selectOptionByIndex: All options with index in [7] are selected on object 'Object Repository/DispensaryToStore/Page_Dispensary Store/select_--Select--Schedule 1Inj'

2018-06-10 00:28:24 - [MESSAGE][PASSED] - All options with index in [7] are selected on object 'Object Repository/DispensaryToStore/Page_Dispensary Store/select_--Select--Schedule 1Inj'

2018-06-10 00:28:24 - [TEST_STEP][PASSED] - selectOptionByIndex: All options with index in [3] are selected on object 'Object Repository/DispensaryToStore/Page_Dispensary Store/select_--Select--Adernaline 0.'

2018-06-10 00:28:24 - [MESSAGE][PASSED] - All options with index in [3] are selected on object 'Object Repository/DispensaryToStore/Page_Dispensary Store/select_--Select--Adernaline 0.'

2018-06-10 00:28:24 - [TEST_STEP][PASSED] - setText: Text '10' is set on object 'Object Repository/DispensaryToStore/Page_Dispensary Store/input_txttreat'

2018-06-10 00:28:24 - [MESSAGE][PASSED] - Text '10' is set on object 'Object Repository/DispensaryToStore/Page_Dispensary Store/input_txttreat'

2018-06-10 00:28:24 - [TEST_STEP][PASSED] - click: Object: 'Object Repository/DispensaryToStore/Page_Dispensary Store/button_Add' is clicked on

2018-06-10 00:28:24 - [MESSAGE][PASSED] - Object: 'Object Repository/DispensaryToStore/Page_Dispensary Store/button_Add' is clicked on

2018-06-10 00:28:24 - [TEST_STEP][PASSED] - selectOptionByIndex: All options with index in [7] are selected on object 'Object Repository/DispensaryToStore/Page_Dispensary Store/select_--Select--Schedule 1Inj'

2018-06-10 00:28:24 - [MESSAGE][PASSED] - All options with index in [7] are selected on object 'Object Repository/DispensaryToStore/Page_Dispensary Store/select_--Select--Schedule 1Inj'

2018-06-10 00:28:24 - [TEST_STEP][PASSED] - selectOptionByIndex: All options with index in [4] are selected on object 'Object Repository/DispensaryToStore/Page_Dispensary Store/select_--Select--Adernaline 0.'

2018-06-10 00:28:25 - [MESSAGE][PASSED] - All options with index in [4] are selected on object 'Object Repository/DispensaryToStore/Page_Dispensary Store/select_--Select--Adernaline 0.'

2018-06-10 00:28:25 - [TEST_STEP][PASSED] - setText: Text '10' is set on object 'Object Repository/DispensaryToStore/Page_Dispensary Store/input_txttreat'

2018-06-10 00:28:25 - [MESSAGE][PASSED] - Text '10' is set on object 'Object Repository/DispensaryToStore/Page_Dispensary Store/input_txttreat'

2018-06-10 00:28:25 - [TEST_STEP][PASSED] - click: Object: 'Object Repository/DispensaryToStore/Page_Dispensary Store/button_Add' is clicked on

2018-06-10 00:28:25 - [MESSAGE][PASSED] - Object: 'Object Repository/DispensaryToStore/Page_Dispensary Store/button_Add' is clicked on

2018-06-10 00:28:25 - [TEST_STEP][PASSED] - selectOptionByIndex: All options with index in [7] are selected on object 'Object Repository/DispensaryToStore/Page_Dispensary Store/select_--Select--Schedule 1Inj'

2018-06-10 00:28:25 - [MESSAGE][PASSED] - All options with index in [7] are selected on object 'Object Repository/DispensaryToStore/Page_Dispensary Store/select_--Select--Schedule 1Inj'

2018-06-10 00:28:25 - [TEST_STEP][PASSED] - selectOptionByIndex: All options with index in [5] are selected on object 'Object Repository/DispensaryToStore/Page_Dispensary Store/select_--Select--Adernaline 0.'

2018-06-10 00:28:25 - [MESSAGE][PASSED] - All options with index in [5] are selected on object 'Object Repository/DispensaryToStore/Page_Dispensary Store/select_--Select--Adernaline 0.'

2018-06-10 00:28:25 - [TEST_STEP][PASSED] - setText: Text '10' is set on object 'Object Repository/DispensaryToStore/Page_Dispensary Store/input_txttreat'

2018-06-10 00:28:25 - [MESSAGE][PASSED] - Text '10' is set on object 'Object Repository/DispensaryToStore/Page_Dispensary Store/input_txttreat'

2018-06-10 00:28:25 - [TEST_STEP][PASSED] - click: Object: 'Object Repository/DispensaryToStore/Page_Dispensary Store/button_Add' is clicked on

2018-06-10 00:28:25 - [MESSAGE][PASSED] - Object: 'Object Repository/DispensaryToStore/Page_Dispensary Store/button_Add' is clicked on

2018-06-10 00:28:25 - [TEST_STEP][PASSED] - selectOptionByIndex: All options with index in [7] are selected on object 'Object Repository/DispensaryToStore/Page_Dispensary Store/select_--Select--Schedule 1Inj'

2018-06-10 00:28:26 - [MESSAGE][PASSED] - All options with index in [7] are selected on object 'Object Repository/DispensaryToStore/Page_Dispensary Store/select_--Select--Schedule 1Inj'

2018-06-10 00:28:26 - [TEST_STEP][PASSED] - selectOptionByIndex: All options with index in [6] are selected on object 'Object Repository/DispensaryToStore/Page_Dispensary Store/select_--Select--Adernaline 0.'

2018-06-10 00:28:26 - [MESSAGE][PASSED] - All options with index in [6] are selected on object 'Object Repository/DispensaryToStore/Page_Dispensary Store/select_--Select--Adernaline 0.'

2018-06-10 00:28:26 - [TEST_STEP][PASSED] - setText: Text '10' is set on object 'Object Repository/DispensaryToStore/Page_Dispensary Store/input_txttreat'

2018-06-10 00:28:26 - [MESSAGE][PASSED] - Text '10' is set on object 'Object Repository/DispensaryToStore/Page_Dispensary Store/input_txttreat'

2018-06-10 00:28:26 - [TEST_STEP][PASSED] - click: Object: 'Object Repository/DispensaryToStore/Page_Dispensary Store/button_Add' is clicked on

2018-06-10 00:28:26 - [MESSAGE][PASSED] - Object: 'Object Repository/DispensaryToStore/Page_Dispensary Store/button_Add' is clicked on

2018-06-10 00:28:26 - [TEST_STEP][PASSED] - selectOptionByIndex: All options with index in [7] are selected on object 'Object Repository/DispensaryToStore/Page_Dispensary Store/select_--Select--Schedule 1Inj'

2018-06-10 00:28:26 - [MESSAGE][PASSED] - All options with index in [7] are selected on object 'Object Repository/DispensaryToStore/Page_Dispensary Store/select_--Select--Schedule 1Inj'

2018-06-10 00:28:26 - [TEST_STEP][PASSED] - selectOptionByIndex: All options with index in [7] are selected on object 'Object Repository/DispensaryToStore/Page_Dispensary Store/select_--Select--Adernaline 0.'

2018-06-10 00:28:26 - [MESSAGE][PASSED] - All options with index in [7] are selected on object 'Object Repository/DispensaryToStore/Page_Dispensary Store/select_--Select--Adernaline 0.'

2018-06-10 00:28:26 - [TEST_STEP][PASSED] - setText: Text '10' is set on object 'Object Repository/DispensaryToStore/Page_Dispensary Store/input_txttreat'

2018-06-10 00:28:26 - [MESSAGE][PASSED] - Text '10' is set on object 'Object Repository/DispensaryToStore/Page_Dispensary Store/input_txttreat'

2018-06-10 00:28:26 - [TEST_STEP][PASSED] - click: Object: 'Object Repository/DispensaryToStore/Page_Dispensary Store/button_Add' is clicked on

2018-06-10 00:28:26 - [MESSAGE][PASSED] - Object: 'Object Repository/DispensaryToStore/Page_Dispensary Store/button_Add' is clicked on

2018-06-10 00:28:26 - [TEST_STEP][PASSED] - selectOptionByIndex: All options with index in [7] are selected on object 'Object Repository/DispensaryToStore/Page_Dispensary Store/select_--Select--Schedule 1Inj'

2018-06-10 00:28:27 - [MESSAGE][PASSED] - All options with index in [7] are selected on object 'Object Repository/DispensaryToStore/Page_Dispensary Store/select_--Select--Schedule 1Inj'

2018-06-10 00:28:27 - [TEST_STEP][PASSED] - selectOptionByIndex: All options with index in [8] are selected on object 'Object Repository/DispensaryToStore/Page_Dispensary Store/select_--Select--Adernaline 0.'

2018-06-10 00:28:27 - [MESSAGE][PASSED] - All options with index in [8] are selected on object 'Object Repository/DispensaryToStore/Page_Dispensary Store/select_--Select--Adernaline 0.'

2018-06-10 00:28:27 - [TEST_STEP][PASSED] - setText: Text '10' is set on object 'Object Repository/DispensaryToStore/Page_Dispensary Store/input_txttreat'

2018-06-10 00:28:27 - [MESSAGE][PASSED] - Text '10' is set on object 'Object Repository/DispensaryToStore/Page_Dispensary Store/input_txttreat'

2018-06-10 00:28:27 - [TEST_STEP][PASSED] - click: Object: 'Object Repository/DispensaryToStore/Page_Dispensary Store/button_Add' is clicked on

2018-06-10 00:28:27 - [MESSAGE][PASSED] - Object: 'Object Repository/DispensaryToStore/Page_Dispensary Store/button_Add' is clicked on

2018-06-10 00:28:27 - [TEST_STEP][PASSED] - selectOptionByIndex: All options with index in [7] are selected on object 'Object Repository/DispensaryToStore/Page_Dispensary Store/select_--Select--Schedule 1Inj'

2018-06-10 00:28:27 - [MESSAGE][PASSED] - All options with index in [7] are selected on object 'Object Repository/DispensaryToStore/Page_Dispensary Store/select_--Select--Schedule 1Inj'

2018-06-10 00:28:27 - [TEST_STEP][PASSED] - selectOptionByIndex: All options with index in [9] are selected on object 'Object Repository/DispensaryToStore/Page_Dispensary Store/select_--Select--Adernaline 0.'

2018-06-10 00:28:27 - [MESSAGE][PASSED] - All options with index in [9] are selected on object 'Object Repository/DispensaryToStore/Page_Dispensary Store/select_--Select--Adernaline 0.'

2018-06-10 00:28:27 - [TEST_STEP][PASSED] - setText: Text '10' is set on object 'Object Repository/DispensaryToStore/Page_Dispensary Store/input_txttreat'

2018-06-10 00:28:27 - [MESSAGE][PASSED] - Text '10' is set on object 'Object Repository/DispensaryToStore/Page_Dispensary Store/input_txttreat'

2018-06-10 00:28:27 - [TEST_STEP][PASSED] - click: Object: 'Object Repository/DispensaryToStore/Page_Dispensary Store/button_Add' is clicked on

2018-06-10 00:28:28 - [MESSAGE][PASSED] - Object: 'Object Repository/DispensaryToStore/Page_Dispensary Store/button_Add' is clicked on

2018-06-10 00:28:28 - [TEST_STEP][PASSED] - selectOptionByIndex: All options with index in [7] are selected on object 'Object Repository/DispensaryToStore/Page_Dispensary Store/select_--Select--Schedule 1Inj'

2018-06-10 00:28:28 - [MESSAGE][PASSED] - All options with index in [7] are selected on object 'Object Repository/DispensaryToStore/Page_Dispensary Store/select_--Select--Schedule 1Inj'

2018-06-10 00:28:28 - [TEST_STEP][PASSED] - selectOptionByIndex: All options with index in [10] are selected on object 'Object Repository/DispensaryToStore/Page_Dispensary Store/select_--Select--Adernaline 0.'

2018-06-10 00:28:28 - [MESSAGE][PASSED] - All options with index in [10] are selected on object 'Object Repository/DispensaryToStore/Page_Dispensary Store/select_--Select--Adernaline 0.'

2018-06-10 00:28:28 - [TEST_STEP][PASSED] - setText: Text '10' is set on object 'Object Repository/DispensaryToStore/Page_Dispensary Store/input_txttreat'

2018-06-10 00:28:28 - [MESSAGE][PASSED] - Text '10' is set on object 'Object Repository/DispensaryToStore/Page_Dispensary Store/input_txttreat'

2018-06-10 00:28:28 - [TEST_STEP][PASSED] - click: Object: 'Object Repository/DispensaryToStore/Page_Dispensary Store/button_Add' is clicked on

2018-06-10 00:28:28 - [MESSAGE][PASSED] - Object: 'Object Repository/DispensaryToStore/Page_Dispensary Store/button_Add' is clicked on

2018-06-10 00:28:28 - [TEST_STEP][PASSED] - selectOptionByIndex: All options with index in [7] are selected on object 'Object Repository/DispensaryToStore/Page_Dispensary Store/select_--Select--Schedule 1Inj'

2018-06-10 00:28:28 - [MESSAGE][PASSED] - All options with index in [7] are selected on object 'Object Repository/DispensaryToStore/Page_Dispensary Store/select_--Select--Schedule 1Inj'

2018-06-10 00:28:28 - [TEST_STEP][PASSED] - selectOptionByIndex: All options with index in [11] are selected on object 'Object Repository/DispensaryToStore/Page_Dispensary Store/select_--Select--Adernaline 0.'

2018-06-10 00:28:29 - [MESSAGE][PASSED] - All options with index in [11] are selected on object 'Object Repository/DispensaryToStore/Page_Dispensary Store/select_--Select--Adernaline 0.'

2018-06-10 00:28:29 - [TEST_STEP][PASSED] - setText: Text '10' is set on object 'Object Repository/DispensaryToStore/Page_Dispensary Store/input_txttreat'

2018-06-10 00:28:29 - [MESSAGE][PASSED] - Text '10' is set on object 'Object Repository/DispensaryToStore/Page_Dispensary Store/input_txttreat'

2018-06-10 00:28:29 - [TEST_STEP][PASSED] - click: Object: 'Object Repository/DispensaryToStore/Page_Dispensary Store/button_Add' is clicked on

2018-06-10 00:28:29 - [MESSAGE][PASSED] - Object: 'Object Repository/DispensaryToStore/Page_Dispensary Store/button_Add' is clicked on

2018-06-10 00:28:29 - [TEST_STEP][PASSED] - selectOptionByIndex: All options with index in [7] are selected on object 'Object Repository/DispensaryToStore/Page_Dispensary Store/select_--Select--Schedule 1Inj'

2018-06-10 00:28:29 - [MESSAGE][PASSED] - All options with index in [7] are selected on object 'Object Repository/DispensaryToStore/Page_Dispensary Store/select_--Select--Schedule 1Inj'

2018-06-10 00:28:29 - [TEST_STEP][PASSED] - selectOptionByIndex: All options with index in [12] are selected on object 'Object Repository/DispensaryToStore/Page_Dispensary Store/select_--Select--Adernaline 0.'

2018-06-10 00:28:29 - [MESSAGE][PASSED] - All options with index in [12] are selected on object 'Object Repository/DispensaryToStore/Page_Dispensary Store/select_--Select--Adernaline 0.'

2018-06-10 00:28:29 - [TEST_STEP][PASSED] - setText: Text '10' is set on object 'Object Repository/DispensaryToStore/Page_Dispensary Store/input_txttreat'

2018-06-10 00:28:29 - [MESSAGE][PASSED] - Text '10' is set on object 'Object Repository/DispensaryToStore/Page_Dispensary Store/input_txttreat'

2018-06-10 00:28:29 - [TEST_STEP][PASSED] - click: Object: 'Object Repository/DispensaryToStore/Page_Dispensary Store/button_Add' is clicked on

2018-06-10 00:28:29 - [MESSAGE][PASSED] - Object: 'Object Repository/DispensaryToStore/Page_Dispensary Store/button_Add' is clicked on

2018-06-10 00:28:29 - [TEST_STEP][PASSED] - selectOptionByIndex: All options with index in [7] are selected on object 'Object Repository/DispensaryToStore/Page_Dispensary Store/select_--Select--Schedule 1Inj'

2018-06-10 00:28:29 - [MESSAGE][PASSED] - All options with index in [7] are selected on object 'Object Repository/DispensaryToStore/Page_Dispensary Store/select_--Select--Schedule 1Inj'

2018-06-10 00:28:29 - [TEST_STEP][PASSED] - selectOptionByIndex: All options with index in [13] are selected on object 'Object Repository/DispensaryToStore/Page_Dispensary Store/select_--Select--Adernaline 0.'

2018-06-10 00:28:30 - [MESSAGE][PASSED] - All options with index in [13] are selected on object 'Object Repository/DispensaryToStore/Page_Dispensary Store/select_--Select--Adernaline 0.'

2018-06-10 00:28:30 - [TEST_STEP][PASSED] - setText: Text '10' is set on object 'Object Repository/DispensaryToStore/Page_Dispensary Store/input_txttreat'

2018-06-10 00:28:30 - [MESSAGE][PASSED] - Text '10' is set on object 'Object Repository/DispensaryToStore/Page_Dispensary Store/input_txttreat'

2018-06-10 00:28:30 - [TEST_STEP][PASSED] - click: Object: 'Object Repository/DispensaryToStore/Page_Dispensary Store/button_Add' is clicked on

2018-06-10 00:28:30 - [MESSAGE][PASSED] - Object: 'Object Repository/DispensaryToStore/Page_Dispensary Store/button_Add' is clicked on

2018-06-10 00:28:30 - [TEST_STEP][PASSED] - selectOptionByIndex: All options with index in [7] are selected on object 'Object Repository/DispensaryToStore/Page_Dispensary Store/select_--Select--Schedule 1Inj'

2018-06-10 00:28:30 - [MESSAGE][PASSED] - All options with index in [7] are selected on object 'Object Repository/DispensaryToStore/Page_Dispensary Store/select_--Select--Schedule 1Inj'

2018-06-10 00:28:30 - [TEST_STEP][PASSED] - selectOptionByIndex: All options with index in [14] are selected on object 'Object Repository/DispensaryToStore/Page_Dispensary Store/select_--Select--Adernaline 0.'

2018-06-10 00:28:30 - [MESSAGE][PASSED] - All options with index in [14] are selected on object 'Object Repository/DispensaryToStore/Page_Dispensary Store/select_--Select--Adernaline 0.'

2018-06-10 00:28:30 - [TEST_STEP][PASSED] - setText: Text '10' is set on object 'Object Repository/DispensaryToStore/Page_Dispensary Store/input_txttreat'

2018-06-10 00:28:30 - [MESSAGE][PASSED] - Text '10' is set on object 'Object Repository/DispensaryToStore/Page_Dispensary Store/input_txttreat'

2018-06-10 00:28:30 - [TEST_STEP][PASSED] - click: Object: 'Object Repository/DispensaryToStore/Page_Dispensary Store/button_Add' is clicked on

2018-06-10 00:28:30 - [MESSAGE][PASSED] - Object: 'Object Repository/DispensaryToStore/Page_Dispensary Store/button_Add' is clicked on

2018-06-10 00:28:30 - [TEST_STEP][PASSED] - selectOptionByIndex: All options with index in [7] are selected on object 'Object Repository/DispensaryToStore/Page_Dispensary Store/select_--Select--Schedule 1Inj'

2018-06-10 00:28:31 - [MESSAGE][PASSED] - All options with index in [7] are selected on object 'Object Repository/DispensaryToStore/Page_Dispensary Store/select_--Select--Schedule 1Inj'

2018-06-10 00:28:31 - [TEST_STEP][PASSED] - selectOptionByIndex: All options with index in [15] are selected on object 'Object Repository/DispensaryToStore/Page_Dispensary Store/select_--Select--Adernaline 0.'

2018-06-10 00:28:31 - [MESSAGE][PASSED] - All options with index in [15] are selected on object 'Object Repository/DispensaryToStore/Page_Dispensary Store/select_--Select--Adernaline 0.'

2018-06-10 00:28:31 - [TEST_STEP][PASSED] - setText: Text '10' is set on object 'Object Repository/DispensaryToStore/Page_Dispensary Store/input_txttreat'

2018-06-10 00:28:31 - [MESSAGE][PASSED] - Text '10' is set on object 'Object Repository/DispensaryToStore/Page_Dispensary Store/input_txttreat'

2018-06-10 00:28:31 - [TEST_STEP][PASSED] - click: Object: 'Object Repository/DispensaryToStore/Page_Dispensary Store/button_Add' is clicked on

2018-06-10 00:28:31 - [MESSAGE][PASSED] - Object: 'Object Repository/DispensaryToStore/Page_Dispensary Store/button_Add' is clicked on

2018-06-10 00:28:31 - [TEST_STEP][PASSED] - selectOptionByIndex: All options with index in [7] are selected on object 'Object Repository/DispensaryToStore/Page_Dispensary Store/select_--Select--Schedule 1Inj'

2018-06-10 00:28:31 - [MESSAGE][PASSED] - All options with index in [7] are selected on object 'Object Repository/DispensaryToStore/Page_Dispensary Store/select_--Select--Schedule 1Inj'

2018-06-10 00:28:31 - [TEST_STEP][PASSED] - selectOptionByIndex: All options with index in [16] are selected on object 'Object Repository/DispensaryToStore/Page_Dispensary Store/select_--Select--Adernaline 0.'

2018-06-10 00:28:31 - [MESSAGE][PASSED] - All options with index in [16] are selected on object 'Object Repository/DispensaryToStore/Page_Dispensary Store/select_--Select--Adernaline 0.'

2018-06-10 00:28:31 - [TEST_STEP][PASSED] - setText: Text '10' is set on object 'Object Repository/DispensaryToStore/Page_Dispensary Store/input_txttreat'

2018-06-10 00:28:32 - [MESSAGE][PASSED] - Text '10' is set on object 'Object Repository/DispensaryToStore/Page_Dispensary Store/input_txttreat'

2018-06-10 00:28:32 - [TEST_STEP][PASSED] - click: Object: 'Object Repository/DispensaryToStore/Page_Dispensary Store/button_Add' is clicked on

2018-06-10 00:28:32 - [MESSAGE][PASSED] - Object: 'Object Repository/DispensaryToStore/Page_Dispensary Store/button_Add' is clicked on

2018-06-10 00:28:32 - [TEST_STEP][PASSED] - selectOptionByIndex: All options with index in [7] are selected on object 'Object Repository/DispensaryToStore/Page_Dispensary Store/select_--Select--Schedule 1Inj'

2018-06-10 00:28:32 - [MESSAGE][PASSED] - All options with index in [7] are selected on object 'Object Repository/DispensaryToStore/Page_Dispensary Store/select_--Select--Schedule 1Inj'

2018-06-10 00:28:32 - [TEST_STEP][PASSED] - selectOptionByIndex: All options with index in [17] are selected on object 'Object Repository/DispensaryToStore/Page_Dispensary Store/select_--Select--Adernaline 0.'

2018-06-10 00:28:32 - [MESSAGE][PASSED] - All options with index in [17] are selected on object 'Object Repository/DispensaryToStore/Page_Dispensary Store/select_--Select--Adernaline 0.'

2018-06-10 00:28:32 - [TEST_STEP][PASSED] - setText: Text '10' is set on object 'Object Repository/DispensaryToStore/Page_Dispensary Store/input_txttreat'

2018-06-10 00:28:32 - [MESSAGE][PASSED] - Text '10' is set on object 'Object Repository/DispensaryToStore/Page_Dispensary Store/input_txttreat'

2018-06-10 00:28:32 - [TEST_STEP][PASSED] - click: Object: 'Object Repository/DispensaryToStore/Page_Dispensary Store/button_Add' is clicked on

2018-06-10 00:28:32 - [MESSAGE][PASSED] - Object: 'Object Repository/DispensaryToStore/Page_Dispensary Store/button_Add' is clicked on

2018-06-10 00:28:32 - [TEST_STEP][PASSED] - selectOptionByIndex: All options with index in [7] are selected on object 'Object Repository/DispensaryToStore/Page_Dispensary Store/select_--Select--Schedule 1Inj'

2018-06-10 00:28:32 - [MESSAGE][PASSED] - All options with index in [7] are selected on object 'Object Repository/DispensaryToStore/Page_Dispensary Store/select_--Select--Schedule 1Inj'

2018-06-10 00:28:32 - [TEST_STEP][PASSED] - selectOptionByIndex: All options with index in [18] are selected on object 'Object Repository/DispensaryToStore/Page_Dispensary Store/select_--Select--Adernaline 0.'

2018-06-10 00:28:33 - [MESSAGE][PASSED] - All options with index in [18] are selected on object 'Object Repository/DispensaryToStore/Page_Dispensary Store/select_--Select--Adernaline 0.'

2018-06-10 00:28:33 - [TEST_STEP][PASSED] - setText: Text '10' is set on object 'Object Repository/DispensaryToStore/Page_Dispensary Store/input_txttreat'

2018-06-10 00:28:33 - [MESSAGE][PASSED] - Text '10' is set on object 'Object Repository/DispensaryToStore/Page_Dispensary Store/input_txttreat'

2018-06-10 00:28:33 - [TEST_STEP][PASSED] - click: Object: 'Object Repository/DispensaryToStore/Page_Dispensary Store/button_Add' is clicked on

2018-06-10 00:28:33 - [MESSAGE][PASSED] - Object: 'Object Repository/DispensaryToStore/Page_Dispensary Store/button_Add' is clicked on

2018-06-10 00:28:33 - [TEST_STEP][PASSED] - selectOptionByIndex: All options with index in [7] are selected on object 'Object Repository/DispensaryToStore/Page_Dispensary Store/select_--Select--Schedule 1Inj'

2018-06-10 00:28:33 - [MESSAGE][PASSED] - All options with index in [7] are selected on object 'Object Repository/DispensaryToStore/Page_Dispensary Store/select_--Select--Schedule 1Inj'

2018-06-10 00:28:33 - [TEST_STEP][PASSED] - selectOptionByIndex: All options with index in [19] are selected on object 'Object Repository/DispensaryToStore/Page_Dispensary Store/select_--Select--Adernaline 0.'

2018-06-10 00:28:33 - [MESSAGE][PASSED] - All options with index in [19] are selected on object 'Object Repository/DispensaryToStore/Page_Dispensary Store/select_--Select--Adernaline 0.'

2018-06-10 00:28:33 - [TEST_STEP][PASSED] - setText: Text '10' is set on object 'Object Repository/DispensaryToStore/Page_Dispensary Store/input_txttreat'

2018-06-10 00:28:33 - [MESSAGE][PASSED] - Text '10' is set on object 'Object Repository/DispensaryToStore/Page_Dispensary Store/input_txttreat'

2018-06-10 00:28:33 - [TEST_STEP][PASSED] - click: Object: 'Object Repository/DispensaryToStore/Page_Dispensary Store/button_Add' is clicked on

2018-06-10 00:28:34 - [MESSAGE][PASSED] - Object: 'Object Repository/DispensaryToStore/Page_Dispensary Store/button_Add' is clicked on

2018-06-10 00:28:34 - [TEST_STEP][PASSED] - selectOptionByIndex: All options with index in [7] are selected on object 'Object Repository/DispensaryToStore/Page_Dispensary Store/select_--Select--Schedule 1Inj'

2018-06-10 00:28:34 - [MESSAGE][PASSED] - All options with index in [7] are selected on object 'Object Repository/DispensaryToStore/Page_Dispensary Store/select_--Select--Schedule 1Inj'

2018-06-10 00:28:34 - [TEST_STEP][PASSED] - selectOptionByIndex: All options with index in [20] are selected on object 'Object Repository/DispensaryToStore/Page_Dispensary Store/select_--Select--Adernaline 0.'

2018-06-10 00:28:34 - [MESSAGE][PASSED] - All options with index in [20] are selected on object 'Object Repository/DispensaryToStore/Page_Dispensary Store/select_--Select--Adernaline 0.'

2018-06-10 00:28:34 - [TEST_STEP][PASSED] - setText: Text '10' is set on object 'Object Repository/DispensaryToStore/Page_Dispensary Store/input_txttreat'

2018-06-10 00:28:34 - [MESSAGE][PASSED] - Text '10' is set on object 'Object Repository/DispensaryToStore/Page_Dispensary Store/input_txttreat'

2018-06-10 00:28:34 - [TEST_STEP][PASSED] - click: Object: 'Object Repository/DispensaryToStore/Page_Dispensary Store/button_Add' is clicked on

2018-06-10 00:28:34 - [MESSAGE][PASSED] - Object: 'Object Repository/DispensaryToStore/Page_Dispensary Store/button_Add' is clicked on

2018-06-10 00:28:34 - [TEST_STEP][PASSED] - selectOptionByIndex: All options with index in [7] are selected on object 'Object Repository/DispensaryToStore/Page_Dispensary Store/select_--Select--Schedule 1Inj'

2018-06-10 00:28:34 - [MESSAGE][PASSED] - All options with index in [7] are selected on object 'Object Repository/DispensaryToStore/Page_Dispensary Store/select_--Select--Schedule 1Inj'

2018-06-10 00:28:34 - [TEST_STEP][PASSED] - selectOptionByIndex: All options with index in [21] are selected on object 'Object Repository/DispensaryToStore/Page_Dispensary Store/select_--Select--Adernaline 0.'

2018-06-10 00:28:35 - [MESSAGE][PASSED] - All options with index in [21] are selected on object 'Object Repository/DispensaryToStore/Page_Dispensary Store/select_--Select--Adernaline 0.'

2018-06-10 00:28:35 - [TEST_STEP][PASSED] - setText: Text '10' is set on object 'Object Repository/DispensaryToStore/Page_Dispensary Store/input_txttreat'

2018-06-10 00:28:35 - [MESSAGE][PASSED] - Text '10' is set on object 'Object Repository/DispensaryToStore/Page_Dispensary Store/input_txttreat'

2018-06-10 00:28:35 - [TEST_STEP][PASSED] - click: Object: 'Object Repository/DispensaryToStore/Page_Dispensary Store/button_Add' is clicked on

2018-06-10 00:28:35 - [MESSAGE][PASSED] - Object: 'Object Repository/DispensaryToStore/Page_Dispensary Store/button_Add' is clicked on

2018-06-10 00:28:35 - [TEST_STEP][PASSED] - selectOptionByIndex: All options with index in [7] are selected on object 'Object Repository/DispensaryToStore/Page_Dispensary Store/select_--Select--Schedule 1Inj'

2018-06-10 00:28:35 - [MESSAGE][PASSED] - All options with index in [7] are selected on object 'Object Repository/DispensaryToStore/Page_Dispensary Store/select_--Select--Schedule 1Inj'

2018-06-10 00:28:35 - [TEST_STEP][PASSED] - selectOptionByIndex: All options with index in [22] are selected on object 'Object Repository/DispensaryToStore/Page_Dispensary Store/select_--Select--Adernaline 0.'

2018-06-10 00:28:35 - [MESSAGE][PASSED] - All options with index in [22] are selected on object 'Object Repository/DispensaryToStore/Page_Dispensary Store/select_--Select--Adernaline 0.'

2018-06-10 00:28:35 - [TEST_STEP][PASSED] - setText: Text '10' is set on object 'Object Repository/DispensaryToStore/Page_Dispensary Store/input_txttreat'

2018-06-10 00:28:35 - [MESSAGE][PASSED] - Text '10' is set on object 'Object Repository/DispensaryToStore/Page_Dispensary Store/input_txttreat'

2018-06-10 00:28:35 - [TEST_STEP][PASSED] - click: Object: 'Object Repository/DispensaryToStore/Page_Dispensary Store/button_Add' is clicked on

2018-06-10 00:28:36 - [MESSAGE][PASSED] - Object: 'Object Repository/DispensaryToStore/Page_Dispensary Store/button_Add' is clicked on

2018-06-10 00:28:36 - [TEST_STEP][PASSED] - selectOptionByIndex: All options with index in [7] are selected on object 'Object Repository/DispensaryToStore/Page_Dispensary Store/select_--Select--Schedule 1Inj'

2018-06-10 00:28:36 - [MESSAGE][PASSED] - All options with index in [7] are selected on object 'Object Repository/DispensaryToStore/Page_Dispensary Store/select_--Select--Schedule 1Inj'

2018-06-10 00:28:36 - [TEST_STEP][PASSED] - selectOptionByIndex: All options with index in [23] are selected on object 'Object Repository/DispensaryToStore/Page_Dispensary Store/select_--Select--Adernaline 0.'

2018-06-10 00:28:36 - [MESSAGE][PASSED] - All options with index in [23] are selected on object 'Object Repository/DispensaryToStore/Page_Dispensary Store/select_--Select--Adernaline 0.'

2018-06-10 00:28:36 - [TEST_STEP][PASSED] - setText: Text '10' is set on object 'Object Repository/DispensaryToStore/Page_Dispensary Store/input_txttreat'

2018-06-10 00:28:36 - [MESSAGE][PASSED] - Text '10' is set on object 'Object Repository/DispensaryToStore/Page_Dispensary Store/input_txttreat'

2018-06-10 00:28:36 - [TEST_STEP][PASSED] - click: Object: 'Object Repository/DispensaryToStore/Page_Dispensary Store/button_Add' is clicked on

2018-06-10 00:28:36 - [MESSAGE][PASSED] - Object: 'Object Repository/DispensaryToStore/Page_Dispensary Store/button_Add' is clicked on

2018-06-10 00:28:36 - [TEST_STEP][PASSED] - scrollToElement: Scroll to object 'Object Repository/DispensaryToStore/Page_Dispensary Store/input_btnsave' successfully

2018-06-10 00:28:36 - [MESSAGE][PASSED] - Scroll to object 'Object Repository/DispensaryToStore/Page_Dispensary Store/input_btnsave' successfully

2018-06-10 00:28:36 - [TEST_STEP][PASSED] - click: Object: 'Object Repository/DispensaryToStore/Page_Dispensary Store/input_btnsave' is clicked on

2018-06-10 00:28:36 - [MESSAGE][PASSED] - Object: 'Object Repository/DispensaryToStore/Page_Dispensary Store/input_btnsave' is clicked on

2018-06-10 00:28:36 - [TEST_STEP][PASSED] - delay: Delayed 3 second(s)

2018-06-10 00:28:39 - [MESSAGE][PASSED] - Delayed 3 second(s)

2018-06-10 00:28:39 - [TEST_STEP][PASSED] - Statement - RN1 = com.kms.katalon.core.webui.keyword.WebUiBuiltInKeywords.getText(com.kms.katalon.core.testobject.ObjectRepository.findTestObject(DispensaryToStore/Page_Dispensary Store/font_HPRNO180520187)): Text of object 'Object Repository/DispensaryToStore/Page_Dispensary Store/font_HPRNO180520187' is: 'DPRNO/10062018/237'

2018-06-10 00:28:39 - [MESSAGE][PASSED] - Text of object 'Object Repository/DispensaryToStore/Page_Dispensary Store/font_HPRNO180520187' is: 'DPRNO/10062018/237'

2018-06-10 00:28:39 - [TEST_STEP][PASSED] - Statement - out.println(RN1): null

2018-06-10 00:28:39 - [TEST_STEP][PASSED] - Statement - RID = RN1.split("/")[2]: null

2018-06-10 00:28:39 - [TEST_STEP][PASSED] - click: Object: 'Object Repository/DispensaryToStore/Page_Dispensary Store/button_OK' is clicked on

2018-06-10 00:28:40 - [MESSAGE][PASSED] - Object: 'Object Repository/DispensaryToStore/Page_Dispensary Store/button_OK' is clicked on

2018-06-10 00:28:40 - [TEST_STEP][PASSED] - delay: Delayed 3 second(s)

2018-06-10 00:28:43 - [MESSAGE][PASSED] - Delayed 3 second(s)

2018-06-10 00:28:43 - [TEST_STEP][PASSED] - click: Object: 'Object Repository/DispensaryToStore/Page_Dispensary Store/a_dropdown-toggle' is clicked on

2018-06-10 00:28:43 - [MESSAGE][PASSED] - Object: 'Object Repository/DispensaryToStore/Page_Dispensary Store/a_dropdown-toggle' is clicked on

2018-06-10 00:28:43 - [TEST_STEP][PASSED] - click: Object: 'Object Repository/DispensaryToStore/Page_Dispensary Store/a_Sign out' is clicked on

2018-06-10 00:28:44 - [MESSAGE][PASSED] - Object: 'Object Repository/DispensaryToStore/Page_Dispensary Store/a_Sign out' is clicked on

2018-06-10 00:28:44 - [TEST_STEP][PASSED] - delay: Delayed 3 second(s)

2018-06-10 00:28:47 - [MESSAGE][PASSED] - Delayed 3 second(s)

2018-06-10 00:28:47 - [TEST_STEP][PASSED] - navigateToUrl: Navigate to 'http://192.168.137.1/multihospital_new/' successfully

2018-06-10 00:28:47 - [MESSAGE][PASSED] - Navigate to 'http://192.168.137.1/multihospital_new/' successfully

2018-06-10 00:28:47 - [TEST_STEP][PASSED] - click: Object: 'Object Repository/DispensaryToStore/Page_KDMC/a_CMO' is clicked on

2018-06-10 00:28:48 - [MESSAGE][PASSED] - Object: 'Object Repository/DispensaryToStore/Page_KDMC/a_CMO' is clicked on

2018-06-10 00:28:48 - [TEST_STEP][PASSED] - setText: Text 'guru' is set on object 'Object Repository/DispensaryToStore/Page_CMO login/input_txtusername'

2018-06-10 00:28:48 - [MESSAGE][PASSED] - Text 'guru' is set on object 'Object Repository/DispensaryToStore/Page_CMO login/input_txtusername'

2018-06-10 00:28:48 - [TEST_STEP][PASSED] - setText: Text '123' is set on object 'Object Repository/DispensaryToStore/Page_CMO login/input_txtpassword'

2018-06-10 00:28:48 - [MESSAGE][PASSED] - Text '123' is set on object 'Object Repository/DispensaryToStore/Page_CMO login/input_txtpassword'

2018-06-10 00:28:48 - [TEST_STEP][PASSED] - delay: Delayed 3 second(s)

2018-06-10 00:28:51 - [MESSAGE][PASSED] - Delayed 3 second(s)

2018-06-10 00:28:51 - [TEST_STEP][PASSED] - click: Object: 'Object Repository/DispensaryToStore/Page_CMO login/button_Sign in' is clicked on

2018-06-10 00:28:52 - [MESSAGE][PASSED] - Object: 'Object Repository/DispensaryToStore/Page_CMO login/button_Sign in' is clicked on

2018-06-10 00:28:52 - [TEST_STEP][PASSED] - click: Object: 'Object Repository/DispensaryToStore/Page_KDMC - CMO/a_Department Wise Request' is clicked on

2018-06-10 00:28:54 - [MESSAGE][PASSED] - Object: 'Object Repository/DispensaryToStore/Page_KDMC - CMO/a_Department Wise Request' is clicked on

2018-06-10 00:28:54 - [TEST_STEP][PASSED] - delay: Delayed 2 second(s)

2018-06-10 00:28:56 - [MESSAGE][PASSED] - Delayed 2 second(s)

2018-06-10 00:28:56 - [TEST_STEP][PASSED] - selectOptionByIndex: All options with index in [6] are selected on object 'Object Repository/DispensaryToStore/Page_KDMC - CMO/select_--ALL--'

2018-06-10 00:28:56 - [MESSAGE][PASSED] - All options with index in [6] are selected on object 'Object Repository/DispensaryToStore/Page_KDMC - CMO/select_--ALL--'

2018-06-10 00:28:56 - [TEST_STEP][PASSED] - click: Object: 'Object Repository/DispensaryToStore/Page_KDMC - CMO/input_btnsearch' is clicked on

2018-06-10 00:28:56 - [MESSAGE][PASSED] - Object: 'Object Repository/DispensaryToStore/Page_KDMC - CMO/input_btnsearch' is clicked on

2018-06-10 00:28:56 - [TEST_STEP][PASSED] - selectOptionByIndex: All options with index in [1] are selected on object 'Object Repository/DispensaryToStore/Page_KDMC - CMO/select_--ALL--                _1'

2018-06-10 00:28:57 - [MESSAGE][PASSED] - All options with index in [1] are selected on object 'Object Repository/DispensaryToStore/Page_KDMC - CMO/select_--ALL--                _1'

2018-06-10 00:28:57 - [TEST_STEP][PASSED] - click: Object: 'Object Repository/DispensaryToStore/Page_KDMC - CMO/input_btnsearch' is clicked on

2018-06-10 00:28:57 - [MESSAGE][PASSED] - Object: 'Object Repository/DispensaryToStore/Page_KDMC - CMO/input_btnsearch' is clicked on

2018-06-10 00:28:57 - [TEST_STEP][PASSED] - Statement - ID = com.kms.katalon.core.webui.keyword.WebUiBuiltInKeywords.modifyObjectProperty(com.kms.katalon.core.testobject.ObjectRepository.findTestObject(lab/Page_KDMC - CMO/input_1), "xpath", "equals", "//*[@id=" + RID + "]", true): Modify property of object successfully

2018-06-10 00:28:57 - [MESSAGE][PASSED] - Modify property of object successfully

2018-06-10 00:28:57 - [TEST_STEP][PASSED] - click: Object: 'Object Repository/lab/Page_KDMC - CMO/input_1' is clicked on

2018-06-10 00:28:57 - [MESSAGE][PASSED] - Object: 'Object Repository/lab/Page_KDMC - CMO/input_1' is clicked on

2018-06-10 00:28:57 - [TEST_STEP][PASSED] - delay: Delayed 2 second(s)

2018-06-10 00:28:59 - [MESSAGE][PASSED] - Delayed 2 second(s)

2018-06-10 00:28:59 - [TEST_STEP][PASSED] - selectOptionByIndex: All options with index in [1] are selected on object 'Object Repository/DispensaryToStore/Page_KDMC - CMO/select_--Select--'

2018-06-10 00:28:59 - [MESSAGE][PASSED] - All options with index in [1] are selected on object 'Object Repository/DispensaryToStore/Page_KDMC - CMO/select_--Select--'

2018-06-10 00:28:59 - [TEST_STEP][PASSED] - click: Object: 'Object Repository/DispensaryToStore/Page_KDMC - CMO/input_btnupdate' is clicked on

2018-06-10 00:28:59 - [MESSAGE][PASSED] - Object: 'Object Repository/DispensaryToStore/Page_KDMC - CMO/input_btnupdate' is clicked on

2018-06-10 00:28:59 - [TEST_STEP][PASSED] - delay: Delayed 2 second(s)

2018-06-10 00:29:01 - [MESSAGE][PASSED] - Delayed 2 second(s)

2018-06-10 00:29:01 - [TEST_STEP][PASSED] - click: Object: 'Object Repository/DispensaryToStore/Page_KDMC - CMO/button_OK' is clicked on

2018-06-10 00:29:02 - [MESSAGE][PASSED] - Object: 'Object Repository/DispensaryToStore/Page_KDMC - CMO/button_OK' is clicked on

2018-06-10 00:29:02 - [TEST_STEP][PASSED] - delay: Delayed 2 second(s)

2018-06-10 00:29:04 - [MESSAGE][PASSED] - Delayed 2 second(s)

2018-06-10 00:29:04 - [TEST_STEP][PASSED] - click: Object: 'Object Repository/DispensaryToStore/Page_KDMC - CMO/a_dropdown-toggle' is clicked on

2018-06-10 00:29:04 - [MESSAGE][PASSED] - Object: 'Object Repository/DispensaryToStore/Page_KDMC - CMO/a_dropdown-toggle' is clicked on

2018-06-10 00:29:04 - [TEST_STEP][PASSED] - click: Object: 'Object Repository/DispensaryToStore/Page_KDMC - CMO/a_Sign out' is clicked on

2018-06-10 00:29:04 - [MESSAGE][PASSED] - Object: 'Object Repository/DispensaryToStore/Page_KDMC - CMO/a_Sign out' is clicked on

2018-06-10 00:29:04 - [TEST_STEP][PASSED] - delay: Delayed 3 second(s)

2018-06-10 00:29:07 - [MESSAGE][PASSED] - Delayed 3 second(s)

2018-06-10 00:29:07 - [TEST_STEP][PASSED] - click: Object: 'Object Repository/DispensaryToStore/Page_KDMC/a_Divisional Store' is clicked on

2018-06-10 00:29:08 - [MESSAGE][PASSED] - Object: 'Object Repository/DispensaryToStore/Page_KDMC/a_Divisional Store' is clicked on

2018-06-10 00:29:08 - [TEST_STEP][PASSED] - setText: Text 'ragu' is set on object 'Object Repository/DispensaryToStore/Page_Divisonal Store Login/input_txtusername'

2018-06-10 00:29:08 - [MESSAGE][PASSED] - Text 'ragu' is set on object 'Object Repository/DispensaryToStore/Page_Divisonal Store Login/input_txtusername'

2018-06-10 00:29:08 - [TEST_STEP][PASSED] - setText: Text '123' is set on object 'Object Repository/DispensaryToStore/Page_Divisonal Store Login/input_txtpassword'

2018-06-10 00:29:08 - [MESSAGE][PASSED] - Text '123' is set on object 'Object Repository/DispensaryToStore/Page_Divisonal Store Login/input_txtpassword'

2018-06-10 00:29:08 - [TEST_STEP][PASSED] - delay: Delayed 3 second(s)

2018-06-10 00:29:11 - [MESSAGE][PASSED] - Delayed 3 second(s)

2018-06-10 00:29:11 - [TEST_STEP][PASSED] - click: Object: 'Object Repository/DispensaryToStore/Page_Divisonal Store Login/button_Sign in' is clicked on

2018-06-10 00:29:13 - [MESSAGE][PASSED] - Object: 'Object Repository/DispensaryToStore/Page_Divisonal Store Login/button_Sign in' is clicked on

2018-06-10 00:29:13 - [TEST_STEP][PASSED] - delay: Delayed 3 second(s)

2018-06-10 00:29:16 - [MESSAGE][PASSED] - Delayed 3 second(s)

2018-06-10 00:29:16 - [TEST_STEP][PASSED] - scrollToPosition: Browser is scrolled to position x = 100, y = 100

2018-06-10 00:29:16 - [MESSAGE][PASSED] - Browser is scrolled to position x = 100, y = 100

2018-06-10 00:29:16 - [TEST_STEP][PASSED] - click: Object: 'Object Repository/DispensaryToStore/Page_Store/a_Dispensary Request' is clicked on

2018-06-10 00:29:16 - [MESSAGE][PASSED] - Object: 'Object Repository/DispensaryToStore/Page_Store/a_Dispensary Request' is clicked on

2018-06-10 00:29:16 - [TEST_STEP][PASSED] - delay: Delayed 2 second(s)

2018-06-10 00:29:18 - [MESSAGE][PASSED] - Delayed 2 second(s)

2018-06-10 00:29:18 - [TEST_STEP][PASSED] - click: Object: 'Object Repository/DispensaryToStore/Page_Store/a_Request Item Dispensary' is clicked on

2018-06-10 00:29:19 - [MESSAGE][PASSED] - Object: 'Object Repository/DispensaryToStore/Page_Store/a_Request Item Dispensary' is clicked on

2018-06-10 00:29:19 - [TEST_STEP][PASSED] - Statement - ChooseRequest = com.kms.katalon.core.webui.keyword.WebUiBuiltInKeywords.modifyObjectProperty(com.kms.katalon.core.testobject.ObjectRepository.findTestObject(lab/Page_Store/input_1), "xpath", "equals", "//*[@id=" + RID + "]", true): Modify property of object successfully

2018-06-10 00:29:19 - [MESSAGE][PASSED] - Modify property of object successfully

2018-06-10 00:29:19 - [TEST_STEP][PASSED] - click: Object: 'Object Repository/lab/Page_Store/input_1' is clicked on

2018-06-10 00:29:20 - [MESSAGE][PASSED] - Object: 'Object Repository/lab/Page_Store/input_1' is clicked on

2018-06-10 00:29:20 - [TEST_STEP][PASSED] - Statement - selectedoptions = com.kms.katalon.core.webui.keyword.WebUiBuiltInKeywords.getNumberOfTotalOption(com.kms.katalon.core.testobject.ObjectRepository.findTestObject(DispensaryToStore/Page_Store/select_--Select--Adernaline 0.)): 24 options of object 'Object Repository/DispensaryToStore/Page_Store/select_--Select--Adernaline 0.' counted

2018-06-10 00:29:20 - [MESSAGE][PASSED] - 24 options of object 'Object Repository/DispensaryToStore/Page_Store/select_--Select--Adernaline 0.' counted

2018-06-10 00:29:20 - [TEST_STEP][PASSED] - Statement - For ([a = 1, a <= selectedoptions - 1, (a++)]): null

2018-06-10 00:29:20 - [TEST_STEP][PASSED] - selectOptionByIndex: All options with index in [1] are selected on object 'Object Repository/DispensaryToStore/Page_Store/select_--Select--Adernaline 0.'

2018-06-10 00:29:20 - [MESSAGE][PASSED] - All options with index in [1] are selected on object 'Object Repository/DispensaryToStore/Page_Store/select_--Select--Adernaline 0.'

2018-06-10 00:29:20 - [TEST_STEP][PASSED] - delay: Delayed 2 second(s)

2018-06-10 00:29:22 - [MESSAGE][PASSED] - Delayed 2 second(s)

2018-06-10 00:29:22 - [TEST_STEP][PASSED] - Statement - RequestedQty = com.kms.katalon.core.webui.keyword.WebUiBuiltInKeywords.getAttribute(com.kms.katalon.core.testobject.ObjectRepository.findTestObject(DispensaryToStore/Page_Store/input_txttotal), "value"): Attribute 'value' of object 'Object Repository/DispensaryToStore/Page_Store/input_txttotal' is: '10'

2018-06-10 00:29:22 - [MESSAGE][PASSED] - Attribute 'value' of object 'Object Repository/DispensaryToStore/Page_Store/input_txttotal' is: '10'

2018-06-10 00:29:22 - [TEST_STEP][PASSED] - Statement - out.println("Requested QTY : " + RequestedQty): null

2018-06-10 00:29:22 - [TEST_STEP][PASSED] - Statement - BatchNumber = com.kms.katalon.core.webui.keyword.WebUiBuiltInKeywords.getNumberOfTotalOption(com.kms.katalon.core.testobject.ObjectRepository.findTestObject(DispensaryToStore/Page_Store/select_--Select--BA1170BA2376B)): 3 options of object 'Object Repository/DispensaryToStore/Page_Store/select_--Select--BA1170BA2376B' counted

2018-06-10 00:29:22 - [MESSAGE][PASSED] - 3 options of object 'Object Repository/DispensaryToStore/Page_Store/select_--Select--BA1170BA2376B' counted

2018-06-10 00:29:22 - [TEST_STEP][PASSED] - Statement - For ([g = 1, g <= BatchNumber - 1, (g++)]): null

2018-06-10 00:29:22 - [TEST_STEP][PASSED] - selectOptionByIndex: All options with index in [1] are selected on object 'Object Repository/DispensaryToStore/Page_Store/select_--Select--BA1170BA2376B'

2018-06-10 00:29:22 - [MESSAGE][PASSED] - All options with index in [1] are selected on object 'Object Repository/DispensaryToStore/Page_Store/select_--Select--BA1170BA2376B'

2018-06-10 00:29:22 - [TEST_STEP][PASSED] - Statement - Try: null

2018-06-10 00:29:22 - [TEST_STEP][PASSED] - Statement - StockQty = com.kms.katalon.core.webui.keyword.WebUiBuiltInKeywords.getAttribute(com.kms.katalon.core.testobject.ObjectRepository.findTestObject(DispensaryToStore/Page_Store/input_txtprice), "value"): Attribute 'value' of object 'Object Repository/DispensaryToStore/Page_Store/input_txtprice' is: '880'

2018-06-10 00:29:23 - [MESSAGE][PASSED] - Attribute 'value' of object 'Object Repository/DispensaryToStore/Page_Store/input_txtprice' is: '880'

2018-06-10 00:29:23 - [TEST_STEP][PASSED] - Statement - out.println("Stock QTY : " + StockQty): null

2018-06-10 00:29:23 - [TEST_STEP][PASSED] - delay: Delayed 2 second(s)

2018-06-10 00:29:25 - [MESSAGE][PASSED] - Delayed 2 second(s)

2018-06-10 00:29:25 - [TEST_STEP][PASSED] - Statement - If (java.lang.String.valueOf(StockQty) >= java.lang.String.valueOf(RequestedQty)): null

2018-06-10 00:29:25 - [TEST_STEP][PASSED] - setText: Text '10' is set on object 'Object Repository/DispensaryToStore/Page_Store/input_txtqty'

2018-06-10 00:29:25 - [MESSAGE][PASSED] - Text '10' is set on object 'Object Repository/DispensaryToStore/Page_Store/input_txtqty'

2018-06-10 00:29:25 - [TEST_STEP][PASSED] - click: Object: 'Object Repository/DispensaryToStore/Page_Store/button_Add' is clicked on

2018-06-10 00:29:25 - [MESSAGE][PASSED] - Object: 'Object Repository/DispensaryToStore/Page_Store/button_Add' is clicked on

2018-06-10 00:29:25 - [TEST_STEP][PASSED] - Statement - Break: null

2018-06-10 00:29:25 - [TEST_STEP][PASSED] - selectOptionByIndex: All options with index in [2] are selected on object 'Object Repository/DispensaryToStore/Page_Store/select_--Select--Adernaline 0.'

2018-06-10 00:29:25 - [MESSAGE][PASSED] - All options with index in [2] are selected on object 'Object Repository/DispensaryToStore/Page_Store/select_--Select--Adernaline 0.'

2018-06-10 00:29:25 - [TEST_STEP][PASSED] - delay: Delayed 2 second(s)

2018-06-10 00:29:27 - [MESSAGE][PASSED] - Delayed 2 second(s)

2018-06-10 00:29:27 - [TEST_STEP][PASSED] - Statement - RequestedQty = com.kms.katalon.core.webui.keyword.WebUiBuiltInKeywords.getAttribute(com.kms.katalon.core.testobject.ObjectRepository.findTestObject(DispensaryToStore/Page_Store/input_txttotal), "value"): Attribute 'value' of object 'Object Repository/DispensaryToStore/Page_Store/input_txttotal' is: '10'

2018-06-10 00:29:27 - [MESSAGE][PASSED] - Attribute 'value' of object 'Object Repository/DispensaryToStore/Page_Store/input_txttotal' is: '10'

2018-06-10 00:29:27 - [TEST_STEP][PASSED] - Statement - out.println("Requested QTY : " + RequestedQty): null

2018-06-10 00:29:27 - [TEST_STEP][PASSED] - Statement - BatchNumber = com.kms.katalon.core.webui.keyword.WebUiBuiltInKeywords.getNumberOfTotalOption(com.kms.katalon.core.testobject.ObjectRepository.findTestObject(DispensaryToStore/Page_Store/select_--Select--BA1170BA2376B)): 5 options of object 'Object Repository/DispensaryToStore/Page_Store/select_--Select--BA1170BA2376B' counted

2018-06-10 00:29:27 - [MESSAGE][PASSED] - 5 options of object 'Object Repository/DispensaryToStore/Page_Store/select_--Select--BA1170BA2376B' counted

2018-06-10 00:29:27 - [TEST_STEP][PASSED] - Statement - For ([g = 1, g <= BatchNumber - 1, (g++)]): null

2018-06-10 00:29:27 - [TEST_STEP][PASSED] - selectOptionByIndex: All options with index in [1] are selected on object 'Object Repository/DispensaryToStore/Page_Store/select_--Select--BA1170BA2376B'

2018-06-10 00:29:27 - [MESSAGE][PASSED] - All options with index in [1] are selected on object 'Object Repository/DispensaryToStore/Page_Store/select_--Select--BA1170BA2376B'

2018-06-10 00:29:27 - [TEST_STEP][PASSED] - Statement - Try: null

2018-06-10 00:29:27 - [TEST_STEP][PASSED] - Statement - StockQty = com.kms.katalon.core.webui.keyword.WebUiBuiltInKeywords.getAttribute(com.kms.katalon.core.testobject.ObjectRepository.findTestObject(DispensaryToStore/Page_Store/input_txtprice), "value"): Attribute 'value' of object 'Object Repository/DispensaryToStore/Page_Store/input_txtprice' is: '470'

2018-06-10 00:29:27 - [MESSAGE][PASSED] - Attribute 'value' of object 'Object Repository/DispensaryToStore/Page_Store/input_txtprice' is: '470'

2018-06-10 00:29:27 - [TEST_STEP][PASSED] - Statement - out.println("Stock QTY : " + StockQty): null

2018-06-10 00:29:27 - [TEST_STEP][PASSED] - delay: Delayed 2 second(s)

2018-06-10 00:29:29 - [MESSAGE][PASSED] - Delayed 2 second(s)

2018-06-10 00:29:29 - [TEST_STEP][PASSED] - Statement - If (java.lang.String.valueOf(StockQty) >= java.lang.String.valueOf(RequestedQty)): null

2018-06-10 00:29:29 - [TEST_STEP][PASSED] - setText: Text '10' is set on object 'Object Repository/DispensaryToStore/Page_Store/input_txtqty'

2018-06-10 00:29:29 - [MESSAGE][PASSED] - Text '10' is set on object 'Object Repository/DispensaryToStore/Page_Store/input_txtqty'

2018-06-10 00:29:29 - [TEST_STEP][PASSED] - click: Object: 'Object Repository/DispensaryToStore/Page_Store/button_Add' is clicked on

2018-06-10 00:29:29 - [MESSAGE][PASSED] - Object: 'Object Repository/DispensaryToStore/Page_Store/button_Add' is clicked on

2018-06-10 00:29:29 - [TEST_STEP][PASSED] - Statement - Break: null

2018-06-10 00:29:29 - [TEST_STEP][PASSED] - selectOptionByIndex: All options with index in [3] are selected on object 'Object Repository/DispensaryToStore/Page_Store/select_--Select--Adernaline 0.'

2018-06-10 00:29:29 - [MESSAGE][PASSED] - All options with index in [3] are selected on object 'Object Repository/DispensaryToStore/Page_Store/select_--Select--Adernaline 0.'

2018-06-10 00:29:29 - [TEST_STEP][PASSED] - delay: Delayed 2 second(s)

2018-06-10 00:29:31 - [MESSAGE][PASSED] - Delayed 2 second(s)

2018-06-10 00:29:31 - [TEST_STEP][PASSED] - Statement - RequestedQty = com.kms.katalon.core.webui.keyword.WebUiBuiltInKeywords.getAttribute(com.kms.katalon.core.testobject.ObjectRepository.findTestObject(DispensaryToStore/Page_Store/input_txttotal), "value"): Attribute 'value' of object 'Object Repository/DispensaryToStore/Page_Store/input_txttotal' is: '10'

2018-06-10 00:29:31 - [MESSAGE][PASSED] - Attribute 'value' of object 'Object Repository/DispensaryToStore/Page_Store/input_txttotal' is: '10'

2018-06-10 00:29:31 - [TEST_STEP][PASSED] - Statement - out.println("Requested QTY : " + RequestedQty): null

2018-06-10 00:29:31 - [TEST_STEP][PASSED] - Statement - BatchNumber = com.kms.katalon.core.webui.keyword.WebUiBuiltInKeywords.getNumberOfTotalOption(com.kms.katalon.core.testobject.ObjectRepository.findTestObject(DispensaryToStore/Page_Store/select_--Select--BA1170BA2376B)): 3 options of object 'Object Repository/DispensaryToStore/Page_Store/select_--Select--BA1170BA2376B' counted

2018-06-10 00:29:31 - [MESSAGE][PASSED] - 3 options of object 'Object Repository/DispensaryToStore/Page_Store/select_--Select--BA1170BA2376B' counted

2018-06-10 00:29:31 - [TEST_STEP][PASSED] - Statement - For ([g = 1, g <= BatchNumber - 1, (g++)]): null

2018-06-10 00:29:31 - [TEST_STEP][PASSED] - selectOptionByIndex: All options with index in [1] are selected on object 'Object Repository/DispensaryToStore/Page_Store/select_--Select--BA1170BA2376B'

2018-06-10 00:29:32 - [MESSAGE][PASSED] - All options with index in [1] are selected on object 'Object Repository/DispensaryToStore/Page_Store/select_--Select--BA1170BA2376B'

2018-06-10 00:29:32 - [TEST_STEP][PASSED] - Statement - Try: null

2018-06-10 00:29:32 - [TEST_STEP][PASSED] - Statement - StockQty = com.kms.katalon.core.webui.keyword.WebUiBuiltInKeywords.getAttribute(com.kms.katalon.core.testobject.ObjectRepository.findTestObject(DispensaryToStore/Page_Store/input_txtprice), "value"): Attribute 'value' of object 'Object Repository/DispensaryToStore/Page_Store/input_txtprice' is: '880'

2018-06-10 00:29:32 - [MESSAGE][PASSED] - Attribute 'value' of object 'Object Repository/DispensaryToStore/Page_Store/input_txtprice' is: '880'

2018-06-10 00:29:32 - [TEST_STEP][PASSED] - Statement - out.println("Stock QTY : " + StockQty): null

2018-06-10 00:29:32 - [TEST_STEP][PASSED] - delay: Delayed 2 second(s)

2018-06-10 00:29:34 - [MESSAGE][PASSED] - Delayed 2 second(s)

2018-06-10 00:29:34 - [TEST_STEP][PASSED] - Statement - If (java.lang.String.valueOf(StockQty) >= java.lang.String.valueOf(RequestedQty)): null

2018-06-10 00:29:34 - [TEST_STEP][PASSED] - setText: Text '10' is set on object 'Object Repository/DispensaryToStore/Page_Store/input_txtqty'

2018-06-10 00:29:34 - [MESSAGE][PASSED] - Text '10' is set on object 'Object Repository/DispensaryToStore/Page_Store/input_txtqty'

2018-06-10 00:29:34 - [TEST_STEP][PASSED] - click: Object: 'Object Repository/DispensaryToStore/Page_Store/button_Add' is clicked on

2018-06-10 00:29:34 - [MESSAGE][PASSED] - Object: 'Object Repository/DispensaryToStore/Page_Store/button_Add' is clicked on

2018-06-10 00:29:34 - [TEST_STEP][PASSED] - Statement - Break: null

2018-06-10 00:29:34 - [TEST_STEP][PASSED] - selectOptionByIndex: All options with index in [4] are selected on object 'Object Repository/DispensaryToStore/Page_Store/select_--Select--Adernaline 0.'

2018-06-10 00:29:34 - [MESSAGE][PASSED] - All options with index in [4] are selected on object 'Object Repository/DispensaryToStore/Page_Store/select_--Select--Adernaline 0.'

2018-06-10 00:29:34 - [TEST_STEP][PASSED] - delay: Delayed 2 second(s)

2018-06-10 00:29:36 - [MESSAGE][PASSED] - Delayed 2 second(s)

2018-06-10 00:29:36 - [TEST_STEP][PASSED] - Statement - RequestedQty = com.kms.katalon.core.webui.keyword.WebUiBuiltInKeywords.getAttribute(com.kms.katalon.core.testobject.ObjectRepository.findTestObject(DispensaryToStore/Page_Store/input_txttotal), "value"): Attribute 'value' of object 'Object Repository/DispensaryToStore/Page_Store/input_txttotal' is: '10'

2018-06-10 00:29:36 - [MESSAGE][PASSED] - Attribute 'value' of object 'Object Repository/DispensaryToStore/Page_Store/input_txttotal' is: '10'

2018-06-10 00:29:36 - [TEST_STEP][PASSED] - Statement - out.println("Requested QTY : " + RequestedQty): null

2018-06-10 00:29:36 - [TEST_STEP][PASSED] - Statement - BatchNumber = com.kms.katalon.core.webui.keyword.WebUiBuiltInKeywords.getNumberOfTotalOption(com.kms.katalon.core.testobject.ObjectRepository.findTestObject(DispensaryToStore/Page_Store/select_--Select--BA1170BA2376B)): 3 options of object 'Object Repository/DispensaryToStore/Page_Store/select_--Select--BA1170BA2376B' counted

2018-06-10 00:29:36 - [MESSAGE][PASSED] - 3 options of object 'Object Repository/DispensaryToStore/Page_Store/select_--Select--BA1170BA2376B' counted

2018-06-10 00:29:36 - [TEST_STEP][PASSED] - Statement - For ([g = 1, g <= BatchNumber - 1, (g++)]): null

2018-06-10 00:29:36 - [TEST_STEP][PASSED] - selectOptionByIndex: All options with index in [1] are selected on object 'Object Repository/DispensaryToStore/Page_Store/select_--Select--BA1170BA2376B'

2018-06-10 00:29:36 - [MESSAGE][PASSED] - All options with index in [1] are selected on object 'Object Repository/DispensaryToStore/Page_Store/select_--Select--BA1170BA2376B'

2018-06-10 00:29:36 - [TEST_STEP][PASSED] - Statement - Try: null

2018-06-10 00:29:36 - [TEST_STEP][PASSED] - Statement - StockQty = com.kms.katalon.core.webui.keyword.WebUiBuiltInKeywords.getAttribute(com.kms.katalon.core.testobject.ObjectRepository.findTestObject(DispensaryToStore/Page_Store/input_txtprice), "value"): Attribute 'value' of object 'Object Repository/DispensaryToStore/Page_Store/input_txtprice' is: '880'

2018-06-10 00:29:36 - [MESSAGE][PASSED] - Attribute 'value' of object 'Object Repository/DispensaryToStore/Page_Store/input_txtprice' is: '880'

2018-06-10 00:29:36 - [TEST_STEP][PASSED] - Statement - out.println("Stock QTY : " + StockQty): null

2018-06-10 00:29:36 - [TEST_STEP][PASSED] - delay: Delayed 2 second(s)

2018-06-10 00:29:38 - [MESSAGE][PASSED] - Delayed 2 second(s)

2018-06-10 00:29:38 - [TEST_STEP][PASSED] - Statement - If (java.lang.String.valueOf(StockQty) >= java.lang.String.valueOf(RequestedQty)): null

2018-06-10 00:29:38 - [TEST_STEP][PASSED] - setText: Text '10' is set on object 'Object Repository/DispensaryToStore/Page_Store/input_txtqty'

2018-06-10 00:29:38 - [MESSAGE][PASSED] - Text '10' is set on object 'Object Repository/DispensaryToStore/Page_Store/input_txtqty'

2018-06-10 00:29:38 - [TEST_STEP][PASSED] - click: Object: 'Object Repository/DispensaryToStore/Page_Store/button_Add' is clicked on

2018-06-10 00:29:38 - [MESSAGE][PASSED] - Object: 'Object Repository/DispensaryToStore/Page_Store/button_Add' is clicked on

2018-06-10 00:29:38 - [TEST_STEP][PASSED] - Statement - Break: null

2018-06-10 00:29:38 - [TEST_STEP][PASSED] - selectOptionByIndex: All options with index in [5] are selected on object 'Object Repository/DispensaryToStore/Page_Store/select_--Select--Adernaline 0.'

2018-06-10 00:29:39 - [MESSAGE][PASSED] - All options with index in [5] are selected on object 'Object Repository/DispensaryToStore/Page_Store/select_--Select--Adernaline 0.'

2018-06-10 00:29:39 - [TEST_STEP][PASSED] - delay: Delayed 2 second(s)

2018-06-10 00:29:41 - [MESSAGE][PASSED] - Delayed 2 second(s)

2018-06-10 00:29:41 - [TEST_STEP][PASSED] - Statement - RequestedQty = com.kms.katalon.core.webui.keyword.WebUiBuiltInKeywords.getAttribute(com.kms.katalon.core.testobject.ObjectRepository.findTestObject(DispensaryToStore/Page_Store/input_txttotal), "value"): Attribute 'value' of object 'Object Repository/DispensaryToStore/Page_Store/input_txttotal' is: '10'

2018-06-10 00:29:41 - [MESSAGE][PASSED] - Attribute 'value' of object 'Object Repository/DispensaryToStore/Page_Store/input_txttotal' is: '10'

2018-06-10 00:29:41 - [TEST_STEP][PASSED] - Statement - out.println("Requested QTY : " + RequestedQty): null

2018-06-10 00:29:41 - [TEST_STEP][PASSED] - Statement - BatchNumber = com.kms.katalon.core.webui.keyword.WebUiBuiltInKeywords.getNumberOfTotalOption(com.kms.katalon.core.testobject.ObjectRepository.findTestObject(DispensaryToStore/Page_Store/select_--Select--BA1170BA2376B)): 4 options of object 'Object Repository/DispensaryToStore/Page_Store/select_--Select--BA1170BA2376B' counted

2018-06-10 00:29:41 - [MESSAGE][PASSED] - 4 options of object 'Object Repository/DispensaryToStore/Page_Store/select_--Select--BA1170BA2376B' counted

2018-06-10 00:29:41 - [TEST_STEP][PASSED] - Statement - For ([g = 1, g <= BatchNumber - 1, (g++)]): null

2018-06-10 00:29:41 - [TEST_STEP][PASSED] - selectOptionByIndex: All options with index in [1] are selected on object 'Object Repository/DispensaryToStore/Page_Store/select_--Select--BA1170BA2376B'

2018-06-10 00:29:41 - [MESSAGE][PASSED] - All options with index in [1] are selected on object 'Object Repository/DispensaryToStore/Page_Store/select_--Select--BA1170BA2376B'

2018-06-10 00:29:41 - [TEST_STEP][PASSED] - Statement - Try: null

2018-06-10 00:29:41 - [TEST_STEP][PASSED] - Statement - StockQty = com.kms.katalon.core.webui.keyword.WebUiBuiltInKeywords.getAttribute(com.kms.katalon.core.testobject.ObjectRepository.findTestObject(DispensaryToStore/Page_Store/input_txtprice), "value"): Attribute 'value' of object 'Object Repository/DispensaryToStore/Page_Store/input_txtprice' is: '530'

2018-06-10 00:29:41 - [MESSAGE][PASSED] - Attribute 'value' of object 'Object Repository/DispensaryToStore/Page_Store/input_txtprice' is: '530'

2018-06-10 00:29:41 - [TEST_STEP][PASSED] - Statement - out.println("Stock QTY : " + StockQty): null

2018-06-10 00:29:41 - [TEST_STEP][PASSED] - delay: Delayed 2 second(s)

2018-06-10 00:29:43 - [MESSAGE][PASSED] - Delayed 2 second(s)

2018-06-10 00:29:43 - [TEST_STEP][PASSED] - Statement - If (java.lang.String.valueOf(StockQty) >= java.lang.String.valueOf(RequestedQty)): null

2018-06-10 00:29:43 - [TEST_STEP][PASSED] - setText: Text '10' is set on object 'Object Repository/DispensaryToStore/Page_Store/input_txtqty'

2018-06-10 00:29:43 - [MESSAGE][PASSED] - Text '10' is set on object 'Object Repository/DispensaryToStore/Page_Store/input_txtqty'

2018-06-10 00:29:43 - [TEST_STEP][PASSED] - click: Object: 'Object Repository/DispensaryToStore/Page_Store/button_Add' is clicked on

2018-06-10 00:29:43 - [MESSAGE][PASSED] - Object: 'Object Repository/DispensaryToStore/Page_Store/button_Add' is clicked on

2018-06-10 00:29:43 - [TEST_STEP][PASSED] - Statement - Break: null

2018-06-10 00:29:43 - [TEST_STEP][PASSED] - selectOptionByIndex: All options with index in [6] are selected on object 'Object Repository/DispensaryToStore/Page_Store/select_--Select--Adernaline 0.'

2018-06-10 00:29:43 - [MESSAGE][PASSED] - All options with index in [6] are selected on object 'Object Repository/DispensaryToStore/Page_Store/select_--Select--Adernaline 0.'

2018-06-10 00:29:43 - [TEST_STEP][PASSED] - delay: Delayed 2 second(s)

2018-06-10 00:29:45 - [MESSAGE][PASSED] - Delayed 2 second(s)

2018-06-10 00:29:45 - [TEST_STEP][PASSED] - Statement - RequestedQty = com.kms.katalon.core.webui.keyword.WebUiBuiltInKeywords.getAttribute(com.kms.katalon.core.testobject.ObjectRepository.findTestObject(DispensaryToStore/Page_Store/input_txttotal), "value"): Attribute 'value' of object 'Object Repository/DispensaryToStore/Page_Store/input_txttotal' is: '10'

2018-06-10 00:29:45 - [MESSAGE][PASSED] - Attribute 'value' of object 'Object Repository/DispensaryToStore/Page_Store/input_txttotal' is: '10'

2018-06-10 00:29:45 - [TEST_STEP][PASSED] - Statement - out.println("Requested QTY : " + RequestedQty): null

2018-06-10 00:29:45 - [TEST_STEP][PASSED] - Statement - BatchNumber = com.kms.katalon.core.webui.keyword.WebUiBuiltInKeywords.getNumberOfTotalOption(com.kms.katalon.core.testobject.ObjectRepository.findTestObject(DispensaryToStore/Page_Store/select_--Select--BA1170BA2376B)): 3 options of object 'Object Repository/DispensaryToStore/Page_Store/select_--Select--BA1170BA2376B' counted

2018-06-10 00:29:45 - [MESSAGE][PASSED] - 3 options of object 'Object Repository/DispensaryToStore/Page_Store/select_--Select--BA1170BA2376B' counted

2018-06-10 00:29:45 - [TEST_STEP][PASSED] - Statement - For ([g = 1, g <= BatchNumber - 1, (g++)]): null

2018-06-10 00:29:45 - [TEST_STEP][PASSED] - selectOptionByIndex: All options with index in [1] are selected on object 'Object Repository/DispensaryToStore/Page_Store/select_--Select--BA1170BA2376B'

2018-06-10 00:29:45 - [MESSAGE][PASSED] - All options with index in [1] are selected on object 'Object Repository/DispensaryToStore/Page_Store/select_--Select--BA1170BA2376B'

2018-06-10 00:29:45 - [TEST_STEP][PASSED] - Statement - Try: null

2018-06-10 00:29:45 - [TEST_STEP][PASSED] - Statement - StockQty = com.kms.katalon.core.webui.keyword.WebUiBuiltInKeywords.getAttribute(com.kms.katalon.core.testobject.ObjectRepository.findTestObject(DispensaryToStore/Page_Store/input_txtprice), "value"): Attribute 'value' of object 'Object Repository/DispensaryToStore/Page_Store/input_txtprice' is: '880'

2018-06-10 00:29:45 - [MESSAGE][PASSED] - Attribute 'value' of object 'Object Repository/DispensaryToStore/Page_Store/input_txtprice' is: '880'

2018-06-10 00:29:45 - [TEST_STEP][PASSED] - Statement - out.println("Stock QTY : " + StockQty): null

2018-06-10 00:29:45 - [TEST_STEP][PASSED] - delay: Delayed 2 second(s)

2018-06-10 00:29:47 - [MESSAGE][PASSED] - Delayed 2 second(s)

2018-06-10 00:29:47 - [TEST_STEP][PASSED] - Statement - If (java.lang.String.valueOf(StockQty) >= java.lang.String.valueOf(RequestedQty)): null

2018-06-10 00:29:47 - [TEST_STEP][PASSED] - setText: Text '10' is set on object 'Object Repository/DispensaryToStore/Page_Store/input_txtqty'

2018-06-10 00:29:47 - [MESSAGE][PASSED] - Text '10' is set on object 'Object Repository/DispensaryToStore/Page_Store/input_txtqty'

2018-06-10 00:29:47 - [TEST_STEP][PASSED] - click: Object: 'Object Repository/DispensaryToStore/Page_Store/button_Add' is clicked on

2018-06-10 00:29:48 - [MESSAGE][PASSED] - Object: 'Object Repository/DispensaryToStore/Page_Store/button_Add' is clicked on

2018-06-10 00:29:48 - [TEST_STEP][PASSED] - Statement - Break: null

2018-06-10 00:29:48 - [TEST_STEP][PASSED] - selectOptionByIndex: All options with index in [7] are selected on object 'Object Repository/DispensaryToStore/Page_Store/select_--Select--Adernaline 0.'

2018-06-10 00:29:48 - [MESSAGE][PASSED] - All options with index in [7] are selected on object 'Object Repository/DispensaryToStore/Page_Store/select_--Select--Adernaline 0.'

2018-06-10 00:29:48 - [TEST_STEP][PASSED] - delay: Delayed 2 second(s)

2018-06-10 00:29:50 - [MESSAGE][PASSED] - Delayed 2 second(s)

2018-06-10 00:29:50 - [TEST_STEP][PASSED] - Statement - RequestedQty = com.kms.katalon.core.webui.keyword.WebUiBuiltInKeywords.getAttribute(com.kms.katalon.core.testobject.ObjectRepository.findTestObject(DispensaryToStore/Page_Store/input_txttotal), "value"): Attribute 'value' of object 'Object Repository/DispensaryToStore/Page_Store/input_txttotal' is: '10'

2018-06-10 00:29:50 - [MESSAGE][PASSED] - Attribute 'value' of object 'Object Repository/DispensaryToStore/Page_Store/input_txttotal' is: '10'

2018-06-10 00:29:50 - [TEST_STEP][PASSED] - Statement - out.println("Requested QTY : " + RequestedQty): null

2018-06-10 00:29:50 - [TEST_STEP][PASSED] - Statement - BatchNumber = com.kms.katalon.core.webui.keyword.WebUiBuiltInKeywords.getNumberOfTotalOption(com.kms.katalon.core.testobject.ObjectRepository.findTestObject(DispensaryToStore/Page_Store/select_--Select--BA1170BA2376B)): 4 options of object 'Object Repository/DispensaryToStore/Page_Store/select_--Select--BA1170BA2376B' counted

2018-06-10 00:29:50 - [MESSAGE][PASSED] - 4 options of object 'Object Repository/DispensaryToStore/Page_Store/select_--Select--BA1170BA2376B' counted

2018-06-10 00:29:50 - [TEST_STEP][PASSED] - Statement - For ([g = 1, g <= BatchNumber - 1, (g++)]): null

2018-06-10 00:29:50 - [TEST_STEP][PASSED] - selectOptionByIndex: All options with index in [1] are selected on object 'Object Repository/DispensaryToStore/Page_Store/select_--Select--BA1170BA2376B'

2018-06-10 00:29:50 - [MESSAGE][PASSED] - All options with index in [1] are selected on object 'Object Repository/DispensaryToStore/Page_Store/select_--Select--BA1170BA2376B'

2018-06-10 00:29:50 - [TEST_STEP][PASSED] - Statement - Try: null

2018-06-10 00:29:50 - [TEST_STEP][PASSED] - Statement - StockQty = com.kms.katalon.core.webui.keyword.WebUiBuiltInKeywords.getAttribute(com.kms.katalon.core.testobject.ObjectRepository.findTestObject(DispensaryToStore/Page_Store/input_txtprice), "value"): Attribute 'value' of object 'Object Repository/DispensaryToStore/Page_Store/input_txtprice' is: '530'

2018-06-10 00:29:50 - [MESSAGE][PASSED] - Attribute 'value' of object 'Object Repository/DispensaryToStore/Page_Store/input_txtprice' is: '530'

2018-06-10 00:29:50 - [TEST_STEP][PASSED] - Statement - out.println("Stock QTY : " + StockQty): null

2018-06-10 00:29:50 - [TEST_STEP][PASSED] - delay: Delayed 2 second(s)

2018-06-10 00:29:52 - [MESSAGE][PASSED] - Delayed 2 second(s)

2018-06-10 00:29:52 - [TEST_STEP][PASSED] - Statement - If (java.lang.String.valueOf(StockQty) >= java.lang.String.valueOf(RequestedQty)): null

2018-06-10 00:29:52 - [TEST_STEP][PASSED] - setText: Text '10' is set on object 'Object Repository/DispensaryToStore/Page_Store/input_txtqty'

2018-06-10 00:29:52 - [MESSAGE][PASSED] - Text '10' is set on object 'Object Repository/DispensaryToStore/Page_Store/input_txtqty'

2018-06-10 00:29:52 - [TEST_STEP][PASSED] - click: Object: 'Object Repository/DispensaryToStore/Page_Store/button_Add' is clicked on

2018-06-10 00:29:52 - [MESSAGE][PASSED] - Object: 'Object Repository/DispensaryToStore/Page_Store/button_Add' is clicked on

2018-06-10 00:29:52 - [TEST_STEP][PASSED] - Statement - Break: null

2018-06-10 00:29:52 - [TEST_STEP][PASSED] - selectOptionByIndex: All options with index in [8] are selected on object 'Object Repository/DispensaryToStore/Page_Store/select_--Select--Adernaline 0.'

2018-06-10 00:29:52 - [MESSAGE][PASSED] - All options with index in [8] are selected on object 'Object Repository/DispensaryToStore/Page_Store/select_--Select--Adernaline 0.'

2018-06-10 00:29:52 - [TEST_STEP][PASSED] - delay: Delayed 2 second(s)

2018-06-10 00:29:54 - [MESSAGE][PASSED] - Delayed 2 second(s)

2018-06-10 00:29:54 - [TEST_STEP][PASSED] - Statement - RequestedQty = com.kms.katalon.core.webui.keyword.WebUiBuiltInKeywords.getAttribute(com.kms.katalon.core.testobject.ObjectRepository.findTestObject(DispensaryToStore/Page_Store/input_txttotal), "value"): Attribute 'value' of object 'Object Repository/DispensaryToStore/Page_Store/input_txttotal' is: '10'

2018-06-10 00:29:54 - [MESSAGE][PASSED] - Attribute 'value' of object 'Object Repository/DispensaryToStore/Page_Store/input_txttotal' is: '10'

2018-06-10 00:29:54 - [TEST_STEP][PASSED] - Statement - out.println("Requested QTY : " + RequestedQty): null

2018-06-10 00:29:54 - [TEST_STEP][PASSED] - Statement - BatchNumber = com.kms.katalon.core.webui.keyword.WebUiBuiltInKeywords.getNumberOfTotalOption(com.kms.katalon.core.testobject.ObjectRepository.findTestObject(DispensaryToStore/Page_Store/select_--Select--BA1170BA2376B)): 3 options of object 'Object Repository/DispensaryToStore/Page_Store/select_--Select--BA1170BA2376B' counted

2018-06-10 00:29:54 - [MESSAGE][PASSED] - 3 options of object 'Object Repository/DispensaryToStore/Page_Store/select_--Select--BA1170BA2376B' counted

2018-06-10 00:29:54 - [TEST_STEP][PASSED] - Statement - For ([g = 1, g <= BatchNumber - 1, (g++)]): null

2018-06-10 00:29:54 - [TEST_STEP][PASSED] - selectOptionByIndex: All options with index in [1] are selected on object 'Object Repository/DispensaryToStore/Page_Store/select_--Select--BA1170BA2376B'

2018-06-10 00:29:54 - [MESSAGE][PASSED] - All options with index in [1] are selected on object 'Object Repository/DispensaryToStore/Page_Store/select_--Select--BA1170BA2376B'

2018-06-10 00:29:54 - [TEST_STEP][PASSED] - Statement - Try: null

2018-06-10 00:29:54 - [TEST_STEP][PASSED] - Statement - StockQty = com.kms.katalon.core.webui.keyword.WebUiBuiltInKeywords.getAttribute(com.kms.katalon.core.testobject.ObjectRepository.findTestObject(DispensaryToStore/Page_Store/input_txtprice), "value"): Attribute 'value' of object 'Object Repository/DispensaryToStore/Page_Store/input_txtprice' is: '880'

2018-06-10 00:29:55 - [MESSAGE][PASSED] - Attribute 'value' of object 'Object Repository/DispensaryToStore/Page_Store/input_txtprice' is: '880'

2018-06-10 00:29:55 - [TEST_STEP][PASSED] - Statement - out.println("Stock QTY : " + StockQty): null

2018-06-10 00:29:55 - [TEST_STEP][PASSED] - delay: Delayed 2 second(s)

2018-06-10 00:29:57 - [MESSAGE][PASSED] - Delayed 2 second(s)

2018-06-10 00:29:57 - [TEST_STEP][PASSED] - Statement - If (java.lang.String.valueOf(StockQty) >= java.lang.String.valueOf(RequestedQty)): null

2018-06-10 00:29:57 - [TEST_STEP][PASSED] - setText: Text '10' is set on object 'Object Repository/DispensaryToStore/Page_Store/input_txtqty'

2018-06-10 00:29:57 - [MESSAGE][PASSED] - Text '10' is set on object 'Object Repository/DispensaryToStore/Page_Store/input_txtqty'

2018-06-10 00:29:57 - [TEST_STEP][PASSED] - click: Object: 'Object Repository/DispensaryToStore/Page_Store/button_Add' is clicked on

2018-06-10 00:29:57 - [MESSAGE][PASSED] - Object: 'Object Repository/DispensaryToStore/Page_Store/button_Add' is clicked on

2018-06-10 00:29:57 - [TEST_STEP][PASSED] - Statement - Break: null

2018-06-10 00:29:57 - [TEST_STEP][PASSED] - selectOptionByIndex: All options with index in [9] are selected on object 'Object Repository/DispensaryToStore/Page_Store/select_--Select--Adernaline 0.'

2018-06-10 00:29:57 - [MESSAGE][PASSED] - All options with index in [9] are selected on object 'Object Repository/DispensaryToStore/Page_Store/select_--Select--Adernaline 0.'

2018-06-10 00:29:57 - [TEST_STEP][PASSED] - delay: Delayed 2 second(s)

2018-06-10 00:29:59 - [MESSAGE][PASSED] - Delayed 2 second(s)

2018-06-10 00:29:59 - [TEST_STEP][PASSED] - Statement - RequestedQty = com.kms.katalon.core.webui.keyword.WebUiBuiltInKeywords.getAttribute(com.kms.katalon.core.testobject.ObjectRepository.findTestObject(DispensaryToStore/Page_Store/input_txttotal), "value"): Attribute 'value' of object 'Object Repository/DispensaryToStore/Page_Store/input_txttotal' is: '10'

2018-06-10 00:29:59 - [MESSAGE][PASSED] - Attribute 'value' of object 'Object Repository/DispensaryToStore/Page_Store/input_txttotal' is: '10'

2018-06-10 00:29:59 - [TEST_STEP][PASSED] - Statement - out.println("Requested QTY : " + RequestedQty): null

2018-06-10 00:29:59 - [TEST_STEP][PASSED] - Statement - BatchNumber = com.kms.katalon.core.webui.keyword.WebUiBuiltInKeywords.getNumberOfTotalOption(com.kms.katalon.core.testobject.ObjectRepository.findTestObject(DispensaryToStore/Page_Store/select_--Select--BA1170BA2376B)): 3 options of object 'Object Repository/DispensaryToStore/Page_Store/select_--Select--BA1170BA2376B' counted

2018-06-10 00:29:59 - [MESSAGE][PASSED] - 3 options of object 'Object Repository/DispensaryToStore/Page_Store/select_--Select--BA1170BA2376B' counted

2018-06-10 00:29:59 - [TEST_STEP][PASSED] - Statement - For ([g = 1, g <= BatchNumber - 1, (g++)]): null

2018-06-10 00:29:59 - [TEST_STEP][PASSED] - selectOptionByIndex: All options with index in [1] are selected on object 'Object Repository/DispensaryToStore/Page_Store/select_--Select--BA1170BA2376B'

2018-06-10 00:29:59 - [MESSAGE][PASSED] - All options with index in [1] are selected on object 'Object Repository/DispensaryToStore/Page_Store/select_--Select--BA1170BA2376B'

2018-06-10 00:29:59 - [TEST_STEP][PASSED] - Statement - Try: null

2018-06-10 00:29:59 - [TEST_STEP][PASSED] - Statement - StockQty = com.kms.katalon.core.webui.keyword.WebUiBuiltInKeywords.getAttribute(com.kms.katalon.core.testobject.ObjectRepository.findTestObject(DispensaryToStore/Page_Store/input_txtprice), "value"): Attribute 'value' of object 'Object Repository/DispensaryToStore/Page_Store/input_txtprice' is: '880'

2018-06-10 00:29:59 - [MESSAGE][PASSED] - Attribute 'value' of object 'Object Repository/DispensaryToStore/Page_Store/input_txtprice' is: '880'

2018-06-10 00:29:59 - [TEST_STEP][PASSED] - Statement - out.println("Stock QTY : " + StockQty): null

2018-06-10 00:29:59 - [TEST_STEP][PASSED] - delay: Delayed 2 second(s)

2018-06-10 00:30:01 - [MESSAGE][PASSED] - Delayed 2 second(s)

2018-06-10 00:30:01 - [TEST_STEP][PASSED] - Statement - If (java.lang.String.valueOf(StockQty) >= java.lang.String.valueOf(RequestedQty)): null

2018-06-10 00:30:01 - [TEST_STEP][PASSED] - setText: Text '10' is set on object 'Object Repository/DispensaryToStore/Page_Store/input_txtqty'

2018-06-10 00:30:01 - [MESSAGE][PASSED] - Text '10' is set on object 'Object Repository/DispensaryToStore/Page_Store/input_txtqty'

2018-06-10 00:30:01 - [TEST_STEP][PASSED] - click: Object: 'Object Repository/DispensaryToStore/Page_Store/button_Add' is clicked on

2018-06-10 00:30:01 - [MESSAGE][PASSED] - Object: 'Object Repository/DispensaryToStore/Page_Store/button_Add' is clicked on

2018-06-10 00:30:01 - [TEST_STEP][PASSED] - Statement - Break: null

2018-06-10 00:30:01 - [TEST_STEP][PASSED] - selectOptionByIndex: All options with index in [10] are selected on object 'Object Repository/DispensaryToStore/Page_Store/select_--Select--Adernaline 0.'

2018-06-10 00:30:01 - [MESSAGE][PASSED] - All options with index in [10] are selected on object 'Object Repository/DispensaryToStore/Page_Store/select_--Select--Adernaline 0.'

2018-06-10 00:30:01 - [TEST_STEP][PASSED] - delay: Delayed 2 second(s)

2018-06-10 00:30:03 - [MESSAGE][PASSED] - Delayed 2 second(s)

2018-06-10 00:30:03 - [TEST_STEP][PASSED] - Statement - RequestedQty = com.kms.katalon.core.webui.keyword.WebUiBuiltInKeywords.getAttribute(com.kms.katalon.core.testobject.ObjectRepository.findTestObject(DispensaryToStore/Page_Store/input_txttotal), "value"): Attribute 'value' of object 'Object Repository/DispensaryToStore/Page_Store/input_txttotal' is: '10'

2018-06-10 00:30:03 - [MESSAGE][PASSED] - Attribute 'value' of object 'Object Repository/DispensaryToStore/Page_Store/input_txttotal' is: '10'

2018-06-10 00:30:03 - [TEST_STEP][PASSED] - Statement - out.println("Requested QTY : " + RequestedQty): null

2018-06-10 00:30:03 - [TEST_STEP][PASSED] - Statement - BatchNumber = com.kms.katalon.core.webui.keyword.WebUiBuiltInKeywords.getNumberOfTotalOption(com.kms.katalon.core.testobject.ObjectRepository.findTestObject(DispensaryToStore/Page_Store/select_--Select--BA1170BA2376B)): 5 options of object 'Object Repository/DispensaryToStore/Page_Store/select_--Select--BA1170BA2376B' counted

2018-06-10 00:30:04 - [MESSAGE][PASSED] - 5 options of object 'Object Repository/DispensaryToStore/Page_Store/select_--Select--BA1170BA2376B' counted

2018-06-10 00:30:04 - [TEST_STEP][PASSED] - Statement - For ([g = 1, g <= BatchNumber - 1, (g++)]): null

2018-06-10 00:30:04 - [TEST_STEP][PASSED] - selectOptionByIndex: All options with index in [1] are selected on object 'Object Repository/DispensaryToStore/Page_Store/select_--Select--BA1170BA2376B'

2018-06-10 00:30:04 - [MESSAGE][PASSED] - All options with index in [1] are selected on object 'Object Repository/DispensaryToStore/Page_Store/select_--Select--BA1170BA2376B'

2018-06-10 00:30:04 - [TEST_STEP][PASSED] - Statement - Try: null

2018-06-10 00:30:04 - [TEST_STEP][PASSED] - Statement - StockQty = com.kms.katalon.core.webui.keyword.WebUiBuiltInKeywords.getAttribute(com.kms.katalon.core.testobject.ObjectRepository.findTestObject(DispensaryToStore/Page_Store/input_txtprice), "value"): Attribute 'value' of object 'Object Repository/DispensaryToStore/Page_Store/input_txtprice' is: '170'

2018-06-10 00:30:04 - [MESSAGE][PASSED] - Attribute 'value' of object 'Object Repository/DispensaryToStore/Page_Store/input_txtprice' is: '170'

2018-06-10 00:30:04 - [TEST_STEP][PASSED] - Statement - out.println("Stock QTY : " + StockQty): null

2018-06-10 00:30:04 - [TEST_STEP][PASSED] - delay: Delayed 2 second(s)

2018-06-10 00:30:06 - [MESSAGE][PASSED] - Delayed 2 second(s)

2018-06-10 00:30:06 - [TEST_STEP][PASSED] - Statement - If (java.lang.String.valueOf(StockQty) >= java.lang.String.valueOf(RequestedQty)): null

2018-06-10 00:30:06 - [TEST_STEP][PASSED] - setText: Text '10' is set on object 'Object Repository/DispensaryToStore/Page_Store/input_txtqty'

2018-06-10 00:30:06 - [MESSAGE][PASSED] - Text '10' is set on object 'Object Repository/DispensaryToStore/Page_Store/input_txtqty'

2018-06-10 00:30:06 - [TEST_STEP][PASSED] - click: Object: 'Object Repository/DispensaryToStore/Page_Store/button_Add' is clicked on

2018-06-10 00:30:06 - [MESSAGE][PASSED] - Object: 'Object Repository/DispensaryToStore/Page_Store/button_Add' is clicked on

2018-06-10 00:30:06 - [TEST_STEP][PASSED] - Statement - Break: null

2018-06-10 00:30:06 - [TEST_STEP][PASSED] - selectOptionByIndex: All options with index in [11] are selected on object 'Object Repository/DispensaryToStore/Page_Store/select_--Select--Adernaline 0.'

2018-06-10 00:30:06 - [MESSAGE][PASSED] - All options with index in [11] are selected on object 'Object Repository/DispensaryToStore/Page_Store/select_--Select--Adernaline 0.'

2018-06-10 00:30:06 - [TEST_STEP][PASSED] - delay: Delayed 2 second(s)

2018-06-10 00:30:08 - [MESSAGE][PASSED] - Delayed 2 second(s)

2018-06-10 00:30:08 - [TEST_STEP][PASSED] - Statement - RequestedQty = com.kms.katalon.core.webui.keyword.WebUiBuiltInKeywords.getAttribute(com.kms.katalon.core.testobject.ObjectRepository.findTestObject(DispensaryToStore/Page_Store/input_txttotal), "value"): Attribute 'value' of object 'Object Repository/DispensaryToStore/Page_Store/input_txttotal' is: '10'

2018-06-10 00:30:08 - [MESSAGE][PASSED] - Attribute 'value' of object 'Object Repository/DispensaryToStore/Page_Store/input_txttotal' is: '10'

2018-06-10 00:30:08 - [TEST_STEP][PASSED] - Statement - out.println("Requested QTY : " + RequestedQty): null

2018-06-10 00:30:08 - [TEST_STEP][PASSED] - Statement - BatchNumber = com.kms.katalon.core.webui.keyword.WebUiBuiltInKeywords.getNumberOfTotalOption(com.kms.katalon.core.testobject.ObjectRepository.findTestObject(DispensaryToStore/Page_Store/select_--Select--BA1170BA2376B)): 3 options of object 'Object Repository/DispensaryToStore/Page_Store/select_--Select--BA1170BA2376B' counted

2018-06-10 00:30:08 - [MESSAGE][PASSED] - 3 options of object 'Object Repository/DispensaryToStore/Page_Store/select_--Select--BA1170BA2376B' counted

2018-06-10 00:30:08 - [TEST_STEP][PASSED] - Statement - For ([g = 1, g <= BatchNumber - 1, (g++)]): null

2018-06-10 00:30:08 - [TEST_STEP][PASSED] - selectOptionByIndex: All options with index in [1] are selected on object 'Object Repository/DispensaryToStore/Page_Store/select_--Select--BA1170BA2376B'

2018-06-10 00:30:08 - [MESSAGE][PASSED] - All options with index in [1] are selected on object 'Object Repository/DispensaryToStore/Page_Store/select_--Select--BA1170BA2376B'

2018-06-10 00:30:08 - [TEST_STEP][PASSED] - Statement - Try: null

2018-06-10 00:30:08 - [TEST_STEP][PASSED] - Statement - StockQty = com.kms.katalon.core.webui.keyword.WebUiBuiltInKeywords.getAttribute(com.kms.katalon.core.testobject.ObjectRepository.findTestObject(DispensaryToStore/Page_Store/input_txtprice), "value"): Attribute 'value' of object 'Object Repository/DispensaryToStore/Page_Store/input_txtprice' is: ''

2018-06-10 00:30:08 - [MESSAGE][PASSED] - Attribute 'value' of object 'Object Repository/DispensaryToStore/Page_Store/input_txtprice' is: ''

2018-06-10 00:30:08 - [TEST_STEP][PASSED] - Statement - out.println("Stock QTY : " + StockQty): null

2018-06-10 00:30:08 - [TEST_STEP][PASSED] - delay: Delayed 2 second(s)

2018-06-10 00:30:10 - [MESSAGE][PASSED] - Delayed 2 second(s)

2018-06-10 00:30:10 - [TEST_STEP][PASSED] - Statement - If (java.lang.String.valueOf(StockQty) >= java.lang.String.valueOf(RequestedQty)): null

2018-06-10 00:30:10 - [TEST_STEP][PASSED] - Statement - Else: null

2018-06-10 00:30:10 - [TEST_STEP][PASSED] - Statement - out.println("Stock Is Less Than Requested Qty"): null

2018-06-10 00:30:10 - [TEST_STEP][PASSED] - selectOptionByIndex: All options with index in [2] are selected on object 'Object Repository/DispensaryToStore/Page_Store/select_--Select--BA1170BA2376B'

2018-06-10 00:30:10 - [MESSAGE][PASSED] - All options with index in [2] are selected on object 'Object Repository/DispensaryToStore/Page_Store/select_--Select--BA1170BA2376B'

2018-06-10 00:30:10 - [TEST_STEP][PASSED] - Statement - Try: null

2018-06-10 00:30:10 - [TEST_STEP][PASSED] - Statement - StockQty = com.kms.katalon.core.webui.keyword.WebUiBuiltInKeywords.getAttribute(com.kms.katalon.core.testobject.ObjectRepository.findTestObject(DispensaryToStore/Page_Store/input_txtprice), "value"): Attribute 'value' of object 'Object Repository/DispensaryToStore/Page_Store/input_txtprice' is: '70'

2018-06-10 00:30:10 - [MESSAGE][PASSED] - Attribute 'value' of object 'Object Repository/DispensaryToStore/Page_Store/input_txtprice' is: '70'

2018-06-10 00:30:10 - [TEST_STEP][PASSED] - Statement - out.println("Stock QTY : " + StockQty): null

2018-06-10 00:30:10 - [TEST_STEP][PASSED] - delay: Delayed 2 second(s)

2018-06-10 00:30:12 - [MESSAGE][PASSED] - Delayed 2 second(s)

2018-06-10 00:30:12 - [TEST_STEP][PASSED] - Statement - If (java.lang.String.valueOf(StockQty) >= java.lang.String.valueOf(RequestedQty)): null

2018-06-10 00:30:12 - [TEST_STEP][PASSED] - setText: Text '10' is set on object 'Object Repository/DispensaryToStore/Page_Store/input_txtqty'

2018-06-10 00:30:13 - [MESSAGE][PASSED] - Text '10' is set on object 'Object Repository/DispensaryToStore/Page_Store/input_txtqty'

2018-06-10 00:30:13 - [TEST_STEP][PASSED] - click: Object: 'Object Repository/DispensaryToStore/Page_Store/button_Add' is clicked on

2018-06-10 00:30:13 - [MESSAGE][PASSED] - Object: 'Object Repository/DispensaryToStore/Page_Store/button_Add' is clicked on

2018-06-10 00:30:13 - [TEST_STEP][PASSED] - Statement - Break: null

2018-06-10 00:30:13 - [TEST_STEP][PASSED] - selectOptionByIndex: All options with index in [12] are selected on object 'Object Repository/DispensaryToStore/Page_Store/select_--Select--Adernaline 0.'

2018-06-10 00:30:13 - [MESSAGE][PASSED] - All options with index in [12] are selected on object 'Object Repository/DispensaryToStore/Page_Store/select_--Select--Adernaline 0.'

2018-06-10 00:30:13 - [TEST_STEP][PASSED] - delay: Delayed 2 second(s)

2018-06-10 00:30:15 - [MESSAGE][PASSED] - Delayed 2 second(s)

2018-06-10 00:30:15 - [TEST_STEP][PASSED] - Statement - RequestedQty = com.kms.katalon.core.webui.keyword.WebUiBuiltInKeywords.getAttribute(com.kms.katalon.core.testobject.ObjectRepository.findTestObject(DispensaryToStore/Page_Store/input_txttotal), "value"): Attribute 'value' of object 'Object Repository/DispensaryToStore/Page_Store/input_txttotal' is: '10'

2018-06-10 00:30:15 - [MESSAGE][PASSED] - Attribute 'value' of object 'Object Repository/DispensaryToStore/Page_Store/input_txttotal' is: '10'

2018-06-10 00:30:15 - [TEST_STEP][PASSED] - Statement - out.println("Requested QTY : " + RequestedQty): null

2018-06-10 00:30:15 - [TEST_STEP][PASSED] - Statement - BatchNumber = com.kms.katalon.core.webui.keyword.WebUiBuiltInKeywords.getNumberOfTotalOption(com.kms.katalon.core.testobject.ObjectRepository.findTestObject(DispensaryToStore/Page_Store/select_--Select--BA1170BA2376B)): 3 options of object 'Object Repository/DispensaryToStore/Page_Store/select_--Select--BA1170BA2376B' counted

2018-06-10 00:30:15 - [MESSAGE][PASSED] - 3 options of object 'Object Repository/DispensaryToStore/Page_Store/select_--Select--BA1170BA2376B' counted

2018-06-10 00:30:15 - [TEST_STEP][PASSED] - Statement - For ([g = 1, g <= BatchNumber - 1, (g++)]): null

2018-06-10 00:30:15 - [TEST_STEP][PASSED] - selectOptionByIndex: All options with index in [1] are selected on object 'Object Repository/DispensaryToStore/Page_Store/select_--Select--BA1170BA2376B'

2018-06-10 00:30:15 - [MESSAGE][PASSED] - All options with index in [1] are selected on object 'Object Repository/DispensaryToStore/Page_Store/select_--Select--BA1170BA2376B'

2018-06-10 00:30:15 - [TEST_STEP][PASSED] - Statement - Try: null

2018-06-10 00:30:15 - [TEST_STEP][PASSED] - Statement - StockQty = com.kms.katalon.core.webui.keyword.WebUiBuiltInKeywords.getAttribute(com.kms.katalon.core.testobject.ObjectRepository.findTestObject(DispensaryToStore/Page_Store/input_txtprice), "value"): Attribute 'value' of object 'Object Repository/DispensaryToStore/Page_Store/input_txtprice' is: '170'

2018-06-10 00:30:15 - [MESSAGE][PASSED] - Attribute 'value' of object 'Object Repository/DispensaryToStore/Page_Store/input_txtprice' is: '170'

2018-06-10 00:30:15 - [TEST_STEP][PASSED] - Statement - out.println("Stock QTY : " + StockQty): null

2018-06-10 00:30:15 - [TEST_STEP][PASSED] - delay: Delayed 2 second(s)

2018-06-10 00:30:17 - [MESSAGE][PASSED] - Delayed 2 second(s)

2018-06-10 00:30:17 - [TEST_STEP][PASSED] - Statement - If (java.lang.String.valueOf(StockQty) >= java.lang.String.valueOf(RequestedQty)): null

2018-06-10 00:30:17 - [TEST_STEP][PASSED] - setText: Text '10' is set on object 'Object Repository/DispensaryToStore/Page_Store/input_txtqty'

2018-06-10 00:30:17 - [MESSAGE][PASSED] - Text '10' is set on object 'Object Repository/DispensaryToStore/Page_Store/input_txtqty'

2018-06-10 00:30:17 - [TEST_STEP][PASSED] - click: Object: 'Object Repository/DispensaryToStore/Page_Store/button_Add' is clicked on

2018-06-10 00:30:17 - [MESSAGE][PASSED] - Object: 'Object Repository/DispensaryToStore/Page_Store/button_Add' is clicked on

2018-06-10 00:30:17 - [TEST_STEP][PASSED] - Statement - Break: null

2018-06-10 00:30:17 - [TEST_STEP][PASSED] - selectOptionByIndex: All options with index in [13] are selected on object 'Object Repository/DispensaryToStore/Page_Store/select_--Select--Adernaline 0.'

2018-06-10 00:30:17 - [MESSAGE][PASSED] - All options with index in [13] are selected on object 'Object Repository/DispensaryToStore/Page_Store/select_--Select--Adernaline 0.'

2018-06-10 00:30:17 - [TEST_STEP][PASSED] - delay: Delayed 2 second(s)

2018-06-10 00:30:19 - [MESSAGE][PASSED] - Delayed 2 second(s)

2018-06-10 00:30:19 - [TEST_STEP][PASSED] - Statement - RequestedQty = com.kms.katalon.core.webui.keyword.WebUiBuiltInKeywords.getAttribute(com.kms.katalon.core.testobject.ObjectRepository.findTestObject(DispensaryToStore/Page_Store/input_txttotal), "value"): Attribute 'value' of object 'Object Repository/DispensaryToStore/Page_Store/input_txttotal' is: '10'

2018-06-10 00:30:19 - [MESSAGE][PASSED] - Attribute 'value' of object 'Object Repository/DispensaryToStore/Page_Store/input_txttotal' is: '10'

2018-06-10 00:30:19 - [TEST_STEP][PASSED] - Statement - out.println("Requested QTY : " + RequestedQty): null

2018-06-10 00:30:19 - [TEST_STEP][PASSED] - Statement - BatchNumber = com.kms.katalon.core.webui.keyword.WebUiBuiltInKeywords.getNumberOfTotalOption(com.kms.katalon.core.testobject.ObjectRepository.findTestObject(DispensaryToStore/Page_Store/select_--Select--BA1170BA2376B)): 3 options of object 'Object Repository/DispensaryToStore/Page_Store/select_--Select--BA1170BA2376B' counted

2018-06-10 00:30:20 - [MESSAGE][PASSED] - 3 options of object 'Object Repository/DispensaryToStore/Page_Store/select_--Select--BA1170BA2376B' counted

2018-06-10 00:30:20 - [TEST_STEP][PASSED] - Statement - For ([g = 1, g <= BatchNumber - 1, (g++)]): null

2018-06-10 00:30:20 - [TEST_STEP][PASSED] - selectOptionByIndex: All options with index in [1] are selected on object 'Object Repository/DispensaryToStore/Page_Store/select_--Select--BA1170BA2376B'

2018-06-10 00:30:20 - [MESSAGE][PASSED] - All options with index in [1] are selected on object 'Object Repository/DispensaryToStore/Page_Store/select_--Select--BA1170BA2376B'

2018-06-10 00:30:20 - [TEST_STEP][PASSED] - Statement - Try: null

2018-06-10 00:30:20 - [TEST_STEP][PASSED] - Statement - StockQty = com.kms.katalon.core.webui.keyword.WebUiBuiltInKeywords.getAttribute(com.kms.katalon.core.testobject.ObjectRepository.findTestObject(DispensaryToStore/Page_Store/input_txtprice), "value"): Attribute 'value' of object 'Object Repository/DispensaryToStore/Page_Store/input_txtprice' is: '880'

2018-06-10 00:30:20 - [MESSAGE][PASSED] - Attribute 'value' of object 'Object Repository/DispensaryToStore/Page_Store/input_txtprice' is: '880'

2018-06-10 00:30:20 - [TEST_STEP][PASSED] - Statement - out.println("Stock QTY : " + StockQty): null

2018-06-10 00:30:20 - [TEST_STEP][PASSED] - delay: Delayed 2 second(s)

2018-06-10 00:30:22 - [MESSAGE][PASSED] - Delayed 2 second(s)

2018-06-10 00:30:22 - [TEST_STEP][PASSED] - Statement - If (java.lang.String.valueOf(StockQty) >= java.lang.String.valueOf(RequestedQty)): null

2018-06-10 00:30:22 - [TEST_STEP][PASSED] - setText: Text '10' is set on object 'Object Repository/DispensaryToStore/Page_Store/input_txtqty'

2018-06-10 00:30:22 - [MESSAGE][PASSED] - Text '10' is set on object 'Object Repository/DispensaryToStore/Page_Store/input_txtqty'

2018-06-10 00:30:22 - [TEST_STEP][PASSED] - click: Object: 'Object Repository/DispensaryToStore/Page_Store/button_Add' is clicked on

2018-06-10 00:30:22 - [MESSAGE][PASSED] - Object: 'Object Repository/DispensaryToStore/Page_Store/button_Add' is clicked on

2018-06-10 00:30:22 - [TEST_STEP][PASSED] - Statement - Break: null

2018-06-10 00:30:22 - [TEST_STEP][PASSED] - selectOptionByIndex: All options with index in [14] are selected on object 'Object Repository/DispensaryToStore/Page_Store/select_--Select--Adernaline 0.'

2018-06-10 00:30:22 - [MESSAGE][PASSED] - All options with index in [14] are selected on object 'Object Repository/DispensaryToStore/Page_Store/select_--Select--Adernaline 0.'

2018-06-10 00:30:22 - [TEST_STEP][PASSED] - delay: Delayed 2 second(s)

2018-06-10 00:30:24 - [MESSAGE][PASSED] - Delayed 2 second(s)

2018-06-10 00:30:24 - [TEST_STEP][PASSED] - Statement - RequestedQty = com.kms.katalon.core.webui.keyword.WebUiBuiltInKeywords.getAttribute(com.kms.katalon.core.testobject.ObjectRepository.findTestObject(DispensaryToStore/Page_Store/input_txttotal), "value"): Attribute 'value' of object 'Object Repository/DispensaryToStore/Page_Store/input_txttotal' is: '10'

2018-06-10 00:30:24 - [MESSAGE][PASSED] - Attribute 'value' of object 'Object Repository/DispensaryToStore/Page_Store/input_txttotal' is: '10'

2018-06-10 00:30:24 - [TEST_STEP][PASSED] - Statement - out.println("Requested QTY : " + RequestedQty): null

2018-06-10 00:30:24 - [TEST_STEP][PASSED] - Statement - BatchNumber = com.kms.katalon.core.webui.keyword.WebUiBuiltInKeywords.getNumberOfTotalOption(com.kms.katalon.core.testobject.ObjectRepository.findTestObject(DispensaryToStore/Page_Store/select_--Select--BA1170BA2376B)): 3 options of object 'Object Repository/DispensaryToStore/Page_Store/select_--Select--BA1170BA2376B' counted

2018-06-10 00:30:24 - [MESSAGE][PASSED] - 3 options of object 'Object Repository/DispensaryToStore/Page_Store/select_--Select--BA1170BA2376B' counted

2018-06-10 00:30:24 - [TEST_STEP][PASSED] - Statement - For ([g = 1, g <= BatchNumber - 1, (g++)]): null

2018-06-10 00:30:24 - [TEST_STEP][PASSED] - selectOptionByIndex: All options with index in [1] are selected on object 'Object Repository/DispensaryToStore/Page_Store/select_--Select--BA1170BA2376B'

2018-06-10 00:30:24 - [MESSAGE][PASSED] - All options with index in [1] are selected on object 'Object Repository/DispensaryToStore/Page_Store/select_--Select--BA1170BA2376B'

2018-06-10 00:30:24 - [TEST_STEP][PASSED] - Statement - Try: null

2018-06-10 00:30:24 - [TEST_STEP][PASSED] - Statement - StockQty = com.kms.katalon.core.webui.keyword.WebUiBuiltInKeywords.getAttribute(com.kms.katalon.core.testobject.ObjectRepository.findTestObject(DispensaryToStore/Page_Store/input_txtprice), "value"): Attribute 'value' of object 'Object Repository/DispensaryToStore/Page_Store/input_txtprice' is: ''

2018-06-10 00:30:24 - [MESSAGE][PASSED] - Attribute 'value' of object 'Object Repository/DispensaryToStore/Page_Store/input_txtprice' is: ''

2018-06-10 00:30:24 - [TEST_STEP][PASSED] - Statement - out.println("Stock QTY : " + StockQty): null

2018-06-10 00:30:24 - [TEST_STEP][PASSED] - delay: Delayed 2 second(s)

2018-06-10 00:30:26 - [MESSAGE][PASSED] - Delayed 2 second(s)

2018-06-10 00:30:26 - [TEST_STEP][PASSED] - Statement - If (java.lang.String.valueOf(StockQty) >= java.lang.String.valueOf(RequestedQty)): null

2018-06-10 00:30:26 - [TEST_STEP][PASSED] - Statement - Else: null

2018-06-10 00:30:26 - [TEST_STEP][PASSED] - Statement - out.println("Stock Is Less Than Requested Qty"): null

2018-06-10 00:30:26 - [TEST_STEP][PASSED] - selectOptionByIndex: All options with index in [2] are selected on object 'Object Repository/DispensaryToStore/Page_Store/select_--Select--BA1170BA2376B'

2018-06-10 00:30:26 - [MESSAGE][PASSED] - All options with index in [2] are selected on object 'Object Repository/DispensaryToStore/Page_Store/select_--Select--BA1170BA2376B'

2018-06-10 00:30:26 - [TEST_STEP][PASSED] - Statement - Try: null

2018-06-10 00:30:26 - [TEST_STEP][PASSED] - Statement - StockQty = com.kms.katalon.core.webui.keyword.WebUiBuiltInKeywords.getAttribute(com.kms.katalon.core.testobject.ObjectRepository.findTestObject(DispensaryToStore/Page_Store/input_txtprice), "value"): Attribute 'value' of object 'Object Repository/DispensaryToStore/Page_Store/input_txtprice' is: '480'

2018-06-10 00:30:26 - [MESSAGE][PASSED] - Attribute 'value' of object 'Object Repository/DispensaryToStore/Page_Store/input_txtprice' is: '480'

2018-06-10 00:30:26 - [TEST_STEP][PASSED] - Statement - out.println("Stock QTY : " + StockQty): null

2018-06-10 00:30:26 - [TEST_STEP][PASSED] - delay: Delayed 2 second(s)

2018-06-10 00:30:28 - [MESSAGE][PASSED] - Delayed 2 second(s)

2018-06-10 00:30:28 - [TEST_STEP][PASSED] - Statement - If (java.lang.String.valueOf(StockQty) >= java.lang.String.valueOf(RequestedQty)): null

2018-06-10 00:30:28 - [TEST_STEP][PASSED] - setText: Text '10' is set on object 'Object Repository/DispensaryToStore/Page_Store/input_txtqty'

2018-06-10 00:30:29 - [MESSAGE][PASSED] - Text '10' is set on object 'Object Repository/DispensaryToStore/Page_Store/input_txtqty'

2018-06-10 00:30:29 - [TEST_STEP][PASSED] - click: Object: 'Object Repository/DispensaryToStore/Page_Store/button_Add' is clicked on

2018-06-10 00:30:29 - [MESSAGE][PASSED] - Object: 'Object Repository/DispensaryToStore/Page_Store/button_Add' is clicked on

2018-06-10 00:30:29 - [TEST_STEP][PASSED] - Statement - Break: null

2018-06-10 00:30:29 - [TEST_STEP][PASSED] - selectOptionByIndex: All options with index in [15] are selected on object 'Object Repository/DispensaryToStore/Page_Store/select_--Select--Adernaline 0.'

2018-06-10 00:30:29 - [MESSAGE][PASSED] - All options with index in [15] are selected on object 'Object Repository/DispensaryToStore/Page_Store/select_--Select--Adernaline 0.'

2018-06-10 00:30:29 - [TEST_STEP][PASSED] - delay: Delayed 2 second(s)

2018-06-10 00:30:31 - [MESSAGE][PASSED] - Delayed 2 second(s)

2018-06-10 00:30:31 - [TEST_STEP][PASSED] - Statement - RequestedQty = com.kms.katalon.core.webui.keyword.WebUiBuiltInKeywords.getAttribute(com.kms.katalon.core.testobject.ObjectRepository.findTestObject(DispensaryToStore/Page_Store/input_txttotal), "value"): Attribute 'value' of object 'Object Repository/DispensaryToStore/Page_Store/input_txttotal' is: '10'

2018-06-10 00:30:31 - [MESSAGE][PASSED] - Attribute 'value' of object 'Object Repository/DispensaryToStore/Page_Store/input_txttotal' is: '10'

2018-06-10 00:30:31 - [TEST_STEP][PASSED] - Statement - out.println("Requested QTY : " + RequestedQty): null

2018-06-10 00:30:31 - [TEST_STEP][PASSED] - Statement - BatchNumber = com.kms.katalon.core.webui.keyword.WebUiBuiltInKeywords.getNumberOfTotalOption(com.kms.katalon.core.testobject.ObjectRepository.findTestObject(DispensaryToStore/Page_Store/select_--Select--BA1170BA2376B)): 2 options of object 'Object Repository/DispensaryToStore/Page_Store/select_--Select--BA1170BA2376B' counted

2018-06-10 00:30:31 - [MESSAGE][PASSED] - 2 options of object 'Object Repository/DispensaryToStore/Page_Store/select_--Select--BA1170BA2376B' counted

2018-06-10 00:30:31 - [TEST_STEP][PASSED] - Statement - For ([g = 1, g <= BatchNumber - 1, (g++)]): null

2018-06-10 00:30:31 - [TEST_STEP][PASSED] - selectOptionByIndex: All options with index in [1] are selected on object 'Object Repository/DispensaryToStore/Page_Store/select_--Select--BA1170BA2376B'

2018-06-10 00:30:31 - [MESSAGE][PASSED] - All options with index in [1] are selected on object 'Object Repository/DispensaryToStore/Page_Store/select_--Select--BA1170BA2376B'

2018-06-10 00:30:31 - [TEST_STEP][PASSED] - Statement - Try: null

2018-06-10 00:30:31 - [TEST_STEP][PASSED] - Statement - StockQty = com.kms.katalon.core.webui.keyword.WebUiBuiltInKeywords.getAttribute(com.kms.katalon.core.testobject.ObjectRepository.findTestObject(DispensaryToStore/Page_Store/input_txtprice), "value"): Attribute 'value' of object 'Object Repository/DispensaryToStore/Page_Store/input_txtprice' is: '960'

2018-06-10 00:30:31 - [MESSAGE][PASSED] - Attribute 'value' of object 'Object Repository/DispensaryToStore/Page_Store/input_txtprice' is: '960'

2018-06-10 00:30:31 - [TEST_STEP][PASSED] - Statement - out.println("Stock QTY : " + StockQty): null

2018-06-10 00:30:31 - [TEST_STEP][PASSED] - delay: Delayed 2 second(s)

2018-06-10 00:30:33 - [MESSAGE][PASSED] - Delayed 2 second(s)

2018-06-10 00:30:33 - [TEST_STEP][PASSED] - Statement - If (java.lang.String.valueOf(StockQty) >= java.lang.String.valueOf(RequestedQty)): null

2018-06-10 00:30:33 - [TEST_STEP][PASSED] - setText: Text '10' is set on object 'Object Repository/DispensaryToStore/Page_Store/input_txtqty'

2018-06-10 00:30:33 - [MESSAGE][PASSED] - Text '10' is set on object 'Object Repository/DispensaryToStore/Page_Store/input_txtqty'

2018-06-10 00:30:33 - [TEST_STEP][PASSED] - click: Object: 'Object Repository/DispensaryToStore/Page_Store/button_Add' is clicked on

2018-06-10 00:30:33 - [MESSAGE][PASSED] - Object: 'Object Repository/DispensaryToStore/Page_Store/button_Add' is clicked on

2018-06-10 00:30:33 - [TEST_STEP][PASSED] - Statement - Break: null

2018-06-10 00:30:33 - [TEST_STEP][PASSED] - selectOptionByIndex: All options with index in [16] are selected on object 'Object Repository/DispensaryToStore/Page_Store/select_--Select--Adernaline 0.'

2018-06-10 00:30:34 - [MESSAGE][PASSED] - All options with index in [16] are selected on object 'Object Repository/DispensaryToStore/Page_Store/select_--Select--Adernaline 0.'

2018-06-10 00:30:34 - [TEST_STEP][PASSED] - delay: Delayed 2 second(s)

2018-06-10 00:30:36 - [MESSAGE][PASSED] - Delayed 2 second(s)

2018-06-10 00:30:36 - [TEST_STEP][PASSED] - Statement - RequestedQty = com.kms.katalon.core.webui.keyword.WebUiBuiltInKeywords.getAttribute(com.kms.katalon.core.testobject.ObjectRepository.findTestObject(DispensaryToStore/Page_Store/input_txttotal), "value"): Attribute 'value' of object 'Object Repository/DispensaryToStore/Page_Store/input_txttotal' is: '10'

2018-06-10 00:30:36 - [MESSAGE][PASSED] - Attribute 'value' of object 'Object Repository/DispensaryToStore/Page_Store/input_txttotal' is: '10'

2018-06-10 00:30:36 - [TEST_STEP][PASSED] - Statement - out.println("Requested QTY : " + RequestedQty): null

2018-06-10 00:30:36 - [TEST_STEP][PASSED] - Statement - BatchNumber = com.kms.katalon.core.webui.keyword.WebUiBuiltInKeywords.getNumberOfTotalOption(com.kms.katalon.core.testobject.ObjectRepository.findTestObject(DispensaryToStore/Page_Store/select_--Select--BA1170BA2376B)): 4 options of object 'Object Repository/DispensaryToStore/Page_Store/select_--Select--BA1170BA2376B' counted

2018-06-10 00:30:36 - [MESSAGE][PASSED] - 4 options of object 'Object Repository/DispensaryToStore/Page_Store/select_--Select--BA1170BA2376B' counted

2018-06-10 00:30:36 - [TEST_STEP][PASSED] - Statement - For ([g = 1, g <= BatchNumber - 1, (g++)]): null

2018-06-10 00:30:36 - [TEST_STEP][PASSED] - selectOptionByIndex: All options with index in [1] are selected on object 'Object Repository/DispensaryToStore/Page_Store/select_--Select--BA1170BA2376B'

2018-06-10 00:30:36 - [MESSAGE][PASSED] - All options with index in [1] are selected on object 'Object Repository/DispensaryToStore/Page_Store/select_--Select--BA1170BA2376B'

2018-06-10 00:30:36 - [TEST_STEP][PASSED] - Statement - Try: null

2018-06-10 00:30:36 - [TEST_STEP][PASSED] - Statement - StockQty = com.kms.katalon.core.webui.keyword.WebUiBuiltInKeywords.getAttribute(com.kms.katalon.core.testobject.ObjectRepository.findTestObject(DispensaryToStore/Page_Store/input_txtprice), "value"): Attribute 'value' of object 'Object Repository/DispensaryToStore/Page_Store/input_txtprice' is: '530'

2018-06-10 00:30:36 - [MESSAGE][PASSED] - Attribute 'value' of object 'Object Repository/DispensaryToStore/Page_Store/input_txtprice' is: '530'

2018-06-10 00:30:36 - [TEST_STEP][PASSED] - Statement - out.println("Stock QTY : " + StockQty): null

2018-06-10 00:30:36 - [TEST_STEP][PASSED] - delay: Delayed 2 second(s)

2018-06-10 00:30:38 - [MESSAGE][PASSED] - Delayed 2 second(s)

2018-06-10 00:30:38 - [TEST_STEP][PASSED] - Statement - If (java.lang.String.valueOf(StockQty) >= java.lang.String.valueOf(RequestedQty)): null

2018-06-10 00:30:38 - [TEST_STEP][PASSED] - setText: Text '10' is set on object 'Object Repository/DispensaryToStore/Page_Store/input_txtqty'

2018-06-10 00:30:38 - [MESSAGE][PASSED] - Text '10' is set on object 'Object Repository/DispensaryToStore/Page_Store/input_txtqty'

2018-06-10 00:30:38 - [TEST_STEP][PASSED] - click: Object: 'Object Repository/DispensaryToStore/Page_Store/button_Add' is clicked on

2018-06-10 00:30:38 - [MESSAGE][PASSED] - Object: 'Object Repository/DispensaryToStore/Page_Store/button_Add' is clicked on

2018-06-10 00:30:38 - [TEST_STEP][PASSED] - Statement - Break: null

2018-06-10 00:30:38 - [TEST_STEP][PASSED] - selectOptionByIndex: All options with index in [17] are selected on object 'Object Repository/DispensaryToStore/Page_Store/select_--Select--Adernaline 0.'

2018-06-10 00:30:38 - [MESSAGE][PASSED] - All options with index in [17] are selected on object 'Object Repository/DispensaryToStore/Page_Store/select_--Select--Adernaline 0.'

2018-06-10 00:30:38 - [TEST_STEP][PASSED] - delay: Delayed 2 second(s)

2018-06-10 00:30:40 - [MESSAGE][PASSED] - Delayed 2 second(s)

2018-06-10 00:30:40 - [TEST_STEP][PASSED] - Statement - RequestedQty = com.kms.katalon.core.webui.keyword.WebUiBuiltInKeywords.getAttribute(com.kms.katalon.core.testobject.ObjectRepository.findTestObject(DispensaryToStore/Page_Store/input_txttotal), "value"): Attribute 'value' of object 'Object Repository/DispensaryToStore/Page_Store/input_txttotal' is: '10'

2018-06-10 00:30:40 - [MESSAGE][PASSED] - Attribute 'value' of object 'Object Repository/DispensaryToStore/Page_Store/input_txttotal' is: '10'

2018-06-10 00:30:40 - [TEST_STEP][PASSED] - Statement - out.println("Requested QTY : " + RequestedQty): null

2018-06-10 00:30:40 - [TEST_STEP][PASSED] - Statement - BatchNumber = com.kms.katalon.core.webui.keyword.WebUiBuiltInKeywords.getNumberOfTotalOption(com.kms.katalon.core.testobject.ObjectRepository.findTestObject(DispensaryToStore/Page_Store/select_--Select--BA1170BA2376B)): 3 options of object 'Object Repository/DispensaryToStore/Page_Store/select_--Select--BA1170BA2376B' counted

2018-06-10 00:30:40 - [MESSAGE][PASSED] - 3 options of object 'Object Repository/DispensaryToStore/Page_Store/select_--Select--BA1170BA2376B' counted

2018-06-10 00:30:40 - [TEST_STEP][PASSED] - Statement - For ([g = 1, g <= BatchNumber - 1, (g++)]): null

2018-06-10 00:30:40 - [TEST_STEP][PASSED] - selectOptionByIndex: All options with index in [1] are selected on object 'Object Repository/DispensaryToStore/Page_Store/select_--Select--BA1170BA2376B'

2018-06-10 00:30:40 - [MESSAGE][PASSED] - All options with index in [1] are selected on object 'Object Repository/DispensaryToStore/Page_Store/select_--Select--BA1170BA2376B'

2018-06-10 00:30:40 - [TEST_STEP][PASSED] - Statement - Try: null

2018-06-10 00:30:40 - [TEST_STEP][PASSED] - Statement - StockQty = com.kms.katalon.core.webui.keyword.WebUiBuiltInKeywords.getAttribute(com.kms.katalon.core.testobject.ObjectRepository.findTestObject(DispensaryToStore/Page_Store/input_txtprice), "value"): Attribute 'value' of object 'Object Repository/DispensaryToStore/Page_Store/input_txtprice' is: '880'

2018-06-10 00:30:40 - [MESSAGE][PASSED] - Attribute 'value' of object 'Object Repository/DispensaryToStore/Page_Store/input_txtprice' is: '880'

2018-06-10 00:30:40 - [TEST_STEP][PASSED] - Statement - out.println("Stock QTY : " + StockQty): null

2018-06-10 00:30:40 - [TEST_STEP][PASSED] - delay: Delayed 2 second(s)

2018-06-10 00:30:42 - [MESSAGE][PASSED] - Delayed 2 second(s)

2018-06-10 00:30:42 - [TEST_STEP][PASSED] - Statement - If (java.lang.String.valueOf(StockQty) >= java.lang.String.valueOf(RequestedQty)): null

2018-06-10 00:30:42 - [TEST_STEP][PASSED] - setText: Text '10' is set on object 'Object Repository/DispensaryToStore/Page_Store/input_txtqty'

2018-06-10 00:30:43 - [MESSAGE][PASSED] - Text '10' is set on object 'Object Repository/DispensaryToStore/Page_Store/input_txtqty'

2018-06-10 00:30:43 - [TEST_STEP][PASSED] - click: Object: 'Object Repository/DispensaryToStore/Page_Store/button_Add' is clicked on

2018-06-10 00:30:43 - [MESSAGE][PASSED] - Object: 'Object Repository/DispensaryToStore/Page_Store/button_Add' is clicked on

2018-06-10 00:30:43 - [TEST_STEP][PASSED] - Statement - Break: null

2018-06-10 00:30:43 - [TEST_STEP][PASSED] - selectOptionByIndex: All options with index in [18] are selected on object 'Object Repository/DispensaryToStore/Page_Store/select_--Select--Adernaline 0.'

2018-06-10 00:30:43 - [MESSAGE][PASSED] - All options with index in [18] are selected on object 'Object Repository/DispensaryToStore/Page_Store/select_--Select--Adernaline 0.'

2018-06-10 00:30:43 - [TEST_STEP][PASSED] - delay: Delayed 2 second(s)

2018-06-10 00:30:45 - [MESSAGE][PASSED] - Delayed 2 second(s)

2018-06-10 00:30:45 - [TEST_STEP][PASSED] - Statement - RequestedQty = com.kms.katalon.core.webui.keyword.WebUiBuiltInKeywords.getAttribute(com.kms.katalon.core.testobject.ObjectRepository.findTestObject(DispensaryToStore/Page_Store/input_txttotal), "value"): Attribute 'value' of object 'Object Repository/DispensaryToStore/Page_Store/input_txttotal' is: '10'

2018-06-10 00:30:45 - [MESSAGE][PASSED] - Attribute 'value' of object 'Object Repository/DispensaryToStore/Page_Store/input_txttotal' is: '10'

2018-06-10 00:30:45 - [TEST_STEP][PASSED] - Statement - out.println("Requested QTY : " + RequestedQty): null

2018-06-10 00:30:45 - [TEST_STEP][PASSED] - Statement - BatchNumber = com.kms.katalon.core.webui.keyword.WebUiBuiltInKeywords.getNumberOfTotalOption(com.kms.katalon.core.testobject.ObjectRepository.findTestObject(DispensaryToStore/Page_Store/select_--Select--BA1170BA2376B)): 4 options of object 'Object Repository/DispensaryToStore/Page_Store/select_--Select--BA1170BA2376B' counted

2018-06-10 00:30:45 - [MESSAGE][PASSED] - 4 options of object 'Object Repository/DispensaryToStore/Page_Store/select_--Select--BA1170BA2376B' counted

2018-06-10 00:30:45 - [TEST_STEP][PASSED] - Statement - For ([g = 1, g <= BatchNumber - 1, (g++)]): null

2018-06-10 00:30:45 - [TEST_STEP][PASSED] - selectOptionByIndex: All options with index in [1] are selected on object 'Object Repository/DispensaryToStore/Page_Store/select_--Select--BA1170BA2376B'

2018-06-10 00:30:45 - [MESSAGE][PASSED] - All options with index in [1] are selected on object 'Object Repository/DispensaryToStore/Page_Store/select_--Select--BA1170BA2376B'

2018-06-10 00:30:45 - [TEST_STEP][PASSED] - Statement - Try: null

2018-06-10 00:30:45 - [TEST_STEP][PASSED] - Statement - StockQty = com.kms.katalon.core.webui.keyword.WebUiBuiltInKeywords.getAttribute(com.kms.katalon.core.testobject.ObjectRepository.findTestObject(DispensaryToStore/Page_Store/input_txtprice), "value"): Attribute 'value' of object 'Object Repository/DispensaryToStore/Page_Store/input_txtprice' is: '470'

2018-06-10 00:30:45 - [MESSAGE][PASSED] - Attribute 'value' of object 'Object Repository/DispensaryToStore/Page_Store/input_txtprice' is: '470'

2018-06-10 00:30:45 - [TEST_STEP][PASSED] - Statement - out.println("Stock QTY : " + StockQty): null

2018-06-10 00:30:45 - [TEST_STEP][PASSED] - delay: Delayed 2 second(s)

2018-06-10 00:30:47 - [MESSAGE][PASSED] - Delayed 2 second(s)

2018-06-10 00:30:47 - [TEST_STEP][PASSED] - Statement - If (java.lang.String.valueOf(StockQty) >= java.lang.String.valueOf(RequestedQty)): null

2018-06-10 00:30:47 - [TEST_STEP][PASSED] - setText: Text '10' is set on object 'Object Repository/DispensaryToStore/Page_Store/input_txtqty'

2018-06-10 00:30:47 - [MESSAGE][PASSED] - Text '10' is set on object 'Object Repository/DispensaryToStore/Page_Store/input_txtqty'

2018-06-10 00:30:47 - [TEST_STEP][PASSED] - click: Object: 'Object Repository/DispensaryToStore/Page_Store/button_Add' is clicked on

2018-06-10 00:30:47 - [MESSAGE][PASSED] - Object: 'Object Repository/DispensaryToStore/Page_Store/button_Add' is clicked on

2018-06-10 00:30:47 - [TEST_STEP][PASSED] - Statement - Break: null

2018-06-10 00:30:47 - [TEST_STEP][PASSED] - selectOptionByIndex: All options with index in [19] are selected on object 'Object Repository/DispensaryToStore/Page_Store/select_--Select--Adernaline 0.'

2018-06-10 00:30:48 - [MESSAGE][PASSED] - All options with index in [19] are selected on object 'Object Repository/DispensaryToStore/Page_Store/select_--Select--Adernaline 0.'

2018-06-10 00:30:48 - [TEST_STEP][PASSED] - delay: Delayed 2 second(s)

2018-06-10 00:30:50 - [MESSAGE][PASSED] - Delayed 2 second(s)

2018-06-10 00:30:50 - [TEST_STEP][PASSED] - Statement - RequestedQty = com.kms.katalon.core.webui.keyword.WebUiBuiltInKeywords.getAttribute(com.kms.katalon.core.testobject.ObjectRepository.findTestObject(DispensaryToStore/Page_Store/input_txttotal), "value"): Attribute 'value' of object 'Object Repository/DispensaryToStore/Page_Store/input_txttotal' is: '10'

2018-06-10 00:30:50 - [MESSAGE][PASSED] - Attribute 'value' of object 'Object Repository/DispensaryToStore/Page_Store/input_txttotal' is: '10'

2018-06-10 00:30:50 - [TEST_STEP][PASSED] - Statement - out.println("Requested QTY : " + RequestedQty): null

2018-06-10 00:30:50 - [TEST_STEP][PASSED] - Statement - BatchNumber = com.kms.katalon.core.webui.keyword.WebUiBuiltInKeywords.getNumberOfTotalOption(com.kms.katalon.core.testobject.ObjectRepository.findTestObject(DispensaryToStore/Page_Store/select_--Select--BA1170BA2376B)): 3 options of object 'Object Repository/DispensaryToStore/Page_Store/select_--Select--BA1170BA2376B' counted

2018-06-10 00:30:50 - [MESSAGE][PASSED] - 3 options of object 'Object Repository/DispensaryToStore/Page_Store/select_--Select--BA1170BA2376B' counted

2018-06-10 00:30:50 - [TEST_STEP][PASSED] - Statement - For ([g = 1, g <= BatchNumber - 1, (g++)]): null

2018-06-10 00:30:50 - [TEST_STEP][PASSED] - selectOptionByIndex: All options with index in [1] are selected on object 'Object Repository/DispensaryToStore/Page_Store/select_--Select--BA1170BA2376B'

2018-06-10 00:30:50 - [MESSAGE][PASSED] - All options with index in [1] are selected on object 'Object Repository/DispensaryToStore/Page_Store/select_--Select--BA1170BA2376B'

2018-06-10 00:30:50 - [TEST_STEP][PASSED] - Statement - Try: null

2018-06-10 00:30:50 - [TEST_STEP][PASSED] - Statement - StockQty = com.kms.katalon.core.webui.keyword.WebUiBuiltInKeywords.getAttribute(com.kms.katalon.core.testobject.ObjectRepository.findTestObject(DispensaryToStore/Page_Store/input_txtprice), "value"): Attribute 'value' of object 'Object Repository/DispensaryToStore/Page_Store/input_txtprice' is: '880'

2018-06-10 00:30:50 - [MESSAGE][PASSED] - Attribute 'value' of object 'Object Repository/DispensaryToStore/Page_Store/input_txtprice' is: '880'

2018-06-10 00:30:50 - [TEST_STEP][PASSED] - Statement - out.println("Stock QTY : " + StockQty): null

2018-06-10 00:30:50 - [TEST_STEP][PASSED] - delay: Delayed 2 second(s)

2018-06-10 00:30:52 - [MESSAGE][PASSED] - Delayed 2 second(s)

2018-06-10 00:30:52 - [TEST_STEP][PASSED] - Statement - If (java.lang.String.valueOf(StockQty) >= java.lang.String.valueOf(RequestedQty)): null

2018-06-10 00:30:52 - [TEST_STEP][PASSED] - setText: Text '10' is set on object 'Object Repository/DispensaryToStore/Page_Store/input_txtqty'

2018-06-10 00:30:52 - [MESSAGE][PASSED] - Text '10' is set on object 'Object Repository/DispensaryToStore/Page_Store/input_txtqty'

2018-06-10 00:30:52 - [TEST_STEP][PASSED] - click: Object: 'Object Repository/DispensaryToStore/Page_Store/button_Add' is clicked on

2018-06-10 00:30:52 - [MESSAGE][PASSED] - Object: 'Object Repository/DispensaryToStore/Page_Store/button_Add' is clicked on

2018-06-10 00:30:52 - [TEST_STEP][PASSED] - Statement - Break: null

2018-06-10 00:30:52 - [TEST_STEP][PASSED] - selectOptionByIndex: All options with index in [20] are selected on object 'Object Repository/DispensaryToStore/Page_Store/select_--Select--Adernaline 0.'

2018-06-10 00:30:52 - [MESSAGE][PASSED] - All options with index in [20] are selected on object 'Object Repository/DispensaryToStore/Page_Store/select_--Select--Adernaline 0.'

2018-06-10 00:30:52 - [TEST_STEP][PASSED] - delay: Delayed 2 second(s)

2018-06-10 00:30:54 - [MESSAGE][PASSED] - Delayed 2 second(s)

2018-06-10 00:30:54 - [TEST_STEP][PASSED] - Statement - RequestedQty = com.kms.katalon.core.webui.keyword.WebUiBuiltInKeywords.getAttribute(com.kms.katalon.core.testobject.ObjectRepository.findTestObject(DispensaryToStore/Page_Store/input_txttotal), "value"): Attribute 'value' of object 'Object Repository/DispensaryToStore/Page_Store/input_txttotal' is: '10'

2018-06-10 00:30:54 - [MESSAGE][PASSED] - Attribute 'value' of object 'Object Repository/DispensaryToStore/Page_Store/input_txttotal' is: '10'

2018-06-10 00:30:54 - [TEST_STEP][PASSED] - Statement - out.println("Requested QTY : " + RequestedQty): null

2018-06-10 00:30:54 - [TEST_STEP][PASSED] - Statement - BatchNumber = com.kms.katalon.core.webui.keyword.WebUiBuiltInKeywords.getNumberOfTotalOption(com.kms.katalon.core.testobject.ObjectRepository.findTestObject(DispensaryToStore/Page_Store/select_--Select--BA1170BA2376B)): 3 options of object 'Object Repository/DispensaryToStore/Page_Store/select_--Select--BA1170BA2376B' counted

2018-06-10 00:30:54 - [MESSAGE][PASSED] - 3 options of object 'Object Repository/DispensaryToStore/Page_Store/select_--Select--BA1170BA2376B' counted

2018-06-10 00:30:54 - [TEST_STEP][PASSED] - Statement - For ([g = 1, g <= BatchNumber - 1, (g++)]): null

2018-06-10 00:30:54 - [TEST_STEP][PASSED] - selectOptionByIndex: All options with index in [1] are selected on object 'Object Repository/DispensaryToStore/Page_Store/select_--Select--BA1170BA2376B'

2018-06-10 00:30:54 - [MESSAGE][PASSED] - All options with index in [1] are selected on object 'Object Repository/DispensaryToStore/Page_Store/select_--Select--BA1170BA2376B'

2018-06-10 00:30:54 - [TEST_STEP][PASSED] - Statement - Try: null

2018-06-10 00:30:54 - [TEST_STEP][PASSED] - Statement - StockQty = com.kms.katalon.core.webui.keyword.WebUiBuiltInKeywords.getAttribute(com.kms.katalon.core.testobject.ObjectRepository.findTestObject(DispensaryToStore/Page_Store/input_txtprice), "value"): Attribute 'value' of object 'Object Repository/DispensaryToStore/Page_Store/input_txtprice' is: '880'

2018-06-10 00:30:54 - [MESSAGE][PASSED] - Attribute 'value' of object 'Object Repository/DispensaryToStore/Page_Store/input_txtprice' is: '880'

2018-06-10 00:30:54 - [TEST_STEP][PASSED] - Statement - out.println("Stock QTY : " + StockQty): null

2018-06-10 00:30:54 - [TEST_STEP][PASSED] - delay: Delayed 2 second(s)

2018-06-10 00:30:56 - [MESSAGE][PASSED] - Delayed 2 second(s)

2018-06-10 00:30:56 - [TEST_STEP][PASSED] - Statement - If (java.lang.String.valueOf(StockQty) >= java.lang.String.valueOf(RequestedQty)): null

2018-06-10 00:30:56 - [TEST_STEP][PASSED] - setText: Text '10' is set on object 'Object Repository/DispensaryToStore/Page_Store/input_txtqty'

2018-06-10 00:30:57 - [MESSAGE][PASSED] - Text '10' is set on object 'Object Repository/DispensaryToStore/Page_Store/input_txtqty'

2018-06-10 00:30:57 - [TEST_STEP][PASSED] - click: Object: 'Object Repository/DispensaryToStore/Page_Store/button_Add' is clicked on

2018-06-10 00:30:57 - [MESSAGE][PASSED] - Object: 'Object Repository/DispensaryToStore/Page_Store/button_Add' is clicked on

2018-06-10 00:30:57 - [TEST_STEP][PASSED] - Statement - Break: null

2018-06-10 00:30:57 - [TEST_STEP][PASSED] - selectOptionByIndex: All options with index in [21] are selected on object 'Object Repository/DispensaryToStore/Page_Store/select_--Select--Adernaline 0.'

2018-06-10 00:30:57 - [MESSAGE][PASSED] - All options with index in [21] are selected on object 'Object Repository/DispensaryToStore/Page_Store/select_--Select--Adernaline 0.'

2018-06-10 00:30:57 - [TEST_STEP][PASSED] - delay: Delayed 2 second(s)

2018-06-10 00:30:59 - [MESSAGE][PASSED] - Delayed 2 second(s)

2018-06-10 00:30:59 - [TEST_STEP][PASSED] - Statement - RequestedQty = com.kms.katalon.core.webui.keyword.WebUiBuiltInKeywords.getAttribute(com.kms.katalon.core.testobject.ObjectRepository.findTestObject(DispensaryToStore/Page_Store/input_txttotal), "value"): Attribute 'value' of object 'Object Repository/DispensaryToStore/Page_Store/input_txttotal' is: '10'

2018-06-10 00:30:59 - [MESSAGE][PASSED] - Attribute 'value' of object 'Object Repository/DispensaryToStore/Page_Store/input_txttotal' is: '10'

2018-06-10 00:30:59 - [TEST_STEP][PASSED] - Statement - out.println("Requested QTY : " + RequestedQty): null

2018-06-10 00:30:59 - [TEST_STEP][PASSED] - Statement - BatchNumber = com.kms.katalon.core.webui.keyword.WebUiBuiltInKeywords.getNumberOfTotalOption(com.kms.katalon.core.testobject.ObjectRepository.findTestObject(DispensaryToStore/Page_Store/select_--Select--BA1170BA2376B)): 3 options of object 'Object Repository/DispensaryToStore/Page_Store/select_--Select--BA1170BA2376B' counted

2018-06-10 00:30:59 - [MESSAGE][PASSED] - 3 options of object 'Object Repository/DispensaryToStore/Page_Store/select_--Select--BA1170BA2376B' counted

2018-06-10 00:30:59 - [TEST_STEP][PASSED] - Statement - For ([g = 1, g <= BatchNumber - 1, (g++)]): null

2018-06-10 00:30:59 - [TEST_STEP][PASSED] - selectOptionByIndex: All options with index in [1] are selected on object 'Object Repository/DispensaryToStore/Page_Store/select_--Select--BA1170BA2376B'

2018-06-10 00:30:59 - [MESSAGE][PASSED] - All options with index in [1] are selected on object 'Object Repository/DispensaryToStore/Page_Store/select_--Select--BA1170BA2376B'

2018-06-10 00:30:59 - [TEST_STEP][PASSED] - Statement - Try: null

2018-06-10 00:30:59 - [TEST_STEP][PASSED] - Statement - StockQty = com.kms.katalon.core.webui.keyword.WebUiBuiltInKeywords.getAttribute(com.kms.katalon.core.testobject.ObjectRepository.findTestObject(DispensaryToStore/Page_Store/input_txtprice), "value"): Attribute 'value' of object 'Object Repository/DispensaryToStore/Page_Store/input_txtprice' is: '890'

2018-06-10 00:30:59 - [MESSAGE][PASSED] - Attribute 'value' of object 'Object Repository/DispensaryToStore/Page_Store/input_txtprice' is: '890'

2018-06-10 00:30:59 - [TEST_STEP][PASSED] - Statement - out.println("Stock QTY : " + StockQty): null

2018-06-10 00:30:59 - [TEST_STEP][PASSED] - delay: Delayed 2 second(s)

2018-06-10 00:31:01 - [MESSAGE][PASSED] - Delayed 2 second(s)

2018-06-10 00:31:01 - [TEST_STEP][PASSED] - Statement - If (java.lang.String.valueOf(StockQty) >= java.lang.String.valueOf(RequestedQty)): null

2018-06-10 00:31:01 - [TEST_STEP][PASSED] - setText: Text '10' is set on object 'Object Repository/DispensaryToStore/Page_Store/input_txtqty'

2018-06-10 00:31:01 - [MESSAGE][PASSED] - Text '10' is set on object 'Object Repository/DispensaryToStore/Page_Store/input_txtqty'

2018-06-10 00:31:01 - [TEST_STEP][PASSED] - click: Object: 'Object Repository/DispensaryToStore/Page_Store/button_Add' is clicked on

2018-06-10 00:31:01 - [MESSAGE][PASSED] - Object: 'Object Repository/DispensaryToStore/Page_Store/button_Add' is clicked on

2018-06-10 00:31:01 - [TEST_STEP][PASSED] - Statement - Break: null

2018-06-10 00:31:01 - [TEST_STEP][PASSED] - selectOptionByIndex: All options with index in [22] are selected on object 'Object Repository/DispensaryToStore/Page_Store/select_--Select--Adernaline 0.'

2018-06-10 00:31:02 - [MESSAGE][PASSED] - All options with index in [22] are selected on object 'Object Repository/DispensaryToStore/Page_Store/select_--Select--Adernaline 0.'

2018-06-10 00:31:02 - [TEST_STEP][PASSED] - delay: Delayed 2 second(s)

2018-06-10 00:31:04 - [MESSAGE][PASSED] - Delayed 2 second(s)

2018-06-10 00:31:04 - [TEST_STEP][PASSED] - Statement - RequestedQty = com.kms.katalon.core.webui.keyword.WebUiBuiltInKeywords.getAttribute(com.kms.katalon.core.testobject.ObjectRepository.findTestObject(DispensaryToStore/Page_Store/input_txttotal), "value"): Attribute 'value' of object 'Object Repository/DispensaryToStore/Page_Store/input_txttotal' is: '10'

2018-06-10 00:31:04 - [MESSAGE][PASSED] - Attribute 'value' of object 'Object Repository/DispensaryToStore/Page_Store/input_txttotal' is: '10'

2018-06-10 00:31:04 - [TEST_STEP][PASSED] - Statement - out.println("Requested QTY : " + RequestedQty): null

2018-06-10 00:31:04 - [TEST_STEP][PASSED] - Statement - BatchNumber = com.kms.katalon.core.webui.keyword.WebUiBuiltInKeywords.getNumberOfTotalOption(com.kms.katalon.core.testobject.ObjectRepository.findTestObject(DispensaryToStore/Page_Store/select_--Select--BA1170BA2376B)): 4 options of object 'Object Repository/DispensaryToStore/Page_Store/select_--Select--BA1170BA2376B' counted

2018-06-10 00:31:04 - [MESSAGE][PASSED] - 4 options of object 'Object Repository/DispensaryToStore/Page_Store/select_--Select--BA1170BA2376B' counted

2018-06-10 00:31:04 - [TEST_STEP][PASSED] - Statement - For ([g = 1, g <= BatchNumber - 1, (g++)]): null

2018-06-10 00:31:04 - [TEST_STEP][PASSED] - selectOptionByIndex: All options with index in [1] are selected on object 'Object Repository/DispensaryToStore/Page_Store/select_--Select--BA1170BA2376B'

2018-06-10 00:31:04 - [MESSAGE][PASSED] - All options with index in [1] are selected on object 'Object Repository/DispensaryToStore/Page_Store/select_--Select--BA1170BA2376B'

2018-06-10 00:31:04 - [TEST_STEP][PASSED] - Statement - Try: null

2018-06-10 00:31:04 - [TEST_STEP][PASSED] - Statement - StockQty = com.kms.katalon.core.webui.keyword.WebUiBuiltInKeywords.getAttribute(com.kms.katalon.core.testobject.ObjectRepository.findTestObject(DispensaryToStore/Page_Store/input_txtprice), "value"): Attribute 'value' of object 'Object Repository/DispensaryToStore/Page_Store/input_txtprice' is: '470'

2018-06-10 00:31:04 - [MESSAGE][PASSED] - Attribute 'value' of object 'Object Repository/DispensaryToStore/Page_Store/input_txtprice' is: '470'

2018-06-10 00:31:04 - [TEST_STEP][PASSED] - Statement - out.println("Stock QTY : " + StockQty): null

2018-06-10 00:31:04 - [TEST_STEP][PASSED] - delay: Delayed 2 second(s)

2018-06-10 00:31:06 - [MESSAGE][PASSED] - Delayed 2 second(s)

2018-06-10 00:31:06 - [TEST_STEP][PASSED] - Statement - If (java.lang.String.valueOf(StockQty) >= java.lang.String.valueOf(RequestedQty)): null

2018-06-10 00:31:06 - [TEST_STEP][PASSED] - setText: Text '10' is set on object 'Object Repository/DispensaryToStore/Page_Store/input_txtqty'

2018-06-10 00:31:06 - [MESSAGE][PASSED] - Text '10' is set on object 'Object Repository/DispensaryToStore/Page_Store/input_txtqty'

2018-06-10 00:31:06 - [TEST_STEP][PASSED] - click: Object: 'Object Repository/DispensaryToStore/Page_Store/button_Add' is clicked on

2018-06-10 00:31:06 - [MESSAGE][PASSED] - Object: 'Object Repository/DispensaryToStore/Page_Store/button_Add' is clicked on

2018-06-10 00:31:06 - [TEST_STEP][PASSED] - Statement - Break: null

2018-06-10 00:31:06 - [TEST_STEP][PASSED] - selectOptionByIndex: All options with index in [23] are selected on object 'Object Repository/DispensaryToStore/Page_Store/select_--Select--Adernaline 0.'

2018-06-10 00:31:06 - [MESSAGE][PASSED] - All options with index in [23] are selected on object 'Object Repository/DispensaryToStore/Page_Store/select_--Select--Adernaline 0.'

2018-06-10 00:31:06 - [TEST_STEP][PASSED] - delay: Delayed 2 second(s)

2018-06-10 00:31:08 - [MESSAGE][PASSED] - Delayed 2 second(s)

2018-06-10 00:31:08 - [TEST_STEP][PASSED] - Statement - RequestedQty = com.kms.katalon.core.webui.keyword.WebUiBuiltInKeywords.getAttribute(com.kms.katalon.core.testobject.ObjectRepository.findTestObject(DispensaryToStore/Page_Store/input_txttotal), "value"): Attribute 'value' of object 'Object Repository/DispensaryToStore/Page_Store/input_txttotal' is: '10'

2018-06-10 00:31:08 - [MESSAGE][PASSED] - Attribute 'value' of object 'Object Repository/DispensaryToStore/Page_Store/input_txttotal' is: '10'

2018-06-10 00:31:08 - [TEST_STEP][PASSED] - Statement - out.println("Requested QTY : " + RequestedQty): null

2018-06-10 00:31:08 - [TEST_STEP][PASSED] - Statement - BatchNumber = com.kms.katalon.core.webui.keyword.WebUiBuiltInKeywords.getNumberOfTotalOption(com.kms.katalon.core.testobject.ObjectRepository.findTestObject(DispensaryToStore/Page_Store/select_--Select--BA1170BA2376B)): 3 options of object 'Object Repository/DispensaryToStore/Page_Store/select_--Select--BA1170BA2376B' counted

2018-06-10 00:31:08 - [MESSAGE][PASSED] - 3 options of object 'Object Repository/DispensaryToStore/Page_Store/select_--Select--BA1170BA2376B' counted

2018-06-10 00:31:08 - [TEST_STEP][PASSED] - Statement - For ([g = 1, g <= BatchNumber - 1, (g++)]): null

2018-06-10 00:31:08 - [TEST_STEP][PASSED] - selectOptionByIndex: All options with index in [1] are selected on object 'Object Repository/DispensaryToStore/Page_Store/select_--Select--BA1170BA2376B'

2018-06-10 00:31:09 - [MESSAGE][PASSED] - All options with index in [1] are selected on object 'Object Repository/DispensaryToStore/Page_Store/select_--Select--BA1170BA2376B'

2018-06-10 00:31:09 - [TEST_STEP][PASSED] - Statement - Try: null

2018-06-10 00:31:09 - [TEST_STEP][PASSED] - Statement - StockQty = com.kms.katalon.core.webui.keyword.WebUiBuiltInKeywords.getAttribute(com.kms.katalon.core.testobject.ObjectRepository.findTestObject(DispensaryToStore/Page_Store/input_txtprice), "value"): Attribute 'value' of object 'Object Repository/DispensaryToStore/Page_Store/input_txtprice' is: '880'

2018-06-10 00:31:09 - [MESSAGE][PASSED] - Attribute 'value' of object 'Object Repository/DispensaryToStore/Page_Store/input_txtprice' is: '880'

2018-06-10 00:31:09 - [TEST_STEP][PASSED] - Statement - out.println("Stock QTY : " + StockQty): null

2018-06-10 00:31:09 - [TEST_STEP][PASSED] - delay: Delayed 2 second(s)

2018-06-10 00:31:11 - [MESSAGE][PASSED] - Delayed 2 second(s)

2018-06-10 00:31:11 - [TEST_STEP][PASSED] - Statement - If (java.lang.String.valueOf(StockQty) >= java.lang.String.valueOf(RequestedQty)): null

2018-06-10 00:31:11 - [TEST_STEP][PASSED] - setText: Text '10' is set on object 'Object Repository/DispensaryToStore/Page_Store/input_txtqty'

2018-06-10 00:31:11 - [MESSAGE][PASSED] - Text '10' is set on object 'Object Repository/DispensaryToStore/Page_Store/input_txtqty'

2018-06-10 00:31:11 - [TEST_STEP][PASSED] - click: Object: 'Object Repository/DispensaryToStore/Page_Store/button_Add' is clicked on

2018-06-10 00:31:11 - [MESSAGE][PASSED] - Object: 'Object Repository/DispensaryToStore/Page_Store/button_Add' is clicked on

2018-06-10 00:31:11 - [TEST_STEP][PASSED] - Statement - Break: null

2018-06-10 00:31:11 - [TEST_STEP][PASSED] - scrollToElement: Scroll to object 'Object Repository/DispensaryToStore/Page_Store/input_btnSubmit' successfully

2018-06-10 00:31:11 - [MESSAGE][PASSED] - Scroll to object 'Object Repository/DispensaryToStore/Page_Store/input_btnSubmit' successfully

2018-06-10 00:31:11 - [TEST_STEP][PASSED] - click: Object: 'Object Repository/DispensaryToStore/Page_Store/input_btnSubmit' is clicked on

2018-06-10 00:31:11 - [MESSAGE][PASSED] - Object: 'Object Repository/DispensaryToStore/Page_Store/input_btnSubmit' is clicked on

2018-06-10 00:31:11 - [TEST_STEP][PASSED] - delay: Delayed 3 second(s)

2018-06-10 00:31:14 - [MESSAGE][PASSED] - Delayed 3 second(s)

2018-06-10 00:31:14 - [TEST_STEP][PASSED] - click: Object: 'Object Repository/DispensaryToStore/Page_Store/button_OK' is clicked on

2018-06-10 00:31:15 - [MESSAGE][PASSED] - Object: 'Object Repository/DispensaryToStore/Page_Store/button_OK' is clicked on

2018-06-10 00:31:15 - [TEST_STEP][PASSED] - delay: Delayed 3 second(s)

2018-06-10 00:31:18 - [MESSAGE][PASSED] - Delayed 3 second(s)

2018-06-10 00:31:18 - [TEST_STEP][PASSED] - click: Object: 'Object Repository/DispensaryToStore/Page_Store/a_dropdown-toggle' is clicked on

2018-06-10 00:31:18 - [MESSAGE][PASSED] - Object: 'Object Repository/DispensaryToStore/Page_Store/a_dropdown-toggle' is clicked on

2018-06-10 00:31:18 - [TEST_STEP][PASSED] - click: Object: 'Object Repository/DispensaryToStore/Page_Store/a_Sign out' is clicked on

2018-06-10 00:31:18 - [MESSAGE][PASSED] - Object: 'Object Repository/DispensaryToStore/Page_Store/a_Sign out' is clicked on

2018-06-10 00:31:18 - [TEST_STEP][PASSED] - closeBrowser: Browser is closed

2018-06-10 00:31:19 - [MESSAGE][PASSED] - Browser is closed]]></system-out>
         <system-err><![CDATA[]]></system-err>
      </testcase>
      <testcase name="Test Cases/DISPENSARY TEST CASES/TC_DP_008 Verify Schedule 8 Dispensary Request Are Working Successfully Or Not" classname="Test Cases/DISPENSARY TEST CASES/TC_DP_008 Verify Schedule 8 Dispensary Request Are Working Successfully Or Not" status="PASSED">
         <system-out><![CDATA[2018-06-10 00:31:19 - [TEST_CASE][PASSED] - Test Cases/DISPENSARY TEST CASES/TC_DP_008 Verify Schedule 8 Dispensary Request Are Working Successfully Or Not: Test Cases/DISPENSARY TEST CASES/TC_DP_008 Verify Schedule 8 Dispensary Request Are Working Successfully Or Not

2018-06-10 00:31:19 - [TEST_STEP][PASSED] - openBrowser: Browser is opened with url: ''

2018-06-10 00:31:21 - [MESSAGE][PASSED] - Browser is opened with url: ''

2018-06-10 00:31:21 - [TEST_STEP][PASSED] - navigateToUrl: Navigate to 'http://192.168.137.1/multihospital_new/HDSplashscreen.aspx' successfully

2018-06-10 00:31:23 - [MESSAGE][PASSED] - Navigate to 'http://192.168.137.1/multihospital_new/HDSplashscreen.aspx' successfully

2018-06-10 00:31:23 - [TEST_STEP][PASSED] - maximizeWindow: Current window maximized

2018-06-10 00:31:24 - [MESSAGE][PASSED] - Current window maximized

2018-06-10 00:31:24 - [TEST_STEP][PASSED] - click: Object: 'Object Repository/DispensaryToStore/Page_KDMC/a_Dispensary Store' is clicked on

2018-06-10 00:31:25 - [MESSAGE][PASSED] - Object: 'Object Repository/DispensaryToStore/Page_KDMC/a_Dispensary Store' is clicked on

2018-06-10 00:31:25 - [TEST_STEP][PASSED] - setText: Text 'rajaram' is set on object 'Object Repository/DispensaryToStore/Page_Dispensary Store Login/input_txtusername'

2018-06-10 00:31:25 - [MESSAGE][PASSED] - Text 'rajaram' is set on object 'Object Repository/DispensaryToStore/Page_Dispensary Store Login/input_txtusername'

2018-06-10 00:31:25 - [TEST_STEP][PASSED] - setText: Text '123' is set on object 'Object Repository/DispensaryToStore/Page_Dispensary Store Login/input_txtpassword'

2018-06-10 00:31:25 - [MESSAGE][PASSED] - Text '123' is set on object 'Object Repository/DispensaryToStore/Page_Dispensary Store Login/input_txtpassword'

2018-06-10 00:31:25 - [TEST_STEP][PASSED] - delay: Delayed 3 second(s)

2018-06-10 00:31:28 - [MESSAGE][PASSED] - Delayed 3 second(s)

2018-06-10 00:31:28 - [TEST_STEP][PASSED] - sendKeys: Keys 'ENTER + ' sent to object: 'Object Repository/DispensaryToStore/Page_Dispensary Store Login/input_txtpassword'

2018-06-10 00:31:29 - [MESSAGE][PASSED] - Keys 'ENTER + ' sent to object: 'Object Repository/DispensaryToStore/Page_Dispensary Store Login/input_txtpassword'

2018-06-10 00:31:29 - [TEST_STEP][PASSED] - delay: Delayed 3 second(s)

2018-06-10 00:31:32 - [MESSAGE][PASSED] - Delayed 3 second(s)

2018-06-10 00:31:32 - [TEST_STEP][PASSED] - click: Object: 'Object Repository/DispensaryToStore/Page_Dispensary Store/a_Request to Store' is clicked on

2018-06-10 00:31:32 - [MESSAGE][PASSED] - Object: 'Object Repository/DispensaryToStore/Page_Dispensary Store/a_Request to Store' is clicked on

2018-06-10 00:31:32 - [TEST_STEP][PASSED] - click: Object: 'Object Repository/DispensaryToStore/Page_Dispensary Store/a_Medicine Request' is clicked on

2018-06-10 00:31:32 - [MESSAGE][PASSED] - Object: 'Object Repository/DispensaryToStore/Page_Dispensary Store/a_Medicine Request' is clicked on

2018-06-10 00:31:32 - [TEST_STEP][PASSED] - selectOptionByIndex: All options with index in [8] are selected on object 'Object Repository/DispensaryToStore/Page_Dispensary Store/select_--Select--Schedule 1Inj'

2018-06-10 00:31:33 - [MESSAGE][PASSED] - All options with index in [8] are selected on object 'Object Repository/DispensaryToStore/Page_Dispensary Store/select_--Select--Schedule 1Inj'

2018-06-10 00:31:33 - [TEST_STEP][PASSED] - Statement - medicineslength = com.kms.katalon.core.webui.keyword.WebUiBuiltInKeywords.getNumberOfTotalOption(com.kms.katalon.core.testobject.ObjectRepository.findTestObject(DispensaryToStore/Page_Dispensary Store/select_--Select--Adernaline 0.)): 18 options of object 'Object Repository/DispensaryToStore/Page_Dispensary Store/select_--Select--Adernaline 0.' counted

2018-06-10 00:31:33 - [MESSAGE][PASSED] - 18 options of object 'Object Repository/DispensaryToStore/Page_Dispensary Store/select_--Select--Adernaline 0.' counted

2018-06-10 00:31:33 - [TEST_STEP][PASSED] - Statement - For ([e = 1, e <= medicineslength - 1, (e++)]): Delayed 1 second(s)

2018-06-10 00:31:33 - [TEST_STEP][PASSED] - selectOptionByIndex: All options with index in [8] are selected on object 'Object Repository/DispensaryToStore/Page_Dispensary Store/select_--Select--Schedule 1Inj'

2018-06-10 00:31:33 - [MESSAGE][PASSED] - All options with index in [8] are selected on object 'Object Repository/DispensaryToStore/Page_Dispensary Store/select_--Select--Schedule 1Inj'

2018-06-10 00:31:33 - [TEST_STEP][PASSED] - delay: Delayed 1 second(s)

2018-06-10 00:31:34 - [MESSAGE][PASSED] - Delayed 1 second(s)

2018-06-10 00:31:34 - [TEST_STEP][PASSED] - selectOptionByIndex: All options with index in [1] are selected on object 'Object Repository/DispensaryToStore/Page_Dispensary Store/select_--Select--Adernaline 0.'

2018-06-10 00:31:34 - [MESSAGE][PASSED] - All options with index in [1] are selected on object 'Object Repository/DispensaryToStore/Page_Dispensary Store/select_--Select--Adernaline 0.'

2018-06-10 00:31:34 - [TEST_STEP][PASSED] - setText: Text '10' is set on object 'Object Repository/DispensaryToStore/Page_Dispensary Store/input_txttreat'

2018-06-10 00:31:34 - [MESSAGE][PASSED] - Text '10' is set on object 'Object Repository/DispensaryToStore/Page_Dispensary Store/input_txttreat'

2018-06-10 00:31:34 - [TEST_STEP][PASSED] - click: Object: 'Object Repository/DispensaryToStore/Page_Dispensary Store/button_Add' is clicked on

2018-06-10 00:31:34 - [MESSAGE][PASSED] - Object: 'Object Repository/DispensaryToStore/Page_Dispensary Store/button_Add' is clicked on

2018-06-10 00:31:34 - [TEST_STEP][PASSED] - delay: Delayed 1 second(s)

2018-06-10 00:31:35 - [MESSAGE][PASSED] - Delayed 1 second(s)

2018-06-10 00:31:35 - [TEST_STEP][PASSED] - selectOptionByIndex: All options with index in [8] are selected on object 'Object Repository/DispensaryToStore/Page_Dispensary Store/select_--Select--Schedule 1Inj'

2018-06-10 00:31:36 - [MESSAGE][PASSED] - All options with index in [8] are selected on object 'Object Repository/DispensaryToStore/Page_Dispensary Store/select_--Select--Schedule 1Inj'

2018-06-10 00:31:36 - [TEST_STEP][PASSED] - delay: Delayed 1 second(s)

2018-06-10 00:31:37 - [MESSAGE][PASSED] - Delayed 1 second(s)

2018-06-10 00:31:37 - [TEST_STEP][PASSED] - selectOptionByIndex: All options with index in [2] are selected on object 'Object Repository/DispensaryToStore/Page_Dispensary Store/select_--Select--Adernaline 0.'

2018-06-10 00:31:37 - [MESSAGE][PASSED] - All options with index in [2] are selected on object 'Object Repository/DispensaryToStore/Page_Dispensary Store/select_--Select--Adernaline 0.'

2018-06-10 00:31:37 - [TEST_STEP][PASSED] - setText: Text '10' is set on object 'Object Repository/DispensaryToStore/Page_Dispensary Store/input_txttreat'

2018-06-10 00:31:37 - [MESSAGE][PASSED] - Text '10' is set on object 'Object Repository/DispensaryToStore/Page_Dispensary Store/input_txttreat'

2018-06-10 00:31:37 - [TEST_STEP][PASSED] - click: Object: 'Object Repository/DispensaryToStore/Page_Dispensary Store/button_Add' is clicked on

2018-06-10 00:31:37 - [MESSAGE][PASSED] - Object: 'Object Repository/DispensaryToStore/Page_Dispensary Store/button_Add' is clicked on

2018-06-10 00:31:37 - [TEST_STEP][PASSED] - delay: Delayed 1 second(s)

2018-06-10 00:31:38 - [MESSAGE][PASSED] - Delayed 1 second(s)

2018-06-10 00:31:38 - [TEST_STEP][PASSED] - selectOptionByIndex: All options with index in [8] are selected on object 'Object Repository/DispensaryToStore/Page_Dispensary Store/select_--Select--Schedule 1Inj'

2018-06-10 00:31:38 - [MESSAGE][PASSED] - All options with index in [8] are selected on object 'Object Repository/DispensaryToStore/Page_Dispensary Store/select_--Select--Schedule 1Inj'

2018-06-10 00:31:38 - [TEST_STEP][PASSED] - delay: Delayed 1 second(s)

2018-06-10 00:31:39 - [MESSAGE][PASSED] - Delayed 1 second(s)

2018-06-10 00:31:39 - [TEST_STEP][PASSED] - selectOptionByIndex: All options with index in [3] are selected on object 'Object Repository/DispensaryToStore/Page_Dispensary Store/select_--Select--Adernaline 0.'

2018-06-10 00:31:39 - [MESSAGE][PASSED] - All options with index in [3] are selected on object 'Object Repository/DispensaryToStore/Page_Dispensary Store/select_--Select--Adernaline 0.'

2018-06-10 00:31:39 - [TEST_STEP][PASSED] - setText: Text '10' is set on object 'Object Repository/DispensaryToStore/Page_Dispensary Store/input_txttreat'

2018-06-10 00:31:39 - [MESSAGE][PASSED] - Text '10' is set on object 'Object Repository/DispensaryToStore/Page_Dispensary Store/input_txttreat'

2018-06-10 00:31:39 - [TEST_STEP][PASSED] - click: Object: 'Object Repository/DispensaryToStore/Page_Dispensary Store/button_Add' is clicked on

2018-06-10 00:31:39 - [MESSAGE][PASSED] - Object: 'Object Repository/DispensaryToStore/Page_Dispensary Store/button_Add' is clicked on

2018-06-10 00:31:39 - [TEST_STEP][PASSED] - delay: Delayed 1 second(s)

2018-06-10 00:31:40 - [MESSAGE][PASSED] - Delayed 1 second(s)

2018-06-10 00:31:40 - [TEST_STEP][PASSED] - selectOptionByIndex: All options with index in [8] are selected on object 'Object Repository/DispensaryToStore/Page_Dispensary Store/select_--Select--Schedule 1Inj'

2018-06-10 00:31:41 - [MESSAGE][PASSED] - All options with index in [8] are selected on object 'Object Repository/DispensaryToStore/Page_Dispensary Store/select_--Select--Schedule 1Inj'

2018-06-10 00:31:41 - [TEST_STEP][PASSED] - delay: Delayed 1 second(s)

2018-06-10 00:31:42 - [MESSAGE][PASSED] - Delayed 1 second(s)

2018-06-10 00:31:42 - [TEST_STEP][PASSED] - selectOptionByIndex: All options with index in [4] are selected on object 'Object Repository/DispensaryToStore/Page_Dispensary Store/select_--Select--Adernaline 0.'

2018-06-10 00:31:42 - [MESSAGE][PASSED] - All options with index in [4] are selected on object 'Object Repository/DispensaryToStore/Page_Dispensary Store/select_--Select--Adernaline 0.'

2018-06-10 00:31:42 - [TEST_STEP][PASSED] - setText: Text '10' is set on object 'Object Repository/DispensaryToStore/Page_Dispensary Store/input_txttreat'

2018-06-10 00:31:42 - [MESSAGE][PASSED] - Text '10' is set on object 'Object Repository/DispensaryToStore/Page_Dispensary Store/input_txttreat'

2018-06-10 00:31:42 - [TEST_STEP][PASSED] - click: Object: 'Object Repository/DispensaryToStore/Page_Dispensary Store/button_Add' is clicked on

2018-06-10 00:31:42 - [MESSAGE][PASSED] - Object: 'Object Repository/DispensaryToStore/Page_Dispensary Store/button_Add' is clicked on

2018-06-10 00:31:42 - [TEST_STEP][PASSED] - delay: Delayed 1 second(s)

2018-06-10 00:31:43 - [MESSAGE][PASSED] - Delayed 1 second(s)

2018-06-10 00:31:43 - [TEST_STEP][PASSED] - selectOptionByIndex: All options with index in [8] are selected on object 'Object Repository/DispensaryToStore/Page_Dispensary Store/select_--Select--Schedule 1Inj'

2018-06-10 00:31:43 - [MESSAGE][PASSED] - All options with index in [8] are selected on object 'Object Repository/DispensaryToStore/Page_Dispensary Store/select_--Select--Schedule 1Inj'

2018-06-10 00:31:43 - [TEST_STEP][PASSED] - delay: Delayed 1 second(s)

2018-06-10 00:31:44 - [MESSAGE][PASSED] - Delayed 1 second(s)

2018-06-10 00:31:44 - [TEST_STEP][PASSED] - selectOptionByIndex: All options with index in [5] are selected on object 'Object Repository/DispensaryToStore/Page_Dispensary Store/select_--Select--Adernaline 0.'

2018-06-10 00:31:44 - [MESSAGE][PASSED] - All options with index in [5] are selected on object 'Object Repository/DispensaryToStore/Page_Dispensary Store/select_--Select--Adernaline 0.'

2018-06-10 00:31:44 - [TEST_STEP][PASSED] - setText: Text '10' is set on object 'Object Repository/DispensaryToStore/Page_Dispensary Store/input_txttreat'

2018-06-10 00:31:44 - [MESSAGE][PASSED] - Text '10' is set on object 'Object Repository/DispensaryToStore/Page_Dispensary Store/input_txttreat'

2018-06-10 00:31:44 - [TEST_STEP][PASSED] - click: Object: 'Object Repository/DispensaryToStore/Page_Dispensary Store/button_Add' is clicked on

2018-06-10 00:31:44 - [MESSAGE][PASSED] - Object: 'Object Repository/DispensaryToStore/Page_Dispensary Store/button_Add' is clicked on

2018-06-10 00:31:44 - [TEST_STEP][PASSED] - delay: Delayed 1 second(s)

2018-06-10 00:31:45 - [MESSAGE][PASSED] - Delayed 1 second(s)

2018-06-10 00:31:45 - [TEST_STEP][PASSED] - selectOptionByIndex: All options with index in [8] are selected on object 'Object Repository/DispensaryToStore/Page_Dispensary Store/select_--Select--Schedule 1Inj'

2018-06-10 00:31:46 - [MESSAGE][PASSED] - All options with index in [8] are selected on object 'Object Repository/DispensaryToStore/Page_Dispensary Store/select_--Select--Schedule 1Inj'

2018-06-10 00:31:46 - [TEST_STEP][PASSED] - delay: Delayed 1 second(s)

2018-06-10 00:31:47 - [MESSAGE][PASSED] - Delayed 1 second(s)

2018-06-10 00:31:47 - [TEST_STEP][PASSED] - selectOptionByIndex: All options with index in [6] are selected on object 'Object Repository/DispensaryToStore/Page_Dispensary Store/select_--Select--Adernaline 0.'

2018-06-10 00:31:47 - [MESSAGE][PASSED] - All options with index in [6] are selected on object 'Object Repository/DispensaryToStore/Page_Dispensary Store/select_--Select--Adernaline 0.'

2018-06-10 00:31:47 - [TEST_STEP][PASSED] - setText: Text '10' is set on object 'Object Repository/DispensaryToStore/Page_Dispensary Store/input_txttreat'

2018-06-10 00:31:47 - [MESSAGE][PASSED] - Text '10' is set on object 'Object Repository/DispensaryToStore/Page_Dispensary Store/input_txttreat'

2018-06-10 00:31:47 - [TEST_STEP][PASSED] - click: Object: 'Object Repository/DispensaryToStore/Page_Dispensary Store/button_Add' is clicked on

2018-06-10 00:31:47 - [MESSAGE][PASSED] - Object: 'Object Repository/DispensaryToStore/Page_Dispensary Store/button_Add' is clicked on

2018-06-10 00:31:47 - [TEST_STEP][PASSED] - delay: Delayed 1 second(s)

2018-06-10 00:31:48 - [MESSAGE][PASSED] - Delayed 1 second(s)

2018-06-10 00:31:48 - [TEST_STEP][PASSED] - selectOptionByIndex: All options with index in [8] are selected on object 'Object Repository/DispensaryToStore/Page_Dispensary Store/select_--Select--Schedule 1Inj'

2018-06-10 00:31:48 - [MESSAGE][PASSED] - All options with index in [8] are selected on object 'Object Repository/DispensaryToStore/Page_Dispensary Store/select_--Select--Schedule 1Inj'

2018-06-10 00:31:48 - [TEST_STEP][PASSED] - delay: Delayed 1 second(s)

2018-06-10 00:31:49 - [MESSAGE][PASSED] - Delayed 1 second(s)

2018-06-10 00:31:49 - [TEST_STEP][PASSED] - selectOptionByIndex: All options with index in [7] are selected on object 'Object Repository/DispensaryToStore/Page_Dispensary Store/select_--Select--Adernaline 0.'

2018-06-10 00:31:49 - [MESSAGE][PASSED] - All options with index in [7] are selected on object 'Object Repository/DispensaryToStore/Page_Dispensary Store/select_--Select--Adernaline 0.'

2018-06-10 00:31:49 - [TEST_STEP][PASSED] - setText: Text '10' is set on object 'Object Repository/DispensaryToStore/Page_Dispensary Store/input_txttreat'

2018-06-10 00:31:49 - [MESSAGE][PASSED] - Text '10' is set on object 'Object Repository/DispensaryToStore/Page_Dispensary Store/input_txttreat'

2018-06-10 00:31:49 - [TEST_STEP][PASSED] - click: Object: 'Object Repository/DispensaryToStore/Page_Dispensary Store/button_Add' is clicked on

2018-06-10 00:31:49 - [MESSAGE][PASSED] - Object: 'Object Repository/DispensaryToStore/Page_Dispensary Store/button_Add' is clicked on

2018-06-10 00:31:49 - [TEST_STEP][PASSED] - delay: Delayed 1 second(s)

2018-06-10 00:31:50 - [MESSAGE][PASSED] - Delayed 1 second(s)

2018-06-10 00:31:50 - [TEST_STEP][PASSED] - selectOptionByIndex: All options with index in [8] are selected on object 'Object Repository/DispensaryToStore/Page_Dispensary Store/select_--Select--Schedule 1Inj'

2018-06-10 00:31:51 - [MESSAGE][PASSED] - All options with index in [8] are selected on object 'Object Repository/DispensaryToStore/Page_Dispensary Store/select_--Select--Schedule 1Inj'

2018-06-10 00:31:51 - [TEST_STEP][PASSED] - delay: Delayed 1 second(s)

2018-06-10 00:31:52 - [MESSAGE][PASSED] - Delayed 1 second(s)

2018-06-10 00:31:52 - [TEST_STEP][PASSED] - selectOptionByIndex: All options with index in [8] are selected on object 'Object Repository/DispensaryToStore/Page_Dispensary Store/select_--Select--Adernaline 0.'

2018-06-10 00:31:52 - [MESSAGE][PASSED] - All options with index in [8] are selected on object 'Object Repository/DispensaryToStore/Page_Dispensary Store/select_--Select--Adernaline 0.'

2018-06-10 00:31:52 - [TEST_STEP][PASSED] - setText: Text '10' is set on object 'Object Repository/DispensaryToStore/Page_Dispensary Store/input_txttreat'

2018-06-10 00:31:52 - [MESSAGE][PASSED] - Text '10' is set on object 'Object Repository/DispensaryToStore/Page_Dispensary Store/input_txttreat'

2018-06-10 00:31:52 - [TEST_STEP][PASSED] - click: Object: 'Object Repository/DispensaryToStore/Page_Dispensary Store/button_Add' is clicked on

2018-06-10 00:31:52 - [MESSAGE][PASSED] - Object: 'Object Repository/DispensaryToStore/Page_Dispensary Store/button_Add' is clicked on

2018-06-10 00:31:52 - [TEST_STEP][PASSED] - delay: Delayed 1 second(s)

2018-06-10 00:31:53 - [MESSAGE][PASSED] - Delayed 1 second(s)

2018-06-10 00:31:53 - [TEST_STEP][PASSED] - selectOptionByIndex: All options with index in [8] are selected on object 'Object Repository/DispensaryToStore/Page_Dispensary Store/select_--Select--Schedule 1Inj'

2018-06-10 00:31:53 - [MESSAGE][PASSED] - All options with index in [8] are selected on object 'Object Repository/DispensaryToStore/Page_Dispensary Store/select_--Select--Schedule 1Inj'

2018-06-10 00:31:53 - [TEST_STEP][PASSED] - delay: Delayed 1 second(s)

2018-06-10 00:31:54 - [MESSAGE][PASSED] - Delayed 1 second(s)

2018-06-10 00:31:54 - [TEST_STEP][PASSED] - selectOptionByIndex: All options with index in [9] are selected on object 'Object Repository/DispensaryToStore/Page_Dispensary Store/select_--Select--Adernaline 0.'

2018-06-10 00:31:54 - [MESSAGE][PASSED] - All options with index in [9] are selected on object 'Object Repository/DispensaryToStore/Page_Dispensary Store/select_--Select--Adernaline 0.'

2018-06-10 00:31:54 - [TEST_STEP][PASSED] - setText: Text '10' is set on object 'Object Repository/DispensaryToStore/Page_Dispensary Store/input_txttreat'

2018-06-10 00:31:54 - [MESSAGE][PASSED] - Text '10' is set on object 'Object Repository/DispensaryToStore/Page_Dispensary Store/input_txttreat'

2018-06-10 00:31:54 - [TEST_STEP][PASSED] - click: Object: 'Object Repository/DispensaryToStore/Page_Dispensary Store/button_Add' is clicked on

2018-06-10 00:31:54 - [MESSAGE][PASSED] - Object: 'Object Repository/DispensaryToStore/Page_Dispensary Store/button_Add' is clicked on

2018-06-10 00:31:54 - [TEST_STEP][PASSED] - delay: Delayed 1 second(s)

2018-06-10 00:31:55 - [MESSAGE][PASSED] - Delayed 1 second(s)

2018-06-10 00:31:55 - [TEST_STEP][PASSED] - selectOptionByIndex: All options with index in [8] are selected on object 'Object Repository/DispensaryToStore/Page_Dispensary Store/select_--Select--Schedule 1Inj'

2018-06-10 00:31:56 - [MESSAGE][PASSED] - All options with index in [8] are selected on object 'Object Repository/DispensaryToStore/Page_Dispensary Store/select_--Select--Schedule 1Inj'

2018-06-10 00:31:56 - [TEST_STEP][PASSED] - delay: Delayed 1 second(s)

2018-06-10 00:31:57 - [MESSAGE][PASSED] - Delayed 1 second(s)

2018-06-10 00:31:57 - [TEST_STEP][PASSED] - selectOptionByIndex: All options with index in [10] are selected on object 'Object Repository/DispensaryToStore/Page_Dispensary Store/select_--Select--Adernaline 0.'

2018-06-10 00:31:57 - [MESSAGE][PASSED] - All options with index in [10] are selected on object 'Object Repository/DispensaryToStore/Page_Dispensary Store/select_--Select--Adernaline 0.'

2018-06-10 00:31:57 - [TEST_STEP][PASSED] - setText: Text '10' is set on object 'Object Repository/DispensaryToStore/Page_Dispensary Store/input_txttreat'

2018-06-10 00:31:57 - [MESSAGE][PASSED] - Text '10' is set on object 'Object Repository/DispensaryToStore/Page_Dispensary Store/input_txttreat'

2018-06-10 00:31:57 - [TEST_STEP][PASSED] - click: Object: 'Object Repository/DispensaryToStore/Page_Dispensary Store/button_Add' is clicked on

2018-06-10 00:31:57 - [MESSAGE][PASSED] - Object: 'Object Repository/DispensaryToStore/Page_Dispensary Store/button_Add' is clicked on

2018-06-10 00:31:57 - [TEST_STEP][PASSED] - delay: Delayed 1 second(s)

2018-06-10 00:31:58 - [MESSAGE][PASSED] - Delayed 1 second(s)

2018-06-10 00:31:58 - [TEST_STEP][PASSED] - selectOptionByIndex: All options with index in [8] are selected on object 'Object Repository/DispensaryToStore/Page_Dispensary Store/select_--Select--Schedule 1Inj'

2018-06-10 00:31:58 - [MESSAGE][PASSED] - All options with index in [8] are selected on object 'Object Repository/DispensaryToStore/Page_Dispensary Store/select_--Select--Schedule 1Inj'

2018-06-10 00:31:58 - [TEST_STEP][PASSED] - delay: Delayed 1 second(s)

2018-06-10 00:31:59 - [MESSAGE][PASSED] - Delayed 1 second(s)

2018-06-10 00:31:59 - [TEST_STEP][PASSED] - selectOptionByIndex: All options with index in [11] are selected on object 'Object Repository/DispensaryToStore/Page_Dispensary Store/select_--Select--Adernaline 0.'

2018-06-10 00:31:59 - [MESSAGE][PASSED] - All options with index in [11] are selected on object 'Object Repository/DispensaryToStore/Page_Dispensary Store/select_--Select--Adernaline 0.'

2018-06-10 00:31:59 - [TEST_STEP][PASSED] - setText: Text '10' is set on object 'Object Repository/DispensaryToStore/Page_Dispensary Store/input_txttreat'

2018-06-10 00:32:00 - [MESSAGE][PASSED] - Text '10' is set on object 'Object Repository/DispensaryToStore/Page_Dispensary Store/input_txttreat'

2018-06-10 00:32:00 - [TEST_STEP][PASSED] - click: Object: 'Object Repository/DispensaryToStore/Page_Dispensary Store/button_Add' is clicked on

2018-06-10 00:32:00 - [MESSAGE][PASSED] - Object: 'Object Repository/DispensaryToStore/Page_Dispensary Store/button_Add' is clicked on

2018-06-10 00:32:00 - [TEST_STEP][PASSED] - delay: Delayed 1 second(s)

2018-06-10 00:32:01 - [MESSAGE][PASSED] - Delayed 1 second(s)

2018-06-10 00:32:01 - [TEST_STEP][PASSED] - selectOptionByIndex: All options with index in [8] are selected on object 'Object Repository/DispensaryToStore/Page_Dispensary Store/select_--Select--Schedule 1Inj'

2018-06-10 00:32:01 - [MESSAGE][PASSED] - All options with index in [8] are selected on object 'Object Repository/DispensaryToStore/Page_Dispensary Store/select_--Select--Schedule 1Inj'

2018-06-10 00:32:01 - [TEST_STEP][PASSED] - delay: Delayed 1 second(s)

2018-06-10 00:32:02 - [MESSAGE][PASSED] - Delayed 1 second(s)

2018-06-10 00:32:02 - [TEST_STEP][PASSED] - selectOptionByIndex: All options with index in [12] are selected on object 'Object Repository/DispensaryToStore/Page_Dispensary Store/select_--Select--Adernaline 0.'

2018-06-10 00:32:02 - [MESSAGE][PASSED] - All options with index in [12] are selected on object 'Object Repository/DispensaryToStore/Page_Dispensary Store/select_--Select--Adernaline 0.'

2018-06-10 00:32:02 - [TEST_STEP][PASSED] - setText: Text '10' is set on object 'Object Repository/DispensaryToStore/Page_Dispensary Store/input_txttreat'

2018-06-10 00:32:02 - [MESSAGE][PASSED] - Text '10' is set on object 'Object Repository/DispensaryToStore/Page_Dispensary Store/input_txttreat'

2018-06-10 00:32:02 - [TEST_STEP][PASSED] - click: Object: 'Object Repository/DispensaryToStore/Page_Dispensary Store/button_Add' is clicked on

2018-06-10 00:32:02 - [MESSAGE][PASSED] - Object: 'Object Repository/DispensaryToStore/Page_Dispensary Store/button_Add' is clicked on

2018-06-10 00:32:02 - [TEST_STEP][PASSED] - delay: Delayed 1 second(s)

2018-06-10 00:32:03 - [MESSAGE][PASSED] - Delayed 1 second(s)

2018-06-10 00:32:03 - [TEST_STEP][PASSED] - selectOptionByIndex: All options with index in [8] are selected on object 'Object Repository/DispensaryToStore/Page_Dispensary Store/select_--Select--Schedule 1Inj'

2018-06-10 00:32:03 - [MESSAGE][PASSED] - All options with index in [8] are selected on object 'Object Repository/DispensaryToStore/Page_Dispensary Store/select_--Select--Schedule 1Inj'

2018-06-10 00:32:03 - [TEST_STEP][PASSED] - delay: Delayed 1 second(s)

2018-06-10 00:32:04 - [MESSAGE][PASSED] - Delayed 1 second(s)

2018-06-10 00:32:04 - [TEST_STEP][PASSED] - selectOptionByIndex: All options with index in [13] are selected on object 'Object Repository/DispensaryToStore/Page_Dispensary Store/select_--Select--Adernaline 0.'

2018-06-10 00:32:05 - [MESSAGE][PASSED] - All options with index in [13] are selected on object 'Object Repository/DispensaryToStore/Page_Dispensary Store/select_--Select--Adernaline 0.'

2018-06-10 00:32:05 - [TEST_STEP][PASSED] - setText: Text '10' is set on object 'Object Repository/DispensaryToStore/Page_Dispensary Store/input_txttreat'

2018-06-10 00:32:05 - [MESSAGE][PASSED] - Text '10' is set on object 'Object Repository/DispensaryToStore/Page_Dispensary Store/input_txttreat'

2018-06-10 00:32:05 - [TEST_STEP][PASSED] - click: Object: 'Object Repository/DispensaryToStore/Page_Dispensary Store/button_Add' is clicked on

2018-06-10 00:32:05 - [MESSAGE][PASSED] - Object: 'Object Repository/DispensaryToStore/Page_Dispensary Store/button_Add' is clicked on

2018-06-10 00:32:05 - [TEST_STEP][PASSED] - delay: Delayed 1 second(s)

2018-06-10 00:32:06 - [MESSAGE][PASSED] - Delayed 1 second(s)

2018-06-10 00:32:06 - [TEST_STEP][PASSED] - selectOptionByIndex: All options with index in [8] are selected on object 'Object Repository/DispensaryToStore/Page_Dispensary Store/select_--Select--Schedule 1Inj'

2018-06-10 00:32:06 - [MESSAGE][PASSED] - All options with index in [8] are selected on object 'Object Repository/DispensaryToStore/Page_Dispensary Store/select_--Select--Schedule 1Inj'

2018-06-10 00:32:06 - [TEST_STEP][PASSED] - delay: Delayed 1 second(s)

2018-06-10 00:32:07 - [MESSAGE][PASSED] - Delayed 1 second(s)

2018-06-10 00:32:07 - [TEST_STEP][PASSED] - selectOptionByIndex: All options with index in [14] are selected on object 'Object Repository/DispensaryToStore/Page_Dispensary Store/select_--Select--Adernaline 0.'

2018-06-10 00:32:07 - [MESSAGE][PASSED] - All options with index in [14] are selected on object 'Object Repository/DispensaryToStore/Page_Dispensary Store/select_--Select--Adernaline 0.'

2018-06-10 00:32:07 - [TEST_STEP][PASSED] - setText: Text '10' is set on object 'Object Repository/DispensaryToStore/Page_Dispensary Store/input_txttreat'

2018-06-10 00:32:07 - [MESSAGE][PASSED] - Text '10' is set on object 'Object Repository/DispensaryToStore/Page_Dispensary Store/input_txttreat'

2018-06-10 00:32:07 - [TEST_STEP][PASSED] - click: Object: 'Object Repository/DispensaryToStore/Page_Dispensary Store/button_Add' is clicked on

2018-06-10 00:32:07 - [MESSAGE][PASSED] - Object: 'Object Repository/DispensaryToStore/Page_Dispensary Store/button_Add' is clicked on

2018-06-10 00:32:07 - [TEST_STEP][PASSED] - delay: Delayed 1 second(s)

2018-06-10 00:32:08 - [MESSAGE][PASSED] - Delayed 1 second(s)

2018-06-10 00:32:08 - [TEST_STEP][PASSED] - selectOptionByIndex: All options with index in [8] are selected on object 'Object Repository/DispensaryToStore/Page_Dispensary Store/select_--Select--Schedule 1Inj'

2018-06-10 00:32:09 - [MESSAGE][PASSED] - All options with index in [8] are selected on object 'Object Repository/DispensaryToStore/Page_Dispensary Store/select_--Select--Schedule 1Inj'

2018-06-10 00:32:09 - [TEST_STEP][PASSED] - delay: Delayed 1 second(s)

2018-06-10 00:32:10 - [MESSAGE][PASSED] - Delayed 1 second(s)

2018-06-10 00:32:10 - [TEST_STEP][PASSED] - selectOptionByIndex: All options with index in [15] are selected on object 'Object Repository/DispensaryToStore/Page_Dispensary Store/select_--Select--Adernaline 0.'

2018-06-10 00:32:10 - [MESSAGE][PASSED] - All options with index in [15] are selected on object 'Object Repository/DispensaryToStore/Page_Dispensary Store/select_--Select--Adernaline 0.'

2018-06-10 00:32:10 - [TEST_STEP][PASSED] - setText: Text '10' is set on object 'Object Repository/DispensaryToStore/Page_Dispensary Store/input_txttreat'

2018-06-10 00:32:10 - [MESSAGE][PASSED] - Text '10' is set on object 'Object Repository/DispensaryToStore/Page_Dispensary Store/input_txttreat'

2018-06-10 00:32:10 - [TEST_STEP][PASSED] - click: Object: 'Object Repository/DispensaryToStore/Page_Dispensary Store/button_Add' is clicked on

2018-06-10 00:32:10 - [MESSAGE][PASSED] - Object: 'Object Repository/DispensaryToStore/Page_Dispensary Store/button_Add' is clicked on

2018-06-10 00:32:10 - [TEST_STEP][PASSED] - delay: Delayed 1 second(s)

2018-06-10 00:32:11 - [MESSAGE][PASSED] - Delayed 1 second(s)

2018-06-10 00:32:11 - [TEST_STEP][PASSED] - selectOptionByIndex: All options with index in [8] are selected on object 'Object Repository/DispensaryToStore/Page_Dispensary Store/select_--Select--Schedule 1Inj'

2018-06-10 00:32:11 - [MESSAGE][PASSED] - All options with index in [8] are selected on object 'Object Repository/DispensaryToStore/Page_Dispensary Store/select_--Select--Schedule 1Inj'

2018-06-10 00:32:11 - [TEST_STEP][PASSED] - delay: Delayed 1 second(s)

2018-06-10 00:32:12 - [MESSAGE][PASSED] - Delayed 1 second(s)

2018-06-10 00:32:12 - [TEST_STEP][PASSED] - selectOptionByIndex: All options with index in [16] are selected on object 'Object Repository/DispensaryToStore/Page_Dispensary Store/select_--Select--Adernaline 0.'

2018-06-10 00:32:12 - [MESSAGE][PASSED] - All options with index in [16] are selected on object 'Object Repository/DispensaryToStore/Page_Dispensary Store/select_--Select--Adernaline 0.'

2018-06-10 00:32:12 - [TEST_STEP][PASSED] - setText: Text '10' is set on object 'Object Repository/DispensaryToStore/Page_Dispensary Store/input_txttreat'

2018-06-10 00:32:13 - [MESSAGE][PASSED] - Text '10' is set on object 'Object Repository/DispensaryToStore/Page_Dispensary Store/input_txttreat'

2018-06-10 00:32:13 - [TEST_STEP][PASSED] - click: Object: 'Object Repository/DispensaryToStore/Page_Dispensary Store/button_Add' is clicked on

2018-06-10 00:32:13 - [MESSAGE][PASSED] - Object: 'Object Repository/DispensaryToStore/Page_Dispensary Store/button_Add' is clicked on

2018-06-10 00:32:13 - [TEST_STEP][PASSED] - delay: Delayed 1 second(s)

2018-06-10 00:32:14 - [MESSAGE][PASSED] - Delayed 1 second(s)

2018-06-10 00:32:14 - [TEST_STEP][PASSED] - selectOptionByIndex: All options with index in [8] are selected on object 'Object Repository/DispensaryToStore/Page_Dispensary Store/select_--Select--Schedule 1Inj'

2018-06-10 00:32:14 - [MESSAGE][PASSED] - All options with index in [8] are selected on object 'Object Repository/DispensaryToStore/Page_Dispensary Store/select_--Select--Schedule 1Inj'

2018-06-10 00:32:14 - [TEST_STEP][PASSED] - delay: Delayed 1 second(s)

2018-06-10 00:32:15 - [MESSAGE][PASSED] - Delayed 1 second(s)

2018-06-10 00:32:15 - [TEST_STEP][PASSED] - selectOptionByIndex: All options with index in [17] are selected on object 'Object Repository/DispensaryToStore/Page_Dispensary Store/select_--Select--Adernaline 0.'

2018-06-10 00:32:15 - [MESSAGE][PASSED] - All options with index in [17] are selected on object 'Object Repository/DispensaryToStore/Page_Dispensary Store/select_--Select--Adernaline 0.'

2018-06-10 00:32:15 - [TEST_STEP][PASSED] - setText: Text '10' is set on object 'Object Repository/DispensaryToStore/Page_Dispensary Store/input_txttreat'

2018-06-10 00:32:15 - [MESSAGE][PASSED] - Text '10' is set on object 'Object Repository/DispensaryToStore/Page_Dispensary Store/input_txttreat'

2018-06-10 00:32:15 - [TEST_STEP][PASSED] - click: Object: 'Object Repository/DispensaryToStore/Page_Dispensary Store/button_Add' is clicked on

2018-06-10 00:32:15 - [MESSAGE][PASSED] - Object: 'Object Repository/DispensaryToStore/Page_Dispensary Store/button_Add' is clicked on

2018-06-10 00:32:15 - [TEST_STEP][PASSED] - delay: Delayed 1 second(s)

2018-06-10 00:32:16 - [MESSAGE][PASSED] - Delayed 1 second(s)

2018-06-10 00:32:16 - [TEST_STEP][PASSED] - scrollToElement: Scroll to object 'Object Repository/DispensaryToStore/Page_Dispensary Store/input_btnsave' successfully

2018-06-10 00:32:16 - [MESSAGE][PASSED] - Scroll to object 'Object Repository/DispensaryToStore/Page_Dispensary Store/input_btnsave' successfully

2018-06-10 00:32:16 - [TEST_STEP][PASSED] - click: Object: 'Object Repository/DispensaryToStore/Page_Dispensary Store/input_btnsave' is clicked on

2018-06-10 00:32:16 - [MESSAGE][PASSED] - Object: 'Object Repository/DispensaryToStore/Page_Dispensary Store/input_btnsave' is clicked on

2018-06-10 00:32:16 - [TEST_STEP][PASSED] - delay: Delayed 3 second(s)

2018-06-10 00:32:19 - [MESSAGE][PASSED] - Delayed 3 second(s)

2018-06-10 00:32:19 - [TEST_STEP][PASSED] - Statement - RN1 = com.kms.katalon.core.webui.keyword.WebUiBuiltInKeywords.getText(com.kms.katalon.core.testobject.ObjectRepository.findTestObject(DispensaryToStore/Page_Dispensary Store/font_HPRNO180520187)): Text of object 'Object Repository/DispensaryToStore/Page_Dispensary Store/font_HPRNO180520187' is: 'DPRNO/10062018/238'

2018-06-10 00:32:19 - [MESSAGE][PASSED] - Text of object 'Object Repository/DispensaryToStore/Page_Dispensary Store/font_HPRNO180520187' is: 'DPRNO/10062018/238'

2018-06-10 00:32:19 - [TEST_STEP][PASSED] - Statement - out.println(RN1): null

2018-06-10 00:32:19 - [TEST_STEP][PASSED] - Statement - RID = RN1.split("/")[2]: null

2018-06-10 00:32:19 - [TEST_STEP][PASSED] - click: Object: 'Object Repository/DispensaryToStore/Page_Dispensary Store/button_OK' is clicked on

2018-06-10 00:32:20 - [MESSAGE][PASSED] - Object: 'Object Repository/DispensaryToStore/Page_Dispensary Store/button_OK' is clicked on

2018-06-10 00:32:20 - [TEST_STEP][PASSED] - delay: Delayed 3 second(s)

2018-06-10 00:32:23 - [MESSAGE][PASSED] - Delayed 3 second(s)

2018-06-10 00:32:23 - [TEST_STEP][PASSED] - click: Object: 'Object Repository/DispensaryToStore/Page_Dispensary Store/a_dropdown-toggle' is clicked on

2018-06-10 00:32:23 - [MESSAGE][PASSED] - Object: 'Object Repository/DispensaryToStore/Page_Dispensary Store/a_dropdown-toggle' is clicked on

2018-06-10 00:32:23 - [TEST_STEP][PASSED] - click: Object: 'Object Repository/DispensaryToStore/Page_Dispensary Store/a_Sign out' is clicked on

2018-06-10 00:32:24 - [MESSAGE][PASSED] - Object: 'Object Repository/DispensaryToStore/Page_Dispensary Store/a_Sign out' is clicked on

2018-06-10 00:32:24 - [TEST_STEP][PASSED] - delay: Delayed 3 second(s)

2018-06-10 00:32:27 - [MESSAGE][PASSED] - Delayed 3 second(s)

2018-06-10 00:32:27 - [TEST_STEP][PASSED] - navigateToUrl: Navigate to 'http://192.168.137.1/multihospital_new/' successfully

2018-06-10 00:32:27 - [MESSAGE][PASSED] - Navigate to 'http://192.168.137.1/multihospital_new/' successfully

2018-06-10 00:32:27 - [TEST_STEP][PASSED] - click: Object: 'Object Repository/DispensaryToStore/Page_KDMC/a_CMO' is clicked on

2018-06-10 00:32:28 - [MESSAGE][PASSED] - Object: 'Object Repository/DispensaryToStore/Page_KDMC/a_CMO' is clicked on

2018-06-10 00:32:28 - [TEST_STEP][PASSED] - setText: Text 'guru' is set on object 'Object Repository/DispensaryToStore/Page_CMO login/input_txtusername'

2018-06-10 00:32:28 - [MESSAGE][PASSED] - Text 'guru' is set on object 'Object Repository/DispensaryToStore/Page_CMO login/input_txtusername'

2018-06-10 00:32:28 - [TEST_STEP][PASSED] - setText: Text '123' is set on object 'Object Repository/DispensaryToStore/Page_CMO login/input_txtpassword'

2018-06-10 00:32:28 - [MESSAGE][PASSED] - Text '123' is set on object 'Object Repository/DispensaryToStore/Page_CMO login/input_txtpassword'

2018-06-10 00:32:28 - [TEST_STEP][PASSED] - delay: Delayed 3 second(s)

2018-06-10 00:32:31 - [MESSAGE][PASSED] - Delayed 3 second(s)

2018-06-10 00:32:31 - [TEST_STEP][PASSED] - click: Object: 'Object Repository/DispensaryToStore/Page_CMO login/button_Sign in' is clicked on

2018-06-10 00:32:32 - [MESSAGE][PASSED] - Object: 'Object Repository/DispensaryToStore/Page_CMO login/button_Sign in' is clicked on

2018-06-10 00:32:32 - [TEST_STEP][PASSED] - click: Object: 'Object Repository/DispensaryToStore/Page_KDMC - CMO/a_Department Wise Request' is clicked on

2018-06-10 00:32:34 - [MESSAGE][PASSED] - Object: 'Object Repository/DispensaryToStore/Page_KDMC - CMO/a_Department Wise Request' is clicked on

2018-06-10 00:32:34 - [TEST_STEP][PASSED] - delay: Delayed 2 second(s)

2018-06-10 00:32:36 - [MESSAGE][PASSED] - Delayed 2 second(s)

2018-06-10 00:32:36 - [TEST_STEP][PASSED] - selectOptionByIndex: All options with index in [6] are selected on object 'Object Repository/DispensaryToStore/Page_KDMC - CMO/select_--ALL--'

2018-06-10 00:32:36 - [MESSAGE][PASSED] - All options with index in [6] are selected on object 'Object Repository/DispensaryToStore/Page_KDMC - CMO/select_--ALL--'

2018-06-10 00:32:36 - [TEST_STEP][PASSED] - click: Object: 'Object Repository/DispensaryToStore/Page_KDMC - CMO/input_btnsearch' is clicked on

2018-06-10 00:32:36 - [MESSAGE][PASSED] - Object: 'Object Repository/DispensaryToStore/Page_KDMC - CMO/input_btnsearch' is clicked on

2018-06-10 00:32:36 - [TEST_STEP][PASSED] - selectOptionByIndex: All options with index in [1] are selected on object 'Object Repository/DispensaryToStore/Page_KDMC - CMO/select_--ALL--                _1'

2018-06-10 00:32:36 - [MESSAGE][PASSED] - All options with index in [1] are selected on object 'Object Repository/DispensaryToStore/Page_KDMC - CMO/select_--ALL--                _1'

2018-06-10 00:32:36 - [TEST_STEP][PASSED] - click: Object: 'Object Repository/DispensaryToStore/Page_KDMC - CMO/input_btnsearch' is clicked on

2018-06-10 00:32:36 - [MESSAGE][PASSED] - Object: 'Object Repository/DispensaryToStore/Page_KDMC - CMO/input_btnsearch' is clicked on

2018-06-10 00:32:36 - [TEST_STEP][PASSED] - Statement - ID = com.kms.katalon.core.webui.keyword.WebUiBuiltInKeywords.modifyObjectProperty(com.kms.katalon.core.testobject.ObjectRepository.findTestObject(lab/Page_KDMC - CMO/input_1), "xpath", "equals", "//*[@id=" + RID + "]", true): Modify property of object successfully

2018-06-10 00:32:36 - [MESSAGE][PASSED] - Modify property of object successfully

2018-06-10 00:32:36 - [TEST_STEP][PASSED] - click: Object: 'Object Repository/lab/Page_KDMC - CMO/input_1' is clicked on

2018-06-10 00:32:37 - [MESSAGE][PASSED] - Object: 'Object Repository/lab/Page_KDMC - CMO/input_1' is clicked on

2018-06-10 00:32:37 - [TEST_STEP][PASSED] - delay: Delayed 2 second(s)

2018-06-10 00:32:39 - [MESSAGE][PASSED] - Delayed 2 second(s)

2018-06-10 00:32:39 - [TEST_STEP][PASSED] - selectOptionByIndex: All options with index in [1] are selected on object 'Object Repository/DispensaryToStore/Page_KDMC - CMO/select_--Select--'

2018-06-10 00:32:39 - [MESSAGE][PASSED] - All options with index in [1] are selected on object 'Object Repository/DispensaryToStore/Page_KDMC - CMO/select_--Select--'

2018-06-10 00:32:39 - [TEST_STEP][PASSED] - click: Object: 'Object Repository/DispensaryToStore/Page_KDMC - CMO/input_btnupdate' is clicked on

2018-06-10 00:32:39 - [MESSAGE][PASSED] - Object: 'Object Repository/DispensaryToStore/Page_KDMC - CMO/input_btnupdate' is clicked on

2018-06-10 00:32:39 - [TEST_STEP][PASSED] - delay: Delayed 2 second(s)

2018-06-10 00:32:41 - [MESSAGE][PASSED] - Delayed 2 second(s)

2018-06-10 00:32:41 - [TEST_STEP][PASSED] - click: Object: 'Object Repository/DispensaryToStore/Page_KDMC - CMO/button_OK' is clicked on

2018-06-10 00:32:42 - [MESSAGE][PASSED] - Object: 'Object Repository/DispensaryToStore/Page_KDMC - CMO/button_OK' is clicked on

2018-06-10 00:32:42 - [TEST_STEP][PASSED] - delay: Delayed 2 second(s)

2018-06-10 00:32:44 - [MESSAGE][PASSED] - Delayed 2 second(s)

2018-06-10 00:32:44 - [TEST_STEP][PASSED] - click: Object: 'Object Repository/DispensaryToStore/Page_KDMC - CMO/a_dropdown-toggle' is clicked on

2018-06-10 00:32:44 - [MESSAGE][PASSED] - Object: 'Object Repository/DispensaryToStore/Page_KDMC - CMO/a_dropdown-toggle' is clicked on

2018-06-10 00:32:44 - [TEST_STEP][PASSED] - click: Object: 'Object Repository/DispensaryToStore/Page_KDMC - CMO/a_Sign out' is clicked on

2018-06-10 00:32:44 - [MESSAGE][PASSED] - Object: 'Object Repository/DispensaryToStore/Page_KDMC - CMO/a_Sign out' is clicked on

2018-06-10 00:32:44 - [TEST_STEP][PASSED] - delay: Delayed 3 second(s)

2018-06-10 00:32:47 - [MESSAGE][PASSED] - Delayed 3 second(s)

2018-06-10 00:32:47 - [TEST_STEP][PASSED] - click: Object: 'Object Repository/DispensaryToStore/Page_KDMC/a_Divisional Store' is clicked on

2018-06-10 00:32:48 - [MESSAGE][PASSED] - Object: 'Object Repository/DispensaryToStore/Page_KDMC/a_Divisional Store' is clicked on

2018-06-10 00:32:48 - [TEST_STEP][PASSED] - setText: Text 'ragu' is set on object 'Object Repository/DispensaryToStore/Page_Divisonal Store Login/input_txtusername'

2018-06-10 00:32:48 - [MESSAGE][PASSED] - Text 'ragu' is set on object 'Object Repository/DispensaryToStore/Page_Divisonal Store Login/input_txtusername'

2018-06-10 00:32:48 - [TEST_STEP][PASSED] - setText: Text '123' is set on object 'Object Repository/DispensaryToStore/Page_Divisonal Store Login/input_txtpassword'

2018-06-10 00:32:48 - [MESSAGE][PASSED] - Text '123' is set on object 'Object Repository/DispensaryToStore/Page_Divisonal Store Login/input_txtpassword'

2018-06-10 00:32:48 - [TEST_STEP][PASSED] - delay: Delayed 3 second(s)

2018-06-10 00:32:51 - [MESSAGE][PASSED] - Delayed 3 second(s)

2018-06-10 00:32:51 - [TEST_STEP][PASSED] - click: Object: 'Object Repository/DispensaryToStore/Page_Divisonal Store Login/button_Sign in' is clicked on

2018-06-10 00:32:53 - [MESSAGE][PASSED] - Object: 'Object Repository/DispensaryToStore/Page_Divisonal Store Login/button_Sign in' is clicked on

2018-06-10 00:32:53 - [TEST_STEP][PASSED] - delay: Delayed 3 second(s)

2018-06-10 00:32:56 - [MESSAGE][PASSED] - Delayed 3 second(s)

2018-06-10 00:32:56 - [TEST_STEP][PASSED] - scrollToPosition: Browser is scrolled to position x = 100, y = 100

2018-06-10 00:32:56 - [MESSAGE][PASSED] - Browser is scrolled to position x = 100, y = 100

2018-06-10 00:32:56 - [TEST_STEP][PASSED] - click: Object: 'Object Repository/DispensaryToStore/Page_Store/a_Dispensary Request' is clicked on

2018-06-10 00:32:56 - [MESSAGE][PASSED] - Object: 'Object Repository/DispensaryToStore/Page_Store/a_Dispensary Request' is clicked on

2018-06-10 00:32:56 - [TEST_STEP][PASSED] - delay: Delayed 2 second(s)

2018-06-10 00:32:58 - [MESSAGE][PASSED] - Delayed 2 second(s)

2018-06-10 00:32:58 - [TEST_STEP][PASSED] - click: Object: 'Object Repository/DispensaryToStore/Page_Store/a_Request Item Dispensary' is clicked on

2018-06-10 00:32:59 - [MESSAGE][PASSED] - Object: 'Object Repository/DispensaryToStore/Page_Store/a_Request Item Dispensary' is clicked on

2018-06-10 00:32:59 - [TEST_STEP][PASSED] - Statement - ChooseRequest = com.kms.katalon.core.webui.keyword.WebUiBuiltInKeywords.modifyObjectProperty(com.kms.katalon.core.testobject.ObjectRepository.findTestObject(lab/Page_Store/input_1), "xpath", "equals", "//*[@id=" + RID + "]", true): Modify property of object successfully

2018-06-10 00:32:59 - [MESSAGE][PASSED] - Modify property of object successfully

2018-06-10 00:32:59 - [TEST_STEP][PASSED] - click: Object: 'Object Repository/lab/Page_Store/input_1' is clicked on

2018-06-10 00:32:59 - [MESSAGE][PASSED] - Object: 'Object Repository/lab/Page_Store/input_1' is clicked on

2018-06-10 00:32:59 - [TEST_STEP][PASSED] - Statement - selectedoptions = com.kms.katalon.core.webui.keyword.WebUiBuiltInKeywords.getNumberOfTotalOption(com.kms.katalon.core.testobject.ObjectRepository.findTestObject(DispensaryToStore/Page_Store/select_--Select--Adernaline 0.)): 18 options of object 'Object Repository/DispensaryToStore/Page_Store/select_--Select--Adernaline 0.' counted

2018-06-10 00:33:00 - [MESSAGE][PASSED] - 18 options of object 'Object Repository/DispensaryToStore/Page_Store/select_--Select--Adernaline 0.' counted

2018-06-10 00:33:00 - [TEST_STEP][PASSED] - Statement - For ([a = 1, a <= selectedoptions - 1, (a++)]): null

2018-06-10 00:33:00 - [TEST_STEP][PASSED] - selectOptionByIndex: All options with index in [1] are selected on object 'Object Repository/DispensaryToStore/Page_Store/select_--Select--Adernaline 0.'

2018-06-10 00:33:00 - [MESSAGE][PASSED] - All options with index in [1] are selected on object 'Object Repository/DispensaryToStore/Page_Store/select_--Select--Adernaline 0.'

2018-06-10 00:33:00 - [TEST_STEP][PASSED] - delay: Delayed 2 second(s)

2018-06-10 00:33:02 - [MESSAGE][PASSED] - Delayed 2 second(s)

2018-06-10 00:33:02 - [TEST_STEP][PASSED] - Statement - RequestedQty = com.kms.katalon.core.webui.keyword.WebUiBuiltInKeywords.getAttribute(com.kms.katalon.core.testobject.ObjectRepository.findTestObject(DispensaryToStore/Page_Store/input_txttotal), "value"): Attribute 'value' of object 'Object Repository/DispensaryToStore/Page_Store/input_txttotal' is: '10'

2018-06-10 00:33:02 - [MESSAGE][PASSED] - Attribute 'value' of object 'Object Repository/DispensaryToStore/Page_Store/input_txttotal' is: '10'

2018-06-10 00:33:02 - [TEST_STEP][PASSED] - Statement - out.println("Requested QTY : " + RequestedQty): null

2018-06-10 00:33:02 - [TEST_STEP][PASSED] - Statement - BatchNumber = com.kms.katalon.core.webui.keyword.WebUiBuiltInKeywords.getNumberOfTotalOption(com.kms.katalon.core.testobject.ObjectRepository.findTestObject(DispensaryToStore/Page_Store/select_--Select--BA1170BA2376B)): 2 options of object 'Object Repository/DispensaryToStore/Page_Store/select_--Select--BA1170BA2376B' counted

2018-06-10 00:33:02 - [MESSAGE][PASSED] - 2 options of object 'Object Repository/DispensaryToStore/Page_Store/select_--Select--BA1170BA2376B' counted

2018-06-10 00:33:02 - [TEST_STEP][PASSED] - Statement - For ([g = 1, g <= BatchNumber - 1, (g++)]): null

2018-06-10 00:33:02 - [TEST_STEP][PASSED] - selectOptionByIndex: All options with index in [1] are selected on object 'Object Repository/DispensaryToStore/Page_Store/select_--Select--BA1170BA2376B'

2018-06-10 00:33:02 - [MESSAGE][PASSED] - All options with index in [1] are selected on object 'Object Repository/DispensaryToStore/Page_Store/select_--Select--BA1170BA2376B'

2018-06-10 00:33:02 - [TEST_STEP][PASSED] - Statement - Try: null

2018-06-10 00:33:02 - [TEST_STEP][PASSED] - Statement - StockQty = com.kms.katalon.core.webui.keyword.WebUiBuiltInKeywords.getAttribute(com.kms.katalon.core.testobject.ObjectRepository.findTestObject(DispensaryToStore/Page_Store/input_txtprice), "value"): Attribute 'value' of object 'Object Repository/DispensaryToStore/Page_Store/input_txtprice' is: '1855'

2018-06-10 00:33:02 - [MESSAGE][PASSED] - Attribute 'value' of object 'Object Repository/DispensaryToStore/Page_Store/input_txtprice' is: '1855'

2018-06-10 00:33:02 - [TEST_STEP][PASSED] - Statement - out.println("Stock QTY : " + StockQty): null

2018-06-10 00:33:02 - [TEST_STEP][PASSED] - delay: Delayed 2 second(s)

2018-06-10 00:33:04 - [MESSAGE][PASSED] - Delayed 2 second(s)

2018-06-10 00:33:04 - [TEST_STEP][PASSED] - Statement - If (java.lang.String.valueOf(StockQty) >= java.lang.String.valueOf(RequestedQty)): null

2018-06-10 00:33:04 - [TEST_STEP][PASSED] - setText: Text '10' is set on object 'Object Repository/DispensaryToStore/Page_Store/input_txtqty'

2018-06-10 00:33:04 - [MESSAGE][PASSED] - Text '10' is set on object 'Object Repository/DispensaryToStore/Page_Store/input_txtqty'

2018-06-10 00:33:04 - [TEST_STEP][PASSED] - click: Object: 'Object Repository/DispensaryToStore/Page_Store/button_Add' is clicked on

2018-06-10 00:33:04 - [MESSAGE][PASSED] - Object: 'Object Repository/DispensaryToStore/Page_Store/button_Add' is clicked on

2018-06-10 00:33:04 - [TEST_STEP][PASSED] - Statement - Break: null

2018-06-10 00:33:04 - [TEST_STEP][PASSED] - selectOptionByIndex: All options with index in [2] are selected on object 'Object Repository/DispensaryToStore/Page_Store/select_--Select--Adernaline 0.'

2018-06-10 00:33:04 - [MESSAGE][PASSED] - All options with index in [2] are selected on object 'Object Repository/DispensaryToStore/Page_Store/select_--Select--Adernaline 0.'

2018-06-10 00:33:04 - [TEST_STEP][PASSED] - delay: Delayed 2 second(s)

2018-06-10 00:33:06 - [MESSAGE][PASSED] - Delayed 2 second(s)

2018-06-10 00:33:06 - [TEST_STEP][PASSED] - Statement - RequestedQty = com.kms.katalon.core.webui.keyword.WebUiBuiltInKeywords.getAttribute(com.kms.katalon.core.testobject.ObjectRepository.findTestObject(DispensaryToStore/Page_Store/input_txttotal), "value"): Attribute 'value' of object 'Object Repository/DispensaryToStore/Page_Store/input_txttotal' is: '10'

2018-06-10 00:33:07 - [MESSAGE][PASSED] - Attribute 'value' of object 'Object Repository/DispensaryToStore/Page_Store/input_txttotal' is: '10'

2018-06-10 00:33:07 - [TEST_STEP][PASSED] - Statement - out.println("Requested QTY : " + RequestedQty): null

2018-06-10 00:33:07 - [TEST_STEP][PASSED] - Statement - BatchNumber = com.kms.katalon.core.webui.keyword.WebUiBuiltInKeywords.getNumberOfTotalOption(com.kms.katalon.core.testobject.ObjectRepository.findTestObject(DispensaryToStore/Page_Store/select_--Select--BA1170BA2376B)): 3 options of object 'Object Repository/DispensaryToStore/Page_Store/select_--Select--BA1170BA2376B' counted

2018-06-10 00:33:07 - [MESSAGE][PASSED] - 3 options of object 'Object Repository/DispensaryToStore/Page_Store/select_--Select--BA1170BA2376B' counted

2018-06-10 00:33:07 - [TEST_STEP][PASSED] - Statement - For ([g = 1, g <= BatchNumber - 1, (g++)]): null

2018-06-10 00:33:07 - [TEST_STEP][PASSED] - selectOptionByIndex: All options with index in [1] are selected on object 'Object Repository/DispensaryToStore/Page_Store/select_--Select--BA1170BA2376B'

2018-06-10 00:33:07 - [MESSAGE][PASSED] - All options with index in [1] are selected on object 'Object Repository/DispensaryToStore/Page_Store/select_--Select--BA1170BA2376B'

2018-06-10 00:33:07 - [TEST_STEP][PASSED] - Statement - Try: null

2018-06-10 00:33:07 - [TEST_STEP][PASSED] - Statement - StockQty = com.kms.katalon.core.webui.keyword.WebUiBuiltInKeywords.getAttribute(com.kms.katalon.core.testobject.ObjectRepository.findTestObject(DispensaryToStore/Page_Store/input_txtprice), "value"): Attribute 'value' of object 'Object Repository/DispensaryToStore/Page_Store/input_txtprice' is: '707'

2018-06-10 00:33:07 - [MESSAGE][PASSED] - Attribute 'value' of object 'Object Repository/DispensaryToStore/Page_Store/input_txtprice' is: '707'

2018-06-10 00:33:07 - [TEST_STEP][PASSED] - Statement - out.println("Stock QTY : " + StockQty): null

2018-06-10 00:33:07 - [TEST_STEP][PASSED] - delay: Delayed 2 second(s)

2018-06-10 00:33:09 - [MESSAGE][PASSED] - Delayed 2 second(s)

2018-06-10 00:33:09 - [TEST_STEP][PASSED] - Statement - If (java.lang.String.valueOf(StockQty) >= java.lang.String.valueOf(RequestedQty)): null

2018-06-10 00:33:09 - [TEST_STEP][PASSED] - setText: Text '10' is set on object 'Object Repository/DispensaryToStore/Page_Store/input_txtqty'

2018-06-10 00:33:09 - [MESSAGE][PASSED] - Text '10' is set on object 'Object Repository/DispensaryToStore/Page_Store/input_txtqty'

2018-06-10 00:33:09 - [TEST_STEP][PASSED] - click: Object: 'Object Repository/DispensaryToStore/Page_Store/button_Add' is clicked on

2018-06-10 00:33:09 - [MESSAGE][PASSED] - Object: 'Object Repository/DispensaryToStore/Page_Store/button_Add' is clicked on

2018-06-10 00:33:09 - [TEST_STEP][PASSED] - Statement - Break: null

2018-06-10 00:33:09 - [TEST_STEP][PASSED] - selectOptionByIndex: All options with index in [3] are selected on object 'Object Repository/DispensaryToStore/Page_Store/select_--Select--Adernaline 0.'

2018-06-10 00:33:09 - [MESSAGE][PASSED] - All options with index in [3] are selected on object 'Object Repository/DispensaryToStore/Page_Store/select_--Select--Adernaline 0.'

2018-06-10 00:33:09 - [TEST_STEP][PASSED] - delay: Delayed 2 second(s)

2018-06-10 00:33:11 - [MESSAGE][PASSED] - Delayed 2 second(s)

2018-06-10 00:33:11 - [TEST_STEP][PASSED] - Statement - RequestedQty = com.kms.katalon.core.webui.keyword.WebUiBuiltInKeywords.getAttribute(com.kms.katalon.core.testobject.ObjectRepository.findTestObject(DispensaryToStore/Page_Store/input_txttotal), "value"): Attribute 'value' of object 'Object Repository/DispensaryToStore/Page_Store/input_txttotal' is: '10'

2018-06-10 00:33:11 - [MESSAGE][PASSED] - Attribute 'value' of object 'Object Repository/DispensaryToStore/Page_Store/input_txttotal' is: '10'

2018-06-10 00:33:11 - [TEST_STEP][PASSED] - Statement - out.println("Requested QTY : " + RequestedQty): null

2018-06-10 00:33:11 - [TEST_STEP][PASSED] - Statement - BatchNumber = com.kms.katalon.core.webui.keyword.WebUiBuiltInKeywords.getNumberOfTotalOption(com.kms.katalon.core.testobject.ObjectRepository.findTestObject(DispensaryToStore/Page_Store/select_--Select--BA1170BA2376B)): 3 options of object 'Object Repository/DispensaryToStore/Page_Store/select_--Select--BA1170BA2376B' counted

2018-06-10 00:33:11 - [MESSAGE][PASSED] - 3 options of object 'Object Repository/DispensaryToStore/Page_Store/select_--Select--BA1170BA2376B' counted

2018-06-10 00:33:11 - [TEST_STEP][PASSED] - Statement - For ([g = 1, g <= BatchNumber - 1, (g++)]): null

2018-06-10 00:33:11 - [TEST_STEP][PASSED] - selectOptionByIndex: All options with index in [1] are selected on object 'Object Repository/DispensaryToStore/Page_Store/select_--Select--BA1170BA2376B'

2018-06-10 00:33:11 - [MESSAGE][PASSED] - All options with index in [1] are selected on object 'Object Repository/DispensaryToStore/Page_Store/select_--Select--BA1170BA2376B'

2018-06-10 00:33:11 - [TEST_STEP][PASSED] - Statement - Try: null

2018-06-10 00:33:11 - [TEST_STEP][PASSED] - Statement - StockQty = com.kms.katalon.core.webui.keyword.WebUiBuiltInKeywords.getAttribute(com.kms.katalon.core.testobject.ObjectRepository.findTestObject(DispensaryToStore/Page_Store/input_txtprice), "value"): Attribute 'value' of object 'Object Repository/DispensaryToStore/Page_Store/input_txtprice' is: '1755'

2018-06-10 00:33:11 - [MESSAGE][PASSED] - Attribute 'value' of object 'Object Repository/DispensaryToStore/Page_Store/input_txtprice' is: '1755'

2018-06-10 00:33:11 - [TEST_STEP][PASSED] - Statement - out.println("Stock QTY : " + StockQty): null

2018-06-10 00:33:11 - [TEST_STEP][PASSED] - delay: Delayed 2 second(s)

2018-06-10 00:33:13 - [MESSAGE][PASSED] - Delayed 2 second(s)

2018-06-10 00:33:13 - [TEST_STEP][PASSED] - Statement - If (java.lang.String.valueOf(StockQty) >= java.lang.String.valueOf(RequestedQty)): null

2018-06-10 00:33:13 - [TEST_STEP][PASSED] - setText: Text '10' is set on object 'Object Repository/DispensaryToStore/Page_Store/input_txtqty'

2018-06-10 00:33:13 - [MESSAGE][PASSED] - Text '10' is set on object 'Object Repository/DispensaryToStore/Page_Store/input_txtqty'

2018-06-10 00:33:13 - [TEST_STEP][PASSED] - click: Object: 'Object Repository/DispensaryToStore/Page_Store/button_Add' is clicked on

2018-06-10 00:33:13 - [MESSAGE][PASSED] - Object: 'Object Repository/DispensaryToStore/Page_Store/button_Add' is clicked on

2018-06-10 00:33:13 - [TEST_STEP][PASSED] - Statement - Break: null

2018-06-10 00:33:13 - [TEST_STEP][PASSED] - selectOptionByIndex: All options with index in [4] are selected on object 'Object Repository/DispensaryToStore/Page_Store/select_--Select--Adernaline 0.'

2018-06-10 00:33:14 - [MESSAGE][PASSED] - All options with index in [4] are selected on object 'Object Repository/DispensaryToStore/Page_Store/select_--Select--Adernaline 0.'

2018-06-10 00:33:14 - [TEST_STEP][PASSED] - delay: Delayed 2 second(s)

2018-06-10 00:33:16 - [MESSAGE][PASSED] - Delayed 2 second(s)

2018-06-10 00:33:16 - [TEST_STEP][PASSED] - Statement - RequestedQty = com.kms.katalon.core.webui.keyword.WebUiBuiltInKeywords.getAttribute(com.kms.katalon.core.testobject.ObjectRepository.findTestObject(DispensaryToStore/Page_Store/input_txttotal), "value"): Attribute 'value' of object 'Object Repository/DispensaryToStore/Page_Store/input_txttotal' is: '10'

2018-06-10 00:33:16 - [MESSAGE][PASSED] - Attribute 'value' of object 'Object Repository/DispensaryToStore/Page_Store/input_txttotal' is: '10'

2018-06-10 00:33:16 - [TEST_STEP][PASSED] - Statement - out.println("Requested QTY : " + RequestedQty): null

2018-06-10 00:33:16 - [TEST_STEP][PASSED] - Statement - BatchNumber = com.kms.katalon.core.webui.keyword.WebUiBuiltInKeywords.getNumberOfTotalOption(com.kms.katalon.core.testobject.ObjectRepository.findTestObject(DispensaryToStore/Page_Store/select_--Select--BA1170BA2376B)): 3 options of object 'Object Repository/DispensaryToStore/Page_Store/select_--Select--BA1170BA2376B' counted

2018-06-10 00:33:16 - [MESSAGE][PASSED] - 3 options of object 'Object Repository/DispensaryToStore/Page_Store/select_--Select--BA1170BA2376B' counted

2018-06-10 00:33:16 - [TEST_STEP][PASSED] - Statement - For ([g = 1, g <= BatchNumber - 1, (g++)]): null

2018-06-10 00:33:16 - [TEST_STEP][PASSED] - selectOptionByIndex: All options with index in [1] are selected on object 'Object Repository/DispensaryToStore/Page_Store/select_--Select--BA1170BA2376B'

2018-06-10 00:33:16 - [MESSAGE][PASSED] - All options with index in [1] are selected on object 'Object Repository/DispensaryToStore/Page_Store/select_--Select--BA1170BA2376B'

2018-06-10 00:33:16 - [TEST_STEP][PASSED] - Statement - Try: null

2018-06-10 00:33:16 - [TEST_STEP][PASSED] - Statement - StockQty = com.kms.katalon.core.webui.keyword.WebUiBuiltInKeywords.getAttribute(com.kms.katalon.core.testobject.ObjectRepository.findTestObject(DispensaryToStore/Page_Store/input_txtprice), "value"): Attribute 'value' of object 'Object Repository/DispensaryToStore/Page_Store/input_txtprice' is: '855'

2018-06-10 00:33:16 - [MESSAGE][PASSED] - Attribute 'value' of object 'Object Repository/DispensaryToStore/Page_Store/input_txtprice' is: '855'

2018-06-10 00:33:16 - [TEST_STEP][PASSED] - Statement - out.println("Stock QTY : " + StockQty): null

2018-06-10 00:33:16 - [TEST_STEP][PASSED] - delay: Delayed 2 second(s)

2018-06-10 00:33:18 - [MESSAGE][PASSED] - Delayed 2 second(s)

2018-06-10 00:33:18 - [TEST_STEP][PASSED] - Statement - If (java.lang.String.valueOf(StockQty) >= java.lang.String.valueOf(RequestedQty)): null

2018-06-10 00:33:18 - [TEST_STEP][PASSED] - setText: Text '10' is set on object 'Object Repository/DispensaryToStore/Page_Store/input_txtqty'

2018-06-10 00:33:18 - [MESSAGE][PASSED] - Text '10' is set on object 'Object Repository/DispensaryToStore/Page_Store/input_txtqty'

2018-06-10 00:33:18 - [TEST_STEP][PASSED] - click: Object: 'Object Repository/DispensaryToStore/Page_Store/button_Add' is clicked on

2018-06-10 00:33:18 - [MESSAGE][PASSED] - Object: 'Object Repository/DispensaryToStore/Page_Store/button_Add' is clicked on

2018-06-10 00:33:18 - [TEST_STEP][PASSED] - Statement - Break: null

2018-06-10 00:33:18 - [TEST_STEP][PASSED] - selectOptionByIndex: All options with index in [5] are selected on object 'Object Repository/DispensaryToStore/Page_Store/select_--Select--Adernaline 0.'

2018-06-10 00:33:18 - [MESSAGE][PASSED] - All options with index in [5] are selected on object 'Object Repository/DispensaryToStore/Page_Store/select_--Select--Adernaline 0.'

2018-06-10 00:33:18 - [TEST_STEP][PASSED] - delay: Delayed 2 second(s)

2018-06-10 00:33:20 - [MESSAGE][PASSED] - Delayed 2 second(s)

2018-06-10 00:33:20 - [TEST_STEP][PASSED] - Statement - RequestedQty = com.kms.katalon.core.webui.keyword.WebUiBuiltInKeywords.getAttribute(com.kms.katalon.core.testobject.ObjectRepository.findTestObject(DispensaryToStore/Page_Store/input_txttotal), "value"): Attribute 'value' of object 'Object Repository/DispensaryToStore/Page_Store/input_txttotal' is: '10'

2018-06-10 00:33:20 - [MESSAGE][PASSED] - Attribute 'value' of object 'Object Repository/DispensaryToStore/Page_Store/input_txttotal' is: '10'

2018-06-10 00:33:20 - [TEST_STEP][PASSED] - Statement - out.println("Requested QTY : " + RequestedQty): null

2018-06-10 00:33:20 - [TEST_STEP][PASSED] - Statement - BatchNumber = com.kms.katalon.core.webui.keyword.WebUiBuiltInKeywords.getNumberOfTotalOption(com.kms.katalon.core.testobject.ObjectRepository.findTestObject(DispensaryToStore/Page_Store/select_--Select--BA1170BA2376B)): 3 options of object 'Object Repository/DispensaryToStore/Page_Store/select_--Select--BA1170BA2376B' counted

2018-06-10 00:33:20 - [MESSAGE][PASSED] - 3 options of object 'Object Repository/DispensaryToStore/Page_Store/select_--Select--BA1170BA2376B' counted

2018-06-10 00:33:20 - [TEST_STEP][PASSED] - Statement - For ([g = 1, g <= BatchNumber - 1, (g++)]): null

2018-06-10 00:33:20 - [TEST_STEP][PASSED] - selectOptionByIndex: All options with index in [1] are selected on object 'Object Repository/DispensaryToStore/Page_Store/select_--Select--BA1170BA2376B'

2018-06-10 00:33:20 - [MESSAGE][PASSED] - All options with index in [1] are selected on object 'Object Repository/DispensaryToStore/Page_Store/select_--Select--BA1170BA2376B'

2018-06-10 00:33:20 - [TEST_STEP][PASSED] - Statement - Try: null

2018-06-10 00:33:20 - [TEST_STEP][PASSED] - Statement - StockQty = com.kms.katalon.core.webui.keyword.WebUiBuiltInKeywords.getAttribute(com.kms.katalon.core.testobject.ObjectRepository.findTestObject(DispensaryToStore/Page_Store/input_txtprice), "value"): Attribute 'value' of object 'Object Repository/DispensaryToStore/Page_Store/input_txtprice' is: '845'

2018-06-10 00:33:20 - [MESSAGE][PASSED] - Attribute 'value' of object 'Object Repository/DispensaryToStore/Page_Store/input_txtprice' is: '845'

2018-06-10 00:33:20 - [TEST_STEP][PASSED] - Statement - out.println("Stock QTY : " + StockQty): null

2018-06-10 00:33:20 - [TEST_STEP][PASSED] - delay: Delayed 2 second(s)

2018-06-10 00:33:22 - [MESSAGE][PASSED] - Delayed 2 second(s)

2018-06-10 00:33:22 - [TEST_STEP][PASSED] - Statement - If (java.lang.String.valueOf(StockQty) >= java.lang.String.valueOf(RequestedQty)): null

2018-06-10 00:33:22 - [TEST_STEP][PASSED] - setText: Text '10' is set on object 'Object Repository/DispensaryToStore/Page_Store/input_txtqty'

2018-06-10 00:33:22 - [MESSAGE][PASSED] - Text '10' is set on object 'Object Repository/DispensaryToStore/Page_Store/input_txtqty'

2018-06-10 00:33:22 - [TEST_STEP][PASSED] - click: Object: 'Object Repository/DispensaryToStore/Page_Store/button_Add' is clicked on

2018-06-10 00:33:23 - [MESSAGE][PASSED] - Object: 'Object Repository/DispensaryToStore/Page_Store/button_Add' is clicked on

2018-06-10 00:33:23 - [TEST_STEP][PASSED] - Statement - Break: null

2018-06-10 00:33:23 - [TEST_STEP][PASSED] - selectOptionByIndex: All options with index in [6] are selected on object 'Object Repository/DispensaryToStore/Page_Store/select_--Select--Adernaline 0.'

2018-06-10 00:33:23 - [MESSAGE][PASSED] - All options with index in [6] are selected on object 'Object Repository/DispensaryToStore/Page_Store/select_--Select--Adernaline 0.'

2018-06-10 00:33:23 - [TEST_STEP][PASSED] - delay: Delayed 2 second(s)

2018-06-10 00:33:25 - [MESSAGE][PASSED] - Delayed 2 second(s)

2018-06-10 00:33:25 - [TEST_STEP][PASSED] - Statement - RequestedQty = com.kms.katalon.core.webui.keyword.WebUiBuiltInKeywords.getAttribute(com.kms.katalon.core.testobject.ObjectRepository.findTestObject(DispensaryToStore/Page_Store/input_txttotal), "value"): Attribute 'value' of object 'Object Repository/DispensaryToStore/Page_Store/input_txttotal' is: '10'

2018-06-10 00:33:25 - [MESSAGE][PASSED] - Attribute 'value' of object 'Object Repository/DispensaryToStore/Page_Store/input_txttotal' is: '10'

2018-06-10 00:33:25 - [TEST_STEP][PASSED] - Statement - out.println("Requested QTY : " + RequestedQty): null

2018-06-10 00:33:25 - [TEST_STEP][PASSED] - Statement - BatchNumber = com.kms.katalon.core.webui.keyword.WebUiBuiltInKeywords.getNumberOfTotalOption(com.kms.katalon.core.testobject.ObjectRepository.findTestObject(DispensaryToStore/Page_Store/select_--Select--BA1170BA2376B)): 3 options of object 'Object Repository/DispensaryToStore/Page_Store/select_--Select--BA1170BA2376B' counted

2018-06-10 00:33:25 - [MESSAGE][PASSED] - 3 options of object 'Object Repository/DispensaryToStore/Page_Store/select_--Select--BA1170BA2376B' counted

2018-06-10 00:33:25 - [TEST_STEP][PASSED] - Statement - For ([g = 1, g <= BatchNumber - 1, (g++)]): null

2018-06-10 00:33:25 - [TEST_STEP][PASSED] - selectOptionByIndex: All options with index in [1] are selected on object 'Object Repository/DispensaryToStore/Page_Store/select_--Select--BA1170BA2376B'

2018-06-10 00:33:25 - [MESSAGE][PASSED] - All options with index in [1] are selected on object 'Object Repository/DispensaryToStore/Page_Store/select_--Select--BA1170BA2376B'

2018-06-10 00:33:25 - [TEST_STEP][PASSED] - Statement - Try: null

2018-06-10 00:33:25 - [TEST_STEP][PASSED] - Statement - StockQty = com.kms.katalon.core.webui.keyword.WebUiBuiltInKeywords.getAttribute(com.kms.katalon.core.testobject.ObjectRepository.findTestObject(DispensaryToStore/Page_Store/input_txtprice), "value"): Attribute 'value' of object 'Object Repository/DispensaryToStore/Page_Store/input_txtprice' is: '845'

2018-06-10 00:33:25 - [MESSAGE][PASSED] - Attribute 'value' of object 'Object Repository/DispensaryToStore/Page_Store/input_txtprice' is: '845'

2018-06-10 00:33:25 - [TEST_STEP][PASSED] - Statement - out.println("Stock QTY : " + StockQty): null

2018-06-10 00:33:25 - [TEST_STEP][PASSED] - delay: Delayed 2 second(s)

2018-06-10 00:33:27 - [MESSAGE][PASSED] - Delayed 2 second(s)

2018-06-10 00:33:27 - [TEST_STEP][PASSED] - Statement - If (java.lang.String.valueOf(StockQty) >= java.lang.String.valueOf(RequestedQty)): null

2018-06-10 00:33:27 - [TEST_STEP][PASSED] - setText: Text '10' is set on object 'Object Repository/DispensaryToStore/Page_Store/input_txtqty'

2018-06-10 00:33:27 - [MESSAGE][PASSED] - Text '10' is set on object 'Object Repository/DispensaryToStore/Page_Store/input_txtqty'

2018-06-10 00:33:27 - [TEST_STEP][PASSED] - click: Object: 'Object Repository/DispensaryToStore/Page_Store/button_Add' is clicked on

2018-06-10 00:33:27 - [MESSAGE][PASSED] - Object: 'Object Repository/DispensaryToStore/Page_Store/button_Add' is clicked on

2018-06-10 00:33:27 - [TEST_STEP][PASSED] - Statement - Break: null

2018-06-10 00:33:27 - [TEST_STEP][PASSED] - selectOptionByIndex: All options with index in [7] are selected on object 'Object Repository/DispensaryToStore/Page_Store/select_--Select--Adernaline 0.'

2018-06-10 00:33:27 - [MESSAGE][PASSED] - All options with index in [7] are selected on object 'Object Repository/DispensaryToStore/Page_Store/select_--Select--Adernaline 0.'

2018-06-10 00:33:27 - [TEST_STEP][PASSED] - delay: Delayed 2 second(s)

2018-06-10 00:33:29 - [MESSAGE][PASSED] - Delayed 2 second(s)

2018-06-10 00:33:29 - [TEST_STEP][PASSED] - Statement - RequestedQty = com.kms.katalon.core.webui.keyword.WebUiBuiltInKeywords.getAttribute(com.kms.katalon.core.testobject.ObjectRepository.findTestObject(DispensaryToStore/Page_Store/input_txttotal), "value"): Attribute 'value' of object 'Object Repository/DispensaryToStore/Page_Store/input_txttotal' is: '10'

2018-06-10 00:33:29 - [MESSAGE][PASSED] - Attribute 'value' of object 'Object Repository/DispensaryToStore/Page_Store/input_txttotal' is: '10'

2018-06-10 00:33:29 - [TEST_STEP][PASSED] - Statement - out.println("Requested QTY : " + RequestedQty): null

2018-06-10 00:33:29 - [TEST_STEP][PASSED] - Statement - BatchNumber = com.kms.katalon.core.webui.keyword.WebUiBuiltInKeywords.getNumberOfTotalOption(com.kms.katalon.core.testobject.ObjectRepository.findTestObject(DispensaryToStore/Page_Store/select_--Select--BA1170BA2376B)): 2 options of object 'Object Repository/DispensaryToStore/Page_Store/select_--Select--BA1170BA2376B' counted

2018-06-10 00:33:29 - [MESSAGE][PASSED] - 2 options of object 'Object Repository/DispensaryToStore/Page_Store/select_--Select--BA1170BA2376B' counted

2018-06-10 00:33:29 - [TEST_STEP][PASSED] - Statement - For ([g = 1, g <= BatchNumber - 1, (g++)]): null

2018-06-10 00:33:29 - [TEST_STEP][PASSED] - selectOptionByIndex: All options with index in [1] are selected on object 'Object Repository/DispensaryToStore/Page_Store/select_--Select--BA1170BA2376B'

2018-06-10 00:33:30 - [MESSAGE][PASSED] - All options with index in [1] are selected on object 'Object Repository/DispensaryToStore/Page_Store/select_--Select--BA1170BA2376B'

2018-06-10 00:33:30 - [TEST_STEP][PASSED] - Statement - Try: null

2018-06-10 00:33:30 - [TEST_STEP][PASSED] - Statement - StockQty = com.kms.katalon.core.webui.keyword.WebUiBuiltInKeywords.getAttribute(com.kms.katalon.core.testobject.ObjectRepository.findTestObject(DispensaryToStore/Page_Store/input_txtprice), "value"): Attribute 'value' of object 'Object Repository/DispensaryToStore/Page_Store/input_txtprice' is: ''

2018-06-10 00:33:30 - [MESSAGE][PASSED] - Attribute 'value' of object 'Object Repository/DispensaryToStore/Page_Store/input_txtprice' is: ''

2018-06-10 00:33:30 - [TEST_STEP][PASSED] - Statement - out.println("Stock QTY : " + StockQty): null

2018-06-10 00:33:30 - [TEST_STEP][PASSED] - delay: Delayed 2 second(s)

2018-06-10 00:33:32 - [MESSAGE][PASSED] - Delayed 2 second(s)

2018-06-10 00:33:32 - [TEST_STEP][PASSED] - Statement - If (java.lang.String.valueOf(StockQty) >= java.lang.String.valueOf(RequestedQty)): null

2018-06-10 00:33:32 - [TEST_STEP][PASSED] - Statement - Else: null

2018-06-10 00:33:32 - [TEST_STEP][PASSED] - Statement - out.println("Stock Is Less Than Requested Qty"): null

2018-06-10 00:33:32 - [TEST_STEP][PASSED] - selectOptionByIndex: All options with index in [8] are selected on object 'Object Repository/DispensaryToStore/Page_Store/select_--Select--Adernaline 0.'

2018-06-10 00:33:32 - [MESSAGE][PASSED] - All options with index in [8] are selected on object 'Object Repository/DispensaryToStore/Page_Store/select_--Select--Adernaline 0.'

2018-06-10 00:33:32 - [TEST_STEP][PASSED] - delay: Delayed 2 second(s)

2018-06-10 00:33:34 - [MESSAGE][PASSED] - Delayed 2 second(s)

2018-06-10 00:33:34 - [TEST_STEP][PASSED] - Statement - RequestedQty = com.kms.katalon.core.webui.keyword.WebUiBuiltInKeywords.getAttribute(com.kms.katalon.core.testobject.ObjectRepository.findTestObject(DispensaryToStore/Page_Store/input_txttotal), "value"): Attribute 'value' of object 'Object Repository/DispensaryToStore/Page_Store/input_txttotal' is: '10'

2018-06-10 00:33:34 - [MESSAGE][PASSED] - Attribute 'value' of object 'Object Repository/DispensaryToStore/Page_Store/input_txttotal' is: '10'

2018-06-10 00:33:34 - [TEST_STEP][PASSED] - Statement - out.println("Requested QTY : " + RequestedQty): null

2018-06-10 00:33:34 - [TEST_STEP][PASSED] - Statement - BatchNumber = com.kms.katalon.core.webui.keyword.WebUiBuiltInKeywords.getNumberOfTotalOption(com.kms.katalon.core.testobject.ObjectRepository.findTestObject(DispensaryToStore/Page_Store/select_--Select--BA1170BA2376B)): 3 options of object 'Object Repository/DispensaryToStore/Page_Store/select_--Select--BA1170BA2376B' counted

2018-06-10 00:33:34 - [MESSAGE][PASSED] - 3 options of object 'Object Repository/DispensaryToStore/Page_Store/select_--Select--BA1170BA2376B' counted

2018-06-10 00:33:34 - [TEST_STEP][PASSED] - Statement - For ([g = 1, g <= BatchNumber - 1, (g++)]): null

2018-06-10 00:33:34 - [TEST_STEP][PASSED] - selectOptionByIndex: All options with index in [1] are selected on object 'Object Repository/DispensaryToStore/Page_Store/select_--Select--BA1170BA2376B'

2018-06-10 00:33:34 - [MESSAGE][PASSED] - All options with index in [1] are selected on object 'Object Repository/DispensaryToStore/Page_Store/select_--Select--BA1170BA2376B'

2018-06-10 00:33:34 - [TEST_STEP][PASSED] - Statement - Try: null

2018-06-10 00:33:34 - [TEST_STEP][PASSED] - Statement - StockQty = com.kms.katalon.core.webui.keyword.WebUiBuiltInKeywords.getAttribute(com.kms.katalon.core.testobject.ObjectRepository.findTestObject(DispensaryToStore/Page_Store/input_txtprice), "value"): Attribute 'value' of object 'Object Repository/DispensaryToStore/Page_Store/input_txtprice' is: '1755'

2018-06-10 00:33:34 - [MESSAGE][PASSED] - Attribute 'value' of object 'Object Repository/DispensaryToStore/Page_Store/input_txtprice' is: '1755'

2018-06-10 00:33:34 - [TEST_STEP][PASSED] - Statement - out.println("Stock QTY : " + StockQty): null

2018-06-10 00:33:34 - [TEST_STEP][PASSED] - delay: Delayed 2 second(s)

2018-06-10 00:33:36 - [MESSAGE][PASSED] - Delayed 2 second(s)

2018-06-10 00:33:36 - [TEST_STEP][PASSED] - Statement - If (java.lang.String.valueOf(StockQty) >= java.lang.String.valueOf(RequestedQty)): null

2018-06-10 00:33:36 - [TEST_STEP][PASSED] - setText: Text '10' is set on object 'Object Repository/DispensaryToStore/Page_Store/input_txtqty'

2018-06-10 00:33:36 - [MESSAGE][PASSED] - Text '10' is set on object 'Object Repository/DispensaryToStore/Page_Store/input_txtqty'

2018-06-10 00:33:36 - [TEST_STEP][PASSED] - click: Object: 'Object Repository/DispensaryToStore/Page_Store/button_Add' is clicked on

2018-06-10 00:33:36 - [MESSAGE][PASSED] - Object: 'Object Repository/DispensaryToStore/Page_Store/button_Add' is clicked on

2018-06-10 00:33:36 - [TEST_STEP][PASSED] - Statement - Break: null

2018-06-10 00:33:36 - [TEST_STEP][PASSED] - selectOptionByIndex: All options with index in [9] are selected on object 'Object Repository/DispensaryToStore/Page_Store/select_--Select--Adernaline 0.'

2018-06-10 00:33:36 - [MESSAGE][PASSED] - All options with index in [9] are selected on object 'Object Repository/DispensaryToStore/Page_Store/select_--Select--Adernaline 0.'

2018-06-10 00:33:36 - [TEST_STEP][PASSED] - delay: Delayed 2 second(s)

2018-06-10 00:33:38 - [MESSAGE][PASSED] - Delayed 2 second(s)

2018-06-10 00:33:38 - [TEST_STEP][PASSED] - Statement - RequestedQty = com.kms.katalon.core.webui.keyword.WebUiBuiltInKeywords.getAttribute(com.kms.katalon.core.testobject.ObjectRepository.findTestObject(DispensaryToStore/Page_Store/input_txttotal), "value"): Attribute 'value' of object 'Object Repository/DispensaryToStore/Page_Store/input_txttotal' is: '10'

2018-06-10 00:33:38 - [MESSAGE][PASSED] - Attribute 'value' of object 'Object Repository/DispensaryToStore/Page_Store/input_txttotal' is: '10'

2018-06-10 00:33:38 - [TEST_STEP][PASSED] - Statement - out.println("Requested QTY : " + RequestedQty): null

2018-06-10 00:33:38 - [TEST_STEP][PASSED] - Statement - BatchNumber = com.kms.katalon.core.webui.keyword.WebUiBuiltInKeywords.getNumberOfTotalOption(com.kms.katalon.core.testobject.ObjectRepository.findTestObject(DispensaryToStore/Page_Store/select_--Select--BA1170BA2376B)): 3 options of object 'Object Repository/DispensaryToStore/Page_Store/select_--Select--BA1170BA2376B' counted

2018-06-10 00:33:38 - [MESSAGE][PASSED] - 3 options of object 'Object Repository/DispensaryToStore/Page_Store/select_--Select--BA1170BA2376B' counted

2018-06-10 00:33:38 - [TEST_STEP][PASSED] - Statement - For ([g = 1, g <= BatchNumber - 1, (g++)]): null

2018-06-10 00:33:38 - [TEST_STEP][PASSED] - selectOptionByIndex: All options with index in [1] are selected on object 'Object Repository/DispensaryToStore/Page_Store/select_--Select--BA1170BA2376B'

2018-06-10 00:33:39 - [MESSAGE][PASSED] - All options with index in [1] are selected on object 'Object Repository/DispensaryToStore/Page_Store/select_--Select--BA1170BA2376B'

2018-06-10 00:33:39 - [TEST_STEP][PASSED] - Statement - Try: null

2018-06-10 00:33:39 - [TEST_STEP][PASSED] - Statement - StockQty = com.kms.katalon.core.webui.keyword.WebUiBuiltInKeywords.getAttribute(com.kms.katalon.core.testobject.ObjectRepository.findTestObject(DispensaryToStore/Page_Store/input_txtprice), "value"): Attribute 'value' of object 'Object Repository/DispensaryToStore/Page_Store/input_txtprice' is: ''

2018-06-10 00:33:39 - [MESSAGE][PASSED] - Attribute 'value' of object 'Object Repository/DispensaryToStore/Page_Store/input_txtprice' is: ''

2018-06-10 00:33:39 - [TEST_STEP][PASSED] - Statement - out.println("Stock QTY : " + StockQty): null

2018-06-10 00:33:39 - [TEST_STEP][PASSED] - delay: Delayed 2 second(s)

2018-06-10 00:33:41 - [MESSAGE][PASSED] - Delayed 2 second(s)

2018-06-10 00:33:41 - [TEST_STEP][PASSED] - Statement - If (java.lang.String.valueOf(StockQty) >= java.lang.String.valueOf(RequestedQty)): null

2018-06-10 00:33:41 - [TEST_STEP][PASSED] - Statement - Else: null

2018-06-10 00:33:41 - [TEST_STEP][PASSED] - Statement - out.println("Stock Is Less Than Requested Qty"): null

2018-06-10 00:33:41 - [TEST_STEP][PASSED] - selectOptionByIndex: All options with index in [2] are selected on object 'Object Repository/DispensaryToStore/Page_Store/select_--Select--BA1170BA2376B'

2018-06-10 00:33:41 - [MESSAGE][PASSED] - All options with index in [2] are selected on object 'Object Repository/DispensaryToStore/Page_Store/select_--Select--BA1170BA2376B'

2018-06-10 00:33:41 - [TEST_STEP][PASSED] - Statement - Try: null

2018-06-10 00:33:41 - [TEST_STEP][PASSED] - Statement - StockQty = com.kms.katalon.core.webui.keyword.WebUiBuiltInKeywords.getAttribute(com.kms.katalon.core.testobject.ObjectRepository.findTestObject(DispensaryToStore/Page_Store/input_txtprice), "value"): Attribute 'value' of object 'Object Repository/DispensaryToStore/Page_Store/input_txtprice' is: '1010'

2018-06-10 00:33:41 - [MESSAGE][PASSED] - Attribute 'value' of object 'Object Repository/DispensaryToStore/Page_Store/input_txtprice' is: '1010'

2018-06-10 00:33:41 - [TEST_STEP][PASSED] - Statement - out.println("Stock QTY : " + StockQty): null

2018-06-10 00:33:41 - [TEST_STEP][PASSED] - delay: Delayed 2 second(s)

2018-06-10 00:33:43 - [MESSAGE][PASSED] - Delayed 2 second(s)

2018-06-10 00:33:43 - [TEST_STEP][PASSED] - Statement - If (java.lang.String.valueOf(StockQty) >= java.lang.String.valueOf(RequestedQty)): null

2018-06-10 00:33:43 - [TEST_STEP][PASSED] - setText: Text '10' is set on object 'Object Repository/DispensaryToStore/Page_Store/input_txtqty'

2018-06-10 00:33:43 - [MESSAGE][PASSED] - Text '10' is set on object 'Object Repository/DispensaryToStore/Page_Store/input_txtqty'

2018-06-10 00:33:43 - [TEST_STEP][PASSED] - click: Object: 'Object Repository/DispensaryToStore/Page_Store/button_Add' is clicked on

2018-06-10 00:33:43 - [MESSAGE][PASSED] - Object: 'Object Repository/DispensaryToStore/Page_Store/button_Add' is clicked on

2018-06-10 00:33:43 - [TEST_STEP][PASSED] - Statement - Break: null

2018-06-10 00:33:43 - [TEST_STEP][PASSED] - selectOptionByIndex: All options with index in [10] are selected on object 'Object Repository/DispensaryToStore/Page_Store/select_--Select--Adernaline 0.'

2018-06-10 00:33:43 - [MESSAGE][PASSED] - All options with index in [10] are selected on object 'Object Repository/DispensaryToStore/Page_Store/select_--Select--Adernaline 0.'

2018-06-10 00:33:43 - [TEST_STEP][PASSED] - delay: Delayed 2 second(s)

2018-06-10 00:33:45 - [MESSAGE][PASSED] - Delayed 2 second(s)

2018-06-10 00:33:45 - [TEST_STEP][PASSED] - Statement - RequestedQty = com.kms.katalon.core.webui.keyword.WebUiBuiltInKeywords.getAttribute(com.kms.katalon.core.testobject.ObjectRepository.findTestObject(DispensaryToStore/Page_Store/input_txttotal), "value"): Attribute 'value' of object 'Object Repository/DispensaryToStore/Page_Store/input_txttotal' is: '10'

2018-06-10 00:33:45 - [MESSAGE][PASSED] - Attribute 'value' of object 'Object Repository/DispensaryToStore/Page_Store/input_txttotal' is: '10'

2018-06-10 00:33:45 - [TEST_STEP][PASSED] - Statement - out.println("Requested QTY : " + RequestedQty): null

2018-06-10 00:33:45 - [TEST_STEP][PASSED] - Statement - BatchNumber = com.kms.katalon.core.webui.keyword.WebUiBuiltInKeywords.getNumberOfTotalOption(com.kms.katalon.core.testobject.ObjectRepository.findTestObject(DispensaryToStore/Page_Store/select_--Select--BA1170BA2376B)): 3 options of object 'Object Repository/DispensaryToStore/Page_Store/select_--Select--BA1170BA2376B' counted

2018-06-10 00:33:45 - [MESSAGE][PASSED] - 3 options of object 'Object Repository/DispensaryToStore/Page_Store/select_--Select--BA1170BA2376B' counted

2018-06-10 00:33:45 - [TEST_STEP][PASSED] - Statement - For ([g = 1, g <= BatchNumber - 1, (g++)]): null

2018-06-10 00:33:45 - [TEST_STEP][PASSED] - selectOptionByIndex: All options with index in [1] are selected on object 'Object Repository/DispensaryToStore/Page_Store/select_--Select--BA1170BA2376B'

2018-06-10 00:33:45 - [MESSAGE][PASSED] - All options with index in [1] are selected on object 'Object Repository/DispensaryToStore/Page_Store/select_--Select--BA1170BA2376B'

2018-06-10 00:33:45 - [TEST_STEP][PASSED] - Statement - Try: null

2018-06-10 00:33:45 - [TEST_STEP][PASSED] - Statement - StockQty = com.kms.katalon.core.webui.keyword.WebUiBuiltInKeywords.getAttribute(com.kms.katalon.core.testobject.ObjectRepository.findTestObject(DispensaryToStore/Page_Store/input_txtprice), "value"): Attribute 'value' of object 'Object Repository/DispensaryToStore/Page_Store/input_txtprice' is: '420'

2018-06-10 00:33:45 - [MESSAGE][PASSED] - Attribute 'value' of object 'Object Repository/DispensaryToStore/Page_Store/input_txtprice' is: '420'

2018-06-10 00:33:45 - [TEST_STEP][PASSED] - Statement - out.println("Stock QTY : " + StockQty): null

2018-06-10 00:33:45 - [TEST_STEP][PASSED] - delay: Delayed 2 second(s)

2018-06-10 00:33:47 - [MESSAGE][PASSED] - Delayed 2 second(s)

2018-06-10 00:33:47 - [TEST_STEP][PASSED] - Statement - If (java.lang.String.valueOf(StockQty) >= java.lang.String.valueOf(RequestedQty)): null

2018-06-10 00:33:47 - [TEST_STEP][PASSED] - setText: Text '10' is set on object 'Object Repository/DispensaryToStore/Page_Store/input_txtqty'

2018-06-10 00:33:47 - [MESSAGE][PASSED] - Text '10' is set on object 'Object Repository/DispensaryToStore/Page_Store/input_txtqty'

2018-06-10 00:33:47 - [TEST_STEP][PASSED] - click: Object: 'Object Repository/DispensaryToStore/Page_Store/button_Add' is clicked on

2018-06-10 00:33:47 - [MESSAGE][PASSED] - Object: 'Object Repository/DispensaryToStore/Page_Store/button_Add' is clicked on

2018-06-10 00:33:47 - [TEST_STEP][PASSED] - Statement - Break: null

2018-06-10 00:33:47 - [TEST_STEP][PASSED] - selectOptionByIndex: All options with index in [11] are selected on object 'Object Repository/DispensaryToStore/Page_Store/select_--Select--Adernaline 0.'

2018-06-10 00:33:48 - [MESSAGE][PASSED] - All options with index in [11] are selected on object 'Object Repository/DispensaryToStore/Page_Store/select_--Select--Adernaline 0.'

2018-06-10 00:33:48 - [TEST_STEP][PASSED] - delay: Delayed 2 second(s)

2018-06-10 00:33:50 - [MESSAGE][PASSED] - Delayed 2 second(s)

2018-06-10 00:33:50 - [TEST_STEP][PASSED] - Statement - RequestedQty = com.kms.katalon.core.webui.keyword.WebUiBuiltInKeywords.getAttribute(com.kms.katalon.core.testobject.ObjectRepository.findTestObject(DispensaryToStore/Page_Store/input_txttotal), "value"): Attribute 'value' of object 'Object Repository/DispensaryToStore/Page_Store/input_txttotal' is: '10'

2018-06-10 00:33:50 - [MESSAGE][PASSED] - Attribute 'value' of object 'Object Repository/DispensaryToStore/Page_Store/input_txttotal' is: '10'

2018-06-10 00:33:50 - [TEST_STEP][PASSED] - Statement - out.println("Requested QTY : " + RequestedQty): null

2018-06-10 00:33:50 - [TEST_STEP][PASSED] - Statement - BatchNumber = com.kms.katalon.core.webui.keyword.WebUiBuiltInKeywords.getNumberOfTotalOption(com.kms.katalon.core.testobject.ObjectRepository.findTestObject(DispensaryToStore/Page_Store/select_--Select--BA1170BA2376B)): 4 options of object 'Object Repository/DispensaryToStore/Page_Store/select_--Select--BA1170BA2376B' counted

2018-06-10 00:33:50 - [MESSAGE][PASSED] - 4 options of object 'Object Repository/DispensaryToStore/Page_Store/select_--Select--BA1170BA2376B' counted

2018-06-10 00:33:50 - [TEST_STEP][PASSED] - Statement - For ([g = 1, g <= BatchNumber - 1, (g++)]): null

2018-06-10 00:33:50 - [TEST_STEP][PASSED] - selectOptionByIndex: All options with index in [1] are selected on object 'Object Repository/DispensaryToStore/Page_Store/select_--Select--BA1170BA2376B'

2018-06-10 00:33:50 - [MESSAGE][PASSED] - All options with index in [1] are selected on object 'Object Repository/DispensaryToStore/Page_Store/select_--Select--BA1170BA2376B'

2018-06-10 00:33:50 - [TEST_STEP][PASSED] - Statement - Try: null

2018-06-10 00:33:50 - [TEST_STEP][PASSED] - Statement - StockQty = com.kms.katalon.core.webui.keyword.WebUiBuiltInKeywords.getAttribute(com.kms.katalon.core.testobject.ObjectRepository.findTestObject(DispensaryToStore/Page_Store/input_txtprice), "value"): Attribute 'value' of object 'Object Repository/DispensaryToStore/Page_Store/input_txtprice' is: '845'

2018-06-10 00:33:50 - [MESSAGE][PASSED] - Attribute 'value' of object 'Object Repository/DispensaryToStore/Page_Store/input_txtprice' is: '845'

2018-06-10 00:33:50 - [TEST_STEP][PASSED] - Statement - out.println("Stock QTY : " + StockQty): null

2018-06-10 00:33:50 - [TEST_STEP][PASSED] - delay: Delayed 2 second(s)

2018-06-10 00:33:52 - [MESSAGE][PASSED] - Delayed 2 second(s)

2018-06-10 00:33:52 - [TEST_STEP][PASSED] - Statement - If (java.lang.String.valueOf(StockQty) >= java.lang.String.valueOf(RequestedQty)): null

2018-06-10 00:33:52 - [TEST_STEP][PASSED] - setText: Text '10' is set on object 'Object Repository/DispensaryToStore/Page_Store/input_txtqty'

2018-06-10 00:33:52 - [MESSAGE][PASSED] - Text '10' is set on object 'Object Repository/DispensaryToStore/Page_Store/input_txtqty'

2018-06-10 00:33:52 - [TEST_STEP][PASSED] - click: Object: 'Object Repository/DispensaryToStore/Page_Store/button_Add' is clicked on

2018-06-10 00:33:52 - [MESSAGE][PASSED] - Object: 'Object Repository/DispensaryToStore/Page_Store/button_Add' is clicked on

2018-06-10 00:33:52 - [TEST_STEP][PASSED] - Statement - Break: null

2018-06-10 00:33:52 - [TEST_STEP][PASSED] - selectOptionByIndex: All options with index in [12] are selected on object 'Object Repository/DispensaryToStore/Page_Store/select_--Select--Adernaline 0.'

2018-06-10 00:33:52 - [MESSAGE][PASSED] - All options with index in [12] are selected on object 'Object Repository/DispensaryToStore/Page_Store/select_--Select--Adernaline 0.'

2018-06-10 00:33:52 - [TEST_STEP][PASSED] - delay: Delayed 2 second(s)

2018-06-10 00:33:54 - [MESSAGE][PASSED] - Delayed 2 second(s)

2018-06-10 00:33:54 - [TEST_STEP][PASSED] - Statement - RequestedQty = com.kms.katalon.core.webui.keyword.WebUiBuiltInKeywords.getAttribute(com.kms.katalon.core.testobject.ObjectRepository.findTestObject(DispensaryToStore/Page_Store/input_txttotal), "value"): Attribute 'value' of object 'Object Repository/DispensaryToStore/Page_Store/input_txttotal' is: '10'

2018-06-10 00:33:54 - [MESSAGE][PASSED] - Attribute 'value' of object 'Object Repository/DispensaryToStore/Page_Store/input_txttotal' is: '10'

2018-06-10 00:33:54 - [TEST_STEP][PASSED] - Statement - out.println("Requested QTY : " + RequestedQty): null

2018-06-10 00:33:54 - [TEST_STEP][PASSED] - Statement - BatchNumber = com.kms.katalon.core.webui.keyword.WebUiBuiltInKeywords.getNumberOfTotalOption(com.kms.katalon.core.testobject.ObjectRepository.findTestObject(DispensaryToStore/Page_Store/select_--Select--BA1170BA2376B)): 2 options of object 'Object Repository/DispensaryToStore/Page_Store/select_--Select--BA1170BA2376B' counted

2018-06-10 00:33:54 - [MESSAGE][PASSED] - 2 options of object 'Object Repository/DispensaryToStore/Page_Store/select_--Select--BA1170BA2376B' counted

2018-06-10 00:33:54 - [TEST_STEP][PASSED] - Statement - For ([g = 1, g <= BatchNumber - 1, (g++)]): null

2018-06-10 00:33:54 - [TEST_STEP][PASSED] - selectOptionByIndex: All options with index in [1] are selected on object 'Object Repository/DispensaryToStore/Page_Store/select_--Select--BA1170BA2376B'

2018-06-10 00:33:55 - [MESSAGE][PASSED] - All options with index in [1] are selected on object 'Object Repository/DispensaryToStore/Page_Store/select_--Select--BA1170BA2376B'

2018-06-10 00:33:55 - [TEST_STEP][PASSED] - Statement - Try: null

2018-06-10 00:33:55 - [TEST_STEP][PASSED] - Statement - StockQty = com.kms.katalon.core.webui.keyword.WebUiBuiltInKeywords.getAttribute(com.kms.katalon.core.testobject.ObjectRepository.findTestObject(DispensaryToStore/Page_Store/input_txtprice), "value"): Attribute 'value' of object 'Object Repository/DispensaryToStore/Page_Store/input_txtprice' is: '1855'

2018-06-10 00:33:55 - [MESSAGE][PASSED] - Attribute 'value' of object 'Object Repository/DispensaryToStore/Page_Store/input_txtprice' is: '1855'

2018-06-10 00:33:55 - [TEST_STEP][PASSED] - Statement - out.println("Stock QTY : " + StockQty): null

2018-06-10 00:33:55 - [TEST_STEP][PASSED] - delay: Delayed 2 second(s)

2018-06-10 00:33:57 - [MESSAGE][PASSED] - Delayed 2 second(s)

2018-06-10 00:33:57 - [TEST_STEP][PASSED] - Statement - If (java.lang.String.valueOf(StockQty) >= java.lang.String.valueOf(RequestedQty)): null

2018-06-10 00:33:57 - [TEST_STEP][PASSED] - setText: Text '10' is set on object 'Object Repository/DispensaryToStore/Page_Store/input_txtqty'

2018-06-10 00:33:57 - [MESSAGE][PASSED] - Text '10' is set on object 'Object Repository/DispensaryToStore/Page_Store/input_txtqty'

2018-06-10 00:33:57 - [TEST_STEP][PASSED] - click: Object: 'Object Repository/DispensaryToStore/Page_Store/button_Add' is clicked on

2018-06-10 00:33:57 - [MESSAGE][PASSED] - Object: 'Object Repository/DispensaryToStore/Page_Store/button_Add' is clicked on

2018-06-10 00:33:57 - [TEST_STEP][PASSED] - Statement - Break: null

2018-06-10 00:33:57 - [TEST_STEP][PASSED] - selectOptionByIndex: All options with index in [13] are selected on object 'Object Repository/DispensaryToStore/Page_Store/select_--Select--Adernaline 0.'

2018-06-10 00:33:57 - [MESSAGE][PASSED] - All options with index in [13] are selected on object 'Object Repository/DispensaryToStore/Page_Store/select_--Select--Adernaline 0.'

2018-06-10 00:33:57 - [TEST_STEP][PASSED] - delay: Delayed 2 second(s)

2018-06-10 00:33:59 - [MESSAGE][PASSED] - Delayed 2 second(s)

2018-06-10 00:33:59 - [TEST_STEP][PASSED] - Statement - RequestedQty = com.kms.katalon.core.webui.keyword.WebUiBuiltInKeywords.getAttribute(com.kms.katalon.core.testobject.ObjectRepository.findTestObject(DispensaryToStore/Page_Store/input_txttotal), "value"): Attribute 'value' of object 'Object Repository/DispensaryToStore/Page_Store/input_txttotal' is: '10'

2018-06-10 00:33:59 - [MESSAGE][PASSED] - Attribute 'value' of object 'Object Repository/DispensaryToStore/Page_Store/input_txttotal' is: '10'

2018-06-10 00:33:59 - [TEST_STEP][PASSED] - Statement - out.println("Requested QTY : " + RequestedQty): null

2018-06-10 00:33:59 - [TEST_STEP][PASSED] - Statement - BatchNumber = com.kms.katalon.core.webui.keyword.WebUiBuiltInKeywords.getNumberOfTotalOption(com.kms.katalon.core.testobject.ObjectRepository.findTestObject(DispensaryToStore/Page_Store/select_--Select--BA1170BA2376B)): 3 options of object 'Object Repository/DispensaryToStore/Page_Store/select_--Select--BA1170BA2376B' counted

2018-06-10 00:33:59 - [MESSAGE][PASSED] - 3 options of object 'Object Repository/DispensaryToStore/Page_Store/select_--Select--BA1170BA2376B' counted

2018-06-10 00:33:59 - [TEST_STEP][PASSED] - Statement - For ([g = 1, g <= BatchNumber - 1, (g++)]): null

2018-06-10 00:33:59 - [TEST_STEP][PASSED] - selectOptionByIndex: All options with index in [1] are selected on object 'Object Repository/DispensaryToStore/Page_Store/select_--Select--BA1170BA2376B'

2018-06-10 00:33:59 - [MESSAGE][PASSED] - All options with index in [1] are selected on object 'Object Repository/DispensaryToStore/Page_Store/select_--Select--BA1170BA2376B'

2018-06-10 00:33:59 - [TEST_STEP][PASSED] - Statement - Try: null

2018-06-10 00:33:59 - [TEST_STEP][PASSED] - Statement - StockQty = com.kms.katalon.core.webui.keyword.WebUiBuiltInKeywords.getAttribute(com.kms.katalon.core.testobject.ObjectRepository.findTestObject(DispensaryToStore/Page_Store/input_txtprice), "value"): Attribute 'value' of object 'Object Repository/DispensaryToStore/Page_Store/input_txtprice' is: ''

2018-06-10 00:33:59 - [MESSAGE][PASSED] - Attribute 'value' of object 'Object Repository/DispensaryToStore/Page_Store/input_txtprice' is: ''

2018-06-10 00:33:59 - [TEST_STEP][PASSED] - Statement - out.println("Stock QTY : " + StockQty): null

2018-06-10 00:33:59 - [TEST_STEP][PASSED] - delay: Delayed 2 second(s)

2018-06-10 00:34:01 - [MESSAGE][PASSED] - Delayed 2 second(s)

2018-06-10 00:34:01 - [TEST_STEP][PASSED] - Statement - If (java.lang.String.valueOf(StockQty) >= java.lang.String.valueOf(RequestedQty)): null

2018-06-10 00:34:01 - [TEST_STEP][PASSED] - Statement - Else: null

2018-06-10 00:34:01 - [TEST_STEP][PASSED] - Statement - out.println("Stock Is Less Than Requested Qty"): null

2018-06-10 00:34:01 - [TEST_STEP][PASSED] - selectOptionByIndex: All options with index in [2] are selected on object 'Object Repository/DispensaryToStore/Page_Store/select_--Select--BA1170BA2376B'

2018-06-10 00:34:01 - [MESSAGE][PASSED] - All options with index in [2] are selected on object 'Object Repository/DispensaryToStore/Page_Store/select_--Select--BA1170BA2376B'

2018-06-10 00:34:01 - [TEST_STEP][PASSED] - Statement - Try: null

2018-06-10 00:34:01 - [TEST_STEP][PASSED] - Statement - StockQty = com.kms.katalon.core.webui.keyword.WebUiBuiltInKeywords.getAttribute(com.kms.katalon.core.testobject.ObjectRepository.findTestObject(DispensaryToStore/Page_Store/input_txtprice), "value"): Attribute 'value' of object 'Object Repository/DispensaryToStore/Page_Store/input_txtprice' is: '845'

2018-06-10 00:34:01 - [MESSAGE][PASSED] - Attribute 'value' of object 'Object Repository/DispensaryToStore/Page_Store/input_txtprice' is: '845'

2018-06-10 00:34:01 - [TEST_STEP][PASSED] - Statement - out.println("Stock QTY : " + StockQty): null

2018-06-10 00:34:01 - [TEST_STEP][PASSED] - delay: Delayed 2 second(s)

2018-06-10 00:34:03 - [MESSAGE][PASSED] - Delayed 2 second(s)

2018-06-10 00:34:03 - [TEST_STEP][PASSED] - Statement - If (java.lang.String.valueOf(StockQty) >= java.lang.String.valueOf(RequestedQty)): null

2018-06-10 00:34:03 - [TEST_STEP][PASSED] - setText: Text '10' is set on object 'Object Repository/DispensaryToStore/Page_Store/input_txtqty'

2018-06-10 00:34:03 - [MESSAGE][PASSED] - Text '10' is set on object 'Object Repository/DispensaryToStore/Page_Store/input_txtqty'

2018-06-10 00:34:03 - [TEST_STEP][PASSED] - click: Object: 'Object Repository/DispensaryToStore/Page_Store/button_Add' is clicked on

2018-06-10 00:34:03 - [MESSAGE][PASSED] - Object: 'Object Repository/DispensaryToStore/Page_Store/button_Add' is clicked on

2018-06-10 00:34:03 - [TEST_STEP][PASSED] - Statement - Break: null

2018-06-10 00:34:03 - [TEST_STEP][PASSED] - selectOptionByIndex: All options with index in [14] are selected on object 'Object Repository/DispensaryToStore/Page_Store/select_--Select--Adernaline 0.'

2018-06-10 00:34:04 - [MESSAGE][PASSED] - All options with index in [14] are selected on object 'Object Repository/DispensaryToStore/Page_Store/select_--Select--Adernaline 0.'

2018-06-10 00:34:04 - [TEST_STEP][PASSED] - delay: Delayed 2 second(s)

2018-06-10 00:34:06 - [MESSAGE][PASSED] - Delayed 2 second(s)

2018-06-10 00:34:06 - [TEST_STEP][PASSED] - Statement - RequestedQty = com.kms.katalon.core.webui.keyword.WebUiBuiltInKeywords.getAttribute(com.kms.katalon.core.testobject.ObjectRepository.findTestObject(DispensaryToStore/Page_Store/input_txttotal), "value"): Attribute 'value' of object 'Object Repository/DispensaryToStore/Page_Store/input_txttotal' is: '10'

2018-06-10 00:34:06 - [MESSAGE][PASSED] - Attribute 'value' of object 'Object Repository/DispensaryToStore/Page_Store/input_txttotal' is: '10'

2018-06-10 00:34:06 - [TEST_STEP][PASSED] - Statement - out.println("Requested QTY : " + RequestedQty): null

2018-06-10 00:34:06 - [TEST_STEP][PASSED] - Statement - BatchNumber = com.kms.katalon.core.webui.keyword.WebUiBuiltInKeywords.getNumberOfTotalOption(com.kms.katalon.core.testobject.ObjectRepository.findTestObject(DispensaryToStore/Page_Store/select_--Select--BA1170BA2376B)): 3 options of object 'Object Repository/DispensaryToStore/Page_Store/select_--Select--BA1170BA2376B' counted

2018-06-10 00:34:06 - [MESSAGE][PASSED] - 3 options of object 'Object Repository/DispensaryToStore/Page_Store/select_--Select--BA1170BA2376B' counted

2018-06-10 00:34:06 - [TEST_STEP][PASSED] - Statement - For ([g = 1, g <= BatchNumber - 1, (g++)]): null

2018-06-10 00:34:06 - [TEST_STEP][PASSED] - selectOptionByIndex: All options with index in [1] are selected on object 'Object Repository/DispensaryToStore/Page_Store/select_--Select--BA1170BA2376B'

2018-06-10 00:34:06 - [MESSAGE][PASSED] - All options with index in [1] are selected on object 'Object Repository/DispensaryToStore/Page_Store/select_--Select--BA1170BA2376B'

2018-06-10 00:34:06 - [TEST_STEP][PASSED] - Statement - Try: null

2018-06-10 00:34:06 - [TEST_STEP][PASSED] - Statement - StockQty = com.kms.katalon.core.webui.keyword.WebUiBuiltInKeywords.getAttribute(com.kms.katalon.core.testobject.ObjectRepository.findTestObject(DispensaryToStore/Page_Store/input_txtprice), "value"): Attribute 'value' of object 'Object Repository/DispensaryToStore/Page_Store/input_txtprice' is: ''

2018-06-10 00:34:06 - [MESSAGE][PASSED] - Attribute 'value' of object 'Object Repository/DispensaryToStore/Page_Store/input_txtprice' is: ''

2018-06-10 00:34:06 - [TEST_STEP][PASSED] - Statement - out.println("Stock QTY : " + StockQty): null

2018-06-10 00:34:06 - [TEST_STEP][PASSED] - delay: Delayed 2 second(s)

2018-06-10 00:34:08 - [MESSAGE][PASSED] - Delayed 2 second(s)

2018-06-10 00:34:08 - [TEST_STEP][PASSED] - Statement - If (java.lang.String.valueOf(StockQty) >= java.lang.String.valueOf(RequestedQty)): null

2018-06-10 00:34:08 - [TEST_STEP][PASSED] - Statement - Else: null

2018-06-10 00:34:08 - [TEST_STEP][PASSED] - Statement - out.println("Stock Is Less Than Requested Qty"): null

2018-06-10 00:34:08 - [TEST_STEP][PASSED] - selectOptionByIndex: All options with index in [2] are selected on object 'Object Repository/DispensaryToStore/Page_Store/select_--Select--BA1170BA2376B'

2018-06-10 00:34:08 - [MESSAGE][PASSED] - All options with index in [2] are selected on object 'Object Repository/DispensaryToStore/Page_Store/select_--Select--BA1170BA2376B'

2018-06-10 00:34:08 - [TEST_STEP][PASSED] - Statement - Try: null

2018-06-10 00:34:08 - [TEST_STEP][PASSED] - Statement - StockQty = com.kms.katalon.core.webui.keyword.WebUiBuiltInKeywords.getAttribute(com.kms.katalon.core.testobject.ObjectRepository.findTestObject(DispensaryToStore/Page_Store/input_txtprice), "value"): Attribute 'value' of object 'Object Repository/DispensaryToStore/Page_Store/input_txtprice' is: '3955'

2018-06-10 00:34:08 - [MESSAGE][PASSED] - Attribute 'value' of object 'Object Repository/DispensaryToStore/Page_Store/input_txtprice' is: '3955'

2018-06-10 00:34:08 - [TEST_STEP][PASSED] - Statement - out.println("Stock QTY : " + StockQty): null

2018-06-10 00:34:08 - [TEST_STEP][PASSED] - delay: Delayed 2 second(s)

2018-06-10 00:34:10 - [MESSAGE][PASSED] - Delayed 2 second(s)

2018-06-10 00:34:10 - [TEST_STEP][PASSED] - Statement - If (java.lang.String.valueOf(StockQty) >= java.lang.String.valueOf(RequestedQty)): null

2018-06-10 00:34:10 - [TEST_STEP][PASSED] - setText: Text '10' is set on object 'Object Repository/DispensaryToStore/Page_Store/input_txtqty'

2018-06-10 00:34:10 - [MESSAGE][PASSED] - Text '10' is set on object 'Object Repository/DispensaryToStore/Page_Store/input_txtqty'

2018-06-10 00:34:10 - [TEST_STEP][PASSED] - click: Object: 'Object Repository/DispensaryToStore/Page_Store/button_Add' is clicked on

2018-06-10 00:34:10 - [MESSAGE][PASSED] - Object: 'Object Repository/DispensaryToStore/Page_Store/button_Add' is clicked on

2018-06-10 00:34:10 - [TEST_STEP][PASSED] - Statement - Break: null

2018-06-10 00:34:10 - [TEST_STEP][PASSED] - selectOptionByIndex: All options with index in [15] are selected on object 'Object Repository/DispensaryToStore/Page_Store/select_--Select--Adernaline 0.'

2018-06-10 00:34:11 - [MESSAGE][PASSED] - All options with index in [15] are selected on object 'Object Repository/DispensaryToStore/Page_Store/select_--Select--Adernaline 0.'

2018-06-10 00:34:11 - [TEST_STEP][PASSED] - delay: Delayed 2 second(s)

2018-06-10 00:34:13 - [MESSAGE][PASSED] - Delayed 2 second(s)

2018-06-10 00:34:13 - [TEST_STEP][PASSED] - Statement - RequestedQty = com.kms.katalon.core.webui.keyword.WebUiBuiltInKeywords.getAttribute(com.kms.katalon.core.testobject.ObjectRepository.findTestObject(DispensaryToStore/Page_Store/input_txttotal), "value"): Attribute 'value' of object 'Object Repository/DispensaryToStore/Page_Store/input_txttotal' is: '10'

2018-06-10 00:34:13 - [MESSAGE][PASSED] - Attribute 'value' of object 'Object Repository/DispensaryToStore/Page_Store/input_txttotal' is: '10'

2018-06-10 00:34:13 - [TEST_STEP][PASSED] - Statement - out.println("Requested QTY : " + RequestedQty): null

2018-06-10 00:34:13 - [TEST_STEP][PASSED] - Statement - BatchNumber = com.kms.katalon.core.webui.keyword.WebUiBuiltInKeywords.getNumberOfTotalOption(com.kms.katalon.core.testobject.ObjectRepository.findTestObject(DispensaryToStore/Page_Store/select_--Select--BA1170BA2376B)): 3 options of object 'Object Repository/DispensaryToStore/Page_Store/select_--Select--BA1170BA2376B' counted

2018-06-10 00:34:13 - [MESSAGE][PASSED] - 3 options of object 'Object Repository/DispensaryToStore/Page_Store/select_--Select--BA1170BA2376B' counted

2018-06-10 00:34:13 - [TEST_STEP][PASSED] - Statement - For ([g = 1, g <= BatchNumber - 1, (g++)]): null

2018-06-10 00:34:13 - [TEST_STEP][PASSED] - selectOptionByIndex: All options with index in [1] are selected on object 'Object Repository/DispensaryToStore/Page_Store/select_--Select--BA1170BA2376B'

2018-06-10 00:34:13 - [MESSAGE][PASSED] - All options with index in [1] are selected on object 'Object Repository/DispensaryToStore/Page_Store/select_--Select--BA1170BA2376B'

2018-06-10 00:34:13 - [TEST_STEP][PASSED] - Statement - Try: null

2018-06-10 00:34:13 - [TEST_STEP][PASSED] - Statement - StockQty = com.kms.katalon.core.webui.keyword.WebUiBuiltInKeywords.getAttribute(com.kms.katalon.core.testobject.ObjectRepository.findTestObject(DispensaryToStore/Page_Store/input_txtprice), "value"): Attribute 'value' of object 'Object Repository/DispensaryToStore/Page_Store/input_txtprice' is: '3965'

2018-06-10 00:34:13 - [MESSAGE][PASSED] - Attribute 'value' of object 'Object Repository/DispensaryToStore/Page_Store/input_txtprice' is: '3965'

2018-06-10 00:34:13 - [TEST_STEP][PASSED] - Statement - out.println("Stock QTY : " + StockQty): null

2018-06-10 00:34:13 - [TEST_STEP][PASSED] - delay: Delayed 2 second(s)

2018-06-10 00:34:15 - [MESSAGE][PASSED] - Delayed 2 second(s)

2018-06-10 00:34:15 - [TEST_STEP][PASSED] - Statement - If (java.lang.String.valueOf(StockQty) >= java.lang.String.valueOf(RequestedQty)): null

2018-06-10 00:34:15 - [TEST_STEP][PASSED] - setText: Text '10' is set on object 'Object Repository/DispensaryToStore/Page_Store/input_txtqty'

2018-06-10 00:34:15 - [MESSAGE][PASSED] - Text '10' is set on object 'Object Repository/DispensaryToStore/Page_Store/input_txtqty'

2018-06-10 00:34:15 - [TEST_STEP][PASSED] - click: Object: 'Object Repository/DispensaryToStore/Page_Store/button_Add' is clicked on

2018-06-10 00:34:15 - [MESSAGE][PASSED] - Object: 'Object Repository/DispensaryToStore/Page_Store/button_Add' is clicked on

2018-06-10 00:34:15 - [TEST_STEP][PASSED] - Statement - Break: null

2018-06-10 00:34:15 - [TEST_STEP][PASSED] - selectOptionByIndex: All options with index in [16] are selected on object 'Object Repository/DispensaryToStore/Page_Store/select_--Select--Adernaline 0.'

2018-06-10 00:34:15 - [MESSAGE][PASSED] - All options with index in [16] are selected on object 'Object Repository/DispensaryToStore/Page_Store/select_--Select--Adernaline 0.'

2018-06-10 00:34:15 - [TEST_STEP][PASSED] - delay: Delayed 2 second(s)

2018-06-10 00:34:17 - [MESSAGE][PASSED] - Delayed 2 second(s)

2018-06-10 00:34:17 - [TEST_STEP][PASSED] - Statement - RequestedQty = com.kms.katalon.core.webui.keyword.WebUiBuiltInKeywords.getAttribute(com.kms.katalon.core.testobject.ObjectRepository.findTestObject(DispensaryToStore/Page_Store/input_txttotal), "value"): Attribute 'value' of object 'Object Repository/DispensaryToStore/Page_Store/input_txttotal' is: '10'

2018-06-10 00:34:17 - [MESSAGE][PASSED] - Attribute 'value' of object 'Object Repository/DispensaryToStore/Page_Store/input_txttotal' is: '10'

2018-06-10 00:34:17 - [TEST_STEP][PASSED] - Statement - out.println("Requested QTY : " + RequestedQty): null

2018-06-10 00:34:17 - [TEST_STEP][PASSED] - Statement - BatchNumber = com.kms.katalon.core.webui.keyword.WebUiBuiltInKeywords.getNumberOfTotalOption(com.kms.katalon.core.testobject.ObjectRepository.findTestObject(DispensaryToStore/Page_Store/select_--Select--BA1170BA2376B)): 3 options of object 'Object Repository/DispensaryToStore/Page_Store/select_--Select--BA1170BA2376B' counted

2018-06-10 00:34:17 - [MESSAGE][PASSED] - 3 options of object 'Object Repository/DispensaryToStore/Page_Store/select_--Select--BA1170BA2376B' counted

2018-06-10 00:34:17 - [TEST_STEP][PASSED] - Statement - For ([g = 1, g <= BatchNumber - 1, (g++)]): null

2018-06-10 00:34:17 - [TEST_STEP][PASSED] - selectOptionByIndex: All options with index in [1] are selected on object 'Object Repository/DispensaryToStore/Page_Store/select_--Select--BA1170BA2376B'

2018-06-10 00:34:17 - [MESSAGE][PASSED] - All options with index in [1] are selected on object 'Object Repository/DispensaryToStore/Page_Store/select_--Select--BA1170BA2376B'

2018-06-10 00:34:17 - [TEST_STEP][PASSED] - Statement - Try: null

2018-06-10 00:34:17 - [TEST_STEP][PASSED] - Statement - StockQty = com.kms.katalon.core.webui.keyword.WebUiBuiltInKeywords.getAttribute(com.kms.katalon.core.testobject.ObjectRepository.findTestObject(DispensaryToStore/Page_Store/input_txtprice), "value"): Attribute 'value' of object 'Object Repository/DispensaryToStore/Page_Store/input_txtprice' is: '855'

2018-06-10 00:34:17 - [MESSAGE][PASSED] - Attribute 'value' of object 'Object Repository/DispensaryToStore/Page_Store/input_txtprice' is: '855'

2018-06-10 00:34:17 - [TEST_STEP][PASSED] - Statement - out.println("Stock QTY : " + StockQty): null

2018-06-10 00:34:17 - [TEST_STEP][PASSED] - delay: Delayed 2 second(s)

2018-06-10 00:34:19 - [MESSAGE][PASSED] - Delayed 2 second(s)

2018-06-10 00:34:19 - [TEST_STEP][PASSED] - Statement - If (java.lang.String.valueOf(StockQty) >= java.lang.String.valueOf(RequestedQty)): null

2018-06-10 00:34:19 - [TEST_STEP][PASSED] - setText: Text '10' is set on object 'Object Repository/DispensaryToStore/Page_Store/input_txtqty'

2018-06-10 00:34:19 - [MESSAGE][PASSED] - Text '10' is set on object 'Object Repository/DispensaryToStore/Page_Store/input_txtqty'

2018-06-10 00:34:19 - [TEST_STEP][PASSED] - click: Object: 'Object Repository/DispensaryToStore/Page_Store/button_Add' is clicked on

2018-06-10 00:34:20 - [MESSAGE][PASSED] - Object: 'Object Repository/DispensaryToStore/Page_Store/button_Add' is clicked on

2018-06-10 00:34:20 - [TEST_STEP][PASSED] - Statement - Break: null

2018-06-10 00:34:20 - [TEST_STEP][PASSED] - selectOptionByIndex: All options with index in [17] are selected on object 'Object Repository/DispensaryToStore/Page_Store/select_--Select--Adernaline 0.'

2018-06-10 00:34:20 - [MESSAGE][PASSED] - All options with index in [17] are selected on object 'Object Repository/DispensaryToStore/Page_Store/select_--Select--Adernaline 0.'

2018-06-10 00:34:20 - [TEST_STEP][PASSED] - delay: Delayed 2 second(s)

2018-06-10 00:34:22 - [MESSAGE][PASSED] - Delayed 2 second(s)

2018-06-10 00:34:22 - [TEST_STEP][PASSED] - Statement - RequestedQty = com.kms.katalon.core.webui.keyword.WebUiBuiltInKeywords.getAttribute(com.kms.katalon.core.testobject.ObjectRepository.findTestObject(DispensaryToStore/Page_Store/input_txttotal), "value"): Attribute 'value' of object 'Object Repository/DispensaryToStore/Page_Store/input_txttotal' is: '10'

2018-06-10 00:34:22 - [MESSAGE][PASSED] - Attribute 'value' of object 'Object Repository/DispensaryToStore/Page_Store/input_txttotal' is: '10'

2018-06-10 00:34:22 - [TEST_STEP][PASSED] - Statement - out.println("Requested QTY : " + RequestedQty): null

2018-06-10 00:34:22 - [TEST_STEP][PASSED] - Statement - BatchNumber = com.kms.katalon.core.webui.keyword.WebUiBuiltInKeywords.getNumberOfTotalOption(com.kms.katalon.core.testobject.ObjectRepository.findTestObject(DispensaryToStore/Page_Store/select_--Select--BA1170BA2376B)): 2 options of object 'Object Repository/DispensaryToStore/Page_Store/select_--Select--BA1170BA2376B' counted

2018-06-10 00:34:22 - [MESSAGE][PASSED] - 2 options of object 'Object Repository/DispensaryToStore/Page_Store/select_--Select--BA1170BA2376B' counted

2018-06-10 00:34:22 - [TEST_STEP][PASSED] - Statement - For ([g = 1, g <= BatchNumber - 1, (g++)]): null

2018-06-10 00:34:22 - [TEST_STEP][PASSED] - selectOptionByIndex: All options with index in [1] are selected on object 'Object Repository/DispensaryToStore/Page_Store/select_--Select--BA1170BA2376B'

2018-06-10 00:34:22 - [MESSAGE][PASSED] - All options with index in [1] are selected on object 'Object Repository/DispensaryToStore/Page_Store/select_--Select--BA1170BA2376B'

2018-06-10 00:34:22 - [TEST_STEP][PASSED] - Statement - Try: null

2018-06-10 00:34:22 - [TEST_STEP][PASSED] - Statement - StockQty = com.kms.katalon.core.webui.keyword.WebUiBuiltInKeywords.getAttribute(com.kms.katalon.core.testobject.ObjectRepository.findTestObject(DispensaryToStore/Page_Store/input_txtprice), "value"): Attribute 'value' of object 'Object Repository/DispensaryToStore/Page_Store/input_txtprice' is: '1895'

2018-06-10 00:34:22 - [MESSAGE][PASSED] - Attribute 'value' of object 'Object Repository/DispensaryToStore/Page_Store/input_txtprice' is: '1895'

2018-06-10 00:34:22 - [TEST_STEP][PASSED] - Statement - out.println("Stock QTY : " + StockQty): null

2018-06-10 00:34:22 - [TEST_STEP][PASSED] - delay: Delayed 2 second(s)

2018-06-10 00:34:24 - [MESSAGE][PASSED] - Delayed 2 second(s)

2018-06-10 00:34:24 - [TEST_STEP][PASSED] - Statement - If (java.lang.String.valueOf(StockQty) >= java.lang.String.valueOf(RequestedQty)): null

2018-06-10 00:34:24 - [TEST_STEP][PASSED] - setText: Text '10' is set on object 'Object Repository/DispensaryToStore/Page_Store/input_txtqty'

2018-06-10 00:34:24 - [MESSAGE][PASSED] - Text '10' is set on object 'Object Repository/DispensaryToStore/Page_Store/input_txtqty'

2018-06-10 00:34:24 - [TEST_STEP][PASSED] - click: Object: 'Object Repository/DispensaryToStore/Page_Store/button_Add' is clicked on

2018-06-10 00:34:24 - [MESSAGE][PASSED] - Object: 'Object Repository/DispensaryToStore/Page_Store/button_Add' is clicked on

2018-06-10 00:34:24 - [TEST_STEP][PASSED] - Statement - Break: null

2018-06-10 00:34:24 - [TEST_STEP][PASSED] - scrollToElement: Scroll to object 'Object Repository/DispensaryToStore/Page_Store/input_btnSubmit' successfully

2018-06-10 00:34:24 - [MESSAGE][PASSED] - Scroll to object 'Object Repository/DispensaryToStore/Page_Store/input_btnSubmit' successfully

2018-06-10 00:34:24 - [TEST_STEP][PASSED] - click: Object: 'Object Repository/DispensaryToStore/Page_Store/input_btnSubmit' is clicked on

2018-06-10 00:34:24 - [MESSAGE][PASSED] - Object: 'Object Repository/DispensaryToStore/Page_Store/input_btnSubmit' is clicked on

2018-06-10 00:34:24 - [TEST_STEP][PASSED] - delay: Delayed 3 second(s)

2018-06-10 00:34:27 - [MESSAGE][PASSED] - Delayed 3 second(s)

2018-06-10 00:34:27 - [TEST_STEP][PASSED] - click: Object: 'Object Repository/DispensaryToStore/Page_Store/button_OK' is clicked on

2018-06-10 00:34:28 - [MESSAGE][PASSED] - Object: 'Object Repository/DispensaryToStore/Page_Store/button_OK' is clicked on

2018-06-10 00:34:28 - [TEST_STEP][PASSED] - delay: Delayed 3 second(s)

2018-06-10 00:34:31 - [MESSAGE][PASSED] - Delayed 3 second(s)

2018-06-10 00:34:31 - [TEST_STEP][PASSED] - click: Object: 'Object Repository/DispensaryToStore/Page_Store/a_dropdown-toggle' is clicked on

2018-06-10 00:34:31 - [MESSAGE][PASSED] - Object: 'Object Repository/DispensaryToStore/Page_Store/a_dropdown-toggle' is clicked on

2018-06-10 00:34:31 - [TEST_STEP][PASSED] - click: Object: 'Object Repository/DispensaryToStore/Page_Store/a_Sign out' is clicked on

2018-06-10 00:34:32 - [MESSAGE][PASSED] - Object: 'Object Repository/DispensaryToStore/Page_Store/a_Sign out' is clicked on

2018-06-10 00:34:32 - [TEST_STEP][PASSED] - closeBrowser: Browser is closed

2018-06-10 00:34:33 - [MESSAGE][PASSED] - Browser is closed]]></system-out>
         <system-err><![CDATA[]]></system-err>
      </testcase>
      <testcase name="Test Cases/DISPENSARY TEST CASES/TC_DP_009 Verify Schedule 9 Dispensary Request Are Working Successfully Or Not" classname="Test Cases/DISPENSARY TEST CASES/TC_DP_009 Verify Schedule 9 Dispensary Request Are Working Successfully Or Not" status="PASSED">
         <system-out><![CDATA[2018-06-10 00:34:33 - [TEST_CASE][PASSED] - Test Cases/DISPENSARY TEST CASES/TC_DP_009 Verify Schedule 9 Dispensary Request Are Working Successfully Or Not: Test Cases/DISPENSARY TEST CASES/TC_DP_009 Verify Schedule 9 Dispensary Request Are Working Successfully Or Not

2018-06-10 00:34:33 - [TEST_STEP][PASSED] - openBrowser: Browser is opened with url: ''

2018-06-10 00:34:35 - [MESSAGE][PASSED] - Browser is opened with url: ''

2018-06-10 00:34:35 - [TEST_STEP][PASSED] - navigateToUrl: Navigate to 'http://192.168.137.1/multihospital_new/HDSplashscreen.aspx' successfully

2018-06-10 00:34:37 - [MESSAGE][PASSED] - Navigate to 'http://192.168.137.1/multihospital_new/HDSplashscreen.aspx' successfully

2018-06-10 00:34:37 - [TEST_STEP][PASSED] - maximizeWindow: Current window maximized

2018-06-10 00:34:38 - [MESSAGE][PASSED] - Current window maximized

2018-06-10 00:34:38 - [TEST_STEP][PASSED] - click: Object: 'Object Repository/DispensaryToStore/Page_KDMC/a_Dispensary Store' is clicked on

2018-06-10 00:34:38 - [MESSAGE][PASSED] - Object: 'Object Repository/DispensaryToStore/Page_KDMC/a_Dispensary Store' is clicked on

2018-06-10 00:34:38 - [TEST_STEP][PASSED] - setText: Text 'rajaram' is set on object 'Object Repository/DispensaryToStore/Page_Dispensary Store Login/input_txtusername'

2018-06-10 00:34:39 - [MESSAGE][PASSED] - Text 'rajaram' is set on object 'Object Repository/DispensaryToStore/Page_Dispensary Store Login/input_txtusername'

2018-06-10 00:34:39 - [TEST_STEP][PASSED] - setText: Text '123' is set on object 'Object Repository/DispensaryToStore/Page_Dispensary Store Login/input_txtpassword'

2018-06-10 00:34:39 - [MESSAGE][PASSED] - Text '123' is set on object 'Object Repository/DispensaryToStore/Page_Dispensary Store Login/input_txtpassword'

2018-06-10 00:34:39 - [TEST_STEP][PASSED] - delay: Delayed 3 second(s)

2018-06-10 00:34:42 - [MESSAGE][PASSED] - Delayed 3 second(s)

2018-06-10 00:34:42 - [TEST_STEP][PASSED] - sendKeys: Keys 'ENTER + ' sent to object: 'Object Repository/DispensaryToStore/Page_Dispensary Store Login/input_txtpassword'

2018-06-10 00:34:42 - [MESSAGE][PASSED] - Keys 'ENTER + ' sent to object: 'Object Repository/DispensaryToStore/Page_Dispensary Store Login/input_txtpassword'

2018-06-10 00:34:42 - [TEST_STEP][PASSED] - delay: Delayed 3 second(s)

2018-06-10 00:34:45 - [MESSAGE][PASSED] - Delayed 3 second(s)

2018-06-10 00:34:45 - [TEST_STEP][PASSED] - click: Object: 'Object Repository/DispensaryToStore/Page_Dispensary Store/a_Request to Store' is clicked on

2018-06-10 00:34:45 - [MESSAGE][PASSED] - Object: 'Object Repository/DispensaryToStore/Page_Dispensary Store/a_Request to Store' is clicked on

2018-06-10 00:34:45 - [TEST_STEP][PASSED] - click: Object: 'Object Repository/DispensaryToStore/Page_Dispensary Store/a_Medicine Request' is clicked on

2018-06-10 00:34:46 - [MESSAGE][PASSED] - Object: 'Object Repository/DispensaryToStore/Page_Dispensary Store/a_Medicine Request' is clicked on

2018-06-10 00:34:46 - [TEST_STEP][PASSED] - selectOptionByIndex: All options with index in [9] are selected on object 'Object Repository/DispensaryToStore/Page_Dispensary Store/select_--Select--Schedule 1Inj'

2018-06-10 00:34:46 - [MESSAGE][PASSED] - All options with index in [9] are selected on object 'Object Repository/DispensaryToStore/Page_Dispensary Store/select_--Select--Schedule 1Inj'

2018-06-10 00:34:46 - [TEST_STEP][PASSED] - Statement - medicineslength = com.kms.katalon.core.webui.keyword.WebUiBuiltInKeywords.getNumberOfTotalOption(com.kms.katalon.core.testobject.ObjectRepository.findTestObject(DispensaryToStore/Page_Dispensary Store/select_--Select--Adernaline 0.)): 36 options of object 'Object Repository/DispensaryToStore/Page_Dispensary Store/select_--Select--Adernaline 0.' counted

2018-06-10 00:34:47 - [MESSAGE][PASSED] - 36 options of object 'Object Repository/DispensaryToStore/Page_Dispensary Store/select_--Select--Adernaline 0.' counted

2018-06-10 00:34:47 - [TEST_STEP][PASSED] - Statement - For ([e = 1, e <= medicineslength - 1, (e++)]): Object: 'Object Repository/DispensaryToStore/Page_Dispensary Store/button_Add' is clicked on

2018-06-10 00:34:47 - [TEST_STEP][PASSED] - selectOptionByIndex: All options with index in [9] are selected on object 'Object Repository/DispensaryToStore/Page_Dispensary Store/select_--Select--Schedule 1Inj'

2018-06-10 00:34:47 - [MESSAGE][PASSED] - All options with index in [9] are selected on object 'Object Repository/DispensaryToStore/Page_Dispensary Store/select_--Select--Schedule 1Inj'

2018-06-10 00:34:47 - [TEST_STEP][PASSED] - selectOptionByIndex: All options with index in [1] are selected on object 'Object Repository/DispensaryToStore/Page_Dispensary Store/select_--Select--Adernaline 0.'

2018-06-10 00:34:47 - [MESSAGE][PASSED] - All options with index in [1] are selected on object 'Object Repository/DispensaryToStore/Page_Dispensary Store/select_--Select--Adernaline 0.'

2018-06-10 00:34:47 - [TEST_STEP][PASSED] - setText: Text '10' is set on object 'Object Repository/DispensaryToStore/Page_Dispensary Store/input_txttreat'

2018-06-10 00:34:47 - [MESSAGE][PASSED] - Text '10' is set on object 'Object Repository/DispensaryToStore/Page_Dispensary Store/input_txttreat'

2018-06-10 00:34:47 - [TEST_STEP][PASSED] - click: Object: 'Object Repository/DispensaryToStore/Page_Dispensary Store/button_Add' is clicked on

2018-06-10 00:34:47 - [MESSAGE][PASSED] - Object: 'Object Repository/DispensaryToStore/Page_Dispensary Store/button_Add' is clicked on

2018-06-10 00:34:47 - [TEST_STEP][PASSED] - selectOptionByIndex: All options with index in [9] are selected on object 'Object Repository/DispensaryToStore/Page_Dispensary Store/select_--Select--Schedule 1Inj'

2018-06-10 00:34:47 - [MESSAGE][PASSED] - All options with index in [9] are selected on object 'Object Repository/DispensaryToStore/Page_Dispensary Store/select_--Select--Schedule 1Inj'

2018-06-10 00:34:47 - [TEST_STEP][PASSED] - selectOptionByIndex: All options with index in [2] are selected on object 'Object Repository/DispensaryToStore/Page_Dispensary Store/select_--Select--Adernaline 0.'

2018-06-10 00:34:47 - [MESSAGE][PASSED] - All options with index in [2] are selected on object 'Object Repository/DispensaryToStore/Page_Dispensary Store/select_--Select--Adernaline 0.'

2018-06-10 00:34:47 - [TEST_STEP][PASSED] - setText: Text '10' is set on object 'Object Repository/DispensaryToStore/Page_Dispensary Store/input_txttreat'

2018-06-10 00:34:47 - [MESSAGE][PASSED] - Text '10' is set on object 'Object Repository/DispensaryToStore/Page_Dispensary Store/input_txttreat'

2018-06-10 00:34:47 - [TEST_STEP][PASSED] - click: Object: 'Object Repository/DispensaryToStore/Page_Dispensary Store/button_Add' is clicked on

2018-06-10 00:34:48 - [MESSAGE][PASSED] - Object: 'Object Repository/DispensaryToStore/Page_Dispensary Store/button_Add' is clicked on

2018-06-10 00:34:48 - [TEST_STEP][PASSED] - selectOptionByIndex: All options with index in [9] are selected on object 'Object Repository/DispensaryToStore/Page_Dispensary Store/select_--Select--Schedule 1Inj'

2018-06-10 00:34:48 - [MESSAGE][PASSED] - All options with index in [9] are selected on object 'Object Repository/DispensaryToStore/Page_Dispensary Store/select_--Select--Schedule 1Inj'

2018-06-10 00:34:48 - [TEST_STEP][PASSED] - selectOptionByIndex: All options with index in [3] are selected on object 'Object Repository/DispensaryToStore/Page_Dispensary Store/select_--Select--Adernaline 0.'

2018-06-10 00:34:48 - [MESSAGE][PASSED] - All options with index in [3] are selected on object 'Object Repository/DispensaryToStore/Page_Dispensary Store/select_--Select--Adernaline 0.'

2018-06-10 00:34:48 - [TEST_STEP][PASSED] - setText: Text '10' is set on object 'Object Repository/DispensaryToStore/Page_Dispensary Store/input_txttreat'

2018-06-10 00:34:48 - [MESSAGE][PASSED] - Text '10' is set on object 'Object Repository/DispensaryToStore/Page_Dispensary Store/input_txttreat'

2018-06-10 00:34:48 - [TEST_STEP][PASSED] - click: Object: 'Object Repository/DispensaryToStore/Page_Dispensary Store/button_Add' is clicked on

2018-06-10 00:34:48 - [MESSAGE][PASSED] - Object: 'Object Repository/DispensaryToStore/Page_Dispensary Store/button_Add' is clicked on

2018-06-10 00:34:48 - [TEST_STEP][PASSED] - selectOptionByIndex: All options with index in [9] are selected on object 'Object Repository/DispensaryToStore/Page_Dispensary Store/select_--Select--Schedule 1Inj'

2018-06-10 00:34:48 - [MESSAGE][PASSED] - All options with index in [9] are selected on object 'Object Repository/DispensaryToStore/Page_Dispensary Store/select_--Select--Schedule 1Inj'

2018-06-10 00:34:48 - [TEST_STEP][PASSED] - selectOptionByIndex: All options with index in [4] are selected on object 'Object Repository/DispensaryToStore/Page_Dispensary Store/select_--Select--Adernaline 0.'

2018-06-10 00:34:48 - [MESSAGE][PASSED] - All options with index in [4] are selected on object 'Object Repository/DispensaryToStore/Page_Dispensary Store/select_--Select--Adernaline 0.'

2018-06-10 00:34:48 - [TEST_STEP][PASSED] - setText: Text '10' is set on object 'Object Repository/DispensaryToStore/Page_Dispensary Store/input_txttreat'

2018-06-10 00:34:48 - [MESSAGE][PASSED] - Text '10' is set on object 'Object Repository/DispensaryToStore/Page_Dispensary Store/input_txttreat'

2018-06-10 00:34:48 - [TEST_STEP][PASSED] - click: Object: 'Object Repository/DispensaryToStore/Page_Dispensary Store/button_Add' is clicked on

2018-06-10 00:34:49 - [MESSAGE][PASSED] - Object: 'Object Repository/DispensaryToStore/Page_Dispensary Store/button_Add' is clicked on

2018-06-10 00:34:49 - [TEST_STEP][PASSED] - selectOptionByIndex: All options with index in [9] are selected on object 'Object Repository/DispensaryToStore/Page_Dispensary Store/select_--Select--Schedule 1Inj'

2018-06-10 00:34:49 - [MESSAGE][PASSED] - All options with index in [9] are selected on object 'Object Repository/DispensaryToStore/Page_Dispensary Store/select_--Select--Schedule 1Inj'

2018-06-10 00:34:49 - [TEST_STEP][PASSED] - selectOptionByIndex: All options with index in [5] are selected on object 'Object Repository/DispensaryToStore/Page_Dispensary Store/select_--Select--Adernaline 0.'

2018-06-10 00:34:49 - [MESSAGE][PASSED] - All options with index in [5] are selected on object 'Object Repository/DispensaryToStore/Page_Dispensary Store/select_--Select--Adernaline 0.'

2018-06-10 00:34:49 - [TEST_STEP][PASSED] - setText: Text '10' is set on object 'Object Repository/DispensaryToStore/Page_Dispensary Store/input_txttreat'

2018-06-10 00:34:49 - [MESSAGE][PASSED] - Text '10' is set on object 'Object Repository/DispensaryToStore/Page_Dispensary Store/input_txttreat'

2018-06-10 00:34:49 - [TEST_STEP][PASSED] - click: Object: 'Object Repository/DispensaryToStore/Page_Dispensary Store/button_Add' is clicked on

2018-06-10 00:34:49 - [MESSAGE][PASSED] - Object: 'Object Repository/DispensaryToStore/Page_Dispensary Store/button_Add' is clicked on

2018-06-10 00:34:49 - [TEST_STEP][PASSED] - selectOptionByIndex: All options with index in [9] are selected on object 'Object Repository/DispensaryToStore/Page_Dispensary Store/select_--Select--Schedule 1Inj'

2018-06-10 00:34:49 - [MESSAGE][PASSED] - All options with index in [9] are selected on object 'Object Repository/DispensaryToStore/Page_Dispensary Store/select_--Select--Schedule 1Inj'

2018-06-10 00:34:49 - [TEST_STEP][PASSED] - selectOptionByIndex: All options with index in [6] are selected on object 'Object Repository/DispensaryToStore/Page_Dispensary Store/select_--Select--Adernaline 0.'

2018-06-10 00:34:49 - [MESSAGE][PASSED] - All options with index in [6] are selected on object 'Object Repository/DispensaryToStore/Page_Dispensary Store/select_--Select--Adernaline 0.'

2018-06-10 00:34:49 - [TEST_STEP][PASSED] - setText: Text '10' is set on object 'Object Repository/DispensaryToStore/Page_Dispensary Store/input_txttreat'

2018-06-10 00:34:50 - [MESSAGE][PASSED] - Text '10' is set on object 'Object Repository/DispensaryToStore/Page_Dispensary Store/input_txttreat'

2018-06-10 00:34:50 - [TEST_STEP][PASSED] - click: Object: 'Object Repository/DispensaryToStore/Page_Dispensary Store/button_Add' is clicked on

2018-06-10 00:34:50 - [MESSAGE][PASSED] - Object: 'Object Repository/DispensaryToStore/Page_Dispensary Store/button_Add' is clicked on

2018-06-10 00:34:50 - [TEST_STEP][PASSED] - selectOptionByIndex: All options with index in [9] are selected on object 'Object Repository/DispensaryToStore/Page_Dispensary Store/select_--Select--Schedule 1Inj'

2018-06-10 00:34:50 - [MESSAGE][PASSED] - All options with index in [9] are selected on object 'Object Repository/DispensaryToStore/Page_Dispensary Store/select_--Select--Schedule 1Inj'

2018-06-10 00:34:50 - [TEST_STEP][PASSED] - selectOptionByIndex: All options with index in [7] are selected on object 'Object Repository/DispensaryToStore/Page_Dispensary Store/select_--Select--Adernaline 0.'

2018-06-10 00:34:50 - [MESSAGE][PASSED] - All options with index in [7] are selected on object 'Object Repository/DispensaryToStore/Page_Dispensary Store/select_--Select--Adernaline 0.'

2018-06-10 00:34:50 - [TEST_STEP][PASSED] - setText: Text '10' is set on object 'Object Repository/DispensaryToStore/Page_Dispensary Store/input_txttreat'

2018-06-10 00:34:50 - [MESSAGE][PASSED] - Text '10' is set on object 'Object Repository/DispensaryToStore/Page_Dispensary Store/input_txttreat'

2018-06-10 00:34:50 - [TEST_STEP][PASSED] - click: Object: 'Object Repository/DispensaryToStore/Page_Dispensary Store/button_Add' is clicked on

2018-06-10 00:34:50 - [MESSAGE][PASSED] - Object: 'Object Repository/DispensaryToStore/Page_Dispensary Store/button_Add' is clicked on

2018-06-10 00:34:50 - [TEST_STEP][PASSED] - selectOptionByIndex: All options with index in [9] are selected on object 'Object Repository/DispensaryToStore/Page_Dispensary Store/select_--Select--Schedule 1Inj'

2018-06-10 00:34:50 - [MESSAGE][PASSED] - All options with index in [9] are selected on object 'Object Repository/DispensaryToStore/Page_Dispensary Store/select_--Select--Schedule 1Inj'

2018-06-10 00:34:50 - [TEST_STEP][PASSED] - selectOptionByIndex: All options with index in [8] are selected on object 'Object Repository/DispensaryToStore/Page_Dispensary Store/select_--Select--Adernaline 0.'

2018-06-10 00:34:51 - [MESSAGE][PASSED] - All options with index in [8] are selected on object 'Object Repository/DispensaryToStore/Page_Dispensary Store/select_--Select--Adernaline 0.'

2018-06-10 00:34:51 - [TEST_STEP][PASSED] - setText: Text '10' is set on object 'Object Repository/DispensaryToStore/Page_Dispensary Store/input_txttreat'

2018-06-10 00:34:51 - [MESSAGE][PASSED] - Text '10' is set on object 'Object Repository/DispensaryToStore/Page_Dispensary Store/input_txttreat'

2018-06-10 00:34:51 - [TEST_STEP][PASSED] - click: Object: 'Object Repository/DispensaryToStore/Page_Dispensary Store/button_Add' is clicked on

2018-06-10 00:34:51 - [MESSAGE][PASSED] - Object: 'Object Repository/DispensaryToStore/Page_Dispensary Store/button_Add' is clicked on

2018-06-10 00:34:51 - [TEST_STEP][PASSED] - selectOptionByIndex: All options with index in [9] are selected on object 'Object Repository/DispensaryToStore/Page_Dispensary Store/select_--Select--Schedule 1Inj'

2018-06-10 00:34:51 - [MESSAGE][PASSED] - All options with index in [9] are selected on object 'Object Repository/DispensaryToStore/Page_Dispensary Store/select_--Select--Schedule 1Inj'

2018-06-10 00:34:51 - [TEST_STEP][PASSED] - selectOptionByIndex: All options with index in [9] are selected on object 'Object Repository/DispensaryToStore/Page_Dispensary Store/select_--Select--Adernaline 0.'

2018-06-10 00:34:51 - [MESSAGE][PASSED] - All options with index in [9] are selected on object 'Object Repository/DispensaryToStore/Page_Dispensary Store/select_--Select--Adernaline 0.'

2018-06-10 00:34:51 - [TEST_STEP][PASSED] - setText: Text '10' is set on object 'Object Repository/DispensaryToStore/Page_Dispensary Store/input_txttreat'

2018-06-10 00:34:51 - [MESSAGE][PASSED] - Text '10' is set on object 'Object Repository/DispensaryToStore/Page_Dispensary Store/input_txttreat'

2018-06-10 00:34:51 - [TEST_STEP][PASSED] - click: Object: 'Object Repository/DispensaryToStore/Page_Dispensary Store/button_Add' is clicked on

2018-06-10 00:34:51 - [MESSAGE][PASSED] - Object: 'Object Repository/DispensaryToStore/Page_Dispensary Store/button_Add' is clicked on

2018-06-10 00:34:51 - [TEST_STEP][PASSED] - selectOptionByIndex: All options with index in [9] are selected on object 'Object Repository/DispensaryToStore/Page_Dispensary Store/select_--Select--Schedule 1Inj'

2018-06-10 00:34:52 - [MESSAGE][PASSED] - All options with index in [9] are selected on object 'Object Repository/DispensaryToStore/Page_Dispensary Store/select_--Select--Schedule 1Inj'

2018-06-10 00:34:52 - [TEST_STEP][PASSED] - selectOptionByIndex: All options with index in [10] are selected on object 'Object Repository/DispensaryToStore/Page_Dispensary Store/select_--Select--Adernaline 0.'

2018-06-10 00:34:52 - [MESSAGE][PASSED] - All options with index in [10] are selected on object 'Object Repository/DispensaryToStore/Page_Dispensary Store/select_--Select--Adernaline 0.'

2018-06-10 00:34:52 - [TEST_STEP][PASSED] - setText: Text '10' is set on object 'Object Repository/DispensaryToStore/Page_Dispensary Store/input_txttreat'

2018-06-10 00:34:52 - [MESSAGE][PASSED] - Text '10' is set on object 'Object Repository/DispensaryToStore/Page_Dispensary Store/input_txttreat'

2018-06-10 00:34:52 - [TEST_STEP][PASSED] - click: Object: 'Object Repository/DispensaryToStore/Page_Dispensary Store/button_Add' is clicked on

2018-06-10 00:34:52 - [MESSAGE][PASSED] - Object: 'Object Repository/DispensaryToStore/Page_Dispensary Store/button_Add' is clicked on

2018-06-10 00:34:52 - [TEST_STEP][PASSED] - selectOptionByIndex: All options with index in [9] are selected on object 'Object Repository/DispensaryToStore/Page_Dispensary Store/select_--Select--Schedule 1Inj'

2018-06-10 00:34:52 - [MESSAGE][PASSED] - All options with index in [9] are selected on object 'Object Repository/DispensaryToStore/Page_Dispensary Store/select_--Select--Schedule 1Inj'

2018-06-10 00:34:52 - [TEST_STEP][PASSED] - selectOptionByIndex: All options with index in [11] are selected on object 'Object Repository/DispensaryToStore/Page_Dispensary Store/select_--Select--Adernaline 0.'

2018-06-10 00:34:52 - [MESSAGE][PASSED] - All options with index in [11] are selected on object 'Object Repository/DispensaryToStore/Page_Dispensary Store/select_--Select--Adernaline 0.'

2018-06-10 00:34:52 - [TEST_STEP][PASSED] - setText: Text '10' is set on object 'Object Repository/DispensaryToStore/Page_Dispensary Store/input_txttreat'

2018-06-10 00:34:52 - [MESSAGE][PASSED] - Text '10' is set on object 'Object Repository/DispensaryToStore/Page_Dispensary Store/input_txttreat'

2018-06-10 00:34:52 - [TEST_STEP][PASSED] - click: Object: 'Object Repository/DispensaryToStore/Page_Dispensary Store/button_Add' is clicked on

2018-06-10 00:34:52 - [MESSAGE][PASSED] - Object: 'Object Repository/DispensaryToStore/Page_Dispensary Store/button_Add' is clicked on

2018-06-10 00:34:52 - [TEST_STEP][PASSED] - selectOptionByIndex: All options with index in [9] are selected on object 'Object Repository/DispensaryToStore/Page_Dispensary Store/select_--Select--Schedule 1Inj'

2018-06-10 00:34:53 - [MESSAGE][PASSED] - All options with index in [9] are selected on object 'Object Repository/DispensaryToStore/Page_Dispensary Store/select_--Select--Schedule 1Inj'

2018-06-10 00:34:53 - [TEST_STEP][PASSED] - selectOptionByIndex: All options with index in [12] are selected on object 'Object Repository/DispensaryToStore/Page_Dispensary Store/select_--Select--Adernaline 0.'

2018-06-10 00:34:53 - [MESSAGE][PASSED] - All options with index in [12] are selected on object 'Object Repository/DispensaryToStore/Page_Dispensary Store/select_--Select--Adernaline 0.'

2018-06-10 00:34:53 - [TEST_STEP][PASSED] - setText: Text '10' is set on object 'Object Repository/DispensaryToStore/Page_Dispensary Store/input_txttreat'

2018-06-10 00:34:53 - [MESSAGE][PASSED] - Text '10' is set on object 'Object Repository/DispensaryToStore/Page_Dispensary Store/input_txttreat'

2018-06-10 00:34:53 - [TEST_STEP][PASSED] - click: Object: 'Object Repository/DispensaryToStore/Page_Dispensary Store/button_Add' is clicked on

2018-06-10 00:34:53 - [MESSAGE][PASSED] - Object: 'Object Repository/DispensaryToStore/Page_Dispensary Store/button_Add' is clicked on

2018-06-10 00:34:53 - [TEST_STEP][PASSED] - selectOptionByIndex: All options with index in [9] are selected on object 'Object Repository/DispensaryToStore/Page_Dispensary Store/select_--Select--Schedule 1Inj'

2018-06-10 00:34:53 - [MESSAGE][PASSED] - All options with index in [9] are selected on object 'Object Repository/DispensaryToStore/Page_Dispensary Store/select_--Select--Schedule 1Inj'

2018-06-10 00:34:53 - [TEST_STEP][PASSED] - selectOptionByIndex: All options with index in [13] are selected on object 'Object Repository/DispensaryToStore/Page_Dispensary Store/select_--Select--Adernaline 0.'

2018-06-10 00:34:54 - [MESSAGE][PASSED] - All options with index in [13] are selected on object 'Object Repository/DispensaryToStore/Page_Dispensary Store/select_--Select--Adernaline 0.'

2018-06-10 00:34:54 - [TEST_STEP][PASSED] - setText: Text '10' is set on object 'Object Repository/DispensaryToStore/Page_Dispensary Store/input_txttreat'

2018-06-10 00:34:54 - [MESSAGE][PASSED] - Text '10' is set on object 'Object Repository/DispensaryToStore/Page_Dispensary Store/input_txttreat'

2018-06-10 00:34:54 - [TEST_STEP][PASSED] - click: Object: 'Object Repository/DispensaryToStore/Page_Dispensary Store/button_Add' is clicked on

2018-06-10 00:34:54 - [MESSAGE][PASSED] - Object: 'Object Repository/DispensaryToStore/Page_Dispensary Store/button_Add' is clicked on

2018-06-10 00:34:54 - [TEST_STEP][PASSED] - selectOptionByIndex: All options with index in [9] are selected on object 'Object Repository/DispensaryToStore/Page_Dispensary Store/select_--Select--Schedule 1Inj'

2018-06-10 00:34:54 - [MESSAGE][PASSED] - All options with index in [9] are selected on object 'Object Repository/DispensaryToStore/Page_Dispensary Store/select_--Select--Schedule 1Inj'

2018-06-10 00:34:54 - [TEST_STEP][PASSED] - selectOptionByIndex: All options with index in [14] are selected on object 'Object Repository/DispensaryToStore/Page_Dispensary Store/select_--Select--Adernaline 0.'

2018-06-10 00:34:54 - [MESSAGE][PASSED] - All options with index in [14] are selected on object 'Object Repository/DispensaryToStore/Page_Dispensary Store/select_--Select--Adernaline 0.'

2018-06-10 00:34:54 - [TEST_STEP][PASSED] - setText: Text '10' is set on object 'Object Repository/DispensaryToStore/Page_Dispensary Store/input_txttreat'

2018-06-10 00:34:54 - [MESSAGE][PASSED] - Text '10' is set on object 'Object Repository/DispensaryToStore/Page_Dispensary Store/input_txttreat'

2018-06-10 00:34:54 - [TEST_STEP][PASSED] - click: Object: 'Object Repository/DispensaryToStore/Page_Dispensary Store/button_Add' is clicked on

2018-06-10 00:34:54 - [MESSAGE][PASSED] - Object: 'Object Repository/DispensaryToStore/Page_Dispensary Store/button_Add' is clicked on

2018-06-10 00:34:54 - [TEST_STEP][PASSED] - selectOptionByIndex: All options with index in [9] are selected on object 'Object Repository/DispensaryToStore/Page_Dispensary Store/select_--Select--Schedule 1Inj'

2018-06-10 00:34:55 - [MESSAGE][PASSED] - All options with index in [9] are selected on object 'Object Repository/DispensaryToStore/Page_Dispensary Store/select_--Select--Schedule 1Inj'

2018-06-10 00:34:55 - [TEST_STEP][PASSED] - selectOptionByIndex: All options with index in [15] are selected on object 'Object Repository/DispensaryToStore/Page_Dispensary Store/select_--Select--Adernaline 0.'

2018-06-10 00:34:55 - [MESSAGE][PASSED] - All options with index in [15] are selected on object 'Object Repository/DispensaryToStore/Page_Dispensary Store/select_--Select--Adernaline 0.'

2018-06-10 00:34:55 - [TEST_STEP][PASSED] - setText: Text '10' is set on object 'Object Repository/DispensaryToStore/Page_Dispensary Store/input_txttreat'

2018-06-10 00:34:55 - [MESSAGE][PASSED] - Text '10' is set on object 'Object Repository/DispensaryToStore/Page_Dispensary Store/input_txttreat'

2018-06-10 00:34:55 - [TEST_STEP][PASSED] - click: Object: 'Object Repository/DispensaryToStore/Page_Dispensary Store/button_Add' is clicked on

2018-06-10 00:34:55 - [MESSAGE][PASSED] - Object: 'Object Repository/DispensaryToStore/Page_Dispensary Store/button_Add' is clicked on

2018-06-10 00:34:55 - [TEST_STEP][PASSED] - selectOptionByIndex: All options with index in [9] are selected on object 'Object Repository/DispensaryToStore/Page_Dispensary Store/select_--Select--Schedule 1Inj'

2018-06-10 00:34:55 - [MESSAGE][PASSED] - All options with index in [9] are selected on object 'Object Repository/DispensaryToStore/Page_Dispensary Store/select_--Select--Schedule 1Inj'

2018-06-10 00:34:55 - [TEST_STEP][PASSED] - selectOptionByIndex: All options with index in [16] are selected on object 'Object Repository/DispensaryToStore/Page_Dispensary Store/select_--Select--Adernaline 0.'

2018-06-10 00:34:55 - [MESSAGE][PASSED] - All options with index in [16] are selected on object 'Object Repository/DispensaryToStore/Page_Dispensary Store/select_--Select--Adernaline 0.'

2018-06-10 00:34:55 - [TEST_STEP][PASSED] - setText: Text '10' is set on object 'Object Repository/DispensaryToStore/Page_Dispensary Store/input_txttreat'

2018-06-10 00:34:55 - [MESSAGE][PASSED] - Text '10' is set on object 'Object Repository/DispensaryToStore/Page_Dispensary Store/input_txttreat'

2018-06-10 00:34:55 - [TEST_STEP][PASSED] - click: Object: 'Object Repository/DispensaryToStore/Page_Dispensary Store/button_Add' is clicked on

2018-06-10 00:34:56 - [MESSAGE][PASSED] - Object: 'Object Repository/DispensaryToStore/Page_Dispensary Store/button_Add' is clicked on

2018-06-10 00:34:56 - [TEST_STEP][PASSED] - selectOptionByIndex: All options with index in [9] are selected on object 'Object Repository/DispensaryToStore/Page_Dispensary Store/select_--Select--Schedule 1Inj'

2018-06-10 00:34:56 - [MESSAGE][PASSED] - All options with index in [9] are selected on object 'Object Repository/DispensaryToStore/Page_Dispensary Store/select_--Select--Schedule 1Inj'

2018-06-10 00:34:56 - [TEST_STEP][PASSED] - selectOptionByIndex: All options with index in [17] are selected on object 'Object Repository/DispensaryToStore/Page_Dispensary Store/select_--Select--Adernaline 0.'

2018-06-10 00:34:56 - [MESSAGE][PASSED] - All options with index in [17] are selected on object 'Object Repository/DispensaryToStore/Page_Dispensary Store/select_--Select--Adernaline 0.'

2018-06-10 00:34:56 - [TEST_STEP][PASSED] - setText: Text '10' is set on object 'Object Repository/DispensaryToStore/Page_Dispensary Store/input_txttreat'

2018-06-10 00:34:56 - [MESSAGE][PASSED] - Text '10' is set on object 'Object Repository/DispensaryToStore/Page_Dispensary Store/input_txttreat'

2018-06-10 00:34:56 - [TEST_STEP][PASSED] - click: Object: 'Object Repository/DispensaryToStore/Page_Dispensary Store/button_Add' is clicked on

2018-06-10 00:34:56 - [MESSAGE][PASSED] - Object: 'Object Repository/DispensaryToStore/Page_Dispensary Store/button_Add' is clicked on

2018-06-10 00:34:56 - [TEST_STEP][PASSED] - selectOptionByIndex: All options with index in [9] are selected on object 'Object Repository/DispensaryToStore/Page_Dispensary Store/select_--Select--Schedule 1Inj'

2018-06-10 00:34:56 - [MESSAGE][PASSED] - All options with index in [9] are selected on object 'Object Repository/DispensaryToStore/Page_Dispensary Store/select_--Select--Schedule 1Inj'

2018-06-10 00:34:56 - [TEST_STEP][PASSED] - selectOptionByIndex: All options with index in [18] are selected on object 'Object Repository/DispensaryToStore/Page_Dispensary Store/select_--Select--Adernaline 0.'

2018-06-10 00:34:57 - [MESSAGE][PASSED] - All options with index in [18] are selected on object 'Object Repository/DispensaryToStore/Page_Dispensary Store/select_--Select--Adernaline 0.'

2018-06-10 00:34:57 - [TEST_STEP][PASSED] - setText: Text '10' is set on object 'Object Repository/DispensaryToStore/Page_Dispensary Store/input_txttreat'

2018-06-10 00:34:57 - [MESSAGE][PASSED] - Text '10' is set on object 'Object Repository/DispensaryToStore/Page_Dispensary Store/input_txttreat'

2018-06-10 00:34:57 - [TEST_STEP][PASSED] - click: Object: 'Object Repository/DispensaryToStore/Page_Dispensary Store/button_Add' is clicked on

2018-06-10 00:34:57 - [MESSAGE][PASSED] - Object: 'Object Repository/DispensaryToStore/Page_Dispensary Store/button_Add' is clicked on

2018-06-10 00:34:57 - [TEST_STEP][PASSED] - selectOptionByIndex: All options with index in [9] are selected on object 'Object Repository/DispensaryToStore/Page_Dispensary Store/select_--Select--Schedule 1Inj'

2018-06-10 00:34:57 - [MESSAGE][PASSED] - All options with index in [9] are selected on object 'Object Repository/DispensaryToStore/Page_Dispensary Store/select_--Select--Schedule 1Inj'

2018-06-10 00:34:57 - [TEST_STEP][PASSED] - selectOptionByIndex: All options with index in [19] are selected on object 'Object Repository/DispensaryToStore/Page_Dispensary Store/select_--Select--Adernaline 0.'

2018-06-10 00:34:57 - [MESSAGE][PASSED] - All options with index in [19] are selected on object 'Object Repository/DispensaryToStore/Page_Dispensary Store/select_--Select--Adernaline 0.'

2018-06-10 00:34:57 - [TEST_STEP][PASSED] - setText: Text '10' is set on object 'Object Repository/DispensaryToStore/Page_Dispensary Store/input_txttreat'

2018-06-10 00:34:57 - [MESSAGE][PASSED] - Text '10' is set on object 'Object Repository/DispensaryToStore/Page_Dispensary Store/input_txttreat'

2018-06-10 00:34:57 - [TEST_STEP][PASSED] - click: Object: 'Object Repository/DispensaryToStore/Page_Dispensary Store/button_Add' is clicked on

2018-06-10 00:34:57 - [MESSAGE][PASSED] - Object: 'Object Repository/DispensaryToStore/Page_Dispensary Store/button_Add' is clicked on

2018-06-10 00:34:57 - [TEST_STEP][PASSED] - selectOptionByIndex: All options with index in [9] are selected on object 'Object Repository/DispensaryToStore/Page_Dispensary Store/select_--Select--Schedule 1Inj'

2018-06-10 00:34:58 - [MESSAGE][PASSED] - All options with index in [9] are selected on object 'Object Repository/DispensaryToStore/Page_Dispensary Store/select_--Select--Schedule 1Inj'

2018-06-10 00:34:58 - [TEST_STEP][PASSED] - selectOptionByIndex: All options with index in [20] are selected on object 'Object Repository/DispensaryToStore/Page_Dispensary Store/select_--Select--Adernaline 0.'

2018-06-10 00:34:58 - [MESSAGE][PASSED] - All options with index in [20] are selected on object 'Object Repository/DispensaryToStore/Page_Dispensary Store/select_--Select--Adernaline 0.'

2018-06-10 00:34:58 - [TEST_STEP][PASSED] - setText: Text '10' is set on object 'Object Repository/DispensaryToStore/Page_Dispensary Store/input_txttreat'

2018-06-10 00:34:58 - [MESSAGE][PASSED] - Text '10' is set on object 'Object Repository/DispensaryToStore/Page_Dispensary Store/input_txttreat'

2018-06-10 00:34:58 - [TEST_STEP][PASSED] - click: Object: 'Object Repository/DispensaryToStore/Page_Dispensary Store/button_Add' is clicked on

2018-06-10 00:34:58 - [MESSAGE][PASSED] - Object: 'Object Repository/DispensaryToStore/Page_Dispensary Store/button_Add' is clicked on

2018-06-10 00:34:58 - [TEST_STEP][PASSED] - selectOptionByIndex: All options with index in [9] are selected on object 'Object Repository/DispensaryToStore/Page_Dispensary Store/select_--Select--Schedule 1Inj'

2018-06-10 00:34:58 - [MESSAGE][PASSED] - All options with index in [9] are selected on object 'Object Repository/DispensaryToStore/Page_Dispensary Store/select_--Select--Schedule 1Inj'

2018-06-10 00:34:58 - [TEST_STEP][PASSED] - selectOptionByIndex: All options with index in [21] are selected on object 'Object Repository/DispensaryToStore/Page_Dispensary Store/select_--Select--Adernaline 0.'

2018-06-10 00:34:59 - [MESSAGE][PASSED] - All options with index in [21] are selected on object 'Object Repository/DispensaryToStore/Page_Dispensary Store/select_--Select--Adernaline 0.'

2018-06-10 00:34:59 - [TEST_STEP][PASSED] - setText: Text '10' is set on object 'Object Repository/DispensaryToStore/Page_Dispensary Store/input_txttreat'

2018-06-10 00:34:59 - [MESSAGE][PASSED] - Text '10' is set on object 'Object Repository/DispensaryToStore/Page_Dispensary Store/input_txttreat'

2018-06-10 00:34:59 - [TEST_STEP][PASSED] - click: Object: 'Object Repository/DispensaryToStore/Page_Dispensary Store/button_Add' is clicked on

2018-06-10 00:34:59 - [MESSAGE][PASSED] - Object: 'Object Repository/DispensaryToStore/Page_Dispensary Store/button_Add' is clicked on

2018-06-10 00:34:59 - [TEST_STEP][PASSED] - selectOptionByIndex: All options with index in [9] are selected on object 'Object Repository/DispensaryToStore/Page_Dispensary Store/select_--Select--Schedule 1Inj'

2018-06-10 00:34:59 - [MESSAGE][PASSED] - All options with index in [9] are selected on object 'Object Repository/DispensaryToStore/Page_Dispensary Store/select_--Select--Schedule 1Inj'

2018-06-10 00:34:59 - [TEST_STEP][PASSED] - selectOptionByIndex: All options with index in [22] are selected on object 'Object Repository/DispensaryToStore/Page_Dispensary Store/select_--Select--Adernaline 0.'

2018-06-10 00:34:59 - [MESSAGE][PASSED] - All options with index in [22] are selected on object 'Object Repository/DispensaryToStore/Page_Dispensary Store/select_--Select--Adernaline 0.'

2018-06-10 00:34:59 - [TEST_STEP][PASSED] - setText: Text '10' is set on object 'Object Repository/DispensaryToStore/Page_Dispensary Store/input_txttreat'

2018-06-10 00:34:59 - [MESSAGE][PASSED] - Text '10' is set on object 'Object Repository/DispensaryToStore/Page_Dispensary Store/input_txttreat'

2018-06-10 00:34:59 - [TEST_STEP][PASSED] - click: Object: 'Object Repository/DispensaryToStore/Page_Dispensary Store/button_Add' is clicked on

2018-06-10 00:35:00 - [MESSAGE][PASSED] - Object: 'Object Repository/DispensaryToStore/Page_Dispensary Store/button_Add' is clicked on

2018-06-10 00:35:00 - [TEST_STEP][PASSED] - selectOptionByIndex: All options with index in [9] are selected on object 'Object Repository/DispensaryToStore/Page_Dispensary Store/select_--Select--Schedule 1Inj'

2018-06-10 00:35:00 - [MESSAGE][PASSED] - All options with index in [9] are selected on object 'Object Repository/DispensaryToStore/Page_Dispensary Store/select_--Select--Schedule 1Inj'

2018-06-10 00:35:00 - [TEST_STEP][PASSED] - selectOptionByIndex: All options with index in [23] are selected on object 'Object Repository/DispensaryToStore/Page_Dispensary Store/select_--Select--Adernaline 0.'

2018-06-10 00:35:00 - [MESSAGE][PASSED] - All options with index in [23] are selected on object 'Object Repository/DispensaryToStore/Page_Dispensary Store/select_--Select--Adernaline 0.'

2018-06-10 00:35:00 - [TEST_STEP][PASSED] - setText: Text '10' is set on object 'Object Repository/DispensaryToStore/Page_Dispensary Store/input_txttreat'

2018-06-10 00:35:00 - [MESSAGE][PASSED] - Text '10' is set on object 'Object Repository/DispensaryToStore/Page_Dispensary Store/input_txttreat'

2018-06-10 00:35:00 - [TEST_STEP][PASSED] - click: Object: 'Object Repository/DispensaryToStore/Page_Dispensary Store/button_Add' is clicked on

2018-06-10 00:35:00 - [MESSAGE][PASSED] - Object: 'Object Repository/DispensaryToStore/Page_Dispensary Store/button_Add' is clicked on

2018-06-10 00:35:00 - [TEST_STEP][PASSED] - selectOptionByIndex: All options with index in [9] are selected on object 'Object Repository/DispensaryToStore/Page_Dispensary Store/select_--Select--Schedule 1Inj'

2018-06-10 00:35:00 - [MESSAGE][PASSED] - All options with index in [9] are selected on object 'Object Repository/DispensaryToStore/Page_Dispensary Store/select_--Select--Schedule 1Inj'

2018-06-10 00:35:00 - [TEST_STEP][PASSED] - selectOptionByIndex: All options with index in [24] are selected on object 'Object Repository/DispensaryToStore/Page_Dispensary Store/select_--Select--Adernaline 0.'

2018-06-10 00:35:01 - [MESSAGE][PASSED] - All options with index in [24] are selected on object 'Object Repository/DispensaryToStore/Page_Dispensary Store/select_--Select--Adernaline 0.'

2018-06-10 00:35:01 - [TEST_STEP][PASSED] - setText: Text '10' is set on object 'Object Repository/DispensaryToStore/Page_Dispensary Store/input_txttreat'

2018-06-10 00:35:01 - [MESSAGE][PASSED] - Text '10' is set on object 'Object Repository/DispensaryToStore/Page_Dispensary Store/input_txttreat'

2018-06-10 00:35:01 - [TEST_STEP][PASSED] - click: Object: 'Object Repository/DispensaryToStore/Page_Dispensary Store/button_Add' is clicked on

2018-06-10 00:35:01 - [MESSAGE][PASSED] - Object: 'Object Repository/DispensaryToStore/Page_Dispensary Store/button_Add' is clicked on

2018-06-10 00:35:01 - [TEST_STEP][PASSED] - selectOptionByIndex: All options with index in [9] are selected on object 'Object Repository/DispensaryToStore/Page_Dispensary Store/select_--Select--Schedule 1Inj'

2018-06-10 00:35:01 - [MESSAGE][PASSED] - All options with index in [9] are selected on object 'Object Repository/DispensaryToStore/Page_Dispensary Store/select_--Select--Schedule 1Inj'

2018-06-10 00:35:01 - [TEST_STEP][PASSED] - selectOptionByIndex: All options with index in [25] are selected on object 'Object Repository/DispensaryToStore/Page_Dispensary Store/select_--Select--Adernaline 0.'

2018-06-10 00:35:02 - [MESSAGE][PASSED] - All options with index in [25] are selected on object 'Object Repository/DispensaryToStore/Page_Dispensary Store/select_--Select--Adernaline 0.'

2018-06-10 00:35:02 - [TEST_STEP][PASSED] - setText: Text '10' is set on object 'Object Repository/DispensaryToStore/Page_Dispensary Store/input_txttreat'

2018-06-10 00:35:02 - [MESSAGE][PASSED] - Text '10' is set on object 'Object Repository/DispensaryToStore/Page_Dispensary Store/input_txttreat'

2018-06-10 00:35:02 - [TEST_STEP][PASSED] - click: Object: 'Object Repository/DispensaryToStore/Page_Dispensary Store/button_Add' is clicked on

2018-06-10 00:35:02 - [MESSAGE][PASSED] - Object: 'Object Repository/DispensaryToStore/Page_Dispensary Store/button_Add' is clicked on

2018-06-10 00:35:02 - [TEST_STEP][PASSED] - selectOptionByIndex: All options with index in [9] are selected on object 'Object Repository/DispensaryToStore/Page_Dispensary Store/select_--Select--Schedule 1Inj'

2018-06-10 00:35:02 - [MESSAGE][PASSED] - All options with index in [9] are selected on object 'Object Repository/DispensaryToStore/Page_Dispensary Store/select_--Select--Schedule 1Inj'

2018-06-10 00:35:02 - [TEST_STEP][PASSED] - selectOptionByIndex: All options with index in [26] are selected on object 'Object Repository/DispensaryToStore/Page_Dispensary Store/select_--Select--Adernaline 0.'

2018-06-10 00:35:02 - [MESSAGE][PASSED] - All options with index in [26] are selected on object 'Object Repository/DispensaryToStore/Page_Dispensary Store/select_--Select--Adernaline 0.'

2018-06-10 00:35:02 - [TEST_STEP][PASSED] - setText: Text '10' is set on object 'Object Repository/DispensaryToStore/Page_Dispensary Store/input_txttreat'

2018-06-10 00:35:02 - [MESSAGE][PASSED] - Text '10' is set on object 'Object Repository/DispensaryToStore/Page_Dispensary Store/input_txttreat'

2018-06-10 00:35:02 - [TEST_STEP][PASSED] - click: Object: 'Object Repository/DispensaryToStore/Page_Dispensary Store/button_Add' is clicked on

2018-06-10 00:35:02 - [MESSAGE][PASSED] - Object: 'Object Repository/DispensaryToStore/Page_Dispensary Store/button_Add' is clicked on

2018-06-10 00:35:02 - [TEST_STEP][PASSED] - selectOptionByIndex: All options with index in [9] are selected on object 'Object Repository/DispensaryToStore/Page_Dispensary Store/select_--Select--Schedule 1Inj'

2018-06-10 00:35:03 - [MESSAGE][PASSED] - All options with index in [9] are selected on object 'Object Repository/DispensaryToStore/Page_Dispensary Store/select_--Select--Schedule 1Inj'

2018-06-10 00:35:03 - [TEST_STEP][PASSED] - selectOptionByIndex: All options with index in [27] are selected on object 'Object Repository/DispensaryToStore/Page_Dispensary Store/select_--Select--Adernaline 0.'

2018-06-10 00:35:03 - [MESSAGE][PASSED] - All options with index in [27] are selected on object 'Object Repository/DispensaryToStore/Page_Dispensary Store/select_--Select--Adernaline 0.'

2018-06-10 00:35:03 - [TEST_STEP][PASSED] - setText: Text '10' is set on object 'Object Repository/DispensaryToStore/Page_Dispensary Store/input_txttreat'

2018-06-10 00:35:03 - [MESSAGE][PASSED] - Text '10' is set on object 'Object Repository/DispensaryToStore/Page_Dispensary Store/input_txttreat'

2018-06-10 00:35:03 - [TEST_STEP][PASSED] - click: Object: 'Object Repository/DispensaryToStore/Page_Dispensary Store/button_Add' is clicked on

2018-06-10 00:35:03 - [MESSAGE][PASSED] - Object: 'Object Repository/DispensaryToStore/Page_Dispensary Store/button_Add' is clicked on

2018-06-10 00:35:03 - [TEST_STEP][PASSED] - selectOptionByIndex: All options with index in [9] are selected on object 'Object Repository/DispensaryToStore/Page_Dispensary Store/select_--Select--Schedule 1Inj'

2018-06-10 00:35:03 - [MESSAGE][PASSED] - All options with index in [9] are selected on object 'Object Repository/DispensaryToStore/Page_Dispensary Store/select_--Select--Schedule 1Inj'

2018-06-10 00:35:03 - [TEST_STEP][PASSED] - selectOptionByIndex: All options with index in [28] are selected on object 'Object Repository/DispensaryToStore/Page_Dispensary Store/select_--Select--Adernaline 0.'

2018-06-10 00:35:04 - [MESSAGE][PASSED] - All options with index in [28] are selected on object 'Object Repository/DispensaryToStore/Page_Dispensary Store/select_--Select--Adernaline 0.'

2018-06-10 00:35:04 - [TEST_STEP][PASSED] - setText: Text '10' is set on object 'Object Repository/DispensaryToStore/Page_Dispensary Store/input_txttreat'

2018-06-10 00:35:04 - [MESSAGE][PASSED] - Text '10' is set on object 'Object Repository/DispensaryToStore/Page_Dispensary Store/input_txttreat'

2018-06-10 00:35:04 - [TEST_STEP][PASSED] - click: Object: 'Object Repository/DispensaryToStore/Page_Dispensary Store/button_Add' is clicked on

2018-06-10 00:35:04 - [MESSAGE][PASSED] - Object: 'Object Repository/DispensaryToStore/Page_Dispensary Store/button_Add' is clicked on

2018-06-10 00:35:04 - [TEST_STEP][PASSED] - selectOptionByIndex: All options with index in [9] are selected on object 'Object Repository/DispensaryToStore/Page_Dispensary Store/select_--Select--Schedule 1Inj'

2018-06-10 00:35:04 - [MESSAGE][PASSED] - All options with index in [9] are selected on object 'Object Repository/DispensaryToStore/Page_Dispensary Store/select_--Select--Schedule 1Inj'

2018-06-10 00:35:04 - [TEST_STEP][PASSED] - selectOptionByIndex: All options with index in [29] are selected on object 'Object Repository/DispensaryToStore/Page_Dispensary Store/select_--Select--Adernaline 0.'

2018-06-10 00:35:05 - [MESSAGE][PASSED] - All options with index in [29] are selected on object 'Object Repository/DispensaryToStore/Page_Dispensary Store/select_--Select--Adernaline 0.'

2018-06-10 00:35:05 - [TEST_STEP][PASSED] - setText: Text '10' is set on object 'Object Repository/DispensaryToStore/Page_Dispensary Store/input_txttreat'

2018-06-10 00:35:05 - [MESSAGE][PASSED] - Text '10' is set on object 'Object Repository/DispensaryToStore/Page_Dispensary Store/input_txttreat'

2018-06-10 00:35:05 - [TEST_STEP][PASSED] - click: Object: 'Object Repository/DispensaryToStore/Page_Dispensary Store/button_Add' is clicked on

2018-06-10 00:35:05 - [MESSAGE][PASSED] - Object: 'Object Repository/DispensaryToStore/Page_Dispensary Store/button_Add' is clicked on

2018-06-10 00:35:05 - [TEST_STEP][PASSED] - selectOptionByIndex: All options with index in [9] are selected on object 'Object Repository/DispensaryToStore/Page_Dispensary Store/select_--Select--Schedule 1Inj'

2018-06-10 00:35:05 - [MESSAGE][PASSED] - All options with index in [9] are selected on object 'Object Repository/DispensaryToStore/Page_Dispensary Store/select_--Select--Schedule 1Inj'

2018-06-10 00:35:05 - [TEST_STEP][PASSED] - selectOptionByIndex: All options with index in [30] are selected on object 'Object Repository/DispensaryToStore/Page_Dispensary Store/select_--Select--Adernaline 0.'

2018-06-10 00:35:05 - [MESSAGE][PASSED] - All options with index in [30] are selected on object 'Object Repository/DispensaryToStore/Page_Dispensary Store/select_--Select--Adernaline 0.'

2018-06-10 00:35:05 - [TEST_STEP][PASSED] - setText: Text '10' is set on object 'Object Repository/DispensaryToStore/Page_Dispensary Store/input_txttreat'

2018-06-10 00:35:05 - [MESSAGE][PASSED] - Text '10' is set on object 'Object Repository/DispensaryToStore/Page_Dispensary Store/input_txttreat'

2018-06-10 00:35:05 - [TEST_STEP][PASSED] - click: Object: 'Object Repository/DispensaryToStore/Page_Dispensary Store/button_Add' is clicked on

2018-06-10 00:35:05 - [MESSAGE][PASSED] - Object: 'Object Repository/DispensaryToStore/Page_Dispensary Store/button_Add' is clicked on

2018-06-10 00:35:05 - [TEST_STEP][PASSED] - selectOptionByIndex: All options with index in [9] are selected on object 'Object Repository/DispensaryToStore/Page_Dispensary Store/select_--Select--Schedule 1Inj'

2018-06-10 00:35:06 - [MESSAGE][PASSED] - All options with index in [9] are selected on object 'Object Repository/DispensaryToStore/Page_Dispensary Store/select_--Select--Schedule 1Inj'

2018-06-10 00:35:06 - [TEST_STEP][PASSED] - selectOptionByIndex: All options with index in [31] are selected on object 'Object Repository/DispensaryToStore/Page_Dispensary Store/select_--Select--Adernaline 0.'

2018-06-10 00:35:06 - [MESSAGE][PASSED] - All options with index in [31] are selected on object 'Object Repository/DispensaryToStore/Page_Dispensary Store/select_--Select--Adernaline 0.'

2018-06-10 00:35:06 - [TEST_STEP][PASSED] - setText: Text '10' is set on object 'Object Repository/DispensaryToStore/Page_Dispensary Store/input_txttreat'

2018-06-10 00:35:06 - [MESSAGE][PASSED] - Text '10' is set on object 'Object Repository/DispensaryToStore/Page_Dispensary Store/input_txttreat'

2018-06-10 00:35:06 - [TEST_STEP][PASSED] - click: Object: 'Object Repository/DispensaryToStore/Page_Dispensary Store/button_Add' is clicked on

2018-06-10 00:35:06 - [MESSAGE][PASSED] - Object: 'Object Repository/DispensaryToStore/Page_Dispensary Store/button_Add' is clicked on

2018-06-10 00:35:06 - [TEST_STEP][PASSED] - selectOptionByIndex: All options with index in [9] are selected on object 'Object Repository/DispensaryToStore/Page_Dispensary Store/select_--Select--Schedule 1Inj'

2018-06-10 00:35:06 - [MESSAGE][PASSED] - All options with index in [9] are selected on object 'Object Repository/DispensaryToStore/Page_Dispensary Store/select_--Select--Schedule 1Inj'

2018-06-10 00:35:06 - [TEST_STEP][PASSED] - selectOptionByIndex: All options with index in [32] are selected on object 'Object Repository/DispensaryToStore/Page_Dispensary Store/select_--Select--Adernaline 0.'

2018-06-10 00:35:07 - [MESSAGE][PASSED] - All options with index in [32] are selected on object 'Object Repository/DispensaryToStore/Page_Dispensary Store/select_--Select--Adernaline 0.'

2018-06-10 00:35:07 - [TEST_STEP][PASSED] - setText: Text '10' is set on object 'Object Repository/DispensaryToStore/Page_Dispensary Store/input_txttreat'

2018-06-10 00:35:07 - [MESSAGE][PASSED] - Text '10' is set on object 'Object Repository/DispensaryToStore/Page_Dispensary Store/input_txttreat'

2018-06-10 00:35:07 - [TEST_STEP][PASSED] - click: Object: 'Object Repository/DispensaryToStore/Page_Dispensary Store/button_Add' is clicked on

2018-06-10 00:35:07 - [MESSAGE][PASSED] - Object: 'Object Repository/DispensaryToStore/Page_Dispensary Store/button_Add' is clicked on

2018-06-10 00:35:07 - [TEST_STEP][PASSED] - selectOptionByIndex: All options with index in [9] are selected on object 'Object Repository/DispensaryToStore/Page_Dispensary Store/select_--Select--Schedule 1Inj'

2018-06-10 00:35:07 - [MESSAGE][PASSED] - All options with index in [9] are selected on object 'Object Repository/DispensaryToStore/Page_Dispensary Store/select_--Select--Schedule 1Inj'

2018-06-10 00:35:07 - [TEST_STEP][PASSED] - selectOptionByIndex: All options with index in [33] are selected on object 'Object Repository/DispensaryToStore/Page_Dispensary Store/select_--Select--Adernaline 0.'

2018-06-10 00:35:08 - [MESSAGE][PASSED] - All options with index in [33] are selected on object 'Object Repository/DispensaryToStore/Page_Dispensary Store/select_--Select--Adernaline 0.'

2018-06-10 00:35:08 - [TEST_STEP][PASSED] - setText: Text '10' is set on object 'Object Repository/DispensaryToStore/Page_Dispensary Store/input_txttreat'

2018-06-10 00:35:08 - [MESSAGE][PASSED] - Text '10' is set on object 'Object Repository/DispensaryToStore/Page_Dispensary Store/input_txttreat'

2018-06-10 00:35:08 - [TEST_STEP][PASSED] - click: Object: 'Object Repository/DispensaryToStore/Page_Dispensary Store/button_Add' is clicked on

2018-06-10 00:35:08 - [MESSAGE][PASSED] - Object: 'Object Repository/DispensaryToStore/Page_Dispensary Store/button_Add' is clicked on

2018-06-10 00:35:08 - [TEST_STEP][PASSED] - selectOptionByIndex: All options with index in [9] are selected on object 'Object Repository/DispensaryToStore/Page_Dispensary Store/select_--Select--Schedule 1Inj'

2018-06-10 00:35:08 - [MESSAGE][PASSED] - All options with index in [9] are selected on object 'Object Repository/DispensaryToStore/Page_Dispensary Store/select_--Select--Schedule 1Inj'

2018-06-10 00:35:08 - [TEST_STEP][PASSED] - selectOptionByIndex: All options with index in [34] are selected on object 'Object Repository/DispensaryToStore/Page_Dispensary Store/select_--Select--Adernaline 0.'

2018-06-10 00:35:09 - [MESSAGE][PASSED] - All options with index in [34] are selected on object 'Object Repository/DispensaryToStore/Page_Dispensary Store/select_--Select--Adernaline 0.'

2018-06-10 00:35:09 - [TEST_STEP][PASSED] - setText: Text '10' is set on object 'Object Repository/DispensaryToStore/Page_Dispensary Store/input_txttreat'

2018-06-10 00:35:09 - [MESSAGE][PASSED] - Text '10' is set on object 'Object Repository/DispensaryToStore/Page_Dispensary Store/input_txttreat'

2018-06-10 00:35:09 - [TEST_STEP][PASSED] - click: Object: 'Object Repository/DispensaryToStore/Page_Dispensary Store/button_Add' is clicked on

2018-06-10 00:35:09 - [MESSAGE][PASSED] - Object: 'Object Repository/DispensaryToStore/Page_Dispensary Store/button_Add' is clicked on

2018-06-10 00:35:09 - [TEST_STEP][PASSED] - selectOptionByIndex: All options with index in [9] are selected on object 'Object Repository/DispensaryToStore/Page_Dispensary Store/select_--Select--Schedule 1Inj'

2018-06-10 00:35:09 - [MESSAGE][PASSED] - All options with index in [9] are selected on object 'Object Repository/DispensaryToStore/Page_Dispensary Store/select_--Select--Schedule 1Inj'

2018-06-10 00:35:09 - [TEST_STEP][PASSED] - selectOptionByIndex: All options with index in [35] are selected on object 'Object Repository/DispensaryToStore/Page_Dispensary Store/select_--Select--Adernaline 0.'

2018-06-10 00:35:09 - [MESSAGE][PASSED] - All options with index in [35] are selected on object 'Object Repository/DispensaryToStore/Page_Dispensary Store/select_--Select--Adernaline 0.'

2018-06-10 00:35:09 - [TEST_STEP][PASSED] - setText: Text '10' is set on object 'Object Repository/DispensaryToStore/Page_Dispensary Store/input_txttreat'

2018-06-10 00:35:09 - [MESSAGE][PASSED] - Text '10' is set on object 'Object Repository/DispensaryToStore/Page_Dispensary Store/input_txttreat'

2018-06-10 00:35:09 - [TEST_STEP][PASSED] - click: Object: 'Object Repository/DispensaryToStore/Page_Dispensary Store/button_Add' is clicked on

2018-06-10 00:35:10 - [MESSAGE][PASSED] - Object: 'Object Repository/DispensaryToStore/Page_Dispensary Store/button_Add' is clicked on

2018-06-10 00:35:10 - [TEST_STEP][PASSED] - scrollToElement: Scroll to object 'Object Repository/DispensaryToStore/Page_Dispensary Store/input_btnsave' successfully

2018-06-10 00:35:10 - [MESSAGE][PASSED] - Scroll to object 'Object Repository/DispensaryToStore/Page_Dispensary Store/input_btnsave' successfully

2018-06-10 00:35:10 - [TEST_STEP][PASSED] - click: Object: 'Object Repository/DispensaryToStore/Page_Dispensary Store/input_btnsave' is clicked on

2018-06-10 00:35:10 - [MESSAGE][PASSED] - Object: 'Object Repository/DispensaryToStore/Page_Dispensary Store/input_btnsave' is clicked on

2018-06-10 00:35:10 - [TEST_STEP][PASSED] - delay: Delayed 3 second(s)

2018-06-10 00:35:13 - [MESSAGE][PASSED] - Delayed 3 second(s)

2018-06-10 00:35:13 - [TEST_STEP][PASSED] - Statement - RN1 = com.kms.katalon.core.webui.keyword.WebUiBuiltInKeywords.getText(com.kms.katalon.core.testobject.ObjectRepository.findTestObject(DispensaryToStore/Page_Dispensary Store/font_HPRNO180520187)): Text of object 'Object Repository/DispensaryToStore/Page_Dispensary Store/font_HPRNO180520187' is: 'DPRNO/10062018/239'

2018-06-10 00:35:13 - [MESSAGE][PASSED] - Text of object 'Object Repository/DispensaryToStore/Page_Dispensary Store/font_HPRNO180520187' is: 'DPRNO/10062018/239'

2018-06-10 00:35:13 - [TEST_STEP][PASSED] - Statement - out.println(RN1): null

2018-06-10 00:35:13 - [TEST_STEP][PASSED] - Statement - RID = RN1.split("/")[2]: null

2018-06-10 00:35:13 - [TEST_STEP][PASSED] - click: Object: 'Object Repository/DispensaryToStore/Page_Dispensary Store/button_OK' is clicked on

2018-06-10 00:35:13 - [MESSAGE][PASSED] - Object: 'Object Repository/DispensaryToStore/Page_Dispensary Store/button_OK' is clicked on

2018-06-10 00:35:13 - [TEST_STEP][PASSED] - delay: Delayed 3 second(s)

2018-06-10 00:35:16 - [MESSAGE][PASSED] - Delayed 3 second(s)

2018-06-10 00:35:16 - [TEST_STEP][PASSED] - click: Object: 'Object Repository/DispensaryToStore/Page_Dispensary Store/a_dropdown-toggle' is clicked on

2018-06-10 00:35:16 - [MESSAGE][PASSED] - Object: 'Object Repository/DispensaryToStore/Page_Dispensary Store/a_dropdown-toggle' is clicked on

2018-06-10 00:35:16 - [TEST_STEP][PASSED] - click: Object: 'Object Repository/DispensaryToStore/Page_Dispensary Store/a_Sign out' is clicked on

2018-06-10 00:35:17 - [MESSAGE][PASSED] - Object: 'Object Repository/DispensaryToStore/Page_Dispensary Store/a_Sign out' is clicked on

2018-06-10 00:35:17 - [TEST_STEP][PASSED] - delay: Delayed 3 second(s)

2018-06-10 00:35:20 - [MESSAGE][PASSED] - Delayed 3 second(s)

2018-06-10 00:35:20 - [TEST_STEP][PASSED] - navigateToUrl: Navigate to 'http://192.168.137.1/multihospital_new/' successfully

2018-06-10 00:35:20 - [MESSAGE][PASSED] - Navigate to 'http://192.168.137.1/multihospital_new/' successfully

2018-06-10 00:35:20 - [TEST_STEP][PASSED] - click: Object: 'Object Repository/DispensaryToStore/Page_KDMC/a_CMO' is clicked on

2018-06-10 00:35:21 - [MESSAGE][PASSED] - Object: 'Object Repository/DispensaryToStore/Page_KDMC/a_CMO' is clicked on

2018-06-10 00:35:21 - [TEST_STEP][PASSED] - setText: Text 'guru' is set on object 'Object Repository/DispensaryToStore/Page_CMO login/input_txtusername'

2018-06-10 00:35:21 - [MESSAGE][PASSED] - Text 'guru' is set on object 'Object Repository/DispensaryToStore/Page_CMO login/input_txtusername'

2018-06-10 00:35:21 - [TEST_STEP][PASSED] - setText: Text '123' is set on object 'Object Repository/DispensaryToStore/Page_CMO login/input_txtpassword'

2018-06-10 00:35:21 - [MESSAGE][PASSED] - Text '123' is set on object 'Object Repository/DispensaryToStore/Page_CMO login/input_txtpassword'

2018-06-10 00:35:21 - [TEST_STEP][PASSED] - delay: Delayed 3 second(s)

2018-06-10 00:35:24 - [MESSAGE][PASSED] - Delayed 3 second(s)

2018-06-10 00:35:24 - [TEST_STEP][PASSED] - click: Object: 'Object Repository/DispensaryToStore/Page_CMO login/button_Sign in' is clicked on

2018-06-10 00:35:25 - [MESSAGE][PASSED] - Object: 'Object Repository/DispensaryToStore/Page_CMO login/button_Sign in' is clicked on

2018-06-10 00:35:25 - [TEST_STEP][PASSED] - click: Object: 'Object Repository/DispensaryToStore/Page_KDMC - CMO/a_Department Wise Request' is clicked on

2018-06-10 00:35:27 - [MESSAGE][PASSED] - Object: 'Object Repository/DispensaryToStore/Page_KDMC - CMO/a_Department Wise Request' is clicked on

2018-06-10 00:35:27 - [TEST_STEP][PASSED] - delay: Delayed 2 second(s)

2018-06-10 00:35:29 - [MESSAGE][PASSED] - Delayed 2 second(s)

2018-06-10 00:35:29 - [TEST_STEP][PASSED] - selectOptionByIndex: All options with index in [6] are selected on object 'Object Repository/DispensaryToStore/Page_KDMC - CMO/select_--ALL--'

2018-06-10 00:35:29 - [MESSAGE][PASSED] - All options with index in [6] are selected on object 'Object Repository/DispensaryToStore/Page_KDMC - CMO/select_--ALL--'

2018-06-10 00:35:29 - [TEST_STEP][PASSED] - click: Object: 'Object Repository/DispensaryToStore/Page_KDMC - CMO/input_btnsearch' is clicked on

2018-06-10 00:35:30 - [MESSAGE][PASSED] - Object: 'Object Repository/DispensaryToStore/Page_KDMC - CMO/input_btnsearch' is clicked on

2018-06-10 00:35:30 - [TEST_STEP][PASSED] - selectOptionByIndex: All options with index in [1] are selected on object 'Object Repository/DispensaryToStore/Page_KDMC - CMO/select_--ALL--                _1'

2018-06-10 00:35:30 - [MESSAGE][PASSED] - All options with index in [1] are selected on object 'Object Repository/DispensaryToStore/Page_KDMC - CMO/select_--ALL--                _1'

2018-06-10 00:35:30 - [TEST_STEP][PASSED] - click: Object: 'Object Repository/DispensaryToStore/Page_KDMC - CMO/input_btnsearch' is clicked on

2018-06-10 00:35:30 - [MESSAGE][PASSED] - Object: 'Object Repository/DispensaryToStore/Page_KDMC - CMO/input_btnsearch' is clicked on

2018-06-10 00:35:30 - [TEST_STEP][PASSED] - Statement - ID = com.kms.katalon.core.webui.keyword.WebUiBuiltInKeywords.modifyObjectProperty(com.kms.katalon.core.testobject.ObjectRepository.findTestObject(lab/Page_KDMC - CMO/input_1), "xpath", "equals", "//*[@id=" + RID + "]", true): Modify property of object successfully

2018-06-10 00:35:30 - [MESSAGE][PASSED] - Modify property of object successfully

2018-06-10 00:35:30 - [TEST_STEP][PASSED] - click: Object: 'Object Repository/lab/Page_KDMC - CMO/input_1' is clicked on

2018-06-10 00:35:30 - [MESSAGE][PASSED] - Object: 'Object Repository/lab/Page_KDMC - CMO/input_1' is clicked on

2018-06-10 00:35:30 - [TEST_STEP][PASSED] - delay: Delayed 2 second(s)

2018-06-10 00:35:32 - [MESSAGE][PASSED] - Delayed 2 second(s)

2018-06-10 00:35:32 - [TEST_STEP][PASSED] - selectOptionByIndex: All options with index in [1] are selected on object 'Object Repository/DispensaryToStore/Page_KDMC - CMO/select_--Select--'

2018-06-10 00:35:33 - [MESSAGE][PASSED] - All options with index in [1] are selected on object 'Object Repository/DispensaryToStore/Page_KDMC - CMO/select_--Select--'

2018-06-10 00:35:33 - [TEST_STEP][PASSED] - click: Object: 'Object Repository/DispensaryToStore/Page_KDMC - CMO/input_btnupdate' is clicked on

2018-06-10 00:35:33 - [MESSAGE][PASSED] - Object: 'Object Repository/DispensaryToStore/Page_KDMC - CMO/input_btnupdate' is clicked on

2018-06-10 00:35:33 - [TEST_STEP][PASSED] - delay: Delayed 2 second(s)

2018-06-10 00:35:35 - [MESSAGE][PASSED] - Delayed 2 second(s)

2018-06-10 00:35:35 - [TEST_STEP][PASSED] - click: Object: 'Object Repository/DispensaryToStore/Page_KDMC - CMO/button_OK' is clicked on

2018-06-10 00:35:35 - [MESSAGE][PASSED] - Object: 'Object Repository/DispensaryToStore/Page_KDMC - CMO/button_OK' is clicked on

2018-06-10 00:35:35 - [TEST_STEP][PASSED] - delay: Delayed 2 second(s)

2018-06-10 00:35:37 - [MESSAGE][PASSED] - Delayed 2 second(s)

2018-06-10 00:35:37 - [TEST_STEP][PASSED] - click: Object: 'Object Repository/DispensaryToStore/Page_KDMC - CMO/a_dropdown-toggle' is clicked on

2018-06-10 00:35:37 - [MESSAGE][PASSED] - Object: 'Object Repository/DispensaryToStore/Page_KDMC - CMO/a_dropdown-toggle' is clicked on

2018-06-10 00:35:37 - [TEST_STEP][PASSED] - click: Object: 'Object Repository/DispensaryToStore/Page_KDMC - CMO/a_Sign out' is clicked on

2018-06-10 00:35:38 - [MESSAGE][PASSED] - Object: 'Object Repository/DispensaryToStore/Page_KDMC - CMO/a_Sign out' is clicked on

2018-06-10 00:35:38 - [TEST_STEP][PASSED] - delay: Delayed 3 second(s)

2018-06-10 00:35:41 - [MESSAGE][PASSED] - Delayed 3 second(s)

2018-06-10 00:35:41 - [TEST_STEP][PASSED] - click: Object: 'Object Repository/DispensaryToStore/Page_KDMC/a_Divisional Store' is clicked on

2018-06-10 00:35:42 - [MESSAGE][PASSED] - Object: 'Object Repository/DispensaryToStore/Page_KDMC/a_Divisional Store' is clicked on

2018-06-10 00:35:42 - [TEST_STEP][PASSED] - setText: Text 'ragu' is set on object 'Object Repository/DispensaryToStore/Page_Divisonal Store Login/input_txtusername'

2018-06-10 00:35:42 - [MESSAGE][PASSED] - Text 'ragu' is set on object 'Object Repository/DispensaryToStore/Page_Divisonal Store Login/input_txtusername'

2018-06-10 00:35:42 - [TEST_STEP][PASSED] - setText: Text '123' is set on object 'Object Repository/DispensaryToStore/Page_Divisonal Store Login/input_txtpassword'

2018-06-10 00:35:42 - [MESSAGE][PASSED] - Text '123' is set on object 'Object Repository/DispensaryToStore/Page_Divisonal Store Login/input_txtpassword'

2018-06-10 00:35:42 - [TEST_STEP][PASSED] - delay: Delayed 3 second(s)

2018-06-10 00:35:45 - [MESSAGE][PASSED] - Delayed 3 second(s)

2018-06-10 00:35:45 - [TEST_STEP][PASSED] - click: Object: 'Object Repository/DispensaryToStore/Page_Divisonal Store Login/button_Sign in' is clicked on

2018-06-10 00:35:46 - [MESSAGE][PASSED] - Object: 'Object Repository/DispensaryToStore/Page_Divisonal Store Login/button_Sign in' is clicked on

2018-06-10 00:35:46 - [TEST_STEP][PASSED] - delay: Delayed 3 second(s)

2018-06-10 00:35:49 - [MESSAGE][PASSED] - Delayed 3 second(s)

2018-06-10 00:35:49 - [TEST_STEP][PASSED] - scrollToPosition: Browser is scrolled to position x = 100, y = 100

2018-06-10 00:35:49 - [MESSAGE][PASSED] - Browser is scrolled to position x = 100, y = 100

2018-06-10 00:35:49 - [TEST_STEP][PASSED] - click: Object: 'Object Repository/DispensaryToStore/Page_Store/a_Dispensary Request' is clicked on

2018-06-10 00:35:49 - [MESSAGE][PASSED] - Object: 'Object Repository/DispensaryToStore/Page_Store/a_Dispensary Request' is clicked on

2018-06-10 00:35:49 - [TEST_STEP][PASSED] - delay: Delayed 2 second(s)

2018-06-10 00:35:51 - [MESSAGE][PASSED] - Delayed 2 second(s)

2018-06-10 00:35:51 - [TEST_STEP][PASSED] - click: Object: 'Object Repository/DispensaryToStore/Page_Store/a_Request Item Dispensary' is clicked on

2018-06-10 00:35:53 - [MESSAGE][PASSED] - Object: 'Object Repository/DispensaryToStore/Page_Store/a_Request Item Dispensary' is clicked on

2018-06-10 00:35:53 - [TEST_STEP][PASSED] - Statement - ChooseRequest = com.kms.katalon.core.webui.keyword.WebUiBuiltInKeywords.modifyObjectProperty(com.kms.katalon.core.testobject.ObjectRepository.findTestObject(lab/Page_Store/input_1), "xpath", "equals", "//*[@id=" + RID + "]", true): Modify property of object successfully

2018-06-10 00:35:53 - [MESSAGE][PASSED] - Modify property of object successfully

2018-06-10 00:35:53 - [TEST_STEP][PASSED] - click: Object: 'Object Repository/lab/Page_Store/input_1' is clicked on

2018-06-10 00:35:53 - [MESSAGE][PASSED] - Object: 'Object Repository/lab/Page_Store/input_1' is clicked on

2018-06-10 00:35:53 - [TEST_STEP][PASSED] - Statement - selectedoptions = com.kms.katalon.core.webui.keyword.WebUiBuiltInKeywords.getNumberOfTotalOption(com.kms.katalon.core.testobject.ObjectRepository.findTestObject(DispensaryToStore/Page_Store/select_--Select--Adernaline 0.)): 36 options of object 'Object Repository/DispensaryToStore/Page_Store/select_--Select--Adernaline 0.' counted

2018-06-10 00:35:53 - [MESSAGE][PASSED] - 36 options of object 'Object Repository/DispensaryToStore/Page_Store/select_--Select--Adernaline 0.' counted

2018-06-10 00:35:53 - [TEST_STEP][PASSED] - Statement - For ([a = 1, a <= selectedoptions - 1, (a++)]): null

2018-06-10 00:35:53 - [TEST_STEP][PASSED] - selectOptionByIndex: All options with index in [1] are selected on object 'Object Repository/DispensaryToStore/Page_Store/select_--Select--Adernaline 0.'

2018-06-10 00:35:54 - [MESSAGE][PASSED] - All options with index in [1] are selected on object 'Object Repository/DispensaryToStore/Page_Store/select_--Select--Adernaline 0.'

2018-06-10 00:35:54 - [TEST_STEP][PASSED] - delay: Delayed 2 second(s)

2018-06-10 00:35:56 - [MESSAGE][PASSED] - Delayed 2 second(s)

2018-06-10 00:35:56 - [TEST_STEP][PASSED] - Statement - RequestedQty = com.kms.katalon.core.webui.keyword.WebUiBuiltInKeywords.getAttribute(com.kms.katalon.core.testobject.ObjectRepository.findTestObject(DispensaryToStore/Page_Store/input_txttotal), "value"): Attribute 'value' of object 'Object Repository/DispensaryToStore/Page_Store/input_txttotal' is: '10'

2018-06-10 00:35:56 - [MESSAGE][PASSED] - Attribute 'value' of object 'Object Repository/DispensaryToStore/Page_Store/input_txttotal' is: '10'

2018-06-10 00:35:56 - [TEST_STEP][PASSED] - Statement - out.println("Requested QTY : " + RequestedQty): null

2018-06-10 00:35:56 - [TEST_STEP][PASSED] - Statement - BatchNumber = com.kms.katalon.core.webui.keyword.WebUiBuiltInKeywords.getNumberOfTotalOption(com.kms.katalon.core.testobject.ObjectRepository.findTestObject(DispensaryToStore/Page_Store/select_--Select--BA1170BA2376B)): 3 options of object 'Object Repository/DispensaryToStore/Page_Store/select_--Select--BA1170BA2376B' counted

2018-06-10 00:35:56 - [MESSAGE][PASSED] - 3 options of object 'Object Repository/DispensaryToStore/Page_Store/select_--Select--BA1170BA2376B' counted

2018-06-10 00:35:56 - [TEST_STEP][PASSED] - Statement - For ([g = 1, g <= BatchNumber - 1, (g++)]): null

2018-06-10 00:35:56 - [TEST_STEP][PASSED] - selectOptionByIndex: All options with index in [1] are selected on object 'Object Repository/DispensaryToStore/Page_Store/select_--Select--BA1170BA2376B'

2018-06-10 00:35:56 - [MESSAGE][PASSED] - All options with index in [1] are selected on object 'Object Repository/DispensaryToStore/Page_Store/select_--Select--BA1170BA2376B'

2018-06-10 00:35:56 - [TEST_STEP][PASSED] - Statement - Try: null

2018-06-10 00:35:56 - [TEST_STEP][PASSED] - Statement - StockQty = com.kms.katalon.core.webui.keyword.WebUiBuiltInKeywords.getAttribute(com.kms.katalon.core.testobject.ObjectRepository.findTestObject(DispensaryToStore/Page_Store/input_txtprice), "value"): Attribute 'value' of object 'Object Repository/DispensaryToStore/Page_Store/input_txtprice' is: '955'

2018-06-10 00:35:56 - [MESSAGE][PASSED] - Attribute 'value' of object 'Object Repository/DispensaryToStore/Page_Store/input_txtprice' is: '955'

2018-06-10 00:35:56 - [TEST_STEP][PASSED] - Statement - out.println("Stock QTY : " + StockQty): null

2018-06-10 00:35:56 - [TEST_STEP][PASSED] - delay: Delayed 2 second(s)

2018-06-10 00:35:58 - [MESSAGE][PASSED] - Delayed 2 second(s)

2018-06-10 00:35:58 - [TEST_STEP][PASSED] - Statement - If (java.lang.String.valueOf(StockQty) >= java.lang.String.valueOf(RequestedQty)): null

2018-06-10 00:35:58 - [TEST_STEP][PASSED] - setText: Text '10' is set on object 'Object Repository/DispensaryToStore/Page_Store/input_txtqty'

2018-06-10 00:35:58 - [MESSAGE][PASSED] - Text '10' is set on object 'Object Repository/DispensaryToStore/Page_Store/input_txtqty'

2018-06-10 00:35:58 - [TEST_STEP][PASSED] - click: Object: 'Object Repository/DispensaryToStore/Page_Store/button_Add' is clicked on

2018-06-10 00:35:58 - [MESSAGE][PASSED] - Object: 'Object Repository/DispensaryToStore/Page_Store/button_Add' is clicked on

2018-06-10 00:35:58 - [TEST_STEP][PASSED] - Statement - Break: null

2018-06-10 00:35:58 - [TEST_STEP][PASSED] - selectOptionByIndex: All options with index in [2] are selected on object 'Object Repository/DispensaryToStore/Page_Store/select_--Select--Adernaline 0.'

2018-06-10 00:35:58 - [MESSAGE][PASSED] - All options with index in [2] are selected on object 'Object Repository/DispensaryToStore/Page_Store/select_--Select--Adernaline 0.'

2018-06-10 00:35:58 - [TEST_STEP][PASSED] - delay: Delayed 2 second(s)

2018-06-10 00:36:00 - [MESSAGE][PASSED] - Delayed 2 second(s)

2018-06-10 00:36:00 - [TEST_STEP][PASSED] - Statement - RequestedQty = com.kms.katalon.core.webui.keyword.WebUiBuiltInKeywords.getAttribute(com.kms.katalon.core.testobject.ObjectRepository.findTestObject(DispensaryToStore/Page_Store/input_txttotal), "value"): Attribute 'value' of object 'Object Repository/DispensaryToStore/Page_Store/input_txttotal' is: '10'

2018-06-10 00:36:00 - [MESSAGE][PASSED] - Attribute 'value' of object 'Object Repository/DispensaryToStore/Page_Store/input_txttotal' is: '10'

2018-06-10 00:36:00 - [TEST_STEP][PASSED] - Statement - out.println("Requested QTY : " + RequestedQty): null

2018-06-10 00:36:00 - [TEST_STEP][PASSED] - Statement - BatchNumber = com.kms.katalon.core.webui.keyword.WebUiBuiltInKeywords.getNumberOfTotalOption(com.kms.katalon.core.testobject.ObjectRepository.findTestObject(DispensaryToStore/Page_Store/select_--Select--BA1170BA2376B)): 3 options of object 'Object Repository/DispensaryToStore/Page_Store/select_--Select--BA1170BA2376B' counted

2018-06-10 00:36:00 - [MESSAGE][PASSED] - 3 options of object 'Object Repository/DispensaryToStore/Page_Store/select_--Select--BA1170BA2376B' counted

2018-06-10 00:36:00 - [TEST_STEP][PASSED] - Statement - For ([g = 1, g <= BatchNumber - 1, (g++)]): null

2018-06-10 00:36:00 - [TEST_STEP][PASSED] - selectOptionByIndex: All options with index in [1] are selected on object 'Object Repository/DispensaryToStore/Page_Store/select_--Select--BA1170BA2376B'

2018-06-10 00:36:00 - [MESSAGE][PASSED] - All options with index in [1] are selected on object 'Object Repository/DispensaryToStore/Page_Store/select_--Select--BA1170BA2376B'

2018-06-10 00:36:00 - [TEST_STEP][PASSED] - Statement - Try: null

2018-06-10 00:36:00 - [TEST_STEP][PASSED] - Statement - StockQty = com.kms.katalon.core.webui.keyword.WebUiBuiltInKeywords.getAttribute(com.kms.katalon.core.testobject.ObjectRepository.findTestObject(DispensaryToStore/Page_Store/input_txtprice), "value"): Attribute 'value' of object 'Object Repository/DispensaryToStore/Page_Store/input_txtprice' is: '960'

2018-06-10 00:36:00 - [MESSAGE][PASSED] - Attribute 'value' of object 'Object Repository/DispensaryToStore/Page_Store/input_txtprice' is: '960'

2018-06-10 00:36:00 - [TEST_STEP][PASSED] - Statement - out.println("Stock QTY : " + StockQty): null

2018-06-10 00:36:00 - [TEST_STEP][PASSED] - delay: Delayed 2 second(s)

2018-06-10 00:36:02 - [MESSAGE][PASSED] - Delayed 2 second(s)

2018-06-10 00:36:02 - [TEST_STEP][PASSED] - Statement - If (java.lang.String.valueOf(StockQty) >= java.lang.String.valueOf(RequestedQty)): null

2018-06-10 00:36:02 - [TEST_STEP][PASSED] - setText: Text '10' is set on object 'Object Repository/DispensaryToStore/Page_Store/input_txtqty'

2018-06-10 00:36:03 - [MESSAGE][PASSED] - Text '10' is set on object 'Object Repository/DispensaryToStore/Page_Store/input_txtqty'

2018-06-10 00:36:03 - [TEST_STEP][PASSED] - click: Object: 'Object Repository/DispensaryToStore/Page_Store/button_Add' is clicked on

2018-06-10 00:36:03 - [MESSAGE][PASSED] - Object: 'Object Repository/DispensaryToStore/Page_Store/button_Add' is clicked on

2018-06-10 00:36:03 - [TEST_STEP][PASSED] - Statement - Break: null

2018-06-10 00:36:03 - [TEST_STEP][PASSED] - selectOptionByIndex: All options with index in [3] are selected on object 'Object Repository/DispensaryToStore/Page_Store/select_--Select--Adernaline 0.'

2018-06-10 00:36:03 - [MESSAGE][PASSED] - All options with index in [3] are selected on object 'Object Repository/DispensaryToStore/Page_Store/select_--Select--Adernaline 0.'

2018-06-10 00:36:03 - [TEST_STEP][PASSED] - delay: Delayed 2 second(s)

2018-06-10 00:36:05 - [MESSAGE][PASSED] - Delayed 2 second(s)

2018-06-10 00:36:05 - [TEST_STEP][PASSED] - Statement - RequestedQty = com.kms.katalon.core.webui.keyword.WebUiBuiltInKeywords.getAttribute(com.kms.katalon.core.testobject.ObjectRepository.findTestObject(DispensaryToStore/Page_Store/input_txttotal), "value"): Attribute 'value' of object 'Object Repository/DispensaryToStore/Page_Store/input_txttotal' is: '10'

2018-06-10 00:36:05 - [MESSAGE][PASSED] - Attribute 'value' of object 'Object Repository/DispensaryToStore/Page_Store/input_txttotal' is: '10'

2018-06-10 00:36:05 - [TEST_STEP][PASSED] - Statement - out.println("Requested QTY : " + RequestedQty): null

2018-06-10 00:36:05 - [TEST_STEP][PASSED] - Statement - BatchNumber = com.kms.katalon.core.webui.keyword.WebUiBuiltInKeywords.getNumberOfTotalOption(com.kms.katalon.core.testobject.ObjectRepository.findTestObject(DispensaryToStore/Page_Store/select_--Select--BA1170BA2376B)): 2 options of object 'Object Repository/DispensaryToStore/Page_Store/select_--Select--BA1170BA2376B' counted

2018-06-10 00:36:05 - [MESSAGE][PASSED] - 2 options of object 'Object Repository/DispensaryToStore/Page_Store/select_--Select--BA1170BA2376B' counted

2018-06-10 00:36:05 - [TEST_STEP][PASSED] - Statement - For ([g = 1, g <= BatchNumber - 1, (g++)]): null

2018-06-10 00:36:05 - [TEST_STEP][PASSED] - selectOptionByIndex: All options with index in [1] are selected on object 'Object Repository/DispensaryToStore/Page_Store/select_--Select--BA1170BA2376B'

2018-06-10 00:36:05 - [MESSAGE][PASSED] - All options with index in [1] are selected on object 'Object Repository/DispensaryToStore/Page_Store/select_--Select--BA1170BA2376B'

2018-06-10 00:36:05 - [TEST_STEP][PASSED] - Statement - Try: null

2018-06-10 00:36:05 - [TEST_STEP][PASSED] - Statement - StockQty = com.kms.katalon.core.webui.keyword.WebUiBuiltInKeywords.getAttribute(com.kms.katalon.core.testobject.ObjectRepository.findTestObject(DispensaryToStore/Page_Store/input_txtprice), "value"): Attribute 'value' of object 'Object Repository/DispensaryToStore/Page_Store/input_txtprice' is: '2160'

2018-06-10 00:36:05 - [MESSAGE][PASSED] - Attribute 'value' of object 'Object Repository/DispensaryToStore/Page_Store/input_txtprice' is: '2160'

2018-06-10 00:36:05 - [TEST_STEP][PASSED] - Statement - out.println("Stock QTY : " + StockQty): null

2018-06-10 00:36:05 - [TEST_STEP][PASSED] - delay: Delayed 2 second(s)

2018-06-10 00:36:07 - [MESSAGE][PASSED] - Delayed 2 second(s)

2018-06-10 00:36:07 - [TEST_STEP][PASSED] - Statement - If (java.lang.String.valueOf(StockQty) >= java.lang.String.valueOf(RequestedQty)): null

2018-06-10 00:36:07 - [TEST_STEP][PASSED] - setText: Text '10' is set on object 'Object Repository/DispensaryToStore/Page_Store/input_txtqty'

2018-06-10 00:36:07 - [MESSAGE][PASSED] - Text '10' is set on object 'Object Repository/DispensaryToStore/Page_Store/input_txtqty'

2018-06-10 00:36:07 - [TEST_STEP][PASSED] - click: Object: 'Object Repository/DispensaryToStore/Page_Store/button_Add' is clicked on

2018-06-10 00:36:07 - [MESSAGE][PASSED] - Object: 'Object Repository/DispensaryToStore/Page_Store/button_Add' is clicked on

2018-06-10 00:36:07 - [TEST_STEP][PASSED] - Statement - Break: null

2018-06-10 00:36:07 - [TEST_STEP][PASSED] - selectOptionByIndex: All options with index in [4] are selected on object 'Object Repository/DispensaryToStore/Page_Store/select_--Select--Adernaline 0.'

2018-06-10 00:36:07 - [MESSAGE][PASSED] - All options with index in [4] are selected on object 'Object Repository/DispensaryToStore/Page_Store/select_--Select--Adernaline 0.'

2018-06-10 00:36:07 - [TEST_STEP][PASSED] - delay: Delayed 2 second(s)

2018-06-10 00:36:09 - [MESSAGE][PASSED] - Delayed 2 second(s)

2018-06-10 00:36:09 - [TEST_STEP][PASSED] - Statement - RequestedQty = com.kms.katalon.core.webui.keyword.WebUiBuiltInKeywords.getAttribute(com.kms.katalon.core.testobject.ObjectRepository.findTestObject(DispensaryToStore/Page_Store/input_txttotal), "value"): Attribute 'value' of object 'Object Repository/DispensaryToStore/Page_Store/input_txttotal' is: '10'

2018-06-10 00:36:09 - [MESSAGE][PASSED] - Attribute 'value' of object 'Object Repository/DispensaryToStore/Page_Store/input_txttotal' is: '10'

2018-06-10 00:36:09 - [TEST_STEP][PASSED] - Statement - out.println("Requested QTY : " + RequestedQty): null

2018-06-10 00:36:09 - [TEST_STEP][PASSED] - Statement - BatchNumber = com.kms.katalon.core.webui.keyword.WebUiBuiltInKeywords.getNumberOfTotalOption(com.kms.katalon.core.testobject.ObjectRepository.findTestObject(DispensaryToStore/Page_Store/select_--Select--BA1170BA2376B)): 3 options of object 'Object Repository/DispensaryToStore/Page_Store/select_--Select--BA1170BA2376B' counted

2018-06-10 00:36:09 - [MESSAGE][PASSED] - 3 options of object 'Object Repository/DispensaryToStore/Page_Store/select_--Select--BA1170BA2376B' counted

2018-06-10 00:36:09 - [TEST_STEP][PASSED] - Statement - For ([g = 1, g <= BatchNumber - 1, (g++)]): null

2018-06-10 00:36:09 - [TEST_STEP][PASSED] - selectOptionByIndex: All options with index in [1] are selected on object 'Object Repository/DispensaryToStore/Page_Store/select_--Select--BA1170BA2376B'

2018-06-10 00:36:09 - [MESSAGE][PASSED] - All options with index in [1] are selected on object 'Object Repository/DispensaryToStore/Page_Store/select_--Select--BA1170BA2376B'

2018-06-10 00:36:09 - [TEST_STEP][PASSED] - Statement - Try: null

2018-06-10 00:36:09 - [TEST_STEP][PASSED] - Statement - StockQty = com.kms.katalon.core.webui.keyword.WebUiBuiltInKeywords.getAttribute(com.kms.katalon.core.testobject.ObjectRepository.findTestObject(DispensaryToStore/Page_Store/input_txtprice), "value"): Attribute 'value' of object 'Object Repository/DispensaryToStore/Page_Store/input_txtprice' is: '180'

2018-06-10 00:36:10 - [MESSAGE][PASSED] - Attribute 'value' of object 'Object Repository/DispensaryToStore/Page_Store/input_txtprice' is: '180'

2018-06-10 00:36:10 - [TEST_STEP][PASSED] - Statement - out.println("Stock QTY : " + StockQty): null

2018-06-10 00:36:10 - [TEST_STEP][PASSED] - delay: Delayed 2 second(s)

2018-06-10 00:36:12 - [MESSAGE][PASSED] - Delayed 2 second(s)

2018-06-10 00:36:12 - [TEST_STEP][PASSED] - Statement - If (java.lang.String.valueOf(StockQty) >= java.lang.String.valueOf(RequestedQty)): null

2018-06-10 00:36:12 - [TEST_STEP][PASSED] - setText: Text '10' is set on object 'Object Repository/DispensaryToStore/Page_Store/input_txtqty'

2018-06-10 00:36:12 - [MESSAGE][PASSED] - Text '10' is set on object 'Object Repository/DispensaryToStore/Page_Store/input_txtqty'

2018-06-10 00:36:12 - [TEST_STEP][PASSED] - click: Object: 'Object Repository/DispensaryToStore/Page_Store/button_Add' is clicked on

2018-06-10 00:36:12 - [MESSAGE][PASSED] - Object: 'Object Repository/DispensaryToStore/Page_Store/button_Add' is clicked on

2018-06-10 00:36:12 - [TEST_STEP][PASSED] - Statement - Break: null

2018-06-10 00:36:12 - [TEST_STEP][PASSED] - selectOptionByIndex: All options with index in [5] are selected on object 'Object Repository/DispensaryToStore/Page_Store/select_--Select--Adernaline 0.'

2018-06-10 00:36:12 - [MESSAGE][PASSED] - All options with index in [5] are selected on object 'Object Repository/DispensaryToStore/Page_Store/select_--Select--Adernaline 0.'

2018-06-10 00:36:12 - [TEST_STEP][PASSED] - delay: Delayed 2 second(s)

2018-06-10 00:36:14 - [MESSAGE][PASSED] - Delayed 2 second(s)

2018-06-10 00:36:14 - [TEST_STEP][PASSED] - Statement - RequestedQty = com.kms.katalon.core.webui.keyword.WebUiBuiltInKeywords.getAttribute(com.kms.katalon.core.testobject.ObjectRepository.findTestObject(DispensaryToStore/Page_Store/input_txttotal), "value"): Attribute 'value' of object 'Object Repository/DispensaryToStore/Page_Store/input_txttotal' is: '10'

2018-06-10 00:36:14 - [MESSAGE][PASSED] - Attribute 'value' of object 'Object Repository/DispensaryToStore/Page_Store/input_txttotal' is: '10'

2018-06-10 00:36:14 - [TEST_STEP][PASSED] - Statement - out.println("Requested QTY : " + RequestedQty): null

2018-06-10 00:36:14 - [TEST_STEP][PASSED] - Statement - BatchNumber = com.kms.katalon.core.webui.keyword.WebUiBuiltInKeywords.getNumberOfTotalOption(com.kms.katalon.core.testobject.ObjectRepository.findTestObject(DispensaryToStore/Page_Store/select_--Select--BA1170BA2376B)): 2 options of object 'Object Repository/DispensaryToStore/Page_Store/select_--Select--BA1170BA2376B' counted

2018-06-10 00:36:14 - [MESSAGE][PASSED] - 2 options of object 'Object Repository/DispensaryToStore/Page_Store/select_--Select--BA1170BA2376B' counted

2018-06-10 00:36:14 - [TEST_STEP][PASSED] - Statement - For ([g = 1, g <= BatchNumber - 1, (g++)]): null

2018-06-10 00:36:14 - [TEST_STEP][PASSED] - selectOptionByIndex: All options with index in [1] are selected on object 'Object Repository/DispensaryToStore/Page_Store/select_--Select--BA1170BA2376B'

2018-06-10 00:36:14 - [MESSAGE][PASSED] - All options with index in [1] are selected on object 'Object Repository/DispensaryToStore/Page_Store/select_--Select--BA1170BA2376B'

2018-06-10 00:36:14 - [TEST_STEP][PASSED] - Statement - Try: null

2018-06-10 00:36:14 - [TEST_STEP][PASSED] - Statement - StockQty = com.kms.katalon.core.webui.keyword.WebUiBuiltInKeywords.getAttribute(com.kms.katalon.core.testobject.ObjectRepository.findTestObject(DispensaryToStore/Page_Store/input_txtprice), "value"): Attribute 'value' of object 'Object Repository/DispensaryToStore/Page_Store/input_txtprice' is: '960'

2018-06-10 00:36:14 - [MESSAGE][PASSED] - Attribute 'value' of object 'Object Repository/DispensaryToStore/Page_Store/input_txtprice' is: '960'

2018-06-10 00:36:14 - [TEST_STEP][PASSED] - Statement - out.println("Stock QTY : " + StockQty): null

2018-06-10 00:36:14 - [TEST_STEP][PASSED] - delay: Delayed 2 second(s)

2018-06-10 00:36:16 - [MESSAGE][PASSED] - Delayed 2 second(s)

2018-06-10 00:36:16 - [TEST_STEP][PASSED] - Statement - If (java.lang.String.valueOf(StockQty) >= java.lang.String.valueOf(RequestedQty)): null

2018-06-10 00:36:16 - [TEST_STEP][PASSED] - setText: Text '10' is set on object 'Object Repository/DispensaryToStore/Page_Store/input_txtqty'

2018-06-10 00:36:16 - [MESSAGE][PASSED] - Text '10' is set on object 'Object Repository/DispensaryToStore/Page_Store/input_txtqty'

2018-06-10 00:36:16 - [TEST_STEP][PASSED] - click: Object: 'Object Repository/DispensaryToStore/Page_Store/button_Add' is clicked on

2018-06-10 00:36:16 - [MESSAGE][PASSED] - Object: 'Object Repository/DispensaryToStore/Page_Store/button_Add' is clicked on

2018-06-10 00:36:16 - [TEST_STEP][PASSED] - Statement - Break: null

2018-06-10 00:36:16 - [TEST_STEP][PASSED] - selectOptionByIndex: All options with index in [6] are selected on object 'Object Repository/DispensaryToStore/Page_Store/select_--Select--Adernaline 0.'

2018-06-10 00:36:16 - [MESSAGE][PASSED] - All options with index in [6] are selected on object 'Object Repository/DispensaryToStore/Page_Store/select_--Select--Adernaline 0.'

2018-06-10 00:36:16 - [TEST_STEP][PASSED] - delay: Delayed 2 second(s)

2018-06-10 00:36:18 - [MESSAGE][PASSED] - Delayed 2 second(s)

2018-06-10 00:36:18 - [TEST_STEP][PASSED] - Statement - RequestedQty = com.kms.katalon.core.webui.keyword.WebUiBuiltInKeywords.getAttribute(com.kms.katalon.core.testobject.ObjectRepository.findTestObject(DispensaryToStore/Page_Store/input_txttotal), "value"): Attribute 'value' of object 'Object Repository/DispensaryToStore/Page_Store/input_txttotal' is: '10'

2018-06-10 00:36:18 - [MESSAGE][PASSED] - Attribute 'value' of object 'Object Repository/DispensaryToStore/Page_Store/input_txttotal' is: '10'

2018-06-10 00:36:18 - [TEST_STEP][PASSED] - Statement - out.println("Requested QTY : " + RequestedQty): null

2018-06-10 00:36:18 - [TEST_STEP][PASSED] - Statement - BatchNumber = com.kms.katalon.core.webui.keyword.WebUiBuiltInKeywords.getNumberOfTotalOption(com.kms.katalon.core.testobject.ObjectRepository.findTestObject(DispensaryToStore/Page_Store/select_--Select--BA1170BA2376B)): 2 options of object 'Object Repository/DispensaryToStore/Page_Store/select_--Select--BA1170BA2376B' counted

2018-06-10 00:36:18 - [MESSAGE][PASSED] - 2 options of object 'Object Repository/DispensaryToStore/Page_Store/select_--Select--BA1170BA2376B' counted

2018-06-10 00:36:18 - [TEST_STEP][PASSED] - Statement - For ([g = 1, g <= BatchNumber - 1, (g++)]): null

2018-06-10 00:36:18 - [TEST_STEP][PASSED] - selectOptionByIndex: All options with index in [1] are selected on object 'Object Repository/DispensaryToStore/Page_Store/select_--Select--BA1170BA2376B'

2018-06-10 00:36:19 - [MESSAGE][PASSED] - All options with index in [1] are selected on object 'Object Repository/DispensaryToStore/Page_Store/select_--Select--BA1170BA2376B'

2018-06-10 00:36:19 - [TEST_STEP][PASSED] - Statement - Try: null

2018-06-10 00:36:19 - [TEST_STEP][PASSED] - Statement - StockQty = com.kms.katalon.core.webui.keyword.WebUiBuiltInKeywords.getAttribute(com.kms.katalon.core.testobject.ObjectRepository.findTestObject(DispensaryToStore/Page_Store/input_txtprice), "value"): Attribute 'value' of object 'Object Repository/DispensaryToStore/Page_Store/input_txtprice' is: '960'

2018-06-10 00:36:19 - [MESSAGE][PASSED] - Attribute 'value' of object 'Object Repository/DispensaryToStore/Page_Store/input_txtprice' is: '960'

2018-06-10 00:36:19 - [TEST_STEP][PASSED] - Statement - out.println("Stock QTY : " + StockQty): null

2018-06-10 00:36:19 - [TEST_STEP][PASSED] - delay: Delayed 2 second(s)

2018-06-10 00:36:21 - [MESSAGE][PASSED] - Delayed 2 second(s)

2018-06-10 00:36:21 - [TEST_STEP][PASSED] - Statement - If (java.lang.String.valueOf(StockQty) >= java.lang.String.valueOf(RequestedQty)): null

2018-06-10 00:36:21 - [TEST_STEP][PASSED] - setText: Text '10' is set on object 'Object Repository/DispensaryToStore/Page_Store/input_txtqty'

2018-06-10 00:36:21 - [MESSAGE][PASSED] - Text '10' is set on object 'Object Repository/DispensaryToStore/Page_Store/input_txtqty'

2018-06-10 00:36:21 - [TEST_STEP][PASSED] - click: Object: 'Object Repository/DispensaryToStore/Page_Store/button_Add' is clicked on

2018-06-10 00:36:21 - [MESSAGE][PASSED] - Object: 'Object Repository/DispensaryToStore/Page_Store/button_Add' is clicked on

2018-06-10 00:36:21 - [TEST_STEP][PASSED] - Statement - Break: null

2018-06-10 00:36:21 - [TEST_STEP][PASSED] - selectOptionByIndex: All options with index in [7] are selected on object 'Object Repository/DispensaryToStore/Page_Store/select_--Select--Adernaline 0.'

2018-06-10 00:36:21 - [MESSAGE][PASSED] - All options with index in [7] are selected on object 'Object Repository/DispensaryToStore/Page_Store/select_--Select--Adernaline 0.'

2018-06-10 00:36:21 - [TEST_STEP][PASSED] - delay: Delayed 2 second(s)

2018-06-10 00:36:23 - [MESSAGE][PASSED] - Delayed 2 second(s)

2018-06-10 00:36:23 - [TEST_STEP][PASSED] - Statement - RequestedQty = com.kms.katalon.core.webui.keyword.WebUiBuiltInKeywords.getAttribute(com.kms.katalon.core.testobject.ObjectRepository.findTestObject(DispensaryToStore/Page_Store/input_txttotal), "value"): Attribute 'value' of object 'Object Repository/DispensaryToStore/Page_Store/input_txttotal' is: '10'

2018-06-10 00:36:23 - [MESSAGE][PASSED] - Attribute 'value' of object 'Object Repository/DispensaryToStore/Page_Store/input_txttotal' is: '10'

2018-06-10 00:36:23 - [TEST_STEP][PASSED] - Statement - out.println("Requested QTY : " + RequestedQty): null

2018-06-10 00:36:23 - [TEST_STEP][PASSED] - Statement - BatchNumber = com.kms.katalon.core.webui.keyword.WebUiBuiltInKeywords.getNumberOfTotalOption(com.kms.katalon.core.testobject.ObjectRepository.findTestObject(DispensaryToStore/Page_Store/select_--Select--BA1170BA2376B)): 2 options of object 'Object Repository/DispensaryToStore/Page_Store/select_--Select--BA1170BA2376B' counted

2018-06-10 00:36:23 - [MESSAGE][PASSED] - 2 options of object 'Object Repository/DispensaryToStore/Page_Store/select_--Select--BA1170BA2376B' counted

2018-06-10 00:36:23 - [TEST_STEP][PASSED] - Statement - For ([g = 1, g <= BatchNumber - 1, (g++)]): null

2018-06-10 00:36:23 - [TEST_STEP][PASSED] - selectOptionByIndex: All options with index in [1] are selected on object 'Object Repository/DispensaryToStore/Page_Store/select_--Select--BA1170BA2376B'

2018-06-10 00:36:23 - [MESSAGE][PASSED] - All options with index in [1] are selected on object 'Object Repository/DispensaryToStore/Page_Store/select_--Select--BA1170BA2376B'

2018-06-10 00:36:23 - [TEST_STEP][PASSED] - Statement - Try: null

2018-06-10 00:36:23 - [TEST_STEP][PASSED] - Statement - StockQty = com.kms.katalon.core.webui.keyword.WebUiBuiltInKeywords.getAttribute(com.kms.katalon.core.testobject.ObjectRepository.findTestObject(DispensaryToStore/Page_Store/input_txtprice), "value"): Attribute 'value' of object 'Object Repository/DispensaryToStore/Page_Store/input_txtprice' is: '955'

2018-06-10 00:36:23 - [MESSAGE][PASSED] - Attribute 'value' of object 'Object Repository/DispensaryToStore/Page_Store/input_txtprice' is: '955'

2018-06-10 00:36:23 - [TEST_STEP][PASSED] - Statement - out.println("Stock QTY : " + StockQty): null

2018-06-10 00:36:23 - [TEST_STEP][PASSED] - delay: Delayed 2 second(s)

2018-06-10 00:36:25 - [MESSAGE][PASSED] - Delayed 2 second(s)

2018-06-10 00:36:25 - [TEST_STEP][PASSED] - Statement - If (java.lang.String.valueOf(StockQty) >= java.lang.String.valueOf(RequestedQty)): null

2018-06-10 00:36:25 - [TEST_STEP][PASSED] - setText: Text '10' is set on object 'Object Repository/DispensaryToStore/Page_Store/input_txtqty'

2018-06-10 00:36:25 - [MESSAGE][PASSED] - Text '10' is set on object 'Object Repository/DispensaryToStore/Page_Store/input_txtqty'

2018-06-10 00:36:25 - [TEST_STEP][PASSED] - click: Object: 'Object Repository/DispensaryToStore/Page_Store/button_Add' is clicked on

2018-06-10 00:36:25 - [MESSAGE][PASSED] - Object: 'Object Repository/DispensaryToStore/Page_Store/button_Add' is clicked on

2018-06-10 00:36:25 - [TEST_STEP][PASSED] - Statement - Break: null

2018-06-10 00:36:25 - [TEST_STEP][PASSED] - selectOptionByIndex: All options with index in [8] are selected on object 'Object Repository/DispensaryToStore/Page_Store/select_--Select--Adernaline 0.'

2018-06-10 00:36:26 - [MESSAGE][PASSED] - All options with index in [8] are selected on object 'Object Repository/DispensaryToStore/Page_Store/select_--Select--Adernaline 0.'

2018-06-10 00:36:26 - [TEST_STEP][PASSED] - delay: Delayed 2 second(s)

2018-06-10 00:36:28 - [MESSAGE][PASSED] - Delayed 2 second(s)

2018-06-10 00:36:28 - [TEST_STEP][PASSED] - Statement - RequestedQty = com.kms.katalon.core.webui.keyword.WebUiBuiltInKeywords.getAttribute(com.kms.katalon.core.testobject.ObjectRepository.findTestObject(DispensaryToStore/Page_Store/input_txttotal), "value"): Attribute 'value' of object 'Object Repository/DispensaryToStore/Page_Store/input_txttotal' is: '10'

2018-06-10 00:36:28 - [MESSAGE][PASSED] - Attribute 'value' of object 'Object Repository/DispensaryToStore/Page_Store/input_txttotal' is: '10'

2018-06-10 00:36:28 - [TEST_STEP][PASSED] - Statement - out.println("Requested QTY : " + RequestedQty): null

2018-06-10 00:36:28 - [TEST_STEP][PASSED] - Statement - BatchNumber = com.kms.katalon.core.webui.keyword.WebUiBuiltInKeywords.getNumberOfTotalOption(com.kms.katalon.core.testobject.ObjectRepository.findTestObject(DispensaryToStore/Page_Store/select_--Select--BA1170BA2376B)): 3 options of object 'Object Repository/DispensaryToStore/Page_Store/select_--Select--BA1170BA2376B' counted

2018-06-10 00:36:28 - [MESSAGE][PASSED] - 3 options of object 'Object Repository/DispensaryToStore/Page_Store/select_--Select--BA1170BA2376B' counted

2018-06-10 00:36:28 - [TEST_STEP][PASSED] - Statement - For ([g = 1, g <= BatchNumber - 1, (g++)]): null

2018-06-10 00:36:28 - [TEST_STEP][PASSED] - selectOptionByIndex: All options with index in [1] are selected on object 'Object Repository/DispensaryToStore/Page_Store/select_--Select--BA1170BA2376B'

2018-06-10 00:36:28 - [MESSAGE][PASSED] - All options with index in [1] are selected on object 'Object Repository/DispensaryToStore/Page_Store/select_--Select--BA1170BA2376B'

2018-06-10 00:36:28 - [TEST_STEP][PASSED] - Statement - Try: null

2018-06-10 00:36:28 - [TEST_STEP][PASSED] - Statement - StockQty = com.kms.katalon.core.webui.keyword.WebUiBuiltInKeywords.getAttribute(com.kms.katalon.core.testobject.ObjectRepository.findTestObject(DispensaryToStore/Page_Store/input_txtprice), "value"): Attribute 'value' of object 'Object Repository/DispensaryToStore/Page_Store/input_txtprice' is: '460'

2018-06-10 00:36:28 - [MESSAGE][PASSED] - Attribute 'value' of object 'Object Repository/DispensaryToStore/Page_Store/input_txtprice' is: '460'

2018-06-10 00:36:28 - [TEST_STEP][PASSED] - Statement - out.println("Stock QTY : " + StockQty): null

2018-06-10 00:36:28 - [TEST_STEP][PASSED] - delay: Delayed 2 second(s)

2018-06-10 00:36:30 - [MESSAGE][PASSED] - Delayed 2 second(s)

2018-06-10 00:36:30 - [TEST_STEP][PASSED] - Statement - If (java.lang.String.valueOf(StockQty) >= java.lang.String.valueOf(RequestedQty)): null

2018-06-10 00:36:30 - [TEST_STEP][PASSED] - setText: Text '10' is set on object 'Object Repository/DispensaryToStore/Page_Store/input_txtqty'

2018-06-10 00:36:30 - [MESSAGE][PASSED] - Text '10' is set on object 'Object Repository/DispensaryToStore/Page_Store/input_txtqty'

2018-06-10 00:36:30 - [TEST_STEP][PASSED] - click: Object: 'Object Repository/DispensaryToStore/Page_Store/button_Add' is clicked on

2018-06-10 00:36:30 - [MESSAGE][PASSED] - Object: 'Object Repository/DispensaryToStore/Page_Store/button_Add' is clicked on

2018-06-10 00:36:30 - [TEST_STEP][PASSED] - Statement - Break: null

2018-06-10 00:36:30 - [TEST_STEP][PASSED] - selectOptionByIndex: All options with index in [9] are selected on object 'Object Repository/DispensaryToStore/Page_Store/select_--Select--Adernaline 0.'

2018-06-10 00:36:30 - [MESSAGE][PASSED] - All options with index in [9] are selected on object 'Object Repository/DispensaryToStore/Page_Store/select_--Select--Adernaline 0.'

2018-06-10 00:36:30 - [TEST_STEP][PASSED] - delay: Delayed 2 second(s)

2018-06-10 00:36:32 - [MESSAGE][PASSED] - Delayed 2 second(s)

2018-06-10 00:36:32 - [TEST_STEP][PASSED] - Statement - RequestedQty = com.kms.katalon.core.webui.keyword.WebUiBuiltInKeywords.getAttribute(com.kms.katalon.core.testobject.ObjectRepository.findTestObject(DispensaryToStore/Page_Store/input_txttotal), "value"): Attribute 'value' of object 'Object Repository/DispensaryToStore/Page_Store/input_txttotal' is: '10'

2018-06-10 00:36:32 - [MESSAGE][PASSED] - Attribute 'value' of object 'Object Repository/DispensaryToStore/Page_Store/input_txttotal' is: '10'

2018-06-10 00:36:32 - [TEST_STEP][PASSED] - Statement - out.println("Requested QTY : " + RequestedQty): null

2018-06-10 00:36:32 - [TEST_STEP][PASSED] - Statement - BatchNumber = com.kms.katalon.core.webui.keyword.WebUiBuiltInKeywords.getNumberOfTotalOption(com.kms.katalon.core.testobject.ObjectRepository.findTestObject(DispensaryToStore/Page_Store/select_--Select--BA1170BA2376B)): 2 options of object 'Object Repository/DispensaryToStore/Page_Store/select_--Select--BA1170BA2376B' counted

2018-06-10 00:36:32 - [MESSAGE][PASSED] - 2 options of object 'Object Repository/DispensaryToStore/Page_Store/select_--Select--BA1170BA2376B' counted

2018-06-10 00:36:32 - [TEST_STEP][PASSED] - Statement - For ([g = 1, g <= BatchNumber - 1, (g++)]): null

2018-06-10 00:36:32 - [TEST_STEP][PASSED] - selectOptionByIndex: All options with index in [1] are selected on object 'Object Repository/DispensaryToStore/Page_Store/select_--Select--BA1170BA2376B'

2018-06-10 00:36:32 - [MESSAGE][PASSED] - All options with index in [1] are selected on object 'Object Repository/DispensaryToStore/Page_Store/select_--Select--BA1170BA2376B'

2018-06-10 00:36:32 - [TEST_STEP][PASSED] - Statement - Try: null

2018-06-10 00:36:32 - [TEST_STEP][PASSED] - Statement - StockQty = com.kms.katalon.core.webui.keyword.WebUiBuiltInKeywords.getAttribute(com.kms.katalon.core.testobject.ObjectRepository.findTestObject(DispensaryToStore/Page_Store/input_txtprice), "value"): Attribute 'value' of object 'Object Repository/DispensaryToStore/Page_Store/input_txtprice' is: '970'

2018-06-10 00:36:32 - [MESSAGE][PASSED] - Attribute 'value' of object 'Object Repository/DispensaryToStore/Page_Store/input_txtprice' is: '970'

2018-06-10 00:36:32 - [TEST_STEP][PASSED] - Statement - out.println("Stock QTY : " + StockQty): null

2018-06-10 00:36:32 - [TEST_STEP][PASSED] - delay: Delayed 2 second(s)

2018-06-10 00:36:34 - [MESSAGE][PASSED] - Delayed 2 second(s)

2018-06-10 00:36:34 - [TEST_STEP][PASSED] - Statement - If (java.lang.String.valueOf(StockQty) >= java.lang.String.valueOf(RequestedQty)): null

2018-06-10 00:36:34 - [TEST_STEP][PASSED] - setText: Text '10' is set on object 'Object Repository/DispensaryToStore/Page_Store/input_txtqty'

2018-06-10 00:36:34 - [MESSAGE][PASSED] - Text '10' is set on object 'Object Repository/DispensaryToStore/Page_Store/input_txtqty'

2018-06-10 00:36:34 - [TEST_STEP][PASSED] - click: Object: 'Object Repository/DispensaryToStore/Page_Store/button_Add' is clicked on

2018-06-10 00:36:34 - [MESSAGE][PASSED] - Object: 'Object Repository/DispensaryToStore/Page_Store/button_Add' is clicked on

2018-06-10 00:36:34 - [TEST_STEP][PASSED] - Statement - Break: null

2018-06-10 00:36:34 - [TEST_STEP][PASSED] - selectOptionByIndex: All options with index in [10] are selected on object 'Object Repository/DispensaryToStore/Page_Store/select_--Select--Adernaline 0.'

2018-06-10 00:36:35 - [MESSAGE][PASSED] - All options with index in [10] are selected on object 'Object Repository/DispensaryToStore/Page_Store/select_--Select--Adernaline 0.'

2018-06-10 00:36:35 - [TEST_STEP][PASSED] - delay: Delayed 2 second(s)

2018-06-10 00:36:37 - [MESSAGE][PASSED] - Delayed 2 second(s)

2018-06-10 00:36:37 - [TEST_STEP][PASSED] - Statement - RequestedQty = com.kms.katalon.core.webui.keyword.WebUiBuiltInKeywords.getAttribute(com.kms.katalon.core.testobject.ObjectRepository.findTestObject(DispensaryToStore/Page_Store/input_txttotal), "value"): Attribute 'value' of object 'Object Repository/DispensaryToStore/Page_Store/input_txttotal' is: '10'

2018-06-10 00:36:37 - [MESSAGE][PASSED] - Attribute 'value' of object 'Object Repository/DispensaryToStore/Page_Store/input_txttotal' is: '10'

2018-06-10 00:36:37 - [TEST_STEP][PASSED] - Statement - out.println("Requested QTY : " + RequestedQty): null

2018-06-10 00:36:37 - [TEST_STEP][PASSED] - Statement - BatchNumber = com.kms.katalon.core.webui.keyword.WebUiBuiltInKeywords.getNumberOfTotalOption(com.kms.katalon.core.testobject.ObjectRepository.findTestObject(DispensaryToStore/Page_Store/select_--Select--BA1170BA2376B)): 2 options of object 'Object Repository/DispensaryToStore/Page_Store/select_--Select--BA1170BA2376B' counted

2018-06-10 00:36:37 - [MESSAGE][PASSED] - 2 options of object 'Object Repository/DispensaryToStore/Page_Store/select_--Select--BA1170BA2376B' counted

2018-06-10 00:36:37 - [TEST_STEP][PASSED] - Statement - For ([g = 1, g <= BatchNumber - 1, (g++)]): null

2018-06-10 00:36:37 - [TEST_STEP][PASSED] - selectOptionByIndex: All options with index in [1] are selected on object 'Object Repository/DispensaryToStore/Page_Store/select_--Select--BA1170BA2376B'

2018-06-10 00:36:37 - [MESSAGE][PASSED] - All options with index in [1] are selected on object 'Object Repository/DispensaryToStore/Page_Store/select_--Select--BA1170BA2376B'

2018-06-10 00:36:37 - [TEST_STEP][PASSED] - Statement - Try: null

2018-06-10 00:36:37 - [TEST_STEP][PASSED] - Statement - StockQty = com.kms.katalon.core.webui.keyword.WebUiBuiltInKeywords.getAttribute(com.kms.katalon.core.testobject.ObjectRepository.findTestObject(DispensaryToStore/Page_Store/input_txtprice), "value"): Attribute 'value' of object 'Object Repository/DispensaryToStore/Page_Store/input_txtprice' is: '960'

2018-06-10 00:36:37 - [MESSAGE][PASSED] - Attribute 'value' of object 'Object Repository/DispensaryToStore/Page_Store/input_txtprice' is: '960'

2018-06-10 00:36:37 - [TEST_STEP][PASSED] - Statement - out.println("Stock QTY : " + StockQty): null

2018-06-10 00:36:37 - [TEST_STEP][PASSED] - delay: Delayed 2 second(s)

2018-06-10 00:36:39 - [MESSAGE][PASSED] - Delayed 2 second(s)

2018-06-10 00:36:39 - [TEST_STEP][PASSED] - Statement - If (java.lang.String.valueOf(StockQty) >= java.lang.String.valueOf(RequestedQty)): null

2018-06-10 00:36:39 - [TEST_STEP][PASSED] - setText: Text '10' is set on object 'Object Repository/DispensaryToStore/Page_Store/input_txtqty'

2018-06-10 00:36:39 - [MESSAGE][PASSED] - Text '10' is set on object 'Object Repository/DispensaryToStore/Page_Store/input_txtqty'

2018-06-10 00:36:39 - [TEST_STEP][PASSED] - click: Object: 'Object Repository/DispensaryToStore/Page_Store/button_Add' is clicked on

2018-06-10 00:36:39 - [MESSAGE][PASSED] - Object: 'Object Repository/DispensaryToStore/Page_Store/button_Add' is clicked on

2018-06-10 00:36:39 - [TEST_STEP][PASSED] - Statement - Break: null

2018-06-10 00:36:39 - [TEST_STEP][PASSED] - selectOptionByIndex: All options with index in [11] are selected on object 'Object Repository/DispensaryToStore/Page_Store/select_--Select--Adernaline 0.'

2018-06-10 00:36:39 - [MESSAGE][PASSED] - All options with index in [11] are selected on object 'Object Repository/DispensaryToStore/Page_Store/select_--Select--Adernaline 0.'

2018-06-10 00:36:39 - [TEST_STEP][PASSED] - delay: Delayed 2 second(s)

2018-06-10 00:36:41 - [MESSAGE][PASSED] - Delayed 2 second(s)

2018-06-10 00:36:41 - [TEST_STEP][PASSED] - Statement - RequestedQty = com.kms.katalon.core.webui.keyword.WebUiBuiltInKeywords.getAttribute(com.kms.katalon.core.testobject.ObjectRepository.findTestObject(DispensaryToStore/Page_Store/input_txttotal), "value"): Attribute 'value' of object 'Object Repository/DispensaryToStore/Page_Store/input_txttotal' is: '10'

2018-06-10 00:36:41 - [MESSAGE][PASSED] - Attribute 'value' of object 'Object Repository/DispensaryToStore/Page_Store/input_txttotal' is: '10'

2018-06-10 00:36:41 - [TEST_STEP][PASSED] - Statement - out.println("Requested QTY : " + RequestedQty): null

2018-06-10 00:36:41 - [TEST_STEP][PASSED] - Statement - BatchNumber = com.kms.katalon.core.webui.keyword.WebUiBuiltInKeywords.getNumberOfTotalOption(com.kms.katalon.core.testobject.ObjectRepository.findTestObject(DispensaryToStore/Page_Store/select_--Select--BA1170BA2376B)): 3 options of object 'Object Repository/DispensaryToStore/Page_Store/select_--Select--BA1170BA2376B' counted

2018-06-10 00:36:41 - [MESSAGE][PASSED] - 3 options of object 'Object Repository/DispensaryToStore/Page_Store/select_--Select--BA1170BA2376B' counted

2018-06-10 00:36:41 - [TEST_STEP][PASSED] - Statement - For ([g = 1, g <= BatchNumber - 1, (g++)]): null

2018-06-10 00:36:41 - [TEST_STEP][PASSED] - selectOptionByIndex: All options with index in [1] are selected on object 'Object Repository/DispensaryToStore/Page_Store/select_--Select--BA1170BA2376B'

2018-06-10 00:36:41 - [MESSAGE][PASSED] - All options with index in [1] are selected on object 'Object Repository/DispensaryToStore/Page_Store/select_--Select--BA1170BA2376B'

2018-06-10 00:36:41 - [TEST_STEP][PASSED] - Statement - Try: null

2018-06-10 00:36:41 - [TEST_STEP][PASSED] - Statement - StockQty = com.kms.katalon.core.webui.keyword.WebUiBuiltInKeywords.getAttribute(com.kms.katalon.core.testobject.ObjectRepository.findTestObject(DispensaryToStore/Page_Store/input_txtprice), "value"): Attribute 'value' of object 'Object Repository/DispensaryToStore/Page_Store/input_txtprice' is: '560'

2018-06-10 00:36:42 - [MESSAGE][PASSED] - Attribute 'value' of object 'Object Repository/DispensaryToStore/Page_Store/input_txtprice' is: '560'

2018-06-10 00:36:42 - [TEST_STEP][PASSED] - Statement - out.println("Stock QTY : " + StockQty): null

2018-06-10 00:36:42 - [TEST_STEP][PASSED] - delay: Delayed 2 second(s)

2018-06-10 00:36:44 - [MESSAGE][PASSED] - Delayed 2 second(s)

2018-06-10 00:36:44 - [TEST_STEP][PASSED] - Statement - If (java.lang.String.valueOf(StockQty) >= java.lang.String.valueOf(RequestedQty)): null

2018-06-10 00:36:44 - [TEST_STEP][PASSED] - setText: Text '10' is set on object 'Object Repository/DispensaryToStore/Page_Store/input_txtqty'

2018-06-10 00:36:44 - [MESSAGE][PASSED] - Text '10' is set on object 'Object Repository/DispensaryToStore/Page_Store/input_txtqty'

2018-06-10 00:36:44 - [TEST_STEP][PASSED] - click: Object: 'Object Repository/DispensaryToStore/Page_Store/button_Add' is clicked on

2018-06-10 00:36:44 - [MESSAGE][PASSED] - Object: 'Object Repository/DispensaryToStore/Page_Store/button_Add' is clicked on

2018-06-10 00:36:44 - [TEST_STEP][PASSED] - Statement - Break: null

2018-06-10 00:36:44 - [TEST_STEP][PASSED] - selectOptionByIndex: All options with index in [12] are selected on object 'Object Repository/DispensaryToStore/Page_Store/select_--Select--Adernaline 0.'

2018-06-10 00:36:44 - [MESSAGE][PASSED] - All options with index in [12] are selected on object 'Object Repository/DispensaryToStore/Page_Store/select_--Select--Adernaline 0.'

2018-06-10 00:36:44 - [TEST_STEP][PASSED] - delay: Delayed 2 second(s)

2018-06-10 00:36:46 - [MESSAGE][PASSED] - Delayed 2 second(s)

2018-06-10 00:36:46 - [TEST_STEP][PASSED] - Statement - RequestedQty = com.kms.katalon.core.webui.keyword.WebUiBuiltInKeywords.getAttribute(com.kms.katalon.core.testobject.ObjectRepository.findTestObject(DispensaryToStore/Page_Store/input_txttotal), "value"): Attribute 'value' of object 'Object Repository/DispensaryToStore/Page_Store/input_txttotal' is: '10'

2018-06-10 00:36:46 - [MESSAGE][PASSED] - Attribute 'value' of object 'Object Repository/DispensaryToStore/Page_Store/input_txttotal' is: '10'

2018-06-10 00:36:46 - [TEST_STEP][PASSED] - Statement - out.println("Requested QTY : " + RequestedQty): null

2018-06-10 00:36:46 - [TEST_STEP][PASSED] - Statement - BatchNumber = com.kms.katalon.core.webui.keyword.WebUiBuiltInKeywords.getNumberOfTotalOption(com.kms.katalon.core.testobject.ObjectRepository.findTestObject(DispensaryToStore/Page_Store/select_--Select--BA1170BA2376B)): 3 options of object 'Object Repository/DispensaryToStore/Page_Store/select_--Select--BA1170BA2376B' counted

2018-06-10 00:36:46 - [MESSAGE][PASSED] - 3 options of object 'Object Repository/DispensaryToStore/Page_Store/select_--Select--BA1170BA2376B' counted

2018-06-10 00:36:46 - [TEST_STEP][PASSED] - Statement - For ([g = 1, g <= BatchNumber - 1, (g++)]): null

2018-06-10 00:36:46 - [TEST_STEP][PASSED] - selectOptionByIndex: All options with index in [1] are selected on object 'Object Repository/DispensaryToStore/Page_Store/select_--Select--BA1170BA2376B'

2018-06-10 00:36:46 - [MESSAGE][PASSED] - All options with index in [1] are selected on object 'Object Repository/DispensaryToStore/Page_Store/select_--Select--BA1170BA2376B'

2018-06-10 00:36:46 - [TEST_STEP][PASSED] - Statement - Try: null

2018-06-10 00:36:46 - [TEST_STEP][PASSED] - Statement - StockQty = com.kms.katalon.core.webui.keyword.WebUiBuiltInKeywords.getAttribute(com.kms.katalon.core.testobject.ObjectRepository.findTestObject(DispensaryToStore/Page_Store/input_txtprice), "value"): Attribute 'value' of object 'Object Repository/DispensaryToStore/Page_Store/input_txtprice' is: '560'

2018-06-10 00:36:46 - [MESSAGE][PASSED] - Attribute 'value' of object 'Object Repository/DispensaryToStore/Page_Store/input_txtprice' is: '560'

2018-06-10 00:36:46 - [TEST_STEP][PASSED] - Statement - out.println("Stock QTY : " + StockQty): null

2018-06-10 00:36:46 - [TEST_STEP][PASSED] - delay: Delayed 2 second(s)

2018-06-10 00:36:48 - [MESSAGE][PASSED] - Delayed 2 second(s)

2018-06-10 00:36:48 - [TEST_STEP][PASSED] - Statement - If (java.lang.String.valueOf(StockQty) >= java.lang.String.valueOf(RequestedQty)): null

2018-06-10 00:36:48 - [TEST_STEP][PASSED] - setText: Text '10' is set on object 'Object Repository/DispensaryToStore/Page_Store/input_txtqty'

2018-06-10 00:36:48 - [MESSAGE][PASSED] - Text '10' is set on object 'Object Repository/DispensaryToStore/Page_Store/input_txtqty'

2018-06-10 00:36:48 - [TEST_STEP][PASSED] - click: Object: 'Object Repository/DispensaryToStore/Page_Store/button_Add' is clicked on

2018-06-10 00:36:48 - [MESSAGE][PASSED] - Object: 'Object Repository/DispensaryToStore/Page_Store/button_Add' is clicked on

2018-06-10 00:36:48 - [TEST_STEP][PASSED] - Statement - Break: null

2018-06-10 00:36:48 - [TEST_STEP][PASSED] - selectOptionByIndex: All options with index in [13] are selected on object 'Object Repository/DispensaryToStore/Page_Store/select_--Select--Adernaline 0.'

2018-06-10 00:36:49 - [MESSAGE][PASSED] - All options with index in [13] are selected on object 'Object Repository/DispensaryToStore/Page_Store/select_--Select--Adernaline 0.'

2018-06-10 00:36:49 - [TEST_STEP][PASSED] - delay: Delayed 2 second(s)

2018-06-10 00:36:51 - [MESSAGE][PASSED] - Delayed 2 second(s)

2018-06-10 00:36:51 - [TEST_STEP][PASSED] - Statement - RequestedQty = com.kms.katalon.core.webui.keyword.WebUiBuiltInKeywords.getAttribute(com.kms.katalon.core.testobject.ObjectRepository.findTestObject(DispensaryToStore/Page_Store/input_txttotal), "value"): Attribute 'value' of object 'Object Repository/DispensaryToStore/Page_Store/input_txttotal' is: '10'

2018-06-10 00:36:51 - [MESSAGE][PASSED] - Attribute 'value' of object 'Object Repository/DispensaryToStore/Page_Store/input_txttotal' is: '10'

2018-06-10 00:36:51 - [TEST_STEP][PASSED] - Statement - out.println("Requested QTY : " + RequestedQty): null

2018-06-10 00:36:51 - [TEST_STEP][PASSED] - Statement - BatchNumber = com.kms.katalon.core.webui.keyword.WebUiBuiltInKeywords.getNumberOfTotalOption(com.kms.katalon.core.testobject.ObjectRepository.findTestObject(DispensaryToStore/Page_Store/select_--Select--BA1170BA2376B)): 4 options of object 'Object Repository/DispensaryToStore/Page_Store/select_--Select--BA1170BA2376B' counted

2018-06-10 00:36:51 - [MESSAGE][PASSED] - 4 options of object 'Object Repository/DispensaryToStore/Page_Store/select_--Select--BA1170BA2376B' counted

2018-06-10 00:36:51 - [TEST_STEP][PASSED] - Statement - For ([g = 1, g <= BatchNumber - 1, (g++)]): null

2018-06-10 00:36:51 - [TEST_STEP][PASSED] - selectOptionByIndex: All options with index in [1] are selected on object 'Object Repository/DispensaryToStore/Page_Store/select_--Select--BA1170BA2376B'

2018-06-10 00:36:51 - [MESSAGE][PASSED] - All options with index in [1] are selected on object 'Object Repository/DispensaryToStore/Page_Store/select_--Select--BA1170BA2376B'

2018-06-10 00:36:51 - [TEST_STEP][PASSED] - Statement - Try: null

2018-06-10 00:36:51 - [TEST_STEP][PASSED] - Statement - StockQty = com.kms.katalon.core.webui.keyword.WebUiBuiltInKeywords.getAttribute(com.kms.katalon.core.testobject.ObjectRepository.findTestObject(DispensaryToStore/Page_Store/input_txtprice), "value"): Attribute 'value' of object 'Object Repository/DispensaryToStore/Page_Store/input_txtprice' is: '560'

2018-06-10 00:36:51 - [MESSAGE][PASSED] - Attribute 'value' of object 'Object Repository/DispensaryToStore/Page_Store/input_txtprice' is: '560'

2018-06-10 00:36:51 - [TEST_STEP][PASSED] - Statement - out.println("Stock QTY : " + StockQty): null

2018-06-10 00:36:51 - [TEST_STEP][PASSED] - delay: Delayed 2 second(s)

2018-06-10 00:36:53 - [MESSAGE][PASSED] - Delayed 2 second(s)

2018-06-10 00:36:53 - [TEST_STEP][PASSED] - Statement - If (java.lang.String.valueOf(StockQty) >= java.lang.String.valueOf(RequestedQty)): null

2018-06-10 00:36:53 - [TEST_STEP][PASSED] - setText: Text '10' is set on object 'Object Repository/DispensaryToStore/Page_Store/input_txtqty'

2018-06-10 00:36:53 - [MESSAGE][PASSED] - Text '10' is set on object 'Object Repository/DispensaryToStore/Page_Store/input_txtqty'

2018-06-10 00:36:53 - [TEST_STEP][PASSED] - click: Object: 'Object Repository/DispensaryToStore/Page_Store/button_Add' is clicked on

2018-06-10 00:36:53 - [MESSAGE][PASSED] - Object: 'Object Repository/DispensaryToStore/Page_Store/button_Add' is clicked on

2018-06-10 00:36:53 - [TEST_STEP][PASSED] - Statement - Break: null

2018-06-10 00:36:53 - [TEST_STEP][PASSED] - selectOptionByIndex: All options with index in [14] are selected on object 'Object Repository/DispensaryToStore/Page_Store/select_--Select--Adernaline 0.'

2018-06-10 00:36:53 - [MESSAGE][PASSED] - All options with index in [14] are selected on object 'Object Repository/DispensaryToStore/Page_Store/select_--Select--Adernaline 0.'

2018-06-10 00:36:53 - [TEST_STEP][PASSED] - delay: Delayed 2 second(s)

2018-06-10 00:36:55 - [MESSAGE][PASSED] - Delayed 2 second(s)

2018-06-10 00:36:55 - [TEST_STEP][PASSED] - Statement - RequestedQty = com.kms.katalon.core.webui.keyword.WebUiBuiltInKeywords.getAttribute(com.kms.katalon.core.testobject.ObjectRepository.findTestObject(DispensaryToStore/Page_Store/input_txttotal), "value"): Attribute 'value' of object 'Object Repository/DispensaryToStore/Page_Store/input_txttotal' is: '10'

2018-06-10 00:36:55 - [MESSAGE][PASSED] - Attribute 'value' of object 'Object Repository/DispensaryToStore/Page_Store/input_txttotal' is: '10'

2018-06-10 00:36:55 - [TEST_STEP][PASSED] - Statement - out.println("Requested QTY : " + RequestedQty): null

2018-06-10 00:36:55 - [TEST_STEP][PASSED] - Statement - BatchNumber = com.kms.katalon.core.webui.keyword.WebUiBuiltInKeywords.getNumberOfTotalOption(com.kms.katalon.core.testobject.ObjectRepository.findTestObject(DispensaryToStore/Page_Store/select_--Select--BA1170BA2376B)): 2 options of object 'Object Repository/DispensaryToStore/Page_Store/select_--Select--BA1170BA2376B' counted

2018-06-10 00:36:55 - [MESSAGE][PASSED] - 2 options of object 'Object Repository/DispensaryToStore/Page_Store/select_--Select--BA1170BA2376B' counted

2018-06-10 00:36:55 - [TEST_STEP][PASSED] - Statement - For ([g = 1, g <= BatchNumber - 1, (g++)]): null

2018-06-10 00:36:55 - [TEST_STEP][PASSED] - selectOptionByIndex: All options with index in [1] are selected on object 'Object Repository/DispensaryToStore/Page_Store/select_--Select--BA1170BA2376B'

2018-06-10 00:36:55 - [MESSAGE][PASSED] - All options with index in [1] are selected on object 'Object Repository/DispensaryToStore/Page_Store/select_--Select--BA1170BA2376B'

2018-06-10 00:36:55 - [TEST_STEP][PASSED] - Statement - Try: null

2018-06-10 00:36:55 - [TEST_STEP][PASSED] - Statement - StockQty = com.kms.katalon.core.webui.keyword.WebUiBuiltInKeywords.getAttribute(com.kms.katalon.core.testobject.ObjectRepository.findTestObject(DispensaryToStore/Page_Store/input_txtprice), "value"): Attribute 'value' of object 'Object Repository/DispensaryToStore/Page_Store/input_txtprice' is: ''

2018-06-10 00:36:55 - [MESSAGE][PASSED] - Attribute 'value' of object 'Object Repository/DispensaryToStore/Page_Store/input_txtprice' is: ''

2018-06-10 00:36:55 - [TEST_STEP][PASSED] - Statement - out.println("Stock QTY : " + StockQty): null

2018-06-10 00:36:55 - [TEST_STEP][PASSED] - delay: Delayed 2 second(s)

2018-06-10 00:36:57 - [MESSAGE][PASSED] - Delayed 2 second(s)

2018-06-10 00:36:57 - [TEST_STEP][PASSED] - Statement - If (java.lang.String.valueOf(StockQty) >= java.lang.String.valueOf(RequestedQty)): null

2018-06-10 00:36:57 - [TEST_STEP][PASSED] - Statement - Else: null

2018-06-10 00:36:57 - [TEST_STEP][PASSED] - Statement - out.println("Stock Is Less Than Requested Qty"): null

2018-06-10 00:36:57 - [TEST_STEP][PASSED] - selectOptionByIndex: All options with index in [15] are selected on object 'Object Repository/DispensaryToStore/Page_Store/select_--Select--Adernaline 0.'

2018-06-10 00:36:58 - [MESSAGE][PASSED] - All options with index in [15] are selected on object 'Object Repository/DispensaryToStore/Page_Store/select_--Select--Adernaline 0.'

2018-06-10 00:36:58 - [TEST_STEP][PASSED] - delay: Delayed 2 second(s)

2018-06-10 00:37:00 - [MESSAGE][PASSED] - Delayed 2 second(s)

2018-06-10 00:37:00 - [TEST_STEP][PASSED] - Statement - RequestedQty = com.kms.katalon.core.webui.keyword.WebUiBuiltInKeywords.getAttribute(com.kms.katalon.core.testobject.ObjectRepository.findTestObject(DispensaryToStore/Page_Store/input_txttotal), "value"): Attribute 'value' of object 'Object Repository/DispensaryToStore/Page_Store/input_txttotal' is: '10'

2018-06-10 00:37:00 - [MESSAGE][PASSED] - Attribute 'value' of object 'Object Repository/DispensaryToStore/Page_Store/input_txttotal' is: '10'

2018-06-10 00:37:00 - [TEST_STEP][PASSED] - Statement - out.println("Requested QTY : " + RequestedQty): null

2018-06-10 00:37:00 - [TEST_STEP][PASSED] - Statement - BatchNumber = com.kms.katalon.core.webui.keyword.WebUiBuiltInKeywords.getNumberOfTotalOption(com.kms.katalon.core.testobject.ObjectRepository.findTestObject(DispensaryToStore/Page_Store/select_--Select--BA1170BA2376B)): 2 options of object 'Object Repository/DispensaryToStore/Page_Store/select_--Select--BA1170BA2376B' counted

2018-06-10 00:37:00 - [MESSAGE][PASSED] - 2 options of object 'Object Repository/DispensaryToStore/Page_Store/select_--Select--BA1170BA2376B' counted

2018-06-10 00:37:00 - [TEST_STEP][PASSED] - Statement - For ([g = 1, g <= BatchNumber - 1, (g++)]): null

2018-06-10 00:37:00 - [TEST_STEP][PASSED] - selectOptionByIndex: All options with index in [1] are selected on object 'Object Repository/DispensaryToStore/Page_Store/select_--Select--BA1170BA2376B'

2018-06-10 00:37:00 - [MESSAGE][PASSED] - All options with index in [1] are selected on object 'Object Repository/DispensaryToStore/Page_Store/select_--Select--BA1170BA2376B'

2018-06-10 00:37:00 - [TEST_STEP][PASSED] - Statement - Try: null

2018-06-10 00:37:00 - [TEST_STEP][PASSED] - Statement - StockQty = com.kms.katalon.core.webui.keyword.WebUiBuiltInKeywords.getAttribute(com.kms.katalon.core.testobject.ObjectRepository.findTestObject(DispensaryToStore/Page_Store/input_txtprice), "value"): Attribute 'value' of object 'Object Repository/DispensaryToStore/Page_Store/input_txtprice' is: '960'

2018-06-10 00:37:00 - [MESSAGE][PASSED] - Attribute 'value' of object 'Object Repository/DispensaryToStore/Page_Store/input_txtprice' is: '960'

2018-06-10 00:37:00 - [TEST_STEP][PASSED] - Statement - out.println("Stock QTY : " + StockQty): null

2018-06-10 00:37:00 - [TEST_STEP][PASSED] - delay: Delayed 2 second(s)

2018-06-10 00:37:02 - [MESSAGE][PASSED] - Delayed 2 second(s)

2018-06-10 00:37:02 - [TEST_STEP][PASSED] - Statement - If (java.lang.String.valueOf(StockQty) >= java.lang.String.valueOf(RequestedQty)): null

2018-06-10 00:37:02 - [TEST_STEP][PASSED] - setText: Text '10' is set on object 'Object Repository/DispensaryToStore/Page_Store/input_txtqty'

2018-06-10 00:37:02 - [MESSAGE][PASSED] - Text '10' is set on object 'Object Repository/DispensaryToStore/Page_Store/input_txtqty'

2018-06-10 00:37:02 - [TEST_STEP][PASSED] - click: Object: 'Object Repository/DispensaryToStore/Page_Store/button_Add' is clicked on

2018-06-10 00:37:02 - [MESSAGE][PASSED] - Object: 'Object Repository/DispensaryToStore/Page_Store/button_Add' is clicked on

2018-06-10 00:37:02 - [TEST_STEP][PASSED] - Statement - Break: null

2018-06-10 00:37:02 - [TEST_STEP][PASSED] - selectOptionByIndex: All options with index in [16] are selected on object 'Object Repository/DispensaryToStore/Page_Store/select_--Select--Adernaline 0.'

2018-06-10 00:37:02 - [MESSAGE][PASSED] - All options with index in [16] are selected on object 'Object Repository/DispensaryToStore/Page_Store/select_--Select--Adernaline 0.'

2018-06-10 00:37:02 - [TEST_STEP][PASSED] - delay: Delayed 2 second(s)

2018-06-10 00:37:04 - [MESSAGE][PASSED] - Delayed 2 second(s)

2018-06-10 00:37:04 - [TEST_STEP][PASSED] - Statement - RequestedQty = com.kms.katalon.core.webui.keyword.WebUiBuiltInKeywords.getAttribute(com.kms.katalon.core.testobject.ObjectRepository.findTestObject(DispensaryToStore/Page_Store/input_txttotal), "value"): Attribute 'value' of object 'Object Repository/DispensaryToStore/Page_Store/input_txttotal' is: '10'

2018-06-10 00:37:04 - [MESSAGE][PASSED] - Attribute 'value' of object 'Object Repository/DispensaryToStore/Page_Store/input_txttotal' is: '10'

2018-06-10 00:37:04 - [TEST_STEP][PASSED] - Statement - out.println("Requested QTY : " + RequestedQty): null

2018-06-10 00:37:04 - [TEST_STEP][PASSED] - Statement - BatchNumber = com.kms.katalon.core.webui.keyword.WebUiBuiltInKeywords.getNumberOfTotalOption(com.kms.katalon.core.testobject.ObjectRepository.findTestObject(DispensaryToStore/Page_Store/select_--Select--BA1170BA2376B)): 3 options of object 'Object Repository/DispensaryToStore/Page_Store/select_--Select--BA1170BA2376B' counted

2018-06-10 00:37:04 - [MESSAGE][PASSED] - 3 options of object 'Object Repository/DispensaryToStore/Page_Store/select_--Select--BA1170BA2376B' counted

2018-06-10 00:37:04 - [TEST_STEP][PASSED] - Statement - For ([g = 1, g <= BatchNumber - 1, (g++)]): null

2018-06-10 00:37:04 - [TEST_STEP][PASSED] - selectOptionByIndex: All options with index in [1] are selected on object 'Object Repository/DispensaryToStore/Page_Store/select_--Select--BA1170BA2376B'

2018-06-10 00:37:05 - [MESSAGE][PASSED] - All options with index in [1] are selected on object 'Object Repository/DispensaryToStore/Page_Store/select_--Select--BA1170BA2376B'

2018-06-10 00:37:05 - [TEST_STEP][PASSED] - Statement - Try: null

2018-06-10 00:37:05 - [TEST_STEP][PASSED] - Statement - StockQty = com.kms.katalon.core.webui.keyword.WebUiBuiltInKeywords.getAttribute(com.kms.katalon.core.testobject.ObjectRepository.findTestObject(DispensaryToStore/Page_Store/input_txtprice), "value"): Attribute 'value' of object 'Object Repository/DispensaryToStore/Page_Store/input_txtprice' is: '460'

2018-06-10 00:37:05 - [MESSAGE][PASSED] - Attribute 'value' of object 'Object Repository/DispensaryToStore/Page_Store/input_txtprice' is: '460'

2018-06-10 00:37:05 - [TEST_STEP][PASSED] - Statement - out.println("Stock QTY : " + StockQty): null

2018-06-10 00:37:05 - [TEST_STEP][PASSED] - delay: Delayed 2 second(s)

2018-06-10 00:37:07 - [MESSAGE][PASSED] - Delayed 2 second(s)

2018-06-10 00:37:07 - [TEST_STEP][PASSED] - Statement - If (java.lang.String.valueOf(StockQty) >= java.lang.String.valueOf(RequestedQty)): null

2018-06-10 00:37:07 - [TEST_STEP][PASSED] - setText: Text '10' is set on object 'Object Repository/DispensaryToStore/Page_Store/input_txtqty'

2018-06-10 00:37:07 - [MESSAGE][PASSED] - Text '10' is set on object 'Object Repository/DispensaryToStore/Page_Store/input_txtqty'

2018-06-10 00:37:07 - [TEST_STEP][PASSED] - click: Object: 'Object Repository/DispensaryToStore/Page_Store/button_Add' is clicked on

2018-06-10 00:37:07 - [MESSAGE][PASSED] - Object: 'Object Repository/DispensaryToStore/Page_Store/button_Add' is clicked on

2018-06-10 00:37:07 - [TEST_STEP][PASSED] - Statement - Break: null

2018-06-10 00:37:07 - [TEST_STEP][PASSED] - selectOptionByIndex: All options with index in [17] are selected on object 'Object Repository/DispensaryToStore/Page_Store/select_--Select--Adernaline 0.'

2018-06-10 00:37:07 - [MESSAGE][PASSED] - All options with index in [17] are selected on object 'Object Repository/DispensaryToStore/Page_Store/select_--Select--Adernaline 0.'

2018-06-10 00:37:07 - [TEST_STEP][PASSED] - delay: Delayed 2 second(s)

2018-06-10 00:37:09 - [MESSAGE][PASSED] - Delayed 2 second(s)

2018-06-10 00:37:09 - [TEST_STEP][PASSED] - Statement - RequestedQty = com.kms.katalon.core.webui.keyword.WebUiBuiltInKeywords.getAttribute(com.kms.katalon.core.testobject.ObjectRepository.findTestObject(DispensaryToStore/Page_Store/input_txttotal), "value"): Attribute 'value' of object 'Object Repository/DispensaryToStore/Page_Store/input_txttotal' is: '10'

2018-06-10 00:37:09 - [MESSAGE][PASSED] - Attribute 'value' of object 'Object Repository/DispensaryToStore/Page_Store/input_txttotal' is: '10'

2018-06-10 00:37:09 - [TEST_STEP][PASSED] - Statement - out.println("Requested QTY : " + RequestedQty): null

2018-06-10 00:37:09 - [TEST_STEP][PASSED] - Statement - BatchNumber = com.kms.katalon.core.webui.keyword.WebUiBuiltInKeywords.getNumberOfTotalOption(com.kms.katalon.core.testobject.ObjectRepository.findTestObject(DispensaryToStore/Page_Store/select_--Select--BA1170BA2376B)): 2 options of object 'Object Repository/DispensaryToStore/Page_Store/select_--Select--BA1170BA2376B' counted

2018-06-10 00:37:09 - [MESSAGE][PASSED] - 2 options of object 'Object Repository/DispensaryToStore/Page_Store/select_--Select--BA1170BA2376B' counted

2018-06-10 00:37:09 - [TEST_STEP][PASSED] - Statement - For ([g = 1, g <= BatchNumber - 1, (g++)]): null

2018-06-10 00:37:09 - [TEST_STEP][PASSED] - selectOptionByIndex: All options with index in [1] are selected on object 'Object Repository/DispensaryToStore/Page_Store/select_--Select--BA1170BA2376B'

2018-06-10 00:37:09 - [MESSAGE][PASSED] - All options with index in [1] are selected on object 'Object Repository/DispensaryToStore/Page_Store/select_--Select--BA1170BA2376B'

2018-06-10 00:37:09 - [TEST_STEP][PASSED] - Statement - Try: null

2018-06-10 00:37:09 - [TEST_STEP][PASSED] - Statement - StockQty = com.kms.katalon.core.webui.keyword.WebUiBuiltInKeywords.getAttribute(com.kms.katalon.core.testobject.ObjectRepository.findTestObject(DispensaryToStore/Page_Store/input_txtprice), "value"): Attribute 'value' of object 'Object Repository/DispensaryToStore/Page_Store/input_txtprice' is: '960'

2018-06-10 00:37:09 - [MESSAGE][PASSED] - Attribute 'value' of object 'Object Repository/DispensaryToStore/Page_Store/input_txtprice' is: '960'

2018-06-10 00:37:09 - [TEST_STEP][PASSED] - Statement - out.println("Stock QTY : " + StockQty): null

2018-06-10 00:37:09 - [TEST_STEP][PASSED] - delay: Delayed 2 second(s)

2018-06-10 00:37:11 - [MESSAGE][PASSED] - Delayed 2 second(s)

2018-06-10 00:37:11 - [TEST_STEP][PASSED] - Statement - If (java.lang.String.valueOf(StockQty) >= java.lang.String.valueOf(RequestedQty)): null

2018-06-10 00:37:11 - [TEST_STEP][PASSED] - setText: Text '10' is set on object 'Object Repository/DispensaryToStore/Page_Store/input_txtqty'

2018-06-10 00:37:11 - [MESSAGE][PASSED] - Text '10' is set on object 'Object Repository/DispensaryToStore/Page_Store/input_txtqty'

2018-06-10 00:37:11 - [TEST_STEP][PASSED] - click: Object: 'Object Repository/DispensaryToStore/Page_Store/button_Add' is clicked on

2018-06-10 00:37:11 - [MESSAGE][PASSED] - Object: 'Object Repository/DispensaryToStore/Page_Store/button_Add' is clicked on

2018-06-10 00:37:11 - [TEST_STEP][PASSED] - Statement - Break: null

2018-06-10 00:37:11 - [TEST_STEP][PASSED] - selectOptionByIndex: All options with index in [18] are selected on object 'Object Repository/DispensaryToStore/Page_Store/select_--Select--Adernaline 0.'

2018-06-10 00:37:12 - [MESSAGE][PASSED] - All options with index in [18] are selected on object 'Object Repository/DispensaryToStore/Page_Store/select_--Select--Adernaline 0.'

2018-06-10 00:37:12 - [TEST_STEP][PASSED] - delay: Delayed 2 second(s)

2018-06-10 00:37:14 - [MESSAGE][PASSED] - Delayed 2 second(s)

2018-06-10 00:37:14 - [TEST_STEP][PASSED] - Statement - RequestedQty = com.kms.katalon.core.webui.keyword.WebUiBuiltInKeywords.getAttribute(com.kms.katalon.core.testobject.ObjectRepository.findTestObject(DispensaryToStore/Page_Store/input_txttotal), "value"): Attribute 'value' of object 'Object Repository/DispensaryToStore/Page_Store/input_txttotal' is: '10'

2018-06-10 00:37:14 - [MESSAGE][PASSED] - Attribute 'value' of object 'Object Repository/DispensaryToStore/Page_Store/input_txttotal' is: '10'

2018-06-10 00:37:14 - [TEST_STEP][PASSED] - Statement - out.println("Requested QTY : " + RequestedQty): null

2018-06-10 00:37:14 - [TEST_STEP][PASSED] - Statement - BatchNumber = com.kms.katalon.core.webui.keyword.WebUiBuiltInKeywords.getNumberOfTotalOption(com.kms.katalon.core.testobject.ObjectRepository.findTestObject(DispensaryToStore/Page_Store/select_--Select--BA1170BA2376B)): 2 options of object 'Object Repository/DispensaryToStore/Page_Store/select_--Select--BA1170BA2376B' counted

2018-06-10 00:37:14 - [MESSAGE][PASSED] - 2 options of object 'Object Repository/DispensaryToStore/Page_Store/select_--Select--BA1170BA2376B' counted

2018-06-10 00:37:14 - [TEST_STEP][PASSED] - Statement - For ([g = 1, g <= BatchNumber - 1, (g++)]): null

2018-06-10 00:37:14 - [TEST_STEP][PASSED] - selectOptionByIndex: All options with index in [1] are selected on object 'Object Repository/DispensaryToStore/Page_Store/select_--Select--BA1170BA2376B'

2018-06-10 00:37:14 - [MESSAGE][PASSED] - All options with index in [1] are selected on object 'Object Repository/DispensaryToStore/Page_Store/select_--Select--BA1170BA2376B'

2018-06-10 00:37:14 - [TEST_STEP][PASSED] - Statement - Try: null

2018-06-10 00:37:14 - [TEST_STEP][PASSED] - Statement - StockQty = com.kms.katalon.core.webui.keyword.WebUiBuiltInKeywords.getAttribute(com.kms.katalon.core.testobject.ObjectRepository.findTestObject(DispensaryToStore/Page_Store/input_txtprice), "value"): Attribute 'value' of object 'Object Repository/DispensaryToStore/Page_Store/input_txtprice' is: '960'

2018-06-10 00:37:14 - [MESSAGE][PASSED] - Attribute 'value' of object 'Object Repository/DispensaryToStore/Page_Store/input_txtprice' is: '960'

2018-06-10 00:37:14 - [TEST_STEP][PASSED] - Statement - out.println("Stock QTY : " + StockQty): null

2018-06-10 00:37:14 - [TEST_STEP][PASSED] - delay: Delayed 2 second(s)

2018-06-10 00:37:16 - [MESSAGE][PASSED] - Delayed 2 second(s)

2018-06-10 00:37:16 - [TEST_STEP][PASSED] - Statement - If (java.lang.String.valueOf(StockQty) >= java.lang.String.valueOf(RequestedQty)): null

2018-06-10 00:37:16 - [TEST_STEP][PASSED] - setText: Text '10' is set on object 'Object Repository/DispensaryToStore/Page_Store/input_txtqty'

2018-06-10 00:37:16 - [MESSAGE][PASSED] - Text '10' is set on object 'Object Repository/DispensaryToStore/Page_Store/input_txtqty'

2018-06-10 00:37:16 - [TEST_STEP][PASSED] - click: Object: 'Object Repository/DispensaryToStore/Page_Store/button_Add' is clicked on

2018-06-10 00:37:16 - [MESSAGE][PASSED] - Object: 'Object Repository/DispensaryToStore/Page_Store/button_Add' is clicked on

2018-06-10 00:37:16 - [TEST_STEP][PASSED] - Statement - Break: null

2018-06-10 00:37:16 - [TEST_STEP][PASSED] - selectOptionByIndex: All options with index in [19] are selected on object 'Object Repository/DispensaryToStore/Page_Store/select_--Select--Adernaline 0.'

2018-06-10 00:37:16 - [MESSAGE][PASSED] - All options with index in [19] are selected on object 'Object Repository/DispensaryToStore/Page_Store/select_--Select--Adernaline 0.'

2018-06-10 00:37:16 - [TEST_STEP][PASSED] - delay: Delayed 2 second(s)

2018-06-10 00:37:18 - [MESSAGE][PASSED] - Delayed 2 second(s)

2018-06-10 00:37:18 - [TEST_STEP][PASSED] - Statement - RequestedQty = com.kms.katalon.core.webui.keyword.WebUiBuiltInKeywords.getAttribute(com.kms.katalon.core.testobject.ObjectRepository.findTestObject(DispensaryToStore/Page_Store/input_txttotal), "value"): Attribute 'value' of object 'Object Repository/DispensaryToStore/Page_Store/input_txttotal' is: '10'

2018-06-10 00:37:18 - [MESSAGE][PASSED] - Attribute 'value' of object 'Object Repository/DispensaryToStore/Page_Store/input_txttotal' is: '10'

2018-06-10 00:37:18 - [TEST_STEP][PASSED] - Statement - out.println("Requested QTY : " + RequestedQty): null

2018-06-10 00:37:18 - [TEST_STEP][PASSED] - Statement - BatchNumber = com.kms.katalon.core.webui.keyword.WebUiBuiltInKeywords.getNumberOfTotalOption(com.kms.katalon.core.testobject.ObjectRepository.findTestObject(DispensaryToStore/Page_Store/select_--Select--BA1170BA2376B)): 3 options of object 'Object Repository/DispensaryToStore/Page_Store/select_--Select--BA1170BA2376B' counted

2018-06-10 00:37:18 - [MESSAGE][PASSED] - 3 options of object 'Object Repository/DispensaryToStore/Page_Store/select_--Select--BA1170BA2376B' counted

2018-06-10 00:37:18 - [TEST_STEP][PASSED] - Statement - For ([g = 1, g <= BatchNumber - 1, (g++)]): null

2018-06-10 00:37:18 - [TEST_STEP][PASSED] - selectOptionByIndex: All options with index in [1] are selected on object 'Object Repository/DispensaryToStore/Page_Store/select_--Select--BA1170BA2376B'

2018-06-10 00:37:19 - [MESSAGE][PASSED] - All options with index in [1] are selected on object 'Object Repository/DispensaryToStore/Page_Store/select_--Select--BA1170BA2376B'

2018-06-10 00:37:19 - [TEST_STEP][PASSED] - Statement - Try: null

2018-06-10 00:37:19 - [TEST_STEP][PASSED] - Statement - StockQty = com.kms.katalon.core.webui.keyword.WebUiBuiltInKeywords.getAttribute(com.kms.katalon.core.testobject.ObjectRepository.findTestObject(DispensaryToStore/Page_Store/input_txtprice), "value"): Attribute 'value' of object 'Object Repository/DispensaryToStore/Page_Store/input_txtprice' is: '180'

2018-06-10 00:37:19 - [MESSAGE][PASSED] - Attribute 'value' of object 'Object Repository/DispensaryToStore/Page_Store/input_txtprice' is: '180'

2018-06-10 00:37:19 - [TEST_STEP][PASSED] - Statement - out.println("Stock QTY : " + StockQty): null

2018-06-10 00:37:19 - [TEST_STEP][PASSED] - delay: Delayed 2 second(s)

2018-06-10 00:37:21 - [MESSAGE][PASSED] - Delayed 2 second(s)

2018-06-10 00:37:21 - [TEST_STEP][PASSED] - Statement - If (java.lang.String.valueOf(StockQty) >= java.lang.String.valueOf(RequestedQty)): null

2018-06-10 00:37:21 - [TEST_STEP][PASSED] - setText: Text '10' is set on object 'Object Repository/DispensaryToStore/Page_Store/input_txtqty'

2018-06-10 00:37:21 - [MESSAGE][PASSED] - Text '10' is set on object 'Object Repository/DispensaryToStore/Page_Store/input_txtqty'

2018-06-10 00:37:21 - [TEST_STEP][PASSED] - click: Object: 'Object Repository/DispensaryToStore/Page_Store/button_Add' is clicked on

2018-06-10 00:37:21 - [MESSAGE][PASSED] - Object: 'Object Repository/DispensaryToStore/Page_Store/button_Add' is clicked on

2018-06-10 00:37:21 - [TEST_STEP][PASSED] - Statement - Break: null

2018-06-10 00:37:21 - [TEST_STEP][PASSED] - selectOptionByIndex: All options with index in [20] are selected on object 'Object Repository/DispensaryToStore/Page_Store/select_--Select--Adernaline 0.'

2018-06-10 00:37:21 - [MESSAGE][PASSED] - All options with index in [20] are selected on object 'Object Repository/DispensaryToStore/Page_Store/select_--Select--Adernaline 0.'

2018-06-10 00:37:21 - [TEST_STEP][PASSED] - delay: Delayed 2 second(s)

2018-06-10 00:37:23 - [MESSAGE][PASSED] - Delayed 2 second(s)

2018-06-10 00:37:23 - [TEST_STEP][PASSED] - Statement - RequestedQty = com.kms.katalon.core.webui.keyword.WebUiBuiltInKeywords.getAttribute(com.kms.katalon.core.testobject.ObjectRepository.findTestObject(DispensaryToStore/Page_Store/input_txttotal), "value"): Attribute 'value' of object 'Object Repository/DispensaryToStore/Page_Store/input_txttotal' is: '10'

2018-06-10 00:37:23 - [MESSAGE][PASSED] - Attribute 'value' of object 'Object Repository/DispensaryToStore/Page_Store/input_txttotal' is: '10'

2018-06-10 00:37:23 - [TEST_STEP][PASSED] - Statement - out.println("Requested QTY : " + RequestedQty): null

2018-06-10 00:37:23 - [TEST_STEP][PASSED] - Statement - BatchNumber = com.kms.katalon.core.webui.keyword.WebUiBuiltInKeywords.getNumberOfTotalOption(com.kms.katalon.core.testobject.ObjectRepository.findTestObject(DispensaryToStore/Page_Store/select_--Select--BA1170BA2376B)): 2 options of object 'Object Repository/DispensaryToStore/Page_Store/select_--Select--BA1170BA2376B' counted

2018-06-10 00:37:23 - [MESSAGE][PASSED] - 2 options of object 'Object Repository/DispensaryToStore/Page_Store/select_--Select--BA1170BA2376B' counted

2018-06-10 00:37:23 - [TEST_STEP][PASSED] - Statement - For ([g = 1, g <= BatchNumber - 1, (g++)]): null

2018-06-10 00:37:23 - [TEST_STEP][PASSED] - selectOptionByIndex: All options with index in [1] are selected on object 'Object Repository/DispensaryToStore/Page_Store/select_--Select--BA1170BA2376B'

2018-06-10 00:37:23 - [MESSAGE][PASSED] - All options with index in [1] are selected on object 'Object Repository/DispensaryToStore/Page_Store/select_--Select--BA1170BA2376B'

2018-06-10 00:37:23 - [TEST_STEP][PASSED] - Statement - Try: null

2018-06-10 00:37:23 - [TEST_STEP][PASSED] - Statement - StockQty = com.kms.katalon.core.webui.keyword.WebUiBuiltInKeywords.getAttribute(com.kms.katalon.core.testobject.ObjectRepository.findTestObject(DispensaryToStore/Page_Store/input_txtprice), "value"): Attribute 'value' of object 'Object Repository/DispensaryToStore/Page_Store/input_txtprice' is: '960'

2018-06-10 00:37:23 - [MESSAGE][PASSED] - Attribute 'value' of object 'Object Repository/DispensaryToStore/Page_Store/input_txtprice' is: '960'

2018-06-10 00:37:23 - [TEST_STEP][PASSED] - Statement - out.println("Stock QTY : " + StockQty): null

2018-06-10 00:37:23 - [TEST_STEP][PASSED] - delay: Delayed 2 second(s)

2018-06-10 00:37:25 - [MESSAGE][PASSED] - Delayed 2 second(s)

2018-06-10 00:37:25 - [TEST_STEP][PASSED] - Statement - If (java.lang.String.valueOf(StockQty) >= java.lang.String.valueOf(RequestedQty)): null

2018-06-10 00:37:25 - [TEST_STEP][PASSED] - setText: Text '10' is set on object 'Object Repository/DispensaryToStore/Page_Store/input_txtqty'

2018-06-10 00:37:25 - [MESSAGE][PASSED] - Text '10' is set on object 'Object Repository/DispensaryToStore/Page_Store/input_txtqty'

2018-06-10 00:37:25 - [TEST_STEP][PASSED] - click: Object: 'Object Repository/DispensaryToStore/Page_Store/button_Add' is clicked on

2018-06-10 00:37:25 - [MESSAGE][PASSED] - Object: 'Object Repository/DispensaryToStore/Page_Store/button_Add' is clicked on

2018-06-10 00:37:25 - [TEST_STEP][PASSED] - Statement - Break: null

2018-06-10 00:37:25 - [TEST_STEP][PASSED] - selectOptionByIndex: All options with index in [21] are selected on object 'Object Repository/DispensaryToStore/Page_Store/select_--Select--Adernaline 0.'

2018-06-10 00:37:26 - [MESSAGE][PASSED] - All options with index in [21] are selected on object 'Object Repository/DispensaryToStore/Page_Store/select_--Select--Adernaline 0.'

2018-06-10 00:37:26 - [TEST_STEP][PASSED] - delay: Delayed 2 second(s)

2018-06-10 00:37:28 - [MESSAGE][PASSED] - Delayed 2 second(s)

2018-06-10 00:37:28 - [TEST_STEP][PASSED] - Statement - RequestedQty = com.kms.katalon.core.webui.keyword.WebUiBuiltInKeywords.getAttribute(com.kms.katalon.core.testobject.ObjectRepository.findTestObject(DispensaryToStore/Page_Store/input_txttotal), "value"): Attribute 'value' of object 'Object Repository/DispensaryToStore/Page_Store/input_txttotal' is: '10'

2018-06-10 00:37:28 - [MESSAGE][PASSED] - Attribute 'value' of object 'Object Repository/DispensaryToStore/Page_Store/input_txttotal' is: '10'

2018-06-10 00:37:28 - [TEST_STEP][PASSED] - Statement - out.println("Requested QTY : " + RequestedQty): null

2018-06-10 00:37:28 - [TEST_STEP][PASSED] - Statement - BatchNumber = com.kms.katalon.core.webui.keyword.WebUiBuiltInKeywords.getNumberOfTotalOption(com.kms.katalon.core.testobject.ObjectRepository.findTestObject(DispensaryToStore/Page_Store/select_--Select--BA1170BA2376B)): 2 options of object 'Object Repository/DispensaryToStore/Page_Store/select_--Select--BA1170BA2376B' counted

2018-06-10 00:37:28 - [MESSAGE][PASSED] - 2 options of object 'Object Repository/DispensaryToStore/Page_Store/select_--Select--BA1170BA2376B' counted

2018-06-10 00:37:28 - [TEST_STEP][PASSED] - Statement - For ([g = 1, g <= BatchNumber - 1, (g++)]): null

2018-06-10 00:37:28 - [TEST_STEP][PASSED] - selectOptionByIndex: All options with index in [1] are selected on object 'Object Repository/DispensaryToStore/Page_Store/select_--Select--BA1170BA2376B'

2018-06-10 00:37:28 - [MESSAGE][PASSED] - All options with index in [1] are selected on object 'Object Repository/DispensaryToStore/Page_Store/select_--Select--BA1170BA2376B'

2018-06-10 00:37:28 - [TEST_STEP][PASSED] - Statement - Try: null

2018-06-10 00:37:28 - [TEST_STEP][PASSED] - Statement - StockQty = com.kms.katalon.core.webui.keyword.WebUiBuiltInKeywords.getAttribute(com.kms.katalon.core.testobject.ObjectRepository.findTestObject(DispensaryToStore/Page_Store/input_txtprice), "value"): Attribute 'value' of object 'Object Repository/DispensaryToStore/Page_Store/input_txtprice' is: '970'

2018-06-10 00:37:28 - [MESSAGE][PASSED] - Attribute 'value' of object 'Object Repository/DispensaryToStore/Page_Store/input_txtprice' is: '970'

2018-06-10 00:37:28 - [TEST_STEP][PASSED] - Statement - out.println("Stock QTY : " + StockQty): null

2018-06-10 00:37:28 - [TEST_STEP][PASSED] - delay: Delayed 2 second(s)

2018-06-10 00:37:30 - [MESSAGE][PASSED] - Delayed 2 second(s)

2018-06-10 00:37:30 - [TEST_STEP][PASSED] - Statement - If (java.lang.String.valueOf(StockQty) >= java.lang.String.valueOf(RequestedQty)): null

2018-06-10 00:37:30 - [TEST_STEP][PASSED] - setText: Text '10' is set on object 'Object Repository/DispensaryToStore/Page_Store/input_txtqty'

2018-06-10 00:37:30 - [MESSAGE][PASSED] - Text '10' is set on object 'Object Repository/DispensaryToStore/Page_Store/input_txtqty'

2018-06-10 00:37:30 - [TEST_STEP][PASSED] - click: Object: 'Object Repository/DispensaryToStore/Page_Store/button_Add' is clicked on

2018-06-10 00:37:30 - [MESSAGE][PASSED] - Object: 'Object Repository/DispensaryToStore/Page_Store/button_Add' is clicked on

2018-06-10 00:37:30 - [TEST_STEP][PASSED] - Statement - Break: null

2018-06-10 00:37:30 - [TEST_STEP][PASSED] - selectOptionByIndex: All options with index in [22] are selected on object 'Object Repository/DispensaryToStore/Page_Store/select_--Select--Adernaline 0.'

2018-06-10 00:37:30 - [MESSAGE][PASSED] - All options with index in [22] are selected on object 'Object Repository/DispensaryToStore/Page_Store/select_--Select--Adernaline 0.'

2018-06-10 00:37:30 - [TEST_STEP][PASSED] - delay: Delayed 2 second(s)

2018-06-10 00:37:32 - [MESSAGE][PASSED] - Delayed 2 second(s)

2018-06-10 00:37:32 - [TEST_STEP][PASSED] - Statement - RequestedQty = com.kms.katalon.core.webui.keyword.WebUiBuiltInKeywords.getAttribute(com.kms.katalon.core.testobject.ObjectRepository.findTestObject(DispensaryToStore/Page_Store/input_txttotal), "value"): Attribute 'value' of object 'Object Repository/DispensaryToStore/Page_Store/input_txttotal' is: '10'

2018-06-10 00:37:33 - [MESSAGE][PASSED] - Attribute 'value' of object 'Object Repository/DispensaryToStore/Page_Store/input_txttotal' is: '10'

2018-06-10 00:37:33 - [TEST_STEP][PASSED] - Statement - out.println("Requested QTY : " + RequestedQty): null

2018-06-10 00:37:33 - [TEST_STEP][PASSED] - Statement - BatchNumber = com.kms.katalon.core.webui.keyword.WebUiBuiltInKeywords.getNumberOfTotalOption(com.kms.katalon.core.testobject.ObjectRepository.findTestObject(DispensaryToStore/Page_Store/select_--Select--BA1170BA2376B)): 2 options of object 'Object Repository/DispensaryToStore/Page_Store/select_--Select--BA1170BA2376B' counted

2018-06-10 00:37:33 - [MESSAGE][PASSED] - 2 options of object 'Object Repository/DispensaryToStore/Page_Store/select_--Select--BA1170BA2376B' counted

2018-06-10 00:37:33 - [TEST_STEP][PASSED] - Statement - For ([g = 1, g <= BatchNumber - 1, (g++)]): null

2018-06-10 00:37:33 - [TEST_STEP][PASSED] - selectOptionByIndex: All options with index in [1] are selected on object 'Object Repository/DispensaryToStore/Page_Store/select_--Select--BA1170BA2376B'

2018-06-10 00:37:33 - [MESSAGE][PASSED] - All options with index in [1] are selected on object 'Object Repository/DispensaryToStore/Page_Store/select_--Select--BA1170BA2376B'

2018-06-10 00:37:33 - [TEST_STEP][PASSED] - Statement - Try: null

2018-06-10 00:37:33 - [TEST_STEP][PASSED] - Statement - StockQty = com.kms.katalon.core.webui.keyword.WebUiBuiltInKeywords.getAttribute(com.kms.katalon.core.testobject.ObjectRepository.findTestObject(DispensaryToStore/Page_Store/input_txtprice), "value"): Attribute 'value' of object 'Object Repository/DispensaryToStore/Page_Store/input_txtprice' is: '950'

2018-06-10 00:37:33 - [MESSAGE][PASSED] - Attribute 'value' of object 'Object Repository/DispensaryToStore/Page_Store/input_txtprice' is: '950'

2018-06-10 00:37:33 - [TEST_STEP][PASSED] - Statement - out.println("Stock QTY : " + StockQty): null

2018-06-10 00:37:33 - [TEST_STEP][PASSED] - delay: Delayed 2 second(s)

2018-06-10 00:37:35 - [MESSAGE][PASSED] - Delayed 2 second(s)

2018-06-10 00:37:35 - [TEST_STEP][PASSED] - Statement - If (java.lang.String.valueOf(StockQty) >= java.lang.String.valueOf(RequestedQty)): null

2018-06-10 00:37:35 - [TEST_STEP][PASSED] - setText: Text '10' is set on object 'Object Repository/DispensaryToStore/Page_Store/input_txtqty'

2018-06-10 00:37:35 - [MESSAGE][PASSED] - Text '10' is set on object 'Object Repository/DispensaryToStore/Page_Store/input_txtqty'

2018-06-10 00:37:35 - [TEST_STEP][PASSED] - click: Object: 'Object Repository/DispensaryToStore/Page_Store/button_Add' is clicked on

2018-06-10 00:37:35 - [MESSAGE][PASSED] - Object: 'Object Repository/DispensaryToStore/Page_Store/button_Add' is clicked on

2018-06-10 00:37:35 - [TEST_STEP][PASSED] - Statement - Break: null

2018-06-10 00:37:35 - [TEST_STEP][PASSED] - selectOptionByIndex: All options with index in [23] are selected on object 'Object Repository/DispensaryToStore/Page_Store/select_--Select--Adernaline 0.'

2018-06-10 00:37:35 - [MESSAGE][PASSED] - All options with index in [23] are selected on object 'Object Repository/DispensaryToStore/Page_Store/select_--Select--Adernaline 0.'

2018-06-10 00:37:35 - [TEST_STEP][PASSED] - delay: Delayed 2 second(s)

2018-06-10 00:37:37 - [MESSAGE][PASSED] - Delayed 2 second(s)

2018-06-10 00:37:37 - [TEST_STEP][PASSED] - Statement - RequestedQty = com.kms.katalon.core.webui.keyword.WebUiBuiltInKeywords.getAttribute(com.kms.katalon.core.testobject.ObjectRepository.findTestObject(DispensaryToStore/Page_Store/input_txttotal), "value"): Attribute 'value' of object 'Object Repository/DispensaryToStore/Page_Store/input_txttotal' is: '10'

2018-06-10 00:37:37 - [MESSAGE][PASSED] - Attribute 'value' of object 'Object Repository/DispensaryToStore/Page_Store/input_txttotal' is: '10'

2018-06-10 00:37:37 - [TEST_STEP][PASSED] - Statement - out.println("Requested QTY : " + RequestedQty): null

2018-06-10 00:37:37 - [TEST_STEP][PASSED] - Statement - BatchNumber = com.kms.katalon.core.webui.keyword.WebUiBuiltInKeywords.getNumberOfTotalOption(com.kms.katalon.core.testobject.ObjectRepository.findTestObject(DispensaryToStore/Page_Store/select_--Select--BA1170BA2376B)): 2 options of object 'Object Repository/DispensaryToStore/Page_Store/select_--Select--BA1170BA2376B' counted

2018-06-10 00:37:37 - [MESSAGE][PASSED] - 2 options of object 'Object Repository/DispensaryToStore/Page_Store/select_--Select--BA1170BA2376B' counted

2018-06-10 00:37:37 - [TEST_STEP][PASSED] - Statement - For ([g = 1, g <= BatchNumber - 1, (g++)]): null

2018-06-10 00:37:37 - [TEST_STEP][PASSED] - selectOptionByIndex: All options with index in [1] are selected on object 'Object Repository/DispensaryToStore/Page_Store/select_--Select--BA1170BA2376B'

2018-06-10 00:37:37 - [MESSAGE][PASSED] - All options with index in [1] are selected on object 'Object Repository/DispensaryToStore/Page_Store/select_--Select--BA1170BA2376B'

2018-06-10 00:37:37 - [TEST_STEP][PASSED] - Statement - Try: null

2018-06-10 00:37:37 - [TEST_STEP][PASSED] - Statement - StockQty = com.kms.katalon.core.webui.keyword.WebUiBuiltInKeywords.getAttribute(com.kms.katalon.core.testobject.ObjectRepository.findTestObject(DispensaryToStore/Page_Store/input_txtprice), "value"): Attribute 'value' of object 'Object Repository/DispensaryToStore/Page_Store/input_txtprice' is: '970'

2018-06-10 00:37:37 - [MESSAGE][PASSED] - Attribute 'value' of object 'Object Repository/DispensaryToStore/Page_Store/input_txtprice' is: '970'

2018-06-10 00:37:37 - [TEST_STEP][PASSED] - Statement - out.println("Stock QTY : " + StockQty): null

2018-06-10 00:37:37 - [TEST_STEP][PASSED] - delay: Delayed 2 second(s)

2018-06-10 00:37:39 - [MESSAGE][PASSED] - Delayed 2 second(s)

2018-06-10 00:37:39 - [TEST_STEP][PASSED] - Statement - If (java.lang.String.valueOf(StockQty) >= java.lang.String.valueOf(RequestedQty)): null

2018-06-10 00:37:39 - [TEST_STEP][PASSED] - setText: Text '10' is set on object 'Object Repository/DispensaryToStore/Page_Store/input_txtqty'

2018-06-10 00:37:40 - [MESSAGE][PASSED] - Text '10' is set on object 'Object Repository/DispensaryToStore/Page_Store/input_txtqty'

2018-06-10 00:37:40 - [TEST_STEP][PASSED] - click: Object: 'Object Repository/DispensaryToStore/Page_Store/button_Add' is clicked on

2018-06-10 00:37:40 - [MESSAGE][PASSED] - Object: 'Object Repository/DispensaryToStore/Page_Store/button_Add' is clicked on

2018-06-10 00:37:40 - [TEST_STEP][PASSED] - Statement - Break: null

2018-06-10 00:37:40 - [TEST_STEP][PASSED] - selectOptionByIndex: All options with index in [24] are selected on object 'Object Repository/DispensaryToStore/Page_Store/select_--Select--Adernaline 0.'

2018-06-10 00:37:40 - [MESSAGE][PASSED] - All options with index in [24] are selected on object 'Object Repository/DispensaryToStore/Page_Store/select_--Select--Adernaline 0.'

2018-06-10 00:37:40 - [TEST_STEP][PASSED] - delay: Delayed 2 second(s)

2018-06-10 00:37:42 - [MESSAGE][PASSED] - Delayed 2 second(s)

2018-06-10 00:37:42 - [TEST_STEP][PASSED] - Statement - RequestedQty = com.kms.katalon.core.webui.keyword.WebUiBuiltInKeywords.getAttribute(com.kms.katalon.core.testobject.ObjectRepository.findTestObject(DispensaryToStore/Page_Store/input_txttotal), "value"): Attribute 'value' of object 'Object Repository/DispensaryToStore/Page_Store/input_txttotal' is: '10'

2018-06-10 00:37:42 - [MESSAGE][PASSED] - Attribute 'value' of object 'Object Repository/DispensaryToStore/Page_Store/input_txttotal' is: '10'

2018-06-10 00:37:42 - [TEST_STEP][PASSED] - Statement - out.println("Requested QTY : " + RequestedQty): null

2018-06-10 00:37:42 - [TEST_STEP][PASSED] - Statement - BatchNumber = com.kms.katalon.core.webui.keyword.WebUiBuiltInKeywords.getNumberOfTotalOption(com.kms.katalon.core.testobject.ObjectRepository.findTestObject(DispensaryToStore/Page_Store/select_--Select--BA1170BA2376B)): 3 options of object 'Object Repository/DispensaryToStore/Page_Store/select_--Select--BA1170BA2376B' counted

2018-06-10 00:37:42 - [MESSAGE][PASSED] - 3 options of object 'Object Repository/DispensaryToStore/Page_Store/select_--Select--BA1170BA2376B' counted

2018-06-10 00:37:42 - [TEST_STEP][PASSED] - Statement - For ([g = 1, g <= BatchNumber - 1, (g++)]): null

2018-06-10 00:37:42 - [TEST_STEP][PASSED] - selectOptionByIndex: All options with index in [1] are selected on object 'Object Repository/DispensaryToStore/Page_Store/select_--Select--BA1170BA2376B'

2018-06-10 00:37:42 - [MESSAGE][PASSED] - All options with index in [1] are selected on object 'Object Repository/DispensaryToStore/Page_Store/select_--Select--BA1170BA2376B'

2018-06-10 00:37:42 - [TEST_STEP][PASSED] - Statement - Try: null

2018-06-10 00:37:42 - [TEST_STEP][PASSED] - Statement - StockQty = com.kms.katalon.core.webui.keyword.WebUiBuiltInKeywords.getAttribute(com.kms.katalon.core.testobject.ObjectRepository.findTestObject(DispensaryToStore/Page_Store/input_txtprice), "value"): Attribute 'value' of object 'Object Repository/DispensaryToStore/Page_Store/input_txtprice' is: '460'

2018-06-10 00:37:42 - [MESSAGE][PASSED] - Attribute 'value' of object 'Object Repository/DispensaryToStore/Page_Store/input_txtprice' is: '460'

2018-06-10 00:37:42 - [TEST_STEP][PASSED] - Statement - out.println("Stock QTY : " + StockQty): null

2018-06-10 00:37:42 - [TEST_STEP][PASSED] - delay: Delayed 2 second(s)

2018-06-10 00:37:44 - [MESSAGE][PASSED] - Delayed 2 second(s)

2018-06-10 00:37:44 - [TEST_STEP][PASSED] - Statement - If (java.lang.String.valueOf(StockQty) >= java.lang.String.valueOf(RequestedQty)): null

2018-06-10 00:37:44 - [TEST_STEP][PASSED] - setText: Text '10' is set on object 'Object Repository/DispensaryToStore/Page_Store/input_txtqty'

2018-06-10 00:37:44 - [MESSAGE][PASSED] - Text '10' is set on object 'Object Repository/DispensaryToStore/Page_Store/input_txtqty'

2018-06-10 00:37:44 - [TEST_STEP][PASSED] - click: Object: 'Object Repository/DispensaryToStore/Page_Store/button_Add' is clicked on

2018-06-10 00:37:44 - [MESSAGE][PASSED] - Object: 'Object Repository/DispensaryToStore/Page_Store/button_Add' is clicked on

2018-06-10 00:37:44 - [TEST_STEP][PASSED] - Statement - Break: null

2018-06-10 00:37:44 - [TEST_STEP][PASSED] - selectOptionByIndex: All options with index in [25] are selected on object 'Object Repository/DispensaryToStore/Page_Store/select_--Select--Adernaline 0.'

2018-06-10 00:37:45 - [MESSAGE][PASSED] - All options with index in [25] are selected on object 'Object Repository/DispensaryToStore/Page_Store/select_--Select--Adernaline 0.'

2018-06-10 00:37:45 - [TEST_STEP][PASSED] - delay: Delayed 2 second(s)

2018-06-10 00:37:47 - [MESSAGE][PASSED] - Delayed 2 second(s)

2018-06-10 00:37:47 - [TEST_STEP][PASSED] - Statement - RequestedQty = com.kms.katalon.core.webui.keyword.WebUiBuiltInKeywords.getAttribute(com.kms.katalon.core.testobject.ObjectRepository.findTestObject(DispensaryToStore/Page_Store/input_txttotal), "value"): Attribute 'value' of object 'Object Repository/DispensaryToStore/Page_Store/input_txttotal' is: '10'

2018-06-10 00:37:47 - [MESSAGE][PASSED] - Attribute 'value' of object 'Object Repository/DispensaryToStore/Page_Store/input_txttotal' is: '10'

2018-06-10 00:37:47 - [TEST_STEP][PASSED] - Statement - out.println("Requested QTY : " + RequestedQty): null

2018-06-10 00:37:47 - [TEST_STEP][PASSED] - Statement - BatchNumber = com.kms.katalon.core.webui.keyword.WebUiBuiltInKeywords.getNumberOfTotalOption(com.kms.katalon.core.testobject.ObjectRepository.findTestObject(DispensaryToStore/Page_Store/select_--Select--BA1170BA2376B)): 3 options of object 'Object Repository/DispensaryToStore/Page_Store/select_--Select--BA1170BA2376B' counted

2018-06-10 00:37:47 - [MESSAGE][PASSED] - 3 options of object 'Object Repository/DispensaryToStore/Page_Store/select_--Select--BA1170BA2376B' counted

2018-06-10 00:37:47 - [TEST_STEP][PASSED] - Statement - For ([g = 1, g <= BatchNumber - 1, (g++)]): null

2018-06-10 00:37:47 - [TEST_STEP][PASSED] - selectOptionByIndex: All options with index in [1] are selected on object 'Object Repository/DispensaryToStore/Page_Store/select_--Select--BA1170BA2376B'

2018-06-10 00:37:47 - [MESSAGE][PASSED] - All options with index in [1] are selected on object 'Object Repository/DispensaryToStore/Page_Store/select_--Select--BA1170BA2376B'

2018-06-10 00:37:47 - [TEST_STEP][PASSED] - Statement - Try: null

2018-06-10 00:37:47 - [TEST_STEP][PASSED] - Statement - StockQty = com.kms.katalon.core.webui.keyword.WebUiBuiltInKeywords.getAttribute(com.kms.katalon.core.testobject.ObjectRepository.findTestObject(DispensaryToStore/Page_Store/input_txtprice), "value"): Attribute 'value' of object 'Object Repository/DispensaryToStore/Page_Store/input_txtprice' is: '470'

2018-06-10 00:37:47 - [MESSAGE][PASSED] - Attribute 'value' of object 'Object Repository/DispensaryToStore/Page_Store/input_txtprice' is: '470'

2018-06-10 00:37:47 - [TEST_STEP][PASSED] - Statement - out.println("Stock QTY : " + StockQty): null

2018-06-10 00:37:47 - [TEST_STEP][PASSED] - delay: Delayed 2 second(s)

2018-06-10 00:37:49 - [MESSAGE][PASSED] - Delayed 2 second(s)

2018-06-10 00:37:49 - [TEST_STEP][PASSED] - Statement - If (java.lang.String.valueOf(StockQty) >= java.lang.String.valueOf(RequestedQty)): null

2018-06-10 00:37:49 - [TEST_STEP][PASSED] - setText: Text '10' is set on object 'Object Repository/DispensaryToStore/Page_Store/input_txtqty'

2018-06-10 00:37:49 - [MESSAGE][PASSED] - Text '10' is set on object 'Object Repository/DispensaryToStore/Page_Store/input_txtqty'

2018-06-10 00:37:49 - [TEST_STEP][PASSED] - click: Object: 'Object Repository/DispensaryToStore/Page_Store/button_Add' is clicked on

2018-06-10 00:37:49 - [MESSAGE][PASSED] - Object: 'Object Repository/DispensaryToStore/Page_Store/button_Add' is clicked on

2018-06-10 00:37:49 - [TEST_STEP][PASSED] - Statement - Break: null

2018-06-10 00:37:49 - [TEST_STEP][PASSED] - selectOptionByIndex: All options with index in [26] are selected on object 'Object Repository/DispensaryToStore/Page_Store/select_--Select--Adernaline 0.'

2018-06-10 00:37:49 - [MESSAGE][PASSED] - All options with index in [26] are selected on object 'Object Repository/DispensaryToStore/Page_Store/select_--Select--Adernaline 0.'

2018-06-10 00:37:49 - [TEST_STEP][PASSED] - delay: Delayed 2 second(s)

2018-06-10 00:37:51 - [MESSAGE][PASSED] - Delayed 2 second(s)

2018-06-10 00:37:51 - [TEST_STEP][PASSED] - Statement - RequestedQty = com.kms.katalon.core.webui.keyword.WebUiBuiltInKeywords.getAttribute(com.kms.katalon.core.testobject.ObjectRepository.findTestObject(DispensaryToStore/Page_Store/input_txttotal), "value"): Attribute 'value' of object 'Object Repository/DispensaryToStore/Page_Store/input_txttotal' is: '10'

2018-06-10 00:37:51 - [MESSAGE][PASSED] - Attribute 'value' of object 'Object Repository/DispensaryToStore/Page_Store/input_txttotal' is: '10'

2018-06-10 00:37:51 - [TEST_STEP][PASSED] - Statement - out.println("Requested QTY : " + RequestedQty): null

2018-06-10 00:37:51 - [TEST_STEP][PASSED] - Statement - BatchNumber = com.kms.katalon.core.webui.keyword.WebUiBuiltInKeywords.getNumberOfTotalOption(com.kms.katalon.core.testobject.ObjectRepository.findTestObject(DispensaryToStore/Page_Store/select_--Select--BA1170BA2376B)): 2 options of object 'Object Repository/DispensaryToStore/Page_Store/select_--Select--BA1170BA2376B' counted

2018-06-10 00:37:51 - [MESSAGE][PASSED] - 2 options of object 'Object Repository/DispensaryToStore/Page_Store/select_--Select--BA1170BA2376B' counted

2018-06-10 00:37:51 - [TEST_STEP][PASSED] - Statement - For ([g = 1, g <= BatchNumber - 1, (g++)]): null

2018-06-10 00:37:51 - [TEST_STEP][PASSED] - selectOptionByIndex: All options with index in [1] are selected on object 'Object Repository/DispensaryToStore/Page_Store/select_--Select--BA1170BA2376B'

2018-06-10 00:37:52 - [MESSAGE][PASSED] - All options with index in [1] are selected on object 'Object Repository/DispensaryToStore/Page_Store/select_--Select--BA1170BA2376B'

2018-06-10 00:37:52 - [TEST_STEP][PASSED] - Statement - Try: null

2018-06-10 00:37:52 - [TEST_STEP][PASSED] - Statement - StockQty = com.kms.katalon.core.webui.keyword.WebUiBuiltInKeywords.getAttribute(com.kms.katalon.core.testobject.ObjectRepository.findTestObject(DispensaryToStore/Page_Store/input_txtprice), "value"): Attribute 'value' of object 'Object Repository/DispensaryToStore/Page_Store/input_txtprice' is: '970'

2018-06-10 00:37:52 - [MESSAGE][PASSED] - Attribute 'value' of object 'Object Repository/DispensaryToStore/Page_Store/input_txtprice' is: '970'

2018-06-10 00:37:52 - [TEST_STEP][PASSED] - Statement - out.println("Stock QTY : " + StockQty): null

2018-06-10 00:37:52 - [TEST_STEP][PASSED] - delay: Delayed 2 second(s)

2018-06-10 00:37:54 - [MESSAGE][PASSED] - Delayed 2 second(s)

2018-06-10 00:37:54 - [TEST_STEP][PASSED] - Statement - If (java.lang.String.valueOf(StockQty) >= java.lang.String.valueOf(RequestedQty)): null

2018-06-10 00:37:54 - [TEST_STEP][PASSED] - setText: Text '10' is set on object 'Object Repository/DispensaryToStore/Page_Store/input_txtqty'

2018-06-10 00:37:54 - [MESSAGE][PASSED] - Text '10' is set on object 'Object Repository/DispensaryToStore/Page_Store/input_txtqty'

2018-06-10 00:37:54 - [TEST_STEP][PASSED] - click: Object: 'Object Repository/DispensaryToStore/Page_Store/button_Add' is clicked on

2018-06-10 00:37:54 - [MESSAGE][PASSED] - Object: 'Object Repository/DispensaryToStore/Page_Store/button_Add' is clicked on

2018-06-10 00:37:54 - [TEST_STEP][PASSED] - Statement - Break: null

2018-06-10 00:37:54 - [TEST_STEP][PASSED] - selectOptionByIndex: All options with index in [27] are selected on object 'Object Repository/DispensaryToStore/Page_Store/select_--Select--Adernaline 0.'

2018-06-10 00:37:54 - [MESSAGE][PASSED] - All options with index in [27] are selected on object 'Object Repository/DispensaryToStore/Page_Store/select_--Select--Adernaline 0.'

2018-06-10 00:37:54 - [TEST_STEP][PASSED] - delay: Delayed 2 second(s)

2018-06-10 00:37:56 - [MESSAGE][PASSED] - Delayed 2 second(s)

2018-06-10 00:37:56 - [TEST_STEP][PASSED] - Statement - RequestedQty = com.kms.katalon.core.webui.keyword.WebUiBuiltInKeywords.getAttribute(com.kms.katalon.core.testobject.ObjectRepository.findTestObject(DispensaryToStore/Page_Store/input_txttotal), "value"): Attribute 'value' of object 'Object Repository/DispensaryToStore/Page_Store/input_txttotal' is: '10'

2018-06-10 00:37:56 - [MESSAGE][PASSED] - Attribute 'value' of object 'Object Repository/DispensaryToStore/Page_Store/input_txttotal' is: '10'

2018-06-10 00:37:56 - [TEST_STEP][PASSED] - Statement - out.println("Requested QTY : " + RequestedQty): null

2018-06-10 00:37:56 - [TEST_STEP][PASSED] - Statement - BatchNumber = com.kms.katalon.core.webui.keyword.WebUiBuiltInKeywords.getNumberOfTotalOption(com.kms.katalon.core.testobject.ObjectRepository.findTestObject(DispensaryToStore/Page_Store/select_--Select--BA1170BA2376B)): 2 options of object 'Object Repository/DispensaryToStore/Page_Store/select_--Select--BA1170BA2376B' counted

2018-06-10 00:37:56 - [MESSAGE][PASSED] - 2 options of object 'Object Repository/DispensaryToStore/Page_Store/select_--Select--BA1170BA2376B' counted

2018-06-10 00:37:56 - [TEST_STEP][PASSED] - Statement - For ([g = 1, g <= BatchNumber - 1, (g++)]): null

2018-06-10 00:37:56 - [TEST_STEP][PASSED] - selectOptionByIndex: All options with index in [1] are selected on object 'Object Repository/DispensaryToStore/Page_Store/select_--Select--BA1170BA2376B'

2018-06-10 00:37:56 - [MESSAGE][PASSED] - All options with index in [1] are selected on object 'Object Repository/DispensaryToStore/Page_Store/select_--Select--BA1170BA2376B'

2018-06-10 00:37:56 - [TEST_STEP][PASSED] - Statement - Try: null

2018-06-10 00:37:56 - [TEST_STEP][PASSED] - Statement - StockQty = com.kms.katalon.core.webui.keyword.WebUiBuiltInKeywords.getAttribute(com.kms.katalon.core.testobject.ObjectRepository.findTestObject(DispensaryToStore/Page_Store/input_txtprice), "value"): Attribute 'value' of object 'Object Repository/DispensaryToStore/Page_Store/input_txtprice' is: '970'

2018-06-10 00:37:56 - [MESSAGE][PASSED] - Attribute 'value' of object 'Object Repository/DispensaryToStore/Page_Store/input_txtprice' is: '970'

2018-06-10 00:37:56 - [TEST_STEP][PASSED] - Statement - out.println("Stock QTY : " + StockQty): null

2018-06-10 00:37:56 - [TEST_STEP][PASSED] - delay: Delayed 2 second(s)

2018-06-10 00:37:58 - [MESSAGE][PASSED] - Delayed 2 second(s)

2018-06-10 00:37:58 - [TEST_STEP][PASSED] - Statement - If (java.lang.String.valueOf(StockQty) >= java.lang.String.valueOf(RequestedQty)): null

2018-06-10 00:37:58 - [TEST_STEP][PASSED] - setText: Text '10' is set on object 'Object Repository/DispensaryToStore/Page_Store/input_txtqty'

2018-06-10 00:37:59 - [MESSAGE][PASSED] - Text '10' is set on object 'Object Repository/DispensaryToStore/Page_Store/input_txtqty'

2018-06-10 00:37:59 - [TEST_STEP][PASSED] - click: Object: 'Object Repository/DispensaryToStore/Page_Store/button_Add' is clicked on

2018-06-10 00:37:59 - [MESSAGE][PASSED] - Object: 'Object Repository/DispensaryToStore/Page_Store/button_Add' is clicked on

2018-06-10 00:37:59 - [TEST_STEP][PASSED] - Statement - Break: null

2018-06-10 00:37:59 - [TEST_STEP][PASSED] - selectOptionByIndex: All options with index in [28] are selected on object 'Object Repository/DispensaryToStore/Page_Store/select_--Select--Adernaline 0.'

2018-06-10 00:37:59 - [MESSAGE][PASSED] - All options with index in [28] are selected on object 'Object Repository/DispensaryToStore/Page_Store/select_--Select--Adernaline 0.'

2018-06-10 00:37:59 - [TEST_STEP][PASSED] - delay: Delayed 2 second(s)

2018-06-10 00:38:01 - [MESSAGE][PASSED] - Delayed 2 second(s)

2018-06-10 00:38:01 - [TEST_STEP][PASSED] - Statement - RequestedQty = com.kms.katalon.core.webui.keyword.WebUiBuiltInKeywords.getAttribute(com.kms.katalon.core.testobject.ObjectRepository.findTestObject(DispensaryToStore/Page_Store/input_txttotal), "value"): Attribute 'value' of object 'Object Repository/DispensaryToStore/Page_Store/input_txttotal' is: '10'

2018-06-10 00:38:01 - [MESSAGE][PASSED] - Attribute 'value' of object 'Object Repository/DispensaryToStore/Page_Store/input_txttotal' is: '10'

2018-06-10 00:38:01 - [TEST_STEP][PASSED] - Statement - out.println("Requested QTY : " + RequestedQty): null

2018-06-10 00:38:01 - [TEST_STEP][PASSED] - Statement - BatchNumber = com.kms.katalon.core.webui.keyword.WebUiBuiltInKeywords.getNumberOfTotalOption(com.kms.katalon.core.testobject.ObjectRepository.findTestObject(DispensaryToStore/Page_Store/select_--Select--BA1170BA2376B)): 2 options of object 'Object Repository/DispensaryToStore/Page_Store/select_--Select--BA1170BA2376B' counted

2018-06-10 00:38:01 - [MESSAGE][PASSED] - 2 options of object 'Object Repository/DispensaryToStore/Page_Store/select_--Select--BA1170BA2376B' counted

2018-06-10 00:38:01 - [TEST_STEP][PASSED] - Statement - For ([g = 1, g <= BatchNumber - 1, (g++)]): null

2018-06-10 00:38:01 - [TEST_STEP][PASSED] - selectOptionByIndex: All options with index in [1] are selected on object 'Object Repository/DispensaryToStore/Page_Store/select_--Select--BA1170BA2376B'

2018-06-10 00:38:01 - [MESSAGE][PASSED] - All options with index in [1] are selected on object 'Object Repository/DispensaryToStore/Page_Store/select_--Select--BA1170BA2376B'

2018-06-10 00:38:01 - [TEST_STEP][PASSED] - Statement - Try: null

2018-06-10 00:38:01 - [TEST_STEP][PASSED] - Statement - StockQty = com.kms.katalon.core.webui.keyword.WebUiBuiltInKeywords.getAttribute(com.kms.katalon.core.testobject.ObjectRepository.findTestObject(DispensaryToStore/Page_Store/input_txtprice), "value"): Attribute 'value' of object 'Object Repository/DispensaryToStore/Page_Store/input_txtprice' is: '970'

2018-06-10 00:38:01 - [MESSAGE][PASSED] - Attribute 'value' of object 'Object Repository/DispensaryToStore/Page_Store/input_txtprice' is: '970'

2018-06-10 00:38:01 - [TEST_STEP][PASSED] - Statement - out.println("Stock QTY : " + StockQty): null

2018-06-10 00:38:01 - [TEST_STEP][PASSED] - delay: Delayed 2 second(s)

2018-06-10 00:38:03 - [MESSAGE][PASSED] - Delayed 2 second(s)

2018-06-10 00:38:03 - [TEST_STEP][PASSED] - Statement - If (java.lang.String.valueOf(StockQty) >= java.lang.String.valueOf(RequestedQty)): null

2018-06-10 00:38:03 - [TEST_STEP][PASSED] - setText: Text '10' is set on object 'Object Repository/DispensaryToStore/Page_Store/input_txtqty'

2018-06-10 00:38:03 - [MESSAGE][PASSED] - Text '10' is set on object 'Object Repository/DispensaryToStore/Page_Store/input_txtqty'

2018-06-10 00:38:03 - [TEST_STEP][PASSED] - click: Object: 'Object Repository/DispensaryToStore/Page_Store/button_Add' is clicked on

2018-06-10 00:38:03 - [MESSAGE][PASSED] - Object: 'Object Repository/DispensaryToStore/Page_Store/button_Add' is clicked on

2018-06-10 00:38:03 - [TEST_STEP][PASSED] - Statement - Break: null

2018-06-10 00:38:03 - [TEST_STEP][PASSED] - selectOptionByIndex: All options with index in [29] are selected on object 'Object Repository/DispensaryToStore/Page_Store/select_--Select--Adernaline 0.'

2018-06-10 00:38:04 - [MESSAGE][PASSED] - All options with index in [29] are selected on object 'Object Repository/DispensaryToStore/Page_Store/select_--Select--Adernaline 0.'

2018-06-10 00:38:04 - [TEST_STEP][PASSED] - delay: Delayed 2 second(s)

2018-06-10 00:38:06 - [MESSAGE][PASSED] - Delayed 2 second(s)

2018-06-10 00:38:06 - [TEST_STEP][PASSED] - Statement - RequestedQty = com.kms.katalon.core.webui.keyword.WebUiBuiltInKeywords.getAttribute(com.kms.katalon.core.testobject.ObjectRepository.findTestObject(DispensaryToStore/Page_Store/input_txttotal), "value"): Attribute 'value' of object 'Object Repository/DispensaryToStore/Page_Store/input_txttotal' is: '10'

2018-06-10 00:38:06 - [MESSAGE][PASSED] - Attribute 'value' of object 'Object Repository/DispensaryToStore/Page_Store/input_txttotal' is: '10'

2018-06-10 00:38:06 - [TEST_STEP][PASSED] - Statement - out.println("Requested QTY : " + RequestedQty): null

2018-06-10 00:38:06 - [TEST_STEP][PASSED] - Statement - BatchNumber = com.kms.katalon.core.webui.keyword.WebUiBuiltInKeywords.getNumberOfTotalOption(com.kms.katalon.core.testobject.ObjectRepository.findTestObject(DispensaryToStore/Page_Store/select_--Select--BA1170BA2376B)): 2 options of object 'Object Repository/DispensaryToStore/Page_Store/select_--Select--BA1170BA2376B' counted

2018-06-10 00:38:06 - [MESSAGE][PASSED] - 2 options of object 'Object Repository/DispensaryToStore/Page_Store/select_--Select--BA1170BA2376B' counted

2018-06-10 00:38:06 - [TEST_STEP][PASSED] - Statement - For ([g = 1, g <= BatchNumber - 1, (g++)]): null

2018-06-10 00:38:06 - [TEST_STEP][PASSED] - selectOptionByIndex: All options with index in [1] are selected on object 'Object Repository/DispensaryToStore/Page_Store/select_--Select--BA1170BA2376B'

2018-06-10 00:38:06 - [MESSAGE][PASSED] - All options with index in [1] are selected on object 'Object Repository/DispensaryToStore/Page_Store/select_--Select--BA1170BA2376B'

2018-06-10 00:38:06 - [TEST_STEP][PASSED] - Statement - Try: null

2018-06-10 00:38:06 - [TEST_STEP][PASSED] - Statement - StockQty = com.kms.katalon.core.webui.keyword.WebUiBuiltInKeywords.getAttribute(com.kms.katalon.core.testobject.ObjectRepository.findTestObject(DispensaryToStore/Page_Store/input_txtprice), "value"): Attribute 'value' of object 'Object Repository/DispensaryToStore/Page_Store/input_txtprice' is: '970'

2018-06-10 00:38:06 - [MESSAGE][PASSED] - Attribute 'value' of object 'Object Repository/DispensaryToStore/Page_Store/input_txtprice' is: '970'

2018-06-10 00:38:06 - [TEST_STEP][PASSED] - Statement - out.println("Stock QTY : " + StockQty): null

2018-06-10 00:38:06 - [TEST_STEP][PASSED] - delay: Delayed 2 second(s)

2018-06-10 00:38:08 - [MESSAGE][PASSED] - Delayed 2 second(s)

2018-06-10 00:38:08 - [TEST_STEP][PASSED] - Statement - If (java.lang.String.valueOf(StockQty) >= java.lang.String.valueOf(RequestedQty)): null

2018-06-10 00:38:08 - [TEST_STEP][PASSED] - setText: Text '10' is set on object 'Object Repository/DispensaryToStore/Page_Store/input_txtqty'

2018-06-10 00:38:08 - [MESSAGE][PASSED] - Text '10' is set on object 'Object Repository/DispensaryToStore/Page_Store/input_txtqty'

2018-06-10 00:38:08 - [TEST_STEP][PASSED] - click: Object: 'Object Repository/DispensaryToStore/Page_Store/button_Add' is clicked on

2018-06-10 00:38:08 - [MESSAGE][PASSED] - Object: 'Object Repository/DispensaryToStore/Page_Store/button_Add' is clicked on

2018-06-10 00:38:08 - [TEST_STEP][PASSED] - Statement - Break: null

2018-06-10 00:38:08 - [TEST_STEP][PASSED] - selectOptionByIndex: All options with index in [30] are selected on object 'Object Repository/DispensaryToStore/Page_Store/select_--Select--Adernaline 0.'

2018-06-10 00:38:09 - [MESSAGE][PASSED] - All options with index in [30] are selected on object 'Object Repository/DispensaryToStore/Page_Store/select_--Select--Adernaline 0.'

2018-06-10 00:38:09 - [TEST_STEP][PASSED] - delay: Delayed 2 second(s)

2018-06-10 00:38:11 - [MESSAGE][PASSED] - Delayed 2 second(s)

2018-06-10 00:38:11 - [TEST_STEP][PASSED] - Statement - RequestedQty = com.kms.katalon.core.webui.keyword.WebUiBuiltInKeywords.getAttribute(com.kms.katalon.core.testobject.ObjectRepository.findTestObject(DispensaryToStore/Page_Store/input_txttotal), "value"): Attribute 'value' of object 'Object Repository/DispensaryToStore/Page_Store/input_txttotal' is: '10'

2018-06-10 00:38:11 - [MESSAGE][PASSED] - Attribute 'value' of object 'Object Repository/DispensaryToStore/Page_Store/input_txttotal' is: '10'

2018-06-10 00:38:11 - [TEST_STEP][PASSED] - Statement - out.println("Requested QTY : " + RequestedQty): null

2018-06-10 00:38:11 - [TEST_STEP][PASSED] - Statement - BatchNumber = com.kms.katalon.core.webui.keyword.WebUiBuiltInKeywords.getNumberOfTotalOption(com.kms.katalon.core.testobject.ObjectRepository.findTestObject(DispensaryToStore/Page_Store/select_--Select--BA1170BA2376B)): 2 options of object 'Object Repository/DispensaryToStore/Page_Store/select_--Select--BA1170BA2376B' counted

2018-06-10 00:38:11 - [MESSAGE][PASSED] - 2 options of object 'Object Repository/DispensaryToStore/Page_Store/select_--Select--BA1170BA2376B' counted

2018-06-10 00:38:11 - [TEST_STEP][PASSED] - Statement - For ([g = 1, g <= BatchNumber - 1, (g++)]): null

2018-06-10 00:38:11 - [TEST_STEP][PASSED] - selectOptionByIndex: All options with index in [1] are selected on object 'Object Repository/DispensaryToStore/Page_Store/select_--Select--BA1170BA2376B'

2018-06-10 00:38:11 - [MESSAGE][PASSED] - All options with index in [1] are selected on object 'Object Repository/DispensaryToStore/Page_Store/select_--Select--BA1170BA2376B'

2018-06-10 00:38:11 - [TEST_STEP][PASSED] - Statement - Try: null

2018-06-10 00:38:11 - [TEST_STEP][PASSED] - Statement - StockQty = com.kms.katalon.core.webui.keyword.WebUiBuiltInKeywords.getAttribute(com.kms.katalon.core.testobject.ObjectRepository.findTestObject(DispensaryToStore/Page_Store/input_txtprice), "value"): Attribute 'value' of object 'Object Repository/DispensaryToStore/Page_Store/input_txtprice' is: '970'

2018-06-10 00:38:11 - [MESSAGE][PASSED] - Attribute 'value' of object 'Object Repository/DispensaryToStore/Page_Store/input_txtprice' is: '970'

2018-06-10 00:38:11 - [TEST_STEP][PASSED] - Statement - out.println("Stock QTY : " + StockQty): null

2018-06-10 00:38:11 - [TEST_STEP][PASSED] - delay: Delayed 2 second(s)

2018-06-10 00:38:13 - [MESSAGE][PASSED] - Delayed 2 second(s)

2018-06-10 00:38:13 - [TEST_STEP][PASSED] - Statement - If (java.lang.String.valueOf(StockQty) >= java.lang.String.valueOf(RequestedQty)): null

2018-06-10 00:38:13 - [TEST_STEP][PASSED] - setText: Text '10' is set on object 'Object Repository/DispensaryToStore/Page_Store/input_txtqty'

2018-06-10 00:38:13 - [MESSAGE][PASSED] - Text '10' is set on object 'Object Repository/DispensaryToStore/Page_Store/input_txtqty'

2018-06-10 00:38:13 - [TEST_STEP][PASSED] - click: Object: 'Object Repository/DispensaryToStore/Page_Store/button_Add' is clicked on

2018-06-10 00:38:13 - [MESSAGE][PASSED] - Object: 'Object Repository/DispensaryToStore/Page_Store/button_Add' is clicked on

2018-06-10 00:38:13 - [TEST_STEP][PASSED] - Statement - Break: null

2018-06-10 00:38:13 - [TEST_STEP][PASSED] - selectOptionByIndex: All options with index in [31] are selected on object 'Object Repository/DispensaryToStore/Page_Store/select_--Select--Adernaline 0.'

2018-06-10 00:38:13 - [MESSAGE][PASSED] - All options with index in [31] are selected on object 'Object Repository/DispensaryToStore/Page_Store/select_--Select--Adernaline 0.'

2018-06-10 00:38:13 - [TEST_STEP][PASSED] - delay: Delayed 2 second(s)

2018-06-10 00:38:15 - [MESSAGE][PASSED] - Delayed 2 second(s)

2018-06-10 00:38:15 - [TEST_STEP][PASSED] - Statement - RequestedQty = com.kms.katalon.core.webui.keyword.WebUiBuiltInKeywords.getAttribute(com.kms.katalon.core.testobject.ObjectRepository.findTestObject(DispensaryToStore/Page_Store/input_txttotal), "value"): Attribute 'value' of object 'Object Repository/DispensaryToStore/Page_Store/input_txttotal' is: '10'

2018-06-10 00:38:15 - [MESSAGE][PASSED] - Attribute 'value' of object 'Object Repository/DispensaryToStore/Page_Store/input_txttotal' is: '10'

2018-06-10 00:38:15 - [TEST_STEP][PASSED] - Statement - out.println("Requested QTY : " + RequestedQty): null

2018-06-10 00:38:15 - [TEST_STEP][PASSED] - Statement - BatchNumber = com.kms.katalon.core.webui.keyword.WebUiBuiltInKeywords.getNumberOfTotalOption(com.kms.katalon.core.testobject.ObjectRepository.findTestObject(DispensaryToStore/Page_Store/select_--Select--BA1170BA2376B)): 2 options of object 'Object Repository/DispensaryToStore/Page_Store/select_--Select--BA1170BA2376B' counted

2018-06-10 00:38:15 - [MESSAGE][PASSED] - 2 options of object 'Object Repository/DispensaryToStore/Page_Store/select_--Select--BA1170BA2376B' counted

2018-06-10 00:38:15 - [TEST_STEP][PASSED] - Statement - For ([g = 1, g <= BatchNumber - 1, (g++)]): null

2018-06-10 00:38:15 - [TEST_STEP][PASSED] - selectOptionByIndex: All options with index in [1] are selected on object 'Object Repository/DispensaryToStore/Page_Store/select_--Select--BA1170BA2376B'

2018-06-10 00:38:16 - [MESSAGE][PASSED] - All options with index in [1] are selected on object 'Object Repository/DispensaryToStore/Page_Store/select_--Select--BA1170BA2376B'

2018-06-10 00:38:16 - [TEST_STEP][PASSED] - Statement - Try: null

2018-06-10 00:38:16 - [TEST_STEP][PASSED] - Statement - StockQty = com.kms.katalon.core.webui.keyword.WebUiBuiltInKeywords.getAttribute(com.kms.katalon.core.testobject.ObjectRepository.findTestObject(DispensaryToStore/Page_Store/input_txtprice), "value"): Attribute 'value' of object 'Object Repository/DispensaryToStore/Page_Store/input_txtprice' is: '970'

2018-06-10 00:38:16 - [MESSAGE][PASSED] - Attribute 'value' of object 'Object Repository/DispensaryToStore/Page_Store/input_txtprice' is: '970'

2018-06-10 00:38:16 - [TEST_STEP][PASSED] - Statement - out.println("Stock QTY : " + StockQty): null

2018-06-10 00:38:16 - [TEST_STEP][PASSED] - delay: Delayed 2 second(s)

2018-06-10 00:38:18 - [MESSAGE][PASSED] - Delayed 2 second(s)

2018-06-10 00:38:18 - [TEST_STEP][PASSED] - Statement - If (java.lang.String.valueOf(StockQty) >= java.lang.String.valueOf(RequestedQty)): null

2018-06-10 00:38:18 - [TEST_STEP][PASSED] - setText: Text '10' is set on object 'Object Repository/DispensaryToStore/Page_Store/input_txtqty'

2018-06-10 00:38:18 - [MESSAGE][PASSED] - Text '10' is set on object 'Object Repository/DispensaryToStore/Page_Store/input_txtqty'

2018-06-10 00:38:18 - [TEST_STEP][PASSED] - click: Object: 'Object Repository/DispensaryToStore/Page_Store/button_Add' is clicked on

2018-06-10 00:38:18 - [MESSAGE][PASSED] - Object: 'Object Repository/DispensaryToStore/Page_Store/button_Add' is clicked on

2018-06-10 00:38:18 - [TEST_STEP][PASSED] - Statement - Break: null

2018-06-10 00:38:18 - [TEST_STEP][PASSED] - selectOptionByIndex: All options with index in [32] are selected on object 'Object Repository/DispensaryToStore/Page_Store/select_--Select--Adernaline 0.'

2018-06-10 00:38:18 - [MESSAGE][PASSED] - All options with index in [32] are selected on object 'Object Repository/DispensaryToStore/Page_Store/select_--Select--Adernaline 0.'

2018-06-10 00:38:18 - [TEST_STEP][PASSED] - delay: Delayed 2 second(s)

2018-06-10 00:38:20 - [MESSAGE][PASSED] - Delayed 2 second(s)

2018-06-10 00:38:20 - [TEST_STEP][PASSED] - Statement - RequestedQty = com.kms.katalon.core.webui.keyword.WebUiBuiltInKeywords.getAttribute(com.kms.katalon.core.testobject.ObjectRepository.findTestObject(DispensaryToStore/Page_Store/input_txttotal), "value"): Attribute 'value' of object 'Object Repository/DispensaryToStore/Page_Store/input_txttotal' is: '10'

2018-06-10 00:38:20 - [MESSAGE][PASSED] - Attribute 'value' of object 'Object Repository/DispensaryToStore/Page_Store/input_txttotal' is: '10'

2018-06-10 00:38:20 - [TEST_STEP][PASSED] - Statement - out.println("Requested QTY : " + RequestedQty): null

2018-06-10 00:38:20 - [TEST_STEP][PASSED] - Statement - BatchNumber = com.kms.katalon.core.webui.keyword.WebUiBuiltInKeywords.getNumberOfTotalOption(com.kms.katalon.core.testobject.ObjectRepository.findTestObject(DispensaryToStore/Page_Store/select_--Select--BA1170BA2376B)): 3 options of object 'Object Repository/DispensaryToStore/Page_Store/select_--Select--BA1170BA2376B' counted

2018-06-10 00:38:20 - [MESSAGE][PASSED] - 3 options of object 'Object Repository/DispensaryToStore/Page_Store/select_--Select--BA1170BA2376B' counted

2018-06-10 00:38:20 - [TEST_STEP][PASSED] - Statement - For ([g = 1, g <= BatchNumber - 1, (g++)]): null

2018-06-10 00:38:20 - [TEST_STEP][PASSED] - selectOptionByIndex: All options with index in [1] are selected on object 'Object Repository/DispensaryToStore/Page_Store/select_--Select--BA1170BA2376B'

2018-06-10 00:38:20 - [MESSAGE][PASSED] - All options with index in [1] are selected on object 'Object Repository/DispensaryToStore/Page_Store/select_--Select--BA1170BA2376B'

2018-06-10 00:38:20 - [TEST_STEP][PASSED] - Statement - Try: null

2018-06-10 00:38:20 - [TEST_STEP][PASSED] - Statement - StockQty = com.kms.katalon.core.webui.keyword.WebUiBuiltInKeywords.getAttribute(com.kms.katalon.core.testobject.ObjectRepository.findTestObject(DispensaryToStore/Page_Store/input_txtprice), "value"): Attribute 'value' of object 'Object Repository/DispensaryToStore/Page_Store/input_txtprice' is: ''

2018-06-10 00:38:20 - [MESSAGE][PASSED] - Attribute 'value' of object 'Object Repository/DispensaryToStore/Page_Store/input_txtprice' is: ''

2018-06-10 00:38:20 - [TEST_STEP][PASSED] - Statement - out.println("Stock QTY : " + StockQty): null

2018-06-10 00:38:20 - [TEST_STEP][PASSED] - delay: Delayed 2 second(s)

2018-06-10 00:38:22 - [MESSAGE][PASSED] - Delayed 2 second(s)

2018-06-10 00:38:22 - [TEST_STEP][PASSED] - Statement - If (java.lang.String.valueOf(StockQty) >= java.lang.String.valueOf(RequestedQty)): null

2018-06-10 00:38:22 - [TEST_STEP][PASSED] - Statement - Else: null

2018-06-10 00:38:22 - [TEST_STEP][PASSED] - Statement - out.println("Stock Is Less Than Requested Qty"): null

2018-06-10 00:38:22 - [TEST_STEP][PASSED] - selectOptionByIndex: All options with index in [2] are selected on object 'Object Repository/DispensaryToStore/Page_Store/select_--Select--BA1170BA2376B'

2018-06-10 00:38:22 - [MESSAGE][PASSED] - All options with index in [2] are selected on object 'Object Repository/DispensaryToStore/Page_Store/select_--Select--BA1170BA2376B'

2018-06-10 00:38:22 - [TEST_STEP][PASSED] - Statement - Try: null

2018-06-10 00:38:22 - [TEST_STEP][PASSED] - Statement - StockQty = com.kms.katalon.core.webui.keyword.WebUiBuiltInKeywords.getAttribute(com.kms.katalon.core.testobject.ObjectRepository.findTestObject(DispensaryToStore/Page_Store/input_txtprice), "value"): Attribute 'value' of object 'Object Repository/DispensaryToStore/Page_Store/input_txtprice' is: '570'

2018-06-10 00:38:22 - [MESSAGE][PASSED] - Attribute 'value' of object 'Object Repository/DispensaryToStore/Page_Store/input_txtprice' is: '570'

2018-06-10 00:38:22 - [TEST_STEP][PASSED] - Statement - out.println("Stock QTY : " + StockQty): null

2018-06-10 00:38:22 - [TEST_STEP][PASSED] - delay: Delayed 2 second(s)

2018-06-10 00:38:24 - [MESSAGE][PASSED] - Delayed 2 second(s)

2018-06-10 00:38:24 - [TEST_STEP][PASSED] - Statement - If (java.lang.String.valueOf(StockQty) >= java.lang.String.valueOf(RequestedQty)): null

2018-06-10 00:38:24 - [TEST_STEP][PASSED] - setText: Text '10' is set on object 'Object Repository/DispensaryToStore/Page_Store/input_txtqty'

2018-06-10 00:38:25 - [MESSAGE][PASSED] - Text '10' is set on object 'Object Repository/DispensaryToStore/Page_Store/input_txtqty'

2018-06-10 00:38:25 - [TEST_STEP][PASSED] - click: Object: 'Object Repository/DispensaryToStore/Page_Store/button_Add' is clicked on

2018-06-10 00:38:25 - [MESSAGE][PASSED] - Object: 'Object Repository/DispensaryToStore/Page_Store/button_Add' is clicked on

2018-06-10 00:38:25 - [TEST_STEP][PASSED] - Statement - Break: null

2018-06-10 00:38:25 - [TEST_STEP][PASSED] - selectOptionByIndex: All options with index in [33] are selected on object 'Object Repository/DispensaryToStore/Page_Store/select_--Select--Adernaline 0.'

2018-06-10 00:38:25 - [MESSAGE][PASSED] - All options with index in [33] are selected on object 'Object Repository/DispensaryToStore/Page_Store/select_--Select--Adernaline 0.'

2018-06-10 00:38:25 - [TEST_STEP][PASSED] - delay: Delayed 2 second(s)

2018-06-10 00:38:27 - [MESSAGE][PASSED] - Delayed 2 second(s)

2018-06-10 00:38:27 - [TEST_STEP][PASSED] - Statement - RequestedQty = com.kms.katalon.core.webui.keyword.WebUiBuiltInKeywords.getAttribute(com.kms.katalon.core.testobject.ObjectRepository.findTestObject(DispensaryToStore/Page_Store/input_txttotal), "value"): Attribute 'value' of object 'Object Repository/DispensaryToStore/Page_Store/input_txttotal' is: '10'

2018-06-10 00:38:27 - [MESSAGE][PASSED] - Attribute 'value' of object 'Object Repository/DispensaryToStore/Page_Store/input_txttotal' is: '10'

2018-06-10 00:38:27 - [TEST_STEP][PASSED] - Statement - out.println("Requested QTY : " + RequestedQty): null

2018-06-10 00:38:27 - [TEST_STEP][PASSED] - Statement - BatchNumber = com.kms.katalon.core.webui.keyword.WebUiBuiltInKeywords.getNumberOfTotalOption(com.kms.katalon.core.testobject.ObjectRepository.findTestObject(DispensaryToStore/Page_Store/select_--Select--BA1170BA2376B)): 2 options of object 'Object Repository/DispensaryToStore/Page_Store/select_--Select--BA1170BA2376B' counted

2018-06-10 00:38:27 - [MESSAGE][PASSED] - 2 options of object 'Object Repository/DispensaryToStore/Page_Store/select_--Select--BA1170BA2376B' counted

2018-06-10 00:38:27 - [TEST_STEP][PASSED] - Statement - For ([g = 1, g <= BatchNumber - 1, (g++)]): null

2018-06-10 00:38:27 - [TEST_STEP][PASSED] - selectOptionByIndex: All options with index in [1] are selected on object 'Object Repository/DispensaryToStore/Page_Store/select_--Select--BA1170BA2376B'

2018-06-10 00:38:27 - [MESSAGE][PASSED] - All options with index in [1] are selected on object 'Object Repository/DispensaryToStore/Page_Store/select_--Select--BA1170BA2376B'

2018-06-10 00:38:27 - [TEST_STEP][PASSED] - Statement - Try: null

2018-06-10 00:38:27 - [TEST_STEP][PASSED] - Statement - StockQty = com.kms.katalon.core.webui.keyword.WebUiBuiltInKeywords.getAttribute(com.kms.katalon.core.testobject.ObjectRepository.findTestObject(DispensaryToStore/Page_Store/input_txtprice), "value"): Attribute 'value' of object 'Object Repository/DispensaryToStore/Page_Store/input_txtprice' is: '870'

2018-06-10 00:38:27 - [MESSAGE][PASSED] - Attribute 'value' of object 'Object Repository/DispensaryToStore/Page_Store/input_txtprice' is: '870'

2018-06-10 00:38:27 - [TEST_STEP][PASSED] - Statement - out.println("Stock QTY : " + StockQty): null

2018-06-10 00:38:27 - [TEST_STEP][PASSED] - delay: Delayed 2 second(s)

2018-06-10 00:38:29 - [MESSAGE][PASSED] - Delayed 2 second(s)

2018-06-10 00:38:29 - [TEST_STEP][PASSED] - Statement - If (java.lang.String.valueOf(StockQty) >= java.lang.String.valueOf(RequestedQty)): null

2018-06-10 00:38:29 - [TEST_STEP][PASSED] - setText: Text '10' is set on object 'Object Repository/DispensaryToStore/Page_Store/input_txtqty'

2018-06-10 00:38:29 - [MESSAGE][PASSED] - Text '10' is set on object 'Object Repository/DispensaryToStore/Page_Store/input_txtqty'

2018-06-10 00:38:29 - [TEST_STEP][PASSED] - click: Object: 'Object Repository/DispensaryToStore/Page_Store/button_Add' is clicked on

2018-06-10 00:38:29 - [MESSAGE][PASSED] - Object: 'Object Repository/DispensaryToStore/Page_Store/button_Add' is clicked on

2018-06-10 00:38:29 - [TEST_STEP][PASSED] - Statement - Break: null

2018-06-10 00:38:29 - [TEST_STEP][PASSED] - selectOptionByIndex: All options with index in [34] are selected on object 'Object Repository/DispensaryToStore/Page_Store/select_--Select--Adernaline 0.'

2018-06-10 00:38:30 - [MESSAGE][PASSED] - All options with index in [34] are selected on object 'Object Repository/DispensaryToStore/Page_Store/select_--Select--Adernaline 0.'

2018-06-10 00:38:30 - [TEST_STEP][PASSED] - delay: Delayed 2 second(s)

2018-06-10 00:38:32 - [MESSAGE][PASSED] - Delayed 2 second(s)

2018-06-10 00:38:32 - [TEST_STEP][PASSED] - Statement - RequestedQty = com.kms.katalon.core.webui.keyword.WebUiBuiltInKeywords.getAttribute(com.kms.katalon.core.testobject.ObjectRepository.findTestObject(DispensaryToStore/Page_Store/input_txttotal), "value"): Attribute 'value' of object 'Object Repository/DispensaryToStore/Page_Store/input_txttotal' is: '10'

2018-06-10 00:38:32 - [MESSAGE][PASSED] - Attribute 'value' of object 'Object Repository/DispensaryToStore/Page_Store/input_txttotal' is: '10'

2018-06-10 00:38:32 - [TEST_STEP][PASSED] - Statement - out.println("Requested QTY : " + RequestedQty): null

2018-06-10 00:38:32 - [TEST_STEP][PASSED] - Statement - BatchNumber = com.kms.katalon.core.webui.keyword.WebUiBuiltInKeywords.getNumberOfTotalOption(com.kms.katalon.core.testobject.ObjectRepository.findTestObject(DispensaryToStore/Page_Store/select_--Select--BA1170BA2376B)): 3 options of object 'Object Repository/DispensaryToStore/Page_Store/select_--Select--BA1170BA2376B' counted

2018-06-10 00:38:32 - [MESSAGE][PASSED] - 3 options of object 'Object Repository/DispensaryToStore/Page_Store/select_--Select--BA1170BA2376B' counted

2018-06-10 00:38:32 - [TEST_STEP][PASSED] - Statement - For ([g = 1, g <= BatchNumber - 1, (g++)]): null

2018-06-10 00:38:32 - [TEST_STEP][PASSED] - selectOptionByIndex: All options with index in [1] are selected on object 'Object Repository/DispensaryToStore/Page_Store/select_--Select--BA1170BA2376B'

2018-06-10 00:38:32 - [MESSAGE][PASSED] - All options with index in [1] are selected on object 'Object Repository/DispensaryToStore/Page_Store/select_--Select--BA1170BA2376B'

2018-06-10 00:38:32 - [TEST_STEP][PASSED] - Statement - Try: null

2018-06-10 00:38:32 - [TEST_STEP][PASSED] - Statement - StockQty = com.kms.katalon.core.webui.keyword.WebUiBuiltInKeywords.getAttribute(com.kms.katalon.core.testobject.ObjectRepository.findTestObject(DispensaryToStore/Page_Store/input_txtprice), "value"): Attribute 'value' of object 'Object Repository/DispensaryToStore/Page_Store/input_txtprice' is: '180'

2018-06-10 00:38:32 - [MESSAGE][PASSED] - Attribute 'value' of object 'Object Repository/DispensaryToStore/Page_Store/input_txtprice' is: '180'

2018-06-10 00:38:32 - [TEST_STEP][PASSED] - Statement - out.println("Stock QTY : " + StockQty): null

2018-06-10 00:38:32 - [TEST_STEP][PASSED] - delay: Delayed 2 second(s)

2018-06-10 00:38:34 - [MESSAGE][PASSED] - Delayed 2 second(s)

2018-06-10 00:38:34 - [TEST_STEP][PASSED] - Statement - If (java.lang.String.valueOf(StockQty) >= java.lang.String.valueOf(RequestedQty)): null

2018-06-10 00:38:34 - [TEST_STEP][PASSED] - setText: Text '10' is set on object 'Object Repository/DispensaryToStore/Page_Store/input_txtqty'

2018-06-10 00:38:34 - [MESSAGE][PASSED] - Text '10' is set on object 'Object Repository/DispensaryToStore/Page_Store/input_txtqty'

2018-06-10 00:38:34 - [TEST_STEP][PASSED] - click: Object: 'Object Repository/DispensaryToStore/Page_Store/button_Add' is clicked on

2018-06-10 00:38:34 - [MESSAGE][PASSED] - Object: 'Object Repository/DispensaryToStore/Page_Store/button_Add' is clicked on

2018-06-10 00:38:34 - [TEST_STEP][PASSED] - Statement - Break: null

2018-06-10 00:38:34 - [TEST_STEP][PASSED] - selectOptionByIndex: All options with index in [35] are selected on object 'Object Repository/DispensaryToStore/Page_Store/select_--Select--Adernaline 0.'

2018-06-10 00:38:35 - [MESSAGE][PASSED] - All options with index in [35] are selected on object 'Object Repository/DispensaryToStore/Page_Store/select_--Select--Adernaline 0.'

2018-06-10 00:38:35 - [TEST_STEP][PASSED] - delay: Delayed 2 second(s)

2018-06-10 00:38:37 - [MESSAGE][PASSED] - Delayed 2 second(s)

2018-06-10 00:38:37 - [TEST_STEP][PASSED] - Statement - RequestedQty = com.kms.katalon.core.webui.keyword.WebUiBuiltInKeywords.getAttribute(com.kms.katalon.core.testobject.ObjectRepository.findTestObject(DispensaryToStore/Page_Store/input_txttotal), "value"): Attribute 'value' of object 'Object Repository/DispensaryToStore/Page_Store/input_txttotal' is: '10'

2018-06-10 00:38:37 - [MESSAGE][PASSED] - Attribute 'value' of object 'Object Repository/DispensaryToStore/Page_Store/input_txttotal' is: '10'

2018-06-10 00:38:37 - [TEST_STEP][PASSED] - Statement - out.println("Requested QTY : " + RequestedQty): null

2018-06-10 00:38:37 - [TEST_STEP][PASSED] - Statement - BatchNumber = com.kms.katalon.core.webui.keyword.WebUiBuiltInKeywords.getNumberOfTotalOption(com.kms.katalon.core.testobject.ObjectRepository.findTestObject(DispensaryToStore/Page_Store/select_--Select--BA1170BA2376B)): 2 options of object 'Object Repository/DispensaryToStore/Page_Store/select_--Select--BA1170BA2376B' counted

2018-06-10 00:38:37 - [MESSAGE][PASSED] - 2 options of object 'Object Repository/DispensaryToStore/Page_Store/select_--Select--BA1170BA2376B' counted

2018-06-10 00:38:37 - [TEST_STEP][PASSED] - Statement - For ([g = 1, g <= BatchNumber - 1, (g++)]): null

2018-06-10 00:38:37 - [TEST_STEP][PASSED] - selectOptionByIndex: All options with index in [1] are selected on object 'Object Repository/DispensaryToStore/Page_Store/select_--Select--BA1170BA2376B'

2018-06-10 00:38:37 - [MESSAGE][PASSED] - All options with index in [1] are selected on object 'Object Repository/DispensaryToStore/Page_Store/select_--Select--BA1170BA2376B'

2018-06-10 00:38:37 - [TEST_STEP][PASSED] - Statement - Try: null

2018-06-10 00:38:37 - [TEST_STEP][PASSED] - Statement - StockQty = com.kms.katalon.core.webui.keyword.WebUiBuiltInKeywords.getAttribute(com.kms.katalon.core.testobject.ObjectRepository.findTestObject(DispensaryToStore/Page_Store/input_txtprice), "value"): Attribute 'value' of object 'Object Repository/DispensaryToStore/Page_Store/input_txtprice' is: '870'

2018-06-10 00:38:37 - [MESSAGE][PASSED] - Attribute 'value' of object 'Object Repository/DispensaryToStore/Page_Store/input_txtprice' is: '870'

2018-06-10 00:38:37 - [TEST_STEP][PASSED] - Statement - out.println("Stock QTY : " + StockQty): null

2018-06-10 00:38:37 - [TEST_STEP][PASSED] - delay: Delayed 2 second(s)

2018-06-10 00:38:39 - [MESSAGE][PASSED] - Delayed 2 second(s)

2018-06-10 00:38:39 - [TEST_STEP][PASSED] - Statement - If (java.lang.String.valueOf(StockQty) >= java.lang.String.valueOf(RequestedQty)): null

2018-06-10 00:38:39 - [TEST_STEP][PASSED] - setText: Text '10' is set on object 'Object Repository/DispensaryToStore/Page_Store/input_txtqty'

2018-06-10 00:38:39 - [MESSAGE][PASSED] - Text '10' is set on object 'Object Repository/DispensaryToStore/Page_Store/input_txtqty'

2018-06-10 00:38:39 - [TEST_STEP][PASSED] - click: Object: 'Object Repository/DispensaryToStore/Page_Store/button_Add' is clicked on

2018-06-10 00:38:39 - [MESSAGE][PASSED] - Object: 'Object Repository/DispensaryToStore/Page_Store/button_Add' is clicked on

2018-06-10 00:38:39 - [TEST_STEP][PASSED] - Statement - Break: null

2018-06-10 00:38:39 - [TEST_STEP][PASSED] - scrollToElement: Scroll to object 'Object Repository/DispensaryToStore/Page_Store/input_btnSubmit' successfully

2018-06-10 00:38:39 - [MESSAGE][PASSED] - Scroll to object 'Object Repository/DispensaryToStore/Page_Store/input_btnSubmit' successfully

2018-06-10 00:38:39 - [TEST_STEP][PASSED] - click: Object: 'Object Repository/DispensaryToStore/Page_Store/input_btnSubmit' is clicked on

2018-06-10 00:38:39 - [MESSAGE][PASSED] - Object: 'Object Repository/DispensaryToStore/Page_Store/input_btnSubmit' is clicked on

2018-06-10 00:38:39 - [TEST_STEP][PASSED] - delay: Delayed 3 second(s)

2018-06-10 00:38:42 - [MESSAGE][PASSED] - Delayed 3 second(s)

2018-06-10 00:38:42 - [TEST_STEP][PASSED] - click: Object: 'Object Repository/DispensaryToStore/Page_Store/button_OK' is clicked on

2018-06-10 00:38:44 - [MESSAGE][PASSED] - Object: 'Object Repository/DispensaryToStore/Page_Store/button_OK' is clicked on

2018-06-10 00:38:44 - [TEST_STEP][PASSED] - delay: Delayed 3 second(s)

2018-06-10 00:38:47 - [MESSAGE][PASSED] - Delayed 3 second(s)

2018-06-10 00:38:47 - [TEST_STEP][PASSED] - click: Object: 'Object Repository/DispensaryToStore/Page_Store/a_dropdown-toggle' is clicked on

2018-06-10 00:38:47 - [MESSAGE][PASSED] - Object: 'Object Repository/DispensaryToStore/Page_Store/a_dropdown-toggle' is clicked on

2018-06-10 00:38:47 - [TEST_STEP][PASSED] - click: Object: 'Object Repository/DispensaryToStore/Page_Store/a_Sign out' is clicked on

2018-06-10 00:38:47 - [MESSAGE][PASSED] - Object: 'Object Repository/DispensaryToStore/Page_Store/a_Sign out' is clicked on

2018-06-10 00:38:47 - [TEST_STEP][PASSED] - closeBrowser: Browser is closed

2018-06-10 00:38:48 - [MESSAGE][PASSED] - Browser is closed]]></system-out>
         <system-err><![CDATA[]]></system-err>
      </testcase>
      <testcase name="Test Cases/DISPENSARY TEST CASES/TC_DP_010 Verify Schedule 10 Dispensary Request Are Working Successfully Or Not" classname="Test Cases/DISPENSARY TEST CASES/TC_DP_010 Verify Schedule 10 Dispensary Request Are Working Successfully Or Not" status="PASSED">
         <system-out><![CDATA[2018-06-10 00:38:48 - [TEST_CASE][PASSED] - Test Cases/DISPENSARY TEST CASES/TC_DP_010 Verify Schedule 10 Dispensary Request Are Working Successfully Or Not: Test Cases/DISPENSARY TEST CASES/TC_DP_010 Verify Schedule 10 Dispensary Request Are Working Successfully Or Not

2018-06-10 00:38:48 - [TEST_STEP][PASSED] - openBrowser: Browser is opened with url: ''

2018-06-10 00:38:50 - [MESSAGE][PASSED] - Browser is opened with url: ''

2018-06-10 00:38:50 - [TEST_STEP][PASSED] - navigateToUrl: Navigate to 'http://192.168.137.1/multihospital_new/HDSplashscreen.aspx' successfully

2018-06-10 00:38:52 - [MESSAGE][PASSED] - Navigate to 'http://192.168.137.1/multihospital_new/HDSplashscreen.aspx' successfully

2018-06-10 00:38:52 - [TEST_STEP][PASSED] - maximizeWindow: Current window maximized

2018-06-10 00:38:53 - [MESSAGE][PASSED] - Current window maximized

2018-06-10 00:38:53 - [TEST_STEP][PASSED] - click: Object: 'Object Repository/DispensaryToStore/Page_KDMC/a_Dispensary Store' is clicked on

2018-06-10 00:38:54 - [MESSAGE][PASSED] - Object: 'Object Repository/DispensaryToStore/Page_KDMC/a_Dispensary Store' is clicked on

2018-06-10 00:38:54 - [TEST_STEP][PASSED] - setText: Text 'rajaram' is set on object 'Object Repository/DispensaryToStore/Page_Dispensary Store Login/input_txtusername'

2018-06-10 00:38:55 - [MESSAGE][PASSED] - Text 'rajaram' is set on object 'Object Repository/DispensaryToStore/Page_Dispensary Store Login/input_txtusername'

2018-06-10 00:38:55 - [TEST_STEP][PASSED] - setText: Text '123' is set on object 'Object Repository/DispensaryToStore/Page_Dispensary Store Login/input_txtpassword'

2018-06-10 00:38:55 - [MESSAGE][PASSED] - Text '123' is set on object 'Object Repository/DispensaryToStore/Page_Dispensary Store Login/input_txtpassword'

2018-06-10 00:38:55 - [TEST_STEP][PASSED] - delay: Delayed 3 second(s)

2018-06-10 00:38:58 - [MESSAGE][PASSED] - Delayed 3 second(s)

2018-06-10 00:38:58 - [TEST_STEP][PASSED] - sendKeys: Keys 'ENTER + ' sent to object: 'Object Repository/DispensaryToStore/Page_Dispensary Store Login/input_txtpassword'

2018-06-10 00:38:58 - [MESSAGE][PASSED] - Keys 'ENTER + ' sent to object: 'Object Repository/DispensaryToStore/Page_Dispensary Store Login/input_txtpassword'

2018-06-10 00:38:58 - [TEST_STEP][PASSED] - delay: Delayed 3 second(s)

2018-06-10 00:39:01 - [MESSAGE][PASSED] - Delayed 3 second(s)

2018-06-10 00:39:01 - [TEST_STEP][PASSED] - click: Object: 'Object Repository/DispensaryToStore/Page_Dispensary Store/a_Request to Store' is clicked on

2018-06-10 00:39:02 - [MESSAGE][PASSED] - Object: 'Object Repository/DispensaryToStore/Page_Dispensary Store/a_Request to Store' is clicked on

2018-06-10 00:39:02 - [TEST_STEP][PASSED] - click: Object: 'Object Repository/DispensaryToStore/Page_Dispensary Store/a_Medicine Request' is clicked on

2018-06-10 00:39:02 - [MESSAGE][PASSED] - Object: 'Object Repository/DispensaryToStore/Page_Dispensary Store/a_Medicine Request' is clicked on

2018-06-10 00:39:02 - [TEST_STEP][PASSED] - selectOptionByIndex: All options with index in [10] are selected on object 'Object Repository/DispensaryToStore/Page_Dispensary Store/select_--Select--Schedule 1Inj'

2018-06-10 00:39:02 - [MESSAGE][PASSED] - All options with index in [10] are selected on object 'Object Repository/DispensaryToStore/Page_Dispensary Store/select_--Select--Schedule 1Inj'

2018-06-10 00:39:02 - [TEST_STEP][PASSED] - Statement - medicineslength = com.kms.katalon.core.webui.keyword.WebUiBuiltInKeywords.getNumberOfTotalOption(com.kms.katalon.core.testobject.ObjectRepository.findTestObject(DispensaryToStore/Page_Dispensary Store/select_--Select--Adernaline 0.)): 19 options of object 'Object Repository/DispensaryToStore/Page_Dispensary Store/select_--Select--Adernaline 0.' counted

2018-06-10 00:39:03 - [MESSAGE][PASSED] - 19 options of object 'Object Repository/DispensaryToStore/Page_Dispensary Store/select_--Select--Adernaline 0.' counted

2018-06-10 00:39:03 - [TEST_STEP][PASSED] - Statement - For ([e = 1, e <= medicineslength - 1, (e++)]): Object: 'Object Repository/DispensaryToStore/Page_Dispensary Store/button_Add' is clicked on

2018-06-10 00:39:03 - [TEST_STEP][PASSED] - selectOptionByIndex: All options with index in [10] are selected on object 'Object Repository/DispensaryToStore/Page_Dispensary Store/select_--Select--Schedule 1Inj'

2018-06-10 00:39:03 - [MESSAGE][PASSED] - All options with index in [10] are selected on object 'Object Repository/DispensaryToStore/Page_Dispensary Store/select_--Select--Schedule 1Inj'

2018-06-10 00:39:03 - [TEST_STEP][PASSED] - selectOptionByIndex: All options with index in [1] are selected on object 'Object Repository/DispensaryToStore/Page_Dispensary Store/select_--Select--Adernaline 0.'

2018-06-10 00:39:03 - [MESSAGE][PASSED] - All options with index in [1] are selected on object 'Object Repository/DispensaryToStore/Page_Dispensary Store/select_--Select--Adernaline 0.'

2018-06-10 00:39:03 - [TEST_STEP][PASSED] - setText: Text '10' is set on object 'Object Repository/DispensaryToStore/Page_Dispensary Store/input_txttreat'

2018-06-10 00:39:03 - [MESSAGE][PASSED] - Text '10' is set on object 'Object Repository/DispensaryToStore/Page_Dispensary Store/input_txttreat'

2018-06-10 00:39:03 - [TEST_STEP][PASSED] - click: Object: 'Object Repository/DispensaryToStore/Page_Dispensary Store/button_Add' is clicked on

2018-06-10 00:39:03 - [MESSAGE][PASSED] - Object: 'Object Repository/DispensaryToStore/Page_Dispensary Store/button_Add' is clicked on

2018-06-10 00:39:03 - [TEST_STEP][PASSED] - selectOptionByIndex: All options with index in [10] are selected on object 'Object Repository/DispensaryToStore/Page_Dispensary Store/select_--Select--Schedule 1Inj'

2018-06-10 00:39:03 - [MESSAGE][PASSED] - All options with index in [10] are selected on object 'Object Repository/DispensaryToStore/Page_Dispensary Store/select_--Select--Schedule 1Inj'

2018-06-10 00:39:03 - [TEST_STEP][PASSED] - selectOptionByIndex: All options with index in [2] are selected on object 'Object Repository/DispensaryToStore/Page_Dispensary Store/select_--Select--Adernaline 0.'

2018-06-10 00:39:04 - [MESSAGE][PASSED] - All options with index in [2] are selected on object 'Object Repository/DispensaryToStore/Page_Dispensary Store/select_--Select--Adernaline 0.'

2018-06-10 00:39:04 - [TEST_STEP][PASSED] - setText: Text '10' is set on object 'Object Repository/DispensaryToStore/Page_Dispensary Store/input_txttreat'

2018-06-10 00:39:04 - [MESSAGE][PASSED] - Text '10' is set on object 'Object Repository/DispensaryToStore/Page_Dispensary Store/input_txttreat'

2018-06-10 00:39:04 - [TEST_STEP][PASSED] - click: Object: 'Object Repository/DispensaryToStore/Page_Dispensary Store/button_Add' is clicked on

2018-06-10 00:39:04 - [MESSAGE][PASSED] - Object: 'Object Repository/DispensaryToStore/Page_Dispensary Store/button_Add' is clicked on

2018-06-10 00:39:04 - [TEST_STEP][PASSED] - selectOptionByIndex: All options with index in [10] are selected on object 'Object Repository/DispensaryToStore/Page_Dispensary Store/select_--Select--Schedule 1Inj'

2018-06-10 00:39:04 - [MESSAGE][PASSED] - All options with index in [10] are selected on object 'Object Repository/DispensaryToStore/Page_Dispensary Store/select_--Select--Schedule 1Inj'

2018-06-10 00:39:04 - [TEST_STEP][PASSED] - selectOptionByIndex: All options with index in [3] are selected on object 'Object Repository/DispensaryToStore/Page_Dispensary Store/select_--Select--Adernaline 0.'

2018-06-10 00:39:04 - [MESSAGE][PASSED] - All options with index in [3] are selected on object 'Object Repository/DispensaryToStore/Page_Dispensary Store/select_--Select--Adernaline 0.'

2018-06-10 00:39:04 - [TEST_STEP][PASSED] - setText: Text '10' is set on object 'Object Repository/DispensaryToStore/Page_Dispensary Store/input_txttreat'

2018-06-10 00:39:04 - [MESSAGE][PASSED] - Text '10' is set on object 'Object Repository/DispensaryToStore/Page_Dispensary Store/input_txttreat'

2018-06-10 00:39:04 - [TEST_STEP][PASSED] - click: Object: 'Object Repository/DispensaryToStore/Page_Dispensary Store/button_Add' is clicked on

2018-06-10 00:39:04 - [MESSAGE][PASSED] - Object: 'Object Repository/DispensaryToStore/Page_Dispensary Store/button_Add' is clicked on

2018-06-10 00:39:04 - [TEST_STEP][PASSED] - selectOptionByIndex: All options with index in [10] are selected on object 'Object Repository/DispensaryToStore/Page_Dispensary Store/select_--Select--Schedule 1Inj'

2018-06-10 00:39:04 - [MESSAGE][PASSED] - All options with index in [10] are selected on object 'Object Repository/DispensaryToStore/Page_Dispensary Store/select_--Select--Schedule 1Inj'

2018-06-10 00:39:04 - [TEST_STEP][PASSED] - selectOptionByIndex: All options with index in [4] are selected on object 'Object Repository/DispensaryToStore/Page_Dispensary Store/select_--Select--Adernaline 0.'

2018-06-10 00:39:05 - [MESSAGE][PASSED] - All options with index in [4] are selected on object 'Object Repository/DispensaryToStore/Page_Dispensary Store/select_--Select--Adernaline 0.'

2018-06-10 00:39:05 - [TEST_STEP][PASSED] - setText: Text '10' is set on object 'Object Repository/DispensaryToStore/Page_Dispensary Store/input_txttreat'

2018-06-10 00:39:05 - [MESSAGE][PASSED] - Text '10' is set on object 'Object Repository/DispensaryToStore/Page_Dispensary Store/input_txttreat'

2018-06-10 00:39:05 - [TEST_STEP][PASSED] - click: Object: 'Object Repository/DispensaryToStore/Page_Dispensary Store/button_Add' is clicked on

2018-06-10 00:39:05 - [MESSAGE][PASSED] - Object: 'Object Repository/DispensaryToStore/Page_Dispensary Store/button_Add' is clicked on

2018-06-10 00:39:05 - [TEST_STEP][PASSED] - selectOptionByIndex: All options with index in [10] are selected on object 'Object Repository/DispensaryToStore/Page_Dispensary Store/select_--Select--Schedule 1Inj'

2018-06-10 00:39:05 - [MESSAGE][PASSED] - All options with index in [10] are selected on object 'Object Repository/DispensaryToStore/Page_Dispensary Store/select_--Select--Schedule 1Inj'

2018-06-10 00:39:05 - [TEST_STEP][PASSED] - selectOptionByIndex: All options with index in [5] are selected on object 'Object Repository/DispensaryToStore/Page_Dispensary Store/select_--Select--Adernaline 0.'

2018-06-10 00:39:05 - [MESSAGE][PASSED] - All options with index in [5] are selected on object 'Object Repository/DispensaryToStore/Page_Dispensary Store/select_--Select--Adernaline 0.'

2018-06-10 00:39:05 - [TEST_STEP][PASSED] - setText: Text '10' is set on object 'Object Repository/DispensaryToStore/Page_Dispensary Store/input_txttreat'

2018-06-10 00:39:05 - [MESSAGE][PASSED] - Text '10' is set on object 'Object Repository/DispensaryToStore/Page_Dispensary Store/input_txttreat'

2018-06-10 00:39:05 - [TEST_STEP][PASSED] - click: Object: 'Object Repository/DispensaryToStore/Page_Dispensary Store/button_Add' is clicked on

2018-06-10 00:39:05 - [MESSAGE][PASSED] - Object: 'Object Repository/DispensaryToStore/Page_Dispensary Store/button_Add' is clicked on

2018-06-10 00:39:05 - [TEST_STEP][PASSED] - selectOptionByIndex: All options with index in [10] are selected on object 'Object Repository/DispensaryToStore/Page_Dispensary Store/select_--Select--Schedule 1Inj'

2018-06-10 00:39:05 - [MESSAGE][PASSED] - All options with index in [10] are selected on object 'Object Repository/DispensaryToStore/Page_Dispensary Store/select_--Select--Schedule 1Inj'

2018-06-10 00:39:05 - [TEST_STEP][PASSED] - selectOptionByIndex: All options with index in [6] are selected on object 'Object Repository/DispensaryToStore/Page_Dispensary Store/select_--Select--Adernaline 0.'

2018-06-10 00:39:06 - [MESSAGE][PASSED] - All options with index in [6] are selected on object 'Object Repository/DispensaryToStore/Page_Dispensary Store/select_--Select--Adernaline 0.'

2018-06-10 00:39:06 - [TEST_STEP][PASSED] - setText: Text '10' is set on object 'Object Repository/DispensaryToStore/Page_Dispensary Store/input_txttreat'

2018-06-10 00:39:06 - [MESSAGE][PASSED] - Text '10' is set on object 'Object Repository/DispensaryToStore/Page_Dispensary Store/input_txttreat'

2018-06-10 00:39:06 - [TEST_STEP][PASSED] - click: Object: 'Object Repository/DispensaryToStore/Page_Dispensary Store/button_Add' is clicked on

2018-06-10 00:39:06 - [MESSAGE][PASSED] - Object: 'Object Repository/DispensaryToStore/Page_Dispensary Store/button_Add' is clicked on

2018-06-10 00:39:06 - [TEST_STEP][PASSED] - selectOptionByIndex: All options with index in [10] are selected on object 'Object Repository/DispensaryToStore/Page_Dispensary Store/select_--Select--Schedule 1Inj'

2018-06-10 00:39:06 - [MESSAGE][PASSED] - All options with index in [10] are selected on object 'Object Repository/DispensaryToStore/Page_Dispensary Store/select_--Select--Schedule 1Inj'

2018-06-10 00:39:06 - [TEST_STEP][PASSED] - selectOptionByIndex: All options with index in [7] are selected on object 'Object Repository/DispensaryToStore/Page_Dispensary Store/select_--Select--Adernaline 0.'

2018-06-10 00:39:06 - [MESSAGE][PASSED] - All options with index in [7] are selected on object 'Object Repository/DispensaryToStore/Page_Dispensary Store/select_--Select--Adernaline 0.'

2018-06-10 00:39:06 - [TEST_STEP][PASSED] - setText: Text '10' is set on object 'Object Repository/DispensaryToStore/Page_Dispensary Store/input_txttreat'

2018-06-10 00:39:06 - [MESSAGE][PASSED] - Text '10' is set on object 'Object Repository/DispensaryToStore/Page_Dispensary Store/input_txttreat'

2018-06-10 00:39:06 - [TEST_STEP][PASSED] - click: Object: 'Object Repository/DispensaryToStore/Page_Dispensary Store/button_Add' is clicked on

2018-06-10 00:39:06 - [MESSAGE][PASSED] - Object: 'Object Repository/DispensaryToStore/Page_Dispensary Store/button_Add' is clicked on

2018-06-10 00:39:06 - [TEST_STEP][PASSED] - selectOptionByIndex: All options with index in [10] are selected on object 'Object Repository/DispensaryToStore/Page_Dispensary Store/select_--Select--Schedule 1Inj'

2018-06-10 00:39:07 - [MESSAGE][PASSED] - All options with index in [10] are selected on object 'Object Repository/DispensaryToStore/Page_Dispensary Store/select_--Select--Schedule 1Inj'

2018-06-10 00:39:07 - [TEST_STEP][PASSED] - selectOptionByIndex: All options with index in [8] are selected on object 'Object Repository/DispensaryToStore/Page_Dispensary Store/select_--Select--Adernaline 0.'

2018-06-10 00:39:07 - [MESSAGE][PASSED] - All options with index in [8] are selected on object 'Object Repository/DispensaryToStore/Page_Dispensary Store/select_--Select--Adernaline 0.'

2018-06-10 00:39:07 - [TEST_STEP][PASSED] - setText: Text '10' is set on object 'Object Repository/DispensaryToStore/Page_Dispensary Store/input_txttreat'

2018-06-10 00:39:07 - [MESSAGE][PASSED] - Text '10' is set on object 'Object Repository/DispensaryToStore/Page_Dispensary Store/input_txttreat'

2018-06-10 00:39:07 - [TEST_STEP][PASSED] - click: Object: 'Object Repository/DispensaryToStore/Page_Dispensary Store/button_Add' is clicked on

2018-06-10 00:39:07 - [MESSAGE][PASSED] - Object: 'Object Repository/DispensaryToStore/Page_Dispensary Store/button_Add' is clicked on

2018-06-10 00:39:07 - [TEST_STEP][PASSED] - selectOptionByIndex: All options with index in [10] are selected on object 'Object Repository/DispensaryToStore/Page_Dispensary Store/select_--Select--Schedule 1Inj'

2018-06-10 00:39:07 - [MESSAGE][PASSED] - All options with index in [10] are selected on object 'Object Repository/DispensaryToStore/Page_Dispensary Store/select_--Select--Schedule 1Inj'

2018-06-10 00:39:07 - [TEST_STEP][PASSED] - selectOptionByIndex: All options with index in [9] are selected on object 'Object Repository/DispensaryToStore/Page_Dispensary Store/select_--Select--Adernaline 0.'

2018-06-10 00:39:07 - [MESSAGE][PASSED] - All options with index in [9] are selected on object 'Object Repository/DispensaryToStore/Page_Dispensary Store/select_--Select--Adernaline 0.'

2018-06-10 00:39:07 - [TEST_STEP][PASSED] - setText: Text '10' is set on object 'Object Repository/DispensaryToStore/Page_Dispensary Store/input_txttreat'

2018-06-10 00:39:07 - [MESSAGE][PASSED] - Text '10' is set on object 'Object Repository/DispensaryToStore/Page_Dispensary Store/input_txttreat'

2018-06-10 00:39:07 - [TEST_STEP][PASSED] - click: Object: 'Object Repository/DispensaryToStore/Page_Dispensary Store/button_Add' is clicked on

2018-06-10 00:39:07 - [MESSAGE][PASSED] - Object: 'Object Repository/DispensaryToStore/Page_Dispensary Store/button_Add' is clicked on

2018-06-10 00:39:07 - [TEST_STEP][PASSED] - selectOptionByIndex: All options with index in [10] are selected on object 'Object Repository/DispensaryToStore/Page_Dispensary Store/select_--Select--Schedule 1Inj'

2018-06-10 00:39:08 - [MESSAGE][PASSED] - All options with index in [10] are selected on object 'Object Repository/DispensaryToStore/Page_Dispensary Store/select_--Select--Schedule 1Inj'

2018-06-10 00:39:08 - [TEST_STEP][PASSED] - selectOptionByIndex: All options with index in [10] are selected on object 'Object Repository/DispensaryToStore/Page_Dispensary Store/select_--Select--Adernaline 0.'

2018-06-10 00:39:08 - [MESSAGE][PASSED] - All options with index in [10] are selected on object 'Object Repository/DispensaryToStore/Page_Dispensary Store/select_--Select--Adernaline 0.'

2018-06-10 00:39:08 - [TEST_STEP][PASSED] - setText: Text '10' is set on object 'Object Repository/DispensaryToStore/Page_Dispensary Store/input_txttreat'

2018-06-10 00:39:08 - [MESSAGE][PASSED] - Text '10' is set on object 'Object Repository/DispensaryToStore/Page_Dispensary Store/input_txttreat'

2018-06-10 00:39:08 - [TEST_STEP][PASSED] - click: Object: 'Object Repository/DispensaryToStore/Page_Dispensary Store/button_Add' is clicked on

2018-06-10 00:39:08 - [MESSAGE][PASSED] - Object: 'Object Repository/DispensaryToStore/Page_Dispensary Store/button_Add' is clicked on

2018-06-10 00:39:08 - [TEST_STEP][PASSED] - selectOptionByIndex: All options with index in [10] are selected on object 'Object Repository/DispensaryToStore/Page_Dispensary Store/select_--Select--Schedule 1Inj'

2018-06-10 00:39:08 - [MESSAGE][PASSED] - All options with index in [10] are selected on object 'Object Repository/DispensaryToStore/Page_Dispensary Store/select_--Select--Schedule 1Inj'

2018-06-10 00:39:08 - [TEST_STEP][PASSED] - selectOptionByIndex: All options with index in [11] are selected on object 'Object Repository/DispensaryToStore/Page_Dispensary Store/select_--Select--Adernaline 0.'

2018-06-10 00:39:09 - [MESSAGE][PASSED] - All options with index in [11] are selected on object 'Object Repository/DispensaryToStore/Page_Dispensary Store/select_--Select--Adernaline 0.'

2018-06-10 00:39:09 - [TEST_STEP][PASSED] - setText: Text '10' is set on object 'Object Repository/DispensaryToStore/Page_Dispensary Store/input_txttreat'

2018-06-10 00:39:09 - [MESSAGE][PASSED] - Text '10' is set on object 'Object Repository/DispensaryToStore/Page_Dispensary Store/input_txttreat'

2018-06-10 00:39:09 - [TEST_STEP][PASSED] - click: Object: 'Object Repository/DispensaryToStore/Page_Dispensary Store/button_Add' is clicked on

2018-06-10 00:39:09 - [MESSAGE][PASSED] - Object: 'Object Repository/DispensaryToStore/Page_Dispensary Store/button_Add' is clicked on

2018-06-10 00:39:09 - [TEST_STEP][PASSED] - selectOptionByIndex: All options with index in [10] are selected on object 'Object Repository/DispensaryToStore/Page_Dispensary Store/select_--Select--Schedule 1Inj'

2018-06-10 00:39:09 - [MESSAGE][PASSED] - All options with index in [10] are selected on object 'Object Repository/DispensaryToStore/Page_Dispensary Store/select_--Select--Schedule 1Inj'

2018-06-10 00:39:09 - [TEST_STEP][PASSED] - selectOptionByIndex: All options with index in [12] are selected on object 'Object Repository/DispensaryToStore/Page_Dispensary Store/select_--Select--Adernaline 0.'

2018-06-10 00:39:09 - [MESSAGE][PASSED] - All options with index in [12] are selected on object 'Object Repository/DispensaryToStore/Page_Dispensary Store/select_--Select--Adernaline 0.'

2018-06-10 00:39:09 - [TEST_STEP][PASSED] - setText: Text '10' is set on object 'Object Repository/DispensaryToStore/Page_Dispensary Store/input_txttreat'

2018-06-10 00:39:09 - [MESSAGE][PASSED] - Text '10' is set on object 'Object Repository/DispensaryToStore/Page_Dispensary Store/input_txttreat'

2018-06-10 00:39:09 - [TEST_STEP][PASSED] - click: Object: 'Object Repository/DispensaryToStore/Page_Dispensary Store/button_Add' is clicked on

2018-06-10 00:39:09 - [MESSAGE][PASSED] - Object: 'Object Repository/DispensaryToStore/Page_Dispensary Store/button_Add' is clicked on

2018-06-10 00:39:09 - [TEST_STEP][PASSED] - selectOptionByIndex: All options with index in [10] are selected on object 'Object Repository/DispensaryToStore/Page_Dispensary Store/select_--Select--Schedule 1Inj'

2018-06-10 00:39:10 - [MESSAGE][PASSED] - All options with index in [10] are selected on object 'Object Repository/DispensaryToStore/Page_Dispensary Store/select_--Select--Schedule 1Inj'

2018-06-10 00:39:10 - [TEST_STEP][PASSED] - selectOptionByIndex: All options with index in [13] are selected on object 'Object Repository/DispensaryToStore/Page_Dispensary Store/select_--Select--Adernaline 0.'

2018-06-10 00:39:10 - [MESSAGE][PASSED] - All options with index in [13] are selected on object 'Object Repository/DispensaryToStore/Page_Dispensary Store/select_--Select--Adernaline 0.'

2018-06-10 00:39:10 - [TEST_STEP][PASSED] - setText: Text '10' is set on object 'Object Repository/DispensaryToStore/Page_Dispensary Store/input_txttreat'

2018-06-10 00:39:10 - [MESSAGE][PASSED] - Text '10' is set on object 'Object Repository/DispensaryToStore/Page_Dispensary Store/input_txttreat'

2018-06-10 00:39:10 - [TEST_STEP][PASSED] - click: Object: 'Object Repository/DispensaryToStore/Page_Dispensary Store/button_Add' is clicked on

2018-06-10 00:39:10 - [MESSAGE][PASSED] - Object: 'Object Repository/DispensaryToStore/Page_Dispensary Store/button_Add' is clicked on

2018-06-10 00:39:10 - [TEST_STEP][PASSED] - selectOptionByIndex: All options with index in [10] are selected on object 'Object Repository/DispensaryToStore/Page_Dispensary Store/select_--Select--Schedule 1Inj'

2018-06-10 00:39:10 - [MESSAGE][PASSED] - All options with index in [10] are selected on object 'Object Repository/DispensaryToStore/Page_Dispensary Store/select_--Select--Schedule 1Inj'

2018-06-10 00:39:10 - [TEST_STEP][PASSED] - selectOptionByIndex: All options with index in [14] are selected on object 'Object Repository/DispensaryToStore/Page_Dispensary Store/select_--Select--Adernaline 0.'

2018-06-10 00:39:10 - [MESSAGE][PASSED] - All options with index in [14] are selected on object 'Object Repository/DispensaryToStore/Page_Dispensary Store/select_--Select--Adernaline 0.'

2018-06-10 00:39:10 - [TEST_STEP][PASSED] - setText: Text '10' is set on object 'Object Repository/DispensaryToStore/Page_Dispensary Store/input_txttreat'

2018-06-10 00:39:10 - [MESSAGE][PASSED] - Text '10' is set on object 'Object Repository/DispensaryToStore/Page_Dispensary Store/input_txttreat'

2018-06-10 00:39:10 - [TEST_STEP][PASSED] - click: Object: 'Object Repository/DispensaryToStore/Page_Dispensary Store/button_Add' is clicked on

2018-06-10 00:39:11 - [MESSAGE][PASSED] - Object: 'Object Repository/DispensaryToStore/Page_Dispensary Store/button_Add' is clicked on

2018-06-10 00:39:11 - [TEST_STEP][PASSED] - selectOptionByIndex: All options with index in [10] are selected on object 'Object Repository/DispensaryToStore/Page_Dispensary Store/select_--Select--Schedule 1Inj'

2018-06-10 00:39:11 - [MESSAGE][PASSED] - All options with index in [10] are selected on object 'Object Repository/DispensaryToStore/Page_Dispensary Store/select_--Select--Schedule 1Inj'

2018-06-10 00:39:11 - [TEST_STEP][PASSED] - selectOptionByIndex: All options with index in [15] are selected on object 'Object Repository/DispensaryToStore/Page_Dispensary Store/select_--Select--Adernaline 0.'

2018-06-10 00:39:11 - [MESSAGE][PASSED] - All options with index in [15] are selected on object 'Object Repository/DispensaryToStore/Page_Dispensary Store/select_--Select--Adernaline 0.'

2018-06-10 00:39:11 - [TEST_STEP][PASSED] - setText: Text '10' is set on object 'Object Repository/DispensaryToStore/Page_Dispensary Store/input_txttreat'

2018-06-10 00:39:11 - [MESSAGE][PASSED] - Text '10' is set on object 'Object Repository/DispensaryToStore/Page_Dispensary Store/input_txttreat'

2018-06-10 00:39:11 - [TEST_STEP][PASSED] - click: Object: 'Object Repository/DispensaryToStore/Page_Dispensary Store/button_Add' is clicked on

2018-06-10 00:39:11 - [MESSAGE][PASSED] - Object: 'Object Repository/DispensaryToStore/Page_Dispensary Store/button_Add' is clicked on

2018-06-10 00:39:11 - [TEST_STEP][PASSED] - selectOptionByIndex: All options with index in [10] are selected on object 'Object Repository/DispensaryToStore/Page_Dispensary Store/select_--Select--Schedule 1Inj'

2018-06-10 00:39:11 - [MESSAGE][PASSED] - All options with index in [10] are selected on object 'Object Repository/DispensaryToStore/Page_Dispensary Store/select_--Select--Schedule 1Inj'

2018-06-10 00:39:11 - [TEST_STEP][PASSED] - selectOptionByIndex: All options with index in [16] are selected on object 'Object Repository/DispensaryToStore/Page_Dispensary Store/select_--Select--Adernaline 0.'

2018-06-10 00:39:12 - [MESSAGE][PASSED] - All options with index in [16] are selected on object 'Object Repository/DispensaryToStore/Page_Dispensary Store/select_--Select--Adernaline 0.'

2018-06-10 00:39:12 - [TEST_STEP][PASSED] - setText: Text '10' is set on object 'Object Repository/DispensaryToStore/Page_Dispensary Store/input_txttreat'

2018-06-10 00:39:12 - [MESSAGE][PASSED] - Text '10' is set on object 'Object Repository/DispensaryToStore/Page_Dispensary Store/input_txttreat'

2018-06-10 00:39:12 - [TEST_STEP][PASSED] - click: Object: 'Object Repository/DispensaryToStore/Page_Dispensary Store/button_Add' is clicked on

2018-06-10 00:39:12 - [MESSAGE][PASSED] - Object: 'Object Repository/DispensaryToStore/Page_Dispensary Store/button_Add' is clicked on

2018-06-10 00:39:12 - [TEST_STEP][PASSED] - selectOptionByIndex: All options with index in [10] are selected on object 'Object Repository/DispensaryToStore/Page_Dispensary Store/select_--Select--Schedule 1Inj'

2018-06-10 00:39:12 - [MESSAGE][PASSED] - All options with index in [10] are selected on object 'Object Repository/DispensaryToStore/Page_Dispensary Store/select_--Select--Schedule 1Inj'

2018-06-10 00:39:12 - [TEST_STEP][PASSED] - selectOptionByIndex: All options with index in [17] are selected on object 'Object Repository/DispensaryToStore/Page_Dispensary Store/select_--Select--Adernaline 0.'

2018-06-10 00:39:12 - [MESSAGE][PASSED] - All options with index in [17] are selected on object 'Object Repository/DispensaryToStore/Page_Dispensary Store/select_--Select--Adernaline 0.'

2018-06-10 00:39:12 - [TEST_STEP][PASSED] - setText: Text '10' is set on object 'Object Repository/DispensaryToStore/Page_Dispensary Store/input_txttreat'

2018-06-10 00:39:12 - [MESSAGE][PASSED] - Text '10' is set on object 'Object Repository/DispensaryToStore/Page_Dispensary Store/input_txttreat'

2018-06-10 00:39:12 - [TEST_STEP][PASSED] - click: Object: 'Object Repository/DispensaryToStore/Page_Dispensary Store/button_Add' is clicked on

2018-06-10 00:39:12 - [MESSAGE][PASSED] - Object: 'Object Repository/DispensaryToStore/Page_Dispensary Store/button_Add' is clicked on

2018-06-10 00:39:12 - [TEST_STEP][PASSED] - selectOptionByIndex: All options with index in [10] are selected on object 'Object Repository/DispensaryToStore/Page_Dispensary Store/select_--Select--Schedule 1Inj'

2018-06-10 00:39:13 - [MESSAGE][PASSED] - All options with index in [10] are selected on object 'Object Repository/DispensaryToStore/Page_Dispensary Store/select_--Select--Schedule 1Inj'

2018-06-10 00:39:13 - [TEST_STEP][PASSED] - selectOptionByIndex: All options with index in [18] are selected on object 'Object Repository/DispensaryToStore/Page_Dispensary Store/select_--Select--Adernaline 0.'

2018-06-10 00:39:13 - [MESSAGE][PASSED] - All options with index in [18] are selected on object 'Object Repository/DispensaryToStore/Page_Dispensary Store/select_--Select--Adernaline 0.'

2018-06-10 00:39:13 - [TEST_STEP][PASSED] - setText: Text '10' is set on object 'Object Repository/DispensaryToStore/Page_Dispensary Store/input_txttreat'

2018-06-10 00:39:13 - [MESSAGE][PASSED] - Text '10' is set on object 'Object Repository/DispensaryToStore/Page_Dispensary Store/input_txttreat'

2018-06-10 00:39:13 - [TEST_STEP][PASSED] - click: Object: 'Object Repository/DispensaryToStore/Page_Dispensary Store/button_Add' is clicked on

2018-06-10 00:39:13 - [MESSAGE][PASSED] - Object: 'Object Repository/DispensaryToStore/Page_Dispensary Store/button_Add' is clicked on

2018-06-10 00:39:13 - [TEST_STEP][PASSED] - scrollToElement: Scroll to object 'Object Repository/DispensaryToStore/Page_Dispensary Store/input_btnsave' successfully

2018-06-10 00:39:13 - [MESSAGE][PASSED] - Scroll to object 'Object Repository/DispensaryToStore/Page_Dispensary Store/input_btnsave' successfully

2018-06-10 00:39:13 - [TEST_STEP][PASSED] - click: Object: 'Object Repository/DispensaryToStore/Page_Dispensary Store/input_btnsave' is clicked on

2018-06-10 00:39:13 - [MESSAGE][PASSED] - Object: 'Object Repository/DispensaryToStore/Page_Dispensary Store/input_btnsave' is clicked on

2018-06-10 00:39:13 - [TEST_STEP][PASSED] - delay: Delayed 3 second(s)

2018-06-10 00:39:16 - [MESSAGE][PASSED] - Delayed 3 second(s)

2018-06-10 00:39:16 - [TEST_STEP][PASSED] - Statement - RN1 = com.kms.katalon.core.webui.keyword.WebUiBuiltInKeywords.getText(com.kms.katalon.core.testobject.ObjectRepository.findTestObject(DispensaryToStore/Page_Dispensary Store/font_HPRNO180520187)): Text of object 'Object Repository/DispensaryToStore/Page_Dispensary Store/font_HPRNO180520187' is: 'DPRNO/10062018/240'

2018-06-10 00:39:16 - [MESSAGE][PASSED] - Text of object 'Object Repository/DispensaryToStore/Page_Dispensary Store/font_HPRNO180520187' is: 'DPRNO/10062018/240'

2018-06-10 00:39:16 - [TEST_STEP][PASSED] - Statement - out.println(RN1): null

2018-06-10 00:39:16 - [TEST_STEP][PASSED] - Statement - RID = RN1.split("/")[2]: null

2018-06-10 00:39:16 - [TEST_STEP][PASSED] - click: Object: 'Object Repository/DispensaryToStore/Page_Dispensary Store/button_OK' is clicked on

2018-06-10 00:39:17 - [MESSAGE][PASSED] - Object: 'Object Repository/DispensaryToStore/Page_Dispensary Store/button_OK' is clicked on

2018-06-10 00:39:17 - [TEST_STEP][PASSED] - delay: Delayed 3 second(s)

2018-06-10 00:39:20 - [MESSAGE][PASSED] - Delayed 3 second(s)

2018-06-10 00:39:20 - [TEST_STEP][PASSED] - click: Object: 'Object Repository/DispensaryToStore/Page_Dispensary Store/a_dropdown-toggle' is clicked on

2018-06-10 00:39:20 - [MESSAGE][PASSED] - Object: 'Object Repository/DispensaryToStore/Page_Dispensary Store/a_dropdown-toggle' is clicked on

2018-06-10 00:39:20 - [TEST_STEP][PASSED] - click: Object: 'Object Repository/DispensaryToStore/Page_Dispensary Store/a_Sign out' is clicked on

2018-06-10 00:39:21 - [MESSAGE][PASSED] - Object: 'Object Repository/DispensaryToStore/Page_Dispensary Store/a_Sign out' is clicked on

2018-06-10 00:39:21 - [TEST_STEP][PASSED] - delay: Delayed 3 second(s)

2018-06-10 00:39:24 - [MESSAGE][PASSED] - Delayed 3 second(s)

2018-06-10 00:39:24 - [TEST_STEP][PASSED] - navigateToUrl: Navigate to 'http://192.168.137.1/multihospital_new/' successfully

2018-06-10 00:39:24 - [MESSAGE][PASSED] - Navigate to 'http://192.168.137.1/multihospital_new/' successfully

2018-06-10 00:39:24 - [TEST_STEP][PASSED] - click: Object: 'Object Repository/DispensaryToStore/Page_KDMC/a_CMO' is clicked on

2018-06-10 00:39:25 - [MESSAGE][PASSED] - Object: 'Object Repository/DispensaryToStore/Page_KDMC/a_CMO' is clicked on

2018-06-10 00:39:25 - [TEST_STEP][PASSED] - setText: Text 'guru' is set on object 'Object Repository/DispensaryToStore/Page_CMO login/input_txtusername'

2018-06-10 00:39:25 - [MESSAGE][PASSED] - Text 'guru' is set on object 'Object Repository/DispensaryToStore/Page_CMO login/input_txtusername'

2018-06-10 00:39:25 - [TEST_STEP][PASSED] - setText: Text '123' is set on object 'Object Repository/DispensaryToStore/Page_CMO login/input_txtpassword'

2018-06-10 00:39:25 - [MESSAGE][PASSED] - Text '123' is set on object 'Object Repository/DispensaryToStore/Page_CMO login/input_txtpassword'

2018-06-10 00:39:25 - [TEST_STEP][PASSED] - delay: Delayed 3 second(s)

2018-06-10 00:39:28 - [MESSAGE][PASSED] - Delayed 3 second(s)

2018-06-10 00:39:28 - [TEST_STEP][PASSED] - click: Object: 'Object Repository/DispensaryToStore/Page_CMO login/button_Sign in' is clicked on

2018-06-10 00:39:29 - [MESSAGE][PASSED] - Object: 'Object Repository/DispensaryToStore/Page_CMO login/button_Sign in' is clicked on

2018-06-10 00:39:29 - [TEST_STEP][PASSED] - click: Object: 'Object Repository/DispensaryToStore/Page_KDMC - CMO/a_Department Wise Request' is clicked on

2018-06-10 00:39:31 - [MESSAGE][PASSED] - Object: 'Object Repository/DispensaryToStore/Page_KDMC - CMO/a_Department Wise Request' is clicked on

2018-06-10 00:39:31 - [TEST_STEP][PASSED] - delay: Delayed 2 second(s)

2018-06-10 00:39:33 - [MESSAGE][PASSED] - Delayed 2 second(s)

2018-06-10 00:39:33 - [TEST_STEP][PASSED] - selectOptionByIndex: All options with index in [6] are selected on object 'Object Repository/DispensaryToStore/Page_KDMC - CMO/select_--ALL--'

2018-06-10 00:39:33 - [MESSAGE][PASSED] - All options with index in [6] are selected on object 'Object Repository/DispensaryToStore/Page_KDMC - CMO/select_--ALL--'

2018-06-10 00:39:33 - [TEST_STEP][PASSED] - click: Object: 'Object Repository/DispensaryToStore/Page_KDMC - CMO/input_btnsearch' is clicked on

2018-06-10 00:39:33 - [MESSAGE][PASSED] - Object: 'Object Repository/DispensaryToStore/Page_KDMC - CMO/input_btnsearch' is clicked on

2018-06-10 00:39:33 - [TEST_STEP][PASSED] - selectOptionByIndex: All options with index in [1] are selected on object 'Object Repository/DispensaryToStore/Page_KDMC - CMO/select_--ALL--                _1'

2018-06-10 00:39:34 - [MESSAGE][PASSED] - All options with index in [1] are selected on object 'Object Repository/DispensaryToStore/Page_KDMC - CMO/select_--ALL--                _1'

2018-06-10 00:39:34 - [TEST_STEP][PASSED] - click: Object: 'Object Repository/DispensaryToStore/Page_KDMC - CMO/input_btnsearch' is clicked on

2018-06-10 00:39:34 - [MESSAGE][PASSED] - Object: 'Object Repository/DispensaryToStore/Page_KDMC - CMO/input_btnsearch' is clicked on

2018-06-10 00:39:34 - [TEST_STEP][PASSED] - Statement - ID = com.kms.katalon.core.webui.keyword.WebUiBuiltInKeywords.modifyObjectProperty(com.kms.katalon.core.testobject.ObjectRepository.findTestObject(lab/Page_KDMC - CMO/input_1), "xpath", "equals", "//*[@id=" + RID + "]", true): Modify property of object successfully

2018-06-10 00:39:34 - [MESSAGE][PASSED] - Modify property of object successfully

2018-06-10 00:39:34 - [TEST_STEP][PASSED] - click: Object: 'Object Repository/lab/Page_KDMC - CMO/input_1' is clicked on

2018-06-10 00:39:34 - [MESSAGE][PASSED] - Object: 'Object Repository/lab/Page_KDMC - CMO/input_1' is clicked on

2018-06-10 00:39:34 - [TEST_STEP][PASSED] - delay: Delayed 2 second(s)

2018-06-10 00:39:36 - [MESSAGE][PASSED] - Delayed 2 second(s)

2018-06-10 00:39:36 - [TEST_STEP][PASSED] - selectOptionByIndex: All options with index in [1] are selected on object 'Object Repository/DispensaryToStore/Page_KDMC - CMO/select_--Select--'

2018-06-10 00:39:36 - [MESSAGE][PASSED] - All options with index in [1] are selected on object 'Object Repository/DispensaryToStore/Page_KDMC - CMO/select_--Select--'

2018-06-10 00:39:36 - [TEST_STEP][PASSED] - click: Object: 'Object Repository/DispensaryToStore/Page_KDMC - CMO/input_btnupdate' is clicked on

2018-06-10 00:39:36 - [MESSAGE][PASSED] - Object: 'Object Repository/DispensaryToStore/Page_KDMC - CMO/input_btnupdate' is clicked on

2018-06-10 00:39:36 - [TEST_STEP][PASSED] - delay: Delayed 2 second(s)

2018-06-10 00:39:38 - [MESSAGE][PASSED] - Delayed 2 second(s)

2018-06-10 00:39:38 - [TEST_STEP][PASSED] - click: Object: 'Object Repository/DispensaryToStore/Page_KDMC - CMO/button_OK' is clicked on

2018-06-10 00:39:39 - [MESSAGE][PASSED] - Object: 'Object Repository/DispensaryToStore/Page_KDMC - CMO/button_OK' is clicked on

2018-06-10 00:39:39 - [TEST_STEP][PASSED] - delay: Delayed 2 second(s)

2018-06-10 00:39:41 - [MESSAGE][PASSED] - Delayed 2 second(s)

2018-06-10 00:39:41 - [TEST_STEP][PASSED] - click: Object: 'Object Repository/DispensaryToStore/Page_KDMC - CMO/a_dropdown-toggle' is clicked on

2018-06-10 00:39:41 - [MESSAGE][PASSED] - Object: 'Object Repository/DispensaryToStore/Page_KDMC - CMO/a_dropdown-toggle' is clicked on

2018-06-10 00:39:41 - [TEST_STEP][PASSED] - click: Object: 'Object Repository/DispensaryToStore/Page_KDMC - CMO/a_Sign out' is clicked on

2018-06-10 00:39:42 - [MESSAGE][PASSED] - Object: 'Object Repository/DispensaryToStore/Page_KDMC - CMO/a_Sign out' is clicked on

2018-06-10 00:39:42 - [TEST_STEP][PASSED] - delay: Delayed 3 second(s)

2018-06-10 00:39:45 - [MESSAGE][PASSED] - Delayed 3 second(s)

2018-06-10 00:39:45 - [TEST_STEP][PASSED] - click: Object: 'Object Repository/DispensaryToStore/Page_KDMC/a_Divisional Store' is clicked on

2018-06-10 00:39:45 - [MESSAGE][PASSED] - Object: 'Object Repository/DispensaryToStore/Page_KDMC/a_Divisional Store' is clicked on

2018-06-10 00:39:45 - [TEST_STEP][PASSED] - setText: Text 'ragu' is set on object 'Object Repository/DispensaryToStore/Page_Divisonal Store Login/input_txtusername'

2018-06-10 00:39:45 - [MESSAGE][PASSED] - Text 'ragu' is set on object 'Object Repository/DispensaryToStore/Page_Divisonal Store Login/input_txtusername'

2018-06-10 00:39:45 - [TEST_STEP][PASSED] - setText: Text '123' is set on object 'Object Repository/DispensaryToStore/Page_Divisonal Store Login/input_txtpassword'

2018-06-10 00:39:45 - [MESSAGE][PASSED] - Text '123' is set on object 'Object Repository/DispensaryToStore/Page_Divisonal Store Login/input_txtpassword'

2018-06-10 00:39:45 - [TEST_STEP][PASSED] - delay: Delayed 3 second(s)

2018-06-10 00:39:48 - [MESSAGE][PASSED] - Delayed 3 second(s)

2018-06-10 00:39:48 - [TEST_STEP][PASSED] - click: Object: 'Object Repository/DispensaryToStore/Page_Divisonal Store Login/button_Sign in' is clicked on

2018-06-10 00:39:50 - [MESSAGE][PASSED] - Object: 'Object Repository/DispensaryToStore/Page_Divisonal Store Login/button_Sign in' is clicked on

2018-06-10 00:39:50 - [TEST_STEP][PASSED] - delay: Delayed 3 second(s)

2018-06-10 00:39:53 - [MESSAGE][PASSED] - Delayed 3 second(s)

2018-06-10 00:39:53 - [TEST_STEP][PASSED] - scrollToPosition: Browser is scrolled to position x = 100, y = 100

2018-06-10 00:39:53 - [MESSAGE][PASSED] - Browser is scrolled to position x = 100, y = 100

2018-06-10 00:39:53 - [TEST_STEP][PASSED] - click: Object: 'Object Repository/DispensaryToStore/Page_Store/a_Dispensary Request' is clicked on

2018-06-10 00:39:53 - [MESSAGE][PASSED] - Object: 'Object Repository/DispensaryToStore/Page_Store/a_Dispensary Request' is clicked on

2018-06-10 00:39:53 - [TEST_STEP][PASSED] - delay: Delayed 2 second(s)

2018-06-10 00:39:55 - [MESSAGE][PASSED] - Delayed 2 second(s)

2018-06-10 00:39:55 - [TEST_STEP][PASSED] - click: Object: 'Object Repository/DispensaryToStore/Page_Store/a_Request Item Dispensary' is clicked on

2018-06-10 00:39:56 - [MESSAGE][PASSED] - Object: 'Object Repository/DispensaryToStore/Page_Store/a_Request Item Dispensary' is clicked on

2018-06-10 00:39:56 - [TEST_STEP][PASSED] - Statement - ChooseRequest = com.kms.katalon.core.webui.keyword.WebUiBuiltInKeywords.modifyObjectProperty(com.kms.katalon.core.testobject.ObjectRepository.findTestObject(lab/Page_Store/input_1), "xpath", "equals", "//*[@id=" + RID + "]", true): Modify property of object successfully

2018-06-10 00:39:56 - [MESSAGE][PASSED] - Modify property of object successfully

2018-06-10 00:39:56 - [TEST_STEP][PASSED] - click: Object: 'Object Repository/lab/Page_Store/input_1' is clicked on

2018-06-10 00:39:57 - [MESSAGE][PASSED] - Object: 'Object Repository/lab/Page_Store/input_1' is clicked on

2018-06-10 00:39:57 - [TEST_STEP][PASSED] - Statement - selectedoptions = com.kms.katalon.core.webui.keyword.WebUiBuiltInKeywords.getNumberOfTotalOption(com.kms.katalon.core.testobject.ObjectRepository.findTestObject(DispensaryToStore/Page_Store/select_--Select--Adernaline 0.)): 19 options of object 'Object Repository/DispensaryToStore/Page_Store/select_--Select--Adernaline 0.' counted

2018-06-10 00:39:57 - [MESSAGE][PASSED] - 19 options of object 'Object Repository/DispensaryToStore/Page_Store/select_--Select--Adernaline 0.' counted

2018-06-10 00:39:57 - [TEST_STEP][PASSED] - Statement - For ([a = 1, a <= selectedoptions - 1, (a++)]): null

2018-06-10 00:39:57 - [TEST_STEP][PASSED] - selectOptionByIndex: All options with index in [1] are selected on object 'Object Repository/DispensaryToStore/Page_Store/select_--Select--Adernaline 0.'

2018-06-10 00:39:57 - [MESSAGE][PASSED] - All options with index in [1] are selected on object 'Object Repository/DispensaryToStore/Page_Store/select_--Select--Adernaline 0.'

2018-06-10 00:39:57 - [TEST_STEP][PASSED] - delay: Delayed 2 second(s)

2018-06-10 00:39:59 - [MESSAGE][PASSED] - Delayed 2 second(s)

2018-06-10 00:39:59 - [TEST_STEP][PASSED] - Statement - RequestedQty = com.kms.katalon.core.webui.keyword.WebUiBuiltInKeywords.getAttribute(com.kms.katalon.core.testobject.ObjectRepository.findTestObject(DispensaryToStore/Page_Store/input_txttotal), "value"): Attribute 'value' of object 'Object Repository/DispensaryToStore/Page_Store/input_txttotal' is: '10'

2018-06-10 00:39:59 - [MESSAGE][PASSED] - Attribute 'value' of object 'Object Repository/DispensaryToStore/Page_Store/input_txttotal' is: '10'

2018-06-10 00:39:59 - [TEST_STEP][PASSED] - Statement - out.println("Requested QTY : " + RequestedQty): null

2018-06-10 00:39:59 - [TEST_STEP][PASSED] - Statement - BatchNumber = com.kms.katalon.core.webui.keyword.WebUiBuiltInKeywords.getNumberOfTotalOption(com.kms.katalon.core.testobject.ObjectRepository.findTestObject(DispensaryToStore/Page_Store/select_--Select--BA1170BA2376B)): 3 options of object 'Object Repository/DispensaryToStore/Page_Store/select_--Select--BA1170BA2376B' counted

2018-06-10 00:39:59 - [MESSAGE][PASSED] - 3 options of object 'Object Repository/DispensaryToStore/Page_Store/select_--Select--BA1170BA2376B' counted

2018-06-10 00:39:59 - [TEST_STEP][PASSED] - Statement - For ([g = 1, g <= BatchNumber - 1, (g++)]): null

2018-06-10 00:39:59 - [TEST_STEP][PASSED] - selectOptionByIndex: All options with index in [1] are selected on object 'Object Repository/DispensaryToStore/Page_Store/select_--Select--BA1170BA2376B'

2018-06-10 00:39:59 - [MESSAGE][PASSED] - All options with index in [1] are selected on object 'Object Repository/DispensaryToStore/Page_Store/select_--Select--BA1170BA2376B'

2018-06-10 00:39:59 - [TEST_STEP][PASSED] - Statement - Try: null

2018-06-10 00:39:59 - [TEST_STEP][PASSED] - Statement - StockQty = com.kms.katalon.core.webui.keyword.WebUiBuiltInKeywords.getAttribute(com.kms.katalon.core.testobject.ObjectRepository.findTestObject(DispensaryToStore/Page_Store/input_txtprice), "value"): Attribute 'value' of object 'Object Repository/DispensaryToStore/Page_Store/input_txtprice' is: '560'

2018-06-10 00:39:59 - [MESSAGE][PASSED] - Attribute 'value' of object 'Object Repository/DispensaryToStore/Page_Store/input_txtprice' is: '560'

2018-06-10 00:39:59 - [TEST_STEP][PASSED] - Statement - out.println("Stock QTY : " + StockQty): null

2018-06-10 00:39:59 - [TEST_STEP][PASSED] - delay: Delayed 2 second(s)

2018-06-10 00:40:01 - [MESSAGE][PASSED] - Delayed 2 second(s)

2018-06-10 00:40:01 - [TEST_STEP][PASSED] - Statement - If (java.lang.String.valueOf(StockQty) >= java.lang.String.valueOf(RequestedQty)): null

2018-06-10 00:40:01 - [TEST_STEP][PASSED] - setText: Text '10' is set on object 'Object Repository/DispensaryToStore/Page_Store/input_txtqty'

2018-06-10 00:40:02 - [MESSAGE][PASSED] - Text '10' is set on object 'Object Repository/DispensaryToStore/Page_Store/input_txtqty'

2018-06-10 00:40:02 - [TEST_STEP][PASSED] - click: Object: 'Object Repository/DispensaryToStore/Page_Store/button_Add' is clicked on

2018-06-10 00:40:02 - [MESSAGE][PASSED] - Object: 'Object Repository/DispensaryToStore/Page_Store/button_Add' is clicked on

2018-06-10 00:40:02 - [TEST_STEP][PASSED] - Statement - Break: null

2018-06-10 00:40:02 - [TEST_STEP][PASSED] - selectOptionByIndex: All options with index in [2] are selected on object 'Object Repository/DispensaryToStore/Page_Store/select_--Select--Adernaline 0.'

2018-06-10 00:40:02 - [MESSAGE][PASSED] - All options with index in [2] are selected on object 'Object Repository/DispensaryToStore/Page_Store/select_--Select--Adernaline 0.'

2018-06-10 00:40:02 - [TEST_STEP][PASSED] - delay: Delayed 2 second(s)

2018-06-10 00:40:04 - [MESSAGE][PASSED] - Delayed 2 second(s)

2018-06-10 00:40:04 - [TEST_STEP][PASSED] - Statement - RequestedQty = com.kms.katalon.core.webui.keyword.WebUiBuiltInKeywords.getAttribute(com.kms.katalon.core.testobject.ObjectRepository.findTestObject(DispensaryToStore/Page_Store/input_txttotal), "value"): Attribute 'value' of object 'Object Repository/DispensaryToStore/Page_Store/input_txttotal' is: '10'

2018-06-10 00:40:04 - [MESSAGE][PASSED] - Attribute 'value' of object 'Object Repository/DispensaryToStore/Page_Store/input_txttotal' is: '10'

2018-06-10 00:40:04 - [TEST_STEP][PASSED] - Statement - out.println("Requested QTY : " + RequestedQty): null

2018-06-10 00:40:04 - [TEST_STEP][PASSED] - Statement - BatchNumber = com.kms.katalon.core.webui.keyword.WebUiBuiltInKeywords.getNumberOfTotalOption(com.kms.katalon.core.testobject.ObjectRepository.findTestObject(DispensaryToStore/Page_Store/select_--Select--BA1170BA2376B)): 4 options of object 'Object Repository/DispensaryToStore/Page_Store/select_--Select--BA1170BA2376B' counted

2018-06-10 00:40:04 - [MESSAGE][PASSED] - 4 options of object 'Object Repository/DispensaryToStore/Page_Store/select_--Select--BA1170BA2376B' counted

2018-06-10 00:40:04 - [TEST_STEP][PASSED] - Statement - For ([g = 1, g <= BatchNumber - 1, (g++)]): null

2018-06-10 00:40:04 - [TEST_STEP][PASSED] - selectOptionByIndex: All options with index in [1] are selected on object 'Object Repository/DispensaryToStore/Page_Store/select_--Select--BA1170BA2376B'

2018-06-10 00:40:04 - [MESSAGE][PASSED] - All options with index in [1] are selected on object 'Object Repository/DispensaryToStore/Page_Store/select_--Select--BA1170BA2376B'

2018-06-10 00:40:04 - [TEST_STEP][PASSED] - Statement - Try: null

2018-06-10 00:40:04 - [TEST_STEP][PASSED] - Statement - StockQty = com.kms.katalon.core.webui.keyword.WebUiBuiltInKeywords.getAttribute(com.kms.katalon.core.testobject.ObjectRepository.findTestObject(DispensaryToStore/Page_Store/input_txtprice), "value"): Attribute 'value' of object 'Object Repository/DispensaryToStore/Page_Store/input_txtprice' is: '460'

2018-06-10 00:40:04 - [MESSAGE][PASSED] - Attribute 'value' of object 'Object Repository/DispensaryToStore/Page_Store/input_txtprice' is: '460'

2018-06-10 00:40:04 - [TEST_STEP][PASSED] - Statement - out.println("Stock QTY : " + StockQty): null

2018-06-10 00:40:04 - [TEST_STEP][PASSED] - delay: Delayed 2 second(s)

2018-06-10 00:40:06 - [MESSAGE][PASSED] - Delayed 2 second(s)

2018-06-10 00:40:06 - [TEST_STEP][PASSED] - Statement - If (java.lang.String.valueOf(StockQty) >= java.lang.String.valueOf(RequestedQty)): null

2018-06-10 00:40:06 - [TEST_STEP][PASSED] - setText: Text '10' is set on object 'Object Repository/DispensaryToStore/Page_Store/input_txtqty'

2018-06-10 00:40:06 - [MESSAGE][PASSED] - Text '10' is set on object 'Object Repository/DispensaryToStore/Page_Store/input_txtqty'

2018-06-10 00:40:06 - [TEST_STEP][PASSED] - click: Object: 'Object Repository/DispensaryToStore/Page_Store/button_Add' is clicked on

2018-06-10 00:40:06 - [MESSAGE][PASSED] - Object: 'Object Repository/DispensaryToStore/Page_Store/button_Add' is clicked on

2018-06-10 00:40:06 - [TEST_STEP][PASSED] - Statement - Break: null

2018-06-10 00:40:06 - [TEST_STEP][PASSED] - selectOptionByIndex: All options with index in [3] are selected on object 'Object Repository/DispensaryToStore/Page_Store/select_--Select--Adernaline 0.'

2018-06-10 00:40:06 - [MESSAGE][PASSED] - All options with index in [3] are selected on object 'Object Repository/DispensaryToStore/Page_Store/select_--Select--Adernaline 0.'

2018-06-10 00:40:06 - [TEST_STEP][PASSED] - delay: Delayed 2 second(s)

2018-06-10 00:40:08 - [MESSAGE][PASSED] - Delayed 2 second(s)

2018-06-10 00:40:08 - [TEST_STEP][PASSED] - Statement - RequestedQty = com.kms.katalon.core.webui.keyword.WebUiBuiltInKeywords.getAttribute(com.kms.katalon.core.testobject.ObjectRepository.findTestObject(DispensaryToStore/Page_Store/input_txttotal), "value"): Attribute 'value' of object 'Object Repository/DispensaryToStore/Page_Store/input_txttotal' is: '10'

2018-06-10 00:40:08 - [MESSAGE][PASSED] - Attribute 'value' of object 'Object Repository/DispensaryToStore/Page_Store/input_txttotal' is: '10'

2018-06-10 00:40:08 - [TEST_STEP][PASSED] - Statement - out.println("Requested QTY : " + RequestedQty): null

2018-06-10 00:40:08 - [TEST_STEP][PASSED] - Statement - BatchNumber = com.kms.katalon.core.webui.keyword.WebUiBuiltInKeywords.getNumberOfTotalOption(com.kms.katalon.core.testobject.ObjectRepository.findTestObject(DispensaryToStore/Page_Store/select_--Select--BA1170BA2376B)): 5 options of object 'Object Repository/DispensaryToStore/Page_Store/select_--Select--BA1170BA2376B' counted

2018-06-10 00:40:08 - [MESSAGE][PASSED] - 5 options of object 'Object Repository/DispensaryToStore/Page_Store/select_--Select--BA1170BA2376B' counted

2018-06-10 00:40:08 - [TEST_STEP][PASSED] - Statement - For ([g = 1, g <= BatchNumber - 1, (g++)]): null

2018-06-10 00:40:08 - [TEST_STEP][PASSED] - selectOptionByIndex: All options with index in [1] are selected on object 'Object Repository/DispensaryToStore/Page_Store/select_--Select--BA1170BA2376B'

2018-06-10 00:40:09 - [MESSAGE][PASSED] - All options with index in [1] are selected on object 'Object Repository/DispensaryToStore/Page_Store/select_--Select--BA1170BA2376B'

2018-06-10 00:40:09 - [TEST_STEP][PASSED] - Statement - Try: null

2018-06-10 00:40:09 - [TEST_STEP][PASSED] - Statement - StockQty = com.kms.katalon.core.webui.keyword.WebUiBuiltInKeywords.getAttribute(com.kms.katalon.core.testobject.ObjectRepository.findTestObject(DispensaryToStore/Page_Store/input_txtprice), "value"): Attribute 'value' of object 'Object Repository/DispensaryToStore/Page_Store/input_txtprice' is: '370'

2018-06-10 00:40:09 - [MESSAGE][PASSED] - Attribute 'value' of object 'Object Repository/DispensaryToStore/Page_Store/input_txtprice' is: '370'

2018-06-10 00:40:09 - [TEST_STEP][PASSED] - Statement - out.println("Stock QTY : " + StockQty): null

2018-06-10 00:40:09 - [TEST_STEP][PASSED] - delay: Delayed 2 second(s)

2018-06-10 00:40:11 - [MESSAGE][PASSED] - Delayed 2 second(s)

2018-06-10 00:40:11 - [TEST_STEP][PASSED] - Statement - If (java.lang.String.valueOf(StockQty) >= java.lang.String.valueOf(RequestedQty)): null

2018-06-10 00:40:11 - [TEST_STEP][PASSED] - setText: Text '10' is set on object 'Object Repository/DispensaryToStore/Page_Store/input_txtqty'

2018-06-10 00:40:11 - [MESSAGE][PASSED] - Text '10' is set on object 'Object Repository/DispensaryToStore/Page_Store/input_txtqty'

2018-06-10 00:40:11 - [TEST_STEP][PASSED] - click: Object: 'Object Repository/DispensaryToStore/Page_Store/button_Add' is clicked on

2018-06-10 00:40:11 - [MESSAGE][PASSED] - Object: 'Object Repository/DispensaryToStore/Page_Store/button_Add' is clicked on

2018-06-10 00:40:11 - [TEST_STEP][PASSED] - Statement - Break: null

2018-06-10 00:40:11 - [TEST_STEP][PASSED] - selectOptionByIndex: All options with index in [4] are selected on object 'Object Repository/DispensaryToStore/Page_Store/select_--Select--Adernaline 0.'

2018-06-10 00:40:11 - [MESSAGE][PASSED] - All options with index in [4] are selected on object 'Object Repository/DispensaryToStore/Page_Store/select_--Select--Adernaline 0.'

2018-06-10 00:40:11 - [TEST_STEP][PASSED] - delay: Delayed 2 second(s)

2018-06-10 00:40:13 - [MESSAGE][PASSED] - Delayed 2 second(s)

2018-06-10 00:40:13 - [TEST_STEP][PASSED] - Statement - RequestedQty = com.kms.katalon.core.webui.keyword.WebUiBuiltInKeywords.getAttribute(com.kms.katalon.core.testobject.ObjectRepository.findTestObject(DispensaryToStore/Page_Store/input_txttotal), "value"): Attribute 'value' of object 'Object Repository/DispensaryToStore/Page_Store/input_txttotal' is: '10'

2018-06-10 00:40:13 - [MESSAGE][PASSED] - Attribute 'value' of object 'Object Repository/DispensaryToStore/Page_Store/input_txttotal' is: '10'

2018-06-10 00:40:13 - [TEST_STEP][PASSED] - Statement - out.println("Requested QTY : " + RequestedQty): null

2018-06-10 00:40:13 - [TEST_STEP][PASSED] - Statement - BatchNumber = com.kms.katalon.core.webui.keyword.WebUiBuiltInKeywords.getNumberOfTotalOption(com.kms.katalon.core.testobject.ObjectRepository.findTestObject(DispensaryToStore/Page_Store/select_--Select--BA1170BA2376B)): 3 options of object 'Object Repository/DispensaryToStore/Page_Store/select_--Select--BA1170BA2376B' counted

2018-06-10 00:40:13 - [MESSAGE][PASSED] - 3 options of object 'Object Repository/DispensaryToStore/Page_Store/select_--Select--BA1170BA2376B' counted

2018-06-10 00:40:13 - [TEST_STEP][PASSED] - Statement - For ([g = 1, g <= BatchNumber - 1, (g++)]): null

2018-06-10 00:40:13 - [TEST_STEP][PASSED] - selectOptionByIndex: All options with index in [1] are selected on object 'Object Repository/DispensaryToStore/Page_Store/select_--Select--BA1170BA2376B'

2018-06-10 00:40:13 - [MESSAGE][PASSED] - All options with index in [1] are selected on object 'Object Repository/DispensaryToStore/Page_Store/select_--Select--BA1170BA2376B'

2018-06-10 00:40:13 - [TEST_STEP][PASSED] - Statement - Try: null

2018-06-10 00:40:13 - [TEST_STEP][PASSED] - Statement - StockQty = com.kms.katalon.core.webui.keyword.WebUiBuiltInKeywords.getAttribute(com.kms.katalon.core.testobject.ObjectRepository.findTestObject(DispensaryToStore/Page_Store/input_txtprice), "value"): Attribute 'value' of object 'Object Repository/DispensaryToStore/Page_Store/input_txtprice' is: ''

2018-06-10 00:40:13 - [MESSAGE][PASSED] - Attribute 'value' of object 'Object Repository/DispensaryToStore/Page_Store/input_txtprice' is: ''

2018-06-10 00:40:13 - [TEST_STEP][PASSED] - Statement - out.println("Stock QTY : " + StockQty): null

2018-06-10 00:40:13 - [TEST_STEP][PASSED] - delay: Delayed 2 second(s)

2018-06-10 00:40:15 - [MESSAGE][PASSED] - Delayed 2 second(s)

2018-06-10 00:40:15 - [TEST_STEP][PASSED] - Statement - If (java.lang.String.valueOf(StockQty) >= java.lang.String.valueOf(RequestedQty)): null

2018-06-10 00:40:15 - [TEST_STEP][PASSED] - Statement - Else: null

2018-06-10 00:40:15 - [TEST_STEP][PASSED] - Statement - out.println("Stock Is Less Than Requested Qty"): null

2018-06-10 00:40:15 - [TEST_STEP][PASSED] - selectOptionByIndex: All options with index in [2] are selected on object 'Object Repository/DispensaryToStore/Page_Store/select_--Select--BA1170BA2376B'

2018-06-10 00:40:15 - [MESSAGE][PASSED] - All options with index in [2] are selected on object 'Object Repository/DispensaryToStore/Page_Store/select_--Select--BA1170BA2376B'

2018-06-10 00:40:15 - [TEST_STEP][PASSED] - Statement - Try: null

2018-06-10 00:40:15 - [TEST_STEP][PASSED] - Statement - StockQty = com.kms.katalon.core.webui.keyword.WebUiBuiltInKeywords.getAttribute(com.kms.katalon.core.testobject.ObjectRepository.findTestObject(DispensaryToStore/Page_Store/input_txtprice), "value"): Attribute 'value' of object 'Object Repository/DispensaryToStore/Page_Store/input_txtprice' is: '960'

2018-06-10 00:40:15 - [MESSAGE][PASSED] - Attribute 'value' of object 'Object Repository/DispensaryToStore/Page_Store/input_txtprice' is: '960'

2018-06-10 00:40:15 - [TEST_STEP][PASSED] - Statement - out.println("Stock QTY : " + StockQty): null

2018-06-10 00:40:15 - [TEST_STEP][PASSED] - delay: Delayed 2 second(s)

2018-06-10 00:40:17 - [MESSAGE][PASSED] - Delayed 2 second(s)

2018-06-10 00:40:17 - [TEST_STEP][PASSED] - Statement - If (java.lang.String.valueOf(StockQty) >= java.lang.String.valueOf(RequestedQty)): null

2018-06-10 00:40:17 - [TEST_STEP][PASSED] - setText: Text '10' is set on object 'Object Repository/DispensaryToStore/Page_Store/input_txtqty'

2018-06-10 00:40:17 - [MESSAGE][PASSED] - Text '10' is set on object 'Object Repository/DispensaryToStore/Page_Store/input_txtqty'

2018-06-10 00:40:17 - [TEST_STEP][PASSED] - click: Object: 'Object Repository/DispensaryToStore/Page_Store/button_Add' is clicked on

2018-06-10 00:40:17 - [MESSAGE][PASSED] - Object: 'Object Repository/DispensaryToStore/Page_Store/button_Add' is clicked on

2018-06-10 00:40:17 - [TEST_STEP][PASSED] - Statement - Break: null

2018-06-10 00:40:17 - [TEST_STEP][PASSED] - selectOptionByIndex: All options with index in [5] are selected on object 'Object Repository/DispensaryToStore/Page_Store/select_--Select--Adernaline 0.'

2018-06-10 00:40:18 - [MESSAGE][PASSED] - All options with index in [5] are selected on object 'Object Repository/DispensaryToStore/Page_Store/select_--Select--Adernaline 0.'

2018-06-10 00:40:18 - [TEST_STEP][PASSED] - delay: Delayed 2 second(s)

2018-06-10 00:40:20 - [MESSAGE][PASSED] - Delayed 2 second(s)

2018-06-10 00:40:20 - [TEST_STEP][PASSED] - Statement - RequestedQty = com.kms.katalon.core.webui.keyword.WebUiBuiltInKeywords.getAttribute(com.kms.katalon.core.testobject.ObjectRepository.findTestObject(DispensaryToStore/Page_Store/input_txttotal), "value"): Attribute 'value' of object 'Object Repository/DispensaryToStore/Page_Store/input_txttotal' is: '10'

2018-06-10 00:40:20 - [MESSAGE][PASSED] - Attribute 'value' of object 'Object Repository/DispensaryToStore/Page_Store/input_txttotal' is: '10'

2018-06-10 00:40:20 - [TEST_STEP][PASSED] - Statement - out.println("Requested QTY : " + RequestedQty): null

2018-06-10 00:40:20 - [TEST_STEP][PASSED] - Statement - BatchNumber = com.kms.katalon.core.webui.keyword.WebUiBuiltInKeywords.getNumberOfTotalOption(com.kms.katalon.core.testobject.ObjectRepository.findTestObject(DispensaryToStore/Page_Store/select_--Select--BA1170BA2376B)): 4 options of object 'Object Repository/DispensaryToStore/Page_Store/select_--Select--BA1170BA2376B' counted

2018-06-10 00:40:20 - [MESSAGE][PASSED] - 4 options of object 'Object Repository/DispensaryToStore/Page_Store/select_--Select--BA1170BA2376B' counted

2018-06-10 00:40:20 - [TEST_STEP][PASSED] - Statement - For ([g = 1, g <= BatchNumber - 1, (g++)]): null

2018-06-10 00:40:20 - [TEST_STEP][PASSED] - selectOptionByIndex: All options with index in [1] are selected on object 'Object Repository/DispensaryToStore/Page_Store/select_--Select--BA1170BA2376B'

2018-06-10 00:40:20 - [MESSAGE][PASSED] - All options with index in [1] are selected on object 'Object Repository/DispensaryToStore/Page_Store/select_--Select--BA1170BA2376B'

2018-06-10 00:40:20 - [TEST_STEP][PASSED] - Statement - Try: null

2018-06-10 00:40:20 - [TEST_STEP][PASSED] - Statement - StockQty = com.kms.katalon.core.webui.keyword.WebUiBuiltInKeywords.getAttribute(com.kms.katalon.core.testobject.ObjectRepository.findTestObject(DispensaryToStore/Page_Store/input_txtprice), "value"): Attribute 'value' of object 'Object Repository/DispensaryToStore/Page_Store/input_txtprice' is: '370'

2018-06-10 00:40:20 - [MESSAGE][PASSED] - Attribute 'value' of object 'Object Repository/DispensaryToStore/Page_Store/input_txtprice' is: '370'

2018-06-10 00:40:20 - [TEST_STEP][PASSED] - Statement - out.println("Stock QTY : " + StockQty): null

2018-06-10 00:40:20 - [TEST_STEP][PASSED] - delay: Delayed 2 second(s)

2018-06-10 00:40:22 - [MESSAGE][PASSED] - Delayed 2 second(s)

2018-06-10 00:40:22 - [TEST_STEP][PASSED] - Statement - If (java.lang.String.valueOf(StockQty) >= java.lang.String.valueOf(RequestedQty)): null

2018-06-10 00:40:22 - [TEST_STEP][PASSED] - setText: Text '10' is set on object 'Object Repository/DispensaryToStore/Page_Store/input_txtqty'

2018-06-10 00:40:22 - [MESSAGE][PASSED] - Text '10' is set on object 'Object Repository/DispensaryToStore/Page_Store/input_txtqty'

2018-06-10 00:40:22 - [TEST_STEP][PASSED] - click: Object: 'Object Repository/DispensaryToStore/Page_Store/button_Add' is clicked on

2018-06-10 00:40:22 - [MESSAGE][PASSED] - Object: 'Object Repository/DispensaryToStore/Page_Store/button_Add' is clicked on

2018-06-10 00:40:22 - [TEST_STEP][PASSED] - Statement - Break: null

2018-06-10 00:40:22 - [TEST_STEP][PASSED] - selectOptionByIndex: All options with index in [6] are selected on object 'Object Repository/DispensaryToStore/Page_Store/select_--Select--Adernaline 0.'

2018-06-10 00:40:22 - [MESSAGE][PASSED] - All options with index in [6] are selected on object 'Object Repository/DispensaryToStore/Page_Store/select_--Select--Adernaline 0.'

2018-06-10 00:40:22 - [TEST_STEP][PASSED] - delay: Delayed 2 second(s)

2018-06-10 00:40:24 - [MESSAGE][PASSED] - Delayed 2 second(s)

2018-06-10 00:40:24 - [TEST_STEP][PASSED] - Statement - RequestedQty = com.kms.katalon.core.webui.keyword.WebUiBuiltInKeywords.getAttribute(com.kms.katalon.core.testobject.ObjectRepository.findTestObject(DispensaryToStore/Page_Store/input_txttotal), "value"): Attribute 'value' of object 'Object Repository/DispensaryToStore/Page_Store/input_txttotal' is: '10'

2018-06-10 00:40:24 - [MESSAGE][PASSED] - Attribute 'value' of object 'Object Repository/DispensaryToStore/Page_Store/input_txttotal' is: '10'

2018-06-10 00:40:24 - [TEST_STEP][PASSED] - Statement - out.println("Requested QTY : " + RequestedQty): null

2018-06-10 00:40:24 - [TEST_STEP][PASSED] - Statement - BatchNumber = com.kms.katalon.core.webui.keyword.WebUiBuiltInKeywords.getNumberOfTotalOption(com.kms.katalon.core.testobject.ObjectRepository.findTestObject(DispensaryToStore/Page_Store/select_--Select--BA1170BA2376B)): 3 options of object 'Object Repository/DispensaryToStore/Page_Store/select_--Select--BA1170BA2376B' counted

2018-06-10 00:40:24 - [MESSAGE][PASSED] - 3 options of object 'Object Repository/DispensaryToStore/Page_Store/select_--Select--BA1170BA2376B' counted

2018-06-10 00:40:24 - [TEST_STEP][PASSED] - Statement - For ([g = 1, g <= BatchNumber - 1, (g++)]): null

2018-06-10 00:40:24 - [TEST_STEP][PASSED] - selectOptionByIndex: All options with index in [1] are selected on object 'Object Repository/DispensaryToStore/Page_Store/select_--Select--BA1170BA2376B'

2018-06-10 00:40:24 - [MESSAGE][PASSED] - All options with index in [1] are selected on object 'Object Repository/DispensaryToStore/Page_Store/select_--Select--BA1170BA2376B'

2018-06-10 00:40:24 - [TEST_STEP][PASSED] - Statement - Try: null

2018-06-10 00:40:24 - [TEST_STEP][PASSED] - Statement - StockQty = com.kms.katalon.core.webui.keyword.WebUiBuiltInKeywords.getAttribute(com.kms.katalon.core.testobject.ObjectRepository.findTestObject(DispensaryToStore/Page_Store/input_txtprice), "value"): Attribute 'value' of object 'Object Repository/DispensaryToStore/Page_Store/input_txtprice' is: ''

2018-06-10 00:40:24 - [MESSAGE][PASSED] - Attribute 'value' of object 'Object Repository/DispensaryToStore/Page_Store/input_txtprice' is: ''

2018-06-10 00:40:24 - [TEST_STEP][PASSED] - Statement - out.println("Stock QTY : " + StockQty): null

2018-06-10 00:40:24 - [TEST_STEP][PASSED] - delay: Delayed 2 second(s)

2018-06-10 00:40:26 - [MESSAGE][PASSED] - Delayed 2 second(s)

2018-06-10 00:40:26 - [TEST_STEP][PASSED] - Statement - If (java.lang.String.valueOf(StockQty) >= java.lang.String.valueOf(RequestedQty)): null

2018-06-10 00:40:26 - [TEST_STEP][PASSED] - Statement - Else: null

2018-06-10 00:40:26 - [TEST_STEP][PASSED] - Statement - out.println("Stock Is Less Than Requested Qty"): null

2018-06-10 00:40:26 - [TEST_STEP][PASSED] - selectOptionByIndex: All options with index in [2] are selected on object 'Object Repository/DispensaryToStore/Page_Store/select_--Select--BA1170BA2376B'

2018-06-10 00:40:27 - [MESSAGE][PASSED] - All options with index in [2] are selected on object 'Object Repository/DispensaryToStore/Page_Store/select_--Select--BA1170BA2376B'

2018-06-10 00:40:27 - [TEST_STEP][PASSED] - Statement - Try: null

2018-06-10 00:40:27 - [TEST_STEP][PASSED] - Statement - StockQty = com.kms.katalon.core.webui.keyword.WebUiBuiltInKeywords.getAttribute(com.kms.katalon.core.testobject.ObjectRepository.findTestObject(DispensaryToStore/Page_Store/input_txtprice), "value"): Attribute 'value' of object 'Object Repository/DispensaryToStore/Page_Store/input_txtprice' is: '90'

2018-06-10 00:40:27 - [MESSAGE][PASSED] - Attribute 'value' of object 'Object Repository/DispensaryToStore/Page_Store/input_txtprice' is: '90'

2018-06-10 00:40:27 - [TEST_STEP][PASSED] - Statement - out.println("Stock QTY : " + StockQty): null

2018-06-10 00:40:27 - [TEST_STEP][PASSED] - delay: Delayed 2 second(s)

2018-06-10 00:40:29 - [MESSAGE][PASSED] - Delayed 2 second(s)

2018-06-10 00:40:29 - [TEST_STEP][PASSED] - Statement - If (java.lang.String.valueOf(StockQty) >= java.lang.String.valueOf(RequestedQty)): null

2018-06-10 00:40:29 - [TEST_STEP][PASSED] - setText: Text '10' is set on object 'Object Repository/DispensaryToStore/Page_Store/input_txtqty'

2018-06-10 00:40:29 - [MESSAGE][PASSED] - Text '10' is set on object 'Object Repository/DispensaryToStore/Page_Store/input_txtqty'

2018-06-10 00:40:29 - [TEST_STEP][PASSED] - click: Object: 'Object Repository/DispensaryToStore/Page_Store/button_Add' is clicked on

2018-06-10 00:40:29 - [MESSAGE][PASSED] - Object: 'Object Repository/DispensaryToStore/Page_Store/button_Add' is clicked on

2018-06-10 00:40:29 - [TEST_STEP][PASSED] - Statement - Break: null

2018-06-10 00:40:29 - [TEST_STEP][PASSED] - selectOptionByIndex: All options with index in [7] are selected on object 'Object Repository/DispensaryToStore/Page_Store/select_--Select--Adernaline 0.'

2018-06-10 00:40:29 - [MESSAGE][PASSED] - All options with index in [7] are selected on object 'Object Repository/DispensaryToStore/Page_Store/select_--Select--Adernaline 0.'

2018-06-10 00:40:29 - [TEST_STEP][PASSED] - delay: Delayed 2 second(s)

2018-06-10 00:40:31 - [MESSAGE][PASSED] - Delayed 2 second(s)

2018-06-10 00:40:31 - [TEST_STEP][PASSED] - Statement - RequestedQty = com.kms.katalon.core.webui.keyword.WebUiBuiltInKeywords.getAttribute(com.kms.katalon.core.testobject.ObjectRepository.findTestObject(DispensaryToStore/Page_Store/input_txttotal), "value"): Attribute 'value' of object 'Object Repository/DispensaryToStore/Page_Store/input_txttotal' is: '10'

2018-06-10 00:40:31 - [MESSAGE][PASSED] - Attribute 'value' of object 'Object Repository/DispensaryToStore/Page_Store/input_txttotal' is: '10'

2018-06-10 00:40:31 - [TEST_STEP][PASSED] - Statement - out.println("Requested QTY : " + RequestedQty): null

2018-06-10 00:40:31 - [TEST_STEP][PASSED] - Statement - BatchNumber = com.kms.katalon.core.webui.keyword.WebUiBuiltInKeywords.getNumberOfTotalOption(com.kms.katalon.core.testobject.ObjectRepository.findTestObject(DispensaryToStore/Page_Store/select_--Select--BA1170BA2376B)): 3 options of object 'Object Repository/DispensaryToStore/Page_Store/select_--Select--BA1170BA2376B' counted

2018-06-10 00:40:31 - [MESSAGE][PASSED] - 3 options of object 'Object Repository/DispensaryToStore/Page_Store/select_--Select--BA1170BA2376B' counted

2018-06-10 00:40:31 - [TEST_STEP][PASSED] - Statement - For ([g = 1, g <= BatchNumber - 1, (g++)]): null

2018-06-10 00:40:31 - [TEST_STEP][PASSED] - selectOptionByIndex: All options with index in [1] are selected on object 'Object Repository/DispensaryToStore/Page_Store/select_--Select--BA1170BA2376B'

2018-06-10 00:40:31 - [MESSAGE][PASSED] - All options with index in [1] are selected on object 'Object Repository/DispensaryToStore/Page_Store/select_--Select--BA1170BA2376B'

2018-06-10 00:40:31 - [TEST_STEP][PASSED] - Statement - Try: null

2018-06-10 00:40:31 - [TEST_STEP][PASSED] - Statement - StockQty = com.kms.katalon.core.webui.keyword.WebUiBuiltInKeywords.getAttribute(com.kms.katalon.core.testobject.ObjectRepository.findTestObject(DispensaryToStore/Page_Store/input_txtprice), "value"): Attribute 'value' of object 'Object Repository/DispensaryToStore/Page_Store/input_txtprice' is: '466'

2018-06-10 00:40:31 - [MESSAGE][PASSED] - Attribute 'value' of object 'Object Repository/DispensaryToStore/Page_Store/input_txtprice' is: '466'

2018-06-10 00:40:31 - [TEST_STEP][PASSED] - Statement - out.println("Stock QTY : " + StockQty): null

2018-06-10 00:40:31 - [TEST_STEP][PASSED] - delay: Delayed 2 second(s)

2018-06-10 00:40:33 - [MESSAGE][PASSED] - Delayed 2 second(s)

2018-06-10 00:40:33 - [TEST_STEP][PASSED] - Statement - If (java.lang.String.valueOf(StockQty) >= java.lang.String.valueOf(RequestedQty)): null

2018-06-10 00:40:33 - [TEST_STEP][PASSED] - setText: Text '10' is set on object 'Object Repository/DispensaryToStore/Page_Store/input_txtqty'

2018-06-10 00:40:33 - [MESSAGE][PASSED] - Text '10' is set on object 'Object Repository/DispensaryToStore/Page_Store/input_txtqty'

2018-06-10 00:40:33 - [TEST_STEP][PASSED] - click: Object: 'Object Repository/DispensaryToStore/Page_Store/button_Add' is clicked on

2018-06-10 00:40:33 - [MESSAGE][PASSED] - Object: 'Object Repository/DispensaryToStore/Page_Store/button_Add' is clicked on

2018-06-10 00:40:33 - [TEST_STEP][PASSED] - Statement - Break: null

2018-06-10 00:40:33 - [TEST_STEP][PASSED] - selectOptionByIndex: All options with index in [8] are selected on object 'Object Repository/DispensaryToStore/Page_Store/select_--Select--Adernaline 0.'

2018-06-10 00:40:33 - [MESSAGE][PASSED] - All options with index in [8] are selected on object 'Object Repository/DispensaryToStore/Page_Store/select_--Select--Adernaline 0.'

2018-06-10 00:40:33 - [TEST_STEP][PASSED] - delay: Delayed 2 second(s)

2018-06-10 00:40:35 - [MESSAGE][PASSED] - Delayed 2 second(s)

2018-06-10 00:40:35 - [TEST_STEP][PASSED] - Statement - RequestedQty = com.kms.katalon.core.webui.keyword.WebUiBuiltInKeywords.getAttribute(com.kms.katalon.core.testobject.ObjectRepository.findTestObject(DispensaryToStore/Page_Store/input_txttotal), "value"): Attribute 'value' of object 'Object Repository/DispensaryToStore/Page_Store/input_txttotal' is: '10'

2018-06-10 00:40:35 - [MESSAGE][PASSED] - Attribute 'value' of object 'Object Repository/DispensaryToStore/Page_Store/input_txttotal' is: '10'

2018-06-10 00:40:35 - [TEST_STEP][PASSED] - Statement - out.println("Requested QTY : " + RequestedQty): null

2018-06-10 00:40:35 - [TEST_STEP][PASSED] - Statement - BatchNumber = com.kms.katalon.core.webui.keyword.WebUiBuiltInKeywords.getNumberOfTotalOption(com.kms.katalon.core.testobject.ObjectRepository.findTestObject(DispensaryToStore/Page_Store/select_--Select--BA1170BA2376B)): 3 options of object 'Object Repository/DispensaryToStore/Page_Store/select_--Select--BA1170BA2376B' counted

2018-06-10 00:40:36 - [MESSAGE][PASSED] - 3 options of object 'Object Repository/DispensaryToStore/Page_Store/select_--Select--BA1170BA2376B' counted

2018-06-10 00:40:36 - [TEST_STEP][PASSED] - Statement - For ([g = 1, g <= BatchNumber - 1, (g++)]): null

2018-06-10 00:40:36 - [TEST_STEP][PASSED] - selectOptionByIndex: All options with index in [1] are selected on object 'Object Repository/DispensaryToStore/Page_Store/select_--Select--BA1170BA2376B'

2018-06-10 00:40:36 - [MESSAGE][PASSED] - All options with index in [1] are selected on object 'Object Repository/DispensaryToStore/Page_Store/select_--Select--BA1170BA2376B'

2018-06-10 00:40:36 - [TEST_STEP][PASSED] - Statement - Try: null

2018-06-10 00:40:36 - [TEST_STEP][PASSED] - Statement - StockQty = com.kms.katalon.core.webui.keyword.WebUiBuiltInKeywords.getAttribute(com.kms.katalon.core.testobject.ObjectRepository.findTestObject(DispensaryToStore/Page_Store/input_txtprice), "value"): Attribute 'value' of object 'Object Repository/DispensaryToStore/Page_Store/input_txtprice' is: '580'

2018-06-10 00:40:36 - [MESSAGE][PASSED] - Attribute 'value' of object 'Object Repository/DispensaryToStore/Page_Store/input_txtprice' is: '580'

2018-06-10 00:40:36 - [TEST_STEP][PASSED] - Statement - out.println("Stock QTY : " + StockQty): null

2018-06-10 00:40:36 - [TEST_STEP][PASSED] - delay: Delayed 2 second(s)

2018-06-10 00:40:38 - [MESSAGE][PASSED] - Delayed 2 second(s)

2018-06-10 00:40:38 - [TEST_STEP][PASSED] - Statement - If (java.lang.String.valueOf(StockQty) >= java.lang.String.valueOf(RequestedQty)): null

2018-06-10 00:40:38 - [TEST_STEP][PASSED] - setText: Text '10' is set on object 'Object Repository/DispensaryToStore/Page_Store/input_txtqty'

2018-06-10 00:40:38 - [MESSAGE][PASSED] - Text '10' is set on object 'Object Repository/DispensaryToStore/Page_Store/input_txtqty'

2018-06-10 00:40:38 - [TEST_STEP][PASSED] - click: Object: 'Object Repository/DispensaryToStore/Page_Store/button_Add' is clicked on

2018-06-10 00:40:38 - [MESSAGE][PASSED] - Object: 'Object Repository/DispensaryToStore/Page_Store/button_Add' is clicked on

2018-06-10 00:40:38 - [TEST_STEP][PASSED] - Statement - Break: null

2018-06-10 00:40:38 - [TEST_STEP][PASSED] - selectOptionByIndex: All options with index in [9] are selected on object 'Object Repository/DispensaryToStore/Page_Store/select_--Select--Adernaline 0.'

2018-06-10 00:40:38 - [MESSAGE][PASSED] - All options with index in [9] are selected on object 'Object Repository/DispensaryToStore/Page_Store/select_--Select--Adernaline 0.'

2018-06-10 00:40:38 - [TEST_STEP][PASSED] - delay: Delayed 2 second(s)

2018-06-10 00:40:40 - [MESSAGE][PASSED] - Delayed 2 second(s)

2018-06-10 00:40:40 - [TEST_STEP][PASSED] - Statement - RequestedQty = com.kms.katalon.core.webui.keyword.WebUiBuiltInKeywords.getAttribute(com.kms.katalon.core.testobject.ObjectRepository.findTestObject(DispensaryToStore/Page_Store/input_txttotal), "value"): Attribute 'value' of object 'Object Repository/DispensaryToStore/Page_Store/input_txttotal' is: '10'

2018-06-10 00:40:40 - [MESSAGE][PASSED] - Attribute 'value' of object 'Object Repository/DispensaryToStore/Page_Store/input_txttotal' is: '10'

2018-06-10 00:40:40 - [TEST_STEP][PASSED] - Statement - out.println("Requested QTY : " + RequestedQty): null

2018-06-10 00:40:40 - [TEST_STEP][PASSED] - Statement - BatchNumber = com.kms.katalon.core.webui.keyword.WebUiBuiltInKeywords.getNumberOfTotalOption(com.kms.katalon.core.testobject.ObjectRepository.findTestObject(DispensaryToStore/Page_Store/select_--Select--BA1170BA2376B)): 4 options of object 'Object Repository/DispensaryToStore/Page_Store/select_--Select--BA1170BA2376B' counted

2018-06-10 00:40:40 - [MESSAGE][PASSED] - 4 options of object 'Object Repository/DispensaryToStore/Page_Store/select_--Select--BA1170BA2376B' counted

2018-06-10 00:40:40 - [TEST_STEP][PASSED] - Statement - For ([g = 1, g <= BatchNumber - 1, (g++)]): null

2018-06-10 00:40:40 - [TEST_STEP][PASSED] - selectOptionByIndex: All options with index in [1] are selected on object 'Object Repository/DispensaryToStore/Page_Store/select_--Select--BA1170BA2376B'

2018-06-10 00:40:40 - [MESSAGE][PASSED] - All options with index in [1] are selected on object 'Object Repository/DispensaryToStore/Page_Store/select_--Select--BA1170BA2376B'

2018-06-10 00:40:40 - [TEST_STEP][PASSED] - Statement - Try: null

2018-06-10 00:40:40 - [TEST_STEP][PASSED] - Statement - StockQty = com.kms.katalon.core.webui.keyword.WebUiBuiltInKeywords.getAttribute(com.kms.katalon.core.testobject.ObjectRepository.findTestObject(DispensaryToStore/Page_Store/input_txtprice), "value"): Attribute 'value' of object 'Object Repository/DispensaryToStore/Page_Store/input_txtprice' is: '386'

2018-06-10 00:40:40 - [MESSAGE][PASSED] - Attribute 'value' of object 'Object Repository/DispensaryToStore/Page_Store/input_txtprice' is: '386'

2018-06-10 00:40:40 - [TEST_STEP][PASSED] - Statement - out.println("Stock QTY : " + StockQty): null

2018-06-10 00:40:40 - [TEST_STEP][PASSED] - delay: Delayed 2 second(s)

2018-06-10 00:40:42 - [MESSAGE][PASSED] - Delayed 2 second(s)

2018-06-10 00:40:42 - [TEST_STEP][PASSED] - Statement - If (java.lang.String.valueOf(StockQty) >= java.lang.String.valueOf(RequestedQty)): null

2018-06-10 00:40:42 - [TEST_STEP][PASSED] - setText: Text '10' is set on object 'Object Repository/DispensaryToStore/Page_Store/input_txtqty'

2018-06-10 00:40:42 - [MESSAGE][PASSED] - Text '10' is set on object 'Object Repository/DispensaryToStore/Page_Store/input_txtqty'

2018-06-10 00:40:42 - [TEST_STEP][PASSED] - click: Object: 'Object Repository/DispensaryToStore/Page_Store/button_Add' is clicked on

2018-06-10 00:40:42 - [MESSAGE][PASSED] - Object: 'Object Repository/DispensaryToStore/Page_Store/button_Add' is clicked on

2018-06-10 00:40:42 - [TEST_STEP][PASSED] - Statement - Break: null

2018-06-10 00:40:42 - [TEST_STEP][PASSED] - selectOptionByIndex: All options with index in [10] are selected on object 'Object Repository/DispensaryToStore/Page_Store/select_--Select--Adernaline 0.'

2018-06-10 00:40:43 - [MESSAGE][PASSED] - All options with index in [10] are selected on object 'Object Repository/DispensaryToStore/Page_Store/select_--Select--Adernaline 0.'

2018-06-10 00:40:43 - [TEST_STEP][PASSED] - delay: Delayed 2 second(s)

2018-06-10 00:40:45 - [MESSAGE][PASSED] - Delayed 2 second(s)

2018-06-10 00:40:45 - [TEST_STEP][PASSED] - Statement - RequestedQty = com.kms.katalon.core.webui.keyword.WebUiBuiltInKeywords.getAttribute(com.kms.katalon.core.testobject.ObjectRepository.findTestObject(DispensaryToStore/Page_Store/input_txttotal), "value"): Attribute 'value' of object 'Object Repository/DispensaryToStore/Page_Store/input_txttotal' is: '10'

2018-06-10 00:40:45 - [MESSAGE][PASSED] - Attribute 'value' of object 'Object Repository/DispensaryToStore/Page_Store/input_txttotal' is: '10'

2018-06-10 00:40:45 - [TEST_STEP][PASSED] - Statement - out.println("Requested QTY : " + RequestedQty): null

2018-06-10 00:40:45 - [TEST_STEP][PASSED] - Statement - BatchNumber = com.kms.katalon.core.webui.keyword.WebUiBuiltInKeywords.getNumberOfTotalOption(com.kms.katalon.core.testobject.ObjectRepository.findTestObject(DispensaryToStore/Page_Store/select_--Select--BA1170BA2376B)): 4 options of object 'Object Repository/DispensaryToStore/Page_Store/select_--Select--BA1170BA2376B' counted

2018-06-10 00:40:45 - [MESSAGE][PASSED] - 4 options of object 'Object Repository/DispensaryToStore/Page_Store/select_--Select--BA1170BA2376B' counted

2018-06-10 00:40:45 - [TEST_STEP][PASSED] - Statement - For ([g = 1, g <= BatchNumber - 1, (g++)]): null

2018-06-10 00:40:45 - [TEST_STEP][PASSED] - selectOptionByIndex: All options with index in [1] are selected on object 'Object Repository/DispensaryToStore/Page_Store/select_--Select--BA1170BA2376B'

2018-06-10 00:40:45 - [MESSAGE][PASSED] - All options with index in [1] are selected on object 'Object Repository/DispensaryToStore/Page_Store/select_--Select--BA1170BA2376B'

2018-06-10 00:40:45 - [TEST_STEP][PASSED] - Statement - Try: null

2018-06-10 00:40:45 - [TEST_STEP][PASSED] - Statement - StockQty = com.kms.katalon.core.webui.keyword.WebUiBuiltInKeywords.getAttribute(com.kms.katalon.core.testobject.ObjectRepository.findTestObject(DispensaryToStore/Page_Store/input_txtprice), "value"): Attribute 'value' of object 'Object Repository/DispensaryToStore/Page_Store/input_txtprice' is: '280'

2018-06-10 00:40:45 - [MESSAGE][PASSED] - Attribute 'value' of object 'Object Repository/DispensaryToStore/Page_Store/input_txtprice' is: '280'

2018-06-10 00:40:45 - [TEST_STEP][PASSED] - Statement - out.println("Stock QTY : " + StockQty): null

2018-06-10 00:40:45 - [TEST_STEP][PASSED] - delay: Delayed 2 second(s)

2018-06-10 00:40:47 - [MESSAGE][PASSED] - Delayed 2 second(s)

2018-06-10 00:40:47 - [TEST_STEP][PASSED] - Statement - If (java.lang.String.valueOf(StockQty) >= java.lang.String.valueOf(RequestedQty)): null

2018-06-10 00:40:47 - [TEST_STEP][PASSED] - setText: Text '10' is set on object 'Object Repository/DispensaryToStore/Page_Store/input_txtqty'

2018-06-10 00:40:47 - [MESSAGE][PASSED] - Text '10' is set on object 'Object Repository/DispensaryToStore/Page_Store/input_txtqty'

2018-06-10 00:40:47 - [TEST_STEP][PASSED] - click: Object: 'Object Repository/DispensaryToStore/Page_Store/button_Add' is clicked on

2018-06-10 00:40:47 - [MESSAGE][PASSED] - Object: 'Object Repository/DispensaryToStore/Page_Store/button_Add' is clicked on

2018-06-10 00:40:47 - [TEST_STEP][PASSED] - Statement - Break: null

2018-06-10 00:40:47 - [TEST_STEP][PASSED] - selectOptionByIndex: All options with index in [11] are selected on object 'Object Repository/DispensaryToStore/Page_Store/select_--Select--Adernaline 0.'

2018-06-10 00:40:47 - [MESSAGE][PASSED] - All options with index in [11] are selected on object 'Object Repository/DispensaryToStore/Page_Store/select_--Select--Adernaline 0.'

2018-06-10 00:40:47 - [TEST_STEP][PASSED] - delay: Delayed 2 second(s)

2018-06-10 00:40:49 - [MESSAGE][PASSED] - Delayed 2 second(s)

2018-06-10 00:40:49 - [TEST_STEP][PASSED] - Statement - RequestedQty = com.kms.katalon.core.webui.keyword.WebUiBuiltInKeywords.getAttribute(com.kms.katalon.core.testobject.ObjectRepository.findTestObject(DispensaryToStore/Page_Store/input_txttotal), "value"): Attribute 'value' of object 'Object Repository/DispensaryToStore/Page_Store/input_txttotal' is: '10'

2018-06-10 00:40:49 - [MESSAGE][PASSED] - Attribute 'value' of object 'Object Repository/DispensaryToStore/Page_Store/input_txttotal' is: '10'

2018-06-10 00:40:49 - [TEST_STEP][PASSED] - Statement - out.println("Requested QTY : " + RequestedQty): null

2018-06-10 00:40:49 - [TEST_STEP][PASSED] - Statement - BatchNumber = com.kms.katalon.core.webui.keyword.WebUiBuiltInKeywords.getNumberOfTotalOption(com.kms.katalon.core.testobject.ObjectRepository.findTestObject(DispensaryToStore/Page_Store/select_--Select--BA1170BA2376B)): 4 options of object 'Object Repository/DispensaryToStore/Page_Store/select_--Select--BA1170BA2376B' counted

2018-06-10 00:40:49 - [MESSAGE][PASSED] - 4 options of object 'Object Repository/DispensaryToStore/Page_Store/select_--Select--BA1170BA2376B' counted

2018-06-10 00:40:49 - [TEST_STEP][PASSED] - Statement - For ([g = 1, g <= BatchNumber - 1, (g++)]): null

2018-06-10 00:40:49 - [TEST_STEP][PASSED] - selectOptionByIndex: All options with index in [1] are selected on object 'Object Repository/DispensaryToStore/Page_Store/select_--Select--BA1170BA2376B'

2018-06-10 00:40:49 - [MESSAGE][PASSED] - All options with index in [1] are selected on object 'Object Repository/DispensaryToStore/Page_Store/select_--Select--BA1170BA2376B'

2018-06-10 00:40:49 - [TEST_STEP][PASSED] - Statement - Try: null

2018-06-10 00:40:49 - [TEST_STEP][PASSED] - Statement - StockQty = com.kms.katalon.core.webui.keyword.WebUiBuiltInKeywords.getAttribute(com.kms.katalon.core.testobject.ObjectRepository.findTestObject(DispensaryToStore/Page_Store/input_txtprice), "value"): Attribute 'value' of object 'Object Repository/DispensaryToStore/Page_Store/input_txtprice' is: '374'

2018-06-10 00:40:49 - [MESSAGE][PASSED] - Attribute 'value' of object 'Object Repository/DispensaryToStore/Page_Store/input_txtprice' is: '374'

2018-06-10 00:40:49 - [TEST_STEP][PASSED] - Statement - out.println("Stock QTY : " + StockQty): null

2018-06-10 00:40:49 - [TEST_STEP][PASSED] - delay: Delayed 2 second(s)

2018-06-10 00:40:51 - [MESSAGE][PASSED] - Delayed 2 second(s)

2018-06-10 00:40:51 - [TEST_STEP][PASSED] - Statement - If (java.lang.String.valueOf(StockQty) >= java.lang.String.valueOf(RequestedQty)): null

2018-06-10 00:40:51 - [TEST_STEP][PASSED] - setText: Text '10' is set on object 'Object Repository/DispensaryToStore/Page_Store/input_txtqty'

2018-06-10 00:40:52 - [MESSAGE][PASSED] - Text '10' is set on object 'Object Repository/DispensaryToStore/Page_Store/input_txtqty'

2018-06-10 00:40:52 - [TEST_STEP][PASSED] - click: Object: 'Object Repository/DispensaryToStore/Page_Store/button_Add' is clicked on

2018-06-10 00:40:52 - [MESSAGE][PASSED] - Object: 'Object Repository/DispensaryToStore/Page_Store/button_Add' is clicked on

2018-06-10 00:40:52 - [TEST_STEP][PASSED] - Statement - Break: null

2018-06-10 00:40:52 - [TEST_STEP][PASSED] - selectOptionByIndex: All options with index in [12] are selected on object 'Object Repository/DispensaryToStore/Page_Store/select_--Select--Adernaline 0.'

2018-06-10 00:40:52 - [MESSAGE][PASSED] - All options with index in [12] are selected on object 'Object Repository/DispensaryToStore/Page_Store/select_--Select--Adernaline 0.'

2018-06-10 00:40:52 - [TEST_STEP][PASSED] - delay: Delayed 2 second(s)

2018-06-10 00:40:54 - [MESSAGE][PASSED] - Delayed 2 second(s)

2018-06-10 00:40:54 - [TEST_STEP][PASSED] - Statement - RequestedQty = com.kms.katalon.core.webui.keyword.WebUiBuiltInKeywords.getAttribute(com.kms.katalon.core.testobject.ObjectRepository.findTestObject(DispensaryToStore/Page_Store/input_txttotal), "value"): Attribute 'value' of object 'Object Repository/DispensaryToStore/Page_Store/input_txttotal' is: '10'

2018-06-10 00:40:54 - [MESSAGE][PASSED] - Attribute 'value' of object 'Object Repository/DispensaryToStore/Page_Store/input_txttotal' is: '10'

2018-06-10 00:40:54 - [TEST_STEP][PASSED] - Statement - out.println("Requested QTY : " + RequestedQty): null

2018-06-10 00:40:54 - [TEST_STEP][PASSED] - Statement - BatchNumber = com.kms.katalon.core.webui.keyword.WebUiBuiltInKeywords.getNumberOfTotalOption(com.kms.katalon.core.testobject.ObjectRepository.findTestObject(DispensaryToStore/Page_Store/select_--Select--BA1170BA2376B)): 5 options of object 'Object Repository/DispensaryToStore/Page_Store/select_--Select--BA1170BA2376B' counted

2018-06-10 00:40:54 - [MESSAGE][PASSED] - 5 options of object 'Object Repository/DispensaryToStore/Page_Store/select_--Select--BA1170BA2376B' counted

2018-06-10 00:40:54 - [TEST_STEP][PASSED] - Statement - For ([g = 1, g <= BatchNumber - 1, (g++)]): null

2018-06-10 00:40:54 - [TEST_STEP][PASSED] - selectOptionByIndex: All options with index in [1] are selected on object 'Object Repository/DispensaryToStore/Page_Store/select_--Select--BA1170BA2376B'

2018-06-10 00:40:54 - [MESSAGE][PASSED] - All options with index in [1] are selected on object 'Object Repository/DispensaryToStore/Page_Store/select_--Select--BA1170BA2376B'

2018-06-10 00:40:54 - [TEST_STEP][PASSED] - Statement - Try: null

2018-06-10 00:40:54 - [TEST_STEP][PASSED] - Statement - StockQty = com.kms.katalon.core.webui.keyword.WebUiBuiltInKeywords.getAttribute(com.kms.katalon.core.testobject.ObjectRepository.findTestObject(DispensaryToStore/Page_Store/input_txtprice), "value"): Attribute 'value' of object 'Object Repository/DispensaryToStore/Page_Store/input_txtprice' is: '370'

2018-06-10 00:40:54 - [MESSAGE][PASSED] - Attribute 'value' of object 'Object Repository/DispensaryToStore/Page_Store/input_txtprice' is: '370'

2018-06-10 00:40:54 - [TEST_STEP][PASSED] - Statement - out.println("Stock QTY : " + StockQty): null

2018-06-10 00:40:54 - [TEST_STEP][PASSED] - delay: Delayed 2 second(s)

2018-06-10 00:40:56 - [MESSAGE][PASSED] - Delayed 2 second(s)

2018-06-10 00:40:56 - [TEST_STEP][PASSED] - Statement - If (java.lang.String.valueOf(StockQty) >= java.lang.String.valueOf(RequestedQty)): null

2018-06-10 00:40:56 - [TEST_STEP][PASSED] - setText: Text '10' is set on object 'Object Repository/DispensaryToStore/Page_Store/input_txtqty'

2018-06-10 00:40:56 - [MESSAGE][PASSED] - Text '10' is set on object 'Object Repository/DispensaryToStore/Page_Store/input_txtqty'

2018-06-10 00:40:56 - [TEST_STEP][PASSED] - click: Object: 'Object Repository/DispensaryToStore/Page_Store/button_Add' is clicked on

2018-06-10 00:40:56 - [MESSAGE][PASSED] - Object: 'Object Repository/DispensaryToStore/Page_Store/button_Add' is clicked on

2018-06-10 00:40:56 - [TEST_STEP][PASSED] - Statement - Break: null

2018-06-10 00:40:56 - [TEST_STEP][PASSED] - selectOptionByIndex: All options with index in [13] are selected on object 'Object Repository/DispensaryToStore/Page_Store/select_--Select--Adernaline 0.'

2018-06-10 00:40:56 - [MESSAGE][PASSED] - All options with index in [13] are selected on object 'Object Repository/DispensaryToStore/Page_Store/select_--Select--Adernaline 0.'

2018-06-10 00:40:56 - [TEST_STEP][PASSED] - delay: Delayed 2 second(s)

2018-06-10 00:40:58 - [MESSAGE][PASSED] - Delayed 2 second(s)

2018-06-10 00:40:58 - [TEST_STEP][PASSED] - Statement - RequestedQty = com.kms.katalon.core.webui.keyword.WebUiBuiltInKeywords.getAttribute(com.kms.katalon.core.testobject.ObjectRepository.findTestObject(DispensaryToStore/Page_Store/input_txttotal), "value"): Attribute 'value' of object 'Object Repository/DispensaryToStore/Page_Store/input_txttotal' is: '10'

2018-06-10 00:40:59 - [MESSAGE][PASSED] - Attribute 'value' of object 'Object Repository/DispensaryToStore/Page_Store/input_txttotal' is: '10'

2018-06-10 00:40:59 - [TEST_STEP][PASSED] - Statement - out.println("Requested QTY : " + RequestedQty): null

2018-06-10 00:40:59 - [TEST_STEP][PASSED] - Statement - BatchNumber = com.kms.katalon.core.webui.keyword.WebUiBuiltInKeywords.getNumberOfTotalOption(com.kms.katalon.core.testobject.ObjectRepository.findTestObject(DispensaryToStore/Page_Store/select_--Select--BA1170BA2376B)): 3 options of object 'Object Repository/DispensaryToStore/Page_Store/select_--Select--BA1170BA2376B' counted

2018-06-10 00:40:59 - [MESSAGE][PASSED] - 3 options of object 'Object Repository/DispensaryToStore/Page_Store/select_--Select--BA1170BA2376B' counted

2018-06-10 00:40:59 - [TEST_STEP][PASSED] - Statement - For ([g = 1, g <= BatchNumber - 1, (g++)]): null

2018-06-10 00:40:59 - [TEST_STEP][PASSED] - selectOptionByIndex: All options with index in [1] are selected on object 'Object Repository/DispensaryToStore/Page_Store/select_--Select--BA1170BA2376B'

2018-06-10 00:40:59 - [MESSAGE][PASSED] - All options with index in [1] are selected on object 'Object Repository/DispensaryToStore/Page_Store/select_--Select--BA1170BA2376B'

2018-06-10 00:40:59 - [TEST_STEP][PASSED] - Statement - Try: null

2018-06-10 00:40:59 - [TEST_STEP][PASSED] - Statement - StockQty = com.kms.katalon.core.webui.keyword.WebUiBuiltInKeywords.getAttribute(com.kms.katalon.core.testobject.ObjectRepository.findTestObject(DispensaryToStore/Page_Store/input_txtprice), "value"): Attribute 'value' of object 'Object Repository/DispensaryToStore/Page_Store/input_txtprice' is: '1430'

2018-06-10 00:40:59 - [MESSAGE][PASSED] - Attribute 'value' of object 'Object Repository/DispensaryToStore/Page_Store/input_txtprice' is: '1430'

2018-06-10 00:40:59 - [TEST_STEP][PASSED] - Statement - out.println("Stock QTY : " + StockQty): null

2018-06-10 00:40:59 - [TEST_STEP][PASSED] - delay: Delayed 2 second(s)

2018-06-10 00:41:01 - [MESSAGE][PASSED] - Delayed 2 second(s)

2018-06-10 00:41:01 - [TEST_STEP][PASSED] - Statement - If (java.lang.String.valueOf(StockQty) >= java.lang.String.valueOf(RequestedQty)): null

2018-06-10 00:41:01 - [TEST_STEP][PASSED] - setText: Text '10' is set on object 'Object Repository/DispensaryToStore/Page_Store/input_txtqty'

2018-06-10 00:41:01 - [MESSAGE][PASSED] - Text '10' is set on object 'Object Repository/DispensaryToStore/Page_Store/input_txtqty'

2018-06-10 00:41:01 - [TEST_STEP][PASSED] - click: Object: 'Object Repository/DispensaryToStore/Page_Store/button_Add' is clicked on

2018-06-10 00:41:01 - [MESSAGE][PASSED] - Object: 'Object Repository/DispensaryToStore/Page_Store/button_Add' is clicked on

2018-06-10 00:41:01 - [TEST_STEP][PASSED] - Statement - Break: null

2018-06-10 00:41:01 - [TEST_STEP][PASSED] - selectOptionByIndex: All options with index in [14] are selected on object 'Object Repository/DispensaryToStore/Page_Store/select_--Select--Adernaline 0.'

2018-06-10 00:41:01 - [MESSAGE][PASSED] - All options with index in [14] are selected on object 'Object Repository/DispensaryToStore/Page_Store/select_--Select--Adernaline 0.'

2018-06-10 00:41:01 - [TEST_STEP][PASSED] - delay: Delayed 2 second(s)

2018-06-10 00:41:03 - [MESSAGE][PASSED] - Delayed 2 second(s)

2018-06-10 00:41:03 - [TEST_STEP][PASSED] - Statement - RequestedQty = com.kms.katalon.core.webui.keyword.WebUiBuiltInKeywords.getAttribute(com.kms.katalon.core.testobject.ObjectRepository.findTestObject(DispensaryToStore/Page_Store/input_txttotal), "value"): Attribute 'value' of object 'Object Repository/DispensaryToStore/Page_Store/input_txttotal' is: '10'

2018-06-10 00:41:03 - [MESSAGE][PASSED] - Attribute 'value' of object 'Object Repository/DispensaryToStore/Page_Store/input_txttotal' is: '10'

2018-06-10 00:41:03 - [TEST_STEP][PASSED] - Statement - out.println("Requested QTY : " + RequestedQty): null

2018-06-10 00:41:03 - [TEST_STEP][PASSED] - Statement - BatchNumber = com.kms.katalon.core.webui.keyword.WebUiBuiltInKeywords.getNumberOfTotalOption(com.kms.katalon.core.testobject.ObjectRepository.findTestObject(DispensaryToStore/Page_Store/select_--Select--BA1170BA2376B)): 5 options of object 'Object Repository/DispensaryToStore/Page_Store/select_--Select--BA1170BA2376B' counted

2018-06-10 00:41:03 - [MESSAGE][PASSED] - 5 options of object 'Object Repository/DispensaryToStore/Page_Store/select_--Select--BA1170BA2376B' counted

2018-06-10 00:41:03 - [TEST_STEP][PASSED] - Statement - For ([g = 1, g <= BatchNumber - 1, (g++)]): null

2018-06-10 00:41:03 - [TEST_STEP][PASSED] - selectOptionByIndex: All options with index in [1] are selected on object 'Object Repository/DispensaryToStore/Page_Store/select_--Select--BA1170BA2376B'

2018-06-10 00:41:03 - [MESSAGE][PASSED] - All options with index in [1] are selected on object 'Object Repository/DispensaryToStore/Page_Store/select_--Select--BA1170BA2376B'

2018-06-10 00:41:03 - [TEST_STEP][PASSED] - Statement - Try: null

2018-06-10 00:41:03 - [TEST_STEP][PASSED] - Statement - StockQty = com.kms.katalon.core.webui.keyword.WebUiBuiltInKeywords.getAttribute(com.kms.katalon.core.testobject.ObjectRepository.findTestObject(DispensaryToStore/Page_Store/input_txtprice), "value"): Attribute 'value' of object 'Object Repository/DispensaryToStore/Page_Store/input_txtprice' is: '370'

2018-06-10 00:41:03 - [MESSAGE][PASSED] - Attribute 'value' of object 'Object Repository/DispensaryToStore/Page_Store/input_txtprice' is: '370'

2018-06-10 00:41:03 - [TEST_STEP][PASSED] - Statement - out.println("Stock QTY : " + StockQty): null

2018-06-10 00:41:03 - [TEST_STEP][PASSED] - delay: Delayed 2 second(s)

2018-06-10 00:41:05 - [MESSAGE][PASSED] - Delayed 2 second(s)

2018-06-10 00:41:05 - [TEST_STEP][PASSED] - Statement - If (java.lang.String.valueOf(StockQty) >= java.lang.String.valueOf(RequestedQty)): null

2018-06-10 00:41:05 - [TEST_STEP][PASSED] - setText: Text '10' is set on object 'Object Repository/DispensaryToStore/Page_Store/input_txtqty'

2018-06-10 00:41:05 - [MESSAGE][PASSED] - Text '10' is set on object 'Object Repository/DispensaryToStore/Page_Store/input_txtqty'

2018-06-10 00:41:05 - [TEST_STEP][PASSED] - click: Object: 'Object Repository/DispensaryToStore/Page_Store/button_Add' is clicked on

2018-06-10 00:41:05 - [MESSAGE][PASSED] - Object: 'Object Repository/DispensaryToStore/Page_Store/button_Add' is clicked on

2018-06-10 00:41:05 - [TEST_STEP][PASSED] - Statement - Break: null

2018-06-10 00:41:05 - [TEST_STEP][PASSED] - selectOptionByIndex: All options with index in [15] are selected on object 'Object Repository/DispensaryToStore/Page_Store/select_--Select--Adernaline 0.'

2018-06-10 00:41:06 - [MESSAGE][PASSED] - All options with index in [15] are selected on object 'Object Repository/DispensaryToStore/Page_Store/select_--Select--Adernaline 0.'

2018-06-10 00:41:06 - [TEST_STEP][PASSED] - delay: Delayed 2 second(s)

2018-06-10 00:41:08 - [MESSAGE][PASSED] - Delayed 2 second(s)

2018-06-10 00:41:08 - [TEST_STEP][PASSED] - Statement - RequestedQty = com.kms.katalon.core.webui.keyword.WebUiBuiltInKeywords.getAttribute(com.kms.katalon.core.testobject.ObjectRepository.findTestObject(DispensaryToStore/Page_Store/input_txttotal), "value"): Attribute 'value' of object 'Object Repository/DispensaryToStore/Page_Store/input_txttotal' is: '10'

2018-06-10 00:41:08 - [MESSAGE][PASSED] - Attribute 'value' of object 'Object Repository/DispensaryToStore/Page_Store/input_txttotal' is: '10'

2018-06-10 00:41:08 - [TEST_STEP][PASSED] - Statement - out.println("Requested QTY : " + RequestedQty): null

2018-06-10 00:41:08 - [TEST_STEP][PASSED] - Statement - BatchNumber = com.kms.katalon.core.webui.keyword.WebUiBuiltInKeywords.getNumberOfTotalOption(com.kms.katalon.core.testobject.ObjectRepository.findTestObject(DispensaryToStore/Page_Store/select_--Select--BA1170BA2376B)): 5 options of object 'Object Repository/DispensaryToStore/Page_Store/select_--Select--BA1170BA2376B' counted

2018-06-10 00:41:08 - [MESSAGE][PASSED] - 5 options of object 'Object Repository/DispensaryToStore/Page_Store/select_--Select--BA1170BA2376B' counted

2018-06-10 00:41:08 - [TEST_STEP][PASSED] - Statement - For ([g = 1, g <= BatchNumber - 1, (g++)]): null

2018-06-10 00:41:08 - [TEST_STEP][PASSED] - selectOptionByIndex: All options with index in [1] are selected on object 'Object Repository/DispensaryToStore/Page_Store/select_--Select--BA1170BA2376B'

2018-06-10 00:41:08 - [MESSAGE][PASSED] - All options with index in [1] are selected on object 'Object Repository/DispensaryToStore/Page_Store/select_--Select--BA1170BA2376B'

2018-06-10 00:41:08 - [TEST_STEP][PASSED] - Statement - Try: null

2018-06-10 00:41:08 - [TEST_STEP][PASSED] - Statement - StockQty = com.kms.katalon.core.webui.keyword.WebUiBuiltInKeywords.getAttribute(com.kms.katalon.core.testobject.ObjectRepository.findTestObject(DispensaryToStore/Page_Store/input_txtprice), "value"): Attribute 'value' of object 'Object Repository/DispensaryToStore/Page_Store/input_txtprice' is: '370'

2018-06-10 00:41:08 - [MESSAGE][PASSED] - Attribute 'value' of object 'Object Repository/DispensaryToStore/Page_Store/input_txtprice' is: '370'

2018-06-10 00:41:08 - [TEST_STEP][PASSED] - Statement - out.println("Stock QTY : " + StockQty): null

2018-06-10 00:41:08 - [TEST_STEP][PASSED] - delay: Delayed 2 second(s)

2018-06-10 00:41:10 - [MESSAGE][PASSED] - Delayed 2 second(s)

2018-06-10 00:41:10 - [TEST_STEP][PASSED] - Statement - If (java.lang.String.valueOf(StockQty) >= java.lang.String.valueOf(RequestedQty)): null

2018-06-10 00:41:10 - [TEST_STEP][PASSED] - setText: Text '10' is set on object 'Object Repository/DispensaryToStore/Page_Store/input_txtqty'

2018-06-10 00:41:10 - [MESSAGE][PASSED] - Text '10' is set on object 'Object Repository/DispensaryToStore/Page_Store/input_txtqty'

2018-06-10 00:41:10 - [TEST_STEP][PASSED] - click: Object: 'Object Repository/DispensaryToStore/Page_Store/button_Add' is clicked on

2018-06-10 00:41:10 - [MESSAGE][PASSED] - Object: 'Object Repository/DispensaryToStore/Page_Store/button_Add' is clicked on

2018-06-10 00:41:10 - [TEST_STEP][PASSED] - Statement - Break: null

2018-06-10 00:41:10 - [TEST_STEP][PASSED] - selectOptionByIndex: All options with index in [16] are selected on object 'Object Repository/DispensaryToStore/Page_Store/select_--Select--Adernaline 0.'

2018-06-10 00:41:10 - [MESSAGE][PASSED] - All options with index in [16] are selected on object 'Object Repository/DispensaryToStore/Page_Store/select_--Select--Adernaline 0.'

2018-06-10 00:41:10 - [TEST_STEP][PASSED] - delay: Delayed 2 second(s)

2018-06-10 00:41:12 - [MESSAGE][PASSED] - Delayed 2 second(s)

2018-06-10 00:41:12 - [TEST_STEP][PASSED] - Statement - RequestedQty = com.kms.katalon.core.webui.keyword.WebUiBuiltInKeywords.getAttribute(com.kms.katalon.core.testobject.ObjectRepository.findTestObject(DispensaryToStore/Page_Store/input_txttotal), "value"): Attribute 'value' of object 'Object Repository/DispensaryToStore/Page_Store/input_txttotal' is: '10'

2018-06-10 00:41:12 - [MESSAGE][PASSED] - Attribute 'value' of object 'Object Repository/DispensaryToStore/Page_Store/input_txttotal' is: '10'

2018-06-10 00:41:12 - [TEST_STEP][PASSED] - Statement - out.println("Requested QTY : " + RequestedQty): null

2018-06-10 00:41:12 - [TEST_STEP][PASSED] - Statement - BatchNumber = com.kms.katalon.core.webui.keyword.WebUiBuiltInKeywords.getNumberOfTotalOption(com.kms.katalon.core.testobject.ObjectRepository.findTestObject(DispensaryToStore/Page_Store/select_--Select--BA1170BA2376B)): 3 options of object 'Object Repository/DispensaryToStore/Page_Store/select_--Select--BA1170BA2376B' counted

2018-06-10 00:41:12 - [MESSAGE][PASSED] - 3 options of object 'Object Repository/DispensaryToStore/Page_Store/select_--Select--BA1170BA2376B' counted

2018-06-10 00:41:12 - [TEST_STEP][PASSED] - Statement - For ([g = 1, g <= BatchNumber - 1, (g++)]): null

2018-06-10 00:41:12 - [TEST_STEP][PASSED] - selectOptionByIndex: All options with index in [1] are selected on object 'Object Repository/DispensaryToStore/Page_Store/select_--Select--BA1170BA2376B'

2018-06-10 00:41:13 - [MESSAGE][PASSED] - All options with index in [1] are selected on object 'Object Repository/DispensaryToStore/Page_Store/select_--Select--BA1170BA2376B'

2018-06-10 00:41:13 - [TEST_STEP][PASSED] - Statement - Try: null

2018-06-10 00:41:13 - [TEST_STEP][PASSED] - Statement - StockQty = com.kms.katalon.core.webui.keyword.WebUiBuiltInKeywords.getAttribute(com.kms.katalon.core.testobject.ObjectRepository.findTestObject(DispensaryToStore/Page_Store/input_txtprice), "value"): Attribute 'value' of object 'Object Repository/DispensaryToStore/Page_Store/input_txtprice' is: '570'

2018-06-10 00:41:13 - [MESSAGE][PASSED] - Attribute 'value' of object 'Object Repository/DispensaryToStore/Page_Store/input_txtprice' is: '570'

2018-06-10 00:41:13 - [TEST_STEP][PASSED] - Statement - out.println("Stock QTY : " + StockQty): null

2018-06-10 00:41:13 - [TEST_STEP][PASSED] - delay: Delayed 2 second(s)

2018-06-10 00:41:15 - [MESSAGE][PASSED] - Delayed 2 second(s)

2018-06-10 00:41:15 - [TEST_STEP][PASSED] - Statement - If (java.lang.String.valueOf(StockQty) >= java.lang.String.valueOf(RequestedQty)): null

2018-06-10 00:41:15 - [TEST_STEP][PASSED] - setText: Text '10' is set on object 'Object Repository/DispensaryToStore/Page_Store/input_txtqty'

2018-06-10 00:41:15 - [MESSAGE][PASSED] - Text '10' is set on object 'Object Repository/DispensaryToStore/Page_Store/input_txtqty'

2018-06-10 00:41:15 - [TEST_STEP][PASSED] - click: Object: 'Object Repository/DispensaryToStore/Page_Store/button_Add' is clicked on

2018-06-10 00:41:15 - [MESSAGE][PASSED] - Object: 'Object Repository/DispensaryToStore/Page_Store/button_Add' is clicked on

2018-06-10 00:41:15 - [TEST_STEP][PASSED] - Statement - Break: null

2018-06-10 00:41:15 - [TEST_STEP][PASSED] - selectOptionByIndex: All options with index in [17] are selected on object 'Object Repository/DispensaryToStore/Page_Store/select_--Select--Adernaline 0.'

2018-06-10 00:41:15 - [MESSAGE][PASSED] - All options with index in [17] are selected on object 'Object Repository/DispensaryToStore/Page_Store/select_--Select--Adernaline 0.'

2018-06-10 00:41:15 - [TEST_STEP][PASSED] - delay: Delayed 2 second(s)

2018-06-10 00:41:17 - [MESSAGE][PASSED] - Delayed 2 second(s)

2018-06-10 00:41:17 - [TEST_STEP][PASSED] - Statement - RequestedQty = com.kms.katalon.core.webui.keyword.WebUiBuiltInKeywords.getAttribute(com.kms.katalon.core.testobject.ObjectRepository.findTestObject(DispensaryToStore/Page_Store/input_txttotal), "value"): Attribute 'value' of object 'Object Repository/DispensaryToStore/Page_Store/input_txttotal' is: '10'

2018-06-10 00:41:17 - [MESSAGE][PASSED] - Attribute 'value' of object 'Object Repository/DispensaryToStore/Page_Store/input_txttotal' is: '10'

2018-06-10 00:41:17 - [TEST_STEP][PASSED] - Statement - out.println("Requested QTY : " + RequestedQty): null

2018-06-10 00:41:17 - [TEST_STEP][PASSED] - Statement - BatchNumber = com.kms.katalon.core.webui.keyword.WebUiBuiltInKeywords.getNumberOfTotalOption(com.kms.katalon.core.testobject.ObjectRepository.findTestObject(DispensaryToStore/Page_Store/select_--Select--BA1170BA2376B)): 3 options of object 'Object Repository/DispensaryToStore/Page_Store/select_--Select--BA1170BA2376B' counted

2018-06-10 00:41:17 - [MESSAGE][PASSED] - 3 options of object 'Object Repository/DispensaryToStore/Page_Store/select_--Select--BA1170BA2376B' counted

2018-06-10 00:41:17 - [TEST_STEP][PASSED] - Statement - For ([g = 1, g <= BatchNumber - 1, (g++)]): null

2018-06-10 00:41:17 - [TEST_STEP][PASSED] - selectOptionByIndex: All options with index in [1] are selected on object 'Object Repository/DispensaryToStore/Page_Store/select_--Select--BA1170BA2376B'

2018-06-10 00:41:17 - [MESSAGE][PASSED] - All options with index in [1] are selected on object 'Object Repository/DispensaryToStore/Page_Store/select_--Select--BA1170BA2376B'

2018-06-10 00:41:17 - [TEST_STEP][PASSED] - Statement - Try: null

2018-06-10 00:41:17 - [TEST_STEP][PASSED] - Statement - StockQty = com.kms.katalon.core.webui.keyword.WebUiBuiltInKeywords.getAttribute(com.kms.katalon.core.testobject.ObjectRepository.findTestObject(DispensaryToStore/Page_Store/input_txtprice), "value"): Attribute 'value' of object 'Object Repository/DispensaryToStore/Page_Store/input_txtprice' is: ''

2018-06-10 00:41:17 - [MESSAGE][PASSED] - Attribute 'value' of object 'Object Repository/DispensaryToStore/Page_Store/input_txtprice' is: ''

2018-06-10 00:41:17 - [TEST_STEP][PASSED] - Statement - out.println("Stock QTY : " + StockQty): null

2018-06-10 00:41:17 - [TEST_STEP][PASSED] - delay: Delayed 2 second(s)

2018-06-10 00:41:19 - [MESSAGE][PASSED] - Delayed 2 second(s)

2018-06-10 00:41:19 - [TEST_STEP][PASSED] - Statement - If (java.lang.String.valueOf(StockQty) >= java.lang.String.valueOf(RequestedQty)): null

2018-06-10 00:41:19 - [TEST_STEP][PASSED] - Statement - Else: null

2018-06-10 00:41:19 - [TEST_STEP][PASSED] - Statement - out.println("Stock Is Less Than Requested Qty"): null

2018-06-10 00:41:19 - [TEST_STEP][PASSED] - selectOptionByIndex: All options with index in [2] are selected on object 'Object Repository/DispensaryToStore/Page_Store/select_--Select--BA1170BA2376B'

2018-06-10 00:41:19 - [MESSAGE][PASSED] - All options with index in [2] are selected on object 'Object Repository/DispensaryToStore/Page_Store/select_--Select--BA1170BA2376B'

2018-06-10 00:41:19 - [TEST_STEP][PASSED] - Statement - Try: null

2018-06-10 00:41:19 - [TEST_STEP][PASSED] - Statement - StockQty = com.kms.katalon.core.webui.keyword.WebUiBuiltInKeywords.getAttribute(com.kms.katalon.core.testobject.ObjectRepository.findTestObject(DispensaryToStore/Page_Store/input_txtprice), "value"): Attribute 'value' of object 'Object Repository/DispensaryToStore/Page_Store/input_txtprice' is: '100'

2018-06-10 00:41:19 - [MESSAGE][PASSED] - Attribute 'value' of object 'Object Repository/DispensaryToStore/Page_Store/input_txtprice' is: '100'

2018-06-10 00:41:19 - [TEST_STEP][PASSED] - Statement - out.println("Stock QTY : " + StockQty): null

2018-06-10 00:41:19 - [TEST_STEP][PASSED] - delay: Delayed 2 second(s)

2018-06-10 00:41:21 - [MESSAGE][PASSED] - Delayed 2 second(s)

2018-06-10 00:41:21 - [TEST_STEP][PASSED] - Statement - If (java.lang.String.valueOf(StockQty) >= java.lang.String.valueOf(RequestedQty)): null

2018-06-10 00:41:21 - [TEST_STEP][PASSED] - setText: Text '10' is set on object 'Object Repository/DispensaryToStore/Page_Store/input_txtqty'

2018-06-10 00:41:22 - [MESSAGE][PASSED] - Text '10' is set on object 'Object Repository/DispensaryToStore/Page_Store/input_txtqty'

2018-06-10 00:41:22 - [TEST_STEP][PASSED] - click: Object: 'Object Repository/DispensaryToStore/Page_Store/button_Add' is clicked on

2018-06-10 00:41:22 - [MESSAGE][PASSED] - Object: 'Object Repository/DispensaryToStore/Page_Store/button_Add' is clicked on

2018-06-10 00:41:22 - [TEST_STEP][PASSED] - Statement - Break: null

2018-06-10 00:41:22 - [TEST_STEP][PASSED] - selectOptionByIndex: All options with index in [18] are selected on object 'Object Repository/DispensaryToStore/Page_Store/select_--Select--Adernaline 0.'

2018-06-10 00:41:22 - [MESSAGE][PASSED] - All options with index in [18] are selected on object 'Object Repository/DispensaryToStore/Page_Store/select_--Select--Adernaline 0.'

2018-06-10 00:41:22 - [TEST_STEP][PASSED] - delay: Delayed 2 second(s)

2018-06-10 00:41:24 - [MESSAGE][PASSED] - Delayed 2 second(s)

2018-06-10 00:41:24 - [TEST_STEP][PASSED] - Statement - RequestedQty = com.kms.katalon.core.webui.keyword.WebUiBuiltInKeywords.getAttribute(com.kms.katalon.core.testobject.ObjectRepository.findTestObject(DispensaryToStore/Page_Store/input_txttotal), "value"): Attribute 'value' of object 'Object Repository/DispensaryToStore/Page_Store/input_txttotal' is: '10'

2018-06-10 00:41:24 - [MESSAGE][PASSED] - Attribute 'value' of object 'Object Repository/DispensaryToStore/Page_Store/input_txttotal' is: '10'

2018-06-10 00:41:24 - [TEST_STEP][PASSED] - Statement - out.println("Requested QTY : " + RequestedQty): null

2018-06-10 00:41:24 - [TEST_STEP][PASSED] - Statement - BatchNumber = com.kms.katalon.core.webui.keyword.WebUiBuiltInKeywords.getNumberOfTotalOption(com.kms.katalon.core.testobject.ObjectRepository.findTestObject(DispensaryToStore/Page_Store/select_--Select--BA1170BA2376B)): 4 options of object 'Object Repository/DispensaryToStore/Page_Store/select_--Select--BA1170BA2376B' counted

2018-06-10 00:41:24 - [MESSAGE][PASSED] - 4 options of object 'Object Repository/DispensaryToStore/Page_Store/select_--Select--BA1170BA2376B' counted

2018-06-10 00:41:24 - [TEST_STEP][PASSED] - Statement - For ([g = 1, g <= BatchNumber - 1, (g++)]): null

2018-06-10 00:41:24 - [TEST_STEP][PASSED] - selectOptionByIndex: All options with index in [1] are selected on object 'Object Repository/DispensaryToStore/Page_Store/select_--Select--BA1170BA2376B'

2018-06-10 00:41:24 - [MESSAGE][PASSED] - All options with index in [1] are selected on object 'Object Repository/DispensaryToStore/Page_Store/select_--Select--BA1170BA2376B'

2018-06-10 00:41:24 - [TEST_STEP][PASSED] - Statement - Try: null

2018-06-10 00:41:24 - [TEST_STEP][PASSED] - Statement - StockQty = com.kms.katalon.core.webui.keyword.WebUiBuiltInKeywords.getAttribute(com.kms.katalon.core.testobject.ObjectRepository.findTestObject(DispensaryToStore/Page_Store/input_txtprice), "value"): Attribute 'value' of object 'Object Repository/DispensaryToStore/Page_Store/input_txtprice' is: '470'

2018-06-10 00:41:24 - [MESSAGE][PASSED] - Attribute 'value' of object 'Object Repository/DispensaryToStore/Page_Store/input_txtprice' is: '470'

2018-06-10 00:41:24 - [TEST_STEP][PASSED] - Statement - out.println("Stock QTY : " + StockQty): null

2018-06-10 00:41:24 - [TEST_STEP][PASSED] - delay: Delayed 2 second(s)

2018-06-10 00:41:26 - [MESSAGE][PASSED] - Delayed 2 second(s)

2018-06-10 00:41:26 - [TEST_STEP][PASSED] - Statement - If (java.lang.String.valueOf(StockQty) >= java.lang.String.valueOf(RequestedQty)): null

2018-06-10 00:41:26 - [TEST_STEP][PASSED] - setText: Text '10' is set on object 'Object Repository/DispensaryToStore/Page_Store/input_txtqty'

2018-06-10 00:41:26 - [MESSAGE][PASSED] - Text '10' is set on object 'Object Repository/DispensaryToStore/Page_Store/input_txtqty'

2018-06-10 00:41:26 - [TEST_STEP][PASSED] - click: Object: 'Object Repository/DispensaryToStore/Page_Store/button_Add' is clicked on

2018-06-10 00:41:26 - [MESSAGE][PASSED] - Object: 'Object Repository/DispensaryToStore/Page_Store/button_Add' is clicked on

2018-06-10 00:41:26 - [TEST_STEP][PASSED] - Statement - Break: null

2018-06-10 00:41:26 - [TEST_STEP][PASSED] - scrollToElement: Scroll to object 'Object Repository/DispensaryToStore/Page_Store/input_btnSubmit' successfully

2018-06-10 00:41:26 - [MESSAGE][PASSED] - Scroll to object 'Object Repository/DispensaryToStore/Page_Store/input_btnSubmit' successfully

2018-06-10 00:41:26 - [TEST_STEP][PASSED] - click: Object: 'Object Repository/DispensaryToStore/Page_Store/input_btnSubmit' is clicked on

2018-06-10 00:41:26 - [MESSAGE][PASSED] - Object: 'Object Repository/DispensaryToStore/Page_Store/input_btnSubmit' is clicked on

2018-06-10 00:41:26 - [TEST_STEP][PASSED] - delay: Delayed 3 second(s)

2018-06-10 00:41:29 - [MESSAGE][PASSED] - Delayed 3 second(s)

2018-06-10 00:41:29 - [TEST_STEP][PASSED] - click: Object: 'Object Repository/DispensaryToStore/Page_Store/button_OK' is clicked on

2018-06-10 00:41:30 - [MESSAGE][PASSED] - Object: 'Object Repository/DispensaryToStore/Page_Store/button_OK' is clicked on

2018-06-10 00:41:30 - [TEST_STEP][PASSED] - delay: Delayed 3 second(s)

2018-06-10 00:41:33 - [MESSAGE][PASSED] - Delayed 3 second(s)

2018-06-10 00:41:33 - [TEST_STEP][PASSED] - click: Object: 'Object Repository/DispensaryToStore/Page_Store/a_dropdown-toggle' is clicked on

2018-06-10 00:41:33 - [MESSAGE][PASSED] - Object: 'Object Repository/DispensaryToStore/Page_Store/a_dropdown-toggle' is clicked on

2018-06-10 00:41:33 - [TEST_STEP][PASSED] - click: Object: 'Object Repository/DispensaryToStore/Page_Store/a_Sign out' is clicked on

2018-06-10 00:41:34 - [MESSAGE][PASSED] - Object: 'Object Repository/DispensaryToStore/Page_Store/a_Sign out' is clicked on

2018-06-10 00:41:34 - [TEST_STEP][PASSED] - closeBrowser: Browser is closed

2018-06-10 00:41:34 - [MESSAGE][PASSED] - Browser is closed]]></system-out>
         <system-err><![CDATA[]]></system-err>
      </testcase>
      <testcase name="Test Cases/DISPENSARY TEST CASES/TC_DP_011 Verify Schedule 11 Dispensary Request Are Working Successfully Or Not" classname="Test Cases/DISPENSARY TEST CASES/TC_DP_011 Verify Schedule 11 Dispensary Request Are Working Successfully Or Not" status="PASSED">
         <system-out><![CDATA[2018-06-10 00:41:34 - [TEST_CASE][PASSED] - Test Cases/DISPENSARY TEST CASES/TC_DP_011 Verify Schedule 11 Dispensary Request Are Working Successfully Or Not: Test Cases/DISPENSARY TEST CASES/TC_DP_011 Verify Schedule 11 Dispensary Request Are Working Successfully Or Not

2018-06-10 00:41:35 - [TEST_STEP][PASSED] - openBrowser: Browser is opened with url: ''

2018-06-10 00:41:37 - [MESSAGE][PASSED] - Browser is opened with url: ''

2018-06-10 00:41:37 - [TEST_STEP][PASSED] - navigateToUrl: Navigate to 'http://192.168.137.1/multihospital_new/HDSplashscreen.aspx' successfully

2018-06-10 00:41:39 - [MESSAGE][PASSED] - Navigate to 'http://192.168.137.1/multihospital_new/HDSplashscreen.aspx' successfully

2018-06-10 00:41:39 - [TEST_STEP][PASSED] - maximizeWindow: Current window maximized

2018-06-10 00:41:40 - [MESSAGE][PASSED] - Current window maximized

2018-06-10 00:41:40 - [TEST_STEP][PASSED] - click: Object: 'Object Repository/DispensaryToStore/Page_KDMC/a_Dispensary Store' is clicked on

2018-06-10 00:41:41 - [MESSAGE][PASSED] - Object: 'Object Repository/DispensaryToStore/Page_KDMC/a_Dispensary Store' is clicked on

2018-06-10 00:41:41 - [TEST_STEP][PASSED] - setText: Text 'rajaram' is set on object 'Object Repository/DispensaryToStore/Page_Dispensary Store Login/input_txtusername'

2018-06-10 00:41:41 - [MESSAGE][PASSED] - Text 'rajaram' is set on object 'Object Repository/DispensaryToStore/Page_Dispensary Store Login/input_txtusername'

2018-06-10 00:41:41 - [TEST_STEP][PASSED] - setText: Text '123' is set on object 'Object Repository/DispensaryToStore/Page_Dispensary Store Login/input_txtpassword'

2018-06-10 00:41:41 - [MESSAGE][PASSED] - Text '123' is set on object 'Object Repository/DispensaryToStore/Page_Dispensary Store Login/input_txtpassword'

2018-06-10 00:41:41 - [TEST_STEP][PASSED] - delay: Delayed 3 second(s)

2018-06-10 00:41:44 - [MESSAGE][PASSED] - Delayed 3 second(s)

2018-06-10 00:41:44 - [TEST_STEP][PASSED] - sendKeys: Keys 'ENTER + ' sent to object: 'Object Repository/DispensaryToStore/Page_Dispensary Store Login/input_txtpassword'

2018-06-10 00:41:44 - [MESSAGE][PASSED] - Keys 'ENTER + ' sent to object: 'Object Repository/DispensaryToStore/Page_Dispensary Store Login/input_txtpassword'

2018-06-10 00:41:44 - [TEST_STEP][PASSED] - delay: Delayed 3 second(s)

2018-06-10 00:41:47 - [MESSAGE][PASSED] - Delayed 3 second(s)

2018-06-10 00:41:47 - [TEST_STEP][PASSED] - click: Object: 'Object Repository/DispensaryToStore/Page_Dispensary Store/a_Request to Store' is clicked on

2018-06-10 00:41:47 - [MESSAGE][PASSED] - Object: 'Object Repository/DispensaryToStore/Page_Dispensary Store/a_Request to Store' is clicked on

2018-06-10 00:41:47 - [TEST_STEP][PASSED] - click: Object: 'Object Repository/DispensaryToStore/Page_Dispensary Store/a_Medicine Request' is clicked on

2018-06-10 00:41:48 - [MESSAGE][PASSED] - Object: 'Object Repository/DispensaryToStore/Page_Dispensary Store/a_Medicine Request' is clicked on

2018-06-10 00:41:48 - [TEST_STEP][PASSED] - selectOptionByIndex: All options with index in [11] are selected on object 'Object Repository/DispensaryToStore/Page_Dispensary Store/select_--Select--Schedule 1Inj'

2018-06-10 00:41:48 - [MESSAGE][PASSED] - All options with index in [11] are selected on object 'Object Repository/DispensaryToStore/Page_Dispensary Store/select_--Select--Schedule 1Inj'

2018-06-10 00:41:48 - [TEST_STEP][PASSED] - Statement - medicineslength = com.kms.katalon.core.webui.keyword.WebUiBuiltInKeywords.getNumberOfTotalOption(com.kms.katalon.core.testobject.ObjectRepository.findTestObject(DispensaryToStore/Page_Dispensary Store/select_--Select--Adernaline 0.)): 81 options of object 'Object Repository/DispensaryToStore/Page_Dispensary Store/select_--Select--Adernaline 0.' counted

2018-06-10 00:41:48 - [MESSAGE][PASSED] - 81 options of object 'Object Repository/DispensaryToStore/Page_Dispensary Store/select_--Select--Adernaline 0.' counted

2018-06-10 00:41:48 - [TEST_STEP][PASSED] - Statement - For ([e = 1, e <= medicineslength - 1, (e++)]): Delayed 1 second(s)

2018-06-10 00:41:48 - [TEST_STEP][PASSED] - selectOptionByIndex: All options with index in [11] are selected on object 'Object Repository/DispensaryToStore/Page_Dispensary Store/select_--Select--Schedule 1Inj'

2018-06-10 00:41:49 - [MESSAGE][PASSED] - All options with index in [11] are selected on object 'Object Repository/DispensaryToStore/Page_Dispensary Store/select_--Select--Schedule 1Inj'

2018-06-10 00:41:49 - [TEST_STEP][PASSED] - delay: Delayed 1 second(s)

2018-06-10 00:41:50 - [MESSAGE][PASSED] - Delayed 1 second(s)

2018-06-10 00:41:50 - [TEST_STEP][PASSED] - selectOptionByIndex: All options with index in [1] are selected on object 'Object Repository/DispensaryToStore/Page_Dispensary Store/select_--Select--Adernaline 0.'

2018-06-10 00:41:50 - [MESSAGE][PASSED] - All options with index in [1] are selected on object 'Object Repository/DispensaryToStore/Page_Dispensary Store/select_--Select--Adernaline 0.'

2018-06-10 00:41:50 - [TEST_STEP][PASSED] - delay: Delayed 1 second(s)

2018-06-10 00:41:51 - [MESSAGE][PASSED] - Delayed 1 second(s)

2018-06-10 00:41:51 - [TEST_STEP][PASSED] - setText: Text '10' is set on object 'Object Repository/DispensaryToStore/Page_Dispensary Store/input_txttreat'

2018-06-10 00:41:51 - [MESSAGE][PASSED] - Text '10' is set on object 'Object Repository/DispensaryToStore/Page_Dispensary Store/input_txttreat'

2018-06-10 00:41:51 - [TEST_STEP][PASSED] - click: Object: 'Object Repository/DispensaryToStore/Page_Dispensary Store/button_Add' is clicked on

2018-06-10 00:41:51 - [MESSAGE][PASSED] - Object: 'Object Repository/DispensaryToStore/Page_Dispensary Store/button_Add' is clicked on

2018-06-10 00:41:51 - [TEST_STEP][PASSED] - delay: Delayed 1 second(s)

2018-06-10 00:41:52 - [MESSAGE][PASSED] - Delayed 1 second(s)

2018-06-10 00:41:52 - [TEST_STEP][PASSED] - selectOptionByIndex: All options with index in [11] are selected on object 'Object Repository/DispensaryToStore/Page_Dispensary Store/select_--Select--Schedule 1Inj'

2018-06-10 00:41:52 - [MESSAGE][PASSED] - All options with index in [11] are selected on object 'Object Repository/DispensaryToStore/Page_Dispensary Store/select_--Select--Schedule 1Inj'

2018-06-10 00:41:52 - [TEST_STEP][PASSED] - delay: Delayed 1 second(s)

2018-06-10 00:41:53 - [MESSAGE][PASSED] - Delayed 1 second(s)

2018-06-10 00:41:53 - [TEST_STEP][PASSED] - selectOptionByIndex: All options with index in [2] are selected on object 'Object Repository/DispensaryToStore/Page_Dispensary Store/select_--Select--Adernaline 0.'

2018-06-10 00:41:54 - [MESSAGE][PASSED] - All options with index in [2] are selected on object 'Object Repository/DispensaryToStore/Page_Dispensary Store/select_--Select--Adernaline 0.'

2018-06-10 00:41:54 - [TEST_STEP][PASSED] - delay: Delayed 1 second(s)

2018-06-10 00:41:55 - [MESSAGE][PASSED] - Delayed 1 second(s)

2018-06-10 00:41:55 - [TEST_STEP][PASSED] - setText: Text '10' is set on object 'Object Repository/DispensaryToStore/Page_Dispensary Store/input_txttreat'

2018-06-10 00:41:55 - [MESSAGE][PASSED] - Text '10' is set on object 'Object Repository/DispensaryToStore/Page_Dispensary Store/input_txttreat'

2018-06-10 00:41:55 - [TEST_STEP][PASSED] - click: Object: 'Object Repository/DispensaryToStore/Page_Dispensary Store/button_Add' is clicked on

2018-06-10 00:41:55 - [MESSAGE][PASSED] - Object: 'Object Repository/DispensaryToStore/Page_Dispensary Store/button_Add' is clicked on

2018-06-10 00:41:55 - [TEST_STEP][PASSED] - delay: Delayed 1 second(s)

2018-06-10 00:41:56 - [MESSAGE][PASSED] - Delayed 1 second(s)

2018-06-10 00:41:56 - [TEST_STEP][PASSED] - selectOptionByIndex: All options with index in [11] are selected on object 'Object Repository/DispensaryToStore/Page_Dispensary Store/select_--Select--Schedule 1Inj'

2018-06-10 00:41:56 - [MESSAGE][PASSED] - All options with index in [11] are selected on object 'Object Repository/DispensaryToStore/Page_Dispensary Store/select_--Select--Schedule 1Inj'

2018-06-10 00:41:56 - [TEST_STEP][PASSED] - delay: Delayed 1 second(s)

2018-06-10 00:41:57 - [MESSAGE][PASSED] - Delayed 1 second(s)

2018-06-10 00:41:57 - [TEST_STEP][PASSED] - selectOptionByIndex: All options with index in [3] are selected on object 'Object Repository/DispensaryToStore/Page_Dispensary Store/select_--Select--Adernaline 0.'

2018-06-10 00:41:57 - [MESSAGE][PASSED] - All options with index in [3] are selected on object 'Object Repository/DispensaryToStore/Page_Dispensary Store/select_--Select--Adernaline 0.'

2018-06-10 00:41:57 - [TEST_STEP][PASSED] - delay: Delayed 1 second(s)

2018-06-10 00:41:58 - [MESSAGE][PASSED] - Delayed 1 second(s)

2018-06-10 00:41:58 - [TEST_STEP][PASSED] - setText: Text '10' is set on object 'Object Repository/DispensaryToStore/Page_Dispensary Store/input_txttreat'

2018-06-10 00:41:58 - [MESSAGE][PASSED] - Text '10' is set on object 'Object Repository/DispensaryToStore/Page_Dispensary Store/input_txttreat'

2018-06-10 00:41:58 - [TEST_STEP][PASSED] - click: Object: 'Object Repository/DispensaryToStore/Page_Dispensary Store/button_Add' is clicked on

2018-06-10 00:41:58 - [MESSAGE][PASSED] - Object: 'Object Repository/DispensaryToStore/Page_Dispensary Store/button_Add' is clicked on

2018-06-10 00:41:58 - [TEST_STEP][PASSED] - delay: Delayed 1 second(s)

2018-06-10 00:41:59 - [MESSAGE][PASSED] - Delayed 1 second(s)

2018-06-10 00:41:59 - [TEST_STEP][PASSED] - selectOptionByIndex: All options with index in [11] are selected on object 'Object Repository/DispensaryToStore/Page_Dispensary Store/select_--Select--Schedule 1Inj'

2018-06-10 00:41:59 - [MESSAGE][PASSED] - All options with index in [11] are selected on object 'Object Repository/DispensaryToStore/Page_Dispensary Store/select_--Select--Schedule 1Inj'

2018-06-10 00:41:59 - [TEST_STEP][PASSED] - delay: Delayed 1 second(s)

2018-06-10 00:42:00 - [MESSAGE][PASSED] - Delayed 1 second(s)

2018-06-10 00:42:00 - [TEST_STEP][PASSED] - selectOptionByIndex: All options with index in [4] are selected on object 'Object Repository/DispensaryToStore/Page_Dispensary Store/select_--Select--Adernaline 0.'

2018-06-10 00:42:01 - [MESSAGE][PASSED] - All options with index in [4] are selected on object 'Object Repository/DispensaryToStore/Page_Dispensary Store/select_--Select--Adernaline 0.'

2018-06-10 00:42:01 - [TEST_STEP][PASSED] - delay: Delayed 1 second(s)

2018-06-10 00:42:02 - [MESSAGE][PASSED] - Delayed 1 second(s)

2018-06-10 00:42:02 - [TEST_STEP][PASSED] - setText: Text '10' is set on object 'Object Repository/DispensaryToStore/Page_Dispensary Store/input_txttreat'

2018-06-10 00:42:02 - [MESSAGE][PASSED] - Text '10' is set on object 'Object Repository/DispensaryToStore/Page_Dispensary Store/input_txttreat'

2018-06-10 00:42:02 - [TEST_STEP][PASSED] - click: Object: 'Object Repository/DispensaryToStore/Page_Dispensary Store/button_Add' is clicked on

2018-06-10 00:42:02 - [MESSAGE][PASSED] - Object: 'Object Repository/DispensaryToStore/Page_Dispensary Store/button_Add' is clicked on

2018-06-10 00:42:02 - [TEST_STEP][PASSED] - delay: Delayed 1 second(s)

2018-06-10 00:42:03 - [MESSAGE][PASSED] - Delayed 1 second(s)

2018-06-10 00:42:03 - [TEST_STEP][PASSED] - selectOptionByIndex: All options with index in [11] are selected on object 'Object Repository/DispensaryToStore/Page_Dispensary Store/select_--Select--Schedule 1Inj'

2018-06-10 00:42:03 - [MESSAGE][PASSED] - All options with index in [11] are selected on object 'Object Repository/DispensaryToStore/Page_Dispensary Store/select_--Select--Schedule 1Inj'

2018-06-10 00:42:03 - [TEST_STEP][PASSED] - delay: Delayed 1 second(s)

2018-06-10 00:42:04 - [MESSAGE][PASSED] - Delayed 1 second(s)

2018-06-10 00:42:04 - [TEST_STEP][PASSED] - selectOptionByIndex: All options with index in [5] are selected on object 'Object Repository/DispensaryToStore/Page_Dispensary Store/select_--Select--Adernaline 0.'

2018-06-10 00:42:04 - [MESSAGE][PASSED] - All options with index in [5] are selected on object 'Object Repository/DispensaryToStore/Page_Dispensary Store/select_--Select--Adernaline 0.'

2018-06-10 00:42:04 - [TEST_STEP][PASSED] - delay: Delayed 1 second(s)

2018-06-10 00:42:05 - [MESSAGE][PASSED] - Delayed 1 second(s)

2018-06-10 00:42:05 - [TEST_STEP][PASSED] - setText: Text '10' is set on object 'Object Repository/DispensaryToStore/Page_Dispensary Store/input_txttreat'

2018-06-10 00:42:05 - [MESSAGE][PASSED] - Text '10' is set on object 'Object Repository/DispensaryToStore/Page_Dispensary Store/input_txttreat'

2018-06-10 00:42:05 - [TEST_STEP][PASSED] - click: Object: 'Object Repository/DispensaryToStore/Page_Dispensary Store/button_Add' is clicked on

2018-06-10 00:42:05 - [MESSAGE][PASSED] - Object: 'Object Repository/DispensaryToStore/Page_Dispensary Store/button_Add' is clicked on

2018-06-10 00:42:05 - [TEST_STEP][PASSED] - delay: Delayed 1 second(s)

2018-06-10 00:42:06 - [MESSAGE][PASSED] - Delayed 1 second(s)

2018-06-10 00:42:06 - [TEST_STEP][PASSED] - selectOptionByIndex: All options with index in [11] are selected on object 'Object Repository/DispensaryToStore/Page_Dispensary Store/select_--Select--Schedule 1Inj'

2018-06-10 00:42:06 - [MESSAGE][PASSED] - All options with index in [11] are selected on object 'Object Repository/DispensaryToStore/Page_Dispensary Store/select_--Select--Schedule 1Inj'

2018-06-10 00:42:06 - [TEST_STEP][PASSED] - delay: Delayed 1 second(s)

2018-06-10 00:42:07 - [MESSAGE][PASSED] - Delayed 1 second(s)

2018-06-10 00:42:07 - [TEST_STEP][PASSED] - selectOptionByIndex: All options with index in [6] are selected on object 'Object Repository/DispensaryToStore/Page_Dispensary Store/select_--Select--Adernaline 0.'

2018-06-10 00:42:08 - [MESSAGE][PASSED] - All options with index in [6] are selected on object 'Object Repository/DispensaryToStore/Page_Dispensary Store/select_--Select--Adernaline 0.'

2018-06-10 00:42:08 - [TEST_STEP][PASSED] - delay: Delayed 1 second(s)

2018-06-10 00:42:09 - [MESSAGE][PASSED] - Delayed 1 second(s)

2018-06-10 00:42:09 - [TEST_STEP][PASSED] - setText: Text '10' is set on object 'Object Repository/DispensaryToStore/Page_Dispensary Store/input_txttreat'

2018-06-10 00:42:09 - [MESSAGE][PASSED] - Text '10' is set on object 'Object Repository/DispensaryToStore/Page_Dispensary Store/input_txttreat'

2018-06-10 00:42:09 - [TEST_STEP][PASSED] - click: Object: 'Object Repository/DispensaryToStore/Page_Dispensary Store/button_Add' is clicked on

2018-06-10 00:42:09 - [MESSAGE][PASSED] - Object: 'Object Repository/DispensaryToStore/Page_Dispensary Store/button_Add' is clicked on

2018-06-10 00:42:09 - [TEST_STEP][PASSED] - delay: Delayed 1 second(s)

2018-06-10 00:42:10 - [MESSAGE][PASSED] - Delayed 1 second(s)

2018-06-10 00:42:10 - [TEST_STEP][PASSED] - selectOptionByIndex: All options with index in [11] are selected on object 'Object Repository/DispensaryToStore/Page_Dispensary Store/select_--Select--Schedule 1Inj'

2018-06-10 00:42:10 - [MESSAGE][PASSED] - All options with index in [11] are selected on object 'Object Repository/DispensaryToStore/Page_Dispensary Store/select_--Select--Schedule 1Inj'

2018-06-10 00:42:10 - [TEST_STEP][PASSED] - delay: Delayed 1 second(s)

2018-06-10 00:42:11 - [MESSAGE][PASSED] - Delayed 1 second(s)

2018-06-10 00:42:11 - [TEST_STEP][PASSED] - selectOptionByIndex: All options with index in [7] are selected on object 'Object Repository/DispensaryToStore/Page_Dispensary Store/select_--Select--Adernaline 0.'

2018-06-10 00:42:11 - [MESSAGE][PASSED] - All options with index in [7] are selected on object 'Object Repository/DispensaryToStore/Page_Dispensary Store/select_--Select--Adernaline 0.'

2018-06-10 00:42:11 - [TEST_STEP][PASSED] - delay: Delayed 1 second(s)

2018-06-10 00:42:12 - [MESSAGE][PASSED] - Delayed 1 second(s)

2018-06-10 00:42:12 - [TEST_STEP][PASSED] - setText: Text '10' is set on object 'Object Repository/DispensaryToStore/Page_Dispensary Store/input_txttreat'

2018-06-10 00:42:12 - [MESSAGE][PASSED] - Text '10' is set on object 'Object Repository/DispensaryToStore/Page_Dispensary Store/input_txttreat'

2018-06-10 00:42:12 - [TEST_STEP][PASSED] - click: Object: 'Object Repository/DispensaryToStore/Page_Dispensary Store/button_Add' is clicked on

2018-06-10 00:42:12 - [MESSAGE][PASSED] - Object: 'Object Repository/DispensaryToStore/Page_Dispensary Store/button_Add' is clicked on

2018-06-10 00:42:12 - [TEST_STEP][PASSED] - delay: Delayed 1 second(s)

2018-06-10 00:42:13 - [MESSAGE][PASSED] - Delayed 1 second(s)

2018-06-10 00:42:13 - [TEST_STEP][PASSED] - selectOptionByIndex: All options with index in [11] are selected on object 'Object Repository/DispensaryToStore/Page_Dispensary Store/select_--Select--Schedule 1Inj'

2018-06-10 00:42:14 - [MESSAGE][PASSED] - All options with index in [11] are selected on object 'Object Repository/DispensaryToStore/Page_Dispensary Store/select_--Select--Schedule 1Inj'

2018-06-10 00:42:14 - [TEST_STEP][PASSED] - delay: Delayed 1 second(s)

2018-06-10 00:42:15 - [MESSAGE][PASSED] - Delayed 1 second(s)

2018-06-10 00:42:15 - [TEST_STEP][PASSED] - selectOptionByIndex: All options with index in [8] are selected on object 'Object Repository/DispensaryToStore/Page_Dispensary Store/select_--Select--Adernaline 0.'

2018-06-10 00:42:15 - [MESSAGE][PASSED] - All options with index in [8] are selected on object 'Object Repository/DispensaryToStore/Page_Dispensary Store/select_--Select--Adernaline 0.'

2018-06-10 00:42:15 - [TEST_STEP][PASSED] - delay: Delayed 1 second(s)

2018-06-10 00:42:16 - [MESSAGE][PASSED] - Delayed 1 second(s)

2018-06-10 00:42:16 - [TEST_STEP][PASSED] - setText: Text '10' is set on object 'Object Repository/DispensaryToStore/Page_Dispensary Store/input_txttreat'

2018-06-10 00:42:16 - [MESSAGE][PASSED] - Text '10' is set on object 'Object Repository/DispensaryToStore/Page_Dispensary Store/input_txttreat'

2018-06-10 00:42:16 - [TEST_STEP][PASSED] - click: Object: 'Object Repository/DispensaryToStore/Page_Dispensary Store/button_Add' is clicked on

2018-06-10 00:42:16 - [MESSAGE][PASSED] - Object: 'Object Repository/DispensaryToStore/Page_Dispensary Store/button_Add' is clicked on

2018-06-10 00:42:16 - [TEST_STEP][PASSED] - delay: Delayed 1 second(s)

2018-06-10 00:42:17 - [MESSAGE][PASSED] - Delayed 1 second(s)

2018-06-10 00:42:17 - [TEST_STEP][PASSED] - selectOptionByIndex: All options with index in [11] are selected on object 'Object Repository/DispensaryToStore/Page_Dispensary Store/select_--Select--Schedule 1Inj'

2018-06-10 00:42:17 - [MESSAGE][PASSED] - All options with index in [11] are selected on object 'Object Repository/DispensaryToStore/Page_Dispensary Store/select_--Select--Schedule 1Inj'

2018-06-10 00:42:17 - [TEST_STEP][PASSED] - delay: Delayed 1 second(s)

2018-06-10 00:42:18 - [MESSAGE][PASSED] - Delayed 1 second(s)

2018-06-10 00:42:18 - [TEST_STEP][PASSED] - selectOptionByIndex: All options with index in [9] are selected on object 'Object Repository/DispensaryToStore/Page_Dispensary Store/select_--Select--Adernaline 0.'

2018-06-10 00:42:18 - [MESSAGE][PASSED] - All options with index in [9] are selected on object 'Object Repository/DispensaryToStore/Page_Dispensary Store/select_--Select--Adernaline 0.'

2018-06-10 00:42:18 - [TEST_STEP][PASSED] - delay: Delayed 1 second(s)

2018-06-10 00:42:19 - [MESSAGE][PASSED] - Delayed 1 second(s)

2018-06-10 00:42:19 - [TEST_STEP][PASSED] - setText: Text '10' is set on object 'Object Repository/DispensaryToStore/Page_Dispensary Store/input_txttreat'

2018-06-10 00:42:19 - [MESSAGE][PASSED] - Text '10' is set on object 'Object Repository/DispensaryToStore/Page_Dispensary Store/input_txttreat'

2018-06-10 00:42:19 - [TEST_STEP][PASSED] - click: Object: 'Object Repository/DispensaryToStore/Page_Dispensary Store/button_Add' is clicked on

2018-06-10 00:42:20 - [MESSAGE][PASSED] - Object: 'Object Repository/DispensaryToStore/Page_Dispensary Store/button_Add' is clicked on

2018-06-10 00:42:20 - [TEST_STEP][PASSED] - delay: Delayed 1 second(s)

2018-06-10 00:42:21 - [MESSAGE][PASSED] - Delayed 1 second(s)

2018-06-10 00:42:21 - [TEST_STEP][PASSED] - selectOptionByIndex: All options with index in [11] are selected on object 'Object Repository/DispensaryToStore/Page_Dispensary Store/select_--Select--Schedule 1Inj'

2018-06-10 00:42:21 - [MESSAGE][PASSED] - All options with index in [11] are selected on object 'Object Repository/DispensaryToStore/Page_Dispensary Store/select_--Select--Schedule 1Inj'

2018-06-10 00:42:21 - [TEST_STEP][PASSED] - delay: Delayed 1 second(s)

2018-06-10 00:42:22 - [MESSAGE][PASSED] - Delayed 1 second(s)

2018-06-10 00:42:22 - [TEST_STEP][PASSED] - selectOptionByIndex: All options with index in [10] are selected on object 'Object Repository/DispensaryToStore/Page_Dispensary Store/select_--Select--Adernaline 0.'

2018-06-10 00:42:22 - [MESSAGE][PASSED] - All options with index in [10] are selected on object 'Object Repository/DispensaryToStore/Page_Dispensary Store/select_--Select--Adernaline 0.'

2018-06-10 00:42:22 - [TEST_STEP][PASSED] - delay: Delayed 1 second(s)

2018-06-10 00:42:23 - [MESSAGE][PASSED] - Delayed 1 second(s)

2018-06-10 00:42:23 - [TEST_STEP][PASSED] - setText: Text '10' is set on object 'Object Repository/DispensaryToStore/Page_Dispensary Store/input_txttreat'

2018-06-10 00:42:23 - [MESSAGE][PASSED] - Text '10' is set on object 'Object Repository/DispensaryToStore/Page_Dispensary Store/input_txttreat'

2018-06-10 00:42:23 - [TEST_STEP][PASSED] - click: Object: 'Object Repository/DispensaryToStore/Page_Dispensary Store/button_Add' is clicked on

2018-06-10 00:42:23 - [MESSAGE][PASSED] - Object: 'Object Repository/DispensaryToStore/Page_Dispensary Store/button_Add' is clicked on

2018-06-10 00:42:23 - [TEST_STEP][PASSED] - delay: Delayed 1 second(s)

2018-06-10 00:42:24 - [MESSAGE][PASSED] - Delayed 1 second(s)

2018-06-10 00:42:24 - [TEST_STEP][PASSED] - selectOptionByIndex: All options with index in [11] are selected on object 'Object Repository/DispensaryToStore/Page_Dispensary Store/select_--Select--Schedule 1Inj'

2018-06-10 00:42:24 - [MESSAGE][PASSED] - All options with index in [11] are selected on object 'Object Repository/DispensaryToStore/Page_Dispensary Store/select_--Select--Schedule 1Inj'

2018-06-10 00:42:24 - [TEST_STEP][PASSED] - delay: Delayed 1 second(s)

2018-06-10 00:42:25 - [MESSAGE][PASSED] - Delayed 1 second(s)

2018-06-10 00:42:25 - [TEST_STEP][PASSED] - selectOptionByIndex: All options with index in [11] are selected on object 'Object Repository/DispensaryToStore/Page_Dispensary Store/select_--Select--Adernaline 0.'

2018-06-10 00:42:26 - [MESSAGE][PASSED] - All options with index in [11] are selected on object 'Object Repository/DispensaryToStore/Page_Dispensary Store/select_--Select--Adernaline 0.'

2018-06-10 00:42:26 - [TEST_STEP][PASSED] - delay: Delayed 1 second(s)

2018-06-10 00:42:27 - [MESSAGE][PASSED] - Delayed 1 second(s)

2018-06-10 00:42:27 - [TEST_STEP][PASSED] - setText: Text '10' is set on object 'Object Repository/DispensaryToStore/Page_Dispensary Store/input_txttreat'

2018-06-10 00:42:27 - [MESSAGE][PASSED] - Text '10' is set on object 'Object Repository/DispensaryToStore/Page_Dispensary Store/input_txttreat'

2018-06-10 00:42:27 - [TEST_STEP][PASSED] - click: Object: 'Object Repository/DispensaryToStore/Page_Dispensary Store/button_Add' is clicked on

2018-06-10 00:42:27 - [MESSAGE][PASSED] - Object: 'Object Repository/DispensaryToStore/Page_Dispensary Store/button_Add' is clicked on

2018-06-10 00:42:27 - [TEST_STEP][PASSED] - delay: Delayed 1 second(s)

2018-06-10 00:42:28 - [MESSAGE][PASSED] - Delayed 1 second(s)

2018-06-10 00:42:28 - [TEST_STEP][PASSED] - selectOptionByIndex: All options with index in [11] are selected on object 'Object Repository/DispensaryToStore/Page_Dispensary Store/select_--Select--Schedule 1Inj'

2018-06-10 00:42:28 - [MESSAGE][PASSED] - All options with index in [11] are selected on object 'Object Repository/DispensaryToStore/Page_Dispensary Store/select_--Select--Schedule 1Inj'

2018-06-10 00:42:28 - [TEST_STEP][PASSED] - delay: Delayed 1 second(s)

2018-06-10 00:42:29 - [MESSAGE][PASSED] - Delayed 1 second(s)

2018-06-10 00:42:29 - [TEST_STEP][PASSED] - selectOptionByIndex: All options with index in [12] are selected on object 'Object Repository/DispensaryToStore/Page_Dispensary Store/select_--Select--Adernaline 0.'

2018-06-10 00:42:29 - [MESSAGE][PASSED] - All options with index in [12] are selected on object 'Object Repository/DispensaryToStore/Page_Dispensary Store/select_--Select--Adernaline 0.'

2018-06-10 00:42:29 - [TEST_STEP][PASSED] - delay: Delayed 1 second(s)

2018-06-10 00:42:30 - [MESSAGE][PASSED] - Delayed 1 second(s)

2018-06-10 00:42:30 - [TEST_STEP][PASSED] - setText: Text '10' is set on object 'Object Repository/DispensaryToStore/Page_Dispensary Store/input_txttreat'

2018-06-10 00:42:30 - [MESSAGE][PASSED] - Text '10' is set on object 'Object Repository/DispensaryToStore/Page_Dispensary Store/input_txttreat'

2018-06-10 00:42:30 - [TEST_STEP][PASSED] - click: Object: 'Object Repository/DispensaryToStore/Page_Dispensary Store/button_Add' is clicked on

2018-06-10 00:42:30 - [MESSAGE][PASSED] - Object: 'Object Repository/DispensaryToStore/Page_Dispensary Store/button_Add' is clicked on

2018-06-10 00:42:30 - [TEST_STEP][PASSED] - delay: Delayed 1 second(s)

2018-06-10 00:42:31 - [MESSAGE][PASSED] - Delayed 1 second(s)

2018-06-10 00:42:31 - [TEST_STEP][PASSED] - selectOptionByIndex: All options with index in [11] are selected on object 'Object Repository/DispensaryToStore/Page_Dispensary Store/select_--Select--Schedule 1Inj'

2018-06-10 00:42:32 - [MESSAGE][PASSED] - All options with index in [11] are selected on object 'Object Repository/DispensaryToStore/Page_Dispensary Store/select_--Select--Schedule 1Inj'

2018-06-10 00:42:32 - [TEST_STEP][PASSED] - delay: Delayed 1 second(s)

2018-06-10 00:42:33 - [MESSAGE][PASSED] - Delayed 1 second(s)

2018-06-10 00:42:33 - [TEST_STEP][PASSED] - selectOptionByIndex: All options with index in [13] are selected on object 'Object Repository/DispensaryToStore/Page_Dispensary Store/select_--Select--Adernaline 0.'

2018-06-10 00:42:33 - [MESSAGE][PASSED] - All options with index in [13] are selected on object 'Object Repository/DispensaryToStore/Page_Dispensary Store/select_--Select--Adernaline 0.'

2018-06-10 00:42:33 - [TEST_STEP][PASSED] - delay: Delayed 1 second(s)

2018-06-10 00:42:34 - [MESSAGE][PASSED] - Delayed 1 second(s)

2018-06-10 00:42:34 - [TEST_STEP][PASSED] - setText: Text '10' is set on object 'Object Repository/DispensaryToStore/Page_Dispensary Store/input_txttreat'

2018-06-10 00:42:34 - [MESSAGE][PASSED] - Text '10' is set on object 'Object Repository/DispensaryToStore/Page_Dispensary Store/input_txttreat'

2018-06-10 00:42:34 - [TEST_STEP][PASSED] - click: Object: 'Object Repository/DispensaryToStore/Page_Dispensary Store/button_Add' is clicked on

2018-06-10 00:42:34 - [MESSAGE][PASSED] - Object: 'Object Repository/DispensaryToStore/Page_Dispensary Store/button_Add' is clicked on

2018-06-10 00:42:34 - [TEST_STEP][PASSED] - delay: Delayed 1 second(s)

2018-06-10 00:42:35 - [MESSAGE][PASSED] - Delayed 1 second(s)

2018-06-10 00:42:35 - [TEST_STEP][PASSED] - selectOptionByIndex: All options with index in [11] are selected on object 'Object Repository/DispensaryToStore/Page_Dispensary Store/select_--Select--Schedule 1Inj'

2018-06-10 00:42:35 - [MESSAGE][PASSED] - All options with index in [11] are selected on object 'Object Repository/DispensaryToStore/Page_Dispensary Store/select_--Select--Schedule 1Inj'

2018-06-10 00:42:35 - [TEST_STEP][PASSED] - delay: Delayed 1 second(s)

2018-06-10 00:42:36 - [MESSAGE][PASSED] - Delayed 1 second(s)

2018-06-10 00:42:36 - [TEST_STEP][PASSED] - selectOptionByIndex: All options with index in [14] are selected on object 'Object Repository/DispensaryToStore/Page_Dispensary Store/select_--Select--Adernaline 0.'

2018-06-10 00:42:36 - [MESSAGE][PASSED] - All options with index in [14] are selected on object 'Object Repository/DispensaryToStore/Page_Dispensary Store/select_--Select--Adernaline 0.'

2018-06-10 00:42:36 - [TEST_STEP][PASSED] - delay: Delayed 1 second(s)

2018-06-10 00:42:37 - [MESSAGE][PASSED] - Delayed 1 second(s)

2018-06-10 00:42:37 - [TEST_STEP][PASSED] - setText: Text '10' is set on object 'Object Repository/DispensaryToStore/Page_Dispensary Store/input_txttreat'

2018-06-10 00:42:38 - [MESSAGE][PASSED] - Text '10' is set on object 'Object Repository/DispensaryToStore/Page_Dispensary Store/input_txttreat'

2018-06-10 00:42:38 - [TEST_STEP][PASSED] - click: Object: 'Object Repository/DispensaryToStore/Page_Dispensary Store/button_Add' is clicked on

2018-06-10 00:42:38 - [MESSAGE][PASSED] - Object: 'Object Repository/DispensaryToStore/Page_Dispensary Store/button_Add' is clicked on

2018-06-10 00:42:38 - [TEST_STEP][PASSED] - delay: Delayed 1 second(s)

2018-06-10 00:42:39 - [MESSAGE][PASSED] - Delayed 1 second(s)

2018-06-10 00:42:39 - [TEST_STEP][PASSED] - selectOptionByIndex: All options with index in [11] are selected on object 'Object Repository/DispensaryToStore/Page_Dispensary Store/select_--Select--Schedule 1Inj'

2018-06-10 00:42:39 - [MESSAGE][PASSED] - All options with index in [11] are selected on object 'Object Repository/DispensaryToStore/Page_Dispensary Store/select_--Select--Schedule 1Inj'

2018-06-10 00:42:39 - [TEST_STEP][PASSED] - delay: Delayed 1 second(s)

2018-06-10 00:42:40 - [MESSAGE][PASSED] - Delayed 1 second(s)

2018-06-10 00:42:40 - [TEST_STEP][PASSED] - selectOptionByIndex: All options with index in [15] are selected on object 'Object Repository/DispensaryToStore/Page_Dispensary Store/select_--Select--Adernaline 0.'

2018-06-10 00:42:40 - [MESSAGE][PASSED] - All options with index in [15] are selected on object 'Object Repository/DispensaryToStore/Page_Dispensary Store/select_--Select--Adernaline 0.'

2018-06-10 00:42:40 - [TEST_STEP][PASSED] - delay: Delayed 1 second(s)

2018-06-10 00:42:41 - [MESSAGE][PASSED] - Delayed 1 second(s)

2018-06-10 00:42:41 - [TEST_STEP][PASSED] - setText: Text '10' is set on object 'Object Repository/DispensaryToStore/Page_Dispensary Store/input_txttreat'

2018-06-10 00:42:41 - [MESSAGE][PASSED] - Text '10' is set on object 'Object Repository/DispensaryToStore/Page_Dispensary Store/input_txttreat'

2018-06-10 00:42:41 - [TEST_STEP][PASSED] - click: Object: 'Object Repository/DispensaryToStore/Page_Dispensary Store/button_Add' is clicked on

2018-06-10 00:42:41 - [MESSAGE][PASSED] - Object: 'Object Repository/DispensaryToStore/Page_Dispensary Store/button_Add' is clicked on

2018-06-10 00:42:41 - [TEST_STEP][PASSED] - delay: Delayed 1 second(s)

2018-06-10 00:42:42 - [MESSAGE][PASSED] - Delayed 1 second(s)

2018-06-10 00:42:42 - [TEST_STEP][PASSED] - selectOptionByIndex: All options with index in [11] are selected on object 'Object Repository/DispensaryToStore/Page_Dispensary Store/select_--Select--Schedule 1Inj'

2018-06-10 00:42:43 - [MESSAGE][PASSED] - All options with index in [11] are selected on object 'Object Repository/DispensaryToStore/Page_Dispensary Store/select_--Select--Schedule 1Inj'

2018-06-10 00:42:43 - [TEST_STEP][PASSED] - delay: Delayed 1 second(s)

2018-06-10 00:42:44 - [MESSAGE][PASSED] - Delayed 1 second(s)

2018-06-10 00:42:44 - [TEST_STEP][PASSED] - selectOptionByIndex: All options with index in [16] are selected on object 'Object Repository/DispensaryToStore/Page_Dispensary Store/select_--Select--Adernaline 0.'

2018-06-10 00:42:44 - [MESSAGE][PASSED] - All options with index in [16] are selected on object 'Object Repository/DispensaryToStore/Page_Dispensary Store/select_--Select--Adernaline 0.'

2018-06-10 00:42:44 - [TEST_STEP][PASSED] - delay: Delayed 1 second(s)

2018-06-10 00:42:45 - [MESSAGE][PASSED] - Delayed 1 second(s)

2018-06-10 00:42:45 - [TEST_STEP][PASSED] - setText: Text '10' is set on object 'Object Repository/DispensaryToStore/Page_Dispensary Store/input_txttreat'

2018-06-10 00:42:45 - [MESSAGE][PASSED] - Text '10' is set on object 'Object Repository/DispensaryToStore/Page_Dispensary Store/input_txttreat'

2018-06-10 00:42:45 - [TEST_STEP][PASSED] - click: Object: 'Object Repository/DispensaryToStore/Page_Dispensary Store/button_Add' is clicked on

2018-06-10 00:42:45 - [MESSAGE][PASSED] - Object: 'Object Repository/DispensaryToStore/Page_Dispensary Store/button_Add' is clicked on

2018-06-10 00:42:45 - [TEST_STEP][PASSED] - delay: Delayed 1 second(s)

2018-06-10 00:42:46 - [MESSAGE][PASSED] - Delayed 1 second(s)

2018-06-10 00:42:46 - [TEST_STEP][PASSED] - selectOptionByIndex: All options with index in [11] are selected on object 'Object Repository/DispensaryToStore/Page_Dispensary Store/select_--Select--Schedule 1Inj'

2018-06-10 00:42:46 - [MESSAGE][PASSED] - All options with index in [11] are selected on object 'Object Repository/DispensaryToStore/Page_Dispensary Store/select_--Select--Schedule 1Inj'

2018-06-10 00:42:46 - [TEST_STEP][PASSED] - delay: Delayed 1 second(s)

2018-06-10 00:42:47 - [MESSAGE][PASSED] - Delayed 1 second(s)

2018-06-10 00:42:47 - [TEST_STEP][PASSED] - selectOptionByIndex: All options with index in [17] are selected on object 'Object Repository/DispensaryToStore/Page_Dispensary Store/select_--Select--Adernaline 0.'

2018-06-10 00:42:47 - [MESSAGE][PASSED] - All options with index in [17] are selected on object 'Object Repository/DispensaryToStore/Page_Dispensary Store/select_--Select--Adernaline 0.'

2018-06-10 00:42:47 - [TEST_STEP][PASSED] - delay: Delayed 1 second(s)

2018-06-10 00:42:48 - [MESSAGE][PASSED] - Delayed 1 second(s)

2018-06-10 00:42:48 - [TEST_STEP][PASSED] - setText: Text '10' is set on object 'Object Repository/DispensaryToStore/Page_Dispensary Store/input_txttreat'

2018-06-10 00:42:49 - [MESSAGE][PASSED] - Text '10' is set on object 'Object Repository/DispensaryToStore/Page_Dispensary Store/input_txttreat'

2018-06-10 00:42:49 - [TEST_STEP][PASSED] - click: Object: 'Object Repository/DispensaryToStore/Page_Dispensary Store/button_Add' is clicked on

2018-06-10 00:42:49 - [MESSAGE][PASSED] - Object: 'Object Repository/DispensaryToStore/Page_Dispensary Store/button_Add' is clicked on

2018-06-10 00:42:49 - [TEST_STEP][PASSED] - delay: Delayed 1 second(s)

2018-06-10 00:42:50 - [MESSAGE][PASSED] - Delayed 1 second(s)

2018-06-10 00:42:50 - [TEST_STEP][PASSED] - selectOptionByIndex: All options with index in [11] are selected on object 'Object Repository/DispensaryToStore/Page_Dispensary Store/select_--Select--Schedule 1Inj'

2018-06-10 00:42:50 - [MESSAGE][PASSED] - All options with index in [11] are selected on object 'Object Repository/DispensaryToStore/Page_Dispensary Store/select_--Select--Schedule 1Inj'

2018-06-10 00:42:50 - [TEST_STEP][PASSED] - delay: Delayed 1 second(s)

2018-06-10 00:42:51 - [MESSAGE][PASSED] - Delayed 1 second(s)

2018-06-10 00:42:51 - [TEST_STEP][PASSED] - selectOptionByIndex: All options with index in [18] are selected on object 'Object Repository/DispensaryToStore/Page_Dispensary Store/select_--Select--Adernaline 0.'

2018-06-10 00:42:51 - [MESSAGE][PASSED] - All options with index in [18] are selected on object 'Object Repository/DispensaryToStore/Page_Dispensary Store/select_--Select--Adernaline 0.'

2018-06-10 00:42:51 - [TEST_STEP][PASSED] - delay: Delayed 1 second(s)

2018-06-10 00:42:52 - [MESSAGE][PASSED] - Delayed 1 second(s)

2018-06-10 00:42:52 - [TEST_STEP][PASSED] - setText: Text '10' is set on object 'Object Repository/DispensaryToStore/Page_Dispensary Store/input_txttreat'

2018-06-10 00:42:52 - [MESSAGE][PASSED] - Text '10' is set on object 'Object Repository/DispensaryToStore/Page_Dispensary Store/input_txttreat'

2018-06-10 00:42:52 - [TEST_STEP][PASSED] - click: Object: 'Object Repository/DispensaryToStore/Page_Dispensary Store/button_Add' is clicked on

2018-06-10 00:42:52 - [MESSAGE][PASSED] - Object: 'Object Repository/DispensaryToStore/Page_Dispensary Store/button_Add' is clicked on

2018-06-10 00:42:52 - [TEST_STEP][PASSED] - delay: Delayed 1 second(s)

2018-06-10 00:42:53 - [MESSAGE][PASSED] - Delayed 1 second(s)

2018-06-10 00:42:53 - [TEST_STEP][PASSED] - selectOptionByIndex: All options with index in [11] are selected on object 'Object Repository/DispensaryToStore/Page_Dispensary Store/select_--Select--Schedule 1Inj'

2018-06-10 00:42:54 - [MESSAGE][PASSED] - All options with index in [11] are selected on object 'Object Repository/DispensaryToStore/Page_Dispensary Store/select_--Select--Schedule 1Inj'

2018-06-10 00:42:54 - [TEST_STEP][PASSED] - delay: Delayed 1 second(s)

2018-06-10 00:42:55 - [MESSAGE][PASSED] - Delayed 1 second(s)

2018-06-10 00:42:55 - [TEST_STEP][PASSED] - selectOptionByIndex: All options with index in [19] are selected on object 'Object Repository/DispensaryToStore/Page_Dispensary Store/select_--Select--Adernaline 0.'

2018-06-10 00:42:55 - [MESSAGE][PASSED] - All options with index in [19] are selected on object 'Object Repository/DispensaryToStore/Page_Dispensary Store/select_--Select--Adernaline 0.'

2018-06-10 00:42:55 - [TEST_STEP][PASSED] - delay: Delayed 1 second(s)

2018-06-10 00:42:56 - [MESSAGE][PASSED] - Delayed 1 second(s)

2018-06-10 00:42:56 - [TEST_STEP][PASSED] - setText: Text '10' is set on object 'Object Repository/DispensaryToStore/Page_Dispensary Store/input_txttreat'

2018-06-10 00:42:56 - [MESSAGE][PASSED] - Text '10' is set on object 'Object Repository/DispensaryToStore/Page_Dispensary Store/input_txttreat'

2018-06-10 00:42:56 - [TEST_STEP][PASSED] - click: Object: 'Object Repository/DispensaryToStore/Page_Dispensary Store/button_Add' is clicked on

2018-06-10 00:42:56 - [MESSAGE][PASSED] - Object: 'Object Repository/DispensaryToStore/Page_Dispensary Store/button_Add' is clicked on

2018-06-10 00:42:56 - [TEST_STEP][PASSED] - delay: Delayed 1 second(s)

2018-06-10 00:42:57 - [MESSAGE][PASSED] - Delayed 1 second(s)

2018-06-10 00:42:57 - [TEST_STEP][PASSED] - selectOptionByIndex: All options with index in [11] are selected on object 'Object Repository/DispensaryToStore/Page_Dispensary Store/select_--Select--Schedule 1Inj'

2018-06-10 00:42:57 - [MESSAGE][PASSED] - All options with index in [11] are selected on object 'Object Repository/DispensaryToStore/Page_Dispensary Store/select_--Select--Schedule 1Inj'

2018-06-10 00:42:57 - [TEST_STEP][PASSED] - delay: Delayed 1 second(s)

2018-06-10 00:42:58 - [MESSAGE][PASSED] - Delayed 1 second(s)

2018-06-10 00:42:58 - [TEST_STEP][PASSED] - selectOptionByIndex: All options with index in [20] are selected on object 'Object Repository/DispensaryToStore/Page_Dispensary Store/select_--Select--Adernaline 0.'

2018-06-10 00:42:59 - [MESSAGE][PASSED] - All options with index in [20] are selected on object 'Object Repository/DispensaryToStore/Page_Dispensary Store/select_--Select--Adernaline 0.'

2018-06-10 00:42:59 - [TEST_STEP][PASSED] - delay: Delayed 1 second(s)

2018-06-10 00:43:00 - [MESSAGE][PASSED] - Delayed 1 second(s)

2018-06-10 00:43:00 - [TEST_STEP][PASSED] - setText: Text '10' is set on object 'Object Repository/DispensaryToStore/Page_Dispensary Store/input_txttreat'

2018-06-10 00:43:00 - [MESSAGE][PASSED] - Text '10' is set on object 'Object Repository/DispensaryToStore/Page_Dispensary Store/input_txttreat'

2018-06-10 00:43:00 - [TEST_STEP][PASSED] - click: Object: 'Object Repository/DispensaryToStore/Page_Dispensary Store/button_Add' is clicked on

2018-06-10 00:43:00 - [MESSAGE][PASSED] - Object: 'Object Repository/DispensaryToStore/Page_Dispensary Store/button_Add' is clicked on

2018-06-10 00:43:00 - [TEST_STEP][PASSED] - delay: Delayed 1 second(s)

2018-06-10 00:43:01 - [MESSAGE][PASSED] - Delayed 1 second(s)

2018-06-10 00:43:01 - [TEST_STEP][PASSED] - selectOptionByIndex: All options with index in [11] are selected on object 'Object Repository/DispensaryToStore/Page_Dispensary Store/select_--Select--Schedule 1Inj'

2018-06-10 00:43:01 - [MESSAGE][PASSED] - All options with index in [11] are selected on object 'Object Repository/DispensaryToStore/Page_Dispensary Store/select_--Select--Schedule 1Inj'

2018-06-10 00:43:01 - [TEST_STEP][PASSED] - delay: Delayed 1 second(s)

2018-06-10 00:43:02 - [MESSAGE][PASSED] - Delayed 1 second(s)

2018-06-10 00:43:02 - [TEST_STEP][PASSED] - selectOptionByIndex: All options with index in [21] are selected on object 'Object Repository/DispensaryToStore/Page_Dispensary Store/select_--Select--Adernaline 0.'

2018-06-10 00:43:02 - [MESSAGE][PASSED] - All options with index in [21] are selected on object 'Object Repository/DispensaryToStore/Page_Dispensary Store/select_--Select--Adernaline 0.'

2018-06-10 00:43:02 - [TEST_STEP][PASSED] - delay: Delayed 1 second(s)

2018-06-10 00:43:03 - [MESSAGE][PASSED] - Delayed 1 second(s)

2018-06-10 00:43:03 - [TEST_STEP][PASSED] - setText: Text '10' is set on object 'Object Repository/DispensaryToStore/Page_Dispensary Store/input_txttreat'

2018-06-10 00:43:03 - [MESSAGE][PASSED] - Text '10' is set on object 'Object Repository/DispensaryToStore/Page_Dispensary Store/input_txttreat'

2018-06-10 00:43:03 - [TEST_STEP][PASSED] - click: Object: 'Object Repository/DispensaryToStore/Page_Dispensary Store/button_Add' is clicked on

2018-06-10 00:43:03 - [MESSAGE][PASSED] - Object: 'Object Repository/DispensaryToStore/Page_Dispensary Store/button_Add' is clicked on

2018-06-10 00:43:03 - [TEST_STEP][PASSED] - delay: Delayed 1 second(s)

2018-06-10 00:43:04 - [MESSAGE][PASSED] - Delayed 1 second(s)

2018-06-10 00:43:04 - [TEST_STEP][PASSED] - selectOptionByIndex: All options with index in [11] are selected on object 'Object Repository/DispensaryToStore/Page_Dispensary Store/select_--Select--Schedule 1Inj'

2018-06-10 00:43:05 - [MESSAGE][PASSED] - All options with index in [11] are selected on object 'Object Repository/DispensaryToStore/Page_Dispensary Store/select_--Select--Schedule 1Inj'

2018-06-10 00:43:05 - [TEST_STEP][PASSED] - delay: Delayed 1 second(s)

2018-06-10 00:43:06 - [MESSAGE][PASSED] - Delayed 1 second(s)

2018-06-10 00:43:06 - [TEST_STEP][PASSED] - selectOptionByIndex: All options with index in [22] are selected on object 'Object Repository/DispensaryToStore/Page_Dispensary Store/select_--Select--Adernaline 0.'

2018-06-10 00:43:06 - [MESSAGE][PASSED] - All options with index in [22] are selected on object 'Object Repository/DispensaryToStore/Page_Dispensary Store/select_--Select--Adernaline 0.'

2018-06-10 00:43:06 - [TEST_STEP][PASSED] - delay: Delayed 1 second(s)

2018-06-10 00:43:07 - [MESSAGE][PASSED] - Delayed 1 second(s)

2018-06-10 00:43:07 - [TEST_STEP][PASSED] - setText: Text '10' is set on object 'Object Repository/DispensaryToStore/Page_Dispensary Store/input_txttreat'

2018-06-10 00:43:07 - [MESSAGE][PASSED] - Text '10' is set on object 'Object Repository/DispensaryToStore/Page_Dispensary Store/input_txttreat'

2018-06-10 00:43:07 - [TEST_STEP][PASSED] - click: Object: 'Object Repository/DispensaryToStore/Page_Dispensary Store/button_Add' is clicked on

2018-06-10 00:43:07 - [MESSAGE][PASSED] - Object: 'Object Repository/DispensaryToStore/Page_Dispensary Store/button_Add' is clicked on

2018-06-10 00:43:07 - [TEST_STEP][PASSED] - delay: Delayed 1 second(s)

2018-06-10 00:43:08 - [MESSAGE][PASSED] - Delayed 1 second(s)

2018-06-10 00:43:08 - [TEST_STEP][PASSED] - selectOptionByIndex: All options with index in [11] are selected on object 'Object Repository/DispensaryToStore/Page_Dispensary Store/select_--Select--Schedule 1Inj'

2018-06-10 00:43:08 - [MESSAGE][PASSED] - All options with index in [11] are selected on object 'Object Repository/DispensaryToStore/Page_Dispensary Store/select_--Select--Schedule 1Inj'

2018-06-10 00:43:08 - [TEST_STEP][PASSED] - delay: Delayed 1 second(s)

2018-06-10 00:43:09 - [MESSAGE][PASSED] - Delayed 1 second(s)

2018-06-10 00:43:09 - [TEST_STEP][PASSED] - selectOptionByIndex: All options with index in [23] are selected on object 'Object Repository/DispensaryToStore/Page_Dispensary Store/select_--Select--Adernaline 0.'

2018-06-10 00:43:10 - [MESSAGE][PASSED] - All options with index in [23] are selected on object 'Object Repository/DispensaryToStore/Page_Dispensary Store/select_--Select--Adernaline 0.'

2018-06-10 00:43:10 - [TEST_STEP][PASSED] - delay: Delayed 1 second(s)

2018-06-10 00:43:11 - [MESSAGE][PASSED] - Delayed 1 second(s)

2018-06-10 00:43:11 - [TEST_STEP][PASSED] - setText: Text '10' is set on object 'Object Repository/DispensaryToStore/Page_Dispensary Store/input_txttreat'

2018-06-10 00:43:11 - [MESSAGE][PASSED] - Text '10' is set on object 'Object Repository/DispensaryToStore/Page_Dispensary Store/input_txttreat'

2018-06-10 00:43:11 - [TEST_STEP][PASSED] - click: Object: 'Object Repository/DispensaryToStore/Page_Dispensary Store/button_Add' is clicked on

2018-06-10 00:43:11 - [MESSAGE][PASSED] - Object: 'Object Repository/DispensaryToStore/Page_Dispensary Store/button_Add' is clicked on

2018-06-10 00:43:11 - [TEST_STEP][PASSED] - delay: Delayed 1 second(s)

2018-06-10 00:43:12 - [MESSAGE][PASSED] - Delayed 1 second(s)

2018-06-10 00:43:12 - [TEST_STEP][PASSED] - selectOptionByIndex: All options with index in [11] are selected on object 'Object Repository/DispensaryToStore/Page_Dispensary Store/select_--Select--Schedule 1Inj'

2018-06-10 00:43:12 - [MESSAGE][PASSED] - All options with index in [11] are selected on object 'Object Repository/DispensaryToStore/Page_Dispensary Store/select_--Select--Schedule 1Inj'

2018-06-10 00:43:12 - [TEST_STEP][PASSED] - delay: Delayed 1 second(s)

2018-06-10 00:43:13 - [MESSAGE][PASSED] - Delayed 1 second(s)

2018-06-10 00:43:13 - [TEST_STEP][PASSED] - selectOptionByIndex: All options with index in [24] are selected on object 'Object Repository/DispensaryToStore/Page_Dispensary Store/select_--Select--Adernaline 0.'

2018-06-10 00:43:13 - [MESSAGE][PASSED] - All options with index in [24] are selected on object 'Object Repository/DispensaryToStore/Page_Dispensary Store/select_--Select--Adernaline 0.'

2018-06-10 00:43:13 - [TEST_STEP][PASSED] - delay: Delayed 1 second(s)

2018-06-10 00:43:14 - [MESSAGE][PASSED] - Delayed 1 second(s)

2018-06-10 00:43:14 - [TEST_STEP][PASSED] - setText: Text '10' is set on object 'Object Repository/DispensaryToStore/Page_Dispensary Store/input_txttreat'

2018-06-10 00:43:15 - [MESSAGE][PASSED] - Text '10' is set on object 'Object Repository/DispensaryToStore/Page_Dispensary Store/input_txttreat'

2018-06-10 00:43:15 - [TEST_STEP][PASSED] - click: Object: 'Object Repository/DispensaryToStore/Page_Dispensary Store/button_Add' is clicked on

2018-06-10 00:43:15 - [MESSAGE][PASSED] - Object: 'Object Repository/DispensaryToStore/Page_Dispensary Store/button_Add' is clicked on

2018-06-10 00:43:15 - [TEST_STEP][PASSED] - delay: Delayed 1 second(s)

2018-06-10 00:43:16 - [MESSAGE][PASSED] - Delayed 1 second(s)

2018-06-10 00:43:16 - [TEST_STEP][PASSED] - selectOptionByIndex: All options with index in [11] are selected on object 'Object Repository/DispensaryToStore/Page_Dispensary Store/select_--Select--Schedule 1Inj'

2018-06-10 00:43:16 - [MESSAGE][PASSED] - All options with index in [11] are selected on object 'Object Repository/DispensaryToStore/Page_Dispensary Store/select_--Select--Schedule 1Inj'

2018-06-10 00:43:16 - [TEST_STEP][PASSED] - delay: Delayed 1 second(s)

2018-06-10 00:43:17 - [MESSAGE][PASSED] - Delayed 1 second(s)

2018-06-10 00:43:17 - [TEST_STEP][PASSED] - selectOptionByIndex: All options with index in [25] are selected on object 'Object Repository/DispensaryToStore/Page_Dispensary Store/select_--Select--Adernaline 0.'

2018-06-10 00:43:17 - [MESSAGE][PASSED] - All options with index in [25] are selected on object 'Object Repository/DispensaryToStore/Page_Dispensary Store/select_--Select--Adernaline 0.'

2018-06-10 00:43:17 - [TEST_STEP][PASSED] - delay: Delayed 1 second(s)

2018-06-10 00:43:18 - [MESSAGE][PASSED] - Delayed 1 second(s)

2018-06-10 00:43:18 - [TEST_STEP][PASSED] - setText: Text '10' is set on object 'Object Repository/DispensaryToStore/Page_Dispensary Store/input_txttreat'

2018-06-10 00:43:18 - [MESSAGE][PASSED] - Text '10' is set on object 'Object Repository/DispensaryToStore/Page_Dispensary Store/input_txttreat'

2018-06-10 00:43:18 - [TEST_STEP][PASSED] - click: Object: 'Object Repository/DispensaryToStore/Page_Dispensary Store/button_Add' is clicked on

2018-06-10 00:43:18 - [MESSAGE][PASSED] - Object: 'Object Repository/DispensaryToStore/Page_Dispensary Store/button_Add' is clicked on

2018-06-10 00:43:18 - [TEST_STEP][PASSED] - delay: Delayed 1 second(s)

2018-06-10 00:43:19 - [MESSAGE][PASSED] - Delayed 1 second(s)

2018-06-10 00:43:19 - [TEST_STEP][PASSED] - selectOptionByIndex: All options with index in [11] are selected on object 'Object Repository/DispensaryToStore/Page_Dispensary Store/select_--Select--Schedule 1Inj'

2018-06-10 00:43:20 - [MESSAGE][PASSED] - All options with index in [11] are selected on object 'Object Repository/DispensaryToStore/Page_Dispensary Store/select_--Select--Schedule 1Inj'

2018-06-10 00:43:20 - [TEST_STEP][PASSED] - delay: Delayed 1 second(s)

2018-06-10 00:43:21 - [MESSAGE][PASSED] - Delayed 1 second(s)

2018-06-10 00:43:21 - [TEST_STEP][PASSED] - selectOptionByIndex: All options with index in [26] are selected on object 'Object Repository/DispensaryToStore/Page_Dispensary Store/select_--Select--Adernaline 0.'

2018-06-10 00:43:21 - [MESSAGE][PASSED] - All options with index in [26] are selected on object 'Object Repository/DispensaryToStore/Page_Dispensary Store/select_--Select--Adernaline 0.'

2018-06-10 00:43:21 - [TEST_STEP][PASSED] - delay: Delayed 1 second(s)

2018-06-10 00:43:22 - [MESSAGE][PASSED] - Delayed 1 second(s)

2018-06-10 00:43:22 - [TEST_STEP][PASSED] - setText: Text '10' is set on object 'Object Repository/DispensaryToStore/Page_Dispensary Store/input_txttreat'

2018-06-10 00:43:22 - [MESSAGE][PASSED] - Text '10' is set on object 'Object Repository/DispensaryToStore/Page_Dispensary Store/input_txttreat'

2018-06-10 00:43:22 - [TEST_STEP][PASSED] - click: Object: 'Object Repository/DispensaryToStore/Page_Dispensary Store/button_Add' is clicked on

2018-06-10 00:43:22 - [MESSAGE][PASSED] - Object: 'Object Repository/DispensaryToStore/Page_Dispensary Store/button_Add' is clicked on

2018-06-10 00:43:22 - [TEST_STEP][PASSED] - delay: Delayed 1 second(s)

2018-06-10 00:43:23 - [MESSAGE][PASSED] - Delayed 1 second(s)

2018-06-10 00:43:23 - [TEST_STEP][PASSED] - selectOptionByIndex: All options with index in [11] are selected on object 'Object Repository/DispensaryToStore/Page_Dispensary Store/select_--Select--Schedule 1Inj'

2018-06-10 00:43:23 - [MESSAGE][PASSED] - All options with index in [11] are selected on object 'Object Repository/DispensaryToStore/Page_Dispensary Store/select_--Select--Schedule 1Inj'

2018-06-10 00:43:23 - [TEST_STEP][PASSED] - delay: Delayed 1 second(s)

2018-06-10 00:43:24 - [MESSAGE][PASSED] - Delayed 1 second(s)

2018-06-10 00:43:24 - [TEST_STEP][PASSED] - selectOptionByIndex: All options with index in [27] are selected on object 'Object Repository/DispensaryToStore/Page_Dispensary Store/select_--Select--Adernaline 0.'

2018-06-10 00:43:25 - [MESSAGE][PASSED] - All options with index in [27] are selected on object 'Object Repository/DispensaryToStore/Page_Dispensary Store/select_--Select--Adernaline 0.'

2018-06-10 00:43:25 - [TEST_STEP][PASSED] - delay: Delayed 1 second(s)

2018-06-10 00:43:26 - [MESSAGE][PASSED] - Delayed 1 second(s)

2018-06-10 00:43:26 - [TEST_STEP][PASSED] - setText: Text '10' is set on object 'Object Repository/DispensaryToStore/Page_Dispensary Store/input_txttreat'

2018-06-10 00:43:26 - [MESSAGE][PASSED] - Text '10' is set on object 'Object Repository/DispensaryToStore/Page_Dispensary Store/input_txttreat'

2018-06-10 00:43:26 - [TEST_STEP][PASSED] - click: Object: 'Object Repository/DispensaryToStore/Page_Dispensary Store/button_Add' is clicked on

2018-06-10 00:43:26 - [MESSAGE][PASSED] - Object: 'Object Repository/DispensaryToStore/Page_Dispensary Store/button_Add' is clicked on

2018-06-10 00:43:26 - [TEST_STEP][PASSED] - delay: Delayed 1 second(s)

2018-06-10 00:43:27 - [MESSAGE][PASSED] - Delayed 1 second(s)

2018-06-10 00:43:27 - [TEST_STEP][PASSED] - selectOptionByIndex: All options with index in [11] are selected on object 'Object Repository/DispensaryToStore/Page_Dispensary Store/select_--Select--Schedule 1Inj'

2018-06-10 00:43:27 - [MESSAGE][PASSED] - All options with index in [11] are selected on object 'Object Repository/DispensaryToStore/Page_Dispensary Store/select_--Select--Schedule 1Inj'

2018-06-10 00:43:27 - [TEST_STEP][PASSED] - delay: Delayed 1 second(s)

2018-06-10 00:43:28 - [MESSAGE][PASSED] - Delayed 1 second(s)

2018-06-10 00:43:28 - [TEST_STEP][PASSED] - selectOptionByIndex: All options with index in [28] are selected on object 'Object Repository/DispensaryToStore/Page_Dispensary Store/select_--Select--Adernaline 0.'

2018-06-10 00:43:29 - [MESSAGE][PASSED] - All options with index in [28] are selected on object 'Object Repository/DispensaryToStore/Page_Dispensary Store/select_--Select--Adernaline 0.'

2018-06-10 00:43:29 - [TEST_STEP][PASSED] - delay: Delayed 1 second(s)

2018-06-10 00:43:30 - [MESSAGE][PASSED] - Delayed 1 second(s)

2018-06-10 00:43:30 - [TEST_STEP][PASSED] - setText: Text '10' is set on object 'Object Repository/DispensaryToStore/Page_Dispensary Store/input_txttreat'

2018-06-10 00:43:30 - [MESSAGE][PASSED] - Text '10' is set on object 'Object Repository/DispensaryToStore/Page_Dispensary Store/input_txttreat'

2018-06-10 00:43:30 - [TEST_STEP][PASSED] - click: Object: 'Object Repository/DispensaryToStore/Page_Dispensary Store/button_Add' is clicked on

2018-06-10 00:43:30 - [MESSAGE][PASSED] - Object: 'Object Repository/DispensaryToStore/Page_Dispensary Store/button_Add' is clicked on

2018-06-10 00:43:30 - [TEST_STEP][PASSED] - delay: Delayed 1 second(s)

2018-06-10 00:43:31 - [MESSAGE][PASSED] - Delayed 1 second(s)

2018-06-10 00:43:31 - [TEST_STEP][PASSED] - selectOptionByIndex: All options with index in [11] are selected on object 'Object Repository/DispensaryToStore/Page_Dispensary Store/select_--Select--Schedule 1Inj'

2018-06-10 00:43:31 - [MESSAGE][PASSED] - All options with index in [11] are selected on object 'Object Repository/DispensaryToStore/Page_Dispensary Store/select_--Select--Schedule 1Inj'

2018-06-10 00:43:31 - [TEST_STEP][PASSED] - delay: Delayed 1 second(s)

2018-06-10 00:43:32 - [MESSAGE][PASSED] - Delayed 1 second(s)

2018-06-10 00:43:32 - [TEST_STEP][PASSED] - selectOptionByIndex: All options with index in [29] are selected on object 'Object Repository/DispensaryToStore/Page_Dispensary Store/select_--Select--Adernaline 0.'

2018-06-10 00:43:32 - [MESSAGE][PASSED] - All options with index in [29] are selected on object 'Object Repository/DispensaryToStore/Page_Dispensary Store/select_--Select--Adernaline 0.'

2018-06-10 00:43:32 - [TEST_STEP][PASSED] - delay: Delayed 1 second(s)

2018-06-10 00:43:33 - [MESSAGE][PASSED] - Delayed 1 second(s)

2018-06-10 00:43:33 - [TEST_STEP][PASSED] - setText: Text '10' is set on object 'Object Repository/DispensaryToStore/Page_Dispensary Store/input_txttreat'

2018-06-10 00:43:33 - [MESSAGE][PASSED] - Text '10' is set on object 'Object Repository/DispensaryToStore/Page_Dispensary Store/input_txttreat'

2018-06-10 00:43:33 - [TEST_STEP][PASSED] - click: Object: 'Object Repository/DispensaryToStore/Page_Dispensary Store/button_Add' is clicked on

2018-06-10 00:43:34 - [MESSAGE][PASSED] - Object: 'Object Repository/DispensaryToStore/Page_Dispensary Store/button_Add' is clicked on

2018-06-10 00:43:34 - [TEST_STEP][PASSED] - delay: Delayed 1 second(s)

2018-06-10 00:43:35 - [MESSAGE][PASSED] - Delayed 1 second(s)

2018-06-10 00:43:35 - [TEST_STEP][PASSED] - selectOptionByIndex: All options with index in [11] are selected on object 'Object Repository/DispensaryToStore/Page_Dispensary Store/select_--Select--Schedule 1Inj'

2018-06-10 00:43:35 - [MESSAGE][PASSED] - All options with index in [11] are selected on object 'Object Repository/DispensaryToStore/Page_Dispensary Store/select_--Select--Schedule 1Inj'

2018-06-10 00:43:35 - [TEST_STEP][PASSED] - delay: Delayed 1 second(s)

2018-06-10 00:43:36 - [MESSAGE][PASSED] - Delayed 1 second(s)

2018-06-10 00:43:36 - [TEST_STEP][PASSED] - selectOptionByIndex: All options with index in [30] are selected on object 'Object Repository/DispensaryToStore/Page_Dispensary Store/select_--Select--Adernaline 0.'

2018-06-10 00:43:36 - [MESSAGE][PASSED] - All options with index in [30] are selected on object 'Object Repository/DispensaryToStore/Page_Dispensary Store/select_--Select--Adernaline 0.'

2018-06-10 00:43:36 - [TEST_STEP][PASSED] - delay: Delayed 1 second(s)

2018-06-10 00:43:37 - [MESSAGE][PASSED] - Delayed 1 second(s)

2018-06-10 00:43:37 - [TEST_STEP][PASSED] - setText: Text '10' is set on object 'Object Repository/DispensaryToStore/Page_Dispensary Store/input_txttreat'

2018-06-10 00:43:37 - [MESSAGE][PASSED] - Text '10' is set on object 'Object Repository/DispensaryToStore/Page_Dispensary Store/input_txttreat'

2018-06-10 00:43:37 - [TEST_STEP][PASSED] - click: Object: 'Object Repository/DispensaryToStore/Page_Dispensary Store/button_Add' is clicked on

2018-06-10 00:43:37 - [MESSAGE][PASSED] - Object: 'Object Repository/DispensaryToStore/Page_Dispensary Store/button_Add' is clicked on

2018-06-10 00:43:37 - [TEST_STEP][PASSED] - delay: Delayed 1 second(s)

2018-06-10 00:43:38 - [MESSAGE][PASSED] - Delayed 1 second(s)

2018-06-10 00:43:38 - [TEST_STEP][PASSED] - selectOptionByIndex: All options with index in [11] are selected on object 'Object Repository/DispensaryToStore/Page_Dispensary Store/select_--Select--Schedule 1Inj'

2018-06-10 00:43:39 - [MESSAGE][PASSED] - All options with index in [11] are selected on object 'Object Repository/DispensaryToStore/Page_Dispensary Store/select_--Select--Schedule 1Inj'

2018-06-10 00:43:39 - [TEST_STEP][PASSED] - delay: Delayed 1 second(s)

2018-06-10 00:43:40 - [MESSAGE][PASSED] - Delayed 1 second(s)

2018-06-10 00:43:40 - [TEST_STEP][PASSED] - selectOptionByIndex: All options with index in [31] are selected on object 'Object Repository/DispensaryToStore/Page_Dispensary Store/select_--Select--Adernaline 0.'

2018-06-10 00:43:40 - [MESSAGE][PASSED] - All options with index in [31] are selected on object 'Object Repository/DispensaryToStore/Page_Dispensary Store/select_--Select--Adernaline 0.'

2018-06-10 00:43:40 - [TEST_STEP][PASSED] - delay: Delayed 1 second(s)

2018-06-10 00:43:41 - [MESSAGE][PASSED] - Delayed 1 second(s)

2018-06-10 00:43:41 - [TEST_STEP][PASSED] - setText: Text '10' is set on object 'Object Repository/DispensaryToStore/Page_Dispensary Store/input_txttreat'

2018-06-10 00:43:41 - [MESSAGE][PASSED] - Text '10' is set on object 'Object Repository/DispensaryToStore/Page_Dispensary Store/input_txttreat'

2018-06-10 00:43:41 - [TEST_STEP][PASSED] - click: Object: 'Object Repository/DispensaryToStore/Page_Dispensary Store/button_Add' is clicked on

2018-06-10 00:43:41 - [MESSAGE][PASSED] - Object: 'Object Repository/DispensaryToStore/Page_Dispensary Store/button_Add' is clicked on

2018-06-10 00:43:41 - [TEST_STEP][PASSED] - delay: Delayed 1 second(s)

2018-06-10 00:43:42 - [MESSAGE][PASSED] - Delayed 1 second(s)

2018-06-10 00:43:42 - [TEST_STEP][PASSED] - selectOptionByIndex: All options with index in [11] are selected on object 'Object Repository/DispensaryToStore/Page_Dispensary Store/select_--Select--Schedule 1Inj'

2018-06-10 00:43:42 - [MESSAGE][PASSED] - All options with index in [11] are selected on object 'Object Repository/DispensaryToStore/Page_Dispensary Store/select_--Select--Schedule 1Inj'

2018-06-10 00:43:42 - [TEST_STEP][PASSED] - delay: Delayed 1 second(s)

2018-06-10 00:43:43 - [MESSAGE][PASSED] - Delayed 1 second(s)

2018-06-10 00:43:43 - [TEST_STEP][PASSED] - selectOptionByIndex: All options with index in [32] are selected on object 'Object Repository/DispensaryToStore/Page_Dispensary Store/select_--Select--Adernaline 0.'

2018-06-10 00:43:44 - [MESSAGE][PASSED] - All options with index in [32] are selected on object 'Object Repository/DispensaryToStore/Page_Dispensary Store/select_--Select--Adernaline 0.'

2018-06-10 00:43:44 - [TEST_STEP][PASSED] - delay: Delayed 1 second(s)

2018-06-10 00:43:45 - [MESSAGE][PASSED] - Delayed 1 second(s)

2018-06-10 00:43:45 - [TEST_STEP][PASSED] - setText: Text '10' is set on object 'Object Repository/DispensaryToStore/Page_Dispensary Store/input_txttreat'

2018-06-10 00:43:45 - [MESSAGE][PASSED] - Text '10' is set on object 'Object Repository/DispensaryToStore/Page_Dispensary Store/input_txttreat'

2018-06-10 00:43:45 - [TEST_STEP][PASSED] - click: Object: 'Object Repository/DispensaryToStore/Page_Dispensary Store/button_Add' is clicked on

2018-06-10 00:43:45 - [MESSAGE][PASSED] - Object: 'Object Repository/DispensaryToStore/Page_Dispensary Store/button_Add' is clicked on

2018-06-10 00:43:45 - [TEST_STEP][PASSED] - delay: Delayed 1 second(s)

2018-06-10 00:43:46 - [MESSAGE][PASSED] - Delayed 1 second(s)

2018-06-10 00:43:46 - [TEST_STEP][PASSED] - selectOptionByIndex: All options with index in [11] are selected on object 'Object Repository/DispensaryToStore/Page_Dispensary Store/select_--Select--Schedule 1Inj'

2018-06-10 00:43:46 - [MESSAGE][PASSED] - All options with index in [11] are selected on object 'Object Repository/DispensaryToStore/Page_Dispensary Store/select_--Select--Schedule 1Inj'

2018-06-10 00:43:46 - [TEST_STEP][PASSED] - delay: Delayed 1 second(s)

2018-06-10 00:43:47 - [MESSAGE][PASSED] - Delayed 1 second(s)

2018-06-10 00:43:47 - [TEST_STEP][PASSED] - selectOptionByIndex: All options with index in [33] are selected on object 'Object Repository/DispensaryToStore/Page_Dispensary Store/select_--Select--Adernaline 0.'

2018-06-10 00:43:48 - [MESSAGE][PASSED] - All options with index in [33] are selected on object 'Object Repository/DispensaryToStore/Page_Dispensary Store/select_--Select--Adernaline 0.'

2018-06-10 00:43:48 - [TEST_STEP][PASSED] - delay: Delayed 1 second(s)

2018-06-10 00:43:49 - [MESSAGE][PASSED] - Delayed 1 second(s)

2018-06-10 00:43:49 - [TEST_STEP][PASSED] - setText: Text '10' is set on object 'Object Repository/DispensaryToStore/Page_Dispensary Store/input_txttreat'

2018-06-10 00:43:49 - [MESSAGE][PASSED] - Text '10' is set on object 'Object Repository/DispensaryToStore/Page_Dispensary Store/input_txttreat'

2018-06-10 00:43:49 - [TEST_STEP][PASSED] - click: Object: 'Object Repository/DispensaryToStore/Page_Dispensary Store/button_Add' is clicked on

2018-06-10 00:43:49 - [MESSAGE][PASSED] - Object: 'Object Repository/DispensaryToStore/Page_Dispensary Store/button_Add' is clicked on

2018-06-10 00:43:49 - [TEST_STEP][PASSED] - delay: Delayed 1 second(s)

2018-06-10 00:43:50 - [MESSAGE][PASSED] - Delayed 1 second(s)

2018-06-10 00:43:50 - [TEST_STEP][PASSED] - selectOptionByIndex: All options with index in [11] are selected on object 'Object Repository/DispensaryToStore/Page_Dispensary Store/select_--Select--Schedule 1Inj'

2018-06-10 00:43:50 - [MESSAGE][PASSED] - All options with index in [11] are selected on object 'Object Repository/DispensaryToStore/Page_Dispensary Store/select_--Select--Schedule 1Inj'

2018-06-10 00:43:50 - [TEST_STEP][PASSED] - delay: Delayed 1 second(s)

2018-06-10 00:43:51 - [MESSAGE][PASSED] - Delayed 1 second(s)

2018-06-10 00:43:51 - [TEST_STEP][PASSED] - selectOptionByIndex: All options with index in [34] are selected on object 'Object Repository/DispensaryToStore/Page_Dispensary Store/select_--Select--Adernaline 0.'

2018-06-10 00:43:52 - [MESSAGE][PASSED] - All options with index in [34] are selected on object 'Object Repository/DispensaryToStore/Page_Dispensary Store/select_--Select--Adernaline 0.'

2018-06-10 00:43:52 - [TEST_STEP][PASSED] - delay: Delayed 1 second(s)

2018-06-10 00:43:53 - [MESSAGE][PASSED] - Delayed 1 second(s)

2018-06-10 00:43:53 - [TEST_STEP][PASSED] - setText: Text '10' is set on object 'Object Repository/DispensaryToStore/Page_Dispensary Store/input_txttreat'

2018-06-10 00:43:53 - [MESSAGE][PASSED] - Text '10' is set on object 'Object Repository/DispensaryToStore/Page_Dispensary Store/input_txttreat'

2018-06-10 00:43:53 - [TEST_STEP][PASSED] - click: Object: 'Object Repository/DispensaryToStore/Page_Dispensary Store/button_Add' is clicked on

2018-06-10 00:43:53 - [MESSAGE][PASSED] - Object: 'Object Repository/DispensaryToStore/Page_Dispensary Store/button_Add' is clicked on

2018-06-10 00:43:53 - [TEST_STEP][PASSED] - delay: Delayed 1 second(s)

2018-06-10 00:43:54 - [MESSAGE][PASSED] - Delayed 1 second(s)

2018-06-10 00:43:54 - [TEST_STEP][PASSED] - selectOptionByIndex: All options with index in [11] are selected on object 'Object Repository/DispensaryToStore/Page_Dispensary Store/select_--Select--Schedule 1Inj'

2018-06-10 00:43:54 - [MESSAGE][PASSED] - All options with index in [11] are selected on object 'Object Repository/DispensaryToStore/Page_Dispensary Store/select_--Select--Schedule 1Inj'

2018-06-10 00:43:54 - [TEST_STEP][PASSED] - delay: Delayed 1 second(s)

2018-06-10 00:43:55 - [MESSAGE][PASSED] - Delayed 1 second(s)

2018-06-10 00:43:55 - [TEST_STEP][PASSED] - selectOptionByIndex: All options with index in [35] are selected on object 'Object Repository/DispensaryToStore/Page_Dispensary Store/select_--Select--Adernaline 0.'

2018-06-10 00:43:55 - [MESSAGE][PASSED] - All options with index in [35] are selected on object 'Object Repository/DispensaryToStore/Page_Dispensary Store/select_--Select--Adernaline 0.'

2018-06-10 00:43:55 - [TEST_STEP][PASSED] - delay: Delayed 1 second(s)

2018-06-10 00:43:56 - [MESSAGE][PASSED] - Delayed 1 second(s)

2018-06-10 00:43:56 - [TEST_STEP][PASSED] - setText: Text '10' is set on object 'Object Repository/DispensaryToStore/Page_Dispensary Store/input_txttreat'

2018-06-10 00:43:56 - [MESSAGE][PASSED] - Text '10' is set on object 'Object Repository/DispensaryToStore/Page_Dispensary Store/input_txttreat'

2018-06-10 00:43:56 - [TEST_STEP][PASSED] - click: Object: 'Object Repository/DispensaryToStore/Page_Dispensary Store/button_Add' is clicked on

2018-06-10 00:43:57 - [MESSAGE][PASSED] - Object: 'Object Repository/DispensaryToStore/Page_Dispensary Store/button_Add' is clicked on

2018-06-10 00:43:57 - [TEST_STEP][PASSED] - delay: Delayed 1 second(s)

2018-06-10 00:43:58 - [MESSAGE][PASSED] - Delayed 1 second(s)

2018-06-10 00:43:58 - [TEST_STEP][PASSED] - selectOptionByIndex: All options with index in [11] are selected on object 'Object Repository/DispensaryToStore/Page_Dispensary Store/select_--Select--Schedule 1Inj'

2018-06-10 00:43:58 - [MESSAGE][PASSED] - All options with index in [11] are selected on object 'Object Repository/DispensaryToStore/Page_Dispensary Store/select_--Select--Schedule 1Inj'

2018-06-10 00:43:58 - [TEST_STEP][PASSED] - delay: Delayed 1 second(s)

2018-06-10 00:43:59 - [MESSAGE][PASSED] - Delayed 1 second(s)

2018-06-10 00:43:59 - [TEST_STEP][PASSED] - selectOptionByIndex: All options with index in [36] are selected on object 'Object Repository/DispensaryToStore/Page_Dispensary Store/select_--Select--Adernaline 0.'

2018-06-10 00:43:59 - [MESSAGE][PASSED] - All options with index in [36] are selected on object 'Object Repository/DispensaryToStore/Page_Dispensary Store/select_--Select--Adernaline 0.'

2018-06-10 00:43:59 - [TEST_STEP][PASSED] - delay: Delayed 1 second(s)

2018-06-10 00:44:00 - [MESSAGE][PASSED] - Delayed 1 second(s)

2018-06-10 00:44:00 - [TEST_STEP][PASSED] - setText: Text '10' is set on object 'Object Repository/DispensaryToStore/Page_Dispensary Store/input_txttreat'

2018-06-10 00:44:00 - [MESSAGE][PASSED] - Text '10' is set on object 'Object Repository/DispensaryToStore/Page_Dispensary Store/input_txttreat'

2018-06-10 00:44:00 - [TEST_STEP][PASSED] - click: Object: 'Object Repository/DispensaryToStore/Page_Dispensary Store/button_Add' is clicked on

2018-06-10 00:44:00 - [MESSAGE][PASSED] - Object: 'Object Repository/DispensaryToStore/Page_Dispensary Store/button_Add' is clicked on

2018-06-10 00:44:00 - [TEST_STEP][PASSED] - delay: Delayed 1 second(s)

2018-06-10 00:44:01 - [MESSAGE][PASSED] - Delayed 1 second(s)

2018-06-10 00:44:01 - [TEST_STEP][PASSED] - selectOptionByIndex: All options with index in [11] are selected on object 'Object Repository/DispensaryToStore/Page_Dispensary Store/select_--Select--Schedule 1Inj'

2018-06-10 00:44:02 - [MESSAGE][PASSED] - All options with index in [11] are selected on object 'Object Repository/DispensaryToStore/Page_Dispensary Store/select_--Select--Schedule 1Inj'

2018-06-10 00:44:02 - [TEST_STEP][PASSED] - delay: Delayed 1 second(s)

2018-06-10 00:44:03 - [MESSAGE][PASSED] - Delayed 1 second(s)

2018-06-10 00:44:03 - [TEST_STEP][PASSED] - selectOptionByIndex: All options with index in [37] are selected on object 'Object Repository/DispensaryToStore/Page_Dispensary Store/select_--Select--Adernaline 0.'

2018-06-10 00:44:03 - [MESSAGE][PASSED] - All options with index in [37] are selected on object 'Object Repository/DispensaryToStore/Page_Dispensary Store/select_--Select--Adernaline 0.'

2018-06-10 00:44:03 - [TEST_STEP][PASSED] - delay: Delayed 1 second(s)

2018-06-10 00:44:04 - [MESSAGE][PASSED] - Delayed 1 second(s)

2018-06-10 00:44:04 - [TEST_STEP][PASSED] - setText: Text '10' is set on object 'Object Repository/DispensaryToStore/Page_Dispensary Store/input_txttreat'

2018-06-10 00:44:04 - [MESSAGE][PASSED] - Text '10' is set on object 'Object Repository/DispensaryToStore/Page_Dispensary Store/input_txttreat'

2018-06-10 00:44:04 - [TEST_STEP][PASSED] - click: Object: 'Object Repository/DispensaryToStore/Page_Dispensary Store/button_Add' is clicked on

2018-06-10 00:44:04 - [MESSAGE][PASSED] - Object: 'Object Repository/DispensaryToStore/Page_Dispensary Store/button_Add' is clicked on

2018-06-10 00:44:04 - [TEST_STEP][PASSED] - delay: Delayed 1 second(s)

2018-06-10 00:44:05 - [MESSAGE][PASSED] - Delayed 1 second(s)

2018-06-10 00:44:05 - [TEST_STEP][PASSED] - selectOptionByIndex: All options with index in [11] are selected on object 'Object Repository/DispensaryToStore/Page_Dispensary Store/select_--Select--Schedule 1Inj'

2018-06-10 00:44:06 - [MESSAGE][PASSED] - All options with index in [11] are selected on object 'Object Repository/DispensaryToStore/Page_Dispensary Store/select_--Select--Schedule 1Inj'

2018-06-10 00:44:06 - [TEST_STEP][PASSED] - delay: Delayed 1 second(s)

2018-06-10 00:44:07 - [MESSAGE][PASSED] - Delayed 1 second(s)

2018-06-10 00:44:07 - [TEST_STEP][PASSED] - selectOptionByIndex: All options with index in [38] are selected on object 'Object Repository/DispensaryToStore/Page_Dispensary Store/select_--Select--Adernaline 0.'

2018-06-10 00:44:07 - [MESSAGE][PASSED] - All options with index in [38] are selected on object 'Object Repository/DispensaryToStore/Page_Dispensary Store/select_--Select--Adernaline 0.'

2018-06-10 00:44:07 - [TEST_STEP][PASSED] - delay: Delayed 1 second(s)

2018-06-10 00:44:08 - [MESSAGE][PASSED] - Delayed 1 second(s)

2018-06-10 00:44:08 - [TEST_STEP][PASSED] - setText: Text '10' is set on object 'Object Repository/DispensaryToStore/Page_Dispensary Store/input_txttreat'

2018-06-10 00:44:08 - [MESSAGE][PASSED] - Text '10' is set on object 'Object Repository/DispensaryToStore/Page_Dispensary Store/input_txttreat'

2018-06-10 00:44:08 - [TEST_STEP][PASSED] - click: Object: 'Object Repository/DispensaryToStore/Page_Dispensary Store/button_Add' is clicked on

2018-06-10 00:44:08 - [MESSAGE][PASSED] - Object: 'Object Repository/DispensaryToStore/Page_Dispensary Store/button_Add' is clicked on

2018-06-10 00:44:08 - [TEST_STEP][PASSED] - delay: Delayed 1 second(s)

2018-06-10 00:44:09 - [MESSAGE][PASSED] - Delayed 1 second(s)

2018-06-10 00:44:09 - [TEST_STEP][PASSED] - selectOptionByIndex: All options with index in [11] are selected on object 'Object Repository/DispensaryToStore/Page_Dispensary Store/select_--Select--Schedule 1Inj'

2018-06-10 00:44:09 - [MESSAGE][PASSED] - All options with index in [11] are selected on object 'Object Repository/DispensaryToStore/Page_Dispensary Store/select_--Select--Schedule 1Inj'

2018-06-10 00:44:09 - [TEST_STEP][PASSED] - delay: Delayed 1 second(s)

2018-06-10 00:44:10 - [MESSAGE][PASSED] - Delayed 1 second(s)

2018-06-10 00:44:10 - [TEST_STEP][PASSED] - selectOptionByIndex: All options with index in [39] are selected on object 'Object Repository/DispensaryToStore/Page_Dispensary Store/select_--Select--Adernaline 0.'

2018-06-10 00:44:11 - [MESSAGE][PASSED] - All options with index in [39] are selected on object 'Object Repository/DispensaryToStore/Page_Dispensary Store/select_--Select--Adernaline 0.'

2018-06-10 00:44:11 - [TEST_STEP][PASSED] - delay: Delayed 1 second(s)

2018-06-10 00:44:12 - [MESSAGE][PASSED] - Delayed 1 second(s)

2018-06-10 00:44:12 - [TEST_STEP][PASSED] - setText: Text '10' is set on object 'Object Repository/DispensaryToStore/Page_Dispensary Store/input_txttreat'

2018-06-10 00:44:12 - [MESSAGE][PASSED] - Text '10' is set on object 'Object Repository/DispensaryToStore/Page_Dispensary Store/input_txttreat'

2018-06-10 00:44:12 - [TEST_STEP][PASSED] - click: Object: 'Object Repository/DispensaryToStore/Page_Dispensary Store/button_Add' is clicked on

2018-06-10 00:44:12 - [MESSAGE][PASSED] - Object: 'Object Repository/DispensaryToStore/Page_Dispensary Store/button_Add' is clicked on

2018-06-10 00:44:12 - [TEST_STEP][PASSED] - delay: Delayed 1 second(s)

2018-06-10 00:44:13 - [MESSAGE][PASSED] - Delayed 1 second(s)

2018-06-10 00:44:13 - [TEST_STEP][PASSED] - selectOptionByIndex: All options with index in [11] are selected on object 'Object Repository/DispensaryToStore/Page_Dispensary Store/select_--Select--Schedule 1Inj'

2018-06-10 00:44:13 - [MESSAGE][PASSED] - All options with index in [11] are selected on object 'Object Repository/DispensaryToStore/Page_Dispensary Store/select_--Select--Schedule 1Inj'

2018-06-10 00:44:13 - [TEST_STEP][PASSED] - delay: Delayed 1 second(s)

2018-06-10 00:44:14 - [MESSAGE][PASSED] - Delayed 1 second(s)

2018-06-10 00:44:14 - [TEST_STEP][PASSED] - selectOptionByIndex: All options with index in [40] are selected on object 'Object Repository/DispensaryToStore/Page_Dispensary Store/select_--Select--Adernaline 0.'

2018-06-10 00:44:15 - [MESSAGE][PASSED] - All options with index in [40] are selected on object 'Object Repository/DispensaryToStore/Page_Dispensary Store/select_--Select--Adernaline 0.'

2018-06-10 00:44:15 - [TEST_STEP][PASSED] - delay: Delayed 1 second(s)

2018-06-10 00:44:16 - [MESSAGE][PASSED] - Delayed 1 second(s)

2018-06-10 00:44:16 - [TEST_STEP][PASSED] - setText: Text '10' is set on object 'Object Repository/DispensaryToStore/Page_Dispensary Store/input_txttreat'

2018-06-10 00:44:16 - [MESSAGE][PASSED] - Text '10' is set on object 'Object Repository/DispensaryToStore/Page_Dispensary Store/input_txttreat'

2018-06-10 00:44:16 - [TEST_STEP][PASSED] - click: Object: 'Object Repository/DispensaryToStore/Page_Dispensary Store/button_Add' is clicked on

2018-06-10 00:44:16 - [MESSAGE][PASSED] - Object: 'Object Repository/DispensaryToStore/Page_Dispensary Store/button_Add' is clicked on

2018-06-10 00:44:16 - [TEST_STEP][PASSED] - delay: Delayed 1 second(s)

2018-06-10 00:44:17 - [MESSAGE][PASSED] - Delayed 1 second(s)

2018-06-10 00:44:17 - [TEST_STEP][PASSED] - selectOptionByIndex: All options with index in [11] are selected on object 'Object Repository/DispensaryToStore/Page_Dispensary Store/select_--Select--Schedule 1Inj'

2018-06-10 00:44:17 - [MESSAGE][PASSED] - All options with index in [11] are selected on object 'Object Repository/DispensaryToStore/Page_Dispensary Store/select_--Select--Schedule 1Inj'

2018-06-10 00:44:17 - [TEST_STEP][PASSED] - delay: Delayed 1 second(s)

2018-06-10 00:44:18 - [MESSAGE][PASSED] - Delayed 1 second(s)

2018-06-10 00:44:18 - [TEST_STEP][PASSED] - selectOptionByIndex: All options with index in [41] are selected on object 'Object Repository/DispensaryToStore/Page_Dispensary Store/select_--Select--Adernaline 0.'

2018-06-10 00:44:19 - [MESSAGE][PASSED] - All options with index in [41] are selected on object 'Object Repository/DispensaryToStore/Page_Dispensary Store/select_--Select--Adernaline 0.'

2018-06-10 00:44:19 - [TEST_STEP][PASSED] - delay: Delayed 1 second(s)

2018-06-10 00:44:20 - [MESSAGE][PASSED] - Delayed 1 second(s)

2018-06-10 00:44:20 - [TEST_STEP][PASSED] - setText: Text '10' is set on object 'Object Repository/DispensaryToStore/Page_Dispensary Store/input_txttreat'

2018-06-10 00:44:20 - [MESSAGE][PASSED] - Text '10' is set on object 'Object Repository/DispensaryToStore/Page_Dispensary Store/input_txttreat'

2018-06-10 00:44:20 - [TEST_STEP][PASSED] - click: Object: 'Object Repository/DispensaryToStore/Page_Dispensary Store/button_Add' is clicked on

2018-06-10 00:44:20 - [MESSAGE][PASSED] - Object: 'Object Repository/DispensaryToStore/Page_Dispensary Store/button_Add' is clicked on

2018-06-10 00:44:20 - [TEST_STEP][PASSED] - delay: Delayed 1 second(s)

2018-06-10 00:44:21 - [MESSAGE][PASSED] - Delayed 1 second(s)

2018-06-10 00:44:21 - [TEST_STEP][PASSED] - selectOptionByIndex: All options with index in [11] are selected on object 'Object Repository/DispensaryToStore/Page_Dispensary Store/select_--Select--Schedule 1Inj'

2018-06-10 00:44:21 - [MESSAGE][PASSED] - All options with index in [11] are selected on object 'Object Repository/DispensaryToStore/Page_Dispensary Store/select_--Select--Schedule 1Inj'

2018-06-10 00:44:21 - [TEST_STEP][PASSED] - delay: Delayed 1 second(s)

2018-06-10 00:44:22 - [MESSAGE][PASSED] - Delayed 1 second(s)

2018-06-10 00:44:22 - [TEST_STEP][PASSED] - selectOptionByIndex: All options with index in [42] are selected on object 'Object Repository/DispensaryToStore/Page_Dispensary Store/select_--Select--Adernaline 0.'

2018-06-10 00:44:23 - [MESSAGE][PASSED] - All options with index in [42] are selected on object 'Object Repository/DispensaryToStore/Page_Dispensary Store/select_--Select--Adernaline 0.'

2018-06-10 00:44:23 - [TEST_STEP][PASSED] - delay: Delayed 1 second(s)

2018-06-10 00:44:24 - [MESSAGE][PASSED] - Delayed 1 second(s)

2018-06-10 00:44:24 - [TEST_STEP][PASSED] - setText: Text '10' is set on object 'Object Repository/DispensaryToStore/Page_Dispensary Store/input_txttreat'

2018-06-10 00:44:24 - [MESSAGE][PASSED] - Text '10' is set on object 'Object Repository/DispensaryToStore/Page_Dispensary Store/input_txttreat'

2018-06-10 00:44:24 - [TEST_STEP][PASSED] - click: Object: 'Object Repository/DispensaryToStore/Page_Dispensary Store/button_Add' is clicked on

2018-06-10 00:44:24 - [MESSAGE][PASSED] - Object: 'Object Repository/DispensaryToStore/Page_Dispensary Store/button_Add' is clicked on

2018-06-10 00:44:24 - [TEST_STEP][PASSED] - delay: Delayed 1 second(s)

2018-06-10 00:44:25 - [MESSAGE][PASSED] - Delayed 1 second(s)

2018-06-10 00:44:25 - [TEST_STEP][PASSED] - selectOptionByIndex: All options with index in [11] are selected on object 'Object Repository/DispensaryToStore/Page_Dispensary Store/select_--Select--Schedule 1Inj'

2018-06-10 00:44:25 - [MESSAGE][PASSED] - All options with index in [11] are selected on object 'Object Repository/DispensaryToStore/Page_Dispensary Store/select_--Select--Schedule 1Inj'

2018-06-10 00:44:25 - [TEST_STEP][PASSED] - delay: Delayed 1 second(s)

2018-06-10 00:44:26 - [MESSAGE][PASSED] - Delayed 1 second(s)

2018-06-10 00:44:26 - [TEST_STEP][PASSED] - selectOptionByIndex: All options with index in [43] are selected on object 'Object Repository/DispensaryToStore/Page_Dispensary Store/select_--Select--Adernaline 0.'

2018-06-10 00:44:27 - [MESSAGE][PASSED] - All options with index in [43] are selected on object 'Object Repository/DispensaryToStore/Page_Dispensary Store/select_--Select--Adernaline 0.'

2018-06-10 00:44:27 - [TEST_STEP][PASSED] - delay: Delayed 1 second(s)

2018-06-10 00:44:28 - [MESSAGE][PASSED] - Delayed 1 second(s)

2018-06-10 00:44:28 - [TEST_STEP][PASSED] - setText: Text '10' is set on object 'Object Repository/DispensaryToStore/Page_Dispensary Store/input_txttreat'

2018-06-10 00:44:28 - [MESSAGE][PASSED] - Text '10' is set on object 'Object Repository/DispensaryToStore/Page_Dispensary Store/input_txttreat'

2018-06-10 00:44:28 - [TEST_STEP][PASSED] - click: Object: 'Object Repository/DispensaryToStore/Page_Dispensary Store/button_Add' is clicked on

2018-06-10 00:44:28 - [MESSAGE][PASSED] - Object: 'Object Repository/DispensaryToStore/Page_Dispensary Store/button_Add' is clicked on

2018-06-10 00:44:28 - [TEST_STEP][PASSED] - delay: Delayed 1 second(s)

2018-06-10 00:44:29 - [MESSAGE][PASSED] - Delayed 1 second(s)

2018-06-10 00:44:29 - [TEST_STEP][PASSED] - selectOptionByIndex: All options with index in [11] are selected on object 'Object Repository/DispensaryToStore/Page_Dispensary Store/select_--Select--Schedule 1Inj'

2018-06-10 00:44:29 - [MESSAGE][PASSED] - All options with index in [11] are selected on object 'Object Repository/DispensaryToStore/Page_Dispensary Store/select_--Select--Schedule 1Inj'

2018-06-10 00:44:29 - [TEST_STEP][PASSED] - delay: Delayed 1 second(s)

2018-06-10 00:44:30 - [MESSAGE][PASSED] - Delayed 1 second(s)

2018-06-10 00:44:30 - [TEST_STEP][PASSED] - selectOptionByIndex: All options with index in [44] are selected on object 'Object Repository/DispensaryToStore/Page_Dispensary Store/select_--Select--Adernaline 0.'

2018-06-10 00:44:31 - [MESSAGE][PASSED] - All options with index in [44] are selected on object 'Object Repository/DispensaryToStore/Page_Dispensary Store/select_--Select--Adernaline 0.'

2018-06-10 00:44:31 - [TEST_STEP][PASSED] - delay: Delayed 1 second(s)

2018-06-10 00:44:32 - [MESSAGE][PASSED] - Delayed 1 second(s)

2018-06-10 00:44:32 - [TEST_STEP][PASSED] - setText: Text '10' is set on object 'Object Repository/DispensaryToStore/Page_Dispensary Store/input_txttreat'

2018-06-10 00:44:32 - [MESSAGE][PASSED] - Text '10' is set on object 'Object Repository/DispensaryToStore/Page_Dispensary Store/input_txttreat'

2018-06-10 00:44:32 - [TEST_STEP][PASSED] - click: Object: 'Object Repository/DispensaryToStore/Page_Dispensary Store/button_Add' is clicked on

2018-06-10 00:44:32 - [MESSAGE][PASSED] - Object: 'Object Repository/DispensaryToStore/Page_Dispensary Store/button_Add' is clicked on

2018-06-10 00:44:32 - [TEST_STEP][PASSED] - delay: Delayed 1 second(s)

2018-06-10 00:44:33 - [MESSAGE][PASSED] - Delayed 1 second(s)

2018-06-10 00:44:33 - [TEST_STEP][PASSED] - selectOptionByIndex: All options with index in [11] are selected on object 'Object Repository/DispensaryToStore/Page_Dispensary Store/select_--Select--Schedule 1Inj'

2018-06-10 00:44:33 - [MESSAGE][PASSED] - All options with index in [11] are selected on object 'Object Repository/DispensaryToStore/Page_Dispensary Store/select_--Select--Schedule 1Inj'

2018-06-10 00:44:33 - [TEST_STEP][PASSED] - delay: Delayed 1 second(s)

2018-06-10 00:44:34 - [MESSAGE][PASSED] - Delayed 1 second(s)

2018-06-10 00:44:34 - [TEST_STEP][PASSED] - selectOptionByIndex: All options with index in [45] are selected on object 'Object Repository/DispensaryToStore/Page_Dispensary Store/select_--Select--Adernaline 0.'

2018-06-10 00:44:35 - [MESSAGE][PASSED] - All options with index in [45] are selected on object 'Object Repository/DispensaryToStore/Page_Dispensary Store/select_--Select--Adernaline 0.'

2018-06-10 00:44:35 - [TEST_STEP][PASSED] - delay: Delayed 1 second(s)

2018-06-10 00:44:36 - [MESSAGE][PASSED] - Delayed 1 second(s)

2018-06-10 00:44:36 - [TEST_STEP][PASSED] - setText: Text '10' is set on object 'Object Repository/DispensaryToStore/Page_Dispensary Store/input_txttreat'

2018-06-10 00:44:36 - [MESSAGE][PASSED] - Text '10' is set on object 'Object Repository/DispensaryToStore/Page_Dispensary Store/input_txttreat'

2018-06-10 00:44:36 - [TEST_STEP][PASSED] - click: Object: 'Object Repository/DispensaryToStore/Page_Dispensary Store/button_Add' is clicked on

2018-06-10 00:44:36 - [MESSAGE][PASSED] - Object: 'Object Repository/DispensaryToStore/Page_Dispensary Store/button_Add' is clicked on

2018-06-10 00:44:36 - [TEST_STEP][PASSED] - delay: Delayed 1 second(s)

2018-06-10 00:44:37 - [MESSAGE][PASSED] - Delayed 1 second(s)

2018-06-10 00:44:37 - [TEST_STEP][PASSED] - selectOptionByIndex: All options with index in [11] are selected on object 'Object Repository/DispensaryToStore/Page_Dispensary Store/select_--Select--Schedule 1Inj'

2018-06-10 00:44:37 - [MESSAGE][PASSED] - All options with index in [11] are selected on object 'Object Repository/DispensaryToStore/Page_Dispensary Store/select_--Select--Schedule 1Inj'

2018-06-10 00:44:37 - [TEST_STEP][PASSED] - delay: Delayed 1 second(s)

2018-06-10 00:44:38 - [MESSAGE][PASSED] - Delayed 1 second(s)

2018-06-10 00:44:38 - [TEST_STEP][PASSED] - selectOptionByIndex: All options with index in [46] are selected on object 'Object Repository/DispensaryToStore/Page_Dispensary Store/select_--Select--Adernaline 0.'

2018-06-10 00:44:39 - [MESSAGE][PASSED] - All options with index in [46] are selected on object 'Object Repository/DispensaryToStore/Page_Dispensary Store/select_--Select--Adernaline 0.'

2018-06-10 00:44:39 - [TEST_STEP][PASSED] - delay: Delayed 1 second(s)

2018-06-10 00:44:40 - [MESSAGE][PASSED] - Delayed 1 second(s)

2018-06-10 00:44:40 - [TEST_STEP][PASSED] - setText: Text '10' is set on object 'Object Repository/DispensaryToStore/Page_Dispensary Store/input_txttreat'

2018-06-10 00:44:40 - [MESSAGE][PASSED] - Text '10' is set on object 'Object Repository/DispensaryToStore/Page_Dispensary Store/input_txttreat'

2018-06-10 00:44:40 - [TEST_STEP][PASSED] - click: Object: 'Object Repository/DispensaryToStore/Page_Dispensary Store/button_Add' is clicked on

2018-06-10 00:44:40 - [MESSAGE][PASSED] - Object: 'Object Repository/DispensaryToStore/Page_Dispensary Store/button_Add' is clicked on

2018-06-10 00:44:40 - [TEST_STEP][PASSED] - delay: Delayed 1 second(s)

2018-06-10 00:44:41 - [MESSAGE][PASSED] - Delayed 1 second(s)

2018-06-10 00:44:41 - [TEST_STEP][PASSED] - selectOptionByIndex: All options with index in [11] are selected on object 'Object Repository/DispensaryToStore/Page_Dispensary Store/select_--Select--Schedule 1Inj'

2018-06-10 00:44:41 - [MESSAGE][PASSED] - All options with index in [11] are selected on object 'Object Repository/DispensaryToStore/Page_Dispensary Store/select_--Select--Schedule 1Inj'

2018-06-10 00:44:41 - [TEST_STEP][PASSED] - delay: Delayed 1 second(s)

2018-06-10 00:44:42 - [MESSAGE][PASSED] - Delayed 1 second(s)

2018-06-10 00:44:42 - [TEST_STEP][PASSED] - selectOptionByIndex: All options with index in [47] are selected on object 'Object Repository/DispensaryToStore/Page_Dispensary Store/select_--Select--Adernaline 0.'

2018-06-10 00:44:43 - [MESSAGE][PASSED] - All options with index in [47] are selected on object 'Object Repository/DispensaryToStore/Page_Dispensary Store/select_--Select--Adernaline 0.'

2018-06-10 00:44:43 - [TEST_STEP][PASSED] - delay: Delayed 1 second(s)

2018-06-10 00:44:44 - [MESSAGE][PASSED] - Delayed 1 second(s)

2018-06-10 00:44:44 - [TEST_STEP][PASSED] - setText: Text '10' is set on object 'Object Repository/DispensaryToStore/Page_Dispensary Store/input_txttreat'

2018-06-10 00:44:44 - [MESSAGE][PASSED] - Text '10' is set on object 'Object Repository/DispensaryToStore/Page_Dispensary Store/input_txttreat'

2018-06-10 00:44:44 - [TEST_STEP][PASSED] - click: Object: 'Object Repository/DispensaryToStore/Page_Dispensary Store/button_Add' is clicked on

2018-06-10 00:44:44 - [MESSAGE][PASSED] - Object: 'Object Repository/DispensaryToStore/Page_Dispensary Store/button_Add' is clicked on

2018-06-10 00:44:44 - [TEST_STEP][PASSED] - delay: Delayed 1 second(s)

2018-06-10 00:44:45 - [MESSAGE][PASSED] - Delayed 1 second(s)

2018-06-10 00:44:45 - [TEST_STEP][PASSED] - selectOptionByIndex: All options with index in [11] are selected on object 'Object Repository/DispensaryToStore/Page_Dispensary Store/select_--Select--Schedule 1Inj'

2018-06-10 00:44:45 - [MESSAGE][PASSED] - All options with index in [11] are selected on object 'Object Repository/DispensaryToStore/Page_Dispensary Store/select_--Select--Schedule 1Inj'

2018-06-10 00:44:45 - [TEST_STEP][PASSED] - delay: Delayed 1 second(s)

2018-06-10 00:44:46 - [MESSAGE][PASSED] - Delayed 1 second(s)

2018-06-10 00:44:46 - [TEST_STEP][PASSED] - selectOptionByIndex: All options with index in [48] are selected on object 'Object Repository/DispensaryToStore/Page_Dispensary Store/select_--Select--Adernaline 0.'

2018-06-10 00:44:47 - [MESSAGE][PASSED] - All options with index in [48] are selected on object 'Object Repository/DispensaryToStore/Page_Dispensary Store/select_--Select--Adernaline 0.'

2018-06-10 00:44:47 - [TEST_STEP][PASSED] - delay: Delayed 1 second(s)

2018-06-10 00:44:48 - [MESSAGE][PASSED] - Delayed 1 second(s)

2018-06-10 00:44:48 - [TEST_STEP][PASSED] - setText: Text '10' is set on object 'Object Repository/DispensaryToStore/Page_Dispensary Store/input_txttreat'

2018-06-10 00:44:48 - [MESSAGE][PASSED] - Text '10' is set on object 'Object Repository/DispensaryToStore/Page_Dispensary Store/input_txttreat'

2018-06-10 00:44:48 - [TEST_STEP][PASSED] - click: Object: 'Object Repository/DispensaryToStore/Page_Dispensary Store/button_Add' is clicked on

2018-06-10 00:44:48 - [MESSAGE][PASSED] - Object: 'Object Repository/DispensaryToStore/Page_Dispensary Store/button_Add' is clicked on

2018-06-10 00:44:48 - [TEST_STEP][PASSED] - delay: Delayed 1 second(s)

2018-06-10 00:44:49 - [MESSAGE][PASSED] - Delayed 1 second(s)

2018-06-10 00:44:49 - [TEST_STEP][PASSED] - selectOptionByIndex: All options with index in [11] are selected on object 'Object Repository/DispensaryToStore/Page_Dispensary Store/select_--Select--Schedule 1Inj'

2018-06-10 00:44:49 - [MESSAGE][PASSED] - All options with index in [11] are selected on object 'Object Repository/DispensaryToStore/Page_Dispensary Store/select_--Select--Schedule 1Inj'

2018-06-10 00:44:49 - [TEST_STEP][PASSED] - delay: Delayed 1 second(s)

2018-06-10 00:44:50 - [MESSAGE][PASSED] - Delayed 1 second(s)

2018-06-10 00:44:50 - [TEST_STEP][PASSED] - selectOptionByIndex: All options with index in [49] are selected on object 'Object Repository/DispensaryToStore/Page_Dispensary Store/select_--Select--Adernaline 0.'

2018-06-10 00:44:51 - [MESSAGE][PASSED] - All options with index in [49] are selected on object 'Object Repository/DispensaryToStore/Page_Dispensary Store/select_--Select--Adernaline 0.'

2018-06-10 00:44:51 - [TEST_STEP][PASSED] - delay: Delayed 1 second(s)

2018-06-10 00:44:52 - [MESSAGE][PASSED] - Delayed 1 second(s)

2018-06-10 00:44:52 - [TEST_STEP][PASSED] - setText: Text '10' is set on object 'Object Repository/DispensaryToStore/Page_Dispensary Store/input_txttreat'

2018-06-10 00:44:52 - [MESSAGE][PASSED] - Text '10' is set on object 'Object Repository/DispensaryToStore/Page_Dispensary Store/input_txttreat'

2018-06-10 00:44:52 - [TEST_STEP][PASSED] - click: Object: 'Object Repository/DispensaryToStore/Page_Dispensary Store/button_Add' is clicked on

2018-06-10 00:44:52 - [MESSAGE][PASSED] - Object: 'Object Repository/DispensaryToStore/Page_Dispensary Store/button_Add' is clicked on

2018-06-10 00:44:52 - [TEST_STEP][PASSED] - delay: Delayed 1 second(s)

2018-06-10 00:44:53 - [MESSAGE][PASSED] - Delayed 1 second(s)

2018-06-10 00:44:53 - [TEST_STEP][PASSED] - selectOptionByIndex: All options with index in [11] are selected on object 'Object Repository/DispensaryToStore/Page_Dispensary Store/select_--Select--Schedule 1Inj'

2018-06-10 00:44:53 - [MESSAGE][PASSED] - All options with index in [11] are selected on object 'Object Repository/DispensaryToStore/Page_Dispensary Store/select_--Select--Schedule 1Inj'

2018-06-10 00:44:53 - [TEST_STEP][PASSED] - delay: Delayed 1 second(s)

2018-06-10 00:44:54 - [MESSAGE][PASSED] - Delayed 1 second(s)

2018-06-10 00:44:54 - [TEST_STEP][PASSED] - selectOptionByIndex: All options with index in [50] are selected on object 'Object Repository/DispensaryToStore/Page_Dispensary Store/select_--Select--Adernaline 0.'

2018-06-10 00:44:55 - [MESSAGE][PASSED] - All options with index in [50] are selected on object 'Object Repository/DispensaryToStore/Page_Dispensary Store/select_--Select--Adernaline 0.'

2018-06-10 00:44:55 - [TEST_STEP][PASSED] - delay: Delayed 1 second(s)

2018-06-10 00:44:56 - [MESSAGE][PASSED] - Delayed 1 second(s)

2018-06-10 00:44:56 - [TEST_STEP][PASSED] - setText: Text '10' is set on object 'Object Repository/DispensaryToStore/Page_Dispensary Store/input_txttreat'

2018-06-10 00:44:56 - [MESSAGE][PASSED] - Text '10' is set on object 'Object Repository/DispensaryToStore/Page_Dispensary Store/input_txttreat'

2018-06-10 00:44:56 - [TEST_STEP][PASSED] - click: Object: 'Object Repository/DispensaryToStore/Page_Dispensary Store/button_Add' is clicked on

2018-06-10 00:44:56 - [MESSAGE][PASSED] - Object: 'Object Repository/DispensaryToStore/Page_Dispensary Store/button_Add' is clicked on

2018-06-10 00:44:56 - [TEST_STEP][PASSED] - delay: Delayed 1 second(s)

2018-06-10 00:44:57 - [MESSAGE][PASSED] - Delayed 1 second(s)

2018-06-10 00:44:57 - [TEST_STEP][PASSED] - selectOptionByIndex: All options with index in [11] are selected on object 'Object Repository/DispensaryToStore/Page_Dispensary Store/select_--Select--Schedule 1Inj'

2018-06-10 00:44:57 - [MESSAGE][PASSED] - All options with index in [11] are selected on object 'Object Repository/DispensaryToStore/Page_Dispensary Store/select_--Select--Schedule 1Inj'

2018-06-10 00:44:57 - [TEST_STEP][PASSED] - delay: Delayed 1 second(s)

2018-06-10 00:44:58 - [MESSAGE][PASSED] - Delayed 1 second(s)

2018-06-10 00:44:58 - [TEST_STEP][PASSED] - selectOptionByIndex: All options with index in [51] are selected on object 'Object Repository/DispensaryToStore/Page_Dispensary Store/select_--Select--Adernaline 0.'

2018-06-10 00:44:59 - [MESSAGE][PASSED] - All options with index in [51] are selected on object 'Object Repository/DispensaryToStore/Page_Dispensary Store/select_--Select--Adernaline 0.'

2018-06-10 00:44:59 - [TEST_STEP][PASSED] - delay: Delayed 1 second(s)

2018-06-10 00:45:00 - [MESSAGE][PASSED] - Delayed 1 second(s)

2018-06-10 00:45:00 - [TEST_STEP][PASSED] - setText: Text '10' is set on object 'Object Repository/DispensaryToStore/Page_Dispensary Store/input_txttreat'

2018-06-10 00:45:00 - [MESSAGE][PASSED] - Text '10' is set on object 'Object Repository/DispensaryToStore/Page_Dispensary Store/input_txttreat'

2018-06-10 00:45:00 - [TEST_STEP][PASSED] - click: Object: 'Object Repository/DispensaryToStore/Page_Dispensary Store/button_Add' is clicked on

2018-06-10 00:45:00 - [MESSAGE][PASSED] - Object: 'Object Repository/DispensaryToStore/Page_Dispensary Store/button_Add' is clicked on

2018-06-10 00:45:00 - [TEST_STEP][PASSED] - delay: Delayed 1 second(s)

2018-06-10 00:45:01 - [MESSAGE][PASSED] - Delayed 1 second(s)

2018-06-10 00:45:01 - [TEST_STEP][PASSED] - selectOptionByIndex: All options with index in [11] are selected on object 'Object Repository/DispensaryToStore/Page_Dispensary Store/select_--Select--Schedule 1Inj'

2018-06-10 00:45:01 - [MESSAGE][PASSED] - All options with index in [11] are selected on object 'Object Repository/DispensaryToStore/Page_Dispensary Store/select_--Select--Schedule 1Inj'

2018-06-10 00:45:01 - [TEST_STEP][PASSED] - delay: Delayed 1 second(s)

2018-06-10 00:45:02 - [MESSAGE][PASSED] - Delayed 1 second(s)

2018-06-10 00:45:02 - [TEST_STEP][PASSED] - selectOptionByIndex: All options with index in [52] are selected on object 'Object Repository/DispensaryToStore/Page_Dispensary Store/select_--Select--Adernaline 0.'

2018-06-10 00:45:03 - [MESSAGE][PASSED] - All options with index in [52] are selected on object 'Object Repository/DispensaryToStore/Page_Dispensary Store/select_--Select--Adernaline 0.'

2018-06-10 00:45:03 - [TEST_STEP][PASSED] - delay: Delayed 1 second(s)

2018-06-10 00:45:04 - [MESSAGE][PASSED] - Delayed 1 second(s)

2018-06-10 00:45:04 - [TEST_STEP][PASSED] - setText: Text '10' is set on object 'Object Repository/DispensaryToStore/Page_Dispensary Store/input_txttreat'

2018-06-10 00:45:04 - [MESSAGE][PASSED] - Text '10' is set on object 'Object Repository/DispensaryToStore/Page_Dispensary Store/input_txttreat'

2018-06-10 00:45:04 - [TEST_STEP][PASSED] - click: Object: 'Object Repository/DispensaryToStore/Page_Dispensary Store/button_Add' is clicked on

2018-06-10 00:45:04 - [MESSAGE][PASSED] - Object: 'Object Repository/DispensaryToStore/Page_Dispensary Store/button_Add' is clicked on

2018-06-10 00:45:04 - [TEST_STEP][PASSED] - delay: Delayed 1 second(s)

2018-06-10 00:45:05 - [MESSAGE][PASSED] - Delayed 1 second(s)

2018-06-10 00:45:05 - [TEST_STEP][PASSED] - selectOptionByIndex: All options with index in [11] are selected on object 'Object Repository/DispensaryToStore/Page_Dispensary Store/select_--Select--Schedule 1Inj'

2018-06-10 00:45:05 - [MESSAGE][PASSED] - All options with index in [11] are selected on object 'Object Repository/DispensaryToStore/Page_Dispensary Store/select_--Select--Schedule 1Inj'

2018-06-10 00:45:05 - [TEST_STEP][PASSED] - delay: Delayed 1 second(s)

2018-06-10 00:45:06 - [MESSAGE][PASSED] - Delayed 1 second(s)

2018-06-10 00:45:06 - [TEST_STEP][PASSED] - selectOptionByIndex: All options with index in [53] are selected on object 'Object Repository/DispensaryToStore/Page_Dispensary Store/select_--Select--Adernaline 0.'

2018-06-10 00:45:07 - [MESSAGE][PASSED] - All options with index in [53] are selected on object 'Object Repository/DispensaryToStore/Page_Dispensary Store/select_--Select--Adernaline 0.'

2018-06-10 00:45:07 - [TEST_STEP][PASSED] - delay: Delayed 1 second(s)

2018-06-10 00:45:08 - [MESSAGE][PASSED] - Delayed 1 second(s)

2018-06-10 00:45:08 - [TEST_STEP][PASSED] - setText: Text '10' is set on object 'Object Repository/DispensaryToStore/Page_Dispensary Store/input_txttreat'

2018-06-10 00:45:08 - [MESSAGE][PASSED] - Text '10' is set on object 'Object Repository/DispensaryToStore/Page_Dispensary Store/input_txttreat'

2018-06-10 00:45:08 - [TEST_STEP][PASSED] - click: Object: 'Object Repository/DispensaryToStore/Page_Dispensary Store/button_Add' is clicked on

2018-06-10 00:45:08 - [MESSAGE][PASSED] - Object: 'Object Repository/DispensaryToStore/Page_Dispensary Store/button_Add' is clicked on

2018-06-10 00:45:08 - [TEST_STEP][PASSED] - delay: Delayed 1 second(s)

2018-06-10 00:45:09 - [MESSAGE][PASSED] - Delayed 1 second(s)

2018-06-10 00:45:09 - [TEST_STEP][PASSED] - selectOptionByIndex: All options with index in [11] are selected on object 'Object Repository/DispensaryToStore/Page_Dispensary Store/select_--Select--Schedule 1Inj'

2018-06-10 00:45:09 - [MESSAGE][PASSED] - All options with index in [11] are selected on object 'Object Repository/DispensaryToStore/Page_Dispensary Store/select_--Select--Schedule 1Inj'

2018-06-10 00:45:09 - [TEST_STEP][PASSED] - delay: Delayed 1 second(s)

2018-06-10 00:45:10 - [MESSAGE][PASSED] - Delayed 1 second(s)

2018-06-10 00:45:10 - [TEST_STEP][PASSED] - selectOptionByIndex: All options with index in [54] are selected on object 'Object Repository/DispensaryToStore/Page_Dispensary Store/select_--Select--Adernaline 0.'

2018-06-10 00:45:11 - [MESSAGE][PASSED] - All options with index in [54] are selected on object 'Object Repository/DispensaryToStore/Page_Dispensary Store/select_--Select--Adernaline 0.'

2018-06-10 00:45:11 - [TEST_STEP][PASSED] - delay: Delayed 1 second(s)

2018-06-10 00:45:12 - [MESSAGE][PASSED] - Delayed 1 second(s)

2018-06-10 00:45:12 - [TEST_STEP][PASSED] - setText: Text '10' is set on object 'Object Repository/DispensaryToStore/Page_Dispensary Store/input_txttreat'

2018-06-10 00:45:12 - [MESSAGE][PASSED] - Text '10' is set on object 'Object Repository/DispensaryToStore/Page_Dispensary Store/input_txttreat'

2018-06-10 00:45:12 - [TEST_STEP][PASSED] - click: Object: 'Object Repository/DispensaryToStore/Page_Dispensary Store/button_Add' is clicked on

2018-06-10 00:45:12 - [MESSAGE][PASSED] - Object: 'Object Repository/DispensaryToStore/Page_Dispensary Store/button_Add' is clicked on

2018-06-10 00:45:12 - [TEST_STEP][PASSED] - delay: Delayed 1 second(s)

2018-06-10 00:45:13 - [MESSAGE][PASSED] - Delayed 1 second(s)

2018-06-10 00:45:13 - [TEST_STEP][PASSED] - selectOptionByIndex: All options with index in [11] are selected on object 'Object Repository/DispensaryToStore/Page_Dispensary Store/select_--Select--Schedule 1Inj'

2018-06-10 00:45:13 - [MESSAGE][PASSED] - All options with index in [11] are selected on object 'Object Repository/DispensaryToStore/Page_Dispensary Store/select_--Select--Schedule 1Inj'

2018-06-10 00:45:13 - [TEST_STEP][PASSED] - delay: Delayed 1 second(s)

2018-06-10 00:45:14 - [MESSAGE][PASSED] - Delayed 1 second(s)

2018-06-10 00:45:14 - [TEST_STEP][PASSED] - selectOptionByIndex: All options with index in [55] are selected on object 'Object Repository/DispensaryToStore/Page_Dispensary Store/select_--Select--Adernaline 0.'

2018-06-10 00:45:15 - [MESSAGE][PASSED] - All options with index in [55] are selected on object 'Object Repository/DispensaryToStore/Page_Dispensary Store/select_--Select--Adernaline 0.'

2018-06-10 00:45:15 - [TEST_STEP][PASSED] - delay: Delayed 1 second(s)

2018-06-10 00:45:16 - [MESSAGE][PASSED] - Delayed 1 second(s)

2018-06-10 00:45:16 - [TEST_STEP][PASSED] - setText: Text '10' is set on object 'Object Repository/DispensaryToStore/Page_Dispensary Store/input_txttreat'

2018-06-10 00:45:16 - [MESSAGE][PASSED] - Text '10' is set on object 'Object Repository/DispensaryToStore/Page_Dispensary Store/input_txttreat'

2018-06-10 00:45:16 - [TEST_STEP][PASSED] - click: Object: 'Object Repository/DispensaryToStore/Page_Dispensary Store/button_Add' is clicked on

2018-06-10 00:45:16 - [MESSAGE][PASSED] - Object: 'Object Repository/DispensaryToStore/Page_Dispensary Store/button_Add' is clicked on

2018-06-10 00:45:16 - [TEST_STEP][PASSED] - delay: Delayed 1 second(s)

2018-06-10 00:45:17 - [MESSAGE][PASSED] - Delayed 1 second(s)

2018-06-10 00:45:17 - [TEST_STEP][PASSED] - selectOptionByIndex: All options with index in [11] are selected on object 'Object Repository/DispensaryToStore/Page_Dispensary Store/select_--Select--Schedule 1Inj'

2018-06-10 00:45:17 - [MESSAGE][PASSED] - All options with index in [11] are selected on object 'Object Repository/DispensaryToStore/Page_Dispensary Store/select_--Select--Schedule 1Inj'

2018-06-10 00:45:17 - [TEST_STEP][PASSED] - delay: Delayed 1 second(s)

2018-06-10 00:45:18 - [MESSAGE][PASSED] - Delayed 1 second(s)

2018-06-10 00:45:18 - [TEST_STEP][PASSED] - selectOptionByIndex: All options with index in [56] are selected on object 'Object Repository/DispensaryToStore/Page_Dispensary Store/select_--Select--Adernaline 0.'

2018-06-10 00:45:19 - [MESSAGE][PASSED] - All options with index in [56] are selected on object 'Object Repository/DispensaryToStore/Page_Dispensary Store/select_--Select--Adernaline 0.'

2018-06-10 00:45:19 - [TEST_STEP][PASSED] - delay: Delayed 1 second(s)

2018-06-10 00:45:20 - [MESSAGE][PASSED] - Delayed 1 second(s)

2018-06-10 00:45:20 - [TEST_STEP][PASSED] - setText: Text '10' is set on object 'Object Repository/DispensaryToStore/Page_Dispensary Store/input_txttreat'

2018-06-10 00:45:20 - [MESSAGE][PASSED] - Text '10' is set on object 'Object Repository/DispensaryToStore/Page_Dispensary Store/input_txttreat'

2018-06-10 00:45:20 - [TEST_STEP][PASSED] - click: Object: 'Object Repository/DispensaryToStore/Page_Dispensary Store/button_Add' is clicked on

2018-06-10 00:45:20 - [MESSAGE][PASSED] - Object: 'Object Repository/DispensaryToStore/Page_Dispensary Store/button_Add' is clicked on

2018-06-10 00:45:20 - [TEST_STEP][PASSED] - delay: Delayed 1 second(s)

2018-06-10 00:45:21 - [MESSAGE][PASSED] - Delayed 1 second(s)

2018-06-10 00:45:21 - [TEST_STEP][PASSED] - selectOptionByIndex: All options with index in [11] are selected on object 'Object Repository/DispensaryToStore/Page_Dispensary Store/select_--Select--Schedule 1Inj'

2018-06-10 00:45:21 - [MESSAGE][PASSED] - All options with index in [11] are selected on object 'Object Repository/DispensaryToStore/Page_Dispensary Store/select_--Select--Schedule 1Inj'

2018-06-10 00:45:21 - [TEST_STEP][PASSED] - delay: Delayed 1 second(s)

2018-06-10 00:45:22 - [MESSAGE][PASSED] - Delayed 1 second(s)

2018-06-10 00:45:22 - [TEST_STEP][PASSED] - selectOptionByIndex: All options with index in [57] are selected on object 'Object Repository/DispensaryToStore/Page_Dispensary Store/select_--Select--Adernaline 0.'

2018-06-10 00:45:23 - [MESSAGE][PASSED] - All options with index in [57] are selected on object 'Object Repository/DispensaryToStore/Page_Dispensary Store/select_--Select--Adernaline 0.'

2018-06-10 00:45:23 - [TEST_STEP][PASSED] - delay: Delayed 1 second(s)

2018-06-10 00:45:24 - [MESSAGE][PASSED] - Delayed 1 second(s)

2018-06-10 00:45:24 - [TEST_STEP][PASSED] - setText: Text '10' is set on object 'Object Repository/DispensaryToStore/Page_Dispensary Store/input_txttreat'

2018-06-10 00:45:24 - [MESSAGE][PASSED] - Text '10' is set on object 'Object Repository/DispensaryToStore/Page_Dispensary Store/input_txttreat'

2018-06-10 00:45:24 - [TEST_STEP][PASSED] - click: Object: 'Object Repository/DispensaryToStore/Page_Dispensary Store/button_Add' is clicked on

2018-06-10 00:45:24 - [MESSAGE][PASSED] - Object: 'Object Repository/DispensaryToStore/Page_Dispensary Store/button_Add' is clicked on

2018-06-10 00:45:24 - [TEST_STEP][PASSED] - delay: Delayed 1 second(s)

2018-06-10 00:45:25 - [MESSAGE][PASSED] - Delayed 1 second(s)

2018-06-10 00:45:25 - [TEST_STEP][PASSED] - selectOptionByIndex: All options with index in [11] are selected on object 'Object Repository/DispensaryToStore/Page_Dispensary Store/select_--Select--Schedule 1Inj'

2018-06-10 00:45:25 - [MESSAGE][PASSED] - All options with index in [11] are selected on object 'Object Repository/DispensaryToStore/Page_Dispensary Store/select_--Select--Schedule 1Inj'

2018-06-10 00:45:25 - [TEST_STEP][PASSED] - delay: Delayed 1 second(s)

2018-06-10 00:45:26 - [MESSAGE][PASSED] - Delayed 1 second(s)

2018-06-10 00:45:26 - [TEST_STEP][PASSED] - selectOptionByIndex: All options with index in [58] are selected on object 'Object Repository/DispensaryToStore/Page_Dispensary Store/select_--Select--Adernaline 0.'

2018-06-10 00:45:27 - [MESSAGE][PASSED] - All options with index in [58] are selected on object 'Object Repository/DispensaryToStore/Page_Dispensary Store/select_--Select--Adernaline 0.'

2018-06-10 00:45:27 - [TEST_STEP][PASSED] - delay: Delayed 1 second(s)

2018-06-10 00:45:28 - [MESSAGE][PASSED] - Delayed 1 second(s)

2018-06-10 00:45:28 - [TEST_STEP][PASSED] - setText: Text '10' is set on object 'Object Repository/DispensaryToStore/Page_Dispensary Store/input_txttreat'

2018-06-10 00:45:28 - [MESSAGE][PASSED] - Text '10' is set on object 'Object Repository/DispensaryToStore/Page_Dispensary Store/input_txttreat'

2018-06-10 00:45:28 - [TEST_STEP][PASSED] - click: Object: 'Object Repository/DispensaryToStore/Page_Dispensary Store/button_Add' is clicked on

2018-06-10 00:45:28 - [MESSAGE][PASSED] - Object: 'Object Repository/DispensaryToStore/Page_Dispensary Store/button_Add' is clicked on

2018-06-10 00:45:28 - [TEST_STEP][PASSED] - delay: Delayed 1 second(s)

2018-06-10 00:45:29 - [MESSAGE][PASSED] - Delayed 1 second(s)

2018-06-10 00:45:29 - [TEST_STEP][PASSED] - selectOptionByIndex: All options with index in [11] are selected on object 'Object Repository/DispensaryToStore/Page_Dispensary Store/select_--Select--Schedule 1Inj'

2018-06-10 00:45:29 - [MESSAGE][PASSED] - All options with index in [11] are selected on object 'Object Repository/DispensaryToStore/Page_Dispensary Store/select_--Select--Schedule 1Inj'

2018-06-10 00:45:29 - [TEST_STEP][PASSED] - delay: Delayed 1 second(s)

2018-06-10 00:45:30 - [MESSAGE][PASSED] - Delayed 1 second(s)

2018-06-10 00:45:30 - [TEST_STEP][PASSED] - selectOptionByIndex: All options with index in [59] are selected on object 'Object Repository/DispensaryToStore/Page_Dispensary Store/select_--Select--Adernaline 0.'

2018-06-10 00:45:31 - [MESSAGE][PASSED] - All options with index in [59] are selected on object 'Object Repository/DispensaryToStore/Page_Dispensary Store/select_--Select--Adernaline 0.'

2018-06-10 00:45:31 - [TEST_STEP][PASSED] - delay: Delayed 1 second(s)

2018-06-10 00:45:32 - [MESSAGE][PASSED] - Delayed 1 second(s)

2018-06-10 00:45:32 - [TEST_STEP][PASSED] - setText: Text '10' is set on object 'Object Repository/DispensaryToStore/Page_Dispensary Store/input_txttreat'

2018-06-10 00:45:32 - [MESSAGE][PASSED] - Text '10' is set on object 'Object Repository/DispensaryToStore/Page_Dispensary Store/input_txttreat'

2018-06-10 00:45:32 - [TEST_STEP][PASSED] - click: Object: 'Object Repository/DispensaryToStore/Page_Dispensary Store/button_Add' is clicked on

2018-06-10 00:45:32 - [MESSAGE][PASSED] - Object: 'Object Repository/DispensaryToStore/Page_Dispensary Store/button_Add' is clicked on

2018-06-10 00:45:32 - [TEST_STEP][PASSED] - delay: Delayed 1 second(s)

2018-06-10 00:45:33 - [MESSAGE][PASSED] - Delayed 1 second(s)

2018-06-10 00:45:33 - [TEST_STEP][PASSED] - selectOptionByIndex: All options with index in [11] are selected on object 'Object Repository/DispensaryToStore/Page_Dispensary Store/select_--Select--Schedule 1Inj'

2018-06-10 00:45:34 - [MESSAGE][PASSED] - All options with index in [11] are selected on object 'Object Repository/DispensaryToStore/Page_Dispensary Store/select_--Select--Schedule 1Inj'

2018-06-10 00:45:34 - [TEST_STEP][PASSED] - delay: Delayed 1 second(s)

2018-06-10 00:45:35 - [MESSAGE][PASSED] - Delayed 1 second(s)

2018-06-10 00:45:35 - [TEST_STEP][PASSED] - selectOptionByIndex: All options with index in [60] are selected on object 'Object Repository/DispensaryToStore/Page_Dispensary Store/select_--Select--Adernaline 0.'

2018-06-10 00:45:35 - [MESSAGE][PASSED] - All options with index in [60] are selected on object 'Object Repository/DispensaryToStore/Page_Dispensary Store/select_--Select--Adernaline 0.'

2018-06-10 00:45:35 - [TEST_STEP][PASSED] - delay: Delayed 1 second(s)

2018-06-10 00:45:36 - [MESSAGE][PASSED] - Delayed 1 second(s)

2018-06-10 00:45:36 - [TEST_STEP][PASSED] - setText: Text '10' is set on object 'Object Repository/DispensaryToStore/Page_Dispensary Store/input_txttreat'

2018-06-10 00:45:36 - [MESSAGE][PASSED] - Text '10' is set on object 'Object Repository/DispensaryToStore/Page_Dispensary Store/input_txttreat'

2018-06-10 00:45:36 - [TEST_STEP][PASSED] - click: Object: 'Object Repository/DispensaryToStore/Page_Dispensary Store/button_Add' is clicked on

2018-06-10 00:45:36 - [MESSAGE][PASSED] - Object: 'Object Repository/DispensaryToStore/Page_Dispensary Store/button_Add' is clicked on

2018-06-10 00:45:36 - [TEST_STEP][PASSED] - delay: Delayed 1 second(s)

2018-06-10 00:45:37 - [MESSAGE][PASSED] - Delayed 1 second(s)

2018-06-10 00:45:37 - [TEST_STEP][PASSED] - selectOptionByIndex: All options with index in [11] are selected on object 'Object Repository/DispensaryToStore/Page_Dispensary Store/select_--Select--Schedule 1Inj'

2018-06-10 00:45:38 - [MESSAGE][PASSED] - All options with index in [11] are selected on object 'Object Repository/DispensaryToStore/Page_Dispensary Store/select_--Select--Schedule 1Inj'

2018-06-10 00:45:38 - [TEST_STEP][PASSED] - delay: Delayed 1 second(s)

2018-06-10 00:45:39 - [MESSAGE][PASSED] - Delayed 1 second(s)

2018-06-10 00:45:39 - [TEST_STEP][PASSED] - selectOptionByIndex: All options with index in [61] are selected on object 'Object Repository/DispensaryToStore/Page_Dispensary Store/select_--Select--Adernaline 0.'

2018-06-10 00:45:39 - [MESSAGE][PASSED] - All options with index in [61] are selected on object 'Object Repository/DispensaryToStore/Page_Dispensary Store/select_--Select--Adernaline 0.'

2018-06-10 00:45:39 - [TEST_STEP][PASSED] - delay: Delayed 1 second(s)

2018-06-10 00:45:40 - [MESSAGE][PASSED] - Delayed 1 second(s)

2018-06-10 00:45:40 - [TEST_STEP][PASSED] - setText: Text '10' is set on object 'Object Repository/DispensaryToStore/Page_Dispensary Store/input_txttreat'

2018-06-10 00:45:40 - [MESSAGE][PASSED] - Text '10' is set on object 'Object Repository/DispensaryToStore/Page_Dispensary Store/input_txttreat'

2018-06-10 00:45:40 - [TEST_STEP][PASSED] - click: Object: 'Object Repository/DispensaryToStore/Page_Dispensary Store/button_Add' is clicked on

2018-06-10 00:45:40 - [MESSAGE][PASSED] - Object: 'Object Repository/DispensaryToStore/Page_Dispensary Store/button_Add' is clicked on

2018-06-10 00:45:40 - [TEST_STEP][PASSED] - delay: Delayed 1 second(s)

2018-06-10 00:45:41 - [MESSAGE][PASSED] - Delayed 1 second(s)

2018-06-10 00:45:41 - [TEST_STEP][PASSED] - selectOptionByIndex: All options with index in [11] are selected on object 'Object Repository/DispensaryToStore/Page_Dispensary Store/select_--Select--Schedule 1Inj'

2018-06-10 00:45:42 - [MESSAGE][PASSED] - All options with index in [11] are selected on object 'Object Repository/DispensaryToStore/Page_Dispensary Store/select_--Select--Schedule 1Inj'

2018-06-10 00:45:42 - [TEST_STEP][PASSED] - delay: Delayed 1 second(s)

2018-06-10 00:45:43 - [MESSAGE][PASSED] - Delayed 1 second(s)

2018-06-10 00:45:43 - [TEST_STEP][PASSED] - selectOptionByIndex: All options with index in [62] are selected on object 'Object Repository/DispensaryToStore/Page_Dispensary Store/select_--Select--Adernaline 0.'

2018-06-10 00:45:43 - [MESSAGE][PASSED] - All options with index in [62] are selected on object 'Object Repository/DispensaryToStore/Page_Dispensary Store/select_--Select--Adernaline 0.'

2018-06-10 00:45:43 - [TEST_STEP][PASSED] - delay: Delayed 1 second(s)

2018-06-10 00:45:44 - [MESSAGE][PASSED] - Delayed 1 second(s)

2018-06-10 00:45:44 - [TEST_STEP][PASSED] - setText: Text '10' is set on object 'Object Repository/DispensaryToStore/Page_Dispensary Store/input_txttreat'

2018-06-10 00:45:45 - [MESSAGE][PASSED] - Text '10' is set on object 'Object Repository/DispensaryToStore/Page_Dispensary Store/input_txttreat'

2018-06-10 00:45:45 - [TEST_STEP][PASSED] - click: Object: 'Object Repository/DispensaryToStore/Page_Dispensary Store/button_Add' is clicked on

2018-06-10 00:45:45 - [MESSAGE][PASSED] - Object: 'Object Repository/DispensaryToStore/Page_Dispensary Store/button_Add' is clicked on

2018-06-10 00:45:45 - [TEST_STEP][PASSED] - delay: Delayed 1 second(s)

2018-06-10 00:45:46 - [MESSAGE][PASSED] - Delayed 1 second(s)

2018-06-10 00:45:46 - [TEST_STEP][PASSED] - selectOptionByIndex: All options with index in [11] are selected on object 'Object Repository/DispensaryToStore/Page_Dispensary Store/select_--Select--Schedule 1Inj'

2018-06-10 00:45:46 - [MESSAGE][PASSED] - All options with index in [11] are selected on object 'Object Repository/DispensaryToStore/Page_Dispensary Store/select_--Select--Schedule 1Inj'

2018-06-10 00:45:46 - [TEST_STEP][PASSED] - delay: Delayed 1 second(s)

2018-06-10 00:45:47 - [MESSAGE][PASSED] - Delayed 1 second(s)

2018-06-10 00:45:47 - [TEST_STEP][PASSED] - selectOptionByIndex: All options with index in [63] are selected on object 'Object Repository/DispensaryToStore/Page_Dispensary Store/select_--Select--Adernaline 0.'

2018-06-10 00:45:48 - [MESSAGE][PASSED] - All options with index in [63] are selected on object 'Object Repository/DispensaryToStore/Page_Dispensary Store/select_--Select--Adernaline 0.'

2018-06-10 00:45:48 - [TEST_STEP][PASSED] - delay: Delayed 1 second(s)

2018-06-10 00:45:49 - [MESSAGE][PASSED] - Delayed 1 second(s)

2018-06-10 00:45:49 - [TEST_STEP][PASSED] - setText: Text '10' is set on object 'Object Repository/DispensaryToStore/Page_Dispensary Store/input_txttreat'

2018-06-10 00:45:49 - [MESSAGE][PASSED] - Text '10' is set on object 'Object Repository/DispensaryToStore/Page_Dispensary Store/input_txttreat'

2018-06-10 00:45:49 - [TEST_STEP][PASSED] - click: Object: 'Object Repository/DispensaryToStore/Page_Dispensary Store/button_Add' is clicked on

2018-06-10 00:45:49 - [MESSAGE][PASSED] - Object: 'Object Repository/DispensaryToStore/Page_Dispensary Store/button_Add' is clicked on

2018-06-10 00:45:49 - [TEST_STEP][PASSED] - delay: Delayed 1 second(s)

2018-06-10 00:45:50 - [MESSAGE][PASSED] - Delayed 1 second(s)

2018-06-10 00:45:50 - [TEST_STEP][PASSED] - selectOptionByIndex: All options with index in [11] are selected on object 'Object Repository/DispensaryToStore/Page_Dispensary Store/select_--Select--Schedule 1Inj'

2018-06-10 00:45:50 - [MESSAGE][PASSED] - All options with index in [11] are selected on object 'Object Repository/DispensaryToStore/Page_Dispensary Store/select_--Select--Schedule 1Inj'

2018-06-10 00:45:50 - [TEST_STEP][PASSED] - delay: Delayed 1 second(s)

2018-06-10 00:45:51 - [MESSAGE][PASSED] - Delayed 1 second(s)

2018-06-10 00:45:51 - [TEST_STEP][PASSED] - selectOptionByIndex: All options with index in [64] are selected on object 'Object Repository/DispensaryToStore/Page_Dispensary Store/select_--Select--Adernaline 0.'

2018-06-10 00:45:52 - [MESSAGE][PASSED] - All options with index in [64] are selected on object 'Object Repository/DispensaryToStore/Page_Dispensary Store/select_--Select--Adernaline 0.'

2018-06-10 00:45:52 - [TEST_STEP][PASSED] - delay: Delayed 1 second(s)

2018-06-10 00:45:53 - [MESSAGE][PASSED] - Delayed 1 second(s)

2018-06-10 00:45:53 - [TEST_STEP][PASSED] - setText: Text '10' is set on object 'Object Repository/DispensaryToStore/Page_Dispensary Store/input_txttreat'

2018-06-10 00:45:53 - [MESSAGE][PASSED] - Text '10' is set on object 'Object Repository/DispensaryToStore/Page_Dispensary Store/input_txttreat'

2018-06-10 00:45:53 - [TEST_STEP][PASSED] - click: Object: 'Object Repository/DispensaryToStore/Page_Dispensary Store/button_Add' is clicked on

2018-06-10 00:45:53 - [MESSAGE][PASSED] - Object: 'Object Repository/DispensaryToStore/Page_Dispensary Store/button_Add' is clicked on

2018-06-10 00:45:53 - [TEST_STEP][PASSED] - delay: Delayed 1 second(s)

2018-06-10 00:45:54 - [MESSAGE][PASSED] - Delayed 1 second(s)

2018-06-10 00:45:54 - [TEST_STEP][PASSED] - selectOptionByIndex: All options with index in [11] are selected on object 'Object Repository/DispensaryToStore/Page_Dispensary Store/select_--Select--Schedule 1Inj'

2018-06-10 00:45:54 - [MESSAGE][PASSED] - All options with index in [11] are selected on object 'Object Repository/DispensaryToStore/Page_Dispensary Store/select_--Select--Schedule 1Inj'

2018-06-10 00:45:54 - [TEST_STEP][PASSED] - delay: Delayed 1 second(s)

2018-06-10 00:45:55 - [MESSAGE][PASSED] - Delayed 1 second(s)

2018-06-10 00:45:55 - [TEST_STEP][PASSED] - selectOptionByIndex: All options with index in [65] are selected on object 'Object Repository/DispensaryToStore/Page_Dispensary Store/select_--Select--Adernaline 0.'

2018-06-10 00:45:56 - [MESSAGE][PASSED] - All options with index in [65] are selected on object 'Object Repository/DispensaryToStore/Page_Dispensary Store/select_--Select--Adernaline 0.'

2018-06-10 00:45:56 - [TEST_STEP][PASSED] - delay: Delayed 1 second(s)

2018-06-10 00:45:57 - [MESSAGE][PASSED] - Delayed 1 second(s)

2018-06-10 00:45:57 - [TEST_STEP][PASSED] - setText: Text '10' is set on object 'Object Repository/DispensaryToStore/Page_Dispensary Store/input_txttreat'

2018-06-10 00:45:57 - [MESSAGE][PASSED] - Text '10' is set on object 'Object Repository/DispensaryToStore/Page_Dispensary Store/input_txttreat'

2018-06-10 00:45:57 - [TEST_STEP][PASSED] - click: Object: 'Object Repository/DispensaryToStore/Page_Dispensary Store/button_Add' is clicked on

2018-06-10 00:45:57 - [MESSAGE][PASSED] - Object: 'Object Repository/DispensaryToStore/Page_Dispensary Store/button_Add' is clicked on

2018-06-10 00:45:57 - [TEST_STEP][PASSED] - delay: Delayed 1 second(s)

2018-06-10 00:45:58 - [MESSAGE][PASSED] - Delayed 1 second(s)

2018-06-10 00:45:58 - [TEST_STEP][PASSED] - selectOptionByIndex: All options with index in [11] are selected on object 'Object Repository/DispensaryToStore/Page_Dispensary Store/select_--Select--Schedule 1Inj'

2018-06-10 00:45:58 - [MESSAGE][PASSED] - All options with index in [11] are selected on object 'Object Repository/DispensaryToStore/Page_Dispensary Store/select_--Select--Schedule 1Inj'

2018-06-10 00:45:58 - [TEST_STEP][PASSED] - delay: Delayed 1 second(s)

2018-06-10 00:45:59 - [MESSAGE][PASSED] - Delayed 1 second(s)

2018-06-10 00:45:59 - [TEST_STEP][PASSED] - selectOptionByIndex: All options with index in [66] are selected on object 'Object Repository/DispensaryToStore/Page_Dispensary Store/select_--Select--Adernaline 0.'

2018-06-10 00:46:00 - [MESSAGE][PASSED] - All options with index in [66] are selected on object 'Object Repository/DispensaryToStore/Page_Dispensary Store/select_--Select--Adernaline 0.'

2018-06-10 00:46:00 - [TEST_STEP][PASSED] - delay: Delayed 1 second(s)

2018-06-10 00:46:01 - [MESSAGE][PASSED] - Delayed 1 second(s)

2018-06-10 00:46:01 - [TEST_STEP][PASSED] - setText: Text '10' is set on object 'Object Repository/DispensaryToStore/Page_Dispensary Store/input_txttreat'

2018-06-10 00:46:01 - [MESSAGE][PASSED] - Text '10' is set on object 'Object Repository/DispensaryToStore/Page_Dispensary Store/input_txttreat'

2018-06-10 00:46:01 - [TEST_STEP][PASSED] - click: Object: 'Object Repository/DispensaryToStore/Page_Dispensary Store/button_Add' is clicked on

2018-06-10 00:46:01 - [MESSAGE][PASSED] - Object: 'Object Repository/DispensaryToStore/Page_Dispensary Store/button_Add' is clicked on

2018-06-10 00:46:01 - [TEST_STEP][PASSED] - delay: Delayed 1 second(s)

2018-06-10 00:46:02 - [MESSAGE][PASSED] - Delayed 1 second(s)

2018-06-10 00:46:02 - [TEST_STEP][PASSED] - selectOptionByIndex: All options with index in [11] are selected on object 'Object Repository/DispensaryToStore/Page_Dispensary Store/select_--Select--Schedule 1Inj'

2018-06-10 00:46:02 - [MESSAGE][PASSED] - All options with index in [11] are selected on object 'Object Repository/DispensaryToStore/Page_Dispensary Store/select_--Select--Schedule 1Inj'

2018-06-10 00:46:02 - [TEST_STEP][PASSED] - delay: Delayed 1 second(s)

2018-06-10 00:46:03 - [MESSAGE][PASSED] - Delayed 1 second(s)

2018-06-10 00:46:03 - [TEST_STEP][PASSED] - selectOptionByIndex: All options with index in [67] are selected on object 'Object Repository/DispensaryToStore/Page_Dispensary Store/select_--Select--Adernaline 0.'

2018-06-10 00:46:04 - [MESSAGE][PASSED] - All options with index in [67] are selected on object 'Object Repository/DispensaryToStore/Page_Dispensary Store/select_--Select--Adernaline 0.'

2018-06-10 00:46:04 - [TEST_STEP][PASSED] - delay: Delayed 1 second(s)

2018-06-10 00:46:05 - [MESSAGE][PASSED] - Delayed 1 second(s)

2018-06-10 00:46:05 - [TEST_STEP][PASSED] - setText: Text '10' is set on object 'Object Repository/DispensaryToStore/Page_Dispensary Store/input_txttreat'

2018-06-10 00:46:05 - [MESSAGE][PASSED] - Text '10' is set on object 'Object Repository/DispensaryToStore/Page_Dispensary Store/input_txttreat'

2018-06-10 00:46:05 - [TEST_STEP][PASSED] - click: Object: 'Object Repository/DispensaryToStore/Page_Dispensary Store/button_Add' is clicked on

2018-06-10 00:46:05 - [MESSAGE][PASSED] - Object: 'Object Repository/DispensaryToStore/Page_Dispensary Store/button_Add' is clicked on

2018-06-10 00:46:05 - [TEST_STEP][PASSED] - delay: Delayed 1 second(s)

2018-06-10 00:46:06 - [MESSAGE][PASSED] - Delayed 1 second(s)

2018-06-10 00:46:06 - [TEST_STEP][PASSED] - selectOptionByIndex: All options with index in [11] are selected on object 'Object Repository/DispensaryToStore/Page_Dispensary Store/select_--Select--Schedule 1Inj'

2018-06-10 00:46:07 - [MESSAGE][PASSED] - All options with index in [11] are selected on object 'Object Repository/DispensaryToStore/Page_Dispensary Store/select_--Select--Schedule 1Inj'

2018-06-10 00:46:07 - [TEST_STEP][PASSED] - delay: Delayed 1 second(s)

2018-06-10 00:46:08 - [MESSAGE][PASSED] - Delayed 1 second(s)

2018-06-10 00:46:08 - [TEST_STEP][PASSED] - selectOptionByIndex: All options with index in [68] are selected on object 'Object Repository/DispensaryToStore/Page_Dispensary Store/select_--Select--Adernaline 0.'

2018-06-10 00:46:08 - [MESSAGE][PASSED] - All options with index in [68] are selected on object 'Object Repository/DispensaryToStore/Page_Dispensary Store/select_--Select--Adernaline 0.'

2018-06-10 00:46:08 - [TEST_STEP][PASSED] - delay: Delayed 1 second(s)

2018-06-10 00:46:09 - [MESSAGE][PASSED] - Delayed 1 second(s)

2018-06-10 00:46:09 - [TEST_STEP][PASSED] - setText: Text '10' is set on object 'Object Repository/DispensaryToStore/Page_Dispensary Store/input_txttreat'

2018-06-10 00:46:10 - [MESSAGE][PASSED] - Text '10' is set on object 'Object Repository/DispensaryToStore/Page_Dispensary Store/input_txttreat'

2018-06-10 00:46:10 - [TEST_STEP][PASSED] - click: Object: 'Object Repository/DispensaryToStore/Page_Dispensary Store/button_Add' is clicked on

2018-06-10 00:46:10 - [MESSAGE][PASSED] - Object: 'Object Repository/DispensaryToStore/Page_Dispensary Store/button_Add' is clicked on

2018-06-10 00:46:10 - [TEST_STEP][PASSED] - delay: Delayed 1 second(s)

2018-06-10 00:46:11 - [MESSAGE][PASSED] - Delayed 1 second(s)

2018-06-10 00:46:11 - [TEST_STEP][PASSED] - selectOptionByIndex: All options with index in [11] are selected on object 'Object Repository/DispensaryToStore/Page_Dispensary Store/select_--Select--Schedule 1Inj'

2018-06-10 00:46:11 - [MESSAGE][PASSED] - All options with index in [11] are selected on object 'Object Repository/DispensaryToStore/Page_Dispensary Store/select_--Select--Schedule 1Inj'

2018-06-10 00:46:11 - [TEST_STEP][PASSED] - delay: Delayed 1 second(s)

2018-06-10 00:46:12 - [MESSAGE][PASSED] - Delayed 1 second(s)

2018-06-10 00:46:12 - [TEST_STEP][PASSED] - selectOptionByIndex: All options with index in [69] are selected on object 'Object Repository/DispensaryToStore/Page_Dispensary Store/select_--Select--Adernaline 0.'

2018-06-10 00:46:13 - [MESSAGE][PASSED] - All options with index in [69] are selected on object 'Object Repository/DispensaryToStore/Page_Dispensary Store/select_--Select--Adernaline 0.'

2018-06-10 00:46:13 - [TEST_STEP][PASSED] - delay: Delayed 1 second(s)

2018-06-10 00:46:14 - [MESSAGE][PASSED] - Delayed 1 second(s)

2018-06-10 00:46:14 - [TEST_STEP][PASSED] - setText: Text '10' is set on object 'Object Repository/DispensaryToStore/Page_Dispensary Store/input_txttreat'

2018-06-10 00:46:14 - [MESSAGE][PASSED] - Text '10' is set on object 'Object Repository/DispensaryToStore/Page_Dispensary Store/input_txttreat'

2018-06-10 00:46:14 - [TEST_STEP][PASSED] - click: Object: 'Object Repository/DispensaryToStore/Page_Dispensary Store/button_Add' is clicked on

2018-06-10 00:46:14 - [MESSAGE][PASSED] - Object: 'Object Repository/DispensaryToStore/Page_Dispensary Store/button_Add' is clicked on

2018-06-10 00:46:14 - [TEST_STEP][PASSED] - delay: Delayed 1 second(s)

2018-06-10 00:46:15 - [MESSAGE][PASSED] - Delayed 1 second(s)

2018-06-10 00:46:15 - [TEST_STEP][PASSED] - selectOptionByIndex: All options with index in [11] are selected on object 'Object Repository/DispensaryToStore/Page_Dispensary Store/select_--Select--Schedule 1Inj'

2018-06-10 00:46:15 - [MESSAGE][PASSED] - All options with index in [11] are selected on object 'Object Repository/DispensaryToStore/Page_Dispensary Store/select_--Select--Schedule 1Inj'

2018-06-10 00:46:15 - [TEST_STEP][PASSED] - delay: Delayed 1 second(s)

2018-06-10 00:46:16 - [MESSAGE][PASSED] - Delayed 1 second(s)

2018-06-10 00:46:16 - [TEST_STEP][PASSED] - selectOptionByIndex: All options with index in [70] are selected on object 'Object Repository/DispensaryToStore/Page_Dispensary Store/select_--Select--Adernaline 0.'

2018-06-10 00:46:17 - [MESSAGE][PASSED] - All options with index in [70] are selected on object 'Object Repository/DispensaryToStore/Page_Dispensary Store/select_--Select--Adernaline 0.'

2018-06-10 00:46:17 - [TEST_STEP][PASSED] - delay: Delayed 1 second(s)

2018-06-10 00:46:18 - [MESSAGE][PASSED] - Delayed 1 second(s)

2018-06-10 00:46:18 - [TEST_STEP][PASSED] - setText: Text '10' is set on object 'Object Repository/DispensaryToStore/Page_Dispensary Store/input_txttreat'

2018-06-10 00:46:18 - [MESSAGE][PASSED] - Text '10' is set on object 'Object Repository/DispensaryToStore/Page_Dispensary Store/input_txttreat'

2018-06-10 00:46:18 - [TEST_STEP][PASSED] - click: Object: 'Object Repository/DispensaryToStore/Page_Dispensary Store/button_Add' is clicked on

2018-06-10 00:46:18 - [MESSAGE][PASSED] - Object: 'Object Repository/DispensaryToStore/Page_Dispensary Store/button_Add' is clicked on

2018-06-10 00:46:18 - [TEST_STEP][PASSED] - delay: Delayed 1 second(s)

2018-06-10 00:46:19 - [MESSAGE][PASSED] - Delayed 1 second(s)

2018-06-10 00:46:19 - [TEST_STEP][PASSED] - selectOptionByIndex: All options with index in [11] are selected on object 'Object Repository/DispensaryToStore/Page_Dispensary Store/select_--Select--Schedule 1Inj'

2018-06-10 00:46:19 - [MESSAGE][PASSED] - All options with index in [11] are selected on object 'Object Repository/DispensaryToStore/Page_Dispensary Store/select_--Select--Schedule 1Inj'

2018-06-10 00:46:19 - [TEST_STEP][PASSED] - delay: Delayed 1 second(s)

2018-06-10 00:46:20 - [MESSAGE][PASSED] - Delayed 1 second(s)

2018-06-10 00:46:20 - [TEST_STEP][PASSED] - selectOptionByIndex: All options with index in [71] are selected on object 'Object Repository/DispensaryToStore/Page_Dispensary Store/select_--Select--Adernaline 0.'

2018-06-10 00:46:21 - [MESSAGE][PASSED] - All options with index in [71] are selected on object 'Object Repository/DispensaryToStore/Page_Dispensary Store/select_--Select--Adernaline 0.'

2018-06-10 00:46:21 - [TEST_STEP][PASSED] - delay: Delayed 1 second(s)

2018-06-10 00:46:22 - [MESSAGE][PASSED] - Delayed 1 second(s)

2018-06-10 00:46:22 - [TEST_STEP][PASSED] - setText: Text '10' is set on object 'Object Repository/DispensaryToStore/Page_Dispensary Store/input_txttreat'

2018-06-10 00:46:22 - [MESSAGE][PASSED] - Text '10' is set on object 'Object Repository/DispensaryToStore/Page_Dispensary Store/input_txttreat'

2018-06-10 00:46:22 - [TEST_STEP][PASSED] - click: Object: 'Object Repository/DispensaryToStore/Page_Dispensary Store/button_Add' is clicked on

2018-06-10 00:46:22 - [MESSAGE][PASSED] - Object: 'Object Repository/DispensaryToStore/Page_Dispensary Store/button_Add' is clicked on

2018-06-10 00:46:22 - [TEST_STEP][PASSED] - delay: Delayed 1 second(s)

2018-06-10 00:46:23 - [MESSAGE][PASSED] - Delayed 1 second(s)

2018-06-10 00:46:23 - [TEST_STEP][PASSED] - selectOptionByIndex: All options with index in [11] are selected on object 'Object Repository/DispensaryToStore/Page_Dispensary Store/select_--Select--Schedule 1Inj'

2018-06-10 00:46:23 - [MESSAGE][PASSED] - All options with index in [11] are selected on object 'Object Repository/DispensaryToStore/Page_Dispensary Store/select_--Select--Schedule 1Inj'

2018-06-10 00:46:23 - [TEST_STEP][PASSED] - delay: Delayed 1 second(s)

2018-06-10 00:46:24 - [MESSAGE][PASSED] - Delayed 1 second(s)

2018-06-10 00:46:24 - [TEST_STEP][PASSED] - selectOptionByIndex: All options with index in [72] are selected on object 'Object Repository/DispensaryToStore/Page_Dispensary Store/select_--Select--Adernaline 0.'

2018-06-10 00:46:25 - [MESSAGE][PASSED] - All options with index in [72] are selected on object 'Object Repository/DispensaryToStore/Page_Dispensary Store/select_--Select--Adernaline 0.'

2018-06-10 00:46:25 - [TEST_STEP][PASSED] - delay: Delayed 1 second(s)

2018-06-10 00:46:26 - [MESSAGE][PASSED] - Delayed 1 second(s)

2018-06-10 00:46:26 - [TEST_STEP][PASSED] - setText: Text '10' is set on object 'Object Repository/DispensaryToStore/Page_Dispensary Store/input_txttreat'

2018-06-10 00:46:26 - [MESSAGE][PASSED] - Text '10' is set on object 'Object Repository/DispensaryToStore/Page_Dispensary Store/input_txttreat'

2018-06-10 00:46:26 - [TEST_STEP][PASSED] - click: Object: 'Object Repository/DispensaryToStore/Page_Dispensary Store/button_Add' is clicked on

2018-06-10 00:46:26 - [MESSAGE][PASSED] - Object: 'Object Repository/DispensaryToStore/Page_Dispensary Store/button_Add' is clicked on

2018-06-10 00:46:26 - [TEST_STEP][PASSED] - delay: Delayed 1 second(s)

2018-06-10 00:46:27 - [MESSAGE][PASSED] - Delayed 1 second(s)

2018-06-10 00:46:27 - [TEST_STEP][PASSED] - selectOptionByIndex: All options with index in [11] are selected on object 'Object Repository/DispensaryToStore/Page_Dispensary Store/select_--Select--Schedule 1Inj'

2018-06-10 00:46:28 - [MESSAGE][PASSED] - All options with index in [11] are selected on object 'Object Repository/DispensaryToStore/Page_Dispensary Store/select_--Select--Schedule 1Inj'

2018-06-10 00:46:28 - [TEST_STEP][PASSED] - delay: Delayed 1 second(s)

2018-06-10 00:46:29 - [MESSAGE][PASSED] - Delayed 1 second(s)

2018-06-10 00:46:29 - [TEST_STEP][PASSED] - selectOptionByIndex: All options with index in [73] are selected on object 'Object Repository/DispensaryToStore/Page_Dispensary Store/select_--Select--Adernaline 0.'

2018-06-10 00:46:30 - [MESSAGE][PASSED] - All options with index in [73] are selected on object 'Object Repository/DispensaryToStore/Page_Dispensary Store/select_--Select--Adernaline 0.'

2018-06-10 00:46:30 - [TEST_STEP][PASSED] - delay: Delayed 1 second(s)

2018-06-10 00:46:31 - [MESSAGE][PASSED] - Delayed 1 second(s)

2018-06-10 00:46:31 - [TEST_STEP][PASSED] - setText: Text '10' is set on object 'Object Repository/DispensaryToStore/Page_Dispensary Store/input_txttreat'

2018-06-10 00:46:31 - [MESSAGE][PASSED] - Text '10' is set on object 'Object Repository/DispensaryToStore/Page_Dispensary Store/input_txttreat'

2018-06-10 00:46:31 - [TEST_STEP][PASSED] - click: Object: 'Object Repository/DispensaryToStore/Page_Dispensary Store/button_Add' is clicked on

2018-06-10 00:46:31 - [MESSAGE][PASSED] - Object: 'Object Repository/DispensaryToStore/Page_Dispensary Store/button_Add' is clicked on

2018-06-10 00:46:31 - [TEST_STEP][PASSED] - delay: Delayed 1 second(s)

2018-06-10 00:46:32 - [MESSAGE][PASSED] - Delayed 1 second(s)

2018-06-10 00:46:32 - [TEST_STEP][PASSED] - selectOptionByIndex: All options with index in [11] are selected on object 'Object Repository/DispensaryToStore/Page_Dispensary Store/select_--Select--Schedule 1Inj'

2018-06-10 00:46:32 - [MESSAGE][PASSED] - All options with index in [11] are selected on object 'Object Repository/DispensaryToStore/Page_Dispensary Store/select_--Select--Schedule 1Inj'

2018-06-10 00:46:32 - [TEST_STEP][PASSED] - delay: Delayed 1 second(s)

2018-06-10 00:46:33 - [MESSAGE][PASSED] - Delayed 1 second(s)

2018-06-10 00:46:33 - [TEST_STEP][PASSED] - selectOptionByIndex: All options with index in [74] are selected on object 'Object Repository/DispensaryToStore/Page_Dispensary Store/select_--Select--Adernaline 0.'

2018-06-10 00:46:34 - [MESSAGE][PASSED] - All options with index in [74] are selected on object 'Object Repository/DispensaryToStore/Page_Dispensary Store/select_--Select--Adernaline 0.'

2018-06-10 00:46:34 - [TEST_STEP][PASSED] - delay: Delayed 1 second(s)

2018-06-10 00:46:35 - [MESSAGE][PASSED] - Delayed 1 second(s)

2018-06-10 00:46:35 - [TEST_STEP][PASSED] - setText: Text '10' is set on object 'Object Repository/DispensaryToStore/Page_Dispensary Store/input_txttreat'

2018-06-10 00:46:35 - [MESSAGE][PASSED] - Text '10' is set on object 'Object Repository/DispensaryToStore/Page_Dispensary Store/input_txttreat'

2018-06-10 00:46:35 - [TEST_STEP][PASSED] - click: Object: 'Object Repository/DispensaryToStore/Page_Dispensary Store/button_Add' is clicked on

2018-06-10 00:46:35 - [MESSAGE][PASSED] - Object: 'Object Repository/DispensaryToStore/Page_Dispensary Store/button_Add' is clicked on

2018-06-10 00:46:35 - [TEST_STEP][PASSED] - delay: Delayed 1 second(s)

2018-06-10 00:46:36 - [MESSAGE][PASSED] - Delayed 1 second(s)

2018-06-10 00:46:36 - [TEST_STEP][PASSED] - selectOptionByIndex: All options with index in [11] are selected on object 'Object Repository/DispensaryToStore/Page_Dispensary Store/select_--Select--Schedule 1Inj'

2018-06-10 00:46:36 - [MESSAGE][PASSED] - All options with index in [11] are selected on object 'Object Repository/DispensaryToStore/Page_Dispensary Store/select_--Select--Schedule 1Inj'

2018-06-10 00:46:36 - [TEST_STEP][PASSED] - delay: Delayed 1 second(s)

2018-06-10 00:46:37 - [MESSAGE][PASSED] - Delayed 1 second(s)

2018-06-10 00:46:37 - [TEST_STEP][PASSED] - selectOptionByIndex: All options with index in [75] are selected on object 'Object Repository/DispensaryToStore/Page_Dispensary Store/select_--Select--Adernaline 0.'

2018-06-10 00:46:38 - [MESSAGE][PASSED] - All options with index in [75] are selected on object 'Object Repository/DispensaryToStore/Page_Dispensary Store/select_--Select--Adernaline 0.'

2018-06-10 00:46:38 - [TEST_STEP][PASSED] - delay: Delayed 1 second(s)

2018-06-10 00:46:39 - [MESSAGE][PASSED] - Delayed 1 second(s)

2018-06-10 00:46:39 - [TEST_STEP][PASSED] - setText: Text '10' is set on object 'Object Repository/DispensaryToStore/Page_Dispensary Store/input_txttreat'

2018-06-10 00:46:39 - [MESSAGE][PASSED] - Text '10' is set on object 'Object Repository/DispensaryToStore/Page_Dispensary Store/input_txttreat'

2018-06-10 00:46:39 - [TEST_STEP][PASSED] - click: Object: 'Object Repository/DispensaryToStore/Page_Dispensary Store/button_Add' is clicked on

2018-06-10 00:46:39 - [MESSAGE][PASSED] - Object: 'Object Repository/DispensaryToStore/Page_Dispensary Store/button_Add' is clicked on

2018-06-10 00:46:39 - [TEST_STEP][PASSED] - delay: Delayed 1 second(s)

2018-06-10 00:46:40 - [MESSAGE][PASSED] - Delayed 1 second(s)

2018-06-10 00:46:40 - [TEST_STEP][PASSED] - selectOptionByIndex: All options with index in [11] are selected on object 'Object Repository/DispensaryToStore/Page_Dispensary Store/select_--Select--Schedule 1Inj'

2018-06-10 00:46:40 - [MESSAGE][PASSED] - All options with index in [11] are selected on object 'Object Repository/DispensaryToStore/Page_Dispensary Store/select_--Select--Schedule 1Inj'

2018-06-10 00:46:40 - [TEST_STEP][PASSED] - delay: Delayed 1 second(s)

2018-06-10 00:46:41 - [MESSAGE][PASSED] - Delayed 1 second(s)

2018-06-10 00:46:41 - [TEST_STEP][PASSED] - selectOptionByIndex: All options with index in [76] are selected on object 'Object Repository/DispensaryToStore/Page_Dispensary Store/select_--Select--Adernaline 0.'

2018-06-10 00:46:42 - [MESSAGE][PASSED] - All options with index in [76] are selected on object 'Object Repository/DispensaryToStore/Page_Dispensary Store/select_--Select--Adernaline 0.'

2018-06-10 00:46:42 - [TEST_STEP][PASSED] - delay: Delayed 1 second(s)

2018-06-10 00:46:43 - [MESSAGE][PASSED] - Delayed 1 second(s)

2018-06-10 00:46:43 - [TEST_STEP][PASSED] - setText: Text '10' is set on object 'Object Repository/DispensaryToStore/Page_Dispensary Store/input_txttreat'

2018-06-10 00:46:43 - [MESSAGE][PASSED] - Text '10' is set on object 'Object Repository/DispensaryToStore/Page_Dispensary Store/input_txttreat'

2018-06-10 00:46:43 - [TEST_STEP][PASSED] - click: Object: 'Object Repository/DispensaryToStore/Page_Dispensary Store/button_Add' is clicked on

2018-06-10 00:46:44 - [MESSAGE][PASSED] - Object: 'Object Repository/DispensaryToStore/Page_Dispensary Store/button_Add' is clicked on

2018-06-10 00:46:44 - [TEST_STEP][PASSED] - delay: Delayed 1 second(s)

2018-06-10 00:46:45 - [MESSAGE][PASSED] - Delayed 1 second(s)

2018-06-10 00:46:45 - [TEST_STEP][PASSED] - selectOptionByIndex: All options with index in [11] are selected on object 'Object Repository/DispensaryToStore/Page_Dispensary Store/select_--Select--Schedule 1Inj'

2018-06-10 00:46:45 - [MESSAGE][PASSED] - All options with index in [11] are selected on object 'Object Repository/DispensaryToStore/Page_Dispensary Store/select_--Select--Schedule 1Inj'

2018-06-10 00:46:45 - [TEST_STEP][PASSED] - delay: Delayed 1 second(s)

2018-06-10 00:46:46 - [MESSAGE][PASSED] - Delayed 1 second(s)

2018-06-10 00:46:46 - [TEST_STEP][PASSED] - selectOptionByIndex: All options with index in [77] are selected on object 'Object Repository/DispensaryToStore/Page_Dispensary Store/select_--Select--Adernaline 0.'

2018-06-10 00:46:47 - [MESSAGE][PASSED] - All options with index in [77] are selected on object 'Object Repository/DispensaryToStore/Page_Dispensary Store/select_--Select--Adernaline 0.'

2018-06-10 00:46:47 - [TEST_STEP][PASSED] - delay: Delayed 1 second(s)

2018-06-10 00:46:48 - [MESSAGE][PASSED] - Delayed 1 second(s)

2018-06-10 00:46:48 - [TEST_STEP][PASSED] - setText: Text '10' is set on object 'Object Repository/DispensaryToStore/Page_Dispensary Store/input_txttreat'

2018-06-10 00:46:48 - [MESSAGE][PASSED] - Text '10' is set on object 'Object Repository/DispensaryToStore/Page_Dispensary Store/input_txttreat'

2018-06-10 00:46:48 - [TEST_STEP][PASSED] - click: Object: 'Object Repository/DispensaryToStore/Page_Dispensary Store/button_Add' is clicked on

2018-06-10 00:46:48 - [MESSAGE][PASSED] - Object: 'Object Repository/DispensaryToStore/Page_Dispensary Store/button_Add' is clicked on

2018-06-10 00:46:48 - [TEST_STEP][PASSED] - delay: Delayed 1 second(s)

2018-06-10 00:46:49 - [MESSAGE][PASSED] - Delayed 1 second(s)

2018-06-10 00:46:49 - [TEST_STEP][PASSED] - selectOptionByIndex: All options with index in [11] are selected on object 'Object Repository/DispensaryToStore/Page_Dispensary Store/select_--Select--Schedule 1Inj'

2018-06-10 00:46:49 - [MESSAGE][PASSED] - All options with index in [11] are selected on object 'Object Repository/DispensaryToStore/Page_Dispensary Store/select_--Select--Schedule 1Inj'

2018-06-10 00:46:49 - [TEST_STEP][PASSED] - delay: Delayed 1 second(s)

2018-06-10 00:46:50 - [MESSAGE][PASSED] - Delayed 1 second(s)

2018-06-10 00:46:50 - [TEST_STEP][PASSED] - selectOptionByIndex: All options with index in [78] are selected on object 'Object Repository/DispensaryToStore/Page_Dispensary Store/select_--Select--Adernaline 0.'

2018-06-10 00:46:51 - [MESSAGE][PASSED] - All options with index in [78] are selected on object 'Object Repository/DispensaryToStore/Page_Dispensary Store/select_--Select--Adernaline 0.'

2018-06-10 00:46:51 - [TEST_STEP][PASSED] - delay: Delayed 1 second(s)

2018-06-10 00:46:52 - [MESSAGE][PASSED] - Delayed 1 second(s)

2018-06-10 00:46:52 - [TEST_STEP][PASSED] - setText: Text '10' is set on object 'Object Repository/DispensaryToStore/Page_Dispensary Store/input_txttreat'

2018-06-10 00:46:52 - [MESSAGE][PASSED] - Text '10' is set on object 'Object Repository/DispensaryToStore/Page_Dispensary Store/input_txttreat'

2018-06-10 00:46:52 - [TEST_STEP][PASSED] - click: Object: 'Object Repository/DispensaryToStore/Page_Dispensary Store/button_Add' is clicked on

2018-06-10 00:46:52 - [MESSAGE][PASSED] - Object: 'Object Repository/DispensaryToStore/Page_Dispensary Store/button_Add' is clicked on

2018-06-10 00:46:52 - [TEST_STEP][PASSED] - delay: Delayed 1 second(s)

2018-06-10 00:46:53 - [MESSAGE][PASSED] - Delayed 1 second(s)

2018-06-10 00:46:53 - [TEST_STEP][PASSED] - selectOptionByIndex: All options with index in [11] are selected on object 'Object Repository/DispensaryToStore/Page_Dispensary Store/select_--Select--Schedule 1Inj'

2018-06-10 00:46:53 - [MESSAGE][PASSED] - All options with index in [11] are selected on object 'Object Repository/DispensaryToStore/Page_Dispensary Store/select_--Select--Schedule 1Inj'

2018-06-10 00:46:53 - [TEST_STEP][PASSED] - delay: Delayed 1 second(s)

2018-06-10 00:46:54 - [MESSAGE][PASSED] - Delayed 1 second(s)

2018-06-10 00:46:54 - [TEST_STEP][PASSED] - selectOptionByIndex: All options with index in [79] are selected on object 'Object Repository/DispensaryToStore/Page_Dispensary Store/select_--Select--Adernaline 0.'

2018-06-10 00:46:55 - [MESSAGE][PASSED] - All options with index in [79] are selected on object 'Object Repository/DispensaryToStore/Page_Dispensary Store/select_--Select--Adernaline 0.'

2018-06-10 00:46:55 - [TEST_STEP][PASSED] - delay: Delayed 1 second(s)

2018-06-10 00:46:56 - [MESSAGE][PASSED] - Delayed 1 second(s)

2018-06-10 00:46:56 - [TEST_STEP][PASSED] - setText: Text '10' is set on object 'Object Repository/DispensaryToStore/Page_Dispensary Store/input_txttreat'

2018-06-10 00:46:56 - [MESSAGE][PASSED] - Text '10' is set on object 'Object Repository/DispensaryToStore/Page_Dispensary Store/input_txttreat'

2018-06-10 00:46:56 - [TEST_STEP][PASSED] - click: Object: 'Object Repository/DispensaryToStore/Page_Dispensary Store/button_Add' is clicked on

2018-06-10 00:46:56 - [MESSAGE][PASSED] - Object: 'Object Repository/DispensaryToStore/Page_Dispensary Store/button_Add' is clicked on

2018-06-10 00:46:56 - [TEST_STEP][PASSED] - delay: Delayed 1 second(s)

2018-06-10 00:46:57 - [MESSAGE][PASSED] - Delayed 1 second(s)

2018-06-10 00:46:57 - [TEST_STEP][PASSED] - selectOptionByIndex: All options with index in [11] are selected on object 'Object Repository/DispensaryToStore/Page_Dispensary Store/select_--Select--Schedule 1Inj'

2018-06-10 00:46:58 - [MESSAGE][PASSED] - All options with index in [11] are selected on object 'Object Repository/DispensaryToStore/Page_Dispensary Store/select_--Select--Schedule 1Inj'

2018-06-10 00:46:58 - [TEST_STEP][PASSED] - delay: Delayed 1 second(s)

2018-06-10 00:46:59 - [MESSAGE][PASSED] - Delayed 1 second(s)

2018-06-10 00:46:59 - [TEST_STEP][PASSED] - selectOptionByIndex: All options with index in [80] are selected on object 'Object Repository/DispensaryToStore/Page_Dispensary Store/select_--Select--Adernaline 0.'

2018-06-10 00:47:00 - [MESSAGE][PASSED] - All options with index in [80] are selected on object 'Object Repository/DispensaryToStore/Page_Dispensary Store/select_--Select--Adernaline 0.'

2018-06-10 00:47:00 - [TEST_STEP][PASSED] - delay: Delayed 1 second(s)

2018-06-10 00:47:01 - [MESSAGE][PASSED] - Delayed 1 second(s)

2018-06-10 00:47:01 - [TEST_STEP][PASSED] - setText: Text '10' is set on object 'Object Repository/DispensaryToStore/Page_Dispensary Store/input_txttreat'

2018-06-10 00:47:01 - [MESSAGE][PASSED] - Text '10' is set on object 'Object Repository/DispensaryToStore/Page_Dispensary Store/input_txttreat'

2018-06-10 00:47:01 - [TEST_STEP][PASSED] - click: Object: 'Object Repository/DispensaryToStore/Page_Dispensary Store/button_Add' is clicked on

2018-06-10 00:47:01 - [MESSAGE][PASSED] - Object: 'Object Repository/DispensaryToStore/Page_Dispensary Store/button_Add' is clicked on

2018-06-10 00:47:01 - [TEST_STEP][PASSED] - delay: Delayed 1 second(s)

2018-06-10 00:47:02 - [MESSAGE][PASSED] - Delayed 1 second(s)

2018-06-10 00:47:02 - [TEST_STEP][PASSED] - scrollToElement: Scroll to object 'Object Repository/DispensaryToStore/Page_Dispensary Store/input_btnsave' successfully

2018-06-10 00:47:02 - [MESSAGE][PASSED] - Scroll to object 'Object Repository/DispensaryToStore/Page_Dispensary Store/input_btnsave' successfully

2018-06-10 00:47:02 - [TEST_STEP][PASSED] - click: Object: 'Object Repository/DispensaryToStore/Page_Dispensary Store/input_btnsave' is clicked on

2018-06-10 00:47:02 - [MESSAGE][PASSED] - Object: 'Object Repository/DispensaryToStore/Page_Dispensary Store/input_btnsave' is clicked on

2018-06-10 00:47:02 - [TEST_STEP][PASSED] - delay: Delayed 3 second(s)

2018-06-10 00:47:05 - [MESSAGE][PASSED] - Delayed 3 second(s)

2018-06-10 00:47:05 - [TEST_STEP][PASSED] - Statement - RN1 = com.kms.katalon.core.webui.keyword.WebUiBuiltInKeywords.getText(com.kms.katalon.core.testobject.ObjectRepository.findTestObject(DispensaryToStore/Page_Dispensary Store/font_HPRNO180520187)): Text of object 'Object Repository/DispensaryToStore/Page_Dispensary Store/font_HPRNO180520187' is: 'DPRNO/10062018/241'

2018-06-10 00:47:05 - [MESSAGE][PASSED] - Text of object 'Object Repository/DispensaryToStore/Page_Dispensary Store/font_HPRNO180520187' is: 'DPRNO/10062018/241'

2018-06-10 00:47:05 - [TEST_STEP][PASSED] - Statement - out.println(RN1): null

2018-06-10 00:47:05 - [TEST_STEP][PASSED] - Statement - RID = RN1.split("/")[2]: null

2018-06-10 00:47:05 - [TEST_STEP][PASSED] - click: Object: 'Object Repository/DispensaryToStore/Page_Dispensary Store/button_OK' is clicked on

2018-06-10 00:47:06 - [MESSAGE][PASSED] - Object: 'Object Repository/DispensaryToStore/Page_Dispensary Store/button_OK' is clicked on

2018-06-10 00:47:06 - [TEST_STEP][PASSED] - delay: Delayed 3 second(s)

2018-06-10 00:47:09 - [MESSAGE][PASSED] - Delayed 3 second(s)

2018-06-10 00:47:09 - [TEST_STEP][PASSED] - click: Object: 'Object Repository/DispensaryToStore/Page_Dispensary Store/a_dropdown-toggle' is clicked on

2018-06-10 00:47:09 - [MESSAGE][PASSED] - Object: 'Object Repository/DispensaryToStore/Page_Dispensary Store/a_dropdown-toggle' is clicked on

2018-06-10 00:47:09 - [TEST_STEP][PASSED] - click: Object: 'Object Repository/DispensaryToStore/Page_Dispensary Store/a_Sign out' is clicked on

2018-06-10 00:47:10 - [MESSAGE][PASSED] - Object: 'Object Repository/DispensaryToStore/Page_Dispensary Store/a_Sign out' is clicked on

2018-06-10 00:47:10 - [TEST_STEP][PASSED] - delay: Delayed 3 second(s)

2018-06-10 00:47:13 - [MESSAGE][PASSED] - Delayed 3 second(s)

2018-06-10 00:47:13 - [TEST_STEP][PASSED] - navigateToUrl: Navigate to 'http://192.168.137.1/multihospital_new/' successfully

2018-06-10 00:47:13 - [MESSAGE][PASSED] - Navigate to 'http://192.168.137.1/multihospital_new/' successfully

2018-06-10 00:47:13 - [TEST_STEP][PASSED] - click: Object: 'Object Repository/DispensaryToStore/Page_KDMC/a_CMO' is clicked on

2018-06-10 00:47:14 - [MESSAGE][PASSED] - Object: 'Object Repository/DispensaryToStore/Page_KDMC/a_CMO' is clicked on

2018-06-10 00:47:14 - [TEST_STEP][PASSED] - setText: Text 'guru' is set on object 'Object Repository/DispensaryToStore/Page_CMO login/input_txtusername'

2018-06-10 00:47:14 - [MESSAGE][PASSED] - Text 'guru' is set on object 'Object Repository/DispensaryToStore/Page_CMO login/input_txtusername'

2018-06-10 00:47:14 - [TEST_STEP][PASSED] - setText: Text '123' is set on object 'Object Repository/DispensaryToStore/Page_CMO login/input_txtpassword'

2018-06-10 00:47:14 - [MESSAGE][PASSED] - Text '123' is set on object 'Object Repository/DispensaryToStore/Page_CMO login/input_txtpassword'

2018-06-10 00:47:14 - [TEST_STEP][PASSED] - delay: Delayed 3 second(s)

2018-06-10 00:47:17 - [MESSAGE][PASSED] - Delayed 3 second(s)

2018-06-10 00:47:17 - [TEST_STEP][PASSED] - click: Object: 'Object Repository/DispensaryToStore/Page_CMO login/button_Sign in' is clicked on

2018-06-10 00:47:18 - [MESSAGE][PASSED] - Object: 'Object Repository/DispensaryToStore/Page_CMO login/button_Sign in' is clicked on

2018-06-10 00:47:18 - [TEST_STEP][PASSED] - click: Object: 'Object Repository/DispensaryToStore/Page_KDMC - CMO/a_Department Wise Request' is clicked on

2018-06-10 00:47:20 - [MESSAGE][PASSED] - Object: 'Object Repository/DispensaryToStore/Page_KDMC - CMO/a_Department Wise Request' is clicked on

2018-06-10 00:47:20 - [TEST_STEP][PASSED] - delay: Delayed 2 second(s)

2018-06-10 00:47:22 - [MESSAGE][PASSED] - Delayed 2 second(s)

2018-06-10 00:47:22 - [TEST_STEP][PASSED] - selectOptionByIndex: All options with index in [6] are selected on object 'Object Repository/DispensaryToStore/Page_KDMC - CMO/select_--ALL--'

2018-06-10 00:47:22 - [MESSAGE][PASSED] - All options with index in [6] are selected on object 'Object Repository/DispensaryToStore/Page_KDMC - CMO/select_--ALL--'

2018-06-10 00:47:22 - [TEST_STEP][PASSED] - click: Object: 'Object Repository/DispensaryToStore/Page_KDMC - CMO/input_btnsearch' is clicked on

2018-06-10 00:47:22 - [MESSAGE][PASSED] - Object: 'Object Repository/DispensaryToStore/Page_KDMC - CMO/input_btnsearch' is clicked on

2018-06-10 00:47:22 - [TEST_STEP][PASSED] - selectOptionByIndex: All options with index in [1] are selected on object 'Object Repository/DispensaryToStore/Page_KDMC - CMO/select_--ALL--                _1'

2018-06-10 00:47:22 - [MESSAGE][PASSED] - All options with index in [1] are selected on object 'Object Repository/DispensaryToStore/Page_KDMC - CMO/select_--ALL--                _1'

2018-06-10 00:47:22 - [TEST_STEP][PASSED] - click: Object: 'Object Repository/DispensaryToStore/Page_KDMC - CMO/input_btnsearch' is clicked on

2018-06-10 00:47:22 - [MESSAGE][PASSED] - Object: 'Object Repository/DispensaryToStore/Page_KDMC - CMO/input_btnsearch' is clicked on

2018-06-10 00:47:22 - [TEST_STEP][PASSED] - Statement - ID = com.kms.katalon.core.webui.keyword.WebUiBuiltInKeywords.modifyObjectProperty(com.kms.katalon.core.testobject.ObjectRepository.findTestObject(lab/Page_KDMC - CMO/input_1), "xpath", "equals", "//*[@id=" + RID + "]", true): Modify property of object successfully

2018-06-10 00:47:22 - [MESSAGE][PASSED] - Modify property of object successfully

2018-06-10 00:47:22 - [TEST_STEP][PASSED] - click: Object: 'Object Repository/lab/Page_KDMC - CMO/input_1' is clicked on

2018-06-10 00:47:23 - [MESSAGE][PASSED] - Object: 'Object Repository/lab/Page_KDMC - CMO/input_1' is clicked on

2018-06-10 00:47:23 - [TEST_STEP][PASSED] - delay: Delayed 2 second(s)

2018-06-10 00:47:25 - [MESSAGE][PASSED] - Delayed 2 second(s)

2018-06-10 00:47:25 - [TEST_STEP][PASSED] - selectOptionByIndex: All options with index in [1] are selected on object 'Object Repository/DispensaryToStore/Page_KDMC - CMO/select_--Select--'

2018-06-10 00:47:25 - [MESSAGE][PASSED] - All options with index in [1] are selected on object 'Object Repository/DispensaryToStore/Page_KDMC - CMO/select_--Select--'

2018-06-10 00:47:25 - [TEST_STEP][PASSED] - click: Object: 'Object Repository/DispensaryToStore/Page_KDMC - CMO/input_btnupdate' is clicked on

2018-06-10 00:47:25 - [MESSAGE][PASSED] - Object: 'Object Repository/DispensaryToStore/Page_KDMC - CMO/input_btnupdate' is clicked on

2018-06-10 00:47:25 - [TEST_STEP][PASSED] - delay: Delayed 2 second(s)

2018-06-10 00:47:27 - [MESSAGE][PASSED] - Delayed 2 second(s)

2018-06-10 00:47:27 - [TEST_STEP][PASSED] - click: Object: 'Object Repository/DispensaryToStore/Page_KDMC - CMO/button_OK' is clicked on

2018-06-10 00:47:28 - [MESSAGE][PASSED] - Object: 'Object Repository/DispensaryToStore/Page_KDMC - CMO/button_OK' is clicked on

2018-06-10 00:47:28 - [TEST_STEP][PASSED] - delay: Delayed 2 second(s)

2018-06-10 00:47:30 - [MESSAGE][PASSED] - Delayed 2 second(s)

2018-06-10 00:47:30 - [TEST_STEP][PASSED] - click: Object: 'Object Repository/DispensaryToStore/Page_KDMC - CMO/a_dropdown-toggle' is clicked on

2018-06-10 00:47:30 - [MESSAGE][PASSED] - Object: 'Object Repository/DispensaryToStore/Page_KDMC - CMO/a_dropdown-toggle' is clicked on

2018-06-10 00:47:30 - [TEST_STEP][PASSED] - click: Object: 'Object Repository/DispensaryToStore/Page_KDMC - CMO/a_Sign out' is clicked on

2018-06-10 00:47:30 - [MESSAGE][PASSED] - Object: 'Object Repository/DispensaryToStore/Page_KDMC - CMO/a_Sign out' is clicked on

2018-06-10 00:47:30 - [TEST_STEP][PASSED] - delay: Delayed 3 second(s)

2018-06-10 00:47:33 - [MESSAGE][PASSED] - Delayed 3 second(s)

2018-06-10 00:47:33 - [TEST_STEP][PASSED] - click: Object: 'Object Repository/DispensaryToStore/Page_KDMC/a_Divisional Store' is clicked on

2018-06-10 00:47:34 - [MESSAGE][PASSED] - Object: 'Object Repository/DispensaryToStore/Page_KDMC/a_Divisional Store' is clicked on

2018-06-10 00:47:34 - [TEST_STEP][PASSED] - setText: Text 'ragu' is set on object 'Object Repository/DispensaryToStore/Page_Divisonal Store Login/input_txtusername'

2018-06-10 00:47:34 - [MESSAGE][PASSED] - Text 'ragu' is set on object 'Object Repository/DispensaryToStore/Page_Divisonal Store Login/input_txtusername'

2018-06-10 00:47:34 - [TEST_STEP][PASSED] - setText: Text '123' is set on object 'Object Repository/DispensaryToStore/Page_Divisonal Store Login/input_txtpassword'

2018-06-10 00:47:34 - [MESSAGE][PASSED] - Text '123' is set on object 'Object Repository/DispensaryToStore/Page_Divisonal Store Login/input_txtpassword'

2018-06-10 00:47:34 - [TEST_STEP][PASSED] - delay: Delayed 3 second(s)

2018-06-10 00:47:37 - [MESSAGE][PASSED] - Delayed 3 second(s)

2018-06-10 00:47:37 - [TEST_STEP][PASSED] - click: Object: 'Object Repository/DispensaryToStore/Page_Divisonal Store Login/button_Sign in' is clicked on

2018-06-10 00:47:39 - [MESSAGE][PASSED] - Object: 'Object Repository/DispensaryToStore/Page_Divisonal Store Login/button_Sign in' is clicked on

2018-06-10 00:47:39 - [TEST_STEP][PASSED] - delay: Delayed 3 second(s)

2018-06-10 00:47:42 - [MESSAGE][PASSED] - Delayed 3 second(s)

2018-06-10 00:47:42 - [TEST_STEP][PASSED] - scrollToPosition: Browser is scrolled to position x = 100, y = 100

2018-06-10 00:47:42 - [MESSAGE][PASSED] - Browser is scrolled to position x = 100, y = 100

2018-06-10 00:47:42 - [TEST_STEP][PASSED] - click: Object: 'Object Repository/DispensaryToStore/Page_Store/a_Dispensary Request' is clicked on

2018-06-10 00:47:42 - [MESSAGE][PASSED] - Object: 'Object Repository/DispensaryToStore/Page_Store/a_Dispensary Request' is clicked on

2018-06-10 00:47:42 - [TEST_STEP][PASSED] - delay: Delayed 2 second(s)

2018-06-10 00:47:44 - [MESSAGE][PASSED] - Delayed 2 second(s)

2018-06-10 00:47:44 - [TEST_STEP][PASSED] - click: Object: 'Object Repository/DispensaryToStore/Page_Store/a_Request Item Dispensary' is clicked on

2018-06-10 00:47:45 - [MESSAGE][PASSED] - Object: 'Object Repository/DispensaryToStore/Page_Store/a_Request Item Dispensary' is clicked on

2018-06-10 00:47:45 - [TEST_STEP][PASSED] - Statement - ChooseRequest = com.kms.katalon.core.webui.keyword.WebUiBuiltInKeywords.modifyObjectProperty(com.kms.katalon.core.testobject.ObjectRepository.findTestObject(lab/Page_Store/input_1), "xpath", "equals", "//*[@id=" + RID + "]", true): Modify property of object successfully

2018-06-10 00:47:45 - [MESSAGE][PASSED] - Modify property of object successfully

2018-06-10 00:47:45 - [TEST_STEP][PASSED] - click: Object: 'Object Repository/lab/Page_Store/input_1' is clicked on

2018-06-10 00:47:46 - [MESSAGE][PASSED] - Object: 'Object Repository/lab/Page_Store/input_1' is clicked on

2018-06-10 00:47:46 - [TEST_STEP][PASSED] - Statement - selectedoptions = com.kms.katalon.core.webui.keyword.WebUiBuiltInKeywords.getNumberOfTotalOption(com.kms.katalon.core.testobject.ObjectRepository.findTestObject(DispensaryToStore/Page_Store/select_--Select--Adernaline 0.)): 81 options of object 'Object Repository/DispensaryToStore/Page_Store/select_--Select--Adernaline 0.' counted

2018-06-10 00:47:46 - [MESSAGE][PASSED] - 81 options of object 'Object Repository/DispensaryToStore/Page_Store/select_--Select--Adernaline 0.' counted

2018-06-10 00:47:46 - [TEST_STEP][FAILED] - Statement - For ([a = 1, a <= selectedoptions - 1, (a++)]): null

2018-06-10 00:47:46 - [TEST_STEP][PASSED] - selectOptionByIndex: All options with index in [1] are selected on object 'Object Repository/DispensaryToStore/Page_Store/select_--Select--Adernaline 0.'

2018-06-10 00:47:46 - [MESSAGE][PASSED] - All options with index in [1] are selected on object 'Object Repository/DispensaryToStore/Page_Store/select_--Select--Adernaline 0.'

2018-06-10 00:47:46 - [TEST_STEP][PASSED] - delay: Delayed 2 second(s)

2018-06-10 00:47:48 - [MESSAGE][PASSED] - Delayed 2 second(s)

2018-06-10 00:47:48 - [TEST_STEP][PASSED] - Statement - RequestedQty = com.kms.katalon.core.webui.keyword.WebUiBuiltInKeywords.getAttribute(com.kms.katalon.core.testobject.ObjectRepository.findTestObject(DispensaryToStore/Page_Store/input_txttotal), "value"): Attribute 'value' of object 'Object Repository/DispensaryToStore/Page_Store/input_txttotal' is: '10'

2018-06-10 00:47:48 - [MESSAGE][PASSED] - Attribute 'value' of object 'Object Repository/DispensaryToStore/Page_Store/input_txttotal' is: '10'

2018-06-10 00:47:48 - [TEST_STEP][PASSED] - Statement - out.println("Requested QTY : " + RequestedQty): null

2018-06-10 00:47:48 - [TEST_STEP][PASSED] - Statement - BatchNumber = com.kms.katalon.core.webui.keyword.WebUiBuiltInKeywords.getNumberOfTotalOption(com.kms.katalon.core.testobject.ObjectRepository.findTestObject(DispensaryToStore/Page_Store/select_--Select--BA1170BA2376B)): 2 options of object 'Object Repository/DispensaryToStore/Page_Store/select_--Select--BA1170BA2376B' counted

2018-06-10 00:47:48 - [MESSAGE][PASSED] - 2 options of object 'Object Repository/DispensaryToStore/Page_Store/select_--Select--BA1170BA2376B' counted

2018-06-10 00:47:48 - [TEST_STEP][PASSED] - Statement - For ([g = 1, g <= BatchNumber - 1, (g++)]): null

2018-06-10 00:47:48 - [TEST_STEP][PASSED] - selectOptionByIndex: All options with index in [1] are selected on object 'Object Repository/DispensaryToStore/Page_Store/select_--Select--BA1170BA2376B'

2018-06-10 00:47:49 - [MESSAGE][PASSED] - All options with index in [1] are selected on object 'Object Repository/DispensaryToStore/Page_Store/select_--Select--BA1170BA2376B'

2018-06-10 00:47:49 - [TEST_STEP][PASSED] - Statement - Try: null

2018-06-10 00:47:49 - [TEST_STEP][PASSED] - Statement - StockQty = com.kms.katalon.core.webui.keyword.WebUiBuiltInKeywords.getAttribute(com.kms.katalon.core.testobject.ObjectRepository.findTestObject(DispensaryToStore/Page_Store/input_txtprice), "value"): Attribute 'value' of object 'Object Repository/DispensaryToStore/Page_Store/input_txtprice' is: '387'

2018-06-10 00:47:49 - [MESSAGE][PASSED] - Attribute 'value' of object 'Object Repository/DispensaryToStore/Page_Store/input_txtprice' is: '387'

2018-06-10 00:47:49 - [TEST_STEP][PASSED] - Statement - out.println("Stock QTY : " + StockQty): null

2018-06-10 00:47:49 - [TEST_STEP][PASSED] - delay: Delayed 2 second(s)

2018-06-10 00:47:51 - [MESSAGE][PASSED] - Delayed 2 second(s)

2018-06-10 00:47:51 - [TEST_STEP][PASSED] - Statement - If (java.lang.String.valueOf(StockQty) >= java.lang.String.valueOf(RequestedQty)): null

2018-06-10 00:47:51 - [TEST_STEP][PASSED] - setText: Text '10' is set on object 'Object Repository/DispensaryToStore/Page_Store/input_txtqty'

2018-06-10 00:47:51 - [MESSAGE][PASSED] - Text '10' is set on object 'Object Repository/DispensaryToStore/Page_Store/input_txtqty'

2018-06-10 00:47:51 - [TEST_STEP][PASSED] - click: Object: 'Object Repository/DispensaryToStore/Page_Store/button_Add' is clicked on

2018-06-10 00:47:51 - [MESSAGE][PASSED] - Object: 'Object Repository/DispensaryToStore/Page_Store/button_Add' is clicked on

2018-06-10 00:47:51 - [TEST_STEP][PASSED] - Statement - Break: null

2018-06-10 00:47:51 - [TEST_STEP][PASSED] - selectOptionByIndex: All options with index in [2] are selected on object 'Object Repository/DispensaryToStore/Page_Store/select_--Select--Adernaline 0.'

2018-06-10 00:47:51 - [MESSAGE][PASSED] - All options with index in [2] are selected on object 'Object Repository/DispensaryToStore/Page_Store/select_--Select--Adernaline 0.'

2018-06-10 00:47:51 - [TEST_STEP][PASSED] - delay: Delayed 2 second(s)

2018-06-10 00:47:53 - [MESSAGE][PASSED] - Delayed 2 second(s)

2018-06-10 00:47:53 - [TEST_STEP][PASSED] - Statement - RequestedQty = com.kms.katalon.core.webui.keyword.WebUiBuiltInKeywords.getAttribute(com.kms.katalon.core.testobject.ObjectRepository.findTestObject(DispensaryToStore/Page_Store/input_txttotal), "value"): Attribute 'value' of object 'Object Repository/DispensaryToStore/Page_Store/input_txttotal' is: '10'

2018-06-10 00:47:53 - [MESSAGE][PASSED] - Attribute 'value' of object 'Object Repository/DispensaryToStore/Page_Store/input_txttotal' is: '10'

2018-06-10 00:47:53 - [TEST_STEP][PASSED] - Statement - out.println("Requested QTY : " + RequestedQty): null

2018-06-10 00:47:53 - [TEST_STEP][PASSED] - Statement - BatchNumber = com.kms.katalon.core.webui.keyword.WebUiBuiltInKeywords.getNumberOfTotalOption(com.kms.katalon.core.testobject.ObjectRepository.findTestObject(DispensaryToStore/Page_Store/select_--Select--BA1170BA2376B)): 2 options of object 'Object Repository/DispensaryToStore/Page_Store/select_--Select--BA1170BA2376B' counted

2018-06-10 00:47:53 - [MESSAGE][PASSED] - 2 options of object 'Object Repository/DispensaryToStore/Page_Store/select_--Select--BA1170BA2376B' counted

2018-06-10 00:47:53 - [TEST_STEP][PASSED] - Statement - For ([g = 1, g <= BatchNumber - 1, (g++)]): null

2018-06-10 00:47:53 - [TEST_STEP][PASSED] - selectOptionByIndex: All options with index in [1] are selected on object 'Object Repository/DispensaryToStore/Page_Store/select_--Select--BA1170BA2376B'

2018-06-10 00:47:53 - [MESSAGE][PASSED] - All options with index in [1] are selected on object 'Object Repository/DispensaryToStore/Page_Store/select_--Select--BA1170BA2376B'

2018-06-10 00:47:53 - [TEST_STEP][PASSED] - Statement - Try: null

2018-06-10 00:47:53 - [TEST_STEP][PASSED] - Statement - StockQty = com.kms.katalon.core.webui.keyword.WebUiBuiltInKeywords.getAttribute(com.kms.katalon.core.testobject.ObjectRepository.findTestObject(DispensaryToStore/Page_Store/input_txtprice), "value"): Attribute 'value' of object 'Object Repository/DispensaryToStore/Page_Store/input_txtprice' is: ''

2018-06-10 00:47:53 - [MESSAGE][PASSED] - Attribute 'value' of object 'Object Repository/DispensaryToStore/Page_Store/input_txtprice' is: ''

2018-06-10 00:47:53 - [TEST_STEP][PASSED] - Statement - out.println("Stock QTY : " + StockQty): null

2018-06-10 00:47:53 - [TEST_STEP][PASSED] - delay: Delayed 2 second(s)

2018-06-10 00:47:55 - [MESSAGE][PASSED] - Delayed 2 second(s)

2018-06-10 00:47:55 - [TEST_STEP][PASSED] - Statement - If (java.lang.String.valueOf(StockQty) >= java.lang.String.valueOf(RequestedQty)): null

2018-06-10 00:47:55 - [TEST_STEP][PASSED] - Statement - Else: null

2018-06-10 00:47:55 - [TEST_STEP][PASSED] - Statement - out.println("Stock Is Less Than Requested Qty"): null

2018-06-10 00:47:55 - [TEST_STEP][PASSED] - selectOptionByIndex: All options with index in [3] are selected on object 'Object Repository/DispensaryToStore/Page_Store/select_--Select--Adernaline 0.'

2018-06-10 00:47:55 - [MESSAGE][PASSED] - All options with index in [3] are selected on object 'Object Repository/DispensaryToStore/Page_Store/select_--Select--Adernaline 0.'

2018-06-10 00:47:55 - [TEST_STEP][PASSED] - delay: Delayed 2 second(s)

2018-06-10 00:47:57 - [MESSAGE][PASSED] - Delayed 2 second(s)

2018-06-10 00:47:57 - [TEST_STEP][PASSED] - Statement - RequestedQty = com.kms.katalon.core.webui.keyword.WebUiBuiltInKeywords.getAttribute(com.kms.katalon.core.testobject.ObjectRepository.findTestObject(DispensaryToStore/Page_Store/input_txttotal), "value"): Attribute 'value' of object 'Object Repository/DispensaryToStore/Page_Store/input_txttotal' is: '10'

2018-06-10 00:47:57 - [MESSAGE][PASSED] - Attribute 'value' of object 'Object Repository/DispensaryToStore/Page_Store/input_txttotal' is: '10'

2018-06-10 00:47:57 - [TEST_STEP][PASSED] - Statement - out.println("Requested QTY : " + RequestedQty): null

2018-06-10 00:47:57 - [TEST_STEP][PASSED] - Statement - BatchNumber = com.kms.katalon.core.webui.keyword.WebUiBuiltInKeywords.getNumberOfTotalOption(com.kms.katalon.core.testobject.ObjectRepository.findTestObject(DispensaryToStore/Page_Store/select_--Select--BA1170BA2376B)): 3 options of object 'Object Repository/DispensaryToStore/Page_Store/select_--Select--BA1170BA2376B' counted

2018-06-10 00:47:57 - [MESSAGE][PASSED] - 3 options of object 'Object Repository/DispensaryToStore/Page_Store/select_--Select--BA1170BA2376B' counted

2018-06-10 00:47:57 - [TEST_STEP][PASSED] - Statement - For ([g = 1, g <= BatchNumber - 1, (g++)]): null

2018-06-10 00:47:57 - [TEST_STEP][PASSED] - selectOptionByIndex: All options with index in [1] are selected on object 'Object Repository/DispensaryToStore/Page_Store/select_--Select--BA1170BA2376B'

2018-06-10 00:47:58 - [MESSAGE][PASSED] - All options with index in [1] are selected on object 'Object Repository/DispensaryToStore/Page_Store/select_--Select--BA1170BA2376B'

2018-06-10 00:47:58 - [TEST_STEP][PASSED] - Statement - Try: null

2018-06-10 00:47:58 - [TEST_STEP][PASSED] - Statement - StockQty = com.kms.katalon.core.webui.keyword.WebUiBuiltInKeywords.getAttribute(com.kms.katalon.core.testobject.ObjectRepository.findTestObject(DispensaryToStore/Page_Store/input_txtprice), "value"): Attribute 'value' of object 'Object Repository/DispensaryToStore/Page_Store/input_txtprice' is: '130'

2018-06-10 00:47:58 - [MESSAGE][PASSED] - Attribute 'value' of object 'Object Repository/DispensaryToStore/Page_Store/input_txtprice' is: '130'

2018-06-10 00:47:58 - [TEST_STEP][PASSED] - Statement - out.println("Stock QTY : " + StockQty): null

2018-06-10 00:47:58 - [TEST_STEP][PASSED] - delay: Delayed 2 second(s)

2018-06-10 00:48:00 - [MESSAGE][PASSED] - Delayed 2 second(s)

2018-06-10 00:48:00 - [TEST_STEP][PASSED] - Statement - If (java.lang.String.valueOf(StockQty) >= java.lang.String.valueOf(RequestedQty)): null

2018-06-10 00:48:00 - [TEST_STEP][PASSED] - setText: Text '10' is set on object 'Object Repository/DispensaryToStore/Page_Store/input_txtqty'

2018-06-10 00:48:00 - [MESSAGE][PASSED] - Text '10' is set on object 'Object Repository/DispensaryToStore/Page_Store/input_txtqty'

2018-06-10 00:48:00 - [TEST_STEP][PASSED] - click: Object: 'Object Repository/DispensaryToStore/Page_Store/button_Add' is clicked on

2018-06-10 00:48:00 - [MESSAGE][PASSED] - Object: 'Object Repository/DispensaryToStore/Page_Store/button_Add' is clicked on

2018-06-10 00:48:00 - [TEST_STEP][PASSED] - Statement - Break: null

2018-06-10 00:48:00 - [TEST_STEP][PASSED] - selectOptionByIndex: All options with index in [4] are selected on object 'Object Repository/DispensaryToStore/Page_Store/select_--Select--Adernaline 0.'

2018-06-10 00:48:00 - [MESSAGE][PASSED] - All options with index in [4] are selected on object 'Object Repository/DispensaryToStore/Page_Store/select_--Select--Adernaline 0.'

2018-06-10 00:48:00 - [TEST_STEP][PASSED] - delay: Delayed 2 second(s)

2018-06-10 00:48:02 - [MESSAGE][PASSED] - Delayed 2 second(s)

2018-06-10 00:48:02 - [TEST_STEP][PASSED] - Statement - RequestedQty = com.kms.katalon.core.webui.keyword.WebUiBuiltInKeywords.getAttribute(com.kms.katalon.core.testobject.ObjectRepository.findTestObject(DispensaryToStore/Page_Store/input_txttotal), "value"): Attribute 'value' of object 'Object Repository/DispensaryToStore/Page_Store/input_txttotal' is: '10'

2018-06-10 00:48:02 - [MESSAGE][PASSED] - Attribute 'value' of object 'Object Repository/DispensaryToStore/Page_Store/input_txttotal' is: '10'

2018-06-10 00:48:02 - [TEST_STEP][PASSED] - Statement - out.println("Requested QTY : " + RequestedQty): null

2018-06-10 00:48:02 - [TEST_STEP][PASSED] - Statement - BatchNumber = com.kms.katalon.core.webui.keyword.WebUiBuiltInKeywords.getNumberOfTotalOption(com.kms.katalon.core.testobject.ObjectRepository.findTestObject(DispensaryToStore/Page_Store/select_--Select--BA1170BA2376B)): 2 options of object 'Object Repository/DispensaryToStore/Page_Store/select_--Select--BA1170BA2376B' counted

2018-06-10 00:48:02 - [MESSAGE][PASSED] - 2 options of object 'Object Repository/DispensaryToStore/Page_Store/select_--Select--BA1170BA2376B' counted

2018-06-10 00:48:02 - [TEST_STEP][PASSED] - Statement - For ([g = 1, g <= BatchNumber - 1, (g++)]): null

2018-06-10 00:48:02 - [TEST_STEP][PASSED] - selectOptionByIndex: All options with index in [1] are selected on object 'Object Repository/DispensaryToStore/Page_Store/select_--Select--BA1170BA2376B'

2018-06-10 00:48:02 - [MESSAGE][PASSED] - All options with index in [1] are selected on object 'Object Repository/DispensaryToStore/Page_Store/select_--Select--BA1170BA2376B'

2018-06-10 00:48:02 - [TEST_STEP][PASSED] - Statement - Try: null

2018-06-10 00:48:02 - [TEST_STEP][PASSED] - Statement - StockQty = com.kms.katalon.core.webui.keyword.WebUiBuiltInKeywords.getAttribute(com.kms.katalon.core.testobject.ObjectRepository.findTestObject(DispensaryToStore/Page_Store/input_txtprice), "value"): Attribute 'value' of object 'Object Repository/DispensaryToStore/Page_Store/input_txtprice' is: '430'

2018-06-10 00:48:02 - [MESSAGE][PASSED] - Attribute 'value' of object 'Object Repository/DispensaryToStore/Page_Store/input_txtprice' is: '430'

2018-06-10 00:48:02 - [TEST_STEP][PASSED] - Statement - out.println("Stock QTY : " + StockQty): null

2018-06-10 00:48:02 - [TEST_STEP][PASSED] - delay: Delayed 2 second(s)

2018-06-10 00:48:04 - [MESSAGE][PASSED] - Delayed 2 second(s)

2018-06-10 00:48:04 - [TEST_STEP][PASSED] - Statement - If (java.lang.String.valueOf(StockQty) >= java.lang.String.valueOf(RequestedQty)): null

2018-06-10 00:48:04 - [TEST_STEP][PASSED] - setText: Text '10' is set on object 'Object Repository/DispensaryToStore/Page_Store/input_txtqty'

2018-06-10 00:48:04 - [MESSAGE][PASSED] - Text '10' is set on object 'Object Repository/DispensaryToStore/Page_Store/input_txtqty'

2018-06-10 00:48:04 - [TEST_STEP][PASSED] - click: Object: 'Object Repository/DispensaryToStore/Page_Store/button_Add' is clicked on

2018-06-10 00:48:04 - [MESSAGE][PASSED] - Object: 'Object Repository/DispensaryToStore/Page_Store/button_Add' is clicked on

2018-06-10 00:48:04 - [TEST_STEP][PASSED] - Statement - Break: null

2018-06-10 00:48:04 - [TEST_STEP][PASSED] - selectOptionByIndex: All options with index in [5] are selected on object 'Object Repository/DispensaryToStore/Page_Store/select_--Select--Adernaline 0.'

2018-06-10 00:48:05 - [MESSAGE][PASSED] - All options with index in [5] are selected on object 'Object Repository/DispensaryToStore/Page_Store/select_--Select--Adernaline 0.'

2018-06-10 00:48:05 - [TEST_STEP][PASSED] - delay: Delayed 2 second(s)

2018-06-10 00:48:07 - [MESSAGE][PASSED] - Delayed 2 second(s)

2018-06-10 00:48:07 - [TEST_STEP][PASSED] - Statement - RequestedQty = com.kms.katalon.core.webui.keyword.WebUiBuiltInKeywords.getAttribute(com.kms.katalon.core.testobject.ObjectRepository.findTestObject(DispensaryToStore/Page_Store/input_txttotal), "value"): Attribute 'value' of object 'Object Repository/DispensaryToStore/Page_Store/input_txttotal' is: '10'

2018-06-10 00:48:07 - [MESSAGE][PASSED] - Attribute 'value' of object 'Object Repository/DispensaryToStore/Page_Store/input_txttotal' is: '10'

2018-06-10 00:48:07 - [TEST_STEP][PASSED] - Statement - out.println("Requested QTY : " + RequestedQty): null

2018-06-10 00:48:07 - [TEST_STEP][PASSED] - Statement - BatchNumber = com.kms.katalon.core.webui.keyword.WebUiBuiltInKeywords.getNumberOfTotalOption(com.kms.katalon.core.testobject.ObjectRepository.findTestObject(DispensaryToStore/Page_Store/select_--Select--BA1170BA2376B)): 2 options of object 'Object Repository/DispensaryToStore/Page_Store/select_--Select--BA1170BA2376B' counted

2018-06-10 00:48:07 - [MESSAGE][PASSED] - 2 options of object 'Object Repository/DispensaryToStore/Page_Store/select_--Select--BA1170BA2376B' counted

2018-06-10 00:48:07 - [TEST_STEP][PASSED] - Statement - For ([g = 1, g <= BatchNumber - 1, (g++)]): null

2018-06-10 00:48:07 - [TEST_STEP][PASSED] - selectOptionByIndex: All options with index in [1] are selected on object 'Object Repository/DispensaryToStore/Page_Store/select_--Select--BA1170BA2376B'

2018-06-10 00:48:07 - [MESSAGE][PASSED] - All options with index in [1] are selected on object 'Object Repository/DispensaryToStore/Page_Store/select_--Select--BA1170BA2376B'

2018-06-10 00:48:07 - [TEST_STEP][PASSED] - Statement - Try: null

2018-06-10 00:48:07 - [TEST_STEP][PASSED] - Statement - StockQty = com.kms.katalon.core.webui.keyword.WebUiBuiltInKeywords.getAttribute(com.kms.katalon.core.testobject.ObjectRepository.findTestObject(DispensaryToStore/Page_Store/input_txtprice), "value"): Attribute 'value' of object 'Object Repository/DispensaryToStore/Page_Store/input_txtprice' is: '420'

2018-06-10 00:48:07 - [MESSAGE][PASSED] - Attribute 'value' of object 'Object Repository/DispensaryToStore/Page_Store/input_txtprice' is: '420'

2018-06-10 00:48:07 - [TEST_STEP][PASSED] - Statement - out.println("Stock QTY : " + StockQty): null

2018-06-10 00:48:07 - [TEST_STEP][PASSED] - delay: Delayed 2 second(s)

2018-06-10 00:48:09 - [MESSAGE][PASSED] - Delayed 2 second(s)

2018-06-10 00:48:09 - [TEST_STEP][PASSED] - Statement - If (java.lang.String.valueOf(StockQty) >= java.lang.String.valueOf(RequestedQty)): null

2018-06-10 00:48:09 - [TEST_STEP][PASSED] - setText: Text '10' is set on object 'Object Repository/DispensaryToStore/Page_Store/input_txtqty'

2018-06-10 00:48:09 - [MESSAGE][PASSED] - Text '10' is set on object 'Object Repository/DispensaryToStore/Page_Store/input_txtqty'

2018-06-10 00:48:09 - [TEST_STEP][PASSED] - click: Object: 'Object Repository/DispensaryToStore/Page_Store/button_Add' is clicked on

2018-06-10 00:48:09 - [MESSAGE][PASSED] - Object: 'Object Repository/DispensaryToStore/Page_Store/button_Add' is clicked on

2018-06-10 00:48:09 - [TEST_STEP][PASSED] - Statement - Break: null

2018-06-10 00:48:09 - [TEST_STEP][PASSED] - selectOptionByIndex: All options with index in [6] are selected on object 'Object Repository/DispensaryToStore/Page_Store/select_--Select--Adernaline 0.'

2018-06-10 00:48:09 - [MESSAGE][PASSED] - All options with index in [6] are selected on object 'Object Repository/DispensaryToStore/Page_Store/select_--Select--Adernaline 0.'

2018-06-10 00:48:09 - [TEST_STEP][PASSED] - delay: Delayed 2 second(s)

2018-06-10 00:48:11 - [MESSAGE][PASSED] - Delayed 2 second(s)

2018-06-10 00:48:11 - [TEST_STEP][PASSED] - Statement - RequestedQty = com.kms.katalon.core.webui.keyword.WebUiBuiltInKeywords.getAttribute(com.kms.katalon.core.testobject.ObjectRepository.findTestObject(DispensaryToStore/Page_Store/input_txttotal), "value"): Attribute 'value' of object 'Object Repository/DispensaryToStore/Page_Store/input_txttotal' is: '10'

2018-06-10 00:48:11 - [MESSAGE][PASSED] - Attribute 'value' of object 'Object Repository/DispensaryToStore/Page_Store/input_txttotal' is: '10'

2018-06-10 00:48:11 - [TEST_STEP][PASSED] - Statement - out.println("Requested QTY : " + RequestedQty): null

2018-06-10 00:48:11 - [TEST_STEP][PASSED] - Statement - BatchNumber = com.kms.katalon.core.webui.keyword.WebUiBuiltInKeywords.getNumberOfTotalOption(com.kms.katalon.core.testobject.ObjectRepository.findTestObject(DispensaryToStore/Page_Store/select_--Select--BA1170BA2376B)): 2 options of object 'Object Repository/DispensaryToStore/Page_Store/select_--Select--BA1170BA2376B' counted

2018-06-10 00:48:11 - [MESSAGE][PASSED] - 2 options of object 'Object Repository/DispensaryToStore/Page_Store/select_--Select--BA1170BA2376B' counted

2018-06-10 00:48:11 - [TEST_STEP][PASSED] - Statement - For ([g = 1, g <= BatchNumber - 1, (g++)]): null

2018-06-10 00:48:11 - [TEST_STEP][PASSED] - selectOptionByIndex: All options with index in [1] are selected on object 'Object Repository/DispensaryToStore/Page_Store/select_--Select--BA1170BA2376B'

2018-06-10 00:48:11 - [MESSAGE][PASSED] - All options with index in [1] are selected on object 'Object Repository/DispensaryToStore/Page_Store/select_--Select--BA1170BA2376B'

2018-06-10 00:48:11 - [TEST_STEP][PASSED] - Statement - Try: null

2018-06-10 00:48:11 - [TEST_STEP][PASSED] - Statement - StockQty = com.kms.katalon.core.webui.keyword.WebUiBuiltInKeywords.getAttribute(com.kms.katalon.core.testobject.ObjectRepository.findTestObject(DispensaryToStore/Page_Store/input_txtprice), "value"): Attribute 'value' of object 'Object Repository/DispensaryToStore/Page_Store/input_txtprice' is: ''

2018-06-10 00:48:11 - [MESSAGE][PASSED] - Attribute 'value' of object 'Object Repository/DispensaryToStore/Page_Store/input_txtprice' is: ''

2018-06-10 00:48:11 - [TEST_STEP][PASSED] - Statement - out.println("Stock QTY : " + StockQty): null

2018-06-10 00:48:11 - [TEST_STEP][PASSED] - delay: Delayed 2 second(s)

2018-06-10 00:48:13 - [MESSAGE][PASSED] - Delayed 2 second(s)

2018-06-10 00:48:13 - [TEST_STEP][PASSED] - Statement - If (java.lang.String.valueOf(StockQty) >= java.lang.String.valueOf(RequestedQty)): null

2018-06-10 00:48:13 - [TEST_STEP][PASSED] - Statement - Else: null

2018-06-10 00:48:13 - [TEST_STEP][PASSED] - Statement - out.println("Stock Is Less Than Requested Qty"): null

2018-06-10 00:48:13 - [TEST_STEP][PASSED] - selectOptionByIndex: All options with index in [7] are selected on object 'Object Repository/DispensaryToStore/Page_Store/select_--Select--Adernaline 0.'

2018-06-10 00:48:14 - [MESSAGE][PASSED] - All options with index in [7] are selected on object 'Object Repository/DispensaryToStore/Page_Store/select_--Select--Adernaline 0.'

2018-06-10 00:48:14 - [TEST_STEP][PASSED] - delay: Delayed 2 second(s)

2018-06-10 00:48:16 - [MESSAGE][PASSED] - Delayed 2 second(s)

2018-06-10 00:48:16 - [TEST_STEP][PASSED] - Statement - RequestedQty = com.kms.katalon.core.webui.keyword.WebUiBuiltInKeywords.getAttribute(com.kms.katalon.core.testobject.ObjectRepository.findTestObject(DispensaryToStore/Page_Store/input_txttotal), "value"): Attribute 'value' of object 'Object Repository/DispensaryToStore/Page_Store/input_txttotal' is: '10'

2018-06-10 00:48:16 - [MESSAGE][PASSED] - Attribute 'value' of object 'Object Repository/DispensaryToStore/Page_Store/input_txttotal' is: '10'

2018-06-10 00:48:16 - [TEST_STEP][PASSED] - Statement - out.println("Requested QTY : " + RequestedQty): null

2018-06-10 00:48:16 - [TEST_STEP][PASSED] - Statement - BatchNumber = com.kms.katalon.core.webui.keyword.WebUiBuiltInKeywords.getNumberOfTotalOption(com.kms.katalon.core.testobject.ObjectRepository.findTestObject(DispensaryToStore/Page_Store/select_--Select--BA1170BA2376B)): 3 options of object 'Object Repository/DispensaryToStore/Page_Store/select_--Select--BA1170BA2376B' counted

2018-06-10 00:48:16 - [MESSAGE][PASSED] - 3 options of object 'Object Repository/DispensaryToStore/Page_Store/select_--Select--BA1170BA2376B' counted

2018-06-10 00:48:16 - [TEST_STEP][PASSED] - Statement - For ([g = 1, g <= BatchNumber - 1, (g++)]): null

2018-06-10 00:48:16 - [TEST_STEP][PASSED] - selectOptionByIndex: All options with index in [1] are selected on object 'Object Repository/DispensaryToStore/Page_Store/select_--Select--BA1170BA2376B'

2018-06-10 00:48:16 - [MESSAGE][PASSED] - All options with index in [1] are selected on object 'Object Repository/DispensaryToStore/Page_Store/select_--Select--BA1170BA2376B'

2018-06-10 00:48:16 - [TEST_STEP][PASSED] - Statement - Try: null

2018-06-10 00:48:16 - [TEST_STEP][PASSED] - Statement - StockQty = com.kms.katalon.core.webui.keyword.WebUiBuiltInKeywords.getAttribute(com.kms.katalon.core.testobject.ObjectRepository.findTestObject(DispensaryToStore/Page_Store/input_txtprice), "value"): Attribute 'value' of object 'Object Repository/DispensaryToStore/Page_Store/input_txtprice' is: '260'

2018-06-10 00:48:16 - [MESSAGE][PASSED] - Attribute 'value' of object 'Object Repository/DispensaryToStore/Page_Store/input_txtprice' is: '260'

2018-06-10 00:48:16 - [TEST_STEP][PASSED] - Statement - out.println("Stock QTY : " + StockQty): null

2018-06-10 00:48:16 - [TEST_STEP][PASSED] - delay: Delayed 2 second(s)

2018-06-10 00:48:18 - [MESSAGE][PASSED] - Delayed 2 second(s)

2018-06-10 00:48:18 - [TEST_STEP][PASSED] - Statement - If (java.lang.String.valueOf(StockQty) >= java.lang.String.valueOf(RequestedQty)): null

2018-06-10 00:48:18 - [TEST_STEP][PASSED] - setText: Text '10' is set on object 'Object Repository/DispensaryToStore/Page_Store/input_txtqty'

2018-06-10 00:48:18 - [MESSAGE][PASSED] - Text '10' is set on object 'Object Repository/DispensaryToStore/Page_Store/input_txtqty'

2018-06-10 00:48:18 - [TEST_STEP][PASSED] - click: Object: 'Object Repository/DispensaryToStore/Page_Store/button_Add' is clicked on

2018-06-10 00:48:18 - [MESSAGE][PASSED] - Object: 'Object Repository/DispensaryToStore/Page_Store/button_Add' is clicked on

2018-06-10 00:48:18 - [TEST_STEP][PASSED] - Statement - Break: null

2018-06-10 00:48:18 - [TEST_STEP][PASSED] - selectOptionByIndex: All options with index in [8] are selected on object 'Object Repository/DispensaryToStore/Page_Store/select_--Select--Adernaline 0.'

2018-06-10 00:48:18 - [MESSAGE][PASSED] - All options with index in [8] are selected on object 'Object Repository/DispensaryToStore/Page_Store/select_--Select--Adernaline 0.'

2018-06-10 00:48:18 - [TEST_STEP][PASSED] - delay: Delayed 2 second(s)

2018-06-10 00:48:20 - [MESSAGE][PASSED] - Delayed 2 second(s)

2018-06-10 00:48:20 - [TEST_STEP][PASSED] - Statement - RequestedQty = com.kms.katalon.core.webui.keyword.WebUiBuiltInKeywords.getAttribute(com.kms.katalon.core.testobject.ObjectRepository.findTestObject(DispensaryToStore/Page_Store/input_txttotal), "value"): Attribute 'value' of object 'Object Repository/DispensaryToStore/Page_Store/input_txttotal' is: '10'

2018-06-10 00:48:20 - [MESSAGE][PASSED] - Attribute 'value' of object 'Object Repository/DispensaryToStore/Page_Store/input_txttotal' is: '10'

2018-06-10 00:48:20 - [TEST_STEP][PASSED] - Statement - out.println("Requested QTY : " + RequestedQty): null

2018-06-10 00:48:20 - [TEST_STEP][PASSED] - Statement - BatchNumber = com.kms.katalon.core.webui.keyword.WebUiBuiltInKeywords.getNumberOfTotalOption(com.kms.katalon.core.testobject.ObjectRepository.findTestObject(DispensaryToStore/Page_Store/select_--Select--BA1170BA2376B)): 3 options of object 'Object Repository/DispensaryToStore/Page_Store/select_--Select--BA1170BA2376B' counted

2018-06-10 00:48:20 - [MESSAGE][PASSED] - 3 options of object 'Object Repository/DispensaryToStore/Page_Store/select_--Select--BA1170BA2376B' counted

2018-06-10 00:48:20 - [TEST_STEP][PASSED] - Statement - For ([g = 1, g <= BatchNumber - 1, (g++)]): null

2018-06-10 00:48:20 - [TEST_STEP][PASSED] - selectOptionByIndex: All options with index in [1] are selected on object 'Object Repository/DispensaryToStore/Page_Store/select_--Select--BA1170BA2376B'

2018-06-10 00:48:20 - [MESSAGE][PASSED] - All options with index in [1] are selected on object 'Object Repository/DispensaryToStore/Page_Store/select_--Select--BA1170BA2376B'

2018-06-10 00:48:20 - [TEST_STEP][PASSED] - Statement - Try: null

2018-06-10 00:48:20 - [TEST_STEP][PASSED] - Statement - StockQty = com.kms.katalon.core.webui.keyword.WebUiBuiltInKeywords.getAttribute(com.kms.katalon.core.testobject.ObjectRepository.findTestObject(DispensaryToStore/Page_Store/input_txtprice), "value"): Attribute 'value' of object 'Object Repository/DispensaryToStore/Page_Store/input_txtprice' is: '260'

2018-06-10 00:48:21 - [MESSAGE][PASSED] - Attribute 'value' of object 'Object Repository/DispensaryToStore/Page_Store/input_txtprice' is: '260'

2018-06-10 00:48:21 - [TEST_STEP][PASSED] - Statement - out.println("Stock QTY : " + StockQty): null

2018-06-10 00:48:21 - [TEST_STEP][PASSED] - delay: Delayed 2 second(s)

2018-06-10 00:48:23 - [MESSAGE][PASSED] - Delayed 2 second(s)

2018-06-10 00:48:23 - [TEST_STEP][PASSED] - Statement - If (java.lang.String.valueOf(StockQty) >= java.lang.String.valueOf(RequestedQty)): null

2018-06-10 00:48:23 - [TEST_STEP][PASSED] - setText: Text '10' is set on object 'Object Repository/DispensaryToStore/Page_Store/input_txtqty'

2018-06-10 00:48:23 - [MESSAGE][PASSED] - Text '10' is set on object 'Object Repository/DispensaryToStore/Page_Store/input_txtqty'

2018-06-10 00:48:23 - [TEST_STEP][PASSED] - click: Object: 'Object Repository/DispensaryToStore/Page_Store/button_Add' is clicked on

2018-06-10 00:48:23 - [MESSAGE][PASSED] - Object: 'Object Repository/DispensaryToStore/Page_Store/button_Add' is clicked on

2018-06-10 00:48:23 - [TEST_STEP][PASSED] - Statement - Break: null

2018-06-10 00:48:23 - [TEST_STEP][PASSED] - selectOptionByIndex: All options with index in [9] are selected on object 'Object Repository/DispensaryToStore/Page_Store/select_--Select--Adernaline 0.'

2018-06-10 00:48:23 - [MESSAGE][PASSED] - All options with index in [9] are selected on object 'Object Repository/DispensaryToStore/Page_Store/select_--Select--Adernaline 0.'

2018-06-10 00:48:23 - [TEST_STEP][PASSED] - delay: Delayed 2 second(s)

2018-06-10 00:48:25 - [MESSAGE][PASSED] - Delayed 2 second(s)

2018-06-10 00:48:25 - [TEST_STEP][PASSED] - Statement - RequestedQty = com.kms.katalon.core.webui.keyword.WebUiBuiltInKeywords.getAttribute(com.kms.katalon.core.testobject.ObjectRepository.findTestObject(DispensaryToStore/Page_Store/input_txttotal), "value"): Attribute 'value' of object 'Object Repository/DispensaryToStore/Page_Store/input_txttotal' is: '10'

2018-06-10 00:48:25 - [MESSAGE][PASSED] - Attribute 'value' of object 'Object Repository/DispensaryToStore/Page_Store/input_txttotal' is: '10'

2018-06-10 00:48:25 - [TEST_STEP][PASSED] - Statement - out.println("Requested QTY : " + RequestedQty): null

2018-06-10 00:48:25 - [TEST_STEP][PASSED] - Statement - BatchNumber = com.kms.katalon.core.webui.keyword.WebUiBuiltInKeywords.getNumberOfTotalOption(com.kms.katalon.core.testobject.ObjectRepository.findTestObject(DispensaryToStore/Page_Store/select_--Select--BA1170BA2376B)): 3 options of object 'Object Repository/DispensaryToStore/Page_Store/select_--Select--BA1170BA2376B' counted

2018-06-10 00:48:25 - [MESSAGE][PASSED] - 3 options of object 'Object Repository/DispensaryToStore/Page_Store/select_--Select--BA1170BA2376B' counted

2018-06-10 00:48:25 - [TEST_STEP][PASSED] - Statement - For ([g = 1, g <= BatchNumber - 1, (g++)]): null

2018-06-10 00:48:25 - [TEST_STEP][PASSED] - selectOptionByIndex: All options with index in [1] are selected on object 'Object Repository/DispensaryToStore/Page_Store/select_--Select--BA1170BA2376B'

2018-06-10 00:48:25 - [MESSAGE][PASSED] - All options with index in [1] are selected on object 'Object Repository/DispensaryToStore/Page_Store/select_--Select--BA1170BA2376B'

2018-06-10 00:48:25 - [TEST_STEP][PASSED] - Statement - Try: null

2018-06-10 00:48:25 - [TEST_STEP][PASSED] - Statement - StockQty = com.kms.katalon.core.webui.keyword.WebUiBuiltInKeywords.getAttribute(com.kms.katalon.core.testobject.ObjectRepository.findTestObject(DispensaryToStore/Page_Store/input_txtprice), "value"): Attribute 'value' of object 'Object Repository/DispensaryToStore/Page_Store/input_txtprice' is: '260'

2018-06-10 00:48:25 - [MESSAGE][PASSED] - Attribute 'value' of object 'Object Repository/DispensaryToStore/Page_Store/input_txtprice' is: '260'

2018-06-10 00:48:25 - [TEST_STEP][PASSED] - Statement - out.println("Stock QTY : " + StockQty): null

2018-06-10 00:48:25 - [TEST_STEP][PASSED] - delay: Delayed 2 second(s)

2018-06-10 00:48:27 - [MESSAGE][PASSED] - Delayed 2 second(s)

2018-06-10 00:48:27 - [TEST_STEP][PASSED] - Statement - If (java.lang.String.valueOf(StockQty) >= java.lang.String.valueOf(RequestedQty)): null

2018-06-10 00:48:27 - [TEST_STEP][PASSED] - setText: Text '10' is set on object 'Object Repository/DispensaryToStore/Page_Store/input_txtqty'

2018-06-10 00:48:27 - [MESSAGE][PASSED] - Text '10' is set on object 'Object Repository/DispensaryToStore/Page_Store/input_txtqty'

2018-06-10 00:48:27 - [TEST_STEP][PASSED] - click: Object: 'Object Repository/DispensaryToStore/Page_Store/button_Add' is clicked on

2018-06-10 00:48:27 - [MESSAGE][PASSED] - Object: 'Object Repository/DispensaryToStore/Page_Store/button_Add' is clicked on

2018-06-10 00:48:27 - [TEST_STEP][PASSED] - Statement - Break: null

2018-06-10 00:48:27 - [TEST_STEP][PASSED] - selectOptionByIndex: All options with index in [10] are selected on object 'Object Repository/DispensaryToStore/Page_Store/select_--Select--Adernaline 0.'

2018-06-10 00:48:27 - [MESSAGE][PASSED] - All options with index in [10] are selected on object 'Object Repository/DispensaryToStore/Page_Store/select_--Select--Adernaline 0.'

2018-06-10 00:48:27 - [TEST_STEP][PASSED] - delay: Delayed 2 second(s)

2018-06-10 00:48:30 - [MESSAGE][PASSED] - Delayed 2 second(s)

2018-06-10 00:48:30 - [TEST_STEP][PASSED] - Statement - RequestedQty = com.kms.katalon.core.webui.keyword.WebUiBuiltInKeywords.getAttribute(com.kms.katalon.core.testobject.ObjectRepository.findTestObject(DispensaryToStore/Page_Store/input_txttotal), "value"): Attribute 'value' of object 'Object Repository/DispensaryToStore/Page_Store/input_txttotal' is: '10'

2018-06-10 00:48:30 - [MESSAGE][PASSED] - Attribute 'value' of object 'Object Repository/DispensaryToStore/Page_Store/input_txttotal' is: '10'

2018-06-10 00:48:30 - [TEST_STEP][PASSED] - Statement - out.println("Requested QTY : " + RequestedQty): null

2018-06-10 00:48:30 - [TEST_STEP][PASSED] - Statement - BatchNumber = com.kms.katalon.core.webui.keyword.WebUiBuiltInKeywords.getNumberOfTotalOption(com.kms.katalon.core.testobject.ObjectRepository.findTestObject(DispensaryToStore/Page_Store/select_--Select--BA1170BA2376B)): 4 options of object 'Object Repository/DispensaryToStore/Page_Store/select_--Select--BA1170BA2376B' counted

2018-06-10 00:48:30 - [MESSAGE][PASSED] - 4 options of object 'Object Repository/DispensaryToStore/Page_Store/select_--Select--BA1170BA2376B' counted

2018-06-10 00:48:30 - [TEST_STEP][PASSED] - Statement - For ([g = 1, g <= BatchNumber - 1, (g++)]): null

2018-06-10 00:48:30 - [TEST_STEP][PASSED] - selectOptionByIndex: All options with index in [1] are selected on object 'Object Repository/DispensaryToStore/Page_Store/select_--Select--BA1170BA2376B'

2018-06-10 00:48:30 - [MESSAGE][PASSED] - All options with index in [1] are selected on object 'Object Repository/DispensaryToStore/Page_Store/select_--Select--BA1170BA2376B'

2018-06-10 00:48:30 - [TEST_STEP][PASSED] - Statement - Try: null

2018-06-10 00:48:30 - [TEST_STEP][PASSED] - Statement - StockQty = com.kms.katalon.core.webui.keyword.WebUiBuiltInKeywords.getAttribute(com.kms.katalon.core.testobject.ObjectRepository.findTestObject(DispensaryToStore/Page_Store/input_txtprice), "value"): Attribute 'value' of object 'Object Repository/DispensaryToStore/Page_Store/input_txtprice' is: '100'

2018-06-10 00:48:30 - [MESSAGE][PASSED] - Attribute 'value' of object 'Object Repository/DispensaryToStore/Page_Store/input_txtprice' is: '100'

2018-06-10 00:48:30 - [TEST_STEP][PASSED] - Statement - out.println("Stock QTY : " + StockQty): null

2018-06-10 00:48:30 - [TEST_STEP][PASSED] - delay: Delayed 2 second(s)

2018-06-10 00:48:32 - [MESSAGE][PASSED] - Delayed 2 second(s)

2018-06-10 00:48:32 - [TEST_STEP][PASSED] - Statement - If (java.lang.String.valueOf(StockQty) >= java.lang.String.valueOf(RequestedQty)): null

2018-06-10 00:48:32 - [TEST_STEP][PASSED] - setText: Text '10' is set on object 'Object Repository/DispensaryToStore/Page_Store/input_txtqty'

2018-06-10 00:48:32 - [MESSAGE][PASSED] - Text '10' is set on object 'Object Repository/DispensaryToStore/Page_Store/input_txtqty'

2018-06-10 00:48:32 - [TEST_STEP][PASSED] - click: Object: 'Object Repository/DispensaryToStore/Page_Store/button_Add' is clicked on

2018-06-10 00:48:32 - [MESSAGE][PASSED] - Object: 'Object Repository/DispensaryToStore/Page_Store/button_Add' is clicked on

2018-06-10 00:48:32 - [TEST_STEP][PASSED] - Statement - Break: null

2018-06-10 00:48:32 - [TEST_STEP][PASSED] - selectOptionByIndex: All options with index in [11] are selected on object 'Object Repository/DispensaryToStore/Page_Store/select_--Select--Adernaline 0.'

2018-06-10 00:48:32 - [MESSAGE][PASSED] - All options with index in [11] are selected on object 'Object Repository/DispensaryToStore/Page_Store/select_--Select--Adernaline 0.'

2018-06-10 00:48:32 - [TEST_STEP][PASSED] - delay: Delayed 2 second(s)

2018-06-10 00:48:34 - [MESSAGE][PASSED] - Delayed 2 second(s)

2018-06-10 00:48:34 - [TEST_STEP][PASSED] - Statement - RequestedQty = com.kms.katalon.core.webui.keyword.WebUiBuiltInKeywords.getAttribute(com.kms.katalon.core.testobject.ObjectRepository.findTestObject(DispensaryToStore/Page_Store/input_txttotal), "value"): Attribute 'value' of object 'Object Repository/DispensaryToStore/Page_Store/input_txttotal' is: '10'

2018-06-10 00:48:34 - [MESSAGE][PASSED] - Attribute 'value' of object 'Object Repository/DispensaryToStore/Page_Store/input_txttotal' is: '10'

2018-06-10 00:48:34 - [TEST_STEP][PASSED] - Statement - out.println("Requested QTY : " + RequestedQty): null

2018-06-10 00:48:34 - [TEST_STEP][PASSED] - Statement - BatchNumber = com.kms.katalon.core.webui.keyword.WebUiBuiltInKeywords.getNumberOfTotalOption(com.kms.katalon.core.testobject.ObjectRepository.findTestObject(DispensaryToStore/Page_Store/select_--Select--BA1170BA2376B)): 2 options of object 'Object Repository/DispensaryToStore/Page_Store/select_--Select--BA1170BA2376B' counted

2018-06-10 00:48:34 - [MESSAGE][PASSED] - 2 options of object 'Object Repository/DispensaryToStore/Page_Store/select_--Select--BA1170BA2376B' counted

2018-06-10 00:48:34 - [TEST_STEP][PASSED] - Statement - For ([g = 1, g <= BatchNumber - 1, (g++)]): null

2018-06-10 00:48:34 - [TEST_STEP][PASSED] - selectOptionByIndex: All options with index in [1] are selected on object 'Object Repository/DispensaryToStore/Page_Store/select_--Select--BA1170BA2376B'

2018-06-10 00:48:34 - [MESSAGE][PASSED] - All options with index in [1] are selected on object 'Object Repository/DispensaryToStore/Page_Store/select_--Select--BA1170BA2376B'

2018-06-10 00:48:34 - [TEST_STEP][PASSED] - Statement - Try: null

2018-06-10 00:48:34 - [TEST_STEP][PASSED] - Statement - StockQty = com.kms.katalon.core.webui.keyword.WebUiBuiltInKeywords.getAttribute(com.kms.katalon.core.testobject.ObjectRepository.findTestObject(DispensaryToStore/Page_Store/input_txtprice), "value"): Attribute 'value' of object 'Object Repository/DispensaryToStore/Page_Store/input_txtprice' is: '420'

2018-06-10 00:48:34 - [MESSAGE][PASSED] - Attribute 'value' of object 'Object Repository/DispensaryToStore/Page_Store/input_txtprice' is: '420'

2018-06-10 00:48:34 - [TEST_STEP][PASSED] - Statement - out.println("Stock QTY : " + StockQty): null

2018-06-10 00:48:34 - [TEST_STEP][PASSED] - delay: Delayed 2 second(s)

2018-06-10 00:48:36 - [MESSAGE][PASSED] - Delayed 2 second(s)

2018-06-10 00:48:36 - [TEST_STEP][PASSED] - Statement - If (java.lang.String.valueOf(StockQty) >= java.lang.String.valueOf(RequestedQty)): null

2018-06-10 00:48:36 - [TEST_STEP][PASSED] - setText: Text '10' is set on object 'Object Repository/DispensaryToStore/Page_Store/input_txtqty'

2018-06-10 00:48:36 - [MESSAGE][PASSED] - Text '10' is set on object 'Object Repository/DispensaryToStore/Page_Store/input_txtqty'

2018-06-10 00:48:36 - [TEST_STEP][PASSED] - click: Object: 'Object Repository/DispensaryToStore/Page_Store/button_Add' is clicked on

2018-06-10 00:48:36 - [MESSAGE][PASSED] - Object: 'Object Repository/DispensaryToStore/Page_Store/button_Add' is clicked on

2018-06-10 00:48:36 - [TEST_STEP][PASSED] - Statement - Break: null

2018-06-10 00:48:36 - [TEST_STEP][PASSED] - selectOptionByIndex: All options with index in [12] are selected on object 'Object Repository/DispensaryToStore/Page_Store/select_--Select--Adernaline 0.'

2018-06-10 00:48:37 - [MESSAGE][PASSED] - All options with index in [12] are selected on object 'Object Repository/DispensaryToStore/Page_Store/select_--Select--Adernaline 0.'

2018-06-10 00:48:37 - [TEST_STEP][PASSED] - delay: Delayed 2 second(s)

2018-06-10 00:48:39 - [MESSAGE][PASSED] - Delayed 2 second(s)

2018-06-10 00:48:39 - [TEST_STEP][PASSED] - Statement - RequestedQty = com.kms.katalon.core.webui.keyword.WebUiBuiltInKeywords.getAttribute(com.kms.katalon.core.testobject.ObjectRepository.findTestObject(DispensaryToStore/Page_Store/input_txttotal), "value"): Attribute 'value' of object 'Object Repository/DispensaryToStore/Page_Store/input_txttotal' is: '10'

2018-06-10 00:48:39 - [MESSAGE][PASSED] - Attribute 'value' of object 'Object Repository/DispensaryToStore/Page_Store/input_txttotal' is: '10'

2018-06-10 00:48:39 - [TEST_STEP][PASSED] - Statement - out.println("Requested QTY : " + RequestedQty): null

2018-06-10 00:48:39 - [TEST_STEP][PASSED] - Statement - BatchNumber = com.kms.katalon.core.webui.keyword.WebUiBuiltInKeywords.getNumberOfTotalOption(com.kms.katalon.core.testobject.ObjectRepository.findTestObject(DispensaryToStore/Page_Store/select_--Select--BA1170BA2376B)): 3 options of object 'Object Repository/DispensaryToStore/Page_Store/select_--Select--BA1170BA2376B' counted

2018-06-10 00:48:39 - [MESSAGE][PASSED] - 3 options of object 'Object Repository/DispensaryToStore/Page_Store/select_--Select--BA1170BA2376B' counted

2018-06-10 00:48:39 - [TEST_STEP][PASSED] - Statement - For ([g = 1, g <= BatchNumber - 1, (g++)]): null

2018-06-10 00:48:39 - [TEST_STEP][PASSED] - selectOptionByIndex: All options with index in [1] are selected on object 'Object Repository/DispensaryToStore/Page_Store/select_--Select--BA1170BA2376B'

2018-06-10 00:48:39 - [MESSAGE][PASSED] - All options with index in [1] are selected on object 'Object Repository/DispensaryToStore/Page_Store/select_--Select--BA1170BA2376B'

2018-06-10 00:48:39 - [TEST_STEP][PASSED] - Statement - Try: null

2018-06-10 00:48:39 - [TEST_STEP][PASSED] - Statement - StockQty = com.kms.katalon.core.webui.keyword.WebUiBuiltInKeywords.getAttribute(com.kms.katalon.core.testobject.ObjectRepository.findTestObject(DispensaryToStore/Page_Store/input_txtprice), "value"): Attribute 'value' of object 'Object Repository/DispensaryToStore/Page_Store/input_txtprice' is: ''

2018-06-10 00:48:39 - [MESSAGE][PASSED] - Attribute 'value' of object 'Object Repository/DispensaryToStore/Page_Store/input_txtprice' is: ''

2018-06-10 00:48:39 - [TEST_STEP][PASSED] - Statement - out.println("Stock QTY : " + StockQty): null

2018-06-10 00:48:39 - [TEST_STEP][PASSED] - delay: Delayed 2 second(s)

2018-06-10 00:48:41 - [MESSAGE][PASSED] - Delayed 2 second(s)

2018-06-10 00:48:41 - [TEST_STEP][PASSED] - Statement - If (java.lang.String.valueOf(StockQty) >= java.lang.String.valueOf(RequestedQty)): null

2018-06-10 00:48:41 - [TEST_STEP][PASSED] - Statement - Else: null

2018-06-10 00:48:41 - [TEST_STEP][PASSED] - Statement - out.println("Stock Is Less Than Requested Qty"): null

2018-06-10 00:48:41 - [TEST_STEP][PASSED] - selectOptionByIndex: All options with index in [2] are selected on object 'Object Repository/DispensaryToStore/Page_Store/select_--Select--BA1170BA2376B'

2018-06-10 00:48:41 - [MESSAGE][PASSED] - All options with index in [2] are selected on object 'Object Repository/DispensaryToStore/Page_Store/select_--Select--BA1170BA2376B'

2018-06-10 00:48:41 - [TEST_STEP][PASSED] - Statement - Try: null

2018-06-10 00:48:41 - [TEST_STEP][PASSED] - Statement - StockQty = com.kms.katalon.core.webui.keyword.WebUiBuiltInKeywords.getAttribute(com.kms.katalon.core.testobject.ObjectRepository.findTestObject(DispensaryToStore/Page_Store/input_txtprice), "value"): Attribute 'value' of object 'Object Repository/DispensaryToStore/Page_Store/input_txtprice' is: '120'

2018-06-10 00:48:41 - [MESSAGE][PASSED] - Attribute 'value' of object 'Object Repository/DispensaryToStore/Page_Store/input_txtprice' is: '120'

2018-06-10 00:48:41 - [TEST_STEP][PASSED] - Statement - out.println("Stock QTY : " + StockQty): null

2018-06-10 00:48:41 - [TEST_STEP][PASSED] - delay: Delayed 2 second(s)

2018-06-10 00:48:43 - [MESSAGE][PASSED] - Delayed 2 second(s)

2018-06-10 00:48:43 - [TEST_STEP][PASSED] - Statement - If (java.lang.String.valueOf(StockQty) >= java.lang.String.valueOf(RequestedQty)): null

2018-06-10 00:48:43 - [TEST_STEP][PASSED] - setText: Text '10' is set on object 'Object Repository/DispensaryToStore/Page_Store/input_txtqty'

2018-06-10 00:48:43 - [MESSAGE][PASSED] - Text '10' is set on object 'Object Repository/DispensaryToStore/Page_Store/input_txtqty'

2018-06-10 00:48:43 - [TEST_STEP][PASSED] - click: Object: 'Object Repository/DispensaryToStore/Page_Store/button_Add' is clicked on

2018-06-10 00:48:43 - [MESSAGE][PASSED] - Object: 'Object Repository/DispensaryToStore/Page_Store/button_Add' is clicked on

2018-06-10 00:48:43 - [TEST_STEP][PASSED] - Statement - Break: null

2018-06-10 00:48:43 - [TEST_STEP][PASSED] - selectOptionByIndex: All options with index in [13] are selected on object 'Object Repository/DispensaryToStore/Page_Store/select_--Select--Adernaline 0.'

2018-06-10 00:48:44 - [MESSAGE][PASSED] - All options with index in [13] are selected on object 'Object Repository/DispensaryToStore/Page_Store/select_--Select--Adernaline 0.'

2018-06-10 00:48:44 - [TEST_STEP][PASSED] - delay: Delayed 2 second(s)

2018-06-10 00:48:46 - [MESSAGE][PASSED] - Delayed 2 second(s)

2018-06-10 00:48:46 - [TEST_STEP][PASSED] - Statement - RequestedQty = com.kms.katalon.core.webui.keyword.WebUiBuiltInKeywords.getAttribute(com.kms.katalon.core.testobject.ObjectRepository.findTestObject(DispensaryToStore/Page_Store/input_txttotal), "value"): Attribute 'value' of object 'Object Repository/DispensaryToStore/Page_Store/input_txttotal' is: '10'

2018-06-10 00:48:46 - [MESSAGE][PASSED] - Attribute 'value' of object 'Object Repository/DispensaryToStore/Page_Store/input_txttotal' is: '10'

2018-06-10 00:48:46 - [TEST_STEP][PASSED] - Statement - out.println("Requested QTY : " + RequestedQty): null

2018-06-10 00:48:46 - [TEST_STEP][PASSED] - Statement - BatchNumber = com.kms.katalon.core.webui.keyword.WebUiBuiltInKeywords.getNumberOfTotalOption(com.kms.katalon.core.testobject.ObjectRepository.findTestObject(DispensaryToStore/Page_Store/select_--Select--BA1170BA2376B)): 4 options of object 'Object Repository/DispensaryToStore/Page_Store/select_--Select--BA1170BA2376B' counted

2018-06-10 00:48:46 - [MESSAGE][PASSED] - 4 options of object 'Object Repository/DispensaryToStore/Page_Store/select_--Select--BA1170BA2376B' counted

2018-06-10 00:48:46 - [TEST_STEP][PASSED] - Statement - For ([g = 1, g <= BatchNumber - 1, (g++)]): null

2018-06-10 00:48:46 - [TEST_STEP][PASSED] - selectOptionByIndex: All options with index in [1] are selected on object 'Object Repository/DispensaryToStore/Page_Store/select_--Select--BA1170BA2376B'

2018-06-10 00:48:46 - [MESSAGE][PASSED] - All options with index in [1] are selected on object 'Object Repository/DispensaryToStore/Page_Store/select_--Select--BA1170BA2376B'

2018-06-10 00:48:46 - [TEST_STEP][PASSED] - Statement - Try: null

2018-06-10 00:48:46 - [TEST_STEP][PASSED] - Statement - StockQty = com.kms.katalon.core.webui.keyword.WebUiBuiltInKeywords.getAttribute(com.kms.katalon.core.testobject.ObjectRepository.findTestObject(DispensaryToStore/Page_Store/input_txtprice), "value"): Attribute 'value' of object 'Object Repository/DispensaryToStore/Page_Store/input_txtprice' is: '100'

2018-06-10 00:48:46 - [MESSAGE][PASSED] - Attribute 'value' of object 'Object Repository/DispensaryToStore/Page_Store/input_txtprice' is: '100'

2018-06-10 00:48:46 - [TEST_STEP][PASSED] - Statement - out.println("Stock QTY : " + StockQty): null

2018-06-10 00:48:46 - [TEST_STEP][PASSED] - delay: Delayed 2 second(s)

2018-06-10 00:48:48 - [MESSAGE][PASSED] - Delayed 2 second(s)

2018-06-10 00:48:48 - [TEST_STEP][PASSED] - Statement - If (java.lang.String.valueOf(StockQty) >= java.lang.String.valueOf(RequestedQty)): null

2018-06-10 00:48:48 - [TEST_STEP][PASSED] - setText: Text '10' is set on object 'Object Repository/DispensaryToStore/Page_Store/input_txtqty'

2018-06-10 00:48:48 - [MESSAGE][PASSED] - Text '10' is set on object 'Object Repository/DispensaryToStore/Page_Store/input_txtqty'

2018-06-10 00:48:48 - [TEST_STEP][PASSED] - click: Object: 'Object Repository/DispensaryToStore/Page_Store/button_Add' is clicked on

2018-06-10 00:48:48 - [MESSAGE][PASSED] - Object: 'Object Repository/DispensaryToStore/Page_Store/button_Add' is clicked on

2018-06-10 00:48:48 - [TEST_STEP][PASSED] - Statement - Break: null

2018-06-10 00:48:48 - [TEST_STEP][PASSED] - selectOptionByIndex: All options with index in [14] are selected on object 'Object Repository/DispensaryToStore/Page_Store/select_--Select--Adernaline 0.'

2018-06-10 00:48:48 - [MESSAGE][PASSED] - All options with index in [14] are selected on object 'Object Repository/DispensaryToStore/Page_Store/select_--Select--Adernaline 0.'

2018-06-10 00:48:48 - [TEST_STEP][PASSED] - delay: Delayed 2 second(s)

2018-06-10 00:48:50 - [MESSAGE][PASSED] - Delayed 2 second(s)

2018-06-10 00:48:50 - [TEST_STEP][PASSED] - Statement - RequestedQty = com.kms.katalon.core.webui.keyword.WebUiBuiltInKeywords.getAttribute(com.kms.katalon.core.testobject.ObjectRepository.findTestObject(DispensaryToStore/Page_Store/input_txttotal), "value"): Attribute 'value' of object 'Object Repository/DispensaryToStore/Page_Store/input_txttotal' is: '10'

2018-06-10 00:48:50 - [MESSAGE][PASSED] - Attribute 'value' of object 'Object Repository/DispensaryToStore/Page_Store/input_txttotal' is: '10'

2018-06-10 00:48:50 - [TEST_STEP][PASSED] - Statement - out.println("Requested QTY : " + RequestedQty): null

2018-06-10 00:48:50 - [TEST_STEP][PASSED] - Statement - BatchNumber = com.kms.katalon.core.webui.keyword.WebUiBuiltInKeywords.getNumberOfTotalOption(com.kms.katalon.core.testobject.ObjectRepository.findTestObject(DispensaryToStore/Page_Store/select_--Select--BA1170BA2376B)): 4 options of object 'Object Repository/DispensaryToStore/Page_Store/select_--Select--BA1170BA2376B' counted

2018-06-10 00:48:50 - [MESSAGE][PASSED] - 4 options of object 'Object Repository/DispensaryToStore/Page_Store/select_--Select--BA1170BA2376B' counted

2018-06-10 00:48:50 - [TEST_STEP][PASSED] - Statement - For ([g = 1, g <= BatchNumber - 1, (g++)]): null

2018-06-10 00:48:50 - [TEST_STEP][PASSED] - selectOptionByIndex: All options with index in [1] are selected on object 'Object Repository/DispensaryToStore/Page_Store/select_--Select--BA1170BA2376B'

2018-06-10 00:48:50 - [MESSAGE][PASSED] - All options with index in [1] are selected on object 'Object Repository/DispensaryToStore/Page_Store/select_--Select--BA1170BA2376B'

2018-06-10 00:48:50 - [TEST_STEP][PASSED] - Statement - Try: null

2018-06-10 00:48:50 - [TEST_STEP][PASSED] - Statement - StockQty = com.kms.katalon.core.webui.keyword.WebUiBuiltInKeywords.getAttribute(com.kms.katalon.core.testobject.ObjectRepository.findTestObject(DispensaryToStore/Page_Store/input_txtprice), "value"): Attribute 'value' of object 'Object Repository/DispensaryToStore/Page_Store/input_txtprice' is: '100'

2018-06-10 00:48:50 - [MESSAGE][PASSED] - Attribute 'value' of object 'Object Repository/DispensaryToStore/Page_Store/input_txtprice' is: '100'

2018-06-10 00:48:50 - [TEST_STEP][PASSED] - Statement - out.println("Stock QTY : " + StockQty): null

2018-06-10 00:48:50 - [TEST_STEP][PASSED] - delay: Delayed 2 second(s)

2018-06-10 00:48:52 - [MESSAGE][PASSED] - Delayed 2 second(s)

2018-06-10 00:48:52 - [TEST_STEP][PASSED] - Statement - If (java.lang.String.valueOf(StockQty) >= java.lang.String.valueOf(RequestedQty)): null

2018-06-10 00:48:52 - [TEST_STEP][PASSED] - setText: Text '10' is set on object 'Object Repository/DispensaryToStore/Page_Store/input_txtqty'

2018-06-10 00:48:53 - [MESSAGE][PASSED] - Text '10' is set on object 'Object Repository/DispensaryToStore/Page_Store/input_txtqty'

2018-06-10 00:48:53 - [TEST_STEP][PASSED] - click: Object: 'Object Repository/DispensaryToStore/Page_Store/button_Add' is clicked on

2018-06-10 00:48:53 - [MESSAGE][PASSED] - Object: 'Object Repository/DispensaryToStore/Page_Store/button_Add' is clicked on

2018-06-10 00:48:53 - [TEST_STEP][PASSED] - Statement - Break: null

2018-06-10 00:48:53 - [TEST_STEP][PASSED] - selectOptionByIndex: All options with index in [15] are selected on object 'Object Repository/DispensaryToStore/Page_Store/select_--Select--Adernaline 0.'

2018-06-10 00:48:53 - [MESSAGE][PASSED] - All options with index in [15] are selected on object 'Object Repository/DispensaryToStore/Page_Store/select_--Select--Adernaline 0.'

2018-06-10 00:48:53 - [TEST_STEP][PASSED] - delay: Delayed 2 second(s)

2018-06-10 00:48:55 - [MESSAGE][PASSED] - Delayed 2 second(s)

2018-06-10 00:48:55 - [TEST_STEP][PASSED] - Statement - RequestedQty = com.kms.katalon.core.webui.keyword.WebUiBuiltInKeywords.getAttribute(com.kms.katalon.core.testobject.ObjectRepository.findTestObject(DispensaryToStore/Page_Store/input_txttotal), "value"): Attribute 'value' of object 'Object Repository/DispensaryToStore/Page_Store/input_txttotal' is: '10'

2018-06-10 00:48:55 - [MESSAGE][PASSED] - Attribute 'value' of object 'Object Repository/DispensaryToStore/Page_Store/input_txttotal' is: '10'

2018-06-10 00:48:55 - [TEST_STEP][PASSED] - Statement - out.println("Requested QTY : " + RequestedQty): null

2018-06-10 00:48:55 - [TEST_STEP][PASSED] - Statement - BatchNumber = com.kms.katalon.core.webui.keyword.WebUiBuiltInKeywords.getNumberOfTotalOption(com.kms.katalon.core.testobject.ObjectRepository.findTestObject(DispensaryToStore/Page_Store/select_--Select--BA1170BA2376B)): 3 options of object 'Object Repository/DispensaryToStore/Page_Store/select_--Select--BA1170BA2376B' counted

2018-06-10 00:48:55 - [MESSAGE][PASSED] - 3 options of object 'Object Repository/DispensaryToStore/Page_Store/select_--Select--BA1170BA2376B' counted

2018-06-10 00:48:55 - [TEST_STEP][PASSED] - Statement - For ([g = 1, g <= BatchNumber - 1, (g++)]): null

2018-06-10 00:48:55 - [TEST_STEP][PASSED] - selectOptionByIndex: All options with index in [1] are selected on object 'Object Repository/DispensaryToStore/Page_Store/select_--Select--BA1170BA2376B'

2018-06-10 00:48:55 - [MESSAGE][PASSED] - All options with index in [1] are selected on object 'Object Repository/DispensaryToStore/Page_Store/select_--Select--BA1170BA2376B'

2018-06-10 00:48:55 - [TEST_STEP][PASSED] - Statement - Try: null

2018-06-10 00:48:55 - [TEST_STEP][PASSED] - Statement - StockQty = com.kms.katalon.core.webui.keyword.WebUiBuiltInKeywords.getAttribute(com.kms.katalon.core.testobject.ObjectRepository.findTestObject(DispensaryToStore/Page_Store/input_txtprice), "value"): Attribute 'value' of object 'Object Repository/DispensaryToStore/Page_Store/input_txtprice' is: '260'

2018-06-10 00:48:55 - [MESSAGE][PASSED] - Attribute 'value' of object 'Object Repository/DispensaryToStore/Page_Store/input_txtprice' is: '260'

2018-06-10 00:48:55 - [TEST_STEP][PASSED] - Statement - out.println("Stock QTY : " + StockQty): null

2018-06-10 00:48:55 - [TEST_STEP][PASSED] - delay: Delayed 2 second(s)

2018-06-10 00:48:57 - [MESSAGE][PASSED] - Delayed 2 second(s)

2018-06-10 00:48:57 - [TEST_STEP][PASSED] - Statement - If (java.lang.String.valueOf(StockQty) >= java.lang.String.valueOf(RequestedQty)): null

2018-06-10 00:48:57 - [TEST_STEP][PASSED] - setText: Text '10' is set on object 'Object Repository/DispensaryToStore/Page_Store/input_txtqty'

2018-06-10 00:48:57 - [MESSAGE][PASSED] - Text '10' is set on object 'Object Repository/DispensaryToStore/Page_Store/input_txtqty'

2018-06-10 00:48:57 - [TEST_STEP][PASSED] - click: Object: 'Object Repository/DispensaryToStore/Page_Store/button_Add' is clicked on

2018-06-10 00:48:57 - [MESSAGE][PASSED] - Object: 'Object Repository/DispensaryToStore/Page_Store/button_Add' is clicked on

2018-06-10 00:48:57 - [TEST_STEP][PASSED] - Statement - Break: null

2018-06-10 00:48:57 - [TEST_STEP][PASSED] - selectOptionByIndex: All options with index in [16] are selected on object 'Object Repository/DispensaryToStore/Page_Store/select_--Select--Adernaline 0.'

2018-06-10 00:48:58 - [MESSAGE][PASSED] - All options with index in [16] are selected on object 'Object Repository/DispensaryToStore/Page_Store/select_--Select--Adernaline 0.'

2018-06-10 00:48:58 - [TEST_STEP][PASSED] - delay: Delayed 2 second(s)

2018-06-10 00:49:00 - [MESSAGE][PASSED] - Delayed 2 second(s)

2018-06-10 00:49:00 - [TEST_STEP][PASSED] - Statement - RequestedQty = com.kms.katalon.core.webui.keyword.WebUiBuiltInKeywords.getAttribute(com.kms.katalon.core.testobject.ObjectRepository.findTestObject(DispensaryToStore/Page_Store/input_txttotal), "value"): Attribute 'value' of object 'Object Repository/DispensaryToStore/Page_Store/input_txttotal' is: '10'

2018-06-10 00:49:00 - [MESSAGE][PASSED] - Attribute 'value' of object 'Object Repository/DispensaryToStore/Page_Store/input_txttotal' is: '10'

2018-06-10 00:49:00 - [TEST_STEP][PASSED] - Statement - out.println("Requested QTY : " + RequestedQty): null

2018-06-10 00:49:00 - [TEST_STEP][PASSED] - Statement - BatchNumber = com.kms.katalon.core.webui.keyword.WebUiBuiltInKeywords.getNumberOfTotalOption(com.kms.katalon.core.testobject.ObjectRepository.findTestObject(DispensaryToStore/Page_Store/select_--Select--BA1170BA2376B)): 3 options of object 'Object Repository/DispensaryToStore/Page_Store/select_--Select--BA1170BA2376B' counted

2018-06-10 00:49:00 - [MESSAGE][PASSED] - 3 options of object 'Object Repository/DispensaryToStore/Page_Store/select_--Select--BA1170BA2376B' counted

2018-06-10 00:49:00 - [TEST_STEP][PASSED] - Statement - For ([g = 1, g <= BatchNumber - 1, (g++)]): null

2018-06-10 00:49:00 - [TEST_STEP][PASSED] - selectOptionByIndex: All options with index in [1] are selected on object 'Object Repository/DispensaryToStore/Page_Store/select_--Select--BA1170BA2376B'

2018-06-10 00:49:00 - [MESSAGE][PASSED] - All options with index in [1] are selected on object 'Object Repository/DispensaryToStore/Page_Store/select_--Select--BA1170BA2376B'

2018-06-10 00:49:00 - [TEST_STEP][PASSED] - Statement - Try: null

2018-06-10 00:49:00 - [TEST_STEP][PASSED] - Statement - StockQty = com.kms.katalon.core.webui.keyword.WebUiBuiltInKeywords.getAttribute(com.kms.katalon.core.testobject.ObjectRepository.findTestObject(DispensaryToStore/Page_Store/input_txtprice), "value"): Attribute 'value' of object 'Object Repository/DispensaryToStore/Page_Store/input_txtprice' is: '120'

2018-06-10 00:49:00 - [MESSAGE][PASSED] - Attribute 'value' of object 'Object Repository/DispensaryToStore/Page_Store/input_txtprice' is: '120'

2018-06-10 00:49:00 - [TEST_STEP][PASSED] - Statement - out.println("Stock QTY : " + StockQty): null

2018-06-10 00:49:00 - [TEST_STEP][PASSED] - delay: Delayed 2 second(s)

2018-06-10 00:49:02 - [MESSAGE][PASSED] - Delayed 2 second(s)

2018-06-10 00:49:02 - [TEST_STEP][PASSED] - Statement - If (java.lang.String.valueOf(StockQty) >= java.lang.String.valueOf(RequestedQty)): null

2018-06-10 00:49:02 - [TEST_STEP][PASSED] - setText: Text '10' is set on object 'Object Repository/DispensaryToStore/Page_Store/input_txtqty'

2018-06-10 00:49:02 - [MESSAGE][PASSED] - Text '10' is set on object 'Object Repository/DispensaryToStore/Page_Store/input_txtqty'

2018-06-10 00:49:02 - [TEST_STEP][PASSED] - click: Object: 'Object Repository/DispensaryToStore/Page_Store/button_Add' is clicked on

2018-06-10 00:49:02 - [MESSAGE][PASSED] - Object: 'Object Repository/DispensaryToStore/Page_Store/button_Add' is clicked on

2018-06-10 00:49:02 - [TEST_STEP][PASSED] - Statement - Break: null

2018-06-10 00:49:02 - [TEST_STEP][PASSED] - selectOptionByIndex: All options with index in [17] are selected on object 'Object Repository/DispensaryToStore/Page_Store/select_--Select--Adernaline 0.'

2018-06-10 00:49:02 - [MESSAGE][PASSED] - All options with index in [17] are selected on object 'Object Repository/DispensaryToStore/Page_Store/select_--Select--Adernaline 0.'

2018-06-10 00:49:02 - [TEST_STEP][PASSED] - delay: Delayed 2 second(s)

2018-06-10 00:49:04 - [MESSAGE][PASSED] - Delayed 2 second(s)

2018-06-10 00:49:04 - [TEST_STEP][PASSED] - Statement - RequestedQty = com.kms.katalon.core.webui.keyword.WebUiBuiltInKeywords.getAttribute(com.kms.katalon.core.testobject.ObjectRepository.findTestObject(DispensaryToStore/Page_Store/input_txttotal), "value"): Attribute 'value' of object 'Object Repository/DispensaryToStore/Page_Store/input_txttotal' is: '10'

2018-06-10 00:49:04 - [MESSAGE][PASSED] - Attribute 'value' of object 'Object Repository/DispensaryToStore/Page_Store/input_txttotal' is: '10'

2018-06-10 00:49:04 - [TEST_STEP][PASSED] - Statement - out.println("Requested QTY : " + RequestedQty): null

2018-06-10 00:49:04 - [TEST_STEP][PASSED] - Statement - BatchNumber = com.kms.katalon.core.webui.keyword.WebUiBuiltInKeywords.getNumberOfTotalOption(com.kms.katalon.core.testobject.ObjectRepository.findTestObject(DispensaryToStore/Page_Store/select_--Select--BA1170BA2376B)): 3 options of object 'Object Repository/DispensaryToStore/Page_Store/select_--Select--BA1170BA2376B' counted

2018-06-10 00:49:04 - [MESSAGE][PASSED] - 3 options of object 'Object Repository/DispensaryToStore/Page_Store/select_--Select--BA1170BA2376B' counted

2018-06-10 00:49:04 - [TEST_STEP][PASSED] - Statement - For ([g = 1, g <= BatchNumber - 1, (g++)]): null

2018-06-10 00:49:04 - [TEST_STEP][PASSED] - selectOptionByIndex: All options with index in [1] are selected on object 'Object Repository/DispensaryToStore/Page_Store/select_--Select--BA1170BA2376B'

2018-06-10 00:49:04 - [MESSAGE][PASSED] - All options with index in [1] are selected on object 'Object Repository/DispensaryToStore/Page_Store/select_--Select--BA1170BA2376B'

2018-06-10 00:49:04 - [TEST_STEP][PASSED] - Statement - Try: null

2018-06-10 00:49:04 - [TEST_STEP][PASSED] - Statement - StockQty = com.kms.katalon.core.webui.keyword.WebUiBuiltInKeywords.getAttribute(com.kms.katalon.core.testobject.ObjectRepository.findTestObject(DispensaryToStore/Page_Store/input_txtprice), "value"): Attribute 'value' of object 'Object Repository/DispensaryToStore/Page_Store/input_txtprice' is: '120'

2018-06-10 00:49:04 - [MESSAGE][PASSED] - Attribute 'value' of object 'Object Repository/DispensaryToStore/Page_Store/input_txtprice' is: '120'

2018-06-10 00:49:04 - [TEST_STEP][PASSED] - Statement - out.println("Stock QTY : " + StockQty): null

2018-06-10 00:49:04 - [TEST_STEP][PASSED] - delay: Delayed 2 second(s)

2018-06-10 00:49:06 - [MESSAGE][PASSED] - Delayed 2 second(s)

2018-06-10 00:49:06 - [TEST_STEP][PASSED] - Statement - If (java.lang.String.valueOf(StockQty) >= java.lang.String.valueOf(RequestedQty)): null

2018-06-10 00:49:06 - [TEST_STEP][PASSED] - setText: Text '10' is set on object 'Object Repository/DispensaryToStore/Page_Store/input_txtqty'

2018-06-10 00:49:07 - [MESSAGE][PASSED] - Text '10' is set on object 'Object Repository/DispensaryToStore/Page_Store/input_txtqty'

2018-06-10 00:49:07 - [TEST_STEP][PASSED] - click: Object: 'Object Repository/DispensaryToStore/Page_Store/button_Add' is clicked on

2018-06-10 00:49:07 - [MESSAGE][PASSED] - Object: 'Object Repository/DispensaryToStore/Page_Store/button_Add' is clicked on

2018-06-10 00:49:07 - [TEST_STEP][PASSED] - Statement - Break: null

2018-06-10 00:49:07 - [TEST_STEP][PASSED] - selectOptionByIndex: All options with index in [18] are selected on object 'Object Repository/DispensaryToStore/Page_Store/select_--Select--Adernaline 0.'

2018-06-10 00:49:07 - [MESSAGE][PASSED] - All options with index in [18] are selected on object 'Object Repository/DispensaryToStore/Page_Store/select_--Select--Adernaline 0.'

2018-06-10 00:49:07 - [TEST_STEP][PASSED] - delay: Delayed 2 second(s)

2018-06-10 00:49:09 - [MESSAGE][PASSED] - Delayed 2 second(s)

2018-06-10 00:49:09 - [TEST_STEP][PASSED] - Statement - RequestedQty = com.kms.katalon.core.webui.keyword.WebUiBuiltInKeywords.getAttribute(com.kms.katalon.core.testobject.ObjectRepository.findTestObject(DispensaryToStore/Page_Store/input_txttotal), "value"): Attribute 'value' of object 'Object Repository/DispensaryToStore/Page_Store/input_txttotal' is: '10'

2018-06-10 00:49:09 - [MESSAGE][PASSED] - Attribute 'value' of object 'Object Repository/DispensaryToStore/Page_Store/input_txttotal' is: '10'

2018-06-10 00:49:09 - [TEST_STEP][PASSED] - Statement - out.println("Requested QTY : " + RequestedQty): null

2018-06-10 00:49:09 - [TEST_STEP][PASSED] - Statement - BatchNumber = com.kms.katalon.core.webui.keyword.WebUiBuiltInKeywords.getNumberOfTotalOption(com.kms.katalon.core.testobject.ObjectRepository.findTestObject(DispensaryToStore/Page_Store/select_--Select--BA1170BA2376B)): 4 options of object 'Object Repository/DispensaryToStore/Page_Store/select_--Select--BA1170BA2376B' counted

2018-06-10 00:49:09 - [MESSAGE][PASSED] - 4 options of object 'Object Repository/DispensaryToStore/Page_Store/select_--Select--BA1170BA2376B' counted

2018-06-10 00:49:09 - [TEST_STEP][PASSED] - Statement - For ([g = 1, g <= BatchNumber - 1, (g++)]): null

2018-06-10 00:49:09 - [TEST_STEP][PASSED] - selectOptionByIndex: All options with index in [1] are selected on object 'Object Repository/DispensaryToStore/Page_Store/select_--Select--BA1170BA2376B'

2018-06-10 00:49:09 - [MESSAGE][PASSED] - All options with index in [1] are selected on object 'Object Repository/DispensaryToStore/Page_Store/select_--Select--BA1170BA2376B'

2018-06-10 00:49:09 - [TEST_STEP][PASSED] - Statement - Try: null

2018-06-10 00:49:09 - [TEST_STEP][PASSED] - Statement - StockQty = com.kms.katalon.core.webui.keyword.WebUiBuiltInKeywords.getAttribute(com.kms.katalon.core.testobject.ObjectRepository.findTestObject(DispensaryToStore/Page_Store/input_txtprice), "value"): Attribute 'value' of object 'Object Repository/DispensaryToStore/Page_Store/input_txtprice' is: '100'

2018-06-10 00:49:09 - [MESSAGE][PASSED] - Attribute 'value' of object 'Object Repository/DispensaryToStore/Page_Store/input_txtprice' is: '100'

2018-06-10 00:49:09 - [TEST_STEP][PASSED] - Statement - out.println("Stock QTY : " + StockQty): null

2018-06-10 00:49:09 - [TEST_STEP][PASSED] - delay: Delayed 2 second(s)

2018-06-10 00:49:11 - [MESSAGE][PASSED] - Delayed 2 second(s)

2018-06-10 00:49:11 - [TEST_STEP][PASSED] - Statement - If (java.lang.String.valueOf(StockQty) >= java.lang.String.valueOf(RequestedQty)): null

2018-06-10 00:49:11 - [TEST_STEP][PASSED] - setText: Text '10' is set on object 'Object Repository/DispensaryToStore/Page_Store/input_txtqty'

2018-06-10 00:49:11 - [MESSAGE][PASSED] - Text '10' is set on object 'Object Repository/DispensaryToStore/Page_Store/input_txtqty'

2018-06-10 00:49:11 - [TEST_STEP][PASSED] - click: Object: 'Object Repository/DispensaryToStore/Page_Store/button_Add' is clicked on

2018-06-10 00:49:11 - [MESSAGE][PASSED] - Object: 'Object Repository/DispensaryToStore/Page_Store/button_Add' is clicked on

2018-06-10 00:49:11 - [TEST_STEP][PASSED] - Statement - Break: null

2018-06-10 00:49:11 - [TEST_STEP][PASSED] - selectOptionByIndex: All options with index in [19] are selected on object 'Object Repository/DispensaryToStore/Page_Store/select_--Select--Adernaline 0.'

2018-06-10 00:49:12 - [MESSAGE][PASSED] - All options with index in [19] are selected on object 'Object Repository/DispensaryToStore/Page_Store/select_--Select--Adernaline 0.'

2018-06-10 00:49:12 - [TEST_STEP][PASSED] - delay: Delayed 2 second(s)

2018-06-10 00:49:14 - [MESSAGE][PASSED] - Delayed 2 second(s)

2018-06-10 00:49:14 - [TEST_STEP][PASSED] - Statement - RequestedQty = com.kms.katalon.core.webui.keyword.WebUiBuiltInKeywords.getAttribute(com.kms.katalon.core.testobject.ObjectRepository.findTestObject(DispensaryToStore/Page_Store/input_txttotal), "value"): Attribute 'value' of object 'Object Repository/DispensaryToStore/Page_Store/input_txttotal' is: '10'

2018-06-10 00:49:14 - [MESSAGE][PASSED] - Attribute 'value' of object 'Object Repository/DispensaryToStore/Page_Store/input_txttotal' is: '10'

2018-06-10 00:49:14 - [TEST_STEP][PASSED] - Statement - out.println("Requested QTY : " + RequestedQty): null

2018-06-10 00:49:14 - [TEST_STEP][PASSED] - Statement - BatchNumber = com.kms.katalon.core.webui.keyword.WebUiBuiltInKeywords.getNumberOfTotalOption(com.kms.katalon.core.testobject.ObjectRepository.findTestObject(DispensaryToStore/Page_Store/select_--Select--BA1170BA2376B)): 2 options of object 'Object Repository/DispensaryToStore/Page_Store/select_--Select--BA1170BA2376B' counted

2018-06-10 00:49:14 - [MESSAGE][PASSED] - 2 options of object 'Object Repository/DispensaryToStore/Page_Store/select_--Select--BA1170BA2376B' counted

2018-06-10 00:49:14 - [TEST_STEP][PASSED] - Statement - For ([g = 1, g <= BatchNumber - 1, (g++)]): null

2018-06-10 00:49:14 - [TEST_STEP][PASSED] - selectOptionByIndex: All options with index in [1] are selected on object 'Object Repository/DispensaryToStore/Page_Store/select_--Select--BA1170BA2376B'

2018-06-10 00:49:14 - [MESSAGE][PASSED] - All options with index in [1] are selected on object 'Object Repository/DispensaryToStore/Page_Store/select_--Select--BA1170BA2376B'

2018-06-10 00:49:14 - [TEST_STEP][PASSED] - Statement - Try: null

2018-06-10 00:49:14 - [TEST_STEP][PASSED] - Statement - StockQty = com.kms.katalon.core.webui.keyword.WebUiBuiltInKeywords.getAttribute(com.kms.katalon.core.testobject.ObjectRepository.findTestObject(DispensaryToStore/Page_Store/input_txtprice), "value"): Attribute 'value' of object 'Object Repository/DispensaryToStore/Page_Store/input_txtprice' is: '430'

2018-06-10 00:49:14 - [MESSAGE][PASSED] - Attribute 'value' of object 'Object Repository/DispensaryToStore/Page_Store/input_txtprice' is: '430'

2018-06-10 00:49:14 - [TEST_STEP][PASSED] - Statement - out.println("Stock QTY : " + StockQty): null

2018-06-10 00:49:14 - [TEST_STEP][PASSED] - delay: Delayed 2 second(s)

2018-06-10 00:49:16 - [MESSAGE][PASSED] - Delayed 2 second(s)

2018-06-10 00:49:16 - [TEST_STEP][PASSED] - Statement - If (java.lang.String.valueOf(StockQty) >= java.lang.String.valueOf(RequestedQty)): null

2018-06-10 00:49:16 - [TEST_STEP][PASSED] - setText: Text '10' is set on object 'Object Repository/DispensaryToStore/Page_Store/input_txtqty'

2018-06-10 00:49:16 - [MESSAGE][PASSED] - Text '10' is set on object 'Object Repository/DispensaryToStore/Page_Store/input_txtqty'

2018-06-10 00:49:16 - [TEST_STEP][PASSED] - click: Object: 'Object Repository/DispensaryToStore/Page_Store/button_Add' is clicked on

2018-06-10 00:49:16 - [MESSAGE][PASSED] - Object: 'Object Repository/DispensaryToStore/Page_Store/button_Add' is clicked on

2018-06-10 00:49:16 - [TEST_STEP][PASSED] - Statement - Break: null

2018-06-10 00:49:16 - [TEST_STEP][PASSED] - selectOptionByIndex: All options with index in [20] are selected on object 'Object Repository/DispensaryToStore/Page_Store/select_--Select--Adernaline 0.'

2018-06-10 00:49:16 - [MESSAGE][PASSED] - All options with index in [20] are selected on object 'Object Repository/DispensaryToStore/Page_Store/select_--Select--Adernaline 0.'

2018-06-10 00:49:16 - [TEST_STEP][PASSED] - delay: Delayed 2 second(s)

2018-06-10 00:49:18 - [MESSAGE][PASSED] - Delayed 2 second(s)

2018-06-10 00:49:18 - [TEST_STEP][PASSED] - Statement - RequestedQty = com.kms.katalon.core.webui.keyword.WebUiBuiltInKeywords.getAttribute(com.kms.katalon.core.testobject.ObjectRepository.findTestObject(DispensaryToStore/Page_Store/input_txttotal), "value"): Attribute 'value' of object 'Object Repository/DispensaryToStore/Page_Store/input_txttotal' is: '10'

2018-06-10 00:49:18 - [MESSAGE][PASSED] - Attribute 'value' of object 'Object Repository/DispensaryToStore/Page_Store/input_txttotal' is: '10'

2018-06-10 00:49:18 - [TEST_STEP][PASSED] - Statement - out.println("Requested QTY : " + RequestedQty): null

2018-06-10 00:49:18 - [TEST_STEP][PASSED] - Statement - BatchNumber = com.kms.katalon.core.webui.keyword.WebUiBuiltInKeywords.getNumberOfTotalOption(com.kms.katalon.core.testobject.ObjectRepository.findTestObject(DispensaryToStore/Page_Store/select_--Select--BA1170BA2376B)): 3 options of object 'Object Repository/DispensaryToStore/Page_Store/select_--Select--BA1170BA2376B' counted

2018-06-10 00:49:18 - [MESSAGE][PASSED] - 3 options of object 'Object Repository/DispensaryToStore/Page_Store/select_--Select--BA1170BA2376B' counted

2018-06-10 00:49:18 - [TEST_STEP][PASSED] - Statement - For ([g = 1, g <= BatchNumber - 1, (g++)]): null

2018-06-10 00:49:18 - [TEST_STEP][PASSED] - selectOptionByIndex: All options with index in [1] are selected on object 'Object Repository/DispensaryToStore/Page_Store/select_--Select--BA1170BA2376B'

2018-06-10 00:49:18 - [MESSAGE][PASSED] - All options with index in [1] are selected on object 'Object Repository/DispensaryToStore/Page_Store/select_--Select--BA1170BA2376B'

2018-06-10 00:49:18 - [TEST_STEP][PASSED] - Statement - Try: null

2018-06-10 00:49:18 - [TEST_STEP][PASSED] - Statement - StockQty = com.kms.katalon.core.webui.keyword.WebUiBuiltInKeywords.getAttribute(com.kms.katalon.core.testobject.ObjectRepository.findTestObject(DispensaryToStore/Page_Store/input_txtprice), "value"): Attribute 'value' of object 'Object Repository/DispensaryToStore/Page_Store/input_txtprice' is: '120'

2018-06-10 00:49:19 - [MESSAGE][PASSED] - Attribute 'value' of object 'Object Repository/DispensaryToStore/Page_Store/input_txtprice' is: '120'

2018-06-10 00:49:19 - [TEST_STEP][PASSED] - Statement - out.println("Stock QTY : " + StockQty): null

2018-06-10 00:49:19 - [TEST_STEP][PASSED] - delay: Delayed 2 second(s)

2018-06-10 00:49:21 - [MESSAGE][PASSED] - Delayed 2 second(s)

2018-06-10 00:49:21 - [TEST_STEP][PASSED] - Statement - If (java.lang.String.valueOf(StockQty) >= java.lang.String.valueOf(RequestedQty)): null

2018-06-10 00:49:21 - [TEST_STEP][PASSED] - setText: Text '10' is set on object 'Object Repository/DispensaryToStore/Page_Store/input_txtqty'

2018-06-10 00:49:21 - [MESSAGE][PASSED] - Text '10' is set on object 'Object Repository/DispensaryToStore/Page_Store/input_txtqty'

2018-06-10 00:49:21 - [TEST_STEP][PASSED] - click: Object: 'Object Repository/DispensaryToStore/Page_Store/button_Add' is clicked on

2018-06-10 00:49:21 - [MESSAGE][PASSED] - Object: 'Object Repository/DispensaryToStore/Page_Store/button_Add' is clicked on

2018-06-10 00:49:21 - [TEST_STEP][PASSED] - Statement - Break: null

2018-06-10 00:49:21 - [TEST_STEP][PASSED] - selectOptionByIndex: All options with index in [21] are selected on object 'Object Repository/DispensaryToStore/Page_Store/select_--Select--Adernaline 0.'

2018-06-10 00:49:21 - [MESSAGE][PASSED] - All options with index in [21] are selected on object 'Object Repository/DispensaryToStore/Page_Store/select_--Select--Adernaline 0.'

2018-06-10 00:49:21 - [TEST_STEP][PASSED] - delay: Delayed 2 second(s)

2018-06-10 00:49:23 - [MESSAGE][PASSED] - Delayed 2 second(s)

2018-06-10 00:49:23 - [TEST_STEP][PASSED] - Statement - RequestedQty = com.kms.katalon.core.webui.keyword.WebUiBuiltInKeywords.getAttribute(com.kms.katalon.core.testobject.ObjectRepository.findTestObject(DispensaryToStore/Page_Store/input_txttotal), "value"): Attribute 'value' of object 'Object Repository/DispensaryToStore/Page_Store/input_txttotal' is: '10'

2018-06-10 00:49:23 - [MESSAGE][PASSED] - Attribute 'value' of object 'Object Repository/DispensaryToStore/Page_Store/input_txttotal' is: '10'

2018-06-10 00:49:23 - [TEST_STEP][PASSED] - Statement - out.println("Requested QTY : " + RequestedQty): null

2018-06-10 00:49:23 - [TEST_STEP][PASSED] - Statement - BatchNumber = com.kms.katalon.core.webui.keyword.WebUiBuiltInKeywords.getNumberOfTotalOption(com.kms.katalon.core.testobject.ObjectRepository.findTestObject(DispensaryToStore/Page_Store/select_--Select--BA1170BA2376B)): 2 options of object 'Object Repository/DispensaryToStore/Page_Store/select_--Select--BA1170BA2376B' counted

2018-06-10 00:49:23 - [MESSAGE][PASSED] - 2 options of object 'Object Repository/DispensaryToStore/Page_Store/select_--Select--BA1170BA2376B' counted

2018-06-10 00:49:23 - [TEST_STEP][PASSED] - Statement - For ([g = 1, g <= BatchNumber - 1, (g++)]): null

2018-06-10 00:49:23 - [TEST_STEP][PASSED] - selectOptionByIndex: All options with index in [1] are selected on object 'Object Repository/DispensaryToStore/Page_Store/select_--Select--BA1170BA2376B'

2018-06-10 00:49:23 - [MESSAGE][PASSED] - All options with index in [1] are selected on object 'Object Repository/DispensaryToStore/Page_Store/select_--Select--BA1170BA2376B'

2018-06-10 00:49:23 - [TEST_STEP][PASSED] - Statement - Try: null

2018-06-10 00:49:23 - [TEST_STEP][PASSED] - Statement - StockQty = com.kms.katalon.core.webui.keyword.WebUiBuiltInKeywords.getAttribute(com.kms.katalon.core.testobject.ObjectRepository.findTestObject(DispensaryToStore/Page_Store/input_txtprice), "value"): Attribute 'value' of object 'Object Repository/DispensaryToStore/Page_Store/input_txtprice' is: '430'

2018-06-10 00:49:23 - [MESSAGE][PASSED] - Attribute 'value' of object 'Object Repository/DispensaryToStore/Page_Store/input_txtprice' is: '430'

2018-06-10 00:49:23 - [TEST_STEP][PASSED] - Statement - out.println("Stock QTY : " + StockQty): null

2018-06-10 00:49:23 - [TEST_STEP][PASSED] - delay: Delayed 2 second(s)

2018-06-10 00:49:25 - [MESSAGE][PASSED] - Delayed 2 second(s)

2018-06-10 00:49:25 - [TEST_STEP][PASSED] - Statement - If (java.lang.String.valueOf(StockQty) >= java.lang.String.valueOf(RequestedQty)): null

2018-06-10 00:49:25 - [TEST_STEP][PASSED] - setText: Text '10' is set on object 'Object Repository/DispensaryToStore/Page_Store/input_txtqty'

2018-06-10 00:49:25 - [MESSAGE][PASSED] - Text '10' is set on object 'Object Repository/DispensaryToStore/Page_Store/input_txtqty'

2018-06-10 00:49:25 - [TEST_STEP][PASSED] - click: Object: 'Object Repository/DispensaryToStore/Page_Store/button_Add' is clicked on

2018-06-10 00:49:25 - [MESSAGE][PASSED] - Object: 'Object Repository/DispensaryToStore/Page_Store/button_Add' is clicked on

2018-06-10 00:49:25 - [TEST_STEP][PASSED] - Statement - Break: null

2018-06-10 00:49:25 - [TEST_STEP][PASSED] - selectOptionByIndex: All options with index in [22] are selected on object 'Object Repository/DispensaryToStore/Page_Store/select_--Select--Adernaline 0.'

2018-06-10 00:49:26 - [MESSAGE][PASSED] - All options with index in [22] are selected on object 'Object Repository/DispensaryToStore/Page_Store/select_--Select--Adernaline 0.'

2018-06-10 00:49:26 - [TEST_STEP][PASSED] - delay: Delayed 2 second(s)

2018-06-10 00:49:28 - [MESSAGE][PASSED] - Delayed 2 second(s)

2018-06-10 00:49:28 - [TEST_STEP][PASSED] - Statement - RequestedQty = com.kms.katalon.core.webui.keyword.WebUiBuiltInKeywords.getAttribute(com.kms.katalon.core.testobject.ObjectRepository.findTestObject(DispensaryToStore/Page_Store/input_txttotal), "value"): Attribute 'value' of object 'Object Repository/DispensaryToStore/Page_Store/input_txttotal' is: '10'

2018-06-10 00:49:28 - [MESSAGE][PASSED] - Attribute 'value' of object 'Object Repository/DispensaryToStore/Page_Store/input_txttotal' is: '10'

2018-06-10 00:49:28 - [TEST_STEP][PASSED] - Statement - out.println("Requested QTY : " + RequestedQty): null

2018-06-10 00:49:28 - [TEST_STEP][PASSED] - Statement - BatchNumber = com.kms.katalon.core.webui.keyword.WebUiBuiltInKeywords.getNumberOfTotalOption(com.kms.katalon.core.testobject.ObjectRepository.findTestObject(DispensaryToStore/Page_Store/select_--Select--BA1170BA2376B)): 3 options of object 'Object Repository/DispensaryToStore/Page_Store/select_--Select--BA1170BA2376B' counted

2018-06-10 00:49:28 - [MESSAGE][PASSED] - 3 options of object 'Object Repository/DispensaryToStore/Page_Store/select_--Select--BA1170BA2376B' counted

2018-06-10 00:49:28 - [TEST_STEP][PASSED] - Statement - For ([g = 1, g <= BatchNumber - 1, (g++)]): null

2018-06-10 00:49:28 - [TEST_STEP][PASSED] - selectOptionByIndex: All options with index in [1] are selected on object 'Object Repository/DispensaryToStore/Page_Store/select_--Select--BA1170BA2376B'

2018-06-10 00:49:28 - [MESSAGE][PASSED] - All options with index in [1] are selected on object 'Object Repository/DispensaryToStore/Page_Store/select_--Select--BA1170BA2376B'

2018-06-10 00:49:28 - [TEST_STEP][PASSED] - Statement - Try: null

2018-06-10 00:49:28 - [TEST_STEP][PASSED] - Statement - StockQty = com.kms.katalon.core.webui.keyword.WebUiBuiltInKeywords.getAttribute(com.kms.katalon.core.testobject.ObjectRepository.findTestObject(DispensaryToStore/Page_Store/input_txtprice), "value"): Attribute 'value' of object 'Object Repository/DispensaryToStore/Page_Store/input_txtprice' is: '130'

2018-06-10 00:49:28 - [MESSAGE][PASSED] - Attribute 'value' of object 'Object Repository/DispensaryToStore/Page_Store/input_txtprice' is: '130'

2018-06-10 00:49:28 - [TEST_STEP][PASSED] - Statement - out.println("Stock QTY : " + StockQty): null

2018-06-10 00:49:28 - [TEST_STEP][PASSED] - delay: Delayed 2 second(s)

2018-06-10 00:49:30 - [MESSAGE][PASSED] - Delayed 2 second(s)

2018-06-10 00:49:30 - [TEST_STEP][PASSED] - Statement - If (java.lang.String.valueOf(StockQty) >= java.lang.String.valueOf(RequestedQty)): null

2018-06-10 00:49:30 - [TEST_STEP][PASSED] - setText: Text '10' is set on object 'Object Repository/DispensaryToStore/Page_Store/input_txtqty'

2018-06-10 00:49:30 - [MESSAGE][PASSED] - Text '10' is set on object 'Object Repository/DispensaryToStore/Page_Store/input_txtqty'

2018-06-10 00:49:30 - [TEST_STEP][PASSED] - click: Object: 'Object Repository/DispensaryToStore/Page_Store/button_Add' is clicked on

2018-06-10 00:49:30 - [MESSAGE][PASSED] - Object: 'Object Repository/DispensaryToStore/Page_Store/button_Add' is clicked on

2018-06-10 00:49:30 - [TEST_STEP][PASSED] - Statement - Break: null

2018-06-10 00:49:30 - [TEST_STEP][PASSED] - selectOptionByIndex: All options with index in [23] are selected on object 'Object Repository/DispensaryToStore/Page_Store/select_--Select--Adernaline 0.'

2018-06-10 00:49:30 - [MESSAGE][PASSED] - All options with index in [23] are selected on object 'Object Repository/DispensaryToStore/Page_Store/select_--Select--Adernaline 0.'

2018-06-10 00:49:30 - [TEST_STEP][PASSED] - delay: Delayed 2 second(s)

2018-06-10 00:49:32 - [MESSAGE][PASSED] - Delayed 2 second(s)

2018-06-10 00:49:32 - [TEST_STEP][PASSED] - Statement - RequestedQty = com.kms.katalon.core.webui.keyword.WebUiBuiltInKeywords.getAttribute(com.kms.katalon.core.testobject.ObjectRepository.findTestObject(DispensaryToStore/Page_Store/input_txttotal), "value"): Attribute 'value' of object 'Object Repository/DispensaryToStore/Page_Store/input_txttotal' is: '10'

2018-06-10 00:49:32 - [MESSAGE][PASSED] - Attribute 'value' of object 'Object Repository/DispensaryToStore/Page_Store/input_txttotal' is: '10'

2018-06-10 00:49:32 - [TEST_STEP][PASSED] - Statement - out.println("Requested QTY : " + RequestedQty): null

2018-06-10 00:49:32 - [TEST_STEP][PASSED] - Statement - BatchNumber = com.kms.katalon.core.webui.keyword.WebUiBuiltInKeywords.getNumberOfTotalOption(com.kms.katalon.core.testobject.ObjectRepository.findTestObject(DispensaryToStore/Page_Store/select_--Select--BA1170BA2376B)): 3 options of object 'Object Repository/DispensaryToStore/Page_Store/select_--Select--BA1170BA2376B' counted

2018-06-10 00:49:32 - [MESSAGE][PASSED] - 3 options of object 'Object Repository/DispensaryToStore/Page_Store/select_--Select--BA1170BA2376B' counted

2018-06-10 00:49:32 - [TEST_STEP][PASSED] - Statement - For ([g = 1, g <= BatchNumber - 1, (g++)]): null

2018-06-10 00:49:32 - [TEST_STEP][PASSED] - selectOptionByIndex: All options with index in [1] are selected on object 'Object Repository/DispensaryToStore/Page_Store/select_--Select--BA1170BA2376B'

2018-06-10 00:49:33 - [MESSAGE][PASSED] - All options with index in [1] are selected on object 'Object Repository/DispensaryToStore/Page_Store/select_--Select--BA1170BA2376B'

2018-06-10 00:49:33 - [TEST_STEP][PASSED] - Statement - Try: null

2018-06-10 00:49:33 - [TEST_STEP][PASSED] - Statement - StockQty = com.kms.katalon.core.webui.keyword.WebUiBuiltInKeywords.getAttribute(com.kms.katalon.core.testobject.ObjectRepository.findTestObject(DispensaryToStore/Page_Store/input_txtprice), "value"): Attribute 'value' of object 'Object Repository/DispensaryToStore/Page_Store/input_txtprice' is: ''

2018-06-10 00:49:33 - [MESSAGE][PASSED] - Attribute 'value' of object 'Object Repository/DispensaryToStore/Page_Store/input_txtprice' is: ''

2018-06-10 00:49:33 - [TEST_STEP][PASSED] - Statement - out.println("Stock QTY : " + StockQty): null

2018-06-10 00:49:33 - [TEST_STEP][PASSED] - delay: Delayed 2 second(s)

2018-06-10 00:49:35 - [MESSAGE][PASSED] - Delayed 2 second(s)

2018-06-10 00:49:35 - [TEST_STEP][PASSED] - Statement - If (java.lang.String.valueOf(StockQty) >= java.lang.String.valueOf(RequestedQty)): null

2018-06-10 00:49:35 - [TEST_STEP][PASSED] - Statement - Else: null

2018-06-10 00:49:35 - [TEST_STEP][PASSED] - Statement - out.println("Stock Is Less Than Requested Qty"): null

2018-06-10 00:49:35 - [TEST_STEP][PASSED] - selectOptionByIndex: All options with index in [2] are selected on object 'Object Repository/DispensaryToStore/Page_Store/select_--Select--BA1170BA2376B'

2018-06-10 00:49:35 - [MESSAGE][PASSED] - All options with index in [2] are selected on object 'Object Repository/DispensaryToStore/Page_Store/select_--Select--BA1170BA2376B'

2018-06-10 00:49:35 - [TEST_STEP][PASSED] - Statement - Try: null

2018-06-10 00:49:35 - [TEST_STEP][PASSED] - Statement - StockQty = com.kms.katalon.core.webui.keyword.WebUiBuiltInKeywords.getAttribute(com.kms.katalon.core.testobject.ObjectRepository.findTestObject(DispensaryToStore/Page_Store/input_txtprice), "value"): Attribute 'value' of object 'Object Repository/DispensaryToStore/Page_Store/input_txtprice' is: '260'

2018-06-10 00:49:35 - [MESSAGE][PASSED] - Attribute 'value' of object 'Object Repository/DispensaryToStore/Page_Store/input_txtprice' is: '260'

2018-06-10 00:49:35 - [TEST_STEP][PASSED] - Statement - out.println("Stock QTY : " + StockQty): null

2018-06-10 00:49:35 - [TEST_STEP][PASSED] - delay: Delayed 2 second(s)

2018-06-10 00:49:37 - [MESSAGE][PASSED] - Delayed 2 second(s)

2018-06-10 00:49:37 - [TEST_STEP][PASSED] - Statement - If (java.lang.String.valueOf(StockQty) >= java.lang.String.valueOf(RequestedQty)): null

2018-06-10 00:49:37 - [TEST_STEP][PASSED] - setText: Text '10' is set on object 'Object Repository/DispensaryToStore/Page_Store/input_txtqty'

2018-06-10 00:49:37 - [MESSAGE][PASSED] - Text '10' is set on object 'Object Repository/DispensaryToStore/Page_Store/input_txtqty'

2018-06-10 00:49:37 - [TEST_STEP][PASSED] - click: Object: 'Object Repository/DispensaryToStore/Page_Store/button_Add' is clicked on

2018-06-10 00:49:37 - [MESSAGE][PASSED] - Object: 'Object Repository/DispensaryToStore/Page_Store/button_Add' is clicked on

2018-06-10 00:49:37 - [TEST_STEP][PASSED] - Statement - Break: null

2018-06-10 00:49:37 - [TEST_STEP][PASSED] - selectOptionByIndex: All options with index in [24] are selected on object 'Object Repository/DispensaryToStore/Page_Store/select_--Select--Adernaline 0.'

2018-06-10 00:49:37 - [MESSAGE][PASSED] - All options with index in [24] are selected on object 'Object Repository/DispensaryToStore/Page_Store/select_--Select--Adernaline 0.'

2018-06-10 00:49:37 - [TEST_STEP][PASSED] - delay: Delayed 2 second(s)

2018-06-10 00:49:39 - [MESSAGE][PASSED] - Delayed 2 second(s)

2018-06-10 00:49:39 - [TEST_STEP][PASSED] - Statement - RequestedQty = com.kms.katalon.core.webui.keyword.WebUiBuiltInKeywords.getAttribute(com.kms.katalon.core.testobject.ObjectRepository.findTestObject(DispensaryToStore/Page_Store/input_txttotal), "value"): Attribute 'value' of object 'Object Repository/DispensaryToStore/Page_Store/input_txttotal' is: '10'

2018-06-10 00:49:39 - [MESSAGE][PASSED] - Attribute 'value' of object 'Object Repository/DispensaryToStore/Page_Store/input_txttotal' is: '10'

2018-06-10 00:49:39 - [TEST_STEP][PASSED] - Statement - out.println("Requested QTY : " + RequestedQty): null

2018-06-10 00:49:39 - [TEST_STEP][PASSED] - Statement - BatchNumber = com.kms.katalon.core.webui.keyword.WebUiBuiltInKeywords.getNumberOfTotalOption(com.kms.katalon.core.testobject.ObjectRepository.findTestObject(DispensaryToStore/Page_Store/select_--Select--BA1170BA2376B)): 3 options of object 'Object Repository/DispensaryToStore/Page_Store/select_--Select--BA1170BA2376B' counted

2018-06-10 00:49:39 - [MESSAGE][PASSED] - 3 options of object 'Object Repository/DispensaryToStore/Page_Store/select_--Select--BA1170BA2376B' counted

2018-06-10 00:49:39 - [TEST_STEP][PASSED] - Statement - For ([g = 1, g <= BatchNumber - 1, (g++)]): null

2018-06-10 00:49:39 - [TEST_STEP][PASSED] - selectOptionByIndex: All options with index in [1] are selected on object 'Object Repository/DispensaryToStore/Page_Store/select_--Select--BA1170BA2376B'

2018-06-10 00:49:40 - [MESSAGE][PASSED] - All options with index in [1] are selected on object 'Object Repository/DispensaryToStore/Page_Store/select_--Select--BA1170BA2376B'

2018-06-10 00:49:40 - [TEST_STEP][PASSED] - Statement - Try: null

2018-06-10 00:49:40 - [TEST_STEP][PASSED] - Statement - StockQty = com.kms.katalon.core.webui.keyword.WebUiBuiltInKeywords.getAttribute(com.kms.katalon.core.testobject.ObjectRepository.findTestObject(DispensaryToStore/Page_Store/input_txtprice), "value"): Attribute 'value' of object 'Object Repository/DispensaryToStore/Page_Store/input_txtprice' is: '270'

2018-06-10 00:49:40 - [MESSAGE][PASSED] - Attribute 'value' of object 'Object Repository/DispensaryToStore/Page_Store/input_txtprice' is: '270'

2018-06-10 00:49:40 - [TEST_STEP][PASSED] - Statement - out.println("Stock QTY : " + StockQty): null

2018-06-10 00:49:40 - [TEST_STEP][PASSED] - delay: Delayed 2 second(s)

2018-06-10 00:49:42 - [MESSAGE][PASSED] - Delayed 2 second(s)

2018-06-10 00:49:42 - [TEST_STEP][PASSED] - Statement - If (java.lang.String.valueOf(StockQty) >= java.lang.String.valueOf(RequestedQty)): null

2018-06-10 00:49:42 - [TEST_STEP][PASSED] - setText: Text '10' is set on object 'Object Repository/DispensaryToStore/Page_Store/input_txtqty'

2018-06-10 00:49:42 - [MESSAGE][PASSED] - Text '10' is set on object 'Object Repository/DispensaryToStore/Page_Store/input_txtqty'

2018-06-10 00:49:42 - [TEST_STEP][PASSED] - click: Object: 'Object Repository/DispensaryToStore/Page_Store/button_Add' is clicked on

2018-06-10 00:49:42 - [MESSAGE][PASSED] - Object: 'Object Repository/DispensaryToStore/Page_Store/button_Add' is clicked on

2018-06-10 00:49:42 - [TEST_STEP][PASSED] - Statement - Break: null

2018-06-10 00:49:42 - [TEST_STEP][PASSED] - selectOptionByIndex: All options with index in [25] are selected on object 'Object Repository/DispensaryToStore/Page_Store/select_--Select--Adernaline 0.'

2018-06-10 00:49:42 - [MESSAGE][PASSED] - All options with index in [25] are selected on object 'Object Repository/DispensaryToStore/Page_Store/select_--Select--Adernaline 0.'

2018-06-10 00:49:42 - [TEST_STEP][PASSED] - delay: Delayed 2 second(s)

2018-06-10 00:49:44 - [MESSAGE][PASSED] - Delayed 2 second(s)

2018-06-10 00:49:44 - [TEST_STEP][PASSED] - Statement - RequestedQty = com.kms.katalon.core.webui.keyword.WebUiBuiltInKeywords.getAttribute(com.kms.katalon.core.testobject.ObjectRepository.findTestObject(DispensaryToStore/Page_Store/input_txttotal), "value"): Attribute 'value' of object 'Object Repository/DispensaryToStore/Page_Store/input_txttotal' is: '10'

2018-06-10 00:49:44 - [MESSAGE][PASSED] - Attribute 'value' of object 'Object Repository/DispensaryToStore/Page_Store/input_txttotal' is: '10'

2018-06-10 00:49:44 - [TEST_STEP][PASSED] - Statement - out.println("Requested QTY : " + RequestedQty): null

2018-06-10 00:49:44 - [TEST_STEP][PASSED] - Statement - BatchNumber = com.kms.katalon.core.webui.keyword.WebUiBuiltInKeywords.getNumberOfTotalOption(com.kms.katalon.core.testobject.ObjectRepository.findTestObject(DispensaryToStore/Page_Store/select_--Select--BA1170BA2376B)): 3 options of object 'Object Repository/DispensaryToStore/Page_Store/select_--Select--BA1170BA2376B' counted

2018-06-10 00:49:44 - [MESSAGE][PASSED] - 3 options of object 'Object Repository/DispensaryToStore/Page_Store/select_--Select--BA1170BA2376B' counted

2018-06-10 00:49:44 - [TEST_STEP][PASSED] - Statement - For ([g = 1, g <= BatchNumber - 1, (g++)]): null

2018-06-10 00:49:44 - [TEST_STEP][PASSED] - selectOptionByIndex: All options with index in [1] are selected on object 'Object Repository/DispensaryToStore/Page_Store/select_--Select--BA1170BA2376B'

2018-06-10 00:49:44 - [MESSAGE][PASSED] - All options with index in [1] are selected on object 'Object Repository/DispensaryToStore/Page_Store/select_--Select--BA1170BA2376B'

2018-06-10 00:49:44 - [TEST_STEP][PASSED] - Statement - Try: null

2018-06-10 00:49:44 - [TEST_STEP][PASSED] - Statement - StockQty = com.kms.katalon.core.webui.keyword.WebUiBuiltInKeywords.getAttribute(com.kms.katalon.core.testobject.ObjectRepository.findTestObject(DispensaryToStore/Page_Store/input_txtprice), "value"): Attribute 'value' of object 'Object Repository/DispensaryToStore/Page_Store/input_txtprice' is: '100'

2018-06-10 00:49:44 - [MESSAGE][PASSED] - Attribute 'value' of object 'Object Repository/DispensaryToStore/Page_Store/input_txtprice' is: '100'

2018-06-10 00:49:44 - [TEST_STEP][PASSED] - Statement - out.println("Stock QTY : " + StockQty): null

2018-06-10 00:49:44 - [TEST_STEP][PASSED] - delay: Delayed 2 second(s)

2018-06-10 00:49:46 - [MESSAGE][PASSED] - Delayed 2 second(s)

2018-06-10 00:49:46 - [TEST_STEP][PASSED] - Statement - If (java.lang.String.valueOf(StockQty) >= java.lang.String.valueOf(RequestedQty)): null

2018-06-10 00:49:46 - [TEST_STEP][PASSED] - setText: Text '10' is set on object 'Object Repository/DispensaryToStore/Page_Store/input_txtqty'

2018-06-10 00:49:46 - [MESSAGE][PASSED] - Text '10' is set on object 'Object Repository/DispensaryToStore/Page_Store/input_txtqty'

2018-06-10 00:49:46 - [TEST_STEP][PASSED] - click: Object: 'Object Repository/DispensaryToStore/Page_Store/button_Add' is clicked on

2018-06-10 00:49:46 - [MESSAGE][PASSED] - Object: 'Object Repository/DispensaryToStore/Page_Store/button_Add' is clicked on

2018-06-10 00:49:46 - [TEST_STEP][PASSED] - Statement - Break: null

2018-06-10 00:49:46 - [TEST_STEP][PASSED] - selectOptionByIndex: All options with index in [26] are selected on object 'Object Repository/DispensaryToStore/Page_Store/select_--Select--Adernaline 0.'

2018-06-10 00:49:47 - [MESSAGE][PASSED] - All options with index in [26] are selected on object 'Object Repository/DispensaryToStore/Page_Store/select_--Select--Adernaline 0.'

2018-06-10 00:49:47 - [TEST_STEP][PASSED] - delay: Delayed 2 second(s)

2018-06-10 00:49:49 - [MESSAGE][PASSED] - Delayed 2 second(s)

2018-06-10 00:49:49 - [TEST_STEP][PASSED] - Statement - RequestedQty = com.kms.katalon.core.webui.keyword.WebUiBuiltInKeywords.getAttribute(com.kms.katalon.core.testobject.ObjectRepository.findTestObject(DispensaryToStore/Page_Store/input_txttotal), "value"): Attribute 'value' of object 'Object Repository/DispensaryToStore/Page_Store/input_txttotal' is: '10'

2018-06-10 00:49:49 - [MESSAGE][PASSED] - Attribute 'value' of object 'Object Repository/DispensaryToStore/Page_Store/input_txttotal' is: '10'

2018-06-10 00:49:49 - [TEST_STEP][PASSED] - Statement - out.println("Requested QTY : " + RequestedQty): null

2018-06-10 00:49:49 - [TEST_STEP][PASSED] - Statement - BatchNumber = com.kms.katalon.core.webui.keyword.WebUiBuiltInKeywords.getNumberOfTotalOption(com.kms.katalon.core.testobject.ObjectRepository.findTestObject(DispensaryToStore/Page_Store/select_--Select--BA1170BA2376B)): 4 options of object 'Object Repository/DispensaryToStore/Page_Store/select_--Select--BA1170BA2376B' counted

2018-06-10 00:49:49 - [MESSAGE][PASSED] - 4 options of object 'Object Repository/DispensaryToStore/Page_Store/select_--Select--BA1170BA2376B' counted

2018-06-10 00:49:49 - [TEST_STEP][PASSED] - Statement - For ([g = 1, g <= BatchNumber - 1, (g++)]): null

2018-06-10 00:49:49 - [TEST_STEP][PASSED] - selectOptionByIndex: All options with index in [1] are selected on object 'Object Repository/DispensaryToStore/Page_Store/select_--Select--BA1170BA2376B'

2018-06-10 00:49:49 - [MESSAGE][PASSED] - All options with index in [1] are selected on object 'Object Repository/DispensaryToStore/Page_Store/select_--Select--BA1170BA2376B'

2018-06-10 00:49:49 - [TEST_STEP][PASSED] - Statement - Try: null

2018-06-10 00:49:49 - [TEST_STEP][PASSED] - Statement - StockQty = com.kms.katalon.core.webui.keyword.WebUiBuiltInKeywords.getAttribute(com.kms.katalon.core.testobject.ObjectRepository.findTestObject(DispensaryToStore/Page_Store/input_txtprice), "value"): Attribute 'value' of object 'Object Repository/DispensaryToStore/Page_Store/input_txtprice' is: '120'

2018-06-10 00:49:49 - [MESSAGE][PASSED] - Attribute 'value' of object 'Object Repository/DispensaryToStore/Page_Store/input_txtprice' is: '120'

2018-06-10 00:49:49 - [TEST_STEP][PASSED] - Statement - out.println("Stock QTY : " + StockQty): null

2018-06-10 00:49:49 - [TEST_STEP][PASSED] - delay: Delayed 2 second(s)

2018-06-10 00:49:51 - [MESSAGE][PASSED] - Delayed 2 second(s)

2018-06-10 00:49:51 - [TEST_STEP][PASSED] - Statement - If (java.lang.String.valueOf(StockQty) >= java.lang.String.valueOf(RequestedQty)): null

2018-06-10 00:49:51 - [TEST_STEP][PASSED] - setText: Text '10' is set on object 'Object Repository/DispensaryToStore/Page_Store/input_txtqty'

2018-06-10 00:49:51 - [MESSAGE][PASSED] - Text '10' is set on object 'Object Repository/DispensaryToStore/Page_Store/input_txtqty'

2018-06-10 00:49:51 - [TEST_STEP][PASSED] - click: Object: 'Object Repository/DispensaryToStore/Page_Store/button_Add' is clicked on

2018-06-10 00:49:51 - [MESSAGE][PASSED] - Object: 'Object Repository/DispensaryToStore/Page_Store/button_Add' is clicked on

2018-06-10 00:49:51 - [TEST_STEP][PASSED] - Statement - Break: null

2018-06-10 00:49:51 - [TEST_STEP][PASSED] - selectOptionByIndex: All options with index in [27] are selected on object 'Object Repository/DispensaryToStore/Page_Store/select_--Select--Adernaline 0.'

2018-06-10 00:49:52 - [MESSAGE][PASSED] - All options with index in [27] are selected on object 'Object Repository/DispensaryToStore/Page_Store/select_--Select--Adernaline 0.'

2018-06-10 00:49:52 - [TEST_STEP][PASSED] - delay: Delayed 2 second(s)

2018-06-10 00:49:54 - [MESSAGE][PASSED] - Delayed 2 second(s)

2018-06-10 00:49:54 - [TEST_STEP][PASSED] - Statement - RequestedQty = com.kms.katalon.core.webui.keyword.WebUiBuiltInKeywords.getAttribute(com.kms.katalon.core.testobject.ObjectRepository.findTestObject(DispensaryToStore/Page_Store/input_txttotal), "value"): Attribute 'value' of object 'Object Repository/DispensaryToStore/Page_Store/input_txttotal' is: '10'

2018-06-10 00:49:54 - [MESSAGE][PASSED] - Attribute 'value' of object 'Object Repository/DispensaryToStore/Page_Store/input_txttotal' is: '10'

2018-06-10 00:49:54 - [TEST_STEP][PASSED] - Statement - out.println("Requested QTY : " + RequestedQty): null

2018-06-10 00:49:54 - [TEST_STEP][PASSED] - Statement - BatchNumber = com.kms.katalon.core.webui.keyword.WebUiBuiltInKeywords.getNumberOfTotalOption(com.kms.katalon.core.testobject.ObjectRepository.findTestObject(DispensaryToStore/Page_Store/select_--Select--BA1170BA2376B)): 4 options of object 'Object Repository/DispensaryToStore/Page_Store/select_--Select--BA1170BA2376B' counted

2018-06-10 00:49:54 - [MESSAGE][PASSED] - 4 options of object 'Object Repository/DispensaryToStore/Page_Store/select_--Select--BA1170BA2376B' counted

2018-06-10 00:49:54 - [TEST_STEP][PASSED] - Statement - For ([g = 1, g <= BatchNumber - 1, (g++)]): null

2018-06-10 00:49:54 - [TEST_STEP][PASSED] - selectOptionByIndex: All options with index in [1] are selected on object 'Object Repository/DispensaryToStore/Page_Store/select_--Select--BA1170BA2376B'

2018-06-10 00:49:54 - [MESSAGE][PASSED] - All options with index in [1] are selected on object 'Object Repository/DispensaryToStore/Page_Store/select_--Select--BA1170BA2376B'

2018-06-10 00:49:54 - [TEST_STEP][PASSED] - Statement - Try: null

2018-06-10 00:49:54 - [TEST_STEP][PASSED] - Statement - StockQty = com.kms.katalon.core.webui.keyword.WebUiBuiltInKeywords.getAttribute(com.kms.katalon.core.testobject.ObjectRepository.findTestObject(DispensaryToStore/Page_Store/input_txtprice), "value"): Attribute 'value' of object 'Object Repository/DispensaryToStore/Page_Store/input_txtprice' is: '100'

2018-06-10 00:49:54 - [MESSAGE][PASSED] - Attribute 'value' of object 'Object Repository/DispensaryToStore/Page_Store/input_txtprice' is: '100'

2018-06-10 00:49:54 - [TEST_STEP][PASSED] - Statement - out.println("Stock QTY : " + StockQty): null

2018-06-10 00:49:54 - [TEST_STEP][PASSED] - delay: Delayed 2 second(s)

2018-06-10 00:49:56 - [MESSAGE][PASSED] - Delayed 2 second(s)

2018-06-10 00:49:56 - [TEST_STEP][PASSED] - Statement - If (java.lang.String.valueOf(StockQty) >= java.lang.String.valueOf(RequestedQty)): null

2018-06-10 00:49:56 - [TEST_STEP][PASSED] - setText: Text '10' is set on object 'Object Repository/DispensaryToStore/Page_Store/input_txtqty'

2018-06-10 00:49:56 - [MESSAGE][PASSED] - Text '10' is set on object 'Object Repository/DispensaryToStore/Page_Store/input_txtqty'

2018-06-10 00:49:56 - [TEST_STEP][PASSED] - click: Object: 'Object Repository/DispensaryToStore/Page_Store/button_Add' is clicked on

2018-06-10 00:49:56 - [MESSAGE][PASSED] - Object: 'Object Repository/DispensaryToStore/Page_Store/button_Add' is clicked on

2018-06-10 00:49:56 - [TEST_STEP][PASSED] - Statement - Break: null

2018-06-10 00:49:56 - [TEST_STEP][PASSED] - selectOptionByIndex: All options with index in [28] are selected on object 'Object Repository/DispensaryToStore/Page_Store/select_--Select--Adernaline 0.'

2018-06-10 00:49:56 - [MESSAGE][PASSED] - All options with index in [28] are selected on object 'Object Repository/DispensaryToStore/Page_Store/select_--Select--Adernaline 0.'

2018-06-10 00:49:56 - [TEST_STEP][PASSED] - delay: Delayed 2 second(s)

2018-06-10 00:49:58 - [MESSAGE][PASSED] - Delayed 2 second(s)

2018-06-10 00:49:58 - [TEST_STEP][PASSED] - Statement - RequestedQty = com.kms.katalon.core.webui.keyword.WebUiBuiltInKeywords.getAttribute(com.kms.katalon.core.testobject.ObjectRepository.findTestObject(DispensaryToStore/Page_Store/input_txttotal), "value"): Attribute 'value' of object 'Object Repository/DispensaryToStore/Page_Store/input_txttotal' is: '10'

2018-06-10 00:49:58 - [MESSAGE][PASSED] - Attribute 'value' of object 'Object Repository/DispensaryToStore/Page_Store/input_txttotal' is: '10'

2018-06-10 00:49:58 - [TEST_STEP][PASSED] - Statement - out.println("Requested QTY : " + RequestedQty): null

2018-06-10 00:49:58 - [TEST_STEP][PASSED] - Statement - BatchNumber = com.kms.katalon.core.webui.keyword.WebUiBuiltInKeywords.getNumberOfTotalOption(com.kms.katalon.core.testobject.ObjectRepository.findTestObject(DispensaryToStore/Page_Store/select_--Select--BA1170BA2376B)): 3 options of object 'Object Repository/DispensaryToStore/Page_Store/select_--Select--BA1170BA2376B' counted

2018-06-10 00:49:58 - [MESSAGE][PASSED] - 3 options of object 'Object Repository/DispensaryToStore/Page_Store/select_--Select--BA1170BA2376B' counted

2018-06-10 00:49:58 - [TEST_STEP][PASSED] - Statement - For ([g = 1, g <= BatchNumber - 1, (g++)]): null

2018-06-10 00:49:58 - [TEST_STEP][PASSED] - selectOptionByIndex: All options with index in [1] are selected on object 'Object Repository/DispensaryToStore/Page_Store/select_--Select--BA1170BA2376B'

2018-06-10 00:49:59 - [MESSAGE][PASSED] - All options with index in [1] are selected on object 'Object Repository/DispensaryToStore/Page_Store/select_--Select--BA1170BA2376B'

2018-06-10 00:49:59 - [TEST_STEP][PASSED] - Statement - Try: null

2018-06-10 00:49:59 - [TEST_STEP][PASSED] - Statement - StockQty = com.kms.katalon.core.webui.keyword.WebUiBuiltInKeywords.getAttribute(com.kms.katalon.core.testobject.ObjectRepository.findTestObject(DispensaryToStore/Page_Store/input_txtprice), "value"): Attribute 'value' of object 'Object Repository/DispensaryToStore/Page_Store/input_txtprice' is: '260'

2018-06-10 00:49:59 - [MESSAGE][PASSED] - Attribute 'value' of object 'Object Repository/DispensaryToStore/Page_Store/input_txtprice' is: '260'

2018-06-10 00:49:59 - [TEST_STEP][PASSED] - Statement - out.println("Stock QTY : " + StockQty): null

2018-06-10 00:49:59 - [TEST_STEP][PASSED] - delay: Delayed 2 second(s)

2018-06-10 00:50:01 - [MESSAGE][PASSED] - Delayed 2 second(s)

2018-06-10 00:50:01 - [TEST_STEP][PASSED] - Statement - If (java.lang.String.valueOf(StockQty) >= java.lang.String.valueOf(RequestedQty)): null

2018-06-10 00:50:01 - [TEST_STEP][PASSED] - setText: Text '10' is set on object 'Object Repository/DispensaryToStore/Page_Store/input_txtqty'

2018-06-10 00:50:01 - [MESSAGE][PASSED] - Text '10' is set on object 'Object Repository/DispensaryToStore/Page_Store/input_txtqty'

2018-06-10 00:50:01 - [TEST_STEP][PASSED] - click: Object: 'Object Repository/DispensaryToStore/Page_Store/button_Add' is clicked on

2018-06-10 00:50:01 - [MESSAGE][PASSED] - Object: 'Object Repository/DispensaryToStore/Page_Store/button_Add' is clicked on

2018-06-10 00:50:01 - [TEST_STEP][PASSED] - Statement - Break: null

2018-06-10 00:50:01 - [TEST_STEP][PASSED] - selectOptionByIndex: All options with index in [29] are selected on object 'Object Repository/DispensaryToStore/Page_Store/select_--Select--Adernaline 0.'

2018-06-10 00:50:01 - [MESSAGE][PASSED] - All options with index in [29] are selected on object 'Object Repository/DispensaryToStore/Page_Store/select_--Select--Adernaline 0.'

2018-06-10 00:50:01 - [TEST_STEP][PASSED] - delay: Delayed 2 second(s)

2018-06-10 00:50:03 - [MESSAGE][PASSED] - Delayed 2 second(s)

2018-06-10 00:50:03 - [TEST_STEP][PASSED] - Statement - RequestedQty = com.kms.katalon.core.webui.keyword.WebUiBuiltInKeywords.getAttribute(com.kms.katalon.core.testobject.ObjectRepository.findTestObject(DispensaryToStore/Page_Store/input_txttotal), "value"): Attribute 'value' of object 'Object Repository/DispensaryToStore/Page_Store/input_txttotal' is: '10'

2018-06-10 00:50:03 - [MESSAGE][PASSED] - Attribute 'value' of object 'Object Repository/DispensaryToStore/Page_Store/input_txttotal' is: '10'

2018-06-10 00:50:03 - [TEST_STEP][PASSED] - Statement - out.println("Requested QTY : " + RequestedQty): null

2018-06-10 00:50:03 - [TEST_STEP][PASSED] - Statement - BatchNumber = com.kms.katalon.core.webui.keyword.WebUiBuiltInKeywords.getNumberOfTotalOption(com.kms.katalon.core.testobject.ObjectRepository.findTestObject(DispensaryToStore/Page_Store/select_--Select--BA1170BA2376B)): 3 options of object 'Object Repository/DispensaryToStore/Page_Store/select_--Select--BA1170BA2376B' counted

2018-06-10 00:50:03 - [MESSAGE][PASSED] - 3 options of object 'Object Repository/DispensaryToStore/Page_Store/select_--Select--BA1170BA2376B' counted

2018-06-10 00:50:03 - [TEST_STEP][PASSED] - Statement - For ([g = 1, g <= BatchNumber - 1, (g++)]): null

2018-06-10 00:50:03 - [TEST_STEP][PASSED] - selectOptionByIndex: All options with index in [1] are selected on object 'Object Repository/DispensaryToStore/Page_Store/select_--Select--BA1170BA2376B'

2018-06-10 00:50:03 - [MESSAGE][PASSED] - All options with index in [1] are selected on object 'Object Repository/DispensaryToStore/Page_Store/select_--Select--BA1170BA2376B'

2018-06-10 00:50:03 - [TEST_STEP][PASSED] - Statement - Try: null

2018-06-10 00:50:03 - [TEST_STEP][PASSED] - Statement - StockQty = com.kms.katalon.core.webui.keyword.WebUiBuiltInKeywords.getAttribute(com.kms.katalon.core.testobject.ObjectRepository.findTestObject(DispensaryToStore/Page_Store/input_txtprice), "value"): Attribute 'value' of object 'Object Repository/DispensaryToStore/Page_Store/input_txtprice' is: '260'

2018-06-10 00:50:03 - [MESSAGE][PASSED] - Attribute 'value' of object 'Object Repository/DispensaryToStore/Page_Store/input_txtprice' is: '260'

2018-06-10 00:50:03 - [TEST_STEP][PASSED] - Statement - out.println("Stock QTY : " + StockQty): null

2018-06-10 00:50:03 - [TEST_STEP][PASSED] - delay: Delayed 2 second(s)

2018-06-10 00:50:05 - [MESSAGE][PASSED] - Delayed 2 second(s)

2018-06-10 00:50:05 - [TEST_STEP][PASSED] - Statement - If (java.lang.String.valueOf(StockQty) >= java.lang.String.valueOf(RequestedQty)): null

2018-06-10 00:50:05 - [TEST_STEP][PASSED] - setText: Text '10' is set on object 'Object Repository/DispensaryToStore/Page_Store/input_txtqty'

2018-06-10 00:50:05 - [MESSAGE][PASSED] - Text '10' is set on object 'Object Repository/DispensaryToStore/Page_Store/input_txtqty'

2018-06-10 00:50:05 - [TEST_STEP][PASSED] - click: Object: 'Object Repository/DispensaryToStore/Page_Store/button_Add' is clicked on

2018-06-10 00:50:06 - [MESSAGE][PASSED] - Object: 'Object Repository/DispensaryToStore/Page_Store/button_Add' is clicked on

2018-06-10 00:50:06 - [TEST_STEP][PASSED] - Statement - Break: null

2018-06-10 00:50:06 - [TEST_STEP][PASSED] - selectOptionByIndex: All options with index in [30] are selected on object 'Object Repository/DispensaryToStore/Page_Store/select_--Select--Adernaline 0.'

2018-06-10 00:50:06 - [MESSAGE][PASSED] - All options with index in [30] are selected on object 'Object Repository/DispensaryToStore/Page_Store/select_--Select--Adernaline 0.'

2018-06-10 00:50:06 - [TEST_STEP][PASSED] - delay: Delayed 2 second(s)

2018-06-10 00:50:08 - [MESSAGE][PASSED] - Delayed 2 second(s)

2018-06-10 00:50:08 - [TEST_STEP][PASSED] - Statement - RequestedQty = com.kms.katalon.core.webui.keyword.WebUiBuiltInKeywords.getAttribute(com.kms.katalon.core.testobject.ObjectRepository.findTestObject(DispensaryToStore/Page_Store/input_txttotal), "value"): Attribute 'value' of object 'Object Repository/DispensaryToStore/Page_Store/input_txttotal' is: '10'

2018-06-10 00:50:08 - [MESSAGE][PASSED] - Attribute 'value' of object 'Object Repository/DispensaryToStore/Page_Store/input_txttotal' is: '10'

2018-06-10 00:50:08 - [TEST_STEP][PASSED] - Statement - out.println("Requested QTY : " + RequestedQty): null

2018-06-10 00:50:08 - [TEST_STEP][PASSED] - Statement - BatchNumber = com.kms.katalon.core.webui.keyword.WebUiBuiltInKeywords.getNumberOfTotalOption(com.kms.katalon.core.testobject.ObjectRepository.findTestObject(DispensaryToStore/Page_Store/select_--Select--BA1170BA2376B)): 2 options of object 'Object Repository/DispensaryToStore/Page_Store/select_--Select--BA1170BA2376B' counted

2018-06-10 00:50:08 - [MESSAGE][PASSED] - 2 options of object 'Object Repository/DispensaryToStore/Page_Store/select_--Select--BA1170BA2376B' counted

2018-06-10 00:50:08 - [TEST_STEP][PASSED] - Statement - For ([g = 1, g <= BatchNumber - 1, (g++)]): null

2018-06-10 00:50:08 - [TEST_STEP][PASSED] - selectOptionByIndex: All options with index in [1] are selected on object 'Object Repository/DispensaryToStore/Page_Store/select_--Select--BA1170BA2376B'

2018-06-10 00:50:08 - [MESSAGE][PASSED] - All options with index in [1] are selected on object 'Object Repository/DispensaryToStore/Page_Store/select_--Select--BA1170BA2376B'

2018-06-10 00:50:08 - [TEST_STEP][PASSED] - Statement - Try: null

2018-06-10 00:50:08 - [TEST_STEP][PASSED] - Statement - StockQty = com.kms.katalon.core.webui.keyword.WebUiBuiltInKeywords.getAttribute(com.kms.katalon.core.testobject.ObjectRepository.findTestObject(DispensaryToStore/Page_Store/input_txtprice), "value"): Attribute 'value' of object 'Object Repository/DispensaryToStore/Page_Store/input_txtprice' is: '420'

2018-06-10 00:50:08 - [MESSAGE][PASSED] - Attribute 'value' of object 'Object Repository/DispensaryToStore/Page_Store/input_txtprice' is: '420'

2018-06-10 00:50:08 - [TEST_STEP][PASSED] - Statement - out.println("Stock QTY : " + StockQty): null

2018-06-10 00:50:08 - [TEST_STEP][PASSED] - delay: Delayed 2 second(s)

2018-06-10 00:50:10 - [MESSAGE][PASSED] - Delayed 2 second(s)

2018-06-10 00:50:10 - [TEST_STEP][PASSED] - Statement - If (java.lang.String.valueOf(StockQty) >= java.lang.String.valueOf(RequestedQty)): null

2018-06-10 00:50:10 - [TEST_STEP][PASSED] - setText: Text '10' is set on object 'Object Repository/DispensaryToStore/Page_Store/input_txtqty'

2018-06-10 00:50:10 - [MESSAGE][PASSED] - Text '10' is set on object 'Object Repository/DispensaryToStore/Page_Store/input_txtqty'

2018-06-10 00:50:10 - [TEST_STEP][PASSED] - click: Object: 'Object Repository/DispensaryToStore/Page_Store/button_Add' is clicked on

2018-06-10 00:50:10 - [MESSAGE][PASSED] - Object: 'Object Repository/DispensaryToStore/Page_Store/button_Add' is clicked on

2018-06-10 00:50:10 - [TEST_STEP][PASSED] - Statement - Break: null

2018-06-10 00:50:10 - [TEST_STEP][PASSED] - selectOptionByIndex: All options with index in [31] are selected on object 'Object Repository/DispensaryToStore/Page_Store/select_--Select--Adernaline 0.'

2018-06-10 00:50:11 - [MESSAGE][PASSED] - All options with index in [31] are selected on object 'Object Repository/DispensaryToStore/Page_Store/select_--Select--Adernaline 0.'

2018-06-10 00:50:11 - [TEST_STEP][PASSED] - delay: Delayed 2 second(s)

2018-06-10 00:50:13 - [MESSAGE][PASSED] - Delayed 2 second(s)

2018-06-10 00:50:13 - [TEST_STEP][PASSED] - Statement - RequestedQty = com.kms.katalon.core.webui.keyword.WebUiBuiltInKeywords.getAttribute(com.kms.katalon.core.testobject.ObjectRepository.findTestObject(DispensaryToStore/Page_Store/input_txttotal), "value"): Attribute 'value' of object 'Object Repository/DispensaryToStore/Page_Store/input_txttotal' is: '10'

2018-06-10 00:50:13 - [MESSAGE][PASSED] - Attribute 'value' of object 'Object Repository/DispensaryToStore/Page_Store/input_txttotal' is: '10'

2018-06-10 00:50:13 - [TEST_STEP][PASSED] - Statement - out.println("Requested QTY : " + RequestedQty): null

2018-06-10 00:50:13 - [TEST_STEP][PASSED] - Statement - BatchNumber = com.kms.katalon.core.webui.keyword.WebUiBuiltInKeywords.getNumberOfTotalOption(com.kms.katalon.core.testobject.ObjectRepository.findTestObject(DispensaryToStore/Page_Store/select_--Select--BA1170BA2376B)): 3 options of object 'Object Repository/DispensaryToStore/Page_Store/select_--Select--BA1170BA2376B' counted

2018-06-10 00:50:13 - [MESSAGE][PASSED] - 3 options of object 'Object Repository/DispensaryToStore/Page_Store/select_--Select--BA1170BA2376B' counted

2018-06-10 00:50:13 - [TEST_STEP][PASSED] - Statement - For ([g = 1, g <= BatchNumber - 1, (g++)]): null

2018-06-10 00:50:13 - [TEST_STEP][PASSED] - selectOptionByIndex: All options with index in [1] are selected on object 'Object Repository/DispensaryToStore/Page_Store/select_--Select--BA1170BA2376B'

2018-06-10 00:50:13 - [MESSAGE][PASSED] - All options with index in [1] are selected on object 'Object Repository/DispensaryToStore/Page_Store/select_--Select--BA1170BA2376B'

2018-06-10 00:50:13 - [TEST_STEP][PASSED] - Statement - Try: null

2018-06-10 00:50:13 - [TEST_STEP][PASSED] - Statement - StockQty = com.kms.katalon.core.webui.keyword.WebUiBuiltInKeywords.getAttribute(com.kms.katalon.core.testobject.ObjectRepository.findTestObject(DispensaryToStore/Page_Store/input_txtprice), "value"): Attribute 'value' of object 'Object Repository/DispensaryToStore/Page_Store/input_txtprice' is: '260'

2018-06-10 00:50:13 - [MESSAGE][PASSED] - Attribute 'value' of object 'Object Repository/DispensaryToStore/Page_Store/input_txtprice' is: '260'

2018-06-10 00:50:13 - [TEST_STEP][PASSED] - Statement - out.println("Stock QTY : " + StockQty): null

2018-06-10 00:50:13 - [TEST_STEP][PASSED] - delay: Delayed 2 second(s)

2018-06-10 00:50:15 - [MESSAGE][PASSED] - Delayed 2 second(s)

2018-06-10 00:50:15 - [TEST_STEP][PASSED] - Statement - If (java.lang.String.valueOf(StockQty) >= java.lang.String.valueOf(RequestedQty)): null

2018-06-10 00:50:15 - [TEST_STEP][PASSED] - setText: Text '10' is set on object 'Object Repository/DispensaryToStore/Page_Store/input_txtqty'

2018-06-10 00:50:15 - [MESSAGE][PASSED] - Text '10' is set on object 'Object Repository/DispensaryToStore/Page_Store/input_txtqty'

2018-06-10 00:50:15 - [TEST_STEP][PASSED] - click: Object: 'Object Repository/DispensaryToStore/Page_Store/button_Add' is clicked on

2018-06-10 00:50:15 - [MESSAGE][PASSED] - Object: 'Object Repository/DispensaryToStore/Page_Store/button_Add' is clicked on

2018-06-10 00:50:15 - [TEST_STEP][PASSED] - Statement - Break: null

2018-06-10 00:50:15 - [TEST_STEP][PASSED] - selectOptionByIndex: All options with index in [32] are selected on object 'Object Repository/DispensaryToStore/Page_Store/select_--Select--Adernaline 0.'

2018-06-10 00:50:16 - [MESSAGE][PASSED] - All options with index in [32] are selected on object 'Object Repository/DispensaryToStore/Page_Store/select_--Select--Adernaline 0.'

2018-06-10 00:50:16 - [TEST_STEP][PASSED] - delay: Delayed 2 second(s)

2018-06-10 00:50:18 - [MESSAGE][PASSED] - Delayed 2 second(s)

2018-06-10 00:50:18 - [TEST_STEP][PASSED] - Statement - RequestedQty = com.kms.katalon.core.webui.keyword.WebUiBuiltInKeywords.getAttribute(com.kms.katalon.core.testobject.ObjectRepository.findTestObject(DispensaryToStore/Page_Store/input_txttotal), "value"): Attribute 'value' of object 'Object Repository/DispensaryToStore/Page_Store/input_txttotal' is: '10'

2018-06-10 00:50:18 - [MESSAGE][PASSED] - Attribute 'value' of object 'Object Repository/DispensaryToStore/Page_Store/input_txttotal' is: '10'

2018-06-10 00:50:18 - [TEST_STEP][PASSED] - Statement - out.println("Requested QTY : " + RequestedQty): null

2018-06-10 00:50:18 - [TEST_STEP][PASSED] - Statement - BatchNumber = com.kms.katalon.core.webui.keyword.WebUiBuiltInKeywords.getNumberOfTotalOption(com.kms.katalon.core.testobject.ObjectRepository.findTestObject(DispensaryToStore/Page_Store/select_--Select--BA1170BA2376B)): 3 options of object 'Object Repository/DispensaryToStore/Page_Store/select_--Select--BA1170BA2376B' counted

2018-06-10 00:50:18 - [MESSAGE][PASSED] - 3 options of object 'Object Repository/DispensaryToStore/Page_Store/select_--Select--BA1170BA2376B' counted

2018-06-10 00:50:18 - [TEST_STEP][PASSED] - Statement - For ([g = 1, g <= BatchNumber - 1, (g++)]): null

2018-06-10 00:50:18 - [TEST_STEP][PASSED] - selectOptionByIndex: All options with index in [1] are selected on object 'Object Repository/DispensaryToStore/Page_Store/select_--Select--BA1170BA2376B'

2018-06-10 00:50:18 - [MESSAGE][PASSED] - All options with index in [1] are selected on object 'Object Repository/DispensaryToStore/Page_Store/select_--Select--BA1170BA2376B'

2018-06-10 00:50:18 - [TEST_STEP][PASSED] - Statement - Try: null

2018-06-10 00:50:18 - [TEST_STEP][PASSED] - Statement - StockQty = com.kms.katalon.core.webui.keyword.WebUiBuiltInKeywords.getAttribute(com.kms.katalon.core.testobject.ObjectRepository.findTestObject(DispensaryToStore/Page_Store/input_txtprice), "value"): Attribute 'value' of object 'Object Repository/DispensaryToStore/Page_Store/input_txtprice' is: '120'

2018-06-10 00:50:18 - [MESSAGE][PASSED] - Attribute 'value' of object 'Object Repository/DispensaryToStore/Page_Store/input_txtprice' is: '120'

2018-06-10 00:50:18 - [TEST_STEP][PASSED] - Statement - out.println("Stock QTY : " + StockQty): null

2018-06-10 00:50:18 - [TEST_STEP][PASSED] - delay: Delayed 2 second(s)

2018-06-10 00:50:20 - [MESSAGE][PASSED] - Delayed 2 second(s)

2018-06-10 00:50:20 - [TEST_STEP][PASSED] - Statement - If (java.lang.String.valueOf(StockQty) >= java.lang.String.valueOf(RequestedQty)): null

2018-06-10 00:50:20 - [TEST_STEP][PASSED] - setText: Text '10' is set on object 'Object Repository/DispensaryToStore/Page_Store/input_txtqty'

2018-06-10 00:50:20 - [MESSAGE][PASSED] - Text '10' is set on object 'Object Repository/DispensaryToStore/Page_Store/input_txtqty'

2018-06-10 00:50:20 - [TEST_STEP][PASSED] - click: Object: 'Object Repository/DispensaryToStore/Page_Store/button_Add' is clicked on

2018-06-10 00:50:20 - [MESSAGE][PASSED] - Object: 'Object Repository/DispensaryToStore/Page_Store/button_Add' is clicked on

2018-06-10 00:50:20 - [TEST_STEP][PASSED] - Statement - Break: null

2018-06-10 00:50:20 - [TEST_STEP][PASSED] - selectOptionByIndex: All options with index in [33] are selected on object 'Object Repository/DispensaryToStore/Page_Store/select_--Select--Adernaline 0.'

2018-06-10 00:50:20 - [MESSAGE][PASSED] - All options with index in [33] are selected on object 'Object Repository/DispensaryToStore/Page_Store/select_--Select--Adernaline 0.'

2018-06-10 00:50:20 - [TEST_STEP][PASSED] - delay: Delayed 2 second(s)

2018-06-10 00:50:22 - [MESSAGE][PASSED] - Delayed 2 second(s)

2018-06-10 00:50:22 - [TEST_STEP][PASSED] - Statement - RequestedQty = com.kms.katalon.core.webui.keyword.WebUiBuiltInKeywords.getAttribute(com.kms.katalon.core.testobject.ObjectRepository.findTestObject(DispensaryToStore/Page_Store/input_txttotal), "value"): Attribute 'value' of object 'Object Repository/DispensaryToStore/Page_Store/input_txttotal' is: '10'

2018-06-10 00:50:22 - [MESSAGE][PASSED] - Attribute 'value' of object 'Object Repository/DispensaryToStore/Page_Store/input_txttotal' is: '10'

2018-06-10 00:50:22 - [TEST_STEP][PASSED] - Statement - out.println("Requested QTY : " + RequestedQty): null

2018-06-10 00:50:22 - [TEST_STEP][PASSED] - Statement - BatchNumber = com.kms.katalon.core.webui.keyword.WebUiBuiltInKeywords.getNumberOfTotalOption(com.kms.katalon.core.testobject.ObjectRepository.findTestObject(DispensaryToStore/Page_Store/select_--Select--BA1170BA2376B)): 2 options of object 'Object Repository/DispensaryToStore/Page_Store/select_--Select--BA1170BA2376B' counted

2018-06-10 00:50:22 - [MESSAGE][PASSED] - 2 options of object 'Object Repository/DispensaryToStore/Page_Store/select_--Select--BA1170BA2376B' counted

2018-06-10 00:50:22 - [TEST_STEP][PASSED] - Statement - For ([g = 1, g <= BatchNumber - 1, (g++)]): null

2018-06-10 00:50:22 - [TEST_STEP][PASSED] - selectOptionByIndex: All options with index in [1] are selected on object 'Object Repository/DispensaryToStore/Page_Store/select_--Select--BA1170BA2376B'

2018-06-10 00:50:23 - [MESSAGE][PASSED] - All options with index in [1] are selected on object 'Object Repository/DispensaryToStore/Page_Store/select_--Select--BA1170BA2376B'

2018-06-10 00:50:23 - [TEST_STEP][PASSED] - Statement - Try: null

2018-06-10 00:50:23 - [TEST_STEP][PASSED] - Statement - StockQty = com.kms.katalon.core.webui.keyword.WebUiBuiltInKeywords.getAttribute(com.kms.katalon.core.testobject.ObjectRepository.findTestObject(DispensaryToStore/Page_Store/input_txtprice), "value"): Attribute 'value' of object 'Object Repository/DispensaryToStore/Page_Store/input_txtprice' is: '420'

2018-06-10 00:50:23 - [MESSAGE][PASSED] - Attribute 'value' of object 'Object Repository/DispensaryToStore/Page_Store/input_txtprice' is: '420'

2018-06-10 00:50:23 - [TEST_STEP][PASSED] - Statement - out.println("Stock QTY : " + StockQty): null

2018-06-10 00:50:23 - [TEST_STEP][PASSED] - delay: Delayed 2 second(s)

2018-06-10 00:50:25 - [MESSAGE][PASSED] - Delayed 2 second(s)

2018-06-10 00:50:25 - [TEST_STEP][PASSED] - Statement - If (java.lang.String.valueOf(StockQty) >= java.lang.String.valueOf(RequestedQty)): null

2018-06-10 00:50:25 - [TEST_STEP][PASSED] - setText: Text '10' is set on object 'Object Repository/DispensaryToStore/Page_Store/input_txtqty'

2018-06-10 00:50:25 - [MESSAGE][PASSED] - Text '10' is set on object 'Object Repository/DispensaryToStore/Page_Store/input_txtqty'

2018-06-10 00:50:25 - [TEST_STEP][PASSED] - click: Object: 'Object Repository/DispensaryToStore/Page_Store/button_Add' is clicked on

2018-06-10 00:50:25 - [MESSAGE][PASSED] - Object: 'Object Repository/DispensaryToStore/Page_Store/button_Add' is clicked on

2018-06-10 00:50:25 - [TEST_STEP][PASSED] - Statement - Break: null

2018-06-10 00:50:25 - [TEST_STEP][PASSED] - selectOptionByIndex: All options with index in [34] are selected on object 'Object Repository/DispensaryToStore/Page_Store/select_--Select--Adernaline 0.'

2018-06-10 00:50:25 - [MESSAGE][PASSED] - All options with index in [34] are selected on object 'Object Repository/DispensaryToStore/Page_Store/select_--Select--Adernaline 0.'

2018-06-10 00:50:25 - [TEST_STEP][PASSED] - delay: Delayed 2 second(s)

2018-06-10 00:50:27 - [MESSAGE][PASSED] - Delayed 2 second(s)

2018-06-10 00:50:27 - [TEST_STEP][PASSED] - Statement - RequestedQty = com.kms.katalon.core.webui.keyword.WebUiBuiltInKeywords.getAttribute(com.kms.katalon.core.testobject.ObjectRepository.findTestObject(DispensaryToStore/Page_Store/input_txttotal), "value"): Attribute 'value' of object 'Object Repository/DispensaryToStore/Page_Store/input_txttotal' is: '10'

2018-06-10 00:50:27 - [MESSAGE][PASSED] - Attribute 'value' of object 'Object Repository/DispensaryToStore/Page_Store/input_txttotal' is: '10'

2018-06-10 00:50:27 - [TEST_STEP][PASSED] - Statement - out.println("Requested QTY : " + RequestedQty): null

2018-06-10 00:50:27 - [TEST_STEP][PASSED] - Statement - BatchNumber = com.kms.katalon.core.webui.keyword.WebUiBuiltInKeywords.getNumberOfTotalOption(com.kms.katalon.core.testobject.ObjectRepository.findTestObject(DispensaryToStore/Page_Store/select_--Select--BA1170BA2376B)): 2 options of object 'Object Repository/DispensaryToStore/Page_Store/select_--Select--BA1170BA2376B' counted

2018-06-10 00:50:27 - [MESSAGE][PASSED] - 2 options of object 'Object Repository/DispensaryToStore/Page_Store/select_--Select--BA1170BA2376B' counted

2018-06-10 00:50:27 - [TEST_STEP][PASSED] - Statement - For ([g = 1, g <= BatchNumber - 1, (g++)]): null

2018-06-10 00:50:27 - [TEST_STEP][PASSED] - selectOptionByIndex: All options with index in [1] are selected on object 'Object Repository/DispensaryToStore/Page_Store/select_--Select--BA1170BA2376B'

2018-06-10 00:50:27 - [MESSAGE][PASSED] - All options with index in [1] are selected on object 'Object Repository/DispensaryToStore/Page_Store/select_--Select--BA1170BA2376B'

2018-06-10 00:50:27 - [TEST_STEP][PASSED] - Statement - Try: null

2018-06-10 00:50:27 - [TEST_STEP][PASSED] - Statement - StockQty = com.kms.katalon.core.webui.keyword.WebUiBuiltInKeywords.getAttribute(com.kms.katalon.core.testobject.ObjectRepository.findTestObject(DispensaryToStore/Page_Store/input_txtprice), "value"): Attribute 'value' of object 'Object Repository/DispensaryToStore/Page_Store/input_txtprice' is: '420'

2018-06-10 00:50:27 - [MESSAGE][PASSED] - Attribute 'value' of object 'Object Repository/DispensaryToStore/Page_Store/input_txtprice' is: '420'

2018-06-10 00:50:27 - [TEST_STEP][PASSED] - Statement - out.println("Stock QTY : " + StockQty): null

2018-06-10 00:50:27 - [TEST_STEP][PASSED] - delay: Delayed 2 second(s)

2018-06-10 00:50:29 - [MESSAGE][PASSED] - Delayed 2 second(s)

2018-06-10 00:50:29 - [TEST_STEP][PASSED] - Statement - If (java.lang.String.valueOf(StockQty) >= java.lang.String.valueOf(RequestedQty)): null

2018-06-10 00:50:29 - [TEST_STEP][PASSED] - setText: Text '10' is set on object 'Object Repository/DispensaryToStore/Page_Store/input_txtqty'

2018-06-10 00:50:29 - [MESSAGE][PASSED] - Text '10' is set on object 'Object Repository/DispensaryToStore/Page_Store/input_txtqty'

2018-06-10 00:50:29 - [TEST_STEP][PASSED] - click: Object: 'Object Repository/DispensaryToStore/Page_Store/button_Add' is clicked on

2018-06-10 00:50:30 - [MESSAGE][PASSED] - Object: 'Object Repository/DispensaryToStore/Page_Store/button_Add' is clicked on

2018-06-10 00:50:30 - [TEST_STEP][PASSED] - Statement - Break: null

2018-06-10 00:50:30 - [TEST_STEP][PASSED] - selectOptionByIndex: All options with index in [35] are selected on object 'Object Repository/DispensaryToStore/Page_Store/select_--Select--Adernaline 0.'

2018-06-10 00:50:30 - [MESSAGE][PASSED] - All options with index in [35] are selected on object 'Object Repository/DispensaryToStore/Page_Store/select_--Select--Adernaline 0.'

2018-06-10 00:50:30 - [TEST_STEP][PASSED] - delay: Delayed 2 second(s)

2018-06-10 00:50:32 - [MESSAGE][PASSED] - Delayed 2 second(s)

2018-06-10 00:50:32 - [TEST_STEP][PASSED] - Statement - RequestedQty = com.kms.katalon.core.webui.keyword.WebUiBuiltInKeywords.getAttribute(com.kms.katalon.core.testobject.ObjectRepository.findTestObject(DispensaryToStore/Page_Store/input_txttotal), "value"): Attribute 'value' of object 'Object Repository/DispensaryToStore/Page_Store/input_txttotal' is: '10'

2018-06-10 00:50:32 - [MESSAGE][PASSED] - Attribute 'value' of object 'Object Repository/DispensaryToStore/Page_Store/input_txttotal' is: '10'

2018-06-10 00:50:32 - [TEST_STEP][PASSED] - Statement - out.println("Requested QTY : " + RequestedQty): null

2018-06-10 00:50:32 - [TEST_STEP][PASSED] - Statement - BatchNumber = com.kms.katalon.core.webui.keyword.WebUiBuiltInKeywords.getNumberOfTotalOption(com.kms.katalon.core.testobject.ObjectRepository.findTestObject(DispensaryToStore/Page_Store/select_--Select--BA1170BA2376B)): 3 options of object 'Object Repository/DispensaryToStore/Page_Store/select_--Select--BA1170BA2376B' counted

2018-06-10 00:50:32 - [MESSAGE][PASSED] - 3 options of object 'Object Repository/DispensaryToStore/Page_Store/select_--Select--BA1170BA2376B' counted

2018-06-10 00:50:32 - [TEST_STEP][PASSED] - Statement - For ([g = 1, g <= BatchNumber - 1, (g++)]): null

2018-06-10 00:50:32 - [TEST_STEP][PASSED] - selectOptionByIndex: All options with index in [1] are selected on object 'Object Repository/DispensaryToStore/Page_Store/select_--Select--BA1170BA2376B'

2018-06-10 00:50:32 - [MESSAGE][PASSED] - All options with index in [1] are selected on object 'Object Repository/DispensaryToStore/Page_Store/select_--Select--BA1170BA2376B'

2018-06-10 00:50:32 - [TEST_STEP][PASSED] - Statement - Try: null

2018-06-10 00:50:32 - [TEST_STEP][PASSED] - Statement - StockQty = com.kms.katalon.core.webui.keyword.WebUiBuiltInKeywords.getAttribute(com.kms.katalon.core.testobject.ObjectRepository.findTestObject(DispensaryToStore/Page_Store/input_txtprice), "value"): Attribute 'value' of object 'Object Repository/DispensaryToStore/Page_Store/input_txtprice' is: '120'

2018-06-10 00:50:32 - [MESSAGE][PASSED] - Attribute 'value' of object 'Object Repository/DispensaryToStore/Page_Store/input_txtprice' is: '120'

2018-06-10 00:50:32 - [TEST_STEP][PASSED] - Statement - out.println("Stock QTY : " + StockQty): null

2018-06-10 00:50:32 - [TEST_STEP][PASSED] - delay: Delayed 2 second(s)

2018-06-10 00:50:34 - [MESSAGE][PASSED] - Delayed 2 second(s)

2018-06-10 00:50:34 - [TEST_STEP][PASSED] - Statement - If (java.lang.String.valueOf(StockQty) >= java.lang.String.valueOf(RequestedQty)): null

2018-06-10 00:50:34 - [TEST_STEP][PASSED] - setText: Text '10' is set on object 'Object Repository/DispensaryToStore/Page_Store/input_txtqty'

2018-06-10 00:50:34 - [MESSAGE][PASSED] - Text '10' is set on object 'Object Repository/DispensaryToStore/Page_Store/input_txtqty'

2018-06-10 00:50:34 - [TEST_STEP][PASSED] - click: Object: 'Object Repository/DispensaryToStore/Page_Store/button_Add' is clicked on

2018-06-10 00:50:34 - [MESSAGE][PASSED] - Object: 'Object Repository/DispensaryToStore/Page_Store/button_Add' is clicked on

2018-06-10 00:50:34 - [TEST_STEP][PASSED] - Statement - Break: null

2018-06-10 00:50:34 - [TEST_STEP][PASSED] - selectOptionByIndex: All options with index in [36] are selected on object 'Object Repository/DispensaryToStore/Page_Store/select_--Select--Adernaline 0.'

2018-06-10 00:50:35 - [MESSAGE][PASSED] - All options with index in [36] are selected on object 'Object Repository/DispensaryToStore/Page_Store/select_--Select--Adernaline 0.'

2018-06-10 00:50:35 - [TEST_STEP][PASSED] - delay: Delayed 2 second(s)

2018-06-10 00:50:37 - [MESSAGE][PASSED] - Delayed 2 second(s)

2018-06-10 00:50:37 - [TEST_STEP][PASSED] - Statement - RequestedQty = com.kms.katalon.core.webui.keyword.WebUiBuiltInKeywords.getAttribute(com.kms.katalon.core.testobject.ObjectRepository.findTestObject(DispensaryToStore/Page_Store/input_txttotal), "value"): Attribute 'value' of object 'Object Repository/DispensaryToStore/Page_Store/input_txttotal' is: '10'

2018-06-10 00:50:37 - [MESSAGE][PASSED] - Attribute 'value' of object 'Object Repository/DispensaryToStore/Page_Store/input_txttotal' is: '10'

2018-06-10 00:50:37 - [TEST_STEP][PASSED] - Statement - out.println("Requested QTY : " + RequestedQty): null

2018-06-10 00:50:37 - [TEST_STEP][PASSED] - Statement - BatchNumber = com.kms.katalon.core.webui.keyword.WebUiBuiltInKeywords.getNumberOfTotalOption(com.kms.katalon.core.testobject.ObjectRepository.findTestObject(DispensaryToStore/Page_Store/select_--Select--BA1170BA2376B)): 2 options of object 'Object Repository/DispensaryToStore/Page_Store/select_--Select--BA1170BA2376B' counted

2018-06-10 00:50:37 - [MESSAGE][PASSED] - 2 options of object 'Object Repository/DispensaryToStore/Page_Store/select_--Select--BA1170BA2376B' counted

2018-06-10 00:50:37 - [TEST_STEP][PASSED] - Statement - For ([g = 1, g <= BatchNumber - 1, (g++)]): null

2018-06-10 00:50:37 - [TEST_STEP][PASSED] - selectOptionByIndex: All options with index in [1] are selected on object 'Object Repository/DispensaryToStore/Page_Store/select_--Select--BA1170BA2376B'

2018-06-10 00:50:37 - [MESSAGE][PASSED] - All options with index in [1] are selected on object 'Object Repository/DispensaryToStore/Page_Store/select_--Select--BA1170BA2376B'

2018-06-10 00:50:37 - [TEST_STEP][PASSED] - Statement - Try: null

2018-06-10 00:50:37 - [TEST_STEP][PASSED] - Statement - StockQty = com.kms.katalon.core.webui.keyword.WebUiBuiltInKeywords.getAttribute(com.kms.katalon.core.testobject.ObjectRepository.findTestObject(DispensaryToStore/Page_Store/input_txtprice), "value"): Attribute 'value' of object 'Object Repository/DispensaryToStore/Page_Store/input_txtprice' is: '430'

2018-06-10 00:50:37 - [MESSAGE][PASSED] - Attribute 'value' of object 'Object Repository/DispensaryToStore/Page_Store/input_txtprice' is: '430'

2018-06-10 00:50:37 - [TEST_STEP][PASSED] - Statement - out.println("Stock QTY : " + StockQty): null

2018-06-10 00:50:37 - [TEST_STEP][PASSED] - delay: Delayed 2 second(s)

2018-06-10 00:50:39 - [MESSAGE][PASSED] - Delayed 2 second(s)

2018-06-10 00:50:39 - [TEST_STEP][PASSED] - Statement - If (java.lang.String.valueOf(StockQty) >= java.lang.String.valueOf(RequestedQty)): null

2018-06-10 00:50:39 - [TEST_STEP][PASSED] - setText: Text '10' is set on object 'Object Repository/DispensaryToStore/Page_Store/input_txtqty'

2018-06-10 00:50:39 - [MESSAGE][PASSED] - Text '10' is set on object 'Object Repository/DispensaryToStore/Page_Store/input_txtqty'

2018-06-10 00:50:39 - [TEST_STEP][PASSED] - click: Object: 'Object Repository/DispensaryToStore/Page_Store/button_Add' is clicked on

2018-06-10 00:50:39 - [MESSAGE][PASSED] - Object: 'Object Repository/DispensaryToStore/Page_Store/button_Add' is clicked on

2018-06-10 00:50:39 - [TEST_STEP][PASSED] - Statement - Break: null

2018-06-10 00:50:39 - [TEST_STEP][PASSED] - selectOptionByIndex: All options with index in [37] are selected on object 'Object Repository/DispensaryToStore/Page_Store/select_--Select--Adernaline 0.'

2018-06-10 00:50:40 - [MESSAGE][PASSED] - All options with index in [37] are selected on object 'Object Repository/DispensaryToStore/Page_Store/select_--Select--Adernaline 0.'

2018-06-10 00:50:40 - [TEST_STEP][PASSED] - delay: Delayed 2 second(s)

2018-06-10 00:50:42 - [MESSAGE][PASSED] - Delayed 2 second(s)

2018-06-10 00:50:42 - [TEST_STEP][PASSED] - Statement - RequestedQty = com.kms.katalon.core.webui.keyword.WebUiBuiltInKeywords.getAttribute(com.kms.katalon.core.testobject.ObjectRepository.findTestObject(DispensaryToStore/Page_Store/input_txttotal), "value"): Attribute 'value' of object 'Object Repository/DispensaryToStore/Page_Store/input_txttotal' is: '10'

2018-06-10 00:50:42 - [MESSAGE][PASSED] - Attribute 'value' of object 'Object Repository/DispensaryToStore/Page_Store/input_txttotal' is: '10'

2018-06-10 00:50:42 - [TEST_STEP][PASSED] - Statement - out.println("Requested QTY : " + RequestedQty): null

2018-06-10 00:50:42 - [TEST_STEP][PASSED] - Statement - BatchNumber = com.kms.katalon.core.webui.keyword.WebUiBuiltInKeywords.getNumberOfTotalOption(com.kms.katalon.core.testobject.ObjectRepository.findTestObject(DispensaryToStore/Page_Store/select_--Select--BA1170BA2376B)): 3 options of object 'Object Repository/DispensaryToStore/Page_Store/select_--Select--BA1170BA2376B' counted

2018-06-10 00:50:42 - [MESSAGE][PASSED] - 3 options of object 'Object Repository/DispensaryToStore/Page_Store/select_--Select--BA1170BA2376B' counted

2018-06-10 00:50:42 - [TEST_STEP][PASSED] - Statement - For ([g = 1, g <= BatchNumber - 1, (g++)]): null

2018-06-10 00:50:42 - [TEST_STEP][PASSED] - selectOptionByIndex: All options with index in [1] are selected on object 'Object Repository/DispensaryToStore/Page_Store/select_--Select--BA1170BA2376B'

2018-06-10 00:50:42 - [MESSAGE][PASSED] - All options with index in [1] are selected on object 'Object Repository/DispensaryToStore/Page_Store/select_--Select--BA1170BA2376B'

2018-06-10 00:50:42 - [TEST_STEP][PASSED] - Statement - Try: null

2018-06-10 00:50:42 - [TEST_STEP][PASSED] - Statement - StockQty = com.kms.katalon.core.webui.keyword.WebUiBuiltInKeywords.getAttribute(com.kms.katalon.core.testobject.ObjectRepository.findTestObject(DispensaryToStore/Page_Store/input_txtprice), "value"): Attribute 'value' of object 'Object Repository/DispensaryToStore/Page_Store/input_txtprice' is: '120'

2018-06-10 00:50:42 - [MESSAGE][PASSED] - Attribute 'value' of object 'Object Repository/DispensaryToStore/Page_Store/input_txtprice' is: '120'

2018-06-10 00:50:42 - [TEST_STEP][PASSED] - Statement - out.println("Stock QTY : " + StockQty): null

2018-06-10 00:50:42 - [TEST_STEP][PASSED] - delay: Delayed 2 second(s)

2018-06-10 00:50:44 - [MESSAGE][PASSED] - Delayed 2 second(s)

2018-06-10 00:50:44 - [TEST_STEP][PASSED] - Statement - If (java.lang.String.valueOf(StockQty) >= java.lang.String.valueOf(RequestedQty)): null

2018-06-10 00:50:44 - [TEST_STEP][PASSED] - setText: Text '10' is set on object 'Object Repository/DispensaryToStore/Page_Store/input_txtqty'

2018-06-10 00:50:44 - [MESSAGE][PASSED] - Text '10' is set on object 'Object Repository/DispensaryToStore/Page_Store/input_txtqty'

2018-06-10 00:50:44 - [TEST_STEP][PASSED] - click: Object: 'Object Repository/DispensaryToStore/Page_Store/button_Add' is clicked on

2018-06-10 00:50:44 - [MESSAGE][PASSED] - Object: 'Object Repository/DispensaryToStore/Page_Store/button_Add' is clicked on

2018-06-10 00:50:44 - [TEST_STEP][PASSED] - Statement - Break: null

2018-06-10 00:50:44 - [TEST_STEP][PASSED] - selectOptionByIndex: All options with index in [38] are selected on object 'Object Repository/DispensaryToStore/Page_Store/select_--Select--Adernaline 0.'

2018-06-10 00:50:44 - [MESSAGE][PASSED] - All options with index in [38] are selected on object 'Object Repository/DispensaryToStore/Page_Store/select_--Select--Adernaline 0.'

2018-06-10 00:50:44 - [TEST_STEP][PASSED] - delay: Delayed 2 second(s)

2018-06-10 00:50:46 - [MESSAGE][PASSED] - Delayed 2 second(s)

2018-06-10 00:50:46 - [TEST_STEP][PASSED] - Statement - RequestedQty = com.kms.katalon.core.webui.keyword.WebUiBuiltInKeywords.getAttribute(com.kms.katalon.core.testobject.ObjectRepository.findTestObject(DispensaryToStore/Page_Store/input_txttotal), "value"): Attribute 'value' of object 'Object Repository/DispensaryToStore/Page_Store/input_txttotal' is: '10'

2018-06-10 00:50:47 - [MESSAGE][PASSED] - Attribute 'value' of object 'Object Repository/DispensaryToStore/Page_Store/input_txttotal' is: '10'

2018-06-10 00:50:47 - [TEST_STEP][PASSED] - Statement - out.println("Requested QTY : " + RequestedQty): null

2018-06-10 00:50:47 - [TEST_STEP][PASSED] - Statement - BatchNumber = com.kms.katalon.core.webui.keyword.WebUiBuiltInKeywords.getNumberOfTotalOption(com.kms.katalon.core.testobject.ObjectRepository.findTestObject(DispensaryToStore/Page_Store/select_--Select--BA1170BA2376B)): 4 options of object 'Object Repository/DispensaryToStore/Page_Store/select_--Select--BA1170BA2376B' counted

2018-06-10 00:50:47 - [MESSAGE][PASSED] - 4 options of object 'Object Repository/DispensaryToStore/Page_Store/select_--Select--BA1170BA2376B' counted

2018-06-10 00:50:47 - [TEST_STEP][PASSED] - Statement - For ([g = 1, g <= BatchNumber - 1, (g++)]): null

2018-06-10 00:50:47 - [TEST_STEP][PASSED] - selectOptionByIndex: All options with index in [1] are selected on object 'Object Repository/DispensaryToStore/Page_Store/select_--Select--BA1170BA2376B'

2018-06-10 00:50:47 - [MESSAGE][PASSED] - All options with index in [1] are selected on object 'Object Repository/DispensaryToStore/Page_Store/select_--Select--BA1170BA2376B'

2018-06-10 00:50:47 - [TEST_STEP][PASSED] - Statement - Try: null

2018-06-10 00:50:47 - [TEST_STEP][PASSED] - Statement - StockQty = com.kms.katalon.core.webui.keyword.WebUiBuiltInKeywords.getAttribute(com.kms.katalon.core.testobject.ObjectRepository.findTestObject(DispensaryToStore/Page_Store/input_txtprice), "value"): Attribute 'value' of object 'Object Repository/DispensaryToStore/Page_Store/input_txtprice' is: '100'

2018-06-10 00:50:47 - [MESSAGE][PASSED] - Attribute 'value' of object 'Object Repository/DispensaryToStore/Page_Store/input_txtprice' is: '100'

2018-06-10 00:50:47 - [TEST_STEP][PASSED] - Statement - out.println("Stock QTY : " + StockQty): null

2018-06-10 00:50:47 - [TEST_STEP][PASSED] - delay: Delayed 2 second(s)

2018-06-10 00:50:49 - [MESSAGE][PASSED] - Delayed 2 second(s)

2018-06-10 00:50:49 - [TEST_STEP][PASSED] - Statement - If (java.lang.String.valueOf(StockQty) >= java.lang.String.valueOf(RequestedQty)): null

2018-06-10 00:50:49 - [TEST_STEP][PASSED] - setText: Text '10' is set on object 'Object Repository/DispensaryToStore/Page_Store/input_txtqty'

2018-06-10 00:50:49 - [MESSAGE][PASSED] - Text '10' is set on object 'Object Repository/DispensaryToStore/Page_Store/input_txtqty'

2018-06-10 00:50:49 - [TEST_STEP][PASSED] - click: Object: 'Object Repository/DispensaryToStore/Page_Store/button_Add' is clicked on

2018-06-10 00:50:49 - [MESSAGE][PASSED] - Object: 'Object Repository/DispensaryToStore/Page_Store/button_Add' is clicked on

2018-06-10 00:50:49 - [TEST_STEP][PASSED] - Statement - Break: null

2018-06-10 00:50:49 - [TEST_STEP][PASSED] - selectOptionByIndex: All options with index in [39] are selected on object 'Object Repository/DispensaryToStore/Page_Store/select_--Select--Adernaline 0.'

2018-06-10 00:50:49 - [MESSAGE][PASSED] - All options with index in [39] are selected on object 'Object Repository/DispensaryToStore/Page_Store/select_--Select--Adernaline 0.'

2018-06-10 00:50:49 - [TEST_STEP][PASSED] - delay: Delayed 2 second(s)

2018-06-10 00:50:51 - [MESSAGE][PASSED] - Delayed 2 second(s)

2018-06-10 00:50:51 - [TEST_STEP][PASSED] - Statement - RequestedQty = com.kms.katalon.core.webui.keyword.WebUiBuiltInKeywords.getAttribute(com.kms.katalon.core.testobject.ObjectRepository.findTestObject(DispensaryToStore/Page_Store/input_txttotal), "value"): Attribute 'value' of object 'Object Repository/DispensaryToStore/Page_Store/input_txttotal' is: '10'

2018-06-10 00:50:52 - [MESSAGE][PASSED] - Attribute 'value' of object 'Object Repository/DispensaryToStore/Page_Store/input_txttotal' is: '10'

2018-06-10 00:50:52 - [TEST_STEP][PASSED] - Statement - out.println("Requested QTY : " + RequestedQty): null

2018-06-10 00:50:52 - [TEST_STEP][PASSED] - Statement - BatchNumber = com.kms.katalon.core.webui.keyword.WebUiBuiltInKeywords.getNumberOfTotalOption(com.kms.katalon.core.testobject.ObjectRepository.findTestObject(DispensaryToStore/Page_Store/select_--Select--BA1170BA2376B)): 2 options of object 'Object Repository/DispensaryToStore/Page_Store/select_--Select--BA1170BA2376B' counted

2018-06-10 00:50:52 - [MESSAGE][PASSED] - 2 options of object 'Object Repository/DispensaryToStore/Page_Store/select_--Select--BA1170BA2376B' counted

2018-06-10 00:50:52 - [TEST_STEP][PASSED] - Statement - For ([g = 1, g <= BatchNumber - 1, (g++)]): null

2018-06-10 00:50:52 - [TEST_STEP][PASSED] - selectOptionByIndex: All options with index in [1] are selected on object 'Object Repository/DispensaryToStore/Page_Store/select_--Select--BA1170BA2376B'

2018-06-10 00:50:52 - [MESSAGE][PASSED] - All options with index in [1] are selected on object 'Object Repository/DispensaryToStore/Page_Store/select_--Select--BA1170BA2376B'

2018-06-10 00:50:52 - [TEST_STEP][PASSED] - Statement - Try: null

2018-06-10 00:50:52 - [TEST_STEP][PASSED] - Statement - StockQty = com.kms.katalon.core.webui.keyword.WebUiBuiltInKeywords.getAttribute(com.kms.katalon.core.testobject.ObjectRepository.findTestObject(DispensaryToStore/Page_Store/input_txtprice), "value"): Attribute 'value' of object 'Object Repository/DispensaryToStore/Page_Store/input_txtprice' is: '430'

2018-06-10 00:50:52 - [MESSAGE][PASSED] - Attribute 'value' of object 'Object Repository/DispensaryToStore/Page_Store/input_txtprice' is: '430'

2018-06-10 00:50:52 - [TEST_STEP][PASSED] - Statement - out.println("Stock QTY : " + StockQty): null

2018-06-10 00:50:52 - [TEST_STEP][PASSED] - delay: Delayed 2 second(s)

2018-06-10 00:50:54 - [MESSAGE][PASSED] - Delayed 2 second(s)

2018-06-10 00:50:54 - [TEST_STEP][PASSED] - Statement - If (java.lang.String.valueOf(StockQty) >= java.lang.String.valueOf(RequestedQty)): null

2018-06-10 00:50:54 - [TEST_STEP][PASSED] - setText: Text '10' is set on object 'Object Repository/DispensaryToStore/Page_Store/input_txtqty'

2018-06-10 00:50:54 - [MESSAGE][PASSED] - Text '10' is set on object 'Object Repository/DispensaryToStore/Page_Store/input_txtqty'

2018-06-10 00:50:54 - [TEST_STEP][PASSED] - click: Object: 'Object Repository/DispensaryToStore/Page_Store/button_Add' is clicked on

2018-06-10 00:50:54 - [MESSAGE][PASSED] - Object: 'Object Repository/DispensaryToStore/Page_Store/button_Add' is clicked on

2018-06-10 00:50:54 - [TEST_STEP][PASSED] - Statement - Break: null

2018-06-10 00:50:54 - [TEST_STEP][PASSED] - selectOptionByIndex: All options with index in [40] are selected on object 'Object Repository/DispensaryToStore/Page_Store/select_--Select--Adernaline 0.'

2018-06-10 00:50:54 - [MESSAGE][PASSED] - All options with index in [40] are selected on object 'Object Repository/DispensaryToStore/Page_Store/select_--Select--Adernaline 0.'

2018-06-10 00:50:54 - [TEST_STEP][PASSED] - delay: Delayed 2 second(s)

2018-06-10 00:50:56 - [MESSAGE][PASSED] - Delayed 2 second(s)

2018-06-10 00:50:56 - [TEST_STEP][PASSED] - Statement - RequestedQty = com.kms.katalon.core.webui.keyword.WebUiBuiltInKeywords.getAttribute(com.kms.katalon.core.testobject.ObjectRepository.findTestObject(DispensaryToStore/Page_Store/input_txttotal), "value"): Attribute 'value' of object 'Object Repository/DispensaryToStore/Page_Store/input_txttotal' is: '10'

2018-06-10 00:50:56 - [MESSAGE][PASSED] - Attribute 'value' of object 'Object Repository/DispensaryToStore/Page_Store/input_txttotal' is: '10'

2018-06-10 00:50:56 - [TEST_STEP][PASSED] - Statement - out.println("Requested QTY : " + RequestedQty): null

2018-06-10 00:50:56 - [TEST_STEP][PASSED] - Statement - BatchNumber = com.kms.katalon.core.webui.keyword.WebUiBuiltInKeywords.getNumberOfTotalOption(com.kms.katalon.core.testobject.ObjectRepository.findTestObject(DispensaryToStore/Page_Store/select_--Select--BA1170BA2376B)): 3 options of object 'Object Repository/DispensaryToStore/Page_Store/select_--Select--BA1170BA2376B' counted

2018-06-10 00:50:56 - [MESSAGE][PASSED] - 3 options of object 'Object Repository/DispensaryToStore/Page_Store/select_--Select--BA1170BA2376B' counted

2018-06-10 00:50:56 - [TEST_STEP][PASSED] - Statement - For ([g = 1, g <= BatchNumber - 1, (g++)]): null

2018-06-10 00:50:56 - [TEST_STEP][PASSED] - selectOptionByIndex: All options with index in [1] are selected on object 'Object Repository/DispensaryToStore/Page_Store/select_--Select--BA1170BA2376B'

2018-06-10 00:50:57 - [MESSAGE][PASSED] - All options with index in [1] are selected on object 'Object Repository/DispensaryToStore/Page_Store/select_--Select--BA1170BA2376B'

2018-06-10 00:50:57 - [TEST_STEP][PASSED] - Statement - Try: null

2018-06-10 00:50:57 - [TEST_STEP][PASSED] - Statement - StockQty = com.kms.katalon.core.webui.keyword.WebUiBuiltInKeywords.getAttribute(com.kms.katalon.core.testobject.ObjectRepository.findTestObject(DispensaryToStore/Page_Store/input_txtprice), "value"): Attribute 'value' of object 'Object Repository/DispensaryToStore/Page_Store/input_txtprice' is: '120'

2018-06-10 00:50:57 - [MESSAGE][PASSED] - Attribute 'value' of object 'Object Repository/DispensaryToStore/Page_Store/input_txtprice' is: '120'

2018-06-10 00:50:57 - [TEST_STEP][PASSED] - Statement - out.println("Stock QTY : " + StockQty): null

2018-06-10 00:50:57 - [TEST_STEP][PASSED] - delay: Delayed 2 second(s)

2018-06-10 00:50:59 - [MESSAGE][PASSED] - Delayed 2 second(s)

2018-06-10 00:50:59 - [TEST_STEP][PASSED] - Statement - If (java.lang.String.valueOf(StockQty) >= java.lang.String.valueOf(RequestedQty)): null

2018-06-10 00:50:59 - [TEST_STEP][PASSED] - setText: Text '10' is set on object 'Object Repository/DispensaryToStore/Page_Store/input_txtqty'

2018-06-10 00:50:59 - [MESSAGE][PASSED] - Text '10' is set on object 'Object Repository/DispensaryToStore/Page_Store/input_txtqty'

2018-06-10 00:50:59 - [TEST_STEP][PASSED] - click: Object: 'Object Repository/DispensaryToStore/Page_Store/button_Add' is clicked on

2018-06-10 00:50:59 - [MESSAGE][PASSED] - Object: 'Object Repository/DispensaryToStore/Page_Store/button_Add' is clicked on

2018-06-10 00:50:59 - [TEST_STEP][PASSED] - Statement - Break: null

2018-06-10 00:50:59 - [TEST_STEP][PASSED] - selectOptionByIndex: All options with index in [41] are selected on object 'Object Repository/DispensaryToStore/Page_Store/select_--Select--Adernaline 0.'

2018-06-10 00:50:59 - [MESSAGE][PASSED] - All options with index in [41] are selected on object 'Object Repository/DispensaryToStore/Page_Store/select_--Select--Adernaline 0.'

2018-06-10 00:50:59 - [TEST_STEP][PASSED] - delay: Delayed 2 second(s)

2018-06-10 00:51:01 - [MESSAGE][PASSED] - Delayed 2 second(s)

2018-06-10 00:51:01 - [TEST_STEP][PASSED] - Statement - RequestedQty = com.kms.katalon.core.webui.keyword.WebUiBuiltInKeywords.getAttribute(com.kms.katalon.core.testobject.ObjectRepository.findTestObject(DispensaryToStore/Page_Store/input_txttotal), "value"): Attribute 'value' of object 'Object Repository/DispensaryToStore/Page_Store/input_txttotal' is: '10'

2018-06-10 00:51:01 - [MESSAGE][PASSED] - Attribute 'value' of object 'Object Repository/DispensaryToStore/Page_Store/input_txttotal' is: '10'

2018-06-10 00:51:01 - [TEST_STEP][PASSED] - Statement - out.println("Requested QTY : " + RequestedQty): null

2018-06-10 00:51:01 - [TEST_STEP][PASSED] - Statement - BatchNumber = com.kms.katalon.core.webui.keyword.WebUiBuiltInKeywords.getNumberOfTotalOption(com.kms.katalon.core.testobject.ObjectRepository.findTestObject(DispensaryToStore/Page_Store/select_--Select--BA1170BA2376B)): 3 options of object 'Object Repository/DispensaryToStore/Page_Store/select_--Select--BA1170BA2376B' counted

2018-06-10 00:51:01 - [MESSAGE][PASSED] - 3 options of object 'Object Repository/DispensaryToStore/Page_Store/select_--Select--BA1170BA2376B' counted

2018-06-10 00:51:01 - [TEST_STEP][PASSED] - Statement - For ([g = 1, g <= BatchNumber - 1, (g++)]): null

2018-06-10 00:51:01 - [TEST_STEP][PASSED] - selectOptionByIndex: All options with index in [1] are selected on object 'Object Repository/DispensaryToStore/Page_Store/select_--Select--BA1170BA2376B'

2018-06-10 00:51:01 - [MESSAGE][PASSED] - All options with index in [1] are selected on object 'Object Repository/DispensaryToStore/Page_Store/select_--Select--BA1170BA2376B'

2018-06-10 00:51:01 - [TEST_STEP][PASSED] - Statement - Try: null

2018-06-10 00:51:01 - [TEST_STEP][PASSED] - Statement - StockQty = com.kms.katalon.core.webui.keyword.WebUiBuiltInKeywords.getAttribute(com.kms.katalon.core.testobject.ObjectRepository.findTestObject(DispensaryToStore/Page_Store/input_txtprice), "value"): Attribute 'value' of object 'Object Repository/DispensaryToStore/Page_Store/input_txtprice' is: '120'

2018-06-10 00:51:02 - [MESSAGE][PASSED] - Attribute 'value' of object 'Object Repository/DispensaryToStore/Page_Store/input_txtprice' is: '120'

2018-06-10 00:51:02 - [TEST_STEP][PASSED] - Statement - out.println("Stock QTY : " + StockQty): null

2018-06-10 00:51:02 - [TEST_STEP][PASSED] - delay: Delayed 2 second(s)

2018-06-10 00:51:04 - [MESSAGE][PASSED] - Delayed 2 second(s)

2018-06-10 00:51:04 - [TEST_STEP][PASSED] - Statement - If (java.lang.String.valueOf(StockQty) >= java.lang.String.valueOf(RequestedQty)): null

2018-06-10 00:51:04 - [TEST_STEP][PASSED] - setText: Text '10' is set on object 'Object Repository/DispensaryToStore/Page_Store/input_txtqty'

2018-06-10 00:51:04 - [MESSAGE][PASSED] - Text '10' is set on object 'Object Repository/DispensaryToStore/Page_Store/input_txtqty'

2018-06-10 00:51:04 - [TEST_STEP][PASSED] - click: Object: 'Object Repository/DispensaryToStore/Page_Store/button_Add' is clicked on

2018-06-10 00:51:04 - [MESSAGE][PASSED] - Object: 'Object Repository/DispensaryToStore/Page_Store/button_Add' is clicked on

2018-06-10 00:51:04 - [TEST_STEP][PASSED] - Statement - Break: null

2018-06-10 00:51:04 - [TEST_STEP][PASSED] - selectOptionByIndex: All options with index in [42] are selected on object 'Object Repository/DispensaryToStore/Page_Store/select_--Select--Adernaline 0.'

2018-06-10 00:51:04 - [MESSAGE][PASSED] - All options with index in [42] are selected on object 'Object Repository/DispensaryToStore/Page_Store/select_--Select--Adernaline 0.'

2018-06-10 00:51:04 - [TEST_STEP][PASSED] - delay: Delayed 2 second(s)

2018-06-10 00:51:06 - [MESSAGE][PASSED] - Delayed 2 second(s)

2018-06-10 00:51:06 - [TEST_STEP][PASSED] - Statement - RequestedQty = com.kms.katalon.core.webui.keyword.WebUiBuiltInKeywords.getAttribute(com.kms.katalon.core.testobject.ObjectRepository.findTestObject(DispensaryToStore/Page_Store/input_txttotal), "value"): Attribute 'value' of object 'Object Repository/DispensaryToStore/Page_Store/input_txttotal' is: '10'

2018-06-10 00:51:06 - [MESSAGE][PASSED] - Attribute 'value' of object 'Object Repository/DispensaryToStore/Page_Store/input_txttotal' is: '10'

2018-06-10 00:51:06 - [TEST_STEP][PASSED] - Statement - out.println("Requested QTY : " + RequestedQty): null

2018-06-10 00:51:06 - [TEST_STEP][PASSED] - Statement - BatchNumber = com.kms.katalon.core.webui.keyword.WebUiBuiltInKeywords.getNumberOfTotalOption(com.kms.katalon.core.testobject.ObjectRepository.findTestObject(DispensaryToStore/Page_Store/select_--Select--BA1170BA2376B)): 3 options of object 'Object Repository/DispensaryToStore/Page_Store/select_--Select--BA1170BA2376B' counted

2018-06-10 00:51:06 - [MESSAGE][PASSED] - 3 options of object 'Object Repository/DispensaryToStore/Page_Store/select_--Select--BA1170BA2376B' counted

2018-06-10 00:51:06 - [TEST_STEP][PASSED] - Statement - For ([g = 1, g <= BatchNumber - 1, (g++)]): null

2018-06-10 00:51:06 - [TEST_STEP][PASSED] - selectOptionByIndex: All options with index in [1] are selected on object 'Object Repository/DispensaryToStore/Page_Store/select_--Select--BA1170BA2376B'

2018-06-10 00:51:06 - [MESSAGE][PASSED] - All options with index in [1] are selected on object 'Object Repository/DispensaryToStore/Page_Store/select_--Select--BA1170BA2376B'

2018-06-10 00:51:06 - [TEST_STEP][PASSED] - Statement - Try: null

2018-06-10 00:51:06 - [TEST_STEP][PASSED] - Statement - StockQty = com.kms.katalon.core.webui.keyword.WebUiBuiltInKeywords.getAttribute(com.kms.katalon.core.testobject.ObjectRepository.findTestObject(DispensaryToStore/Page_Store/input_txtprice), "value"): Attribute 'value' of object 'Object Repository/DispensaryToStore/Page_Store/input_txtprice' is: '260'

2018-06-10 00:51:06 - [MESSAGE][PASSED] - Attribute 'value' of object 'Object Repository/DispensaryToStore/Page_Store/input_txtprice' is: '260'

2018-06-10 00:51:06 - [TEST_STEP][PASSED] - Statement - out.println("Stock QTY : " + StockQty): null

2018-06-10 00:51:06 - [TEST_STEP][PASSED] - delay: Delayed 2 second(s)

2018-06-10 00:51:08 - [MESSAGE][PASSED] - Delayed 2 second(s)

2018-06-10 00:51:08 - [TEST_STEP][PASSED] - Statement - If (java.lang.String.valueOf(StockQty) >= java.lang.String.valueOf(RequestedQty)): null

2018-06-10 00:51:08 - [TEST_STEP][PASSED] - setText: Text '10' is set on object 'Object Repository/DispensaryToStore/Page_Store/input_txtqty'

2018-06-10 00:51:08 - [MESSAGE][PASSED] - Text '10' is set on object 'Object Repository/DispensaryToStore/Page_Store/input_txtqty'

2018-06-10 00:51:08 - [TEST_STEP][PASSED] - click: Object: 'Object Repository/DispensaryToStore/Page_Store/button_Add' is clicked on

2018-06-10 00:51:09 - [MESSAGE][PASSED] - Object: 'Object Repository/DispensaryToStore/Page_Store/button_Add' is clicked on

2018-06-10 00:51:09 - [TEST_STEP][PASSED] - Statement - Break: null

2018-06-10 00:51:09 - [TEST_STEP][PASSED] - selectOptionByIndex: All options with index in [43] are selected on object 'Object Repository/DispensaryToStore/Page_Store/select_--Select--Adernaline 0.'

2018-06-10 00:51:09 - [MESSAGE][PASSED] - All options with index in [43] are selected on object 'Object Repository/DispensaryToStore/Page_Store/select_--Select--Adernaline 0.'

2018-06-10 00:51:09 - [TEST_STEP][PASSED] - delay: Delayed 2 second(s)

2018-06-10 00:51:11 - [MESSAGE][PASSED] - Delayed 2 second(s)

2018-06-10 00:51:11 - [TEST_STEP][PASSED] - Statement - RequestedQty = com.kms.katalon.core.webui.keyword.WebUiBuiltInKeywords.getAttribute(com.kms.katalon.core.testobject.ObjectRepository.findTestObject(DispensaryToStore/Page_Store/input_txttotal), "value"): Attribute 'value' of object 'Object Repository/DispensaryToStore/Page_Store/input_txttotal' is: '10'

2018-06-10 00:51:11 - [MESSAGE][PASSED] - Attribute 'value' of object 'Object Repository/DispensaryToStore/Page_Store/input_txttotal' is: '10'

2018-06-10 00:51:11 - [TEST_STEP][PASSED] - Statement - out.println("Requested QTY : " + RequestedQty): null

2018-06-10 00:51:11 - [TEST_STEP][PASSED] - Statement - BatchNumber = com.kms.katalon.core.webui.keyword.WebUiBuiltInKeywords.getNumberOfTotalOption(com.kms.katalon.core.testobject.ObjectRepository.findTestObject(DispensaryToStore/Page_Store/select_--Select--BA1170BA2376B)): 3 options of object 'Object Repository/DispensaryToStore/Page_Store/select_--Select--BA1170BA2376B' counted

2018-06-10 00:51:11 - [MESSAGE][PASSED] - 3 options of object 'Object Repository/DispensaryToStore/Page_Store/select_--Select--BA1170BA2376B' counted

2018-06-10 00:51:11 - [TEST_STEP][PASSED] - Statement - For ([g = 1, g <= BatchNumber - 1, (g++)]): null

2018-06-10 00:51:11 - [TEST_STEP][PASSED] - selectOptionByIndex: All options with index in [1] are selected on object 'Object Repository/DispensaryToStore/Page_Store/select_--Select--BA1170BA2376B'

2018-06-10 00:51:11 - [MESSAGE][PASSED] - All options with index in [1] are selected on object 'Object Repository/DispensaryToStore/Page_Store/select_--Select--BA1170BA2376B'

2018-06-10 00:51:11 - [TEST_STEP][PASSED] - Statement - Try: null

2018-06-10 00:51:11 - [TEST_STEP][PASSED] - Statement - StockQty = com.kms.katalon.core.webui.keyword.WebUiBuiltInKeywords.getAttribute(com.kms.katalon.core.testobject.ObjectRepository.findTestObject(DispensaryToStore/Page_Store/input_txtprice), "value"): Attribute 'value' of object 'Object Repository/DispensaryToStore/Page_Store/input_txtprice' is: '120'

2018-06-10 00:51:11 - [MESSAGE][PASSED] - Attribute 'value' of object 'Object Repository/DispensaryToStore/Page_Store/input_txtprice' is: '120'

2018-06-10 00:51:11 - [TEST_STEP][PASSED] - Statement - out.println("Stock QTY : " + StockQty): null

2018-06-10 00:51:11 - [TEST_STEP][PASSED] - delay: Delayed 2 second(s)

2018-06-10 00:51:13 - [MESSAGE][PASSED] - Delayed 2 second(s)

2018-06-10 00:51:13 - [TEST_STEP][PASSED] - Statement - If (java.lang.String.valueOf(StockQty) >= java.lang.String.valueOf(RequestedQty)): null

2018-06-10 00:51:13 - [TEST_STEP][PASSED] - setText: Text '10' is set on object 'Object Repository/DispensaryToStore/Page_Store/input_txtqty'

2018-06-10 00:51:13 - [MESSAGE][PASSED] - Text '10' is set on object 'Object Repository/DispensaryToStore/Page_Store/input_txtqty'

2018-06-10 00:51:13 - [TEST_STEP][PASSED] - click: Object: 'Object Repository/DispensaryToStore/Page_Store/button_Add' is clicked on

2018-06-10 00:51:13 - [MESSAGE][PASSED] - Object: 'Object Repository/DispensaryToStore/Page_Store/button_Add' is clicked on

2018-06-10 00:51:13 - [TEST_STEP][PASSED] - Statement - Break: null

2018-06-10 00:51:13 - [TEST_STEP][PASSED] - selectOptionByIndex: All options with index in [44] are selected on object 'Object Repository/DispensaryToStore/Page_Store/select_--Select--Adernaline 0.'

2018-06-10 00:51:14 - [MESSAGE][PASSED] - All options with index in [44] are selected on object 'Object Repository/DispensaryToStore/Page_Store/select_--Select--Adernaline 0.'

2018-06-10 00:51:14 - [TEST_STEP][PASSED] - delay: Delayed 2 second(s)

2018-06-10 00:51:16 - [MESSAGE][PASSED] - Delayed 2 second(s)

2018-06-10 00:51:16 - [TEST_STEP][PASSED] - Statement - RequestedQty = com.kms.katalon.core.webui.keyword.WebUiBuiltInKeywords.getAttribute(com.kms.katalon.core.testobject.ObjectRepository.findTestObject(DispensaryToStore/Page_Store/input_txttotal), "value"): Attribute 'value' of object 'Object Repository/DispensaryToStore/Page_Store/input_txttotal' is: '10'

2018-06-10 00:51:16 - [MESSAGE][PASSED] - Attribute 'value' of object 'Object Repository/DispensaryToStore/Page_Store/input_txttotal' is: '10'

2018-06-10 00:51:16 - [TEST_STEP][PASSED] - Statement - out.println("Requested QTY : " + RequestedQty): null

2018-06-10 00:51:16 - [TEST_STEP][PASSED] - Statement - BatchNumber = com.kms.katalon.core.webui.keyword.WebUiBuiltInKeywords.getNumberOfTotalOption(com.kms.katalon.core.testobject.ObjectRepository.findTestObject(DispensaryToStore/Page_Store/select_--Select--BA1170BA2376B)): 2 options of object 'Object Repository/DispensaryToStore/Page_Store/select_--Select--BA1170BA2376B' counted

2018-06-10 00:51:16 - [MESSAGE][PASSED] - 2 options of object 'Object Repository/DispensaryToStore/Page_Store/select_--Select--BA1170BA2376B' counted

2018-06-10 00:51:16 - [TEST_STEP][PASSED] - Statement - For ([g = 1, g <= BatchNumber - 1, (g++)]): null

2018-06-10 00:51:16 - [TEST_STEP][PASSED] - selectOptionByIndex: All options with index in [1] are selected on object 'Object Repository/DispensaryToStore/Page_Store/select_--Select--BA1170BA2376B'

2018-06-10 00:51:16 - [MESSAGE][PASSED] - All options with index in [1] are selected on object 'Object Repository/DispensaryToStore/Page_Store/select_--Select--BA1170BA2376B'

2018-06-10 00:51:16 - [TEST_STEP][PASSED] - Statement - Try: null

2018-06-10 00:51:16 - [TEST_STEP][PASSED] - Statement - StockQty = com.kms.katalon.core.webui.keyword.WebUiBuiltInKeywords.getAttribute(com.kms.katalon.core.testobject.ObjectRepository.findTestObject(DispensaryToStore/Page_Store/input_txtprice), "value"): Attribute 'value' of object 'Object Repository/DispensaryToStore/Page_Store/input_txtprice' is: '420'

2018-06-10 00:51:16 - [MESSAGE][PASSED] - Attribute 'value' of object 'Object Repository/DispensaryToStore/Page_Store/input_txtprice' is: '420'

2018-06-10 00:51:16 - [TEST_STEP][PASSED] - Statement - out.println("Stock QTY : " + StockQty): null

2018-06-10 00:51:16 - [TEST_STEP][PASSED] - delay: Delayed 2 second(s)

2018-06-10 00:51:18 - [MESSAGE][PASSED] - Delayed 2 second(s)

2018-06-10 00:51:18 - [TEST_STEP][PASSED] - Statement - If (java.lang.String.valueOf(StockQty) >= java.lang.String.valueOf(RequestedQty)): null

2018-06-10 00:51:18 - [TEST_STEP][PASSED] - setText: Text '10' is set on object 'Object Repository/DispensaryToStore/Page_Store/input_txtqty'

2018-06-10 00:51:18 - [MESSAGE][PASSED] - Text '10' is set on object 'Object Repository/DispensaryToStore/Page_Store/input_txtqty'

2018-06-10 00:51:18 - [TEST_STEP][PASSED] - click: Object: 'Object Repository/DispensaryToStore/Page_Store/button_Add' is clicked on

2018-06-10 00:51:18 - [MESSAGE][PASSED] - Object: 'Object Repository/DispensaryToStore/Page_Store/button_Add' is clicked on

2018-06-10 00:51:18 - [TEST_STEP][PASSED] - Statement - Break: null

2018-06-10 00:51:18 - [TEST_STEP][PASSED] - selectOptionByIndex: All options with index in [45] are selected on object 'Object Repository/DispensaryToStore/Page_Store/select_--Select--Adernaline 0.'

2018-06-10 00:51:19 - [MESSAGE][PASSED] - All options with index in [45] are selected on object 'Object Repository/DispensaryToStore/Page_Store/select_--Select--Adernaline 0.'

2018-06-10 00:51:19 - [TEST_STEP][PASSED] - delay: Delayed 2 second(s)

2018-06-10 00:51:21 - [MESSAGE][PASSED] - Delayed 2 second(s)

2018-06-10 00:51:21 - [TEST_STEP][PASSED] - Statement - RequestedQty = com.kms.katalon.core.webui.keyword.WebUiBuiltInKeywords.getAttribute(com.kms.katalon.core.testobject.ObjectRepository.findTestObject(DispensaryToStore/Page_Store/input_txttotal), "value"): Attribute 'value' of object 'Object Repository/DispensaryToStore/Page_Store/input_txttotal' is: '10'

2018-06-10 00:51:21 - [MESSAGE][PASSED] - Attribute 'value' of object 'Object Repository/DispensaryToStore/Page_Store/input_txttotal' is: '10'

2018-06-10 00:51:21 - [TEST_STEP][PASSED] - Statement - out.println("Requested QTY : " + RequestedQty): null

2018-06-10 00:51:21 - [TEST_STEP][PASSED] - Statement - BatchNumber = com.kms.katalon.core.webui.keyword.WebUiBuiltInKeywords.getNumberOfTotalOption(com.kms.katalon.core.testobject.ObjectRepository.findTestObject(DispensaryToStore/Page_Store/select_--Select--BA1170BA2376B)): 3 options of object 'Object Repository/DispensaryToStore/Page_Store/select_--Select--BA1170BA2376B' counted

2018-06-10 00:51:21 - [MESSAGE][PASSED] - 3 options of object 'Object Repository/DispensaryToStore/Page_Store/select_--Select--BA1170BA2376B' counted

2018-06-10 00:51:21 - [TEST_STEP][PASSED] - Statement - For ([g = 1, g <= BatchNumber - 1, (g++)]): null

2018-06-10 00:51:21 - [TEST_STEP][PASSED] - selectOptionByIndex: All options with index in [1] are selected on object 'Object Repository/DispensaryToStore/Page_Store/select_--Select--BA1170BA2376B'

2018-06-10 00:51:21 - [MESSAGE][PASSED] - All options with index in [1] are selected on object 'Object Repository/DispensaryToStore/Page_Store/select_--Select--BA1170BA2376B'

2018-06-10 00:51:21 - [TEST_STEP][PASSED] - Statement - Try: null

2018-06-10 00:51:21 - [TEST_STEP][PASSED] - Statement - StockQty = com.kms.katalon.core.webui.keyword.WebUiBuiltInKeywords.getAttribute(com.kms.katalon.core.testobject.ObjectRepository.findTestObject(DispensaryToStore/Page_Store/input_txtprice), "value"): Attribute 'value' of object 'Object Repository/DispensaryToStore/Page_Store/input_txtprice' is: '260'

2018-06-10 00:51:21 - [MESSAGE][PASSED] - Attribute 'value' of object 'Object Repository/DispensaryToStore/Page_Store/input_txtprice' is: '260'

2018-06-10 00:51:21 - [TEST_STEP][PASSED] - Statement - out.println("Stock QTY : " + StockQty): null

2018-06-10 00:51:21 - [TEST_STEP][PASSED] - delay: Delayed 2 second(s)

2018-06-10 00:51:23 - [MESSAGE][PASSED] - Delayed 2 second(s)

2018-06-10 00:51:23 - [TEST_STEP][PASSED] - Statement - If (java.lang.String.valueOf(StockQty) >= java.lang.String.valueOf(RequestedQty)): null

2018-06-10 00:51:23 - [TEST_STEP][PASSED] - setText: Text '10' is set on object 'Object Repository/DispensaryToStore/Page_Store/input_txtqty'

2018-06-10 00:51:23 - [MESSAGE][PASSED] - Text '10' is set on object 'Object Repository/DispensaryToStore/Page_Store/input_txtqty'

2018-06-10 00:51:23 - [TEST_STEP][PASSED] - click: Object: 'Object Repository/DispensaryToStore/Page_Store/button_Add' is clicked on

2018-06-10 00:51:23 - [MESSAGE][PASSED] - Object: 'Object Repository/DispensaryToStore/Page_Store/button_Add' is clicked on

2018-06-10 00:51:23 - [TEST_STEP][PASSED] - Statement - Break: null

2018-06-10 00:51:23 - [TEST_STEP][PASSED] - selectOptionByIndex: All options with index in [46] are selected on object 'Object Repository/DispensaryToStore/Page_Store/select_--Select--Adernaline 0.'

2018-06-10 00:51:24 - [MESSAGE][PASSED] - All options with index in [46] are selected on object 'Object Repository/DispensaryToStore/Page_Store/select_--Select--Adernaline 0.'

2018-06-10 00:51:24 - [TEST_STEP][PASSED] - delay: Delayed 2 second(s)

2018-06-10 00:51:26 - [MESSAGE][PASSED] - Delayed 2 second(s)

2018-06-10 00:51:26 - [TEST_STEP][PASSED] - Statement - RequestedQty = com.kms.katalon.core.webui.keyword.WebUiBuiltInKeywords.getAttribute(com.kms.katalon.core.testobject.ObjectRepository.findTestObject(DispensaryToStore/Page_Store/input_txttotal), "value"): Attribute 'value' of object 'Object Repository/DispensaryToStore/Page_Store/input_txttotal' is: '10'

2018-06-10 00:51:26 - [MESSAGE][PASSED] - Attribute 'value' of object 'Object Repository/DispensaryToStore/Page_Store/input_txttotal' is: '10'

2018-06-10 00:51:26 - [TEST_STEP][PASSED] - Statement - out.println("Requested QTY : " + RequestedQty): null

2018-06-10 00:51:26 - [TEST_STEP][PASSED] - Statement - BatchNumber = com.kms.katalon.core.webui.keyword.WebUiBuiltInKeywords.getNumberOfTotalOption(com.kms.katalon.core.testobject.ObjectRepository.findTestObject(DispensaryToStore/Page_Store/select_--Select--BA1170BA2376B)): 3 options of object 'Object Repository/DispensaryToStore/Page_Store/select_--Select--BA1170BA2376B' counted

2018-06-10 00:51:26 - [MESSAGE][PASSED] - 3 options of object 'Object Repository/DispensaryToStore/Page_Store/select_--Select--BA1170BA2376B' counted

2018-06-10 00:51:26 - [TEST_STEP][PASSED] - Statement - For ([g = 1, g <= BatchNumber - 1, (g++)]): null

2018-06-10 00:51:26 - [TEST_STEP][PASSED] - selectOptionByIndex: All options with index in [1] are selected on object 'Object Repository/DispensaryToStore/Page_Store/select_--Select--BA1170BA2376B'

2018-06-10 00:51:26 - [MESSAGE][PASSED] - All options with index in [1] are selected on object 'Object Repository/DispensaryToStore/Page_Store/select_--Select--BA1170BA2376B'

2018-06-10 00:51:26 - [TEST_STEP][PASSED] - Statement - Try: null

2018-06-10 00:51:26 - [TEST_STEP][PASSED] - Statement - StockQty = com.kms.katalon.core.webui.keyword.WebUiBuiltInKeywords.getAttribute(com.kms.katalon.core.testobject.ObjectRepository.findTestObject(DispensaryToStore/Page_Store/input_txtprice), "value"): Attribute 'value' of object 'Object Repository/DispensaryToStore/Page_Store/input_txtprice' is: '260'

2018-06-10 00:51:26 - [MESSAGE][PASSED] - Attribute 'value' of object 'Object Repository/DispensaryToStore/Page_Store/input_txtprice' is: '260'

2018-06-10 00:51:26 - [TEST_STEP][PASSED] - Statement - out.println("Stock QTY : " + StockQty): null

2018-06-10 00:51:26 - [TEST_STEP][PASSED] - delay: Delayed 2 second(s)

2018-06-10 00:51:28 - [MESSAGE][PASSED] - Delayed 2 second(s)

2018-06-10 00:51:28 - [TEST_STEP][PASSED] - Statement - If (java.lang.String.valueOf(StockQty) >= java.lang.String.valueOf(RequestedQty)): null

2018-06-10 00:51:28 - [TEST_STEP][PASSED] - setText: Text '10' is set on object 'Object Repository/DispensaryToStore/Page_Store/input_txtqty'

2018-06-10 00:51:28 - [MESSAGE][PASSED] - Text '10' is set on object 'Object Repository/DispensaryToStore/Page_Store/input_txtqty'

2018-06-10 00:51:28 - [TEST_STEP][PASSED] - click: Object: 'Object Repository/DispensaryToStore/Page_Store/button_Add' is clicked on

2018-06-10 00:51:28 - [MESSAGE][PASSED] - Object: 'Object Repository/DispensaryToStore/Page_Store/button_Add' is clicked on

2018-06-10 00:51:28 - [TEST_STEP][PASSED] - Statement - Break: null

2018-06-10 00:51:28 - [TEST_STEP][PASSED] - selectOptionByIndex: All options with index in [47] are selected on object 'Object Repository/DispensaryToStore/Page_Store/select_--Select--Adernaline 0.'

2018-06-10 00:51:29 - [MESSAGE][PASSED] - All options with index in [47] are selected on object 'Object Repository/DispensaryToStore/Page_Store/select_--Select--Adernaline 0.'

2018-06-10 00:51:29 - [TEST_STEP][PASSED] - delay: Delayed 2 second(s)

2018-06-10 00:51:31 - [MESSAGE][PASSED] - Delayed 2 second(s)

2018-06-10 00:51:31 - [TEST_STEP][PASSED] - Statement - RequestedQty = com.kms.katalon.core.webui.keyword.WebUiBuiltInKeywords.getAttribute(com.kms.katalon.core.testobject.ObjectRepository.findTestObject(DispensaryToStore/Page_Store/input_txttotal), "value"): Attribute 'value' of object 'Object Repository/DispensaryToStore/Page_Store/input_txttotal' is: '10'

2018-06-10 00:51:31 - [MESSAGE][PASSED] - Attribute 'value' of object 'Object Repository/DispensaryToStore/Page_Store/input_txttotal' is: '10'

2018-06-10 00:51:31 - [TEST_STEP][PASSED] - Statement - out.println("Requested QTY : " + RequestedQty): null

2018-06-10 00:51:31 - [TEST_STEP][PASSED] - Statement - BatchNumber = com.kms.katalon.core.webui.keyword.WebUiBuiltInKeywords.getNumberOfTotalOption(com.kms.katalon.core.testobject.ObjectRepository.findTestObject(DispensaryToStore/Page_Store/select_--Select--BA1170BA2376B)): 3 options of object 'Object Repository/DispensaryToStore/Page_Store/select_--Select--BA1170BA2376B' counted

2018-06-10 00:51:31 - [MESSAGE][PASSED] - 3 options of object 'Object Repository/DispensaryToStore/Page_Store/select_--Select--BA1170BA2376B' counted

2018-06-10 00:51:31 - [TEST_STEP][PASSED] - Statement - For ([g = 1, g <= BatchNumber - 1, (g++)]): null

2018-06-10 00:51:31 - [TEST_STEP][PASSED] - selectOptionByIndex: All options with index in [1] are selected on object 'Object Repository/DispensaryToStore/Page_Store/select_--Select--BA1170BA2376B'

2018-06-10 00:51:31 - [MESSAGE][PASSED] - All options with index in [1] are selected on object 'Object Repository/DispensaryToStore/Page_Store/select_--Select--BA1170BA2376B'

2018-06-10 00:51:31 - [TEST_STEP][PASSED] - Statement - Try: null

2018-06-10 00:51:31 - [TEST_STEP][PASSED] - Statement - StockQty = com.kms.katalon.core.webui.keyword.WebUiBuiltInKeywords.getAttribute(com.kms.katalon.core.testobject.ObjectRepository.findTestObject(DispensaryToStore/Page_Store/input_txtprice), "value"): Attribute 'value' of object 'Object Repository/DispensaryToStore/Page_Store/input_txtprice' is: '320'

2018-06-10 00:51:31 - [MESSAGE][PASSED] - Attribute 'value' of object 'Object Repository/DispensaryToStore/Page_Store/input_txtprice' is: '320'

2018-06-10 00:51:31 - [TEST_STEP][PASSED] - Statement - out.println("Stock QTY : " + StockQty): null

2018-06-10 00:51:31 - [TEST_STEP][PASSED] - delay: Delayed 2 second(s)

2018-06-10 00:51:33 - [MESSAGE][PASSED] - Delayed 2 second(s)

2018-06-10 00:51:33 - [TEST_STEP][PASSED] - Statement - If (java.lang.String.valueOf(StockQty) >= java.lang.String.valueOf(RequestedQty)): null

2018-06-10 00:51:33 - [TEST_STEP][PASSED] - setText: Text '10' is set on object 'Object Repository/DispensaryToStore/Page_Store/input_txtqty'

2018-06-10 00:51:33 - [MESSAGE][PASSED] - Text '10' is set on object 'Object Repository/DispensaryToStore/Page_Store/input_txtqty'

2018-06-10 00:51:33 - [TEST_STEP][PASSED] - click: Object: 'Object Repository/DispensaryToStore/Page_Store/button_Add' is clicked on

2018-06-10 00:51:33 - [MESSAGE][PASSED] - Object: 'Object Repository/DispensaryToStore/Page_Store/button_Add' is clicked on

2018-06-10 00:51:33 - [TEST_STEP][PASSED] - Statement - Break: null

2018-06-10 00:51:33 - [TEST_STEP][PASSED] - selectOptionByIndex: All options with index in [48] are selected on object 'Object Repository/DispensaryToStore/Page_Store/select_--Select--Adernaline 0.'

2018-06-10 00:51:34 - [MESSAGE][PASSED] - All options with index in [48] are selected on object 'Object Repository/DispensaryToStore/Page_Store/select_--Select--Adernaline 0.'

2018-06-10 00:51:34 - [TEST_STEP][PASSED] - delay: Delayed 2 second(s)

2018-06-10 00:51:36 - [MESSAGE][PASSED] - Delayed 2 second(s)

2018-06-10 00:51:36 - [TEST_STEP][PASSED] - Statement - RequestedQty = com.kms.katalon.core.webui.keyword.WebUiBuiltInKeywords.getAttribute(com.kms.katalon.core.testobject.ObjectRepository.findTestObject(DispensaryToStore/Page_Store/input_txttotal), "value"): Attribute 'value' of object 'Object Repository/DispensaryToStore/Page_Store/input_txttotal' is: '10'

2018-06-10 00:51:36 - [MESSAGE][PASSED] - Attribute 'value' of object 'Object Repository/DispensaryToStore/Page_Store/input_txttotal' is: '10'

2018-06-10 00:51:36 - [TEST_STEP][PASSED] - Statement - out.println("Requested QTY : " + RequestedQty): null

2018-06-10 00:51:36 - [TEST_STEP][PASSED] - Statement - BatchNumber = com.kms.katalon.core.webui.keyword.WebUiBuiltInKeywords.getNumberOfTotalOption(com.kms.katalon.core.testobject.ObjectRepository.findTestObject(DispensaryToStore/Page_Store/select_--Select--BA1170BA2376B)): 3 options of object 'Object Repository/DispensaryToStore/Page_Store/select_--Select--BA1170BA2376B' counted

2018-06-10 00:51:36 - [MESSAGE][PASSED] - 3 options of object 'Object Repository/DispensaryToStore/Page_Store/select_--Select--BA1170BA2376B' counted

2018-06-10 00:51:36 - [TEST_STEP][PASSED] - Statement - For ([g = 1, g <= BatchNumber - 1, (g++)]): null

2018-06-10 00:51:36 - [TEST_STEP][PASSED] - selectOptionByIndex: All options with index in [1] are selected on object 'Object Repository/DispensaryToStore/Page_Store/select_--Select--BA1170BA2376B'

2018-06-10 00:51:36 - [MESSAGE][PASSED] - All options with index in [1] are selected on object 'Object Repository/DispensaryToStore/Page_Store/select_--Select--BA1170BA2376B'

2018-06-10 00:51:36 - [TEST_STEP][PASSED] - Statement - Try: null

2018-06-10 00:51:36 - [TEST_STEP][PASSED] - Statement - StockQty = com.kms.katalon.core.webui.keyword.WebUiBuiltInKeywords.getAttribute(com.kms.katalon.core.testobject.ObjectRepository.findTestObject(DispensaryToStore/Page_Store/input_txtprice), "value"): Attribute 'value' of object 'Object Repository/DispensaryToStore/Page_Store/input_txtprice' is: '400'

2018-06-10 00:51:36 - [MESSAGE][PASSED] - Attribute 'value' of object 'Object Repository/DispensaryToStore/Page_Store/input_txtprice' is: '400'

2018-06-10 00:51:36 - [TEST_STEP][PASSED] - Statement - out.println("Stock QTY : " + StockQty): null

2018-06-10 00:51:36 - [TEST_STEP][PASSED] - delay: Delayed 2 second(s)

2018-06-10 00:51:38 - [MESSAGE][PASSED] - Delayed 2 second(s)

2018-06-10 00:51:38 - [TEST_STEP][PASSED] - Statement - If (java.lang.String.valueOf(StockQty) >= java.lang.String.valueOf(RequestedQty)): null

2018-06-10 00:51:38 - [TEST_STEP][PASSED] - setText: Text '10' is set on object 'Object Repository/DispensaryToStore/Page_Store/input_txtqty'

2018-06-10 00:51:38 - [MESSAGE][PASSED] - Text '10' is set on object 'Object Repository/DispensaryToStore/Page_Store/input_txtqty'

2018-06-10 00:51:38 - [TEST_STEP][PASSED] - click: Object: 'Object Repository/DispensaryToStore/Page_Store/button_Add' is clicked on

2018-06-10 00:51:38 - [MESSAGE][PASSED] - Object: 'Object Repository/DispensaryToStore/Page_Store/button_Add' is clicked on

2018-06-10 00:51:38 - [TEST_STEP][PASSED] - Statement - Break: null

2018-06-10 00:51:38 - [TEST_STEP][PASSED] - selectOptionByIndex: All options with index in [49] are selected on object 'Object Repository/DispensaryToStore/Page_Store/select_--Select--Adernaline 0.'

2018-06-10 00:51:39 - [MESSAGE][PASSED] - All options with index in [49] are selected on object 'Object Repository/DispensaryToStore/Page_Store/select_--Select--Adernaline 0.'

2018-06-10 00:51:39 - [TEST_STEP][PASSED] - delay: Delayed 2 second(s)

2018-06-10 00:51:41 - [MESSAGE][PASSED] - Delayed 2 second(s)

2018-06-10 00:51:41 - [TEST_STEP][PASSED] - Statement - RequestedQty = com.kms.katalon.core.webui.keyword.WebUiBuiltInKeywords.getAttribute(com.kms.katalon.core.testobject.ObjectRepository.findTestObject(DispensaryToStore/Page_Store/input_txttotal), "value"): Attribute 'value' of object 'Object Repository/DispensaryToStore/Page_Store/input_txttotal' is: '10'

2018-06-10 00:51:41 - [MESSAGE][PASSED] - Attribute 'value' of object 'Object Repository/DispensaryToStore/Page_Store/input_txttotal' is: '10'

2018-06-10 00:51:41 - [TEST_STEP][PASSED] - Statement - out.println("Requested QTY : " + RequestedQty): null

2018-06-10 00:51:41 - [TEST_STEP][PASSED] - Statement - BatchNumber = com.kms.katalon.core.webui.keyword.WebUiBuiltInKeywords.getNumberOfTotalOption(com.kms.katalon.core.testobject.ObjectRepository.findTestObject(DispensaryToStore/Page_Store/select_--Select--BA1170BA2376B)): 3 options of object 'Object Repository/DispensaryToStore/Page_Store/select_--Select--BA1170BA2376B' counted

2018-06-10 00:51:41 - [MESSAGE][PASSED] - 3 options of object 'Object Repository/DispensaryToStore/Page_Store/select_--Select--BA1170BA2376B' counted

2018-06-10 00:51:41 - [TEST_STEP][FAILED] - Statement - For ([g = 1, g <= BatchNumber - 1, (g++)]): null

2018-06-10 00:51:41 - [TEST_STEP][PASSED] - selectOptionByIndex: All options with index in [1] are selected on object 'Object Repository/DispensaryToStore/Page_Store/select_--Select--BA1170BA2376B'

2018-06-10 00:51:41 - [MESSAGE][PASSED] - All options with index in [1] are selected on object 'Object Repository/DispensaryToStore/Page_Store/select_--Select--BA1170BA2376B'

2018-06-10 00:51:41 - [TEST_STEP][FAILED] - Statement - Try: Unable to set text '10' of object 'Object Repository/DispensaryToStore/Page_Store/input_txtqty' (Root cause: org.openqa.selenium.WebDriverException: unknown error: cannot focus element
  (Session info: chrome=66.0.3359.181)
  (Driver info: chromedriver=2.35.528161 (5b82f2d2aae0ca24b877009200ced9065a772e73),platform=Windows NT 10.0.17134 x86_64) (WARNING: The server did not provide any stacktrace information)
Command duration or timeout: 0 milliseconds
Build info: version: '3.7.1', revision: '8a0099a', time: '2017-11-06T21:07:36.161Z'
System info: host: 'DESKTOP-BLFTK83', ip: '169.254.189.85', os.name: 'Windows 10', os.arch: 'amd64', os.version: '10.0', java.version: '1.8.0_102'
Driver info: com.kms.katalon.selenium.driver.CChromeDriver
Capabilities {acceptInsecureCerts: false, acceptSslCerts: false, applicationCacheEnabled: false, browserConnectionEnabled: false, browserName: chrome, chrome: {chromedriverVersion: 2.35.528161 (5b82f2d2aae0ca..., userDataDir: C:\Users\QUALIT~1\AppData\L...}, cssSelectorsEnabled: true, databaseEnabled: false, handlesAlerts: true, hasTouchScreen: false, javascriptEnabled: true, locationContextEnabled: true, mobileEmulationEnabled: false, nativeEvents: true, networkConnectionEnabled: false, pageLoadStrategy: normal, platform: XP, platformName: XP, rotatable: false, setWindowRect: true, takesHeapSnapshot: true, takesScreenshot: true, unexpectedAlertBehaviour: , unhandledPromptBehavior: , version: 66.0.3359.181, webStorageEnabled: true}
Session ID: 93bb38e4e7b4151559798e03084830ed)

2018-06-10 00:51:41 - [TEST_STEP][PASSED] - Statement - StockQty = com.kms.katalon.core.webui.keyword.WebUiBuiltInKeywords.getAttribute(com.kms.katalon.core.testobject.ObjectRepository.findTestObject(DispensaryToStore/Page_Store/input_txtprice), "value"): Attribute 'value' of object 'Object Repository/DispensaryToStore/Page_Store/input_txtprice' is: '300'

2018-06-10 00:51:41 - [MESSAGE][PASSED] - Attribute 'value' of object 'Object Repository/DispensaryToStore/Page_Store/input_txtprice' is: '300'

2018-06-10 00:51:41 - [TEST_STEP][PASSED] - Statement - out.println("Stock QTY : " + StockQty): null

2018-06-10 00:51:41 - [TEST_STEP][PASSED] - delay: Delayed 2 second(s)

2018-06-10 00:51:43 - [MESSAGE][PASSED] - Delayed 2 second(s)

2018-06-10 00:51:43 - [TEST_STEP][FAILED] - Statement - If (java.lang.String.valueOf(StockQty) >= java.lang.String.valueOf(RequestedQty)): Unable to set text '10' of object 'Object Repository/DispensaryToStore/Page_Store/input_txtqty' (Root cause: org.openqa.selenium.WebDriverException: unknown error: cannot focus element
  (Session info: chrome=66.0.3359.181)
  (Driver info: chromedriver=2.35.528161 (5b82f2d2aae0ca24b877009200ced9065a772e73),platform=Windows NT 10.0.17134 x86_64) (WARNING: The server did not provide any stacktrace information)
Command duration or timeout: 0 milliseconds
Build info: version: '3.7.1', revision: '8a0099a', time: '2017-11-06T21:07:36.161Z'
System info: host: 'DESKTOP-BLFTK83', ip: '169.254.189.85', os.name: 'Windows 10', os.arch: 'amd64', os.version: '10.0', java.version: '1.8.0_102'
Driver info: com.kms.katalon.selenium.driver.CChromeDriver
Capabilities {acceptInsecureCerts: false, acceptSslCerts: false, applicationCacheEnabled: false, browserConnectionEnabled: false, browserName: chrome, chrome: {chromedriverVersion: 2.35.528161 (5b82f2d2aae0ca..., userDataDir: C:\Users\QUALIT~1\AppData\L...}, cssSelectorsEnabled: true, databaseEnabled: false, handlesAlerts: true, hasTouchScreen: false, javascriptEnabled: true, locationContextEnabled: true, mobileEmulationEnabled: false, nativeEvents: true, networkConnectionEnabled: false, pageLoadStrategy: normal, platform: XP, platformName: XP, rotatable: false, setWindowRect: true, takesHeapSnapshot: true, takesScreenshot: true, unexpectedAlertBehaviour: , unhandledPromptBehavior: , version: 66.0.3359.181, webStorageEnabled: true}
Session ID: 93bb38e4e7b4151559798e03084830ed)

2018-06-10 00:51:43 - [TEST_STEP][FAILED] - setText: Unable to set text '10' of object 'Object Repository/DispensaryToStore/Page_Store/input_txtqty' (Root cause: org.openqa.selenium.WebDriverException: unknown error: cannot focus element
  (Session info: chrome=66.0.3359.181)
  (Driver info: chromedriver=2.35.528161 (5b82f2d2aae0ca24b877009200ced9065a772e73),platform=Windows NT 10.0.17134 x86_64) (WARNING: The server did not provide any stacktrace information)
Command duration or timeout: 0 milliseconds
Build info: version: '3.7.1', revision: '8a0099a', time: '2017-11-06T21:07:36.161Z'
System info: host: 'DESKTOP-BLFTK83', ip: '169.254.189.85', os.name: 'Windows 10', os.arch: 'amd64', os.version: '10.0', java.version: '1.8.0_102'
Driver info: com.kms.katalon.selenium.driver.CChromeDriver
Capabilities {acceptInsecureCerts: false, acceptSslCerts: false, applicationCacheEnabled: false, browserConnectionEnabled: false, browserName: chrome, chrome: {chromedriverVersion: 2.35.528161 (5b82f2d2aae0ca..., userDataDir: C:\Users\QUALIT~1\AppData\L...}, cssSelectorsEnabled: true, databaseEnabled: false, handlesAlerts: true, hasTouchScreen: false, javascriptEnabled: true, locationContextEnabled: true, mobileEmulationEnabled: false, nativeEvents: true, networkConnectionEnabled: false, pageLoadStrategy: normal, platform: XP, platformName: XP, rotatable: false, setWindowRect: true, takesHeapSnapshot: true, takesScreenshot: true, unexpectedAlertBehaviour: , unhandledPromptBehavior: , version: 66.0.3359.181, webStorageEnabled: true}
Session ID: 93bb38e4e7b4151559798e03084830ed)

2018-06-10 00:51:44 - [MESSAGE][FAILED] - Unable to set text '10' of object 'Object Repository/DispensaryToStore/Page_Store/input_txtqty' (Root cause: org.openqa.selenium.WebDriverException: unknown error: cannot focus element
  (Session info: chrome=66.0.3359.181)
  (Driver info: chromedriver=2.35.528161 (5b82f2d2aae0ca24b877009200ced9065a772e73),platform=Windows NT 10.0.17134 x86_64) (WARNING: The server did not provide any stacktrace information)
Command duration or timeout: 0 milliseconds
Build info: version: '3.7.1', revision: '8a0099a', time: '2017-11-06T21:07:36.161Z'
System info: host: 'DESKTOP-BLFTK83', ip: '169.254.189.85', os.name: 'Windows 10', os.arch: 'amd64', os.version: '10.0', java.version: '1.8.0_102'
Driver info: com.kms.katalon.selenium.driver.CChromeDriver
Capabilities {acceptInsecureCerts: false, acceptSslCerts: false, applicationCacheEnabled: false, browserConnectionEnabled: false, browserName: chrome, chrome: {chromedriverVersion: 2.35.528161 (5b82f2d2aae0ca..., userDataDir: C:\Users\QUALIT~1\AppData\L...}, cssSelectorsEnabled: true, databaseEnabled: false, handlesAlerts: true, hasTouchScreen: false, javascriptEnabled: true, locationContextEnabled: true, mobileEmulationEnabled: false, nativeEvents: true, networkConnectionEnabled: false, pageLoadStrategy: normal, platform: XP, platformName: XP, rotatable: false, setWindowRect: true, takesHeapSnapshot: true, takesScreenshot: true, unexpectedAlertBehaviour: , unhandledPromptBehavior: , version: 66.0.3359.181, webStorageEnabled: true}
Session ID: 93bb38e4e7b4151559798e03084830ed)
[[ATTACHMENT|C:\\Users\\Quality Analyst\\Katalon Studio\\ds\\Reports\\Dispensary_Store_Suite\\20180609_181700\\1528572103473.png]]

2018-06-10 00:51:44 - [TEST_STEP][PASSED] - Statement - Catch (Exception e): null

2018-06-10 00:51:44 - [TEST_STEP][PASSED] - click: Object: 'Object Repository/DispensaryToStore/Page_Store/button_OK' is clicked on

2018-06-10 00:51:44 - [MESSAGE][PASSED] - Object: 'Object Repository/DispensaryToStore/Page_Store/button_OK' is clicked on

2018-06-10 00:51:44 - [TEST_STEP][PASSED] - Statement - <not implemented yet for class: org.codehaus.groovy.ast.stmt.ContinueStatement>: null

2018-06-10 00:51:44 - [TEST_STEP][PASSED] - selectOptionByIndex: All options with index in [2] are selected on object 'Object Repository/DispensaryToStore/Page_Store/select_--Select--BA1170BA2376B'

2018-06-10 00:51:44 - [MESSAGE][PASSED] - All options with index in [2] are selected on object 'Object Repository/DispensaryToStore/Page_Store/select_--Select--BA1170BA2376B'

2018-06-10 00:51:44 - [TEST_STEP][PASSED] - Statement - Try: null

2018-06-10 00:51:44 - [TEST_STEP][PASSED] - Statement - StockQty = com.kms.katalon.core.webui.keyword.WebUiBuiltInKeywords.getAttribute(com.kms.katalon.core.testobject.ObjectRepository.findTestObject(DispensaryToStore/Page_Store/input_txtprice), "value"): Attribute 'value' of object 'Object Repository/DispensaryToStore/Page_Store/input_txtprice' is: '150'

2018-06-10 00:51:44 - [MESSAGE][PASSED] - Attribute 'value' of object 'Object Repository/DispensaryToStore/Page_Store/input_txtprice' is: '150'

2018-06-10 00:51:44 - [TEST_STEP][PASSED] - Statement - out.println("Stock QTY : " + StockQty): null

2018-06-10 00:51:44 - [TEST_STEP][PASSED] - delay: Delayed 2 second(s)

2018-06-10 00:51:46 - [MESSAGE][PASSED] - Delayed 2 second(s)

2018-06-10 00:51:46 - [TEST_STEP][PASSED] - Statement - If (java.lang.String.valueOf(StockQty) >= java.lang.String.valueOf(RequestedQty)): null

2018-06-10 00:51:46 - [TEST_STEP][PASSED] - setText: Text '10' is set on object 'Object Repository/DispensaryToStore/Page_Store/input_txtqty'

2018-06-10 00:51:46 - [MESSAGE][PASSED] - Text '10' is set on object 'Object Repository/DispensaryToStore/Page_Store/input_txtqty'

2018-06-10 00:51:46 - [TEST_STEP][PASSED] - click: Object: 'Object Repository/DispensaryToStore/Page_Store/button_Add' is clicked on

2018-06-10 00:51:46 - [MESSAGE][PASSED] - Object: 'Object Repository/DispensaryToStore/Page_Store/button_Add' is clicked on

2018-06-10 00:51:46 - [TEST_STEP][PASSED] - Statement - Break: null

2018-06-10 00:51:46 - [TEST_STEP][PASSED] - selectOptionByIndex: All options with index in [50] are selected on object 'Object Repository/DispensaryToStore/Page_Store/select_--Select--Adernaline 0.'

2018-06-10 00:51:47 - [MESSAGE][PASSED] - All options with index in [50] are selected on object 'Object Repository/DispensaryToStore/Page_Store/select_--Select--Adernaline 0.'

2018-06-10 00:51:47 - [TEST_STEP][PASSED] - delay: Delayed 2 second(s)

2018-06-10 00:51:49 - [MESSAGE][PASSED] - Delayed 2 second(s)

2018-06-10 00:51:49 - [TEST_STEP][PASSED] - Statement - RequestedQty = com.kms.katalon.core.webui.keyword.WebUiBuiltInKeywords.getAttribute(com.kms.katalon.core.testobject.ObjectRepository.findTestObject(DispensaryToStore/Page_Store/input_txttotal), "value"): Attribute 'value' of object 'Object Repository/DispensaryToStore/Page_Store/input_txttotal' is: '10'

2018-06-10 00:51:49 - [MESSAGE][PASSED] - Attribute 'value' of object 'Object Repository/DispensaryToStore/Page_Store/input_txttotal' is: '10'

2018-06-10 00:51:49 - [TEST_STEP][PASSED] - Statement - out.println("Requested QTY : " + RequestedQty): null

2018-06-10 00:51:49 - [TEST_STEP][PASSED] - Statement - BatchNumber = com.kms.katalon.core.webui.keyword.WebUiBuiltInKeywords.getNumberOfTotalOption(com.kms.katalon.core.testobject.ObjectRepository.findTestObject(DispensaryToStore/Page_Store/select_--Select--BA1170BA2376B)): 3 options of object 'Object Repository/DispensaryToStore/Page_Store/select_--Select--BA1170BA2376B' counted

2018-06-10 00:51:49 - [MESSAGE][PASSED] - 3 options of object 'Object Repository/DispensaryToStore/Page_Store/select_--Select--BA1170BA2376B' counted

2018-06-10 00:51:49 - [TEST_STEP][PASSED] - Statement - For ([g = 1, g <= BatchNumber - 1, (g++)]): null

2018-06-10 00:51:49 - [TEST_STEP][PASSED] - selectOptionByIndex: All options with index in [1] are selected on object 'Object Repository/DispensaryToStore/Page_Store/select_--Select--BA1170BA2376B'

2018-06-10 00:51:49 - [MESSAGE][PASSED] - All options with index in [1] are selected on object 'Object Repository/DispensaryToStore/Page_Store/select_--Select--BA1170BA2376B'

2018-06-10 00:51:49 - [TEST_STEP][PASSED] - Statement - Try: null

2018-06-10 00:51:49 - [TEST_STEP][PASSED] - Statement - StockQty = com.kms.katalon.core.webui.keyword.WebUiBuiltInKeywords.getAttribute(com.kms.katalon.core.testobject.ObjectRepository.findTestObject(DispensaryToStore/Page_Store/input_txtprice), "value"): Attribute 'value' of object 'Object Repository/DispensaryToStore/Page_Store/input_txtprice' is: '260'

2018-06-10 00:51:49 - [MESSAGE][PASSED] - Attribute 'value' of object 'Object Repository/DispensaryToStore/Page_Store/input_txtprice' is: '260'

2018-06-10 00:51:49 - [TEST_STEP][PASSED] - Statement - out.println("Stock QTY : " + StockQty): null

2018-06-10 00:51:49 - [TEST_STEP][PASSED] - delay: Delayed 2 second(s)

2018-06-10 00:51:51 - [MESSAGE][PASSED] - Delayed 2 second(s)

2018-06-10 00:51:51 - [TEST_STEP][PASSED] - Statement - If (java.lang.String.valueOf(StockQty) >= java.lang.String.valueOf(RequestedQty)): null

2018-06-10 00:51:51 - [TEST_STEP][PASSED] - setText: Text '10' is set on object 'Object Repository/DispensaryToStore/Page_Store/input_txtqty'

2018-06-10 00:51:51 - [MESSAGE][PASSED] - Text '10' is set on object 'Object Repository/DispensaryToStore/Page_Store/input_txtqty'

2018-06-10 00:51:51 - [TEST_STEP][PASSED] - click: Object: 'Object Repository/DispensaryToStore/Page_Store/button_Add' is clicked on

2018-06-10 00:51:51 - [MESSAGE][PASSED] - Object: 'Object Repository/DispensaryToStore/Page_Store/button_Add' is clicked on

2018-06-10 00:51:51 - [TEST_STEP][PASSED] - Statement - Break: null

2018-06-10 00:51:51 - [TEST_STEP][PASSED] - selectOptionByIndex: All options with index in [51] are selected on object 'Object Repository/DispensaryToStore/Page_Store/select_--Select--Adernaline 0.'

2018-06-10 00:51:52 - [MESSAGE][PASSED] - All options with index in [51] are selected on object 'Object Repository/DispensaryToStore/Page_Store/select_--Select--Adernaline 0.'

2018-06-10 00:51:52 - [TEST_STEP][PASSED] - delay: Delayed 2 second(s)

2018-06-10 00:51:54 - [MESSAGE][PASSED] - Delayed 2 second(s)

2018-06-10 00:51:54 - [TEST_STEP][PASSED] - Statement - RequestedQty = com.kms.katalon.core.webui.keyword.WebUiBuiltInKeywords.getAttribute(com.kms.katalon.core.testobject.ObjectRepository.findTestObject(DispensaryToStore/Page_Store/input_txttotal), "value"): Attribute 'value' of object 'Object Repository/DispensaryToStore/Page_Store/input_txttotal' is: '10'

2018-06-10 00:51:54 - [MESSAGE][PASSED] - Attribute 'value' of object 'Object Repository/DispensaryToStore/Page_Store/input_txttotal' is: '10'

2018-06-10 00:51:54 - [TEST_STEP][PASSED] - Statement - out.println("Requested QTY : " + RequestedQty): null

2018-06-10 00:51:54 - [TEST_STEP][PASSED] - Statement - BatchNumber = com.kms.katalon.core.webui.keyword.WebUiBuiltInKeywords.getNumberOfTotalOption(com.kms.katalon.core.testobject.ObjectRepository.findTestObject(DispensaryToStore/Page_Store/select_--Select--BA1170BA2376B)): 3 options of object 'Object Repository/DispensaryToStore/Page_Store/select_--Select--BA1170BA2376B' counted

2018-06-10 00:51:54 - [MESSAGE][PASSED] - 3 options of object 'Object Repository/DispensaryToStore/Page_Store/select_--Select--BA1170BA2376B' counted

2018-06-10 00:51:54 - [TEST_STEP][PASSED] - Statement - For ([g = 1, g <= BatchNumber - 1, (g++)]): null

2018-06-10 00:51:54 - [TEST_STEP][PASSED] - selectOptionByIndex: All options with index in [1] are selected on object 'Object Repository/DispensaryToStore/Page_Store/select_--Select--BA1170BA2376B'

2018-06-10 00:51:54 - [MESSAGE][PASSED] - All options with index in [1] are selected on object 'Object Repository/DispensaryToStore/Page_Store/select_--Select--BA1170BA2376B'

2018-06-10 00:51:54 - [TEST_STEP][PASSED] - Statement - Try: null

2018-06-10 00:51:54 - [TEST_STEP][PASSED] - Statement - StockQty = com.kms.katalon.core.webui.keyword.WebUiBuiltInKeywords.getAttribute(com.kms.katalon.core.testobject.ObjectRepository.findTestObject(DispensaryToStore/Page_Store/input_txtprice), "value"): Attribute 'value' of object 'Object Repository/DispensaryToStore/Page_Store/input_txtprice' is: '120'

2018-06-10 00:51:54 - [MESSAGE][PASSED] - Attribute 'value' of object 'Object Repository/DispensaryToStore/Page_Store/input_txtprice' is: '120'

2018-06-10 00:51:54 - [TEST_STEP][PASSED] - Statement - out.println("Stock QTY : " + StockQty): null

2018-06-10 00:51:54 - [TEST_STEP][PASSED] - delay: Delayed 2 second(s)

2018-06-10 00:51:56 - [MESSAGE][PASSED] - Delayed 2 second(s)

2018-06-10 00:51:56 - [TEST_STEP][PASSED] - Statement - If (java.lang.String.valueOf(StockQty) >= java.lang.String.valueOf(RequestedQty)): null

2018-06-10 00:51:56 - [TEST_STEP][PASSED] - setText: Text '10' is set on object 'Object Repository/DispensaryToStore/Page_Store/input_txtqty'

2018-06-10 00:51:56 - [MESSAGE][PASSED] - Text '10' is set on object 'Object Repository/DispensaryToStore/Page_Store/input_txtqty'

2018-06-10 00:51:56 - [TEST_STEP][PASSED] - click: Object: 'Object Repository/DispensaryToStore/Page_Store/button_Add' is clicked on

2018-06-10 00:51:56 - [MESSAGE][PASSED] - Object: 'Object Repository/DispensaryToStore/Page_Store/button_Add' is clicked on

2018-06-10 00:51:56 - [TEST_STEP][PASSED] - Statement - Break: null

2018-06-10 00:51:56 - [TEST_STEP][PASSED] - selectOptionByIndex: All options with index in [52] are selected on object 'Object Repository/DispensaryToStore/Page_Store/select_--Select--Adernaline 0.'

2018-06-10 00:51:57 - [MESSAGE][PASSED] - All options with index in [52] are selected on object 'Object Repository/DispensaryToStore/Page_Store/select_--Select--Adernaline 0.'

2018-06-10 00:51:57 - [TEST_STEP][PASSED] - delay: Delayed 2 second(s)

2018-06-10 00:51:59 - [MESSAGE][PASSED] - Delayed 2 second(s)

2018-06-10 00:51:59 - [TEST_STEP][PASSED] - Statement - RequestedQty = com.kms.katalon.core.webui.keyword.WebUiBuiltInKeywords.getAttribute(com.kms.katalon.core.testobject.ObjectRepository.findTestObject(DispensaryToStore/Page_Store/input_txttotal), "value"): Attribute 'value' of object 'Object Repository/DispensaryToStore/Page_Store/input_txttotal' is: '10'

2018-06-10 00:51:59 - [MESSAGE][PASSED] - Attribute 'value' of object 'Object Repository/DispensaryToStore/Page_Store/input_txttotal' is: '10'

2018-06-10 00:51:59 - [TEST_STEP][PASSED] - Statement - out.println("Requested QTY : " + RequestedQty): null

2018-06-10 00:51:59 - [TEST_STEP][PASSED] - Statement - BatchNumber = com.kms.katalon.core.webui.keyword.WebUiBuiltInKeywords.getNumberOfTotalOption(com.kms.katalon.core.testobject.ObjectRepository.findTestObject(DispensaryToStore/Page_Store/select_--Select--BA1170BA2376B)): 3 options of object 'Object Repository/DispensaryToStore/Page_Store/select_--Select--BA1170BA2376B' counted

2018-06-10 00:51:59 - [MESSAGE][PASSED] - 3 options of object 'Object Repository/DispensaryToStore/Page_Store/select_--Select--BA1170BA2376B' counted

2018-06-10 00:51:59 - [TEST_STEP][PASSED] - Statement - For ([g = 1, g <= BatchNumber - 1, (g++)]): null

2018-06-10 00:51:59 - [TEST_STEP][PASSED] - selectOptionByIndex: All options with index in [1] are selected on object 'Object Repository/DispensaryToStore/Page_Store/select_--Select--BA1170BA2376B'

2018-06-10 00:51:59 - [MESSAGE][PASSED] - All options with index in [1] are selected on object 'Object Repository/DispensaryToStore/Page_Store/select_--Select--BA1170BA2376B'

2018-06-10 00:51:59 - [TEST_STEP][PASSED] - Statement - Try: null

2018-06-10 00:51:59 - [TEST_STEP][PASSED] - Statement - StockQty = com.kms.katalon.core.webui.keyword.WebUiBuiltInKeywords.getAttribute(com.kms.katalon.core.testobject.ObjectRepository.findTestObject(DispensaryToStore/Page_Store/input_txtprice), "value"): Attribute 'value' of object 'Object Repository/DispensaryToStore/Page_Store/input_txtprice' is: '270'

2018-06-10 00:51:59 - [MESSAGE][PASSED] - Attribute 'value' of object 'Object Repository/DispensaryToStore/Page_Store/input_txtprice' is: '270'

2018-06-10 00:51:59 - [TEST_STEP][PASSED] - Statement - out.println("Stock QTY : " + StockQty): null

2018-06-10 00:51:59 - [TEST_STEP][PASSED] - delay: Delayed 2 second(s)

2018-06-10 00:52:01 - [MESSAGE][PASSED] - Delayed 2 second(s)

2018-06-10 00:52:01 - [TEST_STEP][PASSED] - Statement - If (java.lang.String.valueOf(StockQty) >= java.lang.String.valueOf(RequestedQty)): null

2018-06-10 00:52:01 - [TEST_STEP][PASSED] - setText: Text '10' is set on object 'Object Repository/DispensaryToStore/Page_Store/input_txtqty'

2018-06-10 00:52:01 - [MESSAGE][PASSED] - Text '10' is set on object 'Object Repository/DispensaryToStore/Page_Store/input_txtqty'

2018-06-10 00:52:01 - [TEST_STEP][PASSED] - click: Object: 'Object Repository/DispensaryToStore/Page_Store/button_Add' is clicked on

2018-06-10 00:52:01 - [MESSAGE][PASSED] - Object: 'Object Repository/DispensaryToStore/Page_Store/button_Add' is clicked on

2018-06-10 00:52:01 - [TEST_STEP][PASSED] - Statement - Break: null

2018-06-10 00:52:01 - [TEST_STEP][PASSED] - selectOptionByIndex: All options with index in [53] are selected on object 'Object Repository/DispensaryToStore/Page_Store/select_--Select--Adernaline 0.'

2018-06-10 00:52:02 - [MESSAGE][PASSED] - All options with index in [53] are selected on object 'Object Repository/DispensaryToStore/Page_Store/select_--Select--Adernaline 0.'

2018-06-10 00:52:02 - [TEST_STEP][PASSED] - delay: Delayed 2 second(s)

2018-06-10 00:52:04 - [MESSAGE][PASSED] - Delayed 2 second(s)

2018-06-10 00:52:04 - [TEST_STEP][PASSED] - Statement - RequestedQty = com.kms.katalon.core.webui.keyword.WebUiBuiltInKeywords.getAttribute(com.kms.katalon.core.testobject.ObjectRepository.findTestObject(DispensaryToStore/Page_Store/input_txttotal), "value"): Attribute 'value' of object 'Object Repository/DispensaryToStore/Page_Store/input_txttotal' is: '10'

2018-06-10 00:52:04 - [MESSAGE][PASSED] - Attribute 'value' of object 'Object Repository/DispensaryToStore/Page_Store/input_txttotal' is: '10'

2018-06-10 00:52:04 - [TEST_STEP][PASSED] - Statement - out.println("Requested QTY : " + RequestedQty): null

2018-06-10 00:52:04 - [TEST_STEP][PASSED] - Statement - BatchNumber = com.kms.katalon.core.webui.keyword.WebUiBuiltInKeywords.getNumberOfTotalOption(com.kms.katalon.core.testobject.ObjectRepository.findTestObject(DispensaryToStore/Page_Store/select_--Select--BA1170BA2376B)): 3 options of object 'Object Repository/DispensaryToStore/Page_Store/select_--Select--BA1170BA2376B' counted

2018-06-10 00:52:04 - [MESSAGE][PASSED] - 3 options of object 'Object Repository/DispensaryToStore/Page_Store/select_--Select--BA1170BA2376B' counted

2018-06-10 00:52:04 - [TEST_STEP][PASSED] - Statement - For ([g = 1, g <= BatchNumber - 1, (g++)]): null

2018-06-10 00:52:04 - [TEST_STEP][PASSED] - selectOptionByIndex: All options with index in [1] are selected on object 'Object Repository/DispensaryToStore/Page_Store/select_--Select--BA1170BA2376B'

2018-06-10 00:52:04 - [MESSAGE][PASSED] - All options with index in [1] are selected on object 'Object Repository/DispensaryToStore/Page_Store/select_--Select--BA1170BA2376B'

2018-06-10 00:52:04 - [TEST_STEP][PASSED] - Statement - Try: null

2018-06-10 00:52:04 - [TEST_STEP][PASSED] - Statement - StockQty = com.kms.katalon.core.webui.keyword.WebUiBuiltInKeywords.getAttribute(com.kms.katalon.core.testobject.ObjectRepository.findTestObject(DispensaryToStore/Page_Store/input_txtprice), "value"): Attribute 'value' of object 'Object Repository/DispensaryToStore/Page_Store/input_txtprice' is: '130'

2018-06-10 00:52:04 - [MESSAGE][PASSED] - Attribute 'value' of object 'Object Repository/DispensaryToStore/Page_Store/input_txtprice' is: '130'

2018-06-10 00:52:04 - [TEST_STEP][PASSED] - Statement - out.println("Stock QTY : " + StockQty): null

2018-06-10 00:52:04 - [TEST_STEP][PASSED] - delay: Delayed 2 second(s)

2018-06-10 00:52:06 - [MESSAGE][PASSED] - Delayed 2 second(s)

2018-06-10 00:52:06 - [TEST_STEP][PASSED] - Statement - If (java.lang.String.valueOf(StockQty) >= java.lang.String.valueOf(RequestedQty)): null

2018-06-10 00:52:06 - [TEST_STEP][PASSED] - setText: Text '10' is set on object 'Object Repository/DispensaryToStore/Page_Store/input_txtqty'

2018-06-10 00:52:06 - [MESSAGE][PASSED] - Text '10' is set on object 'Object Repository/DispensaryToStore/Page_Store/input_txtqty'

2018-06-10 00:52:06 - [TEST_STEP][PASSED] - click: Object: 'Object Repository/DispensaryToStore/Page_Store/button_Add' is clicked on

2018-06-10 00:52:06 - [MESSAGE][PASSED] - Object: 'Object Repository/DispensaryToStore/Page_Store/button_Add' is clicked on

2018-06-10 00:52:06 - [TEST_STEP][PASSED] - Statement - Break: null

2018-06-10 00:52:06 - [TEST_STEP][PASSED] - selectOptionByIndex: All options with index in [54] are selected on object 'Object Repository/DispensaryToStore/Page_Store/select_--Select--Adernaline 0.'

2018-06-10 00:52:07 - [MESSAGE][PASSED] - All options with index in [54] are selected on object 'Object Repository/DispensaryToStore/Page_Store/select_--Select--Adernaline 0.'

2018-06-10 00:52:07 - [TEST_STEP][PASSED] - delay: Delayed 2 second(s)

2018-06-10 00:52:09 - [MESSAGE][PASSED] - Delayed 2 second(s)

2018-06-10 00:52:09 - [TEST_STEP][PASSED] - Statement - RequestedQty = com.kms.katalon.core.webui.keyword.WebUiBuiltInKeywords.getAttribute(com.kms.katalon.core.testobject.ObjectRepository.findTestObject(DispensaryToStore/Page_Store/input_txttotal), "value"): Attribute 'value' of object 'Object Repository/DispensaryToStore/Page_Store/input_txttotal' is: '10'

2018-06-10 00:52:09 - [MESSAGE][PASSED] - Attribute 'value' of object 'Object Repository/DispensaryToStore/Page_Store/input_txttotal' is: '10'

2018-06-10 00:52:09 - [TEST_STEP][PASSED] - Statement - out.println("Requested QTY : " + RequestedQty): null

2018-06-10 00:52:09 - [TEST_STEP][PASSED] - Statement - BatchNumber = com.kms.katalon.core.webui.keyword.WebUiBuiltInKeywords.getNumberOfTotalOption(com.kms.katalon.core.testobject.ObjectRepository.findTestObject(DispensaryToStore/Page_Store/select_--Select--BA1170BA2376B)): 3 options of object 'Object Repository/DispensaryToStore/Page_Store/select_--Select--BA1170BA2376B' counted

2018-06-10 00:52:09 - [MESSAGE][PASSED] - 3 options of object 'Object Repository/DispensaryToStore/Page_Store/select_--Select--BA1170BA2376B' counted

2018-06-10 00:52:09 - [TEST_STEP][PASSED] - Statement - For ([g = 1, g <= BatchNumber - 1, (g++)]): null

2018-06-10 00:52:09 - [TEST_STEP][PASSED] - selectOptionByIndex: All options with index in [1] are selected on object 'Object Repository/DispensaryToStore/Page_Store/select_--Select--BA1170BA2376B'

2018-06-10 00:52:09 - [MESSAGE][PASSED] - All options with index in [1] are selected on object 'Object Repository/DispensaryToStore/Page_Store/select_--Select--BA1170BA2376B'

2018-06-10 00:52:09 - [TEST_STEP][PASSED] - Statement - Try: null

2018-06-10 00:52:09 - [TEST_STEP][PASSED] - Statement - StockQty = com.kms.katalon.core.webui.keyword.WebUiBuiltInKeywords.getAttribute(com.kms.katalon.core.testobject.ObjectRepository.findTestObject(DispensaryToStore/Page_Store/input_txtprice), "value"): Attribute 'value' of object 'Object Repository/DispensaryToStore/Page_Store/input_txtprice' is: ''

2018-06-10 00:52:09 - [MESSAGE][PASSED] - Attribute 'value' of object 'Object Repository/DispensaryToStore/Page_Store/input_txtprice' is: ''

2018-06-10 00:52:09 - [TEST_STEP][PASSED] - Statement - out.println("Stock QTY : " + StockQty): null

2018-06-10 00:52:09 - [TEST_STEP][PASSED] - delay: Delayed 2 second(s)

2018-06-10 00:52:11 - [MESSAGE][PASSED] - Delayed 2 second(s)

2018-06-10 00:52:11 - [TEST_STEP][PASSED] - Statement - If (java.lang.String.valueOf(StockQty) >= java.lang.String.valueOf(RequestedQty)): null

2018-06-10 00:52:11 - [TEST_STEP][PASSED] - Statement - Else: null

2018-06-10 00:52:11 - [TEST_STEP][PASSED] - Statement - out.println("Stock Is Less Than Requested Qty"): null

2018-06-10 00:52:11 - [TEST_STEP][PASSED] - selectOptionByIndex: All options with index in [2] are selected on object 'Object Repository/DispensaryToStore/Page_Store/select_--Select--BA1170BA2376B'

2018-06-10 00:52:11 - [MESSAGE][PASSED] - All options with index in [2] are selected on object 'Object Repository/DispensaryToStore/Page_Store/select_--Select--BA1170BA2376B'

2018-06-10 00:52:11 - [TEST_STEP][PASSED] - Statement - Try: null

2018-06-10 00:52:11 - [TEST_STEP][PASSED] - Statement - StockQty = com.kms.katalon.core.webui.keyword.WebUiBuiltInKeywords.getAttribute(com.kms.katalon.core.testobject.ObjectRepository.findTestObject(DispensaryToStore/Page_Store/input_txtprice), "value"): Attribute 'value' of object 'Object Repository/DispensaryToStore/Page_Store/input_txtprice' is: '160'

2018-06-10 00:52:11 - [MESSAGE][PASSED] - Attribute 'value' of object 'Object Repository/DispensaryToStore/Page_Store/input_txtprice' is: '160'

2018-06-10 00:52:11 - [TEST_STEP][PASSED] - Statement - out.println("Stock QTY : " + StockQty): null

2018-06-10 00:52:11 - [TEST_STEP][PASSED] - delay: Delayed 2 second(s)

2018-06-10 00:52:13 - [MESSAGE][PASSED] - Delayed 2 second(s)

2018-06-10 00:52:13 - [TEST_STEP][PASSED] - Statement - If (java.lang.String.valueOf(StockQty) >= java.lang.String.valueOf(RequestedQty)): null

2018-06-10 00:52:13 - [TEST_STEP][PASSED] - setText: Text '10' is set on object 'Object Repository/DispensaryToStore/Page_Store/input_txtqty'

2018-06-10 00:52:13 - [MESSAGE][PASSED] - Text '10' is set on object 'Object Repository/DispensaryToStore/Page_Store/input_txtqty'

2018-06-10 00:52:13 - [TEST_STEP][PASSED] - click: Object: 'Object Repository/DispensaryToStore/Page_Store/button_Add' is clicked on

2018-06-10 00:52:13 - [MESSAGE][PASSED] - Object: 'Object Repository/DispensaryToStore/Page_Store/button_Add' is clicked on

2018-06-10 00:52:13 - [TEST_STEP][PASSED] - Statement - Break: null

2018-06-10 00:52:13 - [TEST_STEP][PASSED] - selectOptionByIndex: All options with index in [55] are selected on object 'Object Repository/DispensaryToStore/Page_Store/select_--Select--Adernaline 0.'

2018-06-10 00:52:14 - [MESSAGE][PASSED] - All options with index in [55] are selected on object 'Object Repository/DispensaryToStore/Page_Store/select_--Select--Adernaline 0.'

2018-06-10 00:52:14 - [TEST_STEP][PASSED] - delay: Delayed 2 second(s)

2018-06-10 00:52:16 - [MESSAGE][PASSED] - Delayed 2 second(s)

2018-06-10 00:52:16 - [TEST_STEP][PASSED] - Statement - RequestedQty = com.kms.katalon.core.webui.keyword.WebUiBuiltInKeywords.getAttribute(com.kms.katalon.core.testobject.ObjectRepository.findTestObject(DispensaryToStore/Page_Store/input_txttotal), "value"): Attribute 'value' of object 'Object Repository/DispensaryToStore/Page_Store/input_txttotal' is: '10'

2018-06-10 00:52:16 - [MESSAGE][PASSED] - Attribute 'value' of object 'Object Repository/DispensaryToStore/Page_Store/input_txttotal' is: '10'

2018-06-10 00:52:16 - [TEST_STEP][PASSED] - Statement - out.println("Requested QTY : " + RequestedQty): null

2018-06-10 00:52:16 - [TEST_STEP][PASSED] - Statement - BatchNumber = com.kms.katalon.core.webui.keyword.WebUiBuiltInKeywords.getNumberOfTotalOption(com.kms.katalon.core.testobject.ObjectRepository.findTestObject(DispensaryToStore/Page_Store/select_--Select--BA1170BA2376B)): 2 options of object 'Object Repository/DispensaryToStore/Page_Store/select_--Select--BA1170BA2376B' counted

2018-06-10 00:52:16 - [MESSAGE][PASSED] - 2 options of object 'Object Repository/DispensaryToStore/Page_Store/select_--Select--BA1170BA2376B' counted

2018-06-10 00:52:16 - [TEST_STEP][PASSED] - Statement - For ([g = 1, g <= BatchNumber - 1, (g++)]): null

2018-06-10 00:52:16 - [TEST_STEP][PASSED] - selectOptionByIndex: All options with index in [1] are selected on object 'Object Repository/DispensaryToStore/Page_Store/select_--Select--BA1170BA2376B'

2018-06-10 00:52:16 - [MESSAGE][PASSED] - All options with index in [1] are selected on object 'Object Repository/DispensaryToStore/Page_Store/select_--Select--BA1170BA2376B'

2018-06-10 00:52:16 - [TEST_STEP][PASSED] - Statement - Try: null

2018-06-10 00:52:16 - [TEST_STEP][PASSED] - Statement - StockQty = com.kms.katalon.core.webui.keyword.WebUiBuiltInKeywords.getAttribute(com.kms.katalon.core.testobject.ObjectRepository.findTestObject(DispensaryToStore/Page_Store/input_txtprice), "value"): Attribute 'value' of object 'Object Repository/DispensaryToStore/Page_Store/input_txtprice' is: '420'

2018-06-10 00:52:16 - [MESSAGE][PASSED] - Attribute 'value' of object 'Object Repository/DispensaryToStore/Page_Store/input_txtprice' is: '420'

2018-06-10 00:52:16 - [TEST_STEP][PASSED] - Statement - out.println("Stock QTY : " + StockQty): null

2018-06-10 00:52:16 - [TEST_STEP][PASSED] - delay: Delayed 2 second(s)

2018-06-10 00:52:18 - [MESSAGE][PASSED] - Delayed 2 second(s)

2018-06-10 00:52:18 - [TEST_STEP][PASSED] - Statement - If (java.lang.String.valueOf(StockQty) >= java.lang.String.valueOf(RequestedQty)): null

2018-06-10 00:52:18 - [TEST_STEP][PASSED] - setText: Text '10' is set on object 'Object Repository/DispensaryToStore/Page_Store/input_txtqty'

2018-06-10 00:52:18 - [MESSAGE][PASSED] - Text '10' is set on object 'Object Repository/DispensaryToStore/Page_Store/input_txtqty'

2018-06-10 00:52:18 - [TEST_STEP][PASSED] - click: Object: 'Object Repository/DispensaryToStore/Page_Store/button_Add' is clicked on

2018-06-10 00:52:18 - [MESSAGE][PASSED] - Object: 'Object Repository/DispensaryToStore/Page_Store/button_Add' is clicked on

2018-06-10 00:52:18 - [TEST_STEP][PASSED] - Statement - Break: null

2018-06-10 00:52:18 - [TEST_STEP][PASSED] - selectOptionByIndex: All options with index in [56] are selected on object 'Object Repository/DispensaryToStore/Page_Store/select_--Select--Adernaline 0.'

2018-06-10 00:52:19 - [MESSAGE][PASSED] - All options with index in [56] are selected on object 'Object Repository/DispensaryToStore/Page_Store/select_--Select--Adernaline 0.'

2018-06-10 00:52:19 - [TEST_STEP][PASSED] - delay: Delayed 2 second(s)

2018-06-10 00:52:21 - [MESSAGE][PASSED] - Delayed 2 second(s)

2018-06-10 00:52:21 - [TEST_STEP][PASSED] - Statement - RequestedQty = com.kms.katalon.core.webui.keyword.WebUiBuiltInKeywords.getAttribute(com.kms.katalon.core.testobject.ObjectRepository.findTestObject(DispensaryToStore/Page_Store/input_txttotal), "value"): Attribute 'value' of object 'Object Repository/DispensaryToStore/Page_Store/input_txttotal' is: '10'

2018-06-10 00:52:21 - [MESSAGE][PASSED] - Attribute 'value' of object 'Object Repository/DispensaryToStore/Page_Store/input_txttotal' is: '10'

2018-06-10 00:52:21 - [TEST_STEP][PASSED] - Statement - out.println("Requested QTY : " + RequestedQty): null

2018-06-10 00:52:21 - [TEST_STEP][PASSED] - Statement - BatchNumber = com.kms.katalon.core.webui.keyword.WebUiBuiltInKeywords.getNumberOfTotalOption(com.kms.katalon.core.testobject.ObjectRepository.findTestObject(DispensaryToStore/Page_Store/select_--Select--BA1170BA2376B)): 3 options of object 'Object Repository/DispensaryToStore/Page_Store/select_--Select--BA1170BA2376B' counted

2018-06-10 00:52:21 - [MESSAGE][PASSED] - 3 options of object 'Object Repository/DispensaryToStore/Page_Store/select_--Select--BA1170BA2376B' counted

2018-06-10 00:52:21 - [TEST_STEP][PASSED] - Statement - For ([g = 1, g <= BatchNumber - 1, (g++)]): null

2018-06-10 00:52:21 - [TEST_STEP][PASSED] - selectOptionByIndex: All options with index in [1] are selected on object 'Object Repository/DispensaryToStore/Page_Store/select_--Select--BA1170BA2376B'

2018-06-10 00:52:21 - [MESSAGE][PASSED] - All options with index in [1] are selected on object 'Object Repository/DispensaryToStore/Page_Store/select_--Select--BA1170BA2376B'

2018-06-10 00:52:21 - [TEST_STEP][PASSED] - Statement - Try: null

2018-06-10 00:52:21 - [TEST_STEP][PASSED] - Statement - StockQty = com.kms.katalon.core.webui.keyword.WebUiBuiltInKeywords.getAttribute(com.kms.katalon.core.testobject.ObjectRepository.findTestObject(DispensaryToStore/Page_Store/input_txtprice), "value"): Attribute 'value' of object 'Object Repository/DispensaryToStore/Page_Store/input_txtprice' is: '260'

2018-06-10 00:52:21 - [MESSAGE][PASSED] - Attribute 'value' of object 'Object Repository/DispensaryToStore/Page_Store/input_txtprice' is: '260'

2018-06-10 00:52:21 - [TEST_STEP][PASSED] - Statement - out.println("Stock QTY : " + StockQty): null

2018-06-10 00:52:21 - [TEST_STEP][PASSED] - delay: Delayed 2 second(s)

2018-06-10 00:52:23 - [MESSAGE][PASSED] - Delayed 2 second(s)

2018-06-10 00:52:23 - [TEST_STEP][PASSED] - Statement - If (java.lang.String.valueOf(StockQty) >= java.lang.String.valueOf(RequestedQty)): null

2018-06-10 00:52:23 - [TEST_STEP][PASSED] - setText: Text '10' is set on object 'Object Repository/DispensaryToStore/Page_Store/input_txtqty'

2018-06-10 00:52:23 - [MESSAGE][PASSED] - Text '10' is set on object 'Object Repository/DispensaryToStore/Page_Store/input_txtqty'

2018-06-10 00:52:23 - [TEST_STEP][PASSED] - click: Object: 'Object Repository/DispensaryToStore/Page_Store/button_Add' is clicked on

2018-06-10 00:52:23 - [MESSAGE][PASSED] - Object: 'Object Repository/DispensaryToStore/Page_Store/button_Add' is clicked on

2018-06-10 00:52:23 - [TEST_STEP][PASSED] - Statement - Break: null

2018-06-10 00:52:23 - [TEST_STEP][PASSED] - selectOptionByIndex: All options with index in [57] are selected on object 'Object Repository/DispensaryToStore/Page_Store/select_--Select--Adernaline 0.'

2018-06-10 00:52:24 - [MESSAGE][PASSED] - All options with index in [57] are selected on object 'Object Repository/DispensaryToStore/Page_Store/select_--Select--Adernaline 0.'

2018-06-10 00:52:24 - [TEST_STEP][PASSED] - delay: Delayed 2 second(s)

2018-06-10 00:52:26 - [MESSAGE][PASSED] - Delayed 2 second(s)

2018-06-10 00:52:26 - [TEST_STEP][PASSED] - Statement - RequestedQty = com.kms.katalon.core.webui.keyword.WebUiBuiltInKeywords.getAttribute(com.kms.katalon.core.testobject.ObjectRepository.findTestObject(DispensaryToStore/Page_Store/input_txttotal), "value"): Attribute 'value' of object 'Object Repository/DispensaryToStore/Page_Store/input_txttotal' is: '10'

2018-06-10 00:52:26 - [MESSAGE][PASSED] - Attribute 'value' of object 'Object Repository/DispensaryToStore/Page_Store/input_txttotal' is: '10'

2018-06-10 00:52:26 - [TEST_STEP][PASSED] - Statement - out.println("Requested QTY : " + RequestedQty): null

2018-06-10 00:52:26 - [TEST_STEP][PASSED] - Statement - BatchNumber = com.kms.katalon.core.webui.keyword.WebUiBuiltInKeywords.getNumberOfTotalOption(com.kms.katalon.core.testobject.ObjectRepository.findTestObject(DispensaryToStore/Page_Store/select_--Select--BA1170BA2376B)): 3 options of object 'Object Repository/DispensaryToStore/Page_Store/select_--Select--BA1170BA2376B' counted

2018-06-10 00:52:26 - [MESSAGE][PASSED] - 3 options of object 'Object Repository/DispensaryToStore/Page_Store/select_--Select--BA1170BA2376B' counted

2018-06-10 00:52:26 - [TEST_STEP][PASSED] - Statement - For ([g = 1, g <= BatchNumber - 1, (g++)]): null

2018-06-10 00:52:26 - [TEST_STEP][PASSED] - selectOptionByIndex: All options with index in [1] are selected on object 'Object Repository/DispensaryToStore/Page_Store/select_--Select--BA1170BA2376B'

2018-06-10 00:52:26 - [MESSAGE][PASSED] - All options with index in [1] are selected on object 'Object Repository/DispensaryToStore/Page_Store/select_--Select--BA1170BA2376B'

2018-06-10 00:52:26 - [TEST_STEP][PASSED] - Statement - Try: null

2018-06-10 00:52:26 - [TEST_STEP][PASSED] - Statement - StockQty = com.kms.katalon.core.webui.keyword.WebUiBuiltInKeywords.getAttribute(com.kms.katalon.core.testobject.ObjectRepository.findTestObject(DispensaryToStore/Page_Store/input_txtprice), "value"): Attribute 'value' of object 'Object Repository/DispensaryToStore/Page_Store/input_txtprice' is: '120'

2018-06-10 00:52:26 - [MESSAGE][PASSED] - Attribute 'value' of object 'Object Repository/DispensaryToStore/Page_Store/input_txtprice' is: '120'

2018-06-10 00:52:26 - [TEST_STEP][PASSED] - Statement - out.println("Stock QTY : " + StockQty): null

2018-06-10 00:52:26 - [TEST_STEP][PASSED] - delay: Delayed 2 second(s)

2018-06-10 00:52:28 - [MESSAGE][PASSED] - Delayed 2 second(s)

2018-06-10 00:52:28 - [TEST_STEP][PASSED] - Statement - If (java.lang.String.valueOf(StockQty) >= java.lang.String.valueOf(RequestedQty)): null

2018-06-10 00:52:28 - [TEST_STEP][PASSED] - setText: Text '10' is set on object 'Object Repository/DispensaryToStore/Page_Store/input_txtqty'

2018-06-10 00:52:28 - [MESSAGE][PASSED] - Text '10' is set on object 'Object Repository/DispensaryToStore/Page_Store/input_txtqty'

2018-06-10 00:52:28 - [TEST_STEP][PASSED] - click: Object: 'Object Repository/DispensaryToStore/Page_Store/button_Add' is clicked on

2018-06-10 00:52:28 - [MESSAGE][PASSED] - Object: 'Object Repository/DispensaryToStore/Page_Store/button_Add' is clicked on

2018-06-10 00:52:28 - [TEST_STEP][PASSED] - Statement - Break: null

2018-06-10 00:52:28 - [TEST_STEP][PASSED] - selectOptionByIndex: All options with index in [58] are selected on object 'Object Repository/DispensaryToStore/Page_Store/select_--Select--Adernaline 0.'

2018-06-10 00:52:29 - [MESSAGE][PASSED] - All options with index in [58] are selected on object 'Object Repository/DispensaryToStore/Page_Store/select_--Select--Adernaline 0.'

2018-06-10 00:52:29 - [TEST_STEP][PASSED] - delay: Delayed 2 second(s)

2018-06-10 00:52:31 - [MESSAGE][PASSED] - Delayed 2 second(s)

2018-06-10 00:52:31 - [TEST_STEP][PASSED] - Statement - RequestedQty = com.kms.katalon.core.webui.keyword.WebUiBuiltInKeywords.getAttribute(com.kms.katalon.core.testobject.ObjectRepository.findTestObject(DispensaryToStore/Page_Store/input_txttotal), "value"): Attribute 'value' of object 'Object Repository/DispensaryToStore/Page_Store/input_txttotal' is: '10'

2018-06-10 00:52:31 - [MESSAGE][PASSED] - Attribute 'value' of object 'Object Repository/DispensaryToStore/Page_Store/input_txttotal' is: '10'

2018-06-10 00:52:31 - [TEST_STEP][PASSED] - Statement - out.println("Requested QTY : " + RequestedQty): null

2018-06-10 00:52:31 - [TEST_STEP][PASSED] - Statement - BatchNumber = com.kms.katalon.core.webui.keyword.WebUiBuiltInKeywords.getNumberOfTotalOption(com.kms.katalon.core.testobject.ObjectRepository.findTestObject(DispensaryToStore/Page_Store/select_--Select--BA1170BA2376B)): 2 options of object 'Object Repository/DispensaryToStore/Page_Store/select_--Select--BA1170BA2376B' counted

2018-06-10 00:52:31 - [MESSAGE][PASSED] - 2 options of object 'Object Repository/DispensaryToStore/Page_Store/select_--Select--BA1170BA2376B' counted

2018-06-10 00:52:31 - [TEST_STEP][PASSED] - Statement - For ([g = 1, g <= BatchNumber - 1, (g++)]): null

2018-06-10 00:52:31 - [TEST_STEP][PASSED] - selectOptionByIndex: All options with index in [1] are selected on object 'Object Repository/DispensaryToStore/Page_Store/select_--Select--BA1170BA2376B'

2018-06-10 00:52:31 - [MESSAGE][PASSED] - All options with index in [1] are selected on object 'Object Repository/DispensaryToStore/Page_Store/select_--Select--BA1170BA2376B'

2018-06-10 00:52:31 - [TEST_STEP][PASSED] - Statement - Try: null

2018-06-10 00:52:31 - [TEST_STEP][PASSED] - Statement - StockQty = com.kms.katalon.core.webui.keyword.WebUiBuiltInKeywords.getAttribute(com.kms.katalon.core.testobject.ObjectRepository.findTestObject(DispensaryToStore/Page_Store/input_txtprice), "value"): Attribute 'value' of object 'Object Repository/DispensaryToStore/Page_Store/input_txtprice' is: '430'

2018-06-10 00:52:31 - [MESSAGE][PASSED] - Attribute 'value' of object 'Object Repository/DispensaryToStore/Page_Store/input_txtprice' is: '430'

2018-06-10 00:52:31 - [TEST_STEP][PASSED] - Statement - out.println("Stock QTY : " + StockQty): null

2018-06-10 00:52:31 - [TEST_STEP][PASSED] - delay: Delayed 2 second(s)

2018-06-10 00:52:33 - [MESSAGE][PASSED] - Delayed 2 second(s)

2018-06-10 00:52:33 - [TEST_STEP][PASSED] - Statement - If (java.lang.String.valueOf(StockQty) >= java.lang.String.valueOf(RequestedQty)): null

2018-06-10 00:52:33 - [TEST_STEP][PASSED] - setText: Text '10' is set on object 'Object Repository/DispensaryToStore/Page_Store/input_txtqty'

2018-06-10 00:52:33 - [MESSAGE][PASSED] - Text '10' is set on object 'Object Repository/DispensaryToStore/Page_Store/input_txtqty'

2018-06-10 00:52:33 - [TEST_STEP][PASSED] - click: Object: 'Object Repository/DispensaryToStore/Page_Store/button_Add' is clicked on

2018-06-10 00:52:33 - [MESSAGE][PASSED] - Object: 'Object Repository/DispensaryToStore/Page_Store/button_Add' is clicked on

2018-06-10 00:52:33 - [TEST_STEP][PASSED] - Statement - Break: null

2018-06-10 00:52:33 - [TEST_STEP][PASSED] - selectOptionByIndex: All options with index in [59] are selected on object 'Object Repository/DispensaryToStore/Page_Store/select_--Select--Adernaline 0.'

2018-06-10 00:52:34 - [MESSAGE][PASSED] - All options with index in [59] are selected on object 'Object Repository/DispensaryToStore/Page_Store/select_--Select--Adernaline 0.'

2018-06-10 00:52:34 - [TEST_STEP][PASSED] - delay: Delayed 2 second(s)

2018-06-10 00:52:36 - [MESSAGE][PASSED] - Delayed 2 second(s)

2018-06-10 00:52:36 - [TEST_STEP][PASSED] - Statement - RequestedQty = com.kms.katalon.core.webui.keyword.WebUiBuiltInKeywords.getAttribute(com.kms.katalon.core.testobject.ObjectRepository.findTestObject(DispensaryToStore/Page_Store/input_txttotal), "value"): Attribute 'value' of object 'Object Repository/DispensaryToStore/Page_Store/input_txttotal' is: '10'

2018-06-10 00:52:36 - [MESSAGE][PASSED] - Attribute 'value' of object 'Object Repository/DispensaryToStore/Page_Store/input_txttotal' is: '10'

2018-06-10 00:52:36 - [TEST_STEP][PASSED] - Statement - out.println("Requested QTY : " + RequestedQty): null

2018-06-10 00:52:36 - [TEST_STEP][PASSED] - Statement - BatchNumber = com.kms.katalon.core.webui.keyword.WebUiBuiltInKeywords.getNumberOfTotalOption(com.kms.katalon.core.testobject.ObjectRepository.findTestObject(DispensaryToStore/Page_Store/select_--Select--BA1170BA2376B)): 3 options of object 'Object Repository/DispensaryToStore/Page_Store/select_--Select--BA1170BA2376B' counted

2018-06-10 00:52:36 - [MESSAGE][PASSED] - 3 options of object 'Object Repository/DispensaryToStore/Page_Store/select_--Select--BA1170BA2376B' counted

2018-06-10 00:52:36 - [TEST_STEP][PASSED] - Statement - For ([g = 1, g <= BatchNumber - 1, (g++)]): null

2018-06-10 00:52:36 - [TEST_STEP][PASSED] - selectOptionByIndex: All options with index in [1] are selected on object 'Object Repository/DispensaryToStore/Page_Store/select_--Select--BA1170BA2376B'

2018-06-10 00:52:36 - [MESSAGE][PASSED] - All options with index in [1] are selected on object 'Object Repository/DispensaryToStore/Page_Store/select_--Select--BA1170BA2376B'

2018-06-10 00:52:36 - [TEST_STEP][PASSED] - Statement - Try: null

2018-06-10 00:52:36 - [TEST_STEP][PASSED] - Statement - StockQty = com.kms.katalon.core.webui.keyword.WebUiBuiltInKeywords.getAttribute(com.kms.katalon.core.testobject.ObjectRepository.findTestObject(DispensaryToStore/Page_Store/input_txtprice), "value"): Attribute 'value' of object 'Object Repository/DispensaryToStore/Page_Store/input_txtprice' is: '260'

2018-06-10 00:52:36 - [MESSAGE][PASSED] - Attribute 'value' of object 'Object Repository/DispensaryToStore/Page_Store/input_txtprice' is: '260'

2018-06-10 00:52:36 - [TEST_STEP][PASSED] - Statement - out.println("Stock QTY : " + StockQty): null

2018-06-10 00:52:36 - [TEST_STEP][PASSED] - delay: Delayed 2 second(s)

2018-06-10 00:52:38 - [MESSAGE][PASSED] - Delayed 2 second(s)

2018-06-10 00:52:38 - [TEST_STEP][PASSED] - Statement - If (java.lang.String.valueOf(StockQty) >= java.lang.String.valueOf(RequestedQty)): null

2018-06-10 00:52:38 - [TEST_STEP][PASSED] - setText: Text '10' is set on object 'Object Repository/DispensaryToStore/Page_Store/input_txtqty'

2018-06-10 00:52:38 - [MESSAGE][PASSED] - Text '10' is set on object 'Object Repository/DispensaryToStore/Page_Store/input_txtqty'

2018-06-10 00:52:38 - [TEST_STEP][PASSED] - click: Object: 'Object Repository/DispensaryToStore/Page_Store/button_Add' is clicked on

2018-06-10 00:52:38 - [MESSAGE][PASSED] - Object: 'Object Repository/DispensaryToStore/Page_Store/button_Add' is clicked on

2018-06-10 00:52:38 - [TEST_STEP][PASSED] - Statement - Break: null

2018-06-10 00:52:38 - [TEST_STEP][PASSED] - selectOptionByIndex: All options with index in [60] are selected on object 'Object Repository/DispensaryToStore/Page_Store/select_--Select--Adernaline 0.'

2018-06-10 00:52:39 - [MESSAGE][PASSED] - All options with index in [60] are selected on object 'Object Repository/DispensaryToStore/Page_Store/select_--Select--Adernaline 0.'

2018-06-10 00:52:39 - [TEST_STEP][PASSED] - delay: Delayed 2 second(s)

2018-06-10 00:52:41 - [MESSAGE][PASSED] - Delayed 2 second(s)

2018-06-10 00:52:41 - [TEST_STEP][PASSED] - Statement - RequestedQty = com.kms.katalon.core.webui.keyword.WebUiBuiltInKeywords.getAttribute(com.kms.katalon.core.testobject.ObjectRepository.findTestObject(DispensaryToStore/Page_Store/input_txttotal), "value"): Attribute 'value' of object 'Object Repository/DispensaryToStore/Page_Store/input_txttotal' is: '10'

2018-06-10 00:52:41 - [MESSAGE][PASSED] - Attribute 'value' of object 'Object Repository/DispensaryToStore/Page_Store/input_txttotal' is: '10'

2018-06-10 00:52:41 - [TEST_STEP][PASSED] - Statement - out.println("Requested QTY : " + RequestedQty): null

2018-06-10 00:52:41 - [TEST_STEP][PASSED] - Statement - BatchNumber = com.kms.katalon.core.webui.keyword.WebUiBuiltInKeywords.getNumberOfTotalOption(com.kms.katalon.core.testobject.ObjectRepository.findTestObject(DispensaryToStore/Page_Store/select_--Select--BA1170BA2376B)): 2 options of object 'Object Repository/DispensaryToStore/Page_Store/select_--Select--BA1170BA2376B' counted

2018-06-10 00:52:41 - [MESSAGE][PASSED] - 2 options of object 'Object Repository/DispensaryToStore/Page_Store/select_--Select--BA1170BA2376B' counted

2018-06-10 00:52:41 - [TEST_STEP][PASSED] - Statement - For ([g = 1, g <= BatchNumber - 1, (g++)]): null

2018-06-10 00:52:41 - [TEST_STEP][PASSED] - selectOptionByIndex: All options with index in [1] are selected on object 'Object Repository/DispensaryToStore/Page_Store/select_--Select--BA1170BA2376B'

2018-06-10 00:52:41 - [MESSAGE][PASSED] - All options with index in [1] are selected on object 'Object Repository/DispensaryToStore/Page_Store/select_--Select--BA1170BA2376B'

2018-06-10 00:52:41 - [TEST_STEP][PASSED] - Statement - Try: null

2018-06-10 00:52:41 - [TEST_STEP][PASSED] - Statement - StockQty = com.kms.katalon.core.webui.keyword.WebUiBuiltInKeywords.getAttribute(com.kms.katalon.core.testobject.ObjectRepository.findTestObject(DispensaryToStore/Page_Store/input_txtprice), "value"): Attribute 'value' of object 'Object Repository/DispensaryToStore/Page_Store/input_txtprice' is: '420'

2018-06-10 00:52:41 - [MESSAGE][PASSED] - Attribute 'value' of object 'Object Repository/DispensaryToStore/Page_Store/input_txtprice' is: '420'

2018-06-10 00:52:41 - [TEST_STEP][PASSED] - Statement - out.println("Stock QTY : " + StockQty): null

2018-06-10 00:52:41 - [TEST_STEP][PASSED] - delay: Delayed 2 second(s)

2018-06-10 00:52:43 - [MESSAGE][PASSED] - Delayed 2 second(s)

2018-06-10 00:52:43 - [TEST_STEP][PASSED] - Statement - If (java.lang.String.valueOf(StockQty) >= java.lang.String.valueOf(RequestedQty)): null

2018-06-10 00:52:43 - [TEST_STEP][PASSED] - setText: Text '10' is set on object 'Object Repository/DispensaryToStore/Page_Store/input_txtqty'

2018-06-10 00:52:43 - [MESSAGE][PASSED] - Text '10' is set on object 'Object Repository/DispensaryToStore/Page_Store/input_txtqty'

2018-06-10 00:52:43 - [TEST_STEP][PASSED] - click: Object: 'Object Repository/DispensaryToStore/Page_Store/button_Add' is clicked on

2018-06-10 00:52:43 - [MESSAGE][PASSED] - Object: 'Object Repository/DispensaryToStore/Page_Store/button_Add' is clicked on

2018-06-10 00:52:43 - [TEST_STEP][PASSED] - Statement - Break: null

2018-06-10 00:52:43 - [TEST_STEP][PASSED] - selectOptionByIndex: All options with index in [61] are selected on object 'Object Repository/DispensaryToStore/Page_Store/select_--Select--Adernaline 0.'

2018-06-10 00:52:44 - [MESSAGE][PASSED] - All options with index in [61] are selected on object 'Object Repository/DispensaryToStore/Page_Store/select_--Select--Adernaline 0.'

2018-06-10 00:52:44 - [TEST_STEP][PASSED] - delay: Delayed 2 second(s)

2018-06-10 00:52:46 - [MESSAGE][PASSED] - Delayed 2 second(s)

2018-06-10 00:52:46 - [TEST_STEP][PASSED] - Statement - RequestedQty = com.kms.katalon.core.webui.keyword.WebUiBuiltInKeywords.getAttribute(com.kms.katalon.core.testobject.ObjectRepository.findTestObject(DispensaryToStore/Page_Store/input_txttotal), "value"): Attribute 'value' of object 'Object Repository/DispensaryToStore/Page_Store/input_txttotal' is: '10'

2018-06-10 00:52:46 - [MESSAGE][PASSED] - Attribute 'value' of object 'Object Repository/DispensaryToStore/Page_Store/input_txttotal' is: '10'

2018-06-10 00:52:46 - [TEST_STEP][PASSED] - Statement - out.println("Requested QTY : " + RequestedQty): null

2018-06-10 00:52:46 - [TEST_STEP][PASSED] - Statement - BatchNumber = com.kms.katalon.core.webui.keyword.WebUiBuiltInKeywords.getNumberOfTotalOption(com.kms.katalon.core.testobject.ObjectRepository.findTestObject(DispensaryToStore/Page_Store/select_--Select--BA1170BA2376B)): 2 options of object 'Object Repository/DispensaryToStore/Page_Store/select_--Select--BA1170BA2376B' counted

2018-06-10 00:52:46 - [MESSAGE][PASSED] - 2 options of object 'Object Repository/DispensaryToStore/Page_Store/select_--Select--BA1170BA2376B' counted

2018-06-10 00:52:46 - [TEST_STEP][PASSED] - Statement - For ([g = 1, g <= BatchNumber - 1, (g++)]): null

2018-06-10 00:52:46 - [TEST_STEP][PASSED] - selectOptionByIndex: All options with index in [1] are selected on object 'Object Repository/DispensaryToStore/Page_Store/select_--Select--BA1170BA2376B'

2018-06-10 00:52:46 - [MESSAGE][PASSED] - All options with index in [1] are selected on object 'Object Repository/DispensaryToStore/Page_Store/select_--Select--BA1170BA2376B'

2018-06-10 00:52:46 - [TEST_STEP][PASSED] - Statement - Try: null

2018-06-10 00:52:46 - [TEST_STEP][PASSED] - Statement - StockQty = com.kms.katalon.core.webui.keyword.WebUiBuiltInKeywords.getAttribute(com.kms.katalon.core.testobject.ObjectRepository.findTestObject(DispensaryToStore/Page_Store/input_txtprice), "value"): Attribute 'value' of object 'Object Repository/DispensaryToStore/Page_Store/input_txtprice' is: '420'

2018-06-10 00:52:46 - [MESSAGE][PASSED] - Attribute 'value' of object 'Object Repository/DispensaryToStore/Page_Store/input_txtprice' is: '420'

2018-06-10 00:52:46 - [TEST_STEP][PASSED] - Statement - out.println("Stock QTY : " + StockQty): null

2018-06-10 00:52:46 - [TEST_STEP][PASSED] - delay: Delayed 2 second(s)

2018-06-10 00:52:48 - [MESSAGE][PASSED] - Delayed 2 second(s)

2018-06-10 00:52:48 - [TEST_STEP][PASSED] - Statement - If (java.lang.String.valueOf(StockQty) >= java.lang.String.valueOf(RequestedQty)): null

2018-06-10 00:52:48 - [TEST_STEP][PASSED] - setText: Text '10' is set on object 'Object Repository/DispensaryToStore/Page_Store/input_txtqty'

2018-06-10 00:52:48 - [MESSAGE][PASSED] - Text '10' is set on object 'Object Repository/DispensaryToStore/Page_Store/input_txtqty'

2018-06-10 00:52:48 - [TEST_STEP][PASSED] - click: Object: 'Object Repository/DispensaryToStore/Page_Store/button_Add' is clicked on

2018-06-10 00:52:49 - [MESSAGE][PASSED] - Object: 'Object Repository/DispensaryToStore/Page_Store/button_Add' is clicked on

2018-06-10 00:52:49 - [TEST_STEP][PASSED] - Statement - Break: null

2018-06-10 00:52:49 - [TEST_STEP][PASSED] - selectOptionByIndex: All options with index in [62] are selected on object 'Object Repository/DispensaryToStore/Page_Store/select_--Select--Adernaline 0.'

2018-06-10 00:52:49 - [MESSAGE][PASSED] - All options with index in [62] are selected on object 'Object Repository/DispensaryToStore/Page_Store/select_--Select--Adernaline 0.'

2018-06-10 00:52:49 - [TEST_STEP][PASSED] - delay: Delayed 2 second(s)

2018-06-10 00:52:51 - [MESSAGE][PASSED] - Delayed 2 second(s)

2018-06-10 00:52:51 - [TEST_STEP][PASSED] - Statement - RequestedQty = com.kms.katalon.core.webui.keyword.WebUiBuiltInKeywords.getAttribute(com.kms.katalon.core.testobject.ObjectRepository.findTestObject(DispensaryToStore/Page_Store/input_txttotal), "value"): Attribute 'value' of object 'Object Repository/DispensaryToStore/Page_Store/input_txttotal' is: '10'

2018-06-10 00:52:51 - [MESSAGE][PASSED] - Attribute 'value' of object 'Object Repository/DispensaryToStore/Page_Store/input_txttotal' is: '10'

2018-06-10 00:52:51 - [TEST_STEP][PASSED] - Statement - out.println("Requested QTY : " + RequestedQty): null

2018-06-10 00:52:51 - [TEST_STEP][PASSED] - Statement - BatchNumber = com.kms.katalon.core.webui.keyword.WebUiBuiltInKeywords.getNumberOfTotalOption(com.kms.katalon.core.testobject.ObjectRepository.findTestObject(DispensaryToStore/Page_Store/select_--Select--BA1170BA2376B)): 3 options of object 'Object Repository/DispensaryToStore/Page_Store/select_--Select--BA1170BA2376B' counted

2018-06-10 00:52:51 - [MESSAGE][PASSED] - 3 options of object 'Object Repository/DispensaryToStore/Page_Store/select_--Select--BA1170BA2376B' counted

2018-06-10 00:52:51 - [TEST_STEP][PASSED] - Statement - For ([g = 1, g <= BatchNumber - 1, (g++)]): null

2018-06-10 00:52:51 - [TEST_STEP][PASSED] - selectOptionByIndex: All options with index in [1] are selected on object 'Object Repository/DispensaryToStore/Page_Store/select_--Select--BA1170BA2376B'

2018-06-10 00:52:51 - [MESSAGE][PASSED] - All options with index in [1] are selected on object 'Object Repository/DispensaryToStore/Page_Store/select_--Select--BA1170BA2376B'

2018-06-10 00:52:51 - [TEST_STEP][PASSED] - Statement - Try: null

2018-06-10 00:52:51 - [TEST_STEP][PASSED] - Statement - StockQty = com.kms.katalon.core.webui.keyword.WebUiBuiltInKeywords.getAttribute(com.kms.katalon.core.testobject.ObjectRepository.findTestObject(DispensaryToStore/Page_Store/input_txtprice), "value"): Attribute 'value' of object 'Object Repository/DispensaryToStore/Page_Store/input_txtprice' is: '260'

2018-06-10 00:52:51 - [MESSAGE][PASSED] - Attribute 'value' of object 'Object Repository/DispensaryToStore/Page_Store/input_txtprice' is: '260'

2018-06-10 00:52:51 - [TEST_STEP][PASSED] - Statement - out.println("Stock QTY : " + StockQty): null

2018-06-10 00:52:51 - [TEST_STEP][PASSED] - delay: Delayed 2 second(s)

2018-06-10 00:52:53 - [MESSAGE][PASSED] - Delayed 2 second(s)

2018-06-10 00:52:53 - [TEST_STEP][PASSED] - Statement - If (java.lang.String.valueOf(StockQty) >= java.lang.String.valueOf(RequestedQty)): null

2018-06-10 00:52:53 - [TEST_STEP][PASSED] - setText: Text '10' is set on object 'Object Repository/DispensaryToStore/Page_Store/input_txtqty'

2018-06-10 00:52:54 - [MESSAGE][PASSED] - Text '10' is set on object 'Object Repository/DispensaryToStore/Page_Store/input_txtqty'

2018-06-10 00:52:54 - [TEST_STEP][PASSED] - click: Object: 'Object Repository/DispensaryToStore/Page_Store/button_Add' is clicked on

2018-06-10 00:52:54 - [MESSAGE][PASSED] - Object: 'Object Repository/DispensaryToStore/Page_Store/button_Add' is clicked on

2018-06-10 00:52:54 - [TEST_STEP][PASSED] - Statement - Break: null

2018-06-10 00:52:54 - [TEST_STEP][PASSED] - selectOptionByIndex: All options with index in [63] are selected on object 'Object Repository/DispensaryToStore/Page_Store/select_--Select--Adernaline 0.'

2018-06-10 00:52:54 - [MESSAGE][PASSED] - All options with index in [63] are selected on object 'Object Repository/DispensaryToStore/Page_Store/select_--Select--Adernaline 0.'

2018-06-10 00:52:54 - [TEST_STEP][PASSED] - delay: Delayed 2 second(s)

2018-06-10 00:52:56 - [MESSAGE][PASSED] - Delayed 2 second(s)

2018-06-10 00:52:56 - [TEST_STEP][PASSED] - Statement - RequestedQty = com.kms.katalon.core.webui.keyword.WebUiBuiltInKeywords.getAttribute(com.kms.katalon.core.testobject.ObjectRepository.findTestObject(DispensaryToStore/Page_Store/input_txttotal), "value"): Attribute 'value' of object 'Object Repository/DispensaryToStore/Page_Store/input_txttotal' is: '10'

2018-06-10 00:52:56 - [MESSAGE][PASSED] - Attribute 'value' of object 'Object Repository/DispensaryToStore/Page_Store/input_txttotal' is: '10'

2018-06-10 00:52:56 - [TEST_STEP][PASSED] - Statement - out.println("Requested QTY : " + RequestedQty): null

2018-06-10 00:52:56 - [TEST_STEP][PASSED] - Statement - BatchNumber = com.kms.katalon.core.webui.keyword.WebUiBuiltInKeywords.getNumberOfTotalOption(com.kms.katalon.core.testobject.ObjectRepository.findTestObject(DispensaryToStore/Page_Store/select_--Select--BA1170BA2376B)): 3 options of object 'Object Repository/DispensaryToStore/Page_Store/select_--Select--BA1170BA2376B' counted

2018-06-10 00:52:56 - [MESSAGE][PASSED] - 3 options of object 'Object Repository/DispensaryToStore/Page_Store/select_--Select--BA1170BA2376B' counted

2018-06-10 00:52:56 - [TEST_STEP][PASSED] - Statement - For ([g = 1, g <= BatchNumber - 1, (g++)]): null

2018-06-10 00:52:56 - [TEST_STEP][PASSED] - selectOptionByIndex: All options with index in [1] are selected on object 'Object Repository/DispensaryToStore/Page_Store/select_--Select--BA1170BA2376B'

2018-06-10 00:52:56 - [MESSAGE][PASSED] - All options with index in [1] are selected on object 'Object Repository/DispensaryToStore/Page_Store/select_--Select--BA1170BA2376B'

2018-06-10 00:52:56 - [TEST_STEP][PASSED] - Statement - Try: null

2018-06-10 00:52:56 - [TEST_STEP][PASSED] - Statement - StockQty = com.kms.katalon.core.webui.keyword.WebUiBuiltInKeywords.getAttribute(com.kms.katalon.core.testobject.ObjectRepository.findTestObject(DispensaryToStore/Page_Store/input_txtprice), "value"): Attribute 'value' of object 'Object Repository/DispensaryToStore/Page_Store/input_txtprice' is: '100'

2018-06-10 00:52:57 - [MESSAGE][PASSED] - Attribute 'value' of object 'Object Repository/DispensaryToStore/Page_Store/input_txtprice' is: '100'

2018-06-10 00:52:57 - [TEST_STEP][PASSED] - Statement - out.println("Stock QTY : " + StockQty): null

2018-06-10 00:52:57 - [TEST_STEP][PASSED] - delay: Delayed 2 second(s)

2018-06-10 00:52:59 - [MESSAGE][PASSED] - Delayed 2 second(s)

2018-06-10 00:52:59 - [TEST_STEP][PASSED] - Statement - If (java.lang.String.valueOf(StockQty) >= java.lang.String.valueOf(RequestedQty)): null

2018-06-10 00:52:59 - [TEST_STEP][PASSED] - setText: Text '10' is set on object 'Object Repository/DispensaryToStore/Page_Store/input_txtqty'

2018-06-10 00:52:59 - [MESSAGE][PASSED] - Text '10' is set on object 'Object Repository/DispensaryToStore/Page_Store/input_txtqty'

2018-06-10 00:52:59 - [TEST_STEP][PASSED] - click: Object: 'Object Repository/DispensaryToStore/Page_Store/button_Add' is clicked on

2018-06-10 00:52:59 - [MESSAGE][PASSED] - Object: 'Object Repository/DispensaryToStore/Page_Store/button_Add' is clicked on

2018-06-10 00:52:59 - [TEST_STEP][PASSED] - Statement - Break: null

2018-06-10 00:52:59 - [TEST_STEP][PASSED] - selectOptionByIndex: All options with index in [64] are selected on object 'Object Repository/DispensaryToStore/Page_Store/select_--Select--Adernaline 0.'

2018-06-10 00:52:59 - [MESSAGE][PASSED] - All options with index in [64] are selected on object 'Object Repository/DispensaryToStore/Page_Store/select_--Select--Adernaline 0.'

2018-06-10 00:52:59 - [TEST_STEP][PASSED] - delay: Delayed 2 second(s)

2018-06-10 00:53:01 - [MESSAGE][PASSED] - Delayed 2 second(s)

2018-06-10 00:53:01 - [TEST_STEP][PASSED] - Statement - RequestedQty = com.kms.katalon.core.webui.keyword.WebUiBuiltInKeywords.getAttribute(com.kms.katalon.core.testobject.ObjectRepository.findTestObject(DispensaryToStore/Page_Store/input_txttotal), "value"): Attribute 'value' of object 'Object Repository/DispensaryToStore/Page_Store/input_txttotal' is: '10'

2018-06-10 00:53:01 - [MESSAGE][PASSED] - Attribute 'value' of object 'Object Repository/DispensaryToStore/Page_Store/input_txttotal' is: '10'

2018-06-10 00:53:01 - [TEST_STEP][PASSED] - Statement - out.println("Requested QTY : " + RequestedQty): null

2018-06-10 00:53:01 - [TEST_STEP][PASSED] - Statement - BatchNumber = com.kms.katalon.core.webui.keyword.WebUiBuiltInKeywords.getNumberOfTotalOption(com.kms.katalon.core.testobject.ObjectRepository.findTestObject(DispensaryToStore/Page_Store/select_--Select--BA1170BA2376B)): 4 options of object 'Object Repository/DispensaryToStore/Page_Store/select_--Select--BA1170BA2376B' counted

2018-06-10 00:53:01 - [MESSAGE][PASSED] - 4 options of object 'Object Repository/DispensaryToStore/Page_Store/select_--Select--BA1170BA2376B' counted

2018-06-10 00:53:01 - [TEST_STEP][PASSED] - Statement - For ([g = 1, g <= BatchNumber - 1, (g++)]): null

2018-06-10 00:53:01 - [TEST_STEP][PASSED] - selectOptionByIndex: All options with index in [1] are selected on object 'Object Repository/DispensaryToStore/Page_Store/select_--Select--BA1170BA2376B'

2018-06-10 00:53:02 - [MESSAGE][PASSED] - All options with index in [1] are selected on object 'Object Repository/DispensaryToStore/Page_Store/select_--Select--BA1170BA2376B'

2018-06-10 00:53:02 - [TEST_STEP][PASSED] - Statement - Try: null

2018-06-10 00:53:02 - [TEST_STEP][PASSED] - Statement - StockQty = com.kms.katalon.core.webui.keyword.WebUiBuiltInKeywords.getAttribute(com.kms.katalon.core.testobject.ObjectRepository.findTestObject(DispensaryToStore/Page_Store/input_txtprice), "value"): Attribute 'value' of object 'Object Repository/DispensaryToStore/Page_Store/input_txtprice' is: '120'

2018-06-10 00:53:02 - [MESSAGE][PASSED] - Attribute 'value' of object 'Object Repository/DispensaryToStore/Page_Store/input_txtprice' is: '120'

2018-06-10 00:53:02 - [TEST_STEP][PASSED] - Statement - out.println("Stock QTY : " + StockQty): null

2018-06-10 00:53:02 - [TEST_STEP][PASSED] - delay: Delayed 2 second(s)

2018-06-10 00:53:04 - [MESSAGE][PASSED] - Delayed 2 second(s)

2018-06-10 00:53:04 - [TEST_STEP][PASSED] - Statement - If (java.lang.String.valueOf(StockQty) >= java.lang.String.valueOf(RequestedQty)): null

2018-06-10 00:53:04 - [TEST_STEP][PASSED] - setText: Text '10' is set on object 'Object Repository/DispensaryToStore/Page_Store/input_txtqty'

2018-06-10 00:53:04 - [MESSAGE][PASSED] - Text '10' is set on object 'Object Repository/DispensaryToStore/Page_Store/input_txtqty'

2018-06-10 00:53:04 - [TEST_STEP][PASSED] - click: Object: 'Object Repository/DispensaryToStore/Page_Store/button_Add' is clicked on

2018-06-10 00:53:04 - [MESSAGE][PASSED] - Object: 'Object Repository/DispensaryToStore/Page_Store/button_Add' is clicked on

2018-06-10 00:53:04 - [TEST_STEP][PASSED] - Statement - Break: null

2018-06-10 00:53:04 - [TEST_STEP][PASSED] - selectOptionByIndex: All options with index in [65] are selected on object 'Object Repository/DispensaryToStore/Page_Store/select_--Select--Adernaline 0.'

2018-06-10 00:53:04 - [MESSAGE][PASSED] - All options with index in [65] are selected on object 'Object Repository/DispensaryToStore/Page_Store/select_--Select--Adernaline 0.'

2018-06-10 00:53:04 - [TEST_STEP][PASSED] - delay: Delayed 2 second(s)

2018-06-10 00:53:06 - [MESSAGE][PASSED] - Delayed 2 second(s)

2018-06-10 00:53:06 - [TEST_STEP][PASSED] - Statement - RequestedQty = com.kms.katalon.core.webui.keyword.WebUiBuiltInKeywords.getAttribute(com.kms.katalon.core.testobject.ObjectRepository.findTestObject(DispensaryToStore/Page_Store/input_txttotal), "value"): Attribute 'value' of object 'Object Repository/DispensaryToStore/Page_Store/input_txttotal' is: '10'

2018-06-10 00:53:06 - [MESSAGE][PASSED] - Attribute 'value' of object 'Object Repository/DispensaryToStore/Page_Store/input_txttotal' is: '10'

2018-06-10 00:53:06 - [TEST_STEP][PASSED] - Statement - out.println("Requested QTY : " + RequestedQty): null

2018-06-10 00:53:06 - [TEST_STEP][PASSED] - Statement - BatchNumber = com.kms.katalon.core.webui.keyword.WebUiBuiltInKeywords.getNumberOfTotalOption(com.kms.katalon.core.testobject.ObjectRepository.findTestObject(DispensaryToStore/Page_Store/select_--Select--BA1170BA2376B)): 3 options of object 'Object Repository/DispensaryToStore/Page_Store/select_--Select--BA1170BA2376B' counted

2018-06-10 00:53:07 - [MESSAGE][PASSED] - 3 options of object 'Object Repository/DispensaryToStore/Page_Store/select_--Select--BA1170BA2376B' counted

2018-06-10 00:53:07 - [TEST_STEP][PASSED] - Statement - For ([g = 1, g <= BatchNumber - 1, (g++)]): null

2018-06-10 00:53:07 - [TEST_STEP][PASSED] - selectOptionByIndex: All options with index in [1] are selected on object 'Object Repository/DispensaryToStore/Page_Store/select_--Select--BA1170BA2376B'

2018-06-10 00:53:07 - [MESSAGE][PASSED] - All options with index in [1] are selected on object 'Object Repository/DispensaryToStore/Page_Store/select_--Select--BA1170BA2376B'

2018-06-10 00:53:07 - [TEST_STEP][PASSED] - Statement - Try: null

2018-06-10 00:53:07 - [TEST_STEP][PASSED] - Statement - StockQty = com.kms.katalon.core.webui.keyword.WebUiBuiltInKeywords.getAttribute(com.kms.katalon.core.testobject.ObjectRepository.findTestObject(DispensaryToStore/Page_Store/input_txtprice), "value"): Attribute 'value' of object 'Object Repository/DispensaryToStore/Page_Store/input_txtprice' is: '260'

2018-06-10 00:53:07 - [MESSAGE][PASSED] - Attribute 'value' of object 'Object Repository/DispensaryToStore/Page_Store/input_txtprice' is: '260'

2018-06-10 00:53:07 - [TEST_STEP][PASSED] - Statement - out.println("Stock QTY : " + StockQty): null

2018-06-10 00:53:07 - [TEST_STEP][PASSED] - delay: Delayed 2 second(s)

2018-06-10 00:53:09 - [MESSAGE][PASSED] - Delayed 2 second(s)

2018-06-10 00:53:09 - [TEST_STEP][PASSED] - Statement - If (java.lang.String.valueOf(StockQty) >= java.lang.String.valueOf(RequestedQty)): null

2018-06-10 00:53:09 - [TEST_STEP][PASSED] - setText: Text '10' is set on object 'Object Repository/DispensaryToStore/Page_Store/input_txtqty'

2018-06-10 00:53:09 - [MESSAGE][PASSED] - Text '10' is set on object 'Object Repository/DispensaryToStore/Page_Store/input_txtqty'

2018-06-10 00:53:09 - [TEST_STEP][PASSED] - click: Object: 'Object Repository/DispensaryToStore/Page_Store/button_Add' is clicked on

2018-06-10 00:53:09 - [MESSAGE][PASSED] - Object: 'Object Repository/DispensaryToStore/Page_Store/button_Add' is clicked on

2018-06-10 00:53:09 - [TEST_STEP][PASSED] - Statement - Break: null

2018-06-10 00:53:09 - [TEST_STEP][PASSED] - selectOptionByIndex: All options with index in [66] are selected on object 'Object Repository/DispensaryToStore/Page_Store/select_--Select--Adernaline 0.'

2018-06-10 00:53:10 - [MESSAGE][PASSED] - All options with index in [66] are selected on object 'Object Repository/DispensaryToStore/Page_Store/select_--Select--Adernaline 0.'

2018-06-10 00:53:10 - [TEST_STEP][PASSED] - delay: Delayed 2 second(s)

2018-06-10 00:53:12 - [MESSAGE][PASSED] - Delayed 2 second(s)

2018-06-10 00:53:12 - [TEST_STEP][PASSED] - Statement - RequestedQty = com.kms.katalon.core.webui.keyword.WebUiBuiltInKeywords.getAttribute(com.kms.katalon.core.testobject.ObjectRepository.findTestObject(DispensaryToStore/Page_Store/input_txttotal), "value"): Attribute 'value' of object 'Object Repository/DispensaryToStore/Page_Store/input_txttotal' is: '10'

2018-06-10 00:53:12 - [MESSAGE][PASSED] - Attribute 'value' of object 'Object Repository/DispensaryToStore/Page_Store/input_txttotal' is: '10'

2018-06-10 00:53:12 - [TEST_STEP][PASSED] - Statement - out.println("Requested QTY : " + RequestedQty): null

2018-06-10 00:53:12 - [TEST_STEP][PASSED] - Statement - BatchNumber = com.kms.katalon.core.webui.keyword.WebUiBuiltInKeywords.getNumberOfTotalOption(com.kms.katalon.core.testobject.ObjectRepository.findTestObject(DispensaryToStore/Page_Store/select_--Select--BA1170BA2376B)): 2 options of object 'Object Repository/DispensaryToStore/Page_Store/select_--Select--BA1170BA2376B' counted

2018-06-10 00:53:12 - [MESSAGE][PASSED] - 2 options of object 'Object Repository/DispensaryToStore/Page_Store/select_--Select--BA1170BA2376B' counted

2018-06-10 00:53:12 - [TEST_STEP][PASSED] - Statement - For ([g = 1, g <= BatchNumber - 1, (g++)]): null

2018-06-10 00:53:12 - [TEST_STEP][PASSED] - selectOptionByIndex: All options with index in [1] are selected on object 'Object Repository/DispensaryToStore/Page_Store/select_--Select--BA1170BA2376B'

2018-06-10 00:53:12 - [MESSAGE][PASSED] - All options with index in [1] are selected on object 'Object Repository/DispensaryToStore/Page_Store/select_--Select--BA1170BA2376B'

2018-06-10 00:53:12 - [TEST_STEP][PASSED] - Statement - Try: null

2018-06-10 00:53:12 - [TEST_STEP][PASSED] - Statement - StockQty = com.kms.katalon.core.webui.keyword.WebUiBuiltInKeywords.getAttribute(com.kms.katalon.core.testobject.ObjectRepository.findTestObject(DispensaryToStore/Page_Store/input_txtprice), "value"): Attribute 'value' of object 'Object Repository/DispensaryToStore/Page_Store/input_txtprice' is: '420'

2018-06-10 00:53:12 - [MESSAGE][PASSED] - Attribute 'value' of object 'Object Repository/DispensaryToStore/Page_Store/input_txtprice' is: '420'

2018-06-10 00:53:12 - [TEST_STEP][PASSED] - Statement - out.println("Stock QTY : " + StockQty): null

2018-06-10 00:53:12 - [TEST_STEP][PASSED] - delay: Delayed 2 second(s)

2018-06-10 00:53:14 - [MESSAGE][PASSED] - Delayed 2 second(s)

2018-06-10 00:53:14 - [TEST_STEP][PASSED] - Statement - If (java.lang.String.valueOf(StockQty) >= java.lang.String.valueOf(RequestedQty)): null

2018-06-10 00:53:14 - [TEST_STEP][PASSED] - setText: Text '10' is set on object 'Object Repository/DispensaryToStore/Page_Store/input_txtqty'

2018-06-10 00:53:14 - [MESSAGE][PASSED] - Text '10' is set on object 'Object Repository/DispensaryToStore/Page_Store/input_txtqty'

2018-06-10 00:53:14 - [TEST_STEP][PASSED] - click: Object: 'Object Repository/DispensaryToStore/Page_Store/button_Add' is clicked on

2018-06-10 00:53:14 - [MESSAGE][PASSED] - Object: 'Object Repository/DispensaryToStore/Page_Store/button_Add' is clicked on

2018-06-10 00:53:14 - [TEST_STEP][PASSED] - Statement - Break: null

2018-06-10 00:53:14 - [TEST_STEP][PASSED] - selectOptionByIndex: All options with index in [67] are selected on object 'Object Repository/DispensaryToStore/Page_Store/select_--Select--Adernaline 0.'

2018-06-10 00:53:15 - [MESSAGE][PASSED] - All options with index in [67] are selected on object 'Object Repository/DispensaryToStore/Page_Store/select_--Select--Adernaline 0.'

2018-06-10 00:53:15 - [TEST_STEP][PASSED] - delay: Delayed 2 second(s)

2018-06-10 00:53:17 - [MESSAGE][PASSED] - Delayed 2 second(s)

2018-06-10 00:53:17 - [TEST_STEP][PASSED] - Statement - RequestedQty = com.kms.katalon.core.webui.keyword.WebUiBuiltInKeywords.getAttribute(com.kms.katalon.core.testobject.ObjectRepository.findTestObject(DispensaryToStore/Page_Store/input_txttotal), "value"): Attribute 'value' of object 'Object Repository/DispensaryToStore/Page_Store/input_txttotal' is: '10'

2018-06-10 00:53:17 - [MESSAGE][PASSED] - Attribute 'value' of object 'Object Repository/DispensaryToStore/Page_Store/input_txttotal' is: '10'

2018-06-10 00:53:17 - [TEST_STEP][PASSED] - Statement - out.println("Requested QTY : " + RequestedQty): null

2018-06-10 00:53:17 - [TEST_STEP][PASSED] - Statement - BatchNumber = com.kms.katalon.core.webui.keyword.WebUiBuiltInKeywords.getNumberOfTotalOption(com.kms.katalon.core.testobject.ObjectRepository.findTestObject(DispensaryToStore/Page_Store/select_--Select--BA1170BA2376B)): 3 options of object 'Object Repository/DispensaryToStore/Page_Store/select_--Select--BA1170BA2376B' counted

2018-06-10 00:53:17 - [MESSAGE][PASSED] - 3 options of object 'Object Repository/DispensaryToStore/Page_Store/select_--Select--BA1170BA2376B' counted

2018-06-10 00:53:17 - [TEST_STEP][PASSED] - Statement - For ([g = 1, g <= BatchNumber - 1, (g++)]): null

2018-06-10 00:53:17 - [TEST_STEP][PASSED] - selectOptionByIndex: All options with index in [1] are selected on object 'Object Repository/DispensaryToStore/Page_Store/select_--Select--BA1170BA2376B'

2018-06-10 00:53:17 - [MESSAGE][PASSED] - All options with index in [1] are selected on object 'Object Repository/DispensaryToStore/Page_Store/select_--Select--BA1170BA2376B'

2018-06-10 00:53:17 - [TEST_STEP][PASSED] - Statement - Try: null

2018-06-10 00:53:17 - [TEST_STEP][PASSED] - Statement - StockQty = com.kms.katalon.core.webui.keyword.WebUiBuiltInKeywords.getAttribute(com.kms.katalon.core.testobject.ObjectRepository.findTestObject(DispensaryToStore/Page_Store/input_txtprice), "value"): Attribute 'value' of object 'Object Repository/DispensaryToStore/Page_Store/input_txtprice' is: '260'

2018-06-10 00:53:17 - [MESSAGE][PASSED] - Attribute 'value' of object 'Object Repository/DispensaryToStore/Page_Store/input_txtprice' is: '260'

2018-06-10 00:53:17 - [TEST_STEP][PASSED] - Statement - out.println("Stock QTY : " + StockQty): null

2018-06-10 00:53:17 - [TEST_STEP][PASSED] - delay: Delayed 2 second(s)

2018-06-10 00:53:19 - [MESSAGE][PASSED] - Delayed 2 second(s)

2018-06-10 00:53:19 - [TEST_STEP][PASSED] - Statement - If (java.lang.String.valueOf(StockQty) >= java.lang.String.valueOf(RequestedQty)): null

2018-06-10 00:53:19 - [TEST_STEP][PASSED] - setText: Text '10' is set on object 'Object Repository/DispensaryToStore/Page_Store/input_txtqty'

2018-06-10 00:53:19 - [MESSAGE][PASSED] - Text '10' is set on object 'Object Repository/DispensaryToStore/Page_Store/input_txtqty'

2018-06-10 00:53:19 - [TEST_STEP][PASSED] - click: Object: 'Object Repository/DispensaryToStore/Page_Store/button_Add' is clicked on

2018-06-10 00:53:19 - [MESSAGE][PASSED] - Object: 'Object Repository/DispensaryToStore/Page_Store/button_Add' is clicked on

2018-06-10 00:53:19 - [TEST_STEP][PASSED] - Statement - Break: null

2018-06-10 00:53:19 - [TEST_STEP][PASSED] - selectOptionByIndex: All options with index in [68] are selected on object 'Object Repository/DispensaryToStore/Page_Store/select_--Select--Adernaline 0.'

2018-06-10 00:53:20 - [MESSAGE][PASSED] - All options with index in [68] are selected on object 'Object Repository/DispensaryToStore/Page_Store/select_--Select--Adernaline 0.'

2018-06-10 00:53:20 - [TEST_STEP][PASSED] - delay: Delayed 2 second(s)

2018-06-10 00:53:22 - [MESSAGE][PASSED] - Delayed 2 second(s)

2018-06-10 00:53:22 - [TEST_STEP][PASSED] - Statement - RequestedQty = com.kms.katalon.core.webui.keyword.WebUiBuiltInKeywords.getAttribute(com.kms.katalon.core.testobject.ObjectRepository.findTestObject(DispensaryToStore/Page_Store/input_txttotal), "value"): Attribute 'value' of object 'Object Repository/DispensaryToStore/Page_Store/input_txttotal' is: '10'

2018-06-10 00:53:22 - [MESSAGE][PASSED] - Attribute 'value' of object 'Object Repository/DispensaryToStore/Page_Store/input_txttotal' is: '10'

2018-06-10 00:53:22 - [TEST_STEP][PASSED] - Statement - out.println("Requested QTY : " + RequestedQty): null

2018-06-10 00:53:22 - [TEST_STEP][PASSED] - Statement - BatchNumber = com.kms.katalon.core.webui.keyword.WebUiBuiltInKeywords.getNumberOfTotalOption(com.kms.katalon.core.testobject.ObjectRepository.findTestObject(DispensaryToStore/Page_Store/select_--Select--BA1170BA2376B)): 3 options of object 'Object Repository/DispensaryToStore/Page_Store/select_--Select--BA1170BA2376B' counted

2018-06-10 00:53:22 - [MESSAGE][PASSED] - 3 options of object 'Object Repository/DispensaryToStore/Page_Store/select_--Select--BA1170BA2376B' counted

2018-06-10 00:53:22 - [TEST_STEP][PASSED] - Statement - For ([g = 1, g <= BatchNumber - 1, (g++)]): null

2018-06-10 00:53:22 - [TEST_STEP][PASSED] - selectOptionByIndex: All options with index in [1] are selected on object 'Object Repository/DispensaryToStore/Page_Store/select_--Select--BA1170BA2376B'

2018-06-10 00:53:22 - [MESSAGE][PASSED] - All options with index in [1] are selected on object 'Object Repository/DispensaryToStore/Page_Store/select_--Select--BA1170BA2376B'

2018-06-10 00:53:22 - [TEST_STEP][PASSED] - Statement - Try: null

2018-06-10 00:53:22 - [TEST_STEP][PASSED] - Statement - StockQty = com.kms.katalon.core.webui.keyword.WebUiBuiltInKeywords.getAttribute(com.kms.katalon.core.testobject.ObjectRepository.findTestObject(DispensaryToStore/Page_Store/input_txtprice), "value"): Attribute 'value' of object 'Object Repository/DispensaryToStore/Page_Store/input_txtprice' is: '120'

2018-06-10 00:53:22 - [MESSAGE][PASSED] - Attribute 'value' of object 'Object Repository/DispensaryToStore/Page_Store/input_txtprice' is: '120'

2018-06-10 00:53:22 - [TEST_STEP][PASSED] - Statement - out.println("Stock QTY : " + StockQty): null

2018-06-10 00:53:22 - [TEST_STEP][PASSED] - delay: Delayed 2 second(s)

2018-06-10 00:53:24 - [MESSAGE][PASSED] - Delayed 2 second(s)

2018-06-10 00:53:24 - [TEST_STEP][PASSED] - Statement - If (java.lang.String.valueOf(StockQty) >= java.lang.String.valueOf(RequestedQty)): null

2018-06-10 00:53:24 - [TEST_STEP][PASSED] - setText: Text '10' is set on object 'Object Repository/DispensaryToStore/Page_Store/input_txtqty'

2018-06-10 00:53:24 - [MESSAGE][PASSED] - Text '10' is set on object 'Object Repository/DispensaryToStore/Page_Store/input_txtqty'

2018-06-10 00:53:24 - [TEST_STEP][PASSED] - click: Object: 'Object Repository/DispensaryToStore/Page_Store/button_Add' is clicked on

2018-06-10 00:53:24 - [MESSAGE][PASSED] - Object: 'Object Repository/DispensaryToStore/Page_Store/button_Add' is clicked on

2018-06-10 00:53:24 - [TEST_STEP][PASSED] - Statement - Break: null

2018-06-10 00:53:24 - [TEST_STEP][PASSED] - selectOptionByIndex: All options with index in [69] are selected on object 'Object Repository/DispensaryToStore/Page_Store/select_--Select--Adernaline 0.'

2018-06-10 00:53:25 - [MESSAGE][PASSED] - All options with index in [69] are selected on object 'Object Repository/DispensaryToStore/Page_Store/select_--Select--Adernaline 0.'

2018-06-10 00:53:25 - [TEST_STEP][PASSED] - delay: Delayed 2 second(s)

2018-06-10 00:53:27 - [MESSAGE][PASSED] - Delayed 2 second(s)

2018-06-10 00:53:27 - [TEST_STEP][PASSED] - Statement - RequestedQty = com.kms.katalon.core.webui.keyword.WebUiBuiltInKeywords.getAttribute(com.kms.katalon.core.testobject.ObjectRepository.findTestObject(DispensaryToStore/Page_Store/input_txttotal), "value"): Attribute 'value' of object 'Object Repository/DispensaryToStore/Page_Store/input_txttotal' is: '10'

2018-06-10 00:53:27 - [MESSAGE][PASSED] - Attribute 'value' of object 'Object Repository/DispensaryToStore/Page_Store/input_txttotal' is: '10'

2018-06-10 00:53:27 - [TEST_STEP][PASSED] - Statement - out.println("Requested QTY : " + RequestedQty): null

2018-06-10 00:53:27 - [TEST_STEP][PASSED] - Statement - BatchNumber = com.kms.katalon.core.webui.keyword.WebUiBuiltInKeywords.getNumberOfTotalOption(com.kms.katalon.core.testobject.ObjectRepository.findTestObject(DispensaryToStore/Page_Store/select_--Select--BA1170BA2376B)): 2 options of object 'Object Repository/DispensaryToStore/Page_Store/select_--Select--BA1170BA2376B' counted

2018-06-10 00:53:27 - [MESSAGE][PASSED] - 2 options of object 'Object Repository/DispensaryToStore/Page_Store/select_--Select--BA1170BA2376B' counted

2018-06-10 00:53:27 - [TEST_STEP][PASSED] - Statement - For ([g = 1, g <= BatchNumber - 1, (g++)]): null

2018-06-10 00:53:27 - [TEST_STEP][PASSED] - selectOptionByIndex: All options with index in [1] are selected on object 'Object Repository/DispensaryToStore/Page_Store/select_--Select--BA1170BA2376B'

2018-06-10 00:53:27 - [MESSAGE][PASSED] - All options with index in [1] are selected on object 'Object Repository/DispensaryToStore/Page_Store/select_--Select--BA1170BA2376B'

2018-06-10 00:53:27 - [TEST_STEP][PASSED] - Statement - Try: null

2018-06-10 00:53:27 - [TEST_STEP][PASSED] - Statement - StockQty = com.kms.katalon.core.webui.keyword.WebUiBuiltInKeywords.getAttribute(com.kms.katalon.core.testobject.ObjectRepository.findTestObject(DispensaryToStore/Page_Store/input_txtprice), "value"): Attribute 'value' of object 'Object Repository/DispensaryToStore/Page_Store/input_txtprice' is: '430'

2018-06-10 00:53:27 - [MESSAGE][PASSED] - Attribute 'value' of object 'Object Repository/DispensaryToStore/Page_Store/input_txtprice' is: '430'

2018-06-10 00:53:27 - [TEST_STEP][PASSED] - Statement - out.println("Stock QTY : " + StockQty): null

2018-06-10 00:53:27 - [TEST_STEP][PASSED] - delay: Delayed 2 second(s)

2018-06-10 00:53:29 - [MESSAGE][PASSED] - Delayed 2 second(s)

2018-06-10 00:53:29 - [TEST_STEP][PASSED] - Statement - If (java.lang.String.valueOf(StockQty) >= java.lang.String.valueOf(RequestedQty)): null

2018-06-10 00:53:29 - [TEST_STEP][PASSED] - setText: Text '10' is set on object 'Object Repository/DispensaryToStore/Page_Store/input_txtqty'

2018-06-10 00:53:29 - [MESSAGE][PASSED] - Text '10' is set on object 'Object Repository/DispensaryToStore/Page_Store/input_txtqty'

2018-06-10 00:53:29 - [TEST_STEP][PASSED] - click: Object: 'Object Repository/DispensaryToStore/Page_Store/button_Add' is clicked on

2018-06-10 00:53:29 - [MESSAGE][PASSED] - Object: 'Object Repository/DispensaryToStore/Page_Store/button_Add' is clicked on

2018-06-10 00:53:29 - [TEST_STEP][PASSED] - Statement - Break: null

2018-06-10 00:53:29 - [TEST_STEP][PASSED] - selectOptionByIndex: All options with index in [70] are selected on object 'Object Repository/DispensaryToStore/Page_Store/select_--Select--Adernaline 0.'

2018-06-10 00:53:30 - [MESSAGE][PASSED] - All options with index in [70] are selected on object 'Object Repository/DispensaryToStore/Page_Store/select_--Select--Adernaline 0.'

2018-06-10 00:53:30 - [TEST_STEP][PASSED] - delay: Delayed 2 second(s)

2018-06-10 00:53:32 - [MESSAGE][PASSED] - Delayed 2 second(s)

2018-06-10 00:53:32 - [TEST_STEP][PASSED] - Statement - RequestedQty = com.kms.katalon.core.webui.keyword.WebUiBuiltInKeywords.getAttribute(com.kms.katalon.core.testobject.ObjectRepository.findTestObject(DispensaryToStore/Page_Store/input_txttotal), "value"): Attribute 'value' of object 'Object Repository/DispensaryToStore/Page_Store/input_txttotal' is: '10'

2018-06-10 00:53:32 - [MESSAGE][PASSED] - Attribute 'value' of object 'Object Repository/DispensaryToStore/Page_Store/input_txttotal' is: '10'

2018-06-10 00:53:32 - [TEST_STEP][PASSED] - Statement - out.println("Requested QTY : " + RequestedQty): null

2018-06-10 00:53:32 - [TEST_STEP][PASSED] - Statement - BatchNumber = com.kms.katalon.core.webui.keyword.WebUiBuiltInKeywords.getNumberOfTotalOption(com.kms.katalon.core.testobject.ObjectRepository.findTestObject(DispensaryToStore/Page_Store/select_--Select--BA1170BA2376B)): 2 options of object 'Object Repository/DispensaryToStore/Page_Store/select_--Select--BA1170BA2376B' counted

2018-06-10 00:53:32 - [MESSAGE][PASSED] - 2 options of object 'Object Repository/DispensaryToStore/Page_Store/select_--Select--BA1170BA2376B' counted

2018-06-10 00:53:32 - [TEST_STEP][PASSED] - Statement - For ([g = 1, g <= BatchNumber - 1, (g++)]): null

2018-06-10 00:53:32 - [TEST_STEP][PASSED] - selectOptionByIndex: All options with index in [1] are selected on object 'Object Repository/DispensaryToStore/Page_Store/select_--Select--BA1170BA2376B'

2018-06-10 00:53:32 - [MESSAGE][PASSED] - All options with index in [1] are selected on object 'Object Repository/DispensaryToStore/Page_Store/select_--Select--BA1170BA2376B'

2018-06-10 00:53:32 - [TEST_STEP][PASSED] - Statement - Try: null

2018-06-10 00:53:32 - [TEST_STEP][PASSED] - Statement - StockQty = com.kms.katalon.core.webui.keyword.WebUiBuiltInKeywords.getAttribute(com.kms.katalon.core.testobject.ObjectRepository.findTestObject(DispensaryToStore/Page_Store/input_txtprice), "value"): Attribute 'value' of object 'Object Repository/DispensaryToStore/Page_Store/input_txtprice' is: '420'

2018-06-10 00:53:32 - [MESSAGE][PASSED] - Attribute 'value' of object 'Object Repository/DispensaryToStore/Page_Store/input_txtprice' is: '420'

2018-06-10 00:53:32 - [TEST_STEP][PASSED] - Statement - out.println("Stock QTY : " + StockQty): null

2018-06-10 00:53:32 - [TEST_STEP][PASSED] - delay: Delayed 2 second(s)

2018-06-10 00:53:34 - [MESSAGE][PASSED] - Delayed 2 second(s)

2018-06-10 00:53:34 - [TEST_STEP][PASSED] - Statement - If (java.lang.String.valueOf(StockQty) >= java.lang.String.valueOf(RequestedQty)): null

2018-06-10 00:53:34 - [TEST_STEP][PASSED] - setText: Text '10' is set on object 'Object Repository/DispensaryToStore/Page_Store/input_txtqty'

2018-06-10 00:53:35 - [MESSAGE][PASSED] - Text '10' is set on object 'Object Repository/DispensaryToStore/Page_Store/input_txtqty'

2018-06-10 00:53:35 - [TEST_STEP][PASSED] - click: Object: 'Object Repository/DispensaryToStore/Page_Store/button_Add' is clicked on

2018-06-10 00:53:35 - [MESSAGE][PASSED] - Object: 'Object Repository/DispensaryToStore/Page_Store/button_Add' is clicked on

2018-06-10 00:53:35 - [TEST_STEP][PASSED] - Statement - Break: null

2018-06-10 00:53:35 - [TEST_STEP][PASSED] - selectOptionByIndex: All options with index in [71] are selected on object 'Object Repository/DispensaryToStore/Page_Store/select_--Select--Adernaline 0.'

2018-06-10 00:53:36 - [MESSAGE][PASSED] - All options with index in [71] are selected on object 'Object Repository/DispensaryToStore/Page_Store/select_--Select--Adernaline 0.'

2018-06-10 00:53:36 - [TEST_STEP][PASSED] - delay: Delayed 2 second(s)

2018-06-10 00:53:38 - [MESSAGE][PASSED] - Delayed 2 second(s)

2018-06-10 00:53:38 - [TEST_STEP][PASSED] - Statement - RequestedQty = com.kms.katalon.core.webui.keyword.WebUiBuiltInKeywords.getAttribute(com.kms.katalon.core.testobject.ObjectRepository.findTestObject(DispensaryToStore/Page_Store/input_txttotal), "value"): Attribute 'value' of object 'Object Repository/DispensaryToStore/Page_Store/input_txttotal' is: '10'

2018-06-10 00:53:38 - [MESSAGE][PASSED] - Attribute 'value' of object 'Object Repository/DispensaryToStore/Page_Store/input_txttotal' is: '10'

2018-06-10 00:53:38 - [TEST_STEP][PASSED] - Statement - out.println("Requested QTY : " + RequestedQty): null

2018-06-10 00:53:38 - [TEST_STEP][PASSED] - Statement - BatchNumber = com.kms.katalon.core.webui.keyword.WebUiBuiltInKeywords.getNumberOfTotalOption(com.kms.katalon.core.testobject.ObjectRepository.findTestObject(DispensaryToStore/Page_Store/select_--Select--BA1170BA2376B)): 3 options of object 'Object Repository/DispensaryToStore/Page_Store/select_--Select--BA1170BA2376B' counted

2018-06-10 00:53:38 - [MESSAGE][PASSED] - 3 options of object 'Object Repository/DispensaryToStore/Page_Store/select_--Select--BA1170BA2376B' counted

2018-06-10 00:53:38 - [TEST_STEP][PASSED] - Statement - For ([g = 1, g <= BatchNumber - 1, (g++)]): null

2018-06-10 00:53:38 - [TEST_STEP][PASSED] - selectOptionByIndex: All options with index in [1] are selected on object 'Object Repository/DispensaryToStore/Page_Store/select_--Select--BA1170BA2376B'

2018-06-10 00:53:38 - [MESSAGE][PASSED] - All options with index in [1] are selected on object 'Object Repository/DispensaryToStore/Page_Store/select_--Select--BA1170BA2376B'

2018-06-10 00:53:38 - [TEST_STEP][PASSED] - Statement - Try: null

2018-06-10 00:53:38 - [TEST_STEP][PASSED] - Statement - StockQty = com.kms.katalon.core.webui.keyword.WebUiBuiltInKeywords.getAttribute(com.kms.katalon.core.testobject.ObjectRepository.findTestObject(DispensaryToStore/Page_Store/input_txtprice), "value"): Attribute 'value' of object 'Object Repository/DispensaryToStore/Page_Store/input_txtprice' is: '260'

2018-06-10 00:53:38 - [MESSAGE][PASSED] - Attribute 'value' of object 'Object Repository/DispensaryToStore/Page_Store/input_txtprice' is: '260'

2018-06-10 00:53:38 - [TEST_STEP][PASSED] - Statement - out.println("Stock QTY : " + StockQty): null

2018-06-10 00:53:38 - [TEST_STEP][PASSED] - delay: Delayed 2 second(s)

2018-06-10 00:53:40 - [MESSAGE][PASSED] - Delayed 2 second(s)

2018-06-10 00:53:40 - [TEST_STEP][PASSED] - Statement - If (java.lang.String.valueOf(StockQty) >= java.lang.String.valueOf(RequestedQty)): null

2018-06-10 00:53:40 - [TEST_STEP][PASSED] - setText: Text '10' is set on object 'Object Repository/DispensaryToStore/Page_Store/input_txtqty'

2018-06-10 00:53:40 - [MESSAGE][PASSED] - Text '10' is set on object 'Object Repository/DispensaryToStore/Page_Store/input_txtqty'

2018-06-10 00:53:40 - [TEST_STEP][PASSED] - click: Object: 'Object Repository/DispensaryToStore/Page_Store/button_Add' is clicked on

2018-06-10 00:53:40 - [MESSAGE][PASSED] - Object: 'Object Repository/DispensaryToStore/Page_Store/button_Add' is clicked on

2018-06-10 00:53:40 - [TEST_STEP][PASSED] - Statement - Break: null

2018-06-10 00:53:40 - [TEST_STEP][PASSED] - selectOptionByIndex: All options with index in [72] are selected on object 'Object Repository/DispensaryToStore/Page_Store/select_--Select--Adernaline 0.'

2018-06-10 00:53:41 - [MESSAGE][PASSED] - All options with index in [72] are selected on object 'Object Repository/DispensaryToStore/Page_Store/select_--Select--Adernaline 0.'

2018-06-10 00:53:41 - [TEST_STEP][PASSED] - delay: Delayed 2 second(s)

2018-06-10 00:53:43 - [MESSAGE][PASSED] - Delayed 2 second(s)

2018-06-10 00:53:43 - [TEST_STEP][PASSED] - Statement - RequestedQty = com.kms.katalon.core.webui.keyword.WebUiBuiltInKeywords.getAttribute(com.kms.katalon.core.testobject.ObjectRepository.findTestObject(DispensaryToStore/Page_Store/input_txttotal), "value"): Attribute 'value' of object 'Object Repository/DispensaryToStore/Page_Store/input_txttotal' is: '10'

2018-06-10 00:53:43 - [MESSAGE][PASSED] - Attribute 'value' of object 'Object Repository/DispensaryToStore/Page_Store/input_txttotal' is: '10'

2018-06-10 00:53:43 - [TEST_STEP][PASSED] - Statement - out.println("Requested QTY : " + RequestedQty): null

2018-06-10 00:53:43 - [TEST_STEP][PASSED] - Statement - BatchNumber = com.kms.katalon.core.webui.keyword.WebUiBuiltInKeywords.getNumberOfTotalOption(com.kms.katalon.core.testobject.ObjectRepository.findTestObject(DispensaryToStore/Page_Store/select_--Select--BA1170BA2376B)): 2 options of object 'Object Repository/DispensaryToStore/Page_Store/select_--Select--BA1170BA2376B' counted

2018-06-10 00:53:43 - [MESSAGE][PASSED] - 2 options of object 'Object Repository/DispensaryToStore/Page_Store/select_--Select--BA1170BA2376B' counted

2018-06-10 00:53:43 - [TEST_STEP][PASSED] - Statement - For ([g = 1, g <= BatchNumber - 1, (g++)]): null

2018-06-10 00:53:43 - [TEST_STEP][PASSED] - selectOptionByIndex: All options with index in [1] are selected on object 'Object Repository/DispensaryToStore/Page_Store/select_--Select--BA1170BA2376B'

2018-06-10 00:53:43 - [MESSAGE][PASSED] - All options with index in [1] are selected on object 'Object Repository/DispensaryToStore/Page_Store/select_--Select--BA1170BA2376B'

2018-06-10 00:53:43 - [TEST_STEP][PASSED] - Statement - Try: null

2018-06-10 00:53:43 - [TEST_STEP][PASSED] - Statement - StockQty = com.kms.katalon.core.webui.keyword.WebUiBuiltInKeywords.getAttribute(com.kms.katalon.core.testobject.ObjectRepository.findTestObject(DispensaryToStore/Page_Store/input_txtprice), "value"): Attribute 'value' of object 'Object Repository/DispensaryToStore/Page_Store/input_txtprice' is: '420'

2018-06-10 00:53:43 - [MESSAGE][PASSED] - Attribute 'value' of object 'Object Repository/DispensaryToStore/Page_Store/input_txtprice' is: '420'

2018-06-10 00:53:43 - [TEST_STEP][PASSED] - Statement - out.println("Stock QTY : " + StockQty): null

2018-06-10 00:53:43 - [TEST_STEP][PASSED] - delay: Delayed 2 second(s)

2018-06-10 00:53:45 - [MESSAGE][PASSED] - Delayed 2 second(s)

2018-06-10 00:53:45 - [TEST_STEP][PASSED] - Statement - If (java.lang.String.valueOf(StockQty) >= java.lang.String.valueOf(RequestedQty)): null

2018-06-10 00:53:45 - [TEST_STEP][PASSED] - setText: Text '10' is set on object 'Object Repository/DispensaryToStore/Page_Store/input_txtqty'

2018-06-10 00:53:45 - [MESSAGE][PASSED] - Text '10' is set on object 'Object Repository/DispensaryToStore/Page_Store/input_txtqty'

2018-06-10 00:53:45 - [TEST_STEP][PASSED] - click: Object: 'Object Repository/DispensaryToStore/Page_Store/button_Add' is clicked on

2018-06-10 00:53:45 - [MESSAGE][PASSED] - Object: 'Object Repository/DispensaryToStore/Page_Store/button_Add' is clicked on

2018-06-10 00:53:45 - [TEST_STEP][PASSED] - Statement - Break: null

2018-06-10 00:53:45 - [TEST_STEP][PASSED] - selectOptionByIndex: All options with index in [73] are selected on object 'Object Repository/DispensaryToStore/Page_Store/select_--Select--Adernaline 0.'

2018-06-10 00:53:46 - [MESSAGE][PASSED] - All options with index in [73] are selected on object 'Object Repository/DispensaryToStore/Page_Store/select_--Select--Adernaline 0.'

2018-06-10 00:53:46 - [TEST_STEP][PASSED] - delay: Delayed 2 second(s)

2018-06-10 00:53:48 - [MESSAGE][PASSED] - Delayed 2 second(s)

2018-06-10 00:53:48 - [TEST_STEP][PASSED] - Statement - RequestedQty = com.kms.katalon.core.webui.keyword.WebUiBuiltInKeywords.getAttribute(com.kms.katalon.core.testobject.ObjectRepository.findTestObject(DispensaryToStore/Page_Store/input_txttotal), "value"): Attribute 'value' of object 'Object Repository/DispensaryToStore/Page_Store/input_txttotal' is: '10'

2018-06-10 00:53:48 - [MESSAGE][PASSED] - Attribute 'value' of object 'Object Repository/DispensaryToStore/Page_Store/input_txttotal' is: '10'

2018-06-10 00:53:48 - [TEST_STEP][PASSED] - Statement - out.println("Requested QTY : " + RequestedQty): null

2018-06-10 00:53:48 - [TEST_STEP][PASSED] - Statement - BatchNumber = com.kms.katalon.core.webui.keyword.WebUiBuiltInKeywords.getNumberOfTotalOption(com.kms.katalon.core.testobject.ObjectRepository.findTestObject(DispensaryToStore/Page_Store/select_--Select--BA1170BA2376B)): 3 options of object 'Object Repository/DispensaryToStore/Page_Store/select_--Select--BA1170BA2376B' counted

2018-06-10 00:53:48 - [MESSAGE][PASSED] - 3 options of object 'Object Repository/DispensaryToStore/Page_Store/select_--Select--BA1170BA2376B' counted

2018-06-10 00:53:48 - [TEST_STEP][PASSED] - Statement - For ([g = 1, g <= BatchNumber - 1, (g++)]): null

2018-06-10 00:53:48 - [TEST_STEP][PASSED] - selectOptionByIndex: All options with index in [1] are selected on object 'Object Repository/DispensaryToStore/Page_Store/select_--Select--BA1170BA2376B'

2018-06-10 00:53:48 - [MESSAGE][PASSED] - All options with index in [1] are selected on object 'Object Repository/DispensaryToStore/Page_Store/select_--Select--BA1170BA2376B'

2018-06-10 00:53:48 - [TEST_STEP][PASSED] - Statement - Try: null

2018-06-10 00:53:48 - [TEST_STEP][PASSED] - Statement - StockQty = com.kms.katalon.core.webui.keyword.WebUiBuiltInKeywords.getAttribute(com.kms.katalon.core.testobject.ObjectRepository.findTestObject(DispensaryToStore/Page_Store/input_txtprice), "value"): Attribute 'value' of object 'Object Repository/DispensaryToStore/Page_Store/input_txtprice' is: '120'

2018-06-10 00:53:48 - [MESSAGE][PASSED] - Attribute 'value' of object 'Object Repository/DispensaryToStore/Page_Store/input_txtprice' is: '120'

2018-06-10 00:53:48 - [TEST_STEP][PASSED] - Statement - out.println("Stock QTY : " + StockQty): null

2018-06-10 00:53:48 - [TEST_STEP][PASSED] - delay: Delayed 2 second(s)

2018-06-10 00:53:50 - [MESSAGE][PASSED] - Delayed 2 second(s)

2018-06-10 00:53:50 - [TEST_STEP][PASSED] - Statement - If (java.lang.String.valueOf(StockQty) >= java.lang.String.valueOf(RequestedQty)): null

2018-06-10 00:53:50 - [TEST_STEP][PASSED] - setText: Text '10' is set on object 'Object Repository/DispensaryToStore/Page_Store/input_txtqty'

2018-06-10 00:53:50 - [MESSAGE][PASSED] - Text '10' is set on object 'Object Repository/DispensaryToStore/Page_Store/input_txtqty'

2018-06-10 00:53:50 - [TEST_STEP][PASSED] - click: Object: 'Object Repository/DispensaryToStore/Page_Store/button_Add' is clicked on

2018-06-10 00:53:50 - [MESSAGE][PASSED] - Object: 'Object Repository/DispensaryToStore/Page_Store/button_Add' is clicked on

2018-06-10 00:53:50 - [TEST_STEP][PASSED] - Statement - Break: null

2018-06-10 00:53:50 - [TEST_STEP][PASSED] - selectOptionByIndex: All options with index in [74] are selected on object 'Object Repository/DispensaryToStore/Page_Store/select_--Select--Adernaline 0.'

2018-06-10 00:53:51 - [MESSAGE][PASSED] - All options with index in [74] are selected on object 'Object Repository/DispensaryToStore/Page_Store/select_--Select--Adernaline 0.'

2018-06-10 00:53:51 - [TEST_STEP][PASSED] - delay: Delayed 2 second(s)

2018-06-10 00:53:53 - [MESSAGE][PASSED] - Delayed 2 second(s)

2018-06-10 00:53:53 - [TEST_STEP][PASSED] - Statement - RequestedQty = com.kms.katalon.core.webui.keyword.WebUiBuiltInKeywords.getAttribute(com.kms.katalon.core.testobject.ObjectRepository.findTestObject(DispensaryToStore/Page_Store/input_txttotal), "value"): Attribute 'value' of object 'Object Repository/DispensaryToStore/Page_Store/input_txttotal' is: '10'

2018-06-10 00:53:53 - [MESSAGE][PASSED] - Attribute 'value' of object 'Object Repository/DispensaryToStore/Page_Store/input_txttotal' is: '10'

2018-06-10 00:53:53 - [TEST_STEP][PASSED] - Statement - out.println("Requested QTY : " + RequestedQty): null

2018-06-10 00:53:53 - [TEST_STEP][PASSED] - Statement - BatchNumber = com.kms.katalon.core.webui.keyword.WebUiBuiltInKeywords.getNumberOfTotalOption(com.kms.katalon.core.testobject.ObjectRepository.findTestObject(DispensaryToStore/Page_Store/select_--Select--BA1170BA2376B)): 2 options of object 'Object Repository/DispensaryToStore/Page_Store/select_--Select--BA1170BA2376B' counted

2018-06-10 00:53:53 - [MESSAGE][PASSED] - 2 options of object 'Object Repository/DispensaryToStore/Page_Store/select_--Select--BA1170BA2376B' counted

2018-06-10 00:53:53 - [TEST_STEP][PASSED] - Statement - For ([g = 1, g <= BatchNumber - 1, (g++)]): null

2018-06-10 00:53:53 - [TEST_STEP][PASSED] - selectOptionByIndex: All options with index in [1] are selected on object 'Object Repository/DispensaryToStore/Page_Store/select_--Select--BA1170BA2376B'

2018-06-10 00:53:53 - [MESSAGE][PASSED] - All options with index in [1] are selected on object 'Object Repository/DispensaryToStore/Page_Store/select_--Select--BA1170BA2376B'

2018-06-10 00:53:53 - [TEST_STEP][PASSED] - Statement - Try: null

2018-06-10 00:53:53 - [TEST_STEP][PASSED] - Statement - StockQty = com.kms.katalon.core.webui.keyword.WebUiBuiltInKeywords.getAttribute(com.kms.katalon.core.testobject.ObjectRepository.findTestObject(DispensaryToStore/Page_Store/input_txtprice), "value"): Attribute 'value' of object 'Object Repository/DispensaryToStore/Page_Store/input_txtprice' is: '430'

2018-06-10 00:53:53 - [MESSAGE][PASSED] - Attribute 'value' of object 'Object Repository/DispensaryToStore/Page_Store/input_txtprice' is: '430'

2018-06-10 00:53:53 - [TEST_STEP][PASSED] - Statement - out.println("Stock QTY : " + StockQty): null

2018-06-10 00:53:53 - [TEST_STEP][PASSED] - delay: Delayed 2 second(s)

2018-06-10 00:53:55 - [MESSAGE][PASSED] - Delayed 2 second(s)

2018-06-10 00:53:55 - [TEST_STEP][PASSED] - Statement - If (java.lang.String.valueOf(StockQty) >= java.lang.String.valueOf(RequestedQty)): null

2018-06-10 00:53:55 - [TEST_STEP][PASSED] - setText: Text '10' is set on object 'Object Repository/DispensaryToStore/Page_Store/input_txtqty'

2018-06-10 00:53:55 - [MESSAGE][PASSED] - Text '10' is set on object 'Object Repository/DispensaryToStore/Page_Store/input_txtqty'

2018-06-10 00:53:55 - [TEST_STEP][PASSED] - click: Object: 'Object Repository/DispensaryToStore/Page_Store/button_Add' is clicked on

2018-06-10 00:53:55 - [MESSAGE][PASSED] - Object: 'Object Repository/DispensaryToStore/Page_Store/button_Add' is clicked on

2018-06-10 00:53:55 - [TEST_STEP][PASSED] - Statement - Break: null

2018-06-10 00:53:55 - [TEST_STEP][PASSED] - selectOptionByIndex: All options with index in [75] are selected on object 'Object Repository/DispensaryToStore/Page_Store/select_--Select--Adernaline 0.'

2018-06-10 00:53:56 - [MESSAGE][PASSED] - All options with index in [75] are selected on object 'Object Repository/DispensaryToStore/Page_Store/select_--Select--Adernaline 0.'

2018-06-10 00:53:56 - [TEST_STEP][PASSED] - delay: Delayed 2 second(s)

2018-06-10 00:53:58 - [MESSAGE][PASSED] - Delayed 2 second(s)

2018-06-10 00:53:58 - [TEST_STEP][PASSED] - Statement - RequestedQty = com.kms.katalon.core.webui.keyword.WebUiBuiltInKeywords.getAttribute(com.kms.katalon.core.testobject.ObjectRepository.findTestObject(DispensaryToStore/Page_Store/input_txttotal), "value"): Attribute 'value' of object 'Object Repository/DispensaryToStore/Page_Store/input_txttotal' is: '10'

2018-06-10 00:53:58 - [MESSAGE][PASSED] - Attribute 'value' of object 'Object Repository/DispensaryToStore/Page_Store/input_txttotal' is: '10'

2018-06-10 00:53:58 - [TEST_STEP][PASSED] - Statement - out.println("Requested QTY : " + RequestedQty): null

2018-06-10 00:53:58 - [TEST_STEP][PASSED] - Statement - BatchNumber = com.kms.katalon.core.webui.keyword.WebUiBuiltInKeywords.getNumberOfTotalOption(com.kms.katalon.core.testobject.ObjectRepository.findTestObject(DispensaryToStore/Page_Store/select_--Select--BA1170BA2376B)): 2 options of object 'Object Repository/DispensaryToStore/Page_Store/select_--Select--BA1170BA2376B' counted

2018-06-10 00:53:58 - [MESSAGE][PASSED] - 2 options of object 'Object Repository/DispensaryToStore/Page_Store/select_--Select--BA1170BA2376B' counted

2018-06-10 00:53:58 - [TEST_STEP][PASSED] - Statement - For ([g = 1, g <= BatchNumber - 1, (g++)]): null

2018-06-10 00:53:58 - [TEST_STEP][PASSED] - selectOptionByIndex: All options with index in [1] are selected on object 'Object Repository/DispensaryToStore/Page_Store/select_--Select--BA1170BA2376B'

2018-06-10 00:53:58 - [MESSAGE][PASSED] - All options with index in [1] are selected on object 'Object Repository/DispensaryToStore/Page_Store/select_--Select--BA1170BA2376B'

2018-06-10 00:53:58 - [TEST_STEP][PASSED] - Statement - Try: null

2018-06-10 00:53:58 - [TEST_STEP][PASSED] - Statement - StockQty = com.kms.katalon.core.webui.keyword.WebUiBuiltInKeywords.getAttribute(com.kms.katalon.core.testobject.ObjectRepository.findTestObject(DispensaryToStore/Page_Store/input_txtprice), "value"): Attribute 'value' of object 'Object Repository/DispensaryToStore/Page_Store/input_txtprice' is: '420'

2018-06-10 00:53:58 - [MESSAGE][PASSED] - Attribute 'value' of object 'Object Repository/DispensaryToStore/Page_Store/input_txtprice' is: '420'

2018-06-10 00:53:58 - [TEST_STEP][PASSED] - Statement - out.println("Stock QTY : " + StockQty): null

2018-06-10 00:53:58 - [TEST_STEP][PASSED] - delay: Delayed 2 second(s)

2018-06-10 00:54:00 - [MESSAGE][PASSED] - Delayed 2 second(s)

2018-06-10 00:54:00 - [TEST_STEP][PASSED] - Statement - If (java.lang.String.valueOf(StockQty) >= java.lang.String.valueOf(RequestedQty)): null

2018-06-10 00:54:00 - [TEST_STEP][PASSED] - setText: Text '10' is set on object 'Object Repository/DispensaryToStore/Page_Store/input_txtqty'

2018-06-10 00:54:01 - [MESSAGE][PASSED] - Text '10' is set on object 'Object Repository/DispensaryToStore/Page_Store/input_txtqty'

2018-06-10 00:54:01 - [TEST_STEP][PASSED] - click: Object: 'Object Repository/DispensaryToStore/Page_Store/button_Add' is clicked on

2018-06-10 00:54:01 - [MESSAGE][PASSED] - Object: 'Object Repository/DispensaryToStore/Page_Store/button_Add' is clicked on

2018-06-10 00:54:01 - [TEST_STEP][PASSED] - Statement - Break: null

2018-06-10 00:54:01 - [TEST_STEP][PASSED] - selectOptionByIndex: All options with index in [76] are selected on object 'Object Repository/DispensaryToStore/Page_Store/select_--Select--Adernaline 0.'

2018-06-10 00:54:01 - [MESSAGE][PASSED] - All options with index in [76] are selected on object 'Object Repository/DispensaryToStore/Page_Store/select_--Select--Adernaline 0.'

2018-06-10 00:54:01 - [TEST_STEP][PASSED] - delay: Delayed 2 second(s)

2018-06-10 00:54:03 - [MESSAGE][PASSED] - Delayed 2 second(s)

2018-06-10 00:54:03 - [TEST_STEP][PASSED] - Statement - RequestedQty = com.kms.katalon.core.webui.keyword.WebUiBuiltInKeywords.getAttribute(com.kms.katalon.core.testobject.ObjectRepository.findTestObject(DispensaryToStore/Page_Store/input_txttotal), "value"): Attribute 'value' of object 'Object Repository/DispensaryToStore/Page_Store/input_txttotal' is: '10'

2018-06-10 00:54:03 - [MESSAGE][PASSED] - Attribute 'value' of object 'Object Repository/DispensaryToStore/Page_Store/input_txttotal' is: '10'

2018-06-10 00:54:03 - [TEST_STEP][PASSED] - Statement - out.println("Requested QTY : " + RequestedQty): null

2018-06-10 00:54:03 - [TEST_STEP][PASSED] - Statement - BatchNumber = com.kms.katalon.core.webui.keyword.WebUiBuiltInKeywords.getNumberOfTotalOption(com.kms.katalon.core.testobject.ObjectRepository.findTestObject(DispensaryToStore/Page_Store/select_--Select--BA1170BA2376B)): 2 options of object 'Object Repository/DispensaryToStore/Page_Store/select_--Select--BA1170BA2376B' counted

2018-06-10 00:54:04 - [MESSAGE][PASSED] - 2 options of object 'Object Repository/DispensaryToStore/Page_Store/select_--Select--BA1170BA2376B' counted

2018-06-10 00:54:04 - [TEST_STEP][PASSED] - Statement - For ([g = 1, g <= BatchNumber - 1, (g++)]): null

2018-06-10 00:54:04 - [TEST_STEP][PASSED] - selectOptionByIndex: All options with index in [1] are selected on object 'Object Repository/DispensaryToStore/Page_Store/select_--Select--BA1170BA2376B'

2018-06-10 00:54:04 - [MESSAGE][PASSED] - All options with index in [1] are selected on object 'Object Repository/DispensaryToStore/Page_Store/select_--Select--BA1170BA2376B'

2018-06-10 00:54:04 - [TEST_STEP][PASSED] - Statement - Try: null

2018-06-10 00:54:04 - [TEST_STEP][PASSED] - Statement - StockQty = com.kms.katalon.core.webui.keyword.WebUiBuiltInKeywords.getAttribute(com.kms.katalon.core.testobject.ObjectRepository.findTestObject(DispensaryToStore/Page_Store/input_txtprice), "value"): Attribute 'value' of object 'Object Repository/DispensaryToStore/Page_Store/input_txtprice' is: '420'

2018-06-10 00:54:04 - [MESSAGE][PASSED] - Attribute 'value' of object 'Object Repository/DispensaryToStore/Page_Store/input_txtprice' is: '420'

2018-06-10 00:54:04 - [TEST_STEP][PASSED] - Statement - out.println("Stock QTY : " + StockQty): null

2018-06-10 00:54:04 - [TEST_STEP][PASSED] - delay: Delayed 2 second(s)

2018-06-10 00:54:06 - [MESSAGE][PASSED] - Delayed 2 second(s)

2018-06-10 00:54:06 - [TEST_STEP][PASSED] - Statement - If (java.lang.String.valueOf(StockQty) >= java.lang.String.valueOf(RequestedQty)): null

2018-06-10 00:54:06 - [TEST_STEP][PASSED] - setText: Text '10' is set on object 'Object Repository/DispensaryToStore/Page_Store/input_txtqty'

2018-06-10 00:54:06 - [MESSAGE][PASSED] - Text '10' is set on object 'Object Repository/DispensaryToStore/Page_Store/input_txtqty'

2018-06-10 00:54:06 - [TEST_STEP][PASSED] - click: Object: 'Object Repository/DispensaryToStore/Page_Store/button_Add' is clicked on

2018-06-10 00:54:06 - [MESSAGE][PASSED] - Object: 'Object Repository/DispensaryToStore/Page_Store/button_Add' is clicked on

2018-06-10 00:54:06 - [TEST_STEP][PASSED] - Statement - Break: null

2018-06-10 00:54:06 - [TEST_STEP][PASSED] - selectOptionByIndex: All options with index in [77] are selected on object 'Object Repository/DispensaryToStore/Page_Store/select_--Select--Adernaline 0.'

2018-06-10 00:54:07 - [MESSAGE][PASSED] - All options with index in [77] are selected on object 'Object Repository/DispensaryToStore/Page_Store/select_--Select--Adernaline 0.'

2018-06-10 00:54:07 - [TEST_STEP][PASSED] - delay: Delayed 2 second(s)

2018-06-10 00:54:09 - [MESSAGE][PASSED] - Delayed 2 second(s)

2018-06-10 00:54:09 - [TEST_STEP][PASSED] - Statement - RequestedQty = com.kms.katalon.core.webui.keyword.WebUiBuiltInKeywords.getAttribute(com.kms.katalon.core.testobject.ObjectRepository.findTestObject(DispensaryToStore/Page_Store/input_txttotal), "value"): Attribute 'value' of object 'Object Repository/DispensaryToStore/Page_Store/input_txttotal' is: '10'

2018-06-10 00:54:09 - [MESSAGE][PASSED] - Attribute 'value' of object 'Object Repository/DispensaryToStore/Page_Store/input_txttotal' is: '10'

2018-06-10 00:54:09 - [TEST_STEP][PASSED] - Statement - out.println("Requested QTY : " + RequestedQty): null

2018-06-10 00:54:09 - [TEST_STEP][PASSED] - Statement - BatchNumber = com.kms.katalon.core.webui.keyword.WebUiBuiltInKeywords.getNumberOfTotalOption(com.kms.katalon.core.testobject.ObjectRepository.findTestObject(DispensaryToStore/Page_Store/select_--Select--BA1170BA2376B)): 3 options of object 'Object Repository/DispensaryToStore/Page_Store/select_--Select--BA1170BA2376B' counted

2018-06-10 00:54:09 - [MESSAGE][PASSED] - 3 options of object 'Object Repository/DispensaryToStore/Page_Store/select_--Select--BA1170BA2376B' counted

2018-06-10 00:54:09 - [TEST_STEP][PASSED] - Statement - For ([g = 1, g <= BatchNumber - 1, (g++)]): null

2018-06-10 00:54:09 - [TEST_STEP][PASSED] - selectOptionByIndex: All options with index in [1] are selected on object 'Object Repository/DispensaryToStore/Page_Store/select_--Select--BA1170BA2376B'

2018-06-10 00:54:09 - [MESSAGE][PASSED] - All options with index in [1] are selected on object 'Object Repository/DispensaryToStore/Page_Store/select_--Select--BA1170BA2376B'

2018-06-10 00:54:09 - [TEST_STEP][PASSED] - Statement - Try: null

2018-06-10 00:54:09 - [TEST_STEP][PASSED] - Statement - StockQty = com.kms.katalon.core.webui.keyword.WebUiBuiltInKeywords.getAttribute(com.kms.katalon.core.testobject.ObjectRepository.findTestObject(DispensaryToStore/Page_Store/input_txtprice), "value"): Attribute 'value' of object 'Object Repository/DispensaryToStore/Page_Store/input_txtprice' is: '120'

2018-06-10 00:54:09 - [MESSAGE][PASSED] - Attribute 'value' of object 'Object Repository/DispensaryToStore/Page_Store/input_txtprice' is: '120'

2018-06-10 00:54:09 - [TEST_STEP][PASSED] - Statement - out.println("Stock QTY : " + StockQty): null

2018-06-10 00:54:09 - [TEST_STEP][PASSED] - delay: Delayed 2 second(s)

2018-06-10 00:54:11 - [MESSAGE][PASSED] - Delayed 2 second(s)

2018-06-10 00:54:11 - [TEST_STEP][PASSED] - Statement - If (java.lang.String.valueOf(StockQty) >= java.lang.String.valueOf(RequestedQty)): null

2018-06-10 00:54:11 - [TEST_STEP][PASSED] - setText: Text '10' is set on object 'Object Repository/DispensaryToStore/Page_Store/input_txtqty'

2018-06-10 00:54:11 - [MESSAGE][PASSED] - Text '10' is set on object 'Object Repository/DispensaryToStore/Page_Store/input_txtqty'

2018-06-10 00:54:11 - [TEST_STEP][PASSED] - click: Object: 'Object Repository/DispensaryToStore/Page_Store/button_Add' is clicked on

2018-06-10 00:54:11 - [MESSAGE][PASSED] - Object: 'Object Repository/DispensaryToStore/Page_Store/button_Add' is clicked on

2018-06-10 00:54:11 - [TEST_STEP][PASSED] - Statement - Break: null

2018-06-10 00:54:11 - [TEST_STEP][PASSED] - selectOptionByIndex: All options with index in [78] are selected on object 'Object Repository/DispensaryToStore/Page_Store/select_--Select--Adernaline 0.'

2018-06-10 00:54:12 - [MESSAGE][PASSED] - All options with index in [78] are selected on object 'Object Repository/DispensaryToStore/Page_Store/select_--Select--Adernaline 0.'

2018-06-10 00:54:12 - [TEST_STEP][PASSED] - delay: Delayed 2 second(s)

2018-06-10 00:54:14 - [MESSAGE][PASSED] - Delayed 2 second(s)

2018-06-10 00:54:14 - [TEST_STEP][PASSED] - Statement - RequestedQty = com.kms.katalon.core.webui.keyword.WebUiBuiltInKeywords.getAttribute(com.kms.katalon.core.testobject.ObjectRepository.findTestObject(DispensaryToStore/Page_Store/input_txttotal), "value"): Attribute 'value' of object 'Object Repository/DispensaryToStore/Page_Store/input_txttotal' is: '10'

2018-06-10 00:54:14 - [MESSAGE][PASSED] - Attribute 'value' of object 'Object Repository/DispensaryToStore/Page_Store/input_txttotal' is: '10'

2018-06-10 00:54:14 - [TEST_STEP][PASSED] - Statement - out.println("Requested QTY : " + RequestedQty): null

2018-06-10 00:54:14 - [TEST_STEP][PASSED] - Statement - BatchNumber = com.kms.katalon.core.webui.keyword.WebUiBuiltInKeywords.getNumberOfTotalOption(com.kms.katalon.core.testobject.ObjectRepository.findTestObject(DispensaryToStore/Page_Store/select_--Select--BA1170BA2376B)): 3 options of object 'Object Repository/DispensaryToStore/Page_Store/select_--Select--BA1170BA2376B' counted

2018-06-10 00:54:14 - [MESSAGE][PASSED] - 3 options of object 'Object Repository/DispensaryToStore/Page_Store/select_--Select--BA1170BA2376B' counted

2018-06-10 00:54:14 - [TEST_STEP][PASSED] - Statement - For ([g = 1, g <= BatchNumber - 1, (g++)]): null

2018-06-10 00:54:14 - [TEST_STEP][PASSED] - selectOptionByIndex: All options with index in [1] are selected on object 'Object Repository/DispensaryToStore/Page_Store/select_--Select--BA1170BA2376B'

2018-06-10 00:54:14 - [MESSAGE][PASSED] - All options with index in [1] are selected on object 'Object Repository/DispensaryToStore/Page_Store/select_--Select--BA1170BA2376B'

2018-06-10 00:54:14 - [TEST_STEP][PASSED] - Statement - Try: null

2018-06-10 00:54:14 - [TEST_STEP][PASSED] - Statement - StockQty = com.kms.katalon.core.webui.keyword.WebUiBuiltInKeywords.getAttribute(com.kms.katalon.core.testobject.ObjectRepository.findTestObject(DispensaryToStore/Page_Store/input_txtprice), "value"): Attribute 'value' of object 'Object Repository/DispensaryToStore/Page_Store/input_txtprice' is: '260'

2018-06-10 00:54:14 - [MESSAGE][PASSED] - Attribute 'value' of object 'Object Repository/DispensaryToStore/Page_Store/input_txtprice' is: '260'

2018-06-10 00:54:14 - [TEST_STEP][PASSED] - Statement - out.println("Stock QTY : " + StockQty): null

2018-06-10 00:54:14 - [TEST_STEP][PASSED] - delay: Delayed 2 second(s)

2018-06-10 00:54:16 - [MESSAGE][PASSED] - Delayed 2 second(s)

2018-06-10 00:54:16 - [TEST_STEP][PASSED] - Statement - If (java.lang.String.valueOf(StockQty) >= java.lang.String.valueOf(RequestedQty)): null

2018-06-10 00:54:16 - [TEST_STEP][PASSED] - setText: Text '10' is set on object 'Object Repository/DispensaryToStore/Page_Store/input_txtqty'

2018-06-10 00:54:16 - [MESSAGE][PASSED] - Text '10' is set on object 'Object Repository/DispensaryToStore/Page_Store/input_txtqty'

2018-06-10 00:54:16 - [TEST_STEP][PASSED] - click: Object: 'Object Repository/DispensaryToStore/Page_Store/button_Add' is clicked on

2018-06-10 00:54:16 - [MESSAGE][PASSED] - Object: 'Object Repository/DispensaryToStore/Page_Store/button_Add' is clicked on

2018-06-10 00:54:16 - [TEST_STEP][PASSED] - Statement - Break: null

2018-06-10 00:54:16 - [TEST_STEP][PASSED] - selectOptionByIndex: All options with index in [79] are selected on object 'Object Repository/DispensaryToStore/Page_Store/select_--Select--Adernaline 0.'

2018-06-10 00:54:17 - [MESSAGE][PASSED] - All options with index in [79] are selected on object 'Object Repository/DispensaryToStore/Page_Store/select_--Select--Adernaline 0.'

2018-06-10 00:54:17 - [TEST_STEP][PASSED] - delay: Delayed 2 second(s)

2018-06-10 00:54:19 - [MESSAGE][PASSED] - Delayed 2 second(s)

2018-06-10 00:54:19 - [TEST_STEP][PASSED] - Statement - RequestedQty = com.kms.katalon.core.webui.keyword.WebUiBuiltInKeywords.getAttribute(com.kms.katalon.core.testobject.ObjectRepository.findTestObject(DispensaryToStore/Page_Store/input_txttotal), "value"): Attribute 'value' of object 'Object Repository/DispensaryToStore/Page_Store/input_txttotal' is: '10'

2018-06-10 00:54:19 - [MESSAGE][PASSED] - Attribute 'value' of object 'Object Repository/DispensaryToStore/Page_Store/input_txttotal' is: '10'

2018-06-10 00:54:19 - [TEST_STEP][PASSED] - Statement - out.println("Requested QTY : " + RequestedQty): null

2018-06-10 00:54:19 - [TEST_STEP][PASSED] - Statement - BatchNumber = com.kms.katalon.core.webui.keyword.WebUiBuiltInKeywords.getNumberOfTotalOption(com.kms.katalon.core.testobject.ObjectRepository.findTestObject(DispensaryToStore/Page_Store/select_--Select--BA1170BA2376B)): 2 options of object 'Object Repository/DispensaryToStore/Page_Store/select_--Select--BA1170BA2376B' counted

2018-06-10 00:54:19 - [MESSAGE][PASSED] - 2 options of object 'Object Repository/DispensaryToStore/Page_Store/select_--Select--BA1170BA2376B' counted

2018-06-10 00:54:19 - [TEST_STEP][PASSED] - Statement - For ([g = 1, g <= BatchNumber - 1, (g++)]): null

2018-06-10 00:54:19 - [TEST_STEP][PASSED] - selectOptionByIndex: All options with index in [1] are selected on object 'Object Repository/DispensaryToStore/Page_Store/select_--Select--BA1170BA2376B'

2018-06-10 00:54:20 - [MESSAGE][PASSED] - All options with index in [1] are selected on object 'Object Repository/DispensaryToStore/Page_Store/select_--Select--BA1170BA2376B'

2018-06-10 00:54:20 - [TEST_STEP][PASSED] - Statement - Try: null

2018-06-10 00:54:20 - [TEST_STEP][PASSED] - Statement - StockQty = com.kms.katalon.core.webui.keyword.WebUiBuiltInKeywords.getAttribute(com.kms.katalon.core.testobject.ObjectRepository.findTestObject(DispensaryToStore/Page_Store/input_txtprice), "value"): Attribute 'value' of object 'Object Repository/DispensaryToStore/Page_Store/input_txtprice' is: '420'

2018-06-10 00:54:20 - [MESSAGE][PASSED] - Attribute 'value' of object 'Object Repository/DispensaryToStore/Page_Store/input_txtprice' is: '420'

2018-06-10 00:54:20 - [TEST_STEP][PASSED] - Statement - out.println("Stock QTY : " + StockQty): null

2018-06-10 00:54:20 - [TEST_STEP][PASSED] - delay: Delayed 2 second(s)

2018-06-10 00:54:22 - [MESSAGE][PASSED] - Delayed 2 second(s)

2018-06-10 00:54:22 - [TEST_STEP][PASSED] - Statement - If (java.lang.String.valueOf(StockQty) >= java.lang.String.valueOf(RequestedQty)): null

2018-06-10 00:54:22 - [TEST_STEP][PASSED] - setText: Text '10' is set on object 'Object Repository/DispensaryToStore/Page_Store/input_txtqty'

2018-06-10 00:54:22 - [MESSAGE][PASSED] - Text '10' is set on object 'Object Repository/DispensaryToStore/Page_Store/input_txtqty'

2018-06-10 00:54:22 - [TEST_STEP][PASSED] - click: Object: 'Object Repository/DispensaryToStore/Page_Store/button_Add' is clicked on

2018-06-10 00:54:22 - [MESSAGE][PASSED] - Object: 'Object Repository/DispensaryToStore/Page_Store/button_Add' is clicked on

2018-06-10 00:54:22 - [TEST_STEP][PASSED] - Statement - Break: null

2018-06-10 00:54:22 - [TEST_STEP][PASSED] - selectOptionByIndex: All options with index in [80] are selected on object 'Object Repository/DispensaryToStore/Page_Store/select_--Select--Adernaline 0.'

2018-06-10 00:54:23 - [MESSAGE][PASSED] - All options with index in [80] are selected on object 'Object Repository/DispensaryToStore/Page_Store/select_--Select--Adernaline 0.'

2018-06-10 00:54:23 - [TEST_STEP][PASSED] - delay: Delayed 2 second(s)

2018-06-10 00:54:25 - [MESSAGE][PASSED] - Delayed 2 second(s)

2018-06-10 00:54:25 - [TEST_STEP][PASSED] - Statement - RequestedQty = com.kms.katalon.core.webui.keyword.WebUiBuiltInKeywords.getAttribute(com.kms.katalon.core.testobject.ObjectRepository.findTestObject(DispensaryToStore/Page_Store/input_txttotal), "value"): Attribute 'value' of object 'Object Repository/DispensaryToStore/Page_Store/input_txttotal' is: '10'

2018-06-10 00:54:25 - [MESSAGE][PASSED] - Attribute 'value' of object 'Object Repository/DispensaryToStore/Page_Store/input_txttotal' is: '10'

2018-06-10 00:54:25 - [TEST_STEP][PASSED] - Statement - out.println("Requested QTY : " + RequestedQty): null

2018-06-10 00:54:25 - [TEST_STEP][PASSED] - Statement - BatchNumber = com.kms.katalon.core.webui.keyword.WebUiBuiltInKeywords.getNumberOfTotalOption(com.kms.katalon.core.testobject.ObjectRepository.findTestObject(DispensaryToStore/Page_Store/select_--Select--BA1170BA2376B)): 2 options of object 'Object Repository/DispensaryToStore/Page_Store/select_--Select--BA1170BA2376B' counted

2018-06-10 00:54:25 - [MESSAGE][PASSED] - 2 options of object 'Object Repository/DispensaryToStore/Page_Store/select_--Select--BA1170BA2376B' counted

2018-06-10 00:54:25 - [TEST_STEP][PASSED] - Statement - For ([g = 1, g <= BatchNumber - 1, (g++)]): null

2018-06-10 00:54:25 - [TEST_STEP][PASSED] - selectOptionByIndex: All options with index in [1] are selected on object 'Object Repository/DispensaryToStore/Page_Store/select_--Select--BA1170BA2376B'

2018-06-10 00:54:25 - [MESSAGE][PASSED] - All options with index in [1] are selected on object 'Object Repository/DispensaryToStore/Page_Store/select_--Select--BA1170BA2376B'

2018-06-10 00:54:25 - [TEST_STEP][PASSED] - Statement - Try: null

2018-06-10 00:54:25 - [TEST_STEP][PASSED] - Statement - StockQty = com.kms.katalon.core.webui.keyword.WebUiBuiltInKeywords.getAttribute(com.kms.katalon.core.testobject.ObjectRepository.findTestObject(DispensaryToStore/Page_Store/input_txtprice), "value"): Attribute 'value' of object 'Object Repository/DispensaryToStore/Page_Store/input_txtprice' is: '420'

2018-06-10 00:54:25 - [MESSAGE][PASSED] - Attribute 'value' of object 'Object Repository/DispensaryToStore/Page_Store/input_txtprice' is: '420'

2018-06-10 00:54:25 - [TEST_STEP][PASSED] - Statement - out.println("Stock QTY : " + StockQty): null

2018-06-10 00:54:25 - [TEST_STEP][PASSED] - delay: Delayed 2 second(s)

2018-06-10 00:54:27 - [MESSAGE][PASSED] - Delayed 2 second(s)

2018-06-10 00:54:27 - [TEST_STEP][PASSED] - Statement - If (java.lang.String.valueOf(StockQty) >= java.lang.String.valueOf(RequestedQty)): null

2018-06-10 00:54:27 - [TEST_STEP][PASSED] - setText: Text '10' is set on object 'Object Repository/DispensaryToStore/Page_Store/input_txtqty'

2018-06-10 00:54:27 - [MESSAGE][PASSED] - Text '10' is set on object 'Object Repository/DispensaryToStore/Page_Store/input_txtqty'

2018-06-10 00:54:27 - [TEST_STEP][PASSED] - click: Object: 'Object Repository/DispensaryToStore/Page_Store/button_Add' is clicked on

2018-06-10 00:54:27 - [MESSAGE][PASSED] - Object: 'Object Repository/DispensaryToStore/Page_Store/button_Add' is clicked on

2018-06-10 00:54:27 - [TEST_STEP][PASSED] - Statement - Break: null

2018-06-10 00:54:27 - [TEST_STEP][PASSED] - scrollToElement: Scroll to object 'Object Repository/DispensaryToStore/Page_Store/input_btnSubmit' successfully

2018-06-10 00:54:27 - [MESSAGE][PASSED] - Scroll to object 'Object Repository/DispensaryToStore/Page_Store/input_btnSubmit' successfully

2018-06-10 00:54:27 - [TEST_STEP][PASSED] - click: Object: 'Object Repository/DispensaryToStore/Page_Store/input_btnSubmit' is clicked on

2018-06-10 00:54:27 - [MESSAGE][PASSED] - Object: 'Object Repository/DispensaryToStore/Page_Store/input_btnSubmit' is clicked on

2018-06-10 00:54:27 - [TEST_STEP][PASSED] - delay: Delayed 3 second(s)

2018-06-10 00:54:30 - [MESSAGE][PASSED] - Delayed 3 second(s)

2018-06-10 00:54:30 - [TEST_STEP][PASSED] - click: Object: 'Object Repository/DispensaryToStore/Page_Store/button_OK' is clicked on

2018-06-10 00:54:43 - [MESSAGE][PASSED] - Object: 'Object Repository/DispensaryToStore/Page_Store/button_OK' is clicked on

2018-06-10 00:54:43 - [TEST_STEP][PASSED] - delay: Delayed 3 second(s)

2018-06-10 00:54:46 - [MESSAGE][PASSED] - Delayed 3 second(s)

2018-06-10 00:54:46 - [TEST_STEP][PASSED] - click: Object: 'Object Repository/DispensaryToStore/Page_Store/a_dropdown-toggle' is clicked on

2018-06-10 00:54:46 - [MESSAGE][PASSED] - Object: 'Object Repository/DispensaryToStore/Page_Store/a_dropdown-toggle' is clicked on

2018-06-10 00:54:46 - [TEST_STEP][PASSED] - click: Object: 'Object Repository/DispensaryToStore/Page_Store/a_Sign out' is clicked on

2018-06-10 00:54:47 - [MESSAGE][PASSED] - Object: 'Object Repository/DispensaryToStore/Page_Store/a_Sign out' is clicked on

2018-06-10 00:54:47 - [TEST_STEP][PASSED] - closeBrowser: Browser is closed

2018-06-10 00:54:47 - [MESSAGE][PASSED] - Browser is closed]]></system-out>
         <system-err><![CDATA[]]></system-err>
      </testcase>
      <testcase name="Test Cases/DISPENSARY TEST CASES/TC_DP_012 Verify Schedule 12 Dispensary Request Are Working Successfully Or Not" classname="Test Cases/DISPENSARY TEST CASES/TC_DP_012 Verify Schedule 12 Dispensary Request Are Working Successfully Or Not" status="PASSED">
         <system-out><![CDATA[2018-06-10 00:54:47 - [TEST_CASE][PASSED] - Test Cases/DISPENSARY TEST CASES/TC_DP_012 Verify Schedule 12 Dispensary Request Are Working Successfully Or Not: Test Cases/DISPENSARY TEST CASES/TC_DP_012 Verify Schedule 12 Dispensary Request Are Working Successfully Or Not

2018-06-10 00:54:48 - [TEST_STEP][PASSED] - openBrowser: Browser is opened with url: ''

2018-06-10 00:54:50 - [MESSAGE][PASSED] - Browser is opened with url: ''

2018-06-10 00:54:50 - [TEST_STEP][PASSED] - navigateToUrl: Navigate to 'http://192.168.137.1/multihospital_new/HDSplashscreen.aspx' successfully

2018-06-10 00:54:52 - [MESSAGE][PASSED] - Navigate to 'http://192.168.137.1/multihospital_new/HDSplashscreen.aspx' successfully

2018-06-10 00:54:52 - [TEST_STEP][PASSED] - maximizeWindow: Current window maximized

2018-06-10 00:54:53 - [MESSAGE][PASSED] - Current window maximized

2018-06-10 00:54:53 - [TEST_STEP][PASSED] - click: Object: 'Object Repository/DispensaryToStore/Page_KDMC/a_Dispensary Store' is clicked on

2018-06-10 00:54:54 - [MESSAGE][PASSED] - Object: 'Object Repository/DispensaryToStore/Page_KDMC/a_Dispensary Store' is clicked on

2018-06-10 00:54:54 - [TEST_STEP][PASSED] - setText: Text 'rajaram' is set on object 'Object Repository/DispensaryToStore/Page_Dispensary Store Login/input_txtusername'

2018-06-10 00:54:54 - [MESSAGE][PASSED] - Text 'rajaram' is set on object 'Object Repository/DispensaryToStore/Page_Dispensary Store Login/input_txtusername'

2018-06-10 00:54:54 - [TEST_STEP][PASSED] - setText: Text '123' is set on object 'Object Repository/DispensaryToStore/Page_Dispensary Store Login/input_txtpassword'

2018-06-10 00:54:54 - [MESSAGE][PASSED] - Text '123' is set on object 'Object Repository/DispensaryToStore/Page_Dispensary Store Login/input_txtpassword'

2018-06-10 00:54:54 - [TEST_STEP][PASSED] - delay: Delayed 3 second(s)

2018-06-10 00:54:57 - [MESSAGE][PASSED] - Delayed 3 second(s)

2018-06-10 00:54:57 - [TEST_STEP][PASSED] - sendKeys: Keys 'ENTER + ' sent to object: 'Object Repository/DispensaryToStore/Page_Dispensary Store Login/input_txtpassword'

2018-06-10 00:54:58 - [MESSAGE][PASSED] - Keys 'ENTER + ' sent to object: 'Object Repository/DispensaryToStore/Page_Dispensary Store Login/input_txtpassword'

2018-06-10 00:54:58 - [TEST_STEP][PASSED] - delay: Delayed 3 second(s)

2018-06-10 00:55:01 - [MESSAGE][PASSED] - Delayed 3 second(s)

2018-06-10 00:55:01 - [TEST_STEP][PASSED] - click: Object: 'Object Repository/DispensaryToStore/Page_Dispensary Store/a_Request to Store' is clicked on

2018-06-10 00:55:01 - [MESSAGE][PASSED] - Object: 'Object Repository/DispensaryToStore/Page_Dispensary Store/a_Request to Store' is clicked on

2018-06-10 00:55:01 - [TEST_STEP][PASSED] - click: Object: 'Object Repository/DispensaryToStore/Page_Dispensary Store/a_Medicine Request' is clicked on

2018-06-10 00:55:01 - [MESSAGE][PASSED] - Object: 'Object Repository/DispensaryToStore/Page_Dispensary Store/a_Medicine Request' is clicked on

2018-06-10 00:55:01 - [TEST_STEP][PASSED] - selectOptionByIndex: All options with index in [12] are selected on object 'Object Repository/DispensaryToStore/Page_Dispensary Store/select_--Select--Schedule 1Inj'

2018-06-10 00:55:01 - [MESSAGE][PASSED] - All options with index in [12] are selected on object 'Object Repository/DispensaryToStore/Page_Dispensary Store/select_--Select--Schedule 1Inj'

2018-06-10 00:55:01 - [TEST_STEP][PASSED] - Statement - medicineslength = com.kms.katalon.core.webui.keyword.WebUiBuiltInKeywords.getNumberOfTotalOption(com.kms.katalon.core.testobject.ObjectRepository.findTestObject(DispensaryToStore/Page_Dispensary Store/select_--Select--Adernaline 0.)): 19 options of object 'Object Repository/DispensaryToStore/Page_Dispensary Store/select_--Select--Adernaline 0.' counted

2018-06-10 00:55:02 - [MESSAGE][PASSED] - 19 options of object 'Object Repository/DispensaryToStore/Page_Dispensary Store/select_--Select--Adernaline 0.' counted

2018-06-10 00:55:02 - [TEST_STEP][PASSED] - Statement - For ([e = 1, e <= medicineslength - 1, (e++)]): Object: 'Object Repository/DispensaryToStore/Page_Dispensary Store/button_Add' is clicked on

2018-06-10 00:55:02 - [TEST_STEP][PASSED] - selectOptionByIndex: All options with index in [12] are selected on object 'Object Repository/DispensaryToStore/Page_Dispensary Store/select_--Select--Schedule 1Inj'

2018-06-10 00:55:02 - [MESSAGE][PASSED] - All options with index in [12] are selected on object 'Object Repository/DispensaryToStore/Page_Dispensary Store/select_--Select--Schedule 1Inj'

2018-06-10 00:55:02 - [TEST_STEP][PASSED] - selectOptionByIndex: All options with index in [1] are selected on object 'Object Repository/DispensaryToStore/Page_Dispensary Store/select_--Select--Adernaline 0.'

2018-06-10 00:55:02 - [MESSAGE][PASSED] - All options with index in [1] are selected on object 'Object Repository/DispensaryToStore/Page_Dispensary Store/select_--Select--Adernaline 0.'

2018-06-10 00:55:02 - [TEST_STEP][PASSED] - setText: Text '10' is set on object 'Object Repository/DispensaryToStore/Page_Dispensary Store/input_txttreat'

2018-06-10 00:55:02 - [MESSAGE][PASSED] - Text '10' is set on object 'Object Repository/DispensaryToStore/Page_Dispensary Store/input_txttreat'

2018-06-10 00:55:02 - [TEST_STEP][PASSED] - click: Object: 'Object Repository/DispensaryToStore/Page_Dispensary Store/button_Add' is clicked on

2018-06-10 00:55:02 - [MESSAGE][PASSED] - Object: 'Object Repository/DispensaryToStore/Page_Dispensary Store/button_Add' is clicked on

2018-06-10 00:55:02 - [TEST_STEP][PASSED] - selectOptionByIndex: All options with index in [12] are selected on object 'Object Repository/DispensaryToStore/Page_Dispensary Store/select_--Select--Schedule 1Inj'

2018-06-10 00:55:03 - [MESSAGE][PASSED] - All options with index in [12] are selected on object 'Object Repository/DispensaryToStore/Page_Dispensary Store/select_--Select--Schedule 1Inj'

2018-06-10 00:55:03 - [TEST_STEP][PASSED] - selectOptionByIndex: All options with index in [2] are selected on object 'Object Repository/DispensaryToStore/Page_Dispensary Store/select_--Select--Adernaline 0.'

2018-06-10 00:55:03 - [MESSAGE][PASSED] - All options with index in [2] are selected on object 'Object Repository/DispensaryToStore/Page_Dispensary Store/select_--Select--Adernaline 0.'

2018-06-10 00:55:03 - [TEST_STEP][PASSED] - setText: Text '10' is set on object 'Object Repository/DispensaryToStore/Page_Dispensary Store/input_txttreat'

2018-06-10 00:55:03 - [MESSAGE][PASSED] - Text '10' is set on object 'Object Repository/DispensaryToStore/Page_Dispensary Store/input_txttreat'

2018-06-10 00:55:03 - [TEST_STEP][PASSED] - click: Object: 'Object Repository/DispensaryToStore/Page_Dispensary Store/button_Add' is clicked on

2018-06-10 00:55:03 - [MESSAGE][PASSED] - Object: 'Object Repository/DispensaryToStore/Page_Dispensary Store/button_Add' is clicked on

2018-06-10 00:55:03 - [TEST_STEP][PASSED] - selectOptionByIndex: All options with index in [12] are selected on object 'Object Repository/DispensaryToStore/Page_Dispensary Store/select_--Select--Schedule 1Inj'

2018-06-10 00:55:03 - [MESSAGE][PASSED] - All options with index in [12] are selected on object 'Object Repository/DispensaryToStore/Page_Dispensary Store/select_--Select--Schedule 1Inj'

2018-06-10 00:55:03 - [TEST_STEP][PASSED] - selectOptionByIndex: All options with index in [3] are selected on object 'Object Repository/DispensaryToStore/Page_Dispensary Store/select_--Select--Adernaline 0.'

2018-06-10 00:55:03 - [MESSAGE][PASSED] - All options with index in [3] are selected on object 'Object Repository/DispensaryToStore/Page_Dispensary Store/select_--Select--Adernaline 0.'

2018-06-10 00:55:03 - [TEST_STEP][PASSED] - setText: Text '10' is set on object 'Object Repository/DispensaryToStore/Page_Dispensary Store/input_txttreat'

2018-06-10 00:55:03 - [MESSAGE][PASSED] - Text '10' is set on object 'Object Repository/DispensaryToStore/Page_Dispensary Store/input_txttreat'

2018-06-10 00:55:03 - [TEST_STEP][PASSED] - click: Object: 'Object Repository/DispensaryToStore/Page_Dispensary Store/button_Add' is clicked on

2018-06-10 00:55:03 - [MESSAGE][PASSED] - Object: 'Object Repository/DispensaryToStore/Page_Dispensary Store/button_Add' is clicked on

2018-06-10 00:55:03 - [TEST_STEP][PASSED] - selectOptionByIndex: All options with index in [12] are selected on object 'Object Repository/DispensaryToStore/Page_Dispensary Store/select_--Select--Schedule 1Inj'

2018-06-10 00:55:04 - [MESSAGE][PASSED] - All options with index in [12] are selected on object 'Object Repository/DispensaryToStore/Page_Dispensary Store/select_--Select--Schedule 1Inj'

2018-06-10 00:55:04 - [TEST_STEP][PASSED] - selectOptionByIndex: All options with index in [4] are selected on object 'Object Repository/DispensaryToStore/Page_Dispensary Store/select_--Select--Adernaline 0.'

2018-06-10 00:55:04 - [MESSAGE][PASSED] - All options with index in [4] are selected on object 'Object Repository/DispensaryToStore/Page_Dispensary Store/select_--Select--Adernaline 0.'

2018-06-10 00:55:04 - [TEST_STEP][PASSED] - setText: Text '10' is set on object 'Object Repository/DispensaryToStore/Page_Dispensary Store/input_txttreat'

2018-06-10 00:55:04 - [MESSAGE][PASSED] - Text '10' is set on object 'Object Repository/DispensaryToStore/Page_Dispensary Store/input_txttreat'

2018-06-10 00:55:04 - [TEST_STEP][PASSED] - click: Object: 'Object Repository/DispensaryToStore/Page_Dispensary Store/button_Add' is clicked on

2018-06-10 00:55:04 - [MESSAGE][PASSED] - Object: 'Object Repository/DispensaryToStore/Page_Dispensary Store/button_Add' is clicked on

2018-06-10 00:55:04 - [TEST_STEP][PASSED] - selectOptionByIndex: All options with index in [12] are selected on object 'Object Repository/DispensaryToStore/Page_Dispensary Store/select_--Select--Schedule 1Inj'

2018-06-10 00:55:04 - [MESSAGE][PASSED] - All options with index in [12] are selected on object 'Object Repository/DispensaryToStore/Page_Dispensary Store/select_--Select--Schedule 1Inj'

2018-06-10 00:55:04 - [TEST_STEP][PASSED] - selectOptionByIndex: All options with index in [5] are selected on object 'Object Repository/DispensaryToStore/Page_Dispensary Store/select_--Select--Adernaline 0.'

2018-06-10 00:55:04 - [MESSAGE][PASSED] - All options with index in [5] are selected on object 'Object Repository/DispensaryToStore/Page_Dispensary Store/select_--Select--Adernaline 0.'

2018-06-10 00:55:04 - [TEST_STEP][PASSED] - setText: Text '10' is set on object 'Object Repository/DispensaryToStore/Page_Dispensary Store/input_txttreat'

2018-06-10 00:55:04 - [MESSAGE][PASSED] - Text '10' is set on object 'Object Repository/DispensaryToStore/Page_Dispensary Store/input_txttreat'

2018-06-10 00:55:04 - [TEST_STEP][PASSED] - click: Object: 'Object Repository/DispensaryToStore/Page_Dispensary Store/button_Add' is clicked on

2018-06-10 00:55:04 - [MESSAGE][PASSED] - Object: 'Object Repository/DispensaryToStore/Page_Dispensary Store/button_Add' is clicked on

2018-06-10 00:55:04 - [TEST_STEP][PASSED] - selectOptionByIndex: All options with index in [12] are selected on object 'Object Repository/DispensaryToStore/Page_Dispensary Store/select_--Select--Schedule 1Inj'

2018-06-10 00:55:05 - [MESSAGE][PASSED] - All options with index in [12] are selected on object 'Object Repository/DispensaryToStore/Page_Dispensary Store/select_--Select--Schedule 1Inj'

2018-06-10 00:55:05 - [TEST_STEP][PASSED] - selectOptionByIndex: All options with index in [6] are selected on object 'Object Repository/DispensaryToStore/Page_Dispensary Store/select_--Select--Adernaline 0.'

2018-06-10 00:55:05 - [MESSAGE][PASSED] - All options with index in [6] are selected on object 'Object Repository/DispensaryToStore/Page_Dispensary Store/select_--Select--Adernaline 0.'

2018-06-10 00:55:05 - [TEST_STEP][PASSED] - setText: Text '10' is set on object 'Object Repository/DispensaryToStore/Page_Dispensary Store/input_txttreat'

2018-06-10 00:55:05 - [MESSAGE][PASSED] - Text '10' is set on object 'Object Repository/DispensaryToStore/Page_Dispensary Store/input_txttreat'

2018-06-10 00:55:05 - [TEST_STEP][PASSED] - click: Object: 'Object Repository/DispensaryToStore/Page_Dispensary Store/button_Add' is clicked on

2018-06-10 00:55:05 - [MESSAGE][PASSED] - Object: 'Object Repository/DispensaryToStore/Page_Dispensary Store/button_Add' is clicked on

2018-06-10 00:55:05 - [TEST_STEP][PASSED] - selectOptionByIndex: All options with index in [12] are selected on object 'Object Repository/DispensaryToStore/Page_Dispensary Store/select_--Select--Schedule 1Inj'

2018-06-10 00:55:05 - [MESSAGE][PASSED] - All options with index in [12] are selected on object 'Object Repository/DispensaryToStore/Page_Dispensary Store/select_--Select--Schedule 1Inj'

2018-06-10 00:55:05 - [TEST_STEP][PASSED] - selectOptionByIndex: All options with index in [7] are selected on object 'Object Repository/DispensaryToStore/Page_Dispensary Store/select_--Select--Adernaline 0.'

2018-06-10 00:55:06 - [MESSAGE][PASSED] - All options with index in [7] are selected on object 'Object Repository/DispensaryToStore/Page_Dispensary Store/select_--Select--Adernaline 0.'

2018-06-10 00:55:06 - [TEST_STEP][PASSED] - setText: Text '10' is set on object 'Object Repository/DispensaryToStore/Page_Dispensary Store/input_txttreat'

2018-06-10 00:55:06 - [MESSAGE][PASSED] - Text '10' is set on object 'Object Repository/DispensaryToStore/Page_Dispensary Store/input_txttreat'

2018-06-10 00:55:06 - [TEST_STEP][PASSED] - click: Object: 'Object Repository/DispensaryToStore/Page_Dispensary Store/button_Add' is clicked on

2018-06-10 00:55:06 - [MESSAGE][PASSED] - Object: 'Object Repository/DispensaryToStore/Page_Dispensary Store/button_Add' is clicked on

2018-06-10 00:55:06 - [TEST_STEP][PASSED] - selectOptionByIndex: All options with index in [12] are selected on object 'Object Repository/DispensaryToStore/Page_Dispensary Store/select_--Select--Schedule 1Inj'

2018-06-10 00:55:06 - [MESSAGE][PASSED] - All options with index in [12] are selected on object 'Object Repository/DispensaryToStore/Page_Dispensary Store/select_--Select--Schedule 1Inj'

2018-06-10 00:55:06 - [TEST_STEP][PASSED] - selectOptionByIndex: All options with index in [8] are selected on object 'Object Repository/DispensaryToStore/Page_Dispensary Store/select_--Select--Adernaline 0.'

2018-06-10 00:55:06 - [MESSAGE][PASSED] - All options with index in [8] are selected on object 'Object Repository/DispensaryToStore/Page_Dispensary Store/select_--Select--Adernaline 0.'

2018-06-10 00:55:06 - [TEST_STEP][PASSED] - setText: Text '10' is set on object 'Object Repository/DispensaryToStore/Page_Dispensary Store/input_txttreat'

2018-06-10 00:55:06 - [MESSAGE][PASSED] - Text '10' is set on object 'Object Repository/DispensaryToStore/Page_Dispensary Store/input_txttreat'

2018-06-10 00:55:06 - [TEST_STEP][PASSED] - click: Object: 'Object Repository/DispensaryToStore/Page_Dispensary Store/button_Add' is clicked on

2018-06-10 00:55:06 - [MESSAGE][PASSED] - Object: 'Object Repository/DispensaryToStore/Page_Dispensary Store/button_Add' is clicked on

2018-06-10 00:55:06 - [TEST_STEP][PASSED] - selectOptionByIndex: All options with index in [12] are selected on object 'Object Repository/DispensaryToStore/Page_Dispensary Store/select_--Select--Schedule 1Inj'

2018-06-10 00:55:06 - [MESSAGE][PASSED] - All options with index in [12] are selected on object 'Object Repository/DispensaryToStore/Page_Dispensary Store/select_--Select--Schedule 1Inj'

2018-06-10 00:55:06 - [TEST_STEP][PASSED] - selectOptionByIndex: All options with index in [9] are selected on object 'Object Repository/DispensaryToStore/Page_Dispensary Store/select_--Select--Adernaline 0.'

2018-06-10 00:55:07 - [MESSAGE][PASSED] - All options with index in [9] are selected on object 'Object Repository/DispensaryToStore/Page_Dispensary Store/select_--Select--Adernaline 0.'

2018-06-10 00:55:07 - [TEST_STEP][PASSED] - setText: Text '10' is set on object 'Object Repository/DispensaryToStore/Page_Dispensary Store/input_txttreat'

2018-06-10 00:55:07 - [MESSAGE][PASSED] - Text '10' is set on object 'Object Repository/DispensaryToStore/Page_Dispensary Store/input_txttreat'

2018-06-10 00:55:07 - [TEST_STEP][PASSED] - click: Object: 'Object Repository/DispensaryToStore/Page_Dispensary Store/button_Add' is clicked on

2018-06-10 00:55:07 - [MESSAGE][PASSED] - Object: 'Object Repository/DispensaryToStore/Page_Dispensary Store/button_Add' is clicked on

2018-06-10 00:55:07 - [TEST_STEP][PASSED] - selectOptionByIndex: All options with index in [12] are selected on object 'Object Repository/DispensaryToStore/Page_Dispensary Store/select_--Select--Schedule 1Inj'

2018-06-10 00:55:07 - [MESSAGE][PASSED] - All options with index in [12] are selected on object 'Object Repository/DispensaryToStore/Page_Dispensary Store/select_--Select--Schedule 1Inj'

2018-06-10 00:55:07 - [TEST_STEP][PASSED] - selectOptionByIndex: All options with index in [10] are selected on object 'Object Repository/DispensaryToStore/Page_Dispensary Store/select_--Select--Adernaline 0.'

2018-06-10 00:55:07 - [MESSAGE][PASSED] - All options with index in [10] are selected on object 'Object Repository/DispensaryToStore/Page_Dispensary Store/select_--Select--Adernaline 0.'

2018-06-10 00:55:07 - [TEST_STEP][PASSED] - setText: Text '10' is set on object 'Object Repository/DispensaryToStore/Page_Dispensary Store/input_txttreat'

2018-06-10 00:55:07 - [MESSAGE][PASSED] - Text '10' is set on object 'Object Repository/DispensaryToStore/Page_Dispensary Store/input_txttreat'

2018-06-10 00:55:07 - [TEST_STEP][PASSED] - click: Object: 'Object Repository/DispensaryToStore/Page_Dispensary Store/button_Add' is clicked on

2018-06-10 00:55:07 - [MESSAGE][PASSED] - Object: 'Object Repository/DispensaryToStore/Page_Dispensary Store/button_Add' is clicked on

2018-06-10 00:55:07 - [TEST_STEP][PASSED] - selectOptionByIndex: All options with index in [12] are selected on object 'Object Repository/DispensaryToStore/Page_Dispensary Store/select_--Select--Schedule 1Inj'

2018-06-10 00:55:08 - [MESSAGE][PASSED] - All options with index in [12] are selected on object 'Object Repository/DispensaryToStore/Page_Dispensary Store/select_--Select--Schedule 1Inj'

2018-06-10 00:55:08 - [TEST_STEP][PASSED] - selectOptionByIndex: All options with index in [11] are selected on object 'Object Repository/DispensaryToStore/Page_Dispensary Store/select_--Select--Adernaline 0.'

2018-06-10 00:55:08 - [MESSAGE][PASSED] - All options with index in [11] are selected on object 'Object Repository/DispensaryToStore/Page_Dispensary Store/select_--Select--Adernaline 0.'

2018-06-10 00:55:08 - [TEST_STEP][PASSED] - setText: Text '10' is set on object 'Object Repository/DispensaryToStore/Page_Dispensary Store/input_txttreat'

2018-06-10 00:55:08 - [MESSAGE][PASSED] - Text '10' is set on object 'Object Repository/DispensaryToStore/Page_Dispensary Store/input_txttreat'

2018-06-10 00:55:08 - [TEST_STEP][PASSED] - click: Object: 'Object Repository/DispensaryToStore/Page_Dispensary Store/button_Add' is clicked on

2018-06-10 00:55:08 - [MESSAGE][PASSED] - Object: 'Object Repository/DispensaryToStore/Page_Dispensary Store/button_Add' is clicked on

2018-06-10 00:55:08 - [TEST_STEP][PASSED] - selectOptionByIndex: All options with index in [12] are selected on object 'Object Repository/DispensaryToStore/Page_Dispensary Store/select_--Select--Schedule 1Inj'

2018-06-10 00:55:08 - [MESSAGE][PASSED] - All options with index in [12] are selected on object 'Object Repository/DispensaryToStore/Page_Dispensary Store/select_--Select--Schedule 1Inj'

2018-06-10 00:55:08 - [TEST_STEP][PASSED] - selectOptionByIndex: All options with index in [12] are selected on object 'Object Repository/DispensaryToStore/Page_Dispensary Store/select_--Select--Adernaline 0.'

2018-06-10 00:55:09 - [MESSAGE][PASSED] - All options with index in [12] are selected on object 'Object Repository/DispensaryToStore/Page_Dispensary Store/select_--Select--Adernaline 0.'

2018-06-10 00:55:09 - [TEST_STEP][PASSED] - setText: Text '10' is set on object 'Object Repository/DispensaryToStore/Page_Dispensary Store/input_txttreat'

2018-06-10 00:55:09 - [MESSAGE][PASSED] - Text '10' is set on object 'Object Repository/DispensaryToStore/Page_Dispensary Store/input_txttreat'

2018-06-10 00:55:09 - [TEST_STEP][PASSED] - click: Object: 'Object Repository/DispensaryToStore/Page_Dispensary Store/button_Add' is clicked on

2018-06-10 00:55:09 - [MESSAGE][PASSED] - Object: 'Object Repository/DispensaryToStore/Page_Dispensary Store/button_Add' is clicked on

2018-06-10 00:55:09 - [TEST_STEP][PASSED] - selectOptionByIndex: All options with index in [12] are selected on object 'Object Repository/DispensaryToStore/Page_Dispensary Store/select_--Select--Schedule 1Inj'

2018-06-10 00:55:09 - [MESSAGE][PASSED] - All options with index in [12] are selected on object 'Object Repository/DispensaryToStore/Page_Dispensary Store/select_--Select--Schedule 1Inj'

2018-06-10 00:55:09 - [TEST_STEP][PASSED] - selectOptionByIndex: All options with index in [13] are selected on object 'Object Repository/DispensaryToStore/Page_Dispensary Store/select_--Select--Adernaline 0.'

2018-06-10 00:55:09 - [MESSAGE][PASSED] - All options with index in [13] are selected on object 'Object Repository/DispensaryToStore/Page_Dispensary Store/select_--Select--Adernaline 0.'

2018-06-10 00:55:09 - [TEST_STEP][PASSED] - setText: Text '10' is set on object 'Object Repository/DispensaryToStore/Page_Dispensary Store/input_txttreat'

2018-06-10 00:55:09 - [MESSAGE][PASSED] - Text '10' is set on object 'Object Repository/DispensaryToStore/Page_Dispensary Store/input_txttreat'

2018-06-10 00:55:09 - [TEST_STEP][PASSED] - click: Object: 'Object Repository/DispensaryToStore/Page_Dispensary Store/button_Add' is clicked on

2018-06-10 00:55:09 - [MESSAGE][PASSED] - Object: 'Object Repository/DispensaryToStore/Page_Dispensary Store/button_Add' is clicked on

2018-06-10 00:55:09 - [TEST_STEP][PASSED] - selectOptionByIndex: All options with index in [12] are selected on object 'Object Repository/DispensaryToStore/Page_Dispensary Store/select_--Select--Schedule 1Inj'

2018-06-10 00:55:10 - [MESSAGE][PASSED] - All options with index in [12] are selected on object 'Object Repository/DispensaryToStore/Page_Dispensary Store/select_--Select--Schedule 1Inj'

2018-06-10 00:55:10 - [TEST_STEP][PASSED] - selectOptionByIndex: All options with index in [14] are selected on object 'Object Repository/DispensaryToStore/Page_Dispensary Store/select_--Select--Adernaline 0.'

2018-06-10 00:55:10 - [MESSAGE][PASSED] - All options with index in [14] are selected on object 'Object Repository/DispensaryToStore/Page_Dispensary Store/select_--Select--Adernaline 0.'

2018-06-10 00:55:10 - [TEST_STEP][PASSED] - setText: Text '10' is set on object 'Object Repository/DispensaryToStore/Page_Dispensary Store/input_txttreat'

2018-06-10 00:55:10 - [MESSAGE][PASSED] - Text '10' is set on object 'Object Repository/DispensaryToStore/Page_Dispensary Store/input_txttreat'

2018-06-10 00:55:10 - [TEST_STEP][PASSED] - click: Object: 'Object Repository/DispensaryToStore/Page_Dispensary Store/button_Add' is clicked on

2018-06-10 00:55:10 - [MESSAGE][PASSED] - Object: 'Object Repository/DispensaryToStore/Page_Dispensary Store/button_Add' is clicked on

2018-06-10 00:55:10 - [TEST_STEP][PASSED] - selectOptionByIndex: All options with index in [12] are selected on object 'Object Repository/DispensaryToStore/Page_Dispensary Store/select_--Select--Schedule 1Inj'

2018-06-10 00:55:10 - [MESSAGE][PASSED] - All options with index in [12] are selected on object 'Object Repository/DispensaryToStore/Page_Dispensary Store/select_--Select--Schedule 1Inj'

2018-06-10 00:55:10 - [TEST_STEP][PASSED] - selectOptionByIndex: All options with index in [15] are selected on object 'Object Repository/DispensaryToStore/Page_Dispensary Store/select_--Select--Adernaline 0.'

2018-06-10 00:55:11 - [MESSAGE][PASSED] - All options with index in [15] are selected on object 'Object Repository/DispensaryToStore/Page_Dispensary Store/select_--Select--Adernaline 0.'

2018-06-10 00:55:11 - [TEST_STEP][PASSED] - setText: Text '10' is set on object 'Object Repository/DispensaryToStore/Page_Dispensary Store/input_txttreat'

2018-06-10 00:55:11 - [MESSAGE][PASSED] - Text '10' is set on object 'Object Repository/DispensaryToStore/Page_Dispensary Store/input_txttreat'

2018-06-10 00:55:11 - [TEST_STEP][PASSED] - click: Object: 'Object Repository/DispensaryToStore/Page_Dispensary Store/button_Add' is clicked on

2018-06-10 00:55:11 - [MESSAGE][PASSED] - Object: 'Object Repository/DispensaryToStore/Page_Dispensary Store/button_Add' is clicked on

2018-06-10 00:55:11 - [TEST_STEP][PASSED] - selectOptionByIndex: All options with index in [12] are selected on object 'Object Repository/DispensaryToStore/Page_Dispensary Store/select_--Select--Schedule 1Inj'

2018-06-10 00:55:11 - [MESSAGE][PASSED] - All options with index in [12] are selected on object 'Object Repository/DispensaryToStore/Page_Dispensary Store/select_--Select--Schedule 1Inj'

2018-06-10 00:55:11 - [TEST_STEP][PASSED] - selectOptionByIndex: All options with index in [16] are selected on object 'Object Repository/DispensaryToStore/Page_Dispensary Store/select_--Select--Adernaline 0.'

2018-06-10 00:55:11 - [MESSAGE][PASSED] - All options with index in [16] are selected on object 'Object Repository/DispensaryToStore/Page_Dispensary Store/select_--Select--Adernaline 0.'

2018-06-10 00:55:11 - [TEST_STEP][PASSED] - setText: Text '10' is set on object 'Object Repository/DispensaryToStore/Page_Dispensary Store/input_txttreat'

2018-06-10 00:55:11 - [MESSAGE][PASSED] - Text '10' is set on object 'Object Repository/DispensaryToStore/Page_Dispensary Store/input_txttreat'

2018-06-10 00:55:11 - [TEST_STEP][PASSED] - click: Object: 'Object Repository/DispensaryToStore/Page_Dispensary Store/button_Add' is clicked on

2018-06-10 00:55:11 - [MESSAGE][PASSED] - Object: 'Object Repository/DispensaryToStore/Page_Dispensary Store/button_Add' is clicked on

2018-06-10 00:55:11 - [TEST_STEP][PASSED] - selectOptionByIndex: All options with index in [12] are selected on object 'Object Repository/DispensaryToStore/Page_Dispensary Store/select_--Select--Schedule 1Inj'

2018-06-10 00:55:12 - [MESSAGE][PASSED] - All options with index in [12] are selected on object 'Object Repository/DispensaryToStore/Page_Dispensary Store/select_--Select--Schedule 1Inj'

2018-06-10 00:55:12 - [TEST_STEP][PASSED] - selectOptionByIndex: All options with index in [17] are selected on object 'Object Repository/DispensaryToStore/Page_Dispensary Store/select_--Select--Adernaline 0.'

2018-06-10 00:55:12 - [MESSAGE][PASSED] - All options with index in [17] are selected on object 'Object Repository/DispensaryToStore/Page_Dispensary Store/select_--Select--Adernaline 0.'

2018-06-10 00:55:12 - [TEST_STEP][PASSED] - setText: Text '10' is set on object 'Object Repository/DispensaryToStore/Page_Dispensary Store/input_txttreat'

2018-06-10 00:55:12 - [MESSAGE][PASSED] - Text '10' is set on object 'Object Repository/DispensaryToStore/Page_Dispensary Store/input_txttreat'

2018-06-10 00:55:12 - [TEST_STEP][PASSED] - click: Object: 'Object Repository/DispensaryToStore/Page_Dispensary Store/button_Add' is clicked on

2018-06-10 00:55:12 - [MESSAGE][PASSED] - Object: 'Object Repository/DispensaryToStore/Page_Dispensary Store/button_Add' is clicked on

2018-06-10 00:55:12 - [TEST_STEP][PASSED] - selectOptionByIndex: All options with index in [12] are selected on object 'Object Repository/DispensaryToStore/Page_Dispensary Store/select_--Select--Schedule 1Inj'

2018-06-10 00:55:12 - [MESSAGE][PASSED] - All options with index in [12] are selected on object 'Object Repository/DispensaryToStore/Page_Dispensary Store/select_--Select--Schedule 1Inj'

2018-06-10 00:55:12 - [TEST_STEP][PASSED] - selectOptionByIndex: All options with index in [18] are selected on object 'Object Repository/DispensaryToStore/Page_Dispensary Store/select_--Select--Adernaline 0.'

2018-06-10 00:55:13 - [MESSAGE][PASSED] - All options with index in [18] are selected on object 'Object Repository/DispensaryToStore/Page_Dispensary Store/select_--Select--Adernaline 0.'

2018-06-10 00:55:13 - [TEST_STEP][PASSED] - setText: Text '10' is set on object 'Object Repository/DispensaryToStore/Page_Dispensary Store/input_txttreat'

2018-06-10 00:55:13 - [MESSAGE][PASSED] - Text '10' is set on object 'Object Repository/DispensaryToStore/Page_Dispensary Store/input_txttreat'

2018-06-10 00:55:13 - [TEST_STEP][PASSED] - click: Object: 'Object Repository/DispensaryToStore/Page_Dispensary Store/button_Add' is clicked on

2018-06-10 00:55:13 - [MESSAGE][PASSED] - Object: 'Object Repository/DispensaryToStore/Page_Dispensary Store/button_Add' is clicked on

2018-06-10 00:55:13 - [TEST_STEP][PASSED] - scrollToElement: Scroll to object 'Object Repository/DispensaryToStore/Page_Dispensary Store/input_btnsave' successfully

2018-06-10 00:55:13 - [MESSAGE][PASSED] - Scroll to object 'Object Repository/DispensaryToStore/Page_Dispensary Store/input_btnsave' successfully

2018-06-10 00:55:13 - [TEST_STEP][PASSED] - click: Object: 'Object Repository/DispensaryToStore/Page_Dispensary Store/input_btnsave' is clicked on

2018-06-10 00:55:13 - [MESSAGE][PASSED] - Object: 'Object Repository/DispensaryToStore/Page_Dispensary Store/input_btnsave' is clicked on

2018-06-10 00:55:13 - [TEST_STEP][PASSED] - delay: Delayed 3 second(s)

2018-06-10 00:55:16 - [MESSAGE][PASSED] - Delayed 3 second(s)

2018-06-10 00:55:16 - [TEST_STEP][PASSED] - Statement - RN1 = com.kms.katalon.core.webui.keyword.WebUiBuiltInKeywords.getText(com.kms.katalon.core.testobject.ObjectRepository.findTestObject(DispensaryToStore/Page_Dispensary Store/font_HPRNO180520187)): Text of object 'Object Repository/DispensaryToStore/Page_Dispensary Store/font_HPRNO180520187' is: 'DPRNO/10062018/242'

2018-06-10 00:55:16 - [MESSAGE][PASSED] - Text of object 'Object Repository/DispensaryToStore/Page_Dispensary Store/font_HPRNO180520187' is: 'DPRNO/10062018/242'

2018-06-10 00:55:16 - [TEST_STEP][PASSED] - Statement - out.println(RN1): null

2018-06-10 00:55:16 - [TEST_STEP][PASSED] - Statement - RID = RN1.split("/")[2]: null

2018-06-10 00:55:16 - [TEST_STEP][PASSED] - click: Object: 'Object Repository/DispensaryToStore/Page_Dispensary Store/button_OK' is clicked on

2018-06-10 00:55:17 - [MESSAGE][PASSED] - Object: 'Object Repository/DispensaryToStore/Page_Dispensary Store/button_OK' is clicked on

2018-06-10 00:55:17 - [TEST_STEP][PASSED] - delay: Delayed 3 second(s)

2018-06-10 00:55:20 - [MESSAGE][PASSED] - Delayed 3 second(s)

2018-06-10 00:55:20 - [TEST_STEP][PASSED] - click: Object: 'Object Repository/DispensaryToStore/Page_Dispensary Store/a_dropdown-toggle' is clicked on

2018-06-10 00:55:20 - [MESSAGE][PASSED] - Object: 'Object Repository/DispensaryToStore/Page_Dispensary Store/a_dropdown-toggle' is clicked on

2018-06-10 00:55:20 - [TEST_STEP][PASSED] - click: Object: 'Object Repository/DispensaryToStore/Page_Dispensary Store/a_Sign out' is clicked on

2018-06-10 00:55:20 - [MESSAGE][PASSED] - Object: 'Object Repository/DispensaryToStore/Page_Dispensary Store/a_Sign out' is clicked on

2018-06-10 00:55:20 - [TEST_STEP][PASSED] - delay: Delayed 3 second(s)

2018-06-10 00:55:23 - [MESSAGE][PASSED] - Delayed 3 second(s)

2018-06-10 00:55:23 - [TEST_STEP][PASSED] - navigateToUrl: Navigate to 'http://192.168.137.1/multihospital_new/' successfully

2018-06-10 00:55:24 - [MESSAGE][PASSED] - Navigate to 'http://192.168.137.1/multihospital_new/' successfully

2018-06-10 00:55:24 - [TEST_STEP][PASSED] - click: Object: 'Object Repository/DispensaryToStore/Page_KDMC/a_CMO' is clicked on

2018-06-10 00:55:25 - [MESSAGE][PASSED] - Object: 'Object Repository/DispensaryToStore/Page_KDMC/a_CMO' is clicked on

2018-06-10 00:55:25 - [TEST_STEP][PASSED] - setText: Text 'guru' is set on object 'Object Repository/DispensaryToStore/Page_CMO login/input_txtusername'

2018-06-10 00:55:25 - [MESSAGE][PASSED] - Text 'guru' is set on object 'Object Repository/DispensaryToStore/Page_CMO login/input_txtusername'

2018-06-10 00:55:25 - [TEST_STEP][PASSED] - setText: Text '123' is set on object 'Object Repository/DispensaryToStore/Page_CMO login/input_txtpassword'

2018-06-10 00:55:25 - [MESSAGE][PASSED] - Text '123' is set on object 'Object Repository/DispensaryToStore/Page_CMO login/input_txtpassword'

2018-06-10 00:55:25 - [TEST_STEP][PASSED] - delay: Delayed 3 second(s)

2018-06-10 00:55:28 - [MESSAGE][PASSED] - Delayed 3 second(s)

2018-06-10 00:55:28 - [TEST_STEP][PASSED] - click: Object: 'Object Repository/DispensaryToStore/Page_CMO login/button_Sign in' is clicked on

2018-06-10 00:55:29 - [MESSAGE][PASSED] - Object: 'Object Repository/DispensaryToStore/Page_CMO login/button_Sign in' is clicked on

2018-06-10 00:55:29 - [TEST_STEP][PASSED] - click: Object: 'Object Repository/DispensaryToStore/Page_KDMC - CMO/a_Department Wise Request' is clicked on

2018-06-10 00:55:32 - [MESSAGE][PASSED] - Object: 'Object Repository/DispensaryToStore/Page_KDMC - CMO/a_Department Wise Request' is clicked on

2018-06-10 00:55:32 - [TEST_STEP][PASSED] - delay: Delayed 2 second(s)

2018-06-10 00:55:34 - [MESSAGE][PASSED] - Delayed 2 second(s)

2018-06-10 00:55:34 - [TEST_STEP][PASSED] - selectOptionByIndex: All options with index in [6] are selected on object 'Object Repository/DispensaryToStore/Page_KDMC - CMO/select_--ALL--'

2018-06-10 00:55:34 - [MESSAGE][PASSED] - All options with index in [6] are selected on object 'Object Repository/DispensaryToStore/Page_KDMC - CMO/select_--ALL--'

2018-06-10 00:55:34 - [TEST_STEP][PASSED] - click: Object: 'Object Repository/DispensaryToStore/Page_KDMC - CMO/input_btnsearch' is clicked on

2018-06-10 00:55:34 - [MESSAGE][PASSED] - Object: 'Object Repository/DispensaryToStore/Page_KDMC - CMO/input_btnsearch' is clicked on

2018-06-10 00:55:34 - [TEST_STEP][PASSED] - selectOptionByIndex: All options with index in [1] are selected on object 'Object Repository/DispensaryToStore/Page_KDMC - CMO/select_--ALL--                _1'

2018-06-10 00:55:34 - [MESSAGE][PASSED] - All options with index in [1] are selected on object 'Object Repository/DispensaryToStore/Page_KDMC - CMO/select_--ALL--                _1'

2018-06-10 00:55:34 - [TEST_STEP][PASSED] - click: Object: 'Object Repository/DispensaryToStore/Page_KDMC - CMO/input_btnsearch' is clicked on

2018-06-10 00:55:34 - [MESSAGE][PASSED] - Object: 'Object Repository/DispensaryToStore/Page_KDMC - CMO/input_btnsearch' is clicked on

2018-06-10 00:55:34 - [TEST_STEP][PASSED] - Statement - ID = com.kms.katalon.core.webui.keyword.WebUiBuiltInKeywords.modifyObjectProperty(com.kms.katalon.core.testobject.ObjectRepository.findTestObject(lab/Page_KDMC - CMO/input_1), "xpath", "equals", "//*[@id=" + RID + "]", true): Modify property of object successfully

2018-06-10 00:55:34 - [MESSAGE][PASSED] - Modify property of object successfully

2018-06-10 00:55:34 - [TEST_STEP][PASSED] - click: Object: 'Object Repository/lab/Page_KDMC - CMO/input_1' is clicked on

2018-06-10 00:55:35 - [MESSAGE][PASSED] - Object: 'Object Repository/lab/Page_KDMC - CMO/input_1' is clicked on

2018-06-10 00:55:35 - [TEST_STEP][PASSED] - delay: Delayed 2 second(s)

2018-06-10 00:55:37 - [MESSAGE][PASSED] - Delayed 2 second(s)

2018-06-10 00:55:37 - [TEST_STEP][PASSED] - selectOptionByIndex: All options with index in [1] are selected on object 'Object Repository/DispensaryToStore/Page_KDMC - CMO/select_--Select--'

2018-06-10 00:55:37 - [MESSAGE][PASSED] - All options with index in [1] are selected on object 'Object Repository/DispensaryToStore/Page_KDMC - CMO/select_--Select--'

2018-06-10 00:55:37 - [TEST_STEP][PASSED] - click: Object: 'Object Repository/DispensaryToStore/Page_KDMC - CMO/input_btnupdate' is clicked on

2018-06-10 00:55:37 - [MESSAGE][PASSED] - Object: 'Object Repository/DispensaryToStore/Page_KDMC - CMO/input_btnupdate' is clicked on

2018-06-10 00:55:37 - [TEST_STEP][PASSED] - delay: Delayed 2 second(s)

2018-06-10 00:55:39 - [MESSAGE][PASSED] - Delayed 2 second(s)

2018-06-10 00:55:39 - [TEST_STEP][PASSED] - click: Object: 'Object Repository/DispensaryToStore/Page_KDMC - CMO/button_OK' is clicked on

2018-06-10 00:55:39 - [MESSAGE][PASSED] - Object: 'Object Repository/DispensaryToStore/Page_KDMC - CMO/button_OK' is clicked on

2018-06-10 00:55:39 - [TEST_STEP][PASSED] - delay: Delayed 2 second(s)

2018-06-10 00:55:41 - [MESSAGE][PASSED] - Delayed 2 second(s)

2018-06-10 00:55:41 - [TEST_STEP][PASSED] - click: Object: 'Object Repository/DispensaryToStore/Page_KDMC - CMO/a_dropdown-toggle' is clicked on

2018-06-10 00:55:41 - [MESSAGE][PASSED] - Object: 'Object Repository/DispensaryToStore/Page_KDMC - CMO/a_dropdown-toggle' is clicked on

2018-06-10 00:55:41 - [TEST_STEP][PASSED] - click: Object: 'Object Repository/DispensaryToStore/Page_KDMC - CMO/a_Sign out' is clicked on

2018-06-10 00:55:42 - [MESSAGE][PASSED] - Object: 'Object Repository/DispensaryToStore/Page_KDMC - CMO/a_Sign out' is clicked on

2018-06-10 00:55:42 - [TEST_STEP][PASSED] - delay: Delayed 3 second(s)

2018-06-10 00:55:45 - [MESSAGE][PASSED] - Delayed 3 second(s)

2018-06-10 00:55:45 - [TEST_STEP][PASSED] - click: Object: 'Object Repository/DispensaryToStore/Page_KDMC/a_Divisional Store' is clicked on

2018-06-10 00:55:46 - [MESSAGE][PASSED] - Object: 'Object Repository/DispensaryToStore/Page_KDMC/a_Divisional Store' is clicked on

2018-06-10 00:55:46 - [TEST_STEP][PASSED] - setText: Text 'ragu' is set on object 'Object Repository/DispensaryToStore/Page_Divisonal Store Login/input_txtusername'

2018-06-10 00:55:46 - [MESSAGE][PASSED] - Text 'ragu' is set on object 'Object Repository/DispensaryToStore/Page_Divisonal Store Login/input_txtusername'

2018-06-10 00:55:46 - [TEST_STEP][PASSED] - setText: Text '123' is set on object 'Object Repository/DispensaryToStore/Page_Divisonal Store Login/input_txtpassword'

2018-06-10 00:55:46 - [MESSAGE][PASSED] - Text '123' is set on object 'Object Repository/DispensaryToStore/Page_Divisonal Store Login/input_txtpassword'

2018-06-10 00:55:46 - [TEST_STEP][PASSED] - delay: Delayed 3 second(s)

2018-06-10 00:55:49 - [MESSAGE][PASSED] - Delayed 3 second(s)

2018-06-10 00:55:49 - [TEST_STEP][PASSED] - click: Object: 'Object Repository/DispensaryToStore/Page_Divisonal Store Login/button_Sign in' is clicked on

2018-06-10 00:55:51 - [MESSAGE][PASSED] - Object: 'Object Repository/DispensaryToStore/Page_Divisonal Store Login/button_Sign in' is clicked on

2018-06-10 00:55:51 - [TEST_STEP][PASSED] - delay: Delayed 3 second(s)

2018-06-10 00:55:54 - [MESSAGE][PASSED] - Delayed 3 second(s)

2018-06-10 00:55:54 - [TEST_STEP][PASSED] - scrollToPosition: Browser is scrolled to position x = 100, y = 100

2018-06-10 00:55:54 - [MESSAGE][PASSED] - Browser is scrolled to position x = 100, y = 100

2018-06-10 00:55:54 - [TEST_STEP][PASSED] - click: Object: 'Object Repository/DispensaryToStore/Page_Store/a_Dispensary Request' is clicked on

2018-06-10 00:55:54 - [MESSAGE][PASSED] - Object: 'Object Repository/DispensaryToStore/Page_Store/a_Dispensary Request' is clicked on

2018-06-10 00:55:54 - [TEST_STEP][PASSED] - delay: Delayed 2 second(s)

2018-06-10 00:55:56 - [MESSAGE][PASSED] - Delayed 2 second(s)

2018-06-10 00:55:56 - [TEST_STEP][PASSED] - click: Object: 'Object Repository/DispensaryToStore/Page_Store/a_Request Item Dispensary' is clicked on

2018-06-10 00:55:57 - [MESSAGE][PASSED] - Object: 'Object Repository/DispensaryToStore/Page_Store/a_Request Item Dispensary' is clicked on

2018-06-10 00:55:57 - [TEST_STEP][PASSED] - Statement - ChooseRequest = com.kms.katalon.core.webui.keyword.WebUiBuiltInKeywords.modifyObjectProperty(com.kms.katalon.core.testobject.ObjectRepository.findTestObject(lab/Page_Store/input_1), "xpath", "equals", "//*[@id=" + RID + "]", true): Modify property of object successfully

2018-06-10 00:55:57 - [MESSAGE][PASSED] - Modify property of object successfully

2018-06-10 00:55:57 - [TEST_STEP][PASSED] - click: Object: 'Object Repository/lab/Page_Store/input_1' is clicked on

2018-06-10 00:55:57 - [MESSAGE][PASSED] - Object: 'Object Repository/lab/Page_Store/input_1' is clicked on

2018-06-10 00:55:57 - [TEST_STEP][PASSED] - Statement - selectedoptions = com.kms.katalon.core.webui.keyword.WebUiBuiltInKeywords.getNumberOfTotalOption(com.kms.katalon.core.testobject.ObjectRepository.findTestObject(DispensaryToStore/Page_Store/select_--Select--Adernaline 0.)): 19 options of object 'Object Repository/DispensaryToStore/Page_Store/select_--Select--Adernaline 0.' counted

2018-06-10 00:55:57 - [MESSAGE][PASSED] - 19 options of object 'Object Repository/DispensaryToStore/Page_Store/select_--Select--Adernaline 0.' counted

2018-06-10 00:55:57 - [TEST_STEP][PASSED] - Statement - For ([a = 1, a <= selectedoptions - 1, (a++)]): null

2018-06-10 00:55:57 - [TEST_STEP][PASSED] - selectOptionByIndex: All options with index in [1] are selected on object 'Object Repository/DispensaryToStore/Page_Store/select_--Select--Adernaline 0.'

2018-06-10 00:55:58 - [MESSAGE][PASSED] - All options with index in [1] are selected on object 'Object Repository/DispensaryToStore/Page_Store/select_--Select--Adernaline 0.'

2018-06-10 00:55:58 - [TEST_STEP][PASSED] - delay: Delayed 2 second(s)

2018-06-10 00:56:00 - [MESSAGE][PASSED] - Delayed 2 second(s)

2018-06-10 00:56:00 - [TEST_STEP][PASSED] - Statement - RequestedQty = com.kms.katalon.core.webui.keyword.WebUiBuiltInKeywords.getAttribute(com.kms.katalon.core.testobject.ObjectRepository.findTestObject(DispensaryToStore/Page_Store/input_txttotal), "value"): Attribute 'value' of object 'Object Repository/DispensaryToStore/Page_Store/input_txttotal' is: '10'

2018-06-10 00:56:00 - [MESSAGE][PASSED] - Attribute 'value' of object 'Object Repository/DispensaryToStore/Page_Store/input_txttotal' is: '10'

2018-06-10 00:56:00 - [TEST_STEP][PASSED] - Statement - out.println("Requested QTY : " + RequestedQty): null

2018-06-10 00:56:00 - [TEST_STEP][PASSED] - Statement - BatchNumber = com.kms.katalon.core.webui.keyword.WebUiBuiltInKeywords.getNumberOfTotalOption(com.kms.katalon.core.testobject.ObjectRepository.findTestObject(DispensaryToStore/Page_Store/select_--Select--BA1170BA2376B)): 3 options of object 'Object Repository/DispensaryToStore/Page_Store/select_--Select--BA1170BA2376B' counted

2018-06-10 00:56:00 - [MESSAGE][PASSED] - 3 options of object 'Object Repository/DispensaryToStore/Page_Store/select_--Select--BA1170BA2376B' counted

2018-06-10 00:56:00 - [TEST_STEP][PASSED] - Statement - For ([g = 1, g <= BatchNumber - 1, (g++)]): null

2018-06-10 00:56:00 - [TEST_STEP][PASSED] - selectOptionByIndex: All options with index in [1] are selected on object 'Object Repository/DispensaryToStore/Page_Store/select_--Select--BA1170BA2376B'

2018-06-10 00:56:00 - [MESSAGE][PASSED] - All options with index in [1] are selected on object 'Object Repository/DispensaryToStore/Page_Store/select_--Select--BA1170BA2376B'

2018-06-10 00:56:00 - [TEST_STEP][PASSED] - Statement - Try: null

2018-06-10 00:56:00 - [TEST_STEP][PASSED] - Statement - StockQty = com.kms.katalon.core.webui.keyword.WebUiBuiltInKeywords.getAttribute(com.kms.katalon.core.testobject.ObjectRepository.findTestObject(DispensaryToStore/Page_Store/input_txtprice), "value"): Attribute 'value' of object 'Object Repository/DispensaryToStore/Page_Store/input_txtprice' is: '505'

2018-06-10 00:56:00 - [MESSAGE][PASSED] - Attribute 'value' of object 'Object Repository/DispensaryToStore/Page_Store/input_txtprice' is: '505'

2018-06-10 00:56:00 - [TEST_STEP][PASSED] - Statement - out.println("Stock QTY : " + StockQty): null

2018-06-10 00:56:00 - [TEST_STEP][PASSED] - delay: Delayed 2 second(s)

2018-06-10 00:56:02 - [MESSAGE][PASSED] - Delayed 2 second(s)

2018-06-10 00:56:02 - [TEST_STEP][PASSED] - Statement - If (java.lang.String.valueOf(StockQty) >= java.lang.String.valueOf(RequestedQty)): null

2018-06-10 00:56:02 - [TEST_STEP][PASSED] - setText: Text '10' is set on object 'Object Repository/DispensaryToStore/Page_Store/input_txtqty'

2018-06-10 00:56:02 - [MESSAGE][PASSED] - Text '10' is set on object 'Object Repository/DispensaryToStore/Page_Store/input_txtqty'

2018-06-10 00:56:02 - [TEST_STEP][PASSED] - click: Object: 'Object Repository/DispensaryToStore/Page_Store/button_Add' is clicked on

2018-06-10 00:56:02 - [MESSAGE][PASSED] - Object: 'Object Repository/DispensaryToStore/Page_Store/button_Add' is clicked on

2018-06-10 00:56:02 - [TEST_STEP][PASSED] - Statement - Break: null

2018-06-10 00:56:02 - [TEST_STEP][PASSED] - selectOptionByIndex: All options with index in [2] are selected on object 'Object Repository/DispensaryToStore/Page_Store/select_--Select--Adernaline 0.'

2018-06-10 00:56:02 - [MESSAGE][PASSED] - All options with index in [2] are selected on object 'Object Repository/DispensaryToStore/Page_Store/select_--Select--Adernaline 0.'

2018-06-10 00:56:02 - [TEST_STEP][PASSED] - delay: Delayed 2 second(s)

2018-06-10 00:56:04 - [MESSAGE][PASSED] - Delayed 2 second(s)

2018-06-10 00:56:04 - [TEST_STEP][PASSED] - Statement - RequestedQty = com.kms.katalon.core.webui.keyword.WebUiBuiltInKeywords.getAttribute(com.kms.katalon.core.testobject.ObjectRepository.findTestObject(DispensaryToStore/Page_Store/input_txttotal), "value"): Attribute 'value' of object 'Object Repository/DispensaryToStore/Page_Store/input_txttotal' is: '10'

2018-06-10 00:56:04 - [MESSAGE][PASSED] - Attribute 'value' of object 'Object Repository/DispensaryToStore/Page_Store/input_txttotal' is: '10'

2018-06-10 00:56:04 - [TEST_STEP][PASSED] - Statement - out.println("Requested QTY : " + RequestedQty): null

2018-06-10 00:56:04 - [TEST_STEP][PASSED] - Statement - BatchNumber = com.kms.katalon.core.webui.keyword.WebUiBuiltInKeywords.getNumberOfTotalOption(com.kms.katalon.core.testobject.ObjectRepository.findTestObject(DispensaryToStore/Page_Store/select_--Select--BA1170BA2376B)): 2 options of object 'Object Repository/DispensaryToStore/Page_Store/select_--Select--BA1170BA2376B' counted

2018-06-10 00:56:04 - [MESSAGE][PASSED] - 2 options of object 'Object Repository/DispensaryToStore/Page_Store/select_--Select--BA1170BA2376B' counted

2018-06-10 00:56:04 - [TEST_STEP][PASSED] - Statement - For ([g = 1, g <= BatchNumber - 1, (g++)]): null

2018-06-10 00:56:04 - [TEST_STEP][PASSED] - selectOptionByIndex: All options with index in [1] are selected on object 'Object Repository/DispensaryToStore/Page_Store/select_--Select--BA1170BA2376B'

2018-06-10 00:56:05 - [MESSAGE][PASSED] - All options with index in [1] are selected on object 'Object Repository/DispensaryToStore/Page_Store/select_--Select--BA1170BA2376B'

2018-06-10 00:56:05 - [TEST_STEP][PASSED] - Statement - Try: null

2018-06-10 00:56:05 - [TEST_STEP][PASSED] - Statement - StockQty = com.kms.katalon.core.webui.keyword.WebUiBuiltInKeywords.getAttribute(com.kms.katalon.core.testobject.ObjectRepository.findTestObject(DispensaryToStore/Page_Store/input_txtprice), "value"): Attribute 'value' of object 'Object Repository/DispensaryToStore/Page_Store/input_txtprice' is: '1028'

2018-06-10 00:56:05 - [MESSAGE][PASSED] - Attribute 'value' of object 'Object Repository/DispensaryToStore/Page_Store/input_txtprice' is: '1028'

2018-06-10 00:56:05 - [TEST_STEP][PASSED] - Statement - out.println("Stock QTY : " + StockQty): null

2018-06-10 00:56:05 - [TEST_STEP][PASSED] - delay: Delayed 2 second(s)

2018-06-10 00:56:07 - [MESSAGE][PASSED] - Delayed 2 second(s)

2018-06-10 00:56:07 - [TEST_STEP][PASSED] - Statement - If (java.lang.String.valueOf(StockQty) >= java.lang.String.valueOf(RequestedQty)): null

2018-06-10 00:56:07 - [TEST_STEP][PASSED] - setText: Text '10' is set on object 'Object Repository/DispensaryToStore/Page_Store/input_txtqty'

2018-06-10 00:56:07 - [MESSAGE][PASSED] - Text '10' is set on object 'Object Repository/DispensaryToStore/Page_Store/input_txtqty'

2018-06-10 00:56:07 - [TEST_STEP][PASSED] - click: Object: 'Object Repository/DispensaryToStore/Page_Store/button_Add' is clicked on

2018-06-10 00:56:07 - [MESSAGE][PASSED] - Object: 'Object Repository/DispensaryToStore/Page_Store/button_Add' is clicked on

2018-06-10 00:56:07 - [TEST_STEP][PASSED] - Statement - Break: null

2018-06-10 00:56:07 - [TEST_STEP][PASSED] - selectOptionByIndex: All options with index in [3] are selected on object 'Object Repository/DispensaryToStore/Page_Store/select_--Select--Adernaline 0.'

2018-06-10 00:56:07 - [MESSAGE][PASSED] - All options with index in [3] are selected on object 'Object Repository/DispensaryToStore/Page_Store/select_--Select--Adernaline 0.'

2018-06-10 00:56:07 - [TEST_STEP][PASSED] - delay: Delayed 2 second(s)

2018-06-10 00:56:09 - [MESSAGE][PASSED] - Delayed 2 second(s)

2018-06-10 00:56:09 - [TEST_STEP][PASSED] - Statement - RequestedQty = com.kms.katalon.core.webui.keyword.WebUiBuiltInKeywords.getAttribute(com.kms.katalon.core.testobject.ObjectRepository.findTestObject(DispensaryToStore/Page_Store/input_txttotal), "value"): Attribute 'value' of object 'Object Repository/DispensaryToStore/Page_Store/input_txttotal' is: '10'

2018-06-10 00:56:09 - [MESSAGE][PASSED] - Attribute 'value' of object 'Object Repository/DispensaryToStore/Page_Store/input_txttotal' is: '10'

2018-06-10 00:56:09 - [TEST_STEP][PASSED] - Statement - out.println("Requested QTY : " + RequestedQty): null

2018-06-10 00:56:09 - [TEST_STEP][PASSED] - Statement - BatchNumber = com.kms.katalon.core.webui.keyword.WebUiBuiltInKeywords.getNumberOfTotalOption(com.kms.katalon.core.testobject.ObjectRepository.findTestObject(DispensaryToStore/Page_Store/select_--Select--BA1170BA2376B)): 3 options of object 'Object Repository/DispensaryToStore/Page_Store/select_--Select--BA1170BA2376B' counted

2018-06-10 00:56:09 - [MESSAGE][PASSED] - 3 options of object 'Object Repository/DispensaryToStore/Page_Store/select_--Select--BA1170BA2376B' counted

2018-06-10 00:56:09 - [TEST_STEP][PASSED] - Statement - For ([g = 1, g <= BatchNumber - 1, (g++)]): null

2018-06-10 00:56:09 - [TEST_STEP][PASSED] - selectOptionByIndex: All options with index in [1] are selected on object 'Object Repository/DispensaryToStore/Page_Store/select_--Select--BA1170BA2376B'

2018-06-10 00:56:09 - [MESSAGE][PASSED] - All options with index in [1] are selected on object 'Object Repository/DispensaryToStore/Page_Store/select_--Select--BA1170BA2376B'

2018-06-10 00:56:09 - [TEST_STEP][PASSED] - Statement - Try: null

2018-06-10 00:56:09 - [TEST_STEP][PASSED] - Statement - StockQty = com.kms.katalon.core.webui.keyword.WebUiBuiltInKeywords.getAttribute(com.kms.katalon.core.testobject.ObjectRepository.findTestObject(DispensaryToStore/Page_Store/input_txtprice), "value"): Attribute 'value' of object 'Object Repository/DispensaryToStore/Page_Store/input_txtprice' is: '505'

2018-06-10 00:56:09 - [MESSAGE][PASSED] - Attribute 'value' of object 'Object Repository/DispensaryToStore/Page_Store/input_txtprice' is: '505'

2018-06-10 00:56:09 - [TEST_STEP][PASSED] - Statement - out.println("Stock QTY : " + StockQty): null

2018-06-10 00:56:09 - [TEST_STEP][PASSED] - delay: Delayed 2 second(s)

2018-06-10 00:56:11 - [MESSAGE][PASSED] - Delayed 2 second(s)

2018-06-10 00:56:11 - [TEST_STEP][PASSED] - Statement - If (java.lang.String.valueOf(StockQty) >= java.lang.String.valueOf(RequestedQty)): null

2018-06-10 00:56:11 - [TEST_STEP][PASSED] - setText: Text '10' is set on object 'Object Repository/DispensaryToStore/Page_Store/input_txtqty'

2018-06-10 00:56:11 - [MESSAGE][PASSED] - Text '10' is set on object 'Object Repository/DispensaryToStore/Page_Store/input_txtqty'

2018-06-10 00:56:11 - [TEST_STEP][PASSED] - click: Object: 'Object Repository/DispensaryToStore/Page_Store/button_Add' is clicked on

2018-06-10 00:56:11 - [MESSAGE][PASSED] - Object: 'Object Repository/DispensaryToStore/Page_Store/button_Add' is clicked on

2018-06-10 00:56:11 - [TEST_STEP][PASSED] - Statement - Break: null

2018-06-10 00:56:11 - [TEST_STEP][PASSED] - selectOptionByIndex: All options with index in [4] are selected on object 'Object Repository/DispensaryToStore/Page_Store/select_--Select--Adernaline 0.'

2018-06-10 00:56:11 - [MESSAGE][PASSED] - All options with index in [4] are selected on object 'Object Repository/DispensaryToStore/Page_Store/select_--Select--Adernaline 0.'

2018-06-10 00:56:11 - [TEST_STEP][PASSED] - delay: Delayed 2 second(s)

2018-06-10 00:56:13 - [MESSAGE][PASSED] - Delayed 2 second(s)

2018-06-10 00:56:13 - [TEST_STEP][PASSED] - Statement - RequestedQty = com.kms.katalon.core.webui.keyword.WebUiBuiltInKeywords.getAttribute(com.kms.katalon.core.testobject.ObjectRepository.findTestObject(DispensaryToStore/Page_Store/input_txttotal), "value"): Attribute 'value' of object 'Object Repository/DispensaryToStore/Page_Store/input_txttotal' is: '10'

2018-06-10 00:56:13 - [MESSAGE][PASSED] - Attribute 'value' of object 'Object Repository/DispensaryToStore/Page_Store/input_txttotal' is: '10'

2018-06-10 00:56:13 - [TEST_STEP][PASSED] - Statement - out.println("Requested QTY : " + RequestedQty): null

2018-06-10 00:56:13 - [TEST_STEP][PASSED] - Statement - BatchNumber = com.kms.katalon.core.webui.keyword.WebUiBuiltInKeywords.getNumberOfTotalOption(com.kms.katalon.core.testobject.ObjectRepository.findTestObject(DispensaryToStore/Page_Store/select_--Select--BA1170BA2376B)): 3 options of object 'Object Repository/DispensaryToStore/Page_Store/select_--Select--BA1170BA2376B' counted

2018-06-10 00:56:13 - [MESSAGE][PASSED] - 3 options of object 'Object Repository/DispensaryToStore/Page_Store/select_--Select--BA1170BA2376B' counted

2018-06-10 00:56:13 - [TEST_STEP][PASSED] - Statement - For ([g = 1, g <= BatchNumber - 1, (g++)]): null

2018-06-10 00:56:13 - [TEST_STEP][PASSED] - selectOptionByIndex: All options with index in [1] are selected on object 'Object Repository/DispensaryToStore/Page_Store/select_--Select--BA1170BA2376B'

2018-06-10 00:56:14 - [MESSAGE][PASSED] - All options with index in [1] are selected on object 'Object Repository/DispensaryToStore/Page_Store/select_--Select--BA1170BA2376B'

2018-06-10 00:56:14 - [TEST_STEP][PASSED] - Statement - Try: null

2018-06-10 00:56:14 - [TEST_STEP][PASSED] - Statement - StockQty = com.kms.katalon.core.webui.keyword.WebUiBuiltInKeywords.getAttribute(com.kms.katalon.core.testobject.ObjectRepository.findTestObject(DispensaryToStore/Page_Store/input_txtprice), "value"): Attribute 'value' of object 'Object Repository/DispensaryToStore/Page_Store/input_txtprice' is: '505'

2018-06-10 00:56:14 - [MESSAGE][PASSED] - Attribute 'value' of object 'Object Repository/DispensaryToStore/Page_Store/input_txtprice' is: '505'

2018-06-10 00:56:14 - [TEST_STEP][PASSED] - Statement - out.println("Stock QTY : " + StockQty): null

2018-06-10 00:56:14 - [TEST_STEP][PASSED] - delay: Delayed 2 second(s)

2018-06-10 00:56:16 - [MESSAGE][PASSED] - Delayed 2 second(s)

2018-06-10 00:56:16 - [TEST_STEP][PASSED] - Statement - If (java.lang.String.valueOf(StockQty) >= java.lang.String.valueOf(RequestedQty)): null

2018-06-10 00:56:16 - [TEST_STEP][PASSED] - setText: Text '10' is set on object 'Object Repository/DispensaryToStore/Page_Store/input_txtqty'

2018-06-10 00:56:16 - [MESSAGE][PASSED] - Text '10' is set on object 'Object Repository/DispensaryToStore/Page_Store/input_txtqty'

2018-06-10 00:56:16 - [TEST_STEP][PASSED] - click: Object: 'Object Repository/DispensaryToStore/Page_Store/button_Add' is clicked on

2018-06-10 00:56:16 - [MESSAGE][PASSED] - Object: 'Object Repository/DispensaryToStore/Page_Store/button_Add' is clicked on

2018-06-10 00:56:16 - [TEST_STEP][PASSED] - Statement - Break: null

2018-06-10 00:56:16 - [TEST_STEP][PASSED] - selectOptionByIndex: All options with index in [5] are selected on object 'Object Repository/DispensaryToStore/Page_Store/select_--Select--Adernaline 0.'

2018-06-10 00:56:16 - [MESSAGE][PASSED] - All options with index in [5] are selected on object 'Object Repository/DispensaryToStore/Page_Store/select_--Select--Adernaline 0.'

2018-06-10 00:56:16 - [TEST_STEP][PASSED] - delay: Delayed 2 second(s)

2018-06-10 00:56:18 - [MESSAGE][PASSED] - Delayed 2 second(s)

2018-06-10 00:56:18 - [TEST_STEP][PASSED] - Statement - RequestedQty = com.kms.katalon.core.webui.keyword.WebUiBuiltInKeywords.getAttribute(com.kms.katalon.core.testobject.ObjectRepository.findTestObject(DispensaryToStore/Page_Store/input_txttotal), "value"): Attribute 'value' of object 'Object Repository/DispensaryToStore/Page_Store/input_txttotal' is: '10'

2018-06-10 00:56:18 - [MESSAGE][PASSED] - Attribute 'value' of object 'Object Repository/DispensaryToStore/Page_Store/input_txttotal' is: '10'

2018-06-10 00:56:18 - [TEST_STEP][PASSED] - Statement - out.println("Requested QTY : " + RequestedQty): null

2018-06-10 00:56:18 - [TEST_STEP][PASSED] - Statement - BatchNumber = com.kms.katalon.core.webui.keyword.WebUiBuiltInKeywords.getNumberOfTotalOption(com.kms.katalon.core.testobject.ObjectRepository.findTestObject(DispensaryToStore/Page_Store/select_--Select--BA1170BA2376B)): 4 options of object 'Object Repository/DispensaryToStore/Page_Store/select_--Select--BA1170BA2376B' counted

2018-06-10 00:56:18 - [MESSAGE][PASSED] - 4 options of object 'Object Repository/DispensaryToStore/Page_Store/select_--Select--BA1170BA2376B' counted

2018-06-10 00:56:18 - [TEST_STEP][PASSED] - Statement - For ([g = 1, g <= BatchNumber - 1, (g++)]): null

2018-06-10 00:56:18 - [TEST_STEP][PASSED] - selectOptionByIndex: All options with index in [1] are selected on object 'Object Repository/DispensaryToStore/Page_Store/select_--Select--BA1170BA2376B'

2018-06-10 00:56:18 - [MESSAGE][PASSED] - All options with index in [1] are selected on object 'Object Repository/DispensaryToStore/Page_Store/select_--Select--BA1170BA2376B'

2018-06-10 00:56:18 - [TEST_STEP][PASSED] - Statement - Try: null

2018-06-10 00:56:18 - [TEST_STEP][PASSED] - Statement - StockQty = com.kms.katalon.core.webui.keyword.WebUiBuiltInKeywords.getAttribute(com.kms.katalon.core.testobject.ObjectRepository.findTestObject(DispensaryToStore/Page_Store/input_txtprice), "value"): Attribute 'value' of object 'Object Repository/DispensaryToStore/Page_Store/input_txtprice' is: '270'

2018-06-10 00:56:18 - [MESSAGE][PASSED] - Attribute 'value' of object 'Object Repository/DispensaryToStore/Page_Store/input_txtprice' is: '270'

2018-06-10 00:56:18 - [TEST_STEP][PASSED] - Statement - out.println("Stock QTY : " + StockQty): null

2018-06-10 00:56:18 - [TEST_STEP][PASSED] - delay: Delayed 2 second(s)

2018-06-10 00:56:20 - [MESSAGE][PASSED] - Delayed 2 second(s)

2018-06-10 00:56:20 - [TEST_STEP][PASSED] - Statement - If (java.lang.String.valueOf(StockQty) >= java.lang.String.valueOf(RequestedQty)): null

2018-06-10 00:56:20 - [TEST_STEP][PASSED] - setText: Text '10' is set on object 'Object Repository/DispensaryToStore/Page_Store/input_txtqty'

2018-06-10 00:56:20 - [MESSAGE][PASSED] - Text '10' is set on object 'Object Repository/DispensaryToStore/Page_Store/input_txtqty'

2018-06-10 00:56:20 - [TEST_STEP][PASSED] - click: Object: 'Object Repository/DispensaryToStore/Page_Store/button_Add' is clicked on

2018-06-10 00:56:20 - [MESSAGE][PASSED] - Object: 'Object Repository/DispensaryToStore/Page_Store/button_Add' is clicked on

2018-06-10 00:56:20 - [TEST_STEP][PASSED] - Statement - Break: null

2018-06-10 00:56:20 - [TEST_STEP][PASSED] - selectOptionByIndex: All options with index in [6] are selected on object 'Object Repository/DispensaryToStore/Page_Store/select_--Select--Adernaline 0.'

2018-06-10 00:56:21 - [MESSAGE][PASSED] - All options with index in [6] are selected on object 'Object Repository/DispensaryToStore/Page_Store/select_--Select--Adernaline 0.'

2018-06-10 00:56:21 - [TEST_STEP][PASSED] - delay: Delayed 2 second(s)

2018-06-10 00:56:23 - [MESSAGE][PASSED] - Delayed 2 second(s)

2018-06-10 00:56:23 - [TEST_STEP][PASSED] - Statement - RequestedQty = com.kms.katalon.core.webui.keyword.WebUiBuiltInKeywords.getAttribute(com.kms.katalon.core.testobject.ObjectRepository.findTestObject(DispensaryToStore/Page_Store/input_txttotal), "value"): Attribute 'value' of object 'Object Repository/DispensaryToStore/Page_Store/input_txttotal' is: '10'

2018-06-10 00:56:23 - [MESSAGE][PASSED] - Attribute 'value' of object 'Object Repository/DispensaryToStore/Page_Store/input_txttotal' is: '10'

2018-06-10 00:56:23 - [TEST_STEP][PASSED] - Statement - out.println("Requested QTY : " + RequestedQty): null

2018-06-10 00:56:23 - [TEST_STEP][PASSED] - Statement - BatchNumber = com.kms.katalon.core.webui.keyword.WebUiBuiltInKeywords.getNumberOfTotalOption(com.kms.katalon.core.testobject.ObjectRepository.findTestObject(DispensaryToStore/Page_Store/select_--Select--BA1170BA2376B)): 3 options of object 'Object Repository/DispensaryToStore/Page_Store/select_--Select--BA1170BA2376B' counted

2018-06-10 00:56:23 - [MESSAGE][PASSED] - 3 options of object 'Object Repository/DispensaryToStore/Page_Store/select_--Select--BA1170BA2376B' counted

2018-06-10 00:56:23 - [TEST_STEP][PASSED] - Statement - For ([g = 1, g <= BatchNumber - 1, (g++)]): null

2018-06-10 00:56:23 - [TEST_STEP][PASSED] - selectOptionByIndex: All options with index in [1] are selected on object 'Object Repository/DispensaryToStore/Page_Store/select_--Select--BA1170BA2376B'

2018-06-10 00:56:23 - [MESSAGE][PASSED] - All options with index in [1] are selected on object 'Object Repository/DispensaryToStore/Page_Store/select_--Select--BA1170BA2376B'

2018-06-10 00:56:23 - [TEST_STEP][PASSED] - Statement - Try: null

2018-06-10 00:56:23 - [TEST_STEP][PASSED] - Statement - StockQty = com.kms.katalon.core.webui.keyword.WebUiBuiltInKeywords.getAttribute(com.kms.katalon.core.testobject.ObjectRepository.findTestObject(DispensaryToStore/Page_Store/input_txtprice), "value"): Attribute 'value' of object 'Object Repository/DispensaryToStore/Page_Store/input_txtprice' is: '515'

2018-06-10 00:56:23 - [MESSAGE][PASSED] - Attribute 'value' of object 'Object Repository/DispensaryToStore/Page_Store/input_txtprice' is: '515'

2018-06-10 00:56:23 - [TEST_STEP][PASSED] - Statement - out.println("Stock QTY : " + StockQty): null

2018-06-10 00:56:23 - [TEST_STEP][PASSED] - delay: Delayed 2 second(s)

2018-06-10 00:56:25 - [MESSAGE][PASSED] - Delayed 2 second(s)

2018-06-10 00:56:25 - [TEST_STEP][PASSED] - Statement - If (java.lang.String.valueOf(StockQty) >= java.lang.String.valueOf(RequestedQty)): null

2018-06-10 00:56:25 - [TEST_STEP][PASSED] - setText: Text '10' is set on object 'Object Repository/DispensaryToStore/Page_Store/input_txtqty'

2018-06-10 00:56:25 - [MESSAGE][PASSED] - Text '10' is set on object 'Object Repository/DispensaryToStore/Page_Store/input_txtqty'

2018-06-10 00:56:25 - [TEST_STEP][PASSED] - click: Object: 'Object Repository/DispensaryToStore/Page_Store/button_Add' is clicked on

2018-06-10 00:56:25 - [MESSAGE][PASSED] - Object: 'Object Repository/DispensaryToStore/Page_Store/button_Add' is clicked on

2018-06-10 00:56:25 - [TEST_STEP][PASSED] - Statement - Break: null

2018-06-10 00:56:25 - [TEST_STEP][PASSED] - selectOptionByIndex: All options with index in [7] are selected on object 'Object Repository/DispensaryToStore/Page_Store/select_--Select--Adernaline 0.'

2018-06-10 00:56:25 - [MESSAGE][PASSED] - All options with index in [7] are selected on object 'Object Repository/DispensaryToStore/Page_Store/select_--Select--Adernaline 0.'

2018-06-10 00:56:25 - [TEST_STEP][PASSED] - delay: Delayed 2 second(s)

2018-06-10 00:56:27 - [MESSAGE][PASSED] - Delayed 2 second(s)

2018-06-10 00:56:27 - [TEST_STEP][PASSED] - Statement - RequestedQty = com.kms.katalon.core.webui.keyword.WebUiBuiltInKeywords.getAttribute(com.kms.katalon.core.testobject.ObjectRepository.findTestObject(DispensaryToStore/Page_Store/input_txttotal), "value"): Attribute 'value' of object 'Object Repository/DispensaryToStore/Page_Store/input_txttotal' is: '10'

2018-06-10 00:56:27 - [MESSAGE][PASSED] - Attribute 'value' of object 'Object Repository/DispensaryToStore/Page_Store/input_txttotal' is: '10'

2018-06-10 00:56:27 - [TEST_STEP][PASSED] - Statement - out.println("Requested QTY : " + RequestedQty): null

2018-06-10 00:56:27 - [TEST_STEP][PASSED] - Statement - BatchNumber = com.kms.katalon.core.webui.keyword.WebUiBuiltInKeywords.getNumberOfTotalOption(com.kms.katalon.core.testobject.ObjectRepository.findTestObject(DispensaryToStore/Page_Store/select_--Select--BA1170BA2376B)): 4 options of object 'Object Repository/DispensaryToStore/Page_Store/select_--Select--BA1170BA2376B' counted

2018-06-10 00:56:27 - [MESSAGE][PASSED] - 4 options of object 'Object Repository/DispensaryToStore/Page_Store/select_--Select--BA1170BA2376B' counted

2018-06-10 00:56:27 - [TEST_STEP][PASSED] - Statement - For ([g = 1, g <= BatchNumber - 1, (g++)]): null

2018-06-10 00:56:27 - [TEST_STEP][PASSED] - selectOptionByIndex: All options with index in [1] are selected on object 'Object Repository/DispensaryToStore/Page_Store/select_--Select--BA1170BA2376B'

2018-06-10 00:56:27 - [MESSAGE][PASSED] - All options with index in [1] are selected on object 'Object Repository/DispensaryToStore/Page_Store/select_--Select--BA1170BA2376B'

2018-06-10 00:56:27 - [TEST_STEP][PASSED] - Statement - Try: null

2018-06-10 00:56:27 - [TEST_STEP][PASSED] - Statement - StockQty = com.kms.katalon.core.webui.keyword.WebUiBuiltInKeywords.getAttribute(com.kms.katalon.core.testobject.ObjectRepository.findTestObject(DispensaryToStore/Page_Store/input_txtprice), "value"): Attribute 'value' of object 'Object Repository/DispensaryToStore/Page_Store/input_txtprice' is: '335'

2018-06-10 00:56:27 - [MESSAGE][PASSED] - Attribute 'value' of object 'Object Repository/DispensaryToStore/Page_Store/input_txtprice' is: '335'

2018-06-10 00:56:27 - [TEST_STEP][PASSED] - Statement - out.println("Stock QTY : " + StockQty): null

2018-06-10 00:56:27 - [TEST_STEP][PASSED] - delay: Delayed 2 second(s)

2018-06-10 00:56:29 - [MESSAGE][PASSED] - Delayed 2 second(s)

2018-06-10 00:56:29 - [TEST_STEP][PASSED] - Statement - If (java.lang.String.valueOf(StockQty) >= java.lang.String.valueOf(RequestedQty)): null

2018-06-10 00:56:29 - [TEST_STEP][PASSED] - setText: Text '10' is set on object 'Object Repository/DispensaryToStore/Page_Store/input_txtqty'

2018-06-10 00:56:29 - [MESSAGE][PASSED] - Text '10' is set on object 'Object Repository/DispensaryToStore/Page_Store/input_txtqty'

2018-06-10 00:56:29 - [TEST_STEP][PASSED] - click: Object: 'Object Repository/DispensaryToStore/Page_Store/button_Add' is clicked on

2018-06-10 00:56:29 - [MESSAGE][PASSED] - Object: 'Object Repository/DispensaryToStore/Page_Store/button_Add' is clicked on

2018-06-10 00:56:29 - [TEST_STEP][PASSED] - Statement - Break: null

2018-06-10 00:56:29 - [TEST_STEP][PASSED] - selectOptionByIndex: All options with index in [8] are selected on object 'Object Repository/DispensaryToStore/Page_Store/select_--Select--Adernaline 0.'

2018-06-10 00:56:30 - [MESSAGE][PASSED] - All options with index in [8] are selected on object 'Object Repository/DispensaryToStore/Page_Store/select_--Select--Adernaline 0.'

2018-06-10 00:56:30 - [TEST_STEP][PASSED] - delay: Delayed 2 second(s)

2018-06-10 00:56:32 - [MESSAGE][PASSED] - Delayed 2 second(s)

2018-06-10 00:56:32 - [TEST_STEP][PASSED] - Statement - RequestedQty = com.kms.katalon.core.webui.keyword.WebUiBuiltInKeywords.getAttribute(com.kms.katalon.core.testobject.ObjectRepository.findTestObject(DispensaryToStore/Page_Store/input_txttotal), "value"): Attribute 'value' of object 'Object Repository/DispensaryToStore/Page_Store/input_txttotal' is: '10'

2018-06-10 00:56:32 - [MESSAGE][PASSED] - Attribute 'value' of object 'Object Repository/DispensaryToStore/Page_Store/input_txttotal' is: '10'

2018-06-10 00:56:32 - [TEST_STEP][PASSED] - Statement - out.println("Requested QTY : " + RequestedQty): null

2018-06-10 00:56:32 - [TEST_STEP][PASSED] - Statement - BatchNumber = com.kms.katalon.core.webui.keyword.WebUiBuiltInKeywords.getNumberOfTotalOption(com.kms.katalon.core.testobject.ObjectRepository.findTestObject(DispensaryToStore/Page_Store/select_--Select--BA1170BA2376B)): 2 options of object 'Object Repository/DispensaryToStore/Page_Store/select_--Select--BA1170BA2376B' counted

2018-06-10 00:56:32 - [MESSAGE][PASSED] - 2 options of object 'Object Repository/DispensaryToStore/Page_Store/select_--Select--BA1170BA2376B' counted

2018-06-10 00:56:32 - [TEST_STEP][PASSED] - Statement - For ([g = 1, g <= BatchNumber - 1, (g++)]): null

2018-06-10 00:56:32 - [TEST_STEP][PASSED] - selectOptionByIndex: All options with index in [1] are selected on object 'Object Repository/DispensaryToStore/Page_Store/select_--Select--BA1170BA2376B'

2018-06-10 00:56:32 - [MESSAGE][PASSED] - All options with index in [1] are selected on object 'Object Repository/DispensaryToStore/Page_Store/select_--Select--BA1170BA2376B'

2018-06-10 00:56:32 - [TEST_STEP][PASSED] - Statement - Try: null

2018-06-10 00:56:32 - [TEST_STEP][PASSED] - Statement - StockQty = com.kms.katalon.core.webui.keyword.WebUiBuiltInKeywords.getAttribute(com.kms.katalon.core.testobject.ObjectRepository.findTestObject(DispensaryToStore/Page_Store/input_txtprice), "value"): Attribute 'value' of object 'Object Repository/DispensaryToStore/Page_Store/input_txtprice' is: '1470'

2018-06-10 00:56:32 - [MESSAGE][PASSED] - Attribute 'value' of object 'Object Repository/DispensaryToStore/Page_Store/input_txtprice' is: '1470'

2018-06-10 00:56:32 - [TEST_STEP][PASSED] - Statement - out.println("Stock QTY : " + StockQty): null

2018-06-10 00:56:32 - [TEST_STEP][PASSED] - delay: Delayed 2 second(s)

2018-06-10 00:56:34 - [MESSAGE][PASSED] - Delayed 2 second(s)

2018-06-10 00:56:34 - [TEST_STEP][PASSED] - Statement - If (java.lang.String.valueOf(StockQty) >= java.lang.String.valueOf(RequestedQty)): null

2018-06-10 00:56:34 - [TEST_STEP][PASSED] - setText: Text '10' is set on object 'Object Repository/DispensaryToStore/Page_Store/input_txtqty'

2018-06-10 00:56:34 - [MESSAGE][PASSED] - Text '10' is set on object 'Object Repository/DispensaryToStore/Page_Store/input_txtqty'

2018-06-10 00:56:34 - [TEST_STEP][PASSED] - click: Object: 'Object Repository/DispensaryToStore/Page_Store/button_Add' is clicked on

2018-06-10 00:56:34 - [MESSAGE][PASSED] - Object: 'Object Repository/DispensaryToStore/Page_Store/button_Add' is clicked on

2018-06-10 00:56:34 - [TEST_STEP][PASSED] - Statement - Break: null

2018-06-10 00:56:34 - [TEST_STEP][PASSED] - selectOptionByIndex: All options with index in [9] are selected on object 'Object Repository/DispensaryToStore/Page_Store/select_--Select--Adernaline 0.'

2018-06-10 00:56:34 - [MESSAGE][PASSED] - All options with index in [9] are selected on object 'Object Repository/DispensaryToStore/Page_Store/select_--Select--Adernaline 0.'

2018-06-10 00:56:34 - [TEST_STEP][PASSED] - delay: Delayed 2 second(s)

2018-06-10 00:56:36 - [MESSAGE][PASSED] - Delayed 2 second(s)

2018-06-10 00:56:36 - [TEST_STEP][PASSED] - Statement - RequestedQty = com.kms.katalon.core.webui.keyword.WebUiBuiltInKeywords.getAttribute(com.kms.katalon.core.testobject.ObjectRepository.findTestObject(DispensaryToStore/Page_Store/input_txttotal), "value"): Attribute 'value' of object 'Object Repository/DispensaryToStore/Page_Store/input_txttotal' is: '10'

2018-06-10 00:56:36 - [MESSAGE][PASSED] - Attribute 'value' of object 'Object Repository/DispensaryToStore/Page_Store/input_txttotal' is: '10'

2018-06-10 00:56:36 - [TEST_STEP][PASSED] - Statement - out.println("Requested QTY : " + RequestedQty): null

2018-06-10 00:56:36 - [TEST_STEP][PASSED] - Statement - BatchNumber = com.kms.katalon.core.webui.keyword.WebUiBuiltInKeywords.getNumberOfTotalOption(com.kms.katalon.core.testobject.ObjectRepository.findTestObject(DispensaryToStore/Page_Store/select_--Select--BA1170BA2376B)): 4 options of object 'Object Repository/DispensaryToStore/Page_Store/select_--Select--BA1170BA2376B' counted

2018-06-10 00:56:36 - [MESSAGE][PASSED] - 4 options of object 'Object Repository/DispensaryToStore/Page_Store/select_--Select--BA1170BA2376B' counted

2018-06-10 00:56:36 - [TEST_STEP][PASSED] - Statement - For ([g = 1, g <= BatchNumber - 1, (g++)]): null

2018-06-10 00:56:36 - [TEST_STEP][PASSED] - selectOptionByIndex: All options with index in [1] are selected on object 'Object Repository/DispensaryToStore/Page_Store/select_--Select--BA1170BA2376B'

2018-06-10 00:56:36 - [MESSAGE][PASSED] - All options with index in [1] are selected on object 'Object Repository/DispensaryToStore/Page_Store/select_--Select--BA1170BA2376B'

2018-06-10 00:56:36 - [TEST_STEP][PASSED] - Statement - Try: null

2018-06-10 00:56:36 - [TEST_STEP][PASSED] - Statement - StockQty = com.kms.katalon.core.webui.keyword.WebUiBuiltInKeywords.getAttribute(com.kms.katalon.core.testobject.ObjectRepository.findTestObject(DispensaryToStore/Page_Store/input_txtprice), "value"): Attribute 'value' of object 'Object Repository/DispensaryToStore/Page_Store/input_txtprice' is: '335'

2018-06-10 00:56:36 - [MESSAGE][PASSED] - Attribute 'value' of object 'Object Repository/DispensaryToStore/Page_Store/input_txtprice' is: '335'

2018-06-10 00:56:36 - [TEST_STEP][PASSED] - Statement - out.println("Stock QTY : " + StockQty): null

2018-06-10 00:56:36 - [TEST_STEP][PASSED] - delay: Delayed 2 second(s)

2018-06-10 00:56:38 - [MESSAGE][PASSED] - Delayed 2 second(s)

2018-06-10 00:56:38 - [TEST_STEP][PASSED] - Statement - If (java.lang.String.valueOf(StockQty) >= java.lang.String.valueOf(RequestedQty)): null

2018-06-10 00:56:38 - [TEST_STEP][PASSED] - setText: Text '10' is set on object 'Object Repository/DispensaryToStore/Page_Store/input_txtqty'

2018-06-10 00:56:39 - [MESSAGE][PASSED] - Text '10' is set on object 'Object Repository/DispensaryToStore/Page_Store/input_txtqty'

2018-06-10 00:56:39 - [TEST_STEP][PASSED] - click: Object: 'Object Repository/DispensaryToStore/Page_Store/button_Add' is clicked on

2018-06-10 00:56:39 - [MESSAGE][PASSED] - Object: 'Object Repository/DispensaryToStore/Page_Store/button_Add' is clicked on

2018-06-10 00:56:39 - [TEST_STEP][PASSED] - Statement - Break: null

2018-06-10 00:56:39 - [TEST_STEP][PASSED] - selectOptionByIndex: All options with index in [10] are selected on object 'Object Repository/DispensaryToStore/Page_Store/select_--Select--Adernaline 0.'

2018-06-10 00:56:39 - [MESSAGE][PASSED] - All options with index in [10] are selected on object 'Object Repository/DispensaryToStore/Page_Store/select_--Select--Adernaline 0.'

2018-06-10 00:56:39 - [TEST_STEP][PASSED] - delay: Delayed 2 second(s)

2018-06-10 00:56:41 - [MESSAGE][PASSED] - Delayed 2 second(s)

2018-06-10 00:56:41 - [TEST_STEP][PASSED] - Statement - RequestedQty = com.kms.katalon.core.webui.keyword.WebUiBuiltInKeywords.getAttribute(com.kms.katalon.core.testobject.ObjectRepository.findTestObject(DispensaryToStore/Page_Store/input_txttotal), "value"): Attribute 'value' of object 'Object Repository/DispensaryToStore/Page_Store/input_txttotal' is: '10'

2018-06-10 00:56:41 - [MESSAGE][PASSED] - Attribute 'value' of object 'Object Repository/DispensaryToStore/Page_Store/input_txttotal' is: '10'

2018-06-10 00:56:41 - [TEST_STEP][PASSED] - Statement - out.println("Requested QTY : " + RequestedQty): null

2018-06-10 00:56:41 - [TEST_STEP][PASSED] - Statement - BatchNumber = com.kms.katalon.core.webui.keyword.WebUiBuiltInKeywords.getNumberOfTotalOption(com.kms.katalon.core.testobject.ObjectRepository.findTestObject(DispensaryToStore/Page_Store/select_--Select--BA1170BA2376B)): 2 options of object 'Object Repository/DispensaryToStore/Page_Store/select_--Select--BA1170BA2376B' counted

2018-06-10 00:56:41 - [MESSAGE][PASSED] - 2 options of object 'Object Repository/DispensaryToStore/Page_Store/select_--Select--BA1170BA2376B' counted

2018-06-10 00:56:41 - [TEST_STEP][PASSED] - Statement - For ([g = 1, g <= BatchNumber - 1, (g++)]): null

2018-06-10 00:56:41 - [TEST_STEP][PASSED] - selectOptionByIndex: All options with index in [1] are selected on object 'Object Repository/DispensaryToStore/Page_Store/select_--Select--BA1170BA2376B'

2018-06-10 00:56:41 - [MESSAGE][PASSED] - All options with index in [1] are selected on object 'Object Repository/DispensaryToStore/Page_Store/select_--Select--BA1170BA2376B'

2018-06-10 00:56:41 - [TEST_STEP][PASSED] - Statement - Try: null

2018-06-10 00:56:41 - [TEST_STEP][PASSED] - Statement - StockQty = com.kms.katalon.core.webui.keyword.WebUiBuiltInKeywords.getAttribute(com.kms.katalon.core.testobject.ObjectRepository.findTestObject(DispensaryToStore/Page_Store/input_txtprice), "value"): Attribute 'value' of object 'Object Repository/DispensaryToStore/Page_Store/input_txtprice' is: '1040'

2018-06-10 00:56:41 - [MESSAGE][PASSED] - Attribute 'value' of object 'Object Repository/DispensaryToStore/Page_Store/input_txtprice' is: '1040'

2018-06-10 00:56:41 - [TEST_STEP][PASSED] - Statement - out.println("Stock QTY : " + StockQty): null

2018-06-10 00:56:41 - [TEST_STEP][PASSED] - delay: Delayed 2 second(s)

2018-06-10 00:56:43 - [MESSAGE][PASSED] - Delayed 2 second(s)

2018-06-10 00:56:43 - [TEST_STEP][PASSED] - Statement - If (java.lang.String.valueOf(StockQty) >= java.lang.String.valueOf(RequestedQty)): null

2018-06-10 00:56:43 - [TEST_STEP][PASSED] - setText: Text '10' is set on object 'Object Repository/DispensaryToStore/Page_Store/input_txtqty'

2018-06-10 00:56:43 - [MESSAGE][PASSED] - Text '10' is set on object 'Object Repository/DispensaryToStore/Page_Store/input_txtqty'

2018-06-10 00:56:43 - [TEST_STEP][PASSED] - click: Object: 'Object Repository/DispensaryToStore/Page_Store/button_Add' is clicked on

2018-06-10 00:56:43 - [MESSAGE][PASSED] - Object: 'Object Repository/DispensaryToStore/Page_Store/button_Add' is clicked on

2018-06-10 00:56:43 - [TEST_STEP][PASSED] - Statement - Break: null

2018-06-10 00:56:43 - [TEST_STEP][PASSED] - selectOptionByIndex: All options with index in [11] are selected on object 'Object Repository/DispensaryToStore/Page_Store/select_--Select--Adernaline 0.'

2018-06-10 00:56:43 - [MESSAGE][PASSED] - All options with index in [11] are selected on object 'Object Repository/DispensaryToStore/Page_Store/select_--Select--Adernaline 0.'

2018-06-10 00:56:43 - [TEST_STEP][PASSED] - delay: Delayed 2 second(s)

2018-06-10 00:56:45 - [MESSAGE][PASSED] - Delayed 2 second(s)

2018-06-10 00:56:45 - [TEST_STEP][PASSED] - Statement - RequestedQty = com.kms.katalon.core.webui.keyword.WebUiBuiltInKeywords.getAttribute(com.kms.katalon.core.testobject.ObjectRepository.findTestObject(DispensaryToStore/Page_Store/input_txttotal), "value"): Attribute 'value' of object 'Object Repository/DispensaryToStore/Page_Store/input_txttotal' is: '10'

2018-06-10 00:56:45 - [MESSAGE][PASSED] - Attribute 'value' of object 'Object Repository/DispensaryToStore/Page_Store/input_txttotal' is: '10'

2018-06-10 00:56:45 - [TEST_STEP][PASSED] - Statement - out.println("Requested QTY : " + RequestedQty): null

2018-06-10 00:56:45 - [TEST_STEP][PASSED] - Statement - BatchNumber = com.kms.katalon.core.webui.keyword.WebUiBuiltInKeywords.getNumberOfTotalOption(com.kms.katalon.core.testobject.ObjectRepository.findTestObject(DispensaryToStore/Page_Store/select_--Select--BA1170BA2376B)): 3 options of object 'Object Repository/DispensaryToStore/Page_Store/select_--Select--BA1170BA2376B' counted

2018-06-10 00:56:46 - [MESSAGE][PASSED] - 3 options of object 'Object Repository/DispensaryToStore/Page_Store/select_--Select--BA1170BA2376B' counted

2018-06-10 00:56:46 - [TEST_STEP][PASSED] - Statement - For ([g = 1, g <= BatchNumber - 1, (g++)]): null

2018-06-10 00:56:46 - [TEST_STEP][PASSED] - selectOptionByIndex: All options with index in [1] are selected on object 'Object Repository/DispensaryToStore/Page_Store/select_--Select--BA1170BA2376B'

2018-06-10 00:56:46 - [MESSAGE][PASSED] - All options with index in [1] are selected on object 'Object Repository/DispensaryToStore/Page_Store/select_--Select--BA1170BA2376B'

2018-06-10 00:56:46 - [TEST_STEP][PASSED] - Statement - Try: null

2018-06-10 00:56:46 - [TEST_STEP][PASSED] - Statement - StockQty = com.kms.katalon.core.webui.keyword.WebUiBuiltInKeywords.getAttribute(com.kms.katalon.core.testobject.ObjectRepository.findTestObject(DispensaryToStore/Page_Store/input_txtprice), "value"): Attribute 'value' of object 'Object Repository/DispensaryToStore/Page_Store/input_txtprice' is: '515'

2018-06-10 00:56:46 - [MESSAGE][PASSED] - Attribute 'value' of object 'Object Repository/DispensaryToStore/Page_Store/input_txtprice' is: '515'

2018-06-10 00:56:46 - [TEST_STEP][PASSED] - Statement - out.println("Stock QTY : " + StockQty): null

2018-06-10 00:56:46 - [TEST_STEP][PASSED] - delay: Delayed 2 second(s)

2018-06-10 00:56:48 - [MESSAGE][PASSED] - Delayed 2 second(s)

2018-06-10 00:56:48 - [TEST_STEP][PASSED] - Statement - If (java.lang.String.valueOf(StockQty) >= java.lang.String.valueOf(RequestedQty)): null

2018-06-10 00:56:48 - [TEST_STEP][PASSED] - setText: Text '10' is set on object 'Object Repository/DispensaryToStore/Page_Store/input_txtqty'

2018-06-10 00:56:48 - [MESSAGE][PASSED] - Text '10' is set on object 'Object Repository/DispensaryToStore/Page_Store/input_txtqty'

2018-06-10 00:56:48 - [TEST_STEP][PASSED] - click: Object: 'Object Repository/DispensaryToStore/Page_Store/button_Add' is clicked on

2018-06-10 00:56:48 - [MESSAGE][PASSED] - Object: 'Object Repository/DispensaryToStore/Page_Store/button_Add' is clicked on

2018-06-10 00:56:48 - [TEST_STEP][PASSED] - Statement - Break: null

2018-06-10 00:56:48 - [TEST_STEP][PASSED] - selectOptionByIndex: All options with index in [12] are selected on object 'Object Repository/DispensaryToStore/Page_Store/select_--Select--Adernaline 0.'

2018-06-10 00:56:48 - [MESSAGE][PASSED] - All options with index in [12] are selected on object 'Object Repository/DispensaryToStore/Page_Store/select_--Select--Adernaline 0.'

2018-06-10 00:56:48 - [TEST_STEP][PASSED] - delay: Delayed 2 second(s)

2018-06-10 00:56:50 - [MESSAGE][PASSED] - Delayed 2 second(s)

2018-06-10 00:56:50 - [TEST_STEP][PASSED] - Statement - RequestedQty = com.kms.katalon.core.webui.keyword.WebUiBuiltInKeywords.getAttribute(com.kms.katalon.core.testobject.ObjectRepository.findTestObject(DispensaryToStore/Page_Store/input_txttotal), "value"): Attribute 'value' of object 'Object Repository/DispensaryToStore/Page_Store/input_txttotal' is: '10'

2018-06-10 00:56:50 - [MESSAGE][PASSED] - Attribute 'value' of object 'Object Repository/DispensaryToStore/Page_Store/input_txttotal' is: '10'

2018-06-10 00:56:50 - [TEST_STEP][PASSED] - Statement - out.println("Requested QTY : " + RequestedQty): null

2018-06-10 00:56:50 - [TEST_STEP][PASSED] - Statement - BatchNumber = com.kms.katalon.core.webui.keyword.WebUiBuiltInKeywords.getNumberOfTotalOption(com.kms.katalon.core.testobject.ObjectRepository.findTestObject(DispensaryToStore/Page_Store/select_--Select--BA1170BA2376B)): 3 options of object 'Object Repository/DispensaryToStore/Page_Store/select_--Select--BA1170BA2376B' counted

2018-06-10 00:56:50 - [MESSAGE][PASSED] - 3 options of object 'Object Repository/DispensaryToStore/Page_Store/select_--Select--BA1170BA2376B' counted

2018-06-10 00:56:50 - [TEST_STEP][PASSED] - Statement - For ([g = 1, g <= BatchNumber - 1, (g++)]): null

2018-06-10 00:56:50 - [TEST_STEP][PASSED] - selectOptionByIndex: All options with index in [1] are selected on object 'Object Repository/DispensaryToStore/Page_Store/select_--Select--BA1170BA2376B'

2018-06-10 00:56:50 - [MESSAGE][PASSED] - All options with index in [1] are selected on object 'Object Repository/DispensaryToStore/Page_Store/select_--Select--BA1170BA2376B'

2018-06-10 00:56:50 - [TEST_STEP][PASSED] - Statement - Try: null

2018-06-10 00:56:50 - [TEST_STEP][PASSED] - Statement - StockQty = com.kms.katalon.core.webui.keyword.WebUiBuiltInKeywords.getAttribute(com.kms.katalon.core.testobject.ObjectRepository.findTestObject(DispensaryToStore/Page_Store/input_txtprice), "value"): Attribute 'value' of object 'Object Repository/DispensaryToStore/Page_Store/input_txtprice' is: '515'

2018-06-10 00:56:50 - [MESSAGE][PASSED] - Attribute 'value' of object 'Object Repository/DispensaryToStore/Page_Store/input_txtprice' is: '515'

2018-06-10 00:56:50 - [TEST_STEP][PASSED] - Statement - out.println("Stock QTY : " + StockQty): null

2018-06-10 00:56:50 - [TEST_STEP][PASSED] - delay: Delayed 2 second(s)

2018-06-10 00:56:52 - [MESSAGE][PASSED] - Delayed 2 second(s)

2018-06-10 00:56:52 - [TEST_STEP][PASSED] - Statement - If (java.lang.String.valueOf(StockQty) >= java.lang.String.valueOf(RequestedQty)): null

2018-06-10 00:56:52 - [TEST_STEP][PASSED] - setText: Text '10' is set on object 'Object Repository/DispensaryToStore/Page_Store/input_txtqty'

2018-06-10 00:56:52 - [MESSAGE][PASSED] - Text '10' is set on object 'Object Repository/DispensaryToStore/Page_Store/input_txtqty'

2018-06-10 00:56:52 - [TEST_STEP][PASSED] - click: Object: 'Object Repository/DispensaryToStore/Page_Store/button_Add' is clicked on

2018-06-10 00:56:52 - [MESSAGE][PASSED] - Object: 'Object Repository/DispensaryToStore/Page_Store/button_Add' is clicked on

2018-06-10 00:56:52 - [TEST_STEP][PASSED] - Statement - Break: null

2018-06-10 00:56:52 - [TEST_STEP][PASSED] - selectOptionByIndex: All options with index in [13] are selected on object 'Object Repository/DispensaryToStore/Page_Store/select_--Select--Adernaline 0.'

2018-06-10 00:56:53 - [MESSAGE][PASSED] - All options with index in [13] are selected on object 'Object Repository/DispensaryToStore/Page_Store/select_--Select--Adernaline 0.'

2018-06-10 00:56:53 - [TEST_STEP][PASSED] - delay: Delayed 2 second(s)

2018-06-10 00:56:55 - [MESSAGE][PASSED] - Delayed 2 second(s)

2018-06-10 00:56:55 - [TEST_STEP][PASSED] - Statement - RequestedQty = com.kms.katalon.core.webui.keyword.WebUiBuiltInKeywords.getAttribute(com.kms.katalon.core.testobject.ObjectRepository.findTestObject(DispensaryToStore/Page_Store/input_txttotal), "value"): Attribute 'value' of object 'Object Repository/DispensaryToStore/Page_Store/input_txttotal' is: '10'

2018-06-10 00:56:55 - [MESSAGE][PASSED] - Attribute 'value' of object 'Object Repository/DispensaryToStore/Page_Store/input_txttotal' is: '10'

2018-06-10 00:56:55 - [TEST_STEP][PASSED] - Statement - out.println("Requested QTY : " + RequestedQty): null

2018-06-10 00:56:55 - [TEST_STEP][PASSED] - Statement - BatchNumber = com.kms.katalon.core.webui.keyword.WebUiBuiltInKeywords.getNumberOfTotalOption(com.kms.katalon.core.testobject.ObjectRepository.findTestObject(DispensaryToStore/Page_Store/select_--Select--BA1170BA2376B)): 4 options of object 'Object Repository/DispensaryToStore/Page_Store/select_--Select--BA1170BA2376B' counted

2018-06-10 00:56:55 - [MESSAGE][PASSED] - 4 options of object 'Object Repository/DispensaryToStore/Page_Store/select_--Select--BA1170BA2376B' counted

2018-06-10 00:56:55 - [TEST_STEP][PASSED] - Statement - For ([g = 1, g <= BatchNumber - 1, (g++)]): null

2018-06-10 00:56:55 - [TEST_STEP][PASSED] - selectOptionByIndex: All options with index in [1] are selected on object 'Object Repository/DispensaryToStore/Page_Store/select_--Select--BA1170BA2376B'

2018-06-10 00:56:55 - [MESSAGE][PASSED] - All options with index in [1] are selected on object 'Object Repository/DispensaryToStore/Page_Store/select_--Select--BA1170BA2376B'

2018-06-10 00:56:55 - [TEST_STEP][PASSED] - Statement - Try: null

2018-06-10 00:56:55 - [TEST_STEP][PASSED] - Statement - StockQty = com.kms.katalon.core.webui.keyword.WebUiBuiltInKeywords.getAttribute(com.kms.katalon.core.testobject.ObjectRepository.findTestObject(DispensaryToStore/Page_Store/input_txtprice), "value"): Attribute 'value' of object 'Object Repository/DispensaryToStore/Page_Store/input_txtprice' is: ''

2018-06-10 00:56:55 - [MESSAGE][PASSED] - Attribute 'value' of object 'Object Repository/DispensaryToStore/Page_Store/input_txtprice' is: ''

2018-06-10 00:56:55 - [TEST_STEP][PASSED] - Statement - out.println("Stock QTY : " + StockQty): null

2018-06-10 00:56:55 - [TEST_STEP][PASSED] - delay: Delayed 2 second(s)

2018-06-10 00:56:57 - [MESSAGE][PASSED] - Delayed 2 second(s)

2018-06-10 00:56:57 - [TEST_STEP][PASSED] - Statement - If (java.lang.String.valueOf(StockQty) >= java.lang.String.valueOf(RequestedQty)): null

2018-06-10 00:56:57 - [TEST_STEP][PASSED] - Statement - Else: null

2018-06-10 00:56:57 - [TEST_STEP][PASSED] - Statement - out.println("Stock Is Less Than Requested Qty"): null

2018-06-10 00:56:57 - [TEST_STEP][PASSED] - selectOptionByIndex: All options with index in [2] are selected on object 'Object Repository/DispensaryToStore/Page_Store/select_--Select--BA1170BA2376B'

2018-06-10 00:56:57 - [MESSAGE][PASSED] - All options with index in [2] are selected on object 'Object Repository/DispensaryToStore/Page_Store/select_--Select--BA1170BA2376B'

2018-06-10 00:56:57 - [TEST_STEP][PASSED] - Statement - Try: null

2018-06-10 00:56:57 - [TEST_STEP][PASSED] - Statement - StockQty = com.kms.katalon.core.webui.keyword.WebUiBuiltInKeywords.getAttribute(com.kms.katalon.core.testobject.ObjectRepository.findTestObject(DispensaryToStore/Page_Store/input_txtprice), "value"): Attribute 'value' of object 'Object Repository/DispensaryToStore/Page_Store/input_txtprice' is: '270'

2018-06-10 00:56:57 - [MESSAGE][PASSED] - Attribute 'value' of object 'Object Repository/DispensaryToStore/Page_Store/input_txtprice' is: '270'

2018-06-10 00:56:57 - [TEST_STEP][PASSED] - Statement - out.println("Stock QTY : " + StockQty): null

2018-06-10 00:56:57 - [TEST_STEP][PASSED] - delay: Delayed 2 second(s)

2018-06-10 00:56:59 - [MESSAGE][PASSED] - Delayed 2 second(s)

2018-06-10 00:56:59 - [TEST_STEP][PASSED] - Statement - If (java.lang.String.valueOf(StockQty) >= java.lang.String.valueOf(RequestedQty)): null

2018-06-10 00:56:59 - [TEST_STEP][PASSED] - setText: Text '10' is set on object 'Object Repository/DispensaryToStore/Page_Store/input_txtqty'

2018-06-10 00:56:59 - [MESSAGE][PASSED] - Text '10' is set on object 'Object Repository/DispensaryToStore/Page_Store/input_txtqty'

2018-06-10 00:56:59 - [TEST_STEP][PASSED] - click: Object: 'Object Repository/DispensaryToStore/Page_Store/button_Add' is clicked on

2018-06-10 00:56:59 - [MESSAGE][PASSED] - Object: 'Object Repository/DispensaryToStore/Page_Store/button_Add' is clicked on

2018-06-10 00:56:59 - [TEST_STEP][PASSED] - Statement - Break: null

2018-06-10 00:56:59 - [TEST_STEP][PASSED] - selectOptionByIndex: All options with index in [14] are selected on object 'Object Repository/DispensaryToStore/Page_Store/select_--Select--Adernaline 0.'

2018-06-10 00:57:00 - [MESSAGE][PASSED] - All options with index in [14] are selected on object 'Object Repository/DispensaryToStore/Page_Store/select_--Select--Adernaline 0.'

2018-06-10 00:57:00 - [TEST_STEP][PASSED] - delay: Delayed 2 second(s)

2018-06-10 00:57:02 - [MESSAGE][PASSED] - Delayed 2 second(s)

2018-06-10 00:57:02 - [TEST_STEP][PASSED] - Statement - RequestedQty = com.kms.katalon.core.webui.keyword.WebUiBuiltInKeywords.getAttribute(com.kms.katalon.core.testobject.ObjectRepository.findTestObject(DispensaryToStore/Page_Store/input_txttotal), "value"): Attribute 'value' of object 'Object Repository/DispensaryToStore/Page_Store/input_txttotal' is: '10'

2018-06-10 00:57:02 - [MESSAGE][PASSED] - Attribute 'value' of object 'Object Repository/DispensaryToStore/Page_Store/input_txttotal' is: '10'

2018-06-10 00:57:02 - [TEST_STEP][PASSED] - Statement - out.println("Requested QTY : " + RequestedQty): null

2018-06-10 00:57:02 - [TEST_STEP][PASSED] - Statement - BatchNumber = com.kms.katalon.core.webui.keyword.WebUiBuiltInKeywords.getNumberOfTotalOption(com.kms.katalon.core.testobject.ObjectRepository.findTestObject(DispensaryToStore/Page_Store/select_--Select--BA1170BA2376B)): 3 options of object 'Object Repository/DispensaryToStore/Page_Store/select_--Select--BA1170BA2376B' counted

2018-06-10 00:57:02 - [MESSAGE][PASSED] - 3 options of object 'Object Repository/DispensaryToStore/Page_Store/select_--Select--BA1170BA2376B' counted

2018-06-10 00:57:02 - [TEST_STEP][PASSED] - Statement - For ([g = 1, g <= BatchNumber - 1, (g++)]): null

2018-06-10 00:57:02 - [TEST_STEP][PASSED] - selectOptionByIndex: All options with index in [1] are selected on object 'Object Repository/DispensaryToStore/Page_Store/select_--Select--BA1170BA2376B'

2018-06-10 00:57:02 - [MESSAGE][PASSED] - All options with index in [1] are selected on object 'Object Repository/DispensaryToStore/Page_Store/select_--Select--BA1170BA2376B'

2018-06-10 00:57:02 - [TEST_STEP][PASSED] - Statement - Try: null

2018-06-10 00:57:02 - [TEST_STEP][PASSED] - Statement - StockQty = com.kms.katalon.core.webui.keyword.WebUiBuiltInKeywords.getAttribute(com.kms.katalon.core.testobject.ObjectRepository.findTestObject(DispensaryToStore/Page_Store/input_txtprice), "value"): Attribute 'value' of object 'Object Repository/DispensaryToStore/Page_Store/input_txtprice' is: '515'

2018-06-10 00:57:02 - [MESSAGE][PASSED] - Attribute 'value' of object 'Object Repository/DispensaryToStore/Page_Store/input_txtprice' is: '515'

2018-06-10 00:57:02 - [TEST_STEP][PASSED] - Statement - out.println("Stock QTY : " + StockQty): null

2018-06-10 00:57:02 - [TEST_STEP][PASSED] - delay: Delayed 2 second(s)

2018-06-10 00:57:04 - [MESSAGE][PASSED] - Delayed 2 second(s)

2018-06-10 00:57:04 - [TEST_STEP][PASSED] - Statement - If (java.lang.String.valueOf(StockQty) >= java.lang.String.valueOf(RequestedQty)): null

2018-06-10 00:57:04 - [TEST_STEP][PASSED] - setText: Text '10' is set on object 'Object Repository/DispensaryToStore/Page_Store/input_txtqty'

2018-06-10 00:57:04 - [MESSAGE][PASSED] - Text '10' is set on object 'Object Repository/DispensaryToStore/Page_Store/input_txtqty'

2018-06-10 00:57:04 - [TEST_STEP][PASSED] - click: Object: 'Object Repository/DispensaryToStore/Page_Store/button_Add' is clicked on

2018-06-10 00:57:04 - [MESSAGE][PASSED] - Object: 'Object Repository/DispensaryToStore/Page_Store/button_Add' is clicked on

2018-06-10 00:57:04 - [TEST_STEP][PASSED] - Statement - Break: null

2018-06-10 00:57:04 - [TEST_STEP][PASSED] - selectOptionByIndex: All options with index in [15] are selected on object 'Object Repository/DispensaryToStore/Page_Store/select_--Select--Adernaline 0.'

2018-06-10 00:57:04 - [MESSAGE][PASSED] - All options with index in [15] are selected on object 'Object Repository/DispensaryToStore/Page_Store/select_--Select--Adernaline 0.'

2018-06-10 00:57:04 - [TEST_STEP][PASSED] - delay: Delayed 2 second(s)

2018-06-10 00:57:06 - [MESSAGE][PASSED] - Delayed 2 second(s)

2018-06-10 00:57:06 - [TEST_STEP][PASSED] - Statement - RequestedQty = com.kms.katalon.core.webui.keyword.WebUiBuiltInKeywords.getAttribute(com.kms.katalon.core.testobject.ObjectRepository.findTestObject(DispensaryToStore/Page_Store/input_txttotal), "value"): Attribute 'value' of object 'Object Repository/DispensaryToStore/Page_Store/input_txttotal' is: '10'

2018-06-10 00:57:06 - [MESSAGE][PASSED] - Attribute 'value' of object 'Object Repository/DispensaryToStore/Page_Store/input_txttotal' is: '10'

2018-06-10 00:57:06 - [TEST_STEP][PASSED] - Statement - out.println("Requested QTY : " + RequestedQty): null

2018-06-10 00:57:06 - [TEST_STEP][PASSED] - Statement - BatchNumber = com.kms.katalon.core.webui.keyword.WebUiBuiltInKeywords.getNumberOfTotalOption(com.kms.katalon.core.testobject.ObjectRepository.findTestObject(DispensaryToStore/Page_Store/select_--Select--BA1170BA2376B)): 2 options of object 'Object Repository/DispensaryToStore/Page_Store/select_--Select--BA1170BA2376B' counted

2018-06-10 00:57:06 - [MESSAGE][PASSED] - 2 options of object 'Object Repository/DispensaryToStore/Page_Store/select_--Select--BA1170BA2376B' counted

2018-06-10 00:57:06 - [TEST_STEP][PASSED] - Statement - For ([g = 1, g <= BatchNumber - 1, (g++)]): null

2018-06-10 00:57:06 - [TEST_STEP][PASSED] - selectOptionByIndex: All options with index in [1] are selected on object 'Object Repository/DispensaryToStore/Page_Store/select_--Select--BA1170BA2376B'

2018-06-10 00:57:06 - [MESSAGE][PASSED] - All options with index in [1] are selected on object 'Object Repository/DispensaryToStore/Page_Store/select_--Select--BA1170BA2376B'

2018-06-10 00:57:06 - [TEST_STEP][PASSED] - Statement - Try: null

2018-06-10 00:57:06 - [TEST_STEP][PASSED] - Statement - StockQty = com.kms.katalon.core.webui.keyword.WebUiBuiltInKeywords.getAttribute(com.kms.katalon.core.testobject.ObjectRepository.findTestObject(DispensaryToStore/Page_Store/input_txtprice), "value"): Attribute 'value' of object 'Object Repository/DispensaryToStore/Page_Store/input_txtprice' is: '2470'

2018-06-10 00:57:06 - [MESSAGE][PASSED] - Attribute 'value' of object 'Object Repository/DispensaryToStore/Page_Store/input_txtprice' is: '2470'

2018-06-10 00:57:06 - [TEST_STEP][PASSED] - Statement - out.println("Stock QTY : " + StockQty): null

2018-06-10 00:57:06 - [TEST_STEP][PASSED] - delay: Delayed 2 second(s)

2018-06-10 00:57:08 - [MESSAGE][PASSED] - Delayed 2 second(s)

2018-06-10 00:57:08 - [TEST_STEP][PASSED] - Statement - If (java.lang.String.valueOf(StockQty) >= java.lang.String.valueOf(RequestedQty)): null

2018-06-10 00:57:08 - [TEST_STEP][PASSED] - setText: Text '10' is set on object 'Object Repository/DispensaryToStore/Page_Store/input_txtqty'

2018-06-10 00:57:08 - [MESSAGE][PASSED] - Text '10' is set on object 'Object Repository/DispensaryToStore/Page_Store/input_txtqty'

2018-06-10 00:57:08 - [TEST_STEP][PASSED] - click: Object: 'Object Repository/DispensaryToStore/Page_Store/button_Add' is clicked on

2018-06-10 00:57:09 - [MESSAGE][PASSED] - Object: 'Object Repository/DispensaryToStore/Page_Store/button_Add' is clicked on

2018-06-10 00:57:09 - [TEST_STEP][PASSED] - Statement - Break: null

2018-06-10 00:57:09 - [TEST_STEP][PASSED] - selectOptionByIndex: All options with index in [16] are selected on object 'Object Repository/DispensaryToStore/Page_Store/select_--Select--Adernaline 0.'

2018-06-10 00:57:09 - [MESSAGE][PASSED] - All options with index in [16] are selected on object 'Object Repository/DispensaryToStore/Page_Store/select_--Select--Adernaline 0.'

2018-06-10 00:57:09 - [TEST_STEP][PASSED] - delay: Delayed 2 second(s)

2018-06-10 00:57:11 - [MESSAGE][PASSED] - Delayed 2 second(s)

2018-06-10 00:57:11 - [TEST_STEP][PASSED] - Statement - RequestedQty = com.kms.katalon.core.webui.keyword.WebUiBuiltInKeywords.getAttribute(com.kms.katalon.core.testobject.ObjectRepository.findTestObject(DispensaryToStore/Page_Store/input_txttotal), "value"): Attribute 'value' of object 'Object Repository/DispensaryToStore/Page_Store/input_txttotal' is: '10'

2018-06-10 00:57:11 - [MESSAGE][PASSED] - Attribute 'value' of object 'Object Repository/DispensaryToStore/Page_Store/input_txttotal' is: '10'

2018-06-10 00:57:11 - [TEST_STEP][PASSED] - Statement - out.println("Requested QTY : " + RequestedQty): null

2018-06-10 00:57:11 - [TEST_STEP][PASSED] - Statement - BatchNumber = com.kms.katalon.core.webui.keyword.WebUiBuiltInKeywords.getNumberOfTotalOption(com.kms.katalon.core.testobject.ObjectRepository.findTestObject(DispensaryToStore/Page_Store/select_--Select--BA1170BA2376B)): 3 options of object 'Object Repository/DispensaryToStore/Page_Store/select_--Select--BA1170BA2376B' counted

2018-06-10 00:57:11 - [MESSAGE][PASSED] - 3 options of object 'Object Repository/DispensaryToStore/Page_Store/select_--Select--BA1170BA2376B' counted

2018-06-10 00:57:11 - [TEST_STEP][PASSED] - Statement - For ([g = 1, g <= BatchNumber - 1, (g++)]): null

2018-06-10 00:57:11 - [TEST_STEP][PASSED] - selectOptionByIndex: All options with index in [1] are selected on object 'Object Repository/DispensaryToStore/Page_Store/select_--Select--BA1170BA2376B'

2018-06-10 00:57:11 - [MESSAGE][PASSED] - All options with index in [1] are selected on object 'Object Repository/DispensaryToStore/Page_Store/select_--Select--BA1170BA2376B'

2018-06-10 00:57:11 - [TEST_STEP][PASSED] - Statement - Try: null

2018-06-10 00:57:11 - [TEST_STEP][PASSED] - Statement - StockQty = com.kms.katalon.core.webui.keyword.WebUiBuiltInKeywords.getAttribute(com.kms.katalon.core.testobject.ObjectRepository.findTestObject(DispensaryToStore/Page_Store/input_txtprice), "value"): Attribute 'value' of object 'Object Repository/DispensaryToStore/Page_Store/input_txtprice' is: '515'

2018-06-10 00:57:11 - [MESSAGE][PASSED] - Attribute 'value' of object 'Object Repository/DispensaryToStore/Page_Store/input_txtprice' is: '515'

2018-06-10 00:57:11 - [TEST_STEP][PASSED] - Statement - out.println("Stock QTY : " + StockQty): null

2018-06-10 00:57:11 - [TEST_STEP][PASSED] - delay: Delayed 2 second(s)

2018-06-10 00:57:13 - [MESSAGE][PASSED] - Delayed 2 second(s)

2018-06-10 00:57:13 - [TEST_STEP][PASSED] - Statement - If (java.lang.String.valueOf(StockQty) >= java.lang.String.valueOf(RequestedQty)): null

2018-06-10 00:57:13 - [TEST_STEP][PASSED] - setText: Text '10' is set on object 'Object Repository/DispensaryToStore/Page_Store/input_txtqty'

2018-06-10 00:57:13 - [MESSAGE][PASSED] - Text '10' is set on object 'Object Repository/DispensaryToStore/Page_Store/input_txtqty'

2018-06-10 00:57:13 - [TEST_STEP][PASSED] - click: Object: 'Object Repository/DispensaryToStore/Page_Store/button_Add' is clicked on

2018-06-10 00:57:13 - [MESSAGE][PASSED] - Object: 'Object Repository/DispensaryToStore/Page_Store/button_Add' is clicked on

2018-06-10 00:57:13 - [TEST_STEP][PASSED] - Statement - Break: null

2018-06-10 00:57:13 - [TEST_STEP][PASSED] - selectOptionByIndex: All options with index in [17] are selected on object 'Object Repository/DispensaryToStore/Page_Store/select_--Select--Adernaline 0.'

2018-06-10 00:57:13 - [MESSAGE][PASSED] - All options with index in [17] are selected on object 'Object Repository/DispensaryToStore/Page_Store/select_--Select--Adernaline 0.'

2018-06-10 00:57:13 - [TEST_STEP][PASSED] - delay: Delayed 2 second(s)

2018-06-10 00:57:15 - [MESSAGE][PASSED] - Delayed 2 second(s)

2018-06-10 00:57:15 - [TEST_STEP][PASSED] - Statement - RequestedQty = com.kms.katalon.core.webui.keyword.WebUiBuiltInKeywords.getAttribute(com.kms.katalon.core.testobject.ObjectRepository.findTestObject(DispensaryToStore/Page_Store/input_txttotal), "value"): Attribute 'value' of object 'Object Repository/DispensaryToStore/Page_Store/input_txttotal' is: '10'

2018-06-10 00:57:15 - [MESSAGE][PASSED] - Attribute 'value' of object 'Object Repository/DispensaryToStore/Page_Store/input_txttotal' is: '10'

2018-06-10 00:57:15 - [TEST_STEP][PASSED] - Statement - out.println("Requested QTY : " + RequestedQty): null

2018-06-10 00:57:15 - [TEST_STEP][PASSED] - Statement - BatchNumber = com.kms.katalon.core.webui.keyword.WebUiBuiltInKeywords.getNumberOfTotalOption(com.kms.katalon.core.testobject.ObjectRepository.findTestObject(DispensaryToStore/Page_Store/select_--Select--BA1170BA2376B)): 3 options of object 'Object Repository/DispensaryToStore/Page_Store/select_--Select--BA1170BA2376B' counted

2018-06-10 00:57:16 - [MESSAGE][PASSED] - 3 options of object 'Object Repository/DispensaryToStore/Page_Store/select_--Select--BA1170BA2376B' counted

2018-06-10 00:57:16 - [TEST_STEP][PASSED] - Statement - For ([g = 1, g <= BatchNumber - 1, (g++)]): null

2018-06-10 00:57:16 - [TEST_STEP][PASSED] - selectOptionByIndex: All options with index in [1] are selected on object 'Object Repository/DispensaryToStore/Page_Store/select_--Select--BA1170BA2376B'

2018-06-10 00:57:16 - [MESSAGE][PASSED] - All options with index in [1] are selected on object 'Object Repository/DispensaryToStore/Page_Store/select_--Select--BA1170BA2376B'

2018-06-10 00:57:16 - [TEST_STEP][PASSED] - Statement - Try: null

2018-06-10 00:57:16 - [TEST_STEP][PASSED] - Statement - StockQty = com.kms.katalon.core.webui.keyword.WebUiBuiltInKeywords.getAttribute(com.kms.katalon.core.testobject.ObjectRepository.findTestObject(DispensaryToStore/Page_Store/input_txtprice), "value"): Attribute 'value' of object 'Object Repository/DispensaryToStore/Page_Store/input_txtprice' is: '335'

2018-06-10 00:57:16 - [MESSAGE][PASSED] - Attribute 'value' of object 'Object Repository/DispensaryToStore/Page_Store/input_txtprice' is: '335'

2018-06-10 00:57:16 - [TEST_STEP][PASSED] - Statement - out.println("Stock QTY : " + StockQty): null

2018-06-10 00:57:16 - [TEST_STEP][PASSED] - delay: Delayed 2 second(s)

2018-06-10 00:57:18 - [MESSAGE][PASSED] - Delayed 2 second(s)

2018-06-10 00:57:18 - [TEST_STEP][PASSED] - Statement - If (java.lang.String.valueOf(StockQty) >= java.lang.String.valueOf(RequestedQty)): null

2018-06-10 00:57:18 - [TEST_STEP][PASSED] - setText: Text '10' is set on object 'Object Repository/DispensaryToStore/Page_Store/input_txtqty'

2018-06-10 00:57:18 - [MESSAGE][PASSED] - Text '10' is set on object 'Object Repository/DispensaryToStore/Page_Store/input_txtqty'

2018-06-10 00:57:18 - [TEST_STEP][PASSED] - click: Object: 'Object Repository/DispensaryToStore/Page_Store/button_Add' is clicked on

2018-06-10 00:57:18 - [MESSAGE][PASSED] - Object: 'Object Repository/DispensaryToStore/Page_Store/button_Add' is clicked on

2018-06-10 00:57:18 - [TEST_STEP][PASSED] - Statement - Break: null

2018-06-10 00:57:18 - [TEST_STEP][PASSED] - selectOptionByIndex: All options with index in [18] are selected on object 'Object Repository/DispensaryToStore/Page_Store/select_--Select--Adernaline 0.'

2018-06-10 00:57:18 - [MESSAGE][PASSED] - All options with index in [18] are selected on object 'Object Repository/DispensaryToStore/Page_Store/select_--Select--Adernaline 0.'

2018-06-10 00:57:18 - [TEST_STEP][PASSED] - delay: Delayed 2 second(s)

2018-06-10 00:57:20 - [MESSAGE][PASSED] - Delayed 2 second(s)

2018-06-10 00:57:20 - [TEST_STEP][PASSED] - Statement - RequestedQty = com.kms.katalon.core.webui.keyword.WebUiBuiltInKeywords.getAttribute(com.kms.katalon.core.testobject.ObjectRepository.findTestObject(DispensaryToStore/Page_Store/input_txttotal), "value"): Attribute 'value' of object 'Object Repository/DispensaryToStore/Page_Store/input_txttotal' is: '10'

2018-06-10 00:57:20 - [MESSAGE][PASSED] - Attribute 'value' of object 'Object Repository/DispensaryToStore/Page_Store/input_txttotal' is: '10'

2018-06-10 00:57:20 - [TEST_STEP][PASSED] - Statement - out.println("Requested QTY : " + RequestedQty): null

2018-06-10 00:57:20 - [TEST_STEP][PASSED] - Statement - BatchNumber = com.kms.katalon.core.webui.keyword.WebUiBuiltInKeywords.getNumberOfTotalOption(com.kms.katalon.core.testobject.ObjectRepository.findTestObject(DispensaryToStore/Page_Store/select_--Select--BA1170BA2376B)): 3 options of object 'Object Repository/DispensaryToStore/Page_Store/select_--Select--BA1170BA2376B' counted

2018-06-10 00:57:20 - [MESSAGE][PASSED] - 3 options of object 'Object Repository/DispensaryToStore/Page_Store/select_--Select--BA1170BA2376B' counted

2018-06-10 00:57:20 - [TEST_STEP][PASSED] - Statement - For ([g = 1, g <= BatchNumber - 1, (g++)]): null

2018-06-10 00:57:20 - [TEST_STEP][PASSED] - selectOptionByIndex: All options with index in [1] are selected on object 'Object Repository/DispensaryToStore/Page_Store/select_--Select--BA1170BA2376B'

2018-06-10 00:57:20 - [MESSAGE][PASSED] - All options with index in [1] are selected on object 'Object Repository/DispensaryToStore/Page_Store/select_--Select--BA1170BA2376B'

2018-06-10 00:57:20 - [TEST_STEP][PASSED] - Statement - Try: null

2018-06-10 00:57:20 - [TEST_STEP][PASSED] - Statement - StockQty = com.kms.katalon.core.webui.keyword.WebUiBuiltInKeywords.getAttribute(com.kms.katalon.core.testobject.ObjectRepository.findTestObject(DispensaryToStore/Page_Store/input_txtprice), "value"): Attribute 'value' of object 'Object Repository/DispensaryToStore/Page_Store/input_txtprice' is: '515'

2018-06-10 00:57:20 - [MESSAGE][PASSED] - Attribute 'value' of object 'Object Repository/DispensaryToStore/Page_Store/input_txtprice' is: '515'

2018-06-10 00:57:20 - [TEST_STEP][PASSED] - Statement - out.println("Stock QTY : " + StockQty): null

2018-06-10 00:57:20 - [TEST_STEP][PASSED] - delay: Delayed 2 second(s)

2018-06-10 00:57:22 - [MESSAGE][PASSED] - Delayed 2 second(s)

2018-06-10 00:57:22 - [TEST_STEP][PASSED] - Statement - If (java.lang.String.valueOf(StockQty) >= java.lang.String.valueOf(RequestedQty)): null

2018-06-10 00:57:22 - [TEST_STEP][PASSED] - setText: Text '10' is set on object 'Object Repository/DispensaryToStore/Page_Store/input_txtqty'

2018-06-10 00:57:22 - [MESSAGE][PASSED] - Text '10' is set on object 'Object Repository/DispensaryToStore/Page_Store/input_txtqty'

2018-06-10 00:57:22 - [TEST_STEP][PASSED] - click: Object: 'Object Repository/DispensaryToStore/Page_Store/button_Add' is clicked on

2018-06-10 00:57:22 - [MESSAGE][PASSED] - Object: 'Object Repository/DispensaryToStore/Page_Store/button_Add' is clicked on

2018-06-10 00:57:22 - [TEST_STEP][PASSED] - Statement - Break: null

2018-06-10 00:57:22 - [TEST_STEP][PASSED] - scrollToElement: Scroll to object 'Object Repository/DispensaryToStore/Page_Store/input_btnSubmit' successfully

2018-06-10 00:57:23 - [MESSAGE][PASSED] - Scroll to object 'Object Repository/DispensaryToStore/Page_Store/input_btnSubmit' successfully

2018-06-10 00:57:23 - [TEST_STEP][PASSED] - click: Object: 'Object Repository/DispensaryToStore/Page_Store/input_btnSubmit' is clicked on

2018-06-10 00:57:23 - [MESSAGE][PASSED] - Object: 'Object Repository/DispensaryToStore/Page_Store/input_btnSubmit' is clicked on

2018-06-10 00:57:23 - [TEST_STEP][PASSED] - delay: Delayed 3 second(s)

2018-06-10 00:57:26 - [MESSAGE][PASSED] - Delayed 3 second(s)

2018-06-10 00:57:26 - [TEST_STEP][PASSED] - click: Object: 'Object Repository/DispensaryToStore/Page_Store/button_OK' is clicked on

2018-06-10 00:57:26 - [MESSAGE][PASSED] - Object: 'Object Repository/DispensaryToStore/Page_Store/button_OK' is clicked on

2018-06-10 00:57:26 - [TEST_STEP][PASSED] - delay: Delayed 3 second(s)

2018-06-10 00:57:29 - [MESSAGE][PASSED] - Delayed 3 second(s)

2018-06-10 00:57:29 - [TEST_STEP][PASSED] - click: Object: 'Object Repository/DispensaryToStore/Page_Store/a_dropdown-toggle' is clicked on

2018-06-10 00:57:29 - [MESSAGE][PASSED] - Object: 'Object Repository/DispensaryToStore/Page_Store/a_dropdown-toggle' is clicked on

2018-06-10 00:57:29 - [TEST_STEP][PASSED] - click: Object: 'Object Repository/DispensaryToStore/Page_Store/a_Sign out' is clicked on

2018-06-10 00:57:30 - [MESSAGE][PASSED] - Object: 'Object Repository/DispensaryToStore/Page_Store/a_Sign out' is clicked on

2018-06-10 00:57:30 - [TEST_STEP][PASSED] - closeBrowser: Browser is closed

2018-06-10 00:57:31 - [MESSAGE][PASSED] - Browser is closed]]></system-out>
         <system-err><![CDATA[]]></system-err>
      </testcase>
      <system-out><![CDATA[2018-06-09 23:55:38 - [TEST_SUITE][PASSED] - Dispensary_Store_Suite: Test Cases/DISPENSARY TEST CASES/TC_DP_012 Verify Schedule 12 Dispensary Request Are Working Successfully Or Not]]></system-out>
      <system-err><![CDATA[]]></system-err>
   </testsuite>
</testsuites>
