<?xml version="1.0" encoding="UTF-8"?>
<testsuites name="Dispensary_Cms_Suite" time="2017" tests="1" failures="2" errors="3">
   <testsuite name="Dispensary_Cms_Suite" tests="1" failures="2" errors="3" time="2017" timestamp="2018-05-31 14:55:08" hostname="Quality Analyst - DESKTOP-BLFTK83" id="Test Suites/Dispensary_Cms_Suite">
      <properties>
         <property name="deviceName" value=""/>
         <property name="devicePlatform" value=""/>
         <property name="logFolder" value="C:\\Users\\Quality Analyst\\Katalon Studio\\ds\\Reports\\Dispensary_Cms_Suite\\20180531_144522"/>
         <property name="logFiles" value="C:\\Users\\Quality Analyst\\Katalon Studio\\ds\\Reports\\Dispensary_Cms_Suite\\20180531_144522\\execution0.log"/>
         <property name="attachments" value="C:\\Users\\Quality Analyst\\Katalon Studio\\ds\\Reports\\Dispensary_Cms_Suite\\20180531_144522\\1527759253384.png, C:\\Users\\Quality Analyst\\Katalon Studio\\ds\\Reports\\Dispensary_Cms_Suite\\20180531_144522\\1527759907723.png"/>
         <property name="hostName" value="Quality Analyst - DESKTOP-BLFTK83"/>
         <property name="os" value="Windows 10 64bit"/>
         <property name="katalonVersion" value="5.4.2.1"/>
         <property name="browser" value="Chrome 66.0.3359.181"/>
         <property name="hostAddress" value="169.254.189.85"/>
         <property name="sessionId" value="9fa5eeae9b7d633b0dfd41e89e22d077"/>
         <property name="seleniumVersion" value="3.7.1"/>
         <property name="proxyInformation" value="ProxyInformation{proxyOption=NO_PROXY, proxyServerType=HTTP, password=, proxyServerAddress=, proxyServerPort=0}"/>
         <property name="platform" value="Windows 10"/>
      </properties>
      <testcase name="Test Cases/DISPENSARY TEST CASES/TC_DP_013 Verify Schedule 1 Dispensary To CMS Request Are Working Successfully Or Not" classname="Test Cases/DISPENSARY TEST CASES/TC_DP_013 Verify Schedule 1 Dispensary To CMS Request Are Working Successfully Or Not" status="FAILED">
         <failure type="FAILED" message="Unable to get text of object 'Object Repository/DispensaryToCms/Page_Dispensary Store/font_PRNO18052018174' (Root cause: com.kms.katalon.core.webui.exception.WebElementNotFoundException: Web element with id: 'Object Repository/DispensaryToCms/Page_Dispensary Store/font_PRNO18052018174' located by 'By.xpath: /html[1]/body[@class=&quot;skin-blue  pace-done modal-open&quot;]/div[@class=&quot;bootbox modal fade bootbox-alert in&quot;]/div[@class=&quot;modal-dialog&quot;]/div[@class=&quot;modal-content&quot;]/div[@class=&quot;modal-body&quot;]/div[@class=&quot;bootbox-body&quot;]/b[1]/font[1]' not found)"/>
         <system-out><![CDATA[2018-05-31 14:55:08 - [TEST_CASE][FAILED] - Test Cases/DISPENSARY TEST CASES/TC_DP_013 Verify Schedule 1 Dispensary To CMS Request Are Working Successfully Or Not: Test Cases/DISPENSARY TEST CASES/TC_DP_013 Verify Schedule 1 Dispensary To CMS Request Are Working Successfully Or Not FAILED because (of) Unable to get text of object 'Object Repository/DispensaryToCms/Page_Dispensary Store/font_PRNO18052018174' (Root cause: com.kms.katalon.core.webui.exception.WebElementNotFoundException: Web element with id: 'Object Repository/DispensaryToCms/Page_Dispensary Store/font_PRNO18052018174' located by 'By.xpath: /html[1]/body[@class="skin-blue  pace-done modal-open"]/div[@class="bootbox modal fade bootbox-alert in"]/div[@class="modal-dialog"]/div[@class="modal-content"]/div[@class="modal-body"]/div[@class="bootbox-body"]/b[1]/font[1]' not found)

2018-05-31 14:55:08 - [TEST_STEP][PASSED] - openBrowser: Browser is opened with url: ''

2018-05-31 14:55:12 - [MESSAGE][PASSED] - Browser is opened with url: ''

2018-05-31 14:55:12 - [TEST_STEP][PASSED] - navigateToUrl: Navigate to 'http://192.168.137.1/multihospital_new/HDSplashscreen.aspx' successfully

2018-05-31 14:55:14 - [MESSAGE][PASSED] - Navigate to 'http://192.168.137.1/multihospital_new/HDSplashscreen.aspx' successfully

2018-05-31 14:55:14 - [TEST_STEP][PASSED] - maximizeWindow: Current window maximized

2018-05-31 14:55:15 - [MESSAGE][PASSED] - Current window maximized

2018-05-31 14:55:15 - [TEST_STEP][PASSED] - click: Object: 'Object Repository/DispensaryToCms/Page_KDMC/a_Dispensary Store' is clicked on

2018-05-31 14:55:16 - [MESSAGE][PASSED] - Object: 'Object Repository/DispensaryToCms/Page_KDMC/a_Dispensary Store' is clicked on

2018-05-31 14:55:16 - [TEST_STEP][PASSED] - setText: Text 'rajaram' is set on object 'Object Repository/DispensaryToCms/Page_Dispensary Store Login/input_txtusername'

2018-05-31 14:55:16 - [MESSAGE][PASSED] - Text 'rajaram' is set on object 'Object Repository/DispensaryToCms/Page_Dispensary Store Login/input_txtusername'

2018-05-31 14:55:16 - [TEST_STEP][PASSED] - setText: Text '123' is set on object 'Object Repository/DispensaryToCms/Page_Dispensary Store Login/input_txtpassword'

2018-05-31 14:55:17 - [MESSAGE][PASSED] - Text '123' is set on object 'Object Repository/DispensaryToCms/Page_Dispensary Store Login/input_txtpassword'

2018-05-31 14:55:17 - [TEST_STEP][PASSED] - delay: Delayed 3 second(s)

2018-05-31 14:55:20 - [MESSAGE][PASSED] - Delayed 3 second(s)

2018-05-31 14:55:20 - [TEST_STEP][PASSED] - click: Object: 'Object Repository/DispensaryToCms/Page_Dispensary Store Login/button_Sign in' is clicked on

2018-05-31 14:55:21 - [MESSAGE][PASSED] - Object: 'Object Repository/DispensaryToCms/Page_Dispensary Store Login/button_Sign in' is clicked on

2018-05-31 14:55:21 - [TEST_STEP][PASSED] - delay: Delayed 3 second(s)

2018-05-31 14:55:24 - [MESSAGE][PASSED] - Delayed 3 second(s)

2018-05-31 14:55:24 - [TEST_STEP][PASSED] - click: Object: 'Object Repository/DispensaryToCms/Page_Dispensary Store/a_CMS' is clicked on

2018-05-31 14:55:24 - [MESSAGE][PASSED] - Object: 'Object Repository/DispensaryToCms/Page_Dispensary Store/a_CMS' is clicked on

2018-05-31 14:55:24 - [TEST_STEP][PASSED] - delay: Delayed 2 second(s)

2018-05-31 14:55:26 - [MESSAGE][PASSED] - Delayed 2 second(s)

2018-05-31 14:55:26 - [TEST_STEP][PASSED] - click: Object: 'Object Repository/DispensaryToCms/Page_Dispensary Store/a_Request Send' is clicked on

2018-05-31 14:55:26 - [MESSAGE][PASSED] - Object: 'Object Repository/DispensaryToCms/Page_Dispensary Store/a_Request Send' is clicked on

2018-05-31 14:55:26 - [TEST_STEP][PASSED] - delay: Delayed 2 second(s)

2018-05-31 14:55:28 - [MESSAGE][PASSED] - Delayed 2 second(s)

2018-05-31 14:55:28 - [TEST_STEP][PASSED] - selectOptionByIndex: All options with index in [2] are selected on object 'Object Repository/DispensaryToCms/Page_Dispensary Store/select_--Select--'

2018-05-31 14:55:29 - [MESSAGE][PASSED] - All options with index in [2] are selected on object 'Object Repository/DispensaryToCms/Page_Dispensary Store/select_--Select--'

2018-05-31 14:55:29 - [TEST_STEP][PASSED] - selectOptionByIndex: All options with index in [1] are selected on object 'Object Repository/DispensaryToCms/Page_Dispensary Store/select_--Select--Schedule 1Inj'

2018-05-31 14:55:29 - [MESSAGE][PASSED] - All options with index in [1] are selected on object 'Object Repository/DispensaryToCms/Page_Dispensary Store/select_--Select--Schedule 1Inj'

2018-05-31 14:55:29 - [TEST_STEP][PASSED] - Statement - medicineslength = com.kms.katalon.core.webui.keyword.WebUiBuiltInKeywords.getNumberOfTotalOption(com.kms.katalon.core.testobject.ObjectRepository.findTestObject(DispensaryToCms/Page_Dispensary Store/select_--Select--Adernaline 0.)): 63 options of object 'Object Repository/DispensaryToCms/Page_Dispensary Store/select_--Select--Adernaline 0.' counted

2018-05-31 14:55:29 - [MESSAGE][PASSED] - 63 options of object 'Object Repository/DispensaryToCms/Page_Dispensary Store/select_--Select--Adernaline 0.' counted

2018-05-31 14:55:29 - [TEST_STEP][PASSED] - Statement - For ([e = 1, e <= medicineslength - 1, (e++)]): Delayed 1 second(s)

2018-05-31 14:55:29 - [TEST_STEP][PASSED] - selectOptionByIndex: All options with index in [1] are selected on object 'Object Repository/DispensaryToCms/Page_Dispensary Store/select_--Select--Schedule 1Inj'

2018-05-31 14:55:29 - [MESSAGE][PASSED] - All options with index in [1] are selected on object 'Object Repository/DispensaryToCms/Page_Dispensary Store/select_--Select--Schedule 1Inj'

2018-05-31 14:55:29 - [TEST_STEP][PASSED] - delay: Delayed 1 second(s)

2018-05-31 14:55:30 - [MESSAGE][PASSED] - Delayed 1 second(s)

2018-05-31 14:55:30 - [TEST_STEP][PASSED] - selectOptionByIndex: All options with index in [1] are selected on object 'Object Repository/DispensaryToCms/Page_Dispensary Store/select_--Select--Adernaline 0.'

2018-05-31 14:55:30 - [MESSAGE][PASSED] - All options with index in [1] are selected on object 'Object Repository/DispensaryToCms/Page_Dispensary Store/select_--Select--Adernaline 0.'

2018-05-31 14:55:30 - [TEST_STEP][PASSED] - setText: Text '100' is set on object 'Object Repository/DispensaryToCms/Page_Dispensary Store/input_txttreat'

2018-05-31 14:55:30 - [MESSAGE][PASSED] - Text '100' is set on object 'Object Repository/DispensaryToCms/Page_Dispensary Store/input_txttreat'

2018-05-31 14:55:30 - [TEST_STEP][PASSED] - click: Object: 'Object Repository/DispensaryToCms/Page_Dispensary Store/button_Add' is clicked on

2018-05-31 14:55:35 - [MESSAGE][PASSED] - Object: 'Object Repository/DispensaryToCms/Page_Dispensary Store/button_Add' is clicked on

2018-05-31 14:55:35 - [TEST_STEP][PASSED] - delay: Delayed 1 second(s)

2018-05-31 14:55:36 - [MESSAGE][PASSED] - Delayed 1 second(s)

2018-05-31 14:55:36 - [TEST_STEP][PASSED] - selectOptionByIndex: All options with index in [1] are selected on object 'Object Repository/DispensaryToCms/Page_Dispensary Store/select_--Select--Schedule 1Inj'

2018-05-31 14:55:36 - [MESSAGE][PASSED] - All options with index in [1] are selected on object 'Object Repository/DispensaryToCms/Page_Dispensary Store/select_--Select--Schedule 1Inj'

2018-05-31 14:55:36 - [TEST_STEP][PASSED] - delay: Delayed 1 second(s)

2018-05-31 14:55:37 - [MESSAGE][PASSED] - Delayed 1 second(s)

2018-05-31 14:55:37 - [TEST_STEP][PASSED] - selectOptionByIndex: All options with index in [2] are selected on object 'Object Repository/DispensaryToCms/Page_Dispensary Store/select_--Select--Adernaline 0.'

2018-05-31 14:55:38 - [MESSAGE][PASSED] - All options with index in [2] are selected on object 'Object Repository/DispensaryToCms/Page_Dispensary Store/select_--Select--Adernaline 0.'

2018-05-31 14:55:38 - [TEST_STEP][PASSED] - setText: Text '100' is set on object 'Object Repository/DispensaryToCms/Page_Dispensary Store/input_txttreat'

2018-05-31 14:55:38 - [MESSAGE][PASSED] - Text '100' is set on object 'Object Repository/DispensaryToCms/Page_Dispensary Store/input_txttreat'

2018-05-31 14:55:38 - [TEST_STEP][PASSED] - click: Object: 'Object Repository/DispensaryToCms/Page_Dispensary Store/button_Add' is clicked on

2018-05-31 14:55:43 - [MESSAGE][PASSED] - Object: 'Object Repository/DispensaryToCms/Page_Dispensary Store/button_Add' is clicked on

2018-05-31 14:55:43 - [TEST_STEP][PASSED] - delay: Delayed 1 second(s)

2018-05-31 14:55:44 - [MESSAGE][PASSED] - Delayed 1 second(s)

2018-05-31 14:55:44 - [TEST_STEP][PASSED] - selectOptionByIndex: All options with index in [1] are selected on object 'Object Repository/DispensaryToCms/Page_Dispensary Store/select_--Select--Schedule 1Inj'

2018-05-31 14:55:44 - [MESSAGE][PASSED] - All options with index in [1] are selected on object 'Object Repository/DispensaryToCms/Page_Dispensary Store/select_--Select--Schedule 1Inj'

2018-05-31 14:55:44 - [TEST_STEP][PASSED] - delay: Delayed 1 second(s)

2018-05-31 14:55:45 - [MESSAGE][PASSED] - Delayed 1 second(s)

2018-05-31 14:55:45 - [TEST_STEP][PASSED] - selectOptionByIndex: All options with index in [3] are selected on object 'Object Repository/DispensaryToCms/Page_Dispensary Store/select_--Select--Adernaline 0.'

2018-05-31 14:55:45 - [MESSAGE][PASSED] - All options with index in [3] are selected on object 'Object Repository/DispensaryToCms/Page_Dispensary Store/select_--Select--Adernaline 0.'

2018-05-31 14:55:45 - [TEST_STEP][PASSED] - setText: Text '100' is set on object 'Object Repository/DispensaryToCms/Page_Dispensary Store/input_txttreat'

2018-05-31 14:55:45 - [MESSAGE][PASSED] - Text '100' is set on object 'Object Repository/DispensaryToCms/Page_Dispensary Store/input_txttreat'

2018-05-31 14:55:45 - [TEST_STEP][PASSED] - click: Object: 'Object Repository/DispensaryToCms/Page_Dispensary Store/button_Add' is clicked on

2018-05-31 14:55:50 - [MESSAGE][PASSED] - Object: 'Object Repository/DispensaryToCms/Page_Dispensary Store/button_Add' is clicked on

2018-05-31 14:55:50 - [TEST_STEP][PASSED] - delay: Delayed 1 second(s)

2018-05-31 14:55:51 - [MESSAGE][PASSED] - Delayed 1 second(s)

2018-05-31 14:55:51 - [TEST_STEP][PASSED] - selectOptionByIndex: All options with index in [1] are selected on object 'Object Repository/DispensaryToCms/Page_Dispensary Store/select_--Select--Schedule 1Inj'

2018-05-31 14:55:51 - [MESSAGE][PASSED] - All options with index in [1] are selected on object 'Object Repository/DispensaryToCms/Page_Dispensary Store/select_--Select--Schedule 1Inj'

2018-05-31 14:55:51 - [TEST_STEP][PASSED] - delay: Delayed 1 second(s)

2018-05-31 14:55:52 - [MESSAGE][PASSED] - Delayed 1 second(s)

2018-05-31 14:55:52 - [TEST_STEP][PASSED] - selectOptionByIndex: All options with index in [4] are selected on object 'Object Repository/DispensaryToCms/Page_Dispensary Store/select_--Select--Adernaline 0.'

2018-05-31 14:55:53 - [MESSAGE][PASSED] - All options with index in [4] are selected on object 'Object Repository/DispensaryToCms/Page_Dispensary Store/select_--Select--Adernaline 0.'

2018-05-31 14:55:53 - [TEST_STEP][PASSED] - setText: Text '100' is set on object 'Object Repository/DispensaryToCms/Page_Dispensary Store/input_txttreat'

2018-05-31 14:55:53 - [MESSAGE][PASSED] - Text '100' is set on object 'Object Repository/DispensaryToCms/Page_Dispensary Store/input_txttreat'

2018-05-31 14:55:53 - [TEST_STEP][PASSED] - click: Object: 'Object Repository/DispensaryToCms/Page_Dispensary Store/button_Add' is clicked on

2018-05-31 14:55:58 - [MESSAGE][PASSED] - Object: 'Object Repository/DispensaryToCms/Page_Dispensary Store/button_Add' is clicked on

2018-05-31 14:55:58 - [TEST_STEP][PASSED] - delay: Delayed 1 second(s)

2018-05-31 14:55:59 - [MESSAGE][PASSED] - Delayed 1 second(s)

2018-05-31 14:55:59 - [TEST_STEP][PASSED] - selectOptionByIndex: All options with index in [1] are selected on object 'Object Repository/DispensaryToCms/Page_Dispensary Store/select_--Select--Schedule 1Inj'

2018-05-31 14:55:59 - [MESSAGE][PASSED] - All options with index in [1] are selected on object 'Object Repository/DispensaryToCms/Page_Dispensary Store/select_--Select--Schedule 1Inj'

2018-05-31 14:55:59 - [TEST_STEP][PASSED] - delay: Delayed 1 second(s)

2018-05-31 14:56:00 - [MESSAGE][PASSED] - Delayed 1 second(s)

2018-05-31 14:56:00 - [TEST_STEP][PASSED] - selectOptionByIndex: All options with index in [5] are selected on object 'Object Repository/DispensaryToCms/Page_Dispensary Store/select_--Select--Adernaline 0.'

2018-05-31 14:56:00 - [MESSAGE][PASSED] - All options with index in [5] are selected on object 'Object Repository/DispensaryToCms/Page_Dispensary Store/select_--Select--Adernaline 0.'

2018-05-31 14:56:00 - [TEST_STEP][PASSED] - setText: Text '100' is set on object 'Object Repository/DispensaryToCms/Page_Dispensary Store/input_txttreat'

2018-05-31 14:56:00 - [MESSAGE][PASSED] - Text '100' is set on object 'Object Repository/DispensaryToCms/Page_Dispensary Store/input_txttreat'

2018-05-31 14:56:00 - [TEST_STEP][PASSED] - click: Object: 'Object Repository/DispensaryToCms/Page_Dispensary Store/button_Add' is clicked on

2018-05-31 14:56:05 - [MESSAGE][PASSED] - Object: 'Object Repository/DispensaryToCms/Page_Dispensary Store/button_Add' is clicked on

2018-05-31 14:56:05 - [TEST_STEP][PASSED] - delay: Delayed 1 second(s)

2018-05-31 14:56:06 - [MESSAGE][PASSED] - Delayed 1 second(s)

2018-05-31 14:56:06 - [TEST_STEP][PASSED] - selectOptionByIndex: All options with index in [1] are selected on object 'Object Repository/DispensaryToCms/Page_Dispensary Store/select_--Select--Schedule 1Inj'

2018-05-31 14:56:07 - [MESSAGE][PASSED] - All options with index in [1] are selected on object 'Object Repository/DispensaryToCms/Page_Dispensary Store/select_--Select--Schedule 1Inj'

2018-05-31 14:56:07 - [TEST_STEP][PASSED] - delay: Delayed 1 second(s)

2018-05-31 14:56:08 - [MESSAGE][PASSED] - Delayed 1 second(s)

2018-05-31 14:56:08 - [TEST_STEP][PASSED] - selectOptionByIndex: All options with index in [6] are selected on object 'Object Repository/DispensaryToCms/Page_Dispensary Store/select_--Select--Adernaline 0.'

2018-05-31 14:56:08 - [MESSAGE][PASSED] - All options with index in [6] are selected on object 'Object Repository/DispensaryToCms/Page_Dispensary Store/select_--Select--Adernaline 0.'

2018-05-31 14:56:08 - [TEST_STEP][PASSED] - setText: Text '100' is set on object 'Object Repository/DispensaryToCms/Page_Dispensary Store/input_txttreat'

2018-05-31 14:56:08 - [MESSAGE][PASSED] - Text '100' is set on object 'Object Repository/DispensaryToCms/Page_Dispensary Store/input_txttreat'

2018-05-31 14:56:08 - [TEST_STEP][PASSED] - click: Object: 'Object Repository/DispensaryToCms/Page_Dispensary Store/button_Add' is clicked on

2018-05-31 14:56:13 - [MESSAGE][PASSED] - Object: 'Object Repository/DispensaryToCms/Page_Dispensary Store/button_Add' is clicked on

2018-05-31 14:56:13 - [TEST_STEP][PASSED] - delay: Delayed 1 second(s)

2018-05-31 14:56:14 - [MESSAGE][PASSED] - Delayed 1 second(s)

2018-05-31 14:56:14 - [TEST_STEP][PASSED] - selectOptionByIndex: All options with index in [1] are selected on object 'Object Repository/DispensaryToCms/Page_Dispensary Store/select_--Select--Schedule 1Inj'

2018-05-31 14:56:14 - [MESSAGE][PASSED] - All options with index in [1] are selected on object 'Object Repository/DispensaryToCms/Page_Dispensary Store/select_--Select--Schedule 1Inj'

2018-05-31 14:56:14 - [TEST_STEP][PASSED] - delay: Delayed 1 second(s)

2018-05-31 14:56:15 - [MESSAGE][PASSED] - Delayed 1 second(s)

2018-05-31 14:56:15 - [TEST_STEP][PASSED] - selectOptionByIndex: All options with index in [7] are selected on object 'Object Repository/DispensaryToCms/Page_Dispensary Store/select_--Select--Adernaline 0.'

2018-05-31 14:56:15 - [MESSAGE][PASSED] - All options with index in [7] are selected on object 'Object Repository/DispensaryToCms/Page_Dispensary Store/select_--Select--Adernaline 0.'

2018-05-31 14:56:15 - [TEST_STEP][PASSED] - setText: Text '100' is set on object 'Object Repository/DispensaryToCms/Page_Dispensary Store/input_txttreat'

2018-05-31 14:56:15 - [MESSAGE][PASSED] - Text '100' is set on object 'Object Repository/DispensaryToCms/Page_Dispensary Store/input_txttreat'

2018-05-31 14:56:15 - [TEST_STEP][PASSED] - click: Object: 'Object Repository/DispensaryToCms/Page_Dispensary Store/button_Add' is clicked on

2018-05-31 14:56:20 - [MESSAGE][PASSED] - Object: 'Object Repository/DispensaryToCms/Page_Dispensary Store/button_Add' is clicked on

2018-05-31 14:56:20 - [TEST_STEP][PASSED] - delay: Delayed 1 second(s)

2018-05-31 14:56:21 - [MESSAGE][PASSED] - Delayed 1 second(s)

2018-05-31 14:56:21 - [TEST_STEP][PASSED] - selectOptionByIndex: All options with index in [1] are selected on object 'Object Repository/DispensaryToCms/Page_Dispensary Store/select_--Select--Schedule 1Inj'

2018-05-31 14:56:22 - [MESSAGE][PASSED] - All options with index in [1] are selected on object 'Object Repository/DispensaryToCms/Page_Dispensary Store/select_--Select--Schedule 1Inj'

2018-05-31 14:56:22 - [TEST_STEP][PASSED] - delay: Delayed 1 second(s)

2018-05-31 14:56:23 - [MESSAGE][PASSED] - Delayed 1 second(s)

2018-05-31 14:56:23 - [TEST_STEP][PASSED] - selectOptionByIndex: All options with index in [8] are selected on object 'Object Repository/DispensaryToCms/Page_Dispensary Store/select_--Select--Adernaline 0.'

2018-05-31 14:56:23 - [MESSAGE][PASSED] - All options with index in [8] are selected on object 'Object Repository/DispensaryToCms/Page_Dispensary Store/select_--Select--Adernaline 0.'

2018-05-31 14:56:23 - [TEST_STEP][PASSED] - setText: Text '100' is set on object 'Object Repository/DispensaryToCms/Page_Dispensary Store/input_txttreat'

2018-05-31 14:56:23 - [MESSAGE][PASSED] - Text '100' is set on object 'Object Repository/DispensaryToCms/Page_Dispensary Store/input_txttreat'

2018-05-31 14:56:23 - [TEST_STEP][PASSED] - click: Object: 'Object Repository/DispensaryToCms/Page_Dispensary Store/button_Add' is clicked on

2018-05-31 14:56:28 - [MESSAGE][PASSED] - Object: 'Object Repository/DispensaryToCms/Page_Dispensary Store/button_Add' is clicked on

2018-05-31 14:56:28 - [TEST_STEP][PASSED] - delay: Delayed 1 second(s)

2018-05-31 14:56:29 - [MESSAGE][PASSED] - Delayed 1 second(s)

2018-05-31 14:56:29 - [TEST_STEP][PASSED] - selectOptionByIndex: All options with index in [1] are selected on object 'Object Repository/DispensaryToCms/Page_Dispensary Store/select_--Select--Schedule 1Inj'

2018-05-31 14:56:29 - [MESSAGE][PASSED] - All options with index in [1] are selected on object 'Object Repository/DispensaryToCms/Page_Dispensary Store/select_--Select--Schedule 1Inj'

2018-05-31 14:56:29 - [TEST_STEP][PASSED] - delay: Delayed 1 second(s)

2018-05-31 14:56:30 - [MESSAGE][PASSED] - Delayed 1 second(s)

2018-05-31 14:56:30 - [TEST_STEP][PASSED] - selectOptionByIndex: All options with index in [9] are selected on object 'Object Repository/DispensaryToCms/Page_Dispensary Store/select_--Select--Adernaline 0.'

2018-05-31 14:56:30 - [MESSAGE][PASSED] - All options with index in [9] are selected on object 'Object Repository/DispensaryToCms/Page_Dispensary Store/select_--Select--Adernaline 0.'

2018-05-31 14:56:30 - [TEST_STEP][PASSED] - setText: Text '100' is set on object 'Object Repository/DispensaryToCms/Page_Dispensary Store/input_txttreat'

2018-05-31 14:56:30 - [MESSAGE][PASSED] - Text '100' is set on object 'Object Repository/DispensaryToCms/Page_Dispensary Store/input_txttreat'

2018-05-31 14:56:30 - [TEST_STEP][PASSED] - click: Object: 'Object Repository/DispensaryToCms/Page_Dispensary Store/button_Add' is clicked on

2018-05-31 14:56:36 - [MESSAGE][PASSED] - Object: 'Object Repository/DispensaryToCms/Page_Dispensary Store/button_Add' is clicked on

2018-05-31 14:56:36 - [TEST_STEP][PASSED] - delay: Delayed 1 second(s)

2018-05-31 14:56:37 - [MESSAGE][PASSED] - Delayed 1 second(s)

2018-05-31 14:56:37 - [TEST_STEP][PASSED] - selectOptionByIndex: All options with index in [1] are selected on object 'Object Repository/DispensaryToCms/Page_Dispensary Store/select_--Select--Schedule 1Inj'

2018-05-31 14:56:37 - [MESSAGE][PASSED] - All options with index in [1] are selected on object 'Object Repository/DispensaryToCms/Page_Dispensary Store/select_--Select--Schedule 1Inj'

2018-05-31 14:56:37 - [TEST_STEP][PASSED] - delay: Delayed 1 second(s)

2018-05-31 14:56:38 - [MESSAGE][PASSED] - Delayed 1 second(s)

2018-05-31 14:56:38 - [TEST_STEP][PASSED] - selectOptionByIndex: All options with index in [10] are selected on object 'Object Repository/DispensaryToCms/Page_Dispensary Store/select_--Select--Adernaline 0.'

2018-05-31 14:56:38 - [MESSAGE][PASSED] - All options with index in [10] are selected on object 'Object Repository/DispensaryToCms/Page_Dispensary Store/select_--Select--Adernaline 0.'

2018-05-31 14:56:38 - [TEST_STEP][PASSED] - setText: Text '100' is set on object 'Object Repository/DispensaryToCms/Page_Dispensary Store/input_txttreat'

2018-05-31 14:56:38 - [MESSAGE][PASSED] - Text '100' is set on object 'Object Repository/DispensaryToCms/Page_Dispensary Store/input_txttreat'

2018-05-31 14:56:38 - [TEST_STEP][PASSED] - click: Object: 'Object Repository/DispensaryToCms/Page_Dispensary Store/button_Add' is clicked on

2018-05-31 14:56:43 - [MESSAGE][PASSED] - Object: 'Object Repository/DispensaryToCms/Page_Dispensary Store/button_Add' is clicked on

2018-05-31 14:56:43 - [TEST_STEP][PASSED] - delay: Delayed 1 second(s)

2018-05-31 14:56:44 - [MESSAGE][PASSED] - Delayed 1 second(s)

2018-05-31 14:56:44 - [TEST_STEP][PASSED] - selectOptionByIndex: All options with index in [1] are selected on object 'Object Repository/DispensaryToCms/Page_Dispensary Store/select_--Select--Schedule 1Inj'

2018-05-31 14:56:44 - [MESSAGE][PASSED] - All options with index in [1] are selected on object 'Object Repository/DispensaryToCms/Page_Dispensary Store/select_--Select--Schedule 1Inj'

2018-05-31 14:56:44 - [TEST_STEP][PASSED] - delay: Delayed 1 second(s)

2018-05-31 14:56:45 - [MESSAGE][PASSED] - Delayed 1 second(s)

2018-05-31 14:56:45 - [TEST_STEP][PASSED] - selectOptionByIndex: All options with index in [11] are selected on object 'Object Repository/DispensaryToCms/Page_Dispensary Store/select_--Select--Adernaline 0.'

2018-05-31 14:56:46 - [MESSAGE][PASSED] - All options with index in [11] are selected on object 'Object Repository/DispensaryToCms/Page_Dispensary Store/select_--Select--Adernaline 0.'

2018-05-31 14:56:46 - [TEST_STEP][PASSED] - setText: Text '100' is set on object 'Object Repository/DispensaryToCms/Page_Dispensary Store/input_txttreat'

2018-05-31 14:56:46 - [MESSAGE][PASSED] - Text '100' is set on object 'Object Repository/DispensaryToCms/Page_Dispensary Store/input_txttreat'

2018-05-31 14:56:46 - [TEST_STEP][PASSED] - click: Object: 'Object Repository/DispensaryToCms/Page_Dispensary Store/button_Add' is clicked on

2018-05-31 14:56:51 - [MESSAGE][PASSED] - Object: 'Object Repository/DispensaryToCms/Page_Dispensary Store/button_Add' is clicked on

2018-05-31 14:56:51 - [TEST_STEP][PASSED] - delay: Delayed 1 second(s)

2018-05-31 14:56:52 - [MESSAGE][PASSED] - Delayed 1 second(s)

2018-05-31 14:56:52 - [TEST_STEP][PASSED] - selectOptionByIndex: All options with index in [1] are selected on object 'Object Repository/DispensaryToCms/Page_Dispensary Store/select_--Select--Schedule 1Inj'

2018-05-31 14:56:52 - [MESSAGE][PASSED] - All options with index in [1] are selected on object 'Object Repository/DispensaryToCms/Page_Dispensary Store/select_--Select--Schedule 1Inj'

2018-05-31 14:56:52 - [TEST_STEP][PASSED] - delay: Delayed 1 second(s)

2018-05-31 14:56:53 - [MESSAGE][PASSED] - Delayed 1 second(s)

2018-05-31 14:56:53 - [TEST_STEP][PASSED] - selectOptionByIndex: All options with index in [12] are selected on object 'Object Repository/DispensaryToCms/Page_Dispensary Store/select_--Select--Adernaline 0.'

2018-05-31 14:56:53 - [MESSAGE][PASSED] - All options with index in [12] are selected on object 'Object Repository/DispensaryToCms/Page_Dispensary Store/select_--Select--Adernaline 0.'

2018-05-31 14:56:53 - [TEST_STEP][PASSED] - setText: Text '100' is set on object 'Object Repository/DispensaryToCms/Page_Dispensary Store/input_txttreat'

2018-05-31 14:56:53 - [MESSAGE][PASSED] - Text '100' is set on object 'Object Repository/DispensaryToCms/Page_Dispensary Store/input_txttreat'

2018-05-31 14:56:53 - [TEST_STEP][PASSED] - click: Object: 'Object Repository/DispensaryToCms/Page_Dispensary Store/button_Add' is clicked on

2018-05-31 14:56:58 - [MESSAGE][PASSED] - Object: 'Object Repository/DispensaryToCms/Page_Dispensary Store/button_Add' is clicked on

2018-05-31 14:56:58 - [TEST_STEP][PASSED] - delay: Delayed 1 second(s)

2018-05-31 14:56:59 - [MESSAGE][PASSED] - Delayed 1 second(s)

2018-05-31 14:56:59 - [TEST_STEP][PASSED] - selectOptionByIndex: All options with index in [1] are selected on object 'Object Repository/DispensaryToCms/Page_Dispensary Store/select_--Select--Schedule 1Inj'

2018-05-31 14:56:59 - [MESSAGE][PASSED] - All options with index in [1] are selected on object 'Object Repository/DispensaryToCms/Page_Dispensary Store/select_--Select--Schedule 1Inj'

2018-05-31 14:56:59 - [TEST_STEP][PASSED] - delay: Delayed 1 second(s)

2018-05-31 14:57:00 - [MESSAGE][PASSED] - Delayed 1 second(s)

2018-05-31 14:57:00 - [TEST_STEP][PASSED] - selectOptionByIndex: All options with index in [13] are selected on object 'Object Repository/DispensaryToCms/Page_Dispensary Store/select_--Select--Adernaline 0.'

2018-05-31 14:57:01 - [MESSAGE][PASSED] - All options with index in [13] are selected on object 'Object Repository/DispensaryToCms/Page_Dispensary Store/select_--Select--Adernaline 0.'

2018-05-31 14:57:01 - [TEST_STEP][PASSED] - setText: Text '100' is set on object 'Object Repository/DispensaryToCms/Page_Dispensary Store/input_txttreat'

2018-05-31 14:57:01 - [MESSAGE][PASSED] - Text '100' is set on object 'Object Repository/DispensaryToCms/Page_Dispensary Store/input_txttreat'

2018-05-31 14:57:01 - [TEST_STEP][PASSED] - click: Object: 'Object Repository/DispensaryToCms/Page_Dispensary Store/button_Add' is clicked on

2018-05-31 14:57:06 - [MESSAGE][PASSED] - Object: 'Object Repository/DispensaryToCms/Page_Dispensary Store/button_Add' is clicked on

2018-05-31 14:57:06 - [TEST_STEP][PASSED] - delay: Delayed 1 second(s)

2018-05-31 14:57:07 - [MESSAGE][PASSED] - Delayed 1 second(s)

2018-05-31 14:57:07 - [TEST_STEP][PASSED] - selectOptionByIndex: All options with index in [1] are selected on object 'Object Repository/DispensaryToCms/Page_Dispensary Store/select_--Select--Schedule 1Inj'

2018-05-31 14:57:07 - [MESSAGE][PASSED] - All options with index in [1] are selected on object 'Object Repository/DispensaryToCms/Page_Dispensary Store/select_--Select--Schedule 1Inj'

2018-05-31 14:57:07 - [TEST_STEP][PASSED] - delay: Delayed 1 second(s)

2018-05-31 14:57:08 - [MESSAGE][PASSED] - Delayed 1 second(s)

2018-05-31 14:57:08 - [TEST_STEP][PASSED] - selectOptionByIndex: All options with index in [14] are selected on object 'Object Repository/DispensaryToCms/Page_Dispensary Store/select_--Select--Adernaline 0.'

2018-05-31 14:57:08 - [MESSAGE][PASSED] - All options with index in [14] are selected on object 'Object Repository/DispensaryToCms/Page_Dispensary Store/select_--Select--Adernaline 0.'

2018-05-31 14:57:08 - [TEST_STEP][PASSED] - setText: Text '100' is set on object 'Object Repository/DispensaryToCms/Page_Dispensary Store/input_txttreat'

2018-05-31 14:57:08 - [MESSAGE][PASSED] - Text '100' is set on object 'Object Repository/DispensaryToCms/Page_Dispensary Store/input_txttreat'

2018-05-31 14:57:08 - [TEST_STEP][PASSED] - click: Object: 'Object Repository/DispensaryToCms/Page_Dispensary Store/button_Add' is clicked on

2018-05-31 14:57:14 - [MESSAGE][PASSED] - Object: 'Object Repository/DispensaryToCms/Page_Dispensary Store/button_Add' is clicked on

2018-05-31 14:57:14 - [TEST_STEP][PASSED] - delay: Delayed 1 second(s)

2018-05-31 14:57:15 - [MESSAGE][PASSED] - Delayed 1 second(s)

2018-05-31 14:57:15 - [TEST_STEP][PASSED] - selectOptionByIndex: All options with index in [1] are selected on object 'Object Repository/DispensaryToCms/Page_Dispensary Store/select_--Select--Schedule 1Inj'

2018-05-31 14:57:15 - [MESSAGE][PASSED] - All options with index in [1] are selected on object 'Object Repository/DispensaryToCms/Page_Dispensary Store/select_--Select--Schedule 1Inj'

2018-05-31 14:57:15 - [TEST_STEP][PASSED] - delay: Delayed 1 second(s)

2018-05-31 14:57:16 - [MESSAGE][PASSED] - Delayed 1 second(s)

2018-05-31 14:57:16 - [TEST_STEP][PASSED] - selectOptionByIndex: All options with index in [15] are selected on object 'Object Repository/DispensaryToCms/Page_Dispensary Store/select_--Select--Adernaline 0.'

2018-05-31 14:57:16 - [MESSAGE][PASSED] - All options with index in [15] are selected on object 'Object Repository/DispensaryToCms/Page_Dispensary Store/select_--Select--Adernaline 0.'

2018-05-31 14:57:16 - [TEST_STEP][PASSED] - setText: Text '100' is set on object 'Object Repository/DispensaryToCms/Page_Dispensary Store/input_txttreat'

2018-05-31 14:57:16 - [MESSAGE][PASSED] - Text '100' is set on object 'Object Repository/DispensaryToCms/Page_Dispensary Store/input_txttreat'

2018-05-31 14:57:16 - [TEST_STEP][PASSED] - click: Object: 'Object Repository/DispensaryToCms/Page_Dispensary Store/button_Add' is clicked on

2018-05-31 14:57:21 - [MESSAGE][PASSED] - Object: 'Object Repository/DispensaryToCms/Page_Dispensary Store/button_Add' is clicked on

2018-05-31 14:57:21 - [TEST_STEP][PASSED] - delay: Delayed 1 second(s)

2018-05-31 14:57:22 - [MESSAGE][PASSED] - Delayed 1 second(s)

2018-05-31 14:57:22 - [TEST_STEP][PASSED] - selectOptionByIndex: All options with index in [1] are selected on object 'Object Repository/DispensaryToCms/Page_Dispensary Store/select_--Select--Schedule 1Inj'

2018-05-31 14:57:22 - [MESSAGE][PASSED] - All options with index in [1] are selected on object 'Object Repository/DispensaryToCms/Page_Dispensary Store/select_--Select--Schedule 1Inj'

2018-05-31 14:57:22 - [TEST_STEP][PASSED] - delay: Delayed 1 second(s)

2018-05-31 14:57:23 - [MESSAGE][PASSED] - Delayed 1 second(s)

2018-05-31 14:57:23 - [TEST_STEP][PASSED] - selectOptionByIndex: All options with index in [16] are selected on object 'Object Repository/DispensaryToCms/Page_Dispensary Store/select_--Select--Adernaline 0.'

2018-05-31 14:57:24 - [MESSAGE][PASSED] - All options with index in [16] are selected on object 'Object Repository/DispensaryToCms/Page_Dispensary Store/select_--Select--Adernaline 0.'

2018-05-31 14:57:24 - [TEST_STEP][PASSED] - setText: Text '100' is set on object 'Object Repository/DispensaryToCms/Page_Dispensary Store/input_txttreat'

2018-05-31 14:57:24 - [MESSAGE][PASSED] - Text '100' is set on object 'Object Repository/DispensaryToCms/Page_Dispensary Store/input_txttreat'

2018-05-31 14:57:24 - [TEST_STEP][PASSED] - click: Object: 'Object Repository/DispensaryToCms/Page_Dispensary Store/button_Add' is clicked on

2018-05-31 14:57:29 - [MESSAGE][PASSED] - Object: 'Object Repository/DispensaryToCms/Page_Dispensary Store/button_Add' is clicked on

2018-05-31 14:57:29 - [TEST_STEP][PASSED] - delay: Delayed 1 second(s)

2018-05-31 14:57:30 - [MESSAGE][PASSED] - Delayed 1 second(s)

2018-05-31 14:57:30 - [TEST_STEP][PASSED] - selectOptionByIndex: All options with index in [1] are selected on object 'Object Repository/DispensaryToCms/Page_Dispensary Store/select_--Select--Schedule 1Inj'

2018-05-31 14:57:30 - [MESSAGE][PASSED] - All options with index in [1] are selected on object 'Object Repository/DispensaryToCms/Page_Dispensary Store/select_--Select--Schedule 1Inj'

2018-05-31 14:57:30 - [TEST_STEP][PASSED] - delay: Delayed 1 second(s)

2018-05-31 14:57:31 - [MESSAGE][PASSED] - Delayed 1 second(s)

2018-05-31 14:57:31 - [TEST_STEP][PASSED] - selectOptionByIndex: All options with index in [17] are selected on object 'Object Repository/DispensaryToCms/Page_Dispensary Store/select_--Select--Adernaline 0.'

2018-05-31 14:57:31 - [MESSAGE][PASSED] - All options with index in [17] are selected on object 'Object Repository/DispensaryToCms/Page_Dispensary Store/select_--Select--Adernaline 0.'

2018-05-31 14:57:31 - [TEST_STEP][PASSED] - setText: Text '100' is set on object 'Object Repository/DispensaryToCms/Page_Dispensary Store/input_txttreat'

2018-05-31 14:57:31 - [MESSAGE][PASSED] - Text '100' is set on object 'Object Repository/DispensaryToCms/Page_Dispensary Store/input_txttreat'

2018-05-31 14:57:31 - [TEST_STEP][PASSED] - click: Object: 'Object Repository/DispensaryToCms/Page_Dispensary Store/button_Add' is clicked on

2018-05-31 14:57:36 - [MESSAGE][PASSED] - Object: 'Object Repository/DispensaryToCms/Page_Dispensary Store/button_Add' is clicked on

2018-05-31 14:57:36 - [TEST_STEP][PASSED] - delay: Delayed 1 second(s)

2018-05-31 14:57:37 - [MESSAGE][PASSED] - Delayed 1 second(s)

2018-05-31 14:57:37 - [TEST_STEP][PASSED] - selectOptionByIndex: All options with index in [1] are selected on object 'Object Repository/DispensaryToCms/Page_Dispensary Store/select_--Select--Schedule 1Inj'

2018-05-31 14:57:38 - [MESSAGE][PASSED] - All options with index in [1] are selected on object 'Object Repository/DispensaryToCms/Page_Dispensary Store/select_--Select--Schedule 1Inj'

2018-05-31 14:57:38 - [TEST_STEP][PASSED] - delay: Delayed 1 second(s)

2018-05-31 14:57:39 - [MESSAGE][PASSED] - Delayed 1 second(s)

2018-05-31 14:57:39 - [TEST_STEP][PASSED] - selectOptionByIndex: All options with index in [18] are selected on object 'Object Repository/DispensaryToCms/Page_Dispensary Store/select_--Select--Adernaline 0.'

2018-05-31 14:57:39 - [MESSAGE][PASSED] - All options with index in [18] are selected on object 'Object Repository/DispensaryToCms/Page_Dispensary Store/select_--Select--Adernaline 0.'

2018-05-31 14:57:39 - [TEST_STEP][PASSED] - setText: Text '100' is set on object 'Object Repository/DispensaryToCms/Page_Dispensary Store/input_txttreat'

2018-05-31 14:57:39 - [MESSAGE][PASSED] - Text '100' is set on object 'Object Repository/DispensaryToCms/Page_Dispensary Store/input_txttreat'

2018-05-31 14:57:39 - [TEST_STEP][PASSED] - click: Object: 'Object Repository/DispensaryToCms/Page_Dispensary Store/button_Add' is clicked on

2018-05-31 14:57:44 - [MESSAGE][PASSED] - Object: 'Object Repository/DispensaryToCms/Page_Dispensary Store/button_Add' is clicked on

2018-05-31 14:57:44 - [TEST_STEP][PASSED] - delay: Delayed 1 second(s)

2018-05-31 14:57:45 - [MESSAGE][PASSED] - Delayed 1 second(s)

2018-05-31 14:57:45 - [TEST_STEP][PASSED] - selectOptionByIndex: All options with index in [1] are selected on object 'Object Repository/DispensaryToCms/Page_Dispensary Store/select_--Select--Schedule 1Inj'

2018-05-31 14:57:45 - [MESSAGE][PASSED] - All options with index in [1] are selected on object 'Object Repository/DispensaryToCms/Page_Dispensary Store/select_--Select--Schedule 1Inj'

2018-05-31 14:57:45 - [TEST_STEP][PASSED] - delay: Delayed 1 second(s)

2018-05-31 14:57:46 - [MESSAGE][PASSED] - Delayed 1 second(s)

2018-05-31 14:57:46 - [TEST_STEP][PASSED] - selectOptionByIndex: All options with index in [19] are selected on object 'Object Repository/DispensaryToCms/Page_Dispensary Store/select_--Select--Adernaline 0.'

2018-05-31 14:57:47 - [MESSAGE][PASSED] - All options with index in [19] are selected on object 'Object Repository/DispensaryToCms/Page_Dispensary Store/select_--Select--Adernaline 0.'

2018-05-31 14:57:47 - [TEST_STEP][PASSED] - setText: Text '100' is set on object 'Object Repository/DispensaryToCms/Page_Dispensary Store/input_txttreat'

2018-05-31 14:57:47 - [MESSAGE][PASSED] - Text '100' is set on object 'Object Repository/DispensaryToCms/Page_Dispensary Store/input_txttreat'

2018-05-31 14:57:47 - [TEST_STEP][PASSED] - click: Object: 'Object Repository/DispensaryToCms/Page_Dispensary Store/button_Add' is clicked on

2018-05-31 14:57:52 - [MESSAGE][PASSED] - Object: 'Object Repository/DispensaryToCms/Page_Dispensary Store/button_Add' is clicked on

2018-05-31 14:57:52 - [TEST_STEP][PASSED] - delay: Delayed 1 second(s)

2018-05-31 14:57:53 - [MESSAGE][PASSED] - Delayed 1 second(s)

2018-05-31 14:57:53 - [TEST_STEP][PASSED] - selectOptionByIndex: All options with index in [1] are selected on object 'Object Repository/DispensaryToCms/Page_Dispensary Store/select_--Select--Schedule 1Inj'

2018-05-31 14:57:53 - [MESSAGE][PASSED] - All options with index in [1] are selected on object 'Object Repository/DispensaryToCms/Page_Dispensary Store/select_--Select--Schedule 1Inj'

2018-05-31 14:57:53 - [TEST_STEP][PASSED] - delay: Delayed 1 second(s)

2018-05-31 14:57:54 - [MESSAGE][PASSED] - Delayed 1 second(s)

2018-05-31 14:57:54 - [TEST_STEP][PASSED] - selectOptionByIndex: All options with index in [20] are selected on object 'Object Repository/DispensaryToCms/Page_Dispensary Store/select_--Select--Adernaline 0.'

2018-05-31 14:57:54 - [MESSAGE][PASSED] - All options with index in [20] are selected on object 'Object Repository/DispensaryToCms/Page_Dispensary Store/select_--Select--Adernaline 0.'

2018-05-31 14:57:54 - [TEST_STEP][PASSED] - setText: Text '100' is set on object 'Object Repository/DispensaryToCms/Page_Dispensary Store/input_txttreat'

2018-05-31 14:57:54 - [MESSAGE][PASSED] - Text '100' is set on object 'Object Repository/DispensaryToCms/Page_Dispensary Store/input_txttreat'

2018-05-31 14:57:54 - [TEST_STEP][PASSED] - click: Object: 'Object Repository/DispensaryToCms/Page_Dispensary Store/button_Add' is clicked on

2018-05-31 14:57:59 - [MESSAGE][PASSED] - Object: 'Object Repository/DispensaryToCms/Page_Dispensary Store/button_Add' is clicked on

2018-05-31 14:57:59 - [TEST_STEP][PASSED] - delay: Delayed 1 second(s)

2018-05-31 14:58:00 - [MESSAGE][PASSED] - Delayed 1 second(s)

2018-05-31 14:58:00 - [TEST_STEP][PASSED] - selectOptionByIndex: All options with index in [1] are selected on object 'Object Repository/DispensaryToCms/Page_Dispensary Store/select_--Select--Schedule 1Inj'

2018-05-31 14:58:01 - [MESSAGE][PASSED] - All options with index in [1] are selected on object 'Object Repository/DispensaryToCms/Page_Dispensary Store/select_--Select--Schedule 1Inj'

2018-05-31 14:58:01 - [TEST_STEP][PASSED] - delay: Delayed 1 second(s)

2018-05-31 14:58:02 - [MESSAGE][PASSED] - Delayed 1 second(s)

2018-05-31 14:58:02 - [TEST_STEP][PASSED] - selectOptionByIndex: All options with index in [21] are selected on object 'Object Repository/DispensaryToCms/Page_Dispensary Store/select_--Select--Adernaline 0.'

2018-05-31 14:58:02 - [MESSAGE][PASSED] - All options with index in [21] are selected on object 'Object Repository/DispensaryToCms/Page_Dispensary Store/select_--Select--Adernaline 0.'

2018-05-31 14:58:02 - [TEST_STEP][PASSED] - setText: Text '100' is set on object 'Object Repository/DispensaryToCms/Page_Dispensary Store/input_txttreat'

2018-05-31 14:58:02 - [MESSAGE][PASSED] - Text '100' is set on object 'Object Repository/DispensaryToCms/Page_Dispensary Store/input_txttreat'

2018-05-31 14:58:02 - [TEST_STEP][PASSED] - click: Object: 'Object Repository/DispensaryToCms/Page_Dispensary Store/button_Add' is clicked on

2018-05-31 14:58:07 - [MESSAGE][PASSED] - Object: 'Object Repository/DispensaryToCms/Page_Dispensary Store/button_Add' is clicked on

2018-05-31 14:58:07 - [TEST_STEP][PASSED] - delay: Delayed 1 second(s)

2018-05-31 14:58:08 - [MESSAGE][PASSED] - Delayed 1 second(s)

2018-05-31 14:58:08 - [TEST_STEP][PASSED] - selectOptionByIndex: All options with index in [1] are selected on object 'Object Repository/DispensaryToCms/Page_Dispensary Store/select_--Select--Schedule 1Inj'

2018-05-31 14:58:08 - [MESSAGE][PASSED] - All options with index in [1] are selected on object 'Object Repository/DispensaryToCms/Page_Dispensary Store/select_--Select--Schedule 1Inj'

2018-05-31 14:58:08 - [TEST_STEP][PASSED] - delay: Delayed 1 second(s)

2018-05-31 14:58:09 - [MESSAGE][PASSED] - Delayed 1 second(s)

2018-05-31 14:58:09 - [TEST_STEP][PASSED] - selectOptionByIndex: All options with index in [22] are selected on object 'Object Repository/DispensaryToCms/Page_Dispensary Store/select_--Select--Adernaline 0.'

2018-05-31 14:58:10 - [MESSAGE][PASSED] - All options with index in [22] are selected on object 'Object Repository/DispensaryToCms/Page_Dispensary Store/select_--Select--Adernaline 0.'

2018-05-31 14:58:10 - [TEST_STEP][PASSED] - setText: Text '100' is set on object 'Object Repository/DispensaryToCms/Page_Dispensary Store/input_txttreat'

2018-05-31 14:58:10 - [MESSAGE][PASSED] - Text '100' is set on object 'Object Repository/DispensaryToCms/Page_Dispensary Store/input_txttreat'

2018-05-31 14:58:10 - [TEST_STEP][PASSED] - click: Object: 'Object Repository/DispensaryToCms/Page_Dispensary Store/button_Add' is clicked on

2018-05-31 14:58:15 - [MESSAGE][PASSED] - Object: 'Object Repository/DispensaryToCms/Page_Dispensary Store/button_Add' is clicked on

2018-05-31 14:58:15 - [TEST_STEP][PASSED] - delay: Delayed 1 second(s)

2018-05-31 14:58:16 - [MESSAGE][PASSED] - Delayed 1 second(s)

2018-05-31 14:58:16 - [TEST_STEP][PASSED] - selectOptionByIndex: All options with index in [1] are selected on object 'Object Repository/DispensaryToCms/Page_Dispensary Store/select_--Select--Schedule 1Inj'

2018-05-31 14:58:16 - [MESSAGE][PASSED] - All options with index in [1] are selected on object 'Object Repository/DispensaryToCms/Page_Dispensary Store/select_--Select--Schedule 1Inj'

2018-05-31 14:58:16 - [TEST_STEP][PASSED] - delay: Delayed 1 second(s)

2018-05-31 14:58:17 - [MESSAGE][PASSED] - Delayed 1 second(s)

2018-05-31 14:58:17 - [TEST_STEP][PASSED] - selectOptionByIndex: All options with index in [23] are selected on object 'Object Repository/DispensaryToCms/Page_Dispensary Store/select_--Select--Adernaline 0.'

2018-05-31 14:58:17 - [MESSAGE][PASSED] - All options with index in [23] are selected on object 'Object Repository/DispensaryToCms/Page_Dispensary Store/select_--Select--Adernaline 0.'

2018-05-31 14:58:17 - [TEST_STEP][PASSED] - setText: Text '100' is set on object 'Object Repository/DispensaryToCms/Page_Dispensary Store/input_txttreat'

2018-05-31 14:58:17 - [MESSAGE][PASSED] - Text '100' is set on object 'Object Repository/DispensaryToCms/Page_Dispensary Store/input_txttreat'

2018-05-31 14:58:17 - [TEST_STEP][PASSED] - click: Object: 'Object Repository/DispensaryToCms/Page_Dispensary Store/button_Add' is clicked on

2018-05-31 14:58:22 - [MESSAGE][PASSED] - Object: 'Object Repository/DispensaryToCms/Page_Dispensary Store/button_Add' is clicked on

2018-05-31 14:58:22 - [TEST_STEP][PASSED] - delay: Delayed 1 second(s)

2018-05-31 14:58:23 - [MESSAGE][PASSED] - Delayed 1 second(s)

2018-05-31 14:58:23 - [TEST_STEP][PASSED] - selectOptionByIndex: All options with index in [1] are selected on object 'Object Repository/DispensaryToCms/Page_Dispensary Store/select_--Select--Schedule 1Inj'

2018-05-31 14:58:24 - [MESSAGE][PASSED] - All options with index in [1] are selected on object 'Object Repository/DispensaryToCms/Page_Dispensary Store/select_--Select--Schedule 1Inj'

2018-05-31 14:58:24 - [TEST_STEP][PASSED] - delay: Delayed 1 second(s)

2018-05-31 14:58:25 - [MESSAGE][PASSED] - Delayed 1 second(s)

2018-05-31 14:58:25 - [TEST_STEP][PASSED] - selectOptionByIndex: All options with index in [24] are selected on object 'Object Repository/DispensaryToCms/Page_Dispensary Store/select_--Select--Adernaline 0.'

2018-05-31 14:58:25 - [MESSAGE][PASSED] - All options with index in [24] are selected on object 'Object Repository/DispensaryToCms/Page_Dispensary Store/select_--Select--Adernaline 0.'

2018-05-31 14:58:25 - [TEST_STEP][PASSED] - setText: Text '100' is set on object 'Object Repository/DispensaryToCms/Page_Dispensary Store/input_txttreat'

2018-05-31 14:58:25 - [MESSAGE][PASSED] - Text '100' is set on object 'Object Repository/DispensaryToCms/Page_Dispensary Store/input_txttreat'

2018-05-31 14:58:25 - [TEST_STEP][PASSED] - click: Object: 'Object Repository/DispensaryToCms/Page_Dispensary Store/button_Add' is clicked on

2018-05-31 14:58:30 - [MESSAGE][PASSED] - Object: 'Object Repository/DispensaryToCms/Page_Dispensary Store/button_Add' is clicked on

2018-05-31 14:58:30 - [TEST_STEP][PASSED] - delay: Delayed 1 second(s)

2018-05-31 14:58:31 - [MESSAGE][PASSED] - Delayed 1 second(s)

2018-05-31 14:58:31 - [TEST_STEP][PASSED] - selectOptionByIndex: All options with index in [1] are selected on object 'Object Repository/DispensaryToCms/Page_Dispensary Store/select_--Select--Schedule 1Inj'

2018-05-31 14:58:31 - [MESSAGE][PASSED] - All options with index in [1] are selected on object 'Object Repository/DispensaryToCms/Page_Dispensary Store/select_--Select--Schedule 1Inj'

2018-05-31 14:58:31 - [TEST_STEP][PASSED] - delay: Delayed 1 second(s)

2018-05-31 14:58:32 - [MESSAGE][PASSED] - Delayed 1 second(s)

2018-05-31 14:58:32 - [TEST_STEP][PASSED] - selectOptionByIndex: All options with index in [25] are selected on object 'Object Repository/DispensaryToCms/Page_Dispensary Store/select_--Select--Adernaline 0.'

2018-05-31 14:58:33 - [MESSAGE][PASSED] - All options with index in [25] are selected on object 'Object Repository/DispensaryToCms/Page_Dispensary Store/select_--Select--Adernaline 0.'

2018-05-31 14:58:33 - [TEST_STEP][PASSED] - setText: Text '100' is set on object 'Object Repository/DispensaryToCms/Page_Dispensary Store/input_txttreat'

2018-05-31 14:58:33 - [MESSAGE][PASSED] - Text '100' is set on object 'Object Repository/DispensaryToCms/Page_Dispensary Store/input_txttreat'

2018-05-31 14:58:33 - [TEST_STEP][PASSED] - click: Object: 'Object Repository/DispensaryToCms/Page_Dispensary Store/button_Add' is clicked on

2018-05-31 14:58:38 - [MESSAGE][PASSED] - Object: 'Object Repository/DispensaryToCms/Page_Dispensary Store/button_Add' is clicked on

2018-05-31 14:58:38 - [TEST_STEP][PASSED] - delay: Delayed 1 second(s)

2018-05-31 14:58:39 - [MESSAGE][PASSED] - Delayed 1 second(s)

2018-05-31 14:58:39 - [TEST_STEP][PASSED] - selectOptionByIndex: All options with index in [1] are selected on object 'Object Repository/DispensaryToCms/Page_Dispensary Store/select_--Select--Schedule 1Inj'

2018-05-31 14:58:39 - [MESSAGE][PASSED] - All options with index in [1] are selected on object 'Object Repository/DispensaryToCms/Page_Dispensary Store/select_--Select--Schedule 1Inj'

2018-05-31 14:58:39 - [TEST_STEP][PASSED] - delay: Delayed 1 second(s)

2018-05-31 14:58:40 - [MESSAGE][PASSED] - Delayed 1 second(s)

2018-05-31 14:58:40 - [TEST_STEP][PASSED] - selectOptionByIndex: All options with index in [26] are selected on object 'Object Repository/DispensaryToCms/Page_Dispensary Store/select_--Select--Adernaline 0.'

2018-05-31 14:58:40 - [MESSAGE][PASSED] - All options with index in [26] are selected on object 'Object Repository/DispensaryToCms/Page_Dispensary Store/select_--Select--Adernaline 0.'

2018-05-31 14:58:40 - [TEST_STEP][PASSED] - setText: Text '100' is set on object 'Object Repository/DispensaryToCms/Page_Dispensary Store/input_txttreat'

2018-05-31 14:58:41 - [MESSAGE][PASSED] - Text '100' is set on object 'Object Repository/DispensaryToCms/Page_Dispensary Store/input_txttreat'

2018-05-31 14:58:41 - [TEST_STEP][PASSED] - click: Object: 'Object Repository/DispensaryToCms/Page_Dispensary Store/button_Add' is clicked on

2018-05-31 14:58:46 - [MESSAGE][PASSED] - Object: 'Object Repository/DispensaryToCms/Page_Dispensary Store/button_Add' is clicked on

2018-05-31 14:58:46 - [TEST_STEP][PASSED] - delay: Delayed 1 second(s)

2018-05-31 14:58:47 - [MESSAGE][PASSED] - Delayed 1 second(s)

2018-05-31 14:58:47 - [TEST_STEP][PASSED] - selectOptionByIndex: All options with index in [1] are selected on object 'Object Repository/DispensaryToCms/Page_Dispensary Store/select_--Select--Schedule 1Inj'

2018-05-31 14:58:47 - [MESSAGE][PASSED] - All options with index in [1] are selected on object 'Object Repository/DispensaryToCms/Page_Dispensary Store/select_--Select--Schedule 1Inj'

2018-05-31 14:58:47 - [TEST_STEP][PASSED] - delay: Delayed 1 second(s)

2018-05-31 14:58:48 - [MESSAGE][PASSED] - Delayed 1 second(s)

2018-05-31 14:58:48 - [TEST_STEP][PASSED] - selectOptionByIndex: All options with index in [27] are selected on object 'Object Repository/DispensaryToCms/Page_Dispensary Store/select_--Select--Adernaline 0.'

2018-05-31 14:58:48 - [MESSAGE][PASSED] - All options with index in [27] are selected on object 'Object Repository/DispensaryToCms/Page_Dispensary Store/select_--Select--Adernaline 0.'

2018-05-31 14:58:48 - [TEST_STEP][PASSED] - setText: Text '100' is set on object 'Object Repository/DispensaryToCms/Page_Dispensary Store/input_txttreat'

2018-05-31 14:58:48 - [MESSAGE][PASSED] - Text '100' is set on object 'Object Repository/DispensaryToCms/Page_Dispensary Store/input_txttreat'

2018-05-31 14:58:48 - [TEST_STEP][PASSED] - click: Object: 'Object Repository/DispensaryToCms/Page_Dispensary Store/button_Add' is clicked on

2018-05-31 14:58:53 - [MESSAGE][PASSED] - Object: 'Object Repository/DispensaryToCms/Page_Dispensary Store/button_Add' is clicked on

2018-05-31 14:58:53 - [TEST_STEP][PASSED] - delay: Delayed 1 second(s)

2018-05-31 14:58:54 - [MESSAGE][PASSED] - Delayed 1 second(s)

2018-05-31 14:58:54 - [TEST_STEP][PASSED] - selectOptionByIndex: All options with index in [1] are selected on object 'Object Repository/DispensaryToCms/Page_Dispensary Store/select_--Select--Schedule 1Inj'

2018-05-31 14:58:54 - [MESSAGE][PASSED] - All options with index in [1] are selected on object 'Object Repository/DispensaryToCms/Page_Dispensary Store/select_--Select--Schedule 1Inj'

2018-05-31 14:58:54 - [TEST_STEP][PASSED] - delay: Delayed 1 second(s)

2018-05-31 14:58:55 - [MESSAGE][PASSED] - Delayed 1 second(s)

2018-05-31 14:58:55 - [TEST_STEP][PASSED] - selectOptionByIndex: All options with index in [28] are selected on object 'Object Repository/DispensaryToCms/Page_Dispensary Store/select_--Select--Adernaline 0.'

2018-05-31 14:58:56 - [MESSAGE][PASSED] - All options with index in [28] are selected on object 'Object Repository/DispensaryToCms/Page_Dispensary Store/select_--Select--Adernaline 0.'

2018-05-31 14:58:56 - [TEST_STEP][PASSED] - setText: Text '100' is set on object 'Object Repository/DispensaryToCms/Page_Dispensary Store/input_txttreat'

2018-05-31 14:58:56 - [MESSAGE][PASSED] - Text '100' is set on object 'Object Repository/DispensaryToCms/Page_Dispensary Store/input_txttreat'

2018-05-31 14:58:56 - [TEST_STEP][PASSED] - click: Object: 'Object Repository/DispensaryToCms/Page_Dispensary Store/button_Add' is clicked on

2018-05-31 14:59:01 - [MESSAGE][PASSED] - Object: 'Object Repository/DispensaryToCms/Page_Dispensary Store/button_Add' is clicked on

2018-05-31 14:59:01 - [TEST_STEP][PASSED] - delay: Delayed 1 second(s)

2018-05-31 14:59:02 - [MESSAGE][PASSED] - Delayed 1 second(s)

2018-05-31 14:59:02 - [TEST_STEP][PASSED] - selectOptionByIndex: All options with index in [1] are selected on object 'Object Repository/DispensaryToCms/Page_Dispensary Store/select_--Select--Schedule 1Inj'

2018-05-31 14:59:02 - [MESSAGE][PASSED] - All options with index in [1] are selected on object 'Object Repository/DispensaryToCms/Page_Dispensary Store/select_--Select--Schedule 1Inj'

2018-05-31 14:59:02 - [TEST_STEP][PASSED] - delay: Delayed 1 second(s)

2018-05-31 14:59:03 - [MESSAGE][PASSED] - Delayed 1 second(s)

2018-05-31 14:59:03 - [TEST_STEP][PASSED] - selectOptionByIndex: All options with index in [29] are selected on object 'Object Repository/DispensaryToCms/Page_Dispensary Store/select_--Select--Adernaline 0.'

2018-05-31 14:59:04 - [MESSAGE][PASSED] - All options with index in [29] are selected on object 'Object Repository/DispensaryToCms/Page_Dispensary Store/select_--Select--Adernaline 0.'

2018-05-31 14:59:04 - [TEST_STEP][PASSED] - setText: Text '100' is set on object 'Object Repository/DispensaryToCms/Page_Dispensary Store/input_txttreat'

2018-05-31 14:59:04 - [MESSAGE][PASSED] - Text '100' is set on object 'Object Repository/DispensaryToCms/Page_Dispensary Store/input_txttreat'

2018-05-31 14:59:04 - [TEST_STEP][PASSED] - click: Object: 'Object Repository/DispensaryToCms/Page_Dispensary Store/button_Add' is clicked on

2018-05-31 14:59:09 - [MESSAGE][PASSED] - Object: 'Object Repository/DispensaryToCms/Page_Dispensary Store/button_Add' is clicked on

2018-05-31 14:59:09 - [TEST_STEP][PASSED] - delay: Delayed 1 second(s)

2018-05-31 14:59:10 - [MESSAGE][PASSED] - Delayed 1 second(s)

2018-05-31 14:59:10 - [TEST_STEP][PASSED] - selectOptionByIndex: All options with index in [1] are selected on object 'Object Repository/DispensaryToCms/Page_Dispensary Store/select_--Select--Schedule 1Inj'

2018-05-31 14:59:10 - [MESSAGE][PASSED] - All options with index in [1] are selected on object 'Object Repository/DispensaryToCms/Page_Dispensary Store/select_--Select--Schedule 1Inj'

2018-05-31 14:59:10 - [TEST_STEP][PASSED] - delay: Delayed 1 second(s)

2018-05-31 14:59:11 - [MESSAGE][PASSED] - Delayed 1 second(s)

2018-05-31 14:59:11 - [TEST_STEP][PASSED] - selectOptionByIndex: All options with index in [30] are selected on object 'Object Repository/DispensaryToCms/Page_Dispensary Store/select_--Select--Adernaline 0.'

2018-05-31 14:59:11 - [MESSAGE][PASSED] - All options with index in [30] are selected on object 'Object Repository/DispensaryToCms/Page_Dispensary Store/select_--Select--Adernaline 0.'

2018-05-31 14:59:11 - [TEST_STEP][PASSED] - setText: Text '100' is set on object 'Object Repository/DispensaryToCms/Page_Dispensary Store/input_txttreat'

2018-05-31 14:59:12 - [MESSAGE][PASSED] - Text '100' is set on object 'Object Repository/DispensaryToCms/Page_Dispensary Store/input_txttreat'

2018-05-31 14:59:12 - [TEST_STEP][PASSED] - click: Object: 'Object Repository/DispensaryToCms/Page_Dispensary Store/button_Add' is clicked on

2018-05-31 14:59:17 - [MESSAGE][PASSED] - Object: 'Object Repository/DispensaryToCms/Page_Dispensary Store/button_Add' is clicked on

2018-05-31 14:59:17 - [TEST_STEP][PASSED] - delay: Delayed 1 second(s)

2018-05-31 14:59:18 - [MESSAGE][PASSED] - Delayed 1 second(s)

2018-05-31 14:59:18 - [TEST_STEP][PASSED] - selectOptionByIndex: All options with index in [1] are selected on object 'Object Repository/DispensaryToCms/Page_Dispensary Store/select_--Select--Schedule 1Inj'

2018-05-31 14:59:18 - [MESSAGE][PASSED] - All options with index in [1] are selected on object 'Object Repository/DispensaryToCms/Page_Dispensary Store/select_--Select--Schedule 1Inj'

2018-05-31 14:59:18 - [TEST_STEP][PASSED] - delay: Delayed 1 second(s)

2018-05-31 14:59:19 - [MESSAGE][PASSED] - Delayed 1 second(s)

2018-05-31 14:59:19 - [TEST_STEP][PASSED] - selectOptionByIndex: All options with index in [31] are selected on object 'Object Repository/DispensaryToCms/Page_Dispensary Store/select_--Select--Adernaline 0.'

2018-05-31 14:59:19 - [MESSAGE][PASSED] - All options with index in [31] are selected on object 'Object Repository/DispensaryToCms/Page_Dispensary Store/select_--Select--Adernaline 0.'

2018-05-31 14:59:19 - [TEST_STEP][PASSED] - setText: Text '100' is set on object 'Object Repository/DispensaryToCms/Page_Dispensary Store/input_txttreat'

2018-05-31 14:59:19 - [MESSAGE][PASSED] - Text '100' is set on object 'Object Repository/DispensaryToCms/Page_Dispensary Store/input_txttreat'

2018-05-31 14:59:19 - [TEST_STEP][PASSED] - click: Object: 'Object Repository/DispensaryToCms/Page_Dispensary Store/button_Add' is clicked on

2018-05-31 14:59:24 - [MESSAGE][PASSED] - Object: 'Object Repository/DispensaryToCms/Page_Dispensary Store/button_Add' is clicked on

2018-05-31 14:59:24 - [TEST_STEP][PASSED] - delay: Delayed 1 second(s)

2018-05-31 14:59:25 - [MESSAGE][PASSED] - Delayed 1 second(s)

2018-05-31 14:59:25 - [TEST_STEP][PASSED] - selectOptionByIndex: All options with index in [1] are selected on object 'Object Repository/DispensaryToCms/Page_Dispensary Store/select_--Select--Schedule 1Inj'

2018-05-31 14:59:26 - [MESSAGE][PASSED] - All options with index in [1] are selected on object 'Object Repository/DispensaryToCms/Page_Dispensary Store/select_--Select--Schedule 1Inj'

2018-05-31 14:59:26 - [TEST_STEP][PASSED] - delay: Delayed 1 second(s)

2018-05-31 14:59:27 - [MESSAGE][PASSED] - Delayed 1 second(s)

2018-05-31 14:59:27 - [TEST_STEP][PASSED] - selectOptionByIndex: All options with index in [32] are selected on object 'Object Repository/DispensaryToCms/Page_Dispensary Store/select_--Select--Adernaline 0.'

2018-05-31 14:59:27 - [MESSAGE][PASSED] - All options with index in [32] are selected on object 'Object Repository/DispensaryToCms/Page_Dispensary Store/select_--Select--Adernaline 0.'

2018-05-31 14:59:27 - [TEST_STEP][PASSED] - setText: Text '100' is set on object 'Object Repository/DispensaryToCms/Page_Dispensary Store/input_txttreat'

2018-05-31 14:59:27 - [MESSAGE][PASSED] - Text '100' is set on object 'Object Repository/DispensaryToCms/Page_Dispensary Store/input_txttreat'

2018-05-31 14:59:27 - [TEST_STEP][PASSED] - click: Object: 'Object Repository/DispensaryToCms/Page_Dispensary Store/button_Add' is clicked on

2018-05-31 14:59:32 - [MESSAGE][PASSED] - Object: 'Object Repository/DispensaryToCms/Page_Dispensary Store/button_Add' is clicked on

2018-05-31 14:59:32 - [TEST_STEP][PASSED] - delay: Delayed 1 second(s)

2018-05-31 14:59:33 - [MESSAGE][PASSED] - Delayed 1 second(s)

2018-05-31 14:59:33 - [TEST_STEP][PASSED] - selectOptionByIndex: All options with index in [1] are selected on object 'Object Repository/DispensaryToCms/Page_Dispensary Store/select_--Select--Schedule 1Inj'

2018-05-31 14:59:33 - [MESSAGE][PASSED] - All options with index in [1] are selected on object 'Object Repository/DispensaryToCms/Page_Dispensary Store/select_--Select--Schedule 1Inj'

2018-05-31 14:59:33 - [TEST_STEP][PASSED] - delay: Delayed 1 second(s)

2018-05-31 14:59:34 - [MESSAGE][PASSED] - Delayed 1 second(s)

2018-05-31 14:59:34 - [TEST_STEP][PASSED] - selectOptionByIndex: All options with index in [33] are selected on object 'Object Repository/DispensaryToCms/Page_Dispensary Store/select_--Select--Adernaline 0.'

2018-05-31 14:59:35 - [MESSAGE][PASSED] - All options with index in [33] are selected on object 'Object Repository/DispensaryToCms/Page_Dispensary Store/select_--Select--Adernaline 0.'

2018-05-31 14:59:35 - [TEST_STEP][PASSED] - setText: Text '100' is set on object 'Object Repository/DispensaryToCms/Page_Dispensary Store/input_txttreat'

2018-05-31 14:59:35 - [MESSAGE][PASSED] - Text '100' is set on object 'Object Repository/DispensaryToCms/Page_Dispensary Store/input_txttreat'

2018-05-31 14:59:35 - [TEST_STEP][PASSED] - click: Object: 'Object Repository/DispensaryToCms/Page_Dispensary Store/button_Add' is clicked on

2018-05-31 14:59:40 - [MESSAGE][PASSED] - Object: 'Object Repository/DispensaryToCms/Page_Dispensary Store/button_Add' is clicked on

2018-05-31 14:59:40 - [TEST_STEP][PASSED] - delay: Delayed 1 second(s)

2018-05-31 14:59:41 - [MESSAGE][PASSED] - Delayed 1 second(s)

2018-05-31 14:59:41 - [TEST_STEP][PASSED] - selectOptionByIndex: All options with index in [1] are selected on object 'Object Repository/DispensaryToCms/Page_Dispensary Store/select_--Select--Schedule 1Inj'

2018-05-31 14:59:41 - [MESSAGE][PASSED] - All options with index in [1] are selected on object 'Object Repository/DispensaryToCms/Page_Dispensary Store/select_--Select--Schedule 1Inj'

2018-05-31 14:59:41 - [TEST_STEP][PASSED] - delay: Delayed 1 second(s)

2018-05-31 14:59:42 - [MESSAGE][PASSED] - Delayed 1 second(s)

2018-05-31 14:59:42 - [TEST_STEP][PASSED] - selectOptionByIndex: All options with index in [34] are selected on object 'Object Repository/DispensaryToCms/Page_Dispensary Store/select_--Select--Adernaline 0.'

2018-05-31 14:59:43 - [MESSAGE][PASSED] - All options with index in [34] are selected on object 'Object Repository/DispensaryToCms/Page_Dispensary Store/select_--Select--Adernaline 0.'

2018-05-31 14:59:43 - [TEST_STEP][PASSED] - setText: Text '100' is set on object 'Object Repository/DispensaryToCms/Page_Dispensary Store/input_txttreat'

2018-05-31 14:59:43 - [MESSAGE][PASSED] - Text '100' is set on object 'Object Repository/DispensaryToCms/Page_Dispensary Store/input_txttreat'

2018-05-31 14:59:43 - [TEST_STEP][PASSED] - click: Object: 'Object Repository/DispensaryToCms/Page_Dispensary Store/button_Add' is clicked on

2018-05-31 14:59:48 - [MESSAGE][PASSED] - Object: 'Object Repository/DispensaryToCms/Page_Dispensary Store/button_Add' is clicked on

2018-05-31 14:59:48 - [TEST_STEP][PASSED] - delay: Delayed 1 second(s)

2018-05-31 14:59:49 - [MESSAGE][PASSED] - Delayed 1 second(s)

2018-05-31 14:59:49 - [TEST_STEP][PASSED] - selectOptionByIndex: All options with index in [1] are selected on object 'Object Repository/DispensaryToCms/Page_Dispensary Store/select_--Select--Schedule 1Inj'

2018-05-31 14:59:49 - [MESSAGE][PASSED] - All options with index in [1] are selected on object 'Object Repository/DispensaryToCms/Page_Dispensary Store/select_--Select--Schedule 1Inj'

2018-05-31 14:59:49 - [TEST_STEP][PASSED] - delay: Delayed 1 second(s)

2018-05-31 14:59:50 - [MESSAGE][PASSED] - Delayed 1 second(s)

2018-05-31 14:59:50 - [TEST_STEP][PASSED] - selectOptionByIndex: All options with index in [35] are selected on object 'Object Repository/DispensaryToCms/Page_Dispensary Store/select_--Select--Adernaline 0.'

2018-05-31 14:59:51 - [MESSAGE][PASSED] - All options with index in [35] are selected on object 'Object Repository/DispensaryToCms/Page_Dispensary Store/select_--Select--Adernaline 0.'

2018-05-31 14:59:51 - [TEST_STEP][PASSED] - setText: Text '100' is set on object 'Object Repository/DispensaryToCms/Page_Dispensary Store/input_txttreat'

2018-05-31 14:59:51 - [MESSAGE][PASSED] - Text '100' is set on object 'Object Repository/DispensaryToCms/Page_Dispensary Store/input_txttreat'

2018-05-31 14:59:51 - [TEST_STEP][PASSED] - click: Object: 'Object Repository/DispensaryToCms/Page_Dispensary Store/button_Add' is clicked on

2018-05-31 14:59:56 - [MESSAGE][PASSED] - Object: 'Object Repository/DispensaryToCms/Page_Dispensary Store/button_Add' is clicked on

2018-05-31 14:59:56 - [TEST_STEP][PASSED] - delay: Delayed 1 second(s)

2018-05-31 14:59:57 - [MESSAGE][PASSED] - Delayed 1 second(s)

2018-05-31 14:59:57 - [TEST_STEP][PASSED] - selectOptionByIndex: All options with index in [1] are selected on object 'Object Repository/DispensaryToCms/Page_Dispensary Store/select_--Select--Schedule 1Inj'

2018-05-31 14:59:57 - [MESSAGE][PASSED] - All options with index in [1] are selected on object 'Object Repository/DispensaryToCms/Page_Dispensary Store/select_--Select--Schedule 1Inj'

2018-05-31 14:59:57 - [TEST_STEP][PASSED] - delay: Delayed 1 second(s)

2018-05-31 14:59:58 - [MESSAGE][PASSED] - Delayed 1 second(s)

2018-05-31 14:59:58 - [TEST_STEP][PASSED] - selectOptionByIndex: All options with index in [36] are selected on object 'Object Repository/DispensaryToCms/Page_Dispensary Store/select_--Select--Adernaline 0.'

2018-05-31 14:59:58 - [MESSAGE][PASSED] - All options with index in [36] are selected on object 'Object Repository/DispensaryToCms/Page_Dispensary Store/select_--Select--Adernaline 0.'

2018-05-31 14:59:58 - [TEST_STEP][PASSED] - setText: Text '100' is set on object 'Object Repository/DispensaryToCms/Page_Dispensary Store/input_txttreat'

2018-05-31 14:59:59 - [MESSAGE][PASSED] - Text '100' is set on object 'Object Repository/DispensaryToCms/Page_Dispensary Store/input_txttreat'

2018-05-31 14:59:59 - [TEST_STEP][PASSED] - click: Object: 'Object Repository/DispensaryToCms/Page_Dispensary Store/button_Add' is clicked on

2018-05-31 15:00:04 - [MESSAGE][PASSED] - Object: 'Object Repository/DispensaryToCms/Page_Dispensary Store/button_Add' is clicked on

2018-05-31 15:00:04 - [TEST_STEP][PASSED] - delay: Delayed 1 second(s)

2018-05-31 15:00:05 - [MESSAGE][PASSED] - Delayed 1 second(s)

2018-05-31 15:00:05 - [TEST_STEP][PASSED] - selectOptionByIndex: All options with index in [1] are selected on object 'Object Repository/DispensaryToCms/Page_Dispensary Store/select_--Select--Schedule 1Inj'

2018-05-31 15:00:05 - [MESSAGE][PASSED] - All options with index in [1] are selected on object 'Object Repository/DispensaryToCms/Page_Dispensary Store/select_--Select--Schedule 1Inj'

2018-05-31 15:00:05 - [TEST_STEP][PASSED] - delay: Delayed 1 second(s)

2018-05-31 15:00:06 - [MESSAGE][PASSED] - Delayed 1 second(s)

2018-05-31 15:00:06 - [TEST_STEP][PASSED] - selectOptionByIndex: All options with index in [37] are selected on object 'Object Repository/DispensaryToCms/Page_Dispensary Store/select_--Select--Adernaline 0.'

2018-05-31 15:00:06 - [MESSAGE][PASSED] - All options with index in [37] are selected on object 'Object Repository/DispensaryToCms/Page_Dispensary Store/select_--Select--Adernaline 0.'

2018-05-31 15:00:06 - [TEST_STEP][PASSED] - setText: Text '100' is set on object 'Object Repository/DispensaryToCms/Page_Dispensary Store/input_txttreat'

2018-05-31 15:00:06 - [MESSAGE][PASSED] - Text '100' is set on object 'Object Repository/DispensaryToCms/Page_Dispensary Store/input_txttreat'

2018-05-31 15:00:06 - [TEST_STEP][PASSED] - click: Object: 'Object Repository/DispensaryToCms/Page_Dispensary Store/button_Add' is clicked on

2018-05-31 15:00:12 - [MESSAGE][PASSED] - Object: 'Object Repository/DispensaryToCms/Page_Dispensary Store/button_Add' is clicked on

2018-05-31 15:00:12 - [TEST_STEP][PASSED] - delay: Delayed 1 second(s)

2018-05-31 15:00:13 - [MESSAGE][PASSED] - Delayed 1 second(s)

2018-05-31 15:00:13 - [TEST_STEP][PASSED] - selectOptionByIndex: All options with index in [1] are selected on object 'Object Repository/DispensaryToCms/Page_Dispensary Store/select_--Select--Schedule 1Inj'

2018-05-31 15:00:13 - [MESSAGE][PASSED] - All options with index in [1] are selected on object 'Object Repository/DispensaryToCms/Page_Dispensary Store/select_--Select--Schedule 1Inj'

2018-05-31 15:00:13 - [TEST_STEP][PASSED] - delay: Delayed 1 second(s)

2018-05-31 15:00:14 - [MESSAGE][PASSED] - Delayed 1 second(s)

2018-05-31 15:00:14 - [TEST_STEP][PASSED] - selectOptionByIndex: All options with index in [38] are selected on object 'Object Repository/DispensaryToCms/Page_Dispensary Store/select_--Select--Adernaline 0.'

2018-05-31 15:00:14 - [MESSAGE][PASSED] - All options with index in [38] are selected on object 'Object Repository/DispensaryToCms/Page_Dispensary Store/select_--Select--Adernaline 0.'

2018-05-31 15:00:14 - [TEST_STEP][PASSED] - setText: Text '100' is set on object 'Object Repository/DispensaryToCms/Page_Dispensary Store/input_txttreat'

2018-05-31 15:00:14 - [MESSAGE][PASSED] - Text '100' is set on object 'Object Repository/DispensaryToCms/Page_Dispensary Store/input_txttreat'

2018-05-31 15:00:14 - [TEST_STEP][PASSED] - click: Object: 'Object Repository/DispensaryToCms/Page_Dispensary Store/button_Add' is clicked on

2018-05-31 15:00:19 - [MESSAGE][PASSED] - Object: 'Object Repository/DispensaryToCms/Page_Dispensary Store/button_Add' is clicked on

2018-05-31 15:00:19 - [TEST_STEP][PASSED] - delay: Delayed 1 second(s)

2018-05-31 15:00:20 - [MESSAGE][PASSED] - Delayed 1 second(s)

2018-05-31 15:00:20 - [TEST_STEP][PASSED] - selectOptionByIndex: All options with index in [1] are selected on object 'Object Repository/DispensaryToCms/Page_Dispensary Store/select_--Select--Schedule 1Inj'

2018-05-31 15:00:21 - [MESSAGE][PASSED] - All options with index in [1] are selected on object 'Object Repository/DispensaryToCms/Page_Dispensary Store/select_--Select--Schedule 1Inj'

2018-05-31 15:00:21 - [TEST_STEP][PASSED] - delay: Delayed 1 second(s)

2018-05-31 15:00:22 - [MESSAGE][PASSED] - Delayed 1 second(s)

2018-05-31 15:00:22 - [TEST_STEP][PASSED] - selectOptionByIndex: All options with index in [39] are selected on object 'Object Repository/DispensaryToCms/Page_Dispensary Store/select_--Select--Adernaline 0.'

2018-05-31 15:00:22 - [MESSAGE][PASSED] - All options with index in [39] are selected on object 'Object Repository/DispensaryToCms/Page_Dispensary Store/select_--Select--Adernaline 0.'

2018-05-31 15:00:22 - [TEST_STEP][PASSED] - setText: Text '100' is set on object 'Object Repository/DispensaryToCms/Page_Dispensary Store/input_txttreat'

2018-05-31 15:00:22 - [MESSAGE][PASSED] - Text '100' is set on object 'Object Repository/DispensaryToCms/Page_Dispensary Store/input_txttreat'

2018-05-31 15:00:22 - [TEST_STEP][PASSED] - click: Object: 'Object Repository/DispensaryToCms/Page_Dispensary Store/button_Add' is clicked on

2018-05-31 15:00:27 - [MESSAGE][PASSED] - Object: 'Object Repository/DispensaryToCms/Page_Dispensary Store/button_Add' is clicked on

2018-05-31 15:00:27 - [TEST_STEP][PASSED] - delay: Delayed 1 second(s)

2018-05-31 15:00:28 - [MESSAGE][PASSED] - Delayed 1 second(s)

2018-05-31 15:00:28 - [TEST_STEP][PASSED] - selectOptionByIndex: All options with index in [1] are selected on object 'Object Repository/DispensaryToCms/Page_Dispensary Store/select_--Select--Schedule 1Inj'

2018-05-31 15:00:29 - [MESSAGE][PASSED] - All options with index in [1] are selected on object 'Object Repository/DispensaryToCms/Page_Dispensary Store/select_--Select--Schedule 1Inj'

2018-05-31 15:00:29 - [TEST_STEP][PASSED] - delay: Delayed 1 second(s)

2018-05-31 15:00:30 - [MESSAGE][PASSED] - Delayed 1 second(s)

2018-05-31 15:00:30 - [TEST_STEP][PASSED] - selectOptionByIndex: All options with index in [40] are selected on object 'Object Repository/DispensaryToCms/Page_Dispensary Store/select_--Select--Adernaline 0.'

2018-05-31 15:00:30 - [MESSAGE][PASSED] - All options with index in [40] are selected on object 'Object Repository/DispensaryToCms/Page_Dispensary Store/select_--Select--Adernaline 0.'

2018-05-31 15:00:30 - [TEST_STEP][PASSED] - setText: Text '100' is set on object 'Object Repository/DispensaryToCms/Page_Dispensary Store/input_txttreat'

2018-05-31 15:00:30 - [MESSAGE][PASSED] - Text '100' is set on object 'Object Repository/DispensaryToCms/Page_Dispensary Store/input_txttreat'

2018-05-31 15:00:30 - [TEST_STEP][PASSED] - click: Object: 'Object Repository/DispensaryToCms/Page_Dispensary Store/button_Add' is clicked on

2018-05-31 15:00:35 - [MESSAGE][PASSED] - Object: 'Object Repository/DispensaryToCms/Page_Dispensary Store/button_Add' is clicked on

2018-05-31 15:00:35 - [TEST_STEP][PASSED] - delay: Delayed 1 second(s)

2018-05-31 15:00:36 - [MESSAGE][PASSED] - Delayed 1 second(s)

2018-05-31 15:00:36 - [TEST_STEP][PASSED] - selectOptionByIndex: All options with index in [1] are selected on object 'Object Repository/DispensaryToCms/Page_Dispensary Store/select_--Select--Schedule 1Inj'

2018-05-31 15:00:36 - [MESSAGE][PASSED] - All options with index in [1] are selected on object 'Object Repository/DispensaryToCms/Page_Dispensary Store/select_--Select--Schedule 1Inj'

2018-05-31 15:00:36 - [TEST_STEP][PASSED] - delay: Delayed 1 second(s)

2018-05-31 15:00:37 - [MESSAGE][PASSED] - Delayed 1 second(s)

2018-05-31 15:00:37 - [TEST_STEP][PASSED] - selectOptionByIndex: All options with index in [41] are selected on object 'Object Repository/DispensaryToCms/Page_Dispensary Store/select_--Select--Adernaline 0.'

2018-05-31 15:00:38 - [MESSAGE][PASSED] - All options with index in [41] are selected on object 'Object Repository/DispensaryToCms/Page_Dispensary Store/select_--Select--Adernaline 0.'

2018-05-31 15:00:38 - [TEST_STEP][PASSED] - setText: Text '100' is set on object 'Object Repository/DispensaryToCms/Page_Dispensary Store/input_txttreat'

2018-05-31 15:00:38 - [MESSAGE][PASSED] - Text '100' is set on object 'Object Repository/DispensaryToCms/Page_Dispensary Store/input_txttreat'

2018-05-31 15:00:38 - [TEST_STEP][PASSED] - click: Object: 'Object Repository/DispensaryToCms/Page_Dispensary Store/button_Add' is clicked on

2018-05-31 15:00:43 - [MESSAGE][PASSED] - Object: 'Object Repository/DispensaryToCms/Page_Dispensary Store/button_Add' is clicked on

2018-05-31 15:00:43 - [TEST_STEP][PASSED] - delay: Delayed 1 second(s)

2018-05-31 15:00:44 - [MESSAGE][PASSED] - Delayed 1 second(s)

2018-05-31 15:00:44 - [TEST_STEP][PASSED] - selectOptionByIndex: All options with index in [1] are selected on object 'Object Repository/DispensaryToCms/Page_Dispensary Store/select_--Select--Schedule 1Inj'

2018-05-31 15:00:44 - [MESSAGE][PASSED] - All options with index in [1] are selected on object 'Object Repository/DispensaryToCms/Page_Dispensary Store/select_--Select--Schedule 1Inj'

2018-05-31 15:00:44 - [TEST_STEP][PASSED] - delay: Delayed 1 second(s)

2018-05-31 15:00:45 - [MESSAGE][PASSED] - Delayed 1 second(s)

2018-05-31 15:00:45 - [TEST_STEP][PASSED] - selectOptionByIndex: All options with index in [42] are selected on object 'Object Repository/DispensaryToCms/Page_Dispensary Store/select_--Select--Adernaline 0.'

2018-05-31 15:00:46 - [MESSAGE][PASSED] - All options with index in [42] are selected on object 'Object Repository/DispensaryToCms/Page_Dispensary Store/select_--Select--Adernaline 0.'

2018-05-31 15:00:46 - [TEST_STEP][PASSED] - setText: Text '100' is set on object 'Object Repository/DispensaryToCms/Page_Dispensary Store/input_txttreat'

2018-05-31 15:00:46 - [MESSAGE][PASSED] - Text '100' is set on object 'Object Repository/DispensaryToCms/Page_Dispensary Store/input_txttreat'

2018-05-31 15:00:46 - [TEST_STEP][PASSED] - click: Object: 'Object Repository/DispensaryToCms/Page_Dispensary Store/button_Add' is clicked on

2018-05-31 15:00:51 - [MESSAGE][PASSED] - Object: 'Object Repository/DispensaryToCms/Page_Dispensary Store/button_Add' is clicked on

2018-05-31 15:00:51 - [TEST_STEP][PASSED] - delay: Delayed 1 second(s)

2018-05-31 15:00:52 - [MESSAGE][PASSED] - Delayed 1 second(s)

2018-05-31 15:00:52 - [TEST_STEP][PASSED] - selectOptionByIndex: All options with index in [1] are selected on object 'Object Repository/DispensaryToCms/Page_Dispensary Store/select_--Select--Schedule 1Inj'

2018-05-31 15:00:52 - [MESSAGE][PASSED] - All options with index in [1] are selected on object 'Object Repository/DispensaryToCms/Page_Dispensary Store/select_--Select--Schedule 1Inj'

2018-05-31 15:00:52 - [TEST_STEP][PASSED] - delay: Delayed 1 second(s)

2018-05-31 15:00:53 - [MESSAGE][PASSED] - Delayed 1 second(s)

2018-05-31 15:00:53 - [TEST_STEP][PASSED] - selectOptionByIndex: All options with index in [43] are selected on object 'Object Repository/DispensaryToCms/Page_Dispensary Store/select_--Select--Adernaline 0.'

2018-05-31 15:00:54 - [MESSAGE][PASSED] - All options with index in [43] are selected on object 'Object Repository/DispensaryToCms/Page_Dispensary Store/select_--Select--Adernaline 0.'

2018-05-31 15:00:54 - [TEST_STEP][PASSED] - setText: Text '100' is set on object 'Object Repository/DispensaryToCms/Page_Dispensary Store/input_txttreat'

2018-05-31 15:00:54 - [MESSAGE][PASSED] - Text '100' is set on object 'Object Repository/DispensaryToCms/Page_Dispensary Store/input_txttreat'

2018-05-31 15:00:54 - [TEST_STEP][PASSED] - click: Object: 'Object Repository/DispensaryToCms/Page_Dispensary Store/button_Add' is clicked on

2018-05-31 15:00:59 - [MESSAGE][PASSED] - Object: 'Object Repository/DispensaryToCms/Page_Dispensary Store/button_Add' is clicked on

2018-05-31 15:00:59 - [TEST_STEP][PASSED] - delay: Delayed 1 second(s)

2018-05-31 15:01:00 - [MESSAGE][PASSED] - Delayed 1 second(s)

2018-05-31 15:01:00 - [TEST_STEP][PASSED] - selectOptionByIndex: All options with index in [1] are selected on object 'Object Repository/DispensaryToCms/Page_Dispensary Store/select_--Select--Schedule 1Inj'

2018-05-31 15:01:00 - [MESSAGE][PASSED] - All options with index in [1] are selected on object 'Object Repository/DispensaryToCms/Page_Dispensary Store/select_--Select--Schedule 1Inj'

2018-05-31 15:01:00 - [TEST_STEP][PASSED] - delay: Delayed 1 second(s)

2018-05-31 15:01:01 - [MESSAGE][PASSED] - Delayed 1 second(s)

2018-05-31 15:01:01 - [TEST_STEP][PASSED] - selectOptionByIndex: All options with index in [44] are selected on object 'Object Repository/DispensaryToCms/Page_Dispensary Store/select_--Select--Adernaline 0.'

2018-05-31 15:01:02 - [MESSAGE][PASSED] - All options with index in [44] are selected on object 'Object Repository/DispensaryToCms/Page_Dispensary Store/select_--Select--Adernaline 0.'

2018-05-31 15:01:02 - [TEST_STEP][PASSED] - setText: Text '100' is set on object 'Object Repository/DispensaryToCms/Page_Dispensary Store/input_txttreat'

2018-05-31 15:01:02 - [MESSAGE][PASSED] - Text '100' is set on object 'Object Repository/DispensaryToCms/Page_Dispensary Store/input_txttreat'

2018-05-31 15:01:02 - [TEST_STEP][PASSED] - click: Object: 'Object Repository/DispensaryToCms/Page_Dispensary Store/button_Add' is clicked on

2018-05-31 15:01:07 - [MESSAGE][PASSED] - Object: 'Object Repository/DispensaryToCms/Page_Dispensary Store/button_Add' is clicked on

2018-05-31 15:01:07 - [TEST_STEP][PASSED] - delay: Delayed 1 second(s)

2018-05-31 15:01:08 - [MESSAGE][PASSED] - Delayed 1 second(s)

2018-05-31 15:01:08 - [TEST_STEP][PASSED] - selectOptionByIndex: All options with index in [1] are selected on object 'Object Repository/DispensaryToCms/Page_Dispensary Store/select_--Select--Schedule 1Inj'

2018-05-31 15:01:08 - [MESSAGE][PASSED] - All options with index in [1] are selected on object 'Object Repository/DispensaryToCms/Page_Dispensary Store/select_--Select--Schedule 1Inj'

2018-05-31 15:01:08 - [TEST_STEP][PASSED] - delay: Delayed 1 second(s)

2018-05-31 15:01:09 - [MESSAGE][PASSED] - Delayed 1 second(s)

2018-05-31 15:01:09 - [TEST_STEP][PASSED] - selectOptionByIndex: All options with index in [45] are selected on object 'Object Repository/DispensaryToCms/Page_Dispensary Store/select_--Select--Adernaline 0.'

2018-05-31 15:01:10 - [MESSAGE][PASSED] - All options with index in [45] are selected on object 'Object Repository/DispensaryToCms/Page_Dispensary Store/select_--Select--Adernaline 0.'

2018-05-31 15:01:10 - [TEST_STEP][PASSED] - setText: Text '100' is set on object 'Object Repository/DispensaryToCms/Page_Dispensary Store/input_txttreat'

2018-05-31 15:01:10 - [MESSAGE][PASSED] - Text '100' is set on object 'Object Repository/DispensaryToCms/Page_Dispensary Store/input_txttreat'

2018-05-31 15:01:10 - [TEST_STEP][PASSED] - click: Object: 'Object Repository/DispensaryToCms/Page_Dispensary Store/button_Add' is clicked on

2018-05-31 15:01:15 - [MESSAGE][PASSED] - Object: 'Object Repository/DispensaryToCms/Page_Dispensary Store/button_Add' is clicked on

2018-05-31 15:01:15 - [TEST_STEP][PASSED] - delay: Delayed 1 second(s)

2018-05-31 15:01:16 - [MESSAGE][PASSED] - Delayed 1 second(s)

2018-05-31 15:01:16 - [TEST_STEP][PASSED] - selectOptionByIndex: All options with index in [1] are selected on object 'Object Repository/DispensaryToCms/Page_Dispensary Store/select_--Select--Schedule 1Inj'

2018-05-31 15:01:16 - [MESSAGE][PASSED] - All options with index in [1] are selected on object 'Object Repository/DispensaryToCms/Page_Dispensary Store/select_--Select--Schedule 1Inj'

2018-05-31 15:01:16 - [TEST_STEP][PASSED] - delay: Delayed 1 second(s)

2018-05-31 15:01:17 - [MESSAGE][PASSED] - Delayed 1 second(s)

2018-05-31 15:01:17 - [TEST_STEP][PASSED] - selectOptionByIndex: All options with index in [46] are selected on object 'Object Repository/DispensaryToCms/Page_Dispensary Store/select_--Select--Adernaline 0.'

2018-05-31 15:01:18 - [MESSAGE][PASSED] - All options with index in [46] are selected on object 'Object Repository/DispensaryToCms/Page_Dispensary Store/select_--Select--Adernaline 0.'

2018-05-31 15:01:18 - [TEST_STEP][PASSED] - setText: Text '100' is set on object 'Object Repository/DispensaryToCms/Page_Dispensary Store/input_txttreat'

2018-05-31 15:01:18 - [MESSAGE][PASSED] - Text '100' is set on object 'Object Repository/DispensaryToCms/Page_Dispensary Store/input_txttreat'

2018-05-31 15:01:18 - [TEST_STEP][PASSED] - click: Object: 'Object Repository/DispensaryToCms/Page_Dispensary Store/button_Add' is clicked on

2018-05-31 15:01:23 - [MESSAGE][PASSED] - Object: 'Object Repository/DispensaryToCms/Page_Dispensary Store/button_Add' is clicked on

2018-05-31 15:01:23 - [TEST_STEP][PASSED] - delay: Delayed 1 second(s)

2018-05-31 15:01:24 - [MESSAGE][PASSED] - Delayed 1 second(s)

2018-05-31 15:01:24 - [TEST_STEP][PASSED] - selectOptionByIndex: All options with index in [1] are selected on object 'Object Repository/DispensaryToCms/Page_Dispensary Store/select_--Select--Schedule 1Inj'

2018-05-31 15:01:24 - [MESSAGE][PASSED] - All options with index in [1] are selected on object 'Object Repository/DispensaryToCms/Page_Dispensary Store/select_--Select--Schedule 1Inj'

2018-05-31 15:01:24 - [TEST_STEP][PASSED] - delay: Delayed 1 second(s)

2018-05-31 15:01:25 - [MESSAGE][PASSED] - Delayed 1 second(s)

2018-05-31 15:01:25 - [TEST_STEP][PASSED] - selectOptionByIndex: All options with index in [47] are selected on object 'Object Repository/DispensaryToCms/Page_Dispensary Store/select_--Select--Adernaline 0.'

2018-05-31 15:01:26 - [MESSAGE][PASSED] - All options with index in [47] are selected on object 'Object Repository/DispensaryToCms/Page_Dispensary Store/select_--Select--Adernaline 0.'

2018-05-31 15:01:26 - [TEST_STEP][PASSED] - setText: Text '100' is set on object 'Object Repository/DispensaryToCms/Page_Dispensary Store/input_txttreat'

2018-05-31 15:01:26 - [MESSAGE][PASSED] - Text '100' is set on object 'Object Repository/DispensaryToCms/Page_Dispensary Store/input_txttreat'

2018-05-31 15:01:26 - [TEST_STEP][PASSED] - click: Object: 'Object Repository/DispensaryToCms/Page_Dispensary Store/button_Add' is clicked on

2018-05-31 15:01:31 - [MESSAGE][PASSED] - Object: 'Object Repository/DispensaryToCms/Page_Dispensary Store/button_Add' is clicked on

2018-05-31 15:01:31 - [TEST_STEP][PASSED] - delay: Delayed 1 second(s)

2018-05-31 15:01:32 - [MESSAGE][PASSED] - Delayed 1 second(s)

2018-05-31 15:01:32 - [TEST_STEP][PASSED] - selectOptionByIndex: All options with index in [1] are selected on object 'Object Repository/DispensaryToCms/Page_Dispensary Store/select_--Select--Schedule 1Inj'

2018-05-31 15:01:32 - [MESSAGE][PASSED] - All options with index in [1] are selected on object 'Object Repository/DispensaryToCms/Page_Dispensary Store/select_--Select--Schedule 1Inj'

2018-05-31 15:01:32 - [TEST_STEP][PASSED] - delay: Delayed 1 second(s)

2018-05-31 15:01:33 - [MESSAGE][PASSED] - Delayed 1 second(s)

2018-05-31 15:01:33 - [TEST_STEP][PASSED] - selectOptionByIndex: All options with index in [48] are selected on object 'Object Repository/DispensaryToCms/Page_Dispensary Store/select_--Select--Adernaline 0.'

2018-05-31 15:01:34 - [MESSAGE][PASSED] - All options with index in [48] are selected on object 'Object Repository/DispensaryToCms/Page_Dispensary Store/select_--Select--Adernaline 0.'

2018-05-31 15:01:34 - [TEST_STEP][PASSED] - setText: Text '100' is set on object 'Object Repository/DispensaryToCms/Page_Dispensary Store/input_txttreat'

2018-05-31 15:01:34 - [MESSAGE][PASSED] - Text '100' is set on object 'Object Repository/DispensaryToCms/Page_Dispensary Store/input_txttreat'

2018-05-31 15:01:34 - [TEST_STEP][PASSED] - click: Object: 'Object Repository/DispensaryToCms/Page_Dispensary Store/button_Add' is clicked on

2018-05-31 15:01:39 - [MESSAGE][PASSED] - Object: 'Object Repository/DispensaryToCms/Page_Dispensary Store/button_Add' is clicked on

2018-05-31 15:01:39 - [TEST_STEP][PASSED] - delay: Delayed 1 second(s)

2018-05-31 15:01:40 - [MESSAGE][PASSED] - Delayed 1 second(s)

2018-05-31 15:01:40 - [TEST_STEP][PASSED] - selectOptionByIndex: All options with index in [1] are selected on object 'Object Repository/DispensaryToCms/Page_Dispensary Store/select_--Select--Schedule 1Inj'

2018-05-31 15:01:40 - [MESSAGE][PASSED] - All options with index in [1] are selected on object 'Object Repository/DispensaryToCms/Page_Dispensary Store/select_--Select--Schedule 1Inj'

2018-05-31 15:01:40 - [TEST_STEP][PASSED] - delay: Delayed 1 second(s)

2018-05-31 15:01:41 - [MESSAGE][PASSED] - Delayed 1 second(s)

2018-05-31 15:01:41 - [TEST_STEP][PASSED] - selectOptionByIndex: All options with index in [49] are selected on object 'Object Repository/DispensaryToCms/Page_Dispensary Store/select_--Select--Adernaline 0.'

2018-05-31 15:01:42 - [MESSAGE][PASSED] - All options with index in [49] are selected on object 'Object Repository/DispensaryToCms/Page_Dispensary Store/select_--Select--Adernaline 0.'

2018-05-31 15:01:42 - [TEST_STEP][PASSED] - setText: Text '100' is set on object 'Object Repository/DispensaryToCms/Page_Dispensary Store/input_txttreat'

2018-05-31 15:01:42 - [MESSAGE][PASSED] - Text '100' is set on object 'Object Repository/DispensaryToCms/Page_Dispensary Store/input_txttreat'

2018-05-31 15:01:42 - [TEST_STEP][PASSED] - click: Object: 'Object Repository/DispensaryToCms/Page_Dispensary Store/button_Add' is clicked on

2018-05-31 15:01:47 - [MESSAGE][PASSED] - Object: 'Object Repository/DispensaryToCms/Page_Dispensary Store/button_Add' is clicked on

2018-05-31 15:01:47 - [TEST_STEP][PASSED] - delay: Delayed 1 second(s)

2018-05-31 15:01:48 - [MESSAGE][PASSED] - Delayed 1 second(s)

2018-05-31 15:01:48 - [TEST_STEP][PASSED] - selectOptionByIndex: All options with index in [1] are selected on object 'Object Repository/DispensaryToCms/Page_Dispensary Store/select_--Select--Schedule 1Inj'

2018-05-31 15:01:48 - [MESSAGE][PASSED] - All options with index in [1] are selected on object 'Object Repository/DispensaryToCms/Page_Dispensary Store/select_--Select--Schedule 1Inj'

2018-05-31 15:01:48 - [TEST_STEP][PASSED] - delay: Delayed 1 second(s)

2018-05-31 15:01:49 - [MESSAGE][PASSED] - Delayed 1 second(s)

2018-05-31 15:01:49 - [TEST_STEP][PASSED] - selectOptionByIndex: All options with index in [50] are selected on object 'Object Repository/DispensaryToCms/Page_Dispensary Store/select_--Select--Adernaline 0.'

2018-05-31 15:01:50 - [MESSAGE][PASSED] - All options with index in [50] are selected on object 'Object Repository/DispensaryToCms/Page_Dispensary Store/select_--Select--Adernaline 0.'

2018-05-31 15:01:50 - [TEST_STEP][PASSED] - setText: Text '100' is set on object 'Object Repository/DispensaryToCms/Page_Dispensary Store/input_txttreat'

2018-05-31 15:01:50 - [MESSAGE][PASSED] - Text '100' is set on object 'Object Repository/DispensaryToCms/Page_Dispensary Store/input_txttreat'

2018-05-31 15:01:50 - [TEST_STEP][PASSED] - click: Object: 'Object Repository/DispensaryToCms/Page_Dispensary Store/button_Add' is clicked on

2018-05-31 15:01:55 - [MESSAGE][PASSED] - Object: 'Object Repository/DispensaryToCms/Page_Dispensary Store/button_Add' is clicked on

2018-05-31 15:01:55 - [TEST_STEP][PASSED] - delay: Delayed 1 second(s)

2018-05-31 15:01:56 - [MESSAGE][PASSED] - Delayed 1 second(s)

2018-05-31 15:01:56 - [TEST_STEP][PASSED] - selectOptionByIndex: All options with index in [1] are selected on object 'Object Repository/DispensaryToCms/Page_Dispensary Store/select_--Select--Schedule 1Inj'

2018-05-31 15:01:56 - [MESSAGE][PASSED] - All options with index in [1] are selected on object 'Object Repository/DispensaryToCms/Page_Dispensary Store/select_--Select--Schedule 1Inj'

2018-05-31 15:01:56 - [TEST_STEP][PASSED] - delay: Delayed 1 second(s)

2018-05-31 15:01:57 - [MESSAGE][PASSED] - Delayed 1 second(s)

2018-05-31 15:01:57 - [TEST_STEP][PASSED] - selectOptionByIndex: All options with index in [51] are selected on object 'Object Repository/DispensaryToCms/Page_Dispensary Store/select_--Select--Adernaline 0.'

2018-05-31 15:01:58 - [MESSAGE][PASSED] - All options with index in [51] are selected on object 'Object Repository/DispensaryToCms/Page_Dispensary Store/select_--Select--Adernaline 0.'

2018-05-31 15:01:58 - [TEST_STEP][PASSED] - setText: Text '100' is set on object 'Object Repository/DispensaryToCms/Page_Dispensary Store/input_txttreat'

2018-05-31 15:01:58 - [MESSAGE][PASSED] - Text '100' is set on object 'Object Repository/DispensaryToCms/Page_Dispensary Store/input_txttreat'

2018-05-31 15:01:58 - [TEST_STEP][PASSED] - click: Object: 'Object Repository/DispensaryToCms/Page_Dispensary Store/button_Add' is clicked on

2018-05-31 15:02:03 - [MESSAGE][PASSED] - Object: 'Object Repository/DispensaryToCms/Page_Dispensary Store/button_Add' is clicked on

2018-05-31 15:02:03 - [TEST_STEP][PASSED] - delay: Delayed 1 second(s)

2018-05-31 15:02:04 - [MESSAGE][PASSED] - Delayed 1 second(s)

2018-05-31 15:02:04 - [TEST_STEP][PASSED] - selectOptionByIndex: All options with index in [1] are selected on object 'Object Repository/DispensaryToCms/Page_Dispensary Store/select_--Select--Schedule 1Inj'

2018-05-31 15:02:04 - [MESSAGE][PASSED] - All options with index in [1] are selected on object 'Object Repository/DispensaryToCms/Page_Dispensary Store/select_--Select--Schedule 1Inj'

2018-05-31 15:02:04 - [TEST_STEP][PASSED] - delay: Delayed 1 second(s)

2018-05-31 15:02:05 - [MESSAGE][PASSED] - Delayed 1 second(s)

2018-05-31 15:02:05 - [TEST_STEP][PASSED] - selectOptionByIndex: All options with index in [52] are selected on object 'Object Repository/DispensaryToCms/Page_Dispensary Store/select_--Select--Adernaline 0.'

2018-05-31 15:02:06 - [MESSAGE][PASSED] - All options with index in [52] are selected on object 'Object Repository/DispensaryToCms/Page_Dispensary Store/select_--Select--Adernaline 0.'

2018-05-31 15:02:06 - [TEST_STEP][PASSED] - setText: Text '100' is set on object 'Object Repository/DispensaryToCms/Page_Dispensary Store/input_txttreat'

2018-05-31 15:02:06 - [MESSAGE][PASSED] - Text '100' is set on object 'Object Repository/DispensaryToCms/Page_Dispensary Store/input_txttreat'

2018-05-31 15:02:06 - [TEST_STEP][PASSED] - click: Object: 'Object Repository/DispensaryToCms/Page_Dispensary Store/button_Add' is clicked on

2018-05-31 15:02:11 - [MESSAGE][PASSED] - Object: 'Object Repository/DispensaryToCms/Page_Dispensary Store/button_Add' is clicked on

2018-05-31 15:02:11 - [TEST_STEP][PASSED] - delay: Delayed 1 second(s)

2018-05-31 15:02:12 - [MESSAGE][PASSED] - Delayed 1 second(s)

2018-05-31 15:02:12 - [TEST_STEP][PASSED] - selectOptionByIndex: All options with index in [1] are selected on object 'Object Repository/DispensaryToCms/Page_Dispensary Store/select_--Select--Schedule 1Inj'

2018-05-31 15:02:12 - [MESSAGE][PASSED] - All options with index in [1] are selected on object 'Object Repository/DispensaryToCms/Page_Dispensary Store/select_--Select--Schedule 1Inj'

2018-05-31 15:02:12 - [TEST_STEP][PASSED] - delay: Delayed 1 second(s)

2018-05-31 15:02:13 - [MESSAGE][PASSED] - Delayed 1 second(s)

2018-05-31 15:02:13 - [TEST_STEP][PASSED] - selectOptionByIndex: All options with index in [53] are selected on object 'Object Repository/DispensaryToCms/Page_Dispensary Store/select_--Select--Adernaline 0.'

2018-05-31 15:02:14 - [MESSAGE][PASSED] - All options with index in [53] are selected on object 'Object Repository/DispensaryToCms/Page_Dispensary Store/select_--Select--Adernaline 0.'

2018-05-31 15:02:14 - [TEST_STEP][PASSED] - setText: Text '100' is set on object 'Object Repository/DispensaryToCms/Page_Dispensary Store/input_txttreat'

2018-05-31 15:02:14 - [MESSAGE][PASSED] - Text '100' is set on object 'Object Repository/DispensaryToCms/Page_Dispensary Store/input_txttreat'

2018-05-31 15:02:14 - [TEST_STEP][PASSED] - click: Object: 'Object Repository/DispensaryToCms/Page_Dispensary Store/button_Add' is clicked on

2018-05-31 15:02:19 - [MESSAGE][PASSED] - Object: 'Object Repository/DispensaryToCms/Page_Dispensary Store/button_Add' is clicked on

2018-05-31 15:02:19 - [TEST_STEP][PASSED] - delay: Delayed 1 second(s)

2018-05-31 15:02:20 - [MESSAGE][PASSED] - Delayed 1 second(s)

2018-05-31 15:02:20 - [TEST_STEP][PASSED] - selectOptionByIndex: All options with index in [1] are selected on object 'Object Repository/DispensaryToCms/Page_Dispensary Store/select_--Select--Schedule 1Inj'

2018-05-31 15:02:20 - [MESSAGE][PASSED] - All options with index in [1] are selected on object 'Object Repository/DispensaryToCms/Page_Dispensary Store/select_--Select--Schedule 1Inj'

2018-05-31 15:02:20 - [TEST_STEP][PASSED] - delay: Delayed 1 second(s)

2018-05-31 15:02:21 - [MESSAGE][PASSED] - Delayed 1 second(s)

2018-05-31 15:02:21 - [TEST_STEP][PASSED] - selectOptionByIndex: All options with index in [54] are selected on object 'Object Repository/DispensaryToCms/Page_Dispensary Store/select_--Select--Adernaline 0.'

2018-05-31 15:02:22 - [MESSAGE][PASSED] - All options with index in [54] are selected on object 'Object Repository/DispensaryToCms/Page_Dispensary Store/select_--Select--Adernaline 0.'

2018-05-31 15:02:22 - [TEST_STEP][PASSED] - setText: Text '100' is set on object 'Object Repository/DispensaryToCms/Page_Dispensary Store/input_txttreat'

2018-05-31 15:02:22 - [MESSAGE][PASSED] - Text '100' is set on object 'Object Repository/DispensaryToCms/Page_Dispensary Store/input_txttreat'

2018-05-31 15:02:22 - [TEST_STEP][PASSED] - click: Object: 'Object Repository/DispensaryToCms/Page_Dispensary Store/button_Add' is clicked on

2018-05-31 15:02:27 - [MESSAGE][PASSED] - Object: 'Object Repository/DispensaryToCms/Page_Dispensary Store/button_Add' is clicked on

2018-05-31 15:02:27 - [TEST_STEP][PASSED] - delay: Delayed 1 second(s)

2018-05-31 15:02:28 - [MESSAGE][PASSED] - Delayed 1 second(s)

2018-05-31 15:02:28 - [TEST_STEP][PASSED] - selectOptionByIndex: All options with index in [1] are selected on object 'Object Repository/DispensaryToCms/Page_Dispensary Store/select_--Select--Schedule 1Inj'

2018-05-31 15:02:28 - [MESSAGE][PASSED] - All options with index in [1] are selected on object 'Object Repository/DispensaryToCms/Page_Dispensary Store/select_--Select--Schedule 1Inj'

2018-05-31 15:02:28 - [TEST_STEP][PASSED] - delay: Delayed 1 second(s)

2018-05-31 15:02:29 - [MESSAGE][PASSED] - Delayed 1 second(s)

2018-05-31 15:02:29 - [TEST_STEP][PASSED] - selectOptionByIndex: All options with index in [55] are selected on object 'Object Repository/DispensaryToCms/Page_Dispensary Store/select_--Select--Adernaline 0.'

2018-05-31 15:02:30 - [MESSAGE][PASSED] - All options with index in [55] are selected on object 'Object Repository/DispensaryToCms/Page_Dispensary Store/select_--Select--Adernaline 0.'

2018-05-31 15:02:30 - [TEST_STEP][PASSED] - setText: Text '100' is set on object 'Object Repository/DispensaryToCms/Page_Dispensary Store/input_txttreat'

2018-05-31 15:02:30 - [MESSAGE][PASSED] - Text '100' is set on object 'Object Repository/DispensaryToCms/Page_Dispensary Store/input_txttreat'

2018-05-31 15:02:30 - [TEST_STEP][PASSED] - click: Object: 'Object Repository/DispensaryToCms/Page_Dispensary Store/button_Add' is clicked on

2018-05-31 15:02:35 - [MESSAGE][PASSED] - Object: 'Object Repository/DispensaryToCms/Page_Dispensary Store/button_Add' is clicked on

2018-05-31 15:02:35 - [TEST_STEP][PASSED] - delay: Delayed 1 second(s)

2018-05-31 15:02:36 - [MESSAGE][PASSED] - Delayed 1 second(s)

2018-05-31 15:02:36 - [TEST_STEP][PASSED] - selectOptionByIndex: All options with index in [1] are selected on object 'Object Repository/DispensaryToCms/Page_Dispensary Store/select_--Select--Schedule 1Inj'

2018-05-31 15:02:37 - [MESSAGE][PASSED] - All options with index in [1] are selected on object 'Object Repository/DispensaryToCms/Page_Dispensary Store/select_--Select--Schedule 1Inj'

2018-05-31 15:02:37 - [TEST_STEP][PASSED] - delay: Delayed 1 second(s)

2018-05-31 15:02:38 - [MESSAGE][PASSED] - Delayed 1 second(s)

2018-05-31 15:02:38 - [TEST_STEP][PASSED] - selectOptionByIndex: All options with index in [56] are selected on object 'Object Repository/DispensaryToCms/Page_Dispensary Store/select_--Select--Adernaline 0.'

2018-05-31 15:02:38 - [MESSAGE][PASSED] - All options with index in [56] are selected on object 'Object Repository/DispensaryToCms/Page_Dispensary Store/select_--Select--Adernaline 0.'

2018-05-31 15:02:38 - [TEST_STEP][PASSED] - setText: Text '100' is set on object 'Object Repository/DispensaryToCms/Page_Dispensary Store/input_txttreat'

2018-05-31 15:02:38 - [MESSAGE][PASSED] - Text '100' is set on object 'Object Repository/DispensaryToCms/Page_Dispensary Store/input_txttreat'

2018-05-31 15:02:38 - [TEST_STEP][PASSED] - click: Object: 'Object Repository/DispensaryToCms/Page_Dispensary Store/button_Add' is clicked on

2018-05-31 15:02:43 - [MESSAGE][PASSED] - Object: 'Object Repository/DispensaryToCms/Page_Dispensary Store/button_Add' is clicked on

2018-05-31 15:02:43 - [TEST_STEP][PASSED] - delay: Delayed 1 second(s)

2018-05-31 15:02:44 - [MESSAGE][PASSED] - Delayed 1 second(s)

2018-05-31 15:02:44 - [TEST_STEP][PASSED] - selectOptionByIndex: All options with index in [1] are selected on object 'Object Repository/DispensaryToCms/Page_Dispensary Store/select_--Select--Schedule 1Inj'

2018-05-31 15:02:45 - [MESSAGE][PASSED] - All options with index in [1] are selected on object 'Object Repository/DispensaryToCms/Page_Dispensary Store/select_--Select--Schedule 1Inj'

2018-05-31 15:02:45 - [TEST_STEP][PASSED] - delay: Delayed 1 second(s)

2018-05-31 15:02:46 - [MESSAGE][PASSED] - Delayed 1 second(s)

2018-05-31 15:02:46 - [TEST_STEP][PASSED] - selectOptionByIndex: All options with index in [57] are selected on object 'Object Repository/DispensaryToCms/Page_Dispensary Store/select_--Select--Adernaline 0.'

2018-05-31 15:02:46 - [MESSAGE][PASSED] - All options with index in [57] are selected on object 'Object Repository/DispensaryToCms/Page_Dispensary Store/select_--Select--Adernaline 0.'

2018-05-31 15:02:46 - [TEST_STEP][PASSED] - setText: Text '100' is set on object 'Object Repository/DispensaryToCms/Page_Dispensary Store/input_txttreat'

2018-05-31 15:02:47 - [MESSAGE][PASSED] - Text '100' is set on object 'Object Repository/DispensaryToCms/Page_Dispensary Store/input_txttreat'

2018-05-31 15:02:47 - [TEST_STEP][PASSED] - click: Object: 'Object Repository/DispensaryToCms/Page_Dispensary Store/button_Add' is clicked on

2018-05-31 15:02:52 - [MESSAGE][PASSED] - Object: 'Object Repository/DispensaryToCms/Page_Dispensary Store/button_Add' is clicked on

2018-05-31 15:02:52 - [TEST_STEP][PASSED] - delay: Delayed 1 second(s)

2018-05-31 15:02:53 - [MESSAGE][PASSED] - Delayed 1 second(s)

2018-05-31 15:02:53 - [TEST_STEP][PASSED] - selectOptionByIndex: All options with index in [1] are selected on object 'Object Repository/DispensaryToCms/Page_Dispensary Store/select_--Select--Schedule 1Inj'

2018-05-31 15:02:53 - [MESSAGE][PASSED] - All options with index in [1] are selected on object 'Object Repository/DispensaryToCms/Page_Dispensary Store/select_--Select--Schedule 1Inj'

2018-05-31 15:02:53 - [TEST_STEP][PASSED] - delay: Delayed 1 second(s)

2018-05-31 15:02:54 - [MESSAGE][PASSED] - Delayed 1 second(s)

2018-05-31 15:02:54 - [TEST_STEP][PASSED] - selectOptionByIndex: All options with index in [58] are selected on object 'Object Repository/DispensaryToCms/Page_Dispensary Store/select_--Select--Adernaline 0.'

2018-05-31 15:02:54 - [MESSAGE][PASSED] - All options with index in [58] are selected on object 'Object Repository/DispensaryToCms/Page_Dispensary Store/select_--Select--Adernaline 0.'

2018-05-31 15:02:54 - [TEST_STEP][PASSED] - setText: Text '100' is set on object 'Object Repository/DispensaryToCms/Page_Dispensary Store/input_txttreat'

2018-05-31 15:02:55 - [MESSAGE][PASSED] - Text '100' is set on object 'Object Repository/DispensaryToCms/Page_Dispensary Store/input_txttreat'

2018-05-31 15:02:55 - [TEST_STEP][PASSED] - click: Object: 'Object Repository/DispensaryToCms/Page_Dispensary Store/button_Add' is clicked on

2018-05-31 15:03:00 - [MESSAGE][PASSED] - Object: 'Object Repository/DispensaryToCms/Page_Dispensary Store/button_Add' is clicked on

2018-05-31 15:03:00 - [TEST_STEP][PASSED] - delay: Delayed 1 second(s)

2018-05-31 15:03:01 - [MESSAGE][PASSED] - Delayed 1 second(s)

2018-05-31 15:03:01 - [TEST_STEP][PASSED] - selectOptionByIndex: All options with index in [1] are selected on object 'Object Repository/DispensaryToCms/Page_Dispensary Store/select_--Select--Schedule 1Inj'

2018-05-31 15:03:01 - [MESSAGE][PASSED] - All options with index in [1] are selected on object 'Object Repository/DispensaryToCms/Page_Dispensary Store/select_--Select--Schedule 1Inj'

2018-05-31 15:03:01 - [TEST_STEP][PASSED] - delay: Delayed 1 second(s)

2018-05-31 15:03:02 - [MESSAGE][PASSED] - Delayed 1 second(s)

2018-05-31 15:03:02 - [TEST_STEP][PASSED] - selectOptionByIndex: All options with index in [59] are selected on object 'Object Repository/DispensaryToCms/Page_Dispensary Store/select_--Select--Adernaline 0.'

2018-05-31 15:03:03 - [MESSAGE][PASSED] - All options with index in [59] are selected on object 'Object Repository/DispensaryToCms/Page_Dispensary Store/select_--Select--Adernaline 0.'

2018-05-31 15:03:03 - [TEST_STEP][PASSED] - setText: Text '100' is set on object 'Object Repository/DispensaryToCms/Page_Dispensary Store/input_txttreat'

2018-05-31 15:03:03 - [MESSAGE][PASSED] - Text '100' is set on object 'Object Repository/DispensaryToCms/Page_Dispensary Store/input_txttreat'

2018-05-31 15:03:03 - [TEST_STEP][PASSED] - click: Object: 'Object Repository/DispensaryToCms/Page_Dispensary Store/button_Add' is clicked on

2018-05-31 15:03:08 - [MESSAGE][PASSED] - Object: 'Object Repository/DispensaryToCms/Page_Dispensary Store/button_Add' is clicked on

2018-05-31 15:03:08 - [TEST_STEP][PASSED] - delay: Delayed 1 second(s)

2018-05-31 15:03:09 - [MESSAGE][PASSED] - Delayed 1 second(s)

2018-05-31 15:03:09 - [TEST_STEP][PASSED] - selectOptionByIndex: All options with index in [1] are selected on object 'Object Repository/DispensaryToCms/Page_Dispensary Store/select_--Select--Schedule 1Inj'

2018-05-31 15:03:09 - [MESSAGE][PASSED] - All options with index in [1] are selected on object 'Object Repository/DispensaryToCms/Page_Dispensary Store/select_--Select--Schedule 1Inj'

2018-05-31 15:03:09 - [TEST_STEP][PASSED] - delay: Delayed 1 second(s)

2018-05-31 15:03:10 - [MESSAGE][PASSED] - Delayed 1 second(s)

2018-05-31 15:03:10 - [TEST_STEP][PASSED] - selectOptionByIndex: All options with index in [60] are selected on object 'Object Repository/DispensaryToCms/Page_Dispensary Store/select_--Select--Adernaline 0.'

2018-05-31 15:03:11 - [MESSAGE][PASSED] - All options with index in [60] are selected on object 'Object Repository/DispensaryToCms/Page_Dispensary Store/select_--Select--Adernaline 0.'

2018-05-31 15:03:11 - [TEST_STEP][PASSED] - setText: Text '100' is set on object 'Object Repository/DispensaryToCms/Page_Dispensary Store/input_txttreat'

2018-05-31 15:03:11 - [MESSAGE][PASSED] - Text '100' is set on object 'Object Repository/DispensaryToCms/Page_Dispensary Store/input_txttreat'

2018-05-31 15:03:11 - [TEST_STEP][PASSED] - click: Object: 'Object Repository/DispensaryToCms/Page_Dispensary Store/button_Add' is clicked on

2018-05-31 15:03:16 - [MESSAGE][PASSED] - Object: 'Object Repository/DispensaryToCms/Page_Dispensary Store/button_Add' is clicked on

2018-05-31 15:03:16 - [TEST_STEP][PASSED] - delay: Delayed 1 second(s)

2018-05-31 15:03:17 - [MESSAGE][PASSED] - Delayed 1 second(s)

2018-05-31 15:03:17 - [TEST_STEP][PASSED] - selectOptionByIndex: All options with index in [1] are selected on object 'Object Repository/DispensaryToCms/Page_Dispensary Store/select_--Select--Schedule 1Inj'

2018-05-31 15:03:17 - [MESSAGE][PASSED] - All options with index in [1] are selected on object 'Object Repository/DispensaryToCms/Page_Dispensary Store/select_--Select--Schedule 1Inj'

2018-05-31 15:03:17 - [TEST_STEP][PASSED] - delay: Delayed 1 second(s)

2018-05-31 15:03:18 - [MESSAGE][PASSED] - Delayed 1 second(s)

2018-05-31 15:03:18 - [TEST_STEP][PASSED] - selectOptionByIndex: All options with index in [61] are selected on object 'Object Repository/DispensaryToCms/Page_Dispensary Store/select_--Select--Adernaline 0.'

2018-05-31 15:03:19 - [MESSAGE][PASSED] - All options with index in [61] are selected on object 'Object Repository/DispensaryToCms/Page_Dispensary Store/select_--Select--Adernaline 0.'

2018-05-31 15:03:19 - [TEST_STEP][PASSED] - setText: Text '100' is set on object 'Object Repository/DispensaryToCms/Page_Dispensary Store/input_txttreat'

2018-05-31 15:03:19 - [MESSAGE][PASSED] - Text '100' is set on object 'Object Repository/DispensaryToCms/Page_Dispensary Store/input_txttreat'

2018-05-31 15:03:19 - [TEST_STEP][PASSED] - click: Object: 'Object Repository/DispensaryToCms/Page_Dispensary Store/button_Add' is clicked on

2018-05-31 15:03:24 - [MESSAGE][PASSED] - Object: 'Object Repository/DispensaryToCms/Page_Dispensary Store/button_Add' is clicked on

2018-05-31 15:03:24 - [TEST_STEP][PASSED] - delay: Delayed 1 second(s)

2018-05-31 15:03:25 - [MESSAGE][PASSED] - Delayed 1 second(s)

2018-05-31 15:03:25 - [TEST_STEP][PASSED] - selectOptionByIndex: All options with index in [1] are selected on object 'Object Repository/DispensaryToCms/Page_Dispensary Store/select_--Select--Schedule 1Inj'

2018-05-31 15:03:25 - [MESSAGE][PASSED] - All options with index in [1] are selected on object 'Object Repository/DispensaryToCms/Page_Dispensary Store/select_--Select--Schedule 1Inj'

2018-05-31 15:03:25 - [TEST_STEP][PASSED] - delay: Delayed 1 second(s)

2018-05-31 15:03:26 - [MESSAGE][PASSED] - Delayed 1 second(s)

2018-05-31 15:03:26 - [TEST_STEP][PASSED] - selectOptionByIndex: All options with index in [62] are selected on object 'Object Repository/DispensaryToCms/Page_Dispensary Store/select_--Select--Adernaline 0.'

2018-05-31 15:03:27 - [MESSAGE][PASSED] - All options with index in [62] are selected on object 'Object Repository/DispensaryToCms/Page_Dispensary Store/select_--Select--Adernaline 0.'

2018-05-31 15:03:27 - [TEST_STEP][PASSED] - setText: Text '100' is set on object 'Object Repository/DispensaryToCms/Page_Dispensary Store/input_txttreat'

2018-05-31 15:03:27 - [MESSAGE][PASSED] - Text '100' is set on object 'Object Repository/DispensaryToCms/Page_Dispensary Store/input_txttreat'

2018-05-31 15:03:27 - [TEST_STEP][PASSED] - click: Object: 'Object Repository/DispensaryToCms/Page_Dispensary Store/button_Add' is clicked on

2018-05-31 15:03:32 - [MESSAGE][PASSED] - Object: 'Object Repository/DispensaryToCms/Page_Dispensary Store/button_Add' is clicked on

2018-05-31 15:03:32 - [TEST_STEP][PASSED] - delay: Delayed 1 second(s)

2018-05-31 15:03:33 - [MESSAGE][PASSED] - Delayed 1 second(s)

2018-05-31 15:03:33 - [TEST_STEP][PASSED] - scrollToElement: Scroll to object 'Object Repository/DispensaryToCms/Page_Dispensary Store/input_btnsave' successfully

2018-05-31 15:03:33 - [MESSAGE][PASSED] - Scroll to object 'Object Repository/DispensaryToCms/Page_Dispensary Store/input_btnsave' successfully

2018-05-31 15:03:33 - [TEST_STEP][PASSED] - click: Object: 'Object Repository/DispensaryToCms/Page_Dispensary Store/input_btnsave' is clicked on

2018-05-31 15:03:39 - [MESSAGE][PASSED] - Object: 'Object Repository/DispensaryToCms/Page_Dispensary Store/input_btnsave' is clicked on

2018-05-31 15:03:39 - [TEST_STEP][PASSED] - delay: Delayed 3 second(s)

2018-05-31 15:03:42 - [MESSAGE][PASSED] - Delayed 3 second(s)

2018-05-31 15:03:42 - [TEST_STEP][FAILED] - Statement - RN1 = com.kms.katalon.core.webui.keyword.WebUiBuiltInKeywords.getText(com.kms.katalon.core.testobject.ObjectRepository.findTestObject(DispensaryToCms/Page_Dispensary Store/font_PRNO18052018174)): Unable to get text of object 'Object Repository/DispensaryToCms/Page_Dispensary Store/font_PRNO18052018174' (Root cause: com.kms.katalon.core.webui.exception.WebElementNotFoundException: Web element with id: 'Object Repository/DispensaryToCms/Page_Dispensary Store/font_PRNO18052018174' located by 'By.xpath: /html[1]/body[@class="skin-blue  pace-done modal-open"]/div[@class="bootbox modal fade bootbox-alert in"]/div[@class="modal-dialog"]/div[@class="modal-content"]/div[@class="modal-body"]/div[@class="bootbox-body"]/b[1]/font[1]' not found)

2018-05-31 15:04:14 - [MESSAGE][FAILED] - Unable to get text of object 'Object Repository/DispensaryToCms/Page_Dispensary Store/font_PRNO18052018174' (Root cause: com.kms.katalon.core.webui.exception.WebElementNotFoundException: Web element with id: 'Object Repository/DispensaryToCms/Page_Dispensary Store/font_PRNO18052018174' located by 'By.xpath: /html[1]/body[@class="skin-blue  pace-done modal-open"]/div[@class="bootbox modal fade bootbox-alert in"]/div[@class="modal-dialog"]/div[@class="modal-content"]/div[@class="modal-body"]/div[@class="bootbox-body"]/b[1]/font[1]' not found)
[[ATTACHMENT|C:\\Users\\Quality Analyst\\Katalon Studio\\ds\\Reports\\Dispensary_Cms_Suite\\20180531_144522\\1527759253384.png]]]]></system-out>
         <system-err><![CDATA[2018-05-31 14:55:08 - [TEST_CASE][FAILED] - Test Cases/DISPENSARY TEST CASES/TC_DP_013 Verify Schedule 1 Dispensary To CMS Request Are Working Successfully Or Not: Test Cases/DISPENSARY TEST CASES/TC_DP_013 Verify Schedule 1 Dispensary To CMS Request Are Working Successfully Or Not FAILED because (of) Unable to get text of object 'Object Repository/DispensaryToCms/Page_Dispensary Store/font_PRNO18052018174' (Root cause: com.kms.katalon.core.webui.exception.WebElementNotFoundException: Web element with id: 'Object Repository/DispensaryToCms/Page_Dispensary Store/font_PRNO18052018174' located by 'By.xpath: /html[1]/body[@class="skin-blue  pace-done modal-open"]/div[@class="bootbox modal fade bootbox-alert in"]/div[@class="modal-dialog"]/div[@class="modal-content"]/div[@class="modal-body"]/div[@class="bootbox-body"]/b[1]/font[1]' not found)]]></system-err>
      </testcase>
      <testcase name="Test Cases/DISPENSARY TEST CASES/TC_DP_014 Verify Schedule 2 Dispensary To CMS Request Are Working Successfully Or Not" classname="Test Cases/DISPENSARY TEST CASES/TC_DP_014 Verify Schedule 2 Dispensary To CMS Request Are Working Successfully Or Not" status="ERROR">
         <error type="ERROR" message="Test Cases/DISPENSARY TEST CASES/TC_DP_014 Verify Schedule 2 Dispensary To CMS Request Are Working Successfully Or Not FAILED because (of) java.lang.ArrayIndexOutOfBoundsException: 2"/>
         <system-out><![CDATA[2018-05-31 15:04:14 - [TEST_CASE][ERROR] - Test Cases/DISPENSARY TEST CASES/TC_DP_014 Verify Schedule 2 Dispensary To CMS Request Are Working Successfully Or Not: Test Cases/DISPENSARY TEST CASES/TC_DP_014 Verify Schedule 2 Dispensary To CMS Request Are Working Successfully Or Not FAILED because (of) java.lang.ArrayIndexOutOfBoundsException: 2

2018-05-31 15:04:14 - [TEST_STEP][PASSED] - openBrowser: Browser is opened with url: ''

2018-05-31 15:04:14 - [MESSAGE][WARNING] - A browser is already opened. Closing browser and opening a new one

2018-05-31 15:04:17 - [MESSAGE][PASSED] - Browser is opened with url: ''

2018-05-31 15:04:17 - [TEST_STEP][PASSED] - navigateToUrl: Navigate to 'http://192.168.137.1/multihospital_new/HDSplashscreen.aspx' successfully

2018-05-31 15:04:20 - [MESSAGE][PASSED] - Navigate to 'http://192.168.137.1/multihospital_new/HDSplashscreen.aspx' successfully

2018-05-31 15:04:20 - [TEST_STEP][PASSED] - maximizeWindow: Current window maximized

2018-05-31 15:04:21 - [MESSAGE][PASSED] - Current window maximized

2018-05-31 15:04:21 - [TEST_STEP][PASSED] - click: Object: 'Object Repository/DispensaryToCms/Page_KDMC/a_Dispensary Store' is clicked on

2018-05-31 15:04:22 - [MESSAGE][PASSED] - Object: 'Object Repository/DispensaryToCms/Page_KDMC/a_Dispensary Store' is clicked on

2018-05-31 15:04:22 - [TEST_STEP][PASSED] - setText: Text 'rajaram' is set on object 'Object Repository/DispensaryToCms/Page_Dispensary Store Login/input_txtusername'

2018-05-31 15:04:22 - [MESSAGE][PASSED] - Text 'rajaram' is set on object 'Object Repository/DispensaryToCms/Page_Dispensary Store Login/input_txtusername'

2018-05-31 15:04:22 - [TEST_STEP][PASSED] - setText: Text '123' is set on object 'Object Repository/DispensaryToCms/Page_Dispensary Store Login/input_txtpassword'

2018-05-31 15:04:22 - [MESSAGE][PASSED] - Text '123' is set on object 'Object Repository/DispensaryToCms/Page_Dispensary Store Login/input_txtpassword'

2018-05-31 15:04:22 - [TEST_STEP][PASSED] - delay: Delayed 3 second(s)

2018-05-31 15:04:25 - [MESSAGE][PASSED] - Delayed 3 second(s)

2018-05-31 15:04:25 - [TEST_STEP][PASSED] - click: Object: 'Object Repository/DispensaryToCms/Page_Dispensary Store Login/button_Sign in' is clicked on

2018-05-31 15:04:26 - [MESSAGE][PASSED] - Object: 'Object Repository/DispensaryToCms/Page_Dispensary Store Login/button_Sign in' is clicked on

2018-05-31 15:04:26 - [TEST_STEP][PASSED] - delay: Delayed 3 second(s)

2018-05-31 15:04:29 - [MESSAGE][PASSED] - Delayed 3 second(s)

2018-05-31 15:04:29 - [TEST_STEP][PASSED] - click: Object: 'Object Repository/DispensaryToCms/Page_Dispensary Store/a_CMS' is clicked on

2018-05-31 15:04:29 - [MESSAGE][PASSED] - Object: 'Object Repository/DispensaryToCms/Page_Dispensary Store/a_CMS' is clicked on

2018-05-31 15:04:29 - [TEST_STEP][PASSED] - click: Object: 'Object Repository/DispensaryToCms/Page_Dispensary Store/a_Request Send' is clicked on

2018-05-31 15:04:29 - [MESSAGE][PASSED] - Object: 'Object Repository/DispensaryToCms/Page_Dispensary Store/a_Request Send' is clicked on

2018-05-31 15:04:29 - [TEST_STEP][PASSED] - delay: Delayed 2 second(s)

2018-05-31 15:04:31 - [MESSAGE][PASSED] - Delayed 2 second(s)

2018-05-31 15:04:31 - [TEST_STEP][PASSED] - selectOptionByIndex: All options with index in [2] are selected on object 'Object Repository/DispensaryToCms/Page_Dispensary Store/select_--Select--'

2018-05-31 15:04:32 - [MESSAGE][PASSED] - All options with index in [2] are selected on object 'Object Repository/DispensaryToCms/Page_Dispensary Store/select_--Select--'

2018-05-31 15:04:32 - [TEST_STEP][PASSED] - selectOptionByIndex: All options with index in [2] are selected on object 'Object Repository/DispensaryToCms/Page_Dispensary Store/select_--Select--Schedule 1Inj'

2018-05-31 15:04:32 - [MESSAGE][PASSED] - All options with index in [2] are selected on object 'Object Repository/DispensaryToCms/Page_Dispensary Store/select_--Select--Schedule 1Inj'

2018-05-31 15:04:32 - [TEST_STEP][PASSED] - Statement - medicineslength = com.kms.katalon.core.webui.keyword.WebUiBuiltInKeywords.getNumberOfTotalOption(com.kms.katalon.core.testobject.ObjectRepository.findTestObject(DispensaryToCms/Page_Dispensary Store/select_--Select--Adernaline 0.)): 73 options of object 'Object Repository/DispensaryToCms/Page_Dispensary Store/select_--Select--Adernaline 0.' counted

2018-05-31 15:04:32 - [MESSAGE][PASSED] - 73 options of object 'Object Repository/DispensaryToCms/Page_Dispensary Store/select_--Select--Adernaline 0.' counted

2018-05-31 15:04:32 - [TEST_STEP][PASSED] - Statement - For ([e = 1, e <= medicineslength - 1, (e++)]): Delayed 1 second(s)

2018-05-31 15:04:32 - [TEST_STEP][PASSED] - selectOptionByIndex: All options with index in [2] are selected on object 'Object Repository/DispensaryToCms/Page_Dispensary Store/select_--Select--Schedule 1Inj'

2018-05-31 15:04:32 - [MESSAGE][PASSED] - All options with index in [2] are selected on object 'Object Repository/DispensaryToCms/Page_Dispensary Store/select_--Select--Schedule 1Inj'

2018-05-31 15:04:32 - [TEST_STEP][PASSED] - delay: Delayed 1 second(s)

2018-05-31 15:04:33 - [MESSAGE][PASSED] - Delayed 1 second(s)

2018-05-31 15:04:33 - [TEST_STEP][PASSED] - selectOptionByIndex: All options with index in [1] are selected on object 'Object Repository/DispensaryToCms/Page_Dispensary Store/select_--Select--Adernaline 0.'

2018-05-31 15:04:33 - [MESSAGE][PASSED] - All options with index in [1] are selected on object 'Object Repository/DispensaryToCms/Page_Dispensary Store/select_--Select--Adernaline 0.'

2018-05-31 15:04:33 - [TEST_STEP][PASSED] - setText: Text '100' is set on object 'Object Repository/DispensaryToCms/Page_Dispensary Store/input_txttreat'

2018-05-31 15:04:33 - [MESSAGE][PASSED] - Text '100' is set on object 'Object Repository/DispensaryToCms/Page_Dispensary Store/input_txttreat'

2018-05-31 15:04:33 - [TEST_STEP][PASSED] - click: Object: 'Object Repository/DispensaryToCms/Page_Dispensary Store/button_Add' is clicked on

2018-05-31 15:04:33 - [MESSAGE][PASSED] - Object: 'Object Repository/DispensaryToCms/Page_Dispensary Store/button_Add' is clicked on

2018-05-31 15:04:33 - [TEST_STEP][PASSED] - delay: Delayed 1 second(s)

2018-05-31 15:04:34 - [MESSAGE][PASSED] - Delayed 1 second(s)

2018-05-31 15:04:34 - [TEST_STEP][PASSED] - selectOptionByIndex: All options with index in [2] are selected on object 'Object Repository/DispensaryToCms/Page_Dispensary Store/select_--Select--Schedule 1Inj'

2018-05-31 15:04:35 - [MESSAGE][PASSED] - All options with index in [2] are selected on object 'Object Repository/DispensaryToCms/Page_Dispensary Store/select_--Select--Schedule 1Inj'

2018-05-31 15:04:35 - [TEST_STEP][PASSED] - delay: Delayed 1 second(s)

2018-05-31 15:04:36 - [MESSAGE][PASSED] - Delayed 1 second(s)

2018-05-31 15:04:36 - [TEST_STEP][PASSED] - selectOptionByIndex: All options with index in [2] are selected on object 'Object Repository/DispensaryToCms/Page_Dispensary Store/select_--Select--Adernaline 0.'

2018-05-31 15:04:36 - [MESSAGE][PASSED] - All options with index in [2] are selected on object 'Object Repository/DispensaryToCms/Page_Dispensary Store/select_--Select--Adernaline 0.'

2018-05-31 15:04:36 - [TEST_STEP][PASSED] - setText: Text '100' is set on object 'Object Repository/DispensaryToCms/Page_Dispensary Store/input_txttreat'

2018-05-31 15:04:36 - [MESSAGE][PASSED] - Text '100' is set on object 'Object Repository/DispensaryToCms/Page_Dispensary Store/input_txttreat'

2018-05-31 15:04:36 - [TEST_STEP][PASSED] - click: Object: 'Object Repository/DispensaryToCms/Page_Dispensary Store/button_Add' is clicked on

2018-05-31 15:04:36 - [MESSAGE][PASSED] - Object: 'Object Repository/DispensaryToCms/Page_Dispensary Store/button_Add' is clicked on

2018-05-31 15:04:36 - [TEST_STEP][PASSED] - delay: Delayed 1 second(s)

2018-05-31 15:04:37 - [MESSAGE][PASSED] - Delayed 1 second(s)

2018-05-31 15:04:37 - [TEST_STEP][PASSED] - selectOptionByIndex: All options with index in [2] are selected on object 'Object Repository/DispensaryToCms/Page_Dispensary Store/select_--Select--Schedule 1Inj'

2018-05-31 15:04:37 - [MESSAGE][PASSED] - All options with index in [2] are selected on object 'Object Repository/DispensaryToCms/Page_Dispensary Store/select_--Select--Schedule 1Inj'

2018-05-31 15:04:37 - [TEST_STEP][PASSED] - delay: Delayed 1 second(s)

2018-05-31 15:04:38 - [MESSAGE][PASSED] - Delayed 1 second(s)

2018-05-31 15:04:38 - [TEST_STEP][PASSED] - selectOptionByIndex: All options with index in [3] are selected on object 'Object Repository/DispensaryToCms/Page_Dispensary Store/select_--Select--Adernaline 0.'

2018-05-31 15:04:38 - [MESSAGE][PASSED] - All options with index in [3] are selected on object 'Object Repository/DispensaryToCms/Page_Dispensary Store/select_--Select--Adernaline 0.'

2018-05-31 15:04:38 - [TEST_STEP][PASSED] - setText: Text '100' is set on object 'Object Repository/DispensaryToCms/Page_Dispensary Store/input_txttreat'

2018-05-31 15:04:38 - [MESSAGE][PASSED] - Text '100' is set on object 'Object Repository/DispensaryToCms/Page_Dispensary Store/input_txttreat'

2018-05-31 15:04:38 - [TEST_STEP][PASSED] - click: Object: 'Object Repository/DispensaryToCms/Page_Dispensary Store/button_Add' is clicked on

2018-05-31 15:04:38 - [MESSAGE][PASSED] - Object: 'Object Repository/DispensaryToCms/Page_Dispensary Store/button_Add' is clicked on

2018-05-31 15:04:38 - [TEST_STEP][PASSED] - delay: Delayed 1 second(s)

2018-05-31 15:04:39 - [MESSAGE][PASSED] - Delayed 1 second(s)

2018-05-31 15:04:39 - [TEST_STEP][PASSED] - selectOptionByIndex: All options with index in [2] are selected on object 'Object Repository/DispensaryToCms/Page_Dispensary Store/select_--Select--Schedule 1Inj'

2018-05-31 15:04:40 - [MESSAGE][PASSED] - All options with index in [2] are selected on object 'Object Repository/DispensaryToCms/Page_Dispensary Store/select_--Select--Schedule 1Inj'

2018-05-31 15:04:40 - [TEST_STEP][PASSED] - delay: Delayed 1 second(s)

2018-05-31 15:04:41 - [MESSAGE][PASSED] - Delayed 1 second(s)

2018-05-31 15:04:41 - [TEST_STEP][PASSED] - selectOptionByIndex: All options with index in [4] are selected on object 'Object Repository/DispensaryToCms/Page_Dispensary Store/select_--Select--Adernaline 0.'

2018-05-31 15:04:41 - [MESSAGE][PASSED] - All options with index in [4] are selected on object 'Object Repository/DispensaryToCms/Page_Dispensary Store/select_--Select--Adernaline 0.'

2018-05-31 15:04:41 - [TEST_STEP][PASSED] - setText: Text '100' is set on object 'Object Repository/DispensaryToCms/Page_Dispensary Store/input_txttreat'

2018-05-31 15:04:41 - [MESSAGE][PASSED] - Text '100' is set on object 'Object Repository/DispensaryToCms/Page_Dispensary Store/input_txttreat'

2018-05-31 15:04:41 - [TEST_STEP][PASSED] - click: Object: 'Object Repository/DispensaryToCms/Page_Dispensary Store/button_Add' is clicked on

2018-05-31 15:04:41 - [MESSAGE][PASSED] - Object: 'Object Repository/DispensaryToCms/Page_Dispensary Store/button_Add' is clicked on

2018-05-31 15:04:41 - [TEST_STEP][PASSED] - delay: Delayed 1 second(s)

2018-05-31 15:04:42 - [MESSAGE][PASSED] - Delayed 1 second(s)

2018-05-31 15:04:42 - [TEST_STEP][PASSED] - selectOptionByIndex: All options with index in [2] are selected on object 'Object Repository/DispensaryToCms/Page_Dispensary Store/select_--Select--Schedule 1Inj'

2018-05-31 15:04:42 - [MESSAGE][PASSED] - All options with index in [2] are selected on object 'Object Repository/DispensaryToCms/Page_Dispensary Store/select_--Select--Schedule 1Inj'

2018-05-31 15:04:42 - [TEST_STEP][PASSED] - delay: Delayed 1 second(s)

2018-05-31 15:04:43 - [MESSAGE][PASSED] - Delayed 1 second(s)

2018-05-31 15:04:43 - [TEST_STEP][PASSED] - selectOptionByIndex: All options with index in [5] are selected on object 'Object Repository/DispensaryToCms/Page_Dispensary Store/select_--Select--Adernaline 0.'

2018-05-31 15:04:43 - [MESSAGE][PASSED] - All options with index in [5] are selected on object 'Object Repository/DispensaryToCms/Page_Dispensary Store/select_--Select--Adernaline 0.'

2018-05-31 15:04:43 - [TEST_STEP][PASSED] - setText: Text '100' is set on object 'Object Repository/DispensaryToCms/Page_Dispensary Store/input_txttreat'

2018-05-31 15:04:43 - [MESSAGE][PASSED] - Text '100' is set on object 'Object Repository/DispensaryToCms/Page_Dispensary Store/input_txttreat'

2018-05-31 15:04:43 - [TEST_STEP][PASSED] - click: Object: 'Object Repository/DispensaryToCms/Page_Dispensary Store/button_Add' is clicked on

2018-05-31 15:04:43 - [MESSAGE][PASSED] - Object: 'Object Repository/DispensaryToCms/Page_Dispensary Store/button_Add' is clicked on

2018-05-31 15:04:43 - [TEST_STEP][PASSED] - delay: Delayed 1 second(s)

2018-05-31 15:04:44 - [MESSAGE][PASSED] - Delayed 1 second(s)

2018-05-31 15:04:44 - [TEST_STEP][PASSED] - selectOptionByIndex: All options with index in [2] are selected on object 'Object Repository/DispensaryToCms/Page_Dispensary Store/select_--Select--Schedule 1Inj'

2018-05-31 15:04:45 - [MESSAGE][PASSED] - All options with index in [2] are selected on object 'Object Repository/DispensaryToCms/Page_Dispensary Store/select_--Select--Schedule 1Inj'

2018-05-31 15:04:45 - [TEST_STEP][PASSED] - delay: Delayed 1 second(s)

2018-05-31 15:04:46 - [MESSAGE][PASSED] - Delayed 1 second(s)

2018-05-31 15:04:46 - [TEST_STEP][PASSED] - selectOptionByIndex: All options with index in [6] are selected on object 'Object Repository/DispensaryToCms/Page_Dispensary Store/select_--Select--Adernaline 0.'

2018-05-31 15:04:46 - [MESSAGE][PASSED] - All options with index in [6] are selected on object 'Object Repository/DispensaryToCms/Page_Dispensary Store/select_--Select--Adernaline 0.'

2018-05-31 15:04:46 - [TEST_STEP][PASSED] - setText: Text '100' is set on object 'Object Repository/DispensaryToCms/Page_Dispensary Store/input_txttreat'

2018-05-31 15:04:46 - [MESSAGE][PASSED] - Text '100' is set on object 'Object Repository/DispensaryToCms/Page_Dispensary Store/input_txttreat'

2018-05-31 15:04:46 - [TEST_STEP][PASSED] - click: Object: 'Object Repository/DispensaryToCms/Page_Dispensary Store/button_Add' is clicked on

2018-05-31 15:04:46 - [MESSAGE][PASSED] - Object: 'Object Repository/DispensaryToCms/Page_Dispensary Store/button_Add' is clicked on

2018-05-31 15:04:46 - [TEST_STEP][PASSED] - delay: Delayed 1 second(s)

2018-05-31 15:04:47 - [MESSAGE][PASSED] - Delayed 1 second(s)

2018-05-31 15:04:47 - [TEST_STEP][PASSED] - selectOptionByIndex: All options with index in [2] are selected on object 'Object Repository/DispensaryToCms/Page_Dispensary Store/select_--Select--Schedule 1Inj'

2018-05-31 15:04:47 - [MESSAGE][PASSED] - All options with index in [2] are selected on object 'Object Repository/DispensaryToCms/Page_Dispensary Store/select_--Select--Schedule 1Inj'

2018-05-31 15:04:47 - [TEST_STEP][PASSED] - delay: Delayed 1 second(s)

2018-05-31 15:04:48 - [MESSAGE][PASSED] - Delayed 1 second(s)

2018-05-31 15:04:48 - [TEST_STEP][PASSED] - selectOptionByIndex: All options with index in [7] are selected on object 'Object Repository/DispensaryToCms/Page_Dispensary Store/select_--Select--Adernaline 0.'

2018-05-31 15:04:48 - [MESSAGE][PASSED] - All options with index in [7] are selected on object 'Object Repository/DispensaryToCms/Page_Dispensary Store/select_--Select--Adernaline 0.'

2018-05-31 15:04:48 - [TEST_STEP][PASSED] - setText: Text '100' is set on object 'Object Repository/DispensaryToCms/Page_Dispensary Store/input_txttreat'

2018-05-31 15:04:48 - [MESSAGE][PASSED] - Text '100' is set on object 'Object Repository/DispensaryToCms/Page_Dispensary Store/input_txttreat'

2018-05-31 15:04:48 - [TEST_STEP][PASSED] - click: Object: 'Object Repository/DispensaryToCms/Page_Dispensary Store/button_Add' is clicked on

2018-05-31 15:04:48 - [MESSAGE][PASSED] - Object: 'Object Repository/DispensaryToCms/Page_Dispensary Store/button_Add' is clicked on

2018-05-31 15:04:48 - [TEST_STEP][PASSED] - delay: Delayed 1 second(s)

2018-05-31 15:04:49 - [MESSAGE][PASSED] - Delayed 1 second(s)

2018-05-31 15:04:49 - [TEST_STEP][PASSED] - selectOptionByIndex: All options with index in [2] are selected on object 'Object Repository/DispensaryToCms/Page_Dispensary Store/select_--Select--Schedule 1Inj'

2018-05-31 15:04:50 - [MESSAGE][PASSED] - All options with index in [2] are selected on object 'Object Repository/DispensaryToCms/Page_Dispensary Store/select_--Select--Schedule 1Inj'

2018-05-31 15:04:50 - [TEST_STEP][PASSED] - delay: Delayed 1 second(s)

2018-05-31 15:04:51 - [MESSAGE][PASSED] - Delayed 1 second(s)

2018-05-31 15:04:51 - [TEST_STEP][PASSED] - selectOptionByIndex: All options with index in [8] are selected on object 'Object Repository/DispensaryToCms/Page_Dispensary Store/select_--Select--Adernaline 0.'

2018-05-31 15:04:51 - [MESSAGE][PASSED] - All options with index in [8] are selected on object 'Object Repository/DispensaryToCms/Page_Dispensary Store/select_--Select--Adernaline 0.'

2018-05-31 15:04:51 - [TEST_STEP][PASSED] - setText: Text '100' is set on object 'Object Repository/DispensaryToCms/Page_Dispensary Store/input_txttreat'

2018-05-31 15:04:51 - [MESSAGE][PASSED] - Text '100' is set on object 'Object Repository/DispensaryToCms/Page_Dispensary Store/input_txttreat'

2018-05-31 15:04:51 - [TEST_STEP][PASSED] - click: Object: 'Object Repository/DispensaryToCms/Page_Dispensary Store/button_Add' is clicked on

2018-05-31 15:04:51 - [MESSAGE][PASSED] - Object: 'Object Repository/DispensaryToCms/Page_Dispensary Store/button_Add' is clicked on

2018-05-31 15:04:51 - [TEST_STEP][PASSED] - delay: Delayed 1 second(s)

2018-05-31 15:04:52 - [MESSAGE][PASSED] - Delayed 1 second(s)

2018-05-31 15:04:52 - [TEST_STEP][PASSED] - selectOptionByIndex: All options with index in [2] are selected on object 'Object Repository/DispensaryToCms/Page_Dispensary Store/select_--Select--Schedule 1Inj'

2018-05-31 15:04:52 - [MESSAGE][PASSED] - All options with index in [2] are selected on object 'Object Repository/DispensaryToCms/Page_Dispensary Store/select_--Select--Schedule 1Inj'

2018-05-31 15:04:52 - [TEST_STEP][PASSED] - delay: Delayed 1 second(s)

2018-05-31 15:04:53 - [MESSAGE][PASSED] - Delayed 1 second(s)

2018-05-31 15:04:53 - [TEST_STEP][PASSED] - selectOptionByIndex: All options with index in [9] are selected on object 'Object Repository/DispensaryToCms/Page_Dispensary Store/select_--Select--Adernaline 0.'

2018-05-31 15:04:53 - [MESSAGE][PASSED] - All options with index in [9] are selected on object 'Object Repository/DispensaryToCms/Page_Dispensary Store/select_--Select--Adernaline 0.'

2018-05-31 15:04:53 - [TEST_STEP][PASSED] - setText: Text '100' is set on object 'Object Repository/DispensaryToCms/Page_Dispensary Store/input_txttreat'

2018-05-31 15:04:54 - [MESSAGE][PASSED] - Text '100' is set on object 'Object Repository/DispensaryToCms/Page_Dispensary Store/input_txttreat'

2018-05-31 15:04:54 - [TEST_STEP][PASSED] - click: Object: 'Object Repository/DispensaryToCms/Page_Dispensary Store/button_Add' is clicked on

2018-05-31 15:04:54 - [MESSAGE][PASSED] - Object: 'Object Repository/DispensaryToCms/Page_Dispensary Store/button_Add' is clicked on

2018-05-31 15:04:54 - [TEST_STEP][PASSED] - delay: Delayed 1 second(s)

2018-05-31 15:04:55 - [MESSAGE][PASSED] - Delayed 1 second(s)

2018-05-31 15:04:55 - [TEST_STEP][PASSED] - selectOptionByIndex: All options with index in [2] are selected on object 'Object Repository/DispensaryToCms/Page_Dispensary Store/select_--Select--Schedule 1Inj'

2018-05-31 15:04:55 - [MESSAGE][PASSED] - All options with index in [2] are selected on object 'Object Repository/DispensaryToCms/Page_Dispensary Store/select_--Select--Schedule 1Inj'

2018-05-31 15:04:55 - [TEST_STEP][PASSED] - delay: Delayed 1 second(s)

2018-05-31 15:04:56 - [MESSAGE][PASSED] - Delayed 1 second(s)

2018-05-31 15:04:56 - [TEST_STEP][PASSED] - selectOptionByIndex: All options with index in [10] are selected on object 'Object Repository/DispensaryToCms/Page_Dispensary Store/select_--Select--Adernaline 0.'

2018-05-31 15:04:56 - [MESSAGE][PASSED] - All options with index in [10] are selected on object 'Object Repository/DispensaryToCms/Page_Dispensary Store/select_--Select--Adernaline 0.'

2018-05-31 15:04:56 - [TEST_STEP][PASSED] - setText: Text '100' is set on object 'Object Repository/DispensaryToCms/Page_Dispensary Store/input_txttreat'

2018-05-31 15:04:56 - [MESSAGE][PASSED] - Text '100' is set on object 'Object Repository/DispensaryToCms/Page_Dispensary Store/input_txttreat'

2018-05-31 15:04:56 - [TEST_STEP][PASSED] - click: Object: 'Object Repository/DispensaryToCms/Page_Dispensary Store/button_Add' is clicked on

2018-05-31 15:04:56 - [MESSAGE][PASSED] - Object: 'Object Repository/DispensaryToCms/Page_Dispensary Store/button_Add' is clicked on

2018-05-31 15:04:56 - [TEST_STEP][PASSED] - delay: Delayed 1 second(s)

2018-05-31 15:04:57 - [MESSAGE][PASSED] - Delayed 1 second(s)

2018-05-31 15:04:57 - [TEST_STEP][PASSED] - selectOptionByIndex: All options with index in [2] are selected on object 'Object Repository/DispensaryToCms/Page_Dispensary Store/select_--Select--Schedule 1Inj'

2018-05-31 15:04:57 - [MESSAGE][PASSED] - All options with index in [2] are selected on object 'Object Repository/DispensaryToCms/Page_Dispensary Store/select_--Select--Schedule 1Inj'

2018-05-31 15:04:57 - [TEST_STEP][PASSED] - delay: Delayed 1 second(s)

2018-05-31 15:04:58 - [MESSAGE][PASSED] - Delayed 1 second(s)

2018-05-31 15:04:58 - [TEST_STEP][PASSED] - selectOptionByIndex: All options with index in [11] are selected on object 'Object Repository/DispensaryToCms/Page_Dispensary Store/select_--Select--Adernaline 0.'

2018-05-31 15:04:59 - [MESSAGE][PASSED] - All options with index in [11] are selected on object 'Object Repository/DispensaryToCms/Page_Dispensary Store/select_--Select--Adernaline 0.'

2018-05-31 15:04:59 - [TEST_STEP][PASSED] - setText: Text '100' is set on object 'Object Repository/DispensaryToCms/Page_Dispensary Store/input_txttreat'

2018-05-31 15:04:59 - [MESSAGE][PASSED] - Text '100' is set on object 'Object Repository/DispensaryToCms/Page_Dispensary Store/input_txttreat'

2018-05-31 15:04:59 - [TEST_STEP][PASSED] - click: Object: 'Object Repository/DispensaryToCms/Page_Dispensary Store/button_Add' is clicked on

2018-05-31 15:04:59 - [MESSAGE][PASSED] - Object: 'Object Repository/DispensaryToCms/Page_Dispensary Store/button_Add' is clicked on

2018-05-31 15:04:59 - [TEST_STEP][PASSED] - delay: Delayed 1 second(s)

2018-05-31 15:05:00 - [MESSAGE][PASSED] - Delayed 1 second(s)

2018-05-31 15:05:00 - [TEST_STEP][PASSED] - selectOptionByIndex: All options with index in [2] are selected on object 'Object Repository/DispensaryToCms/Page_Dispensary Store/select_--Select--Schedule 1Inj'

2018-05-31 15:05:00 - [MESSAGE][PASSED] - All options with index in [2] are selected on object 'Object Repository/DispensaryToCms/Page_Dispensary Store/select_--Select--Schedule 1Inj'

2018-05-31 15:05:00 - [TEST_STEP][PASSED] - delay: Delayed 1 second(s)

2018-05-31 15:05:01 - [MESSAGE][PASSED] - Delayed 1 second(s)

2018-05-31 15:05:01 - [TEST_STEP][PASSED] - selectOptionByIndex: All options with index in [12] are selected on object 'Object Repository/DispensaryToCms/Page_Dispensary Store/select_--Select--Adernaline 0.'

2018-05-31 15:05:01 - [MESSAGE][PASSED] - All options with index in [12] are selected on object 'Object Repository/DispensaryToCms/Page_Dispensary Store/select_--Select--Adernaline 0.'

2018-05-31 15:05:01 - [TEST_STEP][PASSED] - setText: Text '100' is set on object 'Object Repository/DispensaryToCms/Page_Dispensary Store/input_txttreat'

2018-05-31 15:05:01 - [MESSAGE][PASSED] - Text '100' is set on object 'Object Repository/DispensaryToCms/Page_Dispensary Store/input_txttreat'

2018-05-31 15:05:01 - [TEST_STEP][PASSED] - click: Object: 'Object Repository/DispensaryToCms/Page_Dispensary Store/button_Add' is clicked on

2018-05-31 15:05:01 - [MESSAGE][PASSED] - Object: 'Object Repository/DispensaryToCms/Page_Dispensary Store/button_Add' is clicked on

2018-05-31 15:05:01 - [TEST_STEP][PASSED] - delay: Delayed 1 second(s)

2018-05-31 15:05:02 - [MESSAGE][PASSED] - Delayed 1 second(s)

2018-05-31 15:05:02 - [TEST_STEP][PASSED] - selectOptionByIndex: All options with index in [2] are selected on object 'Object Repository/DispensaryToCms/Page_Dispensary Store/select_--Select--Schedule 1Inj'

2018-05-31 15:05:02 - [MESSAGE][PASSED] - All options with index in [2] are selected on object 'Object Repository/DispensaryToCms/Page_Dispensary Store/select_--Select--Schedule 1Inj'

2018-05-31 15:05:02 - [TEST_STEP][PASSED] - delay: Delayed 1 second(s)

2018-05-31 15:05:03 - [MESSAGE][PASSED] - Delayed 1 second(s)

2018-05-31 15:05:03 - [TEST_STEP][PASSED] - selectOptionByIndex: All options with index in [13] are selected on object 'Object Repository/DispensaryToCms/Page_Dispensary Store/select_--Select--Adernaline 0.'

2018-05-31 15:05:04 - [MESSAGE][PASSED] - All options with index in [13] are selected on object 'Object Repository/DispensaryToCms/Page_Dispensary Store/select_--Select--Adernaline 0.'

2018-05-31 15:05:04 - [TEST_STEP][PASSED] - setText: Text '100' is set on object 'Object Repository/DispensaryToCms/Page_Dispensary Store/input_txttreat'

2018-05-31 15:05:04 - [MESSAGE][PASSED] - Text '100' is set on object 'Object Repository/DispensaryToCms/Page_Dispensary Store/input_txttreat'

2018-05-31 15:05:04 - [TEST_STEP][PASSED] - click: Object: 'Object Repository/DispensaryToCms/Page_Dispensary Store/button_Add' is clicked on

2018-05-31 15:05:04 - [MESSAGE][PASSED] - Object: 'Object Repository/DispensaryToCms/Page_Dispensary Store/button_Add' is clicked on

2018-05-31 15:05:04 - [TEST_STEP][PASSED] - delay: Delayed 1 second(s)

2018-05-31 15:05:05 - [MESSAGE][PASSED] - Delayed 1 second(s)

2018-05-31 15:05:05 - [TEST_STEP][PASSED] - selectOptionByIndex: All options with index in [2] are selected on object 'Object Repository/DispensaryToCms/Page_Dispensary Store/select_--Select--Schedule 1Inj'

2018-05-31 15:05:05 - [MESSAGE][PASSED] - All options with index in [2] are selected on object 'Object Repository/DispensaryToCms/Page_Dispensary Store/select_--Select--Schedule 1Inj'

2018-05-31 15:05:05 - [TEST_STEP][PASSED] - delay: Delayed 1 second(s)

2018-05-31 15:05:06 - [MESSAGE][PASSED] - Delayed 1 second(s)

2018-05-31 15:05:06 - [TEST_STEP][PASSED] - selectOptionByIndex: All options with index in [14] are selected on object 'Object Repository/DispensaryToCms/Page_Dispensary Store/select_--Select--Adernaline 0.'

2018-05-31 15:05:06 - [MESSAGE][PASSED] - All options with index in [14] are selected on object 'Object Repository/DispensaryToCms/Page_Dispensary Store/select_--Select--Adernaline 0.'

2018-05-31 15:05:06 - [TEST_STEP][PASSED] - setText: Text '100' is set on object 'Object Repository/DispensaryToCms/Page_Dispensary Store/input_txttreat'

2018-05-31 15:05:06 - [MESSAGE][PASSED] - Text '100' is set on object 'Object Repository/DispensaryToCms/Page_Dispensary Store/input_txttreat'

2018-05-31 15:05:06 - [TEST_STEP][PASSED] - click: Object: 'Object Repository/DispensaryToCms/Page_Dispensary Store/button_Add' is clicked on

2018-05-31 15:05:06 - [MESSAGE][PASSED] - Object: 'Object Repository/DispensaryToCms/Page_Dispensary Store/button_Add' is clicked on

2018-05-31 15:05:06 - [TEST_STEP][PASSED] - delay: Delayed 1 second(s)

2018-05-31 15:05:07 - [MESSAGE][PASSED] - Delayed 1 second(s)

2018-05-31 15:05:07 - [TEST_STEP][PASSED] - selectOptionByIndex: All options with index in [2] are selected on object 'Object Repository/DispensaryToCms/Page_Dispensary Store/select_--Select--Schedule 1Inj'

2018-05-31 15:05:08 - [MESSAGE][PASSED] - All options with index in [2] are selected on object 'Object Repository/DispensaryToCms/Page_Dispensary Store/select_--Select--Schedule 1Inj'

2018-05-31 15:05:08 - [TEST_STEP][PASSED] - delay: Delayed 1 second(s)

2018-05-31 15:05:09 - [MESSAGE][PASSED] - Delayed 1 second(s)

2018-05-31 15:05:09 - [TEST_STEP][PASSED] - selectOptionByIndex: All options with index in [15] are selected on object 'Object Repository/DispensaryToCms/Page_Dispensary Store/select_--Select--Adernaline 0.'

2018-05-31 15:05:09 - [MESSAGE][PASSED] - All options with index in [15] are selected on object 'Object Repository/DispensaryToCms/Page_Dispensary Store/select_--Select--Adernaline 0.'

2018-05-31 15:05:09 - [TEST_STEP][PASSED] - setText: Text '100' is set on object 'Object Repository/DispensaryToCms/Page_Dispensary Store/input_txttreat'

2018-05-31 15:05:09 - [MESSAGE][PASSED] - Text '100' is set on object 'Object Repository/DispensaryToCms/Page_Dispensary Store/input_txttreat'

2018-05-31 15:05:09 - [TEST_STEP][PASSED] - click: Object: 'Object Repository/DispensaryToCms/Page_Dispensary Store/button_Add' is clicked on

2018-05-31 15:05:09 - [MESSAGE][PASSED] - Object: 'Object Repository/DispensaryToCms/Page_Dispensary Store/button_Add' is clicked on

2018-05-31 15:05:09 - [TEST_STEP][PASSED] - delay: Delayed 1 second(s)

2018-05-31 15:05:10 - [MESSAGE][PASSED] - Delayed 1 second(s)

2018-05-31 15:05:10 - [TEST_STEP][PASSED] - selectOptionByIndex: All options with index in [2] are selected on object 'Object Repository/DispensaryToCms/Page_Dispensary Store/select_--Select--Schedule 1Inj'

2018-05-31 15:05:10 - [MESSAGE][PASSED] - All options with index in [2] are selected on object 'Object Repository/DispensaryToCms/Page_Dispensary Store/select_--Select--Schedule 1Inj'

2018-05-31 15:05:10 - [TEST_STEP][PASSED] - delay: Delayed 1 second(s)

2018-05-31 15:05:11 - [MESSAGE][PASSED] - Delayed 1 second(s)

2018-05-31 15:05:11 - [TEST_STEP][PASSED] - selectOptionByIndex: All options with index in [16] are selected on object 'Object Repository/DispensaryToCms/Page_Dispensary Store/select_--Select--Adernaline 0.'

2018-05-31 15:05:12 - [MESSAGE][PASSED] - All options with index in [16] are selected on object 'Object Repository/DispensaryToCms/Page_Dispensary Store/select_--Select--Adernaline 0.'

2018-05-31 15:05:12 - [TEST_STEP][PASSED] - setText: Text '100' is set on object 'Object Repository/DispensaryToCms/Page_Dispensary Store/input_txttreat'

2018-05-31 15:05:12 - [MESSAGE][PASSED] - Text '100' is set on object 'Object Repository/DispensaryToCms/Page_Dispensary Store/input_txttreat'

2018-05-31 15:05:12 - [TEST_STEP][PASSED] - click: Object: 'Object Repository/DispensaryToCms/Page_Dispensary Store/button_Add' is clicked on

2018-05-31 15:05:12 - [MESSAGE][PASSED] - Object: 'Object Repository/DispensaryToCms/Page_Dispensary Store/button_Add' is clicked on

2018-05-31 15:05:12 - [TEST_STEP][PASSED] - delay: Delayed 1 second(s)

2018-05-31 15:05:13 - [MESSAGE][PASSED] - Delayed 1 second(s)

2018-05-31 15:05:13 - [TEST_STEP][PASSED] - selectOptionByIndex: All options with index in [2] are selected on object 'Object Repository/DispensaryToCms/Page_Dispensary Store/select_--Select--Schedule 1Inj'

2018-05-31 15:05:13 - [MESSAGE][PASSED] - All options with index in [2] are selected on object 'Object Repository/DispensaryToCms/Page_Dispensary Store/select_--Select--Schedule 1Inj'

2018-05-31 15:05:13 - [TEST_STEP][PASSED] - delay: Delayed 1 second(s)

2018-05-31 15:05:14 - [MESSAGE][PASSED] - Delayed 1 second(s)

2018-05-31 15:05:14 - [TEST_STEP][PASSED] - selectOptionByIndex: All options with index in [17] are selected on object 'Object Repository/DispensaryToCms/Page_Dispensary Store/select_--Select--Adernaline 0.'

2018-05-31 15:05:14 - [MESSAGE][PASSED] - All options with index in [17] are selected on object 'Object Repository/DispensaryToCms/Page_Dispensary Store/select_--Select--Adernaline 0.'

2018-05-31 15:05:14 - [TEST_STEP][PASSED] - setText: Text '100' is set on object 'Object Repository/DispensaryToCms/Page_Dispensary Store/input_txttreat'

2018-05-31 15:05:14 - [MESSAGE][PASSED] - Text '100' is set on object 'Object Repository/DispensaryToCms/Page_Dispensary Store/input_txttreat'

2018-05-31 15:05:14 - [TEST_STEP][PASSED] - click: Object: 'Object Repository/DispensaryToCms/Page_Dispensary Store/button_Add' is clicked on

2018-05-31 15:05:14 - [MESSAGE][PASSED] - Object: 'Object Repository/DispensaryToCms/Page_Dispensary Store/button_Add' is clicked on

2018-05-31 15:05:14 - [TEST_STEP][PASSED] - delay: Delayed 1 second(s)

2018-05-31 15:05:15 - [MESSAGE][PASSED] - Delayed 1 second(s)

2018-05-31 15:05:15 - [TEST_STEP][PASSED] - selectOptionByIndex: All options with index in [2] are selected on object 'Object Repository/DispensaryToCms/Page_Dispensary Store/select_--Select--Schedule 1Inj'

2018-05-31 15:05:15 - [MESSAGE][PASSED] - All options with index in [2] are selected on object 'Object Repository/DispensaryToCms/Page_Dispensary Store/select_--Select--Schedule 1Inj'

2018-05-31 15:05:15 - [TEST_STEP][PASSED] - delay: Delayed 1 second(s)

2018-05-31 15:05:16 - [MESSAGE][PASSED] - Delayed 1 second(s)

2018-05-31 15:05:16 - [TEST_STEP][PASSED] - selectOptionByIndex: All options with index in [18] are selected on object 'Object Repository/DispensaryToCms/Page_Dispensary Store/select_--Select--Adernaline 0.'

2018-05-31 15:05:17 - [MESSAGE][PASSED] - All options with index in [18] are selected on object 'Object Repository/DispensaryToCms/Page_Dispensary Store/select_--Select--Adernaline 0.'

2018-05-31 15:05:17 - [TEST_STEP][PASSED] - setText: Text '100' is set on object 'Object Repository/DispensaryToCms/Page_Dispensary Store/input_txttreat'

2018-05-31 15:05:17 - [MESSAGE][PASSED] - Text '100' is set on object 'Object Repository/DispensaryToCms/Page_Dispensary Store/input_txttreat'

2018-05-31 15:05:17 - [TEST_STEP][PASSED] - click: Object: 'Object Repository/DispensaryToCms/Page_Dispensary Store/button_Add' is clicked on

2018-05-31 15:05:17 - [MESSAGE][PASSED] - Object: 'Object Repository/DispensaryToCms/Page_Dispensary Store/button_Add' is clicked on

2018-05-31 15:05:17 - [TEST_STEP][PASSED] - delay: Delayed 1 second(s)

2018-05-31 15:05:18 - [MESSAGE][PASSED] - Delayed 1 second(s)

2018-05-31 15:05:18 - [TEST_STEP][PASSED] - selectOptionByIndex: All options with index in [2] are selected on object 'Object Repository/DispensaryToCms/Page_Dispensary Store/select_--Select--Schedule 1Inj'

2018-05-31 15:05:18 - [MESSAGE][PASSED] - All options with index in [2] are selected on object 'Object Repository/DispensaryToCms/Page_Dispensary Store/select_--Select--Schedule 1Inj'

2018-05-31 15:05:18 - [TEST_STEP][PASSED] - delay: Delayed 1 second(s)

2018-05-31 15:05:19 - [MESSAGE][PASSED] - Delayed 1 second(s)

2018-05-31 15:05:19 - [TEST_STEP][PASSED] - selectOptionByIndex: All options with index in [19] are selected on object 'Object Repository/DispensaryToCms/Page_Dispensary Store/select_--Select--Adernaline 0.'

2018-05-31 15:05:19 - [MESSAGE][PASSED] - All options with index in [19] are selected on object 'Object Repository/DispensaryToCms/Page_Dispensary Store/select_--Select--Adernaline 0.'

2018-05-31 15:05:19 - [TEST_STEP][PASSED] - setText: Text '100' is set on object 'Object Repository/DispensaryToCms/Page_Dispensary Store/input_txttreat'

2018-05-31 15:05:20 - [MESSAGE][PASSED] - Text '100' is set on object 'Object Repository/DispensaryToCms/Page_Dispensary Store/input_txttreat'

2018-05-31 15:05:20 - [TEST_STEP][PASSED] - click: Object: 'Object Repository/DispensaryToCms/Page_Dispensary Store/button_Add' is clicked on

2018-05-31 15:05:20 - [MESSAGE][PASSED] - Object: 'Object Repository/DispensaryToCms/Page_Dispensary Store/button_Add' is clicked on

2018-05-31 15:05:20 - [TEST_STEP][PASSED] - delay: Delayed 1 second(s)

2018-05-31 15:05:21 - [MESSAGE][PASSED] - Delayed 1 second(s)

2018-05-31 15:05:21 - [TEST_STEP][PASSED] - selectOptionByIndex: All options with index in [2] are selected on object 'Object Repository/DispensaryToCms/Page_Dispensary Store/select_--Select--Schedule 1Inj'

2018-05-31 15:05:21 - [MESSAGE][PASSED] - All options with index in [2] are selected on object 'Object Repository/DispensaryToCms/Page_Dispensary Store/select_--Select--Schedule 1Inj'

2018-05-31 15:05:21 - [TEST_STEP][PASSED] - delay: Delayed 1 second(s)

2018-05-31 15:05:22 - [MESSAGE][PASSED] - Delayed 1 second(s)

2018-05-31 15:05:22 - [TEST_STEP][PASSED] - selectOptionByIndex: All options with index in [20] are selected on object 'Object Repository/DispensaryToCms/Page_Dispensary Store/select_--Select--Adernaline 0.'

2018-05-31 15:05:22 - [MESSAGE][PASSED] - All options with index in [20] are selected on object 'Object Repository/DispensaryToCms/Page_Dispensary Store/select_--Select--Adernaline 0.'

2018-05-31 15:05:22 - [TEST_STEP][PASSED] - setText: Text '100' is set on object 'Object Repository/DispensaryToCms/Page_Dispensary Store/input_txttreat'

2018-05-31 15:05:22 - [MESSAGE][PASSED] - Text '100' is set on object 'Object Repository/DispensaryToCms/Page_Dispensary Store/input_txttreat'

2018-05-31 15:05:22 - [TEST_STEP][PASSED] - click: Object: 'Object Repository/DispensaryToCms/Page_Dispensary Store/button_Add' is clicked on

2018-05-31 15:05:22 - [MESSAGE][PASSED] - Object: 'Object Repository/DispensaryToCms/Page_Dispensary Store/button_Add' is clicked on

2018-05-31 15:05:22 - [TEST_STEP][PASSED] - delay: Delayed 1 second(s)

2018-05-31 15:05:23 - [MESSAGE][PASSED] - Delayed 1 second(s)

2018-05-31 15:05:23 - [TEST_STEP][PASSED] - selectOptionByIndex: All options with index in [2] are selected on object 'Object Repository/DispensaryToCms/Page_Dispensary Store/select_--Select--Schedule 1Inj'

2018-05-31 15:05:23 - [MESSAGE][PASSED] - All options with index in [2] are selected on object 'Object Repository/DispensaryToCms/Page_Dispensary Store/select_--Select--Schedule 1Inj'

2018-05-31 15:05:23 - [TEST_STEP][PASSED] - delay: Delayed 1 second(s)

2018-05-31 15:05:24 - [MESSAGE][PASSED] - Delayed 1 second(s)

2018-05-31 15:05:24 - [TEST_STEP][PASSED] - selectOptionByIndex: All options with index in [21] are selected on object 'Object Repository/DispensaryToCms/Page_Dispensary Store/select_--Select--Adernaline 0.'

2018-05-31 15:05:25 - [MESSAGE][PASSED] - All options with index in [21] are selected on object 'Object Repository/DispensaryToCms/Page_Dispensary Store/select_--Select--Adernaline 0.'

2018-05-31 15:05:25 - [TEST_STEP][PASSED] - setText: Text '100' is set on object 'Object Repository/DispensaryToCms/Page_Dispensary Store/input_txttreat'

2018-05-31 15:05:25 - [MESSAGE][PASSED] - Text '100' is set on object 'Object Repository/DispensaryToCms/Page_Dispensary Store/input_txttreat'

2018-05-31 15:05:25 - [TEST_STEP][PASSED] - click: Object: 'Object Repository/DispensaryToCms/Page_Dispensary Store/button_Add' is clicked on

2018-05-31 15:05:25 - [MESSAGE][PASSED] - Object: 'Object Repository/DispensaryToCms/Page_Dispensary Store/button_Add' is clicked on

2018-05-31 15:05:25 - [TEST_STEP][PASSED] - delay: Delayed 1 second(s)

2018-05-31 15:05:26 - [MESSAGE][PASSED] - Delayed 1 second(s)

2018-05-31 15:05:26 - [TEST_STEP][PASSED] - selectOptionByIndex: All options with index in [2] are selected on object 'Object Repository/DispensaryToCms/Page_Dispensary Store/select_--Select--Schedule 1Inj'

2018-05-31 15:05:26 - [MESSAGE][PASSED] - All options with index in [2] are selected on object 'Object Repository/DispensaryToCms/Page_Dispensary Store/select_--Select--Schedule 1Inj'

2018-05-31 15:05:26 - [TEST_STEP][PASSED] - delay: Delayed 1 second(s)

2018-05-31 15:05:27 - [MESSAGE][PASSED] - Delayed 1 second(s)

2018-05-31 15:05:27 - [TEST_STEP][PASSED] - selectOptionByIndex: All options with index in [22] are selected on object 'Object Repository/DispensaryToCms/Page_Dispensary Store/select_--Select--Adernaline 0.'

2018-05-31 15:05:28 - [MESSAGE][PASSED] - All options with index in [22] are selected on object 'Object Repository/DispensaryToCms/Page_Dispensary Store/select_--Select--Adernaline 0.'

2018-05-31 15:05:28 - [TEST_STEP][PASSED] - setText: Text '100' is set on object 'Object Repository/DispensaryToCms/Page_Dispensary Store/input_txttreat'

2018-05-31 15:05:28 - [MESSAGE][PASSED] - Text '100' is set on object 'Object Repository/DispensaryToCms/Page_Dispensary Store/input_txttreat'

2018-05-31 15:05:28 - [TEST_STEP][PASSED] - click: Object: 'Object Repository/DispensaryToCms/Page_Dispensary Store/button_Add' is clicked on

2018-05-31 15:05:28 - [MESSAGE][PASSED] - Object: 'Object Repository/DispensaryToCms/Page_Dispensary Store/button_Add' is clicked on

2018-05-31 15:05:28 - [TEST_STEP][PASSED] - delay: Delayed 1 second(s)

2018-05-31 15:05:29 - [MESSAGE][PASSED] - Delayed 1 second(s)

2018-05-31 15:05:29 - [TEST_STEP][PASSED] - selectOptionByIndex: All options with index in [2] are selected on object 'Object Repository/DispensaryToCms/Page_Dispensary Store/select_--Select--Schedule 1Inj'

2018-05-31 15:05:29 - [MESSAGE][PASSED] - All options with index in [2] are selected on object 'Object Repository/DispensaryToCms/Page_Dispensary Store/select_--Select--Schedule 1Inj'

2018-05-31 15:05:29 - [TEST_STEP][PASSED] - delay: Delayed 1 second(s)

2018-05-31 15:05:30 - [MESSAGE][PASSED] - Delayed 1 second(s)

2018-05-31 15:05:30 - [TEST_STEP][PASSED] - selectOptionByIndex: All options with index in [23] are selected on object 'Object Repository/DispensaryToCms/Page_Dispensary Store/select_--Select--Adernaline 0.'

2018-05-31 15:05:30 - [MESSAGE][PASSED] - All options with index in [23] are selected on object 'Object Repository/DispensaryToCms/Page_Dispensary Store/select_--Select--Adernaline 0.'

2018-05-31 15:05:30 - [TEST_STEP][PASSED] - setText: Text '100' is set on object 'Object Repository/DispensaryToCms/Page_Dispensary Store/input_txttreat'

2018-05-31 15:05:30 - [MESSAGE][PASSED] - Text '100' is set on object 'Object Repository/DispensaryToCms/Page_Dispensary Store/input_txttreat'

2018-05-31 15:05:30 - [TEST_STEP][PASSED] - click: Object: 'Object Repository/DispensaryToCms/Page_Dispensary Store/button_Add' is clicked on

2018-05-31 15:05:30 - [MESSAGE][PASSED] - Object: 'Object Repository/DispensaryToCms/Page_Dispensary Store/button_Add' is clicked on

2018-05-31 15:05:30 - [TEST_STEP][PASSED] - delay: Delayed 1 second(s)

2018-05-31 15:05:31 - [MESSAGE][PASSED] - Delayed 1 second(s)

2018-05-31 15:05:31 - [TEST_STEP][PASSED] - selectOptionByIndex: All options with index in [2] are selected on object 'Object Repository/DispensaryToCms/Page_Dispensary Store/select_--Select--Schedule 1Inj'

2018-05-31 15:05:32 - [MESSAGE][PASSED] - All options with index in [2] are selected on object 'Object Repository/DispensaryToCms/Page_Dispensary Store/select_--Select--Schedule 1Inj'

2018-05-31 15:05:32 - [TEST_STEP][PASSED] - delay: Delayed 1 second(s)

2018-05-31 15:05:33 - [MESSAGE][PASSED] - Delayed 1 second(s)

2018-05-31 15:05:33 - [TEST_STEP][PASSED] - selectOptionByIndex: All options with index in [24] are selected on object 'Object Repository/DispensaryToCms/Page_Dispensary Store/select_--Select--Adernaline 0.'

2018-05-31 15:05:33 - [MESSAGE][PASSED] - All options with index in [24] are selected on object 'Object Repository/DispensaryToCms/Page_Dispensary Store/select_--Select--Adernaline 0.'

2018-05-31 15:05:33 - [TEST_STEP][PASSED] - setText: Text '100' is set on object 'Object Repository/DispensaryToCms/Page_Dispensary Store/input_txttreat'

2018-05-31 15:05:33 - [MESSAGE][PASSED] - Text '100' is set on object 'Object Repository/DispensaryToCms/Page_Dispensary Store/input_txttreat'

2018-05-31 15:05:33 - [TEST_STEP][PASSED] - click: Object: 'Object Repository/DispensaryToCms/Page_Dispensary Store/button_Add' is clicked on

2018-05-31 15:05:33 - [MESSAGE][PASSED] - Object: 'Object Repository/DispensaryToCms/Page_Dispensary Store/button_Add' is clicked on

2018-05-31 15:05:33 - [TEST_STEP][PASSED] - delay: Delayed 1 second(s)

2018-05-31 15:05:34 - [MESSAGE][PASSED] - Delayed 1 second(s)

2018-05-31 15:05:34 - [TEST_STEP][PASSED] - selectOptionByIndex: All options with index in [2] are selected on object 'Object Repository/DispensaryToCms/Page_Dispensary Store/select_--Select--Schedule 1Inj'

2018-05-31 15:05:34 - [MESSAGE][PASSED] - All options with index in [2] are selected on object 'Object Repository/DispensaryToCms/Page_Dispensary Store/select_--Select--Schedule 1Inj'

2018-05-31 15:05:34 - [TEST_STEP][PASSED] - delay: Delayed 1 second(s)

2018-05-31 15:05:35 - [MESSAGE][PASSED] - Delayed 1 second(s)

2018-05-31 15:05:35 - [TEST_STEP][PASSED] - selectOptionByIndex: All options with index in [25] are selected on object 'Object Repository/DispensaryToCms/Page_Dispensary Store/select_--Select--Adernaline 0.'

2018-05-31 15:05:36 - [MESSAGE][PASSED] - All options with index in [25] are selected on object 'Object Repository/DispensaryToCms/Page_Dispensary Store/select_--Select--Adernaline 0.'

2018-05-31 15:05:36 - [TEST_STEP][PASSED] - setText: Text '100' is set on object 'Object Repository/DispensaryToCms/Page_Dispensary Store/input_txttreat'

2018-05-31 15:05:36 - [MESSAGE][PASSED] - Text '100' is set on object 'Object Repository/DispensaryToCms/Page_Dispensary Store/input_txttreat'

2018-05-31 15:05:36 - [TEST_STEP][PASSED] - click: Object: 'Object Repository/DispensaryToCms/Page_Dispensary Store/button_Add' is clicked on

2018-05-31 15:05:36 - [MESSAGE][PASSED] - Object: 'Object Repository/DispensaryToCms/Page_Dispensary Store/button_Add' is clicked on

2018-05-31 15:05:36 - [TEST_STEP][PASSED] - delay: Delayed 1 second(s)

2018-05-31 15:05:37 - [MESSAGE][PASSED] - Delayed 1 second(s)

2018-05-31 15:05:37 - [TEST_STEP][PASSED] - selectOptionByIndex: All options with index in [2] are selected on object 'Object Repository/DispensaryToCms/Page_Dispensary Store/select_--Select--Schedule 1Inj'

2018-05-31 15:05:37 - [MESSAGE][PASSED] - All options with index in [2] are selected on object 'Object Repository/DispensaryToCms/Page_Dispensary Store/select_--Select--Schedule 1Inj'

2018-05-31 15:05:37 - [TEST_STEP][PASSED] - delay: Delayed 1 second(s)

2018-05-31 15:05:38 - [MESSAGE][PASSED] - Delayed 1 second(s)

2018-05-31 15:05:38 - [TEST_STEP][PASSED] - selectOptionByIndex: All options with index in [26] are selected on object 'Object Repository/DispensaryToCms/Page_Dispensary Store/select_--Select--Adernaline 0.'

2018-05-31 15:05:38 - [MESSAGE][PASSED] - All options with index in [26] are selected on object 'Object Repository/DispensaryToCms/Page_Dispensary Store/select_--Select--Adernaline 0.'

2018-05-31 15:05:38 - [TEST_STEP][PASSED] - setText: Text '100' is set on object 'Object Repository/DispensaryToCms/Page_Dispensary Store/input_txttreat'

2018-05-31 15:05:38 - [MESSAGE][PASSED] - Text '100' is set on object 'Object Repository/DispensaryToCms/Page_Dispensary Store/input_txttreat'

2018-05-31 15:05:38 - [TEST_STEP][PASSED] - click: Object: 'Object Repository/DispensaryToCms/Page_Dispensary Store/button_Add' is clicked on

2018-05-31 15:05:39 - [MESSAGE][PASSED] - Object: 'Object Repository/DispensaryToCms/Page_Dispensary Store/button_Add' is clicked on

2018-05-31 15:05:39 - [TEST_STEP][PASSED] - delay: Delayed 1 second(s)

2018-05-31 15:05:40 - [MESSAGE][PASSED] - Delayed 1 second(s)

2018-05-31 15:05:40 - [TEST_STEP][PASSED] - selectOptionByIndex: All options with index in [2] are selected on object 'Object Repository/DispensaryToCms/Page_Dispensary Store/select_--Select--Schedule 1Inj'

2018-05-31 15:05:40 - [MESSAGE][PASSED] - All options with index in [2] are selected on object 'Object Repository/DispensaryToCms/Page_Dispensary Store/select_--Select--Schedule 1Inj'

2018-05-31 15:05:40 - [TEST_STEP][PASSED] - delay: Delayed 1 second(s)

2018-05-31 15:05:41 - [MESSAGE][PASSED] - Delayed 1 second(s)

2018-05-31 15:05:41 - [TEST_STEP][PASSED] - selectOptionByIndex: All options with index in [27] are selected on object 'Object Repository/DispensaryToCms/Page_Dispensary Store/select_--Select--Adernaline 0.'

2018-05-31 15:05:41 - [MESSAGE][PASSED] - All options with index in [27] are selected on object 'Object Repository/DispensaryToCms/Page_Dispensary Store/select_--Select--Adernaline 0.'

2018-05-31 15:05:41 - [TEST_STEP][PASSED] - setText: Text '100' is set on object 'Object Repository/DispensaryToCms/Page_Dispensary Store/input_txttreat'

2018-05-31 15:05:41 - [MESSAGE][PASSED] - Text '100' is set on object 'Object Repository/DispensaryToCms/Page_Dispensary Store/input_txttreat'

2018-05-31 15:05:41 - [TEST_STEP][PASSED] - click: Object: 'Object Repository/DispensaryToCms/Page_Dispensary Store/button_Add' is clicked on

2018-05-31 15:05:41 - [MESSAGE][PASSED] - Object: 'Object Repository/DispensaryToCms/Page_Dispensary Store/button_Add' is clicked on

2018-05-31 15:05:41 - [TEST_STEP][PASSED] - delay: Delayed 1 second(s)

2018-05-31 15:05:42 - [MESSAGE][PASSED] - Delayed 1 second(s)

2018-05-31 15:05:42 - [TEST_STEP][PASSED] - selectOptionByIndex: All options with index in [2] are selected on object 'Object Repository/DispensaryToCms/Page_Dispensary Store/select_--Select--Schedule 1Inj'

2018-05-31 15:05:42 - [MESSAGE][PASSED] - All options with index in [2] are selected on object 'Object Repository/DispensaryToCms/Page_Dispensary Store/select_--Select--Schedule 1Inj'

2018-05-31 15:05:42 - [TEST_STEP][PASSED] - delay: Delayed 1 second(s)

2018-05-31 15:05:43 - [MESSAGE][PASSED] - Delayed 1 second(s)

2018-05-31 15:05:43 - [TEST_STEP][PASSED] - selectOptionByIndex: All options with index in [28] are selected on object 'Object Repository/DispensaryToCms/Page_Dispensary Store/select_--Select--Adernaline 0.'

2018-05-31 15:05:44 - [MESSAGE][PASSED] - All options with index in [28] are selected on object 'Object Repository/DispensaryToCms/Page_Dispensary Store/select_--Select--Adernaline 0.'

2018-05-31 15:05:44 - [TEST_STEP][PASSED] - setText: Text '100' is set on object 'Object Repository/DispensaryToCms/Page_Dispensary Store/input_txttreat'

2018-05-31 15:05:44 - [MESSAGE][PASSED] - Text '100' is set on object 'Object Repository/DispensaryToCms/Page_Dispensary Store/input_txttreat'

2018-05-31 15:05:44 - [TEST_STEP][PASSED] - click: Object: 'Object Repository/DispensaryToCms/Page_Dispensary Store/button_Add' is clicked on

2018-05-31 15:05:44 - [MESSAGE][PASSED] - Object: 'Object Repository/DispensaryToCms/Page_Dispensary Store/button_Add' is clicked on

2018-05-31 15:05:44 - [TEST_STEP][PASSED] - delay: Delayed 1 second(s)

2018-05-31 15:05:45 - [MESSAGE][PASSED] - Delayed 1 second(s)

2018-05-31 15:05:45 - [TEST_STEP][PASSED] - selectOptionByIndex: All options with index in [2] are selected on object 'Object Repository/DispensaryToCms/Page_Dispensary Store/select_--Select--Schedule 1Inj'

2018-05-31 15:05:45 - [MESSAGE][PASSED] - All options with index in [2] are selected on object 'Object Repository/DispensaryToCms/Page_Dispensary Store/select_--Select--Schedule 1Inj'

2018-05-31 15:05:45 - [TEST_STEP][PASSED] - delay: Delayed 1 second(s)

2018-05-31 15:05:46 - [MESSAGE][PASSED] - Delayed 1 second(s)

2018-05-31 15:05:46 - [TEST_STEP][PASSED] - selectOptionByIndex: All options with index in [29] are selected on object 'Object Repository/DispensaryToCms/Page_Dispensary Store/select_--Select--Adernaline 0.'

2018-05-31 15:05:47 - [MESSAGE][PASSED] - All options with index in [29] are selected on object 'Object Repository/DispensaryToCms/Page_Dispensary Store/select_--Select--Adernaline 0.'

2018-05-31 15:05:47 - [TEST_STEP][PASSED] - setText: Text '100' is set on object 'Object Repository/DispensaryToCms/Page_Dispensary Store/input_txttreat'

2018-05-31 15:05:47 - [MESSAGE][PASSED] - Text '100' is set on object 'Object Repository/DispensaryToCms/Page_Dispensary Store/input_txttreat'

2018-05-31 15:05:47 - [TEST_STEP][PASSED] - click: Object: 'Object Repository/DispensaryToCms/Page_Dispensary Store/button_Add' is clicked on

2018-05-31 15:05:47 - [MESSAGE][PASSED] - Object: 'Object Repository/DispensaryToCms/Page_Dispensary Store/button_Add' is clicked on

2018-05-31 15:05:47 - [TEST_STEP][PASSED] - delay: Delayed 1 second(s)

2018-05-31 15:05:48 - [MESSAGE][PASSED] - Delayed 1 second(s)

2018-05-31 15:05:48 - [TEST_STEP][PASSED] - selectOptionByIndex: All options with index in [2] are selected on object 'Object Repository/DispensaryToCms/Page_Dispensary Store/select_--Select--Schedule 1Inj'

2018-05-31 15:05:48 - [MESSAGE][PASSED] - All options with index in [2] are selected on object 'Object Repository/DispensaryToCms/Page_Dispensary Store/select_--Select--Schedule 1Inj'

2018-05-31 15:05:48 - [TEST_STEP][PASSED] - delay: Delayed 1 second(s)

2018-05-31 15:05:49 - [MESSAGE][PASSED] - Delayed 1 second(s)

2018-05-31 15:05:49 - [TEST_STEP][PASSED] - selectOptionByIndex: All options with index in [30] are selected on object 'Object Repository/DispensaryToCms/Page_Dispensary Store/select_--Select--Adernaline 0.'

2018-05-31 15:05:49 - [MESSAGE][PASSED] - All options with index in [30] are selected on object 'Object Repository/DispensaryToCms/Page_Dispensary Store/select_--Select--Adernaline 0.'

2018-05-31 15:05:49 - [TEST_STEP][PASSED] - setText: Text '100' is set on object 'Object Repository/DispensaryToCms/Page_Dispensary Store/input_txttreat'

2018-05-31 15:05:49 - [MESSAGE][PASSED] - Text '100' is set on object 'Object Repository/DispensaryToCms/Page_Dispensary Store/input_txttreat'

2018-05-31 15:05:49 - [TEST_STEP][PASSED] - click: Object: 'Object Repository/DispensaryToCms/Page_Dispensary Store/button_Add' is clicked on

2018-05-31 15:05:50 - [MESSAGE][PASSED] - Object: 'Object Repository/DispensaryToCms/Page_Dispensary Store/button_Add' is clicked on

2018-05-31 15:05:50 - [TEST_STEP][PASSED] - delay: Delayed 1 second(s)

2018-05-31 15:05:51 - [MESSAGE][PASSED] - Delayed 1 second(s)

2018-05-31 15:05:51 - [TEST_STEP][PASSED] - selectOptionByIndex: All options with index in [2] are selected on object 'Object Repository/DispensaryToCms/Page_Dispensary Store/select_--Select--Schedule 1Inj'

2018-05-31 15:05:51 - [MESSAGE][PASSED] - All options with index in [2] are selected on object 'Object Repository/DispensaryToCms/Page_Dispensary Store/select_--Select--Schedule 1Inj'

2018-05-31 15:05:51 - [TEST_STEP][PASSED] - delay: Delayed 1 second(s)

2018-05-31 15:05:52 - [MESSAGE][PASSED] - Delayed 1 second(s)

2018-05-31 15:05:52 - [TEST_STEP][PASSED] - selectOptionByIndex: All options with index in [31] are selected on object 'Object Repository/DispensaryToCms/Page_Dispensary Store/select_--Select--Adernaline 0.'

2018-05-31 15:05:52 - [MESSAGE][PASSED] - All options with index in [31] are selected on object 'Object Repository/DispensaryToCms/Page_Dispensary Store/select_--Select--Adernaline 0.'

2018-05-31 15:05:52 - [TEST_STEP][PASSED] - setText: Text '100' is set on object 'Object Repository/DispensaryToCms/Page_Dispensary Store/input_txttreat'

2018-05-31 15:05:52 - [MESSAGE][PASSED] - Text '100' is set on object 'Object Repository/DispensaryToCms/Page_Dispensary Store/input_txttreat'

2018-05-31 15:05:52 - [TEST_STEP][PASSED] - click: Object: 'Object Repository/DispensaryToCms/Page_Dispensary Store/button_Add' is clicked on

2018-05-31 15:05:52 - [MESSAGE][PASSED] - Object: 'Object Repository/DispensaryToCms/Page_Dispensary Store/button_Add' is clicked on

2018-05-31 15:05:52 - [TEST_STEP][PASSED] - delay: Delayed 1 second(s)

2018-05-31 15:05:53 - [MESSAGE][PASSED] - Delayed 1 second(s)

2018-05-31 15:05:53 - [TEST_STEP][PASSED] - selectOptionByIndex: All options with index in [2] are selected on object 'Object Repository/DispensaryToCms/Page_Dispensary Store/select_--Select--Schedule 1Inj'

2018-05-31 15:05:53 - [MESSAGE][PASSED] - All options with index in [2] are selected on object 'Object Repository/DispensaryToCms/Page_Dispensary Store/select_--Select--Schedule 1Inj'

2018-05-31 15:05:53 - [TEST_STEP][PASSED] - delay: Delayed 1 second(s)

2018-05-31 15:05:54 - [MESSAGE][PASSED] - Delayed 1 second(s)

2018-05-31 15:05:54 - [TEST_STEP][PASSED] - selectOptionByIndex: All options with index in [32] are selected on object 'Object Repository/DispensaryToCms/Page_Dispensary Store/select_--Select--Adernaline 0.'

2018-05-31 15:05:55 - [MESSAGE][PASSED] - All options with index in [32] are selected on object 'Object Repository/DispensaryToCms/Page_Dispensary Store/select_--Select--Adernaline 0.'

2018-05-31 15:05:55 - [TEST_STEP][PASSED] - setText: Text '100' is set on object 'Object Repository/DispensaryToCms/Page_Dispensary Store/input_txttreat'

2018-05-31 15:05:55 - [MESSAGE][PASSED] - Text '100' is set on object 'Object Repository/DispensaryToCms/Page_Dispensary Store/input_txttreat'

2018-05-31 15:05:55 - [TEST_STEP][PASSED] - click: Object: 'Object Repository/DispensaryToCms/Page_Dispensary Store/button_Add' is clicked on

2018-05-31 15:05:55 - [MESSAGE][PASSED] - Object: 'Object Repository/DispensaryToCms/Page_Dispensary Store/button_Add' is clicked on

2018-05-31 15:05:55 - [TEST_STEP][PASSED] - delay: Delayed 1 second(s)

2018-05-31 15:05:56 - [MESSAGE][PASSED] - Delayed 1 second(s)

2018-05-31 15:05:56 - [TEST_STEP][PASSED] - selectOptionByIndex: All options with index in [2] are selected on object 'Object Repository/DispensaryToCms/Page_Dispensary Store/select_--Select--Schedule 1Inj'

2018-05-31 15:05:56 - [MESSAGE][PASSED] - All options with index in [2] are selected on object 'Object Repository/DispensaryToCms/Page_Dispensary Store/select_--Select--Schedule 1Inj'

2018-05-31 15:05:56 - [TEST_STEP][PASSED] - delay: Delayed 1 second(s)

2018-05-31 15:05:57 - [MESSAGE][PASSED] - Delayed 1 second(s)

2018-05-31 15:05:57 - [TEST_STEP][PASSED] - selectOptionByIndex: All options with index in [33] are selected on object 'Object Repository/DispensaryToCms/Page_Dispensary Store/select_--Select--Adernaline 0.'

2018-05-31 15:05:58 - [MESSAGE][PASSED] - All options with index in [33] are selected on object 'Object Repository/DispensaryToCms/Page_Dispensary Store/select_--Select--Adernaline 0.'

2018-05-31 15:05:58 - [TEST_STEP][PASSED] - setText: Text '100' is set on object 'Object Repository/DispensaryToCms/Page_Dispensary Store/input_txttreat'

2018-05-31 15:05:58 - [MESSAGE][PASSED] - Text '100' is set on object 'Object Repository/DispensaryToCms/Page_Dispensary Store/input_txttreat'

2018-05-31 15:05:58 - [TEST_STEP][PASSED] - click: Object: 'Object Repository/DispensaryToCms/Page_Dispensary Store/button_Add' is clicked on

2018-05-31 15:05:58 - [MESSAGE][PASSED] - Object: 'Object Repository/DispensaryToCms/Page_Dispensary Store/button_Add' is clicked on

2018-05-31 15:05:58 - [TEST_STEP][PASSED] - delay: Delayed 1 second(s)

2018-05-31 15:05:59 - [MESSAGE][PASSED] - Delayed 1 second(s)

2018-05-31 15:05:59 - [TEST_STEP][PASSED] - selectOptionByIndex: All options with index in [2] are selected on object 'Object Repository/DispensaryToCms/Page_Dispensary Store/select_--Select--Schedule 1Inj'

2018-05-31 15:05:59 - [MESSAGE][PASSED] - All options with index in [2] are selected on object 'Object Repository/DispensaryToCms/Page_Dispensary Store/select_--Select--Schedule 1Inj'

2018-05-31 15:05:59 - [TEST_STEP][PASSED] - delay: Delayed 1 second(s)

2018-05-31 15:06:00 - [MESSAGE][PASSED] - Delayed 1 second(s)

2018-05-31 15:06:00 - [TEST_STEP][PASSED] - selectOptionByIndex: All options with index in [34] are selected on object 'Object Repository/DispensaryToCms/Page_Dispensary Store/select_--Select--Adernaline 0.'

2018-05-31 15:06:01 - [MESSAGE][PASSED] - All options with index in [34] are selected on object 'Object Repository/DispensaryToCms/Page_Dispensary Store/select_--Select--Adernaline 0.'

2018-05-31 15:06:01 - [TEST_STEP][PASSED] - setText: Text '100' is set on object 'Object Repository/DispensaryToCms/Page_Dispensary Store/input_txttreat'

2018-05-31 15:06:01 - [MESSAGE][PASSED] - Text '100' is set on object 'Object Repository/DispensaryToCms/Page_Dispensary Store/input_txttreat'

2018-05-31 15:06:01 - [TEST_STEP][PASSED] - click: Object: 'Object Repository/DispensaryToCms/Page_Dispensary Store/button_Add' is clicked on

2018-05-31 15:06:01 - [MESSAGE][PASSED] - Object: 'Object Repository/DispensaryToCms/Page_Dispensary Store/button_Add' is clicked on

2018-05-31 15:06:01 - [TEST_STEP][PASSED] - delay: Delayed 1 second(s)

2018-05-31 15:06:02 - [MESSAGE][PASSED] - Delayed 1 second(s)

2018-05-31 15:06:02 - [TEST_STEP][PASSED] - selectOptionByIndex: All options with index in [2] are selected on object 'Object Repository/DispensaryToCms/Page_Dispensary Store/select_--Select--Schedule 1Inj'

2018-05-31 15:06:02 - [MESSAGE][PASSED] - All options with index in [2] are selected on object 'Object Repository/DispensaryToCms/Page_Dispensary Store/select_--Select--Schedule 1Inj'

2018-05-31 15:06:02 - [TEST_STEP][PASSED] - delay: Delayed 1 second(s)

2018-05-31 15:06:03 - [MESSAGE][PASSED] - Delayed 1 second(s)

2018-05-31 15:06:03 - [TEST_STEP][PASSED] - selectOptionByIndex: All options with index in [35] are selected on object 'Object Repository/DispensaryToCms/Page_Dispensary Store/select_--Select--Adernaline 0.'

2018-05-31 15:06:04 - [MESSAGE][PASSED] - All options with index in [35] are selected on object 'Object Repository/DispensaryToCms/Page_Dispensary Store/select_--Select--Adernaline 0.'

2018-05-31 15:06:04 - [TEST_STEP][PASSED] - setText: Text '100' is set on object 'Object Repository/DispensaryToCms/Page_Dispensary Store/input_txttreat'

2018-05-31 15:06:04 - [MESSAGE][PASSED] - Text '100' is set on object 'Object Repository/DispensaryToCms/Page_Dispensary Store/input_txttreat'

2018-05-31 15:06:04 - [TEST_STEP][PASSED] - click: Object: 'Object Repository/DispensaryToCms/Page_Dispensary Store/button_Add' is clicked on

2018-05-31 15:06:04 - [MESSAGE][PASSED] - Object: 'Object Repository/DispensaryToCms/Page_Dispensary Store/button_Add' is clicked on

2018-05-31 15:06:04 - [TEST_STEP][PASSED] - delay: Delayed 1 second(s)

2018-05-31 15:06:05 - [MESSAGE][PASSED] - Delayed 1 second(s)

2018-05-31 15:06:05 - [TEST_STEP][PASSED] - selectOptionByIndex: All options with index in [2] are selected on object 'Object Repository/DispensaryToCms/Page_Dispensary Store/select_--Select--Schedule 1Inj'

2018-05-31 15:06:05 - [MESSAGE][PASSED] - All options with index in [2] are selected on object 'Object Repository/DispensaryToCms/Page_Dispensary Store/select_--Select--Schedule 1Inj'

2018-05-31 15:06:05 - [TEST_STEP][PASSED] - delay: Delayed 1 second(s)

2018-05-31 15:06:06 - [MESSAGE][PASSED] - Delayed 1 second(s)

2018-05-31 15:06:06 - [TEST_STEP][PASSED] - selectOptionByIndex: All options with index in [36] are selected on object 'Object Repository/DispensaryToCms/Page_Dispensary Store/select_--Select--Adernaline 0.'

2018-05-31 15:06:07 - [MESSAGE][PASSED] - All options with index in [36] are selected on object 'Object Repository/DispensaryToCms/Page_Dispensary Store/select_--Select--Adernaline 0.'

2018-05-31 15:06:07 - [TEST_STEP][PASSED] - setText: Text '100' is set on object 'Object Repository/DispensaryToCms/Page_Dispensary Store/input_txttreat'

2018-05-31 15:06:07 - [MESSAGE][PASSED] - Text '100' is set on object 'Object Repository/DispensaryToCms/Page_Dispensary Store/input_txttreat'

2018-05-31 15:06:07 - [TEST_STEP][PASSED] - click: Object: 'Object Repository/DispensaryToCms/Page_Dispensary Store/button_Add' is clicked on

2018-05-31 15:06:07 - [MESSAGE][PASSED] - Object: 'Object Repository/DispensaryToCms/Page_Dispensary Store/button_Add' is clicked on

2018-05-31 15:06:07 - [TEST_STEP][PASSED] - delay: Delayed 1 second(s)

2018-05-31 15:06:08 - [MESSAGE][PASSED] - Delayed 1 second(s)

2018-05-31 15:06:08 - [TEST_STEP][PASSED] - selectOptionByIndex: All options with index in [2] are selected on object 'Object Repository/DispensaryToCms/Page_Dispensary Store/select_--Select--Schedule 1Inj'

2018-05-31 15:06:08 - [MESSAGE][PASSED] - All options with index in [2] are selected on object 'Object Repository/DispensaryToCms/Page_Dispensary Store/select_--Select--Schedule 1Inj'

2018-05-31 15:06:08 - [TEST_STEP][PASSED] - delay: Delayed 1 second(s)

2018-05-31 15:06:09 - [MESSAGE][PASSED] - Delayed 1 second(s)

2018-05-31 15:06:09 - [TEST_STEP][PASSED] - selectOptionByIndex: All options with index in [37] are selected on object 'Object Repository/DispensaryToCms/Page_Dispensary Store/select_--Select--Adernaline 0.'

2018-05-31 15:06:09 - [MESSAGE][PASSED] - All options with index in [37] are selected on object 'Object Repository/DispensaryToCms/Page_Dispensary Store/select_--Select--Adernaline 0.'

2018-05-31 15:06:09 - [TEST_STEP][PASSED] - setText: Text '100' is set on object 'Object Repository/DispensaryToCms/Page_Dispensary Store/input_txttreat'

2018-05-31 15:06:10 - [MESSAGE][PASSED] - Text '100' is set on object 'Object Repository/DispensaryToCms/Page_Dispensary Store/input_txttreat'

2018-05-31 15:06:10 - [TEST_STEP][PASSED] - click: Object: 'Object Repository/DispensaryToCms/Page_Dispensary Store/button_Add' is clicked on

2018-05-31 15:06:10 - [MESSAGE][PASSED] - Object: 'Object Repository/DispensaryToCms/Page_Dispensary Store/button_Add' is clicked on

2018-05-31 15:06:10 - [TEST_STEP][PASSED] - delay: Delayed 1 second(s)

2018-05-31 15:06:11 - [MESSAGE][PASSED] - Delayed 1 second(s)

2018-05-31 15:06:11 - [TEST_STEP][PASSED] - selectOptionByIndex: All options with index in [2] are selected on object 'Object Repository/DispensaryToCms/Page_Dispensary Store/select_--Select--Schedule 1Inj'

2018-05-31 15:06:11 - [MESSAGE][PASSED] - All options with index in [2] are selected on object 'Object Repository/DispensaryToCms/Page_Dispensary Store/select_--Select--Schedule 1Inj'

2018-05-31 15:06:11 - [TEST_STEP][PASSED] - delay: Delayed 1 second(s)

2018-05-31 15:06:12 - [MESSAGE][PASSED] - Delayed 1 second(s)

2018-05-31 15:06:12 - [TEST_STEP][PASSED] - selectOptionByIndex: All options with index in [38] are selected on object 'Object Repository/DispensaryToCms/Page_Dispensary Store/select_--Select--Adernaline 0.'

2018-05-31 15:06:12 - [MESSAGE][PASSED] - All options with index in [38] are selected on object 'Object Repository/DispensaryToCms/Page_Dispensary Store/select_--Select--Adernaline 0.'

2018-05-31 15:06:12 - [TEST_STEP][PASSED] - setText: Text '100' is set on object 'Object Repository/DispensaryToCms/Page_Dispensary Store/input_txttreat'

2018-05-31 15:06:12 - [MESSAGE][PASSED] - Text '100' is set on object 'Object Repository/DispensaryToCms/Page_Dispensary Store/input_txttreat'

2018-05-31 15:06:12 - [TEST_STEP][PASSED] - click: Object: 'Object Repository/DispensaryToCms/Page_Dispensary Store/button_Add' is clicked on

2018-05-31 15:06:12 - [MESSAGE][PASSED] - Object: 'Object Repository/DispensaryToCms/Page_Dispensary Store/button_Add' is clicked on

2018-05-31 15:06:12 - [TEST_STEP][PASSED] - delay: Delayed 1 second(s)

2018-05-31 15:06:13 - [MESSAGE][PASSED] - Delayed 1 second(s)

2018-05-31 15:06:13 - [TEST_STEP][PASSED] - selectOptionByIndex: All options with index in [2] are selected on object 'Object Repository/DispensaryToCms/Page_Dispensary Store/select_--Select--Schedule 1Inj'

2018-05-31 15:06:14 - [MESSAGE][PASSED] - All options with index in [2] are selected on object 'Object Repository/DispensaryToCms/Page_Dispensary Store/select_--Select--Schedule 1Inj'

2018-05-31 15:06:14 - [TEST_STEP][PASSED] - delay: Delayed 1 second(s)

2018-05-31 15:06:15 - [MESSAGE][PASSED] - Delayed 1 second(s)

2018-05-31 15:06:15 - [TEST_STEP][PASSED] - selectOptionByIndex: All options with index in [39] are selected on object 'Object Repository/DispensaryToCms/Page_Dispensary Store/select_--Select--Adernaline 0.'

2018-05-31 15:06:15 - [MESSAGE][PASSED] - All options with index in [39] are selected on object 'Object Repository/DispensaryToCms/Page_Dispensary Store/select_--Select--Adernaline 0.'

2018-05-31 15:06:15 - [TEST_STEP][PASSED] - setText: Text '100' is set on object 'Object Repository/DispensaryToCms/Page_Dispensary Store/input_txttreat'

2018-05-31 15:06:15 - [MESSAGE][PASSED] - Text '100' is set on object 'Object Repository/DispensaryToCms/Page_Dispensary Store/input_txttreat'

2018-05-31 15:06:15 - [TEST_STEP][PASSED] - click: Object: 'Object Repository/DispensaryToCms/Page_Dispensary Store/button_Add' is clicked on

2018-05-31 15:06:15 - [MESSAGE][PASSED] - Object: 'Object Repository/DispensaryToCms/Page_Dispensary Store/button_Add' is clicked on

2018-05-31 15:06:15 - [TEST_STEP][PASSED] - delay: Delayed 1 second(s)

2018-05-31 15:06:16 - [MESSAGE][PASSED] - Delayed 1 second(s)

2018-05-31 15:06:16 - [TEST_STEP][PASSED] - selectOptionByIndex: All options with index in [2] are selected on object 'Object Repository/DispensaryToCms/Page_Dispensary Store/select_--Select--Schedule 1Inj'

2018-05-31 15:06:17 - [MESSAGE][PASSED] - All options with index in [2] are selected on object 'Object Repository/DispensaryToCms/Page_Dispensary Store/select_--Select--Schedule 1Inj'

2018-05-31 15:06:17 - [TEST_STEP][PASSED] - delay: Delayed 1 second(s)

2018-05-31 15:06:18 - [MESSAGE][PASSED] - Delayed 1 second(s)

2018-05-31 15:06:18 - [TEST_STEP][PASSED] - selectOptionByIndex: All options with index in [40] are selected on object 'Object Repository/DispensaryToCms/Page_Dispensary Store/select_--Select--Adernaline 0.'

2018-05-31 15:06:18 - [MESSAGE][PASSED] - All options with index in [40] are selected on object 'Object Repository/DispensaryToCms/Page_Dispensary Store/select_--Select--Adernaline 0.'

2018-05-31 15:06:18 - [TEST_STEP][PASSED] - setText: Text '100' is set on object 'Object Repository/DispensaryToCms/Page_Dispensary Store/input_txttreat'

2018-05-31 15:06:18 - [MESSAGE][PASSED] - Text '100' is set on object 'Object Repository/DispensaryToCms/Page_Dispensary Store/input_txttreat'

2018-05-31 15:06:18 - [TEST_STEP][PASSED] - click: Object: 'Object Repository/DispensaryToCms/Page_Dispensary Store/button_Add' is clicked on

2018-05-31 15:06:18 - [MESSAGE][PASSED] - Object: 'Object Repository/DispensaryToCms/Page_Dispensary Store/button_Add' is clicked on

2018-05-31 15:06:18 - [TEST_STEP][PASSED] - delay: Delayed 1 second(s)

2018-05-31 15:06:19 - [MESSAGE][PASSED] - Delayed 1 second(s)

2018-05-31 15:06:19 - [TEST_STEP][PASSED] - selectOptionByIndex: All options with index in [2] are selected on object 'Object Repository/DispensaryToCms/Page_Dispensary Store/select_--Select--Schedule 1Inj'

2018-05-31 15:06:19 - [MESSAGE][PASSED] - All options with index in [2] are selected on object 'Object Repository/DispensaryToCms/Page_Dispensary Store/select_--Select--Schedule 1Inj'

2018-05-31 15:06:19 - [TEST_STEP][PASSED] - delay: Delayed 1 second(s)

2018-05-31 15:06:20 - [MESSAGE][PASSED] - Delayed 1 second(s)

2018-05-31 15:06:20 - [TEST_STEP][PASSED] - selectOptionByIndex: All options with index in [41] are selected on object 'Object Repository/DispensaryToCms/Page_Dispensary Store/select_--Select--Adernaline 0.'

2018-05-31 15:06:21 - [MESSAGE][PASSED] - All options with index in [41] are selected on object 'Object Repository/DispensaryToCms/Page_Dispensary Store/select_--Select--Adernaline 0.'

2018-05-31 15:06:21 - [TEST_STEP][PASSED] - setText: Text '100' is set on object 'Object Repository/DispensaryToCms/Page_Dispensary Store/input_txttreat'

2018-05-31 15:06:21 - [MESSAGE][PASSED] - Text '100' is set on object 'Object Repository/DispensaryToCms/Page_Dispensary Store/input_txttreat'

2018-05-31 15:06:21 - [TEST_STEP][PASSED] - click: Object: 'Object Repository/DispensaryToCms/Page_Dispensary Store/button_Add' is clicked on

2018-05-31 15:06:21 - [MESSAGE][PASSED] - Object: 'Object Repository/DispensaryToCms/Page_Dispensary Store/button_Add' is clicked on

2018-05-31 15:06:21 - [TEST_STEP][PASSED] - delay: Delayed 1 second(s)

2018-05-31 15:06:22 - [MESSAGE][PASSED] - Delayed 1 second(s)

2018-05-31 15:06:22 - [TEST_STEP][PASSED] - selectOptionByIndex: All options with index in [2] are selected on object 'Object Repository/DispensaryToCms/Page_Dispensary Store/select_--Select--Schedule 1Inj'

2018-05-31 15:06:22 - [MESSAGE][PASSED] - All options with index in [2] are selected on object 'Object Repository/DispensaryToCms/Page_Dispensary Store/select_--Select--Schedule 1Inj'

2018-05-31 15:06:22 - [TEST_STEP][PASSED] - delay: Delayed 1 second(s)

2018-05-31 15:06:23 - [MESSAGE][PASSED] - Delayed 1 second(s)

2018-05-31 15:06:23 - [TEST_STEP][PASSED] - selectOptionByIndex: All options with index in [42] are selected on object 'Object Repository/DispensaryToCms/Page_Dispensary Store/select_--Select--Adernaline 0.'

2018-05-31 15:06:24 - [MESSAGE][PASSED] - All options with index in [42] are selected on object 'Object Repository/DispensaryToCms/Page_Dispensary Store/select_--Select--Adernaline 0.'

2018-05-31 15:06:24 - [TEST_STEP][PASSED] - setText: Text '100' is set on object 'Object Repository/DispensaryToCms/Page_Dispensary Store/input_txttreat'

2018-05-31 15:06:24 - [MESSAGE][PASSED] - Text '100' is set on object 'Object Repository/DispensaryToCms/Page_Dispensary Store/input_txttreat'

2018-05-31 15:06:24 - [TEST_STEP][PASSED] - click: Object: 'Object Repository/DispensaryToCms/Page_Dispensary Store/button_Add' is clicked on

2018-05-31 15:06:24 - [MESSAGE][PASSED] - Object: 'Object Repository/DispensaryToCms/Page_Dispensary Store/button_Add' is clicked on

2018-05-31 15:06:24 - [TEST_STEP][PASSED] - delay: Delayed 1 second(s)

2018-05-31 15:06:25 - [MESSAGE][PASSED] - Delayed 1 second(s)

2018-05-31 15:06:25 - [TEST_STEP][PASSED] - selectOptionByIndex: All options with index in [2] are selected on object 'Object Repository/DispensaryToCms/Page_Dispensary Store/select_--Select--Schedule 1Inj'

2018-05-31 15:06:25 - [MESSAGE][PASSED] - All options with index in [2] are selected on object 'Object Repository/DispensaryToCms/Page_Dispensary Store/select_--Select--Schedule 1Inj'

2018-05-31 15:06:25 - [TEST_STEP][PASSED] - delay: Delayed 1 second(s)

2018-05-31 15:06:26 - [MESSAGE][PASSED] - Delayed 1 second(s)

2018-05-31 15:06:26 - [TEST_STEP][PASSED] - selectOptionByIndex: All options with index in [43] are selected on object 'Object Repository/DispensaryToCms/Page_Dispensary Store/select_--Select--Adernaline 0.'

2018-05-31 15:06:27 - [MESSAGE][PASSED] - All options with index in [43] are selected on object 'Object Repository/DispensaryToCms/Page_Dispensary Store/select_--Select--Adernaline 0.'

2018-05-31 15:06:27 - [TEST_STEP][PASSED] - setText: Text '100' is set on object 'Object Repository/DispensaryToCms/Page_Dispensary Store/input_txttreat'

2018-05-31 15:06:27 - [MESSAGE][PASSED] - Text '100' is set on object 'Object Repository/DispensaryToCms/Page_Dispensary Store/input_txttreat'

2018-05-31 15:06:27 - [TEST_STEP][PASSED] - click: Object: 'Object Repository/DispensaryToCms/Page_Dispensary Store/button_Add' is clicked on

2018-05-31 15:06:27 - [MESSAGE][PASSED] - Object: 'Object Repository/DispensaryToCms/Page_Dispensary Store/button_Add' is clicked on

2018-05-31 15:06:27 - [TEST_STEP][PASSED] - delay: Delayed 1 second(s)

2018-05-31 15:06:28 - [MESSAGE][PASSED] - Delayed 1 second(s)

2018-05-31 15:06:28 - [TEST_STEP][PASSED] - selectOptionByIndex: All options with index in [2] are selected on object 'Object Repository/DispensaryToCms/Page_Dispensary Store/select_--Select--Schedule 1Inj'

2018-05-31 15:06:28 - [MESSAGE][PASSED] - All options with index in [2] are selected on object 'Object Repository/DispensaryToCms/Page_Dispensary Store/select_--Select--Schedule 1Inj'

2018-05-31 15:06:28 - [TEST_STEP][PASSED] - delay: Delayed 1 second(s)

2018-05-31 15:06:29 - [MESSAGE][PASSED] - Delayed 1 second(s)

2018-05-31 15:06:29 - [TEST_STEP][PASSED] - selectOptionByIndex: All options with index in [44] are selected on object 'Object Repository/DispensaryToCms/Page_Dispensary Store/select_--Select--Adernaline 0.'

2018-05-31 15:06:30 - [MESSAGE][PASSED] - All options with index in [44] are selected on object 'Object Repository/DispensaryToCms/Page_Dispensary Store/select_--Select--Adernaline 0.'

2018-05-31 15:06:30 - [TEST_STEP][PASSED] - setText: Text '100' is set on object 'Object Repository/DispensaryToCms/Page_Dispensary Store/input_txttreat'

2018-05-31 15:06:30 - [MESSAGE][PASSED] - Text '100' is set on object 'Object Repository/DispensaryToCms/Page_Dispensary Store/input_txttreat'

2018-05-31 15:06:30 - [TEST_STEP][PASSED] - click: Object: 'Object Repository/DispensaryToCms/Page_Dispensary Store/button_Add' is clicked on

2018-05-31 15:06:30 - [MESSAGE][PASSED] - Object: 'Object Repository/DispensaryToCms/Page_Dispensary Store/button_Add' is clicked on

2018-05-31 15:06:30 - [TEST_STEP][PASSED] - delay: Delayed 1 second(s)

2018-05-31 15:06:31 - [MESSAGE][PASSED] - Delayed 1 second(s)

2018-05-31 15:06:31 - [TEST_STEP][PASSED] - selectOptionByIndex: All options with index in [2] are selected on object 'Object Repository/DispensaryToCms/Page_Dispensary Store/select_--Select--Schedule 1Inj'

2018-05-31 15:06:31 - [MESSAGE][PASSED] - All options with index in [2] are selected on object 'Object Repository/DispensaryToCms/Page_Dispensary Store/select_--Select--Schedule 1Inj'

2018-05-31 15:06:31 - [TEST_STEP][PASSED] - delay: Delayed 1 second(s)

2018-05-31 15:06:32 - [MESSAGE][PASSED] - Delayed 1 second(s)

2018-05-31 15:06:32 - [TEST_STEP][PASSED] - selectOptionByIndex: All options with index in [45] are selected on object 'Object Repository/DispensaryToCms/Page_Dispensary Store/select_--Select--Adernaline 0.'

2018-05-31 15:06:33 - [MESSAGE][PASSED] - All options with index in [45] are selected on object 'Object Repository/DispensaryToCms/Page_Dispensary Store/select_--Select--Adernaline 0.'

2018-05-31 15:06:33 - [TEST_STEP][PASSED] - setText: Text '100' is set on object 'Object Repository/DispensaryToCms/Page_Dispensary Store/input_txttreat'

2018-05-31 15:06:33 - [MESSAGE][PASSED] - Text '100' is set on object 'Object Repository/DispensaryToCms/Page_Dispensary Store/input_txttreat'

2018-05-31 15:06:33 - [TEST_STEP][PASSED] - click: Object: 'Object Repository/DispensaryToCms/Page_Dispensary Store/button_Add' is clicked on

2018-05-31 15:06:33 - [MESSAGE][PASSED] - Object: 'Object Repository/DispensaryToCms/Page_Dispensary Store/button_Add' is clicked on

2018-05-31 15:06:33 - [TEST_STEP][PASSED] - delay: Delayed 1 second(s)

2018-05-31 15:06:34 - [MESSAGE][PASSED] - Delayed 1 second(s)

2018-05-31 15:06:34 - [TEST_STEP][PASSED] - selectOptionByIndex: All options with index in [2] are selected on object 'Object Repository/DispensaryToCms/Page_Dispensary Store/select_--Select--Schedule 1Inj'

2018-05-31 15:06:34 - [MESSAGE][PASSED] - All options with index in [2] are selected on object 'Object Repository/DispensaryToCms/Page_Dispensary Store/select_--Select--Schedule 1Inj'

2018-05-31 15:06:34 - [TEST_STEP][PASSED] - delay: Delayed 1 second(s)

2018-05-31 15:06:35 - [MESSAGE][PASSED] - Delayed 1 second(s)

2018-05-31 15:06:35 - [TEST_STEP][PASSED] - selectOptionByIndex: All options with index in [46] are selected on object 'Object Repository/DispensaryToCms/Page_Dispensary Store/select_--Select--Adernaline 0.'

2018-05-31 15:06:36 - [MESSAGE][PASSED] - All options with index in [46] are selected on object 'Object Repository/DispensaryToCms/Page_Dispensary Store/select_--Select--Adernaline 0.'

2018-05-31 15:06:36 - [TEST_STEP][PASSED] - setText: Text '100' is set on object 'Object Repository/DispensaryToCms/Page_Dispensary Store/input_txttreat'

2018-05-31 15:06:36 - [MESSAGE][PASSED] - Text '100' is set on object 'Object Repository/DispensaryToCms/Page_Dispensary Store/input_txttreat'

2018-05-31 15:06:36 - [TEST_STEP][PASSED] - click: Object: 'Object Repository/DispensaryToCms/Page_Dispensary Store/button_Add' is clicked on

2018-05-31 15:06:36 - [MESSAGE][PASSED] - Object: 'Object Repository/DispensaryToCms/Page_Dispensary Store/button_Add' is clicked on

2018-05-31 15:06:36 - [TEST_STEP][PASSED] - delay: Delayed 1 second(s)

2018-05-31 15:06:37 - [MESSAGE][PASSED] - Delayed 1 second(s)

2018-05-31 15:06:37 - [TEST_STEP][PASSED] - selectOptionByIndex: All options with index in [2] are selected on object 'Object Repository/DispensaryToCms/Page_Dispensary Store/select_--Select--Schedule 1Inj'

2018-05-31 15:06:37 - [MESSAGE][PASSED] - All options with index in [2] are selected on object 'Object Repository/DispensaryToCms/Page_Dispensary Store/select_--Select--Schedule 1Inj'

2018-05-31 15:06:37 - [TEST_STEP][PASSED] - delay: Delayed 1 second(s)

2018-05-31 15:06:38 - [MESSAGE][PASSED] - Delayed 1 second(s)

2018-05-31 15:06:38 - [TEST_STEP][PASSED] - selectOptionByIndex: All options with index in [47] are selected on object 'Object Repository/DispensaryToCms/Page_Dispensary Store/select_--Select--Adernaline 0.'

2018-05-31 15:06:38 - [MESSAGE][PASSED] - All options with index in [47] are selected on object 'Object Repository/DispensaryToCms/Page_Dispensary Store/select_--Select--Adernaline 0.'

2018-05-31 15:06:38 - [TEST_STEP][PASSED] - setText: Text '100' is set on object 'Object Repository/DispensaryToCms/Page_Dispensary Store/input_txttreat'

2018-05-31 15:06:39 - [MESSAGE][PASSED] - Text '100' is set on object 'Object Repository/DispensaryToCms/Page_Dispensary Store/input_txttreat'

2018-05-31 15:06:39 - [TEST_STEP][PASSED] - click: Object: 'Object Repository/DispensaryToCms/Page_Dispensary Store/button_Add' is clicked on

2018-05-31 15:06:39 - [MESSAGE][PASSED] - Object: 'Object Repository/DispensaryToCms/Page_Dispensary Store/button_Add' is clicked on

2018-05-31 15:06:39 - [TEST_STEP][PASSED] - delay: Delayed 1 second(s)

2018-05-31 15:06:40 - [MESSAGE][PASSED] - Delayed 1 second(s)

2018-05-31 15:06:40 - [TEST_STEP][PASSED] - selectOptionByIndex: All options with index in [2] are selected on object 'Object Repository/DispensaryToCms/Page_Dispensary Store/select_--Select--Schedule 1Inj'

2018-05-31 15:06:40 - [MESSAGE][PASSED] - All options with index in [2] are selected on object 'Object Repository/DispensaryToCms/Page_Dispensary Store/select_--Select--Schedule 1Inj'

2018-05-31 15:06:40 - [TEST_STEP][PASSED] - delay: Delayed 1 second(s)

2018-05-31 15:06:41 - [MESSAGE][PASSED] - Delayed 1 second(s)

2018-05-31 15:06:41 - [TEST_STEP][PASSED] - selectOptionByIndex: All options with index in [48] are selected on object 'Object Repository/DispensaryToCms/Page_Dispensary Store/select_--Select--Adernaline 0.'

2018-05-31 15:06:41 - [MESSAGE][PASSED] - All options with index in [48] are selected on object 'Object Repository/DispensaryToCms/Page_Dispensary Store/select_--Select--Adernaline 0.'

2018-05-31 15:06:41 - [TEST_STEP][PASSED] - setText: Text '100' is set on object 'Object Repository/DispensaryToCms/Page_Dispensary Store/input_txttreat'

2018-05-31 15:06:42 - [MESSAGE][PASSED] - Text '100' is set on object 'Object Repository/DispensaryToCms/Page_Dispensary Store/input_txttreat'

2018-05-31 15:06:42 - [TEST_STEP][PASSED] - click: Object: 'Object Repository/DispensaryToCms/Page_Dispensary Store/button_Add' is clicked on

2018-05-31 15:06:42 - [MESSAGE][PASSED] - Object: 'Object Repository/DispensaryToCms/Page_Dispensary Store/button_Add' is clicked on

2018-05-31 15:06:42 - [TEST_STEP][PASSED] - delay: Delayed 1 second(s)

2018-05-31 15:06:43 - [MESSAGE][PASSED] - Delayed 1 second(s)

2018-05-31 15:06:43 - [TEST_STEP][PASSED] - selectOptionByIndex: All options with index in [2] are selected on object 'Object Repository/DispensaryToCms/Page_Dispensary Store/select_--Select--Schedule 1Inj'

2018-05-31 15:06:43 - [MESSAGE][PASSED] - All options with index in [2] are selected on object 'Object Repository/DispensaryToCms/Page_Dispensary Store/select_--Select--Schedule 1Inj'

2018-05-31 15:06:43 - [TEST_STEP][PASSED] - delay: Delayed 1 second(s)

2018-05-31 15:06:44 - [MESSAGE][PASSED] - Delayed 1 second(s)

2018-05-31 15:06:44 - [TEST_STEP][PASSED] - selectOptionByIndex: All options with index in [49] are selected on object 'Object Repository/DispensaryToCms/Page_Dispensary Store/select_--Select--Adernaline 0.'

2018-05-31 15:06:44 - [MESSAGE][PASSED] - All options with index in [49] are selected on object 'Object Repository/DispensaryToCms/Page_Dispensary Store/select_--Select--Adernaline 0.'

2018-05-31 15:06:44 - [TEST_STEP][PASSED] - setText: Text '100' is set on object 'Object Repository/DispensaryToCms/Page_Dispensary Store/input_txttreat'

2018-05-31 15:06:44 - [MESSAGE][PASSED] - Text '100' is set on object 'Object Repository/DispensaryToCms/Page_Dispensary Store/input_txttreat'

2018-05-31 15:06:44 - [TEST_STEP][PASSED] - click: Object: 'Object Repository/DispensaryToCms/Page_Dispensary Store/button_Add' is clicked on

2018-05-31 15:06:45 - [MESSAGE][PASSED] - Object: 'Object Repository/DispensaryToCms/Page_Dispensary Store/button_Add' is clicked on

2018-05-31 15:06:45 - [TEST_STEP][PASSED] - delay: Delayed 1 second(s)

2018-05-31 15:06:46 - [MESSAGE][PASSED] - Delayed 1 second(s)

2018-05-31 15:06:46 - [TEST_STEP][PASSED] - selectOptionByIndex: All options with index in [2] are selected on object 'Object Repository/DispensaryToCms/Page_Dispensary Store/select_--Select--Schedule 1Inj'

2018-05-31 15:06:46 - [MESSAGE][PASSED] - All options with index in [2] are selected on object 'Object Repository/DispensaryToCms/Page_Dispensary Store/select_--Select--Schedule 1Inj'

2018-05-31 15:06:46 - [TEST_STEP][PASSED] - delay: Delayed 1 second(s)

2018-05-31 15:06:47 - [MESSAGE][PASSED] - Delayed 1 second(s)

2018-05-31 15:06:47 - [TEST_STEP][PASSED] - selectOptionByIndex: All options with index in [50] are selected on object 'Object Repository/DispensaryToCms/Page_Dispensary Store/select_--Select--Adernaline 0.'

2018-05-31 15:06:47 - [MESSAGE][PASSED] - All options with index in [50] are selected on object 'Object Repository/DispensaryToCms/Page_Dispensary Store/select_--Select--Adernaline 0.'

2018-05-31 15:06:47 - [TEST_STEP][PASSED] - setText: Text '100' is set on object 'Object Repository/DispensaryToCms/Page_Dispensary Store/input_txttreat'

2018-05-31 15:06:48 - [MESSAGE][PASSED] - Text '100' is set on object 'Object Repository/DispensaryToCms/Page_Dispensary Store/input_txttreat'

2018-05-31 15:06:48 - [TEST_STEP][PASSED] - click: Object: 'Object Repository/DispensaryToCms/Page_Dispensary Store/button_Add' is clicked on

2018-05-31 15:06:48 - [MESSAGE][PASSED] - Object: 'Object Repository/DispensaryToCms/Page_Dispensary Store/button_Add' is clicked on

2018-05-31 15:06:48 - [TEST_STEP][PASSED] - delay: Delayed 1 second(s)

2018-05-31 15:06:49 - [MESSAGE][PASSED] - Delayed 1 second(s)

2018-05-31 15:06:49 - [TEST_STEP][PASSED] - selectOptionByIndex: All options with index in [2] are selected on object 'Object Repository/DispensaryToCms/Page_Dispensary Store/select_--Select--Schedule 1Inj'

2018-05-31 15:06:49 - [MESSAGE][PASSED] - All options with index in [2] are selected on object 'Object Repository/DispensaryToCms/Page_Dispensary Store/select_--Select--Schedule 1Inj'

2018-05-31 15:06:49 - [TEST_STEP][PASSED] - delay: Delayed 1 second(s)

2018-05-31 15:06:50 - [MESSAGE][PASSED] - Delayed 1 second(s)

2018-05-31 15:06:50 - [TEST_STEP][PASSED] - selectOptionByIndex: All options with index in [51] are selected on object 'Object Repository/DispensaryToCms/Page_Dispensary Store/select_--Select--Adernaline 0.'

2018-05-31 15:06:50 - [MESSAGE][PASSED] - All options with index in [51] are selected on object 'Object Repository/DispensaryToCms/Page_Dispensary Store/select_--Select--Adernaline 0.'

2018-05-31 15:06:50 - [TEST_STEP][PASSED] - setText: Text '100' is set on object 'Object Repository/DispensaryToCms/Page_Dispensary Store/input_txttreat'

2018-05-31 15:06:50 - [MESSAGE][PASSED] - Text '100' is set on object 'Object Repository/DispensaryToCms/Page_Dispensary Store/input_txttreat'

2018-05-31 15:06:50 - [TEST_STEP][PASSED] - click: Object: 'Object Repository/DispensaryToCms/Page_Dispensary Store/button_Add' is clicked on

2018-05-31 15:06:51 - [MESSAGE][PASSED] - Object: 'Object Repository/DispensaryToCms/Page_Dispensary Store/button_Add' is clicked on

2018-05-31 15:06:51 - [TEST_STEP][PASSED] - delay: Delayed 1 second(s)

2018-05-31 15:06:52 - [MESSAGE][PASSED] - Delayed 1 second(s)

2018-05-31 15:06:52 - [TEST_STEP][PASSED] - selectOptionByIndex: All options with index in [2] are selected on object 'Object Repository/DispensaryToCms/Page_Dispensary Store/select_--Select--Schedule 1Inj'

2018-05-31 15:06:52 - [MESSAGE][PASSED] - All options with index in [2] are selected on object 'Object Repository/DispensaryToCms/Page_Dispensary Store/select_--Select--Schedule 1Inj'

2018-05-31 15:06:52 - [TEST_STEP][PASSED] - delay: Delayed 1 second(s)

2018-05-31 15:06:53 - [MESSAGE][PASSED] - Delayed 1 second(s)

2018-05-31 15:06:53 - [TEST_STEP][PASSED] - selectOptionByIndex: All options with index in [52] are selected on object 'Object Repository/DispensaryToCms/Page_Dispensary Store/select_--Select--Adernaline 0.'

2018-05-31 15:06:53 - [MESSAGE][PASSED] - All options with index in [52] are selected on object 'Object Repository/DispensaryToCms/Page_Dispensary Store/select_--Select--Adernaline 0.'

2018-05-31 15:06:53 - [TEST_STEP][PASSED] - setText: Text '100' is set on object 'Object Repository/DispensaryToCms/Page_Dispensary Store/input_txttreat'

2018-05-31 15:06:53 - [MESSAGE][PASSED] - Text '100' is set on object 'Object Repository/DispensaryToCms/Page_Dispensary Store/input_txttreat'

2018-05-31 15:06:53 - [TEST_STEP][PASSED] - click: Object: 'Object Repository/DispensaryToCms/Page_Dispensary Store/button_Add' is clicked on

2018-05-31 15:06:53 - [MESSAGE][PASSED] - Object: 'Object Repository/DispensaryToCms/Page_Dispensary Store/button_Add' is clicked on

2018-05-31 15:06:53 - [TEST_STEP][PASSED] - delay: Delayed 1 second(s)

2018-05-31 15:06:54 - [MESSAGE][PASSED] - Delayed 1 second(s)

2018-05-31 15:06:54 - [TEST_STEP][PASSED] - selectOptionByIndex: All options with index in [2] are selected on object 'Object Repository/DispensaryToCms/Page_Dispensary Store/select_--Select--Schedule 1Inj'

2018-05-31 15:06:55 - [MESSAGE][PASSED] - All options with index in [2] are selected on object 'Object Repository/DispensaryToCms/Page_Dispensary Store/select_--Select--Schedule 1Inj'

2018-05-31 15:06:55 - [TEST_STEP][PASSED] - delay: Delayed 1 second(s)

2018-05-31 15:06:56 - [MESSAGE][PASSED] - Delayed 1 second(s)

2018-05-31 15:06:56 - [TEST_STEP][PASSED] - selectOptionByIndex: All options with index in [53] are selected on object 'Object Repository/DispensaryToCms/Page_Dispensary Store/select_--Select--Adernaline 0.'

2018-05-31 15:06:56 - [MESSAGE][PASSED] - All options with index in [53] are selected on object 'Object Repository/DispensaryToCms/Page_Dispensary Store/select_--Select--Adernaline 0.'

2018-05-31 15:06:56 - [TEST_STEP][PASSED] - setText: Text '100' is set on object 'Object Repository/DispensaryToCms/Page_Dispensary Store/input_txttreat'

2018-05-31 15:06:56 - [MESSAGE][PASSED] - Text '100' is set on object 'Object Repository/DispensaryToCms/Page_Dispensary Store/input_txttreat'

2018-05-31 15:06:56 - [TEST_STEP][PASSED] - click: Object: 'Object Repository/DispensaryToCms/Page_Dispensary Store/button_Add' is clicked on

2018-05-31 15:06:56 - [MESSAGE][PASSED] - Object: 'Object Repository/DispensaryToCms/Page_Dispensary Store/button_Add' is clicked on

2018-05-31 15:06:56 - [TEST_STEP][PASSED] - delay: Delayed 1 second(s)

2018-05-31 15:06:57 - [MESSAGE][PASSED] - Delayed 1 second(s)

2018-05-31 15:06:57 - [TEST_STEP][PASSED] - selectOptionByIndex: All options with index in [2] are selected on object 'Object Repository/DispensaryToCms/Page_Dispensary Store/select_--Select--Schedule 1Inj'

2018-05-31 15:06:58 - [MESSAGE][PASSED] - All options with index in [2] are selected on object 'Object Repository/DispensaryToCms/Page_Dispensary Store/select_--Select--Schedule 1Inj'

2018-05-31 15:06:58 - [TEST_STEP][PASSED] - delay: Delayed 1 second(s)

2018-05-31 15:06:59 - [MESSAGE][PASSED] - Delayed 1 second(s)

2018-05-31 15:06:59 - [TEST_STEP][PASSED] - selectOptionByIndex: All options with index in [54] are selected on object 'Object Repository/DispensaryToCms/Page_Dispensary Store/select_--Select--Adernaline 0.'

2018-05-31 15:06:59 - [MESSAGE][PASSED] - All options with index in [54] are selected on object 'Object Repository/DispensaryToCms/Page_Dispensary Store/select_--Select--Adernaline 0.'

2018-05-31 15:06:59 - [TEST_STEP][PASSED] - setText: Text '100' is set on object 'Object Repository/DispensaryToCms/Page_Dispensary Store/input_txttreat'

2018-05-31 15:06:59 - [MESSAGE][PASSED] - Text '100' is set on object 'Object Repository/DispensaryToCms/Page_Dispensary Store/input_txttreat'

2018-05-31 15:06:59 - [TEST_STEP][PASSED] - click: Object: 'Object Repository/DispensaryToCms/Page_Dispensary Store/button_Add' is clicked on

2018-05-31 15:07:04 - [MESSAGE][PASSED] - Object: 'Object Repository/DispensaryToCms/Page_Dispensary Store/button_Add' is clicked on

2018-05-31 15:07:04 - [TEST_STEP][PASSED] - delay: Delayed 1 second(s)

2018-05-31 15:07:05 - [MESSAGE][PASSED] - Delayed 1 second(s)

2018-05-31 15:07:05 - [TEST_STEP][PASSED] - selectOptionByIndex: All options with index in [2] are selected on object 'Object Repository/DispensaryToCms/Page_Dispensary Store/select_--Select--Schedule 1Inj'

2018-05-31 15:07:06 - [MESSAGE][PASSED] - All options with index in [2] are selected on object 'Object Repository/DispensaryToCms/Page_Dispensary Store/select_--Select--Schedule 1Inj'

2018-05-31 15:07:06 - [TEST_STEP][PASSED] - delay: Delayed 1 second(s)

2018-05-31 15:07:07 - [MESSAGE][PASSED] - Delayed 1 second(s)

2018-05-31 15:07:07 - [TEST_STEP][PASSED] - selectOptionByIndex: All options with index in [55] are selected on object 'Object Repository/DispensaryToCms/Page_Dispensary Store/select_--Select--Adernaline 0.'

2018-05-31 15:07:07 - [MESSAGE][PASSED] - All options with index in [55] are selected on object 'Object Repository/DispensaryToCms/Page_Dispensary Store/select_--Select--Adernaline 0.'

2018-05-31 15:07:07 - [TEST_STEP][PASSED] - setText: Text '100' is set on object 'Object Repository/DispensaryToCms/Page_Dispensary Store/input_txttreat'

2018-05-31 15:07:08 - [MESSAGE][PASSED] - Text '100' is set on object 'Object Repository/DispensaryToCms/Page_Dispensary Store/input_txttreat'

2018-05-31 15:07:08 - [TEST_STEP][PASSED] - click: Object: 'Object Repository/DispensaryToCms/Page_Dispensary Store/button_Add' is clicked on

2018-05-31 15:07:13 - [MESSAGE][PASSED] - Object: 'Object Repository/DispensaryToCms/Page_Dispensary Store/button_Add' is clicked on

2018-05-31 15:07:13 - [TEST_STEP][PASSED] - delay: Delayed 1 second(s)

2018-05-31 15:07:14 - [MESSAGE][PASSED] - Delayed 1 second(s)

2018-05-31 15:07:14 - [TEST_STEP][PASSED] - selectOptionByIndex: All options with index in [2] are selected on object 'Object Repository/DispensaryToCms/Page_Dispensary Store/select_--Select--Schedule 1Inj'

2018-05-31 15:07:14 - [MESSAGE][PASSED] - All options with index in [2] are selected on object 'Object Repository/DispensaryToCms/Page_Dispensary Store/select_--Select--Schedule 1Inj'

2018-05-31 15:07:14 - [TEST_STEP][PASSED] - delay: Delayed 1 second(s)

2018-05-31 15:07:15 - [MESSAGE][PASSED] - Delayed 1 second(s)

2018-05-31 15:07:15 - [TEST_STEP][PASSED] - selectOptionByIndex: All options with index in [56] are selected on object 'Object Repository/DispensaryToCms/Page_Dispensary Store/select_--Select--Adernaline 0.'

2018-05-31 15:07:16 - [MESSAGE][PASSED] - All options with index in [56] are selected on object 'Object Repository/DispensaryToCms/Page_Dispensary Store/select_--Select--Adernaline 0.'

2018-05-31 15:07:16 - [TEST_STEP][PASSED] - setText: Text '100' is set on object 'Object Repository/DispensaryToCms/Page_Dispensary Store/input_txttreat'

2018-05-31 15:07:16 - [MESSAGE][PASSED] - Text '100' is set on object 'Object Repository/DispensaryToCms/Page_Dispensary Store/input_txttreat'

2018-05-31 15:07:16 - [TEST_STEP][PASSED] - click: Object: 'Object Repository/DispensaryToCms/Page_Dispensary Store/button_Add' is clicked on

2018-05-31 15:07:21 - [MESSAGE][PASSED] - Object: 'Object Repository/DispensaryToCms/Page_Dispensary Store/button_Add' is clicked on

2018-05-31 15:07:21 - [TEST_STEP][PASSED] - delay: Delayed 1 second(s)

2018-05-31 15:07:22 - [MESSAGE][PASSED] - Delayed 1 second(s)

2018-05-31 15:07:22 - [TEST_STEP][PASSED] - selectOptionByIndex: All options with index in [2] are selected on object 'Object Repository/DispensaryToCms/Page_Dispensary Store/select_--Select--Schedule 1Inj'

2018-05-31 15:07:22 - [MESSAGE][PASSED] - All options with index in [2] are selected on object 'Object Repository/DispensaryToCms/Page_Dispensary Store/select_--Select--Schedule 1Inj'

2018-05-31 15:07:22 - [TEST_STEP][PASSED] - delay: Delayed 1 second(s)

2018-05-31 15:07:23 - [MESSAGE][PASSED] - Delayed 1 second(s)

2018-05-31 15:07:23 - [TEST_STEP][PASSED] - selectOptionByIndex: All options with index in [57] are selected on object 'Object Repository/DispensaryToCms/Page_Dispensary Store/select_--Select--Adernaline 0.'

2018-05-31 15:07:24 - [MESSAGE][PASSED] - All options with index in [57] are selected on object 'Object Repository/DispensaryToCms/Page_Dispensary Store/select_--Select--Adernaline 0.'

2018-05-31 15:07:24 - [TEST_STEP][PASSED] - setText: Text '100' is set on object 'Object Repository/DispensaryToCms/Page_Dispensary Store/input_txttreat'

2018-05-31 15:07:24 - [MESSAGE][PASSED] - Text '100' is set on object 'Object Repository/DispensaryToCms/Page_Dispensary Store/input_txttreat'

2018-05-31 15:07:24 - [TEST_STEP][PASSED] - click: Object: 'Object Repository/DispensaryToCms/Page_Dispensary Store/button_Add' is clicked on

2018-05-31 15:07:29 - [MESSAGE][PASSED] - Object: 'Object Repository/DispensaryToCms/Page_Dispensary Store/button_Add' is clicked on

2018-05-31 15:07:29 - [TEST_STEP][PASSED] - delay: Delayed 1 second(s)

2018-05-31 15:07:30 - [MESSAGE][PASSED] - Delayed 1 second(s)

2018-05-31 15:07:30 - [TEST_STEP][PASSED] - selectOptionByIndex: All options with index in [2] are selected on object 'Object Repository/DispensaryToCms/Page_Dispensary Store/select_--Select--Schedule 1Inj'

2018-05-31 15:07:30 - [MESSAGE][PASSED] - All options with index in [2] are selected on object 'Object Repository/DispensaryToCms/Page_Dispensary Store/select_--Select--Schedule 1Inj'

2018-05-31 15:07:30 - [TEST_STEP][PASSED] - delay: Delayed 1 second(s)

2018-05-31 15:07:31 - [MESSAGE][PASSED] - Delayed 1 second(s)

2018-05-31 15:07:31 - [TEST_STEP][PASSED] - selectOptionByIndex: All options with index in [58] are selected on object 'Object Repository/DispensaryToCms/Page_Dispensary Store/select_--Select--Adernaline 0.'

2018-05-31 15:07:32 - [MESSAGE][PASSED] - All options with index in [58] are selected on object 'Object Repository/DispensaryToCms/Page_Dispensary Store/select_--Select--Adernaline 0.'

2018-05-31 15:07:32 - [TEST_STEP][PASSED] - setText: Text '100' is set on object 'Object Repository/DispensaryToCms/Page_Dispensary Store/input_txttreat'

2018-05-31 15:07:32 - [MESSAGE][PASSED] - Text '100' is set on object 'Object Repository/DispensaryToCms/Page_Dispensary Store/input_txttreat'

2018-05-31 15:07:32 - [TEST_STEP][PASSED] - click: Object: 'Object Repository/DispensaryToCms/Page_Dispensary Store/button_Add' is clicked on

2018-05-31 15:07:37 - [MESSAGE][PASSED] - Object: 'Object Repository/DispensaryToCms/Page_Dispensary Store/button_Add' is clicked on

2018-05-31 15:07:37 - [TEST_STEP][PASSED] - delay: Delayed 1 second(s)

2018-05-31 15:07:38 - [MESSAGE][PASSED] - Delayed 1 second(s)

2018-05-31 15:07:38 - [TEST_STEP][PASSED] - selectOptionByIndex: All options with index in [2] are selected on object 'Object Repository/DispensaryToCms/Page_Dispensary Store/select_--Select--Schedule 1Inj'

2018-05-31 15:07:38 - [MESSAGE][PASSED] - All options with index in [2] are selected on object 'Object Repository/DispensaryToCms/Page_Dispensary Store/select_--Select--Schedule 1Inj'

2018-05-31 15:07:38 - [TEST_STEP][PASSED] - delay: Delayed 1 second(s)

2018-05-31 15:07:39 - [MESSAGE][PASSED] - Delayed 1 second(s)

2018-05-31 15:07:39 - [TEST_STEP][PASSED] - selectOptionByIndex: All options with index in [59] are selected on object 'Object Repository/DispensaryToCms/Page_Dispensary Store/select_--Select--Adernaline 0.'

2018-05-31 15:07:40 - [MESSAGE][PASSED] - All options with index in [59] are selected on object 'Object Repository/DispensaryToCms/Page_Dispensary Store/select_--Select--Adernaline 0.'

2018-05-31 15:07:40 - [TEST_STEP][PASSED] - setText: Text '100' is set on object 'Object Repository/DispensaryToCms/Page_Dispensary Store/input_txttreat'

2018-05-31 15:07:40 - [MESSAGE][PASSED] - Text '100' is set on object 'Object Repository/DispensaryToCms/Page_Dispensary Store/input_txttreat'

2018-05-31 15:07:40 - [TEST_STEP][PASSED] - click: Object: 'Object Repository/DispensaryToCms/Page_Dispensary Store/button_Add' is clicked on

2018-05-31 15:07:45 - [MESSAGE][PASSED] - Object: 'Object Repository/DispensaryToCms/Page_Dispensary Store/button_Add' is clicked on

2018-05-31 15:07:45 - [TEST_STEP][PASSED] - delay: Delayed 1 second(s)

2018-05-31 15:07:46 - [MESSAGE][PASSED] - Delayed 1 second(s)

2018-05-31 15:07:46 - [TEST_STEP][PASSED] - selectOptionByIndex: All options with index in [2] are selected on object 'Object Repository/DispensaryToCms/Page_Dispensary Store/select_--Select--Schedule 1Inj'

2018-05-31 15:07:46 - [MESSAGE][PASSED] - All options with index in [2] are selected on object 'Object Repository/DispensaryToCms/Page_Dispensary Store/select_--Select--Schedule 1Inj'

2018-05-31 15:07:46 - [TEST_STEP][PASSED] - delay: Delayed 1 second(s)

2018-05-31 15:07:47 - [MESSAGE][PASSED] - Delayed 1 second(s)

2018-05-31 15:07:47 - [TEST_STEP][PASSED] - selectOptionByIndex: All options with index in [60] are selected on object 'Object Repository/DispensaryToCms/Page_Dispensary Store/select_--Select--Adernaline 0.'

2018-05-31 15:07:48 - [MESSAGE][PASSED] - All options with index in [60] are selected on object 'Object Repository/DispensaryToCms/Page_Dispensary Store/select_--Select--Adernaline 0.'

2018-05-31 15:07:48 - [TEST_STEP][PASSED] - setText: Text '100' is set on object 'Object Repository/DispensaryToCms/Page_Dispensary Store/input_txttreat'

2018-05-31 15:07:48 - [MESSAGE][PASSED] - Text '100' is set on object 'Object Repository/DispensaryToCms/Page_Dispensary Store/input_txttreat'

2018-05-31 15:07:48 - [TEST_STEP][PASSED] - click: Object: 'Object Repository/DispensaryToCms/Page_Dispensary Store/button_Add' is clicked on

2018-05-31 15:07:53 - [MESSAGE][PASSED] - Object: 'Object Repository/DispensaryToCms/Page_Dispensary Store/button_Add' is clicked on

2018-05-31 15:07:53 - [TEST_STEP][PASSED] - delay: Delayed 1 second(s)

2018-05-31 15:07:54 - [MESSAGE][PASSED] - Delayed 1 second(s)

2018-05-31 15:07:54 - [TEST_STEP][PASSED] - selectOptionByIndex: All options with index in [2] are selected on object 'Object Repository/DispensaryToCms/Page_Dispensary Store/select_--Select--Schedule 1Inj'

2018-05-31 15:07:54 - [MESSAGE][PASSED] - All options with index in [2] are selected on object 'Object Repository/DispensaryToCms/Page_Dispensary Store/select_--Select--Schedule 1Inj'

2018-05-31 15:07:54 - [TEST_STEP][PASSED] - delay: Delayed 1 second(s)

2018-05-31 15:07:55 - [MESSAGE][PASSED] - Delayed 1 second(s)

2018-05-31 15:07:55 - [TEST_STEP][PASSED] - selectOptionByIndex: All options with index in [61] are selected on object 'Object Repository/DispensaryToCms/Page_Dispensary Store/select_--Select--Adernaline 0.'

2018-05-31 15:07:56 - [MESSAGE][PASSED] - All options with index in [61] are selected on object 'Object Repository/DispensaryToCms/Page_Dispensary Store/select_--Select--Adernaline 0.'

2018-05-31 15:07:56 - [TEST_STEP][PASSED] - setText: Text '100' is set on object 'Object Repository/DispensaryToCms/Page_Dispensary Store/input_txttreat'

2018-05-31 15:07:56 - [MESSAGE][PASSED] - Text '100' is set on object 'Object Repository/DispensaryToCms/Page_Dispensary Store/input_txttreat'

2018-05-31 15:07:56 - [TEST_STEP][PASSED] - click: Object: 'Object Repository/DispensaryToCms/Page_Dispensary Store/button_Add' is clicked on

2018-05-31 15:08:01 - [MESSAGE][PASSED] - Object: 'Object Repository/DispensaryToCms/Page_Dispensary Store/button_Add' is clicked on

2018-05-31 15:08:01 - [TEST_STEP][PASSED] - delay: Delayed 1 second(s)

2018-05-31 15:08:02 - [MESSAGE][PASSED] - Delayed 1 second(s)

2018-05-31 15:08:02 - [TEST_STEP][PASSED] - selectOptionByIndex: All options with index in [2] are selected on object 'Object Repository/DispensaryToCms/Page_Dispensary Store/select_--Select--Schedule 1Inj'

2018-05-31 15:08:02 - [MESSAGE][PASSED] - All options with index in [2] are selected on object 'Object Repository/DispensaryToCms/Page_Dispensary Store/select_--Select--Schedule 1Inj'

2018-05-31 15:08:02 - [TEST_STEP][PASSED] - delay: Delayed 1 second(s)

2018-05-31 15:08:03 - [MESSAGE][PASSED] - Delayed 1 second(s)

2018-05-31 15:08:03 - [TEST_STEP][PASSED] - selectOptionByIndex: All options with index in [62] are selected on object 'Object Repository/DispensaryToCms/Page_Dispensary Store/select_--Select--Adernaline 0.'

2018-05-31 15:08:04 - [MESSAGE][PASSED] - All options with index in [62] are selected on object 'Object Repository/DispensaryToCms/Page_Dispensary Store/select_--Select--Adernaline 0.'

2018-05-31 15:08:04 - [TEST_STEP][PASSED] - setText: Text '100' is set on object 'Object Repository/DispensaryToCms/Page_Dispensary Store/input_txttreat'

2018-05-31 15:08:04 - [MESSAGE][PASSED] - Text '100' is set on object 'Object Repository/DispensaryToCms/Page_Dispensary Store/input_txttreat'

2018-05-31 15:08:04 - [TEST_STEP][PASSED] - click: Object: 'Object Repository/DispensaryToCms/Page_Dispensary Store/button_Add' is clicked on

2018-05-31 15:08:09 - [MESSAGE][PASSED] - Object: 'Object Repository/DispensaryToCms/Page_Dispensary Store/button_Add' is clicked on

2018-05-31 15:08:09 - [TEST_STEP][PASSED] - delay: Delayed 1 second(s)

2018-05-31 15:08:10 - [MESSAGE][PASSED] - Delayed 1 second(s)

2018-05-31 15:08:10 - [TEST_STEP][PASSED] - selectOptionByIndex: All options with index in [2] are selected on object 'Object Repository/DispensaryToCms/Page_Dispensary Store/select_--Select--Schedule 1Inj'

2018-05-31 15:08:11 - [MESSAGE][PASSED] - All options with index in [2] are selected on object 'Object Repository/DispensaryToCms/Page_Dispensary Store/select_--Select--Schedule 1Inj'

2018-05-31 15:08:11 - [TEST_STEP][PASSED] - delay: Delayed 1 second(s)

2018-05-31 15:08:12 - [MESSAGE][PASSED] - Delayed 1 second(s)

2018-05-31 15:08:12 - [TEST_STEP][PASSED] - selectOptionByIndex: All options with index in [63] are selected on object 'Object Repository/DispensaryToCms/Page_Dispensary Store/select_--Select--Adernaline 0.'

2018-05-31 15:08:12 - [MESSAGE][PASSED] - All options with index in [63] are selected on object 'Object Repository/DispensaryToCms/Page_Dispensary Store/select_--Select--Adernaline 0.'

2018-05-31 15:08:12 - [TEST_STEP][PASSED] - setText: Text '100' is set on object 'Object Repository/DispensaryToCms/Page_Dispensary Store/input_txttreat'

2018-05-31 15:08:12 - [MESSAGE][PASSED] - Text '100' is set on object 'Object Repository/DispensaryToCms/Page_Dispensary Store/input_txttreat'

2018-05-31 15:08:12 - [TEST_STEP][PASSED] - click: Object: 'Object Repository/DispensaryToCms/Page_Dispensary Store/button_Add' is clicked on

2018-05-31 15:08:17 - [MESSAGE][PASSED] - Object: 'Object Repository/DispensaryToCms/Page_Dispensary Store/button_Add' is clicked on

2018-05-31 15:08:17 - [TEST_STEP][PASSED] - delay: Delayed 1 second(s)

2018-05-31 15:08:18 - [MESSAGE][PASSED] - Delayed 1 second(s)

2018-05-31 15:08:18 - [TEST_STEP][PASSED] - selectOptionByIndex: All options with index in [2] are selected on object 'Object Repository/DispensaryToCms/Page_Dispensary Store/select_--Select--Schedule 1Inj'

2018-05-31 15:08:19 - [MESSAGE][PASSED] - All options with index in [2] are selected on object 'Object Repository/DispensaryToCms/Page_Dispensary Store/select_--Select--Schedule 1Inj'

2018-05-31 15:08:19 - [TEST_STEP][PASSED] - delay: Delayed 1 second(s)

2018-05-31 15:08:20 - [MESSAGE][PASSED] - Delayed 1 second(s)

2018-05-31 15:08:20 - [TEST_STEP][PASSED] - selectOptionByIndex: All options with index in [64] are selected on object 'Object Repository/DispensaryToCms/Page_Dispensary Store/select_--Select--Adernaline 0.'

2018-05-31 15:08:20 - [MESSAGE][PASSED] - All options with index in [64] are selected on object 'Object Repository/DispensaryToCms/Page_Dispensary Store/select_--Select--Adernaline 0.'

2018-05-31 15:08:20 - [TEST_STEP][PASSED] - setText: Text '100' is set on object 'Object Repository/DispensaryToCms/Page_Dispensary Store/input_txttreat'

2018-05-31 15:08:20 - [MESSAGE][PASSED] - Text '100' is set on object 'Object Repository/DispensaryToCms/Page_Dispensary Store/input_txttreat'

2018-05-31 15:08:20 - [TEST_STEP][PASSED] - click: Object: 'Object Repository/DispensaryToCms/Page_Dispensary Store/button_Add' is clicked on

2018-05-31 15:08:25 - [MESSAGE][PASSED] - Object: 'Object Repository/DispensaryToCms/Page_Dispensary Store/button_Add' is clicked on

2018-05-31 15:08:25 - [TEST_STEP][PASSED] - delay: Delayed 1 second(s)

2018-05-31 15:08:26 - [MESSAGE][PASSED] - Delayed 1 second(s)

2018-05-31 15:08:26 - [TEST_STEP][PASSED] - selectOptionByIndex: All options with index in [2] are selected on object 'Object Repository/DispensaryToCms/Page_Dispensary Store/select_--Select--Schedule 1Inj'

2018-05-31 15:08:27 - [MESSAGE][PASSED] - All options with index in [2] are selected on object 'Object Repository/DispensaryToCms/Page_Dispensary Store/select_--Select--Schedule 1Inj'

2018-05-31 15:08:27 - [TEST_STEP][PASSED] - delay: Delayed 1 second(s)

2018-05-31 15:08:28 - [MESSAGE][PASSED] - Delayed 1 second(s)

2018-05-31 15:08:28 - [TEST_STEP][PASSED] - selectOptionByIndex: All options with index in [65] are selected on object 'Object Repository/DispensaryToCms/Page_Dispensary Store/select_--Select--Adernaline 0.'

2018-05-31 15:08:28 - [MESSAGE][PASSED] - All options with index in [65] are selected on object 'Object Repository/DispensaryToCms/Page_Dispensary Store/select_--Select--Adernaline 0.'

2018-05-31 15:08:28 - [TEST_STEP][PASSED] - setText: Text '100' is set on object 'Object Repository/DispensaryToCms/Page_Dispensary Store/input_txttreat'

2018-05-31 15:08:28 - [MESSAGE][PASSED] - Text '100' is set on object 'Object Repository/DispensaryToCms/Page_Dispensary Store/input_txttreat'

2018-05-31 15:08:28 - [TEST_STEP][PASSED] - click: Object: 'Object Repository/DispensaryToCms/Page_Dispensary Store/button_Add' is clicked on

2018-05-31 15:08:34 - [MESSAGE][PASSED] - Object: 'Object Repository/DispensaryToCms/Page_Dispensary Store/button_Add' is clicked on

2018-05-31 15:08:34 - [TEST_STEP][PASSED] - delay: Delayed 1 second(s)

2018-05-31 15:08:35 - [MESSAGE][PASSED] - Delayed 1 second(s)

2018-05-31 15:08:35 - [TEST_STEP][PASSED] - selectOptionByIndex: All options with index in [2] are selected on object 'Object Repository/DispensaryToCms/Page_Dispensary Store/select_--Select--Schedule 1Inj'

2018-05-31 15:08:35 - [MESSAGE][PASSED] - All options with index in [2] are selected on object 'Object Repository/DispensaryToCms/Page_Dispensary Store/select_--Select--Schedule 1Inj'

2018-05-31 15:08:35 - [TEST_STEP][PASSED] - delay: Delayed 1 second(s)

2018-05-31 15:08:36 - [MESSAGE][PASSED] - Delayed 1 second(s)

2018-05-31 15:08:36 - [TEST_STEP][PASSED] - selectOptionByIndex: All options with index in [66] are selected on object 'Object Repository/DispensaryToCms/Page_Dispensary Store/select_--Select--Adernaline 0.'

2018-05-31 15:08:36 - [MESSAGE][PASSED] - All options with index in [66] are selected on object 'Object Repository/DispensaryToCms/Page_Dispensary Store/select_--Select--Adernaline 0.'

2018-05-31 15:08:36 - [TEST_STEP][PASSED] - setText: Text '100' is set on object 'Object Repository/DispensaryToCms/Page_Dispensary Store/input_txttreat'

2018-05-31 15:08:37 - [MESSAGE][PASSED] - Text '100' is set on object 'Object Repository/DispensaryToCms/Page_Dispensary Store/input_txttreat'

2018-05-31 15:08:37 - [TEST_STEP][PASSED] - click: Object: 'Object Repository/DispensaryToCms/Page_Dispensary Store/button_Add' is clicked on

2018-05-31 15:08:42 - [MESSAGE][PASSED] - Object: 'Object Repository/DispensaryToCms/Page_Dispensary Store/button_Add' is clicked on

2018-05-31 15:08:42 - [TEST_STEP][PASSED] - delay: Delayed 1 second(s)

2018-05-31 15:08:43 - [MESSAGE][PASSED] - Delayed 1 second(s)

2018-05-31 15:08:43 - [TEST_STEP][PASSED] - selectOptionByIndex: All options with index in [2] are selected on object 'Object Repository/DispensaryToCms/Page_Dispensary Store/select_--Select--Schedule 1Inj'

2018-05-31 15:08:43 - [MESSAGE][PASSED] - All options with index in [2] are selected on object 'Object Repository/DispensaryToCms/Page_Dispensary Store/select_--Select--Schedule 1Inj'

2018-05-31 15:08:43 - [TEST_STEP][PASSED] - delay: Delayed 1 second(s)

2018-05-31 15:08:44 - [MESSAGE][PASSED] - Delayed 1 second(s)

2018-05-31 15:08:44 - [TEST_STEP][PASSED] - selectOptionByIndex: All options with index in [67] are selected on object 'Object Repository/DispensaryToCms/Page_Dispensary Store/select_--Select--Adernaline 0.'

2018-05-31 15:08:45 - [MESSAGE][PASSED] - All options with index in [67] are selected on object 'Object Repository/DispensaryToCms/Page_Dispensary Store/select_--Select--Adernaline 0.'

2018-05-31 15:08:45 - [TEST_STEP][PASSED] - setText: Text '100' is set on object 'Object Repository/DispensaryToCms/Page_Dispensary Store/input_txttreat'

2018-05-31 15:08:45 - [MESSAGE][PASSED] - Text '100' is set on object 'Object Repository/DispensaryToCms/Page_Dispensary Store/input_txttreat'

2018-05-31 15:08:45 - [TEST_STEP][PASSED] - click: Object: 'Object Repository/DispensaryToCms/Page_Dispensary Store/button_Add' is clicked on

2018-05-31 15:08:50 - [MESSAGE][PASSED] - Object: 'Object Repository/DispensaryToCms/Page_Dispensary Store/button_Add' is clicked on

2018-05-31 15:08:50 - [TEST_STEP][PASSED] - delay: Delayed 1 second(s)

2018-05-31 15:08:51 - [MESSAGE][PASSED] - Delayed 1 second(s)

2018-05-31 15:08:51 - [TEST_STEP][PASSED] - selectOptionByIndex: All options with index in [2] are selected on object 'Object Repository/DispensaryToCms/Page_Dispensary Store/select_--Select--Schedule 1Inj'

2018-05-31 15:08:51 - [MESSAGE][PASSED] - All options with index in [2] are selected on object 'Object Repository/DispensaryToCms/Page_Dispensary Store/select_--Select--Schedule 1Inj'

2018-05-31 15:08:51 - [TEST_STEP][PASSED] - delay: Delayed 1 second(s)

2018-05-31 15:08:52 - [MESSAGE][PASSED] - Delayed 1 second(s)

2018-05-31 15:08:52 - [TEST_STEP][PASSED] - selectOptionByIndex: All options with index in [68] are selected on object 'Object Repository/DispensaryToCms/Page_Dispensary Store/select_--Select--Adernaline 0.'

2018-05-31 15:08:53 - [MESSAGE][PASSED] - All options with index in [68] are selected on object 'Object Repository/DispensaryToCms/Page_Dispensary Store/select_--Select--Adernaline 0.'

2018-05-31 15:08:53 - [TEST_STEP][PASSED] - setText: Text '100' is set on object 'Object Repository/DispensaryToCms/Page_Dispensary Store/input_txttreat'

2018-05-31 15:08:53 - [MESSAGE][PASSED] - Text '100' is set on object 'Object Repository/DispensaryToCms/Page_Dispensary Store/input_txttreat'

2018-05-31 15:08:53 - [TEST_STEP][PASSED] - click: Object: 'Object Repository/DispensaryToCms/Page_Dispensary Store/button_Add' is clicked on

2018-05-31 15:08:58 - [MESSAGE][PASSED] - Object: 'Object Repository/DispensaryToCms/Page_Dispensary Store/button_Add' is clicked on

2018-05-31 15:08:58 - [TEST_STEP][PASSED] - delay: Delayed 1 second(s)

2018-05-31 15:08:59 - [MESSAGE][PASSED] - Delayed 1 second(s)

2018-05-31 15:08:59 - [TEST_STEP][PASSED] - selectOptionByIndex: All options with index in [2] are selected on object 'Object Repository/DispensaryToCms/Page_Dispensary Store/select_--Select--Schedule 1Inj'

2018-05-31 15:08:59 - [MESSAGE][PASSED] - All options with index in [2] are selected on object 'Object Repository/DispensaryToCms/Page_Dispensary Store/select_--Select--Schedule 1Inj'

2018-05-31 15:08:59 - [TEST_STEP][PASSED] - delay: Delayed 1 second(s)

2018-05-31 15:09:00 - [MESSAGE][PASSED] - Delayed 1 second(s)

2018-05-31 15:09:00 - [TEST_STEP][PASSED] - selectOptionByIndex: All options with index in [69] are selected on object 'Object Repository/DispensaryToCms/Page_Dispensary Store/select_--Select--Adernaline 0.'

2018-05-31 15:09:01 - [MESSAGE][PASSED] - All options with index in [69] are selected on object 'Object Repository/DispensaryToCms/Page_Dispensary Store/select_--Select--Adernaline 0.'

2018-05-31 15:09:01 - [TEST_STEP][PASSED] - setText: Text '100' is set on object 'Object Repository/DispensaryToCms/Page_Dispensary Store/input_txttreat'

2018-05-31 15:09:01 - [MESSAGE][PASSED] - Text '100' is set on object 'Object Repository/DispensaryToCms/Page_Dispensary Store/input_txttreat'

2018-05-31 15:09:01 - [TEST_STEP][PASSED] - click: Object: 'Object Repository/DispensaryToCms/Page_Dispensary Store/button_Add' is clicked on

2018-05-31 15:09:06 - [MESSAGE][PASSED] - Object: 'Object Repository/DispensaryToCms/Page_Dispensary Store/button_Add' is clicked on

2018-05-31 15:09:06 - [TEST_STEP][PASSED] - delay: Delayed 1 second(s)

2018-05-31 15:09:07 - [MESSAGE][PASSED] - Delayed 1 second(s)

2018-05-31 15:09:07 - [TEST_STEP][PASSED] - selectOptionByIndex: All options with index in [2] are selected on object 'Object Repository/DispensaryToCms/Page_Dispensary Store/select_--Select--Schedule 1Inj'

2018-05-31 15:09:08 - [MESSAGE][PASSED] - All options with index in [2] are selected on object 'Object Repository/DispensaryToCms/Page_Dispensary Store/select_--Select--Schedule 1Inj'

2018-05-31 15:09:08 - [TEST_STEP][PASSED] - delay: Delayed 1 second(s)

2018-05-31 15:09:09 - [MESSAGE][PASSED] - Delayed 1 second(s)

2018-05-31 15:09:09 - [TEST_STEP][PASSED] - selectOptionByIndex: All options with index in [70] are selected on object 'Object Repository/DispensaryToCms/Page_Dispensary Store/select_--Select--Adernaline 0.'

2018-05-31 15:09:09 - [MESSAGE][PASSED] - All options with index in [70] are selected on object 'Object Repository/DispensaryToCms/Page_Dispensary Store/select_--Select--Adernaline 0.'

2018-05-31 15:09:09 - [TEST_STEP][PASSED] - setText: Text '100' is set on object 'Object Repository/DispensaryToCms/Page_Dispensary Store/input_txttreat'

2018-05-31 15:09:10 - [MESSAGE][PASSED] - Text '100' is set on object 'Object Repository/DispensaryToCms/Page_Dispensary Store/input_txttreat'

2018-05-31 15:09:10 - [TEST_STEP][PASSED] - click: Object: 'Object Repository/DispensaryToCms/Page_Dispensary Store/button_Add' is clicked on

2018-05-31 15:09:15 - [MESSAGE][PASSED] - Object: 'Object Repository/DispensaryToCms/Page_Dispensary Store/button_Add' is clicked on

2018-05-31 15:09:15 - [TEST_STEP][PASSED] - delay: Delayed 1 second(s)

2018-05-31 15:09:16 - [MESSAGE][PASSED] - Delayed 1 second(s)

2018-05-31 15:09:16 - [TEST_STEP][PASSED] - selectOptionByIndex: All options with index in [2] are selected on object 'Object Repository/DispensaryToCms/Page_Dispensary Store/select_--Select--Schedule 1Inj'

2018-05-31 15:09:16 - [MESSAGE][PASSED] - All options with index in [2] are selected on object 'Object Repository/DispensaryToCms/Page_Dispensary Store/select_--Select--Schedule 1Inj'

2018-05-31 15:09:16 - [TEST_STEP][PASSED] - delay: Delayed 1 second(s)

2018-05-31 15:09:17 - [MESSAGE][PASSED] - Delayed 1 second(s)

2018-05-31 15:09:17 - [TEST_STEP][PASSED] - selectOptionByIndex: All options with index in [71] are selected on object 'Object Repository/DispensaryToCms/Page_Dispensary Store/select_--Select--Adernaline 0.'

2018-05-31 15:09:18 - [MESSAGE][PASSED] - All options with index in [71] are selected on object 'Object Repository/DispensaryToCms/Page_Dispensary Store/select_--Select--Adernaline 0.'

2018-05-31 15:09:18 - [TEST_STEP][PASSED] - setText: Text '100' is set on object 'Object Repository/DispensaryToCms/Page_Dispensary Store/input_txttreat'

2018-05-31 15:09:18 - [MESSAGE][PASSED] - Text '100' is set on object 'Object Repository/DispensaryToCms/Page_Dispensary Store/input_txttreat'

2018-05-31 15:09:18 - [TEST_STEP][PASSED] - click: Object: 'Object Repository/DispensaryToCms/Page_Dispensary Store/button_Add' is clicked on

2018-05-31 15:09:23 - [MESSAGE][PASSED] - Object: 'Object Repository/DispensaryToCms/Page_Dispensary Store/button_Add' is clicked on

2018-05-31 15:09:23 - [TEST_STEP][PASSED] - delay: Delayed 1 second(s)

2018-05-31 15:09:24 - [MESSAGE][PASSED] - Delayed 1 second(s)

2018-05-31 15:09:24 - [TEST_STEP][PASSED] - selectOptionByIndex: All options with index in [2] are selected on object 'Object Repository/DispensaryToCms/Page_Dispensary Store/select_--Select--Schedule 1Inj'

2018-05-31 15:09:24 - [MESSAGE][PASSED] - All options with index in [2] are selected on object 'Object Repository/DispensaryToCms/Page_Dispensary Store/select_--Select--Schedule 1Inj'

2018-05-31 15:09:24 - [TEST_STEP][PASSED] - delay: Delayed 1 second(s)

2018-05-31 15:09:25 - [MESSAGE][PASSED] - Delayed 1 second(s)

2018-05-31 15:09:25 - [TEST_STEP][PASSED] - selectOptionByIndex: All options with index in [72] are selected on object 'Object Repository/DispensaryToCms/Page_Dispensary Store/select_--Select--Adernaline 0.'

2018-05-31 15:09:26 - [MESSAGE][PASSED] - All options with index in [72] are selected on object 'Object Repository/DispensaryToCms/Page_Dispensary Store/select_--Select--Adernaline 0.'

2018-05-31 15:09:26 - [TEST_STEP][PASSED] - setText: Text '100' is set on object 'Object Repository/DispensaryToCms/Page_Dispensary Store/input_txttreat'

2018-05-31 15:09:26 - [MESSAGE][PASSED] - Text '100' is set on object 'Object Repository/DispensaryToCms/Page_Dispensary Store/input_txttreat'

2018-05-31 15:09:26 - [TEST_STEP][PASSED] - click: Object: 'Object Repository/DispensaryToCms/Page_Dispensary Store/button_Add' is clicked on

2018-05-31 15:09:31 - [MESSAGE][PASSED] - Object: 'Object Repository/DispensaryToCms/Page_Dispensary Store/button_Add' is clicked on

2018-05-31 15:09:31 - [TEST_STEP][PASSED] - delay: Delayed 1 second(s)

2018-05-31 15:09:32 - [MESSAGE][PASSED] - Delayed 1 second(s)

2018-05-31 15:09:32 - [TEST_STEP][PASSED] - scrollToElement: Scroll to object 'Object Repository/DispensaryToCms/Page_Dispensary Store/input_btnsave' successfully

2018-05-31 15:09:32 - [MESSAGE][PASSED] - Scroll to object 'Object Repository/DispensaryToCms/Page_Dispensary Store/input_btnsave' successfully

2018-05-31 15:09:32 - [TEST_STEP][PASSED] - click: Object: 'Object Repository/DispensaryToCms/Page_Dispensary Store/input_btnsave' is clicked on

2018-05-31 15:09:37 - [MESSAGE][PASSED] - Object: 'Object Repository/DispensaryToCms/Page_Dispensary Store/input_btnsave' is clicked on

2018-05-31 15:09:37 - [TEST_STEP][PASSED] - delay: Delayed 3 second(s)

2018-05-31 15:09:40 - [MESSAGE][PASSED] - Delayed 3 second(s)

2018-05-31 15:09:40 - [TEST_STEP][PASSED] - Statement - RN1 = com.kms.katalon.core.webui.keyword.WebUiBuiltInKeywords.getText(com.kms.katalon.core.testobject.ObjectRepository.findTestObject(DispensaryToCms/Page_Dispensary Store/font_PRNO18052018174)): Text of object 'Object Repository/DispensaryToCms/Page_Dispensary Store/font_PRNO18052018174' is: ''

2018-05-31 15:09:40 - [MESSAGE][PASSED] - Text of object 'Object Repository/DispensaryToCms/Page_Dispensary Store/font_PRNO18052018174' is: ''

2018-05-31 15:09:40 - [TEST_STEP][PASSED] - Statement - out.println(RN1): null

2018-05-31 15:09:40 - [TEST_STEP][PASSED] - Statement - RID = RN1.split("/")[2]: null]]></system-out>
         <system-err><![CDATA[2018-05-31 15:04:14 - [TEST_CASE][ERROR] - Test Cases/DISPENSARY TEST CASES/TC_DP_014 Verify Schedule 2 Dispensary To CMS Request Are Working Successfully Or Not: Test Cases/DISPENSARY TEST CASES/TC_DP_014 Verify Schedule 2 Dispensary To CMS Request Are Working Successfully Or Not FAILED because (of) java.lang.ArrayIndexOutOfBoundsException: 2]]></system-err>
      </testcase>
      <testcase name="Test Cases/DISPENSARY TEST CASES/TC_DP_017 Verify Schedule 5 Dispensary To CMS Request Are Working Successfully Or Not" classname="Test Cases/DISPENSARY TEST CASES/TC_DP_017 Verify Schedule 5 Dispensary To CMS Request Are Working Successfully Or Not" status="ERROR">
         <error type="ERROR" message="Test Cases/DISPENSARY TEST CASES/TC_DP_017 Verify Schedule 5 Dispensary To CMS Request Are Working Successfully Or Not FAILED because (of) java.lang.ArrayIndexOutOfBoundsException: 2"/>
         <system-out><![CDATA[2018-05-31 15:09:40 - [TEST_CASE][ERROR] - Test Cases/DISPENSARY TEST CASES/TC_DP_017 Verify Schedule 5 Dispensary To CMS Request Are Working Successfully Or Not: Test Cases/DISPENSARY TEST CASES/TC_DP_017 Verify Schedule 5 Dispensary To CMS Request Are Working Successfully Or Not FAILED because (of) java.lang.ArrayIndexOutOfBoundsException: 2

2018-05-31 15:09:41 - [TEST_STEP][PASSED] - openBrowser: Browser is opened with url: ''

2018-05-31 15:09:41 - [MESSAGE][WARNING] - A browser is already opened. Closing browser and opening a new one

2018-05-31 15:09:43 - [MESSAGE][PASSED] - Browser is opened with url: ''

2018-05-31 15:09:43 - [TEST_STEP][PASSED] - navigateToUrl: Navigate to 'http://192.168.137.1/multihospital_new/HDSplashscreen.aspx' successfully

2018-05-31 15:09:46 - [MESSAGE][PASSED] - Navigate to 'http://192.168.137.1/multihospital_new/HDSplashscreen.aspx' successfully

2018-05-31 15:09:46 - [TEST_STEP][PASSED] - maximizeWindow: Current window maximized

2018-05-31 15:09:47 - [MESSAGE][PASSED] - Current window maximized

2018-05-31 15:09:47 - [TEST_STEP][PASSED] - click: Object: 'Object Repository/DispensaryToCms/Page_KDMC/a_Dispensary Store' is clicked on

2018-05-31 15:09:48 - [MESSAGE][PASSED] - Object: 'Object Repository/DispensaryToCms/Page_KDMC/a_Dispensary Store' is clicked on

2018-05-31 15:09:48 - [TEST_STEP][PASSED] - setText: Text 'rajaram' is set on object 'Object Repository/DispensaryToCms/Page_Dispensary Store Login/input_txtusername'

2018-05-31 15:09:48 - [MESSAGE][PASSED] - Text 'rajaram' is set on object 'Object Repository/DispensaryToCms/Page_Dispensary Store Login/input_txtusername'

2018-05-31 15:09:48 - [TEST_STEP][PASSED] - setText: Text '123' is set on object 'Object Repository/DispensaryToCms/Page_Dispensary Store Login/input_txtpassword'

2018-05-31 15:09:49 - [MESSAGE][PASSED] - Text '123' is set on object 'Object Repository/DispensaryToCms/Page_Dispensary Store Login/input_txtpassword'

2018-05-31 15:09:49 - [TEST_STEP][PASSED] - delay: Delayed 3 second(s)

2018-05-31 15:09:52 - [MESSAGE][PASSED] - Delayed 3 second(s)

2018-05-31 15:09:52 - [TEST_STEP][PASSED] - click: Object: 'Object Repository/DispensaryToCms/Page_Dispensary Store Login/button_Sign in' is clicked on

2018-05-31 15:09:53 - [MESSAGE][PASSED] - Object: 'Object Repository/DispensaryToCms/Page_Dispensary Store Login/button_Sign in' is clicked on

2018-05-31 15:09:53 - [TEST_STEP][PASSED] - delay: Delayed 3 second(s)

2018-05-31 15:09:56 - [MESSAGE][PASSED] - Delayed 3 second(s)

2018-05-31 15:09:56 - [TEST_STEP][PASSED] - click: Object: 'Object Repository/DispensaryToCms/Page_Dispensary Store/a_CMS' is clicked on

2018-05-31 15:09:56 - [MESSAGE][PASSED] - Object: 'Object Repository/DispensaryToCms/Page_Dispensary Store/a_CMS' is clicked on

2018-05-31 15:09:56 - [TEST_STEP][PASSED] - click: Object: 'Object Repository/DispensaryToCms/Page_Dispensary Store/a_Request Send' is clicked on

2018-05-31 15:09:57 - [MESSAGE][PASSED] - Object: 'Object Repository/DispensaryToCms/Page_Dispensary Store/a_Request Send' is clicked on

2018-05-31 15:09:57 - [TEST_STEP][PASSED] - delay: Delayed 2 second(s)

2018-05-31 15:09:59 - [MESSAGE][PASSED] - Delayed 2 second(s)

2018-05-31 15:09:59 - [TEST_STEP][PASSED] - selectOptionByIndex: All options with index in [2] are selected on object 'Object Repository/DispensaryToCms/Page_Dispensary Store/select_--Select--'

2018-05-31 15:09:59 - [MESSAGE][PASSED] - All options with index in [2] are selected on object 'Object Repository/DispensaryToCms/Page_Dispensary Store/select_--Select--'

2018-05-31 15:09:59 - [TEST_STEP][PASSED] - selectOptionByIndex: All options with index in [5] are selected on object 'Object Repository/DispensaryToCms/Page_Dispensary Store/select_--Select--Schedule 1Inj'

2018-05-31 15:09:59 - [MESSAGE][PASSED] - All options with index in [5] are selected on object 'Object Repository/DispensaryToCms/Page_Dispensary Store/select_--Select--Schedule 1Inj'

2018-05-31 15:09:59 - [TEST_STEP][PASSED] - Statement - medicineslength = com.kms.katalon.core.webui.keyword.WebUiBuiltInKeywords.getNumberOfTotalOption(com.kms.katalon.core.testobject.ObjectRepository.findTestObject(DispensaryToCms/Page_Dispensary Store/select_--Select--Adernaline 0.)): 17 options of object 'Object Repository/DispensaryToCms/Page_Dispensary Store/select_--Select--Adernaline 0.' counted

2018-05-31 15:09:59 - [MESSAGE][PASSED] - 17 options of object 'Object Repository/DispensaryToCms/Page_Dispensary Store/select_--Select--Adernaline 0.' counted

2018-05-31 15:09:59 - [TEST_STEP][PASSED] - Statement - For ([e = 1, e <= medicineslength - 1, (e++)]): Delayed 1 second(s)

2018-05-31 15:09:59 - [TEST_STEP][PASSED] - selectOptionByIndex: All options with index in [5] are selected on object 'Object Repository/DispensaryToCms/Page_Dispensary Store/select_--Select--Schedule 1Inj'

2018-05-31 15:09:59 - [MESSAGE][PASSED] - All options with index in [5] are selected on object 'Object Repository/DispensaryToCms/Page_Dispensary Store/select_--Select--Schedule 1Inj'

2018-05-31 15:09:59 - [TEST_STEP][PASSED] - delay: Delayed 1 second(s)

2018-05-31 15:10:00 - [MESSAGE][PASSED] - Delayed 1 second(s)

2018-05-31 15:10:00 - [TEST_STEP][PASSED] - selectOptionByIndex: All options with index in [1] are selected on object 'Object Repository/DispensaryToCms/Page_Dispensary Store/select_--Select--Adernaline 0.'

2018-05-31 15:10:00 - [MESSAGE][PASSED] - All options with index in [1] are selected on object 'Object Repository/DispensaryToCms/Page_Dispensary Store/select_--Select--Adernaline 0.'

2018-05-31 15:10:00 - [TEST_STEP][PASSED] - setText: Text '100' is set on object 'Object Repository/DispensaryToCms/Page_Dispensary Store/input_txttreat'

2018-05-31 15:10:00 - [MESSAGE][PASSED] - Text '100' is set on object 'Object Repository/DispensaryToCms/Page_Dispensary Store/input_txttreat'

2018-05-31 15:10:00 - [TEST_STEP][PASSED] - click: Object: 'Object Repository/DispensaryToCms/Page_Dispensary Store/button_Add' is clicked on

2018-05-31 15:10:00 - [MESSAGE][PASSED] - Object: 'Object Repository/DispensaryToCms/Page_Dispensary Store/button_Add' is clicked on

2018-05-31 15:10:00 - [TEST_STEP][PASSED] - delay: Delayed 1 second(s)

2018-05-31 15:10:01 - [MESSAGE][PASSED] - Delayed 1 second(s)

2018-05-31 15:10:01 - [TEST_STEP][PASSED] - selectOptionByIndex: All options with index in [5] are selected on object 'Object Repository/DispensaryToCms/Page_Dispensary Store/select_--Select--Schedule 1Inj'

2018-05-31 15:10:02 - [MESSAGE][PASSED] - All options with index in [5] are selected on object 'Object Repository/DispensaryToCms/Page_Dispensary Store/select_--Select--Schedule 1Inj'

2018-05-31 15:10:02 - [TEST_STEP][PASSED] - delay: Delayed 1 second(s)

2018-05-31 15:10:03 - [MESSAGE][PASSED] - Delayed 1 second(s)

2018-05-31 15:10:03 - [TEST_STEP][PASSED] - selectOptionByIndex: All options with index in [2] are selected on object 'Object Repository/DispensaryToCms/Page_Dispensary Store/select_--Select--Adernaline 0.'

2018-05-31 15:10:03 - [MESSAGE][PASSED] - All options with index in [2] are selected on object 'Object Repository/DispensaryToCms/Page_Dispensary Store/select_--Select--Adernaline 0.'

2018-05-31 15:10:03 - [TEST_STEP][PASSED] - setText: Text '100' is set on object 'Object Repository/DispensaryToCms/Page_Dispensary Store/input_txttreat'

2018-05-31 15:10:03 - [MESSAGE][PASSED] - Text '100' is set on object 'Object Repository/DispensaryToCms/Page_Dispensary Store/input_txttreat'

2018-05-31 15:10:03 - [TEST_STEP][PASSED] - click: Object: 'Object Repository/DispensaryToCms/Page_Dispensary Store/button_Add' is clicked on

2018-05-31 15:10:08 - [MESSAGE][PASSED] - Object: 'Object Repository/DispensaryToCms/Page_Dispensary Store/button_Add' is clicked on

2018-05-31 15:10:08 - [TEST_STEP][PASSED] - delay: Delayed 1 second(s)

2018-05-31 15:10:09 - [MESSAGE][PASSED] - Delayed 1 second(s)

2018-05-31 15:10:09 - [TEST_STEP][PASSED] - selectOptionByIndex: All options with index in [5] are selected on object 'Object Repository/DispensaryToCms/Page_Dispensary Store/select_--Select--Schedule 1Inj'

2018-05-31 15:10:09 - [MESSAGE][PASSED] - All options with index in [5] are selected on object 'Object Repository/DispensaryToCms/Page_Dispensary Store/select_--Select--Schedule 1Inj'

2018-05-31 15:10:09 - [TEST_STEP][PASSED] - delay: Delayed 1 second(s)

2018-05-31 15:10:10 - [MESSAGE][PASSED] - Delayed 1 second(s)

2018-05-31 15:10:10 - [TEST_STEP][PASSED] - selectOptionByIndex: All options with index in [3] are selected on object 'Object Repository/DispensaryToCms/Page_Dispensary Store/select_--Select--Adernaline 0.'

2018-05-31 15:10:10 - [MESSAGE][PASSED] - All options with index in [3] are selected on object 'Object Repository/DispensaryToCms/Page_Dispensary Store/select_--Select--Adernaline 0.'

2018-05-31 15:10:10 - [TEST_STEP][PASSED] - setText: Text '100' is set on object 'Object Repository/DispensaryToCms/Page_Dispensary Store/input_txttreat'

2018-05-31 15:10:11 - [MESSAGE][PASSED] - Text '100' is set on object 'Object Repository/DispensaryToCms/Page_Dispensary Store/input_txttreat'

2018-05-31 15:10:11 - [TEST_STEP][PASSED] - click: Object: 'Object Repository/DispensaryToCms/Page_Dispensary Store/button_Add' is clicked on

2018-05-31 15:10:16 - [MESSAGE][PASSED] - Object: 'Object Repository/DispensaryToCms/Page_Dispensary Store/button_Add' is clicked on

2018-05-31 15:10:16 - [TEST_STEP][PASSED] - delay: Delayed 1 second(s)

2018-05-31 15:10:17 - [MESSAGE][PASSED] - Delayed 1 second(s)

2018-05-31 15:10:17 - [TEST_STEP][PASSED] - selectOptionByIndex: All options with index in [5] are selected on object 'Object Repository/DispensaryToCms/Page_Dispensary Store/select_--Select--Schedule 1Inj'

2018-05-31 15:10:17 - [MESSAGE][PASSED] - All options with index in [5] are selected on object 'Object Repository/DispensaryToCms/Page_Dispensary Store/select_--Select--Schedule 1Inj'

2018-05-31 15:10:17 - [TEST_STEP][PASSED] - delay: Delayed 1 second(s)

2018-05-31 15:10:18 - [MESSAGE][PASSED] - Delayed 1 second(s)

2018-05-31 15:10:18 - [TEST_STEP][PASSED] - selectOptionByIndex: All options with index in [4] are selected on object 'Object Repository/DispensaryToCms/Page_Dispensary Store/select_--Select--Adernaline 0.'

2018-05-31 15:10:18 - [MESSAGE][PASSED] - All options with index in [4] are selected on object 'Object Repository/DispensaryToCms/Page_Dispensary Store/select_--Select--Adernaline 0.'

2018-05-31 15:10:18 - [TEST_STEP][PASSED] - setText: Text '100' is set on object 'Object Repository/DispensaryToCms/Page_Dispensary Store/input_txttreat'

2018-05-31 15:10:18 - [MESSAGE][PASSED] - Text '100' is set on object 'Object Repository/DispensaryToCms/Page_Dispensary Store/input_txttreat'

2018-05-31 15:10:18 - [TEST_STEP][PASSED] - click: Object: 'Object Repository/DispensaryToCms/Page_Dispensary Store/button_Add' is clicked on

2018-05-31 15:10:23 - [MESSAGE][PASSED] - Object: 'Object Repository/DispensaryToCms/Page_Dispensary Store/button_Add' is clicked on

2018-05-31 15:10:23 - [TEST_STEP][PASSED] - delay: Delayed 1 second(s)

2018-05-31 15:10:24 - [MESSAGE][PASSED] - Delayed 1 second(s)

2018-05-31 15:10:24 - [TEST_STEP][PASSED] - selectOptionByIndex: All options with index in [5] are selected on object 'Object Repository/DispensaryToCms/Page_Dispensary Store/select_--Select--Schedule 1Inj'

2018-05-31 15:10:24 - [MESSAGE][PASSED] - All options with index in [5] are selected on object 'Object Repository/DispensaryToCms/Page_Dispensary Store/select_--Select--Schedule 1Inj'

2018-05-31 15:10:24 - [TEST_STEP][PASSED] - delay: Delayed 1 second(s)

2018-05-31 15:10:25 - [MESSAGE][PASSED] - Delayed 1 second(s)

2018-05-31 15:10:25 - [TEST_STEP][PASSED] - selectOptionByIndex: All options with index in [5] are selected on object 'Object Repository/DispensaryToCms/Page_Dispensary Store/select_--Select--Adernaline 0.'

2018-05-31 15:10:26 - [MESSAGE][PASSED] - All options with index in [5] are selected on object 'Object Repository/DispensaryToCms/Page_Dispensary Store/select_--Select--Adernaline 0.'

2018-05-31 15:10:26 - [TEST_STEP][PASSED] - setText: Text '100' is set on object 'Object Repository/DispensaryToCms/Page_Dispensary Store/input_txttreat'

2018-05-31 15:10:26 - [MESSAGE][PASSED] - Text '100' is set on object 'Object Repository/DispensaryToCms/Page_Dispensary Store/input_txttreat'

2018-05-31 15:10:26 - [TEST_STEP][PASSED] - click: Object: 'Object Repository/DispensaryToCms/Page_Dispensary Store/button_Add' is clicked on

2018-05-31 15:10:31 - [MESSAGE][PASSED] - Object: 'Object Repository/DispensaryToCms/Page_Dispensary Store/button_Add' is clicked on

2018-05-31 15:10:31 - [TEST_STEP][PASSED] - delay: Delayed 1 second(s)

2018-05-31 15:10:32 - [MESSAGE][PASSED] - Delayed 1 second(s)

2018-05-31 15:10:32 - [TEST_STEP][PASSED] - selectOptionByIndex: All options with index in [5] are selected on object 'Object Repository/DispensaryToCms/Page_Dispensary Store/select_--Select--Schedule 1Inj'

2018-05-31 15:10:32 - [MESSAGE][PASSED] - All options with index in [5] are selected on object 'Object Repository/DispensaryToCms/Page_Dispensary Store/select_--Select--Schedule 1Inj'

2018-05-31 15:10:32 - [TEST_STEP][PASSED] - delay: Delayed 1 second(s)

2018-05-31 15:10:33 - [MESSAGE][PASSED] - Delayed 1 second(s)

2018-05-31 15:10:33 - [TEST_STEP][PASSED] - selectOptionByIndex: All options with index in [6] are selected on object 'Object Repository/DispensaryToCms/Page_Dispensary Store/select_--Select--Adernaline 0.'

2018-05-31 15:10:33 - [MESSAGE][PASSED] - All options with index in [6] are selected on object 'Object Repository/DispensaryToCms/Page_Dispensary Store/select_--Select--Adernaline 0.'

2018-05-31 15:10:33 - [TEST_STEP][PASSED] - setText: Text '100' is set on object 'Object Repository/DispensaryToCms/Page_Dispensary Store/input_txttreat'

2018-05-31 15:10:33 - [MESSAGE][PASSED] - Text '100' is set on object 'Object Repository/DispensaryToCms/Page_Dispensary Store/input_txttreat'

2018-05-31 15:10:33 - [TEST_STEP][PASSED] - click: Object: 'Object Repository/DispensaryToCms/Page_Dispensary Store/button_Add' is clicked on

2018-05-31 15:10:38 - [MESSAGE][PASSED] - Object: 'Object Repository/DispensaryToCms/Page_Dispensary Store/button_Add' is clicked on

2018-05-31 15:10:38 - [TEST_STEP][PASSED] - delay: Delayed 1 second(s)

2018-05-31 15:10:39 - [MESSAGE][PASSED] - Delayed 1 second(s)

2018-05-31 15:10:39 - [TEST_STEP][PASSED] - selectOptionByIndex: All options with index in [5] are selected on object 'Object Repository/DispensaryToCms/Page_Dispensary Store/select_--Select--Schedule 1Inj'

2018-05-31 15:10:40 - [MESSAGE][PASSED] - All options with index in [5] are selected on object 'Object Repository/DispensaryToCms/Page_Dispensary Store/select_--Select--Schedule 1Inj'

2018-05-31 15:10:40 - [TEST_STEP][PASSED] - delay: Delayed 1 second(s)

2018-05-31 15:10:41 - [MESSAGE][PASSED] - Delayed 1 second(s)

2018-05-31 15:10:41 - [TEST_STEP][PASSED] - selectOptionByIndex: All options with index in [7] are selected on object 'Object Repository/DispensaryToCms/Page_Dispensary Store/select_--Select--Adernaline 0.'

2018-05-31 15:10:41 - [MESSAGE][PASSED] - All options with index in [7] are selected on object 'Object Repository/DispensaryToCms/Page_Dispensary Store/select_--Select--Adernaline 0.'

2018-05-31 15:10:41 - [TEST_STEP][PASSED] - setText: Text '100' is set on object 'Object Repository/DispensaryToCms/Page_Dispensary Store/input_txttreat'

2018-05-31 15:10:41 - [MESSAGE][PASSED] - Text '100' is set on object 'Object Repository/DispensaryToCms/Page_Dispensary Store/input_txttreat'

2018-05-31 15:10:41 - [TEST_STEP][PASSED] - click: Object: 'Object Repository/DispensaryToCms/Page_Dispensary Store/button_Add' is clicked on

2018-05-31 15:10:46 - [MESSAGE][PASSED] - Object: 'Object Repository/DispensaryToCms/Page_Dispensary Store/button_Add' is clicked on

2018-05-31 15:10:46 - [TEST_STEP][PASSED] - delay: Delayed 1 second(s)

2018-05-31 15:10:47 - [MESSAGE][PASSED] - Delayed 1 second(s)

2018-05-31 15:10:47 - [TEST_STEP][PASSED] - selectOptionByIndex: All options with index in [5] are selected on object 'Object Repository/DispensaryToCms/Page_Dispensary Store/select_--Select--Schedule 1Inj'

2018-05-31 15:10:47 - [MESSAGE][PASSED] - All options with index in [5] are selected on object 'Object Repository/DispensaryToCms/Page_Dispensary Store/select_--Select--Schedule 1Inj'

2018-05-31 15:10:47 - [TEST_STEP][PASSED] - delay: Delayed 1 second(s)

2018-05-31 15:10:48 - [MESSAGE][PASSED] - Delayed 1 second(s)

2018-05-31 15:10:48 - [TEST_STEP][PASSED] - selectOptionByIndex: All options with index in [8] are selected on object 'Object Repository/DispensaryToCms/Page_Dispensary Store/select_--Select--Adernaline 0.'

2018-05-31 15:10:48 - [MESSAGE][PASSED] - All options with index in [8] are selected on object 'Object Repository/DispensaryToCms/Page_Dispensary Store/select_--Select--Adernaline 0.'

2018-05-31 15:10:48 - [TEST_STEP][PASSED] - setText: Text '100' is set on object 'Object Repository/DispensaryToCms/Page_Dispensary Store/input_txttreat'

2018-05-31 15:10:48 - [MESSAGE][PASSED] - Text '100' is set on object 'Object Repository/DispensaryToCms/Page_Dispensary Store/input_txttreat'

2018-05-31 15:10:48 - [TEST_STEP][PASSED] - click: Object: 'Object Repository/DispensaryToCms/Page_Dispensary Store/button_Add' is clicked on

2018-05-31 15:10:53 - [MESSAGE][PASSED] - Object: 'Object Repository/DispensaryToCms/Page_Dispensary Store/button_Add' is clicked on

2018-05-31 15:10:53 - [TEST_STEP][PASSED] - delay: Delayed 1 second(s)

2018-05-31 15:10:54 - [MESSAGE][PASSED] - Delayed 1 second(s)

2018-05-31 15:10:54 - [TEST_STEP][PASSED] - selectOptionByIndex: All options with index in [5] are selected on object 'Object Repository/DispensaryToCms/Page_Dispensary Store/select_--Select--Schedule 1Inj'

2018-05-31 15:10:55 - [MESSAGE][PASSED] - All options with index in [5] are selected on object 'Object Repository/DispensaryToCms/Page_Dispensary Store/select_--Select--Schedule 1Inj'

2018-05-31 15:10:55 - [TEST_STEP][PASSED] - delay: Delayed 1 second(s)

2018-05-31 15:10:56 - [MESSAGE][PASSED] - Delayed 1 second(s)

2018-05-31 15:10:56 - [TEST_STEP][PASSED] - selectOptionByIndex: All options with index in [9] are selected on object 'Object Repository/DispensaryToCms/Page_Dispensary Store/select_--Select--Adernaline 0.'

2018-05-31 15:10:56 - [MESSAGE][PASSED] - All options with index in [9] are selected on object 'Object Repository/DispensaryToCms/Page_Dispensary Store/select_--Select--Adernaline 0.'

2018-05-31 15:10:56 - [TEST_STEP][PASSED] - setText: Text '100' is set on object 'Object Repository/DispensaryToCms/Page_Dispensary Store/input_txttreat'

2018-05-31 15:10:56 - [MESSAGE][PASSED] - Text '100' is set on object 'Object Repository/DispensaryToCms/Page_Dispensary Store/input_txttreat'

2018-05-31 15:10:56 - [TEST_STEP][PASSED] - click: Object: 'Object Repository/DispensaryToCms/Page_Dispensary Store/button_Add' is clicked on

2018-05-31 15:11:01 - [MESSAGE][PASSED] - Object: 'Object Repository/DispensaryToCms/Page_Dispensary Store/button_Add' is clicked on

2018-05-31 15:11:01 - [TEST_STEP][PASSED] - delay: Delayed 1 second(s)

2018-05-31 15:11:02 - [MESSAGE][PASSED] - Delayed 1 second(s)

2018-05-31 15:11:02 - [TEST_STEP][PASSED] - selectOptionByIndex: All options with index in [5] are selected on object 'Object Repository/DispensaryToCms/Page_Dispensary Store/select_--Select--Schedule 1Inj'

2018-05-31 15:11:02 - [MESSAGE][PASSED] - All options with index in [5] are selected on object 'Object Repository/DispensaryToCms/Page_Dispensary Store/select_--Select--Schedule 1Inj'

2018-05-31 15:11:02 - [TEST_STEP][PASSED] - delay: Delayed 1 second(s)

2018-05-31 15:11:03 - [MESSAGE][PASSED] - Delayed 1 second(s)

2018-05-31 15:11:03 - [TEST_STEP][PASSED] - selectOptionByIndex: All options with index in [10] are selected on object 'Object Repository/DispensaryToCms/Page_Dispensary Store/select_--Select--Adernaline 0.'

2018-05-31 15:11:03 - [MESSAGE][PASSED] - All options with index in [10] are selected on object 'Object Repository/DispensaryToCms/Page_Dispensary Store/select_--Select--Adernaline 0.'

2018-05-31 15:11:03 - [TEST_STEP][PASSED] - setText: Text '100' is set on object 'Object Repository/DispensaryToCms/Page_Dispensary Store/input_txttreat'

2018-05-31 15:11:04 - [MESSAGE][PASSED] - Text '100' is set on object 'Object Repository/DispensaryToCms/Page_Dispensary Store/input_txttreat'

2018-05-31 15:11:04 - [TEST_STEP][PASSED] - click: Object: 'Object Repository/DispensaryToCms/Page_Dispensary Store/button_Add' is clicked on

2018-05-31 15:11:09 - [MESSAGE][PASSED] - Object: 'Object Repository/DispensaryToCms/Page_Dispensary Store/button_Add' is clicked on

2018-05-31 15:11:09 - [TEST_STEP][PASSED] - delay: Delayed 1 second(s)

2018-05-31 15:11:10 - [MESSAGE][PASSED] - Delayed 1 second(s)

2018-05-31 15:11:10 - [TEST_STEP][PASSED] - selectOptionByIndex: All options with index in [5] are selected on object 'Object Repository/DispensaryToCms/Page_Dispensary Store/select_--Select--Schedule 1Inj'

2018-05-31 15:11:10 - [MESSAGE][PASSED] - All options with index in [5] are selected on object 'Object Repository/DispensaryToCms/Page_Dispensary Store/select_--Select--Schedule 1Inj'

2018-05-31 15:11:10 - [TEST_STEP][PASSED] - delay: Delayed 1 second(s)

2018-05-31 15:11:11 - [MESSAGE][PASSED] - Delayed 1 second(s)

2018-05-31 15:11:11 - [TEST_STEP][PASSED] - selectOptionByIndex: All options with index in [11] are selected on object 'Object Repository/DispensaryToCms/Page_Dispensary Store/select_--Select--Adernaline 0.'

2018-05-31 15:11:11 - [MESSAGE][PASSED] - All options with index in [11] are selected on object 'Object Repository/DispensaryToCms/Page_Dispensary Store/select_--Select--Adernaline 0.'

2018-05-31 15:11:11 - [TEST_STEP][PASSED] - setText: Text '100' is set on object 'Object Repository/DispensaryToCms/Page_Dispensary Store/input_txttreat'

2018-05-31 15:11:11 - [MESSAGE][PASSED] - Text '100' is set on object 'Object Repository/DispensaryToCms/Page_Dispensary Store/input_txttreat'

2018-05-31 15:11:11 - [TEST_STEP][PASSED] - click: Object: 'Object Repository/DispensaryToCms/Page_Dispensary Store/button_Add' is clicked on

2018-05-31 15:11:16 - [MESSAGE][PASSED] - Object: 'Object Repository/DispensaryToCms/Page_Dispensary Store/button_Add' is clicked on

2018-05-31 15:11:16 - [TEST_STEP][PASSED] - delay: Delayed 1 second(s)

2018-05-31 15:11:17 - [MESSAGE][PASSED] - Delayed 1 second(s)

2018-05-31 15:11:17 - [TEST_STEP][PASSED] - selectOptionByIndex: All options with index in [5] are selected on object 'Object Repository/DispensaryToCms/Page_Dispensary Store/select_--Select--Schedule 1Inj'

2018-05-31 15:11:17 - [MESSAGE][PASSED] - All options with index in [5] are selected on object 'Object Repository/DispensaryToCms/Page_Dispensary Store/select_--Select--Schedule 1Inj'

2018-05-31 15:11:17 - [TEST_STEP][PASSED] - delay: Delayed 1 second(s)

2018-05-31 15:11:18 - [MESSAGE][PASSED] - Delayed 1 second(s)

2018-05-31 15:11:18 - [TEST_STEP][PASSED] - selectOptionByIndex: All options with index in [12] are selected on object 'Object Repository/DispensaryToCms/Page_Dispensary Store/select_--Select--Adernaline 0.'

2018-05-31 15:11:19 - [MESSAGE][PASSED] - All options with index in [12] are selected on object 'Object Repository/DispensaryToCms/Page_Dispensary Store/select_--Select--Adernaline 0.'

2018-05-31 15:11:19 - [TEST_STEP][PASSED] - setText: Text '100' is set on object 'Object Repository/DispensaryToCms/Page_Dispensary Store/input_txttreat'

2018-05-31 15:11:19 - [MESSAGE][PASSED] - Text '100' is set on object 'Object Repository/DispensaryToCms/Page_Dispensary Store/input_txttreat'

2018-05-31 15:11:19 - [TEST_STEP][PASSED] - click: Object: 'Object Repository/DispensaryToCms/Page_Dispensary Store/button_Add' is clicked on

2018-05-31 15:11:24 - [MESSAGE][PASSED] - Object: 'Object Repository/DispensaryToCms/Page_Dispensary Store/button_Add' is clicked on

2018-05-31 15:11:24 - [TEST_STEP][PASSED] - delay: Delayed 1 second(s)

2018-05-31 15:11:25 - [MESSAGE][PASSED] - Delayed 1 second(s)

2018-05-31 15:11:25 - [TEST_STEP][PASSED] - selectOptionByIndex: All options with index in [5] are selected on object 'Object Repository/DispensaryToCms/Page_Dispensary Store/select_--Select--Schedule 1Inj'

2018-05-31 15:11:25 - [MESSAGE][PASSED] - All options with index in [5] are selected on object 'Object Repository/DispensaryToCms/Page_Dispensary Store/select_--Select--Schedule 1Inj'

2018-05-31 15:11:25 - [TEST_STEP][PASSED] - delay: Delayed 1 second(s)

2018-05-31 15:11:26 - [MESSAGE][PASSED] - Delayed 1 second(s)

2018-05-31 15:11:26 - [TEST_STEP][PASSED] - selectOptionByIndex: All options with index in [13] are selected on object 'Object Repository/DispensaryToCms/Page_Dispensary Store/select_--Select--Adernaline 0.'

2018-05-31 15:11:26 - [MESSAGE][PASSED] - All options with index in [13] are selected on object 'Object Repository/DispensaryToCms/Page_Dispensary Store/select_--Select--Adernaline 0.'

2018-05-31 15:11:26 - [TEST_STEP][PASSED] - setText: Text '100' is set on object 'Object Repository/DispensaryToCms/Page_Dispensary Store/input_txttreat'

2018-05-31 15:11:26 - [MESSAGE][PASSED] - Text '100' is set on object 'Object Repository/DispensaryToCms/Page_Dispensary Store/input_txttreat'

2018-05-31 15:11:26 - [TEST_STEP][PASSED] - click: Object: 'Object Repository/DispensaryToCms/Page_Dispensary Store/button_Add' is clicked on

2018-05-31 15:11:31 - [MESSAGE][PASSED] - Object: 'Object Repository/DispensaryToCms/Page_Dispensary Store/button_Add' is clicked on

2018-05-31 15:11:31 - [TEST_STEP][PASSED] - delay: Delayed 1 second(s)

2018-05-31 15:11:32 - [MESSAGE][PASSED] - Delayed 1 second(s)

2018-05-31 15:11:32 - [TEST_STEP][PASSED] - selectOptionByIndex: All options with index in [5] are selected on object 'Object Repository/DispensaryToCms/Page_Dispensary Store/select_--Select--Schedule 1Inj'

2018-05-31 15:11:32 - [MESSAGE][PASSED] - All options with index in [5] are selected on object 'Object Repository/DispensaryToCms/Page_Dispensary Store/select_--Select--Schedule 1Inj'

2018-05-31 15:11:32 - [TEST_STEP][PASSED] - delay: Delayed 1 second(s)

2018-05-31 15:11:33 - [MESSAGE][PASSED] - Delayed 1 second(s)

2018-05-31 15:11:33 - [TEST_STEP][PASSED] - selectOptionByIndex: All options with index in [14] are selected on object 'Object Repository/DispensaryToCms/Page_Dispensary Store/select_--Select--Adernaline 0.'

2018-05-31 15:11:34 - [MESSAGE][PASSED] - All options with index in [14] are selected on object 'Object Repository/DispensaryToCms/Page_Dispensary Store/select_--Select--Adernaline 0.'

2018-05-31 15:11:34 - [TEST_STEP][PASSED] - setText: Text '100' is set on object 'Object Repository/DispensaryToCms/Page_Dispensary Store/input_txttreat'

2018-05-31 15:11:34 - [MESSAGE][PASSED] - Text '100' is set on object 'Object Repository/DispensaryToCms/Page_Dispensary Store/input_txttreat'

2018-05-31 15:11:34 - [TEST_STEP][PASSED] - click: Object: 'Object Repository/DispensaryToCms/Page_Dispensary Store/button_Add' is clicked on

2018-05-31 15:11:39 - [MESSAGE][PASSED] - Object: 'Object Repository/DispensaryToCms/Page_Dispensary Store/button_Add' is clicked on

2018-05-31 15:11:39 - [TEST_STEP][PASSED] - delay: Delayed 1 second(s)

2018-05-31 15:11:40 - [MESSAGE][PASSED] - Delayed 1 second(s)

2018-05-31 15:11:40 - [TEST_STEP][PASSED] - selectOptionByIndex: All options with index in [5] are selected on object 'Object Repository/DispensaryToCms/Page_Dispensary Store/select_--Select--Schedule 1Inj'

2018-05-31 15:11:40 - [MESSAGE][PASSED] - All options with index in [5] are selected on object 'Object Repository/DispensaryToCms/Page_Dispensary Store/select_--Select--Schedule 1Inj'

2018-05-31 15:11:40 - [TEST_STEP][PASSED] - delay: Delayed 1 second(s)

2018-05-31 15:11:41 - [MESSAGE][PASSED] - Delayed 1 second(s)

2018-05-31 15:11:41 - [TEST_STEP][PASSED] - selectOptionByIndex: All options with index in [15] are selected on object 'Object Repository/DispensaryToCms/Page_Dispensary Store/select_--Select--Adernaline 0.'

2018-05-31 15:11:41 - [MESSAGE][PASSED] - All options with index in [15] are selected on object 'Object Repository/DispensaryToCms/Page_Dispensary Store/select_--Select--Adernaline 0.'

2018-05-31 15:11:41 - [TEST_STEP][PASSED] - setText: Text '100' is set on object 'Object Repository/DispensaryToCms/Page_Dispensary Store/input_txttreat'

2018-05-31 15:11:41 - [MESSAGE][PASSED] - Text '100' is set on object 'Object Repository/DispensaryToCms/Page_Dispensary Store/input_txttreat'

2018-05-31 15:11:41 - [TEST_STEP][PASSED] - click: Object: 'Object Repository/DispensaryToCms/Page_Dispensary Store/button_Add' is clicked on

2018-05-31 15:11:47 - [MESSAGE][PASSED] - Object: 'Object Repository/DispensaryToCms/Page_Dispensary Store/button_Add' is clicked on

2018-05-31 15:11:47 - [TEST_STEP][PASSED] - delay: Delayed 1 second(s)

2018-05-31 15:11:48 - [MESSAGE][PASSED] - Delayed 1 second(s)

2018-05-31 15:11:48 - [TEST_STEP][PASSED] - selectOptionByIndex: All options with index in [5] are selected on object 'Object Repository/DispensaryToCms/Page_Dispensary Store/select_--Select--Schedule 1Inj'

2018-05-31 15:11:48 - [MESSAGE][PASSED] - All options with index in [5] are selected on object 'Object Repository/DispensaryToCms/Page_Dispensary Store/select_--Select--Schedule 1Inj'

2018-05-31 15:11:48 - [TEST_STEP][PASSED] - delay: Delayed 1 second(s)

2018-05-31 15:11:49 - [MESSAGE][PASSED] - Delayed 1 second(s)

2018-05-31 15:11:49 - [TEST_STEP][PASSED] - selectOptionByIndex: All options with index in [16] are selected on object 'Object Repository/DispensaryToCms/Page_Dispensary Store/select_--Select--Adernaline 0.'

2018-05-31 15:11:49 - [MESSAGE][PASSED] - All options with index in [16] are selected on object 'Object Repository/DispensaryToCms/Page_Dispensary Store/select_--Select--Adernaline 0.'

2018-05-31 15:11:49 - [TEST_STEP][PASSED] - setText: Text '100' is set on object 'Object Repository/DispensaryToCms/Page_Dispensary Store/input_txttreat'

2018-05-31 15:11:49 - [MESSAGE][PASSED] - Text '100' is set on object 'Object Repository/DispensaryToCms/Page_Dispensary Store/input_txttreat'

2018-05-31 15:11:49 - [TEST_STEP][PASSED] - click: Object: 'Object Repository/DispensaryToCms/Page_Dispensary Store/button_Add' is clicked on

2018-05-31 15:11:54 - [MESSAGE][PASSED] - Object: 'Object Repository/DispensaryToCms/Page_Dispensary Store/button_Add' is clicked on

2018-05-31 15:11:54 - [TEST_STEP][PASSED] - delay: Delayed 1 second(s)

2018-05-31 15:11:55 - [MESSAGE][PASSED] - Delayed 1 second(s)

2018-05-31 15:11:55 - [TEST_STEP][PASSED] - scrollToElement: Scroll to object 'Object Repository/DispensaryToCms/Page_Dispensary Store/input_btnsave' successfully

2018-05-31 15:11:55 - [MESSAGE][PASSED] - Scroll to object 'Object Repository/DispensaryToCms/Page_Dispensary Store/input_btnsave' successfully

2018-05-31 15:11:55 - [TEST_STEP][PASSED] - click: Object: 'Object Repository/DispensaryToCms/Page_Dispensary Store/input_btnsave' is clicked on

2018-05-31 15:12:00 - [MESSAGE][PASSED] - Object: 'Object Repository/DispensaryToCms/Page_Dispensary Store/input_btnsave' is clicked on

2018-05-31 15:12:00 - [TEST_STEP][PASSED] - delay: Delayed 3 second(s)

2018-05-31 15:12:03 - [MESSAGE][PASSED] - Delayed 3 second(s)

2018-05-31 15:12:03 - [TEST_STEP][PASSED] - Statement - RN1 = com.kms.katalon.core.webui.keyword.WebUiBuiltInKeywords.getText(com.kms.katalon.core.testobject.ObjectRepository.findTestObject(DispensaryToCms/Page_Dispensary Store/font_PRNO18052018174)): Text of object 'Object Repository/DispensaryToCms/Page_Dispensary Store/font_PRNO18052018174' is: ''

2018-05-31 15:12:03 - [MESSAGE][PASSED] - Text of object 'Object Repository/DispensaryToCms/Page_Dispensary Store/font_PRNO18052018174' is: ''

2018-05-31 15:12:03 - [TEST_STEP][PASSED] - Statement - out.println(RN1): null

2018-05-31 15:12:03 - [TEST_STEP][PASSED] - Statement - RID = RN1.split("/")[2]: null]]></system-out>
         <system-err><![CDATA[2018-05-31 15:09:40 - [TEST_CASE][ERROR] - Test Cases/DISPENSARY TEST CASES/TC_DP_017 Verify Schedule 5 Dispensary To CMS Request Are Working Successfully Or Not: Test Cases/DISPENSARY TEST CASES/TC_DP_017 Verify Schedule 5 Dispensary To CMS Request Are Working Successfully Or Not FAILED because (of) java.lang.ArrayIndexOutOfBoundsException: 2]]></system-err>
      </testcase>
      <testcase name="Test Cases/DISPENSARY TEST CASES/TC_DP_018 Verify Schedule 6 Dispensary To CMS Request Are Working Successfully Or Not" classname="Test Cases/DISPENSARY TEST CASES/TC_DP_018 Verify Schedule 6 Dispensary To CMS Request Are Working Successfully Or Not" status="FAILED">
         <failure type="FAILED" message="Unable to click on object 'Object Repository/DispensaryToCms/Page_KDMC - CMS/a_dropdown-toggle' (Root cause: com.kms.katalon.core.webui.exception.WebElementNotFoundException: Web element with id: 'Object Repository/DispensaryToCms/Page_KDMC - CMS/a_dropdown-toggle' located by 'By.xpath: /html[1]/body[@class=&quot;skin-blue  pace-done&quot;]/header[@class=&quot;header&quot;]/div[@class=&quot;row&quot;]/div[@class=&quot;col-md-12&quot;]/nav[@class=&quot;navbar navbar-static-top&quot;]/div[@class=&quot;navbar-right&quot;]/ul[@class=&quot;nav navbar-nav&quot;]/li[@class=&quot;dropdown user user-menu&quot;]/a[@class=&quot;dropdown-toggle&quot;][count(. | //*[@class = 'dropdown-toggle' and @data-toggle = 'dropdown']) = count(//*[@class = 'dropdown-toggle' and @data-toggle = 'dropdown'])]' not found)"/>
         <system-out><![CDATA[2018-05-31 15:12:03 - [TEST_CASE][FAILED] - Test Cases/DISPENSARY TEST CASES/TC_DP_018 Verify Schedule 6 Dispensary To CMS Request Are Working Successfully Or Not: Test Cases/DISPENSARY TEST CASES/TC_DP_018 Verify Schedule 6 Dispensary To CMS Request Are Working Successfully Or Not FAILED because (of) Unable to click on object 'Object Repository/DispensaryToCms/Page_KDMC - CMS/a_dropdown-toggle' (Root cause: com.kms.katalon.core.webui.exception.WebElementNotFoundException: Web element with id: 'Object Repository/DispensaryToCms/Page_KDMC - CMS/a_dropdown-toggle' located by 'By.xpath: /html[1]/body[@class="skin-blue  pace-done"]/header[@class="header"]/div[@class="row"]/div[@class="col-md-12"]/nav[@class="navbar navbar-static-top"]/div[@class="navbar-right"]/ul[@class="nav navbar-nav"]/li[@class="dropdown user user-menu"]/a[@class="dropdown-toggle"][count(. | //*[@class = 'dropdown-toggle' and @data-toggle = 'dropdown']) = count(//*[@class = 'dropdown-toggle' and @data-toggle = 'dropdown'])]' not found)

2018-05-31 15:12:04 - [TEST_STEP][PASSED] - openBrowser: Browser is opened with url: ''

2018-05-31 15:12:04 - [MESSAGE][WARNING] - A browser is already opened. Closing browser and opening a new one

2018-05-31 15:12:06 - [MESSAGE][PASSED] - Browser is opened with url: ''

2018-05-31 15:12:06 - [TEST_STEP][PASSED] - navigateToUrl: Navigate to 'http://192.168.137.1/multihospital_new/HDSplashscreen.aspx' successfully

2018-05-31 15:12:10 - [MESSAGE][PASSED] - Navigate to 'http://192.168.137.1/multihospital_new/HDSplashscreen.aspx' successfully

2018-05-31 15:12:10 - [TEST_STEP][PASSED] - maximizeWindow: Current window maximized

2018-05-31 15:12:11 - [MESSAGE][PASSED] - Current window maximized

2018-05-31 15:12:11 - [TEST_STEP][PASSED] - click: Object: 'Object Repository/DispensaryToCms/Page_KDMC/a_Dispensary Store' is clicked on

2018-05-31 15:12:12 - [MESSAGE][PASSED] - Object: 'Object Repository/DispensaryToCms/Page_KDMC/a_Dispensary Store' is clicked on

2018-05-31 15:12:12 - [TEST_STEP][PASSED] - setText: Text 'rajaram' is set on object 'Object Repository/DispensaryToCms/Page_Dispensary Store Login/input_txtusername'

2018-05-31 15:12:12 - [MESSAGE][PASSED] - Text 'rajaram' is set on object 'Object Repository/DispensaryToCms/Page_Dispensary Store Login/input_txtusername'

2018-05-31 15:12:12 - [TEST_STEP][PASSED] - setText: Text '123' is set on object 'Object Repository/DispensaryToCms/Page_Dispensary Store Login/input_txtpassword'

2018-05-31 15:12:12 - [MESSAGE][PASSED] - Text '123' is set on object 'Object Repository/DispensaryToCms/Page_Dispensary Store Login/input_txtpassword'

2018-05-31 15:12:12 - [TEST_STEP][PASSED] - delay: Delayed 3 second(s)

2018-05-31 15:12:15 - [MESSAGE][PASSED] - Delayed 3 second(s)

2018-05-31 15:12:15 - [TEST_STEP][PASSED] - click: Object: 'Object Repository/DispensaryToCms/Page_Dispensary Store Login/button_Sign in' is clicked on

2018-05-31 15:12:17 - [MESSAGE][PASSED] - Object: 'Object Repository/DispensaryToCms/Page_Dispensary Store Login/button_Sign in' is clicked on

2018-05-31 15:12:17 - [TEST_STEP][PASSED] - delay: Delayed 3 second(s)

2018-05-31 15:12:20 - [MESSAGE][PASSED] - Delayed 3 second(s)

2018-05-31 15:12:20 - [TEST_STEP][PASSED] - click: Object: 'Object Repository/DispensaryToCms/Page_Dispensary Store/a_CMS' is clicked on

2018-05-31 15:12:20 - [MESSAGE][PASSED] - Object: 'Object Repository/DispensaryToCms/Page_Dispensary Store/a_CMS' is clicked on

2018-05-31 15:12:20 - [TEST_STEP][PASSED] - click: Object: 'Object Repository/DispensaryToCms/Page_Dispensary Store/a_Request Send' is clicked on

2018-05-31 15:12:21 - [MESSAGE][PASSED] - Object: 'Object Repository/DispensaryToCms/Page_Dispensary Store/a_Request Send' is clicked on

2018-05-31 15:12:21 - [TEST_STEP][PASSED] - delay: Delayed 2 second(s)

2018-05-31 15:12:23 - [MESSAGE][PASSED] - Delayed 2 second(s)

2018-05-31 15:12:23 - [TEST_STEP][PASSED] - selectOptionByIndex: All options with index in [2] are selected on object 'Object Repository/DispensaryToCms/Page_Dispensary Store/select_--Select--'

2018-05-31 15:12:23 - [MESSAGE][PASSED] - All options with index in [2] are selected on object 'Object Repository/DispensaryToCms/Page_Dispensary Store/select_--Select--'

2018-05-31 15:12:23 - [TEST_STEP][PASSED] - selectOptionByIndex: All options with index in [6] are selected on object 'Object Repository/DispensaryToCms/Page_Dispensary Store/select_--Select--Schedule 1Inj'

2018-05-31 15:12:23 - [MESSAGE][PASSED] - All options with index in [6] are selected on object 'Object Repository/DispensaryToCms/Page_Dispensary Store/select_--Select--Schedule 1Inj'

2018-05-31 15:12:23 - [TEST_STEP][PASSED] - Statement - medicineslength = com.kms.katalon.core.webui.keyword.WebUiBuiltInKeywords.getNumberOfTotalOption(com.kms.katalon.core.testobject.ObjectRepository.findTestObject(DispensaryToCms/Page_Dispensary Store/select_--Select--Adernaline 0.)): 14 options of object 'Object Repository/DispensaryToCms/Page_Dispensary Store/select_--Select--Adernaline 0.' counted

2018-05-31 15:12:23 - [MESSAGE][PASSED] - 14 options of object 'Object Repository/DispensaryToCms/Page_Dispensary Store/select_--Select--Adernaline 0.' counted

2018-05-31 15:12:23 - [TEST_STEP][PASSED] - Statement - For ([e = 1, e <= medicineslength - 1, (e++)]): Delayed 1 second(s)

2018-05-31 15:12:23 - [TEST_STEP][PASSED] - selectOptionByIndex: All options with index in [6] are selected on object 'Object Repository/DispensaryToCms/Page_Dispensary Store/select_--Select--Schedule 1Inj'

2018-05-31 15:12:23 - [MESSAGE][PASSED] - All options with index in [6] are selected on object 'Object Repository/DispensaryToCms/Page_Dispensary Store/select_--Select--Schedule 1Inj'

2018-05-31 15:12:23 - [TEST_STEP][PASSED] - delay: Delayed 1 second(s)

2018-05-31 15:12:24 - [MESSAGE][PASSED] - Delayed 1 second(s)

2018-05-31 15:12:24 - [TEST_STEP][PASSED] - selectOptionByIndex: All options with index in [1] are selected on object 'Object Repository/DispensaryToCms/Page_Dispensary Store/select_--Select--Adernaline 0.'

2018-05-31 15:12:24 - [MESSAGE][PASSED] - All options with index in [1] are selected on object 'Object Repository/DispensaryToCms/Page_Dispensary Store/select_--Select--Adernaline 0.'

2018-05-31 15:12:24 - [TEST_STEP][PASSED] - setText: Text '100' is set on object 'Object Repository/DispensaryToCms/Page_Dispensary Store/input_txttreat'

2018-05-31 15:12:25 - [MESSAGE][PASSED] - Text '100' is set on object 'Object Repository/DispensaryToCms/Page_Dispensary Store/input_txttreat'

2018-05-31 15:12:25 - [TEST_STEP][PASSED] - click: Object: 'Object Repository/DispensaryToCms/Page_Dispensary Store/button_Add' is clicked on

2018-05-31 15:12:25 - [MESSAGE][PASSED] - Object: 'Object Repository/DispensaryToCms/Page_Dispensary Store/button_Add' is clicked on

2018-05-31 15:12:25 - [TEST_STEP][PASSED] - delay: Delayed 1 second(s)

2018-05-31 15:12:26 - [MESSAGE][PASSED] - Delayed 1 second(s)

2018-05-31 15:12:26 - [TEST_STEP][PASSED] - selectOptionByIndex: All options with index in [6] are selected on object 'Object Repository/DispensaryToCms/Page_Dispensary Store/select_--Select--Schedule 1Inj'

2018-05-31 15:12:26 - [MESSAGE][PASSED] - All options with index in [6] are selected on object 'Object Repository/DispensaryToCms/Page_Dispensary Store/select_--Select--Schedule 1Inj'

2018-05-31 15:12:26 - [TEST_STEP][PASSED] - delay: Delayed 1 second(s)

2018-05-31 15:12:27 - [MESSAGE][PASSED] - Delayed 1 second(s)

2018-05-31 15:12:27 - [TEST_STEP][PASSED] - selectOptionByIndex: All options with index in [2] are selected on object 'Object Repository/DispensaryToCms/Page_Dispensary Store/select_--Select--Adernaline 0.'

2018-05-31 15:12:27 - [MESSAGE][PASSED] - All options with index in [2] are selected on object 'Object Repository/DispensaryToCms/Page_Dispensary Store/select_--Select--Adernaline 0.'

2018-05-31 15:12:27 - [TEST_STEP][PASSED] - setText: Text '100' is set on object 'Object Repository/DispensaryToCms/Page_Dispensary Store/input_txttreat'

2018-05-31 15:12:27 - [MESSAGE][PASSED] - Text '100' is set on object 'Object Repository/DispensaryToCms/Page_Dispensary Store/input_txttreat'

2018-05-31 15:12:27 - [TEST_STEP][PASSED] - click: Object: 'Object Repository/DispensaryToCms/Page_Dispensary Store/button_Add' is clicked on

2018-05-31 15:12:27 - [MESSAGE][PASSED] - Object: 'Object Repository/DispensaryToCms/Page_Dispensary Store/button_Add' is clicked on

2018-05-31 15:12:27 - [TEST_STEP][PASSED] - delay: Delayed 1 second(s)

2018-05-31 15:12:28 - [MESSAGE][PASSED] - Delayed 1 second(s)

2018-05-31 15:12:28 - [TEST_STEP][PASSED] - selectOptionByIndex: All options with index in [6] are selected on object 'Object Repository/DispensaryToCms/Page_Dispensary Store/select_--Select--Schedule 1Inj'

2018-05-31 15:12:28 - [MESSAGE][PASSED] - All options with index in [6] are selected on object 'Object Repository/DispensaryToCms/Page_Dispensary Store/select_--Select--Schedule 1Inj'

2018-05-31 15:12:28 - [TEST_STEP][PASSED] - delay: Delayed 1 second(s)

2018-05-31 15:12:29 - [MESSAGE][PASSED] - Delayed 1 second(s)

2018-05-31 15:12:29 - [TEST_STEP][PASSED] - selectOptionByIndex: All options with index in [3] are selected on object 'Object Repository/DispensaryToCms/Page_Dispensary Store/select_--Select--Adernaline 0.'

2018-05-31 15:12:29 - [MESSAGE][PASSED] - All options with index in [3] are selected on object 'Object Repository/DispensaryToCms/Page_Dispensary Store/select_--Select--Adernaline 0.'

2018-05-31 15:12:29 - [TEST_STEP][PASSED] - setText: Text '100' is set on object 'Object Repository/DispensaryToCms/Page_Dispensary Store/input_txttreat'

2018-05-31 15:12:30 - [MESSAGE][PASSED] - Text '100' is set on object 'Object Repository/DispensaryToCms/Page_Dispensary Store/input_txttreat'

2018-05-31 15:12:30 - [TEST_STEP][PASSED] - click: Object: 'Object Repository/DispensaryToCms/Page_Dispensary Store/button_Add' is clicked on

2018-05-31 15:12:30 - [MESSAGE][PASSED] - Object: 'Object Repository/DispensaryToCms/Page_Dispensary Store/button_Add' is clicked on

2018-05-31 15:12:30 - [TEST_STEP][PASSED] - delay: Delayed 1 second(s)

2018-05-31 15:12:31 - [MESSAGE][PASSED] - Delayed 1 second(s)

2018-05-31 15:12:31 - [TEST_STEP][PASSED] - selectOptionByIndex: All options with index in [6] are selected on object 'Object Repository/DispensaryToCms/Page_Dispensary Store/select_--Select--Schedule 1Inj'

2018-05-31 15:12:31 - [MESSAGE][PASSED] - All options with index in [6] are selected on object 'Object Repository/DispensaryToCms/Page_Dispensary Store/select_--Select--Schedule 1Inj'

2018-05-31 15:12:31 - [TEST_STEP][PASSED] - delay: Delayed 1 second(s)

2018-05-31 15:12:32 - [MESSAGE][PASSED] - Delayed 1 second(s)

2018-05-31 15:12:32 - [TEST_STEP][PASSED] - selectOptionByIndex: All options with index in [4] are selected on object 'Object Repository/DispensaryToCms/Page_Dispensary Store/select_--Select--Adernaline 0.'

2018-05-31 15:12:32 - [MESSAGE][PASSED] - All options with index in [4] are selected on object 'Object Repository/DispensaryToCms/Page_Dispensary Store/select_--Select--Adernaline 0.'

2018-05-31 15:12:32 - [TEST_STEP][PASSED] - setText: Text '100' is set on object 'Object Repository/DispensaryToCms/Page_Dispensary Store/input_txttreat'

2018-05-31 15:12:32 - [MESSAGE][PASSED] - Text '100' is set on object 'Object Repository/DispensaryToCms/Page_Dispensary Store/input_txttreat'

2018-05-31 15:12:32 - [TEST_STEP][PASSED] - click: Object: 'Object Repository/DispensaryToCms/Page_Dispensary Store/button_Add' is clicked on

2018-05-31 15:12:32 - [MESSAGE][PASSED] - Object: 'Object Repository/DispensaryToCms/Page_Dispensary Store/button_Add' is clicked on

2018-05-31 15:12:32 - [TEST_STEP][PASSED] - delay: Delayed 1 second(s)

2018-05-31 15:12:33 - [MESSAGE][PASSED] - Delayed 1 second(s)

2018-05-31 15:12:33 - [TEST_STEP][PASSED] - selectOptionByIndex: All options with index in [6] are selected on object 'Object Repository/DispensaryToCms/Page_Dispensary Store/select_--Select--Schedule 1Inj'

2018-05-31 15:12:33 - [MESSAGE][PASSED] - All options with index in [6] are selected on object 'Object Repository/DispensaryToCms/Page_Dispensary Store/select_--Select--Schedule 1Inj'

2018-05-31 15:12:33 - [TEST_STEP][PASSED] - delay: Delayed 1 second(s)

2018-05-31 15:12:34 - [MESSAGE][PASSED] - Delayed 1 second(s)

2018-05-31 15:12:34 - [TEST_STEP][PASSED] - selectOptionByIndex: All options with index in [5] are selected on object 'Object Repository/DispensaryToCms/Page_Dispensary Store/select_--Select--Adernaline 0.'

2018-05-31 15:12:35 - [MESSAGE][PASSED] - All options with index in [5] are selected on object 'Object Repository/DispensaryToCms/Page_Dispensary Store/select_--Select--Adernaline 0.'

2018-05-31 15:12:35 - [TEST_STEP][PASSED] - setText: Text '100' is set on object 'Object Repository/DispensaryToCms/Page_Dispensary Store/input_txttreat'

2018-05-31 15:12:35 - [MESSAGE][PASSED] - Text '100' is set on object 'Object Repository/DispensaryToCms/Page_Dispensary Store/input_txttreat'

2018-05-31 15:12:35 - [TEST_STEP][PASSED] - click: Object: 'Object Repository/DispensaryToCms/Page_Dispensary Store/button_Add' is clicked on

2018-05-31 15:12:35 - [MESSAGE][PASSED] - Object: 'Object Repository/DispensaryToCms/Page_Dispensary Store/button_Add' is clicked on

2018-05-31 15:12:35 - [TEST_STEP][PASSED] - delay: Delayed 1 second(s)

2018-05-31 15:12:36 - [MESSAGE][PASSED] - Delayed 1 second(s)

2018-05-31 15:12:36 - [TEST_STEP][PASSED] - selectOptionByIndex: All options with index in [6] are selected on object 'Object Repository/DispensaryToCms/Page_Dispensary Store/select_--Select--Schedule 1Inj'

2018-05-31 15:12:36 - [MESSAGE][PASSED] - All options with index in [6] are selected on object 'Object Repository/DispensaryToCms/Page_Dispensary Store/select_--Select--Schedule 1Inj'

2018-05-31 15:12:36 - [TEST_STEP][PASSED] - delay: Delayed 1 second(s)

2018-05-31 15:12:37 - [MESSAGE][PASSED] - Delayed 1 second(s)

2018-05-31 15:12:37 - [TEST_STEP][PASSED] - selectOptionByIndex: All options with index in [6] are selected on object 'Object Repository/DispensaryToCms/Page_Dispensary Store/select_--Select--Adernaline 0.'

2018-05-31 15:12:37 - [MESSAGE][PASSED] - All options with index in [6] are selected on object 'Object Repository/DispensaryToCms/Page_Dispensary Store/select_--Select--Adernaline 0.'

2018-05-31 15:12:37 - [TEST_STEP][PASSED] - setText: Text '100' is set on object 'Object Repository/DispensaryToCms/Page_Dispensary Store/input_txttreat'

2018-05-31 15:12:37 - [MESSAGE][PASSED] - Text '100' is set on object 'Object Repository/DispensaryToCms/Page_Dispensary Store/input_txttreat'

2018-05-31 15:12:37 - [TEST_STEP][PASSED] - click: Object: 'Object Repository/DispensaryToCms/Page_Dispensary Store/button_Add' is clicked on

2018-05-31 15:12:37 - [MESSAGE][PASSED] - Object: 'Object Repository/DispensaryToCms/Page_Dispensary Store/button_Add' is clicked on

2018-05-31 15:12:37 - [TEST_STEP][PASSED] - delay: Delayed 1 second(s)

2018-05-31 15:12:38 - [MESSAGE][PASSED] - Delayed 1 second(s)

2018-05-31 15:12:38 - [TEST_STEP][PASSED] - selectOptionByIndex: All options with index in [6] are selected on object 'Object Repository/DispensaryToCms/Page_Dispensary Store/select_--Select--Schedule 1Inj'

2018-05-31 15:12:39 - [MESSAGE][PASSED] - All options with index in [6] are selected on object 'Object Repository/DispensaryToCms/Page_Dispensary Store/select_--Select--Schedule 1Inj'

2018-05-31 15:12:39 - [TEST_STEP][PASSED] - delay: Delayed 1 second(s)

2018-05-31 15:12:40 - [MESSAGE][PASSED] - Delayed 1 second(s)

2018-05-31 15:12:40 - [TEST_STEP][PASSED] - selectOptionByIndex: All options with index in [7] are selected on object 'Object Repository/DispensaryToCms/Page_Dispensary Store/select_--Select--Adernaline 0.'

2018-05-31 15:12:40 - [MESSAGE][PASSED] - All options with index in [7] are selected on object 'Object Repository/DispensaryToCms/Page_Dispensary Store/select_--Select--Adernaline 0.'

2018-05-31 15:12:40 - [TEST_STEP][PASSED] - setText: Text '100' is set on object 'Object Repository/DispensaryToCms/Page_Dispensary Store/input_txttreat'

2018-05-31 15:12:40 - [MESSAGE][PASSED] - Text '100' is set on object 'Object Repository/DispensaryToCms/Page_Dispensary Store/input_txttreat'

2018-05-31 15:12:40 - [TEST_STEP][PASSED] - click: Object: 'Object Repository/DispensaryToCms/Page_Dispensary Store/button_Add' is clicked on

2018-05-31 15:12:40 - [MESSAGE][PASSED] - Object: 'Object Repository/DispensaryToCms/Page_Dispensary Store/button_Add' is clicked on

2018-05-31 15:12:40 - [TEST_STEP][PASSED] - delay: Delayed 1 second(s)

2018-05-31 15:12:41 - [MESSAGE][PASSED] - Delayed 1 second(s)

2018-05-31 15:12:41 - [TEST_STEP][PASSED] - selectOptionByIndex: All options with index in [6] are selected on object 'Object Repository/DispensaryToCms/Page_Dispensary Store/select_--Select--Schedule 1Inj'

2018-05-31 15:12:41 - [MESSAGE][PASSED] - All options with index in [6] are selected on object 'Object Repository/DispensaryToCms/Page_Dispensary Store/select_--Select--Schedule 1Inj'

2018-05-31 15:12:41 - [TEST_STEP][PASSED] - delay: Delayed 1 second(s)

2018-05-31 15:12:42 - [MESSAGE][PASSED] - Delayed 1 second(s)

2018-05-31 15:12:42 - [TEST_STEP][PASSED] - selectOptionByIndex: All options with index in [8] are selected on object 'Object Repository/DispensaryToCms/Page_Dispensary Store/select_--Select--Adernaline 0.'

2018-05-31 15:12:42 - [MESSAGE][PASSED] - All options with index in [8] are selected on object 'Object Repository/DispensaryToCms/Page_Dispensary Store/select_--Select--Adernaline 0.'

2018-05-31 15:12:42 - [TEST_STEP][PASSED] - setText: Text '100' is set on object 'Object Repository/DispensaryToCms/Page_Dispensary Store/input_txttreat'

2018-05-31 15:12:43 - [MESSAGE][PASSED] - Text '100' is set on object 'Object Repository/DispensaryToCms/Page_Dispensary Store/input_txttreat'

2018-05-31 15:12:43 - [TEST_STEP][PASSED] - click: Object: 'Object Repository/DispensaryToCms/Page_Dispensary Store/button_Add' is clicked on

2018-05-31 15:12:43 - [MESSAGE][PASSED] - Object: 'Object Repository/DispensaryToCms/Page_Dispensary Store/button_Add' is clicked on

2018-05-31 15:12:43 - [TEST_STEP][PASSED] - delay: Delayed 1 second(s)

2018-05-31 15:12:44 - [MESSAGE][PASSED] - Delayed 1 second(s)

2018-05-31 15:12:44 - [TEST_STEP][PASSED] - selectOptionByIndex: All options with index in [6] are selected on object 'Object Repository/DispensaryToCms/Page_Dispensary Store/select_--Select--Schedule 1Inj'

2018-05-31 15:12:44 - [MESSAGE][PASSED] - All options with index in [6] are selected on object 'Object Repository/DispensaryToCms/Page_Dispensary Store/select_--Select--Schedule 1Inj'

2018-05-31 15:12:44 - [TEST_STEP][PASSED] - delay: Delayed 1 second(s)

2018-05-31 15:12:45 - [MESSAGE][PASSED] - Delayed 1 second(s)

2018-05-31 15:12:45 - [TEST_STEP][PASSED] - selectOptionByIndex: All options with index in [9] are selected on object 'Object Repository/DispensaryToCms/Page_Dispensary Store/select_--Select--Adernaline 0.'

2018-05-31 15:12:45 - [MESSAGE][PASSED] - All options with index in [9] are selected on object 'Object Repository/DispensaryToCms/Page_Dispensary Store/select_--Select--Adernaline 0.'

2018-05-31 15:12:45 - [TEST_STEP][PASSED] - setText: Text '100' is set on object 'Object Repository/DispensaryToCms/Page_Dispensary Store/input_txttreat'

2018-05-31 15:12:45 - [MESSAGE][PASSED] - Text '100' is set on object 'Object Repository/DispensaryToCms/Page_Dispensary Store/input_txttreat'

2018-05-31 15:12:45 - [TEST_STEP][PASSED] - click: Object: 'Object Repository/DispensaryToCms/Page_Dispensary Store/button_Add' is clicked on

2018-05-31 15:12:45 - [MESSAGE][PASSED] - Object: 'Object Repository/DispensaryToCms/Page_Dispensary Store/button_Add' is clicked on

2018-05-31 15:12:45 - [TEST_STEP][PASSED] - delay: Delayed 1 second(s)

2018-05-31 15:12:46 - [MESSAGE][PASSED] - Delayed 1 second(s)

2018-05-31 15:12:46 - [TEST_STEP][PASSED] - selectOptionByIndex: All options with index in [6] are selected on object 'Object Repository/DispensaryToCms/Page_Dispensary Store/select_--Select--Schedule 1Inj'

2018-05-31 15:12:46 - [MESSAGE][PASSED] - All options with index in [6] are selected on object 'Object Repository/DispensaryToCms/Page_Dispensary Store/select_--Select--Schedule 1Inj'

2018-05-31 15:12:46 - [TEST_STEP][PASSED] - delay: Delayed 1 second(s)

2018-05-31 15:12:47 - [MESSAGE][PASSED] - Delayed 1 second(s)

2018-05-31 15:12:47 - [TEST_STEP][PASSED] - selectOptionByIndex: All options with index in [10] are selected on object 'Object Repository/DispensaryToCms/Page_Dispensary Store/select_--Select--Adernaline 0.'

2018-05-31 15:12:48 - [MESSAGE][PASSED] - All options with index in [10] are selected on object 'Object Repository/DispensaryToCms/Page_Dispensary Store/select_--Select--Adernaline 0.'

2018-05-31 15:12:48 - [TEST_STEP][PASSED] - setText: Text '100' is set on object 'Object Repository/DispensaryToCms/Page_Dispensary Store/input_txttreat'

2018-05-31 15:12:48 - [MESSAGE][PASSED] - Text '100' is set on object 'Object Repository/DispensaryToCms/Page_Dispensary Store/input_txttreat'

2018-05-31 15:12:48 - [TEST_STEP][PASSED] - click: Object: 'Object Repository/DispensaryToCms/Page_Dispensary Store/button_Add' is clicked on

2018-05-31 15:12:48 - [MESSAGE][PASSED] - Object: 'Object Repository/DispensaryToCms/Page_Dispensary Store/button_Add' is clicked on

2018-05-31 15:12:48 - [TEST_STEP][PASSED] - delay: Delayed 1 second(s)

2018-05-31 15:12:49 - [MESSAGE][PASSED] - Delayed 1 second(s)

2018-05-31 15:12:49 - [TEST_STEP][PASSED] - selectOptionByIndex: All options with index in [6] are selected on object 'Object Repository/DispensaryToCms/Page_Dispensary Store/select_--Select--Schedule 1Inj'

2018-05-31 15:12:49 - [MESSAGE][PASSED] - All options with index in [6] are selected on object 'Object Repository/DispensaryToCms/Page_Dispensary Store/select_--Select--Schedule 1Inj'

2018-05-31 15:12:49 - [TEST_STEP][PASSED] - delay: Delayed 1 second(s)

2018-05-31 15:12:50 - [MESSAGE][PASSED] - Delayed 1 second(s)

2018-05-31 15:12:50 - [TEST_STEP][PASSED] - selectOptionByIndex: All options with index in [11] are selected on object 'Object Repository/DispensaryToCms/Page_Dispensary Store/select_--Select--Adernaline 0.'

2018-05-31 15:12:50 - [MESSAGE][PASSED] - All options with index in [11] are selected on object 'Object Repository/DispensaryToCms/Page_Dispensary Store/select_--Select--Adernaline 0.'

2018-05-31 15:12:50 - [TEST_STEP][PASSED] - setText: Text '100' is set on object 'Object Repository/DispensaryToCms/Page_Dispensary Store/input_txttreat'

2018-05-31 15:12:50 - [MESSAGE][PASSED] - Text '100' is set on object 'Object Repository/DispensaryToCms/Page_Dispensary Store/input_txttreat'

2018-05-31 15:12:50 - [TEST_STEP][PASSED] - click: Object: 'Object Repository/DispensaryToCms/Page_Dispensary Store/button_Add' is clicked on

2018-05-31 15:12:50 - [MESSAGE][PASSED] - Object: 'Object Repository/DispensaryToCms/Page_Dispensary Store/button_Add' is clicked on

2018-05-31 15:12:50 - [TEST_STEP][PASSED] - delay: Delayed 1 second(s)

2018-05-31 15:12:51 - [MESSAGE][PASSED] - Delayed 1 second(s)

2018-05-31 15:12:51 - [TEST_STEP][PASSED] - selectOptionByIndex: All options with index in [6] are selected on object 'Object Repository/DispensaryToCms/Page_Dispensary Store/select_--Select--Schedule 1Inj'

2018-05-31 15:12:52 - [MESSAGE][PASSED] - All options with index in [6] are selected on object 'Object Repository/DispensaryToCms/Page_Dispensary Store/select_--Select--Schedule 1Inj'

2018-05-31 15:12:52 - [TEST_STEP][PASSED] - delay: Delayed 1 second(s)

2018-05-31 15:12:53 - [MESSAGE][PASSED] - Delayed 1 second(s)

2018-05-31 15:12:53 - [TEST_STEP][PASSED] - selectOptionByIndex: All options with index in [12] are selected on object 'Object Repository/DispensaryToCms/Page_Dispensary Store/select_--Select--Adernaline 0.'

2018-05-31 15:12:53 - [MESSAGE][PASSED] - All options with index in [12] are selected on object 'Object Repository/DispensaryToCms/Page_Dispensary Store/select_--Select--Adernaline 0.'

2018-05-31 15:12:53 - [TEST_STEP][PASSED] - setText: Text '100' is set on object 'Object Repository/DispensaryToCms/Page_Dispensary Store/input_txttreat'

2018-05-31 15:12:53 - [MESSAGE][PASSED] - Text '100' is set on object 'Object Repository/DispensaryToCms/Page_Dispensary Store/input_txttreat'

2018-05-31 15:12:53 - [TEST_STEP][PASSED] - click: Object: 'Object Repository/DispensaryToCms/Page_Dispensary Store/button_Add' is clicked on

2018-05-31 15:12:53 - [MESSAGE][PASSED] - Object: 'Object Repository/DispensaryToCms/Page_Dispensary Store/button_Add' is clicked on

2018-05-31 15:12:53 - [TEST_STEP][PASSED] - delay: Delayed 1 second(s)

2018-05-31 15:12:54 - [MESSAGE][PASSED] - Delayed 1 second(s)

2018-05-31 15:12:54 - [TEST_STEP][PASSED] - selectOptionByIndex: All options with index in [6] are selected on object 'Object Repository/DispensaryToCms/Page_Dispensary Store/select_--Select--Schedule 1Inj'

2018-05-31 15:12:54 - [MESSAGE][PASSED] - All options with index in [6] are selected on object 'Object Repository/DispensaryToCms/Page_Dispensary Store/select_--Select--Schedule 1Inj'

2018-05-31 15:12:54 - [TEST_STEP][PASSED] - delay: Delayed 1 second(s)

2018-05-31 15:12:55 - [MESSAGE][PASSED] - Delayed 1 second(s)

2018-05-31 15:12:55 - [TEST_STEP][PASSED] - selectOptionByIndex: All options with index in [13] are selected on object 'Object Repository/DispensaryToCms/Page_Dispensary Store/select_--Select--Adernaline 0.'

2018-05-31 15:12:55 - [MESSAGE][PASSED] - All options with index in [13] are selected on object 'Object Repository/DispensaryToCms/Page_Dispensary Store/select_--Select--Adernaline 0.'

2018-05-31 15:12:55 - [TEST_STEP][PASSED] - setText: Text '100' is set on object 'Object Repository/DispensaryToCms/Page_Dispensary Store/input_txttreat'

2018-05-31 15:12:55 - [MESSAGE][PASSED] - Text '100' is set on object 'Object Repository/DispensaryToCms/Page_Dispensary Store/input_txttreat'

2018-05-31 15:12:55 - [TEST_STEP][PASSED] - click: Object: 'Object Repository/DispensaryToCms/Page_Dispensary Store/button_Add' is clicked on

2018-05-31 15:12:56 - [MESSAGE][PASSED] - Object: 'Object Repository/DispensaryToCms/Page_Dispensary Store/button_Add' is clicked on

2018-05-31 15:12:56 - [TEST_STEP][PASSED] - delay: Delayed 1 second(s)

2018-05-31 15:12:57 - [MESSAGE][PASSED] - Delayed 1 second(s)

2018-05-31 15:12:57 - [TEST_STEP][PASSED] - scrollToElement: Scroll to object 'Object Repository/DispensaryToCms/Page_Dispensary Store/input_btnsave' successfully

2018-05-31 15:12:57 - [MESSAGE][PASSED] - Scroll to object 'Object Repository/DispensaryToCms/Page_Dispensary Store/input_btnsave' successfully

2018-05-31 15:12:57 - [TEST_STEP][PASSED] - click: Object: 'Object Repository/DispensaryToCms/Page_Dispensary Store/input_btnsave' is clicked on

2018-05-31 15:12:57 - [MESSAGE][PASSED] - Object: 'Object Repository/DispensaryToCms/Page_Dispensary Store/input_btnsave' is clicked on

2018-05-31 15:12:57 - [TEST_STEP][PASSED] - delay: Delayed 3 second(s)

2018-05-31 15:13:00 - [MESSAGE][PASSED] - Delayed 3 second(s)

2018-05-31 15:13:00 - [TEST_STEP][PASSED] - Statement - RN1 = com.kms.katalon.core.webui.keyword.WebUiBuiltInKeywords.getText(com.kms.katalon.core.testobject.ObjectRepository.findTestObject(DispensaryToCms/Page_Dispensary Store/font_PRNO18052018174)): Text of object 'Object Repository/DispensaryToCms/Page_Dispensary Store/font_PRNO18052018174' is: 'PRNO/31052018/516'

2018-05-31 15:13:00 - [MESSAGE][PASSED] - Text of object 'Object Repository/DispensaryToCms/Page_Dispensary Store/font_PRNO18052018174' is: 'PRNO/31052018/516'

2018-05-31 15:13:00 - [TEST_STEP][PASSED] - Statement - out.println(RN1): null

2018-05-31 15:13:00 - [TEST_STEP][PASSED] - Statement - RID = RN1.split("/")[2]: null

2018-05-31 15:13:00 - [TEST_STEP][PASSED] - click: Object: 'Object Repository/DispensaryToCms/Page_Dispensary Store/button_OK' is clicked on

2018-05-31 15:13:01 - [MESSAGE][PASSED] - Object: 'Object Repository/DispensaryToCms/Page_Dispensary Store/button_OK' is clicked on

2018-05-31 15:13:01 - [TEST_STEP][PASSED] - delay: Delayed 3 second(s)

2018-05-31 15:13:04 - [MESSAGE][PASSED] - Delayed 3 second(s)

2018-05-31 15:13:04 - [TEST_STEP][PASSED] - waitForElementPresent: Object 'Object Repository/DispensaryToCms/Page_Dispensary Store/a_dropdown-toggle' is present

2018-05-31 15:13:04 - [MESSAGE][PASSED] - Object 'Object Repository/DispensaryToCms/Page_Dispensary Store/a_dropdown-toggle' is present

2018-05-31 15:13:04 - [TEST_STEP][PASSED] - click: Object: 'Object Repository/DispensaryToCms/Page_Dispensary Store/a_dropdown-toggle' is clicked on

2018-05-31 15:13:04 - [MESSAGE][PASSED] - Object: 'Object Repository/DispensaryToCms/Page_Dispensary Store/a_dropdown-toggle' is clicked on

2018-05-31 15:13:04 - [TEST_STEP][PASSED] - click: Object: 'Object Repository/DispensaryToCms/Page_Dispensary Store/a_Sign out' is clicked on

2018-05-31 15:13:04 - [MESSAGE][PASSED] - Object: 'Object Repository/DispensaryToCms/Page_Dispensary Store/a_Sign out' is clicked on

2018-05-31 15:13:04 - [TEST_STEP][PASSED] - delay: Delayed 3 second(s)

2018-05-31 15:13:07 - [MESSAGE][PASSED] - Delayed 3 second(s)

2018-05-31 15:13:07 - [TEST_STEP][PASSED] - navigateToUrl: Navigate to 'http://192.168.137.1/multihospital_new/' successfully

2018-05-31 15:13:09 - [MESSAGE][PASSED] - Navigate to 'http://192.168.137.1/multihospital_new/' successfully

2018-05-31 15:13:09 - [TEST_STEP][PASSED] - click: Object: 'Object Repository/DispensaryToCms/Page_KDMC/a_CMO' is clicked on

2018-05-31 15:13:09 - [MESSAGE][PASSED] - Object: 'Object Repository/DispensaryToCms/Page_KDMC/a_CMO' is clicked on

2018-05-31 15:13:09 - [TEST_STEP][PASSED] - setText: Text 'guru' is set on object 'Object Repository/DispensaryToCms/Page_CMO login/input_txtusername'

2018-05-31 15:13:09 - [MESSAGE][PASSED] - Text 'guru' is set on object 'Object Repository/DispensaryToCms/Page_CMO login/input_txtusername'

2018-05-31 15:13:09 - [TEST_STEP][PASSED] - setText: Text '123' is set on object 'Object Repository/DispensaryToCms/Page_CMO login/input_txtpassword'

2018-05-31 15:13:09 - [MESSAGE][PASSED] - Text '123' is set on object 'Object Repository/DispensaryToCms/Page_CMO login/input_txtpassword'

2018-05-31 15:13:09 - [TEST_STEP][PASSED] - delay: Delayed 3 second(s)

2018-05-31 15:13:12 - [MESSAGE][PASSED] - Delayed 3 second(s)

2018-05-31 15:13:12 - [TEST_STEP][PASSED] - click: Object: 'Object Repository/DispensaryToCms/Page_CMO login/button_Sign in' is clicked on

2018-05-31 15:13:14 - [MESSAGE][PASSED] - Object: 'Object Repository/DispensaryToCms/Page_CMO login/button_Sign in' is clicked on

2018-05-31 15:13:14 - [TEST_STEP][PASSED] - delay: Delayed 3 second(s)

2018-05-31 15:13:17 - [MESSAGE][PASSED] - Delayed 3 second(s)

2018-05-31 15:13:17 - [TEST_STEP][PASSED] - click: Object: 'Object Repository/DispensaryToCms/Page_KDMC - CMO/a_CMS Request' is clicked on

2018-05-31 15:13:17 - [MESSAGE][PASSED] - Object: 'Object Repository/DispensaryToCms/Page_KDMC - CMO/a_CMS Request' is clicked on

2018-05-31 15:13:17 - [TEST_STEP][PASSED] - delay: Delayed 2 second(s)

2018-05-31 15:13:19 - [MESSAGE][PASSED] - Delayed 2 second(s)

2018-05-31 15:13:19 - [TEST_STEP][PASSED] - click: Object: 'Object Repository/DispensaryToCms/Page_KDMC - CMO/a_Dispensary Store Request' is clicked on

2018-05-31 15:13:19 - [MESSAGE][PASSED] - Object: 'Object Repository/DispensaryToCms/Page_KDMC - CMO/a_Dispensary Store Request' is clicked on

2018-05-31 15:13:19 - [TEST_STEP][PASSED] - selectOptionByIndex: All options with index in [1] are selected on object 'Object Repository/DispensaryToCms/Page_KDMC - CMO/select_--ALL--'

2018-05-31 15:13:20 - [MESSAGE][PASSED] - All options with index in [1] are selected on object 'Object Repository/DispensaryToCms/Page_KDMC - CMO/select_--ALL--'

2018-05-31 15:13:20 - [TEST_STEP][PASSED] - click: Object: 'Object Repository/DispensaryToCms/Page_KDMC - CMO/input_btnsearch' is clicked on

2018-05-31 15:13:20 - [MESSAGE][PASSED] - Object: 'Object Repository/DispensaryToCms/Page_KDMC - CMO/input_btnsearch' is clicked on

2018-05-31 15:13:20 - [TEST_STEP][PASSED] - Statement - ID = com.kms.katalon.core.webui.keyword.WebUiBuiltInKeywords.modifyObjectProperty(com.kms.katalon.core.testobject.ObjectRepository.findTestObject(lab/Page_KDMC - CMO/input_1), "xpath", "equals", "//*[@id=" + RID + "]", true): Modify property of object successfully

2018-05-31 15:13:20 - [MESSAGE][PASSED] - Modify property of object successfully

2018-05-31 15:13:20 - [TEST_STEP][PASSED] - click: Object: 'Object Repository/lab/Page_KDMC - CMO/input_1' is clicked on

2018-05-31 15:13:20 - [MESSAGE][PASSED] - Object: 'Object Repository/lab/Page_KDMC - CMO/input_1' is clicked on

2018-05-31 15:13:20 - [TEST_STEP][PASSED] - delay: Delayed 2 second(s)

2018-05-31 15:13:22 - [MESSAGE][PASSED] - Delayed 2 second(s)

2018-05-31 15:13:22 - [TEST_STEP][PASSED] - selectOptionByIndex: All options with index in [1] are selected on object 'Object Repository/DispensaryToCms/Page_KDMC - CMO/select_--Select--'

2018-05-31 15:13:22 - [MESSAGE][PASSED] - All options with index in [1] are selected on object 'Object Repository/DispensaryToCms/Page_KDMC - CMO/select_--Select--'

2018-05-31 15:13:22 - [TEST_STEP][PASSED] - click: Object: 'Object Repository/DispensaryToCms/Page_KDMC - CMO/input_btnupdate' is clicked on

2018-05-31 15:13:22 - [MESSAGE][PASSED] - Object: 'Object Repository/DispensaryToCms/Page_KDMC - CMO/input_btnupdate' is clicked on

2018-05-31 15:13:22 - [TEST_STEP][PASSED] - delay: Delayed 2 second(s)

2018-05-31 15:13:24 - [MESSAGE][PASSED] - Delayed 2 second(s)

2018-05-31 15:13:24 - [TEST_STEP][PASSED] - click: Object: 'Object Repository/DispensaryToCms/Page_KDMC - CMO/button_OK' is clicked on

2018-05-31 15:13:25 - [MESSAGE][PASSED] - Object: 'Object Repository/DispensaryToCms/Page_KDMC - CMO/button_OK' is clicked on

2018-05-31 15:13:25 - [TEST_STEP][PASSED] - delay: Delayed 3 second(s)

2018-05-31 15:13:28 - [MESSAGE][PASSED] - Delayed 3 second(s)

2018-05-31 15:13:28 - [TEST_STEP][PASSED] - click: Object: 'Object Repository/DispensaryToCms/Page_KDMC - CMO/a_dropdown-toggle' is clicked on

2018-05-31 15:13:28 - [MESSAGE][PASSED] - Object: 'Object Repository/DispensaryToCms/Page_KDMC - CMO/a_dropdown-toggle' is clicked on

2018-05-31 15:13:28 - [TEST_STEP][PASSED] - click: Object: 'Object Repository/DispensaryToCms/Page_KDMC - CMO/a_Sign out' is clicked on

2018-05-31 15:13:28 - [MESSAGE][PASSED] - Object: 'Object Repository/DispensaryToCms/Page_KDMC - CMO/a_Sign out' is clicked on

2018-05-31 15:13:28 - [TEST_STEP][PASSED] - delay: Delayed 3 second(s)

2018-05-31 15:13:31 - [MESSAGE][PASSED] - Delayed 3 second(s)

2018-05-31 15:13:31 - [TEST_STEP][PASSED] - click: Object: 'Object Repository/DispensaryToCms/Page_KDMC/a_CMS' is clicked on

2018-05-31 15:13:32 - [MESSAGE][PASSED] - Object: 'Object Repository/DispensaryToCms/Page_KDMC/a_CMS' is clicked on

2018-05-31 15:13:32 - [TEST_STEP][PASSED] - setText: Text 'bala' is set on object 'Object Repository/DispensaryToCms/Page_CMS login/input_txtusername'

2018-05-31 15:13:32 - [MESSAGE][PASSED] - Text 'bala' is set on object 'Object Repository/DispensaryToCms/Page_CMS login/input_txtusername'

2018-05-31 15:13:32 - [TEST_STEP][PASSED] - setText: Text '123' is set on object 'Object Repository/DispensaryToCms/Page_CMS login/input_txtpassword'

2018-05-31 15:13:32 - [MESSAGE][PASSED] - Text '123' is set on object 'Object Repository/DispensaryToCms/Page_CMS login/input_txtpassword'

2018-05-31 15:13:32 - [TEST_STEP][PASSED] - delay: Delayed 3 second(s)

2018-05-31 15:13:35 - [MESSAGE][PASSED] - Delayed 3 second(s)

2018-05-31 15:13:35 - [TEST_STEP][PASSED] - click: Object: 'Object Repository/DispensaryToCms/Page_CMS login/button_Sign in' is clicked on

2018-05-31 15:13:36 - [MESSAGE][PASSED] - Object: 'Object Repository/DispensaryToCms/Page_CMS login/button_Sign in' is clicked on

2018-05-31 15:13:36 - [TEST_STEP][PASSED] - delay: Delayed 3 second(s)

2018-05-31 15:13:39 - [MESSAGE][PASSED] - Delayed 3 second(s)

2018-05-31 15:13:39 - [TEST_STEP][PASSED] - click: Object: 'Object Repository/DispensaryToCms/Page_KDMC - CMS/a_Divisional Store' is clicked on

2018-05-31 15:13:39 - [MESSAGE][PASSED] - Object: 'Object Repository/DispensaryToCms/Page_KDMC - CMS/a_Divisional Store' is clicked on

2018-05-31 15:13:39 - [TEST_STEP][PASSED] - delay: Delayed 2 second(s)

2018-05-31 15:13:41 - [MESSAGE][PASSED] - Delayed 2 second(s)

2018-05-31 15:13:41 - [TEST_STEP][PASSED] - click: Object: 'Object Repository/DispensaryToCms/Page_KDMC - CMS/a_Dispatch Items' is clicked on

2018-05-31 15:13:42 - [MESSAGE][PASSED] - Object: 'Object Repository/DispensaryToCms/Page_KDMC - CMS/a_Dispatch Items' is clicked on

2018-05-31 15:13:42 - [TEST_STEP][PASSED] - delay: Delayed 2 second(s)

2018-05-31 15:13:44 - [MESSAGE][PASSED] - Delayed 2 second(s)

2018-05-31 15:13:44 - [TEST_STEP][PASSED] - setText: Text 'PRNO/31052018/516' is set on object 'Object Repository/DispensaryToCms/Page_KDMC - CMS/input'

2018-05-31 15:13:44 - [MESSAGE][PASSED] - Text 'PRNO/31052018/516' is set on object 'Object Repository/DispensaryToCms/Page_KDMC - CMS/input'

2018-05-31 15:13:44 - [TEST_STEP][PASSED] - delay: Delayed 1 second(s)

2018-05-31 15:13:45 - [MESSAGE][PASSED] - Delayed 1 second(s)

2018-05-31 15:13:45 - [TEST_STEP][PASSED] - click: Object: 'Object Repository/DispensaryToCms/Page_KDMC - CMS/input_PRNO18052018174' is clicked on

2018-05-31 15:13:45 - [MESSAGE][PASSED] - Object: 'Object Repository/DispensaryToCms/Page_KDMC - CMS/input_PRNO18052018174' is clicked on

2018-05-31 15:13:45 - [TEST_STEP][PASSED] - delay: Delayed 3 second(s)

2018-05-31 15:13:48 - [MESSAGE][PASSED] - Delayed 3 second(s)

2018-05-31 15:13:48 - [TEST_STEP][PASSED] - Statement - out.println("Length : " + medicineslength): null

2018-05-31 15:13:48 - [TEST_STEP][PASSED] - Statement - For ([row = 0, row < medicineslength - 1, (row++)]): null

2018-05-31 15:13:48 - [TEST_STEP][PASSED] - Statement - batchlength = new com.kms.katalon.core.testobject.TestObject(): null

2018-05-31 15:13:48 - [TEST_STEP][PASSED] - Statement - batchlength = com.kms.katalon.core.webui.keyword.WebUiBuiltInKeywords.modifyObjectProperty(batchlength, "xpath", "equals", "//*[@id = "fldvendor" + row + ""]", true): Modify property of object successfully

2018-05-31 15:13:48 - [MESSAGE][PASSED] - Modify property of object successfully

2018-05-31 15:13:48 - [TEST_STEP][PASSED] - Statement - batchsize = com.kms.katalon.core.webui.keyword.WebUiBuiltInKeywords.getNumberOfTotalOption(batchlength): 10 options of object '' counted

2018-05-31 15:13:48 - [MESSAGE][PASSED] - 10 options of object '' counted

2018-05-31 15:13:48 - [TEST_STEP][PASSED] - Statement - out.println("BatchSize : " + batchsize): null

2018-05-31 15:13:48 - [TEST_STEP][PASSED] - Statement - For ([n = 1, n <= batchsize - 1, (n++)]): null

2018-05-31 15:13:48 - [TEST_STEP][PASSED] - Statement - product = new com.kms.katalon.core.testobject.TestObject(): null

2018-05-31 15:13:48 - [TEST_STEP][PASSED] - Statement - product = com.kms.katalon.core.webui.keyword.WebUiBuiltInKeywords.modifyObjectProperty(product, "xpath", "equals", "//*[@id = "fldvendor" + row + ""]", true): Modify property of object successfully

2018-05-31 15:13:48 - [MESSAGE][PASSED] - Modify property of object successfully

2018-05-31 15:13:48 - [TEST_STEP][PASSED] - selectOptionByIndex: All options with index in [1] are selected on object ''

2018-05-31 15:13:48 - [MESSAGE][PASSED] - All options with index in [1] are selected on object ''

2018-05-31 15:13:48 - [TEST_STEP][PASSED] - Statement - batch = new com.kms.katalon.core.testobject.TestObject(): null

2018-05-31 15:13:48 - [TEST_STEP][PASSED] - Statement - batch = com.kms.katalon.core.webui.keyword.WebUiBuiltInKeywords.modifyObjectProperty(batch, "xpath", "equals", "//*[@id = "txtbthqty" + row + ""]", true): Modify property of object successfully

2018-05-31 15:13:48 - [MESSAGE][PASSED] - Modify property of object successfully

2018-05-31 15:13:48 - [TEST_STEP][PASSED] - Statement - batchqty = com.kms.katalon.core.webui.keyword.WebUiBuiltInKeywords.getAttribute(batch, "value").trim(): Attribute 'value' of object '' is: '38000'

2018-05-31 15:13:48 - [MESSAGE][PASSED] - Attribute 'value' of object '' is: '38000'

2018-05-31 15:13:48 - [TEST_STEP][PASSED] - Statement - Rqty = 100: null

2018-05-31 15:13:48 - [TEST_STEP][PASSED] - delay: Delayed 2 second(s)

2018-05-31 15:13:50 - [MESSAGE][PASSED] - Delayed 2 second(s)

2018-05-31 15:13:50 - [TEST_STEP][PASSED] - Statement - out.println("BatchQty : " + batchqty): null

2018-05-31 15:13:50 - [TEST_STEP][PASSED] - Statement - out.println("RQty : " + Rqty): null

2018-05-31 15:13:50 - [TEST_STEP][PASSED] - Statement - If (java.lang.Integer.valueOf(batchqty) >= java.lang.Integer.valueOf(Rqty)): null

2018-05-31 15:13:50 - [TEST_STEP][PASSED] - Statement - Break: null

2018-05-31 15:13:50 - [TEST_STEP][PASSED] - Statement - batchlength = new com.kms.katalon.core.testobject.TestObject(): null

2018-05-31 15:13:50 - [TEST_STEP][PASSED] - Statement - batchlength = com.kms.katalon.core.webui.keyword.WebUiBuiltInKeywords.modifyObjectProperty(batchlength, "xpath", "equals", "//*[@id = "fldvendor" + row + ""]", true): Modify property of object successfully

2018-05-31 15:13:50 - [MESSAGE][PASSED] - Modify property of object successfully

2018-05-31 15:13:50 - [TEST_STEP][PASSED] - Statement - batchsize = com.kms.katalon.core.webui.keyword.WebUiBuiltInKeywords.getNumberOfTotalOption(batchlength): 10 options of object '' counted

2018-05-31 15:13:50 - [MESSAGE][PASSED] - 10 options of object '' counted

2018-05-31 15:13:50 - [TEST_STEP][PASSED] - Statement - out.println("BatchSize : " + batchsize): null

2018-05-31 15:13:50 - [TEST_STEP][PASSED] - Statement - For ([n = 1, n <= batchsize - 1, (n++)]): null

2018-05-31 15:13:50 - [TEST_STEP][PASSED] - Statement - product = new com.kms.katalon.core.testobject.TestObject(): null

2018-05-31 15:13:50 - [TEST_STEP][PASSED] - Statement - product = com.kms.katalon.core.webui.keyword.WebUiBuiltInKeywords.modifyObjectProperty(product, "xpath", "equals", "//*[@id = "fldvendor" + row + ""]", true): Modify property of object successfully

2018-05-31 15:13:50 - [MESSAGE][PASSED] - Modify property of object successfully

2018-05-31 15:13:50 - [TEST_STEP][PASSED] - selectOptionByIndex: All options with index in [1] are selected on object ''

2018-05-31 15:13:51 - [MESSAGE][PASSED] - All options with index in [1] are selected on object ''

2018-05-31 15:13:51 - [TEST_STEP][PASSED] - Statement - batch = new com.kms.katalon.core.testobject.TestObject(): null

2018-05-31 15:13:51 - [TEST_STEP][PASSED] - Statement - batch = com.kms.katalon.core.webui.keyword.WebUiBuiltInKeywords.modifyObjectProperty(batch, "xpath", "equals", "//*[@id = "txtbthqty" + row + ""]", true): Modify property of object successfully

2018-05-31 15:13:51 - [MESSAGE][PASSED] - Modify property of object successfully

2018-05-31 15:13:51 - [TEST_STEP][PASSED] - Statement - batchqty = com.kms.katalon.core.webui.keyword.WebUiBuiltInKeywords.getAttribute(batch, "value").trim(): Attribute 'value' of object '' is: '4500'

2018-05-31 15:13:51 - [MESSAGE][PASSED] - Attribute 'value' of object '' is: '4500'

2018-05-31 15:13:51 - [TEST_STEP][PASSED] - Statement - Rqty = 100: null

2018-05-31 15:13:51 - [TEST_STEP][PASSED] - delay: Delayed 2 second(s)

2018-05-31 15:13:53 - [MESSAGE][PASSED] - Delayed 2 second(s)

2018-05-31 15:13:53 - [TEST_STEP][PASSED] - Statement - out.println("BatchQty : " + batchqty): null

2018-05-31 15:13:53 - [TEST_STEP][PASSED] - Statement - out.println("RQty : " + Rqty): null

2018-05-31 15:13:53 - [TEST_STEP][PASSED] - Statement - If (java.lang.Integer.valueOf(batchqty) >= java.lang.Integer.valueOf(Rqty)): null

2018-05-31 15:13:53 - [TEST_STEP][PASSED] - Statement - Break: null

2018-05-31 15:13:53 - [TEST_STEP][PASSED] - Statement - batchlength = new com.kms.katalon.core.testobject.TestObject(): null

2018-05-31 15:13:53 - [TEST_STEP][PASSED] - Statement - batchlength = com.kms.katalon.core.webui.keyword.WebUiBuiltInKeywords.modifyObjectProperty(batchlength, "xpath", "equals", "//*[@id = "fldvendor" + row + ""]", true): Modify property of object successfully

2018-05-31 15:13:53 - [MESSAGE][PASSED] - Modify property of object successfully

2018-05-31 15:13:53 - [TEST_STEP][PASSED] - Statement - batchsize = com.kms.katalon.core.webui.keyword.WebUiBuiltInKeywords.getNumberOfTotalOption(batchlength): 10 options of object '' counted

2018-05-31 15:13:53 - [MESSAGE][PASSED] - 10 options of object '' counted

2018-05-31 15:13:53 - [TEST_STEP][PASSED] - Statement - out.println("BatchSize : " + batchsize): null

2018-05-31 15:13:53 - [TEST_STEP][PASSED] - Statement - For ([n = 1, n <= batchsize - 1, (n++)]): null

2018-05-31 15:13:53 - [TEST_STEP][PASSED] - Statement - product = new com.kms.katalon.core.testobject.TestObject(): null

2018-05-31 15:13:53 - [TEST_STEP][PASSED] - Statement - product = com.kms.katalon.core.webui.keyword.WebUiBuiltInKeywords.modifyObjectProperty(product, "xpath", "equals", "//*[@id = "fldvendor" + row + ""]", true): Modify property of object successfully

2018-05-31 15:13:53 - [MESSAGE][PASSED] - Modify property of object successfully

2018-05-31 15:13:53 - [TEST_STEP][PASSED] - selectOptionByIndex: All options with index in [1] are selected on object ''

2018-05-31 15:13:53 - [MESSAGE][PASSED] - All options with index in [1] are selected on object ''

2018-05-31 15:13:53 - [TEST_STEP][PASSED] - Statement - batch = new com.kms.katalon.core.testobject.TestObject(): null

2018-05-31 15:13:53 - [TEST_STEP][PASSED] - Statement - batch = com.kms.katalon.core.webui.keyword.WebUiBuiltInKeywords.modifyObjectProperty(batch, "xpath", "equals", "//*[@id = "txtbthqty" + row + ""]", true): Modify property of object successfully

2018-05-31 15:13:53 - [MESSAGE][PASSED] - Modify property of object successfully

2018-05-31 15:13:53 - [TEST_STEP][PASSED] - Statement - batchqty = com.kms.katalon.core.webui.keyword.WebUiBuiltInKeywords.getAttribute(batch, "value").trim(): Attribute 'value' of object '' is: '2900'

2018-05-31 15:13:53 - [MESSAGE][PASSED] - Attribute 'value' of object '' is: '2900'

2018-05-31 15:13:53 - [TEST_STEP][PASSED] - Statement - Rqty = 100: null

2018-05-31 15:13:53 - [TEST_STEP][PASSED] - delay: Delayed 2 second(s)

2018-05-31 15:13:55 - [MESSAGE][PASSED] - Delayed 2 second(s)

2018-05-31 15:13:55 - [TEST_STEP][PASSED] - Statement - out.println("BatchQty : " + batchqty): null

2018-05-31 15:13:55 - [TEST_STEP][PASSED] - Statement - out.println("RQty : " + Rqty): null

2018-05-31 15:13:55 - [TEST_STEP][PASSED] - Statement - If (java.lang.Integer.valueOf(batchqty) >= java.lang.Integer.valueOf(Rqty)): null

2018-05-31 15:13:55 - [TEST_STEP][PASSED] - Statement - Break: null

2018-05-31 15:13:55 - [TEST_STEP][PASSED] - Statement - batchlength = new com.kms.katalon.core.testobject.TestObject(): null

2018-05-31 15:13:55 - [TEST_STEP][PASSED] - Statement - batchlength = com.kms.katalon.core.webui.keyword.WebUiBuiltInKeywords.modifyObjectProperty(batchlength, "xpath", "equals", "//*[@id = "fldvendor" + row + ""]", true): Modify property of object successfully

2018-05-31 15:13:55 - [MESSAGE][PASSED] - Modify property of object successfully

2018-05-31 15:13:55 - [TEST_STEP][PASSED] - Statement - batchsize = com.kms.katalon.core.webui.keyword.WebUiBuiltInKeywords.getNumberOfTotalOption(batchlength): 9 options of object '' counted

2018-05-31 15:13:55 - [MESSAGE][PASSED] - 9 options of object '' counted

2018-05-31 15:13:55 - [TEST_STEP][PASSED] - Statement - out.println("BatchSize : " + batchsize): null

2018-05-31 15:13:55 - [TEST_STEP][PASSED] - Statement - For ([n = 1, n <= batchsize - 1, (n++)]): null

2018-05-31 15:13:55 - [TEST_STEP][PASSED] - Statement - product = new com.kms.katalon.core.testobject.TestObject(): null

2018-05-31 15:13:55 - [TEST_STEP][PASSED] - Statement - product = com.kms.katalon.core.webui.keyword.WebUiBuiltInKeywords.modifyObjectProperty(product, "xpath", "equals", "//*[@id = "fldvendor" + row + ""]", true): Modify property of object successfully

2018-05-31 15:13:55 - [MESSAGE][PASSED] - Modify property of object successfully

2018-05-31 15:13:55 - [TEST_STEP][PASSED] - selectOptionByIndex: All options with index in [1] are selected on object ''

2018-05-31 15:13:55 - [MESSAGE][PASSED] - All options with index in [1] are selected on object ''

2018-05-31 15:13:55 - [TEST_STEP][PASSED] - Statement - batch = new com.kms.katalon.core.testobject.TestObject(): null

2018-05-31 15:13:55 - [TEST_STEP][PASSED] - Statement - batch = com.kms.katalon.core.webui.keyword.WebUiBuiltInKeywords.modifyObjectProperty(batch, "xpath", "equals", "//*[@id = "txtbthqty" + row + ""]", true): Modify property of object successfully

2018-05-31 15:13:55 - [MESSAGE][PASSED] - Modify property of object successfully

2018-05-31 15:13:55 - [TEST_STEP][PASSED] - Statement - batchqty = com.kms.katalon.core.webui.keyword.WebUiBuiltInKeywords.getAttribute(batch, "value").trim(): Attribute 'value' of object '' is: '3100'

2018-05-31 15:13:55 - [MESSAGE][PASSED] - Attribute 'value' of object '' is: '3100'

2018-05-31 15:13:55 - [TEST_STEP][PASSED] - Statement - Rqty = 100: null

2018-05-31 15:13:55 - [TEST_STEP][PASSED] - delay: Delayed 2 second(s)

2018-05-31 15:13:57 - [MESSAGE][PASSED] - Delayed 2 second(s)

2018-05-31 15:13:57 - [TEST_STEP][PASSED] - Statement - out.println("BatchQty : " + batchqty): null

2018-05-31 15:13:57 - [TEST_STEP][PASSED] - Statement - out.println("RQty : " + Rqty): null

2018-05-31 15:13:57 - [TEST_STEP][PASSED] - Statement - If (java.lang.Integer.valueOf(batchqty) >= java.lang.Integer.valueOf(Rqty)): null

2018-05-31 15:13:57 - [TEST_STEP][PASSED] - Statement - Break: null

2018-05-31 15:13:57 - [TEST_STEP][PASSED] - Statement - batchlength = new com.kms.katalon.core.testobject.TestObject(): null

2018-05-31 15:13:57 - [TEST_STEP][PASSED] - Statement - batchlength = com.kms.katalon.core.webui.keyword.WebUiBuiltInKeywords.modifyObjectProperty(batchlength, "xpath", "equals", "//*[@id = "fldvendor" + row + ""]", true): Modify property of object successfully

2018-05-31 15:13:57 - [MESSAGE][PASSED] - Modify property of object successfully

2018-05-31 15:13:57 - [TEST_STEP][PASSED] - Statement - batchsize = com.kms.katalon.core.webui.keyword.WebUiBuiltInKeywords.getNumberOfTotalOption(batchlength): 10 options of object '' counted

2018-05-31 15:13:57 - [MESSAGE][PASSED] - 10 options of object '' counted

2018-05-31 15:13:57 - [TEST_STEP][PASSED] - Statement - out.println("BatchSize : " + batchsize): null

2018-05-31 15:13:57 - [TEST_STEP][PASSED] - Statement - For ([n = 1, n <= batchsize - 1, (n++)]): null

2018-05-31 15:13:57 - [TEST_STEP][PASSED] - Statement - product = new com.kms.katalon.core.testobject.TestObject(): null

2018-05-31 15:13:57 - [TEST_STEP][PASSED] - Statement - product = com.kms.katalon.core.webui.keyword.WebUiBuiltInKeywords.modifyObjectProperty(product, "xpath", "equals", "//*[@id = "fldvendor" + row + ""]", true): Modify property of object successfully

2018-05-31 15:13:57 - [MESSAGE][PASSED] - Modify property of object successfully

2018-05-31 15:13:57 - [TEST_STEP][PASSED] - selectOptionByIndex: All options with index in [1] are selected on object ''

2018-05-31 15:13:57 - [MESSAGE][PASSED] - All options with index in [1] are selected on object ''

2018-05-31 15:13:57 - [TEST_STEP][PASSED] - Statement - batch = new com.kms.katalon.core.testobject.TestObject(): null

2018-05-31 15:13:57 - [TEST_STEP][PASSED] - Statement - batch = com.kms.katalon.core.webui.keyword.WebUiBuiltInKeywords.modifyObjectProperty(batch, "xpath", "equals", "//*[@id = "txtbthqty" + row + ""]", true): Modify property of object successfully

2018-05-31 15:13:57 - [MESSAGE][PASSED] - Modify property of object successfully

2018-05-31 15:13:57 - [TEST_STEP][PASSED] - Statement - batchqty = com.kms.katalon.core.webui.keyword.WebUiBuiltInKeywords.getAttribute(batch, "value").trim(): Attribute 'value' of object '' is: '3000'

2018-05-31 15:13:57 - [MESSAGE][PASSED] - Attribute 'value' of object '' is: '3000'

2018-05-31 15:13:57 - [TEST_STEP][PASSED] - Statement - Rqty = 100: null

2018-05-31 15:13:57 - [TEST_STEP][PASSED] - delay: Delayed 2 second(s)

2018-05-31 15:13:59 - [MESSAGE][PASSED] - Delayed 2 second(s)

2018-05-31 15:13:59 - [TEST_STEP][PASSED] - Statement - out.println("BatchQty : " + batchqty): null

2018-05-31 15:13:59 - [TEST_STEP][PASSED] - Statement - out.println("RQty : " + Rqty): null

2018-05-31 15:13:59 - [TEST_STEP][PASSED] - Statement - If (java.lang.Integer.valueOf(batchqty) >= java.lang.Integer.valueOf(Rqty)): null

2018-05-31 15:13:59 - [TEST_STEP][PASSED] - Statement - Break: null

2018-05-31 15:13:59 - [TEST_STEP][PASSED] - Statement - batchlength = new com.kms.katalon.core.testobject.TestObject(): null

2018-05-31 15:13:59 - [TEST_STEP][PASSED] - Statement - batchlength = com.kms.katalon.core.webui.keyword.WebUiBuiltInKeywords.modifyObjectProperty(batchlength, "xpath", "equals", "//*[@id = "fldvendor" + row + ""]", true): Modify property of object successfully

2018-05-31 15:13:59 - [MESSAGE][PASSED] - Modify property of object successfully

2018-05-31 15:13:59 - [TEST_STEP][PASSED] - Statement - batchsize = com.kms.katalon.core.webui.keyword.WebUiBuiltInKeywords.getNumberOfTotalOption(batchlength): 10 options of object '' counted

2018-05-31 15:13:59 - [MESSAGE][PASSED] - 10 options of object '' counted

2018-05-31 15:13:59 - [TEST_STEP][PASSED] - Statement - out.println("BatchSize : " + batchsize): null

2018-05-31 15:13:59 - [TEST_STEP][PASSED] - Statement - For ([n = 1, n <= batchsize - 1, (n++)]): null

2018-05-31 15:13:59 - [TEST_STEP][PASSED] - Statement - product = new com.kms.katalon.core.testobject.TestObject(): null

2018-05-31 15:13:59 - [TEST_STEP][PASSED] - Statement - product = com.kms.katalon.core.webui.keyword.WebUiBuiltInKeywords.modifyObjectProperty(product, "xpath", "equals", "//*[@id = "fldvendor" + row + ""]", true): Modify property of object successfully

2018-05-31 15:13:59 - [MESSAGE][PASSED] - Modify property of object successfully

2018-05-31 15:13:59 - [TEST_STEP][PASSED] - selectOptionByIndex: All options with index in [1] are selected on object ''

2018-05-31 15:14:00 - [MESSAGE][PASSED] - All options with index in [1] are selected on object ''

2018-05-31 15:14:00 - [TEST_STEP][PASSED] - Statement - batch = new com.kms.katalon.core.testobject.TestObject(): null

2018-05-31 15:14:00 - [TEST_STEP][PASSED] - Statement - batch = com.kms.katalon.core.webui.keyword.WebUiBuiltInKeywords.modifyObjectProperty(batch, "xpath", "equals", "//*[@id = "txtbthqty" + row + ""]", true): Modify property of object successfully

2018-05-31 15:14:00 - [MESSAGE][PASSED] - Modify property of object successfully

2018-05-31 15:14:00 - [TEST_STEP][PASSED] - Statement - batchqty = com.kms.katalon.core.webui.keyword.WebUiBuiltInKeywords.getAttribute(batch, "value").trim(): Attribute 'value' of object '' is: '3100'

2018-05-31 15:14:00 - [MESSAGE][PASSED] - Attribute 'value' of object '' is: '3100'

2018-05-31 15:14:00 - [TEST_STEP][PASSED] - Statement - Rqty = 100: null

2018-05-31 15:14:00 - [TEST_STEP][PASSED] - delay: Delayed 2 second(s)

2018-05-31 15:14:02 - [MESSAGE][PASSED] - Delayed 2 second(s)

2018-05-31 15:14:02 - [TEST_STEP][PASSED] - Statement - out.println("BatchQty : " + batchqty): null

2018-05-31 15:14:02 - [TEST_STEP][PASSED] - Statement - out.println("RQty : " + Rqty): null

2018-05-31 15:14:02 - [TEST_STEP][PASSED] - Statement - If (java.lang.Integer.valueOf(batchqty) >= java.lang.Integer.valueOf(Rqty)): null

2018-05-31 15:14:02 - [TEST_STEP][PASSED] - Statement - Break: null

2018-05-31 15:14:02 - [TEST_STEP][PASSED] - Statement - batchlength = new com.kms.katalon.core.testobject.TestObject(): null

2018-05-31 15:14:02 - [TEST_STEP][PASSED] - Statement - batchlength = com.kms.katalon.core.webui.keyword.WebUiBuiltInKeywords.modifyObjectProperty(batchlength, "xpath", "equals", "//*[@id = "fldvendor" + row + ""]", true): Modify property of object successfully

2018-05-31 15:14:02 - [MESSAGE][PASSED] - Modify property of object successfully

2018-05-31 15:14:02 - [TEST_STEP][PASSED] - Statement - batchsize = com.kms.katalon.core.webui.keyword.WebUiBuiltInKeywords.getNumberOfTotalOption(batchlength): 10 options of object '' counted

2018-05-31 15:14:02 - [MESSAGE][PASSED] - 10 options of object '' counted

2018-05-31 15:14:02 - [TEST_STEP][PASSED] - Statement - out.println("BatchSize : " + batchsize): null

2018-05-31 15:14:02 - [TEST_STEP][PASSED] - Statement - For ([n = 1, n <= batchsize - 1, (n++)]): null

2018-05-31 15:14:02 - [TEST_STEP][PASSED] - Statement - product = new com.kms.katalon.core.testobject.TestObject(): null

2018-05-31 15:14:02 - [TEST_STEP][PASSED] - Statement - product = com.kms.katalon.core.webui.keyword.WebUiBuiltInKeywords.modifyObjectProperty(product, "xpath", "equals", "//*[@id = "fldvendor" + row + ""]", true): Modify property of object successfully

2018-05-31 15:14:02 - [MESSAGE][PASSED] - Modify property of object successfully

2018-05-31 15:14:02 - [TEST_STEP][PASSED] - selectOptionByIndex: All options with index in [1] are selected on object ''

2018-05-31 15:14:02 - [MESSAGE][PASSED] - All options with index in [1] are selected on object ''

2018-05-31 15:14:02 - [TEST_STEP][PASSED] - Statement - batch = new com.kms.katalon.core.testobject.TestObject(): null

2018-05-31 15:14:02 - [TEST_STEP][PASSED] - Statement - batch = com.kms.katalon.core.webui.keyword.WebUiBuiltInKeywords.modifyObjectProperty(batch, "xpath", "equals", "//*[@id = "txtbthqty" + row + ""]", true): Modify property of object successfully

2018-05-31 15:14:02 - [MESSAGE][PASSED] - Modify property of object successfully

2018-05-31 15:14:02 - [TEST_STEP][PASSED] - Statement - batchqty = com.kms.katalon.core.webui.keyword.WebUiBuiltInKeywords.getAttribute(batch, "value").trim(): Attribute 'value' of object '' is: '4800'

2018-05-31 15:14:02 - [MESSAGE][PASSED] - Attribute 'value' of object '' is: '4800'

2018-05-31 15:14:02 - [TEST_STEP][PASSED] - Statement - Rqty = 100: null

2018-05-31 15:14:02 - [TEST_STEP][PASSED] - delay: Delayed 2 second(s)

2018-05-31 15:14:04 - [MESSAGE][PASSED] - Delayed 2 second(s)

2018-05-31 15:14:04 - [TEST_STEP][PASSED] - Statement - out.println("BatchQty : " + batchqty): null

2018-05-31 15:14:04 - [TEST_STEP][PASSED] - Statement - out.println("RQty : " + Rqty): null

2018-05-31 15:14:04 - [TEST_STEP][PASSED] - Statement - If (java.lang.Integer.valueOf(batchqty) >= java.lang.Integer.valueOf(Rqty)): null

2018-05-31 15:14:04 - [TEST_STEP][PASSED] - Statement - Break: null

2018-05-31 15:14:04 - [TEST_STEP][PASSED] - Statement - batchlength = new com.kms.katalon.core.testobject.TestObject(): null

2018-05-31 15:14:04 - [TEST_STEP][PASSED] - Statement - batchlength = com.kms.katalon.core.webui.keyword.WebUiBuiltInKeywords.modifyObjectProperty(batchlength, "xpath", "equals", "//*[@id = "fldvendor" + row + ""]", true): Modify property of object successfully

2018-05-31 15:14:04 - [MESSAGE][PASSED] - Modify property of object successfully

2018-05-31 15:14:04 - [TEST_STEP][PASSED] - Statement - batchsize = com.kms.katalon.core.webui.keyword.WebUiBuiltInKeywords.getNumberOfTotalOption(batchlength): 9 options of object '' counted

2018-05-31 15:14:04 - [MESSAGE][PASSED] - 9 options of object '' counted

2018-05-31 15:14:04 - [TEST_STEP][PASSED] - Statement - out.println("BatchSize : " + batchsize): null

2018-05-31 15:14:04 - [TEST_STEP][PASSED] - Statement - For ([n = 1, n <= batchsize - 1, (n++)]): null

2018-05-31 15:14:04 - [TEST_STEP][PASSED] - Statement - product = new com.kms.katalon.core.testobject.TestObject(): null

2018-05-31 15:14:04 - [TEST_STEP][PASSED] - Statement - product = com.kms.katalon.core.webui.keyword.WebUiBuiltInKeywords.modifyObjectProperty(product, "xpath", "equals", "//*[@id = "fldvendor" + row + ""]", true): Modify property of object successfully

2018-05-31 15:14:04 - [MESSAGE][PASSED] - Modify property of object successfully

2018-05-31 15:14:04 - [TEST_STEP][PASSED] - selectOptionByIndex: All options with index in [1] are selected on object ''

2018-05-31 15:14:04 - [MESSAGE][PASSED] - All options with index in [1] are selected on object ''

2018-05-31 15:14:04 - [TEST_STEP][PASSED] - Statement - batch = new com.kms.katalon.core.testobject.TestObject(): null

2018-05-31 15:14:04 - [TEST_STEP][PASSED] - Statement - batch = com.kms.katalon.core.webui.keyword.WebUiBuiltInKeywords.modifyObjectProperty(batch, "xpath", "equals", "//*[@id = "txtbthqty" + row + ""]", true): Modify property of object successfully

2018-05-31 15:14:04 - [MESSAGE][PASSED] - Modify property of object successfully

2018-05-31 15:14:04 - [TEST_STEP][PASSED] - Statement - batchqty = com.kms.katalon.core.webui.keyword.WebUiBuiltInKeywords.getAttribute(batch, "value").trim(): Attribute 'value' of object '' is: '4800'

2018-05-31 15:14:04 - [MESSAGE][PASSED] - Attribute 'value' of object '' is: '4800'

2018-05-31 15:14:04 - [TEST_STEP][PASSED] - Statement - Rqty = 100: null

2018-05-31 15:14:04 - [TEST_STEP][PASSED] - delay: Delayed 2 second(s)

2018-05-31 15:14:06 - [MESSAGE][PASSED] - Delayed 2 second(s)

2018-05-31 15:14:06 - [TEST_STEP][PASSED] - Statement - out.println("BatchQty : " + batchqty): null

2018-05-31 15:14:06 - [TEST_STEP][PASSED] - Statement - out.println("RQty : " + Rqty): null

2018-05-31 15:14:06 - [TEST_STEP][PASSED] - Statement - If (java.lang.Integer.valueOf(batchqty) >= java.lang.Integer.valueOf(Rqty)): null

2018-05-31 15:14:06 - [TEST_STEP][PASSED] - Statement - Break: null

2018-05-31 15:14:06 - [TEST_STEP][PASSED] - Statement - batchlength = new com.kms.katalon.core.testobject.TestObject(): null

2018-05-31 15:14:06 - [TEST_STEP][PASSED] - Statement - batchlength = com.kms.katalon.core.webui.keyword.WebUiBuiltInKeywords.modifyObjectProperty(batchlength, "xpath", "equals", "//*[@id = "fldvendor" + row + ""]", true): Modify property of object successfully

2018-05-31 15:14:06 - [MESSAGE][PASSED] - Modify property of object successfully

2018-05-31 15:14:06 - [TEST_STEP][PASSED] - Statement - batchsize = com.kms.katalon.core.webui.keyword.WebUiBuiltInKeywords.getNumberOfTotalOption(batchlength): 9 options of object '' counted

2018-05-31 15:14:06 - [MESSAGE][PASSED] - 9 options of object '' counted

2018-05-31 15:14:06 - [TEST_STEP][PASSED] - Statement - out.println("BatchSize : " + batchsize): null

2018-05-31 15:14:06 - [TEST_STEP][PASSED] - Statement - For ([n = 1, n <= batchsize - 1, (n++)]): null

2018-05-31 15:14:06 - [TEST_STEP][PASSED] - Statement - product = new com.kms.katalon.core.testobject.TestObject(): null

2018-05-31 15:14:06 - [TEST_STEP][PASSED] - Statement - product = com.kms.katalon.core.webui.keyword.WebUiBuiltInKeywords.modifyObjectProperty(product, "xpath", "equals", "//*[@id = "fldvendor" + row + ""]", true): Modify property of object successfully

2018-05-31 15:14:06 - [MESSAGE][PASSED] - Modify property of object successfully

2018-05-31 15:14:06 - [TEST_STEP][PASSED] - selectOptionByIndex: All options with index in [1] are selected on object ''

2018-05-31 15:14:06 - [MESSAGE][PASSED] - All options with index in [1] are selected on object ''

2018-05-31 15:14:06 - [TEST_STEP][PASSED] - Statement - batch = new com.kms.katalon.core.testobject.TestObject(): null

2018-05-31 15:14:06 - [TEST_STEP][PASSED] - Statement - batch = com.kms.katalon.core.webui.keyword.WebUiBuiltInKeywords.modifyObjectProperty(batch, "xpath", "equals", "//*[@id = "txtbthqty" + row + ""]", true): Modify property of object successfully

2018-05-31 15:14:06 - [MESSAGE][PASSED] - Modify property of object successfully

2018-05-31 15:14:06 - [TEST_STEP][PASSED] - Statement - batchqty = com.kms.katalon.core.webui.keyword.WebUiBuiltInKeywords.getAttribute(batch, "value").trim(): Attribute 'value' of object '' is: '4800'

2018-05-31 15:14:06 - [MESSAGE][PASSED] - Attribute 'value' of object '' is: '4800'

2018-05-31 15:14:06 - [TEST_STEP][PASSED] - Statement - Rqty = 100: null

2018-05-31 15:14:06 - [TEST_STEP][PASSED] - delay: Delayed 2 second(s)

2018-05-31 15:14:08 - [MESSAGE][PASSED] - Delayed 2 second(s)

2018-05-31 15:14:08 - [TEST_STEP][PASSED] - Statement - out.println("BatchQty : " + batchqty): null

2018-05-31 15:14:08 - [TEST_STEP][PASSED] - Statement - out.println("RQty : " + Rqty): null

2018-05-31 15:14:08 - [TEST_STEP][PASSED] - Statement - If (java.lang.Integer.valueOf(batchqty) >= java.lang.Integer.valueOf(Rqty)): null

2018-05-31 15:14:08 - [TEST_STEP][PASSED] - Statement - Break: null

2018-05-31 15:14:08 - [TEST_STEP][PASSED] - Statement - batchlength = new com.kms.katalon.core.testobject.TestObject(): null

2018-05-31 15:14:08 - [TEST_STEP][PASSED] - Statement - batchlength = com.kms.katalon.core.webui.keyword.WebUiBuiltInKeywords.modifyObjectProperty(batchlength, "xpath", "equals", "//*[@id = "fldvendor" + row + ""]", true): Modify property of object successfully

2018-05-31 15:14:08 - [MESSAGE][PASSED] - Modify property of object successfully

2018-05-31 15:14:08 - [TEST_STEP][PASSED] - Statement - batchsize = com.kms.katalon.core.webui.keyword.WebUiBuiltInKeywords.getNumberOfTotalOption(batchlength): 10 options of object '' counted

2018-05-31 15:14:08 - [MESSAGE][PASSED] - 10 options of object '' counted

2018-05-31 15:14:08 - [TEST_STEP][PASSED] - Statement - out.println("BatchSize : " + batchsize): null

2018-05-31 15:14:08 - [TEST_STEP][PASSED] - Statement - For ([n = 1, n <= batchsize - 1, (n++)]): null

2018-05-31 15:14:08 - [TEST_STEP][PASSED] - Statement - product = new com.kms.katalon.core.testobject.TestObject(): null

2018-05-31 15:14:08 - [TEST_STEP][PASSED] - Statement - product = com.kms.katalon.core.webui.keyword.WebUiBuiltInKeywords.modifyObjectProperty(product, "xpath", "equals", "//*[@id = "fldvendor" + row + ""]", true): Modify property of object successfully

2018-05-31 15:14:08 - [MESSAGE][PASSED] - Modify property of object successfully

2018-05-31 15:14:08 - [TEST_STEP][PASSED] - selectOptionByIndex: All options with index in [1] are selected on object ''

2018-05-31 15:14:09 - [MESSAGE][PASSED] - All options with index in [1] are selected on object ''

2018-05-31 15:14:09 - [TEST_STEP][PASSED] - Statement - batch = new com.kms.katalon.core.testobject.TestObject(): null

2018-05-31 15:14:09 - [TEST_STEP][PASSED] - Statement - batch = com.kms.katalon.core.webui.keyword.WebUiBuiltInKeywords.modifyObjectProperty(batch, "xpath", "equals", "//*[@id = "txtbthqty" + row + ""]", true): Modify property of object successfully

2018-05-31 15:14:09 - [MESSAGE][PASSED] - Modify property of object successfully

2018-05-31 15:14:09 - [TEST_STEP][PASSED] - Statement - batchqty = com.kms.katalon.core.webui.keyword.WebUiBuiltInKeywords.getAttribute(batch, "value").trim(): Attribute 'value' of object '' is: '3100'

2018-05-31 15:14:09 - [MESSAGE][PASSED] - Attribute 'value' of object '' is: '3100'

2018-05-31 15:14:09 - [TEST_STEP][PASSED] - Statement - Rqty = 100: null

2018-05-31 15:14:09 - [TEST_STEP][PASSED] - delay: Delayed 2 second(s)

2018-05-31 15:14:11 - [MESSAGE][PASSED] - Delayed 2 second(s)

2018-05-31 15:14:11 - [TEST_STEP][PASSED] - Statement - out.println("BatchQty : " + batchqty): null

2018-05-31 15:14:11 - [TEST_STEP][PASSED] - Statement - out.println("RQty : " + Rqty): null

2018-05-31 15:14:11 - [TEST_STEP][PASSED] - Statement - If (java.lang.Integer.valueOf(batchqty) >= java.lang.Integer.valueOf(Rqty)): null

2018-05-31 15:14:11 - [TEST_STEP][PASSED] - Statement - Break: null

2018-05-31 15:14:11 - [TEST_STEP][PASSED] - Statement - batchlength = new com.kms.katalon.core.testobject.TestObject(): null

2018-05-31 15:14:11 - [TEST_STEP][PASSED] - Statement - batchlength = com.kms.katalon.core.webui.keyword.WebUiBuiltInKeywords.modifyObjectProperty(batchlength, "xpath", "equals", "//*[@id = "fldvendor" + row + ""]", true): Modify property of object successfully

2018-05-31 15:14:11 - [MESSAGE][PASSED] - Modify property of object successfully

2018-05-31 15:14:11 - [TEST_STEP][PASSED] - Statement - batchsize = com.kms.katalon.core.webui.keyword.WebUiBuiltInKeywords.getNumberOfTotalOption(batchlength): 10 options of object '' counted

2018-05-31 15:14:11 - [MESSAGE][PASSED] - 10 options of object '' counted

2018-05-31 15:14:11 - [TEST_STEP][PASSED] - Statement - out.println("BatchSize : " + batchsize): null

2018-05-31 15:14:11 - [TEST_STEP][PASSED] - Statement - For ([n = 1, n <= batchsize - 1, (n++)]): null

2018-05-31 15:14:11 - [TEST_STEP][PASSED] - Statement - product = new com.kms.katalon.core.testobject.TestObject(): null

2018-05-31 15:14:11 - [TEST_STEP][PASSED] - Statement - product = com.kms.katalon.core.webui.keyword.WebUiBuiltInKeywords.modifyObjectProperty(product, "xpath", "equals", "//*[@id = "fldvendor" + row + ""]", true): Modify property of object successfully

2018-05-31 15:14:11 - [MESSAGE][PASSED] - Modify property of object successfully

2018-05-31 15:14:11 - [TEST_STEP][PASSED] - selectOptionByIndex: All options with index in [1] are selected on object ''

2018-05-31 15:14:11 - [MESSAGE][PASSED] - All options with index in [1] are selected on object ''

2018-05-31 15:14:11 - [TEST_STEP][PASSED] - Statement - batch = new com.kms.katalon.core.testobject.TestObject(): null

2018-05-31 15:14:11 - [TEST_STEP][PASSED] - Statement - batch = com.kms.katalon.core.webui.keyword.WebUiBuiltInKeywords.modifyObjectProperty(batch, "xpath", "equals", "//*[@id = "txtbthqty" + row + ""]", true): Modify property of object successfully

2018-05-31 15:14:11 - [MESSAGE][PASSED] - Modify property of object successfully

2018-05-31 15:14:11 - [TEST_STEP][PASSED] - Statement - batchqty = com.kms.katalon.core.webui.keyword.WebUiBuiltInKeywords.getAttribute(batch, "value").trim(): Attribute 'value' of object '' is: '2900'

2018-05-31 15:14:11 - [MESSAGE][PASSED] - Attribute 'value' of object '' is: '2900'

2018-05-31 15:14:11 - [TEST_STEP][PASSED] - Statement - Rqty = 100: null

2018-05-31 15:14:11 - [TEST_STEP][PASSED] - delay: Delayed 2 second(s)

2018-05-31 15:14:13 - [MESSAGE][PASSED] - Delayed 2 second(s)

2018-05-31 15:14:13 - [TEST_STEP][PASSED] - Statement - out.println("BatchQty : " + batchqty): null

2018-05-31 15:14:13 - [TEST_STEP][PASSED] - Statement - out.println("RQty : " + Rqty): null

2018-05-31 15:14:13 - [TEST_STEP][PASSED] - Statement - If (java.lang.Integer.valueOf(batchqty) >= java.lang.Integer.valueOf(Rqty)): null

2018-05-31 15:14:13 - [TEST_STEP][PASSED] - Statement - Break: null

2018-05-31 15:14:13 - [TEST_STEP][PASSED] - Statement - batchlength = new com.kms.katalon.core.testobject.TestObject(): null

2018-05-31 15:14:13 - [TEST_STEP][PASSED] - Statement - batchlength = com.kms.katalon.core.webui.keyword.WebUiBuiltInKeywords.modifyObjectProperty(batchlength, "xpath", "equals", "//*[@id = "fldvendor" + row + ""]", true): Modify property of object successfully

2018-05-31 15:14:13 - [MESSAGE][PASSED] - Modify property of object successfully

2018-05-31 15:14:13 - [TEST_STEP][PASSED] - Statement - batchsize = com.kms.katalon.core.webui.keyword.WebUiBuiltInKeywords.getNumberOfTotalOption(batchlength): 10 options of object '' counted

2018-05-31 15:14:13 - [MESSAGE][PASSED] - 10 options of object '' counted

2018-05-31 15:14:13 - [TEST_STEP][PASSED] - Statement - out.println("BatchSize : " + batchsize): null

2018-05-31 15:14:13 - [TEST_STEP][PASSED] - Statement - For ([n = 1, n <= batchsize - 1, (n++)]): null

2018-05-31 15:14:13 - [TEST_STEP][PASSED] - Statement - product = new com.kms.katalon.core.testobject.TestObject(): null

2018-05-31 15:14:13 - [TEST_STEP][PASSED] - Statement - product = com.kms.katalon.core.webui.keyword.WebUiBuiltInKeywords.modifyObjectProperty(product, "xpath", "equals", "//*[@id = "fldvendor" + row + ""]", true): Modify property of object successfully

2018-05-31 15:14:13 - [MESSAGE][PASSED] - Modify property of object successfully

2018-05-31 15:14:13 - [TEST_STEP][PASSED] - selectOptionByIndex: All options with index in [1] are selected on object ''

2018-05-31 15:14:13 - [MESSAGE][PASSED] - All options with index in [1] are selected on object ''

2018-05-31 15:14:13 - [TEST_STEP][PASSED] - Statement - batch = new com.kms.katalon.core.testobject.TestObject(): null

2018-05-31 15:14:13 - [TEST_STEP][PASSED] - Statement - batch = com.kms.katalon.core.webui.keyword.WebUiBuiltInKeywords.modifyObjectProperty(batch, "xpath", "equals", "//*[@id = "txtbthqty" + row + ""]", true): Modify property of object successfully

2018-05-31 15:14:13 - [MESSAGE][PASSED] - Modify property of object successfully

2018-05-31 15:14:13 - [TEST_STEP][PASSED] - Statement - batchqty = com.kms.katalon.core.webui.keyword.WebUiBuiltInKeywords.getAttribute(batch, "value").trim(): Attribute 'value' of object '' is: '3100'

2018-05-31 15:14:13 - [MESSAGE][PASSED] - Attribute 'value' of object '' is: '3100'

2018-05-31 15:14:13 - [TEST_STEP][PASSED] - Statement - Rqty = 100: null

2018-05-31 15:14:13 - [TEST_STEP][PASSED] - delay: Delayed 2 second(s)

2018-05-31 15:14:15 - [MESSAGE][PASSED] - Delayed 2 second(s)

2018-05-31 15:14:15 - [TEST_STEP][PASSED] - Statement - out.println("BatchQty : " + batchqty): null

2018-05-31 15:14:15 - [TEST_STEP][PASSED] - Statement - out.println("RQty : " + Rqty): null

2018-05-31 15:14:15 - [TEST_STEP][PASSED] - Statement - If (java.lang.Integer.valueOf(batchqty) >= java.lang.Integer.valueOf(Rqty)): null

2018-05-31 15:14:15 - [TEST_STEP][PASSED] - Statement - Break: null

2018-05-31 15:14:15 - [TEST_STEP][PASSED] - Statement - batchlength = new com.kms.katalon.core.testobject.TestObject(): null

2018-05-31 15:14:15 - [TEST_STEP][PASSED] - Statement - batchlength = com.kms.katalon.core.webui.keyword.WebUiBuiltInKeywords.modifyObjectProperty(batchlength, "xpath", "equals", "//*[@id = "fldvendor" + row + ""]", true): Modify property of object successfully

2018-05-31 15:14:15 - [MESSAGE][PASSED] - Modify property of object successfully

2018-05-31 15:14:15 - [TEST_STEP][PASSED] - Statement - batchsize = com.kms.katalon.core.webui.keyword.WebUiBuiltInKeywords.getNumberOfTotalOption(batchlength): 9 options of object '' counted

2018-05-31 15:14:15 - [MESSAGE][PASSED] - 9 options of object '' counted

2018-05-31 15:14:15 - [TEST_STEP][PASSED] - Statement - out.println("BatchSize : " + batchsize): null

2018-05-31 15:14:15 - [TEST_STEP][PASSED] - Statement - For ([n = 1, n <= batchsize - 1, (n++)]): null

2018-05-31 15:14:15 - [TEST_STEP][PASSED] - Statement - product = new com.kms.katalon.core.testobject.TestObject(): null

2018-05-31 15:14:15 - [TEST_STEP][PASSED] - Statement - product = com.kms.katalon.core.webui.keyword.WebUiBuiltInKeywords.modifyObjectProperty(product, "xpath", "equals", "//*[@id = "fldvendor" + row + ""]", true): Modify property of object successfully

2018-05-31 15:14:15 - [MESSAGE][PASSED] - Modify property of object successfully

2018-05-31 15:14:15 - [TEST_STEP][PASSED] - selectOptionByIndex: All options with index in [1] are selected on object ''

2018-05-31 15:14:15 - [MESSAGE][PASSED] - All options with index in [1] are selected on object ''

2018-05-31 15:14:15 - [TEST_STEP][PASSED] - Statement - batch = new com.kms.katalon.core.testobject.TestObject(): null

2018-05-31 15:14:15 - [TEST_STEP][PASSED] - Statement - batch = com.kms.katalon.core.webui.keyword.WebUiBuiltInKeywords.modifyObjectProperty(batch, "xpath", "equals", "//*[@id = "txtbthqty" + row + ""]", true): Modify property of object successfully

2018-05-31 15:14:15 - [MESSAGE][PASSED] - Modify property of object successfully

2018-05-31 15:14:15 - [TEST_STEP][PASSED] - Statement - batchqty = com.kms.katalon.core.webui.keyword.WebUiBuiltInKeywords.getAttribute(batch, "value").trim(): Attribute 'value' of object '' is: '4800'

2018-05-31 15:14:15 - [MESSAGE][PASSED] - Attribute 'value' of object '' is: '4800'

2018-05-31 15:14:15 - [TEST_STEP][PASSED] - Statement - Rqty = 100: null

2018-05-31 15:14:15 - [TEST_STEP][PASSED] - delay: Delayed 2 second(s)

2018-05-31 15:14:17 - [MESSAGE][PASSED] - Delayed 2 second(s)

2018-05-31 15:14:17 - [TEST_STEP][PASSED] - Statement - out.println("BatchQty : " + batchqty): null

2018-05-31 15:14:17 - [TEST_STEP][PASSED] - Statement - out.println("RQty : " + Rqty): null

2018-05-31 15:14:17 - [TEST_STEP][PASSED] - Statement - If (java.lang.Integer.valueOf(batchqty) >= java.lang.Integer.valueOf(Rqty)): null

2018-05-31 15:14:17 - [TEST_STEP][PASSED] - Statement - Break: null

2018-05-31 15:14:17 - [TEST_STEP][PASSED] - delay: Delayed 2 second(s)

2018-05-31 15:14:19 - [MESSAGE][PASSED] - Delayed 2 second(s)

2018-05-31 15:14:19 - [TEST_STEP][PASSED] - click: Object: 'Object Repository/DispensaryToCms/Page_KDMC - CMS/input_btndispatch' is clicked on

2018-05-31 15:14:25 - [MESSAGE][PASSED] - Object: 'Object Repository/DispensaryToCms/Page_KDMC - CMS/input_btndispatch' is clicked on

2018-05-31 15:14:25 - [TEST_STEP][PASSED] - delay: Delayed 3 second(s)

2018-05-31 15:14:28 - [MESSAGE][PASSED] - Delayed 3 second(s)

2018-05-31 15:14:28 - [TEST_STEP][PASSED] - click: Object: 'Object Repository/DispensaryToCms/Page_KDMC - CMS/button_OK' is clicked on

2018-05-31 15:14:33 - [MESSAGE][PASSED] - Object: 'Object Repository/DispensaryToCms/Page_KDMC - CMS/button_OK' is clicked on

2018-05-31 15:14:33 - [TEST_STEP][PASSED] - delay: Delayed 3 second(s)

2018-05-31 15:14:36 - [MESSAGE][PASSED] - Delayed 3 second(s)

2018-05-31 15:14:36 - [TEST_STEP][FAILED] - click: Unable to click on object 'Object Repository/DispensaryToCms/Page_KDMC - CMS/a_dropdown-toggle' (Root cause: com.kms.katalon.core.webui.exception.WebElementNotFoundException: Web element with id: 'Object Repository/DispensaryToCms/Page_KDMC - CMS/a_dropdown-toggle' located by 'By.xpath: /html[1]/body[@class="skin-blue  pace-done"]/header[@class="header"]/div[@class="row"]/div[@class="col-md-12"]/nav[@class="navbar navbar-static-top"]/div[@class="navbar-right"]/ul[@class="nav navbar-nav"]/li[@class="dropdown user user-menu"]/a[@class="dropdown-toggle"][count(. | //*[@class = 'dropdown-toggle' and @data-toggle = 'dropdown']) = count(//*[@class = 'dropdown-toggle' and @data-toggle = 'dropdown'])]' not found)

2018-05-31 15:15:08 - [MESSAGE][FAILED] - Unable to click on object 'Object Repository/DispensaryToCms/Page_KDMC - CMS/a_dropdown-toggle' (Root cause: com.kms.katalon.core.webui.exception.WebElementNotFoundException: Web element with id: 'Object Repository/DispensaryToCms/Page_KDMC - CMS/a_dropdown-toggle' located by 'By.xpath: /html[1]/body[@class="skin-blue  pace-done"]/header[@class="header"]/div[@class="row"]/div[@class="col-md-12"]/nav[@class="navbar navbar-static-top"]/div[@class="navbar-right"]/ul[@class="nav navbar-nav"]/li[@class="dropdown user user-menu"]/a[@class="dropdown-toggle"][count(. | //*[@class = 'dropdown-toggle' and @data-toggle = 'dropdown']) = count(//*[@class = 'dropdown-toggle' and @data-toggle = 'dropdown'])]' not found)
[[ATTACHMENT|C:\\Users\\Quality Analyst\\Katalon Studio\\ds\\Reports\\Dispensary_Cms_Suite\\20180531_144522\\1527759907723.png]]]]></system-out>
         <system-err><![CDATA[2018-05-31 15:12:03 - [TEST_CASE][FAILED] - Test Cases/DISPENSARY TEST CASES/TC_DP_018 Verify Schedule 6 Dispensary To CMS Request Are Working Successfully Or Not: Test Cases/DISPENSARY TEST CASES/TC_DP_018 Verify Schedule 6 Dispensary To CMS Request Are Working Successfully Or Not FAILED because (of) Unable to click on object 'Object Repository/DispensaryToCms/Page_KDMC - CMS/a_dropdown-toggle' (Root cause: com.kms.katalon.core.webui.exception.WebElementNotFoundException: Web element with id: 'Object Repository/DispensaryToCms/Page_KDMC - CMS/a_dropdown-toggle' located by 'By.xpath: /html[1]/body[@class="skin-blue  pace-done"]/header[@class="header"]/div[@class="row"]/div[@class="col-md-12"]/nav[@class="navbar navbar-static-top"]/div[@class="navbar-right"]/ul[@class="nav navbar-nav"]/li[@class="dropdown user user-menu"]/a[@class="dropdown-toggle"][count(. | //*[@class = 'dropdown-toggle' and @data-toggle = 'dropdown']) = count(//*[@class = 'dropdown-toggle' and @data-toggle = 'dropdown'])]' not found)]]></system-err>
      </testcase>
      <testcase name="Test Cases/DISPENSARY TEST CASES/TC_DP_020 Verify Schedule 8 Dispensary To CMS Request Are Working Successfully Or Not" classname="Test Cases/DISPENSARY TEST CASES/TC_DP_020 Verify Schedule 8 Dispensary To CMS Request Are Working Successfully Or Not" status="PASSED">
         <system-out><![CDATA[2018-05-31 15:15:08 - [TEST_CASE][PASSED] - Test Cases/DISPENSARY TEST CASES/TC_DP_020 Verify Schedule 8 Dispensary To CMS Request Are Working Successfully Or Not: Test Cases/DISPENSARY TEST CASES/TC_DP_020 Verify Schedule 8 Dispensary To CMS Request Are Working Successfully Or Not

2018-05-31 15:15:08 - [TEST_STEP][PASSED] - openBrowser: Browser is opened with url: ''

2018-05-31 15:15:08 - [MESSAGE][WARNING] - A browser is already opened. Closing browser and opening a new one

2018-05-31 15:15:10 - [MESSAGE][PASSED] - Browser is opened with url: ''

2018-05-31 15:15:10 - [TEST_STEP][PASSED] - navigateToUrl: Navigate to 'http://192.168.137.1/multihospital_new/HDSplashscreen.aspx' successfully

2018-05-31 15:15:18 - [MESSAGE][PASSED] - Navigate to 'http://192.168.137.1/multihospital_new/HDSplashscreen.aspx' successfully

2018-05-31 15:15:18 - [TEST_STEP][PASSED] - maximizeWindow: Current window maximized

2018-05-31 15:15:20 - [MESSAGE][PASSED] - Current window maximized

2018-05-31 15:15:20 - [TEST_STEP][PASSED] - click: Object: 'Object Repository/DispensaryToCms/Page_KDMC/a_Dispensary Store' is clicked on

2018-05-31 15:15:21 - [MESSAGE][PASSED] - Object: 'Object Repository/DispensaryToCms/Page_KDMC/a_Dispensary Store' is clicked on

2018-05-31 15:15:21 - [TEST_STEP][PASSED] - setText: Text 'rajaram' is set on object 'Object Repository/DispensaryToCms/Page_Dispensary Store Login/input_txtusername'

2018-05-31 15:15:21 - [MESSAGE][PASSED] - Text 'rajaram' is set on object 'Object Repository/DispensaryToCms/Page_Dispensary Store Login/input_txtusername'

2018-05-31 15:15:21 - [TEST_STEP][PASSED] - setText: Text '123' is set on object 'Object Repository/DispensaryToCms/Page_Dispensary Store Login/input_txtpassword'

2018-05-31 15:15:21 - [MESSAGE][PASSED] - Text '123' is set on object 'Object Repository/DispensaryToCms/Page_Dispensary Store Login/input_txtpassword'

2018-05-31 15:15:21 - [TEST_STEP][PASSED] - delay: Delayed 3 second(s)

2018-05-31 15:15:24 - [MESSAGE][PASSED] - Delayed 3 second(s)

2018-05-31 15:15:24 - [TEST_STEP][PASSED] - click: Object: 'Object Repository/DispensaryToCms/Page_Dispensary Store Login/button_Sign in' is clicked on

2018-05-31 15:15:25 - [MESSAGE][PASSED] - Object: 'Object Repository/DispensaryToCms/Page_Dispensary Store Login/button_Sign in' is clicked on

2018-05-31 15:15:25 - [TEST_STEP][PASSED] - delay: Delayed 3 second(s)

2018-05-31 15:15:28 - [MESSAGE][PASSED] - Delayed 3 second(s)

2018-05-31 15:15:28 - [TEST_STEP][PASSED] - click: Object: 'Object Repository/DispensaryToCms/Page_Dispensary Store/a_CMS' is clicked on

2018-05-31 15:15:28 - [MESSAGE][PASSED] - Object: 'Object Repository/DispensaryToCms/Page_Dispensary Store/a_CMS' is clicked on

2018-05-31 15:15:28 - [TEST_STEP][PASSED] - click: Object: 'Object Repository/DispensaryToCms/Page_Dispensary Store/a_Request Send' is clicked on

2018-05-31 15:15:30 - [MESSAGE][PASSED] - Object: 'Object Repository/DispensaryToCms/Page_Dispensary Store/a_Request Send' is clicked on

2018-05-31 15:15:30 - [TEST_STEP][PASSED] - delay: Delayed 2 second(s)

2018-05-31 15:15:32 - [MESSAGE][PASSED] - Delayed 2 second(s)

2018-05-31 15:15:32 - [TEST_STEP][PASSED] - selectOptionByIndex: All options with index in [2] are selected on object 'Object Repository/DispensaryToCms/Page_Dispensary Store/select_--Select--'

2018-05-31 15:15:32 - [MESSAGE][PASSED] - All options with index in [2] are selected on object 'Object Repository/DispensaryToCms/Page_Dispensary Store/select_--Select--'

2018-05-31 15:15:32 - [TEST_STEP][PASSED] - selectOptionByIndex: All options with index in [8] are selected on object 'Object Repository/DispensaryToCms/Page_Dispensary Store/select_--Select--Schedule 1Inj'

2018-05-31 15:15:32 - [MESSAGE][PASSED] - All options with index in [8] are selected on object 'Object Repository/DispensaryToCms/Page_Dispensary Store/select_--Select--Schedule 1Inj'

2018-05-31 15:15:32 - [TEST_STEP][PASSED] - Statement - medicineslength = com.kms.katalon.core.webui.keyword.WebUiBuiltInKeywords.getNumberOfTotalOption(com.kms.katalon.core.testobject.ObjectRepository.findTestObject(DispensaryToCms/Page_Dispensary Store/select_--Select--Adernaline 0.)): 18 options of object 'Object Repository/DispensaryToCms/Page_Dispensary Store/select_--Select--Adernaline 0.' counted

2018-05-31 15:15:32 - [MESSAGE][PASSED] - 18 options of object 'Object Repository/DispensaryToCms/Page_Dispensary Store/select_--Select--Adernaline 0.' counted

2018-05-31 15:15:32 - [TEST_STEP][PASSED] - Statement - For ([e = 1, e <= medicineslength - 1, (e++)]): Delayed 1 second(s)

2018-05-31 15:15:32 - [TEST_STEP][PASSED] - selectOptionByIndex: All options with index in [8] are selected on object 'Object Repository/DispensaryToCms/Page_Dispensary Store/select_--Select--Schedule 1Inj'

2018-05-31 15:15:32 - [MESSAGE][PASSED] - All options with index in [8] are selected on object 'Object Repository/DispensaryToCms/Page_Dispensary Store/select_--Select--Schedule 1Inj'

2018-05-31 15:15:32 - [TEST_STEP][PASSED] - delay: Delayed 1 second(s)

2018-05-31 15:15:33 - [MESSAGE][PASSED] - Delayed 1 second(s)

2018-05-31 15:15:33 - [TEST_STEP][PASSED] - selectOptionByIndex: All options with index in [1] are selected on object 'Object Repository/DispensaryToCms/Page_Dispensary Store/select_--Select--Adernaline 0.'

2018-05-31 15:15:33 - [MESSAGE][PASSED] - All options with index in [1] are selected on object 'Object Repository/DispensaryToCms/Page_Dispensary Store/select_--Select--Adernaline 0.'

2018-05-31 15:15:33 - [TEST_STEP][PASSED] - setText: Text '100' is set on object 'Object Repository/DispensaryToCms/Page_Dispensary Store/input_txttreat'

2018-05-31 15:15:34 - [MESSAGE][PASSED] - Text '100' is set on object 'Object Repository/DispensaryToCms/Page_Dispensary Store/input_txttreat'

2018-05-31 15:15:34 - [TEST_STEP][PASSED] - click: Object: 'Object Repository/DispensaryToCms/Page_Dispensary Store/button_Add' is clicked on

2018-05-31 15:15:34 - [MESSAGE][PASSED] - Object: 'Object Repository/DispensaryToCms/Page_Dispensary Store/button_Add' is clicked on

2018-05-31 15:15:34 - [TEST_STEP][PASSED] - delay: Delayed 1 second(s)

2018-05-31 15:15:35 - [MESSAGE][PASSED] - Delayed 1 second(s)

2018-05-31 15:15:35 - [TEST_STEP][PASSED] - selectOptionByIndex: All options with index in [8] are selected on object 'Object Repository/DispensaryToCms/Page_Dispensary Store/select_--Select--Schedule 1Inj'

2018-05-31 15:15:35 - [MESSAGE][PASSED] - All options with index in [8] are selected on object 'Object Repository/DispensaryToCms/Page_Dispensary Store/select_--Select--Schedule 1Inj'

2018-05-31 15:15:35 - [TEST_STEP][PASSED] - delay: Delayed 1 second(s)

2018-05-31 15:15:36 - [MESSAGE][PASSED] - Delayed 1 second(s)

2018-05-31 15:15:36 - [TEST_STEP][PASSED] - selectOptionByIndex: All options with index in [2] are selected on object 'Object Repository/DispensaryToCms/Page_Dispensary Store/select_--Select--Adernaline 0.'

2018-05-31 15:15:36 - [MESSAGE][PASSED] - All options with index in [2] are selected on object 'Object Repository/DispensaryToCms/Page_Dispensary Store/select_--Select--Adernaline 0.'

2018-05-31 15:15:36 - [TEST_STEP][PASSED] - setText: Text '100' is set on object 'Object Repository/DispensaryToCms/Page_Dispensary Store/input_txttreat'

2018-05-31 15:15:36 - [MESSAGE][PASSED] - Text '100' is set on object 'Object Repository/DispensaryToCms/Page_Dispensary Store/input_txttreat'

2018-05-31 15:15:36 - [TEST_STEP][PASSED] - click: Object: 'Object Repository/DispensaryToCms/Page_Dispensary Store/button_Add' is clicked on

2018-05-31 15:15:36 - [MESSAGE][PASSED] - Object: 'Object Repository/DispensaryToCms/Page_Dispensary Store/button_Add' is clicked on

2018-05-31 15:15:36 - [TEST_STEP][PASSED] - delay: Delayed 1 second(s)

2018-05-31 15:15:37 - [MESSAGE][PASSED] - Delayed 1 second(s)

2018-05-31 15:15:37 - [TEST_STEP][PASSED] - selectOptionByIndex: All options with index in [8] are selected on object 'Object Repository/DispensaryToCms/Page_Dispensary Store/select_--Select--Schedule 1Inj'

2018-05-31 15:15:37 - [MESSAGE][PASSED] - All options with index in [8] are selected on object 'Object Repository/DispensaryToCms/Page_Dispensary Store/select_--Select--Schedule 1Inj'

2018-05-31 15:15:37 - [TEST_STEP][PASSED] - delay: Delayed 1 second(s)

2018-05-31 15:15:38 - [MESSAGE][PASSED] - Delayed 1 second(s)

2018-05-31 15:15:38 - [TEST_STEP][PASSED] - selectOptionByIndex: All options with index in [3] are selected on object 'Object Repository/DispensaryToCms/Page_Dispensary Store/select_--Select--Adernaline 0.'

2018-05-31 15:15:39 - [MESSAGE][PASSED] - All options with index in [3] are selected on object 'Object Repository/DispensaryToCms/Page_Dispensary Store/select_--Select--Adernaline 0.'

2018-05-31 15:15:39 - [TEST_STEP][PASSED] - setText: Text '100' is set on object 'Object Repository/DispensaryToCms/Page_Dispensary Store/input_txttreat'

2018-05-31 15:15:39 - [MESSAGE][PASSED] - Text '100' is set on object 'Object Repository/DispensaryToCms/Page_Dispensary Store/input_txttreat'

2018-05-31 15:15:39 - [TEST_STEP][PASSED] - click: Object: 'Object Repository/DispensaryToCms/Page_Dispensary Store/button_Add' is clicked on

2018-05-31 15:15:39 - [MESSAGE][PASSED] - Object: 'Object Repository/DispensaryToCms/Page_Dispensary Store/button_Add' is clicked on

2018-05-31 15:15:39 - [TEST_STEP][PASSED] - delay: Delayed 1 second(s)

2018-05-31 15:15:40 - [MESSAGE][PASSED] - Delayed 1 second(s)

2018-05-31 15:15:40 - [TEST_STEP][PASSED] - selectOptionByIndex: All options with index in [8] are selected on object 'Object Repository/DispensaryToCms/Page_Dispensary Store/select_--Select--Schedule 1Inj'

2018-05-31 15:15:40 - [MESSAGE][PASSED] - All options with index in [8] are selected on object 'Object Repository/DispensaryToCms/Page_Dispensary Store/select_--Select--Schedule 1Inj'

2018-05-31 15:15:40 - [TEST_STEP][PASSED] - delay: Delayed 1 second(s)

2018-05-31 15:15:41 - [MESSAGE][PASSED] - Delayed 1 second(s)

2018-05-31 15:15:41 - [TEST_STEP][PASSED] - selectOptionByIndex: All options with index in [4] are selected on object 'Object Repository/DispensaryToCms/Page_Dispensary Store/select_--Select--Adernaline 0.'

2018-05-31 15:15:41 - [MESSAGE][PASSED] - All options with index in [4] are selected on object 'Object Repository/DispensaryToCms/Page_Dispensary Store/select_--Select--Adernaline 0.'

2018-05-31 15:15:41 - [TEST_STEP][PASSED] - setText: Text '100' is set on object 'Object Repository/DispensaryToCms/Page_Dispensary Store/input_txttreat'

2018-05-31 15:15:41 - [MESSAGE][PASSED] - Text '100' is set on object 'Object Repository/DispensaryToCms/Page_Dispensary Store/input_txttreat'

2018-05-31 15:15:41 - [TEST_STEP][PASSED] - click: Object: 'Object Repository/DispensaryToCms/Page_Dispensary Store/button_Add' is clicked on

2018-05-31 15:15:41 - [MESSAGE][PASSED] - Object: 'Object Repository/DispensaryToCms/Page_Dispensary Store/button_Add' is clicked on

2018-05-31 15:15:41 - [TEST_STEP][PASSED] - delay: Delayed 1 second(s)

2018-05-31 15:15:42 - [MESSAGE][PASSED] - Delayed 1 second(s)

2018-05-31 15:15:42 - [TEST_STEP][PASSED] - selectOptionByIndex: All options with index in [8] are selected on object 'Object Repository/DispensaryToCms/Page_Dispensary Store/select_--Select--Schedule 1Inj'

2018-05-31 15:15:42 - [MESSAGE][PASSED] - All options with index in [8] are selected on object 'Object Repository/DispensaryToCms/Page_Dispensary Store/select_--Select--Schedule 1Inj'

2018-05-31 15:15:42 - [TEST_STEP][PASSED] - delay: Delayed 1 second(s)

2018-05-31 15:15:43 - [MESSAGE][PASSED] - Delayed 1 second(s)

2018-05-31 15:15:43 - [TEST_STEP][PASSED] - selectOptionByIndex: All options with index in [5] are selected on object 'Object Repository/DispensaryToCms/Page_Dispensary Store/select_--Select--Adernaline 0.'

2018-05-31 15:15:44 - [MESSAGE][PASSED] - All options with index in [5] are selected on object 'Object Repository/DispensaryToCms/Page_Dispensary Store/select_--Select--Adernaline 0.'

2018-05-31 15:15:44 - [TEST_STEP][PASSED] - setText: Text '100' is set on object 'Object Repository/DispensaryToCms/Page_Dispensary Store/input_txttreat'

2018-05-31 15:15:44 - [MESSAGE][PASSED] - Text '100' is set on object 'Object Repository/DispensaryToCms/Page_Dispensary Store/input_txttreat'

2018-05-31 15:15:44 - [TEST_STEP][PASSED] - click: Object: 'Object Repository/DispensaryToCms/Page_Dispensary Store/button_Add' is clicked on

2018-05-31 15:15:44 - [MESSAGE][PASSED] - Object: 'Object Repository/DispensaryToCms/Page_Dispensary Store/button_Add' is clicked on

2018-05-31 15:15:44 - [TEST_STEP][PASSED] - delay: Delayed 1 second(s)

2018-05-31 15:15:45 - [MESSAGE][PASSED] - Delayed 1 second(s)

2018-05-31 15:15:45 - [TEST_STEP][PASSED] - selectOptionByIndex: All options with index in [8] are selected on object 'Object Repository/DispensaryToCms/Page_Dispensary Store/select_--Select--Schedule 1Inj'

2018-05-31 15:15:45 - [MESSAGE][PASSED] - All options with index in [8] are selected on object 'Object Repository/DispensaryToCms/Page_Dispensary Store/select_--Select--Schedule 1Inj'

2018-05-31 15:15:45 - [TEST_STEP][PASSED] - delay: Delayed 1 second(s)

2018-05-31 15:15:46 - [MESSAGE][PASSED] - Delayed 1 second(s)

2018-05-31 15:15:46 - [TEST_STEP][PASSED] - selectOptionByIndex: All options with index in [6] are selected on object 'Object Repository/DispensaryToCms/Page_Dispensary Store/select_--Select--Adernaline 0.'

2018-05-31 15:15:46 - [MESSAGE][PASSED] - All options with index in [6] are selected on object 'Object Repository/DispensaryToCms/Page_Dispensary Store/select_--Select--Adernaline 0.'

2018-05-31 15:15:46 - [TEST_STEP][PASSED] - setText: Text '100' is set on object 'Object Repository/DispensaryToCms/Page_Dispensary Store/input_txttreat'

2018-05-31 15:15:46 - [MESSAGE][PASSED] - Text '100' is set on object 'Object Repository/DispensaryToCms/Page_Dispensary Store/input_txttreat'

2018-05-31 15:15:46 - [TEST_STEP][PASSED] - click: Object: 'Object Repository/DispensaryToCms/Page_Dispensary Store/button_Add' is clicked on

2018-05-31 15:15:46 - [MESSAGE][PASSED] - Object: 'Object Repository/DispensaryToCms/Page_Dispensary Store/button_Add' is clicked on

2018-05-31 15:15:46 - [TEST_STEP][PASSED] - delay: Delayed 1 second(s)

2018-05-31 15:15:47 - [MESSAGE][PASSED] - Delayed 1 second(s)

2018-05-31 15:15:47 - [TEST_STEP][PASSED] - selectOptionByIndex: All options with index in [8] are selected on object 'Object Repository/DispensaryToCms/Page_Dispensary Store/select_--Select--Schedule 1Inj'

2018-05-31 15:15:48 - [MESSAGE][PASSED] - All options with index in [8] are selected on object 'Object Repository/DispensaryToCms/Page_Dispensary Store/select_--Select--Schedule 1Inj'

2018-05-31 15:15:48 - [TEST_STEP][PASSED] - delay: Delayed 1 second(s)

2018-05-31 15:15:49 - [MESSAGE][PASSED] - Delayed 1 second(s)

2018-05-31 15:15:49 - [TEST_STEP][PASSED] - selectOptionByIndex: All options with index in [7] are selected on object 'Object Repository/DispensaryToCms/Page_Dispensary Store/select_--Select--Adernaline 0.'

2018-05-31 15:15:49 - [MESSAGE][PASSED] - All options with index in [7] are selected on object 'Object Repository/DispensaryToCms/Page_Dispensary Store/select_--Select--Adernaline 0.'

2018-05-31 15:15:49 - [TEST_STEP][PASSED] - setText: Text '100' is set on object 'Object Repository/DispensaryToCms/Page_Dispensary Store/input_txttreat'

2018-05-31 15:15:49 - [MESSAGE][PASSED] - Text '100' is set on object 'Object Repository/DispensaryToCms/Page_Dispensary Store/input_txttreat'

2018-05-31 15:15:49 - [TEST_STEP][PASSED] - click: Object: 'Object Repository/DispensaryToCms/Page_Dispensary Store/button_Add' is clicked on

2018-05-31 15:15:49 - [MESSAGE][PASSED] - Object: 'Object Repository/DispensaryToCms/Page_Dispensary Store/button_Add' is clicked on

2018-05-31 15:15:49 - [TEST_STEP][PASSED] - delay: Delayed 1 second(s)

2018-05-31 15:15:50 - [MESSAGE][PASSED] - Delayed 1 second(s)

2018-05-31 15:15:50 - [TEST_STEP][PASSED] - selectOptionByIndex: All options with index in [8] are selected on object 'Object Repository/DispensaryToCms/Page_Dispensary Store/select_--Select--Schedule 1Inj'

2018-05-31 15:15:50 - [MESSAGE][PASSED] - All options with index in [8] are selected on object 'Object Repository/DispensaryToCms/Page_Dispensary Store/select_--Select--Schedule 1Inj'

2018-05-31 15:15:50 - [TEST_STEP][PASSED] - delay: Delayed 1 second(s)

2018-05-31 15:15:51 - [MESSAGE][PASSED] - Delayed 1 second(s)

2018-05-31 15:15:51 - [TEST_STEP][PASSED] - selectOptionByIndex: All options with index in [8] are selected on object 'Object Repository/DispensaryToCms/Page_Dispensary Store/select_--Select--Adernaline 0.'

2018-05-31 15:15:51 - [MESSAGE][PASSED] - All options with index in [8] are selected on object 'Object Repository/DispensaryToCms/Page_Dispensary Store/select_--Select--Adernaline 0.'

2018-05-31 15:15:51 - [TEST_STEP][PASSED] - setText: Text '100' is set on object 'Object Repository/DispensaryToCms/Page_Dispensary Store/input_txttreat'

2018-05-31 15:15:52 - [MESSAGE][PASSED] - Text '100' is set on object 'Object Repository/DispensaryToCms/Page_Dispensary Store/input_txttreat'

2018-05-31 15:15:52 - [TEST_STEP][PASSED] - click: Object: 'Object Repository/DispensaryToCms/Page_Dispensary Store/button_Add' is clicked on

2018-05-31 15:15:52 - [MESSAGE][PASSED] - Object: 'Object Repository/DispensaryToCms/Page_Dispensary Store/button_Add' is clicked on

2018-05-31 15:15:52 - [TEST_STEP][PASSED] - delay: Delayed 1 second(s)

2018-05-31 15:15:53 - [MESSAGE][PASSED] - Delayed 1 second(s)

2018-05-31 15:15:53 - [TEST_STEP][PASSED] - selectOptionByIndex: All options with index in [8] are selected on object 'Object Repository/DispensaryToCms/Page_Dispensary Store/select_--Select--Schedule 1Inj'

2018-05-31 15:15:53 - [MESSAGE][PASSED] - All options with index in [8] are selected on object 'Object Repository/DispensaryToCms/Page_Dispensary Store/select_--Select--Schedule 1Inj'

2018-05-31 15:15:53 - [TEST_STEP][PASSED] - delay: Delayed 1 second(s)

2018-05-31 15:15:54 - [MESSAGE][PASSED] - Delayed 1 second(s)

2018-05-31 15:15:54 - [TEST_STEP][PASSED] - selectOptionByIndex: All options with index in [9] are selected on object 'Object Repository/DispensaryToCms/Page_Dispensary Store/select_--Select--Adernaline 0.'

2018-05-31 15:15:54 - [MESSAGE][PASSED] - All options with index in [9] are selected on object 'Object Repository/DispensaryToCms/Page_Dispensary Store/select_--Select--Adernaline 0.'

2018-05-31 15:15:54 - [TEST_STEP][PASSED] - setText: Text '100' is set on object 'Object Repository/DispensaryToCms/Page_Dispensary Store/input_txttreat'

2018-05-31 15:15:54 - [MESSAGE][PASSED] - Text '100' is set on object 'Object Repository/DispensaryToCms/Page_Dispensary Store/input_txttreat'

2018-05-31 15:15:54 - [TEST_STEP][PASSED] - click: Object: 'Object Repository/DispensaryToCms/Page_Dispensary Store/button_Add' is clicked on

2018-05-31 15:15:54 - [MESSAGE][PASSED] - Object: 'Object Repository/DispensaryToCms/Page_Dispensary Store/button_Add' is clicked on

2018-05-31 15:15:54 - [TEST_STEP][PASSED] - delay: Delayed 1 second(s)

2018-05-31 15:15:55 - [MESSAGE][PASSED] - Delayed 1 second(s)

2018-05-31 15:15:55 - [TEST_STEP][PASSED] - selectOptionByIndex: All options with index in [8] are selected on object 'Object Repository/DispensaryToCms/Page_Dispensary Store/select_--Select--Schedule 1Inj'

2018-05-31 15:15:55 - [MESSAGE][PASSED] - All options with index in [8] are selected on object 'Object Repository/DispensaryToCms/Page_Dispensary Store/select_--Select--Schedule 1Inj'

2018-05-31 15:15:55 - [TEST_STEP][PASSED] - delay: Delayed 1 second(s)

2018-05-31 15:15:56 - [MESSAGE][PASSED] - Delayed 1 second(s)

2018-05-31 15:15:56 - [TEST_STEP][PASSED] - selectOptionByIndex: All options with index in [10] are selected on object 'Object Repository/DispensaryToCms/Page_Dispensary Store/select_--Select--Adernaline 0.'

2018-05-31 15:15:57 - [MESSAGE][PASSED] - All options with index in [10] are selected on object 'Object Repository/DispensaryToCms/Page_Dispensary Store/select_--Select--Adernaline 0.'

2018-05-31 15:15:57 - [TEST_STEP][PASSED] - setText: Text '100' is set on object 'Object Repository/DispensaryToCms/Page_Dispensary Store/input_txttreat'

2018-05-31 15:15:57 - [MESSAGE][PASSED] - Text '100' is set on object 'Object Repository/DispensaryToCms/Page_Dispensary Store/input_txttreat'

2018-05-31 15:15:57 - [TEST_STEP][PASSED] - click: Object: 'Object Repository/DispensaryToCms/Page_Dispensary Store/button_Add' is clicked on

2018-05-31 15:15:57 - [MESSAGE][PASSED] - Object: 'Object Repository/DispensaryToCms/Page_Dispensary Store/button_Add' is clicked on

2018-05-31 15:15:57 - [TEST_STEP][PASSED] - delay: Delayed 1 second(s)

2018-05-31 15:15:58 - [MESSAGE][PASSED] - Delayed 1 second(s)

2018-05-31 15:15:58 - [TEST_STEP][PASSED] - selectOptionByIndex: All options with index in [8] are selected on object 'Object Repository/DispensaryToCms/Page_Dispensary Store/select_--Select--Schedule 1Inj'

2018-05-31 15:15:58 - [MESSAGE][PASSED] - All options with index in [8] are selected on object 'Object Repository/DispensaryToCms/Page_Dispensary Store/select_--Select--Schedule 1Inj'

2018-05-31 15:15:58 - [TEST_STEP][PASSED] - delay: Delayed 1 second(s)

2018-05-31 15:15:59 - [MESSAGE][PASSED] - Delayed 1 second(s)

2018-05-31 15:15:59 - [TEST_STEP][PASSED] - selectOptionByIndex: All options with index in [11] are selected on object 'Object Repository/DispensaryToCms/Page_Dispensary Store/select_--Select--Adernaline 0.'

2018-05-31 15:15:59 - [MESSAGE][PASSED] - All options with index in [11] are selected on object 'Object Repository/DispensaryToCms/Page_Dispensary Store/select_--Select--Adernaline 0.'

2018-05-31 15:15:59 - [TEST_STEP][PASSED] - setText: Text '100' is set on object 'Object Repository/DispensaryToCms/Page_Dispensary Store/input_txttreat'

2018-05-31 15:15:59 - [MESSAGE][PASSED] - Text '100' is set on object 'Object Repository/DispensaryToCms/Page_Dispensary Store/input_txttreat'

2018-05-31 15:15:59 - [TEST_STEP][PASSED] - click: Object: 'Object Repository/DispensaryToCms/Page_Dispensary Store/button_Add' is clicked on

2018-05-31 15:15:59 - [MESSAGE][PASSED] - Object: 'Object Repository/DispensaryToCms/Page_Dispensary Store/button_Add' is clicked on

2018-05-31 15:15:59 - [TEST_STEP][PASSED] - delay: Delayed 1 second(s)

2018-05-31 15:16:00 - [MESSAGE][PASSED] - Delayed 1 second(s)

2018-05-31 15:16:00 - [TEST_STEP][PASSED] - selectOptionByIndex: All options with index in [8] are selected on object 'Object Repository/DispensaryToCms/Page_Dispensary Store/select_--Select--Schedule 1Inj'

2018-05-31 15:16:01 - [MESSAGE][PASSED] - All options with index in [8] are selected on object 'Object Repository/DispensaryToCms/Page_Dispensary Store/select_--Select--Schedule 1Inj'

2018-05-31 15:16:01 - [TEST_STEP][PASSED] - delay: Delayed 1 second(s)

2018-05-31 15:16:02 - [MESSAGE][PASSED] - Delayed 1 second(s)

2018-05-31 15:16:02 - [TEST_STEP][PASSED] - selectOptionByIndex: All options with index in [12] are selected on object 'Object Repository/DispensaryToCms/Page_Dispensary Store/select_--Select--Adernaline 0.'

2018-05-31 15:16:02 - [MESSAGE][PASSED] - All options with index in [12] are selected on object 'Object Repository/DispensaryToCms/Page_Dispensary Store/select_--Select--Adernaline 0.'

2018-05-31 15:16:02 - [TEST_STEP][PASSED] - setText: Text '100' is set on object 'Object Repository/DispensaryToCms/Page_Dispensary Store/input_txttreat'

2018-05-31 15:16:02 - [MESSAGE][PASSED] - Text '100' is set on object 'Object Repository/DispensaryToCms/Page_Dispensary Store/input_txttreat'

2018-05-31 15:16:02 - [TEST_STEP][PASSED] - click: Object: 'Object Repository/DispensaryToCms/Page_Dispensary Store/button_Add' is clicked on

2018-05-31 15:16:02 - [MESSAGE][PASSED] - Object: 'Object Repository/DispensaryToCms/Page_Dispensary Store/button_Add' is clicked on

2018-05-31 15:16:02 - [TEST_STEP][PASSED] - delay: Delayed 1 second(s)

2018-05-31 15:16:03 - [MESSAGE][PASSED] - Delayed 1 second(s)

2018-05-31 15:16:03 - [TEST_STEP][PASSED] - selectOptionByIndex: All options with index in [8] are selected on object 'Object Repository/DispensaryToCms/Page_Dispensary Store/select_--Select--Schedule 1Inj'

2018-05-31 15:16:03 - [MESSAGE][PASSED] - All options with index in [8] are selected on object 'Object Repository/DispensaryToCms/Page_Dispensary Store/select_--Select--Schedule 1Inj'

2018-05-31 15:16:03 - [TEST_STEP][PASSED] - delay: Delayed 1 second(s)

2018-05-31 15:16:04 - [MESSAGE][PASSED] - Delayed 1 second(s)

2018-05-31 15:16:04 - [TEST_STEP][PASSED] - selectOptionByIndex: All options with index in [13] are selected on object 'Object Repository/DispensaryToCms/Page_Dispensary Store/select_--Select--Adernaline 0.'

2018-05-31 15:16:05 - [MESSAGE][PASSED] - All options with index in [13] are selected on object 'Object Repository/DispensaryToCms/Page_Dispensary Store/select_--Select--Adernaline 0.'

2018-05-31 15:16:05 - [TEST_STEP][PASSED] - setText: Text '100' is set on object 'Object Repository/DispensaryToCms/Page_Dispensary Store/input_txttreat'

2018-05-31 15:16:05 - [MESSAGE][PASSED] - Text '100' is set on object 'Object Repository/DispensaryToCms/Page_Dispensary Store/input_txttreat'

2018-05-31 15:16:05 - [TEST_STEP][PASSED] - click: Object: 'Object Repository/DispensaryToCms/Page_Dispensary Store/button_Add' is clicked on

2018-05-31 15:16:05 - [MESSAGE][PASSED] - Object: 'Object Repository/DispensaryToCms/Page_Dispensary Store/button_Add' is clicked on

2018-05-31 15:16:05 - [TEST_STEP][PASSED] - delay: Delayed 1 second(s)

2018-05-31 15:16:06 - [MESSAGE][PASSED] - Delayed 1 second(s)

2018-05-31 15:16:06 - [TEST_STEP][PASSED] - selectOptionByIndex: All options with index in [8] are selected on object 'Object Repository/DispensaryToCms/Page_Dispensary Store/select_--Select--Schedule 1Inj'

2018-05-31 15:16:06 - [MESSAGE][PASSED] - All options with index in [8] are selected on object 'Object Repository/DispensaryToCms/Page_Dispensary Store/select_--Select--Schedule 1Inj'

2018-05-31 15:16:06 - [TEST_STEP][PASSED] - delay: Delayed 1 second(s)

2018-05-31 15:16:07 - [MESSAGE][PASSED] - Delayed 1 second(s)

2018-05-31 15:16:07 - [TEST_STEP][PASSED] - selectOptionByIndex: All options with index in [14] are selected on object 'Object Repository/DispensaryToCms/Page_Dispensary Store/select_--Select--Adernaline 0.'

2018-05-31 15:16:07 - [MESSAGE][PASSED] - All options with index in [14] are selected on object 'Object Repository/DispensaryToCms/Page_Dispensary Store/select_--Select--Adernaline 0.'

2018-05-31 15:16:07 - [TEST_STEP][PASSED] - setText: Text '100' is set on object 'Object Repository/DispensaryToCms/Page_Dispensary Store/input_txttreat'

2018-05-31 15:16:07 - [MESSAGE][PASSED] - Text '100' is set on object 'Object Repository/DispensaryToCms/Page_Dispensary Store/input_txttreat'

2018-05-31 15:16:07 - [TEST_STEP][PASSED] - click: Object: 'Object Repository/DispensaryToCms/Page_Dispensary Store/button_Add' is clicked on

2018-05-31 15:16:07 - [MESSAGE][PASSED] - Object: 'Object Repository/DispensaryToCms/Page_Dispensary Store/button_Add' is clicked on

2018-05-31 15:16:07 - [TEST_STEP][PASSED] - delay: Delayed 1 second(s)

2018-05-31 15:16:08 - [MESSAGE][PASSED] - Delayed 1 second(s)

2018-05-31 15:16:08 - [TEST_STEP][PASSED] - selectOptionByIndex: All options with index in [8] are selected on object 'Object Repository/DispensaryToCms/Page_Dispensary Store/select_--Select--Schedule 1Inj'

2018-05-31 15:16:08 - [MESSAGE][PASSED] - All options with index in [8] are selected on object 'Object Repository/DispensaryToCms/Page_Dispensary Store/select_--Select--Schedule 1Inj'

2018-05-31 15:16:08 - [TEST_STEP][PASSED] - delay: Delayed 1 second(s)

2018-05-31 15:16:09 - [MESSAGE][PASSED] - Delayed 1 second(s)

2018-05-31 15:16:09 - [TEST_STEP][PASSED] - selectOptionByIndex: All options with index in [15] are selected on object 'Object Repository/DispensaryToCms/Page_Dispensary Store/select_--Select--Adernaline 0.'

2018-05-31 15:16:10 - [MESSAGE][PASSED] - All options with index in [15] are selected on object 'Object Repository/DispensaryToCms/Page_Dispensary Store/select_--Select--Adernaline 0.'

2018-05-31 15:16:10 - [TEST_STEP][PASSED] - setText: Text '100' is set on object 'Object Repository/DispensaryToCms/Page_Dispensary Store/input_txttreat'

2018-05-31 15:16:10 - [MESSAGE][PASSED] - Text '100' is set on object 'Object Repository/DispensaryToCms/Page_Dispensary Store/input_txttreat'

2018-05-31 15:16:10 - [TEST_STEP][PASSED] - click: Object: 'Object Repository/DispensaryToCms/Page_Dispensary Store/button_Add' is clicked on

2018-05-31 15:16:10 - [MESSAGE][PASSED] - Object: 'Object Repository/DispensaryToCms/Page_Dispensary Store/button_Add' is clicked on

2018-05-31 15:16:10 - [TEST_STEP][PASSED] - delay: Delayed 1 second(s)

2018-05-31 15:16:11 - [MESSAGE][PASSED] - Delayed 1 second(s)

2018-05-31 15:16:11 - [TEST_STEP][PASSED] - selectOptionByIndex: All options with index in [8] are selected on object 'Object Repository/DispensaryToCms/Page_Dispensary Store/select_--Select--Schedule 1Inj'

2018-05-31 15:16:11 - [MESSAGE][PASSED] - All options with index in [8] are selected on object 'Object Repository/DispensaryToCms/Page_Dispensary Store/select_--Select--Schedule 1Inj'

2018-05-31 15:16:11 - [TEST_STEP][PASSED] - delay: Delayed 1 second(s)

2018-05-31 15:16:12 - [MESSAGE][PASSED] - Delayed 1 second(s)

2018-05-31 15:16:12 - [TEST_STEP][PASSED] - selectOptionByIndex: All options with index in [16] are selected on object 'Object Repository/DispensaryToCms/Page_Dispensary Store/select_--Select--Adernaline 0.'

2018-05-31 15:16:12 - [MESSAGE][PASSED] - All options with index in [16] are selected on object 'Object Repository/DispensaryToCms/Page_Dispensary Store/select_--Select--Adernaline 0.'

2018-05-31 15:16:12 - [TEST_STEP][PASSED] - setText: Text '100' is set on object 'Object Repository/DispensaryToCms/Page_Dispensary Store/input_txttreat'

2018-05-31 15:16:12 - [MESSAGE][PASSED] - Text '100' is set on object 'Object Repository/DispensaryToCms/Page_Dispensary Store/input_txttreat'

2018-05-31 15:16:12 - [TEST_STEP][PASSED] - click: Object: 'Object Repository/DispensaryToCms/Page_Dispensary Store/button_Add' is clicked on

2018-05-31 15:16:13 - [MESSAGE][PASSED] - Object: 'Object Repository/DispensaryToCms/Page_Dispensary Store/button_Add' is clicked on

2018-05-31 15:16:13 - [TEST_STEP][PASSED] - delay: Delayed 1 second(s)

2018-05-31 15:16:14 - [MESSAGE][PASSED] - Delayed 1 second(s)

2018-05-31 15:16:14 - [TEST_STEP][PASSED] - selectOptionByIndex: All options with index in [8] are selected on object 'Object Repository/DispensaryToCms/Page_Dispensary Store/select_--Select--Schedule 1Inj'

2018-05-31 15:16:14 - [MESSAGE][PASSED] - All options with index in [8] are selected on object 'Object Repository/DispensaryToCms/Page_Dispensary Store/select_--Select--Schedule 1Inj'

2018-05-31 15:16:14 - [TEST_STEP][PASSED] - delay: Delayed 1 second(s)

2018-05-31 15:16:15 - [MESSAGE][PASSED] - Delayed 1 second(s)

2018-05-31 15:16:15 - [TEST_STEP][PASSED] - selectOptionByIndex: All options with index in [17] are selected on object 'Object Repository/DispensaryToCms/Page_Dispensary Store/select_--Select--Adernaline 0.'

2018-05-31 15:16:15 - [MESSAGE][PASSED] - All options with index in [17] are selected on object 'Object Repository/DispensaryToCms/Page_Dispensary Store/select_--Select--Adernaline 0.'

2018-05-31 15:16:15 - [TEST_STEP][PASSED] - setText: Text '100' is set on object 'Object Repository/DispensaryToCms/Page_Dispensary Store/input_txttreat'

2018-05-31 15:16:15 - [MESSAGE][PASSED] - Text '100' is set on object 'Object Repository/DispensaryToCms/Page_Dispensary Store/input_txttreat'

2018-05-31 15:16:15 - [TEST_STEP][PASSED] - click: Object: 'Object Repository/DispensaryToCms/Page_Dispensary Store/button_Add' is clicked on

2018-05-31 15:16:15 - [MESSAGE][PASSED] - Object: 'Object Repository/DispensaryToCms/Page_Dispensary Store/button_Add' is clicked on

2018-05-31 15:16:15 - [TEST_STEP][PASSED] - delay: Delayed 1 second(s)

2018-05-31 15:16:16 - [MESSAGE][PASSED] - Delayed 1 second(s)

2018-05-31 15:16:16 - [TEST_STEP][PASSED] - scrollToElement: Scroll to object 'Object Repository/DispensaryToCms/Page_Dispensary Store/input_btnsave' successfully

2018-05-31 15:16:16 - [MESSAGE][PASSED] - Scroll to object 'Object Repository/DispensaryToCms/Page_Dispensary Store/input_btnsave' successfully

2018-05-31 15:16:16 - [TEST_STEP][PASSED] - click: Object: 'Object Repository/DispensaryToCms/Page_Dispensary Store/input_btnsave' is clicked on

2018-05-31 15:16:16 - [MESSAGE][PASSED] - Object: 'Object Repository/DispensaryToCms/Page_Dispensary Store/input_btnsave' is clicked on

2018-05-31 15:16:16 - [TEST_STEP][PASSED] - delay: Delayed 3 second(s)

2018-05-31 15:16:19 - [MESSAGE][PASSED] - Delayed 3 second(s)

2018-05-31 15:16:19 - [TEST_STEP][PASSED] - Statement - RN1 = com.kms.katalon.core.webui.keyword.WebUiBuiltInKeywords.getText(com.kms.katalon.core.testobject.ObjectRepository.findTestObject(DispensaryToCms/Page_Dispensary Store/font_PRNO18052018174)): Text of object 'Object Repository/DispensaryToCms/Page_Dispensary Store/font_PRNO18052018174' is: 'PRNO/31052018/517'

2018-05-31 15:16:19 - [MESSAGE][PASSED] - Text of object 'Object Repository/DispensaryToCms/Page_Dispensary Store/font_PRNO18052018174' is: 'PRNO/31052018/517'

2018-05-31 15:16:19 - [TEST_STEP][PASSED] - Statement - out.println(RN1): null

2018-05-31 15:16:19 - [TEST_STEP][PASSED] - Statement - RID = RN1.split("/")[2]: null

2018-05-31 15:16:19 - [TEST_STEP][PASSED] - click: Object: 'Object Repository/DispensaryToCms/Page_Dispensary Store/button_OK' is clicked on

2018-05-31 15:16:20 - [MESSAGE][PASSED] - Object: 'Object Repository/DispensaryToCms/Page_Dispensary Store/button_OK' is clicked on

2018-05-31 15:16:20 - [TEST_STEP][PASSED] - delay: Delayed 3 second(s)

2018-05-31 15:16:23 - [MESSAGE][PASSED] - Delayed 3 second(s)

2018-05-31 15:16:23 - [TEST_STEP][PASSED] - waitForElementPresent: Object 'Object Repository/DispensaryToStore/Page_Dispensary Store/a_dropdown-toggle' is present

2018-05-31 15:16:23 - [MESSAGE][PASSED] - Object 'Object Repository/DispensaryToStore/Page_Dispensary Store/a_dropdown-toggle' is present

2018-05-31 15:16:23 - [TEST_STEP][PASSED] - click: Object: 'Object Repository/DispensaryToCms/Page_Dispensary Store/a_dropdown-toggle' is clicked on

2018-05-31 15:16:23 - [MESSAGE][PASSED] - Object: 'Object Repository/DispensaryToCms/Page_Dispensary Store/a_dropdown-toggle' is clicked on

2018-05-31 15:16:23 - [TEST_STEP][PASSED] - click: Object: 'Object Repository/DispensaryToCms/Page_Dispensary Store/a_Sign out' is clicked on

2018-05-31 15:16:24 - [MESSAGE][PASSED] - Object: 'Object Repository/DispensaryToCms/Page_Dispensary Store/a_Sign out' is clicked on

2018-05-31 15:16:24 - [TEST_STEP][PASSED] - delay: Delayed 3 second(s)

2018-05-31 15:16:27 - [MESSAGE][PASSED] - Delayed 3 second(s)

2018-05-31 15:16:27 - [TEST_STEP][PASSED] - navigateToUrl: Navigate to 'http://192.168.137.1/multihospital_new/' successfully

2018-05-31 15:16:28 - [MESSAGE][PASSED] - Navigate to 'http://192.168.137.1/multihospital_new/' successfully

2018-05-31 15:16:28 - [TEST_STEP][PASSED] - click: Object: 'Object Repository/DispensaryToCms/Page_KDMC/a_CMO' is clicked on

2018-05-31 15:16:28 - [MESSAGE][PASSED] - Object: 'Object Repository/DispensaryToCms/Page_KDMC/a_CMO' is clicked on

2018-05-31 15:16:28 - [TEST_STEP][PASSED] - setText: Text 'guru' is set on object 'Object Repository/DispensaryToCms/Page_CMO login/input_txtusername'

2018-05-31 15:16:29 - [MESSAGE][PASSED] - Text 'guru' is set on object 'Object Repository/DispensaryToCms/Page_CMO login/input_txtusername'

2018-05-31 15:16:29 - [TEST_STEP][PASSED] - setText: Text '123' is set on object 'Object Repository/DispensaryToCms/Page_CMO login/input_txtpassword'

2018-05-31 15:16:29 - [MESSAGE][PASSED] - Text '123' is set on object 'Object Repository/DispensaryToCms/Page_CMO login/input_txtpassword'

2018-05-31 15:16:29 - [TEST_STEP][PASSED] - delay: Delayed 3 second(s)

2018-05-31 15:16:32 - [MESSAGE][PASSED] - Delayed 3 second(s)

2018-05-31 15:16:32 - [TEST_STEP][PASSED] - click: Object: 'Object Repository/DispensaryToCms/Page_CMO login/button_Sign in' is clicked on

2018-05-31 15:16:33 - [MESSAGE][PASSED] - Object: 'Object Repository/DispensaryToCms/Page_CMO login/button_Sign in' is clicked on

2018-05-31 15:16:33 - [TEST_STEP][PASSED] - delay: Delayed 3 second(s)

2018-05-31 15:16:36 - [MESSAGE][PASSED] - Delayed 3 second(s)

2018-05-31 15:16:36 - [TEST_STEP][PASSED] - click: Object: 'Object Repository/DispensaryToCms/Page_KDMC - CMO/a_CMS Request' is clicked on

2018-05-31 15:16:36 - [MESSAGE][PASSED] - Object: 'Object Repository/DispensaryToCms/Page_KDMC - CMO/a_CMS Request' is clicked on

2018-05-31 15:16:36 - [TEST_STEP][PASSED] - delay: Delayed 2 second(s)

2018-05-31 15:16:38 - [MESSAGE][PASSED] - Delayed 2 second(s)

2018-05-31 15:16:38 - [TEST_STEP][PASSED] - click: Object: 'Object Repository/DispensaryToCms/Page_KDMC - CMO/a_Dispensary Store Request' is clicked on

2018-05-31 15:16:39 - [MESSAGE][PASSED] - Object: 'Object Repository/DispensaryToCms/Page_KDMC - CMO/a_Dispensary Store Request' is clicked on

2018-05-31 15:16:39 - [TEST_STEP][PASSED] - selectOptionByIndex: All options with index in [1] are selected on object 'Object Repository/DispensaryToCms/Page_KDMC - CMO/select_--ALL--'

2018-05-31 15:16:39 - [MESSAGE][PASSED] - All options with index in [1] are selected on object 'Object Repository/DispensaryToCms/Page_KDMC - CMO/select_--ALL--'

2018-05-31 15:16:39 - [TEST_STEP][PASSED] - click: Object: 'Object Repository/DispensaryToCms/Page_KDMC - CMO/input_btnsearch' is clicked on

2018-05-31 15:16:39 - [MESSAGE][PASSED] - Object: 'Object Repository/DispensaryToCms/Page_KDMC - CMO/input_btnsearch' is clicked on

2018-05-31 15:16:39 - [TEST_STEP][PASSED] - Statement - ID = com.kms.katalon.core.webui.keyword.WebUiBuiltInKeywords.modifyObjectProperty(com.kms.katalon.core.testobject.ObjectRepository.findTestObject(lab/Page_KDMC - CMO/input_1), "xpath", "equals", "//*[@id=" + RID + "]", true): Modify property of object successfully

2018-05-31 15:16:39 - [MESSAGE][PASSED] - Modify property of object successfully

2018-05-31 15:16:39 - [TEST_STEP][PASSED] - click: Object: 'Object Repository/lab/Page_KDMC - CMO/input_1' is clicked on

2018-05-31 15:16:40 - [MESSAGE][PASSED] - Object: 'Object Repository/lab/Page_KDMC - CMO/input_1' is clicked on

2018-05-31 15:16:40 - [TEST_STEP][PASSED] - delay: Delayed 2 second(s)

2018-05-31 15:16:42 - [MESSAGE][PASSED] - Delayed 2 second(s)

2018-05-31 15:16:42 - [TEST_STEP][PASSED] - selectOptionByIndex: All options with index in [1] are selected on object 'Object Repository/DispensaryToCms/Page_KDMC - CMO/select_--Select--'

2018-05-31 15:16:42 - [MESSAGE][PASSED] - All options with index in [1] are selected on object 'Object Repository/DispensaryToCms/Page_KDMC - CMO/select_--Select--'

2018-05-31 15:16:42 - [TEST_STEP][PASSED] - click: Object: 'Object Repository/DispensaryToCms/Page_KDMC - CMO/input_btnupdate' is clicked on

2018-05-31 15:16:42 - [MESSAGE][PASSED] - Object: 'Object Repository/DispensaryToCms/Page_KDMC - CMO/input_btnupdate' is clicked on

2018-05-31 15:16:42 - [TEST_STEP][PASSED] - delay: Delayed 2 second(s)

2018-05-31 15:16:44 - [MESSAGE][PASSED] - Delayed 2 second(s)

2018-05-31 15:16:44 - [TEST_STEP][PASSED] - click: Object: 'Object Repository/DispensaryToCms/Page_KDMC - CMO/button_OK' is clicked on

2018-05-31 15:16:45 - [MESSAGE][PASSED] - Object: 'Object Repository/DispensaryToCms/Page_KDMC - CMO/button_OK' is clicked on

2018-05-31 15:16:45 - [TEST_STEP][PASSED] - delay: Delayed 3 second(s)

2018-05-31 15:16:48 - [MESSAGE][PASSED] - Delayed 3 second(s)

2018-05-31 15:16:48 - [TEST_STEP][PASSED] - waitForElementPresent: Object 'Object Repository/DispensaryToStore/Page_Dispensary Store/a_dropdown-toggle' is not present after 20 second(s)

2018-05-31 15:17:08 - [MESSAGE][WARNING] - Object 'Object Repository/DispensaryToStore/Page_Dispensary Store/a_dropdown-toggle' is not present after 20 second(s)

2018-05-31 15:17:08 - [TEST_STEP][PASSED] - click: Object: 'Object Repository/DispensaryToCms/Page_KDMC - CMO/a_dropdown-toggle' is clicked on

2018-05-31 15:17:09 - [MESSAGE][PASSED] - Object: 'Object Repository/DispensaryToCms/Page_KDMC - CMO/a_dropdown-toggle' is clicked on

2018-05-31 15:17:09 - [TEST_STEP][PASSED] - click: Object: 'Object Repository/DispensaryToCms/Page_KDMC - CMO/a_Sign out' is clicked on

2018-05-31 15:17:10 - [MESSAGE][PASSED] - Object: 'Object Repository/DispensaryToCms/Page_KDMC - CMO/a_Sign out' is clicked on

2018-05-31 15:17:10 - [TEST_STEP][PASSED] - delay: Delayed 3 second(s)

2018-05-31 15:17:13 - [MESSAGE][PASSED] - Delayed 3 second(s)

2018-05-31 15:17:13 - [TEST_STEP][PASSED] - click: Object: 'Object Repository/DispensaryToCms/Page_KDMC/a_CMS' is clicked on

2018-05-31 15:17:13 - [MESSAGE][PASSED] - Object: 'Object Repository/DispensaryToCms/Page_KDMC/a_CMS' is clicked on

2018-05-31 15:17:13 - [TEST_STEP][PASSED] - setText: Text 'bala' is set on object 'Object Repository/DispensaryToCms/Page_CMS login/input_txtusername'

2018-05-31 15:17:13 - [MESSAGE][PASSED] - Text 'bala' is set on object 'Object Repository/DispensaryToCms/Page_CMS login/input_txtusername'

2018-05-31 15:17:13 - [TEST_STEP][PASSED] - setText: Text '123' is set on object 'Object Repository/DispensaryToCms/Page_CMS login/input_txtpassword'

2018-05-31 15:17:13 - [MESSAGE][PASSED] - Text '123' is set on object 'Object Repository/DispensaryToCms/Page_CMS login/input_txtpassword'

2018-05-31 15:17:13 - [TEST_STEP][PASSED] - delay: Delayed 3 second(s)

2018-05-31 15:17:16 - [MESSAGE][PASSED] - Delayed 3 second(s)

2018-05-31 15:17:16 - [TEST_STEP][PASSED] - click: Object: 'Object Repository/DispensaryToCms/Page_CMS login/button_Sign in' is clicked on

2018-05-31 15:17:17 - [MESSAGE][PASSED] - Object: 'Object Repository/DispensaryToCms/Page_CMS login/button_Sign in' is clicked on

2018-05-31 15:17:17 - [TEST_STEP][PASSED] - delay: Delayed 3 second(s)

2018-05-31 15:17:20 - [MESSAGE][PASSED] - Delayed 3 second(s)

2018-05-31 15:17:20 - [TEST_STEP][PASSED] - click: Object: 'Object Repository/DispensaryToCms/Page_KDMC - CMS/a_Divisional Store' is clicked on

2018-05-31 15:17:20 - [MESSAGE][PASSED] - Object: 'Object Repository/DispensaryToCms/Page_KDMC - CMS/a_Divisional Store' is clicked on

2018-05-31 15:17:20 - [TEST_STEP][PASSED] - delay: Delayed 2 second(s)

2018-05-31 15:17:22 - [MESSAGE][PASSED] - Delayed 2 second(s)

2018-05-31 15:17:22 - [TEST_STEP][PASSED] - click: Object: 'Object Repository/DispensaryToCms/Page_KDMC - CMS/a_Dispatch Items' is clicked on

2018-05-31 15:17:23 - [MESSAGE][PASSED] - Object: 'Object Repository/DispensaryToCms/Page_KDMC - CMS/a_Dispatch Items' is clicked on

2018-05-31 15:17:23 - [TEST_STEP][PASSED] - delay: Delayed 2 second(s)

2018-05-31 15:17:25 - [MESSAGE][PASSED] - Delayed 2 second(s)

2018-05-31 15:17:25 - [TEST_STEP][PASSED] - setText: Text 'PRNO/31052018/517' is set on object 'Object Repository/DispensaryToCms/Page_KDMC - CMS/input'

2018-05-31 15:17:25 - [MESSAGE][PASSED] - Text 'PRNO/31052018/517' is set on object 'Object Repository/DispensaryToCms/Page_KDMC - CMS/input'

2018-05-31 15:17:25 - [TEST_STEP][PASSED] - click: Object: 'Object Repository/DispensaryToCms/Page_KDMC - CMS/input_PRNO18052018174' is clicked on

2018-05-31 15:17:25 - [MESSAGE][PASSED] - Object: 'Object Repository/DispensaryToCms/Page_KDMC - CMS/input_PRNO18052018174' is clicked on

2018-05-31 15:17:25 - [TEST_STEP][PASSED] - delay: Delayed 3 second(s)

2018-05-31 15:17:28 - [MESSAGE][PASSED] - Delayed 3 second(s)

2018-05-31 15:17:28 - [TEST_STEP][PASSED] - Statement - out.println("Length : " + medicineslength): null

2018-05-31 15:17:28 - [TEST_STEP][PASSED] - Statement - For ([row = 0, row < medicineslength - 1, (row++)]): null

2018-05-31 15:17:28 - [TEST_STEP][PASSED] - Statement - batchlength = new com.kms.katalon.core.testobject.TestObject(): null

2018-05-31 15:17:28 - [TEST_STEP][PASSED] - Statement - batchlength = com.kms.katalon.core.webui.keyword.WebUiBuiltInKeywords.modifyObjectProperty(batchlength, "xpath", "equals", "//*[@id = "fldvendor" + row + ""]", true): Modify property of object successfully

2018-05-31 15:17:28 - [MESSAGE][PASSED] - Modify property of object successfully

2018-05-31 15:17:28 - [TEST_STEP][PASSED] - Statement - batchsize = com.kms.katalon.core.webui.keyword.WebUiBuiltInKeywords.getNumberOfTotalOption(batchlength): 12 options of object '' counted

2018-05-31 15:17:28 - [MESSAGE][PASSED] - 12 options of object '' counted

2018-05-31 15:17:28 - [TEST_STEP][PASSED] - Statement - out.println("BatchSize : " + batchsize): null

2018-05-31 15:17:28 - [TEST_STEP][PASSED] - Statement - For ([n = 1, n <= batchsize - 1, (n++)]): null

2018-05-31 15:17:28 - [TEST_STEP][PASSED] - Statement - product = new com.kms.katalon.core.testobject.TestObject(): null

2018-05-31 15:17:28 - [TEST_STEP][PASSED] - Statement - product = com.kms.katalon.core.webui.keyword.WebUiBuiltInKeywords.modifyObjectProperty(product, "xpath", "equals", "//*[@id = "fldvendor" + row + ""]", true): Modify property of object successfully

2018-05-31 15:17:28 - [MESSAGE][PASSED] - Modify property of object successfully

2018-05-31 15:17:28 - [TEST_STEP][PASSED] - selectOptionByIndex: All options with index in [1] are selected on object ''

2018-05-31 15:17:29 - [MESSAGE][PASSED] - All options with index in [1] are selected on object ''

2018-05-31 15:17:29 - [TEST_STEP][PASSED] - Statement - batch = new com.kms.katalon.core.testobject.TestObject(): null

2018-05-31 15:17:29 - [TEST_STEP][PASSED] - Statement - batch = com.kms.katalon.core.webui.keyword.WebUiBuiltInKeywords.modifyObjectProperty(batch, "xpath", "equals", "//*[@id = "txtbthqty" + row + ""]", true): Modify property of object successfully

2018-05-31 15:17:29 - [MESSAGE][PASSED] - Modify property of object successfully

2018-05-31 15:17:29 - [TEST_STEP][PASSED] - Statement - batchqty = com.kms.katalon.core.webui.keyword.WebUiBuiltInKeywords.getAttribute(batch, "value").trim(): Attribute 'value' of object '' is: '27300'

2018-05-31 15:17:29 - [MESSAGE][PASSED] - Attribute 'value' of object '' is: '27300'

2018-05-31 15:17:29 - [TEST_STEP][PASSED] - Statement - Rqty = 100: null

2018-05-31 15:17:29 - [TEST_STEP][PASSED] - delay: Delayed 2 second(s)

2018-05-31 15:17:31 - [MESSAGE][PASSED] - Delayed 2 second(s)

2018-05-31 15:17:31 - [TEST_STEP][PASSED] - Statement - out.println("BatchQty : " + batchqty): null

2018-05-31 15:17:31 - [TEST_STEP][PASSED] - Statement - out.println("RQty : " + Rqty): null

2018-05-31 15:17:31 - [TEST_STEP][PASSED] - Statement - If (java.lang.Integer.valueOf(batchqty) >= java.lang.Integer.valueOf(Rqty)): null

2018-05-31 15:17:31 - [TEST_STEP][PASSED] - Statement - Break: null

2018-05-31 15:17:31 - [TEST_STEP][PASSED] - Statement - batchlength = new com.kms.katalon.core.testobject.TestObject(): null

2018-05-31 15:17:31 - [TEST_STEP][PASSED] - Statement - batchlength = com.kms.katalon.core.webui.keyword.WebUiBuiltInKeywords.modifyObjectProperty(batchlength, "xpath", "equals", "//*[@id = "fldvendor" + row + ""]", true): Modify property of object successfully

2018-05-31 15:17:31 - [MESSAGE][PASSED] - Modify property of object successfully

2018-05-31 15:17:31 - [TEST_STEP][PASSED] - Statement - batchsize = com.kms.katalon.core.webui.keyword.WebUiBuiltInKeywords.getNumberOfTotalOption(batchlength): 13 options of object '' counted

2018-05-31 15:17:31 - [MESSAGE][PASSED] - 13 options of object '' counted

2018-05-31 15:17:31 - [TEST_STEP][PASSED] - Statement - out.println("BatchSize : " + batchsize): null

2018-05-31 15:17:31 - [TEST_STEP][PASSED] - Statement - For ([n = 1, n <= batchsize - 1, (n++)]): null

2018-05-31 15:17:31 - [TEST_STEP][PASSED] - Statement - product = new com.kms.katalon.core.testobject.TestObject(): null

2018-05-31 15:17:31 - [TEST_STEP][PASSED] - Statement - product = com.kms.katalon.core.webui.keyword.WebUiBuiltInKeywords.modifyObjectProperty(product, "xpath", "equals", "//*[@id = "fldvendor" + row + ""]", true): Modify property of object successfully

2018-05-31 15:17:31 - [MESSAGE][PASSED] - Modify property of object successfully

2018-05-31 15:17:31 - [TEST_STEP][PASSED] - selectOptionByIndex: All options with index in [1] are selected on object ''

2018-05-31 15:17:31 - [MESSAGE][PASSED] - All options with index in [1] are selected on object ''

2018-05-31 15:17:31 - [TEST_STEP][PASSED] - Statement - batch = new com.kms.katalon.core.testobject.TestObject(): null

2018-05-31 15:17:31 - [TEST_STEP][PASSED] - Statement - batch = com.kms.katalon.core.webui.keyword.WebUiBuiltInKeywords.modifyObjectProperty(batch, "xpath", "equals", "//*[@id = "txtbthqty" + row + ""]", true): Modify property of object successfully

2018-05-31 15:17:31 - [MESSAGE][PASSED] - Modify property of object successfully

2018-05-31 15:17:31 - [TEST_STEP][PASSED] - Statement - batchqty = com.kms.katalon.core.webui.keyword.WebUiBuiltInKeywords.getAttribute(batch, "value").trim(): Attribute 'value' of object '' is: '3300'

2018-05-31 15:17:31 - [MESSAGE][PASSED] - Attribute 'value' of object '' is: '3300'

2018-05-31 15:17:31 - [TEST_STEP][PASSED] - Statement - Rqty = 100: null

2018-05-31 15:17:31 - [TEST_STEP][PASSED] - delay: Delayed 2 second(s)

2018-05-31 15:17:33 - [MESSAGE][PASSED] - Delayed 2 second(s)

2018-05-31 15:17:33 - [TEST_STEP][PASSED] - Statement - out.println("BatchQty : " + batchqty): null

2018-05-31 15:17:33 - [TEST_STEP][PASSED] - Statement - out.println("RQty : " + Rqty): null

2018-05-31 15:17:33 - [TEST_STEP][PASSED] - Statement - If (java.lang.Integer.valueOf(batchqty) >= java.lang.Integer.valueOf(Rqty)): null

2018-05-31 15:17:33 - [TEST_STEP][PASSED] - Statement - Break: null

2018-05-31 15:17:33 - [TEST_STEP][PASSED] - Statement - batchlength = new com.kms.katalon.core.testobject.TestObject(): null

2018-05-31 15:17:33 - [TEST_STEP][PASSED] - Statement - batchlength = com.kms.katalon.core.webui.keyword.WebUiBuiltInKeywords.modifyObjectProperty(batchlength, "xpath", "equals", "//*[@id = "fldvendor" + row + ""]", true): Modify property of object successfully

2018-05-31 15:17:33 - [MESSAGE][PASSED] - Modify property of object successfully

2018-05-31 15:17:33 - [TEST_STEP][PASSED] - Statement - batchsize = com.kms.katalon.core.webui.keyword.WebUiBuiltInKeywords.getNumberOfTotalOption(batchlength): 13 options of object '' counted

2018-05-31 15:17:33 - [MESSAGE][PASSED] - 13 options of object '' counted

2018-05-31 15:17:33 - [TEST_STEP][PASSED] - Statement - out.println("BatchSize : " + batchsize): null

2018-05-31 15:17:33 - [TEST_STEP][PASSED] - Statement - For ([n = 1, n <= batchsize - 1, (n++)]): null

2018-05-31 15:17:33 - [TEST_STEP][PASSED] - Statement - product = new com.kms.katalon.core.testobject.TestObject(): null

2018-05-31 15:17:33 - [TEST_STEP][PASSED] - Statement - product = com.kms.katalon.core.webui.keyword.WebUiBuiltInKeywords.modifyObjectProperty(product, "xpath", "equals", "//*[@id = "fldvendor" + row + ""]", true): Modify property of object successfully

2018-05-31 15:17:33 - [MESSAGE][PASSED] - Modify property of object successfully

2018-05-31 15:17:33 - [TEST_STEP][PASSED] - selectOptionByIndex: All options with index in [1] are selected on object ''

2018-05-31 15:17:33 - [MESSAGE][PASSED] - All options with index in [1] are selected on object ''

2018-05-31 15:17:33 - [TEST_STEP][PASSED] - Statement - batch = new com.kms.katalon.core.testobject.TestObject(): null

2018-05-31 15:17:33 - [TEST_STEP][PASSED] - Statement - batch = com.kms.katalon.core.webui.keyword.WebUiBuiltInKeywords.modifyObjectProperty(batch, "xpath", "equals", "//*[@id = "txtbthqty" + row + ""]", true): Modify property of object successfully

2018-05-31 15:17:33 - [MESSAGE][PASSED] - Modify property of object successfully

2018-05-31 15:17:33 - [TEST_STEP][PASSED] - Statement - batchqty = com.kms.katalon.core.webui.keyword.WebUiBuiltInKeywords.getAttribute(batch, "value").trim(): Attribute 'value' of object '' is: '2300'

2018-05-31 15:17:33 - [MESSAGE][PASSED] - Attribute 'value' of object '' is: '2300'

2018-05-31 15:17:33 - [TEST_STEP][PASSED] - Statement - Rqty = 100: null

2018-05-31 15:17:33 - [TEST_STEP][PASSED] - delay: Delayed 2 second(s)

2018-05-31 15:17:35 - [MESSAGE][PASSED] - Delayed 2 second(s)

2018-05-31 15:17:35 - [TEST_STEP][PASSED] - Statement - out.println("BatchQty : " + batchqty): null

2018-05-31 15:17:35 - [TEST_STEP][PASSED] - Statement - out.println("RQty : " + Rqty): null

2018-05-31 15:17:35 - [TEST_STEP][PASSED] - Statement - If (java.lang.Integer.valueOf(batchqty) >= java.lang.Integer.valueOf(Rqty)): null

2018-05-31 15:17:35 - [TEST_STEP][PASSED] - Statement - Break: null

2018-05-31 15:17:35 - [TEST_STEP][PASSED] - Statement - batchlength = new com.kms.katalon.core.testobject.TestObject(): null

2018-05-31 15:17:35 - [TEST_STEP][PASSED] - Statement - batchlength = com.kms.katalon.core.webui.keyword.WebUiBuiltInKeywords.modifyObjectProperty(batchlength, "xpath", "equals", "//*[@id = "fldvendor" + row + ""]", true): Modify property of object successfully

2018-05-31 15:17:35 - [MESSAGE][PASSED] - Modify property of object successfully

2018-05-31 15:17:35 - [TEST_STEP][PASSED] - Statement - batchsize = com.kms.katalon.core.webui.keyword.WebUiBuiltInKeywords.getNumberOfTotalOption(batchlength): 13 options of object '' counted

2018-05-31 15:17:35 - [MESSAGE][PASSED] - 13 options of object '' counted

2018-05-31 15:17:35 - [TEST_STEP][PASSED] - Statement - out.println("BatchSize : " + batchsize): null

2018-05-31 15:17:35 - [TEST_STEP][PASSED] - Statement - For ([n = 1, n <= batchsize - 1, (n++)]): null

2018-05-31 15:17:35 - [TEST_STEP][PASSED] - Statement - product = new com.kms.katalon.core.testobject.TestObject(): null

2018-05-31 15:17:35 - [TEST_STEP][PASSED] - Statement - product = com.kms.katalon.core.webui.keyword.WebUiBuiltInKeywords.modifyObjectProperty(product, "xpath", "equals", "//*[@id = "fldvendor" + row + ""]", true): Modify property of object successfully

2018-05-31 15:17:35 - [MESSAGE][PASSED] - Modify property of object successfully

2018-05-31 15:17:35 - [TEST_STEP][PASSED] - selectOptionByIndex: All options with index in [1] are selected on object ''

2018-05-31 15:17:35 - [MESSAGE][PASSED] - All options with index in [1] are selected on object ''

2018-05-31 15:17:35 - [TEST_STEP][PASSED] - Statement - batch = new com.kms.katalon.core.testobject.TestObject(): null

2018-05-31 15:17:35 - [TEST_STEP][PASSED] - Statement - batch = com.kms.katalon.core.webui.keyword.WebUiBuiltInKeywords.modifyObjectProperty(batch, "xpath", "equals", "//*[@id = "txtbthqty" + row + ""]", true): Modify property of object successfully

2018-05-31 15:17:35 - [MESSAGE][PASSED] - Modify property of object successfully

2018-05-31 15:17:35 - [TEST_STEP][PASSED] - Statement - batchqty = com.kms.katalon.core.webui.keyword.WebUiBuiltInKeywords.getAttribute(batch, "value").trim(): Attribute 'value' of object '' is: '3300'

2018-05-31 15:17:35 - [MESSAGE][PASSED] - Attribute 'value' of object '' is: '3300'

2018-05-31 15:17:35 - [TEST_STEP][PASSED] - Statement - Rqty = 100: null

2018-05-31 15:17:35 - [TEST_STEP][PASSED] - delay: Delayed 2 second(s)

2018-05-31 15:17:37 - [MESSAGE][PASSED] - Delayed 2 second(s)

2018-05-31 15:17:37 - [TEST_STEP][PASSED] - Statement - out.println("BatchQty : " + batchqty): null

2018-05-31 15:17:37 - [TEST_STEP][PASSED] - Statement - out.println("RQty : " + Rqty): null

2018-05-31 15:17:37 - [TEST_STEP][PASSED] - Statement - If (java.lang.Integer.valueOf(batchqty) >= java.lang.Integer.valueOf(Rqty)): null

2018-05-31 15:17:37 - [TEST_STEP][PASSED] - Statement - Break: null

2018-05-31 15:17:37 - [TEST_STEP][PASSED] - Statement - batchlength = new com.kms.katalon.core.testobject.TestObject(): null

2018-05-31 15:17:37 - [TEST_STEP][PASSED] - Statement - batchlength = com.kms.katalon.core.webui.keyword.WebUiBuiltInKeywords.modifyObjectProperty(batchlength, "xpath", "equals", "//*[@id = "fldvendor" + row + ""]", true): Modify property of object successfully

2018-05-31 15:17:37 - [MESSAGE][PASSED] - Modify property of object successfully

2018-05-31 15:17:37 - [TEST_STEP][PASSED] - Statement - batchsize = com.kms.katalon.core.webui.keyword.WebUiBuiltInKeywords.getNumberOfTotalOption(batchlength): 13 options of object '' counted

2018-05-31 15:17:37 - [MESSAGE][PASSED] - 13 options of object '' counted

2018-05-31 15:17:37 - [TEST_STEP][PASSED] - Statement - out.println("BatchSize : " + batchsize): null

2018-05-31 15:17:37 - [TEST_STEP][PASSED] - Statement - For ([n = 1, n <= batchsize - 1, (n++)]): null

2018-05-31 15:17:37 - [TEST_STEP][PASSED] - Statement - product = new com.kms.katalon.core.testobject.TestObject(): null

2018-05-31 15:17:37 - [TEST_STEP][PASSED] - Statement - product = com.kms.katalon.core.webui.keyword.WebUiBuiltInKeywords.modifyObjectProperty(product, "xpath", "equals", "//*[@id = "fldvendor" + row + ""]", true): Modify property of object successfully

2018-05-31 15:17:37 - [MESSAGE][PASSED] - Modify property of object successfully

2018-05-31 15:17:37 - [TEST_STEP][PASSED] - selectOptionByIndex: All options with index in [1] are selected on object ''

2018-05-31 15:17:38 - [MESSAGE][PASSED] - All options with index in [1] are selected on object ''

2018-05-31 15:17:38 - [TEST_STEP][PASSED] - Statement - batch = new com.kms.katalon.core.testobject.TestObject(): null

2018-05-31 15:17:38 - [TEST_STEP][PASSED] - Statement - batch = com.kms.katalon.core.webui.keyword.WebUiBuiltInKeywords.modifyObjectProperty(batch, "xpath", "equals", "//*[@id = "txtbthqty" + row + ""]", true): Modify property of object successfully

2018-05-31 15:17:38 - [MESSAGE][PASSED] - Modify property of object successfully

2018-05-31 15:17:38 - [TEST_STEP][PASSED] - Statement - batchqty = com.kms.katalon.core.webui.keyword.WebUiBuiltInKeywords.getAttribute(batch, "value").trim(): Attribute 'value' of object '' is: '3300'

2018-05-31 15:17:38 - [MESSAGE][PASSED] - Attribute 'value' of object '' is: '3300'

2018-05-31 15:17:38 - [TEST_STEP][PASSED] - Statement - Rqty = 100: null

2018-05-31 15:17:38 - [TEST_STEP][PASSED] - delay: Delayed 2 second(s)

2018-05-31 15:17:40 - [MESSAGE][PASSED] - Delayed 2 second(s)

2018-05-31 15:17:40 - [TEST_STEP][PASSED] - Statement - out.println("BatchQty : " + batchqty): null

2018-05-31 15:17:40 - [TEST_STEP][PASSED] - Statement - out.println("RQty : " + Rqty): null

2018-05-31 15:17:40 - [TEST_STEP][PASSED] - Statement - If (java.lang.Integer.valueOf(batchqty) >= java.lang.Integer.valueOf(Rqty)): null

2018-05-31 15:17:40 - [TEST_STEP][PASSED] - Statement - Break: null

2018-05-31 15:17:40 - [TEST_STEP][PASSED] - Statement - batchlength = new com.kms.katalon.core.testobject.TestObject(): null

2018-05-31 15:17:40 - [TEST_STEP][PASSED] - Statement - batchlength = com.kms.katalon.core.webui.keyword.WebUiBuiltInKeywords.modifyObjectProperty(batchlength, "xpath", "equals", "//*[@id = "fldvendor" + row + ""]", true): Modify property of object successfully

2018-05-31 15:17:40 - [MESSAGE][PASSED] - Modify property of object successfully

2018-05-31 15:17:40 - [TEST_STEP][PASSED] - Statement - batchsize = com.kms.katalon.core.webui.keyword.WebUiBuiltInKeywords.getNumberOfTotalOption(batchlength): 13 options of object '' counted

2018-05-31 15:17:40 - [MESSAGE][PASSED] - 13 options of object '' counted

2018-05-31 15:17:40 - [TEST_STEP][PASSED] - Statement - out.println("BatchSize : " + batchsize): null

2018-05-31 15:17:40 - [TEST_STEP][PASSED] - Statement - For ([n = 1, n <= batchsize - 1, (n++)]): null

2018-05-31 15:17:40 - [TEST_STEP][PASSED] - Statement - product = new com.kms.katalon.core.testobject.TestObject(): null

2018-05-31 15:17:40 - [TEST_STEP][PASSED] - Statement - product = com.kms.katalon.core.webui.keyword.WebUiBuiltInKeywords.modifyObjectProperty(product, "xpath", "equals", "//*[@id = "fldvendor" + row + ""]", true): Modify property of object successfully

2018-05-31 15:17:40 - [MESSAGE][PASSED] - Modify property of object successfully

2018-05-31 15:17:40 - [TEST_STEP][PASSED] - selectOptionByIndex: All options with index in [1] are selected on object ''

2018-05-31 15:17:40 - [MESSAGE][PASSED] - All options with index in [1] are selected on object ''

2018-05-31 15:17:40 - [TEST_STEP][PASSED] - Statement - batch = new com.kms.katalon.core.testobject.TestObject(): null

2018-05-31 15:17:40 - [TEST_STEP][PASSED] - Statement - batch = com.kms.katalon.core.webui.keyword.WebUiBuiltInKeywords.modifyObjectProperty(batch, "xpath", "equals", "//*[@id = "txtbthqty" + row + ""]", true): Modify property of object successfully

2018-05-31 15:17:40 - [MESSAGE][PASSED] - Modify property of object successfully

2018-05-31 15:17:40 - [TEST_STEP][PASSED] - Statement - batchqty = com.kms.katalon.core.webui.keyword.WebUiBuiltInKeywords.getAttribute(batch, "value").trim(): Attribute 'value' of object '' is: '3300'

2018-05-31 15:17:40 - [MESSAGE][PASSED] - Attribute 'value' of object '' is: '3300'

2018-05-31 15:17:40 - [TEST_STEP][PASSED] - Statement - Rqty = 100: null

2018-05-31 15:17:40 - [TEST_STEP][PASSED] - delay: Delayed 2 second(s)

2018-05-31 15:17:42 - [MESSAGE][PASSED] - Delayed 2 second(s)

2018-05-31 15:17:42 - [TEST_STEP][PASSED] - Statement - out.println("BatchQty : " + batchqty): null

2018-05-31 15:17:42 - [TEST_STEP][PASSED] - Statement - out.println("RQty : " + Rqty): null

2018-05-31 15:17:42 - [TEST_STEP][PASSED] - Statement - If (java.lang.Integer.valueOf(batchqty) >= java.lang.Integer.valueOf(Rqty)): null

2018-05-31 15:17:42 - [TEST_STEP][PASSED] - Statement - Break: null

2018-05-31 15:17:42 - [TEST_STEP][PASSED] - Statement - batchlength = new com.kms.katalon.core.testobject.TestObject(): null

2018-05-31 15:17:42 - [TEST_STEP][PASSED] - Statement - batchlength = com.kms.katalon.core.webui.keyword.WebUiBuiltInKeywords.modifyObjectProperty(batchlength, "xpath", "equals", "//*[@id = "fldvendor" + row + ""]", true): Modify property of object successfully

2018-05-31 15:17:42 - [MESSAGE][PASSED] - Modify property of object successfully

2018-05-31 15:17:42 - [TEST_STEP][PASSED] - Statement - batchsize = com.kms.katalon.core.webui.keyword.WebUiBuiltInKeywords.getNumberOfTotalOption(batchlength): 13 options of object '' counted

2018-05-31 15:17:42 - [MESSAGE][PASSED] - 13 options of object '' counted

2018-05-31 15:17:42 - [TEST_STEP][PASSED] - Statement - out.println("BatchSize : " + batchsize): null

2018-05-31 15:17:42 - [TEST_STEP][PASSED] - Statement - For ([n = 1, n <= batchsize - 1, (n++)]): null

2018-05-31 15:17:42 - [TEST_STEP][PASSED] - Statement - product = new com.kms.katalon.core.testobject.TestObject(): null

2018-05-31 15:17:42 - [TEST_STEP][PASSED] - Statement - product = com.kms.katalon.core.webui.keyword.WebUiBuiltInKeywords.modifyObjectProperty(product, "xpath", "equals", "//*[@id = "fldvendor" + row + ""]", true): Modify property of object successfully

2018-05-31 15:17:42 - [MESSAGE][PASSED] - Modify property of object successfully

2018-05-31 15:17:42 - [TEST_STEP][PASSED] - selectOptionByIndex: All options with index in [1] are selected on object ''

2018-05-31 15:17:42 - [MESSAGE][PASSED] - All options with index in [1] are selected on object ''

2018-05-31 15:17:42 - [TEST_STEP][PASSED] - Statement - batch = new com.kms.katalon.core.testobject.TestObject(): null

2018-05-31 15:17:42 - [TEST_STEP][PASSED] - Statement - batch = com.kms.katalon.core.webui.keyword.WebUiBuiltInKeywords.modifyObjectProperty(batch, "xpath", "equals", "//*[@id = "txtbthqty" + row + ""]", true): Modify property of object successfully

2018-05-31 15:17:42 - [MESSAGE][PASSED] - Modify property of object successfully

2018-05-31 15:17:42 - [TEST_STEP][PASSED] - Statement - batchqty = com.kms.katalon.core.webui.keyword.WebUiBuiltInKeywords.getAttribute(batch, "value").trim(): Attribute 'value' of object '' is: '27200'

2018-05-31 15:17:42 - [MESSAGE][PASSED] - Attribute 'value' of object '' is: '27200'

2018-05-31 15:17:42 - [TEST_STEP][PASSED] - Statement - Rqty = 100: null

2018-05-31 15:17:42 - [TEST_STEP][PASSED] - delay: Delayed 2 second(s)

2018-05-31 15:17:44 - [MESSAGE][PASSED] - Delayed 2 second(s)

2018-05-31 15:17:44 - [TEST_STEP][PASSED] - Statement - out.println("BatchQty : " + batchqty): null

2018-05-31 15:17:44 - [TEST_STEP][PASSED] - Statement - out.println("RQty : " + Rqty): null

2018-05-31 15:17:44 - [TEST_STEP][PASSED] - Statement - If (java.lang.Integer.valueOf(batchqty) >= java.lang.Integer.valueOf(Rqty)): null

2018-05-31 15:17:44 - [TEST_STEP][PASSED] - Statement - Break: null

2018-05-31 15:17:44 - [TEST_STEP][PASSED] - Statement - batchlength = new com.kms.katalon.core.testobject.TestObject(): null

2018-05-31 15:17:44 - [TEST_STEP][PASSED] - Statement - batchlength = com.kms.katalon.core.webui.keyword.WebUiBuiltInKeywords.modifyObjectProperty(batchlength, "xpath", "equals", "//*[@id = "fldvendor" + row + ""]", true): Modify property of object successfully

2018-05-31 15:17:44 - [MESSAGE][PASSED] - Modify property of object successfully

2018-05-31 15:17:44 - [TEST_STEP][PASSED] - Statement - batchsize = com.kms.katalon.core.webui.keyword.WebUiBuiltInKeywords.getNumberOfTotalOption(batchlength): 13 options of object '' counted

2018-05-31 15:17:44 - [MESSAGE][PASSED] - 13 options of object '' counted

2018-05-31 15:17:44 - [TEST_STEP][PASSED] - Statement - out.println("BatchSize : " + batchsize): null

2018-05-31 15:17:44 - [TEST_STEP][PASSED] - Statement - For ([n = 1, n <= batchsize - 1, (n++)]): null

2018-05-31 15:17:44 - [TEST_STEP][PASSED] - Statement - product = new com.kms.katalon.core.testobject.TestObject(): null

2018-05-31 15:17:44 - [TEST_STEP][PASSED] - Statement - product = com.kms.katalon.core.webui.keyword.WebUiBuiltInKeywords.modifyObjectProperty(product, "xpath", "equals", "//*[@id = "fldvendor" + row + ""]", true): Modify property of object successfully

2018-05-31 15:17:44 - [MESSAGE][PASSED] - Modify property of object successfully

2018-05-31 15:17:44 - [TEST_STEP][PASSED] - selectOptionByIndex: All options with index in [1] are selected on object ''

2018-05-31 15:17:44 - [MESSAGE][PASSED] - All options with index in [1] are selected on object ''

2018-05-31 15:17:44 - [TEST_STEP][PASSED] - Statement - batch = new com.kms.katalon.core.testobject.TestObject(): null

2018-05-31 15:17:44 - [TEST_STEP][PASSED] - Statement - batch = com.kms.katalon.core.webui.keyword.WebUiBuiltInKeywords.modifyObjectProperty(batch, "xpath", "equals", "//*[@id = "txtbthqty" + row + ""]", true): Modify property of object successfully

2018-05-31 15:17:44 - [MESSAGE][PASSED] - Modify property of object successfully

2018-05-31 15:17:44 - [TEST_STEP][PASSED] - Statement - batchqty = com.kms.katalon.core.webui.keyword.WebUiBuiltInKeywords.getAttribute(batch, "value").trim(): Attribute 'value' of object '' is: '2300'

2018-05-31 15:17:44 - [MESSAGE][PASSED] - Attribute 'value' of object '' is: '2300'

2018-05-31 15:17:44 - [TEST_STEP][PASSED] - Statement - Rqty = 100: null

2018-05-31 15:17:44 - [TEST_STEP][PASSED] - delay: Delayed 2 second(s)

2018-05-31 15:17:46 - [MESSAGE][PASSED] - Delayed 2 second(s)

2018-05-31 15:17:46 - [TEST_STEP][PASSED] - Statement - out.println("BatchQty : " + batchqty): null

2018-05-31 15:17:46 - [TEST_STEP][PASSED] - Statement - out.println("RQty : " + Rqty): null

2018-05-31 15:17:46 - [TEST_STEP][PASSED] - Statement - If (java.lang.Integer.valueOf(batchqty) >= java.lang.Integer.valueOf(Rqty)): null

2018-05-31 15:17:46 - [TEST_STEP][PASSED] - Statement - Break: null

2018-05-31 15:17:46 - [TEST_STEP][PASSED] - Statement - batchlength = new com.kms.katalon.core.testobject.TestObject(): null

2018-05-31 15:17:46 - [TEST_STEP][PASSED] - Statement - batchlength = com.kms.katalon.core.webui.keyword.WebUiBuiltInKeywords.modifyObjectProperty(batchlength, "xpath", "equals", "//*[@id = "fldvendor" + row + ""]", true): Modify property of object successfully

2018-05-31 15:17:46 - [MESSAGE][PASSED] - Modify property of object successfully

2018-05-31 15:17:46 - [TEST_STEP][PASSED] - Statement - batchsize = com.kms.katalon.core.webui.keyword.WebUiBuiltInKeywords.getNumberOfTotalOption(batchlength): 13 options of object '' counted

2018-05-31 15:17:47 - [MESSAGE][PASSED] - 13 options of object '' counted

2018-05-31 15:17:47 - [TEST_STEP][PASSED] - Statement - out.println("BatchSize : " + batchsize): null

2018-05-31 15:17:47 - [TEST_STEP][PASSED] - Statement - For ([n = 1, n <= batchsize - 1, (n++)]): null

2018-05-31 15:17:47 - [TEST_STEP][PASSED] - Statement - product = new com.kms.katalon.core.testobject.TestObject(): null

2018-05-31 15:17:47 - [TEST_STEP][PASSED] - Statement - product = com.kms.katalon.core.webui.keyword.WebUiBuiltInKeywords.modifyObjectProperty(product, "xpath", "equals", "//*[@id = "fldvendor" + row + ""]", true): Modify property of object successfully

2018-05-31 15:17:47 - [MESSAGE][PASSED] - Modify property of object successfully

2018-05-31 15:17:47 - [TEST_STEP][PASSED] - selectOptionByIndex: All options with index in [1] are selected on object ''

2018-05-31 15:17:47 - [MESSAGE][PASSED] - All options with index in [1] are selected on object ''

2018-05-31 15:17:47 - [TEST_STEP][PASSED] - Statement - batch = new com.kms.katalon.core.testobject.TestObject(): null

2018-05-31 15:17:47 - [TEST_STEP][PASSED] - Statement - batch = com.kms.katalon.core.webui.keyword.WebUiBuiltInKeywords.modifyObjectProperty(batch, "xpath", "equals", "//*[@id = "txtbthqty" + row + ""]", true): Modify property of object successfully

2018-05-31 15:17:47 - [MESSAGE][PASSED] - Modify property of object successfully

2018-05-31 15:17:47 - [TEST_STEP][PASSED] - Statement - batchqty = com.kms.katalon.core.webui.keyword.WebUiBuiltInKeywords.getAttribute(batch, "value").trim(): Attribute 'value' of object '' is: '3300'

2018-05-31 15:17:47 - [MESSAGE][PASSED] - Attribute 'value' of object '' is: '3300'

2018-05-31 15:17:47 - [TEST_STEP][PASSED] - Statement - Rqty = 100: null

2018-05-31 15:17:47 - [TEST_STEP][PASSED] - delay: Delayed 2 second(s)

2018-05-31 15:17:49 - [MESSAGE][PASSED] - Delayed 2 second(s)

2018-05-31 15:17:49 - [TEST_STEP][PASSED] - Statement - out.println("BatchQty : " + batchqty): null

2018-05-31 15:17:49 - [TEST_STEP][PASSED] - Statement - out.println("RQty : " + Rqty): null

2018-05-31 15:17:49 - [TEST_STEP][PASSED] - Statement - If (java.lang.Integer.valueOf(batchqty) >= java.lang.Integer.valueOf(Rqty)): null

2018-05-31 15:17:49 - [TEST_STEP][PASSED] - Statement - Break: null

2018-05-31 15:17:49 - [TEST_STEP][PASSED] - Statement - batchlength = new com.kms.katalon.core.testobject.TestObject(): null

2018-05-31 15:17:49 - [TEST_STEP][PASSED] - Statement - batchlength = com.kms.katalon.core.webui.keyword.WebUiBuiltInKeywords.modifyObjectProperty(batchlength, "xpath", "equals", "//*[@id = "fldvendor" + row + ""]", true): Modify property of object successfully

2018-05-31 15:17:49 - [MESSAGE][PASSED] - Modify property of object successfully

2018-05-31 15:17:49 - [TEST_STEP][PASSED] - Statement - batchsize = com.kms.katalon.core.webui.keyword.WebUiBuiltInKeywords.getNumberOfTotalOption(batchlength): 13 options of object '' counted

2018-05-31 15:17:49 - [MESSAGE][PASSED] - 13 options of object '' counted

2018-05-31 15:17:49 - [TEST_STEP][PASSED] - Statement - out.println("BatchSize : " + batchsize): null

2018-05-31 15:17:49 - [TEST_STEP][PASSED] - Statement - For ([n = 1, n <= batchsize - 1, (n++)]): null

2018-05-31 15:17:49 - [TEST_STEP][PASSED] - Statement - product = new com.kms.katalon.core.testobject.TestObject(): null

2018-05-31 15:17:49 - [TEST_STEP][PASSED] - Statement - product = com.kms.katalon.core.webui.keyword.WebUiBuiltInKeywords.modifyObjectProperty(product, "xpath", "equals", "//*[@id = "fldvendor" + row + ""]", true): Modify property of object successfully

2018-05-31 15:17:49 - [MESSAGE][PASSED] - Modify property of object successfully

2018-05-31 15:17:49 - [TEST_STEP][PASSED] - selectOptionByIndex: All options with index in [1] are selected on object ''

2018-05-31 15:17:49 - [MESSAGE][PASSED] - All options with index in [1] are selected on object ''

2018-05-31 15:17:49 - [TEST_STEP][PASSED] - Statement - batch = new com.kms.katalon.core.testobject.TestObject(): null

2018-05-31 15:17:49 - [TEST_STEP][PASSED] - Statement - batch = com.kms.katalon.core.webui.keyword.WebUiBuiltInKeywords.modifyObjectProperty(batch, "xpath", "equals", "//*[@id = "txtbthqty" + row + ""]", true): Modify property of object successfully

2018-05-31 15:17:49 - [MESSAGE][PASSED] - Modify property of object successfully

2018-05-31 15:17:49 - [TEST_STEP][PASSED] - Statement - batchqty = com.kms.katalon.core.webui.keyword.WebUiBuiltInKeywords.getAttribute(batch, "value").trim(): Attribute 'value' of object '' is: '4800'

2018-05-31 15:17:49 - [MESSAGE][PASSED] - Attribute 'value' of object '' is: '4800'

2018-05-31 15:17:49 - [TEST_STEP][PASSED] - Statement - Rqty = 100: null

2018-05-31 15:17:49 - [TEST_STEP][PASSED] - delay: Delayed 2 second(s)

2018-05-31 15:17:51 - [MESSAGE][PASSED] - Delayed 2 second(s)

2018-05-31 15:17:51 - [TEST_STEP][PASSED] - Statement - out.println("BatchQty : " + batchqty): null

2018-05-31 15:17:51 - [TEST_STEP][PASSED] - Statement - out.println("RQty : " + Rqty): null

2018-05-31 15:17:51 - [TEST_STEP][PASSED] - Statement - If (java.lang.Integer.valueOf(batchqty) >= java.lang.Integer.valueOf(Rqty)): null

2018-05-31 15:17:51 - [TEST_STEP][PASSED] - Statement - Break: null

2018-05-31 15:17:51 - [TEST_STEP][PASSED] - Statement - batchlength = new com.kms.katalon.core.testobject.TestObject(): null

2018-05-31 15:17:51 - [TEST_STEP][PASSED] - Statement - batchlength = com.kms.katalon.core.webui.keyword.WebUiBuiltInKeywords.modifyObjectProperty(batchlength, "xpath", "equals", "//*[@id = "fldvendor" + row + ""]", true): Modify property of object successfully

2018-05-31 15:17:51 - [MESSAGE][PASSED] - Modify property of object successfully

2018-05-31 15:17:51 - [TEST_STEP][PASSED] - Statement - batchsize = com.kms.katalon.core.webui.keyword.WebUiBuiltInKeywords.getNumberOfTotalOption(batchlength): 13 options of object '' counted

2018-05-31 15:17:51 - [MESSAGE][PASSED] - 13 options of object '' counted

2018-05-31 15:17:51 - [TEST_STEP][PASSED] - Statement - out.println("BatchSize : " + batchsize): null

2018-05-31 15:17:51 - [TEST_STEP][PASSED] - Statement - For ([n = 1, n <= batchsize - 1, (n++)]): null

2018-05-31 15:17:51 - [TEST_STEP][PASSED] - Statement - product = new com.kms.katalon.core.testobject.TestObject(): null

2018-05-31 15:17:51 - [TEST_STEP][PASSED] - Statement - product = com.kms.katalon.core.webui.keyword.WebUiBuiltInKeywords.modifyObjectProperty(product, "xpath", "equals", "//*[@id = "fldvendor" + row + ""]", true): Modify property of object successfully

2018-05-31 15:17:51 - [MESSAGE][PASSED] - Modify property of object successfully

2018-05-31 15:17:51 - [TEST_STEP][PASSED] - selectOptionByIndex: All options with index in [1] are selected on object ''

2018-05-31 15:17:51 - [MESSAGE][PASSED] - All options with index in [1] are selected on object ''

2018-05-31 15:17:51 - [TEST_STEP][PASSED] - Statement - batch = new com.kms.katalon.core.testobject.TestObject(): null

2018-05-31 15:17:51 - [TEST_STEP][PASSED] - Statement - batch = com.kms.katalon.core.webui.keyword.WebUiBuiltInKeywords.modifyObjectProperty(batch, "xpath", "equals", "//*[@id = "txtbthqty" + row + ""]", true): Modify property of object successfully

2018-05-31 15:17:51 - [MESSAGE][PASSED] - Modify property of object successfully

2018-05-31 15:17:51 - [TEST_STEP][PASSED] - Statement - batchqty = com.kms.katalon.core.webui.keyword.WebUiBuiltInKeywords.getAttribute(batch, "value").trim(): Attribute 'value' of object '' is: '3300'

2018-05-31 15:17:51 - [MESSAGE][PASSED] - Attribute 'value' of object '' is: '3300'

2018-05-31 15:17:51 - [TEST_STEP][PASSED] - Statement - Rqty = 100: null

2018-05-31 15:17:51 - [TEST_STEP][PASSED] - delay: Delayed 2 second(s)

2018-05-31 15:17:53 - [MESSAGE][PASSED] - Delayed 2 second(s)

2018-05-31 15:17:53 - [TEST_STEP][PASSED] - Statement - out.println("BatchQty : " + batchqty): null

2018-05-31 15:17:53 - [TEST_STEP][PASSED] - Statement - out.println("RQty : " + Rqty): null

2018-05-31 15:17:53 - [TEST_STEP][PASSED] - Statement - If (java.lang.Integer.valueOf(batchqty) >= java.lang.Integer.valueOf(Rqty)): null

2018-05-31 15:17:53 - [TEST_STEP][PASSED] - Statement - Break: null

2018-05-31 15:17:53 - [TEST_STEP][PASSED] - Statement - batchlength = new com.kms.katalon.core.testobject.TestObject(): null

2018-05-31 15:17:53 - [TEST_STEP][PASSED] - Statement - batchlength = com.kms.katalon.core.webui.keyword.WebUiBuiltInKeywords.modifyObjectProperty(batchlength, "xpath", "equals", "//*[@id = "fldvendor" + row + ""]", true): Modify property of object successfully

2018-05-31 15:17:53 - [MESSAGE][PASSED] - Modify property of object successfully

2018-05-31 15:17:53 - [TEST_STEP][PASSED] - Statement - batchsize = com.kms.katalon.core.webui.keyword.WebUiBuiltInKeywords.getNumberOfTotalOption(batchlength): 13 options of object '' counted

2018-05-31 15:17:53 - [MESSAGE][PASSED] - 13 options of object '' counted

2018-05-31 15:17:53 - [TEST_STEP][PASSED] - Statement - out.println("BatchSize : " + batchsize): null

2018-05-31 15:17:53 - [TEST_STEP][PASSED] - Statement - For ([n = 1, n <= batchsize - 1, (n++)]): null

2018-05-31 15:17:53 - [TEST_STEP][PASSED] - Statement - product = new com.kms.katalon.core.testobject.TestObject(): null

2018-05-31 15:17:53 - [TEST_STEP][PASSED] - Statement - product = com.kms.katalon.core.webui.keyword.WebUiBuiltInKeywords.modifyObjectProperty(product, "xpath", "equals", "//*[@id = "fldvendor" + row + ""]", true): Modify property of object successfully

2018-05-31 15:17:53 - [MESSAGE][PASSED] - Modify property of object successfully

2018-05-31 15:17:53 - [TEST_STEP][PASSED] - selectOptionByIndex: All options with index in [1] are selected on object ''

2018-05-31 15:17:53 - [MESSAGE][PASSED] - All options with index in [1] are selected on object ''

2018-05-31 15:17:53 - [TEST_STEP][PASSED] - Statement - batch = new com.kms.katalon.core.testobject.TestObject(): null

2018-05-31 15:17:53 - [TEST_STEP][PASSED] - Statement - batch = com.kms.katalon.core.webui.keyword.WebUiBuiltInKeywords.modifyObjectProperty(batch, "xpath", "equals", "//*[@id = "txtbthqty" + row + ""]", true): Modify property of object successfully

2018-05-31 15:17:53 - [MESSAGE][PASSED] - Modify property of object successfully

2018-05-31 15:17:53 - [TEST_STEP][PASSED] - Statement - batchqty = com.kms.katalon.core.webui.keyword.WebUiBuiltInKeywords.getAttribute(batch, "value").trim(): Attribute 'value' of object '' is: '27200'

2018-05-31 15:17:53 - [MESSAGE][PASSED] - Attribute 'value' of object '' is: '27200'

2018-05-31 15:17:53 - [TEST_STEP][PASSED] - Statement - Rqty = 100: null

2018-05-31 15:17:53 - [TEST_STEP][PASSED] - delay: Delayed 2 second(s)

2018-05-31 15:17:55 - [MESSAGE][PASSED] - Delayed 2 second(s)

2018-05-31 15:17:55 - [TEST_STEP][PASSED] - Statement - out.println("BatchQty : " + batchqty): null

2018-05-31 15:17:55 - [TEST_STEP][PASSED] - Statement - out.println("RQty : " + Rqty): null

2018-05-31 15:17:55 - [TEST_STEP][PASSED] - Statement - If (java.lang.Integer.valueOf(batchqty) >= java.lang.Integer.valueOf(Rqty)): null

2018-05-31 15:17:55 - [TEST_STEP][PASSED] - Statement - Break: null

2018-05-31 15:17:55 - [TEST_STEP][PASSED] - Statement - batchlength = new com.kms.katalon.core.testobject.TestObject(): null

2018-05-31 15:17:55 - [TEST_STEP][PASSED] - Statement - batchlength = com.kms.katalon.core.webui.keyword.WebUiBuiltInKeywords.modifyObjectProperty(batchlength, "xpath", "equals", "//*[@id = "fldvendor" + row + ""]", true): Modify property of object successfully

2018-05-31 15:17:55 - [MESSAGE][PASSED] - Modify property of object successfully

2018-05-31 15:17:55 - [TEST_STEP][PASSED] - Statement - batchsize = com.kms.katalon.core.webui.keyword.WebUiBuiltInKeywords.getNumberOfTotalOption(batchlength): 13 options of object '' counted

2018-05-31 15:17:56 - [MESSAGE][PASSED] - 13 options of object '' counted

2018-05-31 15:17:56 - [TEST_STEP][PASSED] - Statement - out.println("BatchSize : " + batchsize): null

2018-05-31 15:17:56 - [TEST_STEP][PASSED] - Statement - For ([n = 1, n <= batchsize - 1, (n++)]): null

2018-05-31 15:17:56 - [TEST_STEP][PASSED] - Statement - product = new com.kms.katalon.core.testobject.TestObject(): null

2018-05-31 15:17:56 - [TEST_STEP][PASSED] - Statement - product = com.kms.katalon.core.webui.keyword.WebUiBuiltInKeywords.modifyObjectProperty(product, "xpath", "equals", "//*[@id = "fldvendor" + row + ""]", true): Modify property of object successfully

2018-05-31 15:17:56 - [MESSAGE][PASSED] - Modify property of object successfully

2018-05-31 15:17:56 - [TEST_STEP][PASSED] - selectOptionByIndex: All options with index in [1] are selected on object ''

2018-05-31 15:17:56 - [MESSAGE][PASSED] - All options with index in [1] are selected on object ''

2018-05-31 15:17:56 - [TEST_STEP][PASSED] - Statement - batch = new com.kms.katalon.core.testobject.TestObject(): null

2018-05-31 15:17:56 - [TEST_STEP][PASSED] - Statement - batch = com.kms.katalon.core.webui.keyword.WebUiBuiltInKeywords.modifyObjectProperty(batch, "xpath", "equals", "//*[@id = "txtbthqty" + row + ""]", true): Modify property of object successfully

2018-05-31 15:17:56 - [MESSAGE][PASSED] - Modify property of object successfully

2018-05-31 15:17:56 - [TEST_STEP][PASSED] - Statement - batchqty = com.kms.katalon.core.webui.keyword.WebUiBuiltInKeywords.getAttribute(batch, "value").trim(): Attribute 'value' of object '' is: '3300'

2018-05-31 15:17:56 - [MESSAGE][PASSED] - Attribute 'value' of object '' is: '3300'

2018-05-31 15:17:56 - [TEST_STEP][PASSED] - Statement - Rqty = 100: null

2018-05-31 15:17:56 - [TEST_STEP][PASSED] - delay: Delayed 2 second(s)

2018-05-31 15:17:58 - [MESSAGE][PASSED] - Delayed 2 second(s)

2018-05-31 15:17:58 - [TEST_STEP][PASSED] - Statement - out.println("BatchQty : " + batchqty): null

2018-05-31 15:17:58 - [TEST_STEP][PASSED] - Statement - out.println("RQty : " + Rqty): null

2018-05-31 15:17:58 - [TEST_STEP][PASSED] - Statement - If (java.lang.Integer.valueOf(batchqty) >= java.lang.Integer.valueOf(Rqty)): null

2018-05-31 15:17:58 - [TEST_STEP][PASSED] - Statement - Break: null

2018-05-31 15:17:58 - [TEST_STEP][PASSED] - Statement - batchlength = new com.kms.katalon.core.testobject.TestObject(): null

2018-05-31 15:17:58 - [TEST_STEP][PASSED] - Statement - batchlength = com.kms.katalon.core.webui.keyword.WebUiBuiltInKeywords.modifyObjectProperty(batchlength, "xpath", "equals", "//*[@id = "fldvendor" + row + ""]", true): Modify property of object successfully

2018-05-31 15:17:58 - [MESSAGE][PASSED] - Modify property of object successfully

2018-05-31 15:17:58 - [TEST_STEP][PASSED] - Statement - batchsize = com.kms.katalon.core.webui.keyword.WebUiBuiltInKeywords.getNumberOfTotalOption(batchlength): 25 options of object '' counted

2018-05-31 15:17:58 - [MESSAGE][PASSED] - 25 options of object '' counted

2018-05-31 15:17:58 - [TEST_STEP][PASSED] - Statement - out.println("BatchSize : " + batchsize): null

2018-05-31 15:17:58 - [TEST_STEP][PASSED] - Statement - For ([n = 1, n <= batchsize - 1, (n++)]): null

2018-05-31 15:17:58 - [TEST_STEP][PASSED] - Statement - product = new com.kms.katalon.core.testobject.TestObject(): null

2018-05-31 15:17:58 - [TEST_STEP][PASSED] - Statement - product = com.kms.katalon.core.webui.keyword.WebUiBuiltInKeywords.modifyObjectProperty(product, "xpath", "equals", "//*[@id = "fldvendor" + row + ""]", true): Modify property of object successfully

2018-05-31 15:17:58 - [MESSAGE][PASSED] - Modify property of object successfully

2018-05-31 15:17:58 - [TEST_STEP][PASSED] - selectOptionByIndex: All options with index in [1] are selected on object ''

2018-05-31 15:17:58 - [MESSAGE][PASSED] - All options with index in [1] are selected on object ''

2018-05-31 15:17:58 - [TEST_STEP][PASSED] - Statement - batch = new com.kms.katalon.core.testobject.TestObject(): null

2018-05-31 15:17:58 - [TEST_STEP][PASSED] - Statement - batch = com.kms.katalon.core.webui.keyword.WebUiBuiltInKeywords.modifyObjectProperty(batch, "xpath", "equals", "//*[@id = "txtbthqty" + row + ""]", true): Modify property of object successfully

2018-05-31 15:17:58 - [MESSAGE][PASSED] - Modify property of object successfully

2018-05-31 15:17:58 - [TEST_STEP][PASSED] - Statement - batchqty = com.kms.katalon.core.webui.keyword.WebUiBuiltInKeywords.getAttribute(batch, "value").trim(): Attribute 'value' of object '' is: '4600'

2018-05-31 15:17:58 - [MESSAGE][PASSED] - Attribute 'value' of object '' is: '4600'

2018-05-31 15:17:58 - [TEST_STEP][PASSED] - Statement - Rqty = 100: null

2018-05-31 15:17:58 - [TEST_STEP][PASSED] - delay: Delayed 2 second(s)

2018-05-31 15:18:00 - [MESSAGE][PASSED] - Delayed 2 second(s)

2018-05-31 15:18:00 - [TEST_STEP][PASSED] - Statement - out.println("BatchQty : " + batchqty): null

2018-05-31 15:18:00 - [TEST_STEP][PASSED] - Statement - out.println("RQty : " + Rqty): null

2018-05-31 15:18:00 - [TEST_STEP][PASSED] - Statement - If (java.lang.Integer.valueOf(batchqty) >= java.lang.Integer.valueOf(Rqty)): null

2018-05-31 15:18:00 - [TEST_STEP][PASSED] - Statement - Break: null

2018-05-31 15:18:00 - [TEST_STEP][PASSED] - Statement - batchlength = new com.kms.katalon.core.testobject.TestObject(): null

2018-05-31 15:18:00 - [TEST_STEP][PASSED] - Statement - batchlength = com.kms.katalon.core.webui.keyword.WebUiBuiltInKeywords.modifyObjectProperty(batchlength, "xpath", "equals", "//*[@id = "fldvendor" + row + ""]", true): Modify property of object successfully

2018-05-31 15:18:00 - [MESSAGE][PASSED] - Modify property of object successfully

2018-05-31 15:18:00 - [TEST_STEP][PASSED] - Statement - batchsize = com.kms.katalon.core.webui.keyword.WebUiBuiltInKeywords.getNumberOfTotalOption(batchlength): 25 options of object '' counted

2018-05-31 15:18:00 - [MESSAGE][PASSED] - 25 options of object '' counted

2018-05-31 15:18:00 - [TEST_STEP][PASSED] - Statement - out.println("BatchSize : " + batchsize): null

2018-05-31 15:18:00 - [TEST_STEP][PASSED] - Statement - For ([n = 1, n <= batchsize - 1, (n++)]): null

2018-05-31 15:18:00 - [TEST_STEP][PASSED] - Statement - product = new com.kms.katalon.core.testobject.TestObject(): null

2018-05-31 15:18:00 - [TEST_STEP][PASSED] - Statement - product = com.kms.katalon.core.webui.keyword.WebUiBuiltInKeywords.modifyObjectProperty(product, "xpath", "equals", "//*[@id = "fldvendor" + row + ""]", true): Modify property of object successfully

2018-05-31 15:18:00 - [MESSAGE][PASSED] - Modify property of object successfully

2018-05-31 15:18:00 - [TEST_STEP][PASSED] - selectOptionByIndex: All options with index in [1] are selected on object ''

2018-05-31 15:18:00 - [MESSAGE][PASSED] - All options with index in [1] are selected on object ''

2018-05-31 15:18:00 - [TEST_STEP][PASSED] - Statement - batch = new com.kms.katalon.core.testobject.TestObject(): null

2018-05-31 15:18:00 - [TEST_STEP][PASSED] - Statement - batch = com.kms.katalon.core.webui.keyword.WebUiBuiltInKeywords.modifyObjectProperty(batch, "xpath", "equals", "//*[@id = "txtbthqty" + row + ""]", true): Modify property of object successfully

2018-05-31 15:18:00 - [MESSAGE][PASSED] - Modify property of object successfully

2018-05-31 15:18:00 - [TEST_STEP][PASSED] - Statement - batchqty = com.kms.katalon.core.webui.keyword.WebUiBuiltInKeywords.getAttribute(batch, "value").trim(): Attribute 'value' of object '' is: '4600'

2018-05-31 15:18:00 - [MESSAGE][PASSED] - Attribute 'value' of object '' is: '4600'

2018-05-31 15:18:00 - [TEST_STEP][PASSED] - Statement - Rqty = 100: null

2018-05-31 15:18:00 - [TEST_STEP][PASSED] - delay: Delayed 2 second(s)

2018-05-31 15:18:02 - [MESSAGE][PASSED] - Delayed 2 second(s)

2018-05-31 15:18:02 - [TEST_STEP][PASSED] - Statement - out.println("BatchQty : " + batchqty): null

2018-05-31 15:18:02 - [TEST_STEP][PASSED] - Statement - out.println("RQty : " + Rqty): null

2018-05-31 15:18:02 - [TEST_STEP][PASSED] - Statement - If (java.lang.Integer.valueOf(batchqty) >= java.lang.Integer.valueOf(Rqty)): null

2018-05-31 15:18:02 - [TEST_STEP][PASSED] - Statement - Break: null

2018-05-31 15:18:02 - [TEST_STEP][PASSED] - Statement - batchlength = new com.kms.katalon.core.testobject.TestObject(): null

2018-05-31 15:18:02 - [TEST_STEP][PASSED] - Statement - batchlength = com.kms.katalon.core.webui.keyword.WebUiBuiltInKeywords.modifyObjectProperty(batchlength, "xpath", "equals", "//*[@id = "fldvendor" + row + ""]", true): Modify property of object successfully

2018-05-31 15:18:02 - [MESSAGE][PASSED] - Modify property of object successfully

2018-05-31 15:18:02 - [TEST_STEP][PASSED] - Statement - batchsize = com.kms.katalon.core.webui.keyword.WebUiBuiltInKeywords.getNumberOfTotalOption(batchlength): 13 options of object '' counted

2018-05-31 15:18:02 - [MESSAGE][PASSED] - 13 options of object '' counted

2018-05-31 15:18:02 - [TEST_STEP][PASSED] - Statement - out.println("BatchSize : " + batchsize): null

2018-05-31 15:18:02 - [TEST_STEP][PASSED] - Statement - For ([n = 1, n <= batchsize - 1, (n++)]): null

2018-05-31 15:18:02 - [TEST_STEP][PASSED] - Statement - product = new com.kms.katalon.core.testobject.TestObject(): null

2018-05-31 15:18:02 - [TEST_STEP][PASSED] - Statement - product = com.kms.katalon.core.webui.keyword.WebUiBuiltInKeywords.modifyObjectProperty(product, "xpath", "equals", "//*[@id = "fldvendor" + row + ""]", true): Modify property of object successfully

2018-05-31 15:18:02 - [MESSAGE][PASSED] - Modify property of object successfully

2018-05-31 15:18:02 - [TEST_STEP][PASSED] - selectOptionByIndex: All options with index in [1] are selected on object ''

2018-05-31 15:18:02 - [MESSAGE][PASSED] - All options with index in [1] are selected on object ''

2018-05-31 15:18:02 - [TEST_STEP][PASSED] - Statement - batch = new com.kms.katalon.core.testobject.TestObject(): null

2018-05-31 15:18:02 - [TEST_STEP][PASSED] - Statement - batch = com.kms.katalon.core.webui.keyword.WebUiBuiltInKeywords.modifyObjectProperty(batch, "xpath", "equals", "//*[@id = "txtbthqty" + row + ""]", true): Modify property of object successfully

2018-05-31 15:18:02 - [MESSAGE][PASSED] - Modify property of object successfully

2018-05-31 15:18:02 - [TEST_STEP][PASSED] - Statement - batchqty = com.kms.katalon.core.webui.keyword.WebUiBuiltInKeywords.getAttribute(batch, "value").trim(): Attribute 'value' of object '' is: '3300'

2018-05-31 15:18:03 - [MESSAGE][PASSED] - Attribute 'value' of object '' is: '3300'

2018-05-31 15:18:03 - [TEST_STEP][PASSED] - Statement - Rqty = 100: null

2018-05-31 15:18:03 - [TEST_STEP][PASSED] - delay: Delayed 2 second(s)

2018-05-31 15:18:05 - [MESSAGE][PASSED] - Delayed 2 second(s)

2018-05-31 15:18:05 - [TEST_STEP][PASSED] - Statement - out.println("BatchQty : " + batchqty): null

2018-05-31 15:18:05 - [TEST_STEP][PASSED] - Statement - out.println("RQty : " + Rqty): null

2018-05-31 15:18:05 - [TEST_STEP][PASSED] - Statement - If (java.lang.Integer.valueOf(batchqty) >= java.lang.Integer.valueOf(Rqty)): null

2018-05-31 15:18:05 - [TEST_STEP][PASSED] - Statement - Break: null

2018-05-31 15:18:05 - [TEST_STEP][PASSED] - Statement - batchlength = new com.kms.katalon.core.testobject.TestObject(): null

2018-05-31 15:18:05 - [TEST_STEP][PASSED] - Statement - batchlength = com.kms.katalon.core.webui.keyword.WebUiBuiltInKeywords.modifyObjectProperty(batchlength, "xpath", "equals", "//*[@id = "fldvendor" + row + ""]", true): Modify property of object successfully

2018-05-31 15:18:05 - [MESSAGE][PASSED] - Modify property of object successfully

2018-05-31 15:18:05 - [TEST_STEP][PASSED] - Statement - batchsize = com.kms.katalon.core.webui.keyword.WebUiBuiltInKeywords.getNumberOfTotalOption(batchlength): 13 options of object '' counted

2018-05-31 15:18:05 - [MESSAGE][PASSED] - 13 options of object '' counted

2018-05-31 15:18:05 - [TEST_STEP][PASSED] - Statement - out.println("BatchSize : " + batchsize): null

2018-05-31 15:18:05 - [TEST_STEP][PASSED] - Statement - For ([n = 1, n <= batchsize - 1, (n++)]): null

2018-05-31 15:18:05 - [TEST_STEP][PASSED] - Statement - product = new com.kms.katalon.core.testobject.TestObject(): null

2018-05-31 15:18:05 - [TEST_STEP][PASSED] - Statement - product = com.kms.katalon.core.webui.keyword.WebUiBuiltInKeywords.modifyObjectProperty(product, "xpath", "equals", "//*[@id = "fldvendor" + row + ""]", true): Modify property of object successfully

2018-05-31 15:18:05 - [MESSAGE][PASSED] - Modify property of object successfully

2018-05-31 15:18:05 - [TEST_STEP][PASSED] - selectOptionByIndex: All options with index in [1] are selected on object ''

2018-05-31 15:18:05 - [MESSAGE][PASSED] - All options with index in [1] are selected on object ''

2018-05-31 15:18:05 - [TEST_STEP][PASSED] - Statement - batch = new com.kms.katalon.core.testobject.TestObject(): null

2018-05-31 15:18:05 - [TEST_STEP][PASSED] - Statement - batch = com.kms.katalon.core.webui.keyword.WebUiBuiltInKeywords.modifyObjectProperty(batch, "xpath", "equals", "//*[@id = "txtbthqty" + row + ""]", true): Modify property of object successfully

2018-05-31 15:18:05 - [MESSAGE][PASSED] - Modify property of object successfully

2018-05-31 15:18:05 - [TEST_STEP][PASSED] - Statement - batchqty = com.kms.katalon.core.webui.keyword.WebUiBuiltInKeywords.getAttribute(batch, "value").trim(): Attribute 'value' of object '' is: '27200'

2018-05-31 15:18:05 - [MESSAGE][PASSED] - Attribute 'value' of object '' is: '27200'

2018-05-31 15:18:05 - [TEST_STEP][PASSED] - Statement - Rqty = 100: null

2018-05-31 15:18:05 - [TEST_STEP][PASSED] - delay: Delayed 2 second(s)

2018-05-31 15:18:07 - [MESSAGE][PASSED] - Delayed 2 second(s)

2018-05-31 15:18:07 - [TEST_STEP][PASSED] - Statement - out.println("BatchQty : " + batchqty): null

2018-05-31 15:18:07 - [TEST_STEP][PASSED] - Statement - out.println("RQty : " + Rqty): null

2018-05-31 15:18:07 - [TEST_STEP][PASSED] - Statement - If (java.lang.Integer.valueOf(batchqty) >= java.lang.Integer.valueOf(Rqty)): null

2018-05-31 15:18:07 - [TEST_STEP][PASSED] - Statement - Break: null

2018-05-31 15:18:07 - [TEST_STEP][PASSED] - delay: Delayed 2 second(s)

2018-05-31 15:18:09 - [MESSAGE][PASSED] - Delayed 2 second(s)

2018-05-31 15:18:09 - [TEST_STEP][PASSED] - click: Object: 'Object Repository/DispensaryToCms/Page_KDMC - CMS/input_btndispatch' is clicked on

2018-05-31 15:18:09 - [MESSAGE][PASSED] - Object: 'Object Repository/DispensaryToCms/Page_KDMC - CMS/input_btndispatch' is clicked on

2018-05-31 15:18:09 - [TEST_STEP][PASSED] - delay: Delayed 3 second(s)

2018-05-31 15:18:12 - [MESSAGE][PASSED] - Delayed 3 second(s)

2018-05-31 15:18:12 - [TEST_STEP][PASSED] - click: Object: 'Object Repository/DispensaryToCms/Page_KDMC - CMS/button_OK' is clicked on

2018-05-31 15:18:12 - [MESSAGE][PASSED] - Object: 'Object Repository/DispensaryToCms/Page_KDMC - CMS/button_OK' is clicked on

2018-05-31 15:18:12 - [TEST_STEP][PASSED] - delay: Delayed 3 second(s)

2018-05-31 15:18:15 - [MESSAGE][PASSED] - Delayed 3 second(s)

2018-05-31 15:18:15 - [TEST_STEP][PASSED] - waitForElementPresent: Object 'Object Repository/DispensaryToStore/Page_Dispensary Store/a_dropdown-toggle' is not present after 20 second(s)

2018-05-31 15:18:36 - [MESSAGE][WARNING] - Object 'Object Repository/DispensaryToStore/Page_Dispensary Store/a_dropdown-toggle' is not present after 20 second(s)

2018-05-31 15:18:36 - [TEST_STEP][PASSED] - click: Object: 'Object Repository/DispensaryToCms/Page_KDMC - CMS/a_dropdown-toggle' is clicked on

2018-05-31 15:18:36 - [MESSAGE][PASSED] - Object: 'Object Repository/DispensaryToCms/Page_KDMC - CMS/a_dropdown-toggle' is clicked on

2018-05-31 15:18:36 - [TEST_STEP][PASSED] - click: Object: 'Object Repository/DispensaryToCms/Page_KDMC - CMS/a_Sign out' is clicked on

2018-05-31 15:18:37 - [MESSAGE][PASSED] - Object: 'Object Repository/DispensaryToCms/Page_KDMC - CMS/a_Sign out' is clicked on

2018-05-31 15:18:37 - [TEST_STEP][PASSED] - delay: Delayed 3 second(s)

2018-05-31 15:18:40 - [MESSAGE][PASSED] - Delayed 3 second(s)

2018-05-31 15:18:40 - [TEST_STEP][PASSED] - navigateToUrl: Navigate to 'http://192.168.137.1/multihospital_new/HDSplashscreen.aspx' successfully

2018-05-31 15:18:40 - [MESSAGE][PASSED] - Navigate to 'http://192.168.137.1/multihospital_new/HDSplashscreen.aspx' successfully

2018-05-31 15:18:40 - [TEST_STEP][PASSED] - click: Object: 'Object Repository/DispensaryToCms/Page_KDMC/a_Dispensary Store' is clicked on

2018-05-31 15:18:41 - [MESSAGE][PASSED] - Object: 'Object Repository/DispensaryToCms/Page_KDMC/a_Dispensary Store' is clicked on

2018-05-31 15:18:41 - [TEST_STEP][PASSED] - setText: Text 'rajaram' is set on object 'Object Repository/DispensaryToCms/Page_Dispensary Store Login/input_txtusername'

2018-05-31 15:18:41 - [MESSAGE][PASSED] - Text 'rajaram' is set on object 'Object Repository/DispensaryToCms/Page_Dispensary Store Login/input_txtusername'

2018-05-31 15:18:41 - [TEST_STEP][PASSED] - setText: Text '123' is set on object 'Object Repository/DispensaryToCms/Page_Dispensary Store Login/input_txtpassword'

2018-05-31 15:18:41 - [MESSAGE][PASSED] - Text '123' is set on object 'Object Repository/DispensaryToCms/Page_Dispensary Store Login/input_txtpassword'

2018-05-31 15:18:41 - [TEST_STEP][PASSED] - delay: Delayed 3 second(s)

2018-05-31 15:18:44 - [MESSAGE][PASSED] - Delayed 3 second(s)

2018-05-31 15:18:44 - [TEST_STEP][PASSED] - click: Object: 'Object Repository/DispensaryToCms/Page_Dispensary Store Login/button_Sign in' is clicked on

2018-05-31 15:18:44 - [MESSAGE][PASSED] - Object: 'Object Repository/DispensaryToCms/Page_Dispensary Store Login/button_Sign in' is clicked on

2018-05-31 15:18:44 - [TEST_STEP][PASSED] - delay: Delayed 3 second(s)

2018-05-31 15:18:47 - [MESSAGE][PASSED] - Delayed 3 second(s)

2018-05-31 15:18:47 - [TEST_STEP][PASSED] - click: Object: 'Object Repository/DispensaryToCms/Page_Dispensary Store/a_CMS' is clicked on

2018-05-31 15:18:48 - [MESSAGE][PASSED] - Object: 'Object Repository/DispensaryToCms/Page_Dispensary Store/a_CMS' is clicked on

2018-05-31 15:18:48 - [TEST_STEP][PASSED] - delay: Delayed 2 second(s)

2018-05-31 15:18:50 - [MESSAGE][PASSED] - Delayed 2 second(s)

2018-05-31 15:18:50 - [TEST_STEP][PASSED] - click: Object: 'Object Repository/DispensaryToCms/Page_Dispensary Store/a_Receiving Goods' is clicked on

2018-05-31 15:18:51 - [MESSAGE][PASSED] - Object: 'Object Repository/DispensaryToCms/Page_Dispensary Store/a_Receiving Goods' is clicked on

2018-05-31 15:18:51 - [TEST_STEP][PASSED] - setText: Text 'PRNO/31052018/517' is set on object 'Object Repository/DispensaryToCms/Page_Dispensary Store/input'

2018-05-31 15:18:51 - [MESSAGE][PASSED] - Text 'PRNO/31052018/517' is set on object 'Object Repository/DispensaryToCms/Page_Dispensary Store/input'

2018-05-31 15:18:51 - [TEST_STEP][PASSED] - click: Object: 'Object Repository/DispensaryToCms/Page_Dispensary Store/input_PRNO18052018174' is clicked on

2018-05-31 15:18:51 - [MESSAGE][PASSED] - Object: 'Object Repository/DispensaryToCms/Page_Dispensary Store/input_PRNO18052018174' is clicked on

2018-05-31 15:18:51 - [TEST_STEP][PASSED] - delay: Delayed 2 second(s)

2018-05-31 15:18:53 - [MESSAGE][PASSED] - Delayed 2 second(s)

2018-05-31 15:18:53 - [TEST_STEP][PASSED] - click: Object: 'Object Repository/DispensaryToCms/Page_Dispensary Store/input_chkrem' is clicked on

2018-05-31 15:18:53 - [MESSAGE][PASSED] - Object: 'Object Repository/DispensaryToCms/Page_Dispensary Store/input_chkrem' is clicked on

2018-05-31 15:18:53 - [TEST_STEP][PASSED] - scrollToElement: Scroll to object 'Object Repository/DispensaryToCms/Page_Dispensary Store/input_btchkroqadd' successfully

2018-05-31 15:18:53 - [MESSAGE][PASSED] - Scroll to object 'Object Repository/DispensaryToCms/Page_Dispensary Store/input_btchkroqadd' successfully

2018-05-31 15:18:53 - [TEST_STEP][PASSED] - click: Object: 'Object Repository/DispensaryToCms/Page_Dispensary Store/input_btchkroqadd' is clicked on

2018-05-31 15:18:53 - [MESSAGE][PASSED] - Object: 'Object Repository/DispensaryToCms/Page_Dispensary Store/input_btchkroqadd' is clicked on

2018-05-31 15:18:53 - [TEST_STEP][PASSED] - delay: Delayed 2 second(s)

2018-05-31 15:18:55 - [MESSAGE][PASSED] - Delayed 2 second(s)

2018-05-31 15:18:55 - [TEST_STEP][PASSED] - refresh: Refresh successfully

2018-05-31 15:18:56 - [MESSAGE][PASSED] - Refresh successfully

2018-05-31 15:18:56 - [TEST_STEP][PASSED] - delay: Delayed 3 second(s)

2018-05-31 15:18:59 - [MESSAGE][PASSED] - Delayed 3 second(s)

2018-05-31 15:18:59 - [TEST_STEP][PASSED] - waitForElementPresent: Object 'Object Repository/DispensaryToStore/Page_Dispensary Store/a_dropdown-toggle' is present

2018-05-31 15:18:59 - [MESSAGE][PASSED] - Object 'Object Repository/DispensaryToStore/Page_Dispensary Store/a_dropdown-toggle' is present

2018-05-31 15:18:59 - [TEST_STEP][PASSED] - click: Object: 'Object Repository/DispensaryToCms/Page_Dispensary Store/a_dropdown-toggle' is clicked on

2018-05-31 15:18:59 - [MESSAGE][PASSED] - Object: 'Object Repository/DispensaryToCms/Page_Dispensary Store/a_dropdown-toggle' is clicked on

2018-05-31 15:18:59 - [TEST_STEP][PASSED] - click: Object: 'Object Repository/DispensaryToCms/Page_Dispensary Store/a_Sign out' is clicked on

2018-05-31 15:19:00 - [MESSAGE][PASSED] - Object: 'Object Repository/DispensaryToCms/Page_Dispensary Store/a_Sign out' is clicked on

2018-05-31 15:19:00 - [TEST_STEP][PASSED] - closeBrowser: Browser is closed

2018-05-31 15:19:00 - [MESSAGE][PASSED] - Browser is closed]]></system-out>
         <system-err><![CDATA[]]></system-err>
      </testcase>
      <testcase name="Test Cases/DISPENSARY TEST CASES/TC_DP_023 Verify Schedule 11 Dispensary To CMS Request Are Working Successfully Or Not" classname="Test Cases/DISPENSARY TEST CASES/TC_DP_023 Verify Schedule 11 Dispensary To CMS Request Are Working Successfully Or Not" status="ERROR">
         <error type="ERROR" message="Test Cases/DISPENSARY TEST CASES/TC_DP_023 Verify Schedule 11 Dispensary To CMS Request Are Working Successfully Or Not FAILED because (of) java.lang.ArrayIndexOutOfBoundsException: 2"/>
         <system-out><![CDATA[2018-05-31 15:19:00 - [TEST_CASE][ERROR] - Test Cases/DISPENSARY TEST CASES/TC_DP_023 Verify Schedule 11 Dispensary To CMS Request Are Working Successfully Or Not: Test Cases/DISPENSARY TEST CASES/TC_DP_023 Verify Schedule 11 Dispensary To CMS Request Are Working Successfully Or Not FAILED because (of) java.lang.ArrayIndexOutOfBoundsException: 2

2018-05-31 15:19:01 - [TEST_STEP][PASSED] - openBrowser: Browser is opened with url: ''

2018-05-31 15:19:03 - [MESSAGE][PASSED] - Browser is opened with url: ''

2018-05-31 15:19:03 - [TEST_STEP][PASSED] - navigateToUrl: Navigate to 'http://192.168.137.1/multihospital_new/HDSplashscreen.aspx' successfully

2018-05-31 15:19:07 - [MESSAGE][PASSED] - Navigate to 'http://192.168.137.1/multihospital_new/HDSplashscreen.aspx' successfully

2018-05-31 15:19:07 - [TEST_STEP][PASSED] - maximizeWindow: Current window maximized

2018-05-31 15:19:08 - [MESSAGE][PASSED] - Current window maximized

2018-05-31 15:19:08 - [TEST_STEP][PASSED] - click: Object: 'Object Repository/DispensaryToCms/Page_KDMC/a_Dispensary Store' is clicked on

2018-05-31 15:19:09 - [MESSAGE][PASSED] - Object: 'Object Repository/DispensaryToCms/Page_KDMC/a_Dispensary Store' is clicked on

2018-05-31 15:19:09 - [TEST_STEP][PASSED] - setText: Text 'rajaram' is set on object 'Object Repository/DispensaryToCms/Page_Dispensary Store Login/input_txtusername'

2018-05-31 15:19:09 - [MESSAGE][PASSED] - Text 'rajaram' is set on object 'Object Repository/DispensaryToCms/Page_Dispensary Store Login/input_txtusername'

2018-05-31 15:19:09 - [TEST_STEP][PASSED] - setText: Text '123' is set on object 'Object Repository/DispensaryToCms/Page_Dispensary Store Login/input_txtpassword'

2018-05-31 15:19:09 - [MESSAGE][PASSED] - Text '123' is set on object 'Object Repository/DispensaryToCms/Page_Dispensary Store Login/input_txtpassword'

2018-05-31 15:19:09 - [TEST_STEP][PASSED] - delay: Delayed 3 second(s)

2018-05-31 15:19:12 - [MESSAGE][PASSED] - Delayed 3 second(s)

2018-05-31 15:19:12 - [TEST_STEP][PASSED] - click: Object: 'Object Repository/DispensaryToCms/Page_Dispensary Store Login/button_Sign in' is clicked on

2018-05-31 15:19:13 - [MESSAGE][PASSED] - Object: 'Object Repository/DispensaryToCms/Page_Dispensary Store Login/button_Sign in' is clicked on

2018-05-31 15:19:13 - [TEST_STEP][PASSED] - delay: Delayed 3 second(s)

2018-05-31 15:19:16 - [MESSAGE][PASSED] - Delayed 3 second(s)

2018-05-31 15:19:16 - [TEST_STEP][PASSED] - click: Object: 'Object Repository/DispensaryToCms/Page_Dispensary Store/a_CMS' is clicked on

2018-05-31 15:19:16 - [MESSAGE][PASSED] - Object: 'Object Repository/DispensaryToCms/Page_Dispensary Store/a_CMS' is clicked on

2018-05-31 15:19:16 - [TEST_STEP][PASSED] - click: Object: 'Object Repository/DispensaryToCms/Page_Dispensary Store/a_Request Send' is clicked on

2018-05-31 15:19:17 - [MESSAGE][PASSED] - Object: 'Object Repository/DispensaryToCms/Page_Dispensary Store/a_Request Send' is clicked on

2018-05-31 15:19:17 - [TEST_STEP][PASSED] - delay: Delayed 2 second(s)

2018-05-31 15:19:19 - [MESSAGE][PASSED] - Delayed 2 second(s)

2018-05-31 15:19:19 - [TEST_STEP][PASSED] - selectOptionByIndex: All options with index in [2] are selected on object 'Object Repository/DispensaryToCms/Page_Dispensary Store/select_--Select--'

2018-05-31 15:19:19 - [MESSAGE][PASSED] - All options with index in [2] are selected on object 'Object Repository/DispensaryToCms/Page_Dispensary Store/select_--Select--'

2018-05-31 15:19:19 - [TEST_STEP][PASSED] - selectOptionByIndex: All options with index in [11] are selected on object 'Object Repository/DispensaryToCms/Page_Dispensary Store/select_--Select--Schedule 1Inj'

2018-05-31 15:19:19 - [MESSAGE][PASSED] - All options with index in [11] are selected on object 'Object Repository/DispensaryToCms/Page_Dispensary Store/select_--Select--Schedule 1Inj'

2018-05-31 15:19:19 - [TEST_STEP][PASSED] - Statement - medicineslength = com.kms.katalon.core.webui.keyword.WebUiBuiltInKeywords.getNumberOfTotalOption(com.kms.katalon.core.testobject.ObjectRepository.findTestObject(DispensaryToCms/Page_Dispensary Store/select_--Select--Adernaline 0.)): 81 options of object 'Object Repository/DispensaryToCms/Page_Dispensary Store/select_--Select--Adernaline 0.' counted

2018-05-31 15:19:19 - [MESSAGE][PASSED] - 81 options of object 'Object Repository/DispensaryToCms/Page_Dispensary Store/select_--Select--Adernaline 0.' counted

2018-05-31 15:19:19 - [TEST_STEP][PASSED] - Statement - For ([e = 1, e <= medicineslength - 1, (e++)]): Delayed 1 second(s)

2018-05-31 15:19:19 - [TEST_STEP][PASSED] - selectOptionByIndex: All options with index in [11] are selected on object 'Object Repository/DispensaryToCms/Page_Dispensary Store/select_--Select--Schedule 1Inj'

2018-05-31 15:19:19 - [MESSAGE][PASSED] - All options with index in [11] are selected on object 'Object Repository/DispensaryToCms/Page_Dispensary Store/select_--Select--Schedule 1Inj'

2018-05-31 15:19:19 - [TEST_STEP][PASSED] - delay: Delayed 1 second(s)

2018-05-31 15:19:20 - [MESSAGE][PASSED] - Delayed 1 second(s)

2018-05-31 15:19:20 - [TEST_STEP][PASSED] - selectOptionByIndex: All options with index in [1] are selected on object 'Object Repository/DispensaryToCms/Page_Dispensary Store/select_--Select--Adernaline 0.'

2018-05-31 15:19:21 - [MESSAGE][PASSED] - All options with index in [1] are selected on object 'Object Repository/DispensaryToCms/Page_Dispensary Store/select_--Select--Adernaline 0.'

2018-05-31 15:19:21 - [TEST_STEP][PASSED] - setText: Text '100' is set on object 'Object Repository/DispensaryToCms/Page_Dispensary Store/input_txttreat'

2018-05-31 15:19:21 - [MESSAGE][PASSED] - Text '100' is set on object 'Object Repository/DispensaryToCms/Page_Dispensary Store/input_txttreat'

2018-05-31 15:19:21 - [TEST_STEP][PASSED] - click: Object: 'Object Repository/DispensaryToCms/Page_Dispensary Store/button_Add' is clicked on

2018-05-31 15:19:21 - [MESSAGE][PASSED] - Object: 'Object Repository/DispensaryToCms/Page_Dispensary Store/button_Add' is clicked on

2018-05-31 15:19:21 - [TEST_STEP][PASSED] - delay: Delayed 1 second(s)

2018-05-31 15:19:22 - [MESSAGE][PASSED] - Delayed 1 second(s)

2018-05-31 15:19:22 - [TEST_STEP][PASSED] - selectOptionByIndex: All options with index in [11] are selected on object 'Object Repository/DispensaryToCms/Page_Dispensary Store/select_--Select--Schedule 1Inj'

2018-05-31 15:19:22 - [MESSAGE][PASSED] - All options with index in [11] are selected on object 'Object Repository/DispensaryToCms/Page_Dispensary Store/select_--Select--Schedule 1Inj'

2018-05-31 15:19:22 - [TEST_STEP][PASSED] - delay: Delayed 1 second(s)

2018-05-31 15:19:23 - [MESSAGE][PASSED] - Delayed 1 second(s)

2018-05-31 15:19:23 - [TEST_STEP][PASSED] - selectOptionByIndex: All options with index in [2] are selected on object 'Object Repository/DispensaryToCms/Page_Dispensary Store/select_--Select--Adernaline 0.'

2018-05-31 15:19:23 - [MESSAGE][PASSED] - All options with index in [2] are selected on object 'Object Repository/DispensaryToCms/Page_Dispensary Store/select_--Select--Adernaline 0.'

2018-05-31 15:19:23 - [TEST_STEP][PASSED] - setText: Text '100' is set on object 'Object Repository/DispensaryToCms/Page_Dispensary Store/input_txttreat'

2018-05-31 15:19:23 - [MESSAGE][PASSED] - Text '100' is set on object 'Object Repository/DispensaryToCms/Page_Dispensary Store/input_txttreat'

2018-05-31 15:19:23 - [TEST_STEP][PASSED] - click: Object: 'Object Repository/DispensaryToCms/Page_Dispensary Store/button_Add' is clicked on

2018-05-31 15:19:23 - [MESSAGE][PASSED] - Object: 'Object Repository/DispensaryToCms/Page_Dispensary Store/button_Add' is clicked on

2018-05-31 15:19:23 - [TEST_STEP][PASSED] - delay: Delayed 1 second(s)

2018-05-31 15:19:24 - [MESSAGE][PASSED] - Delayed 1 second(s)

2018-05-31 15:19:24 - [TEST_STEP][PASSED] - selectOptionByIndex: All options with index in [11] are selected on object 'Object Repository/DispensaryToCms/Page_Dispensary Store/select_--Select--Schedule 1Inj'

2018-05-31 15:19:25 - [MESSAGE][PASSED] - All options with index in [11] are selected on object 'Object Repository/DispensaryToCms/Page_Dispensary Store/select_--Select--Schedule 1Inj'

2018-05-31 15:19:25 - [TEST_STEP][PASSED] - delay: Delayed 1 second(s)

2018-05-31 15:19:26 - [MESSAGE][PASSED] - Delayed 1 second(s)

2018-05-31 15:19:26 - [TEST_STEP][PASSED] - selectOptionByIndex: All options with index in [3] are selected on object 'Object Repository/DispensaryToCms/Page_Dispensary Store/select_--Select--Adernaline 0.'

2018-05-31 15:19:26 - [MESSAGE][PASSED] - All options with index in [3] are selected on object 'Object Repository/DispensaryToCms/Page_Dispensary Store/select_--Select--Adernaline 0.'

2018-05-31 15:19:26 - [TEST_STEP][PASSED] - setText: Text '100' is set on object 'Object Repository/DispensaryToCms/Page_Dispensary Store/input_txttreat'

2018-05-31 15:19:26 - [MESSAGE][PASSED] - Text '100' is set on object 'Object Repository/DispensaryToCms/Page_Dispensary Store/input_txttreat'

2018-05-31 15:19:26 - [TEST_STEP][PASSED] - click: Object: 'Object Repository/DispensaryToCms/Page_Dispensary Store/button_Add' is clicked on

2018-05-31 15:19:26 - [MESSAGE][PASSED] - Object: 'Object Repository/DispensaryToCms/Page_Dispensary Store/button_Add' is clicked on

2018-05-31 15:19:26 - [TEST_STEP][PASSED] - delay: Delayed 1 second(s)

2018-05-31 15:19:27 - [MESSAGE][PASSED] - Delayed 1 second(s)

2018-05-31 15:19:27 - [TEST_STEP][PASSED] - selectOptionByIndex: All options with index in [11] are selected on object 'Object Repository/DispensaryToCms/Page_Dispensary Store/select_--Select--Schedule 1Inj'

2018-05-31 15:19:27 - [MESSAGE][PASSED] - All options with index in [11] are selected on object 'Object Repository/DispensaryToCms/Page_Dispensary Store/select_--Select--Schedule 1Inj'

2018-05-31 15:19:27 - [TEST_STEP][PASSED] - delay: Delayed 1 second(s)

2018-05-31 15:19:28 - [MESSAGE][PASSED] - Delayed 1 second(s)

2018-05-31 15:19:28 - [TEST_STEP][PASSED] - selectOptionByIndex: All options with index in [4] are selected on object 'Object Repository/DispensaryToCms/Page_Dispensary Store/select_--Select--Adernaline 0.'

2018-05-31 15:19:28 - [MESSAGE][PASSED] - All options with index in [4] are selected on object 'Object Repository/DispensaryToCms/Page_Dispensary Store/select_--Select--Adernaline 0.'

2018-05-31 15:19:28 - [TEST_STEP][PASSED] - setText: Text '100' is set on object 'Object Repository/DispensaryToCms/Page_Dispensary Store/input_txttreat'

2018-05-31 15:19:29 - [MESSAGE][PASSED] - Text '100' is set on object 'Object Repository/DispensaryToCms/Page_Dispensary Store/input_txttreat'

2018-05-31 15:19:29 - [TEST_STEP][PASSED] - click: Object: 'Object Repository/DispensaryToCms/Page_Dispensary Store/button_Add' is clicked on

2018-05-31 15:19:29 - [MESSAGE][PASSED] - Object: 'Object Repository/DispensaryToCms/Page_Dispensary Store/button_Add' is clicked on

2018-05-31 15:19:29 - [TEST_STEP][PASSED] - delay: Delayed 1 second(s)

2018-05-31 15:19:30 - [MESSAGE][PASSED] - Delayed 1 second(s)

2018-05-31 15:19:30 - [TEST_STEP][PASSED] - selectOptionByIndex: All options with index in [11] are selected on object 'Object Repository/DispensaryToCms/Page_Dispensary Store/select_--Select--Schedule 1Inj'

2018-05-31 15:19:30 - [MESSAGE][PASSED] - All options with index in [11] are selected on object 'Object Repository/DispensaryToCms/Page_Dispensary Store/select_--Select--Schedule 1Inj'

2018-05-31 15:19:30 - [TEST_STEP][PASSED] - delay: Delayed 1 second(s)

2018-05-31 15:19:31 - [MESSAGE][PASSED] - Delayed 1 second(s)

2018-05-31 15:19:31 - [TEST_STEP][PASSED] - selectOptionByIndex: All options with index in [5] are selected on object 'Object Repository/DispensaryToCms/Page_Dispensary Store/select_--Select--Adernaline 0.'

2018-05-31 15:19:31 - [MESSAGE][PASSED] - All options with index in [5] are selected on object 'Object Repository/DispensaryToCms/Page_Dispensary Store/select_--Select--Adernaline 0.'

2018-05-31 15:19:31 - [TEST_STEP][PASSED] - setText: Text '100' is set on object 'Object Repository/DispensaryToCms/Page_Dispensary Store/input_txttreat'

2018-05-31 15:19:31 - [MESSAGE][PASSED] - Text '100' is set on object 'Object Repository/DispensaryToCms/Page_Dispensary Store/input_txttreat'

2018-05-31 15:19:31 - [TEST_STEP][PASSED] - click: Object: 'Object Repository/DispensaryToCms/Page_Dispensary Store/button_Add' is clicked on

2018-05-31 15:19:31 - [MESSAGE][PASSED] - Object: 'Object Repository/DispensaryToCms/Page_Dispensary Store/button_Add' is clicked on

2018-05-31 15:19:31 - [TEST_STEP][PASSED] - delay: Delayed 1 second(s)

2018-05-31 15:19:32 - [MESSAGE][PASSED] - Delayed 1 second(s)

2018-05-31 15:19:32 - [TEST_STEP][PASSED] - selectOptionByIndex: All options with index in [11] are selected on object 'Object Repository/DispensaryToCms/Page_Dispensary Store/select_--Select--Schedule 1Inj'

2018-05-31 15:19:32 - [MESSAGE][PASSED] - All options with index in [11] are selected on object 'Object Repository/DispensaryToCms/Page_Dispensary Store/select_--Select--Schedule 1Inj'

2018-05-31 15:19:32 - [TEST_STEP][PASSED] - delay: Delayed 1 second(s)

2018-05-31 15:19:33 - [MESSAGE][PASSED] - Delayed 1 second(s)

2018-05-31 15:19:33 - [TEST_STEP][PASSED] - selectOptionByIndex: All options with index in [6] are selected on object 'Object Repository/DispensaryToCms/Page_Dispensary Store/select_--Select--Adernaline 0.'

2018-05-31 15:19:34 - [MESSAGE][PASSED] - All options with index in [6] are selected on object 'Object Repository/DispensaryToCms/Page_Dispensary Store/select_--Select--Adernaline 0.'

2018-05-31 15:19:34 - [TEST_STEP][PASSED] - setText: Text '100' is set on object 'Object Repository/DispensaryToCms/Page_Dispensary Store/input_txttreat'

2018-05-31 15:19:34 - [MESSAGE][PASSED] - Text '100' is set on object 'Object Repository/DispensaryToCms/Page_Dispensary Store/input_txttreat'

2018-05-31 15:19:34 - [TEST_STEP][PASSED] - click: Object: 'Object Repository/DispensaryToCms/Page_Dispensary Store/button_Add' is clicked on

2018-05-31 15:19:34 - [MESSAGE][PASSED] - Object: 'Object Repository/DispensaryToCms/Page_Dispensary Store/button_Add' is clicked on

2018-05-31 15:19:34 - [TEST_STEP][PASSED] - delay: Delayed 1 second(s)

2018-05-31 15:19:35 - [MESSAGE][PASSED] - Delayed 1 second(s)

2018-05-31 15:19:35 - [TEST_STEP][PASSED] - selectOptionByIndex: All options with index in [11] are selected on object 'Object Repository/DispensaryToCms/Page_Dispensary Store/select_--Select--Schedule 1Inj'

2018-05-31 15:19:35 - [MESSAGE][PASSED] - All options with index in [11] are selected on object 'Object Repository/DispensaryToCms/Page_Dispensary Store/select_--Select--Schedule 1Inj'

2018-05-31 15:19:35 - [TEST_STEP][PASSED] - delay: Delayed 1 second(s)

2018-05-31 15:19:36 - [MESSAGE][PASSED] - Delayed 1 second(s)

2018-05-31 15:19:36 - [TEST_STEP][PASSED] - selectOptionByIndex: All options with index in [7] are selected on object 'Object Repository/DispensaryToCms/Page_Dispensary Store/select_--Select--Adernaline 0.'

2018-05-31 15:19:36 - [MESSAGE][PASSED] - All options with index in [7] are selected on object 'Object Repository/DispensaryToCms/Page_Dispensary Store/select_--Select--Adernaline 0.'

2018-05-31 15:19:36 - [TEST_STEP][PASSED] - setText: Text '100' is set on object 'Object Repository/DispensaryToCms/Page_Dispensary Store/input_txttreat'

2018-05-31 15:19:36 - [MESSAGE][PASSED] - Text '100' is set on object 'Object Repository/DispensaryToCms/Page_Dispensary Store/input_txttreat'

2018-05-31 15:19:36 - [TEST_STEP][PASSED] - click: Object: 'Object Repository/DispensaryToCms/Page_Dispensary Store/button_Add' is clicked on

2018-05-31 15:19:36 - [MESSAGE][PASSED] - Object: 'Object Repository/DispensaryToCms/Page_Dispensary Store/button_Add' is clicked on

2018-05-31 15:19:36 - [TEST_STEP][PASSED] - delay: Delayed 1 second(s)

2018-05-31 15:19:37 - [MESSAGE][PASSED] - Delayed 1 second(s)

2018-05-31 15:19:37 - [TEST_STEP][PASSED] - selectOptionByIndex: All options with index in [11] are selected on object 'Object Repository/DispensaryToCms/Page_Dispensary Store/select_--Select--Schedule 1Inj'

2018-05-31 15:19:38 - [MESSAGE][PASSED] - All options with index in [11] are selected on object 'Object Repository/DispensaryToCms/Page_Dispensary Store/select_--Select--Schedule 1Inj'

2018-05-31 15:19:38 - [TEST_STEP][PASSED] - delay: Delayed 1 second(s)

2018-05-31 15:19:39 - [MESSAGE][PASSED] - Delayed 1 second(s)

2018-05-31 15:19:39 - [TEST_STEP][PASSED] - selectOptionByIndex: All options with index in [8] are selected on object 'Object Repository/DispensaryToCms/Page_Dispensary Store/select_--Select--Adernaline 0.'

2018-05-31 15:19:39 - [MESSAGE][PASSED] - All options with index in [8] are selected on object 'Object Repository/DispensaryToCms/Page_Dispensary Store/select_--Select--Adernaline 0.'

2018-05-31 15:19:39 - [TEST_STEP][PASSED] - setText: Text '100' is set on object 'Object Repository/DispensaryToCms/Page_Dispensary Store/input_txttreat'

2018-05-31 15:19:39 - [MESSAGE][PASSED] - Text '100' is set on object 'Object Repository/DispensaryToCms/Page_Dispensary Store/input_txttreat'

2018-05-31 15:19:39 - [TEST_STEP][PASSED] - click: Object: 'Object Repository/DispensaryToCms/Page_Dispensary Store/button_Add' is clicked on

2018-05-31 15:19:39 - [MESSAGE][PASSED] - Object: 'Object Repository/DispensaryToCms/Page_Dispensary Store/button_Add' is clicked on

2018-05-31 15:19:39 - [TEST_STEP][PASSED] - delay: Delayed 1 second(s)

2018-05-31 15:19:40 - [MESSAGE][PASSED] - Delayed 1 second(s)

2018-05-31 15:19:40 - [TEST_STEP][PASSED] - selectOptionByIndex: All options with index in [11] are selected on object 'Object Repository/DispensaryToCms/Page_Dispensary Store/select_--Select--Schedule 1Inj'

2018-05-31 15:19:40 - [MESSAGE][PASSED] - All options with index in [11] are selected on object 'Object Repository/DispensaryToCms/Page_Dispensary Store/select_--Select--Schedule 1Inj'

2018-05-31 15:19:40 - [TEST_STEP][PASSED] - delay: Delayed 1 second(s)

2018-05-31 15:19:41 - [MESSAGE][PASSED] - Delayed 1 second(s)

2018-05-31 15:19:41 - [TEST_STEP][PASSED] - selectOptionByIndex: All options with index in [9] are selected on object 'Object Repository/DispensaryToCms/Page_Dispensary Store/select_--Select--Adernaline 0.'

2018-05-31 15:19:42 - [MESSAGE][PASSED] - All options with index in [9] are selected on object 'Object Repository/DispensaryToCms/Page_Dispensary Store/select_--Select--Adernaline 0.'

2018-05-31 15:19:42 - [TEST_STEP][PASSED] - setText: Text '100' is set on object 'Object Repository/DispensaryToCms/Page_Dispensary Store/input_txttreat'

2018-05-31 15:19:42 - [MESSAGE][PASSED] - Text '100' is set on object 'Object Repository/DispensaryToCms/Page_Dispensary Store/input_txttreat'

2018-05-31 15:19:42 - [TEST_STEP][PASSED] - click: Object: 'Object Repository/DispensaryToCms/Page_Dispensary Store/button_Add' is clicked on

2018-05-31 15:19:42 - [MESSAGE][PASSED] - Object: 'Object Repository/DispensaryToCms/Page_Dispensary Store/button_Add' is clicked on

2018-05-31 15:19:42 - [TEST_STEP][PASSED] - delay: Delayed 1 second(s)

2018-05-31 15:19:43 - [MESSAGE][PASSED] - Delayed 1 second(s)

2018-05-31 15:19:43 - [TEST_STEP][PASSED] - selectOptionByIndex: All options with index in [11] are selected on object 'Object Repository/DispensaryToCms/Page_Dispensary Store/select_--Select--Schedule 1Inj'

2018-05-31 15:19:43 - [MESSAGE][PASSED] - All options with index in [11] are selected on object 'Object Repository/DispensaryToCms/Page_Dispensary Store/select_--Select--Schedule 1Inj'

2018-05-31 15:19:43 - [TEST_STEP][PASSED] - delay: Delayed 1 second(s)

2018-05-31 15:19:44 - [MESSAGE][PASSED] - Delayed 1 second(s)

2018-05-31 15:19:44 - [TEST_STEP][PASSED] - selectOptionByIndex: All options with index in [10] are selected on object 'Object Repository/DispensaryToCms/Page_Dispensary Store/select_--Select--Adernaline 0.'

2018-05-31 15:19:44 - [MESSAGE][PASSED] - All options with index in [10] are selected on object 'Object Repository/DispensaryToCms/Page_Dispensary Store/select_--Select--Adernaline 0.'

2018-05-31 15:19:44 - [TEST_STEP][PASSED] - setText: Text '100' is set on object 'Object Repository/DispensaryToCms/Page_Dispensary Store/input_txttreat'

2018-05-31 15:19:44 - [MESSAGE][PASSED] - Text '100' is set on object 'Object Repository/DispensaryToCms/Page_Dispensary Store/input_txttreat'

2018-05-31 15:19:44 - [TEST_STEP][PASSED] - click: Object: 'Object Repository/DispensaryToCms/Page_Dispensary Store/button_Add' is clicked on

2018-05-31 15:19:45 - [MESSAGE][PASSED] - Object: 'Object Repository/DispensaryToCms/Page_Dispensary Store/button_Add' is clicked on

2018-05-31 15:19:45 - [TEST_STEP][PASSED] - delay: Delayed 1 second(s)

2018-05-31 15:19:46 - [MESSAGE][PASSED] - Delayed 1 second(s)

2018-05-31 15:19:46 - [TEST_STEP][PASSED] - selectOptionByIndex: All options with index in [11] are selected on object 'Object Repository/DispensaryToCms/Page_Dispensary Store/select_--Select--Schedule 1Inj'

2018-05-31 15:19:46 - [MESSAGE][PASSED] - All options with index in [11] are selected on object 'Object Repository/DispensaryToCms/Page_Dispensary Store/select_--Select--Schedule 1Inj'

2018-05-31 15:19:46 - [TEST_STEP][PASSED] - delay: Delayed 1 second(s)

2018-05-31 15:19:47 - [MESSAGE][PASSED] - Delayed 1 second(s)

2018-05-31 15:19:47 - [TEST_STEP][PASSED] - selectOptionByIndex: All options with index in [11] are selected on object 'Object Repository/DispensaryToCms/Page_Dispensary Store/select_--Select--Adernaline 0.'

2018-05-31 15:19:47 - [MESSAGE][PASSED] - All options with index in [11] are selected on object 'Object Repository/DispensaryToCms/Page_Dispensary Store/select_--Select--Adernaline 0.'

2018-05-31 15:19:47 - [TEST_STEP][PASSED] - setText: Text '100' is set on object 'Object Repository/DispensaryToCms/Page_Dispensary Store/input_txttreat'

2018-05-31 15:19:47 - [MESSAGE][PASSED] - Text '100' is set on object 'Object Repository/DispensaryToCms/Page_Dispensary Store/input_txttreat'

2018-05-31 15:19:47 - [TEST_STEP][PASSED] - click: Object: 'Object Repository/DispensaryToCms/Page_Dispensary Store/button_Add' is clicked on

2018-05-31 15:19:47 - [MESSAGE][PASSED] - Object: 'Object Repository/DispensaryToCms/Page_Dispensary Store/button_Add' is clicked on

2018-05-31 15:19:47 - [TEST_STEP][PASSED] - delay: Delayed 1 second(s)

2018-05-31 15:19:48 - [MESSAGE][PASSED] - Delayed 1 second(s)

2018-05-31 15:19:48 - [TEST_STEP][PASSED] - selectOptionByIndex: All options with index in [11] are selected on object 'Object Repository/DispensaryToCms/Page_Dispensary Store/select_--Select--Schedule 1Inj'

2018-05-31 15:19:48 - [MESSAGE][PASSED] - All options with index in [11] are selected on object 'Object Repository/DispensaryToCms/Page_Dispensary Store/select_--Select--Schedule 1Inj'

2018-05-31 15:19:48 - [TEST_STEP][PASSED] - delay: Delayed 1 second(s)

2018-05-31 15:19:49 - [MESSAGE][PASSED] - Delayed 1 second(s)

2018-05-31 15:19:49 - [TEST_STEP][PASSED] - selectOptionByIndex: All options with index in [12] are selected on object 'Object Repository/DispensaryToCms/Page_Dispensary Store/select_--Select--Adernaline 0.'

2018-05-31 15:19:50 - [MESSAGE][PASSED] - All options with index in [12] are selected on object 'Object Repository/DispensaryToCms/Page_Dispensary Store/select_--Select--Adernaline 0.'

2018-05-31 15:19:50 - [TEST_STEP][PASSED] - setText: Text '100' is set on object 'Object Repository/DispensaryToCms/Page_Dispensary Store/input_txttreat'

2018-05-31 15:19:50 - [MESSAGE][PASSED] - Text '100' is set on object 'Object Repository/DispensaryToCms/Page_Dispensary Store/input_txttreat'

2018-05-31 15:19:50 - [TEST_STEP][PASSED] - click: Object: 'Object Repository/DispensaryToCms/Page_Dispensary Store/button_Add' is clicked on

2018-05-31 15:19:50 - [MESSAGE][PASSED] - Object: 'Object Repository/DispensaryToCms/Page_Dispensary Store/button_Add' is clicked on

2018-05-31 15:19:50 - [TEST_STEP][PASSED] - delay: Delayed 1 second(s)

2018-05-31 15:19:51 - [MESSAGE][PASSED] - Delayed 1 second(s)

2018-05-31 15:19:51 - [TEST_STEP][PASSED] - selectOptionByIndex: All options with index in [11] are selected on object 'Object Repository/DispensaryToCms/Page_Dispensary Store/select_--Select--Schedule 1Inj'

2018-05-31 15:19:51 - [MESSAGE][PASSED] - All options with index in [11] are selected on object 'Object Repository/DispensaryToCms/Page_Dispensary Store/select_--Select--Schedule 1Inj'

2018-05-31 15:19:51 - [TEST_STEP][PASSED] - delay: Delayed 1 second(s)

2018-05-31 15:19:52 - [MESSAGE][PASSED] - Delayed 1 second(s)

2018-05-31 15:19:52 - [TEST_STEP][PASSED] - selectOptionByIndex: All options with index in [13] are selected on object 'Object Repository/DispensaryToCms/Page_Dispensary Store/select_--Select--Adernaline 0.'

2018-05-31 15:19:52 - [MESSAGE][PASSED] - All options with index in [13] are selected on object 'Object Repository/DispensaryToCms/Page_Dispensary Store/select_--Select--Adernaline 0.'

2018-05-31 15:19:52 - [TEST_STEP][PASSED] - setText: Text '100' is set on object 'Object Repository/DispensaryToCms/Page_Dispensary Store/input_txttreat'

2018-05-31 15:19:52 - [MESSAGE][PASSED] - Text '100' is set on object 'Object Repository/DispensaryToCms/Page_Dispensary Store/input_txttreat'

2018-05-31 15:19:52 - [TEST_STEP][PASSED] - click: Object: 'Object Repository/DispensaryToCms/Page_Dispensary Store/button_Add' is clicked on

2018-05-31 15:19:52 - [MESSAGE][PASSED] - Object: 'Object Repository/DispensaryToCms/Page_Dispensary Store/button_Add' is clicked on

2018-05-31 15:19:52 - [TEST_STEP][PASSED] - delay: Delayed 1 second(s)

2018-05-31 15:19:53 - [MESSAGE][PASSED] - Delayed 1 second(s)

2018-05-31 15:19:53 - [TEST_STEP][PASSED] - selectOptionByIndex: All options with index in [11] are selected on object 'Object Repository/DispensaryToCms/Page_Dispensary Store/select_--Select--Schedule 1Inj'

2018-05-31 15:19:54 - [MESSAGE][PASSED] - All options with index in [11] are selected on object 'Object Repository/DispensaryToCms/Page_Dispensary Store/select_--Select--Schedule 1Inj'

2018-05-31 15:19:54 - [TEST_STEP][PASSED] - delay: Delayed 1 second(s)

2018-05-31 15:19:55 - [MESSAGE][PASSED] - Delayed 1 second(s)

2018-05-31 15:19:55 - [TEST_STEP][PASSED] - selectOptionByIndex: All options with index in [14] are selected on object 'Object Repository/DispensaryToCms/Page_Dispensary Store/select_--Select--Adernaline 0.'

2018-05-31 15:19:55 - [MESSAGE][PASSED] - All options with index in [14] are selected on object 'Object Repository/DispensaryToCms/Page_Dispensary Store/select_--Select--Adernaline 0.'

2018-05-31 15:19:55 - [TEST_STEP][PASSED] - setText: Text '100' is set on object 'Object Repository/DispensaryToCms/Page_Dispensary Store/input_txttreat'

2018-05-31 15:19:55 - [MESSAGE][PASSED] - Text '100' is set on object 'Object Repository/DispensaryToCms/Page_Dispensary Store/input_txttreat'

2018-05-31 15:19:55 - [TEST_STEP][PASSED] - click: Object: 'Object Repository/DispensaryToCms/Page_Dispensary Store/button_Add' is clicked on

2018-05-31 15:19:55 - [MESSAGE][PASSED] - Object: 'Object Repository/DispensaryToCms/Page_Dispensary Store/button_Add' is clicked on

2018-05-31 15:19:55 - [TEST_STEP][PASSED] - delay: Delayed 1 second(s)

2018-05-31 15:19:56 - [MESSAGE][PASSED] - Delayed 1 second(s)

2018-05-31 15:19:56 - [TEST_STEP][PASSED] - selectOptionByIndex: All options with index in [11] are selected on object 'Object Repository/DispensaryToCms/Page_Dispensary Store/select_--Select--Schedule 1Inj'

2018-05-31 15:19:56 - [MESSAGE][PASSED] - All options with index in [11] are selected on object 'Object Repository/DispensaryToCms/Page_Dispensary Store/select_--Select--Schedule 1Inj'

2018-05-31 15:19:56 - [TEST_STEP][PASSED] - delay: Delayed 1 second(s)

2018-05-31 15:19:57 - [MESSAGE][PASSED] - Delayed 1 second(s)

2018-05-31 15:19:57 - [TEST_STEP][PASSED] - selectOptionByIndex: All options with index in [15] are selected on object 'Object Repository/DispensaryToCms/Page_Dispensary Store/select_--Select--Adernaline 0.'

2018-05-31 15:19:58 - [MESSAGE][PASSED] - All options with index in [15] are selected on object 'Object Repository/DispensaryToCms/Page_Dispensary Store/select_--Select--Adernaline 0.'

2018-05-31 15:19:58 - [TEST_STEP][PASSED] - setText: Text '100' is set on object 'Object Repository/DispensaryToCms/Page_Dispensary Store/input_txttreat'

2018-05-31 15:19:58 - [MESSAGE][PASSED] - Text '100' is set on object 'Object Repository/DispensaryToCms/Page_Dispensary Store/input_txttreat'

2018-05-31 15:19:58 - [TEST_STEP][PASSED] - click: Object: 'Object Repository/DispensaryToCms/Page_Dispensary Store/button_Add' is clicked on

2018-05-31 15:19:58 - [MESSAGE][PASSED] - Object: 'Object Repository/DispensaryToCms/Page_Dispensary Store/button_Add' is clicked on

2018-05-31 15:19:58 - [TEST_STEP][PASSED] - delay: Delayed 1 second(s)

2018-05-31 15:19:59 - [MESSAGE][PASSED] - Delayed 1 second(s)

2018-05-31 15:19:59 - [TEST_STEP][PASSED] - selectOptionByIndex: All options with index in [11] are selected on object 'Object Repository/DispensaryToCms/Page_Dispensary Store/select_--Select--Schedule 1Inj'

2018-05-31 15:19:59 - [MESSAGE][PASSED] - All options with index in [11] are selected on object 'Object Repository/DispensaryToCms/Page_Dispensary Store/select_--Select--Schedule 1Inj'

2018-05-31 15:19:59 - [TEST_STEP][PASSED] - delay: Delayed 1 second(s)

2018-05-31 15:20:00 - [MESSAGE][PASSED] - Delayed 1 second(s)

2018-05-31 15:20:00 - [TEST_STEP][PASSED] - selectOptionByIndex: All options with index in [16] are selected on object 'Object Repository/DispensaryToCms/Page_Dispensary Store/select_--Select--Adernaline 0.'

2018-05-31 15:20:00 - [MESSAGE][PASSED] - All options with index in [16] are selected on object 'Object Repository/DispensaryToCms/Page_Dispensary Store/select_--Select--Adernaline 0.'

2018-05-31 15:20:00 - [TEST_STEP][PASSED] - setText: Text '100' is set on object 'Object Repository/DispensaryToCms/Page_Dispensary Store/input_txttreat'

2018-05-31 15:20:01 - [MESSAGE][PASSED] - Text '100' is set on object 'Object Repository/DispensaryToCms/Page_Dispensary Store/input_txttreat'

2018-05-31 15:20:01 - [TEST_STEP][PASSED] - click: Object: 'Object Repository/DispensaryToCms/Page_Dispensary Store/button_Add' is clicked on

2018-05-31 15:20:01 - [MESSAGE][PASSED] - Object: 'Object Repository/DispensaryToCms/Page_Dispensary Store/button_Add' is clicked on

2018-05-31 15:20:01 - [TEST_STEP][PASSED] - delay: Delayed 1 second(s)

2018-05-31 15:20:02 - [MESSAGE][PASSED] - Delayed 1 second(s)

2018-05-31 15:20:02 - [TEST_STEP][PASSED] - selectOptionByIndex: All options with index in [11] are selected on object 'Object Repository/DispensaryToCms/Page_Dispensary Store/select_--Select--Schedule 1Inj'

2018-05-31 15:20:02 - [MESSAGE][PASSED] - All options with index in [11] are selected on object 'Object Repository/DispensaryToCms/Page_Dispensary Store/select_--Select--Schedule 1Inj'

2018-05-31 15:20:02 - [TEST_STEP][PASSED] - delay: Delayed 1 second(s)

2018-05-31 15:20:03 - [MESSAGE][PASSED] - Delayed 1 second(s)

2018-05-31 15:20:03 - [TEST_STEP][PASSED] - selectOptionByIndex: All options with index in [17] are selected on object 'Object Repository/DispensaryToCms/Page_Dispensary Store/select_--Select--Adernaline 0.'

2018-05-31 15:20:03 - [MESSAGE][PASSED] - All options with index in [17] are selected on object 'Object Repository/DispensaryToCms/Page_Dispensary Store/select_--Select--Adernaline 0.'

2018-05-31 15:20:03 - [TEST_STEP][PASSED] - setText: Text '100' is set on object 'Object Repository/DispensaryToCms/Page_Dispensary Store/input_txttreat'

2018-05-31 15:20:03 - [MESSAGE][PASSED] - Text '100' is set on object 'Object Repository/DispensaryToCms/Page_Dispensary Store/input_txttreat'

2018-05-31 15:20:03 - [TEST_STEP][PASSED] - click: Object: 'Object Repository/DispensaryToCms/Page_Dispensary Store/button_Add' is clicked on

2018-05-31 15:20:03 - [MESSAGE][PASSED] - Object: 'Object Repository/DispensaryToCms/Page_Dispensary Store/button_Add' is clicked on

2018-05-31 15:20:03 - [TEST_STEP][PASSED] - delay: Delayed 1 second(s)

2018-05-31 15:20:04 - [MESSAGE][PASSED] - Delayed 1 second(s)

2018-05-31 15:20:04 - [TEST_STEP][PASSED] - selectOptionByIndex: All options with index in [11] are selected on object 'Object Repository/DispensaryToCms/Page_Dispensary Store/select_--Select--Schedule 1Inj'

2018-05-31 15:20:05 - [MESSAGE][PASSED] - All options with index in [11] are selected on object 'Object Repository/DispensaryToCms/Page_Dispensary Store/select_--Select--Schedule 1Inj'

2018-05-31 15:20:05 - [TEST_STEP][PASSED] - delay: Delayed 1 second(s)

2018-05-31 15:20:06 - [MESSAGE][PASSED] - Delayed 1 second(s)

2018-05-31 15:20:06 - [TEST_STEP][PASSED] - selectOptionByIndex: All options with index in [18] are selected on object 'Object Repository/DispensaryToCms/Page_Dispensary Store/select_--Select--Adernaline 0.'

2018-05-31 15:20:06 - [MESSAGE][PASSED] - All options with index in [18] are selected on object 'Object Repository/DispensaryToCms/Page_Dispensary Store/select_--Select--Adernaline 0.'

2018-05-31 15:20:06 - [TEST_STEP][PASSED] - setText: Text '100' is set on object 'Object Repository/DispensaryToCms/Page_Dispensary Store/input_txttreat'

2018-05-31 15:20:06 - [MESSAGE][PASSED] - Text '100' is set on object 'Object Repository/DispensaryToCms/Page_Dispensary Store/input_txttreat'

2018-05-31 15:20:06 - [TEST_STEP][PASSED] - click: Object: 'Object Repository/DispensaryToCms/Page_Dispensary Store/button_Add' is clicked on

2018-05-31 15:20:11 - [MESSAGE][PASSED] - Object: 'Object Repository/DispensaryToCms/Page_Dispensary Store/button_Add' is clicked on

2018-05-31 15:20:11 - [TEST_STEP][PASSED] - delay: Delayed 1 second(s)

2018-05-31 15:20:12 - [MESSAGE][PASSED] - Delayed 1 second(s)

2018-05-31 15:20:12 - [TEST_STEP][PASSED] - selectOptionByIndex: All options with index in [11] are selected on object 'Object Repository/DispensaryToCms/Page_Dispensary Store/select_--Select--Schedule 1Inj'

2018-05-31 15:20:12 - [MESSAGE][PASSED] - All options with index in [11] are selected on object 'Object Repository/DispensaryToCms/Page_Dispensary Store/select_--Select--Schedule 1Inj'

2018-05-31 15:20:12 - [TEST_STEP][PASSED] - delay: Delayed 1 second(s)

2018-05-31 15:20:13 - [MESSAGE][PASSED] - Delayed 1 second(s)

2018-05-31 15:20:13 - [TEST_STEP][PASSED] - selectOptionByIndex: All options with index in [19] are selected on object 'Object Repository/DispensaryToCms/Page_Dispensary Store/select_--Select--Adernaline 0.'

2018-05-31 15:20:14 - [MESSAGE][PASSED] - All options with index in [19] are selected on object 'Object Repository/DispensaryToCms/Page_Dispensary Store/select_--Select--Adernaline 0.'

2018-05-31 15:20:14 - [TEST_STEP][PASSED] - setText: Text '100' is set on object 'Object Repository/DispensaryToCms/Page_Dispensary Store/input_txttreat'

2018-05-31 15:20:14 - [MESSAGE][PASSED] - Text '100' is set on object 'Object Repository/DispensaryToCms/Page_Dispensary Store/input_txttreat'

2018-05-31 15:20:14 - [TEST_STEP][PASSED] - click: Object: 'Object Repository/DispensaryToCms/Page_Dispensary Store/button_Add' is clicked on

2018-05-31 15:20:19 - [MESSAGE][PASSED] - Object: 'Object Repository/DispensaryToCms/Page_Dispensary Store/button_Add' is clicked on

2018-05-31 15:20:19 - [TEST_STEP][PASSED] - delay: Delayed 1 second(s)

2018-05-31 15:20:20 - [MESSAGE][PASSED] - Delayed 1 second(s)

2018-05-31 15:20:20 - [TEST_STEP][PASSED] - selectOptionByIndex: All options with index in [11] are selected on object 'Object Repository/DispensaryToCms/Page_Dispensary Store/select_--Select--Schedule 1Inj'

2018-05-31 15:20:20 - [MESSAGE][PASSED] - All options with index in [11] are selected on object 'Object Repository/DispensaryToCms/Page_Dispensary Store/select_--Select--Schedule 1Inj'

2018-05-31 15:20:20 - [TEST_STEP][PASSED] - delay: Delayed 1 second(s)

2018-05-31 15:20:21 - [MESSAGE][PASSED] - Delayed 1 second(s)

2018-05-31 15:20:21 - [TEST_STEP][PASSED] - selectOptionByIndex: All options with index in [20] are selected on object 'Object Repository/DispensaryToCms/Page_Dispensary Store/select_--Select--Adernaline 0.'

2018-05-31 15:20:22 - [MESSAGE][PASSED] - All options with index in [20] are selected on object 'Object Repository/DispensaryToCms/Page_Dispensary Store/select_--Select--Adernaline 0.'

2018-05-31 15:20:22 - [TEST_STEP][PASSED] - setText: Text '100' is set on object 'Object Repository/DispensaryToCms/Page_Dispensary Store/input_txttreat'

2018-05-31 15:20:22 - [MESSAGE][PASSED] - Text '100' is set on object 'Object Repository/DispensaryToCms/Page_Dispensary Store/input_txttreat'

2018-05-31 15:20:22 - [TEST_STEP][PASSED] - click: Object: 'Object Repository/DispensaryToCms/Page_Dispensary Store/button_Add' is clicked on

2018-05-31 15:20:27 - [MESSAGE][PASSED] - Object: 'Object Repository/DispensaryToCms/Page_Dispensary Store/button_Add' is clicked on

2018-05-31 15:20:27 - [TEST_STEP][PASSED] - delay: Delayed 1 second(s)

2018-05-31 15:20:28 - [MESSAGE][PASSED] - Delayed 1 second(s)

2018-05-31 15:20:28 - [TEST_STEP][PASSED] - selectOptionByIndex: All options with index in [11] are selected on object 'Object Repository/DispensaryToCms/Page_Dispensary Store/select_--Select--Schedule 1Inj'

2018-05-31 15:20:28 - [MESSAGE][PASSED] - All options with index in [11] are selected on object 'Object Repository/DispensaryToCms/Page_Dispensary Store/select_--Select--Schedule 1Inj'

2018-05-31 15:20:28 - [TEST_STEP][PASSED] - delay: Delayed 1 second(s)

2018-05-31 15:20:29 - [MESSAGE][PASSED] - Delayed 1 second(s)

2018-05-31 15:20:29 - [TEST_STEP][PASSED] - selectOptionByIndex: All options with index in [21] are selected on object 'Object Repository/DispensaryToCms/Page_Dispensary Store/select_--Select--Adernaline 0.'

2018-05-31 15:20:30 - [MESSAGE][PASSED] - All options with index in [21] are selected on object 'Object Repository/DispensaryToCms/Page_Dispensary Store/select_--Select--Adernaline 0.'

2018-05-31 15:20:30 - [TEST_STEP][PASSED] - setText: Text '100' is set on object 'Object Repository/DispensaryToCms/Page_Dispensary Store/input_txttreat'

2018-05-31 15:20:30 - [MESSAGE][PASSED] - Text '100' is set on object 'Object Repository/DispensaryToCms/Page_Dispensary Store/input_txttreat'

2018-05-31 15:20:30 - [TEST_STEP][PASSED] - click: Object: 'Object Repository/DispensaryToCms/Page_Dispensary Store/button_Add' is clicked on

2018-05-31 15:20:35 - [MESSAGE][PASSED] - Object: 'Object Repository/DispensaryToCms/Page_Dispensary Store/button_Add' is clicked on

2018-05-31 15:20:35 - [TEST_STEP][PASSED] - delay: Delayed 1 second(s)

2018-05-31 15:20:36 - [MESSAGE][PASSED] - Delayed 1 second(s)

2018-05-31 15:20:36 - [TEST_STEP][PASSED] - selectOptionByIndex: All options with index in [11] are selected on object 'Object Repository/DispensaryToCms/Page_Dispensary Store/select_--Select--Schedule 1Inj'

2018-05-31 15:20:36 - [MESSAGE][PASSED] - All options with index in [11] are selected on object 'Object Repository/DispensaryToCms/Page_Dispensary Store/select_--Select--Schedule 1Inj'

2018-05-31 15:20:36 - [TEST_STEP][PASSED] - delay: Delayed 1 second(s)

2018-05-31 15:20:37 - [MESSAGE][PASSED] - Delayed 1 second(s)

2018-05-31 15:20:37 - [TEST_STEP][PASSED] - selectOptionByIndex: All options with index in [22] are selected on object 'Object Repository/DispensaryToCms/Page_Dispensary Store/select_--Select--Adernaline 0.'

2018-05-31 15:20:37 - [MESSAGE][PASSED] - All options with index in [22] are selected on object 'Object Repository/DispensaryToCms/Page_Dispensary Store/select_--Select--Adernaline 0.'

2018-05-31 15:20:37 - [TEST_STEP][PASSED] - setText: Text '100' is set on object 'Object Repository/DispensaryToCms/Page_Dispensary Store/input_txttreat'

2018-05-31 15:20:37 - [MESSAGE][PASSED] - Text '100' is set on object 'Object Repository/DispensaryToCms/Page_Dispensary Store/input_txttreat'

2018-05-31 15:20:37 - [TEST_STEP][PASSED] - click: Object: 'Object Repository/DispensaryToCms/Page_Dispensary Store/button_Add' is clicked on

2018-05-31 15:20:43 - [MESSAGE][PASSED] - Object: 'Object Repository/DispensaryToCms/Page_Dispensary Store/button_Add' is clicked on

2018-05-31 15:20:43 - [TEST_STEP][PASSED] - delay: Delayed 1 second(s)

2018-05-31 15:20:44 - [MESSAGE][PASSED] - Delayed 1 second(s)

2018-05-31 15:20:44 - [TEST_STEP][PASSED] - selectOptionByIndex: All options with index in [11] are selected on object 'Object Repository/DispensaryToCms/Page_Dispensary Store/select_--Select--Schedule 1Inj'

2018-05-31 15:20:44 - [MESSAGE][PASSED] - All options with index in [11] are selected on object 'Object Repository/DispensaryToCms/Page_Dispensary Store/select_--Select--Schedule 1Inj'

2018-05-31 15:20:44 - [TEST_STEP][PASSED] - delay: Delayed 1 second(s)

2018-05-31 15:20:45 - [MESSAGE][PASSED] - Delayed 1 second(s)

2018-05-31 15:20:45 - [TEST_STEP][PASSED] - selectOptionByIndex: All options with index in [23] are selected on object 'Object Repository/DispensaryToCms/Page_Dispensary Store/select_--Select--Adernaline 0.'

2018-05-31 15:20:45 - [MESSAGE][PASSED] - All options with index in [23] are selected on object 'Object Repository/DispensaryToCms/Page_Dispensary Store/select_--Select--Adernaline 0.'

2018-05-31 15:20:45 - [TEST_STEP][PASSED] - setText: Text '100' is set on object 'Object Repository/DispensaryToCms/Page_Dispensary Store/input_txttreat'

2018-05-31 15:20:45 - [MESSAGE][PASSED] - Text '100' is set on object 'Object Repository/DispensaryToCms/Page_Dispensary Store/input_txttreat'

2018-05-31 15:20:45 - [TEST_STEP][PASSED] - click: Object: 'Object Repository/DispensaryToCms/Page_Dispensary Store/button_Add' is clicked on

2018-05-31 15:20:50 - [MESSAGE][PASSED] - Object: 'Object Repository/DispensaryToCms/Page_Dispensary Store/button_Add' is clicked on

2018-05-31 15:20:50 - [TEST_STEP][PASSED] - delay: Delayed 1 second(s)

2018-05-31 15:20:51 - [MESSAGE][PASSED] - Delayed 1 second(s)

2018-05-31 15:20:51 - [TEST_STEP][PASSED] - selectOptionByIndex: All options with index in [11] are selected on object 'Object Repository/DispensaryToCms/Page_Dispensary Store/select_--Select--Schedule 1Inj'

2018-05-31 15:20:52 - [MESSAGE][PASSED] - All options with index in [11] are selected on object 'Object Repository/DispensaryToCms/Page_Dispensary Store/select_--Select--Schedule 1Inj'

2018-05-31 15:20:52 - [TEST_STEP][PASSED] - delay: Delayed 1 second(s)

2018-05-31 15:20:53 - [MESSAGE][PASSED] - Delayed 1 second(s)

2018-05-31 15:20:53 - [TEST_STEP][PASSED] - selectOptionByIndex: All options with index in [24] are selected on object 'Object Repository/DispensaryToCms/Page_Dispensary Store/select_--Select--Adernaline 0.'

2018-05-31 15:20:53 - [MESSAGE][PASSED] - All options with index in [24] are selected on object 'Object Repository/DispensaryToCms/Page_Dispensary Store/select_--Select--Adernaline 0.'

2018-05-31 15:20:53 - [TEST_STEP][PASSED] - setText: Text '100' is set on object 'Object Repository/DispensaryToCms/Page_Dispensary Store/input_txttreat'

2018-05-31 15:20:53 - [MESSAGE][PASSED] - Text '100' is set on object 'Object Repository/DispensaryToCms/Page_Dispensary Store/input_txttreat'

2018-05-31 15:20:53 - [TEST_STEP][PASSED] - click: Object: 'Object Repository/DispensaryToCms/Page_Dispensary Store/button_Add' is clicked on

2018-05-31 15:20:58 - [MESSAGE][PASSED] - Object: 'Object Repository/DispensaryToCms/Page_Dispensary Store/button_Add' is clicked on

2018-05-31 15:20:58 - [TEST_STEP][PASSED] - delay: Delayed 1 second(s)

2018-05-31 15:20:59 - [MESSAGE][PASSED] - Delayed 1 second(s)

2018-05-31 15:20:59 - [TEST_STEP][PASSED] - selectOptionByIndex: All options with index in [11] are selected on object 'Object Repository/DispensaryToCms/Page_Dispensary Store/select_--Select--Schedule 1Inj'

2018-05-31 15:20:59 - [MESSAGE][PASSED] - All options with index in [11] are selected on object 'Object Repository/DispensaryToCms/Page_Dispensary Store/select_--Select--Schedule 1Inj'

2018-05-31 15:20:59 - [TEST_STEP][PASSED] - delay: Delayed 1 second(s)

2018-05-31 15:21:00 - [MESSAGE][PASSED] - Delayed 1 second(s)

2018-05-31 15:21:00 - [TEST_STEP][PASSED] - selectOptionByIndex: All options with index in [25] are selected on object 'Object Repository/DispensaryToCms/Page_Dispensary Store/select_--Select--Adernaline 0.'

2018-05-31 15:21:01 - [MESSAGE][PASSED] - All options with index in [25] are selected on object 'Object Repository/DispensaryToCms/Page_Dispensary Store/select_--Select--Adernaline 0.'

2018-05-31 15:21:01 - [TEST_STEP][PASSED] - setText: Text '100' is set on object 'Object Repository/DispensaryToCms/Page_Dispensary Store/input_txttreat'

2018-05-31 15:21:01 - [MESSAGE][PASSED] - Text '100' is set on object 'Object Repository/DispensaryToCms/Page_Dispensary Store/input_txttreat'

2018-05-31 15:21:01 - [TEST_STEP][PASSED] - click: Object: 'Object Repository/DispensaryToCms/Page_Dispensary Store/button_Add' is clicked on

2018-05-31 15:21:06 - [MESSAGE][PASSED] - Object: 'Object Repository/DispensaryToCms/Page_Dispensary Store/button_Add' is clicked on

2018-05-31 15:21:06 - [TEST_STEP][PASSED] - delay: Delayed 1 second(s)

2018-05-31 15:21:07 - [MESSAGE][PASSED] - Delayed 1 second(s)

2018-05-31 15:21:07 - [TEST_STEP][PASSED] - selectOptionByIndex: All options with index in [11] are selected on object 'Object Repository/DispensaryToCms/Page_Dispensary Store/select_--Select--Schedule 1Inj'

2018-05-31 15:21:07 - [MESSAGE][PASSED] - All options with index in [11] are selected on object 'Object Repository/DispensaryToCms/Page_Dispensary Store/select_--Select--Schedule 1Inj'

2018-05-31 15:21:07 - [TEST_STEP][PASSED] - delay: Delayed 1 second(s)

2018-05-31 15:21:08 - [MESSAGE][PASSED] - Delayed 1 second(s)

2018-05-31 15:21:08 - [TEST_STEP][PASSED] - selectOptionByIndex: All options with index in [26] are selected on object 'Object Repository/DispensaryToCms/Page_Dispensary Store/select_--Select--Adernaline 0.'

2018-05-31 15:21:09 - [MESSAGE][PASSED] - All options with index in [26] are selected on object 'Object Repository/DispensaryToCms/Page_Dispensary Store/select_--Select--Adernaline 0.'

2018-05-31 15:21:09 - [TEST_STEP][PASSED] - setText: Text '100' is set on object 'Object Repository/DispensaryToCms/Page_Dispensary Store/input_txttreat'

2018-05-31 15:21:09 - [MESSAGE][PASSED] - Text '100' is set on object 'Object Repository/DispensaryToCms/Page_Dispensary Store/input_txttreat'

2018-05-31 15:21:09 - [TEST_STEP][PASSED] - click: Object: 'Object Repository/DispensaryToCms/Page_Dispensary Store/button_Add' is clicked on

2018-05-31 15:21:14 - [MESSAGE][PASSED] - Object: 'Object Repository/DispensaryToCms/Page_Dispensary Store/button_Add' is clicked on

2018-05-31 15:21:14 - [TEST_STEP][PASSED] - delay: Delayed 1 second(s)

2018-05-31 15:21:15 - [MESSAGE][PASSED] - Delayed 1 second(s)

2018-05-31 15:21:15 - [TEST_STEP][PASSED] - selectOptionByIndex: All options with index in [11] are selected on object 'Object Repository/DispensaryToCms/Page_Dispensary Store/select_--Select--Schedule 1Inj'

2018-05-31 15:21:15 - [MESSAGE][PASSED] - All options with index in [11] are selected on object 'Object Repository/DispensaryToCms/Page_Dispensary Store/select_--Select--Schedule 1Inj'

2018-05-31 15:21:15 - [TEST_STEP][PASSED] - delay: Delayed 1 second(s)

2018-05-31 15:21:16 - [MESSAGE][PASSED] - Delayed 1 second(s)

2018-05-31 15:21:16 - [TEST_STEP][PASSED] - selectOptionByIndex: All options with index in [27] are selected on object 'Object Repository/DispensaryToCms/Page_Dispensary Store/select_--Select--Adernaline 0.'

2018-05-31 15:21:16 - [MESSAGE][PASSED] - All options with index in [27] are selected on object 'Object Repository/DispensaryToCms/Page_Dispensary Store/select_--Select--Adernaline 0.'

2018-05-31 15:21:16 - [TEST_STEP][PASSED] - setText: Text '100' is set on object 'Object Repository/DispensaryToCms/Page_Dispensary Store/input_txttreat'

2018-05-31 15:21:17 - [MESSAGE][PASSED] - Text '100' is set on object 'Object Repository/DispensaryToCms/Page_Dispensary Store/input_txttreat'

2018-05-31 15:21:17 - [TEST_STEP][PASSED] - click: Object: 'Object Repository/DispensaryToCms/Page_Dispensary Store/button_Add' is clicked on

2018-05-31 15:21:22 - [MESSAGE][PASSED] - Object: 'Object Repository/DispensaryToCms/Page_Dispensary Store/button_Add' is clicked on

2018-05-31 15:21:22 - [TEST_STEP][PASSED] - delay: Delayed 1 second(s)

2018-05-31 15:21:23 - [MESSAGE][PASSED] - Delayed 1 second(s)

2018-05-31 15:21:23 - [TEST_STEP][PASSED] - selectOptionByIndex: All options with index in [11] are selected on object 'Object Repository/DispensaryToCms/Page_Dispensary Store/select_--Select--Schedule 1Inj'

2018-05-31 15:21:23 - [MESSAGE][PASSED] - All options with index in [11] are selected on object 'Object Repository/DispensaryToCms/Page_Dispensary Store/select_--Select--Schedule 1Inj'

2018-05-31 15:21:23 - [TEST_STEP][PASSED] - delay: Delayed 1 second(s)

2018-05-31 15:21:24 - [MESSAGE][PASSED] - Delayed 1 second(s)

2018-05-31 15:21:24 - [TEST_STEP][PASSED] - selectOptionByIndex: All options with index in [28] are selected on object 'Object Repository/DispensaryToCms/Page_Dispensary Store/select_--Select--Adernaline 0.'

2018-05-31 15:21:24 - [MESSAGE][PASSED] - All options with index in [28] are selected on object 'Object Repository/DispensaryToCms/Page_Dispensary Store/select_--Select--Adernaline 0.'

2018-05-31 15:21:24 - [TEST_STEP][PASSED] - setText: Text '100' is set on object 'Object Repository/DispensaryToCms/Page_Dispensary Store/input_txttreat'

2018-05-31 15:21:24 - [MESSAGE][PASSED] - Text '100' is set on object 'Object Repository/DispensaryToCms/Page_Dispensary Store/input_txttreat'

2018-05-31 15:21:24 - [TEST_STEP][PASSED] - click: Object: 'Object Repository/DispensaryToCms/Page_Dispensary Store/button_Add' is clicked on

2018-05-31 15:21:29 - [MESSAGE][PASSED] - Object: 'Object Repository/DispensaryToCms/Page_Dispensary Store/button_Add' is clicked on

2018-05-31 15:21:29 - [TEST_STEP][PASSED] - delay: Delayed 1 second(s)

2018-05-31 15:21:30 - [MESSAGE][PASSED] - Delayed 1 second(s)

2018-05-31 15:21:30 - [TEST_STEP][PASSED] - selectOptionByIndex: All options with index in [11] are selected on object 'Object Repository/DispensaryToCms/Page_Dispensary Store/select_--Select--Schedule 1Inj'

2018-05-31 15:21:31 - [MESSAGE][PASSED] - All options with index in [11] are selected on object 'Object Repository/DispensaryToCms/Page_Dispensary Store/select_--Select--Schedule 1Inj'

2018-05-31 15:21:31 - [TEST_STEP][PASSED] - delay: Delayed 1 second(s)

2018-05-31 15:21:32 - [MESSAGE][PASSED] - Delayed 1 second(s)

2018-05-31 15:21:32 - [TEST_STEP][PASSED] - selectOptionByIndex: All options with index in [29] are selected on object 'Object Repository/DispensaryToCms/Page_Dispensary Store/select_--Select--Adernaline 0.'

2018-05-31 15:21:32 - [MESSAGE][PASSED] - All options with index in [29] are selected on object 'Object Repository/DispensaryToCms/Page_Dispensary Store/select_--Select--Adernaline 0.'

2018-05-31 15:21:32 - [TEST_STEP][PASSED] - setText: Text '100' is set on object 'Object Repository/DispensaryToCms/Page_Dispensary Store/input_txttreat'

2018-05-31 15:21:32 - [MESSAGE][PASSED] - Text '100' is set on object 'Object Repository/DispensaryToCms/Page_Dispensary Store/input_txttreat'

2018-05-31 15:21:32 - [TEST_STEP][PASSED] - click: Object: 'Object Repository/DispensaryToCms/Page_Dispensary Store/button_Add' is clicked on

2018-05-31 15:21:37 - [MESSAGE][PASSED] - Object: 'Object Repository/DispensaryToCms/Page_Dispensary Store/button_Add' is clicked on

2018-05-31 15:21:37 - [TEST_STEP][PASSED] - delay: Delayed 1 second(s)

2018-05-31 15:21:38 - [MESSAGE][PASSED] - Delayed 1 second(s)

2018-05-31 15:21:38 - [TEST_STEP][PASSED] - selectOptionByIndex: All options with index in [11] are selected on object 'Object Repository/DispensaryToCms/Page_Dispensary Store/select_--Select--Schedule 1Inj'

2018-05-31 15:21:39 - [MESSAGE][PASSED] - All options with index in [11] are selected on object 'Object Repository/DispensaryToCms/Page_Dispensary Store/select_--Select--Schedule 1Inj'

2018-05-31 15:21:39 - [TEST_STEP][PASSED] - delay: Delayed 1 second(s)

2018-05-31 15:21:40 - [MESSAGE][PASSED] - Delayed 1 second(s)

2018-05-31 15:21:40 - [TEST_STEP][PASSED] - selectOptionByIndex: All options with index in [30] are selected on object 'Object Repository/DispensaryToCms/Page_Dispensary Store/select_--Select--Adernaline 0.'

2018-05-31 15:21:40 - [MESSAGE][PASSED] - All options with index in [30] are selected on object 'Object Repository/DispensaryToCms/Page_Dispensary Store/select_--Select--Adernaline 0.'

2018-05-31 15:21:40 - [TEST_STEP][PASSED] - setText: Text '100' is set on object 'Object Repository/DispensaryToCms/Page_Dispensary Store/input_txttreat'

2018-05-31 15:21:40 - [MESSAGE][PASSED] - Text '100' is set on object 'Object Repository/DispensaryToCms/Page_Dispensary Store/input_txttreat'

2018-05-31 15:21:40 - [TEST_STEP][PASSED] - click: Object: 'Object Repository/DispensaryToCms/Page_Dispensary Store/button_Add' is clicked on

2018-05-31 15:21:45 - [MESSAGE][PASSED] - Object: 'Object Repository/DispensaryToCms/Page_Dispensary Store/button_Add' is clicked on

2018-05-31 15:21:45 - [TEST_STEP][PASSED] - delay: Delayed 1 second(s)

2018-05-31 15:21:46 - [MESSAGE][PASSED] - Delayed 1 second(s)

2018-05-31 15:21:46 - [TEST_STEP][PASSED] - selectOptionByIndex: All options with index in [11] are selected on object 'Object Repository/DispensaryToCms/Page_Dispensary Store/select_--Select--Schedule 1Inj'

2018-05-31 15:21:47 - [MESSAGE][PASSED] - All options with index in [11] are selected on object 'Object Repository/DispensaryToCms/Page_Dispensary Store/select_--Select--Schedule 1Inj'

2018-05-31 15:21:47 - [TEST_STEP][PASSED] - delay: Delayed 1 second(s)

2018-05-31 15:21:48 - [MESSAGE][PASSED] - Delayed 1 second(s)

2018-05-31 15:21:48 - [TEST_STEP][PASSED] - selectOptionByIndex: All options with index in [31] are selected on object 'Object Repository/DispensaryToCms/Page_Dispensary Store/select_--Select--Adernaline 0.'

2018-05-31 15:21:48 - [MESSAGE][PASSED] - All options with index in [31] are selected on object 'Object Repository/DispensaryToCms/Page_Dispensary Store/select_--Select--Adernaline 0.'

2018-05-31 15:21:48 - [TEST_STEP][PASSED] - setText: Text '100' is set on object 'Object Repository/DispensaryToCms/Page_Dispensary Store/input_txttreat'

2018-05-31 15:21:48 - [MESSAGE][PASSED] - Text '100' is set on object 'Object Repository/DispensaryToCms/Page_Dispensary Store/input_txttreat'

2018-05-31 15:21:48 - [TEST_STEP][PASSED] - click: Object: 'Object Repository/DispensaryToCms/Page_Dispensary Store/button_Add' is clicked on

2018-05-31 15:21:53 - [MESSAGE][PASSED] - Object: 'Object Repository/DispensaryToCms/Page_Dispensary Store/button_Add' is clicked on

2018-05-31 15:21:53 - [TEST_STEP][PASSED] - delay: Delayed 1 second(s)

2018-05-31 15:21:54 - [MESSAGE][PASSED] - Delayed 1 second(s)

2018-05-31 15:21:54 - [TEST_STEP][PASSED] - selectOptionByIndex: All options with index in [11] are selected on object 'Object Repository/DispensaryToCms/Page_Dispensary Store/select_--Select--Schedule 1Inj'

2018-05-31 15:21:54 - [MESSAGE][PASSED] - All options with index in [11] are selected on object 'Object Repository/DispensaryToCms/Page_Dispensary Store/select_--Select--Schedule 1Inj'

2018-05-31 15:21:54 - [TEST_STEP][PASSED] - delay: Delayed 1 second(s)

2018-05-31 15:21:55 - [MESSAGE][PASSED] - Delayed 1 second(s)

2018-05-31 15:21:55 - [TEST_STEP][PASSED] - selectOptionByIndex: All options with index in [32] are selected on object 'Object Repository/DispensaryToCms/Page_Dispensary Store/select_--Select--Adernaline 0.'

2018-05-31 15:21:56 - [MESSAGE][PASSED] - All options with index in [32] are selected on object 'Object Repository/DispensaryToCms/Page_Dispensary Store/select_--Select--Adernaline 0.'

2018-05-31 15:21:56 - [TEST_STEP][PASSED] - setText: Text '100' is set on object 'Object Repository/DispensaryToCms/Page_Dispensary Store/input_txttreat'

2018-05-31 15:21:56 - [MESSAGE][PASSED] - Text '100' is set on object 'Object Repository/DispensaryToCms/Page_Dispensary Store/input_txttreat'

2018-05-31 15:21:56 - [TEST_STEP][PASSED] - click: Object: 'Object Repository/DispensaryToCms/Page_Dispensary Store/button_Add' is clicked on

2018-05-31 15:22:01 - [MESSAGE][PASSED] - Object: 'Object Repository/DispensaryToCms/Page_Dispensary Store/button_Add' is clicked on

2018-05-31 15:22:01 - [TEST_STEP][PASSED] - delay: Delayed 1 second(s)

2018-05-31 15:22:02 - [MESSAGE][PASSED] - Delayed 1 second(s)

2018-05-31 15:22:02 - [TEST_STEP][PASSED] - selectOptionByIndex: All options with index in [11] are selected on object 'Object Repository/DispensaryToCms/Page_Dispensary Store/select_--Select--Schedule 1Inj'

2018-05-31 15:22:02 - [MESSAGE][PASSED] - All options with index in [11] are selected on object 'Object Repository/DispensaryToCms/Page_Dispensary Store/select_--Select--Schedule 1Inj'

2018-05-31 15:22:02 - [TEST_STEP][PASSED] - delay: Delayed 1 second(s)

2018-05-31 15:22:03 - [MESSAGE][PASSED] - Delayed 1 second(s)

2018-05-31 15:22:03 - [TEST_STEP][PASSED] - selectOptionByIndex: All options with index in [33] are selected on object 'Object Repository/DispensaryToCms/Page_Dispensary Store/select_--Select--Adernaline 0.'

2018-05-31 15:22:04 - [MESSAGE][PASSED] - All options with index in [33] are selected on object 'Object Repository/DispensaryToCms/Page_Dispensary Store/select_--Select--Adernaline 0.'

2018-05-31 15:22:04 - [TEST_STEP][PASSED] - setText: Text '100' is set on object 'Object Repository/DispensaryToCms/Page_Dispensary Store/input_txttreat'

2018-05-31 15:22:04 - [MESSAGE][PASSED] - Text '100' is set on object 'Object Repository/DispensaryToCms/Page_Dispensary Store/input_txttreat'

2018-05-31 15:22:04 - [TEST_STEP][PASSED] - click: Object: 'Object Repository/DispensaryToCms/Page_Dispensary Store/button_Add' is clicked on

2018-05-31 15:22:09 - [MESSAGE][PASSED] - Object: 'Object Repository/DispensaryToCms/Page_Dispensary Store/button_Add' is clicked on

2018-05-31 15:22:09 - [TEST_STEP][PASSED] - delay: Delayed 1 second(s)

2018-05-31 15:22:10 - [MESSAGE][PASSED] - Delayed 1 second(s)

2018-05-31 15:22:10 - [TEST_STEP][PASSED] - selectOptionByIndex: All options with index in [11] are selected on object 'Object Repository/DispensaryToCms/Page_Dispensary Store/select_--Select--Schedule 1Inj'

2018-05-31 15:22:10 - [MESSAGE][PASSED] - All options with index in [11] are selected on object 'Object Repository/DispensaryToCms/Page_Dispensary Store/select_--Select--Schedule 1Inj'

2018-05-31 15:22:10 - [TEST_STEP][PASSED] - delay: Delayed 1 second(s)

2018-05-31 15:22:11 - [MESSAGE][PASSED] - Delayed 1 second(s)

2018-05-31 15:22:11 - [TEST_STEP][PASSED] - selectOptionByIndex: All options with index in [34] are selected on object 'Object Repository/DispensaryToCms/Page_Dispensary Store/select_--Select--Adernaline 0.'

2018-05-31 15:22:12 - [MESSAGE][PASSED] - All options with index in [34] are selected on object 'Object Repository/DispensaryToCms/Page_Dispensary Store/select_--Select--Adernaline 0.'

2018-05-31 15:22:12 - [TEST_STEP][PASSED] - setText: Text '100' is set on object 'Object Repository/DispensaryToCms/Page_Dispensary Store/input_txttreat'

2018-05-31 15:22:12 - [MESSAGE][PASSED] - Text '100' is set on object 'Object Repository/DispensaryToCms/Page_Dispensary Store/input_txttreat'

2018-05-31 15:22:12 - [TEST_STEP][PASSED] - click: Object: 'Object Repository/DispensaryToCms/Page_Dispensary Store/button_Add' is clicked on

2018-05-31 15:22:17 - [MESSAGE][PASSED] - Object: 'Object Repository/DispensaryToCms/Page_Dispensary Store/button_Add' is clicked on

2018-05-31 15:22:17 - [TEST_STEP][PASSED] - delay: Delayed 1 second(s)

2018-05-31 15:22:18 - [MESSAGE][PASSED] - Delayed 1 second(s)

2018-05-31 15:22:18 - [TEST_STEP][PASSED] - selectOptionByIndex: All options with index in [11] are selected on object 'Object Repository/DispensaryToCms/Page_Dispensary Store/select_--Select--Schedule 1Inj'

2018-05-31 15:22:18 - [MESSAGE][PASSED] - All options with index in [11] are selected on object 'Object Repository/DispensaryToCms/Page_Dispensary Store/select_--Select--Schedule 1Inj'

2018-05-31 15:22:18 - [TEST_STEP][PASSED] - delay: Delayed 1 second(s)

2018-05-31 15:22:19 - [MESSAGE][PASSED] - Delayed 1 second(s)

2018-05-31 15:22:19 - [TEST_STEP][PASSED] - selectOptionByIndex: All options with index in [35] are selected on object 'Object Repository/DispensaryToCms/Page_Dispensary Store/select_--Select--Adernaline 0.'

2018-05-31 15:22:20 - [MESSAGE][PASSED] - All options with index in [35] are selected on object 'Object Repository/DispensaryToCms/Page_Dispensary Store/select_--Select--Adernaline 0.'

2018-05-31 15:22:20 - [TEST_STEP][PASSED] - setText: Text '100' is set on object 'Object Repository/DispensaryToCms/Page_Dispensary Store/input_txttreat'

2018-05-31 15:22:20 - [MESSAGE][PASSED] - Text '100' is set on object 'Object Repository/DispensaryToCms/Page_Dispensary Store/input_txttreat'

2018-05-31 15:22:20 - [TEST_STEP][PASSED] - click: Object: 'Object Repository/DispensaryToCms/Page_Dispensary Store/button_Add' is clicked on

2018-05-31 15:22:25 - [MESSAGE][PASSED] - Object: 'Object Repository/DispensaryToCms/Page_Dispensary Store/button_Add' is clicked on

2018-05-31 15:22:25 - [TEST_STEP][PASSED] - delay: Delayed 1 second(s)

2018-05-31 15:22:26 - [MESSAGE][PASSED] - Delayed 1 second(s)

2018-05-31 15:22:26 - [TEST_STEP][PASSED] - selectOptionByIndex: All options with index in [11] are selected on object 'Object Repository/DispensaryToCms/Page_Dispensary Store/select_--Select--Schedule 1Inj'

2018-05-31 15:22:26 - [MESSAGE][PASSED] - All options with index in [11] are selected on object 'Object Repository/DispensaryToCms/Page_Dispensary Store/select_--Select--Schedule 1Inj'

2018-05-31 15:22:26 - [TEST_STEP][PASSED] - delay: Delayed 1 second(s)

2018-05-31 15:22:27 - [MESSAGE][PASSED] - Delayed 1 second(s)

2018-05-31 15:22:27 - [TEST_STEP][PASSED] - selectOptionByIndex: All options with index in [36] are selected on object 'Object Repository/DispensaryToCms/Page_Dispensary Store/select_--Select--Adernaline 0.'

2018-05-31 15:22:28 - [MESSAGE][PASSED] - All options with index in [36] are selected on object 'Object Repository/DispensaryToCms/Page_Dispensary Store/select_--Select--Adernaline 0.'

2018-05-31 15:22:28 - [TEST_STEP][PASSED] - setText: Text '100' is set on object 'Object Repository/DispensaryToCms/Page_Dispensary Store/input_txttreat'

2018-05-31 15:22:28 - [MESSAGE][PASSED] - Text '100' is set on object 'Object Repository/DispensaryToCms/Page_Dispensary Store/input_txttreat'

2018-05-31 15:22:28 - [TEST_STEP][PASSED] - click: Object: 'Object Repository/DispensaryToCms/Page_Dispensary Store/button_Add' is clicked on

2018-05-31 15:22:33 - [MESSAGE][PASSED] - Object: 'Object Repository/DispensaryToCms/Page_Dispensary Store/button_Add' is clicked on

2018-05-31 15:22:33 - [TEST_STEP][PASSED] - delay: Delayed 1 second(s)

2018-05-31 15:22:34 - [MESSAGE][PASSED] - Delayed 1 second(s)

2018-05-31 15:22:34 - [TEST_STEP][PASSED] - selectOptionByIndex: All options with index in [11] are selected on object 'Object Repository/DispensaryToCms/Page_Dispensary Store/select_--Select--Schedule 1Inj'

2018-05-31 15:22:34 - [MESSAGE][PASSED] - All options with index in [11] are selected on object 'Object Repository/DispensaryToCms/Page_Dispensary Store/select_--Select--Schedule 1Inj'

2018-05-31 15:22:34 - [TEST_STEP][PASSED] - delay: Delayed 1 second(s)

2018-05-31 15:22:35 - [MESSAGE][PASSED] - Delayed 1 second(s)

2018-05-31 15:22:35 - [TEST_STEP][PASSED] - selectOptionByIndex: All options with index in [37] are selected on object 'Object Repository/DispensaryToCms/Page_Dispensary Store/select_--Select--Adernaline 0.'

2018-05-31 15:22:36 - [MESSAGE][PASSED] - All options with index in [37] are selected on object 'Object Repository/DispensaryToCms/Page_Dispensary Store/select_--Select--Adernaline 0.'

2018-05-31 15:22:36 - [TEST_STEP][PASSED] - setText: Text '100' is set on object 'Object Repository/DispensaryToCms/Page_Dispensary Store/input_txttreat'

2018-05-31 15:22:36 - [MESSAGE][PASSED] - Text '100' is set on object 'Object Repository/DispensaryToCms/Page_Dispensary Store/input_txttreat'

2018-05-31 15:22:36 - [TEST_STEP][PASSED] - click: Object: 'Object Repository/DispensaryToCms/Page_Dispensary Store/button_Add' is clicked on

2018-05-31 15:22:41 - [MESSAGE][PASSED] - Object: 'Object Repository/DispensaryToCms/Page_Dispensary Store/button_Add' is clicked on

2018-05-31 15:22:41 - [TEST_STEP][PASSED] - delay: Delayed 1 second(s)

2018-05-31 15:22:42 - [MESSAGE][PASSED] - Delayed 1 second(s)

2018-05-31 15:22:42 - [TEST_STEP][PASSED] - selectOptionByIndex: All options with index in [11] are selected on object 'Object Repository/DispensaryToCms/Page_Dispensary Store/select_--Select--Schedule 1Inj'

2018-05-31 15:22:42 - [MESSAGE][PASSED] - All options with index in [11] are selected on object 'Object Repository/DispensaryToCms/Page_Dispensary Store/select_--Select--Schedule 1Inj'

2018-05-31 15:22:42 - [TEST_STEP][PASSED] - delay: Delayed 1 second(s)

2018-05-31 15:22:43 - [MESSAGE][PASSED] - Delayed 1 second(s)

2018-05-31 15:22:43 - [TEST_STEP][PASSED] - selectOptionByIndex: All options with index in [38] are selected on object 'Object Repository/DispensaryToCms/Page_Dispensary Store/select_--Select--Adernaline 0.'

2018-05-31 15:22:44 - [MESSAGE][PASSED] - All options with index in [38] are selected on object 'Object Repository/DispensaryToCms/Page_Dispensary Store/select_--Select--Adernaline 0.'

2018-05-31 15:22:44 - [TEST_STEP][PASSED] - setText: Text '100' is set on object 'Object Repository/DispensaryToCms/Page_Dispensary Store/input_txttreat'

2018-05-31 15:22:44 - [MESSAGE][PASSED] - Text '100' is set on object 'Object Repository/DispensaryToCms/Page_Dispensary Store/input_txttreat'

2018-05-31 15:22:44 - [TEST_STEP][PASSED] - click: Object: 'Object Repository/DispensaryToCms/Page_Dispensary Store/button_Add' is clicked on

2018-05-31 15:22:49 - [MESSAGE][PASSED] - Object: 'Object Repository/DispensaryToCms/Page_Dispensary Store/button_Add' is clicked on

2018-05-31 15:22:49 - [TEST_STEP][PASSED] - delay: Delayed 1 second(s)

2018-05-31 15:22:50 - [MESSAGE][PASSED] - Delayed 1 second(s)

2018-05-31 15:22:50 - [TEST_STEP][PASSED] - selectOptionByIndex: All options with index in [11] are selected on object 'Object Repository/DispensaryToCms/Page_Dispensary Store/select_--Select--Schedule 1Inj'

2018-05-31 15:22:50 - [MESSAGE][PASSED] - All options with index in [11] are selected on object 'Object Repository/DispensaryToCms/Page_Dispensary Store/select_--Select--Schedule 1Inj'

2018-05-31 15:22:50 - [TEST_STEP][PASSED] - delay: Delayed 1 second(s)

2018-05-31 15:22:51 - [MESSAGE][PASSED] - Delayed 1 second(s)

2018-05-31 15:22:51 - [TEST_STEP][PASSED] - selectOptionByIndex: All options with index in [39] are selected on object 'Object Repository/DispensaryToCms/Page_Dispensary Store/select_--Select--Adernaline 0.'

2018-05-31 15:22:52 - [MESSAGE][PASSED] - All options with index in [39] are selected on object 'Object Repository/DispensaryToCms/Page_Dispensary Store/select_--Select--Adernaline 0.'

2018-05-31 15:22:52 - [TEST_STEP][PASSED] - setText: Text '100' is set on object 'Object Repository/DispensaryToCms/Page_Dispensary Store/input_txttreat'

2018-05-31 15:22:52 - [MESSAGE][PASSED] - Text '100' is set on object 'Object Repository/DispensaryToCms/Page_Dispensary Store/input_txttreat'

2018-05-31 15:22:52 - [TEST_STEP][PASSED] - click: Object: 'Object Repository/DispensaryToCms/Page_Dispensary Store/button_Add' is clicked on

2018-05-31 15:22:57 - [MESSAGE][PASSED] - Object: 'Object Repository/DispensaryToCms/Page_Dispensary Store/button_Add' is clicked on

2018-05-31 15:22:57 - [TEST_STEP][PASSED] - delay: Delayed 1 second(s)

2018-05-31 15:22:58 - [MESSAGE][PASSED] - Delayed 1 second(s)

2018-05-31 15:22:58 - [TEST_STEP][PASSED] - selectOptionByIndex: All options with index in [11] are selected on object 'Object Repository/DispensaryToCms/Page_Dispensary Store/select_--Select--Schedule 1Inj'

2018-05-31 15:22:58 - [MESSAGE][PASSED] - All options with index in [11] are selected on object 'Object Repository/DispensaryToCms/Page_Dispensary Store/select_--Select--Schedule 1Inj'

2018-05-31 15:22:58 - [TEST_STEP][PASSED] - delay: Delayed 1 second(s)

2018-05-31 15:22:59 - [MESSAGE][PASSED] - Delayed 1 second(s)

2018-05-31 15:22:59 - [TEST_STEP][PASSED] - selectOptionByIndex: All options with index in [40] are selected on object 'Object Repository/DispensaryToCms/Page_Dispensary Store/select_--Select--Adernaline 0.'

2018-05-31 15:23:00 - [MESSAGE][PASSED] - All options with index in [40] are selected on object 'Object Repository/DispensaryToCms/Page_Dispensary Store/select_--Select--Adernaline 0.'

2018-05-31 15:23:00 - [TEST_STEP][PASSED] - setText: Text '100' is set on object 'Object Repository/DispensaryToCms/Page_Dispensary Store/input_txttreat'

2018-05-31 15:23:00 - [MESSAGE][PASSED] - Text '100' is set on object 'Object Repository/DispensaryToCms/Page_Dispensary Store/input_txttreat'

2018-05-31 15:23:00 - [TEST_STEP][PASSED] - click: Object: 'Object Repository/DispensaryToCms/Page_Dispensary Store/button_Add' is clicked on

2018-05-31 15:23:05 - [MESSAGE][PASSED] - Object: 'Object Repository/DispensaryToCms/Page_Dispensary Store/button_Add' is clicked on

2018-05-31 15:23:05 - [TEST_STEP][PASSED] - delay: Delayed 1 second(s)

2018-05-31 15:23:06 - [MESSAGE][PASSED] - Delayed 1 second(s)

2018-05-31 15:23:06 - [TEST_STEP][PASSED] - selectOptionByIndex: All options with index in [11] are selected on object 'Object Repository/DispensaryToCms/Page_Dispensary Store/select_--Select--Schedule 1Inj'

2018-05-31 15:23:06 - [MESSAGE][PASSED] - All options with index in [11] are selected on object 'Object Repository/DispensaryToCms/Page_Dispensary Store/select_--Select--Schedule 1Inj'

2018-05-31 15:23:06 - [TEST_STEP][PASSED] - delay: Delayed 1 second(s)

2018-05-31 15:23:07 - [MESSAGE][PASSED] - Delayed 1 second(s)

2018-05-31 15:23:07 - [TEST_STEP][PASSED] - selectOptionByIndex: All options with index in [41] are selected on object 'Object Repository/DispensaryToCms/Page_Dispensary Store/select_--Select--Adernaline 0.'

2018-05-31 15:23:08 - [MESSAGE][PASSED] - All options with index in [41] are selected on object 'Object Repository/DispensaryToCms/Page_Dispensary Store/select_--Select--Adernaline 0.'

2018-05-31 15:23:08 - [TEST_STEP][PASSED] - setText: Text '100' is set on object 'Object Repository/DispensaryToCms/Page_Dispensary Store/input_txttreat'

2018-05-31 15:23:08 - [MESSAGE][PASSED] - Text '100' is set on object 'Object Repository/DispensaryToCms/Page_Dispensary Store/input_txttreat'

2018-05-31 15:23:08 - [TEST_STEP][PASSED] - click: Object: 'Object Repository/DispensaryToCms/Page_Dispensary Store/button_Add' is clicked on

2018-05-31 15:23:13 - [MESSAGE][PASSED] - Object: 'Object Repository/DispensaryToCms/Page_Dispensary Store/button_Add' is clicked on

2018-05-31 15:23:13 - [TEST_STEP][PASSED] - delay: Delayed 1 second(s)

2018-05-31 15:23:14 - [MESSAGE][PASSED] - Delayed 1 second(s)

2018-05-31 15:23:14 - [TEST_STEP][PASSED] - selectOptionByIndex: All options with index in [11] are selected on object 'Object Repository/DispensaryToCms/Page_Dispensary Store/select_--Select--Schedule 1Inj'

2018-05-31 15:23:14 - [MESSAGE][PASSED] - All options with index in [11] are selected on object 'Object Repository/DispensaryToCms/Page_Dispensary Store/select_--Select--Schedule 1Inj'

2018-05-31 15:23:14 - [TEST_STEP][PASSED] - delay: Delayed 1 second(s)

2018-05-31 15:23:15 - [MESSAGE][PASSED] - Delayed 1 second(s)

2018-05-31 15:23:15 - [TEST_STEP][PASSED] - selectOptionByIndex: All options with index in [42] are selected on object 'Object Repository/DispensaryToCms/Page_Dispensary Store/select_--Select--Adernaline 0.'

2018-05-31 15:23:16 - [MESSAGE][PASSED] - All options with index in [42] are selected on object 'Object Repository/DispensaryToCms/Page_Dispensary Store/select_--Select--Adernaline 0.'

2018-05-31 15:23:16 - [TEST_STEP][PASSED] - setText: Text '100' is set on object 'Object Repository/DispensaryToCms/Page_Dispensary Store/input_txttreat'

2018-05-31 15:23:16 - [MESSAGE][PASSED] - Text '100' is set on object 'Object Repository/DispensaryToCms/Page_Dispensary Store/input_txttreat'

2018-05-31 15:23:16 - [TEST_STEP][PASSED] - click: Object: 'Object Repository/DispensaryToCms/Page_Dispensary Store/button_Add' is clicked on

2018-05-31 15:23:21 - [MESSAGE][PASSED] - Object: 'Object Repository/DispensaryToCms/Page_Dispensary Store/button_Add' is clicked on

2018-05-31 15:23:21 - [TEST_STEP][PASSED] - delay: Delayed 1 second(s)

2018-05-31 15:23:22 - [MESSAGE][PASSED] - Delayed 1 second(s)

2018-05-31 15:23:22 - [TEST_STEP][PASSED] - selectOptionByIndex: All options with index in [11] are selected on object 'Object Repository/DispensaryToCms/Page_Dispensary Store/select_--Select--Schedule 1Inj'

2018-05-31 15:23:23 - [MESSAGE][PASSED] - All options with index in [11] are selected on object 'Object Repository/DispensaryToCms/Page_Dispensary Store/select_--Select--Schedule 1Inj'

2018-05-31 15:23:23 - [TEST_STEP][PASSED] - delay: Delayed 1 second(s)

2018-05-31 15:23:24 - [MESSAGE][PASSED] - Delayed 1 second(s)

2018-05-31 15:23:24 - [TEST_STEP][PASSED] - selectOptionByIndex: All options with index in [43] are selected on object 'Object Repository/DispensaryToCms/Page_Dispensary Store/select_--Select--Adernaline 0.'

2018-05-31 15:23:24 - [MESSAGE][PASSED] - All options with index in [43] are selected on object 'Object Repository/DispensaryToCms/Page_Dispensary Store/select_--Select--Adernaline 0.'

2018-05-31 15:23:24 - [TEST_STEP][PASSED] - setText: Text '100' is set on object 'Object Repository/DispensaryToCms/Page_Dispensary Store/input_txttreat'

2018-05-31 15:23:24 - [MESSAGE][PASSED] - Text '100' is set on object 'Object Repository/DispensaryToCms/Page_Dispensary Store/input_txttreat'

2018-05-31 15:23:24 - [TEST_STEP][PASSED] - click: Object: 'Object Repository/DispensaryToCms/Page_Dispensary Store/button_Add' is clicked on

2018-05-31 15:23:29 - [MESSAGE][PASSED] - Object: 'Object Repository/DispensaryToCms/Page_Dispensary Store/button_Add' is clicked on

2018-05-31 15:23:29 - [TEST_STEP][PASSED] - delay: Delayed 1 second(s)

2018-05-31 15:23:30 - [MESSAGE][PASSED] - Delayed 1 second(s)

2018-05-31 15:23:30 - [TEST_STEP][PASSED] - selectOptionByIndex: All options with index in [11] are selected on object 'Object Repository/DispensaryToCms/Page_Dispensary Store/select_--Select--Schedule 1Inj'

2018-05-31 15:23:31 - [MESSAGE][PASSED] - All options with index in [11] are selected on object 'Object Repository/DispensaryToCms/Page_Dispensary Store/select_--Select--Schedule 1Inj'

2018-05-31 15:23:31 - [TEST_STEP][PASSED] - delay: Delayed 1 second(s)

2018-05-31 15:23:32 - [MESSAGE][PASSED] - Delayed 1 second(s)

2018-05-31 15:23:32 - [TEST_STEP][PASSED] - selectOptionByIndex: All options with index in [44] are selected on object 'Object Repository/DispensaryToCms/Page_Dispensary Store/select_--Select--Adernaline 0.'

2018-05-31 15:23:32 - [MESSAGE][PASSED] - All options with index in [44] are selected on object 'Object Repository/DispensaryToCms/Page_Dispensary Store/select_--Select--Adernaline 0.'

2018-05-31 15:23:32 - [TEST_STEP][PASSED] - setText: Text '100' is set on object 'Object Repository/DispensaryToCms/Page_Dispensary Store/input_txttreat'

2018-05-31 15:23:32 - [MESSAGE][PASSED] - Text '100' is set on object 'Object Repository/DispensaryToCms/Page_Dispensary Store/input_txttreat'

2018-05-31 15:23:32 - [TEST_STEP][PASSED] - click: Object: 'Object Repository/DispensaryToCms/Page_Dispensary Store/button_Add' is clicked on

2018-05-31 15:23:37 - [MESSAGE][PASSED] - Object: 'Object Repository/DispensaryToCms/Page_Dispensary Store/button_Add' is clicked on

2018-05-31 15:23:37 - [TEST_STEP][PASSED] - delay: Delayed 1 second(s)

2018-05-31 15:23:38 - [MESSAGE][PASSED] - Delayed 1 second(s)

2018-05-31 15:23:38 - [TEST_STEP][PASSED] - selectOptionByIndex: All options with index in [11] are selected on object 'Object Repository/DispensaryToCms/Page_Dispensary Store/select_--Select--Schedule 1Inj'

2018-05-31 15:23:39 - [MESSAGE][PASSED] - All options with index in [11] are selected on object 'Object Repository/DispensaryToCms/Page_Dispensary Store/select_--Select--Schedule 1Inj'

2018-05-31 15:23:39 - [TEST_STEP][PASSED] - delay: Delayed 1 second(s)

2018-05-31 15:23:40 - [MESSAGE][PASSED] - Delayed 1 second(s)

2018-05-31 15:23:40 - [TEST_STEP][PASSED] - selectOptionByIndex: All options with index in [45] are selected on object 'Object Repository/DispensaryToCms/Page_Dispensary Store/select_--Select--Adernaline 0.'

2018-05-31 15:23:40 - [MESSAGE][PASSED] - All options with index in [45] are selected on object 'Object Repository/DispensaryToCms/Page_Dispensary Store/select_--Select--Adernaline 0.'

2018-05-31 15:23:40 - [TEST_STEP][PASSED] - setText: Text '100' is set on object 'Object Repository/DispensaryToCms/Page_Dispensary Store/input_txttreat'

2018-05-31 15:23:40 - [MESSAGE][PASSED] - Text '100' is set on object 'Object Repository/DispensaryToCms/Page_Dispensary Store/input_txttreat'

2018-05-31 15:23:40 - [TEST_STEP][PASSED] - click: Object: 'Object Repository/DispensaryToCms/Page_Dispensary Store/button_Add' is clicked on

2018-05-31 15:23:45 - [MESSAGE][PASSED] - Object: 'Object Repository/DispensaryToCms/Page_Dispensary Store/button_Add' is clicked on

2018-05-31 15:23:45 - [TEST_STEP][PASSED] - delay: Delayed 1 second(s)

2018-05-31 15:23:46 - [MESSAGE][PASSED] - Delayed 1 second(s)

2018-05-31 15:23:46 - [TEST_STEP][PASSED] - selectOptionByIndex: All options with index in [11] are selected on object 'Object Repository/DispensaryToCms/Page_Dispensary Store/select_--Select--Schedule 1Inj'

2018-05-31 15:23:47 - [MESSAGE][PASSED] - All options with index in [11] are selected on object 'Object Repository/DispensaryToCms/Page_Dispensary Store/select_--Select--Schedule 1Inj'

2018-05-31 15:23:47 - [TEST_STEP][PASSED] - delay: Delayed 1 second(s)

2018-05-31 15:23:48 - [MESSAGE][PASSED] - Delayed 1 second(s)

2018-05-31 15:23:48 - [TEST_STEP][PASSED] - selectOptionByIndex: All options with index in [46] are selected on object 'Object Repository/DispensaryToCms/Page_Dispensary Store/select_--Select--Adernaline 0.'

2018-05-31 15:23:48 - [MESSAGE][PASSED] - All options with index in [46] are selected on object 'Object Repository/DispensaryToCms/Page_Dispensary Store/select_--Select--Adernaline 0.'

2018-05-31 15:23:48 - [TEST_STEP][PASSED] - setText: Text '100' is set on object 'Object Repository/DispensaryToCms/Page_Dispensary Store/input_txttreat'

2018-05-31 15:23:48 - [MESSAGE][PASSED] - Text '100' is set on object 'Object Repository/DispensaryToCms/Page_Dispensary Store/input_txttreat'

2018-05-31 15:23:48 - [TEST_STEP][PASSED] - click: Object: 'Object Repository/DispensaryToCms/Page_Dispensary Store/button_Add' is clicked on

2018-05-31 15:23:53 - [MESSAGE][PASSED] - Object: 'Object Repository/DispensaryToCms/Page_Dispensary Store/button_Add' is clicked on

2018-05-31 15:23:53 - [TEST_STEP][PASSED] - delay: Delayed 1 second(s)

2018-05-31 15:23:54 - [MESSAGE][PASSED] - Delayed 1 second(s)

2018-05-31 15:23:54 - [TEST_STEP][PASSED] - selectOptionByIndex: All options with index in [11] are selected on object 'Object Repository/DispensaryToCms/Page_Dispensary Store/select_--Select--Schedule 1Inj'

2018-05-31 15:23:55 - [MESSAGE][PASSED] - All options with index in [11] are selected on object 'Object Repository/DispensaryToCms/Page_Dispensary Store/select_--Select--Schedule 1Inj'

2018-05-31 15:23:55 - [TEST_STEP][PASSED] - delay: Delayed 1 second(s)

2018-05-31 15:23:56 - [MESSAGE][PASSED] - Delayed 1 second(s)

2018-05-31 15:23:56 - [TEST_STEP][PASSED] - selectOptionByIndex: All options with index in [47] are selected on object 'Object Repository/DispensaryToCms/Page_Dispensary Store/select_--Select--Adernaline 0.'

2018-05-31 15:23:56 - [MESSAGE][PASSED] - All options with index in [47] are selected on object 'Object Repository/DispensaryToCms/Page_Dispensary Store/select_--Select--Adernaline 0.'

2018-05-31 15:23:56 - [TEST_STEP][PASSED] - setText: Text '100' is set on object 'Object Repository/DispensaryToCms/Page_Dispensary Store/input_txttreat'

2018-05-31 15:23:56 - [MESSAGE][PASSED] - Text '100' is set on object 'Object Repository/DispensaryToCms/Page_Dispensary Store/input_txttreat'

2018-05-31 15:23:56 - [TEST_STEP][PASSED] - click: Object: 'Object Repository/DispensaryToCms/Page_Dispensary Store/button_Add' is clicked on

2018-05-31 15:24:01 - [MESSAGE][PASSED] - Object: 'Object Repository/DispensaryToCms/Page_Dispensary Store/button_Add' is clicked on

2018-05-31 15:24:01 - [TEST_STEP][PASSED] - delay: Delayed 1 second(s)

2018-05-31 15:24:02 - [MESSAGE][PASSED] - Delayed 1 second(s)

2018-05-31 15:24:02 - [TEST_STEP][PASSED] - selectOptionByIndex: All options with index in [11] are selected on object 'Object Repository/DispensaryToCms/Page_Dispensary Store/select_--Select--Schedule 1Inj'

2018-05-31 15:24:03 - [MESSAGE][PASSED] - All options with index in [11] are selected on object 'Object Repository/DispensaryToCms/Page_Dispensary Store/select_--Select--Schedule 1Inj'

2018-05-31 15:24:03 - [TEST_STEP][PASSED] - delay: Delayed 1 second(s)

2018-05-31 15:24:04 - [MESSAGE][PASSED] - Delayed 1 second(s)

2018-05-31 15:24:04 - [TEST_STEP][PASSED] - selectOptionByIndex: All options with index in [48] are selected on object 'Object Repository/DispensaryToCms/Page_Dispensary Store/select_--Select--Adernaline 0.'

2018-05-31 15:24:04 - [MESSAGE][PASSED] - All options with index in [48] are selected on object 'Object Repository/DispensaryToCms/Page_Dispensary Store/select_--Select--Adernaline 0.'

2018-05-31 15:24:04 - [TEST_STEP][PASSED] - setText: Text '100' is set on object 'Object Repository/DispensaryToCms/Page_Dispensary Store/input_txttreat'

2018-05-31 15:24:04 - [MESSAGE][PASSED] - Text '100' is set on object 'Object Repository/DispensaryToCms/Page_Dispensary Store/input_txttreat'

2018-05-31 15:24:04 - [TEST_STEP][PASSED] - click: Object: 'Object Repository/DispensaryToCms/Page_Dispensary Store/button_Add' is clicked on

2018-05-31 15:24:10 - [MESSAGE][PASSED] - Object: 'Object Repository/DispensaryToCms/Page_Dispensary Store/button_Add' is clicked on

2018-05-31 15:24:10 - [TEST_STEP][PASSED] - delay: Delayed 1 second(s)

2018-05-31 15:24:11 - [MESSAGE][PASSED] - Delayed 1 second(s)

2018-05-31 15:24:11 - [TEST_STEP][PASSED] - selectOptionByIndex: All options with index in [11] are selected on object 'Object Repository/DispensaryToCms/Page_Dispensary Store/select_--Select--Schedule 1Inj'

2018-05-31 15:24:11 - [MESSAGE][PASSED] - All options with index in [11] are selected on object 'Object Repository/DispensaryToCms/Page_Dispensary Store/select_--Select--Schedule 1Inj'

2018-05-31 15:24:11 - [TEST_STEP][PASSED] - delay: Delayed 1 second(s)

2018-05-31 15:24:12 - [MESSAGE][PASSED] - Delayed 1 second(s)

2018-05-31 15:24:12 - [TEST_STEP][PASSED] - selectOptionByIndex: All options with index in [49] are selected on object 'Object Repository/DispensaryToCms/Page_Dispensary Store/select_--Select--Adernaline 0.'

2018-05-31 15:24:12 - [MESSAGE][PASSED] - All options with index in [49] are selected on object 'Object Repository/DispensaryToCms/Page_Dispensary Store/select_--Select--Adernaline 0.'

2018-05-31 15:24:12 - [TEST_STEP][PASSED] - setText: Text '100' is set on object 'Object Repository/DispensaryToCms/Page_Dispensary Store/input_txttreat'

2018-05-31 15:24:13 - [MESSAGE][PASSED] - Text '100' is set on object 'Object Repository/DispensaryToCms/Page_Dispensary Store/input_txttreat'

2018-05-31 15:24:13 - [TEST_STEP][PASSED] - click: Object: 'Object Repository/DispensaryToCms/Page_Dispensary Store/button_Add' is clicked on

2018-05-31 15:24:18 - [MESSAGE][PASSED] - Object: 'Object Repository/DispensaryToCms/Page_Dispensary Store/button_Add' is clicked on

2018-05-31 15:24:18 - [TEST_STEP][PASSED] - delay: Delayed 1 second(s)

2018-05-31 15:24:19 - [MESSAGE][PASSED] - Delayed 1 second(s)

2018-05-31 15:24:19 - [TEST_STEP][PASSED] - selectOptionByIndex: All options with index in [11] are selected on object 'Object Repository/DispensaryToCms/Page_Dispensary Store/select_--Select--Schedule 1Inj'

2018-05-31 15:24:19 - [MESSAGE][PASSED] - All options with index in [11] are selected on object 'Object Repository/DispensaryToCms/Page_Dispensary Store/select_--Select--Schedule 1Inj'

2018-05-31 15:24:19 - [TEST_STEP][PASSED] - delay: Delayed 1 second(s)

2018-05-31 15:24:20 - [MESSAGE][PASSED] - Delayed 1 second(s)

2018-05-31 15:24:20 - [TEST_STEP][PASSED] - selectOptionByIndex: All options with index in [50] are selected on object 'Object Repository/DispensaryToCms/Page_Dispensary Store/select_--Select--Adernaline 0.'

2018-05-31 15:24:21 - [MESSAGE][PASSED] - All options with index in [50] are selected on object 'Object Repository/DispensaryToCms/Page_Dispensary Store/select_--Select--Adernaline 0.'

2018-05-31 15:24:21 - [TEST_STEP][PASSED] - setText: Text '100' is set on object 'Object Repository/DispensaryToCms/Page_Dispensary Store/input_txttreat'

2018-05-31 15:24:21 - [MESSAGE][PASSED] - Text '100' is set on object 'Object Repository/DispensaryToCms/Page_Dispensary Store/input_txttreat'

2018-05-31 15:24:21 - [TEST_STEP][PASSED] - click: Object: 'Object Repository/DispensaryToCms/Page_Dispensary Store/button_Add' is clicked on

2018-05-31 15:24:26 - [MESSAGE][PASSED] - Object: 'Object Repository/DispensaryToCms/Page_Dispensary Store/button_Add' is clicked on

2018-05-31 15:24:26 - [TEST_STEP][PASSED] - delay: Delayed 1 second(s)

2018-05-31 15:24:27 - [MESSAGE][PASSED] - Delayed 1 second(s)

2018-05-31 15:24:27 - [TEST_STEP][PASSED] - selectOptionByIndex: All options with index in [11] are selected on object 'Object Repository/DispensaryToCms/Page_Dispensary Store/select_--Select--Schedule 1Inj'

2018-05-31 15:24:27 - [MESSAGE][PASSED] - All options with index in [11] are selected on object 'Object Repository/DispensaryToCms/Page_Dispensary Store/select_--Select--Schedule 1Inj'

2018-05-31 15:24:27 - [TEST_STEP][PASSED] - delay: Delayed 1 second(s)

2018-05-31 15:24:28 - [MESSAGE][PASSED] - Delayed 1 second(s)

2018-05-31 15:24:28 - [TEST_STEP][PASSED] - selectOptionByIndex: All options with index in [51] are selected on object 'Object Repository/DispensaryToCms/Page_Dispensary Store/select_--Select--Adernaline 0.'

2018-05-31 15:24:29 - [MESSAGE][PASSED] - All options with index in [51] are selected on object 'Object Repository/DispensaryToCms/Page_Dispensary Store/select_--Select--Adernaline 0.'

2018-05-31 15:24:29 - [TEST_STEP][PASSED] - setText: Text '100' is set on object 'Object Repository/DispensaryToCms/Page_Dispensary Store/input_txttreat'

2018-05-31 15:24:29 - [MESSAGE][PASSED] - Text '100' is set on object 'Object Repository/DispensaryToCms/Page_Dispensary Store/input_txttreat'

2018-05-31 15:24:29 - [TEST_STEP][PASSED] - click: Object: 'Object Repository/DispensaryToCms/Page_Dispensary Store/button_Add' is clicked on

2018-05-31 15:24:34 - [MESSAGE][PASSED] - Object: 'Object Repository/DispensaryToCms/Page_Dispensary Store/button_Add' is clicked on

2018-05-31 15:24:34 - [TEST_STEP][PASSED] - delay: Delayed 1 second(s)

2018-05-31 15:24:35 - [MESSAGE][PASSED] - Delayed 1 second(s)

2018-05-31 15:24:35 - [TEST_STEP][PASSED] - selectOptionByIndex: All options with index in [11] are selected on object 'Object Repository/DispensaryToCms/Page_Dispensary Store/select_--Select--Schedule 1Inj'

2018-05-31 15:24:35 - [MESSAGE][PASSED] - All options with index in [11] are selected on object 'Object Repository/DispensaryToCms/Page_Dispensary Store/select_--Select--Schedule 1Inj'

2018-05-31 15:24:35 - [TEST_STEP][PASSED] - delay: Delayed 1 second(s)

2018-05-31 15:24:36 - [MESSAGE][PASSED] - Delayed 1 second(s)

2018-05-31 15:24:36 - [TEST_STEP][PASSED] - selectOptionByIndex: All options with index in [52] are selected on object 'Object Repository/DispensaryToCms/Page_Dispensary Store/select_--Select--Adernaline 0.'

2018-05-31 15:24:37 - [MESSAGE][PASSED] - All options with index in [52] are selected on object 'Object Repository/DispensaryToCms/Page_Dispensary Store/select_--Select--Adernaline 0.'

2018-05-31 15:24:37 - [TEST_STEP][PASSED] - setText: Text '100' is set on object 'Object Repository/DispensaryToCms/Page_Dispensary Store/input_txttreat'

2018-05-31 15:24:37 - [MESSAGE][PASSED] - Text '100' is set on object 'Object Repository/DispensaryToCms/Page_Dispensary Store/input_txttreat'

2018-05-31 15:24:37 - [TEST_STEP][PASSED] - click: Object: 'Object Repository/DispensaryToCms/Page_Dispensary Store/button_Add' is clicked on

2018-05-31 15:24:42 - [MESSAGE][PASSED] - Object: 'Object Repository/DispensaryToCms/Page_Dispensary Store/button_Add' is clicked on

2018-05-31 15:24:42 - [TEST_STEP][PASSED] - delay: Delayed 1 second(s)

2018-05-31 15:24:43 - [MESSAGE][PASSED] - Delayed 1 second(s)

2018-05-31 15:24:43 - [TEST_STEP][PASSED] - selectOptionByIndex: All options with index in [11] are selected on object 'Object Repository/DispensaryToCms/Page_Dispensary Store/select_--Select--Schedule 1Inj'

2018-05-31 15:24:43 - [MESSAGE][PASSED] - All options with index in [11] are selected on object 'Object Repository/DispensaryToCms/Page_Dispensary Store/select_--Select--Schedule 1Inj'

2018-05-31 15:24:43 - [TEST_STEP][PASSED] - delay: Delayed 1 second(s)

2018-05-31 15:24:44 - [MESSAGE][PASSED] - Delayed 1 second(s)

2018-05-31 15:24:44 - [TEST_STEP][PASSED] - selectOptionByIndex: All options with index in [53] are selected on object 'Object Repository/DispensaryToCms/Page_Dispensary Store/select_--Select--Adernaline 0.'

2018-05-31 15:24:45 - [MESSAGE][PASSED] - All options with index in [53] are selected on object 'Object Repository/DispensaryToCms/Page_Dispensary Store/select_--Select--Adernaline 0.'

2018-05-31 15:24:45 - [TEST_STEP][PASSED] - setText: Text '100' is set on object 'Object Repository/DispensaryToCms/Page_Dispensary Store/input_txttreat'

2018-05-31 15:24:45 - [MESSAGE][PASSED] - Text '100' is set on object 'Object Repository/DispensaryToCms/Page_Dispensary Store/input_txttreat'

2018-05-31 15:24:45 - [TEST_STEP][PASSED] - click: Object: 'Object Repository/DispensaryToCms/Page_Dispensary Store/button_Add' is clicked on

2018-05-31 15:24:50 - [MESSAGE][PASSED] - Object: 'Object Repository/DispensaryToCms/Page_Dispensary Store/button_Add' is clicked on

2018-05-31 15:24:50 - [TEST_STEP][PASSED] - delay: Delayed 1 second(s)

2018-05-31 15:24:51 - [MESSAGE][PASSED] - Delayed 1 second(s)

2018-05-31 15:24:51 - [TEST_STEP][PASSED] - selectOptionByIndex: All options with index in [11] are selected on object 'Object Repository/DispensaryToCms/Page_Dispensary Store/select_--Select--Schedule 1Inj'

2018-05-31 15:24:52 - [MESSAGE][PASSED] - All options with index in [11] are selected on object 'Object Repository/DispensaryToCms/Page_Dispensary Store/select_--Select--Schedule 1Inj'

2018-05-31 15:24:52 - [TEST_STEP][PASSED] - delay: Delayed 1 second(s)

2018-05-31 15:24:53 - [MESSAGE][PASSED] - Delayed 1 second(s)

2018-05-31 15:24:53 - [TEST_STEP][PASSED] - selectOptionByIndex: All options with index in [54] are selected on object 'Object Repository/DispensaryToCms/Page_Dispensary Store/select_--Select--Adernaline 0.'

2018-05-31 15:24:53 - [MESSAGE][PASSED] - All options with index in [54] are selected on object 'Object Repository/DispensaryToCms/Page_Dispensary Store/select_--Select--Adernaline 0.'

2018-05-31 15:24:53 - [TEST_STEP][PASSED] - setText: Text '100' is set on object 'Object Repository/DispensaryToCms/Page_Dispensary Store/input_txttreat'

2018-05-31 15:24:53 - [MESSAGE][PASSED] - Text '100' is set on object 'Object Repository/DispensaryToCms/Page_Dispensary Store/input_txttreat'

2018-05-31 15:24:53 - [TEST_STEP][PASSED] - click: Object: 'Object Repository/DispensaryToCms/Page_Dispensary Store/button_Add' is clicked on

2018-05-31 15:24:59 - [MESSAGE][PASSED] - Object: 'Object Repository/DispensaryToCms/Page_Dispensary Store/button_Add' is clicked on

2018-05-31 15:24:59 - [TEST_STEP][PASSED] - delay: Delayed 1 second(s)

2018-05-31 15:25:00 - [MESSAGE][PASSED] - Delayed 1 second(s)

2018-05-31 15:25:00 - [TEST_STEP][PASSED] - selectOptionByIndex: All options with index in [11] are selected on object 'Object Repository/DispensaryToCms/Page_Dispensary Store/select_--Select--Schedule 1Inj'

2018-05-31 15:25:00 - [MESSAGE][PASSED] - All options with index in [11] are selected on object 'Object Repository/DispensaryToCms/Page_Dispensary Store/select_--Select--Schedule 1Inj'

2018-05-31 15:25:00 - [TEST_STEP][PASSED] - delay: Delayed 1 second(s)

2018-05-31 15:25:01 - [MESSAGE][PASSED] - Delayed 1 second(s)

2018-05-31 15:25:01 - [TEST_STEP][PASSED] - selectOptionByIndex: All options with index in [55] are selected on object 'Object Repository/DispensaryToCms/Page_Dispensary Store/select_--Select--Adernaline 0.'

2018-05-31 15:25:02 - [MESSAGE][PASSED] - All options with index in [55] are selected on object 'Object Repository/DispensaryToCms/Page_Dispensary Store/select_--Select--Adernaline 0.'

2018-05-31 15:25:02 - [TEST_STEP][PASSED] - setText: Text '100' is set on object 'Object Repository/DispensaryToCms/Page_Dispensary Store/input_txttreat'

2018-05-31 15:25:02 - [MESSAGE][PASSED] - Text '100' is set on object 'Object Repository/DispensaryToCms/Page_Dispensary Store/input_txttreat'

2018-05-31 15:25:02 - [TEST_STEP][PASSED] - click: Object: 'Object Repository/DispensaryToCms/Page_Dispensary Store/button_Add' is clicked on

2018-05-31 15:25:07 - [MESSAGE][PASSED] - Object: 'Object Repository/DispensaryToCms/Page_Dispensary Store/button_Add' is clicked on

2018-05-31 15:25:07 - [TEST_STEP][PASSED] - delay: Delayed 1 second(s)

2018-05-31 15:25:08 - [MESSAGE][PASSED] - Delayed 1 second(s)

2018-05-31 15:25:08 - [TEST_STEP][PASSED] - selectOptionByIndex: All options with index in [11] are selected on object 'Object Repository/DispensaryToCms/Page_Dispensary Store/select_--Select--Schedule 1Inj'

2018-05-31 15:25:08 - [MESSAGE][PASSED] - All options with index in [11] are selected on object 'Object Repository/DispensaryToCms/Page_Dispensary Store/select_--Select--Schedule 1Inj'

2018-05-31 15:25:08 - [TEST_STEP][PASSED] - delay: Delayed 1 second(s)

2018-05-31 15:25:09 - [MESSAGE][PASSED] - Delayed 1 second(s)

2018-05-31 15:25:09 - [TEST_STEP][PASSED] - selectOptionByIndex: All options with index in [56] are selected on object 'Object Repository/DispensaryToCms/Page_Dispensary Store/select_--Select--Adernaline 0.'

2018-05-31 15:25:10 - [MESSAGE][PASSED] - All options with index in [56] are selected on object 'Object Repository/DispensaryToCms/Page_Dispensary Store/select_--Select--Adernaline 0.'

2018-05-31 15:25:10 - [TEST_STEP][PASSED] - setText: Text '100' is set on object 'Object Repository/DispensaryToCms/Page_Dispensary Store/input_txttreat'

2018-05-31 15:25:10 - [MESSAGE][PASSED] - Text '100' is set on object 'Object Repository/DispensaryToCms/Page_Dispensary Store/input_txttreat'

2018-05-31 15:25:10 - [TEST_STEP][PASSED] - click: Object: 'Object Repository/DispensaryToCms/Page_Dispensary Store/button_Add' is clicked on

2018-05-31 15:25:15 - [MESSAGE][PASSED] - Object: 'Object Repository/DispensaryToCms/Page_Dispensary Store/button_Add' is clicked on

2018-05-31 15:25:15 - [TEST_STEP][PASSED] - delay: Delayed 1 second(s)

2018-05-31 15:25:16 - [MESSAGE][PASSED] - Delayed 1 second(s)

2018-05-31 15:25:16 - [TEST_STEP][PASSED] - selectOptionByIndex: All options with index in [11] are selected on object 'Object Repository/DispensaryToCms/Page_Dispensary Store/select_--Select--Schedule 1Inj'

2018-05-31 15:25:16 - [MESSAGE][PASSED] - All options with index in [11] are selected on object 'Object Repository/DispensaryToCms/Page_Dispensary Store/select_--Select--Schedule 1Inj'

2018-05-31 15:25:16 - [TEST_STEP][PASSED] - delay: Delayed 1 second(s)

2018-05-31 15:25:17 - [MESSAGE][PASSED] - Delayed 1 second(s)

2018-05-31 15:25:17 - [TEST_STEP][PASSED] - selectOptionByIndex: All options with index in [57] are selected on object 'Object Repository/DispensaryToCms/Page_Dispensary Store/select_--Select--Adernaline 0.'

2018-05-31 15:25:18 - [MESSAGE][PASSED] - All options with index in [57] are selected on object 'Object Repository/DispensaryToCms/Page_Dispensary Store/select_--Select--Adernaline 0.'

2018-05-31 15:25:18 - [TEST_STEP][PASSED] - setText: Text '100' is set on object 'Object Repository/DispensaryToCms/Page_Dispensary Store/input_txttreat'

2018-05-31 15:25:18 - [MESSAGE][PASSED] - Text '100' is set on object 'Object Repository/DispensaryToCms/Page_Dispensary Store/input_txttreat'

2018-05-31 15:25:18 - [TEST_STEP][PASSED] - click: Object: 'Object Repository/DispensaryToCms/Page_Dispensary Store/button_Add' is clicked on

2018-05-31 15:25:23 - [MESSAGE][PASSED] - Object: 'Object Repository/DispensaryToCms/Page_Dispensary Store/button_Add' is clicked on

2018-05-31 15:25:23 - [TEST_STEP][PASSED] - delay: Delayed 1 second(s)

2018-05-31 15:25:24 - [MESSAGE][PASSED] - Delayed 1 second(s)

2018-05-31 15:25:24 - [TEST_STEP][PASSED] - selectOptionByIndex: All options with index in [11] are selected on object 'Object Repository/DispensaryToCms/Page_Dispensary Store/select_--Select--Schedule 1Inj'

2018-05-31 15:25:25 - [MESSAGE][PASSED] - All options with index in [11] are selected on object 'Object Repository/DispensaryToCms/Page_Dispensary Store/select_--Select--Schedule 1Inj'

2018-05-31 15:25:25 - [TEST_STEP][PASSED] - delay: Delayed 1 second(s)

2018-05-31 15:25:26 - [MESSAGE][PASSED] - Delayed 1 second(s)

2018-05-31 15:25:26 - [TEST_STEP][PASSED] - selectOptionByIndex: All options with index in [58] are selected on object 'Object Repository/DispensaryToCms/Page_Dispensary Store/select_--Select--Adernaline 0.'

2018-05-31 15:25:26 - [MESSAGE][PASSED] - All options with index in [58] are selected on object 'Object Repository/DispensaryToCms/Page_Dispensary Store/select_--Select--Adernaline 0.'

2018-05-31 15:25:26 - [TEST_STEP][PASSED] - setText: Text '100' is set on object 'Object Repository/DispensaryToCms/Page_Dispensary Store/input_txttreat'

2018-05-31 15:25:27 - [MESSAGE][PASSED] - Text '100' is set on object 'Object Repository/DispensaryToCms/Page_Dispensary Store/input_txttreat'

2018-05-31 15:25:27 - [TEST_STEP][PASSED] - click: Object: 'Object Repository/DispensaryToCms/Page_Dispensary Store/button_Add' is clicked on

2018-05-31 15:25:32 - [MESSAGE][PASSED] - Object: 'Object Repository/DispensaryToCms/Page_Dispensary Store/button_Add' is clicked on

2018-05-31 15:25:32 - [TEST_STEP][PASSED] - delay: Delayed 1 second(s)

2018-05-31 15:25:33 - [MESSAGE][PASSED] - Delayed 1 second(s)

2018-05-31 15:25:33 - [TEST_STEP][PASSED] - selectOptionByIndex: All options with index in [11] are selected on object 'Object Repository/DispensaryToCms/Page_Dispensary Store/select_--Select--Schedule 1Inj'

2018-05-31 15:25:33 - [MESSAGE][PASSED] - All options with index in [11] are selected on object 'Object Repository/DispensaryToCms/Page_Dispensary Store/select_--Select--Schedule 1Inj'

2018-05-31 15:25:33 - [TEST_STEP][PASSED] - delay: Delayed 1 second(s)

2018-05-31 15:25:34 - [MESSAGE][PASSED] - Delayed 1 second(s)

2018-05-31 15:25:34 - [TEST_STEP][PASSED] - selectOptionByIndex: All options with index in [59] are selected on object 'Object Repository/DispensaryToCms/Page_Dispensary Store/select_--Select--Adernaline 0.'

2018-05-31 15:25:35 - [MESSAGE][PASSED] - All options with index in [59] are selected on object 'Object Repository/DispensaryToCms/Page_Dispensary Store/select_--Select--Adernaline 0.'

2018-05-31 15:25:35 - [TEST_STEP][PASSED] - setText: Text '100' is set on object 'Object Repository/DispensaryToCms/Page_Dispensary Store/input_txttreat'

2018-05-31 15:25:35 - [MESSAGE][PASSED] - Text '100' is set on object 'Object Repository/DispensaryToCms/Page_Dispensary Store/input_txttreat'

2018-05-31 15:25:35 - [TEST_STEP][PASSED] - click: Object: 'Object Repository/DispensaryToCms/Page_Dispensary Store/button_Add' is clicked on

2018-05-31 15:25:40 - [MESSAGE][PASSED] - Object: 'Object Repository/DispensaryToCms/Page_Dispensary Store/button_Add' is clicked on

2018-05-31 15:25:40 - [TEST_STEP][PASSED] - delay: Delayed 1 second(s)

2018-05-31 15:25:41 - [MESSAGE][PASSED] - Delayed 1 second(s)

2018-05-31 15:25:41 - [TEST_STEP][PASSED] - selectOptionByIndex: All options with index in [11] are selected on object 'Object Repository/DispensaryToCms/Page_Dispensary Store/select_--Select--Schedule 1Inj'

2018-05-31 15:25:41 - [MESSAGE][PASSED] - All options with index in [11] are selected on object 'Object Repository/DispensaryToCms/Page_Dispensary Store/select_--Select--Schedule 1Inj'

2018-05-31 15:25:41 - [TEST_STEP][PASSED] - delay: Delayed 1 second(s)

2018-05-31 15:25:42 - [MESSAGE][PASSED] - Delayed 1 second(s)

2018-05-31 15:25:42 - [TEST_STEP][PASSED] - selectOptionByIndex: All options with index in [60] are selected on object 'Object Repository/DispensaryToCms/Page_Dispensary Store/select_--Select--Adernaline 0.'

2018-05-31 15:25:43 - [MESSAGE][PASSED] - All options with index in [60] are selected on object 'Object Repository/DispensaryToCms/Page_Dispensary Store/select_--Select--Adernaline 0.'

2018-05-31 15:25:43 - [TEST_STEP][PASSED] - setText: Text '100' is set on object 'Object Repository/DispensaryToCms/Page_Dispensary Store/input_txttreat'

2018-05-31 15:25:43 - [MESSAGE][PASSED] - Text '100' is set on object 'Object Repository/DispensaryToCms/Page_Dispensary Store/input_txttreat'

2018-05-31 15:25:43 - [TEST_STEP][PASSED] - click: Object: 'Object Repository/DispensaryToCms/Page_Dispensary Store/button_Add' is clicked on

2018-05-31 15:25:48 - [MESSAGE][PASSED] - Object: 'Object Repository/DispensaryToCms/Page_Dispensary Store/button_Add' is clicked on

2018-05-31 15:25:48 - [TEST_STEP][PASSED] - delay: Delayed 1 second(s)

2018-05-31 15:25:49 - [MESSAGE][PASSED] - Delayed 1 second(s)

2018-05-31 15:25:49 - [TEST_STEP][PASSED] - selectOptionByIndex: All options with index in [11] are selected on object 'Object Repository/DispensaryToCms/Page_Dispensary Store/select_--Select--Schedule 1Inj'

2018-05-31 15:25:49 - [MESSAGE][PASSED] - All options with index in [11] are selected on object 'Object Repository/DispensaryToCms/Page_Dispensary Store/select_--Select--Schedule 1Inj'

2018-05-31 15:25:49 - [TEST_STEP][PASSED] - delay: Delayed 1 second(s)

2018-05-31 15:25:50 - [MESSAGE][PASSED] - Delayed 1 second(s)

2018-05-31 15:25:50 - [TEST_STEP][PASSED] - selectOptionByIndex: All options with index in [61] are selected on object 'Object Repository/DispensaryToCms/Page_Dispensary Store/select_--Select--Adernaline 0.'

2018-05-31 15:25:51 - [MESSAGE][PASSED] - All options with index in [61] are selected on object 'Object Repository/DispensaryToCms/Page_Dispensary Store/select_--Select--Adernaline 0.'

2018-05-31 15:25:51 - [TEST_STEP][PASSED] - setText: Text '100' is set on object 'Object Repository/DispensaryToCms/Page_Dispensary Store/input_txttreat'

2018-05-31 15:25:51 - [MESSAGE][PASSED] - Text '100' is set on object 'Object Repository/DispensaryToCms/Page_Dispensary Store/input_txttreat'

2018-05-31 15:25:51 - [TEST_STEP][PASSED] - click: Object: 'Object Repository/DispensaryToCms/Page_Dispensary Store/button_Add' is clicked on

2018-05-31 15:25:56 - [MESSAGE][PASSED] - Object: 'Object Repository/DispensaryToCms/Page_Dispensary Store/button_Add' is clicked on

2018-05-31 15:25:56 - [TEST_STEP][PASSED] - delay: Delayed 1 second(s)

2018-05-31 15:25:57 - [MESSAGE][PASSED] - Delayed 1 second(s)

2018-05-31 15:25:57 - [TEST_STEP][PASSED] - selectOptionByIndex: All options with index in [11] are selected on object 'Object Repository/DispensaryToCms/Page_Dispensary Store/select_--Select--Schedule 1Inj'

2018-05-31 15:25:58 - [MESSAGE][PASSED] - All options with index in [11] are selected on object 'Object Repository/DispensaryToCms/Page_Dispensary Store/select_--Select--Schedule 1Inj'

2018-05-31 15:25:58 - [TEST_STEP][PASSED] - delay: Delayed 1 second(s)

2018-05-31 15:25:59 - [MESSAGE][PASSED] - Delayed 1 second(s)

2018-05-31 15:25:59 - [TEST_STEP][PASSED] - selectOptionByIndex: All options with index in [62] are selected on object 'Object Repository/DispensaryToCms/Page_Dispensary Store/select_--Select--Adernaline 0.'

2018-05-31 15:26:00 - [MESSAGE][PASSED] - All options with index in [62] are selected on object 'Object Repository/DispensaryToCms/Page_Dispensary Store/select_--Select--Adernaline 0.'

2018-05-31 15:26:00 - [TEST_STEP][PASSED] - setText: Text '100' is set on object 'Object Repository/DispensaryToCms/Page_Dispensary Store/input_txttreat'

2018-05-31 15:26:00 - [MESSAGE][PASSED] - Text '100' is set on object 'Object Repository/DispensaryToCms/Page_Dispensary Store/input_txttreat'

2018-05-31 15:26:00 - [TEST_STEP][PASSED] - click: Object: 'Object Repository/DispensaryToCms/Page_Dispensary Store/button_Add' is clicked on

2018-05-31 15:26:05 - [MESSAGE][PASSED] - Object: 'Object Repository/DispensaryToCms/Page_Dispensary Store/button_Add' is clicked on

2018-05-31 15:26:05 - [TEST_STEP][PASSED] - delay: Delayed 1 second(s)

2018-05-31 15:26:06 - [MESSAGE][PASSED] - Delayed 1 second(s)

2018-05-31 15:26:06 - [TEST_STEP][PASSED] - selectOptionByIndex: All options with index in [11] are selected on object 'Object Repository/DispensaryToCms/Page_Dispensary Store/select_--Select--Schedule 1Inj'

2018-05-31 15:26:06 - [MESSAGE][PASSED] - All options with index in [11] are selected on object 'Object Repository/DispensaryToCms/Page_Dispensary Store/select_--Select--Schedule 1Inj'

2018-05-31 15:26:06 - [TEST_STEP][PASSED] - delay: Delayed 1 second(s)

2018-05-31 15:26:07 - [MESSAGE][PASSED] - Delayed 1 second(s)

2018-05-31 15:26:07 - [TEST_STEP][PASSED] - selectOptionByIndex: All options with index in [63] are selected on object 'Object Repository/DispensaryToCms/Page_Dispensary Store/select_--Select--Adernaline 0.'

2018-05-31 15:26:08 - [MESSAGE][PASSED] - All options with index in [63] are selected on object 'Object Repository/DispensaryToCms/Page_Dispensary Store/select_--Select--Adernaline 0.'

2018-05-31 15:26:08 - [TEST_STEP][PASSED] - setText: Text '100' is set on object 'Object Repository/DispensaryToCms/Page_Dispensary Store/input_txttreat'

2018-05-31 15:26:08 - [MESSAGE][PASSED] - Text '100' is set on object 'Object Repository/DispensaryToCms/Page_Dispensary Store/input_txttreat'

2018-05-31 15:26:08 - [TEST_STEP][PASSED] - click: Object: 'Object Repository/DispensaryToCms/Page_Dispensary Store/button_Add' is clicked on

2018-05-31 15:26:13 - [MESSAGE][PASSED] - Object: 'Object Repository/DispensaryToCms/Page_Dispensary Store/button_Add' is clicked on

2018-05-31 15:26:13 - [TEST_STEP][PASSED] - delay: Delayed 1 second(s)

2018-05-31 15:26:14 - [MESSAGE][PASSED] - Delayed 1 second(s)

2018-05-31 15:26:14 - [TEST_STEP][PASSED] - selectOptionByIndex: All options with index in [11] are selected on object 'Object Repository/DispensaryToCms/Page_Dispensary Store/select_--Select--Schedule 1Inj'

2018-05-31 15:26:14 - [MESSAGE][PASSED] - All options with index in [11] are selected on object 'Object Repository/DispensaryToCms/Page_Dispensary Store/select_--Select--Schedule 1Inj'

2018-05-31 15:26:14 - [TEST_STEP][PASSED] - delay: Delayed 1 second(s)

2018-05-31 15:26:15 - [MESSAGE][PASSED] - Delayed 1 second(s)

2018-05-31 15:26:15 - [TEST_STEP][PASSED] - selectOptionByIndex: All options with index in [64] are selected on object 'Object Repository/DispensaryToCms/Page_Dispensary Store/select_--Select--Adernaline 0.'

2018-05-31 15:26:16 - [MESSAGE][PASSED] - All options with index in [64] are selected on object 'Object Repository/DispensaryToCms/Page_Dispensary Store/select_--Select--Adernaline 0.'

2018-05-31 15:26:16 - [TEST_STEP][PASSED] - setText: Text '100' is set on object 'Object Repository/DispensaryToCms/Page_Dispensary Store/input_txttreat'

2018-05-31 15:26:16 - [MESSAGE][PASSED] - Text '100' is set on object 'Object Repository/DispensaryToCms/Page_Dispensary Store/input_txttreat'

2018-05-31 15:26:16 - [TEST_STEP][PASSED] - click: Object: 'Object Repository/DispensaryToCms/Page_Dispensary Store/button_Add' is clicked on

2018-05-31 15:26:21 - [MESSAGE][PASSED] - Object: 'Object Repository/DispensaryToCms/Page_Dispensary Store/button_Add' is clicked on

2018-05-31 15:26:21 - [TEST_STEP][PASSED] - delay: Delayed 1 second(s)

2018-05-31 15:26:22 - [MESSAGE][PASSED] - Delayed 1 second(s)

2018-05-31 15:26:22 - [TEST_STEP][PASSED] - selectOptionByIndex: All options with index in [11] are selected on object 'Object Repository/DispensaryToCms/Page_Dispensary Store/select_--Select--Schedule 1Inj'

2018-05-31 15:26:23 - [MESSAGE][PASSED] - All options with index in [11] are selected on object 'Object Repository/DispensaryToCms/Page_Dispensary Store/select_--Select--Schedule 1Inj'

2018-05-31 15:26:23 - [TEST_STEP][PASSED] - delay: Delayed 1 second(s)

2018-05-31 15:26:24 - [MESSAGE][PASSED] - Delayed 1 second(s)

2018-05-31 15:26:24 - [TEST_STEP][PASSED] - selectOptionByIndex: All options with index in [65] are selected on object 'Object Repository/DispensaryToCms/Page_Dispensary Store/select_--Select--Adernaline 0.'

2018-05-31 15:26:24 - [MESSAGE][PASSED] - All options with index in [65] are selected on object 'Object Repository/DispensaryToCms/Page_Dispensary Store/select_--Select--Adernaline 0.'

2018-05-31 15:26:24 - [TEST_STEP][PASSED] - setText: Text '100' is set on object 'Object Repository/DispensaryToCms/Page_Dispensary Store/input_txttreat'

2018-05-31 15:26:25 - [MESSAGE][PASSED] - Text '100' is set on object 'Object Repository/DispensaryToCms/Page_Dispensary Store/input_txttreat'

2018-05-31 15:26:25 - [TEST_STEP][PASSED] - click: Object: 'Object Repository/DispensaryToCms/Page_Dispensary Store/button_Add' is clicked on

2018-05-31 15:26:30 - [MESSAGE][PASSED] - Object: 'Object Repository/DispensaryToCms/Page_Dispensary Store/button_Add' is clicked on

2018-05-31 15:26:30 - [TEST_STEP][PASSED] - delay: Delayed 1 second(s)

2018-05-31 15:26:31 - [MESSAGE][PASSED] - Delayed 1 second(s)

2018-05-31 15:26:31 - [TEST_STEP][PASSED] - selectOptionByIndex: All options with index in [11] are selected on object 'Object Repository/DispensaryToCms/Page_Dispensary Store/select_--Select--Schedule 1Inj'

2018-05-31 15:26:31 - [MESSAGE][PASSED] - All options with index in [11] are selected on object 'Object Repository/DispensaryToCms/Page_Dispensary Store/select_--Select--Schedule 1Inj'

2018-05-31 15:26:31 - [TEST_STEP][PASSED] - delay: Delayed 1 second(s)

2018-05-31 15:26:32 - [MESSAGE][PASSED] - Delayed 1 second(s)

2018-05-31 15:26:32 - [TEST_STEP][PASSED] - selectOptionByIndex: All options with index in [66] are selected on object 'Object Repository/DispensaryToCms/Page_Dispensary Store/select_--Select--Adernaline 0.'

2018-05-31 15:26:33 - [MESSAGE][PASSED] - All options with index in [66] are selected on object 'Object Repository/DispensaryToCms/Page_Dispensary Store/select_--Select--Adernaline 0.'

2018-05-31 15:26:33 - [TEST_STEP][PASSED] - setText: Text '100' is set on object 'Object Repository/DispensaryToCms/Page_Dispensary Store/input_txttreat'

2018-05-31 15:26:33 - [MESSAGE][PASSED] - Text '100' is set on object 'Object Repository/DispensaryToCms/Page_Dispensary Store/input_txttreat'

2018-05-31 15:26:33 - [TEST_STEP][PASSED] - click: Object: 'Object Repository/DispensaryToCms/Page_Dispensary Store/button_Add' is clicked on

2018-05-31 15:26:38 - [MESSAGE][PASSED] - Object: 'Object Repository/DispensaryToCms/Page_Dispensary Store/button_Add' is clicked on

2018-05-31 15:26:38 - [TEST_STEP][PASSED] - delay: Delayed 1 second(s)

2018-05-31 15:26:39 - [MESSAGE][PASSED] - Delayed 1 second(s)

2018-05-31 15:26:39 - [TEST_STEP][PASSED] - selectOptionByIndex: All options with index in [11] are selected on object 'Object Repository/DispensaryToCms/Page_Dispensary Store/select_--Select--Schedule 1Inj'

2018-05-31 15:26:39 - [MESSAGE][PASSED] - All options with index in [11] are selected on object 'Object Repository/DispensaryToCms/Page_Dispensary Store/select_--Select--Schedule 1Inj'

2018-05-31 15:26:39 - [TEST_STEP][PASSED] - delay: Delayed 1 second(s)

2018-05-31 15:26:40 - [MESSAGE][PASSED] - Delayed 1 second(s)

2018-05-31 15:26:40 - [TEST_STEP][PASSED] - selectOptionByIndex: All options with index in [67] are selected on object 'Object Repository/DispensaryToCms/Page_Dispensary Store/select_--Select--Adernaline 0.'

2018-05-31 15:26:41 - [MESSAGE][PASSED] - All options with index in [67] are selected on object 'Object Repository/DispensaryToCms/Page_Dispensary Store/select_--Select--Adernaline 0.'

2018-05-31 15:26:41 - [TEST_STEP][PASSED] - setText: Text '100' is set on object 'Object Repository/DispensaryToCms/Page_Dispensary Store/input_txttreat'

2018-05-31 15:26:41 - [MESSAGE][PASSED] - Text '100' is set on object 'Object Repository/DispensaryToCms/Page_Dispensary Store/input_txttreat'

2018-05-31 15:26:41 - [TEST_STEP][PASSED] - click: Object: 'Object Repository/DispensaryToCms/Page_Dispensary Store/button_Add' is clicked on

2018-05-31 15:26:46 - [MESSAGE][PASSED] - Object: 'Object Repository/DispensaryToCms/Page_Dispensary Store/button_Add' is clicked on

2018-05-31 15:26:46 - [TEST_STEP][PASSED] - delay: Delayed 1 second(s)

2018-05-31 15:26:47 - [MESSAGE][PASSED] - Delayed 1 second(s)

2018-05-31 15:26:47 - [TEST_STEP][PASSED] - selectOptionByIndex: All options with index in [11] are selected on object 'Object Repository/DispensaryToCms/Page_Dispensary Store/select_--Select--Schedule 1Inj'

2018-05-31 15:26:47 - [MESSAGE][PASSED] - All options with index in [11] are selected on object 'Object Repository/DispensaryToCms/Page_Dispensary Store/select_--Select--Schedule 1Inj'

2018-05-31 15:26:47 - [TEST_STEP][PASSED] - delay: Delayed 1 second(s)

2018-05-31 15:26:48 - [MESSAGE][PASSED] - Delayed 1 second(s)

2018-05-31 15:26:48 - [TEST_STEP][PASSED] - selectOptionByIndex: All options with index in [68] are selected on object 'Object Repository/DispensaryToCms/Page_Dispensary Store/select_--Select--Adernaline 0.'

2018-05-31 15:26:49 - [MESSAGE][PASSED] - All options with index in [68] are selected on object 'Object Repository/DispensaryToCms/Page_Dispensary Store/select_--Select--Adernaline 0.'

2018-05-31 15:26:49 - [TEST_STEP][PASSED] - setText: Text '100' is set on object 'Object Repository/DispensaryToCms/Page_Dispensary Store/input_txttreat'

2018-05-31 15:26:49 - [MESSAGE][PASSED] - Text '100' is set on object 'Object Repository/DispensaryToCms/Page_Dispensary Store/input_txttreat'

2018-05-31 15:26:49 - [TEST_STEP][PASSED] - click: Object: 'Object Repository/DispensaryToCms/Page_Dispensary Store/button_Add' is clicked on

2018-05-31 15:26:54 - [MESSAGE][PASSED] - Object: 'Object Repository/DispensaryToCms/Page_Dispensary Store/button_Add' is clicked on

2018-05-31 15:26:54 - [TEST_STEP][PASSED] - delay: Delayed 1 second(s)

2018-05-31 15:26:55 - [MESSAGE][PASSED] - Delayed 1 second(s)

2018-05-31 15:26:55 - [TEST_STEP][PASSED] - selectOptionByIndex: All options with index in [11] are selected on object 'Object Repository/DispensaryToCms/Page_Dispensary Store/select_--Select--Schedule 1Inj'

2018-05-31 15:26:56 - [MESSAGE][PASSED] - All options with index in [11] are selected on object 'Object Repository/DispensaryToCms/Page_Dispensary Store/select_--Select--Schedule 1Inj'

2018-05-31 15:26:56 - [TEST_STEP][PASSED] - delay: Delayed 1 second(s)

2018-05-31 15:26:57 - [MESSAGE][PASSED] - Delayed 1 second(s)

2018-05-31 15:26:57 - [TEST_STEP][PASSED] - selectOptionByIndex: All options with index in [69] are selected on object 'Object Repository/DispensaryToCms/Page_Dispensary Store/select_--Select--Adernaline 0.'

2018-05-31 15:26:58 - [MESSAGE][PASSED] - All options with index in [69] are selected on object 'Object Repository/DispensaryToCms/Page_Dispensary Store/select_--Select--Adernaline 0.'

2018-05-31 15:26:58 - [TEST_STEP][PASSED] - setText: Text '100' is set on object 'Object Repository/DispensaryToCms/Page_Dispensary Store/input_txttreat'

2018-05-31 15:26:58 - [MESSAGE][PASSED] - Text '100' is set on object 'Object Repository/DispensaryToCms/Page_Dispensary Store/input_txttreat'

2018-05-31 15:26:58 - [TEST_STEP][PASSED] - click: Object: 'Object Repository/DispensaryToCms/Page_Dispensary Store/button_Add' is clicked on

2018-05-31 15:27:03 - [MESSAGE][PASSED] - Object: 'Object Repository/DispensaryToCms/Page_Dispensary Store/button_Add' is clicked on

2018-05-31 15:27:03 - [TEST_STEP][PASSED] - delay: Delayed 1 second(s)

2018-05-31 15:27:04 - [MESSAGE][PASSED] - Delayed 1 second(s)

2018-05-31 15:27:04 - [TEST_STEP][PASSED] - selectOptionByIndex: All options with index in [11] are selected on object 'Object Repository/DispensaryToCms/Page_Dispensary Store/select_--Select--Schedule 1Inj'

2018-05-31 15:27:04 - [MESSAGE][PASSED] - All options with index in [11] are selected on object 'Object Repository/DispensaryToCms/Page_Dispensary Store/select_--Select--Schedule 1Inj'

2018-05-31 15:27:04 - [TEST_STEP][PASSED] - delay: Delayed 1 second(s)

2018-05-31 15:27:05 - [MESSAGE][PASSED] - Delayed 1 second(s)

2018-05-31 15:27:05 - [TEST_STEP][PASSED] - selectOptionByIndex: All options with index in [70] are selected on object 'Object Repository/DispensaryToCms/Page_Dispensary Store/select_--Select--Adernaline 0.'

2018-05-31 15:27:06 - [MESSAGE][PASSED] - All options with index in [70] are selected on object 'Object Repository/DispensaryToCms/Page_Dispensary Store/select_--Select--Adernaline 0.'

2018-05-31 15:27:06 - [TEST_STEP][PASSED] - setText: Text '100' is set on object 'Object Repository/DispensaryToCms/Page_Dispensary Store/input_txttreat'

2018-05-31 15:27:06 - [MESSAGE][PASSED] - Text '100' is set on object 'Object Repository/DispensaryToCms/Page_Dispensary Store/input_txttreat'

2018-05-31 15:27:06 - [TEST_STEP][PASSED] - click: Object: 'Object Repository/DispensaryToCms/Page_Dispensary Store/button_Add' is clicked on

2018-05-31 15:27:11 - [MESSAGE][PASSED] - Object: 'Object Repository/DispensaryToCms/Page_Dispensary Store/button_Add' is clicked on

2018-05-31 15:27:11 - [TEST_STEP][PASSED] - delay: Delayed 1 second(s)

2018-05-31 15:27:12 - [MESSAGE][PASSED] - Delayed 1 second(s)

2018-05-31 15:27:12 - [TEST_STEP][PASSED] - selectOptionByIndex: All options with index in [11] are selected on object 'Object Repository/DispensaryToCms/Page_Dispensary Store/select_--Select--Schedule 1Inj'

2018-05-31 15:27:12 - [MESSAGE][PASSED] - All options with index in [11] are selected on object 'Object Repository/DispensaryToCms/Page_Dispensary Store/select_--Select--Schedule 1Inj'

2018-05-31 15:27:12 - [TEST_STEP][PASSED] - delay: Delayed 1 second(s)

2018-05-31 15:27:13 - [MESSAGE][PASSED] - Delayed 1 second(s)

2018-05-31 15:27:13 - [TEST_STEP][PASSED] - selectOptionByIndex: All options with index in [71] are selected on object 'Object Repository/DispensaryToCms/Page_Dispensary Store/select_--Select--Adernaline 0.'

2018-05-31 15:27:14 - [MESSAGE][PASSED] - All options with index in [71] are selected on object 'Object Repository/DispensaryToCms/Page_Dispensary Store/select_--Select--Adernaline 0.'

2018-05-31 15:27:14 - [TEST_STEP][PASSED] - setText: Text '100' is set on object 'Object Repository/DispensaryToCms/Page_Dispensary Store/input_txttreat'

2018-05-31 15:27:14 - [MESSAGE][PASSED] - Text '100' is set on object 'Object Repository/DispensaryToCms/Page_Dispensary Store/input_txttreat'

2018-05-31 15:27:14 - [TEST_STEP][PASSED] - click: Object: 'Object Repository/DispensaryToCms/Page_Dispensary Store/button_Add' is clicked on

2018-05-31 15:27:19 - [MESSAGE][PASSED] - Object: 'Object Repository/DispensaryToCms/Page_Dispensary Store/button_Add' is clicked on

2018-05-31 15:27:19 - [TEST_STEP][PASSED] - delay: Delayed 1 second(s)

2018-05-31 15:27:20 - [MESSAGE][PASSED] - Delayed 1 second(s)

2018-05-31 15:27:20 - [TEST_STEP][PASSED] - selectOptionByIndex: All options with index in [11] are selected on object 'Object Repository/DispensaryToCms/Page_Dispensary Store/select_--Select--Schedule 1Inj'

2018-05-31 15:27:21 - [MESSAGE][PASSED] - All options with index in [11] are selected on object 'Object Repository/DispensaryToCms/Page_Dispensary Store/select_--Select--Schedule 1Inj'

2018-05-31 15:27:21 - [TEST_STEP][PASSED] - delay: Delayed 1 second(s)

2018-05-31 15:27:22 - [MESSAGE][PASSED] - Delayed 1 second(s)

2018-05-31 15:27:22 - [TEST_STEP][PASSED] - selectOptionByIndex: All options with index in [72] are selected on object 'Object Repository/DispensaryToCms/Page_Dispensary Store/select_--Select--Adernaline 0.'

2018-05-31 15:27:23 - [MESSAGE][PASSED] - All options with index in [72] are selected on object 'Object Repository/DispensaryToCms/Page_Dispensary Store/select_--Select--Adernaline 0.'

2018-05-31 15:27:23 - [TEST_STEP][PASSED] - setText: Text '100' is set on object 'Object Repository/DispensaryToCms/Page_Dispensary Store/input_txttreat'

2018-05-31 15:27:23 - [MESSAGE][PASSED] - Text '100' is set on object 'Object Repository/DispensaryToCms/Page_Dispensary Store/input_txttreat'

2018-05-31 15:27:23 - [TEST_STEP][PASSED] - click: Object: 'Object Repository/DispensaryToCms/Page_Dispensary Store/button_Add' is clicked on

2018-05-31 15:27:28 - [MESSAGE][PASSED] - Object: 'Object Repository/DispensaryToCms/Page_Dispensary Store/button_Add' is clicked on

2018-05-31 15:27:28 - [TEST_STEP][PASSED] - delay: Delayed 1 second(s)

2018-05-31 15:27:29 - [MESSAGE][PASSED] - Delayed 1 second(s)

2018-05-31 15:27:29 - [TEST_STEP][PASSED] - selectOptionByIndex: All options with index in [11] are selected on object 'Object Repository/DispensaryToCms/Page_Dispensary Store/select_--Select--Schedule 1Inj'

2018-05-31 15:27:29 - [MESSAGE][PASSED] - All options with index in [11] are selected on object 'Object Repository/DispensaryToCms/Page_Dispensary Store/select_--Select--Schedule 1Inj'

2018-05-31 15:27:29 - [TEST_STEP][PASSED] - delay: Delayed 1 second(s)

2018-05-31 15:27:30 - [MESSAGE][PASSED] - Delayed 1 second(s)

2018-05-31 15:27:30 - [TEST_STEP][PASSED] - selectOptionByIndex: All options with index in [73] are selected on object 'Object Repository/DispensaryToCms/Page_Dispensary Store/select_--Select--Adernaline 0.'

2018-05-31 15:27:31 - [MESSAGE][PASSED] - All options with index in [73] are selected on object 'Object Repository/DispensaryToCms/Page_Dispensary Store/select_--Select--Adernaline 0.'

2018-05-31 15:27:31 - [TEST_STEP][PASSED] - setText: Text '100' is set on object 'Object Repository/DispensaryToCms/Page_Dispensary Store/input_txttreat'

2018-05-31 15:27:31 - [MESSAGE][PASSED] - Text '100' is set on object 'Object Repository/DispensaryToCms/Page_Dispensary Store/input_txttreat'

2018-05-31 15:27:31 - [TEST_STEP][PASSED] - click: Object: 'Object Repository/DispensaryToCms/Page_Dispensary Store/button_Add' is clicked on

2018-05-31 15:27:36 - [MESSAGE][PASSED] - Object: 'Object Repository/DispensaryToCms/Page_Dispensary Store/button_Add' is clicked on

2018-05-31 15:27:36 - [TEST_STEP][PASSED] - delay: Delayed 1 second(s)

2018-05-31 15:27:37 - [MESSAGE][PASSED] - Delayed 1 second(s)

2018-05-31 15:27:37 - [TEST_STEP][PASSED] - selectOptionByIndex: All options with index in [11] are selected on object 'Object Repository/DispensaryToCms/Page_Dispensary Store/select_--Select--Schedule 1Inj'

2018-05-31 15:27:37 - [MESSAGE][PASSED] - All options with index in [11] are selected on object 'Object Repository/DispensaryToCms/Page_Dispensary Store/select_--Select--Schedule 1Inj'

2018-05-31 15:27:37 - [TEST_STEP][PASSED] - delay: Delayed 1 second(s)

2018-05-31 15:27:38 - [MESSAGE][PASSED] - Delayed 1 second(s)

2018-05-31 15:27:38 - [TEST_STEP][PASSED] - selectOptionByIndex: All options with index in [74] are selected on object 'Object Repository/DispensaryToCms/Page_Dispensary Store/select_--Select--Adernaline 0.'

2018-05-31 15:27:39 - [MESSAGE][PASSED] - All options with index in [74] are selected on object 'Object Repository/DispensaryToCms/Page_Dispensary Store/select_--Select--Adernaline 0.'

2018-05-31 15:27:39 - [TEST_STEP][PASSED] - setText: Text '100' is set on object 'Object Repository/DispensaryToCms/Page_Dispensary Store/input_txttreat'

2018-05-31 15:27:39 - [MESSAGE][PASSED] - Text '100' is set on object 'Object Repository/DispensaryToCms/Page_Dispensary Store/input_txttreat'

2018-05-31 15:27:39 - [TEST_STEP][PASSED] - click: Object: 'Object Repository/DispensaryToCms/Page_Dispensary Store/button_Add' is clicked on

2018-05-31 15:27:44 - [MESSAGE][PASSED] - Object: 'Object Repository/DispensaryToCms/Page_Dispensary Store/button_Add' is clicked on

2018-05-31 15:27:44 - [TEST_STEP][PASSED] - delay: Delayed 1 second(s)

2018-05-31 15:27:45 - [MESSAGE][PASSED] - Delayed 1 second(s)

2018-05-31 15:27:45 - [TEST_STEP][PASSED] - selectOptionByIndex: All options with index in [11] are selected on object 'Object Repository/DispensaryToCms/Page_Dispensary Store/select_--Select--Schedule 1Inj'

2018-05-31 15:27:46 - [MESSAGE][PASSED] - All options with index in [11] are selected on object 'Object Repository/DispensaryToCms/Page_Dispensary Store/select_--Select--Schedule 1Inj'

2018-05-31 15:27:46 - [TEST_STEP][PASSED] - delay: Delayed 1 second(s)

2018-05-31 15:27:47 - [MESSAGE][PASSED] - Delayed 1 second(s)

2018-05-31 15:27:47 - [TEST_STEP][PASSED] - selectOptionByIndex: All options with index in [75] are selected on object 'Object Repository/DispensaryToCms/Page_Dispensary Store/select_--Select--Adernaline 0.'

2018-05-31 15:27:48 - [MESSAGE][PASSED] - All options with index in [75] are selected on object 'Object Repository/DispensaryToCms/Page_Dispensary Store/select_--Select--Adernaline 0.'

2018-05-31 15:27:48 - [TEST_STEP][PASSED] - setText: Text '100' is set on object 'Object Repository/DispensaryToCms/Page_Dispensary Store/input_txttreat'

2018-05-31 15:27:48 - [MESSAGE][PASSED] - Text '100' is set on object 'Object Repository/DispensaryToCms/Page_Dispensary Store/input_txttreat'

2018-05-31 15:27:48 - [TEST_STEP][PASSED] - click: Object: 'Object Repository/DispensaryToCms/Page_Dispensary Store/button_Add' is clicked on

2018-05-31 15:27:53 - [MESSAGE][PASSED] - Object: 'Object Repository/DispensaryToCms/Page_Dispensary Store/button_Add' is clicked on

2018-05-31 15:27:53 - [TEST_STEP][PASSED] - delay: Delayed 1 second(s)

2018-05-31 15:27:54 - [MESSAGE][PASSED] - Delayed 1 second(s)

2018-05-31 15:27:54 - [TEST_STEP][PASSED] - selectOptionByIndex: All options with index in [11] are selected on object 'Object Repository/DispensaryToCms/Page_Dispensary Store/select_--Select--Schedule 1Inj'

2018-05-31 15:27:54 - [MESSAGE][PASSED] - All options with index in [11] are selected on object 'Object Repository/DispensaryToCms/Page_Dispensary Store/select_--Select--Schedule 1Inj'

2018-05-31 15:27:54 - [TEST_STEP][PASSED] - delay: Delayed 1 second(s)

2018-05-31 15:27:55 - [MESSAGE][PASSED] - Delayed 1 second(s)

2018-05-31 15:27:55 - [TEST_STEP][PASSED] - selectOptionByIndex: All options with index in [76] are selected on object 'Object Repository/DispensaryToCms/Page_Dispensary Store/select_--Select--Adernaline 0.'

2018-05-31 15:27:56 - [MESSAGE][PASSED] - All options with index in [76] are selected on object 'Object Repository/DispensaryToCms/Page_Dispensary Store/select_--Select--Adernaline 0.'

2018-05-31 15:27:56 - [TEST_STEP][PASSED] - setText: Text '100' is set on object 'Object Repository/DispensaryToCms/Page_Dispensary Store/input_txttreat'

2018-05-31 15:27:56 - [MESSAGE][PASSED] - Text '100' is set on object 'Object Repository/DispensaryToCms/Page_Dispensary Store/input_txttreat'

2018-05-31 15:27:56 - [TEST_STEP][PASSED] - click: Object: 'Object Repository/DispensaryToCms/Page_Dispensary Store/button_Add' is clicked on

2018-05-31 15:28:01 - [MESSAGE][PASSED] - Object: 'Object Repository/DispensaryToCms/Page_Dispensary Store/button_Add' is clicked on

2018-05-31 15:28:01 - [TEST_STEP][PASSED] - delay: Delayed 1 second(s)

2018-05-31 15:28:02 - [MESSAGE][PASSED] - Delayed 1 second(s)

2018-05-31 15:28:02 - [TEST_STEP][PASSED] - selectOptionByIndex: All options with index in [11] are selected on object 'Object Repository/DispensaryToCms/Page_Dispensary Store/select_--Select--Schedule 1Inj'

2018-05-31 15:28:03 - [MESSAGE][PASSED] - All options with index in [11] are selected on object 'Object Repository/DispensaryToCms/Page_Dispensary Store/select_--Select--Schedule 1Inj'

2018-05-31 15:28:03 - [TEST_STEP][PASSED] - delay: Delayed 1 second(s)

2018-05-31 15:28:04 - [MESSAGE][PASSED] - Delayed 1 second(s)

2018-05-31 15:28:04 - [TEST_STEP][PASSED] - selectOptionByIndex: All options with index in [77] are selected on object 'Object Repository/DispensaryToCms/Page_Dispensary Store/select_--Select--Adernaline 0.'

2018-05-31 15:28:04 - [MESSAGE][PASSED] - All options with index in [77] are selected on object 'Object Repository/DispensaryToCms/Page_Dispensary Store/select_--Select--Adernaline 0.'

2018-05-31 15:28:04 - [TEST_STEP][PASSED] - setText: Text '100' is set on object 'Object Repository/DispensaryToCms/Page_Dispensary Store/input_txttreat'

2018-05-31 15:28:05 - [MESSAGE][PASSED] - Text '100' is set on object 'Object Repository/DispensaryToCms/Page_Dispensary Store/input_txttreat'

2018-05-31 15:28:05 - [TEST_STEP][PASSED] - click: Object: 'Object Repository/DispensaryToCms/Page_Dispensary Store/button_Add' is clicked on

2018-05-31 15:28:10 - [MESSAGE][PASSED] - Object: 'Object Repository/DispensaryToCms/Page_Dispensary Store/button_Add' is clicked on

2018-05-31 15:28:10 - [TEST_STEP][PASSED] - delay: Delayed 1 second(s)

2018-05-31 15:28:11 - [MESSAGE][PASSED] - Delayed 1 second(s)

2018-05-31 15:28:11 - [TEST_STEP][PASSED] - selectOptionByIndex: All options with index in [11] are selected on object 'Object Repository/DispensaryToCms/Page_Dispensary Store/select_--Select--Schedule 1Inj'

2018-05-31 15:28:11 - [MESSAGE][PASSED] - All options with index in [11] are selected on object 'Object Repository/DispensaryToCms/Page_Dispensary Store/select_--Select--Schedule 1Inj'

2018-05-31 15:28:11 - [TEST_STEP][PASSED] - delay: Delayed 1 second(s)

2018-05-31 15:28:12 - [MESSAGE][PASSED] - Delayed 1 second(s)

2018-05-31 15:28:12 - [TEST_STEP][PASSED] - selectOptionByIndex: All options with index in [78] are selected on object 'Object Repository/DispensaryToCms/Page_Dispensary Store/select_--Select--Adernaline 0.'

2018-05-31 15:28:13 - [MESSAGE][PASSED] - All options with index in [78] are selected on object 'Object Repository/DispensaryToCms/Page_Dispensary Store/select_--Select--Adernaline 0.'

2018-05-31 15:28:13 - [TEST_STEP][PASSED] - setText: Text '100' is set on object 'Object Repository/DispensaryToCms/Page_Dispensary Store/input_txttreat'

2018-05-31 15:28:13 - [MESSAGE][PASSED] - Text '100' is set on object 'Object Repository/DispensaryToCms/Page_Dispensary Store/input_txttreat'

2018-05-31 15:28:13 - [TEST_STEP][PASSED] - click: Object: 'Object Repository/DispensaryToCms/Page_Dispensary Store/button_Add' is clicked on

2018-05-31 15:28:18 - [MESSAGE][PASSED] - Object: 'Object Repository/DispensaryToCms/Page_Dispensary Store/button_Add' is clicked on

2018-05-31 15:28:18 - [TEST_STEP][PASSED] - delay: Delayed 1 second(s)

2018-05-31 15:28:19 - [MESSAGE][PASSED] - Delayed 1 second(s)

2018-05-31 15:28:19 - [TEST_STEP][PASSED] - selectOptionByIndex: All options with index in [11] are selected on object 'Object Repository/DispensaryToCms/Page_Dispensary Store/select_--Select--Schedule 1Inj'

2018-05-31 15:28:19 - [MESSAGE][PASSED] - All options with index in [11] are selected on object 'Object Repository/DispensaryToCms/Page_Dispensary Store/select_--Select--Schedule 1Inj'

2018-05-31 15:28:19 - [TEST_STEP][PASSED] - delay: Delayed 1 second(s)

2018-05-31 15:28:20 - [MESSAGE][PASSED] - Delayed 1 second(s)

2018-05-31 15:28:20 - [TEST_STEP][PASSED] - selectOptionByIndex: All options with index in [79] are selected on object 'Object Repository/DispensaryToCms/Page_Dispensary Store/select_--Select--Adernaline 0.'

2018-05-31 15:28:21 - [MESSAGE][PASSED] - All options with index in [79] are selected on object 'Object Repository/DispensaryToCms/Page_Dispensary Store/select_--Select--Adernaline 0.'

2018-05-31 15:28:21 - [TEST_STEP][PASSED] - setText: Text '100' is set on object 'Object Repository/DispensaryToCms/Page_Dispensary Store/input_txttreat'

2018-05-31 15:28:21 - [MESSAGE][PASSED] - Text '100' is set on object 'Object Repository/DispensaryToCms/Page_Dispensary Store/input_txttreat'

2018-05-31 15:28:21 - [TEST_STEP][PASSED] - click: Object: 'Object Repository/DispensaryToCms/Page_Dispensary Store/button_Add' is clicked on

2018-05-31 15:28:26 - [MESSAGE][PASSED] - Object: 'Object Repository/DispensaryToCms/Page_Dispensary Store/button_Add' is clicked on

2018-05-31 15:28:26 - [TEST_STEP][PASSED] - delay: Delayed 1 second(s)

2018-05-31 15:28:27 - [MESSAGE][PASSED] - Delayed 1 second(s)

2018-05-31 15:28:27 - [TEST_STEP][PASSED] - selectOptionByIndex: All options with index in [11] are selected on object 'Object Repository/DispensaryToCms/Page_Dispensary Store/select_--Select--Schedule 1Inj'

2018-05-31 15:28:28 - [MESSAGE][PASSED] - All options with index in [11] are selected on object 'Object Repository/DispensaryToCms/Page_Dispensary Store/select_--Select--Schedule 1Inj'

2018-05-31 15:28:28 - [TEST_STEP][PASSED] - delay: Delayed 1 second(s)

2018-05-31 15:28:29 - [MESSAGE][PASSED] - Delayed 1 second(s)

2018-05-31 15:28:29 - [TEST_STEP][PASSED] - selectOptionByIndex: All options with index in [80] are selected on object 'Object Repository/DispensaryToCms/Page_Dispensary Store/select_--Select--Adernaline 0.'

2018-05-31 15:28:30 - [MESSAGE][PASSED] - All options with index in [80] are selected on object 'Object Repository/DispensaryToCms/Page_Dispensary Store/select_--Select--Adernaline 0.'

2018-05-31 15:28:30 - [TEST_STEP][PASSED] - setText: Text '100' is set on object 'Object Repository/DispensaryToCms/Page_Dispensary Store/input_txttreat'

2018-05-31 15:28:30 - [MESSAGE][PASSED] - Text '100' is set on object 'Object Repository/DispensaryToCms/Page_Dispensary Store/input_txttreat'

2018-05-31 15:28:30 - [TEST_STEP][PASSED] - click: Object: 'Object Repository/DispensaryToCms/Page_Dispensary Store/button_Add' is clicked on

2018-05-31 15:28:35 - [MESSAGE][PASSED] - Object: 'Object Repository/DispensaryToCms/Page_Dispensary Store/button_Add' is clicked on

2018-05-31 15:28:35 - [TEST_STEP][PASSED] - delay: Delayed 1 second(s)

2018-05-31 15:28:36 - [MESSAGE][PASSED] - Delayed 1 second(s)

2018-05-31 15:28:36 - [TEST_STEP][PASSED] - scrollToElement: Scroll to object 'Object Repository/DispensaryToCms/Page_Dispensary Store/input_btnsave' successfully

2018-05-31 15:28:36 - [MESSAGE][PASSED] - Scroll to object 'Object Repository/DispensaryToCms/Page_Dispensary Store/input_btnsave' successfully

2018-05-31 15:28:36 - [TEST_STEP][PASSED] - click: Object: 'Object Repository/DispensaryToCms/Page_Dispensary Store/input_btnsave' is clicked on

2018-05-31 15:28:41 - [MESSAGE][PASSED] - Object: 'Object Repository/DispensaryToCms/Page_Dispensary Store/input_btnsave' is clicked on

2018-05-31 15:28:41 - [TEST_STEP][PASSED] - delay: Delayed 3 second(s)

2018-05-31 15:28:44 - [MESSAGE][PASSED] - Delayed 3 second(s)

2018-05-31 15:28:44 - [TEST_STEP][PASSED] - Statement - RN1 = com.kms.katalon.core.webui.keyword.WebUiBuiltInKeywords.getText(com.kms.katalon.core.testobject.ObjectRepository.findTestObject(DispensaryToCms/Page_Dispensary Store/font_PRNO18052018174)): Text of object 'Object Repository/DispensaryToCms/Page_Dispensary Store/font_PRNO18052018174' is: ''

2018-05-31 15:28:44 - [MESSAGE][PASSED] - Text of object 'Object Repository/DispensaryToCms/Page_Dispensary Store/font_PRNO18052018174' is: ''

2018-05-31 15:28:44 - [TEST_STEP][PASSED] - Statement - out.println(RN1): null

2018-05-31 15:28:44 - [TEST_STEP][PASSED] - Statement - RID = RN1.split("/")[2]: null]]></system-out>
         <system-err><![CDATA[2018-05-31 15:19:00 - [TEST_CASE][ERROR] - Test Cases/DISPENSARY TEST CASES/TC_DP_023 Verify Schedule 11 Dispensary To CMS Request Are Working Successfully Or Not: Test Cases/DISPENSARY TEST CASES/TC_DP_023 Verify Schedule 11 Dispensary To CMS Request Are Working Successfully Or Not FAILED because (of) java.lang.ArrayIndexOutOfBoundsException: 2]]></system-err>
      </testcase>
      <system-out><![CDATA[2018-05-31 14:55:08 - [TEST_SUITE][FAILED] - Dispensary_Cms_Suite: Test Cases/DISPENSARY TEST CASES/TC_DP_013 Verify Schedule 1 Dispensary To CMS Request Are Working Successfully Or Not FAILED because (of) Unable to get text of object 'Object Repository/DispensaryToCms/Page_Dispensary Store/font_PRNO18052018174' (Root cause: com.kms.katalon.core.webui.exception.WebElementNotFoundException: Web element with id: 'Object Repository/DispensaryToCms/Page_Dispensary Store/font_PRNO18052018174' located by 'By.xpath: /html[1]/body[@class="skin-blue  pace-done modal-open"]/div[@class="bootbox modal fade bootbox-alert in"]/div[@class="modal-dialog"]/div[@class="modal-content"]/div[@class="modal-body"]/div[@class="bootbox-body"]/b[1]/font[1]' not found)]]></system-out>
      <system-err><![CDATA[2018-05-31 14:55:08 - [TEST_SUITE][FAILED] - Dispensary_Cms_Suite: Test Cases/DISPENSARY TEST CASES/TC_DP_013 Verify Schedule 1 Dispensary To CMS Request Are Working Successfully Or Not FAILED because (of) Unable to get text of object 'Object Repository/DispensaryToCms/Page_Dispensary Store/font_PRNO18052018174' (Root cause: com.kms.katalon.core.webui.exception.WebElementNotFoundException: Web element with id: 'Object Repository/DispensaryToCms/Page_Dispensary Store/font_PRNO18052018174' located by 'By.xpath: /html[1]/body[@class="skin-blue  pace-done modal-open"]/div[@class="bootbox modal fade bootbox-alert in"]/div[@class="modal-dialog"]/div[@class="modal-content"]/div[@class="modal-body"]/div[@class="bootbox-body"]/b[1]/font[1]' not found)]]></system-err>
   </testsuite>
</testsuites>
