<?xml version="1.0" encoding="UTF-8"?>
<testsuites name="Pharmacy_Suite" time="1661" tests="8" failures="3" errors="0">
   <testsuite name="Pharmacy_Suite" tests="8" failures="3" errors="0" time="1661" timestamp="2018-05-16 19:33:18" hostname="Quality Analyst - DESKTOP-BLFTK83" id="Test Suites/Pharmacy_Suite">
      <properties>
         <property name="deviceName" value=""/>
         <property name="devicePlatform" value=""/>
         <property name="logFolder" value="C:\\Users\\Quality Analyst\\Katalon Studio\\ds\\Reports\\Pharmacy_Suite\\20180516_193312"/>
         <property name="logFiles" value="C:\\Users\\Quality Analyst\\Katalon Studio\\ds\\Reports\\Pharmacy_Suite\\20180516_193312\\execution0.log, C:\\Users\\Quality Analyst\\Katalon Studio\\ds\\Reports\\Pharmacy_Suite\\20180516_193312\\execution1.log"/>
         <property name="attachments" value="C:\\Users\\Quality Analyst\\Katalon Studio\\ds\\Reports\\Pharmacy_Suite\\20180516_193312\\1526479593448.png, C:\\Users\\Quality Analyst\\Katalon Studio\\ds\\Reports\\Pharmacy_Suite\\20180516_193312\\1526480911600.png"/>
         <property name="hostName" value="Quality Analyst - DESKTOP-BLFTK83"/>
         <property name="os" value="Windows 10 64bit"/>
         <property name="katalonVersion" value="5.4.1.1"/>
         <property name="browser" value="Chrome 66.0.3359.139"/>
         <property name="hostAddress" value="192.168.71.2"/>
         <property name="sessionId" value="9ccca42c12d9c27503d96b3be4cbb5c5"/>
         <property name="seleniumVersion" value="3.7.1"/>
         <property name="proxyInformation" value="ProxyInformation{proxyOption=NO_PROXY, proxyServerType=HTTP, password=, proxyServerAddress=, proxyServerPort=0}"/>
         <property name="platform" value="Windows 10"/>
      </properties>
      <testcase name="Test Cases/PHARMACY TEST CASES/TC_PHAR_002 Verify Schedule 2 Pharmacy Request Are Working Successfully Or Not" classname="Test Cases/PHARMACY TEST CASES/TC_PHAR_002 Verify Schedule 2 Pharmacy Request Are Working Successfully Or Not" status="FAILED">
         <failure type="FAILED" message="Unable to click on object 'Object Repository/PharmacyRequest/Page_KDMC - CMO/input_2' (Root cause: com.kms.katalon.core.webui.exception.WebElementNotFoundException: Web element with id: 'Object Repository/PharmacyRequest/Page_KDMC - CMO/input_2' located by 'By.xpath: //*[@id=132][count(. | //input[@type = 'button']) = count(//input[@type = 'button'])]' not found)"/>
         <system-out><![CDATA[2018-05-16 19:33:19 - [TEST_CASE][FAILED] - Test Cases/PHARMACY TEST CASES/TC_PHAR_002 Verify Schedule 2 Pharmacy Request Are Working Successfully Or Not: Test Cases/PHARMACY TEST CASES/TC_PHAR_002 Verify Schedule 2 Pharmacy Request Are Working Successfully Or Not FAILED because (of) Unable to click on object 'Object Repository/PharmacyRequest/Page_KDMC - CMO/input_2' (Root cause: com.kms.katalon.core.webui.exception.WebElementNotFoundException: Web element with id: 'Object Repository/PharmacyRequest/Page_KDMC - CMO/input_2' located by 'By.xpath: //*[@id=132][count(. | //input[@type = 'button']) = count(//input[@type = 'button'])]' not found)

2018-05-16 19:33:19 - [TEST_STEP][PASSED] - openBrowser: Browser is opened with url: ''

2018-05-16 19:33:22 - [MESSAGE][PASSED] - Browser is opened with url: ''

2018-05-16 19:33:22 - [TEST_STEP][PASSED] - Statement - out.println("Verify Schedule 2 Pharmacy Request Are Working Successfully Or Not"): null

2018-05-16 19:33:22 - [TEST_STEP][PASSED] - navigateToUrl: Navigate to 'http://192.168.137.1/multihospital_new/' successfully

2018-05-16 19:33:26 - [MESSAGE][PASSED] - Navigate to 'http://192.168.137.1/multihospital_new/' successfully

2018-05-16 19:33:26 - [TEST_STEP][PASSED] - maximizeWindow: Current window maximized

2018-05-16 19:33:27 - [MESSAGE][PASSED] - Current window maximized

2018-05-16 19:33:27 - [TEST_STEP][PASSED] - click: Object: 'Object Repository/PharmacyRequest/Page_KDMC/a_Pharmacy' is clicked on

2018-05-16 19:33:28 - [MESSAGE][PASSED] - Object: 'Object Repository/PharmacyRequest/Page_KDMC/a_Pharmacy' is clicked on

2018-05-16 19:33:28 - [TEST_STEP][PASSED] - setText: Text 'raja' is set on object 'Object Repository/PharmacyRequest/Page_Pharmacy login/input_txtusername'

2018-05-16 19:33:28 - [MESSAGE][PASSED] - Text 'raja' is set on object 'Object Repository/PharmacyRequest/Page_Pharmacy login/input_txtusername'

2018-05-16 19:33:28 - [TEST_STEP][PASSED] - setText: Text '123' is set on object 'Object Repository/PharmacyRequest/Page_Pharmacy login/input_txtpassword'

2018-05-16 19:33:28 - [MESSAGE][PASSED] - Text '123' is set on object 'Object Repository/PharmacyRequest/Page_Pharmacy login/input_txtpassword'

2018-05-16 19:33:28 - [TEST_STEP][PASSED] - delay: Delayed 3 second(s)

2018-05-16 19:33:31 - [MESSAGE][PASSED] - Delayed 3 second(s)

2018-05-16 19:33:31 - [TEST_STEP][PASSED] - click: Object: 'Object Repository/PharmacyRequest/Page_Pharmacy login/button_Sign in' is clicked on

2018-05-16 19:33:32 - [MESSAGE][PASSED] - Object: 'Object Repository/PharmacyRequest/Page_Pharmacy login/button_Sign in' is clicked on

2018-05-16 19:33:32 - [TEST_STEP][PASSED] - delay: Delayed 3 second(s)

2018-05-16 19:33:35 - [MESSAGE][PASSED] - Delayed 3 second(s)

2018-05-16 19:33:35 - [TEST_STEP][PASSED] - click: Object: 'Object Repository/PharmacyRequest/Page_KDMC - Pharmacy/a_Inventory' is clicked on

2018-05-16 19:33:36 - [MESSAGE][PASSED] - Object: 'Object Repository/PharmacyRequest/Page_KDMC - Pharmacy/a_Inventory' is clicked on

2018-05-16 19:33:36 - [TEST_STEP][PASSED] - delay: Delayed 3 second(s)

2018-05-16 19:33:39 - [MESSAGE][PASSED] - Delayed 3 second(s)

2018-05-16 19:33:39 - [TEST_STEP][PASSED] - click: Object: 'Object Repository/PharmacyRequest/Page_KDMC-Pharmacy/a_Store Request' is clicked on

2018-05-16 19:33:40 - [MESSAGE][PASSED] - Object: 'Object Repository/PharmacyRequest/Page_KDMC-Pharmacy/a_Store Request' is clicked on

2018-05-16 19:33:40 - [TEST_STEP][PASSED] - click: Object: 'Object Repository/PharmacyRequest/Page_KDMC-Pharmacy/a_Medicine Request' is clicked on

2018-05-16 19:33:40 - [MESSAGE][PASSED] - Object: 'Object Repository/PharmacyRequest/Page_KDMC-Pharmacy/a_Medicine Request' is clicked on

2018-05-16 19:33:40 - [TEST_STEP][PASSED] - selectOptionByIndex: All options with index in [2] are selected on object 'Object Repository/PharmacyRequest/Page_KDMC-Pharmacy/select_--Select--Schedule 1Inj'

2018-05-16 19:33:41 - [MESSAGE][PASSED] - All options with index in [2] are selected on object 'Object Repository/PharmacyRequest/Page_KDMC-Pharmacy/select_--Select--Schedule 1Inj'

2018-05-16 19:33:41 - [TEST_STEP][PASSED] - Statement - MedicineLength = com.kms.katalon.core.webui.keyword.WebUiBuiltInKeywords.getNumberOfTotalOption(com.kms.katalon.core.testobject.ObjectRepository.findTestObject(PharmacyRequest/Page_KDMC-Pharmacy/select_--Select--Albendazole)): 73 options of object 'Object Repository/PharmacyRequest/Page_KDMC-Pharmacy/select_--Select--Albendazole' counted

2018-05-16 19:33:41 - [MESSAGE][PASSED] - 73 options of object 'Object Repository/PharmacyRequest/Page_KDMC-Pharmacy/select_--Select--Albendazole' counted

2018-05-16 19:33:41 - [TEST_STEP][PASSED] - Statement - For ([l = 1, l <= MedicineLength - 1, (l++)]): Object: 'Object Repository/PharmacyRequest/Page_KDMC-Pharmacy/button_Add' is clicked on

2018-05-16 19:33:41 - [TEST_STEP][PASSED] - selectOptionByIndex: All options with index in [2] are selected on object 'Object Repository/PharmacyRequest/Page_KDMC-Pharmacy/select_--Select--Schedule 1Inj'

2018-05-16 19:33:41 - [MESSAGE][PASSED] - All options with index in [2] are selected on object 'Object Repository/PharmacyRequest/Page_KDMC-Pharmacy/select_--Select--Schedule 1Inj'

2018-05-16 19:33:41 - [TEST_STEP][PASSED] - selectOptionByIndex: All options with index in [1] are selected on object 'Object Repository/PharmacyRequest/Page_KDMC-Pharmacy/select_--Select--Albendazole'

2018-05-16 19:33:41 - [MESSAGE][PASSED] - All options with index in [1] are selected on object 'Object Repository/PharmacyRequest/Page_KDMC-Pharmacy/select_--Select--Albendazole'

2018-05-16 19:33:41 - [TEST_STEP][PASSED] - delay: Delayed 1 second(s)

2018-05-16 19:33:42 - [MESSAGE][PASSED] - Delayed 1 second(s)

2018-05-16 19:33:42 - [TEST_STEP][PASSED] - setText: Text '10' is set on object 'Object Repository/PharmacyRequest/Page_KDMC-Pharmacy/input_txttreat'

2018-05-16 19:33:42 - [MESSAGE][PASSED] - Text '10' is set on object 'Object Repository/PharmacyRequest/Page_KDMC-Pharmacy/input_txttreat'

2018-05-16 19:33:42 - [TEST_STEP][PASSED] - click: Object: 'Object Repository/PharmacyRequest/Page_KDMC-Pharmacy/button_Add' is clicked on

2018-05-16 19:33:42 - [MESSAGE][PASSED] - Object: 'Object Repository/PharmacyRequest/Page_KDMC-Pharmacy/button_Add' is clicked on

2018-05-16 19:33:42 - [TEST_STEP][PASSED] - selectOptionByIndex: All options with index in [2] are selected on object 'Object Repository/PharmacyRequest/Page_KDMC-Pharmacy/select_--Select--Schedule 1Inj'

2018-05-16 19:33:42 - [MESSAGE][PASSED] - All options with index in [2] are selected on object 'Object Repository/PharmacyRequest/Page_KDMC-Pharmacy/select_--Select--Schedule 1Inj'

2018-05-16 19:33:42 - [TEST_STEP][PASSED] - selectOptionByIndex: All options with index in [2] are selected on object 'Object Repository/PharmacyRequest/Page_KDMC-Pharmacy/select_--Select--Albendazole'

2018-05-16 19:33:42 - [MESSAGE][PASSED] - All options with index in [2] are selected on object 'Object Repository/PharmacyRequest/Page_KDMC-Pharmacy/select_--Select--Albendazole'

2018-05-16 19:33:42 - [TEST_STEP][PASSED] - delay: Delayed 1 second(s)

2018-05-16 19:33:43 - [MESSAGE][PASSED] - Delayed 1 second(s)

2018-05-16 19:33:43 - [TEST_STEP][PASSED] - setText: Text '10' is set on object 'Object Repository/PharmacyRequest/Page_KDMC-Pharmacy/input_txttreat'

2018-05-16 19:33:44 - [MESSAGE][PASSED] - Text '10' is set on object 'Object Repository/PharmacyRequest/Page_KDMC-Pharmacy/input_txttreat'

2018-05-16 19:33:44 - [TEST_STEP][PASSED] - click: Object: 'Object Repository/PharmacyRequest/Page_KDMC-Pharmacy/button_Add' is clicked on

2018-05-16 19:33:44 - [MESSAGE][PASSED] - Object: 'Object Repository/PharmacyRequest/Page_KDMC-Pharmacy/button_Add' is clicked on

2018-05-16 19:33:44 - [TEST_STEP][PASSED] - selectOptionByIndex: All options with index in [2] are selected on object 'Object Repository/PharmacyRequest/Page_KDMC-Pharmacy/select_--Select--Schedule 1Inj'

2018-05-16 19:33:44 - [MESSAGE][PASSED] - All options with index in [2] are selected on object 'Object Repository/PharmacyRequest/Page_KDMC-Pharmacy/select_--Select--Schedule 1Inj'

2018-05-16 19:33:44 - [TEST_STEP][PASSED] - selectOptionByIndex: All options with index in [3] are selected on object 'Object Repository/PharmacyRequest/Page_KDMC-Pharmacy/select_--Select--Albendazole'

2018-05-16 19:33:44 - [MESSAGE][PASSED] - All options with index in [3] are selected on object 'Object Repository/PharmacyRequest/Page_KDMC-Pharmacy/select_--Select--Albendazole'

2018-05-16 19:33:44 - [TEST_STEP][PASSED] - delay: Delayed 1 second(s)

2018-05-16 19:33:45 - [MESSAGE][PASSED] - Delayed 1 second(s)

2018-05-16 19:33:45 - [TEST_STEP][PASSED] - setText: Text '10' is set on object 'Object Repository/PharmacyRequest/Page_KDMC-Pharmacy/input_txttreat'

2018-05-16 19:33:45 - [MESSAGE][PASSED] - Text '10' is set on object 'Object Repository/PharmacyRequest/Page_KDMC-Pharmacy/input_txttreat'

2018-05-16 19:33:45 - [TEST_STEP][PASSED] - click: Object: 'Object Repository/PharmacyRequest/Page_KDMC-Pharmacy/button_Add' is clicked on

2018-05-16 19:33:45 - [MESSAGE][PASSED] - Object: 'Object Repository/PharmacyRequest/Page_KDMC-Pharmacy/button_Add' is clicked on

2018-05-16 19:33:45 - [TEST_STEP][PASSED] - selectOptionByIndex: All options with index in [2] are selected on object 'Object Repository/PharmacyRequest/Page_KDMC-Pharmacy/select_--Select--Schedule 1Inj'

2018-05-16 19:33:45 - [MESSAGE][PASSED] - All options with index in [2] are selected on object 'Object Repository/PharmacyRequest/Page_KDMC-Pharmacy/select_--Select--Schedule 1Inj'

2018-05-16 19:33:45 - [TEST_STEP][PASSED] - selectOptionByIndex: All options with index in [4] are selected on object 'Object Repository/PharmacyRequest/Page_KDMC-Pharmacy/select_--Select--Albendazole'

2018-05-16 19:33:45 - [MESSAGE][PASSED] - All options with index in [4] are selected on object 'Object Repository/PharmacyRequest/Page_KDMC-Pharmacy/select_--Select--Albendazole'

2018-05-16 19:33:45 - [TEST_STEP][PASSED] - delay: Delayed 1 second(s)

2018-05-16 19:33:46 - [MESSAGE][PASSED] - Delayed 1 second(s)

2018-05-16 19:33:46 - [TEST_STEP][PASSED] - setText: Text '10' is set on object 'Object Repository/PharmacyRequest/Page_KDMC-Pharmacy/input_txttreat'

2018-05-16 19:33:46 - [MESSAGE][PASSED] - Text '10' is set on object 'Object Repository/PharmacyRequest/Page_KDMC-Pharmacy/input_txttreat'

2018-05-16 19:33:46 - [TEST_STEP][PASSED] - click: Object: 'Object Repository/PharmacyRequest/Page_KDMC-Pharmacy/button_Add' is clicked on

2018-05-16 19:33:46 - [MESSAGE][PASSED] - Object: 'Object Repository/PharmacyRequest/Page_KDMC-Pharmacy/button_Add' is clicked on

2018-05-16 19:33:46 - [TEST_STEP][PASSED] - selectOptionByIndex: All options with index in [2] are selected on object 'Object Repository/PharmacyRequest/Page_KDMC-Pharmacy/select_--Select--Schedule 1Inj'

2018-05-16 19:33:47 - [MESSAGE][PASSED] - All options with index in [2] are selected on object 'Object Repository/PharmacyRequest/Page_KDMC-Pharmacy/select_--Select--Schedule 1Inj'

2018-05-16 19:33:47 - [TEST_STEP][PASSED] - selectOptionByIndex: All options with index in [5] are selected on object 'Object Repository/PharmacyRequest/Page_KDMC-Pharmacy/select_--Select--Albendazole'

2018-05-16 19:33:47 - [MESSAGE][PASSED] - All options with index in [5] are selected on object 'Object Repository/PharmacyRequest/Page_KDMC-Pharmacy/select_--Select--Albendazole'

2018-05-16 19:33:47 - [TEST_STEP][PASSED] - delay: Delayed 1 second(s)

2018-05-16 19:33:48 - [MESSAGE][PASSED] - Delayed 1 second(s)

2018-05-16 19:33:48 - [TEST_STEP][PASSED] - setText: Text '10' is set on object 'Object Repository/PharmacyRequest/Page_KDMC-Pharmacy/input_txttreat'

2018-05-16 19:33:48 - [MESSAGE][PASSED] - Text '10' is set on object 'Object Repository/PharmacyRequest/Page_KDMC-Pharmacy/input_txttreat'

2018-05-16 19:33:48 - [TEST_STEP][PASSED] - click: Object: 'Object Repository/PharmacyRequest/Page_KDMC-Pharmacy/button_Add' is clicked on

2018-05-16 19:33:48 - [MESSAGE][PASSED] - Object: 'Object Repository/PharmacyRequest/Page_KDMC-Pharmacy/button_Add' is clicked on

2018-05-16 19:33:48 - [TEST_STEP][PASSED] - selectOptionByIndex: All options with index in [2] are selected on object 'Object Repository/PharmacyRequest/Page_KDMC-Pharmacy/select_--Select--Schedule 1Inj'

2018-05-16 19:33:48 - [MESSAGE][PASSED] - All options with index in [2] are selected on object 'Object Repository/PharmacyRequest/Page_KDMC-Pharmacy/select_--Select--Schedule 1Inj'

2018-05-16 19:33:48 - [TEST_STEP][PASSED] - selectOptionByIndex: All options with index in [6] are selected on object 'Object Repository/PharmacyRequest/Page_KDMC-Pharmacy/select_--Select--Albendazole'

2018-05-16 19:33:48 - [MESSAGE][PASSED] - All options with index in [6] are selected on object 'Object Repository/PharmacyRequest/Page_KDMC-Pharmacy/select_--Select--Albendazole'

2018-05-16 19:33:48 - [TEST_STEP][PASSED] - delay: Delayed 1 second(s)

2018-05-16 19:33:49 - [MESSAGE][PASSED] - Delayed 1 second(s)

2018-05-16 19:33:49 - [TEST_STEP][PASSED] - setText: Text '10' is set on object 'Object Repository/PharmacyRequest/Page_KDMC-Pharmacy/input_txttreat'

2018-05-16 19:33:49 - [MESSAGE][PASSED] - Text '10' is set on object 'Object Repository/PharmacyRequest/Page_KDMC-Pharmacy/input_txttreat'

2018-05-16 19:33:49 - [TEST_STEP][PASSED] - click: Object: 'Object Repository/PharmacyRequest/Page_KDMC-Pharmacy/button_Add' is clicked on

2018-05-16 19:33:49 - [MESSAGE][PASSED] - Object: 'Object Repository/PharmacyRequest/Page_KDMC-Pharmacy/button_Add' is clicked on

2018-05-16 19:33:49 - [TEST_STEP][PASSED] - selectOptionByIndex: All options with index in [2] are selected on object 'Object Repository/PharmacyRequest/Page_KDMC-Pharmacy/select_--Select--Schedule 1Inj'

2018-05-16 19:33:50 - [MESSAGE][PASSED] - All options with index in [2] are selected on object 'Object Repository/PharmacyRequest/Page_KDMC-Pharmacy/select_--Select--Schedule 1Inj'

2018-05-16 19:33:50 - [TEST_STEP][PASSED] - selectOptionByIndex: All options with index in [7] are selected on object 'Object Repository/PharmacyRequest/Page_KDMC-Pharmacy/select_--Select--Albendazole'

2018-05-16 19:33:50 - [MESSAGE][PASSED] - All options with index in [7] are selected on object 'Object Repository/PharmacyRequest/Page_KDMC-Pharmacy/select_--Select--Albendazole'

2018-05-16 19:33:50 - [TEST_STEP][PASSED] - delay: Delayed 1 second(s)

2018-05-16 19:33:51 - [MESSAGE][PASSED] - Delayed 1 second(s)

2018-05-16 19:33:51 - [TEST_STEP][PASSED] - setText: Text '10' is set on object 'Object Repository/PharmacyRequest/Page_KDMC-Pharmacy/input_txttreat'

2018-05-16 19:33:51 - [MESSAGE][PASSED] - Text '10' is set on object 'Object Repository/PharmacyRequest/Page_KDMC-Pharmacy/input_txttreat'

2018-05-16 19:33:51 - [TEST_STEP][PASSED] - click: Object: 'Object Repository/PharmacyRequest/Page_KDMC-Pharmacy/button_Add' is clicked on

2018-05-16 19:33:51 - [MESSAGE][PASSED] - Object: 'Object Repository/PharmacyRequest/Page_KDMC-Pharmacy/button_Add' is clicked on

2018-05-16 19:33:51 - [TEST_STEP][PASSED] - selectOptionByIndex: All options with index in [2] are selected on object 'Object Repository/PharmacyRequest/Page_KDMC-Pharmacy/select_--Select--Schedule 1Inj'

2018-05-16 19:33:51 - [MESSAGE][PASSED] - All options with index in [2] are selected on object 'Object Repository/PharmacyRequest/Page_KDMC-Pharmacy/select_--Select--Schedule 1Inj'

2018-05-16 19:33:51 - [TEST_STEP][PASSED] - selectOptionByIndex: All options with index in [8] are selected on object 'Object Repository/PharmacyRequest/Page_KDMC-Pharmacy/select_--Select--Albendazole'

2018-05-16 19:33:51 - [MESSAGE][PASSED] - All options with index in [8] are selected on object 'Object Repository/PharmacyRequest/Page_KDMC-Pharmacy/select_--Select--Albendazole'

2018-05-16 19:33:51 - [TEST_STEP][PASSED] - delay: Delayed 1 second(s)

2018-05-16 19:33:52 - [MESSAGE][PASSED] - Delayed 1 second(s)

2018-05-16 19:33:52 - [TEST_STEP][PASSED] - setText: Text '10' is set on object 'Object Repository/PharmacyRequest/Page_KDMC-Pharmacy/input_txttreat'

2018-05-16 19:33:52 - [MESSAGE][PASSED] - Text '10' is set on object 'Object Repository/PharmacyRequest/Page_KDMC-Pharmacy/input_txttreat'

2018-05-16 19:33:52 - [TEST_STEP][PASSED] - click: Object: 'Object Repository/PharmacyRequest/Page_KDMC-Pharmacy/button_Add' is clicked on

2018-05-16 19:33:52 - [MESSAGE][PASSED] - Object: 'Object Repository/PharmacyRequest/Page_KDMC-Pharmacy/button_Add' is clicked on

2018-05-16 19:33:52 - [TEST_STEP][PASSED] - selectOptionByIndex: All options with index in [2] are selected on object 'Object Repository/PharmacyRequest/Page_KDMC-Pharmacy/select_--Select--Schedule 1Inj'

2018-05-16 19:33:52 - [MESSAGE][PASSED] - All options with index in [2] are selected on object 'Object Repository/PharmacyRequest/Page_KDMC-Pharmacy/select_--Select--Schedule 1Inj'

2018-05-16 19:33:52 - [TEST_STEP][PASSED] - selectOptionByIndex: All options with index in [9] are selected on object 'Object Repository/PharmacyRequest/Page_KDMC-Pharmacy/select_--Select--Albendazole'

2018-05-16 19:33:53 - [MESSAGE][PASSED] - All options with index in [9] are selected on object 'Object Repository/PharmacyRequest/Page_KDMC-Pharmacy/select_--Select--Albendazole'

2018-05-16 19:33:53 - [TEST_STEP][PASSED] - delay: Delayed 1 second(s)

2018-05-16 19:33:54 - [MESSAGE][PASSED] - Delayed 1 second(s)

2018-05-16 19:33:54 - [TEST_STEP][PASSED] - setText: Text '10' is set on object 'Object Repository/PharmacyRequest/Page_KDMC-Pharmacy/input_txttreat'

2018-05-16 19:33:54 - [MESSAGE][PASSED] - Text '10' is set on object 'Object Repository/PharmacyRequest/Page_KDMC-Pharmacy/input_txttreat'

2018-05-16 19:33:54 - [TEST_STEP][PASSED] - click: Object: 'Object Repository/PharmacyRequest/Page_KDMC-Pharmacy/button_Add' is clicked on

2018-05-16 19:33:54 - [MESSAGE][PASSED] - Object: 'Object Repository/PharmacyRequest/Page_KDMC-Pharmacy/button_Add' is clicked on

2018-05-16 19:33:54 - [TEST_STEP][PASSED] - selectOptionByIndex: All options with index in [2] are selected on object 'Object Repository/PharmacyRequest/Page_KDMC-Pharmacy/select_--Select--Schedule 1Inj'

2018-05-16 19:33:54 - [MESSAGE][PASSED] - All options with index in [2] are selected on object 'Object Repository/PharmacyRequest/Page_KDMC-Pharmacy/select_--Select--Schedule 1Inj'

2018-05-16 19:33:54 - [TEST_STEP][PASSED] - selectOptionByIndex: All options with index in [10] are selected on object 'Object Repository/PharmacyRequest/Page_KDMC-Pharmacy/select_--Select--Albendazole'

2018-05-16 19:33:54 - [MESSAGE][PASSED] - All options with index in [10] are selected on object 'Object Repository/PharmacyRequest/Page_KDMC-Pharmacy/select_--Select--Albendazole'

2018-05-16 19:33:54 - [TEST_STEP][PASSED] - delay: Delayed 1 second(s)

2018-05-16 19:33:55 - [MESSAGE][PASSED] - Delayed 1 second(s)

2018-05-16 19:33:55 - [TEST_STEP][PASSED] - setText: Text '10' is set on object 'Object Repository/PharmacyRequest/Page_KDMC-Pharmacy/input_txttreat'

2018-05-16 19:33:55 - [MESSAGE][PASSED] - Text '10' is set on object 'Object Repository/PharmacyRequest/Page_KDMC-Pharmacy/input_txttreat'

2018-05-16 19:33:55 - [TEST_STEP][PASSED] - click: Object: 'Object Repository/PharmacyRequest/Page_KDMC-Pharmacy/button_Add' is clicked on

2018-05-16 19:33:55 - [MESSAGE][PASSED] - Object: 'Object Repository/PharmacyRequest/Page_KDMC-Pharmacy/button_Add' is clicked on

2018-05-16 19:33:55 - [TEST_STEP][PASSED] - selectOptionByIndex: All options with index in [2] are selected on object 'Object Repository/PharmacyRequest/Page_KDMC-Pharmacy/select_--Select--Schedule 1Inj'

2018-05-16 19:33:55 - [MESSAGE][PASSED] - All options with index in [2] are selected on object 'Object Repository/PharmacyRequest/Page_KDMC-Pharmacy/select_--Select--Schedule 1Inj'

2018-05-16 19:33:55 - [TEST_STEP][PASSED] - selectOptionByIndex: All options with index in [11] are selected on object 'Object Repository/PharmacyRequest/Page_KDMC-Pharmacy/select_--Select--Albendazole'

2018-05-16 19:33:56 - [MESSAGE][PASSED] - All options with index in [11] are selected on object 'Object Repository/PharmacyRequest/Page_KDMC-Pharmacy/select_--Select--Albendazole'

2018-05-16 19:33:56 - [TEST_STEP][PASSED] - delay: Delayed 1 second(s)

2018-05-16 19:33:57 - [MESSAGE][PASSED] - Delayed 1 second(s)

2018-05-16 19:33:57 - [TEST_STEP][PASSED] - setText: Text '10' is set on object 'Object Repository/PharmacyRequest/Page_KDMC-Pharmacy/input_txttreat'

2018-05-16 19:33:57 - [MESSAGE][PASSED] - Text '10' is set on object 'Object Repository/PharmacyRequest/Page_KDMC-Pharmacy/input_txttreat'

2018-05-16 19:33:57 - [TEST_STEP][PASSED] - click: Object: 'Object Repository/PharmacyRequest/Page_KDMC-Pharmacy/button_Add' is clicked on

2018-05-16 19:33:57 - [MESSAGE][PASSED] - Object: 'Object Repository/PharmacyRequest/Page_KDMC-Pharmacy/button_Add' is clicked on

2018-05-16 19:33:57 - [TEST_STEP][PASSED] - selectOptionByIndex: All options with index in [2] are selected on object 'Object Repository/PharmacyRequest/Page_KDMC-Pharmacy/select_--Select--Schedule 1Inj'

2018-05-16 19:33:57 - [MESSAGE][PASSED] - All options with index in [2] are selected on object 'Object Repository/PharmacyRequest/Page_KDMC-Pharmacy/select_--Select--Schedule 1Inj'

2018-05-16 19:33:57 - [TEST_STEP][PASSED] - selectOptionByIndex: All options with index in [12] are selected on object 'Object Repository/PharmacyRequest/Page_KDMC-Pharmacy/select_--Select--Albendazole'

2018-05-16 19:33:57 - [MESSAGE][PASSED] - All options with index in [12] are selected on object 'Object Repository/PharmacyRequest/Page_KDMC-Pharmacy/select_--Select--Albendazole'

2018-05-16 19:33:57 - [TEST_STEP][PASSED] - delay: Delayed 1 second(s)

2018-05-16 19:33:58 - [MESSAGE][PASSED] - Delayed 1 second(s)

2018-05-16 19:33:58 - [TEST_STEP][PASSED] - setText: Text '10' is set on object 'Object Repository/PharmacyRequest/Page_KDMC-Pharmacy/input_txttreat'

2018-05-16 19:33:58 - [MESSAGE][PASSED] - Text '10' is set on object 'Object Repository/PharmacyRequest/Page_KDMC-Pharmacy/input_txttreat'

2018-05-16 19:33:58 - [TEST_STEP][PASSED] - click: Object: 'Object Repository/PharmacyRequest/Page_KDMC-Pharmacy/button_Add' is clicked on

2018-05-16 19:33:58 - [MESSAGE][PASSED] - Object: 'Object Repository/PharmacyRequest/Page_KDMC-Pharmacy/button_Add' is clicked on

2018-05-16 19:33:58 - [TEST_STEP][PASSED] - selectOptionByIndex: All options with index in [2] are selected on object 'Object Repository/PharmacyRequest/Page_KDMC-Pharmacy/select_--Select--Schedule 1Inj'

2018-05-16 19:33:58 - [MESSAGE][PASSED] - All options with index in [2] are selected on object 'Object Repository/PharmacyRequest/Page_KDMC-Pharmacy/select_--Select--Schedule 1Inj'

2018-05-16 19:33:58 - [TEST_STEP][PASSED] - selectOptionByIndex: All options with index in [13] are selected on object 'Object Repository/PharmacyRequest/Page_KDMC-Pharmacy/select_--Select--Albendazole'

2018-05-16 19:33:59 - [MESSAGE][PASSED] - All options with index in [13] are selected on object 'Object Repository/PharmacyRequest/Page_KDMC-Pharmacy/select_--Select--Albendazole'

2018-05-16 19:33:59 - [TEST_STEP][PASSED] - delay: Delayed 1 second(s)

2018-05-16 19:34:00 - [MESSAGE][PASSED] - Delayed 1 second(s)

2018-05-16 19:34:00 - [TEST_STEP][PASSED] - setText: Text '10' is set on object 'Object Repository/PharmacyRequest/Page_KDMC-Pharmacy/input_txttreat'

2018-05-16 19:34:00 - [MESSAGE][PASSED] - Text '10' is set on object 'Object Repository/PharmacyRequest/Page_KDMC-Pharmacy/input_txttreat'

2018-05-16 19:34:00 - [TEST_STEP][PASSED] - click: Object: 'Object Repository/PharmacyRequest/Page_KDMC-Pharmacy/button_Add' is clicked on

2018-05-16 19:34:00 - [MESSAGE][PASSED] - Object: 'Object Repository/PharmacyRequest/Page_KDMC-Pharmacy/button_Add' is clicked on

2018-05-16 19:34:00 - [TEST_STEP][PASSED] - selectOptionByIndex: All options with index in [2] are selected on object 'Object Repository/PharmacyRequest/Page_KDMC-Pharmacy/select_--Select--Schedule 1Inj'

2018-05-16 19:34:00 - [MESSAGE][PASSED] - All options with index in [2] are selected on object 'Object Repository/PharmacyRequest/Page_KDMC-Pharmacy/select_--Select--Schedule 1Inj'

2018-05-16 19:34:00 - [TEST_STEP][PASSED] - selectOptionByIndex: All options with index in [14] are selected on object 'Object Repository/PharmacyRequest/Page_KDMC-Pharmacy/select_--Select--Albendazole'

2018-05-16 19:34:00 - [MESSAGE][PASSED] - All options with index in [14] are selected on object 'Object Repository/PharmacyRequest/Page_KDMC-Pharmacy/select_--Select--Albendazole'

2018-05-16 19:34:00 - [TEST_STEP][PASSED] - delay: Delayed 1 second(s)

2018-05-16 19:34:01 - [MESSAGE][PASSED] - Delayed 1 second(s)

2018-05-16 19:34:01 - [TEST_STEP][PASSED] - setText: Text '10' is set on object 'Object Repository/PharmacyRequest/Page_KDMC-Pharmacy/input_txttreat'

2018-05-16 19:34:01 - [MESSAGE][PASSED] - Text '10' is set on object 'Object Repository/PharmacyRequest/Page_KDMC-Pharmacy/input_txttreat'

2018-05-16 19:34:01 - [TEST_STEP][PASSED] - click: Object: 'Object Repository/PharmacyRequest/Page_KDMC-Pharmacy/button_Add' is clicked on

2018-05-16 19:34:01 - [MESSAGE][PASSED] - Object: 'Object Repository/PharmacyRequest/Page_KDMC-Pharmacy/button_Add' is clicked on

2018-05-16 19:34:01 - [TEST_STEP][PASSED] - selectOptionByIndex: All options with index in [2] are selected on object 'Object Repository/PharmacyRequest/Page_KDMC-Pharmacy/select_--Select--Schedule 1Inj'

2018-05-16 19:34:01 - [MESSAGE][PASSED] - All options with index in [2] are selected on object 'Object Repository/PharmacyRequest/Page_KDMC-Pharmacy/select_--Select--Schedule 1Inj'

2018-05-16 19:34:01 - [TEST_STEP][PASSED] - selectOptionByIndex: All options with index in [15] are selected on object 'Object Repository/PharmacyRequest/Page_KDMC-Pharmacy/select_--Select--Albendazole'

2018-05-16 19:34:02 - [MESSAGE][PASSED] - All options with index in [15] are selected on object 'Object Repository/PharmacyRequest/Page_KDMC-Pharmacy/select_--Select--Albendazole'

2018-05-16 19:34:02 - [TEST_STEP][PASSED] - delay: Delayed 1 second(s)

2018-05-16 19:34:03 - [MESSAGE][PASSED] - Delayed 1 second(s)

2018-05-16 19:34:03 - [TEST_STEP][PASSED] - setText: Text '10' is set on object 'Object Repository/PharmacyRequest/Page_KDMC-Pharmacy/input_txttreat'

2018-05-16 19:34:03 - [MESSAGE][PASSED] - Text '10' is set on object 'Object Repository/PharmacyRequest/Page_KDMC-Pharmacy/input_txttreat'

2018-05-16 19:34:03 - [TEST_STEP][PASSED] - click: Object: 'Object Repository/PharmacyRequest/Page_KDMC-Pharmacy/button_Add' is clicked on

2018-05-16 19:34:03 - [MESSAGE][PASSED] - Object: 'Object Repository/PharmacyRequest/Page_KDMC-Pharmacy/button_Add' is clicked on

2018-05-16 19:34:03 - [TEST_STEP][PASSED] - selectOptionByIndex: All options with index in [2] are selected on object 'Object Repository/PharmacyRequest/Page_KDMC-Pharmacy/select_--Select--Schedule 1Inj'

2018-05-16 19:34:03 - [MESSAGE][PASSED] - All options with index in [2] are selected on object 'Object Repository/PharmacyRequest/Page_KDMC-Pharmacy/select_--Select--Schedule 1Inj'

2018-05-16 19:34:03 - [TEST_STEP][PASSED] - selectOptionByIndex: All options with index in [16] are selected on object 'Object Repository/PharmacyRequest/Page_KDMC-Pharmacy/select_--Select--Albendazole'

2018-05-16 19:34:03 - [MESSAGE][PASSED] - All options with index in [16] are selected on object 'Object Repository/PharmacyRequest/Page_KDMC-Pharmacy/select_--Select--Albendazole'

2018-05-16 19:34:03 - [TEST_STEP][PASSED] - delay: Delayed 1 second(s)

2018-05-16 19:34:04 - [MESSAGE][PASSED] - Delayed 1 second(s)

2018-05-16 19:34:04 - [TEST_STEP][PASSED] - setText: Text '10' is set on object 'Object Repository/PharmacyRequest/Page_KDMC-Pharmacy/input_txttreat'

2018-05-16 19:34:04 - [MESSAGE][PASSED] - Text '10' is set on object 'Object Repository/PharmacyRequest/Page_KDMC-Pharmacy/input_txttreat'

2018-05-16 19:34:04 - [TEST_STEP][PASSED] - click: Object: 'Object Repository/PharmacyRequest/Page_KDMC-Pharmacy/button_Add' is clicked on

2018-05-16 19:34:04 - [MESSAGE][PASSED] - Object: 'Object Repository/PharmacyRequest/Page_KDMC-Pharmacy/button_Add' is clicked on

2018-05-16 19:34:04 - [TEST_STEP][PASSED] - selectOptionByIndex: All options with index in [2] are selected on object 'Object Repository/PharmacyRequest/Page_KDMC-Pharmacy/select_--Select--Schedule 1Inj'

2018-05-16 19:34:04 - [MESSAGE][PASSED] - All options with index in [2] are selected on object 'Object Repository/PharmacyRequest/Page_KDMC-Pharmacy/select_--Select--Schedule 1Inj'

2018-05-16 19:34:04 - [TEST_STEP][PASSED] - selectOptionByIndex: All options with index in [17] are selected on object 'Object Repository/PharmacyRequest/Page_KDMC-Pharmacy/select_--Select--Albendazole'

2018-05-16 19:34:05 - [MESSAGE][PASSED] - All options with index in [17] are selected on object 'Object Repository/PharmacyRequest/Page_KDMC-Pharmacy/select_--Select--Albendazole'

2018-05-16 19:34:05 - [TEST_STEP][PASSED] - delay: Delayed 1 second(s)

2018-05-16 19:34:06 - [MESSAGE][PASSED] - Delayed 1 second(s)

2018-05-16 19:34:06 - [TEST_STEP][PASSED] - setText: Text '10' is set on object 'Object Repository/PharmacyRequest/Page_KDMC-Pharmacy/input_txttreat'

2018-05-16 19:34:06 - [MESSAGE][PASSED] - Text '10' is set on object 'Object Repository/PharmacyRequest/Page_KDMC-Pharmacy/input_txttreat'

2018-05-16 19:34:06 - [TEST_STEP][PASSED] - click: Object: 'Object Repository/PharmacyRequest/Page_KDMC-Pharmacy/button_Add' is clicked on

2018-05-16 19:34:06 - [MESSAGE][PASSED] - Object: 'Object Repository/PharmacyRequest/Page_KDMC-Pharmacy/button_Add' is clicked on

2018-05-16 19:34:06 - [TEST_STEP][PASSED] - selectOptionByIndex: All options with index in [2] are selected on object 'Object Repository/PharmacyRequest/Page_KDMC-Pharmacy/select_--Select--Schedule 1Inj'

2018-05-16 19:34:06 - [MESSAGE][PASSED] - All options with index in [2] are selected on object 'Object Repository/PharmacyRequest/Page_KDMC-Pharmacy/select_--Select--Schedule 1Inj'

2018-05-16 19:34:06 - [TEST_STEP][PASSED] - selectOptionByIndex: All options with index in [18] are selected on object 'Object Repository/PharmacyRequest/Page_KDMC-Pharmacy/select_--Select--Albendazole'

2018-05-16 19:34:06 - [MESSAGE][PASSED] - All options with index in [18] are selected on object 'Object Repository/PharmacyRequest/Page_KDMC-Pharmacy/select_--Select--Albendazole'

2018-05-16 19:34:06 - [TEST_STEP][PASSED] - delay: Delayed 1 second(s)

2018-05-16 19:34:07 - [MESSAGE][PASSED] - Delayed 1 second(s)

2018-05-16 19:34:07 - [TEST_STEP][PASSED] - setText: Text '10' is set on object 'Object Repository/PharmacyRequest/Page_KDMC-Pharmacy/input_txttreat'

2018-05-16 19:34:07 - [MESSAGE][PASSED] - Text '10' is set on object 'Object Repository/PharmacyRequest/Page_KDMC-Pharmacy/input_txttreat'

2018-05-16 19:34:07 - [TEST_STEP][PASSED] - click: Object: 'Object Repository/PharmacyRequest/Page_KDMC-Pharmacy/button_Add' is clicked on

2018-05-16 19:34:07 - [MESSAGE][PASSED] - Object: 'Object Repository/PharmacyRequest/Page_KDMC-Pharmacy/button_Add' is clicked on

2018-05-16 19:34:07 - [TEST_STEP][PASSED] - selectOptionByIndex: All options with index in [2] are selected on object 'Object Repository/PharmacyRequest/Page_KDMC-Pharmacy/select_--Select--Schedule 1Inj'

2018-05-16 19:34:07 - [MESSAGE][PASSED] - All options with index in [2] are selected on object 'Object Repository/PharmacyRequest/Page_KDMC-Pharmacy/select_--Select--Schedule 1Inj'

2018-05-16 19:34:07 - [TEST_STEP][PASSED] - selectOptionByIndex: All options with index in [19] are selected on object 'Object Repository/PharmacyRequest/Page_KDMC-Pharmacy/select_--Select--Albendazole'

2018-05-16 19:34:08 - [MESSAGE][PASSED] - All options with index in [19] are selected on object 'Object Repository/PharmacyRequest/Page_KDMC-Pharmacy/select_--Select--Albendazole'

2018-05-16 19:34:08 - [TEST_STEP][PASSED] - delay: Delayed 1 second(s)

2018-05-16 19:34:09 - [MESSAGE][PASSED] - Delayed 1 second(s)

2018-05-16 19:34:09 - [TEST_STEP][PASSED] - setText: Text '10' is set on object 'Object Repository/PharmacyRequest/Page_KDMC-Pharmacy/input_txttreat'

2018-05-16 19:34:09 - [MESSAGE][PASSED] - Text '10' is set on object 'Object Repository/PharmacyRequest/Page_KDMC-Pharmacy/input_txttreat'

2018-05-16 19:34:09 - [TEST_STEP][PASSED] - click: Object: 'Object Repository/PharmacyRequest/Page_KDMC-Pharmacy/button_Add' is clicked on

2018-05-16 19:34:09 - [MESSAGE][PASSED] - Object: 'Object Repository/PharmacyRequest/Page_KDMC-Pharmacy/button_Add' is clicked on

2018-05-16 19:34:09 - [TEST_STEP][PASSED] - selectOptionByIndex: All options with index in [2] are selected on object 'Object Repository/PharmacyRequest/Page_KDMC-Pharmacy/select_--Select--Schedule 1Inj'

2018-05-16 19:34:09 - [MESSAGE][PASSED] - All options with index in [2] are selected on object 'Object Repository/PharmacyRequest/Page_KDMC-Pharmacy/select_--Select--Schedule 1Inj'

2018-05-16 19:34:09 - [TEST_STEP][PASSED] - selectOptionByIndex: All options with index in [20] are selected on object 'Object Repository/PharmacyRequest/Page_KDMC-Pharmacy/select_--Select--Albendazole'

2018-05-16 19:34:09 - [MESSAGE][PASSED] - All options with index in [20] are selected on object 'Object Repository/PharmacyRequest/Page_KDMC-Pharmacy/select_--Select--Albendazole'

2018-05-16 19:34:09 - [TEST_STEP][PASSED] - delay: Delayed 1 second(s)

2018-05-16 19:34:10 - [MESSAGE][PASSED] - Delayed 1 second(s)

2018-05-16 19:34:10 - [TEST_STEP][PASSED] - setText: Text '10' is set on object 'Object Repository/PharmacyRequest/Page_KDMC-Pharmacy/input_txttreat'

2018-05-16 19:34:10 - [MESSAGE][PASSED] - Text '10' is set on object 'Object Repository/PharmacyRequest/Page_KDMC-Pharmacy/input_txttreat'

2018-05-16 19:34:10 - [TEST_STEP][PASSED] - click: Object: 'Object Repository/PharmacyRequest/Page_KDMC-Pharmacy/button_Add' is clicked on

2018-05-16 19:34:10 - [MESSAGE][PASSED] - Object: 'Object Repository/PharmacyRequest/Page_KDMC-Pharmacy/button_Add' is clicked on

2018-05-16 19:34:10 - [TEST_STEP][PASSED] - selectOptionByIndex: All options with index in [2] are selected on object 'Object Repository/PharmacyRequest/Page_KDMC-Pharmacy/select_--Select--Schedule 1Inj'

2018-05-16 19:34:11 - [MESSAGE][PASSED] - All options with index in [2] are selected on object 'Object Repository/PharmacyRequest/Page_KDMC-Pharmacy/select_--Select--Schedule 1Inj'

2018-05-16 19:34:11 - [TEST_STEP][PASSED] - selectOptionByIndex: All options with index in [21] are selected on object 'Object Repository/PharmacyRequest/Page_KDMC-Pharmacy/select_--Select--Albendazole'

2018-05-16 19:34:11 - [MESSAGE][PASSED] - All options with index in [21] are selected on object 'Object Repository/PharmacyRequest/Page_KDMC-Pharmacy/select_--Select--Albendazole'

2018-05-16 19:34:11 - [TEST_STEP][PASSED] - delay: Delayed 1 second(s)

2018-05-16 19:34:12 - [MESSAGE][PASSED] - Delayed 1 second(s)

2018-05-16 19:34:12 - [TEST_STEP][PASSED] - setText: Text '10' is set on object 'Object Repository/PharmacyRequest/Page_KDMC-Pharmacy/input_txttreat'

2018-05-16 19:34:12 - [MESSAGE][PASSED] - Text '10' is set on object 'Object Repository/PharmacyRequest/Page_KDMC-Pharmacy/input_txttreat'

2018-05-16 19:34:12 - [TEST_STEP][PASSED] - click: Object: 'Object Repository/PharmacyRequest/Page_KDMC-Pharmacy/button_Add' is clicked on

2018-05-16 19:34:12 - [MESSAGE][PASSED] - Object: 'Object Repository/PharmacyRequest/Page_KDMC-Pharmacy/button_Add' is clicked on

2018-05-16 19:34:12 - [TEST_STEP][PASSED] - selectOptionByIndex: All options with index in [2] are selected on object 'Object Repository/PharmacyRequest/Page_KDMC-Pharmacy/select_--Select--Schedule 1Inj'

2018-05-16 19:34:12 - [MESSAGE][PASSED] - All options with index in [2] are selected on object 'Object Repository/PharmacyRequest/Page_KDMC-Pharmacy/select_--Select--Schedule 1Inj'

2018-05-16 19:34:12 - [TEST_STEP][PASSED] - selectOptionByIndex: All options with index in [22] are selected on object 'Object Repository/PharmacyRequest/Page_KDMC-Pharmacy/select_--Select--Albendazole'

2018-05-16 19:34:12 - [MESSAGE][PASSED] - All options with index in [22] are selected on object 'Object Repository/PharmacyRequest/Page_KDMC-Pharmacy/select_--Select--Albendazole'

2018-05-16 19:34:12 - [TEST_STEP][PASSED] - delay: Delayed 1 second(s)

2018-05-16 19:34:13 - [MESSAGE][PASSED] - Delayed 1 second(s)

2018-05-16 19:34:13 - [TEST_STEP][PASSED] - setText: Text '10' is set on object 'Object Repository/PharmacyRequest/Page_KDMC-Pharmacy/input_txttreat'

2018-05-16 19:34:14 - [MESSAGE][PASSED] - Text '10' is set on object 'Object Repository/PharmacyRequest/Page_KDMC-Pharmacy/input_txttreat'

2018-05-16 19:34:14 - [TEST_STEP][PASSED] - click: Object: 'Object Repository/PharmacyRequest/Page_KDMC-Pharmacy/button_Add' is clicked on

2018-05-16 19:34:14 - [MESSAGE][PASSED] - Object: 'Object Repository/PharmacyRequest/Page_KDMC-Pharmacy/button_Add' is clicked on

2018-05-16 19:34:14 - [TEST_STEP][PASSED] - selectOptionByIndex: All options with index in [2] are selected on object 'Object Repository/PharmacyRequest/Page_KDMC-Pharmacy/select_--Select--Schedule 1Inj'

2018-05-16 19:34:14 - [MESSAGE][PASSED] - All options with index in [2] are selected on object 'Object Repository/PharmacyRequest/Page_KDMC-Pharmacy/select_--Select--Schedule 1Inj'

2018-05-16 19:34:14 - [TEST_STEP][PASSED] - selectOptionByIndex: All options with index in [23] are selected on object 'Object Repository/PharmacyRequest/Page_KDMC-Pharmacy/select_--Select--Albendazole'

2018-05-16 19:34:14 - [MESSAGE][PASSED] - All options with index in [23] are selected on object 'Object Repository/PharmacyRequest/Page_KDMC-Pharmacy/select_--Select--Albendazole'

2018-05-16 19:34:14 - [TEST_STEP][PASSED] - delay: Delayed 1 second(s)

2018-05-16 19:34:15 - [MESSAGE][PASSED] - Delayed 1 second(s)

2018-05-16 19:34:15 - [TEST_STEP][PASSED] - setText: Text '10' is set on object 'Object Repository/PharmacyRequest/Page_KDMC-Pharmacy/input_txttreat'

2018-05-16 19:34:15 - [MESSAGE][PASSED] - Text '10' is set on object 'Object Repository/PharmacyRequest/Page_KDMC-Pharmacy/input_txttreat'

2018-05-16 19:34:15 - [TEST_STEP][PASSED] - click: Object: 'Object Repository/PharmacyRequest/Page_KDMC-Pharmacy/button_Add' is clicked on

2018-05-16 19:34:15 - [MESSAGE][PASSED] - Object: 'Object Repository/PharmacyRequest/Page_KDMC-Pharmacy/button_Add' is clicked on

2018-05-16 19:34:15 - [TEST_STEP][PASSED] - selectOptionByIndex: All options with index in [2] are selected on object 'Object Repository/PharmacyRequest/Page_KDMC-Pharmacy/select_--Select--Schedule 1Inj'

2018-05-16 19:34:15 - [MESSAGE][PASSED] - All options with index in [2] are selected on object 'Object Repository/PharmacyRequest/Page_KDMC-Pharmacy/select_--Select--Schedule 1Inj'

2018-05-16 19:34:15 - [TEST_STEP][PASSED] - selectOptionByIndex: All options with index in [24] are selected on object 'Object Repository/PharmacyRequest/Page_KDMC-Pharmacy/select_--Select--Albendazole'

2018-05-16 19:34:16 - [MESSAGE][PASSED] - All options with index in [24] are selected on object 'Object Repository/PharmacyRequest/Page_KDMC-Pharmacy/select_--Select--Albendazole'

2018-05-16 19:34:16 - [TEST_STEP][PASSED] - delay: Delayed 1 second(s)

2018-05-16 19:34:17 - [MESSAGE][PASSED] - Delayed 1 second(s)

2018-05-16 19:34:17 - [TEST_STEP][PASSED] - setText: Text '10' is set on object 'Object Repository/PharmacyRequest/Page_KDMC-Pharmacy/input_txttreat'

2018-05-16 19:34:17 - [MESSAGE][PASSED] - Text '10' is set on object 'Object Repository/PharmacyRequest/Page_KDMC-Pharmacy/input_txttreat'

2018-05-16 19:34:17 - [TEST_STEP][PASSED] - click: Object: 'Object Repository/PharmacyRequest/Page_KDMC-Pharmacy/button_Add' is clicked on

2018-05-16 19:34:17 - [MESSAGE][PASSED] - Object: 'Object Repository/PharmacyRequest/Page_KDMC-Pharmacy/button_Add' is clicked on

2018-05-16 19:34:17 - [TEST_STEP][PASSED] - selectOptionByIndex: All options with index in [2] are selected on object 'Object Repository/PharmacyRequest/Page_KDMC-Pharmacy/select_--Select--Schedule 1Inj'

2018-05-16 19:34:17 - [MESSAGE][PASSED] - All options with index in [2] are selected on object 'Object Repository/PharmacyRequest/Page_KDMC-Pharmacy/select_--Select--Schedule 1Inj'

2018-05-16 19:34:17 - [TEST_STEP][PASSED] - selectOptionByIndex: All options with index in [25] are selected on object 'Object Repository/PharmacyRequest/Page_KDMC-Pharmacy/select_--Select--Albendazole'

2018-05-16 19:34:17 - [MESSAGE][PASSED] - All options with index in [25] are selected on object 'Object Repository/PharmacyRequest/Page_KDMC-Pharmacy/select_--Select--Albendazole'

2018-05-16 19:34:17 - [TEST_STEP][PASSED] - delay: Delayed 1 second(s)

2018-05-16 19:34:18 - [MESSAGE][PASSED] - Delayed 1 second(s)

2018-05-16 19:34:18 - [TEST_STEP][PASSED] - setText: Text '10' is set on object 'Object Repository/PharmacyRequest/Page_KDMC-Pharmacy/input_txttreat'

2018-05-16 19:34:18 - [MESSAGE][PASSED] - Text '10' is set on object 'Object Repository/PharmacyRequest/Page_KDMC-Pharmacy/input_txttreat'

2018-05-16 19:34:18 - [TEST_STEP][PASSED] - click: Object: 'Object Repository/PharmacyRequest/Page_KDMC-Pharmacy/button_Add' is clicked on

2018-05-16 19:34:19 - [MESSAGE][PASSED] - Object: 'Object Repository/PharmacyRequest/Page_KDMC-Pharmacy/button_Add' is clicked on

2018-05-16 19:34:19 - [TEST_STEP][PASSED] - selectOptionByIndex: All options with index in [2] are selected on object 'Object Repository/PharmacyRequest/Page_KDMC-Pharmacy/select_--Select--Schedule 1Inj'

2018-05-16 19:34:19 - [MESSAGE][PASSED] - All options with index in [2] are selected on object 'Object Repository/PharmacyRequest/Page_KDMC-Pharmacy/select_--Select--Schedule 1Inj'

2018-05-16 19:34:19 - [TEST_STEP][PASSED] - selectOptionByIndex: All options with index in [26] are selected on object 'Object Repository/PharmacyRequest/Page_KDMC-Pharmacy/select_--Select--Albendazole'

2018-05-16 19:34:19 - [MESSAGE][PASSED] - All options with index in [26] are selected on object 'Object Repository/PharmacyRequest/Page_KDMC-Pharmacy/select_--Select--Albendazole'

2018-05-16 19:34:19 - [TEST_STEP][PASSED] - delay: Delayed 1 second(s)

2018-05-16 19:34:20 - [MESSAGE][PASSED] - Delayed 1 second(s)

2018-05-16 19:34:20 - [TEST_STEP][PASSED] - setText: Text '10' is set on object 'Object Repository/PharmacyRequest/Page_KDMC-Pharmacy/input_txttreat'

2018-05-16 19:34:20 - [MESSAGE][PASSED] - Text '10' is set on object 'Object Repository/PharmacyRequest/Page_KDMC-Pharmacy/input_txttreat'

2018-05-16 19:34:20 - [TEST_STEP][PASSED] - click: Object: 'Object Repository/PharmacyRequest/Page_KDMC-Pharmacy/button_Add' is clicked on

2018-05-16 19:34:20 - [MESSAGE][PASSED] - Object: 'Object Repository/PharmacyRequest/Page_KDMC-Pharmacy/button_Add' is clicked on

2018-05-16 19:34:20 - [TEST_STEP][PASSED] - selectOptionByIndex: All options with index in [2] are selected on object 'Object Repository/PharmacyRequest/Page_KDMC-Pharmacy/select_--Select--Schedule 1Inj'

2018-05-16 19:34:20 - [MESSAGE][PASSED] - All options with index in [2] are selected on object 'Object Repository/PharmacyRequest/Page_KDMC-Pharmacy/select_--Select--Schedule 1Inj'

2018-05-16 19:34:20 - [TEST_STEP][PASSED] - selectOptionByIndex: All options with index in [27] are selected on object 'Object Repository/PharmacyRequest/Page_KDMC-Pharmacy/select_--Select--Albendazole'

2018-05-16 19:34:21 - [MESSAGE][PASSED] - All options with index in [27] are selected on object 'Object Repository/PharmacyRequest/Page_KDMC-Pharmacy/select_--Select--Albendazole'

2018-05-16 19:34:21 - [TEST_STEP][PASSED] - delay: Delayed 1 second(s)

2018-05-16 19:34:22 - [MESSAGE][PASSED] - Delayed 1 second(s)

2018-05-16 19:34:22 - [TEST_STEP][PASSED] - setText: Text '10' is set on object 'Object Repository/PharmacyRequest/Page_KDMC-Pharmacy/input_txttreat'

2018-05-16 19:34:22 - [MESSAGE][PASSED] - Text '10' is set on object 'Object Repository/PharmacyRequest/Page_KDMC-Pharmacy/input_txttreat'

2018-05-16 19:34:22 - [TEST_STEP][PASSED] - click: Object: 'Object Repository/PharmacyRequest/Page_KDMC-Pharmacy/button_Add' is clicked on

2018-05-16 19:34:22 - [MESSAGE][PASSED] - Object: 'Object Repository/PharmacyRequest/Page_KDMC-Pharmacy/button_Add' is clicked on

2018-05-16 19:34:22 - [TEST_STEP][PASSED] - selectOptionByIndex: All options with index in [2] are selected on object 'Object Repository/PharmacyRequest/Page_KDMC-Pharmacy/select_--Select--Schedule 1Inj'

2018-05-16 19:34:22 - [MESSAGE][PASSED] - All options with index in [2] are selected on object 'Object Repository/PharmacyRequest/Page_KDMC-Pharmacy/select_--Select--Schedule 1Inj'

2018-05-16 19:34:22 - [TEST_STEP][PASSED] - selectOptionByIndex: All options with index in [28] are selected on object 'Object Repository/PharmacyRequest/Page_KDMC-Pharmacy/select_--Select--Albendazole'

2018-05-16 19:34:22 - [MESSAGE][PASSED] - All options with index in [28] are selected on object 'Object Repository/PharmacyRequest/Page_KDMC-Pharmacy/select_--Select--Albendazole'

2018-05-16 19:34:22 - [TEST_STEP][PASSED] - delay: Delayed 1 second(s)

2018-05-16 19:34:23 - [MESSAGE][PASSED] - Delayed 1 second(s)

2018-05-16 19:34:23 - [TEST_STEP][PASSED] - setText: Text '10' is set on object 'Object Repository/PharmacyRequest/Page_KDMC-Pharmacy/input_txttreat'

2018-05-16 19:34:23 - [MESSAGE][PASSED] - Text '10' is set on object 'Object Repository/PharmacyRequest/Page_KDMC-Pharmacy/input_txttreat'

2018-05-16 19:34:23 - [TEST_STEP][PASSED] - click: Object: 'Object Repository/PharmacyRequest/Page_KDMC-Pharmacy/button_Add' is clicked on

2018-05-16 19:34:23 - [MESSAGE][PASSED] - Object: 'Object Repository/PharmacyRequest/Page_KDMC-Pharmacy/button_Add' is clicked on

2018-05-16 19:34:23 - [TEST_STEP][PASSED] - selectOptionByIndex: All options with index in [2] are selected on object 'Object Repository/PharmacyRequest/Page_KDMC-Pharmacy/select_--Select--Schedule 1Inj'

2018-05-16 19:34:23 - [MESSAGE][PASSED] - All options with index in [2] are selected on object 'Object Repository/PharmacyRequest/Page_KDMC-Pharmacy/select_--Select--Schedule 1Inj'

2018-05-16 19:34:23 - [TEST_STEP][PASSED] - selectOptionByIndex: All options with index in [29] are selected on object 'Object Repository/PharmacyRequest/Page_KDMC-Pharmacy/select_--Select--Albendazole'

2018-05-16 19:34:24 - [MESSAGE][PASSED] - All options with index in [29] are selected on object 'Object Repository/PharmacyRequest/Page_KDMC-Pharmacy/select_--Select--Albendazole'

2018-05-16 19:34:24 - [TEST_STEP][PASSED] - delay: Delayed 1 second(s)

2018-05-16 19:34:25 - [MESSAGE][PASSED] - Delayed 1 second(s)

2018-05-16 19:34:25 - [TEST_STEP][PASSED] - setText: Text '10' is set on object 'Object Repository/PharmacyRequest/Page_KDMC-Pharmacy/input_txttreat'

2018-05-16 19:34:25 - [MESSAGE][PASSED] - Text '10' is set on object 'Object Repository/PharmacyRequest/Page_KDMC-Pharmacy/input_txttreat'

2018-05-16 19:34:25 - [TEST_STEP][PASSED] - click: Object: 'Object Repository/PharmacyRequest/Page_KDMC-Pharmacy/button_Add' is clicked on

2018-05-16 19:34:25 - [MESSAGE][PASSED] - Object: 'Object Repository/PharmacyRequest/Page_KDMC-Pharmacy/button_Add' is clicked on

2018-05-16 19:34:25 - [TEST_STEP][PASSED] - selectOptionByIndex: All options with index in [2] are selected on object 'Object Repository/PharmacyRequest/Page_KDMC-Pharmacy/select_--Select--Schedule 1Inj'

2018-05-16 19:34:25 - [MESSAGE][PASSED] - All options with index in [2] are selected on object 'Object Repository/PharmacyRequest/Page_KDMC-Pharmacy/select_--Select--Schedule 1Inj'

2018-05-16 19:34:25 - [TEST_STEP][PASSED] - selectOptionByIndex: All options with index in [30] are selected on object 'Object Repository/PharmacyRequest/Page_KDMC-Pharmacy/select_--Select--Albendazole'

2018-05-16 19:34:25 - [MESSAGE][PASSED] - All options with index in [30] are selected on object 'Object Repository/PharmacyRequest/Page_KDMC-Pharmacy/select_--Select--Albendazole'

2018-05-16 19:34:25 - [TEST_STEP][PASSED] - delay: Delayed 1 second(s)

2018-05-16 19:34:26 - [MESSAGE][PASSED] - Delayed 1 second(s)

2018-05-16 19:34:26 - [TEST_STEP][PASSED] - setText: Text '10' is set on object 'Object Repository/PharmacyRequest/Page_KDMC-Pharmacy/input_txttreat'

2018-05-16 19:34:26 - [MESSAGE][PASSED] - Text '10' is set on object 'Object Repository/PharmacyRequest/Page_KDMC-Pharmacy/input_txttreat'

2018-05-16 19:34:26 - [TEST_STEP][PASSED] - click: Object: 'Object Repository/PharmacyRequest/Page_KDMC-Pharmacy/button_Add' is clicked on

2018-05-16 19:34:27 - [MESSAGE][PASSED] - Object: 'Object Repository/PharmacyRequest/Page_KDMC-Pharmacy/button_Add' is clicked on

2018-05-16 19:34:27 - [TEST_STEP][PASSED] - selectOptionByIndex: All options with index in [2] are selected on object 'Object Repository/PharmacyRequest/Page_KDMC-Pharmacy/select_--Select--Schedule 1Inj'

2018-05-16 19:34:27 - [MESSAGE][PASSED] - All options with index in [2] are selected on object 'Object Repository/PharmacyRequest/Page_KDMC-Pharmacy/select_--Select--Schedule 1Inj'

2018-05-16 19:34:27 - [TEST_STEP][PASSED] - selectOptionByIndex: All options with index in [31] are selected on object 'Object Repository/PharmacyRequest/Page_KDMC-Pharmacy/select_--Select--Albendazole'

2018-05-16 19:34:27 - [MESSAGE][PASSED] - All options with index in [31] are selected on object 'Object Repository/PharmacyRequest/Page_KDMC-Pharmacy/select_--Select--Albendazole'

2018-05-16 19:34:27 - [TEST_STEP][PASSED] - delay: Delayed 1 second(s)

2018-05-16 19:34:28 - [MESSAGE][PASSED] - Delayed 1 second(s)

2018-05-16 19:34:28 - [TEST_STEP][PASSED] - setText: Text '10' is set on object 'Object Repository/PharmacyRequest/Page_KDMC-Pharmacy/input_txttreat'

2018-05-16 19:34:28 - [MESSAGE][PASSED] - Text '10' is set on object 'Object Repository/PharmacyRequest/Page_KDMC-Pharmacy/input_txttreat'

2018-05-16 19:34:28 - [TEST_STEP][PASSED] - click: Object: 'Object Repository/PharmacyRequest/Page_KDMC-Pharmacy/button_Add' is clicked on

2018-05-16 19:34:28 - [MESSAGE][PASSED] - Object: 'Object Repository/PharmacyRequest/Page_KDMC-Pharmacy/button_Add' is clicked on

2018-05-16 19:34:28 - [TEST_STEP][PASSED] - selectOptionByIndex: All options with index in [2] are selected on object 'Object Repository/PharmacyRequest/Page_KDMC-Pharmacy/select_--Select--Schedule 1Inj'

2018-05-16 19:34:28 - [MESSAGE][PASSED] - All options with index in [2] are selected on object 'Object Repository/PharmacyRequest/Page_KDMC-Pharmacy/select_--Select--Schedule 1Inj'

2018-05-16 19:34:28 - [TEST_STEP][PASSED] - selectOptionByIndex: All options with index in [32] are selected on object 'Object Repository/PharmacyRequest/Page_KDMC-Pharmacy/select_--Select--Albendazole'

2018-05-16 19:34:29 - [MESSAGE][PASSED] - All options with index in [32] are selected on object 'Object Repository/PharmacyRequest/Page_KDMC-Pharmacy/select_--Select--Albendazole'

2018-05-16 19:34:29 - [TEST_STEP][PASSED] - delay: Delayed 1 second(s)

2018-05-16 19:34:30 - [MESSAGE][PASSED] - Delayed 1 second(s)

2018-05-16 19:34:30 - [TEST_STEP][PASSED] - setText: Text '10' is set on object 'Object Repository/PharmacyRequest/Page_KDMC-Pharmacy/input_txttreat'

2018-05-16 19:34:30 - [MESSAGE][PASSED] - Text '10' is set on object 'Object Repository/PharmacyRequest/Page_KDMC-Pharmacy/input_txttreat'

2018-05-16 19:34:30 - [TEST_STEP][PASSED] - click: Object: 'Object Repository/PharmacyRequest/Page_KDMC-Pharmacy/button_Add' is clicked on

2018-05-16 19:34:30 - [MESSAGE][PASSED] - Object: 'Object Repository/PharmacyRequest/Page_KDMC-Pharmacy/button_Add' is clicked on

2018-05-16 19:34:30 - [TEST_STEP][PASSED] - selectOptionByIndex: All options with index in [2] are selected on object 'Object Repository/PharmacyRequest/Page_KDMC-Pharmacy/select_--Select--Schedule 1Inj'

2018-05-16 19:34:30 - [MESSAGE][PASSED] - All options with index in [2] are selected on object 'Object Repository/PharmacyRequest/Page_KDMC-Pharmacy/select_--Select--Schedule 1Inj'

2018-05-16 19:34:30 - [TEST_STEP][PASSED] - selectOptionByIndex: All options with index in [33] are selected on object 'Object Repository/PharmacyRequest/Page_KDMC-Pharmacy/select_--Select--Albendazole'

2018-05-16 19:34:30 - [MESSAGE][PASSED] - All options with index in [33] are selected on object 'Object Repository/PharmacyRequest/Page_KDMC-Pharmacy/select_--Select--Albendazole'

2018-05-16 19:34:30 - [TEST_STEP][PASSED] - delay: Delayed 1 second(s)

2018-05-16 19:34:31 - [MESSAGE][PASSED] - Delayed 1 second(s)

2018-05-16 19:34:31 - [TEST_STEP][PASSED] - setText: Text '10' is set on object 'Object Repository/PharmacyRequest/Page_KDMC-Pharmacy/input_txttreat'

2018-05-16 19:34:31 - [MESSAGE][PASSED] - Text '10' is set on object 'Object Repository/PharmacyRequest/Page_KDMC-Pharmacy/input_txttreat'

2018-05-16 19:34:31 - [TEST_STEP][PASSED] - click: Object: 'Object Repository/PharmacyRequest/Page_KDMC-Pharmacy/button_Add' is clicked on

2018-05-16 19:34:31 - [MESSAGE][PASSED] - Object: 'Object Repository/PharmacyRequest/Page_KDMC-Pharmacy/button_Add' is clicked on

2018-05-16 19:34:31 - [TEST_STEP][PASSED] - selectOptionByIndex: All options with index in [2] are selected on object 'Object Repository/PharmacyRequest/Page_KDMC-Pharmacy/select_--Select--Schedule 1Inj'

2018-05-16 19:34:31 - [MESSAGE][PASSED] - All options with index in [2] are selected on object 'Object Repository/PharmacyRequest/Page_KDMC-Pharmacy/select_--Select--Schedule 1Inj'

2018-05-16 19:34:31 - [TEST_STEP][PASSED] - selectOptionByIndex: All options with index in [34] are selected on object 'Object Repository/PharmacyRequest/Page_KDMC-Pharmacy/select_--Select--Albendazole'

2018-05-16 19:34:32 - [MESSAGE][PASSED] - All options with index in [34] are selected on object 'Object Repository/PharmacyRequest/Page_KDMC-Pharmacy/select_--Select--Albendazole'

2018-05-16 19:34:32 - [TEST_STEP][PASSED] - delay: Delayed 1 second(s)

2018-05-16 19:34:33 - [MESSAGE][PASSED] - Delayed 1 second(s)

2018-05-16 19:34:33 - [TEST_STEP][PASSED] - setText: Text '10' is set on object 'Object Repository/PharmacyRequest/Page_KDMC-Pharmacy/input_txttreat'

2018-05-16 19:34:33 - [MESSAGE][PASSED] - Text '10' is set on object 'Object Repository/PharmacyRequest/Page_KDMC-Pharmacy/input_txttreat'

2018-05-16 19:34:33 - [TEST_STEP][PASSED] - click: Object: 'Object Repository/PharmacyRequest/Page_KDMC-Pharmacy/button_Add' is clicked on

2018-05-16 19:34:33 - [MESSAGE][PASSED] - Object: 'Object Repository/PharmacyRequest/Page_KDMC-Pharmacy/button_Add' is clicked on

2018-05-16 19:34:33 - [TEST_STEP][PASSED] - selectOptionByIndex: All options with index in [2] are selected on object 'Object Repository/PharmacyRequest/Page_KDMC-Pharmacy/select_--Select--Schedule 1Inj'

2018-05-16 19:34:33 - [MESSAGE][PASSED] - All options with index in [2] are selected on object 'Object Repository/PharmacyRequest/Page_KDMC-Pharmacy/select_--Select--Schedule 1Inj'

2018-05-16 19:34:33 - [TEST_STEP][PASSED] - selectOptionByIndex: All options with index in [35] are selected on object 'Object Repository/PharmacyRequest/Page_KDMC-Pharmacy/select_--Select--Albendazole'

2018-05-16 19:34:33 - [MESSAGE][PASSED] - All options with index in [35] are selected on object 'Object Repository/PharmacyRequest/Page_KDMC-Pharmacy/select_--Select--Albendazole'

2018-05-16 19:34:33 - [TEST_STEP][PASSED] - delay: Delayed 1 second(s)

2018-05-16 19:34:34 - [MESSAGE][PASSED] - Delayed 1 second(s)

2018-05-16 19:34:34 - [TEST_STEP][PASSED] - setText: Text '10' is set on object 'Object Repository/PharmacyRequest/Page_KDMC-Pharmacy/input_txttreat'

2018-05-16 19:34:35 - [MESSAGE][PASSED] - Text '10' is set on object 'Object Repository/PharmacyRequest/Page_KDMC-Pharmacy/input_txttreat'

2018-05-16 19:34:35 - [TEST_STEP][PASSED] - click: Object: 'Object Repository/PharmacyRequest/Page_KDMC-Pharmacy/button_Add' is clicked on

2018-05-16 19:34:35 - [MESSAGE][PASSED] - Object: 'Object Repository/PharmacyRequest/Page_KDMC-Pharmacy/button_Add' is clicked on

2018-05-16 19:34:35 - [TEST_STEP][PASSED] - selectOptionByIndex: All options with index in [2] are selected on object 'Object Repository/PharmacyRequest/Page_KDMC-Pharmacy/select_--Select--Schedule 1Inj'

2018-05-16 19:34:35 - [MESSAGE][PASSED] - All options with index in [2] are selected on object 'Object Repository/PharmacyRequest/Page_KDMC-Pharmacy/select_--Select--Schedule 1Inj'

2018-05-16 19:34:35 - [TEST_STEP][PASSED] - selectOptionByIndex: All options with index in [36] are selected on object 'Object Repository/PharmacyRequest/Page_KDMC-Pharmacy/select_--Select--Albendazole'

2018-05-16 19:34:35 - [MESSAGE][PASSED] - All options with index in [36] are selected on object 'Object Repository/PharmacyRequest/Page_KDMC-Pharmacy/select_--Select--Albendazole'

2018-05-16 19:34:35 - [TEST_STEP][PASSED] - delay: Delayed 1 second(s)

2018-05-16 19:34:36 - [MESSAGE][PASSED] - Delayed 1 second(s)

2018-05-16 19:34:36 - [TEST_STEP][PASSED] - setText: Text '10' is set on object 'Object Repository/PharmacyRequest/Page_KDMC-Pharmacy/input_txttreat'

2018-05-16 19:34:36 - [MESSAGE][PASSED] - Text '10' is set on object 'Object Repository/PharmacyRequest/Page_KDMC-Pharmacy/input_txttreat'

2018-05-16 19:34:36 - [TEST_STEP][PASSED] - click: Object: 'Object Repository/PharmacyRequest/Page_KDMC-Pharmacy/button_Add' is clicked on

2018-05-16 19:34:36 - [MESSAGE][PASSED] - Object: 'Object Repository/PharmacyRequest/Page_KDMC-Pharmacy/button_Add' is clicked on

2018-05-16 19:34:36 - [TEST_STEP][PASSED] - selectOptionByIndex: All options with index in [2] are selected on object 'Object Repository/PharmacyRequest/Page_KDMC-Pharmacy/select_--Select--Schedule 1Inj'

2018-05-16 19:34:36 - [MESSAGE][PASSED] - All options with index in [2] are selected on object 'Object Repository/PharmacyRequest/Page_KDMC-Pharmacy/select_--Select--Schedule 1Inj'

2018-05-16 19:34:36 - [TEST_STEP][PASSED] - selectOptionByIndex: All options with index in [37] are selected on object 'Object Repository/PharmacyRequest/Page_KDMC-Pharmacy/select_--Select--Albendazole'

2018-05-16 19:34:37 - [MESSAGE][PASSED] - All options with index in [37] are selected on object 'Object Repository/PharmacyRequest/Page_KDMC-Pharmacy/select_--Select--Albendazole'

2018-05-16 19:34:37 - [TEST_STEP][PASSED] - delay: Delayed 1 second(s)

2018-05-16 19:34:38 - [MESSAGE][PASSED] - Delayed 1 second(s)

2018-05-16 19:34:38 - [TEST_STEP][PASSED] - setText: Text '10' is set on object 'Object Repository/PharmacyRequest/Page_KDMC-Pharmacy/input_txttreat'

2018-05-16 19:34:38 - [MESSAGE][PASSED] - Text '10' is set on object 'Object Repository/PharmacyRequest/Page_KDMC-Pharmacy/input_txttreat'

2018-05-16 19:34:38 - [TEST_STEP][PASSED] - click: Object: 'Object Repository/PharmacyRequest/Page_KDMC-Pharmacy/button_Add' is clicked on

2018-05-16 19:34:38 - [MESSAGE][PASSED] - Object: 'Object Repository/PharmacyRequest/Page_KDMC-Pharmacy/button_Add' is clicked on

2018-05-16 19:34:38 - [TEST_STEP][PASSED] - selectOptionByIndex: All options with index in [2] are selected on object 'Object Repository/PharmacyRequest/Page_KDMC-Pharmacy/select_--Select--Schedule 1Inj'

2018-05-16 19:34:38 - [MESSAGE][PASSED] - All options with index in [2] are selected on object 'Object Repository/PharmacyRequest/Page_KDMC-Pharmacy/select_--Select--Schedule 1Inj'

2018-05-16 19:34:38 - [TEST_STEP][PASSED] - selectOptionByIndex: All options with index in [38] are selected on object 'Object Repository/PharmacyRequest/Page_KDMC-Pharmacy/select_--Select--Albendazole'

2018-05-16 19:34:39 - [MESSAGE][PASSED] - All options with index in [38] are selected on object 'Object Repository/PharmacyRequest/Page_KDMC-Pharmacy/select_--Select--Albendazole'

2018-05-16 19:34:39 - [TEST_STEP][PASSED] - delay: Delayed 1 second(s)

2018-05-16 19:34:40 - [MESSAGE][PASSED] - Delayed 1 second(s)

2018-05-16 19:34:40 - [TEST_STEP][PASSED] - setText: Text '10' is set on object 'Object Repository/PharmacyRequest/Page_KDMC-Pharmacy/input_txttreat'

2018-05-16 19:34:40 - [MESSAGE][PASSED] - Text '10' is set on object 'Object Repository/PharmacyRequest/Page_KDMC-Pharmacy/input_txttreat'

2018-05-16 19:34:40 - [TEST_STEP][PASSED] - click: Object: 'Object Repository/PharmacyRequest/Page_KDMC-Pharmacy/button_Add' is clicked on

2018-05-16 19:34:40 - [MESSAGE][PASSED] - Object: 'Object Repository/PharmacyRequest/Page_KDMC-Pharmacy/button_Add' is clicked on

2018-05-16 19:34:40 - [TEST_STEP][PASSED] - selectOptionByIndex: All options with index in [2] are selected on object 'Object Repository/PharmacyRequest/Page_KDMC-Pharmacy/select_--Select--Schedule 1Inj'

2018-05-16 19:34:40 - [MESSAGE][PASSED] - All options with index in [2] are selected on object 'Object Repository/PharmacyRequest/Page_KDMC-Pharmacy/select_--Select--Schedule 1Inj'

2018-05-16 19:34:40 - [TEST_STEP][PASSED] - selectOptionByIndex: All options with index in [39] are selected on object 'Object Repository/PharmacyRequest/Page_KDMC-Pharmacy/select_--Select--Albendazole'

2018-05-16 19:34:40 - [MESSAGE][PASSED] - All options with index in [39] are selected on object 'Object Repository/PharmacyRequest/Page_KDMC-Pharmacy/select_--Select--Albendazole'

2018-05-16 19:34:40 - [TEST_STEP][PASSED] - delay: Delayed 1 second(s)

2018-05-16 19:34:41 - [MESSAGE][PASSED] - Delayed 1 second(s)

2018-05-16 19:34:41 - [TEST_STEP][PASSED] - setText: Text '10' is set on object 'Object Repository/PharmacyRequest/Page_KDMC-Pharmacy/input_txttreat'

2018-05-16 19:34:41 - [MESSAGE][PASSED] - Text '10' is set on object 'Object Repository/PharmacyRequest/Page_KDMC-Pharmacy/input_txttreat'

2018-05-16 19:34:41 - [TEST_STEP][PASSED] - click: Object: 'Object Repository/PharmacyRequest/Page_KDMC-Pharmacy/button_Add' is clicked on

2018-05-16 19:34:41 - [MESSAGE][PASSED] - Object: 'Object Repository/PharmacyRequest/Page_KDMC-Pharmacy/button_Add' is clicked on

2018-05-16 19:34:41 - [TEST_STEP][PASSED] - selectOptionByIndex: All options with index in [2] are selected on object 'Object Repository/PharmacyRequest/Page_KDMC-Pharmacy/select_--Select--Schedule 1Inj'

2018-05-16 19:34:41 - [MESSAGE][PASSED] - All options with index in [2] are selected on object 'Object Repository/PharmacyRequest/Page_KDMC-Pharmacy/select_--Select--Schedule 1Inj'

2018-05-16 19:34:41 - [TEST_STEP][PASSED] - selectOptionByIndex: All options with index in [40] are selected on object 'Object Repository/PharmacyRequest/Page_KDMC-Pharmacy/select_--Select--Albendazole'

2018-05-16 19:34:42 - [MESSAGE][PASSED] - All options with index in [40] are selected on object 'Object Repository/PharmacyRequest/Page_KDMC-Pharmacy/select_--Select--Albendazole'

2018-05-16 19:34:42 - [TEST_STEP][PASSED] - delay: Delayed 1 second(s)

2018-05-16 19:34:43 - [MESSAGE][PASSED] - Delayed 1 second(s)

2018-05-16 19:34:43 - [TEST_STEP][PASSED] - setText: Text '10' is set on object 'Object Repository/PharmacyRequest/Page_KDMC-Pharmacy/input_txttreat'

2018-05-16 19:34:43 - [MESSAGE][PASSED] - Text '10' is set on object 'Object Repository/PharmacyRequest/Page_KDMC-Pharmacy/input_txttreat'

2018-05-16 19:34:43 - [TEST_STEP][PASSED] - click: Object: 'Object Repository/PharmacyRequest/Page_KDMC-Pharmacy/button_Add' is clicked on

2018-05-16 19:34:43 - [MESSAGE][PASSED] - Object: 'Object Repository/PharmacyRequest/Page_KDMC-Pharmacy/button_Add' is clicked on

2018-05-16 19:34:43 - [TEST_STEP][PASSED] - selectOptionByIndex: All options with index in [2] are selected on object 'Object Repository/PharmacyRequest/Page_KDMC-Pharmacy/select_--Select--Schedule 1Inj'

2018-05-16 19:34:43 - [MESSAGE][PASSED] - All options with index in [2] are selected on object 'Object Repository/PharmacyRequest/Page_KDMC-Pharmacy/select_--Select--Schedule 1Inj'

2018-05-16 19:34:43 - [TEST_STEP][PASSED] - selectOptionByIndex: All options with index in [41] are selected on object 'Object Repository/PharmacyRequest/Page_KDMC-Pharmacy/select_--Select--Albendazole'

2018-05-16 19:34:44 - [MESSAGE][PASSED] - All options with index in [41] are selected on object 'Object Repository/PharmacyRequest/Page_KDMC-Pharmacy/select_--Select--Albendazole'

2018-05-16 19:34:44 - [TEST_STEP][PASSED] - delay: Delayed 1 second(s)

2018-05-16 19:34:45 - [MESSAGE][PASSED] - Delayed 1 second(s)

2018-05-16 19:34:45 - [TEST_STEP][PASSED] - setText: Text '10' is set on object 'Object Repository/PharmacyRequest/Page_KDMC-Pharmacy/input_txttreat'

2018-05-16 19:34:45 - [MESSAGE][PASSED] - Text '10' is set on object 'Object Repository/PharmacyRequest/Page_KDMC-Pharmacy/input_txttreat'

2018-05-16 19:34:45 - [TEST_STEP][PASSED] - click: Object: 'Object Repository/PharmacyRequest/Page_KDMC-Pharmacy/button_Add' is clicked on

2018-05-16 19:34:45 - [MESSAGE][PASSED] - Object: 'Object Repository/PharmacyRequest/Page_KDMC-Pharmacy/button_Add' is clicked on

2018-05-16 19:34:45 - [TEST_STEP][PASSED] - selectOptionByIndex: All options with index in [2] are selected on object 'Object Repository/PharmacyRequest/Page_KDMC-Pharmacy/select_--Select--Schedule 1Inj'

2018-05-16 19:34:45 - [MESSAGE][PASSED] - All options with index in [2] are selected on object 'Object Repository/PharmacyRequest/Page_KDMC-Pharmacy/select_--Select--Schedule 1Inj'

2018-05-16 19:34:45 - [TEST_STEP][PASSED] - selectOptionByIndex: All options with index in [42] are selected on object 'Object Repository/PharmacyRequest/Page_KDMC-Pharmacy/select_--Select--Albendazole'

2018-05-16 19:34:45 - [MESSAGE][PASSED] - All options with index in [42] are selected on object 'Object Repository/PharmacyRequest/Page_KDMC-Pharmacy/select_--Select--Albendazole'

2018-05-16 19:34:45 - [TEST_STEP][PASSED] - delay: Delayed 1 second(s)

2018-05-16 19:34:46 - [MESSAGE][PASSED] - Delayed 1 second(s)

2018-05-16 19:34:46 - [TEST_STEP][PASSED] - setText: Text '10' is set on object 'Object Repository/PharmacyRequest/Page_KDMC-Pharmacy/input_txttreat'

2018-05-16 19:34:46 - [MESSAGE][PASSED] - Text '10' is set on object 'Object Repository/PharmacyRequest/Page_KDMC-Pharmacy/input_txttreat'

2018-05-16 19:34:46 - [TEST_STEP][PASSED] - click: Object: 'Object Repository/PharmacyRequest/Page_KDMC-Pharmacy/button_Add' is clicked on

2018-05-16 19:34:46 - [MESSAGE][PASSED] - Object: 'Object Repository/PharmacyRequest/Page_KDMC-Pharmacy/button_Add' is clicked on

2018-05-16 19:34:46 - [TEST_STEP][PASSED] - selectOptionByIndex: All options with index in [2] are selected on object 'Object Repository/PharmacyRequest/Page_KDMC-Pharmacy/select_--Select--Schedule 1Inj'

2018-05-16 19:34:47 - [MESSAGE][PASSED] - All options with index in [2] are selected on object 'Object Repository/PharmacyRequest/Page_KDMC-Pharmacy/select_--Select--Schedule 1Inj'

2018-05-16 19:34:47 - [TEST_STEP][PASSED] - selectOptionByIndex: All options with index in [43] are selected on object 'Object Repository/PharmacyRequest/Page_KDMC-Pharmacy/select_--Select--Albendazole'

2018-05-16 19:34:47 - [MESSAGE][PASSED] - All options with index in [43] are selected on object 'Object Repository/PharmacyRequest/Page_KDMC-Pharmacy/select_--Select--Albendazole'

2018-05-16 19:34:47 - [TEST_STEP][PASSED] - delay: Delayed 1 second(s)

2018-05-16 19:34:48 - [MESSAGE][PASSED] - Delayed 1 second(s)

2018-05-16 19:34:48 - [TEST_STEP][PASSED] - setText: Text '10' is set on object 'Object Repository/PharmacyRequest/Page_KDMC-Pharmacy/input_txttreat'

2018-05-16 19:34:48 - [MESSAGE][PASSED] - Text '10' is set on object 'Object Repository/PharmacyRequest/Page_KDMC-Pharmacy/input_txttreat'

2018-05-16 19:34:48 - [TEST_STEP][PASSED] - click: Object: 'Object Repository/PharmacyRequest/Page_KDMC-Pharmacy/button_Add' is clicked on

2018-05-16 19:34:48 - [MESSAGE][PASSED] - Object: 'Object Repository/PharmacyRequest/Page_KDMC-Pharmacy/button_Add' is clicked on

2018-05-16 19:34:48 - [TEST_STEP][PASSED] - selectOptionByIndex: All options with index in [2] are selected on object 'Object Repository/PharmacyRequest/Page_KDMC-Pharmacy/select_--Select--Schedule 1Inj'

2018-05-16 19:34:48 - [MESSAGE][PASSED] - All options with index in [2] are selected on object 'Object Repository/PharmacyRequest/Page_KDMC-Pharmacy/select_--Select--Schedule 1Inj'

2018-05-16 19:34:48 - [TEST_STEP][PASSED] - selectOptionByIndex: All options with index in [44] are selected on object 'Object Repository/PharmacyRequest/Page_KDMC-Pharmacy/select_--Select--Albendazole'

2018-05-16 19:34:49 - [MESSAGE][PASSED] - All options with index in [44] are selected on object 'Object Repository/PharmacyRequest/Page_KDMC-Pharmacy/select_--Select--Albendazole'

2018-05-16 19:34:49 - [TEST_STEP][PASSED] - delay: Delayed 1 second(s)

2018-05-16 19:34:50 - [MESSAGE][PASSED] - Delayed 1 second(s)

2018-05-16 19:34:50 - [TEST_STEP][PASSED] - setText: Text '10' is set on object 'Object Repository/PharmacyRequest/Page_KDMC-Pharmacy/input_txttreat'

2018-05-16 19:34:50 - [MESSAGE][PASSED] - Text '10' is set on object 'Object Repository/PharmacyRequest/Page_KDMC-Pharmacy/input_txttreat'

2018-05-16 19:34:50 - [TEST_STEP][PASSED] - click: Object: 'Object Repository/PharmacyRequest/Page_KDMC-Pharmacy/button_Add' is clicked on

2018-05-16 19:34:50 - [MESSAGE][PASSED] - Object: 'Object Repository/PharmacyRequest/Page_KDMC-Pharmacy/button_Add' is clicked on

2018-05-16 19:34:50 - [TEST_STEP][PASSED] - selectOptionByIndex: All options with index in [2] are selected on object 'Object Repository/PharmacyRequest/Page_KDMC-Pharmacy/select_--Select--Schedule 1Inj'

2018-05-16 19:34:50 - [MESSAGE][PASSED] - All options with index in [2] are selected on object 'Object Repository/PharmacyRequest/Page_KDMC-Pharmacy/select_--Select--Schedule 1Inj'

2018-05-16 19:34:50 - [TEST_STEP][PASSED] - selectOptionByIndex: All options with index in [45] are selected on object 'Object Repository/PharmacyRequest/Page_KDMC-Pharmacy/select_--Select--Albendazole'

2018-05-16 19:34:51 - [MESSAGE][PASSED] - All options with index in [45] are selected on object 'Object Repository/PharmacyRequest/Page_KDMC-Pharmacy/select_--Select--Albendazole'

2018-05-16 19:34:51 - [TEST_STEP][PASSED] - delay: Delayed 1 second(s)

2018-05-16 19:34:52 - [MESSAGE][PASSED] - Delayed 1 second(s)

2018-05-16 19:34:52 - [TEST_STEP][PASSED] - setText: Text '10' is set on object 'Object Repository/PharmacyRequest/Page_KDMC-Pharmacy/input_txttreat'

2018-05-16 19:34:52 - [MESSAGE][PASSED] - Text '10' is set on object 'Object Repository/PharmacyRequest/Page_KDMC-Pharmacy/input_txttreat'

2018-05-16 19:34:52 - [TEST_STEP][PASSED] - click: Object: 'Object Repository/PharmacyRequest/Page_KDMC-Pharmacy/button_Add' is clicked on

2018-05-16 19:34:52 - [MESSAGE][PASSED] - Object: 'Object Repository/PharmacyRequest/Page_KDMC-Pharmacy/button_Add' is clicked on

2018-05-16 19:34:52 - [TEST_STEP][PASSED] - selectOptionByIndex: All options with index in [2] are selected on object 'Object Repository/PharmacyRequest/Page_KDMC-Pharmacy/select_--Select--Schedule 1Inj'

2018-05-16 19:34:52 - [MESSAGE][PASSED] - All options with index in [2] are selected on object 'Object Repository/PharmacyRequest/Page_KDMC-Pharmacy/select_--Select--Schedule 1Inj'

2018-05-16 19:34:52 - [TEST_STEP][PASSED] - selectOptionByIndex: All options with index in [46] are selected on object 'Object Repository/PharmacyRequest/Page_KDMC-Pharmacy/select_--Select--Albendazole'

2018-05-16 19:34:52 - [MESSAGE][PASSED] - All options with index in [46] are selected on object 'Object Repository/PharmacyRequest/Page_KDMC-Pharmacy/select_--Select--Albendazole'

2018-05-16 19:34:52 - [TEST_STEP][PASSED] - delay: Delayed 1 second(s)

2018-05-16 19:34:53 - [MESSAGE][PASSED] - Delayed 1 second(s)

2018-05-16 19:34:53 - [TEST_STEP][PASSED] - setText: Text '10' is set on object 'Object Repository/PharmacyRequest/Page_KDMC-Pharmacy/input_txttreat'

2018-05-16 19:34:53 - [MESSAGE][PASSED] - Text '10' is set on object 'Object Repository/PharmacyRequest/Page_KDMC-Pharmacy/input_txttreat'

2018-05-16 19:34:53 - [TEST_STEP][PASSED] - click: Object: 'Object Repository/PharmacyRequest/Page_KDMC-Pharmacy/button_Add' is clicked on

2018-05-16 19:34:53 - [MESSAGE][PASSED] - Object: 'Object Repository/PharmacyRequest/Page_KDMC-Pharmacy/button_Add' is clicked on

2018-05-16 19:34:53 - [TEST_STEP][PASSED] - selectOptionByIndex: All options with index in [2] are selected on object 'Object Repository/PharmacyRequest/Page_KDMC-Pharmacy/select_--Select--Schedule 1Inj'

2018-05-16 19:34:53 - [MESSAGE][PASSED] - All options with index in [2] are selected on object 'Object Repository/PharmacyRequest/Page_KDMC-Pharmacy/select_--Select--Schedule 1Inj'

2018-05-16 19:34:53 - [TEST_STEP][PASSED] - selectOptionByIndex: All options with index in [47] are selected on object 'Object Repository/PharmacyRequest/Page_KDMC-Pharmacy/select_--Select--Albendazole'

2018-05-16 19:34:54 - [MESSAGE][PASSED] - All options with index in [47] are selected on object 'Object Repository/PharmacyRequest/Page_KDMC-Pharmacy/select_--Select--Albendazole'

2018-05-16 19:34:54 - [TEST_STEP][PASSED] - delay: Delayed 1 second(s)

2018-05-16 19:34:55 - [MESSAGE][PASSED] - Delayed 1 second(s)

2018-05-16 19:34:55 - [TEST_STEP][PASSED] - setText: Text '10' is set on object 'Object Repository/PharmacyRequest/Page_KDMC-Pharmacy/input_txttreat'

2018-05-16 19:34:55 - [MESSAGE][PASSED] - Text '10' is set on object 'Object Repository/PharmacyRequest/Page_KDMC-Pharmacy/input_txttreat'

2018-05-16 19:34:55 - [TEST_STEP][PASSED] - click: Object: 'Object Repository/PharmacyRequest/Page_KDMC-Pharmacy/button_Add' is clicked on

2018-05-16 19:34:55 - [MESSAGE][PASSED] - Object: 'Object Repository/PharmacyRequest/Page_KDMC-Pharmacy/button_Add' is clicked on

2018-05-16 19:34:55 - [TEST_STEP][PASSED] - selectOptionByIndex: All options with index in [2] are selected on object 'Object Repository/PharmacyRequest/Page_KDMC-Pharmacy/select_--Select--Schedule 1Inj'

2018-05-16 19:34:55 - [MESSAGE][PASSED] - All options with index in [2] are selected on object 'Object Repository/PharmacyRequest/Page_KDMC-Pharmacy/select_--Select--Schedule 1Inj'

2018-05-16 19:34:55 - [TEST_STEP][PASSED] - selectOptionByIndex: All options with index in [48] are selected on object 'Object Repository/PharmacyRequest/Page_KDMC-Pharmacy/select_--Select--Albendazole'

2018-05-16 19:34:56 - [MESSAGE][PASSED] - All options with index in [48] are selected on object 'Object Repository/PharmacyRequest/Page_KDMC-Pharmacy/select_--Select--Albendazole'

2018-05-16 19:34:56 - [TEST_STEP][PASSED] - delay: Delayed 1 second(s)

2018-05-16 19:34:57 - [MESSAGE][PASSED] - Delayed 1 second(s)

2018-05-16 19:34:57 - [TEST_STEP][PASSED] - setText: Text '10' is set on object 'Object Repository/PharmacyRequest/Page_KDMC-Pharmacy/input_txttreat'

2018-05-16 19:34:57 - [MESSAGE][PASSED] - Text '10' is set on object 'Object Repository/PharmacyRequest/Page_KDMC-Pharmacy/input_txttreat'

2018-05-16 19:34:57 - [TEST_STEP][PASSED] - click: Object: 'Object Repository/PharmacyRequest/Page_KDMC-Pharmacy/button_Add' is clicked on

2018-05-16 19:34:57 - [MESSAGE][PASSED] - Object: 'Object Repository/PharmacyRequest/Page_KDMC-Pharmacy/button_Add' is clicked on

2018-05-16 19:34:57 - [TEST_STEP][PASSED] - selectOptionByIndex: All options with index in [2] are selected on object 'Object Repository/PharmacyRequest/Page_KDMC-Pharmacy/select_--Select--Schedule 1Inj'

2018-05-16 19:34:57 - [MESSAGE][PASSED] - All options with index in [2] are selected on object 'Object Repository/PharmacyRequest/Page_KDMC-Pharmacy/select_--Select--Schedule 1Inj'

2018-05-16 19:34:57 - [TEST_STEP][PASSED] - selectOptionByIndex: All options with index in [49] are selected on object 'Object Repository/PharmacyRequest/Page_KDMC-Pharmacy/select_--Select--Albendazole'

2018-05-16 19:34:57 - [MESSAGE][PASSED] - All options with index in [49] are selected on object 'Object Repository/PharmacyRequest/Page_KDMC-Pharmacy/select_--Select--Albendazole'

2018-05-16 19:34:57 - [TEST_STEP][PASSED] - delay: Delayed 1 second(s)

2018-05-16 19:34:58 - [MESSAGE][PASSED] - Delayed 1 second(s)

2018-05-16 19:34:58 - [TEST_STEP][PASSED] - setText: Text '10' is set on object 'Object Repository/PharmacyRequest/Page_KDMC-Pharmacy/input_txttreat'

2018-05-16 19:34:59 - [MESSAGE][PASSED] - Text '10' is set on object 'Object Repository/PharmacyRequest/Page_KDMC-Pharmacy/input_txttreat'

2018-05-16 19:34:59 - [TEST_STEP][PASSED] - click: Object: 'Object Repository/PharmacyRequest/Page_KDMC-Pharmacy/button_Add' is clicked on

2018-05-16 19:34:59 - [MESSAGE][PASSED] - Object: 'Object Repository/PharmacyRequest/Page_KDMC-Pharmacy/button_Add' is clicked on

2018-05-16 19:34:59 - [TEST_STEP][PASSED] - selectOptionByIndex: All options with index in [2] are selected on object 'Object Repository/PharmacyRequest/Page_KDMC-Pharmacy/select_--Select--Schedule 1Inj'

2018-05-16 19:34:59 - [MESSAGE][PASSED] - All options with index in [2] are selected on object 'Object Repository/PharmacyRequest/Page_KDMC-Pharmacy/select_--Select--Schedule 1Inj'

2018-05-16 19:34:59 - [TEST_STEP][PASSED] - selectOptionByIndex: All options with index in [50] are selected on object 'Object Repository/PharmacyRequest/Page_KDMC-Pharmacy/select_--Select--Albendazole'

2018-05-16 19:34:59 - [MESSAGE][PASSED] - All options with index in [50] are selected on object 'Object Repository/PharmacyRequest/Page_KDMC-Pharmacy/select_--Select--Albendazole'

2018-05-16 19:34:59 - [TEST_STEP][PASSED] - delay: Delayed 1 second(s)

2018-05-16 19:35:00 - [MESSAGE][PASSED] - Delayed 1 second(s)

2018-05-16 19:35:00 - [TEST_STEP][PASSED] - setText: Text '10' is set on object 'Object Repository/PharmacyRequest/Page_KDMC-Pharmacy/input_txttreat'

2018-05-16 19:35:00 - [MESSAGE][PASSED] - Text '10' is set on object 'Object Repository/PharmacyRequest/Page_KDMC-Pharmacy/input_txttreat'

2018-05-16 19:35:00 - [TEST_STEP][PASSED] - click: Object: 'Object Repository/PharmacyRequest/Page_KDMC-Pharmacy/button_Add' is clicked on

2018-05-16 19:35:00 - [MESSAGE][PASSED] - Object: 'Object Repository/PharmacyRequest/Page_KDMC-Pharmacy/button_Add' is clicked on

2018-05-16 19:35:00 - [TEST_STEP][PASSED] - selectOptionByIndex: All options with index in [2] are selected on object 'Object Repository/PharmacyRequest/Page_KDMC-Pharmacy/select_--Select--Schedule 1Inj'

2018-05-16 19:35:00 - [MESSAGE][PASSED] - All options with index in [2] are selected on object 'Object Repository/PharmacyRequest/Page_KDMC-Pharmacy/select_--Select--Schedule 1Inj'

2018-05-16 19:35:00 - [TEST_STEP][PASSED] - selectOptionByIndex: All options with index in [51] are selected on object 'Object Repository/PharmacyRequest/Page_KDMC-Pharmacy/select_--Select--Albendazole'

2018-05-16 19:35:01 - [MESSAGE][PASSED] - All options with index in [51] are selected on object 'Object Repository/PharmacyRequest/Page_KDMC-Pharmacy/select_--Select--Albendazole'

2018-05-16 19:35:01 - [TEST_STEP][PASSED] - delay: Delayed 1 second(s)

2018-05-16 19:35:02 - [MESSAGE][PASSED] - Delayed 1 second(s)

2018-05-16 19:35:02 - [TEST_STEP][PASSED] - setText: Text '10' is set on object 'Object Repository/PharmacyRequest/Page_KDMC-Pharmacy/input_txttreat'

2018-05-16 19:35:02 - [MESSAGE][PASSED] - Text '10' is set on object 'Object Repository/PharmacyRequest/Page_KDMC-Pharmacy/input_txttreat'

2018-05-16 19:35:02 - [TEST_STEP][PASSED] - click: Object: 'Object Repository/PharmacyRequest/Page_KDMC-Pharmacy/button_Add' is clicked on

2018-05-16 19:35:02 - [MESSAGE][PASSED] - Object: 'Object Repository/PharmacyRequest/Page_KDMC-Pharmacy/button_Add' is clicked on

2018-05-16 19:35:02 - [TEST_STEP][PASSED] - selectOptionByIndex: All options with index in [2] are selected on object 'Object Repository/PharmacyRequest/Page_KDMC-Pharmacy/select_--Select--Schedule 1Inj'

2018-05-16 19:35:02 - [MESSAGE][PASSED] - All options with index in [2] are selected on object 'Object Repository/PharmacyRequest/Page_KDMC-Pharmacy/select_--Select--Schedule 1Inj'

2018-05-16 19:35:02 - [TEST_STEP][PASSED] - selectOptionByIndex: All options with index in [52] are selected on object 'Object Repository/PharmacyRequest/Page_KDMC-Pharmacy/select_--Select--Albendazole'

2018-05-16 19:35:03 - [MESSAGE][PASSED] - All options with index in [52] are selected on object 'Object Repository/PharmacyRequest/Page_KDMC-Pharmacy/select_--Select--Albendazole'

2018-05-16 19:35:03 - [TEST_STEP][PASSED] - delay: Delayed 1 second(s)

2018-05-16 19:35:04 - [MESSAGE][PASSED] - Delayed 1 second(s)

2018-05-16 19:35:04 - [TEST_STEP][PASSED] - setText: Text '10' is set on object 'Object Repository/PharmacyRequest/Page_KDMC-Pharmacy/input_txttreat'

2018-05-16 19:35:04 - [MESSAGE][PASSED] - Text '10' is set on object 'Object Repository/PharmacyRequest/Page_KDMC-Pharmacy/input_txttreat'

2018-05-16 19:35:04 - [TEST_STEP][PASSED] - click: Object: 'Object Repository/PharmacyRequest/Page_KDMC-Pharmacy/button_Add' is clicked on

2018-05-16 19:35:04 - [MESSAGE][PASSED] - Object: 'Object Repository/PharmacyRequest/Page_KDMC-Pharmacy/button_Add' is clicked on

2018-05-16 19:35:04 - [TEST_STEP][PASSED] - selectOptionByIndex: All options with index in [2] are selected on object 'Object Repository/PharmacyRequest/Page_KDMC-Pharmacy/select_--Select--Schedule 1Inj'

2018-05-16 19:35:04 - [MESSAGE][PASSED] - All options with index in [2] are selected on object 'Object Repository/PharmacyRequest/Page_KDMC-Pharmacy/select_--Select--Schedule 1Inj'

2018-05-16 19:35:04 - [TEST_STEP][PASSED] - selectOptionByIndex: All options with index in [53] are selected on object 'Object Repository/PharmacyRequest/Page_KDMC-Pharmacy/select_--Select--Albendazole'

2018-05-16 19:35:05 - [MESSAGE][PASSED] - All options with index in [53] are selected on object 'Object Repository/PharmacyRequest/Page_KDMC-Pharmacy/select_--Select--Albendazole'

2018-05-16 19:35:05 - [TEST_STEP][PASSED] - delay: Delayed 1 second(s)

2018-05-16 19:35:06 - [MESSAGE][PASSED] - Delayed 1 second(s)

2018-05-16 19:35:06 - [TEST_STEP][PASSED] - setText: Text '10' is set on object 'Object Repository/PharmacyRequest/Page_KDMC-Pharmacy/input_txttreat'

2018-05-16 19:35:06 - [MESSAGE][PASSED] - Text '10' is set on object 'Object Repository/PharmacyRequest/Page_KDMC-Pharmacy/input_txttreat'

2018-05-16 19:35:06 - [TEST_STEP][PASSED] - click: Object: 'Object Repository/PharmacyRequest/Page_KDMC-Pharmacy/button_Add' is clicked on

2018-05-16 19:35:06 - [MESSAGE][PASSED] - Object: 'Object Repository/PharmacyRequest/Page_KDMC-Pharmacy/button_Add' is clicked on

2018-05-16 19:35:06 - [TEST_STEP][PASSED] - selectOptionByIndex: All options with index in [2] are selected on object 'Object Repository/PharmacyRequest/Page_KDMC-Pharmacy/select_--Select--Schedule 1Inj'

2018-05-16 19:35:06 - [MESSAGE][PASSED] - All options with index in [2] are selected on object 'Object Repository/PharmacyRequest/Page_KDMC-Pharmacy/select_--Select--Schedule 1Inj'

2018-05-16 19:35:06 - [TEST_STEP][PASSED] - selectOptionByIndex: All options with index in [54] are selected on object 'Object Repository/PharmacyRequest/Page_KDMC-Pharmacy/select_--Select--Albendazole'

2018-05-16 19:35:06 - [MESSAGE][PASSED] - All options with index in [54] are selected on object 'Object Repository/PharmacyRequest/Page_KDMC-Pharmacy/select_--Select--Albendazole'

2018-05-16 19:35:06 - [TEST_STEP][PASSED] - delay: Delayed 1 second(s)

2018-05-16 19:35:07 - [MESSAGE][PASSED] - Delayed 1 second(s)

2018-05-16 19:35:07 - [TEST_STEP][PASSED] - setText: Text '10' is set on object 'Object Repository/PharmacyRequest/Page_KDMC-Pharmacy/input_txttreat'

2018-05-16 19:35:07 - [MESSAGE][PASSED] - Text '10' is set on object 'Object Repository/PharmacyRequest/Page_KDMC-Pharmacy/input_txttreat'

2018-05-16 19:35:07 - [TEST_STEP][PASSED] - click: Object: 'Object Repository/PharmacyRequest/Page_KDMC-Pharmacy/button_Add' is clicked on

2018-05-16 19:35:08 - [MESSAGE][PASSED] - Object: 'Object Repository/PharmacyRequest/Page_KDMC-Pharmacy/button_Add' is clicked on

2018-05-16 19:35:08 - [TEST_STEP][PASSED] - selectOptionByIndex: All options with index in [2] are selected on object 'Object Repository/PharmacyRequest/Page_KDMC-Pharmacy/select_--Select--Schedule 1Inj'

2018-05-16 19:35:08 - [MESSAGE][PASSED] - All options with index in [2] are selected on object 'Object Repository/PharmacyRequest/Page_KDMC-Pharmacy/select_--Select--Schedule 1Inj'

2018-05-16 19:35:08 - [TEST_STEP][PASSED] - selectOptionByIndex: All options with index in [55] are selected on object 'Object Repository/PharmacyRequest/Page_KDMC-Pharmacy/select_--Select--Albendazole'

2018-05-16 19:35:08 - [MESSAGE][PASSED] - All options with index in [55] are selected on object 'Object Repository/PharmacyRequest/Page_KDMC-Pharmacy/select_--Select--Albendazole'

2018-05-16 19:35:08 - [TEST_STEP][PASSED] - delay: Delayed 1 second(s)

2018-05-16 19:35:09 - [MESSAGE][PASSED] - Delayed 1 second(s)

2018-05-16 19:35:09 - [TEST_STEP][PASSED] - setText: Text '10' is set on object 'Object Repository/PharmacyRequest/Page_KDMC-Pharmacy/input_txttreat'

2018-05-16 19:35:09 - [MESSAGE][PASSED] - Text '10' is set on object 'Object Repository/PharmacyRequest/Page_KDMC-Pharmacy/input_txttreat'

2018-05-16 19:35:09 - [TEST_STEP][PASSED] - click: Object: 'Object Repository/PharmacyRequest/Page_KDMC-Pharmacy/button_Add' is clicked on

2018-05-16 19:35:09 - [MESSAGE][PASSED] - Object: 'Object Repository/PharmacyRequest/Page_KDMC-Pharmacy/button_Add' is clicked on

2018-05-16 19:35:09 - [TEST_STEP][PASSED] - selectOptionByIndex: All options with index in [2] are selected on object 'Object Repository/PharmacyRequest/Page_KDMC-Pharmacy/select_--Select--Schedule 1Inj'

2018-05-16 19:35:09 - [MESSAGE][PASSED] - All options with index in [2] are selected on object 'Object Repository/PharmacyRequest/Page_KDMC-Pharmacy/select_--Select--Schedule 1Inj'

2018-05-16 19:35:09 - [TEST_STEP][PASSED] - selectOptionByIndex: All options with index in [56] are selected on object 'Object Repository/PharmacyRequest/Page_KDMC-Pharmacy/select_--Select--Albendazole'

2018-05-16 19:35:10 - [MESSAGE][PASSED] - All options with index in [56] are selected on object 'Object Repository/PharmacyRequest/Page_KDMC-Pharmacy/select_--Select--Albendazole'

2018-05-16 19:35:10 - [TEST_STEP][PASSED] - delay: Delayed 1 second(s)

2018-05-16 19:35:11 - [MESSAGE][PASSED] - Delayed 1 second(s)

2018-05-16 19:35:11 - [TEST_STEP][PASSED] - setText: Text '10' is set on object 'Object Repository/PharmacyRequest/Page_KDMC-Pharmacy/input_txttreat'

2018-05-16 19:35:11 - [MESSAGE][PASSED] - Text '10' is set on object 'Object Repository/PharmacyRequest/Page_KDMC-Pharmacy/input_txttreat'

2018-05-16 19:35:11 - [TEST_STEP][PASSED] - click: Object: 'Object Repository/PharmacyRequest/Page_KDMC-Pharmacy/button_Add' is clicked on

2018-05-16 19:35:11 - [MESSAGE][PASSED] - Object: 'Object Repository/PharmacyRequest/Page_KDMC-Pharmacy/button_Add' is clicked on

2018-05-16 19:35:11 - [TEST_STEP][PASSED] - selectOptionByIndex: All options with index in [2] are selected on object 'Object Repository/PharmacyRequest/Page_KDMC-Pharmacy/select_--Select--Schedule 1Inj'

2018-05-16 19:35:11 - [MESSAGE][PASSED] - All options with index in [2] are selected on object 'Object Repository/PharmacyRequest/Page_KDMC-Pharmacy/select_--Select--Schedule 1Inj'

2018-05-16 19:35:11 - [TEST_STEP][PASSED] - selectOptionByIndex: All options with index in [57] are selected on object 'Object Repository/PharmacyRequest/Page_KDMC-Pharmacy/select_--Select--Albendazole'

2018-05-16 19:35:12 - [MESSAGE][PASSED] - All options with index in [57] are selected on object 'Object Repository/PharmacyRequest/Page_KDMC-Pharmacy/select_--Select--Albendazole'

2018-05-16 19:35:12 - [TEST_STEP][PASSED] - delay: Delayed 1 second(s)

2018-05-16 19:35:13 - [MESSAGE][PASSED] - Delayed 1 second(s)

2018-05-16 19:35:13 - [TEST_STEP][PASSED] - setText: Text '10' is set on object 'Object Repository/PharmacyRequest/Page_KDMC-Pharmacy/input_txttreat'

2018-05-16 19:35:13 - [MESSAGE][PASSED] - Text '10' is set on object 'Object Repository/PharmacyRequest/Page_KDMC-Pharmacy/input_txttreat'

2018-05-16 19:35:13 - [TEST_STEP][PASSED] - click: Object: 'Object Repository/PharmacyRequest/Page_KDMC-Pharmacy/button_Add' is clicked on

2018-05-16 19:35:13 - [MESSAGE][PASSED] - Object: 'Object Repository/PharmacyRequest/Page_KDMC-Pharmacy/button_Add' is clicked on

2018-05-16 19:35:13 - [TEST_STEP][PASSED] - selectOptionByIndex: All options with index in [2] are selected on object 'Object Repository/PharmacyRequest/Page_KDMC-Pharmacy/select_--Select--Schedule 1Inj'

2018-05-16 19:35:13 - [MESSAGE][PASSED] - All options with index in [2] are selected on object 'Object Repository/PharmacyRequest/Page_KDMC-Pharmacy/select_--Select--Schedule 1Inj'

2018-05-16 19:35:13 - [TEST_STEP][PASSED] - selectOptionByIndex: All options with index in [58] are selected on object 'Object Repository/PharmacyRequest/Page_KDMC-Pharmacy/select_--Select--Albendazole'

2018-05-16 19:35:14 - [MESSAGE][PASSED] - All options with index in [58] are selected on object 'Object Repository/PharmacyRequest/Page_KDMC-Pharmacy/select_--Select--Albendazole'

2018-05-16 19:35:14 - [TEST_STEP][PASSED] - delay: Delayed 1 second(s)

2018-05-16 19:35:15 - [MESSAGE][PASSED] - Delayed 1 second(s)

2018-05-16 19:35:15 - [TEST_STEP][PASSED] - setText: Text '10' is set on object 'Object Repository/PharmacyRequest/Page_KDMC-Pharmacy/input_txttreat'

2018-05-16 19:35:15 - [MESSAGE][PASSED] - Text '10' is set on object 'Object Repository/PharmacyRequest/Page_KDMC-Pharmacy/input_txttreat'

2018-05-16 19:35:15 - [TEST_STEP][PASSED] - click: Object: 'Object Repository/PharmacyRequest/Page_KDMC-Pharmacy/button_Add' is clicked on

2018-05-16 19:35:15 - [MESSAGE][PASSED] - Object: 'Object Repository/PharmacyRequest/Page_KDMC-Pharmacy/button_Add' is clicked on

2018-05-16 19:35:15 - [TEST_STEP][PASSED] - selectOptionByIndex: All options with index in [2] are selected on object 'Object Repository/PharmacyRequest/Page_KDMC-Pharmacy/select_--Select--Schedule 1Inj'

2018-05-16 19:35:15 - [MESSAGE][PASSED] - All options with index in [2] are selected on object 'Object Repository/PharmacyRequest/Page_KDMC-Pharmacy/select_--Select--Schedule 1Inj'

2018-05-16 19:35:15 - [TEST_STEP][PASSED] - selectOptionByIndex: All options with index in [59] are selected on object 'Object Repository/PharmacyRequest/Page_KDMC-Pharmacy/select_--Select--Albendazole'

2018-05-16 19:35:15 - [MESSAGE][PASSED] - All options with index in [59] are selected on object 'Object Repository/PharmacyRequest/Page_KDMC-Pharmacy/select_--Select--Albendazole'

2018-05-16 19:35:15 - [TEST_STEP][PASSED] - delay: Delayed 1 second(s)

2018-05-16 19:35:16 - [MESSAGE][PASSED] - Delayed 1 second(s)

2018-05-16 19:35:16 - [TEST_STEP][PASSED] - setText: Text '10' is set on object 'Object Repository/PharmacyRequest/Page_KDMC-Pharmacy/input_txttreat'

2018-05-16 19:35:17 - [MESSAGE][PASSED] - Text '10' is set on object 'Object Repository/PharmacyRequest/Page_KDMC-Pharmacy/input_txttreat'

2018-05-16 19:35:17 - [TEST_STEP][PASSED] - click: Object: 'Object Repository/PharmacyRequest/Page_KDMC-Pharmacy/button_Add' is clicked on

2018-05-16 19:35:17 - [MESSAGE][PASSED] - Object: 'Object Repository/PharmacyRequest/Page_KDMC-Pharmacy/button_Add' is clicked on

2018-05-16 19:35:17 - [TEST_STEP][PASSED] - selectOptionByIndex: All options with index in [2] are selected on object 'Object Repository/PharmacyRequest/Page_KDMC-Pharmacy/select_--Select--Schedule 1Inj'

2018-05-16 19:35:17 - [MESSAGE][PASSED] - All options with index in [2] are selected on object 'Object Repository/PharmacyRequest/Page_KDMC-Pharmacy/select_--Select--Schedule 1Inj'

2018-05-16 19:35:17 - [TEST_STEP][PASSED] - selectOptionByIndex: All options with index in [60] are selected on object 'Object Repository/PharmacyRequest/Page_KDMC-Pharmacy/select_--Select--Albendazole'

2018-05-16 19:35:17 - [MESSAGE][PASSED] - All options with index in [60] are selected on object 'Object Repository/PharmacyRequest/Page_KDMC-Pharmacy/select_--Select--Albendazole'

2018-05-16 19:35:17 - [TEST_STEP][PASSED] - delay: Delayed 1 second(s)

2018-05-16 19:35:18 - [MESSAGE][PASSED] - Delayed 1 second(s)

2018-05-16 19:35:18 - [TEST_STEP][PASSED] - setText: Text '10' is set on object 'Object Repository/PharmacyRequest/Page_KDMC-Pharmacy/input_txttreat'

2018-05-16 19:35:18 - [MESSAGE][PASSED] - Text '10' is set on object 'Object Repository/PharmacyRequest/Page_KDMC-Pharmacy/input_txttreat'

2018-05-16 19:35:18 - [TEST_STEP][PASSED] - click: Object: 'Object Repository/PharmacyRequest/Page_KDMC-Pharmacy/button_Add' is clicked on

2018-05-16 19:35:18 - [MESSAGE][PASSED] - Object: 'Object Repository/PharmacyRequest/Page_KDMC-Pharmacy/button_Add' is clicked on

2018-05-16 19:35:18 - [TEST_STEP][PASSED] - selectOptionByIndex: All options with index in [2] are selected on object 'Object Repository/PharmacyRequest/Page_KDMC-Pharmacy/select_--Select--Schedule 1Inj'

2018-05-16 19:35:19 - [MESSAGE][PASSED] - All options with index in [2] are selected on object 'Object Repository/PharmacyRequest/Page_KDMC-Pharmacy/select_--Select--Schedule 1Inj'

2018-05-16 19:35:19 - [TEST_STEP][PASSED] - selectOptionByIndex: All options with index in [61] are selected on object 'Object Repository/PharmacyRequest/Page_KDMC-Pharmacy/select_--Select--Albendazole'

2018-05-16 19:35:19 - [MESSAGE][PASSED] - All options with index in [61] are selected on object 'Object Repository/PharmacyRequest/Page_KDMC-Pharmacy/select_--Select--Albendazole'

2018-05-16 19:35:19 - [TEST_STEP][PASSED] - delay: Delayed 1 second(s)

2018-05-16 19:35:20 - [MESSAGE][PASSED] - Delayed 1 second(s)

2018-05-16 19:35:20 - [TEST_STEP][PASSED] - setText: Text '10' is set on object 'Object Repository/PharmacyRequest/Page_KDMC-Pharmacy/input_txttreat'

2018-05-16 19:35:20 - [MESSAGE][PASSED] - Text '10' is set on object 'Object Repository/PharmacyRequest/Page_KDMC-Pharmacy/input_txttreat'

2018-05-16 19:35:20 - [TEST_STEP][PASSED] - click: Object: 'Object Repository/PharmacyRequest/Page_KDMC-Pharmacy/button_Add' is clicked on

2018-05-16 19:35:20 - [MESSAGE][PASSED] - Object: 'Object Repository/PharmacyRequest/Page_KDMC-Pharmacy/button_Add' is clicked on

2018-05-16 19:35:20 - [TEST_STEP][PASSED] - selectOptionByIndex: All options with index in [2] are selected on object 'Object Repository/PharmacyRequest/Page_KDMC-Pharmacy/select_--Select--Schedule 1Inj'

2018-05-16 19:35:20 - [MESSAGE][PASSED] - All options with index in [2] are selected on object 'Object Repository/PharmacyRequest/Page_KDMC-Pharmacy/select_--Select--Schedule 1Inj'

2018-05-16 19:35:20 - [TEST_STEP][PASSED] - selectOptionByIndex: All options with index in [62] are selected on object 'Object Repository/PharmacyRequest/Page_KDMC-Pharmacy/select_--Select--Albendazole'

2018-05-16 19:35:21 - [MESSAGE][PASSED] - All options with index in [62] are selected on object 'Object Repository/PharmacyRequest/Page_KDMC-Pharmacy/select_--Select--Albendazole'

2018-05-16 19:35:21 - [TEST_STEP][PASSED] - delay: Delayed 1 second(s)

2018-05-16 19:35:22 - [MESSAGE][PASSED] - Delayed 1 second(s)

2018-05-16 19:35:22 - [TEST_STEP][PASSED] - setText: Text '10' is set on object 'Object Repository/PharmacyRequest/Page_KDMC-Pharmacy/input_txttreat'

2018-05-16 19:35:22 - [MESSAGE][PASSED] - Text '10' is set on object 'Object Repository/PharmacyRequest/Page_KDMC-Pharmacy/input_txttreat'

2018-05-16 19:35:22 - [TEST_STEP][PASSED] - click: Object: 'Object Repository/PharmacyRequest/Page_KDMC-Pharmacy/button_Add' is clicked on

2018-05-16 19:35:22 - [MESSAGE][PASSED] - Object: 'Object Repository/PharmacyRequest/Page_KDMC-Pharmacy/button_Add' is clicked on

2018-05-16 19:35:22 - [TEST_STEP][PASSED] - selectOptionByIndex: All options with index in [2] are selected on object 'Object Repository/PharmacyRequest/Page_KDMC-Pharmacy/select_--Select--Schedule 1Inj'

2018-05-16 19:35:22 - [MESSAGE][PASSED] - All options with index in [2] are selected on object 'Object Repository/PharmacyRequest/Page_KDMC-Pharmacy/select_--Select--Schedule 1Inj'

2018-05-16 19:35:22 - [TEST_STEP][PASSED] - selectOptionByIndex: All options with index in [63] are selected on object 'Object Repository/PharmacyRequest/Page_KDMC-Pharmacy/select_--Select--Albendazole'

2018-05-16 19:35:23 - [MESSAGE][PASSED] - All options with index in [63] are selected on object 'Object Repository/PharmacyRequest/Page_KDMC-Pharmacy/select_--Select--Albendazole'

2018-05-16 19:35:23 - [TEST_STEP][PASSED] - delay: Delayed 1 second(s)

2018-05-16 19:35:24 - [MESSAGE][PASSED] - Delayed 1 second(s)

2018-05-16 19:35:24 - [TEST_STEP][PASSED] - setText: Text '10' is set on object 'Object Repository/PharmacyRequest/Page_KDMC-Pharmacy/input_txttreat'

2018-05-16 19:35:24 - [MESSAGE][PASSED] - Text '10' is set on object 'Object Repository/PharmacyRequest/Page_KDMC-Pharmacy/input_txttreat'

2018-05-16 19:35:24 - [TEST_STEP][PASSED] - click: Object: 'Object Repository/PharmacyRequest/Page_KDMC-Pharmacy/button_Add' is clicked on

2018-05-16 19:35:24 - [MESSAGE][PASSED] - Object: 'Object Repository/PharmacyRequest/Page_KDMC-Pharmacy/button_Add' is clicked on

2018-05-16 19:35:24 - [TEST_STEP][PASSED] - selectOptionByIndex: All options with index in [2] are selected on object 'Object Repository/PharmacyRequest/Page_KDMC-Pharmacy/select_--Select--Schedule 1Inj'

2018-05-16 19:35:24 - [MESSAGE][PASSED] - All options with index in [2] are selected on object 'Object Repository/PharmacyRequest/Page_KDMC-Pharmacy/select_--Select--Schedule 1Inj'

2018-05-16 19:35:24 - [TEST_STEP][PASSED] - selectOptionByIndex: All options with index in [64] are selected on object 'Object Repository/PharmacyRequest/Page_KDMC-Pharmacy/select_--Select--Albendazole'

2018-05-16 19:35:25 - [MESSAGE][PASSED] - All options with index in [64] are selected on object 'Object Repository/PharmacyRequest/Page_KDMC-Pharmacy/select_--Select--Albendazole'

2018-05-16 19:35:25 - [TEST_STEP][PASSED] - delay: Delayed 1 second(s)

2018-05-16 19:35:26 - [MESSAGE][PASSED] - Delayed 1 second(s)

2018-05-16 19:35:26 - [TEST_STEP][PASSED] - setText: Text '10' is set on object 'Object Repository/PharmacyRequest/Page_KDMC-Pharmacy/input_txttreat'

2018-05-16 19:35:26 - [MESSAGE][PASSED] - Text '10' is set on object 'Object Repository/PharmacyRequest/Page_KDMC-Pharmacy/input_txttreat'

2018-05-16 19:35:26 - [TEST_STEP][PASSED] - click: Object: 'Object Repository/PharmacyRequest/Page_KDMC-Pharmacy/button_Add' is clicked on

2018-05-16 19:35:26 - [MESSAGE][PASSED] - Object: 'Object Repository/PharmacyRequest/Page_KDMC-Pharmacy/button_Add' is clicked on

2018-05-16 19:35:26 - [TEST_STEP][PASSED] - selectOptionByIndex: All options with index in [2] are selected on object 'Object Repository/PharmacyRequest/Page_KDMC-Pharmacy/select_--Select--Schedule 1Inj'

2018-05-16 19:35:26 - [MESSAGE][PASSED] - All options with index in [2] are selected on object 'Object Repository/PharmacyRequest/Page_KDMC-Pharmacy/select_--Select--Schedule 1Inj'

2018-05-16 19:35:26 - [TEST_STEP][PASSED] - selectOptionByIndex: All options with index in [65] are selected on object 'Object Repository/PharmacyRequest/Page_KDMC-Pharmacy/select_--Select--Albendazole'

2018-05-16 19:35:27 - [MESSAGE][PASSED] - All options with index in [65] are selected on object 'Object Repository/PharmacyRequest/Page_KDMC-Pharmacy/select_--Select--Albendazole'

2018-05-16 19:35:27 - [TEST_STEP][PASSED] - delay: Delayed 1 second(s)

2018-05-16 19:35:28 - [MESSAGE][PASSED] - Delayed 1 second(s)

2018-05-16 19:35:28 - [TEST_STEP][PASSED] - setText: Text '10' is set on object 'Object Repository/PharmacyRequest/Page_KDMC-Pharmacy/input_txttreat'

2018-05-16 19:35:28 - [MESSAGE][PASSED] - Text '10' is set on object 'Object Repository/PharmacyRequest/Page_KDMC-Pharmacy/input_txttreat'

2018-05-16 19:35:28 - [TEST_STEP][PASSED] - click: Object: 'Object Repository/PharmacyRequest/Page_KDMC-Pharmacy/button_Add' is clicked on

2018-05-16 19:35:28 - [MESSAGE][PASSED] - Object: 'Object Repository/PharmacyRequest/Page_KDMC-Pharmacy/button_Add' is clicked on

2018-05-16 19:35:28 - [TEST_STEP][PASSED] - selectOptionByIndex: All options with index in [2] are selected on object 'Object Repository/PharmacyRequest/Page_KDMC-Pharmacy/select_--Select--Schedule 1Inj'

2018-05-16 19:35:28 - [MESSAGE][PASSED] - All options with index in [2] are selected on object 'Object Repository/PharmacyRequest/Page_KDMC-Pharmacy/select_--Select--Schedule 1Inj'

2018-05-16 19:35:28 - [TEST_STEP][PASSED] - selectOptionByIndex: All options with index in [66] are selected on object 'Object Repository/PharmacyRequest/Page_KDMC-Pharmacy/select_--Select--Albendazole'

2018-05-16 19:35:28 - [MESSAGE][PASSED] - All options with index in [66] are selected on object 'Object Repository/PharmacyRequest/Page_KDMC-Pharmacy/select_--Select--Albendazole'

2018-05-16 19:35:28 - [TEST_STEP][PASSED] - delay: Delayed 1 second(s)

2018-05-16 19:35:29 - [MESSAGE][PASSED] - Delayed 1 second(s)

2018-05-16 19:35:29 - [TEST_STEP][PASSED] - setText: Text '10' is set on object 'Object Repository/PharmacyRequest/Page_KDMC-Pharmacy/input_txttreat'

2018-05-16 19:35:30 - [MESSAGE][PASSED] - Text '10' is set on object 'Object Repository/PharmacyRequest/Page_KDMC-Pharmacy/input_txttreat'

2018-05-16 19:35:30 - [TEST_STEP][PASSED] - click: Object: 'Object Repository/PharmacyRequest/Page_KDMC-Pharmacy/button_Add' is clicked on

2018-05-16 19:35:30 - [MESSAGE][PASSED] - Object: 'Object Repository/PharmacyRequest/Page_KDMC-Pharmacy/button_Add' is clicked on

2018-05-16 19:35:30 - [TEST_STEP][PASSED] - selectOptionByIndex: All options with index in [2] are selected on object 'Object Repository/PharmacyRequest/Page_KDMC-Pharmacy/select_--Select--Schedule 1Inj'

2018-05-16 19:35:30 - [MESSAGE][PASSED] - All options with index in [2] are selected on object 'Object Repository/PharmacyRequest/Page_KDMC-Pharmacy/select_--Select--Schedule 1Inj'

2018-05-16 19:35:30 - [TEST_STEP][PASSED] - selectOptionByIndex: All options with index in [67] are selected on object 'Object Repository/PharmacyRequest/Page_KDMC-Pharmacy/select_--Select--Albendazole'

2018-05-16 19:35:30 - [MESSAGE][PASSED] - All options with index in [67] are selected on object 'Object Repository/PharmacyRequest/Page_KDMC-Pharmacy/select_--Select--Albendazole'

2018-05-16 19:35:30 - [TEST_STEP][PASSED] - delay: Delayed 1 second(s)

2018-05-16 19:35:31 - [MESSAGE][PASSED] - Delayed 1 second(s)

2018-05-16 19:35:31 - [TEST_STEP][PASSED] - setText: Text '10' is set on object 'Object Repository/PharmacyRequest/Page_KDMC-Pharmacy/input_txttreat'

2018-05-16 19:35:31 - [MESSAGE][PASSED] - Text '10' is set on object 'Object Repository/PharmacyRequest/Page_KDMC-Pharmacy/input_txttreat'

2018-05-16 19:35:31 - [TEST_STEP][PASSED] - click: Object: 'Object Repository/PharmacyRequest/Page_KDMC-Pharmacy/button_Add' is clicked on

2018-05-16 19:35:32 - [MESSAGE][PASSED] - Object: 'Object Repository/PharmacyRequest/Page_KDMC-Pharmacy/button_Add' is clicked on

2018-05-16 19:35:32 - [TEST_STEP][PASSED] - selectOptionByIndex: All options with index in [2] are selected on object 'Object Repository/PharmacyRequest/Page_KDMC-Pharmacy/select_--Select--Schedule 1Inj'

2018-05-16 19:35:32 - [MESSAGE][PASSED] - All options with index in [2] are selected on object 'Object Repository/PharmacyRequest/Page_KDMC-Pharmacy/select_--Select--Schedule 1Inj'

2018-05-16 19:35:32 - [TEST_STEP][PASSED] - selectOptionByIndex: All options with index in [68] are selected on object 'Object Repository/PharmacyRequest/Page_KDMC-Pharmacy/select_--Select--Albendazole'

2018-05-16 19:35:32 - [MESSAGE][PASSED] - All options with index in [68] are selected on object 'Object Repository/PharmacyRequest/Page_KDMC-Pharmacy/select_--Select--Albendazole'

2018-05-16 19:35:32 - [TEST_STEP][PASSED] - delay: Delayed 1 second(s)

2018-05-16 19:35:33 - [MESSAGE][PASSED] - Delayed 1 second(s)

2018-05-16 19:35:33 - [TEST_STEP][PASSED] - setText: Text '10' is set on object 'Object Repository/PharmacyRequest/Page_KDMC-Pharmacy/input_txttreat'

2018-05-16 19:35:33 - [MESSAGE][PASSED] - Text '10' is set on object 'Object Repository/PharmacyRequest/Page_KDMC-Pharmacy/input_txttreat'

2018-05-16 19:35:33 - [TEST_STEP][PASSED] - click: Object: 'Object Repository/PharmacyRequest/Page_KDMC-Pharmacy/button_Add' is clicked on

2018-05-16 19:35:33 - [MESSAGE][PASSED] - Object: 'Object Repository/PharmacyRequest/Page_KDMC-Pharmacy/button_Add' is clicked on

2018-05-16 19:35:33 - [TEST_STEP][PASSED] - selectOptionByIndex: All options with index in [2] are selected on object 'Object Repository/PharmacyRequest/Page_KDMC-Pharmacy/select_--Select--Schedule 1Inj'

2018-05-16 19:35:33 - [MESSAGE][PASSED] - All options with index in [2] are selected on object 'Object Repository/PharmacyRequest/Page_KDMC-Pharmacy/select_--Select--Schedule 1Inj'

2018-05-16 19:35:33 - [TEST_STEP][PASSED] - selectOptionByIndex: All options with index in [69] are selected on object 'Object Repository/PharmacyRequest/Page_KDMC-Pharmacy/select_--Select--Albendazole'

2018-05-16 19:35:34 - [MESSAGE][PASSED] - All options with index in [69] are selected on object 'Object Repository/PharmacyRequest/Page_KDMC-Pharmacy/select_--Select--Albendazole'

2018-05-16 19:35:34 - [TEST_STEP][PASSED] - delay: Delayed 1 second(s)

2018-05-16 19:35:35 - [MESSAGE][PASSED] - Delayed 1 second(s)

2018-05-16 19:35:35 - [TEST_STEP][PASSED] - setText: Text '10' is set on object 'Object Repository/PharmacyRequest/Page_KDMC-Pharmacy/input_txttreat'

2018-05-16 19:35:35 - [MESSAGE][PASSED] - Text '10' is set on object 'Object Repository/PharmacyRequest/Page_KDMC-Pharmacy/input_txttreat'

2018-05-16 19:35:35 - [TEST_STEP][PASSED] - click: Object: 'Object Repository/PharmacyRequest/Page_KDMC-Pharmacy/button_Add' is clicked on

2018-05-16 19:35:35 - [MESSAGE][PASSED] - Object: 'Object Repository/PharmacyRequest/Page_KDMC-Pharmacy/button_Add' is clicked on

2018-05-16 19:35:35 - [TEST_STEP][PASSED] - selectOptionByIndex: All options with index in [2] are selected on object 'Object Repository/PharmacyRequest/Page_KDMC-Pharmacy/select_--Select--Schedule 1Inj'

2018-05-16 19:35:35 - [MESSAGE][PASSED] - All options with index in [2] are selected on object 'Object Repository/PharmacyRequest/Page_KDMC-Pharmacy/select_--Select--Schedule 1Inj'

2018-05-16 19:35:35 - [TEST_STEP][PASSED] - selectOptionByIndex: All options with index in [70] are selected on object 'Object Repository/PharmacyRequest/Page_KDMC-Pharmacy/select_--Select--Albendazole'

2018-05-16 19:35:36 - [MESSAGE][PASSED] - All options with index in [70] are selected on object 'Object Repository/PharmacyRequest/Page_KDMC-Pharmacy/select_--Select--Albendazole'

2018-05-16 19:35:36 - [TEST_STEP][PASSED] - delay: Delayed 1 second(s)

2018-05-16 19:35:37 - [MESSAGE][PASSED] - Delayed 1 second(s)

2018-05-16 19:35:37 - [TEST_STEP][PASSED] - setText: Text '10' is set on object 'Object Repository/PharmacyRequest/Page_KDMC-Pharmacy/input_txttreat'

2018-05-16 19:35:37 - [MESSAGE][PASSED] - Text '10' is set on object 'Object Repository/PharmacyRequest/Page_KDMC-Pharmacy/input_txttreat'

2018-05-16 19:35:37 - [TEST_STEP][PASSED] - click: Object: 'Object Repository/PharmacyRequest/Page_KDMC-Pharmacy/button_Add' is clicked on

2018-05-16 19:35:37 - [MESSAGE][PASSED] - Object: 'Object Repository/PharmacyRequest/Page_KDMC-Pharmacy/button_Add' is clicked on

2018-05-16 19:35:37 - [TEST_STEP][PASSED] - selectOptionByIndex: All options with index in [2] are selected on object 'Object Repository/PharmacyRequest/Page_KDMC-Pharmacy/select_--Select--Schedule 1Inj'

2018-05-16 19:35:37 - [MESSAGE][PASSED] - All options with index in [2] are selected on object 'Object Repository/PharmacyRequest/Page_KDMC-Pharmacy/select_--Select--Schedule 1Inj'

2018-05-16 19:35:37 - [TEST_STEP][PASSED] - selectOptionByIndex: All options with index in [71] are selected on object 'Object Repository/PharmacyRequest/Page_KDMC-Pharmacy/select_--Select--Albendazole'

2018-05-16 19:35:38 - [MESSAGE][PASSED] - All options with index in [71] are selected on object 'Object Repository/PharmacyRequest/Page_KDMC-Pharmacy/select_--Select--Albendazole'

2018-05-16 19:35:38 - [TEST_STEP][PASSED] - delay: Delayed 1 second(s)

2018-05-16 19:35:39 - [MESSAGE][PASSED] - Delayed 1 second(s)

2018-05-16 19:35:39 - [TEST_STEP][PASSED] - setText: Text '10' is set on object 'Object Repository/PharmacyRequest/Page_KDMC-Pharmacy/input_txttreat'

2018-05-16 19:35:39 - [MESSAGE][PASSED] - Text '10' is set on object 'Object Repository/PharmacyRequest/Page_KDMC-Pharmacy/input_txttreat'

2018-05-16 19:35:39 - [TEST_STEP][PASSED] - click: Object: 'Object Repository/PharmacyRequest/Page_KDMC-Pharmacy/button_Add' is clicked on

2018-05-16 19:35:39 - [MESSAGE][PASSED] - Object: 'Object Repository/PharmacyRequest/Page_KDMC-Pharmacy/button_Add' is clicked on

2018-05-16 19:35:39 - [TEST_STEP][PASSED] - selectOptionByIndex: All options with index in [2] are selected on object 'Object Repository/PharmacyRequest/Page_KDMC-Pharmacy/select_--Select--Schedule 1Inj'

2018-05-16 19:35:39 - [MESSAGE][PASSED] - All options with index in [2] are selected on object 'Object Repository/PharmacyRequest/Page_KDMC-Pharmacy/select_--Select--Schedule 1Inj'

2018-05-16 19:35:39 - [TEST_STEP][PASSED] - selectOptionByIndex: All options with index in [72] are selected on object 'Object Repository/PharmacyRequest/Page_KDMC-Pharmacy/select_--Select--Albendazole'

2018-05-16 19:35:40 - [MESSAGE][PASSED] - All options with index in [72] are selected on object 'Object Repository/PharmacyRequest/Page_KDMC-Pharmacy/select_--Select--Albendazole'

2018-05-16 19:35:40 - [TEST_STEP][PASSED] - delay: Delayed 1 second(s)

2018-05-16 19:35:41 - [MESSAGE][PASSED] - Delayed 1 second(s)

2018-05-16 19:35:41 - [TEST_STEP][PASSED] - setText: Text '10' is set on object 'Object Repository/PharmacyRequest/Page_KDMC-Pharmacy/input_txttreat'

2018-05-16 19:35:41 - [MESSAGE][PASSED] - Text '10' is set on object 'Object Repository/PharmacyRequest/Page_KDMC-Pharmacy/input_txttreat'

2018-05-16 19:35:41 - [TEST_STEP][PASSED] - click: Object: 'Object Repository/PharmacyRequest/Page_KDMC-Pharmacy/button_Add' is clicked on

2018-05-16 19:35:41 - [MESSAGE][PASSED] - Object: 'Object Repository/PharmacyRequest/Page_KDMC-Pharmacy/button_Add' is clicked on

2018-05-16 19:35:41 - [TEST_STEP][PASSED] - Statement - RN1 = com.kms.katalon.core.webui.keyword.WebUiBuiltInKeywords.getAttribute(com.kms.katalon.core.testobject.ObjectRepository.findTestObject(PharmacyRequest/Page_KDMC-Pharmacy/input_txtno), "value"): Attribute 'value' of object 'Object Repository/PharmacyRequest/Page_KDMC-Pharmacy/input_txtno' is: 'PRNO/16052018/132'

2018-05-16 19:35:41 - [MESSAGE][PASSED] - Attribute 'value' of object 'Object Repository/PharmacyRequest/Page_KDMC-Pharmacy/input_txtno' is: 'PRNO/16052018/132'

2018-05-16 19:35:41 - [TEST_STEP][PASSED] - Statement - out.println(RN1): null

2018-05-16 19:35:41 - [TEST_STEP][PASSED] - Statement - RID = RN1.split("/")[2]: null

2018-05-16 19:35:41 - [TEST_STEP][PASSED] - scrollToElement: Scroll to object 'Object Repository/PharmacyRequest/Page_KDMC-Pharmacy/input_btnsave' successfully

2018-05-16 19:35:41 - [MESSAGE][PASSED] - Scroll to object 'Object Repository/PharmacyRequest/Page_KDMC-Pharmacy/input_btnsave' successfully

2018-05-16 19:35:41 - [TEST_STEP][PASSED] - click: Object: 'Object Repository/PharmacyRequest/Page_KDMC-Pharmacy/input_btnsave' is clicked on

2018-05-16 19:35:41 - [MESSAGE][PASSED] - Object: 'Object Repository/PharmacyRequest/Page_KDMC-Pharmacy/input_btnsave' is clicked on

2018-05-16 19:35:41 - [TEST_STEP][PASSED] - delay: Delayed 3 second(s)

2018-05-16 19:35:44 - [MESSAGE][PASSED] - Delayed 3 second(s)

2018-05-16 19:35:44 - [TEST_STEP][PASSED] - click: Object: 'Object Repository/PharmacyRequest/Page_KDMC-Pharmacy/button_OK' is clicked on

2018-05-16 19:35:45 - [MESSAGE][PASSED] - Object: 'Object Repository/PharmacyRequest/Page_KDMC-Pharmacy/button_OK' is clicked on

2018-05-16 19:35:45 - [TEST_STEP][PASSED] - delay: Delayed 3 second(s)

2018-05-16 19:35:48 - [MESSAGE][PASSED] - Delayed 3 second(s)

2018-05-16 19:35:48 - [TEST_STEP][PASSED] - click: Object: 'Object Repository/PharmacyRequest/Page_KDMC-Pharmacy/a_Back to Pharmacy' is clicked on

2018-05-16 19:35:49 - [MESSAGE][PASSED] - Object: 'Object Repository/PharmacyRequest/Page_KDMC-Pharmacy/a_Back to Pharmacy' is clicked on

2018-05-16 19:35:49 - [TEST_STEP][PASSED] - delay: Delayed 3 second(s)

2018-05-16 19:35:52 - [MESSAGE][PASSED] - Delayed 3 second(s)

2018-05-16 19:35:52 - [TEST_STEP][PASSED] - click: Object: 'Object Repository/PharmacyRequest/Page_KDMC - Pharmacy/a_dropdown-toggle' is clicked on

2018-05-16 19:35:52 - [MESSAGE][PASSED] - Object: 'Object Repository/PharmacyRequest/Page_KDMC - Pharmacy/a_dropdown-toggle' is clicked on

2018-05-16 19:35:52 - [TEST_STEP][PASSED] - click: Object: 'Object Repository/PharmacyRequest/Page_KDMC - Pharmacy/a_Sign out' is clicked on

2018-05-16 19:35:52 - [MESSAGE][PASSED] - Object: 'Object Repository/PharmacyRequest/Page_KDMC - Pharmacy/a_Sign out' is clicked on

2018-05-16 19:35:52 - [TEST_STEP][PASSED] - delay: Delayed 3 second(s)

2018-05-16 19:35:55 - [MESSAGE][PASSED] - Delayed 3 second(s)

2018-05-16 19:35:55 - [TEST_STEP][PASSED] - click: Object: 'Object Repository/PharmacyRequest/Page_KDMC/a_CMO' is clicked on

2018-05-16 19:35:56 - [MESSAGE][PASSED] - Object: 'Object Repository/PharmacyRequest/Page_KDMC/a_CMO' is clicked on

2018-05-16 19:35:56 - [TEST_STEP][PASSED] - setText: Text 'guru' is set on object 'Object Repository/PharmacyRequest/Page_CMO login/input_txtusername'

2018-05-16 19:35:56 - [MESSAGE][PASSED] - Text 'guru' is set on object 'Object Repository/PharmacyRequest/Page_CMO login/input_txtusername'

2018-05-16 19:35:56 - [TEST_STEP][PASSED] - setText: Text '123' is set on object 'Object Repository/PharmacyRequest/Page_CMO login/input_txtpassword'

2018-05-16 19:35:56 - [MESSAGE][PASSED] - Text '123' is set on object 'Object Repository/PharmacyRequest/Page_CMO login/input_txtpassword'

2018-05-16 19:35:56 - [TEST_STEP][PASSED] - delay: Delayed 3 second(s)

2018-05-16 19:35:59 - [MESSAGE][PASSED] - Delayed 3 second(s)

2018-05-16 19:35:59 - [TEST_STEP][PASSED] - click: Object: 'Object Repository/PharmacyRequest/Page_CMO login/button_Sign in' is clicked on

2018-05-16 19:36:00 - [MESSAGE][PASSED] - Object: 'Object Repository/PharmacyRequest/Page_CMO login/button_Sign in' is clicked on

2018-05-16 19:36:00 - [TEST_STEP][PASSED] - click: Object: 'Object Repository/PharmacyRequest/Page_KDMC - CMO/a_Department Wise Request' is clicked on

2018-05-16 19:36:01 - [MESSAGE][PASSED] - Object: 'Object Repository/PharmacyRequest/Page_KDMC - CMO/a_Department Wise Request' is clicked on

2018-05-16 19:36:01 - [TEST_STEP][PASSED] - selectOptionByIndex: All options with index in [2] are selected on object 'Object Repository/PharmacyRequest/Page_KDMC - CMO/select_--ALL--'

2018-05-16 19:36:02 - [MESSAGE][PASSED] - All options with index in [2] are selected on object 'Object Repository/PharmacyRequest/Page_KDMC - CMO/select_--ALL--'

2018-05-16 19:36:02 - [TEST_STEP][PASSED] - selectOptionByIndex: All options with index in [1] are selected on object 'Object Repository/PharmacyRequest/Page_KDMC - CMO/select_--ALL--                _1'

2018-05-16 19:36:02 - [MESSAGE][PASSED] - All options with index in [1] are selected on object 'Object Repository/PharmacyRequest/Page_KDMC - CMO/select_--ALL--                _1'

2018-05-16 19:36:02 - [TEST_STEP][PASSED] - click: Object: 'Object Repository/PharmacyRequest/Page_KDMC - CMO/input_btnsearch' is clicked on

2018-05-16 19:36:02 - [MESSAGE][PASSED] - Object: 'Object Repository/PharmacyRequest/Page_KDMC - CMO/input_btnsearch' is clicked on

2018-05-16 19:36:02 - [TEST_STEP][PASSED] - Statement - ID = com.kms.katalon.core.webui.keyword.WebUiBuiltInKeywords.modifyObjectProperty(com.kms.katalon.core.testobject.ObjectRepository.findTestObject(PharmacyRequest/Page_KDMC - CMO/input_2), "xpath", "equals", "//*[@id=" + RID + "]", true): Modify property of object successfully

2018-05-16 19:36:02 - [MESSAGE][PASSED] - Modify property of object successfully

2018-05-16 19:36:02 - [TEST_STEP][FAILED] - click: Unable to click on object 'Object Repository/PharmacyRequest/Page_KDMC - CMO/input_2' (Root cause: com.kms.katalon.core.webui.exception.WebElementNotFoundException: Web element with id: 'Object Repository/PharmacyRequest/Page_KDMC - CMO/input_2' located by 'By.xpath: //*[@id=132][count(. | //input[@type = 'button']) = count(//input[@type = 'button'])]' not found)

2018-05-16 19:36:33 - [MESSAGE][FAILED] - Unable to click on object 'Object Repository/PharmacyRequest/Page_KDMC - CMO/input_2' (Root cause: com.kms.katalon.core.webui.exception.WebElementNotFoundException: Web element with id: 'Object Repository/PharmacyRequest/Page_KDMC - CMO/input_2' located by 'By.xpath: //*[@id=132][count(. | //input[@type = 'button']) = count(//input[@type = 'button'])]' not found)
[[ATTACHMENT|C:\\Users\\Quality Analyst\\Katalon Studio\\ds\\Reports\\Pharmacy_Suite\\20180516_193312\\1526479593448.png]]]]></system-out>
         <system-err><![CDATA[2018-05-16 19:33:19 - [TEST_CASE][FAILED] - Test Cases/PHARMACY TEST CASES/TC_PHAR_002 Verify Schedule 2 Pharmacy Request Are Working Successfully Or Not: Test Cases/PHARMACY TEST CASES/TC_PHAR_002 Verify Schedule 2 Pharmacy Request Are Working Successfully Or Not FAILED because (of) Unable to click on object 'Object Repository/PharmacyRequest/Page_KDMC - CMO/input_2' (Root cause: com.kms.katalon.core.webui.exception.WebElementNotFoundException: Web element with id: 'Object Repository/PharmacyRequest/Page_KDMC - CMO/input_2' located by 'By.xpath: //*[@id=132][count(. | //input[@type = 'button']) = count(//input[@type = 'button'])]' not found)]]></system-err>
      </testcase>
      <testcase name="Test Cases/PHARMACY TEST CASES/TC_PHAR_003 Verify Schedule 3 Pharmacy Request Are Working Successfully Or Not" classname="Test Cases/PHARMACY TEST CASES/TC_PHAR_003 Verify Schedule 3 Pharmacy Request Are Working Successfully Or Not" status="PASSED">
         <system-out><![CDATA[2018-05-16 19:36:33 - [TEST_CASE][PASSED] - Test Cases/PHARMACY TEST CASES/TC_PHAR_003 Verify Schedule 3 Pharmacy Request Are Working Successfully Or Not: Test Cases/PHARMACY TEST CASES/TC_PHAR_003 Verify Schedule 3 Pharmacy Request Are Working Successfully Or Not

2018-05-16 19:36:34 - [TEST_STEP][PASSED] - openBrowser: Browser is opened with url: ''

2018-05-16 19:36:34 - [MESSAGE][WARNING] - A browser is already opened. Closing browser and opening a new one

2018-05-16 19:36:36 - [MESSAGE][PASSED] - Browser is opened with url: ''

2018-05-16 19:36:36 - [TEST_STEP][PASSED] - Statement - out.println("Verify Schedule 3 Pharmacy Request Are Working Successfully Or Not"): null

2018-05-16 19:36:36 - [TEST_STEP][PASSED] - navigateToUrl: Navigate to 'http://192.168.137.1/multihospital_new/' successfully

2018-05-16 19:36:38 - [MESSAGE][PASSED] - Navigate to 'http://192.168.137.1/multihospital_new/' successfully

2018-05-16 19:36:38 - [TEST_STEP][PASSED] - maximizeWindow: Current window maximized

2018-05-16 19:36:39 - [MESSAGE][PASSED] - Current window maximized

2018-05-16 19:36:39 - [TEST_STEP][PASSED] - click: Object: 'Object Repository/PharmacyRequest/Page_KDMC/a_Pharmacy' is clicked on

2018-05-16 19:36:40 - [MESSAGE][PASSED] - Object: 'Object Repository/PharmacyRequest/Page_KDMC/a_Pharmacy' is clicked on

2018-05-16 19:36:40 - [TEST_STEP][PASSED] - setText: Text 'raja' is set on object 'Object Repository/PharmacyRequest/Page_Pharmacy login/input_txtusername'

2018-05-16 19:36:40 - [MESSAGE][PASSED] - Text 'raja' is set on object 'Object Repository/PharmacyRequest/Page_Pharmacy login/input_txtusername'

2018-05-16 19:36:40 - [TEST_STEP][PASSED] - setText: Text '123' is set on object 'Object Repository/PharmacyRequest/Page_Pharmacy login/input_txtpassword'

2018-05-16 19:36:40 - [MESSAGE][PASSED] - Text '123' is set on object 'Object Repository/PharmacyRequest/Page_Pharmacy login/input_txtpassword'

2018-05-16 19:36:40 - [TEST_STEP][PASSED] - delay: Delayed 3 second(s)

2018-05-16 19:36:43 - [MESSAGE][PASSED] - Delayed 3 second(s)

2018-05-16 19:36:43 - [TEST_STEP][PASSED] - click: Object: 'Object Repository/PharmacyRequest/Page_Pharmacy login/button_Sign in' is clicked on

2018-05-16 19:36:44 - [MESSAGE][PASSED] - Object: 'Object Repository/PharmacyRequest/Page_Pharmacy login/button_Sign in' is clicked on

2018-05-16 19:36:44 - [TEST_STEP][PASSED] - delay: Delayed 3 second(s)

2018-05-16 19:36:47 - [MESSAGE][PASSED] - Delayed 3 second(s)

2018-05-16 19:36:47 - [TEST_STEP][PASSED] - click: Object: 'Object Repository/PharmacyRequest/Page_KDMC - Pharmacy/a_Inventory' is clicked on

2018-05-16 19:36:49 - [MESSAGE][PASSED] - Object: 'Object Repository/PharmacyRequest/Page_KDMC - Pharmacy/a_Inventory' is clicked on

2018-05-16 19:36:49 - [TEST_STEP][PASSED] - delay: Delayed 3 second(s)

2018-05-16 19:36:52 - [MESSAGE][PASSED] - Delayed 3 second(s)

2018-05-16 19:36:52 - [TEST_STEP][PASSED] - click: Object: 'Object Repository/PharmacyRequest/Page_KDMC-Pharmacy/a_Store Request' is clicked on

2018-05-16 19:36:52 - [MESSAGE][PASSED] - Object: 'Object Repository/PharmacyRequest/Page_KDMC-Pharmacy/a_Store Request' is clicked on

2018-05-16 19:36:52 - [TEST_STEP][PASSED] - click: Object: 'Object Repository/PharmacyRequest/Page_KDMC-Pharmacy/a_Medicine Request' is clicked on

2018-05-16 19:36:53 - [MESSAGE][PASSED] - Object: 'Object Repository/PharmacyRequest/Page_KDMC-Pharmacy/a_Medicine Request' is clicked on

2018-05-16 19:36:53 - [TEST_STEP][PASSED] - selectOptionByIndex: All options with index in [3] are selected on object 'Object Repository/PharmacyRequest/Page_KDMC-Pharmacy/select_--Select--Schedule 1Inj'

2018-05-16 19:36:53 - [MESSAGE][PASSED] - All options with index in [3] are selected on object 'Object Repository/PharmacyRequest/Page_KDMC-Pharmacy/select_--Select--Schedule 1Inj'

2018-05-16 19:36:53 - [TEST_STEP][PASSED] - Statement - MedicineLength = com.kms.katalon.core.webui.keyword.WebUiBuiltInKeywords.getNumberOfTotalOption(com.kms.katalon.core.testobject.ObjectRepository.findTestObject(PharmacyRequest/Page_KDMC-Pharmacy/select_--Select--Albendazole)): 37 options of object 'Object Repository/PharmacyRequest/Page_KDMC-Pharmacy/select_--Select--Albendazole' counted

2018-05-16 19:36:53 - [MESSAGE][PASSED] - 37 options of object 'Object Repository/PharmacyRequest/Page_KDMC-Pharmacy/select_--Select--Albendazole' counted

2018-05-16 19:36:53 - [TEST_STEP][PASSED] - Statement - For ([l = 1, l <= MedicineLength - 1, (l++)]): Object: 'Object Repository/PharmacyRequest/Page_KDMC-Pharmacy/button_Add' is clicked on

2018-05-16 19:36:53 - [TEST_STEP][PASSED] - selectOptionByIndex: All options with index in [3] are selected on object 'Object Repository/PharmacyRequest/Page_KDMC-Pharmacy/select_--Select--Schedule 1Inj'

2018-05-16 19:36:53 - [MESSAGE][PASSED] - All options with index in [3] are selected on object 'Object Repository/PharmacyRequest/Page_KDMC-Pharmacy/select_--Select--Schedule 1Inj'

2018-05-16 19:36:53 - [TEST_STEP][PASSED] - selectOptionByIndex: All options with index in [1] are selected on object 'Object Repository/PharmacyRequest/Page_KDMC-Pharmacy/select_--Select--Albendazole'

2018-05-16 19:36:53 - [MESSAGE][PASSED] - All options with index in [1] are selected on object 'Object Repository/PharmacyRequest/Page_KDMC-Pharmacy/select_--Select--Albendazole'

2018-05-16 19:36:53 - [TEST_STEP][PASSED] - setText: Text '10' is set on object 'Object Repository/PharmacyRequest/Page_KDMC-Pharmacy/input_txttreat'

2018-05-16 19:36:53 - [MESSAGE][PASSED] - Text '10' is set on object 'Object Repository/PharmacyRequest/Page_KDMC-Pharmacy/input_txttreat'

2018-05-16 19:36:53 - [TEST_STEP][PASSED] - click: Object: 'Object Repository/PharmacyRequest/Page_KDMC-Pharmacy/button_Add' is clicked on

2018-05-16 19:36:53 - [MESSAGE][PASSED] - Object: 'Object Repository/PharmacyRequest/Page_KDMC-Pharmacy/button_Add' is clicked on

2018-05-16 19:36:53 - [TEST_STEP][PASSED] - selectOptionByIndex: All options with index in [3] are selected on object 'Object Repository/PharmacyRequest/Page_KDMC-Pharmacy/select_--Select--Schedule 1Inj'

2018-05-16 19:36:54 - [MESSAGE][PASSED] - All options with index in [3] are selected on object 'Object Repository/PharmacyRequest/Page_KDMC-Pharmacy/select_--Select--Schedule 1Inj'

2018-05-16 19:36:54 - [TEST_STEP][PASSED] - selectOptionByIndex: All options with index in [2] are selected on object 'Object Repository/PharmacyRequest/Page_KDMC-Pharmacy/select_--Select--Albendazole'

2018-05-16 19:36:54 - [MESSAGE][PASSED] - All options with index in [2] are selected on object 'Object Repository/PharmacyRequest/Page_KDMC-Pharmacy/select_--Select--Albendazole'

2018-05-16 19:36:54 - [TEST_STEP][PASSED] - setText: Text '10' is set on object 'Object Repository/PharmacyRequest/Page_KDMC-Pharmacy/input_txttreat'

2018-05-16 19:36:54 - [MESSAGE][PASSED] - Text '10' is set on object 'Object Repository/PharmacyRequest/Page_KDMC-Pharmacy/input_txttreat'

2018-05-16 19:36:54 - [TEST_STEP][PASSED] - click: Object: 'Object Repository/PharmacyRequest/Page_KDMC-Pharmacy/button_Add' is clicked on

2018-05-16 19:36:54 - [MESSAGE][PASSED] - Object: 'Object Repository/PharmacyRequest/Page_KDMC-Pharmacy/button_Add' is clicked on

2018-05-16 19:36:54 - [TEST_STEP][PASSED] - selectOptionByIndex: All options with index in [3] are selected on object 'Object Repository/PharmacyRequest/Page_KDMC-Pharmacy/select_--Select--Schedule 1Inj'

2018-05-16 19:36:54 - [MESSAGE][PASSED] - All options with index in [3] are selected on object 'Object Repository/PharmacyRequest/Page_KDMC-Pharmacy/select_--Select--Schedule 1Inj'

2018-05-16 19:36:54 - [TEST_STEP][PASSED] - selectOptionByIndex: All options with index in [3] are selected on object 'Object Repository/PharmacyRequest/Page_KDMC-Pharmacy/select_--Select--Albendazole'

2018-05-16 19:36:54 - [MESSAGE][PASSED] - All options with index in [3] are selected on object 'Object Repository/PharmacyRequest/Page_KDMC-Pharmacy/select_--Select--Albendazole'

2018-05-16 19:36:54 - [TEST_STEP][PASSED] - setText: Text '10' is set on object 'Object Repository/PharmacyRequest/Page_KDMC-Pharmacy/input_txttreat'

2018-05-16 19:36:54 - [MESSAGE][PASSED] - Text '10' is set on object 'Object Repository/PharmacyRequest/Page_KDMC-Pharmacy/input_txttreat'

2018-05-16 19:36:54 - [TEST_STEP][PASSED] - click: Object: 'Object Repository/PharmacyRequest/Page_KDMC-Pharmacy/button_Add' is clicked on

2018-05-16 19:36:54 - [MESSAGE][PASSED] - Object: 'Object Repository/PharmacyRequest/Page_KDMC-Pharmacy/button_Add' is clicked on

2018-05-16 19:36:54 - [TEST_STEP][PASSED] - selectOptionByIndex: All options with index in [3] are selected on object 'Object Repository/PharmacyRequest/Page_KDMC-Pharmacy/select_--Select--Schedule 1Inj'

2018-05-16 19:36:54 - [MESSAGE][PASSED] - All options with index in [3] are selected on object 'Object Repository/PharmacyRequest/Page_KDMC-Pharmacy/select_--Select--Schedule 1Inj'

2018-05-16 19:36:54 - [TEST_STEP][PASSED] - selectOptionByIndex: All options with index in [4] are selected on object 'Object Repository/PharmacyRequest/Page_KDMC-Pharmacy/select_--Select--Albendazole'

2018-05-16 19:36:54 - [MESSAGE][PASSED] - All options with index in [4] are selected on object 'Object Repository/PharmacyRequest/Page_KDMC-Pharmacy/select_--Select--Albendazole'

2018-05-16 19:36:54 - [TEST_STEP][PASSED] - setText: Text '10' is set on object 'Object Repository/PharmacyRequest/Page_KDMC-Pharmacy/input_txttreat'

2018-05-16 19:36:55 - [MESSAGE][PASSED] - Text '10' is set on object 'Object Repository/PharmacyRequest/Page_KDMC-Pharmacy/input_txttreat'

2018-05-16 19:36:55 - [TEST_STEP][PASSED] - click: Object: 'Object Repository/PharmacyRequest/Page_KDMC-Pharmacy/button_Add' is clicked on

2018-05-16 19:36:55 - [MESSAGE][PASSED] - Object: 'Object Repository/PharmacyRequest/Page_KDMC-Pharmacy/button_Add' is clicked on

2018-05-16 19:36:55 - [TEST_STEP][PASSED] - selectOptionByIndex: All options with index in [3] are selected on object 'Object Repository/PharmacyRequest/Page_KDMC-Pharmacy/select_--Select--Schedule 1Inj'

2018-05-16 19:36:55 - [MESSAGE][PASSED] - All options with index in [3] are selected on object 'Object Repository/PharmacyRequest/Page_KDMC-Pharmacy/select_--Select--Schedule 1Inj'

2018-05-16 19:36:55 - [TEST_STEP][PASSED] - selectOptionByIndex: All options with index in [5] are selected on object 'Object Repository/PharmacyRequest/Page_KDMC-Pharmacy/select_--Select--Albendazole'

2018-05-16 19:36:55 - [MESSAGE][PASSED] - All options with index in [5] are selected on object 'Object Repository/PharmacyRequest/Page_KDMC-Pharmacy/select_--Select--Albendazole'

2018-05-16 19:36:55 - [TEST_STEP][PASSED] - setText: Text '10' is set on object 'Object Repository/PharmacyRequest/Page_KDMC-Pharmacy/input_txttreat'

2018-05-16 19:36:55 - [MESSAGE][PASSED] - Text '10' is set on object 'Object Repository/PharmacyRequest/Page_KDMC-Pharmacy/input_txttreat'

2018-05-16 19:36:55 - [TEST_STEP][PASSED] - click: Object: 'Object Repository/PharmacyRequest/Page_KDMC-Pharmacy/button_Add' is clicked on

2018-05-16 19:36:55 - [MESSAGE][PASSED] - Object: 'Object Repository/PharmacyRequest/Page_KDMC-Pharmacy/button_Add' is clicked on

2018-05-16 19:36:55 - [TEST_STEP][PASSED] - selectOptionByIndex: All options with index in [3] are selected on object 'Object Repository/PharmacyRequest/Page_KDMC-Pharmacy/select_--Select--Schedule 1Inj'

2018-05-16 19:36:55 - [MESSAGE][PASSED] - All options with index in [3] are selected on object 'Object Repository/PharmacyRequest/Page_KDMC-Pharmacy/select_--Select--Schedule 1Inj'

2018-05-16 19:36:55 - [TEST_STEP][PASSED] - selectOptionByIndex: All options with index in [6] are selected on object 'Object Repository/PharmacyRequest/Page_KDMC-Pharmacy/select_--Select--Albendazole'

2018-05-16 19:36:55 - [MESSAGE][PASSED] - All options with index in [6] are selected on object 'Object Repository/PharmacyRequest/Page_KDMC-Pharmacy/select_--Select--Albendazole'

2018-05-16 19:36:55 - [TEST_STEP][PASSED] - setText: Text '10' is set on object 'Object Repository/PharmacyRequest/Page_KDMC-Pharmacy/input_txttreat'

2018-05-16 19:36:55 - [MESSAGE][PASSED] - Text '10' is set on object 'Object Repository/PharmacyRequest/Page_KDMC-Pharmacy/input_txttreat'

2018-05-16 19:36:55 - [TEST_STEP][PASSED] - click: Object: 'Object Repository/PharmacyRequest/Page_KDMC-Pharmacy/button_Add' is clicked on

2018-05-16 19:36:55 - [MESSAGE][PASSED] - Object: 'Object Repository/PharmacyRequest/Page_KDMC-Pharmacy/button_Add' is clicked on

2018-05-16 19:36:55 - [TEST_STEP][PASSED] - selectOptionByIndex: All options with index in [3] are selected on object 'Object Repository/PharmacyRequest/Page_KDMC-Pharmacy/select_--Select--Schedule 1Inj'

2018-05-16 19:36:56 - [MESSAGE][PASSED] - All options with index in [3] are selected on object 'Object Repository/PharmacyRequest/Page_KDMC-Pharmacy/select_--Select--Schedule 1Inj'

2018-05-16 19:36:56 - [TEST_STEP][PASSED] - selectOptionByIndex: All options with index in [7] are selected on object 'Object Repository/PharmacyRequest/Page_KDMC-Pharmacy/select_--Select--Albendazole'

2018-05-16 19:36:56 - [MESSAGE][PASSED] - All options with index in [7] are selected on object 'Object Repository/PharmacyRequest/Page_KDMC-Pharmacy/select_--Select--Albendazole'

2018-05-16 19:36:56 - [TEST_STEP][PASSED] - setText: Text '10' is set on object 'Object Repository/PharmacyRequest/Page_KDMC-Pharmacy/input_txttreat'

2018-05-16 19:36:56 - [MESSAGE][PASSED] - Text '10' is set on object 'Object Repository/PharmacyRequest/Page_KDMC-Pharmacy/input_txttreat'

2018-05-16 19:36:56 - [TEST_STEP][PASSED] - click: Object: 'Object Repository/PharmacyRequest/Page_KDMC-Pharmacy/button_Add' is clicked on

2018-05-16 19:36:56 - [MESSAGE][PASSED] - Object: 'Object Repository/PharmacyRequest/Page_KDMC-Pharmacy/button_Add' is clicked on

2018-05-16 19:36:56 - [TEST_STEP][PASSED] - selectOptionByIndex: All options with index in [3] are selected on object 'Object Repository/PharmacyRequest/Page_KDMC-Pharmacy/select_--Select--Schedule 1Inj'

2018-05-16 19:36:56 - [MESSAGE][PASSED] - All options with index in [3] are selected on object 'Object Repository/PharmacyRequest/Page_KDMC-Pharmacy/select_--Select--Schedule 1Inj'

2018-05-16 19:36:56 - [TEST_STEP][PASSED] - selectOptionByIndex: All options with index in [8] are selected on object 'Object Repository/PharmacyRequest/Page_KDMC-Pharmacy/select_--Select--Albendazole'

2018-05-16 19:36:56 - [MESSAGE][PASSED] - All options with index in [8] are selected on object 'Object Repository/PharmacyRequest/Page_KDMC-Pharmacy/select_--Select--Albendazole'

2018-05-16 19:36:56 - [TEST_STEP][PASSED] - setText: Text '10' is set on object 'Object Repository/PharmacyRequest/Page_KDMC-Pharmacy/input_txttreat'

2018-05-16 19:36:56 - [MESSAGE][PASSED] - Text '10' is set on object 'Object Repository/PharmacyRequest/Page_KDMC-Pharmacy/input_txttreat'

2018-05-16 19:36:56 - [TEST_STEP][PASSED] - click: Object: 'Object Repository/PharmacyRequest/Page_KDMC-Pharmacy/button_Add' is clicked on

2018-05-16 19:36:56 - [MESSAGE][PASSED] - Object: 'Object Repository/PharmacyRequest/Page_KDMC-Pharmacy/button_Add' is clicked on

2018-05-16 19:36:56 - [TEST_STEP][PASSED] - selectOptionByIndex: All options with index in [3] are selected on object 'Object Repository/PharmacyRequest/Page_KDMC-Pharmacy/select_--Select--Schedule 1Inj'

2018-05-16 19:36:56 - [MESSAGE][PASSED] - All options with index in [3] are selected on object 'Object Repository/PharmacyRequest/Page_KDMC-Pharmacy/select_--Select--Schedule 1Inj'

2018-05-16 19:36:56 - [TEST_STEP][PASSED] - selectOptionByIndex: All options with index in [9] are selected on object 'Object Repository/PharmacyRequest/Page_KDMC-Pharmacy/select_--Select--Albendazole'

2018-05-16 19:36:57 - [MESSAGE][PASSED] - All options with index in [9] are selected on object 'Object Repository/PharmacyRequest/Page_KDMC-Pharmacy/select_--Select--Albendazole'

2018-05-16 19:36:57 - [TEST_STEP][PASSED] - setText: Text '10' is set on object 'Object Repository/PharmacyRequest/Page_KDMC-Pharmacy/input_txttreat'

2018-05-16 19:36:57 - [MESSAGE][PASSED] - Text '10' is set on object 'Object Repository/PharmacyRequest/Page_KDMC-Pharmacy/input_txttreat'

2018-05-16 19:36:57 - [TEST_STEP][PASSED] - click: Object: 'Object Repository/PharmacyRequest/Page_KDMC-Pharmacy/button_Add' is clicked on

2018-05-16 19:36:57 - [MESSAGE][PASSED] - Object: 'Object Repository/PharmacyRequest/Page_KDMC-Pharmacy/button_Add' is clicked on

2018-05-16 19:36:57 - [TEST_STEP][PASSED] - selectOptionByIndex: All options with index in [3] are selected on object 'Object Repository/PharmacyRequest/Page_KDMC-Pharmacy/select_--Select--Schedule 1Inj'

2018-05-16 19:36:57 - [MESSAGE][PASSED] - All options with index in [3] are selected on object 'Object Repository/PharmacyRequest/Page_KDMC-Pharmacy/select_--Select--Schedule 1Inj'

2018-05-16 19:36:57 - [TEST_STEP][PASSED] - selectOptionByIndex: All options with index in [10] are selected on object 'Object Repository/PharmacyRequest/Page_KDMC-Pharmacy/select_--Select--Albendazole'

2018-05-16 19:36:57 - [MESSAGE][PASSED] - All options with index in [10] are selected on object 'Object Repository/PharmacyRequest/Page_KDMC-Pharmacy/select_--Select--Albendazole'

2018-05-16 19:36:57 - [TEST_STEP][PASSED] - setText: Text '10' is set on object 'Object Repository/PharmacyRequest/Page_KDMC-Pharmacy/input_txttreat'

2018-05-16 19:36:57 - [MESSAGE][PASSED] - Text '10' is set on object 'Object Repository/PharmacyRequest/Page_KDMC-Pharmacy/input_txttreat'

2018-05-16 19:36:57 - [TEST_STEP][PASSED] - click: Object: 'Object Repository/PharmacyRequest/Page_KDMC-Pharmacy/button_Add' is clicked on

2018-05-16 19:36:57 - [MESSAGE][PASSED] - Object: 'Object Repository/PharmacyRequest/Page_KDMC-Pharmacy/button_Add' is clicked on

2018-05-16 19:36:57 - [TEST_STEP][PASSED] - selectOptionByIndex: All options with index in [3] are selected on object 'Object Repository/PharmacyRequest/Page_KDMC-Pharmacy/select_--Select--Schedule 1Inj'

2018-05-16 19:36:57 - [MESSAGE][PASSED] - All options with index in [3] are selected on object 'Object Repository/PharmacyRequest/Page_KDMC-Pharmacy/select_--Select--Schedule 1Inj'

2018-05-16 19:36:57 - [TEST_STEP][PASSED] - selectOptionByIndex: All options with index in [11] are selected on object 'Object Repository/PharmacyRequest/Page_KDMC-Pharmacy/select_--Select--Albendazole'

2018-05-16 19:36:57 - [MESSAGE][PASSED] - All options with index in [11] are selected on object 'Object Repository/PharmacyRequest/Page_KDMC-Pharmacy/select_--Select--Albendazole'

2018-05-16 19:36:57 - [TEST_STEP][PASSED] - setText: Text '10' is set on object 'Object Repository/PharmacyRequest/Page_KDMC-Pharmacy/input_txttreat'

2018-05-16 19:36:58 - [MESSAGE][PASSED] - Text '10' is set on object 'Object Repository/PharmacyRequest/Page_KDMC-Pharmacy/input_txttreat'

2018-05-16 19:36:58 - [TEST_STEP][PASSED] - click: Object: 'Object Repository/PharmacyRequest/Page_KDMC-Pharmacy/button_Add' is clicked on

2018-05-16 19:36:58 - [MESSAGE][PASSED] - Object: 'Object Repository/PharmacyRequest/Page_KDMC-Pharmacy/button_Add' is clicked on

2018-05-16 19:36:58 - [TEST_STEP][PASSED] - selectOptionByIndex: All options with index in [3] are selected on object 'Object Repository/PharmacyRequest/Page_KDMC-Pharmacy/select_--Select--Schedule 1Inj'

2018-05-16 19:36:58 - [MESSAGE][PASSED] - All options with index in [3] are selected on object 'Object Repository/PharmacyRequest/Page_KDMC-Pharmacy/select_--Select--Schedule 1Inj'

2018-05-16 19:36:58 - [TEST_STEP][PASSED] - selectOptionByIndex: All options with index in [12] are selected on object 'Object Repository/PharmacyRequest/Page_KDMC-Pharmacy/select_--Select--Albendazole'

2018-05-16 19:36:58 - [MESSAGE][PASSED] - All options with index in [12] are selected on object 'Object Repository/PharmacyRequest/Page_KDMC-Pharmacy/select_--Select--Albendazole'

2018-05-16 19:36:58 - [TEST_STEP][PASSED] - setText: Text '10' is set on object 'Object Repository/PharmacyRequest/Page_KDMC-Pharmacy/input_txttreat'

2018-05-16 19:36:58 - [MESSAGE][PASSED] - Text '10' is set on object 'Object Repository/PharmacyRequest/Page_KDMC-Pharmacy/input_txttreat'

2018-05-16 19:36:58 - [TEST_STEP][PASSED] - click: Object: 'Object Repository/PharmacyRequest/Page_KDMC-Pharmacy/button_Add' is clicked on

2018-05-16 19:36:58 - [MESSAGE][PASSED] - Object: 'Object Repository/PharmacyRequest/Page_KDMC-Pharmacy/button_Add' is clicked on

2018-05-16 19:36:58 - [TEST_STEP][PASSED] - selectOptionByIndex: All options with index in [3] are selected on object 'Object Repository/PharmacyRequest/Page_KDMC-Pharmacy/select_--Select--Schedule 1Inj'

2018-05-16 19:36:58 - [MESSAGE][PASSED] - All options with index in [3] are selected on object 'Object Repository/PharmacyRequest/Page_KDMC-Pharmacy/select_--Select--Schedule 1Inj'

2018-05-16 19:36:58 - [TEST_STEP][PASSED] - selectOptionByIndex: All options with index in [13] are selected on object 'Object Repository/PharmacyRequest/Page_KDMC-Pharmacy/select_--Select--Albendazole'

2018-05-16 19:36:58 - [MESSAGE][PASSED] - All options with index in [13] are selected on object 'Object Repository/PharmacyRequest/Page_KDMC-Pharmacy/select_--Select--Albendazole'

2018-05-16 19:36:58 - [TEST_STEP][PASSED] - setText: Text '10' is set on object 'Object Repository/PharmacyRequest/Page_KDMC-Pharmacy/input_txttreat'

2018-05-16 19:36:58 - [MESSAGE][PASSED] - Text '10' is set on object 'Object Repository/PharmacyRequest/Page_KDMC-Pharmacy/input_txttreat'

2018-05-16 19:36:58 - [TEST_STEP][PASSED] - click: Object: 'Object Repository/PharmacyRequest/Page_KDMC-Pharmacy/button_Add' is clicked on

2018-05-16 19:36:59 - [MESSAGE][PASSED] - Object: 'Object Repository/PharmacyRequest/Page_KDMC-Pharmacy/button_Add' is clicked on

2018-05-16 19:36:59 - [TEST_STEP][PASSED] - selectOptionByIndex: All options with index in [3] are selected on object 'Object Repository/PharmacyRequest/Page_KDMC-Pharmacy/select_--Select--Schedule 1Inj'

2018-05-16 19:36:59 - [MESSAGE][PASSED] - All options with index in [3] are selected on object 'Object Repository/PharmacyRequest/Page_KDMC-Pharmacy/select_--Select--Schedule 1Inj'

2018-05-16 19:36:59 - [TEST_STEP][PASSED] - selectOptionByIndex: All options with index in [14] are selected on object 'Object Repository/PharmacyRequest/Page_KDMC-Pharmacy/select_--Select--Albendazole'

2018-05-16 19:36:59 - [MESSAGE][PASSED] - All options with index in [14] are selected on object 'Object Repository/PharmacyRequest/Page_KDMC-Pharmacy/select_--Select--Albendazole'

2018-05-16 19:36:59 - [TEST_STEP][PASSED] - setText: Text '10' is set on object 'Object Repository/PharmacyRequest/Page_KDMC-Pharmacy/input_txttreat'

2018-05-16 19:36:59 - [MESSAGE][PASSED] - Text '10' is set on object 'Object Repository/PharmacyRequest/Page_KDMC-Pharmacy/input_txttreat'

2018-05-16 19:36:59 - [TEST_STEP][PASSED] - click: Object: 'Object Repository/PharmacyRequest/Page_KDMC-Pharmacy/button_Add' is clicked on

2018-05-16 19:36:59 - [MESSAGE][PASSED] - Object: 'Object Repository/PharmacyRequest/Page_KDMC-Pharmacy/button_Add' is clicked on

2018-05-16 19:36:59 - [TEST_STEP][PASSED] - selectOptionByIndex: All options with index in [3] are selected on object 'Object Repository/PharmacyRequest/Page_KDMC-Pharmacy/select_--Select--Schedule 1Inj'

2018-05-16 19:36:59 - [MESSAGE][PASSED] - All options with index in [3] are selected on object 'Object Repository/PharmacyRequest/Page_KDMC-Pharmacy/select_--Select--Schedule 1Inj'

2018-05-16 19:36:59 - [TEST_STEP][PASSED] - selectOptionByIndex: All options with index in [15] are selected on object 'Object Repository/PharmacyRequest/Page_KDMC-Pharmacy/select_--Select--Albendazole'

2018-05-16 19:36:59 - [MESSAGE][PASSED] - All options with index in [15] are selected on object 'Object Repository/PharmacyRequest/Page_KDMC-Pharmacy/select_--Select--Albendazole'

2018-05-16 19:36:59 - [TEST_STEP][PASSED] - setText: Text '10' is set on object 'Object Repository/PharmacyRequest/Page_KDMC-Pharmacy/input_txttreat'

2018-05-16 19:36:59 - [MESSAGE][PASSED] - Text '10' is set on object 'Object Repository/PharmacyRequest/Page_KDMC-Pharmacy/input_txttreat'

2018-05-16 19:36:59 - [TEST_STEP][PASSED] - click: Object: 'Object Repository/PharmacyRequest/Page_KDMC-Pharmacy/button_Add' is clicked on

2018-05-16 19:36:59 - [MESSAGE][PASSED] - Object: 'Object Repository/PharmacyRequest/Page_KDMC-Pharmacy/button_Add' is clicked on

2018-05-16 19:36:59 - [TEST_STEP][PASSED] - selectOptionByIndex: All options with index in [3] are selected on object 'Object Repository/PharmacyRequest/Page_KDMC-Pharmacy/select_--Select--Schedule 1Inj'

2018-05-16 19:37:00 - [MESSAGE][PASSED] - All options with index in [3] are selected on object 'Object Repository/PharmacyRequest/Page_KDMC-Pharmacy/select_--Select--Schedule 1Inj'

2018-05-16 19:37:00 - [TEST_STEP][PASSED] - selectOptionByIndex: All options with index in [16] are selected on object 'Object Repository/PharmacyRequest/Page_KDMC-Pharmacy/select_--Select--Albendazole'

2018-05-16 19:37:00 - [MESSAGE][PASSED] - All options with index in [16] are selected on object 'Object Repository/PharmacyRequest/Page_KDMC-Pharmacy/select_--Select--Albendazole'

2018-05-16 19:37:00 - [TEST_STEP][PASSED] - setText: Text '10' is set on object 'Object Repository/PharmacyRequest/Page_KDMC-Pharmacy/input_txttreat'

2018-05-16 19:37:00 - [MESSAGE][PASSED] - Text '10' is set on object 'Object Repository/PharmacyRequest/Page_KDMC-Pharmacy/input_txttreat'

2018-05-16 19:37:00 - [TEST_STEP][PASSED] - click: Object: 'Object Repository/PharmacyRequest/Page_KDMC-Pharmacy/button_Add' is clicked on

2018-05-16 19:37:00 - [MESSAGE][PASSED] - Object: 'Object Repository/PharmacyRequest/Page_KDMC-Pharmacy/button_Add' is clicked on

2018-05-16 19:37:00 - [TEST_STEP][PASSED] - selectOptionByIndex: All options with index in [3] are selected on object 'Object Repository/PharmacyRequest/Page_KDMC-Pharmacy/select_--Select--Schedule 1Inj'

2018-05-16 19:37:00 - [MESSAGE][PASSED] - All options with index in [3] are selected on object 'Object Repository/PharmacyRequest/Page_KDMC-Pharmacy/select_--Select--Schedule 1Inj'

2018-05-16 19:37:00 - [TEST_STEP][PASSED] - selectOptionByIndex: All options with index in [17] are selected on object 'Object Repository/PharmacyRequest/Page_KDMC-Pharmacy/select_--Select--Albendazole'

2018-05-16 19:37:00 - [MESSAGE][PASSED] - All options with index in [17] are selected on object 'Object Repository/PharmacyRequest/Page_KDMC-Pharmacy/select_--Select--Albendazole'

2018-05-16 19:37:00 - [TEST_STEP][PASSED] - setText: Text '10' is set on object 'Object Repository/PharmacyRequest/Page_KDMC-Pharmacy/input_txttreat'

2018-05-16 19:37:00 - [MESSAGE][PASSED] - Text '10' is set on object 'Object Repository/PharmacyRequest/Page_KDMC-Pharmacy/input_txttreat'

2018-05-16 19:37:00 - [TEST_STEP][PASSED] - click: Object: 'Object Repository/PharmacyRequest/Page_KDMC-Pharmacy/button_Add' is clicked on

2018-05-16 19:37:00 - [MESSAGE][PASSED] - Object: 'Object Repository/PharmacyRequest/Page_KDMC-Pharmacy/button_Add' is clicked on

2018-05-16 19:37:00 - [TEST_STEP][PASSED] - selectOptionByIndex: All options with index in [3] are selected on object 'Object Repository/PharmacyRequest/Page_KDMC-Pharmacy/select_--Select--Schedule 1Inj'

2018-05-16 19:37:00 - [MESSAGE][PASSED] - All options with index in [3] are selected on object 'Object Repository/PharmacyRequest/Page_KDMC-Pharmacy/select_--Select--Schedule 1Inj'

2018-05-16 19:37:00 - [TEST_STEP][PASSED] - selectOptionByIndex: All options with index in [18] are selected on object 'Object Repository/PharmacyRequest/Page_KDMC-Pharmacy/select_--Select--Albendazole'

2018-05-16 19:37:01 - [MESSAGE][PASSED] - All options with index in [18] are selected on object 'Object Repository/PharmacyRequest/Page_KDMC-Pharmacy/select_--Select--Albendazole'

2018-05-16 19:37:01 - [TEST_STEP][PASSED] - setText: Text '10' is set on object 'Object Repository/PharmacyRequest/Page_KDMC-Pharmacy/input_txttreat'

2018-05-16 19:37:01 - [MESSAGE][PASSED] - Text '10' is set on object 'Object Repository/PharmacyRequest/Page_KDMC-Pharmacy/input_txttreat'

2018-05-16 19:37:01 - [TEST_STEP][PASSED] - click: Object: 'Object Repository/PharmacyRequest/Page_KDMC-Pharmacy/button_Add' is clicked on

2018-05-16 19:37:01 - [MESSAGE][PASSED] - Object: 'Object Repository/PharmacyRequest/Page_KDMC-Pharmacy/button_Add' is clicked on

2018-05-16 19:37:01 - [TEST_STEP][PASSED] - selectOptionByIndex: All options with index in [3] are selected on object 'Object Repository/PharmacyRequest/Page_KDMC-Pharmacy/select_--Select--Schedule 1Inj'

2018-05-16 19:37:01 - [MESSAGE][PASSED] - All options with index in [3] are selected on object 'Object Repository/PharmacyRequest/Page_KDMC-Pharmacy/select_--Select--Schedule 1Inj'

2018-05-16 19:37:01 - [TEST_STEP][PASSED] - selectOptionByIndex: All options with index in [19] are selected on object 'Object Repository/PharmacyRequest/Page_KDMC-Pharmacy/select_--Select--Albendazole'

2018-05-16 19:37:01 - [MESSAGE][PASSED] - All options with index in [19] are selected on object 'Object Repository/PharmacyRequest/Page_KDMC-Pharmacy/select_--Select--Albendazole'

2018-05-16 19:37:01 - [TEST_STEP][PASSED] - setText: Text '10' is set on object 'Object Repository/PharmacyRequest/Page_KDMC-Pharmacy/input_txttreat'

2018-05-16 19:37:01 - [MESSAGE][PASSED] - Text '10' is set on object 'Object Repository/PharmacyRequest/Page_KDMC-Pharmacy/input_txttreat'

2018-05-16 19:37:01 - [TEST_STEP][PASSED] - click: Object: 'Object Repository/PharmacyRequest/Page_KDMC-Pharmacy/button_Add' is clicked on

2018-05-16 19:37:01 - [MESSAGE][PASSED] - Object: 'Object Repository/PharmacyRequest/Page_KDMC-Pharmacy/button_Add' is clicked on

2018-05-16 19:37:01 - [TEST_STEP][PASSED] - selectOptionByIndex: All options with index in [3] are selected on object 'Object Repository/PharmacyRequest/Page_KDMC-Pharmacy/select_--Select--Schedule 1Inj'

2018-05-16 19:37:02 - [MESSAGE][PASSED] - All options with index in [3] are selected on object 'Object Repository/PharmacyRequest/Page_KDMC-Pharmacy/select_--Select--Schedule 1Inj'

2018-05-16 19:37:02 - [TEST_STEP][PASSED] - selectOptionByIndex: All options with index in [20] are selected on object 'Object Repository/PharmacyRequest/Page_KDMC-Pharmacy/select_--Select--Albendazole'

2018-05-16 19:37:02 - [MESSAGE][PASSED] - All options with index in [20] are selected on object 'Object Repository/PharmacyRequest/Page_KDMC-Pharmacy/select_--Select--Albendazole'

2018-05-16 19:37:02 - [TEST_STEP][PASSED] - setText: Text '10' is set on object 'Object Repository/PharmacyRequest/Page_KDMC-Pharmacy/input_txttreat'

2018-05-16 19:37:02 - [MESSAGE][PASSED] - Text '10' is set on object 'Object Repository/PharmacyRequest/Page_KDMC-Pharmacy/input_txttreat'

2018-05-16 19:37:02 - [TEST_STEP][PASSED] - click: Object: 'Object Repository/PharmacyRequest/Page_KDMC-Pharmacy/button_Add' is clicked on

2018-05-16 19:37:02 - [MESSAGE][PASSED] - Object: 'Object Repository/PharmacyRequest/Page_KDMC-Pharmacy/button_Add' is clicked on

2018-05-16 19:37:02 - [TEST_STEP][PASSED] - selectOptionByIndex: All options with index in [3] are selected on object 'Object Repository/PharmacyRequest/Page_KDMC-Pharmacy/select_--Select--Schedule 1Inj'

2018-05-16 19:37:02 - [MESSAGE][PASSED] - All options with index in [3] are selected on object 'Object Repository/PharmacyRequest/Page_KDMC-Pharmacy/select_--Select--Schedule 1Inj'

2018-05-16 19:37:02 - [TEST_STEP][PASSED] - selectOptionByIndex: All options with index in [21] are selected on object 'Object Repository/PharmacyRequest/Page_KDMC-Pharmacy/select_--Select--Albendazole'

2018-05-16 19:37:02 - [MESSAGE][PASSED] - All options with index in [21] are selected on object 'Object Repository/PharmacyRequest/Page_KDMC-Pharmacy/select_--Select--Albendazole'

2018-05-16 19:37:02 - [TEST_STEP][PASSED] - setText: Text '10' is set on object 'Object Repository/PharmacyRequest/Page_KDMC-Pharmacy/input_txttreat'

2018-05-16 19:37:02 - [MESSAGE][PASSED] - Text '10' is set on object 'Object Repository/PharmacyRequest/Page_KDMC-Pharmacy/input_txttreat'

2018-05-16 19:37:02 - [TEST_STEP][PASSED] - click: Object: 'Object Repository/PharmacyRequest/Page_KDMC-Pharmacy/button_Add' is clicked on

2018-05-16 19:37:02 - [MESSAGE][PASSED] - Object: 'Object Repository/PharmacyRequest/Page_KDMC-Pharmacy/button_Add' is clicked on

2018-05-16 19:37:02 - [TEST_STEP][PASSED] - selectOptionByIndex: All options with index in [3] are selected on object 'Object Repository/PharmacyRequest/Page_KDMC-Pharmacy/select_--Select--Schedule 1Inj'

2018-05-16 19:37:03 - [MESSAGE][PASSED] - All options with index in [3] are selected on object 'Object Repository/PharmacyRequest/Page_KDMC-Pharmacy/select_--Select--Schedule 1Inj'

2018-05-16 19:37:03 - [TEST_STEP][PASSED] - selectOptionByIndex: All options with index in [22] are selected on object 'Object Repository/PharmacyRequest/Page_KDMC-Pharmacy/select_--Select--Albendazole'

2018-05-16 19:37:03 - [MESSAGE][PASSED] - All options with index in [22] are selected on object 'Object Repository/PharmacyRequest/Page_KDMC-Pharmacy/select_--Select--Albendazole'

2018-05-16 19:37:03 - [TEST_STEP][PASSED] - setText: Text '10' is set on object 'Object Repository/PharmacyRequest/Page_KDMC-Pharmacy/input_txttreat'

2018-05-16 19:37:03 - [MESSAGE][PASSED] - Text '10' is set on object 'Object Repository/PharmacyRequest/Page_KDMC-Pharmacy/input_txttreat'

2018-05-16 19:37:03 - [TEST_STEP][PASSED] - click: Object: 'Object Repository/PharmacyRequest/Page_KDMC-Pharmacy/button_Add' is clicked on

2018-05-16 19:37:03 - [MESSAGE][PASSED] - Object: 'Object Repository/PharmacyRequest/Page_KDMC-Pharmacy/button_Add' is clicked on

2018-05-16 19:37:03 - [TEST_STEP][PASSED] - selectOptionByIndex: All options with index in [3] are selected on object 'Object Repository/PharmacyRequest/Page_KDMC-Pharmacy/select_--Select--Schedule 1Inj'

2018-05-16 19:37:03 - [MESSAGE][PASSED] - All options with index in [3] are selected on object 'Object Repository/PharmacyRequest/Page_KDMC-Pharmacy/select_--Select--Schedule 1Inj'

2018-05-16 19:37:03 - [TEST_STEP][PASSED] - selectOptionByIndex: All options with index in [23] are selected on object 'Object Repository/PharmacyRequest/Page_KDMC-Pharmacy/select_--Select--Albendazole'

2018-05-16 19:37:03 - [MESSAGE][PASSED] - All options with index in [23] are selected on object 'Object Repository/PharmacyRequest/Page_KDMC-Pharmacy/select_--Select--Albendazole'

2018-05-16 19:37:03 - [TEST_STEP][PASSED] - setText: Text '10' is set on object 'Object Repository/PharmacyRequest/Page_KDMC-Pharmacy/input_txttreat'

2018-05-16 19:37:03 - [MESSAGE][PASSED] - Text '10' is set on object 'Object Repository/PharmacyRequest/Page_KDMC-Pharmacy/input_txttreat'

2018-05-16 19:37:03 - [TEST_STEP][PASSED] - click: Object: 'Object Repository/PharmacyRequest/Page_KDMC-Pharmacy/button_Add' is clicked on

2018-05-16 19:37:03 - [MESSAGE][PASSED] - Object: 'Object Repository/PharmacyRequest/Page_KDMC-Pharmacy/button_Add' is clicked on

2018-05-16 19:37:03 - [TEST_STEP][PASSED] - selectOptionByIndex: All options with index in [3] are selected on object 'Object Repository/PharmacyRequest/Page_KDMC-Pharmacy/select_--Select--Schedule 1Inj'

2018-05-16 19:37:04 - [MESSAGE][PASSED] - All options with index in [3] are selected on object 'Object Repository/PharmacyRequest/Page_KDMC-Pharmacy/select_--Select--Schedule 1Inj'

2018-05-16 19:37:04 - [TEST_STEP][PASSED] - selectOptionByIndex: All options with index in [24] are selected on object 'Object Repository/PharmacyRequest/Page_KDMC-Pharmacy/select_--Select--Albendazole'

2018-05-16 19:37:04 - [MESSAGE][PASSED] - All options with index in [24] are selected on object 'Object Repository/PharmacyRequest/Page_KDMC-Pharmacy/select_--Select--Albendazole'

2018-05-16 19:37:04 - [TEST_STEP][PASSED] - setText: Text '10' is set on object 'Object Repository/PharmacyRequest/Page_KDMC-Pharmacy/input_txttreat'

2018-05-16 19:37:04 - [MESSAGE][PASSED] - Text '10' is set on object 'Object Repository/PharmacyRequest/Page_KDMC-Pharmacy/input_txttreat'

2018-05-16 19:37:04 - [TEST_STEP][PASSED] - click: Object: 'Object Repository/PharmacyRequest/Page_KDMC-Pharmacy/button_Add' is clicked on

2018-05-16 19:37:04 - [MESSAGE][PASSED] - Object: 'Object Repository/PharmacyRequest/Page_KDMC-Pharmacy/button_Add' is clicked on

2018-05-16 19:37:04 - [TEST_STEP][PASSED] - selectOptionByIndex: All options with index in [3] are selected on object 'Object Repository/PharmacyRequest/Page_KDMC-Pharmacy/select_--Select--Schedule 1Inj'

2018-05-16 19:37:04 - [MESSAGE][PASSED] - All options with index in [3] are selected on object 'Object Repository/PharmacyRequest/Page_KDMC-Pharmacy/select_--Select--Schedule 1Inj'

2018-05-16 19:37:04 - [TEST_STEP][PASSED] - selectOptionByIndex: All options with index in [25] are selected on object 'Object Repository/PharmacyRequest/Page_KDMC-Pharmacy/select_--Select--Albendazole'

2018-05-16 19:37:05 - [MESSAGE][PASSED] - All options with index in [25] are selected on object 'Object Repository/PharmacyRequest/Page_KDMC-Pharmacy/select_--Select--Albendazole'

2018-05-16 19:37:05 - [TEST_STEP][PASSED] - setText: Text '10' is set on object 'Object Repository/PharmacyRequest/Page_KDMC-Pharmacy/input_txttreat'

2018-05-16 19:37:05 - [MESSAGE][PASSED] - Text '10' is set on object 'Object Repository/PharmacyRequest/Page_KDMC-Pharmacy/input_txttreat'

2018-05-16 19:37:05 - [TEST_STEP][PASSED] - click: Object: 'Object Repository/PharmacyRequest/Page_KDMC-Pharmacy/button_Add' is clicked on

2018-05-16 19:37:05 - [MESSAGE][PASSED] - Object: 'Object Repository/PharmacyRequest/Page_KDMC-Pharmacy/button_Add' is clicked on

2018-05-16 19:37:05 - [TEST_STEP][PASSED] - selectOptionByIndex: All options with index in [3] are selected on object 'Object Repository/PharmacyRequest/Page_KDMC-Pharmacy/select_--Select--Schedule 1Inj'

2018-05-16 19:37:05 - [MESSAGE][PASSED] - All options with index in [3] are selected on object 'Object Repository/PharmacyRequest/Page_KDMC-Pharmacy/select_--Select--Schedule 1Inj'

2018-05-16 19:37:05 - [TEST_STEP][PASSED] - selectOptionByIndex: All options with index in [26] are selected on object 'Object Repository/PharmacyRequest/Page_KDMC-Pharmacy/select_--Select--Albendazole'

2018-05-16 19:37:05 - [MESSAGE][PASSED] - All options with index in [26] are selected on object 'Object Repository/PharmacyRequest/Page_KDMC-Pharmacy/select_--Select--Albendazole'

2018-05-16 19:37:05 - [TEST_STEP][PASSED] - setText: Text '10' is set on object 'Object Repository/PharmacyRequest/Page_KDMC-Pharmacy/input_txttreat'

2018-05-16 19:37:05 - [MESSAGE][PASSED] - Text '10' is set on object 'Object Repository/PharmacyRequest/Page_KDMC-Pharmacy/input_txttreat'

2018-05-16 19:37:05 - [TEST_STEP][PASSED] - click: Object: 'Object Repository/PharmacyRequest/Page_KDMC-Pharmacy/button_Add' is clicked on

2018-05-16 19:37:05 - [MESSAGE][PASSED] - Object: 'Object Repository/PharmacyRequest/Page_KDMC-Pharmacy/button_Add' is clicked on

2018-05-16 19:37:05 - [TEST_STEP][PASSED] - selectOptionByIndex: All options with index in [3] are selected on object 'Object Repository/PharmacyRequest/Page_KDMC-Pharmacy/select_--Select--Schedule 1Inj'

2018-05-16 19:37:05 - [MESSAGE][PASSED] - All options with index in [3] are selected on object 'Object Repository/PharmacyRequest/Page_KDMC-Pharmacy/select_--Select--Schedule 1Inj'

2018-05-16 19:37:05 - [TEST_STEP][PASSED] - selectOptionByIndex: All options with index in [27] are selected on object 'Object Repository/PharmacyRequest/Page_KDMC-Pharmacy/select_--Select--Albendazole'

2018-05-16 19:37:06 - [MESSAGE][PASSED] - All options with index in [27] are selected on object 'Object Repository/PharmacyRequest/Page_KDMC-Pharmacy/select_--Select--Albendazole'

2018-05-16 19:37:06 - [TEST_STEP][PASSED] - setText: Text '10' is set on object 'Object Repository/PharmacyRequest/Page_KDMC-Pharmacy/input_txttreat'

2018-05-16 19:37:06 - [MESSAGE][PASSED] - Text '10' is set on object 'Object Repository/PharmacyRequest/Page_KDMC-Pharmacy/input_txttreat'

2018-05-16 19:37:06 - [TEST_STEP][PASSED] - click: Object: 'Object Repository/PharmacyRequest/Page_KDMC-Pharmacy/button_Add' is clicked on

2018-05-16 19:37:06 - [MESSAGE][PASSED] - Object: 'Object Repository/PharmacyRequest/Page_KDMC-Pharmacy/button_Add' is clicked on

2018-05-16 19:37:06 - [TEST_STEP][PASSED] - selectOptionByIndex: All options with index in [3] are selected on object 'Object Repository/PharmacyRequest/Page_KDMC-Pharmacy/select_--Select--Schedule 1Inj'

2018-05-16 19:37:06 - [MESSAGE][PASSED] - All options with index in [3] are selected on object 'Object Repository/PharmacyRequest/Page_KDMC-Pharmacy/select_--Select--Schedule 1Inj'

2018-05-16 19:37:06 - [TEST_STEP][PASSED] - selectOptionByIndex: All options with index in [28] are selected on object 'Object Repository/PharmacyRequest/Page_KDMC-Pharmacy/select_--Select--Albendazole'

2018-05-16 19:37:06 - [MESSAGE][PASSED] - All options with index in [28] are selected on object 'Object Repository/PharmacyRequest/Page_KDMC-Pharmacy/select_--Select--Albendazole'

2018-05-16 19:37:06 - [TEST_STEP][PASSED] - setText: Text '10' is set on object 'Object Repository/PharmacyRequest/Page_KDMC-Pharmacy/input_txttreat'

2018-05-16 19:37:06 - [MESSAGE][PASSED] - Text '10' is set on object 'Object Repository/PharmacyRequest/Page_KDMC-Pharmacy/input_txttreat'

2018-05-16 19:37:06 - [TEST_STEP][PASSED] - click: Object: 'Object Repository/PharmacyRequest/Page_KDMC-Pharmacy/button_Add' is clicked on

2018-05-16 19:37:07 - [MESSAGE][PASSED] - Object: 'Object Repository/PharmacyRequest/Page_KDMC-Pharmacy/button_Add' is clicked on

2018-05-16 19:37:07 - [TEST_STEP][PASSED] - selectOptionByIndex: All options with index in [3] are selected on object 'Object Repository/PharmacyRequest/Page_KDMC-Pharmacy/select_--Select--Schedule 1Inj'

2018-05-16 19:37:07 - [MESSAGE][PASSED] - All options with index in [3] are selected on object 'Object Repository/PharmacyRequest/Page_KDMC-Pharmacy/select_--Select--Schedule 1Inj'

2018-05-16 19:37:07 - [TEST_STEP][PASSED] - selectOptionByIndex: All options with index in [29] are selected on object 'Object Repository/PharmacyRequest/Page_KDMC-Pharmacy/select_--Select--Albendazole'

2018-05-16 19:37:07 - [MESSAGE][PASSED] - All options with index in [29] are selected on object 'Object Repository/PharmacyRequest/Page_KDMC-Pharmacy/select_--Select--Albendazole'

2018-05-16 19:37:07 - [TEST_STEP][PASSED] - setText: Text '10' is set on object 'Object Repository/PharmacyRequest/Page_KDMC-Pharmacy/input_txttreat'

2018-05-16 19:37:07 - [MESSAGE][PASSED] - Text '10' is set on object 'Object Repository/PharmacyRequest/Page_KDMC-Pharmacy/input_txttreat'

2018-05-16 19:37:07 - [TEST_STEP][PASSED] - click: Object: 'Object Repository/PharmacyRequest/Page_KDMC-Pharmacy/button_Add' is clicked on

2018-05-16 19:37:07 - [MESSAGE][PASSED] - Object: 'Object Repository/PharmacyRequest/Page_KDMC-Pharmacy/button_Add' is clicked on

2018-05-16 19:37:07 - [TEST_STEP][PASSED] - selectOptionByIndex: All options with index in [3] are selected on object 'Object Repository/PharmacyRequest/Page_KDMC-Pharmacy/select_--Select--Schedule 1Inj'

2018-05-16 19:37:07 - [MESSAGE][PASSED] - All options with index in [3] are selected on object 'Object Repository/PharmacyRequest/Page_KDMC-Pharmacy/select_--Select--Schedule 1Inj'

2018-05-16 19:37:07 - [TEST_STEP][PASSED] - selectOptionByIndex: All options with index in [30] are selected on object 'Object Repository/PharmacyRequest/Page_KDMC-Pharmacy/select_--Select--Albendazole'

2018-05-16 19:37:08 - [MESSAGE][PASSED] - All options with index in [30] are selected on object 'Object Repository/PharmacyRequest/Page_KDMC-Pharmacy/select_--Select--Albendazole'

2018-05-16 19:37:08 - [TEST_STEP][PASSED] - setText: Text '10' is set on object 'Object Repository/PharmacyRequest/Page_KDMC-Pharmacy/input_txttreat'

2018-05-16 19:37:08 - [MESSAGE][PASSED] - Text '10' is set on object 'Object Repository/PharmacyRequest/Page_KDMC-Pharmacy/input_txttreat'

2018-05-16 19:37:08 - [TEST_STEP][PASSED] - click: Object: 'Object Repository/PharmacyRequest/Page_KDMC-Pharmacy/button_Add' is clicked on

2018-05-16 19:37:08 - [MESSAGE][PASSED] - Object: 'Object Repository/PharmacyRequest/Page_KDMC-Pharmacy/button_Add' is clicked on

2018-05-16 19:37:08 - [TEST_STEP][PASSED] - selectOptionByIndex: All options with index in [3] are selected on object 'Object Repository/PharmacyRequest/Page_KDMC-Pharmacy/select_--Select--Schedule 1Inj'

2018-05-16 19:37:08 - [MESSAGE][PASSED] - All options with index in [3] are selected on object 'Object Repository/PharmacyRequest/Page_KDMC-Pharmacy/select_--Select--Schedule 1Inj'

2018-05-16 19:37:08 - [TEST_STEP][PASSED] - selectOptionByIndex: All options with index in [31] are selected on object 'Object Repository/PharmacyRequest/Page_KDMC-Pharmacy/select_--Select--Albendazole'

2018-05-16 19:37:08 - [MESSAGE][PASSED] - All options with index in [31] are selected on object 'Object Repository/PharmacyRequest/Page_KDMC-Pharmacy/select_--Select--Albendazole'

2018-05-16 19:37:08 - [TEST_STEP][PASSED] - setText: Text '10' is set on object 'Object Repository/PharmacyRequest/Page_KDMC-Pharmacy/input_txttreat'

2018-05-16 19:37:08 - [MESSAGE][PASSED] - Text '10' is set on object 'Object Repository/PharmacyRequest/Page_KDMC-Pharmacy/input_txttreat'

2018-05-16 19:37:08 - [TEST_STEP][PASSED] - click: Object: 'Object Repository/PharmacyRequest/Page_KDMC-Pharmacy/button_Add' is clicked on

2018-05-16 19:37:08 - [MESSAGE][PASSED] - Object: 'Object Repository/PharmacyRequest/Page_KDMC-Pharmacy/button_Add' is clicked on

2018-05-16 19:37:08 - [TEST_STEP][PASSED] - selectOptionByIndex: All options with index in [3] are selected on object 'Object Repository/PharmacyRequest/Page_KDMC-Pharmacy/select_--Select--Schedule 1Inj'

2018-05-16 19:37:08 - [MESSAGE][PASSED] - All options with index in [3] are selected on object 'Object Repository/PharmacyRequest/Page_KDMC-Pharmacy/select_--Select--Schedule 1Inj'

2018-05-16 19:37:08 - [TEST_STEP][PASSED] - selectOptionByIndex: All options with index in [32] are selected on object 'Object Repository/PharmacyRequest/Page_KDMC-Pharmacy/select_--Select--Albendazole'

2018-05-16 19:37:09 - [MESSAGE][PASSED] - All options with index in [32] are selected on object 'Object Repository/PharmacyRequest/Page_KDMC-Pharmacy/select_--Select--Albendazole'

2018-05-16 19:37:09 - [TEST_STEP][PASSED] - setText: Text '10' is set on object 'Object Repository/PharmacyRequest/Page_KDMC-Pharmacy/input_txttreat'

2018-05-16 19:37:09 - [MESSAGE][PASSED] - Text '10' is set on object 'Object Repository/PharmacyRequest/Page_KDMC-Pharmacy/input_txttreat'

2018-05-16 19:37:09 - [TEST_STEP][PASSED] - click: Object: 'Object Repository/PharmacyRequest/Page_KDMC-Pharmacy/button_Add' is clicked on

2018-05-16 19:37:09 - [MESSAGE][PASSED] - Object: 'Object Repository/PharmacyRequest/Page_KDMC-Pharmacy/button_Add' is clicked on

2018-05-16 19:37:09 - [TEST_STEP][PASSED] - selectOptionByIndex: All options with index in [3] are selected on object 'Object Repository/PharmacyRequest/Page_KDMC-Pharmacy/select_--Select--Schedule 1Inj'

2018-05-16 19:37:09 - [MESSAGE][PASSED] - All options with index in [3] are selected on object 'Object Repository/PharmacyRequest/Page_KDMC-Pharmacy/select_--Select--Schedule 1Inj'

2018-05-16 19:37:09 - [TEST_STEP][PASSED] - selectOptionByIndex: All options with index in [33] are selected on object 'Object Repository/PharmacyRequest/Page_KDMC-Pharmacy/select_--Select--Albendazole'

2018-05-16 19:37:09 - [MESSAGE][PASSED] - All options with index in [33] are selected on object 'Object Repository/PharmacyRequest/Page_KDMC-Pharmacy/select_--Select--Albendazole'

2018-05-16 19:37:09 - [TEST_STEP][PASSED] - setText: Text '10' is set on object 'Object Repository/PharmacyRequest/Page_KDMC-Pharmacy/input_txttreat'

2018-05-16 19:37:10 - [MESSAGE][PASSED] - Text '10' is set on object 'Object Repository/PharmacyRequest/Page_KDMC-Pharmacy/input_txttreat'

2018-05-16 19:37:10 - [TEST_STEP][PASSED] - click: Object: 'Object Repository/PharmacyRequest/Page_KDMC-Pharmacy/button_Add' is clicked on

2018-05-16 19:37:10 - [MESSAGE][PASSED] - Object: 'Object Repository/PharmacyRequest/Page_KDMC-Pharmacy/button_Add' is clicked on

2018-05-16 19:37:10 - [TEST_STEP][PASSED] - selectOptionByIndex: All options with index in [3] are selected on object 'Object Repository/PharmacyRequest/Page_KDMC-Pharmacy/select_--Select--Schedule 1Inj'

2018-05-16 19:37:10 - [MESSAGE][PASSED] - All options with index in [3] are selected on object 'Object Repository/PharmacyRequest/Page_KDMC-Pharmacy/select_--Select--Schedule 1Inj'

2018-05-16 19:37:10 - [TEST_STEP][PASSED] - selectOptionByIndex: All options with index in [34] are selected on object 'Object Repository/PharmacyRequest/Page_KDMC-Pharmacy/select_--Select--Albendazole'

2018-05-16 19:37:10 - [MESSAGE][PASSED] - All options with index in [34] are selected on object 'Object Repository/PharmacyRequest/Page_KDMC-Pharmacy/select_--Select--Albendazole'

2018-05-16 19:37:10 - [TEST_STEP][PASSED] - setText: Text '10' is set on object 'Object Repository/PharmacyRequest/Page_KDMC-Pharmacy/input_txttreat'

2018-05-16 19:37:10 - [MESSAGE][PASSED] - Text '10' is set on object 'Object Repository/PharmacyRequest/Page_KDMC-Pharmacy/input_txttreat'

2018-05-16 19:37:10 - [TEST_STEP][PASSED] - click: Object: 'Object Repository/PharmacyRequest/Page_KDMC-Pharmacy/button_Add' is clicked on

2018-05-16 19:37:10 - [MESSAGE][PASSED] - Object: 'Object Repository/PharmacyRequest/Page_KDMC-Pharmacy/button_Add' is clicked on

2018-05-16 19:37:10 - [TEST_STEP][PASSED] - selectOptionByIndex: All options with index in [3] are selected on object 'Object Repository/PharmacyRequest/Page_KDMC-Pharmacy/select_--Select--Schedule 1Inj'

2018-05-16 19:37:10 - [MESSAGE][PASSED] - All options with index in [3] are selected on object 'Object Repository/PharmacyRequest/Page_KDMC-Pharmacy/select_--Select--Schedule 1Inj'

2018-05-16 19:37:10 - [TEST_STEP][PASSED] - selectOptionByIndex: All options with index in [35] are selected on object 'Object Repository/PharmacyRequest/Page_KDMC-Pharmacy/select_--Select--Albendazole'

2018-05-16 19:37:11 - [MESSAGE][PASSED] - All options with index in [35] are selected on object 'Object Repository/PharmacyRequest/Page_KDMC-Pharmacy/select_--Select--Albendazole'

2018-05-16 19:37:11 - [TEST_STEP][PASSED] - setText: Text '10' is set on object 'Object Repository/PharmacyRequest/Page_KDMC-Pharmacy/input_txttreat'

2018-05-16 19:37:11 - [MESSAGE][PASSED] - Text '10' is set on object 'Object Repository/PharmacyRequest/Page_KDMC-Pharmacy/input_txttreat'

2018-05-16 19:37:11 - [TEST_STEP][PASSED] - click: Object: 'Object Repository/PharmacyRequest/Page_KDMC-Pharmacy/button_Add' is clicked on

2018-05-16 19:37:11 - [MESSAGE][PASSED] - Object: 'Object Repository/PharmacyRequest/Page_KDMC-Pharmacy/button_Add' is clicked on

2018-05-16 19:37:11 - [TEST_STEP][PASSED] - selectOptionByIndex: All options with index in [3] are selected on object 'Object Repository/PharmacyRequest/Page_KDMC-Pharmacy/select_--Select--Schedule 1Inj'

2018-05-16 19:37:11 - [MESSAGE][PASSED] - All options with index in [3] are selected on object 'Object Repository/PharmacyRequest/Page_KDMC-Pharmacy/select_--Select--Schedule 1Inj'

2018-05-16 19:37:11 - [TEST_STEP][PASSED] - selectOptionByIndex: All options with index in [36] are selected on object 'Object Repository/PharmacyRequest/Page_KDMC-Pharmacy/select_--Select--Albendazole'

2018-05-16 19:37:11 - [MESSAGE][PASSED] - All options with index in [36] are selected on object 'Object Repository/PharmacyRequest/Page_KDMC-Pharmacy/select_--Select--Albendazole'

2018-05-16 19:37:11 - [TEST_STEP][PASSED] - setText: Text '10' is set on object 'Object Repository/PharmacyRequest/Page_KDMC-Pharmacy/input_txttreat'

2018-05-16 19:37:11 - [MESSAGE][PASSED] - Text '10' is set on object 'Object Repository/PharmacyRequest/Page_KDMC-Pharmacy/input_txttreat'

2018-05-16 19:37:11 - [TEST_STEP][PASSED] - click: Object: 'Object Repository/PharmacyRequest/Page_KDMC-Pharmacy/button_Add' is clicked on

2018-05-16 19:37:12 - [MESSAGE][PASSED] - Object: 'Object Repository/PharmacyRequest/Page_KDMC-Pharmacy/button_Add' is clicked on

2018-05-16 19:37:12 - [TEST_STEP][PASSED] - Statement - RN1 = com.kms.katalon.core.webui.keyword.WebUiBuiltInKeywords.getAttribute(com.kms.katalon.core.testobject.ObjectRepository.findTestObject(PharmacyRequest/Page_KDMC-Pharmacy/input_txtno), "value"): Attribute 'value' of object 'Object Repository/PharmacyRequest/Page_KDMC-Pharmacy/input_txtno' is: 'PRNO/16052018/133'

2018-05-16 19:37:12 - [MESSAGE][PASSED] - Attribute 'value' of object 'Object Repository/PharmacyRequest/Page_KDMC-Pharmacy/input_txtno' is: 'PRNO/16052018/133'

2018-05-16 19:37:12 - [TEST_STEP][PASSED] - Statement - out.println(RN1): null

2018-05-16 19:37:12 - [TEST_STEP][PASSED] - Statement - RID = RN1.split("/")[2]: null

2018-05-16 19:37:12 - [TEST_STEP][PASSED] - scrollToElement: Scroll to object 'Object Repository/PharmacyRequest/Page_KDMC-Pharmacy/input_btnsave' successfully

2018-05-16 19:37:12 - [MESSAGE][PASSED] - Scroll to object 'Object Repository/PharmacyRequest/Page_KDMC-Pharmacy/input_btnsave' successfully

2018-05-16 19:37:12 - [TEST_STEP][PASSED] - click: Object: 'Object Repository/PharmacyRequest/Page_KDMC-Pharmacy/input_btnsave' is clicked on

2018-05-16 19:37:12 - [MESSAGE][PASSED] - Object: 'Object Repository/PharmacyRequest/Page_KDMC-Pharmacy/input_btnsave' is clicked on

2018-05-16 19:37:12 - [TEST_STEP][PASSED] - delay: Delayed 3 second(s)

2018-05-16 19:37:15 - [MESSAGE][PASSED] - Delayed 3 second(s)

2018-05-16 19:37:15 - [TEST_STEP][PASSED] - click: Object: 'Object Repository/PharmacyRequest/Page_KDMC-Pharmacy/button_OK' is clicked on

2018-05-16 19:37:16 - [MESSAGE][PASSED] - Object: 'Object Repository/PharmacyRequest/Page_KDMC-Pharmacy/button_OK' is clicked on

2018-05-16 19:37:16 - [TEST_STEP][PASSED] - delay: Delayed 3 second(s)

2018-05-16 19:37:19 - [MESSAGE][PASSED] - Delayed 3 second(s)

2018-05-16 19:37:19 - [TEST_STEP][PASSED] - click: Object: 'Object Repository/PharmacyRequest/Page_KDMC-Pharmacy/a_Back to Pharmacy' is clicked on

2018-05-16 19:37:19 - [MESSAGE][PASSED] - Object: 'Object Repository/PharmacyRequest/Page_KDMC-Pharmacy/a_Back to Pharmacy' is clicked on

2018-05-16 19:37:19 - [TEST_STEP][PASSED] - delay: Delayed 3 second(s)

2018-05-16 19:37:22 - [MESSAGE][PASSED] - Delayed 3 second(s)

2018-05-16 19:37:22 - [TEST_STEP][PASSED] - click: Object: 'Object Repository/PharmacyRequest/Page_KDMC - Pharmacy/a_dropdown-toggle' is clicked on

2018-05-16 19:37:23 - [MESSAGE][PASSED] - Object: 'Object Repository/PharmacyRequest/Page_KDMC - Pharmacy/a_dropdown-toggle' is clicked on

2018-05-16 19:37:23 - [TEST_STEP][PASSED] - click: Object: 'Object Repository/PharmacyRequest/Page_KDMC - Pharmacy/a_Sign out' is clicked on

2018-05-16 19:37:23 - [MESSAGE][PASSED] - Object: 'Object Repository/PharmacyRequest/Page_KDMC - Pharmacy/a_Sign out' is clicked on

2018-05-16 19:37:23 - [TEST_STEP][PASSED] - delay: Delayed 3 second(s)

2018-05-16 19:37:26 - [MESSAGE][PASSED] - Delayed 3 second(s)

2018-05-16 19:37:26 - [TEST_STEP][PASSED] - click: Object: 'Object Repository/PharmacyRequest/Page_KDMC/a_CMO' is clicked on

2018-05-16 19:37:27 - [MESSAGE][PASSED] - Object: 'Object Repository/PharmacyRequest/Page_KDMC/a_CMO' is clicked on

2018-05-16 19:37:27 - [TEST_STEP][PASSED] - setText: Text 'guru' is set on object 'Object Repository/PharmacyRequest/Page_CMO login/input_txtusername'

2018-05-16 19:37:27 - [MESSAGE][PASSED] - Text 'guru' is set on object 'Object Repository/PharmacyRequest/Page_CMO login/input_txtusername'

2018-05-16 19:37:27 - [TEST_STEP][PASSED] - setText: Text '123' is set on object 'Object Repository/PharmacyRequest/Page_CMO login/input_txtpassword'

2018-05-16 19:37:27 - [MESSAGE][PASSED] - Text '123' is set on object 'Object Repository/PharmacyRequest/Page_CMO login/input_txtpassword'

2018-05-16 19:37:27 - [TEST_STEP][PASSED] - delay: Delayed 3 second(s)

2018-05-16 19:37:30 - [MESSAGE][PASSED] - Delayed 3 second(s)

2018-05-16 19:37:30 - [TEST_STEP][PASSED] - click: Object: 'Object Repository/PharmacyRequest/Page_CMO login/button_Sign in' is clicked on

2018-05-16 19:37:30 - [MESSAGE][PASSED] - Object: 'Object Repository/PharmacyRequest/Page_CMO login/button_Sign in' is clicked on

2018-05-16 19:37:30 - [TEST_STEP][PASSED] - click: Object: 'Object Repository/PharmacyRequest/Page_KDMC - CMO/a_Department Wise Request' is clicked on

2018-05-16 19:37:31 - [MESSAGE][PASSED] - Object: 'Object Repository/PharmacyRequest/Page_KDMC - CMO/a_Department Wise Request' is clicked on

2018-05-16 19:37:31 - [TEST_STEP][PASSED] - selectOptionByIndex: All options with index in [2] are selected on object 'Object Repository/PharmacyRequest/Page_KDMC - CMO/select_--ALL--'

2018-05-16 19:37:31 - [MESSAGE][PASSED] - All options with index in [2] are selected on object 'Object Repository/PharmacyRequest/Page_KDMC - CMO/select_--ALL--'

2018-05-16 19:37:31 - [TEST_STEP][PASSED] - selectOptionByIndex: All options with index in [1] are selected on object 'Object Repository/PharmacyRequest/Page_KDMC - CMO/select_--ALL--                _1'

2018-05-16 19:37:31 - [MESSAGE][PASSED] - All options with index in [1] are selected on object 'Object Repository/PharmacyRequest/Page_KDMC - CMO/select_--ALL--                _1'

2018-05-16 19:37:31 - [TEST_STEP][PASSED] - click: Object: 'Object Repository/PharmacyRequest/Page_KDMC - CMO/input_btnsearch' is clicked on

2018-05-16 19:37:31 - [MESSAGE][PASSED] - Object: 'Object Repository/PharmacyRequest/Page_KDMC - CMO/input_btnsearch' is clicked on

2018-05-16 19:37:31 - [TEST_STEP][PASSED] - Statement - ID = com.kms.katalon.core.webui.keyword.WebUiBuiltInKeywords.modifyObjectProperty(com.kms.katalon.core.testobject.ObjectRepository.findTestObject(PharmacyRequest/Page_KDMC - CMO/input_2), "xpath", "equals", "//*[@id=" + RID + "]", true): Modify property of object successfully

2018-05-16 19:37:31 - [MESSAGE][PASSED] - Modify property of object successfully

2018-05-16 19:37:31 - [TEST_STEP][PASSED] - click: Object: 'Object Repository/PharmacyRequest/Page_KDMC - CMO/input_2' is clicked on

2018-05-16 19:37:32 - [MESSAGE][PASSED] - Object: 'Object Repository/PharmacyRequest/Page_KDMC - CMO/input_2' is clicked on

2018-05-16 19:37:32 - [TEST_STEP][PASSED] - delay: Delayed 3 second(s)

2018-05-16 19:37:35 - [MESSAGE][PASSED] - Delayed 3 second(s)

2018-05-16 19:37:35 - [TEST_STEP][PASSED] - selectOptionByIndex: All options with index in [1] are selected on object 'Object Repository/PharmacyRequest/Page_KDMC - CMO/select_--Select--'

2018-05-16 19:37:35 - [MESSAGE][PASSED] - All options with index in [1] are selected on object 'Object Repository/PharmacyRequest/Page_KDMC - CMO/select_--Select--'

2018-05-16 19:37:35 - [TEST_STEP][PASSED] - click: Object: 'Object Repository/PharmacyRequest/Page_KDMC - CMO/input_btnupdate' is clicked on

2018-05-16 19:37:35 - [MESSAGE][PASSED] - Object: 'Object Repository/PharmacyRequest/Page_KDMC - CMO/input_btnupdate' is clicked on

2018-05-16 19:37:35 - [TEST_STEP][PASSED] - delay: Delayed 3 second(s)

2018-05-16 19:37:38 - [MESSAGE][PASSED] - Delayed 3 second(s)

2018-05-16 19:37:38 - [TEST_STEP][PASSED] - click: Object: 'Object Repository/PharmacyRequest/Page_KDMC - CMO/button_OK' is clicked on

2018-05-16 19:37:39 - [MESSAGE][PASSED] - Object: 'Object Repository/PharmacyRequest/Page_KDMC - CMO/button_OK' is clicked on

2018-05-16 19:37:39 - [TEST_STEP][PASSED] - delay: Delayed 3 second(s)

2018-05-16 19:37:42 - [MESSAGE][PASSED] - Delayed 3 second(s)

2018-05-16 19:37:42 - [TEST_STEP][PASSED] - click: Object: 'Object Repository/PharmacyRequest/Page_KDMC - CMO/a_dropdown-toggle' is clicked on

2018-05-16 19:37:42 - [MESSAGE][PASSED] - Object: 'Object Repository/PharmacyRequest/Page_KDMC - CMO/a_dropdown-toggle' is clicked on

2018-05-16 19:37:42 - [TEST_STEP][PASSED] - click: Object: 'Object Repository/PharmacyRequest/Page_KDMC - CMO/a_Sign out' is clicked on

2018-05-16 19:37:42 - [MESSAGE][PASSED] - Object: 'Object Repository/PharmacyRequest/Page_KDMC - CMO/a_Sign out' is clicked on

2018-05-16 19:37:42 - [TEST_STEP][PASSED] - delay: Delayed 3 second(s)

2018-05-16 19:37:45 - [MESSAGE][PASSED] - Delayed 3 second(s)

2018-05-16 19:37:45 - [TEST_STEP][PASSED] - click: Object: 'Object Repository/PharmacyRequest/Page_KDMC/a_Divisional Store' is clicked on

2018-05-16 19:37:46 - [MESSAGE][PASSED] - Object: 'Object Repository/PharmacyRequest/Page_KDMC/a_Divisional Store' is clicked on

2018-05-16 19:37:46 - [TEST_STEP][PASSED] - setText: Text 'ragu' is set on object 'Object Repository/PharmacyRequest/Page_Divisonal Store Login/input_txtusername'

2018-05-16 19:37:46 - [MESSAGE][PASSED] - Text 'ragu' is set on object 'Object Repository/PharmacyRequest/Page_Divisonal Store Login/input_txtusername'

2018-05-16 19:37:46 - [TEST_STEP][PASSED] - setText: Text '123' is set on object 'Object Repository/PharmacyRequest/Page_Divisonal Store Login/input_txtpassword'

2018-05-16 19:37:46 - [MESSAGE][PASSED] - Text '123' is set on object 'Object Repository/PharmacyRequest/Page_Divisonal Store Login/input_txtpassword'

2018-05-16 19:37:46 - [TEST_STEP][PASSED] - delay: Delayed 3 second(s)

2018-05-16 19:37:49 - [MESSAGE][PASSED] - Delayed 3 second(s)

2018-05-16 19:37:49 - [TEST_STEP][PASSED] - click: Object: 'Object Repository/PharmacyRequest/Page_Divisonal Store Login/button_Sign in' is clicked on

2018-05-16 19:37:50 - [MESSAGE][PASSED] - Object: 'Object Repository/PharmacyRequest/Page_Divisonal Store Login/button_Sign in' is clicked on

2018-05-16 19:37:50 - [TEST_STEP][PASSED] - delay: Delayed 3 second(s)

2018-05-16 19:37:53 - [MESSAGE][PASSED] - Delayed 3 second(s)

2018-05-16 19:37:53 - [TEST_STEP][PASSED] - click: Object: 'Object Repository/PharmacyRequest/Page_Store/a_Pharmacy Request' is clicked on

2018-05-16 19:37:53 - [MESSAGE][PASSED] - Object: 'Object Repository/PharmacyRequest/Page_Store/a_Pharmacy Request' is clicked on

2018-05-16 19:37:53 - [TEST_STEP][PASSED] - click: Object: 'Object Repository/PharmacyRequest/Page_Store/a_Request Item Pharmacy' is clicked on

2018-05-16 19:37:54 - [MESSAGE][PASSED] - Object: 'Object Repository/PharmacyRequest/Page_Store/a_Request Item Pharmacy' is clicked on

2018-05-16 19:37:54 - [TEST_STEP][PASSED] - delay: Delayed 2 second(s)

2018-05-16 19:37:56 - [MESSAGE][PASSED] - Delayed 2 second(s)

2018-05-16 19:37:56 - [TEST_STEP][PASSED] - setText: Text 'PRNO/16052018/133' is set on object 'Object Repository/PharmacyRequest/Page_Store/input'

2018-05-16 19:37:56 - [MESSAGE][PASSED] - Text 'PRNO/16052018/133' is set on object 'Object Repository/PharmacyRequest/Page_Store/input'

2018-05-16 19:37:56 - [TEST_STEP][PASSED] - delay: Delayed 2 second(s)

2018-05-16 19:37:58 - [MESSAGE][PASSED] - Delayed 2 second(s)

2018-05-16 19:37:58 - [TEST_STEP][PASSED] - Statement - ChooseRequest = com.kms.katalon.core.webui.keyword.WebUiBuiltInKeywords.modifyObjectProperty(com.kms.katalon.core.testobject.ObjectRepository.findTestObject(PharmacyRequest/Page_Store/input_2), "xpath", "equals", "//*[@id=" + RID + "]", true): Modify property of object successfully

2018-05-16 19:37:58 - [MESSAGE][PASSED] - Modify property of object successfully

2018-05-16 19:37:58 - [TEST_STEP][PASSED] - click: Object: 'Object Repository/PharmacyRequest/Page_Store/input_2' is clicked on

2018-05-16 19:37:58 - [MESSAGE][PASSED] - Object: 'Object Repository/PharmacyRequest/Page_Store/input_2' is clicked on

2018-05-16 19:37:58 - [TEST_STEP][PASSED] - delay: Delayed 2 second(s)

2018-05-16 19:38:00 - [MESSAGE][PASSED] - Delayed 2 second(s)

2018-05-16 19:38:00 - [TEST_STEP][PASSED] - Statement - selectedoptions = com.kms.katalon.core.webui.keyword.WebUiBuiltInKeywords.getNumberOfTotalOption(com.kms.katalon.core.testobject.ObjectRepository.findTestObject(PharmacyRequest/Page_Store/select_--Select--Amlodepin -5)): 37 options of object 'Object Repository/PharmacyRequest/Page_Store/select_--Select--Amlodepin -5' counted

2018-05-16 19:38:00 - [MESSAGE][PASSED] - 37 options of object 'Object Repository/PharmacyRequest/Page_Store/select_--Select--Amlodepin -5' counted

2018-05-16 19:38:00 - [TEST_STEP][PASSED] - Statement - For ([a = 1, a <= selectedoptions - 1, (a++)]): null

2018-05-16 19:38:00 - [TEST_STEP][PASSED] - selectOptionByIndex: All options with index in [1] are selected on object 'Object Repository/PharmacyRequest/Page_Store/select_--Select--Amlodepin -5'

2018-05-16 19:38:01 - [MESSAGE][PASSED] - All options with index in [1] are selected on object 'Object Repository/PharmacyRequest/Page_Store/select_--Select--Amlodepin -5'

2018-05-16 19:38:01 - [TEST_STEP][PASSED] - delay: Delayed 1 second(s)

2018-05-16 19:38:02 - [MESSAGE][PASSED] - Delayed 1 second(s)

2018-05-16 19:38:02 - [TEST_STEP][PASSED] - Statement - RequestedQty = com.kms.katalon.core.webui.keyword.WebUiBuiltInKeywords.getAttribute(com.kms.katalon.core.testobject.ObjectRepository.findTestObject(PharmacyRequest/Page_Store/input_txttotal), "value"): Attribute 'value' of object 'Object Repository/PharmacyRequest/Page_Store/input_txttotal' is: '10'

2018-05-16 19:38:02 - [MESSAGE][PASSED] - Attribute 'value' of object 'Object Repository/PharmacyRequest/Page_Store/input_txttotal' is: '10'

2018-05-16 19:38:02 - [TEST_STEP][PASSED] - Statement - out.println("Requested QTY : " + RequestedQty): null

2018-05-16 19:38:02 - [TEST_STEP][PASSED] - Statement - BatchNumber = com.kms.katalon.core.webui.keyword.WebUiBuiltInKeywords.getNumberOfTotalOption(com.kms.katalon.core.testobject.ObjectRepository.findTestObject(PharmacyRequest/Page_Store/select_--Select--BA50)): 3 options of object 'Object Repository/PharmacyRequest/Page_Store/select_--Select--BA50' counted

2018-05-16 19:38:02 - [MESSAGE][PASSED] - 3 options of object 'Object Repository/PharmacyRequest/Page_Store/select_--Select--BA50' counted

2018-05-16 19:38:02 - [TEST_STEP][PASSED] - Statement - For ([g = 1, g <= BatchNumber - 1, (g++)]): null

2018-05-16 19:38:02 - [TEST_STEP][PASSED] - selectOptionByIndex: All options with index in [1] are selected on object 'Object Repository/PharmacyRequest/Page_Store/select_--Select--BA50'

2018-05-16 19:38:02 - [MESSAGE][PASSED] - All options with index in [1] are selected on object 'Object Repository/PharmacyRequest/Page_Store/select_--Select--BA50'

2018-05-16 19:38:02 - [TEST_STEP][PASSED] - delay: Delayed 1 second(s)

2018-05-16 19:38:03 - [MESSAGE][PASSED] - Delayed 1 second(s)

2018-05-16 19:38:03 - [TEST_STEP][PASSED] - Statement - StockQty = com.kms.katalon.core.webui.keyword.WebUiBuiltInKeywords.getAttribute(com.kms.katalon.core.testobject.ObjectRepository.findTestObject(PharmacyRequest/Page_Store/input_txtprice), "value"): Attribute 'value' of object 'Object Repository/PharmacyRequest/Page_Store/input_txtprice' is: '950'

2018-05-16 19:38:03 - [MESSAGE][PASSED] - Attribute 'value' of object 'Object Repository/PharmacyRequest/Page_Store/input_txtprice' is: '950'

2018-05-16 19:38:03 - [TEST_STEP][PASSED] - Statement - out.println("Stock QTY : " + StockQty): null

2018-05-16 19:38:03 - [TEST_STEP][PASSED] - delay: Delayed 1 second(s)

2018-05-16 19:38:04 - [MESSAGE][PASSED] - Delayed 1 second(s)

2018-05-16 19:38:04 - [TEST_STEP][PASSED] - Statement - If (java.lang.Integer.valueOf(StockQty) >= java.lang.Integer.valueOf(RequestedQty)): null

2018-05-16 19:38:04 - [TEST_STEP][PASSED] - setText: Text '10' is set on object 'Object Repository/PharmacyRequest/Page_Store/input_txtqty'

2018-05-16 19:38:04 - [MESSAGE][PASSED] - Text '10' is set on object 'Object Repository/PharmacyRequest/Page_Store/input_txtqty'

2018-05-16 19:38:04 - [TEST_STEP][PASSED] - click: Object: 'Object Repository/PharmacyRequest/Page_Store/button_Add' is clicked on

2018-05-16 19:38:04 - [MESSAGE][PASSED] - Object: 'Object Repository/PharmacyRequest/Page_Store/button_Add' is clicked on

2018-05-16 19:38:04 - [TEST_STEP][PASSED] - Statement - Break: null

2018-05-16 19:38:04 - [TEST_STEP][PASSED] - selectOptionByIndex: All options with index in [2] are selected on object 'Object Repository/PharmacyRequest/Page_Store/select_--Select--Amlodepin -5'

2018-05-16 19:38:04 - [MESSAGE][PASSED] - All options with index in [2] are selected on object 'Object Repository/PharmacyRequest/Page_Store/select_--Select--Amlodepin -5'

2018-05-16 19:38:04 - [TEST_STEP][PASSED] - delay: Delayed 1 second(s)

2018-05-16 19:38:05 - [MESSAGE][PASSED] - Delayed 1 second(s)

2018-05-16 19:38:05 - [TEST_STEP][PASSED] - Statement - RequestedQty = com.kms.katalon.core.webui.keyword.WebUiBuiltInKeywords.getAttribute(com.kms.katalon.core.testobject.ObjectRepository.findTestObject(PharmacyRequest/Page_Store/input_txttotal), "value"): Attribute 'value' of object 'Object Repository/PharmacyRequest/Page_Store/input_txttotal' is: '10'

2018-05-16 19:38:05 - [MESSAGE][PASSED] - Attribute 'value' of object 'Object Repository/PharmacyRequest/Page_Store/input_txttotal' is: '10'

2018-05-16 19:38:05 - [TEST_STEP][PASSED] - Statement - out.println("Requested QTY : " + RequestedQty): null

2018-05-16 19:38:05 - [TEST_STEP][PASSED] - Statement - BatchNumber = com.kms.katalon.core.webui.keyword.WebUiBuiltInKeywords.getNumberOfTotalOption(com.kms.katalon.core.testobject.ObjectRepository.findTestObject(PharmacyRequest/Page_Store/select_--Select--BA50)): 3 options of object 'Object Repository/PharmacyRequest/Page_Store/select_--Select--BA50' counted

2018-05-16 19:38:05 - [MESSAGE][PASSED] - 3 options of object 'Object Repository/PharmacyRequest/Page_Store/select_--Select--BA50' counted

2018-05-16 19:38:05 - [TEST_STEP][PASSED] - Statement - For ([g = 1, g <= BatchNumber - 1, (g++)]): null

2018-05-16 19:38:05 - [TEST_STEP][PASSED] - selectOptionByIndex: All options with index in [1] are selected on object 'Object Repository/PharmacyRequest/Page_Store/select_--Select--BA50'

2018-05-16 19:38:05 - [MESSAGE][PASSED] - All options with index in [1] are selected on object 'Object Repository/PharmacyRequest/Page_Store/select_--Select--BA50'

2018-05-16 19:38:05 - [TEST_STEP][PASSED] - delay: Delayed 1 second(s)

2018-05-16 19:38:06 - [MESSAGE][PASSED] - Delayed 1 second(s)

2018-05-16 19:38:06 - [TEST_STEP][PASSED] - Statement - StockQty = com.kms.katalon.core.webui.keyword.WebUiBuiltInKeywords.getAttribute(com.kms.katalon.core.testobject.ObjectRepository.findTestObject(PharmacyRequest/Page_Store/input_txtprice), "value"): Attribute 'value' of object 'Object Repository/PharmacyRequest/Page_Store/input_txtprice' is: '950'

2018-05-16 19:38:07 - [MESSAGE][PASSED] - Attribute 'value' of object 'Object Repository/PharmacyRequest/Page_Store/input_txtprice' is: '950'

2018-05-16 19:38:07 - [TEST_STEP][PASSED] - Statement - out.println("Stock QTY : " + StockQty): null

2018-05-16 19:38:07 - [TEST_STEP][PASSED] - delay: Delayed 1 second(s)

2018-05-16 19:38:08 - [MESSAGE][PASSED] - Delayed 1 second(s)

2018-05-16 19:38:08 - [TEST_STEP][PASSED] - Statement - If (java.lang.Integer.valueOf(StockQty) >= java.lang.Integer.valueOf(RequestedQty)): null

2018-05-16 19:38:08 - [TEST_STEP][PASSED] - setText: Text '10' is set on object 'Object Repository/PharmacyRequest/Page_Store/input_txtqty'

2018-05-16 19:38:08 - [MESSAGE][PASSED] - Text '10' is set on object 'Object Repository/PharmacyRequest/Page_Store/input_txtqty'

2018-05-16 19:38:08 - [TEST_STEP][PASSED] - click: Object: 'Object Repository/PharmacyRequest/Page_Store/button_Add' is clicked on

2018-05-16 19:38:08 - [MESSAGE][PASSED] - Object: 'Object Repository/PharmacyRequest/Page_Store/button_Add' is clicked on

2018-05-16 19:38:08 - [TEST_STEP][PASSED] - Statement - Break: null

2018-05-16 19:38:08 - [TEST_STEP][PASSED] - selectOptionByIndex: All options with index in [3] are selected on object 'Object Repository/PharmacyRequest/Page_Store/select_--Select--Amlodepin -5'

2018-05-16 19:38:08 - [MESSAGE][PASSED] - All options with index in [3] are selected on object 'Object Repository/PharmacyRequest/Page_Store/select_--Select--Amlodepin -5'

2018-05-16 19:38:08 - [TEST_STEP][PASSED] - delay: Delayed 1 second(s)

2018-05-16 19:38:09 - [MESSAGE][PASSED] - Delayed 1 second(s)

2018-05-16 19:38:09 - [TEST_STEP][PASSED] - Statement - RequestedQty = com.kms.katalon.core.webui.keyword.WebUiBuiltInKeywords.getAttribute(com.kms.katalon.core.testobject.ObjectRepository.findTestObject(PharmacyRequest/Page_Store/input_txttotal), "value"): Attribute 'value' of object 'Object Repository/PharmacyRequest/Page_Store/input_txttotal' is: '10'

2018-05-16 19:38:09 - [MESSAGE][PASSED] - Attribute 'value' of object 'Object Repository/PharmacyRequest/Page_Store/input_txttotal' is: '10'

2018-05-16 19:38:09 - [TEST_STEP][PASSED] - Statement - out.println("Requested QTY : " + RequestedQty): null

2018-05-16 19:38:09 - [TEST_STEP][PASSED] - Statement - BatchNumber = com.kms.katalon.core.webui.keyword.WebUiBuiltInKeywords.getNumberOfTotalOption(com.kms.katalon.core.testobject.ObjectRepository.findTestObject(PharmacyRequest/Page_Store/select_--Select--BA50)): 2 options of object 'Object Repository/PharmacyRequest/Page_Store/select_--Select--BA50' counted

2018-05-16 19:38:09 - [MESSAGE][PASSED] - 2 options of object 'Object Repository/PharmacyRequest/Page_Store/select_--Select--BA50' counted

2018-05-16 19:38:09 - [TEST_STEP][PASSED] - Statement - For ([g = 1, g <= BatchNumber - 1, (g++)]): null

2018-05-16 19:38:09 - [TEST_STEP][PASSED] - selectOptionByIndex: All options with index in [1] are selected on object 'Object Repository/PharmacyRequest/Page_Store/select_--Select--BA50'

2018-05-16 19:38:09 - [MESSAGE][PASSED] - All options with index in [1] are selected on object 'Object Repository/PharmacyRequest/Page_Store/select_--Select--BA50'

2018-05-16 19:38:09 - [TEST_STEP][PASSED] - delay: Delayed 1 second(s)

2018-05-16 19:38:10 - [MESSAGE][PASSED] - Delayed 1 second(s)

2018-05-16 19:38:10 - [TEST_STEP][PASSED] - Statement - StockQty = com.kms.katalon.core.webui.keyword.WebUiBuiltInKeywords.getAttribute(com.kms.katalon.core.testobject.ObjectRepository.findTestObject(PharmacyRequest/Page_Store/input_txtprice), "value"): Attribute 'value' of object 'Object Repository/PharmacyRequest/Page_Store/input_txtprice' is: '1030'

2018-05-16 19:38:10 - [MESSAGE][PASSED] - Attribute 'value' of object 'Object Repository/PharmacyRequest/Page_Store/input_txtprice' is: '1030'

2018-05-16 19:38:10 - [TEST_STEP][PASSED] - Statement - out.println("Stock QTY : " + StockQty): null

2018-05-16 19:38:10 - [TEST_STEP][PASSED] - delay: Delayed 1 second(s)

2018-05-16 19:38:11 - [MESSAGE][PASSED] - Delayed 1 second(s)

2018-05-16 19:38:11 - [TEST_STEP][PASSED] - Statement - If (java.lang.Integer.valueOf(StockQty) >= java.lang.Integer.valueOf(RequestedQty)): null

2018-05-16 19:38:11 - [TEST_STEP][PASSED] - setText: Text '10' is set on object 'Object Repository/PharmacyRequest/Page_Store/input_txtqty'

2018-05-16 19:38:11 - [MESSAGE][PASSED] - Text '10' is set on object 'Object Repository/PharmacyRequest/Page_Store/input_txtqty'

2018-05-16 19:38:11 - [TEST_STEP][PASSED] - click: Object: 'Object Repository/PharmacyRequest/Page_Store/button_Add' is clicked on

2018-05-16 19:38:11 - [MESSAGE][PASSED] - Object: 'Object Repository/PharmacyRequest/Page_Store/button_Add' is clicked on

2018-05-16 19:38:11 - [TEST_STEP][PASSED] - Statement - Break: null

2018-05-16 19:38:11 - [TEST_STEP][PASSED] - selectOptionByIndex: All options with index in [4] are selected on object 'Object Repository/PharmacyRequest/Page_Store/select_--Select--Amlodepin -5'

2018-05-16 19:38:11 - [MESSAGE][PASSED] - All options with index in [4] are selected on object 'Object Repository/PharmacyRequest/Page_Store/select_--Select--Amlodepin -5'

2018-05-16 19:38:11 - [TEST_STEP][PASSED] - delay: Delayed 1 second(s)

2018-05-16 19:38:12 - [MESSAGE][PASSED] - Delayed 1 second(s)

2018-05-16 19:38:12 - [TEST_STEP][PASSED] - Statement - RequestedQty = com.kms.katalon.core.webui.keyword.WebUiBuiltInKeywords.getAttribute(com.kms.katalon.core.testobject.ObjectRepository.findTestObject(PharmacyRequest/Page_Store/input_txttotal), "value"): Attribute 'value' of object 'Object Repository/PharmacyRequest/Page_Store/input_txttotal' is: '10'

2018-05-16 19:38:12 - [MESSAGE][PASSED] - Attribute 'value' of object 'Object Repository/PharmacyRequest/Page_Store/input_txttotal' is: '10'

2018-05-16 19:38:12 - [TEST_STEP][PASSED] - Statement - out.println("Requested QTY : " + RequestedQty): null

2018-05-16 19:38:12 - [TEST_STEP][PASSED] - Statement - BatchNumber = com.kms.katalon.core.webui.keyword.WebUiBuiltInKeywords.getNumberOfTotalOption(com.kms.katalon.core.testobject.ObjectRepository.findTestObject(PharmacyRequest/Page_Store/select_--Select--BA50)): 2 options of object 'Object Repository/PharmacyRequest/Page_Store/select_--Select--BA50' counted

2018-05-16 19:38:12 - [MESSAGE][PASSED] - 2 options of object 'Object Repository/PharmacyRequest/Page_Store/select_--Select--BA50' counted

2018-05-16 19:38:12 - [TEST_STEP][PASSED] - Statement - For ([g = 1, g <= BatchNumber - 1, (g++)]): null

2018-05-16 19:38:12 - [TEST_STEP][PASSED] - selectOptionByIndex: All options with index in [1] are selected on object 'Object Repository/PharmacyRequest/Page_Store/select_--Select--BA50'

2018-05-16 19:38:13 - [MESSAGE][PASSED] - All options with index in [1] are selected on object 'Object Repository/PharmacyRequest/Page_Store/select_--Select--BA50'

2018-05-16 19:38:13 - [TEST_STEP][PASSED] - delay: Delayed 1 second(s)

2018-05-16 19:38:14 - [MESSAGE][PASSED] - Delayed 1 second(s)

2018-05-16 19:38:14 - [TEST_STEP][PASSED] - Statement - StockQty = com.kms.katalon.core.webui.keyword.WebUiBuiltInKeywords.getAttribute(com.kms.katalon.core.testobject.ObjectRepository.findTestObject(PharmacyRequest/Page_Store/input_txtprice), "value"): Attribute 'value' of object 'Object Repository/PharmacyRequest/Page_Store/input_txtprice' is: '1036'

2018-05-16 19:38:14 - [MESSAGE][PASSED] - Attribute 'value' of object 'Object Repository/PharmacyRequest/Page_Store/input_txtprice' is: '1036'

2018-05-16 19:38:14 - [TEST_STEP][PASSED] - Statement - out.println("Stock QTY : " + StockQty): null

2018-05-16 19:38:14 - [TEST_STEP][PASSED] - delay: Delayed 1 second(s)

2018-05-16 19:38:15 - [MESSAGE][PASSED] - Delayed 1 second(s)

2018-05-16 19:38:15 - [TEST_STEP][PASSED] - Statement - If (java.lang.Integer.valueOf(StockQty) >= java.lang.Integer.valueOf(RequestedQty)): null

2018-05-16 19:38:15 - [TEST_STEP][PASSED] - setText: Text '10' is set on object 'Object Repository/PharmacyRequest/Page_Store/input_txtqty'

2018-05-16 19:38:15 - [MESSAGE][PASSED] - Text '10' is set on object 'Object Repository/PharmacyRequest/Page_Store/input_txtqty'

2018-05-16 19:38:15 - [TEST_STEP][PASSED] - click: Object: 'Object Repository/PharmacyRequest/Page_Store/button_Add' is clicked on

2018-05-16 19:38:15 - [MESSAGE][PASSED] - Object: 'Object Repository/PharmacyRequest/Page_Store/button_Add' is clicked on

2018-05-16 19:38:15 - [TEST_STEP][PASSED] - Statement - Break: null

2018-05-16 19:38:15 - [TEST_STEP][PASSED] - selectOptionByIndex: All options with index in [5] are selected on object 'Object Repository/PharmacyRequest/Page_Store/select_--Select--Amlodepin -5'

2018-05-16 19:38:15 - [MESSAGE][PASSED] - All options with index in [5] are selected on object 'Object Repository/PharmacyRequest/Page_Store/select_--Select--Amlodepin -5'

2018-05-16 19:38:15 - [TEST_STEP][PASSED] - delay: Delayed 1 second(s)

2018-05-16 19:38:16 - [MESSAGE][PASSED] - Delayed 1 second(s)

2018-05-16 19:38:16 - [TEST_STEP][PASSED] - Statement - RequestedQty = com.kms.katalon.core.webui.keyword.WebUiBuiltInKeywords.getAttribute(com.kms.katalon.core.testobject.ObjectRepository.findTestObject(PharmacyRequest/Page_Store/input_txttotal), "value"): Attribute 'value' of object 'Object Repository/PharmacyRequest/Page_Store/input_txttotal' is: '10'

2018-05-16 19:38:16 - [MESSAGE][PASSED] - Attribute 'value' of object 'Object Repository/PharmacyRequest/Page_Store/input_txttotal' is: '10'

2018-05-16 19:38:16 - [TEST_STEP][PASSED] - Statement - out.println("Requested QTY : " + RequestedQty): null

2018-05-16 19:38:16 - [TEST_STEP][PASSED] - Statement - BatchNumber = com.kms.katalon.core.webui.keyword.WebUiBuiltInKeywords.getNumberOfTotalOption(com.kms.katalon.core.testobject.ObjectRepository.findTestObject(PharmacyRequest/Page_Store/select_--Select--BA50)): 2 options of object 'Object Repository/PharmacyRequest/Page_Store/select_--Select--BA50' counted

2018-05-16 19:38:16 - [MESSAGE][PASSED] - 2 options of object 'Object Repository/PharmacyRequest/Page_Store/select_--Select--BA50' counted

2018-05-16 19:38:16 - [TEST_STEP][PASSED] - Statement - For ([g = 1, g <= BatchNumber - 1, (g++)]): null

2018-05-16 19:38:16 - [TEST_STEP][PASSED] - selectOptionByIndex: All options with index in [1] are selected on object 'Object Repository/PharmacyRequest/Page_Store/select_--Select--BA50'

2018-05-16 19:38:16 - [MESSAGE][PASSED] - All options with index in [1] are selected on object 'Object Repository/PharmacyRequest/Page_Store/select_--Select--BA50'

2018-05-16 19:38:16 - [TEST_STEP][PASSED] - delay: Delayed 1 second(s)

2018-05-16 19:38:17 - [MESSAGE][PASSED] - Delayed 1 second(s)

2018-05-16 19:38:17 - [TEST_STEP][PASSED] - Statement - StockQty = com.kms.katalon.core.webui.keyword.WebUiBuiltInKeywords.getAttribute(com.kms.katalon.core.testobject.ObjectRepository.findTestObject(PharmacyRequest/Page_Store/input_txtprice), "value"): Attribute 'value' of object 'Object Repository/PharmacyRequest/Page_Store/input_txtprice' is: '1070'

2018-05-16 19:38:17 - [MESSAGE][PASSED] - Attribute 'value' of object 'Object Repository/PharmacyRequest/Page_Store/input_txtprice' is: '1070'

2018-05-16 19:38:17 - [TEST_STEP][PASSED] - Statement - out.println("Stock QTY : " + StockQty): null

2018-05-16 19:38:17 - [TEST_STEP][PASSED] - delay: Delayed 1 second(s)

2018-05-16 19:38:18 - [MESSAGE][PASSED] - Delayed 1 second(s)

2018-05-16 19:38:18 - [TEST_STEP][PASSED] - Statement - If (java.lang.Integer.valueOf(StockQty) >= java.lang.Integer.valueOf(RequestedQty)): null

2018-05-16 19:38:18 - [TEST_STEP][PASSED] - setText: Text '10' is set on object 'Object Repository/PharmacyRequest/Page_Store/input_txtqty'

2018-05-16 19:38:18 - [MESSAGE][PASSED] - Text '10' is set on object 'Object Repository/PharmacyRequest/Page_Store/input_txtqty'

2018-05-16 19:38:18 - [TEST_STEP][PASSED] - click: Object: 'Object Repository/PharmacyRequest/Page_Store/button_Add' is clicked on

2018-05-16 19:38:18 - [MESSAGE][PASSED] - Object: 'Object Repository/PharmacyRequest/Page_Store/button_Add' is clicked on

2018-05-16 19:38:18 - [TEST_STEP][PASSED] - Statement - Break: null

2018-05-16 19:38:18 - [TEST_STEP][PASSED] - selectOptionByIndex: All options with index in [6] are selected on object 'Object Repository/PharmacyRequest/Page_Store/select_--Select--Amlodepin -5'

2018-05-16 19:38:18 - [MESSAGE][PASSED] - All options with index in [6] are selected on object 'Object Repository/PharmacyRequest/Page_Store/select_--Select--Amlodepin -5'

2018-05-16 19:38:19 - [TEST_STEP][PASSED] - delay: Delayed 1 second(s)

2018-05-16 19:38:20 - [MESSAGE][PASSED] - Delayed 1 second(s)

2018-05-16 19:38:20 - [TEST_STEP][PASSED] - Statement - RequestedQty = com.kms.katalon.core.webui.keyword.WebUiBuiltInKeywords.getAttribute(com.kms.katalon.core.testobject.ObjectRepository.findTestObject(PharmacyRequest/Page_Store/input_txttotal), "value"): Attribute 'value' of object 'Object Repository/PharmacyRequest/Page_Store/input_txttotal' is: '10'

2018-05-16 19:38:20 - [MESSAGE][PASSED] - Attribute 'value' of object 'Object Repository/PharmacyRequest/Page_Store/input_txttotal' is: '10'

2018-05-16 19:38:20 - [TEST_STEP][PASSED] - Statement - out.println("Requested QTY : " + RequestedQty): null

2018-05-16 19:38:20 - [TEST_STEP][PASSED] - Statement - BatchNumber = com.kms.katalon.core.webui.keyword.WebUiBuiltInKeywords.getNumberOfTotalOption(com.kms.katalon.core.testobject.ObjectRepository.findTestObject(PharmacyRequest/Page_Store/select_--Select--BA50)): 3 options of object 'Object Repository/PharmacyRequest/Page_Store/select_--Select--BA50' counted

2018-05-16 19:38:20 - [MESSAGE][PASSED] - 3 options of object 'Object Repository/PharmacyRequest/Page_Store/select_--Select--BA50' counted

2018-05-16 19:38:20 - [TEST_STEP][PASSED] - Statement - For ([g = 1, g <= BatchNumber - 1, (g++)]): null

2018-05-16 19:38:20 - [TEST_STEP][PASSED] - selectOptionByIndex: All options with index in [1] are selected on object 'Object Repository/PharmacyRequest/Page_Store/select_--Select--BA50'

2018-05-16 19:38:20 - [MESSAGE][PASSED] - All options with index in [1] are selected on object 'Object Repository/PharmacyRequest/Page_Store/select_--Select--BA50'

2018-05-16 19:38:20 - [TEST_STEP][PASSED] - delay: Delayed 1 second(s)

2018-05-16 19:38:21 - [MESSAGE][PASSED] - Delayed 1 second(s)

2018-05-16 19:38:21 - [TEST_STEP][PASSED] - Statement - StockQty = com.kms.katalon.core.webui.keyword.WebUiBuiltInKeywords.getAttribute(com.kms.katalon.core.testobject.ObjectRepository.findTestObject(PharmacyRequest/Page_Store/input_txtprice), "value"): Attribute 'value' of object 'Object Repository/PharmacyRequest/Page_Store/input_txtprice' is: '970'

2018-05-16 19:38:21 - [MESSAGE][PASSED] - Attribute 'value' of object 'Object Repository/PharmacyRequest/Page_Store/input_txtprice' is: '970'

2018-05-16 19:38:21 - [TEST_STEP][PASSED] - Statement - out.println("Stock QTY : " + StockQty): null

2018-05-16 19:38:21 - [TEST_STEP][PASSED] - delay: Delayed 1 second(s)

2018-05-16 19:38:22 - [MESSAGE][PASSED] - Delayed 1 second(s)

2018-05-16 19:38:22 - [TEST_STEP][PASSED] - Statement - If (java.lang.Integer.valueOf(StockQty) >= java.lang.Integer.valueOf(RequestedQty)): null

2018-05-16 19:38:22 - [TEST_STEP][PASSED] - setText: Text '10' is set on object 'Object Repository/PharmacyRequest/Page_Store/input_txtqty'

2018-05-16 19:38:22 - [MESSAGE][PASSED] - Text '10' is set on object 'Object Repository/PharmacyRequest/Page_Store/input_txtqty'

2018-05-16 19:38:22 - [TEST_STEP][PASSED] - click: Object: 'Object Repository/PharmacyRequest/Page_Store/button_Add' is clicked on

2018-05-16 19:38:22 - [MESSAGE][PASSED] - Object: 'Object Repository/PharmacyRequest/Page_Store/button_Add' is clicked on

2018-05-16 19:38:22 - [TEST_STEP][PASSED] - Statement - Break: null

2018-05-16 19:38:22 - [TEST_STEP][PASSED] - selectOptionByIndex: All options with index in [7] are selected on object 'Object Repository/PharmacyRequest/Page_Store/select_--Select--Amlodepin -5'

2018-05-16 19:38:22 - [MESSAGE][PASSED] - All options with index in [7] are selected on object 'Object Repository/PharmacyRequest/Page_Store/select_--Select--Amlodepin -5'

2018-05-16 19:38:22 - [TEST_STEP][PASSED] - delay: Delayed 1 second(s)

2018-05-16 19:38:23 - [MESSAGE][PASSED] - Delayed 1 second(s)

2018-05-16 19:38:23 - [TEST_STEP][PASSED] - Statement - RequestedQty = com.kms.katalon.core.webui.keyword.WebUiBuiltInKeywords.getAttribute(com.kms.katalon.core.testobject.ObjectRepository.findTestObject(PharmacyRequest/Page_Store/input_txttotal), "value"): Attribute 'value' of object 'Object Repository/PharmacyRequest/Page_Store/input_txttotal' is: '10'

2018-05-16 19:38:23 - [MESSAGE][PASSED] - Attribute 'value' of object 'Object Repository/PharmacyRequest/Page_Store/input_txttotal' is: '10'

2018-05-16 19:38:23 - [TEST_STEP][PASSED] - Statement - out.println("Requested QTY : " + RequestedQty): null

2018-05-16 19:38:23 - [TEST_STEP][PASSED] - Statement - BatchNumber = com.kms.katalon.core.webui.keyword.WebUiBuiltInKeywords.getNumberOfTotalOption(com.kms.katalon.core.testobject.ObjectRepository.findTestObject(PharmacyRequest/Page_Store/select_--Select--BA50)): 3 options of object 'Object Repository/PharmacyRequest/Page_Store/select_--Select--BA50' counted

2018-05-16 19:38:23 - [MESSAGE][PASSED] - 3 options of object 'Object Repository/PharmacyRequest/Page_Store/select_--Select--BA50' counted

2018-05-16 19:38:23 - [TEST_STEP][PASSED] - Statement - For ([g = 1, g <= BatchNumber - 1, (g++)]): null

2018-05-16 19:38:23 - [TEST_STEP][PASSED] - selectOptionByIndex: All options with index in [1] are selected on object 'Object Repository/PharmacyRequest/Page_Store/select_--Select--BA50'

2018-05-16 19:38:23 - [MESSAGE][PASSED] - All options with index in [1] are selected on object 'Object Repository/PharmacyRequest/Page_Store/select_--Select--BA50'

2018-05-16 19:38:23 - [TEST_STEP][PASSED] - delay: Delayed 1 second(s)

2018-05-16 19:38:24 - [MESSAGE][PASSED] - Delayed 1 second(s)

2018-05-16 19:38:24 - [TEST_STEP][PASSED] - Statement - StockQty = com.kms.katalon.core.webui.keyword.WebUiBuiltInKeywords.getAttribute(com.kms.katalon.core.testobject.ObjectRepository.findTestObject(PharmacyRequest/Page_Store/input_txtprice), "value"): Attribute 'value' of object 'Object Repository/PharmacyRequest/Page_Store/input_txtprice' is: '970'

2018-05-16 19:38:24 - [MESSAGE][PASSED] - Attribute 'value' of object 'Object Repository/PharmacyRequest/Page_Store/input_txtprice' is: '970'

2018-05-16 19:38:24 - [TEST_STEP][PASSED] - Statement - out.println("Stock QTY : " + StockQty): null

2018-05-16 19:38:24 - [TEST_STEP][PASSED] - delay: Delayed 1 second(s)

2018-05-16 19:38:25 - [MESSAGE][PASSED] - Delayed 1 second(s)

2018-05-16 19:38:25 - [TEST_STEP][PASSED] - Statement - If (java.lang.Integer.valueOf(StockQty) >= java.lang.Integer.valueOf(RequestedQty)): null

2018-05-16 19:38:25 - [TEST_STEP][PASSED] - setText: Text '10' is set on object 'Object Repository/PharmacyRequest/Page_Store/input_txtqty'

2018-05-16 19:38:25 - [MESSAGE][PASSED] - Text '10' is set on object 'Object Repository/PharmacyRequest/Page_Store/input_txtqty'

2018-05-16 19:38:25 - [TEST_STEP][PASSED] - click: Object: 'Object Repository/PharmacyRequest/Page_Store/button_Add' is clicked on

2018-05-16 19:38:25 - [MESSAGE][PASSED] - Object: 'Object Repository/PharmacyRequest/Page_Store/button_Add' is clicked on

2018-05-16 19:38:25 - [TEST_STEP][PASSED] - Statement - Break: null

2018-05-16 19:38:25 - [TEST_STEP][PASSED] - selectOptionByIndex: All options with index in [8] are selected on object 'Object Repository/PharmacyRequest/Page_Store/select_--Select--Amlodepin -5'

2018-05-16 19:38:26 - [MESSAGE][PASSED] - All options with index in [8] are selected on object 'Object Repository/PharmacyRequest/Page_Store/select_--Select--Amlodepin -5'

2018-05-16 19:38:26 - [TEST_STEP][PASSED] - delay: Delayed 1 second(s)

2018-05-16 19:38:27 - [MESSAGE][PASSED] - Delayed 1 second(s)

2018-05-16 19:38:27 - [TEST_STEP][PASSED] - Statement - RequestedQty = com.kms.katalon.core.webui.keyword.WebUiBuiltInKeywords.getAttribute(com.kms.katalon.core.testobject.ObjectRepository.findTestObject(PharmacyRequest/Page_Store/input_txttotal), "value"): Attribute 'value' of object 'Object Repository/PharmacyRequest/Page_Store/input_txttotal' is: '10'

2018-05-16 19:38:27 - [MESSAGE][PASSED] - Attribute 'value' of object 'Object Repository/PharmacyRequest/Page_Store/input_txttotal' is: '10'

2018-05-16 19:38:27 - [TEST_STEP][PASSED] - Statement - out.println("Requested QTY : " + RequestedQty): null

2018-05-16 19:38:27 - [TEST_STEP][PASSED] - Statement - BatchNumber = com.kms.katalon.core.webui.keyword.WebUiBuiltInKeywords.getNumberOfTotalOption(com.kms.katalon.core.testobject.ObjectRepository.findTestObject(PharmacyRequest/Page_Store/select_--Select--BA50)): 2 options of object 'Object Repository/PharmacyRequest/Page_Store/select_--Select--BA50' counted

2018-05-16 19:38:27 - [MESSAGE][PASSED] - 2 options of object 'Object Repository/PharmacyRequest/Page_Store/select_--Select--BA50' counted

2018-05-16 19:38:27 - [TEST_STEP][PASSED] - Statement - For ([g = 1, g <= BatchNumber - 1, (g++)]): null

2018-05-16 19:38:27 - [TEST_STEP][PASSED] - selectOptionByIndex: All options with index in [1] are selected on object 'Object Repository/PharmacyRequest/Page_Store/select_--Select--BA50'

2018-05-16 19:38:27 - [MESSAGE][PASSED] - All options with index in [1] are selected on object 'Object Repository/PharmacyRequest/Page_Store/select_--Select--BA50'

2018-05-16 19:38:27 - [TEST_STEP][PASSED] - delay: Delayed 1 second(s)

2018-05-16 19:38:28 - [MESSAGE][PASSED] - Delayed 1 second(s)

2018-05-16 19:38:28 - [TEST_STEP][PASSED] - Statement - StockQty = com.kms.katalon.core.webui.keyword.WebUiBuiltInKeywords.getAttribute(com.kms.katalon.core.testobject.ObjectRepository.findTestObject(PharmacyRequest/Page_Store/input_txtprice), "value"): Attribute 'value' of object 'Object Repository/PharmacyRequest/Page_Store/input_txtprice' is: '1070'

2018-05-16 19:38:28 - [MESSAGE][PASSED] - Attribute 'value' of object 'Object Repository/PharmacyRequest/Page_Store/input_txtprice' is: '1070'

2018-05-16 19:38:28 - [TEST_STEP][PASSED] - Statement - out.println("Stock QTY : " + StockQty): null

2018-05-16 19:38:28 - [TEST_STEP][PASSED] - delay: Delayed 1 second(s)

2018-05-16 19:38:29 - [MESSAGE][PASSED] - Delayed 1 second(s)

2018-05-16 19:38:29 - [TEST_STEP][PASSED] - Statement - If (java.lang.Integer.valueOf(StockQty) >= java.lang.Integer.valueOf(RequestedQty)): null

2018-05-16 19:38:29 - [TEST_STEP][PASSED] - setText: Text '10' is set on object 'Object Repository/PharmacyRequest/Page_Store/input_txtqty'

2018-05-16 19:38:29 - [MESSAGE][PASSED] - Text '10' is set on object 'Object Repository/PharmacyRequest/Page_Store/input_txtqty'

2018-05-16 19:38:29 - [TEST_STEP][PASSED] - click: Object: 'Object Repository/PharmacyRequest/Page_Store/button_Add' is clicked on

2018-05-16 19:38:29 - [MESSAGE][PASSED] - Object: 'Object Repository/PharmacyRequest/Page_Store/button_Add' is clicked on

2018-05-16 19:38:29 - [TEST_STEP][PASSED] - Statement - Break: null

2018-05-16 19:38:29 - [TEST_STEP][PASSED] - selectOptionByIndex: All options with index in [9] are selected on object 'Object Repository/PharmacyRequest/Page_Store/select_--Select--Amlodepin -5'

2018-05-16 19:38:29 - [MESSAGE][PASSED] - All options with index in [9] are selected on object 'Object Repository/PharmacyRequest/Page_Store/select_--Select--Amlodepin -5'

2018-05-16 19:38:29 - [TEST_STEP][PASSED] - delay: Delayed 1 second(s)

2018-05-16 19:38:30 - [MESSAGE][PASSED] - Delayed 1 second(s)

2018-05-16 19:38:30 - [TEST_STEP][PASSED] - Statement - RequestedQty = com.kms.katalon.core.webui.keyword.WebUiBuiltInKeywords.getAttribute(com.kms.katalon.core.testobject.ObjectRepository.findTestObject(PharmacyRequest/Page_Store/input_txttotal), "value"): Attribute 'value' of object 'Object Repository/PharmacyRequest/Page_Store/input_txttotal' is: '10'

2018-05-16 19:38:30 - [MESSAGE][PASSED] - Attribute 'value' of object 'Object Repository/PharmacyRequest/Page_Store/input_txttotal' is: '10'

2018-05-16 19:38:30 - [TEST_STEP][PASSED] - Statement - out.println("Requested QTY : " + RequestedQty): null

2018-05-16 19:38:30 - [TEST_STEP][PASSED] - Statement - BatchNumber = com.kms.katalon.core.webui.keyword.WebUiBuiltInKeywords.getNumberOfTotalOption(com.kms.katalon.core.testobject.ObjectRepository.findTestObject(PharmacyRequest/Page_Store/select_--Select--BA50)): 3 options of object 'Object Repository/PharmacyRequest/Page_Store/select_--Select--BA50' counted

2018-05-16 19:38:30 - [MESSAGE][PASSED] - 3 options of object 'Object Repository/PharmacyRequest/Page_Store/select_--Select--BA50' counted

2018-05-16 19:38:30 - [TEST_STEP][PASSED] - Statement - For ([g = 1, g <= BatchNumber - 1, (g++)]): null

2018-05-16 19:38:30 - [TEST_STEP][PASSED] - selectOptionByIndex: All options with index in [1] are selected on object 'Object Repository/PharmacyRequest/Page_Store/select_--Select--BA50'

2018-05-16 19:38:30 - [MESSAGE][PASSED] - All options with index in [1] are selected on object 'Object Repository/PharmacyRequest/Page_Store/select_--Select--BA50'

2018-05-16 19:38:30 - [TEST_STEP][PASSED] - delay: Delayed 1 second(s)

2018-05-16 19:38:31 - [MESSAGE][PASSED] - Delayed 1 second(s)

2018-05-16 19:38:31 - [TEST_STEP][PASSED] - Statement - StockQty = com.kms.katalon.core.webui.keyword.WebUiBuiltInKeywords.getAttribute(com.kms.katalon.core.testobject.ObjectRepository.findTestObject(PharmacyRequest/Page_Store/input_txtprice), "value"): Attribute 'value' of object 'Object Repository/PharmacyRequest/Page_Store/input_txtprice' is: '970'

2018-05-16 19:38:32 - [MESSAGE][PASSED] - Attribute 'value' of object 'Object Repository/PharmacyRequest/Page_Store/input_txtprice' is: '970'

2018-05-16 19:38:32 - [TEST_STEP][PASSED] - Statement - out.println("Stock QTY : " + StockQty): null

2018-05-16 19:38:32 - [TEST_STEP][PASSED] - delay: Delayed 1 second(s)

2018-05-16 19:38:33 - [MESSAGE][PASSED] - Delayed 1 second(s)

2018-05-16 19:38:33 - [TEST_STEP][PASSED] - Statement - If (java.lang.Integer.valueOf(StockQty) >= java.lang.Integer.valueOf(RequestedQty)): null

2018-05-16 19:38:33 - [TEST_STEP][PASSED] - setText: Text '10' is set on object 'Object Repository/PharmacyRequest/Page_Store/input_txtqty'

2018-05-16 19:38:33 - [MESSAGE][PASSED] - Text '10' is set on object 'Object Repository/PharmacyRequest/Page_Store/input_txtqty'

2018-05-16 19:38:33 - [TEST_STEP][PASSED] - click: Object: 'Object Repository/PharmacyRequest/Page_Store/button_Add' is clicked on

2018-05-16 19:38:33 - [MESSAGE][PASSED] - Object: 'Object Repository/PharmacyRequest/Page_Store/button_Add' is clicked on

2018-05-16 19:38:33 - [TEST_STEP][PASSED] - Statement - Break: null

2018-05-16 19:38:33 - [TEST_STEP][PASSED] - selectOptionByIndex: All options with index in [10] are selected on object 'Object Repository/PharmacyRequest/Page_Store/select_--Select--Amlodepin -5'

2018-05-16 19:38:33 - [MESSAGE][PASSED] - All options with index in [10] are selected on object 'Object Repository/PharmacyRequest/Page_Store/select_--Select--Amlodepin -5'

2018-05-16 19:38:33 - [TEST_STEP][PASSED] - delay: Delayed 1 second(s)

2018-05-16 19:38:34 - [MESSAGE][PASSED] - Delayed 1 second(s)

2018-05-16 19:38:34 - [TEST_STEP][PASSED] - Statement - RequestedQty = com.kms.katalon.core.webui.keyword.WebUiBuiltInKeywords.getAttribute(com.kms.katalon.core.testobject.ObjectRepository.findTestObject(PharmacyRequest/Page_Store/input_txttotal), "value"): Attribute 'value' of object 'Object Repository/PharmacyRequest/Page_Store/input_txttotal' is: '10'

2018-05-16 19:38:34 - [MESSAGE][PASSED] - Attribute 'value' of object 'Object Repository/PharmacyRequest/Page_Store/input_txttotal' is: '10'

2018-05-16 19:38:34 - [TEST_STEP][PASSED] - Statement - out.println("Requested QTY : " + RequestedQty): null

2018-05-16 19:38:34 - [TEST_STEP][PASSED] - Statement - BatchNumber = com.kms.katalon.core.webui.keyword.WebUiBuiltInKeywords.getNumberOfTotalOption(com.kms.katalon.core.testobject.ObjectRepository.findTestObject(PharmacyRequest/Page_Store/select_--Select--BA50)): 2 options of object 'Object Repository/PharmacyRequest/Page_Store/select_--Select--BA50' counted

2018-05-16 19:38:34 - [MESSAGE][PASSED] - 2 options of object 'Object Repository/PharmacyRequest/Page_Store/select_--Select--BA50' counted

2018-05-16 19:38:34 - [TEST_STEP][PASSED] - Statement - For ([g = 1, g <= BatchNumber - 1, (g++)]): null

2018-05-16 19:38:34 - [TEST_STEP][PASSED] - selectOptionByIndex: All options with index in [1] are selected on object 'Object Repository/PharmacyRequest/Page_Store/select_--Select--BA50'

2018-05-16 19:38:34 - [MESSAGE][PASSED] - All options with index in [1] are selected on object 'Object Repository/PharmacyRequest/Page_Store/select_--Select--BA50'

2018-05-16 19:38:34 - [TEST_STEP][PASSED] - delay: Delayed 1 second(s)

2018-05-16 19:38:35 - [MESSAGE][PASSED] - Delayed 1 second(s)

2018-05-16 19:38:35 - [TEST_STEP][PASSED] - Statement - StockQty = com.kms.katalon.core.webui.keyword.WebUiBuiltInKeywords.getAttribute(com.kms.katalon.core.testobject.ObjectRepository.findTestObject(PharmacyRequest/Page_Store/input_txtprice), "value"): Attribute 'value' of object 'Object Repository/PharmacyRequest/Page_Store/input_txtprice' is: '1070'

2018-05-16 19:38:35 - [MESSAGE][PASSED] - Attribute 'value' of object 'Object Repository/PharmacyRequest/Page_Store/input_txtprice' is: '1070'

2018-05-16 19:38:35 - [TEST_STEP][PASSED] - Statement - out.println("Stock QTY : " + StockQty): null

2018-05-16 19:38:35 - [TEST_STEP][PASSED] - delay: Delayed 1 second(s)

2018-05-16 19:38:36 - [MESSAGE][PASSED] - Delayed 1 second(s)

2018-05-16 19:38:36 - [TEST_STEP][PASSED] - Statement - If (java.lang.Integer.valueOf(StockQty) >= java.lang.Integer.valueOf(RequestedQty)): null

2018-05-16 19:38:36 - [TEST_STEP][PASSED] - setText: Text '10' is set on object 'Object Repository/PharmacyRequest/Page_Store/input_txtqty'

2018-05-16 19:38:36 - [MESSAGE][PASSED] - Text '10' is set on object 'Object Repository/PharmacyRequest/Page_Store/input_txtqty'

2018-05-16 19:38:36 - [TEST_STEP][PASSED] - click: Object: 'Object Repository/PharmacyRequest/Page_Store/button_Add' is clicked on

2018-05-16 19:38:36 - [MESSAGE][PASSED] - Object: 'Object Repository/PharmacyRequest/Page_Store/button_Add' is clicked on

2018-05-16 19:38:36 - [TEST_STEP][PASSED] - Statement - Break: null

2018-05-16 19:38:36 - [TEST_STEP][PASSED] - selectOptionByIndex: All options with index in [11] are selected on object 'Object Repository/PharmacyRequest/Page_Store/select_--Select--Amlodepin -5'

2018-05-16 19:38:36 - [MESSAGE][PASSED] - All options with index in [11] are selected on object 'Object Repository/PharmacyRequest/Page_Store/select_--Select--Amlodepin -5'

2018-05-16 19:38:36 - [TEST_STEP][PASSED] - delay: Delayed 1 second(s)

2018-05-16 19:38:37 - [MESSAGE][PASSED] - Delayed 1 second(s)

2018-05-16 19:38:37 - [TEST_STEP][PASSED] - Statement - RequestedQty = com.kms.katalon.core.webui.keyword.WebUiBuiltInKeywords.getAttribute(com.kms.katalon.core.testobject.ObjectRepository.findTestObject(PharmacyRequest/Page_Store/input_txttotal), "value"): Attribute 'value' of object 'Object Repository/PharmacyRequest/Page_Store/input_txttotal' is: '10'

2018-05-16 19:38:37 - [MESSAGE][PASSED] - Attribute 'value' of object 'Object Repository/PharmacyRequest/Page_Store/input_txttotal' is: '10'

2018-05-16 19:38:37 - [TEST_STEP][PASSED] - Statement - out.println("Requested QTY : " + RequestedQty): null

2018-05-16 19:38:37 - [TEST_STEP][PASSED] - Statement - BatchNumber = com.kms.katalon.core.webui.keyword.WebUiBuiltInKeywords.getNumberOfTotalOption(com.kms.katalon.core.testobject.ObjectRepository.findTestObject(PharmacyRequest/Page_Store/select_--Select--BA50)): 2 options of object 'Object Repository/PharmacyRequest/Page_Store/select_--Select--BA50' counted

2018-05-16 19:38:38 - [MESSAGE][PASSED] - 2 options of object 'Object Repository/PharmacyRequest/Page_Store/select_--Select--BA50' counted

2018-05-16 19:38:38 - [TEST_STEP][PASSED] - Statement - For ([g = 1, g <= BatchNumber - 1, (g++)]): null

2018-05-16 19:38:38 - [TEST_STEP][PASSED] - selectOptionByIndex: All options with index in [1] are selected on object 'Object Repository/PharmacyRequest/Page_Store/select_--Select--BA50'

2018-05-16 19:38:38 - [MESSAGE][PASSED] - All options with index in [1] are selected on object 'Object Repository/PharmacyRequest/Page_Store/select_--Select--BA50'

2018-05-16 19:38:38 - [TEST_STEP][PASSED] - delay: Delayed 1 second(s)

2018-05-16 19:38:39 - [MESSAGE][PASSED] - Delayed 1 second(s)

2018-05-16 19:38:39 - [TEST_STEP][PASSED] - Statement - StockQty = com.kms.katalon.core.webui.keyword.WebUiBuiltInKeywords.getAttribute(com.kms.katalon.core.testobject.ObjectRepository.findTestObject(PharmacyRequest/Page_Store/input_txtprice), "value"): Attribute 'value' of object 'Object Repository/PharmacyRequest/Page_Store/input_txtprice' is: '1070'

2018-05-16 19:38:39 - [MESSAGE][PASSED] - Attribute 'value' of object 'Object Repository/PharmacyRequest/Page_Store/input_txtprice' is: '1070'

2018-05-16 19:38:39 - [TEST_STEP][PASSED] - Statement - out.println("Stock QTY : " + StockQty): null

2018-05-16 19:38:39 - [TEST_STEP][PASSED] - delay: Delayed 1 second(s)

2018-05-16 19:38:40 - [MESSAGE][PASSED] - Delayed 1 second(s)

2018-05-16 19:38:40 - [TEST_STEP][PASSED] - Statement - If (java.lang.Integer.valueOf(StockQty) >= java.lang.Integer.valueOf(RequestedQty)): null

2018-05-16 19:38:40 - [TEST_STEP][PASSED] - setText: Text '10' is set on object 'Object Repository/PharmacyRequest/Page_Store/input_txtqty'

2018-05-16 19:38:40 - [MESSAGE][PASSED] - Text '10' is set on object 'Object Repository/PharmacyRequest/Page_Store/input_txtqty'

2018-05-16 19:38:40 - [TEST_STEP][PASSED] - click: Object: 'Object Repository/PharmacyRequest/Page_Store/button_Add' is clicked on

2018-05-16 19:38:40 - [MESSAGE][PASSED] - Object: 'Object Repository/PharmacyRequest/Page_Store/button_Add' is clicked on

2018-05-16 19:38:40 - [TEST_STEP][PASSED] - Statement - Break: null

2018-05-16 19:38:40 - [TEST_STEP][PASSED] - selectOptionByIndex: All options with index in [12] are selected on object 'Object Repository/PharmacyRequest/Page_Store/select_--Select--Amlodepin -5'

2018-05-16 19:38:40 - [MESSAGE][PASSED] - All options with index in [12] are selected on object 'Object Repository/PharmacyRequest/Page_Store/select_--Select--Amlodepin -5'

2018-05-16 19:38:40 - [TEST_STEP][PASSED] - delay: Delayed 1 second(s)

2018-05-16 19:38:41 - [MESSAGE][PASSED] - Delayed 1 second(s)

2018-05-16 19:38:41 - [TEST_STEP][PASSED] - Statement - RequestedQty = com.kms.katalon.core.webui.keyword.WebUiBuiltInKeywords.getAttribute(com.kms.katalon.core.testobject.ObjectRepository.findTestObject(PharmacyRequest/Page_Store/input_txttotal), "value"): Attribute 'value' of object 'Object Repository/PharmacyRequest/Page_Store/input_txttotal' is: '10'

2018-05-16 19:38:41 - [MESSAGE][PASSED] - Attribute 'value' of object 'Object Repository/PharmacyRequest/Page_Store/input_txttotal' is: '10'

2018-05-16 19:38:41 - [TEST_STEP][PASSED] - Statement - out.println("Requested QTY : " + RequestedQty): null

2018-05-16 19:38:41 - [TEST_STEP][PASSED] - Statement - BatchNumber = com.kms.katalon.core.webui.keyword.WebUiBuiltInKeywords.getNumberOfTotalOption(com.kms.katalon.core.testobject.ObjectRepository.findTestObject(PharmacyRequest/Page_Store/select_--Select--BA50)): 2 options of object 'Object Repository/PharmacyRequest/Page_Store/select_--Select--BA50' counted

2018-05-16 19:38:41 - [MESSAGE][PASSED] - 2 options of object 'Object Repository/PharmacyRequest/Page_Store/select_--Select--BA50' counted

2018-05-16 19:38:41 - [TEST_STEP][PASSED] - Statement - For ([g = 1, g <= BatchNumber - 1, (g++)]): null

2018-05-16 19:38:41 - [TEST_STEP][PASSED] - selectOptionByIndex: All options with index in [1] are selected on object 'Object Repository/PharmacyRequest/Page_Store/select_--Select--BA50'

2018-05-16 19:38:41 - [MESSAGE][PASSED] - All options with index in [1] are selected on object 'Object Repository/PharmacyRequest/Page_Store/select_--Select--BA50'

2018-05-16 19:38:41 - [TEST_STEP][PASSED] - delay: Delayed 1 second(s)

2018-05-16 19:38:42 - [MESSAGE][PASSED] - Delayed 1 second(s)

2018-05-16 19:38:42 - [TEST_STEP][PASSED] - Statement - StockQty = com.kms.katalon.core.webui.keyword.WebUiBuiltInKeywords.getAttribute(com.kms.katalon.core.testobject.ObjectRepository.findTestObject(PharmacyRequest/Page_Store/input_txtprice), "value"): Attribute 'value' of object 'Object Repository/PharmacyRequest/Page_Store/input_txtprice' is: '1070'

2018-05-16 19:38:42 - [MESSAGE][PASSED] - Attribute 'value' of object 'Object Repository/PharmacyRequest/Page_Store/input_txtprice' is: '1070'

2018-05-16 19:38:42 - [TEST_STEP][PASSED] - Statement - out.println("Stock QTY : " + StockQty): null

2018-05-16 19:38:42 - [TEST_STEP][PASSED] - delay: Delayed 1 second(s)

2018-05-16 19:38:43 - [MESSAGE][PASSED] - Delayed 1 second(s)

2018-05-16 19:38:43 - [TEST_STEP][PASSED] - Statement - If (java.lang.Integer.valueOf(StockQty) >= java.lang.Integer.valueOf(RequestedQty)): null

2018-05-16 19:38:43 - [TEST_STEP][PASSED] - setText: Text '10' is set on object 'Object Repository/PharmacyRequest/Page_Store/input_txtqty'

2018-05-16 19:38:43 - [MESSAGE][PASSED] - Text '10' is set on object 'Object Repository/PharmacyRequest/Page_Store/input_txtqty'

2018-05-16 19:38:43 - [TEST_STEP][PASSED] - click: Object: 'Object Repository/PharmacyRequest/Page_Store/button_Add' is clicked on

2018-05-16 19:38:43 - [MESSAGE][PASSED] - Object: 'Object Repository/PharmacyRequest/Page_Store/button_Add' is clicked on

2018-05-16 19:38:43 - [TEST_STEP][PASSED] - Statement - Break: null

2018-05-16 19:38:43 - [TEST_STEP][PASSED] - selectOptionByIndex: All options with index in [13] are selected on object 'Object Repository/PharmacyRequest/Page_Store/select_--Select--Amlodepin -5'

2018-05-16 19:38:44 - [MESSAGE][PASSED] - All options with index in [13] are selected on object 'Object Repository/PharmacyRequest/Page_Store/select_--Select--Amlodepin -5'

2018-05-16 19:38:44 - [TEST_STEP][PASSED] - delay: Delayed 1 second(s)

2018-05-16 19:38:45 - [MESSAGE][PASSED] - Delayed 1 second(s)

2018-05-16 19:38:45 - [TEST_STEP][PASSED] - Statement - RequestedQty = com.kms.katalon.core.webui.keyword.WebUiBuiltInKeywords.getAttribute(com.kms.katalon.core.testobject.ObjectRepository.findTestObject(PharmacyRequest/Page_Store/input_txttotal), "value"): Attribute 'value' of object 'Object Repository/PharmacyRequest/Page_Store/input_txttotal' is: '10'

2018-05-16 19:38:45 - [MESSAGE][PASSED] - Attribute 'value' of object 'Object Repository/PharmacyRequest/Page_Store/input_txttotal' is: '10'

2018-05-16 19:38:45 - [TEST_STEP][PASSED] - Statement - out.println("Requested QTY : " + RequestedQty): null

2018-05-16 19:38:45 - [TEST_STEP][PASSED] - Statement - BatchNumber = com.kms.katalon.core.webui.keyword.WebUiBuiltInKeywords.getNumberOfTotalOption(com.kms.katalon.core.testobject.ObjectRepository.findTestObject(PharmacyRequest/Page_Store/select_--Select--BA50)): 2 options of object 'Object Repository/PharmacyRequest/Page_Store/select_--Select--BA50' counted

2018-05-16 19:38:45 - [MESSAGE][PASSED] - 2 options of object 'Object Repository/PharmacyRequest/Page_Store/select_--Select--BA50' counted

2018-05-16 19:38:45 - [TEST_STEP][PASSED] - Statement - For ([g = 1, g <= BatchNumber - 1, (g++)]): null

2018-05-16 19:38:45 - [TEST_STEP][PASSED] - selectOptionByIndex: All options with index in [1] are selected on object 'Object Repository/PharmacyRequest/Page_Store/select_--Select--BA50'

2018-05-16 19:38:45 - [MESSAGE][PASSED] - All options with index in [1] are selected on object 'Object Repository/PharmacyRequest/Page_Store/select_--Select--BA50'

2018-05-16 19:38:45 - [TEST_STEP][PASSED] - delay: Delayed 1 second(s)

2018-05-16 19:38:46 - [MESSAGE][PASSED] - Delayed 1 second(s)

2018-05-16 19:38:46 - [TEST_STEP][PASSED] - Statement - StockQty = com.kms.katalon.core.webui.keyword.WebUiBuiltInKeywords.getAttribute(com.kms.katalon.core.testobject.ObjectRepository.findTestObject(PharmacyRequest/Page_Store/input_txtprice), "value"): Attribute 'value' of object 'Object Repository/PharmacyRequest/Page_Store/input_txtprice' is: '1070'

2018-05-16 19:38:46 - [MESSAGE][PASSED] - Attribute 'value' of object 'Object Repository/PharmacyRequest/Page_Store/input_txtprice' is: '1070'

2018-05-16 19:38:46 - [TEST_STEP][PASSED] - Statement - out.println("Stock QTY : " + StockQty): null

2018-05-16 19:38:46 - [TEST_STEP][PASSED] - delay: Delayed 1 second(s)

2018-05-16 19:38:47 - [MESSAGE][PASSED] - Delayed 1 second(s)

2018-05-16 19:38:47 - [TEST_STEP][PASSED] - Statement - If (java.lang.Integer.valueOf(StockQty) >= java.lang.Integer.valueOf(RequestedQty)): null

2018-05-16 19:38:47 - [TEST_STEP][PASSED] - setText: Text '10' is set on object 'Object Repository/PharmacyRequest/Page_Store/input_txtqty'

2018-05-16 19:38:47 - [MESSAGE][PASSED] - Text '10' is set on object 'Object Repository/PharmacyRequest/Page_Store/input_txtqty'

2018-05-16 19:38:47 - [TEST_STEP][PASSED] - click: Object: 'Object Repository/PharmacyRequest/Page_Store/button_Add' is clicked on

2018-05-16 19:38:47 - [MESSAGE][PASSED] - Object: 'Object Repository/PharmacyRequest/Page_Store/button_Add' is clicked on

2018-05-16 19:38:47 - [TEST_STEP][PASSED] - Statement - Break: null

2018-05-16 19:38:47 - [TEST_STEP][PASSED] - selectOptionByIndex: All options with index in [14] are selected on object 'Object Repository/PharmacyRequest/Page_Store/select_--Select--Amlodepin -5'

2018-05-16 19:38:47 - [MESSAGE][PASSED] - All options with index in [14] are selected on object 'Object Repository/PharmacyRequest/Page_Store/select_--Select--Amlodepin -5'

2018-05-16 19:38:47 - [TEST_STEP][PASSED] - delay: Delayed 1 second(s)

2018-05-16 19:38:48 - [MESSAGE][PASSED] - Delayed 1 second(s)

2018-05-16 19:38:48 - [TEST_STEP][PASSED] - Statement - RequestedQty = com.kms.katalon.core.webui.keyword.WebUiBuiltInKeywords.getAttribute(com.kms.katalon.core.testobject.ObjectRepository.findTestObject(PharmacyRequest/Page_Store/input_txttotal), "value"): Attribute 'value' of object 'Object Repository/PharmacyRequest/Page_Store/input_txttotal' is: '10'

2018-05-16 19:38:48 - [MESSAGE][PASSED] - Attribute 'value' of object 'Object Repository/PharmacyRequest/Page_Store/input_txttotal' is: '10'

2018-05-16 19:38:48 - [TEST_STEP][PASSED] - Statement - out.println("Requested QTY : " + RequestedQty): null

2018-05-16 19:38:48 - [TEST_STEP][PASSED] - Statement - BatchNumber = com.kms.katalon.core.webui.keyword.WebUiBuiltInKeywords.getNumberOfTotalOption(com.kms.katalon.core.testobject.ObjectRepository.findTestObject(PharmacyRequest/Page_Store/select_--Select--BA50)): 3 options of object 'Object Repository/PharmacyRequest/Page_Store/select_--Select--BA50' counted

2018-05-16 19:38:48 - [MESSAGE][PASSED] - 3 options of object 'Object Repository/PharmacyRequest/Page_Store/select_--Select--BA50' counted

2018-05-16 19:38:48 - [TEST_STEP][PASSED] - Statement - For ([g = 1, g <= BatchNumber - 1, (g++)]): null

2018-05-16 19:38:48 - [TEST_STEP][PASSED] - selectOptionByIndex: All options with index in [1] are selected on object 'Object Repository/PharmacyRequest/Page_Store/select_--Select--BA50'

2018-05-16 19:38:49 - [MESSAGE][PASSED] - All options with index in [1] are selected on object 'Object Repository/PharmacyRequest/Page_Store/select_--Select--BA50'

2018-05-16 19:38:49 - [TEST_STEP][PASSED] - delay: Delayed 1 second(s)

2018-05-16 19:38:50 - [MESSAGE][PASSED] - Delayed 1 second(s)

2018-05-16 19:38:50 - [TEST_STEP][PASSED] - Statement - StockQty = com.kms.katalon.core.webui.keyword.WebUiBuiltInKeywords.getAttribute(com.kms.katalon.core.testobject.ObjectRepository.findTestObject(PharmacyRequest/Page_Store/input_txtprice), "value"): Attribute 'value' of object 'Object Repository/PharmacyRequest/Page_Store/input_txtprice' is: '970'

2018-05-16 19:38:50 - [MESSAGE][PASSED] - Attribute 'value' of object 'Object Repository/PharmacyRequest/Page_Store/input_txtprice' is: '970'

2018-05-16 19:38:50 - [TEST_STEP][PASSED] - Statement - out.println("Stock QTY : " + StockQty): null

2018-05-16 19:38:50 - [TEST_STEP][PASSED] - delay: Delayed 1 second(s)

2018-05-16 19:38:51 - [MESSAGE][PASSED] - Delayed 1 second(s)

2018-05-16 19:38:51 - [TEST_STEP][PASSED] - Statement - If (java.lang.Integer.valueOf(StockQty) >= java.lang.Integer.valueOf(RequestedQty)): null

2018-05-16 19:38:51 - [TEST_STEP][PASSED] - setText: Text '10' is set on object 'Object Repository/PharmacyRequest/Page_Store/input_txtqty'

2018-05-16 19:38:51 - [MESSAGE][PASSED] - Text '10' is set on object 'Object Repository/PharmacyRequest/Page_Store/input_txtqty'

2018-05-16 19:38:51 - [TEST_STEP][PASSED] - click: Object: 'Object Repository/PharmacyRequest/Page_Store/button_Add' is clicked on

2018-05-16 19:38:51 - [MESSAGE][PASSED] - Object: 'Object Repository/PharmacyRequest/Page_Store/button_Add' is clicked on

2018-05-16 19:38:51 - [TEST_STEP][PASSED] - Statement - Break: null

2018-05-16 19:38:51 - [TEST_STEP][PASSED] - selectOptionByIndex: All options with index in [15] are selected on object 'Object Repository/PharmacyRequest/Page_Store/select_--Select--Amlodepin -5'

2018-05-16 19:38:51 - [MESSAGE][PASSED] - All options with index in [15] are selected on object 'Object Repository/PharmacyRequest/Page_Store/select_--Select--Amlodepin -5'

2018-05-16 19:38:51 - [TEST_STEP][PASSED] - delay: Delayed 1 second(s)

2018-05-16 19:38:52 - [MESSAGE][PASSED] - Delayed 1 second(s)

2018-05-16 19:38:52 - [TEST_STEP][PASSED] - Statement - RequestedQty = com.kms.katalon.core.webui.keyword.WebUiBuiltInKeywords.getAttribute(com.kms.katalon.core.testobject.ObjectRepository.findTestObject(PharmacyRequest/Page_Store/input_txttotal), "value"): Attribute 'value' of object 'Object Repository/PharmacyRequest/Page_Store/input_txttotal' is: '10'

2018-05-16 19:38:52 - [MESSAGE][PASSED] - Attribute 'value' of object 'Object Repository/PharmacyRequest/Page_Store/input_txttotal' is: '10'

2018-05-16 19:38:52 - [TEST_STEP][PASSED] - Statement - out.println("Requested QTY : " + RequestedQty): null

2018-05-16 19:38:52 - [TEST_STEP][PASSED] - Statement - BatchNumber = com.kms.katalon.core.webui.keyword.WebUiBuiltInKeywords.getNumberOfTotalOption(com.kms.katalon.core.testobject.ObjectRepository.findTestObject(PharmacyRequest/Page_Store/select_--Select--BA50)): 3 options of object 'Object Repository/PharmacyRequest/Page_Store/select_--Select--BA50' counted

2018-05-16 19:38:52 - [MESSAGE][PASSED] - 3 options of object 'Object Repository/PharmacyRequest/Page_Store/select_--Select--BA50' counted

2018-05-16 19:38:52 - [TEST_STEP][PASSED] - Statement - For ([g = 1, g <= BatchNumber - 1, (g++)]): null

2018-05-16 19:38:52 - [TEST_STEP][PASSED] - selectOptionByIndex: All options with index in [1] are selected on object 'Object Repository/PharmacyRequest/Page_Store/select_--Select--BA50'

2018-05-16 19:38:52 - [MESSAGE][PASSED] - All options with index in [1] are selected on object 'Object Repository/PharmacyRequest/Page_Store/select_--Select--BA50'

2018-05-16 19:38:52 - [TEST_STEP][PASSED] - delay: Delayed 1 second(s)

2018-05-16 19:38:53 - [MESSAGE][PASSED] - Delayed 1 second(s)

2018-05-16 19:38:53 - [TEST_STEP][PASSED] - Statement - StockQty = com.kms.katalon.core.webui.keyword.WebUiBuiltInKeywords.getAttribute(com.kms.katalon.core.testobject.ObjectRepository.findTestObject(PharmacyRequest/Page_Store/input_txtprice), "value"): Attribute 'value' of object 'Object Repository/PharmacyRequest/Page_Store/input_txtprice' is: '970'

2018-05-16 19:38:53 - [MESSAGE][PASSED] - Attribute 'value' of object 'Object Repository/PharmacyRequest/Page_Store/input_txtprice' is: '970'

2018-05-16 19:38:53 - [TEST_STEP][PASSED] - Statement - out.println("Stock QTY : " + StockQty): null

2018-05-16 19:38:53 - [TEST_STEP][PASSED] - delay: Delayed 1 second(s)

2018-05-16 19:38:54 - [MESSAGE][PASSED] - Delayed 1 second(s)

2018-05-16 19:38:54 - [TEST_STEP][PASSED] - Statement - If (java.lang.Integer.valueOf(StockQty) >= java.lang.Integer.valueOf(RequestedQty)): null

2018-05-16 19:38:54 - [TEST_STEP][PASSED] - setText: Text '10' is set on object 'Object Repository/PharmacyRequest/Page_Store/input_txtqty'

2018-05-16 19:38:54 - [MESSAGE][PASSED] - Text '10' is set on object 'Object Repository/PharmacyRequest/Page_Store/input_txtqty'

2018-05-16 19:38:54 - [TEST_STEP][PASSED] - click: Object: 'Object Repository/PharmacyRequest/Page_Store/button_Add' is clicked on

2018-05-16 19:38:54 - [MESSAGE][PASSED] - Object: 'Object Repository/PharmacyRequest/Page_Store/button_Add' is clicked on

2018-05-16 19:38:54 - [TEST_STEP][PASSED] - Statement - Break: null

2018-05-16 19:38:54 - [TEST_STEP][PASSED] - selectOptionByIndex: All options with index in [16] are selected on object 'Object Repository/PharmacyRequest/Page_Store/select_--Select--Amlodepin -5'

2018-05-16 19:38:55 - [MESSAGE][PASSED] - All options with index in [16] are selected on object 'Object Repository/PharmacyRequest/Page_Store/select_--Select--Amlodepin -5'

2018-05-16 19:38:55 - [TEST_STEP][PASSED] - delay: Delayed 1 second(s)

2018-05-16 19:38:56 - [MESSAGE][PASSED] - Delayed 1 second(s)

2018-05-16 19:38:56 - [TEST_STEP][PASSED] - Statement - RequestedQty = com.kms.katalon.core.webui.keyword.WebUiBuiltInKeywords.getAttribute(com.kms.katalon.core.testobject.ObjectRepository.findTestObject(PharmacyRequest/Page_Store/input_txttotal), "value"): Attribute 'value' of object 'Object Repository/PharmacyRequest/Page_Store/input_txttotal' is: '10'

2018-05-16 19:38:56 - [MESSAGE][PASSED] - Attribute 'value' of object 'Object Repository/PharmacyRequest/Page_Store/input_txttotal' is: '10'

2018-05-16 19:38:56 - [TEST_STEP][PASSED] - Statement - out.println("Requested QTY : " + RequestedQty): null

2018-05-16 19:38:56 - [TEST_STEP][PASSED] - Statement - BatchNumber = com.kms.katalon.core.webui.keyword.WebUiBuiltInKeywords.getNumberOfTotalOption(com.kms.katalon.core.testobject.ObjectRepository.findTestObject(PharmacyRequest/Page_Store/select_--Select--BA50)): 2 options of object 'Object Repository/PharmacyRequest/Page_Store/select_--Select--BA50' counted

2018-05-16 19:38:56 - [MESSAGE][PASSED] - 2 options of object 'Object Repository/PharmacyRequest/Page_Store/select_--Select--BA50' counted

2018-05-16 19:38:56 - [TEST_STEP][PASSED] - Statement - For ([g = 1, g <= BatchNumber - 1, (g++)]): null

2018-05-16 19:38:56 - [TEST_STEP][PASSED] - selectOptionByIndex: All options with index in [1] are selected on object 'Object Repository/PharmacyRequest/Page_Store/select_--Select--BA50'

2018-05-16 19:38:56 - [MESSAGE][PASSED] - All options with index in [1] are selected on object 'Object Repository/PharmacyRequest/Page_Store/select_--Select--BA50'

2018-05-16 19:38:56 - [TEST_STEP][PASSED] - delay: Delayed 1 second(s)

2018-05-16 19:38:57 - [MESSAGE][PASSED] - Delayed 1 second(s)

2018-05-16 19:38:57 - [TEST_STEP][PASSED] - Statement - StockQty = com.kms.katalon.core.webui.keyword.WebUiBuiltInKeywords.getAttribute(com.kms.katalon.core.testobject.ObjectRepository.findTestObject(PharmacyRequest/Page_Store/input_txtprice), "value"): Attribute 'value' of object 'Object Repository/PharmacyRequest/Page_Store/input_txtprice' is: '1070'

2018-05-16 19:38:57 - [MESSAGE][PASSED] - Attribute 'value' of object 'Object Repository/PharmacyRequest/Page_Store/input_txtprice' is: '1070'

2018-05-16 19:38:57 - [TEST_STEP][PASSED] - Statement - out.println("Stock QTY : " + StockQty): null

2018-05-16 19:38:57 - [TEST_STEP][PASSED] - delay: Delayed 1 second(s)

2018-05-16 19:38:58 - [MESSAGE][PASSED] - Delayed 1 second(s)

2018-05-16 19:38:58 - [TEST_STEP][PASSED] - Statement - If (java.lang.Integer.valueOf(StockQty) >= java.lang.Integer.valueOf(RequestedQty)): null

2018-05-16 19:38:58 - [TEST_STEP][PASSED] - setText: Text '10' is set on object 'Object Repository/PharmacyRequest/Page_Store/input_txtqty'

2018-05-16 19:38:58 - [MESSAGE][PASSED] - Text '10' is set on object 'Object Repository/PharmacyRequest/Page_Store/input_txtqty'

2018-05-16 19:38:58 - [TEST_STEP][PASSED] - click: Object: 'Object Repository/PharmacyRequest/Page_Store/button_Add' is clicked on

2018-05-16 19:38:58 - [MESSAGE][PASSED] - Object: 'Object Repository/PharmacyRequest/Page_Store/button_Add' is clicked on

2018-05-16 19:38:58 - [TEST_STEP][PASSED] - Statement - Break: null

2018-05-16 19:38:58 - [TEST_STEP][PASSED] - selectOptionByIndex: All options with index in [17] are selected on object 'Object Repository/PharmacyRequest/Page_Store/select_--Select--Amlodepin -5'

2018-05-16 19:38:58 - [MESSAGE][PASSED] - All options with index in [17] are selected on object 'Object Repository/PharmacyRequest/Page_Store/select_--Select--Amlodepin -5'

2018-05-16 19:38:58 - [TEST_STEP][PASSED] - delay: Delayed 1 second(s)

2018-05-16 19:38:59 - [MESSAGE][PASSED] - Delayed 1 second(s)

2018-05-16 19:38:59 - [TEST_STEP][PASSED] - Statement - RequestedQty = com.kms.katalon.core.webui.keyword.WebUiBuiltInKeywords.getAttribute(com.kms.katalon.core.testobject.ObjectRepository.findTestObject(PharmacyRequest/Page_Store/input_txttotal), "value"): Attribute 'value' of object 'Object Repository/PharmacyRequest/Page_Store/input_txttotal' is: '10'

2018-05-16 19:38:59 - [MESSAGE][PASSED] - Attribute 'value' of object 'Object Repository/PharmacyRequest/Page_Store/input_txttotal' is: '10'

2018-05-16 19:38:59 - [TEST_STEP][PASSED] - Statement - out.println("Requested QTY : " + RequestedQty): null

2018-05-16 19:38:59 - [TEST_STEP][PASSED] - Statement - BatchNumber = com.kms.katalon.core.webui.keyword.WebUiBuiltInKeywords.getNumberOfTotalOption(com.kms.katalon.core.testobject.ObjectRepository.findTestObject(PharmacyRequest/Page_Store/select_--Select--BA50)): 2 options of object 'Object Repository/PharmacyRequest/Page_Store/select_--Select--BA50' counted

2018-05-16 19:38:59 - [MESSAGE][PASSED] - 2 options of object 'Object Repository/PharmacyRequest/Page_Store/select_--Select--BA50' counted

2018-05-16 19:38:59 - [TEST_STEP][PASSED] - Statement - For ([g = 1, g <= BatchNumber - 1, (g++)]): null

2018-05-16 19:38:59 - [TEST_STEP][PASSED] - selectOptionByIndex: All options with index in [1] are selected on object 'Object Repository/PharmacyRequest/Page_Store/select_--Select--BA50'

2018-05-16 19:39:00 - [MESSAGE][PASSED] - All options with index in [1] are selected on object 'Object Repository/PharmacyRequest/Page_Store/select_--Select--BA50'

2018-05-16 19:39:00 - [TEST_STEP][PASSED] - delay: Delayed 1 second(s)

2018-05-16 19:39:01 - [MESSAGE][PASSED] - Delayed 1 second(s)

2018-05-16 19:39:01 - [TEST_STEP][PASSED] - Statement - StockQty = com.kms.katalon.core.webui.keyword.WebUiBuiltInKeywords.getAttribute(com.kms.katalon.core.testobject.ObjectRepository.findTestObject(PharmacyRequest/Page_Store/input_txtprice), "value"): Attribute 'value' of object 'Object Repository/PharmacyRequest/Page_Store/input_txtprice' is: '1070'

2018-05-16 19:39:01 - [MESSAGE][PASSED] - Attribute 'value' of object 'Object Repository/PharmacyRequest/Page_Store/input_txtprice' is: '1070'

2018-05-16 19:39:01 - [TEST_STEP][PASSED] - Statement - out.println("Stock QTY : " + StockQty): null

2018-05-16 19:39:01 - [TEST_STEP][PASSED] - delay: Delayed 1 second(s)

2018-05-16 19:39:02 - [MESSAGE][PASSED] - Delayed 1 second(s)

2018-05-16 19:39:02 - [TEST_STEP][PASSED] - Statement - If (java.lang.Integer.valueOf(StockQty) >= java.lang.Integer.valueOf(RequestedQty)): null

2018-05-16 19:39:02 - [TEST_STEP][PASSED] - setText: Text '10' is set on object 'Object Repository/PharmacyRequest/Page_Store/input_txtqty'

2018-05-16 19:39:02 - [MESSAGE][PASSED] - Text '10' is set on object 'Object Repository/PharmacyRequest/Page_Store/input_txtqty'

2018-05-16 19:39:02 - [TEST_STEP][PASSED] - click: Object: 'Object Repository/PharmacyRequest/Page_Store/button_Add' is clicked on

2018-05-16 19:39:02 - [MESSAGE][PASSED] - Object: 'Object Repository/PharmacyRequest/Page_Store/button_Add' is clicked on

2018-05-16 19:39:02 - [TEST_STEP][PASSED] - Statement - Break: null

2018-05-16 19:39:02 - [TEST_STEP][PASSED] - selectOptionByIndex: All options with index in [18] are selected on object 'Object Repository/PharmacyRequest/Page_Store/select_--Select--Amlodepin -5'

2018-05-16 19:39:02 - [MESSAGE][PASSED] - All options with index in [18] are selected on object 'Object Repository/PharmacyRequest/Page_Store/select_--Select--Amlodepin -5'

2018-05-16 19:39:02 - [TEST_STEP][PASSED] - delay: Delayed 1 second(s)

2018-05-16 19:39:03 - [MESSAGE][PASSED] - Delayed 1 second(s)

2018-05-16 19:39:03 - [TEST_STEP][PASSED] - Statement - RequestedQty = com.kms.katalon.core.webui.keyword.WebUiBuiltInKeywords.getAttribute(com.kms.katalon.core.testobject.ObjectRepository.findTestObject(PharmacyRequest/Page_Store/input_txttotal), "value"): Attribute 'value' of object 'Object Repository/PharmacyRequest/Page_Store/input_txttotal' is: '10'

2018-05-16 19:39:03 - [MESSAGE][PASSED] - Attribute 'value' of object 'Object Repository/PharmacyRequest/Page_Store/input_txttotal' is: '10'

2018-05-16 19:39:03 - [TEST_STEP][PASSED] - Statement - out.println("Requested QTY : " + RequestedQty): null

2018-05-16 19:39:03 - [TEST_STEP][PASSED] - Statement - BatchNumber = com.kms.katalon.core.webui.keyword.WebUiBuiltInKeywords.getNumberOfTotalOption(com.kms.katalon.core.testobject.ObjectRepository.findTestObject(PharmacyRequest/Page_Store/select_--Select--BA50)): 2 options of object 'Object Repository/PharmacyRequest/Page_Store/select_--Select--BA50' counted

2018-05-16 19:39:03 - [MESSAGE][PASSED] - 2 options of object 'Object Repository/PharmacyRequest/Page_Store/select_--Select--BA50' counted

2018-05-16 19:39:03 - [TEST_STEP][PASSED] - Statement - For ([g = 1, g <= BatchNumber - 1, (g++)]): null

2018-05-16 19:39:03 - [TEST_STEP][PASSED] - selectOptionByIndex: All options with index in [1] are selected on object 'Object Repository/PharmacyRequest/Page_Store/select_--Select--BA50'

2018-05-16 19:39:03 - [MESSAGE][PASSED] - All options with index in [1] are selected on object 'Object Repository/PharmacyRequest/Page_Store/select_--Select--BA50'

2018-05-16 19:39:03 - [TEST_STEP][PASSED] - delay: Delayed 1 second(s)

2018-05-16 19:39:04 - [MESSAGE][PASSED] - Delayed 1 second(s)

2018-05-16 19:39:04 - [TEST_STEP][PASSED] - Statement - StockQty = com.kms.katalon.core.webui.keyword.WebUiBuiltInKeywords.getAttribute(com.kms.katalon.core.testobject.ObjectRepository.findTestObject(PharmacyRequest/Page_Store/input_txtprice), "value"): Attribute 'value' of object 'Object Repository/PharmacyRequest/Page_Store/input_txtprice' is: '1070'

2018-05-16 19:39:04 - [MESSAGE][PASSED] - Attribute 'value' of object 'Object Repository/PharmacyRequest/Page_Store/input_txtprice' is: '1070'

2018-05-16 19:39:04 - [TEST_STEP][PASSED] - Statement - out.println("Stock QTY : " + StockQty): null

2018-05-16 19:39:04 - [TEST_STEP][PASSED] - delay: Delayed 1 second(s)

2018-05-16 19:39:05 - [MESSAGE][PASSED] - Delayed 1 second(s)

2018-05-16 19:39:05 - [TEST_STEP][PASSED] - Statement - If (java.lang.Integer.valueOf(StockQty) >= java.lang.Integer.valueOf(RequestedQty)): null

2018-05-16 19:39:05 - [TEST_STEP][PASSED] - setText: Text '10' is set on object 'Object Repository/PharmacyRequest/Page_Store/input_txtqty'

2018-05-16 19:39:05 - [MESSAGE][PASSED] - Text '10' is set on object 'Object Repository/PharmacyRequest/Page_Store/input_txtqty'

2018-05-16 19:39:05 - [TEST_STEP][PASSED] - click: Object: 'Object Repository/PharmacyRequest/Page_Store/button_Add' is clicked on

2018-05-16 19:39:05 - [MESSAGE][PASSED] - Object: 'Object Repository/PharmacyRequest/Page_Store/button_Add' is clicked on

2018-05-16 19:39:05 - [TEST_STEP][PASSED] - Statement - Break: null

2018-05-16 19:39:05 - [TEST_STEP][PASSED] - selectOptionByIndex: All options with index in [19] are selected on object 'Object Repository/PharmacyRequest/Page_Store/select_--Select--Amlodepin -5'

2018-05-16 19:39:06 - [MESSAGE][PASSED] - All options with index in [19] are selected on object 'Object Repository/PharmacyRequest/Page_Store/select_--Select--Amlodepin -5'

2018-05-16 19:39:06 - [TEST_STEP][PASSED] - delay: Delayed 1 second(s)

2018-05-16 19:39:07 - [MESSAGE][PASSED] - Delayed 1 second(s)

2018-05-16 19:39:07 - [TEST_STEP][PASSED] - Statement - RequestedQty = com.kms.katalon.core.webui.keyword.WebUiBuiltInKeywords.getAttribute(com.kms.katalon.core.testobject.ObjectRepository.findTestObject(PharmacyRequest/Page_Store/input_txttotal), "value"): Attribute 'value' of object 'Object Repository/PharmacyRequest/Page_Store/input_txttotal' is: '10'

2018-05-16 19:39:07 - [MESSAGE][PASSED] - Attribute 'value' of object 'Object Repository/PharmacyRequest/Page_Store/input_txttotal' is: '10'

2018-05-16 19:39:07 - [TEST_STEP][PASSED] - Statement - out.println("Requested QTY : " + RequestedQty): null

2018-05-16 19:39:07 - [TEST_STEP][PASSED] - Statement - BatchNumber = com.kms.katalon.core.webui.keyword.WebUiBuiltInKeywords.getNumberOfTotalOption(com.kms.katalon.core.testobject.ObjectRepository.findTestObject(PharmacyRequest/Page_Store/select_--Select--BA50)): 2 options of object 'Object Repository/PharmacyRequest/Page_Store/select_--Select--BA50' counted

2018-05-16 19:39:07 - [MESSAGE][PASSED] - 2 options of object 'Object Repository/PharmacyRequest/Page_Store/select_--Select--BA50' counted

2018-05-16 19:39:07 - [TEST_STEP][PASSED] - Statement - For ([g = 1, g <= BatchNumber - 1, (g++)]): null

2018-05-16 19:39:07 - [TEST_STEP][PASSED] - selectOptionByIndex: All options with index in [1] are selected on object 'Object Repository/PharmacyRequest/Page_Store/select_--Select--BA50'

2018-05-16 19:39:07 - [MESSAGE][PASSED] - All options with index in [1] are selected on object 'Object Repository/PharmacyRequest/Page_Store/select_--Select--BA50'

2018-05-16 19:39:07 - [TEST_STEP][PASSED] - delay: Delayed 1 second(s)

2018-05-16 19:39:08 - [MESSAGE][PASSED] - Delayed 1 second(s)

2018-05-16 19:39:08 - [TEST_STEP][PASSED] - Statement - StockQty = com.kms.katalon.core.webui.keyword.WebUiBuiltInKeywords.getAttribute(com.kms.katalon.core.testobject.ObjectRepository.findTestObject(PharmacyRequest/Page_Store/input_txtprice), "value"): Attribute 'value' of object 'Object Repository/PharmacyRequest/Page_Store/input_txtprice' is: '1070'

2018-05-16 19:39:08 - [MESSAGE][PASSED] - Attribute 'value' of object 'Object Repository/PharmacyRequest/Page_Store/input_txtprice' is: '1070'

2018-05-16 19:39:08 - [TEST_STEP][PASSED] - Statement - out.println("Stock QTY : " + StockQty): null

2018-05-16 19:39:08 - [TEST_STEP][PASSED] - delay: Delayed 1 second(s)

2018-05-16 19:39:09 - [MESSAGE][PASSED] - Delayed 1 second(s)

2018-05-16 19:39:09 - [TEST_STEP][PASSED] - Statement - If (java.lang.Integer.valueOf(StockQty) >= java.lang.Integer.valueOf(RequestedQty)): null

2018-05-16 19:39:09 - [TEST_STEP][PASSED] - setText: Text '10' is set on object 'Object Repository/PharmacyRequest/Page_Store/input_txtqty'

2018-05-16 19:39:09 - [MESSAGE][PASSED] - Text '10' is set on object 'Object Repository/PharmacyRequest/Page_Store/input_txtqty'

2018-05-16 19:39:09 - [TEST_STEP][PASSED] - click: Object: 'Object Repository/PharmacyRequest/Page_Store/button_Add' is clicked on

2018-05-16 19:39:09 - [MESSAGE][PASSED] - Object: 'Object Repository/PharmacyRequest/Page_Store/button_Add' is clicked on

2018-05-16 19:39:09 - [TEST_STEP][PASSED] - Statement - Break: null

2018-05-16 19:39:09 - [TEST_STEP][PASSED] - selectOptionByIndex: All options with index in [20] are selected on object 'Object Repository/PharmacyRequest/Page_Store/select_--Select--Amlodepin -5'

2018-05-16 19:39:09 - [MESSAGE][PASSED] - All options with index in [20] are selected on object 'Object Repository/PharmacyRequest/Page_Store/select_--Select--Amlodepin -5'

2018-05-16 19:39:09 - [TEST_STEP][PASSED] - delay: Delayed 1 second(s)

2018-05-16 19:39:10 - [MESSAGE][PASSED] - Delayed 1 second(s)

2018-05-16 19:39:10 - [TEST_STEP][PASSED] - Statement - RequestedQty = com.kms.katalon.core.webui.keyword.WebUiBuiltInKeywords.getAttribute(com.kms.katalon.core.testobject.ObjectRepository.findTestObject(PharmacyRequest/Page_Store/input_txttotal), "value"): Attribute 'value' of object 'Object Repository/PharmacyRequest/Page_Store/input_txttotal' is: '10'

2018-05-16 19:39:10 - [MESSAGE][PASSED] - Attribute 'value' of object 'Object Repository/PharmacyRequest/Page_Store/input_txttotal' is: '10'

2018-05-16 19:39:10 - [TEST_STEP][PASSED] - Statement - out.println("Requested QTY : " + RequestedQty): null

2018-05-16 19:39:10 - [TEST_STEP][PASSED] - Statement - BatchNumber = com.kms.katalon.core.webui.keyword.WebUiBuiltInKeywords.getNumberOfTotalOption(com.kms.katalon.core.testobject.ObjectRepository.findTestObject(PharmacyRequest/Page_Store/select_--Select--BA50)): 2 options of object 'Object Repository/PharmacyRequest/Page_Store/select_--Select--BA50' counted

2018-05-16 19:39:10 - [MESSAGE][PASSED] - 2 options of object 'Object Repository/PharmacyRequest/Page_Store/select_--Select--BA50' counted

2018-05-16 19:39:10 - [TEST_STEP][PASSED] - Statement - For ([g = 1, g <= BatchNumber - 1, (g++)]): null

2018-05-16 19:39:10 - [TEST_STEP][PASSED] - selectOptionByIndex: All options with index in [1] are selected on object 'Object Repository/PharmacyRequest/Page_Store/select_--Select--BA50'

2018-05-16 19:39:11 - [MESSAGE][PASSED] - All options with index in [1] are selected on object 'Object Repository/PharmacyRequest/Page_Store/select_--Select--BA50'

2018-05-16 19:39:11 - [TEST_STEP][PASSED] - delay: Delayed 1 second(s)

2018-05-16 19:39:12 - [MESSAGE][PASSED] - Delayed 1 second(s)

2018-05-16 19:39:12 - [TEST_STEP][PASSED] - Statement - StockQty = com.kms.katalon.core.webui.keyword.WebUiBuiltInKeywords.getAttribute(com.kms.katalon.core.testobject.ObjectRepository.findTestObject(PharmacyRequest/Page_Store/input_txtprice), "value"): Attribute 'value' of object 'Object Repository/PharmacyRequest/Page_Store/input_txtprice' is: '1070'

2018-05-16 19:39:12 - [MESSAGE][PASSED] - Attribute 'value' of object 'Object Repository/PharmacyRequest/Page_Store/input_txtprice' is: '1070'

2018-05-16 19:39:12 - [TEST_STEP][PASSED] - Statement - out.println("Stock QTY : " + StockQty): null

2018-05-16 19:39:12 - [TEST_STEP][PASSED] - delay: Delayed 1 second(s)

2018-05-16 19:39:13 - [MESSAGE][PASSED] - Delayed 1 second(s)

2018-05-16 19:39:13 - [TEST_STEP][PASSED] - Statement - If (java.lang.Integer.valueOf(StockQty) >= java.lang.Integer.valueOf(RequestedQty)): null

2018-05-16 19:39:13 - [TEST_STEP][PASSED] - setText: Text '10' is set on object 'Object Repository/PharmacyRequest/Page_Store/input_txtqty'

2018-05-16 19:39:13 - [MESSAGE][PASSED] - Text '10' is set on object 'Object Repository/PharmacyRequest/Page_Store/input_txtqty'

2018-05-16 19:39:13 - [TEST_STEP][PASSED] - click: Object: 'Object Repository/PharmacyRequest/Page_Store/button_Add' is clicked on

2018-05-16 19:39:13 - [MESSAGE][PASSED] - Object: 'Object Repository/PharmacyRequest/Page_Store/button_Add' is clicked on

2018-05-16 19:39:13 - [TEST_STEP][PASSED] - Statement - Break: null

2018-05-16 19:39:13 - [TEST_STEP][PASSED] - selectOptionByIndex: All options with index in [21] are selected on object 'Object Repository/PharmacyRequest/Page_Store/select_--Select--Amlodepin -5'

2018-05-16 19:39:13 - [MESSAGE][PASSED] - All options with index in [21] are selected on object 'Object Repository/PharmacyRequest/Page_Store/select_--Select--Amlodepin -5'

2018-05-16 19:39:13 - [TEST_STEP][PASSED] - delay: Delayed 1 second(s)

2018-05-16 19:39:14 - [MESSAGE][PASSED] - Delayed 1 second(s)

2018-05-16 19:39:14 - [TEST_STEP][PASSED] - Statement - RequestedQty = com.kms.katalon.core.webui.keyword.WebUiBuiltInKeywords.getAttribute(com.kms.katalon.core.testobject.ObjectRepository.findTestObject(PharmacyRequest/Page_Store/input_txttotal), "value"): Attribute 'value' of object 'Object Repository/PharmacyRequest/Page_Store/input_txttotal' is: '10'

2018-05-16 19:39:14 - [MESSAGE][PASSED] - Attribute 'value' of object 'Object Repository/PharmacyRequest/Page_Store/input_txttotal' is: '10'

2018-05-16 19:39:14 - [TEST_STEP][PASSED] - Statement - out.println("Requested QTY : " + RequestedQty): null

2018-05-16 19:39:14 - [TEST_STEP][PASSED] - Statement - BatchNumber = com.kms.katalon.core.webui.keyword.WebUiBuiltInKeywords.getNumberOfTotalOption(com.kms.katalon.core.testobject.ObjectRepository.findTestObject(PharmacyRequest/Page_Store/select_--Select--BA50)): 3 options of object 'Object Repository/PharmacyRequest/Page_Store/select_--Select--BA50' counted

2018-05-16 19:39:14 - [MESSAGE][PASSED] - 3 options of object 'Object Repository/PharmacyRequest/Page_Store/select_--Select--BA50' counted

2018-05-16 19:39:14 - [TEST_STEP][PASSED] - Statement - For ([g = 1, g <= BatchNumber - 1, (g++)]): null

2018-05-16 19:39:14 - [TEST_STEP][PASSED] - selectOptionByIndex: All options with index in [1] are selected on object 'Object Repository/PharmacyRequest/Page_Store/select_--Select--BA50'

2018-05-16 19:39:14 - [MESSAGE][PASSED] - All options with index in [1] are selected on object 'Object Repository/PharmacyRequest/Page_Store/select_--Select--BA50'

2018-05-16 19:39:14 - [TEST_STEP][PASSED] - delay: Delayed 1 second(s)

2018-05-16 19:39:15 - [MESSAGE][PASSED] - Delayed 1 second(s)

2018-05-16 19:39:15 - [TEST_STEP][PASSED] - Statement - StockQty = com.kms.katalon.core.webui.keyword.WebUiBuiltInKeywords.getAttribute(com.kms.katalon.core.testobject.ObjectRepository.findTestObject(PharmacyRequest/Page_Store/input_txtprice), "value"): Attribute 'value' of object 'Object Repository/PharmacyRequest/Page_Store/input_txtprice' is: '970'

2018-05-16 19:39:15 - [MESSAGE][PASSED] - Attribute 'value' of object 'Object Repository/PharmacyRequest/Page_Store/input_txtprice' is: '970'

2018-05-16 19:39:15 - [TEST_STEP][PASSED] - Statement - out.println("Stock QTY : " + StockQty): null

2018-05-16 19:39:15 - [TEST_STEP][PASSED] - delay: Delayed 1 second(s)

2018-05-16 19:39:16 - [MESSAGE][PASSED] - Delayed 1 second(s)

2018-05-16 19:39:16 - [TEST_STEP][PASSED] - Statement - If (java.lang.Integer.valueOf(StockQty) >= java.lang.Integer.valueOf(RequestedQty)): null

2018-05-16 19:39:16 - [TEST_STEP][PASSED] - setText: Text '10' is set on object 'Object Repository/PharmacyRequest/Page_Store/input_txtqty'

2018-05-16 19:39:16 - [MESSAGE][PASSED] - Text '10' is set on object 'Object Repository/PharmacyRequest/Page_Store/input_txtqty'

2018-05-16 19:39:16 - [TEST_STEP][PASSED] - click: Object: 'Object Repository/PharmacyRequest/Page_Store/button_Add' is clicked on

2018-05-16 19:39:16 - [MESSAGE][PASSED] - Object: 'Object Repository/PharmacyRequest/Page_Store/button_Add' is clicked on

2018-05-16 19:39:16 - [TEST_STEP][PASSED] - Statement - Break: null

2018-05-16 19:39:16 - [TEST_STEP][PASSED] - selectOptionByIndex: All options with index in [22] are selected on object 'Object Repository/PharmacyRequest/Page_Store/select_--Select--Amlodepin -5'

2018-05-16 19:39:17 - [MESSAGE][PASSED] - All options with index in [22] are selected on object 'Object Repository/PharmacyRequest/Page_Store/select_--Select--Amlodepin -5'

2018-05-16 19:39:17 - [TEST_STEP][PASSED] - delay: Delayed 1 second(s)

2018-05-16 19:39:18 - [MESSAGE][PASSED] - Delayed 1 second(s)

2018-05-16 19:39:18 - [TEST_STEP][PASSED] - Statement - RequestedQty = com.kms.katalon.core.webui.keyword.WebUiBuiltInKeywords.getAttribute(com.kms.katalon.core.testobject.ObjectRepository.findTestObject(PharmacyRequest/Page_Store/input_txttotal), "value"): Attribute 'value' of object 'Object Repository/PharmacyRequest/Page_Store/input_txttotal' is: '10'

2018-05-16 19:39:18 - [MESSAGE][PASSED] - Attribute 'value' of object 'Object Repository/PharmacyRequest/Page_Store/input_txttotal' is: '10'

2018-05-16 19:39:18 - [TEST_STEP][PASSED] - Statement - out.println("Requested QTY : " + RequestedQty): null

2018-05-16 19:39:18 - [TEST_STEP][PASSED] - Statement - BatchNumber = com.kms.katalon.core.webui.keyword.WebUiBuiltInKeywords.getNumberOfTotalOption(com.kms.katalon.core.testobject.ObjectRepository.findTestObject(PharmacyRequest/Page_Store/select_--Select--BA50)): 3 options of object 'Object Repository/PharmacyRequest/Page_Store/select_--Select--BA50' counted

2018-05-16 19:39:18 - [MESSAGE][PASSED] - 3 options of object 'Object Repository/PharmacyRequest/Page_Store/select_--Select--BA50' counted

2018-05-16 19:39:18 - [TEST_STEP][PASSED] - Statement - For ([g = 1, g <= BatchNumber - 1, (g++)]): null

2018-05-16 19:39:18 - [TEST_STEP][PASSED] - selectOptionByIndex: All options with index in [1] are selected on object 'Object Repository/PharmacyRequest/Page_Store/select_--Select--BA50'

2018-05-16 19:39:18 - [MESSAGE][PASSED] - All options with index in [1] are selected on object 'Object Repository/PharmacyRequest/Page_Store/select_--Select--BA50'

2018-05-16 19:39:18 - [TEST_STEP][PASSED] - delay: Delayed 1 second(s)

2018-05-16 19:39:19 - [MESSAGE][PASSED] - Delayed 1 second(s)

2018-05-16 19:39:19 - [TEST_STEP][PASSED] - Statement - StockQty = com.kms.katalon.core.webui.keyword.WebUiBuiltInKeywords.getAttribute(com.kms.katalon.core.testobject.ObjectRepository.findTestObject(PharmacyRequest/Page_Store/input_txtprice), "value"): Attribute 'value' of object 'Object Repository/PharmacyRequest/Page_Store/input_txtprice' is: '970'

2018-05-16 19:39:19 - [MESSAGE][PASSED] - Attribute 'value' of object 'Object Repository/PharmacyRequest/Page_Store/input_txtprice' is: '970'

2018-05-16 19:39:19 - [TEST_STEP][PASSED] - Statement - out.println("Stock QTY : " + StockQty): null

2018-05-16 19:39:19 - [TEST_STEP][PASSED] - delay: Delayed 1 second(s)

2018-05-16 19:39:20 - [MESSAGE][PASSED] - Delayed 1 second(s)

2018-05-16 19:39:20 - [TEST_STEP][PASSED] - Statement - If (java.lang.Integer.valueOf(StockQty) >= java.lang.Integer.valueOf(RequestedQty)): null

2018-05-16 19:39:20 - [TEST_STEP][PASSED] - setText: Text '10' is set on object 'Object Repository/PharmacyRequest/Page_Store/input_txtqty'

2018-05-16 19:39:20 - [MESSAGE][PASSED] - Text '10' is set on object 'Object Repository/PharmacyRequest/Page_Store/input_txtqty'

2018-05-16 19:39:20 - [TEST_STEP][PASSED] - click: Object: 'Object Repository/PharmacyRequest/Page_Store/button_Add' is clicked on

2018-05-16 19:39:20 - [MESSAGE][PASSED] - Object: 'Object Repository/PharmacyRequest/Page_Store/button_Add' is clicked on

2018-05-16 19:39:20 - [TEST_STEP][PASSED] - Statement - Break: null

2018-05-16 19:39:20 - [TEST_STEP][PASSED] - selectOptionByIndex: All options with index in [23] are selected on object 'Object Repository/PharmacyRequest/Page_Store/select_--Select--Amlodepin -5'

2018-05-16 19:39:20 - [MESSAGE][PASSED] - All options with index in [23] are selected on object 'Object Repository/PharmacyRequest/Page_Store/select_--Select--Amlodepin -5'

2018-05-16 19:39:20 - [TEST_STEP][PASSED] - delay: Delayed 1 second(s)

2018-05-16 19:39:21 - [MESSAGE][PASSED] - Delayed 1 second(s)

2018-05-16 19:39:21 - [TEST_STEP][PASSED] - Statement - RequestedQty = com.kms.katalon.core.webui.keyword.WebUiBuiltInKeywords.getAttribute(com.kms.katalon.core.testobject.ObjectRepository.findTestObject(PharmacyRequest/Page_Store/input_txttotal), "value"): Attribute 'value' of object 'Object Repository/PharmacyRequest/Page_Store/input_txttotal' is: '10'

2018-05-16 19:39:21 - [MESSAGE][PASSED] - Attribute 'value' of object 'Object Repository/PharmacyRequest/Page_Store/input_txttotal' is: '10'

2018-05-16 19:39:21 - [TEST_STEP][PASSED] - Statement - out.println("Requested QTY : " + RequestedQty): null

2018-05-16 19:39:21 - [TEST_STEP][PASSED] - Statement - BatchNumber = com.kms.katalon.core.webui.keyword.WebUiBuiltInKeywords.getNumberOfTotalOption(com.kms.katalon.core.testobject.ObjectRepository.findTestObject(PharmacyRequest/Page_Store/select_--Select--BA50)): 3 options of object 'Object Repository/PharmacyRequest/Page_Store/select_--Select--BA50' counted

2018-05-16 19:39:21 - [MESSAGE][PASSED] - 3 options of object 'Object Repository/PharmacyRequest/Page_Store/select_--Select--BA50' counted

2018-05-16 19:39:21 - [TEST_STEP][PASSED] - Statement - For ([g = 1, g <= BatchNumber - 1, (g++)]): null

2018-05-16 19:39:21 - [TEST_STEP][PASSED] - selectOptionByIndex: All options with index in [1] are selected on object 'Object Repository/PharmacyRequest/Page_Store/select_--Select--BA50'

2018-05-16 19:39:22 - [MESSAGE][PASSED] - All options with index in [1] are selected on object 'Object Repository/PharmacyRequest/Page_Store/select_--Select--BA50'

2018-05-16 19:39:22 - [TEST_STEP][PASSED] - delay: Delayed 1 second(s)

2018-05-16 19:39:23 - [MESSAGE][PASSED] - Delayed 1 second(s)

2018-05-16 19:39:23 - [TEST_STEP][PASSED] - Statement - StockQty = com.kms.katalon.core.webui.keyword.WebUiBuiltInKeywords.getAttribute(com.kms.katalon.core.testobject.ObjectRepository.findTestObject(PharmacyRequest/Page_Store/input_txtprice), "value"): Attribute 'value' of object 'Object Repository/PharmacyRequest/Page_Store/input_txtprice' is: '970'

2018-05-16 19:39:23 - [MESSAGE][PASSED] - Attribute 'value' of object 'Object Repository/PharmacyRequest/Page_Store/input_txtprice' is: '970'

2018-05-16 19:39:23 - [TEST_STEP][PASSED] - Statement - out.println("Stock QTY : " + StockQty): null

2018-05-16 19:39:23 - [TEST_STEP][PASSED] - delay: Delayed 1 second(s)

2018-05-16 19:39:24 - [MESSAGE][PASSED] - Delayed 1 second(s)

2018-05-16 19:39:24 - [TEST_STEP][PASSED] - Statement - If (java.lang.Integer.valueOf(StockQty) >= java.lang.Integer.valueOf(RequestedQty)): null

2018-05-16 19:39:24 - [TEST_STEP][PASSED] - setText: Text '10' is set on object 'Object Repository/PharmacyRequest/Page_Store/input_txtqty'

2018-05-16 19:39:24 - [MESSAGE][PASSED] - Text '10' is set on object 'Object Repository/PharmacyRequest/Page_Store/input_txtqty'

2018-05-16 19:39:24 - [TEST_STEP][PASSED] - click: Object: 'Object Repository/PharmacyRequest/Page_Store/button_Add' is clicked on

2018-05-16 19:39:24 - [MESSAGE][PASSED] - Object: 'Object Repository/PharmacyRequest/Page_Store/button_Add' is clicked on

2018-05-16 19:39:24 - [TEST_STEP][PASSED] - Statement - Break: null

2018-05-16 19:39:24 - [TEST_STEP][PASSED] - selectOptionByIndex: All options with index in [24] are selected on object 'Object Repository/PharmacyRequest/Page_Store/select_--Select--Amlodepin -5'

2018-05-16 19:39:24 - [MESSAGE][PASSED] - All options with index in [24] are selected on object 'Object Repository/PharmacyRequest/Page_Store/select_--Select--Amlodepin -5'

2018-05-16 19:39:24 - [TEST_STEP][PASSED] - delay: Delayed 1 second(s)

2018-05-16 19:39:25 - [MESSAGE][PASSED] - Delayed 1 second(s)

2018-05-16 19:39:25 - [TEST_STEP][PASSED] - Statement - RequestedQty = com.kms.katalon.core.webui.keyword.WebUiBuiltInKeywords.getAttribute(com.kms.katalon.core.testobject.ObjectRepository.findTestObject(PharmacyRequest/Page_Store/input_txttotal), "value"): Attribute 'value' of object 'Object Repository/PharmacyRequest/Page_Store/input_txttotal' is: '10'

2018-05-16 19:39:25 - [MESSAGE][PASSED] - Attribute 'value' of object 'Object Repository/PharmacyRequest/Page_Store/input_txttotal' is: '10'

2018-05-16 19:39:25 - [TEST_STEP][PASSED] - Statement - out.println("Requested QTY : " + RequestedQty): null

2018-05-16 19:39:25 - [TEST_STEP][PASSED] - Statement - BatchNumber = com.kms.katalon.core.webui.keyword.WebUiBuiltInKeywords.getNumberOfTotalOption(com.kms.katalon.core.testobject.ObjectRepository.findTestObject(PharmacyRequest/Page_Store/select_--Select--BA50)): 3 options of object 'Object Repository/PharmacyRequest/Page_Store/select_--Select--BA50' counted

2018-05-16 19:39:25 - [MESSAGE][PASSED] - 3 options of object 'Object Repository/PharmacyRequest/Page_Store/select_--Select--BA50' counted

2018-05-16 19:39:25 - [TEST_STEP][PASSED] - Statement - For ([g = 1, g <= BatchNumber - 1, (g++)]): null

2018-05-16 19:39:25 - [TEST_STEP][PASSED] - selectOptionByIndex: All options with index in [1] are selected on object 'Object Repository/PharmacyRequest/Page_Store/select_--Select--BA50'

2018-05-16 19:39:25 - [MESSAGE][PASSED] - All options with index in [1] are selected on object 'Object Repository/PharmacyRequest/Page_Store/select_--Select--BA50'

2018-05-16 19:39:25 - [TEST_STEP][PASSED] - delay: Delayed 1 second(s)

2018-05-16 19:39:26 - [MESSAGE][PASSED] - Delayed 1 second(s)

2018-05-16 19:39:26 - [TEST_STEP][PASSED] - Statement - StockQty = com.kms.katalon.core.webui.keyword.WebUiBuiltInKeywords.getAttribute(com.kms.katalon.core.testobject.ObjectRepository.findTestObject(PharmacyRequest/Page_Store/input_txtprice), "value"): Attribute 'value' of object 'Object Repository/PharmacyRequest/Page_Store/input_txtprice' is: '970'

2018-05-16 19:39:26 - [MESSAGE][PASSED] - Attribute 'value' of object 'Object Repository/PharmacyRequest/Page_Store/input_txtprice' is: '970'

2018-05-16 19:39:26 - [TEST_STEP][PASSED] - Statement - out.println("Stock QTY : " + StockQty): null

2018-05-16 19:39:26 - [TEST_STEP][PASSED] - delay: Delayed 1 second(s)

2018-05-16 19:39:27 - [MESSAGE][PASSED] - Delayed 1 second(s)

2018-05-16 19:39:27 - [TEST_STEP][PASSED] - Statement - If (java.lang.Integer.valueOf(StockQty) >= java.lang.Integer.valueOf(RequestedQty)): null

2018-05-16 19:39:27 - [TEST_STEP][PASSED] - setText: Text '10' is set on object 'Object Repository/PharmacyRequest/Page_Store/input_txtqty'

2018-05-16 19:39:28 - [MESSAGE][PASSED] - Text '10' is set on object 'Object Repository/PharmacyRequest/Page_Store/input_txtqty'

2018-05-16 19:39:28 - [TEST_STEP][PASSED] - click: Object: 'Object Repository/PharmacyRequest/Page_Store/button_Add' is clicked on

2018-05-16 19:39:28 - [MESSAGE][PASSED] - Object: 'Object Repository/PharmacyRequest/Page_Store/button_Add' is clicked on

2018-05-16 19:39:28 - [TEST_STEP][PASSED] - Statement - Break: null

2018-05-16 19:39:28 - [TEST_STEP][PASSED] - selectOptionByIndex: All options with index in [25] are selected on object 'Object Repository/PharmacyRequest/Page_Store/select_--Select--Amlodepin -5'

2018-05-16 19:39:28 - [MESSAGE][PASSED] - All options with index in [25] are selected on object 'Object Repository/PharmacyRequest/Page_Store/select_--Select--Amlodepin -5'

2018-05-16 19:39:28 - [TEST_STEP][PASSED] - delay: Delayed 1 second(s)

2018-05-16 19:39:29 - [MESSAGE][PASSED] - Delayed 1 second(s)

2018-05-16 19:39:29 - [TEST_STEP][PASSED] - Statement - RequestedQty = com.kms.katalon.core.webui.keyword.WebUiBuiltInKeywords.getAttribute(com.kms.katalon.core.testobject.ObjectRepository.findTestObject(PharmacyRequest/Page_Store/input_txttotal), "value"): Attribute 'value' of object 'Object Repository/PharmacyRequest/Page_Store/input_txttotal' is: '10'

2018-05-16 19:39:29 - [MESSAGE][PASSED] - Attribute 'value' of object 'Object Repository/PharmacyRequest/Page_Store/input_txttotal' is: '10'

2018-05-16 19:39:29 - [TEST_STEP][PASSED] - Statement - out.println("Requested QTY : " + RequestedQty): null

2018-05-16 19:39:29 - [TEST_STEP][PASSED] - Statement - BatchNumber = com.kms.katalon.core.webui.keyword.WebUiBuiltInKeywords.getNumberOfTotalOption(com.kms.katalon.core.testobject.ObjectRepository.findTestObject(PharmacyRequest/Page_Store/select_--Select--BA50)): 2 options of object 'Object Repository/PharmacyRequest/Page_Store/select_--Select--BA50' counted

2018-05-16 19:39:29 - [MESSAGE][PASSED] - 2 options of object 'Object Repository/PharmacyRequest/Page_Store/select_--Select--BA50' counted

2018-05-16 19:39:29 - [TEST_STEP][PASSED] - Statement - For ([g = 1, g <= BatchNumber - 1, (g++)]): null

2018-05-16 19:39:29 - [TEST_STEP][PASSED] - selectOptionByIndex: All options with index in [1] are selected on object 'Object Repository/PharmacyRequest/Page_Store/select_--Select--BA50'

2018-05-16 19:39:29 - [MESSAGE][PASSED] - All options with index in [1] are selected on object 'Object Repository/PharmacyRequest/Page_Store/select_--Select--BA50'

2018-05-16 19:39:29 - [TEST_STEP][PASSED] - delay: Delayed 1 second(s)

2018-05-16 19:39:30 - [MESSAGE][PASSED] - Delayed 1 second(s)

2018-05-16 19:39:30 - [TEST_STEP][PASSED] - Statement - StockQty = com.kms.katalon.core.webui.keyword.WebUiBuiltInKeywords.getAttribute(com.kms.katalon.core.testobject.ObjectRepository.findTestObject(PharmacyRequest/Page_Store/input_txtprice), "value"): Attribute 'value' of object 'Object Repository/PharmacyRequest/Page_Store/input_txtprice' is: '1070'

2018-05-16 19:39:30 - [MESSAGE][PASSED] - Attribute 'value' of object 'Object Repository/PharmacyRequest/Page_Store/input_txtprice' is: '1070'

2018-05-16 19:39:30 - [TEST_STEP][PASSED] - Statement - out.println("Stock QTY : " + StockQty): null

2018-05-16 19:39:30 - [TEST_STEP][PASSED] - delay: Delayed 1 second(s)

2018-05-16 19:39:31 - [MESSAGE][PASSED] - Delayed 1 second(s)

2018-05-16 19:39:31 - [TEST_STEP][PASSED] - Statement - If (java.lang.Integer.valueOf(StockQty) >= java.lang.Integer.valueOf(RequestedQty)): null

2018-05-16 19:39:31 - [TEST_STEP][PASSED] - setText: Text '10' is set on object 'Object Repository/PharmacyRequest/Page_Store/input_txtqty'

2018-05-16 19:39:31 - [MESSAGE][PASSED] - Text '10' is set on object 'Object Repository/PharmacyRequest/Page_Store/input_txtqty'

2018-05-16 19:39:31 - [TEST_STEP][PASSED] - click: Object: 'Object Repository/PharmacyRequest/Page_Store/button_Add' is clicked on

2018-05-16 19:39:31 - [MESSAGE][PASSED] - Object: 'Object Repository/PharmacyRequest/Page_Store/button_Add' is clicked on

2018-05-16 19:39:31 - [TEST_STEP][PASSED] - Statement - Break: null

2018-05-16 19:39:31 - [TEST_STEP][PASSED] - selectOptionByIndex: All options with index in [26] are selected on object 'Object Repository/PharmacyRequest/Page_Store/select_--Select--Amlodepin -5'

2018-05-16 19:39:32 - [MESSAGE][PASSED] - All options with index in [26] are selected on object 'Object Repository/PharmacyRequest/Page_Store/select_--Select--Amlodepin -5'

2018-05-16 19:39:32 - [TEST_STEP][PASSED] - delay: Delayed 1 second(s)

2018-05-16 19:39:33 - [MESSAGE][PASSED] - Delayed 1 second(s)

2018-05-16 19:39:33 - [TEST_STEP][PASSED] - Statement - RequestedQty = com.kms.katalon.core.webui.keyword.WebUiBuiltInKeywords.getAttribute(com.kms.katalon.core.testobject.ObjectRepository.findTestObject(PharmacyRequest/Page_Store/input_txttotal), "value"): Attribute 'value' of object 'Object Repository/PharmacyRequest/Page_Store/input_txttotal' is: '10'

2018-05-16 19:39:33 - [MESSAGE][PASSED] - Attribute 'value' of object 'Object Repository/PharmacyRequest/Page_Store/input_txttotal' is: '10'

2018-05-16 19:39:33 - [TEST_STEP][PASSED] - Statement - out.println("Requested QTY : " + RequestedQty): null

2018-05-16 19:39:33 - [TEST_STEP][PASSED] - Statement - BatchNumber = com.kms.katalon.core.webui.keyword.WebUiBuiltInKeywords.getNumberOfTotalOption(com.kms.katalon.core.testobject.ObjectRepository.findTestObject(PharmacyRequest/Page_Store/select_--Select--BA50)): 3 options of object 'Object Repository/PharmacyRequest/Page_Store/select_--Select--BA50' counted

2018-05-16 19:39:33 - [MESSAGE][PASSED] - 3 options of object 'Object Repository/PharmacyRequest/Page_Store/select_--Select--BA50' counted

2018-05-16 19:39:33 - [TEST_STEP][PASSED] - Statement - For ([g = 1, g <= BatchNumber - 1, (g++)]): null

2018-05-16 19:39:33 - [TEST_STEP][PASSED] - selectOptionByIndex: All options with index in [1] are selected on object 'Object Repository/PharmacyRequest/Page_Store/select_--Select--BA50'

2018-05-16 19:39:33 - [MESSAGE][PASSED] - All options with index in [1] are selected on object 'Object Repository/PharmacyRequest/Page_Store/select_--Select--BA50'

2018-05-16 19:39:33 - [TEST_STEP][PASSED] - delay: Delayed 1 second(s)

2018-05-16 19:39:34 - [MESSAGE][PASSED] - Delayed 1 second(s)

2018-05-16 19:39:34 - [TEST_STEP][PASSED] - Statement - StockQty = com.kms.katalon.core.webui.keyword.WebUiBuiltInKeywords.getAttribute(com.kms.katalon.core.testobject.ObjectRepository.findTestObject(PharmacyRequest/Page_Store/input_txtprice), "value"): Attribute 'value' of object 'Object Repository/PharmacyRequest/Page_Store/input_txtprice' is: '970'

2018-05-16 19:39:34 - [MESSAGE][PASSED] - Attribute 'value' of object 'Object Repository/PharmacyRequest/Page_Store/input_txtprice' is: '970'

2018-05-16 19:39:34 - [TEST_STEP][PASSED] - Statement - out.println("Stock QTY : " + StockQty): null

2018-05-16 19:39:34 - [TEST_STEP][PASSED] - delay: Delayed 1 second(s)

2018-05-16 19:39:35 - [MESSAGE][PASSED] - Delayed 1 second(s)

2018-05-16 19:39:35 - [TEST_STEP][PASSED] - Statement - If (java.lang.Integer.valueOf(StockQty) >= java.lang.Integer.valueOf(RequestedQty)): null

2018-05-16 19:39:35 - [TEST_STEP][PASSED] - setText: Text '10' is set on object 'Object Repository/PharmacyRequest/Page_Store/input_txtqty'

2018-05-16 19:39:35 - [MESSAGE][PASSED] - Text '10' is set on object 'Object Repository/PharmacyRequest/Page_Store/input_txtqty'

2018-05-16 19:39:35 - [TEST_STEP][PASSED] - click: Object: 'Object Repository/PharmacyRequest/Page_Store/button_Add' is clicked on

2018-05-16 19:39:35 - [MESSAGE][PASSED] - Object: 'Object Repository/PharmacyRequest/Page_Store/button_Add' is clicked on

2018-05-16 19:39:35 - [TEST_STEP][PASSED] - Statement - Break: null

2018-05-16 19:39:35 - [TEST_STEP][PASSED] - selectOptionByIndex: All options with index in [27] are selected on object 'Object Repository/PharmacyRequest/Page_Store/select_--Select--Amlodepin -5'

2018-05-16 19:39:35 - [MESSAGE][PASSED] - All options with index in [27] are selected on object 'Object Repository/PharmacyRequest/Page_Store/select_--Select--Amlodepin -5'

2018-05-16 19:39:35 - [TEST_STEP][PASSED] - delay: Delayed 1 second(s)

2018-05-16 19:39:36 - [MESSAGE][PASSED] - Delayed 1 second(s)

2018-05-16 19:39:36 - [TEST_STEP][PASSED] - Statement - RequestedQty = com.kms.katalon.core.webui.keyword.WebUiBuiltInKeywords.getAttribute(com.kms.katalon.core.testobject.ObjectRepository.findTestObject(PharmacyRequest/Page_Store/input_txttotal), "value"): Attribute 'value' of object 'Object Repository/PharmacyRequest/Page_Store/input_txttotal' is: '10'

2018-05-16 19:39:36 - [MESSAGE][PASSED] - Attribute 'value' of object 'Object Repository/PharmacyRequest/Page_Store/input_txttotal' is: '10'

2018-05-16 19:39:36 - [TEST_STEP][PASSED] - Statement - out.println("Requested QTY : " + RequestedQty): null

2018-05-16 19:39:36 - [TEST_STEP][PASSED] - Statement - BatchNumber = com.kms.katalon.core.webui.keyword.WebUiBuiltInKeywords.getNumberOfTotalOption(com.kms.katalon.core.testobject.ObjectRepository.findTestObject(PharmacyRequest/Page_Store/select_--Select--BA50)): 3 options of object 'Object Repository/PharmacyRequest/Page_Store/select_--Select--BA50' counted

2018-05-16 19:39:37 - [MESSAGE][PASSED] - 3 options of object 'Object Repository/PharmacyRequest/Page_Store/select_--Select--BA50' counted

2018-05-16 19:39:37 - [TEST_STEP][PASSED] - Statement - For ([g = 1, g <= BatchNumber - 1, (g++)]): null

2018-05-16 19:39:37 - [TEST_STEP][PASSED] - selectOptionByIndex: All options with index in [1] are selected on object 'Object Repository/PharmacyRequest/Page_Store/select_--Select--BA50'

2018-05-16 19:39:37 - [MESSAGE][PASSED] - All options with index in [1] are selected on object 'Object Repository/PharmacyRequest/Page_Store/select_--Select--BA50'

2018-05-16 19:39:37 - [TEST_STEP][PASSED] - delay: Delayed 1 second(s)

2018-05-16 19:39:38 - [MESSAGE][PASSED] - Delayed 1 second(s)

2018-05-16 19:39:38 - [TEST_STEP][PASSED] - Statement - StockQty = com.kms.katalon.core.webui.keyword.WebUiBuiltInKeywords.getAttribute(com.kms.katalon.core.testobject.ObjectRepository.findTestObject(PharmacyRequest/Page_Store/input_txtprice), "value"): Attribute 'value' of object 'Object Repository/PharmacyRequest/Page_Store/input_txtprice' is: '970'

2018-05-16 19:39:38 - [MESSAGE][PASSED] - Attribute 'value' of object 'Object Repository/PharmacyRequest/Page_Store/input_txtprice' is: '970'

2018-05-16 19:39:38 - [TEST_STEP][PASSED] - Statement - out.println("Stock QTY : " + StockQty): null

2018-05-16 19:39:38 - [TEST_STEP][PASSED] - delay: Delayed 1 second(s)

2018-05-16 19:39:39 - [MESSAGE][PASSED] - Delayed 1 second(s)

2018-05-16 19:39:39 - [TEST_STEP][PASSED] - Statement - If (java.lang.Integer.valueOf(StockQty) >= java.lang.Integer.valueOf(RequestedQty)): null

2018-05-16 19:39:39 - [TEST_STEP][PASSED] - setText: Text '10' is set on object 'Object Repository/PharmacyRequest/Page_Store/input_txtqty'

2018-05-16 19:39:39 - [MESSAGE][PASSED] - Text '10' is set on object 'Object Repository/PharmacyRequest/Page_Store/input_txtqty'

2018-05-16 19:39:39 - [TEST_STEP][PASSED] - click: Object: 'Object Repository/PharmacyRequest/Page_Store/button_Add' is clicked on

2018-05-16 19:39:39 - [MESSAGE][PASSED] - Object: 'Object Repository/PharmacyRequest/Page_Store/button_Add' is clicked on

2018-05-16 19:39:39 - [TEST_STEP][PASSED] - Statement - Break: null

2018-05-16 19:39:39 - [TEST_STEP][PASSED] - selectOptionByIndex: All options with index in [28] are selected on object 'Object Repository/PharmacyRequest/Page_Store/select_--Select--Amlodepin -5'

2018-05-16 19:39:39 - [MESSAGE][PASSED] - All options with index in [28] are selected on object 'Object Repository/PharmacyRequest/Page_Store/select_--Select--Amlodepin -5'

2018-05-16 19:39:39 - [TEST_STEP][PASSED] - delay: Delayed 1 second(s)

2018-05-16 19:39:40 - [MESSAGE][PASSED] - Delayed 1 second(s)

2018-05-16 19:39:40 - [TEST_STEP][PASSED] - Statement - RequestedQty = com.kms.katalon.core.webui.keyword.WebUiBuiltInKeywords.getAttribute(com.kms.katalon.core.testobject.ObjectRepository.findTestObject(PharmacyRequest/Page_Store/input_txttotal), "value"): Attribute 'value' of object 'Object Repository/PharmacyRequest/Page_Store/input_txttotal' is: '10'

2018-05-16 19:39:40 - [MESSAGE][PASSED] - Attribute 'value' of object 'Object Repository/PharmacyRequest/Page_Store/input_txttotal' is: '10'

2018-05-16 19:39:40 - [TEST_STEP][PASSED] - Statement - out.println("Requested QTY : " + RequestedQty): null

2018-05-16 19:39:40 - [TEST_STEP][PASSED] - Statement - BatchNumber = com.kms.katalon.core.webui.keyword.WebUiBuiltInKeywords.getNumberOfTotalOption(com.kms.katalon.core.testobject.ObjectRepository.findTestObject(PharmacyRequest/Page_Store/select_--Select--BA50)): 3 options of object 'Object Repository/PharmacyRequest/Page_Store/select_--Select--BA50' counted

2018-05-16 19:39:40 - [MESSAGE][PASSED] - 3 options of object 'Object Repository/PharmacyRequest/Page_Store/select_--Select--BA50' counted

2018-05-16 19:39:40 - [TEST_STEP][PASSED] - Statement - For ([g = 1, g <= BatchNumber - 1, (g++)]): null

2018-05-16 19:39:40 - [TEST_STEP][PASSED] - selectOptionByIndex: All options with index in [1] are selected on object 'Object Repository/PharmacyRequest/Page_Store/select_--Select--BA50'

2018-05-16 19:39:40 - [MESSAGE][PASSED] - All options with index in [1] are selected on object 'Object Repository/PharmacyRequest/Page_Store/select_--Select--BA50'

2018-05-16 19:39:40 - [TEST_STEP][PASSED] - delay: Delayed 1 second(s)

2018-05-16 19:39:41 - [MESSAGE][PASSED] - Delayed 1 second(s)

2018-05-16 19:39:41 - [TEST_STEP][PASSED] - Statement - StockQty = com.kms.katalon.core.webui.keyword.WebUiBuiltInKeywords.getAttribute(com.kms.katalon.core.testobject.ObjectRepository.findTestObject(PharmacyRequest/Page_Store/input_txtprice), "value"): Attribute 'value' of object 'Object Repository/PharmacyRequest/Page_Store/input_txtprice' is: '970'

2018-05-16 19:39:41 - [MESSAGE][PASSED] - Attribute 'value' of object 'Object Repository/PharmacyRequest/Page_Store/input_txtprice' is: '970'

2018-05-16 19:39:41 - [TEST_STEP][PASSED] - Statement - out.println("Stock QTY : " + StockQty): null

2018-05-16 19:39:41 - [TEST_STEP][PASSED] - delay: Delayed 1 second(s)

2018-05-16 19:39:42 - [MESSAGE][PASSED] - Delayed 1 second(s)

2018-05-16 19:39:42 - [TEST_STEP][PASSED] - Statement - If (java.lang.Integer.valueOf(StockQty) >= java.lang.Integer.valueOf(RequestedQty)): null

2018-05-16 19:39:42 - [TEST_STEP][PASSED] - setText: Text '10' is set on object 'Object Repository/PharmacyRequest/Page_Store/input_txtqty'

2018-05-16 19:39:43 - [MESSAGE][PASSED] - Text '10' is set on object 'Object Repository/PharmacyRequest/Page_Store/input_txtqty'

2018-05-16 19:39:43 - [TEST_STEP][PASSED] - click: Object: 'Object Repository/PharmacyRequest/Page_Store/button_Add' is clicked on

2018-05-16 19:39:43 - [MESSAGE][PASSED] - Object: 'Object Repository/PharmacyRequest/Page_Store/button_Add' is clicked on

2018-05-16 19:39:43 - [TEST_STEP][PASSED] - Statement - Break: null

2018-05-16 19:39:43 - [TEST_STEP][PASSED] - selectOptionByIndex: All options with index in [29] are selected on object 'Object Repository/PharmacyRequest/Page_Store/select_--Select--Amlodepin -5'

2018-05-16 19:39:43 - [MESSAGE][PASSED] - All options with index in [29] are selected on object 'Object Repository/PharmacyRequest/Page_Store/select_--Select--Amlodepin -5'

2018-05-16 19:39:43 - [TEST_STEP][PASSED] - delay: Delayed 1 second(s)

2018-05-16 19:39:44 - [MESSAGE][PASSED] - Delayed 1 second(s)

2018-05-16 19:39:44 - [TEST_STEP][PASSED] - Statement - RequestedQty = com.kms.katalon.core.webui.keyword.WebUiBuiltInKeywords.getAttribute(com.kms.katalon.core.testobject.ObjectRepository.findTestObject(PharmacyRequest/Page_Store/input_txttotal), "value"): Attribute 'value' of object 'Object Repository/PharmacyRequest/Page_Store/input_txttotal' is: '10'

2018-05-16 19:39:44 - [MESSAGE][PASSED] - Attribute 'value' of object 'Object Repository/PharmacyRequest/Page_Store/input_txttotal' is: '10'

2018-05-16 19:39:44 - [TEST_STEP][PASSED] - Statement - out.println("Requested QTY : " + RequestedQty): null

2018-05-16 19:39:44 - [TEST_STEP][PASSED] - Statement - BatchNumber = com.kms.katalon.core.webui.keyword.WebUiBuiltInKeywords.getNumberOfTotalOption(com.kms.katalon.core.testobject.ObjectRepository.findTestObject(PharmacyRequest/Page_Store/select_--Select--BA50)): 2 options of object 'Object Repository/PharmacyRequest/Page_Store/select_--Select--BA50' counted

2018-05-16 19:39:44 - [MESSAGE][PASSED] - 2 options of object 'Object Repository/PharmacyRequest/Page_Store/select_--Select--BA50' counted

2018-05-16 19:39:44 - [TEST_STEP][PASSED] - Statement - For ([g = 1, g <= BatchNumber - 1, (g++)]): null

2018-05-16 19:39:44 - [TEST_STEP][PASSED] - selectOptionByIndex: All options with index in [1] are selected on object 'Object Repository/PharmacyRequest/Page_Store/select_--Select--BA50'

2018-05-16 19:39:44 - [MESSAGE][PASSED] - All options with index in [1] are selected on object 'Object Repository/PharmacyRequest/Page_Store/select_--Select--BA50'

2018-05-16 19:39:44 - [TEST_STEP][PASSED] - delay: Delayed 1 second(s)

2018-05-16 19:39:45 - [MESSAGE][PASSED] - Delayed 1 second(s)

2018-05-16 19:39:45 - [TEST_STEP][PASSED] - Statement - StockQty = com.kms.katalon.core.webui.keyword.WebUiBuiltInKeywords.getAttribute(com.kms.katalon.core.testobject.ObjectRepository.findTestObject(PharmacyRequest/Page_Store/input_txtprice), "value"): Attribute 'value' of object 'Object Repository/PharmacyRequest/Page_Store/input_txtprice' is: '1070'

2018-05-16 19:39:45 - [MESSAGE][PASSED] - Attribute 'value' of object 'Object Repository/PharmacyRequest/Page_Store/input_txtprice' is: '1070'

2018-05-16 19:39:45 - [TEST_STEP][PASSED] - Statement - out.println("Stock QTY : " + StockQty): null

2018-05-16 19:39:45 - [TEST_STEP][PASSED] - delay: Delayed 1 second(s)

2018-05-16 19:39:46 - [MESSAGE][PASSED] - Delayed 1 second(s)

2018-05-16 19:39:46 - [TEST_STEP][PASSED] - Statement - If (java.lang.Integer.valueOf(StockQty) >= java.lang.Integer.valueOf(RequestedQty)): null

2018-05-16 19:39:46 - [TEST_STEP][PASSED] - setText: Text '10' is set on object 'Object Repository/PharmacyRequest/Page_Store/input_txtqty'

2018-05-16 19:39:46 - [MESSAGE][PASSED] - Text '10' is set on object 'Object Repository/PharmacyRequest/Page_Store/input_txtqty'

2018-05-16 19:39:46 - [TEST_STEP][PASSED] - click: Object: 'Object Repository/PharmacyRequest/Page_Store/button_Add' is clicked on

2018-05-16 19:39:46 - [MESSAGE][PASSED] - Object: 'Object Repository/PharmacyRequest/Page_Store/button_Add' is clicked on

2018-05-16 19:39:46 - [TEST_STEP][PASSED] - Statement - Break: null

2018-05-16 19:39:46 - [TEST_STEP][PASSED] - selectOptionByIndex: All options with index in [30] are selected on object 'Object Repository/PharmacyRequest/Page_Store/select_--Select--Amlodepin -5'

2018-05-16 19:39:47 - [MESSAGE][PASSED] - All options with index in [30] are selected on object 'Object Repository/PharmacyRequest/Page_Store/select_--Select--Amlodepin -5'

2018-05-16 19:39:47 - [TEST_STEP][PASSED] - delay: Delayed 1 second(s)

2018-05-16 19:39:48 - [MESSAGE][PASSED] - Delayed 1 second(s)

2018-05-16 19:39:48 - [TEST_STEP][PASSED] - Statement - RequestedQty = com.kms.katalon.core.webui.keyword.WebUiBuiltInKeywords.getAttribute(com.kms.katalon.core.testobject.ObjectRepository.findTestObject(PharmacyRequest/Page_Store/input_txttotal), "value"): Attribute 'value' of object 'Object Repository/PharmacyRequest/Page_Store/input_txttotal' is: '10'

2018-05-16 19:39:48 - [MESSAGE][PASSED] - Attribute 'value' of object 'Object Repository/PharmacyRequest/Page_Store/input_txttotal' is: '10'

2018-05-16 19:39:48 - [TEST_STEP][PASSED] - Statement - out.println("Requested QTY : " + RequestedQty): null

2018-05-16 19:39:48 - [TEST_STEP][PASSED] - Statement - BatchNumber = com.kms.katalon.core.webui.keyword.WebUiBuiltInKeywords.getNumberOfTotalOption(com.kms.katalon.core.testobject.ObjectRepository.findTestObject(PharmacyRequest/Page_Store/select_--Select--BA50)): 3 options of object 'Object Repository/PharmacyRequest/Page_Store/select_--Select--BA50' counted

2018-05-16 19:39:48 - [MESSAGE][PASSED] - 3 options of object 'Object Repository/PharmacyRequest/Page_Store/select_--Select--BA50' counted

2018-05-16 19:39:48 - [TEST_STEP][PASSED] - Statement - For ([g = 1, g <= BatchNumber - 1, (g++)]): null

2018-05-16 19:39:48 - [TEST_STEP][PASSED] - selectOptionByIndex: All options with index in [1] are selected on object 'Object Repository/PharmacyRequest/Page_Store/select_--Select--BA50'

2018-05-16 19:39:48 - [MESSAGE][PASSED] - All options with index in [1] are selected on object 'Object Repository/PharmacyRequest/Page_Store/select_--Select--BA50'

2018-05-16 19:39:48 - [TEST_STEP][PASSED] - delay: Delayed 1 second(s)

2018-05-16 19:39:49 - [MESSAGE][PASSED] - Delayed 1 second(s)

2018-05-16 19:39:49 - [TEST_STEP][PASSED] - Statement - StockQty = com.kms.katalon.core.webui.keyword.WebUiBuiltInKeywords.getAttribute(com.kms.katalon.core.testobject.ObjectRepository.findTestObject(PharmacyRequest/Page_Store/input_txtprice), "value"): Attribute 'value' of object 'Object Repository/PharmacyRequest/Page_Store/input_txtprice' is: '970'

2018-05-16 19:39:49 - [MESSAGE][PASSED] - Attribute 'value' of object 'Object Repository/PharmacyRequest/Page_Store/input_txtprice' is: '970'

2018-05-16 19:39:49 - [TEST_STEP][PASSED] - Statement - out.println("Stock QTY : " + StockQty): null

2018-05-16 19:39:49 - [TEST_STEP][PASSED] - delay: Delayed 1 second(s)

2018-05-16 19:39:50 - [MESSAGE][PASSED] - Delayed 1 second(s)

2018-05-16 19:39:50 - [TEST_STEP][PASSED] - Statement - If (java.lang.Integer.valueOf(StockQty) >= java.lang.Integer.valueOf(RequestedQty)): null

2018-05-16 19:39:50 - [TEST_STEP][PASSED] - setText: Text '10' is set on object 'Object Repository/PharmacyRequest/Page_Store/input_txtqty'

2018-05-16 19:39:50 - [MESSAGE][PASSED] - Text '10' is set on object 'Object Repository/PharmacyRequest/Page_Store/input_txtqty'

2018-05-16 19:39:50 - [TEST_STEP][PASSED] - click: Object: 'Object Repository/PharmacyRequest/Page_Store/button_Add' is clicked on

2018-05-16 19:39:50 - [MESSAGE][PASSED] - Object: 'Object Repository/PharmacyRequest/Page_Store/button_Add' is clicked on

2018-05-16 19:39:50 - [TEST_STEP][PASSED] - Statement - Break: null

2018-05-16 19:39:50 - [TEST_STEP][PASSED] - selectOptionByIndex: All options with index in [31] are selected on object 'Object Repository/PharmacyRequest/Page_Store/select_--Select--Amlodepin -5'

2018-05-16 19:39:51 - [MESSAGE][PASSED] - All options with index in [31] are selected on object 'Object Repository/PharmacyRequest/Page_Store/select_--Select--Amlodepin -5'

2018-05-16 19:39:51 - [TEST_STEP][PASSED] - delay: Delayed 1 second(s)

2018-05-16 19:39:52 - [MESSAGE][PASSED] - Delayed 1 second(s)

2018-05-16 19:39:52 - [TEST_STEP][PASSED] - Statement - RequestedQty = com.kms.katalon.core.webui.keyword.WebUiBuiltInKeywords.getAttribute(com.kms.katalon.core.testobject.ObjectRepository.findTestObject(PharmacyRequest/Page_Store/input_txttotal), "value"): Attribute 'value' of object 'Object Repository/PharmacyRequest/Page_Store/input_txttotal' is: '10'

2018-05-16 19:39:52 - [MESSAGE][PASSED] - Attribute 'value' of object 'Object Repository/PharmacyRequest/Page_Store/input_txttotal' is: '10'

2018-05-16 19:39:52 - [TEST_STEP][PASSED] - Statement - out.println("Requested QTY : " + RequestedQty): null

2018-05-16 19:39:52 - [TEST_STEP][PASSED] - Statement - BatchNumber = com.kms.katalon.core.webui.keyword.WebUiBuiltInKeywords.getNumberOfTotalOption(com.kms.katalon.core.testobject.ObjectRepository.findTestObject(PharmacyRequest/Page_Store/select_--Select--BA50)): 3 options of object 'Object Repository/PharmacyRequest/Page_Store/select_--Select--BA50' counted

2018-05-16 19:39:52 - [MESSAGE][PASSED] - 3 options of object 'Object Repository/PharmacyRequest/Page_Store/select_--Select--BA50' counted

2018-05-16 19:39:52 - [TEST_STEP][PASSED] - Statement - For ([g = 1, g <= BatchNumber - 1, (g++)]): null

2018-05-16 19:39:52 - [TEST_STEP][PASSED] - selectOptionByIndex: All options with index in [1] are selected on object 'Object Repository/PharmacyRequest/Page_Store/select_--Select--BA50'

2018-05-16 19:39:52 - [MESSAGE][PASSED] - All options with index in [1] are selected on object 'Object Repository/PharmacyRequest/Page_Store/select_--Select--BA50'

2018-05-16 19:39:52 - [TEST_STEP][PASSED] - delay: Delayed 1 second(s)

2018-05-16 19:39:53 - [MESSAGE][PASSED] - Delayed 1 second(s)

2018-05-16 19:39:53 - [TEST_STEP][PASSED] - Statement - StockQty = com.kms.katalon.core.webui.keyword.WebUiBuiltInKeywords.getAttribute(com.kms.katalon.core.testobject.ObjectRepository.findTestObject(PharmacyRequest/Page_Store/input_txtprice), "value"): Attribute 'value' of object 'Object Repository/PharmacyRequest/Page_Store/input_txtprice' is: '970'

2018-05-16 19:39:53 - [MESSAGE][PASSED] - Attribute 'value' of object 'Object Repository/PharmacyRequest/Page_Store/input_txtprice' is: '970'

2018-05-16 19:39:53 - [TEST_STEP][PASSED] - Statement - out.println("Stock QTY : " + StockQty): null

2018-05-16 19:39:53 - [TEST_STEP][PASSED] - delay: Delayed 1 second(s)

2018-05-16 19:39:54 - [MESSAGE][PASSED] - Delayed 1 second(s)

2018-05-16 19:39:54 - [TEST_STEP][PASSED] - Statement - If (java.lang.Integer.valueOf(StockQty) >= java.lang.Integer.valueOf(RequestedQty)): null

2018-05-16 19:39:54 - [TEST_STEP][PASSED] - setText: Text '10' is set on object 'Object Repository/PharmacyRequest/Page_Store/input_txtqty'

2018-05-16 19:39:54 - [MESSAGE][PASSED] - Text '10' is set on object 'Object Repository/PharmacyRequest/Page_Store/input_txtqty'

2018-05-16 19:39:54 - [TEST_STEP][PASSED] - click: Object: 'Object Repository/PharmacyRequest/Page_Store/button_Add' is clicked on

2018-05-16 19:39:54 - [MESSAGE][PASSED] - Object: 'Object Repository/PharmacyRequest/Page_Store/button_Add' is clicked on

2018-05-16 19:39:54 - [TEST_STEP][PASSED] - Statement - Break: null

2018-05-16 19:39:54 - [TEST_STEP][PASSED] - selectOptionByIndex: All options with index in [32] are selected on object 'Object Repository/PharmacyRequest/Page_Store/select_--Select--Amlodepin -5'

2018-05-16 19:39:54 - [MESSAGE][PASSED] - All options with index in [32] are selected on object 'Object Repository/PharmacyRequest/Page_Store/select_--Select--Amlodepin -5'

2018-05-16 19:39:54 - [TEST_STEP][PASSED] - delay: Delayed 1 second(s)

2018-05-16 19:39:55 - [MESSAGE][PASSED] - Delayed 1 second(s)

2018-05-16 19:39:55 - [TEST_STEP][PASSED] - Statement - RequestedQty = com.kms.katalon.core.webui.keyword.WebUiBuiltInKeywords.getAttribute(com.kms.katalon.core.testobject.ObjectRepository.findTestObject(PharmacyRequest/Page_Store/input_txttotal), "value"): Attribute 'value' of object 'Object Repository/PharmacyRequest/Page_Store/input_txttotal' is: '10'

2018-05-16 19:39:55 - [MESSAGE][PASSED] - Attribute 'value' of object 'Object Repository/PharmacyRequest/Page_Store/input_txttotal' is: '10'

2018-05-16 19:39:55 - [TEST_STEP][PASSED] - Statement - out.println("Requested QTY : " + RequestedQty): null

2018-05-16 19:39:55 - [TEST_STEP][PASSED] - Statement - BatchNumber = com.kms.katalon.core.webui.keyword.WebUiBuiltInKeywords.getNumberOfTotalOption(com.kms.katalon.core.testobject.ObjectRepository.findTestObject(PharmacyRequest/Page_Store/select_--Select--BA50)): 2 options of object 'Object Repository/PharmacyRequest/Page_Store/select_--Select--BA50' counted

2018-05-16 19:39:55 - [MESSAGE][PASSED] - 2 options of object 'Object Repository/PharmacyRequest/Page_Store/select_--Select--BA50' counted

2018-05-16 19:39:55 - [TEST_STEP][PASSED] - Statement - For ([g = 1, g <= BatchNumber - 1, (g++)]): null

2018-05-16 19:39:55 - [TEST_STEP][PASSED] - selectOptionByIndex: All options with index in [1] are selected on object 'Object Repository/PharmacyRequest/Page_Store/select_--Select--BA50'

2018-05-16 19:39:55 - [MESSAGE][PASSED] - All options with index in [1] are selected on object 'Object Repository/PharmacyRequest/Page_Store/select_--Select--BA50'

2018-05-16 19:39:55 - [TEST_STEP][PASSED] - delay: Delayed 1 second(s)

2018-05-16 19:39:56 - [MESSAGE][PASSED] - Delayed 1 second(s)

2018-05-16 19:39:56 - [TEST_STEP][PASSED] - Statement - StockQty = com.kms.katalon.core.webui.keyword.WebUiBuiltInKeywords.getAttribute(com.kms.katalon.core.testobject.ObjectRepository.findTestObject(PharmacyRequest/Page_Store/input_txtprice), "value"): Attribute 'value' of object 'Object Repository/PharmacyRequest/Page_Store/input_txtprice' is: '1070'

2018-05-16 19:39:57 - [MESSAGE][PASSED] - Attribute 'value' of object 'Object Repository/PharmacyRequest/Page_Store/input_txtprice' is: '1070'

2018-05-16 19:39:57 - [TEST_STEP][PASSED] - Statement - out.println("Stock QTY : " + StockQty): null

2018-05-16 19:39:57 - [TEST_STEP][PASSED] - delay: Delayed 1 second(s)

2018-05-16 19:39:58 - [MESSAGE][PASSED] - Delayed 1 second(s)

2018-05-16 19:39:58 - [TEST_STEP][PASSED] - Statement - If (java.lang.Integer.valueOf(StockQty) >= java.lang.Integer.valueOf(RequestedQty)): null

2018-05-16 19:39:58 - [TEST_STEP][PASSED] - setText: Text '10' is set on object 'Object Repository/PharmacyRequest/Page_Store/input_txtqty'

2018-05-16 19:39:58 - [MESSAGE][PASSED] - Text '10' is set on object 'Object Repository/PharmacyRequest/Page_Store/input_txtqty'

2018-05-16 19:39:58 - [TEST_STEP][PASSED] - click: Object: 'Object Repository/PharmacyRequest/Page_Store/button_Add' is clicked on

2018-05-16 19:39:58 - [MESSAGE][PASSED] - Object: 'Object Repository/PharmacyRequest/Page_Store/button_Add' is clicked on

2018-05-16 19:39:58 - [TEST_STEP][PASSED] - Statement - Break: null

2018-05-16 19:39:58 - [TEST_STEP][PASSED] - selectOptionByIndex: All options with index in [33] are selected on object 'Object Repository/PharmacyRequest/Page_Store/select_--Select--Amlodepin -5'

2018-05-16 19:39:58 - [MESSAGE][PASSED] - All options with index in [33] are selected on object 'Object Repository/PharmacyRequest/Page_Store/select_--Select--Amlodepin -5'

2018-05-16 19:39:58 - [TEST_STEP][PASSED] - delay: Delayed 1 second(s)

2018-05-16 19:39:59 - [MESSAGE][PASSED] - Delayed 1 second(s)

2018-05-16 19:39:59 - [TEST_STEP][PASSED] - Statement - RequestedQty = com.kms.katalon.core.webui.keyword.WebUiBuiltInKeywords.getAttribute(com.kms.katalon.core.testobject.ObjectRepository.findTestObject(PharmacyRequest/Page_Store/input_txttotal), "value"): Attribute 'value' of object 'Object Repository/PharmacyRequest/Page_Store/input_txttotal' is: '10'

2018-05-16 19:39:59 - [MESSAGE][PASSED] - Attribute 'value' of object 'Object Repository/PharmacyRequest/Page_Store/input_txttotal' is: '10'

2018-05-16 19:39:59 - [TEST_STEP][PASSED] - Statement - out.println("Requested QTY : " + RequestedQty): null

2018-05-16 19:39:59 - [TEST_STEP][PASSED] - Statement - BatchNumber = com.kms.katalon.core.webui.keyword.WebUiBuiltInKeywords.getNumberOfTotalOption(com.kms.katalon.core.testobject.ObjectRepository.findTestObject(PharmacyRequest/Page_Store/select_--Select--BA50)): 3 options of object 'Object Repository/PharmacyRequest/Page_Store/select_--Select--BA50' counted

2018-05-16 19:39:59 - [MESSAGE][PASSED] - 3 options of object 'Object Repository/PharmacyRequest/Page_Store/select_--Select--BA50' counted

2018-05-16 19:39:59 - [TEST_STEP][PASSED] - Statement - For ([g = 1, g <= BatchNumber - 1, (g++)]): null

2018-05-16 19:39:59 - [TEST_STEP][PASSED] - selectOptionByIndex: All options with index in [1] are selected on object 'Object Repository/PharmacyRequest/Page_Store/select_--Select--BA50'

2018-05-16 19:39:59 - [MESSAGE][PASSED] - All options with index in [1] are selected on object 'Object Repository/PharmacyRequest/Page_Store/select_--Select--BA50'

2018-05-16 19:39:59 - [TEST_STEP][PASSED] - delay: Delayed 1 second(s)

2018-05-16 19:40:00 - [MESSAGE][PASSED] - Delayed 1 second(s)

2018-05-16 19:40:00 - [TEST_STEP][PASSED] - Statement - StockQty = com.kms.katalon.core.webui.keyword.WebUiBuiltInKeywords.getAttribute(com.kms.katalon.core.testobject.ObjectRepository.findTestObject(PharmacyRequest/Page_Store/input_txtprice), "value"): Attribute 'value' of object 'Object Repository/PharmacyRequest/Page_Store/input_txtprice' is: '970'

2018-05-16 19:40:00 - [MESSAGE][PASSED] - Attribute 'value' of object 'Object Repository/PharmacyRequest/Page_Store/input_txtprice' is: '970'

2018-05-16 19:40:00 - [TEST_STEP][PASSED] - Statement - out.println("Stock QTY : " + StockQty): null

2018-05-16 19:40:00 - [TEST_STEP][PASSED] - delay: Delayed 1 second(s)

2018-05-16 19:40:01 - [MESSAGE][PASSED] - Delayed 1 second(s)

2018-05-16 19:40:01 - [TEST_STEP][PASSED] - Statement - If (java.lang.Integer.valueOf(StockQty) >= java.lang.Integer.valueOf(RequestedQty)): null

2018-05-16 19:40:01 - [TEST_STEP][PASSED] - setText: Text '10' is set on object 'Object Repository/PharmacyRequest/Page_Store/input_txtqty'

2018-05-16 19:40:01 - [MESSAGE][PASSED] - Text '10' is set on object 'Object Repository/PharmacyRequest/Page_Store/input_txtqty'

2018-05-16 19:40:01 - [TEST_STEP][PASSED] - click: Object: 'Object Repository/PharmacyRequest/Page_Store/button_Add' is clicked on

2018-05-16 19:40:01 - [MESSAGE][PASSED] - Object: 'Object Repository/PharmacyRequest/Page_Store/button_Add' is clicked on

2018-05-16 19:40:01 - [TEST_STEP][PASSED] - Statement - Break: null

2018-05-16 19:40:01 - [TEST_STEP][PASSED] - selectOptionByIndex: All options with index in [34] are selected on object 'Object Repository/PharmacyRequest/Page_Store/select_--Select--Amlodepin -5'

2018-05-16 19:40:02 - [MESSAGE][PASSED] - All options with index in [34] are selected on object 'Object Repository/PharmacyRequest/Page_Store/select_--Select--Amlodepin -5'

2018-05-16 19:40:02 - [TEST_STEP][PASSED] - delay: Delayed 1 second(s)

2018-05-16 19:40:03 - [MESSAGE][PASSED] - Delayed 1 second(s)

2018-05-16 19:40:03 - [TEST_STEP][PASSED] - Statement - RequestedQty = com.kms.katalon.core.webui.keyword.WebUiBuiltInKeywords.getAttribute(com.kms.katalon.core.testobject.ObjectRepository.findTestObject(PharmacyRequest/Page_Store/input_txttotal), "value"): Attribute 'value' of object 'Object Repository/PharmacyRequest/Page_Store/input_txttotal' is: '10'

2018-05-16 19:40:03 - [MESSAGE][PASSED] - Attribute 'value' of object 'Object Repository/PharmacyRequest/Page_Store/input_txttotal' is: '10'

2018-05-16 19:40:03 - [TEST_STEP][PASSED] - Statement - out.println("Requested QTY : " + RequestedQty): null

2018-05-16 19:40:03 - [TEST_STEP][PASSED] - Statement - BatchNumber = com.kms.katalon.core.webui.keyword.WebUiBuiltInKeywords.getNumberOfTotalOption(com.kms.katalon.core.testobject.ObjectRepository.findTestObject(PharmacyRequest/Page_Store/select_--Select--BA50)): 2 options of object 'Object Repository/PharmacyRequest/Page_Store/select_--Select--BA50' counted

2018-05-16 19:40:03 - [MESSAGE][PASSED] - 2 options of object 'Object Repository/PharmacyRequest/Page_Store/select_--Select--BA50' counted

2018-05-16 19:40:03 - [TEST_STEP][PASSED] - Statement - For ([g = 1, g <= BatchNumber - 1, (g++)]): null

2018-05-16 19:40:03 - [TEST_STEP][PASSED] - selectOptionByIndex: All options with index in [1] are selected on object 'Object Repository/PharmacyRequest/Page_Store/select_--Select--BA50'

2018-05-16 19:40:03 - [MESSAGE][PASSED] - All options with index in [1] are selected on object 'Object Repository/PharmacyRequest/Page_Store/select_--Select--BA50'

2018-05-16 19:40:03 - [TEST_STEP][PASSED] - delay: Delayed 1 second(s)

2018-05-16 19:40:04 - [MESSAGE][PASSED] - Delayed 1 second(s)

2018-05-16 19:40:04 - [TEST_STEP][PASSED] - Statement - StockQty = com.kms.katalon.core.webui.keyword.WebUiBuiltInKeywords.getAttribute(com.kms.katalon.core.testobject.ObjectRepository.findTestObject(PharmacyRequest/Page_Store/input_txtprice), "value"): Attribute 'value' of object 'Object Repository/PharmacyRequest/Page_Store/input_txtprice' is: '1070'

2018-05-16 19:40:04 - [MESSAGE][PASSED] - Attribute 'value' of object 'Object Repository/PharmacyRequest/Page_Store/input_txtprice' is: '1070'

2018-05-16 19:40:04 - [TEST_STEP][PASSED] - Statement - out.println("Stock QTY : " + StockQty): null

2018-05-16 19:40:04 - [TEST_STEP][PASSED] - delay: Delayed 1 second(s)

2018-05-16 19:40:05 - [MESSAGE][PASSED] - Delayed 1 second(s)

2018-05-16 19:40:05 - [TEST_STEP][PASSED] - Statement - If (java.lang.Integer.valueOf(StockQty) >= java.lang.Integer.valueOf(RequestedQty)): null

2018-05-16 19:40:05 - [TEST_STEP][PASSED] - setText: Text '10' is set on object 'Object Repository/PharmacyRequest/Page_Store/input_txtqty'

2018-05-16 19:40:05 - [MESSAGE][PASSED] - Text '10' is set on object 'Object Repository/PharmacyRequest/Page_Store/input_txtqty'

2018-05-16 19:40:05 - [TEST_STEP][PASSED] - click: Object: 'Object Repository/PharmacyRequest/Page_Store/button_Add' is clicked on

2018-05-16 19:40:05 - [MESSAGE][PASSED] - Object: 'Object Repository/PharmacyRequest/Page_Store/button_Add' is clicked on

2018-05-16 19:40:05 - [TEST_STEP][PASSED] - Statement - Break: null

2018-05-16 19:40:05 - [TEST_STEP][PASSED] - selectOptionByIndex: All options with index in [35] are selected on object 'Object Repository/PharmacyRequest/Page_Store/select_--Select--Amlodepin -5'

2018-05-16 19:40:06 - [MESSAGE][PASSED] - All options with index in [35] are selected on object 'Object Repository/PharmacyRequest/Page_Store/select_--Select--Amlodepin -5'

2018-05-16 19:40:06 - [TEST_STEP][PASSED] - delay: Delayed 1 second(s)

2018-05-16 19:40:07 - [MESSAGE][PASSED] - Delayed 1 second(s)

2018-05-16 19:40:07 - [TEST_STEP][PASSED] - Statement - RequestedQty = com.kms.katalon.core.webui.keyword.WebUiBuiltInKeywords.getAttribute(com.kms.katalon.core.testobject.ObjectRepository.findTestObject(PharmacyRequest/Page_Store/input_txttotal), "value"): Attribute 'value' of object 'Object Repository/PharmacyRequest/Page_Store/input_txttotal' is: '10'

2018-05-16 19:40:07 - [MESSAGE][PASSED] - Attribute 'value' of object 'Object Repository/PharmacyRequest/Page_Store/input_txttotal' is: '10'

2018-05-16 19:40:07 - [TEST_STEP][PASSED] - Statement - out.println("Requested QTY : " + RequestedQty): null

2018-05-16 19:40:07 - [TEST_STEP][PASSED] - Statement - BatchNumber = com.kms.katalon.core.webui.keyword.WebUiBuiltInKeywords.getNumberOfTotalOption(com.kms.katalon.core.testobject.ObjectRepository.findTestObject(PharmacyRequest/Page_Store/select_--Select--BA50)): 3 options of object 'Object Repository/PharmacyRequest/Page_Store/select_--Select--BA50' counted

2018-05-16 19:40:07 - [MESSAGE][PASSED] - 3 options of object 'Object Repository/PharmacyRequest/Page_Store/select_--Select--BA50' counted

2018-05-16 19:40:07 - [TEST_STEP][PASSED] - Statement - For ([g = 1, g <= BatchNumber - 1, (g++)]): null

2018-05-16 19:40:07 - [TEST_STEP][PASSED] - selectOptionByIndex: All options with index in [1] are selected on object 'Object Repository/PharmacyRequest/Page_Store/select_--Select--BA50'

2018-05-16 19:40:07 - [MESSAGE][PASSED] - All options with index in [1] are selected on object 'Object Repository/PharmacyRequest/Page_Store/select_--Select--BA50'

2018-05-16 19:40:07 - [TEST_STEP][PASSED] - delay: Delayed 1 second(s)

2018-05-16 19:40:08 - [MESSAGE][PASSED] - Delayed 1 second(s)

2018-05-16 19:40:08 - [TEST_STEP][PASSED] - Statement - StockQty = com.kms.katalon.core.webui.keyword.WebUiBuiltInKeywords.getAttribute(com.kms.katalon.core.testobject.ObjectRepository.findTestObject(PharmacyRequest/Page_Store/input_txtprice), "value"): Attribute 'value' of object 'Object Repository/PharmacyRequest/Page_Store/input_txtprice' is: '980'

2018-05-16 19:40:08 - [MESSAGE][PASSED] - Attribute 'value' of object 'Object Repository/PharmacyRequest/Page_Store/input_txtprice' is: '980'

2018-05-16 19:40:08 - [TEST_STEP][PASSED] - Statement - out.println("Stock QTY : " + StockQty): null

2018-05-16 19:40:08 - [TEST_STEP][PASSED] - delay: Delayed 1 second(s)

2018-05-16 19:40:09 - [MESSAGE][PASSED] - Delayed 1 second(s)

2018-05-16 19:40:09 - [TEST_STEP][PASSED] - Statement - If (java.lang.Integer.valueOf(StockQty) >= java.lang.Integer.valueOf(RequestedQty)): null

2018-05-16 19:40:09 - [TEST_STEP][PASSED] - setText: Text '10' is set on object 'Object Repository/PharmacyRequest/Page_Store/input_txtqty'

2018-05-16 19:40:09 - [MESSAGE][PASSED] - Text '10' is set on object 'Object Repository/PharmacyRequest/Page_Store/input_txtqty'

2018-05-16 19:40:09 - [TEST_STEP][PASSED] - click: Object: 'Object Repository/PharmacyRequest/Page_Store/button_Add' is clicked on

2018-05-16 19:40:09 - [MESSAGE][PASSED] - Object: 'Object Repository/PharmacyRequest/Page_Store/button_Add' is clicked on

2018-05-16 19:40:09 - [TEST_STEP][PASSED] - Statement - Break: null

2018-05-16 19:40:09 - [TEST_STEP][PASSED] - selectOptionByIndex: All options with index in [36] are selected on object 'Object Repository/PharmacyRequest/Page_Store/select_--Select--Amlodepin -5'

2018-05-16 19:40:10 - [MESSAGE][PASSED] - All options with index in [36] are selected on object 'Object Repository/PharmacyRequest/Page_Store/select_--Select--Amlodepin -5'

2018-05-16 19:40:10 - [TEST_STEP][PASSED] - delay: Delayed 1 second(s)

2018-05-16 19:40:11 - [MESSAGE][PASSED] - Delayed 1 second(s)

2018-05-16 19:40:11 - [TEST_STEP][PASSED] - Statement - RequestedQty = com.kms.katalon.core.webui.keyword.WebUiBuiltInKeywords.getAttribute(com.kms.katalon.core.testobject.ObjectRepository.findTestObject(PharmacyRequest/Page_Store/input_txttotal), "value"): Attribute 'value' of object 'Object Repository/PharmacyRequest/Page_Store/input_txttotal' is: '10'

2018-05-16 19:40:11 - [MESSAGE][PASSED] - Attribute 'value' of object 'Object Repository/PharmacyRequest/Page_Store/input_txttotal' is: '10'

2018-05-16 19:40:11 - [TEST_STEP][PASSED] - Statement - out.println("Requested QTY : " + RequestedQty): null

2018-05-16 19:40:11 - [TEST_STEP][PASSED] - Statement - BatchNumber = com.kms.katalon.core.webui.keyword.WebUiBuiltInKeywords.getNumberOfTotalOption(com.kms.katalon.core.testobject.ObjectRepository.findTestObject(PharmacyRequest/Page_Store/select_--Select--BA50)): 2 options of object 'Object Repository/PharmacyRequest/Page_Store/select_--Select--BA50' counted

2018-05-16 19:40:11 - [MESSAGE][PASSED] - 2 options of object 'Object Repository/PharmacyRequest/Page_Store/select_--Select--BA50' counted

2018-05-16 19:40:11 - [TEST_STEP][PASSED] - Statement - For ([g = 1, g <= BatchNumber - 1, (g++)]): null

2018-05-16 19:40:11 - [TEST_STEP][PASSED] - selectOptionByIndex: All options with index in [1] are selected on object 'Object Repository/PharmacyRequest/Page_Store/select_--Select--BA50'

2018-05-16 19:40:11 - [MESSAGE][PASSED] - All options with index in [1] are selected on object 'Object Repository/PharmacyRequest/Page_Store/select_--Select--BA50'

2018-05-16 19:40:11 - [TEST_STEP][PASSED] - delay: Delayed 1 second(s)

2018-05-16 19:40:12 - [MESSAGE][PASSED] - Delayed 1 second(s)

2018-05-16 19:40:12 - [TEST_STEP][PASSED] - Statement - StockQty = com.kms.katalon.core.webui.keyword.WebUiBuiltInKeywords.getAttribute(com.kms.katalon.core.testobject.ObjectRepository.findTestObject(PharmacyRequest/Page_Store/input_txtprice), "value"): Attribute 'value' of object 'Object Repository/PharmacyRequest/Page_Store/input_txtprice' is: '1090'

2018-05-16 19:40:12 - [MESSAGE][PASSED] - Attribute 'value' of object 'Object Repository/PharmacyRequest/Page_Store/input_txtprice' is: '1090'

2018-05-16 19:40:12 - [TEST_STEP][PASSED] - Statement - out.println("Stock QTY : " + StockQty): null

2018-05-16 19:40:12 - [TEST_STEP][PASSED] - delay: Delayed 1 second(s)

2018-05-16 19:40:13 - [MESSAGE][PASSED] - Delayed 1 second(s)

2018-05-16 19:40:13 - [TEST_STEP][PASSED] - Statement - If (java.lang.Integer.valueOf(StockQty) >= java.lang.Integer.valueOf(RequestedQty)): null

2018-05-16 19:40:13 - [TEST_STEP][PASSED] - setText: Text '10' is set on object 'Object Repository/PharmacyRequest/Page_Store/input_txtqty'

2018-05-16 19:40:13 - [MESSAGE][PASSED] - Text '10' is set on object 'Object Repository/PharmacyRequest/Page_Store/input_txtqty'

2018-05-16 19:40:13 - [TEST_STEP][PASSED] - click: Object: 'Object Repository/PharmacyRequest/Page_Store/button_Add' is clicked on

2018-05-16 19:40:13 - [MESSAGE][PASSED] - Object: 'Object Repository/PharmacyRequest/Page_Store/button_Add' is clicked on

2018-05-16 19:40:13 - [TEST_STEP][PASSED] - Statement - Break: null

2018-05-16 19:40:13 - [TEST_STEP][PASSED] - scrollToElement: Scroll to object 'Object Repository/PharmacyRequest/Page_Store/input_btnSubmit' successfully

2018-05-16 19:40:13 - [MESSAGE][PASSED] - Scroll to object 'Object Repository/PharmacyRequest/Page_Store/input_btnSubmit' successfully

2018-05-16 19:40:13 - [TEST_STEP][PASSED] - click: Object: 'Object Repository/PharmacyRequest/Page_Store/input_btnSubmit' is clicked on

2018-05-16 19:40:13 - [MESSAGE][PASSED] - Object: 'Object Repository/PharmacyRequest/Page_Store/input_btnSubmit' is clicked on

2018-05-16 19:40:13 - [TEST_STEP][PASSED] - delay: Delayed 3 second(s)

2018-05-16 19:40:16 - [MESSAGE][PASSED] - Delayed 3 second(s)

2018-05-16 19:40:16 - [TEST_STEP][PASSED] - click: Object: 'Object Repository/PharmacyRequest/Page_Store/button_OK' is clicked on

2018-05-16 19:40:17 - [MESSAGE][PASSED] - Object: 'Object Repository/PharmacyRequest/Page_Store/button_OK' is clicked on

2018-05-16 19:40:17 - [TEST_STEP][PASSED] - delay: Delayed 3 second(s)

2018-05-16 19:40:20 - [MESSAGE][PASSED] - Delayed 3 second(s)

2018-05-16 19:40:20 - [TEST_STEP][PASSED] - click: Object: 'Object Repository/PharmacyRequest/Page_Store/a_dropdown-toggle' is clicked on

2018-05-16 19:40:20 - [MESSAGE][PASSED] - Object: 'Object Repository/PharmacyRequest/Page_Store/a_dropdown-toggle' is clicked on

2018-05-16 19:40:20 - [TEST_STEP][PASSED] - click: Object: 'Object Repository/PharmacyRequest/Page_Store/a_Sign out' is clicked on

2018-05-16 19:40:20 - [MESSAGE][PASSED] - Object: 'Object Repository/PharmacyRequest/Page_Store/a_Sign out' is clicked on

2018-05-16 19:40:20 - [TEST_STEP][PASSED] - closeBrowser: Browser is closed

2018-05-16 19:40:21 - [MESSAGE][PASSED] - Browser is closed

2018-05-16 19:40:21 - [TEST_STEP][PASSED] - Statement - out.println("Schedule 3 Pharmacy Request Are Working Successfully"): null]]></system-out>
         <system-err><![CDATA[]]></system-err>
      </testcase>
      <testcase name="Test Cases/PHARMACY TEST CASES/TC_PHAR_004 Verify Schedule 4 Pharmacy Request Are Working Successfully Or Not" classname="Test Cases/PHARMACY TEST CASES/TC_PHAR_004 Verify Schedule 4 Pharmacy Request Are Working Successfully Or Not" status="PASSED">
         <system-out><![CDATA[2018-05-16 19:40:21 - [TEST_CASE][PASSED] - Test Cases/PHARMACY TEST CASES/TC_PHAR_004 Verify Schedule 4 Pharmacy Request Are Working Successfully Or Not: Test Cases/PHARMACY TEST CASES/TC_PHAR_004 Verify Schedule 4 Pharmacy Request Are Working Successfully Or Not

2018-05-16 19:40:21 - [TEST_STEP][PASSED] - openBrowser: Browser is opened with url: ''

2018-05-16 19:40:23 - [MESSAGE][PASSED] - Browser is opened with url: ''

2018-05-16 19:40:23 - [TEST_STEP][PASSED] - Statement - out.println("Verify Schedule 4 Pharmacy Request Are Working Successfully Or Not"): null

2018-05-16 19:40:23 - [TEST_STEP][PASSED] - navigateToUrl: Navigate to 'http://192.168.137.1/multihospital_new/' successfully

2018-05-16 19:40:25 - [MESSAGE][PASSED] - Navigate to 'http://192.168.137.1/multihospital_new/' successfully

2018-05-16 19:40:25 - [TEST_STEP][PASSED] - maximizeWindow: Current window maximized

2018-05-16 19:40:26 - [MESSAGE][PASSED] - Current window maximized

2018-05-16 19:40:26 - [TEST_STEP][PASSED] - click: Object: 'Object Repository/PharmacyRequest/Page_KDMC/a_Pharmacy' is clicked on

2018-05-16 19:40:27 - [MESSAGE][PASSED] - Object: 'Object Repository/PharmacyRequest/Page_KDMC/a_Pharmacy' is clicked on

2018-05-16 19:40:27 - [TEST_STEP][PASSED] - setText: Text 'raja' is set on object 'Object Repository/PharmacyRequest/Page_Pharmacy login/input_txtusername'

2018-05-16 19:40:27 - [MESSAGE][PASSED] - Text 'raja' is set on object 'Object Repository/PharmacyRequest/Page_Pharmacy login/input_txtusername'

2018-05-16 19:40:27 - [TEST_STEP][PASSED] - setText: Text '123' is set on object 'Object Repository/PharmacyRequest/Page_Pharmacy login/input_txtpassword'

2018-05-16 19:40:27 - [MESSAGE][PASSED] - Text '123' is set on object 'Object Repository/PharmacyRequest/Page_Pharmacy login/input_txtpassword'

2018-05-16 19:40:27 - [TEST_STEP][PASSED] - delay: Delayed 3 second(s)

2018-05-16 19:40:30 - [MESSAGE][PASSED] - Delayed 3 second(s)

2018-05-16 19:40:30 - [TEST_STEP][PASSED] - click: Object: 'Object Repository/PharmacyRequest/Page_Pharmacy login/button_Sign in' is clicked on

2018-05-16 19:40:31 - [MESSAGE][PASSED] - Object: 'Object Repository/PharmacyRequest/Page_Pharmacy login/button_Sign in' is clicked on

2018-05-16 19:40:31 - [TEST_STEP][PASSED] - delay: Delayed 3 second(s)

2018-05-16 19:40:34 - [MESSAGE][PASSED] - Delayed 3 second(s)

2018-05-16 19:40:34 - [TEST_STEP][PASSED] - click: Object: 'Object Repository/PharmacyRequest/Page_KDMC - Pharmacy/a_Inventory' is clicked on

2018-05-16 19:40:35 - [MESSAGE][PASSED] - Object: 'Object Repository/PharmacyRequest/Page_KDMC - Pharmacy/a_Inventory' is clicked on

2018-05-16 19:40:35 - [TEST_STEP][PASSED] - delay: Delayed 3 second(s)

2018-05-16 19:40:38 - [MESSAGE][PASSED] - Delayed 3 second(s)

2018-05-16 19:40:38 - [TEST_STEP][PASSED] - click: Object: 'Object Repository/PharmacyRequest/Page_KDMC-Pharmacy/a_Store Request' is clicked on

2018-05-16 19:40:38 - [MESSAGE][PASSED] - Object: 'Object Repository/PharmacyRequest/Page_KDMC-Pharmacy/a_Store Request' is clicked on

2018-05-16 19:40:38 - [TEST_STEP][PASSED] - click: Object: 'Object Repository/PharmacyRequest/Page_KDMC-Pharmacy/a_Medicine Request' is clicked on

2018-05-16 19:40:39 - [MESSAGE][PASSED] - Object: 'Object Repository/PharmacyRequest/Page_KDMC-Pharmacy/a_Medicine Request' is clicked on

2018-05-16 19:40:39 - [TEST_STEP][PASSED] - selectOptionByIndex: All options with index in [4] are selected on object 'Object Repository/PharmacyRequest/Page_KDMC-Pharmacy/select_--Select--Schedule 1Inj'

2018-05-16 19:40:39 - [MESSAGE][PASSED] - All options with index in [4] are selected on object 'Object Repository/PharmacyRequest/Page_KDMC-Pharmacy/select_--Select--Schedule 1Inj'

2018-05-16 19:40:39 - [TEST_STEP][PASSED] - Statement - MedicineLength = com.kms.katalon.core.webui.keyword.WebUiBuiltInKeywords.getNumberOfTotalOption(com.kms.katalon.core.testobject.ObjectRepository.findTestObject(PharmacyRequest/Page_KDMC-Pharmacy/select_--Select--Albendazole)): 16 options of object 'Object Repository/PharmacyRequest/Page_KDMC-Pharmacy/select_--Select--Albendazole' counted

2018-05-16 19:40:39 - [MESSAGE][PASSED] - 16 options of object 'Object Repository/PharmacyRequest/Page_KDMC-Pharmacy/select_--Select--Albendazole' counted

2018-05-16 19:40:39 - [TEST_STEP][PASSED] - Statement - For ([l = 1, l <= MedicineLength - 1, (l++)]): Object: 'Object Repository/PharmacyRequest/Page_KDMC-Pharmacy/button_Add' is clicked on

2018-05-16 19:40:39 - [TEST_STEP][PASSED] - selectOptionByIndex: All options with index in [4] are selected on object 'Object Repository/PharmacyRequest/Page_KDMC-Pharmacy/select_--Select--Schedule 1Inj'

2018-05-16 19:40:39 - [MESSAGE][PASSED] - All options with index in [4] are selected on object 'Object Repository/PharmacyRequest/Page_KDMC-Pharmacy/select_--Select--Schedule 1Inj'

2018-05-16 19:40:39 - [TEST_STEP][PASSED] - selectOptionByIndex: All options with index in [1] are selected on object 'Object Repository/PharmacyRequest/Page_KDMC-Pharmacy/select_--Select--Albendazole'

2018-05-16 19:40:40 - [MESSAGE][PASSED] - All options with index in [1] are selected on object 'Object Repository/PharmacyRequest/Page_KDMC-Pharmacy/select_--Select--Albendazole'

2018-05-16 19:40:40 - [TEST_STEP][PASSED] - setText: Text '10' is set on object 'Object Repository/PharmacyRequest/Page_KDMC-Pharmacy/input_txttreat'

2018-05-16 19:40:40 - [MESSAGE][PASSED] - Text '10' is set on object 'Object Repository/PharmacyRequest/Page_KDMC-Pharmacy/input_txttreat'

2018-05-16 19:40:40 - [TEST_STEP][PASSED] - click: Object: 'Object Repository/PharmacyRequest/Page_KDMC-Pharmacy/button_Add' is clicked on

2018-05-16 19:40:40 - [MESSAGE][PASSED] - Object: 'Object Repository/PharmacyRequest/Page_KDMC-Pharmacy/button_Add' is clicked on

2018-05-16 19:40:40 - [TEST_STEP][PASSED] - selectOptionByIndex: All options with index in [4] are selected on object 'Object Repository/PharmacyRequest/Page_KDMC-Pharmacy/select_--Select--Schedule 1Inj'

2018-05-16 19:40:40 - [MESSAGE][PASSED] - All options with index in [4] are selected on object 'Object Repository/PharmacyRequest/Page_KDMC-Pharmacy/select_--Select--Schedule 1Inj'

2018-05-16 19:40:40 - [TEST_STEP][PASSED] - selectOptionByIndex: All options with index in [2] are selected on object 'Object Repository/PharmacyRequest/Page_KDMC-Pharmacy/select_--Select--Albendazole'

2018-05-16 19:40:40 - [MESSAGE][PASSED] - All options with index in [2] are selected on object 'Object Repository/PharmacyRequest/Page_KDMC-Pharmacy/select_--Select--Albendazole'

2018-05-16 19:40:40 - [TEST_STEP][PASSED] - setText: Text '10' is set on object 'Object Repository/PharmacyRequest/Page_KDMC-Pharmacy/input_txttreat'

2018-05-16 19:40:40 - [MESSAGE][PASSED] - Text '10' is set on object 'Object Repository/PharmacyRequest/Page_KDMC-Pharmacy/input_txttreat'

2018-05-16 19:40:40 - [TEST_STEP][PASSED] - click: Object: 'Object Repository/PharmacyRequest/Page_KDMC-Pharmacy/button_Add' is clicked on

2018-05-16 19:40:40 - [MESSAGE][PASSED] - Object: 'Object Repository/PharmacyRequest/Page_KDMC-Pharmacy/button_Add' is clicked on

2018-05-16 19:40:40 - [TEST_STEP][PASSED] - selectOptionByIndex: All options with index in [4] are selected on object 'Object Repository/PharmacyRequest/Page_KDMC-Pharmacy/select_--Select--Schedule 1Inj'

2018-05-16 19:40:40 - [MESSAGE][PASSED] - All options with index in [4] are selected on object 'Object Repository/PharmacyRequest/Page_KDMC-Pharmacy/select_--Select--Schedule 1Inj'

2018-05-16 19:40:40 - [TEST_STEP][PASSED] - selectOptionByIndex: All options with index in [3] are selected on object 'Object Repository/PharmacyRequest/Page_KDMC-Pharmacy/select_--Select--Albendazole'

2018-05-16 19:40:40 - [MESSAGE][PASSED] - All options with index in [3] are selected on object 'Object Repository/PharmacyRequest/Page_KDMC-Pharmacy/select_--Select--Albendazole'

2018-05-16 19:40:40 - [TEST_STEP][PASSED] - setText: Text '10' is set on object 'Object Repository/PharmacyRequest/Page_KDMC-Pharmacy/input_txttreat'

2018-05-16 19:40:41 - [MESSAGE][PASSED] - Text '10' is set on object 'Object Repository/PharmacyRequest/Page_KDMC-Pharmacy/input_txttreat'

2018-05-16 19:40:41 - [TEST_STEP][PASSED] - click: Object: 'Object Repository/PharmacyRequest/Page_KDMC-Pharmacy/button_Add' is clicked on

2018-05-16 19:40:41 - [MESSAGE][PASSED] - Object: 'Object Repository/PharmacyRequest/Page_KDMC-Pharmacy/button_Add' is clicked on

2018-05-16 19:40:41 - [TEST_STEP][PASSED] - selectOptionByIndex: All options with index in [4] are selected on object 'Object Repository/PharmacyRequest/Page_KDMC-Pharmacy/select_--Select--Schedule 1Inj'

2018-05-16 19:40:41 - [MESSAGE][PASSED] - All options with index in [4] are selected on object 'Object Repository/PharmacyRequest/Page_KDMC-Pharmacy/select_--Select--Schedule 1Inj'

2018-05-16 19:40:41 - [TEST_STEP][PASSED] - selectOptionByIndex: All options with index in [4] are selected on object 'Object Repository/PharmacyRequest/Page_KDMC-Pharmacy/select_--Select--Albendazole'

2018-05-16 19:40:41 - [MESSAGE][PASSED] - All options with index in [4] are selected on object 'Object Repository/PharmacyRequest/Page_KDMC-Pharmacy/select_--Select--Albendazole'

2018-05-16 19:40:41 - [TEST_STEP][PASSED] - setText: Text '10' is set on object 'Object Repository/PharmacyRequest/Page_KDMC-Pharmacy/input_txttreat'

2018-05-16 19:40:41 - [MESSAGE][PASSED] - Text '10' is set on object 'Object Repository/PharmacyRequest/Page_KDMC-Pharmacy/input_txttreat'

2018-05-16 19:40:41 - [TEST_STEP][PASSED] - click: Object: 'Object Repository/PharmacyRequest/Page_KDMC-Pharmacy/button_Add' is clicked on

2018-05-16 19:40:41 - [MESSAGE][PASSED] - Object: 'Object Repository/PharmacyRequest/Page_KDMC-Pharmacy/button_Add' is clicked on

2018-05-16 19:40:41 - [TEST_STEP][PASSED] - selectOptionByIndex: All options with index in [4] are selected on object 'Object Repository/PharmacyRequest/Page_KDMC-Pharmacy/select_--Select--Schedule 1Inj'

2018-05-16 19:40:41 - [MESSAGE][PASSED] - All options with index in [4] are selected on object 'Object Repository/PharmacyRequest/Page_KDMC-Pharmacy/select_--Select--Schedule 1Inj'

2018-05-16 19:40:41 - [TEST_STEP][PASSED] - selectOptionByIndex: All options with index in [5] are selected on object 'Object Repository/PharmacyRequest/Page_KDMC-Pharmacy/select_--Select--Albendazole'

2018-05-16 19:40:41 - [MESSAGE][PASSED] - All options with index in [5] are selected on object 'Object Repository/PharmacyRequest/Page_KDMC-Pharmacy/select_--Select--Albendazole'

2018-05-16 19:40:41 - [TEST_STEP][PASSED] - setText: Text '10' is set on object 'Object Repository/PharmacyRequest/Page_KDMC-Pharmacy/input_txttreat'

2018-05-16 19:40:41 - [MESSAGE][PASSED] - Text '10' is set on object 'Object Repository/PharmacyRequest/Page_KDMC-Pharmacy/input_txttreat'

2018-05-16 19:40:41 - [TEST_STEP][PASSED] - click: Object: 'Object Repository/PharmacyRequest/Page_KDMC-Pharmacy/button_Add' is clicked on

2018-05-16 19:40:41 - [MESSAGE][PASSED] - Object: 'Object Repository/PharmacyRequest/Page_KDMC-Pharmacy/button_Add' is clicked on

2018-05-16 19:40:41 - [TEST_STEP][PASSED] - selectOptionByIndex: All options with index in [4] are selected on object 'Object Repository/PharmacyRequest/Page_KDMC-Pharmacy/select_--Select--Schedule 1Inj'

2018-05-16 19:40:41 - [MESSAGE][PASSED] - All options with index in [4] are selected on object 'Object Repository/PharmacyRequest/Page_KDMC-Pharmacy/select_--Select--Schedule 1Inj'

2018-05-16 19:40:41 - [TEST_STEP][PASSED] - selectOptionByIndex: All options with index in [6] are selected on object 'Object Repository/PharmacyRequest/Page_KDMC-Pharmacy/select_--Select--Albendazole'

2018-05-16 19:40:42 - [MESSAGE][PASSED] - All options with index in [6] are selected on object 'Object Repository/PharmacyRequest/Page_KDMC-Pharmacy/select_--Select--Albendazole'

2018-05-16 19:40:42 - [TEST_STEP][PASSED] - setText: Text '10' is set on object 'Object Repository/PharmacyRequest/Page_KDMC-Pharmacy/input_txttreat'

2018-05-16 19:40:42 - [MESSAGE][PASSED] - Text '10' is set on object 'Object Repository/PharmacyRequest/Page_KDMC-Pharmacy/input_txttreat'

2018-05-16 19:40:42 - [TEST_STEP][PASSED] - click: Object: 'Object Repository/PharmacyRequest/Page_KDMC-Pharmacy/button_Add' is clicked on

2018-05-16 19:40:42 - [MESSAGE][PASSED] - Object: 'Object Repository/PharmacyRequest/Page_KDMC-Pharmacy/button_Add' is clicked on

2018-05-16 19:40:42 - [TEST_STEP][PASSED] - selectOptionByIndex: All options with index in [4] are selected on object 'Object Repository/PharmacyRequest/Page_KDMC-Pharmacy/select_--Select--Schedule 1Inj'

2018-05-16 19:40:42 - [MESSAGE][PASSED] - All options with index in [4] are selected on object 'Object Repository/PharmacyRequest/Page_KDMC-Pharmacy/select_--Select--Schedule 1Inj'

2018-05-16 19:40:42 - [TEST_STEP][PASSED] - selectOptionByIndex: All options with index in [7] are selected on object 'Object Repository/PharmacyRequest/Page_KDMC-Pharmacy/select_--Select--Albendazole'

2018-05-16 19:40:42 - [MESSAGE][PASSED] - All options with index in [7] are selected on object 'Object Repository/PharmacyRequest/Page_KDMC-Pharmacy/select_--Select--Albendazole'

2018-05-16 19:40:42 - [TEST_STEP][PASSED] - setText: Text '10' is set on object 'Object Repository/PharmacyRequest/Page_KDMC-Pharmacy/input_txttreat'

2018-05-16 19:40:42 - [MESSAGE][PASSED] - Text '10' is set on object 'Object Repository/PharmacyRequest/Page_KDMC-Pharmacy/input_txttreat'

2018-05-16 19:40:42 - [TEST_STEP][PASSED] - click: Object: 'Object Repository/PharmacyRequest/Page_KDMC-Pharmacy/button_Add' is clicked on

2018-05-16 19:40:42 - [MESSAGE][PASSED] - Object: 'Object Repository/PharmacyRequest/Page_KDMC-Pharmacy/button_Add' is clicked on

2018-05-16 19:40:42 - [TEST_STEP][PASSED] - selectOptionByIndex: All options with index in [4] are selected on object 'Object Repository/PharmacyRequest/Page_KDMC-Pharmacy/select_--Select--Schedule 1Inj'

2018-05-16 19:40:42 - [MESSAGE][PASSED] - All options with index in [4] are selected on object 'Object Repository/PharmacyRequest/Page_KDMC-Pharmacy/select_--Select--Schedule 1Inj'

2018-05-16 19:40:42 - [TEST_STEP][PASSED] - selectOptionByIndex: All options with index in [8] are selected on object 'Object Repository/PharmacyRequest/Page_KDMC-Pharmacy/select_--Select--Albendazole'

2018-05-16 19:40:42 - [MESSAGE][PASSED] - All options with index in [8] are selected on object 'Object Repository/PharmacyRequest/Page_KDMC-Pharmacy/select_--Select--Albendazole'

2018-05-16 19:40:42 - [TEST_STEP][PASSED] - setText: Text '10' is set on object 'Object Repository/PharmacyRequest/Page_KDMC-Pharmacy/input_txttreat'

2018-05-16 19:40:42 - [MESSAGE][PASSED] - Text '10' is set on object 'Object Repository/PharmacyRequest/Page_KDMC-Pharmacy/input_txttreat'

2018-05-16 19:40:42 - [TEST_STEP][PASSED] - click: Object: 'Object Repository/PharmacyRequest/Page_KDMC-Pharmacy/button_Add' is clicked on

2018-05-16 19:40:43 - [MESSAGE][PASSED] - Object: 'Object Repository/PharmacyRequest/Page_KDMC-Pharmacy/button_Add' is clicked on

2018-05-16 19:40:43 - [TEST_STEP][PASSED] - selectOptionByIndex: All options with index in [4] are selected on object 'Object Repository/PharmacyRequest/Page_KDMC-Pharmacy/select_--Select--Schedule 1Inj'

2018-05-16 19:40:43 - [MESSAGE][PASSED] - All options with index in [4] are selected on object 'Object Repository/PharmacyRequest/Page_KDMC-Pharmacy/select_--Select--Schedule 1Inj'

2018-05-16 19:40:43 - [TEST_STEP][PASSED] - selectOptionByIndex: All options with index in [9] are selected on object 'Object Repository/PharmacyRequest/Page_KDMC-Pharmacy/select_--Select--Albendazole'

2018-05-16 19:40:43 - [MESSAGE][PASSED] - All options with index in [9] are selected on object 'Object Repository/PharmacyRequest/Page_KDMC-Pharmacy/select_--Select--Albendazole'

2018-05-16 19:40:43 - [TEST_STEP][PASSED] - setText: Text '10' is set on object 'Object Repository/PharmacyRequest/Page_KDMC-Pharmacy/input_txttreat'

2018-05-16 19:40:43 - [MESSAGE][PASSED] - Text '10' is set on object 'Object Repository/PharmacyRequest/Page_KDMC-Pharmacy/input_txttreat'

2018-05-16 19:40:43 - [TEST_STEP][PASSED] - click: Object: 'Object Repository/PharmacyRequest/Page_KDMC-Pharmacy/button_Add' is clicked on

2018-05-16 19:40:43 - [MESSAGE][PASSED] - Object: 'Object Repository/PharmacyRequest/Page_KDMC-Pharmacy/button_Add' is clicked on

2018-05-16 19:40:43 - [TEST_STEP][PASSED] - selectOptionByIndex: All options with index in [4] are selected on object 'Object Repository/PharmacyRequest/Page_KDMC-Pharmacy/select_--Select--Schedule 1Inj'

2018-05-16 19:40:43 - [MESSAGE][PASSED] - All options with index in [4] are selected on object 'Object Repository/PharmacyRequest/Page_KDMC-Pharmacy/select_--Select--Schedule 1Inj'

2018-05-16 19:40:43 - [TEST_STEP][PASSED] - selectOptionByIndex: All options with index in [10] are selected on object 'Object Repository/PharmacyRequest/Page_KDMC-Pharmacy/select_--Select--Albendazole'

2018-05-16 19:40:43 - [MESSAGE][PASSED] - All options with index in [10] are selected on object 'Object Repository/PharmacyRequest/Page_KDMC-Pharmacy/select_--Select--Albendazole'

2018-05-16 19:40:43 - [TEST_STEP][PASSED] - setText: Text '10' is set on object 'Object Repository/PharmacyRequest/Page_KDMC-Pharmacy/input_txttreat'

2018-05-16 19:40:43 - [MESSAGE][PASSED] - Text '10' is set on object 'Object Repository/PharmacyRequest/Page_KDMC-Pharmacy/input_txttreat'

2018-05-16 19:40:43 - [TEST_STEP][PASSED] - click: Object: 'Object Repository/PharmacyRequest/Page_KDMC-Pharmacy/button_Add' is clicked on

2018-05-16 19:40:43 - [MESSAGE][PASSED] - Object: 'Object Repository/PharmacyRequest/Page_KDMC-Pharmacy/button_Add' is clicked on

2018-05-16 19:40:43 - [TEST_STEP][PASSED] - selectOptionByIndex: All options with index in [4] are selected on object 'Object Repository/PharmacyRequest/Page_KDMC-Pharmacy/select_--Select--Schedule 1Inj'

2018-05-16 19:40:43 - [MESSAGE][PASSED] - All options with index in [4] are selected on object 'Object Repository/PharmacyRequest/Page_KDMC-Pharmacy/select_--Select--Schedule 1Inj'

2018-05-16 19:40:43 - [TEST_STEP][PASSED] - selectOptionByIndex: All options with index in [11] are selected on object 'Object Repository/PharmacyRequest/Page_KDMC-Pharmacy/select_--Select--Albendazole'

2018-05-16 19:40:44 - [MESSAGE][PASSED] - All options with index in [11] are selected on object 'Object Repository/PharmacyRequest/Page_KDMC-Pharmacy/select_--Select--Albendazole'

2018-05-16 19:40:44 - [TEST_STEP][PASSED] - setText: Text '10' is set on object 'Object Repository/PharmacyRequest/Page_KDMC-Pharmacy/input_txttreat'

2018-05-16 19:40:44 - [MESSAGE][PASSED] - Text '10' is set on object 'Object Repository/PharmacyRequest/Page_KDMC-Pharmacy/input_txttreat'

2018-05-16 19:40:44 - [TEST_STEP][PASSED] - click: Object: 'Object Repository/PharmacyRequest/Page_KDMC-Pharmacy/button_Add' is clicked on

2018-05-16 19:40:44 - [MESSAGE][PASSED] - Object: 'Object Repository/PharmacyRequest/Page_KDMC-Pharmacy/button_Add' is clicked on

2018-05-16 19:40:44 - [TEST_STEP][PASSED] - selectOptionByIndex: All options with index in [4] are selected on object 'Object Repository/PharmacyRequest/Page_KDMC-Pharmacy/select_--Select--Schedule 1Inj'

2018-05-16 19:40:44 - [MESSAGE][PASSED] - All options with index in [4] are selected on object 'Object Repository/PharmacyRequest/Page_KDMC-Pharmacy/select_--Select--Schedule 1Inj'

2018-05-16 19:40:44 - [TEST_STEP][PASSED] - selectOptionByIndex: All options with index in [12] are selected on object 'Object Repository/PharmacyRequest/Page_KDMC-Pharmacy/select_--Select--Albendazole'

2018-05-16 19:40:44 - [MESSAGE][PASSED] - All options with index in [12] are selected on object 'Object Repository/PharmacyRequest/Page_KDMC-Pharmacy/select_--Select--Albendazole'

2018-05-16 19:40:44 - [TEST_STEP][PASSED] - setText: Text '10' is set on object 'Object Repository/PharmacyRequest/Page_KDMC-Pharmacy/input_txttreat'

2018-05-16 19:40:44 - [MESSAGE][PASSED] - Text '10' is set on object 'Object Repository/PharmacyRequest/Page_KDMC-Pharmacy/input_txttreat'

2018-05-16 19:40:44 - [TEST_STEP][PASSED] - click: Object: 'Object Repository/PharmacyRequest/Page_KDMC-Pharmacy/button_Add' is clicked on

2018-05-16 19:40:44 - [MESSAGE][PASSED] - Object: 'Object Repository/PharmacyRequest/Page_KDMC-Pharmacy/button_Add' is clicked on

2018-05-16 19:40:44 - [TEST_STEP][PASSED] - selectOptionByIndex: All options with index in [4] are selected on object 'Object Repository/PharmacyRequest/Page_KDMC-Pharmacy/select_--Select--Schedule 1Inj'

2018-05-16 19:40:44 - [MESSAGE][PASSED] - All options with index in [4] are selected on object 'Object Repository/PharmacyRequest/Page_KDMC-Pharmacy/select_--Select--Schedule 1Inj'

2018-05-16 19:40:44 - [TEST_STEP][PASSED] - selectOptionByIndex: All options with index in [13] are selected on object 'Object Repository/PharmacyRequest/Page_KDMC-Pharmacy/select_--Select--Albendazole'

2018-05-16 19:40:45 - [MESSAGE][PASSED] - All options with index in [13] are selected on object 'Object Repository/PharmacyRequest/Page_KDMC-Pharmacy/select_--Select--Albendazole'

2018-05-16 19:40:45 - [TEST_STEP][PASSED] - setText: Text '10' is set on object 'Object Repository/PharmacyRequest/Page_KDMC-Pharmacy/input_txttreat'

2018-05-16 19:40:45 - [MESSAGE][PASSED] - Text '10' is set on object 'Object Repository/PharmacyRequest/Page_KDMC-Pharmacy/input_txttreat'

2018-05-16 19:40:45 - [TEST_STEP][PASSED] - click: Object: 'Object Repository/PharmacyRequest/Page_KDMC-Pharmacy/button_Add' is clicked on

2018-05-16 19:40:45 - [MESSAGE][PASSED] - Object: 'Object Repository/PharmacyRequest/Page_KDMC-Pharmacy/button_Add' is clicked on

2018-05-16 19:40:45 - [TEST_STEP][PASSED] - selectOptionByIndex: All options with index in [4] are selected on object 'Object Repository/PharmacyRequest/Page_KDMC-Pharmacy/select_--Select--Schedule 1Inj'

2018-05-16 19:40:45 - [MESSAGE][PASSED] - All options with index in [4] are selected on object 'Object Repository/PharmacyRequest/Page_KDMC-Pharmacy/select_--Select--Schedule 1Inj'

2018-05-16 19:40:45 - [TEST_STEP][PASSED] - selectOptionByIndex: All options with index in [14] are selected on object 'Object Repository/PharmacyRequest/Page_KDMC-Pharmacy/select_--Select--Albendazole'

2018-05-16 19:40:45 - [MESSAGE][PASSED] - All options with index in [14] are selected on object 'Object Repository/PharmacyRequest/Page_KDMC-Pharmacy/select_--Select--Albendazole'

2018-05-16 19:40:45 - [TEST_STEP][PASSED] - setText: Text '10' is set on object 'Object Repository/PharmacyRequest/Page_KDMC-Pharmacy/input_txttreat'

2018-05-16 19:40:45 - [MESSAGE][PASSED] - Text '10' is set on object 'Object Repository/PharmacyRequest/Page_KDMC-Pharmacy/input_txttreat'

2018-05-16 19:40:45 - [TEST_STEP][PASSED] - click: Object: 'Object Repository/PharmacyRequest/Page_KDMC-Pharmacy/button_Add' is clicked on

2018-05-16 19:40:45 - [MESSAGE][PASSED] - Object: 'Object Repository/PharmacyRequest/Page_KDMC-Pharmacy/button_Add' is clicked on

2018-05-16 19:40:45 - [TEST_STEP][PASSED] - selectOptionByIndex: All options with index in [4] are selected on object 'Object Repository/PharmacyRequest/Page_KDMC-Pharmacy/select_--Select--Schedule 1Inj'

2018-05-16 19:40:45 - [MESSAGE][PASSED] - All options with index in [4] are selected on object 'Object Repository/PharmacyRequest/Page_KDMC-Pharmacy/select_--Select--Schedule 1Inj'

2018-05-16 19:40:45 - [TEST_STEP][PASSED] - selectOptionByIndex: All options with index in [15] are selected on object 'Object Repository/PharmacyRequest/Page_KDMC-Pharmacy/select_--Select--Albendazole'

2018-05-16 19:40:45 - [MESSAGE][PASSED] - All options with index in [15] are selected on object 'Object Repository/PharmacyRequest/Page_KDMC-Pharmacy/select_--Select--Albendazole'

2018-05-16 19:40:45 - [TEST_STEP][PASSED] - setText: Text '10' is set on object 'Object Repository/PharmacyRequest/Page_KDMC-Pharmacy/input_txttreat'

2018-05-16 19:40:46 - [MESSAGE][PASSED] - Text '10' is set on object 'Object Repository/PharmacyRequest/Page_KDMC-Pharmacy/input_txttreat'

2018-05-16 19:40:46 - [TEST_STEP][PASSED] - click: Object: 'Object Repository/PharmacyRequest/Page_KDMC-Pharmacy/button_Add' is clicked on

2018-05-16 19:40:46 - [MESSAGE][PASSED] - Object: 'Object Repository/PharmacyRequest/Page_KDMC-Pharmacy/button_Add' is clicked on

2018-05-16 19:40:46 - [TEST_STEP][PASSED] - Statement - RN1 = com.kms.katalon.core.webui.keyword.WebUiBuiltInKeywords.getAttribute(com.kms.katalon.core.testobject.ObjectRepository.findTestObject(PharmacyRequest/Page_KDMC-Pharmacy/input_txtno), "value"): Attribute 'value' of object 'Object Repository/PharmacyRequest/Page_KDMC-Pharmacy/input_txtno' is: 'PRNO/16052018/134'

2018-05-16 19:40:46 - [MESSAGE][PASSED] - Attribute 'value' of object 'Object Repository/PharmacyRequest/Page_KDMC-Pharmacy/input_txtno' is: 'PRNO/16052018/134'

2018-05-16 19:40:46 - [TEST_STEP][PASSED] - Statement - out.println(RN1): null

2018-05-16 19:40:46 - [TEST_STEP][PASSED] - Statement - RID = RN1.split("/")[2]: null

2018-05-16 19:40:46 - [TEST_STEP][PASSED] - scrollToElement: Scroll to object 'Object Repository/PharmacyRequest/Page_KDMC-Pharmacy/input_btnsave' successfully

2018-05-16 19:40:46 - [MESSAGE][PASSED] - Scroll to object 'Object Repository/PharmacyRequest/Page_KDMC-Pharmacy/input_btnsave' successfully

2018-05-16 19:40:46 - [TEST_STEP][PASSED] - click: Object: 'Object Repository/PharmacyRequest/Page_KDMC-Pharmacy/input_btnsave' is clicked on

2018-05-16 19:40:46 - [MESSAGE][PASSED] - Object: 'Object Repository/PharmacyRequest/Page_KDMC-Pharmacy/input_btnsave' is clicked on

2018-05-16 19:40:46 - [TEST_STEP][PASSED] - delay: Delayed 3 second(s)

2018-05-16 19:40:49 - [MESSAGE][PASSED] - Delayed 3 second(s)

2018-05-16 19:40:49 - [TEST_STEP][PASSED] - click: Object: 'Object Repository/PharmacyRequest/Page_KDMC-Pharmacy/button_OK' is clicked on

2018-05-16 19:40:49 - [MESSAGE][PASSED] - Object: 'Object Repository/PharmacyRequest/Page_KDMC-Pharmacy/button_OK' is clicked on

2018-05-16 19:40:49 - [TEST_STEP][PASSED] - delay: Delayed 3 second(s)

2018-05-16 19:40:52 - [MESSAGE][PASSED] - Delayed 3 second(s)

2018-05-16 19:40:52 - [TEST_STEP][PASSED] - click: Object: 'Object Repository/PharmacyRequest/Page_KDMC-Pharmacy/a_Back to Pharmacy' is clicked on

2018-05-16 19:40:53 - [MESSAGE][PASSED] - Object: 'Object Repository/PharmacyRequest/Page_KDMC-Pharmacy/a_Back to Pharmacy' is clicked on

2018-05-16 19:40:53 - [TEST_STEP][PASSED] - delay: Delayed 3 second(s)

2018-05-16 19:40:56 - [MESSAGE][PASSED] - Delayed 3 second(s)

2018-05-16 19:40:56 - [TEST_STEP][PASSED] - click: Object: 'Object Repository/PharmacyRequest/Page_KDMC - Pharmacy/a_dropdown-toggle' is clicked on

2018-05-16 19:40:57 - [MESSAGE][PASSED] - Object: 'Object Repository/PharmacyRequest/Page_KDMC - Pharmacy/a_dropdown-toggle' is clicked on

2018-05-16 19:40:57 - [TEST_STEP][PASSED] - click: Object: 'Object Repository/PharmacyRequest/Page_KDMC - Pharmacy/a_Sign out' is clicked on

2018-05-16 19:40:57 - [MESSAGE][PASSED] - Object: 'Object Repository/PharmacyRequest/Page_KDMC - Pharmacy/a_Sign out' is clicked on

2018-05-16 19:40:57 - [TEST_STEP][PASSED] - delay: Delayed 3 second(s)

2018-05-16 19:41:00 - [MESSAGE][PASSED] - Delayed 3 second(s)

2018-05-16 19:41:00 - [TEST_STEP][PASSED] - click: Object: 'Object Repository/PharmacyRequest/Page_KDMC/a_CMO' is clicked on

2018-05-16 19:41:01 - [MESSAGE][PASSED] - Object: 'Object Repository/PharmacyRequest/Page_KDMC/a_CMO' is clicked on

2018-05-16 19:41:01 - [TEST_STEP][PASSED] - setText: Text 'guru' is set on object 'Object Repository/PharmacyRequest/Page_CMO login/input_txtusername'

2018-05-16 19:41:01 - [MESSAGE][PASSED] - Text 'guru' is set on object 'Object Repository/PharmacyRequest/Page_CMO login/input_txtusername'

2018-05-16 19:41:01 - [TEST_STEP][PASSED] - setText: Text '123' is set on object 'Object Repository/PharmacyRequest/Page_CMO login/input_txtpassword'

2018-05-16 19:41:01 - [MESSAGE][PASSED] - Text '123' is set on object 'Object Repository/PharmacyRequest/Page_CMO login/input_txtpassword'

2018-05-16 19:41:01 - [TEST_STEP][PASSED] - delay: Delayed 3 second(s)

2018-05-16 19:41:04 - [MESSAGE][PASSED] - Delayed 3 second(s)

2018-05-16 19:41:04 - [TEST_STEP][PASSED] - click: Object: 'Object Repository/PharmacyRequest/Page_CMO login/button_Sign in' is clicked on

2018-05-16 19:41:05 - [MESSAGE][PASSED] - Object: 'Object Repository/PharmacyRequest/Page_CMO login/button_Sign in' is clicked on

2018-05-16 19:41:05 - [TEST_STEP][PASSED] - click: Object: 'Object Repository/PharmacyRequest/Page_KDMC - CMO/a_Department Wise Request' is clicked on

2018-05-16 19:41:05 - [MESSAGE][PASSED] - Object: 'Object Repository/PharmacyRequest/Page_KDMC - CMO/a_Department Wise Request' is clicked on

2018-05-16 19:41:05 - [TEST_STEP][PASSED] - selectOptionByIndex: All options with index in [2] are selected on object 'Object Repository/PharmacyRequest/Page_KDMC - CMO/select_--ALL--'

2018-05-16 19:41:06 - [MESSAGE][PASSED] - All options with index in [2] are selected on object 'Object Repository/PharmacyRequest/Page_KDMC - CMO/select_--ALL--'

2018-05-16 19:41:06 - [TEST_STEP][PASSED] - selectOptionByIndex: All options with index in [1] are selected on object 'Object Repository/PharmacyRequest/Page_KDMC - CMO/select_--ALL--                _1'

2018-05-16 19:41:06 - [MESSAGE][PASSED] - All options with index in [1] are selected on object 'Object Repository/PharmacyRequest/Page_KDMC - CMO/select_--ALL--                _1'

2018-05-16 19:41:06 - [TEST_STEP][PASSED] - click: Object: 'Object Repository/PharmacyRequest/Page_KDMC - CMO/input_btnsearch' is clicked on

2018-05-16 19:41:06 - [MESSAGE][PASSED] - Object: 'Object Repository/PharmacyRequest/Page_KDMC - CMO/input_btnsearch' is clicked on

2018-05-16 19:41:06 - [TEST_STEP][PASSED] - Statement - ID = com.kms.katalon.core.webui.keyword.WebUiBuiltInKeywords.modifyObjectProperty(com.kms.katalon.core.testobject.ObjectRepository.findTestObject(PharmacyRequest/Page_KDMC - CMO/input_2), "xpath", "equals", "//*[@id=" + RID + "]", true): Modify property of object successfully

2018-05-16 19:41:06 - [MESSAGE][PASSED] - Modify property of object successfully

2018-05-16 19:41:06 - [TEST_STEP][PASSED] - click: Object: 'Object Repository/PharmacyRequest/Page_KDMC - CMO/input_2' is clicked on

2018-05-16 19:41:06 - [MESSAGE][PASSED] - Object: 'Object Repository/PharmacyRequest/Page_KDMC - CMO/input_2' is clicked on

2018-05-16 19:41:06 - [TEST_STEP][PASSED] - delay: Delayed 3 second(s)

2018-05-16 19:41:09 - [MESSAGE][PASSED] - Delayed 3 second(s)

2018-05-16 19:41:09 - [TEST_STEP][PASSED] - selectOptionByIndex: All options with index in [1] are selected on object 'Object Repository/PharmacyRequest/Page_KDMC - CMO/select_--Select--'

2018-05-16 19:41:10 - [MESSAGE][PASSED] - All options with index in [1] are selected on object 'Object Repository/PharmacyRequest/Page_KDMC - CMO/select_--Select--'

2018-05-16 19:41:10 - [TEST_STEP][PASSED] - click: Object: 'Object Repository/PharmacyRequest/Page_KDMC - CMO/input_btnupdate' is clicked on

2018-05-16 19:41:10 - [MESSAGE][PASSED] - Object: 'Object Repository/PharmacyRequest/Page_KDMC - CMO/input_btnupdate' is clicked on

2018-05-16 19:41:10 - [TEST_STEP][PASSED] - delay: Delayed 3 second(s)

2018-05-16 19:41:13 - [MESSAGE][PASSED] - Delayed 3 second(s)

2018-05-16 19:41:13 - [TEST_STEP][PASSED] - click: Object: 'Object Repository/PharmacyRequest/Page_KDMC - CMO/button_OK' is clicked on

2018-05-16 19:41:13 - [MESSAGE][PASSED] - Object: 'Object Repository/PharmacyRequest/Page_KDMC - CMO/button_OK' is clicked on

2018-05-16 19:41:13 - [TEST_STEP][PASSED] - delay: Delayed 3 second(s)

2018-05-16 19:41:16 - [MESSAGE][PASSED] - Delayed 3 second(s)

2018-05-16 19:41:16 - [TEST_STEP][PASSED] - click: Object: 'Object Repository/PharmacyRequest/Page_KDMC - CMO/a_dropdown-toggle' is clicked on

2018-05-16 19:41:16 - [MESSAGE][PASSED] - Object: 'Object Repository/PharmacyRequest/Page_KDMC - CMO/a_dropdown-toggle' is clicked on

2018-05-16 19:41:16 - [TEST_STEP][PASSED] - click: Object: 'Object Repository/PharmacyRequest/Page_KDMC - CMO/a_Sign out' is clicked on

2018-05-16 19:41:17 - [MESSAGE][PASSED] - Object: 'Object Repository/PharmacyRequest/Page_KDMC - CMO/a_Sign out' is clicked on

2018-05-16 19:41:17 - [TEST_STEP][PASSED] - delay: Delayed 3 second(s)

2018-05-16 19:41:20 - [MESSAGE][PASSED] - Delayed 3 second(s)

2018-05-16 19:41:20 - [TEST_STEP][PASSED] - click: Object: 'Object Repository/PharmacyRequest/Page_KDMC/a_Divisional Store' is clicked on

2018-05-16 19:41:20 - [MESSAGE][PASSED] - Object: 'Object Repository/PharmacyRequest/Page_KDMC/a_Divisional Store' is clicked on

2018-05-16 19:41:20 - [TEST_STEP][PASSED] - setText: Text 'ragu' is set on object 'Object Repository/PharmacyRequest/Page_Divisonal Store Login/input_txtusername'

2018-05-16 19:41:20 - [MESSAGE][PASSED] - Text 'ragu' is set on object 'Object Repository/PharmacyRequest/Page_Divisonal Store Login/input_txtusername'

2018-05-16 19:41:20 - [TEST_STEP][PASSED] - setText: Text '123' is set on object 'Object Repository/PharmacyRequest/Page_Divisonal Store Login/input_txtpassword'

2018-05-16 19:41:20 - [MESSAGE][PASSED] - Text '123' is set on object 'Object Repository/PharmacyRequest/Page_Divisonal Store Login/input_txtpassword'

2018-05-16 19:41:20 - [TEST_STEP][PASSED] - delay: Delayed 3 second(s)

2018-05-16 19:41:23 - [MESSAGE][PASSED] - Delayed 3 second(s)

2018-05-16 19:41:23 - [TEST_STEP][PASSED] - click: Object: 'Object Repository/PharmacyRequest/Page_Divisonal Store Login/button_Sign in' is clicked on

2018-05-16 19:41:24 - [MESSAGE][PASSED] - Object: 'Object Repository/PharmacyRequest/Page_Divisonal Store Login/button_Sign in' is clicked on

2018-05-16 19:41:24 - [TEST_STEP][PASSED] - delay: Delayed 3 second(s)

2018-05-16 19:41:27 - [MESSAGE][PASSED] - Delayed 3 second(s)

2018-05-16 19:41:27 - [TEST_STEP][PASSED] - click: Object: 'Object Repository/PharmacyRequest/Page_Store/a_Pharmacy Request' is clicked on

2018-05-16 19:41:28 - [MESSAGE][PASSED] - Object: 'Object Repository/PharmacyRequest/Page_Store/a_Pharmacy Request' is clicked on

2018-05-16 19:41:28 - [TEST_STEP][PASSED] - click: Object: 'Object Repository/PharmacyRequest/Page_Store/a_Request Item Pharmacy' is clicked on

2018-05-16 19:41:28 - [MESSAGE][PASSED] - Object: 'Object Repository/PharmacyRequest/Page_Store/a_Request Item Pharmacy' is clicked on

2018-05-16 19:41:28 - [TEST_STEP][PASSED] - delay: Delayed 2 second(s)

2018-05-16 19:41:30 - [MESSAGE][PASSED] - Delayed 2 second(s)

2018-05-16 19:41:30 - [TEST_STEP][PASSED] - setText: Text 'PRNO/16052018/134' is set on object 'Object Repository/PharmacyRequest/Page_Store/input'

2018-05-16 19:41:30 - [MESSAGE][PASSED] - Text 'PRNO/16052018/134' is set on object 'Object Repository/PharmacyRequest/Page_Store/input'

2018-05-16 19:41:30 - [TEST_STEP][PASSED] - delay: Delayed 2 second(s)

2018-05-16 19:41:32 - [MESSAGE][PASSED] - Delayed 2 second(s)

2018-05-16 19:41:32 - [TEST_STEP][PASSED] - Statement - ChooseRequest = com.kms.katalon.core.webui.keyword.WebUiBuiltInKeywords.modifyObjectProperty(com.kms.katalon.core.testobject.ObjectRepository.findTestObject(PharmacyRequest/Page_Store/input_2), "xpath", "equals", "//*[@id=" + RID + "]", true): Modify property of object successfully

2018-05-16 19:41:32 - [MESSAGE][PASSED] - Modify property of object successfully

2018-05-16 19:41:32 - [TEST_STEP][PASSED] - click: Object: 'Object Repository/PharmacyRequest/Page_Store/input_2' is clicked on

2018-05-16 19:41:33 - [MESSAGE][PASSED] - Object: 'Object Repository/PharmacyRequest/Page_Store/input_2' is clicked on

2018-05-16 19:41:33 - [TEST_STEP][PASSED] - delay: Delayed 2 second(s)

2018-05-16 19:41:35 - [MESSAGE][PASSED] - Delayed 2 second(s)

2018-05-16 19:41:35 - [TEST_STEP][PASSED] - Statement - selectedoptions = com.kms.katalon.core.webui.keyword.WebUiBuiltInKeywords.getNumberOfTotalOption(com.kms.katalon.core.testobject.ObjectRepository.findTestObject(PharmacyRequest/Page_Store/select_--Select--Amlodepin -5)): 16 options of object 'Object Repository/PharmacyRequest/Page_Store/select_--Select--Amlodepin -5' counted

2018-05-16 19:41:35 - [MESSAGE][PASSED] - 16 options of object 'Object Repository/PharmacyRequest/Page_Store/select_--Select--Amlodepin -5' counted

2018-05-16 19:41:35 - [TEST_STEP][PASSED] - Statement - For ([a = 1, a <= selectedoptions - 1, (a++)]): null

2018-05-16 19:41:35 - [TEST_STEP][PASSED] - selectOptionByIndex: All options with index in [1] are selected on object 'Object Repository/PharmacyRequest/Page_Store/select_--Select--Amlodepin -5'

2018-05-16 19:41:35 - [MESSAGE][PASSED] - All options with index in [1] are selected on object 'Object Repository/PharmacyRequest/Page_Store/select_--Select--Amlodepin -5'

2018-05-16 19:41:35 - [TEST_STEP][PASSED] - delay: Delayed 1 second(s)

2018-05-16 19:41:36 - [MESSAGE][PASSED] - Delayed 1 second(s)

2018-05-16 19:41:36 - [TEST_STEP][PASSED] - Statement - RequestedQty = com.kms.katalon.core.webui.keyword.WebUiBuiltInKeywords.getAttribute(com.kms.katalon.core.testobject.ObjectRepository.findTestObject(PharmacyRequest/Page_Store/input_txttotal), "value"): Attribute 'value' of object 'Object Repository/PharmacyRequest/Page_Store/input_txttotal' is: '10'

2018-05-16 19:41:36 - [MESSAGE][PASSED] - Attribute 'value' of object 'Object Repository/PharmacyRequest/Page_Store/input_txttotal' is: '10'

2018-05-16 19:41:36 - [TEST_STEP][PASSED] - Statement - out.println("Requested QTY : " + RequestedQty): null

2018-05-16 19:41:36 - [TEST_STEP][PASSED] - Statement - BatchNumber = com.kms.katalon.core.webui.keyword.WebUiBuiltInKeywords.getNumberOfTotalOption(com.kms.katalon.core.testobject.ObjectRepository.findTestObject(PharmacyRequest/Page_Store/select_--Select--BA50)): 5 options of object 'Object Repository/PharmacyRequest/Page_Store/select_--Select--BA50' counted

2018-05-16 19:41:36 - [MESSAGE][PASSED] - 5 options of object 'Object Repository/PharmacyRequest/Page_Store/select_--Select--BA50' counted

2018-05-16 19:41:36 - [TEST_STEP][PASSED] - Statement - For ([g = 1, g <= BatchNumber - 1, (g++)]): null

2018-05-16 19:41:36 - [TEST_STEP][PASSED] - selectOptionByIndex: All options with index in [1] are selected on object 'Object Repository/PharmacyRequest/Page_Store/select_--Select--BA50'

2018-05-16 19:41:36 - [MESSAGE][PASSED] - All options with index in [1] are selected on object 'Object Repository/PharmacyRequest/Page_Store/select_--Select--BA50'

2018-05-16 19:41:36 - [TEST_STEP][PASSED] - delay: Delayed 1 second(s)

2018-05-16 19:41:37 - [MESSAGE][PASSED] - Delayed 1 second(s)

2018-05-16 19:41:37 - [TEST_STEP][PASSED] - Statement - StockQty = com.kms.katalon.core.webui.keyword.WebUiBuiltInKeywords.getAttribute(com.kms.katalon.core.testobject.ObjectRepository.findTestObject(PharmacyRequest/Page_Store/input_txtprice), "value"): Attribute 'value' of object 'Object Repository/PharmacyRequest/Page_Store/input_txtprice' is: '960'

2018-05-16 19:41:37 - [MESSAGE][PASSED] - Attribute 'value' of object 'Object Repository/PharmacyRequest/Page_Store/input_txtprice' is: '960'

2018-05-16 19:41:37 - [TEST_STEP][PASSED] - Statement - out.println("Stock QTY : " + StockQty): null

2018-05-16 19:41:37 - [TEST_STEP][PASSED] - delay: Delayed 1 second(s)

2018-05-16 19:41:38 - [MESSAGE][PASSED] - Delayed 1 second(s)

2018-05-16 19:41:38 - [TEST_STEP][PASSED] - Statement - If (java.lang.Integer.valueOf(StockQty) >= java.lang.Integer.valueOf(RequestedQty)): null

2018-05-16 19:41:38 - [TEST_STEP][PASSED] - setText: Text '10' is set on object 'Object Repository/PharmacyRequest/Page_Store/input_txtqty'

2018-05-16 19:41:39 - [MESSAGE][PASSED] - Text '10' is set on object 'Object Repository/PharmacyRequest/Page_Store/input_txtqty'

2018-05-16 19:41:39 - [TEST_STEP][PASSED] - click: Object: 'Object Repository/PharmacyRequest/Page_Store/button_Add' is clicked on

2018-05-16 19:41:39 - [MESSAGE][PASSED] - Object: 'Object Repository/PharmacyRequest/Page_Store/button_Add' is clicked on

2018-05-16 19:41:39 - [TEST_STEP][PASSED] - Statement - Break: null

2018-05-16 19:41:39 - [TEST_STEP][PASSED] - selectOptionByIndex: All options with index in [2] are selected on object 'Object Repository/PharmacyRequest/Page_Store/select_--Select--Amlodepin -5'

2018-05-16 19:41:39 - [MESSAGE][PASSED] - All options with index in [2] are selected on object 'Object Repository/PharmacyRequest/Page_Store/select_--Select--Amlodepin -5'

2018-05-16 19:41:39 - [TEST_STEP][PASSED] - delay: Delayed 1 second(s)

2018-05-16 19:41:40 - [MESSAGE][PASSED] - Delayed 1 second(s)

2018-05-16 19:41:40 - [TEST_STEP][PASSED] - Statement - RequestedQty = com.kms.katalon.core.webui.keyword.WebUiBuiltInKeywords.getAttribute(com.kms.katalon.core.testobject.ObjectRepository.findTestObject(PharmacyRequest/Page_Store/input_txttotal), "value"): Attribute 'value' of object 'Object Repository/PharmacyRequest/Page_Store/input_txttotal' is: '10'

2018-05-16 19:41:40 - [MESSAGE][PASSED] - Attribute 'value' of object 'Object Repository/PharmacyRequest/Page_Store/input_txttotal' is: '10'

2018-05-16 19:41:40 - [TEST_STEP][PASSED] - Statement - out.println("Requested QTY : " + RequestedQty): null

2018-05-16 19:41:40 - [TEST_STEP][PASSED] - Statement - BatchNumber = com.kms.katalon.core.webui.keyword.WebUiBuiltInKeywords.getNumberOfTotalOption(com.kms.katalon.core.testobject.ObjectRepository.findTestObject(PharmacyRequest/Page_Store/select_--Select--BA50)): 4 options of object 'Object Repository/PharmacyRequest/Page_Store/select_--Select--BA50' counted

2018-05-16 19:41:40 - [MESSAGE][PASSED] - 4 options of object 'Object Repository/PharmacyRequest/Page_Store/select_--Select--BA50' counted

2018-05-16 19:41:40 - [TEST_STEP][PASSED] - Statement - For ([g = 1, g <= BatchNumber - 1, (g++)]): null

2018-05-16 19:41:40 - [TEST_STEP][PASSED] - selectOptionByIndex: All options with index in [1] are selected on object 'Object Repository/PharmacyRequest/Page_Store/select_--Select--BA50'

2018-05-16 19:41:40 - [MESSAGE][PASSED] - All options with index in [1] are selected on object 'Object Repository/PharmacyRequest/Page_Store/select_--Select--BA50'

2018-05-16 19:41:40 - [TEST_STEP][PASSED] - delay: Delayed 1 second(s)

2018-05-16 19:41:41 - [MESSAGE][PASSED] - Delayed 1 second(s)

2018-05-16 19:41:41 - [TEST_STEP][PASSED] - Statement - StockQty = com.kms.katalon.core.webui.keyword.WebUiBuiltInKeywords.getAttribute(com.kms.katalon.core.testobject.ObjectRepository.findTestObject(PharmacyRequest/Page_Store/input_txtprice), "value"): Attribute 'value' of object 'Object Repository/PharmacyRequest/Page_Store/input_txtprice' is: '60'

2018-05-16 19:41:41 - [MESSAGE][PASSED] - Attribute 'value' of object 'Object Repository/PharmacyRequest/Page_Store/input_txtprice' is: '60'

2018-05-16 19:41:41 - [TEST_STEP][PASSED] - Statement - out.println("Stock QTY : " + StockQty): null

2018-05-16 19:41:41 - [TEST_STEP][PASSED] - delay: Delayed 1 second(s)

2018-05-16 19:41:42 - [MESSAGE][PASSED] - Delayed 1 second(s)

2018-05-16 19:41:42 - [TEST_STEP][PASSED] - Statement - If (java.lang.Integer.valueOf(StockQty) >= java.lang.Integer.valueOf(RequestedQty)): null

2018-05-16 19:41:42 - [TEST_STEP][PASSED] - setText: Text '10' is set on object 'Object Repository/PharmacyRequest/Page_Store/input_txtqty'

2018-05-16 19:41:42 - [MESSAGE][PASSED] - Text '10' is set on object 'Object Repository/PharmacyRequest/Page_Store/input_txtqty'

2018-05-16 19:41:42 - [TEST_STEP][PASSED] - click: Object: 'Object Repository/PharmacyRequest/Page_Store/button_Add' is clicked on

2018-05-16 19:41:42 - [MESSAGE][PASSED] - Object: 'Object Repository/PharmacyRequest/Page_Store/button_Add' is clicked on

2018-05-16 19:41:42 - [TEST_STEP][PASSED] - Statement - Break: null

2018-05-16 19:41:42 - [TEST_STEP][PASSED] - selectOptionByIndex: All options with index in [3] are selected on object 'Object Repository/PharmacyRequest/Page_Store/select_--Select--Amlodepin -5'

2018-05-16 19:41:42 - [MESSAGE][PASSED] - All options with index in [3] are selected on object 'Object Repository/PharmacyRequest/Page_Store/select_--Select--Amlodepin -5'

2018-05-16 19:41:42 - [TEST_STEP][PASSED] - delay: Delayed 1 second(s)

2018-05-16 19:41:43 - [MESSAGE][PASSED] - Delayed 1 second(s)

2018-05-16 19:41:43 - [TEST_STEP][PASSED] - Statement - RequestedQty = com.kms.katalon.core.webui.keyword.WebUiBuiltInKeywords.getAttribute(com.kms.katalon.core.testobject.ObjectRepository.findTestObject(PharmacyRequest/Page_Store/input_txttotal), "value"): Attribute 'value' of object 'Object Repository/PharmacyRequest/Page_Store/input_txttotal' is: '10'

2018-05-16 19:41:43 - [MESSAGE][PASSED] - Attribute 'value' of object 'Object Repository/PharmacyRequest/Page_Store/input_txttotal' is: '10'

2018-05-16 19:41:43 - [TEST_STEP][PASSED] - Statement - out.println("Requested QTY : " + RequestedQty): null

2018-05-16 19:41:43 - [TEST_STEP][PASSED] - Statement - BatchNumber = com.kms.katalon.core.webui.keyword.WebUiBuiltInKeywords.getNumberOfTotalOption(com.kms.katalon.core.testobject.ObjectRepository.findTestObject(PharmacyRequest/Page_Store/select_--Select--BA50)): 4 options of object 'Object Repository/PharmacyRequest/Page_Store/select_--Select--BA50' counted

2018-05-16 19:41:43 - [MESSAGE][PASSED] - 4 options of object 'Object Repository/PharmacyRequest/Page_Store/select_--Select--BA50' counted

2018-05-16 19:41:43 - [TEST_STEP][PASSED] - Statement - For ([g = 1, g <= BatchNumber - 1, (g++)]): null

2018-05-16 19:41:43 - [TEST_STEP][PASSED] - selectOptionByIndex: All options with index in [1] are selected on object 'Object Repository/PharmacyRequest/Page_Store/select_--Select--BA50'

2018-05-16 19:41:44 - [MESSAGE][PASSED] - All options with index in [1] are selected on object 'Object Repository/PharmacyRequest/Page_Store/select_--Select--BA50'

2018-05-16 19:41:44 - [TEST_STEP][PASSED] - delay: Delayed 1 second(s)

2018-05-16 19:41:45 - [MESSAGE][PASSED] - Delayed 1 second(s)

2018-05-16 19:41:45 - [TEST_STEP][PASSED] - Statement - StockQty = com.kms.katalon.core.webui.keyword.WebUiBuiltInKeywords.getAttribute(com.kms.katalon.core.testobject.ObjectRepository.findTestObject(PharmacyRequest/Page_Store/input_txtprice), "value"): Attribute 'value' of object 'Object Repository/PharmacyRequest/Page_Store/input_txtprice' is: '60'

2018-05-16 19:41:45 - [MESSAGE][PASSED] - Attribute 'value' of object 'Object Repository/PharmacyRequest/Page_Store/input_txtprice' is: '60'

2018-05-16 19:41:45 - [TEST_STEP][PASSED] - Statement - out.println("Stock QTY : " + StockQty): null

2018-05-16 19:41:45 - [TEST_STEP][PASSED] - delay: Delayed 1 second(s)

2018-05-16 19:41:46 - [MESSAGE][PASSED] - Delayed 1 second(s)

2018-05-16 19:41:46 - [TEST_STEP][PASSED] - Statement - If (java.lang.Integer.valueOf(StockQty) >= java.lang.Integer.valueOf(RequestedQty)): null

2018-05-16 19:41:46 - [TEST_STEP][PASSED] - setText: Text '10' is set on object 'Object Repository/PharmacyRequest/Page_Store/input_txtqty'

2018-05-16 19:41:46 - [MESSAGE][PASSED] - Text '10' is set on object 'Object Repository/PharmacyRequest/Page_Store/input_txtqty'

2018-05-16 19:41:46 - [TEST_STEP][PASSED] - click: Object: 'Object Repository/PharmacyRequest/Page_Store/button_Add' is clicked on

2018-05-16 19:41:46 - [MESSAGE][PASSED] - Object: 'Object Repository/PharmacyRequest/Page_Store/button_Add' is clicked on

2018-05-16 19:41:46 - [TEST_STEP][PASSED] - Statement - Break: null

2018-05-16 19:41:46 - [TEST_STEP][PASSED] - selectOptionByIndex: All options with index in [4] are selected on object 'Object Repository/PharmacyRequest/Page_Store/select_--Select--Amlodepin -5'

2018-05-16 19:41:46 - [MESSAGE][PASSED] - All options with index in [4] are selected on object 'Object Repository/PharmacyRequest/Page_Store/select_--Select--Amlodepin -5'

2018-05-16 19:41:46 - [TEST_STEP][PASSED] - delay: Delayed 1 second(s)

2018-05-16 19:41:47 - [MESSAGE][PASSED] - Delayed 1 second(s)

2018-05-16 19:41:47 - [TEST_STEP][PASSED] - Statement - RequestedQty = com.kms.katalon.core.webui.keyword.WebUiBuiltInKeywords.getAttribute(com.kms.katalon.core.testobject.ObjectRepository.findTestObject(PharmacyRequest/Page_Store/input_txttotal), "value"): Attribute 'value' of object 'Object Repository/PharmacyRequest/Page_Store/input_txttotal' is: '10'

2018-05-16 19:41:47 - [MESSAGE][PASSED] - Attribute 'value' of object 'Object Repository/PharmacyRequest/Page_Store/input_txttotal' is: '10'

2018-05-16 19:41:47 - [TEST_STEP][PASSED] - Statement - out.println("Requested QTY : " + RequestedQty): null

2018-05-16 19:41:47 - [TEST_STEP][PASSED] - Statement - BatchNumber = com.kms.katalon.core.webui.keyword.WebUiBuiltInKeywords.getNumberOfTotalOption(com.kms.katalon.core.testobject.ObjectRepository.findTestObject(PharmacyRequest/Page_Store/select_--Select--BA50)): 2 options of object 'Object Repository/PharmacyRequest/Page_Store/select_--Select--BA50' counted

2018-05-16 19:41:47 - [MESSAGE][PASSED] - 2 options of object 'Object Repository/PharmacyRequest/Page_Store/select_--Select--BA50' counted

2018-05-16 19:41:47 - [TEST_STEP][PASSED] - Statement - For ([g = 1, g <= BatchNumber - 1, (g++)]): null

2018-05-16 19:41:47 - [TEST_STEP][PASSED] - selectOptionByIndex: All options with index in [1] are selected on object 'Object Repository/PharmacyRequest/Page_Store/select_--Select--BA50'

2018-05-16 19:41:47 - [MESSAGE][PASSED] - All options with index in [1] are selected on object 'Object Repository/PharmacyRequest/Page_Store/select_--Select--BA50'

2018-05-16 19:41:47 - [TEST_STEP][PASSED] - delay: Delayed 1 second(s)

2018-05-16 19:41:48 - [MESSAGE][PASSED] - Delayed 1 second(s)

2018-05-16 19:41:48 - [TEST_STEP][PASSED] - Statement - StockQty = com.kms.katalon.core.webui.keyword.WebUiBuiltInKeywords.getAttribute(com.kms.katalon.core.testobject.ObjectRepository.findTestObject(PharmacyRequest/Page_Store/input_txtprice), "value"): Attribute 'value' of object 'Object Repository/PharmacyRequest/Page_Store/input_txtprice' is: '1060'

2018-05-16 19:41:48 - [MESSAGE][PASSED] - Attribute 'value' of object 'Object Repository/PharmacyRequest/Page_Store/input_txtprice' is: '1060'

2018-05-16 19:41:48 - [TEST_STEP][PASSED] - Statement - out.println("Stock QTY : " + StockQty): null

2018-05-16 19:41:48 - [TEST_STEP][PASSED] - delay: Delayed 1 second(s)

2018-05-16 19:41:49 - [MESSAGE][PASSED] - Delayed 1 second(s)

2018-05-16 19:41:49 - [TEST_STEP][PASSED] - Statement - If (java.lang.Integer.valueOf(StockQty) >= java.lang.Integer.valueOf(RequestedQty)): null

2018-05-16 19:41:49 - [TEST_STEP][PASSED] - setText: Text '10' is set on object 'Object Repository/PharmacyRequest/Page_Store/input_txtqty'

2018-05-16 19:41:49 - [MESSAGE][PASSED] - Text '10' is set on object 'Object Repository/PharmacyRequest/Page_Store/input_txtqty'

2018-05-16 19:41:49 - [TEST_STEP][PASSED] - click: Object: 'Object Repository/PharmacyRequest/Page_Store/button_Add' is clicked on

2018-05-16 19:41:49 - [MESSAGE][PASSED] - Object: 'Object Repository/PharmacyRequest/Page_Store/button_Add' is clicked on

2018-05-16 19:41:49 - [TEST_STEP][PASSED] - Statement - Break: null

2018-05-16 19:41:49 - [TEST_STEP][PASSED] - selectOptionByIndex: All options with index in [5] are selected on object 'Object Repository/PharmacyRequest/Page_Store/select_--Select--Amlodepin -5'

2018-05-16 19:41:50 - [MESSAGE][PASSED] - All options with index in [5] are selected on object 'Object Repository/PharmacyRequest/Page_Store/select_--Select--Amlodepin -5'

2018-05-16 19:41:50 - [TEST_STEP][PASSED] - delay: Delayed 1 second(s)

2018-05-16 19:41:51 - [MESSAGE][PASSED] - Delayed 1 second(s)

2018-05-16 19:41:51 - [TEST_STEP][PASSED] - Statement - RequestedQty = com.kms.katalon.core.webui.keyword.WebUiBuiltInKeywords.getAttribute(com.kms.katalon.core.testobject.ObjectRepository.findTestObject(PharmacyRequest/Page_Store/input_txttotal), "value"): Attribute 'value' of object 'Object Repository/PharmacyRequest/Page_Store/input_txttotal' is: '10'

2018-05-16 19:41:51 - [MESSAGE][PASSED] - Attribute 'value' of object 'Object Repository/PharmacyRequest/Page_Store/input_txttotal' is: '10'

2018-05-16 19:41:51 - [TEST_STEP][PASSED] - Statement - out.println("Requested QTY : " + RequestedQty): null

2018-05-16 19:41:51 - [TEST_STEP][PASSED] - Statement - BatchNumber = com.kms.katalon.core.webui.keyword.WebUiBuiltInKeywords.getNumberOfTotalOption(com.kms.katalon.core.testobject.ObjectRepository.findTestObject(PharmacyRequest/Page_Store/select_--Select--BA50)): 3 options of object 'Object Repository/PharmacyRequest/Page_Store/select_--Select--BA50' counted

2018-05-16 19:41:51 - [MESSAGE][PASSED] - 3 options of object 'Object Repository/PharmacyRequest/Page_Store/select_--Select--BA50' counted

2018-05-16 19:41:51 - [TEST_STEP][PASSED] - Statement - For ([g = 1, g <= BatchNumber - 1, (g++)]): null

2018-05-16 19:41:51 - [TEST_STEP][PASSED] - selectOptionByIndex: All options with index in [1] are selected on object 'Object Repository/PharmacyRequest/Page_Store/select_--Select--BA50'

2018-05-16 19:41:51 - [MESSAGE][PASSED] - All options with index in [1] are selected on object 'Object Repository/PharmacyRequest/Page_Store/select_--Select--BA50'

2018-05-16 19:41:51 - [TEST_STEP][PASSED] - delay: Delayed 1 second(s)

2018-05-16 19:41:52 - [MESSAGE][PASSED] - Delayed 1 second(s)

2018-05-16 19:41:52 - [TEST_STEP][PASSED] - Statement - StockQty = com.kms.katalon.core.webui.keyword.WebUiBuiltInKeywords.getAttribute(com.kms.katalon.core.testobject.ObjectRepository.findTestObject(PharmacyRequest/Page_Store/input_txtprice), "value"): Attribute 'value' of object 'Object Repository/PharmacyRequest/Page_Store/input_txtprice' is: '1000'

2018-05-16 19:41:52 - [MESSAGE][PASSED] - Attribute 'value' of object 'Object Repository/PharmacyRequest/Page_Store/input_txtprice' is: '1000'

2018-05-16 19:41:52 - [TEST_STEP][PASSED] - Statement - out.println("Stock QTY : " + StockQty): null

2018-05-16 19:41:52 - [TEST_STEP][PASSED] - delay: Delayed 1 second(s)

2018-05-16 19:41:53 - [MESSAGE][PASSED] - Delayed 1 second(s)

2018-05-16 19:41:53 - [TEST_STEP][PASSED] - Statement - If (java.lang.Integer.valueOf(StockQty) >= java.lang.Integer.valueOf(RequestedQty)): null

2018-05-16 19:41:53 - [TEST_STEP][PASSED] - setText: Text '10' is set on object 'Object Repository/PharmacyRequest/Page_Store/input_txtqty'

2018-05-16 19:41:53 - [MESSAGE][PASSED] - Text '10' is set on object 'Object Repository/PharmacyRequest/Page_Store/input_txtqty'

2018-05-16 19:41:53 - [TEST_STEP][PASSED] - click: Object: 'Object Repository/PharmacyRequest/Page_Store/button_Add' is clicked on

2018-05-16 19:41:53 - [MESSAGE][PASSED] - Object: 'Object Repository/PharmacyRequest/Page_Store/button_Add' is clicked on

2018-05-16 19:41:53 - [TEST_STEP][PASSED] - Statement - Break: null

2018-05-16 19:41:53 - [TEST_STEP][PASSED] - selectOptionByIndex: All options with index in [6] are selected on object 'Object Repository/PharmacyRequest/Page_Store/select_--Select--Amlodepin -5'

2018-05-16 19:41:53 - [MESSAGE][PASSED] - All options with index in [6] are selected on object 'Object Repository/PharmacyRequest/Page_Store/select_--Select--Amlodepin -5'

2018-05-16 19:41:53 - [TEST_STEP][PASSED] - delay: Delayed 1 second(s)

2018-05-16 19:41:54 - [MESSAGE][PASSED] - Delayed 1 second(s)

2018-05-16 19:41:54 - [TEST_STEP][PASSED] - Statement - RequestedQty = com.kms.katalon.core.webui.keyword.WebUiBuiltInKeywords.getAttribute(com.kms.katalon.core.testobject.ObjectRepository.findTestObject(PharmacyRequest/Page_Store/input_txttotal), "value"): Attribute 'value' of object 'Object Repository/PharmacyRequest/Page_Store/input_txttotal' is: '10'

2018-05-16 19:41:54 - [MESSAGE][PASSED] - Attribute 'value' of object 'Object Repository/PharmacyRequest/Page_Store/input_txttotal' is: '10'

2018-05-16 19:41:54 - [TEST_STEP][PASSED] - Statement - out.println("Requested QTY : " + RequestedQty): null

2018-05-16 19:41:54 - [TEST_STEP][PASSED] - Statement - BatchNumber = com.kms.katalon.core.webui.keyword.WebUiBuiltInKeywords.getNumberOfTotalOption(com.kms.katalon.core.testobject.ObjectRepository.findTestObject(PharmacyRequest/Page_Store/select_--Select--BA50)): 3 options of object 'Object Repository/PharmacyRequest/Page_Store/select_--Select--BA50' counted

2018-05-16 19:41:54 - [MESSAGE][PASSED] - 3 options of object 'Object Repository/PharmacyRequest/Page_Store/select_--Select--BA50' counted

2018-05-16 19:41:54 - [TEST_STEP][PASSED] - Statement - For ([g = 1, g <= BatchNumber - 1, (g++)]): null

2018-05-16 19:41:54 - [TEST_STEP][PASSED] - selectOptionByIndex: All options with index in [1] are selected on object 'Object Repository/PharmacyRequest/Page_Store/select_--Select--BA50'

2018-05-16 19:41:54 - [MESSAGE][PASSED] - All options with index in [1] are selected on object 'Object Repository/PharmacyRequest/Page_Store/select_--Select--BA50'

2018-05-16 19:41:54 - [TEST_STEP][PASSED] - delay: Delayed 1 second(s)

2018-05-16 19:41:55 - [MESSAGE][PASSED] - Delayed 1 second(s)

2018-05-16 19:41:55 - [TEST_STEP][PASSED] - Statement - StockQty = com.kms.katalon.core.webui.keyword.WebUiBuiltInKeywords.getAttribute(com.kms.katalon.core.testobject.ObjectRepository.findTestObject(PharmacyRequest/Page_Store/input_txtprice), "value"): Attribute 'value' of object 'Object Repository/PharmacyRequest/Page_Store/input_txtprice' is: '1060'

2018-05-16 19:41:55 - [MESSAGE][PASSED] - Attribute 'value' of object 'Object Repository/PharmacyRequest/Page_Store/input_txtprice' is: '1060'

2018-05-16 19:41:55 - [TEST_STEP][PASSED] - Statement - out.println("Stock QTY : " + StockQty): null

2018-05-16 19:41:55 - [TEST_STEP][PASSED] - delay: Delayed 1 second(s)

2018-05-16 19:41:56 - [MESSAGE][PASSED] - Delayed 1 second(s)

2018-05-16 19:41:56 - [TEST_STEP][PASSED] - Statement - If (java.lang.Integer.valueOf(StockQty) >= java.lang.Integer.valueOf(RequestedQty)): null

2018-05-16 19:41:56 - [TEST_STEP][PASSED] - setText: Text '10' is set on object 'Object Repository/PharmacyRequest/Page_Store/input_txtqty'

2018-05-16 19:41:56 - [MESSAGE][PASSED] - Text '10' is set on object 'Object Repository/PharmacyRequest/Page_Store/input_txtqty'

2018-05-16 19:41:56 - [TEST_STEP][PASSED] - click: Object: 'Object Repository/PharmacyRequest/Page_Store/button_Add' is clicked on

2018-05-16 19:41:56 - [MESSAGE][PASSED] - Object: 'Object Repository/PharmacyRequest/Page_Store/button_Add' is clicked on

2018-05-16 19:41:56 - [TEST_STEP][PASSED] - Statement - Break: null

2018-05-16 19:41:56 - [TEST_STEP][PASSED] - selectOptionByIndex: All options with index in [7] are selected on object 'Object Repository/PharmacyRequest/Page_Store/select_--Select--Amlodepin -5'

2018-05-16 19:41:57 - [MESSAGE][PASSED] - All options with index in [7] are selected on object 'Object Repository/PharmacyRequest/Page_Store/select_--Select--Amlodepin -5'

2018-05-16 19:41:57 - [TEST_STEP][PASSED] - delay: Delayed 1 second(s)

2018-05-16 19:41:58 - [MESSAGE][PASSED] - Delayed 1 second(s)

2018-05-16 19:41:58 - [TEST_STEP][PASSED] - Statement - RequestedQty = com.kms.katalon.core.webui.keyword.WebUiBuiltInKeywords.getAttribute(com.kms.katalon.core.testobject.ObjectRepository.findTestObject(PharmacyRequest/Page_Store/input_txttotal), "value"): Attribute 'value' of object 'Object Repository/PharmacyRequest/Page_Store/input_txttotal' is: '10'

2018-05-16 19:41:58 - [MESSAGE][PASSED] - Attribute 'value' of object 'Object Repository/PharmacyRequest/Page_Store/input_txttotal' is: '10'

2018-05-16 19:41:58 - [TEST_STEP][PASSED] - Statement - out.println("Requested QTY : " + RequestedQty): null

2018-05-16 19:41:58 - [TEST_STEP][PASSED] - Statement - BatchNumber = com.kms.katalon.core.webui.keyword.WebUiBuiltInKeywords.getNumberOfTotalOption(com.kms.katalon.core.testobject.ObjectRepository.findTestObject(PharmacyRequest/Page_Store/select_--Select--BA50)): 3 options of object 'Object Repository/PharmacyRequest/Page_Store/select_--Select--BA50' counted

2018-05-16 19:41:58 - [MESSAGE][PASSED] - 3 options of object 'Object Repository/PharmacyRequest/Page_Store/select_--Select--BA50' counted

2018-05-16 19:41:58 - [TEST_STEP][PASSED] - Statement - For ([g = 1, g <= BatchNumber - 1, (g++)]): null

2018-05-16 19:41:58 - [TEST_STEP][PASSED] - selectOptionByIndex: All options with index in [1] are selected on object 'Object Repository/PharmacyRequest/Page_Store/select_--Select--BA50'

2018-05-16 19:41:58 - [MESSAGE][PASSED] - All options with index in [1] are selected on object 'Object Repository/PharmacyRequest/Page_Store/select_--Select--BA50'

2018-05-16 19:41:58 - [TEST_STEP][PASSED] - delay: Delayed 1 second(s)

2018-05-16 19:41:59 - [MESSAGE][PASSED] - Delayed 1 second(s)

2018-05-16 19:41:59 - [TEST_STEP][PASSED] - Statement - StockQty = com.kms.katalon.core.webui.keyword.WebUiBuiltInKeywords.getAttribute(com.kms.katalon.core.testobject.ObjectRepository.findTestObject(PharmacyRequest/Page_Store/input_txtprice), "value"): Attribute 'value' of object 'Object Repository/PharmacyRequest/Page_Store/input_txtprice' is: '960'

2018-05-16 19:41:59 - [MESSAGE][PASSED] - Attribute 'value' of object 'Object Repository/PharmacyRequest/Page_Store/input_txtprice' is: '960'

2018-05-16 19:41:59 - [TEST_STEP][PASSED] - Statement - out.println("Stock QTY : " + StockQty): null

2018-05-16 19:41:59 - [TEST_STEP][PASSED] - delay: Delayed 1 second(s)

2018-05-16 19:42:00 - [MESSAGE][PASSED] - Delayed 1 second(s)

2018-05-16 19:42:00 - [TEST_STEP][PASSED] - Statement - If (java.lang.Integer.valueOf(StockQty) >= java.lang.Integer.valueOf(RequestedQty)): null

2018-05-16 19:42:00 - [TEST_STEP][PASSED] - setText: Text '10' is set on object 'Object Repository/PharmacyRequest/Page_Store/input_txtqty'

2018-05-16 19:42:00 - [MESSAGE][PASSED] - Text '10' is set on object 'Object Repository/PharmacyRequest/Page_Store/input_txtqty'

2018-05-16 19:42:00 - [TEST_STEP][PASSED] - click: Object: 'Object Repository/PharmacyRequest/Page_Store/button_Add' is clicked on

2018-05-16 19:42:00 - [MESSAGE][PASSED] - Object: 'Object Repository/PharmacyRequest/Page_Store/button_Add' is clicked on

2018-05-16 19:42:00 - [TEST_STEP][PASSED] - Statement - Break: null

2018-05-16 19:42:00 - [TEST_STEP][PASSED] - selectOptionByIndex: All options with index in [8] are selected on object 'Object Repository/PharmacyRequest/Page_Store/select_--Select--Amlodepin -5'

2018-05-16 19:42:00 - [MESSAGE][PASSED] - All options with index in [8] are selected on object 'Object Repository/PharmacyRequest/Page_Store/select_--Select--Amlodepin -5'

2018-05-16 19:42:00 - [TEST_STEP][PASSED] - delay: Delayed 1 second(s)

2018-05-16 19:42:01 - [MESSAGE][PASSED] - Delayed 1 second(s)

2018-05-16 19:42:01 - [TEST_STEP][PASSED] - Statement - RequestedQty = com.kms.katalon.core.webui.keyword.WebUiBuiltInKeywords.getAttribute(com.kms.katalon.core.testobject.ObjectRepository.findTestObject(PharmacyRequest/Page_Store/input_txttotal), "value"): Attribute 'value' of object 'Object Repository/PharmacyRequest/Page_Store/input_txttotal' is: '10'

2018-05-16 19:42:01 - [MESSAGE][PASSED] - Attribute 'value' of object 'Object Repository/PharmacyRequest/Page_Store/input_txttotal' is: '10'

2018-05-16 19:42:01 - [TEST_STEP][PASSED] - Statement - out.println("Requested QTY : " + RequestedQty): null

2018-05-16 19:42:01 - [TEST_STEP][PASSED] - Statement - BatchNumber = com.kms.katalon.core.webui.keyword.WebUiBuiltInKeywords.getNumberOfTotalOption(com.kms.katalon.core.testobject.ObjectRepository.findTestObject(PharmacyRequest/Page_Store/select_--Select--BA50)): 2 options of object 'Object Repository/PharmacyRequest/Page_Store/select_--Select--BA50' counted

2018-05-16 19:42:01 - [MESSAGE][PASSED] - 2 options of object 'Object Repository/PharmacyRequest/Page_Store/select_--Select--BA50' counted

2018-05-16 19:42:01 - [TEST_STEP][PASSED] - Statement - For ([g = 1, g <= BatchNumber - 1, (g++)]): null

2018-05-16 19:42:01 - [TEST_STEP][PASSED] - selectOptionByIndex: All options with index in [1] are selected on object 'Object Repository/PharmacyRequest/Page_Store/select_--Select--BA50'

2018-05-16 19:42:01 - [MESSAGE][PASSED] - All options with index in [1] are selected on object 'Object Repository/PharmacyRequest/Page_Store/select_--Select--BA50'

2018-05-16 19:42:01 - [TEST_STEP][PASSED] - delay: Delayed 1 second(s)

2018-05-16 19:42:02 - [MESSAGE][PASSED] - Delayed 1 second(s)

2018-05-16 19:42:02 - [TEST_STEP][PASSED] - Statement - StockQty = com.kms.katalon.core.webui.keyword.WebUiBuiltInKeywords.getAttribute(com.kms.katalon.core.testobject.ObjectRepository.findTestObject(PharmacyRequest/Page_Store/input_txtprice), "value"): Attribute 'value' of object 'Object Repository/PharmacyRequest/Page_Store/input_txtprice' is: '1060'

2018-05-16 19:42:02 - [MESSAGE][PASSED] - Attribute 'value' of object 'Object Repository/PharmacyRequest/Page_Store/input_txtprice' is: '1060'

2018-05-16 19:42:02 - [TEST_STEP][PASSED] - Statement - out.println("Stock QTY : " + StockQty): null

2018-05-16 19:42:02 - [TEST_STEP][PASSED] - delay: Delayed 1 second(s)

2018-05-16 19:42:03 - [MESSAGE][PASSED] - Delayed 1 second(s)

2018-05-16 19:42:03 - [TEST_STEP][PASSED] - Statement - If (java.lang.Integer.valueOf(StockQty) >= java.lang.Integer.valueOf(RequestedQty)): null

2018-05-16 19:42:03 - [TEST_STEP][PASSED] - setText: Text '10' is set on object 'Object Repository/PharmacyRequest/Page_Store/input_txtqty'

2018-05-16 19:42:03 - [MESSAGE][PASSED] - Text '10' is set on object 'Object Repository/PharmacyRequest/Page_Store/input_txtqty'

2018-05-16 19:42:03 - [TEST_STEP][PASSED] - click: Object: 'Object Repository/PharmacyRequest/Page_Store/button_Add' is clicked on

2018-05-16 19:42:04 - [MESSAGE][PASSED] - Object: 'Object Repository/PharmacyRequest/Page_Store/button_Add' is clicked on

2018-05-16 19:42:04 - [TEST_STEP][PASSED] - Statement - Break: null

2018-05-16 19:42:04 - [TEST_STEP][PASSED] - selectOptionByIndex: All options with index in [9] are selected on object 'Object Repository/PharmacyRequest/Page_Store/select_--Select--Amlodepin -5'

2018-05-16 19:42:04 - [MESSAGE][PASSED] - All options with index in [9] are selected on object 'Object Repository/PharmacyRequest/Page_Store/select_--Select--Amlodepin -5'

2018-05-16 19:42:04 - [TEST_STEP][PASSED] - delay: Delayed 1 second(s)

2018-05-16 19:42:05 - [MESSAGE][PASSED] - Delayed 1 second(s)

2018-05-16 19:42:05 - [TEST_STEP][PASSED] - Statement - RequestedQty = com.kms.katalon.core.webui.keyword.WebUiBuiltInKeywords.getAttribute(com.kms.katalon.core.testobject.ObjectRepository.findTestObject(PharmacyRequest/Page_Store/input_txttotal), "value"): Attribute 'value' of object 'Object Repository/PharmacyRequest/Page_Store/input_txttotal' is: '10'

2018-05-16 19:42:05 - [MESSAGE][PASSED] - Attribute 'value' of object 'Object Repository/PharmacyRequest/Page_Store/input_txttotal' is: '10'

2018-05-16 19:42:05 - [TEST_STEP][PASSED] - Statement - out.println("Requested QTY : " + RequestedQty): null

2018-05-16 19:42:05 - [TEST_STEP][PASSED] - Statement - BatchNumber = com.kms.katalon.core.webui.keyword.WebUiBuiltInKeywords.getNumberOfTotalOption(com.kms.katalon.core.testobject.ObjectRepository.findTestObject(PharmacyRequest/Page_Store/select_--Select--BA50)): 4 options of object 'Object Repository/PharmacyRequest/Page_Store/select_--Select--BA50' counted

2018-05-16 19:42:05 - [MESSAGE][PASSED] - 4 options of object 'Object Repository/PharmacyRequest/Page_Store/select_--Select--BA50' counted

2018-05-16 19:42:05 - [TEST_STEP][PASSED] - Statement - For ([g = 1, g <= BatchNumber - 1, (g++)]): null

2018-05-16 19:42:05 - [TEST_STEP][PASSED] - selectOptionByIndex: All options with index in [1] are selected on object 'Object Repository/PharmacyRequest/Page_Store/select_--Select--BA50'

2018-05-16 19:42:05 - [MESSAGE][PASSED] - All options with index in [1] are selected on object 'Object Repository/PharmacyRequest/Page_Store/select_--Select--BA50'

2018-05-16 19:42:05 - [TEST_STEP][PASSED] - delay: Delayed 1 second(s)

2018-05-16 19:42:06 - [MESSAGE][PASSED] - Delayed 1 second(s)

2018-05-16 19:42:06 - [TEST_STEP][PASSED] - Statement - StockQty = com.kms.katalon.core.webui.keyword.WebUiBuiltInKeywords.getAttribute(com.kms.katalon.core.testobject.ObjectRepository.findTestObject(PharmacyRequest/Page_Store/input_txtprice), "value"): Attribute 'value' of object 'Object Repository/PharmacyRequest/Page_Store/input_txtprice' is: '960'

2018-05-16 19:42:06 - [MESSAGE][PASSED] - Attribute 'value' of object 'Object Repository/PharmacyRequest/Page_Store/input_txtprice' is: '960'

2018-05-16 19:42:06 - [TEST_STEP][PASSED] - Statement - out.println("Stock QTY : " + StockQty): null

2018-05-16 19:42:06 - [TEST_STEP][PASSED] - delay: Delayed 1 second(s)

2018-05-16 19:42:07 - [MESSAGE][PASSED] - Delayed 1 second(s)

2018-05-16 19:42:07 - [TEST_STEP][PASSED] - Statement - If (java.lang.Integer.valueOf(StockQty) >= java.lang.Integer.valueOf(RequestedQty)): null

2018-05-16 19:42:07 - [TEST_STEP][PASSED] - setText: Text '10' is set on object 'Object Repository/PharmacyRequest/Page_Store/input_txtqty'

2018-05-16 19:42:07 - [MESSAGE][PASSED] - Text '10' is set on object 'Object Repository/PharmacyRequest/Page_Store/input_txtqty'

2018-05-16 19:42:07 - [TEST_STEP][PASSED] - click: Object: 'Object Repository/PharmacyRequest/Page_Store/button_Add' is clicked on

2018-05-16 19:42:07 - [MESSAGE][PASSED] - Object: 'Object Repository/PharmacyRequest/Page_Store/button_Add' is clicked on

2018-05-16 19:42:07 - [TEST_STEP][PASSED] - Statement - Break: null

2018-05-16 19:42:07 - [TEST_STEP][PASSED] - selectOptionByIndex: All options with index in [10] are selected on object 'Object Repository/PharmacyRequest/Page_Store/select_--Select--Amlodepin -5'

2018-05-16 19:42:07 - [MESSAGE][PASSED] - All options with index in [10] are selected on object 'Object Repository/PharmacyRequest/Page_Store/select_--Select--Amlodepin -5'

2018-05-16 19:42:07 - [TEST_STEP][PASSED] - delay: Delayed 1 second(s)

2018-05-16 19:42:08 - [MESSAGE][PASSED] - Delayed 1 second(s)

2018-05-16 19:42:08 - [TEST_STEP][PASSED] - Statement - RequestedQty = com.kms.katalon.core.webui.keyword.WebUiBuiltInKeywords.getAttribute(com.kms.katalon.core.testobject.ObjectRepository.findTestObject(PharmacyRequest/Page_Store/input_txttotal), "value"): Attribute 'value' of object 'Object Repository/PharmacyRequest/Page_Store/input_txttotal' is: '10'

2018-05-16 19:42:08 - [MESSAGE][PASSED] - Attribute 'value' of object 'Object Repository/PharmacyRequest/Page_Store/input_txttotal' is: '10'

2018-05-16 19:42:08 - [TEST_STEP][PASSED] - Statement - out.println("Requested QTY : " + RequestedQty): null

2018-05-16 19:42:08 - [TEST_STEP][PASSED] - Statement - BatchNumber = com.kms.katalon.core.webui.keyword.WebUiBuiltInKeywords.getNumberOfTotalOption(com.kms.katalon.core.testobject.ObjectRepository.findTestObject(PharmacyRequest/Page_Store/select_--Select--BA50)): 4 options of object 'Object Repository/PharmacyRequest/Page_Store/select_--Select--BA50' counted

2018-05-16 19:42:08 - [MESSAGE][PASSED] - 4 options of object 'Object Repository/PharmacyRequest/Page_Store/select_--Select--BA50' counted

2018-05-16 19:42:08 - [TEST_STEP][PASSED] - Statement - For ([g = 1, g <= BatchNumber - 1, (g++)]): null

2018-05-16 19:42:08 - [TEST_STEP][PASSED] - selectOptionByIndex: All options with index in [1] are selected on object 'Object Repository/PharmacyRequest/Page_Store/select_--Select--BA50'

2018-05-16 19:42:09 - [MESSAGE][PASSED] - All options with index in [1] are selected on object 'Object Repository/PharmacyRequest/Page_Store/select_--Select--BA50'

2018-05-16 19:42:09 - [TEST_STEP][PASSED] - delay: Delayed 1 second(s)

2018-05-16 19:42:10 - [MESSAGE][PASSED] - Delayed 1 second(s)

2018-05-16 19:42:10 - [TEST_STEP][PASSED] - Statement - StockQty = com.kms.katalon.core.webui.keyword.WebUiBuiltInKeywords.getAttribute(com.kms.katalon.core.testobject.ObjectRepository.findTestObject(PharmacyRequest/Page_Store/input_txtprice), "value"): Attribute 'value' of object 'Object Repository/PharmacyRequest/Page_Store/input_txtprice' is: '60'

2018-05-16 19:42:10 - [MESSAGE][PASSED] - Attribute 'value' of object 'Object Repository/PharmacyRequest/Page_Store/input_txtprice' is: '60'

2018-05-16 19:42:10 - [TEST_STEP][PASSED] - Statement - out.println("Stock QTY : " + StockQty): null

2018-05-16 19:42:10 - [TEST_STEP][PASSED] - delay: Delayed 1 second(s)

2018-05-16 19:42:11 - [MESSAGE][PASSED] - Delayed 1 second(s)

2018-05-16 19:42:11 - [TEST_STEP][PASSED] - Statement - If (java.lang.Integer.valueOf(StockQty) >= java.lang.Integer.valueOf(RequestedQty)): null

2018-05-16 19:42:11 - [TEST_STEP][PASSED] - setText: Text '10' is set on object 'Object Repository/PharmacyRequest/Page_Store/input_txtqty'

2018-05-16 19:42:11 - [MESSAGE][PASSED] - Text '10' is set on object 'Object Repository/PharmacyRequest/Page_Store/input_txtqty'

2018-05-16 19:42:11 - [TEST_STEP][PASSED] - click: Object: 'Object Repository/PharmacyRequest/Page_Store/button_Add' is clicked on

2018-05-16 19:42:11 - [MESSAGE][PASSED] - Object: 'Object Repository/PharmacyRequest/Page_Store/button_Add' is clicked on

2018-05-16 19:42:11 - [TEST_STEP][PASSED] - Statement - Break: null

2018-05-16 19:42:11 - [TEST_STEP][PASSED] - selectOptionByIndex: All options with index in [11] are selected on object 'Object Repository/PharmacyRequest/Page_Store/select_--Select--Amlodepin -5'

2018-05-16 19:42:11 - [MESSAGE][PASSED] - All options with index in [11] are selected on object 'Object Repository/PharmacyRequest/Page_Store/select_--Select--Amlodepin -5'

2018-05-16 19:42:11 - [TEST_STEP][PASSED] - delay: Delayed 1 second(s)

2018-05-16 19:42:12 - [MESSAGE][PASSED] - Delayed 1 second(s)

2018-05-16 19:42:12 - [TEST_STEP][PASSED] - Statement - RequestedQty = com.kms.katalon.core.webui.keyword.WebUiBuiltInKeywords.getAttribute(com.kms.katalon.core.testobject.ObjectRepository.findTestObject(PharmacyRequest/Page_Store/input_txttotal), "value"): Attribute 'value' of object 'Object Repository/PharmacyRequest/Page_Store/input_txttotal' is: '10'

2018-05-16 19:42:12 - [MESSAGE][PASSED] - Attribute 'value' of object 'Object Repository/PharmacyRequest/Page_Store/input_txttotal' is: '10'

2018-05-16 19:42:12 - [TEST_STEP][PASSED] - Statement - out.println("Requested QTY : " + RequestedQty): null

2018-05-16 19:42:12 - [TEST_STEP][PASSED] - Statement - BatchNumber = com.kms.katalon.core.webui.keyword.WebUiBuiltInKeywords.getNumberOfTotalOption(com.kms.katalon.core.testobject.ObjectRepository.findTestObject(PharmacyRequest/Page_Store/select_--Select--BA50)): 3 options of object 'Object Repository/PharmacyRequest/Page_Store/select_--Select--BA50' counted

2018-05-16 19:42:12 - [MESSAGE][PASSED] - 3 options of object 'Object Repository/PharmacyRequest/Page_Store/select_--Select--BA50' counted

2018-05-16 19:42:12 - [TEST_STEP][PASSED] - Statement - For ([g = 1, g <= BatchNumber - 1, (g++)]): null

2018-05-16 19:42:12 - [TEST_STEP][PASSED] - selectOptionByIndex: All options with index in [1] are selected on object 'Object Repository/PharmacyRequest/Page_Store/select_--Select--BA50'

2018-05-16 19:42:12 - [MESSAGE][PASSED] - All options with index in [1] are selected on object 'Object Repository/PharmacyRequest/Page_Store/select_--Select--BA50'

2018-05-16 19:42:12 - [TEST_STEP][PASSED] - delay: Delayed 1 second(s)

2018-05-16 19:42:13 - [MESSAGE][PASSED] - Delayed 1 second(s)

2018-05-16 19:42:13 - [TEST_STEP][PASSED] - Statement - StockQty = com.kms.katalon.core.webui.keyword.WebUiBuiltInKeywords.getAttribute(com.kms.katalon.core.testobject.ObjectRepository.findTestObject(PharmacyRequest/Page_Store/input_txtprice), "value"): Attribute 'value' of object 'Object Repository/PharmacyRequest/Page_Store/input_txtprice' is: '60'

2018-05-16 19:42:13 - [MESSAGE][PASSED] - Attribute 'value' of object 'Object Repository/PharmacyRequest/Page_Store/input_txtprice' is: '60'

2018-05-16 19:42:13 - [TEST_STEP][PASSED] - Statement - out.println("Stock QTY : " + StockQty): null

2018-05-16 19:42:13 - [TEST_STEP][PASSED] - delay: Delayed 1 second(s)

2018-05-16 19:42:14 - [MESSAGE][PASSED] - Delayed 1 second(s)

2018-05-16 19:42:14 - [TEST_STEP][PASSED] - Statement - If (java.lang.Integer.valueOf(StockQty) >= java.lang.Integer.valueOf(RequestedQty)): null

2018-05-16 19:42:14 - [TEST_STEP][PASSED] - setText: Text '10' is set on object 'Object Repository/PharmacyRequest/Page_Store/input_txtqty'

2018-05-16 19:42:14 - [MESSAGE][PASSED] - Text '10' is set on object 'Object Repository/PharmacyRequest/Page_Store/input_txtqty'

2018-05-16 19:42:14 - [TEST_STEP][PASSED] - click: Object: 'Object Repository/PharmacyRequest/Page_Store/button_Add' is clicked on

2018-05-16 19:42:14 - [MESSAGE][PASSED] - Object: 'Object Repository/PharmacyRequest/Page_Store/button_Add' is clicked on

2018-05-16 19:42:14 - [TEST_STEP][PASSED] - Statement - Break: null

2018-05-16 19:42:14 - [TEST_STEP][PASSED] - selectOptionByIndex: All options with index in [12] are selected on object 'Object Repository/PharmacyRequest/Page_Store/select_--Select--Amlodepin -5'

2018-05-16 19:42:15 - [MESSAGE][PASSED] - All options with index in [12] are selected on object 'Object Repository/PharmacyRequest/Page_Store/select_--Select--Amlodepin -5'

2018-05-16 19:42:15 - [TEST_STEP][PASSED] - delay: Delayed 1 second(s)

2018-05-16 19:42:16 - [MESSAGE][PASSED] - Delayed 1 second(s)

2018-05-16 19:42:16 - [TEST_STEP][PASSED] - Statement - RequestedQty = com.kms.katalon.core.webui.keyword.WebUiBuiltInKeywords.getAttribute(com.kms.katalon.core.testobject.ObjectRepository.findTestObject(PharmacyRequest/Page_Store/input_txttotal), "value"): Attribute 'value' of object 'Object Repository/PharmacyRequest/Page_Store/input_txttotal' is: '10'

2018-05-16 19:42:16 - [MESSAGE][PASSED] - Attribute 'value' of object 'Object Repository/PharmacyRequest/Page_Store/input_txttotal' is: '10'

2018-05-16 19:42:16 - [TEST_STEP][PASSED] - Statement - out.println("Requested QTY : " + RequestedQty): null

2018-05-16 19:42:16 - [TEST_STEP][PASSED] - Statement - BatchNumber = com.kms.katalon.core.webui.keyword.WebUiBuiltInKeywords.getNumberOfTotalOption(com.kms.katalon.core.testobject.ObjectRepository.findTestObject(PharmacyRequest/Page_Store/select_--Select--BA50)): 3 options of object 'Object Repository/PharmacyRequest/Page_Store/select_--Select--BA50' counted

2018-05-16 19:42:16 - [MESSAGE][PASSED] - 3 options of object 'Object Repository/PharmacyRequest/Page_Store/select_--Select--BA50' counted

2018-05-16 19:42:16 - [TEST_STEP][PASSED] - Statement - For ([g = 1, g <= BatchNumber - 1, (g++)]): null

2018-05-16 19:42:16 - [TEST_STEP][PASSED] - selectOptionByIndex: All options with index in [1] are selected on object 'Object Repository/PharmacyRequest/Page_Store/select_--Select--BA50'

2018-05-16 19:42:16 - [MESSAGE][PASSED] - All options with index in [1] are selected on object 'Object Repository/PharmacyRequest/Page_Store/select_--Select--BA50'

2018-05-16 19:42:16 - [TEST_STEP][PASSED] - delay: Delayed 1 second(s)

2018-05-16 19:42:17 - [MESSAGE][PASSED] - Delayed 1 second(s)

2018-05-16 19:42:17 - [TEST_STEP][PASSED] - Statement - StockQty = com.kms.katalon.core.webui.keyword.WebUiBuiltInKeywords.getAttribute(com.kms.katalon.core.testobject.ObjectRepository.findTestObject(PharmacyRequest/Page_Store/input_txtprice), "value"): Attribute 'value' of object 'Object Repository/PharmacyRequest/Page_Store/input_txtprice' is: '60'

2018-05-16 19:42:17 - [MESSAGE][PASSED] - Attribute 'value' of object 'Object Repository/PharmacyRequest/Page_Store/input_txtprice' is: '60'

2018-05-16 19:42:17 - [TEST_STEP][PASSED] - Statement - out.println("Stock QTY : " + StockQty): null

2018-05-16 19:42:17 - [TEST_STEP][PASSED] - delay: Delayed 1 second(s)

2018-05-16 19:42:18 - [MESSAGE][PASSED] - Delayed 1 second(s)

2018-05-16 19:42:18 - [TEST_STEP][PASSED] - Statement - If (java.lang.Integer.valueOf(StockQty) >= java.lang.Integer.valueOf(RequestedQty)): null

2018-05-16 19:42:18 - [TEST_STEP][PASSED] - setText: Text '10' is set on object 'Object Repository/PharmacyRequest/Page_Store/input_txtqty'

2018-05-16 19:42:18 - [MESSAGE][PASSED] - Text '10' is set on object 'Object Repository/PharmacyRequest/Page_Store/input_txtqty'

2018-05-16 19:42:18 - [TEST_STEP][PASSED] - click: Object: 'Object Repository/PharmacyRequest/Page_Store/button_Add' is clicked on

2018-05-16 19:42:18 - [MESSAGE][PASSED] - Object: 'Object Repository/PharmacyRequest/Page_Store/button_Add' is clicked on

2018-05-16 19:42:18 - [TEST_STEP][PASSED] - Statement - Break: null

2018-05-16 19:42:18 - [TEST_STEP][PASSED] - selectOptionByIndex: All options with index in [13] are selected on object 'Object Repository/PharmacyRequest/Page_Store/select_--Select--Amlodepin -5'

2018-05-16 19:42:18 - [MESSAGE][PASSED] - All options with index in [13] are selected on object 'Object Repository/PharmacyRequest/Page_Store/select_--Select--Amlodepin -5'

2018-05-16 19:42:18 - [TEST_STEP][PASSED] - delay: Delayed 1 second(s)

2018-05-16 19:42:19 - [MESSAGE][PASSED] - Delayed 1 second(s)

2018-05-16 19:42:19 - [TEST_STEP][PASSED] - Statement - RequestedQty = com.kms.katalon.core.webui.keyword.WebUiBuiltInKeywords.getAttribute(com.kms.katalon.core.testobject.ObjectRepository.findTestObject(PharmacyRequest/Page_Store/input_txttotal), "value"): Attribute 'value' of object 'Object Repository/PharmacyRequest/Page_Store/input_txttotal' is: '10'

2018-05-16 19:42:19 - [MESSAGE][PASSED] - Attribute 'value' of object 'Object Repository/PharmacyRequest/Page_Store/input_txttotal' is: '10'

2018-05-16 19:42:19 - [TEST_STEP][PASSED] - Statement - out.println("Requested QTY : " + RequestedQty): null

2018-05-16 19:42:19 - [TEST_STEP][PASSED] - Statement - BatchNumber = com.kms.katalon.core.webui.keyword.WebUiBuiltInKeywords.getNumberOfTotalOption(com.kms.katalon.core.testobject.ObjectRepository.findTestObject(PharmacyRequest/Page_Store/select_--Select--BA50)): 3 options of object 'Object Repository/PharmacyRequest/Page_Store/select_--Select--BA50' counted

2018-05-16 19:42:19 - [MESSAGE][PASSED] - 3 options of object 'Object Repository/PharmacyRequest/Page_Store/select_--Select--BA50' counted

2018-05-16 19:42:19 - [TEST_STEP][PASSED] - Statement - For ([g = 1, g <= BatchNumber - 1, (g++)]): null

2018-05-16 19:42:19 - [TEST_STEP][PASSED] - selectOptionByIndex: All options with index in [1] are selected on object 'Object Repository/PharmacyRequest/Page_Store/select_--Select--BA50'

2018-05-16 19:42:19 - [MESSAGE][PASSED] - All options with index in [1] are selected on object 'Object Repository/PharmacyRequest/Page_Store/select_--Select--BA50'

2018-05-16 19:42:19 - [TEST_STEP][PASSED] - delay: Delayed 1 second(s)

2018-05-16 19:42:20 - [MESSAGE][PASSED] - Delayed 1 second(s)

2018-05-16 19:42:20 - [TEST_STEP][PASSED] - Statement - StockQty = com.kms.katalon.core.webui.keyword.WebUiBuiltInKeywords.getAttribute(com.kms.katalon.core.testobject.ObjectRepository.findTestObject(PharmacyRequest/Page_Store/input_txtprice), "value"): Attribute 'value' of object 'Object Repository/PharmacyRequest/Page_Store/input_txtprice' is: '960'

2018-05-16 19:42:20 - [MESSAGE][PASSED] - Attribute 'value' of object 'Object Repository/PharmacyRequest/Page_Store/input_txtprice' is: '960'

2018-05-16 19:42:20 - [TEST_STEP][PASSED] - Statement - out.println("Stock QTY : " + StockQty): null

2018-05-16 19:42:20 - [TEST_STEP][PASSED] - delay: Delayed 1 second(s)

2018-05-16 19:42:21 - [MESSAGE][PASSED] - Delayed 1 second(s)

2018-05-16 19:42:21 - [TEST_STEP][PASSED] - Statement - If (java.lang.Integer.valueOf(StockQty) >= java.lang.Integer.valueOf(RequestedQty)): null

2018-05-16 19:42:21 - [TEST_STEP][PASSED] - setText: Text '10' is set on object 'Object Repository/PharmacyRequest/Page_Store/input_txtqty'

2018-05-16 19:42:22 - [MESSAGE][PASSED] - Text '10' is set on object 'Object Repository/PharmacyRequest/Page_Store/input_txtqty'

2018-05-16 19:42:22 - [TEST_STEP][PASSED] - click: Object: 'Object Repository/PharmacyRequest/Page_Store/button_Add' is clicked on

2018-05-16 19:42:22 - [MESSAGE][PASSED] - Object: 'Object Repository/PharmacyRequest/Page_Store/button_Add' is clicked on

2018-05-16 19:42:22 - [TEST_STEP][PASSED] - Statement - Break: null

2018-05-16 19:42:22 - [TEST_STEP][PASSED] - selectOptionByIndex: All options with index in [14] are selected on object 'Object Repository/PharmacyRequest/Page_Store/select_--Select--Amlodepin -5'

2018-05-16 19:42:22 - [MESSAGE][PASSED] - All options with index in [14] are selected on object 'Object Repository/PharmacyRequest/Page_Store/select_--Select--Amlodepin -5'

2018-05-16 19:42:22 - [TEST_STEP][PASSED] - delay: Delayed 1 second(s)

2018-05-16 19:42:23 - [MESSAGE][PASSED] - Delayed 1 second(s)

2018-05-16 19:42:23 - [TEST_STEP][PASSED] - Statement - RequestedQty = com.kms.katalon.core.webui.keyword.WebUiBuiltInKeywords.getAttribute(com.kms.katalon.core.testobject.ObjectRepository.findTestObject(PharmacyRequest/Page_Store/input_txttotal), "value"): Attribute 'value' of object 'Object Repository/PharmacyRequest/Page_Store/input_txttotal' is: '10'

2018-05-16 19:42:23 - [MESSAGE][PASSED] - Attribute 'value' of object 'Object Repository/PharmacyRequest/Page_Store/input_txttotal' is: '10'

2018-05-16 19:42:23 - [TEST_STEP][PASSED] - Statement - out.println("Requested QTY : " + RequestedQty): null

2018-05-16 19:42:23 - [TEST_STEP][PASSED] - Statement - BatchNumber = com.kms.katalon.core.webui.keyword.WebUiBuiltInKeywords.getNumberOfTotalOption(com.kms.katalon.core.testobject.ObjectRepository.findTestObject(PharmacyRequest/Page_Store/select_--Select--BA50)): 3 options of object 'Object Repository/PharmacyRequest/Page_Store/select_--Select--BA50' counted

2018-05-16 19:42:23 - [MESSAGE][PASSED] - 3 options of object 'Object Repository/PharmacyRequest/Page_Store/select_--Select--BA50' counted

2018-05-16 19:42:23 - [TEST_STEP][PASSED] - Statement - For ([g = 1, g <= BatchNumber - 1, (g++)]): null

2018-05-16 19:42:23 - [TEST_STEP][PASSED] - selectOptionByIndex: All options with index in [1] are selected on object 'Object Repository/PharmacyRequest/Page_Store/select_--Select--BA50'

2018-05-16 19:42:23 - [MESSAGE][PASSED] - All options with index in [1] are selected on object 'Object Repository/PharmacyRequest/Page_Store/select_--Select--BA50'

2018-05-16 19:42:23 - [TEST_STEP][PASSED] - delay: Delayed 1 second(s)

2018-05-16 19:42:24 - [MESSAGE][PASSED] - Delayed 1 second(s)

2018-05-16 19:42:24 - [TEST_STEP][PASSED] - Statement - StockQty = com.kms.katalon.core.webui.keyword.WebUiBuiltInKeywords.getAttribute(com.kms.katalon.core.testobject.ObjectRepository.findTestObject(PharmacyRequest/Page_Store/input_txtprice), "value"): Attribute 'value' of object 'Object Repository/PharmacyRequest/Page_Store/input_txtprice' is: '960'

2018-05-16 19:42:24 - [MESSAGE][PASSED] - Attribute 'value' of object 'Object Repository/PharmacyRequest/Page_Store/input_txtprice' is: '960'

2018-05-16 19:42:24 - [TEST_STEP][PASSED] - Statement - out.println("Stock QTY : " + StockQty): null

2018-05-16 19:42:24 - [TEST_STEP][PASSED] - delay: Delayed 1 second(s)

2018-05-16 19:42:25 - [MESSAGE][PASSED] - Delayed 1 second(s)

2018-05-16 19:42:25 - [TEST_STEP][PASSED] - Statement - If (java.lang.Integer.valueOf(StockQty) >= java.lang.Integer.valueOf(RequestedQty)): null

2018-05-16 19:42:25 - [TEST_STEP][PASSED] - setText: Text '10' is set on object 'Object Repository/PharmacyRequest/Page_Store/input_txtqty'

2018-05-16 19:42:25 - [MESSAGE][PASSED] - Text '10' is set on object 'Object Repository/PharmacyRequest/Page_Store/input_txtqty'

2018-05-16 19:42:25 - [TEST_STEP][PASSED] - click: Object: 'Object Repository/PharmacyRequest/Page_Store/button_Add' is clicked on

2018-05-16 19:42:25 - [MESSAGE][PASSED] - Object: 'Object Repository/PharmacyRequest/Page_Store/button_Add' is clicked on

2018-05-16 19:42:25 - [TEST_STEP][PASSED] - Statement - Break: null

2018-05-16 19:42:25 - [TEST_STEP][PASSED] - selectOptionByIndex: All options with index in [15] are selected on object 'Object Repository/PharmacyRequest/Page_Store/select_--Select--Amlodepin -5'

2018-05-16 19:42:25 - [MESSAGE][PASSED] - All options with index in [15] are selected on object 'Object Repository/PharmacyRequest/Page_Store/select_--Select--Amlodepin -5'

2018-05-16 19:42:25 - [TEST_STEP][PASSED] - delay: Delayed 1 second(s)

2018-05-16 19:42:26 - [MESSAGE][PASSED] - Delayed 1 second(s)

2018-05-16 19:42:26 - [TEST_STEP][PASSED] - Statement - RequestedQty = com.kms.katalon.core.webui.keyword.WebUiBuiltInKeywords.getAttribute(com.kms.katalon.core.testobject.ObjectRepository.findTestObject(PharmacyRequest/Page_Store/input_txttotal), "value"): Attribute 'value' of object 'Object Repository/PharmacyRequest/Page_Store/input_txttotal' is: '10'

2018-05-16 19:42:26 - [MESSAGE][PASSED] - Attribute 'value' of object 'Object Repository/PharmacyRequest/Page_Store/input_txttotal' is: '10'

2018-05-16 19:42:26 - [TEST_STEP][PASSED] - Statement - out.println("Requested QTY : " + RequestedQty): null

2018-05-16 19:42:26 - [TEST_STEP][PASSED] - Statement - BatchNumber = com.kms.katalon.core.webui.keyword.WebUiBuiltInKeywords.getNumberOfTotalOption(com.kms.katalon.core.testobject.ObjectRepository.findTestObject(PharmacyRequest/Page_Store/select_--Select--BA50)): 4 options of object 'Object Repository/PharmacyRequest/Page_Store/select_--Select--BA50' counted

2018-05-16 19:42:27 - [MESSAGE][PASSED] - 4 options of object 'Object Repository/PharmacyRequest/Page_Store/select_--Select--BA50' counted

2018-05-16 19:42:27 - [TEST_STEP][PASSED] - Statement - For ([g = 1, g <= BatchNumber - 1, (g++)]): null

2018-05-16 19:42:27 - [TEST_STEP][PASSED] - selectOptionByIndex: All options with index in [1] are selected on object 'Object Repository/PharmacyRequest/Page_Store/select_--Select--BA50'

2018-05-16 19:42:27 - [MESSAGE][PASSED] - All options with index in [1] are selected on object 'Object Repository/PharmacyRequest/Page_Store/select_--Select--BA50'

2018-05-16 19:42:27 - [TEST_STEP][PASSED] - delay: Delayed 1 second(s)

2018-05-16 19:42:28 - [MESSAGE][PASSED] - Delayed 1 second(s)

2018-05-16 19:42:28 - [TEST_STEP][PASSED] - Statement - StockQty = com.kms.katalon.core.webui.keyword.WebUiBuiltInKeywords.getAttribute(com.kms.katalon.core.testobject.ObjectRepository.findTestObject(PharmacyRequest/Page_Store/input_txtprice), "value"): Attribute 'value' of object 'Object Repository/PharmacyRequest/Page_Store/input_txtprice' is: '60'

2018-05-16 19:42:28 - [MESSAGE][PASSED] - Attribute 'value' of object 'Object Repository/PharmacyRequest/Page_Store/input_txtprice' is: '60'

2018-05-16 19:42:28 - [TEST_STEP][PASSED] - Statement - out.println("Stock QTY : " + StockQty): null

2018-05-16 19:42:28 - [TEST_STEP][PASSED] - delay: Delayed 1 second(s)

2018-05-16 19:42:29 - [MESSAGE][PASSED] - Delayed 1 second(s)

2018-05-16 19:42:29 - [TEST_STEP][PASSED] - Statement - If (java.lang.Integer.valueOf(StockQty) >= java.lang.Integer.valueOf(RequestedQty)): null

2018-05-16 19:42:29 - [TEST_STEP][PASSED] - setText: Text '10' is set on object 'Object Repository/PharmacyRequest/Page_Store/input_txtqty'

2018-05-16 19:42:29 - [MESSAGE][PASSED] - Text '10' is set on object 'Object Repository/PharmacyRequest/Page_Store/input_txtqty'

2018-05-16 19:42:29 - [TEST_STEP][PASSED] - click: Object: 'Object Repository/PharmacyRequest/Page_Store/button_Add' is clicked on

2018-05-16 19:42:29 - [MESSAGE][PASSED] - Object: 'Object Repository/PharmacyRequest/Page_Store/button_Add' is clicked on

2018-05-16 19:42:29 - [TEST_STEP][PASSED] - Statement - Break: null

2018-05-16 19:42:29 - [TEST_STEP][PASSED] - scrollToElement: Scroll to object 'Object Repository/PharmacyRequest/Page_Store/input_btnSubmit' successfully

2018-05-16 19:42:29 - [MESSAGE][PASSED] - Scroll to object 'Object Repository/PharmacyRequest/Page_Store/input_btnSubmit' successfully

2018-05-16 19:42:29 - [TEST_STEP][PASSED] - click: Object: 'Object Repository/PharmacyRequest/Page_Store/input_btnSubmit' is clicked on

2018-05-16 19:42:29 - [MESSAGE][PASSED] - Object: 'Object Repository/PharmacyRequest/Page_Store/input_btnSubmit' is clicked on

2018-05-16 19:42:29 - [TEST_STEP][PASSED] - delay: Delayed 3 second(s)

2018-05-16 19:42:32 - [MESSAGE][PASSED] - Delayed 3 second(s)

2018-05-16 19:42:32 - [TEST_STEP][PASSED] - click: Object: 'Object Repository/PharmacyRequest/Page_Store/button_OK' is clicked on

2018-05-16 19:42:33 - [MESSAGE][PASSED] - Object: 'Object Repository/PharmacyRequest/Page_Store/button_OK' is clicked on

2018-05-16 19:42:33 - [TEST_STEP][PASSED] - delay: Delayed 3 second(s)

2018-05-16 19:42:36 - [MESSAGE][PASSED] - Delayed 3 second(s)

2018-05-16 19:42:36 - [TEST_STEP][PASSED] - click: Object: 'Object Repository/PharmacyRequest/Page_Store/a_dropdown-toggle' is clicked on

2018-05-16 19:42:36 - [MESSAGE][PASSED] - Object: 'Object Repository/PharmacyRequest/Page_Store/a_dropdown-toggle' is clicked on

2018-05-16 19:42:36 - [TEST_STEP][PASSED] - click: Object: 'Object Repository/PharmacyRequest/Page_Store/a_Sign out' is clicked on

2018-05-16 19:42:37 - [MESSAGE][PASSED] - Object: 'Object Repository/PharmacyRequest/Page_Store/a_Sign out' is clicked on

2018-05-16 19:42:37 - [TEST_STEP][PASSED] - closeBrowser: Browser is closed

2018-05-16 19:42:37 - [MESSAGE][PASSED] - Browser is closed

2018-05-16 19:42:37 - [TEST_STEP][PASSED] - Statement - out.println("Schedule 4 Pharmacy Request Are Working Successfully"): null]]></system-out>
         <system-err><![CDATA[]]></system-err>
      </testcase>
      <testcase name="Test Cases/PHARMACY TEST CASES/TC_PHAR_005 Verify Schedule 5 Pharmacy Request Are Working Successfully Or Not" classname="Test Cases/PHARMACY TEST CASES/TC_PHAR_005 Verify Schedule 5 Pharmacy Request Are Working Successfully Or Not" status="PASSED">
         <system-out><![CDATA[2018-05-16 19:42:37 - [TEST_CASE][PASSED] - Test Cases/PHARMACY TEST CASES/TC_PHAR_005 Verify Schedule 5 Pharmacy Request Are Working Successfully Or Not: Test Cases/PHARMACY TEST CASES/TC_PHAR_005 Verify Schedule 5 Pharmacy Request Are Working Successfully Or Not

2018-05-16 19:42:37 - [TEST_STEP][PASSED] - openBrowser: Browser is opened with url: ''

2018-05-16 19:42:40 - [MESSAGE][PASSED] - Browser is opened with url: ''

2018-05-16 19:42:40 - [TEST_STEP][PASSED] - Statement - out.println("Verify Schedule 5 Pharmacy Request Are Working Successfully Or Not"): null

2018-05-16 19:42:40 - [TEST_STEP][PASSED] - navigateToUrl: Navigate to 'http://192.168.137.1/multihospital_new/' successfully

2018-05-16 19:42:42 - [MESSAGE][PASSED] - Navigate to 'http://192.168.137.1/multihospital_new/' successfully

2018-05-16 19:42:42 - [TEST_STEP][PASSED] - maximizeWindow: Current window maximized

2018-05-16 19:42:44 - [MESSAGE][PASSED] - Current window maximized

2018-05-16 19:42:44 - [TEST_STEP][PASSED] - click: Object: 'Object Repository/PharmacyRequest/Page_KDMC/a_Pharmacy' is clicked on

2018-05-16 19:42:44 - [MESSAGE][PASSED] - Object: 'Object Repository/PharmacyRequest/Page_KDMC/a_Pharmacy' is clicked on

2018-05-16 19:42:44 - [TEST_STEP][PASSED] - setText: Text 'raja' is set on object 'Object Repository/PharmacyRequest/Page_Pharmacy login/input_txtusername'

2018-05-16 19:42:44 - [MESSAGE][PASSED] - Text 'raja' is set on object 'Object Repository/PharmacyRequest/Page_Pharmacy login/input_txtusername'

2018-05-16 19:42:44 - [TEST_STEP][PASSED] - setText: Text '123' is set on object 'Object Repository/PharmacyRequest/Page_Pharmacy login/input_txtpassword'

2018-05-16 19:42:44 - [MESSAGE][PASSED] - Text '123' is set on object 'Object Repository/PharmacyRequest/Page_Pharmacy login/input_txtpassword'

2018-05-16 19:42:44 - [TEST_STEP][PASSED] - delay: Delayed 3 second(s)

2018-05-16 19:42:47 - [MESSAGE][PASSED] - Delayed 3 second(s)

2018-05-16 19:42:47 - [TEST_STEP][PASSED] - click: Object: 'Object Repository/PharmacyRequest/Page_Pharmacy login/button_Sign in' is clicked on

2018-05-16 19:42:48 - [MESSAGE][PASSED] - Object: 'Object Repository/PharmacyRequest/Page_Pharmacy login/button_Sign in' is clicked on

2018-05-16 19:42:48 - [TEST_STEP][PASSED] - delay: Delayed 3 second(s)

2018-05-16 19:42:51 - [MESSAGE][PASSED] - Delayed 3 second(s)

2018-05-16 19:42:51 - [TEST_STEP][PASSED] - click: Object: 'Object Repository/PharmacyRequest/Page_KDMC - Pharmacy/a_Inventory' is clicked on

2018-05-16 19:42:52 - [MESSAGE][PASSED] - Object: 'Object Repository/PharmacyRequest/Page_KDMC - Pharmacy/a_Inventory' is clicked on

2018-05-16 19:42:52 - [TEST_STEP][PASSED] - delay: Delayed 3 second(s)

2018-05-16 19:42:55 - [MESSAGE][PASSED] - Delayed 3 second(s)

2018-05-16 19:42:55 - [TEST_STEP][PASSED] - click: Object: 'Object Repository/PharmacyRequest/Page_KDMC-Pharmacy/a_Store Request' is clicked on

2018-05-16 19:42:56 - [MESSAGE][PASSED] - Object: 'Object Repository/PharmacyRequest/Page_KDMC-Pharmacy/a_Store Request' is clicked on

2018-05-16 19:42:56 - [TEST_STEP][PASSED] - click: Object: 'Object Repository/PharmacyRequest/Page_KDMC-Pharmacy/a_Medicine Request' is clicked on

2018-05-16 19:42:56 - [MESSAGE][PASSED] - Object: 'Object Repository/PharmacyRequest/Page_KDMC-Pharmacy/a_Medicine Request' is clicked on

2018-05-16 19:42:56 - [TEST_STEP][PASSED] - selectOptionByIndex: All options with index in [5] are selected on object 'Object Repository/PharmacyRequest/Page_KDMC-Pharmacy/select_--Select--Schedule 1Inj'

2018-05-16 19:42:56 - [MESSAGE][PASSED] - All options with index in [5] are selected on object 'Object Repository/PharmacyRequest/Page_KDMC-Pharmacy/select_--Select--Schedule 1Inj'

2018-05-16 19:42:56 - [TEST_STEP][PASSED] - Statement - MedicineLength = com.kms.katalon.core.webui.keyword.WebUiBuiltInKeywords.getNumberOfTotalOption(com.kms.katalon.core.testobject.ObjectRepository.findTestObject(PharmacyRequest/Page_KDMC-Pharmacy/select_--Select--Albendazole)): 17 options of object 'Object Repository/PharmacyRequest/Page_KDMC-Pharmacy/select_--Select--Albendazole' counted

2018-05-16 19:42:57 - [MESSAGE][PASSED] - 17 options of object 'Object Repository/PharmacyRequest/Page_KDMC-Pharmacy/select_--Select--Albendazole' counted

2018-05-16 19:42:57 - [TEST_STEP][PASSED] - Statement - For ([l = 1, l <= MedicineLength - 1, (l++)]): Object: 'Object Repository/PharmacyRequest/Page_KDMC-Pharmacy/button_Add' is clicked on

2018-05-16 19:42:57 - [TEST_STEP][PASSED] - selectOptionByIndex: All options with index in [5] are selected on object 'Object Repository/PharmacyRequest/Page_KDMC-Pharmacy/select_--Select--Schedule 1Inj'

2018-05-16 19:42:57 - [MESSAGE][PASSED] - All options with index in [5] are selected on object 'Object Repository/PharmacyRequest/Page_KDMC-Pharmacy/select_--Select--Schedule 1Inj'

2018-05-16 19:42:57 - [TEST_STEP][PASSED] - selectOptionByIndex: All options with index in [1] are selected on object 'Object Repository/PharmacyRequest/Page_KDMC-Pharmacy/select_--Select--Albendazole'

2018-05-16 19:42:57 - [MESSAGE][PASSED] - All options with index in [1] are selected on object 'Object Repository/PharmacyRequest/Page_KDMC-Pharmacy/select_--Select--Albendazole'

2018-05-16 19:42:57 - [TEST_STEP][PASSED] - setText: Text '10' is set on object 'Object Repository/PharmacyRequest/Page_KDMC-Pharmacy/input_txttreat'

2018-05-16 19:42:57 - [MESSAGE][PASSED] - Text '10' is set on object 'Object Repository/PharmacyRequest/Page_KDMC-Pharmacy/input_txttreat'

2018-05-16 19:42:57 - [TEST_STEP][PASSED] - click: Object: 'Object Repository/PharmacyRequest/Page_KDMC-Pharmacy/button_Add' is clicked on

2018-05-16 19:42:57 - [MESSAGE][PASSED] - Object: 'Object Repository/PharmacyRequest/Page_KDMC-Pharmacy/button_Add' is clicked on

2018-05-16 19:42:57 - [TEST_STEP][PASSED] - selectOptionByIndex: All options with index in [5] are selected on object 'Object Repository/PharmacyRequest/Page_KDMC-Pharmacy/select_--Select--Schedule 1Inj'

2018-05-16 19:42:57 - [MESSAGE][PASSED] - All options with index in [5] are selected on object 'Object Repository/PharmacyRequest/Page_KDMC-Pharmacy/select_--Select--Schedule 1Inj'

2018-05-16 19:42:57 - [TEST_STEP][PASSED] - selectOptionByIndex: All options with index in [2] are selected on object 'Object Repository/PharmacyRequest/Page_KDMC-Pharmacy/select_--Select--Albendazole'

2018-05-16 19:42:57 - [MESSAGE][PASSED] - All options with index in [2] are selected on object 'Object Repository/PharmacyRequest/Page_KDMC-Pharmacy/select_--Select--Albendazole'

2018-05-16 19:42:57 - [TEST_STEP][PASSED] - setText: Text '10' is set on object 'Object Repository/PharmacyRequest/Page_KDMC-Pharmacy/input_txttreat'

2018-05-16 19:42:57 - [MESSAGE][PASSED] - Text '10' is set on object 'Object Repository/PharmacyRequest/Page_KDMC-Pharmacy/input_txttreat'

2018-05-16 19:42:57 - [TEST_STEP][PASSED] - click: Object: 'Object Repository/PharmacyRequest/Page_KDMC-Pharmacy/button_Add' is clicked on

2018-05-16 19:42:57 - [MESSAGE][PASSED] - Object: 'Object Repository/PharmacyRequest/Page_KDMC-Pharmacy/button_Add' is clicked on

2018-05-16 19:42:57 - [TEST_STEP][PASSED] - selectOptionByIndex: All options with index in [5] are selected on object 'Object Repository/PharmacyRequest/Page_KDMC-Pharmacy/select_--Select--Schedule 1Inj'

2018-05-16 19:42:58 - [MESSAGE][PASSED] - All options with index in [5] are selected on object 'Object Repository/PharmacyRequest/Page_KDMC-Pharmacy/select_--Select--Schedule 1Inj'

2018-05-16 19:42:58 - [TEST_STEP][PASSED] - selectOptionByIndex: All options with index in [3] are selected on object 'Object Repository/PharmacyRequest/Page_KDMC-Pharmacy/select_--Select--Albendazole'

2018-05-16 19:42:58 - [MESSAGE][PASSED] - All options with index in [3] are selected on object 'Object Repository/PharmacyRequest/Page_KDMC-Pharmacy/select_--Select--Albendazole'

2018-05-16 19:42:58 - [TEST_STEP][PASSED] - setText: Text '10' is set on object 'Object Repository/PharmacyRequest/Page_KDMC-Pharmacy/input_txttreat'

2018-05-16 19:42:58 - [MESSAGE][PASSED] - Text '10' is set on object 'Object Repository/PharmacyRequest/Page_KDMC-Pharmacy/input_txttreat'

2018-05-16 19:42:58 - [TEST_STEP][PASSED] - click: Object: 'Object Repository/PharmacyRequest/Page_KDMC-Pharmacy/button_Add' is clicked on

2018-05-16 19:42:58 - [MESSAGE][PASSED] - Object: 'Object Repository/PharmacyRequest/Page_KDMC-Pharmacy/button_Add' is clicked on

2018-05-16 19:42:58 - [TEST_STEP][PASSED] - selectOptionByIndex: All options with index in [5] are selected on object 'Object Repository/PharmacyRequest/Page_KDMC-Pharmacy/select_--Select--Schedule 1Inj'

2018-05-16 19:42:58 - [MESSAGE][PASSED] - All options with index in [5] are selected on object 'Object Repository/PharmacyRequest/Page_KDMC-Pharmacy/select_--Select--Schedule 1Inj'

2018-05-16 19:42:58 - [TEST_STEP][PASSED] - selectOptionByIndex: All options with index in [4] are selected on object 'Object Repository/PharmacyRequest/Page_KDMC-Pharmacy/select_--Select--Albendazole'

2018-05-16 19:42:58 - [MESSAGE][PASSED] - All options with index in [4] are selected on object 'Object Repository/PharmacyRequest/Page_KDMC-Pharmacy/select_--Select--Albendazole'

2018-05-16 19:42:58 - [TEST_STEP][PASSED] - setText: Text '10' is set on object 'Object Repository/PharmacyRequest/Page_KDMC-Pharmacy/input_txttreat'

2018-05-16 19:42:58 - [MESSAGE][PASSED] - Text '10' is set on object 'Object Repository/PharmacyRequest/Page_KDMC-Pharmacy/input_txttreat'

2018-05-16 19:42:58 - [TEST_STEP][PASSED] - click: Object: 'Object Repository/PharmacyRequest/Page_KDMC-Pharmacy/button_Add' is clicked on

2018-05-16 19:42:58 - [MESSAGE][PASSED] - Object: 'Object Repository/PharmacyRequest/Page_KDMC-Pharmacy/button_Add' is clicked on

2018-05-16 19:42:58 - [TEST_STEP][PASSED] - selectOptionByIndex: All options with index in [5] are selected on object 'Object Repository/PharmacyRequest/Page_KDMC-Pharmacy/select_--Select--Schedule 1Inj'

2018-05-16 19:42:58 - [MESSAGE][PASSED] - All options with index in [5] are selected on object 'Object Repository/PharmacyRequest/Page_KDMC-Pharmacy/select_--Select--Schedule 1Inj'

2018-05-16 19:42:58 - [TEST_STEP][PASSED] - selectOptionByIndex: All options with index in [5] are selected on object 'Object Repository/PharmacyRequest/Page_KDMC-Pharmacy/select_--Select--Albendazole'

2018-05-16 19:42:58 - [MESSAGE][PASSED] - All options with index in [5] are selected on object 'Object Repository/PharmacyRequest/Page_KDMC-Pharmacy/select_--Select--Albendazole'

2018-05-16 19:42:58 - [TEST_STEP][PASSED] - setText: Text '10' is set on object 'Object Repository/PharmacyRequest/Page_KDMC-Pharmacy/input_txttreat'

2018-05-16 19:42:59 - [MESSAGE][PASSED] - Text '10' is set on object 'Object Repository/PharmacyRequest/Page_KDMC-Pharmacy/input_txttreat'

2018-05-16 19:42:59 - [TEST_STEP][PASSED] - click: Object: 'Object Repository/PharmacyRequest/Page_KDMC-Pharmacy/button_Add' is clicked on

2018-05-16 19:42:59 - [MESSAGE][PASSED] - Object: 'Object Repository/PharmacyRequest/Page_KDMC-Pharmacy/button_Add' is clicked on

2018-05-16 19:42:59 - [TEST_STEP][PASSED] - selectOptionByIndex: All options with index in [5] are selected on object 'Object Repository/PharmacyRequest/Page_KDMC-Pharmacy/select_--Select--Schedule 1Inj'

2018-05-16 19:42:59 - [MESSAGE][PASSED] - All options with index in [5] are selected on object 'Object Repository/PharmacyRequest/Page_KDMC-Pharmacy/select_--Select--Schedule 1Inj'

2018-05-16 19:42:59 - [TEST_STEP][PASSED] - selectOptionByIndex: All options with index in [6] are selected on object 'Object Repository/PharmacyRequest/Page_KDMC-Pharmacy/select_--Select--Albendazole'

2018-05-16 19:42:59 - [MESSAGE][PASSED] - All options with index in [6] are selected on object 'Object Repository/PharmacyRequest/Page_KDMC-Pharmacy/select_--Select--Albendazole'

2018-05-16 19:42:59 - [TEST_STEP][PASSED] - setText: Text '10' is set on object 'Object Repository/PharmacyRequest/Page_KDMC-Pharmacy/input_txttreat'

2018-05-16 19:42:59 - [MESSAGE][PASSED] - Text '10' is set on object 'Object Repository/PharmacyRequest/Page_KDMC-Pharmacy/input_txttreat'

2018-05-16 19:42:59 - [TEST_STEP][PASSED] - click: Object: 'Object Repository/PharmacyRequest/Page_KDMC-Pharmacy/button_Add' is clicked on

2018-05-16 19:42:59 - [MESSAGE][PASSED] - Object: 'Object Repository/PharmacyRequest/Page_KDMC-Pharmacy/button_Add' is clicked on

2018-05-16 19:42:59 - [TEST_STEP][PASSED] - selectOptionByIndex: All options with index in [5] are selected on object 'Object Repository/PharmacyRequest/Page_KDMC-Pharmacy/select_--Select--Schedule 1Inj'

2018-05-16 19:42:59 - [MESSAGE][PASSED] - All options with index in [5] are selected on object 'Object Repository/PharmacyRequest/Page_KDMC-Pharmacy/select_--Select--Schedule 1Inj'

2018-05-16 19:42:59 - [TEST_STEP][PASSED] - selectOptionByIndex: All options with index in [7] are selected on object 'Object Repository/PharmacyRequest/Page_KDMC-Pharmacy/select_--Select--Albendazole'

2018-05-16 19:42:59 - [MESSAGE][PASSED] - All options with index in [7] are selected on object 'Object Repository/PharmacyRequest/Page_KDMC-Pharmacy/select_--Select--Albendazole'

2018-05-16 19:42:59 - [TEST_STEP][PASSED] - setText: Text '10' is set on object 'Object Repository/PharmacyRequest/Page_KDMC-Pharmacy/input_txttreat'

2018-05-16 19:42:59 - [MESSAGE][PASSED] - Text '10' is set on object 'Object Repository/PharmacyRequest/Page_KDMC-Pharmacy/input_txttreat'

2018-05-16 19:42:59 - [TEST_STEP][PASSED] - click: Object: 'Object Repository/PharmacyRequest/Page_KDMC-Pharmacy/button_Add' is clicked on

2018-05-16 19:42:59 - [MESSAGE][PASSED] - Object: 'Object Repository/PharmacyRequest/Page_KDMC-Pharmacy/button_Add' is clicked on

2018-05-16 19:42:59 - [TEST_STEP][PASSED] - selectOptionByIndex: All options with index in [5] are selected on object 'Object Repository/PharmacyRequest/Page_KDMC-Pharmacy/select_--Select--Schedule 1Inj'

2018-05-16 19:43:00 - [MESSAGE][PASSED] - All options with index in [5] are selected on object 'Object Repository/PharmacyRequest/Page_KDMC-Pharmacy/select_--Select--Schedule 1Inj'

2018-05-16 19:43:00 - [TEST_STEP][PASSED] - selectOptionByIndex: All options with index in [8] are selected on object 'Object Repository/PharmacyRequest/Page_KDMC-Pharmacy/select_--Select--Albendazole'

2018-05-16 19:43:00 - [MESSAGE][PASSED] - All options with index in [8] are selected on object 'Object Repository/PharmacyRequest/Page_KDMC-Pharmacy/select_--Select--Albendazole'

2018-05-16 19:43:00 - [TEST_STEP][PASSED] - setText: Text '10' is set on object 'Object Repository/PharmacyRequest/Page_KDMC-Pharmacy/input_txttreat'

2018-05-16 19:43:00 - [MESSAGE][PASSED] - Text '10' is set on object 'Object Repository/PharmacyRequest/Page_KDMC-Pharmacy/input_txttreat'

2018-05-16 19:43:00 - [TEST_STEP][PASSED] - click: Object: 'Object Repository/PharmacyRequest/Page_KDMC-Pharmacy/button_Add' is clicked on

2018-05-16 19:43:00 - [MESSAGE][PASSED] - Object: 'Object Repository/PharmacyRequest/Page_KDMC-Pharmacy/button_Add' is clicked on

2018-05-16 19:43:00 - [TEST_STEP][PASSED] - selectOptionByIndex: All options with index in [5] are selected on object 'Object Repository/PharmacyRequest/Page_KDMC-Pharmacy/select_--Select--Schedule 1Inj'

2018-05-16 19:43:00 - [MESSAGE][PASSED] - All options with index in [5] are selected on object 'Object Repository/PharmacyRequest/Page_KDMC-Pharmacy/select_--Select--Schedule 1Inj'

2018-05-16 19:43:00 - [TEST_STEP][PASSED] - selectOptionByIndex: All options with index in [9] are selected on object 'Object Repository/PharmacyRequest/Page_KDMC-Pharmacy/select_--Select--Albendazole'

2018-05-16 19:43:00 - [MESSAGE][PASSED] - All options with index in [9] are selected on object 'Object Repository/PharmacyRequest/Page_KDMC-Pharmacy/select_--Select--Albendazole'

2018-05-16 19:43:00 - [TEST_STEP][PASSED] - setText: Text '10' is set on object 'Object Repository/PharmacyRequest/Page_KDMC-Pharmacy/input_txttreat'

2018-05-16 19:43:00 - [MESSAGE][PASSED] - Text '10' is set on object 'Object Repository/PharmacyRequest/Page_KDMC-Pharmacy/input_txttreat'

2018-05-16 19:43:00 - [TEST_STEP][PASSED] - click: Object: 'Object Repository/PharmacyRequest/Page_KDMC-Pharmacy/button_Add' is clicked on

2018-05-16 19:43:00 - [MESSAGE][PASSED] - Object: 'Object Repository/PharmacyRequest/Page_KDMC-Pharmacy/button_Add' is clicked on

2018-05-16 19:43:00 - [TEST_STEP][PASSED] - selectOptionByIndex: All options with index in [5] are selected on object 'Object Repository/PharmacyRequest/Page_KDMC-Pharmacy/select_--Select--Schedule 1Inj'

2018-05-16 19:43:00 - [MESSAGE][PASSED] - All options with index in [5] are selected on object 'Object Repository/PharmacyRequest/Page_KDMC-Pharmacy/select_--Select--Schedule 1Inj'

2018-05-16 19:43:00 - [TEST_STEP][PASSED] - selectOptionByIndex: All options with index in [10] are selected on object 'Object Repository/PharmacyRequest/Page_KDMC-Pharmacy/select_--Select--Albendazole'

2018-05-16 19:43:01 - [MESSAGE][PASSED] - All options with index in [10] are selected on object 'Object Repository/PharmacyRequest/Page_KDMC-Pharmacy/select_--Select--Albendazole'

2018-05-16 19:43:01 - [TEST_STEP][PASSED] - setText: Text '10' is set on object 'Object Repository/PharmacyRequest/Page_KDMC-Pharmacy/input_txttreat'

2018-05-16 19:43:01 - [MESSAGE][PASSED] - Text '10' is set on object 'Object Repository/PharmacyRequest/Page_KDMC-Pharmacy/input_txttreat'

2018-05-16 19:43:01 - [TEST_STEP][PASSED] - click: Object: 'Object Repository/PharmacyRequest/Page_KDMC-Pharmacy/button_Add' is clicked on

2018-05-16 19:43:01 - [MESSAGE][PASSED] - Object: 'Object Repository/PharmacyRequest/Page_KDMC-Pharmacy/button_Add' is clicked on

2018-05-16 19:43:01 - [TEST_STEP][PASSED] - selectOptionByIndex: All options with index in [5] are selected on object 'Object Repository/PharmacyRequest/Page_KDMC-Pharmacy/select_--Select--Schedule 1Inj'

2018-05-16 19:43:01 - [MESSAGE][PASSED] - All options with index in [5] are selected on object 'Object Repository/PharmacyRequest/Page_KDMC-Pharmacy/select_--Select--Schedule 1Inj'

2018-05-16 19:43:01 - [TEST_STEP][PASSED] - selectOptionByIndex: All options with index in [11] are selected on object 'Object Repository/PharmacyRequest/Page_KDMC-Pharmacy/select_--Select--Albendazole'

2018-05-16 19:43:01 - [MESSAGE][PASSED] - All options with index in [11] are selected on object 'Object Repository/PharmacyRequest/Page_KDMC-Pharmacy/select_--Select--Albendazole'

2018-05-16 19:43:01 - [TEST_STEP][PASSED] - setText: Text '10' is set on object 'Object Repository/PharmacyRequest/Page_KDMC-Pharmacy/input_txttreat'

2018-05-16 19:43:01 - [MESSAGE][PASSED] - Text '10' is set on object 'Object Repository/PharmacyRequest/Page_KDMC-Pharmacy/input_txttreat'

2018-05-16 19:43:01 - [TEST_STEP][PASSED] - click: Object: 'Object Repository/PharmacyRequest/Page_KDMC-Pharmacy/button_Add' is clicked on

2018-05-16 19:43:01 - [MESSAGE][PASSED] - Object: 'Object Repository/PharmacyRequest/Page_KDMC-Pharmacy/button_Add' is clicked on

2018-05-16 19:43:01 - [TEST_STEP][PASSED] - selectOptionByIndex: All options with index in [5] are selected on object 'Object Repository/PharmacyRequest/Page_KDMC-Pharmacy/select_--Select--Schedule 1Inj'

2018-05-16 19:43:01 - [MESSAGE][PASSED] - All options with index in [5] are selected on object 'Object Repository/PharmacyRequest/Page_KDMC-Pharmacy/select_--Select--Schedule 1Inj'

2018-05-16 19:43:01 - [TEST_STEP][PASSED] - selectOptionByIndex: All options with index in [12] are selected on object 'Object Repository/PharmacyRequest/Page_KDMC-Pharmacy/select_--Select--Albendazole'

2018-05-16 19:43:01 - [MESSAGE][PASSED] - All options with index in [12] are selected on object 'Object Repository/PharmacyRequest/Page_KDMC-Pharmacy/select_--Select--Albendazole'

2018-05-16 19:43:01 - [TEST_STEP][PASSED] - setText: Text '10' is set on object 'Object Repository/PharmacyRequest/Page_KDMC-Pharmacy/input_txttreat'

2018-05-16 19:43:02 - [MESSAGE][PASSED] - Text '10' is set on object 'Object Repository/PharmacyRequest/Page_KDMC-Pharmacy/input_txttreat'

2018-05-16 19:43:02 - [TEST_STEP][PASSED] - click: Object: 'Object Repository/PharmacyRequest/Page_KDMC-Pharmacy/button_Add' is clicked on

2018-05-16 19:43:02 - [MESSAGE][PASSED] - Object: 'Object Repository/PharmacyRequest/Page_KDMC-Pharmacy/button_Add' is clicked on

2018-05-16 19:43:02 - [TEST_STEP][PASSED] - selectOptionByIndex: All options with index in [5] are selected on object 'Object Repository/PharmacyRequest/Page_KDMC-Pharmacy/select_--Select--Schedule 1Inj'

2018-05-16 19:43:02 - [MESSAGE][PASSED] - All options with index in [5] are selected on object 'Object Repository/PharmacyRequest/Page_KDMC-Pharmacy/select_--Select--Schedule 1Inj'

2018-05-16 19:43:02 - [TEST_STEP][PASSED] - selectOptionByIndex: All options with index in [13] are selected on object 'Object Repository/PharmacyRequest/Page_KDMC-Pharmacy/select_--Select--Albendazole'

2018-05-16 19:43:02 - [MESSAGE][PASSED] - All options with index in [13] are selected on object 'Object Repository/PharmacyRequest/Page_KDMC-Pharmacy/select_--Select--Albendazole'

2018-05-16 19:43:02 - [TEST_STEP][PASSED] - setText: Text '10' is set on object 'Object Repository/PharmacyRequest/Page_KDMC-Pharmacy/input_txttreat'

2018-05-16 19:43:02 - [MESSAGE][PASSED] - Text '10' is set on object 'Object Repository/PharmacyRequest/Page_KDMC-Pharmacy/input_txttreat'

2018-05-16 19:43:02 - [TEST_STEP][PASSED] - click: Object: 'Object Repository/PharmacyRequest/Page_KDMC-Pharmacy/button_Add' is clicked on

2018-05-16 19:43:02 - [MESSAGE][PASSED] - Object: 'Object Repository/PharmacyRequest/Page_KDMC-Pharmacy/button_Add' is clicked on

2018-05-16 19:43:02 - [TEST_STEP][PASSED] - selectOptionByIndex: All options with index in [5] are selected on object 'Object Repository/PharmacyRequest/Page_KDMC-Pharmacy/select_--Select--Schedule 1Inj'

2018-05-16 19:43:02 - [MESSAGE][PASSED] - All options with index in [5] are selected on object 'Object Repository/PharmacyRequest/Page_KDMC-Pharmacy/select_--Select--Schedule 1Inj'

2018-05-16 19:43:02 - [TEST_STEP][PASSED] - selectOptionByIndex: All options with index in [14] are selected on object 'Object Repository/PharmacyRequest/Page_KDMC-Pharmacy/select_--Select--Albendazole'

2018-05-16 19:43:02 - [MESSAGE][PASSED] - All options with index in [14] are selected on object 'Object Repository/PharmacyRequest/Page_KDMC-Pharmacy/select_--Select--Albendazole'

2018-05-16 19:43:02 - [TEST_STEP][PASSED] - setText: Text '10' is set on object 'Object Repository/PharmacyRequest/Page_KDMC-Pharmacy/input_txttreat'

2018-05-16 19:43:02 - [MESSAGE][PASSED] - Text '10' is set on object 'Object Repository/PharmacyRequest/Page_KDMC-Pharmacy/input_txttreat'

2018-05-16 19:43:02 - [TEST_STEP][PASSED] - click: Object: 'Object Repository/PharmacyRequest/Page_KDMC-Pharmacy/button_Add' is clicked on

2018-05-16 19:43:02 - [MESSAGE][PASSED] - Object: 'Object Repository/PharmacyRequest/Page_KDMC-Pharmacy/button_Add' is clicked on

2018-05-16 19:43:02 - [TEST_STEP][PASSED] - selectOptionByIndex: All options with index in [5] are selected on object 'Object Repository/PharmacyRequest/Page_KDMC-Pharmacy/select_--Select--Schedule 1Inj'

2018-05-16 19:43:03 - [MESSAGE][PASSED] - All options with index in [5] are selected on object 'Object Repository/PharmacyRequest/Page_KDMC-Pharmacy/select_--Select--Schedule 1Inj'

2018-05-16 19:43:03 - [TEST_STEP][PASSED] - selectOptionByIndex: All options with index in [15] are selected on object 'Object Repository/PharmacyRequest/Page_KDMC-Pharmacy/select_--Select--Albendazole'

2018-05-16 19:43:03 - [MESSAGE][PASSED] - All options with index in [15] are selected on object 'Object Repository/PharmacyRequest/Page_KDMC-Pharmacy/select_--Select--Albendazole'

2018-05-16 19:43:03 - [TEST_STEP][PASSED] - setText: Text '10' is set on object 'Object Repository/PharmacyRequest/Page_KDMC-Pharmacy/input_txttreat'

2018-05-16 19:43:03 - [MESSAGE][PASSED] - Text '10' is set on object 'Object Repository/PharmacyRequest/Page_KDMC-Pharmacy/input_txttreat'

2018-05-16 19:43:03 - [TEST_STEP][PASSED] - click: Object: 'Object Repository/PharmacyRequest/Page_KDMC-Pharmacy/button_Add' is clicked on

2018-05-16 19:43:03 - [MESSAGE][PASSED] - Object: 'Object Repository/PharmacyRequest/Page_KDMC-Pharmacy/button_Add' is clicked on

2018-05-16 19:43:03 - [TEST_STEP][PASSED] - selectOptionByIndex: All options with index in [5] are selected on object 'Object Repository/PharmacyRequest/Page_KDMC-Pharmacy/select_--Select--Schedule 1Inj'

2018-05-16 19:43:03 - [MESSAGE][PASSED] - All options with index in [5] are selected on object 'Object Repository/PharmacyRequest/Page_KDMC-Pharmacy/select_--Select--Schedule 1Inj'

2018-05-16 19:43:03 - [TEST_STEP][PASSED] - selectOptionByIndex: All options with index in [16] are selected on object 'Object Repository/PharmacyRequest/Page_KDMC-Pharmacy/select_--Select--Albendazole'

2018-05-16 19:43:03 - [MESSAGE][PASSED] - All options with index in [16] are selected on object 'Object Repository/PharmacyRequest/Page_KDMC-Pharmacy/select_--Select--Albendazole'

2018-05-16 19:43:03 - [TEST_STEP][PASSED] - setText: Text '10' is set on object 'Object Repository/PharmacyRequest/Page_KDMC-Pharmacy/input_txttreat'

2018-05-16 19:43:03 - [MESSAGE][PASSED] - Text '10' is set on object 'Object Repository/PharmacyRequest/Page_KDMC-Pharmacy/input_txttreat'

2018-05-16 19:43:03 - [TEST_STEP][PASSED] - click: Object: 'Object Repository/PharmacyRequest/Page_KDMC-Pharmacy/button_Add' is clicked on

2018-05-16 19:43:03 - [MESSAGE][PASSED] - Object: 'Object Repository/PharmacyRequest/Page_KDMC-Pharmacy/button_Add' is clicked on

2018-05-16 19:43:03 - [TEST_STEP][PASSED] - Statement - RN1 = com.kms.katalon.core.webui.keyword.WebUiBuiltInKeywords.getAttribute(com.kms.katalon.core.testobject.ObjectRepository.findTestObject(PharmacyRequest/Page_KDMC-Pharmacy/input_txtno), "value"): Attribute 'value' of object 'Object Repository/PharmacyRequest/Page_KDMC-Pharmacy/input_txtno' is: 'PRNO/16052018/135'

2018-05-16 19:43:03 - [MESSAGE][PASSED] - Attribute 'value' of object 'Object Repository/PharmacyRequest/Page_KDMC-Pharmacy/input_txtno' is: 'PRNO/16052018/135'

2018-05-16 19:43:03 - [TEST_STEP][PASSED] - Statement - out.println(RN1): null

2018-05-16 19:43:03 - [TEST_STEP][PASSED] - Statement - RID = RN1.split("/")[2]: null

2018-05-16 19:43:03 - [TEST_STEP][PASSED] - scrollToElement: Scroll to object 'Object Repository/PharmacyRequest/Page_KDMC-Pharmacy/input_btnsave' successfully

2018-05-16 19:43:03 - [MESSAGE][PASSED] - Scroll to object 'Object Repository/PharmacyRequest/Page_KDMC-Pharmacy/input_btnsave' successfully

2018-05-16 19:43:03 - [TEST_STEP][PASSED] - click: Object: 'Object Repository/PharmacyRequest/Page_KDMC-Pharmacy/input_btnsave' is clicked on

2018-05-16 19:43:04 - [MESSAGE][PASSED] - Object: 'Object Repository/PharmacyRequest/Page_KDMC-Pharmacy/input_btnsave' is clicked on

2018-05-16 19:43:04 - [TEST_STEP][PASSED] - delay: Delayed 3 second(s)

2018-05-16 19:43:07 - [MESSAGE][PASSED] - Delayed 3 second(s)

2018-05-16 19:43:07 - [TEST_STEP][PASSED] - click: Object: 'Object Repository/PharmacyRequest/Page_KDMC-Pharmacy/button_OK' is clicked on

2018-05-16 19:43:07 - [MESSAGE][PASSED] - Object: 'Object Repository/PharmacyRequest/Page_KDMC-Pharmacy/button_OK' is clicked on

2018-05-16 19:43:07 - [TEST_STEP][PASSED] - delay: Delayed 3 second(s)

2018-05-16 19:43:10 - [MESSAGE][PASSED] - Delayed 3 second(s)

2018-05-16 19:43:10 - [TEST_STEP][PASSED] - click: Object: 'Object Repository/PharmacyRequest/Page_KDMC-Pharmacy/a_Back to Pharmacy' is clicked on

2018-05-16 19:43:11 - [MESSAGE][PASSED] - Object: 'Object Repository/PharmacyRequest/Page_KDMC-Pharmacy/a_Back to Pharmacy' is clicked on

2018-05-16 19:43:11 - [TEST_STEP][PASSED] - delay: Delayed 3 second(s)

2018-05-16 19:43:14 - [MESSAGE][PASSED] - Delayed 3 second(s)

2018-05-16 19:43:14 - [TEST_STEP][PASSED] - click: Object: 'Object Repository/PharmacyRequest/Page_KDMC - Pharmacy/a_dropdown-toggle' is clicked on

2018-05-16 19:43:14 - [MESSAGE][PASSED] - Object: 'Object Repository/PharmacyRequest/Page_KDMC - Pharmacy/a_dropdown-toggle' is clicked on

2018-05-16 19:43:14 - [TEST_STEP][PASSED] - click: Object: 'Object Repository/PharmacyRequest/Page_KDMC - Pharmacy/a_Sign out' is clicked on

2018-05-16 19:43:15 - [MESSAGE][PASSED] - Object: 'Object Repository/PharmacyRequest/Page_KDMC - Pharmacy/a_Sign out' is clicked on

2018-05-16 19:43:15 - [TEST_STEP][PASSED] - delay: Delayed 3 second(s)

2018-05-16 19:43:18 - [MESSAGE][PASSED] - Delayed 3 second(s)

2018-05-16 19:43:18 - [TEST_STEP][PASSED] - click: Object: 'Object Repository/PharmacyRequest/Page_KDMC/a_CMO' is clicked on

2018-05-16 19:43:19 - [MESSAGE][PASSED] - Object: 'Object Repository/PharmacyRequest/Page_KDMC/a_CMO' is clicked on

2018-05-16 19:43:19 - [TEST_STEP][PASSED] - setText: Text 'guru' is set on object 'Object Repository/PharmacyRequest/Page_CMO login/input_txtusername'

2018-05-16 19:43:19 - [MESSAGE][PASSED] - Text 'guru' is set on object 'Object Repository/PharmacyRequest/Page_CMO login/input_txtusername'

2018-05-16 19:43:19 - [TEST_STEP][PASSED] - setText: Text '123' is set on object 'Object Repository/PharmacyRequest/Page_CMO login/input_txtpassword'

2018-05-16 19:43:19 - [MESSAGE][PASSED] - Text '123' is set on object 'Object Repository/PharmacyRequest/Page_CMO login/input_txtpassword'

2018-05-16 19:43:19 - [TEST_STEP][PASSED] - delay: Delayed 3 second(s)

2018-05-16 19:43:22 - [MESSAGE][PASSED] - Delayed 3 second(s)

2018-05-16 19:43:22 - [TEST_STEP][PASSED] - click: Object: 'Object Repository/PharmacyRequest/Page_CMO login/button_Sign in' is clicked on

2018-05-16 19:43:22 - [MESSAGE][PASSED] - Object: 'Object Repository/PharmacyRequest/Page_CMO login/button_Sign in' is clicked on

2018-05-16 19:43:22 - [TEST_STEP][PASSED] - click: Object: 'Object Repository/PharmacyRequest/Page_KDMC - CMO/a_Department Wise Request' is clicked on

2018-05-16 19:43:23 - [MESSAGE][PASSED] - Object: 'Object Repository/PharmacyRequest/Page_KDMC - CMO/a_Department Wise Request' is clicked on

2018-05-16 19:43:23 - [TEST_STEP][PASSED] - selectOptionByIndex: All options with index in [2] are selected on object 'Object Repository/PharmacyRequest/Page_KDMC - CMO/select_--ALL--'

2018-05-16 19:43:23 - [MESSAGE][PASSED] - All options with index in [2] are selected on object 'Object Repository/PharmacyRequest/Page_KDMC - CMO/select_--ALL--'

2018-05-16 19:43:23 - [TEST_STEP][PASSED] - selectOptionByIndex: All options with index in [1] are selected on object 'Object Repository/PharmacyRequest/Page_KDMC - CMO/select_--ALL--                _1'

2018-05-16 19:43:23 - [MESSAGE][PASSED] - All options with index in [1] are selected on object 'Object Repository/PharmacyRequest/Page_KDMC - CMO/select_--ALL--                _1'

2018-05-16 19:43:23 - [TEST_STEP][PASSED] - click: Object: 'Object Repository/PharmacyRequest/Page_KDMC - CMO/input_btnsearch' is clicked on

2018-05-16 19:43:23 - [MESSAGE][PASSED] - Object: 'Object Repository/PharmacyRequest/Page_KDMC - CMO/input_btnsearch' is clicked on

2018-05-16 19:43:23 - [TEST_STEP][PASSED] - Statement - ID = com.kms.katalon.core.webui.keyword.WebUiBuiltInKeywords.modifyObjectProperty(com.kms.katalon.core.testobject.ObjectRepository.findTestObject(PharmacyRequest/Page_KDMC - CMO/input_2), "xpath", "equals", "//*[@id=" + RID + "]", true): Modify property of object successfully

2018-05-16 19:43:23 - [MESSAGE][PASSED] - Modify property of object successfully

2018-05-16 19:43:23 - [TEST_STEP][PASSED] - click: Object: 'Object Repository/PharmacyRequest/Page_KDMC - CMO/input_2' is clicked on

2018-05-16 19:43:24 - [MESSAGE][PASSED] - Object: 'Object Repository/PharmacyRequest/Page_KDMC - CMO/input_2' is clicked on

2018-05-16 19:43:24 - [TEST_STEP][PASSED] - delay: Delayed 3 second(s)

2018-05-16 19:43:27 - [MESSAGE][PASSED] - Delayed 3 second(s)

2018-05-16 19:43:27 - [TEST_STEP][PASSED] - selectOptionByIndex: All options with index in [1] are selected on object 'Object Repository/PharmacyRequest/Page_KDMC - CMO/select_--Select--'

2018-05-16 19:43:27 - [MESSAGE][PASSED] - All options with index in [1] are selected on object 'Object Repository/PharmacyRequest/Page_KDMC - CMO/select_--Select--'

2018-05-16 19:43:27 - [TEST_STEP][PASSED] - click: Object: 'Object Repository/PharmacyRequest/Page_KDMC - CMO/input_btnupdate' is clicked on

2018-05-16 19:43:27 - [MESSAGE][PASSED] - Object: 'Object Repository/PharmacyRequest/Page_KDMC - CMO/input_btnupdate' is clicked on

2018-05-16 19:43:27 - [TEST_STEP][PASSED] - delay: Delayed 3 second(s)

2018-05-16 19:43:30 - [MESSAGE][PASSED] - Delayed 3 second(s)

2018-05-16 19:43:30 - [TEST_STEP][PASSED] - click: Object: 'Object Repository/PharmacyRequest/Page_KDMC - CMO/button_OK' is clicked on

2018-05-16 19:43:30 - [MESSAGE][PASSED] - Object: 'Object Repository/PharmacyRequest/Page_KDMC - CMO/button_OK' is clicked on

2018-05-16 19:43:30 - [TEST_STEP][PASSED] - delay: Delayed 3 second(s)

2018-05-16 19:43:33 - [MESSAGE][PASSED] - Delayed 3 second(s)

2018-05-16 19:43:33 - [TEST_STEP][PASSED] - click: Object: 'Object Repository/PharmacyRequest/Page_KDMC - CMO/a_dropdown-toggle' is clicked on

2018-05-16 19:43:34 - [MESSAGE][PASSED] - Object: 'Object Repository/PharmacyRequest/Page_KDMC - CMO/a_dropdown-toggle' is clicked on

2018-05-16 19:43:34 - [TEST_STEP][PASSED] - click: Object: 'Object Repository/PharmacyRequest/Page_KDMC - CMO/a_Sign out' is clicked on

2018-05-16 19:43:35 - [MESSAGE][PASSED] - Object: 'Object Repository/PharmacyRequest/Page_KDMC - CMO/a_Sign out' is clicked on

2018-05-16 19:43:35 - [TEST_STEP][PASSED] - delay: Delayed 3 second(s)

2018-05-16 19:43:38 - [MESSAGE][PASSED] - Delayed 3 second(s)

2018-05-16 19:43:38 - [TEST_STEP][PASSED] - click: Object: 'Object Repository/PharmacyRequest/Page_KDMC/a_Divisional Store' is clicked on

2018-05-16 19:43:38 - [MESSAGE][PASSED] - Object: 'Object Repository/PharmacyRequest/Page_KDMC/a_Divisional Store' is clicked on

2018-05-16 19:43:38 - [TEST_STEP][PASSED] - setText: Text 'ragu' is set on object 'Object Repository/PharmacyRequest/Page_Divisonal Store Login/input_txtusername'

2018-05-16 19:43:38 - [MESSAGE][PASSED] - Text 'ragu' is set on object 'Object Repository/PharmacyRequest/Page_Divisonal Store Login/input_txtusername'

2018-05-16 19:43:38 - [TEST_STEP][PASSED] - setText: Text '123' is set on object 'Object Repository/PharmacyRequest/Page_Divisonal Store Login/input_txtpassword'

2018-05-16 19:43:38 - [MESSAGE][PASSED] - Text '123' is set on object 'Object Repository/PharmacyRequest/Page_Divisonal Store Login/input_txtpassword'

2018-05-16 19:43:38 - [TEST_STEP][PASSED] - delay: Delayed 3 second(s)

2018-05-16 19:43:41 - [MESSAGE][PASSED] - Delayed 3 second(s)

2018-05-16 19:43:41 - [TEST_STEP][PASSED] - click: Object: 'Object Repository/PharmacyRequest/Page_Divisonal Store Login/button_Sign in' is clicked on

2018-05-16 19:43:42 - [MESSAGE][PASSED] - Object: 'Object Repository/PharmacyRequest/Page_Divisonal Store Login/button_Sign in' is clicked on

2018-05-16 19:43:42 - [TEST_STEP][PASSED] - delay: Delayed 3 second(s)

2018-05-16 19:43:45 - [MESSAGE][PASSED] - Delayed 3 second(s)

2018-05-16 19:43:45 - [TEST_STEP][PASSED] - click: Object: 'Object Repository/PharmacyRequest/Page_Store/a_Pharmacy Request' is clicked on

2018-05-16 19:43:45 - [MESSAGE][PASSED] - Object: 'Object Repository/PharmacyRequest/Page_Store/a_Pharmacy Request' is clicked on

2018-05-16 19:43:45 - [TEST_STEP][PASSED] - click: Object: 'Object Repository/PharmacyRequest/Page_Store/a_Request Item Pharmacy' is clicked on

2018-05-16 19:43:46 - [MESSAGE][PASSED] - Object: 'Object Repository/PharmacyRequest/Page_Store/a_Request Item Pharmacy' is clicked on

2018-05-16 19:43:46 - [TEST_STEP][PASSED] - delay: Delayed 2 second(s)

2018-05-16 19:43:48 - [MESSAGE][PASSED] - Delayed 2 second(s)

2018-05-16 19:43:48 - [TEST_STEP][PASSED] - setText: Text 'PRNO/16052018/135' is set on object 'Object Repository/PharmacyRequest/Page_Store/input'

2018-05-16 19:43:48 - [MESSAGE][PASSED] - Text 'PRNO/16052018/135' is set on object 'Object Repository/PharmacyRequest/Page_Store/input'

2018-05-16 19:43:48 - [TEST_STEP][PASSED] - delay: Delayed 2 second(s)

2018-05-16 19:43:50 - [MESSAGE][PASSED] - Delayed 2 second(s)

2018-05-16 19:43:50 - [TEST_STEP][PASSED] - Statement - ChooseRequest = com.kms.katalon.core.webui.keyword.WebUiBuiltInKeywords.modifyObjectProperty(com.kms.katalon.core.testobject.ObjectRepository.findTestObject(PharmacyRequest/Page_Store/input_2), "xpath", "equals", "//*[@id=" + RID + "]", true): Modify property of object successfully

2018-05-16 19:43:50 - [MESSAGE][PASSED] - Modify property of object successfully

2018-05-16 19:43:50 - [TEST_STEP][PASSED] - click: Object: 'Object Repository/PharmacyRequest/Page_Store/input_2' is clicked on

2018-05-16 19:43:51 - [MESSAGE][PASSED] - Object: 'Object Repository/PharmacyRequest/Page_Store/input_2' is clicked on

2018-05-16 19:43:51 - [TEST_STEP][PASSED] - delay: Delayed 2 second(s)

2018-05-16 19:43:53 - [MESSAGE][PASSED] - Delayed 2 second(s)

2018-05-16 19:43:53 - [TEST_STEP][PASSED] - Statement - selectedoptions = com.kms.katalon.core.webui.keyword.WebUiBuiltInKeywords.getNumberOfTotalOption(com.kms.katalon.core.testobject.ObjectRepository.findTestObject(PharmacyRequest/Page_Store/select_--Select--Amlodepin -5)): 17 options of object 'Object Repository/PharmacyRequest/Page_Store/select_--Select--Amlodepin -5' counted

2018-05-16 19:43:53 - [MESSAGE][PASSED] - 17 options of object 'Object Repository/PharmacyRequest/Page_Store/select_--Select--Amlodepin -5' counted

2018-05-16 19:43:53 - [TEST_STEP][PASSED] - Statement - For ([a = 1, a <= selectedoptions - 1, (a++)]): null

2018-05-16 19:43:53 - [TEST_STEP][PASSED] - selectOptionByIndex: All options with index in [1] are selected on object 'Object Repository/PharmacyRequest/Page_Store/select_--Select--Amlodepin -5'

2018-05-16 19:43:53 - [MESSAGE][PASSED] - All options with index in [1] are selected on object 'Object Repository/PharmacyRequest/Page_Store/select_--Select--Amlodepin -5'

2018-05-16 19:43:53 - [TEST_STEP][PASSED] - delay: Delayed 1 second(s)

2018-05-16 19:43:54 - [MESSAGE][PASSED] - Delayed 1 second(s)

2018-05-16 19:43:54 - [TEST_STEP][PASSED] - Statement - RequestedQty = com.kms.katalon.core.webui.keyword.WebUiBuiltInKeywords.getAttribute(com.kms.katalon.core.testobject.ObjectRepository.findTestObject(PharmacyRequest/Page_Store/input_txttotal), "value"): Attribute 'value' of object 'Object Repository/PharmacyRequest/Page_Store/input_txttotal' is: '10'

2018-05-16 19:43:54 - [MESSAGE][PASSED] - Attribute 'value' of object 'Object Repository/PharmacyRequest/Page_Store/input_txttotal' is: '10'

2018-05-16 19:43:54 - [TEST_STEP][PASSED] - Statement - out.println("Requested QTY : " + RequestedQty): null

2018-05-16 19:43:54 - [TEST_STEP][PASSED] - Statement - BatchNumber = com.kms.katalon.core.webui.keyword.WebUiBuiltInKeywords.getNumberOfTotalOption(com.kms.katalon.core.testobject.ObjectRepository.findTestObject(PharmacyRequest/Page_Store/select_--Select--BA50)): 3 options of object 'Object Repository/PharmacyRequest/Page_Store/select_--Select--BA50' counted

2018-05-16 19:43:54 - [MESSAGE][PASSED] - 3 options of object 'Object Repository/PharmacyRequest/Page_Store/select_--Select--BA50' counted

2018-05-16 19:43:54 - [TEST_STEP][PASSED] - Statement - For ([g = 1, g <= BatchNumber - 1, (g++)]): null

2018-05-16 19:43:54 - [TEST_STEP][PASSED] - selectOptionByIndex: All options with index in [1] are selected on object 'Object Repository/PharmacyRequest/Page_Store/select_--Select--BA50'

2018-05-16 19:43:54 - [MESSAGE][PASSED] - All options with index in [1] are selected on object 'Object Repository/PharmacyRequest/Page_Store/select_--Select--BA50'

2018-05-16 19:43:54 - [TEST_STEP][PASSED] - delay: Delayed 1 second(s)

2018-05-16 19:43:55 - [MESSAGE][PASSED] - Delayed 1 second(s)

2018-05-16 19:43:55 - [TEST_STEP][PASSED] - Statement - StockQty = com.kms.katalon.core.webui.keyword.WebUiBuiltInKeywords.getAttribute(com.kms.katalon.core.testobject.ObjectRepository.findTestObject(PharmacyRequest/Page_Store/input_txtprice), "value"): Attribute 'value' of object 'Object Repository/PharmacyRequest/Page_Store/input_txtprice' is: '2060'

2018-05-16 19:43:55 - [MESSAGE][PASSED] - Attribute 'value' of object 'Object Repository/PharmacyRequest/Page_Store/input_txtprice' is: '2060'

2018-05-16 19:43:55 - [TEST_STEP][PASSED] - Statement - out.println("Stock QTY : " + StockQty): null

2018-05-16 19:43:55 - [TEST_STEP][PASSED] - delay: Delayed 1 second(s)

2018-05-16 19:43:56 - [MESSAGE][PASSED] - Delayed 1 second(s)

2018-05-16 19:43:56 - [TEST_STEP][PASSED] - Statement - If (java.lang.Integer.valueOf(StockQty) >= java.lang.Integer.valueOf(RequestedQty)): null

2018-05-16 19:43:56 - [TEST_STEP][PASSED] - setText: Text '10' is set on object 'Object Repository/PharmacyRequest/Page_Store/input_txtqty'

2018-05-16 19:43:57 - [MESSAGE][PASSED] - Text '10' is set on object 'Object Repository/PharmacyRequest/Page_Store/input_txtqty'

2018-05-16 19:43:57 - [TEST_STEP][PASSED] - click: Object: 'Object Repository/PharmacyRequest/Page_Store/button_Add' is clicked on

2018-05-16 19:43:57 - [MESSAGE][PASSED] - Object: 'Object Repository/PharmacyRequest/Page_Store/button_Add' is clicked on

2018-05-16 19:43:57 - [TEST_STEP][PASSED] - Statement - Break: null

2018-05-16 19:43:57 - [TEST_STEP][PASSED] - selectOptionByIndex: All options with index in [2] are selected on object 'Object Repository/PharmacyRequest/Page_Store/select_--Select--Amlodepin -5'

2018-05-16 19:43:57 - [MESSAGE][PASSED] - All options with index in [2] are selected on object 'Object Repository/PharmacyRequest/Page_Store/select_--Select--Amlodepin -5'

2018-05-16 19:43:57 - [TEST_STEP][PASSED] - delay: Delayed 1 second(s)

2018-05-16 19:43:58 - [MESSAGE][PASSED] - Delayed 1 second(s)

2018-05-16 19:43:58 - [TEST_STEP][PASSED] - Statement - RequestedQty = com.kms.katalon.core.webui.keyword.WebUiBuiltInKeywords.getAttribute(com.kms.katalon.core.testobject.ObjectRepository.findTestObject(PharmacyRequest/Page_Store/input_txttotal), "value"): Attribute 'value' of object 'Object Repository/PharmacyRequest/Page_Store/input_txttotal' is: '10'

2018-05-16 19:43:58 - [MESSAGE][PASSED] - Attribute 'value' of object 'Object Repository/PharmacyRequest/Page_Store/input_txttotal' is: '10'

2018-05-16 19:43:58 - [TEST_STEP][PASSED] - Statement - out.println("Requested QTY : " + RequestedQty): null

2018-05-16 19:43:58 - [TEST_STEP][PASSED] - Statement - BatchNumber = com.kms.katalon.core.webui.keyword.WebUiBuiltInKeywords.getNumberOfTotalOption(com.kms.katalon.core.testobject.ObjectRepository.findTestObject(PharmacyRequest/Page_Store/select_--Select--BA50)): 3 options of object 'Object Repository/PharmacyRequest/Page_Store/select_--Select--BA50' counted

2018-05-16 19:43:58 - [MESSAGE][PASSED] - 3 options of object 'Object Repository/PharmacyRequest/Page_Store/select_--Select--BA50' counted

2018-05-16 19:43:58 - [TEST_STEP][PASSED] - Statement - For ([g = 1, g <= BatchNumber - 1, (g++)]): null

2018-05-16 19:43:58 - [TEST_STEP][PASSED] - selectOptionByIndex: All options with index in [1] are selected on object 'Object Repository/PharmacyRequest/Page_Store/select_--Select--BA50'

2018-05-16 19:43:58 - [MESSAGE][PASSED] - All options with index in [1] are selected on object 'Object Repository/PharmacyRequest/Page_Store/select_--Select--BA50'

2018-05-16 19:43:58 - [TEST_STEP][PASSED] - delay: Delayed 1 second(s)

2018-05-16 19:43:59 - [MESSAGE][PASSED] - Delayed 1 second(s)

2018-05-16 19:43:59 - [TEST_STEP][PASSED] - Statement - StockQty = com.kms.katalon.core.webui.keyword.WebUiBuiltInKeywords.getAttribute(com.kms.katalon.core.testobject.ObjectRepository.findTestObject(PharmacyRequest/Page_Store/input_txtprice), "value"): Attribute 'value' of object 'Object Repository/PharmacyRequest/Page_Store/input_txtprice' is: '1797'

2018-05-16 19:43:59 - [MESSAGE][PASSED] - Attribute 'value' of object 'Object Repository/PharmacyRequest/Page_Store/input_txtprice' is: '1797'

2018-05-16 19:43:59 - [TEST_STEP][PASSED] - Statement - out.println("Stock QTY : " + StockQty): null

2018-05-16 19:43:59 - [TEST_STEP][PASSED] - delay: Delayed 1 second(s)

2018-05-16 19:44:00 - [MESSAGE][PASSED] - Delayed 1 second(s)

2018-05-16 19:44:00 - [TEST_STEP][PASSED] - Statement - If (java.lang.Integer.valueOf(StockQty) >= java.lang.Integer.valueOf(RequestedQty)): null

2018-05-16 19:44:00 - [TEST_STEP][PASSED] - setText: Text '10' is set on object 'Object Repository/PharmacyRequest/Page_Store/input_txtqty'

2018-05-16 19:44:00 - [MESSAGE][PASSED] - Text '10' is set on object 'Object Repository/PharmacyRequest/Page_Store/input_txtqty'

2018-05-16 19:44:00 - [TEST_STEP][PASSED] - click: Object: 'Object Repository/PharmacyRequest/Page_Store/button_Add' is clicked on

2018-05-16 19:44:00 - [MESSAGE][PASSED] - Object: 'Object Repository/PharmacyRequest/Page_Store/button_Add' is clicked on

2018-05-16 19:44:00 - [TEST_STEP][PASSED] - Statement - Break: null

2018-05-16 19:44:00 - [TEST_STEP][PASSED] - selectOptionByIndex: All options with index in [3] are selected on object 'Object Repository/PharmacyRequest/Page_Store/select_--Select--Amlodepin -5'

2018-05-16 19:44:00 - [MESSAGE][PASSED] - All options with index in [3] are selected on object 'Object Repository/PharmacyRequest/Page_Store/select_--Select--Amlodepin -5'

2018-05-16 19:44:00 - [TEST_STEP][PASSED] - delay: Delayed 1 second(s)

2018-05-16 19:44:01 - [MESSAGE][PASSED] - Delayed 1 second(s)

2018-05-16 19:44:01 - [TEST_STEP][PASSED] - Statement - RequestedQty = com.kms.katalon.core.webui.keyword.WebUiBuiltInKeywords.getAttribute(com.kms.katalon.core.testobject.ObjectRepository.findTestObject(PharmacyRequest/Page_Store/input_txttotal), "value"): Attribute 'value' of object 'Object Repository/PharmacyRequest/Page_Store/input_txttotal' is: '10'

2018-05-16 19:44:01 - [MESSAGE][PASSED] - Attribute 'value' of object 'Object Repository/PharmacyRequest/Page_Store/input_txttotal' is: '10'

2018-05-16 19:44:01 - [TEST_STEP][PASSED] - Statement - out.println("Requested QTY : " + RequestedQty): null

2018-05-16 19:44:01 - [TEST_STEP][PASSED] - Statement - BatchNumber = com.kms.katalon.core.webui.keyword.WebUiBuiltInKeywords.getNumberOfTotalOption(com.kms.katalon.core.testobject.ObjectRepository.findTestObject(PharmacyRequest/Page_Store/select_--Select--BA50)): 3 options of object 'Object Repository/PharmacyRequest/Page_Store/select_--Select--BA50' counted

2018-05-16 19:44:01 - [MESSAGE][PASSED] - 3 options of object 'Object Repository/PharmacyRequest/Page_Store/select_--Select--BA50' counted

2018-05-16 19:44:01 - [TEST_STEP][PASSED] - Statement - For ([g = 1, g <= BatchNumber - 1, (g++)]): null

2018-05-16 19:44:01 - [TEST_STEP][PASSED] - selectOptionByIndex: All options with index in [1] are selected on object 'Object Repository/PharmacyRequest/Page_Store/select_--Select--BA50'

2018-05-16 19:44:02 - [MESSAGE][PASSED] - All options with index in [1] are selected on object 'Object Repository/PharmacyRequest/Page_Store/select_--Select--BA50'

2018-05-16 19:44:02 - [TEST_STEP][PASSED] - delay: Delayed 1 second(s)

2018-05-16 19:44:03 - [MESSAGE][PASSED] - Delayed 1 second(s)

2018-05-16 19:44:03 - [TEST_STEP][PASSED] - Statement - StockQty = com.kms.katalon.core.webui.keyword.WebUiBuiltInKeywords.getAttribute(com.kms.katalon.core.testobject.ObjectRepository.findTestObject(PharmacyRequest/Page_Store/input_txtprice), "value"): Attribute 'value' of object 'Object Repository/PharmacyRequest/Page_Store/input_txtprice' is: '1965'

2018-05-16 19:44:03 - [MESSAGE][PASSED] - Attribute 'value' of object 'Object Repository/PharmacyRequest/Page_Store/input_txtprice' is: '1965'

2018-05-16 19:44:03 - [TEST_STEP][PASSED] - Statement - out.println("Stock QTY : " + StockQty): null

2018-05-16 19:44:03 - [TEST_STEP][PASSED] - delay: Delayed 1 second(s)

2018-05-16 19:44:04 - [MESSAGE][PASSED] - Delayed 1 second(s)

2018-05-16 19:44:04 - [TEST_STEP][PASSED] - Statement - If (java.lang.Integer.valueOf(StockQty) >= java.lang.Integer.valueOf(RequestedQty)): null

2018-05-16 19:44:04 - [TEST_STEP][PASSED] - setText: Text '10' is set on object 'Object Repository/PharmacyRequest/Page_Store/input_txtqty'

2018-05-16 19:44:04 - [MESSAGE][PASSED] - Text '10' is set on object 'Object Repository/PharmacyRequest/Page_Store/input_txtqty'

2018-05-16 19:44:04 - [TEST_STEP][PASSED] - click: Object: 'Object Repository/PharmacyRequest/Page_Store/button_Add' is clicked on

2018-05-16 19:44:04 - [MESSAGE][PASSED] - Object: 'Object Repository/PharmacyRequest/Page_Store/button_Add' is clicked on

2018-05-16 19:44:04 - [TEST_STEP][PASSED] - Statement - Break: null

2018-05-16 19:44:04 - [TEST_STEP][PASSED] - selectOptionByIndex: All options with index in [4] are selected on object 'Object Repository/PharmacyRequest/Page_Store/select_--Select--Amlodepin -5'

2018-05-16 19:44:04 - [MESSAGE][PASSED] - All options with index in [4] are selected on object 'Object Repository/PharmacyRequest/Page_Store/select_--Select--Amlodepin -5'

2018-05-16 19:44:04 - [TEST_STEP][PASSED] - delay: Delayed 1 second(s)

2018-05-16 19:44:05 - [MESSAGE][PASSED] - Delayed 1 second(s)

2018-05-16 19:44:05 - [TEST_STEP][PASSED] - Statement - RequestedQty = com.kms.katalon.core.webui.keyword.WebUiBuiltInKeywords.getAttribute(com.kms.katalon.core.testobject.ObjectRepository.findTestObject(PharmacyRequest/Page_Store/input_txttotal), "value"): Attribute 'value' of object 'Object Repository/PharmacyRequest/Page_Store/input_txttotal' is: '10'

2018-05-16 19:44:05 - [MESSAGE][PASSED] - Attribute 'value' of object 'Object Repository/PharmacyRequest/Page_Store/input_txttotal' is: '10'

2018-05-16 19:44:05 - [TEST_STEP][PASSED] - Statement - out.println("Requested QTY : " + RequestedQty): null

2018-05-16 19:44:05 - [TEST_STEP][PASSED] - Statement - BatchNumber = com.kms.katalon.core.webui.keyword.WebUiBuiltInKeywords.getNumberOfTotalOption(com.kms.katalon.core.testobject.ObjectRepository.findTestObject(PharmacyRequest/Page_Store/select_--Select--BA50)): 3 options of object 'Object Repository/PharmacyRequest/Page_Store/select_--Select--BA50' counted

2018-05-16 19:44:05 - [MESSAGE][PASSED] - 3 options of object 'Object Repository/PharmacyRequest/Page_Store/select_--Select--BA50' counted

2018-05-16 19:44:05 - [TEST_STEP][PASSED] - Statement - For ([g = 1, g <= BatchNumber - 1, (g++)]): null

2018-05-16 19:44:05 - [TEST_STEP][PASSED] - selectOptionByIndex: All options with index in [1] are selected on object 'Object Repository/PharmacyRequest/Page_Store/select_--Select--BA50'

2018-05-16 19:44:05 - [MESSAGE][PASSED] - All options with index in [1] are selected on object 'Object Repository/PharmacyRequest/Page_Store/select_--Select--BA50'

2018-05-16 19:44:05 - [TEST_STEP][PASSED] - delay: Delayed 1 second(s)

2018-05-16 19:44:06 - [MESSAGE][PASSED] - Delayed 1 second(s)

2018-05-16 19:44:06 - [TEST_STEP][PASSED] - Statement - StockQty = com.kms.katalon.core.webui.keyword.WebUiBuiltInKeywords.getAttribute(com.kms.katalon.core.testobject.ObjectRepository.findTestObject(PharmacyRequest/Page_Store/input_txtprice), "value"): Attribute 'value' of object 'Object Repository/PharmacyRequest/Page_Store/input_txtprice' is: '1965'

2018-05-16 19:44:06 - [MESSAGE][PASSED] - Attribute 'value' of object 'Object Repository/PharmacyRequest/Page_Store/input_txtprice' is: '1965'

2018-05-16 19:44:06 - [TEST_STEP][PASSED] - Statement - out.println("Stock QTY : " + StockQty): null

2018-05-16 19:44:06 - [TEST_STEP][PASSED] - delay: Delayed 1 second(s)

2018-05-16 19:44:07 - [MESSAGE][PASSED] - Delayed 1 second(s)

2018-05-16 19:44:07 - [TEST_STEP][PASSED] - Statement - If (java.lang.Integer.valueOf(StockQty) >= java.lang.Integer.valueOf(RequestedQty)): null

2018-05-16 19:44:07 - [TEST_STEP][PASSED] - setText: Text '10' is set on object 'Object Repository/PharmacyRequest/Page_Store/input_txtqty'

2018-05-16 19:44:07 - [MESSAGE][PASSED] - Text '10' is set on object 'Object Repository/PharmacyRequest/Page_Store/input_txtqty'

2018-05-16 19:44:07 - [TEST_STEP][PASSED] - click: Object: 'Object Repository/PharmacyRequest/Page_Store/button_Add' is clicked on

2018-05-16 19:44:07 - [MESSAGE][PASSED] - Object: 'Object Repository/PharmacyRequest/Page_Store/button_Add' is clicked on

2018-05-16 19:44:07 - [TEST_STEP][PASSED] - Statement - Break: null

2018-05-16 19:44:07 - [TEST_STEP][PASSED] - selectOptionByIndex: All options with index in [5] are selected on object 'Object Repository/PharmacyRequest/Page_Store/select_--Select--Amlodepin -5'

2018-05-16 19:44:07 - [MESSAGE][PASSED] - All options with index in [5] are selected on object 'Object Repository/PharmacyRequest/Page_Store/select_--Select--Amlodepin -5'

2018-05-16 19:44:07 - [TEST_STEP][PASSED] - delay: Delayed 1 second(s)

2018-05-16 19:44:08 - [MESSAGE][PASSED] - Delayed 1 second(s)

2018-05-16 19:44:08 - [TEST_STEP][PASSED] - Statement - RequestedQty = com.kms.katalon.core.webui.keyword.WebUiBuiltInKeywords.getAttribute(com.kms.katalon.core.testobject.ObjectRepository.findTestObject(PharmacyRequest/Page_Store/input_txttotal), "value"): Attribute 'value' of object 'Object Repository/PharmacyRequest/Page_Store/input_txttotal' is: '10'

2018-05-16 19:44:09 - [MESSAGE][PASSED] - Attribute 'value' of object 'Object Repository/PharmacyRequest/Page_Store/input_txttotal' is: '10'

2018-05-16 19:44:09 - [TEST_STEP][PASSED] - Statement - out.println("Requested QTY : " + RequestedQty): null

2018-05-16 19:44:09 - [TEST_STEP][PASSED] - Statement - BatchNumber = com.kms.katalon.core.webui.keyword.WebUiBuiltInKeywords.getNumberOfTotalOption(com.kms.katalon.core.testobject.ObjectRepository.findTestObject(PharmacyRequest/Page_Store/select_--Select--BA50)): 3 options of object 'Object Repository/PharmacyRequest/Page_Store/select_--Select--BA50' counted

2018-05-16 19:44:09 - [MESSAGE][PASSED] - 3 options of object 'Object Repository/PharmacyRequest/Page_Store/select_--Select--BA50' counted

2018-05-16 19:44:09 - [TEST_STEP][PASSED] - Statement - For ([g = 1, g <= BatchNumber - 1, (g++)]): null

2018-05-16 19:44:09 - [TEST_STEP][PASSED] - selectOptionByIndex: All options with index in [1] are selected on object 'Object Repository/PharmacyRequest/Page_Store/select_--Select--BA50'

2018-05-16 19:44:09 - [MESSAGE][PASSED] - All options with index in [1] are selected on object 'Object Repository/PharmacyRequest/Page_Store/select_--Select--BA50'

2018-05-16 19:44:09 - [TEST_STEP][PASSED] - delay: Delayed 1 second(s)

2018-05-16 19:44:10 - [MESSAGE][PASSED] - Delayed 1 second(s)

2018-05-16 19:44:10 - [TEST_STEP][PASSED] - Statement - StockQty = com.kms.katalon.core.webui.keyword.WebUiBuiltInKeywords.getAttribute(com.kms.katalon.core.testobject.ObjectRepository.findTestObject(PharmacyRequest/Page_Store/input_txtprice), "value"): Attribute 'value' of object 'Object Repository/PharmacyRequest/Page_Store/input_txtprice' is: '1965'

2018-05-16 19:44:10 - [MESSAGE][PASSED] - Attribute 'value' of object 'Object Repository/PharmacyRequest/Page_Store/input_txtprice' is: '1965'

2018-05-16 19:44:10 - [TEST_STEP][PASSED] - Statement - out.println("Stock QTY : " + StockQty): null

2018-05-16 19:44:10 - [TEST_STEP][PASSED] - delay: Delayed 1 second(s)

2018-05-16 19:44:11 - [MESSAGE][PASSED] - Delayed 1 second(s)

2018-05-16 19:44:11 - [TEST_STEP][PASSED] - Statement - If (java.lang.Integer.valueOf(StockQty) >= java.lang.Integer.valueOf(RequestedQty)): null

2018-05-16 19:44:11 - [TEST_STEP][PASSED] - setText: Text '10' is set on object 'Object Repository/PharmacyRequest/Page_Store/input_txtqty'

2018-05-16 19:44:11 - [MESSAGE][PASSED] - Text '10' is set on object 'Object Repository/PharmacyRequest/Page_Store/input_txtqty'

2018-05-16 19:44:11 - [TEST_STEP][PASSED] - click: Object: 'Object Repository/PharmacyRequest/Page_Store/button_Add' is clicked on

2018-05-16 19:44:11 - [MESSAGE][PASSED] - Object: 'Object Repository/PharmacyRequest/Page_Store/button_Add' is clicked on

2018-05-16 19:44:11 - [TEST_STEP][PASSED] - Statement - Break: null

2018-05-16 19:44:11 - [TEST_STEP][PASSED] - selectOptionByIndex: All options with index in [6] are selected on object 'Object Repository/PharmacyRequest/Page_Store/select_--Select--Amlodepin -5'

2018-05-16 19:44:11 - [MESSAGE][PASSED] - All options with index in [6] are selected on object 'Object Repository/PharmacyRequest/Page_Store/select_--Select--Amlodepin -5'

2018-05-16 19:44:11 - [TEST_STEP][PASSED] - delay: Delayed 1 second(s)

2018-05-16 19:44:12 - [MESSAGE][PASSED] - Delayed 1 second(s)

2018-05-16 19:44:12 - [TEST_STEP][PASSED] - Statement - RequestedQty = com.kms.katalon.core.webui.keyword.WebUiBuiltInKeywords.getAttribute(com.kms.katalon.core.testobject.ObjectRepository.findTestObject(PharmacyRequest/Page_Store/input_txttotal), "value"): Attribute 'value' of object 'Object Repository/PharmacyRequest/Page_Store/input_txttotal' is: '10'

2018-05-16 19:44:12 - [MESSAGE][PASSED] - Attribute 'value' of object 'Object Repository/PharmacyRequest/Page_Store/input_txttotal' is: '10'

2018-05-16 19:44:12 - [TEST_STEP][PASSED] - Statement - out.println("Requested QTY : " + RequestedQty): null

2018-05-16 19:44:12 - [TEST_STEP][PASSED] - Statement - BatchNumber = com.kms.katalon.core.webui.keyword.WebUiBuiltInKeywords.getNumberOfTotalOption(com.kms.katalon.core.testobject.ObjectRepository.findTestObject(PharmacyRequest/Page_Store/select_--Select--BA50)): 2 options of object 'Object Repository/PharmacyRequest/Page_Store/select_--Select--BA50' counted

2018-05-16 19:44:12 - [MESSAGE][PASSED] - 2 options of object 'Object Repository/PharmacyRequest/Page_Store/select_--Select--BA50' counted

2018-05-16 19:44:12 - [TEST_STEP][PASSED] - Statement - For ([g = 1, g <= BatchNumber - 1, (g++)]): null

2018-05-16 19:44:12 - [TEST_STEP][PASSED] - selectOptionByIndex: All options with index in [1] are selected on object 'Object Repository/PharmacyRequest/Page_Store/select_--Select--BA50'

2018-05-16 19:44:12 - [MESSAGE][PASSED] - All options with index in [1] are selected on object 'Object Repository/PharmacyRequest/Page_Store/select_--Select--BA50'

2018-05-16 19:44:12 - [TEST_STEP][PASSED] - delay: Delayed 1 second(s)

2018-05-16 19:44:13 - [MESSAGE][PASSED] - Delayed 1 second(s)

2018-05-16 19:44:13 - [TEST_STEP][PASSED] - Statement - StockQty = com.kms.katalon.core.webui.keyword.WebUiBuiltInKeywords.getAttribute(com.kms.katalon.core.testobject.ObjectRepository.findTestObject(PharmacyRequest/Page_Store/input_txtprice), "value"): Attribute 'value' of object 'Object Repository/PharmacyRequest/Page_Store/input_txtprice' is: '9620'

2018-05-16 19:44:13 - [MESSAGE][PASSED] - Attribute 'value' of object 'Object Repository/PharmacyRequest/Page_Store/input_txtprice' is: '9620'

2018-05-16 19:44:13 - [TEST_STEP][PASSED] - Statement - out.println("Stock QTY : " + StockQty): null

2018-05-16 19:44:13 - [TEST_STEP][PASSED] - delay: Delayed 1 second(s)

2018-05-16 19:44:14 - [MESSAGE][PASSED] - Delayed 1 second(s)

2018-05-16 19:44:14 - [TEST_STEP][PASSED] - Statement - If (java.lang.Integer.valueOf(StockQty) >= java.lang.Integer.valueOf(RequestedQty)): null

2018-05-16 19:44:14 - [TEST_STEP][PASSED] - setText: Text '10' is set on object 'Object Repository/PharmacyRequest/Page_Store/input_txtqty'

2018-05-16 19:44:14 - [MESSAGE][PASSED] - Text '10' is set on object 'Object Repository/PharmacyRequest/Page_Store/input_txtqty'

2018-05-16 19:44:14 - [TEST_STEP][PASSED] - click: Object: 'Object Repository/PharmacyRequest/Page_Store/button_Add' is clicked on

2018-05-16 19:44:14 - [MESSAGE][PASSED] - Object: 'Object Repository/PharmacyRequest/Page_Store/button_Add' is clicked on

2018-05-16 19:44:14 - [TEST_STEP][PASSED] - Statement - Break: null

2018-05-16 19:44:14 - [TEST_STEP][PASSED] - selectOptionByIndex: All options with index in [7] are selected on object 'Object Repository/PharmacyRequest/Page_Store/select_--Select--Amlodepin -5'

2018-05-16 19:44:15 - [MESSAGE][PASSED] - All options with index in [7] are selected on object 'Object Repository/PharmacyRequest/Page_Store/select_--Select--Amlodepin -5'

2018-05-16 19:44:15 - [TEST_STEP][PASSED] - delay: Delayed 1 second(s)

2018-05-16 19:44:16 - [MESSAGE][PASSED] - Delayed 1 second(s)

2018-05-16 19:44:16 - [TEST_STEP][PASSED] - Statement - RequestedQty = com.kms.katalon.core.webui.keyword.WebUiBuiltInKeywords.getAttribute(com.kms.katalon.core.testobject.ObjectRepository.findTestObject(PharmacyRequest/Page_Store/input_txttotal), "value"): Attribute 'value' of object 'Object Repository/PharmacyRequest/Page_Store/input_txttotal' is: '10'

2018-05-16 19:44:16 - [MESSAGE][PASSED] - Attribute 'value' of object 'Object Repository/PharmacyRequest/Page_Store/input_txttotal' is: '10'

2018-05-16 19:44:16 - [TEST_STEP][PASSED] - Statement - out.println("Requested QTY : " + RequestedQty): null

2018-05-16 19:44:16 - [TEST_STEP][PASSED] - Statement - BatchNumber = com.kms.katalon.core.webui.keyword.WebUiBuiltInKeywords.getNumberOfTotalOption(com.kms.katalon.core.testobject.ObjectRepository.findTestObject(PharmacyRequest/Page_Store/select_--Select--BA50)): 2 options of object 'Object Repository/PharmacyRequest/Page_Store/select_--Select--BA50' counted

2018-05-16 19:44:16 - [MESSAGE][PASSED] - 2 options of object 'Object Repository/PharmacyRequest/Page_Store/select_--Select--BA50' counted

2018-05-16 19:44:16 - [TEST_STEP][PASSED] - Statement - For ([g = 1, g <= BatchNumber - 1, (g++)]): null

2018-05-16 19:44:16 - [TEST_STEP][PASSED] - selectOptionByIndex: All options with index in [1] are selected on object 'Object Repository/PharmacyRequest/Page_Store/select_--Select--BA50'

2018-05-16 19:44:16 - [MESSAGE][PASSED] - All options with index in [1] are selected on object 'Object Repository/PharmacyRequest/Page_Store/select_--Select--BA50'

2018-05-16 19:44:16 - [TEST_STEP][PASSED] - delay: Delayed 1 second(s)

2018-05-16 19:44:17 - [MESSAGE][PASSED] - Delayed 1 second(s)

2018-05-16 19:44:17 - [TEST_STEP][PASSED] - Statement - StockQty = com.kms.katalon.core.webui.keyword.WebUiBuiltInKeywords.getAttribute(com.kms.katalon.core.testobject.ObjectRepository.findTestObject(PharmacyRequest/Page_Store/input_txtprice), "value"): Attribute 'value' of object 'Object Repository/PharmacyRequest/Page_Store/input_txtprice' is: '9182'

2018-05-16 19:44:17 - [MESSAGE][PASSED] - Attribute 'value' of object 'Object Repository/PharmacyRequest/Page_Store/input_txtprice' is: '9182'

2018-05-16 19:44:17 - [TEST_STEP][PASSED] - Statement - out.println("Stock QTY : " + StockQty): null

2018-05-16 19:44:17 - [TEST_STEP][PASSED] - delay: Delayed 1 second(s)

2018-05-16 19:44:18 - [MESSAGE][PASSED] - Delayed 1 second(s)

2018-05-16 19:44:18 - [TEST_STEP][PASSED] - Statement - If (java.lang.Integer.valueOf(StockQty) >= java.lang.Integer.valueOf(RequestedQty)): null

2018-05-16 19:44:18 - [TEST_STEP][PASSED] - setText: Text '10' is set on object 'Object Repository/PharmacyRequest/Page_Store/input_txtqty'

2018-05-16 19:44:18 - [MESSAGE][PASSED] - Text '10' is set on object 'Object Repository/PharmacyRequest/Page_Store/input_txtqty'

2018-05-16 19:44:18 - [TEST_STEP][PASSED] - click: Object: 'Object Repository/PharmacyRequest/Page_Store/button_Add' is clicked on

2018-05-16 19:44:18 - [MESSAGE][PASSED] - Object: 'Object Repository/PharmacyRequest/Page_Store/button_Add' is clicked on

2018-05-16 19:44:18 - [TEST_STEP][PASSED] - Statement - Break: null

2018-05-16 19:44:18 - [TEST_STEP][PASSED] - selectOptionByIndex: All options with index in [8] are selected on object 'Object Repository/PharmacyRequest/Page_Store/select_--Select--Amlodepin -5'

2018-05-16 19:44:18 - [MESSAGE][PASSED] - All options with index in [8] are selected on object 'Object Repository/PharmacyRequest/Page_Store/select_--Select--Amlodepin -5'

2018-05-16 19:44:18 - [TEST_STEP][PASSED] - delay: Delayed 1 second(s)

2018-05-16 19:44:19 - [MESSAGE][PASSED] - Delayed 1 second(s)

2018-05-16 19:44:19 - [TEST_STEP][PASSED] - Statement - RequestedQty = com.kms.katalon.core.webui.keyword.WebUiBuiltInKeywords.getAttribute(com.kms.katalon.core.testobject.ObjectRepository.findTestObject(PharmacyRequest/Page_Store/input_txttotal), "value"): Attribute 'value' of object 'Object Repository/PharmacyRequest/Page_Store/input_txttotal' is: '10'

2018-05-16 19:44:19 - [MESSAGE][PASSED] - Attribute 'value' of object 'Object Repository/PharmacyRequest/Page_Store/input_txttotal' is: '10'

2018-05-16 19:44:19 - [TEST_STEP][PASSED] - Statement - out.println("Requested QTY : " + RequestedQty): null

2018-05-16 19:44:19 - [TEST_STEP][PASSED] - Statement - BatchNumber = com.kms.katalon.core.webui.keyword.WebUiBuiltInKeywords.getNumberOfTotalOption(com.kms.katalon.core.testobject.ObjectRepository.findTestObject(PharmacyRequest/Page_Store/select_--Select--BA50)): 2 options of object 'Object Repository/PharmacyRequest/Page_Store/select_--Select--BA50' counted

2018-05-16 19:44:19 - [MESSAGE][PASSED] - 2 options of object 'Object Repository/PharmacyRequest/Page_Store/select_--Select--BA50' counted

2018-05-16 19:44:19 - [TEST_STEP][PASSED] - Statement - For ([g = 1, g <= BatchNumber - 1, (g++)]): null

2018-05-16 19:44:19 - [TEST_STEP][PASSED] - selectOptionByIndex: All options with index in [1] are selected on object 'Object Repository/PharmacyRequest/Page_Store/select_--Select--BA50'

2018-05-16 19:44:19 - [MESSAGE][PASSED] - All options with index in [1] are selected on object 'Object Repository/PharmacyRequest/Page_Store/select_--Select--BA50'

2018-05-16 19:44:19 - [TEST_STEP][PASSED] - delay: Delayed 1 second(s)

2018-05-16 19:44:20 - [MESSAGE][PASSED] - Delayed 1 second(s)

2018-05-16 19:44:20 - [TEST_STEP][PASSED] - Statement - StockQty = com.kms.katalon.core.webui.keyword.WebUiBuiltInKeywords.getAttribute(com.kms.katalon.core.testobject.ObjectRepository.findTestObject(PharmacyRequest/Page_Store/input_txtprice), "value"): Attribute 'value' of object 'Object Repository/PharmacyRequest/Page_Store/input_txtprice' is: '9474'

2018-05-16 19:44:20 - [MESSAGE][PASSED] - Attribute 'value' of object 'Object Repository/PharmacyRequest/Page_Store/input_txtprice' is: '9474'

2018-05-16 19:44:20 - [TEST_STEP][PASSED] - Statement - out.println("Stock QTY : " + StockQty): null

2018-05-16 19:44:20 - [TEST_STEP][PASSED] - delay: Delayed 1 second(s)

2018-05-16 19:44:21 - [MESSAGE][PASSED] - Delayed 1 second(s)

2018-05-16 19:44:21 - [TEST_STEP][PASSED] - Statement - If (java.lang.Integer.valueOf(StockQty) >= java.lang.Integer.valueOf(RequestedQty)): null

2018-05-16 19:44:21 - [TEST_STEP][PASSED] - setText: Text '10' is set on object 'Object Repository/PharmacyRequest/Page_Store/input_txtqty'

2018-05-16 19:44:21 - [MESSAGE][PASSED] - Text '10' is set on object 'Object Repository/PharmacyRequest/Page_Store/input_txtqty'

2018-05-16 19:44:21 - [TEST_STEP][PASSED] - click: Object: 'Object Repository/PharmacyRequest/Page_Store/button_Add' is clicked on

2018-05-16 19:44:22 - [MESSAGE][PASSED] - Object: 'Object Repository/PharmacyRequest/Page_Store/button_Add' is clicked on

2018-05-16 19:44:22 - [TEST_STEP][PASSED] - Statement - Break: null

2018-05-16 19:44:22 - [TEST_STEP][PASSED] - selectOptionByIndex: All options with index in [9] are selected on object 'Object Repository/PharmacyRequest/Page_Store/select_--Select--Amlodepin -5'

2018-05-16 19:44:22 - [MESSAGE][PASSED] - All options with index in [9] are selected on object 'Object Repository/PharmacyRequest/Page_Store/select_--Select--Amlodepin -5'

2018-05-16 19:44:22 - [TEST_STEP][PASSED] - delay: Delayed 1 second(s)

2018-05-16 19:44:23 - [MESSAGE][PASSED] - Delayed 1 second(s)

2018-05-16 19:44:23 - [TEST_STEP][PASSED] - Statement - RequestedQty = com.kms.katalon.core.webui.keyword.WebUiBuiltInKeywords.getAttribute(com.kms.katalon.core.testobject.ObjectRepository.findTestObject(PharmacyRequest/Page_Store/input_txttotal), "value"): Attribute 'value' of object 'Object Repository/PharmacyRequest/Page_Store/input_txttotal' is: '10'

2018-05-16 19:44:23 - [MESSAGE][PASSED] - Attribute 'value' of object 'Object Repository/PharmacyRequest/Page_Store/input_txttotal' is: '10'

2018-05-16 19:44:23 - [TEST_STEP][PASSED] - Statement - out.println("Requested QTY : " + RequestedQty): null

2018-05-16 19:44:23 - [TEST_STEP][PASSED] - Statement - BatchNumber = com.kms.katalon.core.webui.keyword.WebUiBuiltInKeywords.getNumberOfTotalOption(com.kms.katalon.core.testobject.ObjectRepository.findTestObject(PharmacyRequest/Page_Store/select_--Select--BA50)): 2 options of object 'Object Repository/PharmacyRequest/Page_Store/select_--Select--BA50' counted

2018-05-16 19:44:23 - [MESSAGE][PASSED] - 2 options of object 'Object Repository/PharmacyRequest/Page_Store/select_--Select--BA50' counted

2018-05-16 19:44:23 - [TEST_STEP][PASSED] - Statement - For ([g = 1, g <= BatchNumber - 1, (g++)]): null

2018-05-16 19:44:23 - [TEST_STEP][PASSED] - selectOptionByIndex: All options with index in [1] are selected on object 'Object Repository/PharmacyRequest/Page_Store/select_--Select--BA50'

2018-05-16 19:44:23 - [MESSAGE][PASSED] - All options with index in [1] are selected on object 'Object Repository/PharmacyRequest/Page_Store/select_--Select--BA50'

2018-05-16 19:44:23 - [TEST_STEP][PASSED] - delay: Delayed 1 second(s)

2018-05-16 19:44:24 - [MESSAGE][PASSED] - Delayed 1 second(s)

2018-05-16 19:44:24 - [TEST_STEP][PASSED] - Statement - StockQty = com.kms.katalon.core.webui.keyword.WebUiBuiltInKeywords.getAttribute(com.kms.katalon.core.testobject.ObjectRepository.findTestObject(PharmacyRequest/Page_Store/input_txtprice), "value"): Attribute 'value' of object 'Object Repository/PharmacyRequest/Page_Store/input_txtprice' is: '9283'

2018-05-16 19:44:24 - [MESSAGE][PASSED] - Attribute 'value' of object 'Object Repository/PharmacyRequest/Page_Store/input_txtprice' is: '9283'

2018-05-16 19:44:24 - [TEST_STEP][PASSED] - Statement - out.println("Stock QTY : " + StockQty): null

2018-05-16 19:44:24 - [TEST_STEP][PASSED] - delay: Delayed 1 second(s)

2018-05-16 19:44:25 - [MESSAGE][PASSED] - Delayed 1 second(s)

2018-05-16 19:44:25 - [TEST_STEP][PASSED] - Statement - If (java.lang.Integer.valueOf(StockQty) >= java.lang.Integer.valueOf(RequestedQty)): null

2018-05-16 19:44:25 - [TEST_STEP][PASSED] - setText: Text '10' is set on object 'Object Repository/PharmacyRequest/Page_Store/input_txtqty'

2018-05-16 19:44:25 - [MESSAGE][PASSED] - Text '10' is set on object 'Object Repository/PharmacyRequest/Page_Store/input_txtqty'

2018-05-16 19:44:25 - [TEST_STEP][PASSED] - click: Object: 'Object Repository/PharmacyRequest/Page_Store/button_Add' is clicked on

2018-05-16 19:44:25 - [MESSAGE][PASSED] - Object: 'Object Repository/PharmacyRequest/Page_Store/button_Add' is clicked on

2018-05-16 19:44:25 - [TEST_STEP][PASSED] - Statement - Break: null

2018-05-16 19:44:25 - [TEST_STEP][PASSED] - selectOptionByIndex: All options with index in [10] are selected on object 'Object Repository/PharmacyRequest/Page_Store/select_--Select--Amlodepin -5'

2018-05-16 19:44:25 - [MESSAGE][PASSED] - All options with index in [10] are selected on object 'Object Repository/PharmacyRequest/Page_Store/select_--Select--Amlodepin -5'

2018-05-16 19:44:25 - [TEST_STEP][PASSED] - delay: Delayed 1 second(s)

2018-05-16 19:44:26 - [MESSAGE][PASSED] - Delayed 1 second(s)

2018-05-16 19:44:26 - [TEST_STEP][PASSED] - Statement - RequestedQty = com.kms.katalon.core.webui.keyword.WebUiBuiltInKeywords.getAttribute(com.kms.katalon.core.testobject.ObjectRepository.findTestObject(PharmacyRequest/Page_Store/input_txttotal), "value"): Attribute 'value' of object 'Object Repository/PharmacyRequest/Page_Store/input_txttotal' is: '10'

2018-05-16 19:44:26 - [MESSAGE][PASSED] - Attribute 'value' of object 'Object Repository/PharmacyRequest/Page_Store/input_txttotal' is: '10'

2018-05-16 19:44:26 - [TEST_STEP][PASSED] - Statement - out.println("Requested QTY : " + RequestedQty): null

2018-05-16 19:44:26 - [TEST_STEP][PASSED] - Statement - BatchNumber = com.kms.katalon.core.webui.keyword.WebUiBuiltInKeywords.getNumberOfTotalOption(com.kms.katalon.core.testobject.ObjectRepository.findTestObject(PharmacyRequest/Page_Store/select_--Select--BA50)): 2 options of object 'Object Repository/PharmacyRequest/Page_Store/select_--Select--BA50' counted

2018-05-16 19:44:26 - [MESSAGE][PASSED] - 2 options of object 'Object Repository/PharmacyRequest/Page_Store/select_--Select--BA50' counted

2018-05-16 19:44:26 - [TEST_STEP][PASSED] - Statement - For ([g = 1, g <= BatchNumber - 1, (g++)]): null

2018-05-16 19:44:26 - [TEST_STEP][PASSED] - selectOptionByIndex: All options with index in [1] are selected on object 'Object Repository/PharmacyRequest/Page_Store/select_--Select--BA50'

2018-05-16 19:44:26 - [MESSAGE][PASSED] - All options with index in [1] are selected on object 'Object Repository/PharmacyRequest/Page_Store/select_--Select--BA50'

2018-05-16 19:44:26 - [TEST_STEP][PASSED] - delay: Delayed 1 second(s)

2018-05-16 19:44:27 - [MESSAGE][PASSED] - Delayed 1 second(s)

2018-05-16 19:44:27 - [TEST_STEP][PASSED] - Statement - StockQty = com.kms.katalon.core.webui.keyword.WebUiBuiltInKeywords.getAttribute(com.kms.katalon.core.testobject.ObjectRepository.findTestObject(PharmacyRequest/Page_Store/input_txtprice), "value"): Attribute 'value' of object 'Object Repository/PharmacyRequest/Page_Store/input_txtprice' is: '9975'

2018-05-16 19:44:28 - [MESSAGE][PASSED] - Attribute 'value' of object 'Object Repository/PharmacyRequest/Page_Store/input_txtprice' is: '9975'

2018-05-16 19:44:28 - [TEST_STEP][PASSED] - Statement - out.println("Stock QTY : " + StockQty): null

2018-05-16 19:44:28 - [TEST_STEP][PASSED] - delay: Delayed 1 second(s)

2018-05-16 19:44:29 - [MESSAGE][PASSED] - Delayed 1 second(s)

2018-05-16 19:44:29 - [TEST_STEP][PASSED] - Statement - If (java.lang.Integer.valueOf(StockQty) >= java.lang.Integer.valueOf(RequestedQty)): null

2018-05-16 19:44:29 - [TEST_STEP][PASSED] - setText: Text '10' is set on object 'Object Repository/PharmacyRequest/Page_Store/input_txtqty'

2018-05-16 19:44:29 - [MESSAGE][PASSED] - Text '10' is set on object 'Object Repository/PharmacyRequest/Page_Store/input_txtqty'

2018-05-16 19:44:29 - [TEST_STEP][PASSED] - click: Object: 'Object Repository/PharmacyRequest/Page_Store/button_Add' is clicked on

2018-05-16 19:44:29 - [MESSAGE][PASSED] - Object: 'Object Repository/PharmacyRequest/Page_Store/button_Add' is clicked on

2018-05-16 19:44:29 - [TEST_STEP][PASSED] - Statement - Break: null

2018-05-16 19:44:29 - [TEST_STEP][PASSED] - selectOptionByIndex: All options with index in [11] are selected on object 'Object Repository/PharmacyRequest/Page_Store/select_--Select--Amlodepin -5'

2018-05-16 19:44:29 - [MESSAGE][PASSED] - All options with index in [11] are selected on object 'Object Repository/PharmacyRequest/Page_Store/select_--Select--Amlodepin -5'

2018-05-16 19:44:29 - [TEST_STEP][PASSED] - delay: Delayed 1 second(s)

2018-05-16 19:44:30 - [MESSAGE][PASSED] - Delayed 1 second(s)

2018-05-16 19:44:30 - [TEST_STEP][PASSED] - Statement - RequestedQty = com.kms.katalon.core.webui.keyword.WebUiBuiltInKeywords.getAttribute(com.kms.katalon.core.testobject.ObjectRepository.findTestObject(PharmacyRequest/Page_Store/input_txttotal), "value"): Attribute 'value' of object 'Object Repository/PharmacyRequest/Page_Store/input_txttotal' is: '10'

2018-05-16 19:44:30 - [MESSAGE][PASSED] - Attribute 'value' of object 'Object Repository/PharmacyRequest/Page_Store/input_txttotal' is: '10'

2018-05-16 19:44:30 - [TEST_STEP][PASSED] - Statement - out.println("Requested QTY : " + RequestedQty): null

2018-05-16 19:44:30 - [TEST_STEP][PASSED] - Statement - BatchNumber = com.kms.katalon.core.webui.keyword.WebUiBuiltInKeywords.getNumberOfTotalOption(com.kms.katalon.core.testobject.ObjectRepository.findTestObject(PharmacyRequest/Page_Store/select_--Select--BA50)): 2 options of object 'Object Repository/PharmacyRequest/Page_Store/select_--Select--BA50' counted

2018-05-16 19:44:30 - [MESSAGE][PASSED] - 2 options of object 'Object Repository/PharmacyRequest/Page_Store/select_--Select--BA50' counted

2018-05-16 19:44:30 - [TEST_STEP][PASSED] - Statement - For ([g = 1, g <= BatchNumber - 1, (g++)]): null

2018-05-16 19:44:30 - [TEST_STEP][PASSED] - selectOptionByIndex: All options with index in [1] are selected on object 'Object Repository/PharmacyRequest/Page_Store/select_--Select--BA50'

2018-05-16 19:44:30 - [MESSAGE][PASSED] - All options with index in [1] are selected on object 'Object Repository/PharmacyRequest/Page_Store/select_--Select--BA50'

2018-05-16 19:44:30 - [TEST_STEP][PASSED] - delay: Delayed 1 second(s)

2018-05-16 19:44:31 - [MESSAGE][PASSED] - Delayed 1 second(s)

2018-05-16 19:44:31 - [TEST_STEP][PASSED] - Statement - StockQty = com.kms.katalon.core.webui.keyword.WebUiBuiltInKeywords.getAttribute(com.kms.katalon.core.testobject.ObjectRepository.findTestObject(PharmacyRequest/Page_Store/input_txtprice), "value"): Attribute 'value' of object 'Object Repository/PharmacyRequest/Page_Store/input_txtprice' is: '9245'

2018-05-16 19:44:31 - [MESSAGE][PASSED] - Attribute 'value' of object 'Object Repository/PharmacyRequest/Page_Store/input_txtprice' is: '9245'

2018-05-16 19:44:31 - [TEST_STEP][PASSED] - Statement - out.println("Stock QTY : " + StockQty): null

2018-05-16 19:44:31 - [TEST_STEP][PASSED] - delay: Delayed 1 second(s)

2018-05-16 19:44:32 - [MESSAGE][PASSED] - Delayed 1 second(s)

2018-05-16 19:44:32 - [TEST_STEP][PASSED] - Statement - If (java.lang.Integer.valueOf(StockQty) >= java.lang.Integer.valueOf(RequestedQty)): null

2018-05-16 19:44:32 - [TEST_STEP][PASSED] - setText: Text '10' is set on object 'Object Repository/PharmacyRequest/Page_Store/input_txtqty'

2018-05-16 19:44:32 - [MESSAGE][PASSED] - Text '10' is set on object 'Object Repository/PharmacyRequest/Page_Store/input_txtqty'

2018-05-16 19:44:32 - [TEST_STEP][PASSED] - click: Object: 'Object Repository/PharmacyRequest/Page_Store/button_Add' is clicked on

2018-05-16 19:44:32 - [MESSAGE][PASSED] - Object: 'Object Repository/PharmacyRequest/Page_Store/button_Add' is clicked on

2018-05-16 19:44:32 - [TEST_STEP][PASSED] - Statement - Break: null

2018-05-16 19:44:32 - [TEST_STEP][PASSED] - selectOptionByIndex: All options with index in [12] are selected on object 'Object Repository/PharmacyRequest/Page_Store/select_--Select--Amlodepin -5'

2018-05-16 19:44:32 - [MESSAGE][PASSED] - All options with index in [12] are selected on object 'Object Repository/PharmacyRequest/Page_Store/select_--Select--Amlodepin -5'

2018-05-16 19:44:32 - [TEST_STEP][PASSED] - delay: Delayed 1 second(s)

2018-05-16 19:44:33 - [MESSAGE][PASSED] - Delayed 1 second(s)

2018-05-16 19:44:33 - [TEST_STEP][PASSED] - Statement - RequestedQty = com.kms.katalon.core.webui.keyword.WebUiBuiltInKeywords.getAttribute(com.kms.katalon.core.testobject.ObjectRepository.findTestObject(PharmacyRequest/Page_Store/input_txttotal), "value"): Attribute 'value' of object 'Object Repository/PharmacyRequest/Page_Store/input_txttotal' is: '10'

2018-05-16 19:44:34 - [MESSAGE][PASSED] - Attribute 'value' of object 'Object Repository/PharmacyRequest/Page_Store/input_txttotal' is: '10'

2018-05-16 19:44:34 - [TEST_STEP][PASSED] - Statement - out.println("Requested QTY : " + RequestedQty): null

2018-05-16 19:44:34 - [TEST_STEP][PASSED] - Statement - BatchNumber = com.kms.katalon.core.webui.keyword.WebUiBuiltInKeywords.getNumberOfTotalOption(com.kms.katalon.core.testobject.ObjectRepository.findTestObject(PharmacyRequest/Page_Store/select_--Select--BA50)): 2 options of object 'Object Repository/PharmacyRequest/Page_Store/select_--Select--BA50' counted

2018-05-16 19:44:34 - [MESSAGE][PASSED] - 2 options of object 'Object Repository/PharmacyRequest/Page_Store/select_--Select--BA50' counted

2018-05-16 19:44:34 - [TEST_STEP][PASSED] - Statement - For ([g = 1, g <= BatchNumber - 1, (g++)]): null

2018-05-16 19:44:34 - [TEST_STEP][PASSED] - selectOptionByIndex: All options with index in [1] are selected on object 'Object Repository/PharmacyRequest/Page_Store/select_--Select--BA50'

2018-05-16 19:44:34 - [MESSAGE][PASSED] - All options with index in [1] are selected on object 'Object Repository/PharmacyRequest/Page_Store/select_--Select--BA50'

2018-05-16 19:44:34 - [TEST_STEP][PASSED] - delay: Delayed 1 second(s)

2018-05-16 19:44:35 - [MESSAGE][PASSED] - Delayed 1 second(s)

2018-05-16 19:44:35 - [TEST_STEP][PASSED] - Statement - StockQty = com.kms.katalon.core.webui.keyword.WebUiBuiltInKeywords.getAttribute(com.kms.katalon.core.testobject.ObjectRepository.findTestObject(PharmacyRequest/Page_Store/input_txtprice), "value"): Attribute 'value' of object 'Object Repository/PharmacyRequest/Page_Store/input_txtprice' is: '9965'

2018-05-16 19:44:35 - [MESSAGE][PASSED] - Attribute 'value' of object 'Object Repository/PharmacyRequest/Page_Store/input_txtprice' is: '9965'

2018-05-16 19:44:35 - [TEST_STEP][PASSED] - Statement - out.println("Stock QTY : " + StockQty): null

2018-05-16 19:44:35 - [TEST_STEP][PASSED] - delay: Delayed 1 second(s)

2018-05-16 19:44:36 - [MESSAGE][PASSED] - Delayed 1 second(s)

2018-05-16 19:44:36 - [TEST_STEP][PASSED] - Statement - If (java.lang.Integer.valueOf(StockQty) >= java.lang.Integer.valueOf(RequestedQty)): null

2018-05-16 19:44:36 - [TEST_STEP][PASSED] - setText: Text '10' is set on object 'Object Repository/PharmacyRequest/Page_Store/input_txtqty'

2018-05-16 19:44:36 - [MESSAGE][PASSED] - Text '10' is set on object 'Object Repository/PharmacyRequest/Page_Store/input_txtqty'

2018-05-16 19:44:36 - [TEST_STEP][PASSED] - click: Object: 'Object Repository/PharmacyRequest/Page_Store/button_Add' is clicked on

2018-05-16 19:44:36 - [MESSAGE][PASSED] - Object: 'Object Repository/PharmacyRequest/Page_Store/button_Add' is clicked on

2018-05-16 19:44:36 - [TEST_STEP][PASSED] - Statement - Break: null

2018-05-16 19:44:36 - [TEST_STEP][PASSED] - selectOptionByIndex: All options with index in [13] are selected on object 'Object Repository/PharmacyRequest/Page_Store/select_--Select--Amlodepin -5'

2018-05-16 19:44:36 - [MESSAGE][PASSED] - All options with index in [13] are selected on object 'Object Repository/PharmacyRequest/Page_Store/select_--Select--Amlodepin -5'

2018-05-16 19:44:36 - [TEST_STEP][PASSED] - delay: Delayed 1 second(s)

2018-05-16 19:44:37 - [MESSAGE][PASSED] - Delayed 1 second(s)

2018-05-16 19:44:37 - [TEST_STEP][PASSED] - Statement - RequestedQty = com.kms.katalon.core.webui.keyword.WebUiBuiltInKeywords.getAttribute(com.kms.katalon.core.testobject.ObjectRepository.findTestObject(PharmacyRequest/Page_Store/input_txttotal), "value"): Attribute 'value' of object 'Object Repository/PharmacyRequest/Page_Store/input_txttotal' is: '10'

2018-05-16 19:44:37 - [MESSAGE][PASSED] - Attribute 'value' of object 'Object Repository/PharmacyRequest/Page_Store/input_txttotal' is: '10'

2018-05-16 19:44:37 - [TEST_STEP][PASSED] - Statement - out.println("Requested QTY : " + RequestedQty): null

2018-05-16 19:44:37 - [TEST_STEP][PASSED] - Statement - BatchNumber = com.kms.katalon.core.webui.keyword.WebUiBuiltInKeywords.getNumberOfTotalOption(com.kms.katalon.core.testobject.ObjectRepository.findTestObject(PharmacyRequest/Page_Store/select_--Select--BA50)): 2 options of object 'Object Repository/PharmacyRequest/Page_Store/select_--Select--BA50' counted

2018-05-16 19:44:37 - [MESSAGE][PASSED] - 2 options of object 'Object Repository/PharmacyRequest/Page_Store/select_--Select--BA50' counted

2018-05-16 19:44:37 - [TEST_STEP][PASSED] - Statement - For ([g = 1, g <= BatchNumber - 1, (g++)]): null

2018-05-16 19:44:37 - [TEST_STEP][PASSED] - selectOptionByIndex: All options with index in [1] are selected on object 'Object Repository/PharmacyRequest/Page_Store/select_--Select--BA50'

2018-05-16 19:44:37 - [MESSAGE][PASSED] - All options with index in [1] are selected on object 'Object Repository/PharmacyRequest/Page_Store/select_--Select--BA50'

2018-05-16 19:44:37 - [TEST_STEP][PASSED] - delay: Delayed 1 second(s)

2018-05-16 19:44:38 - [MESSAGE][PASSED] - Delayed 1 second(s)

2018-05-16 19:44:38 - [TEST_STEP][PASSED] - Statement - StockQty = com.kms.katalon.core.webui.keyword.WebUiBuiltInKeywords.getAttribute(com.kms.katalon.core.testobject.ObjectRepository.findTestObject(PharmacyRequest/Page_Store/input_txtprice), "value"): Attribute 'value' of object 'Object Repository/PharmacyRequest/Page_Store/input_txtprice' is: '9965'

2018-05-16 19:44:38 - [MESSAGE][PASSED] - Attribute 'value' of object 'Object Repository/PharmacyRequest/Page_Store/input_txtprice' is: '9965'

2018-05-16 19:44:38 - [TEST_STEP][PASSED] - Statement - out.println("Stock QTY : " + StockQty): null

2018-05-16 19:44:38 - [TEST_STEP][PASSED] - delay: Delayed 1 second(s)

2018-05-16 19:44:39 - [MESSAGE][PASSED] - Delayed 1 second(s)

2018-05-16 19:44:39 - [TEST_STEP][PASSED] - Statement - If (java.lang.Integer.valueOf(StockQty) >= java.lang.Integer.valueOf(RequestedQty)): null

2018-05-16 19:44:39 - [TEST_STEP][PASSED] - setText: Text '10' is set on object 'Object Repository/PharmacyRequest/Page_Store/input_txtqty'

2018-05-16 19:44:39 - [MESSAGE][PASSED] - Text '10' is set on object 'Object Repository/PharmacyRequest/Page_Store/input_txtqty'

2018-05-16 19:44:39 - [TEST_STEP][PASSED] - click: Object: 'Object Repository/PharmacyRequest/Page_Store/button_Add' is clicked on

2018-05-16 19:44:39 - [MESSAGE][PASSED] - Object: 'Object Repository/PharmacyRequest/Page_Store/button_Add' is clicked on

2018-05-16 19:44:39 - [TEST_STEP][PASSED] - Statement - Break: null

2018-05-16 19:44:39 - [TEST_STEP][PASSED] - selectOptionByIndex: All options with index in [14] are selected on object 'Object Repository/PharmacyRequest/Page_Store/select_--Select--Amlodepin -5'

2018-05-16 19:44:40 - [MESSAGE][PASSED] - All options with index in [14] are selected on object 'Object Repository/PharmacyRequest/Page_Store/select_--Select--Amlodepin -5'

2018-05-16 19:44:40 - [TEST_STEP][PASSED] - delay: Delayed 1 second(s)

2018-05-16 19:44:41 - [MESSAGE][PASSED] - Delayed 1 second(s)

2018-05-16 19:44:41 - [TEST_STEP][PASSED] - Statement - RequestedQty = com.kms.katalon.core.webui.keyword.WebUiBuiltInKeywords.getAttribute(com.kms.katalon.core.testobject.ObjectRepository.findTestObject(PharmacyRequest/Page_Store/input_txttotal), "value"): Attribute 'value' of object 'Object Repository/PharmacyRequest/Page_Store/input_txttotal' is: '10'

2018-05-16 19:44:41 - [MESSAGE][PASSED] - Attribute 'value' of object 'Object Repository/PharmacyRequest/Page_Store/input_txttotal' is: '10'

2018-05-16 19:44:41 - [TEST_STEP][PASSED] - Statement - out.println("Requested QTY : " + RequestedQty): null

2018-05-16 19:44:41 - [TEST_STEP][PASSED] - Statement - BatchNumber = com.kms.katalon.core.webui.keyword.WebUiBuiltInKeywords.getNumberOfTotalOption(com.kms.katalon.core.testobject.ObjectRepository.findTestObject(PharmacyRequest/Page_Store/select_--Select--BA50)): 2 options of object 'Object Repository/PharmacyRequest/Page_Store/select_--Select--BA50' counted

2018-05-16 19:44:41 - [MESSAGE][PASSED] - 2 options of object 'Object Repository/PharmacyRequest/Page_Store/select_--Select--BA50' counted

2018-05-16 19:44:41 - [TEST_STEP][PASSED] - Statement - For ([g = 1, g <= BatchNumber - 1, (g++)]): null

2018-05-16 19:44:41 - [TEST_STEP][PASSED] - selectOptionByIndex: All options with index in [1] are selected on object 'Object Repository/PharmacyRequest/Page_Store/select_--Select--BA50'

2018-05-16 19:44:41 - [MESSAGE][PASSED] - All options with index in [1] are selected on object 'Object Repository/PharmacyRequest/Page_Store/select_--Select--BA50'

2018-05-16 19:44:41 - [TEST_STEP][PASSED] - delay: Delayed 1 second(s)

2018-05-16 19:44:42 - [MESSAGE][PASSED] - Delayed 1 second(s)

2018-05-16 19:44:42 - [TEST_STEP][PASSED] - Statement - StockQty = com.kms.katalon.core.webui.keyword.WebUiBuiltInKeywords.getAttribute(com.kms.katalon.core.testobject.ObjectRepository.findTestObject(PharmacyRequest/Page_Store/input_txtprice), "value"): Attribute 'value' of object 'Object Repository/PharmacyRequest/Page_Store/input_txtprice' is: '9965'

2018-05-16 19:44:42 - [MESSAGE][PASSED] - Attribute 'value' of object 'Object Repository/PharmacyRequest/Page_Store/input_txtprice' is: '9965'

2018-05-16 19:44:42 - [TEST_STEP][PASSED] - Statement - out.println("Stock QTY : " + StockQty): null

2018-05-16 19:44:42 - [TEST_STEP][PASSED] - delay: Delayed 1 second(s)

2018-05-16 19:44:43 - [MESSAGE][PASSED] - Delayed 1 second(s)

2018-05-16 19:44:43 - [TEST_STEP][PASSED] - Statement - If (java.lang.Integer.valueOf(StockQty) >= java.lang.Integer.valueOf(RequestedQty)): null

2018-05-16 19:44:43 - [TEST_STEP][PASSED] - setText: Text '10' is set on object 'Object Repository/PharmacyRequest/Page_Store/input_txtqty'

2018-05-16 19:44:43 - [MESSAGE][PASSED] - Text '10' is set on object 'Object Repository/PharmacyRequest/Page_Store/input_txtqty'

2018-05-16 19:44:43 - [TEST_STEP][PASSED] - click: Object: 'Object Repository/PharmacyRequest/Page_Store/button_Add' is clicked on

2018-05-16 19:44:43 - [MESSAGE][PASSED] - Object: 'Object Repository/PharmacyRequest/Page_Store/button_Add' is clicked on

2018-05-16 19:44:43 - [TEST_STEP][PASSED] - Statement - Break: null

2018-05-16 19:44:43 - [TEST_STEP][PASSED] - selectOptionByIndex: All options with index in [15] are selected on object 'Object Repository/PharmacyRequest/Page_Store/select_--Select--Amlodepin -5'

2018-05-16 19:44:43 - [MESSAGE][PASSED] - All options with index in [15] are selected on object 'Object Repository/PharmacyRequest/Page_Store/select_--Select--Amlodepin -5'

2018-05-16 19:44:43 - [TEST_STEP][PASSED] - delay: Delayed 1 second(s)

2018-05-16 19:44:44 - [MESSAGE][PASSED] - Delayed 1 second(s)

2018-05-16 19:44:44 - [TEST_STEP][PASSED] - Statement - RequestedQty = com.kms.katalon.core.webui.keyword.WebUiBuiltInKeywords.getAttribute(com.kms.katalon.core.testobject.ObjectRepository.findTestObject(PharmacyRequest/Page_Store/input_txttotal), "value"): Attribute 'value' of object 'Object Repository/PharmacyRequest/Page_Store/input_txttotal' is: '10'

2018-05-16 19:44:44 - [MESSAGE][PASSED] - Attribute 'value' of object 'Object Repository/PharmacyRequest/Page_Store/input_txttotal' is: '10'

2018-05-16 19:44:44 - [TEST_STEP][PASSED] - Statement - out.println("Requested QTY : " + RequestedQty): null

2018-05-16 19:44:44 - [TEST_STEP][PASSED] - Statement - BatchNumber = com.kms.katalon.core.webui.keyword.WebUiBuiltInKeywords.getNumberOfTotalOption(com.kms.katalon.core.testobject.ObjectRepository.findTestObject(PharmacyRequest/Page_Store/select_--Select--BA50)): 2 options of object 'Object Repository/PharmacyRequest/Page_Store/select_--Select--BA50' counted

2018-05-16 19:44:44 - [MESSAGE][PASSED] - 2 options of object 'Object Repository/PharmacyRequest/Page_Store/select_--Select--BA50' counted

2018-05-16 19:44:44 - [TEST_STEP][PASSED] - Statement - For ([g = 1, g <= BatchNumber - 1, (g++)]): null

2018-05-16 19:44:44 - [TEST_STEP][PASSED] - selectOptionByIndex: All options with index in [1] are selected on object 'Object Repository/PharmacyRequest/Page_Store/select_--Select--BA50'

2018-05-16 19:44:45 - [MESSAGE][PASSED] - All options with index in [1] are selected on object 'Object Repository/PharmacyRequest/Page_Store/select_--Select--BA50'

2018-05-16 19:44:45 - [TEST_STEP][PASSED] - delay: Delayed 1 second(s)

2018-05-16 19:44:46 - [MESSAGE][PASSED] - Delayed 1 second(s)

2018-05-16 19:44:46 - [TEST_STEP][PASSED] - Statement - StockQty = com.kms.katalon.core.webui.keyword.WebUiBuiltInKeywords.getAttribute(com.kms.katalon.core.testobject.ObjectRepository.findTestObject(PharmacyRequest/Page_Store/input_txtprice), "value"): Attribute 'value' of object 'Object Repository/PharmacyRequest/Page_Store/input_txtprice' is: '9945'

2018-05-16 19:44:46 - [MESSAGE][PASSED] - Attribute 'value' of object 'Object Repository/PharmacyRequest/Page_Store/input_txtprice' is: '9945'

2018-05-16 19:44:46 - [TEST_STEP][PASSED] - Statement - out.println("Stock QTY : " + StockQty): null

2018-05-16 19:44:46 - [TEST_STEP][PASSED] - delay: Delayed 1 second(s)

2018-05-16 19:44:47 - [MESSAGE][PASSED] - Delayed 1 second(s)

2018-05-16 19:44:47 - [TEST_STEP][PASSED] - Statement - If (java.lang.Integer.valueOf(StockQty) >= java.lang.Integer.valueOf(RequestedQty)): null

2018-05-16 19:44:47 - [TEST_STEP][PASSED] - setText: Text '10' is set on object 'Object Repository/PharmacyRequest/Page_Store/input_txtqty'

2018-05-16 19:44:47 - [MESSAGE][PASSED] - Text '10' is set on object 'Object Repository/PharmacyRequest/Page_Store/input_txtqty'

2018-05-16 19:44:47 - [TEST_STEP][PASSED] - click: Object: 'Object Repository/PharmacyRequest/Page_Store/button_Add' is clicked on

2018-05-16 19:44:47 - [MESSAGE][PASSED] - Object: 'Object Repository/PharmacyRequest/Page_Store/button_Add' is clicked on

2018-05-16 19:44:47 - [TEST_STEP][PASSED] - Statement - Break: null

2018-05-16 19:44:47 - [TEST_STEP][PASSED] - selectOptionByIndex: All options with index in [16] are selected on object 'Object Repository/PharmacyRequest/Page_Store/select_--Select--Amlodepin -5'

2018-05-16 19:44:47 - [MESSAGE][PASSED] - All options with index in [16] are selected on object 'Object Repository/PharmacyRequest/Page_Store/select_--Select--Amlodepin -5'

2018-05-16 19:44:47 - [TEST_STEP][PASSED] - delay: Delayed 1 second(s)

2018-05-16 19:44:48 - [MESSAGE][PASSED] - Delayed 1 second(s)

2018-05-16 19:44:48 - [TEST_STEP][PASSED] - Statement - RequestedQty = com.kms.katalon.core.webui.keyword.WebUiBuiltInKeywords.getAttribute(com.kms.katalon.core.testobject.ObjectRepository.findTestObject(PharmacyRequest/Page_Store/input_txttotal), "value"): Attribute 'value' of object 'Object Repository/PharmacyRequest/Page_Store/input_txttotal' is: '10'

2018-05-16 19:44:48 - [MESSAGE][PASSED] - Attribute 'value' of object 'Object Repository/PharmacyRequest/Page_Store/input_txttotal' is: '10'

2018-05-16 19:44:48 - [TEST_STEP][PASSED] - Statement - out.println("Requested QTY : " + RequestedQty): null

2018-05-16 19:44:48 - [TEST_STEP][PASSED] - Statement - BatchNumber = com.kms.katalon.core.webui.keyword.WebUiBuiltInKeywords.getNumberOfTotalOption(com.kms.katalon.core.testobject.ObjectRepository.findTestObject(PharmacyRequest/Page_Store/select_--Select--BA50)): 2 options of object 'Object Repository/PharmacyRequest/Page_Store/select_--Select--BA50' counted

2018-05-16 19:44:48 - [MESSAGE][PASSED] - 2 options of object 'Object Repository/PharmacyRequest/Page_Store/select_--Select--BA50' counted

2018-05-16 19:44:48 - [TEST_STEP][PASSED] - Statement - For ([g = 1, g <= BatchNumber - 1, (g++)]): null

2018-05-16 19:44:48 - [TEST_STEP][PASSED] - selectOptionByIndex: All options with index in [1] are selected on object 'Object Repository/PharmacyRequest/Page_Store/select_--Select--BA50'

2018-05-16 19:44:48 - [MESSAGE][PASSED] - All options with index in [1] are selected on object 'Object Repository/PharmacyRequest/Page_Store/select_--Select--BA50'

2018-05-16 19:44:48 - [TEST_STEP][PASSED] - delay: Delayed 1 second(s)

2018-05-16 19:44:49 - [MESSAGE][PASSED] - Delayed 1 second(s)

2018-05-16 19:44:49 - [TEST_STEP][PASSED] - Statement - StockQty = com.kms.katalon.core.webui.keyword.WebUiBuiltInKeywords.getAttribute(com.kms.katalon.core.testobject.ObjectRepository.findTestObject(PharmacyRequest/Page_Store/input_txtprice), "value"): Attribute 'value' of object 'Object Repository/PharmacyRequest/Page_Store/input_txtprice' is: '9945'

2018-05-16 19:44:49 - [MESSAGE][PASSED] - Attribute 'value' of object 'Object Repository/PharmacyRequest/Page_Store/input_txtprice' is: '9945'

2018-05-16 19:44:49 - [TEST_STEP][PASSED] - Statement - out.println("Stock QTY : " + StockQty): null

2018-05-16 19:44:49 - [TEST_STEP][PASSED] - delay: Delayed 1 second(s)

2018-05-16 19:44:50 - [MESSAGE][PASSED] - Delayed 1 second(s)

2018-05-16 19:44:50 - [TEST_STEP][PASSED] - Statement - If (java.lang.Integer.valueOf(StockQty) >= java.lang.Integer.valueOf(RequestedQty)): null

2018-05-16 19:44:50 - [TEST_STEP][PASSED] - setText: Text '10' is set on object 'Object Repository/PharmacyRequest/Page_Store/input_txtqty'

2018-05-16 19:44:50 - [MESSAGE][PASSED] - Text '10' is set on object 'Object Repository/PharmacyRequest/Page_Store/input_txtqty'

2018-05-16 19:44:50 - [TEST_STEP][PASSED] - click: Object: 'Object Repository/PharmacyRequest/Page_Store/button_Add' is clicked on

2018-05-16 19:44:50 - [MESSAGE][PASSED] - Object: 'Object Repository/PharmacyRequest/Page_Store/button_Add' is clicked on

2018-05-16 19:44:50 - [TEST_STEP][PASSED] - Statement - Break: null

2018-05-16 19:44:50 - [TEST_STEP][PASSED] - scrollToElement: Scroll to object 'Object Repository/PharmacyRequest/Page_Store/input_btnSubmit' successfully

2018-05-16 19:44:51 - [MESSAGE][PASSED] - Scroll to object 'Object Repository/PharmacyRequest/Page_Store/input_btnSubmit' successfully

2018-05-16 19:44:51 - [TEST_STEP][PASSED] - click: Object: 'Object Repository/PharmacyRequest/Page_Store/input_btnSubmit' is clicked on

2018-05-16 19:44:51 - [MESSAGE][PASSED] - Object: 'Object Repository/PharmacyRequest/Page_Store/input_btnSubmit' is clicked on

2018-05-16 19:44:51 - [TEST_STEP][PASSED] - delay: Delayed 3 second(s)

2018-05-16 19:44:54 - [MESSAGE][PASSED] - Delayed 3 second(s)

2018-05-16 19:44:54 - [TEST_STEP][PASSED] - click: Object: 'Object Repository/PharmacyRequest/Page_Store/button_OK' is clicked on

2018-05-16 19:44:54 - [MESSAGE][PASSED] - Object: 'Object Repository/PharmacyRequest/Page_Store/button_OK' is clicked on

2018-05-16 19:44:54 - [TEST_STEP][PASSED] - delay: Delayed 3 second(s)

2018-05-16 19:44:57 - [MESSAGE][PASSED] - Delayed 3 second(s)

2018-05-16 19:44:57 - [TEST_STEP][PASSED] - click: Object: 'Object Repository/PharmacyRequest/Page_Store/a_dropdown-toggle' is clicked on

2018-05-16 19:44:57 - [MESSAGE][PASSED] - Object: 'Object Repository/PharmacyRequest/Page_Store/a_dropdown-toggle' is clicked on

2018-05-16 19:44:57 - [TEST_STEP][PASSED] - click: Object: 'Object Repository/PharmacyRequest/Page_Store/a_Sign out' is clicked on

2018-05-16 19:44:58 - [MESSAGE][PASSED] - Object: 'Object Repository/PharmacyRequest/Page_Store/a_Sign out' is clicked on

2018-05-16 19:44:58 - [TEST_STEP][PASSED] - closeBrowser: Browser is closed

2018-05-16 19:44:58 - [MESSAGE][PASSED] - Browser is closed

2018-05-16 19:44:58 - [TEST_STEP][PASSED] - Statement - out.println("Schedule 5 Pharmacy Request Are Working Successfully"): null]]></system-out>
         <system-err><![CDATA[]]></system-err>
      </testcase>
      <testcase name="Test Cases/PHARMACY TEST CASES/TC_PHAR_006 Verify Schedule 6 Pharmacy Request Are Working Successfully Or Not" classname="Test Cases/PHARMACY TEST CASES/TC_PHAR_006 Verify Schedule 6 Pharmacy Request Are Working Successfully Or Not" status="PASSED">
         <system-out><![CDATA[2018-05-16 19:44:58 - [TEST_CASE][PASSED] - Test Cases/PHARMACY TEST CASES/TC_PHAR_006 Verify Schedule 6 Pharmacy Request Are Working Successfully Or Not: Test Cases/PHARMACY TEST CASES/TC_PHAR_006 Verify Schedule 6 Pharmacy Request Are Working Successfully Or Not

2018-05-16 19:44:58 - [TEST_STEP][PASSED] - openBrowser: Browser is opened with url: ''

2018-05-16 19:45:00 - [MESSAGE][PASSED] - Browser is opened with url: ''

2018-05-16 19:45:00 - [TEST_STEP][PASSED] - Statement - out.println("Verify Schedule 6 Pharmacy Request Are Working Successfully Or Not"): null

2018-05-16 19:45:00 - [TEST_STEP][PASSED] - navigateToUrl: Navigate to 'http://192.168.137.1/multihospital_new/' successfully

2018-05-16 19:45:02 - [MESSAGE][PASSED] - Navigate to 'http://192.168.137.1/multihospital_new/' successfully

2018-05-16 19:45:02 - [TEST_STEP][PASSED] - maximizeWindow: Current window maximized

2018-05-16 19:45:03 - [MESSAGE][PASSED] - Current window maximized

2018-05-16 19:45:03 - [TEST_STEP][PASSED] - click: Object: 'Object Repository/PharmacyRequest/Page_KDMC/a_Pharmacy' is clicked on

2018-05-16 19:45:03 - [MESSAGE][PASSED] - Object: 'Object Repository/PharmacyRequest/Page_KDMC/a_Pharmacy' is clicked on

2018-05-16 19:45:03 - [TEST_STEP][PASSED] - setText: Text 'raja' is set on object 'Object Repository/PharmacyRequest/Page_Pharmacy login/input_txtusername'

2018-05-16 19:45:04 - [MESSAGE][PASSED] - Text 'raja' is set on object 'Object Repository/PharmacyRequest/Page_Pharmacy login/input_txtusername'

2018-05-16 19:45:04 - [TEST_STEP][PASSED] - setText: Text '123' is set on object 'Object Repository/PharmacyRequest/Page_Pharmacy login/input_txtpassword'

2018-05-16 19:45:04 - [MESSAGE][PASSED] - Text '123' is set on object 'Object Repository/PharmacyRequest/Page_Pharmacy login/input_txtpassword'

2018-05-16 19:45:04 - [TEST_STEP][PASSED] - delay: Delayed 3 second(s)

2018-05-16 19:45:07 - [MESSAGE][PASSED] - Delayed 3 second(s)

2018-05-16 19:45:07 - [TEST_STEP][PASSED] - click: Object: 'Object Repository/PharmacyRequest/Page_Pharmacy login/button_Sign in' is clicked on

2018-05-16 19:45:07 - [MESSAGE][PASSED] - Object: 'Object Repository/PharmacyRequest/Page_Pharmacy login/button_Sign in' is clicked on

2018-05-16 19:45:07 - [TEST_STEP][PASSED] - delay: Delayed 3 second(s)

2018-05-16 19:45:10 - [MESSAGE][PASSED] - Delayed 3 second(s)

2018-05-16 19:45:10 - [TEST_STEP][PASSED] - click: Object: 'Object Repository/PharmacyRequest/Page_KDMC - Pharmacy/a_Inventory' is clicked on

2018-05-16 19:45:12 - [MESSAGE][PASSED] - Object: 'Object Repository/PharmacyRequest/Page_KDMC - Pharmacy/a_Inventory' is clicked on

2018-05-16 19:45:12 - [TEST_STEP][PASSED] - delay: Delayed 3 second(s)

2018-05-16 19:45:15 - [MESSAGE][PASSED] - Delayed 3 second(s)

2018-05-16 19:45:15 - [TEST_STEP][PASSED] - click: Object: 'Object Repository/PharmacyRequest/Page_KDMC-Pharmacy/a_Store Request' is clicked on

2018-05-16 19:45:15 - [MESSAGE][PASSED] - Object: 'Object Repository/PharmacyRequest/Page_KDMC-Pharmacy/a_Store Request' is clicked on

2018-05-16 19:45:15 - [TEST_STEP][PASSED] - click: Object: 'Object Repository/PharmacyRequest/Page_KDMC-Pharmacy/a_Medicine Request' is clicked on

2018-05-16 19:45:16 - [MESSAGE][PASSED] - Object: 'Object Repository/PharmacyRequest/Page_KDMC-Pharmacy/a_Medicine Request' is clicked on

2018-05-16 19:45:16 - [TEST_STEP][PASSED] - selectOptionByIndex: All options with index in [6] are selected on object 'Object Repository/PharmacyRequest/Page_KDMC-Pharmacy/select_--Select--Schedule 1Inj'

2018-05-16 19:45:16 - [MESSAGE][PASSED] - All options with index in [6] are selected on object 'Object Repository/PharmacyRequest/Page_KDMC-Pharmacy/select_--Select--Schedule 1Inj'

2018-05-16 19:45:16 - [TEST_STEP][PASSED] - Statement - MedicineLength = com.kms.katalon.core.webui.keyword.WebUiBuiltInKeywords.getNumberOfTotalOption(com.kms.katalon.core.testobject.ObjectRepository.findTestObject(PharmacyRequest/Page_KDMC-Pharmacy/select_--Select--Albendazole)): 14 options of object 'Object Repository/PharmacyRequest/Page_KDMC-Pharmacy/select_--Select--Albendazole' counted

2018-05-16 19:45:16 - [MESSAGE][PASSED] - 14 options of object 'Object Repository/PharmacyRequest/Page_KDMC-Pharmacy/select_--Select--Albendazole' counted

2018-05-16 19:45:16 - [TEST_STEP][PASSED] - Statement - For ([l = 1, l <= MedicineLength - 1, (l++)]): Object: 'Object Repository/PharmacyRequest/Page_KDMC-Pharmacy/button_Add' is clicked on

2018-05-16 19:45:16 - [TEST_STEP][PASSED] - selectOptionByIndex: All options with index in [6] are selected on object 'Object Repository/PharmacyRequest/Page_KDMC-Pharmacy/select_--Select--Schedule 1Inj'

2018-05-16 19:45:16 - [MESSAGE][PASSED] - All options with index in [6] are selected on object 'Object Repository/PharmacyRequest/Page_KDMC-Pharmacy/select_--Select--Schedule 1Inj'

2018-05-16 19:45:16 - [TEST_STEP][PASSED] - selectOptionByIndex: All options with index in [1] are selected on object 'Object Repository/PharmacyRequest/Page_KDMC-Pharmacy/select_--Select--Albendazole'

2018-05-16 19:45:16 - [MESSAGE][PASSED] - All options with index in [1] are selected on object 'Object Repository/PharmacyRequest/Page_KDMC-Pharmacy/select_--Select--Albendazole'

2018-05-16 19:45:16 - [TEST_STEP][PASSED] - setText: Text '10' is set on object 'Object Repository/PharmacyRequest/Page_KDMC-Pharmacy/input_txttreat'

2018-05-16 19:45:16 - [MESSAGE][PASSED] - Text '10' is set on object 'Object Repository/PharmacyRequest/Page_KDMC-Pharmacy/input_txttreat'

2018-05-16 19:45:16 - [TEST_STEP][PASSED] - click: Object: 'Object Repository/PharmacyRequest/Page_KDMC-Pharmacy/button_Add' is clicked on

2018-05-16 19:45:16 - [MESSAGE][PASSED] - Object: 'Object Repository/PharmacyRequest/Page_KDMC-Pharmacy/button_Add' is clicked on

2018-05-16 19:45:16 - [TEST_STEP][PASSED] - selectOptionByIndex: All options with index in [6] are selected on object 'Object Repository/PharmacyRequest/Page_KDMC-Pharmacy/select_--Select--Schedule 1Inj'

2018-05-16 19:45:16 - [MESSAGE][PASSED] - All options with index in [6] are selected on object 'Object Repository/PharmacyRequest/Page_KDMC-Pharmacy/select_--Select--Schedule 1Inj'

2018-05-16 19:45:16 - [TEST_STEP][PASSED] - selectOptionByIndex: All options with index in [2] are selected on object 'Object Repository/PharmacyRequest/Page_KDMC-Pharmacy/select_--Select--Albendazole'

2018-05-16 19:45:17 - [MESSAGE][PASSED] - All options with index in [2] are selected on object 'Object Repository/PharmacyRequest/Page_KDMC-Pharmacy/select_--Select--Albendazole'

2018-05-16 19:45:17 - [TEST_STEP][PASSED] - setText: Text '10' is set on object 'Object Repository/PharmacyRequest/Page_KDMC-Pharmacy/input_txttreat'

2018-05-16 19:45:17 - [MESSAGE][PASSED] - Text '10' is set on object 'Object Repository/PharmacyRequest/Page_KDMC-Pharmacy/input_txttreat'

2018-05-16 19:45:17 - [TEST_STEP][PASSED] - click: Object: 'Object Repository/PharmacyRequest/Page_KDMC-Pharmacy/button_Add' is clicked on

2018-05-16 19:45:17 - [MESSAGE][PASSED] - Object: 'Object Repository/PharmacyRequest/Page_KDMC-Pharmacy/button_Add' is clicked on

2018-05-16 19:45:17 - [TEST_STEP][PASSED] - selectOptionByIndex: All options with index in [6] are selected on object 'Object Repository/PharmacyRequest/Page_KDMC-Pharmacy/select_--Select--Schedule 1Inj'

2018-05-16 19:45:17 - [MESSAGE][PASSED] - All options with index in [6] are selected on object 'Object Repository/PharmacyRequest/Page_KDMC-Pharmacy/select_--Select--Schedule 1Inj'

2018-05-16 19:45:17 - [TEST_STEP][PASSED] - selectOptionByIndex: All options with index in [3] are selected on object 'Object Repository/PharmacyRequest/Page_KDMC-Pharmacy/select_--Select--Albendazole'

2018-05-16 19:45:17 - [MESSAGE][PASSED] - All options with index in [3] are selected on object 'Object Repository/PharmacyRequest/Page_KDMC-Pharmacy/select_--Select--Albendazole'

2018-05-16 19:45:17 - [TEST_STEP][PASSED] - setText: Text '10' is set on object 'Object Repository/PharmacyRequest/Page_KDMC-Pharmacy/input_txttreat'

2018-05-16 19:45:17 - [MESSAGE][PASSED] - Text '10' is set on object 'Object Repository/PharmacyRequest/Page_KDMC-Pharmacy/input_txttreat'

2018-05-16 19:45:17 - [TEST_STEP][PASSED] - click: Object: 'Object Repository/PharmacyRequest/Page_KDMC-Pharmacy/button_Add' is clicked on

2018-05-16 19:45:17 - [MESSAGE][PASSED] - Object: 'Object Repository/PharmacyRequest/Page_KDMC-Pharmacy/button_Add' is clicked on

2018-05-16 19:45:17 - [TEST_STEP][PASSED] - selectOptionByIndex: All options with index in [6] are selected on object 'Object Repository/PharmacyRequest/Page_KDMC-Pharmacy/select_--Select--Schedule 1Inj'

2018-05-16 19:45:17 - [MESSAGE][PASSED] - All options with index in [6] are selected on object 'Object Repository/PharmacyRequest/Page_KDMC-Pharmacy/select_--Select--Schedule 1Inj'

2018-05-16 19:45:17 - [TEST_STEP][PASSED] - selectOptionByIndex: All options with index in [4] are selected on object 'Object Repository/PharmacyRequest/Page_KDMC-Pharmacy/select_--Select--Albendazole'

2018-05-16 19:45:17 - [MESSAGE][PASSED] - All options with index in [4] are selected on object 'Object Repository/PharmacyRequest/Page_KDMC-Pharmacy/select_--Select--Albendazole'

2018-05-16 19:45:17 - [TEST_STEP][PASSED] - setText: Text '10' is set on object 'Object Repository/PharmacyRequest/Page_KDMC-Pharmacy/input_txttreat'

2018-05-16 19:45:17 - [MESSAGE][PASSED] - Text '10' is set on object 'Object Repository/PharmacyRequest/Page_KDMC-Pharmacy/input_txttreat'

2018-05-16 19:45:17 - [TEST_STEP][PASSED] - click: Object: 'Object Repository/PharmacyRequest/Page_KDMC-Pharmacy/button_Add' is clicked on

2018-05-16 19:45:17 - [MESSAGE][PASSED] - Object: 'Object Repository/PharmacyRequest/Page_KDMC-Pharmacy/button_Add' is clicked on

2018-05-16 19:45:17 - [TEST_STEP][PASSED] - selectOptionByIndex: All options with index in [6] are selected on object 'Object Repository/PharmacyRequest/Page_KDMC-Pharmacy/select_--Select--Schedule 1Inj'

2018-05-16 19:45:18 - [MESSAGE][PASSED] - All options with index in [6] are selected on object 'Object Repository/PharmacyRequest/Page_KDMC-Pharmacy/select_--Select--Schedule 1Inj'

2018-05-16 19:45:18 - [TEST_STEP][PASSED] - selectOptionByIndex: All options with index in [5] are selected on object 'Object Repository/PharmacyRequest/Page_KDMC-Pharmacy/select_--Select--Albendazole'

2018-05-16 19:45:18 - [MESSAGE][PASSED] - All options with index in [5] are selected on object 'Object Repository/PharmacyRequest/Page_KDMC-Pharmacy/select_--Select--Albendazole'

2018-05-16 19:45:18 - [TEST_STEP][PASSED] - setText: Text '10' is set on object 'Object Repository/PharmacyRequest/Page_KDMC-Pharmacy/input_txttreat'

2018-05-16 19:45:18 - [MESSAGE][PASSED] - Text '10' is set on object 'Object Repository/PharmacyRequest/Page_KDMC-Pharmacy/input_txttreat'

2018-05-16 19:45:18 - [TEST_STEP][PASSED] - click: Object: 'Object Repository/PharmacyRequest/Page_KDMC-Pharmacy/button_Add' is clicked on

2018-05-16 19:45:18 - [MESSAGE][PASSED] - Object: 'Object Repository/PharmacyRequest/Page_KDMC-Pharmacy/button_Add' is clicked on

2018-05-16 19:45:18 - [TEST_STEP][PASSED] - selectOptionByIndex: All options with index in [6] are selected on object 'Object Repository/PharmacyRequest/Page_KDMC-Pharmacy/select_--Select--Schedule 1Inj'

2018-05-16 19:45:18 - [MESSAGE][PASSED] - All options with index in [6] are selected on object 'Object Repository/PharmacyRequest/Page_KDMC-Pharmacy/select_--Select--Schedule 1Inj'

2018-05-16 19:45:18 - [TEST_STEP][PASSED] - selectOptionByIndex: All options with index in [6] are selected on object 'Object Repository/PharmacyRequest/Page_KDMC-Pharmacy/select_--Select--Albendazole'

2018-05-16 19:45:18 - [MESSAGE][PASSED] - All options with index in [6] are selected on object 'Object Repository/PharmacyRequest/Page_KDMC-Pharmacy/select_--Select--Albendazole'

2018-05-16 19:45:18 - [TEST_STEP][PASSED] - setText: Text '10' is set on object 'Object Repository/PharmacyRequest/Page_KDMC-Pharmacy/input_txttreat'

2018-05-16 19:45:18 - [MESSAGE][PASSED] - Text '10' is set on object 'Object Repository/PharmacyRequest/Page_KDMC-Pharmacy/input_txttreat'

2018-05-16 19:45:18 - [TEST_STEP][PASSED] - click: Object: 'Object Repository/PharmacyRequest/Page_KDMC-Pharmacy/button_Add' is clicked on

2018-05-16 19:45:18 - [MESSAGE][PASSED] - Object: 'Object Repository/PharmacyRequest/Page_KDMC-Pharmacy/button_Add' is clicked on

2018-05-16 19:45:18 - [TEST_STEP][PASSED] - selectOptionByIndex: All options with index in [6] are selected on object 'Object Repository/PharmacyRequest/Page_KDMC-Pharmacy/select_--Select--Schedule 1Inj'

2018-05-16 19:45:18 - [MESSAGE][PASSED] - All options with index in [6] are selected on object 'Object Repository/PharmacyRequest/Page_KDMC-Pharmacy/select_--Select--Schedule 1Inj'

2018-05-16 19:45:18 - [TEST_STEP][PASSED] - selectOptionByIndex: All options with index in [7] are selected on object 'Object Repository/PharmacyRequest/Page_KDMC-Pharmacy/select_--Select--Albendazole'

2018-05-16 19:45:19 - [MESSAGE][PASSED] - All options with index in [7] are selected on object 'Object Repository/PharmacyRequest/Page_KDMC-Pharmacy/select_--Select--Albendazole'

2018-05-16 19:45:19 - [TEST_STEP][PASSED] - setText: Text '10' is set on object 'Object Repository/PharmacyRequest/Page_KDMC-Pharmacy/input_txttreat'

2018-05-16 19:45:19 - [MESSAGE][PASSED] - Text '10' is set on object 'Object Repository/PharmacyRequest/Page_KDMC-Pharmacy/input_txttreat'

2018-05-16 19:45:19 - [TEST_STEP][PASSED] - click: Object: 'Object Repository/PharmacyRequest/Page_KDMC-Pharmacy/button_Add' is clicked on

2018-05-16 19:45:19 - [MESSAGE][PASSED] - Object: 'Object Repository/PharmacyRequest/Page_KDMC-Pharmacy/button_Add' is clicked on

2018-05-16 19:45:19 - [TEST_STEP][PASSED] - selectOptionByIndex: All options with index in [6] are selected on object 'Object Repository/PharmacyRequest/Page_KDMC-Pharmacy/select_--Select--Schedule 1Inj'

2018-05-16 19:45:19 - [MESSAGE][PASSED] - All options with index in [6] are selected on object 'Object Repository/PharmacyRequest/Page_KDMC-Pharmacy/select_--Select--Schedule 1Inj'

2018-05-16 19:45:19 - [TEST_STEP][PASSED] - selectOptionByIndex: All options with index in [8] are selected on object 'Object Repository/PharmacyRequest/Page_KDMC-Pharmacy/select_--Select--Albendazole'

2018-05-16 19:45:19 - [MESSAGE][PASSED] - All options with index in [8] are selected on object 'Object Repository/PharmacyRequest/Page_KDMC-Pharmacy/select_--Select--Albendazole'

2018-05-16 19:45:19 - [TEST_STEP][PASSED] - setText: Text '10' is set on object 'Object Repository/PharmacyRequest/Page_KDMC-Pharmacy/input_txttreat'

2018-05-16 19:45:19 - [MESSAGE][PASSED] - Text '10' is set on object 'Object Repository/PharmacyRequest/Page_KDMC-Pharmacy/input_txttreat'

2018-05-16 19:45:19 - [TEST_STEP][PASSED] - click: Object: 'Object Repository/PharmacyRequest/Page_KDMC-Pharmacy/button_Add' is clicked on

2018-05-16 19:45:19 - [MESSAGE][PASSED] - Object: 'Object Repository/PharmacyRequest/Page_KDMC-Pharmacy/button_Add' is clicked on

2018-05-16 19:45:19 - [TEST_STEP][PASSED] - selectOptionByIndex: All options with index in [6] are selected on object 'Object Repository/PharmacyRequest/Page_KDMC-Pharmacy/select_--Select--Schedule 1Inj'

2018-05-16 19:45:19 - [MESSAGE][PASSED] - All options with index in [6] are selected on object 'Object Repository/PharmacyRequest/Page_KDMC-Pharmacy/select_--Select--Schedule 1Inj'

2018-05-16 19:45:19 - [TEST_STEP][PASSED] - selectOptionByIndex: All options with index in [9] are selected on object 'Object Repository/PharmacyRequest/Page_KDMC-Pharmacy/select_--Select--Albendazole'

2018-05-16 19:45:19 - [MESSAGE][PASSED] - All options with index in [9] are selected on object 'Object Repository/PharmacyRequest/Page_KDMC-Pharmacy/select_--Select--Albendazole'

2018-05-16 19:45:19 - [TEST_STEP][PASSED] - setText: Text '10' is set on object 'Object Repository/PharmacyRequest/Page_KDMC-Pharmacy/input_txttreat'

2018-05-16 19:45:20 - [MESSAGE][PASSED] - Text '10' is set on object 'Object Repository/PharmacyRequest/Page_KDMC-Pharmacy/input_txttreat'

2018-05-16 19:45:20 - [TEST_STEP][PASSED] - click: Object: 'Object Repository/PharmacyRequest/Page_KDMC-Pharmacy/button_Add' is clicked on

2018-05-16 19:45:20 - [MESSAGE][PASSED] - Object: 'Object Repository/PharmacyRequest/Page_KDMC-Pharmacy/button_Add' is clicked on

2018-05-16 19:45:20 - [TEST_STEP][PASSED] - selectOptionByIndex: All options with index in [6] are selected on object 'Object Repository/PharmacyRequest/Page_KDMC-Pharmacy/select_--Select--Schedule 1Inj'

2018-05-16 19:45:20 - [MESSAGE][PASSED] - All options with index in [6] are selected on object 'Object Repository/PharmacyRequest/Page_KDMC-Pharmacy/select_--Select--Schedule 1Inj'

2018-05-16 19:45:20 - [TEST_STEP][PASSED] - selectOptionByIndex: All options with index in [10] are selected on object 'Object Repository/PharmacyRequest/Page_KDMC-Pharmacy/select_--Select--Albendazole'

2018-05-16 19:45:20 - [MESSAGE][PASSED] - All options with index in [10] are selected on object 'Object Repository/PharmacyRequest/Page_KDMC-Pharmacy/select_--Select--Albendazole'

2018-05-16 19:45:20 - [TEST_STEP][PASSED] - setText: Text '10' is set on object 'Object Repository/PharmacyRequest/Page_KDMC-Pharmacy/input_txttreat'

2018-05-16 19:45:20 - [MESSAGE][PASSED] - Text '10' is set on object 'Object Repository/PharmacyRequest/Page_KDMC-Pharmacy/input_txttreat'

2018-05-16 19:45:20 - [TEST_STEP][PASSED] - click: Object: 'Object Repository/PharmacyRequest/Page_KDMC-Pharmacy/button_Add' is clicked on

2018-05-16 19:45:20 - [MESSAGE][PASSED] - Object: 'Object Repository/PharmacyRequest/Page_KDMC-Pharmacy/button_Add' is clicked on

2018-05-16 19:45:20 - [TEST_STEP][PASSED] - selectOptionByIndex: All options with index in [6] are selected on object 'Object Repository/PharmacyRequest/Page_KDMC-Pharmacy/select_--Select--Schedule 1Inj'

2018-05-16 19:45:20 - [MESSAGE][PASSED] - All options with index in [6] are selected on object 'Object Repository/PharmacyRequest/Page_KDMC-Pharmacy/select_--Select--Schedule 1Inj'

2018-05-16 19:45:20 - [TEST_STEP][PASSED] - selectOptionByIndex: All options with index in [11] are selected on object 'Object Repository/PharmacyRequest/Page_KDMC-Pharmacy/select_--Select--Albendazole'

2018-05-16 19:45:20 - [MESSAGE][PASSED] - All options with index in [11] are selected on object 'Object Repository/PharmacyRequest/Page_KDMC-Pharmacy/select_--Select--Albendazole'

2018-05-16 19:45:20 - [TEST_STEP][PASSED] - setText: Text '10' is set on object 'Object Repository/PharmacyRequest/Page_KDMC-Pharmacy/input_txttreat'

2018-05-16 19:45:20 - [MESSAGE][PASSED] - Text '10' is set on object 'Object Repository/PharmacyRequest/Page_KDMC-Pharmacy/input_txttreat'

2018-05-16 19:45:20 - [TEST_STEP][PASSED] - click: Object: 'Object Repository/PharmacyRequest/Page_KDMC-Pharmacy/button_Add' is clicked on

2018-05-16 19:45:20 - [MESSAGE][PASSED] - Object: 'Object Repository/PharmacyRequest/Page_KDMC-Pharmacy/button_Add' is clicked on

2018-05-16 19:45:20 - [TEST_STEP][PASSED] - selectOptionByIndex: All options with index in [6] are selected on object 'Object Repository/PharmacyRequest/Page_KDMC-Pharmacy/select_--Select--Schedule 1Inj'

2018-05-16 19:45:21 - [MESSAGE][PASSED] - All options with index in [6] are selected on object 'Object Repository/PharmacyRequest/Page_KDMC-Pharmacy/select_--Select--Schedule 1Inj'

2018-05-16 19:45:21 - [TEST_STEP][PASSED] - selectOptionByIndex: All options with index in [12] are selected on object 'Object Repository/PharmacyRequest/Page_KDMC-Pharmacy/select_--Select--Albendazole'

2018-05-16 19:45:21 - [MESSAGE][PASSED] - All options with index in [12] are selected on object 'Object Repository/PharmacyRequest/Page_KDMC-Pharmacy/select_--Select--Albendazole'

2018-05-16 19:45:21 - [TEST_STEP][PASSED] - setText: Text '10' is set on object 'Object Repository/PharmacyRequest/Page_KDMC-Pharmacy/input_txttreat'

2018-05-16 19:45:21 - [MESSAGE][PASSED] - Text '10' is set on object 'Object Repository/PharmacyRequest/Page_KDMC-Pharmacy/input_txttreat'

2018-05-16 19:45:21 - [TEST_STEP][PASSED] - click: Object: 'Object Repository/PharmacyRequest/Page_KDMC-Pharmacy/button_Add' is clicked on

2018-05-16 19:45:21 - [MESSAGE][PASSED] - Object: 'Object Repository/PharmacyRequest/Page_KDMC-Pharmacy/button_Add' is clicked on

2018-05-16 19:45:21 - [TEST_STEP][PASSED] - selectOptionByIndex: All options with index in [6] are selected on object 'Object Repository/PharmacyRequest/Page_KDMC-Pharmacy/select_--Select--Schedule 1Inj'

2018-05-16 19:45:21 - [MESSAGE][PASSED] - All options with index in [6] are selected on object 'Object Repository/PharmacyRequest/Page_KDMC-Pharmacy/select_--Select--Schedule 1Inj'

2018-05-16 19:45:21 - [TEST_STEP][PASSED] - selectOptionByIndex: All options with index in [13] are selected on object 'Object Repository/PharmacyRequest/Page_KDMC-Pharmacy/select_--Select--Albendazole'

2018-05-16 19:45:21 - [MESSAGE][PASSED] - All options with index in [13] are selected on object 'Object Repository/PharmacyRequest/Page_KDMC-Pharmacy/select_--Select--Albendazole'

2018-05-16 19:45:21 - [TEST_STEP][PASSED] - setText: Text '10' is set on object 'Object Repository/PharmacyRequest/Page_KDMC-Pharmacy/input_txttreat'

2018-05-16 19:45:21 - [MESSAGE][PASSED] - Text '10' is set on object 'Object Repository/PharmacyRequest/Page_KDMC-Pharmacy/input_txttreat'

2018-05-16 19:45:21 - [TEST_STEP][PASSED] - click: Object: 'Object Repository/PharmacyRequest/Page_KDMC-Pharmacy/button_Add' is clicked on

2018-05-16 19:45:21 - [MESSAGE][PASSED] - Object: 'Object Repository/PharmacyRequest/Page_KDMC-Pharmacy/button_Add' is clicked on

2018-05-16 19:45:21 - [TEST_STEP][PASSED] - Statement - RN1 = com.kms.katalon.core.webui.keyword.WebUiBuiltInKeywords.getAttribute(com.kms.katalon.core.testobject.ObjectRepository.findTestObject(PharmacyRequest/Page_KDMC-Pharmacy/input_txtno), "value"): Attribute 'value' of object 'Object Repository/PharmacyRequest/Page_KDMC-Pharmacy/input_txtno' is: 'PRNO/16052018/136'

2018-05-16 19:45:21 - [MESSAGE][PASSED] - Attribute 'value' of object 'Object Repository/PharmacyRequest/Page_KDMC-Pharmacy/input_txtno' is: 'PRNO/16052018/136'

2018-05-16 19:45:21 - [TEST_STEP][PASSED] - Statement - out.println(RN1): null

2018-05-16 19:45:21 - [TEST_STEP][PASSED] - Statement - RID = RN1.split("/")[2]: null

2018-05-16 19:45:21 - [TEST_STEP][PASSED] - scrollToElement: Scroll to object 'Object Repository/PharmacyRequest/Page_KDMC-Pharmacy/input_btnsave' successfully

2018-05-16 19:45:21 - [MESSAGE][PASSED] - Scroll to object 'Object Repository/PharmacyRequest/Page_KDMC-Pharmacy/input_btnsave' successfully

2018-05-16 19:45:21 - [TEST_STEP][PASSED] - click: Object: 'Object Repository/PharmacyRequest/Page_KDMC-Pharmacy/input_btnsave' is clicked on

2018-05-16 19:45:22 - [MESSAGE][PASSED] - Object: 'Object Repository/PharmacyRequest/Page_KDMC-Pharmacy/input_btnsave' is clicked on

2018-05-16 19:45:22 - [TEST_STEP][PASSED] - delay: Delayed 3 second(s)

2018-05-16 19:45:25 - [MESSAGE][PASSED] - Delayed 3 second(s)

2018-05-16 19:45:25 - [TEST_STEP][PASSED] - click: Object: 'Object Repository/PharmacyRequest/Page_KDMC-Pharmacy/button_OK' is clicked on

2018-05-16 19:45:25 - [MESSAGE][PASSED] - Object: 'Object Repository/PharmacyRequest/Page_KDMC-Pharmacy/button_OK' is clicked on

2018-05-16 19:45:25 - [TEST_STEP][PASSED] - delay: Delayed 3 second(s)

2018-05-16 19:45:28 - [MESSAGE][PASSED] - Delayed 3 second(s)

2018-05-16 19:45:28 - [TEST_STEP][PASSED] - click: Object: 'Object Repository/PharmacyRequest/Page_KDMC-Pharmacy/a_Back to Pharmacy' is clicked on

2018-05-16 19:45:29 - [MESSAGE][PASSED] - Object: 'Object Repository/PharmacyRequest/Page_KDMC-Pharmacy/a_Back to Pharmacy' is clicked on

2018-05-16 19:45:29 - [TEST_STEP][PASSED] - delay: Delayed 3 second(s)

2018-05-16 19:45:32 - [MESSAGE][PASSED] - Delayed 3 second(s)

2018-05-16 19:45:32 - [TEST_STEP][PASSED] - click: Object: 'Object Repository/PharmacyRequest/Page_KDMC - Pharmacy/a_dropdown-toggle' is clicked on

2018-05-16 19:45:32 - [MESSAGE][PASSED] - Object: 'Object Repository/PharmacyRequest/Page_KDMC - Pharmacy/a_dropdown-toggle' is clicked on

2018-05-16 19:45:32 - [TEST_STEP][PASSED] - click: Object: 'Object Repository/PharmacyRequest/Page_KDMC - Pharmacy/a_Sign out' is clicked on

2018-05-16 19:45:33 - [MESSAGE][PASSED] - Object: 'Object Repository/PharmacyRequest/Page_KDMC - Pharmacy/a_Sign out' is clicked on

2018-05-16 19:45:33 - [TEST_STEP][PASSED] - delay: Delayed 3 second(s)

2018-05-16 19:45:36 - [MESSAGE][PASSED] - Delayed 3 second(s)

2018-05-16 19:45:36 - [TEST_STEP][PASSED] - click: Object: 'Object Repository/PharmacyRequest/Page_KDMC/a_CMO' is clicked on

2018-05-16 19:45:36 - [MESSAGE][PASSED] - Object: 'Object Repository/PharmacyRequest/Page_KDMC/a_CMO' is clicked on

2018-05-16 19:45:36 - [TEST_STEP][PASSED] - setText: Text 'guru' is set on object 'Object Repository/PharmacyRequest/Page_CMO login/input_txtusername'

2018-05-16 19:45:36 - [MESSAGE][PASSED] - Text 'guru' is set on object 'Object Repository/PharmacyRequest/Page_CMO login/input_txtusername'

2018-05-16 19:45:36 - [TEST_STEP][PASSED] - setText: Text '123' is set on object 'Object Repository/PharmacyRequest/Page_CMO login/input_txtpassword'

2018-05-16 19:45:36 - [MESSAGE][PASSED] - Text '123' is set on object 'Object Repository/PharmacyRequest/Page_CMO login/input_txtpassword'

2018-05-16 19:45:36 - [TEST_STEP][PASSED] - delay: Delayed 3 second(s)

2018-05-16 19:45:39 - [MESSAGE][PASSED] - Delayed 3 second(s)

2018-05-16 19:45:39 - [TEST_STEP][PASSED] - click: Object: 'Object Repository/PharmacyRequest/Page_CMO login/button_Sign in' is clicked on

2018-05-16 19:45:40 - [MESSAGE][PASSED] - Object: 'Object Repository/PharmacyRequest/Page_CMO login/button_Sign in' is clicked on

2018-05-16 19:45:40 - [TEST_STEP][PASSED] - click: Object: 'Object Repository/PharmacyRequest/Page_KDMC - CMO/a_Department Wise Request' is clicked on

2018-05-16 19:45:40 - [MESSAGE][PASSED] - Object: 'Object Repository/PharmacyRequest/Page_KDMC - CMO/a_Department Wise Request' is clicked on

2018-05-16 19:45:40 - [TEST_STEP][PASSED] - selectOptionByIndex: All options with index in [2] are selected on object 'Object Repository/PharmacyRequest/Page_KDMC - CMO/select_--ALL--'

2018-05-16 19:45:40 - [MESSAGE][PASSED] - All options with index in [2] are selected on object 'Object Repository/PharmacyRequest/Page_KDMC - CMO/select_--ALL--'

2018-05-16 19:45:40 - [TEST_STEP][PASSED] - selectOptionByIndex: All options with index in [1] are selected on object 'Object Repository/PharmacyRequest/Page_KDMC - CMO/select_--ALL--                _1'

2018-05-16 19:45:40 - [MESSAGE][PASSED] - All options with index in [1] are selected on object 'Object Repository/PharmacyRequest/Page_KDMC - CMO/select_--ALL--                _1'

2018-05-16 19:45:40 - [TEST_STEP][PASSED] - click: Object: 'Object Repository/PharmacyRequest/Page_KDMC - CMO/input_btnsearch' is clicked on

2018-05-16 19:45:40 - [MESSAGE][PASSED] - Object: 'Object Repository/PharmacyRequest/Page_KDMC - CMO/input_btnsearch' is clicked on

2018-05-16 19:45:40 - [TEST_STEP][PASSED] - Statement - ID = com.kms.katalon.core.webui.keyword.WebUiBuiltInKeywords.modifyObjectProperty(com.kms.katalon.core.testobject.ObjectRepository.findTestObject(PharmacyRequest/Page_KDMC - CMO/input_2), "xpath", "equals", "//*[@id=" + RID + "]", true): Modify property of object successfully

2018-05-16 19:45:40 - [MESSAGE][PASSED] - Modify property of object successfully

2018-05-16 19:45:40 - [TEST_STEP][PASSED] - click: Object: 'Object Repository/PharmacyRequest/Page_KDMC - CMO/input_2' is clicked on

2018-05-16 19:45:41 - [MESSAGE][PASSED] - Object: 'Object Repository/PharmacyRequest/Page_KDMC - CMO/input_2' is clicked on

2018-05-16 19:45:41 - [TEST_STEP][PASSED] - delay: Delayed 3 second(s)

2018-05-16 19:45:44 - [MESSAGE][PASSED] - Delayed 3 second(s)

2018-05-16 19:45:44 - [TEST_STEP][PASSED] - selectOptionByIndex: All options with index in [1] are selected on object 'Object Repository/PharmacyRequest/Page_KDMC - CMO/select_--Select--'

2018-05-16 19:45:44 - [MESSAGE][PASSED] - All options with index in [1] are selected on object 'Object Repository/PharmacyRequest/Page_KDMC - CMO/select_--Select--'

2018-05-16 19:45:44 - [TEST_STEP][PASSED] - click: Object: 'Object Repository/PharmacyRequest/Page_KDMC - CMO/input_btnupdate' is clicked on

2018-05-16 19:45:44 - [MESSAGE][PASSED] - Object: 'Object Repository/PharmacyRequest/Page_KDMC - CMO/input_btnupdate' is clicked on

2018-05-16 19:45:44 - [TEST_STEP][PASSED] - delay: Delayed 3 second(s)

2018-05-16 19:45:47 - [MESSAGE][PASSED] - Delayed 3 second(s)

2018-05-16 19:45:47 - [TEST_STEP][PASSED] - click: Object: 'Object Repository/PharmacyRequest/Page_KDMC - CMO/button_OK' is clicked on

2018-05-16 19:45:48 - [MESSAGE][PASSED] - Object: 'Object Repository/PharmacyRequest/Page_KDMC - CMO/button_OK' is clicked on

2018-05-16 19:45:48 - [TEST_STEP][PASSED] - delay: Delayed 3 second(s)

2018-05-16 19:45:51 - [MESSAGE][PASSED] - Delayed 3 second(s)

2018-05-16 19:45:51 - [TEST_STEP][PASSED] - click: Object: 'Object Repository/PharmacyRequest/Page_KDMC - CMO/a_dropdown-toggle' is clicked on

2018-05-16 19:45:51 - [MESSAGE][PASSED] - Object: 'Object Repository/PharmacyRequest/Page_KDMC - CMO/a_dropdown-toggle' is clicked on

2018-05-16 19:45:51 - [TEST_STEP][PASSED] - click: Object: 'Object Repository/PharmacyRequest/Page_KDMC - CMO/a_Sign out' is clicked on

2018-05-16 19:45:51 - [MESSAGE][PASSED] - Object: 'Object Repository/PharmacyRequest/Page_KDMC - CMO/a_Sign out' is clicked on

2018-05-16 19:45:51 - [TEST_STEP][PASSED] - delay: Delayed 3 second(s)

2018-05-16 19:45:54 - [MESSAGE][PASSED] - Delayed 3 second(s)

2018-05-16 19:45:54 - [TEST_STEP][PASSED] - click: Object: 'Object Repository/PharmacyRequest/Page_KDMC/a_Divisional Store' is clicked on

2018-05-16 19:45:55 - [MESSAGE][PASSED] - Object: 'Object Repository/PharmacyRequest/Page_KDMC/a_Divisional Store' is clicked on

2018-05-16 19:45:55 - [TEST_STEP][PASSED] - setText: Text 'ragu' is set on object 'Object Repository/PharmacyRequest/Page_Divisonal Store Login/input_txtusername'

2018-05-16 19:45:55 - [MESSAGE][PASSED] - Text 'ragu' is set on object 'Object Repository/PharmacyRequest/Page_Divisonal Store Login/input_txtusername'

2018-05-16 19:45:55 - [TEST_STEP][PASSED] - setText: Text '123' is set on object 'Object Repository/PharmacyRequest/Page_Divisonal Store Login/input_txtpassword'

2018-05-16 19:45:55 - [MESSAGE][PASSED] - Text '123' is set on object 'Object Repository/PharmacyRequest/Page_Divisonal Store Login/input_txtpassword'

2018-05-16 19:45:55 - [TEST_STEP][PASSED] - delay: Delayed 3 second(s)

2018-05-16 19:45:58 - [MESSAGE][PASSED] - Delayed 3 second(s)

2018-05-16 19:45:58 - [TEST_STEP][PASSED] - click: Object: 'Object Repository/PharmacyRequest/Page_Divisonal Store Login/button_Sign in' is clicked on

2018-05-16 19:45:59 - [MESSAGE][PASSED] - Object: 'Object Repository/PharmacyRequest/Page_Divisonal Store Login/button_Sign in' is clicked on

2018-05-16 19:45:59 - [TEST_STEP][PASSED] - delay: Delayed 3 second(s)

2018-05-16 19:46:02 - [MESSAGE][PASSED] - Delayed 3 second(s)

2018-05-16 19:46:02 - [TEST_STEP][PASSED] - click: Object: 'Object Repository/PharmacyRequest/Page_Store/a_Pharmacy Request' is clicked on

2018-05-16 19:46:02 - [MESSAGE][PASSED] - Object: 'Object Repository/PharmacyRequest/Page_Store/a_Pharmacy Request' is clicked on

2018-05-16 19:46:02 - [TEST_STEP][PASSED] - click: Object: 'Object Repository/PharmacyRequest/Page_Store/a_Request Item Pharmacy' is clicked on

2018-05-16 19:46:02 - [MESSAGE][PASSED] - Object: 'Object Repository/PharmacyRequest/Page_Store/a_Request Item Pharmacy' is clicked on

2018-05-16 19:46:02 - [TEST_STEP][PASSED] - delay: Delayed 2 second(s)

2018-05-16 19:46:04 - [MESSAGE][PASSED] - Delayed 2 second(s)

2018-05-16 19:46:04 - [TEST_STEP][PASSED] - setText: Text 'PRNO/16052018/136' is set on object 'Object Repository/PharmacyRequest/Page_Store/input'

2018-05-16 19:46:05 - [MESSAGE][PASSED] - Text 'PRNO/16052018/136' is set on object 'Object Repository/PharmacyRequest/Page_Store/input'

2018-05-16 19:46:05 - [TEST_STEP][PASSED] - delay: Delayed 2 second(s)

2018-05-16 19:46:07 - [MESSAGE][PASSED] - Delayed 2 second(s)

2018-05-16 19:46:07 - [TEST_STEP][PASSED] - Statement - ChooseRequest = com.kms.katalon.core.webui.keyword.WebUiBuiltInKeywords.modifyObjectProperty(com.kms.katalon.core.testobject.ObjectRepository.findTestObject(PharmacyRequest/Page_Store/input_2), "xpath", "equals", "//*[@id=" + RID + "]", true): Modify property of object successfully

2018-05-16 19:46:07 - [MESSAGE][PASSED] - Modify property of object successfully

2018-05-16 19:46:07 - [TEST_STEP][PASSED] - click: Object: 'Object Repository/PharmacyRequest/Page_Store/input_2' is clicked on

2018-05-16 19:46:07 - [MESSAGE][PASSED] - Object: 'Object Repository/PharmacyRequest/Page_Store/input_2' is clicked on

2018-05-16 19:46:07 - [TEST_STEP][PASSED] - delay: Delayed 2 second(s)

2018-05-16 19:46:09 - [MESSAGE][PASSED] - Delayed 2 second(s)

2018-05-16 19:46:09 - [TEST_STEP][PASSED] - Statement - selectedoptions = com.kms.katalon.core.webui.keyword.WebUiBuiltInKeywords.getNumberOfTotalOption(com.kms.katalon.core.testobject.ObjectRepository.findTestObject(PharmacyRequest/Page_Store/select_--Select--Amlodepin -5)): 14 options of object 'Object Repository/PharmacyRequest/Page_Store/select_--Select--Amlodepin -5' counted

2018-05-16 19:46:09 - [MESSAGE][PASSED] - 14 options of object 'Object Repository/PharmacyRequest/Page_Store/select_--Select--Amlodepin -5' counted

2018-05-16 19:46:09 - [TEST_STEP][PASSED] - Statement - For ([a = 1, a <= selectedoptions - 1, (a++)]): null

2018-05-16 19:46:09 - [TEST_STEP][PASSED] - selectOptionByIndex: All options with index in [1] are selected on object 'Object Repository/PharmacyRequest/Page_Store/select_--Select--Amlodepin -5'

2018-05-16 19:46:09 - [MESSAGE][PASSED] - All options with index in [1] are selected on object 'Object Repository/PharmacyRequest/Page_Store/select_--Select--Amlodepin -5'

2018-05-16 19:46:09 - [TEST_STEP][PASSED] - delay: Delayed 1 second(s)

2018-05-16 19:46:10 - [MESSAGE][PASSED] - Delayed 1 second(s)

2018-05-16 19:46:10 - [TEST_STEP][PASSED] - Statement - RequestedQty = com.kms.katalon.core.webui.keyword.WebUiBuiltInKeywords.getAttribute(com.kms.katalon.core.testobject.ObjectRepository.findTestObject(PharmacyRequest/Page_Store/input_txttotal), "value"): Attribute 'value' of object 'Object Repository/PharmacyRequest/Page_Store/input_txttotal' is: '10'

2018-05-16 19:46:10 - [MESSAGE][PASSED] - Attribute 'value' of object 'Object Repository/PharmacyRequest/Page_Store/input_txttotal' is: '10'

2018-05-16 19:46:10 - [TEST_STEP][PASSED] - Statement - out.println("Requested QTY : " + RequestedQty): null

2018-05-16 19:46:10 - [TEST_STEP][PASSED] - Statement - BatchNumber = com.kms.katalon.core.webui.keyword.WebUiBuiltInKeywords.getNumberOfTotalOption(com.kms.katalon.core.testobject.ObjectRepository.findTestObject(PharmacyRequest/Page_Store/select_--Select--BA50)): 3 options of object 'Object Repository/PharmacyRequest/Page_Store/select_--Select--BA50' counted

2018-05-16 19:46:10 - [MESSAGE][PASSED] - 3 options of object 'Object Repository/PharmacyRequest/Page_Store/select_--Select--BA50' counted

2018-05-16 19:46:10 - [TEST_STEP][PASSED] - Statement - For ([g = 1, g <= BatchNumber - 1, (g++)]): null

2018-05-16 19:46:10 - [TEST_STEP][PASSED] - selectOptionByIndex: All options with index in [1] are selected on object 'Object Repository/PharmacyRequest/Page_Store/select_--Select--BA50'

2018-05-16 19:46:11 - [MESSAGE][PASSED] - All options with index in [1] are selected on object 'Object Repository/PharmacyRequest/Page_Store/select_--Select--BA50'

2018-05-16 19:46:11 - [TEST_STEP][PASSED] - delay: Delayed 1 second(s)

2018-05-16 19:46:12 - [MESSAGE][PASSED] - Delayed 1 second(s)

2018-05-16 19:46:12 - [TEST_STEP][PASSED] - Statement - StockQty = com.kms.katalon.core.webui.keyword.WebUiBuiltInKeywords.getAttribute(com.kms.katalon.core.testobject.ObjectRepository.findTestObject(PharmacyRequest/Page_Store/input_txtprice), "value"): Attribute 'value' of object 'Object Repository/PharmacyRequest/Page_Store/input_txtprice' is: '100'

2018-05-16 19:46:12 - [MESSAGE][PASSED] - Attribute 'value' of object 'Object Repository/PharmacyRequest/Page_Store/input_txtprice' is: '100'

2018-05-16 19:46:12 - [TEST_STEP][PASSED] - Statement - out.println("Stock QTY : " + StockQty): null

2018-05-16 19:46:12 - [TEST_STEP][PASSED] - delay: Delayed 1 second(s)

2018-05-16 19:46:13 - [MESSAGE][PASSED] - Delayed 1 second(s)

2018-05-16 19:46:13 - [TEST_STEP][PASSED] - Statement - If (java.lang.Integer.valueOf(StockQty) >= java.lang.Integer.valueOf(RequestedQty)): null

2018-05-16 19:46:13 - [TEST_STEP][PASSED] - setText: Text '10' is set on object 'Object Repository/PharmacyRequest/Page_Store/input_txtqty'

2018-05-16 19:46:13 - [MESSAGE][PASSED] - Text '10' is set on object 'Object Repository/PharmacyRequest/Page_Store/input_txtqty'

2018-05-16 19:46:13 - [TEST_STEP][PASSED] - click: Object: 'Object Repository/PharmacyRequest/Page_Store/button_Add' is clicked on

2018-05-16 19:46:13 - [MESSAGE][PASSED] - Object: 'Object Repository/PharmacyRequest/Page_Store/button_Add' is clicked on

2018-05-16 19:46:13 - [TEST_STEP][PASSED] - Statement - Break: null

2018-05-16 19:46:13 - [TEST_STEP][PASSED] - selectOptionByIndex: All options with index in [2] are selected on object 'Object Repository/PharmacyRequest/Page_Store/select_--Select--Amlodepin -5'

2018-05-16 19:46:13 - [MESSAGE][PASSED] - All options with index in [2] are selected on object 'Object Repository/PharmacyRequest/Page_Store/select_--Select--Amlodepin -5'

2018-05-16 19:46:13 - [TEST_STEP][PASSED] - delay: Delayed 1 second(s)

2018-05-16 19:46:14 - [MESSAGE][PASSED] - Delayed 1 second(s)

2018-05-16 19:46:14 - [TEST_STEP][PASSED] - Statement - RequestedQty = com.kms.katalon.core.webui.keyword.WebUiBuiltInKeywords.getAttribute(com.kms.katalon.core.testobject.ObjectRepository.findTestObject(PharmacyRequest/Page_Store/input_txttotal), "value"): Attribute 'value' of object 'Object Repository/PharmacyRequest/Page_Store/input_txttotal' is: '10'

2018-05-16 19:46:14 - [MESSAGE][PASSED] - Attribute 'value' of object 'Object Repository/PharmacyRequest/Page_Store/input_txttotal' is: '10'

2018-05-16 19:46:14 - [TEST_STEP][PASSED] - Statement - out.println("Requested QTY : " + RequestedQty): null

2018-05-16 19:46:14 - [TEST_STEP][PASSED] - Statement - BatchNumber = com.kms.katalon.core.webui.keyword.WebUiBuiltInKeywords.getNumberOfTotalOption(com.kms.katalon.core.testobject.ObjectRepository.findTestObject(PharmacyRequest/Page_Store/select_--Select--BA50)): 3 options of object 'Object Repository/PharmacyRequest/Page_Store/select_--Select--BA50' counted

2018-05-16 19:46:14 - [MESSAGE][PASSED] - 3 options of object 'Object Repository/PharmacyRequest/Page_Store/select_--Select--BA50' counted

2018-05-16 19:46:14 - [TEST_STEP][PASSED] - Statement - For ([g = 1, g <= BatchNumber - 1, (g++)]): null

2018-05-16 19:46:14 - [TEST_STEP][PASSED] - selectOptionByIndex: All options with index in [1] are selected on object 'Object Repository/PharmacyRequest/Page_Store/select_--Select--BA50'

2018-05-16 19:46:14 - [MESSAGE][PASSED] - All options with index in [1] are selected on object 'Object Repository/PharmacyRequest/Page_Store/select_--Select--BA50'

2018-05-16 19:46:14 - [TEST_STEP][PASSED] - delay: Delayed 1 second(s)

2018-05-16 19:46:15 - [MESSAGE][PASSED] - Delayed 1 second(s)

2018-05-16 19:46:15 - [TEST_STEP][PASSED] - Statement - StockQty = com.kms.katalon.core.webui.keyword.WebUiBuiltInKeywords.getAttribute(com.kms.katalon.core.testobject.ObjectRepository.findTestObject(PharmacyRequest/Page_Store/input_txtprice), "value"): Attribute 'value' of object 'Object Repository/PharmacyRequest/Page_Store/input_txtprice' is: '100'

2018-05-16 19:46:15 - [MESSAGE][PASSED] - Attribute 'value' of object 'Object Repository/PharmacyRequest/Page_Store/input_txtprice' is: '100'

2018-05-16 19:46:15 - [TEST_STEP][PASSED] - Statement - out.println("Stock QTY : " + StockQty): null

2018-05-16 19:46:15 - [TEST_STEP][PASSED] - delay: Delayed 1 second(s)

2018-05-16 19:46:16 - [MESSAGE][PASSED] - Delayed 1 second(s)

2018-05-16 19:46:16 - [TEST_STEP][PASSED] - Statement - If (java.lang.Integer.valueOf(StockQty) >= java.lang.Integer.valueOf(RequestedQty)): null

2018-05-16 19:46:16 - [TEST_STEP][PASSED] - setText: Text '10' is set on object 'Object Repository/PharmacyRequest/Page_Store/input_txtqty'

2018-05-16 19:46:16 - [MESSAGE][PASSED] - Text '10' is set on object 'Object Repository/PharmacyRequest/Page_Store/input_txtqty'

2018-05-16 19:46:16 - [TEST_STEP][PASSED] - click: Object: 'Object Repository/PharmacyRequest/Page_Store/button_Add' is clicked on

2018-05-16 19:46:16 - [MESSAGE][PASSED] - Object: 'Object Repository/PharmacyRequest/Page_Store/button_Add' is clicked on

2018-05-16 19:46:16 - [TEST_STEP][PASSED] - Statement - Break: null

2018-05-16 19:46:16 - [TEST_STEP][PASSED] - selectOptionByIndex: All options with index in [3] are selected on object 'Object Repository/PharmacyRequest/Page_Store/select_--Select--Amlodepin -5'

2018-05-16 19:46:16 - [MESSAGE][PASSED] - All options with index in [3] are selected on object 'Object Repository/PharmacyRequest/Page_Store/select_--Select--Amlodepin -5'

2018-05-16 19:46:16 - [TEST_STEP][PASSED] - delay: Delayed 1 second(s)

2018-05-16 19:46:17 - [MESSAGE][PASSED] - Delayed 1 second(s)

2018-05-16 19:46:17 - [TEST_STEP][PASSED] - Statement - RequestedQty = com.kms.katalon.core.webui.keyword.WebUiBuiltInKeywords.getAttribute(com.kms.katalon.core.testobject.ObjectRepository.findTestObject(PharmacyRequest/Page_Store/input_txttotal), "value"): Attribute 'value' of object 'Object Repository/PharmacyRequest/Page_Store/input_txttotal' is: '10'

2018-05-16 19:46:18 - [MESSAGE][PASSED] - Attribute 'value' of object 'Object Repository/PharmacyRequest/Page_Store/input_txttotal' is: '10'

2018-05-16 19:46:18 - [TEST_STEP][PASSED] - Statement - out.println("Requested QTY : " + RequestedQty): null

2018-05-16 19:46:18 - [TEST_STEP][PASSED] - Statement - BatchNumber = com.kms.katalon.core.webui.keyword.WebUiBuiltInKeywords.getNumberOfTotalOption(com.kms.katalon.core.testobject.ObjectRepository.findTestObject(PharmacyRequest/Page_Store/select_--Select--BA50)): 2 options of object 'Object Repository/PharmacyRequest/Page_Store/select_--Select--BA50' counted

2018-05-16 19:46:18 - [MESSAGE][PASSED] - 2 options of object 'Object Repository/PharmacyRequest/Page_Store/select_--Select--BA50' counted

2018-05-16 19:46:18 - [TEST_STEP][PASSED] - Statement - For ([g = 1, g <= BatchNumber - 1, (g++)]): null

2018-05-16 19:46:18 - [TEST_STEP][PASSED] - selectOptionByIndex: All options with index in [1] are selected on object 'Object Repository/PharmacyRequest/Page_Store/select_--Select--BA50'

2018-05-16 19:46:18 - [MESSAGE][PASSED] - All options with index in [1] are selected on object 'Object Repository/PharmacyRequest/Page_Store/select_--Select--BA50'

2018-05-16 19:46:18 - [TEST_STEP][PASSED] - delay: Delayed 1 second(s)

2018-05-16 19:46:19 - [MESSAGE][PASSED] - Delayed 1 second(s)

2018-05-16 19:46:19 - [TEST_STEP][PASSED] - Statement - StockQty = com.kms.katalon.core.webui.keyword.WebUiBuiltInKeywords.getAttribute(com.kms.katalon.core.testobject.ObjectRepository.findTestObject(PharmacyRequest/Page_Store/input_txtprice), "value"): Attribute 'value' of object 'Object Repository/PharmacyRequest/Page_Store/input_txtprice' is: '140'

2018-05-16 19:46:19 - [MESSAGE][PASSED] - Attribute 'value' of object 'Object Repository/PharmacyRequest/Page_Store/input_txtprice' is: '140'

2018-05-16 19:46:19 - [TEST_STEP][PASSED] - Statement - out.println("Stock QTY : " + StockQty): null

2018-05-16 19:46:19 - [TEST_STEP][PASSED] - delay: Delayed 1 second(s)

2018-05-16 19:46:20 - [MESSAGE][PASSED] - Delayed 1 second(s)

2018-05-16 19:46:20 - [TEST_STEP][PASSED] - Statement - If (java.lang.Integer.valueOf(StockQty) >= java.lang.Integer.valueOf(RequestedQty)): null

2018-05-16 19:46:20 - [TEST_STEP][PASSED] - setText: Text '10' is set on object 'Object Repository/PharmacyRequest/Page_Store/input_txtqty'

2018-05-16 19:46:20 - [MESSAGE][PASSED] - Text '10' is set on object 'Object Repository/PharmacyRequest/Page_Store/input_txtqty'

2018-05-16 19:46:20 - [TEST_STEP][PASSED] - click: Object: 'Object Repository/PharmacyRequest/Page_Store/button_Add' is clicked on

2018-05-16 19:46:20 - [MESSAGE][PASSED] - Object: 'Object Repository/PharmacyRequest/Page_Store/button_Add' is clicked on

2018-05-16 19:46:20 - [TEST_STEP][PASSED] - Statement - Break: null

2018-05-16 19:46:20 - [TEST_STEP][PASSED] - selectOptionByIndex: All options with index in [4] are selected on object 'Object Repository/PharmacyRequest/Page_Store/select_--Select--Amlodepin -5'

2018-05-16 19:46:20 - [MESSAGE][PASSED] - All options with index in [4] are selected on object 'Object Repository/PharmacyRequest/Page_Store/select_--Select--Amlodepin -5'

2018-05-16 19:46:20 - [TEST_STEP][PASSED] - delay: Delayed 1 second(s)

2018-05-16 19:46:21 - [MESSAGE][PASSED] - Delayed 1 second(s)

2018-05-16 19:46:21 - [TEST_STEP][PASSED] - Statement - RequestedQty = com.kms.katalon.core.webui.keyword.WebUiBuiltInKeywords.getAttribute(com.kms.katalon.core.testobject.ObjectRepository.findTestObject(PharmacyRequest/Page_Store/input_txttotal), "value"): Attribute 'value' of object 'Object Repository/PharmacyRequest/Page_Store/input_txttotal' is: '10'

2018-05-16 19:46:21 - [MESSAGE][PASSED] - Attribute 'value' of object 'Object Repository/PharmacyRequest/Page_Store/input_txttotal' is: '10'

2018-05-16 19:46:21 - [TEST_STEP][PASSED] - Statement - out.println("Requested QTY : " + RequestedQty): null

2018-05-16 19:46:21 - [TEST_STEP][PASSED] - Statement - BatchNumber = com.kms.katalon.core.webui.keyword.WebUiBuiltInKeywords.getNumberOfTotalOption(com.kms.katalon.core.testobject.ObjectRepository.findTestObject(PharmacyRequest/Page_Store/select_--Select--BA50)): 3 options of object 'Object Repository/PharmacyRequest/Page_Store/select_--Select--BA50' counted

2018-05-16 19:46:21 - [MESSAGE][PASSED] - 3 options of object 'Object Repository/PharmacyRequest/Page_Store/select_--Select--BA50' counted

2018-05-16 19:46:21 - [TEST_STEP][PASSED] - Statement - For ([g = 1, g <= BatchNumber - 1, (g++)]): null

2018-05-16 19:46:21 - [TEST_STEP][PASSED] - selectOptionByIndex: All options with index in [1] are selected on object 'Object Repository/PharmacyRequest/Page_Store/select_--Select--BA50'

2018-05-16 19:46:21 - [MESSAGE][PASSED] - All options with index in [1] are selected on object 'Object Repository/PharmacyRequest/Page_Store/select_--Select--BA50'

2018-05-16 19:46:21 - [TEST_STEP][PASSED] - delay: Delayed 1 second(s)

2018-05-16 19:46:22 - [MESSAGE][PASSED] - Delayed 1 second(s)

2018-05-16 19:46:22 - [TEST_STEP][PASSED] - Statement - StockQty = com.kms.katalon.core.webui.keyword.WebUiBuiltInKeywords.getAttribute(com.kms.katalon.core.testobject.ObjectRepository.findTestObject(PharmacyRequest/Page_Store/input_txtprice), "value"): Attribute 'value' of object 'Object Repository/PharmacyRequest/Page_Store/input_txtprice' is: '100'

2018-05-16 19:46:22 - [MESSAGE][PASSED] - Attribute 'value' of object 'Object Repository/PharmacyRequest/Page_Store/input_txtprice' is: '100'

2018-05-16 19:46:22 - [TEST_STEP][PASSED] - Statement - out.println("Stock QTY : " + StockQty): null

2018-05-16 19:46:22 - [TEST_STEP][PASSED] - delay: Delayed 1 second(s)

2018-05-16 19:46:23 - [MESSAGE][PASSED] - Delayed 1 second(s)

2018-05-16 19:46:23 - [TEST_STEP][PASSED] - Statement - If (java.lang.Integer.valueOf(StockQty) >= java.lang.Integer.valueOf(RequestedQty)): null

2018-05-16 19:46:23 - [TEST_STEP][PASSED] - setText: Text '10' is set on object 'Object Repository/PharmacyRequest/Page_Store/input_txtqty'

2018-05-16 19:46:23 - [MESSAGE][PASSED] - Text '10' is set on object 'Object Repository/PharmacyRequest/Page_Store/input_txtqty'

2018-05-16 19:46:23 - [TEST_STEP][PASSED] - click: Object: 'Object Repository/PharmacyRequest/Page_Store/button_Add' is clicked on

2018-05-16 19:46:23 - [MESSAGE][PASSED] - Object: 'Object Repository/PharmacyRequest/Page_Store/button_Add' is clicked on

2018-05-16 19:46:23 - [TEST_STEP][PASSED] - Statement - Break: null

2018-05-16 19:46:23 - [TEST_STEP][PASSED] - selectOptionByIndex: All options with index in [5] are selected on object 'Object Repository/PharmacyRequest/Page_Store/select_--Select--Amlodepin -5'

2018-05-16 19:46:24 - [MESSAGE][PASSED] - All options with index in [5] are selected on object 'Object Repository/PharmacyRequest/Page_Store/select_--Select--Amlodepin -5'

2018-05-16 19:46:24 - [TEST_STEP][PASSED] - delay: Delayed 1 second(s)

2018-05-16 19:46:25 - [MESSAGE][PASSED] - Delayed 1 second(s)

2018-05-16 19:46:25 - [TEST_STEP][PASSED] - Statement - RequestedQty = com.kms.katalon.core.webui.keyword.WebUiBuiltInKeywords.getAttribute(com.kms.katalon.core.testobject.ObjectRepository.findTestObject(PharmacyRequest/Page_Store/input_txttotal), "value"): Attribute 'value' of object 'Object Repository/PharmacyRequest/Page_Store/input_txttotal' is: '10'

2018-05-16 19:46:25 - [MESSAGE][PASSED] - Attribute 'value' of object 'Object Repository/PharmacyRequest/Page_Store/input_txttotal' is: '10'

2018-05-16 19:46:25 - [TEST_STEP][PASSED] - Statement - out.println("Requested QTY : " + RequestedQty): null

2018-05-16 19:46:25 - [TEST_STEP][PASSED] - Statement - BatchNumber = com.kms.katalon.core.webui.keyword.WebUiBuiltInKeywords.getNumberOfTotalOption(com.kms.katalon.core.testobject.ObjectRepository.findTestObject(PharmacyRequest/Page_Store/select_--Select--BA50)): 2 options of object 'Object Repository/PharmacyRequest/Page_Store/select_--Select--BA50' counted

2018-05-16 19:46:25 - [MESSAGE][PASSED] - 2 options of object 'Object Repository/PharmacyRequest/Page_Store/select_--Select--BA50' counted

2018-05-16 19:46:25 - [TEST_STEP][PASSED] - Statement - For ([g = 1, g <= BatchNumber - 1, (g++)]): null

2018-05-16 19:46:25 - [TEST_STEP][PASSED] - selectOptionByIndex: All options with index in [1] are selected on object 'Object Repository/PharmacyRequest/Page_Store/select_--Select--BA50'

2018-05-16 19:46:25 - [MESSAGE][PASSED] - All options with index in [1] are selected on object 'Object Repository/PharmacyRequest/Page_Store/select_--Select--BA50'

2018-05-16 19:46:25 - [TEST_STEP][PASSED] - delay: Delayed 1 second(s)

2018-05-16 19:46:26 - [MESSAGE][PASSED] - Delayed 1 second(s)

2018-05-16 19:46:26 - [TEST_STEP][PASSED] - Statement - StockQty = com.kms.katalon.core.webui.keyword.WebUiBuiltInKeywords.getAttribute(com.kms.katalon.core.testobject.ObjectRepository.findTestObject(PharmacyRequest/Page_Store/input_txtprice), "value"): Attribute 'value' of object 'Object Repository/PharmacyRequest/Page_Store/input_txtprice' is: '40'

2018-05-16 19:46:26 - [MESSAGE][PASSED] - Attribute 'value' of object 'Object Repository/PharmacyRequest/Page_Store/input_txtprice' is: '40'

2018-05-16 19:46:26 - [TEST_STEP][PASSED] - Statement - out.println("Stock QTY : " + StockQty): null

2018-05-16 19:46:26 - [TEST_STEP][PASSED] - delay: Delayed 1 second(s)

2018-05-16 19:46:27 - [MESSAGE][PASSED] - Delayed 1 second(s)

2018-05-16 19:46:27 - [TEST_STEP][PASSED] - Statement - If (java.lang.Integer.valueOf(StockQty) >= java.lang.Integer.valueOf(RequestedQty)): null

2018-05-16 19:46:27 - [TEST_STEP][PASSED] - setText: Text '10' is set on object 'Object Repository/PharmacyRequest/Page_Store/input_txtqty'

2018-05-16 19:46:27 - [MESSAGE][PASSED] - Text '10' is set on object 'Object Repository/PharmacyRequest/Page_Store/input_txtqty'

2018-05-16 19:46:27 - [TEST_STEP][PASSED] - click: Object: 'Object Repository/PharmacyRequest/Page_Store/button_Add' is clicked on

2018-05-16 19:46:27 - [MESSAGE][PASSED] - Object: 'Object Repository/PharmacyRequest/Page_Store/button_Add' is clicked on

2018-05-16 19:46:27 - [TEST_STEP][PASSED] - Statement - Break: null

2018-05-16 19:46:27 - [TEST_STEP][PASSED] - selectOptionByIndex: All options with index in [6] are selected on object 'Object Repository/PharmacyRequest/Page_Store/select_--Select--Amlodepin -5'

2018-05-16 19:46:27 - [MESSAGE][PASSED] - All options with index in [6] are selected on object 'Object Repository/PharmacyRequest/Page_Store/select_--Select--Amlodepin -5'

2018-05-16 19:46:27 - [TEST_STEP][PASSED] - delay: Delayed 1 second(s)

2018-05-16 19:46:28 - [MESSAGE][PASSED] - Delayed 1 second(s)

2018-05-16 19:46:28 - [TEST_STEP][PASSED] - Statement - RequestedQty = com.kms.katalon.core.webui.keyword.WebUiBuiltInKeywords.getAttribute(com.kms.katalon.core.testobject.ObjectRepository.findTestObject(PharmacyRequest/Page_Store/input_txttotal), "value"): Attribute 'value' of object 'Object Repository/PharmacyRequest/Page_Store/input_txttotal' is: '10'

2018-05-16 19:46:28 - [MESSAGE][PASSED] - Attribute 'value' of object 'Object Repository/PharmacyRequest/Page_Store/input_txttotal' is: '10'

2018-05-16 19:46:28 - [TEST_STEP][PASSED] - Statement - out.println("Requested QTY : " + RequestedQty): null

2018-05-16 19:46:28 - [TEST_STEP][PASSED] - Statement - BatchNumber = com.kms.katalon.core.webui.keyword.WebUiBuiltInKeywords.getNumberOfTotalOption(com.kms.katalon.core.testobject.ObjectRepository.findTestObject(PharmacyRequest/Page_Store/select_--Select--BA50)): 3 options of object 'Object Repository/PharmacyRequest/Page_Store/select_--Select--BA50' counted

2018-05-16 19:46:28 - [MESSAGE][PASSED] - 3 options of object 'Object Repository/PharmacyRequest/Page_Store/select_--Select--BA50' counted

2018-05-16 19:46:28 - [TEST_STEP][PASSED] - Statement - For ([g = 1, g <= BatchNumber - 1, (g++)]): null

2018-05-16 19:46:28 - [TEST_STEP][PASSED] - selectOptionByIndex: All options with index in [1] are selected on object 'Object Repository/PharmacyRequest/Page_Store/select_--Select--BA50'

2018-05-16 19:46:28 - [MESSAGE][PASSED] - All options with index in [1] are selected on object 'Object Repository/PharmacyRequest/Page_Store/select_--Select--BA50'

2018-05-16 19:46:28 - [TEST_STEP][PASSED] - delay: Delayed 1 second(s)

2018-05-16 19:46:29 - [MESSAGE][PASSED] - Delayed 1 second(s)

2018-05-16 19:46:29 - [TEST_STEP][PASSED] - Statement - StockQty = com.kms.katalon.core.webui.keyword.WebUiBuiltInKeywords.getAttribute(com.kms.katalon.core.testobject.ObjectRepository.findTestObject(PharmacyRequest/Page_Store/input_txtprice), "value"): Attribute 'value' of object 'Object Repository/PharmacyRequest/Page_Store/input_txtprice' is: '100'

2018-05-16 19:46:29 - [MESSAGE][PASSED] - Attribute 'value' of object 'Object Repository/PharmacyRequest/Page_Store/input_txtprice' is: '100'

2018-05-16 19:46:29 - [TEST_STEP][PASSED] - Statement - out.println("Stock QTY : " + StockQty): null

2018-05-16 19:46:29 - [TEST_STEP][PASSED] - delay: Delayed 1 second(s)

2018-05-16 19:46:30 - [MESSAGE][PASSED] - Delayed 1 second(s)

2018-05-16 19:46:30 - [TEST_STEP][PASSED] - Statement - If (java.lang.Integer.valueOf(StockQty) >= java.lang.Integer.valueOf(RequestedQty)): null

2018-05-16 19:46:30 - [TEST_STEP][PASSED] - setText: Text '10' is set on object 'Object Repository/PharmacyRequest/Page_Store/input_txtqty'

2018-05-16 19:46:30 - [MESSAGE][PASSED] - Text '10' is set on object 'Object Repository/PharmacyRequest/Page_Store/input_txtqty'

2018-05-16 19:46:30 - [TEST_STEP][PASSED] - click: Object: 'Object Repository/PharmacyRequest/Page_Store/button_Add' is clicked on

2018-05-16 19:46:31 - [MESSAGE][PASSED] - Object: 'Object Repository/PharmacyRequest/Page_Store/button_Add' is clicked on

2018-05-16 19:46:31 - [TEST_STEP][PASSED] - Statement - Break: null

2018-05-16 19:46:31 - [TEST_STEP][PASSED] - selectOptionByIndex: All options with index in [7] are selected on object 'Object Repository/PharmacyRequest/Page_Store/select_--Select--Amlodepin -5'

2018-05-16 19:46:31 - [MESSAGE][PASSED] - All options with index in [7] are selected on object 'Object Repository/PharmacyRequest/Page_Store/select_--Select--Amlodepin -5'

2018-05-16 19:46:31 - [TEST_STEP][PASSED] - delay: Delayed 1 second(s)

2018-05-16 19:46:32 - [MESSAGE][PASSED] - Delayed 1 second(s)

2018-05-16 19:46:32 - [TEST_STEP][PASSED] - Statement - RequestedQty = com.kms.katalon.core.webui.keyword.WebUiBuiltInKeywords.getAttribute(com.kms.katalon.core.testobject.ObjectRepository.findTestObject(PharmacyRequest/Page_Store/input_txttotal), "value"): Attribute 'value' of object 'Object Repository/PharmacyRequest/Page_Store/input_txttotal' is: '10'

2018-05-16 19:46:32 - [MESSAGE][PASSED] - Attribute 'value' of object 'Object Repository/PharmacyRequest/Page_Store/input_txttotal' is: '10'

2018-05-16 19:46:32 - [TEST_STEP][PASSED] - Statement - out.println("Requested QTY : " + RequestedQty): null

2018-05-16 19:46:32 - [TEST_STEP][PASSED] - Statement - BatchNumber = com.kms.katalon.core.webui.keyword.WebUiBuiltInKeywords.getNumberOfTotalOption(com.kms.katalon.core.testobject.ObjectRepository.findTestObject(PharmacyRequest/Page_Store/select_--Select--BA50)): 2 options of object 'Object Repository/PharmacyRequest/Page_Store/select_--Select--BA50' counted

2018-05-16 19:46:32 - [MESSAGE][PASSED] - 2 options of object 'Object Repository/PharmacyRequest/Page_Store/select_--Select--BA50' counted

2018-05-16 19:46:32 - [TEST_STEP][PASSED] - Statement - For ([g = 1, g <= BatchNumber - 1, (g++)]): null

2018-05-16 19:46:32 - [TEST_STEP][PASSED] - selectOptionByIndex: All options with index in [1] are selected on object 'Object Repository/PharmacyRequest/Page_Store/select_--Select--BA50'

2018-05-16 19:46:32 - [MESSAGE][PASSED] - All options with index in [1] are selected on object 'Object Repository/PharmacyRequest/Page_Store/select_--Select--BA50'

2018-05-16 19:46:32 - [TEST_STEP][PASSED] - delay: Delayed 1 second(s)

2018-05-16 19:46:33 - [MESSAGE][PASSED] - Delayed 1 second(s)

2018-05-16 19:46:33 - [TEST_STEP][PASSED] - Statement - StockQty = com.kms.katalon.core.webui.keyword.WebUiBuiltInKeywords.getAttribute(com.kms.katalon.core.testobject.ObjectRepository.findTestObject(PharmacyRequest/Page_Store/input_txtprice), "value"): Attribute 'value' of object 'Object Repository/PharmacyRequest/Page_Store/input_txtprice' is: '140'

2018-05-16 19:46:33 - [MESSAGE][PASSED] - Attribute 'value' of object 'Object Repository/PharmacyRequest/Page_Store/input_txtprice' is: '140'

2018-05-16 19:46:33 - [TEST_STEP][PASSED] - Statement - out.println("Stock QTY : " + StockQty): null

2018-05-16 19:46:33 - [TEST_STEP][PASSED] - delay: Delayed 1 second(s)

2018-05-16 19:46:34 - [MESSAGE][PASSED] - Delayed 1 second(s)

2018-05-16 19:46:34 - [TEST_STEP][PASSED] - Statement - If (java.lang.Integer.valueOf(StockQty) >= java.lang.Integer.valueOf(RequestedQty)): null

2018-05-16 19:46:34 - [TEST_STEP][PASSED] - setText: Text '10' is set on object 'Object Repository/PharmacyRequest/Page_Store/input_txtqty'

2018-05-16 19:46:34 - [MESSAGE][PASSED] - Text '10' is set on object 'Object Repository/PharmacyRequest/Page_Store/input_txtqty'

2018-05-16 19:46:34 - [TEST_STEP][PASSED] - click: Object: 'Object Repository/PharmacyRequest/Page_Store/button_Add' is clicked on

2018-05-16 19:46:34 - [MESSAGE][PASSED] - Object: 'Object Repository/PharmacyRequest/Page_Store/button_Add' is clicked on

2018-05-16 19:46:34 - [TEST_STEP][PASSED] - Statement - Break: null

2018-05-16 19:46:34 - [TEST_STEP][PASSED] - selectOptionByIndex: All options with index in [8] are selected on object 'Object Repository/PharmacyRequest/Page_Store/select_--Select--Amlodepin -5'

2018-05-16 19:46:34 - [MESSAGE][PASSED] - All options with index in [8] are selected on object 'Object Repository/PharmacyRequest/Page_Store/select_--Select--Amlodepin -5'

2018-05-16 19:46:34 - [TEST_STEP][PASSED] - delay: Delayed 1 second(s)

2018-05-16 19:46:35 - [MESSAGE][PASSED] - Delayed 1 second(s)

2018-05-16 19:46:35 - [TEST_STEP][PASSED] - Statement - RequestedQty = com.kms.katalon.core.webui.keyword.WebUiBuiltInKeywords.getAttribute(com.kms.katalon.core.testobject.ObjectRepository.findTestObject(PharmacyRequest/Page_Store/input_txttotal), "value"): Attribute 'value' of object 'Object Repository/PharmacyRequest/Page_Store/input_txttotal' is: '10'

2018-05-16 19:46:35 - [MESSAGE][PASSED] - Attribute 'value' of object 'Object Repository/PharmacyRequest/Page_Store/input_txttotal' is: '10'

2018-05-16 19:46:35 - [TEST_STEP][PASSED] - Statement - out.println("Requested QTY : " + RequestedQty): null

2018-05-16 19:46:35 - [TEST_STEP][PASSED] - Statement - BatchNumber = com.kms.katalon.core.webui.keyword.WebUiBuiltInKeywords.getNumberOfTotalOption(com.kms.katalon.core.testobject.ObjectRepository.findTestObject(PharmacyRequest/Page_Store/select_--Select--BA50)): 3 options of object 'Object Repository/PharmacyRequest/Page_Store/select_--Select--BA50' counted

2018-05-16 19:46:35 - [MESSAGE][PASSED] - 3 options of object 'Object Repository/PharmacyRequest/Page_Store/select_--Select--BA50' counted

2018-05-16 19:46:35 - [TEST_STEP][PASSED] - Statement - For ([g = 1, g <= BatchNumber - 1, (g++)]): null

2018-05-16 19:46:35 - [TEST_STEP][PASSED] - selectOptionByIndex: All options with index in [1] are selected on object 'Object Repository/PharmacyRequest/Page_Store/select_--Select--BA50'

2018-05-16 19:46:35 - [MESSAGE][PASSED] - All options with index in [1] are selected on object 'Object Repository/PharmacyRequest/Page_Store/select_--Select--BA50'

2018-05-16 19:46:35 - [TEST_STEP][PASSED] - delay: Delayed 1 second(s)

2018-05-16 19:46:36 - [MESSAGE][PASSED] - Delayed 1 second(s)

2018-05-16 19:46:36 - [TEST_STEP][PASSED] - Statement - StockQty = com.kms.katalon.core.webui.keyword.WebUiBuiltInKeywords.getAttribute(com.kms.katalon.core.testobject.ObjectRepository.findTestObject(PharmacyRequest/Page_Store/input_txtprice), "value"): Attribute 'value' of object 'Object Repository/PharmacyRequest/Page_Store/input_txtprice' is: '100'

2018-05-16 19:46:36 - [MESSAGE][PASSED] - Attribute 'value' of object 'Object Repository/PharmacyRequest/Page_Store/input_txtprice' is: '100'

2018-05-16 19:46:36 - [TEST_STEP][PASSED] - Statement - out.println("Stock QTY : " + StockQty): null

2018-05-16 19:46:37 - [TEST_STEP][PASSED] - delay: Delayed 1 second(s)

2018-05-16 19:46:38 - [MESSAGE][PASSED] - Delayed 1 second(s)

2018-05-16 19:46:38 - [TEST_STEP][PASSED] - Statement - If (java.lang.Integer.valueOf(StockQty) >= java.lang.Integer.valueOf(RequestedQty)): null

2018-05-16 19:46:38 - [TEST_STEP][PASSED] - setText: Text '10' is set on object 'Object Repository/PharmacyRequest/Page_Store/input_txtqty'

2018-05-16 19:46:38 - [MESSAGE][PASSED] - Text '10' is set on object 'Object Repository/PharmacyRequest/Page_Store/input_txtqty'

2018-05-16 19:46:38 - [TEST_STEP][PASSED] - click: Object: 'Object Repository/PharmacyRequest/Page_Store/button_Add' is clicked on

2018-05-16 19:46:38 - [MESSAGE][PASSED] - Object: 'Object Repository/PharmacyRequest/Page_Store/button_Add' is clicked on

2018-05-16 19:46:38 - [TEST_STEP][PASSED] - Statement - Break: null

2018-05-16 19:46:38 - [TEST_STEP][PASSED] - selectOptionByIndex: All options with index in [9] are selected on object 'Object Repository/PharmacyRequest/Page_Store/select_--Select--Amlodepin -5'

2018-05-16 19:46:38 - [MESSAGE][PASSED] - All options with index in [9] are selected on object 'Object Repository/PharmacyRequest/Page_Store/select_--Select--Amlodepin -5'

2018-05-16 19:46:38 - [TEST_STEP][PASSED] - delay: Delayed 1 second(s)

2018-05-16 19:46:39 - [MESSAGE][PASSED] - Delayed 1 second(s)

2018-05-16 19:46:39 - [TEST_STEP][PASSED] - Statement - RequestedQty = com.kms.katalon.core.webui.keyword.WebUiBuiltInKeywords.getAttribute(com.kms.katalon.core.testobject.ObjectRepository.findTestObject(PharmacyRequest/Page_Store/input_txttotal), "value"): Attribute 'value' of object 'Object Repository/PharmacyRequest/Page_Store/input_txttotal' is: '10'

2018-05-16 19:46:39 - [MESSAGE][PASSED] - Attribute 'value' of object 'Object Repository/PharmacyRequest/Page_Store/input_txttotal' is: '10'

2018-05-16 19:46:39 - [TEST_STEP][PASSED] - Statement - out.println("Requested QTY : " + RequestedQty): null

2018-05-16 19:46:39 - [TEST_STEP][PASSED] - Statement - BatchNumber = com.kms.katalon.core.webui.keyword.WebUiBuiltInKeywords.getNumberOfTotalOption(com.kms.katalon.core.testobject.ObjectRepository.findTestObject(PharmacyRequest/Page_Store/select_--Select--BA50)): 3 options of object 'Object Repository/PharmacyRequest/Page_Store/select_--Select--BA50' counted

2018-05-16 19:46:39 - [MESSAGE][PASSED] - 3 options of object 'Object Repository/PharmacyRequest/Page_Store/select_--Select--BA50' counted

2018-05-16 19:46:39 - [TEST_STEP][PASSED] - Statement - For ([g = 1, g <= BatchNumber - 1, (g++)]): null

2018-05-16 19:46:39 - [TEST_STEP][PASSED] - selectOptionByIndex: All options with index in [1] are selected on object 'Object Repository/PharmacyRequest/Page_Store/select_--Select--BA50'

2018-05-16 19:46:39 - [MESSAGE][PASSED] - All options with index in [1] are selected on object 'Object Repository/PharmacyRequest/Page_Store/select_--Select--BA50'

2018-05-16 19:46:39 - [TEST_STEP][PASSED] - delay: Delayed 1 second(s)

2018-05-16 19:46:40 - [MESSAGE][PASSED] - Delayed 1 second(s)

2018-05-16 19:46:40 - [TEST_STEP][PASSED] - Statement - StockQty = com.kms.katalon.core.webui.keyword.WebUiBuiltInKeywords.getAttribute(com.kms.katalon.core.testobject.ObjectRepository.findTestObject(PharmacyRequest/Page_Store/input_txtprice), "value"): Attribute 'value' of object 'Object Repository/PharmacyRequest/Page_Store/input_txtprice' is: '100'

2018-05-16 19:46:40 - [MESSAGE][PASSED] - Attribute 'value' of object 'Object Repository/PharmacyRequest/Page_Store/input_txtprice' is: '100'

2018-05-16 19:46:40 - [TEST_STEP][PASSED] - Statement - out.println("Stock QTY : " + StockQty): null

2018-05-16 19:46:40 - [TEST_STEP][PASSED] - delay: Delayed 1 second(s)

2018-05-16 19:46:41 - [MESSAGE][PASSED] - Delayed 1 second(s)

2018-05-16 19:46:41 - [TEST_STEP][PASSED] - Statement - If (java.lang.Integer.valueOf(StockQty) >= java.lang.Integer.valueOf(RequestedQty)): null

2018-05-16 19:46:41 - [TEST_STEP][PASSED] - setText: Text '10' is set on object 'Object Repository/PharmacyRequest/Page_Store/input_txtqty'

2018-05-16 19:46:41 - [MESSAGE][PASSED] - Text '10' is set on object 'Object Repository/PharmacyRequest/Page_Store/input_txtqty'

2018-05-16 19:46:41 - [TEST_STEP][PASSED] - click: Object: 'Object Repository/PharmacyRequest/Page_Store/button_Add' is clicked on

2018-05-16 19:46:41 - [MESSAGE][PASSED] - Object: 'Object Repository/PharmacyRequest/Page_Store/button_Add' is clicked on

2018-05-16 19:46:41 - [TEST_STEP][PASSED] - Statement - Break: null

2018-05-16 19:46:41 - [TEST_STEP][PASSED] - selectOptionByIndex: All options with index in [10] are selected on object 'Object Repository/PharmacyRequest/Page_Store/select_--Select--Amlodepin -5'

2018-05-16 19:46:41 - [MESSAGE][PASSED] - All options with index in [10] are selected on object 'Object Repository/PharmacyRequest/Page_Store/select_--Select--Amlodepin -5'

2018-05-16 19:46:41 - [TEST_STEP][PASSED] - delay: Delayed 1 second(s)

2018-05-16 19:46:42 - [MESSAGE][PASSED] - Delayed 1 second(s)

2018-05-16 19:46:42 - [TEST_STEP][PASSED] - Statement - RequestedQty = com.kms.katalon.core.webui.keyword.WebUiBuiltInKeywords.getAttribute(com.kms.katalon.core.testobject.ObjectRepository.findTestObject(PharmacyRequest/Page_Store/input_txttotal), "value"): Attribute 'value' of object 'Object Repository/PharmacyRequest/Page_Store/input_txttotal' is: '10'

2018-05-16 19:46:42 - [MESSAGE][PASSED] - Attribute 'value' of object 'Object Repository/PharmacyRequest/Page_Store/input_txttotal' is: '10'

2018-05-16 19:46:42 - [TEST_STEP][PASSED] - Statement - out.println("Requested QTY : " + RequestedQty): null

2018-05-16 19:46:42 - [TEST_STEP][PASSED] - Statement - BatchNumber = com.kms.katalon.core.webui.keyword.WebUiBuiltInKeywords.getNumberOfTotalOption(com.kms.katalon.core.testobject.ObjectRepository.findTestObject(PharmacyRequest/Page_Store/select_--Select--BA50)): 3 options of object 'Object Repository/PharmacyRequest/Page_Store/select_--Select--BA50' counted

2018-05-16 19:46:43 - [MESSAGE][PASSED] - 3 options of object 'Object Repository/PharmacyRequest/Page_Store/select_--Select--BA50' counted

2018-05-16 19:46:43 - [TEST_STEP][PASSED] - Statement - For ([g = 1, g <= BatchNumber - 1, (g++)]): null

2018-05-16 19:46:43 - [TEST_STEP][PASSED] - selectOptionByIndex: All options with index in [1] are selected on object 'Object Repository/PharmacyRequest/Page_Store/select_--Select--BA50'

2018-05-16 19:46:43 - [MESSAGE][PASSED] - All options with index in [1] are selected on object 'Object Repository/PharmacyRequest/Page_Store/select_--Select--BA50'

2018-05-16 19:46:43 - [TEST_STEP][PASSED] - delay: Delayed 1 second(s)

2018-05-16 19:46:44 - [MESSAGE][PASSED] - Delayed 1 second(s)

2018-05-16 19:46:44 - [TEST_STEP][PASSED] - Statement - StockQty = com.kms.katalon.core.webui.keyword.WebUiBuiltInKeywords.getAttribute(com.kms.katalon.core.testobject.ObjectRepository.findTestObject(PharmacyRequest/Page_Store/input_txtprice), "value"): Attribute 'value' of object 'Object Repository/PharmacyRequest/Page_Store/input_txtprice' is: '100'

2018-05-16 19:46:44 - [MESSAGE][PASSED] - Attribute 'value' of object 'Object Repository/PharmacyRequest/Page_Store/input_txtprice' is: '100'

2018-05-16 19:46:44 - [TEST_STEP][PASSED] - Statement - out.println("Stock QTY : " + StockQty): null

2018-05-16 19:46:44 - [TEST_STEP][PASSED] - delay: Delayed 1 second(s)

2018-05-16 19:46:45 - [MESSAGE][PASSED] - Delayed 1 second(s)

2018-05-16 19:46:45 - [TEST_STEP][PASSED] - Statement - If (java.lang.Integer.valueOf(StockQty) >= java.lang.Integer.valueOf(RequestedQty)): null

2018-05-16 19:46:45 - [TEST_STEP][PASSED] - setText: Text '10' is set on object 'Object Repository/PharmacyRequest/Page_Store/input_txtqty'

2018-05-16 19:46:45 - [MESSAGE][PASSED] - Text '10' is set on object 'Object Repository/PharmacyRequest/Page_Store/input_txtqty'

2018-05-16 19:46:45 - [TEST_STEP][PASSED] - click: Object: 'Object Repository/PharmacyRequest/Page_Store/button_Add' is clicked on

2018-05-16 19:46:45 - [MESSAGE][PASSED] - Object: 'Object Repository/PharmacyRequest/Page_Store/button_Add' is clicked on

2018-05-16 19:46:45 - [TEST_STEP][PASSED] - Statement - Break: null

2018-05-16 19:46:45 - [TEST_STEP][PASSED] - selectOptionByIndex: All options with index in [11] are selected on object 'Object Repository/PharmacyRequest/Page_Store/select_--Select--Amlodepin -5'

2018-05-16 19:46:45 - [MESSAGE][PASSED] - All options with index in [11] are selected on object 'Object Repository/PharmacyRequest/Page_Store/select_--Select--Amlodepin -5'

2018-05-16 19:46:45 - [TEST_STEP][PASSED] - delay: Delayed 1 second(s)

2018-05-16 19:46:46 - [MESSAGE][PASSED] - Delayed 1 second(s)

2018-05-16 19:46:46 - [TEST_STEP][PASSED] - Statement - RequestedQty = com.kms.katalon.core.webui.keyword.WebUiBuiltInKeywords.getAttribute(com.kms.katalon.core.testobject.ObjectRepository.findTestObject(PharmacyRequest/Page_Store/input_txttotal), "value"): Attribute 'value' of object 'Object Repository/PharmacyRequest/Page_Store/input_txttotal' is: '10'

2018-05-16 19:46:46 - [MESSAGE][PASSED] - Attribute 'value' of object 'Object Repository/PharmacyRequest/Page_Store/input_txttotal' is: '10'

2018-05-16 19:46:46 - [TEST_STEP][PASSED] - Statement - out.println("Requested QTY : " + RequestedQty): null

2018-05-16 19:46:46 - [TEST_STEP][PASSED] - Statement - BatchNumber = com.kms.katalon.core.webui.keyword.WebUiBuiltInKeywords.getNumberOfTotalOption(com.kms.katalon.core.testobject.ObjectRepository.findTestObject(PharmacyRequest/Page_Store/select_--Select--BA50)): 2 options of object 'Object Repository/PharmacyRequest/Page_Store/select_--Select--BA50' counted

2018-05-16 19:46:46 - [MESSAGE][PASSED] - 2 options of object 'Object Repository/PharmacyRequest/Page_Store/select_--Select--BA50' counted

2018-05-16 19:46:46 - [TEST_STEP][PASSED] - Statement - For ([g = 1, g <= BatchNumber - 1, (g++)]): null

2018-05-16 19:46:46 - [TEST_STEP][PASSED] - selectOptionByIndex: All options with index in [1] are selected on object 'Object Repository/PharmacyRequest/Page_Store/select_--Select--BA50'

2018-05-16 19:46:46 - [MESSAGE][PASSED] - All options with index in [1] are selected on object 'Object Repository/PharmacyRequest/Page_Store/select_--Select--BA50'

2018-05-16 19:46:46 - [TEST_STEP][PASSED] - delay: Delayed 1 second(s)

2018-05-16 19:46:47 - [MESSAGE][PASSED] - Delayed 1 second(s)

2018-05-16 19:46:47 - [TEST_STEP][PASSED] - Statement - StockQty = com.kms.katalon.core.webui.keyword.WebUiBuiltInKeywords.getAttribute(com.kms.katalon.core.testobject.ObjectRepository.findTestObject(PharmacyRequest/Page_Store/input_txtprice), "value"): Attribute 'value' of object 'Object Repository/PharmacyRequest/Page_Store/input_txtprice' is: '140'

2018-05-16 19:46:47 - [MESSAGE][PASSED] - Attribute 'value' of object 'Object Repository/PharmacyRequest/Page_Store/input_txtprice' is: '140'

2018-05-16 19:46:47 - [TEST_STEP][PASSED] - Statement - out.println("Stock QTY : " + StockQty): null

2018-05-16 19:46:47 - [TEST_STEP][PASSED] - delay: Delayed 1 second(s)

2018-05-16 19:46:48 - [MESSAGE][PASSED] - Delayed 1 second(s)

2018-05-16 19:46:48 - [TEST_STEP][PASSED] - Statement - If (java.lang.Integer.valueOf(StockQty) >= java.lang.Integer.valueOf(RequestedQty)): null

2018-05-16 19:46:48 - [TEST_STEP][PASSED] - setText: Text '10' is set on object 'Object Repository/PharmacyRequest/Page_Store/input_txtqty'

2018-05-16 19:46:48 - [MESSAGE][PASSED] - Text '10' is set on object 'Object Repository/PharmacyRequest/Page_Store/input_txtqty'

2018-05-16 19:46:48 - [TEST_STEP][PASSED] - click: Object: 'Object Repository/PharmacyRequest/Page_Store/button_Add' is clicked on

2018-05-16 19:46:48 - [MESSAGE][PASSED] - Object: 'Object Repository/PharmacyRequest/Page_Store/button_Add' is clicked on

2018-05-16 19:46:48 - [TEST_STEP][PASSED] - Statement - Break: null

2018-05-16 19:46:48 - [TEST_STEP][PASSED] - selectOptionByIndex: All options with index in [12] are selected on object 'Object Repository/PharmacyRequest/Page_Store/select_--Select--Amlodepin -5'

2018-05-16 19:46:49 - [MESSAGE][PASSED] - All options with index in [12] are selected on object 'Object Repository/PharmacyRequest/Page_Store/select_--Select--Amlodepin -5'

2018-05-16 19:46:49 - [TEST_STEP][PASSED] - delay: Delayed 1 second(s)

2018-05-16 19:46:50 - [MESSAGE][PASSED] - Delayed 1 second(s)

2018-05-16 19:46:50 - [TEST_STEP][PASSED] - Statement - RequestedQty = com.kms.katalon.core.webui.keyword.WebUiBuiltInKeywords.getAttribute(com.kms.katalon.core.testobject.ObjectRepository.findTestObject(PharmacyRequest/Page_Store/input_txttotal), "value"): Attribute 'value' of object 'Object Repository/PharmacyRequest/Page_Store/input_txttotal' is: '10'

2018-05-16 19:46:50 - [MESSAGE][PASSED] - Attribute 'value' of object 'Object Repository/PharmacyRequest/Page_Store/input_txttotal' is: '10'

2018-05-16 19:46:50 - [TEST_STEP][PASSED] - Statement - out.println("Requested QTY : " + RequestedQty): null

2018-05-16 19:46:50 - [TEST_STEP][PASSED] - Statement - BatchNumber = com.kms.katalon.core.webui.keyword.WebUiBuiltInKeywords.getNumberOfTotalOption(com.kms.katalon.core.testobject.ObjectRepository.findTestObject(PharmacyRequest/Page_Store/select_--Select--BA50)): 3 options of object 'Object Repository/PharmacyRequest/Page_Store/select_--Select--BA50' counted

2018-05-16 19:46:50 - [MESSAGE][PASSED] - 3 options of object 'Object Repository/PharmacyRequest/Page_Store/select_--Select--BA50' counted

2018-05-16 19:46:50 - [TEST_STEP][PASSED] - Statement - For ([g = 1, g <= BatchNumber - 1, (g++)]): null

2018-05-16 19:46:50 - [TEST_STEP][PASSED] - selectOptionByIndex: All options with index in [1] are selected on object 'Object Repository/PharmacyRequest/Page_Store/select_--Select--BA50'

2018-05-16 19:46:50 - [MESSAGE][PASSED] - All options with index in [1] are selected on object 'Object Repository/PharmacyRequest/Page_Store/select_--Select--BA50'

2018-05-16 19:46:50 - [TEST_STEP][PASSED] - delay: Delayed 1 second(s)

2018-05-16 19:46:51 - [MESSAGE][PASSED] - Delayed 1 second(s)

2018-05-16 19:46:51 - [TEST_STEP][PASSED] - Statement - StockQty = com.kms.katalon.core.webui.keyword.WebUiBuiltInKeywords.getAttribute(com.kms.katalon.core.testobject.ObjectRepository.findTestObject(PharmacyRequest/Page_Store/input_txtprice), "value"): Attribute 'value' of object 'Object Repository/PharmacyRequest/Page_Store/input_txtprice' is: '100'

2018-05-16 19:46:51 - [MESSAGE][PASSED] - Attribute 'value' of object 'Object Repository/PharmacyRequest/Page_Store/input_txtprice' is: '100'

2018-05-16 19:46:51 - [TEST_STEP][PASSED] - Statement - out.println("Stock QTY : " + StockQty): null

2018-05-16 19:46:51 - [TEST_STEP][PASSED] - delay: Delayed 1 second(s)

2018-05-16 19:46:52 - [MESSAGE][PASSED] - Delayed 1 second(s)

2018-05-16 19:46:52 - [TEST_STEP][PASSED] - Statement - If (java.lang.Integer.valueOf(StockQty) >= java.lang.Integer.valueOf(RequestedQty)): null

2018-05-16 19:46:52 - [TEST_STEP][PASSED] - setText: Text '10' is set on object 'Object Repository/PharmacyRequest/Page_Store/input_txtqty'

2018-05-16 19:46:52 - [MESSAGE][PASSED] - Text '10' is set on object 'Object Repository/PharmacyRequest/Page_Store/input_txtqty'

2018-05-16 19:46:52 - [TEST_STEP][PASSED] - click: Object: 'Object Repository/PharmacyRequest/Page_Store/button_Add' is clicked on

2018-05-16 19:46:52 - [MESSAGE][PASSED] - Object: 'Object Repository/PharmacyRequest/Page_Store/button_Add' is clicked on

2018-05-16 19:46:52 - [TEST_STEP][PASSED] - Statement - Break: null

2018-05-16 19:46:52 - [TEST_STEP][PASSED] - selectOptionByIndex: All options with index in [13] are selected on object 'Object Repository/PharmacyRequest/Page_Store/select_--Select--Amlodepin -5'

2018-05-16 19:46:52 - [MESSAGE][PASSED] - All options with index in [13] are selected on object 'Object Repository/PharmacyRequest/Page_Store/select_--Select--Amlodepin -5'

2018-05-16 19:46:52 - [TEST_STEP][PASSED] - delay: Delayed 1 second(s)

2018-05-16 19:46:53 - [MESSAGE][PASSED] - Delayed 1 second(s)

2018-05-16 19:46:53 - [TEST_STEP][PASSED] - Statement - RequestedQty = com.kms.katalon.core.webui.keyword.WebUiBuiltInKeywords.getAttribute(com.kms.katalon.core.testobject.ObjectRepository.findTestObject(PharmacyRequest/Page_Store/input_txttotal), "value"): Attribute 'value' of object 'Object Repository/PharmacyRequest/Page_Store/input_txttotal' is: '10'

2018-05-16 19:46:53 - [MESSAGE][PASSED] - Attribute 'value' of object 'Object Repository/PharmacyRequest/Page_Store/input_txttotal' is: '10'

2018-05-16 19:46:53 - [TEST_STEP][PASSED] - Statement - out.println("Requested QTY : " + RequestedQty): null

2018-05-16 19:46:53 - [TEST_STEP][PASSED] - Statement - BatchNumber = com.kms.katalon.core.webui.keyword.WebUiBuiltInKeywords.getNumberOfTotalOption(com.kms.katalon.core.testobject.ObjectRepository.findTestObject(PharmacyRequest/Page_Store/select_--Select--BA50)): 3 options of object 'Object Repository/PharmacyRequest/Page_Store/select_--Select--BA50' counted

2018-05-16 19:46:53 - [MESSAGE][PASSED] - 3 options of object 'Object Repository/PharmacyRequest/Page_Store/select_--Select--BA50' counted

2018-05-16 19:46:53 - [TEST_STEP][PASSED] - Statement - For ([g = 1, g <= BatchNumber - 1, (g++)]): null

2018-05-16 19:46:53 - [TEST_STEP][PASSED] - selectOptionByIndex: All options with index in [1] are selected on object 'Object Repository/PharmacyRequest/Page_Store/select_--Select--BA50'

2018-05-16 19:46:54 - [MESSAGE][PASSED] - All options with index in [1] are selected on object 'Object Repository/PharmacyRequest/Page_Store/select_--Select--BA50'

2018-05-16 19:46:54 - [TEST_STEP][PASSED] - delay: Delayed 1 second(s)

2018-05-16 19:46:55 - [MESSAGE][PASSED] - Delayed 1 second(s)

2018-05-16 19:46:55 - [TEST_STEP][PASSED] - Statement - StockQty = com.kms.katalon.core.webui.keyword.WebUiBuiltInKeywords.getAttribute(com.kms.katalon.core.testobject.ObjectRepository.findTestObject(PharmacyRequest/Page_Store/input_txtprice), "value"): Attribute 'value' of object 'Object Repository/PharmacyRequest/Page_Store/input_txtprice' is: '100'

2018-05-16 19:46:55 - [MESSAGE][PASSED] - Attribute 'value' of object 'Object Repository/PharmacyRequest/Page_Store/input_txtprice' is: '100'

2018-05-16 19:46:55 - [TEST_STEP][PASSED] - Statement - out.println("Stock QTY : " + StockQty): null

2018-05-16 19:46:55 - [TEST_STEP][PASSED] - delay: Delayed 1 second(s)

2018-05-16 19:46:56 - [MESSAGE][PASSED] - Delayed 1 second(s)

2018-05-16 19:46:56 - [TEST_STEP][PASSED] - Statement - If (java.lang.Integer.valueOf(StockQty) >= java.lang.Integer.valueOf(RequestedQty)): null

2018-05-16 19:46:56 - [TEST_STEP][PASSED] - setText: Text '10' is set on object 'Object Repository/PharmacyRequest/Page_Store/input_txtqty'

2018-05-16 19:46:56 - [MESSAGE][PASSED] - Text '10' is set on object 'Object Repository/PharmacyRequest/Page_Store/input_txtqty'

2018-05-16 19:46:56 - [TEST_STEP][PASSED] - click: Object: 'Object Repository/PharmacyRequest/Page_Store/button_Add' is clicked on

2018-05-16 19:46:56 - [MESSAGE][PASSED] - Object: 'Object Repository/PharmacyRequest/Page_Store/button_Add' is clicked on

2018-05-16 19:46:56 - [TEST_STEP][PASSED] - Statement - Break: null

2018-05-16 19:46:56 - [TEST_STEP][PASSED] - scrollToElement: Scroll to object 'Object Repository/PharmacyRequest/Page_Store/input_btnSubmit' successfully

2018-05-16 19:46:56 - [MESSAGE][PASSED] - Scroll to object 'Object Repository/PharmacyRequest/Page_Store/input_btnSubmit' successfully

2018-05-16 19:46:56 - [TEST_STEP][PASSED] - click: Object: 'Object Repository/PharmacyRequest/Page_Store/input_btnSubmit' is clicked on

2018-05-16 19:46:56 - [MESSAGE][PASSED] - Object: 'Object Repository/PharmacyRequest/Page_Store/input_btnSubmit' is clicked on

2018-05-16 19:46:56 - [TEST_STEP][PASSED] - delay: Delayed 3 second(s)

2018-05-16 19:46:59 - [MESSAGE][PASSED] - Delayed 3 second(s)

2018-05-16 19:46:59 - [TEST_STEP][PASSED] - click: Object: 'Object Repository/PharmacyRequest/Page_Store/button_OK' is clicked on

2018-05-16 19:46:59 - [MESSAGE][PASSED] - Object: 'Object Repository/PharmacyRequest/Page_Store/button_OK' is clicked on

2018-05-16 19:46:59 - [TEST_STEP][PASSED] - delay: Delayed 3 second(s)

2018-05-16 19:47:02 - [MESSAGE][PASSED] - Delayed 3 second(s)

2018-05-16 19:47:02 - [TEST_STEP][PASSED] - click: Object: 'Object Repository/PharmacyRequest/Page_Store/a_dropdown-toggle' is clicked on

2018-05-16 19:47:03 - [MESSAGE][PASSED] - Object: 'Object Repository/PharmacyRequest/Page_Store/a_dropdown-toggle' is clicked on

2018-05-16 19:47:03 - [TEST_STEP][PASSED] - click: Object: 'Object Repository/PharmacyRequest/Page_Store/a_Sign out' is clicked on

2018-05-16 19:47:03 - [MESSAGE][PASSED] - Object: 'Object Repository/PharmacyRequest/Page_Store/a_Sign out' is clicked on

2018-05-16 19:47:03 - [TEST_STEP][PASSED] - closeBrowser: Browser is closed

2018-05-16 19:47:04 - [MESSAGE][PASSED] - Browser is closed

2018-05-16 19:47:04 - [TEST_STEP][PASSED] - Statement - out.println("Schedule 6 Pharmacy Request Are Working Successfully"): null]]></system-out>
         <system-err><![CDATA[]]></system-err>
      </testcase>
      <testcase name="Test Cases/PHARMACY TEST CASES/TC_PHAR_007 Verify Schedule 7 Pharmacy Request Are Working Successfully Or Not" classname="Test Cases/PHARMACY TEST CASES/TC_PHAR_007 Verify Schedule 7 Pharmacy Request Are Working Successfully Or Not" status="PASSED">
         <system-out><![CDATA[2018-05-16 19:47:04 - [TEST_CASE][PASSED] - Test Cases/PHARMACY TEST CASES/TC_PHAR_007 Verify Schedule 7 Pharmacy Request Are Working Successfully Or Not: Test Cases/PHARMACY TEST CASES/TC_PHAR_007 Verify Schedule 7 Pharmacy Request Are Working Successfully Or Not

2018-05-16 19:47:04 - [TEST_STEP][PASSED] - openBrowser: Browser is opened with url: ''

2018-05-16 19:47:06 - [MESSAGE][PASSED] - Browser is opened with url: ''

2018-05-16 19:47:06 - [TEST_STEP][PASSED] - Statement - out.println("Verify Schedule 7 Pharmacy Request Are Working Successfully Or Not"): null

2018-05-16 19:47:06 - [TEST_STEP][PASSED] - navigateToUrl: Navigate to 'http://192.168.137.1/multihospital_new/' successfully

2018-05-16 19:47:08 - [MESSAGE][PASSED] - Navigate to 'http://192.168.137.1/multihospital_new/' successfully

2018-05-16 19:47:08 - [TEST_STEP][PASSED] - maximizeWindow: Current window maximized

2018-05-16 19:47:09 - [MESSAGE][PASSED] - Current window maximized

2018-05-16 19:47:09 - [TEST_STEP][PASSED] - click: Object: 'Object Repository/PharmacyRequest/Page_KDMC/a_Pharmacy' is clicked on

2018-05-16 19:47:09 - [MESSAGE][PASSED] - Object: 'Object Repository/PharmacyRequest/Page_KDMC/a_Pharmacy' is clicked on

2018-05-16 19:47:09 - [TEST_STEP][PASSED] - setText: Text 'raja' is set on object 'Object Repository/PharmacyRequest/Page_Pharmacy login/input_txtusername'

2018-05-16 19:47:09 - [MESSAGE][PASSED] - Text 'raja' is set on object 'Object Repository/PharmacyRequest/Page_Pharmacy login/input_txtusername'

2018-05-16 19:47:09 - [TEST_STEP][PASSED] - setText: Text '123' is set on object 'Object Repository/PharmacyRequest/Page_Pharmacy login/input_txtpassword'

2018-05-16 19:47:10 - [MESSAGE][PASSED] - Text '123' is set on object 'Object Repository/PharmacyRequest/Page_Pharmacy login/input_txtpassword'

2018-05-16 19:47:10 - [TEST_STEP][PASSED] - delay: Delayed 3 second(s)

2018-05-16 19:47:13 - [MESSAGE][PASSED] - Delayed 3 second(s)

2018-05-16 19:47:13 - [TEST_STEP][PASSED] - click: Object: 'Object Repository/PharmacyRequest/Page_Pharmacy login/button_Sign in' is clicked on

2018-05-16 19:47:13 - [MESSAGE][PASSED] - Object: 'Object Repository/PharmacyRequest/Page_Pharmacy login/button_Sign in' is clicked on

2018-05-16 19:47:13 - [TEST_STEP][PASSED] - delay: Delayed 3 second(s)

2018-05-16 19:47:16 - [MESSAGE][PASSED] - Delayed 3 second(s)

2018-05-16 19:47:16 - [TEST_STEP][PASSED] - click: Object: 'Object Repository/PharmacyRequest/Page_KDMC - Pharmacy/a_Inventory' is clicked on

2018-05-16 19:47:18 - [MESSAGE][PASSED] - Object: 'Object Repository/PharmacyRequest/Page_KDMC - Pharmacy/a_Inventory' is clicked on

2018-05-16 19:47:18 - [TEST_STEP][PASSED] - delay: Delayed 3 second(s)

2018-05-16 19:47:21 - [MESSAGE][PASSED] - Delayed 3 second(s)

2018-05-16 19:47:21 - [TEST_STEP][PASSED] - click: Object: 'Object Repository/PharmacyRequest/Page_KDMC-Pharmacy/a_Store Request' is clicked on

2018-05-16 19:47:21 - [MESSAGE][PASSED] - Object: 'Object Repository/PharmacyRequest/Page_KDMC-Pharmacy/a_Store Request' is clicked on

2018-05-16 19:47:21 - [TEST_STEP][PASSED] - click: Object: 'Object Repository/PharmacyRequest/Page_KDMC-Pharmacy/a_Medicine Request' is clicked on

2018-05-16 19:47:22 - [MESSAGE][PASSED] - Object: 'Object Repository/PharmacyRequest/Page_KDMC-Pharmacy/a_Medicine Request' is clicked on

2018-05-16 19:47:22 - [TEST_STEP][PASSED] - selectOptionByIndex: All options with index in [7] are selected on object 'Object Repository/PharmacyRequest/Page_KDMC-Pharmacy/select_--Select--Schedule 1Inj'

2018-05-16 19:47:22 - [MESSAGE][PASSED] - All options with index in [7] are selected on object 'Object Repository/PharmacyRequest/Page_KDMC-Pharmacy/select_--Select--Schedule 1Inj'

2018-05-16 19:47:22 - [TEST_STEP][PASSED] - Statement - MedicineLength = com.kms.katalon.core.webui.keyword.WebUiBuiltInKeywords.getNumberOfTotalOption(com.kms.katalon.core.testobject.ObjectRepository.findTestObject(PharmacyRequest/Page_KDMC-Pharmacy/select_--Select--Albendazole)): 24 options of object 'Object Repository/PharmacyRequest/Page_KDMC-Pharmacy/select_--Select--Albendazole' counted

2018-05-16 19:47:22 - [MESSAGE][PASSED] - 24 options of object 'Object Repository/PharmacyRequest/Page_KDMC-Pharmacy/select_--Select--Albendazole' counted

2018-05-16 19:47:22 - [TEST_STEP][PASSED] - Statement - For ([l = 1, l <= MedicineLength - 1, (l++)]): Object: 'Object Repository/PharmacyRequest/Page_KDMC-Pharmacy/button_Add' is clicked on

2018-05-16 19:47:22 - [TEST_STEP][PASSED] - selectOptionByIndex: All options with index in [7] are selected on object 'Object Repository/PharmacyRequest/Page_KDMC-Pharmacy/select_--Select--Schedule 1Inj'

2018-05-16 19:47:22 - [MESSAGE][PASSED] - All options with index in [7] are selected on object 'Object Repository/PharmacyRequest/Page_KDMC-Pharmacy/select_--Select--Schedule 1Inj'

2018-05-16 19:47:22 - [TEST_STEP][PASSED] - selectOptionByIndex: All options with index in [1] are selected on object 'Object Repository/PharmacyRequest/Page_KDMC-Pharmacy/select_--Select--Albendazole'

2018-05-16 19:47:23 - [MESSAGE][PASSED] - All options with index in [1] are selected on object 'Object Repository/PharmacyRequest/Page_KDMC-Pharmacy/select_--Select--Albendazole'

2018-05-16 19:47:23 - [TEST_STEP][PASSED] - setText: Text '10' is set on object 'Object Repository/PharmacyRequest/Page_KDMC-Pharmacy/input_txttreat'

2018-05-16 19:47:23 - [MESSAGE][PASSED] - Text '10' is set on object 'Object Repository/PharmacyRequest/Page_KDMC-Pharmacy/input_txttreat'

2018-05-16 19:47:23 - [TEST_STEP][PASSED] - click: Object: 'Object Repository/PharmacyRequest/Page_KDMC-Pharmacy/button_Add' is clicked on

2018-05-16 19:47:23 - [MESSAGE][PASSED] - Object: 'Object Repository/PharmacyRequest/Page_KDMC-Pharmacy/button_Add' is clicked on

2018-05-16 19:47:23 - [TEST_STEP][PASSED] - selectOptionByIndex: All options with index in [7] are selected on object 'Object Repository/PharmacyRequest/Page_KDMC-Pharmacy/select_--Select--Schedule 1Inj'

2018-05-16 19:47:23 - [MESSAGE][PASSED] - All options with index in [7] are selected on object 'Object Repository/PharmacyRequest/Page_KDMC-Pharmacy/select_--Select--Schedule 1Inj'

2018-05-16 19:47:23 - [TEST_STEP][PASSED] - selectOptionByIndex: All options with index in [2] are selected on object 'Object Repository/PharmacyRequest/Page_KDMC-Pharmacy/select_--Select--Albendazole'

2018-05-16 19:47:23 - [MESSAGE][PASSED] - All options with index in [2] are selected on object 'Object Repository/PharmacyRequest/Page_KDMC-Pharmacy/select_--Select--Albendazole'

2018-05-16 19:47:23 - [TEST_STEP][PASSED] - setText: Text '10' is set on object 'Object Repository/PharmacyRequest/Page_KDMC-Pharmacy/input_txttreat'

2018-05-16 19:47:23 - [MESSAGE][PASSED] - Text '10' is set on object 'Object Repository/PharmacyRequest/Page_KDMC-Pharmacy/input_txttreat'

2018-05-16 19:47:23 - [TEST_STEP][PASSED] - click: Object: 'Object Repository/PharmacyRequest/Page_KDMC-Pharmacy/button_Add' is clicked on

2018-05-16 19:47:23 - [MESSAGE][PASSED] - Object: 'Object Repository/PharmacyRequest/Page_KDMC-Pharmacy/button_Add' is clicked on

2018-05-16 19:47:23 - [TEST_STEP][PASSED] - selectOptionByIndex: All options with index in [7] are selected on object 'Object Repository/PharmacyRequest/Page_KDMC-Pharmacy/select_--Select--Schedule 1Inj'

2018-05-16 19:47:23 - [MESSAGE][PASSED] - All options with index in [7] are selected on object 'Object Repository/PharmacyRequest/Page_KDMC-Pharmacy/select_--Select--Schedule 1Inj'

2018-05-16 19:47:23 - [TEST_STEP][PASSED] - selectOptionByIndex: All options with index in [3] are selected on object 'Object Repository/PharmacyRequest/Page_KDMC-Pharmacy/select_--Select--Albendazole'

2018-05-16 19:47:24 - [MESSAGE][PASSED] - All options with index in [3] are selected on object 'Object Repository/PharmacyRequest/Page_KDMC-Pharmacy/select_--Select--Albendazole'

2018-05-16 19:47:24 - [TEST_STEP][PASSED] - setText: Text '10' is set on object 'Object Repository/PharmacyRequest/Page_KDMC-Pharmacy/input_txttreat'

2018-05-16 19:47:24 - [MESSAGE][PASSED] - Text '10' is set on object 'Object Repository/PharmacyRequest/Page_KDMC-Pharmacy/input_txttreat'

2018-05-16 19:47:24 - [TEST_STEP][PASSED] - click: Object: 'Object Repository/PharmacyRequest/Page_KDMC-Pharmacy/button_Add' is clicked on

2018-05-16 19:47:24 - [MESSAGE][PASSED] - Object: 'Object Repository/PharmacyRequest/Page_KDMC-Pharmacy/button_Add' is clicked on

2018-05-16 19:47:24 - [TEST_STEP][PASSED] - selectOptionByIndex: All options with index in [7] are selected on object 'Object Repository/PharmacyRequest/Page_KDMC-Pharmacy/select_--Select--Schedule 1Inj'

2018-05-16 19:47:24 - [MESSAGE][PASSED] - All options with index in [7] are selected on object 'Object Repository/PharmacyRequest/Page_KDMC-Pharmacy/select_--Select--Schedule 1Inj'

2018-05-16 19:47:24 - [TEST_STEP][PASSED] - selectOptionByIndex: All options with index in [4] are selected on object 'Object Repository/PharmacyRequest/Page_KDMC-Pharmacy/select_--Select--Albendazole'

2018-05-16 19:47:24 - [MESSAGE][PASSED] - All options with index in [4] are selected on object 'Object Repository/PharmacyRequest/Page_KDMC-Pharmacy/select_--Select--Albendazole'

2018-05-16 19:47:24 - [TEST_STEP][PASSED] - setText: Text '10' is set on object 'Object Repository/PharmacyRequest/Page_KDMC-Pharmacy/input_txttreat'

2018-05-16 19:47:24 - [MESSAGE][PASSED] - Text '10' is set on object 'Object Repository/PharmacyRequest/Page_KDMC-Pharmacy/input_txttreat'

2018-05-16 19:47:24 - [TEST_STEP][PASSED] - click: Object: 'Object Repository/PharmacyRequest/Page_KDMC-Pharmacy/button_Add' is clicked on

2018-05-16 19:47:24 - [MESSAGE][PASSED] - Object: 'Object Repository/PharmacyRequest/Page_KDMC-Pharmacy/button_Add' is clicked on

2018-05-16 19:47:24 - [TEST_STEP][PASSED] - selectOptionByIndex: All options with index in [7] are selected on object 'Object Repository/PharmacyRequest/Page_KDMC-Pharmacy/select_--Select--Schedule 1Inj'

2018-05-16 19:47:24 - [MESSAGE][PASSED] - All options with index in [7] are selected on object 'Object Repository/PharmacyRequest/Page_KDMC-Pharmacy/select_--Select--Schedule 1Inj'

2018-05-16 19:47:24 - [TEST_STEP][PASSED] - selectOptionByIndex: All options with index in [5] are selected on object 'Object Repository/PharmacyRequest/Page_KDMC-Pharmacy/select_--Select--Albendazole'

2018-05-16 19:47:24 - [MESSAGE][PASSED] - All options with index in [5] are selected on object 'Object Repository/PharmacyRequest/Page_KDMC-Pharmacy/select_--Select--Albendazole'

2018-05-16 19:47:24 - [TEST_STEP][PASSED] - setText: Text '10' is set on object 'Object Repository/PharmacyRequest/Page_KDMC-Pharmacy/input_txttreat'

2018-05-16 19:47:25 - [MESSAGE][PASSED] - Text '10' is set on object 'Object Repository/PharmacyRequest/Page_KDMC-Pharmacy/input_txttreat'

2018-05-16 19:47:25 - [TEST_STEP][PASSED] - click: Object: 'Object Repository/PharmacyRequest/Page_KDMC-Pharmacy/button_Add' is clicked on

2018-05-16 19:47:25 - [MESSAGE][PASSED] - Object: 'Object Repository/PharmacyRequest/Page_KDMC-Pharmacy/button_Add' is clicked on

2018-05-16 19:47:25 - [TEST_STEP][PASSED] - selectOptionByIndex: All options with index in [7] are selected on object 'Object Repository/PharmacyRequest/Page_KDMC-Pharmacy/select_--Select--Schedule 1Inj'

2018-05-16 19:47:25 - [MESSAGE][PASSED] - All options with index in [7] are selected on object 'Object Repository/PharmacyRequest/Page_KDMC-Pharmacy/select_--Select--Schedule 1Inj'

2018-05-16 19:47:25 - [TEST_STEP][PASSED] - selectOptionByIndex: All options with index in [6] are selected on object 'Object Repository/PharmacyRequest/Page_KDMC-Pharmacy/select_--Select--Albendazole'

2018-05-16 19:47:25 - [MESSAGE][PASSED] - All options with index in [6] are selected on object 'Object Repository/PharmacyRequest/Page_KDMC-Pharmacy/select_--Select--Albendazole'

2018-05-16 19:47:25 - [TEST_STEP][PASSED] - setText: Text '10' is set on object 'Object Repository/PharmacyRequest/Page_KDMC-Pharmacy/input_txttreat'

2018-05-16 19:47:25 - [MESSAGE][PASSED] - Text '10' is set on object 'Object Repository/PharmacyRequest/Page_KDMC-Pharmacy/input_txttreat'

2018-05-16 19:47:25 - [TEST_STEP][PASSED] - click: Object: 'Object Repository/PharmacyRequest/Page_KDMC-Pharmacy/button_Add' is clicked on

2018-05-16 19:47:25 - [MESSAGE][PASSED] - Object: 'Object Repository/PharmacyRequest/Page_KDMC-Pharmacy/button_Add' is clicked on

2018-05-16 19:47:25 - [TEST_STEP][PASSED] - selectOptionByIndex: All options with index in [7] are selected on object 'Object Repository/PharmacyRequest/Page_KDMC-Pharmacy/select_--Select--Schedule 1Inj'

2018-05-16 19:47:25 - [MESSAGE][PASSED] - All options with index in [7] are selected on object 'Object Repository/PharmacyRequest/Page_KDMC-Pharmacy/select_--Select--Schedule 1Inj'

2018-05-16 19:47:25 - [TEST_STEP][PASSED] - selectOptionByIndex: All options with index in [7] are selected on object 'Object Repository/PharmacyRequest/Page_KDMC-Pharmacy/select_--Select--Albendazole'

2018-05-16 19:47:25 - [MESSAGE][PASSED] - All options with index in [7] are selected on object 'Object Repository/PharmacyRequest/Page_KDMC-Pharmacy/select_--Select--Albendazole'

2018-05-16 19:47:25 - [TEST_STEP][PASSED] - setText: Text '10' is set on object 'Object Repository/PharmacyRequest/Page_KDMC-Pharmacy/input_txttreat'

2018-05-16 19:47:25 - [MESSAGE][PASSED] - Text '10' is set on object 'Object Repository/PharmacyRequest/Page_KDMC-Pharmacy/input_txttreat'

2018-05-16 19:47:25 - [TEST_STEP][PASSED] - click: Object: 'Object Repository/PharmacyRequest/Page_KDMC-Pharmacy/button_Add' is clicked on

2018-05-16 19:47:25 - [MESSAGE][PASSED] - Object: 'Object Repository/PharmacyRequest/Page_KDMC-Pharmacy/button_Add' is clicked on

2018-05-16 19:47:25 - [TEST_STEP][PASSED] - selectOptionByIndex: All options with index in [7] are selected on object 'Object Repository/PharmacyRequest/Page_KDMC-Pharmacy/select_--Select--Schedule 1Inj'

2018-05-16 19:47:26 - [MESSAGE][PASSED] - All options with index in [7] are selected on object 'Object Repository/PharmacyRequest/Page_KDMC-Pharmacy/select_--Select--Schedule 1Inj'

2018-05-16 19:47:26 - [TEST_STEP][PASSED] - selectOptionByIndex: All options with index in [8] are selected on object 'Object Repository/PharmacyRequest/Page_KDMC-Pharmacy/select_--Select--Albendazole'

2018-05-16 19:47:26 - [MESSAGE][PASSED] - All options with index in [8] are selected on object 'Object Repository/PharmacyRequest/Page_KDMC-Pharmacy/select_--Select--Albendazole'

2018-05-16 19:47:26 - [TEST_STEP][PASSED] - setText: Text '10' is set on object 'Object Repository/PharmacyRequest/Page_KDMC-Pharmacy/input_txttreat'

2018-05-16 19:47:26 - [MESSAGE][PASSED] - Text '10' is set on object 'Object Repository/PharmacyRequest/Page_KDMC-Pharmacy/input_txttreat'

2018-05-16 19:47:26 - [TEST_STEP][PASSED] - click: Object: 'Object Repository/PharmacyRequest/Page_KDMC-Pharmacy/button_Add' is clicked on

2018-05-16 19:47:26 - [MESSAGE][PASSED] - Object: 'Object Repository/PharmacyRequest/Page_KDMC-Pharmacy/button_Add' is clicked on

2018-05-16 19:47:26 - [TEST_STEP][PASSED] - selectOptionByIndex: All options with index in [7] are selected on object 'Object Repository/PharmacyRequest/Page_KDMC-Pharmacy/select_--Select--Schedule 1Inj'

2018-05-16 19:47:26 - [MESSAGE][PASSED] - All options with index in [7] are selected on object 'Object Repository/PharmacyRequest/Page_KDMC-Pharmacy/select_--Select--Schedule 1Inj'

2018-05-16 19:47:26 - [TEST_STEP][PASSED] - selectOptionByIndex: All options with index in [9] are selected on object 'Object Repository/PharmacyRequest/Page_KDMC-Pharmacy/select_--Select--Albendazole'

2018-05-16 19:47:26 - [MESSAGE][PASSED] - All options with index in [9] are selected on object 'Object Repository/PharmacyRequest/Page_KDMC-Pharmacy/select_--Select--Albendazole'

2018-05-16 19:47:26 - [TEST_STEP][PASSED] - setText: Text '10' is set on object 'Object Repository/PharmacyRequest/Page_KDMC-Pharmacy/input_txttreat'

2018-05-16 19:47:26 - [MESSAGE][PASSED] - Text '10' is set on object 'Object Repository/PharmacyRequest/Page_KDMC-Pharmacy/input_txttreat'

2018-05-16 19:47:26 - [TEST_STEP][PASSED] - click: Object: 'Object Repository/PharmacyRequest/Page_KDMC-Pharmacy/button_Add' is clicked on

2018-05-16 19:47:26 - [MESSAGE][PASSED] - Object: 'Object Repository/PharmacyRequest/Page_KDMC-Pharmacy/button_Add' is clicked on

2018-05-16 19:47:26 - [TEST_STEP][PASSED] - selectOptionByIndex: All options with index in [7] are selected on object 'Object Repository/PharmacyRequest/Page_KDMC-Pharmacy/select_--Select--Schedule 1Inj'

2018-05-16 19:47:27 - [MESSAGE][PASSED] - All options with index in [7] are selected on object 'Object Repository/PharmacyRequest/Page_KDMC-Pharmacy/select_--Select--Schedule 1Inj'

2018-05-16 19:47:27 - [TEST_STEP][PASSED] - selectOptionByIndex: All options with index in [10] are selected on object 'Object Repository/PharmacyRequest/Page_KDMC-Pharmacy/select_--Select--Albendazole'

2018-05-16 19:47:27 - [MESSAGE][PASSED] - All options with index in [10] are selected on object 'Object Repository/PharmacyRequest/Page_KDMC-Pharmacy/select_--Select--Albendazole'

2018-05-16 19:47:27 - [TEST_STEP][PASSED] - setText: Text '10' is set on object 'Object Repository/PharmacyRequest/Page_KDMC-Pharmacy/input_txttreat'

2018-05-16 19:47:27 - [MESSAGE][PASSED] - Text '10' is set on object 'Object Repository/PharmacyRequest/Page_KDMC-Pharmacy/input_txttreat'

2018-05-16 19:47:27 - [TEST_STEP][PASSED] - click: Object: 'Object Repository/PharmacyRequest/Page_KDMC-Pharmacy/button_Add' is clicked on

2018-05-16 19:47:27 - [MESSAGE][PASSED] - Object: 'Object Repository/PharmacyRequest/Page_KDMC-Pharmacy/button_Add' is clicked on

2018-05-16 19:47:27 - [TEST_STEP][PASSED] - selectOptionByIndex: All options with index in [7] are selected on object 'Object Repository/PharmacyRequest/Page_KDMC-Pharmacy/select_--Select--Schedule 1Inj'

2018-05-16 19:47:27 - [MESSAGE][PASSED] - All options with index in [7] are selected on object 'Object Repository/PharmacyRequest/Page_KDMC-Pharmacy/select_--Select--Schedule 1Inj'

2018-05-16 19:47:27 - [TEST_STEP][PASSED] - selectOptionByIndex: All options with index in [11] are selected on object 'Object Repository/PharmacyRequest/Page_KDMC-Pharmacy/select_--Select--Albendazole'

2018-05-16 19:47:27 - [MESSAGE][PASSED] - All options with index in [11] are selected on object 'Object Repository/PharmacyRequest/Page_KDMC-Pharmacy/select_--Select--Albendazole'

2018-05-16 19:47:27 - [TEST_STEP][PASSED] - setText: Text '10' is set on object 'Object Repository/PharmacyRequest/Page_KDMC-Pharmacy/input_txttreat'

2018-05-16 19:47:27 - [MESSAGE][PASSED] - Text '10' is set on object 'Object Repository/PharmacyRequest/Page_KDMC-Pharmacy/input_txttreat'

2018-05-16 19:47:27 - [TEST_STEP][PASSED] - click: Object: 'Object Repository/PharmacyRequest/Page_KDMC-Pharmacy/button_Add' is clicked on

2018-05-16 19:47:27 - [MESSAGE][PASSED] - Object: 'Object Repository/PharmacyRequest/Page_KDMC-Pharmacy/button_Add' is clicked on

2018-05-16 19:47:27 - [TEST_STEP][PASSED] - selectOptionByIndex: All options with index in [7] are selected on object 'Object Repository/PharmacyRequest/Page_KDMC-Pharmacy/select_--Select--Schedule 1Inj'

2018-05-16 19:47:28 - [MESSAGE][PASSED] - All options with index in [7] are selected on object 'Object Repository/PharmacyRequest/Page_KDMC-Pharmacy/select_--Select--Schedule 1Inj'

2018-05-16 19:47:28 - [TEST_STEP][PASSED] - selectOptionByIndex: All options with index in [12] are selected on object 'Object Repository/PharmacyRequest/Page_KDMC-Pharmacy/select_--Select--Albendazole'

2018-05-16 19:47:28 - [MESSAGE][PASSED] - All options with index in [12] are selected on object 'Object Repository/PharmacyRequest/Page_KDMC-Pharmacy/select_--Select--Albendazole'

2018-05-16 19:47:28 - [TEST_STEP][PASSED] - setText: Text '10' is set on object 'Object Repository/PharmacyRequest/Page_KDMC-Pharmacy/input_txttreat'

2018-05-16 19:47:28 - [MESSAGE][PASSED] - Text '10' is set on object 'Object Repository/PharmacyRequest/Page_KDMC-Pharmacy/input_txttreat'

2018-05-16 19:47:28 - [TEST_STEP][PASSED] - click: Object: 'Object Repository/PharmacyRequest/Page_KDMC-Pharmacy/button_Add' is clicked on

2018-05-16 19:47:28 - [MESSAGE][PASSED] - Object: 'Object Repository/PharmacyRequest/Page_KDMC-Pharmacy/button_Add' is clicked on

2018-05-16 19:47:28 - [TEST_STEP][PASSED] - selectOptionByIndex: All options with index in [7] are selected on object 'Object Repository/PharmacyRequest/Page_KDMC-Pharmacy/select_--Select--Schedule 1Inj'

2018-05-16 19:47:28 - [MESSAGE][PASSED] - All options with index in [7] are selected on object 'Object Repository/PharmacyRequest/Page_KDMC-Pharmacy/select_--Select--Schedule 1Inj'

2018-05-16 19:47:28 - [TEST_STEP][PASSED] - selectOptionByIndex: All options with index in [13] are selected on object 'Object Repository/PharmacyRequest/Page_KDMC-Pharmacy/select_--Select--Albendazole'

2018-05-16 19:47:28 - [MESSAGE][PASSED] - All options with index in [13] are selected on object 'Object Repository/PharmacyRequest/Page_KDMC-Pharmacy/select_--Select--Albendazole'

2018-05-16 19:47:28 - [TEST_STEP][PASSED] - setText: Text '10' is set on object 'Object Repository/PharmacyRequest/Page_KDMC-Pharmacy/input_txttreat'

2018-05-16 19:47:28 - [MESSAGE][PASSED] - Text '10' is set on object 'Object Repository/PharmacyRequest/Page_KDMC-Pharmacy/input_txttreat'

2018-05-16 19:47:28 - [TEST_STEP][PASSED] - click: Object: 'Object Repository/PharmacyRequest/Page_KDMC-Pharmacy/button_Add' is clicked on

2018-05-16 19:47:28 - [MESSAGE][PASSED] - Object: 'Object Repository/PharmacyRequest/Page_KDMC-Pharmacy/button_Add' is clicked on

2018-05-16 19:47:28 - [TEST_STEP][PASSED] - selectOptionByIndex: All options with index in [7] are selected on object 'Object Repository/PharmacyRequest/Page_KDMC-Pharmacy/select_--Select--Schedule 1Inj'

2018-05-16 19:47:29 - [MESSAGE][PASSED] - All options with index in [7] are selected on object 'Object Repository/PharmacyRequest/Page_KDMC-Pharmacy/select_--Select--Schedule 1Inj'

2018-05-16 19:47:29 - [TEST_STEP][PASSED] - selectOptionByIndex: All options with index in [14] are selected on object 'Object Repository/PharmacyRequest/Page_KDMC-Pharmacy/select_--Select--Albendazole'

2018-05-16 19:47:29 - [MESSAGE][PASSED] - All options with index in [14] are selected on object 'Object Repository/PharmacyRequest/Page_KDMC-Pharmacy/select_--Select--Albendazole'

2018-05-16 19:47:29 - [TEST_STEP][PASSED] - setText: Text '10' is set on object 'Object Repository/PharmacyRequest/Page_KDMC-Pharmacy/input_txttreat'

2018-05-16 19:47:29 - [MESSAGE][PASSED] - Text '10' is set on object 'Object Repository/PharmacyRequest/Page_KDMC-Pharmacy/input_txttreat'

2018-05-16 19:47:29 - [TEST_STEP][PASSED] - click: Object: 'Object Repository/PharmacyRequest/Page_KDMC-Pharmacy/button_Add' is clicked on

2018-05-16 19:47:29 - [MESSAGE][PASSED] - Object: 'Object Repository/PharmacyRequest/Page_KDMC-Pharmacy/button_Add' is clicked on

2018-05-16 19:47:29 - [TEST_STEP][PASSED] - selectOptionByIndex: All options with index in [7] are selected on object 'Object Repository/PharmacyRequest/Page_KDMC-Pharmacy/select_--Select--Schedule 1Inj'

2018-05-16 19:47:29 - [MESSAGE][PASSED] - All options with index in [7] are selected on object 'Object Repository/PharmacyRequest/Page_KDMC-Pharmacy/select_--Select--Schedule 1Inj'

2018-05-16 19:47:29 - [TEST_STEP][PASSED] - selectOptionByIndex: All options with index in [15] are selected on object 'Object Repository/PharmacyRequest/Page_KDMC-Pharmacy/select_--Select--Albendazole'

2018-05-16 19:47:29 - [MESSAGE][PASSED] - All options with index in [15] are selected on object 'Object Repository/PharmacyRequest/Page_KDMC-Pharmacy/select_--Select--Albendazole'

2018-05-16 19:47:29 - [TEST_STEP][PASSED] - setText: Text '10' is set on object 'Object Repository/PharmacyRequest/Page_KDMC-Pharmacy/input_txttreat'

2018-05-16 19:47:29 - [MESSAGE][PASSED] - Text '10' is set on object 'Object Repository/PharmacyRequest/Page_KDMC-Pharmacy/input_txttreat'

2018-05-16 19:47:29 - [TEST_STEP][PASSED] - click: Object: 'Object Repository/PharmacyRequest/Page_KDMC-Pharmacy/button_Add' is clicked on

2018-05-16 19:47:29 - [MESSAGE][PASSED] - Object: 'Object Repository/PharmacyRequest/Page_KDMC-Pharmacy/button_Add' is clicked on

2018-05-16 19:47:29 - [TEST_STEP][PASSED] - selectOptionByIndex: All options with index in [7] are selected on object 'Object Repository/PharmacyRequest/Page_KDMC-Pharmacy/select_--Select--Schedule 1Inj'

2018-05-16 19:47:30 - [MESSAGE][PASSED] - All options with index in [7] are selected on object 'Object Repository/PharmacyRequest/Page_KDMC-Pharmacy/select_--Select--Schedule 1Inj'

2018-05-16 19:47:30 - [TEST_STEP][PASSED] - selectOptionByIndex: All options with index in [16] are selected on object 'Object Repository/PharmacyRequest/Page_KDMC-Pharmacy/select_--Select--Albendazole'

2018-05-16 19:47:30 - [MESSAGE][PASSED] - All options with index in [16] are selected on object 'Object Repository/PharmacyRequest/Page_KDMC-Pharmacy/select_--Select--Albendazole'

2018-05-16 19:47:30 - [TEST_STEP][PASSED] - setText: Text '10' is set on object 'Object Repository/PharmacyRequest/Page_KDMC-Pharmacy/input_txttreat'

2018-05-16 19:47:30 - [MESSAGE][PASSED] - Text '10' is set on object 'Object Repository/PharmacyRequest/Page_KDMC-Pharmacy/input_txttreat'

2018-05-16 19:47:30 - [TEST_STEP][PASSED] - click: Object: 'Object Repository/PharmacyRequest/Page_KDMC-Pharmacy/button_Add' is clicked on

2018-05-16 19:47:30 - [MESSAGE][PASSED] - Object: 'Object Repository/PharmacyRequest/Page_KDMC-Pharmacy/button_Add' is clicked on

2018-05-16 19:47:30 - [TEST_STEP][PASSED] - selectOptionByIndex: All options with index in [7] are selected on object 'Object Repository/PharmacyRequest/Page_KDMC-Pharmacy/select_--Select--Schedule 1Inj'

2018-05-16 19:47:30 - [MESSAGE][PASSED] - All options with index in [7] are selected on object 'Object Repository/PharmacyRequest/Page_KDMC-Pharmacy/select_--Select--Schedule 1Inj'

2018-05-16 19:47:30 - [TEST_STEP][PASSED] - selectOptionByIndex: All options with index in [17] are selected on object 'Object Repository/PharmacyRequest/Page_KDMC-Pharmacy/select_--Select--Albendazole'

2018-05-16 19:47:30 - [MESSAGE][PASSED] - All options with index in [17] are selected on object 'Object Repository/PharmacyRequest/Page_KDMC-Pharmacy/select_--Select--Albendazole'

2018-05-16 19:47:30 - [TEST_STEP][PASSED] - setText: Text '10' is set on object 'Object Repository/PharmacyRequest/Page_KDMC-Pharmacy/input_txttreat'

2018-05-16 19:47:30 - [MESSAGE][PASSED] - Text '10' is set on object 'Object Repository/PharmacyRequest/Page_KDMC-Pharmacy/input_txttreat'

2018-05-16 19:47:30 - [TEST_STEP][PASSED] - click: Object: 'Object Repository/PharmacyRequest/Page_KDMC-Pharmacy/button_Add' is clicked on

2018-05-16 19:47:30 - [MESSAGE][PASSED] - Object: 'Object Repository/PharmacyRequest/Page_KDMC-Pharmacy/button_Add' is clicked on

2018-05-16 19:47:30 - [TEST_STEP][PASSED] - selectOptionByIndex: All options with index in [7] are selected on object 'Object Repository/PharmacyRequest/Page_KDMC-Pharmacy/select_--Select--Schedule 1Inj'

2018-05-16 19:47:31 - [MESSAGE][PASSED] - All options with index in [7] are selected on object 'Object Repository/PharmacyRequest/Page_KDMC-Pharmacy/select_--Select--Schedule 1Inj'

2018-05-16 19:47:31 - [TEST_STEP][PASSED] - selectOptionByIndex: All options with index in [18] are selected on object 'Object Repository/PharmacyRequest/Page_KDMC-Pharmacy/select_--Select--Albendazole'

2018-05-16 19:47:31 - [MESSAGE][PASSED] - All options with index in [18] are selected on object 'Object Repository/PharmacyRequest/Page_KDMC-Pharmacy/select_--Select--Albendazole'

2018-05-16 19:47:31 - [TEST_STEP][PASSED] - setText: Text '10' is set on object 'Object Repository/PharmacyRequest/Page_KDMC-Pharmacy/input_txttreat'

2018-05-16 19:47:31 - [MESSAGE][PASSED] - Text '10' is set on object 'Object Repository/PharmacyRequest/Page_KDMC-Pharmacy/input_txttreat'

2018-05-16 19:47:31 - [TEST_STEP][PASSED] - click: Object: 'Object Repository/PharmacyRequest/Page_KDMC-Pharmacy/button_Add' is clicked on

2018-05-16 19:47:31 - [MESSAGE][PASSED] - Object: 'Object Repository/PharmacyRequest/Page_KDMC-Pharmacy/button_Add' is clicked on

2018-05-16 19:47:31 - [TEST_STEP][PASSED] - selectOptionByIndex: All options with index in [7] are selected on object 'Object Repository/PharmacyRequest/Page_KDMC-Pharmacy/select_--Select--Schedule 1Inj'

2018-05-16 19:47:31 - [MESSAGE][PASSED] - All options with index in [7] are selected on object 'Object Repository/PharmacyRequest/Page_KDMC-Pharmacy/select_--Select--Schedule 1Inj'

2018-05-16 19:47:31 - [TEST_STEP][PASSED] - selectOptionByIndex: All options with index in [19] are selected on object 'Object Repository/PharmacyRequest/Page_KDMC-Pharmacy/select_--Select--Albendazole'

2018-05-16 19:47:31 - [MESSAGE][PASSED] - All options with index in [19] are selected on object 'Object Repository/PharmacyRequest/Page_KDMC-Pharmacy/select_--Select--Albendazole'

2018-05-16 19:47:31 - [TEST_STEP][PASSED] - setText: Text '10' is set on object 'Object Repository/PharmacyRequest/Page_KDMC-Pharmacy/input_txttreat'

2018-05-16 19:47:31 - [MESSAGE][PASSED] - Text '10' is set on object 'Object Repository/PharmacyRequest/Page_KDMC-Pharmacy/input_txttreat'

2018-05-16 19:47:31 - [TEST_STEP][PASSED] - click: Object: 'Object Repository/PharmacyRequest/Page_KDMC-Pharmacy/button_Add' is clicked on

2018-05-16 19:47:32 - [MESSAGE][PASSED] - Object: 'Object Repository/PharmacyRequest/Page_KDMC-Pharmacy/button_Add' is clicked on

2018-05-16 19:47:32 - [TEST_STEP][PASSED] - selectOptionByIndex: All options with index in [7] are selected on object 'Object Repository/PharmacyRequest/Page_KDMC-Pharmacy/select_--Select--Schedule 1Inj'

2018-05-16 19:47:32 - [MESSAGE][PASSED] - All options with index in [7] are selected on object 'Object Repository/PharmacyRequest/Page_KDMC-Pharmacy/select_--Select--Schedule 1Inj'

2018-05-16 19:47:32 - [TEST_STEP][PASSED] - selectOptionByIndex: All options with index in [20] are selected on object 'Object Repository/PharmacyRequest/Page_KDMC-Pharmacy/select_--Select--Albendazole'

2018-05-16 19:47:32 - [MESSAGE][PASSED] - All options with index in [20] are selected on object 'Object Repository/PharmacyRequest/Page_KDMC-Pharmacy/select_--Select--Albendazole'

2018-05-16 19:47:32 - [TEST_STEP][PASSED] - setText: Text '10' is set on object 'Object Repository/PharmacyRequest/Page_KDMC-Pharmacy/input_txttreat'

2018-05-16 19:47:32 - [MESSAGE][PASSED] - Text '10' is set on object 'Object Repository/PharmacyRequest/Page_KDMC-Pharmacy/input_txttreat'

2018-05-16 19:47:32 - [TEST_STEP][PASSED] - click: Object: 'Object Repository/PharmacyRequest/Page_KDMC-Pharmacy/button_Add' is clicked on

2018-05-16 19:47:32 - [MESSAGE][PASSED] - Object: 'Object Repository/PharmacyRequest/Page_KDMC-Pharmacy/button_Add' is clicked on

2018-05-16 19:47:32 - [TEST_STEP][PASSED] - selectOptionByIndex: All options with index in [7] are selected on object 'Object Repository/PharmacyRequest/Page_KDMC-Pharmacy/select_--Select--Schedule 1Inj'

2018-05-16 19:47:32 - [MESSAGE][PASSED] - All options with index in [7] are selected on object 'Object Repository/PharmacyRequest/Page_KDMC-Pharmacy/select_--Select--Schedule 1Inj'

2018-05-16 19:47:32 - [TEST_STEP][PASSED] - selectOptionByIndex: All options with index in [21] are selected on object 'Object Repository/PharmacyRequest/Page_KDMC-Pharmacy/select_--Select--Albendazole'

2018-05-16 19:47:33 - [MESSAGE][PASSED] - All options with index in [21] are selected on object 'Object Repository/PharmacyRequest/Page_KDMC-Pharmacy/select_--Select--Albendazole'

2018-05-16 19:47:33 - [TEST_STEP][PASSED] - setText: Text '10' is set on object 'Object Repository/PharmacyRequest/Page_KDMC-Pharmacy/input_txttreat'

2018-05-16 19:47:33 - [MESSAGE][PASSED] - Text '10' is set on object 'Object Repository/PharmacyRequest/Page_KDMC-Pharmacy/input_txttreat'

2018-05-16 19:47:33 - [TEST_STEP][PASSED] - click: Object: 'Object Repository/PharmacyRequest/Page_KDMC-Pharmacy/button_Add' is clicked on

2018-05-16 19:47:33 - [MESSAGE][PASSED] - Object: 'Object Repository/PharmacyRequest/Page_KDMC-Pharmacy/button_Add' is clicked on

2018-05-16 19:47:33 - [TEST_STEP][PASSED] - selectOptionByIndex: All options with index in [7] are selected on object 'Object Repository/PharmacyRequest/Page_KDMC-Pharmacy/select_--Select--Schedule 1Inj'

2018-05-16 19:47:33 - [MESSAGE][PASSED] - All options with index in [7] are selected on object 'Object Repository/PharmacyRequest/Page_KDMC-Pharmacy/select_--Select--Schedule 1Inj'

2018-05-16 19:47:33 - [TEST_STEP][PASSED] - selectOptionByIndex: All options with index in [22] are selected on object 'Object Repository/PharmacyRequest/Page_KDMC-Pharmacy/select_--Select--Albendazole'

2018-05-16 19:47:33 - [MESSAGE][PASSED] - All options with index in [22] are selected on object 'Object Repository/PharmacyRequest/Page_KDMC-Pharmacy/select_--Select--Albendazole'

2018-05-16 19:47:33 - [TEST_STEP][PASSED] - setText: Text '10' is set on object 'Object Repository/PharmacyRequest/Page_KDMC-Pharmacy/input_txttreat'

2018-05-16 19:47:33 - [MESSAGE][PASSED] - Text '10' is set on object 'Object Repository/PharmacyRequest/Page_KDMC-Pharmacy/input_txttreat'

2018-05-16 19:47:33 - [TEST_STEP][PASSED] - click: Object: 'Object Repository/PharmacyRequest/Page_KDMC-Pharmacy/button_Add' is clicked on

2018-05-16 19:47:33 - [MESSAGE][PASSED] - Object: 'Object Repository/PharmacyRequest/Page_KDMC-Pharmacy/button_Add' is clicked on

2018-05-16 19:47:33 - [TEST_STEP][PASSED] - selectOptionByIndex: All options with index in [7] are selected on object 'Object Repository/PharmacyRequest/Page_KDMC-Pharmacy/select_--Select--Schedule 1Inj'

2018-05-16 19:47:33 - [MESSAGE][PASSED] - All options with index in [7] are selected on object 'Object Repository/PharmacyRequest/Page_KDMC-Pharmacy/select_--Select--Schedule 1Inj'

2018-05-16 19:47:33 - [TEST_STEP][PASSED] - selectOptionByIndex: All options with index in [23] are selected on object 'Object Repository/PharmacyRequest/Page_KDMC-Pharmacy/select_--Select--Albendazole'

2018-05-16 19:47:34 - [MESSAGE][PASSED] - All options with index in [23] are selected on object 'Object Repository/PharmacyRequest/Page_KDMC-Pharmacy/select_--Select--Albendazole'

2018-05-16 19:47:34 - [TEST_STEP][PASSED] - setText: Text '10' is set on object 'Object Repository/PharmacyRequest/Page_KDMC-Pharmacy/input_txttreat'

2018-05-16 19:47:34 - [MESSAGE][PASSED] - Text '10' is set on object 'Object Repository/PharmacyRequest/Page_KDMC-Pharmacy/input_txttreat'

2018-05-16 19:47:34 - [TEST_STEP][PASSED] - click: Object: 'Object Repository/PharmacyRequest/Page_KDMC-Pharmacy/button_Add' is clicked on

2018-05-16 19:47:34 - [MESSAGE][PASSED] - Object: 'Object Repository/PharmacyRequest/Page_KDMC-Pharmacy/button_Add' is clicked on

2018-05-16 19:47:34 - [TEST_STEP][PASSED] - Statement - RN1 = com.kms.katalon.core.webui.keyword.WebUiBuiltInKeywords.getAttribute(com.kms.katalon.core.testobject.ObjectRepository.findTestObject(PharmacyRequest/Page_KDMC-Pharmacy/input_txtno), "value"): Attribute 'value' of object 'Object Repository/PharmacyRequest/Page_KDMC-Pharmacy/input_txtno' is: 'PRNO/16052018/137'

2018-05-16 19:47:34 - [MESSAGE][PASSED] - Attribute 'value' of object 'Object Repository/PharmacyRequest/Page_KDMC-Pharmacy/input_txtno' is: 'PRNO/16052018/137'

2018-05-16 19:47:34 - [TEST_STEP][PASSED] - Statement - out.println(RN1): null

2018-05-16 19:47:34 - [TEST_STEP][PASSED] - Statement - RID = RN1.split("/")[2]: null

2018-05-16 19:47:34 - [TEST_STEP][PASSED] - scrollToElement: Scroll to object 'Object Repository/PharmacyRequest/Page_KDMC-Pharmacy/input_btnsave' successfully

2018-05-16 19:47:34 - [MESSAGE][PASSED] - Scroll to object 'Object Repository/PharmacyRequest/Page_KDMC-Pharmacy/input_btnsave' successfully

2018-05-16 19:47:34 - [TEST_STEP][PASSED] - click: Object: 'Object Repository/PharmacyRequest/Page_KDMC-Pharmacy/input_btnsave' is clicked on

2018-05-16 19:47:34 - [MESSAGE][PASSED] - Object: 'Object Repository/PharmacyRequest/Page_KDMC-Pharmacy/input_btnsave' is clicked on

2018-05-16 19:47:34 - [TEST_STEP][PASSED] - delay: Delayed 3 second(s)

2018-05-16 19:47:37 - [MESSAGE][PASSED] - Delayed 3 second(s)

2018-05-16 19:47:37 - [TEST_STEP][PASSED] - click: Object: 'Object Repository/PharmacyRequest/Page_KDMC-Pharmacy/button_OK' is clicked on

2018-05-16 19:47:38 - [MESSAGE][PASSED] - Object: 'Object Repository/PharmacyRequest/Page_KDMC-Pharmacy/button_OK' is clicked on

2018-05-16 19:47:38 - [TEST_STEP][PASSED] - delay: Delayed 3 second(s)

2018-05-16 19:47:41 - [MESSAGE][PASSED] - Delayed 3 second(s)

2018-05-16 19:47:41 - [TEST_STEP][PASSED] - click: Object: 'Object Repository/PharmacyRequest/Page_KDMC-Pharmacy/a_Back to Pharmacy' is clicked on

2018-05-16 19:47:41 - [MESSAGE][PASSED] - Object: 'Object Repository/PharmacyRequest/Page_KDMC-Pharmacy/a_Back to Pharmacy' is clicked on

2018-05-16 19:47:41 - [TEST_STEP][PASSED] - delay: Delayed 3 second(s)

2018-05-16 19:47:44 - [MESSAGE][PASSED] - Delayed 3 second(s)

2018-05-16 19:47:44 - [TEST_STEP][PASSED] - click: Object: 'Object Repository/PharmacyRequest/Page_KDMC - Pharmacy/a_dropdown-toggle' is clicked on

2018-05-16 19:47:44 - [MESSAGE][PASSED] - Object: 'Object Repository/PharmacyRequest/Page_KDMC - Pharmacy/a_dropdown-toggle' is clicked on

2018-05-16 19:47:44 - [TEST_STEP][PASSED] - click: Object: 'Object Repository/PharmacyRequest/Page_KDMC - Pharmacy/a_Sign out' is clicked on

2018-05-16 19:47:45 - [MESSAGE][PASSED] - Object: 'Object Repository/PharmacyRequest/Page_KDMC - Pharmacy/a_Sign out' is clicked on

2018-05-16 19:47:45 - [TEST_STEP][PASSED] - delay: Delayed 3 second(s)

2018-05-16 19:47:48 - [MESSAGE][PASSED] - Delayed 3 second(s)

2018-05-16 19:47:48 - [TEST_STEP][PASSED] - click: Object: 'Object Repository/PharmacyRequest/Page_KDMC/a_CMO' is clicked on

2018-05-16 19:47:48 - [MESSAGE][PASSED] - Object: 'Object Repository/PharmacyRequest/Page_KDMC/a_CMO' is clicked on

2018-05-16 19:47:48 - [TEST_STEP][PASSED] - setText: Text 'guru' is set on object 'Object Repository/PharmacyRequest/Page_CMO login/input_txtusername'

2018-05-16 19:47:48 - [MESSAGE][PASSED] - Text 'guru' is set on object 'Object Repository/PharmacyRequest/Page_CMO login/input_txtusername'

2018-05-16 19:47:48 - [TEST_STEP][PASSED] - setText: Text '123' is set on object 'Object Repository/PharmacyRequest/Page_CMO login/input_txtpassword'

2018-05-16 19:47:49 - [MESSAGE][PASSED] - Text '123' is set on object 'Object Repository/PharmacyRequest/Page_CMO login/input_txtpassword'

2018-05-16 19:47:49 - [TEST_STEP][PASSED] - delay: Delayed 3 second(s)

2018-05-16 19:47:52 - [MESSAGE][PASSED] - Delayed 3 second(s)

2018-05-16 19:47:52 - [TEST_STEP][PASSED] - click: Object: 'Object Repository/PharmacyRequest/Page_CMO login/button_Sign in' is clicked on

2018-05-16 19:47:52 - [MESSAGE][PASSED] - Object: 'Object Repository/PharmacyRequest/Page_CMO login/button_Sign in' is clicked on

2018-05-16 19:47:52 - [TEST_STEP][PASSED] - click: Object: 'Object Repository/PharmacyRequest/Page_KDMC - CMO/a_Department Wise Request' is clicked on

2018-05-16 19:47:53 - [MESSAGE][PASSED] - Object: 'Object Repository/PharmacyRequest/Page_KDMC - CMO/a_Department Wise Request' is clicked on

2018-05-16 19:47:53 - [TEST_STEP][PASSED] - selectOptionByIndex: All options with index in [2] are selected on object 'Object Repository/PharmacyRequest/Page_KDMC - CMO/select_--ALL--'

2018-05-16 19:47:53 - [MESSAGE][PASSED] - All options with index in [2] are selected on object 'Object Repository/PharmacyRequest/Page_KDMC - CMO/select_--ALL--'

2018-05-16 19:47:53 - [TEST_STEP][PASSED] - selectOptionByIndex: All options with index in [1] are selected on object 'Object Repository/PharmacyRequest/Page_KDMC - CMO/select_--ALL--                _1'

2018-05-16 19:47:53 - [MESSAGE][PASSED] - All options with index in [1] are selected on object 'Object Repository/PharmacyRequest/Page_KDMC - CMO/select_--ALL--                _1'

2018-05-16 19:47:53 - [TEST_STEP][PASSED] - click: Object: 'Object Repository/PharmacyRequest/Page_KDMC - CMO/input_btnsearch' is clicked on

2018-05-16 19:47:53 - [MESSAGE][PASSED] - Object: 'Object Repository/PharmacyRequest/Page_KDMC - CMO/input_btnsearch' is clicked on

2018-05-16 19:47:53 - [TEST_STEP][PASSED] - Statement - ID = com.kms.katalon.core.webui.keyword.WebUiBuiltInKeywords.modifyObjectProperty(com.kms.katalon.core.testobject.ObjectRepository.findTestObject(PharmacyRequest/Page_KDMC - CMO/input_2), "xpath", "equals", "//*[@id=" + RID + "]", true): Modify property of object successfully

2018-05-16 19:47:53 - [MESSAGE][PASSED] - Modify property of object successfully

2018-05-16 19:47:53 - [TEST_STEP][PASSED] - click: Object: 'Object Repository/PharmacyRequest/Page_KDMC - CMO/input_2' is clicked on

2018-05-16 19:47:54 - [MESSAGE][PASSED] - Object: 'Object Repository/PharmacyRequest/Page_KDMC - CMO/input_2' is clicked on

2018-05-16 19:47:54 - [TEST_STEP][PASSED] - delay: Delayed 3 second(s)

2018-05-16 19:47:57 - [MESSAGE][PASSED] - Delayed 3 second(s)

2018-05-16 19:47:57 - [TEST_STEP][PASSED] - selectOptionByIndex: All options with index in [1] are selected on object 'Object Repository/PharmacyRequest/Page_KDMC - CMO/select_--Select--'

2018-05-16 19:47:57 - [MESSAGE][PASSED] - All options with index in [1] are selected on object 'Object Repository/PharmacyRequest/Page_KDMC - CMO/select_--Select--'

2018-05-16 19:47:57 - [TEST_STEP][PASSED] - click: Object: 'Object Repository/PharmacyRequest/Page_KDMC - CMO/input_btnupdate' is clicked on

2018-05-16 19:47:57 - [MESSAGE][PASSED] - Object: 'Object Repository/PharmacyRequest/Page_KDMC - CMO/input_btnupdate' is clicked on

2018-05-16 19:47:57 - [TEST_STEP][PASSED] - delay: Delayed 3 second(s)

2018-05-16 19:48:00 - [MESSAGE][PASSED] - Delayed 3 second(s)

2018-05-16 19:48:00 - [TEST_STEP][PASSED] - click: Object: 'Object Repository/PharmacyRequest/Page_KDMC - CMO/button_OK' is clicked on

2018-05-16 19:48:00 - [MESSAGE][PASSED] - Object: 'Object Repository/PharmacyRequest/Page_KDMC - CMO/button_OK' is clicked on

2018-05-16 19:48:00 - [TEST_STEP][PASSED] - delay: Delayed 3 second(s)

2018-05-16 19:48:03 - [MESSAGE][PASSED] - Delayed 3 second(s)

2018-05-16 19:48:03 - [TEST_STEP][PASSED] - click: Object: 'Object Repository/PharmacyRequest/Page_KDMC - CMO/a_dropdown-toggle' is clicked on

2018-05-16 19:48:03 - [MESSAGE][PASSED] - Object: 'Object Repository/PharmacyRequest/Page_KDMC - CMO/a_dropdown-toggle' is clicked on

2018-05-16 19:48:03 - [TEST_STEP][PASSED] - click: Object: 'Object Repository/PharmacyRequest/Page_KDMC - CMO/a_Sign out' is clicked on

2018-05-16 19:48:04 - [MESSAGE][PASSED] - Object: 'Object Repository/PharmacyRequest/Page_KDMC - CMO/a_Sign out' is clicked on

2018-05-16 19:48:04 - [TEST_STEP][PASSED] - delay: Delayed 3 second(s)

2018-05-16 19:48:07 - [MESSAGE][PASSED] - Delayed 3 second(s)

2018-05-16 19:48:07 - [TEST_STEP][PASSED] - click: Object: 'Object Repository/PharmacyRequest/Page_KDMC/a_Divisional Store' is clicked on

2018-05-16 19:48:07 - [MESSAGE][PASSED] - Object: 'Object Repository/PharmacyRequest/Page_KDMC/a_Divisional Store' is clicked on

2018-05-16 19:48:07 - [TEST_STEP][PASSED] - setText: Text 'ragu' is set on object 'Object Repository/PharmacyRequest/Page_Divisonal Store Login/input_txtusername'

2018-05-16 19:48:07 - [MESSAGE][PASSED] - Text 'ragu' is set on object 'Object Repository/PharmacyRequest/Page_Divisonal Store Login/input_txtusername'

2018-05-16 19:48:07 - [TEST_STEP][PASSED] - setText: Text '123' is set on object 'Object Repository/PharmacyRequest/Page_Divisonal Store Login/input_txtpassword'

2018-05-16 19:48:07 - [MESSAGE][PASSED] - Text '123' is set on object 'Object Repository/PharmacyRequest/Page_Divisonal Store Login/input_txtpassword'

2018-05-16 19:48:07 - [TEST_STEP][PASSED] - delay: Delayed 3 second(s)

2018-05-16 19:48:10 - [MESSAGE][PASSED] - Delayed 3 second(s)

2018-05-16 19:48:10 - [TEST_STEP][PASSED] - click: Object: 'Object Repository/PharmacyRequest/Page_Divisonal Store Login/button_Sign in' is clicked on

2018-05-16 19:48:11 - [MESSAGE][PASSED] - Object: 'Object Repository/PharmacyRequest/Page_Divisonal Store Login/button_Sign in' is clicked on

2018-05-16 19:48:11 - [TEST_STEP][PASSED] - delay: Delayed 3 second(s)

2018-05-16 19:48:14 - [MESSAGE][PASSED] - Delayed 3 second(s)

2018-05-16 19:48:14 - [TEST_STEP][PASSED] - click: Object: 'Object Repository/PharmacyRequest/Page_Store/a_Pharmacy Request' is clicked on

2018-05-16 19:48:14 - [MESSAGE][PASSED] - Object: 'Object Repository/PharmacyRequest/Page_Store/a_Pharmacy Request' is clicked on

2018-05-16 19:48:14 - [TEST_STEP][PASSED] - click: Object: 'Object Repository/PharmacyRequest/Page_Store/a_Request Item Pharmacy' is clicked on

2018-05-16 19:48:15 - [MESSAGE][PASSED] - Object: 'Object Repository/PharmacyRequest/Page_Store/a_Request Item Pharmacy' is clicked on

2018-05-16 19:48:15 - [TEST_STEP][PASSED] - delay: Delayed 2 second(s)

2018-05-16 19:48:17 - [MESSAGE][PASSED] - Delayed 2 second(s)

2018-05-16 19:48:17 - [TEST_STEP][PASSED] - setText: Text 'PRNO/16052018/137' is set on object 'Object Repository/PharmacyRequest/Page_Store/input'

2018-05-16 19:48:17 - [MESSAGE][PASSED] - Text 'PRNO/16052018/137' is set on object 'Object Repository/PharmacyRequest/Page_Store/input'

2018-05-16 19:48:17 - [TEST_STEP][PASSED] - delay: Delayed 2 second(s)

2018-05-16 19:48:19 - [MESSAGE][PASSED] - Delayed 2 second(s)

2018-05-16 19:48:19 - [TEST_STEP][PASSED] - Statement - ChooseRequest = com.kms.katalon.core.webui.keyword.WebUiBuiltInKeywords.modifyObjectProperty(com.kms.katalon.core.testobject.ObjectRepository.findTestObject(PharmacyRequest/Page_Store/input_2), "xpath", "equals", "//*[@id=" + RID + "]", true): Modify property of object successfully

2018-05-16 19:48:19 - [MESSAGE][PASSED] - Modify property of object successfully

2018-05-16 19:48:19 - [TEST_STEP][PASSED] - click: Object: 'Object Repository/PharmacyRequest/Page_Store/input_2' is clicked on

2018-05-16 19:48:20 - [MESSAGE][PASSED] - Object: 'Object Repository/PharmacyRequest/Page_Store/input_2' is clicked on

2018-05-16 19:48:20 - [TEST_STEP][PASSED] - delay: Delayed 2 second(s)

2018-05-16 19:48:22 - [MESSAGE][PASSED] - Delayed 2 second(s)

2018-05-16 19:48:22 - [TEST_STEP][PASSED] - Statement - selectedoptions = com.kms.katalon.core.webui.keyword.WebUiBuiltInKeywords.getNumberOfTotalOption(com.kms.katalon.core.testobject.ObjectRepository.findTestObject(PharmacyRequest/Page_Store/select_--Select--Amlodepin -5)): 24 options of object 'Object Repository/PharmacyRequest/Page_Store/select_--Select--Amlodepin -5' counted

2018-05-16 19:48:22 - [MESSAGE][PASSED] - 24 options of object 'Object Repository/PharmacyRequest/Page_Store/select_--Select--Amlodepin -5' counted

2018-05-16 19:48:22 - [TEST_STEP][PASSED] - Statement - For ([a = 1, a <= selectedoptions - 1, (a++)]): null

2018-05-16 19:48:22 - [TEST_STEP][PASSED] - selectOptionByIndex: All options with index in [1] are selected on object 'Object Repository/PharmacyRequest/Page_Store/select_--Select--Amlodepin -5'

2018-05-16 19:48:22 - [MESSAGE][PASSED] - All options with index in [1] are selected on object 'Object Repository/PharmacyRequest/Page_Store/select_--Select--Amlodepin -5'

2018-05-16 19:48:22 - [TEST_STEP][PASSED] - delay: Delayed 1 second(s)

2018-05-16 19:48:23 - [MESSAGE][PASSED] - Delayed 1 second(s)

2018-05-16 19:48:23 - [TEST_STEP][PASSED] - Statement - RequestedQty = com.kms.katalon.core.webui.keyword.WebUiBuiltInKeywords.getAttribute(com.kms.katalon.core.testobject.ObjectRepository.findTestObject(PharmacyRequest/Page_Store/input_txttotal), "value"): Attribute 'value' of object 'Object Repository/PharmacyRequest/Page_Store/input_txttotal' is: '10'

2018-05-16 19:48:23 - [MESSAGE][PASSED] - Attribute 'value' of object 'Object Repository/PharmacyRequest/Page_Store/input_txttotal' is: '10'

2018-05-16 19:48:23 - [TEST_STEP][PASSED] - Statement - out.println("Requested QTY : " + RequestedQty): null

2018-05-16 19:48:23 - [TEST_STEP][PASSED] - Statement - BatchNumber = com.kms.katalon.core.webui.keyword.WebUiBuiltInKeywords.getNumberOfTotalOption(com.kms.katalon.core.testobject.ObjectRepository.findTestObject(PharmacyRequest/Page_Store/select_--Select--BA50)): 3 options of object 'Object Repository/PharmacyRequest/Page_Store/select_--Select--BA50' counted

2018-05-16 19:48:23 - [MESSAGE][PASSED] - 3 options of object 'Object Repository/PharmacyRequest/Page_Store/select_--Select--BA50' counted

2018-05-16 19:48:23 - [TEST_STEP][PASSED] - Statement - For ([g = 1, g <= BatchNumber - 1, (g++)]): null

2018-05-16 19:48:23 - [TEST_STEP][PASSED] - selectOptionByIndex: All options with index in [1] are selected on object 'Object Repository/PharmacyRequest/Page_Store/select_--Select--BA50'

2018-05-16 19:48:23 - [MESSAGE][PASSED] - All options with index in [1] are selected on object 'Object Repository/PharmacyRequest/Page_Store/select_--Select--BA50'

2018-05-16 19:48:23 - [TEST_STEP][PASSED] - delay: Delayed 1 second(s)

2018-05-16 19:48:24 - [MESSAGE][PASSED] - Delayed 1 second(s)

2018-05-16 19:48:24 - [TEST_STEP][PASSED] - Statement - StockQty = com.kms.katalon.core.webui.keyword.WebUiBuiltInKeywords.getAttribute(com.kms.katalon.core.testobject.ObjectRepository.findTestObject(PharmacyRequest/Page_Store/input_txtprice), "value"): Attribute 'value' of object 'Object Repository/PharmacyRequest/Page_Store/input_txtprice' is: '100'

2018-05-16 19:48:24 - [MESSAGE][PASSED] - Attribute 'value' of object 'Object Repository/PharmacyRequest/Page_Store/input_txtprice' is: '100'

2018-05-16 19:48:24 - [TEST_STEP][PASSED] - Statement - out.println("Stock QTY : " + StockQty): null

2018-05-16 19:48:24 - [TEST_STEP][PASSED] - delay: Delayed 1 second(s)

2018-05-16 19:48:25 - [MESSAGE][PASSED] - Delayed 1 second(s)

2018-05-16 19:48:25 - [TEST_STEP][PASSED] - Statement - If (java.lang.Integer.valueOf(StockQty) >= java.lang.Integer.valueOf(RequestedQty)): null

2018-05-16 19:48:25 - [TEST_STEP][PASSED] - delay: Delayed 1 second(s)

2018-05-16 19:48:26 - [MESSAGE][PASSED] - Delayed 1 second(s)

2018-05-16 19:48:26 - [TEST_STEP][PASSED] - setText: Text '10' is set on object 'Object Repository/PharmacyRequest/Page_Store/input_txtqty'

2018-05-16 19:48:26 - [MESSAGE][PASSED] - Text '10' is set on object 'Object Repository/PharmacyRequest/Page_Store/input_txtqty'

2018-05-16 19:48:26 - [TEST_STEP][PASSED] - click: Object: 'Object Repository/PharmacyRequest/Page_Store/button_Add' is clicked on

2018-05-16 19:48:26 - [MESSAGE][PASSED] - Object: 'Object Repository/PharmacyRequest/Page_Store/button_Add' is clicked on

2018-05-16 19:48:26 - [TEST_STEP][PASSED] - Statement - Break: null

2018-05-16 19:48:26 - [TEST_STEP][PASSED] - selectOptionByIndex: All options with index in [2] are selected on object 'Object Repository/PharmacyRequest/Page_Store/select_--Select--Amlodepin -5'

2018-05-16 19:48:27 - [MESSAGE][PASSED] - All options with index in [2] are selected on object 'Object Repository/PharmacyRequest/Page_Store/select_--Select--Amlodepin -5'

2018-05-16 19:48:27 - [TEST_STEP][PASSED] - delay: Delayed 1 second(s)

2018-05-16 19:48:28 - [MESSAGE][PASSED] - Delayed 1 second(s)

2018-05-16 19:48:28 - [TEST_STEP][PASSED] - Statement - RequestedQty = com.kms.katalon.core.webui.keyword.WebUiBuiltInKeywords.getAttribute(com.kms.katalon.core.testobject.ObjectRepository.findTestObject(PharmacyRequest/Page_Store/input_txttotal), "value"): Attribute 'value' of object 'Object Repository/PharmacyRequest/Page_Store/input_txttotal' is: '10'

2018-05-16 19:48:28 - [MESSAGE][PASSED] - Attribute 'value' of object 'Object Repository/PharmacyRequest/Page_Store/input_txttotal' is: '10'

2018-05-16 19:48:28 - [TEST_STEP][PASSED] - Statement - out.println("Requested QTY : " + RequestedQty): null

2018-05-16 19:48:28 - [TEST_STEP][PASSED] - Statement - BatchNumber = com.kms.katalon.core.webui.keyword.WebUiBuiltInKeywords.getNumberOfTotalOption(com.kms.katalon.core.testobject.ObjectRepository.findTestObject(PharmacyRequest/Page_Store/select_--Select--BA50)): 3 options of object 'Object Repository/PharmacyRequest/Page_Store/select_--Select--BA50' counted

2018-05-16 19:48:28 - [MESSAGE][PASSED] - 3 options of object 'Object Repository/PharmacyRequest/Page_Store/select_--Select--BA50' counted

2018-05-16 19:48:28 - [TEST_STEP][PASSED] - Statement - For ([g = 1, g <= BatchNumber - 1, (g++)]): null

2018-05-16 19:48:28 - [TEST_STEP][PASSED] - selectOptionByIndex: All options with index in [1] are selected on object 'Object Repository/PharmacyRequest/Page_Store/select_--Select--BA50'

2018-05-16 19:48:28 - [MESSAGE][PASSED] - All options with index in [1] are selected on object 'Object Repository/PharmacyRequest/Page_Store/select_--Select--BA50'

2018-05-16 19:48:28 - [TEST_STEP][PASSED] - delay: Delayed 1 second(s)

2018-05-16 19:48:29 - [MESSAGE][PASSED] - Delayed 1 second(s)

2018-05-16 19:48:29 - [TEST_STEP][PASSED] - Statement - StockQty = com.kms.katalon.core.webui.keyword.WebUiBuiltInKeywords.getAttribute(com.kms.katalon.core.testobject.ObjectRepository.findTestObject(PharmacyRequest/Page_Store/input_txtprice), "value"): Attribute 'value' of object 'Object Repository/PharmacyRequest/Page_Store/input_txtprice' is: '100'

2018-05-16 19:48:29 - [MESSAGE][PASSED] - Attribute 'value' of object 'Object Repository/PharmacyRequest/Page_Store/input_txtprice' is: '100'

2018-05-16 19:48:29 - [TEST_STEP][PASSED] - Statement - out.println("Stock QTY : " + StockQty): null

2018-05-16 19:48:29 - [TEST_STEP][PASSED] - delay: Delayed 1 second(s)

2018-05-16 19:48:30 - [MESSAGE][PASSED] - Delayed 1 second(s)

2018-05-16 19:48:30 - [TEST_STEP][PASSED] - Statement - If (java.lang.Integer.valueOf(StockQty) >= java.lang.Integer.valueOf(RequestedQty)): null

2018-05-16 19:48:30 - [TEST_STEP][PASSED] - delay: Delayed 1 second(s)

2018-05-16 19:48:31 - [MESSAGE][PASSED] - Delayed 1 second(s)

2018-05-16 19:48:31 - [TEST_STEP][PASSED] - setText: Text '10' is set on object 'Object Repository/PharmacyRequest/Page_Store/input_txtqty'

2018-05-16 19:48:31 - [MESSAGE][PASSED] - Text '10' is set on object 'Object Repository/PharmacyRequest/Page_Store/input_txtqty'

2018-05-16 19:48:31 - [TEST_STEP][PASSED] - click: Object: 'Object Repository/PharmacyRequest/Page_Store/button_Add' is clicked on

2018-05-16 19:48:31 - [MESSAGE][PASSED] - Object: 'Object Repository/PharmacyRequest/Page_Store/button_Add' is clicked on

2018-05-16 19:48:31 - [TEST_STEP][PASSED] - Statement - Break: null

2018-05-16 19:48:31 - [TEST_STEP][PASSED] - selectOptionByIndex: All options with index in [3] are selected on object 'Object Repository/PharmacyRequest/Page_Store/select_--Select--Amlodepin -5'

2018-05-16 19:48:31 - [MESSAGE][PASSED] - All options with index in [3] are selected on object 'Object Repository/PharmacyRequest/Page_Store/select_--Select--Amlodepin -5'

2018-05-16 19:48:31 - [TEST_STEP][PASSED] - delay: Delayed 1 second(s)

2018-05-16 19:48:32 - [MESSAGE][PASSED] - Delayed 1 second(s)

2018-05-16 19:48:32 - [TEST_STEP][PASSED] - Statement - RequestedQty = com.kms.katalon.core.webui.keyword.WebUiBuiltInKeywords.getAttribute(com.kms.katalon.core.testobject.ObjectRepository.findTestObject(PharmacyRequest/Page_Store/input_txttotal), "value"): Attribute 'value' of object 'Object Repository/PharmacyRequest/Page_Store/input_txttotal' is: '10'

2018-05-16 19:48:32 - [MESSAGE][PASSED] - Attribute 'value' of object 'Object Repository/PharmacyRequest/Page_Store/input_txttotal' is: '10'

2018-05-16 19:48:32 - [TEST_STEP][PASSED] - Statement - out.println("Requested QTY : " + RequestedQty): null

2018-05-16 19:48:32 - [TEST_STEP][PASSED] - Statement - BatchNumber = com.kms.katalon.core.webui.keyword.WebUiBuiltInKeywords.getNumberOfTotalOption(com.kms.katalon.core.testobject.ObjectRepository.findTestObject(PharmacyRequest/Page_Store/select_--Select--BA50)): 3 options of object 'Object Repository/PharmacyRequest/Page_Store/select_--Select--BA50' counted

2018-05-16 19:48:32 - [MESSAGE][PASSED] - 3 options of object 'Object Repository/PharmacyRequest/Page_Store/select_--Select--BA50' counted

2018-05-16 19:48:32 - [TEST_STEP][PASSED] - Statement - For ([g = 1, g <= BatchNumber - 1, (g++)]): null

2018-05-16 19:48:32 - [TEST_STEP][PASSED] - selectOptionByIndex: All options with index in [1] are selected on object 'Object Repository/PharmacyRequest/Page_Store/select_--Select--BA50'

2018-05-16 19:48:32 - [MESSAGE][PASSED] - All options with index in [1] are selected on object 'Object Repository/PharmacyRequest/Page_Store/select_--Select--BA50'

2018-05-16 19:48:32 - [TEST_STEP][PASSED] - delay: Delayed 1 second(s)

2018-05-16 19:48:33 - [MESSAGE][PASSED] - Delayed 1 second(s)

2018-05-16 19:48:33 - [TEST_STEP][PASSED] - Statement - StockQty = com.kms.katalon.core.webui.keyword.WebUiBuiltInKeywords.getAttribute(com.kms.katalon.core.testobject.ObjectRepository.findTestObject(PharmacyRequest/Page_Store/input_txtprice), "value"): Attribute 'value' of object 'Object Repository/PharmacyRequest/Page_Store/input_txtprice' is: '100'

2018-05-16 19:48:33 - [MESSAGE][PASSED] - Attribute 'value' of object 'Object Repository/PharmacyRequest/Page_Store/input_txtprice' is: '100'

2018-05-16 19:48:33 - [TEST_STEP][PASSED] - Statement - out.println("Stock QTY : " + StockQty): null

2018-05-16 19:48:33 - [TEST_STEP][PASSED] - delay: Delayed 1 second(s)

2018-05-16 19:48:34 - [MESSAGE][PASSED] - Delayed 1 second(s)

2018-05-16 19:48:34 - [TEST_STEP][PASSED] - Statement - If (java.lang.Integer.valueOf(StockQty) >= java.lang.Integer.valueOf(RequestedQty)): null

2018-05-16 19:48:34 - [TEST_STEP][PASSED] - delay: Delayed 1 second(s)

2018-05-16 19:48:35 - [MESSAGE][PASSED] - Delayed 1 second(s)

2018-05-16 19:48:35 - [TEST_STEP][PASSED] - setText: Text '10' is set on object 'Object Repository/PharmacyRequest/Page_Store/input_txtqty'

2018-05-16 19:48:36 - [MESSAGE][PASSED] - Text '10' is set on object 'Object Repository/PharmacyRequest/Page_Store/input_txtqty'

2018-05-16 19:48:36 - [TEST_STEP][PASSED] - click: Object: 'Object Repository/PharmacyRequest/Page_Store/button_Add' is clicked on

2018-05-16 19:48:36 - [MESSAGE][PASSED] - Object: 'Object Repository/PharmacyRequest/Page_Store/button_Add' is clicked on

2018-05-16 19:48:36 - [TEST_STEP][PASSED] - Statement - Break: null

2018-05-16 19:48:36 - [TEST_STEP][PASSED] - selectOptionByIndex: All options with index in [4] are selected on object 'Object Repository/PharmacyRequest/Page_Store/select_--Select--Amlodepin -5'

2018-05-16 19:48:36 - [MESSAGE][PASSED] - All options with index in [4] are selected on object 'Object Repository/PharmacyRequest/Page_Store/select_--Select--Amlodepin -5'

2018-05-16 19:48:36 - [TEST_STEP][PASSED] - delay: Delayed 1 second(s)

2018-05-16 19:48:37 - [MESSAGE][PASSED] - Delayed 1 second(s)

2018-05-16 19:48:37 - [TEST_STEP][PASSED] - Statement - RequestedQty = com.kms.katalon.core.webui.keyword.WebUiBuiltInKeywords.getAttribute(com.kms.katalon.core.testobject.ObjectRepository.findTestObject(PharmacyRequest/Page_Store/input_txttotal), "value"): Attribute 'value' of object 'Object Repository/PharmacyRequest/Page_Store/input_txttotal' is: '10'

2018-05-16 19:48:37 - [MESSAGE][PASSED] - Attribute 'value' of object 'Object Repository/PharmacyRequest/Page_Store/input_txttotal' is: '10'

2018-05-16 19:48:37 - [TEST_STEP][PASSED] - Statement - out.println("Requested QTY : " + RequestedQty): null

2018-05-16 19:48:37 - [TEST_STEP][PASSED] - Statement - BatchNumber = com.kms.katalon.core.webui.keyword.WebUiBuiltInKeywords.getNumberOfTotalOption(com.kms.katalon.core.testobject.ObjectRepository.findTestObject(PharmacyRequest/Page_Store/select_--Select--BA50)): 3 options of object 'Object Repository/PharmacyRequest/Page_Store/select_--Select--BA50' counted

2018-05-16 19:48:37 - [MESSAGE][PASSED] - 3 options of object 'Object Repository/PharmacyRequest/Page_Store/select_--Select--BA50' counted

2018-05-16 19:48:37 - [TEST_STEP][PASSED] - Statement - For ([g = 1, g <= BatchNumber - 1, (g++)]): null

2018-05-16 19:48:37 - [TEST_STEP][PASSED] - selectOptionByIndex: All options with index in [1] are selected on object 'Object Repository/PharmacyRequest/Page_Store/select_--Select--BA50'

2018-05-16 19:48:37 - [MESSAGE][PASSED] - All options with index in [1] are selected on object 'Object Repository/PharmacyRequest/Page_Store/select_--Select--BA50'

2018-05-16 19:48:37 - [TEST_STEP][PASSED] - delay: Delayed 1 second(s)

2018-05-16 19:48:38 - [MESSAGE][PASSED] - Delayed 1 second(s)

2018-05-16 19:48:38 - [TEST_STEP][PASSED] - Statement - StockQty = com.kms.katalon.core.webui.keyword.WebUiBuiltInKeywords.getAttribute(com.kms.katalon.core.testobject.ObjectRepository.findTestObject(PharmacyRequest/Page_Store/input_txtprice), "value"): Attribute 'value' of object 'Object Repository/PharmacyRequest/Page_Store/input_txtprice' is: '100'

2018-05-16 19:48:38 - [MESSAGE][PASSED] - Attribute 'value' of object 'Object Repository/PharmacyRequest/Page_Store/input_txtprice' is: '100'

2018-05-16 19:48:38 - [TEST_STEP][PASSED] - Statement - out.println("Stock QTY : " + StockQty): null

2018-05-16 19:48:38 - [TEST_STEP][PASSED] - delay: Delayed 1 second(s)

2018-05-16 19:48:39 - [MESSAGE][PASSED] - Delayed 1 second(s)

2018-05-16 19:48:39 - [TEST_STEP][PASSED] - Statement - If (java.lang.Integer.valueOf(StockQty) >= java.lang.Integer.valueOf(RequestedQty)): null

2018-05-16 19:48:39 - [TEST_STEP][PASSED] - delay: Delayed 1 second(s)

2018-05-16 19:48:40 - [MESSAGE][PASSED] - Delayed 1 second(s)

2018-05-16 19:48:40 - [TEST_STEP][PASSED] - setText: Text '10' is set on object 'Object Repository/PharmacyRequest/Page_Store/input_txtqty'

2018-05-16 19:48:40 - [MESSAGE][PASSED] - Text '10' is set on object 'Object Repository/PharmacyRequest/Page_Store/input_txtqty'

2018-05-16 19:48:40 - [TEST_STEP][PASSED] - click: Object: 'Object Repository/PharmacyRequest/Page_Store/button_Add' is clicked on

2018-05-16 19:48:40 - [MESSAGE][PASSED] - Object: 'Object Repository/PharmacyRequest/Page_Store/button_Add' is clicked on

2018-05-16 19:48:40 - [TEST_STEP][PASSED] - Statement - Break: null

2018-05-16 19:48:40 - [TEST_STEP][PASSED] - selectOptionByIndex: All options with index in [5] are selected on object 'Object Repository/PharmacyRequest/Page_Store/select_--Select--Amlodepin -5'

2018-05-16 19:48:40 - [MESSAGE][PASSED] - All options with index in [5] are selected on object 'Object Repository/PharmacyRequest/Page_Store/select_--Select--Amlodepin -5'

2018-05-16 19:48:40 - [TEST_STEP][PASSED] - delay: Delayed 1 second(s)

2018-05-16 19:48:41 - [MESSAGE][PASSED] - Delayed 1 second(s)

2018-05-16 19:48:41 - [TEST_STEP][PASSED] - Statement - RequestedQty = com.kms.katalon.core.webui.keyword.WebUiBuiltInKeywords.getAttribute(com.kms.katalon.core.testobject.ObjectRepository.findTestObject(PharmacyRequest/Page_Store/input_txttotal), "value"): Attribute 'value' of object 'Object Repository/PharmacyRequest/Page_Store/input_txttotal' is: '10'

2018-05-16 19:48:41 - [MESSAGE][PASSED] - Attribute 'value' of object 'Object Repository/PharmacyRequest/Page_Store/input_txttotal' is: '10'

2018-05-16 19:48:41 - [TEST_STEP][PASSED] - Statement - out.println("Requested QTY : " + RequestedQty): null

2018-05-16 19:48:41 - [TEST_STEP][PASSED] - Statement - BatchNumber = com.kms.katalon.core.webui.keyword.WebUiBuiltInKeywords.getNumberOfTotalOption(com.kms.katalon.core.testobject.ObjectRepository.findTestObject(PharmacyRequest/Page_Store/select_--Select--BA50)): 3 options of object 'Object Repository/PharmacyRequest/Page_Store/select_--Select--BA50' counted

2018-05-16 19:48:41 - [MESSAGE][PASSED] - 3 options of object 'Object Repository/PharmacyRequest/Page_Store/select_--Select--BA50' counted

2018-05-16 19:48:41 - [TEST_STEP][PASSED] - Statement - For ([g = 1, g <= BatchNumber - 1, (g++)]): null

2018-05-16 19:48:41 - [TEST_STEP][PASSED] - selectOptionByIndex: All options with index in [1] are selected on object 'Object Repository/PharmacyRequest/Page_Store/select_--Select--BA50'

2018-05-16 19:48:41 - [MESSAGE][PASSED] - All options with index in [1] are selected on object 'Object Repository/PharmacyRequest/Page_Store/select_--Select--BA50'

2018-05-16 19:48:41 - [TEST_STEP][PASSED] - delay: Delayed 1 second(s)

2018-05-16 19:48:42 - [MESSAGE][PASSED] - Delayed 1 second(s)

2018-05-16 19:48:42 - [TEST_STEP][PASSED] - Statement - StockQty = com.kms.katalon.core.webui.keyword.WebUiBuiltInKeywords.getAttribute(com.kms.katalon.core.testobject.ObjectRepository.findTestObject(PharmacyRequest/Page_Store/input_txtprice), "value"): Attribute 'value' of object 'Object Repository/PharmacyRequest/Page_Store/input_txtprice' is: '100'

2018-05-16 19:48:42 - [MESSAGE][PASSED] - Attribute 'value' of object 'Object Repository/PharmacyRequest/Page_Store/input_txtprice' is: '100'

2018-05-16 19:48:42 - [TEST_STEP][PASSED] - Statement - out.println("Stock QTY : " + StockQty): null

2018-05-16 19:48:42 - [TEST_STEP][PASSED] - delay: Delayed 1 second(s)

2018-05-16 19:48:43 - [MESSAGE][PASSED] - Delayed 1 second(s)

2018-05-16 19:48:43 - [TEST_STEP][PASSED] - Statement - If (java.lang.Integer.valueOf(StockQty) >= java.lang.Integer.valueOf(RequestedQty)): null

2018-05-16 19:48:43 - [TEST_STEP][PASSED] - delay: Delayed 1 second(s)

2018-05-16 19:48:44 - [MESSAGE][PASSED] - Delayed 1 second(s)

2018-05-16 19:48:44 - [TEST_STEP][PASSED] - setText: Text '10' is set on object 'Object Repository/PharmacyRequest/Page_Store/input_txtqty'

2018-05-16 19:48:45 - [MESSAGE][PASSED] - Text '10' is set on object 'Object Repository/PharmacyRequest/Page_Store/input_txtqty'

2018-05-16 19:48:45 - [TEST_STEP][PASSED] - click: Object: 'Object Repository/PharmacyRequest/Page_Store/button_Add' is clicked on

2018-05-16 19:48:45 - [MESSAGE][PASSED] - Object: 'Object Repository/PharmacyRequest/Page_Store/button_Add' is clicked on

2018-05-16 19:48:45 - [TEST_STEP][PASSED] - Statement - Break: null

2018-05-16 19:48:45 - [TEST_STEP][PASSED] - selectOptionByIndex: All options with index in [6] are selected on object 'Object Repository/PharmacyRequest/Page_Store/select_--Select--Amlodepin -5'

2018-05-16 19:48:45 - [MESSAGE][PASSED] - All options with index in [6] are selected on object 'Object Repository/PharmacyRequest/Page_Store/select_--Select--Amlodepin -5'

2018-05-16 19:48:45 - [TEST_STEP][PASSED] - delay: Delayed 1 second(s)

2018-05-16 19:48:46 - [MESSAGE][PASSED] - Delayed 1 second(s)

2018-05-16 19:48:46 - [TEST_STEP][PASSED] - Statement - RequestedQty = com.kms.katalon.core.webui.keyword.WebUiBuiltInKeywords.getAttribute(com.kms.katalon.core.testobject.ObjectRepository.findTestObject(PharmacyRequest/Page_Store/input_txttotal), "value"): Attribute 'value' of object 'Object Repository/PharmacyRequest/Page_Store/input_txttotal' is: '10'

2018-05-16 19:48:46 - [MESSAGE][PASSED] - Attribute 'value' of object 'Object Repository/PharmacyRequest/Page_Store/input_txttotal' is: '10'

2018-05-16 19:48:46 - [TEST_STEP][PASSED] - Statement - out.println("Requested QTY : " + RequestedQty): null

2018-05-16 19:48:46 - [TEST_STEP][PASSED] - Statement - BatchNumber = com.kms.katalon.core.webui.keyword.WebUiBuiltInKeywords.getNumberOfTotalOption(com.kms.katalon.core.testobject.ObjectRepository.findTestObject(PharmacyRequest/Page_Store/select_--Select--BA50)): 3 options of object 'Object Repository/PharmacyRequest/Page_Store/select_--Select--BA50' counted

2018-05-16 19:48:46 - [MESSAGE][PASSED] - 3 options of object 'Object Repository/PharmacyRequest/Page_Store/select_--Select--BA50' counted

2018-05-16 19:48:46 - [TEST_STEP][PASSED] - Statement - For ([g = 1, g <= BatchNumber - 1, (g++)]): null

2018-05-16 19:48:46 - [TEST_STEP][PASSED] - selectOptionByIndex: All options with index in [1] are selected on object 'Object Repository/PharmacyRequest/Page_Store/select_--Select--BA50'

2018-05-16 19:48:46 - [MESSAGE][PASSED] - All options with index in [1] are selected on object 'Object Repository/PharmacyRequest/Page_Store/select_--Select--BA50'

2018-05-16 19:48:46 - [TEST_STEP][PASSED] - delay: Delayed 1 second(s)

2018-05-16 19:48:47 - [MESSAGE][PASSED] - Delayed 1 second(s)

2018-05-16 19:48:47 - [TEST_STEP][PASSED] - Statement - StockQty = com.kms.katalon.core.webui.keyword.WebUiBuiltInKeywords.getAttribute(com.kms.katalon.core.testobject.ObjectRepository.findTestObject(PharmacyRequest/Page_Store/input_txtprice), "value"): Attribute 'value' of object 'Object Repository/PharmacyRequest/Page_Store/input_txtprice' is: '100'

2018-05-16 19:48:47 - [MESSAGE][PASSED] - Attribute 'value' of object 'Object Repository/PharmacyRequest/Page_Store/input_txtprice' is: '100'

2018-05-16 19:48:47 - [TEST_STEP][PASSED] - Statement - out.println("Stock QTY : " + StockQty): null

2018-05-16 19:48:47 - [TEST_STEP][PASSED] - delay: Delayed 1 second(s)

2018-05-16 19:48:48 - [MESSAGE][PASSED] - Delayed 1 second(s)

2018-05-16 19:48:48 - [TEST_STEP][PASSED] - Statement - If (java.lang.Integer.valueOf(StockQty) >= java.lang.Integer.valueOf(RequestedQty)): null

2018-05-16 19:48:48 - [TEST_STEP][PASSED] - delay: Delayed 1 second(s)

2018-05-16 19:48:49 - [MESSAGE][PASSED] - Delayed 1 second(s)

2018-05-16 19:48:49 - [TEST_STEP][PASSED] - setText: Text '10' is set on object 'Object Repository/PharmacyRequest/Page_Store/input_txtqty'

2018-05-16 19:48:49 - [MESSAGE][PASSED] - Text '10' is set on object 'Object Repository/PharmacyRequest/Page_Store/input_txtqty'

2018-05-16 19:48:49 - [TEST_STEP][PASSED] - click: Object: 'Object Repository/PharmacyRequest/Page_Store/button_Add' is clicked on

2018-05-16 19:48:49 - [MESSAGE][PASSED] - Object: 'Object Repository/PharmacyRequest/Page_Store/button_Add' is clicked on

2018-05-16 19:48:49 - [TEST_STEP][PASSED] - Statement - Break: null

2018-05-16 19:48:49 - [TEST_STEP][PASSED] - selectOptionByIndex: All options with index in [7] are selected on object 'Object Repository/PharmacyRequest/Page_Store/select_--Select--Amlodepin -5'

2018-05-16 19:48:49 - [MESSAGE][PASSED] - All options with index in [7] are selected on object 'Object Repository/PharmacyRequest/Page_Store/select_--Select--Amlodepin -5'

2018-05-16 19:48:49 - [TEST_STEP][PASSED] - delay: Delayed 1 second(s)

2018-05-16 19:48:50 - [MESSAGE][PASSED] - Delayed 1 second(s)

2018-05-16 19:48:50 - [TEST_STEP][PASSED] - Statement - RequestedQty = com.kms.katalon.core.webui.keyword.WebUiBuiltInKeywords.getAttribute(com.kms.katalon.core.testobject.ObjectRepository.findTestObject(PharmacyRequest/Page_Store/input_txttotal), "value"): Attribute 'value' of object 'Object Repository/PharmacyRequest/Page_Store/input_txttotal' is: '10'

2018-05-16 19:48:50 - [MESSAGE][PASSED] - Attribute 'value' of object 'Object Repository/PharmacyRequest/Page_Store/input_txttotal' is: '10'

2018-05-16 19:48:50 - [TEST_STEP][PASSED] - Statement - out.println("Requested QTY : " + RequestedQty): null

2018-05-16 19:48:50 - [TEST_STEP][PASSED] - Statement - BatchNumber = com.kms.katalon.core.webui.keyword.WebUiBuiltInKeywords.getNumberOfTotalOption(com.kms.katalon.core.testobject.ObjectRepository.findTestObject(PharmacyRequest/Page_Store/select_--Select--BA50)): 3 options of object 'Object Repository/PharmacyRequest/Page_Store/select_--Select--BA50' counted

2018-05-16 19:48:50 - [MESSAGE][PASSED] - 3 options of object 'Object Repository/PharmacyRequest/Page_Store/select_--Select--BA50' counted

2018-05-16 19:48:50 - [TEST_STEP][PASSED] - Statement - For ([g = 1, g <= BatchNumber - 1, (g++)]): null

2018-05-16 19:48:50 - [TEST_STEP][PASSED] - selectOptionByIndex: All options with index in [1] are selected on object 'Object Repository/PharmacyRequest/Page_Store/select_--Select--BA50'

2018-05-16 19:48:51 - [MESSAGE][PASSED] - All options with index in [1] are selected on object 'Object Repository/PharmacyRequest/Page_Store/select_--Select--BA50'

2018-05-16 19:48:51 - [TEST_STEP][PASSED] - delay: Delayed 1 second(s)

2018-05-16 19:48:52 - [MESSAGE][PASSED] - Delayed 1 second(s)

2018-05-16 19:48:52 - [TEST_STEP][PASSED] - Statement - StockQty = com.kms.katalon.core.webui.keyword.WebUiBuiltInKeywords.getAttribute(com.kms.katalon.core.testobject.ObjectRepository.findTestObject(PharmacyRequest/Page_Store/input_txtprice), "value"): Attribute 'value' of object 'Object Repository/PharmacyRequest/Page_Store/input_txtprice' is: '100'

2018-05-16 19:48:52 - [MESSAGE][PASSED] - Attribute 'value' of object 'Object Repository/PharmacyRequest/Page_Store/input_txtprice' is: '100'

2018-05-16 19:48:52 - [TEST_STEP][PASSED] - Statement - out.println("Stock QTY : " + StockQty): null

2018-05-16 19:48:52 - [TEST_STEP][PASSED] - delay: Delayed 1 second(s)

2018-05-16 19:48:53 - [MESSAGE][PASSED] - Delayed 1 second(s)

2018-05-16 19:48:53 - [TEST_STEP][PASSED] - Statement - If (java.lang.Integer.valueOf(StockQty) >= java.lang.Integer.valueOf(RequestedQty)): null

2018-05-16 19:48:53 - [TEST_STEP][PASSED] - delay: Delayed 1 second(s)

2018-05-16 19:48:54 - [MESSAGE][PASSED] - Delayed 1 second(s)

2018-05-16 19:48:54 - [TEST_STEP][PASSED] - setText: Text '10' is set on object 'Object Repository/PharmacyRequest/Page_Store/input_txtqty'

2018-05-16 19:48:54 - [MESSAGE][PASSED] - Text '10' is set on object 'Object Repository/PharmacyRequest/Page_Store/input_txtqty'

2018-05-16 19:48:54 - [TEST_STEP][PASSED] - click: Object: 'Object Repository/PharmacyRequest/Page_Store/button_Add' is clicked on

2018-05-16 19:48:54 - [MESSAGE][PASSED] - Object: 'Object Repository/PharmacyRequest/Page_Store/button_Add' is clicked on

2018-05-16 19:48:54 - [TEST_STEP][PASSED] - Statement - Break: null

2018-05-16 19:48:54 - [TEST_STEP][PASSED] - selectOptionByIndex: All options with index in [8] are selected on object 'Object Repository/PharmacyRequest/Page_Store/select_--Select--Amlodepin -5'

2018-05-16 19:48:54 - [MESSAGE][PASSED] - All options with index in [8] are selected on object 'Object Repository/PharmacyRequest/Page_Store/select_--Select--Amlodepin -5'

2018-05-16 19:48:54 - [TEST_STEP][PASSED] - delay: Delayed 1 second(s)

2018-05-16 19:48:55 - [MESSAGE][PASSED] - Delayed 1 second(s)

2018-05-16 19:48:55 - [TEST_STEP][PASSED] - Statement - RequestedQty = com.kms.katalon.core.webui.keyword.WebUiBuiltInKeywords.getAttribute(com.kms.katalon.core.testobject.ObjectRepository.findTestObject(PharmacyRequest/Page_Store/input_txttotal), "value"): Attribute 'value' of object 'Object Repository/PharmacyRequest/Page_Store/input_txttotal' is: '10'

2018-05-16 19:48:55 - [MESSAGE][PASSED] - Attribute 'value' of object 'Object Repository/PharmacyRequest/Page_Store/input_txttotal' is: '10'

2018-05-16 19:48:55 - [TEST_STEP][PASSED] - Statement - out.println("Requested QTY : " + RequestedQty): null

2018-05-16 19:48:55 - [TEST_STEP][PASSED] - Statement - BatchNumber = com.kms.katalon.core.webui.keyword.WebUiBuiltInKeywords.getNumberOfTotalOption(com.kms.katalon.core.testobject.ObjectRepository.findTestObject(PharmacyRequest/Page_Store/select_--Select--BA50)): 3 options of object 'Object Repository/PharmacyRequest/Page_Store/select_--Select--BA50' counted

2018-05-16 19:48:55 - [MESSAGE][PASSED] - 3 options of object 'Object Repository/PharmacyRequest/Page_Store/select_--Select--BA50' counted

2018-05-16 19:48:55 - [TEST_STEP][PASSED] - Statement - For ([g = 1, g <= BatchNumber - 1, (g++)]): null

2018-05-16 19:48:55 - [TEST_STEP][PASSED] - selectOptionByIndex: All options with index in [1] are selected on object 'Object Repository/PharmacyRequest/Page_Store/select_--Select--BA50'

2018-05-16 19:48:55 - [MESSAGE][PASSED] - All options with index in [1] are selected on object 'Object Repository/PharmacyRequest/Page_Store/select_--Select--BA50'

2018-05-16 19:48:55 - [TEST_STEP][PASSED] - delay: Delayed 1 second(s)

2018-05-16 19:48:56 - [MESSAGE][PASSED] - Delayed 1 second(s)

2018-05-16 19:48:56 - [TEST_STEP][PASSED] - Statement - StockQty = com.kms.katalon.core.webui.keyword.WebUiBuiltInKeywords.getAttribute(com.kms.katalon.core.testobject.ObjectRepository.findTestObject(PharmacyRequest/Page_Store/input_txtprice), "value"): Attribute 'value' of object 'Object Repository/PharmacyRequest/Page_Store/input_txtprice' is: '100'

2018-05-16 19:48:56 - [MESSAGE][PASSED] - Attribute 'value' of object 'Object Repository/PharmacyRequest/Page_Store/input_txtprice' is: '100'

2018-05-16 19:48:56 - [TEST_STEP][PASSED] - Statement - out.println("Stock QTY : " + StockQty): null

2018-05-16 19:48:56 - [TEST_STEP][PASSED] - delay: Delayed 1 second(s)

2018-05-16 19:48:57 - [MESSAGE][PASSED] - Delayed 1 second(s)

2018-05-16 19:48:57 - [TEST_STEP][PASSED] - Statement - If (java.lang.Integer.valueOf(StockQty) >= java.lang.Integer.valueOf(RequestedQty)): null

2018-05-16 19:48:57 - [TEST_STEP][PASSED] - delay: Delayed 1 second(s)

2018-05-16 19:48:58 - [MESSAGE][PASSED] - Delayed 1 second(s)

2018-05-16 19:48:58 - [TEST_STEP][PASSED] - setText: Text '10' is set on object 'Object Repository/PharmacyRequest/Page_Store/input_txtqty'

2018-05-16 19:48:58 - [MESSAGE][PASSED] - Text '10' is set on object 'Object Repository/PharmacyRequest/Page_Store/input_txtqty'

2018-05-16 19:48:58 - [TEST_STEP][PASSED] - click: Object: 'Object Repository/PharmacyRequest/Page_Store/button_Add' is clicked on

2018-05-16 19:48:58 - [MESSAGE][PASSED] - Object: 'Object Repository/PharmacyRequest/Page_Store/button_Add' is clicked on

2018-05-16 19:48:58 - [TEST_STEP][PASSED] - Statement - Break: null

2018-05-16 19:48:58 - [TEST_STEP][PASSED] - selectOptionByIndex: All options with index in [9] are selected on object 'Object Repository/PharmacyRequest/Page_Store/select_--Select--Amlodepin -5'

2018-05-16 19:48:59 - [MESSAGE][PASSED] - All options with index in [9] are selected on object 'Object Repository/PharmacyRequest/Page_Store/select_--Select--Amlodepin -5'

2018-05-16 19:48:59 - [TEST_STEP][PASSED] - delay: Delayed 1 second(s)

2018-05-16 19:49:00 - [MESSAGE][PASSED] - Delayed 1 second(s)

2018-05-16 19:49:00 - [TEST_STEP][PASSED] - Statement - RequestedQty = com.kms.katalon.core.webui.keyword.WebUiBuiltInKeywords.getAttribute(com.kms.katalon.core.testobject.ObjectRepository.findTestObject(PharmacyRequest/Page_Store/input_txttotal), "value"): Attribute 'value' of object 'Object Repository/PharmacyRequest/Page_Store/input_txttotal' is: '10'

2018-05-16 19:49:00 - [MESSAGE][PASSED] - Attribute 'value' of object 'Object Repository/PharmacyRequest/Page_Store/input_txttotal' is: '10'

2018-05-16 19:49:00 - [TEST_STEP][PASSED] - Statement - out.println("Requested QTY : " + RequestedQty): null

2018-05-16 19:49:00 - [TEST_STEP][PASSED] - Statement - BatchNumber = com.kms.katalon.core.webui.keyword.WebUiBuiltInKeywords.getNumberOfTotalOption(com.kms.katalon.core.testobject.ObjectRepository.findTestObject(PharmacyRequest/Page_Store/select_--Select--BA50)): 3 options of object 'Object Repository/PharmacyRequest/Page_Store/select_--Select--BA50' counted

2018-05-16 19:49:00 - [MESSAGE][PASSED] - 3 options of object 'Object Repository/PharmacyRequest/Page_Store/select_--Select--BA50' counted

2018-05-16 19:49:00 - [TEST_STEP][PASSED] - Statement - For ([g = 1, g <= BatchNumber - 1, (g++)]): null

2018-05-16 19:49:00 - [TEST_STEP][PASSED] - selectOptionByIndex: All options with index in [1] are selected on object 'Object Repository/PharmacyRequest/Page_Store/select_--Select--BA50'

2018-05-16 19:49:00 - [MESSAGE][PASSED] - All options with index in [1] are selected on object 'Object Repository/PharmacyRequest/Page_Store/select_--Select--BA50'

2018-05-16 19:49:00 - [TEST_STEP][PASSED] - delay: Delayed 1 second(s)

2018-05-16 19:49:01 - [MESSAGE][PASSED] - Delayed 1 second(s)

2018-05-16 19:49:01 - [TEST_STEP][PASSED] - Statement - StockQty = com.kms.katalon.core.webui.keyword.WebUiBuiltInKeywords.getAttribute(com.kms.katalon.core.testobject.ObjectRepository.findTestObject(PharmacyRequest/Page_Store/input_txtprice), "value"): Attribute 'value' of object 'Object Repository/PharmacyRequest/Page_Store/input_txtprice' is: '100'

2018-05-16 19:49:01 - [MESSAGE][PASSED] - Attribute 'value' of object 'Object Repository/PharmacyRequest/Page_Store/input_txtprice' is: '100'

2018-05-16 19:49:01 - [TEST_STEP][PASSED] - Statement - out.println("Stock QTY : " + StockQty): null

2018-05-16 19:49:01 - [TEST_STEP][PASSED] - delay: Delayed 1 second(s)

2018-05-16 19:49:02 - [MESSAGE][PASSED] - Delayed 1 second(s)

2018-05-16 19:49:02 - [TEST_STEP][PASSED] - Statement - If (java.lang.Integer.valueOf(StockQty) >= java.lang.Integer.valueOf(RequestedQty)): null

2018-05-16 19:49:02 - [TEST_STEP][PASSED] - delay: Delayed 1 second(s)

2018-05-16 19:49:03 - [MESSAGE][PASSED] - Delayed 1 second(s)

2018-05-16 19:49:03 - [TEST_STEP][PASSED] - setText: Text '10' is set on object 'Object Repository/PharmacyRequest/Page_Store/input_txtqty'

2018-05-16 19:49:03 - [MESSAGE][PASSED] - Text '10' is set on object 'Object Repository/PharmacyRequest/Page_Store/input_txtqty'

2018-05-16 19:49:03 - [TEST_STEP][PASSED] - click: Object: 'Object Repository/PharmacyRequest/Page_Store/button_Add' is clicked on

2018-05-16 19:49:03 - [MESSAGE][PASSED] - Object: 'Object Repository/PharmacyRequest/Page_Store/button_Add' is clicked on

2018-05-16 19:49:03 - [TEST_STEP][PASSED] - Statement - Break: null

2018-05-16 19:49:03 - [TEST_STEP][PASSED] - selectOptionByIndex: All options with index in [10] are selected on object 'Object Repository/PharmacyRequest/Page_Store/select_--Select--Amlodepin -5'

2018-05-16 19:49:03 - [MESSAGE][PASSED] - All options with index in [10] are selected on object 'Object Repository/PharmacyRequest/Page_Store/select_--Select--Amlodepin -5'

2018-05-16 19:49:03 - [TEST_STEP][PASSED] - delay: Delayed 1 second(s)

2018-05-16 19:49:04 - [MESSAGE][PASSED] - Delayed 1 second(s)

2018-05-16 19:49:04 - [TEST_STEP][PASSED] - Statement - RequestedQty = com.kms.katalon.core.webui.keyword.WebUiBuiltInKeywords.getAttribute(com.kms.katalon.core.testobject.ObjectRepository.findTestObject(PharmacyRequest/Page_Store/input_txttotal), "value"): Attribute 'value' of object 'Object Repository/PharmacyRequest/Page_Store/input_txttotal' is: '10'

2018-05-16 19:49:04 - [MESSAGE][PASSED] - Attribute 'value' of object 'Object Repository/PharmacyRequest/Page_Store/input_txttotal' is: '10'

2018-05-16 19:49:04 - [TEST_STEP][PASSED] - Statement - out.println("Requested QTY : " + RequestedQty): null

2018-05-16 19:49:04 - [TEST_STEP][PASSED] - Statement - BatchNumber = com.kms.katalon.core.webui.keyword.WebUiBuiltInKeywords.getNumberOfTotalOption(com.kms.katalon.core.testobject.ObjectRepository.findTestObject(PharmacyRequest/Page_Store/select_--Select--BA50)): 3 options of object 'Object Repository/PharmacyRequest/Page_Store/select_--Select--BA50' counted

2018-05-16 19:49:04 - [MESSAGE][PASSED] - 3 options of object 'Object Repository/PharmacyRequest/Page_Store/select_--Select--BA50' counted

2018-05-16 19:49:04 - [TEST_STEP][PASSED] - Statement - For ([g = 1, g <= BatchNumber - 1, (g++)]): null

2018-05-16 19:49:04 - [TEST_STEP][PASSED] - selectOptionByIndex: All options with index in [1] are selected on object 'Object Repository/PharmacyRequest/Page_Store/select_--Select--BA50'

2018-05-16 19:49:04 - [MESSAGE][PASSED] - All options with index in [1] are selected on object 'Object Repository/PharmacyRequest/Page_Store/select_--Select--BA50'

2018-05-16 19:49:04 - [TEST_STEP][PASSED] - delay: Delayed 1 second(s)

2018-05-16 19:49:05 - [MESSAGE][PASSED] - Delayed 1 second(s)

2018-05-16 19:49:05 - [TEST_STEP][PASSED] - Statement - StockQty = com.kms.katalon.core.webui.keyword.WebUiBuiltInKeywords.getAttribute(com.kms.katalon.core.testobject.ObjectRepository.findTestObject(PharmacyRequest/Page_Store/input_txtprice), "value"): Attribute 'value' of object 'Object Repository/PharmacyRequest/Page_Store/input_txtprice' is: '100'

2018-05-16 19:49:05 - [MESSAGE][PASSED] - Attribute 'value' of object 'Object Repository/PharmacyRequest/Page_Store/input_txtprice' is: '100'

2018-05-16 19:49:05 - [TEST_STEP][PASSED] - Statement - out.println("Stock QTY : " + StockQty): null

2018-05-16 19:49:05 - [TEST_STEP][PASSED] - delay: Delayed 1 second(s)

2018-05-16 19:49:06 - [MESSAGE][PASSED] - Delayed 1 second(s)

2018-05-16 19:49:06 - [TEST_STEP][PASSED] - Statement - If (java.lang.Integer.valueOf(StockQty) >= java.lang.Integer.valueOf(RequestedQty)): null

2018-05-16 19:49:06 - [TEST_STEP][PASSED] - delay: Delayed 1 second(s)

2018-05-16 19:49:07 - [MESSAGE][PASSED] - Delayed 1 second(s)

2018-05-16 19:49:07 - [TEST_STEP][PASSED] - setText: Text '10' is set on object 'Object Repository/PharmacyRequest/Page_Store/input_txtqty'

2018-05-16 19:49:07 - [MESSAGE][PASSED] - Text '10' is set on object 'Object Repository/PharmacyRequest/Page_Store/input_txtqty'

2018-05-16 19:49:07 - [TEST_STEP][PASSED] - click: Object: 'Object Repository/PharmacyRequest/Page_Store/button_Add' is clicked on

2018-05-16 19:49:07 - [MESSAGE][PASSED] - Object: 'Object Repository/PharmacyRequest/Page_Store/button_Add' is clicked on

2018-05-16 19:49:07 - [TEST_STEP][PASSED] - Statement - Break: null

2018-05-16 19:49:07 - [TEST_STEP][PASSED] - selectOptionByIndex: All options with index in [11] are selected on object 'Object Repository/PharmacyRequest/Page_Store/select_--Select--Amlodepin -5'

2018-05-16 19:49:08 - [MESSAGE][PASSED] - All options with index in [11] are selected on object 'Object Repository/PharmacyRequest/Page_Store/select_--Select--Amlodepin -5'

2018-05-16 19:49:08 - [TEST_STEP][PASSED] - delay: Delayed 1 second(s)

2018-05-16 19:49:09 - [MESSAGE][PASSED] - Delayed 1 second(s)

2018-05-16 19:49:09 - [TEST_STEP][PASSED] - Statement - RequestedQty = com.kms.katalon.core.webui.keyword.WebUiBuiltInKeywords.getAttribute(com.kms.katalon.core.testobject.ObjectRepository.findTestObject(PharmacyRequest/Page_Store/input_txttotal), "value"): Attribute 'value' of object 'Object Repository/PharmacyRequest/Page_Store/input_txttotal' is: '10'

2018-05-16 19:49:09 - [MESSAGE][PASSED] - Attribute 'value' of object 'Object Repository/PharmacyRequest/Page_Store/input_txttotal' is: '10'

2018-05-16 19:49:09 - [TEST_STEP][PASSED] - Statement - out.println("Requested QTY : " + RequestedQty): null

2018-05-16 19:49:09 - [TEST_STEP][PASSED] - Statement - BatchNumber = com.kms.katalon.core.webui.keyword.WebUiBuiltInKeywords.getNumberOfTotalOption(com.kms.katalon.core.testobject.ObjectRepository.findTestObject(PharmacyRequest/Page_Store/select_--Select--BA50)): 3 options of object 'Object Repository/PharmacyRequest/Page_Store/select_--Select--BA50' counted

2018-05-16 19:49:09 - [MESSAGE][PASSED] - 3 options of object 'Object Repository/PharmacyRequest/Page_Store/select_--Select--BA50' counted

2018-05-16 19:49:09 - [TEST_STEP][PASSED] - Statement - For ([g = 1, g <= BatchNumber - 1, (g++)]): null

2018-05-16 19:49:09 - [TEST_STEP][PASSED] - selectOptionByIndex: All options with index in [1] are selected on object 'Object Repository/PharmacyRequest/Page_Store/select_--Select--BA50'

2018-05-16 19:49:09 - [MESSAGE][PASSED] - All options with index in [1] are selected on object 'Object Repository/PharmacyRequest/Page_Store/select_--Select--BA50'

2018-05-16 19:49:09 - [TEST_STEP][PASSED] - delay: Delayed 1 second(s)

2018-05-16 19:49:10 - [MESSAGE][PASSED] - Delayed 1 second(s)

2018-05-16 19:49:10 - [TEST_STEP][PASSED] - Statement - StockQty = com.kms.katalon.core.webui.keyword.WebUiBuiltInKeywords.getAttribute(com.kms.katalon.core.testobject.ObjectRepository.findTestObject(PharmacyRequest/Page_Store/input_txtprice), "value"): Attribute 'value' of object 'Object Repository/PharmacyRequest/Page_Store/input_txtprice' is: '100'

2018-05-16 19:49:10 - [MESSAGE][PASSED] - Attribute 'value' of object 'Object Repository/PharmacyRequest/Page_Store/input_txtprice' is: '100'

2018-05-16 19:49:10 - [TEST_STEP][PASSED] - Statement - out.println("Stock QTY : " + StockQty): null

2018-05-16 19:49:10 - [TEST_STEP][PASSED] - delay: Delayed 1 second(s)

2018-05-16 19:49:11 - [MESSAGE][PASSED] - Delayed 1 second(s)

2018-05-16 19:49:11 - [TEST_STEP][PASSED] - Statement - If (java.lang.Integer.valueOf(StockQty) >= java.lang.Integer.valueOf(RequestedQty)): null

2018-05-16 19:49:11 - [TEST_STEP][PASSED] - delay: Delayed 1 second(s)

2018-05-16 19:49:12 - [MESSAGE][PASSED] - Delayed 1 second(s)

2018-05-16 19:49:12 - [TEST_STEP][PASSED] - setText: Text '10' is set on object 'Object Repository/PharmacyRequest/Page_Store/input_txtqty'

2018-05-16 19:49:12 - [MESSAGE][PASSED] - Text '10' is set on object 'Object Repository/PharmacyRequest/Page_Store/input_txtqty'

2018-05-16 19:49:12 - [TEST_STEP][PASSED] - click: Object: 'Object Repository/PharmacyRequest/Page_Store/button_Add' is clicked on

2018-05-16 19:49:12 - [MESSAGE][PASSED] - Object: 'Object Repository/PharmacyRequest/Page_Store/button_Add' is clicked on

2018-05-16 19:49:12 - [TEST_STEP][PASSED] - Statement - Break: null

2018-05-16 19:49:12 - [TEST_STEP][PASSED] - selectOptionByIndex: All options with index in [12] are selected on object 'Object Repository/PharmacyRequest/Page_Store/select_--Select--Amlodepin -5'

2018-05-16 19:49:12 - [MESSAGE][PASSED] - All options with index in [12] are selected on object 'Object Repository/PharmacyRequest/Page_Store/select_--Select--Amlodepin -5'

2018-05-16 19:49:12 - [TEST_STEP][PASSED] - delay: Delayed 1 second(s)

2018-05-16 19:49:13 - [MESSAGE][PASSED] - Delayed 1 second(s)

2018-05-16 19:49:13 - [TEST_STEP][PASSED] - Statement - RequestedQty = com.kms.katalon.core.webui.keyword.WebUiBuiltInKeywords.getAttribute(com.kms.katalon.core.testobject.ObjectRepository.findTestObject(PharmacyRequest/Page_Store/input_txttotal), "value"): Attribute 'value' of object 'Object Repository/PharmacyRequest/Page_Store/input_txttotal' is: '10'

2018-05-16 19:49:13 - [MESSAGE][PASSED] - Attribute 'value' of object 'Object Repository/PharmacyRequest/Page_Store/input_txttotal' is: '10'

2018-05-16 19:49:13 - [TEST_STEP][PASSED] - Statement - out.println("Requested QTY : " + RequestedQty): null

2018-05-16 19:49:13 - [TEST_STEP][PASSED] - Statement - BatchNumber = com.kms.katalon.core.webui.keyword.WebUiBuiltInKeywords.getNumberOfTotalOption(com.kms.katalon.core.testobject.ObjectRepository.findTestObject(PharmacyRequest/Page_Store/select_--Select--BA50)): 2 options of object 'Object Repository/PharmacyRequest/Page_Store/select_--Select--BA50' counted

2018-05-16 19:49:13 - [MESSAGE][PASSED] - 2 options of object 'Object Repository/PharmacyRequest/Page_Store/select_--Select--BA50' counted

2018-05-16 19:49:13 - [TEST_STEP][PASSED] - Statement - For ([g = 1, g <= BatchNumber - 1, (g++)]): null

2018-05-16 19:49:13 - [TEST_STEP][PASSED] - selectOptionByIndex: All options with index in [1] are selected on object 'Object Repository/PharmacyRequest/Page_Store/select_--Select--BA50'

2018-05-16 19:49:13 - [MESSAGE][PASSED] - All options with index in [1] are selected on object 'Object Repository/PharmacyRequest/Page_Store/select_--Select--BA50'

2018-05-16 19:49:13 - [TEST_STEP][PASSED] - delay: Delayed 1 second(s)

2018-05-16 19:49:14 - [MESSAGE][PASSED] - Delayed 1 second(s)

2018-05-16 19:49:14 - [TEST_STEP][PASSED] - Statement - StockQty = com.kms.katalon.core.webui.keyword.WebUiBuiltInKeywords.getAttribute(com.kms.katalon.core.testobject.ObjectRepository.findTestObject(PharmacyRequest/Page_Store/input_txtprice), "value"): Attribute 'value' of object 'Object Repository/PharmacyRequest/Page_Store/input_txtprice' is: '170'

2018-05-16 19:49:15 - [MESSAGE][PASSED] - Attribute 'value' of object 'Object Repository/PharmacyRequest/Page_Store/input_txtprice' is: '170'

2018-05-16 19:49:15 - [TEST_STEP][PASSED] - Statement - out.println("Stock QTY : " + StockQty): null

2018-05-16 19:49:15 - [TEST_STEP][PASSED] - delay: Delayed 1 second(s)

2018-05-16 19:49:16 - [MESSAGE][PASSED] - Delayed 1 second(s)

2018-05-16 19:49:16 - [TEST_STEP][PASSED] - Statement - If (java.lang.Integer.valueOf(StockQty) >= java.lang.Integer.valueOf(RequestedQty)): null

2018-05-16 19:49:16 - [TEST_STEP][PASSED] - delay: Delayed 1 second(s)

2018-05-16 19:49:17 - [MESSAGE][PASSED] - Delayed 1 second(s)

2018-05-16 19:49:17 - [TEST_STEP][PASSED] - setText: Text '10' is set on object 'Object Repository/PharmacyRequest/Page_Store/input_txtqty'

2018-05-16 19:49:17 - [MESSAGE][PASSED] - Text '10' is set on object 'Object Repository/PharmacyRequest/Page_Store/input_txtqty'

2018-05-16 19:49:17 - [TEST_STEP][PASSED] - click: Object: 'Object Repository/PharmacyRequest/Page_Store/button_Add' is clicked on

2018-05-16 19:49:17 - [MESSAGE][PASSED] - Object: 'Object Repository/PharmacyRequest/Page_Store/button_Add' is clicked on

2018-05-16 19:49:17 - [TEST_STEP][PASSED] - Statement - Break: null

2018-05-16 19:49:17 - [TEST_STEP][PASSED] - selectOptionByIndex: All options with index in [13] are selected on object 'Object Repository/PharmacyRequest/Page_Store/select_--Select--Amlodepin -5'

2018-05-16 19:49:17 - [MESSAGE][PASSED] - All options with index in [13] are selected on object 'Object Repository/PharmacyRequest/Page_Store/select_--Select--Amlodepin -5'

2018-05-16 19:49:17 - [TEST_STEP][PASSED] - delay: Delayed 1 second(s)

2018-05-16 19:49:18 - [MESSAGE][PASSED] - Delayed 1 second(s)

2018-05-16 19:49:18 - [TEST_STEP][PASSED] - Statement - RequestedQty = com.kms.katalon.core.webui.keyword.WebUiBuiltInKeywords.getAttribute(com.kms.katalon.core.testobject.ObjectRepository.findTestObject(PharmacyRequest/Page_Store/input_txttotal), "value"): Attribute 'value' of object 'Object Repository/PharmacyRequest/Page_Store/input_txttotal' is: '10'

2018-05-16 19:49:18 - [MESSAGE][PASSED] - Attribute 'value' of object 'Object Repository/PharmacyRequest/Page_Store/input_txttotal' is: '10'

2018-05-16 19:49:18 - [TEST_STEP][PASSED] - Statement - out.println("Requested QTY : " + RequestedQty): null

2018-05-16 19:49:18 - [TEST_STEP][PASSED] - Statement - BatchNumber = com.kms.katalon.core.webui.keyword.WebUiBuiltInKeywords.getNumberOfTotalOption(com.kms.katalon.core.testobject.ObjectRepository.findTestObject(PharmacyRequest/Page_Store/select_--Select--BA50)): 3 options of object 'Object Repository/PharmacyRequest/Page_Store/select_--Select--BA50' counted

2018-05-16 19:49:18 - [MESSAGE][PASSED] - 3 options of object 'Object Repository/PharmacyRequest/Page_Store/select_--Select--BA50' counted

2018-05-16 19:49:18 - [TEST_STEP][PASSED] - Statement - For ([g = 1, g <= BatchNumber - 1, (g++)]): null

2018-05-16 19:49:18 - [TEST_STEP][PASSED] - selectOptionByIndex: All options with index in [1] are selected on object 'Object Repository/PharmacyRequest/Page_Store/select_--Select--BA50'

2018-05-16 19:49:18 - [MESSAGE][PASSED] - All options with index in [1] are selected on object 'Object Repository/PharmacyRequest/Page_Store/select_--Select--BA50'

2018-05-16 19:49:18 - [TEST_STEP][PASSED] - delay: Delayed 1 second(s)

2018-05-16 19:49:19 - [MESSAGE][PASSED] - Delayed 1 second(s)

2018-05-16 19:49:19 - [TEST_STEP][PASSED] - Statement - StockQty = com.kms.katalon.core.webui.keyword.WebUiBuiltInKeywords.getAttribute(com.kms.katalon.core.testobject.ObjectRepository.findTestObject(PharmacyRequest/Page_Store/input_txtprice), "value"): Attribute 'value' of object 'Object Repository/PharmacyRequest/Page_Store/input_txtprice' is: '100'

2018-05-16 19:49:19 - [MESSAGE][PASSED] - Attribute 'value' of object 'Object Repository/PharmacyRequest/Page_Store/input_txtprice' is: '100'

2018-05-16 19:49:19 - [TEST_STEP][PASSED] - Statement - out.println("Stock QTY : " + StockQty): null

2018-05-16 19:49:19 - [TEST_STEP][PASSED] - delay: Delayed 1 second(s)

2018-05-16 19:49:20 - [MESSAGE][PASSED] - Delayed 1 second(s)

2018-05-16 19:49:20 - [TEST_STEP][PASSED] - Statement - If (java.lang.Integer.valueOf(StockQty) >= java.lang.Integer.valueOf(RequestedQty)): null

2018-05-16 19:49:20 - [TEST_STEP][PASSED] - delay: Delayed 1 second(s)

2018-05-16 19:49:21 - [MESSAGE][PASSED] - Delayed 1 second(s)

2018-05-16 19:49:21 - [TEST_STEP][PASSED] - setText: Text '10' is set on object 'Object Repository/PharmacyRequest/Page_Store/input_txtqty'

2018-05-16 19:49:21 - [MESSAGE][PASSED] - Text '10' is set on object 'Object Repository/PharmacyRequest/Page_Store/input_txtqty'

2018-05-16 19:49:21 - [TEST_STEP][PASSED] - click: Object: 'Object Repository/PharmacyRequest/Page_Store/button_Add' is clicked on

2018-05-16 19:49:21 - [MESSAGE][PASSED] - Object: 'Object Repository/PharmacyRequest/Page_Store/button_Add' is clicked on

2018-05-16 19:49:21 - [TEST_STEP][PASSED] - Statement - Break: null

2018-05-16 19:49:21 - [TEST_STEP][PASSED] - selectOptionByIndex: All options with index in [14] are selected on object 'Object Repository/PharmacyRequest/Page_Store/select_--Select--Amlodepin -5'

2018-05-16 19:49:22 - [MESSAGE][PASSED] - All options with index in [14] are selected on object 'Object Repository/PharmacyRequest/Page_Store/select_--Select--Amlodepin -5'

2018-05-16 19:49:22 - [TEST_STEP][PASSED] - delay: Delayed 1 second(s)

2018-05-16 19:49:23 - [MESSAGE][PASSED] - Delayed 1 second(s)

2018-05-16 19:49:23 - [TEST_STEP][PASSED] - Statement - RequestedQty = com.kms.katalon.core.webui.keyword.WebUiBuiltInKeywords.getAttribute(com.kms.katalon.core.testobject.ObjectRepository.findTestObject(PharmacyRequest/Page_Store/input_txttotal), "value"): Attribute 'value' of object 'Object Repository/PharmacyRequest/Page_Store/input_txttotal' is: '10'

2018-05-16 19:49:23 - [MESSAGE][PASSED] - Attribute 'value' of object 'Object Repository/PharmacyRequest/Page_Store/input_txttotal' is: '10'

2018-05-16 19:49:23 - [TEST_STEP][PASSED] - Statement - out.println("Requested QTY : " + RequestedQty): null

2018-05-16 19:49:23 - [TEST_STEP][PASSED] - Statement - BatchNumber = com.kms.katalon.core.webui.keyword.WebUiBuiltInKeywords.getNumberOfTotalOption(com.kms.katalon.core.testobject.ObjectRepository.findTestObject(PharmacyRequest/Page_Store/select_--Select--BA50)): 2 options of object 'Object Repository/PharmacyRequest/Page_Store/select_--Select--BA50' counted

2018-05-16 19:49:23 - [MESSAGE][PASSED] - 2 options of object 'Object Repository/PharmacyRequest/Page_Store/select_--Select--BA50' counted

2018-05-16 19:49:23 - [TEST_STEP][PASSED] - Statement - For ([g = 1, g <= BatchNumber - 1, (g++)]): null

2018-05-16 19:49:23 - [TEST_STEP][PASSED] - selectOptionByIndex: All options with index in [1] are selected on object 'Object Repository/PharmacyRequest/Page_Store/select_--Select--BA50'

2018-05-16 19:49:23 - [MESSAGE][PASSED] - All options with index in [1] are selected on object 'Object Repository/PharmacyRequest/Page_Store/select_--Select--BA50'

2018-05-16 19:49:23 - [TEST_STEP][PASSED] - delay: Delayed 1 second(s)

2018-05-16 19:49:24 - [MESSAGE][PASSED] - Delayed 1 second(s)

2018-05-16 19:49:24 - [TEST_STEP][PASSED] - Statement - StockQty = com.kms.katalon.core.webui.keyword.WebUiBuiltInKeywords.getAttribute(com.kms.katalon.core.testobject.ObjectRepository.findTestObject(PharmacyRequest/Page_Store/input_txtprice), "value"): Attribute 'value' of object 'Object Repository/PharmacyRequest/Page_Store/input_txtprice' is: '170'

2018-05-16 19:49:24 - [MESSAGE][PASSED] - Attribute 'value' of object 'Object Repository/PharmacyRequest/Page_Store/input_txtprice' is: '170'

2018-05-16 19:49:24 - [TEST_STEP][PASSED] - Statement - out.println("Stock QTY : " + StockQty): null

2018-05-16 19:49:24 - [TEST_STEP][PASSED] - delay: Delayed 1 second(s)

2018-05-16 19:49:25 - [MESSAGE][PASSED] - Delayed 1 second(s)

2018-05-16 19:49:25 - [TEST_STEP][PASSED] - Statement - If (java.lang.Integer.valueOf(StockQty) >= java.lang.Integer.valueOf(RequestedQty)): null

2018-05-16 19:49:25 - [TEST_STEP][PASSED] - delay: Delayed 1 second(s)

2018-05-16 19:49:26 - [MESSAGE][PASSED] - Delayed 1 second(s)

2018-05-16 19:49:26 - [TEST_STEP][PASSED] - setText: Text '10' is set on object 'Object Repository/PharmacyRequest/Page_Store/input_txtqty'

2018-05-16 19:49:26 - [MESSAGE][PASSED] - Text '10' is set on object 'Object Repository/PharmacyRequest/Page_Store/input_txtqty'

2018-05-16 19:49:26 - [TEST_STEP][PASSED] - click: Object: 'Object Repository/PharmacyRequest/Page_Store/button_Add' is clicked on

2018-05-16 19:49:26 - [MESSAGE][PASSED] - Object: 'Object Repository/PharmacyRequest/Page_Store/button_Add' is clicked on

2018-05-16 19:49:26 - [TEST_STEP][PASSED] - Statement - Break: null

2018-05-16 19:49:26 - [TEST_STEP][PASSED] - selectOptionByIndex: All options with index in [15] are selected on object 'Object Repository/PharmacyRequest/Page_Store/select_--Select--Amlodepin -5'

2018-05-16 19:49:26 - [MESSAGE][PASSED] - All options with index in [15] are selected on object 'Object Repository/PharmacyRequest/Page_Store/select_--Select--Amlodepin -5'

2018-05-16 19:49:26 - [TEST_STEP][PASSED] - delay: Delayed 1 second(s)

2018-05-16 19:49:27 - [MESSAGE][PASSED] - Delayed 1 second(s)

2018-05-16 19:49:27 - [TEST_STEP][PASSED] - Statement - RequestedQty = com.kms.katalon.core.webui.keyword.WebUiBuiltInKeywords.getAttribute(com.kms.katalon.core.testobject.ObjectRepository.findTestObject(PharmacyRequest/Page_Store/input_txttotal), "value"): Attribute 'value' of object 'Object Repository/PharmacyRequest/Page_Store/input_txttotal' is: '10'

2018-05-16 19:49:27 - [MESSAGE][PASSED] - Attribute 'value' of object 'Object Repository/PharmacyRequest/Page_Store/input_txttotal' is: '10'

2018-05-16 19:49:27 - [TEST_STEP][PASSED] - Statement - out.println("Requested QTY : " + RequestedQty): null

2018-05-16 19:49:27 - [TEST_STEP][PASSED] - Statement - BatchNumber = com.kms.katalon.core.webui.keyword.WebUiBuiltInKeywords.getNumberOfTotalOption(com.kms.katalon.core.testobject.ObjectRepository.findTestObject(PharmacyRequest/Page_Store/select_--Select--BA50)): 2 options of object 'Object Repository/PharmacyRequest/Page_Store/select_--Select--BA50' counted

2018-05-16 19:49:27 - [MESSAGE][PASSED] - 2 options of object 'Object Repository/PharmacyRequest/Page_Store/select_--Select--BA50' counted

2018-05-16 19:49:27 - [TEST_STEP][PASSED] - Statement - For ([g = 1, g <= BatchNumber - 1, (g++)]): null

2018-05-16 19:49:27 - [TEST_STEP][PASSED] - selectOptionByIndex: All options with index in [1] are selected on object 'Object Repository/PharmacyRequest/Page_Store/select_--Select--BA50'

2018-05-16 19:49:27 - [MESSAGE][PASSED] - All options with index in [1] are selected on object 'Object Repository/PharmacyRequest/Page_Store/select_--Select--BA50'

2018-05-16 19:49:27 - [TEST_STEP][PASSED] - delay: Delayed 1 second(s)

2018-05-16 19:49:28 - [MESSAGE][PASSED] - Delayed 1 second(s)

2018-05-16 19:49:28 - [TEST_STEP][PASSED] - Statement - StockQty = com.kms.katalon.core.webui.keyword.WebUiBuiltInKeywords.getAttribute(com.kms.katalon.core.testobject.ObjectRepository.findTestObject(PharmacyRequest/Page_Store/input_txtprice), "value"): Attribute 'value' of object 'Object Repository/PharmacyRequest/Page_Store/input_txtprice' is: '170'

2018-05-16 19:49:28 - [MESSAGE][PASSED] - Attribute 'value' of object 'Object Repository/PharmacyRequest/Page_Store/input_txtprice' is: '170'

2018-05-16 19:49:28 - [TEST_STEP][PASSED] - Statement - out.println("Stock QTY : " + StockQty): null

2018-05-16 19:49:28 - [TEST_STEP][PASSED] - delay: Delayed 1 second(s)

2018-05-16 19:49:29 - [MESSAGE][PASSED] - Delayed 1 second(s)

2018-05-16 19:49:29 - [TEST_STEP][PASSED] - Statement - If (java.lang.Integer.valueOf(StockQty) >= java.lang.Integer.valueOf(RequestedQty)): null

2018-05-16 19:49:29 - [TEST_STEP][PASSED] - delay: Delayed 1 second(s)

2018-05-16 19:49:30 - [MESSAGE][PASSED] - Delayed 1 second(s)

2018-05-16 19:49:30 - [TEST_STEP][PASSED] - setText: Text '10' is set on object 'Object Repository/PharmacyRequest/Page_Store/input_txtqty'

2018-05-16 19:49:31 - [MESSAGE][PASSED] - Text '10' is set on object 'Object Repository/PharmacyRequest/Page_Store/input_txtqty'

2018-05-16 19:49:31 - [TEST_STEP][PASSED] - click: Object: 'Object Repository/PharmacyRequest/Page_Store/button_Add' is clicked on

2018-05-16 19:49:31 - [MESSAGE][PASSED] - Object: 'Object Repository/PharmacyRequest/Page_Store/button_Add' is clicked on

2018-05-16 19:49:31 - [TEST_STEP][PASSED] - Statement - Break: null

2018-05-16 19:49:31 - [TEST_STEP][PASSED] - selectOptionByIndex: All options with index in [16] are selected on object 'Object Repository/PharmacyRequest/Page_Store/select_--Select--Amlodepin -5'

2018-05-16 19:49:31 - [MESSAGE][PASSED] - All options with index in [16] are selected on object 'Object Repository/PharmacyRequest/Page_Store/select_--Select--Amlodepin -5'

2018-05-16 19:49:31 - [TEST_STEP][PASSED] - delay: Delayed 1 second(s)

2018-05-16 19:49:32 - [MESSAGE][PASSED] - Delayed 1 second(s)

2018-05-16 19:49:32 - [TEST_STEP][PASSED] - Statement - RequestedQty = com.kms.katalon.core.webui.keyword.WebUiBuiltInKeywords.getAttribute(com.kms.katalon.core.testobject.ObjectRepository.findTestObject(PharmacyRequest/Page_Store/input_txttotal), "value"): Attribute 'value' of object 'Object Repository/PharmacyRequest/Page_Store/input_txttotal' is: '10'

2018-05-16 19:49:32 - [MESSAGE][PASSED] - Attribute 'value' of object 'Object Repository/PharmacyRequest/Page_Store/input_txttotal' is: '10'

2018-05-16 19:49:32 - [TEST_STEP][PASSED] - Statement - out.println("Requested QTY : " + RequestedQty): null

2018-05-16 19:49:32 - [TEST_STEP][PASSED] - Statement - BatchNumber = com.kms.katalon.core.webui.keyword.WebUiBuiltInKeywords.getNumberOfTotalOption(com.kms.katalon.core.testobject.ObjectRepository.findTestObject(PharmacyRequest/Page_Store/select_--Select--BA50)): 3 options of object 'Object Repository/PharmacyRequest/Page_Store/select_--Select--BA50' counted

2018-05-16 19:49:32 - [MESSAGE][PASSED] - 3 options of object 'Object Repository/PharmacyRequest/Page_Store/select_--Select--BA50' counted

2018-05-16 19:49:32 - [TEST_STEP][PASSED] - Statement - For ([g = 1, g <= BatchNumber - 1, (g++)]): null

2018-05-16 19:49:32 - [TEST_STEP][PASSED] - selectOptionByIndex: All options with index in [1] are selected on object 'Object Repository/PharmacyRequest/Page_Store/select_--Select--BA50'

2018-05-16 19:49:32 - [MESSAGE][PASSED] - All options with index in [1] are selected on object 'Object Repository/PharmacyRequest/Page_Store/select_--Select--BA50'

2018-05-16 19:49:32 - [TEST_STEP][PASSED] - delay: Delayed 1 second(s)

2018-05-16 19:49:33 - [MESSAGE][PASSED] - Delayed 1 second(s)

2018-05-16 19:49:33 - [TEST_STEP][PASSED] - Statement - StockQty = com.kms.katalon.core.webui.keyword.WebUiBuiltInKeywords.getAttribute(com.kms.katalon.core.testobject.ObjectRepository.findTestObject(PharmacyRequest/Page_Store/input_txtprice), "value"): Attribute 'value' of object 'Object Repository/PharmacyRequest/Page_Store/input_txtprice' is: '100'

2018-05-16 19:49:33 - [MESSAGE][PASSED] - Attribute 'value' of object 'Object Repository/PharmacyRequest/Page_Store/input_txtprice' is: '100'

2018-05-16 19:49:33 - [TEST_STEP][PASSED] - Statement - out.println("Stock QTY : " + StockQty): null

2018-05-16 19:49:33 - [TEST_STEP][PASSED] - delay: Delayed 1 second(s)

2018-05-16 19:49:34 - [MESSAGE][PASSED] - Delayed 1 second(s)

2018-05-16 19:49:34 - [TEST_STEP][PASSED] - Statement - If (java.lang.Integer.valueOf(StockQty) >= java.lang.Integer.valueOf(RequestedQty)): null

2018-05-16 19:49:34 - [TEST_STEP][PASSED] - delay: Delayed 1 second(s)

2018-05-16 19:49:35 - [MESSAGE][PASSED] - Delayed 1 second(s)

2018-05-16 19:49:35 - [TEST_STEP][PASSED] - setText: Text '10' is set on object 'Object Repository/PharmacyRequest/Page_Store/input_txtqty'

2018-05-16 19:49:35 - [MESSAGE][PASSED] - Text '10' is set on object 'Object Repository/PharmacyRequest/Page_Store/input_txtqty'

2018-05-16 19:49:35 - [TEST_STEP][PASSED] - click: Object: 'Object Repository/PharmacyRequest/Page_Store/button_Add' is clicked on

2018-05-16 19:49:35 - [MESSAGE][PASSED] - Object: 'Object Repository/PharmacyRequest/Page_Store/button_Add' is clicked on

2018-05-16 19:49:35 - [TEST_STEP][PASSED] - Statement - Break: null

2018-05-16 19:49:35 - [TEST_STEP][PASSED] - selectOptionByIndex: All options with index in [17] are selected on object 'Object Repository/PharmacyRequest/Page_Store/select_--Select--Amlodepin -5'

2018-05-16 19:49:35 - [MESSAGE][PASSED] - All options with index in [17] are selected on object 'Object Repository/PharmacyRequest/Page_Store/select_--Select--Amlodepin -5'

2018-05-16 19:49:35 - [TEST_STEP][PASSED] - delay: Delayed 1 second(s)

2018-05-16 19:49:36 - [MESSAGE][PASSED] - Delayed 1 second(s)

2018-05-16 19:49:36 - [TEST_STEP][PASSED] - Statement - RequestedQty = com.kms.katalon.core.webui.keyword.WebUiBuiltInKeywords.getAttribute(com.kms.katalon.core.testobject.ObjectRepository.findTestObject(PharmacyRequest/Page_Store/input_txttotal), "value"): Attribute 'value' of object 'Object Repository/PharmacyRequest/Page_Store/input_txttotal' is: '10'

2018-05-16 19:49:36 - [MESSAGE][PASSED] - Attribute 'value' of object 'Object Repository/PharmacyRequest/Page_Store/input_txttotal' is: '10'

2018-05-16 19:49:37 - [TEST_STEP][PASSED] - Statement - out.println("Requested QTY : " + RequestedQty): null

2018-05-16 19:49:37 - [TEST_STEP][PASSED] - Statement - BatchNumber = com.kms.katalon.core.webui.keyword.WebUiBuiltInKeywords.getNumberOfTotalOption(com.kms.katalon.core.testobject.ObjectRepository.findTestObject(PharmacyRequest/Page_Store/select_--Select--BA50)): 3 options of object 'Object Repository/PharmacyRequest/Page_Store/select_--Select--BA50' counted

2018-05-16 19:49:37 - [MESSAGE][PASSED] - 3 options of object 'Object Repository/PharmacyRequest/Page_Store/select_--Select--BA50' counted

2018-05-16 19:49:37 - [TEST_STEP][PASSED] - Statement - For ([g = 1, g <= BatchNumber - 1, (g++)]): null

2018-05-16 19:49:37 - [TEST_STEP][PASSED] - selectOptionByIndex: All options with index in [1] are selected on object 'Object Repository/PharmacyRequest/Page_Store/select_--Select--BA50'

2018-05-16 19:49:37 - [MESSAGE][PASSED] - All options with index in [1] are selected on object 'Object Repository/PharmacyRequest/Page_Store/select_--Select--BA50'

2018-05-16 19:49:37 - [TEST_STEP][PASSED] - delay: Delayed 1 second(s)

2018-05-16 19:49:38 - [MESSAGE][PASSED] - Delayed 1 second(s)

2018-05-16 19:49:38 - [TEST_STEP][PASSED] - Statement - StockQty = com.kms.katalon.core.webui.keyword.WebUiBuiltInKeywords.getAttribute(com.kms.katalon.core.testobject.ObjectRepository.findTestObject(PharmacyRequest/Page_Store/input_txtprice), "value"): Attribute 'value' of object 'Object Repository/PharmacyRequest/Page_Store/input_txtprice' is: '100'

2018-05-16 19:49:38 - [MESSAGE][PASSED] - Attribute 'value' of object 'Object Repository/PharmacyRequest/Page_Store/input_txtprice' is: '100'

2018-05-16 19:49:38 - [TEST_STEP][PASSED] - Statement - out.println("Stock QTY : " + StockQty): null

2018-05-16 19:49:38 - [TEST_STEP][PASSED] - delay: Delayed 1 second(s)

2018-05-16 19:49:39 - [MESSAGE][PASSED] - Delayed 1 second(s)

2018-05-16 19:49:39 - [TEST_STEP][PASSED] - Statement - If (java.lang.Integer.valueOf(StockQty) >= java.lang.Integer.valueOf(RequestedQty)): null

2018-05-16 19:49:39 - [TEST_STEP][PASSED] - delay: Delayed 1 second(s)

2018-05-16 19:49:40 - [MESSAGE][PASSED] - Delayed 1 second(s)

2018-05-16 19:49:40 - [TEST_STEP][PASSED] - setText: Text '10' is set on object 'Object Repository/PharmacyRequest/Page_Store/input_txtqty'

2018-05-16 19:49:40 - [MESSAGE][PASSED] - Text '10' is set on object 'Object Repository/PharmacyRequest/Page_Store/input_txtqty'

2018-05-16 19:49:40 - [TEST_STEP][PASSED] - click: Object: 'Object Repository/PharmacyRequest/Page_Store/button_Add' is clicked on

2018-05-16 19:49:40 - [MESSAGE][PASSED] - Object: 'Object Repository/PharmacyRequest/Page_Store/button_Add' is clicked on

2018-05-16 19:49:40 - [TEST_STEP][PASSED] - Statement - Break: null

2018-05-16 19:49:40 - [TEST_STEP][PASSED] - selectOptionByIndex: All options with index in [18] are selected on object 'Object Repository/PharmacyRequest/Page_Store/select_--Select--Amlodepin -5'

2018-05-16 19:49:40 - [MESSAGE][PASSED] - All options with index in [18] are selected on object 'Object Repository/PharmacyRequest/Page_Store/select_--Select--Amlodepin -5'

2018-05-16 19:49:40 - [TEST_STEP][PASSED] - delay: Delayed 1 second(s)

2018-05-16 19:49:41 - [MESSAGE][PASSED] - Delayed 1 second(s)

2018-05-16 19:49:41 - [TEST_STEP][PASSED] - Statement - RequestedQty = com.kms.katalon.core.webui.keyword.WebUiBuiltInKeywords.getAttribute(com.kms.katalon.core.testobject.ObjectRepository.findTestObject(PharmacyRequest/Page_Store/input_txttotal), "value"): Attribute 'value' of object 'Object Repository/PharmacyRequest/Page_Store/input_txttotal' is: '10'

2018-05-16 19:49:41 - [MESSAGE][PASSED] - Attribute 'value' of object 'Object Repository/PharmacyRequest/Page_Store/input_txttotal' is: '10'

2018-05-16 19:49:41 - [TEST_STEP][PASSED] - Statement - out.println("Requested QTY : " + RequestedQty): null

2018-05-16 19:49:41 - [TEST_STEP][PASSED] - Statement - BatchNumber = com.kms.katalon.core.webui.keyword.WebUiBuiltInKeywords.getNumberOfTotalOption(com.kms.katalon.core.testobject.ObjectRepository.findTestObject(PharmacyRequest/Page_Store/select_--Select--BA50)): 3 options of object 'Object Repository/PharmacyRequest/Page_Store/select_--Select--BA50' counted

2018-05-16 19:49:41 - [MESSAGE][PASSED] - 3 options of object 'Object Repository/PharmacyRequest/Page_Store/select_--Select--BA50' counted

2018-05-16 19:49:41 - [TEST_STEP][PASSED] - Statement - For ([g = 1, g <= BatchNumber - 1, (g++)]): null

2018-05-16 19:49:41 - [TEST_STEP][PASSED] - selectOptionByIndex: All options with index in [1] are selected on object 'Object Repository/PharmacyRequest/Page_Store/select_--Select--BA50'

2018-05-16 19:49:41 - [MESSAGE][PASSED] - All options with index in [1] are selected on object 'Object Repository/PharmacyRequest/Page_Store/select_--Select--BA50'

2018-05-16 19:49:41 - [TEST_STEP][PASSED] - delay: Delayed 1 second(s)

2018-05-16 19:49:42 - [MESSAGE][PASSED] - Delayed 1 second(s)

2018-05-16 19:49:42 - [TEST_STEP][PASSED] - Statement - StockQty = com.kms.katalon.core.webui.keyword.WebUiBuiltInKeywords.getAttribute(com.kms.katalon.core.testobject.ObjectRepository.findTestObject(PharmacyRequest/Page_Store/input_txtprice), "value"): Attribute 'value' of object 'Object Repository/PharmacyRequest/Page_Store/input_txtprice' is: '100'

2018-05-16 19:49:42 - [MESSAGE][PASSED] - Attribute 'value' of object 'Object Repository/PharmacyRequest/Page_Store/input_txtprice' is: '100'

2018-05-16 19:49:42 - [TEST_STEP][PASSED] - Statement - out.println("Stock QTY : " + StockQty): null

2018-05-16 19:49:42 - [TEST_STEP][PASSED] - delay: Delayed 1 second(s)

2018-05-16 19:49:43 - [MESSAGE][PASSED] - Delayed 1 second(s)

2018-05-16 19:49:43 - [TEST_STEP][PASSED] - Statement - If (java.lang.Integer.valueOf(StockQty) >= java.lang.Integer.valueOf(RequestedQty)): null

2018-05-16 19:49:43 - [TEST_STEP][PASSED] - delay: Delayed 1 second(s)

2018-05-16 19:49:44 - [MESSAGE][PASSED] - Delayed 1 second(s)

2018-05-16 19:49:44 - [TEST_STEP][PASSED] - setText: Text '10' is set on object 'Object Repository/PharmacyRequest/Page_Store/input_txtqty'

2018-05-16 19:49:44 - [MESSAGE][PASSED] - Text '10' is set on object 'Object Repository/PharmacyRequest/Page_Store/input_txtqty'

2018-05-16 19:49:44 - [TEST_STEP][PASSED] - click: Object: 'Object Repository/PharmacyRequest/Page_Store/button_Add' is clicked on

2018-05-16 19:49:44 - [MESSAGE][PASSED] - Object: 'Object Repository/PharmacyRequest/Page_Store/button_Add' is clicked on

2018-05-16 19:49:44 - [TEST_STEP][PASSED] - Statement - Break: null

2018-05-16 19:49:44 - [TEST_STEP][PASSED] - selectOptionByIndex: All options with index in [19] are selected on object 'Object Repository/PharmacyRequest/Page_Store/select_--Select--Amlodepin -5'

2018-05-16 19:49:45 - [MESSAGE][PASSED] - All options with index in [19] are selected on object 'Object Repository/PharmacyRequest/Page_Store/select_--Select--Amlodepin -5'

2018-05-16 19:49:45 - [TEST_STEP][PASSED] - delay: Delayed 1 second(s)

2018-05-16 19:49:46 - [MESSAGE][PASSED] - Delayed 1 second(s)

2018-05-16 19:49:46 - [TEST_STEP][PASSED] - Statement - RequestedQty = com.kms.katalon.core.webui.keyword.WebUiBuiltInKeywords.getAttribute(com.kms.katalon.core.testobject.ObjectRepository.findTestObject(PharmacyRequest/Page_Store/input_txttotal), "value"): Attribute 'value' of object 'Object Repository/PharmacyRequest/Page_Store/input_txttotal' is: '10'

2018-05-16 19:49:46 - [MESSAGE][PASSED] - Attribute 'value' of object 'Object Repository/PharmacyRequest/Page_Store/input_txttotal' is: '10'

2018-05-16 19:49:46 - [TEST_STEP][PASSED] - Statement - out.println("Requested QTY : " + RequestedQty): null

2018-05-16 19:49:46 - [TEST_STEP][PASSED] - Statement - BatchNumber = com.kms.katalon.core.webui.keyword.WebUiBuiltInKeywords.getNumberOfTotalOption(com.kms.katalon.core.testobject.ObjectRepository.findTestObject(PharmacyRequest/Page_Store/select_--Select--BA50)): 3 options of object 'Object Repository/PharmacyRequest/Page_Store/select_--Select--BA50' counted

2018-05-16 19:49:46 - [MESSAGE][PASSED] - 3 options of object 'Object Repository/PharmacyRequest/Page_Store/select_--Select--BA50' counted

2018-05-16 19:49:46 - [TEST_STEP][PASSED] - Statement - For ([g = 1, g <= BatchNumber - 1, (g++)]): null

2018-05-16 19:49:46 - [TEST_STEP][PASSED] - selectOptionByIndex: All options with index in [1] are selected on object 'Object Repository/PharmacyRequest/Page_Store/select_--Select--BA50'

2018-05-16 19:49:46 - [MESSAGE][PASSED] - All options with index in [1] are selected on object 'Object Repository/PharmacyRequest/Page_Store/select_--Select--BA50'

2018-05-16 19:49:46 - [TEST_STEP][PASSED] - delay: Delayed 1 second(s)

2018-05-16 19:49:47 - [MESSAGE][PASSED] - Delayed 1 second(s)

2018-05-16 19:49:47 - [TEST_STEP][PASSED] - Statement - StockQty = com.kms.katalon.core.webui.keyword.WebUiBuiltInKeywords.getAttribute(com.kms.katalon.core.testobject.ObjectRepository.findTestObject(PharmacyRequest/Page_Store/input_txtprice), "value"): Attribute 'value' of object 'Object Repository/PharmacyRequest/Page_Store/input_txtprice' is: '100'

2018-05-16 19:49:47 - [MESSAGE][PASSED] - Attribute 'value' of object 'Object Repository/PharmacyRequest/Page_Store/input_txtprice' is: '100'

2018-05-16 19:49:47 - [TEST_STEP][PASSED] - Statement - out.println("Stock QTY : " + StockQty): null

2018-05-16 19:49:47 - [TEST_STEP][PASSED] - delay: Delayed 1 second(s)

2018-05-16 19:49:48 - [MESSAGE][PASSED] - Delayed 1 second(s)

2018-05-16 19:49:48 - [TEST_STEP][PASSED] - Statement - If (java.lang.Integer.valueOf(StockQty) >= java.lang.Integer.valueOf(RequestedQty)): null

2018-05-16 19:49:48 - [TEST_STEP][PASSED] - delay: Delayed 1 second(s)

2018-05-16 19:49:49 - [MESSAGE][PASSED] - Delayed 1 second(s)

2018-05-16 19:49:49 - [TEST_STEP][PASSED] - setText: Text '10' is set on object 'Object Repository/PharmacyRequest/Page_Store/input_txtqty'

2018-05-16 19:49:49 - [MESSAGE][PASSED] - Text '10' is set on object 'Object Repository/PharmacyRequest/Page_Store/input_txtqty'

2018-05-16 19:49:49 - [TEST_STEP][PASSED] - click: Object: 'Object Repository/PharmacyRequest/Page_Store/button_Add' is clicked on

2018-05-16 19:49:49 - [MESSAGE][PASSED] - Object: 'Object Repository/PharmacyRequest/Page_Store/button_Add' is clicked on

2018-05-16 19:49:49 - [TEST_STEP][PASSED] - Statement - Break: null

2018-05-16 19:49:49 - [TEST_STEP][PASSED] - selectOptionByIndex: All options with index in [20] are selected on object 'Object Repository/PharmacyRequest/Page_Store/select_--Select--Amlodepin -5'

2018-05-16 19:49:49 - [MESSAGE][PASSED] - All options with index in [20] are selected on object 'Object Repository/PharmacyRequest/Page_Store/select_--Select--Amlodepin -5'

2018-05-16 19:49:49 - [TEST_STEP][PASSED] - delay: Delayed 1 second(s)

2018-05-16 19:49:50 - [MESSAGE][PASSED] - Delayed 1 second(s)

2018-05-16 19:49:50 - [TEST_STEP][PASSED] - Statement - RequestedQty = com.kms.katalon.core.webui.keyword.WebUiBuiltInKeywords.getAttribute(com.kms.katalon.core.testobject.ObjectRepository.findTestObject(PharmacyRequest/Page_Store/input_txttotal), "value"): Attribute 'value' of object 'Object Repository/PharmacyRequest/Page_Store/input_txttotal' is: '10'

2018-05-16 19:49:50 - [MESSAGE][PASSED] - Attribute 'value' of object 'Object Repository/PharmacyRequest/Page_Store/input_txttotal' is: '10'

2018-05-16 19:49:50 - [TEST_STEP][PASSED] - Statement - out.println("Requested QTY : " + RequestedQty): null

2018-05-16 19:49:50 - [TEST_STEP][PASSED] - Statement - BatchNumber = com.kms.katalon.core.webui.keyword.WebUiBuiltInKeywords.getNumberOfTotalOption(com.kms.katalon.core.testobject.ObjectRepository.findTestObject(PharmacyRequest/Page_Store/select_--Select--BA50)): 3 options of object 'Object Repository/PharmacyRequest/Page_Store/select_--Select--BA50' counted

2018-05-16 19:49:50 - [MESSAGE][PASSED] - 3 options of object 'Object Repository/PharmacyRequest/Page_Store/select_--Select--BA50' counted

2018-05-16 19:49:50 - [TEST_STEP][PASSED] - Statement - For ([g = 1, g <= BatchNumber - 1, (g++)]): null

2018-05-16 19:49:50 - [TEST_STEP][PASSED] - selectOptionByIndex: All options with index in [1] are selected on object 'Object Repository/PharmacyRequest/Page_Store/select_--Select--BA50'

2018-05-16 19:49:51 - [MESSAGE][PASSED] - All options with index in [1] are selected on object 'Object Repository/PharmacyRequest/Page_Store/select_--Select--BA50'

2018-05-16 19:49:51 - [TEST_STEP][PASSED] - delay: Delayed 1 second(s)

2018-05-16 19:49:52 - [MESSAGE][PASSED] - Delayed 1 second(s)

2018-05-16 19:49:52 - [TEST_STEP][PASSED] - Statement - StockQty = com.kms.katalon.core.webui.keyword.WebUiBuiltInKeywords.getAttribute(com.kms.katalon.core.testobject.ObjectRepository.findTestObject(PharmacyRequest/Page_Store/input_txtprice), "value"): Attribute 'value' of object 'Object Repository/PharmacyRequest/Page_Store/input_txtprice' is: '100'

2018-05-16 19:49:52 - [MESSAGE][PASSED] - Attribute 'value' of object 'Object Repository/PharmacyRequest/Page_Store/input_txtprice' is: '100'

2018-05-16 19:49:52 - [TEST_STEP][PASSED] - Statement - out.println("Stock QTY : " + StockQty): null

2018-05-16 19:49:52 - [TEST_STEP][PASSED] - delay: Delayed 1 second(s)

2018-05-16 19:49:53 - [MESSAGE][PASSED] - Delayed 1 second(s)

2018-05-16 19:49:53 - [TEST_STEP][PASSED] - Statement - If (java.lang.Integer.valueOf(StockQty) >= java.lang.Integer.valueOf(RequestedQty)): null

2018-05-16 19:49:53 - [TEST_STEP][PASSED] - delay: Delayed 1 second(s)

2018-05-16 19:49:54 - [MESSAGE][PASSED] - Delayed 1 second(s)

2018-05-16 19:49:54 - [TEST_STEP][PASSED] - setText: Text '10' is set on object 'Object Repository/PharmacyRequest/Page_Store/input_txtqty'

2018-05-16 19:49:54 - [MESSAGE][PASSED] - Text '10' is set on object 'Object Repository/PharmacyRequest/Page_Store/input_txtqty'

2018-05-16 19:49:54 - [TEST_STEP][PASSED] - click: Object: 'Object Repository/PharmacyRequest/Page_Store/button_Add' is clicked on

2018-05-16 19:49:54 - [MESSAGE][PASSED] - Object: 'Object Repository/PharmacyRequest/Page_Store/button_Add' is clicked on

2018-05-16 19:49:54 - [TEST_STEP][PASSED] - Statement - Break: null

2018-05-16 19:49:54 - [TEST_STEP][PASSED] - selectOptionByIndex: All options with index in [21] are selected on object 'Object Repository/PharmacyRequest/Page_Store/select_--Select--Amlodepin -5'

2018-05-16 19:49:54 - [MESSAGE][PASSED] - All options with index in [21] are selected on object 'Object Repository/PharmacyRequest/Page_Store/select_--Select--Amlodepin -5'

2018-05-16 19:49:54 - [TEST_STEP][PASSED] - delay: Delayed 1 second(s)

2018-05-16 19:49:55 - [MESSAGE][PASSED] - Delayed 1 second(s)

2018-05-16 19:49:55 - [TEST_STEP][PASSED] - Statement - RequestedQty = com.kms.katalon.core.webui.keyword.WebUiBuiltInKeywords.getAttribute(com.kms.katalon.core.testobject.ObjectRepository.findTestObject(PharmacyRequest/Page_Store/input_txttotal), "value"): Attribute 'value' of object 'Object Repository/PharmacyRequest/Page_Store/input_txttotal' is: '10'

2018-05-16 19:49:55 - [MESSAGE][PASSED] - Attribute 'value' of object 'Object Repository/PharmacyRequest/Page_Store/input_txttotal' is: '10'

2018-05-16 19:49:55 - [TEST_STEP][PASSED] - Statement - out.println("Requested QTY : " + RequestedQty): null

2018-05-16 19:49:55 - [TEST_STEP][PASSED] - Statement - BatchNumber = com.kms.katalon.core.webui.keyword.WebUiBuiltInKeywords.getNumberOfTotalOption(com.kms.katalon.core.testobject.ObjectRepository.findTestObject(PharmacyRequest/Page_Store/select_--Select--BA50)): 3 options of object 'Object Repository/PharmacyRequest/Page_Store/select_--Select--BA50' counted

2018-05-16 19:49:55 - [MESSAGE][PASSED] - 3 options of object 'Object Repository/PharmacyRequest/Page_Store/select_--Select--BA50' counted

2018-05-16 19:49:55 - [TEST_STEP][PASSED] - Statement - For ([g = 1, g <= BatchNumber - 1, (g++)]): null

2018-05-16 19:49:55 - [TEST_STEP][PASSED] - selectOptionByIndex: All options with index in [1] are selected on object 'Object Repository/PharmacyRequest/Page_Store/select_--Select--BA50'

2018-05-16 19:49:55 - [MESSAGE][PASSED] - All options with index in [1] are selected on object 'Object Repository/PharmacyRequest/Page_Store/select_--Select--BA50'

2018-05-16 19:49:55 - [TEST_STEP][PASSED] - delay: Delayed 1 second(s)

2018-05-16 19:49:56 - [MESSAGE][PASSED] - Delayed 1 second(s)

2018-05-16 19:49:56 - [TEST_STEP][PASSED] - Statement - StockQty = com.kms.katalon.core.webui.keyword.WebUiBuiltInKeywords.getAttribute(com.kms.katalon.core.testobject.ObjectRepository.findTestObject(PharmacyRequest/Page_Store/input_txtprice), "value"): Attribute 'value' of object 'Object Repository/PharmacyRequest/Page_Store/input_txtprice' is: '100'

2018-05-16 19:49:56 - [MESSAGE][PASSED] - Attribute 'value' of object 'Object Repository/PharmacyRequest/Page_Store/input_txtprice' is: '100'

2018-05-16 19:49:56 - [TEST_STEP][PASSED] - Statement - out.println("Stock QTY : " + StockQty): null

2018-05-16 19:49:56 - [TEST_STEP][PASSED] - delay: Delayed 1 second(s)

2018-05-16 19:49:57 - [MESSAGE][PASSED] - Delayed 1 second(s)

2018-05-16 19:49:57 - [TEST_STEP][PASSED] - Statement - If (java.lang.Integer.valueOf(StockQty) >= java.lang.Integer.valueOf(RequestedQty)): null

2018-05-16 19:49:57 - [TEST_STEP][PASSED] - delay: Delayed 1 second(s)

2018-05-16 19:49:58 - [MESSAGE][PASSED] - Delayed 1 second(s)

2018-05-16 19:49:58 - [TEST_STEP][PASSED] - setText: Text '10' is set on object 'Object Repository/PharmacyRequest/Page_Store/input_txtqty'

2018-05-16 19:49:58 - [MESSAGE][PASSED] - Text '10' is set on object 'Object Repository/PharmacyRequest/Page_Store/input_txtqty'

2018-05-16 19:49:58 - [TEST_STEP][PASSED] - click: Object: 'Object Repository/PharmacyRequest/Page_Store/button_Add' is clicked on

2018-05-16 19:49:58 - [MESSAGE][PASSED] - Object: 'Object Repository/PharmacyRequest/Page_Store/button_Add' is clicked on

2018-05-16 19:49:58 - [TEST_STEP][PASSED] - Statement - Break: null

2018-05-16 19:49:58 - [TEST_STEP][PASSED] - selectOptionByIndex: All options with index in [22] are selected on object 'Object Repository/PharmacyRequest/Page_Store/select_--Select--Amlodepin -5'

2018-05-16 19:49:59 - [MESSAGE][PASSED] - All options with index in [22] are selected on object 'Object Repository/PharmacyRequest/Page_Store/select_--Select--Amlodepin -5'

2018-05-16 19:49:59 - [TEST_STEP][PASSED] - delay: Delayed 1 second(s)

2018-05-16 19:50:00 - [MESSAGE][PASSED] - Delayed 1 second(s)

2018-05-16 19:50:00 - [TEST_STEP][PASSED] - Statement - RequestedQty = com.kms.katalon.core.webui.keyword.WebUiBuiltInKeywords.getAttribute(com.kms.katalon.core.testobject.ObjectRepository.findTestObject(PharmacyRequest/Page_Store/input_txttotal), "value"): Attribute 'value' of object 'Object Repository/PharmacyRequest/Page_Store/input_txttotal' is: '10'

2018-05-16 19:50:00 - [MESSAGE][PASSED] - Attribute 'value' of object 'Object Repository/PharmacyRequest/Page_Store/input_txttotal' is: '10'

2018-05-16 19:50:00 - [TEST_STEP][PASSED] - Statement - out.println("Requested QTY : " + RequestedQty): null

2018-05-16 19:50:00 - [TEST_STEP][PASSED] - Statement - BatchNumber = com.kms.katalon.core.webui.keyword.WebUiBuiltInKeywords.getNumberOfTotalOption(com.kms.katalon.core.testobject.ObjectRepository.findTestObject(PharmacyRequest/Page_Store/select_--Select--BA50)): 3 options of object 'Object Repository/PharmacyRequest/Page_Store/select_--Select--BA50' counted

2018-05-16 19:50:00 - [MESSAGE][PASSED] - 3 options of object 'Object Repository/PharmacyRequest/Page_Store/select_--Select--BA50' counted

2018-05-16 19:50:00 - [TEST_STEP][PASSED] - Statement - For ([g = 1, g <= BatchNumber - 1, (g++)]): null

2018-05-16 19:50:00 - [TEST_STEP][PASSED] - selectOptionByIndex: All options with index in [1] are selected on object 'Object Repository/PharmacyRequest/Page_Store/select_--Select--BA50'

2018-05-16 19:50:00 - [MESSAGE][PASSED] - All options with index in [1] are selected on object 'Object Repository/PharmacyRequest/Page_Store/select_--Select--BA50'

2018-05-16 19:50:00 - [TEST_STEP][PASSED] - delay: Delayed 1 second(s)

2018-05-16 19:50:01 - [MESSAGE][PASSED] - Delayed 1 second(s)

2018-05-16 19:50:01 - [TEST_STEP][PASSED] - Statement - StockQty = com.kms.katalon.core.webui.keyword.WebUiBuiltInKeywords.getAttribute(com.kms.katalon.core.testobject.ObjectRepository.findTestObject(PharmacyRequest/Page_Store/input_txtprice), "value"): Attribute 'value' of object 'Object Repository/PharmacyRequest/Page_Store/input_txtprice' is: '100'

2018-05-16 19:50:01 - [MESSAGE][PASSED] - Attribute 'value' of object 'Object Repository/PharmacyRequest/Page_Store/input_txtprice' is: '100'

2018-05-16 19:50:01 - [TEST_STEP][PASSED] - Statement - out.println("Stock QTY : " + StockQty): null

2018-05-16 19:50:01 - [TEST_STEP][PASSED] - delay: Delayed 1 second(s)

2018-05-16 19:50:02 - [MESSAGE][PASSED] - Delayed 1 second(s)

2018-05-16 19:50:02 - [TEST_STEP][PASSED] - Statement - If (java.lang.Integer.valueOf(StockQty) >= java.lang.Integer.valueOf(RequestedQty)): null

2018-05-16 19:50:02 - [TEST_STEP][PASSED] - delay: Delayed 1 second(s)

2018-05-16 19:50:03 - [MESSAGE][PASSED] - Delayed 1 second(s)

2018-05-16 19:50:03 - [TEST_STEP][PASSED] - setText: Text '10' is set on object 'Object Repository/PharmacyRequest/Page_Store/input_txtqty'

2018-05-16 19:50:03 - [MESSAGE][PASSED] - Text '10' is set on object 'Object Repository/PharmacyRequest/Page_Store/input_txtqty'

2018-05-16 19:50:03 - [TEST_STEP][PASSED] - click: Object: 'Object Repository/PharmacyRequest/Page_Store/button_Add' is clicked on

2018-05-16 19:50:03 - [MESSAGE][PASSED] - Object: 'Object Repository/PharmacyRequest/Page_Store/button_Add' is clicked on

2018-05-16 19:50:03 - [TEST_STEP][PASSED] - Statement - Break: null

2018-05-16 19:50:03 - [TEST_STEP][PASSED] - selectOptionByIndex: All options with index in [23] are selected on object 'Object Repository/PharmacyRequest/Page_Store/select_--Select--Amlodepin -5'

2018-05-16 19:50:03 - [MESSAGE][PASSED] - All options with index in [23] are selected on object 'Object Repository/PharmacyRequest/Page_Store/select_--Select--Amlodepin -5'

2018-05-16 19:50:03 - [TEST_STEP][PASSED] - delay: Delayed 1 second(s)

2018-05-16 19:50:04 - [MESSAGE][PASSED] - Delayed 1 second(s)

2018-05-16 19:50:04 - [TEST_STEP][PASSED] - Statement - RequestedQty = com.kms.katalon.core.webui.keyword.WebUiBuiltInKeywords.getAttribute(com.kms.katalon.core.testobject.ObjectRepository.findTestObject(PharmacyRequest/Page_Store/input_txttotal), "value"): Attribute 'value' of object 'Object Repository/PharmacyRequest/Page_Store/input_txttotal' is: '10'

2018-05-16 19:50:04 - [MESSAGE][PASSED] - Attribute 'value' of object 'Object Repository/PharmacyRequest/Page_Store/input_txttotal' is: '10'

2018-05-16 19:50:04 - [TEST_STEP][PASSED] - Statement - out.println("Requested QTY : " + RequestedQty): null

2018-05-16 19:50:04 - [TEST_STEP][PASSED] - Statement - BatchNumber = com.kms.katalon.core.webui.keyword.WebUiBuiltInKeywords.getNumberOfTotalOption(com.kms.katalon.core.testobject.ObjectRepository.findTestObject(PharmacyRequest/Page_Store/select_--Select--BA50)): 3 options of object 'Object Repository/PharmacyRequest/Page_Store/select_--Select--BA50' counted

2018-05-16 19:50:05 - [MESSAGE][PASSED] - 3 options of object 'Object Repository/PharmacyRequest/Page_Store/select_--Select--BA50' counted

2018-05-16 19:50:05 - [TEST_STEP][PASSED] - Statement - For ([g = 1, g <= BatchNumber - 1, (g++)]): null

2018-05-16 19:50:05 - [TEST_STEP][PASSED] - selectOptionByIndex: All options with index in [1] are selected on object 'Object Repository/PharmacyRequest/Page_Store/select_--Select--BA50'

2018-05-16 19:50:05 - [MESSAGE][PASSED] - All options with index in [1] are selected on object 'Object Repository/PharmacyRequest/Page_Store/select_--Select--BA50'

2018-05-16 19:50:05 - [TEST_STEP][PASSED] - delay: Delayed 1 second(s)

2018-05-16 19:50:06 - [MESSAGE][PASSED] - Delayed 1 second(s)

2018-05-16 19:50:06 - [TEST_STEP][PASSED] - Statement - StockQty = com.kms.katalon.core.webui.keyword.WebUiBuiltInKeywords.getAttribute(com.kms.katalon.core.testobject.ObjectRepository.findTestObject(PharmacyRequest/Page_Store/input_txtprice), "value"): Attribute 'value' of object 'Object Repository/PharmacyRequest/Page_Store/input_txtprice' is: '100'

2018-05-16 19:50:06 - [MESSAGE][PASSED] - Attribute 'value' of object 'Object Repository/PharmacyRequest/Page_Store/input_txtprice' is: '100'

2018-05-16 19:50:06 - [TEST_STEP][PASSED] - Statement - out.println("Stock QTY : " + StockQty): null

2018-05-16 19:50:06 - [TEST_STEP][PASSED] - delay: Delayed 1 second(s)

2018-05-16 19:50:07 - [MESSAGE][PASSED] - Delayed 1 second(s)

2018-05-16 19:50:07 - [TEST_STEP][PASSED] - Statement - If (java.lang.Integer.valueOf(StockQty) >= java.lang.Integer.valueOf(RequestedQty)): null

2018-05-16 19:50:07 - [TEST_STEP][PASSED] - delay: Delayed 1 second(s)

2018-05-16 19:50:08 - [MESSAGE][PASSED] - Delayed 1 second(s)

2018-05-16 19:50:08 - [TEST_STEP][PASSED] - setText: Text '10' is set on object 'Object Repository/PharmacyRequest/Page_Store/input_txtqty'

2018-05-16 19:50:08 - [MESSAGE][PASSED] - Text '10' is set on object 'Object Repository/PharmacyRequest/Page_Store/input_txtqty'

2018-05-16 19:50:08 - [TEST_STEP][PASSED] - click: Object: 'Object Repository/PharmacyRequest/Page_Store/button_Add' is clicked on

2018-05-16 19:50:08 - [MESSAGE][PASSED] - Object: 'Object Repository/PharmacyRequest/Page_Store/button_Add' is clicked on

2018-05-16 19:50:08 - [TEST_STEP][PASSED] - Statement - Break: null

2018-05-16 19:50:08 - [TEST_STEP][PASSED] - scrollToElement: Scroll to object 'Object Repository/PharmacyRequest/Page_Store/input_btnSubmit' successfully

2018-05-16 19:50:08 - [MESSAGE][PASSED] - Scroll to object 'Object Repository/PharmacyRequest/Page_Store/input_btnSubmit' successfully

2018-05-16 19:50:08 - [TEST_STEP][PASSED] - click: Object: 'Object Repository/PharmacyRequest/Page_Store/input_btnSubmit' is clicked on

2018-05-16 19:50:08 - [MESSAGE][PASSED] - Object: 'Object Repository/PharmacyRequest/Page_Store/input_btnSubmit' is clicked on

2018-05-16 19:50:08 - [TEST_STEP][PASSED] - delay: Delayed 3 second(s)

2018-05-16 19:50:11 - [MESSAGE][PASSED] - Delayed 3 second(s)

2018-05-16 19:50:11 - [TEST_STEP][PASSED] - click: Object: 'Object Repository/PharmacyRequest/Page_Store/button_OK' is clicked on

2018-05-16 19:50:12 - [MESSAGE][PASSED] - Object: 'Object Repository/PharmacyRequest/Page_Store/button_OK' is clicked on

2018-05-16 19:50:12 - [TEST_STEP][PASSED] - delay: Delayed 3 second(s)

2018-05-16 19:50:15 - [MESSAGE][PASSED] - Delayed 3 second(s)

2018-05-16 19:50:15 - [TEST_STEP][PASSED] - click: Object: 'Object Repository/PharmacyRequest/Page_Store/a_dropdown-toggle' is clicked on

2018-05-16 19:50:15 - [MESSAGE][PASSED] - Object: 'Object Repository/PharmacyRequest/Page_Store/a_dropdown-toggle' is clicked on

2018-05-16 19:50:15 - [TEST_STEP][PASSED] - click: Object: 'Object Repository/PharmacyRequest/Page_Store/a_Sign out' is clicked on

2018-05-16 19:50:15 - [MESSAGE][PASSED] - Object: 'Object Repository/PharmacyRequest/Page_Store/a_Sign out' is clicked on

2018-05-16 19:50:15 - [TEST_STEP][PASSED] - closeBrowser: Browser is closed

2018-05-16 19:50:16 - [MESSAGE][PASSED] - Browser is closed

2018-05-16 19:50:16 - [TEST_STEP][PASSED] - Statement - out.println("Schedule 7 Pharmacy Request Are Working Successfully"): null]]></system-out>
         <system-err><![CDATA[]]></system-err>
      </testcase>
      <testcase name="Test Cases/PHARMACY TEST CASES/TC_PHAR_008 Verify Schedule 8 Pharmacy Request Are Working Successfully Or Not" classname="Test Cases/PHARMACY TEST CASES/TC_PHAR_008 Verify Schedule 8 Pharmacy Request Are Working Successfully Or Not" status="PASSED">
         <system-out><![CDATA[2018-05-16 19:50:16 - [TEST_CASE][PASSED] - Test Cases/PHARMACY TEST CASES/TC_PHAR_008 Verify Schedule 8 Pharmacy Request Are Working Successfully Or Not: Test Cases/PHARMACY TEST CASES/TC_PHAR_008 Verify Schedule 8 Pharmacy Request Are Working Successfully Or Not

2018-05-16 19:50:16 - [TEST_STEP][PASSED] - openBrowser: Browser is opened with url: ''

2018-05-16 19:50:18 - [MESSAGE][PASSED] - Browser is opened with url: ''

2018-05-16 19:50:18 - [TEST_STEP][PASSED] - Statement - out.println("Verify Schedule 8 Pharmacy Request Are Working Successfully Or Not"): null

2018-05-16 19:50:18 - [TEST_STEP][PASSED] - navigateToUrl: Navigate to 'http://192.168.137.1/multihospital_new/' successfully

2018-05-16 19:50:20 - [MESSAGE][PASSED] - Navigate to 'http://192.168.137.1/multihospital_new/' successfully

2018-05-16 19:50:20 - [TEST_STEP][PASSED] - maximizeWindow: Current window maximized

2018-05-16 19:50:21 - [MESSAGE][PASSED] - Current window maximized

2018-05-16 19:50:21 - [TEST_STEP][PASSED] - click: Object: 'Object Repository/PharmacyRequest/Page_KDMC/a_Pharmacy' is clicked on

2018-05-16 19:50:22 - [MESSAGE][PASSED] - Object: 'Object Repository/PharmacyRequest/Page_KDMC/a_Pharmacy' is clicked on

2018-05-16 19:50:22 - [TEST_STEP][PASSED] - setText: Text 'raja' is set on object 'Object Repository/PharmacyRequest/Page_Pharmacy login/input_txtusername'

2018-05-16 19:50:22 - [MESSAGE][PASSED] - Text 'raja' is set on object 'Object Repository/PharmacyRequest/Page_Pharmacy login/input_txtusername'

2018-05-16 19:50:22 - [TEST_STEP][PASSED] - setText: Text '123' is set on object 'Object Repository/PharmacyRequest/Page_Pharmacy login/input_txtpassword'

2018-05-16 19:50:22 - [MESSAGE][PASSED] - Text '123' is set on object 'Object Repository/PharmacyRequest/Page_Pharmacy login/input_txtpassword'

2018-05-16 19:50:22 - [TEST_STEP][PASSED] - delay: Delayed 3 second(s)

2018-05-16 19:50:25 - [MESSAGE][PASSED] - Delayed 3 second(s)

2018-05-16 19:50:25 - [TEST_STEP][PASSED] - click: Object: 'Object Repository/PharmacyRequest/Page_Pharmacy login/button_Sign in' is clicked on

2018-05-16 19:50:26 - [MESSAGE][PASSED] - Object: 'Object Repository/PharmacyRequest/Page_Pharmacy login/button_Sign in' is clicked on

2018-05-16 19:50:26 - [TEST_STEP][PASSED] - delay: Delayed 3 second(s)

2018-05-16 19:50:29 - [MESSAGE][PASSED] - Delayed 3 second(s)

2018-05-16 19:50:29 - [TEST_STEP][PASSED] - click: Object: 'Object Repository/PharmacyRequest/Page_KDMC - Pharmacy/a_Inventory' is clicked on

2018-05-16 19:50:30 - [MESSAGE][PASSED] - Object: 'Object Repository/PharmacyRequest/Page_KDMC - Pharmacy/a_Inventory' is clicked on

2018-05-16 19:50:30 - [TEST_STEP][PASSED] - delay: Delayed 3 second(s)

2018-05-16 19:50:33 - [MESSAGE][PASSED] - Delayed 3 second(s)

2018-05-16 19:50:33 - [TEST_STEP][PASSED] - click: Object: 'Object Repository/PharmacyRequest/Page_KDMC-Pharmacy/a_Store Request' is clicked on

2018-05-16 19:50:33 - [MESSAGE][PASSED] - Object: 'Object Repository/PharmacyRequest/Page_KDMC-Pharmacy/a_Store Request' is clicked on

2018-05-16 19:50:33 - [TEST_STEP][PASSED] - click: Object: 'Object Repository/PharmacyRequest/Page_KDMC-Pharmacy/a_Medicine Request' is clicked on

2018-05-16 19:50:34 - [MESSAGE][PASSED] - Object: 'Object Repository/PharmacyRequest/Page_KDMC-Pharmacy/a_Medicine Request' is clicked on

2018-05-16 19:50:34 - [TEST_STEP][PASSED] - selectOptionByIndex: All options with index in [8] are selected on object 'Object Repository/PharmacyRequest/Page_KDMC-Pharmacy/select_--Select--Schedule 1Inj'

2018-05-16 19:50:34 - [MESSAGE][PASSED] - All options with index in [8] are selected on object 'Object Repository/PharmacyRequest/Page_KDMC-Pharmacy/select_--Select--Schedule 1Inj'

2018-05-16 19:50:34 - [TEST_STEP][PASSED] - Statement - MedicineLength = com.kms.katalon.core.webui.keyword.WebUiBuiltInKeywords.getNumberOfTotalOption(com.kms.katalon.core.testobject.ObjectRepository.findTestObject(PharmacyRequest/Page_KDMC-Pharmacy/select_--Select--Albendazole)): 18 options of object 'Object Repository/PharmacyRequest/Page_KDMC-Pharmacy/select_--Select--Albendazole' counted

2018-05-16 19:50:34 - [MESSAGE][PASSED] - 18 options of object 'Object Repository/PharmacyRequest/Page_KDMC-Pharmacy/select_--Select--Albendazole' counted

2018-05-16 19:50:34 - [TEST_STEP][PASSED] - Statement - For ([l = 1, l <= MedicineLength - 1, (l++)]): Object: 'Object Repository/PharmacyRequest/Page_KDMC-Pharmacy/button_Add' is clicked on

2018-05-16 19:50:34 - [TEST_STEP][PASSED] - selectOptionByIndex: All options with index in [8] are selected on object 'Object Repository/PharmacyRequest/Page_KDMC-Pharmacy/select_--Select--Schedule 1Inj'

2018-05-16 19:50:35 - [MESSAGE][PASSED] - All options with index in [8] are selected on object 'Object Repository/PharmacyRequest/Page_KDMC-Pharmacy/select_--Select--Schedule 1Inj'

2018-05-16 19:50:35 - [TEST_STEP][PASSED] - selectOptionByIndex: All options with index in [1] are selected on object 'Object Repository/PharmacyRequest/Page_KDMC-Pharmacy/select_--Select--Albendazole'

2018-05-16 19:50:35 - [MESSAGE][PASSED] - All options with index in [1] are selected on object 'Object Repository/PharmacyRequest/Page_KDMC-Pharmacy/select_--Select--Albendazole'

2018-05-16 19:50:35 - [TEST_STEP][PASSED] - setText: Text '10' is set on object 'Object Repository/PharmacyRequest/Page_KDMC-Pharmacy/input_txttreat'

2018-05-16 19:50:35 - [MESSAGE][PASSED] - Text '10' is set on object 'Object Repository/PharmacyRequest/Page_KDMC-Pharmacy/input_txttreat'

2018-05-16 19:50:35 - [TEST_STEP][PASSED] - click: Object: 'Object Repository/PharmacyRequest/Page_KDMC-Pharmacy/button_Add' is clicked on

2018-05-16 19:50:35 - [MESSAGE][PASSED] - Object: 'Object Repository/PharmacyRequest/Page_KDMC-Pharmacy/button_Add' is clicked on

2018-05-16 19:50:35 - [TEST_STEP][PASSED] - selectOptionByIndex: All options with index in [8] are selected on object 'Object Repository/PharmacyRequest/Page_KDMC-Pharmacy/select_--Select--Schedule 1Inj'

2018-05-16 19:50:35 - [MESSAGE][PASSED] - All options with index in [8] are selected on object 'Object Repository/PharmacyRequest/Page_KDMC-Pharmacy/select_--Select--Schedule 1Inj'

2018-05-16 19:50:35 - [TEST_STEP][PASSED] - selectOptionByIndex: All options with index in [2] are selected on object 'Object Repository/PharmacyRequest/Page_KDMC-Pharmacy/select_--Select--Albendazole'

2018-05-16 19:50:35 - [MESSAGE][PASSED] - All options with index in [2] are selected on object 'Object Repository/PharmacyRequest/Page_KDMC-Pharmacy/select_--Select--Albendazole'

2018-05-16 19:50:35 - [TEST_STEP][PASSED] - setText: Text '10' is set on object 'Object Repository/PharmacyRequest/Page_KDMC-Pharmacy/input_txttreat'

2018-05-16 19:50:35 - [MESSAGE][PASSED] - Text '10' is set on object 'Object Repository/PharmacyRequest/Page_KDMC-Pharmacy/input_txttreat'

2018-05-16 19:50:35 - [TEST_STEP][PASSED] - click: Object: 'Object Repository/PharmacyRequest/Page_KDMC-Pharmacy/button_Add' is clicked on

2018-05-16 19:50:35 - [MESSAGE][PASSED] - Object: 'Object Repository/PharmacyRequest/Page_KDMC-Pharmacy/button_Add' is clicked on

2018-05-16 19:50:35 - [TEST_STEP][PASSED] - selectOptionByIndex: All options with index in [8] are selected on object 'Object Repository/PharmacyRequest/Page_KDMC-Pharmacy/select_--Select--Schedule 1Inj'

2018-05-16 19:50:35 - [MESSAGE][PASSED] - All options with index in [8] are selected on object 'Object Repository/PharmacyRequest/Page_KDMC-Pharmacy/select_--Select--Schedule 1Inj'

2018-05-16 19:50:35 - [TEST_STEP][PASSED] - selectOptionByIndex: All options with index in [3] are selected on object 'Object Repository/PharmacyRequest/Page_KDMC-Pharmacy/select_--Select--Albendazole'

2018-05-16 19:50:36 - [MESSAGE][PASSED] - All options with index in [3] are selected on object 'Object Repository/PharmacyRequest/Page_KDMC-Pharmacy/select_--Select--Albendazole'

2018-05-16 19:50:36 - [TEST_STEP][PASSED] - setText: Text '10' is set on object 'Object Repository/PharmacyRequest/Page_KDMC-Pharmacy/input_txttreat'

2018-05-16 19:50:36 - [MESSAGE][PASSED] - Text '10' is set on object 'Object Repository/PharmacyRequest/Page_KDMC-Pharmacy/input_txttreat'

2018-05-16 19:50:36 - [TEST_STEP][PASSED] - click: Object: 'Object Repository/PharmacyRequest/Page_KDMC-Pharmacy/button_Add' is clicked on

2018-05-16 19:50:36 - [MESSAGE][PASSED] - Object: 'Object Repository/PharmacyRequest/Page_KDMC-Pharmacy/button_Add' is clicked on

2018-05-16 19:50:36 - [TEST_STEP][PASSED] - selectOptionByIndex: All options with index in [8] are selected on object 'Object Repository/PharmacyRequest/Page_KDMC-Pharmacy/select_--Select--Schedule 1Inj'

2018-05-16 19:50:36 - [MESSAGE][PASSED] - All options with index in [8] are selected on object 'Object Repository/PharmacyRequest/Page_KDMC-Pharmacy/select_--Select--Schedule 1Inj'

2018-05-16 19:50:36 - [TEST_STEP][PASSED] - selectOptionByIndex: All options with index in [4] are selected on object 'Object Repository/PharmacyRequest/Page_KDMC-Pharmacy/select_--Select--Albendazole'

2018-05-16 19:50:36 - [MESSAGE][PASSED] - All options with index in [4] are selected on object 'Object Repository/PharmacyRequest/Page_KDMC-Pharmacy/select_--Select--Albendazole'

2018-05-16 19:50:36 - [TEST_STEP][PASSED] - setText: Text '10' is set on object 'Object Repository/PharmacyRequest/Page_KDMC-Pharmacy/input_txttreat'

2018-05-16 19:50:36 - [MESSAGE][PASSED] - Text '10' is set on object 'Object Repository/PharmacyRequest/Page_KDMC-Pharmacy/input_txttreat'

2018-05-16 19:50:36 - [TEST_STEP][PASSED] - click: Object: 'Object Repository/PharmacyRequest/Page_KDMC-Pharmacy/button_Add' is clicked on

2018-05-16 19:50:36 - [MESSAGE][PASSED] - Object: 'Object Repository/PharmacyRequest/Page_KDMC-Pharmacy/button_Add' is clicked on

2018-05-16 19:50:36 - [TEST_STEP][PASSED] - selectOptionByIndex: All options with index in [8] are selected on object 'Object Repository/PharmacyRequest/Page_KDMC-Pharmacy/select_--Select--Schedule 1Inj'

2018-05-16 19:50:36 - [MESSAGE][PASSED] - All options with index in [8] are selected on object 'Object Repository/PharmacyRequest/Page_KDMC-Pharmacy/select_--Select--Schedule 1Inj'

2018-05-16 19:50:36 - [TEST_STEP][PASSED] - selectOptionByIndex: All options with index in [5] are selected on object 'Object Repository/PharmacyRequest/Page_KDMC-Pharmacy/select_--Select--Albendazole'

2018-05-16 19:50:36 - [MESSAGE][PASSED] - All options with index in [5] are selected on object 'Object Repository/PharmacyRequest/Page_KDMC-Pharmacy/select_--Select--Albendazole'

2018-05-16 19:50:36 - [TEST_STEP][PASSED] - setText: Text '10' is set on object 'Object Repository/PharmacyRequest/Page_KDMC-Pharmacy/input_txttreat'

2018-05-16 19:50:36 - [MESSAGE][PASSED] - Text '10' is set on object 'Object Repository/PharmacyRequest/Page_KDMC-Pharmacy/input_txttreat'

2018-05-16 19:50:36 - [TEST_STEP][PASSED] - click: Object: 'Object Repository/PharmacyRequest/Page_KDMC-Pharmacy/button_Add' is clicked on

2018-05-16 19:50:37 - [MESSAGE][PASSED] - Object: 'Object Repository/PharmacyRequest/Page_KDMC-Pharmacy/button_Add' is clicked on

2018-05-16 19:50:37 - [TEST_STEP][PASSED] - selectOptionByIndex: All options with index in [8] are selected on object 'Object Repository/PharmacyRequest/Page_KDMC-Pharmacy/select_--Select--Schedule 1Inj'

2018-05-16 19:50:37 - [MESSAGE][PASSED] - All options with index in [8] are selected on object 'Object Repository/PharmacyRequest/Page_KDMC-Pharmacy/select_--Select--Schedule 1Inj'

2018-05-16 19:50:37 - [TEST_STEP][PASSED] - selectOptionByIndex: All options with index in [6] are selected on object 'Object Repository/PharmacyRequest/Page_KDMC-Pharmacy/select_--Select--Albendazole'

2018-05-16 19:50:37 - [MESSAGE][PASSED] - All options with index in [6] are selected on object 'Object Repository/PharmacyRequest/Page_KDMC-Pharmacy/select_--Select--Albendazole'

2018-05-16 19:50:37 - [TEST_STEP][PASSED] - setText: Text '10' is set on object 'Object Repository/PharmacyRequest/Page_KDMC-Pharmacy/input_txttreat'

2018-05-16 19:50:37 - [MESSAGE][PASSED] - Text '10' is set on object 'Object Repository/PharmacyRequest/Page_KDMC-Pharmacy/input_txttreat'

2018-05-16 19:50:37 - [TEST_STEP][PASSED] - click: Object: 'Object Repository/PharmacyRequest/Page_KDMC-Pharmacy/button_Add' is clicked on

2018-05-16 19:50:37 - [MESSAGE][PASSED] - Object: 'Object Repository/PharmacyRequest/Page_KDMC-Pharmacy/button_Add' is clicked on

2018-05-16 19:50:37 - [TEST_STEP][PASSED] - selectOptionByIndex: All options with index in [8] are selected on object 'Object Repository/PharmacyRequest/Page_KDMC-Pharmacy/select_--Select--Schedule 1Inj'

2018-05-16 19:50:37 - [MESSAGE][PASSED] - All options with index in [8] are selected on object 'Object Repository/PharmacyRequest/Page_KDMC-Pharmacy/select_--Select--Schedule 1Inj'

2018-05-16 19:50:37 - [TEST_STEP][PASSED] - selectOptionByIndex: All options with index in [7] are selected on object 'Object Repository/PharmacyRequest/Page_KDMC-Pharmacy/select_--Select--Albendazole'

2018-05-16 19:50:37 - [MESSAGE][PASSED] - All options with index in [7] are selected on object 'Object Repository/PharmacyRequest/Page_KDMC-Pharmacy/select_--Select--Albendazole'

2018-05-16 19:50:37 - [TEST_STEP][PASSED] - setText: Text '10' is set on object 'Object Repository/PharmacyRequest/Page_KDMC-Pharmacy/input_txttreat'

2018-05-16 19:50:37 - [MESSAGE][PASSED] - Text '10' is set on object 'Object Repository/PharmacyRequest/Page_KDMC-Pharmacy/input_txttreat'

2018-05-16 19:50:37 - [TEST_STEP][PASSED] - click: Object: 'Object Repository/PharmacyRequest/Page_KDMC-Pharmacy/button_Add' is clicked on

2018-05-16 19:50:37 - [MESSAGE][PASSED] - Object: 'Object Repository/PharmacyRequest/Page_KDMC-Pharmacy/button_Add' is clicked on

2018-05-16 19:50:37 - [TEST_STEP][PASSED] - selectOptionByIndex: All options with index in [8] are selected on object 'Object Repository/PharmacyRequest/Page_KDMC-Pharmacy/select_--Select--Schedule 1Inj'

2018-05-16 19:50:37 - [MESSAGE][PASSED] - All options with index in [8] are selected on object 'Object Repository/PharmacyRequest/Page_KDMC-Pharmacy/select_--Select--Schedule 1Inj'

2018-05-16 19:50:37 - [TEST_STEP][PASSED] - selectOptionByIndex: All options with index in [8] are selected on object 'Object Repository/PharmacyRequest/Page_KDMC-Pharmacy/select_--Select--Albendazole'

2018-05-16 19:50:38 - [MESSAGE][PASSED] - All options with index in [8] are selected on object 'Object Repository/PharmacyRequest/Page_KDMC-Pharmacy/select_--Select--Albendazole'

2018-05-16 19:50:38 - [TEST_STEP][PASSED] - setText: Text '10' is set on object 'Object Repository/PharmacyRequest/Page_KDMC-Pharmacy/input_txttreat'

2018-05-16 19:50:38 - [MESSAGE][PASSED] - Text '10' is set on object 'Object Repository/PharmacyRequest/Page_KDMC-Pharmacy/input_txttreat'

2018-05-16 19:50:38 - [TEST_STEP][PASSED] - click: Object: 'Object Repository/PharmacyRequest/Page_KDMC-Pharmacy/button_Add' is clicked on

2018-05-16 19:50:38 - [MESSAGE][PASSED] - Object: 'Object Repository/PharmacyRequest/Page_KDMC-Pharmacy/button_Add' is clicked on

2018-05-16 19:50:38 - [TEST_STEP][PASSED] - selectOptionByIndex: All options with index in [8] are selected on object 'Object Repository/PharmacyRequest/Page_KDMC-Pharmacy/select_--Select--Schedule 1Inj'

2018-05-16 19:50:38 - [MESSAGE][PASSED] - All options with index in [8] are selected on object 'Object Repository/PharmacyRequest/Page_KDMC-Pharmacy/select_--Select--Schedule 1Inj'

2018-05-16 19:50:38 - [TEST_STEP][PASSED] - selectOptionByIndex: All options with index in [9] are selected on object 'Object Repository/PharmacyRequest/Page_KDMC-Pharmacy/select_--Select--Albendazole'

2018-05-16 19:50:38 - [MESSAGE][PASSED] - All options with index in [9] are selected on object 'Object Repository/PharmacyRequest/Page_KDMC-Pharmacy/select_--Select--Albendazole'

2018-05-16 19:50:38 - [TEST_STEP][PASSED] - setText: Text '10' is set on object 'Object Repository/PharmacyRequest/Page_KDMC-Pharmacy/input_txttreat'

2018-05-16 19:50:38 - [MESSAGE][PASSED] - Text '10' is set on object 'Object Repository/PharmacyRequest/Page_KDMC-Pharmacy/input_txttreat'

2018-05-16 19:50:38 - [TEST_STEP][PASSED] - click: Object: 'Object Repository/PharmacyRequest/Page_KDMC-Pharmacy/button_Add' is clicked on

2018-05-16 19:50:38 - [MESSAGE][PASSED] - Object: 'Object Repository/PharmacyRequest/Page_KDMC-Pharmacy/button_Add' is clicked on

2018-05-16 19:50:38 - [TEST_STEP][PASSED] - selectOptionByIndex: All options with index in [8] are selected on object 'Object Repository/PharmacyRequest/Page_KDMC-Pharmacy/select_--Select--Schedule 1Inj'

2018-05-16 19:50:38 - [MESSAGE][PASSED] - All options with index in [8] are selected on object 'Object Repository/PharmacyRequest/Page_KDMC-Pharmacy/select_--Select--Schedule 1Inj'

2018-05-16 19:50:38 - [TEST_STEP][PASSED] - selectOptionByIndex: All options with index in [10] are selected on object 'Object Repository/PharmacyRequest/Page_KDMC-Pharmacy/select_--Select--Albendazole'

2018-05-16 19:50:39 - [MESSAGE][PASSED] - All options with index in [10] are selected on object 'Object Repository/PharmacyRequest/Page_KDMC-Pharmacy/select_--Select--Albendazole'

2018-05-16 19:50:39 - [TEST_STEP][PASSED] - setText: Text '10' is set on object 'Object Repository/PharmacyRequest/Page_KDMC-Pharmacy/input_txttreat'

2018-05-16 19:50:39 - [MESSAGE][PASSED] - Text '10' is set on object 'Object Repository/PharmacyRequest/Page_KDMC-Pharmacy/input_txttreat'

2018-05-16 19:50:39 - [TEST_STEP][PASSED] - click: Object: 'Object Repository/PharmacyRequest/Page_KDMC-Pharmacy/button_Add' is clicked on

2018-05-16 19:50:39 - [MESSAGE][PASSED] - Object: 'Object Repository/PharmacyRequest/Page_KDMC-Pharmacy/button_Add' is clicked on

2018-05-16 19:50:39 - [TEST_STEP][PASSED] - selectOptionByIndex: All options with index in [8] are selected on object 'Object Repository/PharmacyRequest/Page_KDMC-Pharmacy/select_--Select--Schedule 1Inj'

2018-05-16 19:50:39 - [MESSAGE][PASSED] - All options with index in [8] are selected on object 'Object Repository/PharmacyRequest/Page_KDMC-Pharmacy/select_--Select--Schedule 1Inj'

2018-05-16 19:50:39 - [TEST_STEP][PASSED] - selectOptionByIndex: All options with index in [11] are selected on object 'Object Repository/PharmacyRequest/Page_KDMC-Pharmacy/select_--Select--Albendazole'

2018-05-16 19:50:39 - [MESSAGE][PASSED] - All options with index in [11] are selected on object 'Object Repository/PharmacyRequest/Page_KDMC-Pharmacy/select_--Select--Albendazole'

2018-05-16 19:50:39 - [TEST_STEP][PASSED] - setText: Text '10' is set on object 'Object Repository/PharmacyRequest/Page_KDMC-Pharmacy/input_txttreat'

2018-05-16 19:50:39 - [MESSAGE][PASSED] - Text '10' is set on object 'Object Repository/PharmacyRequest/Page_KDMC-Pharmacy/input_txttreat'

2018-05-16 19:50:39 - [TEST_STEP][PASSED] - click: Object: 'Object Repository/PharmacyRequest/Page_KDMC-Pharmacy/button_Add' is clicked on

2018-05-16 19:50:39 - [MESSAGE][PASSED] - Object: 'Object Repository/PharmacyRequest/Page_KDMC-Pharmacy/button_Add' is clicked on

2018-05-16 19:50:39 - [TEST_STEP][PASSED] - selectOptionByIndex: All options with index in [8] are selected on object 'Object Repository/PharmacyRequest/Page_KDMC-Pharmacy/select_--Select--Schedule 1Inj'

2018-05-16 19:50:39 - [MESSAGE][PASSED] - All options with index in [8] are selected on object 'Object Repository/PharmacyRequest/Page_KDMC-Pharmacy/select_--Select--Schedule 1Inj'

2018-05-16 19:50:39 - [TEST_STEP][PASSED] - selectOptionByIndex: All options with index in [12] are selected on object 'Object Repository/PharmacyRequest/Page_KDMC-Pharmacy/select_--Select--Albendazole'

2018-05-16 19:50:39 - [MESSAGE][PASSED] - All options with index in [12] are selected on object 'Object Repository/PharmacyRequest/Page_KDMC-Pharmacy/select_--Select--Albendazole'

2018-05-16 19:50:39 - [TEST_STEP][PASSED] - setText: Text '10' is set on object 'Object Repository/PharmacyRequest/Page_KDMC-Pharmacy/input_txttreat'

2018-05-16 19:50:40 - [MESSAGE][PASSED] - Text '10' is set on object 'Object Repository/PharmacyRequest/Page_KDMC-Pharmacy/input_txttreat'

2018-05-16 19:50:40 - [TEST_STEP][PASSED] - click: Object: 'Object Repository/PharmacyRequest/Page_KDMC-Pharmacy/button_Add' is clicked on

2018-05-16 19:50:40 - [MESSAGE][PASSED] - Object: 'Object Repository/PharmacyRequest/Page_KDMC-Pharmacy/button_Add' is clicked on

2018-05-16 19:50:40 - [TEST_STEP][PASSED] - selectOptionByIndex: All options with index in [8] are selected on object 'Object Repository/PharmacyRequest/Page_KDMC-Pharmacy/select_--Select--Schedule 1Inj'

2018-05-16 19:50:40 - [MESSAGE][PASSED] - All options with index in [8] are selected on object 'Object Repository/PharmacyRequest/Page_KDMC-Pharmacy/select_--Select--Schedule 1Inj'

2018-05-16 19:50:40 - [TEST_STEP][PASSED] - selectOptionByIndex: All options with index in [13] are selected on object 'Object Repository/PharmacyRequest/Page_KDMC-Pharmacy/select_--Select--Albendazole'

2018-05-16 19:50:40 - [MESSAGE][PASSED] - All options with index in [13] are selected on object 'Object Repository/PharmacyRequest/Page_KDMC-Pharmacy/select_--Select--Albendazole'

2018-05-16 19:50:40 - [TEST_STEP][PASSED] - setText: Text '10' is set on object 'Object Repository/PharmacyRequest/Page_KDMC-Pharmacy/input_txttreat'

2018-05-16 19:50:40 - [MESSAGE][PASSED] - Text '10' is set on object 'Object Repository/PharmacyRequest/Page_KDMC-Pharmacy/input_txttreat'

2018-05-16 19:50:40 - [TEST_STEP][PASSED] - click: Object: 'Object Repository/PharmacyRequest/Page_KDMC-Pharmacy/button_Add' is clicked on

2018-05-16 19:50:40 - [MESSAGE][PASSED] - Object: 'Object Repository/PharmacyRequest/Page_KDMC-Pharmacy/button_Add' is clicked on

2018-05-16 19:50:40 - [TEST_STEP][PASSED] - selectOptionByIndex: All options with index in [8] are selected on object 'Object Repository/PharmacyRequest/Page_KDMC-Pharmacy/select_--Select--Schedule 1Inj'

2018-05-16 19:50:40 - [MESSAGE][PASSED] - All options with index in [8] are selected on object 'Object Repository/PharmacyRequest/Page_KDMC-Pharmacy/select_--Select--Schedule 1Inj'

2018-05-16 19:50:40 - [TEST_STEP][PASSED] - selectOptionByIndex: All options with index in [14] are selected on object 'Object Repository/PharmacyRequest/Page_KDMC-Pharmacy/select_--Select--Albendazole'

2018-05-16 19:50:40 - [MESSAGE][PASSED] - All options with index in [14] are selected on object 'Object Repository/PharmacyRequest/Page_KDMC-Pharmacy/select_--Select--Albendazole'

2018-05-16 19:50:40 - [TEST_STEP][PASSED] - setText: Text '10' is set on object 'Object Repository/PharmacyRequest/Page_KDMC-Pharmacy/input_txttreat'

2018-05-16 19:50:41 - [MESSAGE][PASSED] - Text '10' is set on object 'Object Repository/PharmacyRequest/Page_KDMC-Pharmacy/input_txttreat'

2018-05-16 19:50:41 - [TEST_STEP][PASSED] - click: Object: 'Object Repository/PharmacyRequest/Page_KDMC-Pharmacy/button_Add' is clicked on

2018-05-16 19:50:41 - [MESSAGE][PASSED] - Object: 'Object Repository/PharmacyRequest/Page_KDMC-Pharmacy/button_Add' is clicked on

2018-05-16 19:50:41 - [TEST_STEP][PASSED] - selectOptionByIndex: All options with index in [8] are selected on object 'Object Repository/PharmacyRequest/Page_KDMC-Pharmacy/select_--Select--Schedule 1Inj'

2018-05-16 19:50:41 - [MESSAGE][PASSED] - All options with index in [8] are selected on object 'Object Repository/PharmacyRequest/Page_KDMC-Pharmacy/select_--Select--Schedule 1Inj'

2018-05-16 19:50:41 - [TEST_STEP][PASSED] - selectOptionByIndex: All options with index in [15] are selected on object 'Object Repository/PharmacyRequest/Page_KDMC-Pharmacy/select_--Select--Albendazole'

2018-05-16 19:50:41 - [MESSAGE][PASSED] - All options with index in [15] are selected on object 'Object Repository/PharmacyRequest/Page_KDMC-Pharmacy/select_--Select--Albendazole'

2018-05-16 19:50:41 - [TEST_STEP][PASSED] - setText: Text '10' is set on object 'Object Repository/PharmacyRequest/Page_KDMC-Pharmacy/input_txttreat'

2018-05-16 19:50:41 - [MESSAGE][PASSED] - Text '10' is set on object 'Object Repository/PharmacyRequest/Page_KDMC-Pharmacy/input_txttreat'

2018-05-16 19:50:41 - [TEST_STEP][PASSED] - click: Object: 'Object Repository/PharmacyRequest/Page_KDMC-Pharmacy/button_Add' is clicked on

2018-05-16 19:50:41 - [MESSAGE][PASSED] - Object: 'Object Repository/PharmacyRequest/Page_KDMC-Pharmacy/button_Add' is clicked on

2018-05-16 19:50:41 - [TEST_STEP][PASSED] - selectOptionByIndex: All options with index in [8] are selected on object 'Object Repository/PharmacyRequest/Page_KDMC-Pharmacy/select_--Select--Schedule 1Inj'

2018-05-16 19:50:41 - [MESSAGE][PASSED] - All options with index in [8] are selected on object 'Object Repository/PharmacyRequest/Page_KDMC-Pharmacy/select_--Select--Schedule 1Inj'

2018-05-16 19:50:41 - [TEST_STEP][PASSED] - selectOptionByIndex: All options with index in [16] are selected on object 'Object Repository/PharmacyRequest/Page_KDMC-Pharmacy/select_--Select--Albendazole'

2018-05-16 19:50:41 - [MESSAGE][PASSED] - All options with index in [16] are selected on object 'Object Repository/PharmacyRequest/Page_KDMC-Pharmacy/select_--Select--Albendazole'

2018-05-16 19:50:41 - [TEST_STEP][PASSED] - setText: Text '10' is set on object 'Object Repository/PharmacyRequest/Page_KDMC-Pharmacy/input_txttreat'

2018-05-16 19:50:41 - [MESSAGE][PASSED] - Text '10' is set on object 'Object Repository/PharmacyRequest/Page_KDMC-Pharmacy/input_txttreat'

2018-05-16 19:50:41 - [TEST_STEP][PASSED] - click: Object: 'Object Repository/PharmacyRequest/Page_KDMC-Pharmacy/button_Add' is clicked on

2018-05-16 19:50:42 - [MESSAGE][PASSED] - Object: 'Object Repository/PharmacyRequest/Page_KDMC-Pharmacy/button_Add' is clicked on

2018-05-16 19:50:42 - [TEST_STEP][PASSED] - selectOptionByIndex: All options with index in [8] are selected on object 'Object Repository/PharmacyRequest/Page_KDMC-Pharmacy/select_--Select--Schedule 1Inj'

2018-05-16 19:50:42 - [MESSAGE][PASSED] - All options with index in [8] are selected on object 'Object Repository/PharmacyRequest/Page_KDMC-Pharmacy/select_--Select--Schedule 1Inj'

2018-05-16 19:50:42 - [TEST_STEP][PASSED] - selectOptionByIndex: All options with index in [17] are selected on object 'Object Repository/PharmacyRequest/Page_KDMC-Pharmacy/select_--Select--Albendazole'

2018-05-16 19:50:42 - [MESSAGE][PASSED] - All options with index in [17] are selected on object 'Object Repository/PharmacyRequest/Page_KDMC-Pharmacy/select_--Select--Albendazole'

2018-05-16 19:50:42 - [TEST_STEP][PASSED] - setText: Text '10' is set on object 'Object Repository/PharmacyRequest/Page_KDMC-Pharmacy/input_txttreat'

2018-05-16 19:50:42 - [MESSAGE][PASSED] - Text '10' is set on object 'Object Repository/PharmacyRequest/Page_KDMC-Pharmacy/input_txttreat'

2018-05-16 19:50:42 - [TEST_STEP][PASSED] - click: Object: 'Object Repository/PharmacyRequest/Page_KDMC-Pharmacy/button_Add' is clicked on

2018-05-16 19:50:42 - [MESSAGE][PASSED] - Object: 'Object Repository/PharmacyRequest/Page_KDMC-Pharmacy/button_Add' is clicked on

2018-05-16 19:50:42 - [TEST_STEP][PASSED] - Statement - RN1 = com.kms.katalon.core.webui.keyword.WebUiBuiltInKeywords.getAttribute(com.kms.katalon.core.testobject.ObjectRepository.findTestObject(PharmacyRequest/Page_KDMC-Pharmacy/input_txtno), "value"): Attribute 'value' of object 'Object Repository/PharmacyRequest/Page_KDMC-Pharmacy/input_txtno' is: 'PRNO/16052018/138'

2018-05-16 19:50:42 - [MESSAGE][PASSED] - Attribute 'value' of object 'Object Repository/PharmacyRequest/Page_KDMC-Pharmacy/input_txtno' is: 'PRNO/16052018/138'

2018-05-16 19:50:42 - [TEST_STEP][PASSED] - Statement - out.println(RN1): null

2018-05-16 19:50:42 - [TEST_STEP][PASSED] - Statement - RID = RN1.split("/")[2]: null

2018-05-16 19:50:42 - [TEST_STEP][PASSED] - scrollToElement: Scroll to object 'Object Repository/PharmacyRequest/Page_KDMC-Pharmacy/input_btnsave' successfully

2018-05-16 19:50:42 - [MESSAGE][PASSED] - Scroll to object 'Object Repository/PharmacyRequest/Page_KDMC-Pharmacy/input_btnsave' successfully

2018-05-16 19:50:42 - [TEST_STEP][PASSED] - click: Object: 'Object Repository/PharmacyRequest/Page_KDMC-Pharmacy/input_btnsave' is clicked on

2018-05-16 19:50:42 - [MESSAGE][PASSED] - Object: 'Object Repository/PharmacyRequest/Page_KDMC-Pharmacy/input_btnsave' is clicked on

2018-05-16 19:50:42 - [TEST_STEP][PASSED] - delay: Delayed 3 second(s)

2018-05-16 19:50:45 - [MESSAGE][PASSED] - Delayed 3 second(s)

2018-05-16 19:50:45 - [TEST_STEP][PASSED] - click: Object: 'Object Repository/PharmacyRequest/Page_KDMC-Pharmacy/button_OK' is clicked on

2018-05-16 19:50:46 - [MESSAGE][PASSED] - Object: 'Object Repository/PharmacyRequest/Page_KDMC-Pharmacy/button_OK' is clicked on

2018-05-16 19:50:46 - [TEST_STEP][PASSED] - delay: Delayed 3 second(s)

2018-05-16 19:50:49 - [MESSAGE][PASSED] - Delayed 3 second(s)

2018-05-16 19:50:49 - [TEST_STEP][PASSED] - click: Object: 'Object Repository/PharmacyRequest/Page_KDMC-Pharmacy/a_Back to Pharmacy' is clicked on

2018-05-16 19:50:50 - [MESSAGE][PASSED] - Object: 'Object Repository/PharmacyRequest/Page_KDMC-Pharmacy/a_Back to Pharmacy' is clicked on

2018-05-16 19:50:50 - [TEST_STEP][PASSED] - delay: Delayed 3 second(s)

2018-05-16 19:50:53 - [MESSAGE][PASSED] - Delayed 3 second(s)

2018-05-16 19:50:53 - [TEST_STEP][PASSED] - click: Object: 'Object Repository/PharmacyRequest/Page_KDMC - Pharmacy/a_dropdown-toggle' is clicked on

2018-05-16 19:50:53 - [MESSAGE][PASSED] - Object: 'Object Repository/PharmacyRequest/Page_KDMC - Pharmacy/a_dropdown-toggle' is clicked on

2018-05-16 19:50:53 - [TEST_STEP][PASSED] - click: Object: 'Object Repository/PharmacyRequest/Page_KDMC - Pharmacy/a_Sign out' is clicked on

2018-05-16 19:50:54 - [MESSAGE][PASSED] - Object: 'Object Repository/PharmacyRequest/Page_KDMC - Pharmacy/a_Sign out' is clicked on

2018-05-16 19:50:54 - [TEST_STEP][PASSED] - delay: Delayed 3 second(s)

2018-05-16 19:50:57 - [MESSAGE][PASSED] - Delayed 3 second(s)

2018-05-16 19:50:57 - [TEST_STEP][PASSED] - click: Object: 'Object Repository/PharmacyRequest/Page_KDMC/a_CMO' is clicked on

2018-05-16 19:50:57 - [MESSAGE][PASSED] - Object: 'Object Repository/PharmacyRequest/Page_KDMC/a_CMO' is clicked on

2018-05-16 19:50:57 - [TEST_STEP][PASSED] - setText: Text 'guru' is set on object 'Object Repository/PharmacyRequest/Page_CMO login/input_txtusername'

2018-05-16 19:50:57 - [MESSAGE][PASSED] - Text 'guru' is set on object 'Object Repository/PharmacyRequest/Page_CMO login/input_txtusername'

2018-05-16 19:50:57 - [TEST_STEP][PASSED] - setText: Text '123' is set on object 'Object Repository/PharmacyRequest/Page_CMO login/input_txtpassword'

2018-05-16 19:50:57 - [MESSAGE][PASSED] - Text '123' is set on object 'Object Repository/PharmacyRequest/Page_CMO login/input_txtpassword'

2018-05-16 19:50:57 - [TEST_STEP][PASSED] - delay: Delayed 3 second(s)

2018-05-16 19:51:00 - [MESSAGE][PASSED] - Delayed 3 second(s)

2018-05-16 19:51:00 - [TEST_STEP][PASSED] - click: Object: 'Object Repository/PharmacyRequest/Page_CMO login/button_Sign in' is clicked on

2018-05-16 19:51:01 - [MESSAGE][PASSED] - Object: 'Object Repository/PharmacyRequest/Page_CMO login/button_Sign in' is clicked on

2018-05-16 19:51:01 - [TEST_STEP][PASSED] - click: Object: 'Object Repository/PharmacyRequest/Page_KDMC - CMO/a_Department Wise Request' is clicked on

2018-05-16 19:51:02 - [MESSAGE][PASSED] - Object: 'Object Repository/PharmacyRequest/Page_KDMC - CMO/a_Department Wise Request' is clicked on

2018-05-16 19:51:02 - [TEST_STEP][PASSED] - selectOptionByIndex: All options with index in [2] are selected on object 'Object Repository/PharmacyRequest/Page_KDMC - CMO/select_--ALL--'

2018-05-16 19:51:03 - [MESSAGE][PASSED] - All options with index in [2] are selected on object 'Object Repository/PharmacyRequest/Page_KDMC - CMO/select_--ALL--'

2018-05-16 19:51:03 - [TEST_STEP][PASSED] - selectOptionByIndex: All options with index in [1] are selected on object 'Object Repository/PharmacyRequest/Page_KDMC - CMO/select_--ALL--                _1'

2018-05-16 19:51:03 - [MESSAGE][PASSED] - All options with index in [1] are selected on object 'Object Repository/PharmacyRequest/Page_KDMC - CMO/select_--ALL--                _1'

2018-05-16 19:51:03 - [TEST_STEP][PASSED] - click: Object: 'Object Repository/PharmacyRequest/Page_KDMC - CMO/input_btnsearch' is clicked on

2018-05-16 19:51:03 - [MESSAGE][PASSED] - Object: 'Object Repository/PharmacyRequest/Page_KDMC - CMO/input_btnsearch' is clicked on

2018-05-16 19:51:03 - [TEST_STEP][PASSED] - Statement - ID = com.kms.katalon.core.webui.keyword.WebUiBuiltInKeywords.modifyObjectProperty(com.kms.katalon.core.testobject.ObjectRepository.findTestObject(PharmacyRequest/Page_KDMC - CMO/input_2), "xpath", "equals", "//*[@id=" + RID + "]", true): Modify property of object successfully

2018-05-16 19:51:03 - [MESSAGE][PASSED] - Modify property of object successfully

2018-05-16 19:51:03 - [TEST_STEP][PASSED] - click: Object: 'Object Repository/PharmacyRequest/Page_KDMC - CMO/input_2' is clicked on

2018-05-16 19:51:03 - [MESSAGE][PASSED] - Object: 'Object Repository/PharmacyRequest/Page_KDMC - CMO/input_2' is clicked on

2018-05-16 19:51:03 - [TEST_STEP][PASSED] - delay: Delayed 3 second(s)

2018-05-16 19:51:06 - [MESSAGE][PASSED] - Delayed 3 second(s)

2018-05-16 19:51:06 - [TEST_STEP][PASSED] - selectOptionByIndex: All options with index in [1] are selected on object 'Object Repository/PharmacyRequest/Page_KDMC - CMO/select_--Select--'

2018-05-16 19:51:07 - [MESSAGE][PASSED] - All options with index in [1] are selected on object 'Object Repository/PharmacyRequest/Page_KDMC - CMO/select_--Select--'

2018-05-16 19:51:07 - [TEST_STEP][PASSED] - click: Object: 'Object Repository/PharmacyRequest/Page_KDMC - CMO/input_btnupdate' is clicked on

2018-05-16 19:51:07 - [MESSAGE][PASSED] - Object: 'Object Repository/PharmacyRequest/Page_KDMC - CMO/input_btnupdate' is clicked on

2018-05-16 19:51:07 - [TEST_STEP][PASSED] - delay: Delayed 3 second(s)

2018-05-16 19:51:10 - [MESSAGE][PASSED] - Delayed 3 second(s)

2018-05-16 19:51:10 - [TEST_STEP][PASSED] - click: Object: 'Object Repository/PharmacyRequest/Page_KDMC - CMO/button_OK' is clicked on

2018-05-16 19:51:10 - [MESSAGE][PASSED] - Object: 'Object Repository/PharmacyRequest/Page_KDMC - CMO/button_OK' is clicked on

2018-05-16 19:51:10 - [TEST_STEP][PASSED] - delay: Delayed 3 second(s)

2018-05-16 19:51:13 - [MESSAGE][PASSED] - Delayed 3 second(s)

2018-05-16 19:51:13 - [TEST_STEP][PASSED] - click: Object: 'Object Repository/PharmacyRequest/Page_KDMC - CMO/a_dropdown-toggle' is clicked on

2018-05-16 19:51:13 - [MESSAGE][PASSED] - Object: 'Object Repository/PharmacyRequest/Page_KDMC - CMO/a_dropdown-toggle' is clicked on

2018-05-16 19:51:13 - [TEST_STEP][PASSED] - click: Object: 'Object Repository/PharmacyRequest/Page_KDMC - CMO/a_Sign out' is clicked on

2018-05-16 19:51:14 - [MESSAGE][PASSED] - Object: 'Object Repository/PharmacyRequest/Page_KDMC - CMO/a_Sign out' is clicked on

2018-05-16 19:51:14 - [TEST_STEP][PASSED] - delay: Delayed 3 second(s)

2018-05-16 19:51:17 - [MESSAGE][PASSED] - Delayed 3 second(s)

2018-05-16 19:51:17 - [TEST_STEP][PASSED] - click: Object: 'Object Repository/PharmacyRequest/Page_KDMC/a_Divisional Store' is clicked on

2018-05-16 19:51:17 - [MESSAGE][PASSED] - Object: 'Object Repository/PharmacyRequest/Page_KDMC/a_Divisional Store' is clicked on

2018-05-16 19:51:17 - [TEST_STEP][PASSED] - setText: Text 'ragu' is set on object 'Object Repository/PharmacyRequest/Page_Divisonal Store Login/input_txtusername'

2018-05-16 19:51:17 - [MESSAGE][PASSED] - Text 'ragu' is set on object 'Object Repository/PharmacyRequest/Page_Divisonal Store Login/input_txtusername'

2018-05-16 19:51:17 - [TEST_STEP][PASSED] - setText: Text '123' is set on object 'Object Repository/PharmacyRequest/Page_Divisonal Store Login/input_txtpassword'

2018-05-16 19:51:17 - [MESSAGE][PASSED] - Text '123' is set on object 'Object Repository/PharmacyRequest/Page_Divisonal Store Login/input_txtpassword'

2018-05-16 19:51:17 - [TEST_STEP][PASSED] - delay: Delayed 3 second(s)

2018-05-16 19:51:20 - [MESSAGE][PASSED] - Delayed 3 second(s)

2018-05-16 19:51:20 - [TEST_STEP][PASSED] - click: Object: 'Object Repository/PharmacyRequest/Page_Divisonal Store Login/button_Sign in' is clicked on

2018-05-16 19:51:21 - [MESSAGE][PASSED] - Object: 'Object Repository/PharmacyRequest/Page_Divisonal Store Login/button_Sign in' is clicked on

2018-05-16 19:51:21 - [TEST_STEP][PASSED] - delay: Delayed 3 second(s)

2018-05-16 19:51:24 - [MESSAGE][PASSED] - Delayed 3 second(s)

2018-05-16 19:51:24 - [TEST_STEP][PASSED] - click: Object: 'Object Repository/PharmacyRequest/Page_Store/a_Pharmacy Request' is clicked on

2018-05-16 19:51:24 - [MESSAGE][PASSED] - Object: 'Object Repository/PharmacyRequest/Page_Store/a_Pharmacy Request' is clicked on

2018-05-16 19:51:24 - [TEST_STEP][PASSED] - click: Object: 'Object Repository/PharmacyRequest/Page_Store/a_Request Item Pharmacy' is clicked on

2018-05-16 19:51:25 - [MESSAGE][PASSED] - Object: 'Object Repository/PharmacyRequest/Page_Store/a_Request Item Pharmacy' is clicked on

2018-05-16 19:51:25 - [TEST_STEP][PASSED] - delay: Delayed 2 second(s)

2018-05-16 19:51:27 - [MESSAGE][PASSED] - Delayed 2 second(s)

2018-05-16 19:51:27 - [TEST_STEP][PASSED] - setText: Text 'PRNO/16052018/138' is set on object 'Object Repository/PharmacyRequest/Page_Store/input'

2018-05-16 19:51:27 - [MESSAGE][PASSED] - Text 'PRNO/16052018/138' is set on object 'Object Repository/PharmacyRequest/Page_Store/input'

2018-05-16 19:51:27 - [TEST_STEP][PASSED] - delay: Delayed 2 second(s)

2018-05-16 19:51:29 - [MESSAGE][PASSED] - Delayed 2 second(s)

2018-05-16 19:51:29 - [TEST_STEP][PASSED] - Statement - ChooseRequest = com.kms.katalon.core.webui.keyword.WebUiBuiltInKeywords.modifyObjectProperty(com.kms.katalon.core.testobject.ObjectRepository.findTestObject(PharmacyRequest/Page_Store/input_2), "xpath", "equals", "//*[@id=" + RID + "]", true): Modify property of object successfully

2018-05-16 19:51:29 - [MESSAGE][PASSED] - Modify property of object successfully

2018-05-16 19:51:29 - [TEST_STEP][PASSED] - click: Object: 'Object Repository/PharmacyRequest/Page_Store/input_2' is clicked on

2018-05-16 19:51:30 - [MESSAGE][PASSED] - Object: 'Object Repository/PharmacyRequest/Page_Store/input_2' is clicked on

2018-05-16 19:51:30 - [TEST_STEP][PASSED] - delay: Delayed 2 second(s)

2018-05-16 19:51:32 - [MESSAGE][PASSED] - Delayed 2 second(s)

2018-05-16 19:51:32 - [TEST_STEP][PASSED] - Statement - selectedoptions = com.kms.katalon.core.webui.keyword.WebUiBuiltInKeywords.getNumberOfTotalOption(com.kms.katalon.core.testobject.ObjectRepository.findTestObject(PharmacyRequest/Page_Store/select_--Select--Amlodepin -5)): 18 options of object 'Object Repository/PharmacyRequest/Page_Store/select_--Select--Amlodepin -5' counted

2018-05-16 19:51:32 - [MESSAGE][PASSED] - 18 options of object 'Object Repository/PharmacyRequest/Page_Store/select_--Select--Amlodepin -5' counted

2018-05-16 19:51:32 - [TEST_STEP][PASSED] - Statement - For ([a = 1, a <= selectedoptions - 1, (a++)]): null

2018-05-16 19:51:32 - [TEST_STEP][PASSED] - selectOptionByIndex: All options with index in [1] are selected on object 'Object Repository/PharmacyRequest/Page_Store/select_--Select--Amlodepin -5'

2018-05-16 19:51:32 - [MESSAGE][PASSED] - All options with index in [1] are selected on object 'Object Repository/PharmacyRequest/Page_Store/select_--Select--Amlodepin -5'

2018-05-16 19:51:32 - [TEST_STEP][PASSED] - delay: Delayed 1 second(s)

2018-05-16 19:51:33 - [MESSAGE][PASSED] - Delayed 1 second(s)

2018-05-16 19:51:33 - [TEST_STEP][PASSED] - Statement - RequestedQty = com.kms.katalon.core.webui.keyword.WebUiBuiltInKeywords.getAttribute(com.kms.katalon.core.testobject.ObjectRepository.findTestObject(PharmacyRequest/Page_Store/input_txttotal), "value"): Attribute 'value' of object 'Object Repository/PharmacyRequest/Page_Store/input_txttotal' is: '10'

2018-05-16 19:51:33 - [MESSAGE][PASSED] - Attribute 'value' of object 'Object Repository/PharmacyRequest/Page_Store/input_txttotal' is: '10'

2018-05-16 19:51:33 - [TEST_STEP][PASSED] - Statement - out.println("Requested QTY : " + RequestedQty): null

2018-05-16 19:51:33 - [TEST_STEP][PASSED] - Statement - BatchNumber = com.kms.katalon.core.webui.keyword.WebUiBuiltInKeywords.getNumberOfTotalOption(com.kms.katalon.core.testobject.ObjectRepository.findTestObject(PharmacyRequest/Page_Store/select_--Select--BA50)): 2 options of object 'Object Repository/PharmacyRequest/Page_Store/select_--Select--BA50' counted

2018-05-16 19:51:33 - [MESSAGE][PASSED] - 2 options of object 'Object Repository/PharmacyRequest/Page_Store/select_--Select--BA50' counted

2018-05-16 19:51:33 - [TEST_STEP][PASSED] - Statement - For ([g = 1, g <= BatchNumber - 1, (g++)]): null

2018-05-16 19:51:33 - [TEST_STEP][PASSED] - selectOptionByIndex: All options with index in [1] are selected on object 'Object Repository/PharmacyRequest/Page_Store/select_--Select--BA50'

2018-05-16 19:51:33 - [MESSAGE][PASSED] - All options with index in [1] are selected on object 'Object Repository/PharmacyRequest/Page_Store/select_--Select--BA50'

2018-05-16 19:51:33 - [TEST_STEP][PASSED] - delay: Delayed 1 second(s)

2018-05-16 19:51:34 - [MESSAGE][PASSED] - Delayed 1 second(s)

2018-05-16 19:51:34 - [TEST_STEP][PASSED] - Statement - StockQty = com.kms.katalon.core.webui.keyword.WebUiBuiltInKeywords.getAttribute(com.kms.katalon.core.testobject.ObjectRepository.findTestObject(PharmacyRequest/Page_Store/input_txtprice), "value"): Attribute 'value' of object 'Object Repository/PharmacyRequest/Page_Store/input_txtprice' is: '1110'

2018-05-16 19:51:34 - [MESSAGE][PASSED] - Attribute 'value' of object 'Object Repository/PharmacyRequest/Page_Store/input_txtprice' is: '1110'

2018-05-16 19:51:34 - [TEST_STEP][PASSED] - Statement - out.println("Stock QTY : " + StockQty): null

2018-05-16 19:51:34 - [TEST_STEP][PASSED] - delay: Delayed 1 second(s)

2018-05-16 19:51:35 - [MESSAGE][PASSED] - Delayed 1 second(s)

2018-05-16 19:51:35 - [TEST_STEP][PASSED] - Statement - If (java.lang.Integer.valueOf(StockQty) >= java.lang.Integer.valueOf(RequestedQty)): null

2018-05-16 19:51:35 - [TEST_STEP][PASSED] - setText: Text '10' is set on object 'Object Repository/PharmacyRequest/Page_Store/input_txtqty'

2018-05-16 19:51:35 - [MESSAGE][PASSED] - Text '10' is set on object 'Object Repository/PharmacyRequest/Page_Store/input_txtqty'

2018-05-16 19:51:35 - [TEST_STEP][PASSED] - click: Object: 'Object Repository/PharmacyRequest/Page_Store/button_Add' is clicked on

2018-05-16 19:51:35 - [MESSAGE][PASSED] - Object: 'Object Repository/PharmacyRequest/Page_Store/button_Add' is clicked on

2018-05-16 19:51:35 - [TEST_STEP][PASSED] - Statement - Break: null

2018-05-16 19:51:35 - [TEST_STEP][PASSED] - selectOptionByIndex: All options with index in [2] are selected on object 'Object Repository/PharmacyRequest/Page_Store/select_--Select--Amlodepin -5'

2018-05-16 19:51:35 - [MESSAGE][PASSED] - All options with index in [2] are selected on object 'Object Repository/PharmacyRequest/Page_Store/select_--Select--Amlodepin -5'

2018-05-16 19:51:35 - [TEST_STEP][PASSED] - delay: Delayed 1 second(s)

2018-05-16 19:51:36 - [MESSAGE][PASSED] - Delayed 1 second(s)

2018-05-16 19:51:36 - [TEST_STEP][PASSED] - Statement - RequestedQty = com.kms.katalon.core.webui.keyword.WebUiBuiltInKeywords.getAttribute(com.kms.katalon.core.testobject.ObjectRepository.findTestObject(PharmacyRequest/Page_Store/input_txttotal), "value"): Attribute 'value' of object 'Object Repository/PharmacyRequest/Page_Store/input_txttotal' is: '10'

2018-05-16 19:51:36 - [MESSAGE][PASSED] - Attribute 'value' of object 'Object Repository/PharmacyRequest/Page_Store/input_txttotal' is: '10'

2018-05-16 19:51:36 - [TEST_STEP][PASSED] - Statement - out.println("Requested QTY : " + RequestedQty): null

2018-05-16 19:51:36 - [TEST_STEP][PASSED] - Statement - BatchNumber = com.kms.katalon.core.webui.keyword.WebUiBuiltInKeywords.getNumberOfTotalOption(com.kms.katalon.core.testobject.ObjectRepository.findTestObject(PharmacyRequest/Page_Store/select_--Select--BA50)): 3 options of object 'Object Repository/PharmacyRequest/Page_Store/select_--Select--BA50' counted

2018-05-16 19:51:37 - [MESSAGE][PASSED] - 3 options of object 'Object Repository/PharmacyRequest/Page_Store/select_--Select--BA50' counted

2018-05-16 19:51:37 - [TEST_STEP][PASSED] - Statement - For ([g = 1, g <= BatchNumber - 1, (g++)]): null

2018-05-16 19:51:37 - [TEST_STEP][PASSED] - selectOptionByIndex: All options with index in [1] are selected on object 'Object Repository/PharmacyRequest/Page_Store/select_--Select--BA50'

2018-05-16 19:51:37 - [MESSAGE][PASSED] - All options with index in [1] are selected on object 'Object Repository/PharmacyRequest/Page_Store/select_--Select--BA50'

2018-05-16 19:51:37 - [TEST_STEP][PASSED] - delay: Delayed 1 second(s)

2018-05-16 19:51:38 - [MESSAGE][PASSED] - Delayed 1 second(s)

2018-05-16 19:51:38 - [TEST_STEP][PASSED] - Statement - StockQty = com.kms.katalon.core.webui.keyword.WebUiBuiltInKeywords.getAttribute(com.kms.katalon.core.testobject.ObjectRepository.findTestObject(PharmacyRequest/Page_Store/input_txtprice), "value"): Attribute 'value' of object 'Object Repository/PharmacyRequest/Page_Store/input_txtprice' is: '94'

2018-05-16 19:51:38 - [MESSAGE][PASSED] - Attribute 'value' of object 'Object Repository/PharmacyRequest/Page_Store/input_txtprice' is: '94'

2018-05-16 19:51:38 - [TEST_STEP][PASSED] - Statement - out.println("Stock QTY : " + StockQty): null

2018-05-16 19:51:38 - [TEST_STEP][PASSED] - delay: Delayed 1 second(s)

2018-05-16 19:51:39 - [MESSAGE][PASSED] - Delayed 1 second(s)

2018-05-16 19:51:39 - [TEST_STEP][PASSED] - Statement - If (java.lang.Integer.valueOf(StockQty) >= java.lang.Integer.valueOf(RequestedQty)): null

2018-05-16 19:51:39 - [TEST_STEP][PASSED] - setText: Text '10' is set on object 'Object Repository/PharmacyRequest/Page_Store/input_txtqty'

2018-05-16 19:51:39 - [MESSAGE][PASSED] - Text '10' is set on object 'Object Repository/PharmacyRequest/Page_Store/input_txtqty'

2018-05-16 19:51:39 - [TEST_STEP][PASSED] - click: Object: 'Object Repository/PharmacyRequest/Page_Store/button_Add' is clicked on

2018-05-16 19:51:39 - [MESSAGE][PASSED] - Object: 'Object Repository/PharmacyRequest/Page_Store/button_Add' is clicked on

2018-05-16 19:51:39 - [TEST_STEP][PASSED] - Statement - Break: null

2018-05-16 19:51:39 - [TEST_STEP][PASSED] - selectOptionByIndex: All options with index in [3] are selected on object 'Object Repository/PharmacyRequest/Page_Store/select_--Select--Amlodepin -5'

2018-05-16 19:51:39 - [MESSAGE][PASSED] - All options with index in [3] are selected on object 'Object Repository/PharmacyRequest/Page_Store/select_--Select--Amlodepin -5'

2018-05-16 19:51:39 - [TEST_STEP][PASSED] - delay: Delayed 1 second(s)

2018-05-16 19:51:40 - [MESSAGE][PASSED] - Delayed 1 second(s)

2018-05-16 19:51:40 - [TEST_STEP][PASSED] - Statement - RequestedQty = com.kms.katalon.core.webui.keyword.WebUiBuiltInKeywords.getAttribute(com.kms.katalon.core.testobject.ObjectRepository.findTestObject(PharmacyRequest/Page_Store/input_txttotal), "value"): Attribute 'value' of object 'Object Repository/PharmacyRequest/Page_Store/input_txttotal' is: '10'

2018-05-16 19:51:40 - [MESSAGE][PASSED] - Attribute 'value' of object 'Object Repository/PharmacyRequest/Page_Store/input_txttotal' is: '10'

2018-05-16 19:51:40 - [TEST_STEP][PASSED] - Statement - out.println("Requested QTY : " + RequestedQty): null

2018-05-16 19:51:40 - [TEST_STEP][PASSED] - Statement - BatchNumber = com.kms.katalon.core.webui.keyword.WebUiBuiltInKeywords.getNumberOfTotalOption(com.kms.katalon.core.testobject.ObjectRepository.findTestObject(PharmacyRequest/Page_Store/select_--Select--BA50)): 3 options of object 'Object Repository/PharmacyRequest/Page_Store/select_--Select--BA50' counted

2018-05-16 19:51:40 - [MESSAGE][PASSED] - 3 options of object 'Object Repository/PharmacyRequest/Page_Store/select_--Select--BA50' counted

2018-05-16 19:51:40 - [TEST_STEP][PASSED] - Statement - For ([g = 1, g <= BatchNumber - 1, (g++)]): null

2018-05-16 19:51:40 - [TEST_STEP][PASSED] - selectOptionByIndex: All options with index in [1] are selected on object 'Object Repository/PharmacyRequest/Page_Store/select_--Select--BA50'

2018-05-16 19:51:40 - [MESSAGE][PASSED] - All options with index in [1] are selected on object 'Object Repository/PharmacyRequest/Page_Store/select_--Select--BA50'

2018-05-16 19:51:40 - [TEST_STEP][PASSED] - delay: Delayed 1 second(s)

2018-05-16 19:51:41 - [MESSAGE][PASSED] - Delayed 1 second(s)

2018-05-16 19:51:41 - [TEST_STEP][PASSED] - Statement - StockQty = com.kms.katalon.core.webui.keyword.WebUiBuiltInKeywords.getAttribute(com.kms.katalon.core.testobject.ObjectRepository.findTestObject(PharmacyRequest/Page_Store/input_txtprice), "value"): Attribute 'value' of object 'Object Repository/PharmacyRequest/Page_Store/input_txtprice' is: '1010'

2018-05-16 19:51:41 - [MESSAGE][PASSED] - Attribute 'value' of object 'Object Repository/PharmacyRequest/Page_Store/input_txtprice' is: '1010'

2018-05-16 19:51:41 - [TEST_STEP][PASSED] - Statement - out.println("Stock QTY : " + StockQty): null

2018-05-16 19:51:41 - [TEST_STEP][PASSED] - delay: Delayed 1 second(s)

2018-05-16 19:51:42 - [MESSAGE][PASSED] - Delayed 1 second(s)

2018-05-16 19:51:42 - [TEST_STEP][PASSED] - Statement - If (java.lang.Integer.valueOf(StockQty) >= java.lang.Integer.valueOf(RequestedQty)): null

2018-05-16 19:51:42 - [TEST_STEP][PASSED] - setText: Text '10' is set on object 'Object Repository/PharmacyRequest/Page_Store/input_txtqty'

2018-05-16 19:51:42 - [MESSAGE][PASSED] - Text '10' is set on object 'Object Repository/PharmacyRequest/Page_Store/input_txtqty'

2018-05-16 19:51:42 - [TEST_STEP][PASSED] - click: Object: 'Object Repository/PharmacyRequest/Page_Store/button_Add' is clicked on

2018-05-16 19:51:42 - [MESSAGE][PASSED] - Object: 'Object Repository/PharmacyRequest/Page_Store/button_Add' is clicked on

2018-05-16 19:51:42 - [TEST_STEP][PASSED] - Statement - Break: null

2018-05-16 19:51:42 - [TEST_STEP][PASSED] - selectOptionByIndex: All options with index in [4] are selected on object 'Object Repository/PharmacyRequest/Page_Store/select_--Select--Amlodepin -5'

2018-05-16 19:51:43 - [MESSAGE][PASSED] - All options with index in [4] are selected on object 'Object Repository/PharmacyRequest/Page_Store/select_--Select--Amlodepin -5'

2018-05-16 19:51:43 - [TEST_STEP][PASSED] - delay: Delayed 1 second(s)

2018-05-16 19:51:44 - [MESSAGE][PASSED] - Delayed 1 second(s)

2018-05-16 19:51:44 - [TEST_STEP][PASSED] - Statement - RequestedQty = com.kms.katalon.core.webui.keyword.WebUiBuiltInKeywords.getAttribute(com.kms.katalon.core.testobject.ObjectRepository.findTestObject(PharmacyRequest/Page_Store/input_txttotal), "value"): Attribute 'value' of object 'Object Repository/PharmacyRequest/Page_Store/input_txttotal' is: '10'

2018-05-16 19:51:44 - [MESSAGE][PASSED] - Attribute 'value' of object 'Object Repository/PharmacyRequest/Page_Store/input_txttotal' is: '10'

2018-05-16 19:51:44 - [TEST_STEP][PASSED] - Statement - out.println("Requested QTY : " + RequestedQty): null

2018-05-16 19:51:44 - [TEST_STEP][PASSED] - Statement - BatchNumber = com.kms.katalon.core.webui.keyword.WebUiBuiltInKeywords.getNumberOfTotalOption(com.kms.katalon.core.testobject.ObjectRepository.findTestObject(PharmacyRequest/Page_Store/select_--Select--BA50)): 3 options of object 'Object Repository/PharmacyRequest/Page_Store/select_--Select--BA50' counted

2018-05-16 19:51:44 - [MESSAGE][PASSED] - 3 options of object 'Object Repository/PharmacyRequest/Page_Store/select_--Select--BA50' counted

2018-05-16 19:51:44 - [TEST_STEP][PASSED] - Statement - For ([g = 1, g <= BatchNumber - 1, (g++)]): null

2018-05-16 19:51:44 - [TEST_STEP][PASSED] - selectOptionByIndex: All options with index in [1] are selected on object 'Object Repository/PharmacyRequest/Page_Store/select_--Select--BA50'

2018-05-16 19:51:44 - [MESSAGE][PASSED] - All options with index in [1] are selected on object 'Object Repository/PharmacyRequest/Page_Store/select_--Select--BA50'

2018-05-16 19:51:44 - [TEST_STEP][PASSED] - delay: Delayed 1 second(s)

2018-05-16 19:51:45 - [MESSAGE][PASSED] - Delayed 1 second(s)

2018-05-16 19:51:45 - [TEST_STEP][PASSED] - Statement - StockQty = com.kms.katalon.core.webui.keyword.WebUiBuiltInKeywords.getAttribute(com.kms.katalon.core.testobject.ObjectRepository.findTestObject(PharmacyRequest/Page_Store/input_txtprice), "value"): Attribute 'value' of object 'Object Repository/PharmacyRequest/Page_Store/input_txtprice' is: '100'

2018-05-16 19:51:45 - [MESSAGE][PASSED] - Attribute 'value' of object 'Object Repository/PharmacyRequest/Page_Store/input_txtprice' is: '100'

2018-05-16 19:51:45 - [TEST_STEP][PASSED] - Statement - out.println("Stock QTY : " + StockQty): null

2018-05-16 19:51:45 - [TEST_STEP][PASSED] - delay: Delayed 1 second(s)

2018-05-16 19:51:46 - [MESSAGE][PASSED] - Delayed 1 second(s)

2018-05-16 19:51:46 - [TEST_STEP][PASSED] - Statement - If (java.lang.Integer.valueOf(StockQty) >= java.lang.Integer.valueOf(RequestedQty)): null

2018-05-16 19:51:46 - [TEST_STEP][PASSED] - setText: Text '10' is set on object 'Object Repository/PharmacyRequest/Page_Store/input_txtqty'

2018-05-16 19:51:46 - [MESSAGE][PASSED] - Text '10' is set on object 'Object Repository/PharmacyRequest/Page_Store/input_txtqty'

2018-05-16 19:51:46 - [TEST_STEP][PASSED] - click: Object: 'Object Repository/PharmacyRequest/Page_Store/button_Add' is clicked on

2018-05-16 19:51:46 - [MESSAGE][PASSED] - Object: 'Object Repository/PharmacyRequest/Page_Store/button_Add' is clicked on

2018-05-16 19:51:46 - [TEST_STEP][PASSED] - Statement - Break: null

2018-05-16 19:51:46 - [TEST_STEP][PASSED] - selectOptionByIndex: All options with index in [5] are selected on object 'Object Repository/PharmacyRequest/Page_Store/select_--Select--Amlodepin -5'

2018-05-16 19:51:46 - [MESSAGE][PASSED] - All options with index in [5] are selected on object 'Object Repository/PharmacyRequest/Page_Store/select_--Select--Amlodepin -5'

2018-05-16 19:51:46 - [TEST_STEP][PASSED] - delay: Delayed 1 second(s)

2018-05-16 19:51:47 - [MESSAGE][PASSED] - Delayed 1 second(s)

2018-05-16 19:51:47 - [TEST_STEP][PASSED] - Statement - RequestedQty = com.kms.katalon.core.webui.keyword.WebUiBuiltInKeywords.getAttribute(com.kms.katalon.core.testobject.ObjectRepository.findTestObject(PharmacyRequest/Page_Store/input_txttotal), "value"): Attribute 'value' of object 'Object Repository/PharmacyRequest/Page_Store/input_txttotal' is: '10'

2018-05-16 19:51:47 - [MESSAGE][PASSED] - Attribute 'value' of object 'Object Repository/PharmacyRequest/Page_Store/input_txttotal' is: '10'

2018-05-16 19:51:47 - [TEST_STEP][PASSED] - Statement - out.println("Requested QTY : " + RequestedQty): null

2018-05-16 19:51:47 - [TEST_STEP][PASSED] - Statement - BatchNumber = com.kms.katalon.core.webui.keyword.WebUiBuiltInKeywords.getNumberOfTotalOption(com.kms.katalon.core.testobject.ObjectRepository.findTestObject(PharmacyRequest/Page_Store/select_--Select--BA50)): 3 options of object 'Object Repository/PharmacyRequest/Page_Store/select_--Select--BA50' counted

2018-05-16 19:51:47 - [MESSAGE][PASSED] - 3 options of object 'Object Repository/PharmacyRequest/Page_Store/select_--Select--BA50' counted

2018-05-16 19:51:47 - [TEST_STEP][PASSED] - Statement - For ([g = 1, g <= BatchNumber - 1, (g++)]): null

2018-05-16 19:51:47 - [TEST_STEP][PASSED] - selectOptionByIndex: All options with index in [1] are selected on object 'Object Repository/PharmacyRequest/Page_Store/select_--Select--BA50'

2018-05-16 19:51:47 - [MESSAGE][PASSED] - All options with index in [1] are selected on object 'Object Repository/PharmacyRequest/Page_Store/select_--Select--BA50'

2018-05-16 19:51:47 - [TEST_STEP][PASSED] - delay: Delayed 1 second(s)

2018-05-16 19:51:48 - [MESSAGE][PASSED] - Delayed 1 second(s)

2018-05-16 19:51:48 - [TEST_STEP][PASSED] - Statement - StockQty = com.kms.katalon.core.webui.keyword.WebUiBuiltInKeywords.getAttribute(com.kms.katalon.core.testobject.ObjectRepository.findTestObject(PharmacyRequest/Page_Store/input_txtprice), "value"): Attribute 'value' of object 'Object Repository/PharmacyRequest/Page_Store/input_txtprice' is: '100'

2018-05-16 19:51:48 - [MESSAGE][PASSED] - Attribute 'value' of object 'Object Repository/PharmacyRequest/Page_Store/input_txtprice' is: '100'

2018-05-16 19:51:48 - [TEST_STEP][PASSED] - Statement - out.println("Stock QTY : " + StockQty): null

2018-05-16 19:51:48 - [TEST_STEP][PASSED] - delay: Delayed 1 second(s)

2018-05-16 19:51:49 - [MESSAGE][PASSED] - Delayed 1 second(s)

2018-05-16 19:51:49 - [TEST_STEP][PASSED] - Statement - If (java.lang.Integer.valueOf(StockQty) >= java.lang.Integer.valueOf(RequestedQty)): null

2018-05-16 19:51:49 - [TEST_STEP][PASSED] - setText: Text '10' is set on object 'Object Repository/PharmacyRequest/Page_Store/input_txtqty'

2018-05-16 19:51:50 - [MESSAGE][PASSED] - Text '10' is set on object 'Object Repository/PharmacyRequest/Page_Store/input_txtqty'

2018-05-16 19:51:50 - [TEST_STEP][PASSED] - click: Object: 'Object Repository/PharmacyRequest/Page_Store/button_Add' is clicked on

2018-05-16 19:51:50 - [MESSAGE][PASSED] - Object: 'Object Repository/PharmacyRequest/Page_Store/button_Add' is clicked on

2018-05-16 19:51:50 - [TEST_STEP][PASSED] - Statement - Break: null

2018-05-16 19:51:50 - [TEST_STEP][PASSED] - selectOptionByIndex: All options with index in [6] are selected on object 'Object Repository/PharmacyRequest/Page_Store/select_--Select--Amlodepin -5'

2018-05-16 19:51:50 - [MESSAGE][PASSED] - All options with index in [6] are selected on object 'Object Repository/PharmacyRequest/Page_Store/select_--Select--Amlodepin -5'

2018-05-16 19:51:50 - [TEST_STEP][PASSED] - delay: Delayed 1 second(s)

2018-05-16 19:51:51 - [MESSAGE][PASSED] - Delayed 1 second(s)

2018-05-16 19:51:51 - [TEST_STEP][PASSED] - Statement - RequestedQty = com.kms.katalon.core.webui.keyword.WebUiBuiltInKeywords.getAttribute(com.kms.katalon.core.testobject.ObjectRepository.findTestObject(PharmacyRequest/Page_Store/input_txttotal), "value"): Attribute 'value' of object 'Object Repository/PharmacyRequest/Page_Store/input_txttotal' is: '10'

2018-05-16 19:51:51 - [MESSAGE][PASSED] - Attribute 'value' of object 'Object Repository/PharmacyRequest/Page_Store/input_txttotal' is: '10'

2018-05-16 19:51:51 - [TEST_STEP][PASSED] - Statement - out.println("Requested QTY : " + RequestedQty): null

2018-05-16 19:51:51 - [TEST_STEP][PASSED] - Statement - BatchNumber = com.kms.katalon.core.webui.keyword.WebUiBuiltInKeywords.getNumberOfTotalOption(com.kms.katalon.core.testobject.ObjectRepository.findTestObject(PharmacyRequest/Page_Store/select_--Select--BA50)): 3 options of object 'Object Repository/PharmacyRequest/Page_Store/select_--Select--BA50' counted

2018-05-16 19:51:51 - [MESSAGE][PASSED] - 3 options of object 'Object Repository/PharmacyRequest/Page_Store/select_--Select--BA50' counted

2018-05-16 19:51:51 - [TEST_STEP][PASSED] - Statement - For ([g = 1, g <= BatchNumber - 1, (g++)]): null

2018-05-16 19:51:51 - [TEST_STEP][PASSED] - selectOptionByIndex: All options with index in [1] are selected on object 'Object Repository/PharmacyRequest/Page_Store/select_--Select--BA50'

2018-05-16 19:51:51 - [MESSAGE][PASSED] - All options with index in [1] are selected on object 'Object Repository/PharmacyRequest/Page_Store/select_--Select--BA50'

2018-05-16 19:51:51 - [TEST_STEP][PASSED] - delay: Delayed 1 second(s)

2018-05-16 19:51:52 - [MESSAGE][PASSED] - Delayed 1 second(s)

2018-05-16 19:51:52 - [TEST_STEP][PASSED] - Statement - StockQty = com.kms.katalon.core.webui.keyword.WebUiBuiltInKeywords.getAttribute(com.kms.katalon.core.testobject.ObjectRepository.findTestObject(PharmacyRequest/Page_Store/input_txtprice), "value"): Attribute 'value' of object 'Object Repository/PharmacyRequest/Page_Store/input_txtprice' is: '100'

2018-05-16 19:51:52 - [MESSAGE][PASSED] - Attribute 'value' of object 'Object Repository/PharmacyRequest/Page_Store/input_txtprice' is: '100'

2018-05-16 19:51:52 - [TEST_STEP][PASSED] - Statement - out.println("Stock QTY : " + StockQty): null

2018-05-16 19:51:52 - [TEST_STEP][PASSED] - delay: Delayed 1 second(s)

2018-05-16 19:51:53 - [MESSAGE][PASSED] - Delayed 1 second(s)

2018-05-16 19:51:53 - [TEST_STEP][PASSED] - Statement - If (java.lang.Integer.valueOf(StockQty) >= java.lang.Integer.valueOf(RequestedQty)): null

2018-05-16 19:51:53 - [TEST_STEP][PASSED] - setText: Text '10' is set on object 'Object Repository/PharmacyRequest/Page_Store/input_txtqty'

2018-05-16 19:51:53 - [MESSAGE][PASSED] - Text '10' is set on object 'Object Repository/PharmacyRequest/Page_Store/input_txtqty'

2018-05-16 19:51:53 - [TEST_STEP][PASSED] - click: Object: 'Object Repository/PharmacyRequest/Page_Store/button_Add' is clicked on

2018-05-16 19:51:53 - [MESSAGE][PASSED] - Object: 'Object Repository/PharmacyRequest/Page_Store/button_Add' is clicked on

2018-05-16 19:51:53 - [TEST_STEP][PASSED] - Statement - Break: null

2018-05-16 19:51:53 - [TEST_STEP][PASSED] - selectOptionByIndex: All options with index in [7] are selected on object 'Object Repository/PharmacyRequest/Page_Store/select_--Select--Amlodepin -5'

2018-05-16 19:51:53 - [MESSAGE][PASSED] - All options with index in [7] are selected on object 'Object Repository/PharmacyRequest/Page_Store/select_--Select--Amlodepin -5'

2018-05-16 19:51:53 - [TEST_STEP][PASSED] - delay: Delayed 1 second(s)

2018-05-16 19:51:54 - [MESSAGE][PASSED] - Delayed 1 second(s)

2018-05-16 19:51:54 - [TEST_STEP][PASSED] - Statement - RequestedQty = com.kms.katalon.core.webui.keyword.WebUiBuiltInKeywords.getAttribute(com.kms.katalon.core.testobject.ObjectRepository.findTestObject(PharmacyRequest/Page_Store/input_txttotal), "value"): Attribute 'value' of object 'Object Repository/PharmacyRequest/Page_Store/input_txttotal' is: '10'

2018-05-16 19:51:54 - [MESSAGE][PASSED] - Attribute 'value' of object 'Object Repository/PharmacyRequest/Page_Store/input_txttotal' is: '10'

2018-05-16 19:51:54 - [TEST_STEP][PASSED] - Statement - out.println("Requested QTY : " + RequestedQty): null

2018-05-16 19:51:54 - [TEST_STEP][PASSED] - Statement - BatchNumber = com.kms.katalon.core.webui.keyword.WebUiBuiltInKeywords.getNumberOfTotalOption(com.kms.katalon.core.testobject.ObjectRepository.findTestObject(PharmacyRequest/Page_Store/select_--Select--BA50)): 2 options of object 'Object Repository/PharmacyRequest/Page_Store/select_--Select--BA50' counted

2018-05-16 19:51:54 - [MESSAGE][PASSED] - 2 options of object 'Object Repository/PharmacyRequest/Page_Store/select_--Select--BA50' counted

2018-05-16 19:51:54 - [TEST_STEP][PASSED] - Statement - For ([g = 1, g <= BatchNumber - 1, (g++)]): null

2018-05-16 19:51:54 - [TEST_STEP][PASSED] - selectOptionByIndex: All options with index in [1] are selected on object 'Object Repository/PharmacyRequest/Page_Store/select_--Select--BA50'

2018-05-16 19:51:55 - [MESSAGE][PASSED] - All options with index in [1] are selected on object 'Object Repository/PharmacyRequest/Page_Store/select_--Select--BA50'

2018-05-16 19:51:55 - [TEST_STEP][PASSED] - delay: Delayed 1 second(s)

2018-05-16 19:51:56 - [MESSAGE][PASSED] - Delayed 1 second(s)

2018-05-16 19:51:56 - [TEST_STEP][PASSED] - Statement - StockQty = com.kms.katalon.core.webui.keyword.WebUiBuiltInKeywords.getAttribute(com.kms.katalon.core.testobject.ObjectRepository.findTestObject(PharmacyRequest/Page_Store/input_txtprice), "value"): Attribute 'value' of object 'Object Repository/PharmacyRequest/Page_Store/input_txtprice' is: '1110'

2018-05-16 19:51:56 - [MESSAGE][PASSED] - Attribute 'value' of object 'Object Repository/PharmacyRequest/Page_Store/input_txtprice' is: '1110'

2018-05-16 19:51:56 - [TEST_STEP][PASSED] - Statement - out.println("Stock QTY : " + StockQty): null

2018-05-16 19:51:56 - [TEST_STEP][PASSED] - delay: Delayed 1 second(s)

2018-05-16 19:51:57 - [MESSAGE][PASSED] - Delayed 1 second(s)

2018-05-16 19:51:57 - [TEST_STEP][PASSED] - Statement - If (java.lang.Integer.valueOf(StockQty) >= java.lang.Integer.valueOf(RequestedQty)): null

2018-05-16 19:51:57 - [TEST_STEP][PASSED] - setText: Text '10' is set on object 'Object Repository/PharmacyRequest/Page_Store/input_txtqty'

2018-05-16 19:51:57 - [MESSAGE][PASSED] - Text '10' is set on object 'Object Repository/PharmacyRequest/Page_Store/input_txtqty'

2018-05-16 19:51:57 - [TEST_STEP][PASSED] - click: Object: 'Object Repository/PharmacyRequest/Page_Store/button_Add' is clicked on

2018-05-16 19:51:57 - [MESSAGE][PASSED] - Object: 'Object Repository/PharmacyRequest/Page_Store/button_Add' is clicked on

2018-05-16 19:51:57 - [TEST_STEP][PASSED] - Statement - Break: null

2018-05-16 19:51:57 - [TEST_STEP][PASSED] - selectOptionByIndex: All options with index in [8] are selected on object 'Object Repository/PharmacyRequest/Page_Store/select_--Select--Amlodepin -5'

2018-05-16 19:51:57 - [MESSAGE][PASSED] - All options with index in [8] are selected on object 'Object Repository/PharmacyRequest/Page_Store/select_--Select--Amlodepin -5'

2018-05-16 19:51:57 - [TEST_STEP][PASSED] - delay: Delayed 1 second(s)

2018-05-16 19:51:58 - [MESSAGE][PASSED] - Delayed 1 second(s)

2018-05-16 19:51:58 - [TEST_STEP][PASSED] - Statement - RequestedQty = com.kms.katalon.core.webui.keyword.WebUiBuiltInKeywords.getAttribute(com.kms.katalon.core.testobject.ObjectRepository.findTestObject(PharmacyRequest/Page_Store/input_txttotal), "value"): Attribute 'value' of object 'Object Repository/PharmacyRequest/Page_Store/input_txttotal' is: '10'

2018-05-16 19:51:58 - [MESSAGE][PASSED] - Attribute 'value' of object 'Object Repository/PharmacyRequest/Page_Store/input_txttotal' is: '10'

2018-05-16 19:51:58 - [TEST_STEP][PASSED] - Statement - out.println("Requested QTY : " + RequestedQty): null

2018-05-16 19:51:58 - [TEST_STEP][PASSED] - Statement - BatchNumber = com.kms.katalon.core.webui.keyword.WebUiBuiltInKeywords.getNumberOfTotalOption(com.kms.katalon.core.testobject.ObjectRepository.findTestObject(PharmacyRequest/Page_Store/select_--Select--BA50)): 3 options of object 'Object Repository/PharmacyRequest/Page_Store/select_--Select--BA50' counted

2018-05-16 19:51:58 - [MESSAGE][PASSED] - 3 options of object 'Object Repository/PharmacyRequest/Page_Store/select_--Select--BA50' counted

2018-05-16 19:51:58 - [TEST_STEP][PASSED] - Statement - For ([g = 1, g <= BatchNumber - 1, (g++)]): null

2018-05-16 19:51:58 - [TEST_STEP][PASSED] - selectOptionByIndex: All options with index in [1] are selected on object 'Object Repository/PharmacyRequest/Page_Store/select_--Select--BA50'

2018-05-16 19:51:58 - [MESSAGE][PASSED] - All options with index in [1] are selected on object 'Object Repository/PharmacyRequest/Page_Store/select_--Select--BA50'

2018-05-16 19:51:58 - [TEST_STEP][PASSED] - delay: Delayed 1 second(s)

2018-05-16 19:51:59 - [MESSAGE][PASSED] - Delayed 1 second(s)

2018-05-16 19:51:59 - [TEST_STEP][PASSED] - Statement - StockQty = com.kms.katalon.core.webui.keyword.WebUiBuiltInKeywords.getAttribute(com.kms.katalon.core.testobject.ObjectRepository.findTestObject(PharmacyRequest/Page_Store/input_txtprice), "value"): Attribute 'value' of object 'Object Repository/PharmacyRequest/Page_Store/input_txtprice' is: '1010'

2018-05-16 19:51:59 - [MESSAGE][PASSED] - Attribute 'value' of object 'Object Repository/PharmacyRequest/Page_Store/input_txtprice' is: '1010'

2018-05-16 19:51:59 - [TEST_STEP][PASSED] - Statement - out.println("Stock QTY : " + StockQty): null

2018-05-16 19:51:59 - [TEST_STEP][PASSED] - delay: Delayed 1 second(s)

2018-05-16 19:52:00 - [MESSAGE][PASSED] - Delayed 1 second(s)

2018-05-16 19:52:00 - [TEST_STEP][PASSED] - Statement - If (java.lang.Integer.valueOf(StockQty) >= java.lang.Integer.valueOf(RequestedQty)): null

2018-05-16 19:52:00 - [TEST_STEP][PASSED] - setText: Text '10' is set on object 'Object Repository/PharmacyRequest/Page_Store/input_txtqty'

2018-05-16 19:52:00 - [MESSAGE][PASSED] - Text '10' is set on object 'Object Repository/PharmacyRequest/Page_Store/input_txtqty'

2018-05-16 19:52:00 - [TEST_STEP][PASSED] - click: Object: 'Object Repository/PharmacyRequest/Page_Store/button_Add' is clicked on

2018-05-16 19:52:00 - [MESSAGE][PASSED] - Object: 'Object Repository/PharmacyRequest/Page_Store/button_Add' is clicked on

2018-05-16 19:52:00 - [TEST_STEP][PASSED] - Statement - Break: null

2018-05-16 19:52:00 - [TEST_STEP][PASSED] - selectOptionByIndex: All options with index in [9] are selected on object 'Object Repository/PharmacyRequest/Page_Store/select_--Select--Amlodepin -5'

2018-05-16 19:52:00 - [MESSAGE][PASSED] - All options with index in [9] are selected on object 'Object Repository/PharmacyRequest/Page_Store/select_--Select--Amlodepin -5'

2018-05-16 19:52:00 - [TEST_STEP][PASSED] - delay: Delayed 1 second(s)

2018-05-16 19:52:01 - [MESSAGE][PASSED] - Delayed 1 second(s)

2018-05-16 19:52:01 - [TEST_STEP][PASSED] - Statement - RequestedQty = com.kms.katalon.core.webui.keyword.WebUiBuiltInKeywords.getAttribute(com.kms.katalon.core.testobject.ObjectRepository.findTestObject(PharmacyRequest/Page_Store/input_txttotal), "value"): Attribute 'value' of object 'Object Repository/PharmacyRequest/Page_Store/input_txttotal' is: '10'

2018-05-16 19:52:02 - [MESSAGE][PASSED] - Attribute 'value' of object 'Object Repository/PharmacyRequest/Page_Store/input_txttotal' is: '10'

2018-05-16 19:52:02 - [TEST_STEP][PASSED] - Statement - out.println("Requested QTY : " + RequestedQty): null

2018-05-16 19:52:02 - [TEST_STEP][PASSED] - Statement - BatchNumber = com.kms.katalon.core.webui.keyword.WebUiBuiltInKeywords.getNumberOfTotalOption(com.kms.katalon.core.testobject.ObjectRepository.findTestObject(PharmacyRequest/Page_Store/select_--Select--BA50)): 3 options of object 'Object Repository/PharmacyRequest/Page_Store/select_--Select--BA50' counted

2018-05-16 19:52:02 - [MESSAGE][PASSED] - 3 options of object 'Object Repository/PharmacyRequest/Page_Store/select_--Select--BA50' counted

2018-05-16 19:52:02 - [TEST_STEP][PASSED] - Statement - For ([g = 1, g <= BatchNumber - 1, (g++)]): null

2018-05-16 19:52:02 - [TEST_STEP][PASSED] - selectOptionByIndex: All options with index in [1] are selected on object 'Object Repository/PharmacyRequest/Page_Store/select_--Select--BA50'

2018-05-16 19:52:02 - [MESSAGE][PASSED] - All options with index in [1] are selected on object 'Object Repository/PharmacyRequest/Page_Store/select_--Select--BA50'

2018-05-16 19:52:02 - [TEST_STEP][PASSED] - delay: Delayed 1 second(s)

2018-05-16 19:52:03 - [MESSAGE][PASSED] - Delayed 1 second(s)

2018-05-16 19:52:03 - [TEST_STEP][PASSED] - Statement - StockQty = com.kms.katalon.core.webui.keyword.WebUiBuiltInKeywords.getAttribute(com.kms.katalon.core.testobject.ObjectRepository.findTestObject(PharmacyRequest/Page_Store/input_txtprice), "value"): Attribute 'value' of object 'Object Repository/PharmacyRequest/Page_Store/input_txtprice' is: '100'

2018-05-16 19:52:03 - [MESSAGE][PASSED] - Attribute 'value' of object 'Object Repository/PharmacyRequest/Page_Store/input_txtprice' is: '100'

2018-05-16 19:52:03 - [TEST_STEP][PASSED] - Statement - out.println("Stock QTY : " + StockQty): null

2018-05-16 19:52:03 - [TEST_STEP][PASSED] - delay: Delayed 1 second(s)

2018-05-16 19:52:04 - [MESSAGE][PASSED] - Delayed 1 second(s)

2018-05-16 19:52:04 - [TEST_STEP][PASSED] - Statement - If (java.lang.Integer.valueOf(StockQty) >= java.lang.Integer.valueOf(RequestedQty)): null

2018-05-16 19:52:04 - [TEST_STEP][PASSED] - setText: Text '10' is set on object 'Object Repository/PharmacyRequest/Page_Store/input_txtqty'

2018-05-16 19:52:04 - [MESSAGE][PASSED] - Text '10' is set on object 'Object Repository/PharmacyRequest/Page_Store/input_txtqty'

2018-05-16 19:52:04 - [TEST_STEP][PASSED] - click: Object: 'Object Repository/PharmacyRequest/Page_Store/button_Add' is clicked on

2018-05-16 19:52:04 - [MESSAGE][PASSED] - Object: 'Object Repository/PharmacyRequest/Page_Store/button_Add' is clicked on

2018-05-16 19:52:04 - [TEST_STEP][PASSED] - Statement - Break: null

2018-05-16 19:52:04 - [TEST_STEP][PASSED] - selectOptionByIndex: All options with index in [10] are selected on object 'Object Repository/PharmacyRequest/Page_Store/select_--Select--Amlodepin -5'

2018-05-16 19:52:04 - [MESSAGE][PASSED] - All options with index in [10] are selected on object 'Object Repository/PharmacyRequest/Page_Store/select_--Select--Amlodepin -5'

2018-05-16 19:52:04 - [TEST_STEP][PASSED] - delay: Delayed 1 second(s)

2018-05-16 19:52:05 - [MESSAGE][PASSED] - Delayed 1 second(s)

2018-05-16 19:52:05 - [TEST_STEP][PASSED] - Statement - RequestedQty = com.kms.katalon.core.webui.keyword.WebUiBuiltInKeywords.getAttribute(com.kms.katalon.core.testobject.ObjectRepository.findTestObject(PharmacyRequest/Page_Store/input_txttotal), "value"): Attribute 'value' of object 'Object Repository/PharmacyRequest/Page_Store/input_txttotal' is: '10'

2018-05-16 19:52:05 - [MESSAGE][PASSED] - Attribute 'value' of object 'Object Repository/PharmacyRequest/Page_Store/input_txttotal' is: '10'

2018-05-16 19:52:05 - [TEST_STEP][PASSED] - Statement - out.println("Requested QTY : " + RequestedQty): null

2018-05-16 19:52:05 - [TEST_STEP][PASSED] - Statement - BatchNumber = com.kms.katalon.core.webui.keyword.WebUiBuiltInKeywords.getNumberOfTotalOption(com.kms.katalon.core.testobject.ObjectRepository.findTestObject(PharmacyRequest/Page_Store/select_--Select--BA50)): 2 options of object 'Object Repository/PharmacyRequest/Page_Store/select_--Select--BA50' counted

2018-05-16 19:52:05 - [MESSAGE][PASSED] - 2 options of object 'Object Repository/PharmacyRequest/Page_Store/select_--Select--BA50' counted

2018-05-16 19:52:05 - [TEST_STEP][PASSED] - Statement - For ([g = 1, g <= BatchNumber - 1, (g++)]): null

2018-05-16 19:52:05 - [TEST_STEP][PASSED] - selectOptionByIndex: All options with index in [1] are selected on object 'Object Repository/PharmacyRequest/Page_Store/select_--Select--BA50'

2018-05-16 19:52:05 - [MESSAGE][PASSED] - All options with index in [1] are selected on object 'Object Repository/PharmacyRequest/Page_Store/select_--Select--BA50'

2018-05-16 19:52:05 - [TEST_STEP][PASSED] - delay: Delayed 1 second(s)

2018-05-16 19:52:06 - [MESSAGE][PASSED] - Delayed 1 second(s)

2018-05-16 19:52:06 - [TEST_STEP][PASSED] - Statement - StockQty = com.kms.katalon.core.webui.keyword.WebUiBuiltInKeywords.getAttribute(com.kms.katalon.core.testobject.ObjectRepository.findTestObject(PharmacyRequest/Page_Store/input_txtprice), "value"): Attribute 'value' of object 'Object Repository/PharmacyRequest/Page_Store/input_txtprice' is: '1110'

2018-05-16 19:52:06 - [MESSAGE][PASSED] - Attribute 'value' of object 'Object Repository/PharmacyRequest/Page_Store/input_txtprice' is: '1110'

2018-05-16 19:52:06 - [TEST_STEP][PASSED] - Statement - out.println("Stock QTY : " + StockQty): null

2018-05-16 19:52:06 - [TEST_STEP][PASSED] - delay: Delayed 1 second(s)

2018-05-16 19:52:07 - [MESSAGE][PASSED] - Delayed 1 second(s)

2018-05-16 19:52:07 - [TEST_STEP][PASSED] - Statement - If (java.lang.Integer.valueOf(StockQty) >= java.lang.Integer.valueOf(RequestedQty)): null

2018-05-16 19:52:07 - [TEST_STEP][PASSED] - setText: Text '10' is set on object 'Object Repository/PharmacyRequest/Page_Store/input_txtqty'

2018-05-16 19:52:07 - [MESSAGE][PASSED] - Text '10' is set on object 'Object Repository/PharmacyRequest/Page_Store/input_txtqty'

2018-05-16 19:52:07 - [TEST_STEP][PASSED] - click: Object: 'Object Repository/PharmacyRequest/Page_Store/button_Add' is clicked on

2018-05-16 19:52:07 - [MESSAGE][PASSED] - Object: 'Object Repository/PharmacyRequest/Page_Store/button_Add' is clicked on

2018-05-16 19:52:07 - [TEST_STEP][PASSED] - Statement - Break: null

2018-05-16 19:52:07 - [TEST_STEP][PASSED] - selectOptionByIndex: All options with index in [11] are selected on object 'Object Repository/PharmacyRequest/Page_Store/select_--Select--Amlodepin -5'

2018-05-16 19:52:08 - [MESSAGE][PASSED] - All options with index in [11] are selected on object 'Object Repository/PharmacyRequest/Page_Store/select_--Select--Amlodepin -5'

2018-05-16 19:52:08 - [TEST_STEP][PASSED] - delay: Delayed 1 second(s)

2018-05-16 19:52:09 - [MESSAGE][PASSED] - Delayed 1 second(s)

2018-05-16 19:52:09 - [TEST_STEP][PASSED] - Statement - RequestedQty = com.kms.katalon.core.webui.keyword.WebUiBuiltInKeywords.getAttribute(com.kms.katalon.core.testobject.ObjectRepository.findTestObject(PharmacyRequest/Page_Store/input_txttotal), "value"): Attribute 'value' of object 'Object Repository/PharmacyRequest/Page_Store/input_txttotal' is: '10'

2018-05-16 19:52:09 - [MESSAGE][PASSED] - Attribute 'value' of object 'Object Repository/PharmacyRequest/Page_Store/input_txttotal' is: '10'

2018-05-16 19:52:09 - [TEST_STEP][PASSED] - Statement - out.println("Requested QTY : " + RequestedQty): null

2018-05-16 19:52:09 - [TEST_STEP][PASSED] - Statement - BatchNumber = com.kms.katalon.core.webui.keyword.WebUiBuiltInKeywords.getNumberOfTotalOption(com.kms.katalon.core.testobject.ObjectRepository.findTestObject(PharmacyRequest/Page_Store/select_--Select--BA50)): 4 options of object 'Object Repository/PharmacyRequest/Page_Store/select_--Select--BA50' counted

2018-05-16 19:52:09 - [MESSAGE][PASSED] - 4 options of object 'Object Repository/PharmacyRequest/Page_Store/select_--Select--BA50' counted

2018-05-16 19:52:09 - [TEST_STEP][PASSED] - Statement - For ([g = 1, g <= BatchNumber - 1, (g++)]): null

2018-05-16 19:52:09 - [TEST_STEP][PASSED] - selectOptionByIndex: All options with index in [1] are selected on object 'Object Repository/PharmacyRequest/Page_Store/select_--Select--BA50'

2018-05-16 19:52:09 - [MESSAGE][PASSED] - All options with index in [1] are selected on object 'Object Repository/PharmacyRequest/Page_Store/select_--Select--BA50'

2018-05-16 19:52:09 - [TEST_STEP][PASSED] - delay: Delayed 1 second(s)

2018-05-16 19:52:10 - [MESSAGE][PASSED] - Delayed 1 second(s)

2018-05-16 19:52:10 - [TEST_STEP][PASSED] - Statement - StockQty = com.kms.katalon.core.webui.keyword.WebUiBuiltInKeywords.getAttribute(com.kms.katalon.core.testobject.ObjectRepository.findTestObject(PharmacyRequest/Page_Store/input_txtprice), "value"): Attribute 'value' of object 'Object Repository/PharmacyRequest/Page_Store/input_txtprice' is: '100'

2018-05-16 19:52:10 - [MESSAGE][PASSED] - Attribute 'value' of object 'Object Repository/PharmacyRequest/Page_Store/input_txtprice' is: '100'

2018-05-16 19:52:10 - [TEST_STEP][PASSED] - Statement - out.println("Stock QTY : " + StockQty): null

2018-05-16 19:52:10 - [TEST_STEP][PASSED] - delay: Delayed 1 second(s)

2018-05-16 19:52:11 - [MESSAGE][PASSED] - Delayed 1 second(s)

2018-05-16 19:52:11 - [TEST_STEP][PASSED] - Statement - If (java.lang.Integer.valueOf(StockQty) >= java.lang.Integer.valueOf(RequestedQty)): null

2018-05-16 19:52:11 - [TEST_STEP][PASSED] - setText: Text '10' is set on object 'Object Repository/PharmacyRequest/Page_Store/input_txtqty'

2018-05-16 19:52:11 - [MESSAGE][PASSED] - Text '10' is set on object 'Object Repository/PharmacyRequest/Page_Store/input_txtqty'

2018-05-16 19:52:11 - [TEST_STEP][PASSED] - click: Object: 'Object Repository/PharmacyRequest/Page_Store/button_Add' is clicked on

2018-05-16 19:52:11 - [MESSAGE][PASSED] - Object: 'Object Repository/PharmacyRequest/Page_Store/button_Add' is clicked on

2018-05-16 19:52:11 - [TEST_STEP][PASSED] - Statement - Break: null

2018-05-16 19:52:11 - [TEST_STEP][PASSED] - selectOptionByIndex: All options with index in [12] are selected on object 'Object Repository/PharmacyRequest/Page_Store/select_--Select--Amlodepin -5'

2018-05-16 19:52:11 - [MESSAGE][PASSED] - All options with index in [12] are selected on object 'Object Repository/PharmacyRequest/Page_Store/select_--Select--Amlodepin -5'

2018-05-16 19:52:11 - [TEST_STEP][PASSED] - delay: Delayed 1 second(s)

2018-05-16 19:52:12 - [MESSAGE][PASSED] - Delayed 1 second(s)

2018-05-16 19:52:12 - [TEST_STEP][PASSED] - Statement - RequestedQty = com.kms.katalon.core.webui.keyword.WebUiBuiltInKeywords.getAttribute(com.kms.katalon.core.testobject.ObjectRepository.findTestObject(PharmacyRequest/Page_Store/input_txttotal), "value"): Attribute 'value' of object 'Object Repository/PharmacyRequest/Page_Store/input_txttotal' is: '10'

2018-05-16 19:52:12 - [MESSAGE][PASSED] - Attribute 'value' of object 'Object Repository/PharmacyRequest/Page_Store/input_txttotal' is: '10'

2018-05-16 19:52:12 - [TEST_STEP][PASSED] - Statement - out.println("Requested QTY : " + RequestedQty): null

2018-05-16 19:52:12 - [TEST_STEP][PASSED] - Statement - BatchNumber = com.kms.katalon.core.webui.keyword.WebUiBuiltInKeywords.getNumberOfTotalOption(com.kms.katalon.core.testobject.ObjectRepository.findTestObject(PharmacyRequest/Page_Store/select_--Select--BA50)): 2 options of object 'Object Repository/PharmacyRequest/Page_Store/select_--Select--BA50' counted

2018-05-16 19:52:12 - [MESSAGE][PASSED] - 2 options of object 'Object Repository/PharmacyRequest/Page_Store/select_--Select--BA50' counted

2018-05-16 19:52:12 - [TEST_STEP][PASSED] - Statement - For ([g = 1, g <= BatchNumber - 1, (g++)]): null

2018-05-16 19:52:12 - [TEST_STEP][PASSED] - selectOptionByIndex: All options with index in [1] are selected on object 'Object Repository/PharmacyRequest/Page_Store/select_--Select--BA50'

2018-05-16 19:52:12 - [MESSAGE][PASSED] - All options with index in [1] are selected on object 'Object Repository/PharmacyRequest/Page_Store/select_--Select--BA50'

2018-05-16 19:52:12 - [TEST_STEP][PASSED] - delay: Delayed 1 second(s)

2018-05-16 19:52:13 - [MESSAGE][PASSED] - Delayed 1 second(s)

2018-05-16 19:52:13 - [TEST_STEP][PASSED] - Statement - StockQty = com.kms.katalon.core.webui.keyword.WebUiBuiltInKeywords.getAttribute(com.kms.katalon.core.testobject.ObjectRepository.findTestObject(PharmacyRequest/Page_Store/input_txtprice), "value"): Attribute 'value' of object 'Object Repository/PharmacyRequest/Page_Store/input_txtprice' is: '1110'

2018-05-16 19:52:13 - [MESSAGE][PASSED] - Attribute 'value' of object 'Object Repository/PharmacyRequest/Page_Store/input_txtprice' is: '1110'

2018-05-16 19:52:13 - [TEST_STEP][PASSED] - Statement - out.println("Stock QTY : " + StockQty): null

2018-05-16 19:52:13 - [TEST_STEP][PASSED] - delay: Delayed 1 second(s)

2018-05-16 19:52:14 - [MESSAGE][PASSED] - Delayed 1 second(s)

2018-05-16 19:52:14 - [TEST_STEP][PASSED] - Statement - If (java.lang.Integer.valueOf(StockQty) >= java.lang.Integer.valueOf(RequestedQty)): null

2018-05-16 19:52:14 - [TEST_STEP][PASSED] - setText: Text '10' is set on object 'Object Repository/PharmacyRequest/Page_Store/input_txtqty'

2018-05-16 19:52:15 - [MESSAGE][PASSED] - Text '10' is set on object 'Object Repository/PharmacyRequest/Page_Store/input_txtqty'

2018-05-16 19:52:15 - [TEST_STEP][PASSED] - click: Object: 'Object Repository/PharmacyRequest/Page_Store/button_Add' is clicked on

2018-05-16 19:52:15 - [MESSAGE][PASSED] - Object: 'Object Repository/PharmacyRequest/Page_Store/button_Add' is clicked on

2018-05-16 19:52:15 - [TEST_STEP][PASSED] - Statement - Break: null

2018-05-16 19:52:15 - [TEST_STEP][PASSED] - selectOptionByIndex: All options with index in [13] are selected on object 'Object Repository/PharmacyRequest/Page_Store/select_--Select--Amlodepin -5'

2018-05-16 19:52:15 - [MESSAGE][PASSED] - All options with index in [13] are selected on object 'Object Repository/PharmacyRequest/Page_Store/select_--Select--Amlodepin -5'

2018-05-16 19:52:15 - [TEST_STEP][PASSED] - delay: Delayed 1 second(s)

2018-05-16 19:52:16 - [MESSAGE][PASSED] - Delayed 1 second(s)

2018-05-16 19:52:16 - [TEST_STEP][PASSED] - Statement - RequestedQty = com.kms.katalon.core.webui.keyword.WebUiBuiltInKeywords.getAttribute(com.kms.katalon.core.testobject.ObjectRepository.findTestObject(PharmacyRequest/Page_Store/input_txttotal), "value"): Attribute 'value' of object 'Object Repository/PharmacyRequest/Page_Store/input_txttotal' is: '10'

2018-05-16 19:52:16 - [MESSAGE][PASSED] - Attribute 'value' of object 'Object Repository/PharmacyRequest/Page_Store/input_txttotal' is: '10'

2018-05-16 19:52:16 - [TEST_STEP][PASSED] - Statement - out.println("Requested QTY : " + RequestedQty): null

2018-05-16 19:52:16 - [TEST_STEP][PASSED] - Statement - BatchNumber = com.kms.katalon.core.webui.keyword.WebUiBuiltInKeywords.getNumberOfTotalOption(com.kms.katalon.core.testobject.ObjectRepository.findTestObject(PharmacyRequest/Page_Store/select_--Select--BA50)): 3 options of object 'Object Repository/PharmacyRequest/Page_Store/select_--Select--BA50' counted

2018-05-16 19:52:16 - [MESSAGE][PASSED] - 3 options of object 'Object Repository/PharmacyRequest/Page_Store/select_--Select--BA50' counted

2018-05-16 19:52:16 - [TEST_STEP][PASSED] - Statement - For ([g = 1, g <= BatchNumber - 1, (g++)]): null

2018-05-16 19:52:16 - [TEST_STEP][PASSED] - selectOptionByIndex: All options with index in [1] are selected on object 'Object Repository/PharmacyRequest/Page_Store/select_--Select--BA50'

2018-05-16 19:52:16 - [MESSAGE][PASSED] - All options with index in [1] are selected on object 'Object Repository/PharmacyRequest/Page_Store/select_--Select--BA50'

2018-05-16 19:52:16 - [TEST_STEP][PASSED] - delay: Delayed 1 second(s)

2018-05-16 19:52:17 - [MESSAGE][PASSED] - Delayed 1 second(s)

2018-05-16 19:52:17 - [TEST_STEP][PASSED] - Statement - StockQty = com.kms.katalon.core.webui.keyword.WebUiBuiltInKeywords.getAttribute(com.kms.katalon.core.testobject.ObjectRepository.findTestObject(PharmacyRequest/Page_Store/input_txtprice), "value"): Attribute 'value' of object 'Object Repository/PharmacyRequest/Page_Store/input_txtprice' is: '100'

2018-05-16 19:52:17 - [MESSAGE][PASSED] - Attribute 'value' of object 'Object Repository/PharmacyRequest/Page_Store/input_txtprice' is: '100'

2018-05-16 19:52:17 - [TEST_STEP][PASSED] - Statement - out.println("Stock QTY : " + StockQty): null

2018-05-16 19:52:17 - [TEST_STEP][PASSED] - delay: Delayed 1 second(s)

2018-05-16 19:52:18 - [MESSAGE][PASSED] - Delayed 1 second(s)

2018-05-16 19:52:18 - [TEST_STEP][PASSED] - Statement - If (java.lang.Integer.valueOf(StockQty) >= java.lang.Integer.valueOf(RequestedQty)): null

2018-05-16 19:52:18 - [TEST_STEP][PASSED] - setText: Text '10' is set on object 'Object Repository/PharmacyRequest/Page_Store/input_txtqty'

2018-05-16 19:52:18 - [MESSAGE][PASSED] - Text '10' is set on object 'Object Repository/PharmacyRequest/Page_Store/input_txtqty'

2018-05-16 19:52:18 - [TEST_STEP][PASSED] - click: Object: 'Object Repository/PharmacyRequest/Page_Store/button_Add' is clicked on

2018-05-16 19:52:18 - [MESSAGE][PASSED] - Object: 'Object Repository/PharmacyRequest/Page_Store/button_Add' is clicked on

2018-05-16 19:52:18 - [TEST_STEP][PASSED] - Statement - Break: null

2018-05-16 19:52:18 - [TEST_STEP][PASSED] - selectOptionByIndex: All options with index in [14] are selected on object 'Object Repository/PharmacyRequest/Page_Store/select_--Select--Amlodepin -5'

2018-05-16 19:52:19 - [MESSAGE][PASSED] - All options with index in [14] are selected on object 'Object Repository/PharmacyRequest/Page_Store/select_--Select--Amlodepin -5'

2018-05-16 19:52:19 - [TEST_STEP][PASSED] - delay: Delayed 1 second(s)

2018-05-16 19:52:20 - [MESSAGE][PASSED] - Delayed 1 second(s)

2018-05-16 19:52:20 - [TEST_STEP][PASSED] - Statement - RequestedQty = com.kms.katalon.core.webui.keyword.WebUiBuiltInKeywords.getAttribute(com.kms.katalon.core.testobject.ObjectRepository.findTestObject(PharmacyRequest/Page_Store/input_txttotal), "value"): Attribute 'value' of object 'Object Repository/PharmacyRequest/Page_Store/input_txttotal' is: '20'

2018-05-16 19:52:20 - [MESSAGE][PASSED] - Attribute 'value' of object 'Object Repository/PharmacyRequest/Page_Store/input_txttotal' is: '20'

2018-05-16 19:52:20 - [TEST_STEP][PASSED] - Statement - out.println("Requested QTY : " + RequestedQty): null

2018-05-16 19:52:20 - [TEST_STEP][PASSED] - Statement - BatchNumber = com.kms.katalon.core.webui.keyword.WebUiBuiltInKeywords.getNumberOfTotalOption(com.kms.katalon.core.testobject.ObjectRepository.findTestObject(PharmacyRequest/Page_Store/select_--Select--BA50)): 3 options of object 'Object Repository/PharmacyRequest/Page_Store/select_--Select--BA50' counted

2018-05-16 19:52:20 - [MESSAGE][PASSED] - 3 options of object 'Object Repository/PharmacyRequest/Page_Store/select_--Select--BA50' counted

2018-05-16 19:52:20 - [TEST_STEP][PASSED] - Statement - For ([g = 1, g <= BatchNumber - 1, (g++)]): null

2018-05-16 19:52:20 - [TEST_STEP][PASSED] - selectOptionByIndex: All options with index in [1] are selected on object 'Object Repository/PharmacyRequest/Page_Store/select_--Select--BA50'

2018-05-16 19:52:20 - [MESSAGE][PASSED] - All options with index in [1] are selected on object 'Object Repository/PharmacyRequest/Page_Store/select_--Select--BA50'

2018-05-16 19:52:20 - [TEST_STEP][PASSED] - delay: Delayed 1 second(s)

2018-05-16 19:52:21 - [MESSAGE][PASSED] - Delayed 1 second(s)

2018-05-16 19:52:21 - [TEST_STEP][PASSED] - Statement - StockQty = com.kms.katalon.core.webui.keyword.WebUiBuiltInKeywords.getAttribute(com.kms.katalon.core.testobject.ObjectRepository.findTestObject(PharmacyRequest/Page_Store/input_txtprice), "value"): Attribute 'value' of object 'Object Repository/PharmacyRequest/Page_Store/input_txtprice' is: '2110'

2018-05-16 19:52:21 - [MESSAGE][PASSED] - Attribute 'value' of object 'Object Repository/PharmacyRequest/Page_Store/input_txtprice' is: '2110'

2018-05-16 19:52:21 - [TEST_STEP][PASSED] - Statement - out.println("Stock QTY : " + StockQty): null

2018-05-16 19:52:21 - [TEST_STEP][PASSED] - delay: Delayed 1 second(s)

2018-05-16 19:52:22 - [MESSAGE][PASSED] - Delayed 1 second(s)

2018-05-16 19:52:22 - [TEST_STEP][PASSED] - Statement - If (java.lang.Integer.valueOf(StockQty) >= java.lang.Integer.valueOf(RequestedQty)): null

2018-05-16 19:52:22 - [TEST_STEP][PASSED] - setText: Text '10' is set on object 'Object Repository/PharmacyRequest/Page_Store/input_txtqty'

2018-05-16 19:52:22 - [MESSAGE][PASSED] - Text '10' is set on object 'Object Repository/PharmacyRequest/Page_Store/input_txtqty'

2018-05-16 19:52:22 - [TEST_STEP][PASSED] - click: Object: 'Object Repository/PharmacyRequest/Page_Store/button_Add' is clicked on

2018-05-16 19:52:22 - [MESSAGE][PASSED] - Object: 'Object Repository/PharmacyRequest/Page_Store/button_Add' is clicked on

2018-05-16 19:52:22 - [TEST_STEP][PASSED] - Statement - Break: null

2018-05-16 19:52:22 - [TEST_STEP][PASSED] - selectOptionByIndex: All options with index in [15] are selected on object 'Object Repository/PharmacyRequest/Page_Store/select_--Select--Amlodepin -5'

2018-05-16 19:52:22 - [MESSAGE][PASSED] - All options with index in [15] are selected on object 'Object Repository/PharmacyRequest/Page_Store/select_--Select--Amlodepin -5'

2018-05-16 19:52:22 - [TEST_STEP][PASSED] - delay: Delayed 1 second(s)

2018-05-16 19:52:23 - [MESSAGE][PASSED] - Delayed 1 second(s)

2018-05-16 19:52:23 - [TEST_STEP][PASSED] - Statement - RequestedQty = com.kms.katalon.core.webui.keyword.WebUiBuiltInKeywords.getAttribute(com.kms.katalon.core.testobject.ObjectRepository.findTestObject(PharmacyRequest/Page_Store/input_txttotal), "value"): Attribute 'value' of object 'Object Repository/PharmacyRequest/Page_Store/input_txttotal' is: '20'

2018-05-16 19:52:23 - [MESSAGE][PASSED] - Attribute 'value' of object 'Object Repository/PharmacyRequest/Page_Store/input_txttotal' is: '20'

2018-05-16 19:52:23 - [TEST_STEP][PASSED] - Statement - out.println("Requested QTY : " + RequestedQty): null

2018-05-16 19:52:23 - [TEST_STEP][PASSED] - Statement - BatchNumber = com.kms.katalon.core.webui.keyword.WebUiBuiltInKeywords.getNumberOfTotalOption(com.kms.katalon.core.testobject.ObjectRepository.findTestObject(PharmacyRequest/Page_Store/select_--Select--BA50)): 3 options of object 'Object Repository/PharmacyRequest/Page_Store/select_--Select--BA50' counted

2018-05-16 19:52:23 - [MESSAGE][PASSED] - 3 options of object 'Object Repository/PharmacyRequest/Page_Store/select_--Select--BA50' counted

2018-05-16 19:52:23 - [TEST_STEP][PASSED] - Statement - For ([g = 1, g <= BatchNumber - 1, (g++)]): null

2018-05-16 19:52:23 - [TEST_STEP][PASSED] - selectOptionByIndex: All options with index in [1] are selected on object 'Object Repository/PharmacyRequest/Page_Store/select_--Select--BA50'

2018-05-16 19:52:23 - [MESSAGE][PASSED] - All options with index in [1] are selected on object 'Object Repository/PharmacyRequest/Page_Store/select_--Select--BA50'

2018-05-16 19:52:23 - [TEST_STEP][PASSED] - delay: Delayed 1 second(s)

2018-05-16 19:52:24 - [MESSAGE][PASSED] - Delayed 1 second(s)

2018-05-16 19:52:24 - [TEST_STEP][PASSED] - Statement - StockQty = com.kms.katalon.core.webui.keyword.WebUiBuiltInKeywords.getAttribute(com.kms.katalon.core.testobject.ObjectRepository.findTestObject(PharmacyRequest/Page_Store/input_txtprice), "value"): Attribute 'value' of object 'Object Repository/PharmacyRequest/Page_Store/input_txtprice' is: '2110'

2018-05-16 19:52:24 - [MESSAGE][PASSED] - Attribute 'value' of object 'Object Repository/PharmacyRequest/Page_Store/input_txtprice' is: '2110'

2018-05-16 19:52:24 - [TEST_STEP][PASSED] - Statement - out.println("Stock QTY : " + StockQty): null

2018-05-16 19:52:24 - [TEST_STEP][PASSED] - delay: Delayed 1 second(s)

2018-05-16 19:52:25 - [MESSAGE][PASSED] - Delayed 1 second(s)

2018-05-16 19:52:25 - [TEST_STEP][PASSED] - Statement - If (java.lang.Integer.valueOf(StockQty) >= java.lang.Integer.valueOf(RequestedQty)): null

2018-05-16 19:52:25 - [TEST_STEP][PASSED] - setText: Text '10' is set on object 'Object Repository/PharmacyRequest/Page_Store/input_txtqty'

2018-05-16 19:52:25 - [MESSAGE][PASSED] - Text '10' is set on object 'Object Repository/PharmacyRequest/Page_Store/input_txtqty'

2018-05-16 19:52:25 - [TEST_STEP][PASSED] - click: Object: 'Object Repository/PharmacyRequest/Page_Store/button_Add' is clicked on

2018-05-16 19:52:26 - [MESSAGE][PASSED] - Object: 'Object Repository/PharmacyRequest/Page_Store/button_Add' is clicked on

2018-05-16 19:52:26 - [TEST_STEP][PASSED] - Statement - Break: null

2018-05-16 19:52:26 - [TEST_STEP][PASSED] - selectOptionByIndex: All options with index in [16] are selected on object 'Object Repository/PharmacyRequest/Page_Store/select_--Select--Amlodepin -5'

2018-05-16 19:52:26 - [MESSAGE][PASSED] - All options with index in [16] are selected on object 'Object Repository/PharmacyRequest/Page_Store/select_--Select--Amlodepin -5'

2018-05-16 19:52:26 - [TEST_STEP][PASSED] - delay: Delayed 1 second(s)

2018-05-16 19:52:27 - [MESSAGE][PASSED] - Delayed 1 second(s)

2018-05-16 19:52:27 - [TEST_STEP][PASSED] - Statement - RequestedQty = com.kms.katalon.core.webui.keyword.WebUiBuiltInKeywords.getAttribute(com.kms.katalon.core.testobject.ObjectRepository.findTestObject(PharmacyRequest/Page_Store/input_txttotal), "value"): Attribute 'value' of object 'Object Repository/PharmacyRequest/Page_Store/input_txttotal' is: '10'

2018-05-16 19:52:27 - [MESSAGE][PASSED] - Attribute 'value' of object 'Object Repository/PharmacyRequest/Page_Store/input_txttotal' is: '10'

2018-05-16 19:52:27 - [TEST_STEP][PASSED] - Statement - out.println("Requested QTY : " + RequestedQty): null

2018-05-16 19:52:27 - [TEST_STEP][PASSED] - Statement - BatchNumber = com.kms.katalon.core.webui.keyword.WebUiBuiltInKeywords.getNumberOfTotalOption(com.kms.katalon.core.testobject.ObjectRepository.findTestObject(PharmacyRequest/Page_Store/select_--Select--BA50)): 3 options of object 'Object Repository/PharmacyRequest/Page_Store/select_--Select--BA50' counted

2018-05-16 19:52:27 - [MESSAGE][PASSED] - 3 options of object 'Object Repository/PharmacyRequest/Page_Store/select_--Select--BA50' counted

2018-05-16 19:52:27 - [TEST_STEP][PASSED] - Statement - For ([g = 1, g <= BatchNumber - 1, (g++)]): null

2018-05-16 19:52:27 - [TEST_STEP][PASSED] - selectOptionByIndex: All options with index in [1] are selected on object 'Object Repository/PharmacyRequest/Page_Store/select_--Select--BA50'

2018-05-16 19:52:27 - [MESSAGE][PASSED] - All options with index in [1] are selected on object 'Object Repository/PharmacyRequest/Page_Store/select_--Select--BA50'

2018-05-16 19:52:27 - [TEST_STEP][PASSED] - delay: Delayed 1 second(s)

2018-05-16 19:52:28 - [MESSAGE][PASSED] - Delayed 1 second(s)

2018-05-16 19:52:28 - [TEST_STEP][PASSED] - Statement - StockQty = com.kms.katalon.core.webui.keyword.WebUiBuiltInKeywords.getAttribute(com.kms.katalon.core.testobject.ObjectRepository.findTestObject(PharmacyRequest/Page_Store/input_txtprice), "value"): Attribute 'value' of object 'Object Repository/PharmacyRequest/Page_Store/input_txtprice' is: '100'

2018-05-16 19:52:28 - [MESSAGE][PASSED] - Attribute 'value' of object 'Object Repository/PharmacyRequest/Page_Store/input_txtprice' is: '100'

2018-05-16 19:52:28 - [TEST_STEP][PASSED] - Statement - out.println("Stock QTY : " + StockQty): null

2018-05-16 19:52:28 - [TEST_STEP][PASSED] - delay: Delayed 1 second(s)

2018-05-16 19:52:29 - [MESSAGE][PASSED] - Delayed 1 second(s)

2018-05-16 19:52:29 - [TEST_STEP][PASSED] - Statement - If (java.lang.Integer.valueOf(StockQty) >= java.lang.Integer.valueOf(RequestedQty)): null

2018-05-16 19:52:29 - [TEST_STEP][PASSED] - setText: Text '10' is set on object 'Object Repository/PharmacyRequest/Page_Store/input_txtqty'

2018-05-16 19:52:29 - [MESSAGE][PASSED] - Text '10' is set on object 'Object Repository/PharmacyRequest/Page_Store/input_txtqty'

2018-05-16 19:52:29 - [TEST_STEP][PASSED] - click: Object: 'Object Repository/PharmacyRequest/Page_Store/button_Add' is clicked on

2018-05-16 19:52:29 - [MESSAGE][PASSED] - Object: 'Object Repository/PharmacyRequest/Page_Store/button_Add' is clicked on

2018-05-16 19:52:29 - [TEST_STEP][PASSED] - Statement - Break: null

2018-05-16 19:52:29 - [TEST_STEP][PASSED] - selectOptionByIndex: All options with index in [17] are selected on object 'Object Repository/PharmacyRequest/Page_Store/select_--Select--Amlodepin -5'

2018-05-16 19:52:30 - [MESSAGE][PASSED] - All options with index in [17] are selected on object 'Object Repository/PharmacyRequest/Page_Store/select_--Select--Amlodepin -5'

2018-05-16 19:52:30 - [TEST_STEP][PASSED] - delay: Delayed 1 second(s)

2018-05-16 19:52:31 - [MESSAGE][PASSED] - Delayed 1 second(s)

2018-05-16 19:52:31 - [TEST_STEP][PASSED] - Statement - RequestedQty = com.kms.katalon.core.webui.keyword.WebUiBuiltInKeywords.getAttribute(com.kms.katalon.core.testobject.ObjectRepository.findTestObject(PharmacyRequest/Page_Store/input_txttotal), "value"): Attribute 'value' of object 'Object Repository/PharmacyRequest/Page_Store/input_txttotal' is: '10'

2018-05-16 19:52:31 - [MESSAGE][PASSED] - Attribute 'value' of object 'Object Repository/PharmacyRequest/Page_Store/input_txttotal' is: '10'

2018-05-16 19:52:31 - [TEST_STEP][PASSED] - Statement - out.println("Requested QTY : " + RequestedQty): null

2018-05-16 19:52:31 - [TEST_STEP][PASSED] - Statement - BatchNumber = com.kms.katalon.core.webui.keyword.WebUiBuiltInKeywords.getNumberOfTotalOption(com.kms.katalon.core.testobject.ObjectRepository.findTestObject(PharmacyRequest/Page_Store/select_--Select--BA50)): 2 options of object 'Object Repository/PharmacyRequest/Page_Store/select_--Select--BA50' counted

2018-05-16 19:52:31 - [MESSAGE][PASSED] - 2 options of object 'Object Repository/PharmacyRequest/Page_Store/select_--Select--BA50' counted

2018-05-16 19:52:31 - [TEST_STEP][PASSED] - Statement - For ([g = 1, g <= BatchNumber - 1, (g++)]): null

2018-05-16 19:52:31 - [TEST_STEP][PASSED] - selectOptionByIndex: All options with index in [1] are selected on object 'Object Repository/PharmacyRequest/Page_Store/select_--Select--BA50'

2018-05-16 19:52:31 - [MESSAGE][PASSED] - All options with index in [1] are selected on object 'Object Repository/PharmacyRequest/Page_Store/select_--Select--BA50'

2018-05-16 19:52:31 - [TEST_STEP][PASSED] - delay: Delayed 1 second(s)

2018-05-16 19:52:32 - [MESSAGE][PASSED] - Delayed 1 second(s)

2018-05-16 19:52:32 - [TEST_STEP][PASSED] - Statement - StockQty = com.kms.katalon.core.webui.keyword.WebUiBuiltInKeywords.getAttribute(com.kms.katalon.core.testobject.ObjectRepository.findTestObject(PharmacyRequest/Page_Store/input_txtprice), "value"): Attribute 'value' of object 'Object Repository/PharmacyRequest/Page_Store/input_txtprice' is: '1140'

2018-05-16 19:52:32 - [MESSAGE][PASSED] - Attribute 'value' of object 'Object Repository/PharmacyRequest/Page_Store/input_txtprice' is: '1140'

2018-05-16 19:52:32 - [TEST_STEP][PASSED] - Statement - out.println("Stock QTY : " + StockQty): null

2018-05-16 19:52:32 - [TEST_STEP][PASSED] - delay: Delayed 1 second(s)

2018-05-16 19:52:33 - [MESSAGE][PASSED] - Delayed 1 second(s)

2018-05-16 19:52:33 - [TEST_STEP][PASSED] - Statement - If (java.lang.Integer.valueOf(StockQty) >= java.lang.Integer.valueOf(RequestedQty)): null

2018-05-16 19:52:33 - [TEST_STEP][PASSED] - setText: Text '10' is set on object 'Object Repository/PharmacyRequest/Page_Store/input_txtqty'

2018-05-16 19:52:33 - [MESSAGE][PASSED] - Text '10' is set on object 'Object Repository/PharmacyRequest/Page_Store/input_txtqty'

2018-05-16 19:52:33 - [TEST_STEP][PASSED] - click: Object: 'Object Repository/PharmacyRequest/Page_Store/button_Add' is clicked on

2018-05-16 19:52:33 - [MESSAGE][PASSED] - Object: 'Object Repository/PharmacyRequest/Page_Store/button_Add' is clicked on

2018-05-16 19:52:33 - [TEST_STEP][PASSED] - Statement - Break: null

2018-05-16 19:52:33 - [TEST_STEP][PASSED] - scrollToElement: Scroll to object 'Object Repository/PharmacyRequest/Page_Store/input_btnSubmit' successfully

2018-05-16 19:52:33 - [MESSAGE][PASSED] - Scroll to object 'Object Repository/PharmacyRequest/Page_Store/input_btnSubmit' successfully

2018-05-16 19:52:33 - [TEST_STEP][PASSED] - click: Object: 'Object Repository/PharmacyRequest/Page_Store/input_btnSubmit' is clicked on

2018-05-16 19:52:33 - [MESSAGE][PASSED] - Object: 'Object Repository/PharmacyRequest/Page_Store/input_btnSubmit' is clicked on

2018-05-16 19:52:33 - [TEST_STEP][PASSED] - delay: Delayed 3 second(s)

2018-05-16 19:52:36 - [MESSAGE][PASSED] - Delayed 3 second(s)

2018-05-16 19:52:36 - [TEST_STEP][PASSED] - click: Object: 'Object Repository/PharmacyRequest/Page_Store/button_OK' is clicked on

2018-05-16 19:52:37 - [MESSAGE][PASSED] - Object: 'Object Repository/PharmacyRequest/Page_Store/button_OK' is clicked on

2018-05-16 19:52:37 - [TEST_STEP][PASSED] - delay: Delayed 3 second(s)

2018-05-16 19:52:40 - [MESSAGE][PASSED] - Delayed 3 second(s)

2018-05-16 19:52:40 - [TEST_STEP][PASSED] - click: Object: 'Object Repository/PharmacyRequest/Page_Store/a_dropdown-toggle' is clicked on

2018-05-16 19:52:40 - [MESSAGE][PASSED] - Object: 'Object Repository/PharmacyRequest/Page_Store/a_dropdown-toggle' is clicked on

2018-05-16 19:52:40 - [TEST_STEP][PASSED] - click: Object: 'Object Repository/PharmacyRequest/Page_Store/a_Sign out' is clicked on

2018-05-16 19:52:40 - [MESSAGE][PASSED] - Object: 'Object Repository/PharmacyRequest/Page_Store/a_Sign out' is clicked on

2018-05-16 19:52:40 - [TEST_STEP][PASSED] - closeBrowser: Browser is closed

2018-05-16 19:52:41 - [MESSAGE][PASSED] - Browser is closed

2018-05-16 19:52:41 - [TEST_STEP][PASSED] - Statement - out.println("Schedule 8 Pharmacy Request Are Working Successfully"): null]]></system-out>
         <system-err><![CDATA[]]></system-err>
      </testcase>
      <testcase name="Test Cases/PHARMACY TEST CASES/TC_PHAR_009 Verify Schedule 9 Pharmacy Request Are Working Successfully Or Not" classname="Test Cases/PHARMACY TEST CASES/TC_PHAR_009 Verify Schedule 9 Pharmacy Request Are Working Successfully Or Not" status="FAILED">
         <failure type="FAILED" message="Unable to get attribute 'value' of object 'Object Repository/PharmacyRequest/Page_Store/input_txttotal' (Root cause: org.openqa.selenium.UnhandledAlertException: unexpected alert open: {Alert text : function Error() { [native code] }}
  (Session info: chrome=66.0.3359.139)
  (Driver info: chromedriver=2.35.528161 (5b82f2d2aae0ca24b877009200ced9065a772e73),platform=Windows NT 10.0.17134 x86_64) (WARNING: The server did not provide any stacktrace information)
Command duration or timeout: 0 milliseconds: null
Build info: version: '3.7.1', revision: '8a0099a', time: '2017-11-06T21:07:36.161Z'
System info: host: 'DESKTOP-BLFTK83', ip: '192.168.71.2', os.name: 'Windows 10', os.arch: 'amd64', os.version: '10.0', java.version: '1.8.0_102'
Driver info: com.kms.katalon.selenium.driver.CChromeDriver
Capabilities {acceptInsecureCerts: false, acceptSslCerts: false, applicationCacheEnabled: false, browserConnectionEnabled: false, browserName: chrome, chrome: {chromedriverVersion: 2.35.528161 (5b82f2d2aae0ca..., userDataDir: C:\Users\QUALIT~1\AppData\L...}, cssSelectorsEnabled: true, databaseEnabled: false, handlesAlerts: true, hasTouchScreen: false, javascriptEnabled: true, locationContextEnabled: true, mobileEmulationEnabled: false, nativeEvents: true, networkConnectionEnabled: false, pageLoadStrategy: normal, platform: XP, platformName: XP, rotatable: false, setWindowRect: true, takesHeapSnapshot: true, takesScreenshot: true, unexpectedAlertBehaviour: , unhandledPromptBehavior: , version: 66.0.3359.139, webStorageEnabled: true}
Session ID: 3e013be181604daa4ab1c7d6d82d1260
*** Element info: {Using=xpath, value=id(&quot;txttotal&quot;)[count(. | //input[@type = 'text' and @id = 'txttotal' and @name = 'txttotal' and @placeholder = 'Req.Qty' and @readonly = 'readonly']) = count(//input[@type = 'text' and @id = 'txttotal' and @name = 'txttotal' and @placeholder = 'Req.Qty' and @readonly = 'readonly'])]})"/>
         <system-out><![CDATA[2018-05-16 19:52:41 - [TEST_CASE][FAILED] - Test Cases/PHARMACY TEST CASES/TC_PHAR_009 Verify Schedule 9 Pharmacy Request Are Working Successfully Or Not: Test Cases/PHARMACY TEST CASES/TC_PHAR_009 Verify Schedule 9 Pharmacy Request Are Working Successfully Or Not FAILED because (of) Unable to get attribute 'value' of object 'Object Repository/PharmacyRequest/Page_Store/input_txttotal' (Root cause: org.openqa.selenium.UnhandledAlertException: unexpected alert open: {Alert text : function Error() { [native code] }}
  (Session info: chrome=66.0.3359.139)
  (Driver info: chromedriver=2.35.528161 (5b82f2d2aae0ca24b877009200ced9065a772e73),platform=Windows NT 10.0.17134 x86_64) (WARNING: The server did not provide any stacktrace information)
Command duration or timeout: 0 milliseconds: null
Build info: version: '3.7.1', revision: '8a0099a', time: '2017-11-06T21:07:36.161Z'
System info: host: 'DESKTOP-BLFTK83', ip: '192.168.71.2', os.name: 'Windows 10', os.arch: 'amd64', os.version: '10.0', java.version: '1.8.0_102'
Driver info: com.kms.katalon.selenium.driver.CChromeDriver
Capabilities {acceptInsecureCerts: false, acceptSslCerts: false, applicationCacheEnabled: false, browserConnectionEnabled: false, browserName: chrome, chrome: {chromedriverVersion: 2.35.528161 (5b82f2d2aae0ca..., userDataDir: C:\Users\QUALIT~1\AppData\L...}, cssSelectorsEnabled: true, databaseEnabled: false, handlesAlerts: true, hasTouchScreen: false, javascriptEnabled: true, locationContextEnabled: true, mobileEmulationEnabled: false, nativeEvents: true, networkConnectionEnabled: false, pageLoadStrategy: normal, platform: XP, platformName: XP, rotatable: false, setWindowRect: true, takesHeapSnapshot: true, takesScreenshot: true, unexpectedAlertBehaviour: , unhandledPromptBehavior: , version: 66.0.3359.139, webStorageEnabled: true}
Session ID: 3e013be181604daa4ab1c7d6d82d1260
*** Element info: {Using=xpath, value=id("txttotal")[count(. | //input[@type = 'text' and @id = 'txttotal' and @name = 'txttotal' and @placeholder = 'Req.Qty' and @readonly = 'readonly']) = count(//input[@type = 'text' and @id = 'txttotal' and @name = 'txttotal' and @placeholder = 'Req.Qty' and @readonly = 'readonly'])]})

2018-05-16 19:52:41 - [TEST_STEP][PASSED] - openBrowser: Browser is opened with url: ''

2018-05-16 19:52:43 - [MESSAGE][PASSED] - Browser is opened with url: ''

2018-05-16 19:52:43 - [TEST_STEP][PASSED] - Statement - out.println("Verify Schedule 9 Pharmacy Request Are Working Successfully Or Not"): null

2018-05-16 19:52:43 - [TEST_STEP][PASSED] - navigateToUrl: Navigate to 'http://192.168.137.1/multihospital_new/' successfully

2018-05-16 19:52:45 - [MESSAGE][PASSED] - Navigate to 'http://192.168.137.1/multihospital_new/' successfully

2018-05-16 19:52:45 - [TEST_STEP][PASSED] - maximizeWindow: Current window maximized

2018-05-16 19:52:46 - [MESSAGE][PASSED] - Current window maximized

2018-05-16 19:52:46 - [TEST_STEP][PASSED] - click: Object: 'Object Repository/PharmacyRequest/Page_KDMC/a_Pharmacy' is clicked on

2018-05-16 19:52:46 - [MESSAGE][PASSED] - Object: 'Object Repository/PharmacyRequest/Page_KDMC/a_Pharmacy' is clicked on

2018-05-16 19:52:46 - [TEST_STEP][PASSED] - setText: Text 'raja' is set on object 'Object Repository/PharmacyRequest/Page_Pharmacy login/input_txtusername'

2018-05-16 19:52:46 - [MESSAGE][PASSED] - Text 'raja' is set on object 'Object Repository/PharmacyRequest/Page_Pharmacy login/input_txtusername'

2018-05-16 19:52:46 - [TEST_STEP][PASSED] - setText: Text '123' is set on object 'Object Repository/PharmacyRequest/Page_Pharmacy login/input_txtpassword'

2018-05-16 19:52:47 - [MESSAGE][PASSED] - Text '123' is set on object 'Object Repository/PharmacyRequest/Page_Pharmacy login/input_txtpassword'

2018-05-16 19:52:47 - [TEST_STEP][PASSED] - delay: Delayed 3 second(s)

2018-05-16 19:52:50 - [MESSAGE][PASSED] - Delayed 3 second(s)

2018-05-16 19:52:50 - [TEST_STEP][PASSED] - click: Object: 'Object Repository/PharmacyRequest/Page_Pharmacy login/button_Sign in' is clicked on

2018-05-16 19:52:50 - [MESSAGE][PASSED] - Object: 'Object Repository/PharmacyRequest/Page_Pharmacy login/button_Sign in' is clicked on

2018-05-16 19:52:50 - [TEST_STEP][PASSED] - delay: Delayed 3 second(s)

2018-05-16 19:52:53 - [MESSAGE][PASSED] - Delayed 3 second(s)

2018-05-16 19:52:53 - [TEST_STEP][PASSED] - click: Object: 'Object Repository/PharmacyRequest/Page_KDMC - Pharmacy/a_Inventory' is clicked on

2018-05-16 19:52:54 - [MESSAGE][PASSED] - Object: 'Object Repository/PharmacyRequest/Page_KDMC - Pharmacy/a_Inventory' is clicked on

2018-05-16 19:52:54 - [TEST_STEP][PASSED] - delay: Delayed 3 second(s)

2018-05-16 19:52:57 - [MESSAGE][PASSED] - Delayed 3 second(s)

2018-05-16 19:52:57 - [TEST_STEP][PASSED] - click: Object: 'Object Repository/PharmacyRequest/Page_KDMC-Pharmacy/a_Store Request' is clicked on

2018-05-16 19:52:57 - [MESSAGE][PASSED] - Object: 'Object Repository/PharmacyRequest/Page_KDMC-Pharmacy/a_Store Request' is clicked on

2018-05-16 19:52:57 - [TEST_STEP][PASSED] - click: Object: 'Object Repository/PharmacyRequest/Page_KDMC-Pharmacy/a_Medicine Request' is clicked on

2018-05-16 19:52:58 - [MESSAGE][PASSED] - Object: 'Object Repository/PharmacyRequest/Page_KDMC-Pharmacy/a_Medicine Request' is clicked on

2018-05-16 19:52:58 - [TEST_STEP][PASSED] - selectOptionByIndex: All options with index in [9] are selected on object 'Object Repository/PharmacyRequest/Page_KDMC-Pharmacy/select_--Select--Schedule 1Inj'

2018-05-16 19:52:58 - [MESSAGE][PASSED] - All options with index in [9] are selected on object 'Object Repository/PharmacyRequest/Page_KDMC-Pharmacy/select_--Select--Schedule 1Inj'

2018-05-16 19:52:58 - [TEST_STEP][PASSED] - Statement - MedicineLength = com.kms.katalon.core.webui.keyword.WebUiBuiltInKeywords.getNumberOfTotalOption(com.kms.katalon.core.testobject.ObjectRepository.findTestObject(PharmacyRequest/Page_KDMC-Pharmacy/select_--Select--Albendazole)): 36 options of object 'Object Repository/PharmacyRequest/Page_KDMC-Pharmacy/select_--Select--Albendazole' counted

2018-05-16 19:52:58 - [MESSAGE][PASSED] - 36 options of object 'Object Repository/PharmacyRequest/Page_KDMC-Pharmacy/select_--Select--Albendazole' counted

2018-05-16 19:52:58 - [TEST_STEP][PASSED] - Statement - For ([l = 1, l <= MedicineLength - 1, (l++)]): Object: 'Object Repository/PharmacyRequest/Page_KDMC-Pharmacy/button_Add' is clicked on

2018-05-16 19:52:58 - [TEST_STEP][PASSED] - selectOptionByIndex: All options with index in [9] are selected on object 'Object Repository/PharmacyRequest/Page_KDMC-Pharmacy/select_--Select--Schedule 1Inj'

2018-05-16 19:52:59 - [MESSAGE][PASSED] - All options with index in [9] are selected on object 'Object Repository/PharmacyRequest/Page_KDMC-Pharmacy/select_--Select--Schedule 1Inj'

2018-05-16 19:52:59 - [TEST_STEP][PASSED] - selectOptionByIndex: All options with index in [1] are selected on object 'Object Repository/PharmacyRequest/Page_KDMC-Pharmacy/select_--Select--Albendazole'

2018-05-16 19:52:59 - [MESSAGE][PASSED] - All options with index in [1] are selected on object 'Object Repository/PharmacyRequest/Page_KDMC-Pharmacy/select_--Select--Albendazole'

2018-05-16 19:52:59 - [TEST_STEP][PASSED] - setText: Text '10' is set on object 'Object Repository/PharmacyRequest/Page_KDMC-Pharmacy/input_txttreat'

2018-05-16 19:52:59 - [MESSAGE][PASSED] - Text '10' is set on object 'Object Repository/PharmacyRequest/Page_KDMC-Pharmacy/input_txttreat'

2018-05-16 19:52:59 - [TEST_STEP][PASSED] - click: Object: 'Object Repository/PharmacyRequest/Page_KDMC-Pharmacy/button_Add' is clicked on

2018-05-16 19:52:59 - [MESSAGE][PASSED] - Object: 'Object Repository/PharmacyRequest/Page_KDMC-Pharmacy/button_Add' is clicked on

2018-05-16 19:52:59 - [TEST_STEP][PASSED] - selectOptionByIndex: All options with index in [9] are selected on object 'Object Repository/PharmacyRequest/Page_KDMC-Pharmacy/select_--Select--Schedule 1Inj'

2018-05-16 19:52:59 - [MESSAGE][PASSED] - All options with index in [9] are selected on object 'Object Repository/PharmacyRequest/Page_KDMC-Pharmacy/select_--Select--Schedule 1Inj'

2018-05-16 19:52:59 - [TEST_STEP][PASSED] - selectOptionByIndex: All options with index in [2] are selected on object 'Object Repository/PharmacyRequest/Page_KDMC-Pharmacy/select_--Select--Albendazole'

2018-05-16 19:52:59 - [MESSAGE][PASSED] - All options with index in [2] are selected on object 'Object Repository/PharmacyRequest/Page_KDMC-Pharmacy/select_--Select--Albendazole'

2018-05-16 19:52:59 - [TEST_STEP][PASSED] - setText: Text '10' is set on object 'Object Repository/PharmacyRequest/Page_KDMC-Pharmacy/input_txttreat'

2018-05-16 19:52:59 - [MESSAGE][PASSED] - Text '10' is set on object 'Object Repository/PharmacyRequest/Page_KDMC-Pharmacy/input_txttreat'

2018-05-16 19:52:59 - [TEST_STEP][PASSED] - click: Object: 'Object Repository/PharmacyRequest/Page_KDMC-Pharmacy/button_Add' is clicked on

2018-05-16 19:52:59 - [MESSAGE][PASSED] - Object: 'Object Repository/PharmacyRequest/Page_KDMC-Pharmacy/button_Add' is clicked on

2018-05-16 19:52:59 - [TEST_STEP][PASSED] - selectOptionByIndex: All options with index in [9] are selected on object 'Object Repository/PharmacyRequest/Page_KDMC-Pharmacy/select_--Select--Schedule 1Inj'

2018-05-16 19:53:00 - [MESSAGE][PASSED] - All options with index in [9] are selected on object 'Object Repository/PharmacyRequest/Page_KDMC-Pharmacy/select_--Select--Schedule 1Inj'

2018-05-16 19:53:00 - [TEST_STEP][PASSED] - selectOptionByIndex: All options with index in [3] are selected on object 'Object Repository/PharmacyRequest/Page_KDMC-Pharmacy/select_--Select--Albendazole'

2018-05-16 19:53:00 - [MESSAGE][PASSED] - All options with index in [3] are selected on object 'Object Repository/PharmacyRequest/Page_KDMC-Pharmacy/select_--Select--Albendazole'

2018-05-16 19:53:00 - [TEST_STEP][PASSED] - setText: Text '10' is set on object 'Object Repository/PharmacyRequest/Page_KDMC-Pharmacy/input_txttreat'

2018-05-16 19:53:00 - [MESSAGE][PASSED] - Text '10' is set on object 'Object Repository/PharmacyRequest/Page_KDMC-Pharmacy/input_txttreat'

2018-05-16 19:53:00 - [TEST_STEP][PASSED] - click: Object: 'Object Repository/PharmacyRequest/Page_KDMC-Pharmacy/button_Add' is clicked on

2018-05-16 19:53:00 - [MESSAGE][PASSED] - Object: 'Object Repository/PharmacyRequest/Page_KDMC-Pharmacy/button_Add' is clicked on

2018-05-16 19:53:00 - [TEST_STEP][PASSED] - selectOptionByIndex: All options with index in [9] are selected on object 'Object Repository/PharmacyRequest/Page_KDMC-Pharmacy/select_--Select--Schedule 1Inj'

2018-05-16 19:53:00 - [MESSAGE][PASSED] - All options with index in [9] are selected on object 'Object Repository/PharmacyRequest/Page_KDMC-Pharmacy/select_--Select--Schedule 1Inj'

2018-05-16 19:53:00 - [TEST_STEP][PASSED] - selectOptionByIndex: All options with index in [4] are selected on object 'Object Repository/PharmacyRequest/Page_KDMC-Pharmacy/select_--Select--Albendazole'

2018-05-16 19:53:00 - [MESSAGE][PASSED] - All options with index in [4] are selected on object 'Object Repository/PharmacyRequest/Page_KDMC-Pharmacy/select_--Select--Albendazole'

2018-05-16 19:53:00 - [TEST_STEP][PASSED] - setText: Text '10' is set on object 'Object Repository/PharmacyRequest/Page_KDMC-Pharmacy/input_txttreat'

2018-05-16 19:53:00 - [MESSAGE][PASSED] - Text '10' is set on object 'Object Repository/PharmacyRequest/Page_KDMC-Pharmacy/input_txttreat'

2018-05-16 19:53:00 - [TEST_STEP][PASSED] - click: Object: 'Object Repository/PharmacyRequest/Page_KDMC-Pharmacy/button_Add' is clicked on

2018-05-16 19:53:00 - [MESSAGE][PASSED] - Object: 'Object Repository/PharmacyRequest/Page_KDMC-Pharmacy/button_Add' is clicked on

2018-05-16 19:53:00 - [TEST_STEP][PASSED] - selectOptionByIndex: All options with index in [9] are selected on object 'Object Repository/PharmacyRequest/Page_KDMC-Pharmacy/select_--Select--Schedule 1Inj'

2018-05-16 19:53:00 - [MESSAGE][PASSED] - All options with index in [9] are selected on object 'Object Repository/PharmacyRequest/Page_KDMC-Pharmacy/select_--Select--Schedule 1Inj'

2018-05-16 19:53:00 - [TEST_STEP][PASSED] - selectOptionByIndex: All options with index in [5] are selected on object 'Object Repository/PharmacyRequest/Page_KDMC-Pharmacy/select_--Select--Albendazole'

2018-05-16 19:53:01 - [MESSAGE][PASSED] - All options with index in [5] are selected on object 'Object Repository/PharmacyRequest/Page_KDMC-Pharmacy/select_--Select--Albendazole'

2018-05-16 19:53:01 - [TEST_STEP][PASSED] - setText: Text '10' is set on object 'Object Repository/PharmacyRequest/Page_KDMC-Pharmacy/input_txttreat'

2018-05-16 19:53:01 - [MESSAGE][PASSED] - Text '10' is set on object 'Object Repository/PharmacyRequest/Page_KDMC-Pharmacy/input_txttreat'

2018-05-16 19:53:01 - [TEST_STEP][PASSED] - click: Object: 'Object Repository/PharmacyRequest/Page_KDMC-Pharmacy/button_Add' is clicked on

2018-05-16 19:53:01 - [MESSAGE][PASSED] - Object: 'Object Repository/PharmacyRequest/Page_KDMC-Pharmacy/button_Add' is clicked on

2018-05-16 19:53:01 - [TEST_STEP][PASSED] - selectOptionByIndex: All options with index in [9] are selected on object 'Object Repository/PharmacyRequest/Page_KDMC-Pharmacy/select_--Select--Schedule 1Inj'

2018-05-16 19:53:01 - [MESSAGE][PASSED] - All options with index in [9] are selected on object 'Object Repository/PharmacyRequest/Page_KDMC-Pharmacy/select_--Select--Schedule 1Inj'

2018-05-16 19:53:01 - [TEST_STEP][PASSED] - selectOptionByIndex: All options with index in [6] are selected on object 'Object Repository/PharmacyRequest/Page_KDMC-Pharmacy/select_--Select--Albendazole'

2018-05-16 19:53:01 - [MESSAGE][PASSED] - All options with index in [6] are selected on object 'Object Repository/PharmacyRequest/Page_KDMC-Pharmacy/select_--Select--Albendazole'

2018-05-16 19:53:01 - [TEST_STEP][PASSED] - setText: Text '10' is set on object 'Object Repository/PharmacyRequest/Page_KDMC-Pharmacy/input_txttreat'

2018-05-16 19:53:01 - [MESSAGE][PASSED] - Text '10' is set on object 'Object Repository/PharmacyRequest/Page_KDMC-Pharmacy/input_txttreat'

2018-05-16 19:53:01 - [TEST_STEP][PASSED] - click: Object: 'Object Repository/PharmacyRequest/Page_KDMC-Pharmacy/button_Add' is clicked on

2018-05-16 19:53:01 - [MESSAGE][PASSED] - Object: 'Object Repository/PharmacyRequest/Page_KDMC-Pharmacy/button_Add' is clicked on

2018-05-16 19:53:01 - [TEST_STEP][PASSED] - selectOptionByIndex: All options with index in [9] are selected on object 'Object Repository/PharmacyRequest/Page_KDMC-Pharmacy/select_--Select--Schedule 1Inj'

2018-05-16 19:53:01 - [MESSAGE][PASSED] - All options with index in [9] are selected on object 'Object Repository/PharmacyRequest/Page_KDMC-Pharmacy/select_--Select--Schedule 1Inj'

2018-05-16 19:53:01 - [TEST_STEP][PASSED] - selectOptionByIndex: All options with index in [7] are selected on object 'Object Repository/PharmacyRequest/Page_KDMC-Pharmacy/select_--Select--Albendazole'

2018-05-16 19:53:01 - [MESSAGE][PASSED] - All options with index in [7] are selected on object 'Object Repository/PharmacyRequest/Page_KDMC-Pharmacy/select_--Select--Albendazole'

2018-05-16 19:53:01 - [TEST_STEP][PASSED] - setText: Text '10' is set on object 'Object Repository/PharmacyRequest/Page_KDMC-Pharmacy/input_txttreat'

2018-05-16 19:53:01 - [MESSAGE][PASSED] - Text '10' is set on object 'Object Repository/PharmacyRequest/Page_KDMC-Pharmacy/input_txttreat'

2018-05-16 19:53:01 - [TEST_STEP][PASSED] - click: Object: 'Object Repository/PharmacyRequest/Page_KDMC-Pharmacy/button_Add' is clicked on

2018-05-16 19:53:02 - [MESSAGE][PASSED] - Object: 'Object Repository/PharmacyRequest/Page_KDMC-Pharmacy/button_Add' is clicked on

2018-05-16 19:53:02 - [TEST_STEP][PASSED] - selectOptionByIndex: All options with index in [9] are selected on object 'Object Repository/PharmacyRequest/Page_KDMC-Pharmacy/select_--Select--Schedule 1Inj'

2018-05-16 19:53:02 - [MESSAGE][PASSED] - All options with index in [9] are selected on object 'Object Repository/PharmacyRequest/Page_KDMC-Pharmacy/select_--Select--Schedule 1Inj'

2018-05-16 19:53:02 - [TEST_STEP][PASSED] - selectOptionByIndex: All options with index in [8] are selected on object 'Object Repository/PharmacyRequest/Page_KDMC-Pharmacy/select_--Select--Albendazole'

2018-05-16 19:53:02 - [MESSAGE][PASSED] - All options with index in [8] are selected on object 'Object Repository/PharmacyRequest/Page_KDMC-Pharmacy/select_--Select--Albendazole'

2018-05-16 19:53:02 - [TEST_STEP][PASSED] - setText: Text '10' is set on object 'Object Repository/PharmacyRequest/Page_KDMC-Pharmacy/input_txttreat'

2018-05-16 19:53:02 - [MESSAGE][PASSED] - Text '10' is set on object 'Object Repository/PharmacyRequest/Page_KDMC-Pharmacy/input_txttreat'

2018-05-16 19:53:02 - [TEST_STEP][PASSED] - click: Object: 'Object Repository/PharmacyRequest/Page_KDMC-Pharmacy/button_Add' is clicked on

2018-05-16 19:53:02 - [MESSAGE][PASSED] - Object: 'Object Repository/PharmacyRequest/Page_KDMC-Pharmacy/button_Add' is clicked on

2018-05-16 19:53:02 - [TEST_STEP][PASSED] - selectOptionByIndex: All options with index in [9] are selected on object 'Object Repository/PharmacyRequest/Page_KDMC-Pharmacy/select_--Select--Schedule 1Inj'

2018-05-16 19:53:02 - [MESSAGE][PASSED] - All options with index in [9] are selected on object 'Object Repository/PharmacyRequest/Page_KDMC-Pharmacy/select_--Select--Schedule 1Inj'

2018-05-16 19:53:02 - [TEST_STEP][PASSED] - selectOptionByIndex: All options with index in [9] are selected on object 'Object Repository/PharmacyRequest/Page_KDMC-Pharmacy/select_--Select--Albendazole'

2018-05-16 19:53:02 - [MESSAGE][PASSED] - All options with index in [9] are selected on object 'Object Repository/PharmacyRequest/Page_KDMC-Pharmacy/select_--Select--Albendazole'

2018-05-16 19:53:02 - [TEST_STEP][PASSED] - setText: Text '10' is set on object 'Object Repository/PharmacyRequest/Page_KDMC-Pharmacy/input_txttreat'

2018-05-16 19:53:02 - [MESSAGE][PASSED] - Text '10' is set on object 'Object Repository/PharmacyRequest/Page_KDMC-Pharmacy/input_txttreat'

2018-05-16 19:53:02 - [TEST_STEP][PASSED] - click: Object: 'Object Repository/PharmacyRequest/Page_KDMC-Pharmacy/button_Add' is clicked on

2018-05-16 19:53:02 - [MESSAGE][PASSED] - Object: 'Object Repository/PharmacyRequest/Page_KDMC-Pharmacy/button_Add' is clicked on

2018-05-16 19:53:02 - [TEST_STEP][PASSED] - selectOptionByIndex: All options with index in [9] are selected on object 'Object Repository/PharmacyRequest/Page_KDMC-Pharmacy/select_--Select--Schedule 1Inj'

2018-05-16 19:53:03 - [MESSAGE][PASSED] - All options with index in [9] are selected on object 'Object Repository/PharmacyRequest/Page_KDMC-Pharmacy/select_--Select--Schedule 1Inj'

2018-05-16 19:53:03 - [TEST_STEP][PASSED] - selectOptionByIndex: All options with index in [10] are selected on object 'Object Repository/PharmacyRequest/Page_KDMC-Pharmacy/select_--Select--Albendazole'

2018-05-16 19:53:03 - [MESSAGE][PASSED] - All options with index in [10] are selected on object 'Object Repository/PharmacyRequest/Page_KDMC-Pharmacy/select_--Select--Albendazole'

2018-05-16 19:53:03 - [TEST_STEP][PASSED] - setText: Text '10' is set on object 'Object Repository/PharmacyRequest/Page_KDMC-Pharmacy/input_txttreat'

2018-05-16 19:53:03 - [MESSAGE][PASSED] - Text '10' is set on object 'Object Repository/PharmacyRequest/Page_KDMC-Pharmacy/input_txttreat'

2018-05-16 19:53:03 - [TEST_STEP][PASSED] - click: Object: 'Object Repository/PharmacyRequest/Page_KDMC-Pharmacy/button_Add' is clicked on

2018-05-16 19:53:03 - [MESSAGE][PASSED] - Object: 'Object Repository/PharmacyRequest/Page_KDMC-Pharmacy/button_Add' is clicked on

2018-05-16 19:53:03 - [TEST_STEP][PASSED] - selectOptionByIndex: All options with index in [9] are selected on object 'Object Repository/PharmacyRequest/Page_KDMC-Pharmacy/select_--Select--Schedule 1Inj'

2018-05-16 19:53:03 - [MESSAGE][PASSED] - All options with index in [9] are selected on object 'Object Repository/PharmacyRequest/Page_KDMC-Pharmacy/select_--Select--Schedule 1Inj'

2018-05-16 19:53:03 - [TEST_STEP][PASSED] - selectOptionByIndex: All options with index in [11] are selected on object 'Object Repository/PharmacyRequest/Page_KDMC-Pharmacy/select_--Select--Albendazole'

2018-05-16 19:53:03 - [MESSAGE][PASSED] - All options with index in [11] are selected on object 'Object Repository/PharmacyRequest/Page_KDMC-Pharmacy/select_--Select--Albendazole'

2018-05-16 19:53:03 - [TEST_STEP][PASSED] - setText: Text '10' is set on object 'Object Repository/PharmacyRequest/Page_KDMC-Pharmacy/input_txttreat'

2018-05-16 19:53:03 - [MESSAGE][PASSED] - Text '10' is set on object 'Object Repository/PharmacyRequest/Page_KDMC-Pharmacy/input_txttreat'

2018-05-16 19:53:03 - [TEST_STEP][PASSED] - click: Object: 'Object Repository/PharmacyRequest/Page_KDMC-Pharmacy/button_Add' is clicked on

2018-05-16 19:53:03 - [MESSAGE][PASSED] - Object: 'Object Repository/PharmacyRequest/Page_KDMC-Pharmacy/button_Add' is clicked on

2018-05-16 19:53:03 - [TEST_STEP][PASSED] - selectOptionByIndex: All options with index in [9] are selected on object 'Object Repository/PharmacyRequest/Page_KDMC-Pharmacy/select_--Select--Schedule 1Inj'

2018-05-16 19:53:03 - [MESSAGE][PASSED] - All options with index in [9] are selected on object 'Object Repository/PharmacyRequest/Page_KDMC-Pharmacy/select_--Select--Schedule 1Inj'

2018-05-16 19:53:03 - [TEST_STEP][PASSED] - selectOptionByIndex: All options with index in [12] are selected on object 'Object Repository/PharmacyRequest/Page_KDMC-Pharmacy/select_--Select--Albendazole'

2018-05-16 19:53:04 - [MESSAGE][PASSED] - All options with index in [12] are selected on object 'Object Repository/PharmacyRequest/Page_KDMC-Pharmacy/select_--Select--Albendazole'

2018-05-16 19:53:04 - [TEST_STEP][PASSED] - setText: Text '10' is set on object 'Object Repository/PharmacyRequest/Page_KDMC-Pharmacy/input_txttreat'

2018-05-16 19:53:04 - [MESSAGE][PASSED] - Text '10' is set on object 'Object Repository/PharmacyRequest/Page_KDMC-Pharmacy/input_txttreat'

2018-05-16 19:53:04 - [TEST_STEP][PASSED] - click: Object: 'Object Repository/PharmacyRequest/Page_KDMC-Pharmacy/button_Add' is clicked on

2018-05-16 19:53:04 - [MESSAGE][PASSED] - Object: 'Object Repository/PharmacyRequest/Page_KDMC-Pharmacy/button_Add' is clicked on

2018-05-16 19:53:04 - [TEST_STEP][PASSED] - selectOptionByIndex: All options with index in [9] are selected on object 'Object Repository/PharmacyRequest/Page_KDMC-Pharmacy/select_--Select--Schedule 1Inj'

2018-05-16 19:53:04 - [MESSAGE][PASSED] - All options with index in [9] are selected on object 'Object Repository/PharmacyRequest/Page_KDMC-Pharmacy/select_--Select--Schedule 1Inj'

2018-05-16 19:53:04 - [TEST_STEP][PASSED] - selectOptionByIndex: All options with index in [13] are selected on object 'Object Repository/PharmacyRequest/Page_KDMC-Pharmacy/select_--Select--Albendazole'

2018-05-16 19:53:04 - [MESSAGE][PASSED] - All options with index in [13] are selected on object 'Object Repository/PharmacyRequest/Page_KDMC-Pharmacy/select_--Select--Albendazole'

2018-05-16 19:53:04 - [TEST_STEP][PASSED] - setText: Text '10' is set on object 'Object Repository/PharmacyRequest/Page_KDMC-Pharmacy/input_txttreat'

2018-05-16 19:53:04 - [MESSAGE][PASSED] - Text '10' is set on object 'Object Repository/PharmacyRequest/Page_KDMC-Pharmacy/input_txttreat'

2018-05-16 19:53:04 - [TEST_STEP][PASSED] - click: Object: 'Object Repository/PharmacyRequest/Page_KDMC-Pharmacy/button_Add' is clicked on

2018-05-16 19:53:04 - [MESSAGE][PASSED] - Object: 'Object Repository/PharmacyRequest/Page_KDMC-Pharmacy/button_Add' is clicked on

2018-05-16 19:53:04 - [TEST_STEP][PASSED] - selectOptionByIndex: All options with index in [9] are selected on object 'Object Repository/PharmacyRequest/Page_KDMC-Pharmacy/select_--Select--Schedule 1Inj'

2018-05-16 19:53:04 - [MESSAGE][PASSED] - All options with index in [9] are selected on object 'Object Repository/PharmacyRequest/Page_KDMC-Pharmacy/select_--Select--Schedule 1Inj'

2018-05-16 19:53:04 - [TEST_STEP][PASSED] - selectOptionByIndex: All options with index in [14] are selected on object 'Object Repository/PharmacyRequest/Page_KDMC-Pharmacy/select_--Select--Albendazole'

2018-05-16 19:53:05 - [MESSAGE][PASSED] - All options with index in [14] are selected on object 'Object Repository/PharmacyRequest/Page_KDMC-Pharmacy/select_--Select--Albendazole'

2018-05-16 19:53:05 - [TEST_STEP][PASSED] - setText: Text '10' is set on object 'Object Repository/PharmacyRequest/Page_KDMC-Pharmacy/input_txttreat'

2018-05-16 19:53:05 - [MESSAGE][PASSED] - Text '10' is set on object 'Object Repository/PharmacyRequest/Page_KDMC-Pharmacy/input_txttreat'

2018-05-16 19:53:05 - [TEST_STEP][PASSED] - click: Object: 'Object Repository/PharmacyRequest/Page_KDMC-Pharmacy/button_Add' is clicked on

2018-05-16 19:53:05 - [MESSAGE][PASSED] - Object: 'Object Repository/PharmacyRequest/Page_KDMC-Pharmacy/button_Add' is clicked on

2018-05-16 19:53:05 - [TEST_STEP][PASSED] - selectOptionByIndex: All options with index in [9] are selected on object 'Object Repository/PharmacyRequest/Page_KDMC-Pharmacy/select_--Select--Schedule 1Inj'

2018-05-16 19:53:05 - [MESSAGE][PASSED] - All options with index in [9] are selected on object 'Object Repository/PharmacyRequest/Page_KDMC-Pharmacy/select_--Select--Schedule 1Inj'

2018-05-16 19:53:05 - [TEST_STEP][PASSED] - selectOptionByIndex: All options with index in [15] are selected on object 'Object Repository/PharmacyRequest/Page_KDMC-Pharmacy/select_--Select--Albendazole'

2018-05-16 19:53:05 - [MESSAGE][PASSED] - All options with index in [15] are selected on object 'Object Repository/PharmacyRequest/Page_KDMC-Pharmacy/select_--Select--Albendazole'

2018-05-16 19:53:05 - [TEST_STEP][PASSED] - setText: Text '10' is set on object 'Object Repository/PharmacyRequest/Page_KDMC-Pharmacy/input_txttreat'

2018-05-16 19:53:05 - [MESSAGE][PASSED] - Text '10' is set on object 'Object Repository/PharmacyRequest/Page_KDMC-Pharmacy/input_txttreat'

2018-05-16 19:53:05 - [TEST_STEP][PASSED] - click: Object: 'Object Repository/PharmacyRequest/Page_KDMC-Pharmacy/button_Add' is clicked on

2018-05-16 19:53:05 - [MESSAGE][PASSED] - Object: 'Object Repository/PharmacyRequest/Page_KDMC-Pharmacy/button_Add' is clicked on

2018-05-16 19:53:05 - [TEST_STEP][PASSED] - selectOptionByIndex: All options with index in [9] are selected on object 'Object Repository/PharmacyRequest/Page_KDMC-Pharmacy/select_--Select--Schedule 1Inj'

2018-05-16 19:53:05 - [MESSAGE][PASSED] - All options with index in [9] are selected on object 'Object Repository/PharmacyRequest/Page_KDMC-Pharmacy/select_--Select--Schedule 1Inj'

2018-05-16 19:53:05 - [TEST_STEP][PASSED] - selectOptionByIndex: All options with index in [16] are selected on object 'Object Repository/PharmacyRequest/Page_KDMC-Pharmacy/select_--Select--Albendazole'

2018-05-16 19:53:06 - [MESSAGE][PASSED] - All options with index in [16] are selected on object 'Object Repository/PharmacyRequest/Page_KDMC-Pharmacy/select_--Select--Albendazole'

2018-05-16 19:53:06 - [TEST_STEP][PASSED] - setText: Text '10' is set on object 'Object Repository/PharmacyRequest/Page_KDMC-Pharmacy/input_txttreat'

2018-05-16 19:53:06 - [MESSAGE][PASSED] - Text '10' is set on object 'Object Repository/PharmacyRequest/Page_KDMC-Pharmacy/input_txttreat'

2018-05-16 19:53:06 - [TEST_STEP][PASSED] - click: Object: 'Object Repository/PharmacyRequest/Page_KDMC-Pharmacy/button_Add' is clicked on

2018-05-16 19:53:06 - [MESSAGE][PASSED] - Object: 'Object Repository/PharmacyRequest/Page_KDMC-Pharmacy/button_Add' is clicked on

2018-05-16 19:53:06 - [TEST_STEP][PASSED] - selectOptionByIndex: All options with index in [9] are selected on object 'Object Repository/PharmacyRequest/Page_KDMC-Pharmacy/select_--Select--Schedule 1Inj'

2018-05-16 19:53:06 - [MESSAGE][PASSED] - All options with index in [9] are selected on object 'Object Repository/PharmacyRequest/Page_KDMC-Pharmacy/select_--Select--Schedule 1Inj'

2018-05-16 19:53:06 - [TEST_STEP][PASSED] - selectOptionByIndex: All options with index in [17] are selected on object 'Object Repository/PharmacyRequest/Page_KDMC-Pharmacy/select_--Select--Albendazole'

2018-05-16 19:53:06 - [MESSAGE][PASSED] - All options with index in [17] are selected on object 'Object Repository/PharmacyRequest/Page_KDMC-Pharmacy/select_--Select--Albendazole'

2018-05-16 19:53:06 - [TEST_STEP][PASSED] - setText: Text '10' is set on object 'Object Repository/PharmacyRequest/Page_KDMC-Pharmacy/input_txttreat'

2018-05-16 19:53:06 - [MESSAGE][PASSED] - Text '10' is set on object 'Object Repository/PharmacyRequest/Page_KDMC-Pharmacy/input_txttreat'

2018-05-16 19:53:06 - [TEST_STEP][PASSED] - click: Object: 'Object Repository/PharmacyRequest/Page_KDMC-Pharmacy/button_Add' is clicked on

2018-05-16 19:53:06 - [MESSAGE][PASSED] - Object: 'Object Repository/PharmacyRequest/Page_KDMC-Pharmacy/button_Add' is clicked on

2018-05-16 19:53:06 - [TEST_STEP][PASSED] - selectOptionByIndex: All options with index in [9] are selected on object 'Object Repository/PharmacyRequest/Page_KDMC-Pharmacy/select_--Select--Schedule 1Inj'

2018-05-16 19:53:06 - [MESSAGE][PASSED] - All options with index in [9] are selected on object 'Object Repository/PharmacyRequest/Page_KDMC-Pharmacy/select_--Select--Schedule 1Inj'

2018-05-16 19:53:06 - [TEST_STEP][PASSED] - selectOptionByIndex: All options with index in [18] are selected on object 'Object Repository/PharmacyRequest/Page_KDMC-Pharmacy/select_--Select--Albendazole'

2018-05-16 19:53:07 - [MESSAGE][PASSED] - All options with index in [18] are selected on object 'Object Repository/PharmacyRequest/Page_KDMC-Pharmacy/select_--Select--Albendazole'

2018-05-16 19:53:07 - [TEST_STEP][PASSED] - setText: Text '10' is set on object 'Object Repository/PharmacyRequest/Page_KDMC-Pharmacy/input_txttreat'

2018-05-16 19:53:07 - [MESSAGE][PASSED] - Text '10' is set on object 'Object Repository/PharmacyRequest/Page_KDMC-Pharmacy/input_txttreat'

2018-05-16 19:53:07 - [TEST_STEP][PASSED] - click: Object: 'Object Repository/PharmacyRequest/Page_KDMC-Pharmacy/button_Add' is clicked on

2018-05-16 19:53:07 - [MESSAGE][PASSED] - Object: 'Object Repository/PharmacyRequest/Page_KDMC-Pharmacy/button_Add' is clicked on

2018-05-16 19:53:07 - [TEST_STEP][PASSED] - selectOptionByIndex: All options with index in [9] are selected on object 'Object Repository/PharmacyRequest/Page_KDMC-Pharmacy/select_--Select--Schedule 1Inj'

2018-05-16 19:53:07 - [MESSAGE][PASSED] - All options with index in [9] are selected on object 'Object Repository/PharmacyRequest/Page_KDMC-Pharmacy/select_--Select--Schedule 1Inj'

2018-05-16 19:53:07 - [TEST_STEP][PASSED] - selectOptionByIndex: All options with index in [19] are selected on object 'Object Repository/PharmacyRequest/Page_KDMC-Pharmacy/select_--Select--Albendazole'

2018-05-16 19:53:07 - [MESSAGE][PASSED] - All options with index in [19] are selected on object 'Object Repository/PharmacyRequest/Page_KDMC-Pharmacy/select_--Select--Albendazole'

2018-05-16 19:53:07 - [TEST_STEP][PASSED] - setText: Text '10' is set on object 'Object Repository/PharmacyRequest/Page_KDMC-Pharmacy/input_txttreat'

2018-05-16 19:53:07 - [MESSAGE][PASSED] - Text '10' is set on object 'Object Repository/PharmacyRequest/Page_KDMC-Pharmacy/input_txttreat'

2018-05-16 19:53:07 - [TEST_STEP][PASSED] - click: Object: 'Object Repository/PharmacyRequest/Page_KDMC-Pharmacy/button_Add' is clicked on

2018-05-16 19:53:07 - [MESSAGE][PASSED] - Object: 'Object Repository/PharmacyRequest/Page_KDMC-Pharmacy/button_Add' is clicked on

2018-05-16 19:53:07 - [TEST_STEP][PASSED] - selectOptionByIndex: All options with index in [9] are selected on object 'Object Repository/PharmacyRequest/Page_KDMC-Pharmacy/select_--Select--Schedule 1Inj'

2018-05-16 19:53:08 - [MESSAGE][PASSED] - All options with index in [9] are selected on object 'Object Repository/PharmacyRequest/Page_KDMC-Pharmacy/select_--Select--Schedule 1Inj'

2018-05-16 19:53:08 - [TEST_STEP][PASSED] - selectOptionByIndex: All options with index in [20] are selected on object 'Object Repository/PharmacyRequest/Page_KDMC-Pharmacy/select_--Select--Albendazole'

2018-05-16 19:53:08 - [MESSAGE][PASSED] - All options with index in [20] are selected on object 'Object Repository/PharmacyRequest/Page_KDMC-Pharmacy/select_--Select--Albendazole'

2018-05-16 19:53:08 - [TEST_STEP][PASSED] - setText: Text '10' is set on object 'Object Repository/PharmacyRequest/Page_KDMC-Pharmacy/input_txttreat'

2018-05-16 19:53:08 - [MESSAGE][PASSED] - Text '10' is set on object 'Object Repository/PharmacyRequest/Page_KDMC-Pharmacy/input_txttreat'

2018-05-16 19:53:08 - [TEST_STEP][PASSED] - click: Object: 'Object Repository/PharmacyRequest/Page_KDMC-Pharmacy/button_Add' is clicked on

2018-05-16 19:53:08 - [MESSAGE][PASSED] - Object: 'Object Repository/PharmacyRequest/Page_KDMC-Pharmacy/button_Add' is clicked on

2018-05-16 19:53:08 - [TEST_STEP][PASSED] - selectOptionByIndex: All options with index in [9] are selected on object 'Object Repository/PharmacyRequest/Page_KDMC-Pharmacy/select_--Select--Schedule 1Inj'

2018-05-16 19:53:08 - [MESSAGE][PASSED] - All options with index in [9] are selected on object 'Object Repository/PharmacyRequest/Page_KDMC-Pharmacy/select_--Select--Schedule 1Inj'

2018-05-16 19:53:08 - [TEST_STEP][PASSED] - selectOptionByIndex: All options with index in [21] are selected on object 'Object Repository/PharmacyRequest/Page_KDMC-Pharmacy/select_--Select--Albendazole'

2018-05-16 19:53:08 - [MESSAGE][PASSED] - All options with index in [21] are selected on object 'Object Repository/PharmacyRequest/Page_KDMC-Pharmacy/select_--Select--Albendazole'

2018-05-16 19:53:08 - [TEST_STEP][PASSED] - setText: Text '10' is set on object 'Object Repository/PharmacyRequest/Page_KDMC-Pharmacy/input_txttreat'

2018-05-16 19:53:08 - [MESSAGE][PASSED] - Text '10' is set on object 'Object Repository/PharmacyRequest/Page_KDMC-Pharmacy/input_txttreat'

2018-05-16 19:53:08 - [TEST_STEP][PASSED] - click: Object: 'Object Repository/PharmacyRequest/Page_KDMC-Pharmacy/button_Add' is clicked on

2018-05-16 19:53:08 - [MESSAGE][PASSED] - Object: 'Object Repository/PharmacyRequest/Page_KDMC-Pharmacy/button_Add' is clicked on

2018-05-16 19:53:08 - [TEST_STEP][PASSED] - selectOptionByIndex: All options with index in [9] are selected on object 'Object Repository/PharmacyRequest/Page_KDMC-Pharmacy/select_--Select--Schedule 1Inj'

2018-05-16 19:53:09 - [MESSAGE][PASSED] - All options with index in [9] are selected on object 'Object Repository/PharmacyRequest/Page_KDMC-Pharmacy/select_--Select--Schedule 1Inj'

2018-05-16 19:53:09 - [TEST_STEP][PASSED] - selectOptionByIndex: All options with index in [22] are selected on object 'Object Repository/PharmacyRequest/Page_KDMC-Pharmacy/select_--Select--Albendazole'

2018-05-16 19:53:09 - [MESSAGE][PASSED] - All options with index in [22] are selected on object 'Object Repository/PharmacyRequest/Page_KDMC-Pharmacy/select_--Select--Albendazole'

2018-05-16 19:53:09 - [TEST_STEP][PASSED] - setText: Text '10' is set on object 'Object Repository/PharmacyRequest/Page_KDMC-Pharmacy/input_txttreat'

2018-05-16 19:53:09 - [MESSAGE][PASSED] - Text '10' is set on object 'Object Repository/PharmacyRequest/Page_KDMC-Pharmacy/input_txttreat'

2018-05-16 19:53:09 - [TEST_STEP][PASSED] - click: Object: 'Object Repository/PharmacyRequest/Page_KDMC-Pharmacy/button_Add' is clicked on

2018-05-16 19:53:09 - [MESSAGE][PASSED] - Object: 'Object Repository/PharmacyRequest/Page_KDMC-Pharmacy/button_Add' is clicked on

2018-05-16 19:53:09 - [TEST_STEP][PASSED] - selectOptionByIndex: All options with index in [9] are selected on object 'Object Repository/PharmacyRequest/Page_KDMC-Pharmacy/select_--Select--Schedule 1Inj'

2018-05-16 19:53:09 - [MESSAGE][PASSED] - All options with index in [9] are selected on object 'Object Repository/PharmacyRequest/Page_KDMC-Pharmacy/select_--Select--Schedule 1Inj'

2018-05-16 19:53:09 - [TEST_STEP][PASSED] - selectOptionByIndex: All options with index in [23] are selected on object 'Object Repository/PharmacyRequest/Page_KDMC-Pharmacy/select_--Select--Albendazole'

2018-05-16 19:53:09 - [MESSAGE][PASSED] - All options with index in [23] are selected on object 'Object Repository/PharmacyRequest/Page_KDMC-Pharmacy/select_--Select--Albendazole'

2018-05-16 19:53:09 - [TEST_STEP][PASSED] - setText: Text '10' is set on object 'Object Repository/PharmacyRequest/Page_KDMC-Pharmacy/input_txttreat'

2018-05-16 19:53:10 - [MESSAGE][PASSED] - Text '10' is set on object 'Object Repository/PharmacyRequest/Page_KDMC-Pharmacy/input_txttreat'

2018-05-16 19:53:10 - [TEST_STEP][PASSED] - click: Object: 'Object Repository/PharmacyRequest/Page_KDMC-Pharmacy/button_Add' is clicked on

2018-05-16 19:53:10 - [MESSAGE][PASSED] - Object: 'Object Repository/PharmacyRequest/Page_KDMC-Pharmacy/button_Add' is clicked on

2018-05-16 19:53:10 - [TEST_STEP][PASSED] - selectOptionByIndex: All options with index in [9] are selected on object 'Object Repository/PharmacyRequest/Page_KDMC-Pharmacy/select_--Select--Schedule 1Inj'

2018-05-16 19:53:10 - [MESSAGE][PASSED] - All options with index in [9] are selected on object 'Object Repository/PharmacyRequest/Page_KDMC-Pharmacy/select_--Select--Schedule 1Inj'

2018-05-16 19:53:10 - [TEST_STEP][PASSED] - selectOptionByIndex: All options with index in [24] are selected on object 'Object Repository/PharmacyRequest/Page_KDMC-Pharmacy/select_--Select--Albendazole'

2018-05-16 19:53:10 - [MESSAGE][PASSED] - All options with index in [24] are selected on object 'Object Repository/PharmacyRequest/Page_KDMC-Pharmacy/select_--Select--Albendazole'

2018-05-16 19:53:10 - [TEST_STEP][PASSED] - setText: Text '10' is set on object 'Object Repository/PharmacyRequest/Page_KDMC-Pharmacy/input_txttreat'

2018-05-16 19:53:10 - [MESSAGE][PASSED] - Text '10' is set on object 'Object Repository/PharmacyRequest/Page_KDMC-Pharmacy/input_txttreat'

2018-05-16 19:53:10 - [TEST_STEP][PASSED] - click: Object: 'Object Repository/PharmacyRequest/Page_KDMC-Pharmacy/button_Add' is clicked on

2018-05-16 19:53:10 - [MESSAGE][PASSED] - Object: 'Object Repository/PharmacyRequest/Page_KDMC-Pharmacy/button_Add' is clicked on

2018-05-16 19:53:10 - [TEST_STEP][PASSED] - selectOptionByIndex: All options with index in [9] are selected on object 'Object Repository/PharmacyRequest/Page_KDMC-Pharmacy/select_--Select--Schedule 1Inj'

2018-05-16 19:53:10 - [MESSAGE][PASSED] - All options with index in [9] are selected on object 'Object Repository/PharmacyRequest/Page_KDMC-Pharmacy/select_--Select--Schedule 1Inj'

2018-05-16 19:53:10 - [TEST_STEP][PASSED] - selectOptionByIndex: All options with index in [25] are selected on object 'Object Repository/PharmacyRequest/Page_KDMC-Pharmacy/select_--Select--Albendazole'

2018-05-16 19:53:11 - [MESSAGE][PASSED] - All options with index in [25] are selected on object 'Object Repository/PharmacyRequest/Page_KDMC-Pharmacy/select_--Select--Albendazole'

2018-05-16 19:53:11 - [TEST_STEP][PASSED] - setText: Text '10' is set on object 'Object Repository/PharmacyRequest/Page_KDMC-Pharmacy/input_txttreat'

2018-05-16 19:53:11 - [MESSAGE][PASSED] - Text '10' is set on object 'Object Repository/PharmacyRequest/Page_KDMC-Pharmacy/input_txttreat'

2018-05-16 19:53:11 - [TEST_STEP][PASSED] - click: Object: 'Object Repository/PharmacyRequest/Page_KDMC-Pharmacy/button_Add' is clicked on

2018-05-16 19:53:11 - [MESSAGE][PASSED] - Object: 'Object Repository/PharmacyRequest/Page_KDMC-Pharmacy/button_Add' is clicked on

2018-05-16 19:53:11 - [TEST_STEP][PASSED] - selectOptionByIndex: All options with index in [9] are selected on object 'Object Repository/PharmacyRequest/Page_KDMC-Pharmacy/select_--Select--Schedule 1Inj'

2018-05-16 19:53:11 - [MESSAGE][PASSED] - All options with index in [9] are selected on object 'Object Repository/PharmacyRequest/Page_KDMC-Pharmacy/select_--Select--Schedule 1Inj'

2018-05-16 19:53:11 - [TEST_STEP][PASSED] - selectOptionByIndex: All options with index in [26] are selected on object 'Object Repository/PharmacyRequest/Page_KDMC-Pharmacy/select_--Select--Albendazole'

2018-05-16 19:53:11 - [MESSAGE][PASSED] - All options with index in [26] are selected on object 'Object Repository/PharmacyRequest/Page_KDMC-Pharmacy/select_--Select--Albendazole'

2018-05-16 19:53:11 - [TEST_STEP][PASSED] - setText: Text '10' is set on object 'Object Repository/PharmacyRequest/Page_KDMC-Pharmacy/input_txttreat'

2018-05-16 19:53:11 - [MESSAGE][PASSED] - Text '10' is set on object 'Object Repository/PharmacyRequest/Page_KDMC-Pharmacy/input_txttreat'

2018-05-16 19:53:11 - [TEST_STEP][PASSED] - click: Object: 'Object Repository/PharmacyRequest/Page_KDMC-Pharmacy/button_Add' is clicked on

2018-05-16 19:53:11 - [MESSAGE][PASSED] - Object: 'Object Repository/PharmacyRequest/Page_KDMC-Pharmacy/button_Add' is clicked on

2018-05-16 19:53:11 - [TEST_STEP][PASSED] - selectOptionByIndex: All options with index in [9] are selected on object 'Object Repository/PharmacyRequest/Page_KDMC-Pharmacy/select_--Select--Schedule 1Inj'

2018-05-16 19:53:12 - [MESSAGE][PASSED] - All options with index in [9] are selected on object 'Object Repository/PharmacyRequest/Page_KDMC-Pharmacy/select_--Select--Schedule 1Inj'

2018-05-16 19:53:12 - [TEST_STEP][PASSED] - selectOptionByIndex: All options with index in [27] are selected on object 'Object Repository/PharmacyRequest/Page_KDMC-Pharmacy/select_--Select--Albendazole'

2018-05-16 19:53:12 - [MESSAGE][PASSED] - All options with index in [27] are selected on object 'Object Repository/PharmacyRequest/Page_KDMC-Pharmacy/select_--Select--Albendazole'

2018-05-16 19:53:12 - [TEST_STEP][PASSED] - setText: Text '10' is set on object 'Object Repository/PharmacyRequest/Page_KDMC-Pharmacy/input_txttreat'

2018-05-16 19:53:12 - [MESSAGE][PASSED] - Text '10' is set on object 'Object Repository/PharmacyRequest/Page_KDMC-Pharmacy/input_txttreat'

2018-05-16 19:53:12 - [TEST_STEP][PASSED] - click: Object: 'Object Repository/PharmacyRequest/Page_KDMC-Pharmacy/button_Add' is clicked on

2018-05-16 19:53:12 - [MESSAGE][PASSED] - Object: 'Object Repository/PharmacyRequest/Page_KDMC-Pharmacy/button_Add' is clicked on

2018-05-16 19:53:12 - [TEST_STEP][PASSED] - selectOptionByIndex: All options with index in [9] are selected on object 'Object Repository/PharmacyRequest/Page_KDMC-Pharmacy/select_--Select--Schedule 1Inj'

2018-05-16 19:53:12 - [MESSAGE][PASSED] - All options with index in [9] are selected on object 'Object Repository/PharmacyRequest/Page_KDMC-Pharmacy/select_--Select--Schedule 1Inj'

2018-05-16 19:53:12 - [TEST_STEP][PASSED] - selectOptionByIndex: All options with index in [28] are selected on object 'Object Repository/PharmacyRequest/Page_KDMC-Pharmacy/select_--Select--Albendazole'

2018-05-16 19:53:12 - [MESSAGE][PASSED] - All options with index in [28] are selected on object 'Object Repository/PharmacyRequest/Page_KDMC-Pharmacy/select_--Select--Albendazole'

2018-05-16 19:53:12 - [TEST_STEP][PASSED] - setText: Text '10' is set on object 'Object Repository/PharmacyRequest/Page_KDMC-Pharmacy/input_txttreat'

2018-05-16 19:53:13 - [MESSAGE][PASSED] - Text '10' is set on object 'Object Repository/PharmacyRequest/Page_KDMC-Pharmacy/input_txttreat'

2018-05-16 19:53:13 - [TEST_STEP][PASSED] - click: Object: 'Object Repository/PharmacyRequest/Page_KDMC-Pharmacy/button_Add' is clicked on

2018-05-16 19:53:13 - [MESSAGE][PASSED] - Object: 'Object Repository/PharmacyRequest/Page_KDMC-Pharmacy/button_Add' is clicked on

2018-05-16 19:53:13 - [TEST_STEP][PASSED] - selectOptionByIndex: All options with index in [9] are selected on object 'Object Repository/PharmacyRequest/Page_KDMC-Pharmacy/select_--Select--Schedule 1Inj'

2018-05-16 19:53:13 - [MESSAGE][PASSED] - All options with index in [9] are selected on object 'Object Repository/PharmacyRequest/Page_KDMC-Pharmacy/select_--Select--Schedule 1Inj'

2018-05-16 19:53:13 - [TEST_STEP][PASSED] - selectOptionByIndex: All options with index in [29] are selected on object 'Object Repository/PharmacyRequest/Page_KDMC-Pharmacy/select_--Select--Albendazole'

2018-05-16 19:53:13 - [MESSAGE][PASSED] - All options with index in [29] are selected on object 'Object Repository/PharmacyRequest/Page_KDMC-Pharmacy/select_--Select--Albendazole'

2018-05-16 19:53:13 - [TEST_STEP][PASSED] - setText: Text '10' is set on object 'Object Repository/PharmacyRequest/Page_KDMC-Pharmacy/input_txttreat'

2018-05-16 19:53:13 - [MESSAGE][PASSED] - Text '10' is set on object 'Object Repository/PharmacyRequest/Page_KDMC-Pharmacy/input_txttreat'

2018-05-16 19:53:13 - [TEST_STEP][PASSED] - click: Object: 'Object Repository/PharmacyRequest/Page_KDMC-Pharmacy/button_Add' is clicked on

2018-05-16 19:53:13 - [MESSAGE][PASSED] - Object: 'Object Repository/PharmacyRequest/Page_KDMC-Pharmacy/button_Add' is clicked on

2018-05-16 19:53:13 - [TEST_STEP][PASSED] - selectOptionByIndex: All options with index in [9] are selected on object 'Object Repository/PharmacyRequest/Page_KDMC-Pharmacy/select_--Select--Schedule 1Inj'

2018-05-16 19:53:13 - [MESSAGE][PASSED] - All options with index in [9] are selected on object 'Object Repository/PharmacyRequest/Page_KDMC-Pharmacy/select_--Select--Schedule 1Inj'

2018-05-16 19:53:13 - [TEST_STEP][PASSED] - selectOptionByIndex: All options with index in [30] are selected on object 'Object Repository/PharmacyRequest/Page_KDMC-Pharmacy/select_--Select--Albendazole'

2018-05-16 19:53:14 - [MESSAGE][PASSED] - All options with index in [30] are selected on object 'Object Repository/PharmacyRequest/Page_KDMC-Pharmacy/select_--Select--Albendazole'

2018-05-16 19:53:14 - [TEST_STEP][PASSED] - setText: Text '10' is set on object 'Object Repository/PharmacyRequest/Page_KDMC-Pharmacy/input_txttreat'

2018-05-16 19:53:14 - [MESSAGE][PASSED] - Text '10' is set on object 'Object Repository/PharmacyRequest/Page_KDMC-Pharmacy/input_txttreat'

2018-05-16 19:53:14 - [TEST_STEP][PASSED] - click: Object: 'Object Repository/PharmacyRequest/Page_KDMC-Pharmacy/button_Add' is clicked on

2018-05-16 19:53:14 - [MESSAGE][PASSED] - Object: 'Object Repository/PharmacyRequest/Page_KDMC-Pharmacy/button_Add' is clicked on

2018-05-16 19:53:14 - [TEST_STEP][PASSED] - selectOptionByIndex: All options with index in [9] are selected on object 'Object Repository/PharmacyRequest/Page_KDMC-Pharmacy/select_--Select--Schedule 1Inj'

2018-05-16 19:53:14 - [MESSAGE][PASSED] - All options with index in [9] are selected on object 'Object Repository/PharmacyRequest/Page_KDMC-Pharmacy/select_--Select--Schedule 1Inj'

2018-05-16 19:53:14 - [TEST_STEP][PASSED] - selectOptionByIndex: All options with index in [31] are selected on object 'Object Repository/PharmacyRequest/Page_KDMC-Pharmacy/select_--Select--Albendazole'

2018-05-16 19:53:14 - [MESSAGE][PASSED] - All options with index in [31] are selected on object 'Object Repository/PharmacyRequest/Page_KDMC-Pharmacy/select_--Select--Albendazole'

2018-05-16 19:53:14 - [TEST_STEP][PASSED] - setText: Text '10' is set on object 'Object Repository/PharmacyRequest/Page_KDMC-Pharmacy/input_txttreat'

2018-05-16 19:53:14 - [MESSAGE][PASSED] - Text '10' is set on object 'Object Repository/PharmacyRequest/Page_KDMC-Pharmacy/input_txttreat'

2018-05-16 19:53:14 - [TEST_STEP][PASSED] - click: Object: 'Object Repository/PharmacyRequest/Page_KDMC-Pharmacy/button_Add' is clicked on

2018-05-16 19:53:14 - [MESSAGE][PASSED] - Object: 'Object Repository/PharmacyRequest/Page_KDMC-Pharmacy/button_Add' is clicked on

2018-05-16 19:53:14 - [TEST_STEP][PASSED] - selectOptionByIndex: All options with index in [9] are selected on object 'Object Repository/PharmacyRequest/Page_KDMC-Pharmacy/select_--Select--Schedule 1Inj'

2018-05-16 19:53:15 - [MESSAGE][PASSED] - All options with index in [9] are selected on object 'Object Repository/PharmacyRequest/Page_KDMC-Pharmacy/select_--Select--Schedule 1Inj'

2018-05-16 19:53:15 - [TEST_STEP][PASSED] - selectOptionByIndex: All options with index in [32] are selected on object 'Object Repository/PharmacyRequest/Page_KDMC-Pharmacy/select_--Select--Albendazole'

2018-05-16 19:53:15 - [MESSAGE][PASSED] - All options with index in [32] are selected on object 'Object Repository/PharmacyRequest/Page_KDMC-Pharmacy/select_--Select--Albendazole'

2018-05-16 19:53:15 - [TEST_STEP][PASSED] - setText: Text '10' is set on object 'Object Repository/PharmacyRequest/Page_KDMC-Pharmacy/input_txttreat'

2018-05-16 19:53:15 - [MESSAGE][PASSED] - Text '10' is set on object 'Object Repository/PharmacyRequest/Page_KDMC-Pharmacy/input_txttreat'

2018-05-16 19:53:15 - [TEST_STEP][PASSED] - click: Object: 'Object Repository/PharmacyRequest/Page_KDMC-Pharmacy/button_Add' is clicked on

2018-05-16 19:53:15 - [MESSAGE][PASSED] - Object: 'Object Repository/PharmacyRequest/Page_KDMC-Pharmacy/button_Add' is clicked on

2018-05-16 19:53:15 - [TEST_STEP][PASSED] - selectOptionByIndex: All options with index in [9] are selected on object 'Object Repository/PharmacyRequest/Page_KDMC-Pharmacy/select_--Select--Schedule 1Inj'

2018-05-16 19:53:15 - [MESSAGE][PASSED] - All options with index in [9] are selected on object 'Object Repository/PharmacyRequest/Page_KDMC-Pharmacy/select_--Select--Schedule 1Inj'

2018-05-16 19:53:15 - [TEST_STEP][PASSED] - selectOptionByIndex: All options with index in [33] are selected on object 'Object Repository/PharmacyRequest/Page_KDMC-Pharmacy/select_--Select--Albendazole'

2018-05-16 19:53:16 - [MESSAGE][PASSED] - All options with index in [33] are selected on object 'Object Repository/PharmacyRequest/Page_KDMC-Pharmacy/select_--Select--Albendazole'

2018-05-16 19:53:16 - [TEST_STEP][PASSED] - setText: Text '10' is set on object 'Object Repository/PharmacyRequest/Page_KDMC-Pharmacy/input_txttreat'

2018-05-16 19:53:16 - [MESSAGE][PASSED] - Text '10' is set on object 'Object Repository/PharmacyRequest/Page_KDMC-Pharmacy/input_txttreat'

2018-05-16 19:53:16 - [TEST_STEP][PASSED] - click: Object: 'Object Repository/PharmacyRequest/Page_KDMC-Pharmacy/button_Add' is clicked on

2018-05-16 19:53:16 - [MESSAGE][PASSED] - Object: 'Object Repository/PharmacyRequest/Page_KDMC-Pharmacy/button_Add' is clicked on

2018-05-16 19:53:16 - [TEST_STEP][PASSED] - selectOptionByIndex: All options with index in [9] are selected on object 'Object Repository/PharmacyRequest/Page_KDMC-Pharmacy/select_--Select--Schedule 1Inj'

2018-05-16 19:53:16 - [MESSAGE][PASSED] - All options with index in [9] are selected on object 'Object Repository/PharmacyRequest/Page_KDMC-Pharmacy/select_--Select--Schedule 1Inj'

2018-05-16 19:53:16 - [TEST_STEP][PASSED] - selectOptionByIndex: All options with index in [34] are selected on object 'Object Repository/PharmacyRequest/Page_KDMC-Pharmacy/select_--Select--Albendazole'

2018-05-16 19:53:16 - [MESSAGE][PASSED] - All options with index in [34] are selected on object 'Object Repository/PharmacyRequest/Page_KDMC-Pharmacy/select_--Select--Albendazole'

2018-05-16 19:53:16 - [TEST_STEP][PASSED] - setText: Text '10' is set on object 'Object Repository/PharmacyRequest/Page_KDMC-Pharmacy/input_txttreat'

2018-05-16 19:53:16 - [MESSAGE][PASSED] - Text '10' is set on object 'Object Repository/PharmacyRequest/Page_KDMC-Pharmacy/input_txttreat'

2018-05-16 19:53:16 - [TEST_STEP][PASSED] - click: Object: 'Object Repository/PharmacyRequest/Page_KDMC-Pharmacy/button_Add' is clicked on

2018-05-16 19:53:16 - [MESSAGE][PASSED] - Object: 'Object Repository/PharmacyRequest/Page_KDMC-Pharmacy/button_Add' is clicked on

2018-05-16 19:53:16 - [TEST_STEP][PASSED] - selectOptionByIndex: All options with index in [9] are selected on object 'Object Repository/PharmacyRequest/Page_KDMC-Pharmacy/select_--Select--Schedule 1Inj'

2018-05-16 19:53:17 - [MESSAGE][PASSED] - All options with index in [9] are selected on object 'Object Repository/PharmacyRequest/Page_KDMC-Pharmacy/select_--Select--Schedule 1Inj'

2018-05-16 19:53:17 - [TEST_STEP][PASSED] - selectOptionByIndex: All options with index in [35] are selected on object 'Object Repository/PharmacyRequest/Page_KDMC-Pharmacy/select_--Select--Albendazole'

2018-05-16 19:53:17 - [MESSAGE][PASSED] - All options with index in [35] are selected on object 'Object Repository/PharmacyRequest/Page_KDMC-Pharmacy/select_--Select--Albendazole'

2018-05-16 19:53:17 - [TEST_STEP][PASSED] - setText: Text '10' is set on object 'Object Repository/PharmacyRequest/Page_KDMC-Pharmacy/input_txttreat'

2018-05-16 19:53:17 - [MESSAGE][PASSED] - Text '10' is set on object 'Object Repository/PharmacyRequest/Page_KDMC-Pharmacy/input_txttreat'

2018-05-16 19:53:17 - [TEST_STEP][PASSED] - click: Object: 'Object Repository/PharmacyRequest/Page_KDMC-Pharmacy/button_Add' is clicked on

2018-05-16 19:53:17 - [MESSAGE][PASSED] - Object: 'Object Repository/PharmacyRequest/Page_KDMC-Pharmacy/button_Add' is clicked on

2018-05-16 19:53:17 - [TEST_STEP][PASSED] - Statement - RN1 = com.kms.katalon.core.webui.keyword.WebUiBuiltInKeywords.getAttribute(com.kms.katalon.core.testobject.ObjectRepository.findTestObject(PharmacyRequest/Page_KDMC-Pharmacy/input_txtno), "value"): Attribute 'value' of object 'Object Repository/PharmacyRequest/Page_KDMC-Pharmacy/input_txtno' is: 'PRNO/16052018/139'

2018-05-16 19:53:17 - [MESSAGE][PASSED] - Attribute 'value' of object 'Object Repository/PharmacyRequest/Page_KDMC-Pharmacy/input_txtno' is: 'PRNO/16052018/139'

2018-05-16 19:53:17 - [TEST_STEP][PASSED] - Statement - out.println(RN1): null

2018-05-16 19:53:17 - [TEST_STEP][PASSED] - Statement - RID = RN1.split("/")[2]: null

2018-05-16 19:53:17 - [TEST_STEP][PASSED] - scrollToElement: Scroll to object 'Object Repository/PharmacyRequest/Page_KDMC-Pharmacy/input_btnsave' successfully

2018-05-16 19:53:17 - [MESSAGE][PASSED] - Scroll to object 'Object Repository/PharmacyRequest/Page_KDMC-Pharmacy/input_btnsave' successfully

2018-05-16 19:53:17 - [TEST_STEP][PASSED] - click: Object: 'Object Repository/PharmacyRequest/Page_KDMC-Pharmacy/input_btnsave' is clicked on

2018-05-16 19:53:17 - [MESSAGE][PASSED] - Object: 'Object Repository/PharmacyRequest/Page_KDMC-Pharmacy/input_btnsave' is clicked on

2018-05-16 19:53:17 - [TEST_STEP][PASSED] - delay: Delayed 3 second(s)

2018-05-16 19:53:20 - [MESSAGE][PASSED] - Delayed 3 second(s)

2018-05-16 19:53:20 - [TEST_STEP][PASSED] - click: Object: 'Object Repository/PharmacyRequest/Page_KDMC-Pharmacy/button_OK' is clicked on

2018-05-16 19:53:21 - [MESSAGE][PASSED] - Object: 'Object Repository/PharmacyRequest/Page_KDMC-Pharmacy/button_OK' is clicked on

2018-05-16 19:53:21 - [TEST_STEP][PASSED] - delay: Delayed 3 second(s)

2018-05-16 19:53:24 - [MESSAGE][PASSED] - Delayed 3 second(s)

2018-05-16 19:53:24 - [TEST_STEP][PASSED] - click: Object: 'Object Repository/PharmacyRequest/Page_KDMC-Pharmacy/a_Back to Pharmacy' is clicked on

2018-05-16 19:53:25 - [MESSAGE][PASSED] - Object: 'Object Repository/PharmacyRequest/Page_KDMC-Pharmacy/a_Back to Pharmacy' is clicked on

2018-05-16 19:53:25 - [TEST_STEP][PASSED] - delay: Delayed 3 second(s)

2018-05-16 19:53:28 - [MESSAGE][PASSED] - Delayed 3 second(s)

2018-05-16 19:53:28 - [TEST_STEP][PASSED] - click: Object: 'Object Repository/PharmacyRequest/Page_KDMC - Pharmacy/a_dropdown-toggle' is clicked on

2018-05-16 19:53:28 - [MESSAGE][PASSED] - Object: 'Object Repository/PharmacyRequest/Page_KDMC - Pharmacy/a_dropdown-toggle' is clicked on

2018-05-16 19:53:28 - [TEST_STEP][PASSED] - click: Object: 'Object Repository/PharmacyRequest/Page_KDMC - Pharmacy/a_Sign out' is clicked on

2018-05-16 19:53:28 - [MESSAGE][PASSED] - Object: 'Object Repository/PharmacyRequest/Page_KDMC - Pharmacy/a_Sign out' is clicked on

2018-05-16 19:53:28 - [TEST_STEP][PASSED] - delay: Delayed 3 second(s)

2018-05-16 19:53:31 - [MESSAGE][PASSED] - Delayed 3 second(s)

2018-05-16 19:53:31 - [TEST_STEP][PASSED] - click: Object: 'Object Repository/PharmacyRequest/Page_KDMC/a_CMO' is clicked on

2018-05-16 19:53:32 - [MESSAGE][PASSED] - Object: 'Object Repository/PharmacyRequest/Page_KDMC/a_CMO' is clicked on

2018-05-16 19:53:32 - [TEST_STEP][PASSED] - setText: Text 'guru' is set on object 'Object Repository/PharmacyRequest/Page_CMO login/input_txtusername'

2018-05-16 19:53:32 - [MESSAGE][PASSED] - Text 'guru' is set on object 'Object Repository/PharmacyRequest/Page_CMO login/input_txtusername'

2018-05-16 19:53:32 - [TEST_STEP][PASSED] - setText: Text '123' is set on object 'Object Repository/PharmacyRequest/Page_CMO login/input_txtpassword'

2018-05-16 19:53:32 - [MESSAGE][PASSED] - Text '123' is set on object 'Object Repository/PharmacyRequest/Page_CMO login/input_txtpassword'

2018-05-16 19:53:32 - [TEST_STEP][PASSED] - delay: Delayed 3 second(s)

2018-05-16 19:53:35 - [MESSAGE][PASSED] - Delayed 3 second(s)

2018-05-16 19:53:35 - [TEST_STEP][PASSED] - click: Object: 'Object Repository/PharmacyRequest/Page_CMO login/button_Sign in' is clicked on

2018-05-16 19:53:36 - [MESSAGE][PASSED] - Object: 'Object Repository/PharmacyRequest/Page_CMO login/button_Sign in' is clicked on

2018-05-16 19:53:36 - [TEST_STEP][PASSED] - click: Object: 'Object Repository/PharmacyRequest/Page_KDMC - CMO/a_Department Wise Request' is clicked on

2018-05-16 19:53:36 - [MESSAGE][PASSED] - Object: 'Object Repository/PharmacyRequest/Page_KDMC - CMO/a_Department Wise Request' is clicked on

2018-05-16 19:53:36 - [TEST_STEP][PASSED] - selectOptionByIndex: All options with index in [2] are selected on object 'Object Repository/PharmacyRequest/Page_KDMC - CMO/select_--ALL--'

2018-05-16 19:53:36 - [MESSAGE][PASSED] - All options with index in [2] are selected on object 'Object Repository/PharmacyRequest/Page_KDMC - CMO/select_--ALL--'

2018-05-16 19:53:36 - [TEST_STEP][PASSED] - selectOptionByIndex: All options with index in [1] are selected on object 'Object Repository/PharmacyRequest/Page_KDMC - CMO/select_--ALL--                _1'

2018-05-16 19:53:36 - [MESSAGE][PASSED] - All options with index in [1] are selected on object 'Object Repository/PharmacyRequest/Page_KDMC - CMO/select_--ALL--                _1'

2018-05-16 19:53:36 - [TEST_STEP][PASSED] - click: Object: 'Object Repository/PharmacyRequest/Page_KDMC - CMO/input_btnsearch' is clicked on

2018-05-16 19:53:36 - [MESSAGE][PASSED] - Object: 'Object Repository/PharmacyRequest/Page_KDMC - CMO/input_btnsearch' is clicked on

2018-05-16 19:53:36 - [TEST_STEP][PASSED] - Statement - ID = com.kms.katalon.core.webui.keyword.WebUiBuiltInKeywords.modifyObjectProperty(com.kms.katalon.core.testobject.ObjectRepository.findTestObject(PharmacyRequest/Page_KDMC - CMO/input_2), "xpath", "equals", "//*[@id=" + RID + "]", true): Modify property of object successfully

2018-05-16 19:53:37 - [MESSAGE][PASSED] - Modify property of object successfully

2018-05-16 19:53:37 - [TEST_STEP][PASSED] - click: Object: 'Object Repository/PharmacyRequest/Page_KDMC - CMO/input_2' is clicked on

2018-05-16 19:53:37 - [MESSAGE][PASSED] - Object: 'Object Repository/PharmacyRequest/Page_KDMC - CMO/input_2' is clicked on

2018-05-16 19:53:37 - [TEST_STEP][PASSED] - delay: Delayed 3 second(s)

2018-05-16 19:53:40 - [MESSAGE][PASSED] - Delayed 3 second(s)

2018-05-16 19:53:40 - [TEST_STEP][PASSED] - selectOptionByIndex: All options with index in [1] are selected on object 'Object Repository/PharmacyRequest/Page_KDMC - CMO/select_--Select--'

2018-05-16 19:53:40 - [MESSAGE][PASSED] - All options with index in [1] are selected on object 'Object Repository/PharmacyRequest/Page_KDMC - CMO/select_--Select--'

2018-05-16 19:53:40 - [TEST_STEP][PASSED] - click: Object: 'Object Repository/PharmacyRequest/Page_KDMC - CMO/input_btnupdate' is clicked on

2018-05-16 19:53:40 - [MESSAGE][PASSED] - Object: 'Object Repository/PharmacyRequest/Page_KDMC - CMO/input_btnupdate' is clicked on

2018-05-16 19:53:40 - [TEST_STEP][PASSED] - delay: Delayed 3 second(s)

2018-05-16 19:53:43 - [MESSAGE][PASSED] - Delayed 3 second(s)

2018-05-16 19:53:43 - [TEST_STEP][PASSED] - click: Object: 'Object Repository/PharmacyRequest/Page_KDMC - CMO/button_OK' is clicked on

2018-05-16 19:53:44 - [MESSAGE][PASSED] - Object: 'Object Repository/PharmacyRequest/Page_KDMC - CMO/button_OK' is clicked on

2018-05-16 19:53:44 - [TEST_STEP][PASSED] - delay: Delayed 3 second(s)

2018-05-16 19:53:47 - [MESSAGE][PASSED] - Delayed 3 second(s)

2018-05-16 19:53:47 - [TEST_STEP][PASSED] - click: Object: 'Object Repository/PharmacyRequest/Page_KDMC - CMO/a_dropdown-toggle' is clicked on

2018-05-16 19:53:47 - [MESSAGE][PASSED] - Object: 'Object Repository/PharmacyRequest/Page_KDMC - CMO/a_dropdown-toggle' is clicked on

2018-05-16 19:53:47 - [TEST_STEP][PASSED] - click: Object: 'Object Repository/PharmacyRequest/Page_KDMC - CMO/a_Sign out' is clicked on

2018-05-16 19:53:47 - [MESSAGE][PASSED] - Object: 'Object Repository/PharmacyRequest/Page_KDMC - CMO/a_Sign out' is clicked on

2018-05-16 19:53:47 - [TEST_STEP][PASSED] - delay: Delayed 3 second(s)

2018-05-16 19:53:50 - [MESSAGE][PASSED] - Delayed 3 second(s)

2018-05-16 19:53:50 - [TEST_STEP][PASSED] - click: Object: 'Object Repository/PharmacyRequest/Page_KDMC/a_Divisional Store' is clicked on

2018-05-16 19:53:50 - [MESSAGE][PASSED] - Object: 'Object Repository/PharmacyRequest/Page_KDMC/a_Divisional Store' is clicked on

2018-05-16 19:53:50 - [TEST_STEP][PASSED] - setText: Text 'ragu' is set on object 'Object Repository/PharmacyRequest/Page_Divisonal Store Login/input_txtusername'

2018-05-16 19:53:51 - [MESSAGE][PASSED] - Text 'ragu' is set on object 'Object Repository/PharmacyRequest/Page_Divisonal Store Login/input_txtusername'

2018-05-16 19:53:51 - [TEST_STEP][PASSED] - setText: Text '123' is set on object 'Object Repository/PharmacyRequest/Page_Divisonal Store Login/input_txtpassword'

2018-05-16 19:53:51 - [MESSAGE][PASSED] - Text '123' is set on object 'Object Repository/PharmacyRequest/Page_Divisonal Store Login/input_txtpassword'

2018-05-16 19:53:51 - [TEST_STEP][PASSED] - delay: Delayed 3 second(s)

2018-05-16 19:53:54 - [MESSAGE][PASSED] - Delayed 3 second(s)

2018-05-16 19:53:54 - [TEST_STEP][PASSED] - click: Object: 'Object Repository/PharmacyRequest/Page_Divisonal Store Login/button_Sign in' is clicked on

2018-05-16 19:53:55 - [MESSAGE][PASSED] - Object: 'Object Repository/PharmacyRequest/Page_Divisonal Store Login/button_Sign in' is clicked on

2018-05-16 19:53:55 - [TEST_STEP][PASSED] - delay: Delayed 3 second(s)

2018-05-16 19:53:58 - [MESSAGE][PASSED] - Delayed 3 second(s)

2018-05-16 19:53:58 - [TEST_STEP][PASSED] - click: Object: 'Object Repository/PharmacyRequest/Page_Store/a_Pharmacy Request' is clicked on

2018-05-16 19:53:58 - [MESSAGE][PASSED] - Object: 'Object Repository/PharmacyRequest/Page_Store/a_Pharmacy Request' is clicked on

2018-05-16 19:53:58 - [TEST_STEP][PASSED] - click: Object: 'Object Repository/PharmacyRequest/Page_Store/a_Request Item Pharmacy' is clicked on

2018-05-16 19:53:58 - [MESSAGE][PASSED] - Object: 'Object Repository/PharmacyRequest/Page_Store/a_Request Item Pharmacy' is clicked on

2018-05-16 19:53:58 - [TEST_STEP][PASSED] - delay: Delayed 2 second(s)

2018-05-16 19:54:00 - [MESSAGE][PASSED] - Delayed 2 second(s)

2018-05-16 19:54:00 - [TEST_STEP][PASSED] - setText: Text 'PRNO/16052018/139' is set on object 'Object Repository/PharmacyRequest/Page_Store/input'

2018-05-16 19:54:00 - [MESSAGE][PASSED] - Text 'PRNO/16052018/139' is set on object 'Object Repository/PharmacyRequest/Page_Store/input'

2018-05-16 19:54:00 - [TEST_STEP][PASSED] - delay: Delayed 2 second(s)

2018-05-16 19:54:02 - [MESSAGE][PASSED] - Delayed 2 second(s)

2018-05-16 19:54:02 - [TEST_STEP][PASSED] - Statement - ChooseRequest = com.kms.katalon.core.webui.keyword.WebUiBuiltInKeywords.modifyObjectProperty(com.kms.katalon.core.testobject.ObjectRepository.findTestObject(PharmacyRequest/Page_Store/input_2), "xpath", "equals", "//*[@id=" + RID + "]", true): Modify property of object successfully

2018-05-16 19:54:02 - [MESSAGE][PASSED] - Modify property of object successfully

2018-05-16 19:54:02 - [TEST_STEP][PASSED] - click: Object: 'Object Repository/PharmacyRequest/Page_Store/input_2' is clicked on

2018-05-16 19:54:03 - [MESSAGE][PASSED] - Object: 'Object Repository/PharmacyRequest/Page_Store/input_2' is clicked on

2018-05-16 19:54:03 - [TEST_STEP][PASSED] - delay: Delayed 2 second(s)

2018-05-16 19:54:05 - [MESSAGE][PASSED] - Delayed 2 second(s)

2018-05-16 19:54:05 - [TEST_STEP][PASSED] - Statement - selectedoptions = com.kms.katalon.core.webui.keyword.WebUiBuiltInKeywords.getNumberOfTotalOption(com.kms.katalon.core.testobject.ObjectRepository.findTestObject(PharmacyRequest/Page_Store/select_--Select--Amlodepin -5)): 36 options of object 'Object Repository/PharmacyRequest/Page_Store/select_--Select--Amlodepin -5' counted

2018-05-16 19:54:05 - [MESSAGE][PASSED] - 36 options of object 'Object Repository/PharmacyRequest/Page_Store/select_--Select--Amlodepin -5' counted

2018-05-16 19:54:05 - [TEST_STEP][FAILED] - Statement - For ([a = 1, a <= selectedoptions - 1, (a++)]): Unable to get attribute 'value' of object 'Object Repository/PharmacyRequest/Page_Store/input_txttotal' (Root cause: org.openqa.selenium.UnhandledAlertException: unexpected alert open: {Alert text : function Error() { [native code] }}
  (Session info: chrome=66.0.3359.139)
  (Driver info: chromedriver=2.35.528161 (5b82f2d2aae0ca24b877009200ced9065a772e73),platform=Windows NT 10.0.17134 x86_64) (WARNING: The server did not provide any stacktrace information)
Command duration or timeout: 0 milliseconds: null
Build info: version: '3.7.1', revision: '8a0099a', time: '2017-11-06T21:07:36.161Z'
System info: host: 'DESKTOP-BLFTK83', ip: '192.168.71.2', os.name: 'Windows 10', os.arch: 'amd64', os.version: '10.0', java.version: '1.8.0_102'
Driver info: com.kms.katalon.selenium.driver.CChromeDriver
Capabilities {acceptInsecureCerts: false, acceptSslCerts: false, applicationCacheEnabled: false, browserConnectionEnabled: false, browserName: chrome, chrome: {chromedriverVersion: 2.35.528161 (5b82f2d2aae0ca..., userDataDir: C:\Users\QUALIT~1\AppData\L...}, cssSelectorsEnabled: true, databaseEnabled: false, handlesAlerts: true, hasTouchScreen: false, javascriptEnabled: true, locationContextEnabled: true, mobileEmulationEnabled: false, nativeEvents: true, networkConnectionEnabled: false, pageLoadStrategy: normal, platform: XP, platformName: XP, rotatable: false, setWindowRect: true, takesHeapSnapshot: true, takesScreenshot: true, unexpectedAlertBehaviour: , unhandledPromptBehavior: , version: 66.0.3359.139, webStorageEnabled: true}
Session ID: 3e013be181604daa4ab1c7d6d82d1260
*** Element info: {Using=xpath, value=id("txttotal")[count(. | //input[@type = 'text' and @id = 'txttotal' and @name = 'txttotal' and @placeholder = 'Req.Qty' and @readonly = 'readonly']) = count(//input[@type = 'text' and @id = 'txttotal' and @name = 'txttotal' and @placeholder = 'Req.Qty' and @readonly = 'readonly'])]})

2018-05-16 19:54:05 - [TEST_STEP][PASSED] - selectOptionByIndex: All options with index in [1] are selected on object 'Object Repository/PharmacyRequest/Page_Store/select_--Select--Amlodepin -5'

2018-05-16 19:54:05 - [MESSAGE][PASSED] - All options with index in [1] are selected on object 'Object Repository/PharmacyRequest/Page_Store/select_--Select--Amlodepin -5'

2018-05-16 19:54:05 - [TEST_STEP][PASSED] - delay: Delayed 1 second(s)

2018-05-16 19:54:06 - [MESSAGE][PASSED] - Delayed 1 second(s)

2018-05-16 19:54:06 - [TEST_STEP][PASSED] - Statement - RequestedQty = com.kms.katalon.core.webui.keyword.WebUiBuiltInKeywords.getAttribute(com.kms.katalon.core.testobject.ObjectRepository.findTestObject(PharmacyRequest/Page_Store/input_txttotal), "value"): Attribute 'value' of object 'Object Repository/PharmacyRequest/Page_Store/input_txttotal' is: '10'

2018-05-16 19:54:06 - [MESSAGE][PASSED] - Attribute 'value' of object 'Object Repository/PharmacyRequest/Page_Store/input_txttotal' is: '10'

2018-05-16 19:54:06 - [TEST_STEP][PASSED] - Statement - out.println("Requested QTY : " + RequestedQty): null

2018-05-16 19:54:06 - [TEST_STEP][PASSED] - Statement - BatchNumber = com.kms.katalon.core.webui.keyword.WebUiBuiltInKeywords.getNumberOfTotalOption(com.kms.katalon.core.testobject.ObjectRepository.findTestObject(PharmacyRequest/Page_Store/select_--Select--BA50)): 3 options of object 'Object Repository/PharmacyRequest/Page_Store/select_--Select--BA50' counted

2018-05-16 19:54:06 - [MESSAGE][PASSED] - 3 options of object 'Object Repository/PharmacyRequest/Page_Store/select_--Select--BA50' counted

2018-05-16 19:54:06 - [TEST_STEP][PASSED] - Statement - For ([g = 1, g <= BatchNumber - 1, (g++)]): null

2018-05-16 19:54:06 - [TEST_STEP][PASSED] - selectOptionByIndex: All options with index in [1] are selected on object 'Object Repository/PharmacyRequest/Page_Store/select_--Select--BA50'

2018-05-16 19:54:06 - [MESSAGE][PASSED] - All options with index in [1] are selected on object 'Object Repository/PharmacyRequest/Page_Store/select_--Select--BA50'

2018-05-16 19:54:06 - [TEST_STEP][PASSED] - delay: Delayed 1 second(s)

2018-05-16 19:54:07 - [MESSAGE][PASSED] - Delayed 1 second(s)

2018-05-16 19:54:07 - [TEST_STEP][PASSED] - Statement - StockQty = com.kms.katalon.core.webui.keyword.WebUiBuiltInKeywords.getAttribute(com.kms.katalon.core.testobject.ObjectRepository.findTestObject(PharmacyRequest/Page_Store/input_txtprice), "value"): Attribute 'value' of object 'Object Repository/PharmacyRequest/Page_Store/input_txtprice' is: '100'

2018-05-16 19:54:07 - [MESSAGE][PASSED] - Attribute 'value' of object 'Object Repository/PharmacyRequest/Page_Store/input_txtprice' is: '100'

2018-05-16 19:54:07 - [TEST_STEP][PASSED] - Statement - out.println("Stock QTY : " + StockQty): null

2018-05-16 19:54:07 - [TEST_STEP][PASSED] - delay: Delayed 1 second(s)

2018-05-16 19:54:08 - [MESSAGE][PASSED] - Delayed 1 second(s)

2018-05-16 19:54:08 - [TEST_STEP][PASSED] - Statement - If (java.lang.Integer.valueOf(StockQty) >= java.lang.Integer.valueOf(RequestedQty)): null

2018-05-16 19:54:08 - [TEST_STEP][PASSED] - setText: Text '10' is set on object 'Object Repository/PharmacyRequest/Page_Store/input_txtqty'

2018-05-16 19:54:09 - [MESSAGE][PASSED] - Text '10' is set on object 'Object Repository/PharmacyRequest/Page_Store/input_txtqty'

2018-05-16 19:54:09 - [TEST_STEP][PASSED] - click: Object: 'Object Repository/PharmacyRequest/Page_Store/button_Add' is clicked on

2018-05-16 19:54:09 - [MESSAGE][PASSED] - Object: 'Object Repository/PharmacyRequest/Page_Store/button_Add' is clicked on

2018-05-16 19:54:09 - [TEST_STEP][PASSED] - Statement - Break: null

2018-05-16 19:54:09 - [TEST_STEP][PASSED] - selectOptionByIndex: All options with index in [2] are selected on object 'Object Repository/PharmacyRequest/Page_Store/select_--Select--Amlodepin -5'

2018-05-16 19:54:09 - [MESSAGE][PASSED] - All options with index in [2] are selected on object 'Object Repository/PharmacyRequest/Page_Store/select_--Select--Amlodepin -5'

2018-05-16 19:54:09 - [TEST_STEP][PASSED] - delay: Delayed 1 second(s)

2018-05-16 19:54:10 - [MESSAGE][PASSED] - Delayed 1 second(s)

2018-05-16 19:54:10 - [TEST_STEP][PASSED] - Statement - RequestedQty = com.kms.katalon.core.webui.keyword.WebUiBuiltInKeywords.getAttribute(com.kms.katalon.core.testobject.ObjectRepository.findTestObject(PharmacyRequest/Page_Store/input_txttotal), "value"): Attribute 'value' of object 'Object Repository/PharmacyRequest/Page_Store/input_txttotal' is: '10'

2018-05-16 19:54:10 - [MESSAGE][PASSED] - Attribute 'value' of object 'Object Repository/PharmacyRequest/Page_Store/input_txttotal' is: '10'

2018-05-16 19:54:10 - [TEST_STEP][PASSED] - Statement - out.println("Requested QTY : " + RequestedQty): null

2018-05-16 19:54:10 - [TEST_STEP][PASSED] - Statement - BatchNumber = com.kms.katalon.core.webui.keyword.WebUiBuiltInKeywords.getNumberOfTotalOption(com.kms.katalon.core.testobject.ObjectRepository.findTestObject(PharmacyRequest/Page_Store/select_--Select--BA50)): 3 options of object 'Object Repository/PharmacyRequest/Page_Store/select_--Select--BA50' counted

2018-05-16 19:54:10 - [MESSAGE][PASSED] - 3 options of object 'Object Repository/PharmacyRequest/Page_Store/select_--Select--BA50' counted

2018-05-16 19:54:10 - [TEST_STEP][PASSED] - Statement - For ([g = 1, g <= BatchNumber - 1, (g++)]): null

2018-05-16 19:54:10 - [TEST_STEP][PASSED] - selectOptionByIndex: All options with index in [1] are selected on object 'Object Repository/PharmacyRequest/Page_Store/select_--Select--BA50'

2018-05-16 19:54:10 - [MESSAGE][PASSED] - All options with index in [1] are selected on object 'Object Repository/PharmacyRequest/Page_Store/select_--Select--BA50'

2018-05-16 19:54:10 - [TEST_STEP][PASSED] - delay: Delayed 1 second(s)

2018-05-16 19:54:11 - [MESSAGE][PASSED] - Delayed 1 second(s)

2018-05-16 19:54:11 - [TEST_STEP][PASSED] - Statement - StockQty = com.kms.katalon.core.webui.keyword.WebUiBuiltInKeywords.getAttribute(com.kms.katalon.core.testobject.ObjectRepository.findTestObject(PharmacyRequest/Page_Store/input_txtprice), "value"): Attribute 'value' of object 'Object Repository/PharmacyRequest/Page_Store/input_txtprice' is: '100'

2018-05-16 19:54:11 - [MESSAGE][PASSED] - Attribute 'value' of object 'Object Repository/PharmacyRequest/Page_Store/input_txtprice' is: '100'

2018-05-16 19:54:11 - [TEST_STEP][PASSED] - Statement - out.println("Stock QTY : " + StockQty): null

2018-05-16 19:54:11 - [TEST_STEP][PASSED] - delay: Delayed 1 second(s)

2018-05-16 19:54:12 - [MESSAGE][PASSED] - Delayed 1 second(s)

2018-05-16 19:54:12 - [TEST_STEP][PASSED] - Statement - If (java.lang.Integer.valueOf(StockQty) >= java.lang.Integer.valueOf(RequestedQty)): null

2018-05-16 19:54:12 - [TEST_STEP][PASSED] - setText: Text '10' is set on object 'Object Repository/PharmacyRequest/Page_Store/input_txtqty'

2018-05-16 19:54:12 - [MESSAGE][PASSED] - Text '10' is set on object 'Object Repository/PharmacyRequest/Page_Store/input_txtqty'

2018-05-16 19:54:12 - [TEST_STEP][PASSED] - click: Object: 'Object Repository/PharmacyRequest/Page_Store/button_Add' is clicked on

2018-05-16 19:54:12 - [MESSAGE][PASSED] - Object: 'Object Repository/PharmacyRequest/Page_Store/button_Add' is clicked on

2018-05-16 19:54:12 - [TEST_STEP][PASSED] - Statement - Break: null

2018-05-16 19:54:12 - [TEST_STEP][PASSED] - selectOptionByIndex: All options with index in [3] are selected on object 'Object Repository/PharmacyRequest/Page_Store/select_--Select--Amlodepin -5'

2018-05-16 19:54:12 - [MESSAGE][PASSED] - All options with index in [3] are selected on object 'Object Repository/PharmacyRequest/Page_Store/select_--Select--Amlodepin -5'

2018-05-16 19:54:12 - [TEST_STEP][PASSED] - delay: Delayed 1 second(s)

2018-05-16 19:54:13 - [MESSAGE][PASSED] - Delayed 1 second(s)

2018-05-16 19:54:13 - [TEST_STEP][PASSED] - Statement - RequestedQty = com.kms.katalon.core.webui.keyword.WebUiBuiltInKeywords.getAttribute(com.kms.katalon.core.testobject.ObjectRepository.findTestObject(PharmacyRequest/Page_Store/input_txttotal), "value"): Attribute 'value' of object 'Object Repository/PharmacyRequest/Page_Store/input_txttotal' is: '10'

2018-05-16 19:54:13 - [MESSAGE][PASSED] - Attribute 'value' of object 'Object Repository/PharmacyRequest/Page_Store/input_txttotal' is: '10'

2018-05-16 19:54:13 - [TEST_STEP][PASSED] - Statement - out.println("Requested QTY : " + RequestedQty): null

2018-05-16 19:54:13 - [TEST_STEP][PASSED] - Statement - BatchNumber = com.kms.katalon.core.webui.keyword.WebUiBuiltInKeywords.getNumberOfTotalOption(com.kms.katalon.core.testobject.ObjectRepository.findTestObject(PharmacyRequest/Page_Store/select_--Select--BA50)): 2 options of object 'Object Repository/PharmacyRequest/Page_Store/select_--Select--BA50' counted

2018-05-16 19:54:13 - [MESSAGE][PASSED] - 2 options of object 'Object Repository/PharmacyRequest/Page_Store/select_--Select--BA50' counted

2018-05-16 19:54:13 - [TEST_STEP][PASSED] - Statement - For ([g = 1, g <= BatchNumber - 1, (g++)]): null

2018-05-16 19:54:13 - [TEST_STEP][PASSED] - selectOptionByIndex: All options with index in [1] are selected on object 'Object Repository/PharmacyRequest/Page_Store/select_--Select--BA50'

2018-05-16 19:54:14 - [MESSAGE][PASSED] - All options with index in [1] are selected on object 'Object Repository/PharmacyRequest/Page_Store/select_--Select--BA50'

2018-05-16 19:54:14 - [TEST_STEP][PASSED] - delay: Delayed 1 second(s)

2018-05-16 19:54:15 - [MESSAGE][PASSED] - Delayed 1 second(s)

2018-05-16 19:54:15 - [TEST_STEP][PASSED] - Statement - StockQty = com.kms.katalon.core.webui.keyword.WebUiBuiltInKeywords.getAttribute(com.kms.katalon.core.testobject.ObjectRepository.findTestObject(PharmacyRequest/Page_Store/input_txtprice), "value"): Attribute 'value' of object 'Object Repository/PharmacyRequest/Page_Store/input_txtprice' is: '1300'

2018-05-16 19:54:15 - [MESSAGE][PASSED] - Attribute 'value' of object 'Object Repository/PharmacyRequest/Page_Store/input_txtprice' is: '1300'

2018-05-16 19:54:15 - [TEST_STEP][PASSED] - Statement - out.println("Stock QTY : " + StockQty): null

2018-05-16 19:54:15 - [TEST_STEP][PASSED] - delay: Delayed 1 second(s)

2018-05-16 19:54:16 - [MESSAGE][PASSED] - Delayed 1 second(s)

2018-05-16 19:54:16 - [TEST_STEP][PASSED] - Statement - If (java.lang.Integer.valueOf(StockQty) >= java.lang.Integer.valueOf(RequestedQty)): null

2018-05-16 19:54:16 - [TEST_STEP][PASSED] - setText: Text '10' is set on object 'Object Repository/PharmacyRequest/Page_Store/input_txtqty'

2018-05-16 19:54:16 - [MESSAGE][PASSED] - Text '10' is set on object 'Object Repository/PharmacyRequest/Page_Store/input_txtqty'

2018-05-16 19:54:16 - [TEST_STEP][PASSED] - click: Object: 'Object Repository/PharmacyRequest/Page_Store/button_Add' is clicked on

2018-05-16 19:54:16 - [MESSAGE][PASSED] - Object: 'Object Repository/PharmacyRequest/Page_Store/button_Add' is clicked on

2018-05-16 19:54:16 - [TEST_STEP][PASSED] - Statement - Break: null

2018-05-16 19:54:16 - [TEST_STEP][PASSED] - selectOptionByIndex: All options with index in [4] are selected on object 'Object Repository/PharmacyRequest/Page_Store/select_--Select--Amlodepin -5'

2018-05-16 19:54:16 - [MESSAGE][PASSED] - All options with index in [4] are selected on object 'Object Repository/PharmacyRequest/Page_Store/select_--Select--Amlodepin -5'

2018-05-16 19:54:16 - [TEST_STEP][PASSED] - delay: Delayed 1 second(s)

2018-05-16 19:54:17 - [MESSAGE][PASSED] - Delayed 1 second(s)

2018-05-16 19:54:17 - [TEST_STEP][PASSED] - Statement - RequestedQty = com.kms.katalon.core.webui.keyword.WebUiBuiltInKeywords.getAttribute(com.kms.katalon.core.testobject.ObjectRepository.findTestObject(PharmacyRequest/Page_Store/input_txttotal), "value"): Attribute 'value' of object 'Object Repository/PharmacyRequest/Page_Store/input_txttotal' is: '10'

2018-05-16 19:54:17 - [MESSAGE][PASSED] - Attribute 'value' of object 'Object Repository/PharmacyRequest/Page_Store/input_txttotal' is: '10'

2018-05-16 19:54:17 - [TEST_STEP][PASSED] - Statement - out.println("Requested QTY : " + RequestedQty): null

2018-05-16 19:54:17 - [TEST_STEP][PASSED] - Statement - BatchNumber = com.kms.katalon.core.webui.keyword.WebUiBuiltInKeywords.getNumberOfTotalOption(com.kms.katalon.core.testobject.ObjectRepository.findTestObject(PharmacyRequest/Page_Store/select_--Select--BA50)): 2 options of object 'Object Repository/PharmacyRequest/Page_Store/select_--Select--BA50' counted

2018-05-16 19:54:17 - [MESSAGE][PASSED] - 2 options of object 'Object Repository/PharmacyRequest/Page_Store/select_--Select--BA50' counted

2018-05-16 19:54:17 - [TEST_STEP][PASSED] - Statement - For ([g = 1, g <= BatchNumber - 1, (g++)]): null

2018-05-16 19:54:17 - [TEST_STEP][PASSED] - selectOptionByIndex: All options with index in [1] are selected on object 'Object Repository/PharmacyRequest/Page_Store/select_--Select--BA50'

2018-05-16 19:54:17 - [MESSAGE][PASSED] - All options with index in [1] are selected on object 'Object Repository/PharmacyRequest/Page_Store/select_--Select--BA50'

2018-05-16 19:54:17 - [TEST_STEP][PASSED] - delay: Delayed 1 second(s)

2018-05-16 19:54:18 - [MESSAGE][PASSED] - Delayed 1 second(s)

2018-05-16 19:54:18 - [TEST_STEP][PASSED] - Statement - StockQty = com.kms.katalon.core.webui.keyword.WebUiBuiltInKeywords.getAttribute(com.kms.katalon.core.testobject.ObjectRepository.findTestObject(PharmacyRequest/Page_Store/input_txtprice), "value"): Attribute 'value' of object 'Object Repository/PharmacyRequest/Page_Store/input_txtprice' is: '1300'

2018-05-16 19:54:18 - [MESSAGE][PASSED] - Attribute 'value' of object 'Object Repository/PharmacyRequest/Page_Store/input_txtprice' is: '1300'

2018-05-16 19:54:18 - [TEST_STEP][PASSED] - Statement - out.println("Stock QTY : " + StockQty): null

2018-05-16 19:54:18 - [TEST_STEP][PASSED] - delay: Delayed 1 second(s)

2018-05-16 19:54:19 - [MESSAGE][PASSED] - Delayed 1 second(s)

2018-05-16 19:54:19 - [TEST_STEP][PASSED] - Statement - If (java.lang.Integer.valueOf(StockQty) >= java.lang.Integer.valueOf(RequestedQty)): null

2018-05-16 19:54:19 - [TEST_STEP][PASSED] - setText: Text '10' is set on object 'Object Repository/PharmacyRequest/Page_Store/input_txtqty'

2018-05-16 19:54:19 - [MESSAGE][PASSED] - Text '10' is set on object 'Object Repository/PharmacyRequest/Page_Store/input_txtqty'

2018-05-16 19:54:19 - [TEST_STEP][PASSED] - click: Object: 'Object Repository/PharmacyRequest/Page_Store/button_Add' is clicked on

2018-05-16 19:54:19 - [MESSAGE][PASSED] - Object: 'Object Repository/PharmacyRequest/Page_Store/button_Add' is clicked on

2018-05-16 19:54:19 - [TEST_STEP][PASSED] - Statement - Break: null

2018-05-16 19:54:19 - [TEST_STEP][PASSED] - selectOptionByIndex: All options with index in [5] are selected on object 'Object Repository/PharmacyRequest/Page_Store/select_--Select--Amlodepin -5'

2018-05-16 19:54:19 - [MESSAGE][PASSED] - All options with index in [5] are selected on object 'Object Repository/PharmacyRequest/Page_Store/select_--Select--Amlodepin -5'

2018-05-16 19:54:19 - [TEST_STEP][PASSED] - delay: Delayed 1 second(s)

2018-05-16 19:54:20 - [MESSAGE][PASSED] - Delayed 1 second(s)

2018-05-16 19:54:20 - [TEST_STEP][PASSED] - Statement - RequestedQty = com.kms.katalon.core.webui.keyword.WebUiBuiltInKeywords.getAttribute(com.kms.katalon.core.testobject.ObjectRepository.findTestObject(PharmacyRequest/Page_Store/input_txttotal), "value"): Attribute 'value' of object 'Object Repository/PharmacyRequest/Page_Store/input_txttotal' is: '10'

2018-05-16 19:54:21 - [MESSAGE][PASSED] - Attribute 'value' of object 'Object Repository/PharmacyRequest/Page_Store/input_txttotal' is: '10'

2018-05-16 19:54:21 - [TEST_STEP][PASSED] - Statement - out.println("Requested QTY : " + RequestedQty): null

2018-05-16 19:54:21 - [TEST_STEP][PASSED] - Statement - BatchNumber = com.kms.katalon.core.webui.keyword.WebUiBuiltInKeywords.getNumberOfTotalOption(com.kms.katalon.core.testobject.ObjectRepository.findTestObject(PharmacyRequest/Page_Store/select_--Select--BA50)): 2 options of object 'Object Repository/PharmacyRequest/Page_Store/select_--Select--BA50' counted

2018-05-16 19:54:21 - [MESSAGE][PASSED] - 2 options of object 'Object Repository/PharmacyRequest/Page_Store/select_--Select--BA50' counted

2018-05-16 19:54:21 - [TEST_STEP][PASSED] - Statement - For ([g = 1, g <= BatchNumber - 1, (g++)]): null

2018-05-16 19:54:21 - [TEST_STEP][PASSED] - selectOptionByIndex: All options with index in [1] are selected on object 'Object Repository/PharmacyRequest/Page_Store/select_--Select--BA50'

2018-05-16 19:54:21 - [MESSAGE][PASSED] - All options with index in [1] are selected on object 'Object Repository/PharmacyRequest/Page_Store/select_--Select--BA50'

2018-05-16 19:54:21 - [TEST_STEP][PASSED] - delay: Delayed 1 second(s)

2018-05-16 19:54:22 - [MESSAGE][PASSED] - Delayed 1 second(s)

2018-05-16 19:54:22 - [TEST_STEP][PASSED] - Statement - StockQty = com.kms.katalon.core.webui.keyword.WebUiBuiltInKeywords.getAttribute(com.kms.katalon.core.testobject.ObjectRepository.findTestObject(PharmacyRequest/Page_Store/input_txtprice), "value"): Attribute 'value' of object 'Object Repository/PharmacyRequest/Page_Store/input_txtprice' is: '100'

2018-05-16 19:54:22 - [MESSAGE][PASSED] - Attribute 'value' of object 'Object Repository/PharmacyRequest/Page_Store/input_txtprice' is: '100'

2018-05-16 19:54:22 - [TEST_STEP][PASSED] - Statement - out.println("Stock QTY : " + StockQty): null

2018-05-16 19:54:22 - [TEST_STEP][PASSED] - delay: Delayed 1 second(s)

2018-05-16 19:54:23 - [MESSAGE][PASSED] - Delayed 1 second(s)

2018-05-16 19:54:23 - [TEST_STEP][PASSED] - Statement - If (java.lang.Integer.valueOf(StockQty) >= java.lang.Integer.valueOf(RequestedQty)): null

2018-05-16 19:54:23 - [TEST_STEP][PASSED] - setText: Text '10' is set on object 'Object Repository/PharmacyRequest/Page_Store/input_txtqty'

2018-05-16 19:54:23 - [MESSAGE][PASSED] - Text '10' is set on object 'Object Repository/PharmacyRequest/Page_Store/input_txtqty'

2018-05-16 19:54:23 - [TEST_STEP][PASSED] - click: Object: 'Object Repository/PharmacyRequest/Page_Store/button_Add' is clicked on

2018-05-16 19:54:23 - [MESSAGE][PASSED] - Object: 'Object Repository/PharmacyRequest/Page_Store/button_Add' is clicked on

2018-05-16 19:54:23 - [TEST_STEP][PASSED] - Statement - Break: null

2018-05-16 19:54:23 - [TEST_STEP][PASSED] - selectOptionByIndex: All options with index in [6] are selected on object 'Object Repository/PharmacyRequest/Page_Store/select_--Select--Amlodepin -5'

2018-05-16 19:54:23 - [MESSAGE][PASSED] - All options with index in [6] are selected on object 'Object Repository/PharmacyRequest/Page_Store/select_--Select--Amlodepin -5'

2018-05-16 19:54:23 - [TEST_STEP][PASSED] - delay: Delayed 1 second(s)

2018-05-16 19:54:24 - [MESSAGE][PASSED] - Delayed 1 second(s)

2018-05-16 19:54:24 - [TEST_STEP][PASSED] - Statement - RequestedQty = com.kms.katalon.core.webui.keyword.WebUiBuiltInKeywords.getAttribute(com.kms.katalon.core.testobject.ObjectRepository.findTestObject(PharmacyRequest/Page_Store/input_txttotal), "value"): Attribute 'value' of object 'Object Repository/PharmacyRequest/Page_Store/input_txttotal' is: '10'

2018-05-16 19:54:24 - [MESSAGE][PASSED] - Attribute 'value' of object 'Object Repository/PharmacyRequest/Page_Store/input_txttotal' is: '10'

2018-05-16 19:54:24 - [TEST_STEP][PASSED] - Statement - out.println("Requested QTY : " + RequestedQty): null

2018-05-16 19:54:24 - [TEST_STEP][PASSED] - Statement - BatchNumber = com.kms.katalon.core.webui.keyword.WebUiBuiltInKeywords.getNumberOfTotalOption(com.kms.katalon.core.testobject.ObjectRepository.findTestObject(PharmacyRequest/Page_Store/select_--Select--BA50)): 2 options of object 'Object Repository/PharmacyRequest/Page_Store/select_--Select--BA50' counted

2018-05-16 19:54:24 - [MESSAGE][PASSED] - 2 options of object 'Object Repository/PharmacyRequest/Page_Store/select_--Select--BA50' counted

2018-05-16 19:54:24 - [TEST_STEP][PASSED] - Statement - For ([g = 1, g <= BatchNumber - 1, (g++)]): null

2018-05-16 19:54:24 - [TEST_STEP][PASSED] - selectOptionByIndex: All options with index in [1] are selected on object 'Object Repository/PharmacyRequest/Page_Store/select_--Select--BA50'

2018-05-16 19:54:24 - [MESSAGE][PASSED] - All options with index in [1] are selected on object 'Object Repository/PharmacyRequest/Page_Store/select_--Select--BA50'

2018-05-16 19:54:24 - [TEST_STEP][PASSED] - delay: Delayed 1 second(s)

2018-05-16 19:54:25 - [MESSAGE][PASSED] - Delayed 1 second(s)

2018-05-16 19:54:25 - [TEST_STEP][PASSED] - Statement - StockQty = com.kms.katalon.core.webui.keyword.WebUiBuiltInKeywords.getAttribute(com.kms.katalon.core.testobject.ObjectRepository.findTestObject(PharmacyRequest/Page_Store/input_txtprice), "value"): Attribute 'value' of object 'Object Repository/PharmacyRequest/Page_Store/input_txtprice' is: '100'

2018-05-16 19:54:25 - [MESSAGE][PASSED] - Attribute 'value' of object 'Object Repository/PharmacyRequest/Page_Store/input_txtprice' is: '100'

2018-05-16 19:54:25 - [TEST_STEP][PASSED] - Statement - out.println("Stock QTY : " + StockQty): null

2018-05-16 19:54:25 - [TEST_STEP][PASSED] - delay: Delayed 1 second(s)

2018-05-16 19:54:26 - [MESSAGE][PASSED] - Delayed 1 second(s)

2018-05-16 19:54:26 - [TEST_STEP][PASSED] - Statement - If (java.lang.Integer.valueOf(StockQty) >= java.lang.Integer.valueOf(RequestedQty)): null

2018-05-16 19:54:26 - [TEST_STEP][PASSED] - setText: Text '10' is set on object 'Object Repository/PharmacyRequest/Page_Store/input_txtqty'

2018-05-16 19:54:26 - [MESSAGE][PASSED] - Text '10' is set on object 'Object Repository/PharmacyRequest/Page_Store/input_txtqty'

2018-05-16 19:54:26 - [TEST_STEP][PASSED] - click: Object: 'Object Repository/PharmacyRequest/Page_Store/button_Add' is clicked on

2018-05-16 19:54:26 - [MESSAGE][PASSED] - Object: 'Object Repository/PharmacyRequest/Page_Store/button_Add' is clicked on

2018-05-16 19:54:26 - [TEST_STEP][PASSED] - Statement - Break: null

2018-05-16 19:54:26 - [TEST_STEP][PASSED] - selectOptionByIndex: All options with index in [7] are selected on object 'Object Repository/PharmacyRequest/Page_Store/select_--Select--Amlodepin -5'

2018-05-16 19:54:27 - [MESSAGE][PASSED] - All options with index in [7] are selected on object 'Object Repository/PharmacyRequest/Page_Store/select_--Select--Amlodepin -5'

2018-05-16 19:54:27 - [TEST_STEP][PASSED] - delay: Delayed 1 second(s)

2018-05-16 19:54:28 - [MESSAGE][PASSED] - Delayed 1 second(s)

2018-05-16 19:54:28 - [TEST_STEP][PASSED] - Statement - RequestedQty = com.kms.katalon.core.webui.keyword.WebUiBuiltInKeywords.getAttribute(com.kms.katalon.core.testobject.ObjectRepository.findTestObject(PharmacyRequest/Page_Store/input_txttotal), "value"): Attribute 'value' of object 'Object Repository/PharmacyRequest/Page_Store/input_txttotal' is: '10'

2018-05-16 19:54:28 - [MESSAGE][PASSED] - Attribute 'value' of object 'Object Repository/PharmacyRequest/Page_Store/input_txttotal' is: '10'

2018-05-16 19:54:28 - [TEST_STEP][PASSED] - Statement - out.println("Requested QTY : " + RequestedQty): null

2018-05-16 19:54:28 - [TEST_STEP][PASSED] - Statement - BatchNumber = com.kms.katalon.core.webui.keyword.WebUiBuiltInKeywords.getNumberOfTotalOption(com.kms.katalon.core.testobject.ObjectRepository.findTestObject(PharmacyRequest/Page_Store/select_--Select--BA50)): 2 options of object 'Object Repository/PharmacyRequest/Page_Store/select_--Select--BA50' counted

2018-05-16 19:54:28 - [MESSAGE][PASSED] - 2 options of object 'Object Repository/PharmacyRequest/Page_Store/select_--Select--BA50' counted

2018-05-16 19:54:28 - [TEST_STEP][PASSED] - Statement - For ([g = 1, g <= BatchNumber - 1, (g++)]): null

2018-05-16 19:54:28 - [TEST_STEP][PASSED] - selectOptionByIndex: All options with index in [1] are selected on object 'Object Repository/PharmacyRequest/Page_Store/select_--Select--BA50'

2018-05-16 19:54:28 - [MESSAGE][PASSED] - All options with index in [1] are selected on object 'Object Repository/PharmacyRequest/Page_Store/select_--Select--BA50'

2018-05-16 19:54:28 - [TEST_STEP][PASSED] - delay: Delayed 1 second(s)

2018-05-16 19:54:29 - [MESSAGE][PASSED] - Delayed 1 second(s)

2018-05-16 19:54:29 - [TEST_STEP][PASSED] - Statement - StockQty = com.kms.katalon.core.webui.keyword.WebUiBuiltInKeywords.getAttribute(com.kms.katalon.core.testobject.ObjectRepository.findTestObject(PharmacyRequest/Page_Store/input_txtprice), "value"): Attribute 'value' of object 'Object Repository/PharmacyRequest/Page_Store/input_txtprice' is: '100'

2018-05-16 19:54:29 - [MESSAGE][PASSED] - Attribute 'value' of object 'Object Repository/PharmacyRequest/Page_Store/input_txtprice' is: '100'

2018-05-16 19:54:29 - [TEST_STEP][PASSED] - Statement - out.println("Stock QTY : " + StockQty): null

2018-05-16 19:54:29 - [TEST_STEP][PASSED] - delay: Delayed 1 second(s)

2018-05-16 19:54:30 - [MESSAGE][PASSED] - Delayed 1 second(s)

2018-05-16 19:54:30 - [TEST_STEP][PASSED] - Statement - If (java.lang.Integer.valueOf(StockQty) >= java.lang.Integer.valueOf(RequestedQty)): null

2018-05-16 19:54:30 - [TEST_STEP][PASSED] - setText: Text '10' is set on object 'Object Repository/PharmacyRequest/Page_Store/input_txtqty'

2018-05-16 19:54:30 - [MESSAGE][PASSED] - Text '10' is set on object 'Object Repository/PharmacyRequest/Page_Store/input_txtqty'

2018-05-16 19:54:30 - [TEST_STEP][PASSED] - click: Object: 'Object Repository/PharmacyRequest/Page_Store/button_Add' is clicked on

2018-05-16 19:54:30 - [MESSAGE][PASSED] - Object: 'Object Repository/PharmacyRequest/Page_Store/button_Add' is clicked on

2018-05-16 19:54:30 - [TEST_STEP][PASSED] - Statement - Break: null

2018-05-16 19:54:30 - [TEST_STEP][PASSED] - selectOptionByIndex: All options with index in [8] are selected on object 'Object Repository/PharmacyRequest/Page_Store/select_--Select--Amlodepin -5'

2018-05-16 19:54:30 - [MESSAGE][PASSED] - All options with index in [8] are selected on object 'Object Repository/PharmacyRequest/Page_Store/select_--Select--Amlodepin -5'

2018-05-16 19:54:30 - [TEST_STEP][PASSED] - delay: Delayed 1 second(s)

2018-05-16 19:54:31 - [MESSAGE][PASSED] - Delayed 1 second(s)

2018-05-16 19:54:31 - [TEST_STEP][PASSED] - Statement - RequestedQty = com.kms.katalon.core.webui.keyword.WebUiBuiltInKeywords.getAttribute(com.kms.katalon.core.testobject.ObjectRepository.findTestObject(PharmacyRequest/Page_Store/input_txttotal), "value"): Attribute 'value' of object 'Object Repository/PharmacyRequest/Page_Store/input_txttotal' is: '10'

2018-05-16 19:54:31 - [MESSAGE][PASSED] - Attribute 'value' of object 'Object Repository/PharmacyRequest/Page_Store/input_txttotal' is: '10'

2018-05-16 19:54:31 - [TEST_STEP][PASSED] - Statement - out.println("Requested QTY : " + RequestedQty): null

2018-05-16 19:54:31 - [TEST_STEP][PASSED] - Statement - BatchNumber = com.kms.katalon.core.webui.keyword.WebUiBuiltInKeywords.getNumberOfTotalOption(com.kms.katalon.core.testobject.ObjectRepository.findTestObject(PharmacyRequest/Page_Store/select_--Select--BA50)): 2 options of object 'Object Repository/PharmacyRequest/Page_Store/select_--Select--BA50' counted

2018-05-16 19:54:31 - [MESSAGE][PASSED] - 2 options of object 'Object Repository/PharmacyRequest/Page_Store/select_--Select--BA50' counted

2018-05-16 19:54:31 - [TEST_STEP][PASSED] - Statement - For ([g = 1, g <= BatchNumber - 1, (g++)]): null

2018-05-16 19:54:31 - [TEST_STEP][PASSED] - selectOptionByIndex: All options with index in [1] are selected on object 'Object Repository/PharmacyRequest/Page_Store/select_--Select--BA50'

2018-05-16 19:54:31 - [MESSAGE][PASSED] - All options with index in [1] are selected on object 'Object Repository/PharmacyRequest/Page_Store/select_--Select--BA50'

2018-05-16 19:54:31 - [TEST_STEP][PASSED] - delay: Delayed 1 second(s)

2018-05-16 19:54:32 - [MESSAGE][PASSED] - Delayed 1 second(s)

2018-05-16 19:54:32 - [TEST_STEP][PASSED] - Statement - StockQty = com.kms.katalon.core.webui.keyword.WebUiBuiltInKeywords.getAttribute(com.kms.katalon.core.testobject.ObjectRepository.findTestObject(PharmacyRequest/Page_Store/input_txtprice), "value"): Attribute 'value' of object 'Object Repository/PharmacyRequest/Page_Store/input_txtprice' is: '100'

2018-05-16 19:54:32 - [MESSAGE][PASSED] - Attribute 'value' of object 'Object Repository/PharmacyRequest/Page_Store/input_txtprice' is: '100'

2018-05-16 19:54:32 - [TEST_STEP][PASSED] - Statement - out.println("Stock QTY : " + StockQty): null

2018-05-16 19:54:32 - [TEST_STEP][PASSED] - delay: Delayed 1 second(s)

2018-05-16 19:54:33 - [MESSAGE][PASSED] - Delayed 1 second(s)

2018-05-16 19:54:33 - [TEST_STEP][PASSED] - Statement - If (java.lang.Integer.valueOf(StockQty) >= java.lang.Integer.valueOf(RequestedQty)): null

2018-05-16 19:54:33 - [TEST_STEP][PASSED] - setText: Text '10' is set on object 'Object Repository/PharmacyRequest/Page_Store/input_txtqty'

2018-05-16 19:54:34 - [MESSAGE][PASSED] - Text '10' is set on object 'Object Repository/PharmacyRequest/Page_Store/input_txtqty'

2018-05-16 19:54:34 - [TEST_STEP][PASSED] - click: Object: 'Object Repository/PharmacyRequest/Page_Store/button_Add' is clicked on

2018-05-16 19:54:34 - [MESSAGE][PASSED] - Object: 'Object Repository/PharmacyRequest/Page_Store/button_Add' is clicked on

2018-05-16 19:54:34 - [TEST_STEP][PASSED] - Statement - Break: null

2018-05-16 19:54:34 - [TEST_STEP][PASSED] - selectOptionByIndex: All options with index in [9] are selected on object 'Object Repository/PharmacyRequest/Page_Store/select_--Select--Amlodepin -5'

2018-05-16 19:54:34 - [MESSAGE][PASSED] - All options with index in [9] are selected on object 'Object Repository/PharmacyRequest/Page_Store/select_--Select--Amlodepin -5'

2018-05-16 19:54:34 - [TEST_STEP][PASSED] - delay: Delayed 1 second(s)

2018-05-16 19:54:35 - [MESSAGE][PASSED] - Delayed 1 second(s)

2018-05-16 19:54:35 - [TEST_STEP][PASSED] - Statement - RequestedQty = com.kms.katalon.core.webui.keyword.WebUiBuiltInKeywords.getAttribute(com.kms.katalon.core.testobject.ObjectRepository.findTestObject(PharmacyRequest/Page_Store/input_txttotal), "value"): Attribute 'value' of object 'Object Repository/PharmacyRequest/Page_Store/input_txttotal' is: '10'

2018-05-16 19:54:35 - [MESSAGE][PASSED] - Attribute 'value' of object 'Object Repository/PharmacyRequest/Page_Store/input_txttotal' is: '10'

2018-05-16 19:54:35 - [TEST_STEP][PASSED] - Statement - out.println("Requested QTY : " + RequestedQty): null

2018-05-16 19:54:35 - [TEST_STEP][PASSED] - Statement - BatchNumber = com.kms.katalon.core.webui.keyword.WebUiBuiltInKeywords.getNumberOfTotalOption(com.kms.katalon.core.testobject.ObjectRepository.findTestObject(PharmacyRequest/Page_Store/select_--Select--BA50)): 2 options of object 'Object Repository/PharmacyRequest/Page_Store/select_--Select--BA50' counted

2018-05-16 19:54:35 - [MESSAGE][PASSED] - 2 options of object 'Object Repository/PharmacyRequest/Page_Store/select_--Select--BA50' counted

2018-05-16 19:54:35 - [TEST_STEP][PASSED] - Statement - For ([g = 1, g <= BatchNumber - 1, (g++)]): null

2018-05-16 19:54:35 - [TEST_STEP][PASSED] - selectOptionByIndex: All options with index in [1] are selected on object 'Object Repository/PharmacyRequest/Page_Store/select_--Select--BA50'

2018-05-16 19:54:35 - [MESSAGE][PASSED] - All options with index in [1] are selected on object 'Object Repository/PharmacyRequest/Page_Store/select_--Select--BA50'

2018-05-16 19:54:35 - [TEST_STEP][PASSED] - delay: Delayed 1 second(s)

2018-05-16 19:54:36 - [MESSAGE][PASSED] - Delayed 1 second(s)

2018-05-16 19:54:36 - [TEST_STEP][PASSED] - Statement - StockQty = com.kms.katalon.core.webui.keyword.WebUiBuiltInKeywords.getAttribute(com.kms.katalon.core.testobject.ObjectRepository.findTestObject(PharmacyRequest/Page_Store/input_txtprice), "value"): Attribute 'value' of object 'Object Repository/PharmacyRequest/Page_Store/input_txtprice' is: '100'

2018-05-16 19:54:36 - [MESSAGE][PASSED] - Attribute 'value' of object 'Object Repository/PharmacyRequest/Page_Store/input_txtprice' is: '100'

2018-05-16 19:54:36 - [TEST_STEP][PASSED] - Statement - out.println("Stock QTY : " + StockQty): null

2018-05-16 19:54:36 - [TEST_STEP][PASSED] - delay: Delayed 1 second(s)

2018-05-16 19:54:37 - [MESSAGE][PASSED] - Delayed 1 second(s)

2018-05-16 19:54:37 - [TEST_STEP][PASSED] - Statement - If (java.lang.Integer.valueOf(StockQty) >= java.lang.Integer.valueOf(RequestedQty)): null

2018-05-16 19:54:37 - [TEST_STEP][PASSED] - setText: Text '10' is set on object 'Object Repository/PharmacyRequest/Page_Store/input_txtqty'

2018-05-16 19:54:37 - [MESSAGE][PASSED] - Text '10' is set on object 'Object Repository/PharmacyRequest/Page_Store/input_txtqty'

2018-05-16 19:54:37 - [TEST_STEP][PASSED] - click: Object: 'Object Repository/PharmacyRequest/Page_Store/button_Add' is clicked on

2018-05-16 19:54:37 - [MESSAGE][PASSED] - Object: 'Object Repository/PharmacyRequest/Page_Store/button_Add' is clicked on

2018-05-16 19:54:37 - [TEST_STEP][PASSED] - Statement - Break: null

2018-05-16 19:54:37 - [TEST_STEP][PASSED] - selectOptionByIndex: All options with index in [10] are selected on object 'Object Repository/PharmacyRequest/Page_Store/select_--Select--Amlodepin -5'

2018-05-16 19:54:37 - [MESSAGE][PASSED] - All options with index in [10] are selected on object 'Object Repository/PharmacyRequest/Page_Store/select_--Select--Amlodepin -5'

2018-05-16 19:54:37 - [TEST_STEP][PASSED] - delay: Delayed 1 second(s)

2018-05-16 19:54:38 - [MESSAGE][PASSED] - Delayed 1 second(s)

2018-05-16 19:54:38 - [TEST_STEP][PASSED] - Statement - RequestedQty = com.kms.katalon.core.webui.keyword.WebUiBuiltInKeywords.getAttribute(com.kms.katalon.core.testobject.ObjectRepository.findTestObject(PharmacyRequest/Page_Store/input_txttotal), "value"): Attribute 'value' of object 'Object Repository/PharmacyRequest/Page_Store/input_txttotal' is: '10'

2018-05-16 19:54:38 - [MESSAGE][PASSED] - Attribute 'value' of object 'Object Repository/PharmacyRequest/Page_Store/input_txttotal' is: '10'

2018-05-16 19:54:38 - [TEST_STEP][PASSED] - Statement - out.println("Requested QTY : " + RequestedQty): null

2018-05-16 19:54:38 - [TEST_STEP][PASSED] - Statement - BatchNumber = com.kms.katalon.core.webui.keyword.WebUiBuiltInKeywords.getNumberOfTotalOption(com.kms.katalon.core.testobject.ObjectRepository.findTestObject(PharmacyRequest/Page_Store/select_--Select--BA50)): 2 options of object 'Object Repository/PharmacyRequest/Page_Store/select_--Select--BA50' counted

2018-05-16 19:54:38 - [MESSAGE][PASSED] - 2 options of object 'Object Repository/PharmacyRequest/Page_Store/select_--Select--BA50' counted

2018-05-16 19:54:38 - [TEST_STEP][PASSED] - Statement - For ([g = 1, g <= BatchNumber - 1, (g++)]): null

2018-05-16 19:54:38 - [TEST_STEP][PASSED] - selectOptionByIndex: All options with index in [1] are selected on object 'Object Repository/PharmacyRequest/Page_Store/select_--Select--BA50'

2018-05-16 19:54:39 - [MESSAGE][PASSED] - All options with index in [1] are selected on object 'Object Repository/PharmacyRequest/Page_Store/select_--Select--BA50'

2018-05-16 19:54:39 - [TEST_STEP][PASSED] - delay: Delayed 1 second(s)

2018-05-16 19:54:40 - [MESSAGE][PASSED] - Delayed 1 second(s)

2018-05-16 19:54:40 - [TEST_STEP][PASSED] - Statement - StockQty = com.kms.katalon.core.webui.keyword.WebUiBuiltInKeywords.getAttribute(com.kms.katalon.core.testobject.ObjectRepository.findTestObject(PharmacyRequest/Page_Store/input_txtprice), "value"): Attribute 'value' of object 'Object Repository/PharmacyRequest/Page_Store/input_txtprice' is: '100'

2018-05-16 19:54:40 - [MESSAGE][PASSED] - Attribute 'value' of object 'Object Repository/PharmacyRequest/Page_Store/input_txtprice' is: '100'

2018-05-16 19:54:40 - [TEST_STEP][PASSED] - Statement - out.println("Stock QTY : " + StockQty): null

2018-05-16 19:54:40 - [TEST_STEP][PASSED] - delay: Delayed 1 second(s)

2018-05-16 19:54:41 - [MESSAGE][PASSED] - Delayed 1 second(s)

2018-05-16 19:54:41 - [TEST_STEP][PASSED] - Statement - If (java.lang.Integer.valueOf(StockQty) >= java.lang.Integer.valueOf(RequestedQty)): null

2018-05-16 19:54:41 - [TEST_STEP][PASSED] - setText: Text '10' is set on object 'Object Repository/PharmacyRequest/Page_Store/input_txtqty'

2018-05-16 19:54:41 - [MESSAGE][PASSED] - Text '10' is set on object 'Object Repository/PharmacyRequest/Page_Store/input_txtqty'

2018-05-16 19:54:41 - [TEST_STEP][PASSED] - click: Object: 'Object Repository/PharmacyRequest/Page_Store/button_Add' is clicked on

2018-05-16 19:54:41 - [MESSAGE][PASSED] - Object: 'Object Repository/PharmacyRequest/Page_Store/button_Add' is clicked on

2018-05-16 19:54:41 - [TEST_STEP][PASSED] - Statement - Break: null

2018-05-16 19:54:41 - [TEST_STEP][PASSED] - selectOptionByIndex: All options with index in [11] are selected on object 'Object Repository/PharmacyRequest/Page_Store/select_--Select--Amlodepin -5'

2018-05-16 19:54:41 - [MESSAGE][PASSED] - All options with index in [11] are selected on object 'Object Repository/PharmacyRequest/Page_Store/select_--Select--Amlodepin -5'

2018-05-16 19:54:41 - [TEST_STEP][PASSED] - delay: Delayed 1 second(s)

2018-05-16 19:54:42 - [MESSAGE][PASSED] - Delayed 1 second(s)

2018-05-16 19:54:42 - [TEST_STEP][PASSED] - Statement - RequestedQty = com.kms.katalon.core.webui.keyword.WebUiBuiltInKeywords.getAttribute(com.kms.katalon.core.testobject.ObjectRepository.findTestObject(PharmacyRequest/Page_Store/input_txttotal), "value"): Attribute 'value' of object 'Object Repository/PharmacyRequest/Page_Store/input_txttotal' is: '10'

2018-05-16 19:54:42 - [MESSAGE][PASSED] - Attribute 'value' of object 'Object Repository/PharmacyRequest/Page_Store/input_txttotal' is: '10'

2018-05-16 19:54:42 - [TEST_STEP][PASSED] - Statement - out.println("Requested QTY : " + RequestedQty): null

2018-05-16 19:54:42 - [TEST_STEP][PASSED] - Statement - BatchNumber = com.kms.katalon.core.webui.keyword.WebUiBuiltInKeywords.getNumberOfTotalOption(com.kms.katalon.core.testobject.ObjectRepository.findTestObject(PharmacyRequest/Page_Store/select_--Select--BA50)): 2 options of object 'Object Repository/PharmacyRequest/Page_Store/select_--Select--BA50' counted

2018-05-16 19:54:42 - [MESSAGE][PASSED] - 2 options of object 'Object Repository/PharmacyRequest/Page_Store/select_--Select--BA50' counted

2018-05-16 19:54:42 - [TEST_STEP][PASSED] - Statement - For ([g = 1, g <= BatchNumber - 1, (g++)]): null

2018-05-16 19:54:42 - [TEST_STEP][PASSED] - selectOptionByIndex: All options with index in [1] are selected on object 'Object Repository/PharmacyRequest/Page_Store/select_--Select--BA50'

2018-05-16 19:54:42 - [MESSAGE][PASSED] - All options with index in [1] are selected on object 'Object Repository/PharmacyRequest/Page_Store/select_--Select--BA50'

2018-05-16 19:54:42 - [TEST_STEP][PASSED] - delay: Delayed 1 second(s)

2018-05-16 19:54:43 - [MESSAGE][PASSED] - Delayed 1 second(s)

2018-05-16 19:54:43 - [TEST_STEP][PASSED] - Statement - StockQty = com.kms.katalon.core.webui.keyword.WebUiBuiltInKeywords.getAttribute(com.kms.katalon.core.testobject.ObjectRepository.findTestObject(PharmacyRequest/Page_Store/input_txtprice), "value"): Attribute 'value' of object 'Object Repository/PharmacyRequest/Page_Store/input_txtprice' is: '100'

2018-05-16 19:54:43 - [MESSAGE][PASSED] - Attribute 'value' of object 'Object Repository/PharmacyRequest/Page_Store/input_txtprice' is: '100'

2018-05-16 19:54:43 - [TEST_STEP][PASSED] - Statement - out.println("Stock QTY : " + StockQty): null

2018-05-16 19:54:43 - [TEST_STEP][PASSED] - delay: Delayed 1 second(s)

2018-05-16 19:54:44 - [MESSAGE][PASSED] - Delayed 1 second(s)

2018-05-16 19:54:44 - [TEST_STEP][PASSED] - Statement - If (java.lang.Integer.valueOf(StockQty) >= java.lang.Integer.valueOf(RequestedQty)): null

2018-05-16 19:54:44 - [TEST_STEP][PASSED] - setText: Text '10' is set on object 'Object Repository/PharmacyRequest/Page_Store/input_txtqty'

2018-05-16 19:54:44 - [MESSAGE][PASSED] - Text '10' is set on object 'Object Repository/PharmacyRequest/Page_Store/input_txtqty'

2018-05-16 19:54:44 - [TEST_STEP][PASSED] - click: Object: 'Object Repository/PharmacyRequest/Page_Store/button_Add' is clicked on

2018-05-16 19:54:44 - [MESSAGE][PASSED] - Object: 'Object Repository/PharmacyRequest/Page_Store/button_Add' is clicked on

2018-05-16 19:54:44 - [TEST_STEP][PASSED] - Statement - Break: null

2018-05-16 19:54:44 - [TEST_STEP][PASSED] - selectOptionByIndex: All options with index in [12] are selected on object 'Object Repository/PharmacyRequest/Page_Store/select_--Select--Amlodepin -5'

2018-05-16 19:54:45 - [MESSAGE][PASSED] - All options with index in [12] are selected on object 'Object Repository/PharmacyRequest/Page_Store/select_--Select--Amlodepin -5'

2018-05-16 19:54:45 - [TEST_STEP][PASSED] - delay: Delayed 1 second(s)

2018-05-16 19:54:46 - [MESSAGE][PASSED] - Delayed 1 second(s)

2018-05-16 19:54:46 - [TEST_STEP][PASSED] - Statement - RequestedQty = com.kms.katalon.core.webui.keyword.WebUiBuiltInKeywords.getAttribute(com.kms.katalon.core.testobject.ObjectRepository.findTestObject(PharmacyRequest/Page_Store/input_txttotal), "value"): Attribute 'value' of object 'Object Repository/PharmacyRequest/Page_Store/input_txttotal' is: '10'

2018-05-16 19:54:46 - [MESSAGE][PASSED] - Attribute 'value' of object 'Object Repository/PharmacyRequest/Page_Store/input_txttotal' is: '10'

2018-05-16 19:54:46 - [TEST_STEP][PASSED] - Statement - out.println("Requested QTY : " + RequestedQty): null

2018-05-16 19:54:46 - [TEST_STEP][PASSED] - Statement - BatchNumber = com.kms.katalon.core.webui.keyword.WebUiBuiltInKeywords.getNumberOfTotalOption(com.kms.katalon.core.testobject.ObjectRepository.findTestObject(PharmacyRequest/Page_Store/select_--Select--BA50)): 2 options of object 'Object Repository/PharmacyRequest/Page_Store/select_--Select--BA50' counted

2018-05-16 19:54:46 - [MESSAGE][PASSED] - 2 options of object 'Object Repository/PharmacyRequest/Page_Store/select_--Select--BA50' counted

2018-05-16 19:54:46 - [TEST_STEP][PASSED] - Statement - For ([g = 1, g <= BatchNumber - 1, (g++)]): null

2018-05-16 19:54:46 - [TEST_STEP][PASSED] - selectOptionByIndex: All options with index in [1] are selected on object 'Object Repository/PharmacyRequest/Page_Store/select_--Select--BA50'

2018-05-16 19:54:46 - [MESSAGE][PASSED] - All options with index in [1] are selected on object 'Object Repository/PharmacyRequest/Page_Store/select_--Select--BA50'

2018-05-16 19:54:46 - [TEST_STEP][PASSED] - delay: Delayed 1 second(s)

2018-05-16 19:54:47 - [MESSAGE][PASSED] - Delayed 1 second(s)

2018-05-16 19:54:47 - [TEST_STEP][PASSED] - Statement - StockQty = com.kms.katalon.core.webui.keyword.WebUiBuiltInKeywords.getAttribute(com.kms.katalon.core.testobject.ObjectRepository.findTestObject(PharmacyRequest/Page_Store/input_txtprice), "value"): Attribute 'value' of object 'Object Repository/PharmacyRequest/Page_Store/input_txtprice' is: '100'

2018-05-16 19:54:47 - [MESSAGE][PASSED] - Attribute 'value' of object 'Object Repository/PharmacyRequest/Page_Store/input_txtprice' is: '100'

2018-05-16 19:54:47 - [TEST_STEP][PASSED] - Statement - out.println("Stock QTY : " + StockQty): null

2018-05-16 19:54:47 - [TEST_STEP][PASSED] - delay: Delayed 1 second(s)

2018-05-16 19:54:48 - [MESSAGE][PASSED] - Delayed 1 second(s)

2018-05-16 19:54:48 - [TEST_STEP][PASSED] - Statement - If (java.lang.Integer.valueOf(StockQty) >= java.lang.Integer.valueOf(RequestedQty)): null

2018-05-16 19:54:48 - [TEST_STEP][PASSED] - setText: Text '10' is set on object 'Object Repository/PharmacyRequest/Page_Store/input_txtqty'

2018-05-16 19:54:48 - [MESSAGE][PASSED] - Text '10' is set on object 'Object Repository/PharmacyRequest/Page_Store/input_txtqty'

2018-05-16 19:54:48 - [TEST_STEP][PASSED] - click: Object: 'Object Repository/PharmacyRequest/Page_Store/button_Add' is clicked on

2018-05-16 19:54:48 - [MESSAGE][PASSED] - Object: 'Object Repository/PharmacyRequest/Page_Store/button_Add' is clicked on

2018-05-16 19:54:48 - [TEST_STEP][PASSED] - Statement - Break: null

2018-05-16 19:54:48 - [TEST_STEP][PASSED] - selectOptionByIndex: All options with index in [13] are selected on object 'Object Repository/PharmacyRequest/Page_Store/select_--Select--Amlodepin -5'

2018-05-16 19:54:48 - [MESSAGE][PASSED] - All options with index in [13] are selected on object 'Object Repository/PharmacyRequest/Page_Store/select_--Select--Amlodepin -5'

2018-05-16 19:54:48 - [TEST_STEP][PASSED] - delay: Delayed 1 second(s)

2018-05-16 19:54:49 - [MESSAGE][PASSED] - Delayed 1 second(s)

2018-05-16 19:54:49 - [TEST_STEP][PASSED] - Statement - RequestedQty = com.kms.katalon.core.webui.keyword.WebUiBuiltInKeywords.getAttribute(com.kms.katalon.core.testobject.ObjectRepository.findTestObject(PharmacyRequest/Page_Store/input_txttotal), "value"): Attribute 'value' of object 'Object Repository/PharmacyRequest/Page_Store/input_txttotal' is: '10'

2018-05-16 19:54:49 - [MESSAGE][PASSED] - Attribute 'value' of object 'Object Repository/PharmacyRequest/Page_Store/input_txttotal' is: '10'

2018-05-16 19:54:49 - [TEST_STEP][PASSED] - Statement - out.println("Requested QTY : " + RequestedQty): null

2018-05-16 19:54:49 - [TEST_STEP][PASSED] - Statement - BatchNumber = com.kms.katalon.core.webui.keyword.WebUiBuiltInKeywords.getNumberOfTotalOption(com.kms.katalon.core.testobject.ObjectRepository.findTestObject(PharmacyRequest/Page_Store/select_--Select--BA50)): 2 options of object 'Object Repository/PharmacyRequest/Page_Store/select_--Select--BA50' counted

2018-05-16 19:54:49 - [MESSAGE][PASSED] - 2 options of object 'Object Repository/PharmacyRequest/Page_Store/select_--Select--BA50' counted

2018-05-16 19:54:49 - [TEST_STEP][PASSED] - Statement - For ([g = 1, g <= BatchNumber - 1, (g++)]): null

2018-05-16 19:54:49 - [TEST_STEP][PASSED] - selectOptionByIndex: All options with index in [1] are selected on object 'Object Repository/PharmacyRequest/Page_Store/select_--Select--BA50'

2018-05-16 19:54:49 - [MESSAGE][PASSED] - All options with index in [1] are selected on object 'Object Repository/PharmacyRequest/Page_Store/select_--Select--BA50'

2018-05-16 19:54:49 - [TEST_STEP][PASSED] - delay: Delayed 1 second(s)

2018-05-16 19:54:50 - [MESSAGE][PASSED] - Delayed 1 second(s)

2018-05-16 19:54:50 - [TEST_STEP][PASSED] - Statement - StockQty = com.kms.katalon.core.webui.keyword.WebUiBuiltInKeywords.getAttribute(com.kms.katalon.core.testobject.ObjectRepository.findTestObject(PharmacyRequest/Page_Store/input_txtprice), "value"): Attribute 'value' of object 'Object Repository/PharmacyRequest/Page_Store/input_txtprice' is: '100'

2018-05-16 19:54:50 - [MESSAGE][PASSED] - Attribute 'value' of object 'Object Repository/PharmacyRequest/Page_Store/input_txtprice' is: '100'

2018-05-16 19:54:50 - [TEST_STEP][PASSED] - Statement - out.println("Stock QTY : " + StockQty): null

2018-05-16 19:54:50 - [TEST_STEP][PASSED] - delay: Delayed 1 second(s)

2018-05-16 19:54:51 - [MESSAGE][PASSED] - Delayed 1 second(s)

2018-05-16 19:54:51 - [TEST_STEP][PASSED] - Statement - If (java.lang.Integer.valueOf(StockQty) >= java.lang.Integer.valueOf(RequestedQty)): null

2018-05-16 19:54:51 - [TEST_STEP][PASSED] - setText: Text '10' is set on object 'Object Repository/PharmacyRequest/Page_Store/input_txtqty'

2018-05-16 19:54:52 - [MESSAGE][PASSED] - Text '10' is set on object 'Object Repository/PharmacyRequest/Page_Store/input_txtqty'

2018-05-16 19:54:52 - [TEST_STEP][PASSED] - click: Object: 'Object Repository/PharmacyRequest/Page_Store/button_Add' is clicked on

2018-05-16 19:54:52 - [MESSAGE][PASSED] - Object: 'Object Repository/PharmacyRequest/Page_Store/button_Add' is clicked on

2018-05-16 19:54:52 - [TEST_STEP][PASSED] - Statement - Break: null

2018-05-16 19:54:52 - [TEST_STEP][PASSED] - selectOptionByIndex: All options with index in [14] are selected on object 'Object Repository/PharmacyRequest/Page_Store/select_--Select--Amlodepin -5'

2018-05-16 19:54:52 - [MESSAGE][PASSED] - All options with index in [14] are selected on object 'Object Repository/PharmacyRequest/Page_Store/select_--Select--Amlodepin -5'

2018-05-16 19:54:52 - [TEST_STEP][PASSED] - delay: Delayed 1 second(s)

2018-05-16 19:54:53 - [MESSAGE][PASSED] - Delayed 1 second(s)

2018-05-16 19:54:53 - [TEST_STEP][PASSED] - Statement - RequestedQty = com.kms.katalon.core.webui.keyword.WebUiBuiltInKeywords.getAttribute(com.kms.katalon.core.testobject.ObjectRepository.findTestObject(PharmacyRequest/Page_Store/input_txttotal), "value"): Attribute 'value' of object 'Object Repository/PharmacyRequest/Page_Store/input_txttotal' is: '10'

2018-05-16 19:54:53 - [MESSAGE][PASSED] - Attribute 'value' of object 'Object Repository/PharmacyRequest/Page_Store/input_txttotal' is: '10'

2018-05-16 19:54:53 - [TEST_STEP][PASSED] - Statement - out.println("Requested QTY : " + RequestedQty): null

2018-05-16 19:54:53 - [TEST_STEP][PASSED] - Statement - BatchNumber = com.kms.katalon.core.webui.keyword.WebUiBuiltInKeywords.getNumberOfTotalOption(com.kms.katalon.core.testobject.ObjectRepository.findTestObject(PharmacyRequest/Page_Store/select_--Select--BA50)): 2 options of object 'Object Repository/PharmacyRequest/Page_Store/select_--Select--BA50' counted

2018-05-16 19:54:53 - [MESSAGE][PASSED] - 2 options of object 'Object Repository/PharmacyRequest/Page_Store/select_--Select--BA50' counted

2018-05-16 19:54:53 - [TEST_STEP][PASSED] - Statement - For ([g = 1, g <= BatchNumber - 1, (g++)]): null

2018-05-16 19:54:53 - [TEST_STEP][PASSED] - selectOptionByIndex: All options with index in [1] are selected on object 'Object Repository/PharmacyRequest/Page_Store/select_--Select--BA50'

2018-05-16 19:54:53 - [MESSAGE][PASSED] - All options with index in [1] are selected on object 'Object Repository/PharmacyRequest/Page_Store/select_--Select--BA50'

2018-05-16 19:54:53 - [TEST_STEP][PASSED] - delay: Delayed 1 second(s)

2018-05-16 19:54:54 - [MESSAGE][PASSED] - Delayed 1 second(s)

2018-05-16 19:54:54 - [TEST_STEP][PASSED] - Statement - StockQty = com.kms.katalon.core.webui.keyword.WebUiBuiltInKeywords.getAttribute(com.kms.katalon.core.testobject.ObjectRepository.findTestObject(PharmacyRequest/Page_Store/input_txtprice), "value"): Attribute 'value' of object 'Object Repository/PharmacyRequest/Page_Store/input_txtprice' is: '100'

2018-05-16 19:54:54 - [MESSAGE][PASSED] - Attribute 'value' of object 'Object Repository/PharmacyRequest/Page_Store/input_txtprice' is: '100'

2018-05-16 19:54:54 - [TEST_STEP][PASSED] - Statement - out.println("Stock QTY : " + StockQty): null

2018-05-16 19:54:54 - [TEST_STEP][PASSED] - delay: Delayed 1 second(s)

2018-05-16 19:54:55 - [MESSAGE][PASSED] - Delayed 1 second(s)

2018-05-16 19:54:55 - [TEST_STEP][PASSED] - Statement - If (java.lang.Integer.valueOf(StockQty) >= java.lang.Integer.valueOf(RequestedQty)): null

2018-05-16 19:54:55 - [TEST_STEP][PASSED] - setText: Text '10' is set on object 'Object Repository/PharmacyRequest/Page_Store/input_txtqty'

2018-05-16 19:54:55 - [MESSAGE][PASSED] - Text '10' is set on object 'Object Repository/PharmacyRequest/Page_Store/input_txtqty'

2018-05-16 19:54:55 - [TEST_STEP][PASSED] - click: Object: 'Object Repository/PharmacyRequest/Page_Store/button_Add' is clicked on

2018-05-16 19:54:55 - [MESSAGE][PASSED] - Object: 'Object Repository/PharmacyRequest/Page_Store/button_Add' is clicked on

2018-05-16 19:54:55 - [TEST_STEP][PASSED] - Statement - Break: null

2018-05-16 19:54:55 - [TEST_STEP][PASSED] - selectOptionByIndex: All options with index in [15] are selected on object 'Object Repository/PharmacyRequest/Page_Store/select_--Select--Amlodepin -5'

2018-05-16 19:54:55 - [MESSAGE][PASSED] - All options with index in [15] are selected on object 'Object Repository/PharmacyRequest/Page_Store/select_--Select--Amlodepin -5'

2018-05-16 19:54:55 - [TEST_STEP][PASSED] - delay: Delayed 1 second(s)

2018-05-16 19:54:56 - [MESSAGE][PASSED] - Delayed 1 second(s)

2018-05-16 19:54:56 - [TEST_STEP][PASSED] - Statement - RequestedQty = com.kms.katalon.core.webui.keyword.WebUiBuiltInKeywords.getAttribute(com.kms.katalon.core.testobject.ObjectRepository.findTestObject(PharmacyRequest/Page_Store/input_txttotal), "value"): Attribute 'value' of object 'Object Repository/PharmacyRequest/Page_Store/input_txttotal' is: '10'

2018-05-16 19:54:56 - [MESSAGE][PASSED] - Attribute 'value' of object 'Object Repository/PharmacyRequest/Page_Store/input_txttotal' is: '10'

2018-05-16 19:54:56 - [TEST_STEP][PASSED] - Statement - out.println("Requested QTY : " + RequestedQty): null

2018-05-16 19:54:56 - [TEST_STEP][PASSED] - Statement - BatchNumber = com.kms.katalon.core.webui.keyword.WebUiBuiltInKeywords.getNumberOfTotalOption(com.kms.katalon.core.testobject.ObjectRepository.findTestObject(PharmacyRequest/Page_Store/select_--Select--BA50)): 2 options of object 'Object Repository/PharmacyRequest/Page_Store/select_--Select--BA50' counted

2018-05-16 19:54:56 - [MESSAGE][PASSED] - 2 options of object 'Object Repository/PharmacyRequest/Page_Store/select_--Select--BA50' counted

2018-05-16 19:54:56 - [TEST_STEP][PASSED] - Statement - For ([g = 1, g <= BatchNumber - 1, (g++)]): null

2018-05-16 19:54:56 - [TEST_STEP][PASSED] - selectOptionByIndex: All options with index in [1] are selected on object 'Object Repository/PharmacyRequest/Page_Store/select_--Select--BA50'

2018-05-16 19:54:57 - [MESSAGE][PASSED] - All options with index in [1] are selected on object 'Object Repository/PharmacyRequest/Page_Store/select_--Select--BA50'

2018-05-16 19:54:57 - [TEST_STEP][PASSED] - delay: Delayed 1 second(s)

2018-05-16 19:54:58 - [MESSAGE][PASSED] - Delayed 1 second(s)

2018-05-16 19:54:58 - [TEST_STEP][PASSED] - Statement - StockQty = com.kms.katalon.core.webui.keyword.WebUiBuiltInKeywords.getAttribute(com.kms.katalon.core.testobject.ObjectRepository.findTestObject(PharmacyRequest/Page_Store/input_txtprice), "value"): Attribute 'value' of object 'Object Repository/PharmacyRequest/Page_Store/input_txtprice' is: '100'

2018-05-16 19:54:58 - [MESSAGE][PASSED] - Attribute 'value' of object 'Object Repository/PharmacyRequest/Page_Store/input_txtprice' is: '100'

2018-05-16 19:54:58 - [TEST_STEP][PASSED] - Statement - out.println("Stock QTY : " + StockQty): null

2018-05-16 19:54:58 - [TEST_STEP][PASSED] - delay: Delayed 1 second(s)

2018-05-16 19:54:59 - [MESSAGE][PASSED] - Delayed 1 second(s)

2018-05-16 19:54:59 - [TEST_STEP][PASSED] - Statement - If (java.lang.Integer.valueOf(StockQty) >= java.lang.Integer.valueOf(RequestedQty)): null

2018-05-16 19:54:59 - [TEST_STEP][PASSED] - setText: Text '10' is set on object 'Object Repository/PharmacyRequest/Page_Store/input_txtqty'

2018-05-16 19:54:59 - [MESSAGE][PASSED] - Text '10' is set on object 'Object Repository/PharmacyRequest/Page_Store/input_txtqty'

2018-05-16 19:54:59 - [TEST_STEP][PASSED] - click: Object: 'Object Repository/PharmacyRequest/Page_Store/button_Add' is clicked on

2018-05-16 19:54:59 - [MESSAGE][PASSED] - Object: 'Object Repository/PharmacyRequest/Page_Store/button_Add' is clicked on

2018-05-16 19:54:59 - [TEST_STEP][PASSED] - Statement - Break: null

2018-05-16 19:54:59 - [TEST_STEP][PASSED] - selectOptionByIndex: All options with index in [16] are selected on object 'Object Repository/PharmacyRequest/Page_Store/select_--Select--Amlodepin -5'

2018-05-16 19:54:59 - [MESSAGE][PASSED] - All options with index in [16] are selected on object 'Object Repository/PharmacyRequest/Page_Store/select_--Select--Amlodepin -5'

2018-05-16 19:54:59 - [TEST_STEP][PASSED] - delay: Delayed 1 second(s)

2018-05-16 19:55:00 - [MESSAGE][PASSED] - Delayed 1 second(s)

2018-05-16 19:55:00 - [TEST_STEP][PASSED] - Statement - RequestedQty = com.kms.katalon.core.webui.keyword.WebUiBuiltInKeywords.getAttribute(com.kms.katalon.core.testobject.ObjectRepository.findTestObject(PharmacyRequest/Page_Store/input_txttotal), "value"): Attribute 'value' of object 'Object Repository/PharmacyRequest/Page_Store/input_txttotal' is: '10'

2018-05-16 19:55:00 - [MESSAGE][PASSED] - Attribute 'value' of object 'Object Repository/PharmacyRequest/Page_Store/input_txttotal' is: '10'

2018-05-16 19:55:00 - [TEST_STEP][PASSED] - Statement - out.println("Requested QTY : " + RequestedQty): null

2018-05-16 19:55:00 - [TEST_STEP][PASSED] - Statement - BatchNumber = com.kms.katalon.core.webui.keyword.WebUiBuiltInKeywords.getNumberOfTotalOption(com.kms.katalon.core.testobject.ObjectRepository.findTestObject(PharmacyRequest/Page_Store/select_--Select--BA50)): 2 options of object 'Object Repository/PharmacyRequest/Page_Store/select_--Select--BA50' counted

2018-05-16 19:55:00 - [MESSAGE][PASSED] - 2 options of object 'Object Repository/PharmacyRequest/Page_Store/select_--Select--BA50' counted

2018-05-16 19:55:00 - [TEST_STEP][PASSED] - Statement - For ([g = 1, g <= BatchNumber - 1, (g++)]): null

2018-05-16 19:55:00 - [TEST_STEP][PASSED] - selectOptionByIndex: All options with index in [1] are selected on object 'Object Repository/PharmacyRequest/Page_Store/select_--Select--BA50'

2018-05-16 19:55:00 - [MESSAGE][PASSED] - All options with index in [1] are selected on object 'Object Repository/PharmacyRequest/Page_Store/select_--Select--BA50'

2018-05-16 19:55:00 - [TEST_STEP][PASSED] - delay: Delayed 1 second(s)

2018-05-16 19:55:01 - [MESSAGE][PASSED] - Delayed 1 second(s)

2018-05-16 19:55:01 - [TEST_STEP][PASSED] - Statement - StockQty = com.kms.katalon.core.webui.keyword.WebUiBuiltInKeywords.getAttribute(com.kms.katalon.core.testobject.ObjectRepository.findTestObject(PharmacyRequest/Page_Store/input_txtprice), "value"): Attribute 'value' of object 'Object Repository/PharmacyRequest/Page_Store/input_txtprice' is: '100'

2018-05-16 19:55:01 - [MESSAGE][PASSED] - Attribute 'value' of object 'Object Repository/PharmacyRequest/Page_Store/input_txtprice' is: '100'

2018-05-16 19:55:01 - [TEST_STEP][PASSED] - Statement - out.println("Stock QTY : " + StockQty): null

2018-05-16 19:55:01 - [TEST_STEP][PASSED] - delay: Delayed 1 second(s)

2018-05-16 19:55:02 - [MESSAGE][PASSED] - Delayed 1 second(s)

2018-05-16 19:55:02 - [TEST_STEP][PASSED] - Statement - If (java.lang.Integer.valueOf(StockQty) >= java.lang.Integer.valueOf(RequestedQty)): null

2018-05-16 19:55:02 - [TEST_STEP][PASSED] - setText: Text '10' is set on object 'Object Repository/PharmacyRequest/Page_Store/input_txtqty'

2018-05-16 19:55:02 - [MESSAGE][PASSED] - Text '10' is set on object 'Object Repository/PharmacyRequest/Page_Store/input_txtqty'

2018-05-16 19:55:02 - [TEST_STEP][PASSED] - click: Object: 'Object Repository/PharmacyRequest/Page_Store/button_Add' is clicked on

2018-05-16 19:55:03 - [MESSAGE][PASSED] - Object: 'Object Repository/PharmacyRequest/Page_Store/button_Add' is clicked on

2018-05-16 19:55:03 - [TEST_STEP][PASSED] - Statement - Break: null

2018-05-16 19:55:03 - [TEST_STEP][PASSED] - selectOptionByIndex: All options with index in [17] are selected on object 'Object Repository/PharmacyRequest/Page_Store/select_--Select--Amlodepin -5'

2018-05-16 19:55:03 - [MESSAGE][PASSED] - All options with index in [17] are selected on object 'Object Repository/PharmacyRequest/Page_Store/select_--Select--Amlodepin -5'

2018-05-16 19:55:03 - [TEST_STEP][PASSED] - delay: Delayed 1 second(s)

2018-05-16 19:55:04 - [MESSAGE][PASSED] - Delayed 1 second(s)

2018-05-16 19:55:04 - [TEST_STEP][PASSED] - Statement - RequestedQty = com.kms.katalon.core.webui.keyword.WebUiBuiltInKeywords.getAttribute(com.kms.katalon.core.testobject.ObjectRepository.findTestObject(PharmacyRequest/Page_Store/input_txttotal), "value"): Attribute 'value' of object 'Object Repository/PharmacyRequest/Page_Store/input_txttotal' is: '10'

2018-05-16 19:55:04 - [MESSAGE][PASSED] - Attribute 'value' of object 'Object Repository/PharmacyRequest/Page_Store/input_txttotal' is: '10'

2018-05-16 19:55:04 - [TEST_STEP][PASSED] - Statement - out.println("Requested QTY : " + RequestedQty): null

2018-05-16 19:55:04 - [TEST_STEP][PASSED] - Statement - BatchNumber = com.kms.katalon.core.webui.keyword.WebUiBuiltInKeywords.getNumberOfTotalOption(com.kms.katalon.core.testobject.ObjectRepository.findTestObject(PharmacyRequest/Page_Store/select_--Select--BA50)): 2 options of object 'Object Repository/PharmacyRequest/Page_Store/select_--Select--BA50' counted

2018-05-16 19:55:04 - [MESSAGE][PASSED] - 2 options of object 'Object Repository/PharmacyRequest/Page_Store/select_--Select--BA50' counted

2018-05-16 19:55:04 - [TEST_STEP][PASSED] - Statement - For ([g = 1, g <= BatchNumber - 1, (g++)]): null

2018-05-16 19:55:04 - [TEST_STEP][PASSED] - selectOptionByIndex: All options with index in [1] are selected on object 'Object Repository/PharmacyRequest/Page_Store/select_--Select--BA50'

2018-05-16 19:55:04 - [MESSAGE][PASSED] - All options with index in [1] are selected on object 'Object Repository/PharmacyRequest/Page_Store/select_--Select--BA50'

2018-05-16 19:55:04 - [TEST_STEP][PASSED] - delay: Delayed 1 second(s)

2018-05-16 19:55:05 - [MESSAGE][PASSED] - Delayed 1 second(s)

2018-05-16 19:55:05 - [TEST_STEP][PASSED] - Statement - StockQty = com.kms.katalon.core.webui.keyword.WebUiBuiltInKeywords.getAttribute(com.kms.katalon.core.testobject.ObjectRepository.findTestObject(PharmacyRequest/Page_Store/input_txtprice), "value"): Attribute 'value' of object 'Object Repository/PharmacyRequest/Page_Store/input_txtprice' is: '100'

2018-05-16 19:55:05 - [MESSAGE][PASSED] - Attribute 'value' of object 'Object Repository/PharmacyRequest/Page_Store/input_txtprice' is: '100'

2018-05-16 19:55:05 - [TEST_STEP][PASSED] - Statement - out.println("Stock QTY : " + StockQty): null

2018-05-16 19:55:05 - [TEST_STEP][PASSED] - delay: Delayed 1 second(s)

2018-05-16 19:55:06 - [MESSAGE][PASSED] - Delayed 1 second(s)

2018-05-16 19:55:06 - [TEST_STEP][PASSED] - Statement - If (java.lang.Integer.valueOf(StockQty) >= java.lang.Integer.valueOf(RequestedQty)): null

2018-05-16 19:55:06 - [TEST_STEP][PASSED] - setText: Text '10' is set on object 'Object Repository/PharmacyRequest/Page_Store/input_txtqty'

2018-05-16 19:55:06 - [MESSAGE][PASSED] - Text '10' is set on object 'Object Repository/PharmacyRequest/Page_Store/input_txtqty'

2018-05-16 19:55:06 - [TEST_STEP][PASSED] - click: Object: 'Object Repository/PharmacyRequest/Page_Store/button_Add' is clicked on

2018-05-16 19:55:06 - [MESSAGE][PASSED] - Object: 'Object Repository/PharmacyRequest/Page_Store/button_Add' is clicked on

2018-05-16 19:55:06 - [TEST_STEP][PASSED] - Statement - Break: null

2018-05-16 19:55:06 - [TEST_STEP][PASSED] - selectOptionByIndex: All options with index in [18] are selected on object 'Object Repository/PharmacyRequest/Page_Store/select_--Select--Amlodepin -5'

2018-05-16 19:55:06 - [MESSAGE][PASSED] - All options with index in [18] are selected on object 'Object Repository/PharmacyRequest/Page_Store/select_--Select--Amlodepin -5'

2018-05-16 19:55:06 - [TEST_STEP][PASSED] - delay: Delayed 1 second(s)

2018-05-16 19:55:07 - [MESSAGE][PASSED] - Delayed 1 second(s)

2018-05-16 19:55:07 - [TEST_STEP][PASSED] - Statement - RequestedQty = com.kms.katalon.core.webui.keyword.WebUiBuiltInKeywords.getAttribute(com.kms.katalon.core.testobject.ObjectRepository.findTestObject(PharmacyRequest/Page_Store/input_txttotal), "value"): Attribute 'value' of object 'Object Repository/PharmacyRequest/Page_Store/input_txttotal' is: '10'

2018-05-16 19:55:08 - [MESSAGE][PASSED] - Attribute 'value' of object 'Object Repository/PharmacyRequest/Page_Store/input_txttotal' is: '10'

2018-05-16 19:55:08 - [TEST_STEP][PASSED] - Statement - out.println("Requested QTY : " + RequestedQty): null

2018-05-16 19:55:08 - [TEST_STEP][PASSED] - Statement - BatchNumber = com.kms.katalon.core.webui.keyword.WebUiBuiltInKeywords.getNumberOfTotalOption(com.kms.katalon.core.testobject.ObjectRepository.findTestObject(PharmacyRequest/Page_Store/select_--Select--BA50)): 2 options of object 'Object Repository/PharmacyRequest/Page_Store/select_--Select--BA50' counted

2018-05-16 19:55:08 - [MESSAGE][PASSED] - 2 options of object 'Object Repository/PharmacyRequest/Page_Store/select_--Select--BA50' counted

2018-05-16 19:55:08 - [TEST_STEP][PASSED] - Statement - For ([g = 1, g <= BatchNumber - 1, (g++)]): null

2018-05-16 19:55:08 - [TEST_STEP][PASSED] - selectOptionByIndex: All options with index in [1] are selected on object 'Object Repository/PharmacyRequest/Page_Store/select_--Select--BA50'

2018-05-16 19:55:08 - [MESSAGE][PASSED] - All options with index in [1] are selected on object 'Object Repository/PharmacyRequest/Page_Store/select_--Select--BA50'

2018-05-16 19:55:08 - [TEST_STEP][PASSED] - delay: Delayed 1 second(s)

2018-05-16 19:55:09 - [MESSAGE][PASSED] - Delayed 1 second(s)

2018-05-16 19:55:09 - [TEST_STEP][PASSED] - Statement - StockQty = com.kms.katalon.core.webui.keyword.WebUiBuiltInKeywords.getAttribute(com.kms.katalon.core.testobject.ObjectRepository.findTestObject(PharmacyRequest/Page_Store/input_txtprice), "value"): Attribute 'value' of object 'Object Repository/PharmacyRequest/Page_Store/input_txtprice' is: '100'

2018-05-16 19:55:09 - [MESSAGE][PASSED] - Attribute 'value' of object 'Object Repository/PharmacyRequest/Page_Store/input_txtprice' is: '100'

2018-05-16 19:55:09 - [TEST_STEP][PASSED] - Statement - out.println("Stock QTY : " + StockQty): null

2018-05-16 19:55:09 - [TEST_STEP][PASSED] - delay: Delayed 1 second(s)

2018-05-16 19:55:10 - [MESSAGE][PASSED] - Delayed 1 second(s)

2018-05-16 19:55:10 - [TEST_STEP][PASSED] - Statement - If (java.lang.Integer.valueOf(StockQty) >= java.lang.Integer.valueOf(RequestedQty)): null

2018-05-16 19:55:10 - [TEST_STEP][PASSED] - setText: Text '10' is set on object 'Object Repository/PharmacyRequest/Page_Store/input_txtqty'

2018-05-16 19:55:10 - [MESSAGE][PASSED] - Text '10' is set on object 'Object Repository/PharmacyRequest/Page_Store/input_txtqty'

2018-05-16 19:55:10 - [TEST_STEP][PASSED] - click: Object: 'Object Repository/PharmacyRequest/Page_Store/button_Add' is clicked on

2018-05-16 19:55:10 - [MESSAGE][PASSED] - Object: 'Object Repository/PharmacyRequest/Page_Store/button_Add' is clicked on

2018-05-16 19:55:10 - [TEST_STEP][PASSED] - Statement - Break: null

2018-05-16 19:55:10 - [TEST_STEP][PASSED] - selectOptionByIndex: All options with index in [19] are selected on object 'Object Repository/PharmacyRequest/Page_Store/select_--Select--Amlodepin -5'

2018-05-16 19:55:10 - [MESSAGE][PASSED] - All options with index in [19] are selected on object 'Object Repository/PharmacyRequest/Page_Store/select_--Select--Amlodepin -5'

2018-05-16 19:55:10 - [TEST_STEP][PASSED] - delay: Delayed 1 second(s)

2018-05-16 19:55:11 - [MESSAGE][PASSED] - Delayed 1 second(s)

2018-05-16 19:55:11 - [TEST_STEP][PASSED] - Statement - RequestedQty = com.kms.katalon.core.webui.keyword.WebUiBuiltInKeywords.getAttribute(com.kms.katalon.core.testobject.ObjectRepository.findTestObject(PharmacyRequest/Page_Store/input_txttotal), "value"): Attribute 'value' of object 'Object Repository/PharmacyRequest/Page_Store/input_txttotal' is: '10'

2018-05-16 19:55:11 - [MESSAGE][PASSED] - Attribute 'value' of object 'Object Repository/PharmacyRequest/Page_Store/input_txttotal' is: '10'

2018-05-16 19:55:11 - [TEST_STEP][PASSED] - Statement - out.println("Requested QTY : " + RequestedQty): null

2018-05-16 19:55:11 - [TEST_STEP][PASSED] - Statement - BatchNumber = com.kms.katalon.core.webui.keyword.WebUiBuiltInKeywords.getNumberOfTotalOption(com.kms.katalon.core.testobject.ObjectRepository.findTestObject(PharmacyRequest/Page_Store/select_--Select--BA50)): 2 options of object 'Object Repository/PharmacyRequest/Page_Store/select_--Select--BA50' counted

2018-05-16 19:55:11 - [MESSAGE][PASSED] - 2 options of object 'Object Repository/PharmacyRequest/Page_Store/select_--Select--BA50' counted

2018-05-16 19:55:11 - [TEST_STEP][PASSED] - Statement - For ([g = 1, g <= BatchNumber - 1, (g++)]): null

2018-05-16 19:55:11 - [TEST_STEP][PASSED] - selectOptionByIndex: All options with index in [1] are selected on object 'Object Repository/PharmacyRequest/Page_Store/select_--Select--BA50'

2018-05-16 19:55:11 - [MESSAGE][PASSED] - All options with index in [1] are selected on object 'Object Repository/PharmacyRequest/Page_Store/select_--Select--BA50'

2018-05-16 19:55:11 - [TEST_STEP][PASSED] - delay: Delayed 1 second(s)

2018-05-16 19:55:12 - [MESSAGE][PASSED] - Delayed 1 second(s)

2018-05-16 19:55:12 - [TEST_STEP][PASSED] - Statement - StockQty = com.kms.katalon.core.webui.keyword.WebUiBuiltInKeywords.getAttribute(com.kms.katalon.core.testobject.ObjectRepository.findTestObject(PharmacyRequest/Page_Store/input_txtprice), "value"): Attribute 'value' of object 'Object Repository/PharmacyRequest/Page_Store/input_txtprice' is: '100'

2018-05-16 19:55:12 - [MESSAGE][PASSED] - Attribute 'value' of object 'Object Repository/PharmacyRequest/Page_Store/input_txtprice' is: '100'

2018-05-16 19:55:12 - [TEST_STEP][PASSED] - Statement - out.println("Stock QTY : " + StockQty): null

2018-05-16 19:55:12 - [TEST_STEP][PASSED] - delay: Delayed 1 second(s)

2018-05-16 19:55:13 - [MESSAGE][PASSED] - Delayed 1 second(s)

2018-05-16 19:55:13 - [TEST_STEP][PASSED] - Statement - If (java.lang.Integer.valueOf(StockQty) >= java.lang.Integer.valueOf(RequestedQty)): null

2018-05-16 19:55:13 - [TEST_STEP][PASSED] - setText: Text '10' is set on object 'Object Repository/PharmacyRequest/Page_Store/input_txtqty'

2018-05-16 19:55:13 - [MESSAGE][PASSED] - Text '10' is set on object 'Object Repository/PharmacyRequest/Page_Store/input_txtqty'

2018-05-16 19:55:13 - [TEST_STEP][PASSED] - click: Object: 'Object Repository/PharmacyRequest/Page_Store/button_Add' is clicked on

2018-05-16 19:55:13 - [MESSAGE][PASSED] - Object: 'Object Repository/PharmacyRequest/Page_Store/button_Add' is clicked on

2018-05-16 19:55:13 - [TEST_STEP][PASSED] - Statement - Break: null

2018-05-16 19:55:13 - [TEST_STEP][PASSED] - selectOptionByIndex: All options with index in [20] are selected on object 'Object Repository/PharmacyRequest/Page_Store/select_--Select--Amlodepin -5'

2018-05-16 19:55:14 - [MESSAGE][PASSED] - All options with index in [20] are selected on object 'Object Repository/PharmacyRequest/Page_Store/select_--Select--Amlodepin -5'

2018-05-16 19:55:14 - [TEST_STEP][PASSED] - delay: Delayed 1 second(s)

2018-05-16 19:55:15 - [MESSAGE][PASSED] - Delayed 1 second(s)

2018-05-16 19:55:15 - [TEST_STEP][FAILED] - Statement - RequestedQty = com.kms.katalon.core.webui.keyword.WebUiBuiltInKeywords.getAttribute(com.kms.katalon.core.testobject.ObjectRepository.findTestObject(PharmacyRequest/Page_Store/input_txttotal), "value"): Unable to get attribute 'value' of object 'Object Repository/PharmacyRequest/Page_Store/input_txttotal' (Root cause: org.openqa.selenium.UnhandledAlertException: unexpected alert open: {Alert text : function Error() { [native code] }}
  (Session info: chrome=66.0.3359.139)
  (Driver info: chromedriver=2.35.528161 (5b82f2d2aae0ca24b877009200ced9065a772e73),platform=Windows NT 10.0.17134 x86_64) (WARNING: The server did not provide any stacktrace information)
Command duration or timeout: 0 milliseconds: null
Build info: version: '3.7.1', revision: '8a0099a', time: '2017-11-06T21:07:36.161Z'
System info: host: 'DESKTOP-BLFTK83', ip: '192.168.71.2', os.name: 'Windows 10', os.arch: 'amd64', os.version: '10.0', java.version: '1.8.0_102'
Driver info: com.kms.katalon.selenium.driver.CChromeDriver
Capabilities {acceptInsecureCerts: false, acceptSslCerts: false, applicationCacheEnabled: false, browserConnectionEnabled: false, browserName: chrome, chrome: {chromedriverVersion: 2.35.528161 (5b82f2d2aae0ca..., userDataDir: C:\Users\QUALIT~1\AppData\L...}, cssSelectorsEnabled: true, databaseEnabled: false, handlesAlerts: true, hasTouchScreen: false, javascriptEnabled: true, locationContextEnabled: true, mobileEmulationEnabled: false, nativeEvents: true, networkConnectionEnabled: false, pageLoadStrategy: normal, platform: XP, platformName: XP, rotatable: false, setWindowRect: true, takesHeapSnapshot: true, takesScreenshot: true, unexpectedAlertBehaviour: , unhandledPromptBehavior: , version: 66.0.3359.139, webStorageEnabled: true}
Session ID: 3e013be181604daa4ab1c7d6d82d1260
*** Element info: {Using=xpath, value=id("txttotal")[count(. | //input[@type = 'text' and @id = 'txttotal' and @name = 'txttotal' and @placeholder = 'Req.Qty' and @readonly = 'readonly']) = count(//input[@type = 'text' and @id = 'txttotal' and @name = 'txttotal' and @placeholder = 'Req.Qty' and @readonly = 'readonly'])]})

2018-05-16 19:55:15 - [MESSAGE][WARNING] - Cannot take screenshot

2018-05-16 19:55:15 - [MESSAGE][FAILED] - Unable to get attribute 'value' of object 'Object Repository/PharmacyRequest/Page_Store/input_txttotal' (Root cause: org.openqa.selenium.UnhandledAlertException: unexpected alert open: {Alert text : function Error() { [native code] }}
  (Session info: chrome=66.0.3359.139)
  (Driver info: chromedriver=2.35.528161 (5b82f2d2aae0ca24b877009200ced9065a772e73),platform=Windows NT 10.0.17134 x86_64) (WARNING: The server did not provide any stacktrace information)
Command duration or timeout: 0 milliseconds: null
Build info: version: '3.7.1', revision: '8a0099a', time: '2017-11-06T21:07:36.161Z'
System info: host: 'DESKTOP-BLFTK83', ip: '192.168.71.2', os.name: 'Windows 10', os.arch: 'amd64', os.version: '10.0', java.version: '1.8.0_102'
Driver info: com.kms.katalon.selenium.driver.CChromeDriver
Capabilities {acceptInsecureCerts: false, acceptSslCerts: false, applicationCacheEnabled: false, browserConnectionEnabled: false, browserName: chrome, chrome: {chromedriverVersion: 2.35.528161 (5b82f2d2aae0ca..., userDataDir: C:\Users\QUALIT~1\AppData\L...}, cssSelectorsEnabled: true, databaseEnabled: false, handlesAlerts: true, hasTouchScreen: false, javascriptEnabled: true, locationContextEnabled: true, mobileEmulationEnabled: false, nativeEvents: true, networkConnectionEnabled: false, pageLoadStrategy: normal, platform: XP, platformName: XP, rotatable: false, setWindowRect: true, takesHeapSnapshot: true, takesScreenshot: true, unexpectedAlertBehaviour: , unhandledPromptBehavior: , version: 66.0.3359.139, webStorageEnabled: true}
Session ID: 3e013be181604daa4ab1c7d6d82d1260
*** Element info: {Using=xpath, value=id("txttotal")[count(. | //input[@type = 'text' and @id = 'txttotal' and @name = 'txttotal' and @placeholder = 'Req.Qty' and @readonly = 'readonly']) = count(//input[@type = 'text' and @id = 'txttotal' and @name = 'txttotal' and @placeholder = 'Req.Qty' and @readonly = 'readonly'])]})]]></system-out>
         <system-err><![CDATA[2018-05-16 19:52:41 - [TEST_CASE][FAILED] - Test Cases/PHARMACY TEST CASES/TC_PHAR_009 Verify Schedule 9 Pharmacy Request Are Working Successfully Or Not: Test Cases/PHARMACY TEST CASES/TC_PHAR_009 Verify Schedule 9 Pharmacy Request Are Working Successfully Or Not FAILED because (of) Unable to get attribute 'value' of object 'Object Repository/PharmacyRequest/Page_Store/input_txttotal' (Root cause: org.openqa.selenium.UnhandledAlertException: unexpected alert open: {Alert text : function Error() { [native code] }}
  (Session info: chrome=66.0.3359.139)
  (Driver info: chromedriver=2.35.528161 (5b82f2d2aae0ca24b877009200ced9065a772e73),platform=Windows NT 10.0.17134 x86_64) (WARNING: The server did not provide any stacktrace information)
Command duration or timeout: 0 milliseconds: null
Build info: version: '3.7.1', revision: '8a0099a', time: '2017-11-06T21:07:36.161Z'
System info: host: 'DESKTOP-BLFTK83', ip: '192.168.71.2', os.name: 'Windows 10', os.arch: 'amd64', os.version: '10.0', java.version: '1.8.0_102'
Driver info: com.kms.katalon.selenium.driver.CChromeDriver
Capabilities {acceptInsecureCerts: false, acceptSslCerts: false, applicationCacheEnabled: false, browserConnectionEnabled: false, browserName: chrome, chrome: {chromedriverVersion: 2.35.528161 (5b82f2d2aae0ca..., userDataDir: C:\Users\QUALIT~1\AppData\L...}, cssSelectorsEnabled: true, databaseEnabled: false, handlesAlerts: true, hasTouchScreen: false, javascriptEnabled: true, locationContextEnabled: true, mobileEmulationEnabled: false, nativeEvents: true, networkConnectionEnabled: false, pageLoadStrategy: normal, platform: XP, platformName: XP, rotatable: false, setWindowRect: true, takesHeapSnapshot: true, takesScreenshot: true, unexpectedAlertBehaviour: , unhandledPromptBehavior: , version: 66.0.3359.139, webStorageEnabled: true}
Session ID: 3e013be181604daa4ab1c7d6d82d1260
*** Element info: {Using=xpath, value=id("txttotal")[count(. | //input[@type = 'text' and @id = 'txttotal' and @name = 'txttotal' and @placeholder = 'Req.Qty' and @readonly = 'readonly']) = count(//input[@type = 'text' and @id = 'txttotal' and @name = 'txttotal' and @placeholder = 'Req.Qty' and @readonly = 'readonly'])]})]]></system-err>
      </testcase>
      <testcase name="Test Cases/PHARMACY TEST CASES/TC_PHAR_010 Verify Schedule 10 Pharmacy Request Are Working Successfully Or Not" classname="Test Cases/PHARMACY TEST CASES/TC_PHAR_010 Verify Schedule 10 Pharmacy Request Are Working Successfully Or Not" status="PASSED">
         <system-out><![CDATA[2018-05-16 19:55:15 - [TEST_CASE][PASSED] - Test Cases/PHARMACY TEST CASES/TC_PHAR_010 Verify Schedule 10 Pharmacy Request Are Working Successfully Or Not: Test Cases/PHARMACY TEST CASES/TC_PHAR_010 Verify Schedule 10 Pharmacy Request Are Working Successfully Or Not

2018-05-16 19:55:15 - [TEST_STEP][PASSED] - openBrowser: Browser is opened with url: ''

2018-05-16 19:55:15 - [MESSAGE][WARNING] - A browser is already opened. Closing browser and opening a new one

2018-05-16 19:55:18 - [MESSAGE][PASSED] - Browser is opened with url: ''

2018-05-16 19:55:18 - [TEST_STEP][PASSED] - Statement - out.println("Verify Schedule 10 Pharmacy Request Are Working Successfully Or Not"): null

2018-05-16 19:55:18 - [TEST_STEP][PASSED] - navigateToUrl: Navigate to 'http://192.168.137.1/multihospital_new/' successfully

2018-05-16 19:55:19 - [MESSAGE][PASSED] - Navigate to 'http://192.168.137.1/multihospital_new/' successfully

2018-05-16 19:55:19 - [TEST_STEP][PASSED] - maximizeWindow: Current window maximized

2018-05-16 19:55:21 - [MESSAGE][PASSED] - Current window maximized

2018-05-16 19:55:21 - [TEST_STEP][PASSED] - click: Object: 'Object Repository/PharmacyRequest/Page_KDMC/a_Pharmacy' is clicked on

2018-05-16 19:55:21 - [MESSAGE][PASSED] - Object: 'Object Repository/PharmacyRequest/Page_KDMC/a_Pharmacy' is clicked on

2018-05-16 19:55:21 - [TEST_STEP][PASSED] - setText: Text 'raja' is set on object 'Object Repository/PharmacyRequest/Page_Pharmacy login/input_txtusername'

2018-05-16 19:55:21 - [MESSAGE][PASSED] - Text 'raja' is set on object 'Object Repository/PharmacyRequest/Page_Pharmacy login/input_txtusername'

2018-05-16 19:55:21 - [TEST_STEP][PASSED] - setText: Text '123' is set on object 'Object Repository/PharmacyRequest/Page_Pharmacy login/input_txtpassword'

2018-05-16 19:55:21 - [MESSAGE][PASSED] - Text '123' is set on object 'Object Repository/PharmacyRequest/Page_Pharmacy login/input_txtpassword'

2018-05-16 19:55:21 - [TEST_STEP][PASSED] - delay: Delayed 3 second(s)

2018-05-16 19:55:24 - [MESSAGE][PASSED] - Delayed 3 second(s)

2018-05-16 19:55:24 - [TEST_STEP][PASSED] - click: Object: 'Object Repository/PharmacyRequest/Page_Pharmacy login/button_Sign in' is clicked on

2018-05-16 19:55:25 - [MESSAGE][PASSED] - Object: 'Object Repository/PharmacyRequest/Page_Pharmacy login/button_Sign in' is clicked on

2018-05-16 19:55:25 - [TEST_STEP][PASSED] - delay: Delayed 3 second(s)

2018-05-16 19:55:28 - [MESSAGE][PASSED] - Delayed 3 second(s)

2018-05-16 19:55:28 - [TEST_STEP][PASSED] - click: Object: 'Object Repository/PharmacyRequest/Page_KDMC - Pharmacy/a_Inventory' is clicked on

2018-05-16 19:55:30 - [MESSAGE][PASSED] - Object: 'Object Repository/PharmacyRequest/Page_KDMC - Pharmacy/a_Inventory' is clicked on

2018-05-16 19:55:30 - [TEST_STEP][PASSED] - delay: Delayed 3 second(s)

2018-05-16 19:55:33 - [MESSAGE][PASSED] - Delayed 3 second(s)

2018-05-16 19:55:33 - [TEST_STEP][PASSED] - click: Object: 'Object Repository/PharmacyRequest/Page_KDMC-Pharmacy/a_Store Request' is clicked on

2018-05-16 19:55:33 - [MESSAGE][PASSED] - Object: 'Object Repository/PharmacyRequest/Page_KDMC-Pharmacy/a_Store Request' is clicked on

2018-05-16 19:55:33 - [TEST_STEP][PASSED] - click: Object: 'Object Repository/PharmacyRequest/Page_KDMC-Pharmacy/a_Medicine Request' is clicked on

2018-05-16 19:55:34 - [MESSAGE][PASSED] - Object: 'Object Repository/PharmacyRequest/Page_KDMC-Pharmacy/a_Medicine Request' is clicked on

2018-05-16 19:55:34 - [TEST_STEP][PASSED] - selectOptionByIndex: All options with index in [10] are selected on object 'Object Repository/PharmacyRequest/Page_KDMC-Pharmacy/select_--Select--Schedule 1Inj'

2018-05-16 19:55:34 - [MESSAGE][PASSED] - All options with index in [10] are selected on object 'Object Repository/PharmacyRequest/Page_KDMC-Pharmacy/select_--Select--Schedule 1Inj'

2018-05-16 19:55:34 - [TEST_STEP][PASSED] - Statement - MedicineLength = com.kms.katalon.core.webui.keyword.WebUiBuiltInKeywords.getNumberOfTotalOption(com.kms.katalon.core.testobject.ObjectRepository.findTestObject(PharmacyRequest/Page_KDMC-Pharmacy/select_--Select--Albendazole)): 19 options of object 'Object Repository/PharmacyRequest/Page_KDMC-Pharmacy/select_--Select--Albendazole' counted

2018-05-16 19:55:34 - [MESSAGE][PASSED] - 19 options of object 'Object Repository/PharmacyRequest/Page_KDMC-Pharmacy/select_--Select--Albendazole' counted

2018-05-16 19:55:34 - [TEST_STEP][PASSED] - Statement - For ([l = 1, l <= MedicineLength - 1, (l++)]): Object: 'Object Repository/PharmacyRequest/Page_KDMC-Pharmacy/button_Add' is clicked on

2018-05-16 19:55:34 - [TEST_STEP][PASSED] - selectOptionByIndex: All options with index in [10] are selected on object 'Object Repository/PharmacyRequest/Page_KDMC-Pharmacy/select_--Select--Schedule 1Inj'

2018-05-16 19:55:34 - [MESSAGE][PASSED] - All options with index in [10] are selected on object 'Object Repository/PharmacyRequest/Page_KDMC-Pharmacy/select_--Select--Schedule 1Inj'

2018-05-16 19:55:34 - [TEST_STEP][PASSED] - selectOptionByIndex: All options with index in [1] are selected on object 'Object Repository/PharmacyRequest/Page_KDMC-Pharmacy/select_--Select--Albendazole'

2018-05-16 19:55:34 - [MESSAGE][PASSED] - All options with index in [1] are selected on object 'Object Repository/PharmacyRequest/Page_KDMC-Pharmacy/select_--Select--Albendazole'

2018-05-16 19:55:34 - [TEST_STEP][PASSED] - setText: Text '10' is set on object 'Object Repository/PharmacyRequest/Page_KDMC-Pharmacy/input_txttreat'

2018-05-16 19:55:34 - [MESSAGE][PASSED] - Text '10' is set on object 'Object Repository/PharmacyRequest/Page_KDMC-Pharmacy/input_txttreat'

2018-05-16 19:55:34 - [TEST_STEP][PASSED] - click: Object: 'Object Repository/PharmacyRequest/Page_KDMC-Pharmacy/button_Add' is clicked on

2018-05-16 19:55:34 - [MESSAGE][PASSED] - Object: 'Object Repository/PharmacyRequest/Page_KDMC-Pharmacy/button_Add' is clicked on

2018-05-16 19:55:34 - [TEST_STEP][PASSED] - selectOptionByIndex: All options with index in [10] are selected on object 'Object Repository/PharmacyRequest/Page_KDMC-Pharmacy/select_--Select--Schedule 1Inj'

2018-05-16 19:55:35 - [MESSAGE][PASSED] - All options with index in [10] are selected on object 'Object Repository/PharmacyRequest/Page_KDMC-Pharmacy/select_--Select--Schedule 1Inj'

2018-05-16 19:55:35 - [TEST_STEP][PASSED] - selectOptionByIndex: All options with index in [2] are selected on object 'Object Repository/PharmacyRequest/Page_KDMC-Pharmacy/select_--Select--Albendazole'

2018-05-16 19:55:35 - [MESSAGE][PASSED] - All options with index in [2] are selected on object 'Object Repository/PharmacyRequest/Page_KDMC-Pharmacy/select_--Select--Albendazole'

2018-05-16 19:55:35 - [TEST_STEP][PASSED] - setText: Text '10' is set on object 'Object Repository/PharmacyRequest/Page_KDMC-Pharmacy/input_txttreat'

2018-05-16 19:55:35 - [MESSAGE][PASSED] - Text '10' is set on object 'Object Repository/PharmacyRequest/Page_KDMC-Pharmacy/input_txttreat'

2018-05-16 19:55:35 - [TEST_STEP][PASSED] - click: Object: 'Object Repository/PharmacyRequest/Page_KDMC-Pharmacy/button_Add' is clicked on

2018-05-16 19:55:35 - [MESSAGE][PASSED] - Object: 'Object Repository/PharmacyRequest/Page_KDMC-Pharmacy/button_Add' is clicked on

2018-05-16 19:55:35 - [TEST_STEP][PASSED] - selectOptionByIndex: All options with index in [10] are selected on object 'Object Repository/PharmacyRequest/Page_KDMC-Pharmacy/select_--Select--Schedule 1Inj'

2018-05-16 19:55:35 - [MESSAGE][PASSED] - All options with index in [10] are selected on object 'Object Repository/PharmacyRequest/Page_KDMC-Pharmacy/select_--Select--Schedule 1Inj'

2018-05-16 19:55:35 - [TEST_STEP][PASSED] - selectOptionByIndex: All options with index in [3] are selected on object 'Object Repository/PharmacyRequest/Page_KDMC-Pharmacy/select_--Select--Albendazole'

2018-05-16 19:55:35 - [MESSAGE][PASSED] - All options with index in [3] are selected on object 'Object Repository/PharmacyRequest/Page_KDMC-Pharmacy/select_--Select--Albendazole'

2018-05-16 19:55:35 - [TEST_STEP][PASSED] - setText: Text '10' is set on object 'Object Repository/PharmacyRequest/Page_KDMC-Pharmacy/input_txttreat'

2018-05-16 19:55:35 - [MESSAGE][PASSED] - Text '10' is set on object 'Object Repository/PharmacyRequest/Page_KDMC-Pharmacy/input_txttreat'

2018-05-16 19:55:35 - [TEST_STEP][PASSED] - click: Object: 'Object Repository/PharmacyRequest/Page_KDMC-Pharmacy/button_Add' is clicked on

2018-05-16 19:55:35 - [MESSAGE][PASSED] - Object: 'Object Repository/PharmacyRequest/Page_KDMC-Pharmacy/button_Add' is clicked on

2018-05-16 19:55:35 - [TEST_STEP][PASSED] - selectOptionByIndex: All options with index in [10] are selected on object 'Object Repository/PharmacyRequest/Page_KDMC-Pharmacy/select_--Select--Schedule 1Inj'

2018-05-16 19:55:36 - [MESSAGE][PASSED] - All options with index in [10] are selected on object 'Object Repository/PharmacyRequest/Page_KDMC-Pharmacy/select_--Select--Schedule 1Inj'

2018-05-16 19:55:36 - [TEST_STEP][PASSED] - selectOptionByIndex: All options with index in [4] are selected on object 'Object Repository/PharmacyRequest/Page_KDMC-Pharmacy/select_--Select--Albendazole'

2018-05-16 19:55:36 - [MESSAGE][PASSED] - All options with index in [4] are selected on object 'Object Repository/PharmacyRequest/Page_KDMC-Pharmacy/select_--Select--Albendazole'

2018-05-16 19:55:36 - [TEST_STEP][PASSED] - setText: Text '10' is set on object 'Object Repository/PharmacyRequest/Page_KDMC-Pharmacy/input_txttreat'

2018-05-16 19:55:36 - [MESSAGE][PASSED] - Text '10' is set on object 'Object Repository/PharmacyRequest/Page_KDMC-Pharmacy/input_txttreat'

2018-05-16 19:55:36 - [TEST_STEP][PASSED] - click: Object: 'Object Repository/PharmacyRequest/Page_KDMC-Pharmacy/button_Add' is clicked on

2018-05-16 19:55:36 - [MESSAGE][PASSED] - Object: 'Object Repository/PharmacyRequest/Page_KDMC-Pharmacy/button_Add' is clicked on

2018-05-16 19:55:36 - [TEST_STEP][PASSED] - selectOptionByIndex: All options with index in [10] are selected on object 'Object Repository/PharmacyRequest/Page_KDMC-Pharmacy/select_--Select--Schedule 1Inj'

2018-05-16 19:55:36 - [MESSAGE][PASSED] - All options with index in [10] are selected on object 'Object Repository/PharmacyRequest/Page_KDMC-Pharmacy/select_--Select--Schedule 1Inj'

2018-05-16 19:55:36 - [TEST_STEP][PASSED] - selectOptionByIndex: All options with index in [5] are selected on object 'Object Repository/PharmacyRequest/Page_KDMC-Pharmacy/select_--Select--Albendazole'

2018-05-16 19:55:36 - [MESSAGE][PASSED] - All options with index in [5] are selected on object 'Object Repository/PharmacyRequest/Page_KDMC-Pharmacy/select_--Select--Albendazole'

2018-05-16 19:55:36 - [TEST_STEP][PASSED] - setText: Text '10' is set on object 'Object Repository/PharmacyRequest/Page_KDMC-Pharmacy/input_txttreat'

2018-05-16 19:55:36 - [MESSAGE][PASSED] - Text '10' is set on object 'Object Repository/PharmacyRequest/Page_KDMC-Pharmacy/input_txttreat'

2018-05-16 19:55:36 - [TEST_STEP][PASSED] - click: Object: 'Object Repository/PharmacyRequest/Page_KDMC-Pharmacy/button_Add' is clicked on

2018-05-16 19:55:36 - [MESSAGE][PASSED] - Object: 'Object Repository/PharmacyRequest/Page_KDMC-Pharmacy/button_Add' is clicked on

2018-05-16 19:55:36 - [TEST_STEP][PASSED] - selectOptionByIndex: All options with index in [10] are selected on object 'Object Repository/PharmacyRequest/Page_KDMC-Pharmacy/select_--Select--Schedule 1Inj'

2018-05-16 19:55:36 - [MESSAGE][PASSED] - All options with index in [10] are selected on object 'Object Repository/PharmacyRequest/Page_KDMC-Pharmacy/select_--Select--Schedule 1Inj'

2018-05-16 19:55:36 - [TEST_STEP][PASSED] - selectOptionByIndex: All options with index in [6] are selected on object 'Object Repository/PharmacyRequest/Page_KDMC-Pharmacy/select_--Select--Albendazole'

2018-05-16 19:55:37 - [MESSAGE][PASSED] - All options with index in [6] are selected on object 'Object Repository/PharmacyRequest/Page_KDMC-Pharmacy/select_--Select--Albendazole'

2018-05-16 19:55:37 - [TEST_STEP][PASSED] - setText: Text '10' is set on object 'Object Repository/PharmacyRequest/Page_KDMC-Pharmacy/input_txttreat'

2018-05-16 19:55:37 - [MESSAGE][PASSED] - Text '10' is set on object 'Object Repository/PharmacyRequest/Page_KDMC-Pharmacy/input_txttreat'

2018-05-16 19:55:37 - [TEST_STEP][PASSED] - click: Object: 'Object Repository/PharmacyRequest/Page_KDMC-Pharmacy/button_Add' is clicked on

2018-05-16 19:55:37 - [MESSAGE][PASSED] - Object: 'Object Repository/PharmacyRequest/Page_KDMC-Pharmacy/button_Add' is clicked on

2018-05-16 19:55:37 - [TEST_STEP][PASSED] - selectOptionByIndex: All options with index in [10] are selected on object 'Object Repository/PharmacyRequest/Page_KDMC-Pharmacy/select_--Select--Schedule 1Inj'

2018-05-16 19:55:37 - [MESSAGE][PASSED] - All options with index in [10] are selected on object 'Object Repository/PharmacyRequest/Page_KDMC-Pharmacy/select_--Select--Schedule 1Inj'

2018-05-16 19:55:37 - [TEST_STEP][PASSED] - selectOptionByIndex: All options with index in [7] are selected on object 'Object Repository/PharmacyRequest/Page_KDMC-Pharmacy/select_--Select--Albendazole'

2018-05-16 19:55:37 - [MESSAGE][PASSED] - All options with index in [7] are selected on object 'Object Repository/PharmacyRequest/Page_KDMC-Pharmacy/select_--Select--Albendazole'

2018-05-16 19:55:37 - [TEST_STEP][PASSED] - setText: Text '10' is set on object 'Object Repository/PharmacyRequest/Page_KDMC-Pharmacy/input_txttreat'

2018-05-16 19:55:37 - [MESSAGE][PASSED] - Text '10' is set on object 'Object Repository/PharmacyRequest/Page_KDMC-Pharmacy/input_txttreat'

2018-05-16 19:55:37 - [TEST_STEP][PASSED] - click: Object: 'Object Repository/PharmacyRequest/Page_KDMC-Pharmacy/button_Add' is clicked on

2018-05-16 19:55:37 - [MESSAGE][PASSED] - Object: 'Object Repository/PharmacyRequest/Page_KDMC-Pharmacy/button_Add' is clicked on

2018-05-16 19:55:37 - [TEST_STEP][PASSED] - selectOptionByIndex: All options with index in [10] are selected on object 'Object Repository/PharmacyRequest/Page_KDMC-Pharmacy/select_--Select--Schedule 1Inj'

2018-05-16 19:55:37 - [MESSAGE][PASSED] - All options with index in [10] are selected on object 'Object Repository/PharmacyRequest/Page_KDMC-Pharmacy/select_--Select--Schedule 1Inj'

2018-05-16 19:55:37 - [TEST_STEP][PASSED] - selectOptionByIndex: All options with index in [8] are selected on object 'Object Repository/PharmacyRequest/Page_KDMC-Pharmacy/select_--Select--Albendazole'

2018-05-16 19:55:38 - [MESSAGE][PASSED] - All options with index in [8] are selected on object 'Object Repository/PharmacyRequest/Page_KDMC-Pharmacy/select_--Select--Albendazole'

2018-05-16 19:55:38 - [TEST_STEP][PASSED] - setText: Text '10' is set on object 'Object Repository/PharmacyRequest/Page_KDMC-Pharmacy/input_txttreat'

2018-05-16 19:55:38 - [MESSAGE][PASSED] - Text '10' is set on object 'Object Repository/PharmacyRequest/Page_KDMC-Pharmacy/input_txttreat'

2018-05-16 19:55:38 - [TEST_STEP][PASSED] - click: Object: 'Object Repository/PharmacyRequest/Page_KDMC-Pharmacy/button_Add' is clicked on

2018-05-16 19:55:38 - [MESSAGE][PASSED] - Object: 'Object Repository/PharmacyRequest/Page_KDMC-Pharmacy/button_Add' is clicked on

2018-05-16 19:55:38 - [TEST_STEP][PASSED] - selectOptionByIndex: All options with index in [10] are selected on object 'Object Repository/PharmacyRequest/Page_KDMC-Pharmacy/select_--Select--Schedule 1Inj'

2018-05-16 19:55:38 - [MESSAGE][PASSED] - All options with index in [10] are selected on object 'Object Repository/PharmacyRequest/Page_KDMC-Pharmacy/select_--Select--Schedule 1Inj'

2018-05-16 19:55:38 - [TEST_STEP][PASSED] - selectOptionByIndex: All options with index in [9] are selected on object 'Object Repository/PharmacyRequest/Page_KDMC-Pharmacy/select_--Select--Albendazole'

2018-05-16 19:55:38 - [MESSAGE][PASSED] - All options with index in [9] are selected on object 'Object Repository/PharmacyRequest/Page_KDMC-Pharmacy/select_--Select--Albendazole'

2018-05-16 19:55:38 - [TEST_STEP][PASSED] - setText: Text '10' is set on object 'Object Repository/PharmacyRequest/Page_KDMC-Pharmacy/input_txttreat'

2018-05-16 19:55:38 - [MESSAGE][PASSED] - Text '10' is set on object 'Object Repository/PharmacyRequest/Page_KDMC-Pharmacy/input_txttreat'

2018-05-16 19:55:38 - [TEST_STEP][PASSED] - click: Object: 'Object Repository/PharmacyRequest/Page_KDMC-Pharmacy/button_Add' is clicked on

2018-05-16 19:55:38 - [MESSAGE][PASSED] - Object: 'Object Repository/PharmacyRequest/Page_KDMC-Pharmacy/button_Add' is clicked on

2018-05-16 19:55:38 - [TEST_STEP][PASSED] - selectOptionByIndex: All options with index in [10] are selected on object 'Object Repository/PharmacyRequest/Page_KDMC-Pharmacy/select_--Select--Schedule 1Inj'

2018-05-16 19:55:38 - [MESSAGE][PASSED] - All options with index in [10] are selected on object 'Object Repository/PharmacyRequest/Page_KDMC-Pharmacy/select_--Select--Schedule 1Inj'

2018-05-16 19:55:38 - [TEST_STEP][PASSED] - selectOptionByIndex: All options with index in [10] are selected on object 'Object Repository/PharmacyRequest/Page_KDMC-Pharmacy/select_--Select--Albendazole'

2018-05-16 19:55:39 - [MESSAGE][PASSED] - All options with index in [10] are selected on object 'Object Repository/PharmacyRequest/Page_KDMC-Pharmacy/select_--Select--Albendazole'

2018-05-16 19:55:39 - [TEST_STEP][PASSED] - setText: Text '10' is set on object 'Object Repository/PharmacyRequest/Page_KDMC-Pharmacy/input_txttreat'

2018-05-16 19:55:39 - [MESSAGE][PASSED] - Text '10' is set on object 'Object Repository/PharmacyRequest/Page_KDMC-Pharmacy/input_txttreat'

2018-05-16 19:55:39 - [TEST_STEP][PASSED] - click: Object: 'Object Repository/PharmacyRequest/Page_KDMC-Pharmacy/button_Add' is clicked on

2018-05-16 19:55:39 - [MESSAGE][PASSED] - Object: 'Object Repository/PharmacyRequest/Page_KDMC-Pharmacy/button_Add' is clicked on

2018-05-16 19:55:39 - [TEST_STEP][PASSED] - selectOptionByIndex: All options with index in [10] are selected on object 'Object Repository/PharmacyRequest/Page_KDMC-Pharmacy/select_--Select--Schedule 1Inj'

2018-05-16 19:55:39 - [MESSAGE][PASSED] - All options with index in [10] are selected on object 'Object Repository/PharmacyRequest/Page_KDMC-Pharmacy/select_--Select--Schedule 1Inj'

2018-05-16 19:55:39 - [TEST_STEP][PASSED] - selectOptionByIndex: All options with index in [11] are selected on object 'Object Repository/PharmacyRequest/Page_KDMC-Pharmacy/select_--Select--Albendazole'

2018-05-16 19:55:39 - [MESSAGE][PASSED] - All options with index in [11] are selected on object 'Object Repository/PharmacyRequest/Page_KDMC-Pharmacy/select_--Select--Albendazole'

2018-05-16 19:55:39 - [TEST_STEP][PASSED] - setText: Text '10' is set on object 'Object Repository/PharmacyRequest/Page_KDMC-Pharmacy/input_txttreat'

2018-05-16 19:55:39 - [MESSAGE][PASSED] - Text '10' is set on object 'Object Repository/PharmacyRequest/Page_KDMC-Pharmacy/input_txttreat'

2018-05-16 19:55:39 - [TEST_STEP][PASSED] - click: Object: 'Object Repository/PharmacyRequest/Page_KDMC-Pharmacy/button_Add' is clicked on

2018-05-16 19:55:39 - [MESSAGE][PASSED] - Object: 'Object Repository/PharmacyRequest/Page_KDMC-Pharmacy/button_Add' is clicked on

2018-05-16 19:55:39 - [TEST_STEP][PASSED] - selectOptionByIndex: All options with index in [10] are selected on object 'Object Repository/PharmacyRequest/Page_KDMC-Pharmacy/select_--Select--Schedule 1Inj'

2018-05-16 19:55:39 - [MESSAGE][PASSED] - All options with index in [10] are selected on object 'Object Repository/PharmacyRequest/Page_KDMC-Pharmacy/select_--Select--Schedule 1Inj'

2018-05-16 19:55:39 - [TEST_STEP][PASSED] - selectOptionByIndex: All options with index in [12] are selected on object 'Object Repository/PharmacyRequest/Page_KDMC-Pharmacy/select_--Select--Albendazole'

2018-05-16 19:55:40 - [MESSAGE][PASSED] - All options with index in [12] are selected on object 'Object Repository/PharmacyRequest/Page_KDMC-Pharmacy/select_--Select--Albendazole'

2018-05-16 19:55:40 - [TEST_STEP][PASSED] - setText: Text '10' is set on object 'Object Repository/PharmacyRequest/Page_KDMC-Pharmacy/input_txttreat'

2018-05-16 19:55:40 - [MESSAGE][PASSED] - Text '10' is set on object 'Object Repository/PharmacyRequest/Page_KDMC-Pharmacy/input_txttreat'

2018-05-16 19:55:40 - [TEST_STEP][PASSED] - click: Object: 'Object Repository/PharmacyRequest/Page_KDMC-Pharmacy/button_Add' is clicked on

2018-05-16 19:55:40 - [MESSAGE][PASSED] - Object: 'Object Repository/PharmacyRequest/Page_KDMC-Pharmacy/button_Add' is clicked on

2018-05-16 19:55:40 - [TEST_STEP][PASSED] - selectOptionByIndex: All options with index in [10] are selected on object 'Object Repository/PharmacyRequest/Page_KDMC-Pharmacy/select_--Select--Schedule 1Inj'

2018-05-16 19:55:40 - [MESSAGE][PASSED] - All options with index in [10] are selected on object 'Object Repository/PharmacyRequest/Page_KDMC-Pharmacy/select_--Select--Schedule 1Inj'

2018-05-16 19:55:40 - [TEST_STEP][PASSED] - selectOptionByIndex: All options with index in [13] are selected on object 'Object Repository/PharmacyRequest/Page_KDMC-Pharmacy/select_--Select--Albendazole'

2018-05-16 19:55:40 - [MESSAGE][PASSED] - All options with index in [13] are selected on object 'Object Repository/PharmacyRequest/Page_KDMC-Pharmacy/select_--Select--Albendazole'

2018-05-16 19:55:40 - [TEST_STEP][PASSED] - setText: Text '10' is set on object 'Object Repository/PharmacyRequest/Page_KDMC-Pharmacy/input_txttreat'

2018-05-16 19:55:40 - [MESSAGE][PASSED] - Text '10' is set on object 'Object Repository/PharmacyRequest/Page_KDMC-Pharmacy/input_txttreat'

2018-05-16 19:55:40 - [TEST_STEP][PASSED] - click: Object: 'Object Repository/PharmacyRequest/Page_KDMC-Pharmacy/button_Add' is clicked on

2018-05-16 19:55:40 - [MESSAGE][PASSED] - Object: 'Object Repository/PharmacyRequest/Page_KDMC-Pharmacy/button_Add' is clicked on

2018-05-16 19:55:40 - [TEST_STEP][PASSED] - selectOptionByIndex: All options with index in [10] are selected on object 'Object Repository/PharmacyRequest/Page_KDMC-Pharmacy/select_--Select--Schedule 1Inj'

2018-05-16 19:55:40 - [MESSAGE][PASSED] - All options with index in [10] are selected on object 'Object Repository/PharmacyRequest/Page_KDMC-Pharmacy/select_--Select--Schedule 1Inj'

2018-05-16 19:55:40 - [TEST_STEP][PASSED] - selectOptionByIndex: All options with index in [14] are selected on object 'Object Repository/PharmacyRequest/Page_KDMC-Pharmacy/select_--Select--Albendazole'

2018-05-16 19:55:41 - [MESSAGE][PASSED] - All options with index in [14] are selected on object 'Object Repository/PharmacyRequest/Page_KDMC-Pharmacy/select_--Select--Albendazole'

2018-05-16 19:55:41 - [TEST_STEP][PASSED] - setText: Text '10' is set on object 'Object Repository/PharmacyRequest/Page_KDMC-Pharmacy/input_txttreat'

2018-05-16 19:55:41 - [MESSAGE][PASSED] - Text '10' is set on object 'Object Repository/PharmacyRequest/Page_KDMC-Pharmacy/input_txttreat'

2018-05-16 19:55:41 - [TEST_STEP][PASSED] - click: Object: 'Object Repository/PharmacyRequest/Page_KDMC-Pharmacy/button_Add' is clicked on

2018-05-16 19:55:41 - [MESSAGE][PASSED] - Object: 'Object Repository/PharmacyRequest/Page_KDMC-Pharmacy/button_Add' is clicked on

2018-05-16 19:55:41 - [TEST_STEP][PASSED] - selectOptionByIndex: All options with index in [10] are selected on object 'Object Repository/PharmacyRequest/Page_KDMC-Pharmacy/select_--Select--Schedule 1Inj'

2018-05-16 19:55:41 - [MESSAGE][PASSED] - All options with index in [10] are selected on object 'Object Repository/PharmacyRequest/Page_KDMC-Pharmacy/select_--Select--Schedule 1Inj'

2018-05-16 19:55:41 - [TEST_STEP][PASSED] - selectOptionByIndex: All options with index in [15] are selected on object 'Object Repository/PharmacyRequest/Page_KDMC-Pharmacy/select_--Select--Albendazole'

2018-05-16 19:55:41 - [MESSAGE][PASSED] - All options with index in [15] are selected on object 'Object Repository/PharmacyRequest/Page_KDMC-Pharmacy/select_--Select--Albendazole'

2018-05-16 19:55:41 - [TEST_STEP][PASSED] - setText: Text '10' is set on object 'Object Repository/PharmacyRequest/Page_KDMC-Pharmacy/input_txttreat'

2018-05-16 19:55:41 - [MESSAGE][PASSED] - Text '10' is set on object 'Object Repository/PharmacyRequest/Page_KDMC-Pharmacy/input_txttreat'

2018-05-16 19:55:41 - [TEST_STEP][PASSED] - click: Object: 'Object Repository/PharmacyRequest/Page_KDMC-Pharmacy/button_Add' is clicked on

2018-05-16 19:55:41 - [MESSAGE][PASSED] - Object: 'Object Repository/PharmacyRequest/Page_KDMC-Pharmacy/button_Add' is clicked on

2018-05-16 19:55:41 - [TEST_STEP][PASSED] - selectOptionByIndex: All options with index in [10] are selected on object 'Object Repository/PharmacyRequest/Page_KDMC-Pharmacy/select_--Select--Schedule 1Inj'

2018-05-16 19:55:41 - [MESSAGE][PASSED] - All options with index in [10] are selected on object 'Object Repository/PharmacyRequest/Page_KDMC-Pharmacy/select_--Select--Schedule 1Inj'

2018-05-16 19:55:41 - [TEST_STEP][PASSED] - selectOptionByIndex: All options with index in [16] are selected on object 'Object Repository/PharmacyRequest/Page_KDMC-Pharmacy/select_--Select--Albendazole'

2018-05-16 19:55:42 - [MESSAGE][PASSED] - All options with index in [16] are selected on object 'Object Repository/PharmacyRequest/Page_KDMC-Pharmacy/select_--Select--Albendazole'

2018-05-16 19:55:42 - [TEST_STEP][PASSED] - setText: Text '10' is set on object 'Object Repository/PharmacyRequest/Page_KDMC-Pharmacy/input_txttreat'

2018-05-16 19:55:42 - [MESSAGE][PASSED] - Text '10' is set on object 'Object Repository/PharmacyRequest/Page_KDMC-Pharmacy/input_txttreat'

2018-05-16 19:55:42 - [TEST_STEP][PASSED] - click: Object: 'Object Repository/PharmacyRequest/Page_KDMC-Pharmacy/button_Add' is clicked on

2018-05-16 19:55:42 - [MESSAGE][PASSED] - Object: 'Object Repository/PharmacyRequest/Page_KDMC-Pharmacy/button_Add' is clicked on

2018-05-16 19:55:42 - [TEST_STEP][PASSED] - selectOptionByIndex: All options with index in [10] are selected on object 'Object Repository/PharmacyRequest/Page_KDMC-Pharmacy/select_--Select--Schedule 1Inj'

2018-05-16 19:55:42 - [MESSAGE][PASSED] - All options with index in [10] are selected on object 'Object Repository/PharmacyRequest/Page_KDMC-Pharmacy/select_--Select--Schedule 1Inj'

2018-05-16 19:55:42 - [TEST_STEP][PASSED] - selectOptionByIndex: All options with index in [17] are selected on object 'Object Repository/PharmacyRequest/Page_KDMC-Pharmacy/select_--Select--Albendazole'

2018-05-16 19:55:42 - [MESSAGE][PASSED] - All options with index in [17] are selected on object 'Object Repository/PharmacyRequest/Page_KDMC-Pharmacy/select_--Select--Albendazole'

2018-05-16 19:55:42 - [TEST_STEP][PASSED] - setText: Text '10' is set on object 'Object Repository/PharmacyRequest/Page_KDMC-Pharmacy/input_txttreat'

2018-05-16 19:55:42 - [MESSAGE][PASSED] - Text '10' is set on object 'Object Repository/PharmacyRequest/Page_KDMC-Pharmacy/input_txttreat'

2018-05-16 19:55:42 - [TEST_STEP][PASSED] - click: Object: 'Object Repository/PharmacyRequest/Page_KDMC-Pharmacy/button_Add' is clicked on

2018-05-16 19:55:42 - [MESSAGE][PASSED] - Object: 'Object Repository/PharmacyRequest/Page_KDMC-Pharmacy/button_Add' is clicked on

2018-05-16 19:55:42 - [TEST_STEP][PASSED] - selectOptionByIndex: All options with index in [10] are selected on object 'Object Repository/PharmacyRequest/Page_KDMC-Pharmacy/select_--Select--Schedule 1Inj'

2018-05-16 19:55:42 - [MESSAGE][PASSED] - All options with index in [10] are selected on object 'Object Repository/PharmacyRequest/Page_KDMC-Pharmacy/select_--Select--Schedule 1Inj'

2018-05-16 19:55:42 - [TEST_STEP][PASSED] - selectOptionByIndex: All options with index in [18] are selected on object 'Object Repository/PharmacyRequest/Page_KDMC-Pharmacy/select_--Select--Albendazole'

2018-05-16 19:55:43 - [MESSAGE][PASSED] - All options with index in [18] are selected on object 'Object Repository/PharmacyRequest/Page_KDMC-Pharmacy/select_--Select--Albendazole'

2018-05-16 19:55:43 - [TEST_STEP][PASSED] - setText: Text '10' is set on object 'Object Repository/PharmacyRequest/Page_KDMC-Pharmacy/input_txttreat'

2018-05-16 19:55:43 - [MESSAGE][PASSED] - Text '10' is set on object 'Object Repository/PharmacyRequest/Page_KDMC-Pharmacy/input_txttreat'

2018-05-16 19:55:43 - [TEST_STEP][PASSED] - click: Object: 'Object Repository/PharmacyRequest/Page_KDMC-Pharmacy/button_Add' is clicked on

2018-05-16 19:55:43 - [MESSAGE][PASSED] - Object: 'Object Repository/PharmacyRequest/Page_KDMC-Pharmacy/button_Add' is clicked on

2018-05-16 19:55:43 - [TEST_STEP][PASSED] - Statement - RN1 = com.kms.katalon.core.webui.keyword.WebUiBuiltInKeywords.getAttribute(com.kms.katalon.core.testobject.ObjectRepository.findTestObject(PharmacyRequest/Page_KDMC-Pharmacy/input_txtno), "value"): Attribute 'value' of object 'Object Repository/PharmacyRequest/Page_KDMC-Pharmacy/input_txtno' is: 'PRNO/16052018/140'

2018-05-16 19:55:43 - [MESSAGE][PASSED] - Attribute 'value' of object 'Object Repository/PharmacyRequest/Page_KDMC-Pharmacy/input_txtno' is: 'PRNO/16052018/140'

2018-05-16 19:55:43 - [TEST_STEP][PASSED] - Statement - out.println(RN1): null

2018-05-16 19:55:43 - [TEST_STEP][PASSED] - Statement - RID = RN1.split("/")[2]: null

2018-05-16 19:55:43 - [TEST_STEP][PASSED] - scrollToElement: Scroll to object 'Object Repository/PharmacyRequest/Page_KDMC-Pharmacy/input_btnsave' successfully

2018-05-16 19:55:43 - [MESSAGE][PASSED] - Scroll to object 'Object Repository/PharmacyRequest/Page_KDMC-Pharmacy/input_btnsave' successfully

2018-05-16 19:55:43 - [TEST_STEP][PASSED] - click: Object: 'Object Repository/PharmacyRequest/Page_KDMC-Pharmacy/input_btnsave' is clicked on

2018-05-16 19:55:43 - [MESSAGE][PASSED] - Object: 'Object Repository/PharmacyRequest/Page_KDMC-Pharmacy/input_btnsave' is clicked on

2018-05-16 19:55:43 - [TEST_STEP][PASSED] - delay: Delayed 3 second(s)

2018-05-16 19:55:46 - [MESSAGE][PASSED] - Delayed 3 second(s)

2018-05-16 19:55:46 - [TEST_STEP][PASSED] - click: Object: 'Object Repository/PharmacyRequest/Page_KDMC-Pharmacy/button_OK' is clicked on

2018-05-16 19:55:46 - [MESSAGE][PASSED] - Object: 'Object Repository/PharmacyRequest/Page_KDMC-Pharmacy/button_OK' is clicked on

2018-05-16 19:55:46 - [TEST_STEP][PASSED] - delay: Delayed 3 second(s)

2018-05-16 19:55:49 - [MESSAGE][PASSED] - Delayed 3 second(s)

2018-05-16 19:55:49 - [TEST_STEP][PASSED] - click: Object: 'Object Repository/PharmacyRequest/Page_KDMC-Pharmacy/a_Back to Pharmacy' is clicked on

2018-05-16 19:55:50 - [MESSAGE][PASSED] - Object: 'Object Repository/PharmacyRequest/Page_KDMC-Pharmacy/a_Back to Pharmacy' is clicked on

2018-05-16 19:55:50 - [TEST_STEP][PASSED] - delay: Delayed 3 second(s)

2018-05-16 19:55:53 - [MESSAGE][PASSED] - Delayed 3 second(s)

2018-05-16 19:55:53 - [TEST_STEP][PASSED] - click: Object: 'Object Repository/PharmacyRequest/Page_KDMC - Pharmacy/a_dropdown-toggle' is clicked on

2018-05-16 19:55:54 - [MESSAGE][PASSED] - Object: 'Object Repository/PharmacyRequest/Page_KDMC - Pharmacy/a_dropdown-toggle' is clicked on

2018-05-16 19:55:54 - [TEST_STEP][PASSED] - click: Object: 'Object Repository/PharmacyRequest/Page_KDMC - Pharmacy/a_Sign out' is clicked on

2018-05-16 19:55:54 - [MESSAGE][PASSED] - Object: 'Object Repository/PharmacyRequest/Page_KDMC - Pharmacy/a_Sign out' is clicked on

2018-05-16 19:55:54 - [TEST_STEP][PASSED] - delay: Delayed 3 second(s)

2018-05-16 19:55:57 - [MESSAGE][PASSED] - Delayed 3 second(s)

2018-05-16 19:55:57 - [TEST_STEP][PASSED] - click: Object: 'Object Repository/PharmacyRequest/Page_KDMC/a_CMO' is clicked on

2018-05-16 19:55:57 - [MESSAGE][PASSED] - Object: 'Object Repository/PharmacyRequest/Page_KDMC/a_CMO' is clicked on

2018-05-16 19:55:57 - [TEST_STEP][PASSED] - setText: Text 'guru' is set on object 'Object Repository/PharmacyRequest/Page_CMO login/input_txtusername'

2018-05-16 19:55:58 - [MESSAGE][PASSED] - Text 'guru' is set on object 'Object Repository/PharmacyRequest/Page_CMO login/input_txtusername'

2018-05-16 19:55:58 - [TEST_STEP][PASSED] - setText: Text '123' is set on object 'Object Repository/PharmacyRequest/Page_CMO login/input_txtpassword'

2018-05-16 19:55:58 - [MESSAGE][PASSED] - Text '123' is set on object 'Object Repository/PharmacyRequest/Page_CMO login/input_txtpassword'

2018-05-16 19:55:58 - [TEST_STEP][PASSED] - delay: Delayed 3 second(s)

2018-05-16 19:56:01 - [MESSAGE][PASSED] - Delayed 3 second(s)

2018-05-16 19:56:01 - [TEST_STEP][PASSED] - click: Object: 'Object Repository/PharmacyRequest/Page_CMO login/button_Sign in' is clicked on

2018-05-16 19:56:01 - [MESSAGE][PASSED] - Object: 'Object Repository/PharmacyRequest/Page_CMO login/button_Sign in' is clicked on

2018-05-16 19:56:01 - [TEST_STEP][PASSED] - click: Object: 'Object Repository/PharmacyRequest/Page_KDMC - CMO/a_Department Wise Request' is clicked on

2018-05-16 19:56:02 - [MESSAGE][PASSED] - Object: 'Object Repository/PharmacyRequest/Page_KDMC - CMO/a_Department Wise Request' is clicked on

2018-05-16 19:56:02 - [TEST_STEP][PASSED] - selectOptionByIndex: All options with index in [2] are selected on object 'Object Repository/PharmacyRequest/Page_KDMC - CMO/select_--ALL--'

2018-05-16 19:56:02 - [MESSAGE][PASSED] - All options with index in [2] are selected on object 'Object Repository/PharmacyRequest/Page_KDMC - CMO/select_--ALL--'

2018-05-16 19:56:02 - [TEST_STEP][PASSED] - selectOptionByIndex: All options with index in [1] are selected on object 'Object Repository/PharmacyRequest/Page_KDMC - CMO/select_--ALL--                _1'

2018-05-16 19:56:02 - [MESSAGE][PASSED] - All options with index in [1] are selected on object 'Object Repository/PharmacyRequest/Page_KDMC - CMO/select_--ALL--                _1'

2018-05-16 19:56:02 - [TEST_STEP][PASSED] - click: Object: 'Object Repository/PharmacyRequest/Page_KDMC - CMO/input_btnsearch' is clicked on

2018-05-16 19:56:02 - [MESSAGE][PASSED] - Object: 'Object Repository/PharmacyRequest/Page_KDMC - CMO/input_btnsearch' is clicked on

2018-05-16 19:56:02 - [TEST_STEP][PASSED] - Statement - ID = com.kms.katalon.core.webui.keyword.WebUiBuiltInKeywords.modifyObjectProperty(com.kms.katalon.core.testobject.ObjectRepository.findTestObject(PharmacyRequest/Page_KDMC - CMO/input_2), "xpath", "equals", "//*[@id=" + RID + "]", true): Modify property of object successfully

2018-05-16 19:56:02 - [MESSAGE][PASSED] - Modify property of object successfully

2018-05-16 19:56:02 - [TEST_STEP][PASSED] - click: Object: 'Object Repository/PharmacyRequest/Page_KDMC - CMO/input_2' is clicked on

2018-05-16 19:56:03 - [MESSAGE][PASSED] - Object: 'Object Repository/PharmacyRequest/Page_KDMC - CMO/input_2' is clicked on

2018-05-16 19:56:03 - [TEST_STEP][PASSED] - delay: Delayed 3 second(s)

2018-05-16 19:56:06 - [MESSAGE][PASSED] - Delayed 3 second(s)

2018-05-16 19:56:06 - [TEST_STEP][PASSED] - selectOptionByIndex: All options with index in [1] are selected on object 'Object Repository/PharmacyRequest/Page_KDMC - CMO/select_--Select--'

2018-05-16 19:56:06 - [MESSAGE][PASSED] - All options with index in [1] are selected on object 'Object Repository/PharmacyRequest/Page_KDMC - CMO/select_--Select--'

2018-05-16 19:56:06 - [TEST_STEP][PASSED] - click: Object: 'Object Repository/PharmacyRequest/Page_KDMC - CMO/input_btnupdate' is clicked on

2018-05-16 19:56:06 - [MESSAGE][PASSED] - Object: 'Object Repository/PharmacyRequest/Page_KDMC - CMO/input_btnupdate' is clicked on

2018-05-16 19:56:06 - [TEST_STEP][PASSED] - delay: Delayed 3 second(s)

2018-05-16 19:56:09 - [MESSAGE][PASSED] - Delayed 3 second(s)

2018-05-16 19:56:09 - [TEST_STEP][PASSED] - click: Object: 'Object Repository/PharmacyRequest/Page_KDMC - CMO/button_OK' is clicked on

2018-05-16 19:56:10 - [MESSAGE][PASSED] - Object: 'Object Repository/PharmacyRequest/Page_KDMC - CMO/button_OK' is clicked on

2018-05-16 19:56:10 - [TEST_STEP][PASSED] - delay: Delayed 3 second(s)

2018-05-16 19:56:13 - [MESSAGE][PASSED] - Delayed 3 second(s)

2018-05-16 19:56:13 - [TEST_STEP][PASSED] - click: Object: 'Object Repository/PharmacyRequest/Page_KDMC - CMO/a_dropdown-toggle' is clicked on

2018-05-16 19:56:13 - [MESSAGE][PASSED] - Object: 'Object Repository/PharmacyRequest/Page_KDMC - CMO/a_dropdown-toggle' is clicked on

2018-05-16 19:56:13 - [TEST_STEP][PASSED] - click: Object: 'Object Repository/PharmacyRequest/Page_KDMC - CMO/a_Sign out' is clicked on

2018-05-16 19:56:13 - [MESSAGE][PASSED] - Object: 'Object Repository/PharmacyRequest/Page_KDMC - CMO/a_Sign out' is clicked on

2018-05-16 19:56:13 - [TEST_STEP][PASSED] - delay: Delayed 3 second(s)

2018-05-16 19:56:16 - [MESSAGE][PASSED] - Delayed 3 second(s)

2018-05-16 19:56:16 - [TEST_STEP][PASSED] - click: Object: 'Object Repository/PharmacyRequest/Page_KDMC/a_Divisional Store' is clicked on

2018-05-16 19:56:16 - [MESSAGE][PASSED] - Object: 'Object Repository/PharmacyRequest/Page_KDMC/a_Divisional Store' is clicked on

2018-05-16 19:56:16 - [TEST_STEP][PASSED] - setText: Text 'ragu' is set on object 'Object Repository/PharmacyRequest/Page_Divisonal Store Login/input_txtusername'

2018-05-16 19:56:16 - [MESSAGE][PASSED] - Text 'ragu' is set on object 'Object Repository/PharmacyRequest/Page_Divisonal Store Login/input_txtusername'

2018-05-16 19:56:16 - [TEST_STEP][PASSED] - setText: Text '123' is set on object 'Object Repository/PharmacyRequest/Page_Divisonal Store Login/input_txtpassword'

2018-05-16 19:56:17 - [MESSAGE][PASSED] - Text '123' is set on object 'Object Repository/PharmacyRequest/Page_Divisonal Store Login/input_txtpassword'

2018-05-16 19:56:17 - [TEST_STEP][PASSED] - delay: Delayed 3 second(s)

2018-05-16 19:56:20 - [MESSAGE][PASSED] - Delayed 3 second(s)

2018-05-16 19:56:20 - [TEST_STEP][PASSED] - click: Object: 'Object Repository/PharmacyRequest/Page_Divisonal Store Login/button_Sign in' is clicked on

2018-05-16 19:56:20 - [MESSAGE][PASSED] - Object: 'Object Repository/PharmacyRequest/Page_Divisonal Store Login/button_Sign in' is clicked on

2018-05-16 19:56:20 - [TEST_STEP][PASSED] - delay: Delayed 3 second(s)

2018-05-16 19:56:23 - [MESSAGE][PASSED] - Delayed 3 second(s)

2018-05-16 19:56:23 - [TEST_STEP][PASSED] - click: Object: 'Object Repository/PharmacyRequest/Page_Store/a_Pharmacy Request' is clicked on

2018-05-16 19:56:23 - [MESSAGE][PASSED] - Object: 'Object Repository/PharmacyRequest/Page_Store/a_Pharmacy Request' is clicked on

2018-05-16 19:56:23 - [TEST_STEP][PASSED] - click: Object: 'Object Repository/PharmacyRequest/Page_Store/a_Request Item Pharmacy' is clicked on

2018-05-16 19:56:24 - [MESSAGE][PASSED] - Object: 'Object Repository/PharmacyRequest/Page_Store/a_Request Item Pharmacy' is clicked on

2018-05-16 19:56:24 - [TEST_STEP][PASSED] - delay: Delayed 2 second(s)

2018-05-16 19:56:26 - [MESSAGE][PASSED] - Delayed 2 second(s)

2018-05-16 19:56:26 - [TEST_STEP][PASSED] - setText: Text 'PRNO/16052018/140' is set on object 'Object Repository/PharmacyRequest/Page_Store/input'

2018-05-16 19:56:26 - [MESSAGE][PASSED] - Text 'PRNO/16052018/140' is set on object 'Object Repository/PharmacyRequest/Page_Store/input'

2018-05-16 19:56:26 - [TEST_STEP][PASSED] - delay: Delayed 2 second(s)

2018-05-16 19:56:28 - [MESSAGE][PASSED] - Delayed 2 second(s)

2018-05-16 19:56:28 - [TEST_STEP][PASSED] - Statement - ChooseRequest = com.kms.katalon.core.webui.keyword.WebUiBuiltInKeywords.modifyObjectProperty(com.kms.katalon.core.testobject.ObjectRepository.findTestObject(PharmacyRequest/Page_Store/input_2), "xpath", "equals", "//*[@id=" + RID + "]", true): Modify property of object successfully

2018-05-16 19:56:28 - [MESSAGE][PASSED] - Modify property of object successfully

2018-05-16 19:56:28 - [TEST_STEP][PASSED] - click: Object: 'Object Repository/PharmacyRequest/Page_Store/input_2' is clicked on

2018-05-16 19:56:29 - [MESSAGE][PASSED] - Object: 'Object Repository/PharmacyRequest/Page_Store/input_2' is clicked on

2018-05-16 19:56:29 - [TEST_STEP][PASSED] - delay: Delayed 2 second(s)

2018-05-16 19:56:31 - [MESSAGE][PASSED] - Delayed 2 second(s)

2018-05-16 19:56:31 - [TEST_STEP][PASSED] - Statement - selectedoptions = com.kms.katalon.core.webui.keyword.WebUiBuiltInKeywords.getNumberOfTotalOption(com.kms.katalon.core.testobject.ObjectRepository.findTestObject(PharmacyRequest/Page_Store/select_--Select--Amlodepin -5)): 19 options of object 'Object Repository/PharmacyRequest/Page_Store/select_--Select--Amlodepin -5' counted

2018-05-16 19:56:31 - [MESSAGE][PASSED] - 19 options of object 'Object Repository/PharmacyRequest/Page_Store/select_--Select--Amlodepin -5' counted

2018-05-16 19:56:31 - [TEST_STEP][PASSED] - Statement - For ([a = 1, a <= selectedoptions - 1, (a++)]): null

2018-05-16 19:56:31 - [TEST_STEP][PASSED] - selectOptionByIndex: All options with index in [1] are selected on object 'Object Repository/PharmacyRequest/Page_Store/select_--Select--Amlodepin -5'

2018-05-16 19:56:31 - [MESSAGE][PASSED] - All options with index in [1] are selected on object 'Object Repository/PharmacyRequest/Page_Store/select_--Select--Amlodepin -5'

2018-05-16 19:56:31 - [TEST_STEP][PASSED] - delay: Delayed 1 second(s)

2018-05-16 19:56:32 - [MESSAGE][PASSED] - Delayed 1 second(s)

2018-05-16 19:56:32 - [TEST_STEP][PASSED] - Statement - RequestedQty = com.kms.katalon.core.webui.keyword.WebUiBuiltInKeywords.getAttribute(com.kms.katalon.core.testobject.ObjectRepository.findTestObject(PharmacyRequest/Page_Store/input_txttotal), "value"): Attribute 'value' of object 'Object Repository/PharmacyRequest/Page_Store/input_txttotal' is: '10'

2018-05-16 19:56:32 - [MESSAGE][PASSED] - Attribute 'value' of object 'Object Repository/PharmacyRequest/Page_Store/input_txttotal' is: '10'

2018-05-16 19:56:32 - [TEST_STEP][PASSED] - Statement - out.println("Requested QTY : " + RequestedQty): null

2018-05-16 19:56:32 - [TEST_STEP][PASSED] - Statement - BatchNumber = com.kms.katalon.core.webui.keyword.WebUiBuiltInKeywords.getNumberOfTotalOption(com.kms.katalon.core.testobject.ObjectRepository.findTestObject(PharmacyRequest/Page_Store/select_--Select--BA50)): 4 options of object 'Object Repository/PharmacyRequest/Page_Store/select_--Select--BA50' counted

2018-05-16 19:56:32 - [MESSAGE][PASSED] - 4 options of object 'Object Repository/PharmacyRequest/Page_Store/select_--Select--BA50' counted

2018-05-16 19:56:32 - [TEST_STEP][PASSED] - Statement - For ([g = 1, g <= BatchNumber - 1, (g++)]): null

2018-05-16 19:56:32 - [TEST_STEP][PASSED] - selectOptionByIndex: All options with index in [1] are selected on object 'Object Repository/PharmacyRequest/Page_Store/select_--Select--BA50'

2018-05-16 19:56:32 - [MESSAGE][PASSED] - All options with index in [1] are selected on object 'Object Repository/PharmacyRequest/Page_Store/select_--Select--BA50'

2018-05-16 19:56:32 - [TEST_STEP][PASSED] - delay: Delayed 1 second(s)

2018-05-16 19:56:33 - [MESSAGE][PASSED] - Delayed 1 second(s)

2018-05-16 19:56:33 - [TEST_STEP][PASSED] - Statement - StockQty = com.kms.katalon.core.webui.keyword.WebUiBuiltInKeywords.getAttribute(com.kms.katalon.core.testobject.ObjectRepository.findTestObject(PharmacyRequest/Page_Store/input_txtprice), "value"): Attribute 'value' of object 'Object Repository/PharmacyRequest/Page_Store/input_txtprice' is: '200'

2018-05-16 19:56:33 - [MESSAGE][PASSED] - Attribute 'value' of object 'Object Repository/PharmacyRequest/Page_Store/input_txtprice' is: '200'

2018-05-16 19:56:33 - [TEST_STEP][PASSED] - Statement - out.println("Stock QTY : " + StockQty): null

2018-05-16 19:56:33 - [TEST_STEP][PASSED] - delay: Delayed 1 second(s)

2018-05-16 19:56:34 - [MESSAGE][PASSED] - Delayed 1 second(s)

2018-05-16 19:56:34 - [TEST_STEP][PASSED] - Statement - If (java.lang.Integer.valueOf(StockQty) >= java.lang.Integer.valueOf(RequestedQty)): null

2018-05-16 19:56:34 - [TEST_STEP][PASSED] - setText: Text '10' is set on object 'Object Repository/PharmacyRequest/Page_Store/input_txtqty'

2018-05-16 19:56:34 - [MESSAGE][PASSED] - Text '10' is set on object 'Object Repository/PharmacyRequest/Page_Store/input_txtqty'

2018-05-16 19:56:34 - [TEST_STEP][PASSED] - click: Object: 'Object Repository/PharmacyRequest/Page_Store/button_Add' is clicked on

2018-05-16 19:56:35 - [MESSAGE][PASSED] - Object: 'Object Repository/PharmacyRequest/Page_Store/button_Add' is clicked on

2018-05-16 19:56:35 - [TEST_STEP][PASSED] - Statement - Break: null

2018-05-16 19:56:35 - [TEST_STEP][PASSED] - selectOptionByIndex: All options with index in [2] are selected on object 'Object Repository/PharmacyRequest/Page_Store/select_--Select--Amlodepin -5'

2018-05-16 19:56:35 - [MESSAGE][PASSED] - All options with index in [2] are selected on object 'Object Repository/PharmacyRequest/Page_Store/select_--Select--Amlodepin -5'

2018-05-16 19:56:35 - [TEST_STEP][PASSED] - delay: Delayed 1 second(s)

2018-05-16 19:56:36 - [MESSAGE][PASSED] - Delayed 1 second(s)

2018-05-16 19:56:36 - [TEST_STEP][PASSED] - Statement - RequestedQty = com.kms.katalon.core.webui.keyword.WebUiBuiltInKeywords.getAttribute(com.kms.katalon.core.testobject.ObjectRepository.findTestObject(PharmacyRequest/Page_Store/input_txttotal), "value"): Attribute 'value' of object 'Object Repository/PharmacyRequest/Page_Store/input_txttotal' is: '10'

2018-05-16 19:56:36 - [MESSAGE][PASSED] - Attribute 'value' of object 'Object Repository/PharmacyRequest/Page_Store/input_txttotal' is: '10'

2018-05-16 19:56:36 - [TEST_STEP][PASSED] - Statement - out.println("Requested QTY : " + RequestedQty): null

2018-05-16 19:56:36 - [TEST_STEP][PASSED] - Statement - BatchNumber = com.kms.katalon.core.webui.keyword.WebUiBuiltInKeywords.getNumberOfTotalOption(com.kms.katalon.core.testobject.ObjectRepository.findTestObject(PharmacyRequest/Page_Store/select_--Select--BA50)): 4 options of object 'Object Repository/PharmacyRequest/Page_Store/select_--Select--BA50' counted

2018-05-16 19:56:36 - [MESSAGE][PASSED] - 4 options of object 'Object Repository/PharmacyRequest/Page_Store/select_--Select--BA50' counted

2018-05-16 19:56:36 - [TEST_STEP][PASSED] - Statement - For ([g = 1, g <= BatchNumber - 1, (g++)]): null

2018-05-16 19:56:36 - [TEST_STEP][PASSED] - selectOptionByIndex: All options with index in [1] are selected on object 'Object Repository/PharmacyRequest/Page_Store/select_--Select--BA50'

2018-05-16 19:56:36 - [MESSAGE][PASSED] - All options with index in [1] are selected on object 'Object Repository/PharmacyRequest/Page_Store/select_--Select--BA50'

2018-05-16 19:56:36 - [TEST_STEP][PASSED] - delay: Delayed 1 second(s)

2018-05-16 19:56:37 - [MESSAGE][PASSED] - Delayed 1 second(s)

2018-05-16 19:56:37 - [TEST_STEP][PASSED] - Statement - StockQty = com.kms.katalon.core.webui.keyword.WebUiBuiltInKeywords.getAttribute(com.kms.katalon.core.testobject.ObjectRepository.findTestObject(PharmacyRequest/Page_Store/input_txtprice), "value"): Attribute 'value' of object 'Object Repository/PharmacyRequest/Page_Store/input_txtprice' is: '100'

2018-05-16 19:56:37 - [MESSAGE][PASSED] - Attribute 'value' of object 'Object Repository/PharmacyRequest/Page_Store/input_txtprice' is: '100'

2018-05-16 19:56:37 - [TEST_STEP][PASSED] - Statement - out.println("Stock QTY : " + StockQty): null

2018-05-16 19:56:37 - [TEST_STEP][PASSED] - delay: Delayed 1 second(s)

2018-05-16 19:56:38 - [MESSAGE][PASSED] - Delayed 1 second(s)

2018-05-16 19:56:38 - [TEST_STEP][PASSED] - Statement - If (java.lang.Integer.valueOf(StockQty) >= java.lang.Integer.valueOf(RequestedQty)): null

2018-05-16 19:56:38 - [TEST_STEP][PASSED] - setText: Text '10' is set on object 'Object Repository/PharmacyRequest/Page_Store/input_txtqty'

2018-05-16 19:56:38 - [MESSAGE][PASSED] - Text '10' is set on object 'Object Repository/PharmacyRequest/Page_Store/input_txtqty'

2018-05-16 19:56:38 - [TEST_STEP][PASSED] - click: Object: 'Object Repository/PharmacyRequest/Page_Store/button_Add' is clicked on

2018-05-16 19:56:38 - [MESSAGE][PASSED] - Object: 'Object Repository/PharmacyRequest/Page_Store/button_Add' is clicked on

2018-05-16 19:56:38 - [TEST_STEP][PASSED] - Statement - Break: null

2018-05-16 19:56:38 - [TEST_STEP][PASSED] - selectOptionByIndex: All options with index in [3] are selected on object 'Object Repository/PharmacyRequest/Page_Store/select_--Select--Amlodepin -5'

2018-05-16 19:56:38 - [MESSAGE][PASSED] - All options with index in [3] are selected on object 'Object Repository/PharmacyRequest/Page_Store/select_--Select--Amlodepin -5'

2018-05-16 19:56:38 - [TEST_STEP][PASSED] - delay: Delayed 1 second(s)

2018-05-16 19:56:39 - [MESSAGE][PASSED] - Delayed 1 second(s)

2018-05-16 19:56:39 - [TEST_STEP][PASSED] - Statement - RequestedQty = com.kms.katalon.core.webui.keyword.WebUiBuiltInKeywords.getAttribute(com.kms.katalon.core.testobject.ObjectRepository.findTestObject(PharmacyRequest/Page_Store/input_txttotal), "value"): Attribute 'value' of object 'Object Repository/PharmacyRequest/Page_Store/input_txttotal' is: '10'

2018-05-16 19:56:39 - [MESSAGE][PASSED] - Attribute 'value' of object 'Object Repository/PharmacyRequest/Page_Store/input_txttotal' is: '10'

2018-05-16 19:56:39 - [TEST_STEP][PASSED] - Statement - out.println("Requested QTY : " + RequestedQty): null

2018-05-16 19:56:39 - [TEST_STEP][PASSED] - Statement - BatchNumber = com.kms.katalon.core.webui.keyword.WebUiBuiltInKeywords.getNumberOfTotalOption(com.kms.katalon.core.testobject.ObjectRepository.findTestObject(PharmacyRequest/Page_Store/select_--Select--BA50)): 4 options of object 'Object Repository/PharmacyRequest/Page_Store/select_--Select--BA50' counted

2018-05-16 19:56:39 - [MESSAGE][PASSED] - 4 options of object 'Object Repository/PharmacyRequest/Page_Store/select_--Select--BA50' counted

2018-05-16 19:56:39 - [TEST_STEP][PASSED] - Statement - For ([g = 1, g <= BatchNumber - 1, (g++)]): null

2018-05-16 19:56:39 - [TEST_STEP][PASSED] - selectOptionByIndex: All options with index in [1] are selected on object 'Object Repository/PharmacyRequest/Page_Store/select_--Select--BA50'

2018-05-16 19:56:39 - [MESSAGE][PASSED] - All options with index in [1] are selected on object 'Object Repository/PharmacyRequest/Page_Store/select_--Select--BA50'

2018-05-16 19:56:39 - [TEST_STEP][PASSED] - delay: Delayed 1 second(s)

2018-05-16 19:56:40 - [MESSAGE][PASSED] - Delayed 1 second(s)

2018-05-16 19:56:40 - [TEST_STEP][PASSED] - Statement - StockQty = com.kms.katalon.core.webui.keyword.WebUiBuiltInKeywords.getAttribute(com.kms.katalon.core.testobject.ObjectRepository.findTestObject(PharmacyRequest/Page_Store/input_txtprice), "value"): Attribute 'value' of object 'Object Repository/PharmacyRequest/Page_Store/input_txtprice' is: '100'

2018-05-16 19:56:40 - [MESSAGE][PASSED] - Attribute 'value' of object 'Object Repository/PharmacyRequest/Page_Store/input_txtprice' is: '100'

2018-05-16 19:56:40 - [TEST_STEP][PASSED] - Statement - out.println("Stock QTY : " + StockQty): null

2018-05-16 19:56:40 - [TEST_STEP][PASSED] - delay: Delayed 1 second(s)

2018-05-16 19:56:41 - [MESSAGE][PASSED] - Delayed 1 second(s)

2018-05-16 19:56:41 - [TEST_STEP][PASSED] - Statement - If (java.lang.Integer.valueOf(StockQty) >= java.lang.Integer.valueOf(RequestedQty)): null

2018-05-16 19:56:41 - [TEST_STEP][PASSED] - setText: Text '10' is set on object 'Object Repository/PharmacyRequest/Page_Store/input_txtqty'

2018-05-16 19:56:42 - [MESSAGE][PASSED] - Text '10' is set on object 'Object Repository/PharmacyRequest/Page_Store/input_txtqty'

2018-05-16 19:56:42 - [TEST_STEP][PASSED] - click: Object: 'Object Repository/PharmacyRequest/Page_Store/button_Add' is clicked on

2018-05-16 19:56:42 - [MESSAGE][PASSED] - Object: 'Object Repository/PharmacyRequest/Page_Store/button_Add' is clicked on

2018-05-16 19:56:42 - [TEST_STEP][PASSED] - Statement - Break: null

2018-05-16 19:56:42 - [TEST_STEP][PASSED] - selectOptionByIndex: All options with index in [4] are selected on object 'Object Repository/PharmacyRequest/Page_Store/select_--Select--Amlodepin -5'

2018-05-16 19:56:42 - [MESSAGE][PASSED] - All options with index in [4] are selected on object 'Object Repository/PharmacyRequest/Page_Store/select_--Select--Amlodepin -5'

2018-05-16 19:56:42 - [TEST_STEP][PASSED] - delay: Delayed 1 second(s)

2018-05-16 19:56:43 - [MESSAGE][PASSED] - Delayed 1 second(s)

2018-05-16 19:56:43 - [TEST_STEP][PASSED] - Statement - RequestedQty = com.kms.katalon.core.webui.keyword.WebUiBuiltInKeywords.getAttribute(com.kms.katalon.core.testobject.ObjectRepository.findTestObject(PharmacyRequest/Page_Store/input_txttotal), "value"): Attribute 'value' of object 'Object Repository/PharmacyRequest/Page_Store/input_txttotal' is: '10'

2018-05-16 19:56:43 - [MESSAGE][PASSED] - Attribute 'value' of object 'Object Repository/PharmacyRequest/Page_Store/input_txttotal' is: '10'

2018-05-16 19:56:43 - [TEST_STEP][PASSED] - Statement - out.println("Requested QTY : " + RequestedQty): null

2018-05-16 19:56:43 - [TEST_STEP][PASSED] - Statement - BatchNumber = com.kms.katalon.core.webui.keyword.WebUiBuiltInKeywords.getNumberOfTotalOption(com.kms.katalon.core.testobject.ObjectRepository.findTestObject(PharmacyRequest/Page_Store/select_--Select--BA50)): 3 options of object 'Object Repository/PharmacyRequest/Page_Store/select_--Select--BA50' counted

2018-05-16 19:56:43 - [MESSAGE][PASSED] - 3 options of object 'Object Repository/PharmacyRequest/Page_Store/select_--Select--BA50' counted

2018-05-16 19:56:43 - [TEST_STEP][PASSED] - Statement - For ([g = 1, g <= BatchNumber - 1, (g++)]): null

2018-05-16 19:56:43 - [TEST_STEP][PASSED] - selectOptionByIndex: All options with index in [1] are selected on object 'Object Repository/PharmacyRequest/Page_Store/select_--Select--BA50'

2018-05-16 19:56:43 - [MESSAGE][PASSED] - All options with index in [1] are selected on object 'Object Repository/PharmacyRequest/Page_Store/select_--Select--BA50'

2018-05-16 19:56:43 - [TEST_STEP][PASSED] - delay: Delayed 1 second(s)

2018-05-16 19:56:44 - [MESSAGE][PASSED] - Delayed 1 second(s)

2018-05-16 19:56:44 - [TEST_STEP][PASSED] - Statement - StockQty = com.kms.katalon.core.webui.keyword.WebUiBuiltInKeywords.getAttribute(com.kms.katalon.core.testobject.ObjectRepository.findTestObject(PharmacyRequest/Page_Store/input_txtprice), "value"): Attribute 'value' of object 'Object Repository/PharmacyRequest/Page_Store/input_txtprice' is: '200'

2018-05-16 19:56:44 - [MESSAGE][PASSED] - Attribute 'value' of object 'Object Repository/PharmacyRequest/Page_Store/input_txtprice' is: '200'

2018-05-16 19:56:44 - [TEST_STEP][PASSED] - Statement - out.println("Stock QTY : " + StockQty): null

2018-05-16 19:56:44 - [TEST_STEP][PASSED] - delay: Delayed 1 second(s)

2018-05-16 19:56:45 - [MESSAGE][PASSED] - Delayed 1 second(s)

2018-05-16 19:56:45 - [TEST_STEP][PASSED] - Statement - If (java.lang.Integer.valueOf(StockQty) >= java.lang.Integer.valueOf(RequestedQty)): null

2018-05-16 19:56:45 - [TEST_STEP][PASSED] - setText: Text '10' is set on object 'Object Repository/PharmacyRequest/Page_Store/input_txtqty'

2018-05-16 19:56:45 - [MESSAGE][PASSED] - Text '10' is set on object 'Object Repository/PharmacyRequest/Page_Store/input_txtqty'

2018-05-16 19:56:45 - [TEST_STEP][PASSED] - click: Object: 'Object Repository/PharmacyRequest/Page_Store/button_Add' is clicked on

2018-05-16 19:56:45 - [MESSAGE][PASSED] - Object: 'Object Repository/PharmacyRequest/Page_Store/button_Add' is clicked on

2018-05-16 19:56:45 - [TEST_STEP][PASSED] - Statement - Break: null

2018-05-16 19:56:45 - [TEST_STEP][PASSED] - selectOptionByIndex: All options with index in [5] are selected on object 'Object Repository/PharmacyRequest/Page_Store/select_--Select--Amlodepin -5'

2018-05-16 19:56:45 - [MESSAGE][PASSED] - All options with index in [5] are selected on object 'Object Repository/PharmacyRequest/Page_Store/select_--Select--Amlodepin -5'

2018-05-16 19:56:45 - [TEST_STEP][PASSED] - delay: Delayed 1 second(s)

2018-05-16 19:56:46 - [MESSAGE][PASSED] - Delayed 1 second(s)

2018-05-16 19:56:46 - [TEST_STEP][PASSED] - Statement - RequestedQty = com.kms.katalon.core.webui.keyword.WebUiBuiltInKeywords.getAttribute(com.kms.katalon.core.testobject.ObjectRepository.findTestObject(PharmacyRequest/Page_Store/input_txttotal), "value"): Attribute 'value' of object 'Object Repository/PharmacyRequest/Page_Store/input_txttotal' is: '10'

2018-05-16 19:56:46 - [MESSAGE][PASSED] - Attribute 'value' of object 'Object Repository/PharmacyRequest/Page_Store/input_txttotal' is: '10'

2018-05-16 19:56:46 - [TEST_STEP][PASSED] - Statement - out.println("Requested QTY : " + RequestedQty): null

2018-05-16 19:56:46 - [TEST_STEP][PASSED] - Statement - BatchNumber = com.kms.katalon.core.webui.keyword.WebUiBuiltInKeywords.getNumberOfTotalOption(com.kms.katalon.core.testobject.ObjectRepository.findTestObject(PharmacyRequest/Page_Store/select_--Select--BA50)): 3 options of object 'Object Repository/PharmacyRequest/Page_Store/select_--Select--BA50' counted

2018-05-16 19:56:46 - [MESSAGE][PASSED] - 3 options of object 'Object Repository/PharmacyRequest/Page_Store/select_--Select--BA50' counted

2018-05-16 19:56:46 - [TEST_STEP][PASSED] - Statement - For ([g = 1, g <= BatchNumber - 1, (g++)]): null

2018-05-16 19:56:46 - [TEST_STEP][PASSED] - selectOptionByIndex: All options with index in [1] are selected on object 'Object Repository/PharmacyRequest/Page_Store/select_--Select--BA50'

2018-05-16 19:56:47 - [MESSAGE][PASSED] - All options with index in [1] are selected on object 'Object Repository/PharmacyRequest/Page_Store/select_--Select--BA50'

2018-05-16 19:56:47 - [TEST_STEP][PASSED] - delay: Delayed 1 second(s)

2018-05-16 19:56:48 - [MESSAGE][PASSED] - Delayed 1 second(s)

2018-05-16 19:56:48 - [TEST_STEP][PASSED] - Statement - StockQty = com.kms.katalon.core.webui.keyword.WebUiBuiltInKeywords.getAttribute(com.kms.katalon.core.testobject.ObjectRepository.findTestObject(PharmacyRequest/Page_Store/input_txtprice), "value"): Attribute 'value' of object 'Object Repository/PharmacyRequest/Page_Store/input_txtprice' is: '1060'

2018-05-16 19:56:48 - [MESSAGE][PASSED] - Attribute 'value' of object 'Object Repository/PharmacyRequest/Page_Store/input_txtprice' is: '1060'

2018-05-16 19:56:48 - [TEST_STEP][PASSED] - Statement - out.println("Stock QTY : " + StockQty): null

2018-05-16 19:56:48 - [TEST_STEP][PASSED] - delay: Delayed 1 second(s)

2018-05-16 19:56:49 - [MESSAGE][PASSED] - Delayed 1 second(s)

2018-05-16 19:56:49 - [TEST_STEP][PASSED] - Statement - If (java.lang.Integer.valueOf(StockQty) >= java.lang.Integer.valueOf(RequestedQty)): null

2018-05-16 19:56:49 - [TEST_STEP][PASSED] - setText: Text '10' is set on object 'Object Repository/PharmacyRequest/Page_Store/input_txtqty'

2018-05-16 19:56:49 - [MESSAGE][PASSED] - Text '10' is set on object 'Object Repository/PharmacyRequest/Page_Store/input_txtqty'

2018-05-16 19:56:49 - [TEST_STEP][PASSED] - click: Object: 'Object Repository/PharmacyRequest/Page_Store/button_Add' is clicked on

2018-05-16 19:56:49 - [MESSAGE][PASSED] - Object: 'Object Repository/PharmacyRequest/Page_Store/button_Add' is clicked on

2018-05-16 19:56:49 - [TEST_STEP][PASSED] - Statement - Break: null

2018-05-16 19:56:49 - [TEST_STEP][PASSED] - selectOptionByIndex: All options with index in [6] are selected on object 'Object Repository/PharmacyRequest/Page_Store/select_--Select--Amlodepin -5'

2018-05-16 19:56:49 - [MESSAGE][PASSED] - All options with index in [6] are selected on object 'Object Repository/PharmacyRequest/Page_Store/select_--Select--Amlodepin -5'

2018-05-16 19:56:49 - [TEST_STEP][PASSED] - delay: Delayed 1 second(s)

2018-05-16 19:56:50 - [MESSAGE][PASSED] - Delayed 1 second(s)

2018-05-16 19:56:50 - [TEST_STEP][PASSED] - Statement - RequestedQty = com.kms.katalon.core.webui.keyword.WebUiBuiltInKeywords.getAttribute(com.kms.katalon.core.testobject.ObjectRepository.findTestObject(PharmacyRequest/Page_Store/input_txttotal), "value"): Attribute 'value' of object 'Object Repository/PharmacyRequest/Page_Store/input_txttotal' is: '10'

2018-05-16 19:56:50 - [MESSAGE][PASSED] - Attribute 'value' of object 'Object Repository/PharmacyRequest/Page_Store/input_txttotal' is: '10'

2018-05-16 19:56:50 - [TEST_STEP][PASSED] - Statement - out.println("Requested QTY : " + RequestedQty): null

2018-05-16 19:56:50 - [TEST_STEP][PASSED] - Statement - BatchNumber = com.kms.katalon.core.webui.keyword.WebUiBuiltInKeywords.getNumberOfTotalOption(com.kms.katalon.core.testobject.ObjectRepository.findTestObject(PharmacyRequest/Page_Store/select_--Select--BA50)): 3 options of object 'Object Repository/PharmacyRequest/Page_Store/select_--Select--BA50' counted

2018-05-16 19:56:50 - [MESSAGE][PASSED] - 3 options of object 'Object Repository/PharmacyRequest/Page_Store/select_--Select--BA50' counted

2018-05-16 19:56:50 - [TEST_STEP][PASSED] - Statement - For ([g = 1, g <= BatchNumber - 1, (g++)]): null

2018-05-16 19:56:50 - [TEST_STEP][PASSED] - selectOptionByIndex: All options with index in [1] are selected on object 'Object Repository/PharmacyRequest/Page_Store/select_--Select--BA50'

2018-05-16 19:56:50 - [MESSAGE][PASSED] - All options with index in [1] are selected on object 'Object Repository/PharmacyRequest/Page_Store/select_--Select--BA50'

2018-05-16 19:56:50 - [TEST_STEP][PASSED] - delay: Delayed 1 second(s)

2018-05-16 19:56:51 - [MESSAGE][PASSED] - Delayed 1 second(s)

2018-05-16 19:56:51 - [TEST_STEP][PASSED] - Statement - StockQty = com.kms.katalon.core.webui.keyword.WebUiBuiltInKeywords.getAttribute(com.kms.katalon.core.testobject.ObjectRepository.findTestObject(PharmacyRequest/Page_Store/input_txtprice), "value"): Attribute 'value' of object 'Object Repository/PharmacyRequest/Page_Store/input_txtprice' is: '1025'

2018-05-16 19:56:51 - [MESSAGE][PASSED] - Attribute 'value' of object 'Object Repository/PharmacyRequest/Page_Store/input_txtprice' is: '1025'

2018-05-16 19:56:51 - [TEST_STEP][PASSED] - Statement - out.println("Stock QTY : " + StockQty): null

2018-05-16 19:56:51 - [TEST_STEP][PASSED] - delay: Delayed 1 second(s)

2018-05-16 19:56:52 - [MESSAGE][PASSED] - Delayed 1 second(s)

2018-05-16 19:56:52 - [TEST_STEP][PASSED] - Statement - If (java.lang.Integer.valueOf(StockQty) >= java.lang.Integer.valueOf(RequestedQty)): null

2018-05-16 19:56:52 - [TEST_STEP][PASSED] - setText: Text '10' is set on object 'Object Repository/PharmacyRequest/Page_Store/input_txtqty'

2018-05-16 19:56:52 - [MESSAGE][PASSED] - Text '10' is set on object 'Object Repository/PharmacyRequest/Page_Store/input_txtqty'

2018-05-16 19:56:52 - [TEST_STEP][PASSED] - click: Object: 'Object Repository/PharmacyRequest/Page_Store/button_Add' is clicked on

2018-05-16 19:56:52 - [MESSAGE][PASSED] - Object: 'Object Repository/PharmacyRequest/Page_Store/button_Add' is clicked on

2018-05-16 19:56:52 - [TEST_STEP][PASSED] - Statement - Break: null

2018-05-16 19:56:52 - [TEST_STEP][PASSED] - selectOptionByIndex: All options with index in [7] are selected on object 'Object Repository/PharmacyRequest/Page_Store/select_--Select--Amlodepin -5'

2018-05-16 19:56:53 - [MESSAGE][PASSED] - All options with index in [7] are selected on object 'Object Repository/PharmacyRequest/Page_Store/select_--Select--Amlodepin -5'

2018-05-16 19:56:53 - [TEST_STEP][PASSED] - delay: Delayed 1 second(s)

2018-05-16 19:56:54 - [MESSAGE][PASSED] - Delayed 1 second(s)

2018-05-16 19:56:54 - [TEST_STEP][PASSED] - Statement - RequestedQty = com.kms.katalon.core.webui.keyword.WebUiBuiltInKeywords.getAttribute(com.kms.katalon.core.testobject.ObjectRepository.findTestObject(PharmacyRequest/Page_Store/input_txttotal), "value"): Attribute 'value' of object 'Object Repository/PharmacyRequest/Page_Store/input_txttotal' is: '10'

2018-05-16 19:56:54 - [MESSAGE][PASSED] - Attribute 'value' of object 'Object Repository/PharmacyRequest/Page_Store/input_txttotal' is: '10'

2018-05-16 19:56:54 - [TEST_STEP][PASSED] - Statement - out.println("Requested QTY : " + RequestedQty): null

2018-05-16 19:56:54 - [TEST_STEP][PASSED] - Statement - BatchNumber = com.kms.katalon.core.webui.keyword.WebUiBuiltInKeywords.getNumberOfTotalOption(com.kms.katalon.core.testobject.ObjectRepository.findTestObject(PharmacyRequest/Page_Store/select_--Select--BA50)): 3 options of object 'Object Repository/PharmacyRequest/Page_Store/select_--Select--BA50' counted

2018-05-16 19:56:54 - [MESSAGE][PASSED] - 3 options of object 'Object Repository/PharmacyRequest/Page_Store/select_--Select--BA50' counted

2018-05-16 19:56:54 - [TEST_STEP][PASSED] - Statement - For ([g = 1, g <= BatchNumber - 1, (g++)]): null

2018-05-16 19:56:54 - [TEST_STEP][PASSED] - selectOptionByIndex: All options with index in [1] are selected on object 'Object Repository/PharmacyRequest/Page_Store/select_--Select--BA50'

2018-05-16 19:56:54 - [MESSAGE][PASSED] - All options with index in [1] are selected on object 'Object Repository/PharmacyRequest/Page_Store/select_--Select--BA50'

2018-05-16 19:56:54 - [TEST_STEP][PASSED] - delay: Delayed 1 second(s)

2018-05-16 19:56:55 - [MESSAGE][PASSED] - Delayed 1 second(s)

2018-05-16 19:56:55 - [TEST_STEP][PASSED] - Statement - StockQty = com.kms.katalon.core.webui.keyword.WebUiBuiltInKeywords.getAttribute(com.kms.katalon.core.testobject.ObjectRepository.findTestObject(PharmacyRequest/Page_Store/input_txtprice), "value"): Attribute 'value' of object 'Object Repository/PharmacyRequest/Page_Store/input_txtprice' is: '200'

2018-05-16 19:56:55 - [MESSAGE][PASSED] - Attribute 'value' of object 'Object Repository/PharmacyRequest/Page_Store/input_txtprice' is: '200'

2018-05-16 19:56:55 - [TEST_STEP][PASSED] - Statement - out.println("Stock QTY : " + StockQty): null

2018-05-16 19:56:55 - [TEST_STEP][PASSED] - delay: Delayed 1 second(s)

2018-05-16 19:56:56 - [MESSAGE][PASSED] - Delayed 1 second(s)

2018-05-16 19:56:56 - [TEST_STEP][PASSED] - Statement - If (java.lang.Integer.valueOf(StockQty) >= java.lang.Integer.valueOf(RequestedQty)): null

2018-05-16 19:56:56 - [TEST_STEP][PASSED] - setText: Text '10' is set on object 'Object Repository/PharmacyRequest/Page_Store/input_txtqty'

2018-05-16 19:56:56 - [MESSAGE][PASSED] - Text '10' is set on object 'Object Repository/PharmacyRequest/Page_Store/input_txtqty'

2018-05-16 19:56:56 - [TEST_STEP][PASSED] - click: Object: 'Object Repository/PharmacyRequest/Page_Store/button_Add' is clicked on

2018-05-16 19:56:56 - [MESSAGE][PASSED] - Object: 'Object Repository/PharmacyRequest/Page_Store/button_Add' is clicked on

2018-05-16 19:56:56 - [TEST_STEP][PASSED] - Statement - Break: null

2018-05-16 19:56:56 - [TEST_STEP][PASSED] - selectOptionByIndex: All options with index in [8] are selected on object 'Object Repository/PharmacyRequest/Page_Store/select_--Select--Amlodepin -5'

2018-05-16 19:56:56 - [MESSAGE][PASSED] - All options with index in [8] are selected on object 'Object Repository/PharmacyRequest/Page_Store/select_--Select--Amlodepin -5'

2018-05-16 19:56:56 - [TEST_STEP][PASSED] - delay: Delayed 1 second(s)

2018-05-16 19:56:57 - [MESSAGE][PASSED] - Delayed 1 second(s)

2018-05-16 19:56:57 - [TEST_STEP][PASSED] - Statement - RequestedQty = com.kms.katalon.core.webui.keyword.WebUiBuiltInKeywords.getAttribute(com.kms.katalon.core.testobject.ObjectRepository.findTestObject(PharmacyRequest/Page_Store/input_txttotal), "value"): Attribute 'value' of object 'Object Repository/PharmacyRequest/Page_Store/input_txttotal' is: '10'

2018-05-16 19:56:57 - [MESSAGE][PASSED] - Attribute 'value' of object 'Object Repository/PharmacyRequest/Page_Store/input_txttotal' is: '10'

2018-05-16 19:56:57 - [TEST_STEP][PASSED] - Statement - out.println("Requested QTY : " + RequestedQty): null

2018-05-16 19:56:57 - [TEST_STEP][PASSED] - Statement - BatchNumber = com.kms.katalon.core.webui.keyword.WebUiBuiltInKeywords.getNumberOfTotalOption(com.kms.katalon.core.testobject.ObjectRepository.findTestObject(PharmacyRequest/Page_Store/select_--Select--BA50)): 3 options of object 'Object Repository/PharmacyRequest/Page_Store/select_--Select--BA50' counted

2018-05-16 19:56:57 - [MESSAGE][PASSED] - 3 options of object 'Object Repository/PharmacyRequest/Page_Store/select_--Select--BA50' counted

2018-05-16 19:56:57 - [TEST_STEP][PASSED] - Statement - For ([g = 1, g <= BatchNumber - 1, (g++)]): null

2018-05-16 19:56:57 - [TEST_STEP][PASSED] - selectOptionByIndex: All options with index in [1] are selected on object 'Object Repository/PharmacyRequest/Page_Store/select_--Select--BA50'

2018-05-16 19:56:57 - [MESSAGE][PASSED] - All options with index in [1] are selected on object 'Object Repository/PharmacyRequest/Page_Store/select_--Select--BA50'

2018-05-16 19:56:57 - [TEST_STEP][PASSED] - delay: Delayed 1 second(s)

2018-05-16 19:56:58 - [MESSAGE][PASSED] - Delayed 1 second(s)

2018-05-16 19:56:58 - [TEST_STEP][PASSED] - Statement - StockQty = com.kms.katalon.core.webui.keyword.WebUiBuiltInKeywords.getAttribute(com.kms.katalon.core.testobject.ObjectRepository.findTestObject(PharmacyRequest/Page_Store/input_txtprice), "value"): Attribute 'value' of object 'Object Repository/PharmacyRequest/Page_Store/input_txtprice' is: '200'

2018-05-16 19:56:58 - [MESSAGE][PASSED] - Attribute 'value' of object 'Object Repository/PharmacyRequest/Page_Store/input_txtprice' is: '200'

2018-05-16 19:56:58 - [TEST_STEP][PASSED] - Statement - out.println("Stock QTY : " + StockQty): null

2018-05-16 19:56:58 - [TEST_STEP][PASSED] - delay: Delayed 1 second(s)

2018-05-16 19:56:59 - [MESSAGE][PASSED] - Delayed 1 second(s)

2018-05-16 19:56:59 - [TEST_STEP][PASSED] - Statement - If (java.lang.Integer.valueOf(StockQty) >= java.lang.Integer.valueOf(RequestedQty)): null

2018-05-16 19:56:59 - [TEST_STEP][PASSED] - setText: Text '10' is set on object 'Object Repository/PharmacyRequest/Page_Store/input_txtqty'

2018-05-16 19:57:00 - [MESSAGE][PASSED] - Text '10' is set on object 'Object Repository/PharmacyRequest/Page_Store/input_txtqty'

2018-05-16 19:57:00 - [TEST_STEP][PASSED] - click: Object: 'Object Repository/PharmacyRequest/Page_Store/button_Add' is clicked on

2018-05-16 19:57:00 - [MESSAGE][PASSED] - Object: 'Object Repository/PharmacyRequest/Page_Store/button_Add' is clicked on

2018-05-16 19:57:00 - [TEST_STEP][PASSED] - Statement - Break: null

2018-05-16 19:57:00 - [TEST_STEP][PASSED] - selectOptionByIndex: All options with index in [9] are selected on object 'Object Repository/PharmacyRequest/Page_Store/select_--Select--Amlodepin -5'

2018-05-16 19:57:00 - [MESSAGE][PASSED] - All options with index in [9] are selected on object 'Object Repository/PharmacyRequest/Page_Store/select_--Select--Amlodepin -5'

2018-05-16 19:57:00 - [TEST_STEP][PASSED] - delay: Delayed 1 second(s)

2018-05-16 19:57:01 - [MESSAGE][PASSED] - Delayed 1 second(s)

2018-05-16 19:57:01 - [TEST_STEP][PASSED] - Statement - RequestedQty = com.kms.katalon.core.webui.keyword.WebUiBuiltInKeywords.getAttribute(com.kms.katalon.core.testobject.ObjectRepository.findTestObject(PharmacyRequest/Page_Store/input_txttotal), "value"): Attribute 'value' of object 'Object Repository/PharmacyRequest/Page_Store/input_txttotal' is: '10'

2018-05-16 19:57:01 - [MESSAGE][PASSED] - Attribute 'value' of object 'Object Repository/PharmacyRequest/Page_Store/input_txttotal' is: '10'

2018-05-16 19:57:01 - [TEST_STEP][PASSED] - Statement - out.println("Requested QTY : " + RequestedQty): null

2018-05-16 19:57:01 - [TEST_STEP][PASSED] - Statement - BatchNumber = com.kms.katalon.core.webui.keyword.WebUiBuiltInKeywords.getNumberOfTotalOption(com.kms.katalon.core.testobject.ObjectRepository.findTestObject(PharmacyRequest/Page_Store/select_--Select--BA50)): 4 options of object 'Object Repository/PharmacyRequest/Page_Store/select_--Select--BA50' counted

2018-05-16 19:57:01 - [MESSAGE][PASSED] - 4 options of object 'Object Repository/PharmacyRequest/Page_Store/select_--Select--BA50' counted

2018-05-16 19:57:01 - [TEST_STEP][PASSED] - Statement - For ([g = 1, g <= BatchNumber - 1, (g++)]): null

2018-05-16 19:57:01 - [TEST_STEP][PASSED] - selectOptionByIndex: All options with index in [1] are selected on object 'Object Repository/PharmacyRequest/Page_Store/select_--Select--BA50'

2018-05-16 19:57:01 - [MESSAGE][PASSED] - All options with index in [1] are selected on object 'Object Repository/PharmacyRequest/Page_Store/select_--Select--BA50'

2018-05-16 19:57:01 - [TEST_STEP][PASSED] - delay: Delayed 1 second(s)

2018-05-16 19:57:02 - [MESSAGE][PASSED] - Delayed 1 second(s)

2018-05-16 19:57:02 - [TEST_STEP][PASSED] - Statement - StockQty = com.kms.katalon.core.webui.keyword.WebUiBuiltInKeywords.getAttribute(com.kms.katalon.core.testobject.ObjectRepository.findTestObject(PharmacyRequest/Page_Store/input_txtprice), "value"): Attribute 'value' of object 'Object Repository/PharmacyRequest/Page_Store/input_txtprice' is: '100'

2018-05-16 19:57:02 - [MESSAGE][PASSED] - Attribute 'value' of object 'Object Repository/PharmacyRequest/Page_Store/input_txtprice' is: '100'

2018-05-16 19:57:02 - [TEST_STEP][PASSED] - Statement - out.println("Stock QTY : " + StockQty): null

2018-05-16 19:57:02 - [TEST_STEP][PASSED] - delay: Delayed 1 second(s)

2018-05-16 19:57:03 - [MESSAGE][PASSED] - Delayed 1 second(s)

2018-05-16 19:57:03 - [TEST_STEP][PASSED] - Statement - If (java.lang.Integer.valueOf(StockQty) >= java.lang.Integer.valueOf(RequestedQty)): null

2018-05-16 19:57:03 - [TEST_STEP][PASSED] - setText: Text '10' is set on object 'Object Repository/PharmacyRequest/Page_Store/input_txtqty'

2018-05-16 19:57:03 - [MESSAGE][PASSED] - Text '10' is set on object 'Object Repository/PharmacyRequest/Page_Store/input_txtqty'

2018-05-16 19:57:03 - [TEST_STEP][PASSED] - click: Object: 'Object Repository/PharmacyRequest/Page_Store/button_Add' is clicked on

2018-05-16 19:57:03 - [MESSAGE][PASSED] - Object: 'Object Repository/PharmacyRequest/Page_Store/button_Add' is clicked on

2018-05-16 19:57:03 - [TEST_STEP][PASSED] - Statement - Break: null

2018-05-16 19:57:03 - [TEST_STEP][PASSED] - selectOptionByIndex: All options with index in [10] are selected on object 'Object Repository/PharmacyRequest/Page_Store/select_--Select--Amlodepin -5'

2018-05-16 19:57:03 - [MESSAGE][PASSED] - All options with index in [10] are selected on object 'Object Repository/PharmacyRequest/Page_Store/select_--Select--Amlodepin -5'

2018-05-16 19:57:03 - [TEST_STEP][PASSED] - delay: Delayed 1 second(s)

2018-05-16 19:57:04 - [MESSAGE][PASSED] - Delayed 1 second(s)

2018-05-16 19:57:04 - [TEST_STEP][PASSED] - Statement - RequestedQty = com.kms.katalon.core.webui.keyword.WebUiBuiltInKeywords.getAttribute(com.kms.katalon.core.testobject.ObjectRepository.findTestObject(PharmacyRequest/Page_Store/input_txttotal), "value"): Attribute 'value' of object 'Object Repository/PharmacyRequest/Page_Store/input_txttotal' is: '10'

2018-05-16 19:57:04 - [MESSAGE][PASSED] - Attribute 'value' of object 'Object Repository/PharmacyRequest/Page_Store/input_txttotal' is: '10'

2018-05-16 19:57:04 - [TEST_STEP][PASSED] - Statement - out.println("Requested QTY : " + RequestedQty): null

2018-05-16 19:57:04 - [TEST_STEP][PASSED] - Statement - BatchNumber = com.kms.katalon.core.webui.keyword.WebUiBuiltInKeywords.getNumberOfTotalOption(com.kms.katalon.core.testobject.ObjectRepository.findTestObject(PharmacyRequest/Page_Store/select_--Select--BA50)): 3 options of object 'Object Repository/PharmacyRequest/Page_Store/select_--Select--BA50' counted

2018-05-16 19:57:04 - [MESSAGE][PASSED] - 3 options of object 'Object Repository/PharmacyRequest/Page_Store/select_--Select--BA50' counted

2018-05-16 19:57:04 - [TEST_STEP][PASSED] - Statement - For ([g = 1, g <= BatchNumber - 1, (g++)]): null

2018-05-16 19:57:04 - [TEST_STEP][PASSED] - selectOptionByIndex: All options with index in [1] are selected on object 'Object Repository/PharmacyRequest/Page_Store/select_--Select--BA50'

2018-05-16 19:57:05 - [MESSAGE][PASSED] - All options with index in [1] are selected on object 'Object Repository/PharmacyRequest/Page_Store/select_--Select--BA50'

2018-05-16 19:57:05 - [TEST_STEP][PASSED] - delay: Delayed 1 second(s)

2018-05-16 19:57:06 - [MESSAGE][PASSED] - Delayed 1 second(s)

2018-05-16 19:57:06 - [TEST_STEP][PASSED] - Statement - StockQty = com.kms.katalon.core.webui.keyword.WebUiBuiltInKeywords.getAttribute(com.kms.katalon.core.testobject.ObjectRepository.findTestObject(PharmacyRequest/Page_Store/input_txtprice), "value"): Attribute 'value' of object 'Object Repository/PharmacyRequest/Page_Store/input_txtprice' is: '200'

2018-05-16 19:57:06 - [MESSAGE][PASSED] - Attribute 'value' of object 'Object Repository/PharmacyRequest/Page_Store/input_txtprice' is: '200'

2018-05-16 19:57:06 - [TEST_STEP][PASSED] - Statement - out.println("Stock QTY : " + StockQty): null

2018-05-16 19:57:06 - [TEST_STEP][PASSED] - delay: Delayed 1 second(s)

2018-05-16 19:57:07 - [MESSAGE][PASSED] - Delayed 1 second(s)

2018-05-16 19:57:07 - [TEST_STEP][PASSED] - Statement - If (java.lang.Integer.valueOf(StockQty) >= java.lang.Integer.valueOf(RequestedQty)): null

2018-05-16 19:57:07 - [TEST_STEP][PASSED] - setText: Text '10' is set on object 'Object Repository/PharmacyRequest/Page_Store/input_txtqty'

2018-05-16 19:57:07 - [MESSAGE][PASSED] - Text '10' is set on object 'Object Repository/PharmacyRequest/Page_Store/input_txtqty'

2018-05-16 19:57:07 - [TEST_STEP][PASSED] - click: Object: 'Object Repository/PharmacyRequest/Page_Store/button_Add' is clicked on

2018-05-16 19:57:07 - [MESSAGE][PASSED] - Object: 'Object Repository/PharmacyRequest/Page_Store/button_Add' is clicked on

2018-05-16 19:57:07 - [TEST_STEP][PASSED] - Statement - Break: null

2018-05-16 19:57:07 - [TEST_STEP][PASSED] - selectOptionByIndex: All options with index in [11] are selected on object 'Object Repository/PharmacyRequest/Page_Store/select_--Select--Amlodepin -5'

2018-05-16 19:57:07 - [MESSAGE][PASSED] - All options with index in [11] are selected on object 'Object Repository/PharmacyRequest/Page_Store/select_--Select--Amlodepin -5'

2018-05-16 19:57:07 - [TEST_STEP][PASSED] - delay: Delayed 1 second(s)

2018-05-16 19:57:08 - [MESSAGE][PASSED] - Delayed 1 second(s)

2018-05-16 19:57:08 - [TEST_STEP][PASSED] - Statement - RequestedQty = com.kms.katalon.core.webui.keyword.WebUiBuiltInKeywords.getAttribute(com.kms.katalon.core.testobject.ObjectRepository.findTestObject(PharmacyRequest/Page_Store/input_txttotal), "value"): Attribute 'value' of object 'Object Repository/PharmacyRequest/Page_Store/input_txttotal' is: '10'

2018-05-16 19:57:08 - [MESSAGE][PASSED] - Attribute 'value' of object 'Object Repository/PharmacyRequest/Page_Store/input_txttotal' is: '10'

2018-05-16 19:57:08 - [TEST_STEP][PASSED] - Statement - out.println("Requested QTY : " + RequestedQty): null

2018-05-16 19:57:08 - [TEST_STEP][PASSED] - Statement - BatchNumber = com.kms.katalon.core.webui.keyword.WebUiBuiltInKeywords.getNumberOfTotalOption(com.kms.katalon.core.testobject.ObjectRepository.findTestObject(PharmacyRequest/Page_Store/select_--Select--BA50)): 4 options of object 'Object Repository/PharmacyRequest/Page_Store/select_--Select--BA50' counted

2018-05-16 19:57:08 - [MESSAGE][PASSED] - 4 options of object 'Object Repository/PharmacyRequest/Page_Store/select_--Select--BA50' counted

2018-05-16 19:57:08 - [TEST_STEP][PASSED] - Statement - For ([g = 1, g <= BatchNumber - 1, (g++)]): null

2018-05-16 19:57:08 - [TEST_STEP][PASSED] - selectOptionByIndex: All options with index in [1] are selected on object 'Object Repository/PharmacyRequest/Page_Store/select_--Select--BA50'

2018-05-16 19:57:08 - [MESSAGE][PASSED] - All options with index in [1] are selected on object 'Object Repository/PharmacyRequest/Page_Store/select_--Select--BA50'

2018-05-16 19:57:08 - [TEST_STEP][PASSED] - delay: Delayed 1 second(s)

2018-05-16 19:57:09 - [MESSAGE][PASSED] - Delayed 1 second(s)

2018-05-16 19:57:09 - [TEST_STEP][PASSED] - Statement - StockQty = com.kms.katalon.core.webui.keyword.WebUiBuiltInKeywords.getAttribute(com.kms.katalon.core.testobject.ObjectRepository.findTestObject(PharmacyRequest/Page_Store/input_txtprice), "value"): Attribute 'value' of object 'Object Repository/PharmacyRequest/Page_Store/input_txtprice' is: '92'

2018-05-16 19:57:09 - [MESSAGE][PASSED] - Attribute 'value' of object 'Object Repository/PharmacyRequest/Page_Store/input_txtprice' is: '92'

2018-05-16 19:57:09 - [TEST_STEP][PASSED] - Statement - out.println("Stock QTY : " + StockQty): null

2018-05-16 19:57:09 - [TEST_STEP][PASSED] - delay: Delayed 1 second(s)

2018-05-16 19:57:10 - [MESSAGE][PASSED] - Delayed 1 second(s)

2018-05-16 19:57:10 - [TEST_STEP][PASSED] - Statement - If (java.lang.Integer.valueOf(StockQty) >= java.lang.Integer.valueOf(RequestedQty)): null

2018-05-16 19:57:10 - [TEST_STEP][PASSED] - setText: Text '10' is set on object 'Object Repository/PharmacyRequest/Page_Store/input_txtqty'

2018-05-16 19:57:10 - [MESSAGE][PASSED] - Text '10' is set on object 'Object Repository/PharmacyRequest/Page_Store/input_txtqty'

2018-05-16 19:57:10 - [TEST_STEP][PASSED] - click: Object: 'Object Repository/PharmacyRequest/Page_Store/button_Add' is clicked on

2018-05-16 19:57:10 - [MESSAGE][PASSED] - Object: 'Object Repository/PharmacyRequest/Page_Store/button_Add' is clicked on

2018-05-16 19:57:10 - [TEST_STEP][PASSED] - Statement - Break: null

2018-05-16 19:57:10 - [TEST_STEP][PASSED] - selectOptionByIndex: All options with index in [12] are selected on object 'Object Repository/PharmacyRequest/Page_Store/select_--Select--Amlodepin -5'

2018-05-16 19:57:11 - [MESSAGE][PASSED] - All options with index in [12] are selected on object 'Object Repository/PharmacyRequest/Page_Store/select_--Select--Amlodepin -5'

2018-05-16 19:57:11 - [TEST_STEP][PASSED] - delay: Delayed 1 second(s)

2018-05-16 19:57:12 - [MESSAGE][PASSED] - Delayed 1 second(s)

2018-05-16 19:57:12 - [TEST_STEP][PASSED] - Statement - RequestedQty = com.kms.katalon.core.webui.keyword.WebUiBuiltInKeywords.getAttribute(com.kms.katalon.core.testobject.ObjectRepository.findTestObject(PharmacyRequest/Page_Store/input_txttotal), "value"): Attribute 'value' of object 'Object Repository/PharmacyRequest/Page_Store/input_txttotal' is: '10'

2018-05-16 19:57:12 - [MESSAGE][PASSED] - Attribute 'value' of object 'Object Repository/PharmacyRequest/Page_Store/input_txttotal' is: '10'

2018-05-16 19:57:12 - [TEST_STEP][PASSED] - Statement - out.println("Requested QTY : " + RequestedQty): null

2018-05-16 19:57:12 - [TEST_STEP][PASSED] - Statement - BatchNumber = com.kms.katalon.core.webui.keyword.WebUiBuiltInKeywords.getNumberOfTotalOption(com.kms.katalon.core.testobject.ObjectRepository.findTestObject(PharmacyRequest/Page_Store/select_--Select--BA50)): 4 options of object 'Object Repository/PharmacyRequest/Page_Store/select_--Select--BA50' counted

2018-05-16 19:57:12 - [MESSAGE][PASSED] - 4 options of object 'Object Repository/PharmacyRequest/Page_Store/select_--Select--BA50' counted

2018-05-16 19:57:12 - [TEST_STEP][PASSED] - Statement - For ([g = 1, g <= BatchNumber - 1, (g++)]): null

2018-05-16 19:57:12 - [TEST_STEP][PASSED] - selectOptionByIndex: All options with index in [1] are selected on object 'Object Repository/PharmacyRequest/Page_Store/select_--Select--BA50'

2018-05-16 19:57:12 - [MESSAGE][PASSED] - All options with index in [1] are selected on object 'Object Repository/PharmacyRequest/Page_Store/select_--Select--BA50'

2018-05-16 19:57:12 - [TEST_STEP][PASSED] - delay: Delayed 1 second(s)

2018-05-16 19:57:13 - [MESSAGE][PASSED] - Delayed 1 second(s)

2018-05-16 19:57:13 - [TEST_STEP][PASSED] - Statement - StockQty = com.kms.katalon.core.webui.keyword.WebUiBuiltInKeywords.getAttribute(com.kms.katalon.core.testobject.ObjectRepository.findTestObject(PharmacyRequest/Page_Store/input_txtprice), "value"): Attribute 'value' of object 'Object Repository/PharmacyRequest/Page_Store/input_txtprice' is: '100'

2018-05-16 19:57:13 - [MESSAGE][PASSED] - Attribute 'value' of object 'Object Repository/PharmacyRequest/Page_Store/input_txtprice' is: '100'

2018-05-16 19:57:13 - [TEST_STEP][PASSED] - Statement - out.println("Stock QTY : " + StockQty): null

2018-05-16 19:57:13 - [TEST_STEP][PASSED] - delay: Delayed 1 second(s)

2018-05-16 19:57:14 - [MESSAGE][PASSED] - Delayed 1 second(s)

2018-05-16 19:57:14 - [TEST_STEP][PASSED] - Statement - If (java.lang.Integer.valueOf(StockQty) >= java.lang.Integer.valueOf(RequestedQty)): null

2018-05-16 19:57:14 - [TEST_STEP][PASSED] - setText: Text '10' is set on object 'Object Repository/PharmacyRequest/Page_Store/input_txtqty'

2018-05-16 19:57:14 - [MESSAGE][PASSED] - Text '10' is set on object 'Object Repository/PharmacyRequest/Page_Store/input_txtqty'

2018-05-16 19:57:14 - [TEST_STEP][PASSED] - click: Object: 'Object Repository/PharmacyRequest/Page_Store/button_Add' is clicked on

2018-05-16 19:57:14 - [MESSAGE][PASSED] - Object: 'Object Repository/PharmacyRequest/Page_Store/button_Add' is clicked on

2018-05-16 19:57:14 - [TEST_STEP][PASSED] - Statement - Break: null

2018-05-16 19:57:14 - [TEST_STEP][PASSED] - selectOptionByIndex: All options with index in [13] are selected on object 'Object Repository/PharmacyRequest/Page_Store/select_--Select--Amlodepin -5'

2018-05-16 19:57:14 - [MESSAGE][PASSED] - All options with index in [13] are selected on object 'Object Repository/PharmacyRequest/Page_Store/select_--Select--Amlodepin -5'

2018-05-16 19:57:14 - [TEST_STEP][PASSED] - delay: Delayed 1 second(s)

2018-05-16 19:57:15 - [MESSAGE][PASSED] - Delayed 1 second(s)

2018-05-16 19:57:15 - [TEST_STEP][PASSED] - Statement - RequestedQty = com.kms.katalon.core.webui.keyword.WebUiBuiltInKeywords.getAttribute(com.kms.katalon.core.testobject.ObjectRepository.findTestObject(PharmacyRequest/Page_Store/input_txttotal), "value"): Attribute 'value' of object 'Object Repository/PharmacyRequest/Page_Store/input_txttotal' is: '10'

2018-05-16 19:57:15 - [MESSAGE][PASSED] - Attribute 'value' of object 'Object Repository/PharmacyRequest/Page_Store/input_txttotal' is: '10'

2018-05-16 19:57:15 - [TEST_STEP][PASSED] - Statement - out.println("Requested QTY : " + RequestedQty): null

2018-05-16 19:57:15 - [TEST_STEP][PASSED] - Statement - BatchNumber = com.kms.katalon.core.webui.keyword.WebUiBuiltInKeywords.getNumberOfTotalOption(com.kms.katalon.core.testobject.ObjectRepository.findTestObject(PharmacyRequest/Page_Store/select_--Select--BA50)): 3 options of object 'Object Repository/PharmacyRequest/Page_Store/select_--Select--BA50' counted

2018-05-16 19:57:15 - [MESSAGE][PASSED] - 3 options of object 'Object Repository/PharmacyRequest/Page_Store/select_--Select--BA50' counted

2018-05-16 19:57:15 - [TEST_STEP][PASSED] - Statement - For ([g = 1, g <= BatchNumber - 1, (g++)]): null

2018-05-16 19:57:15 - [TEST_STEP][PASSED] - selectOptionByIndex: All options with index in [1] are selected on object 'Object Repository/PharmacyRequest/Page_Store/select_--Select--BA50'

2018-05-16 19:57:15 - [MESSAGE][PASSED] - All options with index in [1] are selected on object 'Object Repository/PharmacyRequest/Page_Store/select_--Select--BA50'

2018-05-16 19:57:15 - [TEST_STEP][PASSED] - delay: Delayed 1 second(s)

2018-05-16 19:57:16 - [MESSAGE][PASSED] - Delayed 1 second(s)

2018-05-16 19:57:16 - [TEST_STEP][PASSED] - Statement - StockQty = com.kms.katalon.core.webui.keyword.WebUiBuiltInKeywords.getAttribute(com.kms.katalon.core.testobject.ObjectRepository.findTestObject(PharmacyRequest/Page_Store/input_txtprice), "value"): Attribute 'value' of object 'Object Repository/PharmacyRequest/Page_Store/input_txtprice' is: '1060'

2018-05-16 19:57:16 - [MESSAGE][PASSED] - Attribute 'value' of object 'Object Repository/PharmacyRequest/Page_Store/input_txtprice' is: '1060'

2018-05-16 19:57:16 - [TEST_STEP][PASSED] - Statement - out.println("Stock QTY : " + StockQty): null

2018-05-16 19:57:16 - [TEST_STEP][PASSED] - delay: Delayed 1 second(s)

2018-05-16 19:57:17 - [MESSAGE][PASSED] - Delayed 1 second(s)

2018-05-16 19:57:17 - [TEST_STEP][PASSED] - Statement - If (java.lang.Integer.valueOf(StockQty) >= java.lang.Integer.valueOf(RequestedQty)): null

2018-05-16 19:57:17 - [TEST_STEP][PASSED] - setText: Text '10' is set on object 'Object Repository/PharmacyRequest/Page_Store/input_txtqty'

2018-05-16 19:57:18 - [MESSAGE][PASSED] - Text '10' is set on object 'Object Repository/PharmacyRequest/Page_Store/input_txtqty'

2018-05-16 19:57:18 - [TEST_STEP][PASSED] - click: Object: 'Object Repository/PharmacyRequest/Page_Store/button_Add' is clicked on

2018-05-16 19:57:18 - [MESSAGE][PASSED] - Object: 'Object Repository/PharmacyRequest/Page_Store/button_Add' is clicked on

2018-05-16 19:57:18 - [TEST_STEP][PASSED] - Statement - Break: null

2018-05-16 19:57:18 - [TEST_STEP][PASSED] - selectOptionByIndex: All options with index in [14] are selected on object 'Object Repository/PharmacyRequest/Page_Store/select_--Select--Amlodepin -5'

2018-05-16 19:57:18 - [MESSAGE][PASSED] - All options with index in [14] are selected on object 'Object Repository/PharmacyRequest/Page_Store/select_--Select--Amlodepin -5'

2018-05-16 19:57:18 - [TEST_STEP][PASSED] - delay: Delayed 1 second(s)

2018-05-16 19:57:19 - [MESSAGE][PASSED] - Delayed 1 second(s)

2018-05-16 19:57:19 - [TEST_STEP][PASSED] - Statement - RequestedQty = com.kms.katalon.core.webui.keyword.WebUiBuiltInKeywords.getAttribute(com.kms.katalon.core.testobject.ObjectRepository.findTestObject(PharmacyRequest/Page_Store/input_txttotal), "value"): Attribute 'value' of object 'Object Repository/PharmacyRequest/Page_Store/input_txttotal' is: '10'

2018-05-16 19:57:19 - [MESSAGE][PASSED] - Attribute 'value' of object 'Object Repository/PharmacyRequest/Page_Store/input_txttotal' is: '10'

2018-05-16 19:57:19 - [TEST_STEP][PASSED] - Statement - out.println("Requested QTY : " + RequestedQty): null

2018-05-16 19:57:19 - [TEST_STEP][PASSED] - Statement - BatchNumber = com.kms.katalon.core.webui.keyword.WebUiBuiltInKeywords.getNumberOfTotalOption(com.kms.katalon.core.testobject.ObjectRepository.findTestObject(PharmacyRequest/Page_Store/select_--Select--BA50)): 4 options of object 'Object Repository/PharmacyRequest/Page_Store/select_--Select--BA50' counted

2018-05-16 19:57:19 - [MESSAGE][PASSED] - 4 options of object 'Object Repository/PharmacyRequest/Page_Store/select_--Select--BA50' counted

2018-05-16 19:57:19 - [TEST_STEP][PASSED] - Statement - For ([g = 1, g <= BatchNumber - 1, (g++)]): null

2018-05-16 19:57:19 - [TEST_STEP][PASSED] - selectOptionByIndex: All options with index in [1] are selected on object 'Object Repository/PharmacyRequest/Page_Store/select_--Select--BA50'

2018-05-16 19:57:19 - [MESSAGE][PASSED] - All options with index in [1] are selected on object 'Object Repository/PharmacyRequest/Page_Store/select_--Select--BA50'

2018-05-16 19:57:19 - [TEST_STEP][PASSED] - delay: Delayed 1 second(s)

2018-05-16 19:57:20 - [MESSAGE][PASSED] - Delayed 1 second(s)

2018-05-16 19:57:20 - [TEST_STEP][PASSED] - Statement - StockQty = com.kms.katalon.core.webui.keyword.WebUiBuiltInKeywords.getAttribute(com.kms.katalon.core.testobject.ObjectRepository.findTestObject(PharmacyRequest/Page_Store/input_txtprice), "value"): Attribute 'value' of object 'Object Repository/PharmacyRequest/Page_Store/input_txtprice' is: '100'

2018-05-16 19:57:20 - [MESSAGE][PASSED] - Attribute 'value' of object 'Object Repository/PharmacyRequest/Page_Store/input_txtprice' is: '100'

2018-05-16 19:57:20 - [TEST_STEP][PASSED] - Statement - out.println("Stock QTY : " + StockQty): null

2018-05-16 19:57:20 - [TEST_STEP][PASSED] - delay: Delayed 1 second(s)

2018-05-16 19:57:21 - [MESSAGE][PASSED] - Delayed 1 second(s)

2018-05-16 19:57:21 - [TEST_STEP][PASSED] - Statement - If (java.lang.Integer.valueOf(StockQty) >= java.lang.Integer.valueOf(RequestedQty)): null

2018-05-16 19:57:21 - [TEST_STEP][PASSED] - setText: Text '10' is set on object 'Object Repository/PharmacyRequest/Page_Store/input_txtqty'

2018-05-16 19:57:21 - [MESSAGE][PASSED] - Text '10' is set on object 'Object Repository/PharmacyRequest/Page_Store/input_txtqty'

2018-05-16 19:57:21 - [TEST_STEP][PASSED] - click: Object: 'Object Repository/PharmacyRequest/Page_Store/button_Add' is clicked on

2018-05-16 19:57:21 - [MESSAGE][PASSED] - Object: 'Object Repository/PharmacyRequest/Page_Store/button_Add' is clicked on

2018-05-16 19:57:21 - [TEST_STEP][PASSED] - Statement - Break: null

2018-05-16 19:57:21 - [TEST_STEP][PASSED] - selectOptionByIndex: All options with index in [15] are selected on object 'Object Repository/PharmacyRequest/Page_Store/select_--Select--Amlodepin -5'

2018-05-16 19:57:22 - [MESSAGE][PASSED] - All options with index in [15] are selected on object 'Object Repository/PharmacyRequest/Page_Store/select_--Select--Amlodepin -5'

2018-05-16 19:57:22 - [TEST_STEP][PASSED] - delay: Delayed 1 second(s)

2018-05-16 19:57:23 - [MESSAGE][PASSED] - Delayed 1 second(s)

2018-05-16 19:57:23 - [TEST_STEP][PASSED] - Statement - RequestedQty = com.kms.katalon.core.webui.keyword.WebUiBuiltInKeywords.getAttribute(com.kms.katalon.core.testobject.ObjectRepository.findTestObject(PharmacyRequest/Page_Store/input_txttotal), "value"): Attribute 'value' of object 'Object Repository/PharmacyRequest/Page_Store/input_txttotal' is: '10'

2018-05-16 19:57:23 - [MESSAGE][PASSED] - Attribute 'value' of object 'Object Repository/PharmacyRequest/Page_Store/input_txttotal' is: '10'

2018-05-16 19:57:23 - [TEST_STEP][PASSED] - Statement - out.println("Requested QTY : " + RequestedQty): null

2018-05-16 19:57:23 - [TEST_STEP][PASSED] - Statement - BatchNumber = com.kms.katalon.core.webui.keyword.WebUiBuiltInKeywords.getNumberOfTotalOption(com.kms.katalon.core.testobject.ObjectRepository.findTestObject(PharmacyRequest/Page_Store/select_--Select--BA50)): 4 options of object 'Object Repository/PharmacyRequest/Page_Store/select_--Select--BA50' counted

2018-05-16 19:57:23 - [MESSAGE][PASSED] - 4 options of object 'Object Repository/PharmacyRequest/Page_Store/select_--Select--BA50' counted

2018-05-16 19:57:23 - [TEST_STEP][PASSED] - Statement - For ([g = 1, g <= BatchNumber - 1, (g++)]): null

2018-05-16 19:57:23 - [TEST_STEP][PASSED] - selectOptionByIndex: All options with index in [1] are selected on object 'Object Repository/PharmacyRequest/Page_Store/select_--Select--BA50'

2018-05-16 19:57:23 - [MESSAGE][PASSED] - All options with index in [1] are selected on object 'Object Repository/PharmacyRequest/Page_Store/select_--Select--BA50'

2018-05-16 19:57:23 - [TEST_STEP][PASSED] - delay: Delayed 1 second(s)

2018-05-16 19:57:24 - [MESSAGE][PASSED] - Delayed 1 second(s)

2018-05-16 19:57:24 - [TEST_STEP][PASSED] - Statement - StockQty = com.kms.katalon.core.webui.keyword.WebUiBuiltInKeywords.getAttribute(com.kms.katalon.core.testobject.ObjectRepository.findTestObject(PharmacyRequest/Page_Store/input_txtprice), "value"): Attribute 'value' of object 'Object Repository/PharmacyRequest/Page_Store/input_txtprice' is: '100'

2018-05-16 19:57:24 - [MESSAGE][PASSED] - Attribute 'value' of object 'Object Repository/PharmacyRequest/Page_Store/input_txtprice' is: '100'

2018-05-16 19:57:24 - [TEST_STEP][PASSED] - Statement - out.println("Stock QTY : " + StockQty): null

2018-05-16 19:57:24 - [TEST_STEP][PASSED] - delay: Delayed 1 second(s)

2018-05-16 19:57:25 - [MESSAGE][PASSED] - Delayed 1 second(s)

2018-05-16 19:57:25 - [TEST_STEP][PASSED] - Statement - If (java.lang.Integer.valueOf(StockQty) >= java.lang.Integer.valueOf(RequestedQty)): null

2018-05-16 19:57:25 - [TEST_STEP][PASSED] - setText: Text '10' is set on object 'Object Repository/PharmacyRequest/Page_Store/input_txtqty'

2018-05-16 19:57:25 - [MESSAGE][PASSED] - Text '10' is set on object 'Object Repository/PharmacyRequest/Page_Store/input_txtqty'

2018-05-16 19:57:25 - [TEST_STEP][PASSED] - click: Object: 'Object Repository/PharmacyRequest/Page_Store/button_Add' is clicked on

2018-05-16 19:57:25 - [MESSAGE][PASSED] - Object: 'Object Repository/PharmacyRequest/Page_Store/button_Add' is clicked on

2018-05-16 19:57:25 - [TEST_STEP][PASSED] - Statement - Break: null

2018-05-16 19:57:25 - [TEST_STEP][PASSED] - selectOptionByIndex: All options with index in [16] are selected on object 'Object Repository/PharmacyRequest/Page_Store/select_--Select--Amlodepin -5'

2018-05-16 19:57:25 - [MESSAGE][PASSED] - All options with index in [16] are selected on object 'Object Repository/PharmacyRequest/Page_Store/select_--Select--Amlodepin -5'

2018-05-16 19:57:25 - [TEST_STEP][PASSED] - delay: Delayed 1 second(s)

2018-05-16 19:57:26 - [MESSAGE][PASSED] - Delayed 1 second(s)

2018-05-16 19:57:26 - [TEST_STEP][PASSED] - Statement - RequestedQty = com.kms.katalon.core.webui.keyword.WebUiBuiltInKeywords.getAttribute(com.kms.katalon.core.testobject.ObjectRepository.findTestObject(PharmacyRequest/Page_Store/input_txttotal), "value"): Attribute 'value' of object 'Object Repository/PharmacyRequest/Page_Store/input_txttotal' is: '10'

2018-05-16 19:57:26 - [MESSAGE][PASSED] - Attribute 'value' of object 'Object Repository/PharmacyRequest/Page_Store/input_txttotal' is: '10'

2018-05-16 19:57:26 - [TEST_STEP][PASSED] - Statement - out.println("Requested QTY : " + RequestedQty): null

2018-05-16 19:57:26 - [TEST_STEP][PASSED] - Statement - BatchNumber = com.kms.katalon.core.webui.keyword.WebUiBuiltInKeywords.getNumberOfTotalOption(com.kms.katalon.core.testobject.ObjectRepository.findTestObject(PharmacyRequest/Page_Store/select_--Select--BA50)): 4 options of object 'Object Repository/PharmacyRequest/Page_Store/select_--Select--BA50' counted

2018-05-16 19:57:26 - [MESSAGE][PASSED] - 4 options of object 'Object Repository/PharmacyRequest/Page_Store/select_--Select--BA50' counted

2018-05-16 19:57:26 - [TEST_STEP][PASSED] - Statement - For ([g = 1, g <= BatchNumber - 1, (g++)]): null

2018-05-16 19:57:26 - [TEST_STEP][PASSED] - selectOptionByIndex: All options with index in [1] are selected on object 'Object Repository/PharmacyRequest/Page_Store/select_--Select--BA50'

2018-05-16 19:57:26 - [MESSAGE][PASSED] - All options with index in [1] are selected on object 'Object Repository/PharmacyRequest/Page_Store/select_--Select--BA50'

2018-05-16 19:57:26 - [TEST_STEP][PASSED] - delay: Delayed 1 second(s)

2018-05-16 19:57:27 - [MESSAGE][PASSED] - Delayed 1 second(s)

2018-05-16 19:57:27 - [TEST_STEP][PASSED] - Statement - StockQty = com.kms.katalon.core.webui.keyword.WebUiBuiltInKeywords.getAttribute(com.kms.katalon.core.testobject.ObjectRepository.findTestObject(PharmacyRequest/Page_Store/input_txtprice), "value"): Attribute 'value' of object 'Object Repository/PharmacyRequest/Page_Store/input_txtprice' is: '100'

2018-05-16 19:57:27 - [MESSAGE][PASSED] - Attribute 'value' of object 'Object Repository/PharmacyRequest/Page_Store/input_txtprice' is: '100'

2018-05-16 19:57:27 - [TEST_STEP][PASSED] - Statement - out.println("Stock QTY : " + StockQty): null

2018-05-16 19:57:27 - [TEST_STEP][PASSED] - delay: Delayed 1 second(s)

2018-05-16 19:57:28 - [MESSAGE][PASSED] - Delayed 1 second(s)

2018-05-16 19:57:28 - [TEST_STEP][PASSED] - Statement - If (java.lang.Integer.valueOf(StockQty) >= java.lang.Integer.valueOf(RequestedQty)): null

2018-05-16 19:57:28 - [TEST_STEP][PASSED] - setText: Text '10' is set on object 'Object Repository/PharmacyRequest/Page_Store/input_txtqty'

2018-05-16 19:57:29 - [MESSAGE][PASSED] - Text '10' is set on object 'Object Repository/PharmacyRequest/Page_Store/input_txtqty'

2018-05-16 19:57:29 - [TEST_STEP][PASSED] - click: Object: 'Object Repository/PharmacyRequest/Page_Store/button_Add' is clicked on

2018-05-16 19:57:29 - [MESSAGE][PASSED] - Object: 'Object Repository/PharmacyRequest/Page_Store/button_Add' is clicked on

2018-05-16 19:57:29 - [TEST_STEP][PASSED] - Statement - Break: null

2018-05-16 19:57:29 - [TEST_STEP][PASSED] - selectOptionByIndex: All options with index in [17] are selected on object 'Object Repository/PharmacyRequest/Page_Store/select_--Select--Amlodepin -5'

2018-05-16 19:57:29 - [MESSAGE][PASSED] - All options with index in [17] are selected on object 'Object Repository/PharmacyRequest/Page_Store/select_--Select--Amlodepin -5'

2018-05-16 19:57:29 - [TEST_STEP][PASSED] - delay: Delayed 1 second(s)

2018-05-16 19:57:30 - [MESSAGE][PASSED] - Delayed 1 second(s)

2018-05-16 19:57:30 - [TEST_STEP][PASSED] - Statement - RequestedQty = com.kms.katalon.core.webui.keyword.WebUiBuiltInKeywords.getAttribute(com.kms.katalon.core.testobject.ObjectRepository.findTestObject(PharmacyRequest/Page_Store/input_txttotal), "value"): Attribute 'value' of object 'Object Repository/PharmacyRequest/Page_Store/input_txttotal' is: '10'

2018-05-16 19:57:30 - [MESSAGE][PASSED] - Attribute 'value' of object 'Object Repository/PharmacyRequest/Page_Store/input_txttotal' is: '10'

2018-05-16 19:57:30 - [TEST_STEP][PASSED] - Statement - out.println("Requested QTY : " + RequestedQty): null

2018-05-16 19:57:30 - [TEST_STEP][PASSED] - Statement - BatchNumber = com.kms.katalon.core.webui.keyword.WebUiBuiltInKeywords.getNumberOfTotalOption(com.kms.katalon.core.testobject.ObjectRepository.findTestObject(PharmacyRequest/Page_Store/select_--Select--BA50)): 3 options of object 'Object Repository/PharmacyRequest/Page_Store/select_--Select--BA50' counted

2018-05-16 19:57:30 - [MESSAGE][PASSED] - 3 options of object 'Object Repository/PharmacyRequest/Page_Store/select_--Select--BA50' counted

2018-05-16 19:57:30 - [TEST_STEP][PASSED] - Statement - For ([g = 1, g <= BatchNumber - 1, (g++)]): null

2018-05-16 19:57:30 - [TEST_STEP][PASSED] - selectOptionByIndex: All options with index in [1] are selected on object 'Object Repository/PharmacyRequest/Page_Store/select_--Select--BA50'

2018-05-16 19:57:30 - [MESSAGE][PASSED] - All options with index in [1] are selected on object 'Object Repository/PharmacyRequest/Page_Store/select_--Select--BA50'

2018-05-16 19:57:30 - [TEST_STEP][PASSED] - delay: Delayed 1 second(s)

2018-05-16 19:57:31 - [MESSAGE][PASSED] - Delayed 1 second(s)

2018-05-16 19:57:31 - [TEST_STEP][PASSED] - Statement - StockQty = com.kms.katalon.core.webui.keyword.WebUiBuiltInKeywords.getAttribute(com.kms.katalon.core.testobject.ObjectRepository.findTestObject(PharmacyRequest/Page_Store/input_txtprice), "value"): Attribute 'value' of object 'Object Repository/PharmacyRequest/Page_Store/input_txtprice' is: '1060'

2018-05-16 19:57:31 - [MESSAGE][PASSED] - Attribute 'value' of object 'Object Repository/PharmacyRequest/Page_Store/input_txtprice' is: '1060'

2018-05-16 19:57:31 - [TEST_STEP][PASSED] - Statement - out.println("Stock QTY : " + StockQty): null

2018-05-16 19:57:31 - [TEST_STEP][PASSED] - delay: Delayed 1 second(s)

2018-05-16 19:57:32 - [MESSAGE][PASSED] - Delayed 1 second(s)

2018-05-16 19:57:32 - [TEST_STEP][PASSED] - Statement - If (java.lang.Integer.valueOf(StockQty) >= java.lang.Integer.valueOf(RequestedQty)): null

2018-05-16 19:57:32 - [TEST_STEP][PASSED] - setText: Text '10' is set on object 'Object Repository/PharmacyRequest/Page_Store/input_txtqty'

2018-05-16 19:57:32 - [MESSAGE][PASSED] - Text '10' is set on object 'Object Repository/PharmacyRequest/Page_Store/input_txtqty'

2018-05-16 19:57:32 - [TEST_STEP][PASSED] - click: Object: 'Object Repository/PharmacyRequest/Page_Store/button_Add' is clicked on

2018-05-16 19:57:32 - [MESSAGE][PASSED] - Object: 'Object Repository/PharmacyRequest/Page_Store/button_Add' is clicked on

2018-05-16 19:57:32 - [TEST_STEP][PASSED] - Statement - Break: null

2018-05-16 19:57:32 - [TEST_STEP][PASSED] - selectOptionByIndex: All options with index in [18] are selected on object 'Object Repository/PharmacyRequest/Page_Store/select_--Select--Amlodepin -5'

2018-05-16 19:57:33 - [MESSAGE][PASSED] - All options with index in [18] are selected on object 'Object Repository/PharmacyRequest/Page_Store/select_--Select--Amlodepin -5'

2018-05-16 19:57:33 - [TEST_STEP][PASSED] - delay: Delayed 1 second(s)

2018-05-16 19:57:34 - [MESSAGE][PASSED] - Delayed 1 second(s)

2018-05-16 19:57:34 - [TEST_STEP][PASSED] - Statement - RequestedQty = com.kms.katalon.core.webui.keyword.WebUiBuiltInKeywords.getAttribute(com.kms.katalon.core.testobject.ObjectRepository.findTestObject(PharmacyRequest/Page_Store/input_txttotal), "value"): Attribute 'value' of object 'Object Repository/PharmacyRequest/Page_Store/input_txttotal' is: '10'

2018-05-16 19:57:34 - [MESSAGE][PASSED] - Attribute 'value' of object 'Object Repository/PharmacyRequest/Page_Store/input_txttotal' is: '10'

2018-05-16 19:57:34 - [TEST_STEP][PASSED] - Statement - out.println("Requested QTY : " + RequestedQty): null

2018-05-16 19:57:34 - [TEST_STEP][PASSED] - Statement - BatchNumber = com.kms.katalon.core.webui.keyword.WebUiBuiltInKeywords.getNumberOfTotalOption(com.kms.katalon.core.testobject.ObjectRepository.findTestObject(PharmacyRequest/Page_Store/select_--Select--BA50)): 4 options of object 'Object Repository/PharmacyRequest/Page_Store/select_--Select--BA50' counted

2018-05-16 19:57:34 - [MESSAGE][PASSED] - 4 options of object 'Object Repository/PharmacyRequest/Page_Store/select_--Select--BA50' counted

2018-05-16 19:57:34 - [TEST_STEP][PASSED] - Statement - For ([g = 1, g <= BatchNumber - 1, (g++)]): null

2018-05-16 19:57:34 - [TEST_STEP][PASSED] - selectOptionByIndex: All options with index in [1] are selected on object 'Object Repository/PharmacyRequest/Page_Store/select_--Select--BA50'

2018-05-16 19:57:34 - [MESSAGE][PASSED] - All options with index in [1] are selected on object 'Object Repository/PharmacyRequest/Page_Store/select_--Select--BA50'

2018-05-16 19:57:34 - [TEST_STEP][PASSED] - delay: Delayed 1 second(s)

2018-05-16 19:57:35 - [MESSAGE][PASSED] - Delayed 1 second(s)

2018-05-16 19:57:35 - [TEST_STEP][PASSED] - Statement - StockQty = com.kms.katalon.core.webui.keyword.WebUiBuiltInKeywords.getAttribute(com.kms.katalon.core.testobject.ObjectRepository.findTestObject(PharmacyRequest/Page_Store/input_txtprice), "value"): Attribute 'value' of object 'Object Repository/PharmacyRequest/Page_Store/input_txtprice' is: '100'

2018-05-16 19:57:35 - [MESSAGE][PASSED] - Attribute 'value' of object 'Object Repository/PharmacyRequest/Page_Store/input_txtprice' is: '100'

2018-05-16 19:57:35 - [TEST_STEP][PASSED] - Statement - out.println("Stock QTY : " + StockQty): null

2018-05-16 19:57:35 - [TEST_STEP][PASSED] - delay: Delayed 1 second(s)

2018-05-16 19:57:36 - [MESSAGE][PASSED] - Delayed 1 second(s)

2018-05-16 19:57:36 - [TEST_STEP][PASSED] - Statement - If (java.lang.Integer.valueOf(StockQty) >= java.lang.Integer.valueOf(RequestedQty)): null

2018-05-16 19:57:36 - [TEST_STEP][PASSED] - setText: Text '10' is set on object 'Object Repository/PharmacyRequest/Page_Store/input_txtqty'

2018-05-16 19:57:36 - [MESSAGE][PASSED] - Text '10' is set on object 'Object Repository/PharmacyRequest/Page_Store/input_txtqty'

2018-05-16 19:57:36 - [TEST_STEP][PASSED] - click: Object: 'Object Repository/PharmacyRequest/Page_Store/button_Add' is clicked on

2018-05-16 19:57:36 - [MESSAGE][PASSED] - Object: 'Object Repository/PharmacyRequest/Page_Store/button_Add' is clicked on

2018-05-16 19:57:36 - [TEST_STEP][PASSED] - Statement - Break: null

2018-05-16 19:57:36 - [TEST_STEP][PASSED] - scrollToElement: Scroll to object 'Object Repository/PharmacyRequest/Page_Store/input_btnSubmit' successfully

2018-05-16 19:57:36 - [MESSAGE][PASSED] - Scroll to object 'Object Repository/PharmacyRequest/Page_Store/input_btnSubmit' successfully

2018-05-16 19:57:36 - [TEST_STEP][PASSED] - click: Object: 'Object Repository/PharmacyRequest/Page_Store/input_btnSubmit' is clicked on

2018-05-16 19:57:36 - [MESSAGE][PASSED] - Object: 'Object Repository/PharmacyRequest/Page_Store/input_btnSubmit' is clicked on

2018-05-16 19:57:36 - [TEST_STEP][PASSED] - delay: Delayed 3 second(s)

2018-05-16 19:57:39 - [MESSAGE][PASSED] - Delayed 3 second(s)

2018-05-16 19:57:39 - [TEST_STEP][PASSED] - click: Object: 'Object Repository/PharmacyRequest/Page_Store/button_OK' is clicked on

2018-05-16 19:57:40 - [MESSAGE][PASSED] - Object: 'Object Repository/PharmacyRequest/Page_Store/button_OK' is clicked on

2018-05-16 19:57:40 - [TEST_STEP][PASSED] - delay: Delayed 3 second(s)

2018-05-16 19:57:43 - [MESSAGE][PASSED] - Delayed 3 second(s)

2018-05-16 19:57:43 - [TEST_STEP][PASSED] - click: Object: 'Object Repository/PharmacyRequest/Page_Store/a_dropdown-toggle' is clicked on

2018-05-16 19:57:43 - [MESSAGE][PASSED] - Object: 'Object Repository/PharmacyRequest/Page_Store/a_dropdown-toggle' is clicked on

2018-05-16 19:57:43 - [TEST_STEP][PASSED] - click: Object: 'Object Repository/PharmacyRequest/Page_Store/a_Sign out' is clicked on

2018-05-16 19:57:43 - [MESSAGE][PASSED] - Object: 'Object Repository/PharmacyRequest/Page_Store/a_Sign out' is clicked on

2018-05-16 19:57:43 - [TEST_STEP][PASSED] - closeBrowser: Browser is closed

2018-05-16 19:57:44 - [MESSAGE][PASSED] - Browser is closed

2018-05-16 19:57:44 - [TEST_STEP][PASSED] - Statement - out.println("Schedule 10 Pharmacy Request Are Working Successfully"): null]]></system-out>
         <system-err><![CDATA[]]></system-err>
      </testcase>
      <testcase name="Test Cases/PHARMACY TEST CASES/TC_PHAR_011 Verify Schedule 11 Pharmacy Request Are Working Successfully Or Not" classname="Test Cases/PHARMACY TEST CASES/TC_PHAR_011 Verify Schedule 11 Pharmacy Request Are Working Successfully Or Not" status="FAILED">
         <failure type="FAILED" message="Unable to set text '10' of object 'Object Repository/PharmacyRequest/Page_KDMC-Pharmacy/input_txttreat' (Root cause: org.openqa.selenium.WebDriverException: unknown error: cannot focus element
  (Session info: chrome=66.0.3359.139)
  (Driver info: chromedriver=2.35.528161 (5b82f2d2aae0ca24b877009200ced9065a772e73),platform=Windows NT 10.0.17134 x86_64) (WARNING: The server did not provide any stacktrace information)
Command duration or timeout: 0 milliseconds
Build info: version: '3.7.1', revision: '8a0099a', time: '2017-11-06T21:07:36.161Z'
System info: host: 'DESKTOP-BLFTK83', ip: '192.168.71.2', os.name: 'Windows 10', os.arch: 'amd64', os.version: '10.0', java.version: '1.8.0_102'
Driver info: com.kms.katalon.selenium.driver.CChromeDriver
Capabilities {acceptInsecureCerts: false, acceptSslCerts: false, applicationCacheEnabled: false, browserConnectionEnabled: false, browserName: chrome, chrome: {chromedriverVersion: 2.35.528161 (5b82f2d2aae0ca..., userDataDir: C:\Users\QUALIT~1\AppData\L...}, cssSelectorsEnabled: true, databaseEnabled: false, handlesAlerts: true, hasTouchScreen: false, javascriptEnabled: true, locationContextEnabled: true, mobileEmulationEnabled: false, nativeEvents: true, networkConnectionEnabled: false, pageLoadStrategy: normal, platform: XP, platformName: XP, rotatable: false, setWindowRect: true, takesHeapSnapshot: true, takesScreenshot: true, unexpectedAlertBehaviour: , unhandledPromptBehavior: , version: 66.0.3359.139, webStorageEnabled: true}
Session ID: ef679d8811b0a07d189e1636df3f3b36)"/>
         <system-out><![CDATA[2018-05-16 19:57:44 - [TEST_CASE][FAILED] - Test Cases/PHARMACY TEST CASES/TC_PHAR_011 Verify Schedule 11 Pharmacy Request Are Working Successfully Or Not: Test Cases/PHARMACY TEST CASES/TC_PHAR_011 Verify Schedule 11 Pharmacy Request Are Working Successfully Or Not FAILED because (of) Unable to set text '10' of object 'Object Repository/PharmacyRequest/Page_KDMC-Pharmacy/input_txttreat' (Root cause: org.openqa.selenium.WebDriverException: unknown error: cannot focus element
  (Session info: chrome=66.0.3359.139)
  (Driver info: chromedriver=2.35.528161 (5b82f2d2aae0ca24b877009200ced9065a772e73),platform=Windows NT 10.0.17134 x86_64) (WARNING: The server did not provide any stacktrace information)
Command duration or timeout: 0 milliseconds
Build info: version: '3.7.1', revision: '8a0099a', time: '2017-11-06T21:07:36.161Z'
System info: host: 'DESKTOP-BLFTK83', ip: '192.168.71.2', os.name: 'Windows 10', os.arch: 'amd64', os.version: '10.0', java.version: '1.8.0_102'
Driver info: com.kms.katalon.selenium.driver.CChromeDriver
Capabilities {acceptInsecureCerts: false, acceptSslCerts: false, applicationCacheEnabled: false, browserConnectionEnabled: false, browserName: chrome, chrome: {chromedriverVersion: 2.35.528161 (5b82f2d2aae0ca..., userDataDir: C:\Users\QUALIT~1\AppData\L...}, cssSelectorsEnabled: true, databaseEnabled: false, handlesAlerts: true, hasTouchScreen: false, javascriptEnabled: true, locationContextEnabled: true, mobileEmulationEnabled: false, nativeEvents: true, networkConnectionEnabled: false, pageLoadStrategy: normal, platform: XP, platformName: XP, rotatable: false, setWindowRect: true, takesHeapSnapshot: true, takesScreenshot: true, unexpectedAlertBehaviour: , unhandledPromptBehavior: , version: 66.0.3359.139, webStorageEnabled: true}
Session ID: ef679d8811b0a07d189e1636df3f3b36)

2018-05-16 19:57:44 - [TEST_STEP][PASSED] - openBrowser: Browser is opened with url: ''

2018-05-16 19:57:46 - [MESSAGE][PASSED] - Browser is opened with url: ''

2018-05-16 19:57:46 - [TEST_STEP][PASSED] - Statement - out.println("Verify Schedule 11 Pharmacy Request Are Working Successfully Or Not"): null

2018-05-16 19:57:46 - [TEST_STEP][PASSED] - navigateToUrl: Navigate to 'http://192.168.137.1/multihospital_new/' successfully

2018-05-16 19:57:48 - [MESSAGE][PASSED] - Navigate to 'http://192.168.137.1/multihospital_new/' successfully

2018-05-16 19:57:48 - [TEST_STEP][PASSED] - maximizeWindow: Current window maximized

2018-05-16 19:57:49 - [MESSAGE][PASSED] - Current window maximized

2018-05-16 19:57:49 - [TEST_STEP][PASSED] - click: Object: 'Object Repository/PharmacyRequest/Page_KDMC/a_Pharmacy' is clicked on

2018-05-16 19:57:49 - [MESSAGE][PASSED] - Object: 'Object Repository/PharmacyRequest/Page_KDMC/a_Pharmacy' is clicked on

2018-05-16 19:57:49 - [TEST_STEP][PASSED] - setText: Text 'raja' is set on object 'Object Repository/PharmacyRequest/Page_Pharmacy login/input_txtusername'

2018-05-16 19:57:49 - [MESSAGE][PASSED] - Text 'raja' is set on object 'Object Repository/PharmacyRequest/Page_Pharmacy login/input_txtusername'

2018-05-16 19:57:49 - [TEST_STEP][PASSED] - setText: Text '123' is set on object 'Object Repository/PharmacyRequest/Page_Pharmacy login/input_txtpassword'

2018-05-16 19:57:49 - [MESSAGE][PASSED] - Text '123' is set on object 'Object Repository/PharmacyRequest/Page_Pharmacy login/input_txtpassword'

2018-05-16 19:57:49 - [TEST_STEP][PASSED] - delay: Delayed 3 second(s)

2018-05-16 19:57:52 - [MESSAGE][PASSED] - Delayed 3 second(s)

2018-05-16 19:57:52 - [TEST_STEP][PASSED] - click: Object: 'Object Repository/PharmacyRequest/Page_Pharmacy login/button_Sign in' is clicked on

2018-05-16 19:57:53 - [MESSAGE][PASSED] - Object: 'Object Repository/PharmacyRequest/Page_Pharmacy login/button_Sign in' is clicked on

2018-05-16 19:57:53 - [TEST_STEP][PASSED] - delay: Delayed 3 second(s)

2018-05-16 19:57:56 - [MESSAGE][PASSED] - Delayed 3 second(s)

2018-05-16 19:57:56 - [TEST_STEP][PASSED] - click: Object: 'Object Repository/PharmacyRequest/Page_KDMC - Pharmacy/a_Inventory' is clicked on

2018-05-16 19:57:58 - [MESSAGE][PASSED] - Object: 'Object Repository/PharmacyRequest/Page_KDMC - Pharmacy/a_Inventory' is clicked on

2018-05-16 19:57:58 - [TEST_STEP][PASSED] - delay: Delayed 3 second(s)

2018-05-16 19:58:01 - [MESSAGE][PASSED] - Delayed 3 second(s)

2018-05-16 19:58:01 - [TEST_STEP][PASSED] - click: Object: 'Object Repository/PharmacyRequest/Page_KDMC-Pharmacy/a_Store Request' is clicked on

2018-05-16 19:58:01 - [MESSAGE][PASSED] - Object: 'Object Repository/PharmacyRequest/Page_KDMC-Pharmacy/a_Store Request' is clicked on

2018-05-16 19:58:01 - [TEST_STEP][PASSED] - click: Object: 'Object Repository/PharmacyRequest/Page_KDMC-Pharmacy/a_Medicine Request' is clicked on

2018-05-16 19:58:01 - [MESSAGE][PASSED] - Object: 'Object Repository/PharmacyRequest/Page_KDMC-Pharmacy/a_Medicine Request' is clicked on

2018-05-16 19:58:01 - [TEST_STEP][PASSED] - selectOptionByIndex: All options with index in [11] are selected on object 'Object Repository/PharmacyRequest/Page_KDMC-Pharmacy/select_--Select--Schedule 1Inj'

2018-05-16 19:58:02 - [MESSAGE][PASSED] - All options with index in [11] are selected on object 'Object Repository/PharmacyRequest/Page_KDMC-Pharmacy/select_--Select--Schedule 1Inj'

2018-05-16 19:58:02 - [TEST_STEP][PASSED] - Statement - MedicineLength = com.kms.katalon.core.webui.keyword.WebUiBuiltInKeywords.getNumberOfTotalOption(com.kms.katalon.core.testobject.ObjectRepository.findTestObject(PharmacyRequest/Page_KDMC-Pharmacy/select_--Select--Albendazole)): 81 options of object 'Object Repository/PharmacyRequest/Page_KDMC-Pharmacy/select_--Select--Albendazole' counted

2018-05-16 19:58:02 - [MESSAGE][PASSED] - 81 options of object 'Object Repository/PharmacyRequest/Page_KDMC-Pharmacy/select_--Select--Albendazole' counted

2018-05-16 19:58:02 - [TEST_STEP][FAILED] - Statement - For ([l = 1, l <= MedicineLength - 1, (l++)]): Unable to set text '10' of object 'Object Repository/PharmacyRequest/Page_KDMC-Pharmacy/input_txttreat' (Root cause: org.openqa.selenium.WebDriverException: unknown error: cannot focus element
  (Session info: chrome=66.0.3359.139)
  (Driver info: chromedriver=2.35.528161 (5b82f2d2aae0ca24b877009200ced9065a772e73),platform=Windows NT 10.0.17134 x86_64) (WARNING: The server did not provide any stacktrace information)
Command duration or timeout: 0 milliseconds
Build info: version: '3.7.1', revision: '8a0099a', time: '2017-11-06T21:07:36.161Z'
System info: host: 'DESKTOP-BLFTK83', ip: '192.168.71.2', os.name: 'Windows 10', os.arch: 'amd64', os.version: '10.0', java.version: '1.8.0_102'
Driver info: com.kms.katalon.selenium.driver.CChromeDriver
Capabilities {acceptInsecureCerts: false, acceptSslCerts: false, applicationCacheEnabled: false, browserConnectionEnabled: false, browserName: chrome, chrome: {chromedriverVersion: 2.35.528161 (5b82f2d2aae0ca..., userDataDir: C:\Users\QUALIT~1\AppData\L...}, cssSelectorsEnabled: true, databaseEnabled: false, handlesAlerts: true, hasTouchScreen: false, javascriptEnabled: true, locationContextEnabled: true, mobileEmulationEnabled: false, nativeEvents: true, networkConnectionEnabled: false, pageLoadStrategy: normal, platform: XP, platformName: XP, rotatable: false, setWindowRect: true, takesHeapSnapshot: true, takesScreenshot: true, unexpectedAlertBehaviour: , unhandledPromptBehavior: , version: 66.0.3359.139, webStorageEnabled: true}
Session ID: ef679d8811b0a07d189e1636df3f3b36)

2018-05-16 19:58:02 - [TEST_STEP][PASSED] - selectOptionByIndex: All options with index in [11] are selected on object 'Object Repository/PharmacyRequest/Page_KDMC-Pharmacy/select_--Select--Schedule 1Inj'

2018-05-16 19:58:02 - [MESSAGE][PASSED] - All options with index in [11] are selected on object 'Object Repository/PharmacyRequest/Page_KDMC-Pharmacy/select_--Select--Schedule 1Inj'

2018-05-16 19:58:02 - [TEST_STEP][PASSED] - selectOptionByIndex: All options with index in [1] are selected on object 'Object Repository/PharmacyRequest/Page_KDMC-Pharmacy/select_--Select--Albendazole'

2018-05-16 19:58:02 - [MESSAGE][PASSED] - All options with index in [1] are selected on object 'Object Repository/PharmacyRequest/Page_KDMC-Pharmacy/select_--Select--Albendazole'

2018-05-16 19:58:02 - [TEST_STEP][PASSED] - setText: Text '10' is set on object 'Object Repository/PharmacyRequest/Page_KDMC-Pharmacy/input_txttreat'

2018-05-16 19:58:02 - [MESSAGE][PASSED] - Text '10' is set on object 'Object Repository/PharmacyRequest/Page_KDMC-Pharmacy/input_txttreat'

2018-05-16 19:58:02 - [TEST_STEP][PASSED] - click: Object: 'Object Repository/PharmacyRequest/Page_KDMC-Pharmacy/button_Add' is clicked on

2018-05-16 19:58:02 - [MESSAGE][PASSED] - Object: 'Object Repository/PharmacyRequest/Page_KDMC-Pharmacy/button_Add' is clicked on

2018-05-16 19:58:02 - [TEST_STEP][PASSED] - selectOptionByIndex: All options with index in [11] are selected on object 'Object Repository/PharmacyRequest/Page_KDMC-Pharmacy/select_--Select--Schedule 1Inj'

2018-05-16 19:58:02 - [MESSAGE][PASSED] - All options with index in [11] are selected on object 'Object Repository/PharmacyRequest/Page_KDMC-Pharmacy/select_--Select--Schedule 1Inj'

2018-05-16 19:58:02 - [TEST_STEP][PASSED] - selectOptionByIndex: All options with index in [2] are selected on object 'Object Repository/PharmacyRequest/Page_KDMC-Pharmacy/select_--Select--Albendazole'

2018-05-16 19:58:03 - [MESSAGE][PASSED] - All options with index in [2] are selected on object 'Object Repository/PharmacyRequest/Page_KDMC-Pharmacy/select_--Select--Albendazole'

2018-05-16 19:58:03 - [TEST_STEP][PASSED] - setText: Text '10' is set on object 'Object Repository/PharmacyRequest/Page_KDMC-Pharmacy/input_txttreat'

2018-05-16 19:58:03 - [MESSAGE][PASSED] - Text '10' is set on object 'Object Repository/PharmacyRequest/Page_KDMC-Pharmacy/input_txttreat'

2018-05-16 19:58:03 - [TEST_STEP][PASSED] - click: Object: 'Object Repository/PharmacyRequest/Page_KDMC-Pharmacy/button_Add' is clicked on

2018-05-16 19:58:03 - [MESSAGE][PASSED] - Object: 'Object Repository/PharmacyRequest/Page_KDMC-Pharmacy/button_Add' is clicked on

2018-05-16 19:58:03 - [TEST_STEP][PASSED] - selectOptionByIndex: All options with index in [11] are selected on object 'Object Repository/PharmacyRequest/Page_KDMC-Pharmacy/select_--Select--Schedule 1Inj'

2018-05-16 19:58:03 - [MESSAGE][PASSED] - All options with index in [11] are selected on object 'Object Repository/PharmacyRequest/Page_KDMC-Pharmacy/select_--Select--Schedule 1Inj'

2018-05-16 19:58:03 - [TEST_STEP][PASSED] - selectOptionByIndex: All options with index in [3] are selected on object 'Object Repository/PharmacyRequest/Page_KDMC-Pharmacy/select_--Select--Albendazole'

2018-05-16 19:58:03 - [MESSAGE][PASSED] - All options with index in [3] are selected on object 'Object Repository/PharmacyRequest/Page_KDMC-Pharmacy/select_--Select--Albendazole'

2018-05-16 19:58:03 - [TEST_STEP][PASSED] - setText: Text '10' is set on object 'Object Repository/PharmacyRequest/Page_KDMC-Pharmacy/input_txttreat'

2018-05-16 19:58:03 - [MESSAGE][PASSED] - Text '10' is set on object 'Object Repository/PharmacyRequest/Page_KDMC-Pharmacy/input_txttreat'

2018-05-16 19:58:03 - [TEST_STEP][PASSED] - click: Object: 'Object Repository/PharmacyRequest/Page_KDMC-Pharmacy/button_Add' is clicked on

2018-05-16 19:58:03 - [MESSAGE][PASSED] - Object: 'Object Repository/PharmacyRequest/Page_KDMC-Pharmacy/button_Add' is clicked on

2018-05-16 19:58:03 - [TEST_STEP][PASSED] - selectOptionByIndex: All options with index in [11] are selected on object 'Object Repository/PharmacyRequest/Page_KDMC-Pharmacy/select_--Select--Schedule 1Inj'

2018-05-16 19:58:03 - [MESSAGE][PASSED] - All options with index in [11] are selected on object 'Object Repository/PharmacyRequest/Page_KDMC-Pharmacy/select_--Select--Schedule 1Inj'

2018-05-16 19:58:03 - [TEST_STEP][PASSED] - selectOptionByIndex: All options with index in [4] are selected on object 'Object Repository/PharmacyRequest/Page_KDMC-Pharmacy/select_--Select--Albendazole'

2018-05-16 19:58:03 - [MESSAGE][PASSED] - All options with index in [4] are selected on object 'Object Repository/PharmacyRequest/Page_KDMC-Pharmacy/select_--Select--Albendazole'

2018-05-16 19:58:03 - [TEST_STEP][PASSED] - setText: Text '10' is set on object 'Object Repository/PharmacyRequest/Page_KDMC-Pharmacy/input_txttreat'

2018-05-16 19:58:03 - [MESSAGE][PASSED] - Text '10' is set on object 'Object Repository/PharmacyRequest/Page_KDMC-Pharmacy/input_txttreat'

2018-05-16 19:58:03 - [TEST_STEP][PASSED] - click: Object: 'Object Repository/PharmacyRequest/Page_KDMC-Pharmacy/button_Add' is clicked on

2018-05-16 19:58:04 - [MESSAGE][PASSED] - Object: 'Object Repository/PharmacyRequest/Page_KDMC-Pharmacy/button_Add' is clicked on

2018-05-16 19:58:04 - [TEST_STEP][PASSED] - selectOptionByIndex: All options with index in [11] are selected on object 'Object Repository/PharmacyRequest/Page_KDMC-Pharmacy/select_--Select--Schedule 1Inj'

2018-05-16 19:58:04 - [MESSAGE][PASSED] - All options with index in [11] are selected on object 'Object Repository/PharmacyRequest/Page_KDMC-Pharmacy/select_--Select--Schedule 1Inj'

2018-05-16 19:58:04 - [TEST_STEP][PASSED] - selectOptionByIndex: All options with index in [5] are selected on object 'Object Repository/PharmacyRequest/Page_KDMC-Pharmacy/select_--Select--Albendazole'

2018-05-16 19:58:04 - [MESSAGE][PASSED] - All options with index in [5] are selected on object 'Object Repository/PharmacyRequest/Page_KDMC-Pharmacy/select_--Select--Albendazole'

2018-05-16 19:58:04 - [TEST_STEP][PASSED] - setText: Text '10' is set on object 'Object Repository/PharmacyRequest/Page_KDMC-Pharmacy/input_txttreat'

2018-05-16 19:58:04 - [MESSAGE][PASSED] - Text '10' is set on object 'Object Repository/PharmacyRequest/Page_KDMC-Pharmacy/input_txttreat'

2018-05-16 19:58:04 - [TEST_STEP][PASSED] - click: Object: 'Object Repository/PharmacyRequest/Page_KDMC-Pharmacy/button_Add' is clicked on

2018-05-16 19:58:04 - [MESSAGE][PASSED] - Object: 'Object Repository/PharmacyRequest/Page_KDMC-Pharmacy/button_Add' is clicked on

2018-05-16 19:58:04 - [TEST_STEP][PASSED] - selectOptionByIndex: All options with index in [11] are selected on object 'Object Repository/PharmacyRequest/Page_KDMC-Pharmacy/select_--Select--Schedule 1Inj'

2018-05-16 19:58:04 - [MESSAGE][PASSED] - All options with index in [11] are selected on object 'Object Repository/PharmacyRequest/Page_KDMC-Pharmacy/select_--Select--Schedule 1Inj'

2018-05-16 19:58:04 - [TEST_STEP][PASSED] - selectOptionByIndex: All options with index in [6] are selected on object 'Object Repository/PharmacyRequest/Page_KDMC-Pharmacy/select_--Select--Albendazole'

2018-05-16 19:58:04 - [MESSAGE][PASSED] - All options with index in [6] are selected on object 'Object Repository/PharmacyRequest/Page_KDMC-Pharmacy/select_--Select--Albendazole'

2018-05-16 19:58:04 - [TEST_STEP][PASSED] - setText: Text '10' is set on object 'Object Repository/PharmacyRequest/Page_KDMC-Pharmacy/input_txttreat'

2018-05-16 19:58:04 - [MESSAGE][PASSED] - Text '10' is set on object 'Object Repository/PharmacyRequest/Page_KDMC-Pharmacy/input_txttreat'

2018-05-16 19:58:04 - [TEST_STEP][PASSED] - click: Object: 'Object Repository/PharmacyRequest/Page_KDMC-Pharmacy/button_Add' is clicked on

2018-05-16 19:58:04 - [MESSAGE][PASSED] - Object: 'Object Repository/PharmacyRequest/Page_KDMC-Pharmacy/button_Add' is clicked on

2018-05-16 19:58:04 - [TEST_STEP][PASSED] - selectOptionByIndex: All options with index in [11] are selected on object 'Object Repository/PharmacyRequest/Page_KDMC-Pharmacy/select_--Select--Schedule 1Inj'

2018-05-16 19:58:05 - [MESSAGE][PASSED] - All options with index in [11] are selected on object 'Object Repository/PharmacyRequest/Page_KDMC-Pharmacy/select_--Select--Schedule 1Inj'

2018-05-16 19:58:05 - [TEST_STEP][PASSED] - selectOptionByIndex: All options with index in [7] are selected on object 'Object Repository/PharmacyRequest/Page_KDMC-Pharmacy/select_--Select--Albendazole'

2018-05-16 19:58:05 - [MESSAGE][PASSED] - All options with index in [7] are selected on object 'Object Repository/PharmacyRequest/Page_KDMC-Pharmacy/select_--Select--Albendazole'

2018-05-16 19:58:05 - [TEST_STEP][PASSED] - setText: Text '10' is set on object 'Object Repository/PharmacyRequest/Page_KDMC-Pharmacy/input_txttreat'

2018-05-16 19:58:05 - [MESSAGE][PASSED] - Text '10' is set on object 'Object Repository/PharmacyRequest/Page_KDMC-Pharmacy/input_txttreat'

2018-05-16 19:58:05 - [TEST_STEP][PASSED] - click: Object: 'Object Repository/PharmacyRequest/Page_KDMC-Pharmacy/button_Add' is clicked on

2018-05-16 19:58:05 - [MESSAGE][PASSED] - Object: 'Object Repository/PharmacyRequest/Page_KDMC-Pharmacy/button_Add' is clicked on

2018-05-16 19:58:05 - [TEST_STEP][PASSED] - selectOptionByIndex: All options with index in [11] are selected on object 'Object Repository/PharmacyRequest/Page_KDMC-Pharmacy/select_--Select--Schedule 1Inj'

2018-05-16 19:58:05 - [MESSAGE][PASSED] - All options with index in [11] are selected on object 'Object Repository/PharmacyRequest/Page_KDMC-Pharmacy/select_--Select--Schedule 1Inj'

2018-05-16 19:58:05 - [TEST_STEP][PASSED] - selectOptionByIndex: All options with index in [8] are selected on object 'Object Repository/PharmacyRequest/Page_KDMC-Pharmacy/select_--Select--Albendazole'

2018-05-16 19:58:05 - [MESSAGE][PASSED] - All options with index in [8] are selected on object 'Object Repository/PharmacyRequest/Page_KDMC-Pharmacy/select_--Select--Albendazole'

2018-05-16 19:58:05 - [TEST_STEP][PASSED] - setText: Text '10' is set on object 'Object Repository/PharmacyRequest/Page_KDMC-Pharmacy/input_txttreat'

2018-05-16 19:58:05 - [MESSAGE][PASSED] - Text '10' is set on object 'Object Repository/PharmacyRequest/Page_KDMC-Pharmacy/input_txttreat'

2018-05-16 19:58:05 - [TEST_STEP][PASSED] - click: Object: 'Object Repository/PharmacyRequest/Page_KDMC-Pharmacy/button_Add' is clicked on

2018-05-16 19:58:05 - [MESSAGE][PASSED] - Object: 'Object Repository/PharmacyRequest/Page_KDMC-Pharmacy/button_Add' is clicked on

2018-05-16 19:58:05 - [TEST_STEP][PASSED] - selectOptionByIndex: All options with index in [11] are selected on object 'Object Repository/PharmacyRequest/Page_KDMC-Pharmacy/select_--Select--Schedule 1Inj'

2018-05-16 19:58:06 - [MESSAGE][PASSED] - All options with index in [11] are selected on object 'Object Repository/PharmacyRequest/Page_KDMC-Pharmacy/select_--Select--Schedule 1Inj'

2018-05-16 19:58:06 - [TEST_STEP][PASSED] - selectOptionByIndex: All options with index in [9] are selected on object 'Object Repository/PharmacyRequest/Page_KDMC-Pharmacy/select_--Select--Albendazole'

2018-05-16 19:58:06 - [MESSAGE][PASSED] - All options with index in [9] are selected on object 'Object Repository/PharmacyRequest/Page_KDMC-Pharmacy/select_--Select--Albendazole'

2018-05-16 19:58:06 - [TEST_STEP][PASSED] - setText: Text '10' is set on object 'Object Repository/PharmacyRequest/Page_KDMC-Pharmacy/input_txttreat'

2018-05-16 19:58:06 - [MESSAGE][PASSED] - Text '10' is set on object 'Object Repository/PharmacyRequest/Page_KDMC-Pharmacy/input_txttreat'

2018-05-16 19:58:06 - [TEST_STEP][PASSED] - click: Object: 'Object Repository/PharmacyRequest/Page_KDMC-Pharmacy/button_Add' is clicked on

2018-05-16 19:58:06 - [MESSAGE][PASSED] - Object: 'Object Repository/PharmacyRequest/Page_KDMC-Pharmacy/button_Add' is clicked on

2018-05-16 19:58:06 - [TEST_STEP][PASSED] - selectOptionByIndex: All options with index in [11] are selected on object 'Object Repository/PharmacyRequest/Page_KDMC-Pharmacy/select_--Select--Schedule 1Inj'

2018-05-16 19:58:06 - [MESSAGE][PASSED] - All options with index in [11] are selected on object 'Object Repository/PharmacyRequest/Page_KDMC-Pharmacy/select_--Select--Schedule 1Inj'

2018-05-16 19:58:06 - [TEST_STEP][PASSED] - selectOptionByIndex: All options with index in [10] are selected on object 'Object Repository/PharmacyRequest/Page_KDMC-Pharmacy/select_--Select--Albendazole'

2018-05-16 19:58:06 - [MESSAGE][PASSED] - All options with index in [10] are selected on object 'Object Repository/PharmacyRequest/Page_KDMC-Pharmacy/select_--Select--Albendazole'

2018-05-16 19:58:06 - [TEST_STEP][PASSED] - setText: Text '10' is set on object 'Object Repository/PharmacyRequest/Page_KDMC-Pharmacy/input_txttreat'

2018-05-16 19:58:06 - [MESSAGE][PASSED] - Text '10' is set on object 'Object Repository/PharmacyRequest/Page_KDMC-Pharmacy/input_txttreat'

2018-05-16 19:58:06 - [TEST_STEP][PASSED] - click: Object: 'Object Repository/PharmacyRequest/Page_KDMC-Pharmacy/button_Add' is clicked on

2018-05-16 19:58:06 - [MESSAGE][PASSED] - Object: 'Object Repository/PharmacyRequest/Page_KDMC-Pharmacy/button_Add' is clicked on

2018-05-16 19:58:06 - [TEST_STEP][PASSED] - selectOptionByIndex: All options with index in [11] are selected on object 'Object Repository/PharmacyRequest/Page_KDMC-Pharmacy/select_--Select--Schedule 1Inj'

2018-05-16 19:58:06 - [MESSAGE][PASSED] - All options with index in [11] are selected on object 'Object Repository/PharmacyRequest/Page_KDMC-Pharmacy/select_--Select--Schedule 1Inj'

2018-05-16 19:58:06 - [TEST_STEP][PASSED] - selectOptionByIndex: All options with index in [11] are selected on object 'Object Repository/PharmacyRequest/Page_KDMC-Pharmacy/select_--Select--Albendazole'

2018-05-16 19:58:07 - [MESSAGE][PASSED] - All options with index in [11] are selected on object 'Object Repository/PharmacyRequest/Page_KDMC-Pharmacy/select_--Select--Albendazole'

2018-05-16 19:58:07 - [TEST_STEP][PASSED] - setText: Text '10' is set on object 'Object Repository/PharmacyRequest/Page_KDMC-Pharmacy/input_txttreat'

2018-05-16 19:58:07 - [MESSAGE][PASSED] - Text '10' is set on object 'Object Repository/PharmacyRequest/Page_KDMC-Pharmacy/input_txttreat'

2018-05-16 19:58:07 - [TEST_STEP][PASSED] - click: Object: 'Object Repository/PharmacyRequest/Page_KDMC-Pharmacy/button_Add' is clicked on

2018-05-16 19:58:07 - [MESSAGE][PASSED] - Object: 'Object Repository/PharmacyRequest/Page_KDMC-Pharmacy/button_Add' is clicked on

2018-05-16 19:58:07 - [TEST_STEP][PASSED] - selectOptionByIndex: All options with index in [11] are selected on object 'Object Repository/PharmacyRequest/Page_KDMC-Pharmacy/select_--Select--Schedule 1Inj'

2018-05-16 19:58:07 - [MESSAGE][PASSED] - All options with index in [11] are selected on object 'Object Repository/PharmacyRequest/Page_KDMC-Pharmacy/select_--Select--Schedule 1Inj'

2018-05-16 19:58:07 - [TEST_STEP][PASSED] - selectOptionByIndex: All options with index in [12] are selected on object 'Object Repository/PharmacyRequest/Page_KDMC-Pharmacy/select_--Select--Albendazole'

2018-05-16 19:58:07 - [MESSAGE][PASSED] - All options with index in [12] are selected on object 'Object Repository/PharmacyRequest/Page_KDMC-Pharmacy/select_--Select--Albendazole'

2018-05-16 19:58:07 - [TEST_STEP][PASSED] - setText: Text '10' is set on object 'Object Repository/PharmacyRequest/Page_KDMC-Pharmacy/input_txttreat'

2018-05-16 19:58:07 - [MESSAGE][PASSED] - Text '10' is set on object 'Object Repository/PharmacyRequest/Page_KDMC-Pharmacy/input_txttreat'

2018-05-16 19:58:07 - [TEST_STEP][PASSED] - click: Object: 'Object Repository/PharmacyRequest/Page_KDMC-Pharmacy/button_Add' is clicked on

2018-05-16 19:58:07 - [MESSAGE][PASSED] - Object: 'Object Repository/PharmacyRequest/Page_KDMC-Pharmacy/button_Add' is clicked on

2018-05-16 19:58:07 - [TEST_STEP][PASSED] - selectOptionByIndex: All options with index in [11] are selected on object 'Object Repository/PharmacyRequest/Page_KDMC-Pharmacy/select_--Select--Schedule 1Inj'

2018-05-16 19:58:07 - [MESSAGE][PASSED] - All options with index in [11] are selected on object 'Object Repository/PharmacyRequest/Page_KDMC-Pharmacy/select_--Select--Schedule 1Inj'

2018-05-16 19:58:07 - [TEST_STEP][PASSED] - selectOptionByIndex: All options with index in [13] are selected on object 'Object Repository/PharmacyRequest/Page_KDMC-Pharmacy/select_--Select--Albendazole'

2018-05-16 19:58:08 - [MESSAGE][PASSED] - All options with index in [13] are selected on object 'Object Repository/PharmacyRequest/Page_KDMC-Pharmacy/select_--Select--Albendazole'

2018-05-16 19:58:08 - [TEST_STEP][PASSED] - setText: Text '10' is set on object 'Object Repository/PharmacyRequest/Page_KDMC-Pharmacy/input_txttreat'

2018-05-16 19:58:08 - [MESSAGE][PASSED] - Text '10' is set on object 'Object Repository/PharmacyRequest/Page_KDMC-Pharmacy/input_txttreat'

2018-05-16 19:58:08 - [TEST_STEP][PASSED] - click: Object: 'Object Repository/PharmacyRequest/Page_KDMC-Pharmacy/button_Add' is clicked on

2018-05-16 19:58:08 - [MESSAGE][PASSED] - Object: 'Object Repository/PharmacyRequest/Page_KDMC-Pharmacy/button_Add' is clicked on

2018-05-16 19:58:08 - [TEST_STEP][PASSED] - selectOptionByIndex: All options with index in [11] are selected on object 'Object Repository/PharmacyRequest/Page_KDMC-Pharmacy/select_--Select--Schedule 1Inj'

2018-05-16 19:58:08 - [MESSAGE][PASSED] - All options with index in [11] are selected on object 'Object Repository/PharmacyRequest/Page_KDMC-Pharmacy/select_--Select--Schedule 1Inj'

2018-05-16 19:58:08 - [TEST_STEP][PASSED] - selectOptionByIndex: All options with index in [14] are selected on object 'Object Repository/PharmacyRequest/Page_KDMC-Pharmacy/select_--Select--Albendazole'

2018-05-16 19:58:08 - [MESSAGE][PASSED] - All options with index in [14] are selected on object 'Object Repository/PharmacyRequest/Page_KDMC-Pharmacy/select_--Select--Albendazole'

2018-05-16 19:58:08 - [TEST_STEP][PASSED] - setText: Text '10' is set on object 'Object Repository/PharmacyRequest/Page_KDMC-Pharmacy/input_txttreat'

2018-05-16 19:58:08 - [MESSAGE][PASSED] - Text '10' is set on object 'Object Repository/PharmacyRequest/Page_KDMC-Pharmacy/input_txttreat'

2018-05-16 19:58:08 - [TEST_STEP][PASSED] - click: Object: 'Object Repository/PharmacyRequest/Page_KDMC-Pharmacy/button_Add' is clicked on

2018-05-16 19:58:08 - [MESSAGE][PASSED] - Object: 'Object Repository/PharmacyRequest/Page_KDMC-Pharmacy/button_Add' is clicked on

2018-05-16 19:58:08 - [TEST_STEP][PASSED] - selectOptionByIndex: All options with index in [11] are selected on object 'Object Repository/PharmacyRequest/Page_KDMC-Pharmacy/select_--Select--Schedule 1Inj'

2018-05-16 19:58:08 - [MESSAGE][PASSED] - All options with index in [11] are selected on object 'Object Repository/PharmacyRequest/Page_KDMC-Pharmacy/select_--Select--Schedule 1Inj'

2018-05-16 19:58:08 - [TEST_STEP][PASSED] - selectOptionByIndex: All options with index in [15] are selected on object 'Object Repository/PharmacyRequest/Page_KDMC-Pharmacy/select_--Select--Albendazole'

2018-05-16 19:58:09 - [MESSAGE][PASSED] - All options with index in [15] are selected on object 'Object Repository/PharmacyRequest/Page_KDMC-Pharmacy/select_--Select--Albendazole'

2018-05-16 19:58:09 - [TEST_STEP][PASSED] - setText: Text '10' is set on object 'Object Repository/PharmacyRequest/Page_KDMC-Pharmacy/input_txttreat'

2018-05-16 19:58:09 - [MESSAGE][PASSED] - Text '10' is set on object 'Object Repository/PharmacyRequest/Page_KDMC-Pharmacy/input_txttreat'

2018-05-16 19:58:09 - [TEST_STEP][PASSED] - click: Object: 'Object Repository/PharmacyRequest/Page_KDMC-Pharmacy/button_Add' is clicked on

2018-05-16 19:58:09 - [MESSAGE][PASSED] - Object: 'Object Repository/PharmacyRequest/Page_KDMC-Pharmacy/button_Add' is clicked on

2018-05-16 19:58:09 - [TEST_STEP][PASSED] - selectOptionByIndex: All options with index in [11] are selected on object 'Object Repository/PharmacyRequest/Page_KDMC-Pharmacy/select_--Select--Schedule 1Inj'

2018-05-16 19:58:09 - [MESSAGE][PASSED] - All options with index in [11] are selected on object 'Object Repository/PharmacyRequest/Page_KDMC-Pharmacy/select_--Select--Schedule 1Inj'

2018-05-16 19:58:09 - [TEST_STEP][PASSED] - selectOptionByIndex: All options with index in [16] are selected on object 'Object Repository/PharmacyRequest/Page_KDMC-Pharmacy/select_--Select--Albendazole'

2018-05-16 19:58:09 - [MESSAGE][PASSED] - All options with index in [16] are selected on object 'Object Repository/PharmacyRequest/Page_KDMC-Pharmacy/select_--Select--Albendazole'

2018-05-16 19:58:09 - [TEST_STEP][PASSED] - setText: Text '10' is set on object 'Object Repository/PharmacyRequest/Page_KDMC-Pharmacy/input_txttreat'

2018-05-16 19:58:09 - [MESSAGE][PASSED] - Text '10' is set on object 'Object Repository/PharmacyRequest/Page_KDMC-Pharmacy/input_txttreat'

2018-05-16 19:58:09 - [TEST_STEP][PASSED] - click: Object: 'Object Repository/PharmacyRequest/Page_KDMC-Pharmacy/button_Add' is clicked on

2018-05-16 19:58:09 - [MESSAGE][PASSED] - Object: 'Object Repository/PharmacyRequest/Page_KDMC-Pharmacy/button_Add' is clicked on

2018-05-16 19:58:09 - [TEST_STEP][PASSED] - selectOptionByIndex: All options with index in [11] are selected on object 'Object Repository/PharmacyRequest/Page_KDMC-Pharmacy/select_--Select--Schedule 1Inj'

2018-05-16 19:58:10 - [MESSAGE][PASSED] - All options with index in [11] are selected on object 'Object Repository/PharmacyRequest/Page_KDMC-Pharmacy/select_--Select--Schedule 1Inj'

2018-05-16 19:58:10 - [TEST_STEP][PASSED] - selectOptionByIndex: All options with index in [17] are selected on object 'Object Repository/PharmacyRequest/Page_KDMC-Pharmacy/select_--Select--Albendazole'

2018-05-16 19:58:10 - [MESSAGE][PASSED] - All options with index in [17] are selected on object 'Object Repository/PharmacyRequest/Page_KDMC-Pharmacy/select_--Select--Albendazole'

2018-05-16 19:58:10 - [TEST_STEP][PASSED] - setText: Text '10' is set on object 'Object Repository/PharmacyRequest/Page_KDMC-Pharmacy/input_txttreat'

2018-05-16 19:58:10 - [MESSAGE][PASSED] - Text '10' is set on object 'Object Repository/PharmacyRequest/Page_KDMC-Pharmacy/input_txttreat'

2018-05-16 19:58:10 - [TEST_STEP][PASSED] - click: Object: 'Object Repository/PharmacyRequest/Page_KDMC-Pharmacy/button_Add' is clicked on

2018-05-16 19:58:10 - [MESSAGE][PASSED] - Object: 'Object Repository/PharmacyRequest/Page_KDMC-Pharmacy/button_Add' is clicked on

2018-05-16 19:58:10 - [TEST_STEP][PASSED] - selectOptionByIndex: All options with index in [11] are selected on object 'Object Repository/PharmacyRequest/Page_KDMC-Pharmacy/select_--Select--Schedule 1Inj'

2018-05-16 19:58:10 - [MESSAGE][PASSED] - All options with index in [11] are selected on object 'Object Repository/PharmacyRequest/Page_KDMC-Pharmacy/select_--Select--Schedule 1Inj'

2018-05-16 19:58:10 - [TEST_STEP][PASSED] - selectOptionByIndex: All options with index in [18] are selected on object 'Object Repository/PharmacyRequest/Page_KDMC-Pharmacy/select_--Select--Albendazole'

2018-05-16 19:58:10 - [MESSAGE][PASSED] - All options with index in [18] are selected on object 'Object Repository/PharmacyRequest/Page_KDMC-Pharmacy/select_--Select--Albendazole'

2018-05-16 19:58:10 - [TEST_STEP][PASSED] - setText: Text '10' is set on object 'Object Repository/PharmacyRequest/Page_KDMC-Pharmacy/input_txttreat'

2018-05-16 19:58:10 - [MESSAGE][PASSED] - Text '10' is set on object 'Object Repository/PharmacyRequest/Page_KDMC-Pharmacy/input_txttreat'

2018-05-16 19:58:10 - [TEST_STEP][PASSED] - click: Object: 'Object Repository/PharmacyRequest/Page_KDMC-Pharmacy/button_Add' is clicked on

2018-05-16 19:58:10 - [MESSAGE][PASSED] - Object: 'Object Repository/PharmacyRequest/Page_KDMC-Pharmacy/button_Add' is clicked on

2018-05-16 19:58:10 - [TEST_STEP][PASSED] - selectOptionByIndex: All options with index in [11] are selected on object 'Object Repository/PharmacyRequest/Page_KDMC-Pharmacy/select_--Select--Schedule 1Inj'

2018-05-16 19:58:11 - [MESSAGE][PASSED] - All options with index in [11] are selected on object 'Object Repository/PharmacyRequest/Page_KDMC-Pharmacy/select_--Select--Schedule 1Inj'

2018-05-16 19:58:11 - [TEST_STEP][PASSED] - selectOptionByIndex: All options with index in [19] are selected on object 'Object Repository/PharmacyRequest/Page_KDMC-Pharmacy/select_--Select--Albendazole'

2018-05-16 19:58:11 - [MESSAGE][PASSED] - All options with index in [19] are selected on object 'Object Repository/PharmacyRequest/Page_KDMC-Pharmacy/select_--Select--Albendazole'

2018-05-16 19:58:11 - [TEST_STEP][PASSED] - setText: Text '10' is set on object 'Object Repository/PharmacyRequest/Page_KDMC-Pharmacy/input_txttreat'

2018-05-16 19:58:11 - [MESSAGE][PASSED] - Text '10' is set on object 'Object Repository/PharmacyRequest/Page_KDMC-Pharmacy/input_txttreat'

2018-05-16 19:58:11 - [TEST_STEP][PASSED] - click: Object: 'Object Repository/PharmacyRequest/Page_KDMC-Pharmacy/button_Add' is clicked on

2018-05-16 19:58:11 - [MESSAGE][PASSED] - Object: 'Object Repository/PharmacyRequest/Page_KDMC-Pharmacy/button_Add' is clicked on

2018-05-16 19:58:11 - [TEST_STEP][PASSED] - selectOptionByIndex: All options with index in [11] are selected on object 'Object Repository/PharmacyRequest/Page_KDMC-Pharmacy/select_--Select--Schedule 1Inj'

2018-05-16 19:58:11 - [MESSAGE][PASSED] - All options with index in [11] are selected on object 'Object Repository/PharmacyRequest/Page_KDMC-Pharmacy/select_--Select--Schedule 1Inj'

2018-05-16 19:58:11 - [TEST_STEP][PASSED] - selectOptionByIndex: All options with index in [20] are selected on object 'Object Repository/PharmacyRequest/Page_KDMC-Pharmacy/select_--Select--Albendazole'

2018-05-16 19:58:11 - [MESSAGE][PASSED] - All options with index in [20] are selected on object 'Object Repository/PharmacyRequest/Page_KDMC-Pharmacy/select_--Select--Albendazole'

2018-05-16 19:58:11 - [TEST_STEP][PASSED] - setText: Text '10' is set on object 'Object Repository/PharmacyRequest/Page_KDMC-Pharmacy/input_txttreat'

2018-05-16 19:58:12 - [MESSAGE][PASSED] - Text '10' is set on object 'Object Repository/PharmacyRequest/Page_KDMC-Pharmacy/input_txttreat'

2018-05-16 19:58:12 - [TEST_STEP][PASSED] - click: Object: 'Object Repository/PharmacyRequest/Page_KDMC-Pharmacy/button_Add' is clicked on

2018-05-16 19:58:12 - [MESSAGE][PASSED] - Object: 'Object Repository/PharmacyRequest/Page_KDMC-Pharmacy/button_Add' is clicked on

2018-05-16 19:58:12 - [TEST_STEP][PASSED] - selectOptionByIndex: All options with index in [11] are selected on object 'Object Repository/PharmacyRequest/Page_KDMC-Pharmacy/select_--Select--Schedule 1Inj'

2018-05-16 19:58:12 - [MESSAGE][PASSED] - All options with index in [11] are selected on object 'Object Repository/PharmacyRequest/Page_KDMC-Pharmacy/select_--Select--Schedule 1Inj'

2018-05-16 19:58:12 - [TEST_STEP][PASSED] - selectOptionByIndex: All options with index in [21] are selected on object 'Object Repository/PharmacyRequest/Page_KDMC-Pharmacy/select_--Select--Albendazole'

2018-05-16 19:58:12 - [MESSAGE][PASSED] - All options with index in [21] are selected on object 'Object Repository/PharmacyRequest/Page_KDMC-Pharmacy/select_--Select--Albendazole'

2018-05-16 19:58:12 - [TEST_STEP][PASSED] - setText: Text '10' is set on object 'Object Repository/PharmacyRequest/Page_KDMC-Pharmacy/input_txttreat'

2018-05-16 19:58:12 - [MESSAGE][PASSED] - Text '10' is set on object 'Object Repository/PharmacyRequest/Page_KDMC-Pharmacy/input_txttreat'

2018-05-16 19:58:12 - [TEST_STEP][PASSED] - click: Object: 'Object Repository/PharmacyRequest/Page_KDMC-Pharmacy/button_Add' is clicked on

2018-05-16 19:58:12 - [MESSAGE][PASSED] - Object: 'Object Repository/PharmacyRequest/Page_KDMC-Pharmacy/button_Add' is clicked on

2018-05-16 19:58:12 - [TEST_STEP][PASSED] - selectOptionByIndex: All options with index in [11] are selected on object 'Object Repository/PharmacyRequest/Page_KDMC-Pharmacy/select_--Select--Schedule 1Inj'

2018-05-16 19:58:12 - [MESSAGE][PASSED] - All options with index in [11] are selected on object 'Object Repository/PharmacyRequest/Page_KDMC-Pharmacy/select_--Select--Schedule 1Inj'

2018-05-16 19:58:12 - [TEST_STEP][PASSED] - selectOptionByIndex: All options with index in [22] are selected on object 'Object Repository/PharmacyRequest/Page_KDMC-Pharmacy/select_--Select--Albendazole'

2018-05-16 19:58:13 - [MESSAGE][PASSED] - All options with index in [22] are selected on object 'Object Repository/PharmacyRequest/Page_KDMC-Pharmacy/select_--Select--Albendazole'

2018-05-16 19:58:13 - [TEST_STEP][PASSED] - setText: Text '10' is set on object 'Object Repository/PharmacyRequest/Page_KDMC-Pharmacy/input_txttreat'

2018-05-16 19:58:13 - [MESSAGE][PASSED] - Text '10' is set on object 'Object Repository/PharmacyRequest/Page_KDMC-Pharmacy/input_txttreat'

2018-05-16 19:58:13 - [TEST_STEP][PASSED] - click: Object: 'Object Repository/PharmacyRequest/Page_KDMC-Pharmacy/button_Add' is clicked on

2018-05-16 19:58:13 - [MESSAGE][PASSED] - Object: 'Object Repository/PharmacyRequest/Page_KDMC-Pharmacy/button_Add' is clicked on

2018-05-16 19:58:13 - [TEST_STEP][PASSED] - selectOptionByIndex: All options with index in [11] are selected on object 'Object Repository/PharmacyRequest/Page_KDMC-Pharmacy/select_--Select--Schedule 1Inj'

2018-05-16 19:58:13 - [MESSAGE][PASSED] - All options with index in [11] are selected on object 'Object Repository/PharmacyRequest/Page_KDMC-Pharmacy/select_--Select--Schedule 1Inj'

2018-05-16 19:58:13 - [TEST_STEP][PASSED] - selectOptionByIndex: All options with index in [23] are selected on object 'Object Repository/PharmacyRequest/Page_KDMC-Pharmacy/select_--Select--Albendazole'

2018-05-16 19:58:13 - [MESSAGE][PASSED] - All options with index in [23] are selected on object 'Object Repository/PharmacyRequest/Page_KDMC-Pharmacy/select_--Select--Albendazole'

2018-05-16 19:58:13 - [TEST_STEP][PASSED] - setText: Text '10' is set on object 'Object Repository/PharmacyRequest/Page_KDMC-Pharmacy/input_txttreat'

2018-05-16 19:58:13 - [MESSAGE][PASSED] - Text '10' is set on object 'Object Repository/PharmacyRequest/Page_KDMC-Pharmacy/input_txttreat'

2018-05-16 19:58:13 - [TEST_STEP][PASSED] - click: Object: 'Object Repository/PharmacyRequest/Page_KDMC-Pharmacy/button_Add' is clicked on

2018-05-16 19:58:13 - [MESSAGE][PASSED] - Object: 'Object Repository/PharmacyRequest/Page_KDMC-Pharmacy/button_Add' is clicked on

2018-05-16 19:58:13 - [TEST_STEP][PASSED] - selectOptionByIndex: All options with index in [11] are selected on object 'Object Repository/PharmacyRequest/Page_KDMC-Pharmacy/select_--Select--Schedule 1Inj'

2018-05-16 19:58:13 - [MESSAGE][PASSED] - All options with index in [11] are selected on object 'Object Repository/PharmacyRequest/Page_KDMC-Pharmacy/select_--Select--Schedule 1Inj'

2018-05-16 19:58:13 - [TEST_STEP][PASSED] - selectOptionByIndex: All options with index in [24] are selected on object 'Object Repository/PharmacyRequest/Page_KDMC-Pharmacy/select_--Select--Albendazole'

2018-05-16 19:58:14 - [MESSAGE][PASSED] - All options with index in [24] are selected on object 'Object Repository/PharmacyRequest/Page_KDMC-Pharmacy/select_--Select--Albendazole'

2018-05-16 19:58:14 - [TEST_STEP][PASSED] - setText: Text '10' is set on object 'Object Repository/PharmacyRequest/Page_KDMC-Pharmacy/input_txttreat'

2018-05-16 19:58:14 - [MESSAGE][PASSED] - Text '10' is set on object 'Object Repository/PharmacyRequest/Page_KDMC-Pharmacy/input_txttreat'

2018-05-16 19:58:14 - [TEST_STEP][PASSED] - click: Object: 'Object Repository/PharmacyRequest/Page_KDMC-Pharmacy/button_Add' is clicked on

2018-05-16 19:58:14 - [MESSAGE][PASSED] - Object: 'Object Repository/PharmacyRequest/Page_KDMC-Pharmacy/button_Add' is clicked on

2018-05-16 19:58:14 - [TEST_STEP][PASSED] - selectOptionByIndex: All options with index in [11] are selected on object 'Object Repository/PharmacyRequest/Page_KDMC-Pharmacy/select_--Select--Schedule 1Inj'

2018-05-16 19:58:14 - [MESSAGE][PASSED] - All options with index in [11] are selected on object 'Object Repository/PharmacyRequest/Page_KDMC-Pharmacy/select_--Select--Schedule 1Inj'

2018-05-16 19:58:14 - [TEST_STEP][PASSED] - selectOptionByIndex: All options with index in [25] are selected on object 'Object Repository/PharmacyRequest/Page_KDMC-Pharmacy/select_--Select--Albendazole'

2018-05-16 19:58:14 - [MESSAGE][PASSED] - All options with index in [25] are selected on object 'Object Repository/PharmacyRequest/Page_KDMC-Pharmacy/select_--Select--Albendazole'

2018-05-16 19:58:14 - [TEST_STEP][PASSED] - setText: Text '10' is set on object 'Object Repository/PharmacyRequest/Page_KDMC-Pharmacy/input_txttreat'

2018-05-16 19:58:14 - [MESSAGE][PASSED] - Text '10' is set on object 'Object Repository/PharmacyRequest/Page_KDMC-Pharmacy/input_txttreat'

2018-05-16 19:58:14 - [TEST_STEP][PASSED] - click: Object: 'Object Repository/PharmacyRequest/Page_KDMC-Pharmacy/button_Add' is clicked on

2018-05-16 19:58:14 - [MESSAGE][PASSED] - Object: 'Object Repository/PharmacyRequest/Page_KDMC-Pharmacy/button_Add' is clicked on

2018-05-16 19:58:14 - [TEST_STEP][PASSED] - selectOptionByIndex: All options with index in [11] are selected on object 'Object Repository/PharmacyRequest/Page_KDMC-Pharmacy/select_--Select--Schedule 1Inj'

2018-05-16 19:58:15 - [MESSAGE][PASSED] - All options with index in [11] are selected on object 'Object Repository/PharmacyRequest/Page_KDMC-Pharmacy/select_--Select--Schedule 1Inj'

2018-05-16 19:58:15 - [TEST_STEP][PASSED] - selectOptionByIndex: All options with index in [26] are selected on object 'Object Repository/PharmacyRequest/Page_KDMC-Pharmacy/select_--Select--Albendazole'

2018-05-16 19:58:15 - [MESSAGE][PASSED] - All options with index in [26] are selected on object 'Object Repository/PharmacyRequest/Page_KDMC-Pharmacy/select_--Select--Albendazole'

2018-05-16 19:58:15 - [TEST_STEP][PASSED] - setText: Text '10' is set on object 'Object Repository/PharmacyRequest/Page_KDMC-Pharmacy/input_txttreat'

2018-05-16 19:58:15 - [MESSAGE][PASSED] - Text '10' is set on object 'Object Repository/PharmacyRequest/Page_KDMC-Pharmacy/input_txttreat'

2018-05-16 19:58:15 - [TEST_STEP][PASSED] - click: Object: 'Object Repository/PharmacyRequest/Page_KDMC-Pharmacy/button_Add' is clicked on

2018-05-16 19:58:15 - [MESSAGE][PASSED] - Object: 'Object Repository/PharmacyRequest/Page_KDMC-Pharmacy/button_Add' is clicked on

2018-05-16 19:58:15 - [TEST_STEP][PASSED] - selectOptionByIndex: All options with index in [11] are selected on object 'Object Repository/PharmacyRequest/Page_KDMC-Pharmacy/select_--Select--Schedule 1Inj'

2018-05-16 19:58:15 - [MESSAGE][PASSED] - All options with index in [11] are selected on object 'Object Repository/PharmacyRequest/Page_KDMC-Pharmacy/select_--Select--Schedule 1Inj'

2018-05-16 19:58:15 - [TEST_STEP][PASSED] - selectOptionByIndex: All options with index in [27] are selected on object 'Object Repository/PharmacyRequest/Page_KDMC-Pharmacy/select_--Select--Albendazole'

2018-05-16 19:58:16 - [MESSAGE][PASSED] - All options with index in [27] are selected on object 'Object Repository/PharmacyRequest/Page_KDMC-Pharmacy/select_--Select--Albendazole'

2018-05-16 19:58:16 - [TEST_STEP][PASSED] - setText: Text '10' is set on object 'Object Repository/PharmacyRequest/Page_KDMC-Pharmacy/input_txttreat'

2018-05-16 19:58:16 - [MESSAGE][PASSED] - Text '10' is set on object 'Object Repository/PharmacyRequest/Page_KDMC-Pharmacy/input_txttreat'

2018-05-16 19:58:16 - [TEST_STEP][PASSED] - click: Object: 'Object Repository/PharmacyRequest/Page_KDMC-Pharmacy/button_Add' is clicked on

2018-05-16 19:58:16 - [MESSAGE][PASSED] - Object: 'Object Repository/PharmacyRequest/Page_KDMC-Pharmacy/button_Add' is clicked on

2018-05-16 19:58:16 - [TEST_STEP][PASSED] - selectOptionByIndex: All options with index in [11] are selected on object 'Object Repository/PharmacyRequest/Page_KDMC-Pharmacy/select_--Select--Schedule 1Inj'

2018-05-16 19:58:16 - [MESSAGE][PASSED] - All options with index in [11] are selected on object 'Object Repository/PharmacyRequest/Page_KDMC-Pharmacy/select_--Select--Schedule 1Inj'

2018-05-16 19:58:16 - [TEST_STEP][PASSED] - selectOptionByIndex: All options with index in [28] are selected on object 'Object Repository/PharmacyRequest/Page_KDMC-Pharmacy/select_--Select--Albendazole'

2018-05-16 19:58:16 - [MESSAGE][PASSED] - All options with index in [28] are selected on object 'Object Repository/PharmacyRequest/Page_KDMC-Pharmacy/select_--Select--Albendazole'

2018-05-16 19:58:16 - [TEST_STEP][PASSED] - setText: Text '10' is set on object 'Object Repository/PharmacyRequest/Page_KDMC-Pharmacy/input_txttreat'

2018-05-16 19:58:16 - [MESSAGE][PASSED] - Text '10' is set on object 'Object Repository/PharmacyRequest/Page_KDMC-Pharmacy/input_txttreat'

2018-05-16 19:58:16 - [TEST_STEP][PASSED] - click: Object: 'Object Repository/PharmacyRequest/Page_KDMC-Pharmacy/button_Add' is clicked on

2018-05-16 19:58:16 - [MESSAGE][PASSED] - Object: 'Object Repository/PharmacyRequest/Page_KDMC-Pharmacy/button_Add' is clicked on

2018-05-16 19:58:16 - [TEST_STEP][PASSED] - selectOptionByIndex: All options with index in [11] are selected on object 'Object Repository/PharmacyRequest/Page_KDMC-Pharmacy/select_--Select--Schedule 1Inj'

2018-05-16 19:58:17 - [MESSAGE][PASSED] - All options with index in [11] are selected on object 'Object Repository/PharmacyRequest/Page_KDMC-Pharmacy/select_--Select--Schedule 1Inj'

2018-05-16 19:58:17 - [TEST_STEP][PASSED] - selectOptionByIndex: All options with index in [29] are selected on object 'Object Repository/PharmacyRequest/Page_KDMC-Pharmacy/select_--Select--Albendazole'

2018-05-16 19:58:17 - [MESSAGE][PASSED] - All options with index in [29] are selected on object 'Object Repository/PharmacyRequest/Page_KDMC-Pharmacy/select_--Select--Albendazole'

2018-05-16 19:58:17 - [TEST_STEP][PASSED] - setText: Text '10' is set on object 'Object Repository/PharmacyRequest/Page_KDMC-Pharmacy/input_txttreat'

2018-05-16 19:58:17 - [MESSAGE][PASSED] - Text '10' is set on object 'Object Repository/PharmacyRequest/Page_KDMC-Pharmacy/input_txttreat'

2018-05-16 19:58:17 - [TEST_STEP][PASSED] - click: Object: 'Object Repository/PharmacyRequest/Page_KDMC-Pharmacy/button_Add' is clicked on

2018-05-16 19:58:17 - [MESSAGE][PASSED] - Object: 'Object Repository/PharmacyRequest/Page_KDMC-Pharmacy/button_Add' is clicked on

2018-05-16 19:58:17 - [TEST_STEP][PASSED] - selectOptionByIndex: All options with index in [11] are selected on object 'Object Repository/PharmacyRequest/Page_KDMC-Pharmacy/select_--Select--Schedule 1Inj'

2018-05-16 19:58:17 - [MESSAGE][PASSED] - All options with index in [11] are selected on object 'Object Repository/PharmacyRequest/Page_KDMC-Pharmacy/select_--Select--Schedule 1Inj'

2018-05-16 19:58:17 - [TEST_STEP][PASSED] - selectOptionByIndex: All options with index in [30] are selected on object 'Object Repository/PharmacyRequest/Page_KDMC-Pharmacy/select_--Select--Albendazole'

2018-05-16 19:58:18 - [MESSAGE][PASSED] - All options with index in [30] are selected on object 'Object Repository/PharmacyRequest/Page_KDMC-Pharmacy/select_--Select--Albendazole'

2018-05-16 19:58:18 - [TEST_STEP][PASSED] - setText: Text '10' is set on object 'Object Repository/PharmacyRequest/Page_KDMC-Pharmacy/input_txttreat'

2018-05-16 19:58:18 - [MESSAGE][PASSED] - Text '10' is set on object 'Object Repository/PharmacyRequest/Page_KDMC-Pharmacy/input_txttreat'

2018-05-16 19:58:18 - [TEST_STEP][PASSED] - click: Object: 'Object Repository/PharmacyRequest/Page_KDMC-Pharmacy/button_Add' is clicked on

2018-05-16 19:58:18 - [MESSAGE][PASSED] - Object: 'Object Repository/PharmacyRequest/Page_KDMC-Pharmacy/button_Add' is clicked on

2018-05-16 19:58:18 - [TEST_STEP][PASSED] - selectOptionByIndex: All options with index in [11] are selected on object 'Object Repository/PharmacyRequest/Page_KDMC-Pharmacy/select_--Select--Schedule 1Inj'

2018-05-16 19:58:18 - [MESSAGE][PASSED] - All options with index in [11] are selected on object 'Object Repository/PharmacyRequest/Page_KDMC-Pharmacy/select_--Select--Schedule 1Inj'

2018-05-16 19:58:18 - [TEST_STEP][PASSED] - selectOptionByIndex: All options with index in [31] are selected on object 'Object Repository/PharmacyRequest/Page_KDMC-Pharmacy/select_--Select--Albendazole'

2018-05-16 19:58:18 - [MESSAGE][PASSED] - All options with index in [31] are selected on object 'Object Repository/PharmacyRequest/Page_KDMC-Pharmacy/select_--Select--Albendazole'

2018-05-16 19:58:18 - [TEST_STEP][PASSED] - setText: Text '10' is set on object 'Object Repository/PharmacyRequest/Page_KDMC-Pharmacy/input_txttreat'

2018-05-16 19:58:18 - [MESSAGE][PASSED] - Text '10' is set on object 'Object Repository/PharmacyRequest/Page_KDMC-Pharmacy/input_txttreat'

2018-05-16 19:58:18 - [TEST_STEP][PASSED] - click: Object: 'Object Repository/PharmacyRequest/Page_KDMC-Pharmacy/button_Add' is clicked on

2018-05-16 19:58:18 - [MESSAGE][PASSED] - Object: 'Object Repository/PharmacyRequest/Page_KDMC-Pharmacy/button_Add' is clicked on

2018-05-16 19:58:18 - [TEST_STEP][PASSED] - selectOptionByIndex: All options with index in [11] are selected on object 'Object Repository/PharmacyRequest/Page_KDMC-Pharmacy/select_--Select--Schedule 1Inj'

2018-05-16 19:58:18 - [MESSAGE][PASSED] - All options with index in [11] are selected on object 'Object Repository/PharmacyRequest/Page_KDMC-Pharmacy/select_--Select--Schedule 1Inj'

2018-05-16 19:58:18 - [TEST_STEP][PASSED] - selectOptionByIndex: All options with index in [32] are selected on object 'Object Repository/PharmacyRequest/Page_KDMC-Pharmacy/select_--Select--Albendazole'

2018-05-16 19:58:19 - [MESSAGE][PASSED] - All options with index in [32] are selected on object 'Object Repository/PharmacyRequest/Page_KDMC-Pharmacy/select_--Select--Albendazole'

2018-05-16 19:58:19 - [TEST_STEP][PASSED] - setText: Text '10' is set on object 'Object Repository/PharmacyRequest/Page_KDMC-Pharmacy/input_txttreat'

2018-05-16 19:58:19 - [MESSAGE][PASSED] - Text '10' is set on object 'Object Repository/PharmacyRequest/Page_KDMC-Pharmacy/input_txttreat'

2018-05-16 19:58:19 - [TEST_STEP][PASSED] - click: Object: 'Object Repository/PharmacyRequest/Page_KDMC-Pharmacy/button_Add' is clicked on

2018-05-16 19:58:19 - [MESSAGE][PASSED] - Object: 'Object Repository/PharmacyRequest/Page_KDMC-Pharmacy/button_Add' is clicked on

2018-05-16 19:58:19 - [TEST_STEP][PASSED] - selectOptionByIndex: All options with index in [11] are selected on object 'Object Repository/PharmacyRequest/Page_KDMC-Pharmacy/select_--Select--Schedule 1Inj'

2018-05-16 19:58:19 - [MESSAGE][PASSED] - All options with index in [11] are selected on object 'Object Repository/PharmacyRequest/Page_KDMC-Pharmacy/select_--Select--Schedule 1Inj'

2018-05-16 19:58:19 - [TEST_STEP][PASSED] - selectOptionByIndex: All options with index in [33] are selected on object 'Object Repository/PharmacyRequest/Page_KDMC-Pharmacy/select_--Select--Albendazole'

2018-05-16 19:58:19 - [MESSAGE][PASSED] - All options with index in [33] are selected on object 'Object Repository/PharmacyRequest/Page_KDMC-Pharmacy/select_--Select--Albendazole'

2018-05-16 19:58:19 - [TEST_STEP][PASSED] - setText: Text '10' is set on object 'Object Repository/PharmacyRequest/Page_KDMC-Pharmacy/input_txttreat'

2018-05-16 19:58:19 - [MESSAGE][PASSED] - Text '10' is set on object 'Object Repository/PharmacyRequest/Page_KDMC-Pharmacy/input_txttreat'

2018-05-16 19:58:19 - [TEST_STEP][PASSED] - click: Object: 'Object Repository/PharmacyRequest/Page_KDMC-Pharmacy/button_Add' is clicked on

2018-05-16 19:58:20 - [MESSAGE][PASSED] - Object: 'Object Repository/PharmacyRequest/Page_KDMC-Pharmacy/button_Add' is clicked on

2018-05-16 19:58:20 - [TEST_STEP][PASSED] - selectOptionByIndex: All options with index in [11] are selected on object 'Object Repository/PharmacyRequest/Page_KDMC-Pharmacy/select_--Select--Schedule 1Inj'

2018-05-16 19:58:20 - [MESSAGE][PASSED] - All options with index in [11] are selected on object 'Object Repository/PharmacyRequest/Page_KDMC-Pharmacy/select_--Select--Schedule 1Inj'

2018-05-16 19:58:20 - [TEST_STEP][PASSED] - selectOptionByIndex: All options with index in [34] are selected on object 'Object Repository/PharmacyRequest/Page_KDMC-Pharmacy/select_--Select--Albendazole'

2018-05-16 19:58:20 - [MESSAGE][PASSED] - All options with index in [34] are selected on object 'Object Repository/PharmacyRequest/Page_KDMC-Pharmacy/select_--Select--Albendazole'

2018-05-16 19:58:20 - [TEST_STEP][PASSED] - setText: Text '10' is set on object 'Object Repository/PharmacyRequest/Page_KDMC-Pharmacy/input_txttreat'

2018-05-16 19:58:20 - [MESSAGE][PASSED] - Text '10' is set on object 'Object Repository/PharmacyRequest/Page_KDMC-Pharmacy/input_txttreat'

2018-05-16 19:58:20 - [TEST_STEP][PASSED] - click: Object: 'Object Repository/PharmacyRequest/Page_KDMC-Pharmacy/button_Add' is clicked on

2018-05-16 19:58:20 - [MESSAGE][PASSED] - Object: 'Object Repository/PharmacyRequest/Page_KDMC-Pharmacy/button_Add' is clicked on

2018-05-16 19:58:20 - [TEST_STEP][PASSED] - selectOptionByIndex: All options with index in [11] are selected on object 'Object Repository/PharmacyRequest/Page_KDMC-Pharmacy/select_--Select--Schedule 1Inj'

2018-05-16 19:58:20 - [MESSAGE][PASSED] - All options with index in [11] are selected on object 'Object Repository/PharmacyRequest/Page_KDMC-Pharmacy/select_--Select--Schedule 1Inj'

2018-05-16 19:58:20 - [TEST_STEP][PASSED] - selectOptionByIndex: All options with index in [35] are selected on object 'Object Repository/PharmacyRequest/Page_KDMC-Pharmacy/select_--Select--Albendazole'

2018-05-16 19:58:21 - [MESSAGE][PASSED] - All options with index in [35] are selected on object 'Object Repository/PharmacyRequest/Page_KDMC-Pharmacy/select_--Select--Albendazole'

2018-05-16 19:58:21 - [TEST_STEP][PASSED] - setText: Text '10' is set on object 'Object Repository/PharmacyRequest/Page_KDMC-Pharmacy/input_txttreat'

2018-05-16 19:58:21 - [MESSAGE][PASSED] - Text '10' is set on object 'Object Repository/PharmacyRequest/Page_KDMC-Pharmacy/input_txttreat'

2018-05-16 19:58:21 - [TEST_STEP][PASSED] - click: Object: 'Object Repository/PharmacyRequest/Page_KDMC-Pharmacy/button_Add' is clicked on

2018-05-16 19:58:21 - [MESSAGE][PASSED] - Object: 'Object Repository/PharmacyRequest/Page_KDMC-Pharmacy/button_Add' is clicked on

2018-05-16 19:58:21 - [TEST_STEP][PASSED] - selectOptionByIndex: All options with index in [11] are selected on object 'Object Repository/PharmacyRequest/Page_KDMC-Pharmacy/select_--Select--Schedule 1Inj'

2018-05-16 19:58:21 - [MESSAGE][PASSED] - All options with index in [11] are selected on object 'Object Repository/PharmacyRequest/Page_KDMC-Pharmacy/select_--Select--Schedule 1Inj'

2018-05-16 19:58:21 - [TEST_STEP][PASSED] - selectOptionByIndex: All options with index in [36] are selected on object 'Object Repository/PharmacyRequest/Page_KDMC-Pharmacy/select_--Select--Albendazole'

2018-05-16 19:58:21 - [MESSAGE][PASSED] - All options with index in [36] are selected on object 'Object Repository/PharmacyRequest/Page_KDMC-Pharmacy/select_--Select--Albendazole'

2018-05-16 19:58:21 - [TEST_STEP][PASSED] - setText: Text '10' is set on object 'Object Repository/PharmacyRequest/Page_KDMC-Pharmacy/input_txttreat'

2018-05-16 19:58:21 - [MESSAGE][PASSED] - Text '10' is set on object 'Object Repository/PharmacyRequest/Page_KDMC-Pharmacy/input_txttreat'

2018-05-16 19:58:21 - [TEST_STEP][PASSED] - click: Object: 'Object Repository/PharmacyRequest/Page_KDMC-Pharmacy/button_Add' is clicked on

2018-05-16 19:58:22 - [MESSAGE][PASSED] - Object: 'Object Repository/PharmacyRequest/Page_KDMC-Pharmacy/button_Add' is clicked on

2018-05-16 19:58:22 - [TEST_STEP][PASSED] - selectOptionByIndex: All options with index in [11] are selected on object 'Object Repository/PharmacyRequest/Page_KDMC-Pharmacy/select_--Select--Schedule 1Inj'

2018-05-16 19:58:22 - [MESSAGE][PASSED] - All options with index in [11] are selected on object 'Object Repository/PharmacyRequest/Page_KDMC-Pharmacy/select_--Select--Schedule 1Inj'

2018-05-16 19:58:22 - [TEST_STEP][PASSED] - selectOptionByIndex: All options with index in [37] are selected on object 'Object Repository/PharmacyRequest/Page_KDMC-Pharmacy/select_--Select--Albendazole'

2018-05-16 19:58:22 - [MESSAGE][PASSED] - All options with index in [37] are selected on object 'Object Repository/PharmacyRequest/Page_KDMC-Pharmacy/select_--Select--Albendazole'

2018-05-16 19:58:22 - [TEST_STEP][PASSED] - setText: Text '10' is set on object 'Object Repository/PharmacyRequest/Page_KDMC-Pharmacy/input_txttreat'

2018-05-16 19:58:22 - [MESSAGE][PASSED] - Text '10' is set on object 'Object Repository/PharmacyRequest/Page_KDMC-Pharmacy/input_txttreat'

2018-05-16 19:58:22 - [TEST_STEP][PASSED] - click: Object: 'Object Repository/PharmacyRequest/Page_KDMC-Pharmacy/button_Add' is clicked on

2018-05-16 19:58:22 - [MESSAGE][PASSED] - Object: 'Object Repository/PharmacyRequest/Page_KDMC-Pharmacy/button_Add' is clicked on

2018-05-16 19:58:22 - [TEST_STEP][PASSED] - selectOptionByIndex: All options with index in [11] are selected on object 'Object Repository/PharmacyRequest/Page_KDMC-Pharmacy/select_--Select--Schedule 1Inj'

2018-05-16 19:58:22 - [MESSAGE][PASSED] - All options with index in [11] are selected on object 'Object Repository/PharmacyRequest/Page_KDMC-Pharmacy/select_--Select--Schedule 1Inj'

2018-05-16 19:58:22 - [TEST_STEP][PASSED] - selectOptionByIndex: All options with index in [38] are selected on object 'Object Repository/PharmacyRequest/Page_KDMC-Pharmacy/select_--Select--Albendazole'

2018-05-16 19:58:23 - [MESSAGE][PASSED] - All options with index in [38] are selected on object 'Object Repository/PharmacyRequest/Page_KDMC-Pharmacy/select_--Select--Albendazole'

2018-05-16 19:58:23 - [TEST_STEP][PASSED] - setText: Text '10' is set on object 'Object Repository/PharmacyRequest/Page_KDMC-Pharmacy/input_txttreat'

2018-05-16 19:58:23 - [MESSAGE][PASSED] - Text '10' is set on object 'Object Repository/PharmacyRequest/Page_KDMC-Pharmacy/input_txttreat'

2018-05-16 19:58:23 - [TEST_STEP][PASSED] - click: Object: 'Object Repository/PharmacyRequest/Page_KDMC-Pharmacy/button_Add' is clicked on

2018-05-16 19:58:23 - [MESSAGE][PASSED] - Object: 'Object Repository/PharmacyRequest/Page_KDMC-Pharmacy/button_Add' is clicked on

2018-05-16 19:58:23 - [TEST_STEP][PASSED] - selectOptionByIndex: All options with index in [11] are selected on object 'Object Repository/PharmacyRequest/Page_KDMC-Pharmacy/select_--Select--Schedule 1Inj'

2018-05-16 19:58:23 - [MESSAGE][PASSED] - All options with index in [11] are selected on object 'Object Repository/PharmacyRequest/Page_KDMC-Pharmacy/select_--Select--Schedule 1Inj'

2018-05-16 19:58:23 - [TEST_STEP][PASSED] - selectOptionByIndex: All options with index in [39] are selected on object 'Object Repository/PharmacyRequest/Page_KDMC-Pharmacy/select_--Select--Albendazole'

2018-05-16 19:58:23 - [MESSAGE][PASSED] - All options with index in [39] are selected on object 'Object Repository/PharmacyRequest/Page_KDMC-Pharmacy/select_--Select--Albendazole'

2018-05-16 19:58:23 - [TEST_STEP][PASSED] - setText: Text '10' is set on object 'Object Repository/PharmacyRequest/Page_KDMC-Pharmacy/input_txttreat'

2018-05-16 19:58:24 - [MESSAGE][PASSED] - Text '10' is set on object 'Object Repository/PharmacyRequest/Page_KDMC-Pharmacy/input_txttreat'

2018-05-16 19:58:24 - [TEST_STEP][PASSED] - click: Object: 'Object Repository/PharmacyRequest/Page_KDMC-Pharmacy/button_Add' is clicked on

2018-05-16 19:58:24 - [MESSAGE][PASSED] - Object: 'Object Repository/PharmacyRequest/Page_KDMC-Pharmacy/button_Add' is clicked on

2018-05-16 19:58:24 - [TEST_STEP][PASSED] - selectOptionByIndex: All options with index in [11] are selected on object 'Object Repository/PharmacyRequest/Page_KDMC-Pharmacy/select_--Select--Schedule 1Inj'

2018-05-16 19:58:24 - [MESSAGE][PASSED] - All options with index in [11] are selected on object 'Object Repository/PharmacyRequest/Page_KDMC-Pharmacy/select_--Select--Schedule 1Inj'

2018-05-16 19:58:24 - [TEST_STEP][PASSED] - selectOptionByIndex: All options with index in [40] are selected on object 'Object Repository/PharmacyRequest/Page_KDMC-Pharmacy/select_--Select--Albendazole'

2018-05-16 19:58:24 - [MESSAGE][PASSED] - All options with index in [40] are selected on object 'Object Repository/PharmacyRequest/Page_KDMC-Pharmacy/select_--Select--Albendazole'

2018-05-16 19:58:24 - [TEST_STEP][PASSED] - setText: Text '10' is set on object 'Object Repository/PharmacyRequest/Page_KDMC-Pharmacy/input_txttreat'

2018-05-16 19:58:24 - [MESSAGE][PASSED] - Text '10' is set on object 'Object Repository/PharmacyRequest/Page_KDMC-Pharmacy/input_txttreat'

2018-05-16 19:58:24 - [TEST_STEP][PASSED] - click: Object: 'Object Repository/PharmacyRequest/Page_KDMC-Pharmacy/button_Add' is clicked on

2018-05-16 19:58:24 - [MESSAGE][PASSED] - Object: 'Object Repository/PharmacyRequest/Page_KDMC-Pharmacy/button_Add' is clicked on

2018-05-16 19:58:24 - [TEST_STEP][PASSED] - selectOptionByIndex: All options with index in [11] are selected on object 'Object Repository/PharmacyRequest/Page_KDMC-Pharmacy/select_--Select--Schedule 1Inj'

2018-05-16 19:58:25 - [MESSAGE][PASSED] - All options with index in [11] are selected on object 'Object Repository/PharmacyRequest/Page_KDMC-Pharmacy/select_--Select--Schedule 1Inj'

2018-05-16 19:58:25 - [TEST_STEP][PASSED] - selectOptionByIndex: All options with index in [41] are selected on object 'Object Repository/PharmacyRequest/Page_KDMC-Pharmacy/select_--Select--Albendazole'

2018-05-16 19:58:25 - [MESSAGE][PASSED] - All options with index in [41] are selected on object 'Object Repository/PharmacyRequest/Page_KDMC-Pharmacy/select_--Select--Albendazole'

2018-05-16 19:58:25 - [TEST_STEP][PASSED] - setText: Text '10' is set on object 'Object Repository/PharmacyRequest/Page_KDMC-Pharmacy/input_txttreat'

2018-05-16 19:58:25 - [MESSAGE][PASSED] - Text '10' is set on object 'Object Repository/PharmacyRequest/Page_KDMC-Pharmacy/input_txttreat'

2018-05-16 19:58:25 - [TEST_STEP][PASSED] - click: Object: 'Object Repository/PharmacyRequest/Page_KDMC-Pharmacy/button_Add' is clicked on

2018-05-16 19:58:25 - [MESSAGE][PASSED] - Object: 'Object Repository/PharmacyRequest/Page_KDMC-Pharmacy/button_Add' is clicked on

2018-05-16 19:58:25 - [TEST_STEP][PASSED] - selectOptionByIndex: All options with index in [11] are selected on object 'Object Repository/PharmacyRequest/Page_KDMC-Pharmacy/select_--Select--Schedule 1Inj'

2018-05-16 19:58:25 - [MESSAGE][PASSED] - All options with index in [11] are selected on object 'Object Repository/PharmacyRequest/Page_KDMC-Pharmacy/select_--Select--Schedule 1Inj'

2018-05-16 19:58:25 - [TEST_STEP][PASSED] - selectOptionByIndex: All options with index in [42] are selected on object 'Object Repository/PharmacyRequest/Page_KDMC-Pharmacy/select_--Select--Albendazole'

2018-05-16 19:58:26 - [MESSAGE][PASSED] - All options with index in [42] are selected on object 'Object Repository/PharmacyRequest/Page_KDMC-Pharmacy/select_--Select--Albendazole'

2018-05-16 19:58:26 - [TEST_STEP][PASSED] - setText: Text '10' is set on object 'Object Repository/PharmacyRequest/Page_KDMC-Pharmacy/input_txttreat'

2018-05-16 19:58:26 - [MESSAGE][PASSED] - Text '10' is set on object 'Object Repository/PharmacyRequest/Page_KDMC-Pharmacy/input_txttreat'

2018-05-16 19:58:26 - [TEST_STEP][PASSED] - click: Object: 'Object Repository/PharmacyRequest/Page_KDMC-Pharmacy/button_Add' is clicked on

2018-05-16 19:58:26 - [MESSAGE][PASSED] - Object: 'Object Repository/PharmacyRequest/Page_KDMC-Pharmacy/button_Add' is clicked on

2018-05-16 19:58:26 - [TEST_STEP][PASSED] - selectOptionByIndex: All options with index in [11] are selected on object 'Object Repository/PharmacyRequest/Page_KDMC-Pharmacy/select_--Select--Schedule 1Inj'

2018-05-16 19:58:26 - [MESSAGE][PASSED] - All options with index in [11] are selected on object 'Object Repository/PharmacyRequest/Page_KDMC-Pharmacy/select_--Select--Schedule 1Inj'

2018-05-16 19:58:26 - [TEST_STEP][PASSED] - selectOptionByIndex: All options with index in [43] are selected on object 'Object Repository/PharmacyRequest/Page_KDMC-Pharmacy/select_--Select--Albendazole'

2018-05-16 19:58:26 - [MESSAGE][PASSED] - All options with index in [43] are selected on object 'Object Repository/PharmacyRequest/Page_KDMC-Pharmacy/select_--Select--Albendazole'

2018-05-16 19:58:26 - [TEST_STEP][PASSED] - setText: Text '10' is set on object 'Object Repository/PharmacyRequest/Page_KDMC-Pharmacy/input_txttreat'

2018-05-16 19:58:26 - [MESSAGE][PASSED] - Text '10' is set on object 'Object Repository/PharmacyRequest/Page_KDMC-Pharmacy/input_txttreat'

2018-05-16 19:58:26 - [TEST_STEP][PASSED] - click: Object: 'Object Repository/PharmacyRequest/Page_KDMC-Pharmacy/button_Add' is clicked on

2018-05-16 19:58:27 - [MESSAGE][PASSED] - Object: 'Object Repository/PharmacyRequest/Page_KDMC-Pharmacy/button_Add' is clicked on

2018-05-16 19:58:27 - [TEST_STEP][PASSED] - selectOptionByIndex: All options with index in [11] are selected on object 'Object Repository/PharmacyRequest/Page_KDMC-Pharmacy/select_--Select--Schedule 1Inj'

2018-05-16 19:58:27 - [MESSAGE][PASSED] - All options with index in [11] are selected on object 'Object Repository/PharmacyRequest/Page_KDMC-Pharmacy/select_--Select--Schedule 1Inj'

2018-05-16 19:58:27 - [TEST_STEP][PASSED] - selectOptionByIndex: All options with index in [44] are selected on object 'Object Repository/PharmacyRequest/Page_KDMC-Pharmacy/select_--Select--Albendazole'

2018-05-16 19:58:27 - [MESSAGE][PASSED] - All options with index in [44] are selected on object 'Object Repository/PharmacyRequest/Page_KDMC-Pharmacy/select_--Select--Albendazole'

2018-05-16 19:58:27 - [TEST_STEP][PASSED] - setText: Text '10' is set on object 'Object Repository/PharmacyRequest/Page_KDMC-Pharmacy/input_txttreat'

2018-05-16 19:58:27 - [MESSAGE][PASSED] - Text '10' is set on object 'Object Repository/PharmacyRequest/Page_KDMC-Pharmacy/input_txttreat'

2018-05-16 19:58:27 - [TEST_STEP][PASSED] - click: Object: 'Object Repository/PharmacyRequest/Page_KDMC-Pharmacy/button_Add' is clicked on

2018-05-16 19:58:27 - [MESSAGE][PASSED] - Object: 'Object Repository/PharmacyRequest/Page_KDMC-Pharmacy/button_Add' is clicked on

2018-05-16 19:58:27 - [TEST_STEP][PASSED] - selectOptionByIndex: All options with index in [11] are selected on object 'Object Repository/PharmacyRequest/Page_KDMC-Pharmacy/select_--Select--Schedule 1Inj'

2018-05-16 19:58:27 - [MESSAGE][PASSED] - All options with index in [11] are selected on object 'Object Repository/PharmacyRequest/Page_KDMC-Pharmacy/select_--Select--Schedule 1Inj'

2018-05-16 19:58:27 - [TEST_STEP][PASSED] - selectOptionByIndex: All options with index in [45] are selected on object 'Object Repository/PharmacyRequest/Page_KDMC-Pharmacy/select_--Select--Albendazole'

2018-05-16 19:58:28 - [MESSAGE][PASSED] - All options with index in [45] are selected on object 'Object Repository/PharmacyRequest/Page_KDMC-Pharmacy/select_--Select--Albendazole'

2018-05-16 19:58:28 - [TEST_STEP][PASSED] - setText: Text '10' is set on object 'Object Repository/PharmacyRequest/Page_KDMC-Pharmacy/input_txttreat'

2018-05-16 19:58:28 - [MESSAGE][PASSED] - Text '10' is set on object 'Object Repository/PharmacyRequest/Page_KDMC-Pharmacy/input_txttreat'

2018-05-16 19:58:28 - [TEST_STEP][PASSED] - click: Object: 'Object Repository/PharmacyRequest/Page_KDMC-Pharmacy/button_Add' is clicked on

2018-05-16 19:58:28 - [MESSAGE][PASSED] - Object: 'Object Repository/PharmacyRequest/Page_KDMC-Pharmacy/button_Add' is clicked on

2018-05-16 19:58:28 - [TEST_STEP][PASSED] - selectOptionByIndex: All options with index in [11] are selected on object 'Object Repository/PharmacyRequest/Page_KDMC-Pharmacy/select_--Select--Schedule 1Inj'

2018-05-16 19:58:28 - [MESSAGE][PASSED] - All options with index in [11] are selected on object 'Object Repository/PharmacyRequest/Page_KDMC-Pharmacy/select_--Select--Schedule 1Inj'

2018-05-16 19:58:28 - [TEST_STEP][PASSED] - selectOptionByIndex: All options with index in [46] are selected on object 'Object Repository/PharmacyRequest/Page_KDMC-Pharmacy/select_--Select--Albendazole'

2018-05-16 19:58:29 - [MESSAGE][PASSED] - All options with index in [46] are selected on object 'Object Repository/PharmacyRequest/Page_KDMC-Pharmacy/select_--Select--Albendazole'

2018-05-16 19:58:29 - [TEST_STEP][PASSED] - setText: Text '10' is set on object 'Object Repository/PharmacyRequest/Page_KDMC-Pharmacy/input_txttreat'

2018-05-16 19:58:29 - [MESSAGE][PASSED] - Text '10' is set on object 'Object Repository/PharmacyRequest/Page_KDMC-Pharmacy/input_txttreat'

2018-05-16 19:58:29 - [TEST_STEP][PASSED] - click: Object: 'Object Repository/PharmacyRequest/Page_KDMC-Pharmacy/button_Add' is clicked on

2018-05-16 19:58:29 - [MESSAGE][PASSED] - Object: 'Object Repository/PharmacyRequest/Page_KDMC-Pharmacy/button_Add' is clicked on

2018-05-16 19:58:29 - [TEST_STEP][PASSED] - selectOptionByIndex: All options with index in [11] are selected on object 'Object Repository/PharmacyRequest/Page_KDMC-Pharmacy/select_--Select--Schedule 1Inj'

2018-05-16 19:58:29 - [MESSAGE][PASSED] - All options with index in [11] are selected on object 'Object Repository/PharmacyRequest/Page_KDMC-Pharmacy/select_--Select--Schedule 1Inj'

2018-05-16 19:58:29 - [TEST_STEP][PASSED] - selectOptionByIndex: All options with index in [47] are selected on object 'Object Repository/PharmacyRequest/Page_KDMC-Pharmacy/select_--Select--Albendazole'

2018-05-16 19:58:29 - [MESSAGE][PASSED] - All options with index in [47] are selected on object 'Object Repository/PharmacyRequest/Page_KDMC-Pharmacy/select_--Select--Albendazole'

2018-05-16 19:58:29 - [TEST_STEP][PASSED] - setText: Text '10' is set on object 'Object Repository/PharmacyRequest/Page_KDMC-Pharmacy/input_txttreat'

2018-05-16 19:58:29 - [MESSAGE][PASSED] - Text '10' is set on object 'Object Repository/PharmacyRequest/Page_KDMC-Pharmacy/input_txttreat'

2018-05-16 19:58:29 - [TEST_STEP][PASSED] - click: Object: 'Object Repository/PharmacyRequest/Page_KDMC-Pharmacy/button_Add' is clicked on

2018-05-16 19:58:30 - [MESSAGE][PASSED] - Object: 'Object Repository/PharmacyRequest/Page_KDMC-Pharmacy/button_Add' is clicked on

2018-05-16 19:58:30 - [TEST_STEP][PASSED] - selectOptionByIndex: All options with index in [11] are selected on object 'Object Repository/PharmacyRequest/Page_KDMC-Pharmacy/select_--Select--Schedule 1Inj'

2018-05-16 19:58:30 - [MESSAGE][PASSED] - All options with index in [11] are selected on object 'Object Repository/PharmacyRequest/Page_KDMC-Pharmacy/select_--Select--Schedule 1Inj'

2018-05-16 19:58:30 - [TEST_STEP][PASSED] - selectOptionByIndex: All options with index in [48] are selected on object 'Object Repository/PharmacyRequest/Page_KDMC-Pharmacy/select_--Select--Albendazole'

2018-05-16 19:58:30 - [MESSAGE][PASSED] - All options with index in [48] are selected on object 'Object Repository/PharmacyRequest/Page_KDMC-Pharmacy/select_--Select--Albendazole'

2018-05-16 19:58:30 - [TEST_STEP][PASSED] - setText: Text '10' is set on object 'Object Repository/PharmacyRequest/Page_KDMC-Pharmacy/input_txttreat'

2018-05-16 19:58:30 - [MESSAGE][PASSED] - Text '10' is set on object 'Object Repository/PharmacyRequest/Page_KDMC-Pharmacy/input_txttreat'

2018-05-16 19:58:30 - [TEST_STEP][PASSED] - click: Object: 'Object Repository/PharmacyRequest/Page_KDMC-Pharmacy/button_Add' is clicked on

2018-05-16 19:58:30 - [MESSAGE][PASSED] - Object: 'Object Repository/PharmacyRequest/Page_KDMC-Pharmacy/button_Add' is clicked on

2018-05-16 19:58:30 - [TEST_STEP][PASSED] - selectOptionByIndex: All options with index in [11] are selected on object 'Object Repository/PharmacyRequest/Page_KDMC-Pharmacy/select_--Select--Schedule 1Inj'

2018-05-16 19:58:31 - [MESSAGE][PASSED] - All options with index in [11] are selected on object 'Object Repository/PharmacyRequest/Page_KDMC-Pharmacy/select_--Select--Schedule 1Inj'

2018-05-16 19:58:31 - [TEST_STEP][PASSED] - selectOptionByIndex: All options with index in [49] are selected on object 'Object Repository/PharmacyRequest/Page_KDMC-Pharmacy/select_--Select--Albendazole'

2018-05-16 19:58:31 - [MESSAGE][PASSED] - All options with index in [49] are selected on object 'Object Repository/PharmacyRequest/Page_KDMC-Pharmacy/select_--Select--Albendazole'

2018-05-16 19:58:31 - [TEST_STEP][FAILED] - setText: Unable to set text '10' of object 'Object Repository/PharmacyRequest/Page_KDMC-Pharmacy/input_txttreat' (Root cause: org.openqa.selenium.WebDriverException: unknown error: cannot focus element
  (Session info: chrome=66.0.3359.139)
  (Driver info: chromedriver=2.35.528161 (5b82f2d2aae0ca24b877009200ced9065a772e73),platform=Windows NT 10.0.17134 x86_64) (WARNING: The server did not provide any stacktrace information)
Command duration or timeout: 0 milliseconds
Build info: version: '3.7.1', revision: '8a0099a', time: '2017-11-06T21:07:36.161Z'
System info: host: 'DESKTOP-BLFTK83', ip: '192.168.71.2', os.name: 'Windows 10', os.arch: 'amd64', os.version: '10.0', java.version: '1.8.0_102'
Driver info: com.kms.katalon.selenium.driver.CChromeDriver
Capabilities {acceptInsecureCerts: false, acceptSslCerts: false, applicationCacheEnabled: false, browserConnectionEnabled: false, browserName: chrome, chrome: {chromedriverVersion: 2.35.528161 (5b82f2d2aae0ca..., userDataDir: C:\Users\QUALIT~1\AppData\L...}, cssSelectorsEnabled: true, databaseEnabled: false, handlesAlerts: true, hasTouchScreen: false, javascriptEnabled: true, locationContextEnabled: true, mobileEmulationEnabled: false, nativeEvents: true, networkConnectionEnabled: false, pageLoadStrategy: normal, platform: XP, platformName: XP, rotatable: false, setWindowRect: true, takesHeapSnapshot: true, takesScreenshot: true, unexpectedAlertBehaviour: , unhandledPromptBehavior: , version: 66.0.3359.139, webStorageEnabled: true}
Session ID: ef679d8811b0a07d189e1636df3f3b36)

2018-05-16 19:58:31 - [MESSAGE][FAILED] - Unable to set text '10' of object 'Object Repository/PharmacyRequest/Page_KDMC-Pharmacy/input_txttreat' (Root cause: org.openqa.selenium.WebDriverException: unknown error: cannot focus element
  (Session info: chrome=66.0.3359.139)
  (Driver info: chromedriver=2.35.528161 (5b82f2d2aae0ca24b877009200ced9065a772e73),platform=Windows NT 10.0.17134 x86_64) (WARNING: The server did not provide any stacktrace information)
Command duration or timeout: 0 milliseconds
Build info: version: '3.7.1', revision: '8a0099a', time: '2017-11-06T21:07:36.161Z'
System info: host: 'DESKTOP-BLFTK83', ip: '192.168.71.2', os.name: 'Windows 10', os.arch: 'amd64', os.version: '10.0', java.version: '1.8.0_102'
Driver info: com.kms.katalon.selenium.driver.CChromeDriver
Capabilities {acceptInsecureCerts: false, acceptSslCerts: false, applicationCacheEnabled: false, browserConnectionEnabled: false, browserName: chrome, chrome: {chromedriverVersion: 2.35.528161 (5b82f2d2aae0ca..., userDataDir: C:\Users\QUALIT~1\AppData\L...}, cssSelectorsEnabled: true, databaseEnabled: false, handlesAlerts: true, hasTouchScreen: false, javascriptEnabled: true, locationContextEnabled: true, mobileEmulationEnabled: false, nativeEvents: true, networkConnectionEnabled: false, pageLoadStrategy: normal, platform: XP, platformName: XP, rotatable: false, setWindowRect: true, takesHeapSnapshot: true, takesScreenshot: true, unexpectedAlertBehaviour: , unhandledPromptBehavior: , version: 66.0.3359.139, webStorageEnabled: true}
Session ID: ef679d8811b0a07d189e1636df3f3b36)
[[ATTACHMENT|C:\\Users\\Quality Analyst\\Katalon Studio\\ds\\Reports\\Pharmacy_Suite\\20180516_193312\\1526480911600.png]]]]></system-out>
         <system-err><![CDATA[2018-05-16 19:57:44 - [TEST_CASE][FAILED] - Test Cases/PHARMACY TEST CASES/TC_PHAR_011 Verify Schedule 11 Pharmacy Request Are Working Successfully Or Not: Test Cases/PHARMACY TEST CASES/TC_PHAR_011 Verify Schedule 11 Pharmacy Request Are Working Successfully Or Not FAILED because (of) Unable to set text '10' of object 'Object Repository/PharmacyRequest/Page_KDMC-Pharmacy/input_txttreat' (Root cause: org.openqa.selenium.WebDriverException: unknown error: cannot focus element
  (Session info: chrome=66.0.3359.139)
  (Driver info: chromedriver=2.35.528161 (5b82f2d2aae0ca24b877009200ced9065a772e73),platform=Windows NT 10.0.17134 x86_64) (WARNING: The server did not provide any stacktrace information)
Command duration or timeout: 0 milliseconds
Build info: version: '3.7.1', revision: '8a0099a', time: '2017-11-06T21:07:36.161Z'
System info: host: 'DESKTOP-BLFTK83', ip: '192.168.71.2', os.name: 'Windows 10', os.arch: 'amd64', os.version: '10.0', java.version: '1.8.0_102'
Driver info: com.kms.katalon.selenium.driver.CChromeDriver
Capabilities {acceptInsecureCerts: false, acceptSslCerts: false, applicationCacheEnabled: false, browserConnectionEnabled: false, browserName: chrome, chrome: {chromedriverVersion: 2.35.528161 (5b82f2d2aae0ca..., userDataDir: C:\Users\QUALIT~1\AppData\L...}, cssSelectorsEnabled: true, databaseEnabled: false, handlesAlerts: true, hasTouchScreen: false, javascriptEnabled: true, locationContextEnabled: true, mobileEmulationEnabled: false, nativeEvents: true, networkConnectionEnabled: false, pageLoadStrategy: normal, platform: XP, platformName: XP, rotatable: false, setWindowRect: true, takesHeapSnapshot: true, takesScreenshot: true, unexpectedAlertBehaviour: , unhandledPromptBehavior: , version: 66.0.3359.139, webStorageEnabled: true}
Session ID: ef679d8811b0a07d189e1636df3f3b36)]]></system-err>
      </testcase>
      <testcase name="Test Cases/PHARMACY TEST CASES/TC_PHAR_012 Verify Schedule 12 Pharmacy Request Are Working Successfully Or Not" classname="Test Cases/PHARMACY TEST CASES/TC_PHAR_012 Verify Schedule 12 Pharmacy Request Are Working Successfully Or Not" status="PASSED">
         <system-out><![CDATA[2018-05-16 19:58:31 - [TEST_CASE][PASSED] - Test Cases/PHARMACY TEST CASES/TC_PHAR_012 Verify Schedule 12 Pharmacy Request Are Working Successfully Or Not: Test Cases/PHARMACY TEST CASES/TC_PHAR_012 Verify Schedule 12 Pharmacy Request Are Working Successfully Or Not

2018-05-16 19:58:32 - [TEST_STEP][PASSED] - openBrowser: Browser is opened with url: ''

2018-05-16 19:58:32 - [MESSAGE][WARNING] - A browser is already opened. Closing browser and opening a new one

2018-05-16 19:58:34 - [MESSAGE][PASSED] - Browser is opened with url: ''

2018-05-16 19:58:34 - [TEST_STEP][PASSED] - Statement - out.println("Verify Schedule 12 Pharmacy Request Are Working Successfully Or Not"): null

2018-05-16 19:58:34 - [TEST_STEP][PASSED] - navigateToUrl: Navigate to 'http://192.168.137.1/multihospital_new/' successfully

2018-05-16 19:58:36 - [MESSAGE][PASSED] - Navigate to 'http://192.168.137.1/multihospital_new/' successfully

2018-05-16 19:58:36 - [TEST_STEP][PASSED] - maximizeWindow: Current window maximized

2018-05-16 19:58:37 - [MESSAGE][PASSED] - Current window maximized

2018-05-16 19:58:37 - [TEST_STEP][PASSED] - click: Object: 'Object Repository/PharmacyRequest/Page_KDMC/a_Pharmacy' is clicked on

2018-05-16 19:58:38 - [MESSAGE][PASSED] - Object: 'Object Repository/PharmacyRequest/Page_KDMC/a_Pharmacy' is clicked on

2018-05-16 19:58:38 - [TEST_STEP][PASSED] - setText: Text 'raja' is set on object 'Object Repository/PharmacyRequest/Page_Pharmacy login/input_txtusername'

2018-05-16 19:58:38 - [MESSAGE][PASSED] - Text 'raja' is set on object 'Object Repository/PharmacyRequest/Page_Pharmacy login/input_txtusername'

2018-05-16 19:58:38 - [TEST_STEP][PASSED] - setText: Text '123' is set on object 'Object Repository/PharmacyRequest/Page_Pharmacy login/input_txtpassword'

2018-05-16 19:58:38 - [MESSAGE][PASSED] - Text '123' is set on object 'Object Repository/PharmacyRequest/Page_Pharmacy login/input_txtpassword'

2018-05-16 19:58:38 - [TEST_STEP][PASSED] - delay: Delayed 3 second(s)

2018-05-16 19:58:41 - [MESSAGE][PASSED] - Delayed 3 second(s)

2018-05-16 19:58:41 - [TEST_STEP][PASSED] - click: Object: 'Object Repository/PharmacyRequest/Page_Pharmacy login/button_Sign in' is clicked on

2018-05-16 19:58:42 - [MESSAGE][PASSED] - Object: 'Object Repository/PharmacyRequest/Page_Pharmacy login/button_Sign in' is clicked on

2018-05-16 19:58:42 - [TEST_STEP][PASSED] - delay: Delayed 3 second(s)

2018-05-16 19:58:45 - [MESSAGE][PASSED] - Delayed 3 second(s)

2018-05-16 19:58:45 - [TEST_STEP][PASSED] - click: Object: 'Object Repository/PharmacyRequest/Page_KDMC - Pharmacy/a_Inventory' is clicked on

2018-05-16 19:58:46 - [MESSAGE][PASSED] - Object: 'Object Repository/PharmacyRequest/Page_KDMC - Pharmacy/a_Inventory' is clicked on

2018-05-16 19:58:46 - [TEST_STEP][PASSED] - delay: Delayed 3 second(s)

2018-05-16 19:58:49 - [MESSAGE][PASSED] - Delayed 3 second(s)

2018-05-16 19:58:49 - [TEST_STEP][PASSED] - click: Object: 'Object Repository/PharmacyRequest/Page_KDMC-Pharmacy/a_Store Request' is clicked on

2018-05-16 19:58:49 - [MESSAGE][PASSED] - Object: 'Object Repository/PharmacyRequest/Page_KDMC-Pharmacy/a_Store Request' is clicked on

2018-05-16 19:58:49 - [TEST_STEP][PASSED] - click: Object: 'Object Repository/PharmacyRequest/Page_KDMC-Pharmacy/a_Medicine Request' is clicked on

2018-05-16 19:58:50 - [MESSAGE][PASSED] - Object: 'Object Repository/PharmacyRequest/Page_KDMC-Pharmacy/a_Medicine Request' is clicked on

2018-05-16 19:58:50 - [TEST_STEP][PASSED] - selectOptionByIndex: All options with index in [12] are selected on object 'Object Repository/PharmacyRequest/Page_KDMC-Pharmacy/select_--Select--Schedule 1Inj'

2018-05-16 19:58:50 - [MESSAGE][PASSED] - All options with index in [12] are selected on object 'Object Repository/PharmacyRequest/Page_KDMC-Pharmacy/select_--Select--Schedule 1Inj'

2018-05-16 19:58:50 - [TEST_STEP][PASSED] - Statement - MedicineLength = com.kms.katalon.core.webui.keyword.WebUiBuiltInKeywords.getNumberOfTotalOption(com.kms.katalon.core.testobject.ObjectRepository.findTestObject(PharmacyRequest/Page_KDMC-Pharmacy/select_--Select--Albendazole)): 19 options of object 'Object Repository/PharmacyRequest/Page_KDMC-Pharmacy/select_--Select--Albendazole' counted

2018-05-16 19:58:50 - [MESSAGE][PASSED] - 19 options of object 'Object Repository/PharmacyRequest/Page_KDMC-Pharmacy/select_--Select--Albendazole' counted

2018-05-16 19:58:50 - [TEST_STEP][PASSED] - Statement - For ([l = 1, l <= MedicineLength - 1, (l++)]): Object: 'Object Repository/PharmacyRequest/Page_KDMC-Pharmacy/button_Add' is clicked on

2018-05-16 19:58:50 - [TEST_STEP][PASSED] - selectOptionByIndex: All options with index in [12] are selected on object 'Object Repository/PharmacyRequest/Page_KDMC-Pharmacy/select_--Select--Schedule 1Inj'

2018-05-16 19:58:50 - [MESSAGE][PASSED] - All options with index in [12] are selected on object 'Object Repository/PharmacyRequest/Page_KDMC-Pharmacy/select_--Select--Schedule 1Inj'

2018-05-16 19:58:50 - [TEST_STEP][PASSED] - selectOptionByIndex: All options with index in [1] are selected on object 'Object Repository/PharmacyRequest/Page_KDMC-Pharmacy/select_--Select--Albendazole'

2018-05-16 19:58:51 - [MESSAGE][PASSED] - All options with index in [1] are selected on object 'Object Repository/PharmacyRequest/Page_KDMC-Pharmacy/select_--Select--Albendazole'

2018-05-16 19:58:51 - [TEST_STEP][PASSED] - setText: Text '10' is set on object 'Object Repository/PharmacyRequest/Page_KDMC-Pharmacy/input_txttreat'

2018-05-16 19:58:51 - [MESSAGE][PASSED] - Text '10' is set on object 'Object Repository/PharmacyRequest/Page_KDMC-Pharmacy/input_txttreat'

2018-05-16 19:58:51 - [TEST_STEP][PASSED] - click: Object: 'Object Repository/PharmacyRequest/Page_KDMC-Pharmacy/button_Add' is clicked on

2018-05-16 19:58:51 - [MESSAGE][PASSED] - Object: 'Object Repository/PharmacyRequest/Page_KDMC-Pharmacy/button_Add' is clicked on

2018-05-16 19:58:51 - [TEST_STEP][PASSED] - selectOptionByIndex: All options with index in [12] are selected on object 'Object Repository/PharmacyRequest/Page_KDMC-Pharmacy/select_--Select--Schedule 1Inj'

2018-05-16 19:58:51 - [MESSAGE][PASSED] - All options with index in [12] are selected on object 'Object Repository/PharmacyRequest/Page_KDMC-Pharmacy/select_--Select--Schedule 1Inj'

2018-05-16 19:58:51 - [TEST_STEP][PASSED] - selectOptionByIndex: All options with index in [2] are selected on object 'Object Repository/PharmacyRequest/Page_KDMC-Pharmacy/select_--Select--Albendazole'

2018-05-16 19:58:51 - [MESSAGE][PASSED] - All options with index in [2] are selected on object 'Object Repository/PharmacyRequest/Page_KDMC-Pharmacy/select_--Select--Albendazole'

2018-05-16 19:58:51 - [TEST_STEP][PASSED] - setText: Text '10' is set on object 'Object Repository/PharmacyRequest/Page_KDMC-Pharmacy/input_txttreat'

2018-05-16 19:58:51 - [MESSAGE][PASSED] - Text '10' is set on object 'Object Repository/PharmacyRequest/Page_KDMC-Pharmacy/input_txttreat'

2018-05-16 19:58:51 - [TEST_STEP][PASSED] - click: Object: 'Object Repository/PharmacyRequest/Page_KDMC-Pharmacy/button_Add' is clicked on

2018-05-16 19:58:51 - [MESSAGE][PASSED] - Object: 'Object Repository/PharmacyRequest/Page_KDMC-Pharmacy/button_Add' is clicked on

2018-05-16 19:58:51 - [TEST_STEP][PASSED] - selectOptionByIndex: All options with index in [12] are selected on object 'Object Repository/PharmacyRequest/Page_KDMC-Pharmacy/select_--Select--Schedule 1Inj'

2018-05-16 19:58:51 - [MESSAGE][PASSED] - All options with index in [12] are selected on object 'Object Repository/PharmacyRequest/Page_KDMC-Pharmacy/select_--Select--Schedule 1Inj'

2018-05-16 19:58:51 - [TEST_STEP][PASSED] - selectOptionByIndex: All options with index in [3] are selected on object 'Object Repository/PharmacyRequest/Page_KDMC-Pharmacy/select_--Select--Albendazole'

2018-05-16 19:58:52 - [MESSAGE][PASSED] - All options with index in [3] are selected on object 'Object Repository/PharmacyRequest/Page_KDMC-Pharmacy/select_--Select--Albendazole'

2018-05-16 19:58:52 - [TEST_STEP][PASSED] - setText: Text '10' is set on object 'Object Repository/PharmacyRequest/Page_KDMC-Pharmacy/input_txttreat'

2018-05-16 19:58:52 - [MESSAGE][PASSED] - Text '10' is set on object 'Object Repository/PharmacyRequest/Page_KDMC-Pharmacy/input_txttreat'

2018-05-16 19:58:52 - [TEST_STEP][PASSED] - click: Object: 'Object Repository/PharmacyRequest/Page_KDMC-Pharmacy/button_Add' is clicked on

2018-05-16 19:58:52 - [MESSAGE][PASSED] - Object: 'Object Repository/PharmacyRequest/Page_KDMC-Pharmacy/button_Add' is clicked on

2018-05-16 19:58:52 - [TEST_STEP][PASSED] - selectOptionByIndex: All options with index in [12] are selected on object 'Object Repository/PharmacyRequest/Page_KDMC-Pharmacy/select_--Select--Schedule 1Inj'

2018-05-16 19:58:52 - [MESSAGE][PASSED] - All options with index in [12] are selected on object 'Object Repository/PharmacyRequest/Page_KDMC-Pharmacy/select_--Select--Schedule 1Inj'

2018-05-16 19:58:52 - [TEST_STEP][PASSED] - selectOptionByIndex: All options with index in [4] are selected on object 'Object Repository/PharmacyRequest/Page_KDMC-Pharmacy/select_--Select--Albendazole'

2018-05-16 19:58:52 - [MESSAGE][PASSED] - All options with index in [4] are selected on object 'Object Repository/PharmacyRequest/Page_KDMC-Pharmacy/select_--Select--Albendazole'

2018-05-16 19:58:52 - [TEST_STEP][PASSED] - setText: Text '10' is set on object 'Object Repository/PharmacyRequest/Page_KDMC-Pharmacy/input_txttreat'

2018-05-16 19:58:52 - [MESSAGE][PASSED] - Text '10' is set on object 'Object Repository/PharmacyRequest/Page_KDMC-Pharmacy/input_txttreat'

2018-05-16 19:58:52 - [TEST_STEP][PASSED] - click: Object: 'Object Repository/PharmacyRequest/Page_KDMC-Pharmacy/button_Add' is clicked on

2018-05-16 19:58:52 - [MESSAGE][PASSED] - Object: 'Object Repository/PharmacyRequest/Page_KDMC-Pharmacy/button_Add' is clicked on

2018-05-16 19:58:52 - [TEST_STEP][PASSED] - selectOptionByIndex: All options with index in [12] are selected on object 'Object Repository/PharmacyRequest/Page_KDMC-Pharmacy/select_--Select--Schedule 1Inj'

2018-05-16 19:58:52 - [MESSAGE][PASSED] - All options with index in [12] are selected on object 'Object Repository/PharmacyRequest/Page_KDMC-Pharmacy/select_--Select--Schedule 1Inj'

2018-05-16 19:58:52 - [TEST_STEP][PASSED] - selectOptionByIndex: All options with index in [5] are selected on object 'Object Repository/PharmacyRequest/Page_KDMC-Pharmacy/select_--Select--Albendazole'

2018-05-16 19:58:52 - [MESSAGE][PASSED] - All options with index in [5] are selected on object 'Object Repository/PharmacyRequest/Page_KDMC-Pharmacy/select_--Select--Albendazole'

2018-05-16 19:58:52 - [TEST_STEP][PASSED] - setText: Text '10' is set on object 'Object Repository/PharmacyRequest/Page_KDMC-Pharmacy/input_txttreat'

2018-05-16 19:58:52 - [MESSAGE][PASSED] - Text '10' is set on object 'Object Repository/PharmacyRequest/Page_KDMC-Pharmacy/input_txttreat'

2018-05-16 19:58:52 - [TEST_STEP][PASSED] - click: Object: 'Object Repository/PharmacyRequest/Page_KDMC-Pharmacy/button_Add' is clicked on

2018-05-16 19:58:53 - [MESSAGE][PASSED] - Object: 'Object Repository/PharmacyRequest/Page_KDMC-Pharmacy/button_Add' is clicked on

2018-05-16 19:58:53 - [TEST_STEP][PASSED] - selectOptionByIndex: All options with index in [12] are selected on object 'Object Repository/PharmacyRequest/Page_KDMC-Pharmacy/select_--Select--Schedule 1Inj'

2018-05-16 19:58:53 - [MESSAGE][PASSED] - All options with index in [12] are selected on object 'Object Repository/PharmacyRequest/Page_KDMC-Pharmacy/select_--Select--Schedule 1Inj'

2018-05-16 19:58:53 - [TEST_STEP][PASSED] - selectOptionByIndex: All options with index in [6] are selected on object 'Object Repository/PharmacyRequest/Page_KDMC-Pharmacy/select_--Select--Albendazole'

2018-05-16 19:58:53 - [MESSAGE][PASSED] - All options with index in [6] are selected on object 'Object Repository/PharmacyRequest/Page_KDMC-Pharmacy/select_--Select--Albendazole'

2018-05-16 19:58:53 - [TEST_STEP][PASSED] - setText: Text '10' is set on object 'Object Repository/PharmacyRequest/Page_KDMC-Pharmacy/input_txttreat'

2018-05-16 19:58:53 - [MESSAGE][PASSED] - Text '10' is set on object 'Object Repository/PharmacyRequest/Page_KDMC-Pharmacy/input_txttreat'

2018-05-16 19:58:53 - [TEST_STEP][PASSED] - click: Object: 'Object Repository/PharmacyRequest/Page_KDMC-Pharmacy/button_Add' is clicked on

2018-05-16 19:58:53 - [MESSAGE][PASSED] - Object: 'Object Repository/PharmacyRequest/Page_KDMC-Pharmacy/button_Add' is clicked on

2018-05-16 19:58:53 - [TEST_STEP][PASSED] - selectOptionByIndex: All options with index in [12] are selected on object 'Object Repository/PharmacyRequest/Page_KDMC-Pharmacy/select_--Select--Schedule 1Inj'

2018-05-16 19:58:53 - [MESSAGE][PASSED] - All options with index in [12] are selected on object 'Object Repository/PharmacyRequest/Page_KDMC-Pharmacy/select_--Select--Schedule 1Inj'

2018-05-16 19:58:53 - [TEST_STEP][PASSED] - selectOptionByIndex: All options with index in [7] are selected on object 'Object Repository/PharmacyRequest/Page_KDMC-Pharmacy/select_--Select--Albendazole'

2018-05-16 19:58:53 - [MESSAGE][PASSED] - All options with index in [7] are selected on object 'Object Repository/PharmacyRequest/Page_KDMC-Pharmacy/select_--Select--Albendazole'

2018-05-16 19:58:53 - [TEST_STEP][PASSED] - setText: Text '10' is set on object 'Object Repository/PharmacyRequest/Page_KDMC-Pharmacy/input_txttreat'

2018-05-16 19:58:53 - [MESSAGE][PASSED] - Text '10' is set on object 'Object Repository/PharmacyRequest/Page_KDMC-Pharmacy/input_txttreat'

2018-05-16 19:58:53 - [TEST_STEP][PASSED] - click: Object: 'Object Repository/PharmacyRequest/Page_KDMC-Pharmacy/button_Add' is clicked on

2018-05-16 19:58:53 - [MESSAGE][PASSED] - Object: 'Object Repository/PharmacyRequest/Page_KDMC-Pharmacy/button_Add' is clicked on

2018-05-16 19:58:53 - [TEST_STEP][PASSED] - selectOptionByIndex: All options with index in [12] are selected on object 'Object Repository/PharmacyRequest/Page_KDMC-Pharmacy/select_--Select--Schedule 1Inj'

2018-05-16 19:58:54 - [MESSAGE][PASSED] - All options with index in [12] are selected on object 'Object Repository/PharmacyRequest/Page_KDMC-Pharmacy/select_--Select--Schedule 1Inj'

2018-05-16 19:58:54 - [TEST_STEP][PASSED] - selectOptionByIndex: All options with index in [8] are selected on object 'Object Repository/PharmacyRequest/Page_KDMC-Pharmacy/select_--Select--Albendazole'

2018-05-16 19:58:54 - [MESSAGE][PASSED] - All options with index in [8] are selected on object 'Object Repository/PharmacyRequest/Page_KDMC-Pharmacy/select_--Select--Albendazole'

2018-05-16 19:58:54 - [TEST_STEP][PASSED] - setText: Text '10' is set on object 'Object Repository/PharmacyRequest/Page_KDMC-Pharmacy/input_txttreat'

2018-05-16 19:58:54 - [MESSAGE][PASSED] - Text '10' is set on object 'Object Repository/PharmacyRequest/Page_KDMC-Pharmacy/input_txttreat'

2018-05-16 19:58:54 - [TEST_STEP][PASSED] - click: Object: 'Object Repository/PharmacyRequest/Page_KDMC-Pharmacy/button_Add' is clicked on

2018-05-16 19:58:54 - [MESSAGE][PASSED] - Object: 'Object Repository/PharmacyRequest/Page_KDMC-Pharmacy/button_Add' is clicked on

2018-05-16 19:58:54 - [TEST_STEP][PASSED] - selectOptionByIndex: All options with index in [12] are selected on object 'Object Repository/PharmacyRequest/Page_KDMC-Pharmacy/select_--Select--Schedule 1Inj'

2018-05-16 19:58:54 - [MESSAGE][PASSED] - All options with index in [12] are selected on object 'Object Repository/PharmacyRequest/Page_KDMC-Pharmacy/select_--Select--Schedule 1Inj'

2018-05-16 19:58:54 - [TEST_STEP][PASSED] - selectOptionByIndex: All options with index in [9] are selected on object 'Object Repository/PharmacyRequest/Page_KDMC-Pharmacy/select_--Select--Albendazole'

2018-05-16 19:58:54 - [MESSAGE][PASSED] - All options with index in [9] are selected on object 'Object Repository/PharmacyRequest/Page_KDMC-Pharmacy/select_--Select--Albendazole'

2018-05-16 19:58:54 - [TEST_STEP][PASSED] - setText: Text '10' is set on object 'Object Repository/PharmacyRequest/Page_KDMC-Pharmacy/input_txttreat'

2018-05-16 19:58:54 - [MESSAGE][PASSED] - Text '10' is set on object 'Object Repository/PharmacyRequest/Page_KDMC-Pharmacy/input_txttreat'

2018-05-16 19:58:54 - [TEST_STEP][PASSED] - click: Object: 'Object Repository/PharmacyRequest/Page_KDMC-Pharmacy/button_Add' is clicked on

2018-05-16 19:58:54 - [MESSAGE][PASSED] - Object: 'Object Repository/PharmacyRequest/Page_KDMC-Pharmacy/button_Add' is clicked on

2018-05-16 19:58:54 - [TEST_STEP][PASSED] - selectOptionByIndex: All options with index in [12] are selected on object 'Object Repository/PharmacyRequest/Page_KDMC-Pharmacy/select_--Select--Schedule 1Inj'

2018-05-16 19:58:55 - [MESSAGE][PASSED] - All options with index in [12] are selected on object 'Object Repository/PharmacyRequest/Page_KDMC-Pharmacy/select_--Select--Schedule 1Inj'

2018-05-16 19:58:55 - [TEST_STEP][PASSED] - selectOptionByIndex: All options with index in [10] are selected on object 'Object Repository/PharmacyRequest/Page_KDMC-Pharmacy/select_--Select--Albendazole'

2018-05-16 19:58:55 - [MESSAGE][PASSED] - All options with index in [10] are selected on object 'Object Repository/PharmacyRequest/Page_KDMC-Pharmacy/select_--Select--Albendazole'

2018-05-16 19:58:55 - [TEST_STEP][PASSED] - setText: Text '10' is set on object 'Object Repository/PharmacyRequest/Page_KDMC-Pharmacy/input_txttreat'

2018-05-16 19:58:55 - [MESSAGE][PASSED] - Text '10' is set on object 'Object Repository/PharmacyRequest/Page_KDMC-Pharmacy/input_txttreat'

2018-05-16 19:58:55 - [TEST_STEP][PASSED] - click: Object: 'Object Repository/PharmacyRequest/Page_KDMC-Pharmacy/button_Add' is clicked on

2018-05-16 19:58:55 - [MESSAGE][PASSED] - Object: 'Object Repository/PharmacyRequest/Page_KDMC-Pharmacy/button_Add' is clicked on

2018-05-16 19:58:55 - [TEST_STEP][PASSED] - selectOptionByIndex: All options with index in [12] are selected on object 'Object Repository/PharmacyRequest/Page_KDMC-Pharmacy/select_--Select--Schedule 1Inj'

2018-05-16 19:58:55 - [MESSAGE][PASSED] - All options with index in [12] are selected on object 'Object Repository/PharmacyRequest/Page_KDMC-Pharmacy/select_--Select--Schedule 1Inj'

2018-05-16 19:58:55 - [TEST_STEP][PASSED] - selectOptionByIndex: All options with index in [11] are selected on object 'Object Repository/PharmacyRequest/Page_KDMC-Pharmacy/select_--Select--Albendazole'

2018-05-16 19:58:55 - [MESSAGE][PASSED] - All options with index in [11] are selected on object 'Object Repository/PharmacyRequest/Page_KDMC-Pharmacy/select_--Select--Albendazole'

2018-05-16 19:58:55 - [TEST_STEP][PASSED] - setText: Text '10' is set on object 'Object Repository/PharmacyRequest/Page_KDMC-Pharmacy/input_txttreat'

2018-05-16 19:58:55 - [MESSAGE][PASSED] - Text '10' is set on object 'Object Repository/PharmacyRequest/Page_KDMC-Pharmacy/input_txttreat'

2018-05-16 19:58:55 - [TEST_STEP][PASSED] - click: Object: 'Object Repository/PharmacyRequest/Page_KDMC-Pharmacy/button_Add' is clicked on

2018-05-16 19:58:55 - [MESSAGE][PASSED] - Object: 'Object Repository/PharmacyRequest/Page_KDMC-Pharmacy/button_Add' is clicked on

2018-05-16 19:58:55 - [TEST_STEP][PASSED] - selectOptionByIndex: All options with index in [12] are selected on object 'Object Repository/PharmacyRequest/Page_KDMC-Pharmacy/select_--Select--Schedule 1Inj'

2018-05-16 19:58:56 - [MESSAGE][PASSED] - All options with index in [12] are selected on object 'Object Repository/PharmacyRequest/Page_KDMC-Pharmacy/select_--Select--Schedule 1Inj'

2018-05-16 19:58:56 - [TEST_STEP][PASSED] - selectOptionByIndex: All options with index in [12] are selected on object 'Object Repository/PharmacyRequest/Page_KDMC-Pharmacy/select_--Select--Albendazole'

2018-05-16 19:58:56 - [MESSAGE][PASSED] - All options with index in [12] are selected on object 'Object Repository/PharmacyRequest/Page_KDMC-Pharmacy/select_--Select--Albendazole'

2018-05-16 19:58:56 - [TEST_STEP][PASSED] - setText: Text '10' is set on object 'Object Repository/PharmacyRequest/Page_KDMC-Pharmacy/input_txttreat'

2018-05-16 19:58:56 - [MESSAGE][PASSED] - Text '10' is set on object 'Object Repository/PharmacyRequest/Page_KDMC-Pharmacy/input_txttreat'

2018-05-16 19:58:56 - [TEST_STEP][PASSED] - click: Object: 'Object Repository/PharmacyRequest/Page_KDMC-Pharmacy/button_Add' is clicked on

2018-05-16 19:58:56 - [MESSAGE][PASSED] - Object: 'Object Repository/PharmacyRequest/Page_KDMC-Pharmacy/button_Add' is clicked on

2018-05-16 19:58:56 - [TEST_STEP][PASSED] - selectOptionByIndex: All options with index in [12] are selected on object 'Object Repository/PharmacyRequest/Page_KDMC-Pharmacy/select_--Select--Schedule 1Inj'

2018-05-16 19:58:56 - [MESSAGE][PASSED] - All options with index in [12] are selected on object 'Object Repository/PharmacyRequest/Page_KDMC-Pharmacy/select_--Select--Schedule 1Inj'

2018-05-16 19:58:56 - [TEST_STEP][PASSED] - selectOptionByIndex: All options with index in [13] are selected on object 'Object Repository/PharmacyRequest/Page_KDMC-Pharmacy/select_--Select--Albendazole'

2018-05-16 19:58:56 - [MESSAGE][PASSED] - All options with index in [13] are selected on object 'Object Repository/PharmacyRequest/Page_KDMC-Pharmacy/select_--Select--Albendazole'

2018-05-16 19:58:56 - [TEST_STEP][PASSED] - setText: Text '10' is set on object 'Object Repository/PharmacyRequest/Page_KDMC-Pharmacy/input_txttreat'

2018-05-16 19:58:56 - [MESSAGE][PASSED] - Text '10' is set on object 'Object Repository/PharmacyRequest/Page_KDMC-Pharmacy/input_txttreat'

2018-05-16 19:58:56 - [TEST_STEP][PASSED] - click: Object: 'Object Repository/PharmacyRequest/Page_KDMC-Pharmacy/button_Add' is clicked on

2018-05-16 19:58:56 - [MESSAGE][PASSED] - Object: 'Object Repository/PharmacyRequest/Page_KDMC-Pharmacy/button_Add' is clicked on

2018-05-16 19:58:56 - [TEST_STEP][PASSED] - selectOptionByIndex: All options with index in [12] are selected on object 'Object Repository/PharmacyRequest/Page_KDMC-Pharmacy/select_--Select--Schedule 1Inj'

2018-05-16 19:58:57 - [MESSAGE][PASSED] - All options with index in [12] are selected on object 'Object Repository/PharmacyRequest/Page_KDMC-Pharmacy/select_--Select--Schedule 1Inj'

2018-05-16 19:58:57 - [TEST_STEP][PASSED] - selectOptionByIndex: All options with index in [14] are selected on object 'Object Repository/PharmacyRequest/Page_KDMC-Pharmacy/select_--Select--Albendazole'

2018-05-16 19:58:57 - [MESSAGE][PASSED] - All options with index in [14] are selected on object 'Object Repository/PharmacyRequest/Page_KDMC-Pharmacy/select_--Select--Albendazole'

2018-05-16 19:58:57 - [TEST_STEP][PASSED] - setText: Text '10' is set on object 'Object Repository/PharmacyRequest/Page_KDMC-Pharmacy/input_txttreat'

2018-05-16 19:58:57 - [MESSAGE][PASSED] - Text '10' is set on object 'Object Repository/PharmacyRequest/Page_KDMC-Pharmacy/input_txttreat'

2018-05-16 19:58:57 - [TEST_STEP][PASSED] - click: Object: 'Object Repository/PharmacyRequest/Page_KDMC-Pharmacy/button_Add' is clicked on

2018-05-16 19:58:57 - [MESSAGE][PASSED] - Object: 'Object Repository/PharmacyRequest/Page_KDMC-Pharmacy/button_Add' is clicked on

2018-05-16 19:58:57 - [TEST_STEP][PASSED] - selectOptionByIndex: All options with index in [12] are selected on object 'Object Repository/PharmacyRequest/Page_KDMC-Pharmacy/select_--Select--Schedule 1Inj'

2018-05-16 19:58:57 - [MESSAGE][PASSED] - All options with index in [12] are selected on object 'Object Repository/PharmacyRequest/Page_KDMC-Pharmacy/select_--Select--Schedule 1Inj'

2018-05-16 19:58:57 - [TEST_STEP][PASSED] - selectOptionByIndex: All options with index in [15] are selected on object 'Object Repository/PharmacyRequest/Page_KDMC-Pharmacy/select_--Select--Albendazole'

2018-05-16 19:58:57 - [MESSAGE][PASSED] - All options with index in [15] are selected on object 'Object Repository/PharmacyRequest/Page_KDMC-Pharmacy/select_--Select--Albendazole'

2018-05-16 19:58:57 - [TEST_STEP][PASSED] - setText: Text '10' is set on object 'Object Repository/PharmacyRequest/Page_KDMC-Pharmacy/input_txttreat'

2018-05-16 19:58:57 - [MESSAGE][PASSED] - Text '10' is set on object 'Object Repository/PharmacyRequest/Page_KDMC-Pharmacy/input_txttreat'

2018-05-16 19:58:57 - [TEST_STEP][PASSED] - click: Object: 'Object Repository/PharmacyRequest/Page_KDMC-Pharmacy/button_Add' is clicked on

2018-05-16 19:58:57 - [MESSAGE][PASSED] - Object: 'Object Repository/PharmacyRequest/Page_KDMC-Pharmacy/button_Add' is clicked on

2018-05-16 19:58:57 - [TEST_STEP][PASSED] - selectOptionByIndex: All options with index in [12] are selected on object 'Object Repository/PharmacyRequest/Page_KDMC-Pharmacy/select_--Select--Schedule 1Inj'

2018-05-16 19:58:58 - [MESSAGE][PASSED] - All options with index in [12] are selected on object 'Object Repository/PharmacyRequest/Page_KDMC-Pharmacy/select_--Select--Schedule 1Inj'

2018-05-16 19:58:58 - [TEST_STEP][PASSED] - selectOptionByIndex: All options with index in [16] are selected on object 'Object Repository/PharmacyRequest/Page_KDMC-Pharmacy/select_--Select--Albendazole'

2018-05-16 19:58:58 - [MESSAGE][PASSED] - All options with index in [16] are selected on object 'Object Repository/PharmacyRequest/Page_KDMC-Pharmacy/select_--Select--Albendazole'

2018-05-16 19:58:58 - [TEST_STEP][PASSED] - setText: Text '10' is set on object 'Object Repository/PharmacyRequest/Page_KDMC-Pharmacy/input_txttreat'

2018-05-16 19:58:58 - [MESSAGE][PASSED] - Text '10' is set on object 'Object Repository/PharmacyRequest/Page_KDMC-Pharmacy/input_txttreat'

2018-05-16 19:58:58 - [TEST_STEP][PASSED] - click: Object: 'Object Repository/PharmacyRequest/Page_KDMC-Pharmacy/button_Add' is clicked on

2018-05-16 19:58:58 - [MESSAGE][PASSED] - Object: 'Object Repository/PharmacyRequest/Page_KDMC-Pharmacy/button_Add' is clicked on

2018-05-16 19:58:58 - [TEST_STEP][PASSED] - selectOptionByIndex: All options with index in [12] are selected on object 'Object Repository/PharmacyRequest/Page_KDMC-Pharmacy/select_--Select--Schedule 1Inj'

2018-05-16 19:58:58 - [MESSAGE][PASSED] - All options with index in [12] are selected on object 'Object Repository/PharmacyRequest/Page_KDMC-Pharmacy/select_--Select--Schedule 1Inj'

2018-05-16 19:58:58 - [TEST_STEP][PASSED] - selectOptionByIndex: All options with index in [17] are selected on object 'Object Repository/PharmacyRequest/Page_KDMC-Pharmacy/select_--Select--Albendazole'

2018-05-16 19:58:58 - [MESSAGE][PASSED] - All options with index in [17] are selected on object 'Object Repository/PharmacyRequest/Page_KDMC-Pharmacy/select_--Select--Albendazole'

2018-05-16 19:58:58 - [TEST_STEP][PASSED] - setText: Text '10' is set on object 'Object Repository/PharmacyRequest/Page_KDMC-Pharmacy/input_txttreat'

2018-05-16 19:58:58 - [MESSAGE][PASSED] - Text '10' is set on object 'Object Repository/PharmacyRequest/Page_KDMC-Pharmacy/input_txttreat'

2018-05-16 19:58:58 - [TEST_STEP][PASSED] - click: Object: 'Object Repository/PharmacyRequest/Page_KDMC-Pharmacy/button_Add' is clicked on

2018-05-16 19:58:58 - [MESSAGE][PASSED] - Object: 'Object Repository/PharmacyRequest/Page_KDMC-Pharmacy/button_Add' is clicked on

2018-05-16 19:58:58 - [TEST_STEP][PASSED] - selectOptionByIndex: All options with index in [12] are selected on object 'Object Repository/PharmacyRequest/Page_KDMC-Pharmacy/select_--Select--Schedule 1Inj'

2018-05-16 19:58:59 - [MESSAGE][PASSED] - All options with index in [12] are selected on object 'Object Repository/PharmacyRequest/Page_KDMC-Pharmacy/select_--Select--Schedule 1Inj'

2018-05-16 19:58:59 - [TEST_STEP][PASSED] - selectOptionByIndex: All options with index in [18] are selected on object 'Object Repository/PharmacyRequest/Page_KDMC-Pharmacy/select_--Select--Albendazole'

2018-05-16 19:58:59 - [MESSAGE][PASSED] - All options with index in [18] are selected on object 'Object Repository/PharmacyRequest/Page_KDMC-Pharmacy/select_--Select--Albendazole'

2018-05-16 19:58:59 - [TEST_STEP][PASSED] - setText: Text '10' is set on object 'Object Repository/PharmacyRequest/Page_KDMC-Pharmacy/input_txttreat'

2018-05-16 19:58:59 - [MESSAGE][PASSED] - Text '10' is set on object 'Object Repository/PharmacyRequest/Page_KDMC-Pharmacy/input_txttreat'

2018-05-16 19:58:59 - [TEST_STEP][PASSED] - click: Object: 'Object Repository/PharmacyRequest/Page_KDMC-Pharmacy/button_Add' is clicked on

2018-05-16 19:58:59 - [MESSAGE][PASSED] - Object: 'Object Repository/PharmacyRequest/Page_KDMC-Pharmacy/button_Add' is clicked on

2018-05-16 19:58:59 - [TEST_STEP][PASSED] - Statement - RN1 = com.kms.katalon.core.webui.keyword.WebUiBuiltInKeywords.getAttribute(com.kms.katalon.core.testobject.ObjectRepository.findTestObject(PharmacyRequest/Page_KDMC-Pharmacy/input_txtno), "value"): Attribute 'value' of object 'Object Repository/PharmacyRequest/Page_KDMC-Pharmacy/input_txtno' is: 'PRNO/16052018/141'

2018-05-16 19:58:59 - [MESSAGE][PASSED] - Attribute 'value' of object 'Object Repository/PharmacyRequest/Page_KDMC-Pharmacy/input_txtno' is: 'PRNO/16052018/141'

2018-05-16 19:58:59 - [TEST_STEP][PASSED] - Statement - out.println(RN1): null

2018-05-16 19:58:59 - [TEST_STEP][PASSED] - Statement - RID = RN1.split("/")[2]: null

2018-05-16 19:58:59 - [TEST_STEP][PASSED] - scrollToElement: Scroll to object 'Object Repository/PharmacyRequest/Page_KDMC-Pharmacy/input_btnsave' successfully

2018-05-16 19:58:59 - [MESSAGE][PASSED] - Scroll to object 'Object Repository/PharmacyRequest/Page_KDMC-Pharmacy/input_btnsave' successfully

2018-05-16 19:58:59 - [TEST_STEP][PASSED] - click: Object: 'Object Repository/PharmacyRequest/Page_KDMC-Pharmacy/input_btnsave' is clicked on

2018-05-16 19:58:59 - [MESSAGE][PASSED] - Object: 'Object Repository/PharmacyRequest/Page_KDMC-Pharmacy/input_btnsave' is clicked on

2018-05-16 19:58:59 - [TEST_STEP][PASSED] - delay: Delayed 3 second(s)

2018-05-16 19:59:02 - [MESSAGE][PASSED] - Delayed 3 second(s)

2018-05-16 19:59:02 - [TEST_STEP][PASSED] - click: Object: 'Object Repository/PharmacyRequest/Page_KDMC-Pharmacy/button_OK' is clicked on

2018-05-16 19:59:03 - [MESSAGE][PASSED] - Object: 'Object Repository/PharmacyRequest/Page_KDMC-Pharmacy/button_OK' is clicked on

2018-05-16 19:59:03 - [TEST_STEP][PASSED] - delay: Delayed 3 second(s)

2018-05-16 19:59:06 - [MESSAGE][PASSED] - Delayed 3 second(s)

2018-05-16 19:59:06 - [TEST_STEP][PASSED] - click: Object: 'Object Repository/PharmacyRequest/Page_KDMC-Pharmacy/a_Back to Pharmacy' is clicked on

2018-05-16 19:59:07 - [MESSAGE][PASSED] - Object: 'Object Repository/PharmacyRequest/Page_KDMC-Pharmacy/a_Back to Pharmacy' is clicked on

2018-05-16 19:59:07 - [TEST_STEP][PASSED] - delay: Delayed 3 second(s)

2018-05-16 19:59:10 - [MESSAGE][PASSED] - Delayed 3 second(s)

2018-05-16 19:59:10 - [TEST_STEP][PASSED] - click: Object: 'Object Repository/PharmacyRequest/Page_KDMC - Pharmacy/a_dropdown-toggle' is clicked on

2018-05-16 19:59:10 - [MESSAGE][PASSED] - Object: 'Object Repository/PharmacyRequest/Page_KDMC - Pharmacy/a_dropdown-toggle' is clicked on

2018-05-16 19:59:10 - [TEST_STEP][PASSED] - click: Object: 'Object Repository/PharmacyRequest/Page_KDMC - Pharmacy/a_Sign out' is clicked on

2018-05-16 19:59:10 - [MESSAGE][PASSED] - Object: 'Object Repository/PharmacyRequest/Page_KDMC - Pharmacy/a_Sign out' is clicked on

2018-05-16 19:59:10 - [TEST_STEP][PASSED] - delay: Delayed 3 second(s)

2018-05-16 19:59:13 - [MESSAGE][PASSED] - Delayed 3 second(s)

2018-05-16 19:59:13 - [TEST_STEP][PASSED] - click: Object: 'Object Repository/PharmacyRequest/Page_KDMC/a_CMO' is clicked on

2018-05-16 19:59:14 - [MESSAGE][PASSED] - Object: 'Object Repository/PharmacyRequest/Page_KDMC/a_CMO' is clicked on

2018-05-16 19:59:14 - [TEST_STEP][PASSED] - setText: Text 'guru' is set on object 'Object Repository/PharmacyRequest/Page_CMO login/input_txtusername'

2018-05-16 19:59:14 - [MESSAGE][PASSED] - Text 'guru' is set on object 'Object Repository/PharmacyRequest/Page_CMO login/input_txtusername'

2018-05-16 19:59:14 - [TEST_STEP][PASSED] - setText: Text '123' is set on object 'Object Repository/PharmacyRequest/Page_CMO login/input_txtpassword'

2018-05-16 19:59:14 - [MESSAGE][PASSED] - Text '123' is set on object 'Object Repository/PharmacyRequest/Page_CMO login/input_txtpassword'

2018-05-16 19:59:14 - [TEST_STEP][PASSED] - delay: Delayed 3 second(s)

2018-05-16 19:59:17 - [MESSAGE][PASSED] - Delayed 3 second(s)

2018-05-16 19:59:17 - [TEST_STEP][PASSED] - click: Object: 'Object Repository/PharmacyRequest/Page_CMO login/button_Sign in' is clicked on

2018-05-16 19:59:18 - [MESSAGE][PASSED] - Object: 'Object Repository/PharmacyRequest/Page_CMO login/button_Sign in' is clicked on

2018-05-16 19:59:18 - [TEST_STEP][PASSED] - click: Object: 'Object Repository/PharmacyRequest/Page_KDMC - CMO/a_Department Wise Request' is clicked on

2018-05-16 19:59:18 - [MESSAGE][PASSED] - Object: 'Object Repository/PharmacyRequest/Page_KDMC - CMO/a_Department Wise Request' is clicked on

2018-05-16 19:59:18 - [TEST_STEP][PASSED] - selectOptionByIndex: All options with index in [2] are selected on object 'Object Repository/PharmacyRequest/Page_KDMC - CMO/select_--ALL--'

2018-05-16 19:59:18 - [MESSAGE][PASSED] - All options with index in [2] are selected on object 'Object Repository/PharmacyRequest/Page_KDMC - CMO/select_--ALL--'

2018-05-16 19:59:18 - [TEST_STEP][PASSED] - selectOptionByIndex: All options with index in [1] are selected on object 'Object Repository/PharmacyRequest/Page_KDMC - CMO/select_--ALL--                _1'

2018-05-16 19:59:19 - [MESSAGE][PASSED] - All options with index in [1] are selected on object 'Object Repository/PharmacyRequest/Page_KDMC - CMO/select_--ALL--                _1'

2018-05-16 19:59:19 - [TEST_STEP][PASSED] - click: Object: 'Object Repository/PharmacyRequest/Page_KDMC - CMO/input_btnsearch' is clicked on

2018-05-16 19:59:19 - [MESSAGE][PASSED] - Object: 'Object Repository/PharmacyRequest/Page_KDMC - CMO/input_btnsearch' is clicked on

2018-05-16 19:59:19 - [TEST_STEP][PASSED] - Statement - ID = com.kms.katalon.core.webui.keyword.WebUiBuiltInKeywords.modifyObjectProperty(com.kms.katalon.core.testobject.ObjectRepository.findTestObject(PharmacyRequest/Page_KDMC - CMO/input_2), "xpath", "equals", "//*[@id=" + RID + "]", true): Modify property of object successfully

2018-05-16 19:59:19 - [MESSAGE][PASSED] - Modify property of object successfully

2018-05-16 19:59:19 - [TEST_STEP][PASSED] - click: Object: 'Object Repository/PharmacyRequest/Page_KDMC - CMO/input_2' is clicked on

2018-05-16 19:59:19 - [MESSAGE][PASSED] - Object: 'Object Repository/PharmacyRequest/Page_KDMC - CMO/input_2' is clicked on

2018-05-16 19:59:19 - [TEST_STEP][PASSED] - delay: Delayed 3 second(s)

2018-05-16 19:59:22 - [MESSAGE][PASSED] - Delayed 3 second(s)

2018-05-16 19:59:22 - [TEST_STEP][PASSED] - selectOptionByIndex: All options with index in [1] are selected on object 'Object Repository/PharmacyRequest/Page_KDMC - CMO/select_--Select--'

2018-05-16 19:59:22 - [MESSAGE][PASSED] - All options with index in [1] are selected on object 'Object Repository/PharmacyRequest/Page_KDMC - CMO/select_--Select--'

2018-05-16 19:59:22 - [TEST_STEP][PASSED] - click: Object: 'Object Repository/PharmacyRequest/Page_KDMC - CMO/input_btnupdate' is clicked on

2018-05-16 19:59:23 - [MESSAGE][PASSED] - Object: 'Object Repository/PharmacyRequest/Page_KDMC - CMO/input_btnupdate' is clicked on

2018-05-16 19:59:23 - [TEST_STEP][PASSED] - delay: Delayed 3 second(s)

2018-05-16 19:59:26 - [MESSAGE][PASSED] - Delayed 3 second(s)

2018-05-16 19:59:26 - [TEST_STEP][PASSED] - click: Object: 'Object Repository/PharmacyRequest/Page_KDMC - CMO/button_OK' is clicked on

2018-05-16 19:59:26 - [MESSAGE][PASSED] - Object: 'Object Repository/PharmacyRequest/Page_KDMC - CMO/button_OK' is clicked on

2018-05-16 19:59:26 - [TEST_STEP][PASSED] - delay: Delayed 3 second(s)

2018-05-16 19:59:29 - [MESSAGE][PASSED] - Delayed 3 second(s)

2018-05-16 19:59:29 - [TEST_STEP][PASSED] - click: Object: 'Object Repository/PharmacyRequest/Page_KDMC - CMO/a_dropdown-toggle' is clicked on

2018-05-16 19:59:29 - [MESSAGE][PASSED] - Object: 'Object Repository/PharmacyRequest/Page_KDMC - CMO/a_dropdown-toggle' is clicked on

2018-05-16 19:59:29 - [TEST_STEP][PASSED] - click: Object: 'Object Repository/PharmacyRequest/Page_KDMC - CMO/a_Sign out' is clicked on

2018-05-16 19:59:29 - [MESSAGE][PASSED] - Object: 'Object Repository/PharmacyRequest/Page_KDMC - CMO/a_Sign out' is clicked on

2018-05-16 19:59:29 - [TEST_STEP][PASSED] - delay: Delayed 3 second(s)

2018-05-16 19:59:32 - [MESSAGE][PASSED] - Delayed 3 second(s)

2018-05-16 19:59:32 - [TEST_STEP][PASSED] - click: Object: 'Object Repository/PharmacyRequest/Page_KDMC/a_Divisional Store' is clicked on

2018-05-16 19:59:33 - [MESSAGE][PASSED] - Object: 'Object Repository/PharmacyRequest/Page_KDMC/a_Divisional Store' is clicked on

2018-05-16 19:59:33 - [TEST_STEP][PASSED] - setText: Text 'ragu' is set on object 'Object Repository/PharmacyRequest/Page_Divisonal Store Login/input_txtusername'

2018-05-16 19:59:33 - [MESSAGE][PASSED] - Text 'ragu' is set on object 'Object Repository/PharmacyRequest/Page_Divisonal Store Login/input_txtusername'

2018-05-16 19:59:33 - [TEST_STEP][PASSED] - setText: Text '123' is set on object 'Object Repository/PharmacyRequest/Page_Divisonal Store Login/input_txtpassword'

2018-05-16 19:59:33 - [MESSAGE][PASSED] - Text '123' is set on object 'Object Repository/PharmacyRequest/Page_Divisonal Store Login/input_txtpassword'

2018-05-16 19:59:33 - [TEST_STEP][PASSED] - delay: Delayed 3 second(s)

2018-05-16 19:59:36 - [MESSAGE][PASSED] - Delayed 3 second(s)

2018-05-16 19:59:36 - [TEST_STEP][PASSED] - click: Object: 'Object Repository/PharmacyRequest/Page_Divisonal Store Login/button_Sign in' is clicked on

2018-05-16 19:59:37 - [MESSAGE][PASSED] - Object: 'Object Repository/PharmacyRequest/Page_Divisonal Store Login/button_Sign in' is clicked on

2018-05-16 19:59:37 - [TEST_STEP][PASSED] - delay: Delayed 3 second(s)

2018-05-16 19:59:40 - [MESSAGE][PASSED] - Delayed 3 second(s)

2018-05-16 19:59:40 - [TEST_STEP][PASSED] - click: Object: 'Object Repository/PharmacyRequest/Page_Store/a_Pharmacy Request' is clicked on

2018-05-16 19:59:40 - [MESSAGE][PASSED] - Object: 'Object Repository/PharmacyRequest/Page_Store/a_Pharmacy Request' is clicked on

2018-05-16 19:59:40 - [TEST_STEP][PASSED] - click: Object: 'Object Repository/PharmacyRequest/Page_Store/a_Request Item Pharmacy' is clicked on

2018-05-16 19:59:40 - [MESSAGE][PASSED] - Object: 'Object Repository/PharmacyRequest/Page_Store/a_Request Item Pharmacy' is clicked on

2018-05-16 19:59:40 - [TEST_STEP][PASSED] - delay: Delayed 2 second(s)

2018-05-16 19:59:42 - [MESSAGE][PASSED] - Delayed 2 second(s)

2018-05-16 19:59:42 - [TEST_STEP][PASSED] - setText: Text 'PRNO/16052018/141' is set on object 'Object Repository/PharmacyRequest/Page_Store/input'

2018-05-16 19:59:43 - [MESSAGE][PASSED] - Text 'PRNO/16052018/141' is set on object 'Object Repository/PharmacyRequest/Page_Store/input'

2018-05-16 19:59:43 - [TEST_STEP][PASSED] - delay: Delayed 2 second(s)

2018-05-16 19:59:45 - [MESSAGE][PASSED] - Delayed 2 second(s)

2018-05-16 19:59:45 - [TEST_STEP][PASSED] - Statement - ChooseRequest = com.kms.katalon.core.webui.keyword.WebUiBuiltInKeywords.modifyObjectProperty(com.kms.katalon.core.testobject.ObjectRepository.findTestObject(PharmacyRequest/Page_Store/input_2), "xpath", "equals", "//*[@id=" + RID + "]", true): Modify property of object successfully

2018-05-16 19:59:45 - [MESSAGE][PASSED] - Modify property of object successfully

2018-05-16 19:59:45 - [TEST_STEP][PASSED] - click: Object: 'Object Repository/PharmacyRequest/Page_Store/input_2' is clicked on

2018-05-16 19:59:45 - [MESSAGE][PASSED] - Object: 'Object Repository/PharmacyRequest/Page_Store/input_2' is clicked on

2018-05-16 19:59:45 - [TEST_STEP][PASSED] - delay: Delayed 2 second(s)

2018-05-16 19:59:47 - [MESSAGE][PASSED] - Delayed 2 second(s)

2018-05-16 19:59:47 - [TEST_STEP][PASSED] - Statement - selectedoptions = com.kms.katalon.core.webui.keyword.WebUiBuiltInKeywords.getNumberOfTotalOption(com.kms.katalon.core.testobject.ObjectRepository.findTestObject(PharmacyRequest/Page_Store/select_--Select--Amlodepin -5)): 19 options of object 'Object Repository/PharmacyRequest/Page_Store/select_--Select--Amlodepin -5' counted

2018-05-16 19:59:47 - [MESSAGE][PASSED] - 19 options of object 'Object Repository/PharmacyRequest/Page_Store/select_--Select--Amlodepin -5' counted

2018-05-16 19:59:47 - [TEST_STEP][PASSED] - Statement - For ([a = 1, a <= selectedoptions - 1, (a++)]): null

2018-05-16 19:59:47 - [TEST_STEP][PASSED] - selectOptionByIndex: All options with index in [1] are selected on object 'Object Repository/PharmacyRequest/Page_Store/select_--Select--Amlodepin -5'

2018-05-16 19:59:47 - [MESSAGE][PASSED] - All options with index in [1] are selected on object 'Object Repository/PharmacyRequest/Page_Store/select_--Select--Amlodepin -5'

2018-05-16 19:59:47 - [TEST_STEP][PASSED] - delay: Delayed 1 second(s)

2018-05-16 19:59:48 - [MESSAGE][PASSED] - Delayed 1 second(s)

2018-05-16 19:59:48 - [TEST_STEP][PASSED] - Statement - RequestedQty = com.kms.katalon.core.webui.keyword.WebUiBuiltInKeywords.getAttribute(com.kms.katalon.core.testobject.ObjectRepository.findTestObject(PharmacyRequest/Page_Store/input_txttotal), "value"): Attribute 'value' of object 'Object Repository/PharmacyRequest/Page_Store/input_txttotal' is: '10'

2018-05-16 19:59:48 - [MESSAGE][PASSED] - Attribute 'value' of object 'Object Repository/PharmacyRequest/Page_Store/input_txttotal' is: '10'

2018-05-16 19:59:48 - [TEST_STEP][PASSED] - Statement - out.println("Requested QTY : " + RequestedQty): null

2018-05-16 19:59:48 - [TEST_STEP][PASSED] - Statement - BatchNumber = com.kms.katalon.core.webui.keyword.WebUiBuiltInKeywords.getNumberOfTotalOption(com.kms.katalon.core.testobject.ObjectRepository.findTestObject(PharmacyRequest/Page_Store/select_--Select--BA50)): 3 options of object 'Object Repository/PharmacyRequest/Page_Store/select_--Select--BA50' counted

2018-05-16 19:59:49 - [MESSAGE][PASSED] - 3 options of object 'Object Repository/PharmacyRequest/Page_Store/select_--Select--BA50' counted

2018-05-16 19:59:49 - [TEST_STEP][PASSED] - Statement - For ([g = 1, g <= BatchNumber - 1, (g++)]): null

2018-05-16 19:59:49 - [TEST_STEP][PASSED] - selectOptionByIndex: All options with index in [1] are selected on object 'Object Repository/PharmacyRequest/Page_Store/select_--Select--BA50'

2018-05-16 19:59:49 - [MESSAGE][PASSED] - All options with index in [1] are selected on object 'Object Repository/PharmacyRequest/Page_Store/select_--Select--BA50'

2018-05-16 19:59:49 - [TEST_STEP][PASSED] - delay: Delayed 1 second(s)

2018-05-16 19:59:50 - [MESSAGE][PASSED] - Delayed 1 second(s)

2018-05-16 19:59:50 - [TEST_STEP][PASSED] - Statement - StockQty = com.kms.katalon.core.webui.keyword.WebUiBuiltInKeywords.getAttribute(com.kms.katalon.core.testobject.ObjectRepository.findTestObject(PharmacyRequest/Page_Store/input_txtprice), "value"): Attribute 'value' of object 'Object Repository/PharmacyRequest/Page_Store/input_txtprice' is: '100'

2018-05-16 19:59:50 - [MESSAGE][PASSED] - Attribute 'value' of object 'Object Repository/PharmacyRequest/Page_Store/input_txtprice' is: '100'

2018-05-16 19:59:50 - [TEST_STEP][PASSED] - Statement - out.println("Stock QTY : " + StockQty): null

2018-05-16 19:59:50 - [TEST_STEP][PASSED] - delay: Delayed 1 second(s)

2018-05-16 19:59:51 - [MESSAGE][PASSED] - Delayed 1 second(s)

2018-05-16 19:59:51 - [TEST_STEP][PASSED] - Statement - If (java.lang.Integer.valueOf(StockQty) >= java.lang.Integer.valueOf(RequestedQty)): null

2018-05-16 19:59:51 - [TEST_STEP][PASSED] - setText: Text '10' is set on object 'Object Repository/PharmacyRequest/Page_Store/input_txtqty'

2018-05-16 19:59:51 - [MESSAGE][PASSED] - Text '10' is set on object 'Object Repository/PharmacyRequest/Page_Store/input_txtqty'

2018-05-16 19:59:51 - [TEST_STEP][PASSED] - click: Object: 'Object Repository/PharmacyRequest/Page_Store/button_Add' is clicked on

2018-05-16 19:59:51 - [MESSAGE][PASSED] - Object: 'Object Repository/PharmacyRequest/Page_Store/button_Add' is clicked on

2018-05-16 19:59:51 - [TEST_STEP][PASSED] - Statement - Break: null

2018-05-16 19:59:51 - [TEST_STEP][PASSED] - selectOptionByIndex: All options with index in [2] are selected on object 'Object Repository/PharmacyRequest/Page_Store/select_--Select--Amlodepin -5'

2018-05-16 19:59:51 - [MESSAGE][PASSED] - All options with index in [2] are selected on object 'Object Repository/PharmacyRequest/Page_Store/select_--Select--Amlodepin -5'

2018-05-16 19:59:51 - [TEST_STEP][PASSED] - delay: Delayed 1 second(s)

2018-05-16 19:59:52 - [MESSAGE][PASSED] - Delayed 1 second(s)

2018-05-16 19:59:52 - [TEST_STEP][PASSED] - Statement - RequestedQty = com.kms.katalon.core.webui.keyword.WebUiBuiltInKeywords.getAttribute(com.kms.katalon.core.testobject.ObjectRepository.findTestObject(PharmacyRequest/Page_Store/input_txttotal), "value"): Attribute 'value' of object 'Object Repository/PharmacyRequest/Page_Store/input_txttotal' is: '10'

2018-05-16 19:59:52 - [MESSAGE][PASSED] - Attribute 'value' of object 'Object Repository/PharmacyRequest/Page_Store/input_txttotal' is: '10'

2018-05-16 19:59:52 - [TEST_STEP][PASSED] - Statement - out.println("Requested QTY : " + RequestedQty): null

2018-05-16 19:59:52 - [TEST_STEP][PASSED] - Statement - BatchNumber = com.kms.katalon.core.webui.keyword.WebUiBuiltInKeywords.getNumberOfTotalOption(com.kms.katalon.core.testobject.ObjectRepository.findTestObject(PharmacyRequest/Page_Store/select_--Select--BA50)): 2 options of object 'Object Repository/PharmacyRequest/Page_Store/select_--Select--BA50' counted

2018-05-16 19:59:52 - [MESSAGE][PASSED] - 2 options of object 'Object Repository/PharmacyRequest/Page_Store/select_--Select--BA50' counted

2018-05-16 19:59:52 - [TEST_STEP][PASSED] - Statement - For ([g = 1, g <= BatchNumber - 1, (g++)]): null

2018-05-16 19:59:52 - [TEST_STEP][PASSED] - selectOptionByIndex: All options with index in [1] are selected on object 'Object Repository/PharmacyRequest/Page_Store/select_--Select--BA50'

2018-05-16 19:59:52 - [MESSAGE][PASSED] - All options with index in [1] are selected on object 'Object Repository/PharmacyRequest/Page_Store/select_--Select--BA50'

2018-05-16 19:59:52 - [TEST_STEP][PASSED] - delay: Delayed 1 second(s)

2018-05-16 19:59:53 - [MESSAGE][PASSED] - Delayed 1 second(s)

2018-05-16 19:59:53 - [TEST_STEP][PASSED] - Statement - StockQty = com.kms.katalon.core.webui.keyword.WebUiBuiltInKeywords.getAttribute(com.kms.katalon.core.testobject.ObjectRepository.findTestObject(PharmacyRequest/Page_Store/input_txtprice), "value"): Attribute 'value' of object 'Object Repository/PharmacyRequest/Page_Store/input_txtprice' is: '929'

2018-05-16 19:59:53 - [MESSAGE][PASSED] - Attribute 'value' of object 'Object Repository/PharmacyRequest/Page_Store/input_txtprice' is: '929'

2018-05-16 19:59:53 - [TEST_STEP][PASSED] - Statement - out.println("Stock QTY : " + StockQty): null

2018-05-16 19:59:53 - [TEST_STEP][PASSED] - delay: Delayed 1 second(s)

2018-05-16 19:59:54 - [MESSAGE][PASSED] - Delayed 1 second(s)

2018-05-16 19:59:54 - [TEST_STEP][PASSED] - Statement - If (java.lang.Integer.valueOf(StockQty) >= java.lang.Integer.valueOf(RequestedQty)): null

2018-05-16 19:59:54 - [TEST_STEP][PASSED] - setText: Text '10' is set on object 'Object Repository/PharmacyRequest/Page_Store/input_txtqty'

2018-05-16 19:59:54 - [MESSAGE][PASSED] - Text '10' is set on object 'Object Repository/PharmacyRequest/Page_Store/input_txtqty'

2018-05-16 19:59:54 - [TEST_STEP][PASSED] - click: Object: 'Object Repository/PharmacyRequest/Page_Store/button_Add' is clicked on

2018-05-16 19:59:54 - [MESSAGE][PASSED] - Object: 'Object Repository/PharmacyRequest/Page_Store/button_Add' is clicked on

2018-05-16 19:59:54 - [TEST_STEP][PASSED] - Statement - Break: null

2018-05-16 19:59:54 - [TEST_STEP][PASSED] - selectOptionByIndex: All options with index in [3] are selected on object 'Object Repository/PharmacyRequest/Page_Store/select_--Select--Amlodepin -5'

2018-05-16 19:59:55 - [MESSAGE][PASSED] - All options with index in [3] are selected on object 'Object Repository/PharmacyRequest/Page_Store/select_--Select--Amlodepin -5'

2018-05-16 19:59:55 - [TEST_STEP][PASSED] - delay: Delayed 1 second(s)

2018-05-16 19:59:56 - [MESSAGE][PASSED] - Delayed 1 second(s)

2018-05-16 19:59:56 - [TEST_STEP][PASSED] - Statement - RequestedQty = com.kms.katalon.core.webui.keyword.WebUiBuiltInKeywords.getAttribute(com.kms.katalon.core.testobject.ObjectRepository.findTestObject(PharmacyRequest/Page_Store/input_txttotal), "value"): Attribute 'value' of object 'Object Repository/PharmacyRequest/Page_Store/input_txttotal' is: '10'

2018-05-16 19:59:56 - [MESSAGE][PASSED] - Attribute 'value' of object 'Object Repository/PharmacyRequest/Page_Store/input_txttotal' is: '10'

2018-05-16 19:59:56 - [TEST_STEP][PASSED] - Statement - out.println("Requested QTY : " + RequestedQty): null

2018-05-16 19:59:56 - [TEST_STEP][PASSED] - Statement - BatchNumber = com.kms.katalon.core.webui.keyword.WebUiBuiltInKeywords.getNumberOfTotalOption(com.kms.katalon.core.testobject.ObjectRepository.findTestObject(PharmacyRequest/Page_Store/select_--Select--BA50)): 3 options of object 'Object Repository/PharmacyRequest/Page_Store/select_--Select--BA50' counted

2018-05-16 19:59:56 - [MESSAGE][PASSED] - 3 options of object 'Object Repository/PharmacyRequest/Page_Store/select_--Select--BA50' counted

2018-05-16 19:59:56 - [TEST_STEP][PASSED] - Statement - For ([g = 1, g <= BatchNumber - 1, (g++)]): null

2018-05-16 19:59:56 - [TEST_STEP][PASSED] - selectOptionByIndex: All options with index in [1] are selected on object 'Object Repository/PharmacyRequest/Page_Store/select_--Select--BA50'

2018-05-16 19:59:56 - [MESSAGE][PASSED] - All options with index in [1] are selected on object 'Object Repository/PharmacyRequest/Page_Store/select_--Select--BA50'

2018-05-16 19:59:56 - [TEST_STEP][PASSED] - delay: Delayed 1 second(s)

2018-05-16 19:59:57 - [MESSAGE][PASSED] - Delayed 1 second(s)

2018-05-16 19:59:57 - [TEST_STEP][PASSED] - Statement - StockQty = com.kms.katalon.core.webui.keyword.WebUiBuiltInKeywords.getAttribute(com.kms.katalon.core.testobject.ObjectRepository.findTestObject(PharmacyRequest/Page_Store/input_txtprice), "value"): Attribute 'value' of object 'Object Repository/PharmacyRequest/Page_Store/input_txtprice' is: '100'

2018-05-16 19:59:57 - [MESSAGE][PASSED] - Attribute 'value' of object 'Object Repository/PharmacyRequest/Page_Store/input_txtprice' is: '100'

2018-05-16 19:59:57 - [TEST_STEP][PASSED] - Statement - out.println("Stock QTY : " + StockQty): null

2018-05-16 19:59:57 - [TEST_STEP][PASSED] - delay: Delayed 1 second(s)

2018-05-16 19:59:58 - [MESSAGE][PASSED] - Delayed 1 second(s)

2018-05-16 19:59:58 - [TEST_STEP][PASSED] - Statement - If (java.lang.Integer.valueOf(StockQty) >= java.lang.Integer.valueOf(RequestedQty)): null

2018-05-16 19:59:58 - [TEST_STEP][PASSED] - setText: Text '10' is set on object 'Object Repository/PharmacyRequest/Page_Store/input_txtqty'

2018-05-16 19:59:58 - [MESSAGE][PASSED] - Text '10' is set on object 'Object Repository/PharmacyRequest/Page_Store/input_txtqty'

2018-05-16 19:59:58 - [TEST_STEP][PASSED] - click: Object: 'Object Repository/PharmacyRequest/Page_Store/button_Add' is clicked on

2018-05-16 19:59:58 - [MESSAGE][PASSED] - Object: 'Object Repository/PharmacyRequest/Page_Store/button_Add' is clicked on

2018-05-16 19:59:58 - [TEST_STEP][PASSED] - Statement - Break: null

2018-05-16 19:59:58 - [TEST_STEP][PASSED] - selectOptionByIndex: All options with index in [4] are selected on object 'Object Repository/PharmacyRequest/Page_Store/select_--Select--Amlodepin -5'

2018-05-16 19:59:58 - [MESSAGE][PASSED] - All options with index in [4] are selected on object 'Object Repository/PharmacyRequest/Page_Store/select_--Select--Amlodepin -5'

2018-05-16 19:59:58 - [TEST_STEP][PASSED] - delay: Delayed 1 second(s)

2018-05-16 19:59:59 - [MESSAGE][PASSED] - Delayed 1 second(s)

2018-05-16 19:59:59 - [TEST_STEP][PASSED] - Statement - RequestedQty = com.kms.katalon.core.webui.keyword.WebUiBuiltInKeywords.getAttribute(com.kms.katalon.core.testobject.ObjectRepository.findTestObject(PharmacyRequest/Page_Store/input_txttotal), "value"): Attribute 'value' of object 'Object Repository/PharmacyRequest/Page_Store/input_txttotal' is: '10'

2018-05-16 19:59:59 - [MESSAGE][PASSED] - Attribute 'value' of object 'Object Repository/PharmacyRequest/Page_Store/input_txttotal' is: '10'

2018-05-16 19:59:59 - [TEST_STEP][PASSED] - Statement - out.println("Requested QTY : " + RequestedQty): null

2018-05-16 19:59:59 - [TEST_STEP][PASSED] - Statement - BatchNumber = com.kms.katalon.core.webui.keyword.WebUiBuiltInKeywords.getNumberOfTotalOption(com.kms.katalon.core.testobject.ObjectRepository.findTestObject(PharmacyRequest/Page_Store/select_--Select--BA50)): 3 options of object 'Object Repository/PharmacyRequest/Page_Store/select_--Select--BA50' counted

2018-05-16 19:59:59 - [MESSAGE][PASSED] - 3 options of object 'Object Repository/PharmacyRequest/Page_Store/select_--Select--BA50' counted

2018-05-16 19:59:59 - [TEST_STEP][PASSED] - Statement - For ([g = 1, g <= BatchNumber - 1, (g++)]): null

2018-05-16 19:59:59 - [TEST_STEP][PASSED] - selectOptionByIndex: All options with index in [1] are selected on object 'Object Repository/PharmacyRequest/Page_Store/select_--Select--BA50'

2018-05-16 19:59:59 - [MESSAGE][PASSED] - All options with index in [1] are selected on object 'Object Repository/PharmacyRequest/Page_Store/select_--Select--BA50'

2018-05-16 19:59:59 - [TEST_STEP][PASSED] - delay: Delayed 1 second(s)

2018-05-16 20:00:00 - [MESSAGE][PASSED] - Delayed 1 second(s)

2018-05-16 20:00:00 - [TEST_STEP][PASSED] - Statement - StockQty = com.kms.katalon.core.webui.keyword.WebUiBuiltInKeywords.getAttribute(com.kms.katalon.core.testobject.ObjectRepository.findTestObject(PharmacyRequest/Page_Store/input_txtprice), "value"): Attribute 'value' of object 'Object Repository/PharmacyRequest/Page_Store/input_txtprice' is: '100'

2018-05-16 20:00:00 - [MESSAGE][PASSED] - Attribute 'value' of object 'Object Repository/PharmacyRequest/Page_Store/input_txtprice' is: '100'

2018-05-16 20:00:00 - [TEST_STEP][PASSED] - Statement - out.println("Stock QTY : " + StockQty): null

2018-05-16 20:00:00 - [TEST_STEP][PASSED] - delay: Delayed 1 second(s)

2018-05-16 20:00:01 - [MESSAGE][PASSED] - Delayed 1 second(s)

2018-05-16 20:00:01 - [TEST_STEP][PASSED] - Statement - If (java.lang.Integer.valueOf(StockQty) >= java.lang.Integer.valueOf(RequestedQty)): null

2018-05-16 20:00:01 - [TEST_STEP][PASSED] - setText: Text '10' is set on object 'Object Repository/PharmacyRequest/Page_Store/input_txtqty'

2018-05-16 20:00:01 - [MESSAGE][PASSED] - Text '10' is set on object 'Object Repository/PharmacyRequest/Page_Store/input_txtqty'

2018-05-16 20:00:01 - [TEST_STEP][PASSED] - click: Object: 'Object Repository/PharmacyRequest/Page_Store/button_Add' is clicked on

2018-05-16 20:00:02 - [MESSAGE][PASSED] - Object: 'Object Repository/PharmacyRequest/Page_Store/button_Add' is clicked on

2018-05-16 20:00:02 - [TEST_STEP][PASSED] - Statement - Break: null

2018-05-16 20:00:02 - [TEST_STEP][PASSED] - selectOptionByIndex: All options with index in [5] are selected on object 'Object Repository/PharmacyRequest/Page_Store/select_--Select--Amlodepin -5'

2018-05-16 20:00:02 - [MESSAGE][PASSED] - All options with index in [5] are selected on object 'Object Repository/PharmacyRequest/Page_Store/select_--Select--Amlodepin -5'

2018-05-16 20:00:02 - [TEST_STEP][PASSED] - delay: Delayed 1 second(s)

2018-05-16 20:00:03 - [MESSAGE][PASSED] - Delayed 1 second(s)

2018-05-16 20:00:03 - [TEST_STEP][PASSED] - Statement - RequestedQty = com.kms.katalon.core.webui.keyword.WebUiBuiltInKeywords.getAttribute(com.kms.katalon.core.testobject.ObjectRepository.findTestObject(PharmacyRequest/Page_Store/input_txttotal), "value"): Attribute 'value' of object 'Object Repository/PharmacyRequest/Page_Store/input_txttotal' is: '10'

2018-05-16 20:00:03 - [MESSAGE][PASSED] - Attribute 'value' of object 'Object Repository/PharmacyRequest/Page_Store/input_txttotal' is: '10'

2018-05-16 20:00:03 - [TEST_STEP][PASSED] - Statement - out.println("Requested QTY : " + RequestedQty): null

2018-05-16 20:00:03 - [TEST_STEP][PASSED] - Statement - BatchNumber = com.kms.katalon.core.webui.keyword.WebUiBuiltInKeywords.getNumberOfTotalOption(com.kms.katalon.core.testobject.ObjectRepository.findTestObject(PharmacyRequest/Page_Store/select_--Select--BA50)): 3 options of object 'Object Repository/PharmacyRequest/Page_Store/select_--Select--BA50' counted

2018-05-16 20:00:03 - [MESSAGE][PASSED] - 3 options of object 'Object Repository/PharmacyRequest/Page_Store/select_--Select--BA50' counted

2018-05-16 20:00:03 - [TEST_STEP][PASSED] - Statement - For ([g = 1, g <= BatchNumber - 1, (g++)]): null

2018-05-16 20:00:03 - [TEST_STEP][PASSED] - selectOptionByIndex: All options with index in [1] are selected on object 'Object Repository/PharmacyRequest/Page_Store/select_--Select--BA50'

2018-05-16 20:00:03 - [MESSAGE][PASSED] - All options with index in [1] are selected on object 'Object Repository/PharmacyRequest/Page_Store/select_--Select--BA50'

2018-05-16 20:00:03 - [TEST_STEP][PASSED] - delay: Delayed 1 second(s)

2018-05-16 20:00:04 - [MESSAGE][PASSED] - Delayed 1 second(s)

2018-05-16 20:00:04 - [TEST_STEP][PASSED] - Statement - StockQty = com.kms.katalon.core.webui.keyword.WebUiBuiltInKeywords.getAttribute(com.kms.katalon.core.testobject.ObjectRepository.findTestObject(PharmacyRequest/Page_Store/input_txtprice), "value"): Attribute 'value' of object 'Object Repository/PharmacyRequest/Page_Store/input_txtprice' is: '100'

2018-05-16 20:00:04 - [MESSAGE][PASSED] - Attribute 'value' of object 'Object Repository/PharmacyRequest/Page_Store/input_txtprice' is: '100'

2018-05-16 20:00:04 - [TEST_STEP][PASSED] - Statement - out.println("Stock QTY : " + StockQty): null

2018-05-16 20:00:04 - [TEST_STEP][PASSED] - delay: Delayed 1 second(s)

2018-05-16 20:00:05 - [MESSAGE][PASSED] - Delayed 1 second(s)

2018-05-16 20:00:05 - [TEST_STEP][PASSED] - Statement - If (java.lang.Integer.valueOf(StockQty) >= java.lang.Integer.valueOf(RequestedQty)): null

2018-05-16 20:00:05 - [TEST_STEP][PASSED] - setText: Text '10' is set on object 'Object Repository/PharmacyRequest/Page_Store/input_txtqty'

2018-05-16 20:00:05 - [MESSAGE][PASSED] - Text '10' is set on object 'Object Repository/PharmacyRequest/Page_Store/input_txtqty'

2018-05-16 20:00:05 - [TEST_STEP][PASSED] - click: Object: 'Object Repository/PharmacyRequest/Page_Store/button_Add' is clicked on

2018-05-16 20:00:05 - [MESSAGE][PASSED] - Object: 'Object Repository/PharmacyRequest/Page_Store/button_Add' is clicked on

2018-05-16 20:00:05 - [TEST_STEP][PASSED] - Statement - Break: null

2018-05-16 20:00:05 - [TEST_STEP][PASSED] - selectOptionByIndex: All options with index in [6] are selected on object 'Object Repository/PharmacyRequest/Page_Store/select_--Select--Amlodepin -5'

2018-05-16 20:00:05 - [MESSAGE][PASSED] - All options with index in [6] are selected on object 'Object Repository/PharmacyRequest/Page_Store/select_--Select--Amlodepin -5'

2018-05-16 20:00:05 - [TEST_STEP][PASSED] - delay: Delayed 1 second(s)

2018-05-16 20:00:06 - [MESSAGE][PASSED] - Delayed 1 second(s)

2018-05-16 20:00:06 - [TEST_STEP][PASSED] - Statement - RequestedQty = com.kms.katalon.core.webui.keyword.WebUiBuiltInKeywords.getAttribute(com.kms.katalon.core.testobject.ObjectRepository.findTestObject(PharmacyRequest/Page_Store/input_txttotal), "value"): Attribute 'value' of object 'Object Repository/PharmacyRequest/Page_Store/input_txttotal' is: '10'

2018-05-16 20:00:06 - [MESSAGE][PASSED] - Attribute 'value' of object 'Object Repository/PharmacyRequest/Page_Store/input_txttotal' is: '10'

2018-05-16 20:00:06 - [TEST_STEP][PASSED] - Statement - out.println("Requested QTY : " + RequestedQty): null

2018-05-16 20:00:06 - [TEST_STEP][PASSED] - Statement - BatchNumber = com.kms.katalon.core.webui.keyword.WebUiBuiltInKeywords.getNumberOfTotalOption(com.kms.katalon.core.testobject.ObjectRepository.findTestObject(PharmacyRequest/Page_Store/select_--Select--BA50)): 3 options of object 'Object Repository/PharmacyRequest/Page_Store/select_--Select--BA50' counted

2018-05-16 20:00:06 - [MESSAGE][PASSED] - 3 options of object 'Object Repository/PharmacyRequest/Page_Store/select_--Select--BA50' counted

2018-05-16 20:00:06 - [TEST_STEP][PASSED] - Statement - For ([g = 1, g <= BatchNumber - 1, (g++)]): null

2018-05-16 20:00:06 - [TEST_STEP][PASSED] - selectOptionByIndex: All options with index in [1] are selected on object 'Object Repository/PharmacyRequest/Page_Store/select_--Select--BA50'

2018-05-16 20:00:06 - [MESSAGE][PASSED] - All options with index in [1] are selected on object 'Object Repository/PharmacyRequest/Page_Store/select_--Select--BA50'

2018-05-16 20:00:06 - [TEST_STEP][PASSED] - delay: Delayed 1 second(s)

2018-05-16 20:00:07 - [MESSAGE][PASSED] - Delayed 1 second(s)

2018-05-16 20:00:07 - [TEST_STEP][PASSED] - Statement - StockQty = com.kms.katalon.core.webui.keyword.WebUiBuiltInKeywords.getAttribute(com.kms.katalon.core.testobject.ObjectRepository.findTestObject(PharmacyRequest/Page_Store/input_txtprice), "value"): Attribute 'value' of object 'Object Repository/PharmacyRequest/Page_Store/input_txtprice' is: '100'

2018-05-16 20:00:07 - [MESSAGE][PASSED] - Attribute 'value' of object 'Object Repository/PharmacyRequest/Page_Store/input_txtprice' is: '100'

2018-05-16 20:00:07 - [TEST_STEP][PASSED] - Statement - out.println("Stock QTY : " + StockQty): null

2018-05-16 20:00:07 - [TEST_STEP][PASSED] - delay: Delayed 1 second(s)

2018-05-16 20:00:08 - [MESSAGE][PASSED] - Delayed 1 second(s)

2018-05-16 20:00:08 - [TEST_STEP][PASSED] - Statement - If (java.lang.Integer.valueOf(StockQty) >= java.lang.Integer.valueOf(RequestedQty)): null

2018-05-16 20:00:08 - [TEST_STEP][PASSED] - setText: Text '10' is set on object 'Object Repository/PharmacyRequest/Page_Store/input_txtqty'

2018-05-16 20:00:09 - [MESSAGE][PASSED] - Text '10' is set on object 'Object Repository/PharmacyRequest/Page_Store/input_txtqty'

2018-05-16 20:00:09 - [TEST_STEP][PASSED] - click: Object: 'Object Repository/PharmacyRequest/Page_Store/button_Add' is clicked on

2018-05-16 20:00:09 - [MESSAGE][PASSED] - Object: 'Object Repository/PharmacyRequest/Page_Store/button_Add' is clicked on

2018-05-16 20:00:09 - [TEST_STEP][PASSED] - Statement - Break: null

2018-05-16 20:00:09 - [TEST_STEP][PASSED] - selectOptionByIndex: All options with index in [7] are selected on object 'Object Repository/PharmacyRequest/Page_Store/select_--Select--Amlodepin -5'

2018-05-16 20:00:09 - [MESSAGE][PASSED] - All options with index in [7] are selected on object 'Object Repository/PharmacyRequest/Page_Store/select_--Select--Amlodepin -5'

2018-05-16 20:00:09 - [TEST_STEP][PASSED] - delay: Delayed 1 second(s)

2018-05-16 20:00:10 - [MESSAGE][PASSED] - Delayed 1 second(s)

2018-05-16 20:00:10 - [TEST_STEP][PASSED] - Statement - RequestedQty = com.kms.katalon.core.webui.keyword.WebUiBuiltInKeywords.getAttribute(com.kms.katalon.core.testobject.ObjectRepository.findTestObject(PharmacyRequest/Page_Store/input_txttotal), "value"): Attribute 'value' of object 'Object Repository/PharmacyRequest/Page_Store/input_txttotal' is: '10'

2018-05-16 20:00:10 - [MESSAGE][PASSED] - Attribute 'value' of object 'Object Repository/PharmacyRequest/Page_Store/input_txttotal' is: '10'

2018-05-16 20:00:10 - [TEST_STEP][PASSED] - Statement - out.println("Requested QTY : " + RequestedQty): null

2018-05-16 20:00:10 - [TEST_STEP][PASSED] - Statement - BatchNumber = com.kms.katalon.core.webui.keyword.WebUiBuiltInKeywords.getNumberOfTotalOption(com.kms.katalon.core.testobject.ObjectRepository.findTestObject(PharmacyRequest/Page_Store/select_--Select--BA50)): 3 options of object 'Object Repository/PharmacyRequest/Page_Store/select_--Select--BA50' counted

2018-05-16 20:00:10 - [MESSAGE][PASSED] - 3 options of object 'Object Repository/PharmacyRequest/Page_Store/select_--Select--BA50' counted

2018-05-16 20:00:10 - [TEST_STEP][PASSED] - Statement - For ([g = 1, g <= BatchNumber - 1, (g++)]): null

2018-05-16 20:00:10 - [TEST_STEP][PASSED] - selectOptionByIndex: All options with index in [1] are selected on object 'Object Repository/PharmacyRequest/Page_Store/select_--Select--BA50'

2018-05-16 20:00:10 - [MESSAGE][PASSED] - All options with index in [1] are selected on object 'Object Repository/PharmacyRequest/Page_Store/select_--Select--BA50'

2018-05-16 20:00:10 - [TEST_STEP][PASSED] - delay: Delayed 1 second(s)

2018-05-16 20:00:11 - [MESSAGE][PASSED] - Delayed 1 second(s)

2018-05-16 20:00:11 - [TEST_STEP][PASSED] - Statement - StockQty = com.kms.katalon.core.webui.keyword.WebUiBuiltInKeywords.getAttribute(com.kms.katalon.core.testobject.ObjectRepository.findTestObject(PharmacyRequest/Page_Store/input_txtprice), "value"): Attribute 'value' of object 'Object Repository/PharmacyRequest/Page_Store/input_txtprice' is: '100'

2018-05-16 20:00:11 - [MESSAGE][PASSED] - Attribute 'value' of object 'Object Repository/PharmacyRequest/Page_Store/input_txtprice' is: '100'

2018-05-16 20:00:11 - [TEST_STEP][PASSED] - Statement - out.println("Stock QTY : " + StockQty): null

2018-05-16 20:00:11 - [TEST_STEP][PASSED] - delay: Delayed 1 second(s)

2018-05-16 20:00:12 - [MESSAGE][PASSED] - Delayed 1 second(s)

2018-05-16 20:00:12 - [TEST_STEP][PASSED] - Statement - If (java.lang.Integer.valueOf(StockQty) >= java.lang.Integer.valueOf(RequestedQty)): null

2018-05-16 20:00:12 - [TEST_STEP][PASSED] - setText: Text '10' is set on object 'Object Repository/PharmacyRequest/Page_Store/input_txtqty'

2018-05-16 20:00:12 - [MESSAGE][PASSED] - Text '10' is set on object 'Object Repository/PharmacyRequest/Page_Store/input_txtqty'

2018-05-16 20:00:12 - [TEST_STEP][PASSED] - click: Object: 'Object Repository/PharmacyRequest/Page_Store/button_Add' is clicked on

2018-05-16 20:00:12 - [MESSAGE][PASSED] - Object: 'Object Repository/PharmacyRequest/Page_Store/button_Add' is clicked on

2018-05-16 20:00:12 - [TEST_STEP][PASSED] - Statement - Break: null

2018-05-16 20:00:12 - [TEST_STEP][PASSED] - selectOptionByIndex: All options with index in [8] are selected on object 'Object Repository/PharmacyRequest/Page_Store/select_--Select--Amlodepin -5'

2018-05-16 20:00:12 - [MESSAGE][PASSED] - All options with index in [8] are selected on object 'Object Repository/PharmacyRequest/Page_Store/select_--Select--Amlodepin -5'

2018-05-16 20:00:12 - [TEST_STEP][PASSED] - delay: Delayed 1 second(s)

2018-05-16 20:00:13 - [MESSAGE][PASSED] - Delayed 1 second(s)

2018-05-16 20:00:13 - [TEST_STEP][PASSED] - Statement - RequestedQty = com.kms.katalon.core.webui.keyword.WebUiBuiltInKeywords.getAttribute(com.kms.katalon.core.testobject.ObjectRepository.findTestObject(PharmacyRequest/Page_Store/input_txttotal), "value"): Attribute 'value' of object 'Object Repository/PharmacyRequest/Page_Store/input_txttotal' is: '10'

2018-05-16 20:00:13 - [MESSAGE][PASSED] - Attribute 'value' of object 'Object Repository/PharmacyRequest/Page_Store/input_txttotal' is: '10'

2018-05-16 20:00:13 - [TEST_STEP][PASSED] - Statement - out.println("Requested QTY : " + RequestedQty): null

2018-05-16 20:00:13 - [TEST_STEP][PASSED] - Statement - BatchNumber = com.kms.katalon.core.webui.keyword.WebUiBuiltInKeywords.getNumberOfTotalOption(com.kms.katalon.core.testobject.ObjectRepository.findTestObject(PharmacyRequest/Page_Store/select_--Select--BA50)): 2 options of object 'Object Repository/PharmacyRequest/Page_Store/select_--Select--BA50' counted

2018-05-16 20:00:13 - [MESSAGE][PASSED] - 2 options of object 'Object Repository/PharmacyRequest/Page_Store/select_--Select--BA50' counted

2018-05-16 20:00:13 - [TEST_STEP][PASSED] - Statement - For ([g = 1, g <= BatchNumber - 1, (g++)]): null

2018-05-16 20:00:13 - [TEST_STEP][PASSED] - selectOptionByIndex: All options with index in [1] are selected on object 'Object Repository/PharmacyRequest/Page_Store/select_--Select--BA50'

2018-05-16 20:00:14 - [MESSAGE][PASSED] - All options with index in [1] are selected on object 'Object Repository/PharmacyRequest/Page_Store/select_--Select--BA50'

2018-05-16 20:00:14 - [TEST_STEP][PASSED] - delay: Delayed 1 second(s)

2018-05-16 20:00:15 - [MESSAGE][PASSED] - Delayed 1 second(s)

2018-05-16 20:00:15 - [TEST_STEP][PASSED] - Statement - StockQty = com.kms.katalon.core.webui.keyword.WebUiBuiltInKeywords.getAttribute(com.kms.katalon.core.testobject.ObjectRepository.findTestObject(PharmacyRequest/Page_Store/input_txtprice), "value"): Attribute 'value' of object 'Object Repository/PharmacyRequest/Page_Store/input_txtprice' is: '1055'

2018-05-16 20:00:15 - [MESSAGE][PASSED] - Attribute 'value' of object 'Object Repository/PharmacyRequest/Page_Store/input_txtprice' is: '1055'

2018-05-16 20:00:15 - [TEST_STEP][PASSED] - Statement - out.println("Stock QTY : " + StockQty): null

2018-05-16 20:00:15 - [TEST_STEP][PASSED] - delay: Delayed 1 second(s)

2018-05-16 20:00:16 - [MESSAGE][PASSED] - Delayed 1 second(s)

2018-05-16 20:00:16 - [TEST_STEP][PASSED] - Statement - If (java.lang.Integer.valueOf(StockQty) >= java.lang.Integer.valueOf(RequestedQty)): null

2018-05-16 20:00:16 - [TEST_STEP][PASSED] - setText: Text '10' is set on object 'Object Repository/PharmacyRequest/Page_Store/input_txtqty'

2018-05-16 20:00:16 - [MESSAGE][PASSED] - Text '10' is set on object 'Object Repository/PharmacyRequest/Page_Store/input_txtqty'

2018-05-16 20:00:16 - [TEST_STEP][PASSED] - click: Object: 'Object Repository/PharmacyRequest/Page_Store/button_Add' is clicked on

2018-05-16 20:00:16 - [MESSAGE][PASSED] - Object: 'Object Repository/PharmacyRequest/Page_Store/button_Add' is clicked on

2018-05-16 20:00:16 - [TEST_STEP][PASSED] - Statement - Break: null

2018-05-16 20:00:16 - [TEST_STEP][PASSED] - selectOptionByIndex: All options with index in [9] are selected on object 'Object Repository/PharmacyRequest/Page_Store/select_--Select--Amlodepin -5'

2018-05-16 20:00:16 - [MESSAGE][PASSED] - All options with index in [9] are selected on object 'Object Repository/PharmacyRequest/Page_Store/select_--Select--Amlodepin -5'

2018-05-16 20:00:16 - [TEST_STEP][PASSED] - delay: Delayed 1 second(s)

2018-05-16 20:00:17 - [MESSAGE][PASSED] - Delayed 1 second(s)

2018-05-16 20:00:17 - [TEST_STEP][PASSED] - Statement - RequestedQty = com.kms.katalon.core.webui.keyword.WebUiBuiltInKeywords.getAttribute(com.kms.katalon.core.testobject.ObjectRepository.findTestObject(PharmacyRequest/Page_Store/input_txttotal), "value"): Attribute 'value' of object 'Object Repository/PharmacyRequest/Page_Store/input_txttotal' is: '10'

2018-05-16 20:00:17 - [MESSAGE][PASSED] - Attribute 'value' of object 'Object Repository/PharmacyRequest/Page_Store/input_txttotal' is: '10'

2018-05-16 20:00:17 - [TEST_STEP][PASSED] - Statement - out.println("Requested QTY : " + RequestedQty): null

2018-05-16 20:00:17 - [TEST_STEP][PASSED] - Statement - BatchNumber = com.kms.katalon.core.webui.keyword.WebUiBuiltInKeywords.getNumberOfTotalOption(com.kms.katalon.core.testobject.ObjectRepository.findTestObject(PharmacyRequest/Page_Store/select_--Select--BA50)): 3 options of object 'Object Repository/PharmacyRequest/Page_Store/select_--Select--BA50' counted

2018-05-16 20:00:17 - [MESSAGE][PASSED] - 3 options of object 'Object Repository/PharmacyRequest/Page_Store/select_--Select--BA50' counted

2018-05-16 20:00:17 - [TEST_STEP][PASSED] - Statement - For ([g = 1, g <= BatchNumber - 1, (g++)]): null

2018-05-16 20:00:17 - [TEST_STEP][PASSED] - selectOptionByIndex: All options with index in [1] are selected on object 'Object Repository/PharmacyRequest/Page_Store/select_--Select--BA50'

2018-05-16 20:00:17 - [MESSAGE][PASSED] - All options with index in [1] are selected on object 'Object Repository/PharmacyRequest/Page_Store/select_--Select--BA50'

2018-05-16 20:00:17 - [TEST_STEP][PASSED] - delay: Delayed 1 second(s)

2018-05-16 20:00:18 - [MESSAGE][PASSED] - Delayed 1 second(s)

2018-05-16 20:00:18 - [TEST_STEP][PASSED] - Statement - StockQty = com.kms.katalon.core.webui.keyword.WebUiBuiltInKeywords.getAttribute(com.kms.katalon.core.testobject.ObjectRepository.findTestObject(PharmacyRequest/Page_Store/input_txtprice), "value"): Attribute 'value' of object 'Object Repository/PharmacyRequest/Page_Store/input_txtprice' is: '100'

2018-05-16 20:00:18 - [MESSAGE][PASSED] - Attribute 'value' of object 'Object Repository/PharmacyRequest/Page_Store/input_txtprice' is: '100'

2018-05-16 20:00:18 - [TEST_STEP][PASSED] - Statement - out.println("Stock QTY : " + StockQty): null

2018-05-16 20:00:18 - [TEST_STEP][PASSED] - delay: Delayed 1 second(s)

2018-05-16 20:00:19 - [MESSAGE][PASSED] - Delayed 1 second(s)

2018-05-16 20:00:19 - [TEST_STEP][PASSED] - Statement - If (java.lang.Integer.valueOf(StockQty) >= java.lang.Integer.valueOf(RequestedQty)): null

2018-05-16 20:00:19 - [TEST_STEP][PASSED] - setText: Text '10' is set on object 'Object Repository/PharmacyRequest/Page_Store/input_txtqty'

2018-05-16 20:00:19 - [MESSAGE][PASSED] - Text '10' is set on object 'Object Repository/PharmacyRequest/Page_Store/input_txtqty'

2018-05-16 20:00:19 - [TEST_STEP][PASSED] - click: Object: 'Object Repository/PharmacyRequest/Page_Store/button_Add' is clicked on

2018-05-16 20:00:19 - [MESSAGE][PASSED] - Object: 'Object Repository/PharmacyRequest/Page_Store/button_Add' is clicked on

2018-05-16 20:00:19 - [TEST_STEP][PASSED] - Statement - Break: null

2018-05-16 20:00:19 - [TEST_STEP][PASSED] - selectOptionByIndex: All options with index in [10] are selected on object 'Object Repository/PharmacyRequest/Page_Store/select_--Select--Amlodepin -5'

2018-05-16 20:00:20 - [MESSAGE][PASSED] - All options with index in [10] are selected on object 'Object Repository/PharmacyRequest/Page_Store/select_--Select--Amlodepin -5'

2018-05-16 20:00:20 - [TEST_STEP][PASSED] - delay: Delayed 1 second(s)

2018-05-16 20:00:21 - [MESSAGE][PASSED] - Delayed 1 second(s)

2018-05-16 20:00:21 - [TEST_STEP][PASSED] - Statement - RequestedQty = com.kms.katalon.core.webui.keyword.WebUiBuiltInKeywords.getAttribute(com.kms.katalon.core.testobject.ObjectRepository.findTestObject(PharmacyRequest/Page_Store/input_txttotal), "value"): Attribute 'value' of object 'Object Repository/PharmacyRequest/Page_Store/input_txttotal' is: '10'

2018-05-16 20:00:21 - [MESSAGE][PASSED] - Attribute 'value' of object 'Object Repository/PharmacyRequest/Page_Store/input_txttotal' is: '10'

2018-05-16 20:00:21 - [TEST_STEP][PASSED] - Statement - out.println("Requested QTY : " + RequestedQty): null

2018-05-16 20:00:21 - [TEST_STEP][PASSED] - Statement - BatchNumber = com.kms.katalon.core.webui.keyword.WebUiBuiltInKeywords.getNumberOfTotalOption(com.kms.katalon.core.testobject.ObjectRepository.findTestObject(PharmacyRequest/Page_Store/select_--Select--BA50)): 2 options of object 'Object Repository/PharmacyRequest/Page_Store/select_--Select--BA50' counted

2018-05-16 20:00:21 - [MESSAGE][PASSED] - 2 options of object 'Object Repository/PharmacyRequest/Page_Store/select_--Select--BA50' counted

2018-05-16 20:00:21 - [TEST_STEP][PASSED] - Statement - For ([g = 1, g <= BatchNumber - 1, (g++)]): null

2018-05-16 20:00:21 - [TEST_STEP][PASSED] - selectOptionByIndex: All options with index in [1] are selected on object 'Object Repository/PharmacyRequest/Page_Store/select_--Select--BA50'

2018-05-16 20:00:21 - [MESSAGE][PASSED] - All options with index in [1] are selected on object 'Object Repository/PharmacyRequest/Page_Store/select_--Select--BA50'

2018-05-16 20:00:21 - [TEST_STEP][PASSED] - delay: Delayed 1 second(s)

2018-05-16 20:00:22 - [MESSAGE][PASSED] - Delayed 1 second(s)

2018-05-16 20:00:22 - [TEST_STEP][PASSED] - Statement - StockQty = com.kms.katalon.core.webui.keyword.WebUiBuiltInKeywords.getAttribute(com.kms.katalon.core.testobject.ObjectRepository.findTestObject(PharmacyRequest/Page_Store/input_txtprice), "value"): Attribute 'value' of object 'Object Repository/PharmacyRequest/Page_Store/input_txtprice' is: '929'

2018-05-16 20:00:22 - [MESSAGE][PASSED] - Attribute 'value' of object 'Object Repository/PharmacyRequest/Page_Store/input_txtprice' is: '929'

2018-05-16 20:00:22 - [TEST_STEP][PASSED] - Statement - out.println("Stock QTY : " + StockQty): null

2018-05-16 20:00:22 - [TEST_STEP][PASSED] - delay: Delayed 1 second(s)

2018-05-16 20:00:23 - [MESSAGE][PASSED] - Delayed 1 second(s)

2018-05-16 20:00:23 - [TEST_STEP][PASSED] - Statement - If (java.lang.Integer.valueOf(StockQty) >= java.lang.Integer.valueOf(RequestedQty)): null

2018-05-16 20:00:23 - [TEST_STEP][PASSED] - setText: Text '10' is set on object 'Object Repository/PharmacyRequest/Page_Store/input_txtqty'

2018-05-16 20:00:23 - [MESSAGE][PASSED] - Text '10' is set on object 'Object Repository/PharmacyRequest/Page_Store/input_txtqty'

2018-05-16 20:00:23 - [TEST_STEP][PASSED] - click: Object: 'Object Repository/PharmacyRequest/Page_Store/button_Add' is clicked on

2018-05-16 20:00:23 - [MESSAGE][PASSED] - Object: 'Object Repository/PharmacyRequest/Page_Store/button_Add' is clicked on

2018-05-16 20:00:23 - [TEST_STEP][PASSED] - Statement - Break: null

2018-05-16 20:00:23 - [TEST_STEP][PASSED] - selectOptionByIndex: All options with index in [11] are selected on object 'Object Repository/PharmacyRequest/Page_Store/select_--Select--Amlodepin -5'

2018-05-16 20:00:23 - [MESSAGE][PASSED] - All options with index in [11] are selected on object 'Object Repository/PharmacyRequest/Page_Store/select_--Select--Amlodepin -5'

2018-05-16 20:00:23 - [TEST_STEP][PASSED] - delay: Delayed 1 second(s)

2018-05-16 20:00:24 - [MESSAGE][PASSED] - Delayed 1 second(s)

2018-05-16 20:00:24 - [TEST_STEP][PASSED] - Statement - RequestedQty = com.kms.katalon.core.webui.keyword.WebUiBuiltInKeywords.getAttribute(com.kms.katalon.core.testobject.ObjectRepository.findTestObject(PharmacyRequest/Page_Store/input_txttotal), "value"): Attribute 'value' of object 'Object Repository/PharmacyRequest/Page_Store/input_txttotal' is: '10'

2018-05-16 20:00:24 - [MESSAGE][PASSED] - Attribute 'value' of object 'Object Repository/PharmacyRequest/Page_Store/input_txttotal' is: '10'

2018-05-16 20:00:24 - [TEST_STEP][PASSED] - Statement - out.println("Requested QTY : " + RequestedQty): null

2018-05-16 20:00:24 - [TEST_STEP][PASSED] - Statement - BatchNumber = com.kms.katalon.core.webui.keyword.WebUiBuiltInKeywords.getNumberOfTotalOption(com.kms.katalon.core.testobject.ObjectRepository.findTestObject(PharmacyRequest/Page_Store/select_--Select--BA50)): 3 options of object 'Object Repository/PharmacyRequest/Page_Store/select_--Select--BA50' counted

2018-05-16 20:00:24 - [MESSAGE][PASSED] - 3 options of object 'Object Repository/PharmacyRequest/Page_Store/select_--Select--BA50' counted

2018-05-16 20:00:24 - [TEST_STEP][PASSED] - Statement - For ([g = 1, g <= BatchNumber - 1, (g++)]): null

2018-05-16 20:00:24 - [TEST_STEP][PASSED] - selectOptionByIndex: All options with index in [1] are selected on object 'Object Repository/PharmacyRequest/Page_Store/select_--Select--BA50'

2018-05-16 20:00:24 - [MESSAGE][PASSED] - All options with index in [1] are selected on object 'Object Repository/PharmacyRequest/Page_Store/select_--Select--BA50'

2018-05-16 20:00:24 - [TEST_STEP][PASSED] - delay: Delayed 1 second(s)

2018-05-16 20:00:25 - [MESSAGE][PASSED] - Delayed 1 second(s)

2018-05-16 20:00:25 - [TEST_STEP][PASSED] - Statement - StockQty = com.kms.katalon.core.webui.keyword.WebUiBuiltInKeywords.getAttribute(com.kms.katalon.core.testobject.ObjectRepository.findTestObject(PharmacyRequest/Page_Store/input_txtprice), "value"): Attribute 'value' of object 'Object Repository/PharmacyRequest/Page_Store/input_txtprice' is: '100'

2018-05-16 20:00:25 - [MESSAGE][PASSED] - Attribute 'value' of object 'Object Repository/PharmacyRequest/Page_Store/input_txtprice' is: '100'

2018-05-16 20:00:25 - [TEST_STEP][PASSED] - Statement - out.println("Stock QTY : " + StockQty): null

2018-05-16 20:00:25 - [TEST_STEP][PASSED] - delay: Delayed 1 second(s)

2018-05-16 20:00:26 - [MESSAGE][PASSED] - Delayed 1 second(s)

2018-05-16 20:00:26 - [TEST_STEP][PASSED] - Statement - If (java.lang.Integer.valueOf(StockQty) >= java.lang.Integer.valueOf(RequestedQty)): null

2018-05-16 20:00:26 - [TEST_STEP][PASSED] - setText: Text '10' is set on object 'Object Repository/PharmacyRequest/Page_Store/input_txtqty'

2018-05-16 20:00:27 - [MESSAGE][PASSED] - Text '10' is set on object 'Object Repository/PharmacyRequest/Page_Store/input_txtqty'

2018-05-16 20:00:27 - [TEST_STEP][PASSED] - click: Object: 'Object Repository/PharmacyRequest/Page_Store/button_Add' is clicked on

2018-05-16 20:00:27 - [MESSAGE][PASSED] - Object: 'Object Repository/PharmacyRequest/Page_Store/button_Add' is clicked on

2018-05-16 20:00:27 - [TEST_STEP][PASSED] - Statement - Break: null

2018-05-16 20:00:27 - [TEST_STEP][PASSED] - selectOptionByIndex: All options with index in [12] are selected on object 'Object Repository/PharmacyRequest/Page_Store/select_--Select--Amlodepin -5'

2018-05-16 20:00:27 - [MESSAGE][PASSED] - All options with index in [12] are selected on object 'Object Repository/PharmacyRequest/Page_Store/select_--Select--Amlodepin -5'

2018-05-16 20:00:27 - [TEST_STEP][PASSED] - delay: Delayed 1 second(s)

2018-05-16 20:00:28 - [MESSAGE][PASSED] - Delayed 1 second(s)

2018-05-16 20:00:28 - [TEST_STEP][PASSED] - Statement - RequestedQty = com.kms.katalon.core.webui.keyword.WebUiBuiltInKeywords.getAttribute(com.kms.katalon.core.testobject.ObjectRepository.findTestObject(PharmacyRequest/Page_Store/input_txttotal), "value"): Attribute 'value' of object 'Object Repository/PharmacyRequest/Page_Store/input_txttotal' is: '10'

2018-05-16 20:00:28 - [MESSAGE][PASSED] - Attribute 'value' of object 'Object Repository/PharmacyRequest/Page_Store/input_txttotal' is: '10'

2018-05-16 20:00:28 - [TEST_STEP][PASSED] - Statement - out.println("Requested QTY : " + RequestedQty): null

2018-05-16 20:00:28 - [TEST_STEP][PASSED] - Statement - BatchNumber = com.kms.katalon.core.webui.keyword.WebUiBuiltInKeywords.getNumberOfTotalOption(com.kms.katalon.core.testobject.ObjectRepository.findTestObject(PharmacyRequest/Page_Store/select_--Select--BA50)): 3 options of object 'Object Repository/PharmacyRequest/Page_Store/select_--Select--BA50' counted

2018-05-16 20:00:28 - [MESSAGE][PASSED] - 3 options of object 'Object Repository/PharmacyRequest/Page_Store/select_--Select--BA50' counted

2018-05-16 20:00:28 - [TEST_STEP][PASSED] - Statement - For ([g = 1, g <= BatchNumber - 1, (g++)]): null

2018-05-16 20:00:28 - [TEST_STEP][PASSED] - selectOptionByIndex: All options with index in [1] are selected on object 'Object Repository/PharmacyRequest/Page_Store/select_--Select--BA50'

2018-05-16 20:00:28 - [MESSAGE][PASSED] - All options with index in [1] are selected on object 'Object Repository/PharmacyRequest/Page_Store/select_--Select--BA50'

2018-05-16 20:00:28 - [TEST_STEP][PASSED] - delay: Delayed 1 second(s)

2018-05-16 20:00:29 - [MESSAGE][PASSED] - Delayed 1 second(s)

2018-05-16 20:00:29 - [TEST_STEP][PASSED] - Statement - StockQty = com.kms.katalon.core.webui.keyword.WebUiBuiltInKeywords.getAttribute(com.kms.katalon.core.testobject.ObjectRepository.findTestObject(PharmacyRequest/Page_Store/input_txtprice), "value"): Attribute 'value' of object 'Object Repository/PharmacyRequest/Page_Store/input_txtprice' is: '100'

2018-05-16 20:00:29 - [MESSAGE][PASSED] - Attribute 'value' of object 'Object Repository/PharmacyRequest/Page_Store/input_txtprice' is: '100'

2018-05-16 20:00:29 - [TEST_STEP][PASSED] - Statement - out.println("Stock QTY : " + StockQty): null

2018-05-16 20:00:29 - [TEST_STEP][PASSED] - delay: Delayed 1 second(s)

2018-05-16 20:00:30 - [MESSAGE][PASSED] - Delayed 1 second(s)

2018-05-16 20:00:30 - [TEST_STEP][PASSED] - Statement - If (java.lang.Integer.valueOf(StockQty) >= java.lang.Integer.valueOf(RequestedQty)): null

2018-05-16 20:00:30 - [TEST_STEP][PASSED] - setText: Text '10' is set on object 'Object Repository/PharmacyRequest/Page_Store/input_txtqty'

2018-05-16 20:00:30 - [MESSAGE][PASSED] - Text '10' is set on object 'Object Repository/PharmacyRequest/Page_Store/input_txtqty'

2018-05-16 20:00:30 - [TEST_STEP][PASSED] - click: Object: 'Object Repository/PharmacyRequest/Page_Store/button_Add' is clicked on

2018-05-16 20:00:30 - [MESSAGE][PASSED] - Object: 'Object Repository/PharmacyRequest/Page_Store/button_Add' is clicked on

2018-05-16 20:00:30 - [TEST_STEP][PASSED] - Statement - Break: null

2018-05-16 20:00:30 - [TEST_STEP][PASSED] - selectOptionByIndex: All options with index in [13] are selected on object 'Object Repository/PharmacyRequest/Page_Store/select_--Select--Amlodepin -5'

2018-05-16 20:00:30 - [MESSAGE][PASSED] - All options with index in [13] are selected on object 'Object Repository/PharmacyRequest/Page_Store/select_--Select--Amlodepin -5'

2018-05-16 20:00:30 - [TEST_STEP][PASSED] - delay: Delayed 1 second(s)

2018-05-16 20:00:31 - [MESSAGE][PASSED] - Delayed 1 second(s)

2018-05-16 20:00:31 - [TEST_STEP][PASSED] - Statement - RequestedQty = com.kms.katalon.core.webui.keyword.WebUiBuiltInKeywords.getAttribute(com.kms.katalon.core.testobject.ObjectRepository.findTestObject(PharmacyRequest/Page_Store/input_txttotal), "value"): Attribute 'value' of object 'Object Repository/PharmacyRequest/Page_Store/input_txttotal' is: '10'

2018-05-16 20:00:31 - [MESSAGE][PASSED] - Attribute 'value' of object 'Object Repository/PharmacyRequest/Page_Store/input_txttotal' is: '10'

2018-05-16 20:00:31 - [TEST_STEP][PASSED] - Statement - out.println("Requested QTY : " + RequestedQty): null

2018-05-16 20:00:31 - [TEST_STEP][PASSED] - Statement - BatchNumber = com.kms.katalon.core.webui.keyword.WebUiBuiltInKeywords.getNumberOfTotalOption(com.kms.katalon.core.testobject.ObjectRepository.findTestObject(PharmacyRequest/Page_Store/select_--Select--BA50)): 3 options of object 'Object Repository/PharmacyRequest/Page_Store/select_--Select--BA50' counted

2018-05-16 20:00:32 - [MESSAGE][PASSED] - 3 options of object 'Object Repository/PharmacyRequest/Page_Store/select_--Select--BA50' counted

2018-05-16 20:00:32 - [TEST_STEP][PASSED] - Statement - For ([g = 1, g <= BatchNumber - 1, (g++)]): null

2018-05-16 20:00:32 - [TEST_STEP][PASSED] - selectOptionByIndex: All options with index in [1] are selected on object 'Object Repository/PharmacyRequest/Page_Store/select_--Select--BA50'

2018-05-16 20:00:32 - [MESSAGE][PASSED] - All options with index in [1] are selected on object 'Object Repository/PharmacyRequest/Page_Store/select_--Select--BA50'

2018-05-16 20:00:32 - [TEST_STEP][PASSED] - delay: Delayed 1 second(s)

2018-05-16 20:00:33 - [MESSAGE][PASSED] - Delayed 1 second(s)

2018-05-16 20:00:33 - [TEST_STEP][PASSED] - Statement - StockQty = com.kms.katalon.core.webui.keyword.WebUiBuiltInKeywords.getAttribute(com.kms.katalon.core.testobject.ObjectRepository.findTestObject(PharmacyRequest/Page_Store/input_txtprice), "value"): Attribute 'value' of object 'Object Repository/PharmacyRequest/Page_Store/input_txtprice' is: '100'

2018-05-16 20:00:33 - [MESSAGE][PASSED] - Attribute 'value' of object 'Object Repository/PharmacyRequest/Page_Store/input_txtprice' is: '100'

2018-05-16 20:00:33 - [TEST_STEP][PASSED] - Statement - out.println("Stock QTY : " + StockQty): null

2018-05-16 20:00:33 - [TEST_STEP][PASSED] - delay: Delayed 1 second(s)

2018-05-16 20:00:34 - [MESSAGE][PASSED] - Delayed 1 second(s)

2018-05-16 20:00:34 - [TEST_STEP][PASSED] - Statement - If (java.lang.Integer.valueOf(StockQty) >= java.lang.Integer.valueOf(RequestedQty)): null

2018-05-16 20:00:34 - [TEST_STEP][PASSED] - setText: Text '10' is set on object 'Object Repository/PharmacyRequest/Page_Store/input_txtqty'

2018-05-16 20:00:34 - [MESSAGE][PASSED] - Text '10' is set on object 'Object Repository/PharmacyRequest/Page_Store/input_txtqty'

2018-05-16 20:00:34 - [TEST_STEP][PASSED] - click: Object: 'Object Repository/PharmacyRequest/Page_Store/button_Add' is clicked on

2018-05-16 20:00:34 - [MESSAGE][PASSED] - Object: 'Object Repository/PharmacyRequest/Page_Store/button_Add' is clicked on

2018-05-16 20:00:34 - [TEST_STEP][PASSED] - Statement - Break: null

2018-05-16 20:00:34 - [TEST_STEP][PASSED] - selectOptionByIndex: All options with index in [14] are selected on object 'Object Repository/PharmacyRequest/Page_Store/select_--Select--Amlodepin -5'

2018-05-16 20:00:34 - [MESSAGE][PASSED] - All options with index in [14] are selected on object 'Object Repository/PharmacyRequest/Page_Store/select_--Select--Amlodepin -5'

2018-05-16 20:00:34 - [TEST_STEP][PASSED] - delay: Delayed 1 second(s)

2018-05-16 20:00:35 - [MESSAGE][PASSED] - Delayed 1 second(s)

2018-05-16 20:00:35 - [TEST_STEP][PASSED] - Statement - RequestedQty = com.kms.katalon.core.webui.keyword.WebUiBuiltInKeywords.getAttribute(com.kms.katalon.core.testobject.ObjectRepository.findTestObject(PharmacyRequest/Page_Store/input_txttotal), "value"): Attribute 'value' of object 'Object Repository/PharmacyRequest/Page_Store/input_txttotal' is: '10'

2018-05-16 20:00:35 - [MESSAGE][PASSED] - Attribute 'value' of object 'Object Repository/PharmacyRequest/Page_Store/input_txttotal' is: '10'

2018-05-16 20:00:35 - [TEST_STEP][PASSED] - Statement - out.println("Requested QTY : " + RequestedQty): null

2018-05-16 20:00:35 - [TEST_STEP][PASSED] - Statement - BatchNumber = com.kms.katalon.core.webui.keyword.WebUiBuiltInKeywords.getNumberOfTotalOption(com.kms.katalon.core.testobject.ObjectRepository.findTestObject(PharmacyRequest/Page_Store/select_--Select--BA50)): 3 options of object 'Object Repository/PharmacyRequest/Page_Store/select_--Select--BA50' counted

2018-05-16 20:00:35 - [MESSAGE][PASSED] - 3 options of object 'Object Repository/PharmacyRequest/Page_Store/select_--Select--BA50' counted

2018-05-16 20:00:35 - [TEST_STEP][PASSED] - Statement - For ([g = 1, g <= BatchNumber - 1, (g++)]): null

2018-05-16 20:00:35 - [TEST_STEP][PASSED] - selectOptionByIndex: All options with index in [1] are selected on object 'Object Repository/PharmacyRequest/Page_Store/select_--Select--BA50'

2018-05-16 20:00:35 - [MESSAGE][PASSED] - All options with index in [1] are selected on object 'Object Repository/PharmacyRequest/Page_Store/select_--Select--BA50'

2018-05-16 20:00:35 - [TEST_STEP][PASSED] - delay: Delayed 1 second(s)

2018-05-16 20:00:36 - [MESSAGE][PASSED] - Delayed 1 second(s)

2018-05-16 20:00:36 - [TEST_STEP][PASSED] - Statement - StockQty = com.kms.katalon.core.webui.keyword.WebUiBuiltInKeywords.getAttribute(com.kms.katalon.core.testobject.ObjectRepository.findTestObject(PharmacyRequest/Page_Store/input_txtprice), "value"): Attribute 'value' of object 'Object Repository/PharmacyRequest/Page_Store/input_txtprice' is: '100'

2018-05-16 20:00:36 - [MESSAGE][PASSED] - Attribute 'value' of object 'Object Repository/PharmacyRequest/Page_Store/input_txtprice' is: '100'

2018-05-16 20:00:36 - [TEST_STEP][PASSED] - Statement - out.println("Stock QTY : " + StockQty): null

2018-05-16 20:00:36 - [TEST_STEP][PASSED] - delay: Delayed 1 second(s)

2018-05-16 20:00:37 - [MESSAGE][PASSED] - Delayed 1 second(s)

2018-05-16 20:00:37 - [TEST_STEP][PASSED] - Statement - If (java.lang.Integer.valueOf(StockQty) >= java.lang.Integer.valueOf(RequestedQty)): null

2018-05-16 20:00:37 - [TEST_STEP][PASSED] - setText: Text '10' is set on object 'Object Repository/PharmacyRequest/Page_Store/input_txtqty'

2018-05-16 20:00:37 - [MESSAGE][PASSED] - Text '10' is set on object 'Object Repository/PharmacyRequest/Page_Store/input_txtqty'

2018-05-16 20:00:37 - [TEST_STEP][PASSED] - click: Object: 'Object Repository/PharmacyRequest/Page_Store/button_Add' is clicked on

2018-05-16 20:00:37 - [MESSAGE][PASSED] - Object: 'Object Repository/PharmacyRequest/Page_Store/button_Add' is clicked on

2018-05-16 20:00:37 - [TEST_STEP][PASSED] - Statement - Break: null

2018-05-16 20:00:37 - [TEST_STEP][PASSED] - selectOptionByIndex: All options with index in [15] are selected on object 'Object Repository/PharmacyRequest/Page_Store/select_--Select--Amlodepin -5'

2018-05-16 20:00:38 - [MESSAGE][PASSED] - All options with index in [15] are selected on object 'Object Repository/PharmacyRequest/Page_Store/select_--Select--Amlodepin -5'

2018-05-16 20:00:38 - [TEST_STEP][PASSED] - delay: Delayed 1 second(s)

2018-05-16 20:00:39 - [MESSAGE][PASSED] - Delayed 1 second(s)

2018-05-16 20:00:39 - [TEST_STEP][PASSED] - Statement - RequestedQty = com.kms.katalon.core.webui.keyword.WebUiBuiltInKeywords.getAttribute(com.kms.katalon.core.testobject.ObjectRepository.findTestObject(PharmacyRequest/Page_Store/input_txttotal), "value"): Attribute 'value' of object 'Object Repository/PharmacyRequest/Page_Store/input_txttotal' is: '10'

2018-05-16 20:00:39 - [MESSAGE][PASSED] - Attribute 'value' of object 'Object Repository/PharmacyRequest/Page_Store/input_txttotal' is: '10'

2018-05-16 20:00:39 - [TEST_STEP][PASSED] - Statement - out.println("Requested QTY : " + RequestedQty): null

2018-05-16 20:00:39 - [TEST_STEP][PASSED] - Statement - BatchNumber = com.kms.katalon.core.webui.keyword.WebUiBuiltInKeywords.getNumberOfTotalOption(com.kms.katalon.core.testobject.ObjectRepository.findTestObject(PharmacyRequest/Page_Store/select_--Select--BA50)): 2 options of object 'Object Repository/PharmacyRequest/Page_Store/select_--Select--BA50' counted

2018-05-16 20:00:39 - [MESSAGE][PASSED] - 2 options of object 'Object Repository/PharmacyRequest/Page_Store/select_--Select--BA50' counted

2018-05-16 20:00:39 - [TEST_STEP][PASSED] - Statement - For ([g = 1, g <= BatchNumber - 1, (g++)]): null

2018-05-16 20:00:39 - [TEST_STEP][PASSED] - selectOptionByIndex: All options with index in [1] are selected on object 'Object Repository/PharmacyRequest/Page_Store/select_--Select--BA50'

2018-05-16 20:00:39 - [MESSAGE][PASSED] - All options with index in [1] are selected on object 'Object Repository/PharmacyRequest/Page_Store/select_--Select--BA50'

2018-05-16 20:00:39 - [TEST_STEP][PASSED] - delay: Delayed 1 second(s)

2018-05-16 20:00:40 - [MESSAGE][PASSED] - Delayed 1 second(s)

2018-05-16 20:00:40 - [TEST_STEP][PASSED] - Statement - StockQty = com.kms.katalon.core.webui.keyword.WebUiBuiltInKeywords.getAttribute(com.kms.katalon.core.testobject.ObjectRepository.findTestObject(PharmacyRequest/Page_Store/input_txtprice), "value"): Attribute 'value' of object 'Object Repository/PharmacyRequest/Page_Store/input_txtprice' is: '2055'

2018-05-16 20:00:40 - [MESSAGE][PASSED] - Attribute 'value' of object 'Object Repository/PharmacyRequest/Page_Store/input_txtprice' is: '2055'

2018-05-16 20:00:40 - [TEST_STEP][PASSED] - Statement - out.println("Stock QTY : " + StockQty): null

2018-05-16 20:00:40 - [TEST_STEP][PASSED] - delay: Delayed 1 second(s)

2018-05-16 20:00:41 - [MESSAGE][PASSED] - Delayed 1 second(s)

2018-05-16 20:00:41 - [TEST_STEP][PASSED] - Statement - If (java.lang.Integer.valueOf(StockQty) >= java.lang.Integer.valueOf(RequestedQty)): null

2018-05-16 20:00:41 - [TEST_STEP][PASSED] - setText: Text '10' is set on object 'Object Repository/PharmacyRequest/Page_Store/input_txtqty'

2018-05-16 20:00:41 - [MESSAGE][PASSED] - Text '10' is set on object 'Object Repository/PharmacyRequest/Page_Store/input_txtqty'

2018-05-16 20:00:41 - [TEST_STEP][PASSED] - click: Object: 'Object Repository/PharmacyRequest/Page_Store/button_Add' is clicked on

2018-05-16 20:00:41 - [MESSAGE][PASSED] - Object: 'Object Repository/PharmacyRequest/Page_Store/button_Add' is clicked on

2018-05-16 20:00:41 - [TEST_STEP][PASSED] - Statement - Break: null

2018-05-16 20:00:41 - [TEST_STEP][PASSED] - selectOptionByIndex: All options with index in [16] are selected on object 'Object Repository/PharmacyRequest/Page_Store/select_--Select--Amlodepin -5'

2018-05-16 20:00:41 - [MESSAGE][PASSED] - All options with index in [16] are selected on object 'Object Repository/PharmacyRequest/Page_Store/select_--Select--Amlodepin -5'

2018-05-16 20:00:41 - [TEST_STEP][PASSED] - delay: Delayed 1 second(s)

2018-05-16 20:00:42 - [MESSAGE][PASSED] - Delayed 1 second(s)

2018-05-16 20:00:42 - [TEST_STEP][PASSED] - Statement - RequestedQty = com.kms.katalon.core.webui.keyword.WebUiBuiltInKeywords.getAttribute(com.kms.katalon.core.testobject.ObjectRepository.findTestObject(PharmacyRequest/Page_Store/input_txttotal), "value"): Attribute 'value' of object 'Object Repository/PharmacyRequest/Page_Store/input_txttotal' is: '10'

2018-05-16 20:00:42 - [MESSAGE][PASSED] - Attribute 'value' of object 'Object Repository/PharmacyRequest/Page_Store/input_txttotal' is: '10'

2018-05-16 20:00:42 - [TEST_STEP][PASSED] - Statement - out.println("Requested QTY : " + RequestedQty): null

2018-05-16 20:00:42 - [TEST_STEP][PASSED] - Statement - BatchNumber = com.kms.katalon.core.webui.keyword.WebUiBuiltInKeywords.getNumberOfTotalOption(com.kms.katalon.core.testobject.ObjectRepository.findTestObject(PharmacyRequest/Page_Store/select_--Select--BA50)): 3 options of object 'Object Repository/PharmacyRequest/Page_Store/select_--Select--BA50' counted

2018-05-16 20:00:42 - [MESSAGE][PASSED] - 3 options of object 'Object Repository/PharmacyRequest/Page_Store/select_--Select--BA50' counted

2018-05-16 20:00:42 - [TEST_STEP][PASSED] - Statement - For ([g = 1, g <= BatchNumber - 1, (g++)]): null

2018-05-16 20:00:42 - [TEST_STEP][PASSED] - selectOptionByIndex: All options with index in [1] are selected on object 'Object Repository/PharmacyRequest/Page_Store/select_--Select--BA50'

2018-05-16 20:00:42 - [MESSAGE][PASSED] - All options with index in [1] are selected on object 'Object Repository/PharmacyRequest/Page_Store/select_--Select--BA50'

2018-05-16 20:00:42 - [TEST_STEP][PASSED] - delay: Delayed 1 second(s)

2018-05-16 20:00:43 - [MESSAGE][PASSED] - Delayed 1 second(s)

2018-05-16 20:00:43 - [TEST_STEP][PASSED] - Statement - StockQty = com.kms.katalon.core.webui.keyword.WebUiBuiltInKeywords.getAttribute(com.kms.katalon.core.testobject.ObjectRepository.findTestObject(PharmacyRequest/Page_Store/input_txtprice), "value"): Attribute 'value' of object 'Object Repository/PharmacyRequest/Page_Store/input_txtprice' is: '100'

2018-05-16 20:00:44 - [MESSAGE][PASSED] - Attribute 'value' of object 'Object Repository/PharmacyRequest/Page_Store/input_txtprice' is: '100'

2018-05-16 20:00:44 - [TEST_STEP][PASSED] - Statement - out.println("Stock QTY : " + StockQty): null

2018-05-16 20:00:44 - [TEST_STEP][PASSED] - delay: Delayed 1 second(s)

2018-05-16 20:00:45 - [MESSAGE][PASSED] - Delayed 1 second(s)

2018-05-16 20:00:45 - [TEST_STEP][PASSED] - Statement - If (java.lang.Integer.valueOf(StockQty) >= java.lang.Integer.valueOf(RequestedQty)): null

2018-05-16 20:00:45 - [TEST_STEP][PASSED] - setText: Text '10' is set on object 'Object Repository/PharmacyRequest/Page_Store/input_txtqty'

2018-05-16 20:00:45 - [MESSAGE][PASSED] - Text '10' is set on object 'Object Repository/PharmacyRequest/Page_Store/input_txtqty'

2018-05-16 20:00:45 - [TEST_STEP][PASSED] - click: Object: 'Object Repository/PharmacyRequest/Page_Store/button_Add' is clicked on

2018-05-16 20:00:45 - [MESSAGE][PASSED] - Object: 'Object Repository/PharmacyRequest/Page_Store/button_Add' is clicked on

2018-05-16 20:00:45 - [TEST_STEP][PASSED] - Statement - Break: null

2018-05-16 20:00:45 - [TEST_STEP][PASSED] - selectOptionByIndex: All options with index in [17] are selected on object 'Object Repository/PharmacyRequest/Page_Store/select_--Select--Amlodepin -5'

2018-05-16 20:00:45 - [MESSAGE][PASSED] - All options with index in [17] are selected on object 'Object Repository/PharmacyRequest/Page_Store/select_--Select--Amlodepin -5'

2018-05-16 20:00:45 - [TEST_STEP][PASSED] - delay: Delayed 1 second(s)

2018-05-16 20:00:46 - [MESSAGE][PASSED] - Delayed 1 second(s)

2018-05-16 20:00:46 - [TEST_STEP][PASSED] - Statement - RequestedQty = com.kms.katalon.core.webui.keyword.WebUiBuiltInKeywords.getAttribute(com.kms.katalon.core.testobject.ObjectRepository.findTestObject(PharmacyRequest/Page_Store/input_txttotal), "value"): Attribute 'value' of object 'Object Repository/PharmacyRequest/Page_Store/input_txttotal' is: '10'

2018-05-16 20:00:46 - [MESSAGE][PASSED] - Attribute 'value' of object 'Object Repository/PharmacyRequest/Page_Store/input_txttotal' is: '10'

2018-05-16 20:00:46 - [TEST_STEP][PASSED] - Statement - out.println("Requested QTY : " + RequestedQty): null

2018-05-16 20:00:46 - [TEST_STEP][PASSED] - Statement - BatchNumber = com.kms.katalon.core.webui.keyword.WebUiBuiltInKeywords.getNumberOfTotalOption(com.kms.katalon.core.testobject.ObjectRepository.findTestObject(PharmacyRequest/Page_Store/select_--Select--BA50)): 2 options of object 'Object Repository/PharmacyRequest/Page_Store/select_--Select--BA50' counted

2018-05-16 20:00:46 - [MESSAGE][PASSED] - 2 options of object 'Object Repository/PharmacyRequest/Page_Store/select_--Select--BA50' counted

2018-05-16 20:00:46 - [TEST_STEP][PASSED] - Statement - For ([g = 1, g <= BatchNumber - 1, (g++)]): null

2018-05-16 20:00:46 - [TEST_STEP][PASSED] - selectOptionByIndex: All options with index in [1] are selected on object 'Object Repository/PharmacyRequest/Page_Store/select_--Select--BA50'

2018-05-16 20:00:46 - [MESSAGE][PASSED] - All options with index in [1] are selected on object 'Object Repository/PharmacyRequest/Page_Store/select_--Select--BA50'

2018-05-16 20:00:46 - [TEST_STEP][PASSED] - delay: Delayed 1 second(s)

2018-05-16 20:00:47 - [MESSAGE][PASSED] - Delayed 1 second(s)

2018-05-16 20:00:47 - [TEST_STEP][PASSED] - Statement - StockQty = com.kms.katalon.core.webui.keyword.WebUiBuiltInKeywords.getAttribute(com.kms.katalon.core.testobject.ObjectRepository.findTestObject(PharmacyRequest/Page_Store/input_txtprice), "value"): Attribute 'value' of object 'Object Repository/PharmacyRequest/Page_Store/input_txtprice' is: '1055'

2018-05-16 20:00:47 - [MESSAGE][PASSED] - Attribute 'value' of object 'Object Repository/PharmacyRequest/Page_Store/input_txtprice' is: '1055'

2018-05-16 20:00:47 - [TEST_STEP][PASSED] - Statement - out.println("Stock QTY : " + StockQty): null

2018-05-16 20:00:47 - [TEST_STEP][PASSED] - delay: Delayed 1 second(s)

2018-05-16 20:00:48 - [MESSAGE][PASSED] - Delayed 1 second(s)

2018-05-16 20:00:48 - [TEST_STEP][PASSED] - Statement - If (java.lang.Integer.valueOf(StockQty) >= java.lang.Integer.valueOf(RequestedQty)): null

2018-05-16 20:00:48 - [TEST_STEP][PASSED] - setText: Text '10' is set on object 'Object Repository/PharmacyRequest/Page_Store/input_txtqty'

2018-05-16 20:00:48 - [MESSAGE][PASSED] - Text '10' is set on object 'Object Repository/PharmacyRequest/Page_Store/input_txtqty'

2018-05-16 20:00:48 - [TEST_STEP][PASSED] - click: Object: 'Object Repository/PharmacyRequest/Page_Store/button_Add' is clicked on

2018-05-16 20:00:48 - [MESSAGE][PASSED] - Object: 'Object Repository/PharmacyRequest/Page_Store/button_Add' is clicked on

2018-05-16 20:00:48 - [TEST_STEP][PASSED] - Statement - Break: null

2018-05-16 20:00:48 - [TEST_STEP][PASSED] - selectOptionByIndex: All options with index in [18] are selected on object 'Object Repository/PharmacyRequest/Page_Store/select_--Select--Amlodepin -5'

2018-05-16 20:00:49 - [MESSAGE][PASSED] - All options with index in [18] are selected on object 'Object Repository/PharmacyRequest/Page_Store/select_--Select--Amlodepin -5'

2018-05-16 20:00:49 - [TEST_STEP][PASSED] - delay: Delayed 1 second(s)

2018-05-16 20:00:50 - [MESSAGE][PASSED] - Delayed 1 second(s)

2018-05-16 20:00:50 - [TEST_STEP][PASSED] - Statement - RequestedQty = com.kms.katalon.core.webui.keyword.WebUiBuiltInKeywords.getAttribute(com.kms.katalon.core.testobject.ObjectRepository.findTestObject(PharmacyRequest/Page_Store/input_txttotal), "value"): Attribute 'value' of object 'Object Repository/PharmacyRequest/Page_Store/input_txttotal' is: '10'

2018-05-16 20:00:50 - [MESSAGE][PASSED] - Attribute 'value' of object 'Object Repository/PharmacyRequest/Page_Store/input_txttotal' is: '10'

2018-05-16 20:00:50 - [TEST_STEP][PASSED] - Statement - out.println("Requested QTY : " + RequestedQty): null

2018-05-16 20:00:50 - [TEST_STEP][PASSED] - Statement - BatchNumber = com.kms.katalon.core.webui.keyword.WebUiBuiltInKeywords.getNumberOfTotalOption(com.kms.katalon.core.testobject.ObjectRepository.findTestObject(PharmacyRequest/Page_Store/select_--Select--BA50)): 3 options of object 'Object Repository/PharmacyRequest/Page_Store/select_--Select--BA50' counted

2018-05-16 20:00:50 - [MESSAGE][PASSED] - 3 options of object 'Object Repository/PharmacyRequest/Page_Store/select_--Select--BA50' counted

2018-05-16 20:00:50 - [TEST_STEP][PASSED] - Statement - For ([g = 1, g <= BatchNumber - 1, (g++)]): null

2018-05-16 20:00:50 - [TEST_STEP][PASSED] - selectOptionByIndex: All options with index in [1] are selected on object 'Object Repository/PharmacyRequest/Page_Store/select_--Select--BA50'

2018-05-16 20:00:50 - [MESSAGE][PASSED] - All options with index in [1] are selected on object 'Object Repository/PharmacyRequest/Page_Store/select_--Select--BA50'

2018-05-16 20:00:50 - [TEST_STEP][PASSED] - delay: Delayed 1 second(s)

2018-05-16 20:00:51 - [MESSAGE][PASSED] - Delayed 1 second(s)

2018-05-16 20:00:51 - [TEST_STEP][PASSED] - Statement - StockQty = com.kms.katalon.core.webui.keyword.WebUiBuiltInKeywords.getAttribute(com.kms.katalon.core.testobject.ObjectRepository.findTestObject(PharmacyRequest/Page_Store/input_txtprice), "value"): Attribute 'value' of object 'Object Repository/PharmacyRequest/Page_Store/input_txtprice' is: '100'

2018-05-16 20:00:51 - [MESSAGE][PASSED] - Attribute 'value' of object 'Object Repository/PharmacyRequest/Page_Store/input_txtprice' is: '100'

2018-05-16 20:00:51 - [TEST_STEP][PASSED] - Statement - out.println("Stock QTY : " + StockQty): null

2018-05-16 20:00:51 - [TEST_STEP][PASSED] - delay: Delayed 1 second(s)

2018-05-16 20:00:52 - [MESSAGE][PASSED] - Delayed 1 second(s)

2018-05-16 20:00:52 - [TEST_STEP][PASSED] - Statement - If (java.lang.Integer.valueOf(StockQty) >= java.lang.Integer.valueOf(RequestedQty)): null

2018-05-16 20:00:52 - [TEST_STEP][PASSED] - setText: Text '10' is set on object 'Object Repository/PharmacyRequest/Page_Store/input_txtqty'

2018-05-16 20:00:52 - [MESSAGE][PASSED] - Text '10' is set on object 'Object Repository/PharmacyRequest/Page_Store/input_txtqty'

2018-05-16 20:00:52 - [TEST_STEP][PASSED] - click: Object: 'Object Repository/PharmacyRequest/Page_Store/button_Add' is clicked on

2018-05-16 20:00:52 - [MESSAGE][PASSED] - Object: 'Object Repository/PharmacyRequest/Page_Store/button_Add' is clicked on

2018-05-16 20:00:52 - [TEST_STEP][PASSED] - Statement - Break: null

2018-05-16 20:00:52 - [TEST_STEP][PASSED] - scrollToElement: Scroll to object 'Object Repository/PharmacyRequest/Page_Store/input_btnSubmit' successfully

2018-05-16 20:00:52 - [MESSAGE][PASSED] - Scroll to object 'Object Repository/PharmacyRequest/Page_Store/input_btnSubmit' successfully

2018-05-16 20:00:52 - [TEST_STEP][PASSED] - click: Object: 'Object Repository/PharmacyRequest/Page_Store/input_btnSubmit' is clicked on

2018-05-16 20:00:52 - [MESSAGE][PASSED] - Object: 'Object Repository/PharmacyRequest/Page_Store/input_btnSubmit' is clicked on

2018-05-16 20:00:52 - [TEST_STEP][PASSED] - delay: Delayed 3 second(s)

2018-05-16 20:00:55 - [MESSAGE][PASSED] - Delayed 3 second(s)

2018-05-16 20:00:55 - [TEST_STEP][PASSED] - click: Object: 'Object Repository/PharmacyRequest/Page_Store/button_OK' is clicked on

2018-05-16 20:00:56 - [MESSAGE][PASSED] - Object: 'Object Repository/PharmacyRequest/Page_Store/button_OK' is clicked on

2018-05-16 20:00:56 - [TEST_STEP][PASSED] - delay: Delayed 3 second(s)

2018-05-16 20:00:59 - [MESSAGE][PASSED] - Delayed 3 second(s)

2018-05-16 20:00:59 - [TEST_STEP][PASSED] - click: Object: 'Object Repository/PharmacyRequest/Page_Store/a_dropdown-toggle' is clicked on

2018-05-16 20:00:59 - [MESSAGE][PASSED] - Object: 'Object Repository/PharmacyRequest/Page_Store/a_dropdown-toggle' is clicked on

2018-05-16 20:00:59 - [TEST_STEP][PASSED] - click: Object: 'Object Repository/PharmacyRequest/Page_Store/a_Sign out' is clicked on

2018-05-16 20:00:59 - [MESSAGE][PASSED] - Object: 'Object Repository/PharmacyRequest/Page_Store/a_Sign out' is clicked on

2018-05-16 20:00:59 - [TEST_STEP][PASSED] - closeBrowser: Browser is closed

2018-05-16 20:01:00 - [MESSAGE][PASSED] - Browser is closed

2018-05-16 20:01:00 - [TEST_STEP][PASSED] - Statement - out.println("Schedule 12 Pharmacy Request Are Working Successfully"): null]]></system-out>
         <system-err><![CDATA[]]></system-err>
      </testcase>
      <system-out><![CDATA[2018-05-16 19:33:18 - [TEST_SUITE][FAILED] - Pharmacy_Suite: Test Cases/PHARMACY TEST CASES/TC_PHAR_002 Verify Schedule 2 Pharmacy Request Are Working Successfully Or Not FAILED because (of) Unable to click on object 'Object Repository/PharmacyRequest/Page_KDMC - CMO/input_2' (Root cause: com.kms.katalon.core.webui.exception.WebElementNotFoundException: Web element with id: 'Object Repository/PharmacyRequest/Page_KDMC - CMO/input_2' located by 'By.xpath: //*[@id=132][count(. | //input[@type = 'button']) = count(//input[@type = 'button'])]' not found)]]></system-out>
      <system-err><![CDATA[2018-05-16 19:33:18 - [TEST_SUITE][FAILED] - Pharmacy_Suite: Test Cases/PHARMACY TEST CASES/TC_PHAR_002 Verify Schedule 2 Pharmacy Request Are Working Successfully Or Not FAILED because (of) Unable to click on object 'Object Repository/PharmacyRequest/Page_KDMC - CMO/input_2' (Root cause: com.kms.katalon.core.webui.exception.WebElementNotFoundException: Web element with id: 'Object Repository/PharmacyRequest/Page_KDMC - CMO/input_2' located by 'By.xpath: //*[@id=132][count(. | //input[@type = 'button']) = count(//input[@type = 'button'])]' not found)]]></system-err>
   </testsuite>
</testsuites>
