<?xml version="1.0" encoding="UTF-8"?>
<testsuites name="Store_Suit" time="2590" tests="9" failures="3" errors="0">
   <testsuite name="Store_Suit" tests="9" failures="3" errors="0" time="2590" timestamp="2018-06-04 18:32:12" hostname="Quality Analyst - DESKTOP-BLFTK83" id="Test Suites/Store_Suit">
      <properties>
         <property name="deviceName" value=""/>
         <property name="devicePlatform" value=""/>
         <property name="logFolder" value="C:\\Users\\Quality Analyst\\Katalon Studio\\ds\\Reports\\Store_Suit\\20180604_183202"/>
         <property name="logFiles" value="C:\\Users\\Quality Analyst\\Katalon Studio\\ds\\Reports\\Store_Suit\\20180604_183202\\execution0.log, C:\\Users\\Quality Analyst\\Katalon Studio\\ds\\Reports\\Store_Suit\\20180604_183202\\execution1.log, C:\\Users\\Quality Analyst\\Katalon Studio\\ds\\Reports\\Store_Suit\\20180604_183202\\execution2.log"/>
         <property name="attachments" value="C:\\Users\\Quality Analyst\\Katalon Studio\\ds\\Reports\\Store_Suit\\20180604_183202\\1528117673140.png, C:\\Users\\Quality Analyst\\Katalon Studio\\ds\\Reports\\Store_Suit\\20180604_183202\\1528118491511.png, C:\\Users\\Quality Analyst\\Katalon Studio\\ds\\Reports\\Store_Suit\\20180604_183202\\1528119753409.png"/>
         <property name="hostName" value="Quality Analyst - DESKTOP-BLFTK83"/>
         <property name="os" value="Windows 10 64bit"/>
         <property name="katalonVersion" value="5.4.2.1"/>
         <property name="browser" value="Chrome 66.0.3359.181"/>
         <property name="hostAddress" value="169.254.189.85"/>
         <property name="sessionId" value="acc7f9bf66e8c0b07e1f4f7fbff26df1"/>
         <property name="seleniumVersion" value="3.7.1"/>
         <property name="proxyInformation" value="ProxyInformation{proxyOption=NO_PROXY, proxyServerType=HTTP, password=, proxyServerAddress=, proxyServerPort=0}"/>
         <property name="platform" value="Windows 10"/>
      </properties>
      <testcase name="Test Cases/STORE TO CMS REQUEST TEST CASES/TC_STCMS_001 To Verify Schedule 1 Store To CMS Request Are Working Successfully Or Not" classname="Test Cases/STORE TO CMS REQUEST TEST CASES/TC_STCMS_001 To Verify Schedule 1 Store To CMS Request Are Working Successfully Or Not" status="FAILED">
         <failure type="FAILED" message="Unable to click on object 'Object Repository/Store Request Schedule 1/Page_Divisonal Store Login/button_Sign in' (Root cause: org.openqa.selenium.WebDriverException: unknown error: Element &lt;button type=&quot;submit&quot; id=&quot;btnSubmit&quot; style=&quot;color: #ffffff;&quot; class=&quot;btn bg-blue btn-block&quot;>...&lt;/button> is not clickable at point (791, 568). Other element would receive the click: &lt;div style=&quot;position: absolute; display: block; width: auto; height: auto; padding: 0px; margin: 0px; text-align: left; border: none; border-radius: 0px; z-index: 2147483646; font-size: 0px; left: 631.5px; top: 493px;&quot;>...&lt;/div>
  (Session info: chrome=66.0.3359.181)
  (Driver info: chromedriver=2.35.528161 (5b82f2d2aae0ca24b877009200ced9065a772e73),platform=Windows NT 10.0.17134 x86_64) (WARNING: The server did not provide any stacktrace information)
Command duration or timeout: 0 milliseconds
Build info: version: '3.7.1', revision: '8a0099a', time: '2017-11-06T21:07:36.161Z'
System info: host: 'DESKTOP-BLFTK83', ip: '169.254.189.85', os.name: 'Windows 10', os.arch: 'amd64', os.version: '10.0', java.version: '1.8.0_102'
Driver info: com.kms.katalon.selenium.driver.CChromeDriver
Capabilities {acceptInsecureCerts: false, acceptSslCerts: false, applicationCacheEnabled: false, browserConnectionEnabled: false, browserName: chrome, chrome: {chromedriverVersion: 2.35.528161 (5b82f2d2aae0ca..., userDataDir: C:\Users\QUALIT~1\AppData\L...}, cssSelectorsEnabled: true, databaseEnabled: false, handlesAlerts: true, hasTouchScreen: false, javascriptEnabled: true, locationContextEnabled: true, mobileEmulationEnabled: false, nativeEvents: true, networkConnectionEnabled: false, pageLoadStrategy: normal, platform: XP, platformName: XP, rotatable: false, setWindowRect: true, takesHeapSnapshot: true, takesScreenshot: true, unexpectedAlertBehaviour: , unhandledPromptBehavior: , version: 66.0.3359.181, webStorageEnabled: true}
Session ID: ef78e8e094aa143e074b5b716a5c2468)"/>
         <system-out><![CDATA[2018-06-04 18:32:13 - [TEST_CASE][FAILED] - Test Cases/STORE TO CMS REQUEST TEST CASES/TC_STCMS_001 To Verify Schedule 1 Store To CMS Request Are Working Successfully Or Not: Test Cases/STORE TO CMS REQUEST TEST CASES/TC_STCMS_001 To Verify Schedule 1 Store To CMS Request Are Working Successfully Or Not FAILED because (of) Unable to click on object 'Object Repository/Store Request Schedule 1/Page_Divisonal Store Login/button_Sign in' (Root cause: org.openqa.selenium.WebDriverException: unknown error: Element <button type="submit" id="btnSubmit" style="color: #ffffff;" class="btn bg-blue btn-block">...</button> is not clickable at point (791, 568). Other element would receive the click: <div style="position: absolute; display: block; width: auto; height: auto; padding: 0px; margin: 0px; text-align: left; border: none; border-radius: 0px; z-index: 2147483646; font-size: 0px; left: 631.5px; top: 493px;">...</div>
  (Session info: chrome=66.0.3359.181)
  (Driver info: chromedriver=2.35.528161 (5b82f2d2aae0ca24b877009200ced9065a772e73),platform=Windows NT 10.0.17134 x86_64) (WARNING: The server did not provide any stacktrace information)
Command duration or timeout: 0 milliseconds
Build info: version: '3.7.1', revision: '8a0099a', time: '2017-11-06T21:07:36.161Z'
System info: host: 'DESKTOP-BLFTK83', ip: '169.254.189.85', os.name: 'Windows 10', os.arch: 'amd64', os.version: '10.0', java.version: '1.8.0_102'
Driver info: com.kms.katalon.selenium.driver.CChromeDriver
Capabilities {acceptInsecureCerts: false, acceptSslCerts: false, applicationCacheEnabled: false, browserConnectionEnabled: false, browserName: chrome, chrome: {chromedriverVersion: 2.35.528161 (5b82f2d2aae0ca..., userDataDir: C:\Users\QUALIT~1\AppData\L...}, cssSelectorsEnabled: true, databaseEnabled: false, handlesAlerts: true, hasTouchScreen: false, javascriptEnabled: true, locationContextEnabled: true, mobileEmulationEnabled: false, nativeEvents: true, networkConnectionEnabled: false, pageLoadStrategy: normal, platform: XP, platformName: XP, rotatable: false, setWindowRect: true, takesHeapSnapshot: true, takesScreenshot: true, unexpectedAlertBehaviour: , unhandledPromptBehavior: , version: 66.0.3359.181, webStorageEnabled: true}
Session ID: ef78e8e094aa143e074b5b716a5c2468)

2018-06-04 18:32:13 - [TEST_STEP][PASSED] - openBrowser: Browser is opened with url: ''

2018-06-04 18:32:16 - [MESSAGE][PASSED] - Browser is opened with url: ''

2018-06-04 18:32:16 - [TEST_STEP][PASSED] - Statement - out.println("Verify Schedule 1 Store Request Are Working Successfully Or Not"): null

2018-06-04 18:32:16 - [TEST_STEP][PASSED] - navigateToUrl: Navigate to 'http://192.168.137.1/multihospital_new/' successfully

2018-06-04 18:32:19 - [MESSAGE][PASSED] - Navigate to 'http://192.168.137.1/multihospital_new/' successfully

2018-06-04 18:32:19 - [TEST_STEP][PASSED] - maximizeWindow: Current window maximized

2018-06-04 18:32:20 - [MESSAGE][PASSED] - Current window maximized

2018-06-04 18:32:20 - [TEST_STEP][PASSED] - click: Object: 'Object Repository/Store Request Schedule 1/Page_KDMC/a_Divisional Store' is clicked on

2018-06-04 18:32:21 - [MESSAGE][PASSED] - Object: 'Object Repository/Store Request Schedule 1/Page_KDMC/a_Divisional Store' is clicked on

2018-06-04 18:32:21 - [TEST_STEP][PASSED] - setText: Text 'ragu' is set on object 'Object Repository/Store Request Schedule 1/Page_Divisonal Store Login/input_txtusername'

2018-06-04 18:32:21 - [MESSAGE][PASSED] - Text 'ragu' is set on object 'Object Repository/Store Request Schedule 1/Page_Divisonal Store Login/input_txtusername'

2018-06-04 18:32:21 - [TEST_STEP][PASSED] - setText: Text '123' is set on object 'Object Repository/Store Request Schedule 1/Page_Divisonal Store Login/input_txtpassword'

2018-06-04 18:32:21 - [MESSAGE][PASSED] - Text '123' is set on object 'Object Repository/Store Request Schedule 1/Page_Divisonal Store Login/input_txtpassword'

2018-06-04 18:32:21 - [TEST_STEP][PASSED] - delay: Delayed 3 second(s)

2018-06-04 18:32:24 - [MESSAGE][PASSED] - Delayed 3 second(s)

2018-06-04 18:32:24 - [TEST_STEP][PASSED] - click: Object: 'Object Repository/Store Request Schedule 1/Page_Divisonal Store Login/button_Sign in' is clicked on

2018-06-04 18:32:26 - [MESSAGE][PASSED] - Object: 'Object Repository/Store Request Schedule 1/Page_Divisonal Store Login/button_Sign in' is clicked on

2018-06-04 18:32:26 - [TEST_STEP][PASSED] - delay: Delayed 3 second(s)

2018-06-04 18:32:29 - [MESSAGE][PASSED] - Delayed 3 second(s)

2018-06-04 18:32:29 - [TEST_STEP][PASSED] - click: Object: 'Object Repository/Store Request Schedule 1/Page_Store/a_CMS' is clicked on

2018-06-04 18:32:29 - [MESSAGE][PASSED] - Object: 'Object Repository/Store Request Schedule 1/Page_Store/a_CMS' is clicked on

2018-06-04 18:32:29 - [TEST_STEP][PASSED] - delay: Delayed 2 second(s)

2018-06-04 18:32:31 - [MESSAGE][PASSED] - Delayed 2 second(s)

2018-06-04 18:32:31 - [TEST_STEP][PASSED] - click: Object: 'Object Repository/Store Request Schedule 1/Page_Store/a_Request Send' is clicked on

2018-06-04 18:32:32 - [MESSAGE][PASSED] - Object: 'Object Repository/Store Request Schedule 1/Page_Store/a_Request Send' is clicked on

2018-06-04 18:32:32 - [TEST_STEP][PASSED] - selectOptionByIndex: All options with index in [1] are selected on object 'Object Repository/Store Request Schedule 1/Page_Store/select_--Select--'

2018-06-04 18:32:32 - [MESSAGE][PASSED] - All options with index in [1] are selected on object 'Object Repository/Store Request Schedule 1/Page_Store/select_--Select--'

2018-06-04 18:32:32 - [TEST_STEP][PASSED] - selectOptionByIndex: All options with index in [1] are selected on object 'Object Repository/Store Request Schedule 1/Page_Store/select_--Select--Schedule 1Inj'

2018-06-04 18:32:33 - [MESSAGE][PASSED] - All options with index in [1] are selected on object 'Object Repository/Store Request Schedule 1/Page_Store/select_--Select--Schedule 1Inj'

2018-06-04 18:32:33 - [TEST_STEP][PASSED] - Statement - SelectedOptions = com.kms.katalon.core.webui.keyword.WebUiBuiltInKeywords.getNumberOfTotalOption(com.kms.katalon.core.testobject.ObjectRepository.findTestObject(Store Request Schedule 1/Page_Store/select_--Select--Adernaline 0.)): 63 options of object 'Object Repository/Store Request Schedule 1/Page_Store/select_--Select--Adernaline 0.' counted

2018-06-04 18:32:33 - [MESSAGE][PASSED] - 63 options of object 'Object Repository/Store Request Schedule 1/Page_Store/select_--Select--Adernaline 0.' counted

2018-06-04 18:32:33 - [TEST_STEP][PASSED] - Statement - For ([y = 1, y < SelectedOptions, (y++)]): Object: 'Object Repository/Store Request Schedule 1/Page_Store/button_Add' is clicked on

2018-06-04 18:32:33 - [TEST_STEP][PASSED] - selectOptionByIndex: All options with index in [1] are selected on object 'Object Repository/Store Request Schedule 1/Page_Store/select_--Select--Schedule 1Inj'

2018-06-04 18:32:33 - [MESSAGE][PASSED] - All options with index in [1] are selected on object 'Object Repository/Store Request Schedule 1/Page_Store/select_--Select--Schedule 1Inj'

2018-06-04 18:32:33 - [TEST_STEP][PASSED] - delay: Delayed 1 second(s)

2018-06-04 18:32:34 - [MESSAGE][PASSED] - Delayed 1 second(s)

2018-06-04 18:32:34 - [TEST_STEP][PASSED] - selectOptionByIndex: All options with index in [1] are selected on object 'Object Repository/Store Request Schedule 1/Page_Store/select_--Select--Adernaline 0.'

2018-06-04 18:32:34 - [MESSAGE][PASSED] - All options with index in [1] are selected on object 'Object Repository/Store Request Schedule 1/Page_Store/select_--Select--Adernaline 0.'

2018-06-04 18:32:34 - [TEST_STEP][PASSED] - setText: Text '100' is set on object 'Object Repository/Store Request Schedule 1/Page_Store/input_txttreat'

2018-06-04 18:32:34 - [MESSAGE][PASSED] - Text '100' is set on object 'Object Repository/Store Request Schedule 1/Page_Store/input_txttreat'

2018-06-04 18:32:34 - [TEST_STEP][PASSED] - click: Object: 'Object Repository/Store Request Schedule 1/Page_Store/button_Add' is clicked on

2018-06-04 18:32:34 - [MESSAGE][PASSED] - Object: 'Object Repository/Store Request Schedule 1/Page_Store/button_Add' is clicked on

2018-06-04 18:32:34 - [TEST_STEP][PASSED] - selectOptionByIndex: All options with index in [1] are selected on object 'Object Repository/Store Request Schedule 1/Page_Store/select_--Select--Schedule 1Inj'

2018-06-04 18:32:34 - [MESSAGE][PASSED] - All options with index in [1] are selected on object 'Object Repository/Store Request Schedule 1/Page_Store/select_--Select--Schedule 1Inj'

2018-06-04 18:32:34 - [TEST_STEP][PASSED] - delay: Delayed 1 second(s)

2018-06-04 18:32:35 - [MESSAGE][PASSED] - Delayed 1 second(s)

2018-06-04 18:32:35 - [TEST_STEP][PASSED] - selectOptionByIndex: All options with index in [2] are selected on object 'Object Repository/Store Request Schedule 1/Page_Store/select_--Select--Adernaline 0.'

2018-06-04 18:32:36 - [MESSAGE][PASSED] - All options with index in [2] are selected on object 'Object Repository/Store Request Schedule 1/Page_Store/select_--Select--Adernaline 0.'

2018-06-04 18:32:36 - [TEST_STEP][PASSED] - setText: Text '100' is set on object 'Object Repository/Store Request Schedule 1/Page_Store/input_txttreat'

2018-06-04 18:32:36 - [MESSAGE][PASSED] - Text '100' is set on object 'Object Repository/Store Request Schedule 1/Page_Store/input_txttreat'

2018-06-04 18:32:36 - [TEST_STEP][PASSED] - click: Object: 'Object Repository/Store Request Schedule 1/Page_Store/button_Add' is clicked on

2018-06-04 18:32:36 - [MESSAGE][PASSED] - Object: 'Object Repository/Store Request Schedule 1/Page_Store/button_Add' is clicked on

2018-06-04 18:32:36 - [TEST_STEP][PASSED] - selectOptionByIndex: All options with index in [1] are selected on object 'Object Repository/Store Request Schedule 1/Page_Store/select_--Select--Schedule 1Inj'

2018-06-04 18:32:36 - [MESSAGE][PASSED] - All options with index in [1] are selected on object 'Object Repository/Store Request Schedule 1/Page_Store/select_--Select--Schedule 1Inj'

2018-06-04 18:32:36 - [TEST_STEP][PASSED] - delay: Delayed 1 second(s)

2018-06-04 18:32:37 - [MESSAGE][PASSED] - Delayed 1 second(s)

2018-06-04 18:32:37 - [TEST_STEP][PASSED] - selectOptionByIndex: All options with index in [3] are selected on object 'Object Repository/Store Request Schedule 1/Page_Store/select_--Select--Adernaline 0.'

2018-06-04 18:32:37 - [MESSAGE][PASSED] - All options with index in [3] are selected on object 'Object Repository/Store Request Schedule 1/Page_Store/select_--Select--Adernaline 0.'

2018-06-04 18:32:37 - [TEST_STEP][PASSED] - setText: Text '100' is set on object 'Object Repository/Store Request Schedule 1/Page_Store/input_txttreat'

2018-06-04 18:32:37 - [MESSAGE][PASSED] - Text '100' is set on object 'Object Repository/Store Request Schedule 1/Page_Store/input_txttreat'

2018-06-04 18:32:37 - [TEST_STEP][PASSED] - click: Object: 'Object Repository/Store Request Schedule 1/Page_Store/button_Add' is clicked on

2018-06-04 18:32:37 - [MESSAGE][PASSED] - Object: 'Object Repository/Store Request Schedule 1/Page_Store/button_Add' is clicked on

2018-06-04 18:32:37 - [TEST_STEP][PASSED] - selectOptionByIndex: All options with index in [1] are selected on object 'Object Repository/Store Request Schedule 1/Page_Store/select_--Select--Schedule 1Inj'

2018-06-04 18:32:37 - [MESSAGE][PASSED] - All options with index in [1] are selected on object 'Object Repository/Store Request Schedule 1/Page_Store/select_--Select--Schedule 1Inj'

2018-06-04 18:32:37 - [TEST_STEP][PASSED] - delay: Delayed 1 second(s)

2018-06-04 18:32:38 - [MESSAGE][PASSED] - Delayed 1 second(s)

2018-06-04 18:32:38 - [TEST_STEP][PASSED] - selectOptionByIndex: All options with index in [4] are selected on object 'Object Repository/Store Request Schedule 1/Page_Store/select_--Select--Adernaline 0.'

2018-06-04 18:32:39 - [MESSAGE][PASSED] - All options with index in [4] are selected on object 'Object Repository/Store Request Schedule 1/Page_Store/select_--Select--Adernaline 0.'

2018-06-04 18:32:39 - [TEST_STEP][PASSED] - setText: Text '100' is set on object 'Object Repository/Store Request Schedule 1/Page_Store/input_txttreat'

2018-06-04 18:32:39 - [MESSAGE][PASSED] - Text '100' is set on object 'Object Repository/Store Request Schedule 1/Page_Store/input_txttreat'

2018-06-04 18:32:39 - [TEST_STEP][PASSED] - click: Object: 'Object Repository/Store Request Schedule 1/Page_Store/button_Add' is clicked on

2018-06-04 18:32:39 - [MESSAGE][PASSED] - Object: 'Object Repository/Store Request Schedule 1/Page_Store/button_Add' is clicked on

2018-06-04 18:32:39 - [TEST_STEP][PASSED] - selectOptionByIndex: All options with index in [1] are selected on object 'Object Repository/Store Request Schedule 1/Page_Store/select_--Select--Schedule 1Inj'

2018-06-04 18:32:39 - [MESSAGE][PASSED] - All options with index in [1] are selected on object 'Object Repository/Store Request Schedule 1/Page_Store/select_--Select--Schedule 1Inj'

2018-06-04 18:32:39 - [TEST_STEP][PASSED] - delay: Delayed 1 second(s)

2018-06-04 18:32:40 - [MESSAGE][PASSED] - Delayed 1 second(s)

2018-06-04 18:32:40 - [TEST_STEP][PASSED] - selectOptionByIndex: All options with index in [5] are selected on object 'Object Repository/Store Request Schedule 1/Page_Store/select_--Select--Adernaline 0.'

2018-06-04 18:32:40 - [MESSAGE][PASSED] - All options with index in [5] are selected on object 'Object Repository/Store Request Schedule 1/Page_Store/select_--Select--Adernaline 0.'

2018-06-04 18:32:40 - [TEST_STEP][PASSED] - setText: Text '100' is set on object 'Object Repository/Store Request Schedule 1/Page_Store/input_txttreat'

2018-06-04 18:32:40 - [MESSAGE][PASSED] - Text '100' is set on object 'Object Repository/Store Request Schedule 1/Page_Store/input_txttreat'

2018-06-04 18:32:40 - [TEST_STEP][PASSED] - click: Object: 'Object Repository/Store Request Schedule 1/Page_Store/button_Add' is clicked on

2018-06-04 18:32:40 - [MESSAGE][PASSED] - Object: 'Object Repository/Store Request Schedule 1/Page_Store/button_Add' is clicked on

2018-06-04 18:32:40 - [TEST_STEP][PASSED] - selectOptionByIndex: All options with index in [1] are selected on object 'Object Repository/Store Request Schedule 1/Page_Store/select_--Select--Schedule 1Inj'

2018-06-04 18:32:40 - [MESSAGE][PASSED] - All options with index in [1] are selected on object 'Object Repository/Store Request Schedule 1/Page_Store/select_--Select--Schedule 1Inj'

2018-06-04 18:32:40 - [TEST_STEP][PASSED] - delay: Delayed 1 second(s)

2018-06-04 18:32:41 - [MESSAGE][PASSED] - Delayed 1 second(s)

2018-06-04 18:32:41 - [TEST_STEP][PASSED] - selectOptionByIndex: All options with index in [6] are selected on object 'Object Repository/Store Request Schedule 1/Page_Store/select_--Select--Adernaline 0.'

2018-06-04 18:32:42 - [MESSAGE][PASSED] - All options with index in [6] are selected on object 'Object Repository/Store Request Schedule 1/Page_Store/select_--Select--Adernaline 0.'

2018-06-04 18:32:42 - [TEST_STEP][PASSED] - setText: Text '100' is set on object 'Object Repository/Store Request Schedule 1/Page_Store/input_txttreat'

2018-06-04 18:32:42 - [MESSAGE][PASSED] - Text '100' is set on object 'Object Repository/Store Request Schedule 1/Page_Store/input_txttreat'

2018-06-04 18:32:42 - [TEST_STEP][PASSED] - click: Object: 'Object Repository/Store Request Schedule 1/Page_Store/button_Add' is clicked on

2018-06-04 18:32:42 - [MESSAGE][PASSED] - Object: 'Object Repository/Store Request Schedule 1/Page_Store/button_Add' is clicked on

2018-06-04 18:32:42 - [TEST_STEP][PASSED] - selectOptionByIndex: All options with index in [1] are selected on object 'Object Repository/Store Request Schedule 1/Page_Store/select_--Select--Schedule 1Inj'

2018-06-04 18:32:42 - [MESSAGE][PASSED] - All options with index in [1] are selected on object 'Object Repository/Store Request Schedule 1/Page_Store/select_--Select--Schedule 1Inj'

2018-06-04 18:32:42 - [TEST_STEP][PASSED] - delay: Delayed 1 second(s)

2018-06-04 18:32:43 - [MESSAGE][PASSED] - Delayed 1 second(s)

2018-06-04 18:32:43 - [TEST_STEP][PASSED] - selectOptionByIndex: All options with index in [7] are selected on object 'Object Repository/Store Request Schedule 1/Page_Store/select_--Select--Adernaline 0.'

2018-06-04 18:32:43 - [MESSAGE][PASSED] - All options with index in [7] are selected on object 'Object Repository/Store Request Schedule 1/Page_Store/select_--Select--Adernaline 0.'

2018-06-04 18:32:43 - [TEST_STEP][PASSED] - setText: Text '100' is set on object 'Object Repository/Store Request Schedule 1/Page_Store/input_txttreat'

2018-06-04 18:32:43 - [MESSAGE][PASSED] - Text '100' is set on object 'Object Repository/Store Request Schedule 1/Page_Store/input_txttreat'

2018-06-04 18:32:43 - [TEST_STEP][PASSED] - click: Object: 'Object Repository/Store Request Schedule 1/Page_Store/button_Add' is clicked on

2018-06-04 18:32:43 - [MESSAGE][PASSED] - Object: 'Object Repository/Store Request Schedule 1/Page_Store/button_Add' is clicked on

2018-06-04 18:32:43 - [TEST_STEP][PASSED] - selectOptionByIndex: All options with index in [1] are selected on object 'Object Repository/Store Request Schedule 1/Page_Store/select_--Select--Schedule 1Inj'

2018-06-04 18:32:43 - [MESSAGE][PASSED] - All options with index in [1] are selected on object 'Object Repository/Store Request Schedule 1/Page_Store/select_--Select--Schedule 1Inj'

2018-06-04 18:32:43 - [TEST_STEP][PASSED] - delay: Delayed 1 second(s)

2018-06-04 18:32:44 - [MESSAGE][PASSED] - Delayed 1 second(s)

2018-06-04 18:32:44 - [TEST_STEP][PASSED] - selectOptionByIndex: All options with index in [8] are selected on object 'Object Repository/Store Request Schedule 1/Page_Store/select_--Select--Adernaline 0.'

2018-06-04 18:32:45 - [MESSAGE][PASSED] - All options with index in [8] are selected on object 'Object Repository/Store Request Schedule 1/Page_Store/select_--Select--Adernaline 0.'

2018-06-04 18:32:45 - [TEST_STEP][PASSED] - setText: Text '100' is set on object 'Object Repository/Store Request Schedule 1/Page_Store/input_txttreat'

2018-06-04 18:32:45 - [MESSAGE][PASSED] - Text '100' is set on object 'Object Repository/Store Request Schedule 1/Page_Store/input_txttreat'

2018-06-04 18:32:45 - [TEST_STEP][PASSED] - click: Object: 'Object Repository/Store Request Schedule 1/Page_Store/button_Add' is clicked on

2018-06-04 18:32:45 - [MESSAGE][PASSED] - Object: 'Object Repository/Store Request Schedule 1/Page_Store/button_Add' is clicked on

2018-06-04 18:32:45 - [TEST_STEP][PASSED] - selectOptionByIndex: All options with index in [1] are selected on object 'Object Repository/Store Request Schedule 1/Page_Store/select_--Select--Schedule 1Inj'

2018-06-04 18:32:45 - [MESSAGE][PASSED] - All options with index in [1] are selected on object 'Object Repository/Store Request Schedule 1/Page_Store/select_--Select--Schedule 1Inj'

2018-06-04 18:32:45 - [TEST_STEP][PASSED] - delay: Delayed 1 second(s)

2018-06-04 18:32:46 - [MESSAGE][PASSED] - Delayed 1 second(s)

2018-06-04 18:32:46 - [TEST_STEP][PASSED] - selectOptionByIndex: All options with index in [9] are selected on object 'Object Repository/Store Request Schedule 1/Page_Store/select_--Select--Adernaline 0.'

2018-06-04 18:32:46 - [MESSAGE][PASSED] - All options with index in [9] are selected on object 'Object Repository/Store Request Schedule 1/Page_Store/select_--Select--Adernaline 0.'

2018-06-04 18:32:46 - [TEST_STEP][PASSED] - setText: Text '100' is set on object 'Object Repository/Store Request Schedule 1/Page_Store/input_txttreat'

2018-06-04 18:32:46 - [MESSAGE][PASSED] - Text '100' is set on object 'Object Repository/Store Request Schedule 1/Page_Store/input_txttreat'

2018-06-04 18:32:46 - [TEST_STEP][PASSED] - click: Object: 'Object Repository/Store Request Schedule 1/Page_Store/button_Add' is clicked on

2018-06-04 18:32:46 - [MESSAGE][PASSED] - Object: 'Object Repository/Store Request Schedule 1/Page_Store/button_Add' is clicked on

2018-06-04 18:32:46 - [TEST_STEP][PASSED] - selectOptionByIndex: All options with index in [1] are selected on object 'Object Repository/Store Request Schedule 1/Page_Store/select_--Select--Schedule 1Inj'

2018-06-04 18:32:47 - [MESSAGE][PASSED] - All options with index in [1] are selected on object 'Object Repository/Store Request Schedule 1/Page_Store/select_--Select--Schedule 1Inj'

2018-06-04 18:32:47 - [TEST_STEP][PASSED] - delay: Delayed 1 second(s)

2018-06-04 18:32:48 - [MESSAGE][PASSED] - Delayed 1 second(s)

2018-06-04 18:32:48 - [TEST_STEP][PASSED] - selectOptionByIndex: All options with index in [10] are selected on object 'Object Repository/Store Request Schedule 1/Page_Store/select_--Select--Adernaline 0.'

2018-06-04 18:32:48 - [MESSAGE][PASSED] - All options with index in [10] are selected on object 'Object Repository/Store Request Schedule 1/Page_Store/select_--Select--Adernaline 0.'

2018-06-04 18:32:48 - [TEST_STEP][PASSED] - setText: Text '100' is set on object 'Object Repository/Store Request Schedule 1/Page_Store/input_txttreat'

2018-06-04 18:32:48 - [MESSAGE][PASSED] - Text '100' is set on object 'Object Repository/Store Request Schedule 1/Page_Store/input_txttreat'

2018-06-04 18:32:48 - [TEST_STEP][PASSED] - click: Object: 'Object Repository/Store Request Schedule 1/Page_Store/button_Add' is clicked on

2018-06-04 18:32:48 - [MESSAGE][PASSED] - Object: 'Object Repository/Store Request Schedule 1/Page_Store/button_Add' is clicked on

2018-06-04 18:32:48 - [TEST_STEP][PASSED] - selectOptionByIndex: All options with index in [1] are selected on object 'Object Repository/Store Request Schedule 1/Page_Store/select_--Select--Schedule 1Inj'

2018-06-04 18:32:48 - [MESSAGE][PASSED] - All options with index in [1] are selected on object 'Object Repository/Store Request Schedule 1/Page_Store/select_--Select--Schedule 1Inj'

2018-06-04 18:32:48 - [TEST_STEP][PASSED] - delay: Delayed 1 second(s)

2018-06-04 18:32:49 - [MESSAGE][PASSED] - Delayed 1 second(s)

2018-06-04 18:32:49 - [TEST_STEP][PASSED] - selectOptionByIndex: All options with index in [11] are selected on object 'Object Repository/Store Request Schedule 1/Page_Store/select_--Select--Adernaline 0.'

2018-06-04 18:32:49 - [MESSAGE][PASSED] - All options with index in [11] are selected on object 'Object Repository/Store Request Schedule 1/Page_Store/select_--Select--Adernaline 0.'

2018-06-04 18:32:49 - [TEST_STEP][PASSED] - setText: Text '100' is set on object 'Object Repository/Store Request Schedule 1/Page_Store/input_txttreat'

2018-06-04 18:32:49 - [MESSAGE][PASSED] - Text '100' is set on object 'Object Repository/Store Request Schedule 1/Page_Store/input_txttreat'

2018-06-04 18:32:49 - [TEST_STEP][PASSED] - click: Object: 'Object Repository/Store Request Schedule 1/Page_Store/button_Add' is clicked on

2018-06-04 18:32:50 - [MESSAGE][PASSED] - Object: 'Object Repository/Store Request Schedule 1/Page_Store/button_Add' is clicked on

2018-06-04 18:32:50 - [TEST_STEP][PASSED] - selectOptionByIndex: All options with index in [1] are selected on object 'Object Repository/Store Request Schedule 1/Page_Store/select_--Select--Schedule 1Inj'

2018-06-04 18:32:50 - [MESSAGE][PASSED] - All options with index in [1] are selected on object 'Object Repository/Store Request Schedule 1/Page_Store/select_--Select--Schedule 1Inj'

2018-06-04 18:32:50 - [TEST_STEP][PASSED] - delay: Delayed 1 second(s)

2018-06-04 18:32:51 - [MESSAGE][PASSED] - Delayed 1 second(s)

2018-06-04 18:32:51 - [TEST_STEP][PASSED] - selectOptionByIndex: All options with index in [12] are selected on object 'Object Repository/Store Request Schedule 1/Page_Store/select_--Select--Adernaline 0.'

2018-06-04 18:32:51 - [MESSAGE][PASSED] - All options with index in [12] are selected on object 'Object Repository/Store Request Schedule 1/Page_Store/select_--Select--Adernaline 0.'

2018-06-04 18:32:51 - [TEST_STEP][PASSED] - setText: Text '100' is set on object 'Object Repository/Store Request Schedule 1/Page_Store/input_txttreat'

2018-06-04 18:32:51 - [MESSAGE][PASSED] - Text '100' is set on object 'Object Repository/Store Request Schedule 1/Page_Store/input_txttreat'

2018-06-04 18:32:51 - [TEST_STEP][PASSED] - click: Object: 'Object Repository/Store Request Schedule 1/Page_Store/button_Add' is clicked on

2018-06-04 18:32:51 - [MESSAGE][PASSED] - Object: 'Object Repository/Store Request Schedule 1/Page_Store/button_Add' is clicked on

2018-06-04 18:32:51 - [TEST_STEP][PASSED] - selectOptionByIndex: All options with index in [1] are selected on object 'Object Repository/Store Request Schedule 1/Page_Store/select_--Select--Schedule 1Inj'

2018-06-04 18:32:51 - [MESSAGE][PASSED] - All options with index in [1] are selected on object 'Object Repository/Store Request Schedule 1/Page_Store/select_--Select--Schedule 1Inj'

2018-06-04 18:32:51 - [TEST_STEP][PASSED] - delay: Delayed 1 second(s)

2018-06-04 18:32:52 - [MESSAGE][PASSED] - Delayed 1 second(s)

2018-06-04 18:32:52 - [TEST_STEP][PASSED] - selectOptionByIndex: All options with index in [13] are selected on object 'Object Repository/Store Request Schedule 1/Page_Store/select_--Select--Adernaline 0.'

2018-06-04 18:32:53 - [MESSAGE][PASSED] - All options with index in [13] are selected on object 'Object Repository/Store Request Schedule 1/Page_Store/select_--Select--Adernaline 0.'

2018-06-04 18:32:53 - [TEST_STEP][PASSED] - setText: Text '100' is set on object 'Object Repository/Store Request Schedule 1/Page_Store/input_txttreat'

2018-06-04 18:32:53 - [MESSAGE][PASSED] - Text '100' is set on object 'Object Repository/Store Request Schedule 1/Page_Store/input_txttreat'

2018-06-04 18:32:53 - [TEST_STEP][PASSED] - click: Object: 'Object Repository/Store Request Schedule 1/Page_Store/button_Add' is clicked on

2018-06-04 18:32:53 - [MESSAGE][PASSED] - Object: 'Object Repository/Store Request Schedule 1/Page_Store/button_Add' is clicked on

2018-06-04 18:32:53 - [TEST_STEP][PASSED] - selectOptionByIndex: All options with index in [1] are selected on object 'Object Repository/Store Request Schedule 1/Page_Store/select_--Select--Schedule 1Inj'

2018-06-04 18:32:53 - [MESSAGE][PASSED] - All options with index in [1] are selected on object 'Object Repository/Store Request Schedule 1/Page_Store/select_--Select--Schedule 1Inj'

2018-06-04 18:32:53 - [TEST_STEP][PASSED] - delay: Delayed 1 second(s)

2018-06-04 18:32:54 - [MESSAGE][PASSED] - Delayed 1 second(s)

2018-06-04 18:32:54 - [TEST_STEP][PASSED] - selectOptionByIndex: All options with index in [14] are selected on object 'Object Repository/Store Request Schedule 1/Page_Store/select_--Select--Adernaline 0.'

2018-06-04 18:32:54 - [MESSAGE][PASSED] - All options with index in [14] are selected on object 'Object Repository/Store Request Schedule 1/Page_Store/select_--Select--Adernaline 0.'

2018-06-04 18:32:54 - [TEST_STEP][PASSED] - setText: Text '100' is set on object 'Object Repository/Store Request Schedule 1/Page_Store/input_txttreat'

2018-06-04 18:32:54 - [MESSAGE][PASSED] - Text '100' is set on object 'Object Repository/Store Request Schedule 1/Page_Store/input_txttreat'

2018-06-04 18:32:54 - [TEST_STEP][PASSED] - click: Object: 'Object Repository/Store Request Schedule 1/Page_Store/button_Add' is clicked on

2018-06-04 18:32:54 - [MESSAGE][PASSED] - Object: 'Object Repository/Store Request Schedule 1/Page_Store/button_Add' is clicked on

2018-06-04 18:32:54 - [TEST_STEP][PASSED] - selectOptionByIndex: All options with index in [1] are selected on object 'Object Repository/Store Request Schedule 1/Page_Store/select_--Select--Schedule 1Inj'

2018-06-04 18:32:54 - [MESSAGE][PASSED] - All options with index in [1] are selected on object 'Object Repository/Store Request Schedule 1/Page_Store/select_--Select--Schedule 1Inj'

2018-06-04 18:32:54 - [TEST_STEP][PASSED] - delay: Delayed 1 second(s)

2018-06-04 18:32:55 - [MESSAGE][PASSED] - Delayed 1 second(s)

2018-06-04 18:32:55 - [TEST_STEP][PASSED] - selectOptionByIndex: All options with index in [15] are selected on object 'Object Repository/Store Request Schedule 1/Page_Store/select_--Select--Adernaline 0.'

2018-06-04 18:32:56 - [MESSAGE][PASSED] - All options with index in [15] are selected on object 'Object Repository/Store Request Schedule 1/Page_Store/select_--Select--Adernaline 0.'

2018-06-04 18:32:56 - [TEST_STEP][PASSED] - setText: Text '100' is set on object 'Object Repository/Store Request Schedule 1/Page_Store/input_txttreat'

2018-06-04 18:32:56 - [MESSAGE][PASSED] - Text '100' is set on object 'Object Repository/Store Request Schedule 1/Page_Store/input_txttreat'

2018-06-04 18:32:56 - [TEST_STEP][PASSED] - click: Object: 'Object Repository/Store Request Schedule 1/Page_Store/button_Add' is clicked on

2018-06-04 18:32:56 - [MESSAGE][PASSED] - Object: 'Object Repository/Store Request Schedule 1/Page_Store/button_Add' is clicked on

2018-06-04 18:32:56 - [TEST_STEP][PASSED] - selectOptionByIndex: All options with index in [1] are selected on object 'Object Repository/Store Request Schedule 1/Page_Store/select_--Select--Schedule 1Inj'

2018-06-04 18:32:56 - [MESSAGE][PASSED] - All options with index in [1] are selected on object 'Object Repository/Store Request Schedule 1/Page_Store/select_--Select--Schedule 1Inj'

2018-06-04 18:32:56 - [TEST_STEP][PASSED] - delay: Delayed 1 second(s)

2018-06-04 18:32:57 - [MESSAGE][PASSED] - Delayed 1 second(s)

2018-06-04 18:32:57 - [TEST_STEP][PASSED] - selectOptionByIndex: All options with index in [16] are selected on object 'Object Repository/Store Request Schedule 1/Page_Store/select_--Select--Adernaline 0.'

2018-06-04 18:32:57 - [MESSAGE][PASSED] - All options with index in [16] are selected on object 'Object Repository/Store Request Schedule 1/Page_Store/select_--Select--Adernaline 0.'

2018-06-04 18:32:57 - [TEST_STEP][PASSED] - setText: Text '100' is set on object 'Object Repository/Store Request Schedule 1/Page_Store/input_txttreat'

2018-06-04 18:32:57 - [MESSAGE][PASSED] - Text '100' is set on object 'Object Repository/Store Request Schedule 1/Page_Store/input_txttreat'

2018-06-04 18:32:57 - [TEST_STEP][PASSED] - click: Object: 'Object Repository/Store Request Schedule 1/Page_Store/button_Add' is clicked on

2018-06-04 18:32:58 - [MESSAGE][PASSED] - Object: 'Object Repository/Store Request Schedule 1/Page_Store/button_Add' is clicked on

2018-06-04 18:32:58 - [TEST_STEP][PASSED] - selectOptionByIndex: All options with index in [1] are selected on object 'Object Repository/Store Request Schedule 1/Page_Store/select_--Select--Schedule 1Inj'

2018-06-04 18:32:58 - [MESSAGE][PASSED] - All options with index in [1] are selected on object 'Object Repository/Store Request Schedule 1/Page_Store/select_--Select--Schedule 1Inj'

2018-06-04 18:32:58 - [TEST_STEP][PASSED] - delay: Delayed 1 second(s)

2018-06-04 18:32:59 - [MESSAGE][PASSED] - Delayed 1 second(s)

2018-06-04 18:32:59 - [TEST_STEP][PASSED] - selectOptionByIndex: All options with index in [17] are selected on object 'Object Repository/Store Request Schedule 1/Page_Store/select_--Select--Adernaline 0.'

2018-06-04 18:32:59 - [MESSAGE][PASSED] - All options with index in [17] are selected on object 'Object Repository/Store Request Schedule 1/Page_Store/select_--Select--Adernaline 0.'

2018-06-04 18:32:59 - [TEST_STEP][PASSED] - setText: Text '100' is set on object 'Object Repository/Store Request Schedule 1/Page_Store/input_txttreat'

2018-06-04 18:32:59 - [MESSAGE][PASSED] - Text '100' is set on object 'Object Repository/Store Request Schedule 1/Page_Store/input_txttreat'

2018-06-04 18:32:59 - [TEST_STEP][PASSED] - click: Object: 'Object Repository/Store Request Schedule 1/Page_Store/button_Add' is clicked on

2018-06-04 18:32:59 - [MESSAGE][PASSED] - Object: 'Object Repository/Store Request Schedule 1/Page_Store/button_Add' is clicked on

2018-06-04 18:32:59 - [TEST_STEP][PASSED] - selectOptionByIndex: All options with index in [1] are selected on object 'Object Repository/Store Request Schedule 1/Page_Store/select_--Select--Schedule 1Inj'

2018-06-04 18:32:59 - [MESSAGE][PASSED] - All options with index in [1] are selected on object 'Object Repository/Store Request Schedule 1/Page_Store/select_--Select--Schedule 1Inj'

2018-06-04 18:32:59 - [TEST_STEP][PASSED] - delay: Delayed 1 second(s)

2018-06-04 18:33:00 - [MESSAGE][PASSED] - Delayed 1 second(s)

2018-06-04 18:33:00 - [TEST_STEP][PASSED] - selectOptionByIndex: All options with index in [18] are selected on object 'Object Repository/Store Request Schedule 1/Page_Store/select_--Select--Adernaline 0.'

2018-06-04 18:33:01 - [MESSAGE][PASSED] - All options with index in [18] are selected on object 'Object Repository/Store Request Schedule 1/Page_Store/select_--Select--Adernaline 0.'

2018-06-04 18:33:01 - [TEST_STEP][PASSED] - setText: Text '100' is set on object 'Object Repository/Store Request Schedule 1/Page_Store/input_txttreat'

2018-06-04 18:33:01 - [MESSAGE][PASSED] - Text '100' is set on object 'Object Repository/Store Request Schedule 1/Page_Store/input_txttreat'

2018-06-04 18:33:01 - [TEST_STEP][PASSED] - click: Object: 'Object Repository/Store Request Schedule 1/Page_Store/button_Add' is clicked on

2018-06-04 18:33:01 - [MESSAGE][PASSED] - Object: 'Object Repository/Store Request Schedule 1/Page_Store/button_Add' is clicked on

2018-06-04 18:33:01 - [TEST_STEP][PASSED] - selectOptionByIndex: All options with index in [1] are selected on object 'Object Repository/Store Request Schedule 1/Page_Store/select_--Select--Schedule 1Inj'

2018-06-04 18:33:01 - [MESSAGE][PASSED] - All options with index in [1] are selected on object 'Object Repository/Store Request Schedule 1/Page_Store/select_--Select--Schedule 1Inj'

2018-06-04 18:33:01 - [TEST_STEP][PASSED] - delay: Delayed 1 second(s)

2018-06-04 18:33:02 - [MESSAGE][PASSED] - Delayed 1 second(s)

2018-06-04 18:33:02 - [TEST_STEP][PASSED] - selectOptionByIndex: All options with index in [19] are selected on object 'Object Repository/Store Request Schedule 1/Page_Store/select_--Select--Adernaline 0.'

2018-06-04 18:33:02 - [MESSAGE][PASSED] - All options with index in [19] are selected on object 'Object Repository/Store Request Schedule 1/Page_Store/select_--Select--Adernaline 0.'

2018-06-04 18:33:02 - [TEST_STEP][PASSED] - setText: Text '100' is set on object 'Object Repository/Store Request Schedule 1/Page_Store/input_txttreat'

2018-06-04 18:33:02 - [MESSAGE][PASSED] - Text '100' is set on object 'Object Repository/Store Request Schedule 1/Page_Store/input_txttreat'

2018-06-04 18:33:02 - [TEST_STEP][PASSED] - click: Object: 'Object Repository/Store Request Schedule 1/Page_Store/button_Add' is clicked on

2018-06-04 18:33:02 - [MESSAGE][PASSED] - Object: 'Object Repository/Store Request Schedule 1/Page_Store/button_Add' is clicked on

2018-06-04 18:33:02 - [TEST_STEP][PASSED] - selectOptionByIndex: All options with index in [1] are selected on object 'Object Repository/Store Request Schedule 1/Page_Store/select_--Select--Schedule 1Inj'

2018-06-04 18:33:03 - [MESSAGE][PASSED] - All options with index in [1] are selected on object 'Object Repository/Store Request Schedule 1/Page_Store/select_--Select--Schedule 1Inj'

2018-06-04 18:33:03 - [TEST_STEP][PASSED] - delay: Delayed 1 second(s)

2018-06-04 18:33:04 - [MESSAGE][PASSED] - Delayed 1 second(s)

2018-06-04 18:33:04 - [TEST_STEP][PASSED] - selectOptionByIndex: All options with index in [20] are selected on object 'Object Repository/Store Request Schedule 1/Page_Store/select_--Select--Adernaline 0.'

2018-06-04 18:33:04 - [MESSAGE][PASSED] - All options with index in [20] are selected on object 'Object Repository/Store Request Schedule 1/Page_Store/select_--Select--Adernaline 0.'

2018-06-04 18:33:04 - [TEST_STEP][PASSED] - setText: Text '100' is set on object 'Object Repository/Store Request Schedule 1/Page_Store/input_txttreat'

2018-06-04 18:33:04 - [MESSAGE][PASSED] - Text '100' is set on object 'Object Repository/Store Request Schedule 1/Page_Store/input_txttreat'

2018-06-04 18:33:04 - [TEST_STEP][PASSED] - click: Object: 'Object Repository/Store Request Schedule 1/Page_Store/button_Add' is clicked on

2018-06-04 18:33:04 - [MESSAGE][PASSED] - Object: 'Object Repository/Store Request Schedule 1/Page_Store/button_Add' is clicked on

2018-06-04 18:33:04 - [TEST_STEP][PASSED] - selectOptionByIndex: All options with index in [1] are selected on object 'Object Repository/Store Request Schedule 1/Page_Store/select_--Select--Schedule 1Inj'

2018-06-04 18:33:04 - [MESSAGE][PASSED] - All options with index in [1] are selected on object 'Object Repository/Store Request Schedule 1/Page_Store/select_--Select--Schedule 1Inj'

2018-06-04 18:33:04 - [TEST_STEP][PASSED] - delay: Delayed 1 second(s)

2018-06-04 18:33:05 - [MESSAGE][PASSED] - Delayed 1 second(s)

2018-06-04 18:33:05 - [TEST_STEP][PASSED] - selectOptionByIndex: All options with index in [21] are selected on object 'Object Repository/Store Request Schedule 1/Page_Store/select_--Select--Adernaline 0.'

2018-06-04 18:33:06 - [MESSAGE][PASSED] - All options with index in [21] are selected on object 'Object Repository/Store Request Schedule 1/Page_Store/select_--Select--Adernaline 0.'

2018-06-04 18:33:06 - [TEST_STEP][PASSED] - setText: Text '100' is set on object 'Object Repository/Store Request Schedule 1/Page_Store/input_txttreat'

2018-06-04 18:33:06 - [MESSAGE][PASSED] - Text '100' is set on object 'Object Repository/Store Request Schedule 1/Page_Store/input_txttreat'

2018-06-04 18:33:06 - [TEST_STEP][PASSED] - click: Object: 'Object Repository/Store Request Schedule 1/Page_Store/button_Add' is clicked on

2018-06-04 18:33:06 - [MESSAGE][PASSED] - Object: 'Object Repository/Store Request Schedule 1/Page_Store/button_Add' is clicked on

2018-06-04 18:33:06 - [TEST_STEP][PASSED] - selectOptionByIndex: All options with index in [1] are selected on object 'Object Repository/Store Request Schedule 1/Page_Store/select_--Select--Schedule 1Inj'

2018-06-04 18:33:06 - [MESSAGE][PASSED] - All options with index in [1] are selected on object 'Object Repository/Store Request Schedule 1/Page_Store/select_--Select--Schedule 1Inj'

2018-06-04 18:33:06 - [TEST_STEP][PASSED] - delay: Delayed 1 second(s)

2018-06-04 18:33:07 - [MESSAGE][PASSED] - Delayed 1 second(s)

2018-06-04 18:33:07 - [TEST_STEP][PASSED] - selectOptionByIndex: All options with index in [22] are selected on object 'Object Repository/Store Request Schedule 1/Page_Store/select_--Select--Adernaline 0.'

2018-06-04 18:33:07 - [MESSAGE][PASSED] - All options with index in [22] are selected on object 'Object Repository/Store Request Schedule 1/Page_Store/select_--Select--Adernaline 0.'

2018-06-04 18:33:07 - [TEST_STEP][PASSED] - setText: Text '100' is set on object 'Object Repository/Store Request Schedule 1/Page_Store/input_txttreat'

2018-06-04 18:33:07 - [MESSAGE][PASSED] - Text '100' is set on object 'Object Repository/Store Request Schedule 1/Page_Store/input_txttreat'

2018-06-04 18:33:07 - [TEST_STEP][PASSED] - click: Object: 'Object Repository/Store Request Schedule 1/Page_Store/button_Add' is clicked on

2018-06-04 18:33:08 - [MESSAGE][PASSED] - Object: 'Object Repository/Store Request Schedule 1/Page_Store/button_Add' is clicked on

2018-06-04 18:33:08 - [TEST_STEP][PASSED] - selectOptionByIndex: All options with index in [1] are selected on object 'Object Repository/Store Request Schedule 1/Page_Store/select_--Select--Schedule 1Inj'

2018-06-04 18:33:08 - [MESSAGE][PASSED] - All options with index in [1] are selected on object 'Object Repository/Store Request Schedule 1/Page_Store/select_--Select--Schedule 1Inj'

2018-06-04 18:33:08 - [TEST_STEP][PASSED] - delay: Delayed 1 second(s)

2018-06-04 18:33:09 - [MESSAGE][PASSED] - Delayed 1 second(s)

2018-06-04 18:33:09 - [TEST_STEP][PASSED] - selectOptionByIndex: All options with index in [23] are selected on object 'Object Repository/Store Request Schedule 1/Page_Store/select_--Select--Adernaline 0.'

2018-06-04 18:33:09 - [MESSAGE][PASSED] - All options with index in [23] are selected on object 'Object Repository/Store Request Schedule 1/Page_Store/select_--Select--Adernaline 0.'

2018-06-04 18:33:09 - [TEST_STEP][PASSED] - setText: Text '100' is set on object 'Object Repository/Store Request Schedule 1/Page_Store/input_txttreat'

2018-06-04 18:33:09 - [MESSAGE][PASSED] - Text '100' is set on object 'Object Repository/Store Request Schedule 1/Page_Store/input_txttreat'

2018-06-04 18:33:09 - [TEST_STEP][PASSED] - click: Object: 'Object Repository/Store Request Schedule 1/Page_Store/button_Add' is clicked on

2018-06-04 18:33:09 - [MESSAGE][PASSED] - Object: 'Object Repository/Store Request Schedule 1/Page_Store/button_Add' is clicked on

2018-06-04 18:33:09 - [TEST_STEP][PASSED] - selectOptionByIndex: All options with index in [1] are selected on object 'Object Repository/Store Request Schedule 1/Page_Store/select_--Select--Schedule 1Inj'

2018-06-04 18:33:09 - [MESSAGE][PASSED] - All options with index in [1] are selected on object 'Object Repository/Store Request Schedule 1/Page_Store/select_--Select--Schedule 1Inj'

2018-06-04 18:33:09 - [TEST_STEP][PASSED] - delay: Delayed 1 second(s)

2018-06-04 18:33:10 - [MESSAGE][PASSED] - Delayed 1 second(s)

2018-06-04 18:33:10 - [TEST_STEP][PASSED] - selectOptionByIndex: All options with index in [24] are selected on object 'Object Repository/Store Request Schedule 1/Page_Store/select_--Select--Adernaline 0.'

2018-06-04 18:33:11 - [MESSAGE][PASSED] - All options with index in [24] are selected on object 'Object Repository/Store Request Schedule 1/Page_Store/select_--Select--Adernaline 0.'

2018-06-04 18:33:11 - [TEST_STEP][PASSED] - setText: Text '100' is set on object 'Object Repository/Store Request Schedule 1/Page_Store/input_txttreat'

2018-06-04 18:33:11 - [MESSAGE][PASSED] - Text '100' is set on object 'Object Repository/Store Request Schedule 1/Page_Store/input_txttreat'

2018-06-04 18:33:11 - [TEST_STEP][PASSED] - click: Object: 'Object Repository/Store Request Schedule 1/Page_Store/button_Add' is clicked on

2018-06-04 18:33:11 - [MESSAGE][PASSED] - Object: 'Object Repository/Store Request Schedule 1/Page_Store/button_Add' is clicked on

2018-06-04 18:33:11 - [TEST_STEP][PASSED] - selectOptionByIndex: All options with index in [1] are selected on object 'Object Repository/Store Request Schedule 1/Page_Store/select_--Select--Schedule 1Inj'

2018-06-04 18:33:11 - [MESSAGE][PASSED] - All options with index in [1] are selected on object 'Object Repository/Store Request Schedule 1/Page_Store/select_--Select--Schedule 1Inj'

2018-06-04 18:33:11 - [TEST_STEP][PASSED] - delay: Delayed 1 second(s)

2018-06-04 18:33:12 - [MESSAGE][PASSED] - Delayed 1 second(s)

2018-06-04 18:33:12 - [TEST_STEP][PASSED] - selectOptionByIndex: All options with index in [25] are selected on object 'Object Repository/Store Request Schedule 1/Page_Store/select_--Select--Adernaline 0.'

2018-06-04 18:33:13 - [MESSAGE][PASSED] - All options with index in [25] are selected on object 'Object Repository/Store Request Schedule 1/Page_Store/select_--Select--Adernaline 0.'

2018-06-04 18:33:13 - [TEST_STEP][PASSED] - setText: Text '100' is set on object 'Object Repository/Store Request Schedule 1/Page_Store/input_txttreat'

2018-06-04 18:33:13 - [MESSAGE][PASSED] - Text '100' is set on object 'Object Repository/Store Request Schedule 1/Page_Store/input_txttreat'

2018-06-04 18:33:13 - [TEST_STEP][PASSED] - click: Object: 'Object Repository/Store Request Schedule 1/Page_Store/button_Add' is clicked on

2018-06-04 18:33:13 - [MESSAGE][PASSED] - Object: 'Object Repository/Store Request Schedule 1/Page_Store/button_Add' is clicked on

2018-06-04 18:33:13 - [TEST_STEP][PASSED] - selectOptionByIndex: All options with index in [1] are selected on object 'Object Repository/Store Request Schedule 1/Page_Store/select_--Select--Schedule 1Inj'

2018-06-04 18:33:13 - [MESSAGE][PASSED] - All options with index in [1] are selected on object 'Object Repository/Store Request Schedule 1/Page_Store/select_--Select--Schedule 1Inj'

2018-06-04 18:33:13 - [TEST_STEP][PASSED] - delay: Delayed 1 second(s)

2018-06-04 18:33:14 - [MESSAGE][PASSED] - Delayed 1 second(s)

2018-06-04 18:33:14 - [TEST_STEP][PASSED] - selectOptionByIndex: All options with index in [26] are selected on object 'Object Repository/Store Request Schedule 1/Page_Store/select_--Select--Adernaline 0.'

2018-06-04 18:33:14 - [MESSAGE][PASSED] - All options with index in [26] are selected on object 'Object Repository/Store Request Schedule 1/Page_Store/select_--Select--Adernaline 0.'

2018-06-04 18:33:14 - [TEST_STEP][PASSED] - setText: Text '100' is set on object 'Object Repository/Store Request Schedule 1/Page_Store/input_txttreat'

2018-06-04 18:33:14 - [MESSAGE][PASSED] - Text '100' is set on object 'Object Repository/Store Request Schedule 1/Page_Store/input_txttreat'

2018-06-04 18:33:14 - [TEST_STEP][PASSED] - click: Object: 'Object Repository/Store Request Schedule 1/Page_Store/button_Add' is clicked on

2018-06-04 18:33:14 - [MESSAGE][PASSED] - Object: 'Object Repository/Store Request Schedule 1/Page_Store/button_Add' is clicked on

2018-06-04 18:33:14 - [TEST_STEP][PASSED] - selectOptionByIndex: All options with index in [1] are selected on object 'Object Repository/Store Request Schedule 1/Page_Store/select_--Select--Schedule 1Inj'

2018-06-04 18:33:15 - [MESSAGE][PASSED] - All options with index in [1] are selected on object 'Object Repository/Store Request Schedule 1/Page_Store/select_--Select--Schedule 1Inj'

2018-06-04 18:33:15 - [TEST_STEP][PASSED] - delay: Delayed 1 second(s)

2018-06-04 18:33:16 - [MESSAGE][PASSED] - Delayed 1 second(s)

2018-06-04 18:33:16 - [TEST_STEP][PASSED] - selectOptionByIndex: All options with index in [27] are selected on object 'Object Repository/Store Request Schedule 1/Page_Store/select_--Select--Adernaline 0.'

2018-06-04 18:33:16 - [MESSAGE][PASSED] - All options with index in [27] are selected on object 'Object Repository/Store Request Schedule 1/Page_Store/select_--Select--Adernaline 0.'

2018-06-04 18:33:16 - [TEST_STEP][PASSED] - setText: Text '100' is set on object 'Object Repository/Store Request Schedule 1/Page_Store/input_txttreat'

2018-06-04 18:33:16 - [MESSAGE][PASSED] - Text '100' is set on object 'Object Repository/Store Request Schedule 1/Page_Store/input_txttreat'

2018-06-04 18:33:16 - [TEST_STEP][PASSED] - click: Object: 'Object Repository/Store Request Schedule 1/Page_Store/button_Add' is clicked on

2018-06-04 18:33:16 - [MESSAGE][PASSED] - Object: 'Object Repository/Store Request Schedule 1/Page_Store/button_Add' is clicked on

2018-06-04 18:33:16 - [TEST_STEP][PASSED] - selectOptionByIndex: All options with index in [1] are selected on object 'Object Repository/Store Request Schedule 1/Page_Store/select_--Select--Schedule 1Inj'

2018-06-04 18:33:16 - [MESSAGE][PASSED] - All options with index in [1] are selected on object 'Object Repository/Store Request Schedule 1/Page_Store/select_--Select--Schedule 1Inj'

2018-06-04 18:33:16 - [TEST_STEP][PASSED] - delay: Delayed 1 second(s)

2018-06-04 18:33:17 - [MESSAGE][PASSED] - Delayed 1 second(s)

2018-06-04 18:33:17 - [TEST_STEP][PASSED] - selectOptionByIndex: All options with index in [28] are selected on object 'Object Repository/Store Request Schedule 1/Page_Store/select_--Select--Adernaline 0.'

2018-06-04 18:33:18 - [MESSAGE][PASSED] - All options with index in [28] are selected on object 'Object Repository/Store Request Schedule 1/Page_Store/select_--Select--Adernaline 0.'

2018-06-04 18:33:18 - [TEST_STEP][PASSED] - setText: Text '100' is set on object 'Object Repository/Store Request Schedule 1/Page_Store/input_txttreat'

2018-06-04 18:33:18 - [MESSAGE][PASSED] - Text '100' is set on object 'Object Repository/Store Request Schedule 1/Page_Store/input_txttreat'

2018-06-04 18:33:18 - [TEST_STEP][PASSED] - click: Object: 'Object Repository/Store Request Schedule 1/Page_Store/button_Add' is clicked on

2018-06-04 18:33:18 - [MESSAGE][PASSED] - Object: 'Object Repository/Store Request Schedule 1/Page_Store/button_Add' is clicked on

2018-06-04 18:33:18 - [TEST_STEP][PASSED] - selectOptionByIndex: All options with index in [1] are selected on object 'Object Repository/Store Request Schedule 1/Page_Store/select_--Select--Schedule 1Inj'

2018-06-04 18:33:18 - [MESSAGE][PASSED] - All options with index in [1] are selected on object 'Object Repository/Store Request Schedule 1/Page_Store/select_--Select--Schedule 1Inj'

2018-06-04 18:33:18 - [TEST_STEP][PASSED] - delay: Delayed 1 second(s)

2018-06-04 18:33:19 - [MESSAGE][PASSED] - Delayed 1 second(s)

2018-06-04 18:33:19 - [TEST_STEP][PASSED] - selectOptionByIndex: All options with index in [29] are selected on object 'Object Repository/Store Request Schedule 1/Page_Store/select_--Select--Adernaline 0.'

2018-06-04 18:33:20 - [MESSAGE][PASSED] - All options with index in [29] are selected on object 'Object Repository/Store Request Schedule 1/Page_Store/select_--Select--Adernaline 0.'

2018-06-04 18:33:20 - [TEST_STEP][PASSED] - setText: Text '100' is set on object 'Object Repository/Store Request Schedule 1/Page_Store/input_txttreat'

2018-06-04 18:33:20 - [MESSAGE][PASSED] - Text '100' is set on object 'Object Repository/Store Request Schedule 1/Page_Store/input_txttreat'

2018-06-04 18:33:20 - [TEST_STEP][PASSED] - click: Object: 'Object Repository/Store Request Schedule 1/Page_Store/button_Add' is clicked on

2018-06-04 18:33:20 - [MESSAGE][PASSED] - Object: 'Object Repository/Store Request Schedule 1/Page_Store/button_Add' is clicked on

2018-06-04 18:33:20 - [TEST_STEP][PASSED] - selectOptionByIndex: All options with index in [1] are selected on object 'Object Repository/Store Request Schedule 1/Page_Store/select_--Select--Schedule 1Inj'

2018-06-04 18:33:20 - [MESSAGE][PASSED] - All options with index in [1] are selected on object 'Object Repository/Store Request Schedule 1/Page_Store/select_--Select--Schedule 1Inj'

2018-06-04 18:33:20 - [TEST_STEP][PASSED] - delay: Delayed 1 second(s)

2018-06-04 18:33:21 - [MESSAGE][PASSED] - Delayed 1 second(s)

2018-06-04 18:33:21 - [TEST_STEP][PASSED] - selectOptionByIndex: All options with index in [30] are selected on object 'Object Repository/Store Request Schedule 1/Page_Store/select_--Select--Adernaline 0.'

2018-06-04 18:33:21 - [MESSAGE][PASSED] - All options with index in [30] are selected on object 'Object Repository/Store Request Schedule 1/Page_Store/select_--Select--Adernaline 0.'

2018-06-04 18:33:21 - [TEST_STEP][PASSED] - setText: Text '100' is set on object 'Object Repository/Store Request Schedule 1/Page_Store/input_txttreat'

2018-06-04 18:33:21 - [MESSAGE][PASSED] - Text '100' is set on object 'Object Repository/Store Request Schedule 1/Page_Store/input_txttreat'

2018-06-04 18:33:21 - [TEST_STEP][PASSED] - click: Object: 'Object Repository/Store Request Schedule 1/Page_Store/button_Add' is clicked on

2018-06-04 18:33:21 - [MESSAGE][PASSED] - Object: 'Object Repository/Store Request Schedule 1/Page_Store/button_Add' is clicked on

2018-06-04 18:33:21 - [TEST_STEP][PASSED] - selectOptionByIndex: All options with index in [1] are selected on object 'Object Repository/Store Request Schedule 1/Page_Store/select_--Select--Schedule 1Inj'

2018-06-04 18:33:22 - [MESSAGE][PASSED] - All options with index in [1] are selected on object 'Object Repository/Store Request Schedule 1/Page_Store/select_--Select--Schedule 1Inj'

2018-06-04 18:33:22 - [TEST_STEP][PASSED] - delay: Delayed 1 second(s)

2018-06-04 18:33:23 - [MESSAGE][PASSED] - Delayed 1 second(s)

2018-06-04 18:33:23 - [TEST_STEP][PASSED] - selectOptionByIndex: All options with index in [31] are selected on object 'Object Repository/Store Request Schedule 1/Page_Store/select_--Select--Adernaline 0.'

2018-06-04 18:33:23 - [MESSAGE][PASSED] - All options with index in [31] are selected on object 'Object Repository/Store Request Schedule 1/Page_Store/select_--Select--Adernaline 0.'

2018-06-04 18:33:23 - [TEST_STEP][PASSED] - setText: Text '100' is set on object 'Object Repository/Store Request Schedule 1/Page_Store/input_txttreat'

2018-06-04 18:33:23 - [MESSAGE][PASSED] - Text '100' is set on object 'Object Repository/Store Request Schedule 1/Page_Store/input_txttreat'

2018-06-04 18:33:23 - [TEST_STEP][PASSED] - click: Object: 'Object Repository/Store Request Schedule 1/Page_Store/button_Add' is clicked on

2018-06-04 18:33:23 - [MESSAGE][PASSED] - Object: 'Object Repository/Store Request Schedule 1/Page_Store/button_Add' is clicked on

2018-06-04 18:33:23 - [TEST_STEP][PASSED] - selectOptionByIndex: All options with index in [1] are selected on object 'Object Repository/Store Request Schedule 1/Page_Store/select_--Select--Schedule 1Inj'

2018-06-04 18:33:23 - [MESSAGE][PASSED] - All options with index in [1] are selected on object 'Object Repository/Store Request Schedule 1/Page_Store/select_--Select--Schedule 1Inj'

2018-06-04 18:33:23 - [TEST_STEP][PASSED] - delay: Delayed 1 second(s)

2018-06-04 18:33:24 - [MESSAGE][PASSED] - Delayed 1 second(s)

2018-06-04 18:33:24 - [TEST_STEP][PASSED] - selectOptionByIndex: All options with index in [32] are selected on object 'Object Repository/Store Request Schedule 1/Page_Store/select_--Select--Adernaline 0.'

2018-06-04 18:33:25 - [MESSAGE][PASSED] - All options with index in [32] are selected on object 'Object Repository/Store Request Schedule 1/Page_Store/select_--Select--Adernaline 0.'

2018-06-04 18:33:25 - [TEST_STEP][PASSED] - setText: Text '100' is set on object 'Object Repository/Store Request Schedule 1/Page_Store/input_txttreat'

2018-06-04 18:33:25 - [MESSAGE][PASSED] - Text '100' is set on object 'Object Repository/Store Request Schedule 1/Page_Store/input_txttreat'

2018-06-04 18:33:25 - [TEST_STEP][PASSED] - click: Object: 'Object Repository/Store Request Schedule 1/Page_Store/button_Add' is clicked on

2018-06-04 18:33:25 - [MESSAGE][PASSED] - Object: 'Object Repository/Store Request Schedule 1/Page_Store/button_Add' is clicked on

2018-06-04 18:33:25 - [TEST_STEP][PASSED] - selectOptionByIndex: All options with index in [1] are selected on object 'Object Repository/Store Request Schedule 1/Page_Store/select_--Select--Schedule 1Inj'

2018-06-04 18:33:25 - [MESSAGE][PASSED] - All options with index in [1] are selected on object 'Object Repository/Store Request Schedule 1/Page_Store/select_--Select--Schedule 1Inj'

2018-06-04 18:33:25 - [TEST_STEP][PASSED] - delay: Delayed 1 second(s)

2018-06-04 18:33:26 - [MESSAGE][PASSED] - Delayed 1 second(s)

2018-06-04 18:33:26 - [TEST_STEP][PASSED] - selectOptionByIndex: All options with index in [33] are selected on object 'Object Repository/Store Request Schedule 1/Page_Store/select_--Select--Adernaline 0.'

2018-06-04 18:33:27 - [MESSAGE][PASSED] - All options with index in [33] are selected on object 'Object Repository/Store Request Schedule 1/Page_Store/select_--Select--Adernaline 0.'

2018-06-04 18:33:27 - [TEST_STEP][PASSED] - setText: Text '100' is set on object 'Object Repository/Store Request Schedule 1/Page_Store/input_txttreat'

2018-06-04 18:33:27 - [MESSAGE][PASSED] - Text '100' is set on object 'Object Repository/Store Request Schedule 1/Page_Store/input_txttreat'

2018-06-04 18:33:27 - [TEST_STEP][PASSED] - click: Object: 'Object Repository/Store Request Schedule 1/Page_Store/button_Add' is clicked on

2018-06-04 18:33:27 - [MESSAGE][PASSED] - Object: 'Object Repository/Store Request Schedule 1/Page_Store/button_Add' is clicked on

2018-06-04 18:33:27 - [TEST_STEP][PASSED] - selectOptionByIndex: All options with index in [1] are selected on object 'Object Repository/Store Request Schedule 1/Page_Store/select_--Select--Schedule 1Inj'

2018-06-04 18:33:27 - [MESSAGE][PASSED] - All options with index in [1] are selected on object 'Object Repository/Store Request Schedule 1/Page_Store/select_--Select--Schedule 1Inj'

2018-06-04 18:33:27 - [TEST_STEP][PASSED] - delay: Delayed 1 second(s)

2018-06-04 18:33:28 - [MESSAGE][PASSED] - Delayed 1 second(s)

2018-06-04 18:33:28 - [TEST_STEP][PASSED] - selectOptionByIndex: All options with index in [34] are selected on object 'Object Repository/Store Request Schedule 1/Page_Store/select_--Select--Adernaline 0.'

2018-06-04 18:33:28 - [MESSAGE][PASSED] - All options with index in [34] are selected on object 'Object Repository/Store Request Schedule 1/Page_Store/select_--Select--Adernaline 0.'

2018-06-04 18:33:28 - [TEST_STEP][PASSED] - setText: Text '100' is set on object 'Object Repository/Store Request Schedule 1/Page_Store/input_txttreat'

2018-06-04 18:33:29 - [MESSAGE][PASSED] - Text '100' is set on object 'Object Repository/Store Request Schedule 1/Page_Store/input_txttreat'

2018-06-04 18:33:29 - [TEST_STEP][PASSED] - click: Object: 'Object Repository/Store Request Schedule 1/Page_Store/button_Add' is clicked on

2018-06-04 18:33:29 - [MESSAGE][PASSED] - Object: 'Object Repository/Store Request Schedule 1/Page_Store/button_Add' is clicked on

2018-06-04 18:33:29 - [TEST_STEP][PASSED] - selectOptionByIndex: All options with index in [1] are selected on object 'Object Repository/Store Request Schedule 1/Page_Store/select_--Select--Schedule 1Inj'

2018-06-04 18:33:29 - [MESSAGE][PASSED] - All options with index in [1] are selected on object 'Object Repository/Store Request Schedule 1/Page_Store/select_--Select--Schedule 1Inj'

2018-06-04 18:33:29 - [TEST_STEP][PASSED] - delay: Delayed 1 second(s)

2018-06-04 18:33:30 - [MESSAGE][PASSED] - Delayed 1 second(s)

2018-06-04 18:33:30 - [TEST_STEP][PASSED] - selectOptionByIndex: All options with index in [35] are selected on object 'Object Repository/Store Request Schedule 1/Page_Store/select_--Select--Adernaline 0.'

2018-06-04 18:33:30 - [MESSAGE][PASSED] - All options with index in [35] are selected on object 'Object Repository/Store Request Schedule 1/Page_Store/select_--Select--Adernaline 0.'

2018-06-04 18:33:30 - [TEST_STEP][PASSED] - setText: Text '100' is set on object 'Object Repository/Store Request Schedule 1/Page_Store/input_txttreat'

2018-06-04 18:33:30 - [MESSAGE][PASSED] - Text '100' is set on object 'Object Repository/Store Request Schedule 1/Page_Store/input_txttreat'

2018-06-04 18:33:30 - [TEST_STEP][PASSED] - click: Object: 'Object Repository/Store Request Schedule 1/Page_Store/button_Add' is clicked on

2018-06-04 18:33:30 - [MESSAGE][PASSED] - Object: 'Object Repository/Store Request Schedule 1/Page_Store/button_Add' is clicked on

2018-06-04 18:33:30 - [TEST_STEP][PASSED] - selectOptionByIndex: All options with index in [1] are selected on object 'Object Repository/Store Request Schedule 1/Page_Store/select_--Select--Schedule 1Inj'

2018-06-04 18:33:31 - [MESSAGE][PASSED] - All options with index in [1] are selected on object 'Object Repository/Store Request Schedule 1/Page_Store/select_--Select--Schedule 1Inj'

2018-06-04 18:33:31 - [TEST_STEP][PASSED] - delay: Delayed 1 second(s)

2018-06-04 18:33:32 - [MESSAGE][PASSED] - Delayed 1 second(s)

2018-06-04 18:33:32 - [TEST_STEP][PASSED] - selectOptionByIndex: All options with index in [36] are selected on object 'Object Repository/Store Request Schedule 1/Page_Store/select_--Select--Adernaline 0.'

2018-06-04 18:33:32 - [MESSAGE][PASSED] - All options with index in [36] are selected on object 'Object Repository/Store Request Schedule 1/Page_Store/select_--Select--Adernaline 0.'

2018-06-04 18:33:32 - [TEST_STEP][PASSED] - setText: Text '100' is set on object 'Object Repository/Store Request Schedule 1/Page_Store/input_txttreat'

2018-06-04 18:33:32 - [MESSAGE][PASSED] - Text '100' is set on object 'Object Repository/Store Request Schedule 1/Page_Store/input_txttreat'

2018-06-04 18:33:32 - [TEST_STEP][PASSED] - click: Object: 'Object Repository/Store Request Schedule 1/Page_Store/button_Add' is clicked on

2018-06-04 18:33:32 - [MESSAGE][PASSED] - Object: 'Object Repository/Store Request Schedule 1/Page_Store/button_Add' is clicked on

2018-06-04 18:33:32 - [TEST_STEP][PASSED] - selectOptionByIndex: All options with index in [1] are selected on object 'Object Repository/Store Request Schedule 1/Page_Store/select_--Select--Schedule 1Inj'

2018-06-04 18:33:32 - [MESSAGE][PASSED] - All options with index in [1] are selected on object 'Object Repository/Store Request Schedule 1/Page_Store/select_--Select--Schedule 1Inj'

2018-06-04 18:33:32 - [TEST_STEP][PASSED] - delay: Delayed 1 second(s)

2018-06-04 18:33:33 - [MESSAGE][PASSED] - Delayed 1 second(s)

2018-06-04 18:33:33 - [TEST_STEP][PASSED] - selectOptionByIndex: All options with index in [37] are selected on object 'Object Repository/Store Request Schedule 1/Page_Store/select_--Select--Adernaline 0.'

2018-06-04 18:33:34 - [MESSAGE][PASSED] - All options with index in [37] are selected on object 'Object Repository/Store Request Schedule 1/Page_Store/select_--Select--Adernaline 0.'

2018-06-04 18:33:34 - [TEST_STEP][PASSED] - setText: Text '100' is set on object 'Object Repository/Store Request Schedule 1/Page_Store/input_txttreat'

2018-06-04 18:33:34 - [MESSAGE][PASSED] - Text '100' is set on object 'Object Repository/Store Request Schedule 1/Page_Store/input_txttreat'

2018-06-04 18:33:34 - [TEST_STEP][PASSED] - click: Object: 'Object Repository/Store Request Schedule 1/Page_Store/button_Add' is clicked on

2018-06-04 18:33:34 - [MESSAGE][PASSED] - Object: 'Object Repository/Store Request Schedule 1/Page_Store/button_Add' is clicked on

2018-06-04 18:33:34 - [TEST_STEP][PASSED] - selectOptionByIndex: All options with index in [1] are selected on object 'Object Repository/Store Request Schedule 1/Page_Store/select_--Select--Schedule 1Inj'

2018-06-04 18:33:34 - [MESSAGE][PASSED] - All options with index in [1] are selected on object 'Object Repository/Store Request Schedule 1/Page_Store/select_--Select--Schedule 1Inj'

2018-06-04 18:33:34 - [TEST_STEP][PASSED] - delay: Delayed 1 second(s)

2018-06-04 18:33:35 - [MESSAGE][PASSED] - Delayed 1 second(s)

2018-06-04 18:33:35 - [TEST_STEP][PASSED] - selectOptionByIndex: All options with index in [38] are selected on object 'Object Repository/Store Request Schedule 1/Page_Store/select_--Select--Adernaline 0.'

2018-06-04 18:33:36 - [MESSAGE][PASSED] - All options with index in [38] are selected on object 'Object Repository/Store Request Schedule 1/Page_Store/select_--Select--Adernaline 0.'

2018-06-04 18:33:36 - [TEST_STEP][PASSED] - setText: Text '100' is set on object 'Object Repository/Store Request Schedule 1/Page_Store/input_txttreat'

2018-06-04 18:33:36 - [MESSAGE][PASSED] - Text '100' is set on object 'Object Repository/Store Request Schedule 1/Page_Store/input_txttreat'

2018-06-04 18:33:36 - [TEST_STEP][PASSED] - click: Object: 'Object Repository/Store Request Schedule 1/Page_Store/button_Add' is clicked on

2018-06-04 18:33:36 - [MESSAGE][PASSED] - Object: 'Object Repository/Store Request Schedule 1/Page_Store/button_Add' is clicked on

2018-06-04 18:33:36 - [TEST_STEP][PASSED] - selectOptionByIndex: All options with index in [1] are selected on object 'Object Repository/Store Request Schedule 1/Page_Store/select_--Select--Schedule 1Inj'

2018-06-04 18:33:36 - [MESSAGE][PASSED] - All options with index in [1] are selected on object 'Object Repository/Store Request Schedule 1/Page_Store/select_--Select--Schedule 1Inj'

2018-06-04 18:33:36 - [TEST_STEP][PASSED] - delay: Delayed 1 second(s)

2018-06-04 18:33:37 - [MESSAGE][PASSED] - Delayed 1 second(s)

2018-06-04 18:33:37 - [TEST_STEP][PASSED] - selectOptionByIndex: All options with index in [39] are selected on object 'Object Repository/Store Request Schedule 1/Page_Store/select_--Select--Adernaline 0.'

2018-06-04 18:33:38 - [MESSAGE][PASSED] - All options with index in [39] are selected on object 'Object Repository/Store Request Schedule 1/Page_Store/select_--Select--Adernaline 0.'

2018-06-04 18:33:38 - [TEST_STEP][PASSED] - setText: Text '100' is set on object 'Object Repository/Store Request Schedule 1/Page_Store/input_txttreat'

2018-06-04 18:33:38 - [MESSAGE][PASSED] - Text '100' is set on object 'Object Repository/Store Request Schedule 1/Page_Store/input_txttreat'

2018-06-04 18:33:38 - [TEST_STEP][PASSED] - click: Object: 'Object Repository/Store Request Schedule 1/Page_Store/button_Add' is clicked on

2018-06-04 18:33:38 - [MESSAGE][PASSED] - Object: 'Object Repository/Store Request Schedule 1/Page_Store/button_Add' is clicked on

2018-06-04 18:33:38 - [TEST_STEP][PASSED] - selectOptionByIndex: All options with index in [1] are selected on object 'Object Repository/Store Request Schedule 1/Page_Store/select_--Select--Schedule 1Inj'

2018-06-04 18:33:38 - [MESSAGE][PASSED] - All options with index in [1] are selected on object 'Object Repository/Store Request Schedule 1/Page_Store/select_--Select--Schedule 1Inj'

2018-06-04 18:33:38 - [TEST_STEP][PASSED] - delay: Delayed 1 second(s)

2018-06-04 18:33:39 - [MESSAGE][PASSED] - Delayed 1 second(s)

2018-06-04 18:33:39 - [TEST_STEP][PASSED] - selectOptionByIndex: All options with index in [40] are selected on object 'Object Repository/Store Request Schedule 1/Page_Store/select_--Select--Adernaline 0.'

2018-06-04 18:33:39 - [MESSAGE][PASSED] - All options with index in [40] are selected on object 'Object Repository/Store Request Schedule 1/Page_Store/select_--Select--Adernaline 0.'

2018-06-04 18:33:39 - [TEST_STEP][PASSED] - setText: Text '100' is set on object 'Object Repository/Store Request Schedule 1/Page_Store/input_txttreat'

2018-06-04 18:33:40 - [MESSAGE][PASSED] - Text '100' is set on object 'Object Repository/Store Request Schedule 1/Page_Store/input_txttreat'

2018-06-04 18:33:40 - [TEST_STEP][PASSED] - click: Object: 'Object Repository/Store Request Schedule 1/Page_Store/button_Add' is clicked on

2018-06-04 18:33:40 - [MESSAGE][PASSED] - Object: 'Object Repository/Store Request Schedule 1/Page_Store/button_Add' is clicked on

2018-06-04 18:33:40 - [TEST_STEP][PASSED] - selectOptionByIndex: All options with index in [1] are selected on object 'Object Repository/Store Request Schedule 1/Page_Store/select_--Select--Schedule 1Inj'

2018-06-04 18:33:40 - [MESSAGE][PASSED] - All options with index in [1] are selected on object 'Object Repository/Store Request Schedule 1/Page_Store/select_--Select--Schedule 1Inj'

2018-06-04 18:33:40 - [TEST_STEP][PASSED] - delay: Delayed 1 second(s)

2018-06-04 18:33:41 - [MESSAGE][PASSED] - Delayed 1 second(s)

2018-06-04 18:33:41 - [TEST_STEP][PASSED] - selectOptionByIndex: All options with index in [41] are selected on object 'Object Repository/Store Request Schedule 1/Page_Store/select_--Select--Adernaline 0.'

2018-06-04 18:33:41 - [MESSAGE][PASSED] - All options with index in [41] are selected on object 'Object Repository/Store Request Schedule 1/Page_Store/select_--Select--Adernaline 0.'

2018-06-04 18:33:41 - [TEST_STEP][PASSED] - setText: Text '100' is set on object 'Object Repository/Store Request Schedule 1/Page_Store/input_txttreat'

2018-06-04 18:33:41 - [MESSAGE][PASSED] - Text '100' is set on object 'Object Repository/Store Request Schedule 1/Page_Store/input_txttreat'

2018-06-04 18:33:41 - [TEST_STEP][PASSED] - click: Object: 'Object Repository/Store Request Schedule 1/Page_Store/button_Add' is clicked on

2018-06-04 18:33:42 - [MESSAGE][PASSED] - Object: 'Object Repository/Store Request Schedule 1/Page_Store/button_Add' is clicked on

2018-06-04 18:33:42 - [TEST_STEP][PASSED] - selectOptionByIndex: All options with index in [1] are selected on object 'Object Repository/Store Request Schedule 1/Page_Store/select_--Select--Schedule 1Inj'

2018-06-04 18:33:42 - [MESSAGE][PASSED] - All options with index in [1] are selected on object 'Object Repository/Store Request Schedule 1/Page_Store/select_--Select--Schedule 1Inj'

2018-06-04 18:33:42 - [TEST_STEP][PASSED] - delay: Delayed 1 second(s)

2018-06-04 18:33:43 - [MESSAGE][PASSED] - Delayed 1 second(s)

2018-06-04 18:33:43 - [TEST_STEP][PASSED] - selectOptionByIndex: All options with index in [42] are selected on object 'Object Repository/Store Request Schedule 1/Page_Store/select_--Select--Adernaline 0.'

2018-06-04 18:33:43 - [MESSAGE][PASSED] - All options with index in [42] are selected on object 'Object Repository/Store Request Schedule 1/Page_Store/select_--Select--Adernaline 0.'

2018-06-04 18:33:43 - [TEST_STEP][PASSED] - setText: Text '100' is set on object 'Object Repository/Store Request Schedule 1/Page_Store/input_txttreat'

2018-06-04 18:33:43 - [MESSAGE][PASSED] - Text '100' is set on object 'Object Repository/Store Request Schedule 1/Page_Store/input_txttreat'

2018-06-04 18:33:43 - [TEST_STEP][PASSED] - click: Object: 'Object Repository/Store Request Schedule 1/Page_Store/button_Add' is clicked on

2018-06-04 18:33:43 - [MESSAGE][PASSED] - Object: 'Object Repository/Store Request Schedule 1/Page_Store/button_Add' is clicked on

2018-06-04 18:33:43 - [TEST_STEP][PASSED] - selectOptionByIndex: All options with index in [1] are selected on object 'Object Repository/Store Request Schedule 1/Page_Store/select_--Select--Schedule 1Inj'

2018-06-04 18:33:44 - [MESSAGE][PASSED] - All options with index in [1] are selected on object 'Object Repository/Store Request Schedule 1/Page_Store/select_--Select--Schedule 1Inj'

2018-06-04 18:33:44 - [TEST_STEP][PASSED] - delay: Delayed 1 second(s)

2018-06-04 18:33:45 - [MESSAGE][PASSED] - Delayed 1 second(s)

2018-06-04 18:33:45 - [TEST_STEP][PASSED] - selectOptionByIndex: All options with index in [43] are selected on object 'Object Repository/Store Request Schedule 1/Page_Store/select_--Select--Adernaline 0.'

2018-06-04 18:33:45 - [MESSAGE][PASSED] - All options with index in [43] are selected on object 'Object Repository/Store Request Schedule 1/Page_Store/select_--Select--Adernaline 0.'

2018-06-04 18:33:45 - [TEST_STEP][PASSED] - setText: Text '100' is set on object 'Object Repository/Store Request Schedule 1/Page_Store/input_txttreat'

2018-06-04 18:33:45 - [MESSAGE][PASSED] - Text '100' is set on object 'Object Repository/Store Request Schedule 1/Page_Store/input_txttreat'

2018-06-04 18:33:45 - [TEST_STEP][PASSED] - click: Object: 'Object Repository/Store Request Schedule 1/Page_Store/button_Add' is clicked on

2018-06-04 18:33:45 - [MESSAGE][PASSED] - Object: 'Object Repository/Store Request Schedule 1/Page_Store/button_Add' is clicked on

2018-06-04 18:33:45 - [TEST_STEP][PASSED] - selectOptionByIndex: All options with index in [1] are selected on object 'Object Repository/Store Request Schedule 1/Page_Store/select_--Select--Schedule 1Inj'

2018-06-04 18:33:45 - [MESSAGE][PASSED] - All options with index in [1] are selected on object 'Object Repository/Store Request Schedule 1/Page_Store/select_--Select--Schedule 1Inj'

2018-06-04 18:33:45 - [TEST_STEP][PASSED] - delay: Delayed 1 second(s)

2018-06-04 18:33:46 - [MESSAGE][PASSED] - Delayed 1 second(s)

2018-06-04 18:33:46 - [TEST_STEP][PASSED] - selectOptionByIndex: All options with index in [44] are selected on object 'Object Repository/Store Request Schedule 1/Page_Store/select_--Select--Adernaline 0.'

2018-06-04 18:33:47 - [MESSAGE][PASSED] - All options with index in [44] are selected on object 'Object Repository/Store Request Schedule 1/Page_Store/select_--Select--Adernaline 0.'

2018-06-04 18:33:47 - [TEST_STEP][PASSED] - setText: Text '100' is set on object 'Object Repository/Store Request Schedule 1/Page_Store/input_txttreat'

2018-06-04 18:33:47 - [MESSAGE][PASSED] - Text '100' is set on object 'Object Repository/Store Request Schedule 1/Page_Store/input_txttreat'

2018-06-04 18:33:47 - [TEST_STEP][PASSED] - click: Object: 'Object Repository/Store Request Schedule 1/Page_Store/button_Add' is clicked on

2018-06-04 18:33:47 - [MESSAGE][PASSED] - Object: 'Object Repository/Store Request Schedule 1/Page_Store/button_Add' is clicked on

2018-06-04 18:33:47 - [TEST_STEP][PASSED] - selectOptionByIndex: All options with index in [1] are selected on object 'Object Repository/Store Request Schedule 1/Page_Store/select_--Select--Schedule 1Inj'

2018-06-04 18:33:47 - [MESSAGE][PASSED] - All options with index in [1] are selected on object 'Object Repository/Store Request Schedule 1/Page_Store/select_--Select--Schedule 1Inj'

2018-06-04 18:33:47 - [TEST_STEP][PASSED] - delay: Delayed 1 second(s)

2018-06-04 18:33:48 - [MESSAGE][PASSED] - Delayed 1 second(s)

2018-06-04 18:33:48 - [TEST_STEP][PASSED] - selectOptionByIndex: All options with index in [45] are selected on object 'Object Repository/Store Request Schedule 1/Page_Store/select_--Select--Adernaline 0.'

2018-06-04 18:33:49 - [MESSAGE][PASSED] - All options with index in [45] are selected on object 'Object Repository/Store Request Schedule 1/Page_Store/select_--Select--Adernaline 0.'

2018-06-04 18:33:49 - [TEST_STEP][PASSED] - setText: Text '100' is set on object 'Object Repository/Store Request Schedule 1/Page_Store/input_txttreat'

2018-06-04 18:33:49 - [MESSAGE][PASSED] - Text '100' is set on object 'Object Repository/Store Request Schedule 1/Page_Store/input_txttreat'

2018-06-04 18:33:49 - [TEST_STEP][PASSED] - click: Object: 'Object Repository/Store Request Schedule 1/Page_Store/button_Add' is clicked on

2018-06-04 18:33:49 - [MESSAGE][PASSED] - Object: 'Object Repository/Store Request Schedule 1/Page_Store/button_Add' is clicked on

2018-06-04 18:33:49 - [TEST_STEP][PASSED] - selectOptionByIndex: All options with index in [1] are selected on object 'Object Repository/Store Request Schedule 1/Page_Store/select_--Select--Schedule 1Inj'

2018-06-04 18:33:49 - [MESSAGE][PASSED] - All options with index in [1] are selected on object 'Object Repository/Store Request Schedule 1/Page_Store/select_--Select--Schedule 1Inj'

2018-06-04 18:33:49 - [TEST_STEP][PASSED] - delay: Delayed 1 second(s)

2018-06-04 18:33:50 - [MESSAGE][PASSED] - Delayed 1 second(s)

2018-06-04 18:33:50 - [TEST_STEP][PASSED] - selectOptionByIndex: All options with index in [46] are selected on object 'Object Repository/Store Request Schedule 1/Page_Store/select_--Select--Adernaline 0.'

2018-06-04 18:33:51 - [MESSAGE][PASSED] - All options with index in [46] are selected on object 'Object Repository/Store Request Schedule 1/Page_Store/select_--Select--Adernaline 0.'

2018-06-04 18:33:51 - [TEST_STEP][PASSED] - setText: Text '100' is set on object 'Object Repository/Store Request Schedule 1/Page_Store/input_txttreat'

2018-06-04 18:33:51 - [MESSAGE][PASSED] - Text '100' is set on object 'Object Repository/Store Request Schedule 1/Page_Store/input_txttreat'

2018-06-04 18:33:51 - [TEST_STEP][PASSED] - click: Object: 'Object Repository/Store Request Schedule 1/Page_Store/button_Add' is clicked on

2018-06-04 18:33:51 - [MESSAGE][PASSED] - Object: 'Object Repository/Store Request Schedule 1/Page_Store/button_Add' is clicked on

2018-06-04 18:33:51 - [TEST_STEP][PASSED] - selectOptionByIndex: All options with index in [1] are selected on object 'Object Repository/Store Request Schedule 1/Page_Store/select_--Select--Schedule 1Inj'

2018-06-04 18:33:51 - [MESSAGE][PASSED] - All options with index in [1] are selected on object 'Object Repository/Store Request Schedule 1/Page_Store/select_--Select--Schedule 1Inj'

2018-06-04 18:33:51 - [TEST_STEP][PASSED] - delay: Delayed 1 second(s)

2018-06-04 18:33:52 - [MESSAGE][PASSED] - Delayed 1 second(s)

2018-06-04 18:33:52 - [TEST_STEP][PASSED] - selectOptionByIndex: All options with index in [47] are selected on object 'Object Repository/Store Request Schedule 1/Page_Store/select_--Select--Adernaline 0.'

2018-06-04 18:33:53 - [MESSAGE][PASSED] - All options with index in [47] are selected on object 'Object Repository/Store Request Schedule 1/Page_Store/select_--Select--Adernaline 0.'

2018-06-04 18:33:53 - [TEST_STEP][PASSED] - setText: Text '100' is set on object 'Object Repository/Store Request Schedule 1/Page_Store/input_txttreat'

2018-06-04 18:33:53 - [MESSAGE][PASSED] - Text '100' is set on object 'Object Repository/Store Request Schedule 1/Page_Store/input_txttreat'

2018-06-04 18:33:53 - [TEST_STEP][PASSED] - click: Object: 'Object Repository/Store Request Schedule 1/Page_Store/button_Add' is clicked on

2018-06-04 18:33:53 - [MESSAGE][PASSED] - Object: 'Object Repository/Store Request Schedule 1/Page_Store/button_Add' is clicked on

2018-06-04 18:33:53 - [TEST_STEP][PASSED] - selectOptionByIndex: All options with index in [1] are selected on object 'Object Repository/Store Request Schedule 1/Page_Store/select_--Select--Schedule 1Inj'

2018-06-04 18:33:53 - [MESSAGE][PASSED] - All options with index in [1] are selected on object 'Object Repository/Store Request Schedule 1/Page_Store/select_--Select--Schedule 1Inj'

2018-06-04 18:33:53 - [TEST_STEP][PASSED] - delay: Delayed 1 second(s)

2018-06-04 18:33:54 - [MESSAGE][PASSED] - Delayed 1 second(s)

2018-06-04 18:33:54 - [TEST_STEP][PASSED] - selectOptionByIndex: All options with index in [48] are selected on object 'Object Repository/Store Request Schedule 1/Page_Store/select_--Select--Adernaline 0.'

2018-06-04 18:33:55 - [MESSAGE][PASSED] - All options with index in [48] are selected on object 'Object Repository/Store Request Schedule 1/Page_Store/select_--Select--Adernaline 0.'

2018-06-04 18:33:55 - [TEST_STEP][PASSED] - setText: Text '100' is set on object 'Object Repository/Store Request Schedule 1/Page_Store/input_txttreat'

2018-06-04 18:33:55 - [MESSAGE][PASSED] - Text '100' is set on object 'Object Repository/Store Request Schedule 1/Page_Store/input_txttreat'

2018-06-04 18:33:55 - [TEST_STEP][PASSED] - click: Object: 'Object Repository/Store Request Schedule 1/Page_Store/button_Add' is clicked on

2018-06-04 18:33:55 - [MESSAGE][PASSED] - Object: 'Object Repository/Store Request Schedule 1/Page_Store/button_Add' is clicked on

2018-06-04 18:33:55 - [TEST_STEP][PASSED] - selectOptionByIndex: All options with index in [1] are selected on object 'Object Repository/Store Request Schedule 1/Page_Store/select_--Select--Schedule 1Inj'

2018-06-04 18:33:55 - [MESSAGE][PASSED] - All options with index in [1] are selected on object 'Object Repository/Store Request Schedule 1/Page_Store/select_--Select--Schedule 1Inj'

2018-06-04 18:33:55 - [TEST_STEP][PASSED] - delay: Delayed 1 second(s)

2018-06-04 18:33:56 - [MESSAGE][PASSED] - Delayed 1 second(s)

2018-06-04 18:33:56 - [TEST_STEP][PASSED] - selectOptionByIndex: All options with index in [49] are selected on object 'Object Repository/Store Request Schedule 1/Page_Store/select_--Select--Adernaline 0.'

2018-06-04 18:33:57 - [MESSAGE][PASSED] - All options with index in [49] are selected on object 'Object Repository/Store Request Schedule 1/Page_Store/select_--Select--Adernaline 0.'

2018-06-04 18:33:57 - [TEST_STEP][PASSED] - setText: Text '100' is set on object 'Object Repository/Store Request Schedule 1/Page_Store/input_txttreat'

2018-06-04 18:33:57 - [MESSAGE][PASSED] - Text '100' is set on object 'Object Repository/Store Request Schedule 1/Page_Store/input_txttreat'

2018-06-04 18:33:57 - [TEST_STEP][PASSED] - click: Object: 'Object Repository/Store Request Schedule 1/Page_Store/button_Add' is clicked on

2018-06-04 18:33:57 - [MESSAGE][PASSED] - Object: 'Object Repository/Store Request Schedule 1/Page_Store/button_Add' is clicked on

2018-06-04 18:33:57 - [TEST_STEP][PASSED] - selectOptionByIndex: All options with index in [1] are selected on object 'Object Repository/Store Request Schedule 1/Page_Store/select_--Select--Schedule 1Inj'

2018-06-04 18:33:57 - [MESSAGE][PASSED] - All options with index in [1] are selected on object 'Object Repository/Store Request Schedule 1/Page_Store/select_--Select--Schedule 1Inj'

2018-06-04 18:33:57 - [TEST_STEP][PASSED] - delay: Delayed 1 second(s)

2018-06-04 18:33:58 - [MESSAGE][PASSED] - Delayed 1 second(s)

2018-06-04 18:33:58 - [TEST_STEP][PASSED] - selectOptionByIndex: All options with index in [50] are selected on object 'Object Repository/Store Request Schedule 1/Page_Store/select_--Select--Adernaline 0.'

2018-06-04 18:33:59 - [MESSAGE][PASSED] - All options with index in [50] are selected on object 'Object Repository/Store Request Schedule 1/Page_Store/select_--Select--Adernaline 0.'

2018-06-04 18:33:59 - [TEST_STEP][PASSED] - setText: Text '100' is set on object 'Object Repository/Store Request Schedule 1/Page_Store/input_txttreat'

2018-06-04 18:33:59 - [MESSAGE][PASSED] - Text '100' is set on object 'Object Repository/Store Request Schedule 1/Page_Store/input_txttreat'

2018-06-04 18:33:59 - [TEST_STEP][PASSED] - click: Object: 'Object Repository/Store Request Schedule 1/Page_Store/button_Add' is clicked on

2018-06-04 18:33:59 - [MESSAGE][PASSED] - Object: 'Object Repository/Store Request Schedule 1/Page_Store/button_Add' is clicked on

2018-06-04 18:33:59 - [TEST_STEP][PASSED] - selectOptionByIndex: All options with index in [1] are selected on object 'Object Repository/Store Request Schedule 1/Page_Store/select_--Select--Schedule 1Inj'

2018-06-04 18:33:59 - [MESSAGE][PASSED] - All options with index in [1] are selected on object 'Object Repository/Store Request Schedule 1/Page_Store/select_--Select--Schedule 1Inj'

2018-06-04 18:33:59 - [TEST_STEP][PASSED] - delay: Delayed 1 second(s)

2018-06-04 18:34:00 - [MESSAGE][PASSED] - Delayed 1 second(s)

2018-06-04 18:34:00 - [TEST_STEP][PASSED] - selectOptionByIndex: All options with index in [51] are selected on object 'Object Repository/Store Request Schedule 1/Page_Store/select_--Select--Adernaline 0.'

2018-06-04 18:34:01 - [MESSAGE][PASSED] - All options with index in [51] are selected on object 'Object Repository/Store Request Schedule 1/Page_Store/select_--Select--Adernaline 0.'

2018-06-04 18:34:01 - [TEST_STEP][PASSED] - setText: Text '100' is set on object 'Object Repository/Store Request Schedule 1/Page_Store/input_txttreat'

2018-06-04 18:34:01 - [MESSAGE][PASSED] - Text '100' is set on object 'Object Repository/Store Request Schedule 1/Page_Store/input_txttreat'

2018-06-04 18:34:01 - [TEST_STEP][PASSED] - click: Object: 'Object Repository/Store Request Schedule 1/Page_Store/button_Add' is clicked on

2018-06-04 18:34:01 - [MESSAGE][PASSED] - Object: 'Object Repository/Store Request Schedule 1/Page_Store/button_Add' is clicked on

2018-06-04 18:34:01 - [TEST_STEP][PASSED] - selectOptionByIndex: All options with index in [1] are selected on object 'Object Repository/Store Request Schedule 1/Page_Store/select_--Select--Schedule 1Inj'

2018-06-04 18:34:01 - [MESSAGE][PASSED] - All options with index in [1] are selected on object 'Object Repository/Store Request Schedule 1/Page_Store/select_--Select--Schedule 1Inj'

2018-06-04 18:34:01 - [TEST_STEP][PASSED] - delay: Delayed 1 second(s)

2018-06-04 18:34:02 - [MESSAGE][PASSED] - Delayed 1 second(s)

2018-06-04 18:34:02 - [TEST_STEP][PASSED] - selectOptionByIndex: All options with index in [52] are selected on object 'Object Repository/Store Request Schedule 1/Page_Store/select_--Select--Adernaline 0.'

2018-06-04 18:34:03 - [MESSAGE][PASSED] - All options with index in [52] are selected on object 'Object Repository/Store Request Schedule 1/Page_Store/select_--Select--Adernaline 0.'

2018-06-04 18:34:03 - [TEST_STEP][PASSED] - setText: Text '100' is set on object 'Object Repository/Store Request Schedule 1/Page_Store/input_txttreat'

2018-06-04 18:34:03 - [MESSAGE][PASSED] - Text '100' is set on object 'Object Repository/Store Request Schedule 1/Page_Store/input_txttreat'

2018-06-04 18:34:03 - [TEST_STEP][PASSED] - click: Object: 'Object Repository/Store Request Schedule 1/Page_Store/button_Add' is clicked on

2018-06-04 18:34:03 - [MESSAGE][PASSED] - Object: 'Object Repository/Store Request Schedule 1/Page_Store/button_Add' is clicked on

2018-06-04 18:34:03 - [TEST_STEP][PASSED] - selectOptionByIndex: All options with index in [1] are selected on object 'Object Repository/Store Request Schedule 1/Page_Store/select_--Select--Schedule 1Inj'

2018-06-04 18:34:03 - [MESSAGE][PASSED] - All options with index in [1] are selected on object 'Object Repository/Store Request Schedule 1/Page_Store/select_--Select--Schedule 1Inj'

2018-06-04 18:34:03 - [TEST_STEP][PASSED] - delay: Delayed 1 second(s)

2018-06-04 18:34:04 - [MESSAGE][PASSED] - Delayed 1 second(s)

2018-06-04 18:34:04 - [TEST_STEP][PASSED] - selectOptionByIndex: All options with index in [53] are selected on object 'Object Repository/Store Request Schedule 1/Page_Store/select_--Select--Adernaline 0.'

2018-06-04 18:34:05 - [MESSAGE][PASSED] - All options with index in [53] are selected on object 'Object Repository/Store Request Schedule 1/Page_Store/select_--Select--Adernaline 0.'

2018-06-04 18:34:05 - [TEST_STEP][PASSED] - setText: Text '100' is set on object 'Object Repository/Store Request Schedule 1/Page_Store/input_txttreat'

2018-06-04 18:34:05 - [MESSAGE][PASSED] - Text '100' is set on object 'Object Repository/Store Request Schedule 1/Page_Store/input_txttreat'

2018-06-04 18:34:05 - [TEST_STEP][PASSED] - click: Object: 'Object Repository/Store Request Schedule 1/Page_Store/button_Add' is clicked on

2018-06-04 18:34:05 - [MESSAGE][PASSED] - Object: 'Object Repository/Store Request Schedule 1/Page_Store/button_Add' is clicked on

2018-06-04 18:34:05 - [TEST_STEP][PASSED] - selectOptionByIndex: All options with index in [1] are selected on object 'Object Repository/Store Request Schedule 1/Page_Store/select_--Select--Schedule 1Inj'

2018-06-04 18:34:06 - [MESSAGE][PASSED] - All options with index in [1] are selected on object 'Object Repository/Store Request Schedule 1/Page_Store/select_--Select--Schedule 1Inj'

2018-06-04 18:34:06 - [TEST_STEP][PASSED] - delay: Delayed 1 second(s)

2018-06-04 18:34:07 - [MESSAGE][PASSED] - Delayed 1 second(s)

2018-06-04 18:34:07 - [TEST_STEP][PASSED] - selectOptionByIndex: All options with index in [54] are selected on object 'Object Repository/Store Request Schedule 1/Page_Store/select_--Select--Adernaline 0.'

2018-06-04 18:34:07 - [MESSAGE][PASSED] - All options with index in [54] are selected on object 'Object Repository/Store Request Schedule 1/Page_Store/select_--Select--Adernaline 0.'

2018-06-04 18:34:07 - [TEST_STEP][PASSED] - setText: Text '100' is set on object 'Object Repository/Store Request Schedule 1/Page_Store/input_txttreat'

2018-06-04 18:34:07 - [MESSAGE][PASSED] - Text '100' is set on object 'Object Repository/Store Request Schedule 1/Page_Store/input_txttreat'

2018-06-04 18:34:07 - [TEST_STEP][PASSED] - click: Object: 'Object Repository/Store Request Schedule 1/Page_Store/button_Add' is clicked on

2018-06-04 18:34:08 - [MESSAGE][PASSED] - Object: 'Object Repository/Store Request Schedule 1/Page_Store/button_Add' is clicked on

2018-06-04 18:34:08 - [TEST_STEP][PASSED] - selectOptionByIndex: All options with index in [1] are selected on object 'Object Repository/Store Request Schedule 1/Page_Store/select_--Select--Schedule 1Inj'

2018-06-04 18:34:08 - [MESSAGE][PASSED] - All options with index in [1] are selected on object 'Object Repository/Store Request Schedule 1/Page_Store/select_--Select--Schedule 1Inj'

2018-06-04 18:34:08 - [TEST_STEP][PASSED] - delay: Delayed 1 second(s)

2018-06-04 18:34:09 - [MESSAGE][PASSED] - Delayed 1 second(s)

2018-06-04 18:34:09 - [TEST_STEP][PASSED] - selectOptionByIndex: All options with index in [55] are selected on object 'Object Repository/Store Request Schedule 1/Page_Store/select_--Select--Adernaline 0.'

2018-06-04 18:34:10 - [MESSAGE][PASSED] - All options with index in [55] are selected on object 'Object Repository/Store Request Schedule 1/Page_Store/select_--Select--Adernaline 0.'

2018-06-04 18:34:10 - [TEST_STEP][PASSED] - setText: Text '100' is set on object 'Object Repository/Store Request Schedule 1/Page_Store/input_txttreat'

2018-06-04 18:34:10 - [MESSAGE][PASSED] - Text '100' is set on object 'Object Repository/Store Request Schedule 1/Page_Store/input_txttreat'

2018-06-04 18:34:10 - [TEST_STEP][PASSED] - click: Object: 'Object Repository/Store Request Schedule 1/Page_Store/button_Add' is clicked on

2018-06-04 18:34:10 - [MESSAGE][PASSED] - Object: 'Object Repository/Store Request Schedule 1/Page_Store/button_Add' is clicked on

2018-06-04 18:34:10 - [TEST_STEP][PASSED] - selectOptionByIndex: All options with index in [1] are selected on object 'Object Repository/Store Request Schedule 1/Page_Store/select_--Select--Schedule 1Inj'

2018-06-04 18:34:10 - [MESSAGE][PASSED] - All options with index in [1] are selected on object 'Object Repository/Store Request Schedule 1/Page_Store/select_--Select--Schedule 1Inj'

2018-06-04 18:34:10 - [TEST_STEP][PASSED] - delay: Delayed 1 second(s)

2018-06-04 18:34:11 - [MESSAGE][PASSED] - Delayed 1 second(s)

2018-06-04 18:34:11 - [TEST_STEP][PASSED] - selectOptionByIndex: All options with index in [56] are selected on object 'Object Repository/Store Request Schedule 1/Page_Store/select_--Select--Adernaline 0.'

2018-06-04 18:34:12 - [MESSAGE][PASSED] - All options with index in [56] are selected on object 'Object Repository/Store Request Schedule 1/Page_Store/select_--Select--Adernaline 0.'

2018-06-04 18:34:12 - [TEST_STEP][PASSED] - setText: Text '100' is set on object 'Object Repository/Store Request Schedule 1/Page_Store/input_txttreat'

2018-06-04 18:34:12 - [MESSAGE][PASSED] - Text '100' is set on object 'Object Repository/Store Request Schedule 1/Page_Store/input_txttreat'

2018-06-04 18:34:12 - [TEST_STEP][PASSED] - click: Object: 'Object Repository/Store Request Schedule 1/Page_Store/button_Add' is clicked on

2018-06-04 18:34:12 - [MESSAGE][PASSED] - Object: 'Object Repository/Store Request Schedule 1/Page_Store/button_Add' is clicked on

2018-06-04 18:34:12 - [TEST_STEP][PASSED] - selectOptionByIndex: All options with index in [1] are selected on object 'Object Repository/Store Request Schedule 1/Page_Store/select_--Select--Schedule 1Inj'

2018-06-04 18:34:12 - [MESSAGE][PASSED] - All options with index in [1] are selected on object 'Object Repository/Store Request Schedule 1/Page_Store/select_--Select--Schedule 1Inj'

2018-06-04 18:34:12 - [TEST_STEP][PASSED] - delay: Delayed 1 second(s)

2018-06-04 18:34:13 - [MESSAGE][PASSED] - Delayed 1 second(s)

2018-06-04 18:34:13 - [TEST_STEP][PASSED] - selectOptionByIndex: All options with index in [57] are selected on object 'Object Repository/Store Request Schedule 1/Page_Store/select_--Select--Adernaline 0.'

2018-06-04 18:34:14 - [MESSAGE][PASSED] - All options with index in [57] are selected on object 'Object Repository/Store Request Schedule 1/Page_Store/select_--Select--Adernaline 0.'

2018-06-04 18:34:14 - [TEST_STEP][PASSED] - setText: Text '100' is set on object 'Object Repository/Store Request Schedule 1/Page_Store/input_txttreat'

2018-06-04 18:34:14 - [MESSAGE][PASSED] - Text '100' is set on object 'Object Repository/Store Request Schedule 1/Page_Store/input_txttreat'

2018-06-04 18:34:14 - [TEST_STEP][PASSED] - click: Object: 'Object Repository/Store Request Schedule 1/Page_Store/button_Add' is clicked on

2018-06-04 18:34:14 - [MESSAGE][PASSED] - Object: 'Object Repository/Store Request Schedule 1/Page_Store/button_Add' is clicked on

2018-06-04 18:34:14 - [TEST_STEP][PASSED] - selectOptionByIndex: All options with index in [1] are selected on object 'Object Repository/Store Request Schedule 1/Page_Store/select_--Select--Schedule 1Inj'

2018-06-04 18:34:14 - [MESSAGE][PASSED] - All options with index in [1] are selected on object 'Object Repository/Store Request Schedule 1/Page_Store/select_--Select--Schedule 1Inj'

2018-06-04 18:34:14 - [TEST_STEP][PASSED] - delay: Delayed 1 second(s)

2018-06-04 18:34:15 - [MESSAGE][PASSED] - Delayed 1 second(s)

2018-06-04 18:34:15 - [TEST_STEP][PASSED] - selectOptionByIndex: All options with index in [58] are selected on object 'Object Repository/Store Request Schedule 1/Page_Store/select_--Select--Adernaline 0.'

2018-06-04 18:34:16 - [MESSAGE][PASSED] - All options with index in [58] are selected on object 'Object Repository/Store Request Schedule 1/Page_Store/select_--Select--Adernaline 0.'

2018-06-04 18:34:16 - [TEST_STEP][PASSED] - setText: Text '100' is set on object 'Object Repository/Store Request Schedule 1/Page_Store/input_txttreat'

2018-06-04 18:34:16 - [MESSAGE][PASSED] - Text '100' is set on object 'Object Repository/Store Request Schedule 1/Page_Store/input_txttreat'

2018-06-04 18:34:16 - [TEST_STEP][PASSED] - click: Object: 'Object Repository/Store Request Schedule 1/Page_Store/button_Add' is clicked on

2018-06-04 18:34:16 - [MESSAGE][PASSED] - Object: 'Object Repository/Store Request Schedule 1/Page_Store/button_Add' is clicked on

2018-06-04 18:34:16 - [TEST_STEP][PASSED] - selectOptionByIndex: All options with index in [1] are selected on object 'Object Repository/Store Request Schedule 1/Page_Store/select_--Select--Schedule 1Inj'

2018-06-04 18:34:16 - [MESSAGE][PASSED] - All options with index in [1] are selected on object 'Object Repository/Store Request Schedule 1/Page_Store/select_--Select--Schedule 1Inj'

2018-06-04 18:34:16 - [TEST_STEP][PASSED] - delay: Delayed 1 second(s)

2018-06-04 18:34:17 - [MESSAGE][PASSED] - Delayed 1 second(s)

2018-06-04 18:34:17 - [TEST_STEP][PASSED] - selectOptionByIndex: All options with index in [59] are selected on object 'Object Repository/Store Request Schedule 1/Page_Store/select_--Select--Adernaline 0.'

2018-06-04 18:34:18 - [MESSAGE][PASSED] - All options with index in [59] are selected on object 'Object Repository/Store Request Schedule 1/Page_Store/select_--Select--Adernaline 0.'

2018-06-04 18:34:18 - [TEST_STEP][PASSED] - setText: Text '100' is set on object 'Object Repository/Store Request Schedule 1/Page_Store/input_txttreat'

2018-06-04 18:34:18 - [MESSAGE][PASSED] - Text '100' is set on object 'Object Repository/Store Request Schedule 1/Page_Store/input_txttreat'

2018-06-04 18:34:18 - [TEST_STEP][PASSED] - click: Object: 'Object Repository/Store Request Schedule 1/Page_Store/button_Add' is clicked on

2018-06-04 18:34:18 - [MESSAGE][PASSED] - Object: 'Object Repository/Store Request Schedule 1/Page_Store/button_Add' is clicked on

2018-06-04 18:34:18 - [TEST_STEP][PASSED] - selectOptionByIndex: All options with index in [1] are selected on object 'Object Repository/Store Request Schedule 1/Page_Store/select_--Select--Schedule 1Inj'

2018-06-04 18:34:19 - [MESSAGE][PASSED] - All options with index in [1] are selected on object 'Object Repository/Store Request Schedule 1/Page_Store/select_--Select--Schedule 1Inj'

2018-06-04 18:34:19 - [TEST_STEP][PASSED] - delay: Delayed 1 second(s)

2018-06-04 18:34:20 - [MESSAGE][PASSED] - Delayed 1 second(s)

2018-06-04 18:34:20 - [TEST_STEP][PASSED] - selectOptionByIndex: All options with index in [60] are selected on object 'Object Repository/Store Request Schedule 1/Page_Store/select_--Select--Adernaline 0.'

2018-06-04 18:34:20 - [MESSAGE][PASSED] - All options with index in [60] are selected on object 'Object Repository/Store Request Schedule 1/Page_Store/select_--Select--Adernaline 0.'

2018-06-04 18:34:20 - [TEST_STEP][PASSED] - setText: Text '100' is set on object 'Object Repository/Store Request Schedule 1/Page_Store/input_txttreat'

2018-06-04 18:34:20 - [MESSAGE][PASSED] - Text '100' is set on object 'Object Repository/Store Request Schedule 1/Page_Store/input_txttreat'

2018-06-04 18:34:20 - [TEST_STEP][PASSED] - click: Object: 'Object Repository/Store Request Schedule 1/Page_Store/button_Add' is clicked on

2018-06-04 18:34:20 - [MESSAGE][PASSED] - Object: 'Object Repository/Store Request Schedule 1/Page_Store/button_Add' is clicked on

2018-06-04 18:34:20 - [TEST_STEP][PASSED] - selectOptionByIndex: All options with index in [1] are selected on object 'Object Repository/Store Request Schedule 1/Page_Store/select_--Select--Schedule 1Inj'

2018-06-04 18:34:21 - [MESSAGE][PASSED] - All options with index in [1] are selected on object 'Object Repository/Store Request Schedule 1/Page_Store/select_--Select--Schedule 1Inj'

2018-06-04 18:34:21 - [TEST_STEP][PASSED] - delay: Delayed 1 second(s)

2018-06-04 18:34:22 - [MESSAGE][PASSED] - Delayed 1 second(s)

2018-06-04 18:34:22 - [TEST_STEP][PASSED] - selectOptionByIndex: All options with index in [61] are selected on object 'Object Repository/Store Request Schedule 1/Page_Store/select_--Select--Adernaline 0.'

2018-06-04 18:34:22 - [MESSAGE][PASSED] - All options with index in [61] are selected on object 'Object Repository/Store Request Schedule 1/Page_Store/select_--Select--Adernaline 0.'

2018-06-04 18:34:22 - [TEST_STEP][PASSED] - setText: Text '100' is set on object 'Object Repository/Store Request Schedule 1/Page_Store/input_txttreat'

2018-06-04 18:34:22 - [MESSAGE][PASSED] - Text '100' is set on object 'Object Repository/Store Request Schedule 1/Page_Store/input_txttreat'

2018-06-04 18:34:22 - [TEST_STEP][PASSED] - click: Object: 'Object Repository/Store Request Schedule 1/Page_Store/button_Add' is clicked on

2018-06-04 18:34:23 - [MESSAGE][PASSED] - Object: 'Object Repository/Store Request Schedule 1/Page_Store/button_Add' is clicked on

2018-06-04 18:34:23 - [TEST_STEP][PASSED] - selectOptionByIndex: All options with index in [1] are selected on object 'Object Repository/Store Request Schedule 1/Page_Store/select_--Select--Schedule 1Inj'

2018-06-04 18:34:23 - [MESSAGE][PASSED] - All options with index in [1] are selected on object 'Object Repository/Store Request Schedule 1/Page_Store/select_--Select--Schedule 1Inj'

2018-06-04 18:34:23 - [TEST_STEP][PASSED] - delay: Delayed 1 second(s)

2018-06-04 18:34:24 - [MESSAGE][PASSED] - Delayed 1 second(s)

2018-06-04 18:34:24 - [TEST_STEP][PASSED] - selectOptionByIndex: All options with index in [62] are selected on object 'Object Repository/Store Request Schedule 1/Page_Store/select_--Select--Adernaline 0.'

2018-06-04 18:34:25 - [MESSAGE][PASSED] - All options with index in [62] are selected on object 'Object Repository/Store Request Schedule 1/Page_Store/select_--Select--Adernaline 0.'

2018-06-04 18:34:25 - [TEST_STEP][PASSED] - setText: Text '100' is set on object 'Object Repository/Store Request Schedule 1/Page_Store/input_txttreat'

2018-06-04 18:34:25 - [MESSAGE][PASSED] - Text '100' is set on object 'Object Repository/Store Request Schedule 1/Page_Store/input_txttreat'

2018-06-04 18:34:25 - [TEST_STEP][PASSED] - click: Object: 'Object Repository/Store Request Schedule 1/Page_Store/button_Add' is clicked on

2018-06-04 18:34:25 - [MESSAGE][PASSED] - Object: 'Object Repository/Store Request Schedule 1/Page_Store/button_Add' is clicked on

2018-06-04 18:34:25 - [TEST_STEP][PASSED] - delay: Delayed 2 second(s)

2018-06-04 18:34:27 - [MESSAGE][PASSED] - Delayed 2 second(s)

2018-06-04 18:34:27 - [TEST_STEP][PASSED] - scrollToElement: Scroll to object 'Object Repository/Store Request Schedule 1/Page_Store/input_btnsave' successfully

2018-06-04 18:34:27 - [MESSAGE][PASSED] - Scroll to object 'Object Repository/Store Request Schedule 1/Page_Store/input_btnsave' successfully

2018-06-04 18:34:27 - [TEST_STEP][PASSED] - click: Object: 'Object Repository/Store Request Schedule 1/Page_Store/input_btnsave' is clicked on

2018-06-04 18:34:27 - [MESSAGE][PASSED] - Object: 'Object Repository/Store Request Schedule 1/Page_Store/input_btnsave' is clicked on

2018-06-04 18:34:27 - [TEST_STEP][PASSED] - delay: Delayed 4 second(s)

2018-06-04 18:34:31 - [MESSAGE][PASSED] - Delayed 4 second(s)

2018-06-04 18:34:31 - [TEST_STEP][PASSED] - Statement - Cms_RequestNumber = com.kms.katalon.core.webui.keyword.WebUiBuiltInKeywords.getText(com.kms.katalon.core.testobject.ObjectRepository.findTestObject(Store Request Schedule 1/Page_Store/font_PRNO050520189)): Text of object 'Object Repository/Store Request Schedule 1/Page_Store/font_PRNO050520189' is: 'PRNO/04062018/589'

2018-06-04 18:34:31 - [MESSAGE][PASSED] - Text of object 'Object Repository/Store Request Schedule 1/Page_Store/font_PRNO050520189' is: 'PRNO/04062018/589'

2018-06-04 18:34:31 - [TEST_STEP][PASSED] - Statement - CR = Cms_RequestNumber.trim(): null

2018-06-04 18:34:31 - [TEST_STEP][PASSED] - Statement - out.println("RQ :" + Cms_RequestNumber): null

2018-06-04 18:34:31 - [TEST_STEP][PASSED] - Statement - RequestNumberID = Cms_RequestNumber.split("/")[2].trim(): null

2018-06-04 18:34:31 - [TEST_STEP][PASSED] - Statement - out.println("RQ ID :" + RequestNumberID): null

2018-06-04 18:34:31 - [TEST_STEP][PASSED] - delay: Delayed 3 second(s)

2018-06-04 18:34:34 - [MESSAGE][PASSED] - Delayed 3 second(s)

2018-06-04 18:34:34 - [TEST_STEP][PASSED] - Statement - ok = com.kms.katalon.core.webui.keyword.WebUiBuiltInKeywords.click(com.kms.katalon.core.testobject.ObjectRepository.findTestObject(Store Request Schedule 1/Page_Store/button_OK)): Object: 'Object Repository/Store Request Schedule 1/Page_Store/button_OK' is clicked on

2018-06-04 18:34:35 - [MESSAGE][PASSED] - Object: 'Object Repository/Store Request Schedule 1/Page_Store/button_OK' is clicked on

2018-06-04 18:34:35 - [TEST_STEP][PASSED] - delay: Delayed 3 second(s)

2018-06-04 18:34:38 - [MESSAGE][PASSED] - Delayed 3 second(s)

2018-06-04 18:34:38 - [TEST_STEP][PASSED] - click: Object: 'Object Repository/Store Request Schedule 1/Page_Store/a_dropdown-toggle' is clicked on

2018-06-04 18:34:38 - [MESSAGE][PASSED] - Object: 'Object Repository/Store Request Schedule 1/Page_Store/a_dropdown-toggle' is clicked on

2018-06-04 18:34:38 - [TEST_STEP][PASSED] - click: Object: 'Object Repository/Store Request Schedule 1/Page_Store/a_Sign out' is clicked on

2018-06-04 18:34:39 - [MESSAGE][PASSED] - Object: 'Object Repository/Store Request Schedule 1/Page_Store/a_Sign out' is clicked on

2018-06-04 18:34:39 - [TEST_STEP][PASSED] - delay: Delayed 3 second(s)

2018-06-04 18:34:42 - [MESSAGE][PASSED] - Delayed 3 second(s)

2018-06-04 18:34:42 - [TEST_STEP][PASSED] - click: Object: 'Object Repository/Store Request Schedule 1/Page_KDMC/a_CMO' is clicked on

2018-06-04 18:34:42 - [MESSAGE][PASSED] - Object: 'Object Repository/Store Request Schedule 1/Page_KDMC/a_CMO' is clicked on

2018-06-04 18:34:42 - [TEST_STEP][PASSED] - setText: Text 'guru' is set on object 'Object Repository/Store Request Schedule 1/Page_CMO login/input_txtusername'

2018-06-04 18:34:43 - [MESSAGE][PASSED] - Text 'guru' is set on object 'Object Repository/Store Request Schedule 1/Page_CMO login/input_txtusername'

2018-06-04 18:34:43 - [TEST_STEP][PASSED] - setText: Text '123' is set on object 'Object Repository/Store Request Schedule 1/Page_CMO login/input_txtpassword'

2018-06-04 18:34:43 - [MESSAGE][PASSED] - Text '123' is set on object 'Object Repository/Store Request Schedule 1/Page_CMO login/input_txtpassword'

2018-06-04 18:34:43 - [TEST_STEP][PASSED] - delay: Delayed 3 second(s)

2018-06-04 18:34:46 - [MESSAGE][PASSED] - Delayed 3 second(s)

2018-06-04 18:34:46 - [TEST_STEP][PASSED] - click: Object: 'Object Repository/Store Request Schedule 1/Page_CMO login/button_Sign in' is clicked on

2018-06-04 18:34:47 - [MESSAGE][PASSED] - Object: 'Object Repository/Store Request Schedule 1/Page_CMO login/button_Sign in' is clicked on

2018-06-04 18:34:47 - [TEST_STEP][PASSED] - delay: Delayed 2 second(s)

2018-06-04 18:34:49 - [MESSAGE][PASSED] - Delayed 2 second(s)

2018-06-04 18:34:49 - [TEST_STEP][PASSED] - click: Object: 'Object Repository/Store Request Schedule 1/Page_KDMC - CMO/span_Department Wise Request' is clicked on

2018-06-04 18:34:50 - [MESSAGE][PASSED] - Object: 'Object Repository/Store Request Schedule 1/Page_KDMC - CMO/span_Department Wise Request' is clicked on

2018-06-04 18:34:50 - [TEST_STEP][PASSED] - click: Object: 'Object Repository/Store Request Schedule 1/Page_KDMC - CMO/a_CMS Request' is clicked on

2018-06-04 18:34:50 - [MESSAGE][PASSED] - Object: 'Object Repository/Store Request Schedule 1/Page_KDMC - CMO/a_CMS Request' is clicked on

2018-06-04 18:34:50 - [TEST_STEP][PASSED] - click: Object: 'Object Repository/Store Request Schedule 1/Page_KDMC - CMO/a_CMS Request' is clicked on

2018-06-04 18:34:50 - [MESSAGE][PASSED] - Object: 'Object Repository/Store Request Schedule 1/Page_KDMC - CMO/a_CMS Request' is clicked on

2018-06-04 18:34:50 - [TEST_STEP][PASSED] - click: Object: 'Object Repository/Store Request Schedule 1/Page_KDMC - CMO/span_Divisional Store Request' is clicked on

2018-06-04 18:34:51 - [MESSAGE][PASSED] - Object: 'Object Repository/Store Request Schedule 1/Page_KDMC - CMO/span_Divisional Store Request' is clicked on

2018-06-04 18:34:51 - [TEST_STEP][PASSED] - delay: Delayed 2 second(s)

2018-06-04 18:34:53 - [MESSAGE][PASSED] - Delayed 2 second(s)

2018-06-04 18:34:53 - [TEST_STEP][PASSED] - Statement - approval = com.kms.katalon.core.webui.keyword.WebUiBuiltInKeywords.modifyObjectProperty(com.kms.katalon.core.testobject.ObjectRepository.findTestObject(Store Request Schedule 1/Page_KDMC - CMO/input_PRNO050520189), "xpath", "equals", "//*[@id=" + RequestNumberID + "]", true): Modify property of object successfully

2018-06-04 18:34:54 - [MESSAGE][PASSED] - Modify property of object successfully

2018-06-04 18:34:54 - [TEST_STEP][PASSED] - click: Object: 'Object Repository/Store Request Schedule 1/Page_KDMC - CMO/input_PRNO050520189' is clicked on

2018-06-04 18:34:54 - [MESSAGE][PASSED] - Object: 'Object Repository/Store Request Schedule 1/Page_KDMC - CMO/input_PRNO050520189' is clicked on

2018-06-04 18:34:54 - [TEST_STEP][PASSED] - delay: Delayed 2 second(s)

2018-06-04 18:34:56 - [MESSAGE][PASSED] - Delayed 2 second(s)

2018-06-04 18:34:56 - [TEST_STEP][PASSED] - selectOptionByIndex: All options with index in [1] are selected on object 'Object Repository/Store Request Schedule 1/Page_KDMC - CMO/select_--Select--'

2018-06-04 18:34:56 - [MESSAGE][PASSED] - All options with index in [1] are selected on object 'Object Repository/Store Request Schedule 1/Page_KDMC - CMO/select_--Select--'

2018-06-04 18:34:56 - [TEST_STEP][PASSED] - click: Object: 'Object Repository/Store Request Schedule 1/Page_KDMC - CMO/input_btnupdate' is clicked on

2018-06-04 18:34:56 - [MESSAGE][PASSED] - Object: 'Object Repository/Store Request Schedule 1/Page_KDMC - CMO/input_btnupdate' is clicked on

2018-06-04 18:34:56 - [TEST_STEP][PASSED] - delay: Delayed 2 second(s)

2018-06-04 18:34:58 - [MESSAGE][PASSED] - Delayed 2 second(s)

2018-06-04 18:34:58 - [TEST_STEP][PASSED] - click: Object: 'Object Repository/Store Request Schedule 1/Page_KDMC - CMO/button_OK' is clicked on

2018-06-04 18:34:58 - [MESSAGE][PASSED] - Object: 'Object Repository/Store Request Schedule 1/Page_KDMC - CMO/button_OK' is clicked on

2018-06-04 18:34:58 - [TEST_STEP][PASSED] - delay: Delayed 2 second(s)

2018-06-04 18:35:00 - [MESSAGE][PASSED] - Delayed 2 second(s)

2018-06-04 18:35:00 - [TEST_STEP][PASSED] - click: Object: 'Object Repository/Store Request Schedule 1/Page_KDMC - CMO/a_dropdown-toggle' is clicked on

2018-06-04 18:35:01 - [MESSAGE][PASSED] - Object: 'Object Repository/Store Request Schedule 1/Page_KDMC - CMO/a_dropdown-toggle' is clicked on

2018-06-04 18:35:01 - [TEST_STEP][PASSED] - click: Object: 'Object Repository/Store Request Schedule 1/Page_KDMC - CMO/a_Sign out' is clicked on

2018-06-04 18:35:01 - [MESSAGE][PASSED] - Object: 'Object Repository/Store Request Schedule 1/Page_KDMC - CMO/a_Sign out' is clicked on

2018-06-04 18:35:01 - [TEST_STEP][PASSED] - delay: Delayed 3 second(s)

2018-06-04 18:35:04 - [MESSAGE][PASSED] - Delayed 3 second(s)

2018-06-04 18:35:04 - [TEST_STEP][PASSED] - click: Object: 'Object Repository/store Request Schedule 1/Page_KDMC/a_CMS' is clicked on

2018-06-04 18:35:04 - [MESSAGE][PASSED] - Object: 'Object Repository/store Request Schedule 1/Page_KDMC/a_CMS' is clicked on

2018-06-04 18:35:04 - [TEST_STEP][PASSED] - setText: Text 'bala' is set on object 'Object Repository/store Request Schedule 1/Page_CMS login/input_txtusername'

2018-06-04 18:35:04 - [MESSAGE][PASSED] - Text 'bala' is set on object 'Object Repository/store Request Schedule 1/Page_CMS login/input_txtusername'

2018-06-04 18:35:04 - [TEST_STEP][PASSED] - setText: Text '123' is set on object 'Object Repository/store Request Schedule 1/Page_CMS login/input_txtpassword'

2018-06-04 18:35:05 - [MESSAGE][PASSED] - Text '123' is set on object 'Object Repository/store Request Schedule 1/Page_CMS login/input_txtpassword'

2018-06-04 18:35:05 - [TEST_STEP][PASSED] - delay: Delayed 3 second(s)

2018-06-04 18:35:08 - [MESSAGE][PASSED] - Delayed 3 second(s)

2018-06-04 18:35:08 - [TEST_STEP][PASSED] - click: Object: 'Object Repository/store Request Schedule 1/Page_CMS login/button_Sign in' is clicked on

2018-06-04 18:35:08 - [MESSAGE][PASSED] - Object: 'Object Repository/store Request Schedule 1/Page_CMS login/button_Sign in' is clicked on

2018-06-04 18:35:08 - [TEST_STEP][PASSED] - delay: Delayed 2 second(s)

2018-06-04 18:35:10 - [MESSAGE][PASSED] - Delayed 2 second(s)

2018-06-04 18:35:10 - [TEST_STEP][PASSED] - click: Object: 'Object Repository/store Request Schedule 1/Page_KDMC - CMS/a_Divisional Store' is clicked on

2018-06-04 18:35:10 - [MESSAGE][PASSED] - Object: 'Object Repository/store Request Schedule 1/Page_KDMC - CMS/a_Divisional Store' is clicked on

2018-06-04 18:35:10 - [TEST_STEP][PASSED] - delay: Delayed 2 second(s)

2018-06-04 18:35:12 - [MESSAGE][PASSED] - Delayed 2 second(s)

2018-06-04 18:35:12 - [TEST_STEP][PASSED] - click: Object: 'Object Repository/store Request Schedule 1/Page_KDMC - CMS/a_Dispatch Items' is clicked on

2018-06-04 18:35:13 - [MESSAGE][PASSED] - Object: 'Object Repository/store Request Schedule 1/Page_KDMC - CMS/a_Dispatch Items' is clicked on

2018-06-04 18:35:13 - [TEST_STEP][PASSED] - setText: Text 'PRNO/04062018/589' is set on object 'Object Repository/store Request Schedule 1/Page_KDMC - CMS/input'

2018-06-04 18:35:13 - [MESSAGE][PASSED] - Text 'PRNO/04062018/589' is set on object 'Object Repository/store Request Schedule 1/Page_KDMC - CMS/input'

2018-06-04 18:35:13 - [TEST_STEP][PASSED] - click: Object: 'Object Repository/store Request Schedule 1/Page_KDMC - CMS/td_text-center' is clicked on

2018-06-04 18:35:13 - [MESSAGE][PASSED] - Object: 'Object Repository/store Request Schedule 1/Page_KDMC - CMS/td_text-center' is clicked on

2018-06-04 18:35:13 - [TEST_STEP][PASSED] - delay: Delayed 3 second(s)

2018-06-04 18:35:16 - [MESSAGE][PASSED] - Delayed 3 second(s)

2018-06-04 18:35:16 - [TEST_STEP][PASSED] - delay: Delayed 2 second(s)

2018-06-04 18:35:18 - [MESSAGE][PASSED] - Delayed 2 second(s)

2018-06-04 18:35:18 - [TEST_STEP][PASSED] - Statement - For ([row = 0, row < SelectedOptions - 1, (row++)]): null

2018-06-04 18:35:18 - [TEST_STEP][PASSED] - Statement - batchlength = new com.kms.katalon.core.testobject.TestObject(): null

2018-06-04 18:35:18 - [TEST_STEP][PASSED] - Statement - batchlength = com.kms.katalon.core.webui.keyword.WebUiBuiltInKeywords.modifyObjectProperty(batchlength, "xpath", "equals", "//*[@id = "fldvendor" + row + ""]", true): Modify property of object successfully

2018-06-04 18:35:18 - [MESSAGE][PASSED] - Modify property of object successfully

2018-06-04 18:35:18 - [TEST_STEP][PASSED] - Statement - batchsize = com.kms.katalon.core.webui.keyword.WebUiBuiltInKeywords.getNumberOfTotalOption(batchlength): 13 options of object '' counted

2018-06-04 18:35:18 - [MESSAGE][PASSED] - 13 options of object '' counted

2018-06-04 18:35:18 - [TEST_STEP][PASSED] - Statement - out.println("BatchSize : " + batchsize): null

2018-06-04 18:35:18 - [TEST_STEP][PASSED] - Statement - For ([n = 1, n <= batchsize - 1, (n++)]): null

2018-06-04 18:35:18 - [TEST_STEP][PASSED] - Statement - product = new com.kms.katalon.core.testobject.TestObject(): null

2018-06-04 18:35:18 - [TEST_STEP][PASSED] - Statement - product = com.kms.katalon.core.webui.keyword.WebUiBuiltInKeywords.modifyObjectProperty(product, "xpath", "equals", "//*[@id = "fldvendor" + row + ""]", true): Modify property of object successfully

2018-06-04 18:35:18 - [MESSAGE][PASSED] - Modify property of object successfully

2018-06-04 18:35:18 - [TEST_STEP][PASSED] - selectOptionByIndex: All options with index in [1] are selected on object ''

2018-06-04 18:35:19 - [MESSAGE][PASSED] - All options with index in [1] are selected on object ''

2018-06-04 18:35:19 - [TEST_STEP][PASSED] - delay: Delayed 2 second(s)

2018-06-04 18:35:21 - [MESSAGE][PASSED] - Delayed 2 second(s)

2018-06-04 18:35:21 - [TEST_STEP][PASSED] - Statement - batch = new com.kms.katalon.core.testobject.TestObject(): null

2018-06-04 18:35:21 - [TEST_STEP][PASSED] - Statement - batch = com.kms.katalon.core.webui.keyword.WebUiBuiltInKeywords.modifyObjectProperty(batch, "xpath", "equals", "//*[@id = "txtbthqty" + row + ""]", true): Modify property of object successfully

2018-06-04 18:35:21 - [MESSAGE][PASSED] - Modify property of object successfully

2018-06-04 18:35:21 - [TEST_STEP][PASSED] - Statement - batchqty = com.kms.katalon.core.webui.keyword.WebUiBuiltInKeywords.getAttribute(batch, "value").trim(): Attribute 'value' of object '' is: '2690'

2018-06-04 18:35:21 - [MESSAGE][PASSED] - Attribute 'value' of object '' is: '2690'

2018-06-04 18:35:21 - [TEST_STEP][PASSED] - Statement - Rqty = 100: null

2018-06-04 18:35:21 - [TEST_STEP][PASSED] - Statement - out.println("BatchQty : " + batchqty): null

2018-06-04 18:35:21 - [TEST_STEP][PASSED] - Statement - out.println("RQty : " + Rqty): null

2018-06-04 18:35:21 - [TEST_STEP][PASSED] - Statement - If (java.lang.Integer.valueOf(batchqty) >= java.lang.Integer.valueOf(Rqty)): null

2018-06-04 18:35:21 - [TEST_STEP][PASSED] - Statement - Break: null

2018-06-04 18:35:21 - [TEST_STEP][PASSED] - Statement - batchlength = new com.kms.katalon.core.testobject.TestObject(): null

2018-06-04 18:35:21 - [TEST_STEP][PASSED] - Statement - batchlength = com.kms.katalon.core.webui.keyword.WebUiBuiltInKeywords.modifyObjectProperty(batchlength, "xpath", "equals", "//*[@id = "fldvendor" + row + ""]", true): Modify property of object successfully

2018-06-04 18:35:21 - [MESSAGE][PASSED] - Modify property of object successfully

2018-06-04 18:35:21 - [TEST_STEP][PASSED] - Statement - batchsize = com.kms.katalon.core.webui.keyword.WebUiBuiltInKeywords.getNumberOfTotalOption(batchlength): 14 options of object '' counted

2018-06-04 18:35:21 - [MESSAGE][PASSED] - 14 options of object '' counted

2018-06-04 18:35:21 - [TEST_STEP][PASSED] - Statement - out.println("BatchSize : " + batchsize): null

2018-06-04 18:35:21 - [TEST_STEP][PASSED] - Statement - For ([n = 1, n <= batchsize - 1, (n++)]): null

2018-06-04 18:35:21 - [TEST_STEP][PASSED] - Statement - product = new com.kms.katalon.core.testobject.TestObject(): null

2018-06-04 18:35:21 - [TEST_STEP][PASSED] - Statement - product = com.kms.katalon.core.webui.keyword.WebUiBuiltInKeywords.modifyObjectProperty(product, "xpath", "equals", "//*[@id = "fldvendor" + row + ""]", true): Modify property of object successfully

2018-06-04 18:35:21 - [MESSAGE][PASSED] - Modify property of object successfully

2018-06-04 18:35:21 - [TEST_STEP][PASSED] - selectOptionByIndex: All options with index in [1] are selected on object ''

2018-06-04 18:35:21 - [MESSAGE][PASSED] - All options with index in [1] are selected on object ''

2018-06-04 18:35:21 - [TEST_STEP][PASSED] - delay: Delayed 2 second(s)

2018-06-04 18:35:23 - [MESSAGE][PASSED] - Delayed 2 second(s)

2018-06-04 18:35:23 - [TEST_STEP][PASSED] - Statement - batch = new com.kms.katalon.core.testobject.TestObject(): null

2018-06-04 18:35:23 - [TEST_STEP][PASSED] - Statement - batch = com.kms.katalon.core.webui.keyword.WebUiBuiltInKeywords.modifyObjectProperty(batch, "xpath", "equals", "//*[@id = "txtbthqty" + row + ""]", true): Modify property of object successfully

2018-06-04 18:35:23 - [MESSAGE][PASSED] - Modify property of object successfully

2018-06-04 18:35:23 - [TEST_STEP][PASSED] - Statement - batchqty = com.kms.katalon.core.webui.keyword.WebUiBuiltInKeywords.getAttribute(batch, "value").trim(): Attribute 'value' of object '' is: '2500'

2018-06-04 18:35:23 - [MESSAGE][PASSED] - Attribute 'value' of object '' is: '2500'

2018-06-04 18:35:23 - [TEST_STEP][PASSED] - Statement - Rqty = 100: null

2018-06-04 18:35:23 - [TEST_STEP][PASSED] - Statement - out.println("BatchQty : " + batchqty): null

2018-06-04 18:35:23 - [TEST_STEP][PASSED] - Statement - out.println("RQty : " + Rqty): null

2018-06-04 18:35:23 - [TEST_STEP][PASSED] - Statement - If (java.lang.Integer.valueOf(batchqty) >= java.lang.Integer.valueOf(Rqty)): null

2018-06-04 18:35:23 - [TEST_STEP][PASSED] - Statement - Break: null

2018-06-04 18:35:23 - [TEST_STEP][PASSED] - Statement - batchlength = new com.kms.katalon.core.testobject.TestObject(): null

2018-06-04 18:35:23 - [TEST_STEP][PASSED] - Statement - batchlength = com.kms.katalon.core.webui.keyword.WebUiBuiltInKeywords.modifyObjectProperty(batchlength, "xpath", "equals", "//*[@id = "fldvendor" + row + ""]", true): Modify property of object successfully

2018-06-04 18:35:23 - [MESSAGE][PASSED] - Modify property of object successfully

2018-06-04 18:35:23 - [TEST_STEP][PASSED] - Statement - batchsize = com.kms.katalon.core.webui.keyword.WebUiBuiltInKeywords.getNumberOfTotalOption(batchlength): 12 options of object '' counted

2018-06-04 18:35:23 - [MESSAGE][PASSED] - 12 options of object '' counted

2018-06-04 18:35:23 - [TEST_STEP][PASSED] - Statement - out.println("BatchSize : " + batchsize): null

2018-06-04 18:35:23 - [TEST_STEP][PASSED] - Statement - For ([n = 1, n <= batchsize - 1, (n++)]): null

2018-06-04 18:35:23 - [TEST_STEP][PASSED] - Statement - product = new com.kms.katalon.core.testobject.TestObject(): null

2018-06-04 18:35:23 - [TEST_STEP][PASSED] - Statement - product = com.kms.katalon.core.webui.keyword.WebUiBuiltInKeywords.modifyObjectProperty(product, "xpath", "equals", "//*[@id = "fldvendor" + row + ""]", true): Modify property of object successfully

2018-06-04 18:35:23 - [MESSAGE][PASSED] - Modify property of object successfully

2018-06-04 18:35:23 - [TEST_STEP][PASSED] - selectOptionByIndex: All options with index in [1] are selected on object ''

2018-06-04 18:35:23 - [MESSAGE][PASSED] - All options with index in [1] are selected on object ''

2018-06-04 18:35:23 - [TEST_STEP][PASSED] - delay: Delayed 2 second(s)

2018-06-04 18:35:25 - [MESSAGE][PASSED] - Delayed 2 second(s)

2018-06-04 18:35:25 - [TEST_STEP][PASSED] - Statement - batch = new com.kms.katalon.core.testobject.TestObject(): null

2018-06-04 18:35:25 - [TEST_STEP][PASSED] - Statement - batch = com.kms.katalon.core.webui.keyword.WebUiBuiltInKeywords.modifyObjectProperty(batch, "xpath", "equals", "//*[@id = "txtbthqty" + row + ""]", true): Modify property of object successfully

2018-06-04 18:35:25 - [MESSAGE][PASSED] - Modify property of object successfully

2018-06-04 18:35:25 - [TEST_STEP][PASSED] - Statement - batchqty = com.kms.katalon.core.webui.keyword.WebUiBuiltInKeywords.getAttribute(batch, "value").trim(): Attribute 'value' of object '' is: '3700'

2018-06-04 18:35:25 - [MESSAGE][PASSED] - Attribute 'value' of object '' is: '3700'

2018-06-04 18:35:25 - [TEST_STEP][PASSED] - Statement - Rqty = 100: null

2018-06-04 18:35:25 - [TEST_STEP][PASSED] - Statement - out.println("BatchQty : " + batchqty): null

2018-06-04 18:35:25 - [TEST_STEP][PASSED] - Statement - out.println("RQty : " + Rqty): null

2018-06-04 18:35:25 - [TEST_STEP][PASSED] - Statement - If (java.lang.Integer.valueOf(batchqty) >= java.lang.Integer.valueOf(Rqty)): null

2018-06-04 18:35:25 - [TEST_STEP][PASSED] - Statement - Break: null

2018-06-04 18:35:25 - [TEST_STEP][PASSED] - Statement - batchlength = new com.kms.katalon.core.testobject.TestObject(): null

2018-06-04 18:35:25 - [TEST_STEP][PASSED] - Statement - batchlength = com.kms.katalon.core.webui.keyword.WebUiBuiltInKeywords.modifyObjectProperty(batchlength, "xpath", "equals", "//*[@id = "fldvendor" + row + ""]", true): Modify property of object successfully

2018-06-04 18:35:25 - [MESSAGE][PASSED] - Modify property of object successfully

2018-06-04 18:35:25 - [TEST_STEP][PASSED] - Statement - batchsize = com.kms.katalon.core.webui.keyword.WebUiBuiltInKeywords.getNumberOfTotalOption(batchlength): 12 options of object '' counted

2018-06-04 18:35:25 - [MESSAGE][PASSED] - 12 options of object '' counted

2018-06-04 18:35:25 - [TEST_STEP][PASSED] - Statement - out.println("BatchSize : " + batchsize): null

2018-06-04 18:35:25 - [TEST_STEP][PASSED] - Statement - For ([n = 1, n <= batchsize - 1, (n++)]): null

2018-06-04 18:35:25 - [TEST_STEP][PASSED] - Statement - product = new com.kms.katalon.core.testobject.TestObject(): null

2018-06-04 18:35:25 - [TEST_STEP][PASSED] - Statement - product = com.kms.katalon.core.webui.keyword.WebUiBuiltInKeywords.modifyObjectProperty(product, "xpath", "equals", "//*[@id = "fldvendor" + row + ""]", true): Modify property of object successfully

2018-06-04 18:35:25 - [MESSAGE][PASSED] - Modify property of object successfully

2018-06-04 18:35:25 - [TEST_STEP][PASSED] - selectOptionByIndex: All options with index in [1] are selected on object ''

2018-06-04 18:35:25 - [MESSAGE][PASSED] - All options with index in [1] are selected on object ''

2018-06-04 18:35:25 - [TEST_STEP][PASSED] - delay: Delayed 2 second(s)

2018-06-04 18:35:27 - [MESSAGE][PASSED] - Delayed 2 second(s)

2018-06-04 18:35:27 - [TEST_STEP][PASSED] - Statement - batch = new com.kms.katalon.core.testobject.TestObject(): null

2018-06-04 18:35:27 - [TEST_STEP][PASSED] - Statement - batch = com.kms.katalon.core.webui.keyword.WebUiBuiltInKeywords.modifyObjectProperty(batch, "xpath", "equals", "//*[@id = "txtbthqty" + row + ""]", true): Modify property of object successfully

2018-06-04 18:35:27 - [MESSAGE][PASSED] - Modify property of object successfully

2018-06-04 18:35:27 - [TEST_STEP][PASSED] - Statement - batchqty = com.kms.katalon.core.webui.keyword.WebUiBuiltInKeywords.getAttribute(batch, "value").trim(): Attribute 'value' of object '' is: '3700'

2018-06-04 18:35:27 - [MESSAGE][PASSED] - Attribute 'value' of object '' is: '3700'

2018-06-04 18:35:27 - [TEST_STEP][PASSED] - Statement - Rqty = 100: null

2018-06-04 18:35:27 - [TEST_STEP][PASSED] - Statement - out.println("BatchQty : " + batchqty): null

2018-06-04 18:35:27 - [TEST_STEP][PASSED] - Statement - out.println("RQty : " + Rqty): null

2018-06-04 18:35:27 - [TEST_STEP][PASSED] - Statement - If (java.lang.Integer.valueOf(batchqty) >= java.lang.Integer.valueOf(Rqty)): null

2018-06-04 18:35:27 - [TEST_STEP][PASSED] - Statement - Break: null

2018-06-04 18:35:27 - [TEST_STEP][PASSED] - Statement - batchlength = new com.kms.katalon.core.testobject.TestObject(): null

2018-06-04 18:35:27 - [TEST_STEP][PASSED] - Statement - batchlength = com.kms.katalon.core.webui.keyword.WebUiBuiltInKeywords.modifyObjectProperty(batchlength, "xpath", "equals", "//*[@id = "fldvendor" + row + ""]", true): Modify property of object successfully

2018-06-04 18:35:27 - [MESSAGE][PASSED] - Modify property of object successfully

2018-06-04 18:35:27 - [TEST_STEP][PASSED] - Statement - batchsize = com.kms.katalon.core.webui.keyword.WebUiBuiltInKeywords.getNumberOfTotalOption(batchlength): 12 options of object '' counted

2018-06-04 18:35:28 - [MESSAGE][PASSED] - 12 options of object '' counted

2018-06-04 18:35:28 - [TEST_STEP][PASSED] - Statement - out.println("BatchSize : " + batchsize): null

2018-06-04 18:35:28 - [TEST_STEP][PASSED] - Statement - For ([n = 1, n <= batchsize - 1, (n++)]): null

2018-06-04 18:35:28 - [TEST_STEP][PASSED] - Statement - product = new com.kms.katalon.core.testobject.TestObject(): null

2018-06-04 18:35:28 - [TEST_STEP][PASSED] - Statement - product = com.kms.katalon.core.webui.keyword.WebUiBuiltInKeywords.modifyObjectProperty(product, "xpath", "equals", "//*[@id = "fldvendor" + row + ""]", true): Modify property of object successfully

2018-06-04 18:35:28 - [MESSAGE][PASSED] - Modify property of object successfully

2018-06-04 18:35:28 - [TEST_STEP][PASSED] - selectOptionByIndex: All options with index in [1] are selected on object ''

2018-06-04 18:35:28 - [MESSAGE][PASSED] - All options with index in [1] are selected on object ''

2018-06-04 18:35:28 - [TEST_STEP][PASSED] - delay: Delayed 2 second(s)

2018-06-04 18:35:30 - [MESSAGE][PASSED] - Delayed 2 second(s)

2018-06-04 18:35:30 - [TEST_STEP][PASSED] - Statement - batch = new com.kms.katalon.core.testobject.TestObject(): null

2018-06-04 18:35:30 - [TEST_STEP][PASSED] - Statement - batch = com.kms.katalon.core.webui.keyword.WebUiBuiltInKeywords.modifyObjectProperty(batch, "xpath", "equals", "//*[@id = "txtbthqty" + row + ""]", true): Modify property of object successfully

2018-06-04 18:35:30 - [MESSAGE][PASSED] - Modify property of object successfully

2018-06-04 18:35:30 - [TEST_STEP][PASSED] - Statement - batchqty = com.kms.katalon.core.webui.keyword.WebUiBuiltInKeywords.getAttribute(batch, "value").trim(): Attribute 'value' of object '' is: '4300'

2018-06-04 18:35:30 - [MESSAGE][PASSED] - Attribute 'value' of object '' is: '4300'

2018-06-04 18:35:30 - [TEST_STEP][PASSED] - Statement - Rqty = 100: null

2018-06-04 18:35:30 - [TEST_STEP][PASSED] - Statement - out.println("BatchQty : " + batchqty): null

2018-06-04 18:35:30 - [TEST_STEP][PASSED] - Statement - out.println("RQty : " + Rqty): null

2018-06-04 18:35:30 - [TEST_STEP][PASSED] - Statement - If (java.lang.Integer.valueOf(batchqty) >= java.lang.Integer.valueOf(Rqty)): null

2018-06-04 18:35:30 - [TEST_STEP][PASSED] - Statement - Break: null

2018-06-04 18:35:30 - [TEST_STEP][PASSED] - Statement - batchlength = new com.kms.katalon.core.testobject.TestObject(): null

2018-06-04 18:35:30 - [TEST_STEP][PASSED] - Statement - batchlength = com.kms.katalon.core.webui.keyword.WebUiBuiltInKeywords.modifyObjectProperty(batchlength, "xpath", "equals", "//*[@id = "fldvendor" + row + ""]", true): Modify property of object successfully

2018-06-04 18:35:30 - [MESSAGE][PASSED] - Modify property of object successfully

2018-06-04 18:35:30 - [TEST_STEP][PASSED] - Statement - batchsize = com.kms.katalon.core.webui.keyword.WebUiBuiltInKeywords.getNumberOfTotalOption(batchlength): 12 options of object '' counted

2018-06-04 18:35:30 - [MESSAGE][PASSED] - 12 options of object '' counted

2018-06-04 18:35:30 - [TEST_STEP][PASSED] - Statement - out.println("BatchSize : " + batchsize): null

2018-06-04 18:35:30 - [TEST_STEP][PASSED] - Statement - For ([n = 1, n <= batchsize - 1, (n++)]): null

2018-06-04 18:35:30 - [TEST_STEP][PASSED] - Statement - product = new com.kms.katalon.core.testobject.TestObject(): null

2018-06-04 18:35:30 - [TEST_STEP][PASSED] - Statement - product = com.kms.katalon.core.webui.keyword.WebUiBuiltInKeywords.modifyObjectProperty(product, "xpath", "equals", "//*[@id = "fldvendor" + row + ""]", true): Modify property of object successfully

2018-06-04 18:35:30 - [MESSAGE][PASSED] - Modify property of object successfully

2018-06-04 18:35:30 - [TEST_STEP][PASSED] - selectOptionByIndex: All options with index in [1] are selected on object ''

2018-06-04 18:35:30 - [MESSAGE][PASSED] - All options with index in [1] are selected on object ''

2018-06-04 18:35:30 - [TEST_STEP][PASSED] - delay: Delayed 2 second(s)

2018-06-04 18:35:32 - [MESSAGE][PASSED] - Delayed 2 second(s)

2018-06-04 18:35:32 - [TEST_STEP][PASSED] - Statement - batch = new com.kms.katalon.core.testobject.TestObject(): null

2018-06-04 18:35:32 - [TEST_STEP][PASSED] - Statement - batch = com.kms.katalon.core.webui.keyword.WebUiBuiltInKeywords.modifyObjectProperty(batch, "xpath", "equals", "//*[@id = "txtbthqty" + row + ""]", true): Modify property of object successfully

2018-06-04 18:35:32 - [MESSAGE][PASSED] - Modify property of object successfully

2018-06-04 18:35:32 - [TEST_STEP][PASSED] - Statement - batchqty = com.kms.katalon.core.webui.keyword.WebUiBuiltInKeywords.getAttribute(batch, "value").trim(): Attribute 'value' of object '' is: '3800'

2018-06-04 18:35:32 - [MESSAGE][PASSED] - Attribute 'value' of object '' is: '3800'

2018-06-04 18:35:32 - [TEST_STEP][PASSED] - Statement - Rqty = 100: null

2018-06-04 18:35:32 - [TEST_STEP][PASSED] - Statement - out.println("BatchQty : " + batchqty): null

2018-06-04 18:35:32 - [TEST_STEP][PASSED] - Statement - out.println("RQty : " + Rqty): null

2018-06-04 18:35:32 - [TEST_STEP][PASSED] - Statement - If (java.lang.Integer.valueOf(batchqty) >= java.lang.Integer.valueOf(Rqty)): null

2018-06-04 18:35:32 - [TEST_STEP][PASSED] - Statement - Break: null

2018-06-04 18:35:32 - [TEST_STEP][PASSED] - Statement - batchlength = new com.kms.katalon.core.testobject.TestObject(): null

2018-06-04 18:35:32 - [TEST_STEP][PASSED] - Statement - batchlength = com.kms.katalon.core.webui.keyword.WebUiBuiltInKeywords.modifyObjectProperty(batchlength, "xpath", "equals", "//*[@id = "fldvendor" + row + ""]", true): Modify property of object successfully

2018-06-04 18:35:32 - [MESSAGE][PASSED] - Modify property of object successfully

2018-06-04 18:35:32 - [TEST_STEP][PASSED] - Statement - batchsize = com.kms.katalon.core.webui.keyword.WebUiBuiltInKeywords.getNumberOfTotalOption(batchlength): 11 options of object '' counted

2018-06-04 18:35:32 - [MESSAGE][PASSED] - 11 options of object '' counted

2018-06-04 18:35:32 - [TEST_STEP][PASSED] - Statement - out.println("BatchSize : " + batchsize): null

2018-06-04 18:35:32 - [TEST_STEP][PASSED] - Statement - For ([n = 1, n <= batchsize - 1, (n++)]): null

2018-06-04 18:35:32 - [TEST_STEP][PASSED] - Statement - product = new com.kms.katalon.core.testobject.TestObject(): null

2018-06-04 18:35:32 - [TEST_STEP][PASSED] - Statement - product = com.kms.katalon.core.webui.keyword.WebUiBuiltInKeywords.modifyObjectProperty(product, "xpath", "equals", "//*[@id = "fldvendor" + row + ""]", true): Modify property of object successfully

2018-06-04 18:35:32 - [MESSAGE][PASSED] - Modify property of object successfully

2018-06-04 18:35:32 - [TEST_STEP][PASSED] - selectOptionByIndex: All options with index in [1] are selected on object ''

2018-06-04 18:35:32 - [MESSAGE][PASSED] - All options with index in [1] are selected on object ''

2018-06-04 18:35:32 - [TEST_STEP][PASSED] - delay: Delayed 2 second(s)

2018-06-04 18:35:34 - [MESSAGE][PASSED] - Delayed 2 second(s)

2018-06-04 18:35:34 - [TEST_STEP][PASSED] - Statement - batch = new com.kms.katalon.core.testobject.TestObject(): null

2018-06-04 18:35:34 - [TEST_STEP][PASSED] - Statement - batch = com.kms.katalon.core.webui.keyword.WebUiBuiltInKeywords.modifyObjectProperty(batch, "xpath", "equals", "//*[@id = "txtbthqty" + row + ""]", true): Modify property of object successfully

2018-06-04 18:35:34 - [MESSAGE][PASSED] - Modify property of object successfully

2018-06-04 18:35:34 - [TEST_STEP][PASSED] - Statement - batchqty = com.kms.katalon.core.webui.keyword.WebUiBuiltInKeywords.getAttribute(batch, "value").trim(): Attribute 'value' of object '' is: '4300'

2018-06-04 18:35:34 - [MESSAGE][PASSED] - Attribute 'value' of object '' is: '4300'

2018-06-04 18:35:34 - [TEST_STEP][PASSED] - Statement - Rqty = 100: null

2018-06-04 18:35:34 - [TEST_STEP][PASSED] - Statement - out.println("BatchQty : " + batchqty): null

2018-06-04 18:35:34 - [TEST_STEP][PASSED] - Statement - out.println("RQty : " + Rqty): null

2018-06-04 18:35:34 - [TEST_STEP][PASSED] - Statement - If (java.lang.Integer.valueOf(batchqty) >= java.lang.Integer.valueOf(Rqty)): null

2018-06-04 18:35:34 - [TEST_STEP][PASSED] - Statement - Break: null

2018-06-04 18:35:34 - [TEST_STEP][PASSED] - Statement - batchlength = new com.kms.katalon.core.testobject.TestObject(): null

2018-06-04 18:35:34 - [TEST_STEP][PASSED] - Statement - batchlength = com.kms.katalon.core.webui.keyword.WebUiBuiltInKeywords.modifyObjectProperty(batchlength, "xpath", "equals", "//*[@id = "fldvendor" + row + ""]", true): Modify property of object successfully

2018-06-04 18:35:34 - [MESSAGE][PASSED] - Modify property of object successfully

2018-06-04 18:35:34 - [TEST_STEP][PASSED] - Statement - batchsize = com.kms.katalon.core.webui.keyword.WebUiBuiltInKeywords.getNumberOfTotalOption(batchlength): 11 options of object '' counted

2018-06-04 18:35:34 - [MESSAGE][PASSED] - 11 options of object '' counted

2018-06-04 18:35:34 - [TEST_STEP][PASSED] - Statement - out.println("BatchSize : " + batchsize): null

2018-06-04 18:35:34 - [TEST_STEP][PASSED] - Statement - For ([n = 1, n <= batchsize - 1, (n++)]): null

2018-06-04 18:35:34 - [TEST_STEP][PASSED] - Statement - product = new com.kms.katalon.core.testobject.TestObject(): null

2018-06-04 18:35:34 - [TEST_STEP][PASSED] - Statement - product = com.kms.katalon.core.webui.keyword.WebUiBuiltInKeywords.modifyObjectProperty(product, "xpath", "equals", "//*[@id = "fldvendor" + row + ""]", true): Modify property of object successfully

2018-06-04 18:35:34 - [MESSAGE][PASSED] - Modify property of object successfully

2018-06-04 18:35:34 - [TEST_STEP][PASSED] - selectOptionByIndex: All options with index in [1] are selected on object ''

2018-06-04 18:35:34 - [MESSAGE][PASSED] - All options with index in [1] are selected on object ''

2018-06-04 18:35:34 - [TEST_STEP][PASSED] - delay: Delayed 2 second(s)

2018-06-04 18:35:36 - [MESSAGE][PASSED] - Delayed 2 second(s)

2018-06-04 18:35:36 - [TEST_STEP][PASSED] - Statement - batch = new com.kms.katalon.core.testobject.TestObject(): null

2018-06-04 18:35:36 - [TEST_STEP][PASSED] - Statement - batch = com.kms.katalon.core.webui.keyword.WebUiBuiltInKeywords.modifyObjectProperty(batch, "xpath", "equals", "//*[@id = "txtbthqty" + row + ""]", true): Modify property of object successfully

2018-06-04 18:35:36 - [MESSAGE][PASSED] - Modify property of object successfully

2018-06-04 18:35:36 - [TEST_STEP][PASSED] - Statement - batchqty = com.kms.katalon.core.webui.keyword.WebUiBuiltInKeywords.getAttribute(batch, "value").trim(): Attribute 'value' of object '' is: '4300'

2018-06-04 18:35:37 - [MESSAGE][PASSED] - Attribute 'value' of object '' is: '4300'

2018-06-04 18:35:37 - [TEST_STEP][PASSED] - Statement - Rqty = 100: null

2018-06-04 18:35:37 - [TEST_STEP][PASSED] - Statement - out.println("BatchQty : " + batchqty): null

2018-06-04 18:35:37 - [TEST_STEP][PASSED] - Statement - out.println("RQty : " + Rqty): null

2018-06-04 18:35:37 - [TEST_STEP][PASSED] - Statement - If (java.lang.Integer.valueOf(batchqty) >= java.lang.Integer.valueOf(Rqty)): null

2018-06-04 18:35:37 - [TEST_STEP][PASSED] - Statement - Break: null

2018-06-04 18:35:37 - [TEST_STEP][PASSED] - Statement - batchlength = new com.kms.katalon.core.testobject.TestObject(): null

2018-06-04 18:35:37 - [TEST_STEP][PASSED] - Statement - batchlength = com.kms.katalon.core.webui.keyword.WebUiBuiltInKeywords.modifyObjectProperty(batchlength, "xpath", "equals", "//*[@id = "fldvendor" + row + ""]", true): Modify property of object successfully

2018-06-04 18:35:37 - [MESSAGE][PASSED] - Modify property of object successfully

2018-06-04 18:35:37 - [TEST_STEP][PASSED] - Statement - batchsize = com.kms.katalon.core.webui.keyword.WebUiBuiltInKeywords.getNumberOfTotalOption(batchlength): 12 options of object '' counted

2018-06-04 18:35:37 - [MESSAGE][PASSED] - 12 options of object '' counted

2018-06-04 18:35:37 - [TEST_STEP][PASSED] - Statement - out.println("BatchSize : " + batchsize): null

2018-06-04 18:35:37 - [TEST_STEP][PASSED] - Statement - For ([n = 1, n <= batchsize - 1, (n++)]): null

2018-06-04 18:35:37 - [TEST_STEP][PASSED] - Statement - product = new com.kms.katalon.core.testobject.TestObject(): null

2018-06-04 18:35:37 - [TEST_STEP][PASSED] - Statement - product = com.kms.katalon.core.webui.keyword.WebUiBuiltInKeywords.modifyObjectProperty(product, "xpath", "equals", "//*[@id = "fldvendor" + row + ""]", true): Modify property of object successfully

2018-06-04 18:35:37 - [MESSAGE][PASSED] - Modify property of object successfully

2018-06-04 18:35:37 - [TEST_STEP][PASSED] - selectOptionByIndex: All options with index in [1] are selected on object ''

2018-06-04 18:35:37 - [MESSAGE][PASSED] - All options with index in [1] are selected on object ''

2018-06-04 18:35:37 - [TEST_STEP][PASSED] - delay: Delayed 2 second(s)

2018-06-04 18:35:39 - [MESSAGE][PASSED] - Delayed 2 second(s)

2018-06-04 18:35:39 - [TEST_STEP][PASSED] - Statement - batch = new com.kms.katalon.core.testobject.TestObject(): null

2018-06-04 18:35:39 - [TEST_STEP][PASSED] - Statement - batch = com.kms.katalon.core.webui.keyword.WebUiBuiltInKeywords.modifyObjectProperty(batch, "xpath", "equals", "//*[@id = "txtbthqty" + row + ""]", true): Modify property of object successfully

2018-06-04 18:35:39 - [MESSAGE][PASSED] - Modify property of object successfully

2018-06-04 18:35:39 - [TEST_STEP][PASSED] - Statement - batchqty = com.kms.katalon.core.webui.keyword.WebUiBuiltInKeywords.getAttribute(batch, "value").trim(): Attribute 'value' of object '' is: '3800'

2018-06-04 18:35:39 - [MESSAGE][PASSED] - Attribute 'value' of object '' is: '3800'

2018-06-04 18:35:39 - [TEST_STEP][PASSED] - Statement - Rqty = 100: null

2018-06-04 18:35:39 - [TEST_STEP][PASSED] - Statement - out.println("BatchQty : " + batchqty): null

2018-06-04 18:35:39 - [TEST_STEP][PASSED] - Statement - out.println("RQty : " + Rqty): null

2018-06-04 18:35:39 - [TEST_STEP][PASSED] - Statement - If (java.lang.Integer.valueOf(batchqty) >= java.lang.Integer.valueOf(Rqty)): null

2018-06-04 18:35:39 - [TEST_STEP][PASSED] - Statement - Break: null

2018-06-04 18:35:39 - [TEST_STEP][PASSED] - Statement - batchlength = new com.kms.katalon.core.testobject.TestObject(): null

2018-06-04 18:35:39 - [TEST_STEP][PASSED] - Statement - batchlength = com.kms.katalon.core.webui.keyword.WebUiBuiltInKeywords.modifyObjectProperty(batchlength, "xpath", "equals", "//*[@id = "fldvendor" + row + ""]", true): Modify property of object successfully

2018-06-04 18:35:39 - [MESSAGE][PASSED] - Modify property of object successfully

2018-06-04 18:35:39 - [TEST_STEP][PASSED] - Statement - batchsize = com.kms.katalon.core.webui.keyword.WebUiBuiltInKeywords.getNumberOfTotalOption(batchlength): 11 options of object '' counted

2018-06-04 18:35:39 - [MESSAGE][PASSED] - 11 options of object '' counted

2018-06-04 18:35:39 - [TEST_STEP][PASSED] - Statement - out.println("BatchSize : " + batchsize): null

2018-06-04 18:35:39 - [TEST_STEP][PASSED] - Statement - For ([n = 1, n <= batchsize - 1, (n++)]): null

2018-06-04 18:35:39 - [TEST_STEP][PASSED] - Statement - product = new com.kms.katalon.core.testobject.TestObject(): null

2018-06-04 18:35:39 - [TEST_STEP][PASSED] - Statement - product = com.kms.katalon.core.webui.keyword.WebUiBuiltInKeywords.modifyObjectProperty(product, "xpath", "equals", "//*[@id = "fldvendor" + row + ""]", true): Modify property of object successfully

2018-06-04 18:35:39 - [MESSAGE][PASSED] - Modify property of object successfully

2018-06-04 18:35:39 - [TEST_STEP][PASSED] - selectOptionByIndex: All options with index in [1] are selected on object ''

2018-06-04 18:35:39 - [MESSAGE][PASSED] - All options with index in [1] are selected on object ''

2018-06-04 18:35:39 - [TEST_STEP][PASSED] - delay: Delayed 2 second(s)

2018-06-04 18:35:41 - [MESSAGE][PASSED] - Delayed 2 second(s)

2018-06-04 18:35:41 - [TEST_STEP][PASSED] - Statement - batch = new com.kms.katalon.core.testobject.TestObject(): null

2018-06-04 18:35:41 - [TEST_STEP][PASSED] - Statement - batch = com.kms.katalon.core.webui.keyword.WebUiBuiltInKeywords.modifyObjectProperty(batch, "xpath", "equals", "//*[@id = "txtbthqty" + row + ""]", true): Modify property of object successfully

2018-06-04 18:35:41 - [MESSAGE][PASSED] - Modify property of object successfully

2018-06-04 18:35:41 - [TEST_STEP][PASSED] - Statement - batchqty = com.kms.katalon.core.webui.keyword.WebUiBuiltInKeywords.getAttribute(batch, "value").trim(): Attribute 'value' of object '' is: '4300'

2018-06-04 18:35:41 - [MESSAGE][PASSED] - Attribute 'value' of object '' is: '4300'

2018-06-04 18:35:41 - [TEST_STEP][PASSED] - Statement - Rqty = 100: null

2018-06-04 18:35:41 - [TEST_STEP][PASSED] - Statement - out.println("BatchQty : " + batchqty): null

2018-06-04 18:35:41 - [TEST_STEP][PASSED] - Statement - out.println("RQty : " + Rqty): null

2018-06-04 18:35:41 - [TEST_STEP][PASSED] - Statement - If (java.lang.Integer.valueOf(batchqty) >= java.lang.Integer.valueOf(Rqty)): null

2018-06-04 18:35:41 - [TEST_STEP][PASSED] - Statement - Break: null

2018-06-04 18:35:41 - [TEST_STEP][PASSED] - Statement - batchlength = new com.kms.katalon.core.testobject.TestObject(): null

2018-06-04 18:35:41 - [TEST_STEP][PASSED] - Statement - batchlength = com.kms.katalon.core.webui.keyword.WebUiBuiltInKeywords.modifyObjectProperty(batchlength, "xpath", "equals", "//*[@id = "fldvendor" + row + ""]", true): Modify property of object successfully

2018-06-04 18:35:41 - [MESSAGE][PASSED] - Modify property of object successfully

2018-06-04 18:35:41 - [TEST_STEP][PASSED] - Statement - batchsize = com.kms.katalon.core.webui.keyword.WebUiBuiltInKeywords.getNumberOfTotalOption(batchlength): 12 options of object '' counted

2018-06-04 18:35:41 - [MESSAGE][PASSED] - 12 options of object '' counted

2018-06-04 18:35:41 - [TEST_STEP][PASSED] - Statement - out.println("BatchSize : " + batchsize): null

2018-06-04 18:35:41 - [TEST_STEP][PASSED] - Statement - For ([n = 1, n <= batchsize - 1, (n++)]): null

2018-06-04 18:35:41 - [TEST_STEP][PASSED] - Statement - product = new com.kms.katalon.core.testobject.TestObject(): null

2018-06-04 18:35:41 - [TEST_STEP][PASSED] - Statement - product = com.kms.katalon.core.webui.keyword.WebUiBuiltInKeywords.modifyObjectProperty(product, "xpath", "equals", "//*[@id = "fldvendor" + row + ""]", true): Modify property of object successfully

2018-06-04 18:35:41 - [MESSAGE][PASSED] - Modify property of object successfully

2018-06-04 18:35:41 - [TEST_STEP][PASSED] - selectOptionByIndex: All options with index in [1] are selected on object ''

2018-06-04 18:35:41 - [MESSAGE][PASSED] - All options with index in [1] are selected on object ''

2018-06-04 18:35:41 - [TEST_STEP][PASSED] - delay: Delayed 2 second(s)

2018-06-04 18:35:43 - [MESSAGE][PASSED] - Delayed 2 second(s)

2018-06-04 18:35:43 - [TEST_STEP][PASSED] - Statement - batch = new com.kms.katalon.core.testobject.TestObject(): null

2018-06-04 18:35:43 - [TEST_STEP][PASSED] - Statement - batch = com.kms.katalon.core.webui.keyword.WebUiBuiltInKeywords.modifyObjectProperty(batch, "xpath", "equals", "//*[@id = "txtbthqty" + row + ""]", true): Modify property of object successfully

2018-06-04 18:35:43 - [MESSAGE][PASSED] - Modify property of object successfully

2018-06-04 18:35:43 - [TEST_STEP][PASSED] - Statement - batchqty = com.kms.katalon.core.webui.keyword.WebUiBuiltInKeywords.getAttribute(batch, "value").trim(): Attribute 'value' of object '' is: '2800'

2018-06-04 18:35:43 - [MESSAGE][PASSED] - Attribute 'value' of object '' is: '2800'

2018-06-04 18:35:43 - [TEST_STEP][PASSED] - Statement - Rqty = 100: null

2018-06-04 18:35:43 - [TEST_STEP][PASSED] - Statement - out.println("BatchQty : " + batchqty): null

2018-06-04 18:35:43 - [TEST_STEP][PASSED] - Statement - out.println("RQty : " + Rqty): null

2018-06-04 18:35:43 - [TEST_STEP][PASSED] - Statement - If (java.lang.Integer.valueOf(batchqty) >= java.lang.Integer.valueOf(Rqty)): null

2018-06-04 18:35:43 - [TEST_STEP][PASSED] - Statement - Break: null

2018-06-04 18:35:43 - [TEST_STEP][PASSED] - Statement - batchlength = new com.kms.katalon.core.testobject.TestObject(): null

2018-06-04 18:35:43 - [TEST_STEP][PASSED] - Statement - batchlength = com.kms.katalon.core.webui.keyword.WebUiBuiltInKeywords.modifyObjectProperty(batchlength, "xpath", "equals", "//*[@id = "fldvendor" + row + ""]", true): Modify property of object successfully

2018-06-04 18:35:43 - [MESSAGE][PASSED] - Modify property of object successfully

2018-06-04 18:35:43 - [TEST_STEP][PASSED] - Statement - batchsize = com.kms.katalon.core.webui.keyword.WebUiBuiltInKeywords.getNumberOfTotalOption(batchlength): 12 options of object '' counted

2018-06-04 18:35:44 - [MESSAGE][PASSED] - 12 options of object '' counted

2018-06-04 18:35:44 - [TEST_STEP][PASSED] - Statement - out.println("BatchSize : " + batchsize): null

2018-06-04 18:35:44 - [TEST_STEP][PASSED] - Statement - For ([n = 1, n <= batchsize - 1, (n++)]): null

2018-06-04 18:35:44 - [TEST_STEP][PASSED] - Statement - product = new com.kms.katalon.core.testobject.TestObject(): null

2018-06-04 18:35:44 - [TEST_STEP][PASSED] - Statement - product = com.kms.katalon.core.webui.keyword.WebUiBuiltInKeywords.modifyObjectProperty(product, "xpath", "equals", "//*[@id = "fldvendor" + row + ""]", true): Modify property of object successfully

2018-06-04 18:35:44 - [MESSAGE][PASSED] - Modify property of object successfully

2018-06-04 18:35:44 - [TEST_STEP][PASSED] - selectOptionByIndex: All options with index in [1] are selected on object ''

2018-06-04 18:35:44 - [MESSAGE][PASSED] - All options with index in [1] are selected on object ''

2018-06-04 18:35:44 - [TEST_STEP][PASSED] - delay: Delayed 2 second(s)

2018-06-04 18:35:46 - [MESSAGE][PASSED] - Delayed 2 second(s)

2018-06-04 18:35:46 - [TEST_STEP][PASSED] - Statement - batch = new com.kms.katalon.core.testobject.TestObject(): null

2018-06-04 18:35:46 - [TEST_STEP][PASSED] - Statement - batch = com.kms.katalon.core.webui.keyword.WebUiBuiltInKeywords.modifyObjectProperty(batch, "xpath", "equals", "//*[@id = "txtbthqty" + row + ""]", true): Modify property of object successfully

2018-06-04 18:35:46 - [MESSAGE][PASSED] - Modify property of object successfully

2018-06-04 18:35:46 - [TEST_STEP][PASSED] - Statement - batchqty = com.kms.katalon.core.webui.keyword.WebUiBuiltInKeywords.getAttribute(batch, "value").trim(): Attribute 'value' of object '' is: '37600'

2018-06-04 18:35:46 - [MESSAGE][PASSED] - Attribute 'value' of object '' is: '37600'

2018-06-04 18:35:46 - [TEST_STEP][PASSED] - Statement - Rqty = 100: null

2018-06-04 18:35:46 - [TEST_STEP][PASSED] - Statement - out.println("BatchQty : " + batchqty): null

2018-06-04 18:35:46 - [TEST_STEP][PASSED] - Statement - out.println("RQty : " + Rqty): null

2018-06-04 18:35:46 - [TEST_STEP][PASSED] - Statement - If (java.lang.Integer.valueOf(batchqty) >= java.lang.Integer.valueOf(Rqty)): null

2018-06-04 18:35:46 - [TEST_STEP][PASSED] - Statement - Break: null

2018-06-04 18:35:46 - [TEST_STEP][PASSED] - Statement - batchlength = new com.kms.katalon.core.testobject.TestObject(): null

2018-06-04 18:35:46 - [TEST_STEP][PASSED] - Statement - batchlength = com.kms.katalon.core.webui.keyword.WebUiBuiltInKeywords.modifyObjectProperty(batchlength, "xpath", "equals", "//*[@id = "fldvendor" + row + ""]", true): Modify property of object successfully

2018-06-04 18:35:46 - [MESSAGE][PASSED] - Modify property of object successfully

2018-06-04 18:35:46 - [TEST_STEP][PASSED] - Statement - batchsize = com.kms.katalon.core.webui.keyword.WebUiBuiltInKeywords.getNumberOfTotalOption(batchlength): 12 options of object '' counted

2018-06-04 18:35:46 - [MESSAGE][PASSED] - 12 options of object '' counted

2018-06-04 18:35:46 - [TEST_STEP][PASSED] - Statement - out.println("BatchSize : " + batchsize): null

2018-06-04 18:35:46 - [TEST_STEP][PASSED] - Statement - For ([n = 1, n <= batchsize - 1, (n++)]): null

2018-06-04 18:35:46 - [TEST_STEP][PASSED] - Statement - product = new com.kms.katalon.core.testobject.TestObject(): null

2018-06-04 18:35:46 - [TEST_STEP][PASSED] - Statement - product = com.kms.katalon.core.webui.keyword.WebUiBuiltInKeywords.modifyObjectProperty(product, "xpath", "equals", "//*[@id = "fldvendor" + row + ""]", true): Modify property of object successfully

2018-06-04 18:35:46 - [MESSAGE][PASSED] - Modify property of object successfully

2018-06-04 18:35:46 - [TEST_STEP][PASSED] - selectOptionByIndex: All options with index in [1] are selected on object ''

2018-06-04 18:35:46 - [MESSAGE][PASSED] - All options with index in [1] are selected on object ''

2018-06-04 18:35:46 - [TEST_STEP][PASSED] - delay: Delayed 2 second(s)

2018-06-04 18:35:48 - [MESSAGE][PASSED] - Delayed 2 second(s)

2018-06-04 18:35:48 - [TEST_STEP][PASSED] - Statement - batch = new com.kms.katalon.core.testobject.TestObject(): null

2018-06-04 18:35:48 - [TEST_STEP][PASSED] - Statement - batch = com.kms.katalon.core.webui.keyword.WebUiBuiltInKeywords.modifyObjectProperty(batch, "xpath", "equals", "//*[@id = "txtbthqty" + row + ""]", true): Modify property of object successfully

2018-06-04 18:35:48 - [MESSAGE][PASSED] - Modify property of object successfully

2018-06-04 18:35:48 - [TEST_STEP][PASSED] - Statement - batchqty = com.kms.katalon.core.webui.keyword.WebUiBuiltInKeywords.getAttribute(batch, "value").trim(): Attribute 'value' of object '' is: '3800'

2018-06-04 18:35:48 - [MESSAGE][PASSED] - Attribute 'value' of object '' is: '3800'

2018-06-04 18:35:48 - [TEST_STEP][PASSED] - Statement - Rqty = 100: null

2018-06-04 18:35:48 - [TEST_STEP][PASSED] - Statement - out.println("BatchQty : " + batchqty): null

2018-06-04 18:35:48 - [TEST_STEP][PASSED] - Statement - out.println("RQty : " + Rqty): null

2018-06-04 18:35:48 - [TEST_STEP][PASSED] - Statement - If (java.lang.Integer.valueOf(batchqty) >= java.lang.Integer.valueOf(Rqty)): null

2018-06-04 18:35:48 - [TEST_STEP][PASSED] - Statement - Break: null

2018-06-04 18:35:48 - [TEST_STEP][PASSED] - Statement - batchlength = new com.kms.katalon.core.testobject.TestObject(): null

2018-06-04 18:35:48 - [TEST_STEP][PASSED] - Statement - batchlength = com.kms.katalon.core.webui.keyword.WebUiBuiltInKeywords.modifyObjectProperty(batchlength, "xpath", "equals", "//*[@id = "fldvendor" + row + ""]", true): Modify property of object successfully

2018-06-04 18:35:48 - [MESSAGE][PASSED] - Modify property of object successfully

2018-06-04 18:35:48 - [TEST_STEP][PASSED] - Statement - batchsize = com.kms.katalon.core.webui.keyword.WebUiBuiltInKeywords.getNumberOfTotalOption(batchlength): 11 options of object '' counted

2018-06-04 18:35:48 - [MESSAGE][PASSED] - 11 options of object '' counted

2018-06-04 18:35:48 - [TEST_STEP][PASSED] - Statement - out.println("BatchSize : " + batchsize): null

2018-06-04 18:35:48 - [TEST_STEP][PASSED] - Statement - For ([n = 1, n <= batchsize - 1, (n++)]): null

2018-06-04 18:35:48 - [TEST_STEP][PASSED] - Statement - product = new com.kms.katalon.core.testobject.TestObject(): null

2018-06-04 18:35:48 - [TEST_STEP][PASSED] - Statement - product = com.kms.katalon.core.webui.keyword.WebUiBuiltInKeywords.modifyObjectProperty(product, "xpath", "equals", "//*[@id = "fldvendor" + row + ""]", true): Modify property of object successfully

2018-06-04 18:35:48 - [MESSAGE][PASSED] - Modify property of object successfully

2018-06-04 18:35:48 - [TEST_STEP][PASSED] - selectOptionByIndex: All options with index in [1] are selected on object ''

2018-06-04 18:35:48 - [MESSAGE][PASSED] - All options with index in [1] are selected on object ''

2018-06-04 18:35:48 - [TEST_STEP][PASSED] - delay: Delayed 2 second(s)

2018-06-04 18:35:50 - [MESSAGE][PASSED] - Delayed 2 second(s)

2018-06-04 18:35:50 - [TEST_STEP][PASSED] - Statement - batch = new com.kms.katalon.core.testobject.TestObject(): null

2018-06-04 18:35:50 - [TEST_STEP][PASSED] - Statement - batch = com.kms.katalon.core.webui.keyword.WebUiBuiltInKeywords.modifyObjectProperty(batch, "xpath", "equals", "//*[@id = "txtbthqty" + row + ""]", true): Modify property of object successfully

2018-06-04 18:35:50 - [MESSAGE][PASSED] - Modify property of object successfully

2018-06-04 18:35:50 - [TEST_STEP][PASSED] - Statement - batchqty = com.kms.katalon.core.webui.keyword.WebUiBuiltInKeywords.getAttribute(batch, "value").trim(): Attribute 'value' of object '' is: '3300'

2018-06-04 18:35:50 - [MESSAGE][PASSED] - Attribute 'value' of object '' is: '3300'

2018-06-04 18:35:50 - [TEST_STEP][PASSED] - Statement - Rqty = 100: null

2018-06-04 18:35:50 - [TEST_STEP][PASSED] - Statement - out.println("BatchQty : " + batchqty): null

2018-06-04 18:35:50 - [TEST_STEP][PASSED] - Statement - out.println("RQty : " + Rqty): null

2018-06-04 18:35:50 - [TEST_STEP][PASSED] - Statement - If (java.lang.Integer.valueOf(batchqty) >= java.lang.Integer.valueOf(Rqty)): null

2018-06-04 18:35:50 - [TEST_STEP][PASSED] - Statement - Break: null

2018-06-04 18:35:50 - [TEST_STEP][PASSED] - Statement - batchlength = new com.kms.katalon.core.testobject.TestObject(): null

2018-06-04 18:35:50 - [TEST_STEP][PASSED] - Statement - batchlength = com.kms.katalon.core.webui.keyword.WebUiBuiltInKeywords.modifyObjectProperty(batchlength, "xpath", "equals", "//*[@id = "fldvendor" + row + ""]", true): Modify property of object successfully

2018-06-04 18:35:50 - [MESSAGE][PASSED] - Modify property of object successfully

2018-06-04 18:35:50 - [TEST_STEP][PASSED] - Statement - batchsize = com.kms.katalon.core.webui.keyword.WebUiBuiltInKeywords.getNumberOfTotalOption(batchlength): 12 options of object '' counted

2018-06-04 18:35:50 - [MESSAGE][PASSED] - 12 options of object '' counted

2018-06-04 18:35:50 - [TEST_STEP][PASSED] - Statement - out.println("BatchSize : " + batchsize): null

2018-06-04 18:35:50 - [TEST_STEP][PASSED] - Statement - For ([n = 1, n <= batchsize - 1, (n++)]): null

2018-06-04 18:35:50 - [TEST_STEP][PASSED] - Statement - product = new com.kms.katalon.core.testobject.TestObject(): null

2018-06-04 18:35:50 - [TEST_STEP][PASSED] - Statement - product = com.kms.katalon.core.webui.keyword.WebUiBuiltInKeywords.modifyObjectProperty(product, "xpath", "equals", "//*[@id = "fldvendor" + row + ""]", true): Modify property of object successfully

2018-06-04 18:35:50 - [MESSAGE][PASSED] - Modify property of object successfully

2018-06-04 18:35:50 - [TEST_STEP][PASSED] - selectOptionByIndex: All options with index in [1] are selected on object ''

2018-06-04 18:35:51 - [MESSAGE][PASSED] - All options with index in [1] are selected on object ''

2018-06-04 18:35:51 - [TEST_STEP][PASSED] - delay: Delayed 2 second(s)

2018-06-04 18:35:53 - [MESSAGE][PASSED] - Delayed 2 second(s)

2018-06-04 18:35:53 - [TEST_STEP][PASSED] - Statement - batch = new com.kms.katalon.core.testobject.TestObject(): null

2018-06-04 18:35:53 - [TEST_STEP][PASSED] - Statement - batch = com.kms.katalon.core.webui.keyword.WebUiBuiltInKeywords.modifyObjectProperty(batch, "xpath", "equals", "//*[@id = "txtbthqty" + row + ""]", true): Modify property of object successfully

2018-06-04 18:35:53 - [MESSAGE][PASSED] - Modify property of object successfully

2018-06-04 18:35:53 - [TEST_STEP][PASSED] - Statement - batchqty = com.kms.katalon.core.webui.keyword.WebUiBuiltInKeywords.getAttribute(batch, "value").trim(): Attribute 'value' of object '' is: '3800'

2018-06-04 18:35:53 - [MESSAGE][PASSED] - Attribute 'value' of object '' is: '3800'

2018-06-04 18:35:53 - [TEST_STEP][PASSED] - Statement - Rqty = 100: null

2018-06-04 18:35:53 - [TEST_STEP][PASSED] - Statement - out.println("BatchQty : " + batchqty): null

2018-06-04 18:35:53 - [TEST_STEP][PASSED] - Statement - out.println("RQty : " + Rqty): null

2018-06-04 18:35:53 - [TEST_STEP][PASSED] - Statement - If (java.lang.Integer.valueOf(batchqty) >= java.lang.Integer.valueOf(Rqty)): null

2018-06-04 18:35:53 - [TEST_STEP][PASSED] - Statement - Break: null

2018-06-04 18:35:53 - [TEST_STEP][PASSED] - Statement - batchlength = new com.kms.katalon.core.testobject.TestObject(): null

2018-06-04 18:35:53 - [TEST_STEP][PASSED] - Statement - batchlength = com.kms.katalon.core.webui.keyword.WebUiBuiltInKeywords.modifyObjectProperty(batchlength, "xpath", "equals", "//*[@id = "fldvendor" + row + ""]", true): Modify property of object successfully

2018-06-04 18:35:53 - [MESSAGE][PASSED] - Modify property of object successfully

2018-06-04 18:35:53 - [TEST_STEP][PASSED] - Statement - batchsize = com.kms.katalon.core.webui.keyword.WebUiBuiltInKeywords.getNumberOfTotalOption(batchlength): 12 options of object '' counted

2018-06-04 18:35:53 - [MESSAGE][PASSED] - 12 options of object '' counted

2018-06-04 18:35:53 - [TEST_STEP][PASSED] - Statement - out.println("BatchSize : " + batchsize): null

2018-06-04 18:35:53 - [TEST_STEP][PASSED] - Statement - For ([n = 1, n <= batchsize - 1, (n++)]): null

2018-06-04 18:35:53 - [TEST_STEP][PASSED] - Statement - product = new com.kms.katalon.core.testobject.TestObject(): null

2018-06-04 18:35:53 - [TEST_STEP][PASSED] - Statement - product = com.kms.katalon.core.webui.keyword.WebUiBuiltInKeywords.modifyObjectProperty(product, "xpath", "equals", "//*[@id = "fldvendor" + row + ""]", true): Modify property of object successfully

2018-06-04 18:35:53 - [MESSAGE][PASSED] - Modify property of object successfully

2018-06-04 18:35:53 - [TEST_STEP][PASSED] - selectOptionByIndex: All options with index in [1] are selected on object ''

2018-06-04 18:35:53 - [MESSAGE][PASSED] - All options with index in [1] are selected on object ''

2018-06-04 18:35:53 - [TEST_STEP][PASSED] - delay: Delayed 2 second(s)

2018-06-04 18:35:55 - [MESSAGE][PASSED] - Delayed 2 second(s)

2018-06-04 18:35:55 - [TEST_STEP][PASSED] - Statement - batch = new com.kms.katalon.core.testobject.TestObject(): null

2018-06-04 18:35:55 - [TEST_STEP][PASSED] - Statement - batch = com.kms.katalon.core.webui.keyword.WebUiBuiltInKeywords.modifyObjectProperty(batch, "xpath", "equals", "//*[@id = "txtbthqty" + row + ""]", true): Modify property of object successfully

2018-06-04 18:35:55 - [MESSAGE][PASSED] - Modify property of object successfully

2018-06-04 18:35:55 - [TEST_STEP][PASSED] - Statement - batchqty = com.kms.katalon.core.webui.keyword.WebUiBuiltInKeywords.getAttribute(batch, "value").trim(): Attribute 'value' of object '' is: '37600'

2018-06-04 18:35:55 - [MESSAGE][PASSED] - Attribute 'value' of object '' is: '37600'

2018-06-04 18:35:55 - [TEST_STEP][PASSED] - Statement - Rqty = 100: null

2018-06-04 18:35:55 - [TEST_STEP][PASSED] - Statement - out.println("BatchQty : " + batchqty): null

2018-06-04 18:35:55 - [TEST_STEP][PASSED] - Statement - out.println("RQty : " + Rqty): null

2018-06-04 18:35:55 - [TEST_STEP][PASSED] - Statement - If (java.lang.Integer.valueOf(batchqty) >= java.lang.Integer.valueOf(Rqty)): null

2018-06-04 18:35:55 - [TEST_STEP][PASSED] - Statement - Break: null

2018-06-04 18:35:55 - [TEST_STEP][PASSED] - Statement - batchlength = new com.kms.katalon.core.testobject.TestObject(): null

2018-06-04 18:35:55 - [TEST_STEP][PASSED] - Statement - batchlength = com.kms.katalon.core.webui.keyword.WebUiBuiltInKeywords.modifyObjectProperty(batchlength, "xpath", "equals", "//*[@id = "fldvendor" + row + ""]", true): Modify property of object successfully

2018-06-04 18:35:55 - [MESSAGE][PASSED] - Modify property of object successfully

2018-06-04 18:35:55 - [TEST_STEP][PASSED] - Statement - batchsize = com.kms.katalon.core.webui.keyword.WebUiBuiltInKeywords.getNumberOfTotalOption(batchlength): 12 options of object '' counted

2018-06-04 18:35:55 - [MESSAGE][PASSED] - 12 options of object '' counted

2018-06-04 18:35:55 - [TEST_STEP][PASSED] - Statement - out.println("BatchSize : " + batchsize): null

2018-06-04 18:35:55 - [TEST_STEP][PASSED] - Statement - For ([n = 1, n <= batchsize - 1, (n++)]): null

2018-06-04 18:35:55 - [TEST_STEP][PASSED] - Statement - product = new com.kms.katalon.core.testobject.TestObject(): null

2018-06-04 18:35:55 - [TEST_STEP][PASSED] - Statement - product = com.kms.katalon.core.webui.keyword.WebUiBuiltInKeywords.modifyObjectProperty(product, "xpath", "equals", "//*[@id = "fldvendor" + row + ""]", true): Modify property of object successfully

2018-06-04 18:35:55 - [MESSAGE][PASSED] - Modify property of object successfully

2018-06-04 18:35:55 - [TEST_STEP][PASSED] - selectOptionByIndex: All options with index in [1] are selected on object ''

2018-06-04 18:35:55 - [MESSAGE][PASSED] - All options with index in [1] are selected on object ''

2018-06-04 18:35:55 - [TEST_STEP][PASSED] - delay: Delayed 2 second(s)

2018-06-04 18:35:57 - [MESSAGE][PASSED] - Delayed 2 second(s)

2018-06-04 18:35:57 - [TEST_STEP][PASSED] - Statement - batch = new com.kms.katalon.core.testobject.TestObject(): null

2018-06-04 18:35:57 - [TEST_STEP][PASSED] - Statement - batch = com.kms.katalon.core.webui.keyword.WebUiBuiltInKeywords.modifyObjectProperty(batch, "xpath", "equals", "//*[@id = "txtbthqty" + row + ""]", true): Modify property of object successfully

2018-06-04 18:35:57 - [MESSAGE][PASSED] - Modify property of object successfully

2018-06-04 18:35:57 - [TEST_STEP][PASSED] - Statement - batchqty = com.kms.katalon.core.webui.keyword.WebUiBuiltInKeywords.getAttribute(batch, "value").trim(): Attribute 'value' of object '' is: '3800'

2018-06-04 18:35:57 - [MESSAGE][PASSED] - Attribute 'value' of object '' is: '3800'

2018-06-04 18:35:57 - [TEST_STEP][PASSED] - Statement - Rqty = 100: null

2018-06-04 18:35:57 - [TEST_STEP][PASSED] - Statement - out.println("BatchQty : " + batchqty): null

2018-06-04 18:35:57 - [TEST_STEP][PASSED] - Statement - out.println("RQty : " + Rqty): null

2018-06-04 18:35:57 - [TEST_STEP][PASSED] - Statement - If (java.lang.Integer.valueOf(batchqty) >= java.lang.Integer.valueOf(Rqty)): null

2018-06-04 18:35:57 - [TEST_STEP][PASSED] - Statement - Break: null

2018-06-04 18:35:57 - [TEST_STEP][PASSED] - Statement - batchlength = new com.kms.katalon.core.testobject.TestObject(): null

2018-06-04 18:35:57 - [TEST_STEP][PASSED] - Statement - batchlength = com.kms.katalon.core.webui.keyword.WebUiBuiltInKeywords.modifyObjectProperty(batchlength, "xpath", "equals", "//*[@id = "fldvendor" + row + ""]", true): Modify property of object successfully

2018-06-04 18:35:57 - [MESSAGE][PASSED] - Modify property of object successfully

2018-06-04 18:35:57 - [TEST_STEP][PASSED] - Statement - batchsize = com.kms.katalon.core.webui.keyword.WebUiBuiltInKeywords.getNumberOfTotalOption(batchlength): 12 options of object '' counted

2018-06-04 18:35:57 - [MESSAGE][PASSED] - 12 options of object '' counted

2018-06-04 18:35:57 - [TEST_STEP][PASSED] - Statement - out.println("BatchSize : " + batchsize): null

2018-06-04 18:35:57 - [TEST_STEP][PASSED] - Statement - For ([n = 1, n <= batchsize - 1, (n++)]): null

2018-06-04 18:35:57 - [TEST_STEP][PASSED] - Statement - product = new com.kms.katalon.core.testobject.TestObject(): null

2018-06-04 18:35:57 - [TEST_STEP][PASSED] - Statement - product = com.kms.katalon.core.webui.keyword.WebUiBuiltInKeywords.modifyObjectProperty(product, "xpath", "equals", "//*[@id = "fldvendor" + row + ""]", true): Modify property of object successfully

2018-06-04 18:35:57 - [MESSAGE][PASSED] - Modify property of object successfully

2018-06-04 18:35:57 - [TEST_STEP][PASSED] - selectOptionByIndex: All options with index in [1] are selected on object ''

2018-06-04 18:35:57 - [MESSAGE][PASSED] - All options with index in [1] are selected on object ''

2018-06-04 18:35:57 - [TEST_STEP][PASSED] - delay: Delayed 2 second(s)

2018-06-04 18:35:59 - [MESSAGE][PASSED] - Delayed 2 second(s)

2018-06-04 18:35:59 - [TEST_STEP][PASSED] - Statement - batch = new com.kms.katalon.core.testobject.TestObject(): null

2018-06-04 18:35:59 - [TEST_STEP][PASSED] - Statement - batch = com.kms.katalon.core.webui.keyword.WebUiBuiltInKeywords.modifyObjectProperty(batch, "xpath", "equals", "//*[@id = "txtbthqty" + row + ""]", true): Modify property of object successfully

2018-06-04 18:35:59 - [MESSAGE][PASSED] - Modify property of object successfully

2018-06-04 18:35:59 - [TEST_STEP][PASSED] - Statement - batchqty = com.kms.katalon.core.webui.keyword.WebUiBuiltInKeywords.getAttribute(batch, "value").trim(): Attribute 'value' of object '' is: '37600'

2018-06-04 18:35:59 - [MESSAGE][PASSED] - Attribute 'value' of object '' is: '37600'

2018-06-04 18:35:59 - [TEST_STEP][PASSED] - Statement - Rqty = 100: null

2018-06-04 18:35:59 - [TEST_STEP][PASSED] - Statement - out.println("BatchQty : " + batchqty): null

2018-06-04 18:35:59 - [TEST_STEP][PASSED] - Statement - out.println("RQty : " + Rqty): null

2018-06-04 18:35:59 - [TEST_STEP][PASSED] - Statement - If (java.lang.Integer.valueOf(batchqty) >= java.lang.Integer.valueOf(Rqty)): null

2018-06-04 18:35:59 - [TEST_STEP][PASSED] - Statement - Break: null

2018-06-04 18:35:59 - [TEST_STEP][PASSED] - Statement - batchlength = new com.kms.katalon.core.testobject.TestObject(): null

2018-06-04 18:35:59 - [TEST_STEP][PASSED] - Statement - batchlength = com.kms.katalon.core.webui.keyword.WebUiBuiltInKeywords.modifyObjectProperty(batchlength, "xpath", "equals", "//*[@id = "fldvendor" + row + ""]", true): Modify property of object successfully

2018-06-04 18:35:59 - [MESSAGE][PASSED] - Modify property of object successfully

2018-06-04 18:35:59 - [TEST_STEP][PASSED] - Statement - batchsize = com.kms.katalon.core.webui.keyword.WebUiBuiltInKeywords.getNumberOfTotalOption(batchlength): 21 options of object '' counted

2018-06-04 18:36:00 - [MESSAGE][PASSED] - 21 options of object '' counted

2018-06-04 18:36:00 - [TEST_STEP][PASSED] - Statement - out.println("BatchSize : " + batchsize): null

2018-06-04 18:36:00 - [TEST_STEP][PASSED] - Statement - For ([n = 1, n <= batchsize - 1, (n++)]): null

2018-06-04 18:36:00 - [TEST_STEP][PASSED] - Statement - product = new com.kms.katalon.core.testobject.TestObject(): null

2018-06-04 18:36:00 - [TEST_STEP][PASSED] - Statement - product = com.kms.katalon.core.webui.keyword.WebUiBuiltInKeywords.modifyObjectProperty(product, "xpath", "equals", "//*[@id = "fldvendor" + row + ""]", true): Modify property of object successfully

2018-06-04 18:36:00 - [MESSAGE][PASSED] - Modify property of object successfully

2018-06-04 18:36:00 - [TEST_STEP][PASSED] - selectOptionByIndex: All options with index in [1] are selected on object ''

2018-06-04 18:36:00 - [MESSAGE][PASSED] - All options with index in [1] are selected on object ''

2018-06-04 18:36:00 - [TEST_STEP][PASSED] - delay: Delayed 2 second(s)

2018-06-04 18:36:02 - [MESSAGE][PASSED] - Delayed 2 second(s)

2018-06-04 18:36:02 - [TEST_STEP][PASSED] - Statement - batch = new com.kms.katalon.core.testobject.TestObject(): null

2018-06-04 18:36:02 - [TEST_STEP][PASSED] - Statement - batch = com.kms.katalon.core.webui.keyword.WebUiBuiltInKeywords.modifyObjectProperty(batch, "xpath", "equals", "//*[@id = "txtbthqty" + row + ""]", true): Modify property of object successfully

2018-06-04 18:36:02 - [MESSAGE][PASSED] - Modify property of object successfully

2018-06-04 18:36:02 - [TEST_STEP][PASSED] - Statement - batchqty = com.kms.katalon.core.webui.keyword.WebUiBuiltInKeywords.getAttribute(batch, "value").trim(): Attribute 'value' of object '' is: '1800'

2018-06-04 18:36:02 - [MESSAGE][PASSED] - Attribute 'value' of object '' is: '1800'

2018-06-04 18:36:02 - [TEST_STEP][PASSED] - Statement - Rqty = 100: null

2018-06-04 18:36:02 - [TEST_STEP][PASSED] - Statement - out.println("BatchQty : " + batchqty): null

2018-06-04 18:36:02 - [TEST_STEP][PASSED] - Statement - out.println("RQty : " + Rqty): null

2018-06-04 18:36:02 - [TEST_STEP][PASSED] - Statement - If (java.lang.Integer.valueOf(batchqty) >= java.lang.Integer.valueOf(Rqty)): null

2018-06-04 18:36:02 - [TEST_STEP][PASSED] - Statement - Break: null

2018-06-04 18:36:02 - [TEST_STEP][PASSED] - Statement - batchlength = new com.kms.katalon.core.testobject.TestObject(): null

2018-06-04 18:36:02 - [TEST_STEP][PASSED] - Statement - batchlength = com.kms.katalon.core.webui.keyword.WebUiBuiltInKeywords.modifyObjectProperty(batchlength, "xpath", "equals", "//*[@id = "fldvendor" + row + ""]", true): Modify property of object successfully

2018-06-04 18:36:02 - [MESSAGE][PASSED] - Modify property of object successfully

2018-06-04 18:36:02 - [TEST_STEP][PASSED] - Statement - batchsize = com.kms.katalon.core.webui.keyword.WebUiBuiltInKeywords.getNumberOfTotalOption(batchlength): 11 options of object '' counted

2018-06-04 18:36:02 - [MESSAGE][PASSED] - 11 options of object '' counted

2018-06-04 18:36:02 - [TEST_STEP][PASSED] - Statement - out.println("BatchSize : " + batchsize): null

2018-06-04 18:36:02 - [TEST_STEP][PASSED] - Statement - For ([n = 1, n <= batchsize - 1, (n++)]): null

2018-06-04 18:36:02 - [TEST_STEP][PASSED] - Statement - product = new com.kms.katalon.core.testobject.TestObject(): null

2018-06-04 18:36:02 - [TEST_STEP][PASSED] - Statement - product = com.kms.katalon.core.webui.keyword.WebUiBuiltInKeywords.modifyObjectProperty(product, "xpath", "equals", "//*[@id = "fldvendor" + row + ""]", true): Modify property of object successfully

2018-06-04 18:36:02 - [MESSAGE][PASSED] - Modify property of object successfully

2018-06-04 18:36:02 - [TEST_STEP][PASSED] - selectOptionByIndex: All options with index in [1] are selected on object ''

2018-06-04 18:36:02 - [MESSAGE][PASSED] - All options with index in [1] are selected on object ''

2018-06-04 18:36:02 - [TEST_STEP][PASSED] - delay: Delayed 2 second(s)

2018-06-04 18:36:04 - [MESSAGE][PASSED] - Delayed 2 second(s)

2018-06-04 18:36:04 - [TEST_STEP][PASSED] - Statement - batch = new com.kms.katalon.core.testobject.TestObject(): null

2018-06-04 18:36:04 - [TEST_STEP][PASSED] - Statement - batch = com.kms.katalon.core.webui.keyword.WebUiBuiltInKeywords.modifyObjectProperty(batch, "xpath", "equals", "//*[@id = "txtbthqty" + row + ""]", true): Modify property of object successfully

2018-06-04 18:36:04 - [MESSAGE][PASSED] - Modify property of object successfully

2018-06-04 18:36:04 - [TEST_STEP][PASSED] - Statement - batchqty = com.kms.katalon.core.webui.keyword.WebUiBuiltInKeywords.getAttribute(batch, "value").trim(): Attribute 'value' of object '' is: '4300'

2018-06-04 18:36:04 - [MESSAGE][PASSED] - Attribute 'value' of object '' is: '4300'

2018-06-04 18:36:04 - [TEST_STEP][PASSED] - Statement - Rqty = 100: null

2018-06-04 18:36:04 - [TEST_STEP][PASSED] - Statement - out.println("BatchQty : " + batchqty): null

2018-06-04 18:36:04 - [TEST_STEP][PASSED] - Statement - out.println("RQty : " + Rqty): null

2018-06-04 18:36:04 - [TEST_STEP][PASSED] - Statement - If (java.lang.Integer.valueOf(batchqty) >= java.lang.Integer.valueOf(Rqty)): null

2018-06-04 18:36:04 - [TEST_STEP][PASSED] - Statement - Break: null

2018-06-04 18:36:04 - [TEST_STEP][PASSED] - Statement - batchlength = new com.kms.katalon.core.testobject.TestObject(): null

2018-06-04 18:36:04 - [TEST_STEP][PASSED] - Statement - batchlength = com.kms.katalon.core.webui.keyword.WebUiBuiltInKeywords.modifyObjectProperty(batchlength, "xpath", "equals", "//*[@id = "fldvendor" + row + ""]", true): Modify property of object successfully

2018-06-04 18:36:04 - [MESSAGE][PASSED] - Modify property of object successfully

2018-06-04 18:36:04 - [TEST_STEP][PASSED] - Statement - batchsize = com.kms.katalon.core.webui.keyword.WebUiBuiltInKeywords.getNumberOfTotalOption(batchlength): 12 options of object '' counted

2018-06-04 18:36:04 - [MESSAGE][PASSED] - 12 options of object '' counted

2018-06-04 18:36:04 - [TEST_STEP][PASSED] - Statement - out.println("BatchSize : " + batchsize): null

2018-06-04 18:36:04 - [TEST_STEP][PASSED] - Statement - For ([n = 1, n <= batchsize - 1, (n++)]): null

2018-06-04 18:36:04 - [TEST_STEP][PASSED] - Statement - product = new com.kms.katalon.core.testobject.TestObject(): null

2018-06-04 18:36:04 - [TEST_STEP][PASSED] - Statement - product = com.kms.katalon.core.webui.keyword.WebUiBuiltInKeywords.modifyObjectProperty(product, "xpath", "equals", "//*[@id = "fldvendor" + row + ""]", true): Modify property of object successfully

2018-06-04 18:36:04 - [MESSAGE][PASSED] - Modify property of object successfully

2018-06-04 18:36:04 - [TEST_STEP][PASSED] - selectOptionByIndex: All options with index in [1] are selected on object ''

2018-06-04 18:36:04 - [MESSAGE][PASSED] - All options with index in [1] are selected on object ''

2018-06-04 18:36:04 - [TEST_STEP][PASSED] - delay: Delayed 2 second(s)

2018-06-04 18:36:06 - [MESSAGE][PASSED] - Delayed 2 second(s)

2018-06-04 18:36:06 - [TEST_STEP][PASSED] - Statement - batch = new com.kms.katalon.core.testobject.TestObject(): null

2018-06-04 18:36:06 - [TEST_STEP][PASSED] - Statement - batch = com.kms.katalon.core.webui.keyword.WebUiBuiltInKeywords.modifyObjectProperty(batch, "xpath", "equals", "//*[@id = "txtbthqty" + row + ""]", true): Modify property of object successfully

2018-06-04 18:36:06 - [MESSAGE][PASSED] - Modify property of object successfully

2018-06-04 18:36:06 - [TEST_STEP][PASSED] - Statement - batchqty = com.kms.katalon.core.webui.keyword.WebUiBuiltInKeywords.getAttribute(batch, "value").trim(): Attribute 'value' of object '' is: '3800'

2018-06-04 18:36:06 - [MESSAGE][PASSED] - Attribute 'value' of object '' is: '3800'

2018-06-04 18:36:06 - [TEST_STEP][PASSED] - Statement - Rqty = 100: null

2018-06-04 18:36:06 - [TEST_STEP][PASSED] - Statement - out.println("BatchQty : " + batchqty): null

2018-06-04 18:36:06 - [TEST_STEP][PASSED] - Statement - out.println("RQty : " + Rqty): null

2018-06-04 18:36:06 - [TEST_STEP][PASSED] - Statement - If (java.lang.Integer.valueOf(batchqty) >= java.lang.Integer.valueOf(Rqty)): null

2018-06-04 18:36:06 - [TEST_STEP][PASSED] - Statement - Break: null

2018-06-04 18:36:06 - [TEST_STEP][PASSED] - Statement - batchlength = new com.kms.katalon.core.testobject.TestObject(): null

2018-06-04 18:36:06 - [TEST_STEP][PASSED] - Statement - batchlength = com.kms.katalon.core.webui.keyword.WebUiBuiltInKeywords.modifyObjectProperty(batchlength, "xpath", "equals", "//*[@id = "fldvendor" + row + ""]", true): Modify property of object successfully

2018-06-04 18:36:06 - [MESSAGE][PASSED] - Modify property of object successfully

2018-06-04 18:36:06 - [TEST_STEP][PASSED] - Statement - batchsize = com.kms.katalon.core.webui.keyword.WebUiBuiltInKeywords.getNumberOfTotalOption(batchlength): 12 options of object '' counted

2018-06-04 18:36:06 - [MESSAGE][PASSED] - 12 options of object '' counted

2018-06-04 18:36:06 - [TEST_STEP][PASSED] - Statement - out.println("BatchSize : " + batchsize): null

2018-06-04 18:36:06 - [TEST_STEP][PASSED] - Statement - For ([n = 1, n <= batchsize - 1, (n++)]): null

2018-06-04 18:36:06 - [TEST_STEP][PASSED] - Statement - product = new com.kms.katalon.core.testobject.TestObject(): null

2018-06-04 18:36:06 - [TEST_STEP][PASSED] - Statement - product = com.kms.katalon.core.webui.keyword.WebUiBuiltInKeywords.modifyObjectProperty(product, "xpath", "equals", "//*[@id = "fldvendor" + row + ""]", true): Modify property of object successfully

2018-06-04 18:36:06 - [MESSAGE][PASSED] - Modify property of object successfully

2018-06-04 18:36:06 - [TEST_STEP][PASSED] - selectOptionByIndex: All options with index in [1] are selected on object ''

2018-06-04 18:36:07 - [MESSAGE][PASSED] - All options with index in [1] are selected on object ''

2018-06-04 18:36:07 - [TEST_STEP][PASSED] - delay: Delayed 2 second(s)

2018-06-04 18:36:09 - [MESSAGE][PASSED] - Delayed 2 second(s)

2018-06-04 18:36:09 - [TEST_STEP][PASSED] - Statement - batch = new com.kms.katalon.core.testobject.TestObject(): null

2018-06-04 18:36:09 - [TEST_STEP][PASSED] - Statement - batch = com.kms.katalon.core.webui.keyword.WebUiBuiltInKeywords.modifyObjectProperty(batch, "xpath", "equals", "//*[@id = "txtbthqty" + row + ""]", true): Modify property of object successfully

2018-06-04 18:36:09 - [MESSAGE][PASSED] - Modify property of object successfully

2018-06-04 18:36:09 - [TEST_STEP][PASSED] - Statement - batchqty = com.kms.katalon.core.webui.keyword.WebUiBuiltInKeywords.getAttribute(batch, "value").trim(): Attribute 'value' of object '' is: '32600'

2018-06-04 18:36:09 - [MESSAGE][PASSED] - Attribute 'value' of object '' is: '32600'

2018-06-04 18:36:09 - [TEST_STEP][PASSED] - Statement - Rqty = 100: null

2018-06-04 18:36:09 - [TEST_STEP][PASSED] - Statement - out.println("BatchQty : " + batchqty): null

2018-06-04 18:36:09 - [TEST_STEP][PASSED] - Statement - out.println("RQty : " + Rqty): null

2018-06-04 18:36:09 - [TEST_STEP][PASSED] - Statement - If (java.lang.Integer.valueOf(batchqty) >= java.lang.Integer.valueOf(Rqty)): null

2018-06-04 18:36:09 - [TEST_STEP][PASSED] - Statement - Break: null

2018-06-04 18:36:09 - [TEST_STEP][PASSED] - Statement - batchlength = new com.kms.katalon.core.testobject.TestObject(): null

2018-06-04 18:36:09 - [TEST_STEP][PASSED] - Statement - batchlength = com.kms.katalon.core.webui.keyword.WebUiBuiltInKeywords.modifyObjectProperty(batchlength, "xpath", "equals", "//*[@id = "fldvendor" + row + ""]", true): Modify property of object successfully

2018-06-04 18:36:09 - [MESSAGE][PASSED] - Modify property of object successfully

2018-06-04 18:36:09 - [TEST_STEP][PASSED] - Statement - batchsize = com.kms.katalon.core.webui.keyword.WebUiBuiltInKeywords.getNumberOfTotalOption(batchlength): 12 options of object '' counted

2018-06-04 18:36:09 - [MESSAGE][PASSED] - 12 options of object '' counted

2018-06-04 18:36:09 - [TEST_STEP][PASSED] - Statement - out.println("BatchSize : " + batchsize): null

2018-06-04 18:36:09 - [TEST_STEP][PASSED] - Statement - For ([n = 1, n <= batchsize - 1, (n++)]): null

2018-06-04 18:36:09 - [TEST_STEP][PASSED] - Statement - product = new com.kms.katalon.core.testobject.TestObject(): null

2018-06-04 18:36:09 - [TEST_STEP][PASSED] - Statement - product = com.kms.katalon.core.webui.keyword.WebUiBuiltInKeywords.modifyObjectProperty(product, "xpath", "equals", "//*[@id = "fldvendor" + row + ""]", true): Modify property of object successfully

2018-06-04 18:36:09 - [MESSAGE][PASSED] - Modify property of object successfully

2018-06-04 18:36:09 - [TEST_STEP][PASSED] - selectOptionByIndex: All options with index in [1] are selected on object ''

2018-06-04 18:36:09 - [MESSAGE][PASSED] - All options with index in [1] are selected on object ''

2018-06-04 18:36:09 - [TEST_STEP][PASSED] - delay: Delayed 2 second(s)

2018-06-04 18:36:11 - [MESSAGE][PASSED] - Delayed 2 second(s)

2018-06-04 18:36:11 - [TEST_STEP][PASSED] - Statement - batch = new com.kms.katalon.core.testobject.TestObject(): null

2018-06-04 18:36:11 - [TEST_STEP][PASSED] - Statement - batch = com.kms.katalon.core.webui.keyword.WebUiBuiltInKeywords.modifyObjectProperty(batch, "xpath", "equals", "//*[@id = "txtbthqty" + row + ""]", true): Modify property of object successfully

2018-06-04 18:36:11 - [MESSAGE][PASSED] - Modify property of object successfully

2018-06-04 18:36:11 - [TEST_STEP][PASSED] - Statement - batchqty = com.kms.katalon.core.webui.keyword.WebUiBuiltInKeywords.getAttribute(batch, "value").trim(): Attribute 'value' of object '' is: '1800'

2018-06-04 18:36:11 - [MESSAGE][PASSED] - Attribute 'value' of object '' is: '1800'

2018-06-04 18:36:11 - [TEST_STEP][PASSED] - Statement - Rqty = 100: null

2018-06-04 18:36:11 - [TEST_STEP][PASSED] - Statement - out.println("BatchQty : " + batchqty): null

2018-06-04 18:36:11 - [TEST_STEP][PASSED] - Statement - out.println("RQty : " + Rqty): null

2018-06-04 18:36:11 - [TEST_STEP][PASSED] - Statement - If (java.lang.Integer.valueOf(batchqty) >= java.lang.Integer.valueOf(Rqty)): null

2018-06-04 18:36:11 - [TEST_STEP][PASSED] - Statement - Break: null

2018-06-04 18:36:11 - [TEST_STEP][PASSED] - Statement - batchlength = new com.kms.katalon.core.testobject.TestObject(): null

2018-06-04 18:36:11 - [TEST_STEP][PASSED] - Statement - batchlength = com.kms.katalon.core.webui.keyword.WebUiBuiltInKeywords.modifyObjectProperty(batchlength, "xpath", "equals", "//*[@id = "fldvendor" + row + ""]", true): Modify property of object successfully

2018-06-04 18:36:11 - [MESSAGE][PASSED] - Modify property of object successfully

2018-06-04 18:36:11 - [TEST_STEP][PASSED] - Statement - batchsize = com.kms.katalon.core.webui.keyword.WebUiBuiltInKeywords.getNumberOfTotalOption(batchlength): 12 options of object '' counted

2018-06-04 18:36:11 - [MESSAGE][PASSED] - 12 options of object '' counted

2018-06-04 18:36:11 - [TEST_STEP][PASSED] - Statement - out.println("BatchSize : " + batchsize): null

2018-06-04 18:36:11 - [TEST_STEP][PASSED] - Statement - For ([n = 1, n <= batchsize - 1, (n++)]): null

2018-06-04 18:36:11 - [TEST_STEP][PASSED] - Statement - product = new com.kms.katalon.core.testobject.TestObject(): null

2018-06-04 18:36:11 - [TEST_STEP][PASSED] - Statement - product = com.kms.katalon.core.webui.keyword.WebUiBuiltInKeywords.modifyObjectProperty(product, "xpath", "equals", "//*[@id = "fldvendor" + row + ""]", true): Modify property of object successfully

2018-06-04 18:36:11 - [MESSAGE][PASSED] - Modify property of object successfully

2018-06-04 18:36:11 - [TEST_STEP][PASSED] - selectOptionByIndex: All options with index in [1] are selected on object ''

2018-06-04 18:36:11 - [MESSAGE][PASSED] - All options with index in [1] are selected on object ''

2018-06-04 18:36:11 - [TEST_STEP][PASSED] - delay: Delayed 2 second(s)

2018-06-04 18:36:13 - [MESSAGE][PASSED] - Delayed 2 second(s)

2018-06-04 18:36:13 - [TEST_STEP][PASSED] - Statement - batch = new com.kms.katalon.core.testobject.TestObject(): null

2018-06-04 18:36:13 - [TEST_STEP][PASSED] - Statement - batch = com.kms.katalon.core.webui.keyword.WebUiBuiltInKeywords.modifyObjectProperty(batch, "xpath", "equals", "//*[@id = "txtbthqty" + row + ""]", true): Modify property of object successfully

2018-06-04 18:36:13 - [MESSAGE][PASSED] - Modify property of object successfully

2018-06-04 18:36:13 - [TEST_STEP][PASSED] - Statement - batchqty = com.kms.katalon.core.webui.keyword.WebUiBuiltInKeywords.getAttribute(batch, "value").trim(): Attribute 'value' of object '' is: '37600'

2018-06-04 18:36:13 - [MESSAGE][PASSED] - Attribute 'value' of object '' is: '37600'

2018-06-04 18:36:13 - [TEST_STEP][PASSED] - Statement - Rqty = 100: null

2018-06-04 18:36:13 - [TEST_STEP][PASSED] - Statement - out.println("BatchQty : " + batchqty): null

2018-06-04 18:36:13 - [TEST_STEP][PASSED] - Statement - out.println("RQty : " + Rqty): null

2018-06-04 18:36:13 - [TEST_STEP][PASSED] - Statement - If (java.lang.Integer.valueOf(batchqty) >= java.lang.Integer.valueOf(Rqty)): null

2018-06-04 18:36:13 - [TEST_STEP][PASSED] - Statement - Break: null

2018-06-04 18:36:13 - [TEST_STEP][PASSED] - Statement - batchlength = new com.kms.katalon.core.testobject.TestObject(): null

2018-06-04 18:36:13 - [TEST_STEP][PASSED] - Statement - batchlength = com.kms.katalon.core.webui.keyword.WebUiBuiltInKeywords.modifyObjectProperty(batchlength, "xpath", "equals", "//*[@id = "fldvendor" + row + ""]", true): Modify property of object successfully

2018-06-04 18:36:13 - [MESSAGE][PASSED] - Modify property of object successfully

2018-06-04 18:36:13 - [TEST_STEP][PASSED] - Statement - batchsize = com.kms.katalon.core.webui.keyword.WebUiBuiltInKeywords.getNumberOfTotalOption(batchlength): 12 options of object '' counted

2018-06-04 18:36:13 - [MESSAGE][PASSED] - 12 options of object '' counted

2018-06-04 18:36:13 - [TEST_STEP][PASSED] - Statement - out.println("BatchSize : " + batchsize): null

2018-06-04 18:36:13 - [TEST_STEP][PASSED] - Statement - For ([n = 1, n <= batchsize - 1, (n++)]): null

2018-06-04 18:36:13 - [TEST_STEP][PASSED] - Statement - product = new com.kms.katalon.core.testobject.TestObject(): null

2018-06-04 18:36:13 - [TEST_STEP][PASSED] - Statement - product = com.kms.katalon.core.webui.keyword.WebUiBuiltInKeywords.modifyObjectProperty(product, "xpath", "equals", "//*[@id = "fldvendor" + row + ""]", true): Modify property of object successfully

2018-06-04 18:36:13 - [MESSAGE][PASSED] - Modify property of object successfully

2018-06-04 18:36:13 - [TEST_STEP][PASSED] - selectOptionByIndex: All options with index in [1] are selected on object ''

2018-06-04 18:36:13 - [MESSAGE][PASSED] - All options with index in [1] are selected on object ''

2018-06-04 18:36:13 - [TEST_STEP][PASSED] - delay: Delayed 2 second(s)

2018-06-04 18:36:15 - [MESSAGE][PASSED] - Delayed 2 second(s)

2018-06-04 18:36:15 - [TEST_STEP][PASSED] - Statement - batch = new com.kms.katalon.core.testobject.TestObject(): null

2018-06-04 18:36:15 - [TEST_STEP][PASSED] - Statement - batch = com.kms.katalon.core.webui.keyword.WebUiBuiltInKeywords.modifyObjectProperty(batch, "xpath", "equals", "//*[@id = "txtbthqty" + row + ""]", true): Modify property of object successfully

2018-06-04 18:36:15 - [MESSAGE][PASSED] - Modify property of object successfully

2018-06-04 18:36:15 - [TEST_STEP][PASSED] - Statement - batchqty = com.kms.katalon.core.webui.keyword.WebUiBuiltInKeywords.getAttribute(batch, "value").trim(): Attribute 'value' of object '' is: '3800'

2018-06-04 18:36:15 - [MESSAGE][PASSED] - Attribute 'value' of object '' is: '3800'

2018-06-04 18:36:15 - [TEST_STEP][PASSED] - Statement - Rqty = 100: null

2018-06-04 18:36:15 - [TEST_STEP][PASSED] - Statement - out.println("BatchQty : " + batchqty): null

2018-06-04 18:36:15 - [TEST_STEP][PASSED] - Statement - out.println("RQty : " + Rqty): null

2018-06-04 18:36:15 - [TEST_STEP][PASSED] - Statement - If (java.lang.Integer.valueOf(batchqty) >= java.lang.Integer.valueOf(Rqty)): null

2018-06-04 18:36:15 - [TEST_STEP][PASSED] - Statement - Break: null

2018-06-04 18:36:15 - [TEST_STEP][PASSED] - Statement - batchlength = new com.kms.katalon.core.testobject.TestObject(): null

2018-06-04 18:36:15 - [TEST_STEP][PASSED] - Statement - batchlength = com.kms.katalon.core.webui.keyword.WebUiBuiltInKeywords.modifyObjectProperty(batchlength, "xpath", "equals", "//*[@id = "fldvendor" + row + ""]", true): Modify property of object successfully

2018-06-04 18:36:15 - [MESSAGE][PASSED] - Modify property of object successfully

2018-06-04 18:36:15 - [TEST_STEP][PASSED] - Statement - batchsize = com.kms.katalon.core.webui.keyword.WebUiBuiltInKeywords.getNumberOfTotalOption(batchlength): 12 options of object '' counted

2018-06-04 18:36:15 - [MESSAGE][PASSED] - 12 options of object '' counted

2018-06-04 18:36:15 - [TEST_STEP][PASSED] - Statement - out.println("BatchSize : " + batchsize): null

2018-06-04 18:36:15 - [TEST_STEP][PASSED] - Statement - For ([n = 1, n <= batchsize - 1, (n++)]): null

2018-06-04 18:36:15 - [TEST_STEP][PASSED] - Statement - product = new com.kms.katalon.core.testobject.TestObject(): null

2018-06-04 18:36:15 - [TEST_STEP][PASSED] - Statement - product = com.kms.katalon.core.webui.keyword.WebUiBuiltInKeywords.modifyObjectProperty(product, "xpath", "equals", "//*[@id = "fldvendor" + row + ""]", true): Modify property of object successfully

2018-06-04 18:36:15 - [MESSAGE][PASSED] - Modify property of object successfully

2018-06-04 18:36:15 - [TEST_STEP][PASSED] - selectOptionByIndex: All options with index in [1] are selected on object ''

2018-06-04 18:36:16 - [MESSAGE][PASSED] - All options with index in [1] are selected on object ''

2018-06-04 18:36:16 - [TEST_STEP][PASSED] - delay: Delayed 2 second(s)

2018-06-04 18:36:18 - [MESSAGE][PASSED] - Delayed 2 second(s)

2018-06-04 18:36:18 - [TEST_STEP][PASSED] - Statement - batch = new com.kms.katalon.core.testobject.TestObject(): null

2018-06-04 18:36:18 - [TEST_STEP][PASSED] - Statement - batch = com.kms.katalon.core.webui.keyword.WebUiBuiltInKeywords.modifyObjectProperty(batch, "xpath", "equals", "//*[@id = "txtbthqty" + row + ""]", true): Modify property of object successfully

2018-06-04 18:36:18 - [MESSAGE][PASSED] - Modify property of object successfully

2018-06-04 18:36:18 - [TEST_STEP][PASSED] - Statement - batchqty = com.kms.katalon.core.webui.keyword.WebUiBuiltInKeywords.getAttribute(batch, "value").trim(): Attribute 'value' of object '' is: '4300'

2018-06-04 18:36:18 - [MESSAGE][PASSED] - Attribute 'value' of object '' is: '4300'

2018-06-04 18:36:18 - [TEST_STEP][PASSED] - Statement - Rqty = 100: null

2018-06-04 18:36:18 - [TEST_STEP][PASSED] - Statement - out.println("BatchQty : " + batchqty): null

2018-06-04 18:36:18 - [TEST_STEP][PASSED] - Statement - out.println("RQty : " + Rqty): null

2018-06-04 18:36:18 - [TEST_STEP][PASSED] - Statement - If (java.lang.Integer.valueOf(batchqty) >= java.lang.Integer.valueOf(Rqty)): null

2018-06-04 18:36:18 - [TEST_STEP][PASSED] - Statement - Break: null

2018-06-04 18:36:18 - [TEST_STEP][PASSED] - Statement - batchlength = new com.kms.katalon.core.testobject.TestObject(): null

2018-06-04 18:36:18 - [TEST_STEP][PASSED] - Statement - batchlength = com.kms.katalon.core.webui.keyword.WebUiBuiltInKeywords.modifyObjectProperty(batchlength, "xpath", "equals", "//*[@id = "fldvendor" + row + ""]", true): Modify property of object successfully

2018-06-04 18:36:18 - [MESSAGE][PASSED] - Modify property of object successfully

2018-06-04 18:36:18 - [TEST_STEP][PASSED] - Statement - batchsize = com.kms.katalon.core.webui.keyword.WebUiBuiltInKeywords.getNumberOfTotalOption(batchlength): 12 options of object '' counted

2018-06-04 18:36:18 - [MESSAGE][PASSED] - 12 options of object '' counted

2018-06-04 18:36:18 - [TEST_STEP][PASSED] - Statement - out.println("BatchSize : " + batchsize): null

2018-06-04 18:36:18 - [TEST_STEP][PASSED] - Statement - For ([n = 1, n <= batchsize - 1, (n++)]): null

2018-06-04 18:36:18 - [TEST_STEP][PASSED] - Statement - product = new com.kms.katalon.core.testobject.TestObject(): null

2018-06-04 18:36:18 - [TEST_STEP][PASSED] - Statement - product = com.kms.katalon.core.webui.keyword.WebUiBuiltInKeywords.modifyObjectProperty(product, "xpath", "equals", "//*[@id = "fldvendor" + row + ""]", true): Modify property of object successfully

2018-06-04 18:36:18 - [MESSAGE][PASSED] - Modify property of object successfully

2018-06-04 18:36:18 - [TEST_STEP][PASSED] - selectOptionByIndex: All options with index in [1] are selected on object ''

2018-06-04 18:36:18 - [MESSAGE][PASSED] - All options with index in [1] are selected on object ''

2018-06-04 18:36:18 - [TEST_STEP][PASSED] - delay: Delayed 2 second(s)

2018-06-04 18:36:20 - [MESSAGE][PASSED] - Delayed 2 second(s)

2018-06-04 18:36:20 - [TEST_STEP][PASSED] - Statement - batch = new com.kms.katalon.core.testobject.TestObject(): null

2018-06-04 18:36:20 - [TEST_STEP][PASSED] - Statement - batch = com.kms.katalon.core.webui.keyword.WebUiBuiltInKeywords.modifyObjectProperty(batch, "xpath", "equals", "//*[@id = "txtbthqty" + row + ""]", true): Modify property of object successfully

2018-06-04 18:36:20 - [MESSAGE][PASSED] - Modify property of object successfully

2018-06-04 18:36:20 - [TEST_STEP][PASSED] - Statement - batchqty = com.kms.katalon.core.webui.keyword.WebUiBuiltInKeywords.getAttribute(batch, "value").trim(): Attribute 'value' of object '' is: '37600'

2018-06-04 18:36:20 - [MESSAGE][PASSED] - Attribute 'value' of object '' is: '37600'

2018-06-04 18:36:20 - [TEST_STEP][PASSED] - Statement - Rqty = 100: null

2018-06-04 18:36:20 - [TEST_STEP][PASSED] - Statement - out.println("BatchQty : " + batchqty): null

2018-06-04 18:36:20 - [TEST_STEP][PASSED] - Statement - out.println("RQty : " + Rqty): null

2018-06-04 18:36:20 - [TEST_STEP][PASSED] - Statement - If (java.lang.Integer.valueOf(batchqty) >= java.lang.Integer.valueOf(Rqty)): null

2018-06-04 18:36:20 - [TEST_STEP][PASSED] - Statement - Break: null

2018-06-04 18:36:20 - [TEST_STEP][PASSED] - Statement - batchlength = new com.kms.katalon.core.testobject.TestObject(): null

2018-06-04 18:36:20 - [TEST_STEP][PASSED] - Statement - batchlength = com.kms.katalon.core.webui.keyword.WebUiBuiltInKeywords.modifyObjectProperty(batchlength, "xpath", "equals", "//*[@id = "fldvendor" + row + ""]", true): Modify property of object successfully

2018-06-04 18:36:20 - [MESSAGE][PASSED] - Modify property of object successfully

2018-06-04 18:36:20 - [TEST_STEP][PASSED] - Statement - batchsize = com.kms.katalon.core.webui.keyword.WebUiBuiltInKeywords.getNumberOfTotalOption(batchlength): 12 options of object '' counted

2018-06-04 18:36:20 - [MESSAGE][PASSED] - 12 options of object '' counted

2018-06-04 18:36:20 - [TEST_STEP][PASSED] - Statement - out.println("BatchSize : " + batchsize): null

2018-06-04 18:36:20 - [TEST_STEP][PASSED] - Statement - For ([n = 1, n <= batchsize - 1, (n++)]): null

2018-06-04 18:36:20 - [TEST_STEP][PASSED] - Statement - product = new com.kms.katalon.core.testobject.TestObject(): null

2018-06-04 18:36:20 - [TEST_STEP][PASSED] - Statement - product = com.kms.katalon.core.webui.keyword.WebUiBuiltInKeywords.modifyObjectProperty(product, "xpath", "equals", "//*[@id = "fldvendor" + row + ""]", true): Modify property of object successfully

2018-06-04 18:36:20 - [MESSAGE][PASSED] - Modify property of object successfully

2018-06-04 18:36:20 - [TEST_STEP][PASSED] - selectOptionByIndex: All options with index in [1] are selected on object ''

2018-06-04 18:36:20 - [MESSAGE][PASSED] - All options with index in [1] are selected on object ''

2018-06-04 18:36:20 - [TEST_STEP][PASSED] - delay: Delayed 2 second(s)

2018-06-04 18:36:22 - [MESSAGE][PASSED] - Delayed 2 second(s)

2018-06-04 18:36:22 - [TEST_STEP][PASSED] - Statement - batch = new com.kms.katalon.core.testobject.TestObject(): null

2018-06-04 18:36:22 - [TEST_STEP][PASSED] - Statement - batch = com.kms.katalon.core.webui.keyword.WebUiBuiltInKeywords.modifyObjectProperty(batch, "xpath", "equals", "//*[@id = "txtbthqty" + row + ""]", true): Modify property of object successfully

2018-06-04 18:36:22 - [MESSAGE][PASSED] - Modify property of object successfully

2018-06-04 18:36:22 - [TEST_STEP][PASSED] - Statement - batchqty = com.kms.katalon.core.webui.keyword.WebUiBuiltInKeywords.getAttribute(batch, "value").trim(): Attribute 'value' of object '' is: '3800'

2018-06-04 18:36:22 - [MESSAGE][PASSED] - Attribute 'value' of object '' is: '3800'

2018-06-04 18:36:22 - [TEST_STEP][PASSED] - Statement - Rqty = 100: null

2018-06-04 18:36:22 - [TEST_STEP][PASSED] - Statement - out.println("BatchQty : " + batchqty): null

2018-06-04 18:36:22 - [TEST_STEP][PASSED] - Statement - out.println("RQty : " + Rqty): null

2018-06-04 18:36:22 - [TEST_STEP][PASSED] - Statement - If (java.lang.Integer.valueOf(batchqty) >= java.lang.Integer.valueOf(Rqty)): null

2018-06-04 18:36:22 - [TEST_STEP][PASSED] - Statement - Break: null

2018-06-04 18:36:22 - [TEST_STEP][PASSED] - Statement - batchlength = new com.kms.katalon.core.testobject.TestObject(): null

2018-06-04 18:36:22 - [TEST_STEP][PASSED] - Statement - batchlength = com.kms.katalon.core.webui.keyword.WebUiBuiltInKeywords.modifyObjectProperty(batchlength, "xpath", "equals", "//*[@id = "fldvendor" + row + ""]", true): Modify property of object successfully

2018-06-04 18:36:22 - [MESSAGE][PASSED] - Modify property of object successfully

2018-06-04 18:36:22 - [TEST_STEP][PASSED] - Statement - batchsize = com.kms.katalon.core.webui.keyword.WebUiBuiltInKeywords.getNumberOfTotalOption(batchlength): 12 options of object '' counted

2018-06-04 18:36:22 - [MESSAGE][PASSED] - 12 options of object '' counted

2018-06-04 18:36:22 - [TEST_STEP][PASSED] - Statement - out.println("BatchSize : " + batchsize): null

2018-06-04 18:36:22 - [TEST_STEP][PASSED] - Statement - For ([n = 1, n <= batchsize - 1, (n++)]): null

2018-06-04 18:36:22 - [TEST_STEP][PASSED] - Statement - product = new com.kms.katalon.core.testobject.TestObject(): null

2018-06-04 18:36:22 - [TEST_STEP][PASSED] - Statement - product = com.kms.katalon.core.webui.keyword.WebUiBuiltInKeywords.modifyObjectProperty(product, "xpath", "equals", "//*[@id = "fldvendor" + row + ""]", true): Modify property of object successfully

2018-06-04 18:36:22 - [MESSAGE][PASSED] - Modify property of object successfully

2018-06-04 18:36:22 - [TEST_STEP][PASSED] - selectOptionByIndex: All options with index in [1] are selected on object ''

2018-06-04 18:36:22 - [MESSAGE][PASSED] - All options with index in [1] are selected on object ''

2018-06-04 18:36:22 - [TEST_STEP][PASSED] - delay: Delayed 2 second(s)

2018-06-04 18:36:24 - [MESSAGE][PASSED] - Delayed 2 second(s)

2018-06-04 18:36:24 - [TEST_STEP][PASSED] - Statement - batch = new com.kms.katalon.core.testobject.TestObject(): null

2018-06-04 18:36:24 - [TEST_STEP][PASSED] - Statement - batch = com.kms.katalon.core.webui.keyword.WebUiBuiltInKeywords.modifyObjectProperty(batch, "xpath", "equals", "//*[@id = "txtbthqty" + row + ""]", true): Modify property of object successfully

2018-06-04 18:36:24 - [MESSAGE][PASSED] - Modify property of object successfully

2018-06-04 18:36:24 - [TEST_STEP][PASSED] - Statement - batchqty = com.kms.katalon.core.webui.keyword.WebUiBuiltInKeywords.getAttribute(batch, "value").trim(): Attribute 'value' of object '' is: '37600'

2018-06-04 18:36:25 - [MESSAGE][PASSED] - Attribute 'value' of object '' is: '37600'

2018-06-04 18:36:25 - [TEST_STEP][PASSED] - Statement - Rqty = 100: null

2018-06-04 18:36:25 - [TEST_STEP][PASSED] - Statement - out.println("BatchQty : " + batchqty): null

2018-06-04 18:36:25 - [TEST_STEP][PASSED] - Statement - out.println("RQty : " + Rqty): null

2018-06-04 18:36:25 - [TEST_STEP][PASSED] - Statement - If (java.lang.Integer.valueOf(batchqty) >= java.lang.Integer.valueOf(Rqty)): null

2018-06-04 18:36:25 - [TEST_STEP][PASSED] - Statement - Break: null

2018-06-04 18:36:25 - [TEST_STEP][PASSED] - Statement - batchlength = new com.kms.katalon.core.testobject.TestObject(): null

2018-06-04 18:36:25 - [TEST_STEP][PASSED] - Statement - batchlength = com.kms.katalon.core.webui.keyword.WebUiBuiltInKeywords.modifyObjectProperty(batchlength, "xpath", "equals", "//*[@id = "fldvendor" + row + ""]", true): Modify property of object successfully

2018-06-04 18:36:25 - [MESSAGE][PASSED] - Modify property of object successfully

2018-06-04 18:36:25 - [TEST_STEP][PASSED] - Statement - batchsize = com.kms.katalon.core.webui.keyword.WebUiBuiltInKeywords.getNumberOfTotalOption(batchlength): 12 options of object '' counted

2018-06-04 18:36:25 - [MESSAGE][PASSED] - 12 options of object '' counted

2018-06-04 18:36:25 - [TEST_STEP][PASSED] - Statement - out.println("BatchSize : " + batchsize): null

2018-06-04 18:36:25 - [TEST_STEP][PASSED] - Statement - For ([n = 1, n <= batchsize - 1, (n++)]): null

2018-06-04 18:36:25 - [TEST_STEP][PASSED] - Statement - product = new com.kms.katalon.core.testobject.TestObject(): null

2018-06-04 18:36:25 - [TEST_STEP][PASSED] - Statement - product = com.kms.katalon.core.webui.keyword.WebUiBuiltInKeywords.modifyObjectProperty(product, "xpath", "equals", "//*[@id = "fldvendor" + row + ""]", true): Modify property of object successfully

2018-06-04 18:36:25 - [MESSAGE][PASSED] - Modify property of object successfully

2018-06-04 18:36:25 - [TEST_STEP][PASSED] - selectOptionByIndex: All options with index in [1] are selected on object ''

2018-06-04 18:36:25 - [MESSAGE][PASSED] - All options with index in [1] are selected on object ''

2018-06-04 18:36:25 - [TEST_STEP][PASSED] - delay: Delayed 2 second(s)

2018-06-04 18:36:27 - [MESSAGE][PASSED] - Delayed 2 second(s)

2018-06-04 18:36:27 - [TEST_STEP][PASSED] - Statement - batch = new com.kms.katalon.core.testobject.TestObject(): null

2018-06-04 18:36:27 - [TEST_STEP][PASSED] - Statement - batch = com.kms.katalon.core.webui.keyword.WebUiBuiltInKeywords.modifyObjectProperty(batch, "xpath", "equals", "//*[@id = "txtbthqty" + row + ""]", true): Modify property of object successfully

2018-06-04 18:36:27 - [MESSAGE][PASSED] - Modify property of object successfully

2018-06-04 18:36:27 - [TEST_STEP][PASSED] - Statement - batchqty = com.kms.katalon.core.webui.keyword.WebUiBuiltInKeywords.getAttribute(batch, "value").trim(): Attribute 'value' of object '' is: '37600'

2018-06-04 18:36:27 - [MESSAGE][PASSED] - Attribute 'value' of object '' is: '37600'

2018-06-04 18:36:27 - [TEST_STEP][PASSED] - Statement - Rqty = 100: null

2018-06-04 18:36:27 - [TEST_STEP][PASSED] - Statement - out.println("BatchQty : " + batchqty): null

2018-06-04 18:36:27 - [TEST_STEP][PASSED] - Statement - out.println("RQty : " + Rqty): null

2018-06-04 18:36:27 - [TEST_STEP][PASSED] - Statement - If (java.lang.Integer.valueOf(batchqty) >= java.lang.Integer.valueOf(Rqty)): null

2018-06-04 18:36:27 - [TEST_STEP][PASSED] - Statement - Break: null

2018-06-04 18:36:27 - [TEST_STEP][PASSED] - Statement - batchlength = new com.kms.katalon.core.testobject.TestObject(): null

2018-06-04 18:36:27 - [TEST_STEP][PASSED] - Statement - batchlength = com.kms.katalon.core.webui.keyword.WebUiBuiltInKeywords.modifyObjectProperty(batchlength, "xpath", "equals", "//*[@id = "fldvendor" + row + ""]", true): Modify property of object successfully

2018-06-04 18:36:27 - [MESSAGE][PASSED] - Modify property of object successfully

2018-06-04 18:36:27 - [TEST_STEP][PASSED] - Statement - batchsize = com.kms.katalon.core.webui.keyword.WebUiBuiltInKeywords.getNumberOfTotalOption(batchlength): 12 options of object '' counted

2018-06-04 18:36:27 - [MESSAGE][PASSED] - 12 options of object '' counted

2018-06-04 18:36:27 - [TEST_STEP][PASSED] - Statement - out.println("BatchSize : " + batchsize): null

2018-06-04 18:36:27 - [TEST_STEP][PASSED] - Statement - For ([n = 1, n <= batchsize - 1, (n++)]): null

2018-06-04 18:36:27 - [TEST_STEP][PASSED] - Statement - product = new com.kms.katalon.core.testobject.TestObject(): null

2018-06-04 18:36:27 - [TEST_STEP][PASSED] - Statement - product = com.kms.katalon.core.webui.keyword.WebUiBuiltInKeywords.modifyObjectProperty(product, "xpath", "equals", "//*[@id = "fldvendor" + row + ""]", true): Modify property of object successfully

2018-06-04 18:36:27 - [MESSAGE][PASSED] - Modify property of object successfully

2018-06-04 18:36:27 - [TEST_STEP][PASSED] - selectOptionByIndex: All options with index in [1] are selected on object ''

2018-06-04 18:36:27 - [MESSAGE][PASSED] - All options with index in [1] are selected on object ''

2018-06-04 18:36:27 - [TEST_STEP][PASSED] - delay: Delayed 2 second(s)

2018-06-04 18:36:29 - [MESSAGE][PASSED] - Delayed 2 second(s)

2018-06-04 18:36:29 - [TEST_STEP][PASSED] - Statement - batch = new com.kms.katalon.core.testobject.TestObject(): null

2018-06-04 18:36:29 - [TEST_STEP][PASSED] - Statement - batch = com.kms.katalon.core.webui.keyword.WebUiBuiltInKeywords.modifyObjectProperty(batch, "xpath", "equals", "//*[@id = "txtbthqty" + row + ""]", true): Modify property of object successfully

2018-06-04 18:36:29 - [MESSAGE][PASSED] - Modify property of object successfully

2018-06-04 18:36:29 - [TEST_STEP][PASSED] - Statement - batchqty = com.kms.katalon.core.webui.keyword.WebUiBuiltInKeywords.getAttribute(batch, "value").trim(): Attribute 'value' of object '' is: '4300'

2018-06-04 18:36:29 - [MESSAGE][PASSED] - Attribute 'value' of object '' is: '4300'

2018-06-04 18:36:29 - [TEST_STEP][PASSED] - Statement - Rqty = 100: null

2018-06-04 18:36:29 - [TEST_STEP][PASSED] - Statement - out.println("BatchQty : " + batchqty): null

2018-06-04 18:36:29 - [TEST_STEP][PASSED] - Statement - out.println("RQty : " + Rqty): null

2018-06-04 18:36:29 - [TEST_STEP][PASSED] - Statement - If (java.lang.Integer.valueOf(batchqty) >= java.lang.Integer.valueOf(Rqty)): null

2018-06-04 18:36:29 - [TEST_STEP][PASSED] - Statement - Break: null

2018-06-04 18:36:29 - [TEST_STEP][PASSED] - Statement - batchlength = new com.kms.katalon.core.testobject.TestObject(): null

2018-06-04 18:36:29 - [TEST_STEP][PASSED] - Statement - batchlength = com.kms.katalon.core.webui.keyword.WebUiBuiltInKeywords.modifyObjectProperty(batchlength, "xpath", "equals", "//*[@id = "fldvendor" + row + ""]", true): Modify property of object successfully

2018-06-04 18:36:29 - [MESSAGE][PASSED] - Modify property of object successfully

2018-06-04 18:36:29 - [TEST_STEP][PASSED] - Statement - batchsize = com.kms.katalon.core.webui.keyword.WebUiBuiltInKeywords.getNumberOfTotalOption(batchlength): 12 options of object '' counted

2018-06-04 18:36:29 - [MESSAGE][PASSED] - 12 options of object '' counted

2018-06-04 18:36:29 - [TEST_STEP][PASSED] - Statement - out.println("BatchSize : " + batchsize): null

2018-06-04 18:36:29 - [TEST_STEP][PASSED] - Statement - For ([n = 1, n <= batchsize - 1, (n++)]): null

2018-06-04 18:36:29 - [TEST_STEP][PASSED] - Statement - product = new com.kms.katalon.core.testobject.TestObject(): null

2018-06-04 18:36:29 - [TEST_STEP][PASSED] - Statement - product = com.kms.katalon.core.webui.keyword.WebUiBuiltInKeywords.modifyObjectProperty(product, "xpath", "equals", "//*[@id = "fldvendor" + row + ""]", true): Modify property of object successfully

2018-06-04 18:36:29 - [MESSAGE][PASSED] - Modify property of object successfully

2018-06-04 18:36:29 - [TEST_STEP][PASSED] - selectOptionByIndex: All options with index in [1] are selected on object ''

2018-06-04 18:36:29 - [MESSAGE][PASSED] - All options with index in [1] are selected on object ''

2018-06-04 18:36:29 - [TEST_STEP][PASSED] - delay: Delayed 2 second(s)

2018-06-04 18:36:31 - [MESSAGE][PASSED] - Delayed 2 second(s)

2018-06-04 18:36:31 - [TEST_STEP][PASSED] - Statement - batch = new com.kms.katalon.core.testobject.TestObject(): null

2018-06-04 18:36:31 - [TEST_STEP][PASSED] - Statement - batch = com.kms.katalon.core.webui.keyword.WebUiBuiltInKeywords.modifyObjectProperty(batch, "xpath", "equals", "//*[@id = "txtbthqty" + row + ""]", true): Modify property of object successfully

2018-06-04 18:36:31 - [MESSAGE][PASSED] - Modify property of object successfully

2018-06-04 18:36:31 - [TEST_STEP][PASSED] - Statement - batchqty = com.kms.katalon.core.webui.keyword.WebUiBuiltInKeywords.getAttribute(batch, "value").trim(): Attribute 'value' of object '' is: '2800'

2018-06-04 18:36:31 - [MESSAGE][PASSED] - Attribute 'value' of object '' is: '2800'

2018-06-04 18:36:31 - [TEST_STEP][PASSED] - Statement - Rqty = 100: null

2018-06-04 18:36:31 - [TEST_STEP][PASSED] - Statement - out.println("BatchQty : " + batchqty): null

2018-06-04 18:36:31 - [TEST_STEP][PASSED] - Statement - out.println("RQty : " + Rqty): null

2018-06-04 18:36:31 - [TEST_STEP][PASSED] - Statement - If (java.lang.Integer.valueOf(batchqty) >= java.lang.Integer.valueOf(Rqty)): null

2018-06-04 18:36:31 - [TEST_STEP][PASSED] - Statement - Break: null

2018-06-04 18:36:31 - [TEST_STEP][PASSED] - Statement - batchlength = new com.kms.katalon.core.testobject.TestObject(): null

2018-06-04 18:36:31 - [TEST_STEP][PASSED] - Statement - batchlength = com.kms.katalon.core.webui.keyword.WebUiBuiltInKeywords.modifyObjectProperty(batchlength, "xpath", "equals", "//*[@id = "fldvendor" + row + ""]", true): Modify property of object successfully

2018-06-04 18:36:31 - [MESSAGE][PASSED] - Modify property of object successfully

2018-06-04 18:36:31 - [TEST_STEP][PASSED] - Statement - batchsize = com.kms.katalon.core.webui.keyword.WebUiBuiltInKeywords.getNumberOfTotalOption(batchlength): 12 options of object '' counted

2018-06-04 18:36:31 - [MESSAGE][PASSED] - 12 options of object '' counted

2018-06-04 18:36:31 - [TEST_STEP][PASSED] - Statement - out.println("BatchSize : " + batchsize): null

2018-06-04 18:36:31 - [TEST_STEP][PASSED] - Statement - For ([n = 1, n <= batchsize - 1, (n++)]): null

2018-06-04 18:36:31 - [TEST_STEP][PASSED] - Statement - product = new com.kms.katalon.core.testobject.TestObject(): null

2018-06-04 18:36:31 - [TEST_STEP][PASSED] - Statement - product = com.kms.katalon.core.webui.keyword.WebUiBuiltInKeywords.modifyObjectProperty(product, "xpath", "equals", "//*[@id = "fldvendor" + row + ""]", true): Modify property of object successfully

2018-06-04 18:36:31 - [MESSAGE][PASSED] - Modify property of object successfully

2018-06-04 18:36:31 - [TEST_STEP][PASSED] - selectOptionByIndex: All options with index in [1] are selected on object ''

2018-06-04 18:36:32 - [MESSAGE][PASSED] - All options with index in [1] are selected on object ''

2018-06-04 18:36:32 - [TEST_STEP][PASSED] - delay: Delayed 2 second(s)

2018-06-04 18:36:34 - [MESSAGE][PASSED] - Delayed 2 second(s)

2018-06-04 18:36:34 - [TEST_STEP][PASSED] - Statement - batch = new com.kms.katalon.core.testobject.TestObject(): null

2018-06-04 18:36:34 - [TEST_STEP][PASSED] - Statement - batch = com.kms.katalon.core.webui.keyword.WebUiBuiltInKeywords.modifyObjectProperty(batch, "xpath", "equals", "//*[@id = "txtbthqty" + row + ""]", true): Modify property of object successfully

2018-06-04 18:36:34 - [MESSAGE][PASSED] - Modify property of object successfully

2018-06-04 18:36:34 - [TEST_STEP][PASSED] - Statement - batchqty = com.kms.katalon.core.webui.keyword.WebUiBuiltInKeywords.getAttribute(batch, "value").trim(): Attribute 'value' of object '' is: '37600'

2018-06-04 18:36:34 - [MESSAGE][PASSED] - Attribute 'value' of object '' is: '37600'

2018-06-04 18:36:34 - [TEST_STEP][PASSED] - Statement - Rqty = 100: null

2018-06-04 18:36:34 - [TEST_STEP][PASSED] - Statement - out.println("BatchQty : " + batchqty): null

2018-06-04 18:36:34 - [TEST_STEP][PASSED] - Statement - out.println("RQty : " + Rqty): null

2018-06-04 18:36:34 - [TEST_STEP][PASSED] - Statement - If (java.lang.Integer.valueOf(batchqty) >= java.lang.Integer.valueOf(Rqty)): null

2018-06-04 18:36:34 - [TEST_STEP][PASSED] - Statement - Break: null

2018-06-04 18:36:34 - [TEST_STEP][PASSED] - Statement - batchlength = new com.kms.katalon.core.testobject.TestObject(): null

2018-06-04 18:36:34 - [TEST_STEP][PASSED] - Statement - batchlength = com.kms.katalon.core.webui.keyword.WebUiBuiltInKeywords.modifyObjectProperty(batchlength, "xpath", "equals", "//*[@id = "fldvendor" + row + ""]", true): Modify property of object successfully

2018-06-04 18:36:34 - [MESSAGE][PASSED] - Modify property of object successfully

2018-06-04 18:36:34 - [TEST_STEP][PASSED] - Statement - batchsize = com.kms.katalon.core.webui.keyword.WebUiBuiltInKeywords.getNumberOfTotalOption(batchlength): 12 options of object '' counted

2018-06-04 18:36:34 - [MESSAGE][PASSED] - 12 options of object '' counted

2018-06-04 18:36:34 - [TEST_STEP][PASSED] - Statement - out.println("BatchSize : " + batchsize): null

2018-06-04 18:36:34 - [TEST_STEP][PASSED] - Statement - For ([n = 1, n <= batchsize - 1, (n++)]): null

2018-06-04 18:36:34 - [TEST_STEP][PASSED] - Statement - product = new com.kms.katalon.core.testobject.TestObject(): null

2018-06-04 18:36:34 - [TEST_STEP][PASSED] - Statement - product = com.kms.katalon.core.webui.keyword.WebUiBuiltInKeywords.modifyObjectProperty(product, "xpath", "equals", "//*[@id = "fldvendor" + row + ""]", true): Modify property of object successfully

2018-06-04 18:36:34 - [MESSAGE][PASSED] - Modify property of object successfully

2018-06-04 18:36:34 - [TEST_STEP][PASSED] - selectOptionByIndex: All options with index in [1] are selected on object ''

2018-06-04 18:36:34 - [MESSAGE][PASSED] - All options with index in [1] are selected on object ''

2018-06-04 18:36:34 - [TEST_STEP][PASSED] - delay: Delayed 2 second(s)

2018-06-04 18:36:36 - [MESSAGE][PASSED] - Delayed 2 second(s)

2018-06-04 18:36:36 - [TEST_STEP][PASSED] - Statement - batch = new com.kms.katalon.core.testobject.TestObject(): null

2018-06-04 18:36:36 - [TEST_STEP][PASSED] - Statement - batch = com.kms.katalon.core.webui.keyword.WebUiBuiltInKeywords.modifyObjectProperty(batch, "xpath", "equals", "//*[@id = "txtbthqty" + row + ""]", true): Modify property of object successfully

2018-06-04 18:36:36 - [MESSAGE][PASSED] - Modify property of object successfully

2018-06-04 18:36:36 - [TEST_STEP][PASSED] - Statement - batchqty = com.kms.katalon.core.webui.keyword.WebUiBuiltInKeywords.getAttribute(batch, "value").trim(): Attribute 'value' of object '' is: '2800'

2018-06-04 18:36:36 - [MESSAGE][PASSED] - Attribute 'value' of object '' is: '2800'

2018-06-04 18:36:36 - [TEST_STEP][PASSED] - Statement - Rqty = 100: null

2018-06-04 18:36:36 - [TEST_STEP][PASSED] - Statement - out.println("BatchQty : " + batchqty): null

2018-06-04 18:36:36 - [TEST_STEP][PASSED] - Statement - out.println("RQty : " + Rqty): null

2018-06-04 18:36:36 - [TEST_STEP][PASSED] - Statement - If (java.lang.Integer.valueOf(batchqty) >= java.lang.Integer.valueOf(Rqty)): null

2018-06-04 18:36:36 - [TEST_STEP][PASSED] - Statement - Break: null

2018-06-04 18:36:36 - [TEST_STEP][PASSED] - Statement - batchlength = new com.kms.katalon.core.testobject.TestObject(): null

2018-06-04 18:36:36 - [TEST_STEP][PASSED] - Statement - batchlength = com.kms.katalon.core.webui.keyword.WebUiBuiltInKeywords.modifyObjectProperty(batchlength, "xpath", "equals", "//*[@id = "fldvendor" + row + ""]", true): Modify property of object successfully

2018-06-04 18:36:36 - [MESSAGE][PASSED] - Modify property of object successfully

2018-06-04 18:36:36 - [TEST_STEP][PASSED] - Statement - batchsize = com.kms.katalon.core.webui.keyword.WebUiBuiltInKeywords.getNumberOfTotalOption(batchlength): 12 options of object '' counted

2018-06-04 18:36:36 - [MESSAGE][PASSED] - 12 options of object '' counted

2018-06-04 18:36:36 - [TEST_STEP][PASSED] - Statement - out.println("BatchSize : " + batchsize): null

2018-06-04 18:36:36 - [TEST_STEP][PASSED] - Statement - For ([n = 1, n <= batchsize - 1, (n++)]): null

2018-06-04 18:36:36 - [TEST_STEP][PASSED] - Statement - product = new com.kms.katalon.core.testobject.TestObject(): null

2018-06-04 18:36:36 - [TEST_STEP][PASSED] - Statement - product = com.kms.katalon.core.webui.keyword.WebUiBuiltInKeywords.modifyObjectProperty(product, "xpath", "equals", "//*[@id = "fldvendor" + row + ""]", true): Modify property of object successfully

2018-06-04 18:36:36 - [MESSAGE][PASSED] - Modify property of object successfully

2018-06-04 18:36:36 - [TEST_STEP][PASSED] - selectOptionByIndex: All options with index in [1] are selected on object ''

2018-06-04 18:36:36 - [MESSAGE][PASSED] - All options with index in [1] are selected on object ''

2018-06-04 18:36:36 - [TEST_STEP][PASSED] - delay: Delayed 2 second(s)

2018-06-04 18:36:38 - [MESSAGE][PASSED] - Delayed 2 second(s)

2018-06-04 18:36:38 - [TEST_STEP][PASSED] - Statement - batch = new com.kms.katalon.core.testobject.TestObject(): null

2018-06-04 18:36:38 - [TEST_STEP][PASSED] - Statement - batch = com.kms.katalon.core.webui.keyword.WebUiBuiltInKeywords.modifyObjectProperty(batch, "xpath", "equals", "//*[@id = "txtbthqty" + row + ""]", true): Modify property of object successfully

2018-06-04 18:36:38 - [MESSAGE][PASSED] - Modify property of object successfully

2018-06-04 18:36:38 - [TEST_STEP][PASSED] - Statement - batchqty = com.kms.katalon.core.webui.keyword.WebUiBuiltInKeywords.getAttribute(batch, "value").trim(): Attribute 'value' of object '' is: '1800'

2018-06-04 18:36:38 - [MESSAGE][PASSED] - Attribute 'value' of object '' is: '1800'

2018-06-04 18:36:38 - [TEST_STEP][PASSED] - Statement - Rqty = 100: null

2018-06-04 18:36:38 - [TEST_STEP][PASSED] - Statement - out.println("BatchQty : " + batchqty): null

2018-06-04 18:36:38 - [TEST_STEP][PASSED] - Statement - out.println("RQty : " + Rqty): null

2018-06-04 18:36:38 - [TEST_STEP][PASSED] - Statement - If (java.lang.Integer.valueOf(batchqty) >= java.lang.Integer.valueOf(Rqty)): null

2018-06-04 18:36:38 - [TEST_STEP][PASSED] - Statement - Break: null

2018-06-04 18:36:38 - [TEST_STEP][PASSED] - Statement - batchlength = new com.kms.katalon.core.testobject.TestObject(): null

2018-06-04 18:36:38 - [TEST_STEP][PASSED] - Statement - batchlength = com.kms.katalon.core.webui.keyword.WebUiBuiltInKeywords.modifyObjectProperty(batchlength, "xpath", "equals", "//*[@id = "fldvendor" + row + ""]", true): Modify property of object successfully

2018-06-04 18:36:38 - [MESSAGE][PASSED] - Modify property of object successfully

2018-06-04 18:36:38 - [TEST_STEP][PASSED] - Statement - batchsize = com.kms.katalon.core.webui.keyword.WebUiBuiltInKeywords.getNumberOfTotalOption(batchlength): 12 options of object '' counted

2018-06-04 18:36:38 - [MESSAGE][PASSED] - 12 options of object '' counted

2018-06-04 18:36:38 - [TEST_STEP][PASSED] - Statement - out.println("BatchSize : " + batchsize): null

2018-06-04 18:36:38 - [TEST_STEP][PASSED] - Statement - For ([n = 1, n <= batchsize - 1, (n++)]): null

2018-06-04 18:36:38 - [TEST_STEP][PASSED] - Statement - product = new com.kms.katalon.core.testobject.TestObject(): null

2018-06-04 18:36:38 - [TEST_STEP][PASSED] - Statement - product = com.kms.katalon.core.webui.keyword.WebUiBuiltInKeywords.modifyObjectProperty(product, "xpath", "equals", "//*[@id = "fldvendor" + row + ""]", true): Modify property of object successfully

2018-06-04 18:36:38 - [MESSAGE][PASSED] - Modify property of object successfully

2018-06-04 18:36:38 - [TEST_STEP][PASSED] - selectOptionByIndex: All options with index in [1] are selected on object ''

2018-06-04 18:36:38 - [MESSAGE][PASSED] - All options with index in [1] are selected on object ''

2018-06-04 18:36:38 - [TEST_STEP][PASSED] - delay: Delayed 2 second(s)

2018-06-04 18:36:40 - [MESSAGE][PASSED] - Delayed 2 second(s)

2018-06-04 18:36:40 - [TEST_STEP][PASSED] - Statement - batch = new com.kms.katalon.core.testobject.TestObject(): null

2018-06-04 18:36:40 - [TEST_STEP][PASSED] - Statement - batch = com.kms.katalon.core.webui.keyword.WebUiBuiltInKeywords.modifyObjectProperty(batch, "xpath", "equals", "//*[@id = "txtbthqty" + row + ""]", true): Modify property of object successfully

2018-06-04 18:36:40 - [MESSAGE][PASSED] - Modify property of object successfully

2018-06-04 18:36:40 - [TEST_STEP][PASSED] - Statement - batchqty = com.kms.katalon.core.webui.keyword.WebUiBuiltInKeywords.getAttribute(batch, "value").trim(): Attribute 'value' of object '' is: '3800'

2018-06-04 18:36:41 - [MESSAGE][PASSED] - Attribute 'value' of object '' is: '3800'

2018-06-04 18:36:41 - [TEST_STEP][PASSED] - Statement - Rqty = 100: null

2018-06-04 18:36:41 - [TEST_STEP][PASSED] - Statement - out.println("BatchQty : " + batchqty): null

2018-06-04 18:36:41 - [TEST_STEP][PASSED] - Statement - out.println("RQty : " + Rqty): null

2018-06-04 18:36:41 - [TEST_STEP][PASSED] - Statement - If (java.lang.Integer.valueOf(batchqty) >= java.lang.Integer.valueOf(Rqty)): null

2018-06-04 18:36:41 - [TEST_STEP][PASSED] - Statement - Break: null

2018-06-04 18:36:41 - [TEST_STEP][PASSED] - Statement - batchlength = new com.kms.katalon.core.testobject.TestObject(): null

2018-06-04 18:36:41 - [TEST_STEP][PASSED] - Statement - batchlength = com.kms.katalon.core.webui.keyword.WebUiBuiltInKeywords.modifyObjectProperty(batchlength, "xpath", "equals", "//*[@id = "fldvendor" + row + ""]", true): Modify property of object successfully

2018-06-04 18:36:41 - [MESSAGE][PASSED] - Modify property of object successfully

2018-06-04 18:36:41 - [TEST_STEP][PASSED] - Statement - batchsize = com.kms.katalon.core.webui.keyword.WebUiBuiltInKeywords.getNumberOfTotalOption(batchlength): 12 options of object '' counted

2018-06-04 18:36:41 - [MESSAGE][PASSED] - 12 options of object '' counted

2018-06-04 18:36:41 - [TEST_STEP][PASSED] - Statement - out.println("BatchSize : " + batchsize): null

2018-06-04 18:36:41 - [TEST_STEP][PASSED] - Statement - For ([n = 1, n <= batchsize - 1, (n++)]): null

2018-06-04 18:36:41 - [TEST_STEP][PASSED] - Statement - product = new com.kms.katalon.core.testobject.TestObject(): null

2018-06-04 18:36:41 - [TEST_STEP][PASSED] - Statement - product = com.kms.katalon.core.webui.keyword.WebUiBuiltInKeywords.modifyObjectProperty(product, "xpath", "equals", "//*[@id = "fldvendor" + row + ""]", true): Modify property of object successfully

2018-06-04 18:36:41 - [MESSAGE][PASSED] - Modify property of object successfully

2018-06-04 18:36:41 - [TEST_STEP][PASSED] - selectOptionByIndex: All options with index in [1] are selected on object ''

2018-06-04 18:36:41 - [MESSAGE][PASSED] - All options with index in [1] are selected on object ''

2018-06-04 18:36:41 - [TEST_STEP][PASSED] - delay: Delayed 2 second(s)

2018-06-04 18:36:43 - [MESSAGE][PASSED] - Delayed 2 second(s)

2018-06-04 18:36:43 - [TEST_STEP][PASSED] - Statement - batch = new com.kms.katalon.core.testobject.TestObject(): null

2018-06-04 18:36:43 - [TEST_STEP][PASSED] - Statement - batch = com.kms.katalon.core.webui.keyword.WebUiBuiltInKeywords.modifyObjectProperty(batch, "xpath", "equals", "//*[@id = "txtbthqty" + row + ""]", true): Modify property of object successfully

2018-06-04 18:36:43 - [MESSAGE][PASSED] - Modify property of object successfully

2018-06-04 18:36:43 - [TEST_STEP][PASSED] - Statement - batchqty = com.kms.katalon.core.webui.keyword.WebUiBuiltInKeywords.getAttribute(batch, "value").trim(): Attribute 'value' of object '' is: '2800'

2018-06-04 18:36:43 - [MESSAGE][PASSED] - Attribute 'value' of object '' is: '2800'

2018-06-04 18:36:43 - [TEST_STEP][PASSED] - Statement - Rqty = 100: null

2018-06-04 18:36:43 - [TEST_STEP][PASSED] - Statement - out.println("BatchQty : " + batchqty): null

2018-06-04 18:36:43 - [TEST_STEP][PASSED] - Statement - out.println("RQty : " + Rqty): null

2018-06-04 18:36:43 - [TEST_STEP][PASSED] - Statement - If (java.lang.Integer.valueOf(batchqty) >= java.lang.Integer.valueOf(Rqty)): null

2018-06-04 18:36:43 - [TEST_STEP][PASSED] - Statement - Break: null

2018-06-04 18:36:43 - [TEST_STEP][PASSED] - Statement - batchlength = new com.kms.katalon.core.testobject.TestObject(): null

2018-06-04 18:36:43 - [TEST_STEP][PASSED] - Statement - batchlength = com.kms.katalon.core.webui.keyword.WebUiBuiltInKeywords.modifyObjectProperty(batchlength, "xpath", "equals", "//*[@id = "fldvendor" + row + ""]", true): Modify property of object successfully

2018-06-04 18:36:43 - [MESSAGE][PASSED] - Modify property of object successfully

2018-06-04 18:36:43 - [TEST_STEP][PASSED] - Statement - batchsize = com.kms.katalon.core.webui.keyword.WebUiBuiltInKeywords.getNumberOfTotalOption(batchlength): 11 options of object '' counted

2018-06-04 18:36:43 - [MESSAGE][PASSED] - 11 options of object '' counted

2018-06-04 18:36:43 - [TEST_STEP][PASSED] - Statement - out.println("BatchSize : " + batchsize): null

2018-06-04 18:36:43 - [TEST_STEP][PASSED] - Statement - For ([n = 1, n <= batchsize - 1, (n++)]): null

2018-06-04 18:36:43 - [TEST_STEP][PASSED] - Statement - product = new com.kms.katalon.core.testobject.TestObject(): null

2018-06-04 18:36:43 - [TEST_STEP][PASSED] - Statement - product = com.kms.katalon.core.webui.keyword.WebUiBuiltInKeywords.modifyObjectProperty(product, "xpath", "equals", "//*[@id = "fldvendor" + row + ""]", true): Modify property of object successfully

2018-06-04 18:36:43 - [MESSAGE][PASSED] - Modify property of object successfully

2018-06-04 18:36:43 - [TEST_STEP][PASSED] - selectOptionByIndex: All options with index in [1] are selected on object ''

2018-06-04 18:36:43 - [MESSAGE][PASSED] - All options with index in [1] are selected on object ''

2018-06-04 18:36:43 - [TEST_STEP][PASSED] - delay: Delayed 2 second(s)

2018-06-04 18:36:45 - [MESSAGE][PASSED] - Delayed 2 second(s)

2018-06-04 18:36:45 - [TEST_STEP][PASSED] - Statement - batch = new com.kms.katalon.core.testobject.TestObject(): null

2018-06-04 18:36:45 - [TEST_STEP][PASSED] - Statement - batch = com.kms.katalon.core.webui.keyword.WebUiBuiltInKeywords.modifyObjectProperty(batch, "xpath", "equals", "//*[@id = "txtbthqty" + row + ""]", true): Modify property of object successfully

2018-06-04 18:36:45 - [MESSAGE][PASSED] - Modify property of object successfully

2018-06-04 18:36:45 - [TEST_STEP][PASSED] - Statement - batchqty = com.kms.katalon.core.webui.keyword.WebUiBuiltInKeywords.getAttribute(batch, "value").trim(): Attribute 'value' of object '' is: '38100'

2018-06-04 18:36:45 - [MESSAGE][PASSED] - Attribute 'value' of object '' is: '38100'

2018-06-04 18:36:45 - [TEST_STEP][PASSED] - Statement - Rqty = 100: null

2018-06-04 18:36:45 - [TEST_STEP][PASSED] - Statement - out.println("BatchQty : " + batchqty): null

2018-06-04 18:36:45 - [TEST_STEP][PASSED] - Statement - out.println("RQty : " + Rqty): null

2018-06-04 18:36:45 - [TEST_STEP][PASSED] - Statement - If (java.lang.Integer.valueOf(batchqty) >= java.lang.Integer.valueOf(Rqty)): null

2018-06-04 18:36:45 - [TEST_STEP][PASSED] - Statement - Break: null

2018-06-04 18:36:45 - [TEST_STEP][PASSED] - Statement - batchlength = new com.kms.katalon.core.testobject.TestObject(): null

2018-06-04 18:36:45 - [TEST_STEP][PASSED] - Statement - batchlength = com.kms.katalon.core.webui.keyword.WebUiBuiltInKeywords.modifyObjectProperty(batchlength, "xpath", "equals", "//*[@id = "fldvendor" + row + ""]", true): Modify property of object successfully

2018-06-04 18:36:45 - [MESSAGE][PASSED] - Modify property of object successfully

2018-06-04 18:36:45 - [TEST_STEP][PASSED] - Statement - batchsize = com.kms.katalon.core.webui.keyword.WebUiBuiltInKeywords.getNumberOfTotalOption(batchlength): 12 options of object '' counted

2018-06-04 18:36:45 - [MESSAGE][PASSED] - 12 options of object '' counted

2018-06-04 18:36:45 - [TEST_STEP][PASSED] - Statement - out.println("BatchSize : " + batchsize): null

2018-06-04 18:36:45 - [TEST_STEP][PASSED] - Statement - For ([n = 1, n <= batchsize - 1, (n++)]): null

2018-06-04 18:36:45 - [TEST_STEP][PASSED] - Statement - product = new com.kms.katalon.core.testobject.TestObject(): null

2018-06-04 18:36:45 - [TEST_STEP][PASSED] - Statement - product = com.kms.katalon.core.webui.keyword.WebUiBuiltInKeywords.modifyObjectProperty(product, "xpath", "equals", "//*[@id = "fldvendor" + row + ""]", true): Modify property of object successfully

2018-06-04 18:36:45 - [MESSAGE][PASSED] - Modify property of object successfully

2018-06-04 18:36:45 - [TEST_STEP][PASSED] - selectOptionByIndex: All options with index in [1] are selected on object ''

2018-06-04 18:36:45 - [MESSAGE][PASSED] - All options with index in [1] are selected on object ''

2018-06-04 18:36:45 - [TEST_STEP][PASSED] - delay: Delayed 2 second(s)

2018-06-04 18:36:47 - [MESSAGE][PASSED] - Delayed 2 second(s)

2018-06-04 18:36:47 - [TEST_STEP][PASSED] - Statement - batch = new com.kms.katalon.core.testobject.TestObject(): null

2018-06-04 18:36:47 - [TEST_STEP][PASSED] - Statement - batch = com.kms.katalon.core.webui.keyword.WebUiBuiltInKeywords.modifyObjectProperty(batch, "xpath", "equals", "//*[@id = "txtbthqty" + row + ""]", true): Modify property of object successfully

2018-06-04 18:36:47 - [MESSAGE][PASSED] - Modify property of object successfully

2018-06-04 18:36:47 - [TEST_STEP][PASSED] - Statement - batchqty = com.kms.katalon.core.webui.keyword.WebUiBuiltInKeywords.getAttribute(batch, "value").trim(): Attribute 'value' of object '' is: '32600'

2018-06-04 18:36:47 - [MESSAGE][PASSED] - Attribute 'value' of object '' is: '32600'

2018-06-04 18:36:47 - [TEST_STEP][PASSED] - Statement - Rqty = 100: null

2018-06-04 18:36:47 - [TEST_STEP][PASSED] - Statement - out.println("BatchQty : " + batchqty): null

2018-06-04 18:36:47 - [TEST_STEP][PASSED] - Statement - out.println("RQty : " + Rqty): null

2018-06-04 18:36:47 - [TEST_STEP][PASSED] - Statement - If (java.lang.Integer.valueOf(batchqty) >= java.lang.Integer.valueOf(Rqty)): null

2018-06-04 18:36:47 - [TEST_STEP][PASSED] - Statement - Break: null

2018-06-04 18:36:47 - [TEST_STEP][PASSED] - Statement - batchlength = new com.kms.katalon.core.testobject.TestObject(): null

2018-06-04 18:36:47 - [TEST_STEP][PASSED] - Statement - batchlength = com.kms.katalon.core.webui.keyword.WebUiBuiltInKeywords.modifyObjectProperty(batchlength, "xpath", "equals", "//*[@id = "fldvendor" + row + ""]", true): Modify property of object successfully

2018-06-04 18:36:47 - [MESSAGE][PASSED] - Modify property of object successfully

2018-06-04 18:36:47 - [TEST_STEP][PASSED] - Statement - batchsize = com.kms.katalon.core.webui.keyword.WebUiBuiltInKeywords.getNumberOfTotalOption(batchlength): 12 options of object '' counted

2018-06-04 18:36:48 - [MESSAGE][PASSED] - 12 options of object '' counted

2018-06-04 18:36:48 - [TEST_STEP][PASSED] - Statement - out.println("BatchSize : " + batchsize): null

2018-06-04 18:36:48 - [TEST_STEP][PASSED] - Statement - For ([n = 1, n <= batchsize - 1, (n++)]): null

2018-06-04 18:36:48 - [TEST_STEP][PASSED] - Statement - product = new com.kms.katalon.core.testobject.TestObject(): null

2018-06-04 18:36:48 - [TEST_STEP][PASSED] - Statement - product = com.kms.katalon.core.webui.keyword.WebUiBuiltInKeywords.modifyObjectProperty(product, "xpath", "equals", "//*[@id = "fldvendor" + row + ""]", true): Modify property of object successfully

2018-06-04 18:36:48 - [MESSAGE][PASSED] - Modify property of object successfully

2018-06-04 18:36:48 - [TEST_STEP][PASSED] - selectOptionByIndex: All options with index in [1] are selected on object ''

2018-06-04 18:36:48 - [MESSAGE][PASSED] - All options with index in [1] are selected on object ''

2018-06-04 18:36:48 - [TEST_STEP][PASSED] - delay: Delayed 2 second(s)

2018-06-04 18:36:50 - [MESSAGE][PASSED] - Delayed 2 second(s)

2018-06-04 18:36:50 - [TEST_STEP][PASSED] - Statement - batch = new com.kms.katalon.core.testobject.TestObject(): null

2018-06-04 18:36:50 - [TEST_STEP][PASSED] - Statement - batch = com.kms.katalon.core.webui.keyword.WebUiBuiltInKeywords.modifyObjectProperty(batch, "xpath", "equals", "//*[@id = "txtbthqty" + row + ""]", true): Modify property of object successfully

2018-06-04 18:36:50 - [MESSAGE][PASSED] - Modify property of object successfully

2018-06-04 18:36:50 - [TEST_STEP][PASSED] - Statement - batchqty = com.kms.katalon.core.webui.keyword.WebUiBuiltInKeywords.getAttribute(batch, "value").trim(): Attribute 'value' of object '' is: '2800'

2018-06-04 18:36:50 - [MESSAGE][PASSED] - Attribute 'value' of object '' is: '2800'

2018-06-04 18:36:50 - [TEST_STEP][PASSED] - Statement - Rqty = 100: null

2018-06-04 18:36:50 - [TEST_STEP][PASSED] - Statement - out.println("BatchQty : " + batchqty): null

2018-06-04 18:36:50 - [TEST_STEP][PASSED] - Statement - out.println("RQty : " + Rqty): null

2018-06-04 18:36:50 - [TEST_STEP][PASSED] - Statement - If (java.lang.Integer.valueOf(batchqty) >= java.lang.Integer.valueOf(Rqty)): null

2018-06-04 18:36:50 - [TEST_STEP][PASSED] - Statement - Break: null

2018-06-04 18:36:50 - [TEST_STEP][PASSED] - Statement - batchlength = new com.kms.katalon.core.testobject.TestObject(): null

2018-06-04 18:36:50 - [TEST_STEP][PASSED] - Statement - batchlength = com.kms.katalon.core.webui.keyword.WebUiBuiltInKeywords.modifyObjectProperty(batchlength, "xpath", "equals", "//*[@id = "fldvendor" + row + ""]", true): Modify property of object successfully

2018-06-04 18:36:50 - [MESSAGE][PASSED] - Modify property of object successfully

2018-06-04 18:36:50 - [TEST_STEP][PASSED] - Statement - batchsize = com.kms.katalon.core.webui.keyword.WebUiBuiltInKeywords.getNumberOfTotalOption(batchlength): 12 options of object '' counted

2018-06-04 18:36:50 - [MESSAGE][PASSED] - 12 options of object '' counted

2018-06-04 18:36:50 - [TEST_STEP][PASSED] - Statement - out.println("BatchSize : " + batchsize): null

2018-06-04 18:36:50 - [TEST_STEP][PASSED] - Statement - For ([n = 1, n <= batchsize - 1, (n++)]): null

2018-06-04 18:36:50 - [TEST_STEP][PASSED] - Statement - product = new com.kms.katalon.core.testobject.TestObject(): null

2018-06-04 18:36:50 - [TEST_STEP][PASSED] - Statement - product = com.kms.katalon.core.webui.keyword.WebUiBuiltInKeywords.modifyObjectProperty(product, "xpath", "equals", "//*[@id = "fldvendor" + row + ""]", true): Modify property of object successfully

2018-06-04 18:36:50 - [MESSAGE][PASSED] - Modify property of object successfully

2018-06-04 18:36:50 - [TEST_STEP][PASSED] - selectOptionByIndex: All options with index in [1] are selected on object ''

2018-06-04 18:36:50 - [MESSAGE][PASSED] - All options with index in [1] are selected on object ''

2018-06-04 18:36:50 - [TEST_STEP][PASSED] - delay: Delayed 2 second(s)

2018-06-04 18:36:52 - [MESSAGE][PASSED] - Delayed 2 second(s)

2018-06-04 18:36:52 - [TEST_STEP][PASSED] - Statement - batch = new com.kms.katalon.core.testobject.TestObject(): null

2018-06-04 18:36:52 - [TEST_STEP][PASSED] - Statement - batch = com.kms.katalon.core.webui.keyword.WebUiBuiltInKeywords.modifyObjectProperty(batch, "xpath", "equals", "//*[@id = "txtbthqty" + row + ""]", true): Modify property of object successfully

2018-06-04 18:36:52 - [MESSAGE][PASSED] - Modify property of object successfully

2018-06-04 18:36:52 - [TEST_STEP][PASSED] - Statement - batchqty = com.kms.katalon.core.webui.keyword.WebUiBuiltInKeywords.getAttribute(batch, "value").trim(): Attribute 'value' of object '' is: '1800'

2018-06-04 18:36:52 - [MESSAGE][PASSED] - Attribute 'value' of object '' is: '1800'

2018-06-04 18:36:52 - [TEST_STEP][PASSED] - Statement - Rqty = 100: null

2018-06-04 18:36:52 - [TEST_STEP][PASSED] - Statement - out.println("BatchQty : " + batchqty): null

2018-06-04 18:36:52 - [TEST_STEP][PASSED] - Statement - out.println("RQty : " + Rqty): null

2018-06-04 18:36:52 - [TEST_STEP][PASSED] - Statement - If (java.lang.Integer.valueOf(batchqty) >= java.lang.Integer.valueOf(Rqty)): null

2018-06-04 18:36:52 - [TEST_STEP][PASSED] - Statement - Break: null

2018-06-04 18:36:52 - [TEST_STEP][PASSED] - Statement - batchlength = new com.kms.katalon.core.testobject.TestObject(): null

2018-06-04 18:36:52 - [TEST_STEP][PASSED] - Statement - batchlength = com.kms.katalon.core.webui.keyword.WebUiBuiltInKeywords.modifyObjectProperty(batchlength, "xpath", "equals", "//*[@id = "fldvendor" + row + ""]", true): Modify property of object successfully

2018-06-04 18:36:52 - [MESSAGE][PASSED] - Modify property of object successfully

2018-06-04 18:36:52 - [TEST_STEP][PASSED] - Statement - batchsize = com.kms.katalon.core.webui.keyword.WebUiBuiltInKeywords.getNumberOfTotalOption(batchlength): 12 options of object '' counted

2018-06-04 18:36:52 - [MESSAGE][PASSED] - 12 options of object '' counted

2018-06-04 18:36:52 - [TEST_STEP][PASSED] - Statement - out.println("BatchSize : " + batchsize): null

2018-06-04 18:36:52 - [TEST_STEP][PASSED] - Statement - For ([n = 1, n <= batchsize - 1, (n++)]): null

2018-06-04 18:36:52 - [TEST_STEP][PASSED] - Statement - product = new com.kms.katalon.core.testobject.TestObject(): null

2018-06-04 18:36:52 - [TEST_STEP][PASSED] - Statement - product = com.kms.katalon.core.webui.keyword.WebUiBuiltInKeywords.modifyObjectProperty(product, "xpath", "equals", "//*[@id = "fldvendor" + row + ""]", true): Modify property of object successfully

2018-06-04 18:36:52 - [MESSAGE][PASSED] - Modify property of object successfully

2018-06-04 18:36:52 - [TEST_STEP][PASSED] - selectOptionByIndex: All options with index in [1] are selected on object ''

2018-06-04 18:36:52 - [MESSAGE][PASSED] - All options with index in [1] are selected on object ''

2018-06-04 18:36:52 - [TEST_STEP][PASSED] - delay: Delayed 2 second(s)

2018-06-04 18:36:54 - [MESSAGE][PASSED] - Delayed 2 second(s)

2018-06-04 18:36:54 - [TEST_STEP][PASSED] - Statement - batch = new com.kms.katalon.core.testobject.TestObject(): null

2018-06-04 18:36:54 - [TEST_STEP][PASSED] - Statement - batch = com.kms.katalon.core.webui.keyword.WebUiBuiltInKeywords.modifyObjectProperty(batch, "xpath", "equals", "//*[@id = "txtbthqty" + row + ""]", true): Modify property of object successfully

2018-06-04 18:36:54 - [MESSAGE][PASSED] - Modify property of object successfully

2018-06-04 18:36:54 - [TEST_STEP][PASSED] - Statement - batchqty = com.kms.katalon.core.webui.keyword.WebUiBuiltInKeywords.getAttribute(batch, "value").trim(): Attribute 'value' of object '' is: '1800'

2018-06-04 18:36:54 - [MESSAGE][PASSED] - Attribute 'value' of object '' is: '1800'

2018-06-04 18:36:54 - [TEST_STEP][PASSED] - Statement - Rqty = 100: null

2018-06-04 18:36:54 - [TEST_STEP][PASSED] - Statement - out.println("BatchQty : " + batchqty): null

2018-06-04 18:36:54 - [TEST_STEP][PASSED] - Statement - out.println("RQty : " + Rqty): null

2018-06-04 18:36:54 - [TEST_STEP][PASSED] - Statement - If (java.lang.Integer.valueOf(batchqty) >= java.lang.Integer.valueOf(Rqty)): null

2018-06-04 18:36:54 - [TEST_STEP][PASSED] - Statement - Break: null

2018-06-04 18:36:54 - [TEST_STEP][PASSED] - Statement - batchlength = new com.kms.katalon.core.testobject.TestObject(): null

2018-06-04 18:36:54 - [TEST_STEP][PASSED] - Statement - batchlength = com.kms.katalon.core.webui.keyword.WebUiBuiltInKeywords.modifyObjectProperty(batchlength, "xpath", "equals", "//*[@id = "fldvendor" + row + ""]", true): Modify property of object successfully

2018-06-04 18:36:54 - [MESSAGE][PASSED] - Modify property of object successfully

2018-06-04 18:36:54 - [TEST_STEP][PASSED] - Statement - batchsize = com.kms.katalon.core.webui.keyword.WebUiBuiltInKeywords.getNumberOfTotalOption(batchlength): 12 options of object '' counted

2018-06-04 18:36:54 - [MESSAGE][PASSED] - 12 options of object '' counted

2018-06-04 18:36:54 - [TEST_STEP][PASSED] - Statement - out.println("BatchSize : " + batchsize): null

2018-06-04 18:36:54 - [TEST_STEP][PASSED] - Statement - For ([n = 1, n <= batchsize - 1, (n++)]): null

2018-06-04 18:36:54 - [TEST_STEP][PASSED] - Statement - product = new com.kms.katalon.core.testobject.TestObject(): null

2018-06-04 18:36:54 - [TEST_STEP][PASSED] - Statement - product = com.kms.katalon.core.webui.keyword.WebUiBuiltInKeywords.modifyObjectProperty(product, "xpath", "equals", "//*[@id = "fldvendor" + row + ""]", true): Modify property of object successfully

2018-06-04 18:36:54 - [MESSAGE][PASSED] - Modify property of object successfully

2018-06-04 18:36:54 - [TEST_STEP][PASSED] - selectOptionByIndex: All options with index in [1] are selected on object ''

2018-06-04 18:36:55 - [MESSAGE][PASSED] - All options with index in [1] are selected on object ''

2018-06-04 18:36:55 - [TEST_STEP][PASSED] - delay: Delayed 2 second(s)

2018-06-04 18:36:57 - [MESSAGE][PASSED] - Delayed 2 second(s)

2018-06-04 18:36:57 - [TEST_STEP][PASSED] - Statement - batch = new com.kms.katalon.core.testobject.TestObject(): null

2018-06-04 18:36:57 - [TEST_STEP][PASSED] - Statement - batch = com.kms.katalon.core.webui.keyword.WebUiBuiltInKeywords.modifyObjectProperty(batch, "xpath", "equals", "//*[@id = "txtbthqty" + row + ""]", true): Modify property of object successfully

2018-06-04 18:36:57 - [MESSAGE][PASSED] - Modify property of object successfully

2018-06-04 18:36:57 - [TEST_STEP][PASSED] - Statement - batchqty = com.kms.katalon.core.webui.keyword.WebUiBuiltInKeywords.getAttribute(batch, "value").trim(): Attribute 'value' of object '' is: '3800'

2018-06-04 18:36:57 - [MESSAGE][PASSED] - Attribute 'value' of object '' is: '3800'

2018-06-04 18:36:57 - [TEST_STEP][PASSED] - Statement - Rqty = 100: null

2018-06-04 18:36:57 - [TEST_STEP][PASSED] - Statement - out.println("BatchQty : " + batchqty): null

2018-06-04 18:36:57 - [TEST_STEP][PASSED] - Statement - out.println("RQty : " + Rqty): null

2018-06-04 18:36:57 - [TEST_STEP][PASSED] - Statement - If (java.lang.Integer.valueOf(batchqty) >= java.lang.Integer.valueOf(Rqty)): null

2018-06-04 18:36:57 - [TEST_STEP][PASSED] - Statement - Break: null

2018-06-04 18:36:57 - [TEST_STEP][PASSED] - Statement - batchlength = new com.kms.katalon.core.testobject.TestObject(): null

2018-06-04 18:36:57 - [TEST_STEP][PASSED] - Statement - batchlength = com.kms.katalon.core.webui.keyword.WebUiBuiltInKeywords.modifyObjectProperty(batchlength, "xpath", "equals", "//*[@id = "fldvendor" + row + ""]", true): Modify property of object successfully

2018-06-04 18:36:57 - [MESSAGE][PASSED] - Modify property of object successfully

2018-06-04 18:36:57 - [TEST_STEP][PASSED] - Statement - batchsize = com.kms.katalon.core.webui.keyword.WebUiBuiltInKeywords.getNumberOfTotalOption(batchlength): 12 options of object '' counted

2018-06-04 18:36:57 - [MESSAGE][PASSED] - 12 options of object '' counted

2018-06-04 18:36:57 - [TEST_STEP][PASSED] - Statement - out.println("BatchSize : " + batchsize): null

2018-06-04 18:36:57 - [TEST_STEP][PASSED] - Statement - For ([n = 1, n <= batchsize - 1, (n++)]): null

2018-06-04 18:36:57 - [TEST_STEP][PASSED] - Statement - product = new com.kms.katalon.core.testobject.TestObject(): null

2018-06-04 18:36:57 - [TEST_STEP][PASSED] - Statement - product = com.kms.katalon.core.webui.keyword.WebUiBuiltInKeywords.modifyObjectProperty(product, "xpath", "equals", "//*[@id = "fldvendor" + row + ""]", true): Modify property of object successfully

2018-06-04 18:36:57 - [MESSAGE][PASSED] - Modify property of object successfully

2018-06-04 18:36:57 - [TEST_STEP][PASSED] - selectOptionByIndex: All options with index in [1] are selected on object ''

2018-06-04 18:36:57 - [MESSAGE][PASSED] - All options with index in [1] are selected on object ''

2018-06-04 18:36:57 - [TEST_STEP][PASSED] - delay: Delayed 2 second(s)

2018-06-04 18:36:59 - [MESSAGE][PASSED] - Delayed 2 second(s)

2018-06-04 18:36:59 - [TEST_STEP][PASSED] - Statement - batch = new com.kms.katalon.core.testobject.TestObject(): null

2018-06-04 18:36:59 - [TEST_STEP][PASSED] - Statement - batch = com.kms.katalon.core.webui.keyword.WebUiBuiltInKeywords.modifyObjectProperty(batch, "xpath", "equals", "//*[@id = "txtbthqty" + row + ""]", true): Modify property of object successfully

2018-06-04 18:36:59 - [MESSAGE][PASSED] - Modify property of object successfully

2018-06-04 18:36:59 - [TEST_STEP][PASSED] - Statement - batchqty = com.kms.katalon.core.webui.keyword.WebUiBuiltInKeywords.getAttribute(batch, "value").trim(): Attribute 'value' of object '' is: '3800'

2018-06-04 18:36:59 - [MESSAGE][PASSED] - Attribute 'value' of object '' is: '3800'

2018-06-04 18:36:59 - [TEST_STEP][PASSED] - Statement - Rqty = 100: null

2018-06-04 18:36:59 - [TEST_STEP][PASSED] - Statement - out.println("BatchQty : " + batchqty): null

2018-06-04 18:36:59 - [TEST_STEP][PASSED] - Statement - out.println("RQty : " + Rqty): null

2018-06-04 18:36:59 - [TEST_STEP][PASSED] - Statement - If (java.lang.Integer.valueOf(batchqty) >= java.lang.Integer.valueOf(Rqty)): null

2018-06-04 18:36:59 - [TEST_STEP][PASSED] - Statement - Break: null

2018-06-04 18:36:59 - [TEST_STEP][PASSED] - Statement - batchlength = new com.kms.katalon.core.testobject.TestObject(): null

2018-06-04 18:36:59 - [TEST_STEP][PASSED] - Statement - batchlength = com.kms.katalon.core.webui.keyword.WebUiBuiltInKeywords.modifyObjectProperty(batchlength, "xpath", "equals", "//*[@id = "fldvendor" + row + ""]", true): Modify property of object successfully

2018-06-04 18:36:59 - [MESSAGE][PASSED] - Modify property of object successfully

2018-06-04 18:36:59 - [TEST_STEP][PASSED] - Statement - batchsize = com.kms.katalon.core.webui.keyword.WebUiBuiltInKeywords.getNumberOfTotalOption(batchlength): 12 options of object '' counted

2018-06-04 18:36:59 - [MESSAGE][PASSED] - 12 options of object '' counted

2018-06-04 18:36:59 - [TEST_STEP][PASSED] - Statement - out.println("BatchSize : " + batchsize): null

2018-06-04 18:36:59 - [TEST_STEP][PASSED] - Statement - For ([n = 1, n <= batchsize - 1, (n++)]): null

2018-06-04 18:36:59 - [TEST_STEP][PASSED] - Statement - product = new com.kms.katalon.core.testobject.TestObject(): null

2018-06-04 18:36:59 - [TEST_STEP][PASSED] - Statement - product = com.kms.katalon.core.webui.keyword.WebUiBuiltInKeywords.modifyObjectProperty(product, "xpath", "equals", "//*[@id = "fldvendor" + row + ""]", true): Modify property of object successfully

2018-06-04 18:36:59 - [MESSAGE][PASSED] - Modify property of object successfully

2018-06-04 18:36:59 - [TEST_STEP][PASSED] - selectOptionByIndex: All options with index in [1] are selected on object ''

2018-06-04 18:36:59 - [MESSAGE][PASSED] - All options with index in [1] are selected on object ''

2018-06-04 18:36:59 - [TEST_STEP][PASSED] - delay: Delayed 2 second(s)

2018-06-04 18:37:01 - [MESSAGE][PASSED] - Delayed 2 second(s)

2018-06-04 18:37:01 - [TEST_STEP][PASSED] - Statement - batch = new com.kms.katalon.core.testobject.TestObject(): null

2018-06-04 18:37:01 - [TEST_STEP][PASSED] - Statement - batch = com.kms.katalon.core.webui.keyword.WebUiBuiltInKeywords.modifyObjectProperty(batch, "xpath", "equals", "//*[@id = "txtbthqty" + row + ""]", true): Modify property of object successfully

2018-06-04 18:37:01 - [MESSAGE][PASSED] - Modify property of object successfully

2018-06-04 18:37:01 - [TEST_STEP][PASSED] - Statement - batchqty = com.kms.katalon.core.webui.keyword.WebUiBuiltInKeywords.getAttribute(batch, "value").trim(): Attribute 'value' of object '' is: '4300'

2018-06-04 18:37:01 - [MESSAGE][PASSED] - Attribute 'value' of object '' is: '4300'

2018-06-04 18:37:01 - [TEST_STEP][PASSED] - Statement - Rqty = 100: null

2018-06-04 18:37:01 - [TEST_STEP][PASSED] - Statement - out.println("BatchQty : " + batchqty): null

2018-06-04 18:37:01 - [TEST_STEP][PASSED] - Statement - out.println("RQty : " + Rqty): null

2018-06-04 18:37:01 - [TEST_STEP][PASSED] - Statement - If (java.lang.Integer.valueOf(batchqty) >= java.lang.Integer.valueOf(Rqty)): null

2018-06-04 18:37:01 - [TEST_STEP][PASSED] - Statement - Break: null

2018-06-04 18:37:01 - [TEST_STEP][PASSED] - Statement - batchlength = new com.kms.katalon.core.testobject.TestObject(): null

2018-06-04 18:37:01 - [TEST_STEP][PASSED] - Statement - batchlength = com.kms.katalon.core.webui.keyword.WebUiBuiltInKeywords.modifyObjectProperty(batchlength, "xpath", "equals", "//*[@id = "fldvendor" + row + ""]", true): Modify property of object successfully

2018-06-04 18:37:01 - [MESSAGE][PASSED] - Modify property of object successfully

2018-06-04 18:37:01 - [TEST_STEP][PASSED] - Statement - batchsize = com.kms.katalon.core.webui.keyword.WebUiBuiltInKeywords.getNumberOfTotalOption(batchlength): 12 options of object '' counted

2018-06-04 18:37:01 - [MESSAGE][PASSED] - 12 options of object '' counted

2018-06-04 18:37:01 - [TEST_STEP][PASSED] - Statement - out.println("BatchSize : " + batchsize): null

2018-06-04 18:37:01 - [TEST_STEP][PASSED] - Statement - For ([n = 1, n <= batchsize - 1, (n++)]): null

2018-06-04 18:37:01 - [TEST_STEP][PASSED] - Statement - product = new com.kms.katalon.core.testobject.TestObject(): null

2018-06-04 18:37:01 - [TEST_STEP][PASSED] - Statement - product = com.kms.katalon.core.webui.keyword.WebUiBuiltInKeywords.modifyObjectProperty(product, "xpath", "equals", "//*[@id = "fldvendor" + row + ""]", true): Modify property of object successfully

2018-06-04 18:37:01 - [MESSAGE][PASSED] - Modify property of object successfully

2018-06-04 18:37:01 - [TEST_STEP][PASSED] - selectOptionByIndex: All options with index in [1] are selected on object ''

2018-06-04 18:37:02 - [MESSAGE][PASSED] - All options with index in [1] are selected on object ''

2018-06-04 18:37:02 - [TEST_STEP][PASSED] - delay: Delayed 2 second(s)

2018-06-04 18:37:04 - [MESSAGE][PASSED] - Delayed 2 second(s)

2018-06-04 18:37:04 - [TEST_STEP][PASSED] - Statement - batch = new com.kms.katalon.core.testobject.TestObject(): null

2018-06-04 18:37:04 - [TEST_STEP][PASSED] - Statement - batch = com.kms.katalon.core.webui.keyword.WebUiBuiltInKeywords.modifyObjectProperty(batch, "xpath", "equals", "//*[@id = "txtbthqty" + row + ""]", true): Modify property of object successfully

2018-06-04 18:37:04 - [MESSAGE][PASSED] - Modify property of object successfully

2018-06-04 18:37:04 - [TEST_STEP][PASSED] - Statement - batchqty = com.kms.katalon.core.webui.keyword.WebUiBuiltInKeywords.getAttribute(batch, "value").trim(): Attribute 'value' of object '' is: '1800'

2018-06-04 18:37:04 - [MESSAGE][PASSED] - Attribute 'value' of object '' is: '1800'

2018-06-04 18:37:04 - [TEST_STEP][PASSED] - Statement - Rqty = 100: null

2018-06-04 18:37:04 - [TEST_STEP][PASSED] - Statement - out.println("BatchQty : " + batchqty): null

2018-06-04 18:37:04 - [TEST_STEP][PASSED] - Statement - out.println("RQty : " + Rqty): null

2018-06-04 18:37:04 - [TEST_STEP][PASSED] - Statement - If (java.lang.Integer.valueOf(batchqty) >= java.lang.Integer.valueOf(Rqty)): null

2018-06-04 18:37:04 - [TEST_STEP][PASSED] - Statement - Break: null

2018-06-04 18:37:04 - [TEST_STEP][PASSED] - Statement - batchlength = new com.kms.katalon.core.testobject.TestObject(): null

2018-06-04 18:37:04 - [TEST_STEP][PASSED] - Statement - batchlength = com.kms.katalon.core.webui.keyword.WebUiBuiltInKeywords.modifyObjectProperty(batchlength, "xpath", "equals", "//*[@id = "fldvendor" + row + ""]", true): Modify property of object successfully

2018-06-04 18:37:04 - [MESSAGE][PASSED] - Modify property of object successfully

2018-06-04 18:37:04 - [TEST_STEP][PASSED] - Statement - batchsize = com.kms.katalon.core.webui.keyword.WebUiBuiltInKeywords.getNumberOfTotalOption(batchlength): 12 options of object '' counted

2018-06-04 18:37:04 - [MESSAGE][PASSED] - 12 options of object '' counted

2018-06-04 18:37:04 - [TEST_STEP][PASSED] - Statement - out.println("BatchSize : " + batchsize): null

2018-06-04 18:37:04 - [TEST_STEP][PASSED] - Statement - For ([n = 1, n <= batchsize - 1, (n++)]): null

2018-06-04 18:37:04 - [TEST_STEP][PASSED] - Statement - product = new com.kms.katalon.core.testobject.TestObject(): null

2018-06-04 18:37:04 - [TEST_STEP][PASSED] - Statement - product = com.kms.katalon.core.webui.keyword.WebUiBuiltInKeywords.modifyObjectProperty(product, "xpath", "equals", "//*[@id = "fldvendor" + row + ""]", true): Modify property of object successfully

2018-06-04 18:37:04 - [MESSAGE][PASSED] - Modify property of object successfully

2018-06-04 18:37:04 - [TEST_STEP][PASSED] - selectOptionByIndex: All options with index in [1] are selected on object ''

2018-06-04 18:37:04 - [MESSAGE][PASSED] - All options with index in [1] are selected on object ''

2018-06-04 18:37:04 - [TEST_STEP][PASSED] - delay: Delayed 2 second(s)

2018-06-04 18:37:06 - [MESSAGE][PASSED] - Delayed 2 second(s)

2018-06-04 18:37:06 - [TEST_STEP][PASSED] - Statement - batch = new com.kms.katalon.core.testobject.TestObject(): null

2018-06-04 18:37:06 - [TEST_STEP][PASSED] - Statement - batch = com.kms.katalon.core.webui.keyword.WebUiBuiltInKeywords.modifyObjectProperty(batch, "xpath", "equals", "//*[@id = "txtbthqty" + row + ""]", true): Modify property of object successfully

2018-06-04 18:37:06 - [MESSAGE][PASSED] - Modify property of object successfully

2018-06-04 18:37:06 - [TEST_STEP][PASSED] - Statement - batchqty = com.kms.katalon.core.webui.keyword.WebUiBuiltInKeywords.getAttribute(batch, "value").trim(): Attribute 'value' of object '' is: '3800'

2018-06-04 18:37:06 - [MESSAGE][PASSED] - Attribute 'value' of object '' is: '3800'

2018-06-04 18:37:06 - [TEST_STEP][PASSED] - Statement - Rqty = 100: null

2018-06-04 18:37:06 - [TEST_STEP][PASSED] - Statement - out.println("BatchQty : " + batchqty): null

2018-06-04 18:37:06 - [TEST_STEP][PASSED] - Statement - out.println("RQty : " + Rqty): null

2018-06-04 18:37:06 - [TEST_STEP][PASSED] - Statement - If (java.lang.Integer.valueOf(batchqty) >= java.lang.Integer.valueOf(Rqty)): null

2018-06-04 18:37:06 - [TEST_STEP][PASSED] - Statement - Break: null

2018-06-04 18:37:06 - [TEST_STEP][PASSED] - Statement - batchlength = new com.kms.katalon.core.testobject.TestObject(): null

2018-06-04 18:37:06 - [TEST_STEP][PASSED] - Statement - batchlength = com.kms.katalon.core.webui.keyword.WebUiBuiltInKeywords.modifyObjectProperty(batchlength, "xpath", "equals", "//*[@id = "fldvendor" + row + ""]", true): Modify property of object successfully

2018-06-04 18:37:06 - [MESSAGE][PASSED] - Modify property of object successfully

2018-06-04 18:37:06 - [TEST_STEP][PASSED] - Statement - batchsize = com.kms.katalon.core.webui.keyword.WebUiBuiltInKeywords.getNumberOfTotalOption(batchlength): 12 options of object '' counted

2018-06-04 18:37:06 - [MESSAGE][PASSED] - 12 options of object '' counted

2018-06-04 18:37:06 - [TEST_STEP][PASSED] - Statement - out.println("BatchSize : " + batchsize): null

2018-06-04 18:37:06 - [TEST_STEP][PASSED] - Statement - For ([n = 1, n <= batchsize - 1, (n++)]): null

2018-06-04 18:37:06 - [TEST_STEP][PASSED] - Statement - product = new com.kms.katalon.core.testobject.TestObject(): null

2018-06-04 18:37:06 - [TEST_STEP][PASSED] - Statement - product = com.kms.katalon.core.webui.keyword.WebUiBuiltInKeywords.modifyObjectProperty(product, "xpath", "equals", "//*[@id = "fldvendor" + row + ""]", true): Modify property of object successfully

2018-06-04 18:37:06 - [MESSAGE][PASSED] - Modify property of object successfully

2018-06-04 18:37:06 - [TEST_STEP][PASSED] - selectOptionByIndex: All options with index in [1] are selected on object ''

2018-06-04 18:37:06 - [MESSAGE][PASSED] - All options with index in [1] are selected on object ''

2018-06-04 18:37:06 - [TEST_STEP][PASSED] - delay: Delayed 2 second(s)

2018-06-04 18:37:08 - [MESSAGE][PASSED] - Delayed 2 second(s)

2018-06-04 18:37:08 - [TEST_STEP][PASSED] - Statement - batch = new com.kms.katalon.core.testobject.TestObject(): null

2018-06-04 18:37:08 - [TEST_STEP][PASSED] - Statement - batch = com.kms.katalon.core.webui.keyword.WebUiBuiltInKeywords.modifyObjectProperty(batch, "xpath", "equals", "//*[@id = "txtbthqty" + row + ""]", true): Modify property of object successfully

2018-06-04 18:37:08 - [MESSAGE][PASSED] - Modify property of object successfully

2018-06-04 18:37:08 - [TEST_STEP][PASSED] - Statement - batchqty = com.kms.katalon.core.webui.keyword.WebUiBuiltInKeywords.getAttribute(batch, "value").trim(): Attribute 'value' of object '' is: '32600'

2018-06-04 18:37:08 - [MESSAGE][PASSED] - Attribute 'value' of object '' is: '32600'

2018-06-04 18:37:08 - [TEST_STEP][PASSED] - Statement - Rqty = 100: null

2018-06-04 18:37:08 - [TEST_STEP][PASSED] - Statement - out.println("BatchQty : " + batchqty): null

2018-06-04 18:37:08 - [TEST_STEP][PASSED] - Statement - out.println("RQty : " + Rqty): null

2018-06-04 18:37:08 - [TEST_STEP][PASSED] - Statement - If (java.lang.Integer.valueOf(batchqty) >= java.lang.Integer.valueOf(Rqty)): null

2018-06-04 18:37:08 - [TEST_STEP][PASSED] - Statement - Break: null

2018-06-04 18:37:08 - [TEST_STEP][PASSED] - Statement - batchlength = new com.kms.katalon.core.testobject.TestObject(): null

2018-06-04 18:37:08 - [TEST_STEP][PASSED] - Statement - batchlength = com.kms.katalon.core.webui.keyword.WebUiBuiltInKeywords.modifyObjectProperty(batchlength, "xpath", "equals", "//*[@id = "fldvendor" + row + ""]", true): Modify property of object successfully

2018-06-04 18:37:08 - [MESSAGE][PASSED] - Modify property of object successfully

2018-06-04 18:37:08 - [TEST_STEP][PASSED] - Statement - batchsize = com.kms.katalon.core.webui.keyword.WebUiBuiltInKeywords.getNumberOfTotalOption(batchlength): 12 options of object '' counted

2018-06-04 18:37:08 - [MESSAGE][PASSED] - 12 options of object '' counted

2018-06-04 18:37:08 - [TEST_STEP][PASSED] - Statement - out.println("BatchSize : " + batchsize): null

2018-06-04 18:37:08 - [TEST_STEP][PASSED] - Statement - For ([n = 1, n <= batchsize - 1, (n++)]): null

2018-06-04 18:37:08 - [TEST_STEP][PASSED] - Statement - product = new com.kms.katalon.core.testobject.TestObject(): null

2018-06-04 18:37:08 - [TEST_STEP][PASSED] - Statement - product = com.kms.katalon.core.webui.keyword.WebUiBuiltInKeywords.modifyObjectProperty(product, "xpath", "equals", "//*[@id = "fldvendor" + row + ""]", true): Modify property of object successfully

2018-06-04 18:37:08 - [MESSAGE][PASSED] - Modify property of object successfully

2018-06-04 18:37:08 - [TEST_STEP][PASSED] - selectOptionByIndex: All options with index in [1] are selected on object ''

2018-06-04 18:37:08 - [MESSAGE][PASSED] - All options with index in [1] are selected on object ''

2018-06-04 18:37:08 - [TEST_STEP][PASSED] - delay: Delayed 2 second(s)

2018-06-04 18:37:10 - [MESSAGE][PASSED] - Delayed 2 second(s)

2018-06-04 18:37:10 - [TEST_STEP][PASSED] - Statement - batch = new com.kms.katalon.core.testobject.TestObject(): null

2018-06-04 18:37:10 - [TEST_STEP][PASSED] - Statement - batch = com.kms.katalon.core.webui.keyword.WebUiBuiltInKeywords.modifyObjectProperty(batch, "xpath", "equals", "//*[@id = "txtbthqty" + row + ""]", true): Modify property of object successfully

2018-06-04 18:37:10 - [MESSAGE][PASSED] - Modify property of object successfully

2018-06-04 18:37:10 - [TEST_STEP][PASSED] - Statement - batchqty = com.kms.katalon.core.webui.keyword.WebUiBuiltInKeywords.getAttribute(batch, "value").trim(): Attribute 'value' of object '' is: '36600'

2018-06-04 18:37:10 - [MESSAGE][PASSED] - Attribute 'value' of object '' is: '36600'

2018-06-04 18:37:10 - [TEST_STEP][PASSED] - Statement - Rqty = 100: null

2018-06-04 18:37:10 - [TEST_STEP][PASSED] - Statement - out.println("BatchQty : " + batchqty): null

2018-06-04 18:37:10 - [TEST_STEP][PASSED] - Statement - out.println("RQty : " + Rqty): null

2018-06-04 18:37:10 - [TEST_STEP][PASSED] - Statement - If (java.lang.Integer.valueOf(batchqty) >= java.lang.Integer.valueOf(Rqty)): null

2018-06-04 18:37:10 - [TEST_STEP][PASSED] - Statement - Break: null

2018-06-04 18:37:10 - [TEST_STEP][PASSED] - Statement - batchlength = new com.kms.katalon.core.testobject.TestObject(): null

2018-06-04 18:37:10 - [TEST_STEP][PASSED] - Statement - batchlength = com.kms.katalon.core.webui.keyword.WebUiBuiltInKeywords.modifyObjectProperty(batchlength, "xpath", "equals", "//*[@id = "fldvendor" + row + ""]", true): Modify property of object successfully

2018-06-04 18:37:10 - [MESSAGE][PASSED] - Modify property of object successfully

2018-06-04 18:37:10 - [TEST_STEP][PASSED] - Statement - batchsize = com.kms.katalon.core.webui.keyword.WebUiBuiltInKeywords.getNumberOfTotalOption(batchlength): 12 options of object '' counted

2018-06-04 18:37:11 - [MESSAGE][PASSED] - 12 options of object '' counted

2018-06-04 18:37:11 - [TEST_STEP][PASSED] - Statement - out.println("BatchSize : " + batchsize): null

2018-06-04 18:37:11 - [TEST_STEP][PASSED] - Statement - For ([n = 1, n <= batchsize - 1, (n++)]): null

2018-06-04 18:37:11 - [TEST_STEP][PASSED] - Statement - product = new com.kms.katalon.core.testobject.TestObject(): null

2018-06-04 18:37:11 - [TEST_STEP][PASSED] - Statement - product = com.kms.katalon.core.webui.keyword.WebUiBuiltInKeywords.modifyObjectProperty(product, "xpath", "equals", "//*[@id = "fldvendor" + row + ""]", true): Modify property of object successfully

2018-06-04 18:37:11 - [MESSAGE][PASSED] - Modify property of object successfully

2018-06-04 18:37:11 - [TEST_STEP][PASSED] - selectOptionByIndex: All options with index in [1] are selected on object ''

2018-06-04 18:37:11 - [MESSAGE][PASSED] - All options with index in [1] are selected on object ''

2018-06-04 18:37:11 - [TEST_STEP][PASSED] - delay: Delayed 2 second(s)

2018-06-04 18:37:13 - [MESSAGE][PASSED] - Delayed 2 second(s)

2018-06-04 18:37:13 - [TEST_STEP][PASSED] - Statement - batch = new com.kms.katalon.core.testobject.TestObject(): null

2018-06-04 18:37:13 - [TEST_STEP][PASSED] - Statement - batch = com.kms.katalon.core.webui.keyword.WebUiBuiltInKeywords.modifyObjectProperty(batch, "xpath", "equals", "//*[@id = "txtbthqty" + row + ""]", true): Modify property of object successfully

2018-06-04 18:37:13 - [MESSAGE][PASSED] - Modify property of object successfully

2018-06-04 18:37:13 - [TEST_STEP][PASSED] - Statement - batchqty = com.kms.katalon.core.webui.keyword.WebUiBuiltInKeywords.getAttribute(batch, "value").trim(): Attribute 'value' of object '' is: '3800'

2018-06-04 18:37:13 - [MESSAGE][PASSED] - Attribute 'value' of object '' is: '3800'

2018-06-04 18:37:13 - [TEST_STEP][PASSED] - Statement - Rqty = 100: null

2018-06-04 18:37:13 - [TEST_STEP][PASSED] - Statement - out.println("BatchQty : " + batchqty): null

2018-06-04 18:37:13 - [TEST_STEP][PASSED] - Statement - out.println("RQty : " + Rqty): null

2018-06-04 18:37:13 - [TEST_STEP][PASSED] - Statement - If (java.lang.Integer.valueOf(batchqty) >= java.lang.Integer.valueOf(Rqty)): null

2018-06-04 18:37:13 - [TEST_STEP][PASSED] - Statement - Break: null

2018-06-04 18:37:13 - [TEST_STEP][PASSED] - Statement - batchlength = new com.kms.katalon.core.testobject.TestObject(): null

2018-06-04 18:37:13 - [TEST_STEP][PASSED] - Statement - batchlength = com.kms.katalon.core.webui.keyword.WebUiBuiltInKeywords.modifyObjectProperty(batchlength, "xpath", "equals", "//*[@id = "fldvendor" + row + ""]", true): Modify property of object successfully

2018-06-04 18:37:13 - [MESSAGE][PASSED] - Modify property of object successfully

2018-06-04 18:37:13 - [TEST_STEP][PASSED] - Statement - batchsize = com.kms.katalon.core.webui.keyword.WebUiBuiltInKeywords.getNumberOfTotalOption(batchlength): 12 options of object '' counted

2018-06-04 18:37:13 - [MESSAGE][PASSED] - 12 options of object '' counted

2018-06-04 18:37:13 - [TEST_STEP][PASSED] - Statement - out.println("BatchSize : " + batchsize): null

2018-06-04 18:37:13 - [TEST_STEP][PASSED] - Statement - For ([n = 1, n <= batchsize - 1, (n++)]): null

2018-06-04 18:37:13 - [TEST_STEP][PASSED] - Statement - product = new com.kms.katalon.core.testobject.TestObject(): null

2018-06-04 18:37:13 - [TEST_STEP][PASSED] - Statement - product = com.kms.katalon.core.webui.keyword.WebUiBuiltInKeywords.modifyObjectProperty(product, "xpath", "equals", "//*[@id = "fldvendor" + row + ""]", true): Modify property of object successfully

2018-06-04 18:37:13 - [MESSAGE][PASSED] - Modify property of object successfully

2018-06-04 18:37:13 - [TEST_STEP][PASSED] - selectOptionByIndex: All options with index in [1] are selected on object ''

2018-06-04 18:37:13 - [MESSAGE][PASSED] - All options with index in [1] are selected on object ''

2018-06-04 18:37:13 - [TEST_STEP][PASSED] - delay: Delayed 2 second(s)

2018-06-04 18:37:15 - [MESSAGE][PASSED] - Delayed 2 second(s)

2018-06-04 18:37:15 - [TEST_STEP][PASSED] - Statement - batch = new com.kms.katalon.core.testobject.TestObject(): null

2018-06-04 18:37:15 - [TEST_STEP][PASSED] - Statement - batch = com.kms.katalon.core.webui.keyword.WebUiBuiltInKeywords.modifyObjectProperty(batch, "xpath", "equals", "//*[@id = "txtbthqty" + row + ""]", true): Modify property of object successfully

2018-06-04 18:37:15 - [MESSAGE][PASSED] - Modify property of object successfully

2018-06-04 18:37:15 - [TEST_STEP][PASSED] - Statement - batchqty = com.kms.katalon.core.webui.keyword.WebUiBuiltInKeywords.getAttribute(batch, "value").trim(): Attribute 'value' of object '' is: '2800'

2018-06-04 18:37:15 - [MESSAGE][PASSED] - Attribute 'value' of object '' is: '2800'

2018-06-04 18:37:15 - [TEST_STEP][PASSED] - Statement - Rqty = 100: null

2018-06-04 18:37:15 - [TEST_STEP][PASSED] - Statement - out.println("BatchQty : " + batchqty): null

2018-06-04 18:37:15 - [TEST_STEP][PASSED] - Statement - out.println("RQty : " + Rqty): null

2018-06-04 18:37:15 - [TEST_STEP][PASSED] - Statement - If (java.lang.Integer.valueOf(batchqty) >= java.lang.Integer.valueOf(Rqty)): null

2018-06-04 18:37:15 - [TEST_STEP][PASSED] - Statement - Break: null

2018-06-04 18:37:15 - [TEST_STEP][PASSED] - Statement - batchlength = new com.kms.katalon.core.testobject.TestObject(): null

2018-06-04 18:37:15 - [TEST_STEP][PASSED] - Statement - batchlength = com.kms.katalon.core.webui.keyword.WebUiBuiltInKeywords.modifyObjectProperty(batchlength, "xpath", "equals", "//*[@id = "fldvendor" + row + ""]", true): Modify property of object successfully

2018-06-04 18:37:15 - [MESSAGE][PASSED] - Modify property of object successfully

2018-06-04 18:37:15 - [TEST_STEP][PASSED] - Statement - batchsize = com.kms.katalon.core.webui.keyword.WebUiBuiltInKeywords.getNumberOfTotalOption(batchlength): 12 options of object '' counted

2018-06-04 18:37:15 - [MESSAGE][PASSED] - 12 options of object '' counted

2018-06-04 18:37:15 - [TEST_STEP][PASSED] - Statement - out.println("BatchSize : " + batchsize): null

2018-06-04 18:37:15 - [TEST_STEP][PASSED] - Statement - For ([n = 1, n <= batchsize - 1, (n++)]): null

2018-06-04 18:37:15 - [TEST_STEP][PASSED] - Statement - product = new com.kms.katalon.core.testobject.TestObject(): null

2018-06-04 18:37:15 - [TEST_STEP][PASSED] - Statement - product = com.kms.katalon.core.webui.keyword.WebUiBuiltInKeywords.modifyObjectProperty(product, "xpath", "equals", "//*[@id = "fldvendor" + row + ""]", true): Modify property of object successfully

2018-06-04 18:37:15 - [MESSAGE][PASSED] - Modify property of object successfully

2018-06-04 18:37:15 - [TEST_STEP][PASSED] - selectOptionByIndex: All options with index in [1] are selected on object ''

2018-06-04 18:37:15 - [MESSAGE][PASSED] - All options with index in [1] are selected on object ''

2018-06-04 18:37:15 - [TEST_STEP][PASSED] - delay: Delayed 2 second(s)

2018-06-04 18:37:17 - [MESSAGE][PASSED] - Delayed 2 second(s)

2018-06-04 18:37:17 - [TEST_STEP][PASSED] - Statement - batch = new com.kms.katalon.core.testobject.TestObject(): null

2018-06-04 18:37:17 - [TEST_STEP][PASSED] - Statement - batch = com.kms.katalon.core.webui.keyword.WebUiBuiltInKeywords.modifyObjectProperty(batch, "xpath", "equals", "//*[@id = "txtbthqty" + row + ""]", true): Modify property of object successfully

2018-06-04 18:37:17 - [MESSAGE][PASSED] - Modify property of object successfully

2018-06-04 18:37:17 - [TEST_STEP][PASSED] - Statement - batchqty = com.kms.katalon.core.webui.keyword.WebUiBuiltInKeywords.getAttribute(batch, "value").trim(): Attribute 'value' of object '' is: '36600'

2018-06-04 18:37:17 - [MESSAGE][PASSED] - Attribute 'value' of object '' is: '36600'

2018-06-04 18:37:17 - [TEST_STEP][PASSED] - Statement - Rqty = 100: null

2018-06-04 18:37:17 - [TEST_STEP][PASSED] - Statement - out.println("BatchQty : " + batchqty): null

2018-06-04 18:37:17 - [TEST_STEP][PASSED] - Statement - out.println("RQty : " + Rqty): null

2018-06-04 18:37:17 - [TEST_STEP][PASSED] - Statement - If (java.lang.Integer.valueOf(batchqty) >= java.lang.Integer.valueOf(Rqty)): null

2018-06-04 18:37:17 - [TEST_STEP][PASSED] - Statement - Break: null

2018-06-04 18:37:17 - [TEST_STEP][PASSED] - Statement - batchlength = new com.kms.katalon.core.testobject.TestObject(): null

2018-06-04 18:37:17 - [TEST_STEP][PASSED] - Statement - batchlength = com.kms.katalon.core.webui.keyword.WebUiBuiltInKeywords.modifyObjectProperty(batchlength, "xpath", "equals", "//*[@id = "fldvendor" + row + ""]", true): Modify property of object successfully

2018-06-04 18:37:17 - [MESSAGE][PASSED] - Modify property of object successfully

2018-06-04 18:37:17 - [TEST_STEP][PASSED] - Statement - batchsize = com.kms.katalon.core.webui.keyword.WebUiBuiltInKeywords.getNumberOfTotalOption(batchlength): 12 options of object '' counted

2018-06-04 18:37:17 - [MESSAGE][PASSED] - 12 options of object '' counted

2018-06-04 18:37:17 - [TEST_STEP][PASSED] - Statement - out.println("BatchSize : " + batchsize): null

2018-06-04 18:37:17 - [TEST_STEP][PASSED] - Statement - For ([n = 1, n <= batchsize - 1, (n++)]): null

2018-06-04 18:37:17 - [TEST_STEP][PASSED] - Statement - product = new com.kms.katalon.core.testobject.TestObject(): null

2018-06-04 18:37:17 - [TEST_STEP][PASSED] - Statement - product = com.kms.katalon.core.webui.keyword.WebUiBuiltInKeywords.modifyObjectProperty(product, "xpath", "equals", "//*[@id = "fldvendor" + row + ""]", true): Modify property of object successfully

2018-06-04 18:37:17 - [MESSAGE][PASSED] - Modify property of object successfully

2018-06-04 18:37:17 - [TEST_STEP][PASSED] - selectOptionByIndex: All options with index in [1] are selected on object ''

2018-06-04 18:37:18 - [MESSAGE][PASSED] - All options with index in [1] are selected on object ''

2018-06-04 18:37:18 - [TEST_STEP][PASSED] - delay: Delayed 2 second(s)

2018-06-04 18:37:20 - [MESSAGE][PASSED] - Delayed 2 second(s)

2018-06-04 18:37:20 - [TEST_STEP][PASSED] - Statement - batch = new com.kms.katalon.core.testobject.TestObject(): null

2018-06-04 18:37:20 - [TEST_STEP][PASSED] - Statement - batch = com.kms.katalon.core.webui.keyword.WebUiBuiltInKeywords.modifyObjectProperty(batch, "xpath", "equals", "//*[@id = "txtbthqty" + row + ""]", true): Modify property of object successfully

2018-06-04 18:37:20 - [MESSAGE][PASSED] - Modify property of object successfully

2018-06-04 18:37:20 - [TEST_STEP][PASSED] - Statement - batchqty = com.kms.katalon.core.webui.keyword.WebUiBuiltInKeywords.getAttribute(batch, "value").trim(): Attribute 'value' of object '' is: '2800'

2018-06-04 18:37:20 - [MESSAGE][PASSED] - Attribute 'value' of object '' is: '2800'

2018-06-04 18:37:20 - [TEST_STEP][PASSED] - Statement - Rqty = 100: null

2018-06-04 18:37:20 - [TEST_STEP][PASSED] - Statement - out.println("BatchQty : " + batchqty): null

2018-06-04 18:37:20 - [TEST_STEP][PASSED] - Statement - out.println("RQty : " + Rqty): null

2018-06-04 18:37:20 - [TEST_STEP][PASSED] - Statement - If (java.lang.Integer.valueOf(batchqty) >= java.lang.Integer.valueOf(Rqty)): null

2018-06-04 18:37:20 - [TEST_STEP][PASSED] - Statement - Break: null

2018-06-04 18:37:20 - [TEST_STEP][PASSED] - Statement - batchlength = new com.kms.katalon.core.testobject.TestObject(): null

2018-06-04 18:37:20 - [TEST_STEP][PASSED] - Statement - batchlength = com.kms.katalon.core.webui.keyword.WebUiBuiltInKeywords.modifyObjectProperty(batchlength, "xpath", "equals", "//*[@id = "fldvendor" + row + ""]", true): Modify property of object successfully

2018-06-04 18:37:20 - [MESSAGE][PASSED] - Modify property of object successfully

2018-06-04 18:37:20 - [TEST_STEP][PASSED] - Statement - batchsize = com.kms.katalon.core.webui.keyword.WebUiBuiltInKeywords.getNumberOfTotalOption(batchlength): 12 options of object '' counted

2018-06-04 18:37:20 - [MESSAGE][PASSED] - 12 options of object '' counted

2018-06-04 18:37:20 - [TEST_STEP][PASSED] - Statement - out.println("BatchSize : " + batchsize): null

2018-06-04 18:37:20 - [TEST_STEP][PASSED] - Statement - For ([n = 1, n <= batchsize - 1, (n++)]): null

2018-06-04 18:37:20 - [TEST_STEP][PASSED] - Statement - product = new com.kms.katalon.core.testobject.TestObject(): null

2018-06-04 18:37:20 - [TEST_STEP][PASSED] - Statement - product = com.kms.katalon.core.webui.keyword.WebUiBuiltInKeywords.modifyObjectProperty(product, "xpath", "equals", "//*[@id = "fldvendor" + row + ""]", true): Modify property of object successfully

2018-06-04 18:37:20 - [MESSAGE][PASSED] - Modify property of object successfully

2018-06-04 18:37:20 - [TEST_STEP][PASSED] - selectOptionByIndex: All options with index in [1] are selected on object ''

2018-06-04 18:37:20 - [MESSAGE][PASSED] - All options with index in [1] are selected on object ''

2018-06-04 18:37:20 - [TEST_STEP][PASSED] - delay: Delayed 2 second(s)

2018-06-04 18:37:22 - [MESSAGE][PASSED] - Delayed 2 second(s)

2018-06-04 18:37:22 - [TEST_STEP][PASSED] - Statement - batch = new com.kms.katalon.core.testobject.TestObject(): null

2018-06-04 18:37:22 - [TEST_STEP][PASSED] - Statement - batch = com.kms.katalon.core.webui.keyword.WebUiBuiltInKeywords.modifyObjectProperty(batch, "xpath", "equals", "//*[@id = "txtbthqty" + row + ""]", true): Modify property of object successfully

2018-06-04 18:37:22 - [MESSAGE][PASSED] - Modify property of object successfully

2018-06-04 18:37:22 - [TEST_STEP][PASSED] - Statement - batchqty = com.kms.katalon.core.webui.keyword.WebUiBuiltInKeywords.getAttribute(batch, "value").trim(): Attribute 'value' of object '' is: '3800'

2018-06-04 18:37:22 - [MESSAGE][PASSED] - Attribute 'value' of object '' is: '3800'

2018-06-04 18:37:22 - [TEST_STEP][PASSED] - Statement - Rqty = 100: null

2018-06-04 18:37:22 - [TEST_STEP][PASSED] - Statement - out.println("BatchQty : " + batchqty): null

2018-06-04 18:37:22 - [TEST_STEP][PASSED] - Statement - out.println("RQty : " + Rqty): null

2018-06-04 18:37:22 - [TEST_STEP][PASSED] - Statement - If (java.lang.Integer.valueOf(batchqty) >= java.lang.Integer.valueOf(Rqty)): null

2018-06-04 18:37:22 - [TEST_STEP][PASSED] - Statement - Break: null

2018-06-04 18:37:22 - [TEST_STEP][PASSED] - Statement - batchlength = new com.kms.katalon.core.testobject.TestObject(): null

2018-06-04 18:37:22 - [TEST_STEP][PASSED] - Statement - batchlength = com.kms.katalon.core.webui.keyword.WebUiBuiltInKeywords.modifyObjectProperty(batchlength, "xpath", "equals", "//*[@id = "fldvendor" + row + ""]", true): Modify property of object successfully

2018-06-04 18:37:22 - [MESSAGE][PASSED] - Modify property of object successfully

2018-06-04 18:37:22 - [TEST_STEP][PASSED] - Statement - batchsize = com.kms.katalon.core.webui.keyword.WebUiBuiltInKeywords.getNumberOfTotalOption(batchlength): 12 options of object '' counted

2018-06-04 18:37:22 - [MESSAGE][PASSED] - 12 options of object '' counted

2018-06-04 18:37:22 - [TEST_STEP][PASSED] - Statement - out.println("BatchSize : " + batchsize): null

2018-06-04 18:37:22 - [TEST_STEP][PASSED] - Statement - For ([n = 1, n <= batchsize - 1, (n++)]): null

2018-06-04 18:37:22 - [TEST_STEP][PASSED] - Statement - product = new com.kms.katalon.core.testobject.TestObject(): null

2018-06-04 18:37:22 - [TEST_STEP][PASSED] - Statement - product = com.kms.katalon.core.webui.keyword.WebUiBuiltInKeywords.modifyObjectProperty(product, "xpath", "equals", "//*[@id = "fldvendor" + row + ""]", true): Modify property of object successfully

2018-06-04 18:37:22 - [MESSAGE][PASSED] - Modify property of object successfully

2018-06-04 18:37:22 - [TEST_STEP][PASSED] - selectOptionByIndex: All options with index in [1] are selected on object ''

2018-06-04 18:37:22 - [MESSAGE][PASSED] - All options with index in [1] are selected on object ''

2018-06-04 18:37:22 - [TEST_STEP][PASSED] - delay: Delayed 2 second(s)

2018-06-04 18:37:24 - [MESSAGE][PASSED] - Delayed 2 second(s)

2018-06-04 18:37:24 - [TEST_STEP][PASSED] - Statement - batch = new com.kms.katalon.core.testobject.TestObject(): null

2018-06-04 18:37:24 - [TEST_STEP][PASSED] - Statement - batch = com.kms.katalon.core.webui.keyword.WebUiBuiltInKeywords.modifyObjectProperty(batch, "xpath", "equals", "//*[@id = "txtbthqty" + row + ""]", true): Modify property of object successfully

2018-06-04 18:37:24 - [MESSAGE][PASSED] - Modify property of object successfully

2018-06-04 18:37:24 - [TEST_STEP][PASSED] - Statement - batchqty = com.kms.katalon.core.webui.keyword.WebUiBuiltInKeywords.getAttribute(batch, "value").trim(): Attribute 'value' of object '' is: '2800'

2018-06-04 18:37:24 - [MESSAGE][PASSED] - Attribute 'value' of object '' is: '2800'

2018-06-04 18:37:24 - [TEST_STEP][PASSED] - Statement - Rqty = 100: null

2018-06-04 18:37:24 - [TEST_STEP][PASSED] - Statement - out.println("BatchQty : " + batchqty): null

2018-06-04 18:37:24 - [TEST_STEP][PASSED] - Statement - out.println("RQty : " + Rqty): null

2018-06-04 18:37:24 - [TEST_STEP][PASSED] - Statement - If (java.lang.Integer.valueOf(batchqty) >= java.lang.Integer.valueOf(Rqty)): null

2018-06-04 18:37:24 - [TEST_STEP][PASSED] - Statement - Break: null

2018-06-04 18:37:24 - [TEST_STEP][PASSED] - Statement - batchlength = new com.kms.katalon.core.testobject.TestObject(): null

2018-06-04 18:37:24 - [TEST_STEP][PASSED] - Statement - batchlength = com.kms.katalon.core.webui.keyword.WebUiBuiltInKeywords.modifyObjectProperty(batchlength, "xpath", "equals", "//*[@id = "fldvendor" + row + ""]", true): Modify property of object successfully

2018-06-04 18:37:24 - [MESSAGE][PASSED] - Modify property of object successfully

2018-06-04 18:37:24 - [TEST_STEP][PASSED] - Statement - batchsize = com.kms.katalon.core.webui.keyword.WebUiBuiltInKeywords.getNumberOfTotalOption(batchlength): 12 options of object '' counted

2018-06-04 18:37:24 - [MESSAGE][PASSED] - 12 options of object '' counted

2018-06-04 18:37:24 - [TEST_STEP][PASSED] - Statement - out.println("BatchSize : " + batchsize): null

2018-06-04 18:37:24 - [TEST_STEP][PASSED] - Statement - For ([n = 1, n <= batchsize - 1, (n++)]): null

2018-06-04 18:37:24 - [TEST_STEP][PASSED] - Statement - product = new com.kms.katalon.core.testobject.TestObject(): null

2018-06-04 18:37:24 - [TEST_STEP][PASSED] - Statement - product = com.kms.katalon.core.webui.keyword.WebUiBuiltInKeywords.modifyObjectProperty(product, "xpath", "equals", "//*[@id = "fldvendor" + row + ""]", true): Modify property of object successfully

2018-06-04 18:37:24 - [MESSAGE][PASSED] - Modify property of object successfully

2018-06-04 18:37:24 - [TEST_STEP][PASSED] - selectOptionByIndex: All options with index in [1] are selected on object ''

2018-06-04 18:37:25 - [MESSAGE][PASSED] - All options with index in [1] are selected on object ''

2018-06-04 18:37:25 - [TEST_STEP][PASSED] - delay: Delayed 2 second(s)

2018-06-04 18:37:27 - [MESSAGE][PASSED] - Delayed 2 second(s)

2018-06-04 18:37:27 - [TEST_STEP][PASSED] - Statement - batch = new com.kms.katalon.core.testobject.TestObject(): null

2018-06-04 18:37:27 - [TEST_STEP][PASSED] - Statement - batch = com.kms.katalon.core.webui.keyword.WebUiBuiltInKeywords.modifyObjectProperty(batch, "xpath", "equals", "//*[@id = "txtbthqty" + row + ""]", true): Modify property of object successfully

2018-06-04 18:37:27 - [MESSAGE][PASSED] - Modify property of object successfully

2018-06-04 18:37:27 - [TEST_STEP][PASSED] - Statement - batchqty = com.kms.katalon.core.webui.keyword.WebUiBuiltInKeywords.getAttribute(batch, "value").trim(): Attribute 'value' of object '' is: '3800'

2018-06-04 18:37:27 - [MESSAGE][PASSED] - Attribute 'value' of object '' is: '3800'

2018-06-04 18:37:27 - [TEST_STEP][PASSED] - Statement - Rqty = 100: null

2018-06-04 18:37:27 - [TEST_STEP][PASSED] - Statement - out.println("BatchQty : " + batchqty): null

2018-06-04 18:37:27 - [TEST_STEP][PASSED] - Statement - out.println("RQty : " + Rqty): null

2018-06-04 18:37:27 - [TEST_STEP][PASSED] - Statement - If (java.lang.Integer.valueOf(batchqty) >= java.lang.Integer.valueOf(Rqty)): null

2018-06-04 18:37:27 - [TEST_STEP][PASSED] - Statement - Break: null

2018-06-04 18:37:27 - [TEST_STEP][PASSED] - Statement - batchlength = new com.kms.katalon.core.testobject.TestObject(): null

2018-06-04 18:37:27 - [TEST_STEP][PASSED] - Statement - batchlength = com.kms.katalon.core.webui.keyword.WebUiBuiltInKeywords.modifyObjectProperty(batchlength, "xpath", "equals", "//*[@id = "fldvendor" + row + ""]", true): Modify property of object successfully

2018-06-04 18:37:27 - [MESSAGE][PASSED] - Modify property of object successfully

2018-06-04 18:37:27 - [TEST_STEP][PASSED] - Statement - batchsize = com.kms.katalon.core.webui.keyword.WebUiBuiltInKeywords.getNumberOfTotalOption(batchlength): 12 options of object '' counted

2018-06-04 18:37:27 - [MESSAGE][PASSED] - 12 options of object '' counted

2018-06-04 18:37:27 - [TEST_STEP][PASSED] - Statement - out.println("BatchSize : " + batchsize): null

2018-06-04 18:37:27 - [TEST_STEP][PASSED] - Statement - For ([n = 1, n <= batchsize - 1, (n++)]): null

2018-06-04 18:37:27 - [TEST_STEP][PASSED] - Statement - product = new com.kms.katalon.core.testobject.TestObject(): null

2018-06-04 18:37:27 - [TEST_STEP][PASSED] - Statement - product = com.kms.katalon.core.webui.keyword.WebUiBuiltInKeywords.modifyObjectProperty(product, "xpath", "equals", "//*[@id = "fldvendor" + row + ""]", true): Modify property of object successfully

2018-06-04 18:37:27 - [MESSAGE][PASSED] - Modify property of object successfully

2018-06-04 18:37:27 - [TEST_STEP][PASSED] - selectOptionByIndex: All options with index in [1] are selected on object ''

2018-06-04 18:37:27 - [MESSAGE][PASSED] - All options with index in [1] are selected on object ''

2018-06-04 18:37:27 - [TEST_STEP][PASSED] - delay: Delayed 2 second(s)

2018-06-04 18:37:29 - [MESSAGE][PASSED] - Delayed 2 second(s)

2018-06-04 18:37:29 - [TEST_STEP][PASSED] - Statement - batch = new com.kms.katalon.core.testobject.TestObject(): null

2018-06-04 18:37:29 - [TEST_STEP][PASSED] - Statement - batch = com.kms.katalon.core.webui.keyword.WebUiBuiltInKeywords.modifyObjectProperty(batch, "xpath", "equals", "//*[@id = "txtbthqty" + row + ""]", true): Modify property of object successfully

2018-06-04 18:37:29 - [MESSAGE][PASSED] - Modify property of object successfully

2018-06-04 18:37:29 - [TEST_STEP][PASSED] - Statement - batchqty = com.kms.katalon.core.webui.keyword.WebUiBuiltInKeywords.getAttribute(batch, "value").trim(): Attribute 'value' of object '' is: '2800'

2018-06-04 18:37:29 - [MESSAGE][PASSED] - Attribute 'value' of object '' is: '2800'

2018-06-04 18:37:29 - [TEST_STEP][PASSED] - Statement - Rqty = 100: null

2018-06-04 18:37:29 - [TEST_STEP][PASSED] - Statement - out.println("BatchQty : " + batchqty): null

2018-06-04 18:37:29 - [TEST_STEP][PASSED] - Statement - out.println("RQty : " + Rqty): null

2018-06-04 18:37:29 - [TEST_STEP][PASSED] - Statement - If (java.lang.Integer.valueOf(batchqty) >= java.lang.Integer.valueOf(Rqty)): null

2018-06-04 18:37:29 - [TEST_STEP][PASSED] - Statement - Break: null

2018-06-04 18:37:29 - [TEST_STEP][PASSED] - Statement - batchlength = new com.kms.katalon.core.testobject.TestObject(): null

2018-06-04 18:37:29 - [TEST_STEP][PASSED] - Statement - batchlength = com.kms.katalon.core.webui.keyword.WebUiBuiltInKeywords.modifyObjectProperty(batchlength, "xpath", "equals", "//*[@id = "fldvendor" + row + ""]", true): Modify property of object successfully

2018-06-04 18:37:29 - [MESSAGE][PASSED] - Modify property of object successfully

2018-06-04 18:37:29 - [TEST_STEP][PASSED] - Statement - batchsize = com.kms.katalon.core.webui.keyword.WebUiBuiltInKeywords.getNumberOfTotalOption(batchlength): 12 options of object '' counted

2018-06-04 18:37:29 - [MESSAGE][PASSED] - 12 options of object '' counted

2018-06-04 18:37:29 - [TEST_STEP][PASSED] - Statement - out.println("BatchSize : " + batchsize): null

2018-06-04 18:37:29 - [TEST_STEP][PASSED] - Statement - For ([n = 1, n <= batchsize - 1, (n++)]): null

2018-06-04 18:37:29 - [TEST_STEP][PASSED] - Statement - product = new com.kms.katalon.core.testobject.TestObject(): null

2018-06-04 18:37:29 - [TEST_STEP][PASSED] - Statement - product = com.kms.katalon.core.webui.keyword.WebUiBuiltInKeywords.modifyObjectProperty(product, "xpath", "equals", "//*[@id = "fldvendor" + row + ""]", true): Modify property of object successfully

2018-06-04 18:37:29 - [MESSAGE][PASSED] - Modify property of object successfully

2018-06-04 18:37:29 - [TEST_STEP][PASSED] - selectOptionByIndex: All options with index in [1] are selected on object ''

2018-06-04 18:37:29 - [MESSAGE][PASSED] - All options with index in [1] are selected on object ''

2018-06-04 18:37:29 - [TEST_STEP][PASSED] - delay: Delayed 2 second(s)

2018-06-04 18:37:31 - [MESSAGE][PASSED] - Delayed 2 second(s)

2018-06-04 18:37:31 - [TEST_STEP][PASSED] - Statement - batch = new com.kms.katalon.core.testobject.TestObject(): null

2018-06-04 18:37:31 - [TEST_STEP][PASSED] - Statement - batch = com.kms.katalon.core.webui.keyword.WebUiBuiltInKeywords.modifyObjectProperty(batch, "xpath", "equals", "//*[@id = "txtbthqty" + row + ""]", true): Modify property of object successfully

2018-06-04 18:37:31 - [MESSAGE][PASSED] - Modify property of object successfully

2018-06-04 18:37:31 - [TEST_STEP][PASSED] - Statement - batchqty = com.kms.katalon.core.webui.keyword.WebUiBuiltInKeywords.getAttribute(batch, "value").trim(): Attribute 'value' of object '' is: '3800'

2018-06-04 18:37:31 - [MESSAGE][PASSED] - Attribute 'value' of object '' is: '3800'

2018-06-04 18:37:31 - [TEST_STEP][PASSED] - Statement - Rqty = 100: null

2018-06-04 18:37:31 - [TEST_STEP][PASSED] - Statement - out.println("BatchQty : " + batchqty): null

2018-06-04 18:37:31 - [TEST_STEP][PASSED] - Statement - out.println("RQty : " + Rqty): null

2018-06-04 18:37:31 - [TEST_STEP][PASSED] - Statement - If (java.lang.Integer.valueOf(batchqty) >= java.lang.Integer.valueOf(Rqty)): null

2018-06-04 18:37:31 - [TEST_STEP][PASSED] - Statement - Break: null

2018-06-04 18:37:31 - [TEST_STEP][PASSED] - Statement - batchlength = new com.kms.katalon.core.testobject.TestObject(): null

2018-06-04 18:37:31 - [TEST_STEP][PASSED] - Statement - batchlength = com.kms.katalon.core.webui.keyword.WebUiBuiltInKeywords.modifyObjectProperty(batchlength, "xpath", "equals", "//*[@id = "fldvendor" + row + ""]", true): Modify property of object successfully

2018-06-04 18:37:31 - [MESSAGE][PASSED] - Modify property of object successfully

2018-06-04 18:37:31 - [TEST_STEP][PASSED] - Statement - batchsize = com.kms.katalon.core.webui.keyword.WebUiBuiltInKeywords.getNumberOfTotalOption(batchlength): 11 options of object '' counted

2018-06-04 18:37:31 - [MESSAGE][PASSED] - 11 options of object '' counted

2018-06-04 18:37:31 - [TEST_STEP][PASSED] - Statement - out.println("BatchSize : " + batchsize): null

2018-06-04 18:37:31 - [TEST_STEP][PASSED] - Statement - For ([n = 1, n <= batchsize - 1, (n++)]): null

2018-06-04 18:37:31 - [TEST_STEP][PASSED] - Statement - product = new com.kms.katalon.core.testobject.TestObject(): null

2018-06-04 18:37:31 - [TEST_STEP][PASSED] - Statement - product = com.kms.katalon.core.webui.keyword.WebUiBuiltInKeywords.modifyObjectProperty(product, "xpath", "equals", "//*[@id = "fldvendor" + row + ""]", true): Modify property of object successfully

2018-06-04 18:37:31 - [MESSAGE][PASSED] - Modify property of object successfully

2018-06-04 18:37:31 - [TEST_STEP][PASSED] - selectOptionByIndex: All options with index in [1] are selected on object ''

2018-06-04 18:37:31 - [MESSAGE][PASSED] - All options with index in [1] are selected on object ''

2018-06-04 18:37:31 - [TEST_STEP][PASSED] - delay: Delayed 2 second(s)

2018-06-04 18:37:33 - [MESSAGE][PASSED] - Delayed 2 second(s)

2018-06-04 18:37:33 - [TEST_STEP][PASSED] - Statement - batch = new com.kms.katalon.core.testobject.TestObject(): null

2018-06-04 18:37:33 - [TEST_STEP][PASSED] - Statement - batch = com.kms.katalon.core.webui.keyword.WebUiBuiltInKeywords.modifyObjectProperty(batch, "xpath", "equals", "//*[@id = "txtbthqty" + row + ""]", true): Modify property of object successfully

2018-06-04 18:37:34 - [MESSAGE][PASSED] - Modify property of object successfully

2018-06-04 18:37:34 - [TEST_STEP][PASSED] - Statement - batchqty = com.kms.katalon.core.webui.keyword.WebUiBuiltInKeywords.getAttribute(batch, "value").trim(): Attribute 'value' of object '' is: '37100'

2018-06-04 18:37:34 - [MESSAGE][PASSED] - Attribute 'value' of object '' is: '37100'

2018-06-04 18:37:34 - [TEST_STEP][PASSED] - Statement - Rqty = 100: null

2018-06-04 18:37:34 - [TEST_STEP][PASSED] - Statement - out.println("BatchQty : " + batchqty): null

2018-06-04 18:37:34 - [TEST_STEP][PASSED] - Statement - out.println("RQty : " + Rqty): null

2018-06-04 18:37:34 - [TEST_STEP][PASSED] - Statement - If (java.lang.Integer.valueOf(batchqty) >= java.lang.Integer.valueOf(Rqty)): null

2018-06-04 18:37:34 - [TEST_STEP][PASSED] - Statement - Break: null

2018-06-04 18:37:34 - [TEST_STEP][PASSED] - Statement - batchlength = new com.kms.katalon.core.testobject.TestObject(): null

2018-06-04 18:37:34 - [TEST_STEP][PASSED] - Statement - batchlength = com.kms.katalon.core.webui.keyword.WebUiBuiltInKeywords.modifyObjectProperty(batchlength, "xpath", "equals", "//*[@id = "fldvendor" + row + ""]", true): Modify property of object successfully

2018-06-04 18:37:34 - [MESSAGE][PASSED] - Modify property of object successfully

2018-06-04 18:37:34 - [TEST_STEP][PASSED] - Statement - batchsize = com.kms.katalon.core.webui.keyword.WebUiBuiltInKeywords.getNumberOfTotalOption(batchlength): 12 options of object '' counted

2018-06-04 18:37:34 - [MESSAGE][PASSED] - 12 options of object '' counted

2018-06-04 18:37:34 - [TEST_STEP][PASSED] - Statement - out.println("BatchSize : " + batchsize): null

2018-06-04 18:37:34 - [TEST_STEP][PASSED] - Statement - For ([n = 1, n <= batchsize - 1, (n++)]): null

2018-06-04 18:37:34 - [TEST_STEP][PASSED] - Statement - product = new com.kms.katalon.core.testobject.TestObject(): null

2018-06-04 18:37:34 - [TEST_STEP][PASSED] - Statement - product = com.kms.katalon.core.webui.keyword.WebUiBuiltInKeywords.modifyObjectProperty(product, "xpath", "equals", "//*[@id = "fldvendor" + row + ""]", true): Modify property of object successfully

2018-06-04 18:37:34 - [MESSAGE][PASSED] - Modify property of object successfully

2018-06-04 18:37:34 - [TEST_STEP][PASSED] - selectOptionByIndex: All options with index in [1] are selected on object ''

2018-06-04 18:37:34 - [MESSAGE][PASSED] - All options with index in [1] are selected on object ''

2018-06-04 18:37:34 - [TEST_STEP][PASSED] - delay: Delayed 2 second(s)

2018-06-04 18:37:36 - [MESSAGE][PASSED] - Delayed 2 second(s)

2018-06-04 18:37:36 - [TEST_STEP][PASSED] - Statement - batch = new com.kms.katalon.core.testobject.TestObject(): null

2018-06-04 18:37:36 - [TEST_STEP][PASSED] - Statement - batch = com.kms.katalon.core.webui.keyword.WebUiBuiltInKeywords.modifyObjectProperty(batch, "xpath", "equals", "//*[@id = "txtbthqty" + row + ""]", true): Modify property of object successfully

2018-06-04 18:37:36 - [MESSAGE][PASSED] - Modify property of object successfully

2018-06-04 18:37:36 - [TEST_STEP][PASSED] - Statement - batchqty = com.kms.katalon.core.webui.keyword.WebUiBuiltInKeywords.getAttribute(batch, "value").trim(): Attribute 'value' of object '' is: '36600'

2018-06-04 18:37:36 - [MESSAGE][PASSED] - Attribute 'value' of object '' is: '36600'

2018-06-04 18:37:36 - [TEST_STEP][PASSED] - Statement - Rqty = 100: null

2018-06-04 18:37:36 - [TEST_STEP][PASSED] - Statement - out.println("BatchQty : " + batchqty): null

2018-06-04 18:37:36 - [TEST_STEP][PASSED] - Statement - out.println("RQty : " + Rqty): null

2018-06-04 18:37:36 - [TEST_STEP][PASSED] - Statement - If (java.lang.Integer.valueOf(batchqty) >= java.lang.Integer.valueOf(Rqty)): null

2018-06-04 18:37:36 - [TEST_STEP][PASSED] - Statement - Break: null

2018-06-04 18:37:36 - [TEST_STEP][PASSED] - Statement - batchlength = new com.kms.katalon.core.testobject.TestObject(): null

2018-06-04 18:37:36 - [TEST_STEP][PASSED] - Statement - batchlength = com.kms.katalon.core.webui.keyword.WebUiBuiltInKeywords.modifyObjectProperty(batchlength, "xpath", "equals", "//*[@id = "fldvendor" + row + ""]", true): Modify property of object successfully

2018-06-04 18:37:36 - [MESSAGE][PASSED] - Modify property of object successfully

2018-06-04 18:37:36 - [TEST_STEP][PASSED] - Statement - batchsize = com.kms.katalon.core.webui.keyword.WebUiBuiltInKeywords.getNumberOfTotalOption(batchlength): 12 options of object '' counted

2018-06-04 18:37:36 - [MESSAGE][PASSED] - 12 options of object '' counted

2018-06-04 18:37:36 - [TEST_STEP][PASSED] - Statement - out.println("BatchSize : " + batchsize): null

2018-06-04 18:37:36 - [TEST_STEP][PASSED] - Statement - For ([n = 1, n <= batchsize - 1, (n++)]): null

2018-06-04 18:37:36 - [TEST_STEP][PASSED] - Statement - product = new com.kms.katalon.core.testobject.TestObject(): null

2018-06-04 18:37:36 - [TEST_STEP][PASSED] - Statement - product = com.kms.katalon.core.webui.keyword.WebUiBuiltInKeywords.modifyObjectProperty(product, "xpath", "equals", "//*[@id = "fldvendor" + row + ""]", true): Modify property of object successfully

2018-06-04 18:37:36 - [MESSAGE][PASSED] - Modify property of object successfully

2018-06-04 18:37:36 - [TEST_STEP][PASSED] - selectOptionByIndex: All options with index in [1] are selected on object ''

2018-06-04 18:37:36 - [MESSAGE][PASSED] - All options with index in [1] are selected on object ''

2018-06-04 18:37:36 - [TEST_STEP][PASSED] - delay: Delayed 2 second(s)

2018-06-04 18:37:38 - [MESSAGE][PASSED] - Delayed 2 second(s)

2018-06-04 18:37:38 - [TEST_STEP][PASSED] - Statement - batch = new com.kms.katalon.core.testobject.TestObject(): null

2018-06-04 18:37:38 - [TEST_STEP][PASSED] - Statement - batch = com.kms.katalon.core.webui.keyword.WebUiBuiltInKeywords.modifyObjectProperty(batch, "xpath", "equals", "//*[@id = "txtbthqty" + row + ""]", true): Modify property of object successfully

2018-06-04 18:37:38 - [MESSAGE][PASSED] - Modify property of object successfully

2018-06-04 18:37:38 - [TEST_STEP][PASSED] - Statement - batchqty = com.kms.katalon.core.webui.keyword.WebUiBuiltInKeywords.getAttribute(batch, "value").trim(): Attribute 'value' of object '' is: '3800'

2018-06-04 18:37:38 - [MESSAGE][PASSED] - Attribute 'value' of object '' is: '3800'

2018-06-04 18:37:38 - [TEST_STEP][PASSED] - Statement - Rqty = 100: null

2018-06-04 18:37:38 - [TEST_STEP][PASSED] - Statement - out.println("BatchQty : " + batchqty): null

2018-06-04 18:37:38 - [TEST_STEP][PASSED] - Statement - out.println("RQty : " + Rqty): null

2018-06-04 18:37:38 - [TEST_STEP][PASSED] - Statement - If (java.lang.Integer.valueOf(batchqty) >= java.lang.Integer.valueOf(Rqty)): null

2018-06-04 18:37:38 - [TEST_STEP][PASSED] - Statement - Break: null

2018-06-04 18:37:38 - [TEST_STEP][PASSED] - Statement - batchlength = new com.kms.katalon.core.testobject.TestObject(): null

2018-06-04 18:37:38 - [TEST_STEP][PASSED] - Statement - batchlength = com.kms.katalon.core.webui.keyword.WebUiBuiltInKeywords.modifyObjectProperty(batchlength, "xpath", "equals", "//*[@id = "fldvendor" + row + ""]", true): Modify property of object successfully

2018-06-04 18:37:38 - [MESSAGE][PASSED] - Modify property of object successfully

2018-06-04 18:37:38 - [TEST_STEP][PASSED] - Statement - batchsize = com.kms.katalon.core.webui.keyword.WebUiBuiltInKeywords.getNumberOfTotalOption(batchlength): 12 options of object '' counted

2018-06-04 18:37:38 - [MESSAGE][PASSED] - 12 options of object '' counted

2018-06-04 18:37:38 - [TEST_STEP][PASSED] - Statement - out.println("BatchSize : " + batchsize): null

2018-06-04 18:37:38 - [TEST_STEP][PASSED] - Statement - For ([n = 1, n <= batchsize - 1, (n++)]): null

2018-06-04 18:37:38 - [TEST_STEP][PASSED] - Statement - product = new com.kms.katalon.core.testobject.TestObject(): null

2018-06-04 18:37:38 - [TEST_STEP][PASSED] - Statement - product = com.kms.katalon.core.webui.keyword.WebUiBuiltInKeywords.modifyObjectProperty(product, "xpath", "equals", "//*[@id = "fldvendor" + row + ""]", true): Modify property of object successfully

2018-06-04 18:37:38 - [MESSAGE][PASSED] - Modify property of object successfully

2018-06-04 18:37:38 - [TEST_STEP][PASSED] - selectOptionByIndex: All options with index in [1] are selected on object ''

2018-06-04 18:37:38 - [MESSAGE][PASSED] - All options with index in [1] are selected on object ''

2018-06-04 18:37:38 - [TEST_STEP][PASSED] - delay: Delayed 2 second(s)

2018-06-04 18:37:40 - [MESSAGE][PASSED] - Delayed 2 second(s)

2018-06-04 18:37:40 - [TEST_STEP][PASSED] - Statement - batch = new com.kms.katalon.core.testobject.TestObject(): null

2018-06-04 18:37:40 - [TEST_STEP][PASSED] - Statement - batch = com.kms.katalon.core.webui.keyword.WebUiBuiltInKeywords.modifyObjectProperty(batch, "xpath", "equals", "//*[@id = "txtbthqty" + row + ""]", true): Modify property of object successfully

2018-06-04 18:37:40 - [MESSAGE][PASSED] - Modify property of object successfully

2018-06-04 18:37:40 - [TEST_STEP][PASSED] - Statement - batchqty = com.kms.katalon.core.webui.keyword.WebUiBuiltInKeywords.getAttribute(batch, "value").trim(): Attribute 'value' of object '' is: '3800'

2018-06-04 18:37:41 - [MESSAGE][PASSED] - Attribute 'value' of object '' is: '3800'

2018-06-04 18:37:41 - [TEST_STEP][PASSED] - Statement - Rqty = 100: null

2018-06-04 18:37:41 - [TEST_STEP][PASSED] - Statement - out.println("BatchQty : " + batchqty): null

2018-06-04 18:37:41 - [TEST_STEP][PASSED] - Statement - out.println("RQty : " + Rqty): null

2018-06-04 18:37:41 - [TEST_STEP][PASSED] - Statement - If (java.lang.Integer.valueOf(batchqty) >= java.lang.Integer.valueOf(Rqty)): null

2018-06-04 18:37:41 - [TEST_STEP][PASSED] - Statement - Break: null

2018-06-04 18:37:41 - [TEST_STEP][PASSED] - click: Object: 'Object Repository/store Request Schedule 1/Page_KDMC - CMS/input_btndispatch' is clicked on

2018-06-04 18:37:41 - [MESSAGE][PASSED] - Object: 'Object Repository/store Request Schedule 1/Page_KDMC - CMS/input_btndispatch' is clicked on

2018-06-04 18:37:41 - [TEST_STEP][PASSED] - waitForElementVisible: Object 'Object Repository/store Request Schedule 1/Page_KDMC - CMS/button_OK' is visible

2018-06-04 18:37:45 - [MESSAGE][PASSED] - Object 'Object Repository/store Request Schedule 1/Page_KDMC - CMS/button_OK' is visible

2018-06-04 18:37:45 - [TEST_STEP][PASSED] - click: Object: 'Object Repository/store Request Schedule 1/Page_KDMC - CMS/button_OK' is clicked on

2018-06-04 18:37:45 - [MESSAGE][PASSED] - Object: 'Object Repository/store Request Schedule 1/Page_KDMC - CMS/button_OK' is clicked on

2018-06-04 18:37:45 - [TEST_STEP][PASSED] - delay: Delayed 3 second(s)

2018-06-04 18:37:48 - [MESSAGE][PASSED] - Delayed 3 second(s)

2018-06-04 18:37:48 - [TEST_STEP][PASSED] - click: Object: 'Object Repository/store Request Schedule 1/Page_KDMC - CMS/a_dropdown-toggle' is clicked on

2018-06-04 18:37:48 - [MESSAGE][PASSED] - Object: 'Object Repository/store Request Schedule 1/Page_KDMC - CMS/a_dropdown-toggle' is clicked on

2018-06-04 18:37:48 - [TEST_STEP][PASSED] - click: Object: 'Object Repository/store Request Schedule 1/Page_KDMC - CMS/a_Sign out' is clicked on

2018-06-04 18:37:49 - [MESSAGE][PASSED] - Object: 'Object Repository/store Request Schedule 1/Page_KDMC - CMS/a_Sign out' is clicked on

2018-06-04 18:37:49 - [TEST_STEP][PASSED] - delay: Delayed 3 second(s)

2018-06-04 18:37:52 - [MESSAGE][PASSED] - Delayed 3 second(s)

2018-06-04 18:37:52 - [TEST_STEP][PASSED] - click: Object: 'Object Repository/Store Request Schedule 1/Page_KDMC/a_Divisional Store' is clicked on

2018-06-04 18:37:52 - [MESSAGE][PASSED] - Object: 'Object Repository/Store Request Schedule 1/Page_KDMC/a_Divisional Store' is clicked on

2018-06-04 18:37:52 - [TEST_STEP][PASSED] - setText: Text 'ragu' is set on object 'Object Repository/Store Request Schedule 1/Page_Divisonal Store Login/input_txtusername'

2018-06-04 18:37:52 - [MESSAGE][PASSED] - Text 'ragu' is set on object 'Object Repository/Store Request Schedule 1/Page_Divisonal Store Login/input_txtusername'

2018-06-04 18:37:52 - [TEST_STEP][PASSED] - setText: Text '123' is set on object 'Object Repository/Store Request Schedule 1/Page_Divisonal Store Login/input_txtpassword'

2018-06-04 18:37:52 - [MESSAGE][PASSED] - Text '123' is set on object 'Object Repository/Store Request Schedule 1/Page_Divisonal Store Login/input_txtpassword'

2018-06-04 18:37:52 - [TEST_STEP][PASSED] - waitForElementVisible: Object 'Object Repository/Store Request Schedule 1/Page_Divisonal Store Login/button_Sign in' is visible

2018-06-04 18:37:53 - [MESSAGE][PASSED] - Object 'Object Repository/Store Request Schedule 1/Page_Divisonal Store Login/button_Sign in' is visible

2018-06-04 18:37:53 - [TEST_STEP][FAILED] - click: Unable to click on object 'Object Repository/Store Request Schedule 1/Page_Divisonal Store Login/button_Sign in' (Root cause: org.openqa.selenium.WebDriverException: unknown error: Element <button type="submit" id="btnSubmit" style="color: #ffffff;" class="btn bg-blue btn-block">...</button> is not clickable at point (791, 568). Other element would receive the click: <div style="position: absolute; display: block; width: auto; height: auto; padding: 0px; margin: 0px; text-align: left; border: none; border-radius: 0px; z-index: 2147483646; font-size: 0px; left: 631.5px; top: 493px;">...</div>
  (Session info: chrome=66.0.3359.181)
  (Driver info: chromedriver=2.35.528161 (5b82f2d2aae0ca24b877009200ced9065a772e73),platform=Windows NT 10.0.17134 x86_64) (WARNING: The server did not provide any stacktrace information)
Command duration or timeout: 0 milliseconds
Build info: version: '3.7.1', revision: '8a0099a', time: '2017-11-06T21:07:36.161Z'
System info: host: 'DESKTOP-BLFTK83', ip: '169.254.189.85', os.name: 'Windows 10', os.arch: 'amd64', os.version: '10.0', java.version: '1.8.0_102'
Driver info: com.kms.katalon.selenium.driver.CChromeDriver
Capabilities {acceptInsecureCerts: false, acceptSslCerts: false, applicationCacheEnabled: false, browserConnectionEnabled: false, browserName: chrome, chrome: {chromedriverVersion: 2.35.528161 (5b82f2d2aae0ca..., userDataDir: C:\Users\QUALIT~1\AppData\L...}, cssSelectorsEnabled: true, databaseEnabled: false, handlesAlerts: true, hasTouchScreen: false, javascriptEnabled: true, locationContextEnabled: true, mobileEmulationEnabled: false, nativeEvents: true, networkConnectionEnabled: false, pageLoadStrategy: normal, platform: XP, platformName: XP, rotatable: false, setWindowRect: true, takesHeapSnapshot: true, takesScreenshot: true, unexpectedAlertBehaviour: , unhandledPromptBehavior: , version: 66.0.3359.181, webStorageEnabled: true}
Session ID: ef78e8e094aa143e074b5b716a5c2468)

2018-06-04 18:37:53 - [MESSAGE][FAILED] - Unable to click on object 'Object Repository/Store Request Schedule 1/Page_Divisonal Store Login/button_Sign in' (Root cause: org.openqa.selenium.WebDriverException: unknown error: Element <button type="submit" id="btnSubmit" style="color: #ffffff;" class="btn bg-blue btn-block">...</button> is not clickable at point (791, 568). Other element would receive the click: <div style="position: absolute; display: block; width: auto; height: auto; padding: 0px; margin: 0px; text-align: left; border: none; border-radius: 0px; z-index: 2147483646; font-size: 0px; left: 631.5px; top: 493px;">...</div>
  (Session info: chrome=66.0.3359.181)
  (Driver info: chromedriver=2.35.528161 (5b82f2d2aae0ca24b877009200ced9065a772e73),platform=Windows NT 10.0.17134 x86_64) (WARNING: The server did not provide any stacktrace information)
Command duration or timeout: 0 milliseconds
Build info: version: '3.7.1', revision: '8a0099a', time: '2017-11-06T21:07:36.161Z'
System info: host: 'DESKTOP-BLFTK83', ip: '169.254.189.85', os.name: 'Windows 10', os.arch: 'amd64', os.version: '10.0', java.version: '1.8.0_102'
Driver info: com.kms.katalon.selenium.driver.CChromeDriver
Capabilities {acceptInsecureCerts: false, acceptSslCerts: false, applicationCacheEnabled: false, browserConnectionEnabled: false, browserName: chrome, chrome: {chromedriverVersion: 2.35.528161 (5b82f2d2aae0ca..., userDataDir: C:\Users\QUALIT~1\AppData\L...}, cssSelectorsEnabled: true, databaseEnabled: false, handlesAlerts: true, hasTouchScreen: false, javascriptEnabled: true, locationContextEnabled: true, mobileEmulationEnabled: false, nativeEvents: true, networkConnectionEnabled: false, pageLoadStrategy: normal, platform: XP, platformName: XP, rotatable: false, setWindowRect: true, takesHeapSnapshot: true, takesScreenshot: true, unexpectedAlertBehaviour: , unhandledPromptBehavior: , version: 66.0.3359.181, webStorageEnabled: true}
Session ID: ef78e8e094aa143e074b5b716a5c2468)
[[ATTACHMENT|C:\\Users\\Quality Analyst\\Katalon Studio\\ds\\Reports\\Store_Suit\\20180604_183202\\1528117673140.png]]]]></system-out>
         <system-err><![CDATA[2018-06-04 18:32:13 - [TEST_CASE][FAILED] - Test Cases/STORE TO CMS REQUEST TEST CASES/TC_STCMS_001 To Verify Schedule 1 Store To CMS Request Are Working Successfully Or Not: Test Cases/STORE TO CMS REQUEST TEST CASES/TC_STCMS_001 To Verify Schedule 1 Store To CMS Request Are Working Successfully Or Not FAILED because (of) Unable to click on object 'Object Repository/Store Request Schedule 1/Page_Divisonal Store Login/button_Sign in' (Root cause: org.openqa.selenium.WebDriverException: unknown error: Element <button type="submit" id="btnSubmit" style="color: #ffffff;" class="btn bg-blue btn-block">...</button> is not clickable at point (791, 568). Other element would receive the click: <div style="position: absolute; display: block; width: auto; height: auto; padding: 0px; margin: 0px; text-align: left; border: none; border-radius: 0px; z-index: 2147483646; font-size: 0px; left: 631.5px; top: 493px;">...</div>
  (Session info: chrome=66.0.3359.181)
  (Driver info: chromedriver=2.35.528161 (5b82f2d2aae0ca24b877009200ced9065a772e73),platform=Windows NT 10.0.17134 x86_64) (WARNING: The server did not provide any stacktrace information)
Command duration or timeout: 0 milliseconds
Build info: version: '3.7.1', revision: '8a0099a', time: '2017-11-06T21:07:36.161Z'
System info: host: 'DESKTOP-BLFTK83', ip: '169.254.189.85', os.name: 'Windows 10', os.arch: 'amd64', os.version: '10.0', java.version: '1.8.0_102'
Driver info: com.kms.katalon.selenium.driver.CChromeDriver
Capabilities {acceptInsecureCerts: false, acceptSslCerts: false, applicationCacheEnabled: false, browserConnectionEnabled: false, browserName: chrome, chrome: {chromedriverVersion: 2.35.528161 (5b82f2d2aae0ca..., userDataDir: C:\Users\QUALIT~1\AppData\L...}, cssSelectorsEnabled: true, databaseEnabled: false, handlesAlerts: true, hasTouchScreen: false, javascriptEnabled: true, locationContextEnabled: true, mobileEmulationEnabled: false, nativeEvents: true, networkConnectionEnabled: false, pageLoadStrategy: normal, platform: XP, platformName: XP, rotatable: false, setWindowRect: true, takesHeapSnapshot: true, takesScreenshot: true, unexpectedAlertBehaviour: , unhandledPromptBehavior: , version: 66.0.3359.181, webStorageEnabled: true}
Session ID: ef78e8e094aa143e074b5b716a5c2468)]]></system-err>
      </testcase>
      <testcase name="Test Cases/STORE TO CMS REQUEST TEST CASES/TC_STCMS_002 To Verify Schedule 2 Store To CMS Request Are Working Successfully Or Not" classname="Test Cases/STORE TO CMS REQUEST TEST CASES/TC_STCMS_002 To Verify Schedule 2 Store To CMS Request Are Working Successfully Or Not" status="PASSED">
         <system-out><![CDATA[2018-06-04 18:37:53 - [TEST_CASE][PASSED] - Test Cases/STORE TO CMS REQUEST TEST CASES/TC_STCMS_002 To Verify Schedule 2 Store To CMS Request Are Working Successfully Or Not: Test Cases/STORE TO CMS REQUEST TEST CASES/TC_STCMS_002 To Verify Schedule 2 Store To CMS Request Are Working Successfully Or Not

2018-06-04 18:37:54 - [TEST_STEP][PASSED] - openBrowser: Browser is opened with url: ''

2018-06-04 18:37:54 - [MESSAGE][WARNING] - A browser is already opened. Closing browser and opening a new one

2018-06-04 18:37:57 - [MESSAGE][PASSED] - Browser is opened with url: ''

2018-06-04 18:37:57 - [TEST_STEP][PASSED] - Statement - out.println("Verify Schedule 2 Store Request Are Working Successfully Or Not"): null

2018-06-04 18:37:57 - [TEST_STEP][PASSED] - navigateToUrl: Navigate to 'http://192.168.137.1/multihospital_new/' successfully

2018-06-04 18:37:58 - [MESSAGE][PASSED] - Navigate to 'http://192.168.137.1/multihospital_new/' successfully

2018-06-04 18:37:58 - [TEST_STEP][PASSED] - maximizeWindow: Current window maximized

2018-06-04 18:37:59 - [MESSAGE][PASSED] - Current window maximized

2018-06-04 18:37:59 - [TEST_STEP][PASSED] - click: Object: 'Object Repository/Store Request Schedule 1/Page_KDMC/a_Divisional Store' is clicked on

2018-06-04 18:38:00 - [MESSAGE][PASSED] - Object: 'Object Repository/Store Request Schedule 1/Page_KDMC/a_Divisional Store' is clicked on

2018-06-04 18:38:00 - [TEST_STEP][PASSED] - setText: Text 'ragu' is set on object 'Object Repository/Store Request Schedule 1/Page_Divisonal Store Login/input_txtusername'

2018-06-04 18:38:01 - [MESSAGE][PASSED] - Text 'ragu' is set on object 'Object Repository/Store Request Schedule 1/Page_Divisonal Store Login/input_txtusername'

2018-06-04 18:38:01 - [TEST_STEP][PASSED] - setText: Text '123' is set on object 'Object Repository/Store Request Schedule 1/Page_Divisonal Store Login/input_txtpassword'

2018-06-04 18:38:01 - [MESSAGE][PASSED] - Text '123' is set on object 'Object Repository/Store Request Schedule 1/Page_Divisonal Store Login/input_txtpassword'

2018-06-04 18:38:01 - [TEST_STEP][PASSED] - delay: Delayed 3 second(s)

2018-06-04 18:38:04 - [MESSAGE][PASSED] - Delayed 3 second(s)

2018-06-04 18:38:04 - [TEST_STEP][PASSED] - click: Object: 'Object Repository/Store Request Schedule 1/Page_Divisonal Store Login/button_Sign in' is clicked on

2018-06-04 18:38:05 - [MESSAGE][PASSED] - Object: 'Object Repository/Store Request Schedule 1/Page_Divisonal Store Login/button_Sign in' is clicked on

2018-06-04 18:38:05 - [TEST_STEP][PASSED] - delay: Delayed 3 second(s)

2018-06-04 18:38:08 - [MESSAGE][PASSED] - Delayed 3 second(s)

2018-06-04 18:38:08 - [TEST_STEP][PASSED] - click: Object: 'Object Repository/Store Request Schedule 1/Page_Store/a_CMS' is clicked on

2018-06-04 18:38:08 - [MESSAGE][PASSED] - Object: 'Object Repository/Store Request Schedule 1/Page_Store/a_CMS' is clicked on

2018-06-04 18:38:08 - [TEST_STEP][PASSED] - delay: Delayed 2 second(s)

2018-06-04 18:38:10 - [MESSAGE][PASSED] - Delayed 2 second(s)

2018-06-04 18:38:10 - [TEST_STEP][PASSED] - click: Object: 'Object Repository/Store Request Schedule 1/Page_Store/a_Request Send' is clicked on

2018-06-04 18:38:11 - [MESSAGE][PASSED] - Object: 'Object Repository/Store Request Schedule 1/Page_Store/a_Request Send' is clicked on

2018-06-04 18:38:11 - [TEST_STEP][PASSED] - selectOptionByIndex: All options with index in [1] are selected on object 'Object Repository/Store Request Schedule 1/Page_Store/select_--Select--'

2018-06-04 18:38:12 - [MESSAGE][PASSED] - All options with index in [1] are selected on object 'Object Repository/Store Request Schedule 1/Page_Store/select_--Select--'

2018-06-04 18:38:12 - [TEST_STEP][PASSED] - selectOptionByIndex: All options with index in [2] are selected on object 'Object Repository/Store Request Schedule 1/Page_Store/select_--Select--Schedule 1Inj'

2018-06-04 18:38:12 - [MESSAGE][PASSED] - All options with index in [2] are selected on object 'Object Repository/Store Request Schedule 1/Page_Store/select_--Select--Schedule 1Inj'

2018-06-04 18:38:12 - [TEST_STEP][PASSED] - Statement - SelectedOptions = com.kms.katalon.core.webui.keyword.WebUiBuiltInKeywords.getNumberOfTotalOption(com.kms.katalon.core.testobject.ObjectRepository.findTestObject(Store Request Schedule 1/Page_Store/select_--Select--Adernaline 0.)): 73 options of object 'Object Repository/Store Request Schedule 1/Page_Store/select_--Select--Adernaline 0.' counted

2018-06-04 18:38:12 - [MESSAGE][PASSED] - 73 options of object 'Object Repository/Store Request Schedule 1/Page_Store/select_--Select--Adernaline 0.' counted

2018-06-04 18:38:12 - [TEST_STEP][PASSED] - Statement - For ([y = 1, y < SelectedOptions, (y++)]): Object: 'Object Repository/Store Request Schedule 1/Page_Store/button_Add' is clicked on

2018-06-04 18:38:12 - [TEST_STEP][PASSED] - selectOptionByIndex: All options with index in [2] are selected on object 'Object Repository/Store Request Schedule 1/Page_Store/select_--Select--Schedule 1Inj'

2018-06-04 18:38:12 - [MESSAGE][PASSED] - All options with index in [2] are selected on object 'Object Repository/Store Request Schedule 1/Page_Store/select_--Select--Schedule 1Inj'

2018-06-04 18:38:12 - [TEST_STEP][PASSED] - delay: Delayed 1 second(s)

2018-06-04 18:38:13 - [MESSAGE][PASSED] - Delayed 1 second(s)

2018-06-04 18:38:13 - [TEST_STEP][PASSED] - selectOptionByIndex: All options with index in [1] are selected on object 'Object Repository/Store Request Schedule 1/Page_Store/select_--Select--Adernaline 0.'

2018-06-04 18:38:13 - [MESSAGE][PASSED] - All options with index in [1] are selected on object 'Object Repository/Store Request Schedule 1/Page_Store/select_--Select--Adernaline 0.'

2018-06-04 18:38:13 - [TEST_STEP][PASSED] - setText: Text '100' is set on object 'Object Repository/Store Request Schedule 1/Page_Store/input_txttreat'

2018-06-04 18:38:13 - [MESSAGE][PASSED] - Text '100' is set on object 'Object Repository/Store Request Schedule 1/Page_Store/input_txttreat'

2018-06-04 18:38:13 - [TEST_STEP][PASSED] - click: Object: 'Object Repository/Store Request Schedule 1/Page_Store/button_Add' is clicked on

2018-06-04 18:38:13 - [MESSAGE][PASSED] - Object: 'Object Repository/Store Request Schedule 1/Page_Store/button_Add' is clicked on

2018-06-04 18:38:13 - [TEST_STEP][PASSED] - selectOptionByIndex: All options with index in [2] are selected on object 'Object Repository/Store Request Schedule 1/Page_Store/select_--Select--Schedule 1Inj'

2018-06-04 18:38:14 - [MESSAGE][PASSED] - All options with index in [2] are selected on object 'Object Repository/Store Request Schedule 1/Page_Store/select_--Select--Schedule 1Inj'

2018-06-04 18:38:14 - [TEST_STEP][PASSED] - delay: Delayed 1 second(s)

2018-06-04 18:38:15 - [MESSAGE][PASSED] - Delayed 1 second(s)

2018-06-04 18:38:15 - [TEST_STEP][PASSED] - selectOptionByIndex: All options with index in [2] are selected on object 'Object Repository/Store Request Schedule 1/Page_Store/select_--Select--Adernaline 0.'

2018-06-04 18:38:15 - [MESSAGE][PASSED] - All options with index in [2] are selected on object 'Object Repository/Store Request Schedule 1/Page_Store/select_--Select--Adernaline 0.'

2018-06-04 18:38:15 - [TEST_STEP][PASSED] - setText: Text '100' is set on object 'Object Repository/Store Request Schedule 1/Page_Store/input_txttreat'

2018-06-04 18:38:15 - [MESSAGE][PASSED] - Text '100' is set on object 'Object Repository/Store Request Schedule 1/Page_Store/input_txttreat'

2018-06-04 18:38:15 - [TEST_STEP][PASSED] - click: Object: 'Object Repository/Store Request Schedule 1/Page_Store/button_Add' is clicked on

2018-06-04 18:38:15 - [MESSAGE][PASSED] - Object: 'Object Repository/Store Request Schedule 1/Page_Store/button_Add' is clicked on

2018-06-04 18:38:15 - [TEST_STEP][PASSED] - selectOptionByIndex: All options with index in [2] are selected on object 'Object Repository/Store Request Schedule 1/Page_Store/select_--Select--Schedule 1Inj'

2018-06-04 18:38:15 - [MESSAGE][PASSED] - All options with index in [2] are selected on object 'Object Repository/Store Request Schedule 1/Page_Store/select_--Select--Schedule 1Inj'

2018-06-04 18:38:15 - [TEST_STEP][PASSED] - delay: Delayed 1 second(s)

2018-06-04 18:38:16 - [MESSAGE][PASSED] - Delayed 1 second(s)

2018-06-04 18:38:16 - [TEST_STEP][PASSED] - selectOptionByIndex: All options with index in [3] are selected on object 'Object Repository/Store Request Schedule 1/Page_Store/select_--Select--Adernaline 0.'

2018-06-04 18:38:16 - [MESSAGE][PASSED] - All options with index in [3] are selected on object 'Object Repository/Store Request Schedule 1/Page_Store/select_--Select--Adernaline 0.'

2018-06-04 18:38:16 - [TEST_STEP][PASSED] - setText: Text '100' is set on object 'Object Repository/Store Request Schedule 1/Page_Store/input_txttreat'

2018-06-04 18:38:16 - [MESSAGE][PASSED] - Text '100' is set on object 'Object Repository/Store Request Schedule 1/Page_Store/input_txttreat'

2018-06-04 18:38:16 - [TEST_STEP][PASSED] - click: Object: 'Object Repository/Store Request Schedule 1/Page_Store/button_Add' is clicked on

2018-06-04 18:38:16 - [MESSAGE][PASSED] - Object: 'Object Repository/Store Request Schedule 1/Page_Store/button_Add' is clicked on

2018-06-04 18:38:16 - [TEST_STEP][PASSED] - selectOptionByIndex: All options with index in [2] are selected on object 'Object Repository/Store Request Schedule 1/Page_Store/select_--Select--Schedule 1Inj'

2018-06-04 18:38:16 - [MESSAGE][PASSED] - All options with index in [2] are selected on object 'Object Repository/Store Request Schedule 1/Page_Store/select_--Select--Schedule 1Inj'

2018-06-04 18:38:16 - [TEST_STEP][PASSED] - delay: Delayed 1 second(s)

2018-06-04 18:38:17 - [MESSAGE][PASSED] - Delayed 1 second(s)

2018-06-04 18:38:17 - [TEST_STEP][PASSED] - selectOptionByIndex: All options with index in [4] are selected on object 'Object Repository/Store Request Schedule 1/Page_Store/select_--Select--Adernaline 0.'

2018-06-04 18:38:18 - [MESSAGE][PASSED] - All options with index in [4] are selected on object 'Object Repository/Store Request Schedule 1/Page_Store/select_--Select--Adernaline 0.'

2018-06-04 18:38:18 - [TEST_STEP][PASSED] - setText: Text '100' is set on object 'Object Repository/Store Request Schedule 1/Page_Store/input_txttreat'

2018-06-04 18:38:18 - [MESSAGE][PASSED] - Text '100' is set on object 'Object Repository/Store Request Schedule 1/Page_Store/input_txttreat'

2018-06-04 18:38:18 - [TEST_STEP][PASSED] - click: Object: 'Object Repository/Store Request Schedule 1/Page_Store/button_Add' is clicked on

2018-06-04 18:38:18 - [MESSAGE][PASSED] - Object: 'Object Repository/Store Request Schedule 1/Page_Store/button_Add' is clicked on

2018-06-04 18:38:18 - [TEST_STEP][PASSED] - selectOptionByIndex: All options with index in [2] are selected on object 'Object Repository/Store Request Schedule 1/Page_Store/select_--Select--Schedule 1Inj'

2018-06-04 18:38:18 - [MESSAGE][PASSED] - All options with index in [2] are selected on object 'Object Repository/Store Request Schedule 1/Page_Store/select_--Select--Schedule 1Inj'

2018-06-04 18:38:18 - [TEST_STEP][PASSED] - delay: Delayed 1 second(s)

2018-06-04 18:38:19 - [MESSAGE][PASSED] - Delayed 1 second(s)

2018-06-04 18:38:19 - [TEST_STEP][PASSED] - selectOptionByIndex: All options with index in [5] are selected on object 'Object Repository/Store Request Schedule 1/Page_Store/select_--Select--Adernaline 0.'

2018-06-04 18:38:19 - [MESSAGE][PASSED] - All options with index in [5] are selected on object 'Object Repository/Store Request Schedule 1/Page_Store/select_--Select--Adernaline 0.'

2018-06-04 18:38:19 - [TEST_STEP][PASSED] - setText: Text '100' is set on object 'Object Repository/Store Request Schedule 1/Page_Store/input_txttreat'

2018-06-04 18:38:19 - [MESSAGE][PASSED] - Text '100' is set on object 'Object Repository/Store Request Schedule 1/Page_Store/input_txttreat'

2018-06-04 18:38:19 - [TEST_STEP][PASSED] - click: Object: 'Object Repository/Store Request Schedule 1/Page_Store/button_Add' is clicked on

2018-06-04 18:38:19 - [MESSAGE][PASSED] - Object: 'Object Repository/Store Request Schedule 1/Page_Store/button_Add' is clicked on

2018-06-04 18:38:19 - [TEST_STEP][PASSED] - selectOptionByIndex: All options with index in [2] are selected on object 'Object Repository/Store Request Schedule 1/Page_Store/select_--Select--Schedule 1Inj'

2018-06-04 18:38:19 - [MESSAGE][PASSED] - All options with index in [2] are selected on object 'Object Repository/Store Request Schedule 1/Page_Store/select_--Select--Schedule 1Inj'

2018-06-04 18:38:19 - [TEST_STEP][PASSED] - delay: Delayed 1 second(s)

2018-06-04 18:38:20 - [MESSAGE][PASSED] - Delayed 1 second(s)

2018-06-04 18:38:20 - [TEST_STEP][PASSED] - selectOptionByIndex: All options with index in [6] are selected on object 'Object Repository/Store Request Schedule 1/Page_Store/select_--Select--Adernaline 0.'

2018-06-04 18:38:21 - [MESSAGE][PASSED] - All options with index in [6] are selected on object 'Object Repository/Store Request Schedule 1/Page_Store/select_--Select--Adernaline 0.'

2018-06-04 18:38:21 - [TEST_STEP][PASSED] - setText: Text '100' is set on object 'Object Repository/Store Request Schedule 1/Page_Store/input_txttreat'

2018-06-04 18:38:21 - [MESSAGE][PASSED] - Text '100' is set on object 'Object Repository/Store Request Schedule 1/Page_Store/input_txttreat'

2018-06-04 18:38:21 - [TEST_STEP][PASSED] - click: Object: 'Object Repository/Store Request Schedule 1/Page_Store/button_Add' is clicked on

2018-06-04 18:38:21 - [MESSAGE][PASSED] - Object: 'Object Repository/Store Request Schedule 1/Page_Store/button_Add' is clicked on

2018-06-04 18:38:21 - [TEST_STEP][PASSED] - selectOptionByIndex: All options with index in [2] are selected on object 'Object Repository/Store Request Schedule 1/Page_Store/select_--Select--Schedule 1Inj'

2018-06-04 18:38:21 - [MESSAGE][PASSED] - All options with index in [2] are selected on object 'Object Repository/Store Request Schedule 1/Page_Store/select_--Select--Schedule 1Inj'

2018-06-04 18:38:21 - [TEST_STEP][PASSED] - delay: Delayed 1 second(s)

2018-06-04 18:38:22 - [MESSAGE][PASSED] - Delayed 1 second(s)

2018-06-04 18:38:22 - [TEST_STEP][PASSED] - selectOptionByIndex: All options with index in [7] are selected on object 'Object Repository/Store Request Schedule 1/Page_Store/select_--Select--Adernaline 0.'

2018-06-04 18:38:22 - [MESSAGE][PASSED] - All options with index in [7] are selected on object 'Object Repository/Store Request Schedule 1/Page_Store/select_--Select--Adernaline 0.'

2018-06-04 18:38:22 - [TEST_STEP][PASSED] - setText: Text '100' is set on object 'Object Repository/Store Request Schedule 1/Page_Store/input_txttreat'

2018-06-04 18:38:22 - [MESSAGE][PASSED] - Text '100' is set on object 'Object Repository/Store Request Schedule 1/Page_Store/input_txttreat'

2018-06-04 18:38:22 - [TEST_STEP][PASSED] - click: Object: 'Object Repository/Store Request Schedule 1/Page_Store/button_Add' is clicked on

2018-06-04 18:38:22 - [MESSAGE][PASSED] - Object: 'Object Repository/Store Request Schedule 1/Page_Store/button_Add' is clicked on

2018-06-04 18:38:22 - [TEST_STEP][PASSED] - selectOptionByIndex: All options with index in [2] are selected on object 'Object Repository/Store Request Schedule 1/Page_Store/select_--Select--Schedule 1Inj'

2018-06-04 18:38:22 - [MESSAGE][PASSED] - All options with index in [2] are selected on object 'Object Repository/Store Request Schedule 1/Page_Store/select_--Select--Schedule 1Inj'

2018-06-04 18:38:22 - [TEST_STEP][PASSED] - delay: Delayed 1 second(s)

2018-06-04 18:38:23 - [MESSAGE][PASSED] - Delayed 1 second(s)

2018-06-04 18:38:23 - [TEST_STEP][PASSED] - selectOptionByIndex: All options with index in [8] are selected on object 'Object Repository/Store Request Schedule 1/Page_Store/select_--Select--Adernaline 0.'

2018-06-04 18:38:24 - [MESSAGE][PASSED] - All options with index in [8] are selected on object 'Object Repository/Store Request Schedule 1/Page_Store/select_--Select--Adernaline 0.'

2018-06-04 18:38:24 - [TEST_STEP][PASSED] - setText: Text '100' is set on object 'Object Repository/Store Request Schedule 1/Page_Store/input_txttreat'

2018-06-04 18:38:24 - [MESSAGE][PASSED] - Text '100' is set on object 'Object Repository/Store Request Schedule 1/Page_Store/input_txttreat'

2018-06-04 18:38:24 - [TEST_STEP][PASSED] - click: Object: 'Object Repository/Store Request Schedule 1/Page_Store/button_Add' is clicked on

2018-06-04 18:38:24 - [MESSAGE][PASSED] - Object: 'Object Repository/Store Request Schedule 1/Page_Store/button_Add' is clicked on

2018-06-04 18:38:24 - [TEST_STEP][PASSED] - selectOptionByIndex: All options with index in [2] are selected on object 'Object Repository/Store Request Schedule 1/Page_Store/select_--Select--Schedule 1Inj'

2018-06-04 18:38:24 - [MESSAGE][PASSED] - All options with index in [2] are selected on object 'Object Repository/Store Request Schedule 1/Page_Store/select_--Select--Schedule 1Inj'

2018-06-04 18:38:24 - [TEST_STEP][PASSED] - delay: Delayed 1 second(s)

2018-06-04 18:38:25 - [MESSAGE][PASSED] - Delayed 1 second(s)

2018-06-04 18:38:25 - [TEST_STEP][PASSED] - selectOptionByIndex: All options with index in [9] are selected on object 'Object Repository/Store Request Schedule 1/Page_Store/select_--Select--Adernaline 0.'

2018-06-04 18:38:25 - [MESSAGE][PASSED] - All options with index in [9] are selected on object 'Object Repository/Store Request Schedule 1/Page_Store/select_--Select--Adernaline 0.'

2018-06-04 18:38:25 - [TEST_STEP][PASSED] - setText: Text '100' is set on object 'Object Repository/Store Request Schedule 1/Page_Store/input_txttreat'

2018-06-04 18:38:25 - [MESSAGE][PASSED] - Text '100' is set on object 'Object Repository/Store Request Schedule 1/Page_Store/input_txttreat'

2018-06-04 18:38:25 - [TEST_STEP][PASSED] - click: Object: 'Object Repository/Store Request Schedule 1/Page_Store/button_Add' is clicked on

2018-06-04 18:38:25 - [MESSAGE][PASSED] - Object: 'Object Repository/Store Request Schedule 1/Page_Store/button_Add' is clicked on

2018-06-04 18:38:25 - [TEST_STEP][PASSED] - selectOptionByIndex: All options with index in [2] are selected on object 'Object Repository/Store Request Schedule 1/Page_Store/select_--Select--Schedule 1Inj'

2018-06-04 18:38:26 - [MESSAGE][PASSED] - All options with index in [2] are selected on object 'Object Repository/Store Request Schedule 1/Page_Store/select_--Select--Schedule 1Inj'

2018-06-04 18:38:26 - [TEST_STEP][PASSED] - delay: Delayed 1 second(s)

2018-06-04 18:38:27 - [MESSAGE][PASSED] - Delayed 1 second(s)

2018-06-04 18:38:27 - [TEST_STEP][PASSED] - selectOptionByIndex: All options with index in [10] are selected on object 'Object Repository/Store Request Schedule 1/Page_Store/select_--Select--Adernaline 0.'

2018-06-04 18:38:27 - [MESSAGE][PASSED] - All options with index in [10] are selected on object 'Object Repository/Store Request Schedule 1/Page_Store/select_--Select--Adernaline 0.'

2018-06-04 18:38:27 - [TEST_STEP][PASSED] - setText: Text '100' is set on object 'Object Repository/Store Request Schedule 1/Page_Store/input_txttreat'

2018-06-04 18:38:27 - [MESSAGE][PASSED] - Text '100' is set on object 'Object Repository/Store Request Schedule 1/Page_Store/input_txttreat'

2018-06-04 18:38:27 - [TEST_STEP][PASSED] - click: Object: 'Object Repository/Store Request Schedule 1/Page_Store/button_Add' is clicked on

2018-06-04 18:38:27 - [MESSAGE][PASSED] - Object: 'Object Repository/Store Request Schedule 1/Page_Store/button_Add' is clicked on

2018-06-04 18:38:27 - [TEST_STEP][PASSED] - selectOptionByIndex: All options with index in [2] are selected on object 'Object Repository/Store Request Schedule 1/Page_Store/select_--Select--Schedule 1Inj'

2018-06-04 18:38:27 - [MESSAGE][PASSED] - All options with index in [2] are selected on object 'Object Repository/Store Request Schedule 1/Page_Store/select_--Select--Schedule 1Inj'

2018-06-04 18:38:27 - [TEST_STEP][PASSED] - delay: Delayed 1 second(s)

2018-06-04 18:38:28 - [MESSAGE][PASSED] - Delayed 1 second(s)

2018-06-04 18:38:28 - [TEST_STEP][PASSED] - selectOptionByIndex: All options with index in [11] are selected on object 'Object Repository/Store Request Schedule 1/Page_Store/select_--Select--Adernaline 0.'

2018-06-04 18:38:28 - [MESSAGE][PASSED] - All options with index in [11] are selected on object 'Object Repository/Store Request Schedule 1/Page_Store/select_--Select--Adernaline 0.'

2018-06-04 18:38:28 - [TEST_STEP][PASSED] - setText: Text '100' is set on object 'Object Repository/Store Request Schedule 1/Page_Store/input_txttreat'

2018-06-04 18:38:28 - [MESSAGE][PASSED] - Text '100' is set on object 'Object Repository/Store Request Schedule 1/Page_Store/input_txttreat'

2018-06-04 18:38:28 - [TEST_STEP][PASSED] - click: Object: 'Object Repository/Store Request Schedule 1/Page_Store/button_Add' is clicked on

2018-06-04 18:38:29 - [MESSAGE][PASSED] - Object: 'Object Repository/Store Request Schedule 1/Page_Store/button_Add' is clicked on

2018-06-04 18:38:29 - [TEST_STEP][PASSED] - selectOptionByIndex: All options with index in [2] are selected on object 'Object Repository/Store Request Schedule 1/Page_Store/select_--Select--Schedule 1Inj'

2018-06-04 18:38:29 - [MESSAGE][PASSED] - All options with index in [2] are selected on object 'Object Repository/Store Request Schedule 1/Page_Store/select_--Select--Schedule 1Inj'

2018-06-04 18:38:29 - [TEST_STEP][PASSED] - delay: Delayed 1 second(s)

2018-06-04 18:38:30 - [MESSAGE][PASSED] - Delayed 1 second(s)

2018-06-04 18:38:30 - [TEST_STEP][PASSED] - selectOptionByIndex: All options with index in [12] are selected on object 'Object Repository/Store Request Schedule 1/Page_Store/select_--Select--Adernaline 0.'

2018-06-04 18:38:30 - [MESSAGE][PASSED] - All options with index in [12] are selected on object 'Object Repository/Store Request Schedule 1/Page_Store/select_--Select--Adernaline 0.'

2018-06-04 18:38:30 - [TEST_STEP][PASSED] - setText: Text '100' is set on object 'Object Repository/Store Request Schedule 1/Page_Store/input_txttreat'

2018-06-04 18:38:30 - [MESSAGE][PASSED] - Text '100' is set on object 'Object Repository/Store Request Schedule 1/Page_Store/input_txttreat'

2018-06-04 18:38:30 - [TEST_STEP][PASSED] - click: Object: 'Object Repository/Store Request Schedule 1/Page_Store/button_Add' is clicked on

2018-06-04 18:38:30 - [MESSAGE][PASSED] - Object: 'Object Repository/Store Request Schedule 1/Page_Store/button_Add' is clicked on

2018-06-04 18:38:30 - [TEST_STEP][PASSED] - selectOptionByIndex: All options with index in [2] are selected on object 'Object Repository/Store Request Schedule 1/Page_Store/select_--Select--Schedule 1Inj'

2018-06-04 18:38:30 - [MESSAGE][PASSED] - All options with index in [2] are selected on object 'Object Repository/Store Request Schedule 1/Page_Store/select_--Select--Schedule 1Inj'

2018-06-04 18:38:30 - [TEST_STEP][PASSED] - delay: Delayed 1 second(s)

2018-06-04 18:38:31 - [MESSAGE][PASSED] - Delayed 1 second(s)

2018-06-04 18:38:31 - [TEST_STEP][PASSED] - selectOptionByIndex: All options with index in [13] are selected on object 'Object Repository/Store Request Schedule 1/Page_Store/select_--Select--Adernaline 0.'

2018-06-04 18:38:31 - [MESSAGE][PASSED] - All options with index in [13] are selected on object 'Object Repository/Store Request Schedule 1/Page_Store/select_--Select--Adernaline 0.'

2018-06-04 18:38:31 - [TEST_STEP][PASSED] - setText: Text '100' is set on object 'Object Repository/Store Request Schedule 1/Page_Store/input_txttreat'

2018-06-04 18:38:32 - [MESSAGE][PASSED] - Text '100' is set on object 'Object Repository/Store Request Schedule 1/Page_Store/input_txttreat'

2018-06-04 18:38:32 - [TEST_STEP][PASSED] - click: Object: 'Object Repository/Store Request Schedule 1/Page_Store/button_Add' is clicked on

2018-06-04 18:38:32 - [MESSAGE][PASSED] - Object: 'Object Repository/Store Request Schedule 1/Page_Store/button_Add' is clicked on

2018-06-04 18:38:32 - [TEST_STEP][PASSED] - selectOptionByIndex: All options with index in [2] are selected on object 'Object Repository/Store Request Schedule 1/Page_Store/select_--Select--Schedule 1Inj'

2018-06-04 18:38:32 - [MESSAGE][PASSED] - All options with index in [2] are selected on object 'Object Repository/Store Request Schedule 1/Page_Store/select_--Select--Schedule 1Inj'

2018-06-04 18:38:32 - [TEST_STEP][PASSED] - delay: Delayed 1 second(s)

2018-06-04 18:38:33 - [MESSAGE][PASSED] - Delayed 1 second(s)

2018-06-04 18:38:33 - [TEST_STEP][PASSED] - selectOptionByIndex: All options with index in [14] are selected on object 'Object Repository/Store Request Schedule 1/Page_Store/select_--Select--Adernaline 0.'

2018-06-04 18:38:33 - [MESSAGE][PASSED] - All options with index in [14] are selected on object 'Object Repository/Store Request Schedule 1/Page_Store/select_--Select--Adernaline 0.'

2018-06-04 18:38:33 - [TEST_STEP][PASSED] - setText: Text '100' is set on object 'Object Repository/Store Request Schedule 1/Page_Store/input_txttreat'

2018-06-04 18:38:33 - [MESSAGE][PASSED] - Text '100' is set on object 'Object Repository/Store Request Schedule 1/Page_Store/input_txttreat'

2018-06-04 18:38:33 - [TEST_STEP][PASSED] - click: Object: 'Object Repository/Store Request Schedule 1/Page_Store/button_Add' is clicked on

2018-06-04 18:38:33 - [MESSAGE][PASSED] - Object: 'Object Repository/Store Request Schedule 1/Page_Store/button_Add' is clicked on

2018-06-04 18:38:33 - [TEST_STEP][PASSED] - selectOptionByIndex: All options with index in [2] are selected on object 'Object Repository/Store Request Schedule 1/Page_Store/select_--Select--Schedule 1Inj'

2018-06-04 18:38:33 - [MESSAGE][PASSED] - All options with index in [2] are selected on object 'Object Repository/Store Request Schedule 1/Page_Store/select_--Select--Schedule 1Inj'

2018-06-04 18:38:33 - [TEST_STEP][PASSED] - delay: Delayed 1 second(s)

2018-06-04 18:38:34 - [MESSAGE][PASSED] - Delayed 1 second(s)

2018-06-04 18:38:34 - [TEST_STEP][PASSED] - selectOptionByIndex: All options with index in [15] are selected on object 'Object Repository/Store Request Schedule 1/Page_Store/select_--Select--Adernaline 0.'

2018-06-04 18:38:35 - [MESSAGE][PASSED] - All options with index in [15] are selected on object 'Object Repository/Store Request Schedule 1/Page_Store/select_--Select--Adernaline 0.'

2018-06-04 18:38:35 - [TEST_STEP][PASSED] - setText: Text '100' is set on object 'Object Repository/Store Request Schedule 1/Page_Store/input_txttreat'

2018-06-04 18:38:35 - [MESSAGE][PASSED] - Text '100' is set on object 'Object Repository/Store Request Schedule 1/Page_Store/input_txttreat'

2018-06-04 18:38:35 - [TEST_STEP][PASSED] - click: Object: 'Object Repository/Store Request Schedule 1/Page_Store/button_Add' is clicked on

2018-06-04 18:38:35 - [MESSAGE][PASSED] - Object: 'Object Repository/Store Request Schedule 1/Page_Store/button_Add' is clicked on

2018-06-04 18:38:35 - [TEST_STEP][PASSED] - selectOptionByIndex: All options with index in [2] are selected on object 'Object Repository/Store Request Schedule 1/Page_Store/select_--Select--Schedule 1Inj'

2018-06-04 18:38:35 - [MESSAGE][PASSED] - All options with index in [2] are selected on object 'Object Repository/Store Request Schedule 1/Page_Store/select_--Select--Schedule 1Inj'

2018-06-04 18:38:35 - [TEST_STEP][PASSED] - delay: Delayed 1 second(s)

2018-06-04 18:38:36 - [MESSAGE][PASSED] - Delayed 1 second(s)

2018-06-04 18:38:36 - [TEST_STEP][PASSED] - selectOptionByIndex: All options with index in [16] are selected on object 'Object Repository/Store Request Schedule 1/Page_Store/select_--Select--Adernaline 0.'

2018-06-04 18:38:36 - [MESSAGE][PASSED] - All options with index in [16] are selected on object 'Object Repository/Store Request Schedule 1/Page_Store/select_--Select--Adernaline 0.'

2018-06-04 18:38:36 - [TEST_STEP][PASSED] - setText: Text '100' is set on object 'Object Repository/Store Request Schedule 1/Page_Store/input_txttreat'

2018-06-04 18:38:36 - [MESSAGE][PASSED] - Text '100' is set on object 'Object Repository/Store Request Schedule 1/Page_Store/input_txttreat'

2018-06-04 18:38:36 - [TEST_STEP][PASSED] - click: Object: 'Object Repository/Store Request Schedule 1/Page_Store/button_Add' is clicked on

2018-06-04 18:38:36 - [MESSAGE][PASSED] - Object: 'Object Repository/Store Request Schedule 1/Page_Store/button_Add' is clicked on

2018-06-04 18:38:36 - [TEST_STEP][PASSED] - selectOptionByIndex: All options with index in [2] are selected on object 'Object Repository/Store Request Schedule 1/Page_Store/select_--Select--Schedule 1Inj'

2018-06-04 18:38:37 - [MESSAGE][PASSED] - All options with index in [2] are selected on object 'Object Repository/Store Request Schedule 1/Page_Store/select_--Select--Schedule 1Inj'

2018-06-04 18:38:37 - [TEST_STEP][PASSED] - delay: Delayed 1 second(s)

2018-06-04 18:38:38 - [MESSAGE][PASSED] - Delayed 1 second(s)

2018-06-04 18:38:38 - [TEST_STEP][PASSED] - selectOptionByIndex: All options with index in [17] are selected on object 'Object Repository/Store Request Schedule 1/Page_Store/select_--Select--Adernaline 0.'

2018-06-04 18:38:38 - [MESSAGE][PASSED] - All options with index in [17] are selected on object 'Object Repository/Store Request Schedule 1/Page_Store/select_--Select--Adernaline 0.'

2018-06-04 18:38:38 - [TEST_STEP][PASSED] - setText: Text '100' is set on object 'Object Repository/Store Request Schedule 1/Page_Store/input_txttreat'

2018-06-04 18:38:38 - [MESSAGE][PASSED] - Text '100' is set on object 'Object Repository/Store Request Schedule 1/Page_Store/input_txttreat'

2018-06-04 18:38:38 - [TEST_STEP][PASSED] - click: Object: 'Object Repository/Store Request Schedule 1/Page_Store/button_Add' is clicked on

2018-06-04 18:38:38 - [MESSAGE][PASSED] - Object: 'Object Repository/Store Request Schedule 1/Page_Store/button_Add' is clicked on

2018-06-04 18:38:38 - [TEST_STEP][PASSED] - selectOptionByIndex: All options with index in [2] are selected on object 'Object Repository/Store Request Schedule 1/Page_Store/select_--Select--Schedule 1Inj'

2018-06-04 18:38:38 - [MESSAGE][PASSED] - All options with index in [2] are selected on object 'Object Repository/Store Request Schedule 1/Page_Store/select_--Select--Schedule 1Inj'

2018-06-04 18:38:38 - [TEST_STEP][PASSED] - delay: Delayed 1 second(s)

2018-06-04 18:38:39 - [MESSAGE][PASSED] - Delayed 1 second(s)

2018-06-04 18:38:39 - [TEST_STEP][PASSED] - selectOptionByIndex: All options with index in [18] are selected on object 'Object Repository/Store Request Schedule 1/Page_Store/select_--Select--Adernaline 0.'

2018-06-04 18:38:40 - [MESSAGE][PASSED] - All options with index in [18] are selected on object 'Object Repository/Store Request Schedule 1/Page_Store/select_--Select--Adernaline 0.'

2018-06-04 18:38:40 - [TEST_STEP][PASSED] - setText: Text '100' is set on object 'Object Repository/Store Request Schedule 1/Page_Store/input_txttreat'

2018-06-04 18:38:40 - [MESSAGE][PASSED] - Text '100' is set on object 'Object Repository/Store Request Schedule 1/Page_Store/input_txttreat'

2018-06-04 18:38:40 - [TEST_STEP][PASSED] - click: Object: 'Object Repository/Store Request Schedule 1/Page_Store/button_Add' is clicked on

2018-06-04 18:38:40 - [MESSAGE][PASSED] - Object: 'Object Repository/Store Request Schedule 1/Page_Store/button_Add' is clicked on

2018-06-04 18:38:40 - [TEST_STEP][PASSED] - selectOptionByIndex: All options with index in [2] are selected on object 'Object Repository/Store Request Schedule 1/Page_Store/select_--Select--Schedule 1Inj'

2018-06-04 18:38:40 - [MESSAGE][PASSED] - All options with index in [2] are selected on object 'Object Repository/Store Request Schedule 1/Page_Store/select_--Select--Schedule 1Inj'

2018-06-04 18:38:40 - [TEST_STEP][PASSED] - delay: Delayed 1 second(s)

2018-06-04 18:38:41 - [MESSAGE][PASSED] - Delayed 1 second(s)

2018-06-04 18:38:41 - [TEST_STEP][PASSED] - selectOptionByIndex: All options with index in [19] are selected on object 'Object Repository/Store Request Schedule 1/Page_Store/select_--Select--Adernaline 0.'

2018-06-04 18:38:41 - [MESSAGE][PASSED] - All options with index in [19] are selected on object 'Object Repository/Store Request Schedule 1/Page_Store/select_--Select--Adernaline 0.'

2018-06-04 18:38:41 - [TEST_STEP][PASSED] - setText: Text '100' is set on object 'Object Repository/Store Request Schedule 1/Page_Store/input_txttreat'

2018-06-04 18:38:41 - [MESSAGE][PASSED] - Text '100' is set on object 'Object Repository/Store Request Schedule 1/Page_Store/input_txttreat'

2018-06-04 18:38:41 - [TEST_STEP][PASSED] - click: Object: 'Object Repository/Store Request Schedule 1/Page_Store/button_Add' is clicked on

2018-06-04 18:38:41 - [MESSAGE][PASSED] - Object: 'Object Repository/Store Request Schedule 1/Page_Store/button_Add' is clicked on

2018-06-04 18:38:41 - [TEST_STEP][PASSED] - selectOptionByIndex: All options with index in [2] are selected on object 'Object Repository/Store Request Schedule 1/Page_Store/select_--Select--Schedule 1Inj'

2018-06-04 18:38:41 - [MESSAGE][PASSED] - All options with index in [2] are selected on object 'Object Repository/Store Request Schedule 1/Page_Store/select_--Select--Schedule 1Inj'

2018-06-04 18:38:41 - [TEST_STEP][PASSED] - delay: Delayed 1 second(s)

2018-06-04 18:38:42 - [MESSAGE][PASSED] - Delayed 1 second(s)

2018-06-04 18:38:42 - [TEST_STEP][PASSED] - selectOptionByIndex: All options with index in [20] are selected on object 'Object Repository/Store Request Schedule 1/Page_Store/select_--Select--Adernaline 0.'

2018-06-04 18:38:43 - [MESSAGE][PASSED] - All options with index in [20] are selected on object 'Object Repository/Store Request Schedule 1/Page_Store/select_--Select--Adernaline 0.'

2018-06-04 18:38:43 - [TEST_STEP][PASSED] - setText: Text '100' is set on object 'Object Repository/Store Request Schedule 1/Page_Store/input_txttreat'

2018-06-04 18:38:43 - [MESSAGE][PASSED] - Text '100' is set on object 'Object Repository/Store Request Schedule 1/Page_Store/input_txttreat'

2018-06-04 18:38:43 - [TEST_STEP][PASSED] - click: Object: 'Object Repository/Store Request Schedule 1/Page_Store/button_Add' is clicked on

2018-06-04 18:38:43 - [MESSAGE][PASSED] - Object: 'Object Repository/Store Request Schedule 1/Page_Store/button_Add' is clicked on

2018-06-04 18:38:43 - [TEST_STEP][PASSED] - selectOptionByIndex: All options with index in [2] are selected on object 'Object Repository/Store Request Schedule 1/Page_Store/select_--Select--Schedule 1Inj'

2018-06-04 18:38:43 - [MESSAGE][PASSED] - All options with index in [2] are selected on object 'Object Repository/Store Request Schedule 1/Page_Store/select_--Select--Schedule 1Inj'

2018-06-04 18:38:43 - [TEST_STEP][PASSED] - delay: Delayed 1 second(s)

2018-06-04 18:38:44 - [MESSAGE][PASSED] - Delayed 1 second(s)

2018-06-04 18:38:44 - [TEST_STEP][PASSED] - selectOptionByIndex: All options with index in [21] are selected on object 'Object Repository/Store Request Schedule 1/Page_Store/select_--Select--Adernaline 0.'

2018-06-04 18:38:44 - [MESSAGE][PASSED] - All options with index in [21] are selected on object 'Object Repository/Store Request Schedule 1/Page_Store/select_--Select--Adernaline 0.'

2018-06-04 18:38:44 - [TEST_STEP][PASSED] - setText: Text '100' is set on object 'Object Repository/Store Request Schedule 1/Page_Store/input_txttreat'

2018-06-04 18:38:45 - [MESSAGE][PASSED] - Text '100' is set on object 'Object Repository/Store Request Schedule 1/Page_Store/input_txttreat'

2018-06-04 18:38:45 - [TEST_STEP][PASSED] - click: Object: 'Object Repository/Store Request Schedule 1/Page_Store/button_Add' is clicked on

2018-06-04 18:38:45 - [MESSAGE][PASSED] - Object: 'Object Repository/Store Request Schedule 1/Page_Store/button_Add' is clicked on

2018-06-04 18:38:45 - [TEST_STEP][PASSED] - selectOptionByIndex: All options with index in [2] are selected on object 'Object Repository/Store Request Schedule 1/Page_Store/select_--Select--Schedule 1Inj'

2018-06-04 18:38:45 - [MESSAGE][PASSED] - All options with index in [2] are selected on object 'Object Repository/Store Request Schedule 1/Page_Store/select_--Select--Schedule 1Inj'

2018-06-04 18:38:45 - [TEST_STEP][PASSED] - delay: Delayed 1 second(s)

2018-06-04 18:38:46 - [MESSAGE][PASSED] - Delayed 1 second(s)

2018-06-04 18:38:46 - [TEST_STEP][PASSED] - selectOptionByIndex: All options with index in [22] are selected on object 'Object Repository/Store Request Schedule 1/Page_Store/select_--Select--Adernaline 0.'

2018-06-04 18:38:46 - [MESSAGE][PASSED] - All options with index in [22] are selected on object 'Object Repository/Store Request Schedule 1/Page_Store/select_--Select--Adernaline 0.'

2018-06-04 18:38:46 - [TEST_STEP][PASSED] - setText: Text '100' is set on object 'Object Repository/Store Request Schedule 1/Page_Store/input_txttreat'

2018-06-04 18:38:46 - [MESSAGE][PASSED] - Text '100' is set on object 'Object Repository/Store Request Schedule 1/Page_Store/input_txttreat'

2018-06-04 18:38:46 - [TEST_STEP][PASSED] - click: Object: 'Object Repository/Store Request Schedule 1/Page_Store/button_Add' is clicked on

2018-06-04 18:38:46 - [MESSAGE][PASSED] - Object: 'Object Repository/Store Request Schedule 1/Page_Store/button_Add' is clicked on

2018-06-04 18:38:46 - [TEST_STEP][PASSED] - selectOptionByIndex: All options with index in [2] are selected on object 'Object Repository/Store Request Schedule 1/Page_Store/select_--Select--Schedule 1Inj'

2018-06-04 18:38:47 - [MESSAGE][PASSED] - All options with index in [2] are selected on object 'Object Repository/Store Request Schedule 1/Page_Store/select_--Select--Schedule 1Inj'

2018-06-04 18:38:47 - [TEST_STEP][PASSED] - delay: Delayed 1 second(s)

2018-06-04 18:38:48 - [MESSAGE][PASSED] - Delayed 1 second(s)

2018-06-04 18:38:48 - [TEST_STEP][PASSED] - selectOptionByIndex: All options with index in [23] are selected on object 'Object Repository/Store Request Schedule 1/Page_Store/select_--Select--Adernaline 0.'

2018-06-04 18:38:48 - [MESSAGE][PASSED] - All options with index in [23] are selected on object 'Object Repository/Store Request Schedule 1/Page_Store/select_--Select--Adernaline 0.'

2018-06-04 18:38:48 - [TEST_STEP][PASSED] - setText: Text '100' is set on object 'Object Repository/Store Request Schedule 1/Page_Store/input_txttreat'

2018-06-04 18:38:48 - [MESSAGE][PASSED] - Text '100' is set on object 'Object Repository/Store Request Schedule 1/Page_Store/input_txttreat'

2018-06-04 18:38:48 - [TEST_STEP][PASSED] - click: Object: 'Object Repository/Store Request Schedule 1/Page_Store/button_Add' is clicked on

2018-06-04 18:38:48 - [MESSAGE][PASSED] - Object: 'Object Repository/Store Request Schedule 1/Page_Store/button_Add' is clicked on

2018-06-04 18:38:48 - [TEST_STEP][PASSED] - selectOptionByIndex: All options with index in [2] are selected on object 'Object Repository/Store Request Schedule 1/Page_Store/select_--Select--Schedule 1Inj'

2018-06-04 18:38:48 - [MESSAGE][PASSED] - All options with index in [2] are selected on object 'Object Repository/Store Request Schedule 1/Page_Store/select_--Select--Schedule 1Inj'

2018-06-04 18:38:48 - [TEST_STEP][PASSED] - delay: Delayed 1 second(s)

2018-06-04 18:38:49 - [MESSAGE][PASSED] - Delayed 1 second(s)

2018-06-04 18:38:49 - [TEST_STEP][PASSED] - selectOptionByIndex: All options with index in [24] are selected on object 'Object Repository/Store Request Schedule 1/Page_Store/select_--Select--Adernaline 0.'

2018-06-04 18:38:50 - [MESSAGE][PASSED] - All options with index in [24] are selected on object 'Object Repository/Store Request Schedule 1/Page_Store/select_--Select--Adernaline 0.'

2018-06-04 18:38:50 - [TEST_STEP][PASSED] - setText: Text '100' is set on object 'Object Repository/Store Request Schedule 1/Page_Store/input_txttreat'

2018-06-04 18:38:50 - [MESSAGE][PASSED] - Text '100' is set on object 'Object Repository/Store Request Schedule 1/Page_Store/input_txttreat'

2018-06-04 18:38:50 - [TEST_STEP][PASSED] - click: Object: 'Object Repository/Store Request Schedule 1/Page_Store/button_Add' is clicked on

2018-06-04 18:38:50 - [MESSAGE][PASSED] - Object: 'Object Repository/Store Request Schedule 1/Page_Store/button_Add' is clicked on

2018-06-04 18:38:50 - [TEST_STEP][PASSED] - selectOptionByIndex: All options with index in [2] are selected on object 'Object Repository/Store Request Schedule 1/Page_Store/select_--Select--Schedule 1Inj'

2018-06-04 18:38:50 - [MESSAGE][PASSED] - All options with index in [2] are selected on object 'Object Repository/Store Request Schedule 1/Page_Store/select_--Select--Schedule 1Inj'

2018-06-04 18:38:50 - [TEST_STEP][PASSED] - delay: Delayed 1 second(s)

2018-06-04 18:38:51 - [MESSAGE][PASSED] - Delayed 1 second(s)

2018-06-04 18:38:51 - [TEST_STEP][PASSED] - selectOptionByIndex: All options with index in [25] are selected on object 'Object Repository/Store Request Schedule 1/Page_Store/select_--Select--Adernaline 0.'

2018-06-04 18:38:51 - [MESSAGE][PASSED] - All options with index in [25] are selected on object 'Object Repository/Store Request Schedule 1/Page_Store/select_--Select--Adernaline 0.'

2018-06-04 18:38:51 - [TEST_STEP][PASSED] - setText: Text '100' is set on object 'Object Repository/Store Request Schedule 1/Page_Store/input_txttreat'

2018-06-04 18:38:51 - [MESSAGE][PASSED] - Text '100' is set on object 'Object Repository/Store Request Schedule 1/Page_Store/input_txttreat'

2018-06-04 18:38:51 - [TEST_STEP][PASSED] - click: Object: 'Object Repository/Store Request Schedule 1/Page_Store/button_Add' is clicked on

2018-06-04 18:38:51 - [MESSAGE][PASSED] - Object: 'Object Repository/Store Request Schedule 1/Page_Store/button_Add' is clicked on

2018-06-04 18:38:51 - [TEST_STEP][PASSED] - selectOptionByIndex: All options with index in [2] are selected on object 'Object Repository/Store Request Schedule 1/Page_Store/select_--Select--Schedule 1Inj'

2018-06-04 18:38:52 - [MESSAGE][PASSED] - All options with index in [2] are selected on object 'Object Repository/Store Request Schedule 1/Page_Store/select_--Select--Schedule 1Inj'

2018-06-04 18:38:52 - [TEST_STEP][PASSED] - delay: Delayed 1 second(s)

2018-06-04 18:38:53 - [MESSAGE][PASSED] - Delayed 1 second(s)

2018-06-04 18:38:53 - [TEST_STEP][PASSED] - selectOptionByIndex: All options with index in [26] are selected on object 'Object Repository/Store Request Schedule 1/Page_Store/select_--Select--Adernaline 0.'

2018-06-04 18:38:53 - [MESSAGE][PASSED] - All options with index in [26] are selected on object 'Object Repository/Store Request Schedule 1/Page_Store/select_--Select--Adernaline 0.'

2018-06-04 18:38:53 - [TEST_STEP][PASSED] - setText: Text '100' is set on object 'Object Repository/Store Request Schedule 1/Page_Store/input_txttreat'

2018-06-04 18:38:53 - [MESSAGE][PASSED] - Text '100' is set on object 'Object Repository/Store Request Schedule 1/Page_Store/input_txttreat'

2018-06-04 18:38:53 - [TEST_STEP][PASSED] - click: Object: 'Object Repository/Store Request Schedule 1/Page_Store/button_Add' is clicked on

2018-06-04 18:38:53 - [MESSAGE][PASSED] - Object: 'Object Repository/Store Request Schedule 1/Page_Store/button_Add' is clicked on

2018-06-04 18:38:53 - [TEST_STEP][PASSED] - selectOptionByIndex: All options with index in [2] are selected on object 'Object Repository/Store Request Schedule 1/Page_Store/select_--Select--Schedule 1Inj'

2018-06-04 18:38:53 - [MESSAGE][PASSED] - All options with index in [2] are selected on object 'Object Repository/Store Request Schedule 1/Page_Store/select_--Select--Schedule 1Inj'

2018-06-04 18:38:53 - [TEST_STEP][PASSED] - delay: Delayed 1 second(s)

2018-06-04 18:38:54 - [MESSAGE][PASSED] - Delayed 1 second(s)

2018-06-04 18:38:54 - [TEST_STEP][PASSED] - selectOptionByIndex: All options with index in [27] are selected on object 'Object Repository/Store Request Schedule 1/Page_Store/select_--Select--Adernaline 0.'

2018-06-04 18:38:55 - [MESSAGE][PASSED] - All options with index in [27] are selected on object 'Object Repository/Store Request Schedule 1/Page_Store/select_--Select--Adernaline 0.'

2018-06-04 18:38:55 - [TEST_STEP][PASSED] - setText: Text '100' is set on object 'Object Repository/Store Request Schedule 1/Page_Store/input_txttreat'

2018-06-04 18:38:55 - [MESSAGE][PASSED] - Text '100' is set on object 'Object Repository/Store Request Schedule 1/Page_Store/input_txttreat'

2018-06-04 18:38:55 - [TEST_STEP][PASSED] - click: Object: 'Object Repository/Store Request Schedule 1/Page_Store/button_Add' is clicked on

2018-06-04 18:38:55 - [MESSAGE][PASSED] - Object: 'Object Repository/Store Request Schedule 1/Page_Store/button_Add' is clicked on

2018-06-04 18:38:55 - [TEST_STEP][PASSED] - selectOptionByIndex: All options with index in [2] are selected on object 'Object Repository/Store Request Schedule 1/Page_Store/select_--Select--Schedule 1Inj'

2018-06-04 18:38:55 - [MESSAGE][PASSED] - All options with index in [2] are selected on object 'Object Repository/Store Request Schedule 1/Page_Store/select_--Select--Schedule 1Inj'

2018-06-04 18:38:55 - [TEST_STEP][PASSED] - delay: Delayed 1 second(s)

2018-06-04 18:38:56 - [MESSAGE][PASSED] - Delayed 1 second(s)

2018-06-04 18:38:56 - [TEST_STEP][PASSED] - selectOptionByIndex: All options with index in [28] are selected on object 'Object Repository/Store Request Schedule 1/Page_Store/select_--Select--Adernaline 0.'

2018-06-04 18:38:56 - [MESSAGE][PASSED] - All options with index in [28] are selected on object 'Object Repository/Store Request Schedule 1/Page_Store/select_--Select--Adernaline 0.'

2018-06-04 18:38:56 - [TEST_STEP][PASSED] - setText: Text '100' is set on object 'Object Repository/Store Request Schedule 1/Page_Store/input_txttreat'

2018-06-04 18:38:57 - [MESSAGE][PASSED] - Text '100' is set on object 'Object Repository/Store Request Schedule 1/Page_Store/input_txttreat'

2018-06-04 18:38:57 - [TEST_STEP][PASSED] - click: Object: 'Object Repository/Store Request Schedule 1/Page_Store/button_Add' is clicked on

2018-06-04 18:38:57 - [MESSAGE][PASSED] - Object: 'Object Repository/Store Request Schedule 1/Page_Store/button_Add' is clicked on

2018-06-04 18:38:57 - [TEST_STEP][PASSED] - selectOptionByIndex: All options with index in [2] are selected on object 'Object Repository/Store Request Schedule 1/Page_Store/select_--Select--Schedule 1Inj'

2018-06-04 18:38:57 - [MESSAGE][PASSED] - All options with index in [2] are selected on object 'Object Repository/Store Request Schedule 1/Page_Store/select_--Select--Schedule 1Inj'

2018-06-04 18:38:57 - [TEST_STEP][PASSED] - delay: Delayed 1 second(s)

2018-06-04 18:38:58 - [MESSAGE][PASSED] - Delayed 1 second(s)

2018-06-04 18:38:58 - [TEST_STEP][PASSED] - selectOptionByIndex: All options with index in [29] are selected on object 'Object Repository/Store Request Schedule 1/Page_Store/select_--Select--Adernaline 0.'

2018-06-04 18:38:58 - [MESSAGE][PASSED] - All options with index in [29] are selected on object 'Object Repository/Store Request Schedule 1/Page_Store/select_--Select--Adernaline 0.'

2018-06-04 18:38:58 - [TEST_STEP][PASSED] - setText: Text '100' is set on object 'Object Repository/Store Request Schedule 1/Page_Store/input_txttreat'

2018-06-04 18:38:58 - [MESSAGE][PASSED] - Text '100' is set on object 'Object Repository/Store Request Schedule 1/Page_Store/input_txttreat'

2018-06-04 18:38:58 - [TEST_STEP][PASSED] - click: Object: 'Object Repository/Store Request Schedule 1/Page_Store/button_Add' is clicked on

2018-06-04 18:38:58 - [MESSAGE][PASSED] - Object: 'Object Repository/Store Request Schedule 1/Page_Store/button_Add' is clicked on

2018-06-04 18:38:58 - [TEST_STEP][PASSED] - selectOptionByIndex: All options with index in [2] are selected on object 'Object Repository/Store Request Schedule 1/Page_Store/select_--Select--Schedule 1Inj'

2018-06-04 18:38:59 - [MESSAGE][PASSED] - All options with index in [2] are selected on object 'Object Repository/Store Request Schedule 1/Page_Store/select_--Select--Schedule 1Inj'

2018-06-04 18:38:59 - [TEST_STEP][PASSED] - delay: Delayed 1 second(s)

2018-06-04 18:39:00 - [MESSAGE][PASSED] - Delayed 1 second(s)

2018-06-04 18:39:00 - [TEST_STEP][PASSED] - selectOptionByIndex: All options with index in [30] are selected on object 'Object Repository/Store Request Schedule 1/Page_Store/select_--Select--Adernaline 0.'

2018-06-04 18:39:00 - [MESSAGE][PASSED] - All options with index in [30] are selected on object 'Object Repository/Store Request Schedule 1/Page_Store/select_--Select--Adernaline 0.'

2018-06-04 18:39:00 - [TEST_STEP][PASSED] - setText: Text '100' is set on object 'Object Repository/Store Request Schedule 1/Page_Store/input_txttreat'

2018-06-04 18:39:00 - [MESSAGE][PASSED] - Text '100' is set on object 'Object Repository/Store Request Schedule 1/Page_Store/input_txttreat'

2018-06-04 18:39:00 - [TEST_STEP][PASSED] - click: Object: 'Object Repository/Store Request Schedule 1/Page_Store/button_Add' is clicked on

2018-06-04 18:39:00 - [MESSAGE][PASSED] - Object: 'Object Repository/Store Request Schedule 1/Page_Store/button_Add' is clicked on

2018-06-04 18:39:00 - [TEST_STEP][PASSED] - selectOptionByIndex: All options with index in [2] are selected on object 'Object Repository/Store Request Schedule 1/Page_Store/select_--Select--Schedule 1Inj'

2018-06-04 18:39:00 - [MESSAGE][PASSED] - All options with index in [2] are selected on object 'Object Repository/Store Request Schedule 1/Page_Store/select_--Select--Schedule 1Inj'

2018-06-04 18:39:00 - [TEST_STEP][PASSED] - delay: Delayed 1 second(s)

2018-06-04 18:39:01 - [MESSAGE][PASSED] - Delayed 1 second(s)

2018-06-04 18:39:01 - [TEST_STEP][PASSED] - selectOptionByIndex: All options with index in [31] are selected on object 'Object Repository/Store Request Schedule 1/Page_Store/select_--Select--Adernaline 0.'

2018-06-04 18:39:02 - [MESSAGE][PASSED] - All options with index in [31] are selected on object 'Object Repository/Store Request Schedule 1/Page_Store/select_--Select--Adernaline 0.'

2018-06-04 18:39:02 - [TEST_STEP][PASSED] - setText: Text '100' is set on object 'Object Repository/Store Request Schedule 1/Page_Store/input_txttreat'

2018-06-04 18:39:02 - [MESSAGE][PASSED] - Text '100' is set on object 'Object Repository/Store Request Schedule 1/Page_Store/input_txttreat'

2018-06-04 18:39:02 - [TEST_STEP][PASSED] - click: Object: 'Object Repository/Store Request Schedule 1/Page_Store/button_Add' is clicked on

2018-06-04 18:39:02 - [MESSAGE][PASSED] - Object: 'Object Repository/Store Request Schedule 1/Page_Store/button_Add' is clicked on

2018-06-04 18:39:02 - [TEST_STEP][PASSED] - selectOptionByIndex: All options with index in [2] are selected on object 'Object Repository/Store Request Schedule 1/Page_Store/select_--Select--Schedule 1Inj'

2018-06-04 18:39:02 - [MESSAGE][PASSED] - All options with index in [2] are selected on object 'Object Repository/Store Request Schedule 1/Page_Store/select_--Select--Schedule 1Inj'

2018-06-04 18:39:02 - [TEST_STEP][PASSED] - delay: Delayed 1 second(s)

2018-06-04 18:39:03 - [MESSAGE][PASSED] - Delayed 1 second(s)

2018-06-04 18:39:03 - [TEST_STEP][PASSED] - selectOptionByIndex: All options with index in [32] are selected on object 'Object Repository/Store Request Schedule 1/Page_Store/select_--Select--Adernaline 0.'

2018-06-04 18:39:04 - [MESSAGE][PASSED] - All options with index in [32] are selected on object 'Object Repository/Store Request Schedule 1/Page_Store/select_--Select--Adernaline 0.'

2018-06-04 18:39:04 - [TEST_STEP][PASSED] - setText: Text '100' is set on object 'Object Repository/Store Request Schedule 1/Page_Store/input_txttreat'

2018-06-04 18:39:04 - [MESSAGE][PASSED] - Text '100' is set on object 'Object Repository/Store Request Schedule 1/Page_Store/input_txttreat'

2018-06-04 18:39:04 - [TEST_STEP][PASSED] - click: Object: 'Object Repository/Store Request Schedule 1/Page_Store/button_Add' is clicked on

2018-06-04 18:39:04 - [MESSAGE][PASSED] - Object: 'Object Repository/Store Request Schedule 1/Page_Store/button_Add' is clicked on

2018-06-04 18:39:04 - [TEST_STEP][PASSED] - selectOptionByIndex: All options with index in [2] are selected on object 'Object Repository/Store Request Schedule 1/Page_Store/select_--Select--Schedule 1Inj'

2018-06-04 18:39:04 - [MESSAGE][PASSED] - All options with index in [2] are selected on object 'Object Repository/Store Request Schedule 1/Page_Store/select_--Select--Schedule 1Inj'

2018-06-04 18:39:04 - [TEST_STEP][PASSED] - delay: Delayed 1 second(s)

2018-06-04 18:39:05 - [MESSAGE][PASSED] - Delayed 1 second(s)

2018-06-04 18:39:05 - [TEST_STEP][PASSED] - selectOptionByIndex: All options with index in [33] are selected on object 'Object Repository/Store Request Schedule 1/Page_Store/select_--Select--Adernaline 0.'

2018-06-04 18:39:05 - [MESSAGE][PASSED] - All options with index in [33] are selected on object 'Object Repository/Store Request Schedule 1/Page_Store/select_--Select--Adernaline 0.'

2018-06-04 18:39:05 - [TEST_STEP][PASSED] - setText: Text '100' is set on object 'Object Repository/Store Request Schedule 1/Page_Store/input_txttreat'

2018-06-04 18:39:05 - [MESSAGE][PASSED] - Text '100' is set on object 'Object Repository/Store Request Schedule 1/Page_Store/input_txttreat'

2018-06-04 18:39:05 - [TEST_STEP][PASSED] - click: Object: 'Object Repository/Store Request Schedule 1/Page_Store/button_Add' is clicked on

2018-06-04 18:39:05 - [MESSAGE][PASSED] - Object: 'Object Repository/Store Request Schedule 1/Page_Store/button_Add' is clicked on

2018-06-04 18:39:05 - [TEST_STEP][PASSED] - selectOptionByIndex: All options with index in [2] are selected on object 'Object Repository/Store Request Schedule 1/Page_Store/select_--Select--Schedule 1Inj'

2018-06-04 18:39:06 - [MESSAGE][PASSED] - All options with index in [2] are selected on object 'Object Repository/Store Request Schedule 1/Page_Store/select_--Select--Schedule 1Inj'

2018-06-04 18:39:06 - [TEST_STEP][PASSED] - delay: Delayed 1 second(s)

2018-06-04 18:39:07 - [MESSAGE][PASSED] - Delayed 1 second(s)

2018-06-04 18:39:07 - [TEST_STEP][PASSED] - selectOptionByIndex: All options with index in [34] are selected on object 'Object Repository/Store Request Schedule 1/Page_Store/select_--Select--Adernaline 0.'

2018-06-04 18:39:07 - [MESSAGE][PASSED] - All options with index in [34] are selected on object 'Object Repository/Store Request Schedule 1/Page_Store/select_--Select--Adernaline 0.'

2018-06-04 18:39:07 - [TEST_STEP][PASSED] - setText: Text '100' is set on object 'Object Repository/Store Request Schedule 1/Page_Store/input_txttreat'

2018-06-04 18:39:07 - [MESSAGE][PASSED] - Text '100' is set on object 'Object Repository/Store Request Schedule 1/Page_Store/input_txttreat'

2018-06-04 18:39:07 - [TEST_STEP][PASSED] - click: Object: 'Object Repository/Store Request Schedule 1/Page_Store/button_Add' is clicked on

2018-06-04 18:39:07 - [MESSAGE][PASSED] - Object: 'Object Repository/Store Request Schedule 1/Page_Store/button_Add' is clicked on

2018-06-04 18:39:07 - [TEST_STEP][PASSED] - selectOptionByIndex: All options with index in [2] are selected on object 'Object Repository/Store Request Schedule 1/Page_Store/select_--Select--Schedule 1Inj'

2018-06-04 18:39:07 - [MESSAGE][PASSED] - All options with index in [2] are selected on object 'Object Repository/Store Request Schedule 1/Page_Store/select_--Select--Schedule 1Inj'

2018-06-04 18:39:07 - [TEST_STEP][PASSED] - delay: Delayed 1 second(s)

2018-06-04 18:39:08 - [MESSAGE][PASSED] - Delayed 1 second(s)

2018-06-04 18:39:08 - [TEST_STEP][PASSED] - selectOptionByIndex: All options with index in [35] are selected on object 'Object Repository/Store Request Schedule 1/Page_Store/select_--Select--Adernaline 0.'

2018-06-04 18:39:09 - [MESSAGE][PASSED] - All options with index in [35] are selected on object 'Object Repository/Store Request Schedule 1/Page_Store/select_--Select--Adernaline 0.'

2018-06-04 18:39:09 - [TEST_STEP][PASSED] - setText: Text '100' is set on object 'Object Repository/Store Request Schedule 1/Page_Store/input_txttreat'

2018-06-04 18:39:09 - [MESSAGE][PASSED] - Text '100' is set on object 'Object Repository/Store Request Schedule 1/Page_Store/input_txttreat'

2018-06-04 18:39:09 - [TEST_STEP][PASSED] - click: Object: 'Object Repository/Store Request Schedule 1/Page_Store/button_Add' is clicked on

2018-06-04 18:39:09 - [MESSAGE][PASSED] - Object: 'Object Repository/Store Request Schedule 1/Page_Store/button_Add' is clicked on

2018-06-04 18:39:09 - [TEST_STEP][PASSED] - selectOptionByIndex: All options with index in [2] are selected on object 'Object Repository/Store Request Schedule 1/Page_Store/select_--Select--Schedule 1Inj'

2018-06-04 18:39:09 - [MESSAGE][PASSED] - All options with index in [2] are selected on object 'Object Repository/Store Request Schedule 1/Page_Store/select_--Select--Schedule 1Inj'

2018-06-04 18:39:09 - [TEST_STEP][PASSED] - delay: Delayed 1 second(s)

2018-06-04 18:39:10 - [MESSAGE][PASSED] - Delayed 1 second(s)

2018-06-04 18:39:10 - [TEST_STEP][PASSED] - selectOptionByIndex: All options with index in [36] are selected on object 'Object Repository/Store Request Schedule 1/Page_Store/select_--Select--Adernaline 0.'

2018-06-04 18:39:11 - [MESSAGE][PASSED] - All options with index in [36] are selected on object 'Object Repository/Store Request Schedule 1/Page_Store/select_--Select--Adernaline 0.'

2018-06-04 18:39:11 - [TEST_STEP][PASSED] - setText: Text '100' is set on object 'Object Repository/Store Request Schedule 1/Page_Store/input_txttreat'

2018-06-04 18:39:11 - [MESSAGE][PASSED] - Text '100' is set on object 'Object Repository/Store Request Schedule 1/Page_Store/input_txttreat'

2018-06-04 18:39:11 - [TEST_STEP][PASSED] - click: Object: 'Object Repository/Store Request Schedule 1/Page_Store/button_Add' is clicked on

2018-06-04 18:39:11 - [MESSAGE][PASSED] - Object: 'Object Repository/Store Request Schedule 1/Page_Store/button_Add' is clicked on

2018-06-04 18:39:11 - [TEST_STEP][PASSED] - selectOptionByIndex: All options with index in [2] are selected on object 'Object Repository/Store Request Schedule 1/Page_Store/select_--Select--Schedule 1Inj'

2018-06-04 18:39:11 - [MESSAGE][PASSED] - All options with index in [2] are selected on object 'Object Repository/Store Request Schedule 1/Page_Store/select_--Select--Schedule 1Inj'

2018-06-04 18:39:11 - [TEST_STEP][PASSED] - delay: Delayed 1 second(s)

2018-06-04 18:39:12 - [MESSAGE][PASSED] - Delayed 1 second(s)

2018-06-04 18:39:12 - [TEST_STEP][PASSED] - selectOptionByIndex: All options with index in [37] are selected on object 'Object Repository/Store Request Schedule 1/Page_Store/select_--Select--Adernaline 0.'

2018-06-04 18:39:13 - [MESSAGE][PASSED] - All options with index in [37] are selected on object 'Object Repository/Store Request Schedule 1/Page_Store/select_--Select--Adernaline 0.'

2018-06-04 18:39:13 - [TEST_STEP][PASSED] - setText: Text '100' is set on object 'Object Repository/Store Request Schedule 1/Page_Store/input_txttreat'

2018-06-04 18:39:13 - [MESSAGE][PASSED] - Text '100' is set on object 'Object Repository/Store Request Schedule 1/Page_Store/input_txttreat'

2018-06-04 18:39:13 - [TEST_STEP][PASSED] - click: Object: 'Object Repository/Store Request Schedule 1/Page_Store/button_Add' is clicked on

2018-06-04 18:39:13 - [MESSAGE][PASSED] - Object: 'Object Repository/Store Request Schedule 1/Page_Store/button_Add' is clicked on

2018-06-04 18:39:13 - [TEST_STEP][PASSED] - selectOptionByIndex: All options with index in [2] are selected on object 'Object Repository/Store Request Schedule 1/Page_Store/select_--Select--Schedule 1Inj'

2018-06-04 18:39:13 - [MESSAGE][PASSED] - All options with index in [2] are selected on object 'Object Repository/Store Request Schedule 1/Page_Store/select_--Select--Schedule 1Inj'

2018-06-04 18:39:13 - [TEST_STEP][PASSED] - delay: Delayed 1 second(s)

2018-06-04 18:39:14 - [MESSAGE][PASSED] - Delayed 1 second(s)

2018-06-04 18:39:14 - [TEST_STEP][PASSED] - selectOptionByIndex: All options with index in [38] are selected on object 'Object Repository/Store Request Schedule 1/Page_Store/select_--Select--Adernaline 0.'

2018-06-04 18:39:15 - [MESSAGE][PASSED] - All options with index in [38] are selected on object 'Object Repository/Store Request Schedule 1/Page_Store/select_--Select--Adernaline 0.'

2018-06-04 18:39:15 - [TEST_STEP][PASSED] - setText: Text '100' is set on object 'Object Repository/Store Request Schedule 1/Page_Store/input_txttreat'

2018-06-04 18:39:15 - [MESSAGE][PASSED] - Text '100' is set on object 'Object Repository/Store Request Schedule 1/Page_Store/input_txttreat'

2018-06-04 18:39:15 - [TEST_STEP][PASSED] - click: Object: 'Object Repository/Store Request Schedule 1/Page_Store/button_Add' is clicked on

2018-06-04 18:39:15 - [MESSAGE][PASSED] - Object: 'Object Repository/Store Request Schedule 1/Page_Store/button_Add' is clicked on

2018-06-04 18:39:15 - [TEST_STEP][PASSED] - selectOptionByIndex: All options with index in [2] are selected on object 'Object Repository/Store Request Schedule 1/Page_Store/select_--Select--Schedule 1Inj'

2018-06-04 18:39:15 - [MESSAGE][PASSED] - All options with index in [2] are selected on object 'Object Repository/Store Request Schedule 1/Page_Store/select_--Select--Schedule 1Inj'

2018-06-04 18:39:15 - [TEST_STEP][PASSED] - delay: Delayed 1 second(s)

2018-06-04 18:39:16 - [MESSAGE][PASSED] - Delayed 1 second(s)

2018-06-04 18:39:16 - [TEST_STEP][PASSED] - selectOptionByIndex: All options with index in [39] are selected on object 'Object Repository/Store Request Schedule 1/Page_Store/select_--Select--Adernaline 0.'

2018-06-04 18:39:16 - [MESSAGE][PASSED] - All options with index in [39] are selected on object 'Object Repository/Store Request Schedule 1/Page_Store/select_--Select--Adernaline 0.'

2018-06-04 18:39:16 - [TEST_STEP][PASSED] - setText: Text '100' is set on object 'Object Repository/Store Request Schedule 1/Page_Store/input_txttreat'

2018-06-04 18:39:17 - [MESSAGE][PASSED] - Text '100' is set on object 'Object Repository/Store Request Schedule 1/Page_Store/input_txttreat'

2018-06-04 18:39:17 - [TEST_STEP][PASSED] - click: Object: 'Object Repository/Store Request Schedule 1/Page_Store/button_Add' is clicked on

2018-06-04 18:39:17 - [MESSAGE][PASSED] - Object: 'Object Repository/Store Request Schedule 1/Page_Store/button_Add' is clicked on

2018-06-04 18:39:17 - [TEST_STEP][PASSED] - selectOptionByIndex: All options with index in [2] are selected on object 'Object Repository/Store Request Schedule 1/Page_Store/select_--Select--Schedule 1Inj'

2018-06-04 18:39:17 - [MESSAGE][PASSED] - All options with index in [2] are selected on object 'Object Repository/Store Request Schedule 1/Page_Store/select_--Select--Schedule 1Inj'

2018-06-04 18:39:17 - [TEST_STEP][PASSED] - delay: Delayed 1 second(s)

2018-06-04 18:39:18 - [MESSAGE][PASSED] - Delayed 1 second(s)

2018-06-04 18:39:18 - [TEST_STEP][PASSED] - selectOptionByIndex: All options with index in [40] are selected on object 'Object Repository/Store Request Schedule 1/Page_Store/select_--Select--Adernaline 0.'

2018-06-04 18:39:18 - [MESSAGE][PASSED] - All options with index in [40] are selected on object 'Object Repository/Store Request Schedule 1/Page_Store/select_--Select--Adernaline 0.'

2018-06-04 18:39:18 - [TEST_STEP][PASSED] - setText: Text '100' is set on object 'Object Repository/Store Request Schedule 1/Page_Store/input_txttreat'

2018-06-04 18:39:18 - [MESSAGE][PASSED] - Text '100' is set on object 'Object Repository/Store Request Schedule 1/Page_Store/input_txttreat'

2018-06-04 18:39:18 - [TEST_STEP][PASSED] - click: Object: 'Object Repository/Store Request Schedule 1/Page_Store/button_Add' is clicked on

2018-06-04 18:39:18 - [MESSAGE][PASSED] - Object: 'Object Repository/Store Request Schedule 1/Page_Store/button_Add' is clicked on

2018-06-04 18:39:18 - [TEST_STEP][PASSED] - selectOptionByIndex: All options with index in [2] are selected on object 'Object Repository/Store Request Schedule 1/Page_Store/select_--Select--Schedule 1Inj'

2018-06-04 18:39:19 - [MESSAGE][PASSED] - All options with index in [2] are selected on object 'Object Repository/Store Request Schedule 1/Page_Store/select_--Select--Schedule 1Inj'

2018-06-04 18:39:19 - [TEST_STEP][PASSED] - delay: Delayed 1 second(s)

2018-06-04 18:39:20 - [MESSAGE][PASSED] - Delayed 1 second(s)

2018-06-04 18:39:20 - [TEST_STEP][PASSED] - selectOptionByIndex: All options with index in [41] are selected on object 'Object Repository/Store Request Schedule 1/Page_Store/select_--Select--Adernaline 0.'

2018-06-04 18:39:20 - [MESSAGE][PASSED] - All options with index in [41] are selected on object 'Object Repository/Store Request Schedule 1/Page_Store/select_--Select--Adernaline 0.'

2018-06-04 18:39:20 - [TEST_STEP][PASSED] - setText: Text '100' is set on object 'Object Repository/Store Request Schedule 1/Page_Store/input_txttreat'

2018-06-04 18:39:20 - [MESSAGE][PASSED] - Text '100' is set on object 'Object Repository/Store Request Schedule 1/Page_Store/input_txttreat'

2018-06-04 18:39:20 - [TEST_STEP][PASSED] - click: Object: 'Object Repository/Store Request Schedule 1/Page_Store/button_Add' is clicked on

2018-06-04 18:39:20 - [MESSAGE][PASSED] - Object: 'Object Repository/Store Request Schedule 1/Page_Store/button_Add' is clicked on

2018-06-04 18:39:20 - [TEST_STEP][PASSED] - selectOptionByIndex: All options with index in [2] are selected on object 'Object Repository/Store Request Schedule 1/Page_Store/select_--Select--Schedule 1Inj'

2018-06-04 18:39:21 - [MESSAGE][PASSED] - All options with index in [2] are selected on object 'Object Repository/Store Request Schedule 1/Page_Store/select_--Select--Schedule 1Inj'

2018-06-04 18:39:21 - [TEST_STEP][PASSED] - delay: Delayed 1 second(s)

2018-06-04 18:39:22 - [MESSAGE][PASSED] - Delayed 1 second(s)

2018-06-04 18:39:22 - [TEST_STEP][PASSED] - selectOptionByIndex: All options with index in [42] are selected on object 'Object Repository/Store Request Schedule 1/Page_Store/select_--Select--Adernaline 0.'

2018-06-04 18:39:22 - [MESSAGE][PASSED] - All options with index in [42] are selected on object 'Object Repository/Store Request Schedule 1/Page_Store/select_--Select--Adernaline 0.'

2018-06-04 18:39:22 - [TEST_STEP][PASSED] - setText: Text '100' is set on object 'Object Repository/Store Request Schedule 1/Page_Store/input_txttreat'

2018-06-04 18:39:22 - [MESSAGE][PASSED] - Text '100' is set on object 'Object Repository/Store Request Schedule 1/Page_Store/input_txttreat'

2018-06-04 18:39:22 - [TEST_STEP][PASSED] - click: Object: 'Object Repository/Store Request Schedule 1/Page_Store/button_Add' is clicked on

2018-06-04 18:39:22 - [MESSAGE][PASSED] - Object: 'Object Repository/Store Request Schedule 1/Page_Store/button_Add' is clicked on

2018-06-04 18:39:22 - [TEST_STEP][PASSED] - selectOptionByIndex: All options with index in [2] are selected on object 'Object Repository/Store Request Schedule 1/Page_Store/select_--Select--Schedule 1Inj'

2018-06-04 18:39:22 - [MESSAGE][PASSED] - All options with index in [2] are selected on object 'Object Repository/Store Request Schedule 1/Page_Store/select_--Select--Schedule 1Inj'

2018-06-04 18:39:22 - [TEST_STEP][PASSED] - delay: Delayed 1 second(s)

2018-06-04 18:39:23 - [MESSAGE][PASSED] - Delayed 1 second(s)

2018-06-04 18:39:23 - [TEST_STEP][PASSED] - selectOptionByIndex: All options with index in [43] are selected on object 'Object Repository/Store Request Schedule 1/Page_Store/select_--Select--Adernaline 0.'

2018-06-04 18:39:24 - [MESSAGE][PASSED] - All options with index in [43] are selected on object 'Object Repository/Store Request Schedule 1/Page_Store/select_--Select--Adernaline 0.'

2018-06-04 18:39:24 - [TEST_STEP][PASSED] - setText: Text '100' is set on object 'Object Repository/Store Request Schedule 1/Page_Store/input_txttreat'

2018-06-04 18:39:24 - [MESSAGE][PASSED] - Text '100' is set on object 'Object Repository/Store Request Schedule 1/Page_Store/input_txttreat'

2018-06-04 18:39:24 - [TEST_STEP][PASSED] - click: Object: 'Object Repository/Store Request Schedule 1/Page_Store/button_Add' is clicked on

2018-06-04 18:39:24 - [MESSAGE][PASSED] - Object: 'Object Repository/Store Request Schedule 1/Page_Store/button_Add' is clicked on

2018-06-04 18:39:24 - [TEST_STEP][PASSED] - selectOptionByIndex: All options with index in [2] are selected on object 'Object Repository/Store Request Schedule 1/Page_Store/select_--Select--Schedule 1Inj'

2018-06-04 18:39:24 - [MESSAGE][PASSED] - All options with index in [2] are selected on object 'Object Repository/Store Request Schedule 1/Page_Store/select_--Select--Schedule 1Inj'

2018-06-04 18:39:24 - [TEST_STEP][PASSED] - delay: Delayed 1 second(s)

2018-06-04 18:39:25 - [MESSAGE][PASSED] - Delayed 1 second(s)

2018-06-04 18:39:25 - [TEST_STEP][PASSED] - selectOptionByIndex: All options with index in [44] are selected on object 'Object Repository/Store Request Schedule 1/Page_Store/select_--Select--Adernaline 0.'

2018-06-04 18:39:26 - [MESSAGE][PASSED] - All options with index in [44] are selected on object 'Object Repository/Store Request Schedule 1/Page_Store/select_--Select--Adernaline 0.'

2018-06-04 18:39:26 - [TEST_STEP][PASSED] - setText: Text '100' is set on object 'Object Repository/Store Request Schedule 1/Page_Store/input_txttreat'

2018-06-04 18:39:26 - [MESSAGE][PASSED] - Text '100' is set on object 'Object Repository/Store Request Schedule 1/Page_Store/input_txttreat'

2018-06-04 18:39:26 - [TEST_STEP][PASSED] - click: Object: 'Object Repository/Store Request Schedule 1/Page_Store/button_Add' is clicked on

2018-06-04 18:39:26 - [MESSAGE][PASSED] - Object: 'Object Repository/Store Request Schedule 1/Page_Store/button_Add' is clicked on

2018-06-04 18:39:26 - [TEST_STEP][PASSED] - selectOptionByIndex: All options with index in [2] are selected on object 'Object Repository/Store Request Schedule 1/Page_Store/select_--Select--Schedule 1Inj'

2018-06-04 18:39:26 - [MESSAGE][PASSED] - All options with index in [2] are selected on object 'Object Repository/Store Request Schedule 1/Page_Store/select_--Select--Schedule 1Inj'

2018-06-04 18:39:26 - [TEST_STEP][PASSED] - delay: Delayed 1 second(s)

2018-06-04 18:39:27 - [MESSAGE][PASSED] - Delayed 1 second(s)

2018-06-04 18:39:27 - [TEST_STEP][PASSED] - selectOptionByIndex: All options with index in [45] are selected on object 'Object Repository/Store Request Schedule 1/Page_Store/select_--Select--Adernaline 0.'

2018-06-04 18:39:28 - [MESSAGE][PASSED] - All options with index in [45] are selected on object 'Object Repository/Store Request Schedule 1/Page_Store/select_--Select--Adernaline 0.'

2018-06-04 18:39:28 - [TEST_STEP][PASSED] - setText: Text '100' is set on object 'Object Repository/Store Request Schedule 1/Page_Store/input_txttreat'

2018-06-04 18:39:28 - [MESSAGE][PASSED] - Text '100' is set on object 'Object Repository/Store Request Schedule 1/Page_Store/input_txttreat'

2018-06-04 18:39:28 - [TEST_STEP][PASSED] - click: Object: 'Object Repository/Store Request Schedule 1/Page_Store/button_Add' is clicked on

2018-06-04 18:39:28 - [MESSAGE][PASSED] - Object: 'Object Repository/Store Request Schedule 1/Page_Store/button_Add' is clicked on

2018-06-04 18:39:28 - [TEST_STEP][PASSED] - selectOptionByIndex: All options with index in [2] are selected on object 'Object Repository/Store Request Schedule 1/Page_Store/select_--Select--Schedule 1Inj'

2018-06-04 18:39:28 - [MESSAGE][PASSED] - All options with index in [2] are selected on object 'Object Repository/Store Request Schedule 1/Page_Store/select_--Select--Schedule 1Inj'

2018-06-04 18:39:28 - [TEST_STEP][PASSED] - delay: Delayed 1 second(s)

2018-06-04 18:39:29 - [MESSAGE][PASSED] - Delayed 1 second(s)

2018-06-04 18:39:29 - [TEST_STEP][PASSED] - selectOptionByIndex: All options with index in [46] are selected on object 'Object Repository/Store Request Schedule 1/Page_Store/select_--Select--Adernaline 0.'

2018-06-04 18:39:30 - [MESSAGE][PASSED] - All options with index in [46] are selected on object 'Object Repository/Store Request Schedule 1/Page_Store/select_--Select--Adernaline 0.'

2018-06-04 18:39:30 - [TEST_STEP][PASSED] - setText: Text '100' is set on object 'Object Repository/Store Request Schedule 1/Page_Store/input_txttreat'

2018-06-04 18:39:30 - [MESSAGE][PASSED] - Text '100' is set on object 'Object Repository/Store Request Schedule 1/Page_Store/input_txttreat'

2018-06-04 18:39:30 - [TEST_STEP][PASSED] - click: Object: 'Object Repository/Store Request Schedule 1/Page_Store/button_Add' is clicked on

2018-06-04 18:39:30 - [MESSAGE][PASSED] - Object: 'Object Repository/Store Request Schedule 1/Page_Store/button_Add' is clicked on

2018-06-04 18:39:30 - [TEST_STEP][PASSED] - selectOptionByIndex: All options with index in [2] are selected on object 'Object Repository/Store Request Schedule 1/Page_Store/select_--Select--Schedule 1Inj'

2018-06-04 18:39:30 - [MESSAGE][PASSED] - All options with index in [2] are selected on object 'Object Repository/Store Request Schedule 1/Page_Store/select_--Select--Schedule 1Inj'

2018-06-04 18:39:30 - [TEST_STEP][PASSED] - delay: Delayed 1 second(s)

2018-06-04 18:39:31 - [MESSAGE][PASSED] - Delayed 1 second(s)

2018-06-04 18:39:31 - [TEST_STEP][PASSED] - selectOptionByIndex: All options with index in [47] are selected on object 'Object Repository/Store Request Schedule 1/Page_Store/select_--Select--Adernaline 0.'

2018-06-04 18:39:32 - [MESSAGE][PASSED] - All options with index in [47] are selected on object 'Object Repository/Store Request Schedule 1/Page_Store/select_--Select--Adernaline 0.'

2018-06-04 18:39:32 - [TEST_STEP][PASSED] - setText: Text '100' is set on object 'Object Repository/Store Request Schedule 1/Page_Store/input_txttreat'

2018-06-04 18:39:32 - [MESSAGE][PASSED] - Text '100' is set on object 'Object Repository/Store Request Schedule 1/Page_Store/input_txttreat'

2018-06-04 18:39:32 - [TEST_STEP][PASSED] - click: Object: 'Object Repository/Store Request Schedule 1/Page_Store/button_Add' is clicked on

2018-06-04 18:39:32 - [MESSAGE][PASSED] - Object: 'Object Repository/Store Request Schedule 1/Page_Store/button_Add' is clicked on

2018-06-04 18:39:32 - [TEST_STEP][PASSED] - selectOptionByIndex: All options with index in [2] are selected on object 'Object Repository/Store Request Schedule 1/Page_Store/select_--Select--Schedule 1Inj'

2018-06-04 18:39:32 - [MESSAGE][PASSED] - All options with index in [2] are selected on object 'Object Repository/Store Request Schedule 1/Page_Store/select_--Select--Schedule 1Inj'

2018-06-04 18:39:32 - [TEST_STEP][PASSED] - delay: Delayed 1 second(s)

2018-06-04 18:39:33 - [MESSAGE][PASSED] - Delayed 1 second(s)

2018-06-04 18:39:33 - [TEST_STEP][PASSED] - selectOptionByIndex: All options with index in [48] are selected on object 'Object Repository/Store Request Schedule 1/Page_Store/select_--Select--Adernaline 0.'

2018-06-04 18:39:34 - [MESSAGE][PASSED] - All options with index in [48] are selected on object 'Object Repository/Store Request Schedule 1/Page_Store/select_--Select--Adernaline 0.'

2018-06-04 18:39:34 - [TEST_STEP][PASSED] - setText: Text '100' is set on object 'Object Repository/Store Request Schedule 1/Page_Store/input_txttreat'

2018-06-04 18:39:34 - [MESSAGE][PASSED] - Text '100' is set on object 'Object Repository/Store Request Schedule 1/Page_Store/input_txttreat'

2018-06-04 18:39:34 - [TEST_STEP][PASSED] - click: Object: 'Object Repository/Store Request Schedule 1/Page_Store/button_Add' is clicked on

2018-06-04 18:39:34 - [MESSAGE][PASSED] - Object: 'Object Repository/Store Request Schedule 1/Page_Store/button_Add' is clicked on

2018-06-04 18:39:34 - [TEST_STEP][PASSED] - selectOptionByIndex: All options with index in [2] are selected on object 'Object Repository/Store Request Schedule 1/Page_Store/select_--Select--Schedule 1Inj'

2018-06-04 18:39:34 - [MESSAGE][PASSED] - All options with index in [2] are selected on object 'Object Repository/Store Request Schedule 1/Page_Store/select_--Select--Schedule 1Inj'

2018-06-04 18:39:34 - [TEST_STEP][PASSED] - delay: Delayed 1 second(s)

2018-06-04 18:39:35 - [MESSAGE][PASSED] - Delayed 1 second(s)

2018-06-04 18:39:35 - [TEST_STEP][PASSED] - selectOptionByIndex: All options with index in [49] are selected on object 'Object Repository/Store Request Schedule 1/Page_Store/select_--Select--Adernaline 0.'

2018-06-04 18:39:36 - [MESSAGE][PASSED] - All options with index in [49] are selected on object 'Object Repository/Store Request Schedule 1/Page_Store/select_--Select--Adernaline 0.'

2018-06-04 18:39:36 - [TEST_STEP][PASSED] - setText: Text '100' is set on object 'Object Repository/Store Request Schedule 1/Page_Store/input_txttreat'

2018-06-04 18:39:36 - [MESSAGE][PASSED] - Text '100' is set on object 'Object Repository/Store Request Schedule 1/Page_Store/input_txttreat'

2018-06-04 18:39:36 - [TEST_STEP][PASSED] - click: Object: 'Object Repository/Store Request Schedule 1/Page_Store/button_Add' is clicked on

2018-06-04 18:39:36 - [MESSAGE][PASSED] - Object: 'Object Repository/Store Request Schedule 1/Page_Store/button_Add' is clicked on

2018-06-04 18:39:36 - [TEST_STEP][PASSED] - selectOptionByIndex: All options with index in [2] are selected on object 'Object Repository/Store Request Schedule 1/Page_Store/select_--Select--Schedule 1Inj'

2018-06-04 18:39:36 - [MESSAGE][PASSED] - All options with index in [2] are selected on object 'Object Repository/Store Request Schedule 1/Page_Store/select_--Select--Schedule 1Inj'

2018-06-04 18:39:36 - [TEST_STEP][PASSED] - delay: Delayed 1 second(s)

2018-06-04 18:39:37 - [MESSAGE][PASSED] - Delayed 1 second(s)

2018-06-04 18:39:37 - [TEST_STEP][PASSED] - selectOptionByIndex: All options with index in [50] are selected on object 'Object Repository/Store Request Schedule 1/Page_Store/select_--Select--Adernaline 0.'

2018-06-04 18:39:38 - [MESSAGE][PASSED] - All options with index in [50] are selected on object 'Object Repository/Store Request Schedule 1/Page_Store/select_--Select--Adernaline 0.'

2018-06-04 18:39:38 - [TEST_STEP][PASSED] - setText: Text '100' is set on object 'Object Repository/Store Request Schedule 1/Page_Store/input_txttreat'

2018-06-04 18:39:38 - [MESSAGE][PASSED] - Text '100' is set on object 'Object Repository/Store Request Schedule 1/Page_Store/input_txttreat'

2018-06-04 18:39:38 - [TEST_STEP][PASSED] - click: Object: 'Object Repository/Store Request Schedule 1/Page_Store/button_Add' is clicked on

2018-06-04 18:39:38 - [MESSAGE][PASSED] - Object: 'Object Repository/Store Request Schedule 1/Page_Store/button_Add' is clicked on

2018-06-04 18:39:38 - [TEST_STEP][PASSED] - selectOptionByIndex: All options with index in [2] are selected on object 'Object Repository/Store Request Schedule 1/Page_Store/select_--Select--Schedule 1Inj'

2018-06-04 18:39:38 - [MESSAGE][PASSED] - All options with index in [2] are selected on object 'Object Repository/Store Request Schedule 1/Page_Store/select_--Select--Schedule 1Inj'

2018-06-04 18:39:38 - [TEST_STEP][PASSED] - delay: Delayed 1 second(s)

2018-06-04 18:39:39 - [MESSAGE][PASSED] - Delayed 1 second(s)

2018-06-04 18:39:39 - [TEST_STEP][PASSED] - selectOptionByIndex: All options with index in [51] are selected on object 'Object Repository/Store Request Schedule 1/Page_Store/select_--Select--Adernaline 0.'

2018-06-04 18:39:40 - [MESSAGE][PASSED] - All options with index in [51] are selected on object 'Object Repository/Store Request Schedule 1/Page_Store/select_--Select--Adernaline 0.'

2018-06-04 18:39:40 - [TEST_STEP][PASSED] - setText: Text '100' is set on object 'Object Repository/Store Request Schedule 1/Page_Store/input_txttreat'

2018-06-04 18:39:40 - [MESSAGE][PASSED] - Text '100' is set on object 'Object Repository/Store Request Schedule 1/Page_Store/input_txttreat'

2018-06-04 18:39:40 - [TEST_STEP][PASSED] - click: Object: 'Object Repository/Store Request Schedule 1/Page_Store/button_Add' is clicked on

2018-06-04 18:39:40 - [MESSAGE][PASSED] - Object: 'Object Repository/Store Request Schedule 1/Page_Store/button_Add' is clicked on

2018-06-04 18:39:40 - [TEST_STEP][PASSED] - selectOptionByIndex: All options with index in [2] are selected on object 'Object Repository/Store Request Schedule 1/Page_Store/select_--Select--Schedule 1Inj'

2018-06-04 18:39:40 - [MESSAGE][PASSED] - All options with index in [2] are selected on object 'Object Repository/Store Request Schedule 1/Page_Store/select_--Select--Schedule 1Inj'

2018-06-04 18:39:40 - [TEST_STEP][PASSED] - delay: Delayed 1 second(s)

2018-06-04 18:39:41 - [MESSAGE][PASSED] - Delayed 1 second(s)

2018-06-04 18:39:41 - [TEST_STEP][PASSED] - selectOptionByIndex: All options with index in [52] are selected on object 'Object Repository/Store Request Schedule 1/Page_Store/select_--Select--Adernaline 0.'

2018-06-04 18:39:42 - [MESSAGE][PASSED] - All options with index in [52] are selected on object 'Object Repository/Store Request Schedule 1/Page_Store/select_--Select--Adernaline 0.'

2018-06-04 18:39:42 - [TEST_STEP][PASSED] - setText: Text '100' is set on object 'Object Repository/Store Request Schedule 1/Page_Store/input_txttreat'

2018-06-04 18:39:42 - [MESSAGE][PASSED] - Text '100' is set on object 'Object Repository/Store Request Schedule 1/Page_Store/input_txttreat'

2018-06-04 18:39:42 - [TEST_STEP][PASSED] - click: Object: 'Object Repository/Store Request Schedule 1/Page_Store/button_Add' is clicked on

2018-06-04 18:39:42 - [MESSAGE][PASSED] - Object: 'Object Repository/Store Request Schedule 1/Page_Store/button_Add' is clicked on

2018-06-04 18:39:42 - [TEST_STEP][PASSED] - selectOptionByIndex: All options with index in [2] are selected on object 'Object Repository/Store Request Schedule 1/Page_Store/select_--Select--Schedule 1Inj'

2018-06-04 18:39:42 - [MESSAGE][PASSED] - All options with index in [2] are selected on object 'Object Repository/Store Request Schedule 1/Page_Store/select_--Select--Schedule 1Inj'

2018-06-04 18:39:42 - [TEST_STEP][PASSED] - delay: Delayed 1 second(s)

2018-06-04 18:39:43 - [MESSAGE][PASSED] - Delayed 1 second(s)

2018-06-04 18:39:43 - [TEST_STEP][PASSED] - selectOptionByIndex: All options with index in [53] are selected on object 'Object Repository/Store Request Schedule 1/Page_Store/select_--Select--Adernaline 0.'

2018-06-04 18:39:44 - [MESSAGE][PASSED] - All options with index in [53] are selected on object 'Object Repository/Store Request Schedule 1/Page_Store/select_--Select--Adernaline 0.'

2018-06-04 18:39:44 - [TEST_STEP][PASSED] - setText: Text '100' is set on object 'Object Repository/Store Request Schedule 1/Page_Store/input_txttreat'

2018-06-04 18:39:44 - [MESSAGE][PASSED] - Text '100' is set on object 'Object Repository/Store Request Schedule 1/Page_Store/input_txttreat'

2018-06-04 18:39:44 - [TEST_STEP][PASSED] - click: Object: 'Object Repository/Store Request Schedule 1/Page_Store/button_Add' is clicked on

2018-06-04 18:39:44 - [MESSAGE][PASSED] - Object: 'Object Repository/Store Request Schedule 1/Page_Store/button_Add' is clicked on

2018-06-04 18:39:44 - [TEST_STEP][PASSED] - selectOptionByIndex: All options with index in [2] are selected on object 'Object Repository/Store Request Schedule 1/Page_Store/select_--Select--Schedule 1Inj'

2018-06-04 18:39:44 - [MESSAGE][PASSED] - All options with index in [2] are selected on object 'Object Repository/Store Request Schedule 1/Page_Store/select_--Select--Schedule 1Inj'

2018-06-04 18:39:44 - [TEST_STEP][PASSED] - delay: Delayed 1 second(s)

2018-06-04 18:39:45 - [MESSAGE][PASSED] - Delayed 1 second(s)

2018-06-04 18:39:45 - [TEST_STEP][PASSED] - selectOptionByIndex: All options with index in [54] are selected on object 'Object Repository/Store Request Schedule 1/Page_Store/select_--Select--Adernaline 0.'

2018-06-04 18:39:46 - [MESSAGE][PASSED] - All options with index in [54] are selected on object 'Object Repository/Store Request Schedule 1/Page_Store/select_--Select--Adernaline 0.'

2018-06-04 18:39:46 - [TEST_STEP][PASSED] - setText: Text '100' is set on object 'Object Repository/Store Request Schedule 1/Page_Store/input_txttreat'

2018-06-04 18:39:46 - [MESSAGE][PASSED] - Text '100' is set on object 'Object Repository/Store Request Schedule 1/Page_Store/input_txttreat'

2018-06-04 18:39:46 - [TEST_STEP][PASSED] - click: Object: 'Object Repository/Store Request Schedule 1/Page_Store/button_Add' is clicked on

2018-06-04 18:39:46 - [MESSAGE][PASSED] - Object: 'Object Repository/Store Request Schedule 1/Page_Store/button_Add' is clicked on

2018-06-04 18:39:46 - [TEST_STEP][PASSED] - selectOptionByIndex: All options with index in [2] are selected on object 'Object Repository/Store Request Schedule 1/Page_Store/select_--Select--Schedule 1Inj'

2018-06-04 18:39:46 - [MESSAGE][PASSED] - All options with index in [2] are selected on object 'Object Repository/Store Request Schedule 1/Page_Store/select_--Select--Schedule 1Inj'

2018-06-04 18:39:46 - [TEST_STEP][PASSED] - delay: Delayed 1 second(s)

2018-06-04 18:39:47 - [MESSAGE][PASSED] - Delayed 1 second(s)

2018-06-04 18:39:47 - [TEST_STEP][PASSED] - selectOptionByIndex: All options with index in [55] are selected on object 'Object Repository/Store Request Schedule 1/Page_Store/select_--Select--Adernaline 0.'

2018-06-04 18:39:48 - [MESSAGE][PASSED] - All options with index in [55] are selected on object 'Object Repository/Store Request Schedule 1/Page_Store/select_--Select--Adernaline 0.'

2018-06-04 18:39:48 - [TEST_STEP][PASSED] - setText: Text '100' is set on object 'Object Repository/Store Request Schedule 1/Page_Store/input_txttreat'

2018-06-04 18:39:48 - [MESSAGE][PASSED] - Text '100' is set on object 'Object Repository/Store Request Schedule 1/Page_Store/input_txttreat'

2018-06-04 18:39:48 - [TEST_STEP][PASSED] - click: Object: 'Object Repository/Store Request Schedule 1/Page_Store/button_Add' is clicked on

2018-06-04 18:39:48 - [MESSAGE][PASSED] - Object: 'Object Repository/Store Request Schedule 1/Page_Store/button_Add' is clicked on

2018-06-04 18:39:48 - [TEST_STEP][PASSED] - selectOptionByIndex: All options with index in [2] are selected on object 'Object Repository/Store Request Schedule 1/Page_Store/select_--Select--Schedule 1Inj'

2018-06-04 18:39:48 - [MESSAGE][PASSED] - All options with index in [2] are selected on object 'Object Repository/Store Request Schedule 1/Page_Store/select_--Select--Schedule 1Inj'

2018-06-04 18:39:48 - [TEST_STEP][PASSED] - delay: Delayed 1 second(s)

2018-06-04 18:39:49 - [MESSAGE][PASSED] - Delayed 1 second(s)

2018-06-04 18:39:49 - [TEST_STEP][PASSED] - selectOptionByIndex: All options with index in [56] are selected on object 'Object Repository/Store Request Schedule 1/Page_Store/select_--Select--Adernaline 0.'

2018-06-04 18:39:50 - [MESSAGE][PASSED] - All options with index in [56] are selected on object 'Object Repository/Store Request Schedule 1/Page_Store/select_--Select--Adernaline 0.'

2018-06-04 18:39:50 - [TEST_STEP][PASSED] - setText: Text '100' is set on object 'Object Repository/Store Request Schedule 1/Page_Store/input_txttreat'

2018-06-04 18:39:50 - [MESSAGE][PASSED] - Text '100' is set on object 'Object Repository/Store Request Schedule 1/Page_Store/input_txttreat'

2018-06-04 18:39:50 - [TEST_STEP][PASSED] - click: Object: 'Object Repository/Store Request Schedule 1/Page_Store/button_Add' is clicked on

2018-06-04 18:39:50 - [MESSAGE][PASSED] - Object: 'Object Repository/Store Request Schedule 1/Page_Store/button_Add' is clicked on

2018-06-04 18:39:50 - [TEST_STEP][PASSED] - selectOptionByIndex: All options with index in [2] are selected on object 'Object Repository/Store Request Schedule 1/Page_Store/select_--Select--Schedule 1Inj'

2018-06-04 18:39:50 - [MESSAGE][PASSED] - All options with index in [2] are selected on object 'Object Repository/Store Request Schedule 1/Page_Store/select_--Select--Schedule 1Inj'

2018-06-04 18:39:50 - [TEST_STEP][PASSED] - delay: Delayed 1 second(s)

2018-06-04 18:39:51 - [MESSAGE][PASSED] - Delayed 1 second(s)

2018-06-04 18:39:51 - [TEST_STEP][PASSED] - selectOptionByIndex: All options with index in [57] are selected on object 'Object Repository/Store Request Schedule 1/Page_Store/select_--Select--Adernaline 0.'

2018-06-04 18:39:52 - [MESSAGE][PASSED] - All options with index in [57] are selected on object 'Object Repository/Store Request Schedule 1/Page_Store/select_--Select--Adernaline 0.'

2018-06-04 18:39:52 - [TEST_STEP][PASSED] - setText: Text '100' is set on object 'Object Repository/Store Request Schedule 1/Page_Store/input_txttreat'

2018-06-04 18:39:52 - [MESSAGE][PASSED] - Text '100' is set on object 'Object Repository/Store Request Schedule 1/Page_Store/input_txttreat'

2018-06-04 18:39:52 - [TEST_STEP][PASSED] - click: Object: 'Object Repository/Store Request Schedule 1/Page_Store/button_Add' is clicked on

2018-06-04 18:39:52 - [MESSAGE][PASSED] - Object: 'Object Repository/Store Request Schedule 1/Page_Store/button_Add' is clicked on

2018-06-04 18:39:52 - [TEST_STEP][PASSED] - selectOptionByIndex: All options with index in [2] are selected on object 'Object Repository/Store Request Schedule 1/Page_Store/select_--Select--Schedule 1Inj'

2018-06-04 18:39:52 - [MESSAGE][PASSED] - All options with index in [2] are selected on object 'Object Repository/Store Request Schedule 1/Page_Store/select_--Select--Schedule 1Inj'

2018-06-04 18:39:52 - [TEST_STEP][PASSED] - delay: Delayed 1 second(s)

2018-06-04 18:39:53 - [MESSAGE][PASSED] - Delayed 1 second(s)

2018-06-04 18:39:53 - [TEST_STEP][PASSED] - selectOptionByIndex: All options with index in [58] are selected on object 'Object Repository/Store Request Schedule 1/Page_Store/select_--Select--Adernaline 0.'

2018-06-04 18:39:54 - [MESSAGE][PASSED] - All options with index in [58] are selected on object 'Object Repository/Store Request Schedule 1/Page_Store/select_--Select--Adernaline 0.'

2018-06-04 18:39:54 - [TEST_STEP][PASSED] - setText: Text '100' is set on object 'Object Repository/Store Request Schedule 1/Page_Store/input_txttreat'

2018-06-04 18:39:54 - [MESSAGE][PASSED] - Text '100' is set on object 'Object Repository/Store Request Schedule 1/Page_Store/input_txttreat'

2018-06-04 18:39:54 - [TEST_STEP][PASSED] - click: Object: 'Object Repository/Store Request Schedule 1/Page_Store/button_Add' is clicked on

2018-06-04 18:39:54 - [MESSAGE][PASSED] - Object: 'Object Repository/Store Request Schedule 1/Page_Store/button_Add' is clicked on

2018-06-04 18:39:54 - [TEST_STEP][PASSED] - selectOptionByIndex: All options with index in [2] are selected on object 'Object Repository/Store Request Schedule 1/Page_Store/select_--Select--Schedule 1Inj'

2018-06-04 18:39:54 - [MESSAGE][PASSED] - All options with index in [2] are selected on object 'Object Repository/Store Request Schedule 1/Page_Store/select_--Select--Schedule 1Inj'

2018-06-04 18:39:54 - [TEST_STEP][PASSED] - delay: Delayed 1 second(s)

2018-06-04 18:39:55 - [MESSAGE][PASSED] - Delayed 1 second(s)

2018-06-04 18:39:55 - [TEST_STEP][PASSED] - selectOptionByIndex: All options with index in [59] are selected on object 'Object Repository/Store Request Schedule 1/Page_Store/select_--Select--Adernaline 0.'

2018-06-04 18:39:56 - [MESSAGE][PASSED] - All options with index in [59] are selected on object 'Object Repository/Store Request Schedule 1/Page_Store/select_--Select--Adernaline 0.'

2018-06-04 18:39:56 - [TEST_STEP][PASSED] - setText: Text '100' is set on object 'Object Repository/Store Request Schedule 1/Page_Store/input_txttreat'

2018-06-04 18:39:56 - [MESSAGE][PASSED] - Text '100' is set on object 'Object Repository/Store Request Schedule 1/Page_Store/input_txttreat'

2018-06-04 18:39:56 - [TEST_STEP][PASSED] - click: Object: 'Object Repository/Store Request Schedule 1/Page_Store/button_Add' is clicked on

2018-06-04 18:39:56 - [MESSAGE][PASSED] - Object: 'Object Repository/Store Request Schedule 1/Page_Store/button_Add' is clicked on

2018-06-04 18:39:56 - [TEST_STEP][PASSED] - selectOptionByIndex: All options with index in [2] are selected on object 'Object Repository/Store Request Schedule 1/Page_Store/select_--Select--Schedule 1Inj'

2018-06-04 18:39:56 - [MESSAGE][PASSED] - All options with index in [2] are selected on object 'Object Repository/Store Request Schedule 1/Page_Store/select_--Select--Schedule 1Inj'

2018-06-04 18:39:56 - [TEST_STEP][PASSED] - delay: Delayed 1 second(s)

2018-06-04 18:39:57 - [MESSAGE][PASSED] - Delayed 1 second(s)

2018-06-04 18:39:57 - [TEST_STEP][PASSED] - selectOptionByIndex: All options with index in [60] are selected on object 'Object Repository/Store Request Schedule 1/Page_Store/select_--Select--Adernaline 0.'

2018-06-04 18:39:58 - [MESSAGE][PASSED] - All options with index in [60] are selected on object 'Object Repository/Store Request Schedule 1/Page_Store/select_--Select--Adernaline 0.'

2018-06-04 18:39:58 - [TEST_STEP][PASSED] - setText: Text '100' is set on object 'Object Repository/Store Request Schedule 1/Page_Store/input_txttreat'

2018-06-04 18:39:58 - [MESSAGE][PASSED] - Text '100' is set on object 'Object Repository/Store Request Schedule 1/Page_Store/input_txttreat'

2018-06-04 18:39:58 - [TEST_STEP][PASSED] - click: Object: 'Object Repository/Store Request Schedule 1/Page_Store/button_Add' is clicked on

2018-06-04 18:39:58 - [MESSAGE][PASSED] - Object: 'Object Repository/Store Request Schedule 1/Page_Store/button_Add' is clicked on

2018-06-04 18:39:58 - [TEST_STEP][PASSED] - selectOptionByIndex: All options with index in [2] are selected on object 'Object Repository/Store Request Schedule 1/Page_Store/select_--Select--Schedule 1Inj'

2018-06-04 18:39:58 - [MESSAGE][PASSED] - All options with index in [2] are selected on object 'Object Repository/Store Request Schedule 1/Page_Store/select_--Select--Schedule 1Inj'

2018-06-04 18:39:58 - [TEST_STEP][PASSED] - delay: Delayed 1 second(s)

2018-06-04 18:39:59 - [MESSAGE][PASSED] - Delayed 1 second(s)

2018-06-04 18:39:59 - [TEST_STEP][PASSED] - selectOptionByIndex: All options with index in [61] are selected on object 'Object Repository/Store Request Schedule 1/Page_Store/select_--Select--Adernaline 0.'

2018-06-04 18:40:00 - [MESSAGE][PASSED] - All options with index in [61] are selected on object 'Object Repository/Store Request Schedule 1/Page_Store/select_--Select--Adernaline 0.'

2018-06-04 18:40:00 - [TEST_STEP][PASSED] - setText: Text '100' is set on object 'Object Repository/Store Request Schedule 1/Page_Store/input_txttreat'

2018-06-04 18:40:00 - [MESSAGE][PASSED] - Text '100' is set on object 'Object Repository/Store Request Schedule 1/Page_Store/input_txttreat'

2018-06-04 18:40:00 - [TEST_STEP][PASSED] - click: Object: 'Object Repository/Store Request Schedule 1/Page_Store/button_Add' is clicked on

2018-06-04 18:40:00 - [MESSAGE][PASSED] - Object: 'Object Repository/Store Request Schedule 1/Page_Store/button_Add' is clicked on

2018-06-04 18:40:00 - [TEST_STEP][PASSED] - selectOptionByIndex: All options with index in [2] are selected on object 'Object Repository/Store Request Schedule 1/Page_Store/select_--Select--Schedule 1Inj'

2018-06-04 18:40:00 - [MESSAGE][PASSED] - All options with index in [2] are selected on object 'Object Repository/Store Request Schedule 1/Page_Store/select_--Select--Schedule 1Inj'

2018-06-04 18:40:00 - [TEST_STEP][PASSED] - delay: Delayed 1 second(s)

2018-06-04 18:40:01 - [MESSAGE][PASSED] - Delayed 1 second(s)

2018-06-04 18:40:01 - [TEST_STEP][PASSED] - selectOptionByIndex: All options with index in [62] are selected on object 'Object Repository/Store Request Schedule 1/Page_Store/select_--Select--Adernaline 0.'

2018-06-04 18:40:02 - [MESSAGE][PASSED] - All options with index in [62] are selected on object 'Object Repository/Store Request Schedule 1/Page_Store/select_--Select--Adernaline 0.'

2018-06-04 18:40:02 - [TEST_STEP][PASSED] - setText: Text '100' is set on object 'Object Repository/Store Request Schedule 1/Page_Store/input_txttreat'

2018-06-04 18:40:02 - [MESSAGE][PASSED] - Text '100' is set on object 'Object Repository/Store Request Schedule 1/Page_Store/input_txttreat'

2018-06-04 18:40:02 - [TEST_STEP][PASSED] - click: Object: 'Object Repository/Store Request Schedule 1/Page_Store/button_Add' is clicked on

2018-06-04 18:40:02 - [MESSAGE][PASSED] - Object: 'Object Repository/Store Request Schedule 1/Page_Store/button_Add' is clicked on

2018-06-04 18:40:02 - [TEST_STEP][PASSED] - selectOptionByIndex: All options with index in [2] are selected on object 'Object Repository/Store Request Schedule 1/Page_Store/select_--Select--Schedule 1Inj'

2018-06-04 18:40:03 - [MESSAGE][PASSED] - All options with index in [2] are selected on object 'Object Repository/Store Request Schedule 1/Page_Store/select_--Select--Schedule 1Inj'

2018-06-04 18:40:03 - [TEST_STEP][PASSED] - delay: Delayed 1 second(s)

2018-06-04 18:40:04 - [MESSAGE][PASSED] - Delayed 1 second(s)

2018-06-04 18:40:04 - [TEST_STEP][PASSED] - selectOptionByIndex: All options with index in [63] are selected on object 'Object Repository/Store Request Schedule 1/Page_Store/select_--Select--Adernaline 0.'

2018-06-04 18:40:04 - [MESSAGE][PASSED] - All options with index in [63] are selected on object 'Object Repository/Store Request Schedule 1/Page_Store/select_--Select--Adernaline 0.'

2018-06-04 18:40:04 - [TEST_STEP][PASSED] - setText: Text '100' is set on object 'Object Repository/Store Request Schedule 1/Page_Store/input_txttreat'

2018-06-04 18:40:05 - [MESSAGE][PASSED] - Text '100' is set on object 'Object Repository/Store Request Schedule 1/Page_Store/input_txttreat'

2018-06-04 18:40:05 - [TEST_STEP][PASSED] - click: Object: 'Object Repository/Store Request Schedule 1/Page_Store/button_Add' is clicked on

2018-06-04 18:40:05 - [MESSAGE][PASSED] - Object: 'Object Repository/Store Request Schedule 1/Page_Store/button_Add' is clicked on

2018-06-04 18:40:05 - [TEST_STEP][PASSED] - selectOptionByIndex: All options with index in [2] are selected on object 'Object Repository/Store Request Schedule 1/Page_Store/select_--Select--Schedule 1Inj'

2018-06-04 18:40:05 - [MESSAGE][PASSED] - All options with index in [2] are selected on object 'Object Repository/Store Request Schedule 1/Page_Store/select_--Select--Schedule 1Inj'

2018-06-04 18:40:05 - [TEST_STEP][PASSED] - delay: Delayed 1 second(s)

2018-06-04 18:40:06 - [MESSAGE][PASSED] - Delayed 1 second(s)

2018-06-04 18:40:06 - [TEST_STEP][PASSED] - selectOptionByIndex: All options with index in [64] are selected on object 'Object Repository/Store Request Schedule 1/Page_Store/select_--Select--Adernaline 0.'

2018-06-04 18:40:07 - [MESSAGE][PASSED] - All options with index in [64] are selected on object 'Object Repository/Store Request Schedule 1/Page_Store/select_--Select--Adernaline 0.'

2018-06-04 18:40:07 - [TEST_STEP][PASSED] - setText: Text '100' is set on object 'Object Repository/Store Request Schedule 1/Page_Store/input_txttreat'

2018-06-04 18:40:07 - [MESSAGE][PASSED] - Text '100' is set on object 'Object Repository/Store Request Schedule 1/Page_Store/input_txttreat'

2018-06-04 18:40:07 - [TEST_STEP][PASSED] - click: Object: 'Object Repository/Store Request Schedule 1/Page_Store/button_Add' is clicked on

2018-06-04 18:40:07 - [MESSAGE][PASSED] - Object: 'Object Repository/Store Request Schedule 1/Page_Store/button_Add' is clicked on

2018-06-04 18:40:07 - [TEST_STEP][PASSED] - selectOptionByIndex: All options with index in [2] are selected on object 'Object Repository/Store Request Schedule 1/Page_Store/select_--Select--Schedule 1Inj'

2018-06-04 18:40:07 - [MESSAGE][PASSED] - All options with index in [2] are selected on object 'Object Repository/Store Request Schedule 1/Page_Store/select_--Select--Schedule 1Inj'

2018-06-04 18:40:07 - [TEST_STEP][PASSED] - delay: Delayed 1 second(s)

2018-06-04 18:40:08 - [MESSAGE][PASSED] - Delayed 1 second(s)

2018-06-04 18:40:08 - [TEST_STEP][PASSED] - selectOptionByIndex: All options with index in [65] are selected on object 'Object Repository/Store Request Schedule 1/Page_Store/select_--Select--Adernaline 0.'

2018-06-04 18:40:09 - [MESSAGE][PASSED] - All options with index in [65] are selected on object 'Object Repository/Store Request Schedule 1/Page_Store/select_--Select--Adernaline 0.'

2018-06-04 18:40:09 - [TEST_STEP][PASSED] - setText: Text '100' is set on object 'Object Repository/Store Request Schedule 1/Page_Store/input_txttreat'

2018-06-04 18:40:09 - [MESSAGE][PASSED] - Text '100' is set on object 'Object Repository/Store Request Schedule 1/Page_Store/input_txttreat'

2018-06-04 18:40:09 - [TEST_STEP][PASSED] - click: Object: 'Object Repository/Store Request Schedule 1/Page_Store/button_Add' is clicked on

2018-06-04 18:40:09 - [MESSAGE][PASSED] - Object: 'Object Repository/Store Request Schedule 1/Page_Store/button_Add' is clicked on

2018-06-04 18:40:09 - [TEST_STEP][PASSED] - selectOptionByIndex: All options with index in [2] are selected on object 'Object Repository/Store Request Schedule 1/Page_Store/select_--Select--Schedule 1Inj'

2018-06-04 18:40:09 - [MESSAGE][PASSED] - All options with index in [2] are selected on object 'Object Repository/Store Request Schedule 1/Page_Store/select_--Select--Schedule 1Inj'

2018-06-04 18:40:09 - [TEST_STEP][PASSED] - delay: Delayed 1 second(s)

2018-06-04 18:40:10 - [MESSAGE][PASSED] - Delayed 1 second(s)

2018-06-04 18:40:10 - [TEST_STEP][PASSED] - selectOptionByIndex: All options with index in [66] are selected on object 'Object Repository/Store Request Schedule 1/Page_Store/select_--Select--Adernaline 0.'

2018-06-04 18:40:11 - [MESSAGE][PASSED] - All options with index in [66] are selected on object 'Object Repository/Store Request Schedule 1/Page_Store/select_--Select--Adernaline 0.'

2018-06-04 18:40:11 - [TEST_STEP][PASSED] - setText: Text '100' is set on object 'Object Repository/Store Request Schedule 1/Page_Store/input_txttreat'

2018-06-04 18:40:11 - [MESSAGE][PASSED] - Text '100' is set on object 'Object Repository/Store Request Schedule 1/Page_Store/input_txttreat'

2018-06-04 18:40:11 - [TEST_STEP][PASSED] - click: Object: 'Object Repository/Store Request Schedule 1/Page_Store/button_Add' is clicked on

2018-06-04 18:40:12 - [MESSAGE][PASSED] - Object: 'Object Repository/Store Request Schedule 1/Page_Store/button_Add' is clicked on

2018-06-04 18:40:12 - [TEST_STEP][PASSED] - selectOptionByIndex: All options with index in [2] are selected on object 'Object Repository/Store Request Schedule 1/Page_Store/select_--Select--Schedule 1Inj'

2018-06-04 18:40:12 - [MESSAGE][PASSED] - All options with index in [2] are selected on object 'Object Repository/Store Request Schedule 1/Page_Store/select_--Select--Schedule 1Inj'

2018-06-04 18:40:12 - [TEST_STEP][PASSED] - delay: Delayed 1 second(s)

2018-06-04 18:40:13 - [MESSAGE][PASSED] - Delayed 1 second(s)

2018-06-04 18:40:13 - [TEST_STEP][PASSED] - selectOptionByIndex: All options with index in [67] are selected on object 'Object Repository/Store Request Schedule 1/Page_Store/select_--Select--Adernaline 0.'

2018-06-04 18:40:14 - [MESSAGE][PASSED] - All options with index in [67] are selected on object 'Object Repository/Store Request Schedule 1/Page_Store/select_--Select--Adernaline 0.'

2018-06-04 18:40:14 - [TEST_STEP][PASSED] - setText: Text '100' is set on object 'Object Repository/Store Request Schedule 1/Page_Store/input_txttreat'

2018-06-04 18:40:14 - [MESSAGE][PASSED] - Text '100' is set on object 'Object Repository/Store Request Schedule 1/Page_Store/input_txttreat'

2018-06-04 18:40:14 - [TEST_STEP][PASSED] - click: Object: 'Object Repository/Store Request Schedule 1/Page_Store/button_Add' is clicked on

2018-06-04 18:40:14 - [MESSAGE][PASSED] - Object: 'Object Repository/Store Request Schedule 1/Page_Store/button_Add' is clicked on

2018-06-04 18:40:14 - [TEST_STEP][PASSED] - selectOptionByIndex: All options with index in [2] are selected on object 'Object Repository/Store Request Schedule 1/Page_Store/select_--Select--Schedule 1Inj'

2018-06-04 18:40:14 - [MESSAGE][PASSED] - All options with index in [2] are selected on object 'Object Repository/Store Request Schedule 1/Page_Store/select_--Select--Schedule 1Inj'

2018-06-04 18:40:14 - [TEST_STEP][PASSED] - delay: Delayed 1 second(s)

2018-06-04 18:40:15 - [MESSAGE][PASSED] - Delayed 1 second(s)

2018-06-04 18:40:15 - [TEST_STEP][PASSED] - selectOptionByIndex: All options with index in [68] are selected on object 'Object Repository/Store Request Schedule 1/Page_Store/select_--Select--Adernaline 0.'

2018-06-04 18:40:16 - [MESSAGE][PASSED] - All options with index in [68] are selected on object 'Object Repository/Store Request Schedule 1/Page_Store/select_--Select--Adernaline 0.'

2018-06-04 18:40:16 - [TEST_STEP][PASSED] - setText: Text '100' is set on object 'Object Repository/Store Request Schedule 1/Page_Store/input_txttreat'

2018-06-04 18:40:16 - [MESSAGE][PASSED] - Text '100' is set on object 'Object Repository/Store Request Schedule 1/Page_Store/input_txttreat'

2018-06-04 18:40:16 - [TEST_STEP][PASSED] - click: Object: 'Object Repository/Store Request Schedule 1/Page_Store/button_Add' is clicked on

2018-06-04 18:40:16 - [MESSAGE][PASSED] - Object: 'Object Repository/Store Request Schedule 1/Page_Store/button_Add' is clicked on

2018-06-04 18:40:16 - [TEST_STEP][PASSED] - selectOptionByIndex: All options with index in [2] are selected on object 'Object Repository/Store Request Schedule 1/Page_Store/select_--Select--Schedule 1Inj'

2018-06-04 18:40:16 - [MESSAGE][PASSED] - All options with index in [2] are selected on object 'Object Repository/Store Request Schedule 1/Page_Store/select_--Select--Schedule 1Inj'

2018-06-04 18:40:16 - [TEST_STEP][PASSED] - delay: Delayed 1 second(s)

2018-06-04 18:40:17 - [MESSAGE][PASSED] - Delayed 1 second(s)

2018-06-04 18:40:17 - [TEST_STEP][PASSED] - selectOptionByIndex: All options with index in [69] are selected on object 'Object Repository/Store Request Schedule 1/Page_Store/select_--Select--Adernaline 0.'

2018-06-04 18:40:18 - [MESSAGE][PASSED] - All options with index in [69] are selected on object 'Object Repository/Store Request Schedule 1/Page_Store/select_--Select--Adernaline 0.'

2018-06-04 18:40:18 - [TEST_STEP][PASSED] - setText: Text '100' is set on object 'Object Repository/Store Request Schedule 1/Page_Store/input_txttreat'

2018-06-04 18:40:18 - [MESSAGE][PASSED] - Text '100' is set on object 'Object Repository/Store Request Schedule 1/Page_Store/input_txttreat'

2018-06-04 18:40:18 - [TEST_STEP][PASSED] - click: Object: 'Object Repository/Store Request Schedule 1/Page_Store/button_Add' is clicked on

2018-06-04 18:40:18 - [MESSAGE][PASSED] - Object: 'Object Repository/Store Request Schedule 1/Page_Store/button_Add' is clicked on

2018-06-04 18:40:18 - [TEST_STEP][PASSED] - selectOptionByIndex: All options with index in [2] are selected on object 'Object Repository/Store Request Schedule 1/Page_Store/select_--Select--Schedule 1Inj'

2018-06-04 18:40:18 - [MESSAGE][PASSED] - All options with index in [2] are selected on object 'Object Repository/Store Request Schedule 1/Page_Store/select_--Select--Schedule 1Inj'

2018-06-04 18:40:18 - [TEST_STEP][PASSED] - delay: Delayed 1 second(s)

2018-06-04 18:40:19 - [MESSAGE][PASSED] - Delayed 1 second(s)

2018-06-04 18:40:19 - [TEST_STEP][PASSED] - selectOptionByIndex: All options with index in [70] are selected on object 'Object Repository/Store Request Schedule 1/Page_Store/select_--Select--Adernaline 0.'

2018-06-04 18:40:20 - [MESSAGE][PASSED] - All options with index in [70] are selected on object 'Object Repository/Store Request Schedule 1/Page_Store/select_--Select--Adernaline 0.'

2018-06-04 18:40:20 - [TEST_STEP][PASSED] - setText: Text '100' is set on object 'Object Repository/Store Request Schedule 1/Page_Store/input_txttreat'

2018-06-04 18:40:20 - [MESSAGE][PASSED] - Text '100' is set on object 'Object Repository/Store Request Schedule 1/Page_Store/input_txttreat'

2018-06-04 18:40:20 - [TEST_STEP][PASSED] - click: Object: 'Object Repository/Store Request Schedule 1/Page_Store/button_Add' is clicked on

2018-06-04 18:40:20 - [MESSAGE][PASSED] - Object: 'Object Repository/Store Request Schedule 1/Page_Store/button_Add' is clicked on

2018-06-04 18:40:20 - [TEST_STEP][PASSED] - selectOptionByIndex: All options with index in [2] are selected on object 'Object Repository/Store Request Schedule 1/Page_Store/select_--Select--Schedule 1Inj'

2018-06-04 18:40:20 - [MESSAGE][PASSED] - All options with index in [2] are selected on object 'Object Repository/Store Request Schedule 1/Page_Store/select_--Select--Schedule 1Inj'

2018-06-04 18:40:20 - [TEST_STEP][PASSED] - delay: Delayed 1 second(s)

2018-06-04 18:40:22 - [MESSAGE][PASSED] - Delayed 1 second(s)

2018-06-04 18:40:22 - [TEST_STEP][PASSED] - selectOptionByIndex: All options with index in [71] are selected on object 'Object Repository/Store Request Schedule 1/Page_Store/select_--Select--Adernaline 0.'

2018-06-04 18:40:22 - [MESSAGE][PASSED] - All options with index in [71] are selected on object 'Object Repository/Store Request Schedule 1/Page_Store/select_--Select--Adernaline 0.'

2018-06-04 18:40:22 - [TEST_STEP][PASSED] - setText: Text '100' is set on object 'Object Repository/Store Request Schedule 1/Page_Store/input_txttreat'

2018-06-04 18:40:23 - [MESSAGE][PASSED] - Text '100' is set on object 'Object Repository/Store Request Schedule 1/Page_Store/input_txttreat'

2018-06-04 18:40:23 - [TEST_STEP][PASSED] - click: Object: 'Object Repository/Store Request Schedule 1/Page_Store/button_Add' is clicked on

2018-06-04 18:40:23 - [MESSAGE][PASSED] - Object: 'Object Repository/Store Request Schedule 1/Page_Store/button_Add' is clicked on

2018-06-04 18:40:23 - [TEST_STEP][PASSED] - selectOptionByIndex: All options with index in [2] are selected on object 'Object Repository/Store Request Schedule 1/Page_Store/select_--Select--Schedule 1Inj'

2018-06-04 18:40:23 - [MESSAGE][PASSED] - All options with index in [2] are selected on object 'Object Repository/Store Request Schedule 1/Page_Store/select_--Select--Schedule 1Inj'

2018-06-04 18:40:23 - [TEST_STEP][PASSED] - delay: Delayed 1 second(s)

2018-06-04 18:40:24 - [MESSAGE][PASSED] - Delayed 1 second(s)

2018-06-04 18:40:24 - [TEST_STEP][PASSED] - selectOptionByIndex: All options with index in [72] are selected on object 'Object Repository/Store Request Schedule 1/Page_Store/select_--Select--Adernaline 0.'

2018-06-04 18:40:25 - [MESSAGE][PASSED] - All options with index in [72] are selected on object 'Object Repository/Store Request Schedule 1/Page_Store/select_--Select--Adernaline 0.'

2018-06-04 18:40:25 - [TEST_STEP][PASSED] - setText: Text '100' is set on object 'Object Repository/Store Request Schedule 1/Page_Store/input_txttreat'

2018-06-04 18:40:25 - [MESSAGE][PASSED] - Text '100' is set on object 'Object Repository/Store Request Schedule 1/Page_Store/input_txttreat'

2018-06-04 18:40:25 - [TEST_STEP][PASSED] - click: Object: 'Object Repository/Store Request Schedule 1/Page_Store/button_Add' is clicked on

2018-06-04 18:40:25 - [MESSAGE][PASSED] - Object: 'Object Repository/Store Request Schedule 1/Page_Store/button_Add' is clicked on

2018-06-04 18:40:25 - [TEST_STEP][PASSED] - delay: Delayed 2 second(s)

2018-06-04 18:40:27 - [MESSAGE][PASSED] - Delayed 2 second(s)

2018-06-04 18:40:27 - [TEST_STEP][PASSED] - scrollToElement: Scroll to object 'Object Repository/Store Request Schedule 1/Page_Store/input_btnsave' successfully

2018-06-04 18:40:27 - [MESSAGE][PASSED] - Scroll to object 'Object Repository/Store Request Schedule 1/Page_Store/input_btnsave' successfully

2018-06-04 18:40:27 - [TEST_STEP][PASSED] - click: Object: 'Object Repository/Store Request Schedule 1/Page_Store/input_btnsave' is clicked on

2018-06-04 18:40:27 - [MESSAGE][PASSED] - Object: 'Object Repository/Store Request Schedule 1/Page_Store/input_btnsave' is clicked on

2018-06-04 18:40:27 - [TEST_STEP][PASSED] - delay: Delayed 4 second(s)

2018-06-04 18:40:31 - [MESSAGE][PASSED] - Delayed 4 second(s)

2018-06-04 18:40:31 - [TEST_STEP][PASSED] - Statement - Cms_RequestNumber = com.kms.katalon.core.webui.keyword.WebUiBuiltInKeywords.getText(com.kms.katalon.core.testobject.ObjectRepository.findTestObject(Store Request Schedule 1/Page_Store/font_PRNO050520189)): Text of object 'Object Repository/Store Request Schedule 1/Page_Store/font_PRNO050520189' is: 'PRNO/04062018/590'

2018-06-04 18:40:31 - [MESSAGE][PASSED] - Text of object 'Object Repository/Store Request Schedule 1/Page_Store/font_PRNO050520189' is: 'PRNO/04062018/590'

2018-06-04 18:40:31 - [TEST_STEP][PASSED] - Statement - CR = Cms_RequestNumber.trim(): null

2018-06-04 18:40:31 - [TEST_STEP][PASSED] - Statement - out.println("RQ :" + Cms_RequestNumber): null

2018-06-04 18:40:31 - [TEST_STEP][PASSED] - Statement - RequestNumberID = Cms_RequestNumber.split("/")[2].trim(): null

2018-06-04 18:40:31 - [TEST_STEP][PASSED] - Statement - out.println("RQ ID :" + RequestNumberID): null

2018-06-04 18:40:31 - [TEST_STEP][PASSED] - delay: Delayed 3 second(s)

2018-06-04 18:40:34 - [MESSAGE][PASSED] - Delayed 3 second(s)

2018-06-04 18:40:34 - [TEST_STEP][PASSED] - Statement - ok = com.kms.katalon.core.webui.keyword.WebUiBuiltInKeywords.click(com.kms.katalon.core.testobject.ObjectRepository.findTestObject(Store Request Schedule 1/Page_Store/button_OK)): Object: 'Object Repository/Store Request Schedule 1/Page_Store/button_OK' is clicked on

2018-06-04 18:40:35 - [MESSAGE][PASSED] - Object: 'Object Repository/Store Request Schedule 1/Page_Store/button_OK' is clicked on

2018-06-04 18:40:35 - [TEST_STEP][PASSED] - delay: Delayed 3 second(s)

2018-06-04 18:40:38 - [MESSAGE][PASSED] - Delayed 3 second(s)

2018-06-04 18:40:38 - [TEST_STEP][PASSED] - click: Object: 'Object Repository/Store Request Schedule 1/Page_Store/a_dropdown-toggle' is clicked on

2018-06-04 18:40:38 - [MESSAGE][PASSED] - Object: 'Object Repository/Store Request Schedule 1/Page_Store/a_dropdown-toggle' is clicked on

2018-06-04 18:40:38 - [TEST_STEP][PASSED] - click: Object: 'Object Repository/Store Request Schedule 1/Page_Store/a_Sign out' is clicked on

2018-06-04 18:40:39 - [MESSAGE][PASSED] - Object: 'Object Repository/Store Request Schedule 1/Page_Store/a_Sign out' is clicked on

2018-06-04 18:40:39 - [TEST_STEP][PASSED] - delay: Delayed 3 second(s)

2018-06-04 18:40:42 - [MESSAGE][PASSED] - Delayed 3 second(s)

2018-06-04 18:40:42 - [TEST_STEP][PASSED] - click: Object: 'Object Repository/Store Request Schedule 1/Page_KDMC/a_CMO' is clicked on

2018-06-04 18:40:42 - [MESSAGE][PASSED] - Object: 'Object Repository/Store Request Schedule 1/Page_KDMC/a_CMO' is clicked on

2018-06-04 18:40:42 - [TEST_STEP][PASSED] - setText: Text 'guru' is set on object 'Object Repository/Store Request Schedule 1/Page_CMO login/input_txtusername'

2018-06-04 18:40:42 - [MESSAGE][PASSED] - Text 'guru' is set on object 'Object Repository/Store Request Schedule 1/Page_CMO login/input_txtusername'

2018-06-04 18:40:42 - [TEST_STEP][PASSED] - setText: Text '123' is set on object 'Object Repository/Store Request Schedule 1/Page_CMO login/input_txtpassword'

2018-06-04 18:40:43 - [MESSAGE][PASSED] - Text '123' is set on object 'Object Repository/Store Request Schedule 1/Page_CMO login/input_txtpassword'

2018-06-04 18:40:43 - [TEST_STEP][PASSED] - delay: Delayed 3 second(s)

2018-06-04 18:40:46 - [MESSAGE][PASSED] - Delayed 3 second(s)

2018-06-04 18:40:46 - [TEST_STEP][PASSED] - click: Object: 'Object Repository/Store Request Schedule 1/Page_CMO login/button_Sign in' is clicked on

2018-06-04 18:40:47 - [MESSAGE][PASSED] - Object: 'Object Repository/Store Request Schedule 1/Page_CMO login/button_Sign in' is clicked on

2018-06-04 18:40:47 - [TEST_STEP][PASSED] - delay: Delayed 2 second(s)

2018-06-04 18:40:49 - [MESSAGE][PASSED] - Delayed 2 second(s)

2018-06-04 18:40:49 - [TEST_STEP][PASSED] - click: Object: 'Object Repository/Store Request Schedule 1/Page_KDMC - CMO/span_Department Wise Request' is clicked on

2018-06-04 18:40:49 - [MESSAGE][PASSED] - Object: 'Object Repository/Store Request Schedule 1/Page_KDMC - CMO/span_Department Wise Request' is clicked on

2018-06-04 18:40:49 - [TEST_STEP][PASSED] - click: Object: 'Object Repository/Store Request Schedule 1/Page_KDMC - CMO/a_CMS Request' is clicked on

2018-06-04 18:40:49 - [MESSAGE][PASSED] - Object: 'Object Repository/Store Request Schedule 1/Page_KDMC - CMO/a_CMS Request' is clicked on

2018-06-04 18:40:49 - [TEST_STEP][PASSED] - click: Object: 'Object Repository/Store Request Schedule 1/Page_KDMC - CMO/a_CMS Request' is clicked on

2018-06-04 18:40:49 - [MESSAGE][PASSED] - Object: 'Object Repository/Store Request Schedule 1/Page_KDMC - CMO/a_CMS Request' is clicked on

2018-06-04 18:40:49 - [TEST_STEP][PASSED] - click: Object: 'Object Repository/Store Request Schedule 1/Page_KDMC - CMO/span_Divisional Store Request' is clicked on

2018-06-04 18:40:51 - [MESSAGE][PASSED] - Object: 'Object Repository/Store Request Schedule 1/Page_KDMC - CMO/span_Divisional Store Request' is clicked on

2018-06-04 18:40:51 - [TEST_STEP][PASSED] - delay: Delayed 2 second(s)

2018-06-04 18:40:53 - [MESSAGE][PASSED] - Delayed 2 second(s)

2018-06-04 18:40:53 - [TEST_STEP][PASSED] - Statement - approval = com.kms.katalon.core.webui.keyword.WebUiBuiltInKeywords.modifyObjectProperty(com.kms.katalon.core.testobject.ObjectRepository.findTestObject(Store Request Schedule 1/Page_KDMC - CMO/input_PRNO050520189), "xpath", "equals", "//*[@id=" + RequestNumberID + "]", true): Modify property of object successfully

2018-06-04 18:40:53 - [MESSAGE][PASSED] - Modify property of object successfully

2018-06-04 18:40:53 - [TEST_STEP][PASSED] - click: Object: 'Object Repository/Store Request Schedule 1/Page_KDMC - CMO/input_PRNO050520189' is clicked on

2018-06-04 18:40:54 - [MESSAGE][PASSED] - Object: 'Object Repository/Store Request Schedule 1/Page_KDMC - CMO/input_PRNO050520189' is clicked on

2018-06-04 18:40:54 - [TEST_STEP][PASSED] - delay: Delayed 2 second(s)

2018-06-04 18:40:56 - [MESSAGE][PASSED] - Delayed 2 second(s)

2018-06-04 18:40:56 - [TEST_STEP][PASSED] - selectOptionByIndex: All options with index in [1] are selected on object 'Object Repository/Store Request Schedule 1/Page_KDMC - CMO/select_--Select--'

2018-06-04 18:40:56 - [MESSAGE][PASSED] - All options with index in [1] are selected on object 'Object Repository/Store Request Schedule 1/Page_KDMC - CMO/select_--Select--'

2018-06-04 18:40:56 - [TEST_STEP][PASSED] - click: Object: 'Object Repository/Store Request Schedule 1/Page_KDMC - CMO/input_btnupdate' is clicked on

2018-06-04 18:40:56 - [MESSAGE][PASSED] - Object: 'Object Repository/Store Request Schedule 1/Page_KDMC - CMO/input_btnupdate' is clicked on

2018-06-04 18:40:56 - [TEST_STEP][PASSED] - delay: Delayed 2 second(s)

2018-06-04 18:40:58 - [MESSAGE][PASSED] - Delayed 2 second(s)

2018-06-04 18:40:58 - [TEST_STEP][PASSED] - click: Object: 'Object Repository/Store Request Schedule 1/Page_KDMC - CMO/button_OK' is clicked on

2018-06-04 18:40:58 - [MESSAGE][PASSED] - Object: 'Object Repository/Store Request Schedule 1/Page_KDMC - CMO/button_OK' is clicked on

2018-06-04 18:40:58 - [TEST_STEP][PASSED] - delay: Delayed 2 second(s)

2018-06-04 18:41:00 - [MESSAGE][PASSED] - Delayed 2 second(s)

2018-06-04 18:41:00 - [TEST_STEP][PASSED] - click: Object: 'Object Repository/Store Request Schedule 1/Page_KDMC - CMO/a_dropdown-toggle' is clicked on

2018-06-04 18:41:00 - [MESSAGE][PASSED] - Object: 'Object Repository/Store Request Schedule 1/Page_KDMC - CMO/a_dropdown-toggle' is clicked on

2018-06-04 18:41:00 - [TEST_STEP][PASSED] - click: Object: 'Object Repository/Store Request Schedule 1/Page_KDMC - CMO/a_Sign out' is clicked on

2018-06-04 18:41:01 - [MESSAGE][PASSED] - Object: 'Object Repository/Store Request Schedule 1/Page_KDMC - CMO/a_Sign out' is clicked on

2018-06-04 18:41:01 - [TEST_STEP][PASSED] - delay: Delayed 3 second(s)

2018-06-04 18:41:04 - [MESSAGE][PASSED] - Delayed 3 second(s)

2018-06-04 18:41:04 - [TEST_STEP][PASSED] - click: Object: 'Object Repository/store Request Schedule 1/Page_KDMC/a_CMS' is clicked on

2018-06-04 18:41:04 - [MESSAGE][PASSED] - Object: 'Object Repository/store Request Schedule 1/Page_KDMC/a_CMS' is clicked on

2018-06-04 18:41:04 - [TEST_STEP][PASSED] - setText: Text 'bala' is set on object 'Object Repository/store Request Schedule 1/Page_CMS login/input_txtusername'

2018-06-04 18:41:04 - [MESSAGE][PASSED] - Text 'bala' is set on object 'Object Repository/store Request Schedule 1/Page_CMS login/input_txtusername'

2018-06-04 18:41:04 - [TEST_STEP][PASSED] - setText: Text '123' is set on object 'Object Repository/store Request Schedule 1/Page_CMS login/input_txtpassword'

2018-06-04 18:41:04 - [MESSAGE][PASSED] - Text '123' is set on object 'Object Repository/store Request Schedule 1/Page_CMS login/input_txtpassword'

2018-06-04 18:41:04 - [TEST_STEP][PASSED] - delay: Delayed 3 second(s)

2018-06-04 18:41:07 - [MESSAGE][PASSED] - Delayed 3 second(s)

2018-06-04 18:41:07 - [TEST_STEP][PASSED] - click: Object: 'Object Repository/store Request Schedule 1/Page_CMS login/button_Sign in' is clicked on

2018-06-04 18:41:08 - [MESSAGE][PASSED] - Object: 'Object Repository/store Request Schedule 1/Page_CMS login/button_Sign in' is clicked on

2018-06-04 18:41:08 - [TEST_STEP][PASSED] - delay: Delayed 2 second(s)

2018-06-04 18:41:10 - [MESSAGE][PASSED] - Delayed 2 second(s)

2018-06-04 18:41:10 - [TEST_STEP][PASSED] - click: Object: 'Object Repository/store Request Schedule 1/Page_KDMC - CMS/a_Divisional Store' is clicked on

2018-06-04 18:41:10 - [MESSAGE][PASSED] - Object: 'Object Repository/store Request Schedule 1/Page_KDMC - CMS/a_Divisional Store' is clicked on

2018-06-04 18:41:10 - [TEST_STEP][PASSED] - delay: Delayed 2 second(s)

2018-06-04 18:41:12 - [MESSAGE][PASSED] - Delayed 2 second(s)

2018-06-04 18:41:12 - [TEST_STEP][PASSED] - click: Object: 'Object Repository/store Request Schedule 1/Page_KDMC - CMS/a_Dispatch Items' is clicked on

2018-06-04 18:41:13 - [MESSAGE][PASSED] - Object: 'Object Repository/store Request Schedule 1/Page_KDMC - CMS/a_Dispatch Items' is clicked on

2018-06-04 18:41:13 - [TEST_STEP][PASSED] - setText: Text 'PRNO/04062018/590' is set on object 'Object Repository/store Request Schedule 1/Page_KDMC - CMS/input'

2018-06-04 18:41:13 - [MESSAGE][PASSED] - Text 'PRNO/04062018/590' is set on object 'Object Repository/store Request Schedule 1/Page_KDMC - CMS/input'

2018-06-04 18:41:13 - [TEST_STEP][PASSED] - click: Object: 'Object Repository/store Request Schedule 1/Page_KDMC - CMS/td_text-center' is clicked on

2018-06-04 18:41:13 - [MESSAGE][PASSED] - Object: 'Object Repository/store Request Schedule 1/Page_KDMC - CMS/td_text-center' is clicked on

2018-06-04 18:41:13 - [TEST_STEP][PASSED] - delay: Delayed 3 second(s)

2018-06-04 18:41:16 - [MESSAGE][PASSED] - Delayed 3 second(s)

2018-06-04 18:41:16 - [TEST_STEP][PASSED] - delay: Delayed 2 second(s)

2018-06-04 18:41:18 - [MESSAGE][PASSED] - Delayed 2 second(s)

2018-06-04 18:41:18 - [TEST_STEP][PASSED] - Statement - For ([row = 0, row < SelectedOptions - 1, (row++)]): null

2018-06-04 18:41:18 - [TEST_STEP][PASSED] - Statement - batchlength = new com.kms.katalon.core.testobject.TestObject(): null

2018-06-04 18:41:18 - [TEST_STEP][PASSED] - Statement - batchlength = com.kms.katalon.core.webui.keyword.WebUiBuiltInKeywords.modifyObjectProperty(batchlength, "xpath", "equals", "//*[@id = "fldvendor" + row + ""]", true): Modify property of object successfully

2018-06-04 18:41:18 - [MESSAGE][PASSED] - Modify property of object successfully

2018-06-04 18:41:18 - [TEST_STEP][PASSED] - Statement - batchsize = com.kms.katalon.core.webui.keyword.WebUiBuiltInKeywords.getNumberOfTotalOption(batchlength): 8 options of object '' counted

2018-06-04 18:41:18 - [MESSAGE][PASSED] - 8 options of object '' counted

2018-06-04 18:41:18 - [TEST_STEP][PASSED] - Statement - out.println("BatchSize : " + batchsize): null

2018-06-04 18:41:18 - [TEST_STEP][PASSED] - Statement - For ([n = 1, n <= batchsize - 1, (n++)]): null

2018-06-04 18:41:18 - [TEST_STEP][PASSED] - Statement - product = new com.kms.katalon.core.testobject.TestObject(): null

2018-06-04 18:41:18 - [TEST_STEP][PASSED] - Statement - product = com.kms.katalon.core.webui.keyword.WebUiBuiltInKeywords.modifyObjectProperty(product, "xpath", "equals", "//*[@id = "fldvendor" + row + ""]", true): Modify property of object successfully

2018-06-04 18:41:18 - [MESSAGE][PASSED] - Modify property of object successfully

2018-06-04 18:41:18 - [TEST_STEP][PASSED] - selectOptionByIndex: All options with index in [1] are selected on object ''

2018-06-04 18:41:18 - [MESSAGE][PASSED] - All options with index in [1] are selected on object ''

2018-06-04 18:41:18 - [TEST_STEP][PASSED] - delay: Delayed 2 second(s)

2018-06-04 18:41:20 - [MESSAGE][PASSED] - Delayed 2 second(s)

2018-06-04 18:41:20 - [TEST_STEP][PASSED] - Statement - batch = new com.kms.katalon.core.testobject.TestObject(): null

2018-06-04 18:41:21 - [TEST_STEP][PASSED] - Statement - batch = com.kms.katalon.core.webui.keyword.WebUiBuiltInKeywords.modifyObjectProperty(batch, "xpath", "equals", "//*[@id = "txtbthqty" + row + ""]", true): Modify property of object successfully

2018-06-04 18:41:21 - [MESSAGE][PASSED] - Modify property of object successfully

2018-06-04 18:41:21 - [TEST_STEP][PASSED] - Statement - batchqty = com.kms.katalon.core.webui.keyword.WebUiBuiltInKeywords.getAttribute(batch, "value").trim(): Attribute 'value' of object '' is: '37000'

2018-06-04 18:41:21 - [MESSAGE][PASSED] - Attribute 'value' of object '' is: '37000'

2018-06-04 18:41:21 - [TEST_STEP][PASSED] - Statement - Rqty = 100: null

2018-06-04 18:41:21 - [TEST_STEP][PASSED] - Statement - out.println("BatchQty : " + batchqty): null

2018-06-04 18:41:21 - [TEST_STEP][PASSED] - Statement - out.println("RQty : " + Rqty): null

2018-06-04 18:41:21 - [TEST_STEP][PASSED] - Statement - If (java.lang.Integer.valueOf(batchqty) >= java.lang.Integer.valueOf(Rqty)): null

2018-06-04 18:41:21 - [TEST_STEP][PASSED] - Statement - Break: null

2018-06-04 18:41:21 - [TEST_STEP][PASSED] - Statement - batchlength = new com.kms.katalon.core.testobject.TestObject(): null

2018-06-04 18:41:21 - [TEST_STEP][PASSED] - Statement - batchlength = com.kms.katalon.core.webui.keyword.WebUiBuiltInKeywords.modifyObjectProperty(batchlength, "xpath", "equals", "//*[@id = "fldvendor" + row + ""]", true): Modify property of object successfully

2018-06-04 18:41:21 - [MESSAGE][PASSED] - Modify property of object successfully

2018-06-04 18:41:21 - [TEST_STEP][PASSED] - Statement - batchsize = com.kms.katalon.core.webui.keyword.WebUiBuiltInKeywords.getNumberOfTotalOption(batchlength): 8 options of object '' counted

2018-06-04 18:41:21 - [MESSAGE][PASSED] - 8 options of object '' counted

2018-06-04 18:41:21 - [TEST_STEP][PASSED] - Statement - out.println("BatchSize : " + batchsize): null

2018-06-04 18:41:21 - [TEST_STEP][PASSED] - Statement - For ([n = 1, n <= batchsize - 1, (n++)]): null

2018-06-04 18:41:21 - [TEST_STEP][PASSED] - Statement - product = new com.kms.katalon.core.testobject.TestObject(): null

2018-06-04 18:41:21 - [TEST_STEP][PASSED] - Statement - product = com.kms.katalon.core.webui.keyword.WebUiBuiltInKeywords.modifyObjectProperty(product, "xpath", "equals", "//*[@id = "fldvendor" + row + ""]", true): Modify property of object successfully

2018-06-04 18:41:21 - [MESSAGE][PASSED] - Modify property of object successfully

2018-06-04 18:41:21 - [TEST_STEP][PASSED] - selectOptionByIndex: All options with index in [1] are selected on object ''

2018-06-04 18:41:21 - [MESSAGE][PASSED] - All options with index in [1] are selected on object ''

2018-06-04 18:41:21 - [TEST_STEP][PASSED] - delay: Delayed 2 second(s)

2018-06-04 18:41:23 - [MESSAGE][PASSED] - Delayed 2 second(s)

2018-06-04 18:41:23 - [TEST_STEP][PASSED] - Statement - batch = new com.kms.katalon.core.testobject.TestObject(): null

2018-06-04 18:41:23 - [TEST_STEP][PASSED] - Statement - batch = com.kms.katalon.core.webui.keyword.WebUiBuiltInKeywords.modifyObjectProperty(batch, "xpath", "equals", "//*[@id = "txtbthqty" + row + ""]", true): Modify property of object successfully

2018-06-04 18:41:23 - [MESSAGE][PASSED] - Modify property of object successfully

2018-06-04 18:41:23 - [TEST_STEP][PASSED] - Statement - batchqty = com.kms.katalon.core.webui.keyword.WebUiBuiltInKeywords.getAttribute(batch, "value").trim(): Attribute 'value' of object '' is: '4200'

2018-06-04 18:41:23 - [MESSAGE][PASSED] - Attribute 'value' of object '' is: '4200'

2018-06-04 18:41:23 - [TEST_STEP][PASSED] - Statement - Rqty = 100: null

2018-06-04 18:41:23 - [TEST_STEP][PASSED] - Statement - out.println("BatchQty : " + batchqty): null

2018-06-04 18:41:23 - [TEST_STEP][PASSED] - Statement - out.println("RQty : " + Rqty): null

2018-06-04 18:41:23 - [TEST_STEP][PASSED] - Statement - If (java.lang.Integer.valueOf(batchqty) >= java.lang.Integer.valueOf(Rqty)): null

2018-06-04 18:41:23 - [TEST_STEP][PASSED] - Statement - Break: null

2018-06-04 18:41:23 - [TEST_STEP][PASSED] - Statement - batchlength = new com.kms.katalon.core.testobject.TestObject(): null

2018-06-04 18:41:23 - [TEST_STEP][PASSED] - Statement - batchlength = com.kms.katalon.core.webui.keyword.WebUiBuiltInKeywords.modifyObjectProperty(batchlength, "xpath", "equals", "//*[@id = "fldvendor" + row + ""]", true): Modify property of object successfully

2018-06-04 18:41:23 - [MESSAGE][PASSED] - Modify property of object successfully

2018-06-04 18:41:23 - [TEST_STEP][PASSED] - Statement - batchsize = com.kms.katalon.core.webui.keyword.WebUiBuiltInKeywords.getNumberOfTotalOption(batchlength): 8 options of object '' counted

2018-06-04 18:41:23 - [MESSAGE][PASSED] - 8 options of object '' counted

2018-06-04 18:41:23 - [TEST_STEP][PASSED] - Statement - out.println("BatchSize : " + batchsize): null

2018-06-04 18:41:23 - [TEST_STEP][PASSED] - Statement - For ([n = 1, n <= batchsize - 1, (n++)]): null

2018-06-04 18:41:23 - [TEST_STEP][PASSED] - Statement - product = new com.kms.katalon.core.testobject.TestObject(): null

2018-06-04 18:41:23 - [TEST_STEP][PASSED] - Statement - product = com.kms.katalon.core.webui.keyword.WebUiBuiltInKeywords.modifyObjectProperty(product, "xpath", "equals", "//*[@id = "fldvendor" + row + ""]", true): Modify property of object successfully

2018-06-04 18:41:23 - [MESSAGE][PASSED] - Modify property of object successfully

2018-06-04 18:41:23 - [TEST_STEP][PASSED] - selectOptionByIndex: All options with index in [1] are selected on object ''

2018-06-04 18:41:23 - [MESSAGE][PASSED] - All options with index in [1] are selected on object ''

2018-06-04 18:41:23 - [TEST_STEP][PASSED] - delay: Delayed 2 second(s)

2018-06-04 18:41:25 - [MESSAGE][PASSED] - Delayed 2 second(s)

2018-06-04 18:41:25 - [TEST_STEP][PASSED] - Statement - batch = new com.kms.katalon.core.testobject.TestObject(): null

2018-06-04 18:41:25 - [TEST_STEP][PASSED] - Statement - batch = com.kms.katalon.core.webui.keyword.WebUiBuiltInKeywords.modifyObjectProperty(batch, "xpath", "equals", "//*[@id = "txtbthqty" + row + ""]", true): Modify property of object successfully

2018-06-04 18:41:25 - [MESSAGE][PASSED] - Modify property of object successfully

2018-06-04 18:41:25 - [TEST_STEP][PASSED] - Statement - batchqty = com.kms.katalon.core.webui.keyword.WebUiBuiltInKeywords.getAttribute(batch, "value").trim(): Attribute 'value' of object '' is: '4200'

2018-06-04 18:41:25 - [MESSAGE][PASSED] - Attribute 'value' of object '' is: '4200'

2018-06-04 18:41:25 - [TEST_STEP][PASSED] - Statement - Rqty = 100: null

2018-06-04 18:41:25 - [TEST_STEP][PASSED] - Statement - out.println("BatchQty : " + batchqty): null

2018-06-04 18:41:25 - [TEST_STEP][PASSED] - Statement - out.println("RQty : " + Rqty): null

2018-06-04 18:41:25 - [TEST_STEP][PASSED] - Statement - If (java.lang.Integer.valueOf(batchqty) >= java.lang.Integer.valueOf(Rqty)): null

2018-06-04 18:41:25 - [TEST_STEP][PASSED] - Statement - Break: null

2018-06-04 18:41:25 - [TEST_STEP][PASSED] - Statement - batchlength = new com.kms.katalon.core.testobject.TestObject(): null

2018-06-04 18:41:25 - [TEST_STEP][PASSED] - Statement - batchlength = com.kms.katalon.core.webui.keyword.WebUiBuiltInKeywords.modifyObjectProperty(batchlength, "xpath", "equals", "//*[@id = "fldvendor" + row + ""]", true): Modify property of object successfully

2018-06-04 18:41:25 - [MESSAGE][PASSED] - Modify property of object successfully

2018-06-04 18:41:25 - [TEST_STEP][PASSED] - Statement - batchsize = com.kms.katalon.core.webui.keyword.WebUiBuiltInKeywords.getNumberOfTotalOption(batchlength): 8 options of object '' counted

2018-06-04 18:41:25 - [MESSAGE][PASSED] - 8 options of object '' counted

2018-06-04 18:41:25 - [TEST_STEP][PASSED] - Statement - out.println("BatchSize : " + batchsize): null

2018-06-04 18:41:25 - [TEST_STEP][PASSED] - Statement - For ([n = 1, n <= batchsize - 1, (n++)]): null

2018-06-04 18:41:25 - [TEST_STEP][PASSED] - Statement - product = new com.kms.katalon.core.testobject.TestObject(): null

2018-06-04 18:41:25 - [TEST_STEP][PASSED] - Statement - product = com.kms.katalon.core.webui.keyword.WebUiBuiltInKeywords.modifyObjectProperty(product, "xpath", "equals", "//*[@id = "fldvendor" + row + ""]", true): Modify property of object successfully

2018-06-04 18:41:25 - [MESSAGE][PASSED] - Modify property of object successfully

2018-06-04 18:41:25 - [TEST_STEP][PASSED] - selectOptionByIndex: All options with index in [1] are selected on object ''

2018-06-04 18:41:25 - [MESSAGE][PASSED] - All options with index in [1] are selected on object ''

2018-06-04 18:41:25 - [TEST_STEP][PASSED] - delay: Delayed 2 second(s)

2018-06-04 18:41:27 - [MESSAGE][PASSED] - Delayed 2 second(s)

2018-06-04 18:41:27 - [TEST_STEP][PASSED] - Statement - batch = new com.kms.katalon.core.testobject.TestObject(): null

2018-06-04 18:41:27 - [TEST_STEP][PASSED] - Statement - batch = com.kms.katalon.core.webui.keyword.WebUiBuiltInKeywords.modifyObjectProperty(batch, "xpath", "equals", "//*[@id = "txtbthqty" + row + ""]", true): Modify property of object successfully

2018-06-04 18:41:27 - [MESSAGE][PASSED] - Modify property of object successfully

2018-06-04 18:41:27 - [TEST_STEP][PASSED] - Statement - batchqty = com.kms.katalon.core.webui.keyword.WebUiBuiltInKeywords.getAttribute(batch, "value").trim(): Attribute 'value' of object '' is: '4000'

2018-06-04 18:41:27 - [MESSAGE][PASSED] - Attribute 'value' of object '' is: '4000'

2018-06-04 18:41:27 - [TEST_STEP][PASSED] - Statement - Rqty = 100: null

2018-06-04 18:41:27 - [TEST_STEP][PASSED] - Statement - out.println("BatchQty : " + batchqty): null

2018-06-04 18:41:27 - [TEST_STEP][PASSED] - Statement - out.println("RQty : " + Rqty): null

2018-06-04 18:41:27 - [TEST_STEP][PASSED] - Statement - If (java.lang.Integer.valueOf(batchqty) >= java.lang.Integer.valueOf(Rqty)): null

2018-06-04 18:41:27 - [TEST_STEP][PASSED] - Statement - Break: null

2018-06-04 18:41:27 - [TEST_STEP][PASSED] - Statement - batchlength = new com.kms.katalon.core.testobject.TestObject(): null

2018-06-04 18:41:27 - [TEST_STEP][PASSED] - Statement - batchlength = com.kms.katalon.core.webui.keyword.WebUiBuiltInKeywords.modifyObjectProperty(batchlength, "xpath", "equals", "//*[@id = "fldvendor" + row + ""]", true): Modify property of object successfully

2018-06-04 18:41:27 - [MESSAGE][PASSED] - Modify property of object successfully

2018-06-04 18:41:27 - [TEST_STEP][PASSED] - Statement - batchsize = com.kms.katalon.core.webui.keyword.WebUiBuiltInKeywords.getNumberOfTotalOption(batchlength): 8 options of object '' counted

2018-06-04 18:41:27 - [MESSAGE][PASSED] - 8 options of object '' counted

2018-06-04 18:41:27 - [TEST_STEP][PASSED] - Statement - out.println("BatchSize : " + batchsize): null

2018-06-04 18:41:27 - [TEST_STEP][PASSED] - Statement - For ([n = 1, n <= batchsize - 1, (n++)]): null

2018-06-04 18:41:27 - [TEST_STEP][PASSED] - Statement - product = new com.kms.katalon.core.testobject.TestObject(): null

2018-06-04 18:41:27 - [TEST_STEP][PASSED] - Statement - product = com.kms.katalon.core.webui.keyword.WebUiBuiltInKeywords.modifyObjectProperty(product, "xpath", "equals", "//*[@id = "fldvendor" + row + ""]", true): Modify property of object successfully

2018-06-04 18:41:27 - [MESSAGE][PASSED] - Modify property of object successfully

2018-06-04 18:41:27 - [TEST_STEP][PASSED] - selectOptionByIndex: All options with index in [1] are selected on object ''

2018-06-04 18:41:28 - [MESSAGE][PASSED] - All options with index in [1] are selected on object ''

2018-06-04 18:41:28 - [TEST_STEP][PASSED] - delay: Delayed 2 second(s)

2018-06-04 18:41:30 - [MESSAGE][PASSED] - Delayed 2 second(s)

2018-06-04 18:41:30 - [TEST_STEP][PASSED] - Statement - batch = new com.kms.katalon.core.testobject.TestObject(): null

2018-06-04 18:41:30 - [TEST_STEP][PASSED] - Statement - batch = com.kms.katalon.core.webui.keyword.WebUiBuiltInKeywords.modifyObjectProperty(batch, "xpath", "equals", "//*[@id = "txtbthqty" + row + ""]", true): Modify property of object successfully

2018-06-04 18:41:30 - [MESSAGE][PASSED] - Modify property of object successfully

2018-06-04 18:41:30 - [TEST_STEP][PASSED] - Statement - batchqty = com.kms.katalon.core.webui.keyword.WebUiBuiltInKeywords.getAttribute(batch, "value").trim(): Attribute 'value' of object '' is: '3300'

2018-06-04 18:41:30 - [MESSAGE][PASSED] - Attribute 'value' of object '' is: '3300'

2018-06-04 18:41:30 - [TEST_STEP][PASSED] - Statement - Rqty = 100: null

2018-06-04 18:41:30 - [TEST_STEP][PASSED] - Statement - out.println("BatchQty : " + batchqty): null

2018-06-04 18:41:30 - [TEST_STEP][PASSED] - Statement - out.println("RQty : " + Rqty): null

2018-06-04 18:41:30 - [TEST_STEP][PASSED] - Statement - If (java.lang.Integer.valueOf(batchqty) >= java.lang.Integer.valueOf(Rqty)): null

2018-06-04 18:41:30 - [TEST_STEP][PASSED] - Statement - Break: null

2018-06-04 18:41:30 - [TEST_STEP][PASSED] - Statement - batchlength = new com.kms.katalon.core.testobject.TestObject(): null

2018-06-04 18:41:30 - [TEST_STEP][PASSED] - Statement - batchlength = com.kms.katalon.core.webui.keyword.WebUiBuiltInKeywords.modifyObjectProperty(batchlength, "xpath", "equals", "//*[@id = "fldvendor" + row + ""]", true): Modify property of object successfully

2018-06-04 18:41:30 - [MESSAGE][PASSED] - Modify property of object successfully

2018-06-04 18:41:30 - [TEST_STEP][PASSED] - Statement - batchsize = com.kms.katalon.core.webui.keyword.WebUiBuiltInKeywords.getNumberOfTotalOption(batchlength): 8 options of object '' counted

2018-06-04 18:41:30 - [MESSAGE][PASSED] - 8 options of object '' counted

2018-06-04 18:41:30 - [TEST_STEP][PASSED] - Statement - out.println("BatchSize : " + batchsize): null

2018-06-04 18:41:30 - [TEST_STEP][PASSED] - Statement - For ([n = 1, n <= batchsize - 1, (n++)]): null

2018-06-04 18:41:30 - [TEST_STEP][PASSED] - Statement - product = new com.kms.katalon.core.testobject.TestObject(): null

2018-06-04 18:41:30 - [TEST_STEP][PASSED] - Statement - product = com.kms.katalon.core.webui.keyword.WebUiBuiltInKeywords.modifyObjectProperty(product, "xpath", "equals", "//*[@id = "fldvendor" + row + ""]", true): Modify property of object successfully

2018-06-04 18:41:30 - [MESSAGE][PASSED] - Modify property of object successfully

2018-06-04 18:41:30 - [TEST_STEP][PASSED] - selectOptionByIndex: All options with index in [1] are selected on object ''

2018-06-04 18:41:30 - [MESSAGE][PASSED] - All options with index in [1] are selected on object ''

2018-06-04 18:41:30 - [TEST_STEP][PASSED] - delay: Delayed 2 second(s)

2018-06-04 18:41:32 - [MESSAGE][PASSED] - Delayed 2 second(s)

2018-06-04 18:41:32 - [TEST_STEP][PASSED] - Statement - batch = new com.kms.katalon.core.testobject.TestObject(): null

2018-06-04 18:41:32 - [TEST_STEP][PASSED] - Statement - batch = com.kms.katalon.core.webui.keyword.WebUiBuiltInKeywords.modifyObjectProperty(batch, "xpath", "equals", "//*[@id = "txtbthqty" + row + ""]", true): Modify property of object successfully

2018-06-04 18:41:32 - [MESSAGE][PASSED] - Modify property of object successfully

2018-06-04 18:41:32 - [TEST_STEP][PASSED] - Statement - batchqty = com.kms.katalon.core.webui.keyword.WebUiBuiltInKeywords.getAttribute(batch, "value").trim(): Attribute 'value' of object '' is: '3900'

2018-06-04 18:41:32 - [MESSAGE][PASSED] - Attribute 'value' of object '' is: '3900'

2018-06-04 18:41:32 - [TEST_STEP][PASSED] - Statement - Rqty = 100: null

2018-06-04 18:41:32 - [TEST_STEP][PASSED] - Statement - out.println("BatchQty : " + batchqty): null

2018-06-04 18:41:32 - [TEST_STEP][PASSED] - Statement - out.println("RQty : " + Rqty): null

2018-06-04 18:41:32 - [TEST_STEP][PASSED] - Statement - If (java.lang.Integer.valueOf(batchqty) >= java.lang.Integer.valueOf(Rqty)): null

2018-06-04 18:41:32 - [TEST_STEP][PASSED] - Statement - Break: null

2018-06-04 18:41:32 - [TEST_STEP][PASSED] - Statement - batchlength = new com.kms.katalon.core.testobject.TestObject(): null

2018-06-04 18:41:32 - [TEST_STEP][PASSED] - Statement - batchlength = com.kms.katalon.core.webui.keyword.WebUiBuiltInKeywords.modifyObjectProperty(batchlength, "xpath", "equals", "//*[@id = "fldvendor" + row + ""]", true): Modify property of object successfully

2018-06-04 18:41:32 - [MESSAGE][PASSED] - Modify property of object successfully

2018-06-04 18:41:32 - [TEST_STEP][PASSED] - Statement - batchsize = com.kms.katalon.core.webui.keyword.WebUiBuiltInKeywords.getNumberOfTotalOption(batchlength): 8 options of object '' counted

2018-06-04 18:41:32 - [MESSAGE][PASSED] - 8 options of object '' counted

2018-06-04 18:41:32 - [TEST_STEP][PASSED] - Statement - out.println("BatchSize : " + batchsize): null

2018-06-04 18:41:32 - [TEST_STEP][PASSED] - Statement - For ([n = 1, n <= batchsize - 1, (n++)]): null

2018-06-04 18:41:32 - [TEST_STEP][PASSED] - Statement - product = new com.kms.katalon.core.testobject.TestObject(): null

2018-06-04 18:41:32 - [TEST_STEP][PASSED] - Statement - product = com.kms.katalon.core.webui.keyword.WebUiBuiltInKeywords.modifyObjectProperty(product, "xpath", "equals", "//*[@id = "fldvendor" + row + ""]", true): Modify property of object successfully

2018-06-04 18:41:32 - [MESSAGE][PASSED] - Modify property of object successfully

2018-06-04 18:41:32 - [TEST_STEP][PASSED] - selectOptionByIndex: All options with index in [1] are selected on object ''

2018-06-04 18:41:32 - [MESSAGE][PASSED] - All options with index in [1] are selected on object ''

2018-06-04 18:41:32 - [TEST_STEP][PASSED] - delay: Delayed 2 second(s)

2018-06-04 18:41:34 - [MESSAGE][PASSED] - Delayed 2 second(s)

2018-06-04 18:41:34 - [TEST_STEP][PASSED] - Statement - batch = new com.kms.katalon.core.testobject.TestObject(): null

2018-06-04 18:41:34 - [TEST_STEP][PASSED] - Statement - batch = com.kms.katalon.core.webui.keyword.WebUiBuiltInKeywords.modifyObjectProperty(batch, "xpath", "equals", "//*[@id = "txtbthqty" + row + ""]", true): Modify property of object successfully

2018-06-04 18:41:34 - [MESSAGE][PASSED] - Modify property of object successfully

2018-06-04 18:41:34 - [TEST_STEP][PASSED] - Statement - batchqty = com.kms.katalon.core.webui.keyword.WebUiBuiltInKeywords.getAttribute(batch, "value").trim(): Attribute 'value' of object '' is: '3900'

2018-06-04 18:41:34 - [MESSAGE][PASSED] - Attribute 'value' of object '' is: '3900'

2018-06-04 18:41:34 - [TEST_STEP][PASSED] - Statement - Rqty = 100: null

2018-06-04 18:41:34 - [TEST_STEP][PASSED] - Statement - out.println("BatchQty : " + batchqty): null

2018-06-04 18:41:34 - [TEST_STEP][PASSED] - Statement - out.println("RQty : " + Rqty): null

2018-06-04 18:41:34 - [TEST_STEP][PASSED] - Statement - If (java.lang.Integer.valueOf(batchqty) >= java.lang.Integer.valueOf(Rqty)): null

2018-06-04 18:41:34 - [TEST_STEP][PASSED] - Statement - Break: null

2018-06-04 18:41:34 - [TEST_STEP][PASSED] - Statement - batchlength = new com.kms.katalon.core.testobject.TestObject(): null

2018-06-04 18:41:34 - [TEST_STEP][PASSED] - Statement - batchlength = com.kms.katalon.core.webui.keyword.WebUiBuiltInKeywords.modifyObjectProperty(batchlength, "xpath", "equals", "//*[@id = "fldvendor" + row + ""]", true): Modify property of object successfully

2018-06-04 18:41:34 - [MESSAGE][PASSED] - Modify property of object successfully

2018-06-04 18:41:34 - [TEST_STEP][PASSED] - Statement - batchsize = com.kms.katalon.core.webui.keyword.WebUiBuiltInKeywords.getNumberOfTotalOption(batchlength): 8 options of object '' counted

2018-06-04 18:41:34 - [MESSAGE][PASSED] - 8 options of object '' counted

2018-06-04 18:41:34 - [TEST_STEP][PASSED] - Statement - out.println("BatchSize : " + batchsize): null

2018-06-04 18:41:34 - [TEST_STEP][PASSED] - Statement - For ([n = 1, n <= batchsize - 1, (n++)]): null

2018-06-04 18:41:34 - [TEST_STEP][PASSED] - Statement - product = new com.kms.katalon.core.testobject.TestObject(): null

2018-06-04 18:41:34 - [TEST_STEP][PASSED] - Statement - product = com.kms.katalon.core.webui.keyword.WebUiBuiltInKeywords.modifyObjectProperty(product, "xpath", "equals", "//*[@id = "fldvendor" + row + ""]", true): Modify property of object successfully

2018-06-04 18:41:34 - [MESSAGE][PASSED] - Modify property of object successfully

2018-06-04 18:41:34 - [TEST_STEP][PASSED] - selectOptionByIndex: All options with index in [1] are selected on object ''

2018-06-04 18:41:34 - [MESSAGE][PASSED] - All options with index in [1] are selected on object ''

2018-06-04 18:41:34 - [TEST_STEP][PASSED] - delay: Delayed 2 second(s)

2018-06-04 18:41:36 - [MESSAGE][PASSED] - Delayed 2 second(s)

2018-06-04 18:41:36 - [TEST_STEP][PASSED] - Statement - batch = new com.kms.katalon.core.testobject.TestObject(): null

2018-06-04 18:41:36 - [TEST_STEP][PASSED] - Statement - batch = com.kms.katalon.core.webui.keyword.WebUiBuiltInKeywords.modifyObjectProperty(batch, "xpath", "equals", "//*[@id = "txtbthqty" + row + ""]", true): Modify property of object successfully

2018-06-04 18:41:36 - [MESSAGE][PASSED] - Modify property of object successfully

2018-06-04 18:41:36 - [TEST_STEP][PASSED] - Statement - batchqty = com.kms.katalon.core.webui.keyword.WebUiBuiltInKeywords.getAttribute(batch, "value").trim(): Attribute 'value' of object '' is: '4200'

2018-06-04 18:41:36 - [MESSAGE][PASSED] - Attribute 'value' of object '' is: '4200'

2018-06-04 18:41:36 - [TEST_STEP][PASSED] - Statement - Rqty = 100: null

2018-06-04 18:41:36 - [TEST_STEP][PASSED] - Statement - out.println("BatchQty : " + batchqty): null

2018-06-04 18:41:36 - [TEST_STEP][PASSED] - Statement - out.println("RQty : " + Rqty): null

2018-06-04 18:41:36 - [TEST_STEP][PASSED] - Statement - If (java.lang.Integer.valueOf(batchqty) >= java.lang.Integer.valueOf(Rqty)): null

2018-06-04 18:41:36 - [TEST_STEP][PASSED] - Statement - Break: null

2018-06-04 18:41:36 - [TEST_STEP][PASSED] - Statement - batchlength = new com.kms.katalon.core.testobject.TestObject(): null

2018-06-04 18:41:36 - [TEST_STEP][PASSED] - Statement - batchlength = com.kms.katalon.core.webui.keyword.WebUiBuiltInKeywords.modifyObjectProperty(batchlength, "xpath", "equals", "//*[@id = "fldvendor" + row + ""]", true): Modify property of object successfully

2018-06-04 18:41:36 - [MESSAGE][PASSED] - Modify property of object successfully

2018-06-04 18:41:36 - [TEST_STEP][PASSED] - Statement - batchsize = com.kms.katalon.core.webui.keyword.WebUiBuiltInKeywords.getNumberOfTotalOption(batchlength): 8 options of object '' counted

2018-06-04 18:41:36 - [MESSAGE][PASSED] - 8 options of object '' counted

2018-06-04 18:41:36 - [TEST_STEP][PASSED] - Statement - out.println("BatchSize : " + batchsize): null

2018-06-04 18:41:36 - [TEST_STEP][PASSED] - Statement - For ([n = 1, n <= batchsize - 1, (n++)]): null

2018-06-04 18:41:36 - [TEST_STEP][PASSED] - Statement - product = new com.kms.katalon.core.testobject.TestObject(): null

2018-06-04 18:41:36 - [TEST_STEP][PASSED] - Statement - product = com.kms.katalon.core.webui.keyword.WebUiBuiltInKeywords.modifyObjectProperty(product, "xpath", "equals", "//*[@id = "fldvendor" + row + ""]", true): Modify property of object successfully

2018-06-04 18:41:36 - [MESSAGE][PASSED] - Modify property of object successfully

2018-06-04 18:41:36 - [TEST_STEP][PASSED] - selectOptionByIndex: All options with index in [1] are selected on object ''

2018-06-04 18:41:37 - [MESSAGE][PASSED] - All options with index in [1] are selected on object ''

2018-06-04 18:41:37 - [TEST_STEP][PASSED] - delay: Delayed 2 second(s)

2018-06-04 18:41:39 - [MESSAGE][PASSED] - Delayed 2 second(s)

2018-06-04 18:41:39 - [TEST_STEP][PASSED] - Statement - batch = new com.kms.katalon.core.testobject.TestObject(): null

2018-06-04 18:41:39 - [TEST_STEP][PASSED] - Statement - batch = com.kms.katalon.core.webui.keyword.WebUiBuiltInKeywords.modifyObjectProperty(batch, "xpath", "equals", "//*[@id = "txtbthqty" + row + ""]", true): Modify property of object successfully

2018-06-04 18:41:39 - [MESSAGE][PASSED] - Modify property of object successfully

2018-06-04 18:41:39 - [TEST_STEP][PASSED] - Statement - batchqty = com.kms.katalon.core.webui.keyword.WebUiBuiltInKeywords.getAttribute(batch, "value").trim(): Attribute 'value' of object '' is: '3900'

2018-06-04 18:41:39 - [MESSAGE][PASSED] - Attribute 'value' of object '' is: '3900'

2018-06-04 18:41:39 - [TEST_STEP][PASSED] - Statement - Rqty = 100: null

2018-06-04 18:41:39 - [TEST_STEP][PASSED] - Statement - out.println("BatchQty : " + batchqty): null

2018-06-04 18:41:39 - [TEST_STEP][PASSED] - Statement - out.println("RQty : " + Rqty): null

2018-06-04 18:41:39 - [TEST_STEP][PASSED] - Statement - If (java.lang.Integer.valueOf(batchqty) >= java.lang.Integer.valueOf(Rqty)): null

2018-06-04 18:41:39 - [TEST_STEP][PASSED] - Statement - Break: null

2018-06-04 18:41:39 - [TEST_STEP][PASSED] - Statement - batchlength = new com.kms.katalon.core.testobject.TestObject(): null

2018-06-04 18:41:39 - [TEST_STEP][PASSED] - Statement - batchlength = com.kms.katalon.core.webui.keyword.WebUiBuiltInKeywords.modifyObjectProperty(batchlength, "xpath", "equals", "//*[@id = "fldvendor" + row + ""]", true): Modify property of object successfully

2018-06-04 18:41:39 - [MESSAGE][PASSED] - Modify property of object successfully

2018-06-04 18:41:39 - [TEST_STEP][PASSED] - Statement - batchsize = com.kms.katalon.core.webui.keyword.WebUiBuiltInKeywords.getNumberOfTotalOption(batchlength): 8 options of object '' counted

2018-06-04 18:41:39 - [MESSAGE][PASSED] - 8 options of object '' counted

2018-06-04 18:41:39 - [TEST_STEP][PASSED] - Statement - out.println("BatchSize : " + batchsize): null

2018-06-04 18:41:39 - [TEST_STEP][PASSED] - Statement - For ([n = 1, n <= batchsize - 1, (n++)]): null

2018-06-04 18:41:39 - [TEST_STEP][PASSED] - Statement - product = new com.kms.katalon.core.testobject.TestObject(): null

2018-06-04 18:41:39 - [TEST_STEP][PASSED] - Statement - product = com.kms.katalon.core.webui.keyword.WebUiBuiltInKeywords.modifyObjectProperty(product, "xpath", "equals", "//*[@id = "fldvendor" + row + ""]", true): Modify property of object successfully

2018-06-04 18:41:39 - [MESSAGE][PASSED] - Modify property of object successfully

2018-06-04 18:41:39 - [TEST_STEP][PASSED] - selectOptionByIndex: All options with index in [1] are selected on object ''

2018-06-04 18:41:39 - [MESSAGE][PASSED] - All options with index in [1] are selected on object ''

2018-06-04 18:41:39 - [TEST_STEP][PASSED] - delay: Delayed 2 second(s)

2018-06-04 18:41:41 - [MESSAGE][PASSED] - Delayed 2 second(s)

2018-06-04 18:41:41 - [TEST_STEP][PASSED] - Statement - batch = new com.kms.katalon.core.testobject.TestObject(): null

2018-06-04 18:41:41 - [TEST_STEP][PASSED] - Statement - batch = com.kms.katalon.core.webui.keyword.WebUiBuiltInKeywords.modifyObjectProperty(batch, "xpath", "equals", "//*[@id = "txtbthqty" + row + ""]", true): Modify property of object successfully

2018-06-04 18:41:41 - [MESSAGE][PASSED] - Modify property of object successfully

2018-06-04 18:41:41 - [TEST_STEP][PASSED] - Statement - batchqty = com.kms.katalon.core.webui.keyword.WebUiBuiltInKeywords.getAttribute(batch, "value").trim(): Attribute 'value' of object '' is: '3300'

2018-06-04 18:41:41 - [MESSAGE][PASSED] - Attribute 'value' of object '' is: '3300'

2018-06-04 18:41:41 - [TEST_STEP][PASSED] - Statement - Rqty = 100: null

2018-06-04 18:41:41 - [TEST_STEP][PASSED] - Statement - out.println("BatchQty : " + batchqty): null

2018-06-04 18:41:41 - [TEST_STEP][PASSED] - Statement - out.println("RQty : " + Rqty): null

2018-06-04 18:41:41 - [TEST_STEP][PASSED] - Statement - If (java.lang.Integer.valueOf(batchqty) >= java.lang.Integer.valueOf(Rqty)): null

2018-06-04 18:41:41 - [TEST_STEP][PASSED] - Statement - Break: null

2018-06-04 18:41:41 - [TEST_STEP][PASSED] - Statement - batchlength = new com.kms.katalon.core.testobject.TestObject(): null

2018-06-04 18:41:41 - [TEST_STEP][PASSED] - Statement - batchlength = com.kms.katalon.core.webui.keyword.WebUiBuiltInKeywords.modifyObjectProperty(batchlength, "xpath", "equals", "//*[@id = "fldvendor" + row + ""]", true): Modify property of object successfully

2018-06-04 18:41:41 - [MESSAGE][PASSED] - Modify property of object successfully

2018-06-04 18:41:41 - [TEST_STEP][PASSED] - Statement - batchsize = com.kms.katalon.core.webui.keyword.WebUiBuiltInKeywords.getNumberOfTotalOption(batchlength): 8 options of object '' counted

2018-06-04 18:41:41 - [MESSAGE][PASSED] - 8 options of object '' counted

2018-06-04 18:41:41 - [TEST_STEP][PASSED] - Statement - out.println("BatchSize : " + batchsize): null

2018-06-04 18:41:41 - [TEST_STEP][PASSED] - Statement - For ([n = 1, n <= batchsize - 1, (n++)]): null

2018-06-04 18:41:41 - [TEST_STEP][PASSED] - Statement - product = new com.kms.katalon.core.testobject.TestObject(): null

2018-06-04 18:41:41 - [TEST_STEP][PASSED] - Statement - product = com.kms.katalon.core.webui.keyword.WebUiBuiltInKeywords.modifyObjectProperty(product, "xpath", "equals", "//*[@id = "fldvendor" + row + ""]", true): Modify property of object successfully

2018-06-04 18:41:41 - [MESSAGE][PASSED] - Modify property of object successfully

2018-06-04 18:41:41 - [TEST_STEP][PASSED] - selectOptionByIndex: All options with index in [1] are selected on object ''

2018-06-04 18:41:41 - [MESSAGE][PASSED] - All options with index in [1] are selected on object ''

2018-06-04 18:41:41 - [TEST_STEP][PASSED] - delay: Delayed 2 second(s)

2018-06-04 18:41:43 - [MESSAGE][PASSED] - Delayed 2 second(s)

2018-06-04 18:41:43 - [TEST_STEP][PASSED] - Statement - batch = new com.kms.katalon.core.testobject.TestObject(): null

2018-06-04 18:41:43 - [TEST_STEP][PASSED] - Statement - batch = com.kms.katalon.core.webui.keyword.WebUiBuiltInKeywords.modifyObjectProperty(batch, "xpath", "equals", "//*[@id = "txtbthqty" + row + ""]", true): Modify property of object successfully

2018-06-04 18:41:43 - [MESSAGE][PASSED] - Modify property of object successfully

2018-06-04 18:41:43 - [TEST_STEP][PASSED] - Statement - batchqty = com.kms.katalon.core.webui.keyword.WebUiBuiltInKeywords.getAttribute(batch, "value").trim(): Attribute 'value' of object '' is: '37000'

2018-06-04 18:41:43 - [MESSAGE][PASSED] - Attribute 'value' of object '' is: '37000'

2018-06-04 18:41:43 - [TEST_STEP][PASSED] - Statement - Rqty = 100: null

2018-06-04 18:41:43 - [TEST_STEP][PASSED] - Statement - out.println("BatchQty : " + batchqty): null

2018-06-04 18:41:43 - [TEST_STEP][PASSED] - Statement - out.println("RQty : " + Rqty): null

2018-06-04 18:41:43 - [TEST_STEP][PASSED] - Statement - If (java.lang.Integer.valueOf(batchqty) >= java.lang.Integer.valueOf(Rqty)): null

2018-06-04 18:41:43 - [TEST_STEP][PASSED] - Statement - Break: null

2018-06-04 18:41:43 - [TEST_STEP][PASSED] - Statement - batchlength = new com.kms.katalon.core.testobject.TestObject(): null

2018-06-04 18:41:43 - [TEST_STEP][PASSED] - Statement - batchlength = com.kms.katalon.core.webui.keyword.WebUiBuiltInKeywords.modifyObjectProperty(batchlength, "xpath", "equals", "//*[@id = "fldvendor" + row + ""]", true): Modify property of object successfully

2018-06-04 18:41:43 - [MESSAGE][PASSED] - Modify property of object successfully

2018-06-04 18:41:43 - [TEST_STEP][PASSED] - Statement - batchsize = com.kms.katalon.core.webui.keyword.WebUiBuiltInKeywords.getNumberOfTotalOption(batchlength): 8 options of object '' counted

2018-06-04 18:41:43 - [MESSAGE][PASSED] - 8 options of object '' counted

2018-06-04 18:41:43 - [TEST_STEP][PASSED] - Statement - out.println("BatchSize : " + batchsize): null

2018-06-04 18:41:43 - [TEST_STEP][PASSED] - Statement - For ([n = 1, n <= batchsize - 1, (n++)]): null

2018-06-04 18:41:43 - [TEST_STEP][PASSED] - Statement - product = new com.kms.katalon.core.testobject.TestObject(): null

2018-06-04 18:41:43 - [TEST_STEP][PASSED] - Statement - product = com.kms.katalon.core.webui.keyword.WebUiBuiltInKeywords.modifyObjectProperty(product, "xpath", "equals", "//*[@id = "fldvendor" + row + ""]", true): Modify property of object successfully

2018-06-04 18:41:43 - [MESSAGE][PASSED] - Modify property of object successfully

2018-06-04 18:41:43 - [TEST_STEP][PASSED] - selectOptionByIndex: All options with index in [1] are selected on object ''

2018-06-04 18:41:43 - [MESSAGE][PASSED] - All options with index in [1] are selected on object ''

2018-06-04 18:41:43 - [TEST_STEP][PASSED] - delay: Delayed 2 second(s)

2018-06-04 18:41:45 - [MESSAGE][PASSED] - Delayed 2 second(s)

2018-06-04 18:41:45 - [TEST_STEP][PASSED] - Statement - batch = new com.kms.katalon.core.testobject.TestObject(): null

2018-06-04 18:41:45 - [TEST_STEP][PASSED] - Statement - batch = com.kms.katalon.core.webui.keyword.WebUiBuiltInKeywords.modifyObjectProperty(batch, "xpath", "equals", "//*[@id = "txtbthqty" + row + ""]", true): Modify property of object successfully

2018-06-04 18:41:45 - [MESSAGE][PASSED] - Modify property of object successfully

2018-06-04 18:41:45 - [TEST_STEP][PASSED] - Statement - batchqty = com.kms.katalon.core.webui.keyword.WebUiBuiltInKeywords.getAttribute(batch, "value").trim(): Attribute 'value' of object '' is: '2300'

2018-06-04 18:41:45 - [MESSAGE][PASSED] - Attribute 'value' of object '' is: '2300'

2018-06-04 18:41:45 - [TEST_STEP][PASSED] - Statement - Rqty = 100: null

2018-06-04 18:41:45 - [TEST_STEP][PASSED] - Statement - out.println("BatchQty : " + batchqty): null

2018-06-04 18:41:45 - [TEST_STEP][PASSED] - Statement - out.println("RQty : " + Rqty): null

2018-06-04 18:41:45 - [TEST_STEP][PASSED] - Statement - If (java.lang.Integer.valueOf(batchqty) >= java.lang.Integer.valueOf(Rqty)): null

2018-06-04 18:41:45 - [TEST_STEP][PASSED] - Statement - Break: null

2018-06-04 18:41:45 - [TEST_STEP][PASSED] - Statement - batchlength = new com.kms.katalon.core.testobject.TestObject(): null

2018-06-04 18:41:45 - [TEST_STEP][PASSED] - Statement - batchlength = com.kms.katalon.core.webui.keyword.WebUiBuiltInKeywords.modifyObjectProperty(batchlength, "xpath", "equals", "//*[@id = "fldvendor" + row + ""]", true): Modify property of object successfully

2018-06-04 18:41:45 - [MESSAGE][PASSED] - Modify property of object successfully

2018-06-04 18:41:45 - [TEST_STEP][PASSED] - Statement - batchsize = com.kms.katalon.core.webui.keyword.WebUiBuiltInKeywords.getNumberOfTotalOption(batchlength): 8 options of object '' counted

2018-06-04 18:41:46 - [MESSAGE][PASSED] - 8 options of object '' counted

2018-06-04 18:41:46 - [TEST_STEP][PASSED] - Statement - out.println("BatchSize : " + batchsize): null

2018-06-04 18:41:46 - [TEST_STEP][PASSED] - Statement - For ([n = 1, n <= batchsize - 1, (n++)]): null

2018-06-04 18:41:46 - [TEST_STEP][PASSED] - Statement - product = new com.kms.katalon.core.testobject.TestObject(): null

2018-06-04 18:41:46 - [TEST_STEP][PASSED] - Statement - product = com.kms.katalon.core.webui.keyword.WebUiBuiltInKeywords.modifyObjectProperty(product, "xpath", "equals", "//*[@id = "fldvendor" + row + ""]", true): Modify property of object successfully

2018-06-04 18:41:46 - [MESSAGE][PASSED] - Modify property of object successfully

2018-06-04 18:41:46 - [TEST_STEP][PASSED] - selectOptionByIndex: All options with index in [1] are selected on object ''

2018-06-04 18:41:46 - [MESSAGE][PASSED] - All options with index in [1] are selected on object ''

2018-06-04 18:41:46 - [TEST_STEP][PASSED] - delay: Delayed 2 second(s)

2018-06-04 18:41:48 - [MESSAGE][PASSED] - Delayed 2 second(s)

2018-06-04 18:41:48 - [TEST_STEP][PASSED] - Statement - batch = new com.kms.katalon.core.testobject.TestObject(): null

2018-06-04 18:41:48 - [TEST_STEP][PASSED] - Statement - batch = com.kms.katalon.core.webui.keyword.WebUiBuiltInKeywords.modifyObjectProperty(batch, "xpath", "equals", "//*[@id = "txtbthqty" + row + ""]", true): Modify property of object successfully

2018-06-04 18:41:48 - [MESSAGE][PASSED] - Modify property of object successfully

2018-06-04 18:41:48 - [TEST_STEP][PASSED] - Statement - batchqty = com.kms.katalon.core.webui.keyword.WebUiBuiltInKeywords.getAttribute(batch, "value").trim(): Attribute 'value' of object '' is: '3300'

2018-06-04 18:41:48 - [MESSAGE][PASSED] - Attribute 'value' of object '' is: '3300'

2018-06-04 18:41:48 - [TEST_STEP][PASSED] - Statement - Rqty = 100: null

2018-06-04 18:41:48 - [TEST_STEP][PASSED] - Statement - out.println("BatchQty : " + batchqty): null

2018-06-04 18:41:48 - [TEST_STEP][PASSED] - Statement - out.println("RQty : " + Rqty): null

2018-06-04 18:41:48 - [TEST_STEP][PASSED] - Statement - If (java.lang.Integer.valueOf(batchqty) >= java.lang.Integer.valueOf(Rqty)): null

2018-06-04 18:41:48 - [TEST_STEP][PASSED] - Statement - Break: null

2018-06-04 18:41:48 - [TEST_STEP][PASSED] - Statement - batchlength = new com.kms.katalon.core.testobject.TestObject(): null

2018-06-04 18:41:48 - [TEST_STEP][PASSED] - Statement - batchlength = com.kms.katalon.core.webui.keyword.WebUiBuiltInKeywords.modifyObjectProperty(batchlength, "xpath", "equals", "//*[@id = "fldvendor" + row + ""]", true): Modify property of object successfully

2018-06-04 18:41:48 - [MESSAGE][PASSED] - Modify property of object successfully

2018-06-04 18:41:48 - [TEST_STEP][PASSED] - Statement - batchsize = com.kms.katalon.core.webui.keyword.WebUiBuiltInKeywords.getNumberOfTotalOption(batchlength): 8 options of object '' counted

2018-06-04 18:41:48 - [MESSAGE][PASSED] - 8 options of object '' counted

2018-06-04 18:41:48 - [TEST_STEP][PASSED] - Statement - out.println("BatchSize : " + batchsize): null

2018-06-04 18:41:48 - [TEST_STEP][PASSED] - Statement - For ([n = 1, n <= batchsize - 1, (n++)]): null

2018-06-04 18:41:48 - [TEST_STEP][PASSED] - Statement - product = new com.kms.katalon.core.testobject.TestObject(): null

2018-06-04 18:41:48 - [TEST_STEP][PASSED] - Statement - product = com.kms.katalon.core.webui.keyword.WebUiBuiltInKeywords.modifyObjectProperty(product, "xpath", "equals", "//*[@id = "fldvendor" + row + ""]", true): Modify property of object successfully

2018-06-04 18:41:48 - [MESSAGE][PASSED] - Modify property of object successfully

2018-06-04 18:41:48 - [TEST_STEP][PASSED] - selectOptionByIndex: All options with index in [1] are selected on object ''

2018-06-04 18:41:48 - [MESSAGE][PASSED] - All options with index in [1] are selected on object ''

2018-06-04 18:41:48 - [TEST_STEP][PASSED] - delay: Delayed 2 second(s)

2018-06-04 18:41:50 - [MESSAGE][PASSED] - Delayed 2 second(s)

2018-06-04 18:41:50 - [TEST_STEP][PASSED] - Statement - batch = new com.kms.katalon.core.testobject.TestObject(): null

2018-06-04 18:41:50 - [TEST_STEP][PASSED] - Statement - batch = com.kms.katalon.core.webui.keyword.WebUiBuiltInKeywords.modifyObjectProperty(batch, "xpath", "equals", "//*[@id = "txtbthqty" + row + ""]", true): Modify property of object successfully

2018-06-04 18:41:50 - [MESSAGE][PASSED] - Modify property of object successfully

2018-06-04 18:41:50 - [TEST_STEP][PASSED] - Statement - batchqty = com.kms.katalon.core.webui.keyword.WebUiBuiltInKeywords.getAttribute(batch, "value").trim(): Attribute 'value' of object '' is: '3700'

2018-06-04 18:41:50 - [MESSAGE][PASSED] - Attribute 'value' of object '' is: '3700'

2018-06-04 18:41:50 - [TEST_STEP][PASSED] - Statement - Rqty = 100: null

2018-06-04 18:41:50 - [TEST_STEP][PASSED] - Statement - out.println("BatchQty : " + batchqty): null

2018-06-04 18:41:50 - [TEST_STEP][PASSED] - Statement - out.println("RQty : " + Rqty): null

2018-06-04 18:41:50 - [TEST_STEP][PASSED] - Statement - If (java.lang.Integer.valueOf(batchqty) >= java.lang.Integer.valueOf(Rqty)): null

2018-06-04 18:41:50 - [TEST_STEP][PASSED] - Statement - Break: null

2018-06-04 18:41:50 - [TEST_STEP][PASSED] - Statement - batchlength = new com.kms.katalon.core.testobject.TestObject(): null

2018-06-04 18:41:50 - [TEST_STEP][PASSED] - Statement - batchlength = com.kms.katalon.core.webui.keyword.WebUiBuiltInKeywords.modifyObjectProperty(batchlength, "xpath", "equals", "//*[@id = "fldvendor" + row + ""]", true): Modify property of object successfully

2018-06-04 18:41:50 - [MESSAGE][PASSED] - Modify property of object successfully

2018-06-04 18:41:50 - [TEST_STEP][PASSED] - Statement - batchsize = com.kms.katalon.core.webui.keyword.WebUiBuiltInKeywords.getNumberOfTotalOption(batchlength): 7 options of object '' counted

2018-06-04 18:41:50 - [MESSAGE][PASSED] - 7 options of object '' counted

2018-06-04 18:41:50 - [TEST_STEP][PASSED] - Statement - out.println("BatchSize : " + batchsize): null

2018-06-04 18:41:50 - [TEST_STEP][PASSED] - Statement - For ([n = 1, n <= batchsize - 1, (n++)]): null

2018-06-04 18:41:50 - [TEST_STEP][PASSED] - Statement - product = new com.kms.katalon.core.testobject.TestObject(): null

2018-06-04 18:41:50 - [TEST_STEP][PASSED] - Statement - product = com.kms.katalon.core.webui.keyword.WebUiBuiltInKeywords.modifyObjectProperty(product, "xpath", "equals", "//*[@id = "fldvendor" + row + ""]", true): Modify property of object successfully

2018-06-04 18:41:50 - [MESSAGE][PASSED] - Modify property of object successfully

2018-06-04 18:41:50 - [TEST_STEP][PASSED] - selectOptionByIndex: All options with index in [1] are selected on object ''

2018-06-04 18:41:50 - [MESSAGE][PASSED] - All options with index in [1] are selected on object ''

2018-06-04 18:41:50 - [TEST_STEP][PASSED] - delay: Delayed 2 second(s)

2018-06-04 18:41:52 - [MESSAGE][PASSED] - Delayed 2 second(s)

2018-06-04 18:41:52 - [TEST_STEP][PASSED] - Statement - batch = new com.kms.katalon.core.testobject.TestObject(): null

2018-06-04 18:41:52 - [TEST_STEP][PASSED] - Statement - batch = com.kms.katalon.core.webui.keyword.WebUiBuiltInKeywords.modifyObjectProperty(batch, "xpath", "equals", "//*[@id = "txtbthqty" + row + ""]", true): Modify property of object successfully

2018-06-04 18:41:52 - [MESSAGE][PASSED] - Modify property of object successfully

2018-06-04 18:41:52 - [TEST_STEP][PASSED] - Statement - batchqty = com.kms.katalon.core.webui.keyword.WebUiBuiltInKeywords.getAttribute(batch, "value").trim(): Attribute 'value' of object '' is: '37000'

2018-06-04 18:41:52 - [MESSAGE][PASSED] - Attribute 'value' of object '' is: '37000'

2018-06-04 18:41:52 - [TEST_STEP][PASSED] - Statement - Rqty = 100: null

2018-06-04 18:41:52 - [TEST_STEP][PASSED] - Statement - out.println("BatchQty : " + batchqty): null

2018-06-04 18:41:52 - [TEST_STEP][PASSED] - Statement - out.println("RQty : " + Rqty): null

2018-06-04 18:41:52 - [TEST_STEP][PASSED] - Statement - If (java.lang.Integer.valueOf(batchqty) >= java.lang.Integer.valueOf(Rqty)): null

2018-06-04 18:41:52 - [TEST_STEP][PASSED] - Statement - Break: null

2018-06-04 18:41:52 - [TEST_STEP][PASSED] - Statement - batchlength = new com.kms.katalon.core.testobject.TestObject(): null

2018-06-04 18:41:52 - [TEST_STEP][PASSED] - Statement - batchlength = com.kms.katalon.core.webui.keyword.WebUiBuiltInKeywords.modifyObjectProperty(batchlength, "xpath", "equals", "//*[@id = "fldvendor" + row + ""]", true): Modify property of object successfully

2018-06-04 18:41:52 - [MESSAGE][PASSED] - Modify property of object successfully

2018-06-04 18:41:52 - [TEST_STEP][PASSED] - Statement - batchsize = com.kms.katalon.core.webui.keyword.WebUiBuiltInKeywords.getNumberOfTotalOption(batchlength): 8 options of object '' counted

2018-06-04 18:41:52 - [MESSAGE][PASSED] - 8 options of object '' counted

2018-06-04 18:41:52 - [TEST_STEP][PASSED] - Statement - out.println("BatchSize : " + batchsize): null

2018-06-04 18:41:52 - [TEST_STEP][PASSED] - Statement - For ([n = 1, n <= batchsize - 1, (n++)]): null

2018-06-04 18:41:52 - [TEST_STEP][PASSED] - Statement - product = new com.kms.katalon.core.testobject.TestObject(): null

2018-06-04 18:41:52 - [TEST_STEP][PASSED] - Statement - product = com.kms.katalon.core.webui.keyword.WebUiBuiltInKeywords.modifyObjectProperty(product, "xpath", "equals", "//*[@id = "fldvendor" + row + ""]", true): Modify property of object successfully

2018-06-04 18:41:52 - [MESSAGE][PASSED] - Modify property of object successfully

2018-06-04 18:41:52 - [TEST_STEP][PASSED] - selectOptionByIndex: All options with index in [1] are selected on object ''

2018-06-04 18:41:53 - [MESSAGE][PASSED] - All options with index in [1] are selected on object ''

2018-06-04 18:41:53 - [TEST_STEP][PASSED] - delay: Delayed 2 second(s)

2018-06-04 18:41:55 - [MESSAGE][PASSED] - Delayed 2 second(s)

2018-06-04 18:41:55 - [TEST_STEP][PASSED] - Statement - batch = new com.kms.katalon.core.testobject.TestObject(): null

2018-06-04 18:41:55 - [TEST_STEP][PASSED] - Statement - batch = com.kms.katalon.core.webui.keyword.WebUiBuiltInKeywords.modifyObjectProperty(batch, "xpath", "equals", "//*[@id = "txtbthqty" + row + ""]", true): Modify property of object successfully

2018-06-04 18:41:55 - [MESSAGE][PASSED] - Modify property of object successfully

2018-06-04 18:41:55 - [TEST_STEP][PASSED] - Statement - batchqty = com.kms.katalon.core.webui.keyword.WebUiBuiltInKeywords.getAttribute(batch, "value").trim(): Attribute 'value' of object '' is: '37000'

2018-06-04 18:41:55 - [MESSAGE][PASSED] - Attribute 'value' of object '' is: '37000'

2018-06-04 18:41:55 - [TEST_STEP][PASSED] - Statement - Rqty = 100: null

2018-06-04 18:41:55 - [TEST_STEP][PASSED] - Statement - out.println("BatchQty : " + batchqty): null

2018-06-04 18:41:55 - [TEST_STEP][PASSED] - Statement - out.println("RQty : " + Rqty): null

2018-06-04 18:41:55 - [TEST_STEP][PASSED] - Statement - If (java.lang.Integer.valueOf(batchqty) >= java.lang.Integer.valueOf(Rqty)): null

2018-06-04 18:41:55 - [TEST_STEP][PASSED] - Statement - Break: null

2018-06-04 18:41:55 - [TEST_STEP][PASSED] - Statement - batchlength = new com.kms.katalon.core.testobject.TestObject(): null

2018-06-04 18:41:55 - [TEST_STEP][PASSED] - Statement - batchlength = com.kms.katalon.core.webui.keyword.WebUiBuiltInKeywords.modifyObjectProperty(batchlength, "xpath", "equals", "//*[@id = "fldvendor" + row + ""]", true): Modify property of object successfully

2018-06-04 18:41:55 - [MESSAGE][PASSED] - Modify property of object successfully

2018-06-04 18:41:55 - [TEST_STEP][PASSED] - Statement - batchsize = com.kms.katalon.core.webui.keyword.WebUiBuiltInKeywords.getNumberOfTotalOption(batchlength): 8 options of object '' counted

2018-06-04 18:41:55 - [MESSAGE][PASSED] - 8 options of object '' counted

2018-06-04 18:41:55 - [TEST_STEP][PASSED] - Statement - out.println("BatchSize : " + batchsize): null

2018-06-04 18:41:55 - [TEST_STEP][PASSED] - Statement - For ([n = 1, n <= batchsize - 1, (n++)]): null

2018-06-04 18:41:55 - [TEST_STEP][PASSED] - Statement - product = new com.kms.katalon.core.testobject.TestObject(): null

2018-06-04 18:41:55 - [TEST_STEP][PASSED] - Statement - product = com.kms.katalon.core.webui.keyword.WebUiBuiltInKeywords.modifyObjectProperty(product, "xpath", "equals", "//*[@id = "fldvendor" + row + ""]", true): Modify property of object successfully

2018-06-04 18:41:55 - [MESSAGE][PASSED] - Modify property of object successfully

2018-06-04 18:41:55 - [TEST_STEP][PASSED] - selectOptionByIndex: All options with index in [1] are selected on object ''

2018-06-04 18:41:55 - [MESSAGE][PASSED] - All options with index in [1] are selected on object ''

2018-06-04 18:41:55 - [TEST_STEP][PASSED] - delay: Delayed 2 second(s)

2018-06-04 18:41:57 - [MESSAGE][PASSED] - Delayed 2 second(s)

2018-06-04 18:41:57 - [TEST_STEP][PASSED] - Statement - batch = new com.kms.katalon.core.testobject.TestObject(): null

2018-06-04 18:41:57 - [TEST_STEP][PASSED] - Statement - batch = com.kms.katalon.core.webui.keyword.WebUiBuiltInKeywords.modifyObjectProperty(batch, "xpath", "equals", "//*[@id = "txtbthqty" + row + ""]", true): Modify property of object successfully

2018-06-04 18:41:57 - [MESSAGE][PASSED] - Modify property of object successfully

2018-06-04 18:41:57 - [TEST_STEP][PASSED] - Statement - batchqty = com.kms.katalon.core.webui.keyword.WebUiBuiltInKeywords.getAttribute(batch, "value").trim(): Attribute 'value' of object '' is: '2300'

2018-06-04 18:41:57 - [MESSAGE][PASSED] - Attribute 'value' of object '' is: '2300'

2018-06-04 18:41:57 - [TEST_STEP][PASSED] - Statement - Rqty = 100: null

2018-06-04 18:41:57 - [TEST_STEP][PASSED] - Statement - out.println("BatchQty : " + batchqty): null

2018-06-04 18:41:57 - [TEST_STEP][PASSED] - Statement - out.println("RQty : " + Rqty): null

2018-06-04 18:41:57 - [TEST_STEP][PASSED] - Statement - If (java.lang.Integer.valueOf(batchqty) >= java.lang.Integer.valueOf(Rqty)): null

2018-06-04 18:41:57 - [TEST_STEP][PASSED] - Statement - Break: null

2018-06-04 18:41:57 - [TEST_STEP][PASSED] - Statement - batchlength = new com.kms.katalon.core.testobject.TestObject(): null

2018-06-04 18:41:57 - [TEST_STEP][PASSED] - Statement - batchlength = com.kms.katalon.core.webui.keyword.WebUiBuiltInKeywords.modifyObjectProperty(batchlength, "xpath", "equals", "//*[@id = "fldvendor" + row + ""]", true): Modify property of object successfully

2018-06-04 18:41:57 - [MESSAGE][PASSED] - Modify property of object successfully

2018-06-04 18:41:57 - [TEST_STEP][PASSED] - Statement - batchsize = com.kms.katalon.core.webui.keyword.WebUiBuiltInKeywords.getNumberOfTotalOption(batchlength): 8 options of object '' counted

2018-06-04 18:41:57 - [MESSAGE][PASSED] - 8 options of object '' counted

2018-06-04 18:41:57 - [TEST_STEP][PASSED] - Statement - out.println("BatchSize : " + batchsize): null

2018-06-04 18:41:57 - [TEST_STEP][PASSED] - Statement - For ([n = 1, n <= batchsize - 1, (n++)]): null

2018-06-04 18:41:57 - [TEST_STEP][PASSED] - Statement - product = new com.kms.katalon.core.testobject.TestObject(): null

2018-06-04 18:41:57 - [TEST_STEP][PASSED] - Statement - product = com.kms.katalon.core.webui.keyword.WebUiBuiltInKeywords.modifyObjectProperty(product, "xpath", "equals", "//*[@id = "fldvendor" + row + ""]", true): Modify property of object successfully

2018-06-04 18:41:57 - [MESSAGE][PASSED] - Modify property of object successfully

2018-06-04 18:41:57 - [TEST_STEP][PASSED] - selectOptionByIndex: All options with index in [1] are selected on object ''

2018-06-04 18:41:57 - [MESSAGE][PASSED] - All options with index in [1] are selected on object ''

2018-06-04 18:41:57 - [TEST_STEP][PASSED] - delay: Delayed 2 second(s)

2018-06-04 18:41:59 - [MESSAGE][PASSED] - Delayed 2 second(s)

2018-06-04 18:41:59 - [TEST_STEP][PASSED] - Statement - batch = new com.kms.katalon.core.testobject.TestObject(): null

2018-06-04 18:41:59 - [TEST_STEP][PASSED] - Statement - batch = com.kms.katalon.core.webui.keyword.WebUiBuiltInKeywords.modifyObjectProperty(batch, "xpath", "equals", "//*[@id = "txtbthqty" + row + ""]", true): Modify property of object successfully

2018-06-04 18:41:59 - [MESSAGE][PASSED] - Modify property of object successfully

2018-06-04 18:41:59 - [TEST_STEP][PASSED] - Statement - batchqty = com.kms.katalon.core.webui.keyword.WebUiBuiltInKeywords.getAttribute(batch, "value").trim(): Attribute 'value' of object '' is: '2300'

2018-06-04 18:41:59 - [MESSAGE][PASSED] - Attribute 'value' of object '' is: '2300'

2018-06-04 18:41:59 - [TEST_STEP][PASSED] - Statement - Rqty = 100: null

2018-06-04 18:41:59 - [TEST_STEP][PASSED] - Statement - out.println("BatchQty : " + batchqty): null

2018-06-04 18:41:59 - [TEST_STEP][PASSED] - Statement - out.println("RQty : " + Rqty): null

2018-06-04 18:41:59 - [TEST_STEP][PASSED] - Statement - If (java.lang.Integer.valueOf(batchqty) >= java.lang.Integer.valueOf(Rqty)): null

2018-06-04 18:41:59 - [TEST_STEP][PASSED] - Statement - Break: null

2018-06-04 18:41:59 - [TEST_STEP][PASSED] - Statement - batchlength = new com.kms.katalon.core.testobject.TestObject(): null

2018-06-04 18:41:59 - [TEST_STEP][PASSED] - Statement - batchlength = com.kms.katalon.core.webui.keyword.WebUiBuiltInKeywords.modifyObjectProperty(batchlength, "xpath", "equals", "//*[@id = "fldvendor" + row + ""]", true): Modify property of object successfully

2018-06-04 18:41:59 - [MESSAGE][PASSED] - Modify property of object successfully

2018-06-04 18:41:59 - [TEST_STEP][PASSED] - Statement - batchsize = com.kms.katalon.core.webui.keyword.WebUiBuiltInKeywords.getNumberOfTotalOption(batchlength): 8 options of object '' counted

2018-06-04 18:41:59 - [MESSAGE][PASSED] - 8 options of object '' counted

2018-06-04 18:41:59 - [TEST_STEP][PASSED] - Statement - out.println("BatchSize : " + batchsize): null

2018-06-04 18:41:59 - [TEST_STEP][PASSED] - Statement - For ([n = 1, n <= batchsize - 1, (n++)]): null

2018-06-04 18:41:59 - [TEST_STEP][PASSED] - Statement - product = new com.kms.katalon.core.testobject.TestObject(): null

2018-06-04 18:41:59 - [TEST_STEP][PASSED] - Statement - product = com.kms.katalon.core.webui.keyword.WebUiBuiltInKeywords.modifyObjectProperty(product, "xpath", "equals", "//*[@id = "fldvendor" + row + ""]", true): Modify property of object successfully

2018-06-04 18:41:59 - [MESSAGE][PASSED] - Modify property of object successfully

2018-06-04 18:41:59 - [TEST_STEP][PASSED] - selectOptionByIndex: All options with index in [1] are selected on object ''

2018-06-04 18:41:59 - [MESSAGE][PASSED] - All options with index in [1] are selected on object ''

2018-06-04 18:41:59 - [TEST_STEP][PASSED] - delay: Delayed 2 second(s)

2018-06-04 18:42:01 - [MESSAGE][PASSED] - Delayed 2 second(s)

2018-06-04 18:42:01 - [TEST_STEP][PASSED] - Statement - batch = new com.kms.katalon.core.testobject.TestObject(): null

2018-06-04 18:42:01 - [TEST_STEP][PASSED] - Statement - batch = com.kms.katalon.core.webui.keyword.WebUiBuiltInKeywords.modifyObjectProperty(batch, "xpath", "equals", "//*[@id = "txtbthqty" + row + ""]", true): Modify property of object successfully

2018-06-04 18:42:01 - [MESSAGE][PASSED] - Modify property of object successfully

2018-06-04 18:42:01 - [TEST_STEP][PASSED] - Statement - batchqty = com.kms.katalon.core.webui.keyword.WebUiBuiltInKeywords.getAttribute(batch, "value").trim(): Attribute 'value' of object '' is: '3300'

2018-06-04 18:42:01 - [MESSAGE][PASSED] - Attribute 'value' of object '' is: '3300'

2018-06-04 18:42:01 - [TEST_STEP][PASSED] - Statement - Rqty = 100: null

2018-06-04 18:42:01 - [TEST_STEP][PASSED] - Statement - out.println("BatchQty : " + batchqty): null

2018-06-04 18:42:01 - [TEST_STEP][PASSED] - Statement - out.println("RQty : " + Rqty): null

2018-06-04 18:42:01 - [TEST_STEP][PASSED] - Statement - If (java.lang.Integer.valueOf(batchqty) >= java.lang.Integer.valueOf(Rqty)): null

2018-06-04 18:42:01 - [TEST_STEP][PASSED] - Statement - Break: null

2018-06-04 18:42:01 - [TEST_STEP][PASSED] - Statement - batchlength = new com.kms.katalon.core.testobject.TestObject(): null

2018-06-04 18:42:01 - [TEST_STEP][PASSED] - Statement - batchlength = com.kms.katalon.core.webui.keyword.WebUiBuiltInKeywords.modifyObjectProperty(batchlength, "xpath", "equals", "//*[@id = "fldvendor" + row + ""]", true): Modify property of object successfully

2018-06-04 18:42:01 - [MESSAGE][PASSED] - Modify property of object successfully

2018-06-04 18:42:01 - [TEST_STEP][PASSED] - Statement - batchsize = com.kms.katalon.core.webui.keyword.WebUiBuiltInKeywords.getNumberOfTotalOption(batchlength): 8 options of object '' counted

2018-06-04 18:42:02 - [MESSAGE][PASSED] - 8 options of object '' counted

2018-06-04 18:42:02 - [TEST_STEP][PASSED] - Statement - out.println("BatchSize : " + batchsize): null

2018-06-04 18:42:02 - [TEST_STEP][PASSED] - Statement - For ([n = 1, n <= batchsize - 1, (n++)]): null

2018-06-04 18:42:02 - [TEST_STEP][PASSED] - Statement - product = new com.kms.katalon.core.testobject.TestObject(): null

2018-06-04 18:42:02 - [TEST_STEP][PASSED] - Statement - product = com.kms.katalon.core.webui.keyword.WebUiBuiltInKeywords.modifyObjectProperty(product, "xpath", "equals", "//*[@id = "fldvendor" + row + ""]", true): Modify property of object successfully

2018-06-04 18:42:02 - [MESSAGE][PASSED] - Modify property of object successfully

2018-06-04 18:42:02 - [TEST_STEP][PASSED] - selectOptionByIndex: All options with index in [1] are selected on object ''

2018-06-04 18:42:02 - [MESSAGE][PASSED] - All options with index in [1] are selected on object ''

2018-06-04 18:42:02 - [TEST_STEP][PASSED] - delay: Delayed 2 second(s)

2018-06-04 18:42:04 - [MESSAGE][PASSED] - Delayed 2 second(s)

2018-06-04 18:42:04 - [TEST_STEP][PASSED] - Statement - batch = new com.kms.katalon.core.testobject.TestObject(): null

2018-06-04 18:42:04 - [TEST_STEP][PASSED] - Statement - batch = com.kms.katalon.core.webui.keyword.WebUiBuiltInKeywords.modifyObjectProperty(batch, "xpath", "equals", "//*[@id = "txtbthqty" + row + ""]", true): Modify property of object successfully

2018-06-04 18:42:04 - [MESSAGE][PASSED] - Modify property of object successfully

2018-06-04 18:42:04 - [TEST_STEP][PASSED] - Statement - batchqty = com.kms.katalon.core.webui.keyword.WebUiBuiltInKeywords.getAttribute(batch, "value").trim(): Attribute 'value' of object '' is: '2300'

2018-06-04 18:42:04 - [MESSAGE][PASSED] - Attribute 'value' of object '' is: '2300'

2018-06-04 18:42:04 - [TEST_STEP][PASSED] - Statement - Rqty = 100: null

2018-06-04 18:42:04 - [TEST_STEP][PASSED] - Statement - out.println("BatchQty : " + batchqty): null

2018-06-04 18:42:04 - [TEST_STEP][PASSED] - Statement - out.println("RQty : " + Rqty): null

2018-06-04 18:42:04 - [TEST_STEP][PASSED] - Statement - If (java.lang.Integer.valueOf(batchqty) >= java.lang.Integer.valueOf(Rqty)): null

2018-06-04 18:42:04 - [TEST_STEP][PASSED] - Statement - Break: null

2018-06-04 18:42:04 - [TEST_STEP][PASSED] - Statement - batchlength = new com.kms.katalon.core.testobject.TestObject(): null

2018-06-04 18:42:04 - [TEST_STEP][PASSED] - Statement - batchlength = com.kms.katalon.core.webui.keyword.WebUiBuiltInKeywords.modifyObjectProperty(batchlength, "xpath", "equals", "//*[@id = "fldvendor" + row + ""]", true): Modify property of object successfully

2018-06-04 18:42:04 - [MESSAGE][PASSED] - Modify property of object successfully

2018-06-04 18:42:04 - [TEST_STEP][PASSED] - Statement - batchsize = com.kms.katalon.core.webui.keyword.WebUiBuiltInKeywords.getNumberOfTotalOption(batchlength): 8 options of object '' counted

2018-06-04 18:42:04 - [MESSAGE][PASSED] - 8 options of object '' counted

2018-06-04 18:42:04 - [TEST_STEP][PASSED] - Statement - out.println("BatchSize : " + batchsize): null

2018-06-04 18:42:04 - [TEST_STEP][PASSED] - Statement - For ([n = 1, n <= batchsize - 1, (n++)]): null

2018-06-04 18:42:04 - [TEST_STEP][PASSED] - Statement - product = new com.kms.katalon.core.testobject.TestObject(): null

2018-06-04 18:42:04 - [TEST_STEP][PASSED] - Statement - product = com.kms.katalon.core.webui.keyword.WebUiBuiltInKeywords.modifyObjectProperty(product, "xpath", "equals", "//*[@id = "fldvendor" + row + ""]", true): Modify property of object successfully

2018-06-04 18:42:04 - [MESSAGE][PASSED] - Modify property of object successfully

2018-06-04 18:42:04 - [TEST_STEP][PASSED] - selectOptionByIndex: All options with index in [1] are selected on object ''

2018-06-04 18:42:04 - [MESSAGE][PASSED] - All options with index in [1] are selected on object ''

2018-06-04 18:42:04 - [TEST_STEP][PASSED] - delay: Delayed 2 second(s)

2018-06-04 18:42:06 - [MESSAGE][PASSED] - Delayed 2 second(s)

2018-06-04 18:42:06 - [TEST_STEP][PASSED] - Statement - batch = new com.kms.katalon.core.testobject.TestObject(): null

2018-06-04 18:42:06 - [TEST_STEP][PASSED] - Statement - batch = com.kms.katalon.core.webui.keyword.WebUiBuiltInKeywords.modifyObjectProperty(batch, "xpath", "equals", "//*[@id = "txtbthqty" + row + ""]", true): Modify property of object successfully

2018-06-04 18:42:06 - [MESSAGE][PASSED] - Modify property of object successfully

2018-06-04 18:42:06 - [TEST_STEP][PASSED] - Statement - batchqty = com.kms.katalon.core.webui.keyword.WebUiBuiltInKeywords.getAttribute(batch, "value").trim(): Attribute 'value' of object '' is: '37000'

2018-06-04 18:42:06 - [MESSAGE][PASSED] - Attribute 'value' of object '' is: '37000'

2018-06-04 18:42:06 - [TEST_STEP][PASSED] - Statement - Rqty = 100: null

2018-06-04 18:42:06 - [TEST_STEP][PASSED] - Statement - out.println("BatchQty : " + batchqty): null

2018-06-04 18:42:06 - [TEST_STEP][PASSED] - Statement - out.println("RQty : " + Rqty): null

2018-06-04 18:42:06 - [TEST_STEP][PASSED] - Statement - If (java.lang.Integer.valueOf(batchqty) >= java.lang.Integer.valueOf(Rqty)): null

2018-06-04 18:42:06 - [TEST_STEP][PASSED] - Statement - Break: null

2018-06-04 18:42:06 - [TEST_STEP][PASSED] - Statement - batchlength = new com.kms.katalon.core.testobject.TestObject(): null

2018-06-04 18:42:06 - [TEST_STEP][PASSED] - Statement - batchlength = com.kms.katalon.core.webui.keyword.WebUiBuiltInKeywords.modifyObjectProperty(batchlength, "xpath", "equals", "//*[@id = "fldvendor" + row + ""]", true): Modify property of object successfully

2018-06-04 18:42:06 - [MESSAGE][PASSED] - Modify property of object successfully

2018-06-04 18:42:06 - [TEST_STEP][PASSED] - Statement - batchsize = com.kms.katalon.core.webui.keyword.WebUiBuiltInKeywords.getNumberOfTotalOption(batchlength): 8 options of object '' counted

2018-06-04 18:42:06 - [MESSAGE][PASSED] - 8 options of object '' counted

2018-06-04 18:42:06 - [TEST_STEP][PASSED] - Statement - out.println("BatchSize : " + batchsize): null

2018-06-04 18:42:06 - [TEST_STEP][PASSED] - Statement - For ([n = 1, n <= batchsize - 1, (n++)]): null

2018-06-04 18:42:06 - [TEST_STEP][PASSED] - Statement - product = new com.kms.katalon.core.testobject.TestObject(): null

2018-06-04 18:42:06 - [TEST_STEP][PASSED] - Statement - product = com.kms.katalon.core.webui.keyword.WebUiBuiltInKeywords.modifyObjectProperty(product, "xpath", "equals", "//*[@id = "fldvendor" + row + ""]", true): Modify property of object successfully

2018-06-04 18:42:06 - [MESSAGE][PASSED] - Modify property of object successfully

2018-06-04 18:42:06 - [TEST_STEP][PASSED] - selectOptionByIndex: All options with index in [1] are selected on object ''

2018-06-04 18:42:06 - [MESSAGE][PASSED] - All options with index in [1] are selected on object ''

2018-06-04 18:42:06 - [TEST_STEP][PASSED] - delay: Delayed 2 second(s)

2018-06-04 18:42:08 - [MESSAGE][PASSED] - Delayed 2 second(s)

2018-06-04 18:42:08 - [TEST_STEP][PASSED] - Statement - batch = new com.kms.katalon.core.testobject.TestObject(): null

2018-06-04 18:42:08 - [TEST_STEP][PASSED] - Statement - batch = com.kms.katalon.core.webui.keyword.WebUiBuiltInKeywords.modifyObjectProperty(batch, "xpath", "equals", "//*[@id = "txtbthqty" + row + ""]", true): Modify property of object successfully

2018-06-04 18:42:08 - [MESSAGE][PASSED] - Modify property of object successfully

2018-06-04 18:42:08 - [TEST_STEP][PASSED] - Statement - batchqty = com.kms.katalon.core.webui.keyword.WebUiBuiltInKeywords.getAttribute(batch, "value").trim(): Attribute 'value' of object '' is: '3700'

2018-06-04 18:42:08 - [MESSAGE][PASSED] - Attribute 'value' of object '' is: '3700'

2018-06-04 18:42:08 - [TEST_STEP][PASSED] - Statement - Rqty = 100: null

2018-06-04 18:42:08 - [TEST_STEP][PASSED] - Statement - out.println("BatchQty : " + batchqty): null

2018-06-04 18:42:08 - [TEST_STEP][PASSED] - Statement - out.println("RQty : " + Rqty): null

2018-06-04 18:42:08 - [TEST_STEP][PASSED] - Statement - If (java.lang.Integer.valueOf(batchqty) >= java.lang.Integer.valueOf(Rqty)): null

2018-06-04 18:42:08 - [TEST_STEP][PASSED] - Statement - Break: null

2018-06-04 18:42:08 - [TEST_STEP][PASSED] - Statement - batchlength = new com.kms.katalon.core.testobject.TestObject(): null

2018-06-04 18:42:08 - [TEST_STEP][PASSED] - Statement - batchlength = com.kms.katalon.core.webui.keyword.WebUiBuiltInKeywords.modifyObjectProperty(batchlength, "xpath", "equals", "//*[@id = "fldvendor" + row + ""]", true): Modify property of object successfully

2018-06-04 18:42:08 - [MESSAGE][PASSED] - Modify property of object successfully

2018-06-04 18:42:08 - [TEST_STEP][PASSED] - Statement - batchsize = com.kms.katalon.core.webui.keyword.WebUiBuiltInKeywords.getNumberOfTotalOption(batchlength): 8 options of object '' counted

2018-06-04 18:42:08 - [MESSAGE][PASSED] - 8 options of object '' counted

2018-06-04 18:42:08 - [TEST_STEP][PASSED] - Statement - out.println("BatchSize : " + batchsize): null

2018-06-04 18:42:08 - [TEST_STEP][PASSED] - Statement - For ([n = 1, n <= batchsize - 1, (n++)]): null

2018-06-04 18:42:08 - [TEST_STEP][PASSED] - Statement - product = new com.kms.katalon.core.testobject.TestObject(): null

2018-06-04 18:42:08 - [TEST_STEP][PASSED] - Statement - product = com.kms.katalon.core.webui.keyword.WebUiBuiltInKeywords.modifyObjectProperty(product, "xpath", "equals", "//*[@id = "fldvendor" + row + ""]", true): Modify property of object successfully

2018-06-04 18:42:08 - [MESSAGE][PASSED] - Modify property of object successfully

2018-06-04 18:42:08 - [TEST_STEP][PASSED] - selectOptionByIndex: All options with index in [1] are selected on object ''

2018-06-04 18:42:09 - [MESSAGE][PASSED] - All options with index in [1] are selected on object ''

2018-06-04 18:42:09 - [TEST_STEP][PASSED] - delay: Delayed 2 second(s)

2018-06-04 18:42:11 - [MESSAGE][PASSED] - Delayed 2 second(s)

2018-06-04 18:42:11 - [TEST_STEP][PASSED] - Statement - batch = new com.kms.katalon.core.testobject.TestObject(): null

2018-06-04 18:42:11 - [TEST_STEP][PASSED] - Statement - batch = com.kms.katalon.core.webui.keyword.WebUiBuiltInKeywords.modifyObjectProperty(batch, "xpath", "equals", "//*[@id = "txtbthqty" + row + ""]", true): Modify property of object successfully

2018-06-04 18:42:11 - [MESSAGE][PASSED] - Modify property of object successfully

2018-06-04 18:42:11 - [TEST_STEP][PASSED] - Statement - batchqty = com.kms.katalon.core.webui.keyword.WebUiBuiltInKeywords.getAttribute(batch, "value").trim(): Attribute 'value' of object '' is: '2300'

2018-06-04 18:42:11 - [MESSAGE][PASSED] - Attribute 'value' of object '' is: '2300'

2018-06-04 18:42:11 - [TEST_STEP][PASSED] - Statement - Rqty = 100: null

2018-06-04 18:42:11 - [TEST_STEP][PASSED] - Statement - out.println("BatchQty : " + batchqty): null

2018-06-04 18:42:11 - [TEST_STEP][PASSED] - Statement - out.println("RQty : " + Rqty): null

2018-06-04 18:42:11 - [TEST_STEP][PASSED] - Statement - If (java.lang.Integer.valueOf(batchqty) >= java.lang.Integer.valueOf(Rqty)): null

2018-06-04 18:42:11 - [TEST_STEP][PASSED] - Statement - Break: null

2018-06-04 18:42:11 - [TEST_STEP][PASSED] - Statement - batchlength = new com.kms.katalon.core.testobject.TestObject(): null

2018-06-04 18:42:11 - [TEST_STEP][PASSED] - Statement - batchlength = com.kms.katalon.core.webui.keyword.WebUiBuiltInKeywords.modifyObjectProperty(batchlength, "xpath", "equals", "//*[@id = "fldvendor" + row + ""]", true): Modify property of object successfully

2018-06-04 18:42:11 - [MESSAGE][PASSED] - Modify property of object successfully

2018-06-04 18:42:11 - [TEST_STEP][PASSED] - Statement - batchsize = com.kms.katalon.core.webui.keyword.WebUiBuiltInKeywords.getNumberOfTotalOption(batchlength): 8 options of object '' counted

2018-06-04 18:42:11 - [MESSAGE][PASSED] - 8 options of object '' counted

2018-06-04 18:42:11 - [TEST_STEP][PASSED] - Statement - out.println("BatchSize : " + batchsize): null

2018-06-04 18:42:11 - [TEST_STEP][PASSED] - Statement - For ([n = 1, n <= batchsize - 1, (n++)]): null

2018-06-04 18:42:11 - [TEST_STEP][PASSED] - Statement - product = new com.kms.katalon.core.testobject.TestObject(): null

2018-06-04 18:42:11 - [TEST_STEP][PASSED] - Statement - product = com.kms.katalon.core.webui.keyword.WebUiBuiltInKeywords.modifyObjectProperty(product, "xpath", "equals", "//*[@id = "fldvendor" + row + ""]", true): Modify property of object successfully

2018-06-04 18:42:11 - [MESSAGE][PASSED] - Modify property of object successfully

2018-06-04 18:42:11 - [TEST_STEP][PASSED] - selectOptionByIndex: All options with index in [1] are selected on object ''

2018-06-04 18:42:11 - [MESSAGE][PASSED] - All options with index in [1] are selected on object ''

2018-06-04 18:42:11 - [TEST_STEP][PASSED] - delay: Delayed 2 second(s)

2018-06-04 18:42:13 - [MESSAGE][PASSED] - Delayed 2 second(s)

2018-06-04 18:42:13 - [TEST_STEP][PASSED] - Statement - batch = new com.kms.katalon.core.testobject.TestObject(): null

2018-06-04 18:42:13 - [TEST_STEP][PASSED] - Statement - batch = com.kms.katalon.core.webui.keyword.WebUiBuiltInKeywords.modifyObjectProperty(batch, "xpath", "equals", "//*[@id = "txtbthqty" + row + ""]", true): Modify property of object successfully

2018-06-04 18:42:13 - [MESSAGE][PASSED] - Modify property of object successfully

2018-06-04 18:42:13 - [TEST_STEP][PASSED] - Statement - batchqty = com.kms.katalon.core.webui.keyword.WebUiBuiltInKeywords.getAttribute(batch, "value").trim(): Attribute 'value' of object '' is: '3700'

2018-06-04 18:42:13 - [MESSAGE][PASSED] - Attribute 'value' of object '' is: '3700'

2018-06-04 18:42:13 - [TEST_STEP][PASSED] - Statement - Rqty = 100: null

2018-06-04 18:42:13 - [TEST_STEP][PASSED] - Statement - out.println("BatchQty : " + batchqty): null

2018-06-04 18:42:13 - [TEST_STEP][PASSED] - Statement - out.println("RQty : " + Rqty): null

2018-06-04 18:42:13 - [TEST_STEP][PASSED] - Statement - If (java.lang.Integer.valueOf(batchqty) >= java.lang.Integer.valueOf(Rqty)): null

2018-06-04 18:42:13 - [TEST_STEP][PASSED] - Statement - Break: null

2018-06-04 18:42:13 - [TEST_STEP][PASSED] - Statement - batchlength = new com.kms.katalon.core.testobject.TestObject(): null

2018-06-04 18:42:13 - [TEST_STEP][PASSED] - Statement - batchlength = com.kms.katalon.core.webui.keyword.WebUiBuiltInKeywords.modifyObjectProperty(batchlength, "xpath", "equals", "//*[@id = "fldvendor" + row + ""]", true): Modify property of object successfully

2018-06-04 18:42:13 - [MESSAGE][PASSED] - Modify property of object successfully

2018-06-04 18:42:13 - [TEST_STEP][PASSED] - Statement - batchsize = com.kms.katalon.core.webui.keyword.WebUiBuiltInKeywords.getNumberOfTotalOption(batchlength): 8 options of object '' counted

2018-06-04 18:42:13 - [MESSAGE][PASSED] - 8 options of object '' counted

2018-06-04 18:42:13 - [TEST_STEP][PASSED] - Statement - out.println("BatchSize : " + batchsize): null

2018-06-04 18:42:13 - [TEST_STEP][PASSED] - Statement - For ([n = 1, n <= batchsize - 1, (n++)]): null

2018-06-04 18:42:13 - [TEST_STEP][PASSED] - Statement - product = new com.kms.katalon.core.testobject.TestObject(): null

2018-06-04 18:42:13 - [TEST_STEP][PASSED] - Statement - product = com.kms.katalon.core.webui.keyword.WebUiBuiltInKeywords.modifyObjectProperty(product, "xpath", "equals", "//*[@id = "fldvendor" + row + ""]", true): Modify property of object successfully

2018-06-04 18:42:13 - [MESSAGE][PASSED] - Modify property of object successfully

2018-06-04 18:42:13 - [TEST_STEP][PASSED] - selectOptionByIndex: All options with index in [1] are selected on object ''

2018-06-04 18:42:13 - [MESSAGE][PASSED] - All options with index in [1] are selected on object ''

2018-06-04 18:42:13 - [TEST_STEP][PASSED] - delay: Delayed 2 second(s)

2018-06-04 18:42:15 - [MESSAGE][PASSED] - Delayed 2 second(s)

2018-06-04 18:42:15 - [TEST_STEP][PASSED] - Statement - batch = new com.kms.katalon.core.testobject.TestObject(): null

2018-06-04 18:42:15 - [TEST_STEP][PASSED] - Statement - batch = com.kms.katalon.core.webui.keyword.WebUiBuiltInKeywords.modifyObjectProperty(batch, "xpath", "equals", "//*[@id = "txtbthqty" + row + ""]", true): Modify property of object successfully

2018-06-04 18:42:15 - [MESSAGE][PASSED] - Modify property of object successfully

2018-06-04 18:42:15 - [TEST_STEP][PASSED] - Statement - batchqty = com.kms.katalon.core.webui.keyword.WebUiBuiltInKeywords.getAttribute(batch, "value").trim(): Attribute 'value' of object '' is: '2300'

2018-06-04 18:42:15 - [MESSAGE][PASSED] - Attribute 'value' of object '' is: '2300'

2018-06-04 18:42:15 - [TEST_STEP][PASSED] - Statement - Rqty = 100: null

2018-06-04 18:42:15 - [TEST_STEP][PASSED] - Statement - out.println("BatchQty : " + batchqty): null

2018-06-04 18:42:15 - [TEST_STEP][PASSED] - Statement - out.println("RQty : " + Rqty): null

2018-06-04 18:42:15 - [TEST_STEP][PASSED] - Statement - If (java.lang.Integer.valueOf(batchqty) >= java.lang.Integer.valueOf(Rqty)): null

2018-06-04 18:42:15 - [TEST_STEP][PASSED] - Statement - Break: null

2018-06-04 18:42:15 - [TEST_STEP][PASSED] - Statement - batchlength = new com.kms.katalon.core.testobject.TestObject(): null

2018-06-04 18:42:15 - [TEST_STEP][PASSED] - Statement - batchlength = com.kms.katalon.core.webui.keyword.WebUiBuiltInKeywords.modifyObjectProperty(batchlength, "xpath", "equals", "//*[@id = "fldvendor" + row + ""]", true): Modify property of object successfully

2018-06-04 18:42:15 - [MESSAGE][PASSED] - Modify property of object successfully

2018-06-04 18:42:15 - [TEST_STEP][PASSED] - Statement - batchsize = com.kms.katalon.core.webui.keyword.WebUiBuiltInKeywords.getNumberOfTotalOption(batchlength): 8 options of object '' counted

2018-06-04 18:42:15 - [MESSAGE][PASSED] - 8 options of object '' counted

2018-06-04 18:42:15 - [TEST_STEP][PASSED] - Statement - out.println("BatchSize : " + batchsize): null

2018-06-04 18:42:15 - [TEST_STEP][PASSED] - Statement - For ([n = 1, n <= batchsize - 1, (n++)]): null

2018-06-04 18:42:15 - [TEST_STEP][PASSED] - Statement - product = new com.kms.katalon.core.testobject.TestObject(): null

2018-06-04 18:42:15 - [TEST_STEP][PASSED] - Statement - product = com.kms.katalon.core.webui.keyword.WebUiBuiltInKeywords.modifyObjectProperty(product, "xpath", "equals", "//*[@id = "fldvendor" + row + ""]", true): Modify property of object successfully

2018-06-04 18:42:15 - [MESSAGE][PASSED] - Modify property of object successfully

2018-06-04 18:42:15 - [TEST_STEP][PASSED] - selectOptionByIndex: All options with index in [1] are selected on object ''

2018-06-04 18:42:15 - [MESSAGE][PASSED] - All options with index in [1] are selected on object ''

2018-06-04 18:42:15 - [TEST_STEP][PASSED] - delay: Delayed 2 second(s)

2018-06-04 18:42:17 - [MESSAGE][PASSED] - Delayed 2 second(s)

2018-06-04 18:42:17 - [TEST_STEP][PASSED] - Statement - batch = new com.kms.katalon.core.testobject.TestObject(): null

2018-06-04 18:42:17 - [TEST_STEP][PASSED] - Statement - batch = com.kms.katalon.core.webui.keyword.WebUiBuiltInKeywords.modifyObjectProperty(batch, "xpath", "equals", "//*[@id = "txtbthqty" + row + ""]", true): Modify property of object successfully

2018-06-04 18:42:17 - [MESSAGE][PASSED] - Modify property of object successfully

2018-06-04 18:42:17 - [TEST_STEP][PASSED] - Statement - batchqty = com.kms.katalon.core.webui.keyword.WebUiBuiltInKeywords.getAttribute(batch, "value").trim(): Attribute 'value' of object '' is: '4200'

2018-06-04 18:42:17 - [MESSAGE][PASSED] - Attribute 'value' of object '' is: '4200'

2018-06-04 18:42:17 - [TEST_STEP][PASSED] - Statement - Rqty = 100: null

2018-06-04 18:42:17 - [TEST_STEP][PASSED] - Statement - out.println("BatchQty : " + batchqty): null

2018-06-04 18:42:17 - [TEST_STEP][PASSED] - Statement - out.println("RQty : " + Rqty): null

2018-06-04 18:42:17 - [TEST_STEP][PASSED] - Statement - If (java.lang.Integer.valueOf(batchqty) >= java.lang.Integer.valueOf(Rqty)): null

2018-06-04 18:42:17 - [TEST_STEP][PASSED] - Statement - Break: null

2018-06-04 18:42:17 - [TEST_STEP][PASSED] - Statement - batchlength = new com.kms.katalon.core.testobject.TestObject(): null

2018-06-04 18:42:17 - [TEST_STEP][PASSED] - Statement - batchlength = com.kms.katalon.core.webui.keyword.WebUiBuiltInKeywords.modifyObjectProperty(batchlength, "xpath", "equals", "//*[@id = "fldvendor" + row + ""]", true): Modify property of object successfully

2018-06-04 18:42:17 - [MESSAGE][PASSED] - Modify property of object successfully

2018-06-04 18:42:17 - [TEST_STEP][PASSED] - Statement - batchsize = com.kms.katalon.core.webui.keyword.WebUiBuiltInKeywords.getNumberOfTotalOption(batchlength): 8 options of object '' counted

2018-06-04 18:42:18 - [MESSAGE][PASSED] - 8 options of object '' counted

2018-06-04 18:42:18 - [TEST_STEP][PASSED] - Statement - out.println("BatchSize : " + batchsize): null

2018-06-04 18:42:18 - [TEST_STEP][PASSED] - Statement - For ([n = 1, n <= batchsize - 1, (n++)]): null

2018-06-04 18:42:18 - [TEST_STEP][PASSED] - Statement - product = new com.kms.katalon.core.testobject.TestObject(): null

2018-06-04 18:42:18 - [TEST_STEP][PASSED] - Statement - product = com.kms.katalon.core.webui.keyword.WebUiBuiltInKeywords.modifyObjectProperty(product, "xpath", "equals", "//*[@id = "fldvendor" + row + ""]", true): Modify property of object successfully

2018-06-04 18:42:18 - [MESSAGE][PASSED] - Modify property of object successfully

2018-06-04 18:42:18 - [TEST_STEP][PASSED] - selectOptionByIndex: All options with index in [1] are selected on object ''

2018-06-04 18:42:18 - [MESSAGE][PASSED] - All options with index in [1] are selected on object ''

2018-06-04 18:42:18 - [TEST_STEP][PASSED] - delay: Delayed 2 second(s)

2018-06-04 18:42:20 - [MESSAGE][PASSED] - Delayed 2 second(s)

2018-06-04 18:42:20 - [TEST_STEP][PASSED] - Statement - batch = new com.kms.katalon.core.testobject.TestObject(): null

2018-06-04 18:42:20 - [TEST_STEP][PASSED] - Statement - batch = com.kms.katalon.core.webui.keyword.WebUiBuiltInKeywords.modifyObjectProperty(batch, "xpath", "equals", "//*[@id = "txtbthqty" + row + ""]", true): Modify property of object successfully

2018-06-04 18:42:20 - [MESSAGE][PASSED] - Modify property of object successfully

2018-06-04 18:42:20 - [TEST_STEP][PASSED] - Statement - batchqty = com.kms.katalon.core.webui.keyword.WebUiBuiltInKeywords.getAttribute(batch, "value").trim(): Attribute 'value' of object '' is: '4200'

2018-06-04 18:42:20 - [MESSAGE][PASSED] - Attribute 'value' of object '' is: '4200'

2018-06-04 18:42:20 - [TEST_STEP][PASSED] - Statement - Rqty = 100: null

2018-06-04 18:42:20 - [TEST_STEP][PASSED] - Statement - out.println("BatchQty : " + batchqty): null

2018-06-04 18:42:20 - [TEST_STEP][PASSED] - Statement - out.println("RQty : " + Rqty): null

2018-06-04 18:42:20 - [TEST_STEP][PASSED] - Statement - If (java.lang.Integer.valueOf(batchqty) >= java.lang.Integer.valueOf(Rqty)): null

2018-06-04 18:42:20 - [TEST_STEP][PASSED] - Statement - Break: null

2018-06-04 18:42:20 - [TEST_STEP][PASSED] - Statement - batchlength = new com.kms.katalon.core.testobject.TestObject(): null

2018-06-04 18:42:20 - [TEST_STEP][PASSED] - Statement - batchlength = com.kms.katalon.core.webui.keyword.WebUiBuiltInKeywords.modifyObjectProperty(batchlength, "xpath", "equals", "//*[@id = "fldvendor" + row + ""]", true): Modify property of object successfully

2018-06-04 18:42:20 - [MESSAGE][PASSED] - Modify property of object successfully

2018-06-04 18:42:20 - [TEST_STEP][PASSED] - Statement - batchsize = com.kms.katalon.core.webui.keyword.WebUiBuiltInKeywords.getNumberOfTotalOption(batchlength): 8 options of object '' counted

2018-06-04 18:42:20 - [MESSAGE][PASSED] - 8 options of object '' counted

2018-06-04 18:42:20 - [TEST_STEP][PASSED] - Statement - out.println("BatchSize : " + batchsize): null

2018-06-04 18:42:20 - [TEST_STEP][PASSED] - Statement - For ([n = 1, n <= batchsize - 1, (n++)]): null

2018-06-04 18:42:20 - [TEST_STEP][PASSED] - Statement - product = new com.kms.katalon.core.testobject.TestObject(): null

2018-06-04 18:42:20 - [TEST_STEP][PASSED] - Statement - product = com.kms.katalon.core.webui.keyword.WebUiBuiltInKeywords.modifyObjectProperty(product, "xpath", "equals", "//*[@id = "fldvendor" + row + ""]", true): Modify property of object successfully

2018-06-04 18:42:20 - [MESSAGE][PASSED] - Modify property of object successfully

2018-06-04 18:42:20 - [TEST_STEP][PASSED] - selectOptionByIndex: All options with index in [1] are selected on object ''

2018-06-04 18:42:20 - [MESSAGE][PASSED] - All options with index in [1] are selected on object ''

2018-06-04 18:42:20 - [TEST_STEP][PASSED] - delay: Delayed 2 second(s)

2018-06-04 18:42:22 - [MESSAGE][PASSED] - Delayed 2 second(s)

2018-06-04 18:42:22 - [TEST_STEP][PASSED] - Statement - batch = new com.kms.katalon.core.testobject.TestObject(): null

2018-06-04 18:42:22 - [TEST_STEP][PASSED] - Statement - batch = com.kms.katalon.core.webui.keyword.WebUiBuiltInKeywords.modifyObjectProperty(batch, "xpath", "equals", "//*[@id = "txtbthqty" + row + ""]", true): Modify property of object successfully

2018-06-04 18:42:22 - [MESSAGE][PASSED] - Modify property of object successfully

2018-06-04 18:42:22 - [TEST_STEP][PASSED] - Statement - batchqty = com.kms.katalon.core.webui.keyword.WebUiBuiltInKeywords.getAttribute(batch, "value").trim(): Attribute 'value' of object '' is: '3300'

2018-06-04 18:42:22 - [MESSAGE][PASSED] - Attribute 'value' of object '' is: '3300'

2018-06-04 18:42:22 - [TEST_STEP][PASSED] - Statement - Rqty = 100: null

2018-06-04 18:42:22 - [TEST_STEP][PASSED] - Statement - out.println("BatchQty : " + batchqty): null

2018-06-04 18:42:22 - [TEST_STEP][PASSED] - Statement - out.println("RQty : " + Rqty): null

2018-06-04 18:42:22 - [TEST_STEP][PASSED] - Statement - If (java.lang.Integer.valueOf(batchqty) >= java.lang.Integer.valueOf(Rqty)): null

2018-06-04 18:42:22 - [TEST_STEP][PASSED] - Statement - Break: null

2018-06-04 18:42:22 - [TEST_STEP][PASSED] - Statement - batchlength = new com.kms.katalon.core.testobject.TestObject(): null

2018-06-04 18:42:22 - [TEST_STEP][PASSED] - Statement - batchlength = com.kms.katalon.core.webui.keyword.WebUiBuiltInKeywords.modifyObjectProperty(batchlength, "xpath", "equals", "//*[@id = "fldvendor" + row + ""]", true): Modify property of object successfully

2018-06-04 18:42:22 - [MESSAGE][PASSED] - Modify property of object successfully

2018-06-04 18:42:22 - [TEST_STEP][PASSED] - Statement - batchsize = com.kms.katalon.core.webui.keyword.WebUiBuiltInKeywords.getNumberOfTotalOption(batchlength): 8 options of object '' counted

2018-06-04 18:42:22 - [MESSAGE][PASSED] - 8 options of object '' counted

2018-06-04 18:42:22 - [TEST_STEP][PASSED] - Statement - out.println("BatchSize : " + batchsize): null

2018-06-04 18:42:22 - [TEST_STEP][PASSED] - Statement - For ([n = 1, n <= batchsize - 1, (n++)]): null

2018-06-04 18:42:22 - [TEST_STEP][PASSED] - Statement - product = new com.kms.katalon.core.testobject.TestObject(): null

2018-06-04 18:42:22 - [TEST_STEP][PASSED] - Statement - product = com.kms.katalon.core.webui.keyword.WebUiBuiltInKeywords.modifyObjectProperty(product, "xpath", "equals", "//*[@id = "fldvendor" + row + ""]", true): Modify property of object successfully

2018-06-04 18:42:22 - [MESSAGE][PASSED] - Modify property of object successfully

2018-06-04 18:42:22 - [TEST_STEP][PASSED] - selectOptionByIndex: All options with index in [1] are selected on object ''

2018-06-04 18:42:22 - [MESSAGE][PASSED] - All options with index in [1] are selected on object ''

2018-06-04 18:42:22 - [TEST_STEP][PASSED] - delay: Delayed 2 second(s)

2018-06-04 18:42:24 - [MESSAGE][PASSED] - Delayed 2 second(s)

2018-06-04 18:42:24 - [TEST_STEP][PASSED] - Statement - batch = new com.kms.katalon.core.testobject.TestObject(): null

2018-06-04 18:42:24 - [TEST_STEP][PASSED] - Statement - batch = com.kms.katalon.core.webui.keyword.WebUiBuiltInKeywords.modifyObjectProperty(batch, "xpath", "equals", "//*[@id = "txtbthqty" + row + ""]", true): Modify property of object successfully

2018-06-04 18:42:24 - [MESSAGE][PASSED] - Modify property of object successfully

2018-06-04 18:42:24 - [TEST_STEP][PASSED] - Statement - batchqty = com.kms.katalon.core.webui.keyword.WebUiBuiltInKeywords.getAttribute(batch, "value").trim(): Attribute 'value' of object '' is: '3700'

2018-06-04 18:42:24 - [MESSAGE][PASSED] - Attribute 'value' of object '' is: '3700'

2018-06-04 18:42:24 - [TEST_STEP][PASSED] - Statement - Rqty = 100: null

2018-06-04 18:42:24 - [TEST_STEP][PASSED] - Statement - out.println("BatchQty : " + batchqty): null

2018-06-04 18:42:24 - [TEST_STEP][PASSED] - Statement - out.println("RQty : " + Rqty): null

2018-06-04 18:42:24 - [TEST_STEP][PASSED] - Statement - If (java.lang.Integer.valueOf(batchqty) >= java.lang.Integer.valueOf(Rqty)): null

2018-06-04 18:42:24 - [TEST_STEP][PASSED] - Statement - Break: null

2018-06-04 18:42:24 - [TEST_STEP][PASSED] - Statement - batchlength = new com.kms.katalon.core.testobject.TestObject(): null

2018-06-04 18:42:24 - [TEST_STEP][PASSED] - Statement - batchlength = com.kms.katalon.core.webui.keyword.WebUiBuiltInKeywords.modifyObjectProperty(batchlength, "xpath", "equals", "//*[@id = "fldvendor" + row + ""]", true): Modify property of object successfully

2018-06-04 18:42:24 - [MESSAGE][PASSED] - Modify property of object successfully

2018-06-04 18:42:24 - [TEST_STEP][PASSED] - Statement - batchsize = com.kms.katalon.core.webui.keyword.WebUiBuiltInKeywords.getNumberOfTotalOption(batchlength): 8 options of object '' counted

2018-06-04 18:42:24 - [MESSAGE][PASSED] - 8 options of object '' counted

2018-06-04 18:42:24 - [TEST_STEP][PASSED] - Statement - out.println("BatchSize : " + batchsize): null

2018-06-04 18:42:24 - [TEST_STEP][PASSED] - Statement - For ([n = 1, n <= batchsize - 1, (n++)]): null

2018-06-04 18:42:24 - [TEST_STEP][PASSED] - Statement - product = new com.kms.katalon.core.testobject.TestObject(): null

2018-06-04 18:42:24 - [TEST_STEP][PASSED] - Statement - product = com.kms.katalon.core.webui.keyword.WebUiBuiltInKeywords.modifyObjectProperty(product, "xpath", "equals", "//*[@id = "fldvendor" + row + ""]", true): Modify property of object successfully

2018-06-04 18:42:24 - [MESSAGE][PASSED] - Modify property of object successfully

2018-06-04 18:42:24 - [TEST_STEP][PASSED] - selectOptionByIndex: All options with index in [1] are selected on object ''

2018-06-04 18:42:25 - [MESSAGE][PASSED] - All options with index in [1] are selected on object ''

2018-06-04 18:42:25 - [TEST_STEP][PASSED] - delay: Delayed 2 second(s)

2018-06-04 18:42:27 - [MESSAGE][PASSED] - Delayed 2 second(s)

2018-06-04 18:42:27 - [TEST_STEP][PASSED] - Statement - batch = new com.kms.katalon.core.testobject.TestObject(): null

2018-06-04 18:42:27 - [TEST_STEP][PASSED] - Statement - batch = com.kms.katalon.core.webui.keyword.WebUiBuiltInKeywords.modifyObjectProperty(batch, "xpath", "equals", "//*[@id = "txtbthqty" + row + ""]", true): Modify property of object successfully

2018-06-04 18:42:27 - [MESSAGE][PASSED] - Modify property of object successfully

2018-06-04 18:42:27 - [TEST_STEP][PASSED] - Statement - batchqty = com.kms.katalon.core.webui.keyword.WebUiBuiltInKeywords.getAttribute(batch, "value").trim(): Attribute 'value' of object '' is: '3900'

2018-06-04 18:42:27 - [MESSAGE][PASSED] - Attribute 'value' of object '' is: '3900'

2018-06-04 18:42:27 - [TEST_STEP][PASSED] - Statement - Rqty = 100: null

2018-06-04 18:42:27 - [TEST_STEP][PASSED] - Statement - out.println("BatchQty : " + batchqty): null

2018-06-04 18:42:27 - [TEST_STEP][PASSED] - Statement - out.println("RQty : " + Rqty): null

2018-06-04 18:42:27 - [TEST_STEP][PASSED] - Statement - If (java.lang.Integer.valueOf(batchqty) >= java.lang.Integer.valueOf(Rqty)): null

2018-06-04 18:42:27 - [TEST_STEP][PASSED] - Statement - Break: null

2018-06-04 18:42:27 - [TEST_STEP][PASSED] - Statement - batchlength = new com.kms.katalon.core.testobject.TestObject(): null

2018-06-04 18:42:27 - [TEST_STEP][PASSED] - Statement - batchlength = com.kms.katalon.core.webui.keyword.WebUiBuiltInKeywords.modifyObjectProperty(batchlength, "xpath", "equals", "//*[@id = "fldvendor" + row + ""]", true): Modify property of object successfully

2018-06-04 18:42:27 - [MESSAGE][PASSED] - Modify property of object successfully

2018-06-04 18:42:27 - [TEST_STEP][PASSED] - Statement - batchsize = com.kms.katalon.core.webui.keyword.WebUiBuiltInKeywords.getNumberOfTotalOption(batchlength): 8 options of object '' counted

2018-06-04 18:42:27 - [MESSAGE][PASSED] - 8 options of object '' counted

2018-06-04 18:42:27 - [TEST_STEP][PASSED] - Statement - out.println("BatchSize : " + batchsize): null

2018-06-04 18:42:27 - [TEST_STEP][PASSED] - Statement - For ([n = 1, n <= batchsize - 1, (n++)]): null

2018-06-04 18:42:27 - [TEST_STEP][PASSED] - Statement - product = new com.kms.katalon.core.testobject.TestObject(): null

2018-06-04 18:42:27 - [TEST_STEP][PASSED] - Statement - product = com.kms.katalon.core.webui.keyword.WebUiBuiltInKeywords.modifyObjectProperty(product, "xpath", "equals", "//*[@id = "fldvendor" + row + ""]", true): Modify property of object successfully

2018-06-04 18:42:27 - [MESSAGE][PASSED] - Modify property of object successfully

2018-06-04 18:42:27 - [TEST_STEP][PASSED] - selectOptionByIndex: All options with index in [1] are selected on object ''

2018-06-04 18:42:27 - [MESSAGE][PASSED] - All options with index in [1] are selected on object ''

2018-06-04 18:42:27 - [TEST_STEP][PASSED] - delay: Delayed 2 second(s)

2018-06-04 18:42:29 - [MESSAGE][PASSED] - Delayed 2 second(s)

2018-06-04 18:42:29 - [TEST_STEP][PASSED] - Statement - batch = new com.kms.katalon.core.testobject.TestObject(): null

2018-06-04 18:42:29 - [TEST_STEP][PASSED] - Statement - batch = com.kms.katalon.core.webui.keyword.WebUiBuiltInKeywords.modifyObjectProperty(batch, "xpath", "equals", "//*[@id = "txtbthqty" + row + ""]", true): Modify property of object successfully

2018-06-04 18:42:29 - [MESSAGE][PASSED] - Modify property of object successfully

2018-06-04 18:42:29 - [TEST_STEP][PASSED] - Statement - batchqty = com.kms.katalon.core.webui.keyword.WebUiBuiltInKeywords.getAttribute(batch, "value").trim(): Attribute 'value' of object '' is: '2300'

2018-06-04 18:42:29 - [MESSAGE][PASSED] - Attribute 'value' of object '' is: '2300'

2018-06-04 18:42:29 - [TEST_STEP][PASSED] - Statement - Rqty = 100: null

2018-06-04 18:42:29 - [TEST_STEP][PASSED] - Statement - out.println("BatchQty : " + batchqty): null

2018-06-04 18:42:29 - [TEST_STEP][PASSED] - Statement - out.println("RQty : " + Rqty): null

2018-06-04 18:42:29 - [TEST_STEP][PASSED] - Statement - If (java.lang.Integer.valueOf(batchqty) >= java.lang.Integer.valueOf(Rqty)): null

2018-06-04 18:42:29 - [TEST_STEP][PASSED] - Statement - Break: null

2018-06-04 18:42:29 - [TEST_STEP][PASSED] - Statement - batchlength = new com.kms.katalon.core.testobject.TestObject(): null

2018-06-04 18:42:29 - [TEST_STEP][PASSED] - Statement - batchlength = com.kms.katalon.core.webui.keyword.WebUiBuiltInKeywords.modifyObjectProperty(batchlength, "xpath", "equals", "//*[@id = "fldvendor" + row + ""]", true): Modify property of object successfully

2018-06-04 18:42:29 - [MESSAGE][PASSED] - Modify property of object successfully

2018-06-04 18:42:29 - [TEST_STEP][PASSED] - Statement - batchsize = com.kms.katalon.core.webui.keyword.WebUiBuiltInKeywords.getNumberOfTotalOption(batchlength): 8 options of object '' counted

2018-06-04 18:42:29 - [MESSAGE][PASSED] - 8 options of object '' counted

2018-06-04 18:42:29 - [TEST_STEP][PASSED] - Statement - out.println("BatchSize : " + batchsize): null

2018-06-04 18:42:29 - [TEST_STEP][PASSED] - Statement - For ([n = 1, n <= batchsize - 1, (n++)]): null

2018-06-04 18:42:29 - [TEST_STEP][PASSED] - Statement - product = new com.kms.katalon.core.testobject.TestObject(): null

2018-06-04 18:42:29 - [TEST_STEP][PASSED] - Statement - product = com.kms.katalon.core.webui.keyword.WebUiBuiltInKeywords.modifyObjectProperty(product, "xpath", "equals", "//*[@id = "fldvendor" + row + ""]", true): Modify property of object successfully

2018-06-04 18:42:29 - [MESSAGE][PASSED] - Modify property of object successfully

2018-06-04 18:42:29 - [TEST_STEP][PASSED] - selectOptionByIndex: All options with index in [1] are selected on object ''

2018-06-04 18:42:29 - [MESSAGE][PASSED] - All options with index in [1] are selected on object ''

2018-06-04 18:42:29 - [TEST_STEP][PASSED] - delay: Delayed 2 second(s)

2018-06-04 18:42:31 - [MESSAGE][PASSED] - Delayed 2 second(s)

2018-06-04 18:42:31 - [TEST_STEP][PASSED] - Statement - batch = new com.kms.katalon.core.testobject.TestObject(): null

2018-06-04 18:42:31 - [TEST_STEP][PASSED] - Statement - batch = com.kms.katalon.core.webui.keyword.WebUiBuiltInKeywords.modifyObjectProperty(batch, "xpath", "equals", "//*[@id = "txtbthqty" + row + ""]", true): Modify property of object successfully

2018-06-04 18:42:31 - [MESSAGE][PASSED] - Modify property of object successfully

2018-06-04 18:42:31 - [TEST_STEP][PASSED] - Statement - batchqty = com.kms.katalon.core.webui.keyword.WebUiBuiltInKeywords.getAttribute(batch, "value").trim(): Attribute 'value' of object '' is: '2300'

2018-06-04 18:42:31 - [MESSAGE][PASSED] - Attribute 'value' of object '' is: '2300'

2018-06-04 18:42:31 - [TEST_STEP][PASSED] - Statement - Rqty = 100: null

2018-06-04 18:42:31 - [TEST_STEP][PASSED] - Statement - out.println("BatchQty : " + batchqty): null

2018-06-04 18:42:31 - [TEST_STEP][PASSED] - Statement - out.println("RQty : " + Rqty): null

2018-06-04 18:42:31 - [TEST_STEP][PASSED] - Statement - If (java.lang.Integer.valueOf(batchqty) >= java.lang.Integer.valueOf(Rqty)): null

2018-06-04 18:42:31 - [TEST_STEP][PASSED] - Statement - Break: null

2018-06-04 18:42:31 - [TEST_STEP][PASSED] - Statement - batchlength = new com.kms.katalon.core.testobject.TestObject(): null

2018-06-04 18:42:31 - [TEST_STEP][PASSED] - Statement - batchlength = com.kms.katalon.core.webui.keyword.WebUiBuiltInKeywords.modifyObjectProperty(batchlength, "xpath", "equals", "//*[@id = "fldvendor" + row + ""]", true): Modify property of object successfully

2018-06-04 18:42:31 - [MESSAGE][PASSED] - Modify property of object successfully

2018-06-04 18:42:31 - [TEST_STEP][PASSED] - Statement - batchsize = com.kms.katalon.core.webui.keyword.WebUiBuiltInKeywords.getNumberOfTotalOption(batchlength): 8 options of object '' counted

2018-06-04 18:42:31 - [MESSAGE][PASSED] - 8 options of object '' counted

2018-06-04 18:42:31 - [TEST_STEP][PASSED] - Statement - out.println("BatchSize : " + batchsize): null

2018-06-04 18:42:31 - [TEST_STEP][PASSED] - Statement - For ([n = 1, n <= batchsize - 1, (n++)]): null

2018-06-04 18:42:31 - [TEST_STEP][PASSED] - Statement - product = new com.kms.katalon.core.testobject.TestObject(): null

2018-06-04 18:42:31 - [TEST_STEP][PASSED] - Statement - product = com.kms.katalon.core.webui.keyword.WebUiBuiltInKeywords.modifyObjectProperty(product, "xpath", "equals", "//*[@id = "fldvendor" + row + ""]", true): Modify property of object successfully

2018-06-04 18:42:31 - [MESSAGE][PASSED] - Modify property of object successfully

2018-06-04 18:42:31 - [TEST_STEP][PASSED] - selectOptionByIndex: All options with index in [1] are selected on object ''

2018-06-04 18:42:31 - [MESSAGE][PASSED] - All options with index in [1] are selected on object ''

2018-06-04 18:42:31 - [TEST_STEP][PASSED] - delay: Delayed 2 second(s)

2018-06-04 18:42:33 - [MESSAGE][PASSED] - Delayed 2 second(s)

2018-06-04 18:42:33 - [TEST_STEP][PASSED] - Statement - batch = new com.kms.katalon.core.testobject.TestObject(): null

2018-06-04 18:42:33 - [TEST_STEP][PASSED] - Statement - batch = com.kms.katalon.core.webui.keyword.WebUiBuiltInKeywords.modifyObjectProperty(batch, "xpath", "equals", "//*[@id = "txtbthqty" + row + ""]", true): Modify property of object successfully

2018-06-04 18:42:33 - [MESSAGE][PASSED] - Modify property of object successfully

2018-06-04 18:42:33 - [TEST_STEP][PASSED] - Statement - batchqty = com.kms.katalon.core.webui.keyword.WebUiBuiltInKeywords.getAttribute(batch, "value").trim(): Attribute 'value' of object '' is: '4200'

2018-06-04 18:42:33 - [MESSAGE][PASSED] - Attribute 'value' of object '' is: '4200'

2018-06-04 18:42:33 - [TEST_STEP][PASSED] - Statement - Rqty = 100: null

2018-06-04 18:42:33 - [TEST_STEP][PASSED] - Statement - out.println("BatchQty : " + batchqty): null

2018-06-04 18:42:33 - [TEST_STEP][PASSED] - Statement - out.println("RQty : " + Rqty): null

2018-06-04 18:42:33 - [TEST_STEP][PASSED] - Statement - If (java.lang.Integer.valueOf(batchqty) >= java.lang.Integer.valueOf(Rqty)): null

2018-06-04 18:42:33 - [TEST_STEP][PASSED] - Statement - Break: null

2018-06-04 18:42:33 - [TEST_STEP][PASSED] - Statement - batchlength = new com.kms.katalon.core.testobject.TestObject(): null

2018-06-04 18:42:33 - [TEST_STEP][PASSED] - Statement - batchlength = com.kms.katalon.core.webui.keyword.WebUiBuiltInKeywords.modifyObjectProperty(batchlength, "xpath", "equals", "//*[@id = "fldvendor" + row + ""]", true): Modify property of object successfully

2018-06-04 18:42:33 - [MESSAGE][PASSED] - Modify property of object successfully

2018-06-04 18:42:33 - [TEST_STEP][PASSED] - Statement - batchsize = com.kms.katalon.core.webui.keyword.WebUiBuiltInKeywords.getNumberOfTotalOption(batchlength): 8 options of object '' counted

2018-06-04 18:42:33 - [MESSAGE][PASSED] - 8 options of object '' counted

2018-06-04 18:42:33 - [TEST_STEP][PASSED] - Statement - out.println("BatchSize : " + batchsize): null

2018-06-04 18:42:33 - [TEST_STEP][PASSED] - Statement - For ([n = 1, n <= batchsize - 1, (n++)]): null

2018-06-04 18:42:33 - [TEST_STEP][PASSED] - Statement - product = new com.kms.katalon.core.testobject.TestObject(): null

2018-06-04 18:42:33 - [TEST_STEP][PASSED] - Statement - product = com.kms.katalon.core.webui.keyword.WebUiBuiltInKeywords.modifyObjectProperty(product, "xpath", "equals", "//*[@id = "fldvendor" + row + ""]", true): Modify property of object successfully

2018-06-04 18:42:33 - [MESSAGE][PASSED] - Modify property of object successfully

2018-06-04 18:42:33 - [TEST_STEP][PASSED] - selectOptionByIndex: All options with index in [1] are selected on object ''

2018-06-04 18:42:34 - [MESSAGE][PASSED] - All options with index in [1] are selected on object ''

2018-06-04 18:42:34 - [TEST_STEP][PASSED] - delay: Delayed 2 second(s)

2018-06-04 18:42:36 - [MESSAGE][PASSED] - Delayed 2 second(s)

2018-06-04 18:42:36 - [TEST_STEP][PASSED] - Statement - batch = new com.kms.katalon.core.testobject.TestObject(): null

2018-06-04 18:42:36 - [TEST_STEP][PASSED] - Statement - batch = com.kms.katalon.core.webui.keyword.WebUiBuiltInKeywords.modifyObjectProperty(batch, "xpath", "equals", "//*[@id = "txtbthqty" + row + ""]", true): Modify property of object successfully

2018-06-04 18:42:36 - [MESSAGE][PASSED] - Modify property of object successfully

2018-06-04 18:42:36 - [TEST_STEP][PASSED] - Statement - batchqty = com.kms.katalon.core.webui.keyword.WebUiBuiltInKeywords.getAttribute(batch, "value").trim(): Attribute 'value' of object '' is: '37000'

2018-06-04 18:42:36 - [MESSAGE][PASSED] - Attribute 'value' of object '' is: '37000'

2018-06-04 18:42:36 - [TEST_STEP][PASSED] - Statement - Rqty = 100: null

2018-06-04 18:42:36 - [TEST_STEP][PASSED] - Statement - out.println("BatchQty : " + batchqty): null

2018-06-04 18:42:36 - [TEST_STEP][PASSED] - Statement - out.println("RQty : " + Rqty): null

2018-06-04 18:42:36 - [TEST_STEP][PASSED] - Statement - If (java.lang.Integer.valueOf(batchqty) >= java.lang.Integer.valueOf(Rqty)): null

2018-06-04 18:42:36 - [TEST_STEP][PASSED] - Statement - Break: null

2018-06-04 18:42:36 - [TEST_STEP][PASSED] - Statement - batchlength = new com.kms.katalon.core.testobject.TestObject(): null

2018-06-04 18:42:36 - [TEST_STEP][PASSED] - Statement - batchlength = com.kms.katalon.core.webui.keyword.WebUiBuiltInKeywords.modifyObjectProperty(batchlength, "xpath", "equals", "//*[@id = "fldvendor" + row + ""]", true): Modify property of object successfully

2018-06-04 18:42:36 - [MESSAGE][PASSED] - Modify property of object successfully

2018-06-04 18:42:36 - [TEST_STEP][PASSED] - Statement - batchsize = com.kms.katalon.core.webui.keyword.WebUiBuiltInKeywords.getNumberOfTotalOption(batchlength): 8 options of object '' counted

2018-06-04 18:42:36 - [MESSAGE][PASSED] - 8 options of object '' counted

2018-06-04 18:42:36 - [TEST_STEP][PASSED] - Statement - out.println("BatchSize : " + batchsize): null

2018-06-04 18:42:36 - [TEST_STEP][PASSED] - Statement - For ([n = 1, n <= batchsize - 1, (n++)]): null

2018-06-04 18:42:36 - [TEST_STEP][PASSED] - Statement - product = new com.kms.katalon.core.testobject.TestObject(): null

2018-06-04 18:42:36 - [TEST_STEP][PASSED] - Statement - product = com.kms.katalon.core.webui.keyword.WebUiBuiltInKeywords.modifyObjectProperty(product, "xpath", "equals", "//*[@id = "fldvendor" + row + ""]", true): Modify property of object successfully

2018-06-04 18:42:36 - [MESSAGE][PASSED] - Modify property of object successfully

2018-06-04 18:42:36 - [TEST_STEP][PASSED] - selectOptionByIndex: All options with index in [1] are selected on object ''

2018-06-04 18:42:36 - [MESSAGE][PASSED] - All options with index in [1] are selected on object ''

2018-06-04 18:42:36 - [TEST_STEP][PASSED] - delay: Delayed 2 second(s)

2018-06-04 18:42:38 - [MESSAGE][PASSED] - Delayed 2 second(s)

2018-06-04 18:42:38 - [TEST_STEP][PASSED] - Statement - batch = new com.kms.katalon.core.testobject.TestObject(): null

2018-06-04 18:42:38 - [TEST_STEP][PASSED] - Statement - batch = com.kms.katalon.core.webui.keyword.WebUiBuiltInKeywords.modifyObjectProperty(batch, "xpath", "equals", "//*[@id = "txtbthqty" + row + ""]", true): Modify property of object successfully

2018-06-04 18:42:38 - [MESSAGE][PASSED] - Modify property of object successfully

2018-06-04 18:42:38 - [TEST_STEP][PASSED] - Statement - batchqty = com.kms.katalon.core.webui.keyword.WebUiBuiltInKeywords.getAttribute(batch, "value").trim(): Attribute 'value' of object '' is: '3900'

2018-06-04 18:42:38 - [MESSAGE][PASSED] - Attribute 'value' of object '' is: '3900'

2018-06-04 18:42:38 - [TEST_STEP][PASSED] - Statement - Rqty = 100: null

2018-06-04 18:42:38 - [TEST_STEP][PASSED] - Statement - out.println("BatchQty : " + batchqty): null

2018-06-04 18:42:38 - [TEST_STEP][PASSED] - Statement - out.println("RQty : " + Rqty): null

2018-06-04 18:42:38 - [TEST_STEP][PASSED] - Statement - If (java.lang.Integer.valueOf(batchqty) >= java.lang.Integer.valueOf(Rqty)): null

2018-06-04 18:42:38 - [TEST_STEP][PASSED] - Statement - Break: null

2018-06-04 18:42:38 - [TEST_STEP][PASSED] - Statement - batchlength = new com.kms.katalon.core.testobject.TestObject(): null

2018-06-04 18:42:38 - [TEST_STEP][PASSED] - Statement - batchlength = com.kms.katalon.core.webui.keyword.WebUiBuiltInKeywords.modifyObjectProperty(batchlength, "xpath", "equals", "//*[@id = "fldvendor" + row + ""]", true): Modify property of object successfully

2018-06-04 18:42:38 - [MESSAGE][PASSED] - Modify property of object successfully

2018-06-04 18:42:38 - [TEST_STEP][PASSED] - Statement - batchsize = com.kms.katalon.core.webui.keyword.WebUiBuiltInKeywords.getNumberOfTotalOption(batchlength): 8 options of object '' counted

2018-06-04 18:42:38 - [MESSAGE][PASSED] - 8 options of object '' counted

2018-06-04 18:42:38 - [TEST_STEP][PASSED] - Statement - out.println("BatchSize : " + batchsize): null

2018-06-04 18:42:38 - [TEST_STEP][PASSED] - Statement - For ([n = 1, n <= batchsize - 1, (n++)]): null

2018-06-04 18:42:38 - [TEST_STEP][PASSED] - Statement - product = new com.kms.katalon.core.testobject.TestObject(): null

2018-06-04 18:42:38 - [TEST_STEP][PASSED] - Statement - product = com.kms.katalon.core.webui.keyword.WebUiBuiltInKeywords.modifyObjectProperty(product, "xpath", "equals", "//*[@id = "fldvendor" + row + ""]", true): Modify property of object successfully

2018-06-04 18:42:38 - [MESSAGE][PASSED] - Modify property of object successfully

2018-06-04 18:42:38 - [TEST_STEP][PASSED] - selectOptionByIndex: All options with index in [1] are selected on object ''

2018-06-04 18:42:38 - [MESSAGE][PASSED] - All options with index in [1] are selected on object ''

2018-06-04 18:42:38 - [TEST_STEP][PASSED] - delay: Delayed 2 second(s)

2018-06-04 18:42:40 - [MESSAGE][PASSED] - Delayed 2 second(s)

2018-06-04 18:42:40 - [TEST_STEP][PASSED] - Statement - batch = new com.kms.katalon.core.testobject.TestObject(): null

2018-06-04 18:42:40 - [TEST_STEP][PASSED] - Statement - batch = com.kms.katalon.core.webui.keyword.WebUiBuiltInKeywords.modifyObjectProperty(batch, "xpath", "equals", "//*[@id = "txtbthqty" + row + ""]", true): Modify property of object successfully

2018-06-04 18:42:40 - [MESSAGE][PASSED] - Modify property of object successfully

2018-06-04 18:42:40 - [TEST_STEP][PASSED] - Statement - batchqty = com.kms.katalon.core.webui.keyword.WebUiBuiltInKeywords.getAttribute(batch, "value").trim(): Attribute 'value' of object '' is: '3900'

2018-06-04 18:42:40 - [MESSAGE][PASSED] - Attribute 'value' of object '' is: '3900'

2018-06-04 18:42:40 - [TEST_STEP][PASSED] - Statement - Rqty = 100: null

2018-06-04 18:42:40 - [TEST_STEP][PASSED] - Statement - out.println("BatchQty : " + batchqty): null

2018-06-04 18:42:40 - [TEST_STEP][PASSED] - Statement - out.println("RQty : " + Rqty): null

2018-06-04 18:42:40 - [TEST_STEP][PASSED] - Statement - If (java.lang.Integer.valueOf(batchqty) >= java.lang.Integer.valueOf(Rqty)): null

2018-06-04 18:42:40 - [TEST_STEP][PASSED] - Statement - Break: null

2018-06-04 18:42:40 - [TEST_STEP][PASSED] - Statement - batchlength = new com.kms.katalon.core.testobject.TestObject(): null

2018-06-04 18:42:40 - [TEST_STEP][PASSED] - Statement - batchlength = com.kms.katalon.core.webui.keyword.WebUiBuiltInKeywords.modifyObjectProperty(batchlength, "xpath", "equals", "//*[@id = "fldvendor" + row + ""]", true): Modify property of object successfully

2018-06-04 18:42:40 - [MESSAGE][PASSED] - Modify property of object successfully

2018-06-04 18:42:40 - [TEST_STEP][PASSED] - Statement - batchsize = com.kms.katalon.core.webui.keyword.WebUiBuiltInKeywords.getNumberOfTotalOption(batchlength): 8 options of object '' counted

2018-06-04 18:42:40 - [MESSAGE][PASSED] - 8 options of object '' counted

2018-06-04 18:42:40 - [TEST_STEP][PASSED] - Statement - out.println("BatchSize : " + batchsize): null

2018-06-04 18:42:40 - [TEST_STEP][PASSED] - Statement - For ([n = 1, n <= batchsize - 1, (n++)]): null

2018-06-04 18:42:40 - [TEST_STEP][PASSED] - Statement - product = new com.kms.katalon.core.testobject.TestObject(): null

2018-06-04 18:42:40 - [TEST_STEP][PASSED] - Statement - product = com.kms.katalon.core.webui.keyword.WebUiBuiltInKeywords.modifyObjectProperty(product, "xpath", "equals", "//*[@id = "fldvendor" + row + ""]", true): Modify property of object successfully

2018-06-04 18:42:40 - [MESSAGE][PASSED] - Modify property of object successfully

2018-06-04 18:42:40 - [TEST_STEP][PASSED] - selectOptionByIndex: All options with index in [1] are selected on object ''

2018-06-04 18:42:40 - [MESSAGE][PASSED] - All options with index in [1] are selected on object ''

2018-06-04 18:42:40 - [TEST_STEP][PASSED] - delay: Delayed 2 second(s)

2018-06-04 18:42:42 - [MESSAGE][PASSED] - Delayed 2 second(s)

2018-06-04 18:42:42 - [TEST_STEP][PASSED] - Statement - batch = new com.kms.katalon.core.testobject.TestObject(): null

2018-06-04 18:42:42 - [TEST_STEP][PASSED] - Statement - batch = com.kms.katalon.core.webui.keyword.WebUiBuiltInKeywords.modifyObjectProperty(batch, "xpath", "equals", "//*[@id = "txtbthqty" + row + ""]", true): Modify property of object successfully

2018-06-04 18:42:42 - [MESSAGE][PASSED] - Modify property of object successfully

2018-06-04 18:42:42 - [TEST_STEP][PASSED] - Statement - batchqty = com.kms.katalon.core.webui.keyword.WebUiBuiltInKeywords.getAttribute(batch, "value").trim(): Attribute 'value' of object '' is: '2300'

2018-06-04 18:42:43 - [MESSAGE][PASSED] - Attribute 'value' of object '' is: '2300'

2018-06-04 18:42:43 - [TEST_STEP][PASSED] - Statement - Rqty = 100: null

2018-06-04 18:42:43 - [TEST_STEP][PASSED] - Statement - out.println("BatchQty : " + batchqty): null

2018-06-04 18:42:43 - [TEST_STEP][PASSED] - Statement - out.println("RQty : " + Rqty): null

2018-06-04 18:42:43 - [TEST_STEP][PASSED] - Statement - If (java.lang.Integer.valueOf(batchqty) >= java.lang.Integer.valueOf(Rqty)): null

2018-06-04 18:42:43 - [TEST_STEP][PASSED] - Statement - Break: null

2018-06-04 18:42:43 - [TEST_STEP][PASSED] - Statement - batchlength = new com.kms.katalon.core.testobject.TestObject(): null

2018-06-04 18:42:43 - [TEST_STEP][PASSED] - Statement - batchlength = com.kms.katalon.core.webui.keyword.WebUiBuiltInKeywords.modifyObjectProperty(batchlength, "xpath", "equals", "//*[@id = "fldvendor" + row + ""]", true): Modify property of object successfully

2018-06-04 18:42:43 - [MESSAGE][PASSED] - Modify property of object successfully

2018-06-04 18:42:43 - [TEST_STEP][PASSED] - Statement - batchsize = com.kms.katalon.core.webui.keyword.WebUiBuiltInKeywords.getNumberOfTotalOption(batchlength): 8 options of object '' counted

2018-06-04 18:42:43 - [MESSAGE][PASSED] - 8 options of object '' counted

2018-06-04 18:42:43 - [TEST_STEP][PASSED] - Statement - out.println("BatchSize : " + batchsize): null

2018-06-04 18:42:43 - [TEST_STEP][PASSED] - Statement - For ([n = 1, n <= batchsize - 1, (n++)]): null

2018-06-04 18:42:43 - [TEST_STEP][PASSED] - Statement - product = new com.kms.katalon.core.testobject.TestObject(): null

2018-06-04 18:42:43 - [TEST_STEP][PASSED] - Statement - product = com.kms.katalon.core.webui.keyword.WebUiBuiltInKeywords.modifyObjectProperty(product, "xpath", "equals", "//*[@id = "fldvendor" + row + ""]", true): Modify property of object successfully

2018-06-04 18:42:43 - [MESSAGE][PASSED] - Modify property of object successfully

2018-06-04 18:42:43 - [TEST_STEP][PASSED] - selectOptionByIndex: All options with index in [1] are selected on object ''

2018-06-04 18:42:43 - [MESSAGE][PASSED] - All options with index in [1] are selected on object ''

2018-06-04 18:42:43 - [TEST_STEP][PASSED] - delay: Delayed 2 second(s)

2018-06-04 18:42:45 - [MESSAGE][PASSED] - Delayed 2 second(s)

2018-06-04 18:42:45 - [TEST_STEP][PASSED] - Statement - batch = new com.kms.katalon.core.testobject.TestObject(): null

2018-06-04 18:42:45 - [TEST_STEP][PASSED] - Statement - batch = com.kms.katalon.core.webui.keyword.WebUiBuiltInKeywords.modifyObjectProperty(batch, "xpath", "equals", "//*[@id = "txtbthqty" + row + ""]", true): Modify property of object successfully

2018-06-04 18:42:45 - [MESSAGE][PASSED] - Modify property of object successfully

2018-06-04 18:42:45 - [TEST_STEP][PASSED] - Statement - batchqty = com.kms.katalon.core.webui.keyword.WebUiBuiltInKeywords.getAttribute(batch, "value").trim(): Attribute 'value' of object '' is: '3300'

2018-06-04 18:42:45 - [MESSAGE][PASSED] - Attribute 'value' of object '' is: '3300'

2018-06-04 18:42:45 - [TEST_STEP][PASSED] - Statement - Rqty = 100: null

2018-06-04 18:42:45 - [TEST_STEP][PASSED] - Statement - out.println("BatchQty : " + batchqty): null

2018-06-04 18:42:45 - [TEST_STEP][PASSED] - Statement - out.println("RQty : " + Rqty): null

2018-06-04 18:42:45 - [TEST_STEP][PASSED] - Statement - If (java.lang.Integer.valueOf(batchqty) >= java.lang.Integer.valueOf(Rqty)): null

2018-06-04 18:42:45 - [TEST_STEP][PASSED] - Statement - Break: null

2018-06-04 18:42:45 - [TEST_STEP][PASSED] - Statement - batchlength = new com.kms.katalon.core.testobject.TestObject(): null

2018-06-04 18:42:45 - [TEST_STEP][PASSED] - Statement - batchlength = com.kms.katalon.core.webui.keyword.WebUiBuiltInKeywords.modifyObjectProperty(batchlength, "xpath", "equals", "//*[@id = "fldvendor" + row + ""]", true): Modify property of object successfully

2018-06-04 18:42:45 - [MESSAGE][PASSED] - Modify property of object successfully

2018-06-04 18:42:45 - [TEST_STEP][PASSED] - Statement - batchsize = com.kms.katalon.core.webui.keyword.WebUiBuiltInKeywords.getNumberOfTotalOption(batchlength): 8 options of object '' counted

2018-06-04 18:42:45 - [MESSAGE][PASSED] - 8 options of object '' counted

2018-06-04 18:42:45 - [TEST_STEP][PASSED] - Statement - out.println("BatchSize : " + batchsize): null

2018-06-04 18:42:45 - [TEST_STEP][PASSED] - Statement - For ([n = 1, n <= batchsize - 1, (n++)]): null

2018-06-04 18:42:45 - [TEST_STEP][PASSED] - Statement - product = new com.kms.katalon.core.testobject.TestObject(): null

2018-06-04 18:42:45 - [TEST_STEP][PASSED] - Statement - product = com.kms.katalon.core.webui.keyword.WebUiBuiltInKeywords.modifyObjectProperty(product, "xpath", "equals", "//*[@id = "fldvendor" + row + ""]", true): Modify property of object successfully

2018-06-04 18:42:45 - [MESSAGE][PASSED] - Modify property of object successfully

2018-06-04 18:42:45 - [TEST_STEP][PASSED] - selectOptionByIndex: All options with index in [1] are selected on object ''

2018-06-04 18:42:45 - [MESSAGE][PASSED] - All options with index in [1] are selected on object ''

2018-06-04 18:42:45 - [TEST_STEP][PASSED] - delay: Delayed 2 second(s)

2018-06-04 18:42:47 - [MESSAGE][PASSED] - Delayed 2 second(s)

2018-06-04 18:42:47 - [TEST_STEP][PASSED] - Statement - batch = new com.kms.katalon.core.testobject.TestObject(): null

2018-06-04 18:42:47 - [TEST_STEP][PASSED] - Statement - batch = com.kms.katalon.core.webui.keyword.WebUiBuiltInKeywords.modifyObjectProperty(batch, "xpath", "equals", "//*[@id = "txtbthqty" + row + ""]", true): Modify property of object successfully

2018-06-04 18:42:47 - [MESSAGE][PASSED] - Modify property of object successfully

2018-06-04 18:42:47 - [TEST_STEP][PASSED] - Statement - batchqty = com.kms.katalon.core.webui.keyword.WebUiBuiltInKeywords.getAttribute(batch, "value").trim(): Attribute 'value' of object '' is: '3900'

2018-06-04 18:42:47 - [MESSAGE][PASSED] - Attribute 'value' of object '' is: '3900'

2018-06-04 18:42:47 - [TEST_STEP][PASSED] - Statement - Rqty = 100: null

2018-06-04 18:42:47 - [TEST_STEP][PASSED] - Statement - out.println("BatchQty : " + batchqty): null

2018-06-04 18:42:47 - [TEST_STEP][PASSED] - Statement - out.println("RQty : " + Rqty): null

2018-06-04 18:42:47 - [TEST_STEP][PASSED] - Statement - If (java.lang.Integer.valueOf(batchqty) >= java.lang.Integer.valueOf(Rqty)): null

2018-06-04 18:42:47 - [TEST_STEP][PASSED] - Statement - Break: null

2018-06-04 18:42:47 - [TEST_STEP][PASSED] - Statement - batchlength = new com.kms.katalon.core.testobject.TestObject(): null

2018-06-04 18:42:47 - [TEST_STEP][PASSED] - Statement - batchlength = com.kms.katalon.core.webui.keyword.WebUiBuiltInKeywords.modifyObjectProperty(batchlength, "xpath", "equals", "//*[@id = "fldvendor" + row + ""]", true): Modify property of object successfully

2018-06-04 18:42:47 - [MESSAGE][PASSED] - Modify property of object successfully

2018-06-04 18:42:47 - [TEST_STEP][PASSED] - Statement - batchsize = com.kms.katalon.core.webui.keyword.WebUiBuiltInKeywords.getNumberOfTotalOption(batchlength): 8 options of object '' counted

2018-06-04 18:42:47 - [MESSAGE][PASSED] - 8 options of object '' counted

2018-06-04 18:42:47 - [TEST_STEP][PASSED] - Statement - out.println("BatchSize : " + batchsize): null

2018-06-04 18:42:47 - [TEST_STEP][PASSED] - Statement - For ([n = 1, n <= batchsize - 1, (n++)]): null

2018-06-04 18:42:47 - [TEST_STEP][PASSED] - Statement - product = new com.kms.katalon.core.testobject.TestObject(): null

2018-06-04 18:42:47 - [TEST_STEP][PASSED] - Statement - product = com.kms.katalon.core.webui.keyword.WebUiBuiltInKeywords.modifyObjectProperty(product, "xpath", "equals", "//*[@id = "fldvendor" + row + ""]", true): Modify property of object successfully

2018-06-04 18:42:47 - [MESSAGE][PASSED] - Modify property of object successfully

2018-06-04 18:42:47 - [TEST_STEP][PASSED] - selectOptionByIndex: All options with index in [1] are selected on object ''

2018-06-04 18:42:47 - [MESSAGE][PASSED] - All options with index in [1] are selected on object ''

2018-06-04 18:42:47 - [TEST_STEP][PASSED] - delay: Delayed 2 second(s)

2018-06-04 18:42:49 - [MESSAGE][PASSED] - Delayed 2 second(s)

2018-06-04 18:42:49 - [TEST_STEP][PASSED] - Statement - batch = new com.kms.katalon.core.testobject.TestObject(): null

2018-06-04 18:42:49 - [TEST_STEP][PASSED] - Statement - batch = com.kms.katalon.core.webui.keyword.WebUiBuiltInKeywords.modifyObjectProperty(batch, "xpath", "equals", "//*[@id = "txtbthqty" + row + ""]", true): Modify property of object successfully

2018-06-04 18:42:49 - [MESSAGE][PASSED] - Modify property of object successfully

2018-06-04 18:42:49 - [TEST_STEP][PASSED] - Statement - batchqty = com.kms.katalon.core.webui.keyword.WebUiBuiltInKeywords.getAttribute(batch, "value").trim(): Attribute 'value' of object '' is: '3300'

2018-06-04 18:42:49 - [MESSAGE][PASSED] - Attribute 'value' of object '' is: '3300'

2018-06-04 18:42:49 - [TEST_STEP][PASSED] - Statement - Rqty = 100: null

2018-06-04 18:42:49 - [TEST_STEP][PASSED] - Statement - out.println("BatchQty : " + batchqty): null

2018-06-04 18:42:49 - [TEST_STEP][PASSED] - Statement - out.println("RQty : " + Rqty): null

2018-06-04 18:42:49 - [TEST_STEP][PASSED] - Statement - If (java.lang.Integer.valueOf(batchqty) >= java.lang.Integer.valueOf(Rqty)): null

2018-06-04 18:42:49 - [TEST_STEP][PASSED] - Statement - Break: null

2018-06-04 18:42:49 - [TEST_STEP][PASSED] - Statement - batchlength = new com.kms.katalon.core.testobject.TestObject(): null

2018-06-04 18:42:49 - [TEST_STEP][PASSED] - Statement - batchlength = com.kms.katalon.core.webui.keyword.WebUiBuiltInKeywords.modifyObjectProperty(batchlength, "xpath", "equals", "//*[@id = "fldvendor" + row + ""]", true): Modify property of object successfully

2018-06-04 18:42:49 - [MESSAGE][PASSED] - Modify property of object successfully

2018-06-04 18:42:49 - [TEST_STEP][PASSED] - Statement - batchsize = com.kms.katalon.core.webui.keyword.WebUiBuiltInKeywords.getNumberOfTotalOption(batchlength): 8 options of object '' counted

2018-06-04 18:42:49 - [MESSAGE][PASSED] - 8 options of object '' counted

2018-06-04 18:42:49 - [TEST_STEP][PASSED] - Statement - out.println("BatchSize : " + batchsize): null

2018-06-04 18:42:49 - [TEST_STEP][PASSED] - Statement - For ([n = 1, n <= batchsize - 1, (n++)]): null

2018-06-04 18:42:49 - [TEST_STEP][PASSED] - Statement - product = new com.kms.katalon.core.testobject.TestObject(): null

2018-06-04 18:42:49 - [TEST_STEP][PASSED] - Statement - product = com.kms.katalon.core.webui.keyword.WebUiBuiltInKeywords.modifyObjectProperty(product, "xpath", "equals", "//*[@id = "fldvendor" + row + ""]", true): Modify property of object successfully

2018-06-04 18:42:49 - [MESSAGE][PASSED] - Modify property of object successfully

2018-06-04 18:42:49 - [TEST_STEP][PASSED] - selectOptionByIndex: All options with index in [1] are selected on object ''

2018-06-04 18:42:50 - [MESSAGE][PASSED] - All options with index in [1] are selected on object ''

2018-06-04 18:42:50 - [TEST_STEP][PASSED] - delay: Delayed 2 second(s)

2018-06-04 18:42:52 - [MESSAGE][PASSED] - Delayed 2 second(s)

2018-06-04 18:42:52 - [TEST_STEP][PASSED] - Statement - batch = new com.kms.katalon.core.testobject.TestObject(): null

2018-06-04 18:42:52 - [TEST_STEP][PASSED] - Statement - batch = com.kms.katalon.core.webui.keyword.WebUiBuiltInKeywords.modifyObjectProperty(batch, "xpath", "equals", "//*[@id = "txtbthqty" + row + ""]", true): Modify property of object successfully

2018-06-04 18:42:52 - [MESSAGE][PASSED] - Modify property of object successfully

2018-06-04 18:42:52 - [TEST_STEP][PASSED] - Statement - batchqty = com.kms.katalon.core.webui.keyword.WebUiBuiltInKeywords.getAttribute(batch, "value").trim(): Attribute 'value' of object '' is: '3300'

2018-06-04 18:42:52 - [MESSAGE][PASSED] - Attribute 'value' of object '' is: '3300'

2018-06-04 18:42:52 - [TEST_STEP][PASSED] - Statement - Rqty = 100: null

2018-06-04 18:42:52 - [TEST_STEP][PASSED] - Statement - out.println("BatchQty : " + batchqty): null

2018-06-04 18:42:52 - [TEST_STEP][PASSED] - Statement - out.println("RQty : " + Rqty): null

2018-06-04 18:42:52 - [TEST_STEP][PASSED] - Statement - If (java.lang.Integer.valueOf(batchqty) >= java.lang.Integer.valueOf(Rqty)): null

2018-06-04 18:42:52 - [TEST_STEP][PASSED] - Statement - Break: null

2018-06-04 18:42:52 - [TEST_STEP][PASSED] - Statement - batchlength = new com.kms.katalon.core.testobject.TestObject(): null

2018-06-04 18:42:52 - [TEST_STEP][PASSED] - Statement - batchlength = com.kms.katalon.core.webui.keyword.WebUiBuiltInKeywords.modifyObjectProperty(batchlength, "xpath", "equals", "//*[@id = "fldvendor" + row + ""]", true): Modify property of object successfully

2018-06-04 18:42:52 - [MESSAGE][PASSED] - Modify property of object successfully

2018-06-04 18:42:52 - [TEST_STEP][PASSED] - Statement - batchsize = com.kms.katalon.core.webui.keyword.WebUiBuiltInKeywords.getNumberOfTotalOption(batchlength): 8 options of object '' counted

2018-06-04 18:42:52 - [MESSAGE][PASSED] - 8 options of object '' counted

2018-06-04 18:42:52 - [TEST_STEP][PASSED] - Statement - out.println("BatchSize : " + batchsize): null

2018-06-04 18:42:52 - [TEST_STEP][PASSED] - Statement - For ([n = 1, n <= batchsize - 1, (n++)]): null

2018-06-04 18:42:52 - [TEST_STEP][PASSED] - Statement - product = new com.kms.katalon.core.testobject.TestObject(): null

2018-06-04 18:42:52 - [TEST_STEP][PASSED] - Statement - product = com.kms.katalon.core.webui.keyword.WebUiBuiltInKeywords.modifyObjectProperty(product, "xpath", "equals", "//*[@id = "fldvendor" + row + ""]", true): Modify property of object successfully

2018-06-04 18:42:52 - [MESSAGE][PASSED] - Modify property of object successfully

2018-06-04 18:42:52 - [TEST_STEP][PASSED] - selectOptionByIndex: All options with index in [1] are selected on object ''

2018-06-04 18:42:52 - [MESSAGE][PASSED] - All options with index in [1] are selected on object ''

2018-06-04 18:42:52 - [TEST_STEP][PASSED] - delay: Delayed 2 second(s)

2018-06-04 18:42:54 - [MESSAGE][PASSED] - Delayed 2 second(s)

2018-06-04 18:42:54 - [TEST_STEP][PASSED] - Statement - batch = new com.kms.katalon.core.testobject.TestObject(): null

2018-06-04 18:42:54 - [TEST_STEP][PASSED] - Statement - batch = com.kms.katalon.core.webui.keyword.WebUiBuiltInKeywords.modifyObjectProperty(batch, "xpath", "equals", "//*[@id = "txtbthqty" + row + ""]", true): Modify property of object successfully

2018-06-04 18:42:54 - [MESSAGE][PASSED] - Modify property of object successfully

2018-06-04 18:42:54 - [TEST_STEP][PASSED] - Statement - batchqty = com.kms.katalon.core.webui.keyword.WebUiBuiltInKeywords.getAttribute(batch, "value").trim(): Attribute 'value' of object '' is: '3700'

2018-06-04 18:42:54 - [MESSAGE][PASSED] - Attribute 'value' of object '' is: '3700'

2018-06-04 18:42:54 - [TEST_STEP][PASSED] - Statement - Rqty = 100: null

2018-06-04 18:42:54 - [TEST_STEP][PASSED] - Statement - out.println("BatchQty : " + batchqty): null

2018-06-04 18:42:54 - [TEST_STEP][PASSED] - Statement - out.println("RQty : " + Rqty): null

2018-06-04 18:42:54 - [TEST_STEP][PASSED] - Statement - If (java.lang.Integer.valueOf(batchqty) >= java.lang.Integer.valueOf(Rqty)): null

2018-06-04 18:42:54 - [TEST_STEP][PASSED] - Statement - Break: null

2018-06-04 18:42:54 - [TEST_STEP][PASSED] - Statement - batchlength = new com.kms.katalon.core.testobject.TestObject(): null

2018-06-04 18:42:54 - [TEST_STEP][PASSED] - Statement - batchlength = com.kms.katalon.core.webui.keyword.WebUiBuiltInKeywords.modifyObjectProperty(batchlength, "xpath", "equals", "//*[@id = "fldvendor" + row + ""]", true): Modify property of object successfully

2018-06-04 18:42:54 - [MESSAGE][PASSED] - Modify property of object successfully

2018-06-04 18:42:54 - [TEST_STEP][PASSED] - Statement - batchsize = com.kms.katalon.core.webui.keyword.WebUiBuiltInKeywords.getNumberOfTotalOption(batchlength): 8 options of object '' counted

2018-06-04 18:42:54 - [MESSAGE][PASSED] - 8 options of object '' counted

2018-06-04 18:42:54 - [TEST_STEP][PASSED] - Statement - out.println("BatchSize : " + batchsize): null

2018-06-04 18:42:54 - [TEST_STEP][PASSED] - Statement - For ([n = 1, n <= batchsize - 1, (n++)]): null

2018-06-04 18:42:54 - [TEST_STEP][PASSED] - Statement - product = new com.kms.katalon.core.testobject.TestObject(): null

2018-06-04 18:42:54 - [TEST_STEP][PASSED] - Statement - product = com.kms.katalon.core.webui.keyword.WebUiBuiltInKeywords.modifyObjectProperty(product, "xpath", "equals", "//*[@id = "fldvendor" + row + ""]", true): Modify property of object successfully

2018-06-04 18:42:54 - [MESSAGE][PASSED] - Modify property of object successfully

2018-06-04 18:42:54 - [TEST_STEP][PASSED] - selectOptionByIndex: All options with index in [1] are selected on object ''

2018-06-04 18:42:54 - [MESSAGE][PASSED] - All options with index in [1] are selected on object ''

2018-06-04 18:42:54 - [TEST_STEP][PASSED] - delay: Delayed 2 second(s)

2018-06-04 18:42:56 - [MESSAGE][PASSED] - Delayed 2 second(s)

2018-06-04 18:42:56 - [TEST_STEP][PASSED] - Statement - batch = new com.kms.katalon.core.testobject.TestObject(): null

2018-06-04 18:42:56 - [TEST_STEP][PASSED] - Statement - batch = com.kms.katalon.core.webui.keyword.WebUiBuiltInKeywords.modifyObjectProperty(batch, "xpath", "equals", "//*[@id = "txtbthqty" + row + ""]", true): Modify property of object successfully

2018-06-04 18:42:56 - [MESSAGE][PASSED] - Modify property of object successfully

2018-06-04 18:42:56 - [TEST_STEP][PASSED] - Statement - batchqty = com.kms.katalon.core.webui.keyword.WebUiBuiltInKeywords.getAttribute(batch, "value").trim(): Attribute 'value' of object '' is: '2300'

2018-06-04 18:42:56 - [MESSAGE][PASSED] - Attribute 'value' of object '' is: '2300'

2018-06-04 18:42:56 - [TEST_STEP][PASSED] - Statement - Rqty = 100: null

2018-06-04 18:42:56 - [TEST_STEP][PASSED] - Statement - out.println("BatchQty : " + batchqty): null

2018-06-04 18:42:56 - [TEST_STEP][PASSED] - Statement - out.println("RQty : " + Rqty): null

2018-06-04 18:42:56 - [TEST_STEP][PASSED] - Statement - If (java.lang.Integer.valueOf(batchqty) >= java.lang.Integer.valueOf(Rqty)): null

2018-06-04 18:42:56 - [TEST_STEP][PASSED] - Statement - Break: null

2018-06-04 18:42:56 - [TEST_STEP][PASSED] - Statement - batchlength = new com.kms.katalon.core.testobject.TestObject(): null

2018-06-04 18:42:56 - [TEST_STEP][PASSED] - Statement - batchlength = com.kms.katalon.core.webui.keyword.WebUiBuiltInKeywords.modifyObjectProperty(batchlength, "xpath", "equals", "//*[@id = "fldvendor" + row + ""]", true): Modify property of object successfully

2018-06-04 18:42:56 - [MESSAGE][PASSED] - Modify property of object successfully

2018-06-04 18:42:56 - [TEST_STEP][PASSED] - Statement - batchsize = com.kms.katalon.core.webui.keyword.WebUiBuiltInKeywords.getNumberOfTotalOption(batchlength): 8 options of object '' counted

2018-06-04 18:42:56 - [MESSAGE][PASSED] - 8 options of object '' counted

2018-06-04 18:42:56 - [TEST_STEP][PASSED] - Statement - out.println("BatchSize : " + batchsize): null

2018-06-04 18:42:56 - [TEST_STEP][PASSED] - Statement - For ([n = 1, n <= batchsize - 1, (n++)]): null

2018-06-04 18:42:56 - [TEST_STEP][PASSED] - Statement - product = new com.kms.katalon.core.testobject.TestObject(): null

2018-06-04 18:42:56 - [TEST_STEP][PASSED] - Statement - product = com.kms.katalon.core.webui.keyword.WebUiBuiltInKeywords.modifyObjectProperty(product, "xpath", "equals", "//*[@id = "fldvendor" + row + ""]", true): Modify property of object successfully

2018-06-04 18:42:56 - [MESSAGE][PASSED] - Modify property of object successfully

2018-06-04 18:42:56 - [TEST_STEP][PASSED] - selectOptionByIndex: All options with index in [1] are selected on object ''

2018-06-04 18:42:56 - [MESSAGE][PASSED] - All options with index in [1] are selected on object ''

2018-06-04 18:42:56 - [TEST_STEP][PASSED] - delay: Delayed 2 second(s)

2018-06-04 18:42:58 - [MESSAGE][PASSED] - Delayed 2 second(s)

2018-06-04 18:42:58 - [TEST_STEP][PASSED] - Statement - batch = new com.kms.katalon.core.testobject.TestObject(): null

2018-06-04 18:42:58 - [TEST_STEP][PASSED] - Statement - batch = com.kms.katalon.core.webui.keyword.WebUiBuiltInKeywords.modifyObjectProperty(batch, "xpath", "equals", "//*[@id = "txtbthqty" + row + ""]", true): Modify property of object successfully

2018-06-04 18:42:58 - [MESSAGE][PASSED] - Modify property of object successfully

2018-06-04 18:42:58 - [TEST_STEP][PASSED] - Statement - batchqty = com.kms.katalon.core.webui.keyword.WebUiBuiltInKeywords.getAttribute(batch, "value").trim(): Attribute 'value' of object '' is: '3300'

2018-06-04 18:42:58 - [MESSAGE][PASSED] - Attribute 'value' of object '' is: '3300'

2018-06-04 18:42:58 - [TEST_STEP][PASSED] - Statement - Rqty = 100: null

2018-06-04 18:42:58 - [TEST_STEP][PASSED] - Statement - out.println("BatchQty : " + batchqty): null

2018-06-04 18:42:58 - [TEST_STEP][PASSED] - Statement - out.println("RQty : " + Rqty): null

2018-06-04 18:42:58 - [TEST_STEP][PASSED] - Statement - If (java.lang.Integer.valueOf(batchqty) >= java.lang.Integer.valueOf(Rqty)): null

2018-06-04 18:42:58 - [TEST_STEP][PASSED] - Statement - Break: null

2018-06-04 18:42:58 - [TEST_STEP][PASSED] - Statement - batchlength = new com.kms.katalon.core.testobject.TestObject(): null

2018-06-04 18:42:58 - [TEST_STEP][PASSED] - Statement - batchlength = com.kms.katalon.core.webui.keyword.WebUiBuiltInKeywords.modifyObjectProperty(batchlength, "xpath", "equals", "//*[@id = "fldvendor" + row + ""]", true): Modify property of object successfully

2018-06-04 18:42:58 - [MESSAGE][PASSED] - Modify property of object successfully

2018-06-04 18:42:58 - [TEST_STEP][PASSED] - Statement - batchsize = com.kms.katalon.core.webui.keyword.WebUiBuiltInKeywords.getNumberOfTotalOption(batchlength): 8 options of object '' counted

2018-06-04 18:42:59 - [MESSAGE][PASSED] - 8 options of object '' counted

2018-06-04 18:42:59 - [TEST_STEP][PASSED] - Statement - out.println("BatchSize : " + batchsize): null

2018-06-04 18:42:59 - [TEST_STEP][PASSED] - Statement - For ([n = 1, n <= batchsize - 1, (n++)]): null

2018-06-04 18:42:59 - [TEST_STEP][PASSED] - Statement - product = new com.kms.katalon.core.testobject.TestObject(): null

2018-06-04 18:42:59 - [TEST_STEP][PASSED] - Statement - product = com.kms.katalon.core.webui.keyword.WebUiBuiltInKeywords.modifyObjectProperty(product, "xpath", "equals", "//*[@id = "fldvendor" + row + ""]", true): Modify property of object successfully

2018-06-04 18:42:59 - [MESSAGE][PASSED] - Modify property of object successfully

2018-06-04 18:42:59 - [TEST_STEP][PASSED] - selectOptionByIndex: All options with index in [1] are selected on object ''

2018-06-04 18:42:59 - [MESSAGE][PASSED] - All options with index in [1] are selected on object ''

2018-06-04 18:42:59 - [TEST_STEP][PASSED] - delay: Delayed 2 second(s)

2018-06-04 18:43:01 - [MESSAGE][PASSED] - Delayed 2 second(s)

2018-06-04 18:43:01 - [TEST_STEP][PASSED] - Statement - batch = new com.kms.katalon.core.testobject.TestObject(): null

2018-06-04 18:43:01 - [TEST_STEP][PASSED] - Statement - batch = com.kms.katalon.core.webui.keyword.WebUiBuiltInKeywords.modifyObjectProperty(batch, "xpath", "equals", "//*[@id = "txtbthqty" + row + ""]", true): Modify property of object successfully

2018-06-04 18:43:01 - [MESSAGE][PASSED] - Modify property of object successfully

2018-06-04 18:43:01 - [TEST_STEP][PASSED] - Statement - batchqty = com.kms.katalon.core.webui.keyword.WebUiBuiltInKeywords.getAttribute(batch, "value").trim(): Attribute 'value' of object '' is: '3700'

2018-06-04 18:43:01 - [MESSAGE][PASSED] - Attribute 'value' of object '' is: '3700'

2018-06-04 18:43:01 - [TEST_STEP][PASSED] - Statement - Rqty = 100: null

2018-06-04 18:43:01 - [TEST_STEP][PASSED] - Statement - out.println("BatchQty : " + batchqty): null

2018-06-04 18:43:01 - [TEST_STEP][PASSED] - Statement - out.println("RQty : " + Rqty): null

2018-06-04 18:43:01 - [TEST_STEP][PASSED] - Statement - If (java.lang.Integer.valueOf(batchqty) >= java.lang.Integer.valueOf(Rqty)): null

2018-06-04 18:43:01 - [TEST_STEP][PASSED] - Statement - Break: null

2018-06-04 18:43:01 - [TEST_STEP][PASSED] - Statement - batchlength = new com.kms.katalon.core.testobject.TestObject(): null

2018-06-04 18:43:01 - [TEST_STEP][PASSED] - Statement - batchlength = com.kms.katalon.core.webui.keyword.WebUiBuiltInKeywords.modifyObjectProperty(batchlength, "xpath", "equals", "//*[@id = "fldvendor" + row + ""]", true): Modify property of object successfully

2018-06-04 18:43:01 - [MESSAGE][PASSED] - Modify property of object successfully

2018-06-04 18:43:01 - [TEST_STEP][PASSED] - Statement - batchsize = com.kms.katalon.core.webui.keyword.WebUiBuiltInKeywords.getNumberOfTotalOption(batchlength): 8 options of object '' counted

2018-06-04 18:43:01 - [MESSAGE][PASSED] - 8 options of object '' counted

2018-06-04 18:43:01 - [TEST_STEP][PASSED] - Statement - out.println("BatchSize : " + batchsize): null

2018-06-04 18:43:01 - [TEST_STEP][PASSED] - Statement - For ([n = 1, n <= batchsize - 1, (n++)]): null

2018-06-04 18:43:01 - [TEST_STEP][PASSED] - Statement - product = new com.kms.katalon.core.testobject.TestObject(): null

2018-06-04 18:43:01 - [TEST_STEP][PASSED] - Statement - product = com.kms.katalon.core.webui.keyword.WebUiBuiltInKeywords.modifyObjectProperty(product, "xpath", "equals", "//*[@id = "fldvendor" + row + ""]", true): Modify property of object successfully

2018-06-04 18:43:01 - [MESSAGE][PASSED] - Modify property of object successfully

2018-06-04 18:43:01 - [TEST_STEP][PASSED] - selectOptionByIndex: All options with index in [1] are selected on object ''

2018-06-04 18:43:01 - [MESSAGE][PASSED] - All options with index in [1] are selected on object ''

2018-06-04 18:43:01 - [TEST_STEP][PASSED] - delay: Delayed 2 second(s)

2018-06-04 18:43:03 - [MESSAGE][PASSED] - Delayed 2 second(s)

2018-06-04 18:43:03 - [TEST_STEP][PASSED] - Statement - batch = new com.kms.katalon.core.testobject.TestObject(): null

2018-06-04 18:43:03 - [TEST_STEP][PASSED] - Statement - batch = com.kms.katalon.core.webui.keyword.WebUiBuiltInKeywords.modifyObjectProperty(batch, "xpath", "equals", "//*[@id = "txtbthqty" + row + ""]", true): Modify property of object successfully

2018-06-04 18:43:03 - [MESSAGE][PASSED] - Modify property of object successfully

2018-06-04 18:43:03 - [TEST_STEP][PASSED] - Statement - batchqty = com.kms.katalon.core.webui.keyword.WebUiBuiltInKeywords.getAttribute(batch, "value").trim(): Attribute 'value' of object '' is: '37000'

2018-06-04 18:43:03 - [MESSAGE][PASSED] - Attribute 'value' of object '' is: '37000'

2018-06-04 18:43:03 - [TEST_STEP][PASSED] - Statement - Rqty = 100: null

2018-06-04 18:43:03 - [TEST_STEP][PASSED] - Statement - out.println("BatchQty : " + batchqty): null

2018-06-04 18:43:03 - [TEST_STEP][PASSED] - Statement - out.println("RQty : " + Rqty): null

2018-06-04 18:43:03 - [TEST_STEP][PASSED] - Statement - If (java.lang.Integer.valueOf(batchqty) >= java.lang.Integer.valueOf(Rqty)): null

2018-06-04 18:43:03 - [TEST_STEP][PASSED] - Statement - Break: null

2018-06-04 18:43:03 - [TEST_STEP][PASSED] - Statement - batchlength = new com.kms.katalon.core.testobject.TestObject(): null

2018-06-04 18:43:03 - [TEST_STEP][PASSED] - Statement - batchlength = com.kms.katalon.core.webui.keyword.WebUiBuiltInKeywords.modifyObjectProperty(batchlength, "xpath", "equals", "//*[@id = "fldvendor" + row + ""]", true): Modify property of object successfully

2018-06-04 18:43:03 - [MESSAGE][PASSED] - Modify property of object successfully

2018-06-04 18:43:03 - [TEST_STEP][PASSED] - Statement - batchsize = com.kms.katalon.core.webui.keyword.WebUiBuiltInKeywords.getNumberOfTotalOption(batchlength): 8 options of object '' counted

2018-06-04 18:43:03 - [MESSAGE][PASSED] - 8 options of object '' counted

2018-06-04 18:43:03 - [TEST_STEP][PASSED] - Statement - out.println("BatchSize : " + batchsize): null

2018-06-04 18:43:03 - [TEST_STEP][PASSED] - Statement - For ([n = 1, n <= batchsize - 1, (n++)]): null

2018-06-04 18:43:03 - [TEST_STEP][PASSED] - Statement - product = new com.kms.katalon.core.testobject.TestObject(): null

2018-06-04 18:43:03 - [TEST_STEP][PASSED] - Statement - product = com.kms.katalon.core.webui.keyword.WebUiBuiltInKeywords.modifyObjectProperty(product, "xpath", "equals", "//*[@id = "fldvendor" + row + ""]", true): Modify property of object successfully

2018-06-04 18:43:03 - [MESSAGE][PASSED] - Modify property of object successfully

2018-06-04 18:43:03 - [TEST_STEP][PASSED] - selectOptionByIndex: All options with index in [1] are selected on object ''

2018-06-04 18:43:03 - [MESSAGE][PASSED] - All options with index in [1] are selected on object ''

2018-06-04 18:43:03 - [TEST_STEP][PASSED] - delay: Delayed 2 second(s)

2018-06-04 18:43:05 - [MESSAGE][PASSED] - Delayed 2 second(s)

2018-06-04 18:43:05 - [TEST_STEP][PASSED] - Statement - batch = new com.kms.katalon.core.testobject.TestObject(): null

2018-06-04 18:43:05 - [TEST_STEP][PASSED] - Statement - batch = com.kms.katalon.core.webui.keyword.WebUiBuiltInKeywords.modifyObjectProperty(batch, "xpath", "equals", "//*[@id = "txtbthqty" + row + ""]", true): Modify property of object successfully

2018-06-04 18:43:05 - [MESSAGE][PASSED] - Modify property of object successfully

2018-06-04 18:43:05 - [TEST_STEP][PASSED] - Statement - batchqty = com.kms.katalon.core.webui.keyword.WebUiBuiltInKeywords.getAttribute(batch, "value").trim(): Attribute 'value' of object '' is: '3700'

2018-06-04 18:43:05 - [MESSAGE][PASSED] - Attribute 'value' of object '' is: '3700'

2018-06-04 18:43:05 - [TEST_STEP][PASSED] - Statement - Rqty = 100: null

2018-06-04 18:43:05 - [TEST_STEP][PASSED] - Statement - out.println("BatchQty : " + batchqty): null

2018-06-04 18:43:05 - [TEST_STEP][PASSED] - Statement - out.println("RQty : " + Rqty): null

2018-06-04 18:43:05 - [TEST_STEP][PASSED] - Statement - If (java.lang.Integer.valueOf(batchqty) >= java.lang.Integer.valueOf(Rqty)): null

2018-06-04 18:43:05 - [TEST_STEP][PASSED] - Statement - Break: null

2018-06-04 18:43:05 - [TEST_STEP][PASSED] - Statement - batchlength = new com.kms.katalon.core.testobject.TestObject(): null

2018-06-04 18:43:05 - [TEST_STEP][PASSED] - Statement - batchlength = com.kms.katalon.core.webui.keyword.WebUiBuiltInKeywords.modifyObjectProperty(batchlength, "xpath", "equals", "//*[@id = "fldvendor" + row + ""]", true): Modify property of object successfully

2018-06-04 18:43:05 - [MESSAGE][PASSED] - Modify property of object successfully

2018-06-04 18:43:05 - [TEST_STEP][PASSED] - Statement - batchsize = com.kms.katalon.core.webui.keyword.WebUiBuiltInKeywords.getNumberOfTotalOption(batchlength): 8 options of object '' counted

2018-06-04 18:43:05 - [MESSAGE][PASSED] - 8 options of object '' counted

2018-06-04 18:43:05 - [TEST_STEP][PASSED] - Statement - out.println("BatchSize : " + batchsize): null

2018-06-04 18:43:05 - [TEST_STEP][PASSED] - Statement - For ([n = 1, n <= batchsize - 1, (n++)]): null

2018-06-04 18:43:05 - [TEST_STEP][PASSED] - Statement - product = new com.kms.katalon.core.testobject.TestObject(): null

2018-06-04 18:43:05 - [TEST_STEP][PASSED] - Statement - product = com.kms.katalon.core.webui.keyword.WebUiBuiltInKeywords.modifyObjectProperty(product, "xpath", "equals", "//*[@id = "fldvendor" + row + ""]", true): Modify property of object successfully

2018-06-04 18:43:05 - [MESSAGE][PASSED] - Modify property of object successfully

2018-06-04 18:43:05 - [TEST_STEP][PASSED] - selectOptionByIndex: All options with index in [1] are selected on object ''

2018-06-04 18:43:06 - [MESSAGE][PASSED] - All options with index in [1] are selected on object ''

2018-06-04 18:43:06 - [TEST_STEP][PASSED] - delay: Delayed 2 second(s)

2018-06-04 18:43:08 - [MESSAGE][PASSED] - Delayed 2 second(s)

2018-06-04 18:43:08 - [TEST_STEP][PASSED] - Statement - batch = new com.kms.katalon.core.testobject.TestObject(): null

2018-06-04 18:43:08 - [TEST_STEP][PASSED] - Statement - batch = com.kms.katalon.core.webui.keyword.WebUiBuiltInKeywords.modifyObjectProperty(batch, "xpath", "equals", "//*[@id = "txtbthqty" + row + ""]", true): Modify property of object successfully

2018-06-04 18:43:08 - [MESSAGE][PASSED] - Modify property of object successfully

2018-06-04 18:43:08 - [TEST_STEP][PASSED] - Statement - batchqty = com.kms.katalon.core.webui.keyword.WebUiBuiltInKeywords.getAttribute(batch, "value").trim(): Attribute 'value' of object '' is: '3300'

2018-06-04 18:43:08 - [MESSAGE][PASSED] - Attribute 'value' of object '' is: '3300'

2018-06-04 18:43:08 - [TEST_STEP][PASSED] - Statement - Rqty = 100: null

2018-06-04 18:43:08 - [TEST_STEP][PASSED] - Statement - out.println("BatchQty : " + batchqty): null

2018-06-04 18:43:08 - [TEST_STEP][PASSED] - Statement - out.println("RQty : " + Rqty): null

2018-06-04 18:43:08 - [TEST_STEP][PASSED] - Statement - If (java.lang.Integer.valueOf(batchqty) >= java.lang.Integer.valueOf(Rqty)): null

2018-06-04 18:43:08 - [TEST_STEP][PASSED] - Statement - Break: null

2018-06-04 18:43:08 - [TEST_STEP][PASSED] - Statement - batchlength = new com.kms.katalon.core.testobject.TestObject(): null

2018-06-04 18:43:08 - [TEST_STEP][PASSED] - Statement - batchlength = com.kms.katalon.core.webui.keyword.WebUiBuiltInKeywords.modifyObjectProperty(batchlength, "xpath", "equals", "//*[@id = "fldvendor" + row + ""]", true): Modify property of object successfully

2018-06-04 18:43:08 - [MESSAGE][PASSED] - Modify property of object successfully

2018-06-04 18:43:08 - [TEST_STEP][PASSED] - Statement - batchsize = com.kms.katalon.core.webui.keyword.WebUiBuiltInKeywords.getNumberOfTotalOption(batchlength): 8 options of object '' counted

2018-06-04 18:43:08 - [MESSAGE][PASSED] - 8 options of object '' counted

2018-06-04 18:43:08 - [TEST_STEP][PASSED] - Statement - out.println("BatchSize : " + batchsize): null

2018-06-04 18:43:08 - [TEST_STEP][PASSED] - Statement - For ([n = 1, n <= batchsize - 1, (n++)]): null

2018-06-04 18:43:08 - [TEST_STEP][PASSED] - Statement - product = new com.kms.katalon.core.testobject.TestObject(): null

2018-06-04 18:43:08 - [TEST_STEP][PASSED] - Statement - product = com.kms.katalon.core.webui.keyword.WebUiBuiltInKeywords.modifyObjectProperty(product, "xpath", "equals", "//*[@id = "fldvendor" + row + ""]", true): Modify property of object successfully

2018-06-04 18:43:08 - [MESSAGE][PASSED] - Modify property of object successfully

2018-06-04 18:43:08 - [TEST_STEP][PASSED] - selectOptionByIndex: All options with index in [1] are selected on object ''

2018-06-04 18:43:08 - [MESSAGE][PASSED] - All options with index in [1] are selected on object ''

2018-06-04 18:43:08 - [TEST_STEP][PASSED] - delay: Delayed 2 second(s)

2018-06-04 18:43:10 - [MESSAGE][PASSED] - Delayed 2 second(s)

2018-06-04 18:43:10 - [TEST_STEP][PASSED] - Statement - batch = new com.kms.katalon.core.testobject.TestObject(): null

2018-06-04 18:43:10 - [TEST_STEP][PASSED] - Statement - batch = com.kms.katalon.core.webui.keyword.WebUiBuiltInKeywords.modifyObjectProperty(batch, "xpath", "equals", "//*[@id = "txtbthqty" + row + ""]", true): Modify property of object successfully

2018-06-04 18:43:10 - [MESSAGE][PASSED] - Modify property of object successfully

2018-06-04 18:43:10 - [TEST_STEP][PASSED] - Statement - batchqty = com.kms.katalon.core.webui.keyword.WebUiBuiltInKeywords.getAttribute(batch, "value").trim(): Attribute 'value' of object '' is: '37000'

2018-06-04 18:43:10 - [MESSAGE][PASSED] - Attribute 'value' of object '' is: '37000'

2018-06-04 18:43:10 - [TEST_STEP][PASSED] - Statement - Rqty = 100: null

2018-06-04 18:43:10 - [TEST_STEP][PASSED] - Statement - out.println("BatchQty : " + batchqty): null

2018-06-04 18:43:10 - [TEST_STEP][PASSED] - Statement - out.println("RQty : " + Rqty): null

2018-06-04 18:43:10 - [TEST_STEP][PASSED] - Statement - If (java.lang.Integer.valueOf(batchqty) >= java.lang.Integer.valueOf(Rqty)): null

2018-06-04 18:43:10 - [TEST_STEP][PASSED] - Statement - Break: null

2018-06-04 18:43:10 - [TEST_STEP][PASSED] - Statement - batchlength = new com.kms.katalon.core.testobject.TestObject(): null

2018-06-04 18:43:10 - [TEST_STEP][PASSED] - Statement - batchlength = com.kms.katalon.core.webui.keyword.WebUiBuiltInKeywords.modifyObjectProperty(batchlength, "xpath", "equals", "//*[@id = "fldvendor" + row + ""]", true): Modify property of object successfully

2018-06-04 18:43:10 - [MESSAGE][PASSED] - Modify property of object successfully

2018-06-04 18:43:10 - [TEST_STEP][PASSED] - Statement - batchsize = com.kms.katalon.core.webui.keyword.WebUiBuiltInKeywords.getNumberOfTotalOption(batchlength): 8 options of object '' counted

2018-06-04 18:43:10 - [MESSAGE][PASSED] - 8 options of object '' counted

2018-06-04 18:43:10 - [TEST_STEP][PASSED] - Statement - out.println("BatchSize : " + batchsize): null

2018-06-04 18:43:10 - [TEST_STEP][PASSED] - Statement - For ([n = 1, n <= batchsize - 1, (n++)]): null

2018-06-04 18:43:10 - [TEST_STEP][PASSED] - Statement - product = new com.kms.katalon.core.testobject.TestObject(): null

2018-06-04 18:43:10 - [TEST_STEP][PASSED] - Statement - product = com.kms.katalon.core.webui.keyword.WebUiBuiltInKeywords.modifyObjectProperty(product, "xpath", "equals", "//*[@id = "fldvendor" + row + ""]", true): Modify property of object successfully

2018-06-04 18:43:10 - [MESSAGE][PASSED] - Modify property of object successfully

2018-06-04 18:43:10 - [TEST_STEP][PASSED] - selectOptionByIndex: All options with index in [1] are selected on object ''

2018-06-04 18:43:10 - [MESSAGE][PASSED] - All options with index in [1] are selected on object ''

2018-06-04 18:43:10 - [TEST_STEP][PASSED] - delay: Delayed 2 second(s)

2018-06-04 18:43:12 - [MESSAGE][PASSED] - Delayed 2 second(s)

2018-06-04 18:43:12 - [TEST_STEP][PASSED] - Statement - batch = new com.kms.katalon.core.testobject.TestObject(): null

2018-06-04 18:43:12 - [TEST_STEP][PASSED] - Statement - batch = com.kms.katalon.core.webui.keyword.WebUiBuiltInKeywords.modifyObjectProperty(batch, "xpath", "equals", "//*[@id = "txtbthqty" + row + ""]", true): Modify property of object successfully

2018-06-04 18:43:12 - [MESSAGE][PASSED] - Modify property of object successfully

2018-06-04 18:43:12 - [TEST_STEP][PASSED] - Statement - batchqty = com.kms.katalon.core.webui.keyword.WebUiBuiltInKeywords.getAttribute(batch, "value").trim(): Attribute 'value' of object '' is: '3300'

2018-06-04 18:43:12 - [MESSAGE][PASSED] - Attribute 'value' of object '' is: '3300'

2018-06-04 18:43:12 - [TEST_STEP][PASSED] - Statement - Rqty = 100: null

2018-06-04 18:43:12 - [TEST_STEP][PASSED] - Statement - out.println("BatchQty : " + batchqty): null

2018-06-04 18:43:12 - [TEST_STEP][PASSED] - Statement - out.println("RQty : " + Rqty): null

2018-06-04 18:43:12 - [TEST_STEP][PASSED] - Statement - If (java.lang.Integer.valueOf(batchqty) >= java.lang.Integer.valueOf(Rqty)): null

2018-06-04 18:43:12 - [TEST_STEP][PASSED] - Statement - Break: null

2018-06-04 18:43:12 - [TEST_STEP][PASSED] - Statement - batchlength = new com.kms.katalon.core.testobject.TestObject(): null

2018-06-04 18:43:12 - [TEST_STEP][PASSED] - Statement - batchlength = com.kms.katalon.core.webui.keyword.WebUiBuiltInKeywords.modifyObjectProperty(batchlength, "xpath", "equals", "//*[@id = "fldvendor" + row + ""]", true): Modify property of object successfully

2018-06-04 18:43:12 - [MESSAGE][PASSED] - Modify property of object successfully

2018-06-04 18:43:12 - [TEST_STEP][PASSED] - Statement - batchsize = com.kms.katalon.core.webui.keyword.WebUiBuiltInKeywords.getNumberOfTotalOption(batchlength): 8 options of object '' counted

2018-06-04 18:43:12 - [MESSAGE][PASSED] - 8 options of object '' counted

2018-06-04 18:43:12 - [TEST_STEP][PASSED] - Statement - out.println("BatchSize : " + batchsize): null

2018-06-04 18:43:12 - [TEST_STEP][PASSED] - Statement - For ([n = 1, n <= batchsize - 1, (n++)]): null

2018-06-04 18:43:12 - [TEST_STEP][PASSED] - Statement - product = new com.kms.katalon.core.testobject.TestObject(): null

2018-06-04 18:43:12 - [TEST_STEP][PASSED] - Statement - product = com.kms.katalon.core.webui.keyword.WebUiBuiltInKeywords.modifyObjectProperty(product, "xpath", "equals", "//*[@id = "fldvendor" + row + ""]", true): Modify property of object successfully

2018-06-04 18:43:12 - [MESSAGE][PASSED] - Modify property of object successfully

2018-06-04 18:43:12 - [TEST_STEP][PASSED] - selectOptionByIndex: All options with index in [1] are selected on object ''

2018-06-04 18:43:12 - [MESSAGE][PASSED] - All options with index in [1] are selected on object ''

2018-06-04 18:43:12 - [TEST_STEP][PASSED] - delay: Delayed 2 second(s)

2018-06-04 18:43:14 - [MESSAGE][PASSED] - Delayed 2 second(s)

2018-06-04 18:43:14 - [TEST_STEP][PASSED] - Statement - batch = new com.kms.katalon.core.testobject.TestObject(): null

2018-06-04 18:43:14 - [TEST_STEP][PASSED] - Statement - batch = com.kms.katalon.core.webui.keyword.WebUiBuiltInKeywords.modifyObjectProperty(batch, "xpath", "equals", "//*[@id = "txtbthqty" + row + ""]", true): Modify property of object successfully

2018-06-04 18:43:14 - [MESSAGE][PASSED] - Modify property of object successfully

2018-06-04 18:43:14 - [TEST_STEP][PASSED] - Statement - batchqty = com.kms.katalon.core.webui.keyword.WebUiBuiltInKeywords.getAttribute(batch, "value").trim(): Attribute 'value' of object '' is: '3300'

2018-06-04 18:43:15 - [MESSAGE][PASSED] - Attribute 'value' of object '' is: '3300'

2018-06-04 18:43:15 - [TEST_STEP][PASSED] - Statement - Rqty = 100: null

2018-06-04 18:43:15 - [TEST_STEP][PASSED] - Statement - out.println("BatchQty : " + batchqty): null

2018-06-04 18:43:15 - [TEST_STEP][PASSED] - Statement - out.println("RQty : " + Rqty): null

2018-06-04 18:43:15 - [TEST_STEP][PASSED] - Statement - If (java.lang.Integer.valueOf(batchqty) >= java.lang.Integer.valueOf(Rqty)): null

2018-06-04 18:43:15 - [TEST_STEP][PASSED] - Statement - Break: null

2018-06-04 18:43:15 - [TEST_STEP][PASSED] - Statement - batchlength = new com.kms.katalon.core.testobject.TestObject(): null

2018-06-04 18:43:15 - [TEST_STEP][PASSED] - Statement - batchlength = com.kms.katalon.core.webui.keyword.WebUiBuiltInKeywords.modifyObjectProperty(batchlength, "xpath", "equals", "//*[@id = "fldvendor" + row + ""]", true): Modify property of object successfully

2018-06-04 18:43:15 - [MESSAGE][PASSED] - Modify property of object successfully

2018-06-04 18:43:15 - [TEST_STEP][PASSED] - Statement - batchsize = com.kms.katalon.core.webui.keyword.WebUiBuiltInKeywords.getNumberOfTotalOption(batchlength): 8 options of object '' counted

2018-06-04 18:43:15 - [MESSAGE][PASSED] - 8 options of object '' counted

2018-06-04 18:43:15 - [TEST_STEP][PASSED] - Statement - out.println("BatchSize : " + batchsize): null

2018-06-04 18:43:15 - [TEST_STEP][PASSED] - Statement - For ([n = 1, n <= batchsize - 1, (n++)]): null

2018-06-04 18:43:15 - [TEST_STEP][PASSED] - Statement - product = new com.kms.katalon.core.testobject.TestObject(): null

2018-06-04 18:43:15 - [TEST_STEP][PASSED] - Statement - product = com.kms.katalon.core.webui.keyword.WebUiBuiltInKeywords.modifyObjectProperty(product, "xpath", "equals", "//*[@id = "fldvendor" + row + ""]", true): Modify property of object successfully

2018-06-04 18:43:15 - [MESSAGE][PASSED] - Modify property of object successfully

2018-06-04 18:43:15 - [TEST_STEP][PASSED] - selectOptionByIndex: All options with index in [1] are selected on object ''

2018-06-04 18:43:15 - [MESSAGE][PASSED] - All options with index in [1] are selected on object ''

2018-06-04 18:43:15 - [TEST_STEP][PASSED] - delay: Delayed 2 second(s)

2018-06-04 18:43:17 - [MESSAGE][PASSED] - Delayed 2 second(s)

2018-06-04 18:43:17 - [TEST_STEP][PASSED] - Statement - batch = new com.kms.katalon.core.testobject.TestObject(): null

2018-06-04 18:43:17 - [TEST_STEP][PASSED] - Statement - batch = com.kms.katalon.core.webui.keyword.WebUiBuiltInKeywords.modifyObjectProperty(batch, "xpath", "equals", "//*[@id = "txtbthqty" + row + ""]", true): Modify property of object successfully

2018-06-04 18:43:17 - [MESSAGE][PASSED] - Modify property of object successfully

2018-06-04 18:43:17 - [TEST_STEP][PASSED] - Statement - batchqty = com.kms.katalon.core.webui.keyword.WebUiBuiltInKeywords.getAttribute(batch, "value").trim(): Attribute 'value' of object '' is: '3300'

2018-06-04 18:43:17 - [MESSAGE][PASSED] - Attribute 'value' of object '' is: '3300'

2018-06-04 18:43:17 - [TEST_STEP][PASSED] - Statement - Rqty = 100: null

2018-06-04 18:43:17 - [TEST_STEP][PASSED] - Statement - out.println("BatchQty : " + batchqty): null

2018-06-04 18:43:17 - [TEST_STEP][PASSED] - Statement - out.println("RQty : " + Rqty): null

2018-06-04 18:43:17 - [TEST_STEP][PASSED] - Statement - If (java.lang.Integer.valueOf(batchqty) >= java.lang.Integer.valueOf(Rqty)): null

2018-06-04 18:43:17 - [TEST_STEP][PASSED] - Statement - Break: null

2018-06-04 18:43:17 - [TEST_STEP][PASSED] - Statement - batchlength = new com.kms.katalon.core.testobject.TestObject(): null

2018-06-04 18:43:17 - [TEST_STEP][PASSED] - Statement - batchlength = com.kms.katalon.core.webui.keyword.WebUiBuiltInKeywords.modifyObjectProperty(batchlength, "xpath", "equals", "//*[@id = "fldvendor" + row + ""]", true): Modify property of object successfully

2018-06-04 18:43:17 - [MESSAGE][PASSED] - Modify property of object successfully

2018-06-04 18:43:17 - [TEST_STEP][PASSED] - Statement - batchsize = com.kms.katalon.core.webui.keyword.WebUiBuiltInKeywords.getNumberOfTotalOption(batchlength): 8 options of object '' counted

2018-06-04 18:43:17 - [MESSAGE][PASSED] - 8 options of object '' counted

2018-06-04 18:43:17 - [TEST_STEP][PASSED] - Statement - out.println("BatchSize : " + batchsize): null

2018-06-04 18:43:17 - [TEST_STEP][PASSED] - Statement - For ([n = 1, n <= batchsize - 1, (n++)]): null

2018-06-04 18:43:17 - [TEST_STEP][PASSED] - Statement - product = new com.kms.katalon.core.testobject.TestObject(): null

2018-06-04 18:43:17 - [TEST_STEP][PASSED] - Statement - product = com.kms.katalon.core.webui.keyword.WebUiBuiltInKeywords.modifyObjectProperty(product, "xpath", "equals", "//*[@id = "fldvendor" + row + ""]", true): Modify property of object successfully

2018-06-04 18:43:17 - [MESSAGE][PASSED] - Modify property of object successfully

2018-06-04 18:43:17 - [TEST_STEP][PASSED] - selectOptionByIndex: All options with index in [1] are selected on object ''

2018-06-04 18:43:17 - [MESSAGE][PASSED] - All options with index in [1] are selected on object ''

2018-06-04 18:43:17 - [TEST_STEP][PASSED] - delay: Delayed 2 second(s)

2018-06-04 18:43:19 - [MESSAGE][PASSED] - Delayed 2 second(s)

2018-06-04 18:43:19 - [TEST_STEP][PASSED] - Statement - batch = new com.kms.katalon.core.testobject.TestObject(): null

2018-06-04 18:43:19 - [TEST_STEP][PASSED] - Statement - batch = com.kms.katalon.core.webui.keyword.WebUiBuiltInKeywords.modifyObjectProperty(batch, "xpath", "equals", "//*[@id = "txtbthqty" + row + ""]", true): Modify property of object successfully

2018-06-04 18:43:19 - [MESSAGE][PASSED] - Modify property of object successfully

2018-06-04 18:43:19 - [TEST_STEP][PASSED] - Statement - batchqty = com.kms.katalon.core.webui.keyword.WebUiBuiltInKeywords.getAttribute(batch, "value").trim(): Attribute 'value' of object '' is: '4200'

2018-06-04 18:43:19 - [MESSAGE][PASSED] - Attribute 'value' of object '' is: '4200'

2018-06-04 18:43:19 - [TEST_STEP][PASSED] - Statement - Rqty = 100: null

2018-06-04 18:43:19 - [TEST_STEP][PASSED] - Statement - out.println("BatchQty : " + batchqty): null

2018-06-04 18:43:19 - [TEST_STEP][PASSED] - Statement - out.println("RQty : " + Rqty): null

2018-06-04 18:43:19 - [TEST_STEP][PASSED] - Statement - If (java.lang.Integer.valueOf(batchqty) >= java.lang.Integer.valueOf(Rqty)): null

2018-06-04 18:43:19 - [TEST_STEP][PASSED] - Statement - Break: null

2018-06-04 18:43:19 - [TEST_STEP][PASSED] - Statement - batchlength = new com.kms.katalon.core.testobject.TestObject(): null

2018-06-04 18:43:19 - [TEST_STEP][PASSED] - Statement - batchlength = com.kms.katalon.core.webui.keyword.WebUiBuiltInKeywords.modifyObjectProperty(batchlength, "xpath", "equals", "//*[@id = "fldvendor" + row + ""]", true): Modify property of object successfully

2018-06-04 18:43:19 - [MESSAGE][PASSED] - Modify property of object successfully

2018-06-04 18:43:19 - [TEST_STEP][PASSED] - Statement - batchsize = com.kms.katalon.core.webui.keyword.WebUiBuiltInKeywords.getNumberOfTotalOption(batchlength): 8 options of object '' counted

2018-06-04 18:43:19 - [MESSAGE][PASSED] - 8 options of object '' counted

2018-06-04 18:43:19 - [TEST_STEP][PASSED] - Statement - out.println("BatchSize : " + batchsize): null

2018-06-04 18:43:19 - [TEST_STEP][PASSED] - Statement - For ([n = 1, n <= batchsize - 1, (n++)]): null

2018-06-04 18:43:19 - [TEST_STEP][PASSED] - Statement - product = new com.kms.katalon.core.testobject.TestObject(): null

2018-06-04 18:43:19 - [TEST_STEP][PASSED] - Statement - product = com.kms.katalon.core.webui.keyword.WebUiBuiltInKeywords.modifyObjectProperty(product, "xpath", "equals", "//*[@id = "fldvendor" + row + ""]", true): Modify property of object successfully

2018-06-04 18:43:19 - [MESSAGE][PASSED] - Modify property of object successfully

2018-06-04 18:43:19 - [TEST_STEP][PASSED] - selectOptionByIndex: All options with index in [1] are selected on object ''

2018-06-04 18:43:19 - [MESSAGE][PASSED] - All options with index in [1] are selected on object ''

2018-06-04 18:43:19 - [TEST_STEP][PASSED] - delay: Delayed 2 second(s)

2018-06-04 18:43:21 - [MESSAGE][PASSED] - Delayed 2 second(s)

2018-06-04 18:43:21 - [TEST_STEP][PASSED] - Statement - batch = new com.kms.katalon.core.testobject.TestObject(): null

2018-06-04 18:43:21 - [TEST_STEP][PASSED] - Statement - batch = com.kms.katalon.core.webui.keyword.WebUiBuiltInKeywords.modifyObjectProperty(batch, "xpath", "equals", "//*[@id = "txtbthqty" + row + ""]", true): Modify property of object successfully

2018-06-04 18:43:21 - [MESSAGE][PASSED] - Modify property of object successfully

2018-06-04 18:43:21 - [TEST_STEP][PASSED] - Statement - batchqty = com.kms.katalon.core.webui.keyword.WebUiBuiltInKeywords.getAttribute(batch, "value").trim(): Attribute 'value' of object '' is: '4200'

2018-06-04 18:43:21 - [MESSAGE][PASSED] - Attribute 'value' of object '' is: '4200'

2018-06-04 18:43:21 - [TEST_STEP][PASSED] - Statement - Rqty = 100: null

2018-06-04 18:43:21 - [TEST_STEP][PASSED] - Statement - out.println("BatchQty : " + batchqty): null

2018-06-04 18:43:21 - [TEST_STEP][PASSED] - Statement - out.println("RQty : " + Rqty): null

2018-06-04 18:43:21 - [TEST_STEP][PASSED] - Statement - If (java.lang.Integer.valueOf(batchqty) >= java.lang.Integer.valueOf(Rqty)): null

2018-06-04 18:43:21 - [TEST_STEP][PASSED] - Statement - Break: null

2018-06-04 18:43:21 - [TEST_STEP][PASSED] - Statement - batchlength = new com.kms.katalon.core.testobject.TestObject(): null

2018-06-04 18:43:21 - [TEST_STEP][PASSED] - Statement - batchlength = com.kms.katalon.core.webui.keyword.WebUiBuiltInKeywords.modifyObjectProperty(batchlength, "xpath", "equals", "//*[@id = "fldvendor" + row + ""]", true): Modify property of object successfully

2018-06-04 18:43:21 - [MESSAGE][PASSED] - Modify property of object successfully

2018-06-04 18:43:21 - [TEST_STEP][PASSED] - Statement - batchsize = com.kms.katalon.core.webui.keyword.WebUiBuiltInKeywords.getNumberOfTotalOption(batchlength): 8 options of object '' counted

2018-06-04 18:43:22 - [MESSAGE][PASSED] - 8 options of object '' counted

2018-06-04 18:43:22 - [TEST_STEP][PASSED] - Statement - out.println("BatchSize : " + batchsize): null

2018-06-04 18:43:22 - [TEST_STEP][PASSED] - Statement - For ([n = 1, n <= batchsize - 1, (n++)]): null

2018-06-04 18:43:22 - [TEST_STEP][PASSED] - Statement - product = new com.kms.katalon.core.testobject.TestObject(): null

2018-06-04 18:43:22 - [TEST_STEP][PASSED] - Statement - product = com.kms.katalon.core.webui.keyword.WebUiBuiltInKeywords.modifyObjectProperty(product, "xpath", "equals", "//*[@id = "fldvendor" + row + ""]", true): Modify property of object successfully

2018-06-04 18:43:22 - [MESSAGE][PASSED] - Modify property of object successfully

2018-06-04 18:43:22 - [TEST_STEP][PASSED] - selectOptionByIndex: All options with index in [1] are selected on object ''

2018-06-04 18:43:22 - [MESSAGE][PASSED] - All options with index in [1] are selected on object ''

2018-06-04 18:43:22 - [TEST_STEP][PASSED] - delay: Delayed 2 second(s)

2018-06-04 18:43:24 - [MESSAGE][PASSED] - Delayed 2 second(s)

2018-06-04 18:43:24 - [TEST_STEP][PASSED] - Statement - batch = new com.kms.katalon.core.testobject.TestObject(): null

2018-06-04 18:43:24 - [TEST_STEP][PASSED] - Statement - batch = com.kms.katalon.core.webui.keyword.WebUiBuiltInKeywords.modifyObjectProperty(batch, "xpath", "equals", "//*[@id = "txtbthqty" + row + ""]", true): Modify property of object successfully

2018-06-04 18:43:24 - [MESSAGE][PASSED] - Modify property of object successfully

2018-06-04 18:43:24 - [TEST_STEP][PASSED] - Statement - batchqty = com.kms.katalon.core.webui.keyword.WebUiBuiltInKeywords.getAttribute(batch, "value").trim(): Attribute 'value' of object '' is: '4200'

2018-06-04 18:43:24 - [MESSAGE][PASSED] - Attribute 'value' of object '' is: '4200'

2018-06-04 18:43:24 - [TEST_STEP][PASSED] - Statement - Rqty = 100: null

2018-06-04 18:43:24 - [TEST_STEP][PASSED] - Statement - out.println("BatchQty : " + batchqty): null

2018-06-04 18:43:24 - [TEST_STEP][PASSED] - Statement - out.println("RQty : " + Rqty): null

2018-06-04 18:43:24 - [TEST_STEP][PASSED] - Statement - If (java.lang.Integer.valueOf(batchqty) >= java.lang.Integer.valueOf(Rqty)): null

2018-06-04 18:43:24 - [TEST_STEP][PASSED] - Statement - Break: null

2018-06-04 18:43:24 - [TEST_STEP][PASSED] - Statement - batchlength = new com.kms.katalon.core.testobject.TestObject(): null

2018-06-04 18:43:24 - [TEST_STEP][PASSED] - Statement - batchlength = com.kms.katalon.core.webui.keyword.WebUiBuiltInKeywords.modifyObjectProperty(batchlength, "xpath", "equals", "//*[@id = "fldvendor" + row + ""]", true): Modify property of object successfully

2018-06-04 18:43:24 - [MESSAGE][PASSED] - Modify property of object successfully

2018-06-04 18:43:24 - [TEST_STEP][PASSED] - Statement - batchsize = com.kms.katalon.core.webui.keyword.WebUiBuiltInKeywords.getNumberOfTotalOption(batchlength): 8 options of object '' counted

2018-06-04 18:43:24 - [MESSAGE][PASSED] - 8 options of object '' counted

2018-06-04 18:43:24 - [TEST_STEP][PASSED] - Statement - out.println("BatchSize : " + batchsize): null

2018-06-04 18:43:24 - [TEST_STEP][PASSED] - Statement - For ([n = 1, n <= batchsize - 1, (n++)]): null

2018-06-04 18:43:24 - [TEST_STEP][PASSED] - Statement - product = new com.kms.katalon.core.testobject.TestObject(): null

2018-06-04 18:43:24 - [TEST_STEP][PASSED] - Statement - product = com.kms.katalon.core.webui.keyword.WebUiBuiltInKeywords.modifyObjectProperty(product, "xpath", "equals", "//*[@id = "fldvendor" + row + ""]", true): Modify property of object successfully

2018-06-04 18:43:24 - [MESSAGE][PASSED] - Modify property of object successfully

2018-06-04 18:43:24 - [TEST_STEP][PASSED] - selectOptionByIndex: All options with index in [1] are selected on object ''

2018-06-04 18:43:24 - [MESSAGE][PASSED] - All options with index in [1] are selected on object ''

2018-06-04 18:43:24 - [TEST_STEP][PASSED] - delay: Delayed 2 second(s)

2018-06-04 18:43:26 - [MESSAGE][PASSED] - Delayed 2 second(s)

2018-06-04 18:43:26 - [TEST_STEP][PASSED] - Statement - batch = new com.kms.katalon.core.testobject.TestObject(): null

2018-06-04 18:43:26 - [TEST_STEP][PASSED] - Statement - batch = com.kms.katalon.core.webui.keyword.WebUiBuiltInKeywords.modifyObjectProperty(batch, "xpath", "equals", "//*[@id = "txtbthqty" + row + ""]", true): Modify property of object successfully

2018-06-04 18:43:26 - [MESSAGE][PASSED] - Modify property of object successfully

2018-06-04 18:43:26 - [TEST_STEP][PASSED] - Statement - batchqty = com.kms.katalon.core.webui.keyword.WebUiBuiltInKeywords.getAttribute(batch, "value").trim(): Attribute 'value' of object '' is: '3300'

2018-06-04 18:43:26 - [MESSAGE][PASSED] - Attribute 'value' of object '' is: '3300'

2018-06-04 18:43:26 - [TEST_STEP][PASSED] - Statement - Rqty = 100: null

2018-06-04 18:43:26 - [TEST_STEP][PASSED] - Statement - out.println("BatchQty : " + batchqty): null

2018-06-04 18:43:26 - [TEST_STEP][PASSED] - Statement - out.println("RQty : " + Rqty): null

2018-06-04 18:43:26 - [TEST_STEP][PASSED] - Statement - If (java.lang.Integer.valueOf(batchqty) >= java.lang.Integer.valueOf(Rqty)): null

2018-06-04 18:43:26 - [TEST_STEP][PASSED] - Statement - Break: null

2018-06-04 18:43:26 - [TEST_STEP][PASSED] - Statement - batchlength = new com.kms.katalon.core.testobject.TestObject(): null

2018-06-04 18:43:26 - [TEST_STEP][PASSED] - Statement - batchlength = com.kms.katalon.core.webui.keyword.WebUiBuiltInKeywords.modifyObjectProperty(batchlength, "xpath", "equals", "//*[@id = "fldvendor" + row + ""]", true): Modify property of object successfully

2018-06-04 18:43:26 - [MESSAGE][PASSED] - Modify property of object successfully

2018-06-04 18:43:26 - [TEST_STEP][PASSED] - Statement - batchsize = com.kms.katalon.core.webui.keyword.WebUiBuiltInKeywords.getNumberOfTotalOption(batchlength): 8 options of object '' counted

2018-06-04 18:43:26 - [MESSAGE][PASSED] - 8 options of object '' counted

2018-06-04 18:43:26 - [TEST_STEP][PASSED] - Statement - out.println("BatchSize : " + batchsize): null

2018-06-04 18:43:26 - [TEST_STEP][PASSED] - Statement - For ([n = 1, n <= batchsize - 1, (n++)]): null

2018-06-04 18:43:26 - [TEST_STEP][PASSED] - Statement - product = new com.kms.katalon.core.testobject.TestObject(): null

2018-06-04 18:43:26 - [TEST_STEP][PASSED] - Statement - product = com.kms.katalon.core.webui.keyword.WebUiBuiltInKeywords.modifyObjectProperty(product, "xpath", "equals", "//*[@id = "fldvendor" + row + ""]", true): Modify property of object successfully

2018-06-04 18:43:26 - [MESSAGE][PASSED] - Modify property of object successfully

2018-06-04 18:43:26 - [TEST_STEP][PASSED] - selectOptionByIndex: All options with index in [1] are selected on object ''

2018-06-04 18:43:26 - [MESSAGE][PASSED] - All options with index in [1] are selected on object ''

2018-06-04 18:43:26 - [TEST_STEP][PASSED] - delay: Delayed 2 second(s)

2018-06-04 18:43:28 - [MESSAGE][PASSED] - Delayed 2 second(s)

2018-06-04 18:43:28 - [TEST_STEP][PASSED] - Statement - batch = new com.kms.katalon.core.testobject.TestObject(): null

2018-06-04 18:43:28 - [TEST_STEP][PASSED] - Statement - batch = com.kms.katalon.core.webui.keyword.WebUiBuiltInKeywords.modifyObjectProperty(batch, "xpath", "equals", "//*[@id = "txtbthqty" + row + ""]", true): Modify property of object successfully

2018-06-04 18:43:28 - [MESSAGE][PASSED] - Modify property of object successfully

2018-06-04 18:43:28 - [TEST_STEP][PASSED] - Statement - batchqty = com.kms.katalon.core.webui.keyword.WebUiBuiltInKeywords.getAttribute(batch, "value").trim(): Attribute 'value' of object '' is: '2300'

2018-06-04 18:43:28 - [MESSAGE][PASSED] - Attribute 'value' of object '' is: '2300'

2018-06-04 18:43:28 - [TEST_STEP][PASSED] - Statement - Rqty = 100: null

2018-06-04 18:43:28 - [TEST_STEP][PASSED] - Statement - out.println("BatchQty : " + batchqty): null

2018-06-04 18:43:28 - [TEST_STEP][PASSED] - Statement - out.println("RQty : " + Rqty): null

2018-06-04 18:43:28 - [TEST_STEP][PASSED] - Statement - If (java.lang.Integer.valueOf(batchqty) >= java.lang.Integer.valueOf(Rqty)): null

2018-06-04 18:43:28 - [TEST_STEP][PASSED] - Statement - Break: null

2018-06-04 18:43:28 - [TEST_STEP][PASSED] - Statement - batchlength = new com.kms.katalon.core.testobject.TestObject(): null

2018-06-04 18:43:28 - [TEST_STEP][PASSED] - Statement - batchlength = com.kms.katalon.core.webui.keyword.WebUiBuiltInKeywords.modifyObjectProperty(batchlength, "xpath", "equals", "//*[@id = "fldvendor" + row + ""]", true): Modify property of object successfully

2018-06-04 18:43:28 - [MESSAGE][PASSED] - Modify property of object successfully

2018-06-04 18:43:28 - [TEST_STEP][PASSED] - Statement - batchsize = com.kms.katalon.core.webui.keyword.WebUiBuiltInKeywords.getNumberOfTotalOption(batchlength): 8 options of object '' counted

2018-06-04 18:43:28 - [MESSAGE][PASSED] - 8 options of object '' counted

2018-06-04 18:43:28 - [TEST_STEP][PASSED] - Statement - out.println("BatchSize : " + batchsize): null

2018-06-04 18:43:28 - [TEST_STEP][PASSED] - Statement - For ([n = 1, n <= batchsize - 1, (n++)]): null

2018-06-04 18:43:28 - [TEST_STEP][PASSED] - Statement - product = new com.kms.katalon.core.testobject.TestObject(): null

2018-06-04 18:43:28 - [TEST_STEP][PASSED] - Statement - product = com.kms.katalon.core.webui.keyword.WebUiBuiltInKeywords.modifyObjectProperty(product, "xpath", "equals", "//*[@id = "fldvendor" + row + ""]", true): Modify property of object successfully

2018-06-04 18:43:28 - [MESSAGE][PASSED] - Modify property of object successfully

2018-06-04 18:43:28 - [TEST_STEP][PASSED] - selectOptionByIndex: All options with index in [1] are selected on object ''

2018-06-04 18:43:29 - [MESSAGE][PASSED] - All options with index in [1] are selected on object ''

2018-06-04 18:43:29 - [TEST_STEP][PASSED] - delay: Delayed 2 second(s)

2018-06-04 18:43:31 - [MESSAGE][PASSED] - Delayed 2 second(s)

2018-06-04 18:43:31 - [TEST_STEP][PASSED] - Statement - batch = new com.kms.katalon.core.testobject.TestObject(): null

2018-06-04 18:43:31 - [TEST_STEP][PASSED] - Statement - batch = com.kms.katalon.core.webui.keyword.WebUiBuiltInKeywords.modifyObjectProperty(batch, "xpath", "equals", "//*[@id = "txtbthqty" + row + ""]", true): Modify property of object successfully

2018-06-04 18:43:31 - [MESSAGE][PASSED] - Modify property of object successfully

2018-06-04 18:43:31 - [TEST_STEP][PASSED] - Statement - batchqty = com.kms.katalon.core.webui.keyword.WebUiBuiltInKeywords.getAttribute(batch, "value").trim(): Attribute 'value' of object '' is: '2300'

2018-06-04 18:43:31 - [MESSAGE][PASSED] - Attribute 'value' of object '' is: '2300'

2018-06-04 18:43:31 - [TEST_STEP][PASSED] - Statement - Rqty = 100: null

2018-06-04 18:43:31 - [TEST_STEP][PASSED] - Statement - out.println("BatchQty : " + batchqty): null

2018-06-04 18:43:31 - [TEST_STEP][PASSED] - Statement - out.println("RQty : " + Rqty): null

2018-06-04 18:43:31 - [TEST_STEP][PASSED] - Statement - If (java.lang.Integer.valueOf(batchqty) >= java.lang.Integer.valueOf(Rqty)): null

2018-06-04 18:43:31 - [TEST_STEP][PASSED] - Statement - Break: null

2018-06-04 18:43:31 - [TEST_STEP][PASSED] - Statement - batchlength = new com.kms.katalon.core.testobject.TestObject(): null

2018-06-04 18:43:31 - [TEST_STEP][PASSED] - Statement - batchlength = com.kms.katalon.core.webui.keyword.WebUiBuiltInKeywords.modifyObjectProperty(batchlength, "xpath", "equals", "//*[@id = "fldvendor" + row + ""]", true): Modify property of object successfully

2018-06-04 18:43:31 - [MESSAGE][PASSED] - Modify property of object successfully

2018-06-04 18:43:31 - [TEST_STEP][PASSED] - Statement - batchsize = com.kms.katalon.core.webui.keyword.WebUiBuiltInKeywords.getNumberOfTotalOption(batchlength): 8 options of object '' counted

2018-06-04 18:43:31 - [MESSAGE][PASSED] - 8 options of object '' counted

2018-06-04 18:43:31 - [TEST_STEP][PASSED] - Statement - out.println("BatchSize : " + batchsize): null

2018-06-04 18:43:31 - [TEST_STEP][PASSED] - Statement - For ([n = 1, n <= batchsize - 1, (n++)]): null

2018-06-04 18:43:31 - [TEST_STEP][PASSED] - Statement - product = new com.kms.katalon.core.testobject.TestObject(): null

2018-06-04 18:43:31 - [TEST_STEP][PASSED] - Statement - product = com.kms.katalon.core.webui.keyword.WebUiBuiltInKeywords.modifyObjectProperty(product, "xpath", "equals", "//*[@id = "fldvendor" + row + ""]", true): Modify property of object successfully

2018-06-04 18:43:31 - [MESSAGE][PASSED] - Modify property of object successfully

2018-06-04 18:43:31 - [TEST_STEP][PASSED] - selectOptionByIndex: All options with index in [1] are selected on object ''

2018-06-04 18:43:31 - [MESSAGE][PASSED] - All options with index in [1] are selected on object ''

2018-06-04 18:43:31 - [TEST_STEP][PASSED] - delay: Delayed 2 second(s)

2018-06-04 18:43:33 - [MESSAGE][PASSED] - Delayed 2 second(s)

2018-06-04 18:43:33 - [TEST_STEP][PASSED] - Statement - batch = new com.kms.katalon.core.testobject.TestObject(): null

2018-06-04 18:43:33 - [TEST_STEP][PASSED] - Statement - batch = com.kms.katalon.core.webui.keyword.WebUiBuiltInKeywords.modifyObjectProperty(batch, "xpath", "equals", "//*[@id = "txtbthqty" + row + ""]", true): Modify property of object successfully

2018-06-04 18:43:33 - [MESSAGE][PASSED] - Modify property of object successfully

2018-06-04 18:43:33 - [TEST_STEP][PASSED] - Statement - batchqty = com.kms.katalon.core.webui.keyword.WebUiBuiltInKeywords.getAttribute(batch, "value").trim(): Attribute 'value' of object '' is: '2300'

2018-06-04 18:43:33 - [MESSAGE][PASSED] - Attribute 'value' of object '' is: '2300'

2018-06-04 18:43:33 - [TEST_STEP][PASSED] - Statement - Rqty = 100: null

2018-06-04 18:43:33 - [TEST_STEP][PASSED] - Statement - out.println("BatchQty : " + batchqty): null

2018-06-04 18:43:33 - [TEST_STEP][PASSED] - Statement - out.println("RQty : " + Rqty): null

2018-06-04 18:43:33 - [TEST_STEP][PASSED] - Statement - If (java.lang.Integer.valueOf(batchqty) >= java.lang.Integer.valueOf(Rqty)): null

2018-06-04 18:43:33 - [TEST_STEP][PASSED] - Statement - Break: null

2018-06-04 18:43:33 - [TEST_STEP][PASSED] - Statement - batchlength = new com.kms.katalon.core.testobject.TestObject(): null

2018-06-04 18:43:33 - [TEST_STEP][PASSED] - Statement - batchlength = com.kms.katalon.core.webui.keyword.WebUiBuiltInKeywords.modifyObjectProperty(batchlength, "xpath", "equals", "//*[@id = "fldvendor" + row + ""]", true): Modify property of object successfully

2018-06-04 18:43:33 - [MESSAGE][PASSED] - Modify property of object successfully

2018-06-04 18:43:33 - [TEST_STEP][PASSED] - Statement - batchsize = com.kms.katalon.core.webui.keyword.WebUiBuiltInKeywords.getNumberOfTotalOption(batchlength): 8 options of object '' counted

2018-06-04 18:43:33 - [MESSAGE][PASSED] - 8 options of object '' counted

2018-06-04 18:43:33 - [TEST_STEP][PASSED] - Statement - out.println("BatchSize : " + batchsize): null

2018-06-04 18:43:33 - [TEST_STEP][PASSED] - Statement - For ([n = 1, n <= batchsize - 1, (n++)]): null

2018-06-04 18:43:33 - [TEST_STEP][PASSED] - Statement - product = new com.kms.katalon.core.testobject.TestObject(): null

2018-06-04 18:43:33 - [TEST_STEP][PASSED] - Statement - product = com.kms.katalon.core.webui.keyword.WebUiBuiltInKeywords.modifyObjectProperty(product, "xpath", "equals", "//*[@id = "fldvendor" + row + ""]", true): Modify property of object successfully

2018-06-04 18:43:33 - [MESSAGE][PASSED] - Modify property of object successfully

2018-06-04 18:43:33 - [TEST_STEP][PASSED] - selectOptionByIndex: All options with index in [1] are selected on object ''

2018-06-04 18:43:33 - [MESSAGE][PASSED] - All options with index in [1] are selected on object ''

2018-06-04 18:43:33 - [TEST_STEP][PASSED] - delay: Delayed 2 second(s)

2018-06-04 18:43:35 - [MESSAGE][PASSED] - Delayed 2 second(s)

2018-06-04 18:43:35 - [TEST_STEP][PASSED] - Statement - batch = new com.kms.katalon.core.testobject.TestObject(): null

2018-06-04 18:43:35 - [TEST_STEP][PASSED] - Statement - batch = com.kms.katalon.core.webui.keyword.WebUiBuiltInKeywords.modifyObjectProperty(batch, "xpath", "equals", "//*[@id = "txtbthqty" + row + ""]", true): Modify property of object successfully

2018-06-04 18:43:35 - [MESSAGE][PASSED] - Modify property of object successfully

2018-06-04 18:43:35 - [TEST_STEP][PASSED] - Statement - batchqty = com.kms.katalon.core.webui.keyword.WebUiBuiltInKeywords.getAttribute(batch, "value").trim(): Attribute 'value' of object '' is: '3300'

2018-06-04 18:43:35 - [MESSAGE][PASSED] - Attribute 'value' of object '' is: '3300'

2018-06-04 18:43:35 - [TEST_STEP][PASSED] - Statement - Rqty = 100: null

2018-06-04 18:43:35 - [TEST_STEP][PASSED] - Statement - out.println("BatchQty : " + batchqty): null

2018-06-04 18:43:35 - [TEST_STEP][PASSED] - Statement - out.println("RQty : " + Rqty): null

2018-06-04 18:43:35 - [TEST_STEP][PASSED] - Statement - If (java.lang.Integer.valueOf(batchqty) >= java.lang.Integer.valueOf(Rqty)): null

2018-06-04 18:43:35 - [TEST_STEP][PASSED] - Statement - Break: null

2018-06-04 18:43:35 - [TEST_STEP][PASSED] - Statement - batchlength = new com.kms.katalon.core.testobject.TestObject(): null

2018-06-04 18:43:35 - [TEST_STEP][PASSED] - Statement - batchlength = com.kms.katalon.core.webui.keyword.WebUiBuiltInKeywords.modifyObjectProperty(batchlength, "xpath", "equals", "//*[@id = "fldvendor" + row + ""]", true): Modify property of object successfully

2018-06-04 18:43:35 - [MESSAGE][PASSED] - Modify property of object successfully

2018-06-04 18:43:35 - [TEST_STEP][PASSED] - Statement - batchsize = com.kms.katalon.core.webui.keyword.WebUiBuiltInKeywords.getNumberOfTotalOption(batchlength): 8 options of object '' counted

2018-06-04 18:43:35 - [MESSAGE][PASSED] - 8 options of object '' counted

2018-06-04 18:43:35 - [TEST_STEP][PASSED] - Statement - out.println("BatchSize : " + batchsize): null

2018-06-04 18:43:35 - [TEST_STEP][PASSED] - Statement - For ([n = 1, n <= batchsize - 1, (n++)]): null

2018-06-04 18:43:35 - [TEST_STEP][PASSED] - Statement - product = new com.kms.katalon.core.testobject.TestObject(): null

2018-06-04 18:43:35 - [TEST_STEP][PASSED] - Statement - product = com.kms.katalon.core.webui.keyword.WebUiBuiltInKeywords.modifyObjectProperty(product, "xpath", "equals", "//*[@id = "fldvendor" + row + ""]", true): Modify property of object successfully

2018-06-04 18:43:35 - [MESSAGE][PASSED] - Modify property of object successfully

2018-06-04 18:43:35 - [TEST_STEP][PASSED] - selectOptionByIndex: All options with index in [1] are selected on object ''

2018-06-04 18:43:35 - [MESSAGE][PASSED] - All options with index in [1] are selected on object ''

2018-06-04 18:43:35 - [TEST_STEP][PASSED] - delay: Delayed 2 second(s)

2018-06-04 18:43:37 - [MESSAGE][PASSED] - Delayed 2 second(s)

2018-06-04 18:43:37 - [TEST_STEP][PASSED] - Statement - batch = new com.kms.katalon.core.testobject.TestObject(): null

2018-06-04 18:43:37 - [TEST_STEP][PASSED] - Statement - batch = com.kms.katalon.core.webui.keyword.WebUiBuiltInKeywords.modifyObjectProperty(batch, "xpath", "equals", "//*[@id = "txtbthqty" + row + ""]", true): Modify property of object successfully

2018-06-04 18:43:37 - [MESSAGE][PASSED] - Modify property of object successfully

2018-06-04 18:43:37 - [TEST_STEP][PASSED] - Statement - batchqty = com.kms.katalon.core.webui.keyword.WebUiBuiltInKeywords.getAttribute(batch, "value").trim(): Attribute 'value' of object '' is: '2300'

2018-06-04 18:43:37 - [MESSAGE][PASSED] - Attribute 'value' of object '' is: '2300'

2018-06-04 18:43:37 - [TEST_STEP][PASSED] - Statement - Rqty = 100: null

2018-06-04 18:43:37 - [TEST_STEP][PASSED] - Statement - out.println("BatchQty : " + batchqty): null

2018-06-04 18:43:37 - [TEST_STEP][PASSED] - Statement - out.println("RQty : " + Rqty): null

2018-06-04 18:43:37 - [TEST_STEP][PASSED] - Statement - If (java.lang.Integer.valueOf(batchqty) >= java.lang.Integer.valueOf(Rqty)): null

2018-06-04 18:43:37 - [TEST_STEP][PASSED] - Statement - Break: null

2018-06-04 18:43:37 - [TEST_STEP][PASSED] - Statement - batchlength = new com.kms.katalon.core.testobject.TestObject(): null

2018-06-04 18:43:37 - [TEST_STEP][PASSED] - Statement - batchlength = com.kms.katalon.core.webui.keyword.WebUiBuiltInKeywords.modifyObjectProperty(batchlength, "xpath", "equals", "//*[@id = "fldvendor" + row + ""]", true): Modify property of object successfully

2018-06-04 18:43:37 - [MESSAGE][PASSED] - Modify property of object successfully

2018-06-04 18:43:37 - [TEST_STEP][PASSED] - Statement - batchsize = com.kms.katalon.core.webui.keyword.WebUiBuiltInKeywords.getNumberOfTotalOption(batchlength): 8 options of object '' counted

2018-06-04 18:43:38 - [MESSAGE][PASSED] - 8 options of object '' counted

2018-06-04 18:43:38 - [TEST_STEP][PASSED] - Statement - out.println("BatchSize : " + batchsize): null

2018-06-04 18:43:38 - [TEST_STEP][PASSED] - Statement - For ([n = 1, n <= batchsize - 1, (n++)]): null

2018-06-04 18:43:38 - [TEST_STEP][PASSED] - Statement - product = new com.kms.katalon.core.testobject.TestObject(): null

2018-06-04 18:43:38 - [TEST_STEP][PASSED] - Statement - product = com.kms.katalon.core.webui.keyword.WebUiBuiltInKeywords.modifyObjectProperty(product, "xpath", "equals", "//*[@id = "fldvendor" + row + ""]", true): Modify property of object successfully

2018-06-04 18:43:38 - [MESSAGE][PASSED] - Modify property of object successfully

2018-06-04 18:43:38 - [TEST_STEP][PASSED] - selectOptionByIndex: All options with index in [1] are selected on object ''

2018-06-04 18:43:38 - [MESSAGE][PASSED] - All options with index in [1] are selected on object ''

2018-06-04 18:43:38 - [TEST_STEP][PASSED] - delay: Delayed 2 second(s)

2018-06-04 18:43:40 - [MESSAGE][PASSED] - Delayed 2 second(s)

2018-06-04 18:43:40 - [TEST_STEP][PASSED] - Statement - batch = new com.kms.katalon.core.testobject.TestObject(): null

2018-06-04 18:43:40 - [TEST_STEP][PASSED] - Statement - batch = com.kms.katalon.core.webui.keyword.WebUiBuiltInKeywords.modifyObjectProperty(batch, "xpath", "equals", "//*[@id = "txtbthqty" + row + ""]", true): Modify property of object successfully

2018-06-04 18:43:40 - [MESSAGE][PASSED] - Modify property of object successfully

2018-06-04 18:43:40 - [TEST_STEP][PASSED] - Statement - batchqty = com.kms.katalon.core.webui.keyword.WebUiBuiltInKeywords.getAttribute(batch, "value").trim(): Attribute 'value' of object '' is: '3300'

2018-06-04 18:43:40 - [MESSAGE][PASSED] - Attribute 'value' of object '' is: '3300'

2018-06-04 18:43:40 - [TEST_STEP][PASSED] - Statement - Rqty = 100: null

2018-06-04 18:43:40 - [TEST_STEP][PASSED] - Statement - out.println("BatchQty : " + batchqty): null

2018-06-04 18:43:40 - [TEST_STEP][PASSED] - Statement - out.println("RQty : " + Rqty): null

2018-06-04 18:43:40 - [TEST_STEP][PASSED] - Statement - If (java.lang.Integer.valueOf(batchqty) >= java.lang.Integer.valueOf(Rqty)): null

2018-06-04 18:43:40 - [TEST_STEP][PASSED] - Statement - Break: null

2018-06-04 18:43:40 - [TEST_STEP][PASSED] - Statement - batchlength = new com.kms.katalon.core.testobject.TestObject(): null

2018-06-04 18:43:40 - [TEST_STEP][PASSED] - Statement - batchlength = com.kms.katalon.core.webui.keyword.WebUiBuiltInKeywords.modifyObjectProperty(batchlength, "xpath", "equals", "//*[@id = "fldvendor" + row + ""]", true): Modify property of object successfully

2018-06-04 18:43:40 - [MESSAGE][PASSED] - Modify property of object successfully

2018-06-04 18:43:40 - [TEST_STEP][PASSED] - Statement - batchsize = com.kms.katalon.core.webui.keyword.WebUiBuiltInKeywords.getNumberOfTotalOption(batchlength): 8 options of object '' counted

2018-06-04 18:43:40 - [MESSAGE][PASSED] - 8 options of object '' counted

2018-06-04 18:43:40 - [TEST_STEP][PASSED] - Statement - out.println("BatchSize : " + batchsize): null

2018-06-04 18:43:40 - [TEST_STEP][PASSED] - Statement - For ([n = 1, n <= batchsize - 1, (n++)]): null

2018-06-04 18:43:40 - [TEST_STEP][PASSED] - Statement - product = new com.kms.katalon.core.testobject.TestObject(): null

2018-06-04 18:43:40 - [TEST_STEP][PASSED] - Statement - product = com.kms.katalon.core.webui.keyword.WebUiBuiltInKeywords.modifyObjectProperty(product, "xpath", "equals", "//*[@id = "fldvendor" + row + ""]", true): Modify property of object successfully

2018-06-04 18:43:40 - [MESSAGE][PASSED] - Modify property of object successfully

2018-06-04 18:43:40 - [TEST_STEP][PASSED] - selectOptionByIndex: All options with index in [1] are selected on object ''

2018-06-04 18:43:40 - [MESSAGE][PASSED] - All options with index in [1] are selected on object ''

2018-06-04 18:43:40 - [TEST_STEP][PASSED] - delay: Delayed 2 second(s)

2018-06-04 18:43:42 - [MESSAGE][PASSED] - Delayed 2 second(s)

2018-06-04 18:43:42 - [TEST_STEP][PASSED] - Statement - batch = new com.kms.katalon.core.testobject.TestObject(): null

2018-06-04 18:43:42 - [TEST_STEP][PASSED] - Statement - batch = com.kms.katalon.core.webui.keyword.WebUiBuiltInKeywords.modifyObjectProperty(batch, "xpath", "equals", "//*[@id = "txtbthqty" + row + ""]", true): Modify property of object successfully

2018-06-04 18:43:42 - [MESSAGE][PASSED] - Modify property of object successfully

2018-06-04 18:43:42 - [TEST_STEP][PASSED] - Statement - batchqty = com.kms.katalon.core.webui.keyword.WebUiBuiltInKeywords.getAttribute(batch, "value").trim(): Attribute 'value' of object '' is: '3300'

2018-06-04 18:43:42 - [MESSAGE][PASSED] - Attribute 'value' of object '' is: '3300'

2018-06-04 18:43:42 - [TEST_STEP][PASSED] - Statement - Rqty = 100: null

2018-06-04 18:43:42 - [TEST_STEP][PASSED] - Statement - out.println("BatchQty : " + batchqty): null

2018-06-04 18:43:42 - [TEST_STEP][PASSED] - Statement - out.println("RQty : " + Rqty): null

2018-06-04 18:43:42 - [TEST_STEP][PASSED] - Statement - If (java.lang.Integer.valueOf(batchqty) >= java.lang.Integer.valueOf(Rqty)): null

2018-06-04 18:43:42 - [TEST_STEP][PASSED] - Statement - Break: null

2018-06-04 18:43:42 - [TEST_STEP][PASSED] - Statement - batchlength = new com.kms.katalon.core.testobject.TestObject(): null

2018-06-04 18:43:42 - [TEST_STEP][PASSED] - Statement - batchlength = com.kms.katalon.core.webui.keyword.WebUiBuiltInKeywords.modifyObjectProperty(batchlength, "xpath", "equals", "//*[@id = "fldvendor" + row + ""]", true): Modify property of object successfully

2018-06-04 18:43:42 - [MESSAGE][PASSED] - Modify property of object successfully

2018-06-04 18:43:42 - [TEST_STEP][PASSED] - Statement - batchsize = com.kms.katalon.core.webui.keyword.WebUiBuiltInKeywords.getNumberOfTotalOption(batchlength): 8 options of object '' counted

2018-06-04 18:43:42 - [MESSAGE][PASSED] - 8 options of object '' counted

2018-06-04 18:43:42 - [TEST_STEP][PASSED] - Statement - out.println("BatchSize : " + batchsize): null

2018-06-04 18:43:42 - [TEST_STEP][PASSED] - Statement - For ([n = 1, n <= batchsize - 1, (n++)]): null

2018-06-04 18:43:42 - [TEST_STEP][PASSED] - Statement - product = new com.kms.katalon.core.testobject.TestObject(): null

2018-06-04 18:43:42 - [TEST_STEP][PASSED] - Statement - product = com.kms.katalon.core.webui.keyword.WebUiBuiltInKeywords.modifyObjectProperty(product, "xpath", "equals", "//*[@id = "fldvendor" + row + ""]", true): Modify property of object successfully

2018-06-04 18:43:42 - [MESSAGE][PASSED] - Modify property of object successfully

2018-06-04 18:43:42 - [TEST_STEP][PASSED] - selectOptionByIndex: All options with index in [1] are selected on object ''

2018-06-04 18:43:42 - [MESSAGE][PASSED] - All options with index in [1] are selected on object ''

2018-06-04 18:43:42 - [TEST_STEP][PASSED] - delay: Delayed 2 second(s)

2018-06-04 18:43:44 - [MESSAGE][PASSED] - Delayed 2 second(s)

2018-06-04 18:43:44 - [TEST_STEP][PASSED] - Statement - batch = new com.kms.katalon.core.testobject.TestObject(): null

2018-06-04 18:43:44 - [TEST_STEP][PASSED] - Statement - batch = com.kms.katalon.core.webui.keyword.WebUiBuiltInKeywords.modifyObjectProperty(batch, "xpath", "equals", "//*[@id = "txtbthqty" + row + ""]", true): Modify property of object successfully

2018-06-04 18:43:44 - [MESSAGE][PASSED] - Modify property of object successfully

2018-06-04 18:43:44 - [TEST_STEP][PASSED] - Statement - batchqty = com.kms.katalon.core.webui.keyword.WebUiBuiltInKeywords.getAttribute(batch, "value").trim(): Attribute 'value' of object '' is: '3900'

2018-06-04 18:43:44 - [MESSAGE][PASSED] - Attribute 'value' of object '' is: '3900'

2018-06-04 18:43:44 - [TEST_STEP][PASSED] - Statement - Rqty = 100: null

2018-06-04 18:43:44 - [TEST_STEP][PASSED] - Statement - out.println("BatchQty : " + batchqty): null

2018-06-04 18:43:44 - [TEST_STEP][PASSED] - Statement - out.println("RQty : " + Rqty): null

2018-06-04 18:43:44 - [TEST_STEP][PASSED] - Statement - If (java.lang.Integer.valueOf(batchqty) >= java.lang.Integer.valueOf(Rqty)): null

2018-06-04 18:43:44 - [TEST_STEP][PASSED] - Statement - Break: null

2018-06-04 18:43:44 - [TEST_STEP][PASSED] - Statement - batchlength = new com.kms.katalon.core.testobject.TestObject(): null

2018-06-04 18:43:44 - [TEST_STEP][PASSED] - Statement - batchlength = com.kms.katalon.core.webui.keyword.WebUiBuiltInKeywords.modifyObjectProperty(batchlength, "xpath", "equals", "//*[@id = "fldvendor" + row + ""]", true): Modify property of object successfully

2018-06-04 18:43:44 - [MESSAGE][PASSED] - Modify property of object successfully

2018-06-04 18:43:44 - [TEST_STEP][PASSED] - Statement - batchsize = com.kms.katalon.core.webui.keyword.WebUiBuiltInKeywords.getNumberOfTotalOption(batchlength): 8 options of object '' counted

2018-06-04 18:43:44 - [MESSAGE][PASSED] - 8 options of object '' counted

2018-06-04 18:43:44 - [TEST_STEP][PASSED] - Statement - out.println("BatchSize : " + batchsize): null

2018-06-04 18:43:44 - [TEST_STEP][PASSED] - Statement - For ([n = 1, n <= batchsize - 1, (n++)]): null

2018-06-04 18:43:44 - [TEST_STEP][PASSED] - Statement - product = new com.kms.katalon.core.testobject.TestObject(): null

2018-06-04 18:43:44 - [TEST_STEP][PASSED] - Statement - product = com.kms.katalon.core.webui.keyword.WebUiBuiltInKeywords.modifyObjectProperty(product, "xpath", "equals", "//*[@id = "fldvendor" + row + ""]", true): Modify property of object successfully

2018-06-04 18:43:44 - [MESSAGE][PASSED] - Modify property of object successfully

2018-06-04 18:43:44 - [TEST_STEP][PASSED] - selectOptionByIndex: All options with index in [1] are selected on object ''

2018-06-04 18:43:45 - [MESSAGE][PASSED] - All options with index in [1] are selected on object ''

2018-06-04 18:43:45 - [TEST_STEP][PASSED] - delay: Delayed 2 second(s)

2018-06-04 18:43:47 - [MESSAGE][PASSED] - Delayed 2 second(s)

2018-06-04 18:43:47 - [TEST_STEP][PASSED] - Statement - batch = new com.kms.katalon.core.testobject.TestObject(): null

2018-06-04 18:43:47 - [TEST_STEP][PASSED] - Statement - batch = com.kms.katalon.core.webui.keyword.WebUiBuiltInKeywords.modifyObjectProperty(batch, "xpath", "equals", "//*[@id = "txtbthqty" + row + ""]", true): Modify property of object successfully

2018-06-04 18:43:47 - [MESSAGE][PASSED] - Modify property of object successfully

2018-06-04 18:43:47 - [TEST_STEP][PASSED] - Statement - batchqty = com.kms.katalon.core.webui.keyword.WebUiBuiltInKeywords.getAttribute(batch, "value").trim(): Attribute 'value' of object '' is: '3700'

2018-06-04 18:43:47 - [MESSAGE][PASSED] - Attribute 'value' of object '' is: '3700'

2018-06-04 18:43:47 - [TEST_STEP][PASSED] - Statement - Rqty = 100: null

2018-06-04 18:43:47 - [TEST_STEP][PASSED] - Statement - out.println("BatchQty : " + batchqty): null

2018-06-04 18:43:47 - [TEST_STEP][PASSED] - Statement - out.println("RQty : " + Rqty): null

2018-06-04 18:43:47 - [TEST_STEP][PASSED] - Statement - If (java.lang.Integer.valueOf(batchqty) >= java.lang.Integer.valueOf(Rqty)): null

2018-06-04 18:43:47 - [TEST_STEP][PASSED] - Statement - Break: null

2018-06-04 18:43:47 - [TEST_STEP][PASSED] - Statement - batchlength = new com.kms.katalon.core.testobject.TestObject(): null

2018-06-04 18:43:47 - [TEST_STEP][PASSED] - Statement - batchlength = com.kms.katalon.core.webui.keyword.WebUiBuiltInKeywords.modifyObjectProperty(batchlength, "xpath", "equals", "//*[@id = "fldvendor" + row + ""]", true): Modify property of object successfully

2018-06-04 18:43:47 - [MESSAGE][PASSED] - Modify property of object successfully

2018-06-04 18:43:47 - [TEST_STEP][PASSED] - Statement - batchsize = com.kms.katalon.core.webui.keyword.WebUiBuiltInKeywords.getNumberOfTotalOption(batchlength): 8 options of object '' counted

2018-06-04 18:43:47 - [MESSAGE][PASSED] - 8 options of object '' counted

2018-06-04 18:43:47 - [TEST_STEP][PASSED] - Statement - out.println("BatchSize : " + batchsize): null

2018-06-04 18:43:47 - [TEST_STEP][PASSED] - Statement - For ([n = 1, n <= batchsize - 1, (n++)]): null

2018-06-04 18:43:47 - [TEST_STEP][PASSED] - Statement - product = new com.kms.katalon.core.testobject.TestObject(): null

2018-06-04 18:43:47 - [TEST_STEP][PASSED] - Statement - product = com.kms.katalon.core.webui.keyword.WebUiBuiltInKeywords.modifyObjectProperty(product, "xpath", "equals", "//*[@id = "fldvendor" + row + ""]", true): Modify property of object successfully

2018-06-04 18:43:48 - [MESSAGE][PASSED] - Modify property of object successfully

2018-06-04 18:43:48 - [TEST_STEP][PASSED] - selectOptionByIndex: All options with index in [1] are selected on object ''

2018-06-04 18:43:48 - [MESSAGE][PASSED] - All options with index in [1] are selected on object ''

2018-06-04 18:43:48 - [TEST_STEP][PASSED] - delay: Delayed 2 second(s)

2018-06-04 18:43:50 - [MESSAGE][PASSED] - Delayed 2 second(s)

2018-06-04 18:43:50 - [TEST_STEP][PASSED] - Statement - batch = new com.kms.katalon.core.testobject.TestObject(): null

2018-06-04 18:43:50 - [TEST_STEP][PASSED] - Statement - batch = com.kms.katalon.core.webui.keyword.WebUiBuiltInKeywords.modifyObjectProperty(batch, "xpath", "equals", "//*[@id = "txtbthqty" + row + ""]", true): Modify property of object successfully

2018-06-04 18:43:50 - [MESSAGE][PASSED] - Modify property of object successfully

2018-06-04 18:43:50 - [TEST_STEP][PASSED] - Statement - batchqty = com.kms.katalon.core.webui.keyword.WebUiBuiltInKeywords.getAttribute(batch, "value").trim(): Attribute 'value' of object '' is: '37000'

2018-06-04 18:43:50 - [MESSAGE][PASSED] - Attribute 'value' of object '' is: '37000'

2018-06-04 18:43:50 - [TEST_STEP][PASSED] - Statement - Rqty = 100: null

2018-06-04 18:43:50 - [TEST_STEP][PASSED] - Statement - out.println("BatchQty : " + batchqty): null

2018-06-04 18:43:50 - [TEST_STEP][PASSED] - Statement - out.println("RQty : " + Rqty): null

2018-06-04 18:43:50 - [TEST_STEP][PASSED] - Statement - If (java.lang.Integer.valueOf(batchqty) >= java.lang.Integer.valueOf(Rqty)): null

2018-06-04 18:43:50 - [TEST_STEP][PASSED] - Statement - Break: null

2018-06-04 18:43:50 - [TEST_STEP][PASSED] - Statement - batchlength = new com.kms.katalon.core.testobject.TestObject(): null

2018-06-04 18:43:50 - [TEST_STEP][PASSED] - Statement - batchlength = com.kms.katalon.core.webui.keyword.WebUiBuiltInKeywords.modifyObjectProperty(batchlength, "xpath", "equals", "//*[@id = "fldvendor" + row + ""]", true): Modify property of object successfully

2018-06-04 18:43:50 - [MESSAGE][PASSED] - Modify property of object successfully

2018-06-04 18:43:50 - [TEST_STEP][PASSED] - Statement - batchsize = com.kms.katalon.core.webui.keyword.WebUiBuiltInKeywords.getNumberOfTotalOption(batchlength): 8 options of object '' counted

2018-06-04 18:43:50 - [MESSAGE][PASSED] - 8 options of object '' counted

2018-06-04 18:43:50 - [TEST_STEP][PASSED] - Statement - out.println("BatchSize : " + batchsize): null

2018-06-04 18:43:50 - [TEST_STEP][PASSED] - Statement - For ([n = 1, n <= batchsize - 1, (n++)]): null

2018-06-04 18:43:50 - [TEST_STEP][PASSED] - Statement - product = new com.kms.katalon.core.testobject.TestObject(): null

2018-06-04 18:43:50 - [TEST_STEP][PASSED] - Statement - product = com.kms.katalon.core.webui.keyword.WebUiBuiltInKeywords.modifyObjectProperty(product, "xpath", "equals", "//*[@id = "fldvendor" + row + ""]", true): Modify property of object successfully

2018-06-04 18:43:50 - [MESSAGE][PASSED] - Modify property of object successfully

2018-06-04 18:43:50 - [TEST_STEP][PASSED] - selectOptionByIndex: All options with index in [1] are selected on object ''

2018-06-04 18:43:50 - [MESSAGE][PASSED] - All options with index in [1] are selected on object ''

2018-06-04 18:43:50 - [TEST_STEP][PASSED] - delay: Delayed 2 second(s)

2018-06-04 18:43:52 - [MESSAGE][PASSED] - Delayed 2 second(s)

2018-06-04 18:43:52 - [TEST_STEP][PASSED] - Statement - batch = new com.kms.katalon.core.testobject.TestObject(): null

2018-06-04 18:43:52 - [TEST_STEP][PASSED] - Statement - batch = com.kms.katalon.core.webui.keyword.WebUiBuiltInKeywords.modifyObjectProperty(batch, "xpath", "equals", "//*[@id = "txtbthqty" + row + ""]", true): Modify property of object successfully

2018-06-04 18:43:52 - [MESSAGE][PASSED] - Modify property of object successfully

2018-06-04 18:43:52 - [TEST_STEP][PASSED] - Statement - batchqty = com.kms.katalon.core.webui.keyword.WebUiBuiltInKeywords.getAttribute(batch, "value").trim(): Attribute 'value' of object '' is: '3300'

2018-06-04 18:43:52 - [MESSAGE][PASSED] - Attribute 'value' of object '' is: '3300'

2018-06-04 18:43:52 - [TEST_STEP][PASSED] - Statement - Rqty = 100: null

2018-06-04 18:43:52 - [TEST_STEP][PASSED] - Statement - out.println("BatchQty : " + batchqty): null

2018-06-04 18:43:52 - [TEST_STEP][PASSED] - Statement - out.println("RQty : " + Rqty): null

2018-06-04 18:43:52 - [TEST_STEP][PASSED] - Statement - If (java.lang.Integer.valueOf(batchqty) >= java.lang.Integer.valueOf(Rqty)): null

2018-06-04 18:43:52 - [TEST_STEP][PASSED] - Statement - Break: null

2018-06-04 18:43:52 - [TEST_STEP][PASSED] - Statement - batchlength = new com.kms.katalon.core.testobject.TestObject(): null

2018-06-04 18:43:52 - [TEST_STEP][PASSED] - Statement - batchlength = com.kms.katalon.core.webui.keyword.WebUiBuiltInKeywords.modifyObjectProperty(batchlength, "xpath", "equals", "//*[@id = "fldvendor" + row + ""]", true): Modify property of object successfully

2018-06-04 18:43:52 - [MESSAGE][PASSED] - Modify property of object successfully

2018-06-04 18:43:52 - [TEST_STEP][PASSED] - Statement - batchsize = com.kms.katalon.core.webui.keyword.WebUiBuiltInKeywords.getNumberOfTotalOption(batchlength): 8 options of object '' counted

2018-06-04 18:43:53 - [MESSAGE][PASSED] - 8 options of object '' counted

2018-06-04 18:43:53 - [TEST_STEP][PASSED] - Statement - out.println("BatchSize : " + batchsize): null

2018-06-04 18:43:53 - [TEST_STEP][PASSED] - Statement - For ([n = 1, n <= batchsize - 1, (n++)]): null

2018-06-04 18:43:53 - [TEST_STEP][PASSED] - Statement - product = new com.kms.katalon.core.testobject.TestObject(): null

2018-06-04 18:43:53 - [TEST_STEP][PASSED] - Statement - product = com.kms.katalon.core.webui.keyword.WebUiBuiltInKeywords.modifyObjectProperty(product, "xpath", "equals", "//*[@id = "fldvendor" + row + ""]", true): Modify property of object successfully

2018-06-04 18:43:53 - [MESSAGE][PASSED] - Modify property of object successfully

2018-06-04 18:43:53 - [TEST_STEP][PASSED] - selectOptionByIndex: All options with index in [1] are selected on object ''

2018-06-04 18:43:53 - [MESSAGE][PASSED] - All options with index in [1] are selected on object ''

2018-06-04 18:43:53 - [TEST_STEP][PASSED] - delay: Delayed 2 second(s)

2018-06-04 18:43:55 - [MESSAGE][PASSED] - Delayed 2 second(s)

2018-06-04 18:43:55 - [TEST_STEP][PASSED] - Statement - batch = new com.kms.katalon.core.testobject.TestObject(): null

2018-06-04 18:43:55 - [TEST_STEP][PASSED] - Statement - batch = com.kms.katalon.core.webui.keyword.WebUiBuiltInKeywords.modifyObjectProperty(batch, "xpath", "equals", "//*[@id = "txtbthqty" + row + ""]", true): Modify property of object successfully

2018-06-04 18:43:55 - [MESSAGE][PASSED] - Modify property of object successfully

2018-06-04 18:43:55 - [TEST_STEP][PASSED] - Statement - batchqty = com.kms.katalon.core.webui.keyword.WebUiBuiltInKeywords.getAttribute(batch, "value").trim(): Attribute 'value' of object '' is: '4200'

2018-06-04 18:43:55 - [MESSAGE][PASSED] - Attribute 'value' of object '' is: '4200'

2018-06-04 18:43:55 - [TEST_STEP][PASSED] - Statement - Rqty = 100: null

2018-06-04 18:43:55 - [TEST_STEP][PASSED] - Statement - out.println("BatchQty : " + batchqty): null

2018-06-04 18:43:55 - [TEST_STEP][PASSED] - Statement - out.println("RQty : " + Rqty): null

2018-06-04 18:43:55 - [TEST_STEP][PASSED] - Statement - If (java.lang.Integer.valueOf(batchqty) >= java.lang.Integer.valueOf(Rqty)): null

2018-06-04 18:43:55 - [TEST_STEP][PASSED] - Statement - Break: null

2018-06-04 18:43:55 - [TEST_STEP][PASSED] - Statement - batchlength = new com.kms.katalon.core.testobject.TestObject(): null

2018-06-04 18:43:55 - [TEST_STEP][PASSED] - Statement - batchlength = com.kms.katalon.core.webui.keyword.WebUiBuiltInKeywords.modifyObjectProperty(batchlength, "xpath", "equals", "//*[@id = "fldvendor" + row + ""]", true): Modify property of object successfully

2018-06-04 18:43:55 - [MESSAGE][PASSED] - Modify property of object successfully

2018-06-04 18:43:55 - [TEST_STEP][PASSED] - Statement - batchsize = com.kms.katalon.core.webui.keyword.WebUiBuiltInKeywords.getNumberOfTotalOption(batchlength): 8 options of object '' counted

2018-06-04 18:43:55 - [MESSAGE][PASSED] - 8 options of object '' counted

2018-06-04 18:43:55 - [TEST_STEP][PASSED] - Statement - out.println("BatchSize : " + batchsize): null

2018-06-04 18:43:55 - [TEST_STEP][PASSED] - Statement - For ([n = 1, n <= batchsize - 1, (n++)]): null

2018-06-04 18:43:55 - [TEST_STEP][PASSED] - Statement - product = new com.kms.katalon.core.testobject.TestObject(): null

2018-06-04 18:43:55 - [TEST_STEP][PASSED] - Statement - product = com.kms.katalon.core.webui.keyword.WebUiBuiltInKeywords.modifyObjectProperty(product, "xpath", "equals", "//*[@id = "fldvendor" + row + ""]", true): Modify property of object successfully

2018-06-04 18:43:55 - [MESSAGE][PASSED] - Modify property of object successfully

2018-06-04 18:43:55 - [TEST_STEP][PASSED] - selectOptionByIndex: All options with index in [1] are selected on object ''

2018-06-04 18:43:55 - [MESSAGE][PASSED] - All options with index in [1] are selected on object ''

2018-06-04 18:43:55 - [TEST_STEP][PASSED] - delay: Delayed 2 second(s)

2018-06-04 18:43:57 - [MESSAGE][PASSED] - Delayed 2 second(s)

2018-06-04 18:43:57 - [TEST_STEP][PASSED] - Statement - batch = new com.kms.katalon.core.testobject.TestObject(): null

2018-06-04 18:43:57 - [TEST_STEP][PASSED] - Statement - batch = com.kms.katalon.core.webui.keyword.WebUiBuiltInKeywords.modifyObjectProperty(batch, "xpath", "equals", "//*[@id = "txtbthqty" + row + ""]", true): Modify property of object successfully

2018-06-04 18:43:57 - [MESSAGE][PASSED] - Modify property of object successfully

2018-06-04 18:43:57 - [TEST_STEP][PASSED] - Statement - batchqty = com.kms.katalon.core.webui.keyword.WebUiBuiltInKeywords.getAttribute(batch, "value").trim(): Attribute 'value' of object '' is: '3300'

2018-06-04 18:43:57 - [MESSAGE][PASSED] - Attribute 'value' of object '' is: '3300'

2018-06-04 18:43:57 - [TEST_STEP][PASSED] - Statement - Rqty = 100: null

2018-06-04 18:43:57 - [TEST_STEP][PASSED] - Statement - out.println("BatchQty : " + batchqty): null

2018-06-04 18:43:57 - [TEST_STEP][PASSED] - Statement - out.println("RQty : " + Rqty): null

2018-06-04 18:43:57 - [TEST_STEP][PASSED] - Statement - If (java.lang.Integer.valueOf(batchqty) >= java.lang.Integer.valueOf(Rqty)): null

2018-06-04 18:43:57 - [TEST_STEP][PASSED] - Statement - Break: null

2018-06-04 18:43:57 - [TEST_STEP][PASSED] - Statement - batchlength = new com.kms.katalon.core.testobject.TestObject(): null

2018-06-04 18:43:57 - [TEST_STEP][PASSED] - Statement - batchlength = com.kms.katalon.core.webui.keyword.WebUiBuiltInKeywords.modifyObjectProperty(batchlength, "xpath", "equals", "//*[@id = "fldvendor" + row + ""]", true): Modify property of object successfully

2018-06-04 18:43:57 - [MESSAGE][PASSED] - Modify property of object successfully

2018-06-04 18:43:57 - [TEST_STEP][PASSED] - Statement - batchsize = com.kms.katalon.core.webui.keyword.WebUiBuiltInKeywords.getNumberOfTotalOption(batchlength): 8 options of object '' counted

2018-06-04 18:43:57 - [MESSAGE][PASSED] - 8 options of object '' counted

2018-06-04 18:43:57 - [TEST_STEP][PASSED] - Statement - out.println("BatchSize : " + batchsize): null

2018-06-04 18:43:57 - [TEST_STEP][PASSED] - Statement - For ([n = 1, n <= batchsize - 1, (n++)]): null

2018-06-04 18:43:57 - [TEST_STEP][PASSED] - Statement - product = new com.kms.katalon.core.testobject.TestObject(): null

2018-06-04 18:43:57 - [TEST_STEP][PASSED] - Statement - product = com.kms.katalon.core.webui.keyword.WebUiBuiltInKeywords.modifyObjectProperty(product, "xpath", "equals", "//*[@id = "fldvendor" + row + ""]", true): Modify property of object successfully

2018-06-04 18:43:57 - [MESSAGE][PASSED] - Modify property of object successfully

2018-06-04 18:43:57 - [TEST_STEP][PASSED] - selectOptionByIndex: All options with index in [1] are selected on object ''

2018-06-04 18:43:57 - [MESSAGE][PASSED] - All options with index in [1] are selected on object ''

2018-06-04 18:43:57 - [TEST_STEP][PASSED] - delay: Delayed 2 second(s)

2018-06-04 18:43:59 - [MESSAGE][PASSED] - Delayed 2 second(s)

2018-06-04 18:43:59 - [TEST_STEP][PASSED] - Statement - batch = new com.kms.katalon.core.testobject.TestObject(): null

2018-06-04 18:43:59 - [TEST_STEP][PASSED] - Statement - batch = com.kms.katalon.core.webui.keyword.WebUiBuiltInKeywords.modifyObjectProperty(batch, "xpath", "equals", "//*[@id = "txtbthqty" + row + ""]", true): Modify property of object successfully

2018-06-04 18:43:59 - [MESSAGE][PASSED] - Modify property of object successfully

2018-06-04 18:43:59 - [TEST_STEP][PASSED] - Statement - batchqty = com.kms.katalon.core.webui.keyword.WebUiBuiltInKeywords.getAttribute(batch, "value").trim(): Attribute 'value' of object '' is: '2300'

2018-06-04 18:43:59 - [MESSAGE][PASSED] - Attribute 'value' of object '' is: '2300'

2018-06-04 18:43:59 - [TEST_STEP][PASSED] - Statement - Rqty = 100: null

2018-06-04 18:43:59 - [TEST_STEP][PASSED] - Statement - out.println("BatchQty : " + batchqty): null

2018-06-04 18:43:59 - [TEST_STEP][PASSED] - Statement - out.println("RQty : " + Rqty): null

2018-06-04 18:43:59 - [TEST_STEP][PASSED] - Statement - If (java.lang.Integer.valueOf(batchqty) >= java.lang.Integer.valueOf(Rqty)): null

2018-06-04 18:43:59 - [TEST_STEP][PASSED] - Statement - Break: null

2018-06-04 18:43:59 - [TEST_STEP][PASSED] - Statement - batchlength = new com.kms.katalon.core.testobject.TestObject(): null

2018-06-04 18:43:59 - [TEST_STEP][PASSED] - Statement - batchlength = com.kms.katalon.core.webui.keyword.WebUiBuiltInKeywords.modifyObjectProperty(batchlength, "xpath", "equals", "//*[@id = "fldvendor" + row + ""]", true): Modify property of object successfully

2018-06-04 18:43:59 - [MESSAGE][PASSED] - Modify property of object successfully

2018-06-04 18:43:59 - [TEST_STEP][PASSED] - Statement - batchsize = com.kms.katalon.core.webui.keyword.WebUiBuiltInKeywords.getNumberOfTotalOption(batchlength): 8 options of object '' counted

2018-06-04 18:43:59 - [MESSAGE][PASSED] - 8 options of object '' counted

2018-06-04 18:43:59 - [TEST_STEP][PASSED] - Statement - out.println("BatchSize : " + batchsize): null

2018-06-04 18:43:59 - [TEST_STEP][PASSED] - Statement - For ([n = 1, n <= batchsize - 1, (n++)]): null

2018-06-04 18:43:59 - [TEST_STEP][PASSED] - Statement - product = new com.kms.katalon.core.testobject.TestObject(): null

2018-06-04 18:43:59 - [TEST_STEP][PASSED] - Statement - product = com.kms.katalon.core.webui.keyword.WebUiBuiltInKeywords.modifyObjectProperty(product, "xpath", "equals", "//*[@id = "fldvendor" + row + ""]", true): Modify property of object successfully

2018-06-04 18:43:59 - [MESSAGE][PASSED] - Modify property of object successfully

2018-06-04 18:43:59 - [TEST_STEP][PASSED] - selectOptionByIndex: All options with index in [1] are selected on object ''

2018-06-04 18:44:00 - [MESSAGE][PASSED] - All options with index in [1] are selected on object ''

2018-06-04 18:44:00 - [TEST_STEP][PASSED] - delay: Delayed 2 second(s)

2018-06-04 18:44:02 - [MESSAGE][PASSED] - Delayed 2 second(s)

2018-06-04 18:44:02 - [TEST_STEP][PASSED] - Statement - batch = new com.kms.katalon.core.testobject.TestObject(): null

2018-06-04 18:44:02 - [TEST_STEP][PASSED] - Statement - batch = com.kms.katalon.core.webui.keyword.WebUiBuiltInKeywords.modifyObjectProperty(batch, "xpath", "equals", "//*[@id = "txtbthqty" + row + ""]", true): Modify property of object successfully

2018-06-04 18:44:02 - [MESSAGE][PASSED] - Modify property of object successfully

2018-06-04 18:44:02 - [TEST_STEP][PASSED] - Statement - batchqty = com.kms.katalon.core.webui.keyword.WebUiBuiltInKeywords.getAttribute(batch, "value").trim(): Attribute 'value' of object '' is: '2300'

2018-06-04 18:44:02 - [MESSAGE][PASSED] - Attribute 'value' of object '' is: '2300'

2018-06-04 18:44:02 - [TEST_STEP][PASSED] - Statement - Rqty = 100: null

2018-06-04 18:44:02 - [TEST_STEP][PASSED] - Statement - out.println("BatchQty : " + batchqty): null

2018-06-04 18:44:02 - [TEST_STEP][PASSED] - Statement - out.println("RQty : " + Rqty): null

2018-06-04 18:44:02 - [TEST_STEP][PASSED] - Statement - If (java.lang.Integer.valueOf(batchqty) >= java.lang.Integer.valueOf(Rqty)): null

2018-06-04 18:44:02 - [TEST_STEP][PASSED] - Statement - Break: null

2018-06-04 18:44:02 - [TEST_STEP][PASSED] - Statement - batchlength = new com.kms.katalon.core.testobject.TestObject(): null

2018-06-04 18:44:02 - [TEST_STEP][PASSED] - Statement - batchlength = com.kms.katalon.core.webui.keyword.WebUiBuiltInKeywords.modifyObjectProperty(batchlength, "xpath", "equals", "//*[@id = "fldvendor" + row + ""]", true): Modify property of object successfully

2018-06-04 18:44:02 - [MESSAGE][PASSED] - Modify property of object successfully

2018-06-04 18:44:02 - [TEST_STEP][PASSED] - Statement - batchsize = com.kms.katalon.core.webui.keyword.WebUiBuiltInKeywords.getNumberOfTotalOption(batchlength): 8 options of object '' counted

2018-06-04 18:44:02 - [MESSAGE][PASSED] - 8 options of object '' counted

2018-06-04 18:44:02 - [TEST_STEP][PASSED] - Statement - out.println("BatchSize : " + batchsize): null

2018-06-04 18:44:02 - [TEST_STEP][PASSED] - Statement - For ([n = 1, n <= batchsize - 1, (n++)]): null

2018-06-04 18:44:02 - [TEST_STEP][PASSED] - Statement - product = new com.kms.katalon.core.testobject.TestObject(): null

2018-06-04 18:44:02 - [TEST_STEP][PASSED] - Statement - product = com.kms.katalon.core.webui.keyword.WebUiBuiltInKeywords.modifyObjectProperty(product, "xpath", "equals", "//*[@id = "fldvendor" + row + ""]", true): Modify property of object successfully

2018-06-04 18:44:02 - [MESSAGE][PASSED] - Modify property of object successfully

2018-06-04 18:44:02 - [TEST_STEP][PASSED] - selectOptionByIndex: All options with index in [1] are selected on object ''

2018-06-04 18:44:02 - [MESSAGE][PASSED] - All options with index in [1] are selected on object ''

2018-06-04 18:44:02 - [TEST_STEP][PASSED] - delay: Delayed 2 second(s)

2018-06-04 18:44:04 - [MESSAGE][PASSED] - Delayed 2 second(s)

2018-06-04 18:44:04 - [TEST_STEP][PASSED] - Statement - batch = new com.kms.katalon.core.testobject.TestObject(): null

2018-06-04 18:44:04 - [TEST_STEP][PASSED] - Statement - batch = com.kms.katalon.core.webui.keyword.WebUiBuiltInKeywords.modifyObjectProperty(batch, "xpath", "equals", "//*[@id = "txtbthqty" + row + ""]", true): Modify property of object successfully

2018-06-04 18:44:04 - [MESSAGE][PASSED] - Modify property of object successfully

2018-06-04 18:44:04 - [TEST_STEP][PASSED] - Statement - batchqty = com.kms.katalon.core.webui.keyword.WebUiBuiltInKeywords.getAttribute(batch, "value").trim(): Attribute 'value' of object '' is: '3300'

2018-06-04 18:44:04 - [MESSAGE][PASSED] - Attribute 'value' of object '' is: '3300'

2018-06-04 18:44:04 - [TEST_STEP][PASSED] - Statement - Rqty = 100: null

2018-06-04 18:44:04 - [TEST_STEP][PASSED] - Statement - out.println("BatchQty : " + batchqty): null

2018-06-04 18:44:04 - [TEST_STEP][PASSED] - Statement - out.println("RQty : " + Rqty): null

2018-06-04 18:44:04 - [TEST_STEP][PASSED] - Statement - If (java.lang.Integer.valueOf(batchqty) >= java.lang.Integer.valueOf(Rqty)): null

2018-06-04 18:44:04 - [TEST_STEP][PASSED] - Statement - Break: null

2018-06-04 18:44:04 - [TEST_STEP][PASSED] - click: Object: 'Object Repository/store Request Schedule 1/Page_KDMC - CMS/input_btndispatch' is clicked on

2018-06-04 18:44:05 - [MESSAGE][PASSED] - Object: 'Object Repository/store Request Schedule 1/Page_KDMC - CMS/input_btndispatch' is clicked on

2018-06-04 18:44:05 - [TEST_STEP][PASSED] - waitForElementVisible: Object 'Object Repository/store Request Schedule 1/Page_KDMC - CMS/button_OK' is visible

2018-06-04 18:44:08 - [MESSAGE][PASSED] - Object 'Object Repository/store Request Schedule 1/Page_KDMC - CMS/button_OK' is visible

2018-06-04 18:44:08 - [TEST_STEP][PASSED] - click: Object: 'Object Repository/store Request Schedule 1/Page_KDMC - CMS/button_OK' is clicked on

2018-06-04 18:44:09 - [MESSAGE][PASSED] - Object: 'Object Repository/store Request Schedule 1/Page_KDMC - CMS/button_OK' is clicked on

2018-06-04 18:44:09 - [TEST_STEP][PASSED] - delay: Delayed 3 second(s)

2018-06-04 18:44:12 - [MESSAGE][PASSED] - Delayed 3 second(s)

2018-06-04 18:44:12 - [TEST_STEP][PASSED] - click: Object: 'Object Repository/store Request Schedule 1/Page_KDMC - CMS/a_dropdown-toggle' is clicked on

2018-06-04 18:44:12 - [MESSAGE][PASSED] - Object: 'Object Repository/store Request Schedule 1/Page_KDMC - CMS/a_dropdown-toggle' is clicked on

2018-06-04 18:44:12 - [TEST_STEP][PASSED] - click: Object: 'Object Repository/store Request Schedule 1/Page_KDMC - CMS/a_Sign out' is clicked on

2018-06-04 18:44:13 - [MESSAGE][PASSED] - Object: 'Object Repository/store Request Schedule 1/Page_KDMC - CMS/a_Sign out' is clicked on

2018-06-04 18:44:13 - [TEST_STEP][PASSED] - delay: Delayed 3 second(s)

2018-06-04 18:44:16 - [MESSAGE][PASSED] - Delayed 3 second(s)

2018-06-04 18:44:16 - [TEST_STEP][PASSED] - click: Object: 'Object Repository/Store Request Schedule 1/Page_KDMC/a_Divisional Store' is clicked on

2018-06-04 18:44:17 - [MESSAGE][PASSED] - Object: 'Object Repository/Store Request Schedule 1/Page_KDMC/a_Divisional Store' is clicked on

2018-06-04 18:44:17 - [TEST_STEP][PASSED] - setText: Text 'ragu' is set on object 'Object Repository/Store Request Schedule 1/Page_Divisonal Store Login/input_txtusername'

2018-06-04 18:44:17 - [MESSAGE][PASSED] - Text 'ragu' is set on object 'Object Repository/Store Request Schedule 1/Page_Divisonal Store Login/input_txtusername'

2018-06-04 18:44:17 - [TEST_STEP][PASSED] - setText: Text '123' is set on object 'Object Repository/Store Request Schedule 1/Page_Divisonal Store Login/input_txtpassword'

2018-06-04 18:44:17 - [MESSAGE][PASSED] - Text '123' is set on object 'Object Repository/Store Request Schedule 1/Page_Divisonal Store Login/input_txtpassword'

2018-06-04 18:44:17 - [TEST_STEP][PASSED] - delay: Delayed 3 second(s)

2018-06-04 18:44:20 - [MESSAGE][PASSED] - Delayed 3 second(s)

2018-06-04 18:44:20 - [TEST_STEP][PASSED] - click: Object: 'Object Repository/Store Request Schedule 1/Page_Divisonal Store Login/button_Sign in' is clicked on

2018-06-04 18:44:21 - [MESSAGE][PASSED] - Object: 'Object Repository/Store Request Schedule 1/Page_Divisonal Store Login/button_Sign in' is clicked on

2018-06-04 18:44:21 - [TEST_STEP][PASSED] - delay: Delayed 3 second(s)

2018-06-04 18:44:24 - [MESSAGE][PASSED] - Delayed 3 second(s)

2018-06-04 18:44:24 - [TEST_STEP][PASSED] - click: Object: 'Object Repository/Store Request Schedule 1/Page_Store/a_CMS' is clicked on

2018-06-04 18:44:25 - [MESSAGE][PASSED] - Object: 'Object Repository/Store Request Schedule 1/Page_Store/a_CMS' is clicked on

2018-06-04 18:44:25 - [TEST_STEP][PASSED] - delay: Delayed 2 second(s)

2018-06-04 18:44:27 - [MESSAGE][PASSED] - Delayed 2 second(s)

2018-06-04 18:44:27 - [TEST_STEP][PASSED] - click: Object: 'Object Repository/Store Request Schedule 1/Page_Store/a_Receiving Goods' is clicked on

2018-06-04 18:44:28 - [MESSAGE][PASSED] - Object: 'Object Repository/Store Request Schedule 1/Page_Store/a_Receiving Goods' is clicked on

2018-06-04 18:44:28 - [TEST_STEP][PASSED] - setText: Text 'PRNO/04062018/590' is set on object 'Object Repository/Store Request Schedule 1/Page_Store/input'

2018-06-04 18:44:28 - [MESSAGE][PASSED] - Text 'PRNO/04062018/590' is set on object 'Object Repository/Store Request Schedule 1/Page_Store/input'

2018-06-04 18:44:28 - [TEST_STEP][PASSED] - click: Object: 'Object Repository/Store Request Schedule 1/Page_Store/input_btn btn-primary' is clicked on

2018-06-04 18:44:28 - [MESSAGE][PASSED] - Object: 'Object Repository/Store Request Schedule 1/Page_Store/input_btn btn-primary' is clicked on

2018-06-04 18:44:28 - [TEST_STEP][PASSED] - delay: Delayed 2 second(s)

2018-06-04 18:44:30 - [MESSAGE][PASSED] - Delayed 2 second(s)

2018-06-04 18:44:30 - [TEST_STEP][PASSED] - click: Object: 'Object Repository/Store Request Schedule 1/Page_Store/input_chkrem' is clicked on

2018-06-04 18:44:30 - [MESSAGE][PASSED] - Object: 'Object Repository/Store Request Schedule 1/Page_Store/input_chkrem' is clicked on

2018-06-04 18:44:30 - [TEST_STEP][PASSED] - scrollToElement: Scroll to object 'Object Repository/Store Request Schedule 1/Page_Store/input_btchkroqadd' successfully

2018-06-04 18:44:30 - [MESSAGE][PASSED] - Scroll to object 'Object Repository/Store Request Schedule 1/Page_Store/input_btchkroqadd' successfully

2018-06-04 18:44:30 - [TEST_STEP][PASSED] - click: Object: 'Object Repository/Store Request Schedule 1/Page_Store/input_btchkroqadd' is clicked on

2018-06-04 18:44:30 - [MESSAGE][PASSED] - Object: 'Object Repository/Store Request Schedule 1/Page_Store/input_btchkroqadd' is clicked on

2018-06-04 18:44:30 - [TEST_STEP][PASSED] - delay: Delayed 2 second(s)

2018-06-04 18:44:32 - [MESSAGE][PASSED] - Delayed 2 second(s)

2018-06-04 18:44:32 - [TEST_STEP][PASSED] - refresh: Refresh successfully

2018-06-04 18:44:33 - [MESSAGE][PASSED] - Refresh successfully

2018-06-04 18:44:33 - [TEST_STEP][PASSED] - delay: Delayed 3 second(s)

2018-06-04 18:44:36 - [MESSAGE][PASSED] - Delayed 3 second(s)

2018-06-04 18:44:36 - [TEST_STEP][PASSED] - click: Object: 'Object Repository/Store Request Schedule 1/Page_Store/a_dropdown-toggle' is clicked on

2018-06-04 18:44:36 - [MESSAGE][PASSED] - Object: 'Object Repository/Store Request Schedule 1/Page_Store/a_dropdown-toggle' is clicked on

2018-06-04 18:44:36 - [TEST_STEP][PASSED] - click: Object: 'Object Repository/Store Request Schedule 1/Page_Store/a_Sign out' is clicked on

2018-06-04 18:44:37 - [MESSAGE][PASSED] - Object: 'Object Repository/Store Request Schedule 1/Page_Store/a_Sign out' is clicked on

2018-06-04 18:44:37 - [TEST_STEP][PASSED] - closeBrowser: Browser is closed

2018-06-04 18:44:38 - [MESSAGE][PASSED] - Browser is closed

2018-06-04 18:44:38 - [TEST_STEP][PASSED] - Statement - out.println("Schedule 1 Store Request Are Working Successfully"): null]]></system-out>
         <system-err><![CDATA[]]></system-err>
      </testcase>
      <testcase name="Test Cases/STORE TO CMS REQUEST TEST CASES/TC_STCMS_003 To Verify Schedule 3 Store To CMS Request Are Working Successfully Or Not" classname="Test Cases/STORE TO CMS REQUEST TEST CASES/TC_STCMS_003 To Verify Schedule 3 Store To CMS Request Are Working Successfully Or Not" status="PASSED">
         <system-out><![CDATA[2018-06-04 18:44:38 - [TEST_CASE][PASSED] - Test Cases/STORE TO CMS REQUEST TEST CASES/TC_STCMS_003 To Verify Schedule 3 Store To CMS Request Are Working Successfully Or Not: Test Cases/STORE TO CMS REQUEST TEST CASES/TC_STCMS_003 To Verify Schedule 3 Store To CMS Request Are Working Successfully Or Not

2018-06-04 18:44:38 - [TEST_STEP][PASSED] - openBrowser: Browser is opened with url: ''

2018-06-04 18:44:41 - [MESSAGE][PASSED] - Browser is opened with url: ''

2018-06-04 18:44:41 - [TEST_STEP][PASSED] - Statement - out.println("Verify Schedule 3 Store Request Are Working Successfully Or Not"): null

2018-06-04 18:44:41 - [TEST_STEP][PASSED] - navigateToUrl: Navigate to 'http://192.168.137.1/multihospital_new/' successfully

2018-06-04 18:44:42 - [MESSAGE][PASSED] - Navigate to 'http://192.168.137.1/multihospital_new/' successfully

2018-06-04 18:44:42 - [TEST_STEP][PASSED] - maximizeWindow: Current window maximized

2018-06-04 18:44:43 - [MESSAGE][PASSED] - Current window maximized

2018-06-04 18:44:43 - [TEST_STEP][PASSED] - click: Object: 'Object Repository/Store Request Schedule 1/Page_KDMC/a_Divisional Store' is clicked on

2018-06-04 18:44:44 - [MESSAGE][PASSED] - Object: 'Object Repository/Store Request Schedule 1/Page_KDMC/a_Divisional Store' is clicked on

2018-06-04 18:44:44 - [TEST_STEP][PASSED] - setText: Text 'ragu' is set on object 'Object Repository/Store Request Schedule 1/Page_Divisonal Store Login/input_txtusername'

2018-06-04 18:44:44 - [MESSAGE][PASSED] - Text 'ragu' is set on object 'Object Repository/Store Request Schedule 1/Page_Divisonal Store Login/input_txtusername'

2018-06-04 18:44:44 - [TEST_STEP][PASSED] - setText: Text '123' is set on object 'Object Repository/Store Request Schedule 1/Page_Divisonal Store Login/input_txtpassword'

2018-06-04 18:44:44 - [MESSAGE][PASSED] - Text '123' is set on object 'Object Repository/Store Request Schedule 1/Page_Divisonal Store Login/input_txtpassword'

2018-06-04 18:44:44 - [TEST_STEP][PASSED] - delay: Delayed 3 second(s)

2018-06-04 18:44:47 - [MESSAGE][PASSED] - Delayed 3 second(s)

2018-06-04 18:44:47 - [TEST_STEP][PASSED] - click: Object: 'Object Repository/Store Request Schedule 1/Page_Divisonal Store Login/button_Sign in' is clicked on

2018-06-04 18:44:49 - [MESSAGE][PASSED] - Object: 'Object Repository/Store Request Schedule 1/Page_Divisonal Store Login/button_Sign in' is clicked on

2018-06-04 18:44:49 - [TEST_STEP][PASSED] - delay: Delayed 3 second(s)

2018-06-04 18:44:52 - [MESSAGE][PASSED] - Delayed 3 second(s)

2018-06-04 18:44:52 - [TEST_STEP][PASSED] - click: Object: 'Object Repository/Store Request Schedule 1/Page_Store/a_CMS' is clicked on

2018-06-04 18:44:52 - [MESSAGE][PASSED] - Object: 'Object Repository/Store Request Schedule 1/Page_Store/a_CMS' is clicked on

2018-06-04 18:44:52 - [TEST_STEP][PASSED] - delay: Delayed 2 second(s)

2018-06-04 18:44:54 - [MESSAGE][PASSED] - Delayed 2 second(s)

2018-06-04 18:44:54 - [TEST_STEP][PASSED] - click: Object: 'Object Repository/Store Request Schedule 1/Page_Store/a_Request Send' is clicked on

2018-06-04 18:44:55 - [MESSAGE][PASSED] - Object: 'Object Repository/Store Request Schedule 1/Page_Store/a_Request Send' is clicked on

2018-06-04 18:44:55 - [TEST_STEP][PASSED] - selectOptionByIndex: All options with index in [1] are selected on object 'Object Repository/Store Request Schedule 1/Page_Store/select_--Select--'

2018-06-04 18:44:55 - [MESSAGE][PASSED] - All options with index in [1] are selected on object 'Object Repository/Store Request Schedule 1/Page_Store/select_--Select--'

2018-06-04 18:44:55 - [TEST_STEP][PASSED] - selectOptionByIndex: All options with index in [3] are selected on object 'Object Repository/Store Request Schedule 1/Page_Store/select_--Select--Schedule 1Inj'

2018-06-04 18:44:56 - [MESSAGE][PASSED] - All options with index in [3] are selected on object 'Object Repository/Store Request Schedule 1/Page_Store/select_--Select--Schedule 1Inj'

2018-06-04 18:44:56 - [TEST_STEP][PASSED] - Statement - SelectedOptions = com.kms.katalon.core.webui.keyword.WebUiBuiltInKeywords.getNumberOfTotalOption(com.kms.katalon.core.testobject.ObjectRepository.findTestObject(Store Request Schedule 1/Page_Store/select_--Select--Adernaline 0.)): 37 options of object 'Object Repository/Store Request Schedule 1/Page_Store/select_--Select--Adernaline 0.' counted

2018-06-04 18:44:56 - [MESSAGE][PASSED] - 37 options of object 'Object Repository/Store Request Schedule 1/Page_Store/select_--Select--Adernaline 0.' counted

2018-06-04 18:44:56 - [TEST_STEP][PASSED] - Statement - For ([y = 1, y < SelectedOptions, (y++)]): Object: 'Object Repository/Store Request Schedule 1/Page_Store/button_Add' is clicked on

2018-06-04 18:44:56 - [TEST_STEP][PASSED] - selectOptionByIndex: All options with index in [3] are selected on object 'Object Repository/Store Request Schedule 1/Page_Store/select_--Select--Schedule 1Inj'

2018-06-04 18:44:56 - [MESSAGE][PASSED] - All options with index in [3] are selected on object 'Object Repository/Store Request Schedule 1/Page_Store/select_--Select--Schedule 1Inj'

2018-06-04 18:44:56 - [TEST_STEP][PASSED] - delay: Delayed 1 second(s)

2018-06-04 18:44:57 - [MESSAGE][PASSED] - Delayed 1 second(s)

2018-06-04 18:44:57 - [TEST_STEP][PASSED] - selectOptionByIndex: All options with index in [1] are selected on object 'Object Repository/Store Request Schedule 1/Page_Store/select_--Select--Adernaline 0.'

2018-06-04 18:44:57 - [MESSAGE][PASSED] - All options with index in [1] are selected on object 'Object Repository/Store Request Schedule 1/Page_Store/select_--Select--Adernaline 0.'

2018-06-04 18:44:57 - [TEST_STEP][PASSED] - setText: Text '100' is set on object 'Object Repository/Store Request Schedule 1/Page_Store/input_txttreat'

2018-06-04 18:44:57 - [MESSAGE][PASSED] - Text '100' is set on object 'Object Repository/Store Request Schedule 1/Page_Store/input_txttreat'

2018-06-04 18:44:57 - [TEST_STEP][PASSED] - click: Object: 'Object Repository/Store Request Schedule 1/Page_Store/button_Add' is clicked on

2018-06-04 18:44:57 - [MESSAGE][PASSED] - Object: 'Object Repository/Store Request Schedule 1/Page_Store/button_Add' is clicked on

2018-06-04 18:44:57 - [TEST_STEP][PASSED] - selectOptionByIndex: All options with index in [3] are selected on object 'Object Repository/Store Request Schedule 1/Page_Store/select_--Select--Schedule 1Inj'

2018-06-04 18:44:57 - [MESSAGE][PASSED] - All options with index in [3] are selected on object 'Object Repository/Store Request Schedule 1/Page_Store/select_--Select--Schedule 1Inj'

2018-06-04 18:44:57 - [TEST_STEP][PASSED] - delay: Delayed 1 second(s)

2018-06-04 18:44:58 - [MESSAGE][PASSED] - Delayed 1 second(s)

2018-06-04 18:44:58 - [TEST_STEP][PASSED] - selectOptionByIndex: All options with index in [2] are selected on object 'Object Repository/Store Request Schedule 1/Page_Store/select_--Select--Adernaline 0.'

2018-06-04 18:44:58 - [MESSAGE][PASSED] - All options with index in [2] are selected on object 'Object Repository/Store Request Schedule 1/Page_Store/select_--Select--Adernaline 0.'

2018-06-04 18:44:58 - [TEST_STEP][PASSED] - setText: Text '100' is set on object 'Object Repository/Store Request Schedule 1/Page_Store/input_txttreat'

2018-06-04 18:44:59 - [MESSAGE][PASSED] - Text '100' is set on object 'Object Repository/Store Request Schedule 1/Page_Store/input_txttreat'

2018-06-04 18:44:59 - [TEST_STEP][PASSED] - click: Object: 'Object Repository/Store Request Schedule 1/Page_Store/button_Add' is clicked on

2018-06-04 18:44:59 - [MESSAGE][PASSED] - Object: 'Object Repository/Store Request Schedule 1/Page_Store/button_Add' is clicked on

2018-06-04 18:44:59 - [TEST_STEP][PASSED] - selectOptionByIndex: All options with index in [3] are selected on object 'Object Repository/Store Request Schedule 1/Page_Store/select_--Select--Schedule 1Inj'

2018-06-04 18:44:59 - [MESSAGE][PASSED] - All options with index in [3] are selected on object 'Object Repository/Store Request Schedule 1/Page_Store/select_--Select--Schedule 1Inj'

2018-06-04 18:44:59 - [TEST_STEP][PASSED] - delay: Delayed 1 second(s)

2018-06-04 18:45:00 - [MESSAGE][PASSED] - Delayed 1 second(s)

2018-06-04 18:45:00 - [TEST_STEP][PASSED] - selectOptionByIndex: All options with index in [3] are selected on object 'Object Repository/Store Request Schedule 1/Page_Store/select_--Select--Adernaline 0.'

2018-06-04 18:45:00 - [MESSAGE][PASSED] - All options with index in [3] are selected on object 'Object Repository/Store Request Schedule 1/Page_Store/select_--Select--Adernaline 0.'

2018-06-04 18:45:00 - [TEST_STEP][PASSED] - setText: Text '100' is set on object 'Object Repository/Store Request Schedule 1/Page_Store/input_txttreat'

2018-06-04 18:45:00 - [MESSAGE][PASSED] - Text '100' is set on object 'Object Repository/Store Request Schedule 1/Page_Store/input_txttreat'

2018-06-04 18:45:00 - [TEST_STEP][PASSED] - click: Object: 'Object Repository/Store Request Schedule 1/Page_Store/button_Add' is clicked on

2018-06-04 18:45:00 - [MESSAGE][PASSED] - Object: 'Object Repository/Store Request Schedule 1/Page_Store/button_Add' is clicked on

2018-06-04 18:45:00 - [TEST_STEP][PASSED] - selectOptionByIndex: All options with index in [3] are selected on object 'Object Repository/Store Request Schedule 1/Page_Store/select_--Select--Schedule 1Inj'

2018-06-04 18:45:00 - [MESSAGE][PASSED] - All options with index in [3] are selected on object 'Object Repository/Store Request Schedule 1/Page_Store/select_--Select--Schedule 1Inj'

2018-06-04 18:45:00 - [TEST_STEP][PASSED] - delay: Delayed 1 second(s)

2018-06-04 18:45:01 - [MESSAGE][PASSED] - Delayed 1 second(s)

2018-06-04 18:45:01 - [TEST_STEP][PASSED] - selectOptionByIndex: All options with index in [4] are selected on object 'Object Repository/Store Request Schedule 1/Page_Store/select_--Select--Adernaline 0.'

2018-06-04 18:45:01 - [MESSAGE][PASSED] - All options with index in [4] are selected on object 'Object Repository/Store Request Schedule 1/Page_Store/select_--Select--Adernaline 0.'

2018-06-04 18:45:01 - [TEST_STEP][PASSED] - setText: Text '100' is set on object 'Object Repository/Store Request Schedule 1/Page_Store/input_txttreat'

2018-06-04 18:45:01 - [MESSAGE][PASSED] - Text '100' is set on object 'Object Repository/Store Request Schedule 1/Page_Store/input_txttreat'

2018-06-04 18:45:01 - [TEST_STEP][PASSED] - click: Object: 'Object Repository/Store Request Schedule 1/Page_Store/button_Add' is clicked on

2018-06-04 18:45:02 - [MESSAGE][PASSED] - Object: 'Object Repository/Store Request Schedule 1/Page_Store/button_Add' is clicked on

2018-06-04 18:45:02 - [TEST_STEP][PASSED] - selectOptionByIndex: All options with index in [3] are selected on object 'Object Repository/Store Request Schedule 1/Page_Store/select_--Select--Schedule 1Inj'

2018-06-04 18:45:02 - [MESSAGE][PASSED] - All options with index in [3] are selected on object 'Object Repository/Store Request Schedule 1/Page_Store/select_--Select--Schedule 1Inj'

2018-06-04 18:45:02 - [TEST_STEP][PASSED] - delay: Delayed 1 second(s)

2018-06-04 18:45:03 - [MESSAGE][PASSED] - Delayed 1 second(s)

2018-06-04 18:45:03 - [TEST_STEP][PASSED] - selectOptionByIndex: All options with index in [5] are selected on object 'Object Repository/Store Request Schedule 1/Page_Store/select_--Select--Adernaline 0.'

2018-06-04 18:45:03 - [MESSAGE][PASSED] - All options with index in [5] are selected on object 'Object Repository/Store Request Schedule 1/Page_Store/select_--Select--Adernaline 0.'

2018-06-04 18:45:03 - [TEST_STEP][PASSED] - setText: Text '100' is set on object 'Object Repository/Store Request Schedule 1/Page_Store/input_txttreat'

2018-06-04 18:45:03 - [MESSAGE][PASSED] - Text '100' is set on object 'Object Repository/Store Request Schedule 1/Page_Store/input_txttreat'

2018-06-04 18:45:03 - [TEST_STEP][PASSED] - click: Object: 'Object Repository/Store Request Schedule 1/Page_Store/button_Add' is clicked on

2018-06-04 18:45:03 - [MESSAGE][PASSED] - Object: 'Object Repository/Store Request Schedule 1/Page_Store/button_Add' is clicked on

2018-06-04 18:45:03 - [TEST_STEP][PASSED] - selectOptionByIndex: All options with index in [3] are selected on object 'Object Repository/Store Request Schedule 1/Page_Store/select_--Select--Schedule 1Inj'

2018-06-04 18:45:03 - [MESSAGE][PASSED] - All options with index in [3] are selected on object 'Object Repository/Store Request Schedule 1/Page_Store/select_--Select--Schedule 1Inj'

2018-06-04 18:45:03 - [TEST_STEP][PASSED] - delay: Delayed 1 second(s)

2018-06-04 18:45:04 - [MESSAGE][PASSED] - Delayed 1 second(s)

2018-06-04 18:45:04 - [TEST_STEP][PASSED] - selectOptionByIndex: All options with index in [6] are selected on object 'Object Repository/Store Request Schedule 1/Page_Store/select_--Select--Adernaline 0.'

2018-06-04 18:45:04 - [MESSAGE][PASSED] - All options with index in [6] are selected on object 'Object Repository/Store Request Schedule 1/Page_Store/select_--Select--Adernaline 0.'

2018-06-04 18:45:04 - [TEST_STEP][PASSED] - setText: Text '100' is set on object 'Object Repository/Store Request Schedule 1/Page_Store/input_txttreat'

2018-06-04 18:45:04 - [MESSAGE][PASSED] - Text '100' is set on object 'Object Repository/Store Request Schedule 1/Page_Store/input_txttreat'

2018-06-04 18:45:04 - [TEST_STEP][PASSED] - click: Object: 'Object Repository/Store Request Schedule 1/Page_Store/button_Add' is clicked on

2018-06-04 18:45:05 - [MESSAGE][PASSED] - Object: 'Object Repository/Store Request Schedule 1/Page_Store/button_Add' is clicked on

2018-06-04 18:45:05 - [TEST_STEP][PASSED] - selectOptionByIndex: All options with index in [3] are selected on object 'Object Repository/Store Request Schedule 1/Page_Store/select_--Select--Schedule 1Inj'

2018-06-04 18:45:05 - [MESSAGE][PASSED] - All options with index in [3] are selected on object 'Object Repository/Store Request Schedule 1/Page_Store/select_--Select--Schedule 1Inj'

2018-06-04 18:45:05 - [TEST_STEP][PASSED] - delay: Delayed 1 second(s)

2018-06-04 18:45:06 - [MESSAGE][PASSED] - Delayed 1 second(s)

2018-06-04 18:45:06 - [TEST_STEP][PASSED] - selectOptionByIndex: All options with index in [7] are selected on object 'Object Repository/Store Request Schedule 1/Page_Store/select_--Select--Adernaline 0.'

2018-06-04 18:45:06 - [MESSAGE][PASSED] - All options with index in [7] are selected on object 'Object Repository/Store Request Schedule 1/Page_Store/select_--Select--Adernaline 0.'

2018-06-04 18:45:06 - [TEST_STEP][PASSED] - setText: Text '100' is set on object 'Object Repository/Store Request Schedule 1/Page_Store/input_txttreat'

2018-06-04 18:45:06 - [MESSAGE][PASSED] - Text '100' is set on object 'Object Repository/Store Request Schedule 1/Page_Store/input_txttreat'

2018-06-04 18:45:06 - [TEST_STEP][PASSED] - click: Object: 'Object Repository/Store Request Schedule 1/Page_Store/button_Add' is clicked on

2018-06-04 18:45:06 - [MESSAGE][PASSED] - Object: 'Object Repository/Store Request Schedule 1/Page_Store/button_Add' is clicked on

2018-06-04 18:45:06 - [TEST_STEP][PASSED] - selectOptionByIndex: All options with index in [3] are selected on object 'Object Repository/Store Request Schedule 1/Page_Store/select_--Select--Schedule 1Inj'

2018-06-04 18:45:06 - [MESSAGE][PASSED] - All options with index in [3] are selected on object 'Object Repository/Store Request Schedule 1/Page_Store/select_--Select--Schedule 1Inj'

2018-06-04 18:45:06 - [TEST_STEP][PASSED] - delay: Delayed 1 second(s)

2018-06-04 18:45:07 - [MESSAGE][PASSED] - Delayed 1 second(s)

2018-06-04 18:45:07 - [TEST_STEP][PASSED] - selectOptionByIndex: All options with index in [8] are selected on object 'Object Repository/Store Request Schedule 1/Page_Store/select_--Select--Adernaline 0.'

2018-06-04 18:45:07 - [MESSAGE][PASSED] - All options with index in [8] are selected on object 'Object Repository/Store Request Schedule 1/Page_Store/select_--Select--Adernaline 0.'

2018-06-04 18:45:07 - [TEST_STEP][PASSED] - setText: Text '100' is set on object 'Object Repository/Store Request Schedule 1/Page_Store/input_txttreat'

2018-06-04 18:45:07 - [MESSAGE][PASSED] - Text '100' is set on object 'Object Repository/Store Request Schedule 1/Page_Store/input_txttreat'

2018-06-04 18:45:07 - [TEST_STEP][PASSED] - click: Object: 'Object Repository/Store Request Schedule 1/Page_Store/button_Add' is clicked on

2018-06-04 18:45:08 - [MESSAGE][PASSED] - Object: 'Object Repository/Store Request Schedule 1/Page_Store/button_Add' is clicked on

2018-06-04 18:45:08 - [TEST_STEP][PASSED] - selectOptionByIndex: All options with index in [3] are selected on object 'Object Repository/Store Request Schedule 1/Page_Store/select_--Select--Schedule 1Inj'

2018-06-04 18:45:08 - [MESSAGE][PASSED] - All options with index in [3] are selected on object 'Object Repository/Store Request Schedule 1/Page_Store/select_--Select--Schedule 1Inj'

2018-06-04 18:45:08 - [TEST_STEP][PASSED] - delay: Delayed 1 second(s)

2018-06-04 18:45:09 - [MESSAGE][PASSED] - Delayed 1 second(s)

2018-06-04 18:45:09 - [TEST_STEP][PASSED] - selectOptionByIndex: All options with index in [9] are selected on object 'Object Repository/Store Request Schedule 1/Page_Store/select_--Select--Adernaline 0.'

2018-06-04 18:45:09 - [MESSAGE][PASSED] - All options with index in [9] are selected on object 'Object Repository/Store Request Schedule 1/Page_Store/select_--Select--Adernaline 0.'

2018-06-04 18:45:09 - [TEST_STEP][PASSED] - setText: Text '100' is set on object 'Object Repository/Store Request Schedule 1/Page_Store/input_txttreat'

2018-06-04 18:45:09 - [MESSAGE][PASSED] - Text '100' is set on object 'Object Repository/Store Request Schedule 1/Page_Store/input_txttreat'

2018-06-04 18:45:09 - [TEST_STEP][PASSED] - click: Object: 'Object Repository/Store Request Schedule 1/Page_Store/button_Add' is clicked on

2018-06-04 18:45:09 - [MESSAGE][PASSED] - Object: 'Object Repository/Store Request Schedule 1/Page_Store/button_Add' is clicked on

2018-06-04 18:45:09 - [TEST_STEP][PASSED] - selectOptionByIndex: All options with index in [3] are selected on object 'Object Repository/Store Request Schedule 1/Page_Store/select_--Select--Schedule 1Inj'

2018-06-04 18:45:09 - [MESSAGE][PASSED] - All options with index in [3] are selected on object 'Object Repository/Store Request Schedule 1/Page_Store/select_--Select--Schedule 1Inj'

2018-06-04 18:45:09 - [TEST_STEP][PASSED] - delay: Delayed 1 second(s)

2018-06-04 18:45:10 - [MESSAGE][PASSED] - Delayed 1 second(s)

2018-06-04 18:45:10 - [TEST_STEP][PASSED] - selectOptionByIndex: All options with index in [10] are selected on object 'Object Repository/Store Request Schedule 1/Page_Store/select_--Select--Adernaline 0.'

2018-06-04 18:45:10 - [MESSAGE][PASSED] - All options with index in [10] are selected on object 'Object Repository/Store Request Schedule 1/Page_Store/select_--Select--Adernaline 0.'

2018-06-04 18:45:10 - [TEST_STEP][PASSED] - setText: Text '100' is set on object 'Object Repository/Store Request Schedule 1/Page_Store/input_txttreat'

2018-06-04 18:45:11 - [MESSAGE][PASSED] - Text '100' is set on object 'Object Repository/Store Request Schedule 1/Page_Store/input_txttreat'

2018-06-04 18:45:11 - [TEST_STEP][PASSED] - click: Object: 'Object Repository/Store Request Schedule 1/Page_Store/button_Add' is clicked on

2018-06-04 18:45:11 - [MESSAGE][PASSED] - Object: 'Object Repository/Store Request Schedule 1/Page_Store/button_Add' is clicked on

2018-06-04 18:45:11 - [TEST_STEP][PASSED] - selectOptionByIndex: All options with index in [3] are selected on object 'Object Repository/Store Request Schedule 1/Page_Store/select_--Select--Schedule 1Inj'

2018-06-04 18:45:11 - [MESSAGE][PASSED] - All options with index in [3] are selected on object 'Object Repository/Store Request Schedule 1/Page_Store/select_--Select--Schedule 1Inj'

2018-06-04 18:45:11 - [TEST_STEP][PASSED] - delay: Delayed 1 second(s)

2018-06-04 18:45:12 - [MESSAGE][PASSED] - Delayed 1 second(s)

2018-06-04 18:45:12 - [TEST_STEP][PASSED] - selectOptionByIndex: All options with index in [11] are selected on object 'Object Repository/Store Request Schedule 1/Page_Store/select_--Select--Adernaline 0.'

2018-06-04 18:45:12 - [MESSAGE][PASSED] - All options with index in [11] are selected on object 'Object Repository/Store Request Schedule 1/Page_Store/select_--Select--Adernaline 0.'

2018-06-04 18:45:12 - [TEST_STEP][PASSED] - setText: Text '100' is set on object 'Object Repository/Store Request Schedule 1/Page_Store/input_txttreat'

2018-06-04 18:45:12 - [MESSAGE][PASSED] - Text '100' is set on object 'Object Repository/Store Request Schedule 1/Page_Store/input_txttreat'

2018-06-04 18:45:12 - [TEST_STEP][PASSED] - click: Object: 'Object Repository/Store Request Schedule 1/Page_Store/button_Add' is clicked on

2018-06-04 18:45:12 - [MESSAGE][PASSED] - Object: 'Object Repository/Store Request Schedule 1/Page_Store/button_Add' is clicked on

2018-06-04 18:45:12 - [TEST_STEP][PASSED] - selectOptionByIndex: All options with index in [3] are selected on object 'Object Repository/Store Request Schedule 1/Page_Store/select_--Select--Schedule 1Inj'

2018-06-04 18:45:12 - [MESSAGE][PASSED] - All options with index in [3] are selected on object 'Object Repository/Store Request Schedule 1/Page_Store/select_--Select--Schedule 1Inj'

2018-06-04 18:45:12 - [TEST_STEP][PASSED] - delay: Delayed 1 second(s)

2018-06-04 18:45:13 - [MESSAGE][PASSED] - Delayed 1 second(s)

2018-06-04 18:45:13 - [TEST_STEP][PASSED] - selectOptionByIndex: All options with index in [12] are selected on object 'Object Repository/Store Request Schedule 1/Page_Store/select_--Select--Adernaline 0.'

2018-06-04 18:45:14 - [MESSAGE][PASSED] - All options with index in [12] are selected on object 'Object Repository/Store Request Schedule 1/Page_Store/select_--Select--Adernaline 0.'

2018-06-04 18:45:14 - [TEST_STEP][PASSED] - setText: Text '100' is set on object 'Object Repository/Store Request Schedule 1/Page_Store/input_txttreat'

2018-06-04 18:45:14 - [MESSAGE][PASSED] - Text '100' is set on object 'Object Repository/Store Request Schedule 1/Page_Store/input_txttreat'

2018-06-04 18:45:14 - [TEST_STEP][PASSED] - click: Object: 'Object Repository/Store Request Schedule 1/Page_Store/button_Add' is clicked on

2018-06-04 18:45:14 - [MESSAGE][PASSED] - Object: 'Object Repository/Store Request Schedule 1/Page_Store/button_Add' is clicked on

2018-06-04 18:45:14 - [TEST_STEP][PASSED] - selectOptionByIndex: All options with index in [3] are selected on object 'Object Repository/Store Request Schedule 1/Page_Store/select_--Select--Schedule 1Inj'

2018-06-04 18:45:14 - [MESSAGE][PASSED] - All options with index in [3] are selected on object 'Object Repository/Store Request Schedule 1/Page_Store/select_--Select--Schedule 1Inj'

2018-06-04 18:45:14 - [TEST_STEP][PASSED] - delay: Delayed 1 second(s)

2018-06-04 18:45:15 - [MESSAGE][PASSED] - Delayed 1 second(s)

2018-06-04 18:45:15 - [TEST_STEP][PASSED] - selectOptionByIndex: All options with index in [13] are selected on object 'Object Repository/Store Request Schedule 1/Page_Store/select_--Select--Adernaline 0.'

2018-06-04 18:45:15 - [MESSAGE][PASSED] - All options with index in [13] are selected on object 'Object Repository/Store Request Schedule 1/Page_Store/select_--Select--Adernaline 0.'

2018-06-04 18:45:15 - [TEST_STEP][PASSED] - setText: Text '100' is set on object 'Object Repository/Store Request Schedule 1/Page_Store/input_txttreat'

2018-06-04 18:45:15 - [MESSAGE][PASSED] - Text '100' is set on object 'Object Repository/Store Request Schedule 1/Page_Store/input_txttreat'

2018-06-04 18:45:15 - [TEST_STEP][PASSED] - click: Object: 'Object Repository/Store Request Schedule 1/Page_Store/button_Add' is clicked on

2018-06-04 18:45:15 - [MESSAGE][PASSED] - Object: 'Object Repository/Store Request Schedule 1/Page_Store/button_Add' is clicked on

2018-06-04 18:45:15 - [TEST_STEP][PASSED] - selectOptionByIndex: All options with index in [3] are selected on object 'Object Repository/Store Request Schedule 1/Page_Store/select_--Select--Schedule 1Inj'

2018-06-04 18:45:15 - [MESSAGE][PASSED] - All options with index in [3] are selected on object 'Object Repository/Store Request Schedule 1/Page_Store/select_--Select--Schedule 1Inj'

2018-06-04 18:45:15 - [TEST_STEP][PASSED] - delay: Delayed 1 second(s)

2018-06-04 18:45:16 - [MESSAGE][PASSED] - Delayed 1 second(s)

2018-06-04 18:45:16 - [TEST_STEP][PASSED] - selectOptionByIndex: All options with index in [14] are selected on object 'Object Repository/Store Request Schedule 1/Page_Store/select_--Select--Adernaline 0.'

2018-06-04 18:45:17 - [MESSAGE][PASSED] - All options with index in [14] are selected on object 'Object Repository/Store Request Schedule 1/Page_Store/select_--Select--Adernaline 0.'

2018-06-04 18:45:17 - [TEST_STEP][PASSED] - setText: Text '100' is set on object 'Object Repository/Store Request Schedule 1/Page_Store/input_txttreat'

2018-06-04 18:45:17 - [MESSAGE][PASSED] - Text '100' is set on object 'Object Repository/Store Request Schedule 1/Page_Store/input_txttreat'

2018-06-04 18:45:17 - [TEST_STEP][PASSED] - click: Object: 'Object Repository/Store Request Schedule 1/Page_Store/button_Add' is clicked on

2018-06-04 18:45:17 - [MESSAGE][PASSED] - Object: 'Object Repository/Store Request Schedule 1/Page_Store/button_Add' is clicked on

2018-06-04 18:45:17 - [TEST_STEP][PASSED] - selectOptionByIndex: All options with index in [3] are selected on object 'Object Repository/Store Request Schedule 1/Page_Store/select_--Select--Schedule 1Inj'

2018-06-04 18:45:17 - [MESSAGE][PASSED] - All options with index in [3] are selected on object 'Object Repository/Store Request Schedule 1/Page_Store/select_--Select--Schedule 1Inj'

2018-06-04 18:45:17 - [TEST_STEP][PASSED] - delay: Delayed 1 second(s)

2018-06-04 18:45:18 - [MESSAGE][PASSED] - Delayed 1 second(s)

2018-06-04 18:45:18 - [TEST_STEP][PASSED] - selectOptionByIndex: All options with index in [15] are selected on object 'Object Repository/Store Request Schedule 1/Page_Store/select_--Select--Adernaline 0.'

2018-06-04 18:45:18 - [MESSAGE][PASSED] - All options with index in [15] are selected on object 'Object Repository/Store Request Schedule 1/Page_Store/select_--Select--Adernaline 0.'

2018-06-04 18:45:18 - [TEST_STEP][PASSED] - setText: Text '100' is set on object 'Object Repository/Store Request Schedule 1/Page_Store/input_txttreat'

2018-06-04 18:45:18 - [MESSAGE][PASSED] - Text '100' is set on object 'Object Repository/Store Request Schedule 1/Page_Store/input_txttreat'

2018-06-04 18:45:18 - [TEST_STEP][PASSED] - click: Object: 'Object Repository/Store Request Schedule 1/Page_Store/button_Add' is clicked on

2018-06-04 18:45:18 - [MESSAGE][PASSED] - Object: 'Object Repository/Store Request Schedule 1/Page_Store/button_Add' is clicked on

2018-06-04 18:45:18 - [TEST_STEP][PASSED] - selectOptionByIndex: All options with index in [3] are selected on object 'Object Repository/Store Request Schedule 1/Page_Store/select_--Select--Schedule 1Inj'

2018-06-04 18:45:18 - [MESSAGE][PASSED] - All options with index in [3] are selected on object 'Object Repository/Store Request Schedule 1/Page_Store/select_--Select--Schedule 1Inj'

2018-06-04 18:45:18 - [TEST_STEP][PASSED] - delay: Delayed 1 second(s)

2018-06-04 18:45:19 - [MESSAGE][PASSED] - Delayed 1 second(s)

2018-06-04 18:45:19 - [TEST_STEP][PASSED] - selectOptionByIndex: All options with index in [16] are selected on object 'Object Repository/Store Request Schedule 1/Page_Store/select_--Select--Adernaline 0.'

2018-06-04 18:45:20 - [MESSAGE][PASSED] - All options with index in [16] are selected on object 'Object Repository/Store Request Schedule 1/Page_Store/select_--Select--Adernaline 0.'

2018-06-04 18:45:20 - [TEST_STEP][PASSED] - setText: Text '100' is set on object 'Object Repository/Store Request Schedule 1/Page_Store/input_txttreat'

2018-06-04 18:45:20 - [MESSAGE][PASSED] - Text '100' is set on object 'Object Repository/Store Request Schedule 1/Page_Store/input_txttreat'

2018-06-04 18:45:20 - [TEST_STEP][PASSED] - click: Object: 'Object Repository/Store Request Schedule 1/Page_Store/button_Add' is clicked on

2018-06-04 18:45:20 - [MESSAGE][PASSED] - Object: 'Object Repository/Store Request Schedule 1/Page_Store/button_Add' is clicked on

2018-06-04 18:45:20 - [TEST_STEP][PASSED] - selectOptionByIndex: All options with index in [3] are selected on object 'Object Repository/Store Request Schedule 1/Page_Store/select_--Select--Schedule 1Inj'

2018-06-04 18:45:20 - [MESSAGE][PASSED] - All options with index in [3] are selected on object 'Object Repository/Store Request Schedule 1/Page_Store/select_--Select--Schedule 1Inj'

2018-06-04 18:45:20 - [TEST_STEP][PASSED] - delay: Delayed 1 second(s)

2018-06-04 18:45:21 - [MESSAGE][PASSED] - Delayed 1 second(s)

2018-06-04 18:45:21 - [TEST_STEP][PASSED] - selectOptionByIndex: All options with index in [17] are selected on object 'Object Repository/Store Request Schedule 1/Page_Store/select_--Select--Adernaline 0.'

2018-06-04 18:45:21 - [MESSAGE][PASSED] - All options with index in [17] are selected on object 'Object Repository/Store Request Schedule 1/Page_Store/select_--Select--Adernaline 0.'

2018-06-04 18:45:21 - [TEST_STEP][PASSED] - setText: Text '100' is set on object 'Object Repository/Store Request Schedule 1/Page_Store/input_txttreat'

2018-06-04 18:45:21 - [MESSAGE][PASSED] - Text '100' is set on object 'Object Repository/Store Request Schedule 1/Page_Store/input_txttreat'

2018-06-04 18:45:21 - [TEST_STEP][PASSED] - click: Object: 'Object Repository/Store Request Schedule 1/Page_Store/button_Add' is clicked on

2018-06-04 18:45:21 - [MESSAGE][PASSED] - Object: 'Object Repository/Store Request Schedule 1/Page_Store/button_Add' is clicked on

2018-06-04 18:45:21 - [TEST_STEP][PASSED] - selectOptionByIndex: All options with index in [3] are selected on object 'Object Repository/Store Request Schedule 1/Page_Store/select_--Select--Schedule 1Inj'

2018-06-04 18:45:22 - [MESSAGE][PASSED] - All options with index in [3] are selected on object 'Object Repository/Store Request Schedule 1/Page_Store/select_--Select--Schedule 1Inj'

2018-06-04 18:45:22 - [TEST_STEP][PASSED] - delay: Delayed 1 second(s)

2018-06-04 18:45:23 - [MESSAGE][PASSED] - Delayed 1 second(s)

2018-06-04 18:45:23 - [TEST_STEP][PASSED] - selectOptionByIndex: All options with index in [18] are selected on object 'Object Repository/Store Request Schedule 1/Page_Store/select_--Select--Adernaline 0.'

2018-06-04 18:45:23 - [MESSAGE][PASSED] - All options with index in [18] are selected on object 'Object Repository/Store Request Schedule 1/Page_Store/select_--Select--Adernaline 0.'

2018-06-04 18:45:23 - [TEST_STEP][PASSED] - setText: Text '100' is set on object 'Object Repository/Store Request Schedule 1/Page_Store/input_txttreat'

2018-06-04 18:45:23 - [MESSAGE][PASSED] - Text '100' is set on object 'Object Repository/Store Request Schedule 1/Page_Store/input_txttreat'

2018-06-04 18:45:23 - [TEST_STEP][PASSED] - click: Object: 'Object Repository/Store Request Schedule 1/Page_Store/button_Add' is clicked on

2018-06-04 18:45:23 - [MESSAGE][PASSED] - Object: 'Object Repository/Store Request Schedule 1/Page_Store/button_Add' is clicked on

2018-06-04 18:45:23 - [TEST_STEP][PASSED] - selectOptionByIndex: All options with index in [3] are selected on object 'Object Repository/Store Request Schedule 1/Page_Store/select_--Select--Schedule 1Inj'

2018-06-04 18:45:23 - [MESSAGE][PASSED] - All options with index in [3] are selected on object 'Object Repository/Store Request Schedule 1/Page_Store/select_--Select--Schedule 1Inj'

2018-06-04 18:45:23 - [TEST_STEP][PASSED] - delay: Delayed 1 second(s)

2018-06-04 18:45:24 - [MESSAGE][PASSED] - Delayed 1 second(s)

2018-06-04 18:45:24 - [TEST_STEP][PASSED] - selectOptionByIndex: All options with index in [19] are selected on object 'Object Repository/Store Request Schedule 1/Page_Store/select_--Select--Adernaline 0.'

2018-06-04 18:45:25 - [MESSAGE][PASSED] - All options with index in [19] are selected on object 'Object Repository/Store Request Schedule 1/Page_Store/select_--Select--Adernaline 0.'

2018-06-04 18:45:25 - [TEST_STEP][PASSED] - setText: Text '100' is set on object 'Object Repository/Store Request Schedule 1/Page_Store/input_txttreat'

2018-06-04 18:45:25 - [MESSAGE][PASSED] - Text '100' is set on object 'Object Repository/Store Request Schedule 1/Page_Store/input_txttreat'

2018-06-04 18:45:25 - [TEST_STEP][PASSED] - click: Object: 'Object Repository/Store Request Schedule 1/Page_Store/button_Add' is clicked on

2018-06-04 18:45:25 - [MESSAGE][PASSED] - Object: 'Object Repository/Store Request Schedule 1/Page_Store/button_Add' is clicked on

2018-06-04 18:45:25 - [TEST_STEP][PASSED] - selectOptionByIndex: All options with index in [3] are selected on object 'Object Repository/Store Request Schedule 1/Page_Store/select_--Select--Schedule 1Inj'

2018-06-04 18:45:25 - [MESSAGE][PASSED] - All options with index in [3] are selected on object 'Object Repository/Store Request Schedule 1/Page_Store/select_--Select--Schedule 1Inj'

2018-06-04 18:45:25 - [TEST_STEP][PASSED] - delay: Delayed 1 second(s)

2018-06-04 18:45:26 - [MESSAGE][PASSED] - Delayed 1 second(s)

2018-06-04 18:45:26 - [TEST_STEP][PASSED] - selectOptionByIndex: All options with index in [20] are selected on object 'Object Repository/Store Request Schedule 1/Page_Store/select_--Select--Adernaline 0.'

2018-06-04 18:45:26 - [MESSAGE][PASSED] - All options with index in [20] are selected on object 'Object Repository/Store Request Schedule 1/Page_Store/select_--Select--Adernaline 0.'

2018-06-04 18:45:26 - [TEST_STEP][PASSED] - setText: Text '100' is set on object 'Object Repository/Store Request Schedule 1/Page_Store/input_txttreat'

2018-06-04 18:45:26 - [MESSAGE][PASSED] - Text '100' is set on object 'Object Repository/Store Request Schedule 1/Page_Store/input_txttreat'

2018-06-04 18:45:26 - [TEST_STEP][PASSED] - click: Object: 'Object Repository/Store Request Schedule 1/Page_Store/button_Add' is clicked on

2018-06-04 18:45:26 - [MESSAGE][PASSED] - Object: 'Object Repository/Store Request Schedule 1/Page_Store/button_Add' is clicked on

2018-06-04 18:45:26 - [TEST_STEP][PASSED] - selectOptionByIndex: All options with index in [3] are selected on object 'Object Repository/Store Request Schedule 1/Page_Store/select_--Select--Schedule 1Inj'

2018-06-04 18:45:27 - [MESSAGE][PASSED] - All options with index in [3] are selected on object 'Object Repository/Store Request Schedule 1/Page_Store/select_--Select--Schedule 1Inj'

2018-06-04 18:45:27 - [TEST_STEP][PASSED] - delay: Delayed 1 second(s)

2018-06-04 18:45:28 - [MESSAGE][PASSED] - Delayed 1 second(s)

2018-06-04 18:45:28 - [TEST_STEP][PASSED] - selectOptionByIndex: All options with index in [21] are selected on object 'Object Repository/Store Request Schedule 1/Page_Store/select_--Select--Adernaline 0.'

2018-06-04 18:45:28 - [MESSAGE][PASSED] - All options with index in [21] are selected on object 'Object Repository/Store Request Schedule 1/Page_Store/select_--Select--Adernaline 0.'

2018-06-04 18:45:28 - [TEST_STEP][PASSED] - setText: Text '100' is set on object 'Object Repository/Store Request Schedule 1/Page_Store/input_txttreat'

2018-06-04 18:45:28 - [MESSAGE][PASSED] - Text '100' is set on object 'Object Repository/Store Request Schedule 1/Page_Store/input_txttreat'

2018-06-04 18:45:28 - [TEST_STEP][PASSED] - click: Object: 'Object Repository/Store Request Schedule 1/Page_Store/button_Add' is clicked on

2018-06-04 18:45:28 - [MESSAGE][PASSED] - Object: 'Object Repository/Store Request Schedule 1/Page_Store/button_Add' is clicked on

2018-06-04 18:45:28 - [TEST_STEP][PASSED] - selectOptionByIndex: All options with index in [3] are selected on object 'Object Repository/Store Request Schedule 1/Page_Store/select_--Select--Schedule 1Inj'

2018-06-04 18:45:28 - [MESSAGE][PASSED] - All options with index in [3] are selected on object 'Object Repository/Store Request Schedule 1/Page_Store/select_--Select--Schedule 1Inj'

2018-06-04 18:45:28 - [TEST_STEP][PASSED] - delay: Delayed 1 second(s)

2018-06-04 18:45:29 - [MESSAGE][PASSED] - Delayed 1 second(s)

2018-06-04 18:45:29 - [TEST_STEP][PASSED] - selectOptionByIndex: All options with index in [22] are selected on object 'Object Repository/Store Request Schedule 1/Page_Store/select_--Select--Adernaline 0.'

2018-06-04 18:45:30 - [MESSAGE][PASSED] - All options with index in [22] are selected on object 'Object Repository/Store Request Schedule 1/Page_Store/select_--Select--Adernaline 0.'

2018-06-04 18:45:30 - [TEST_STEP][PASSED] - setText: Text '100' is set on object 'Object Repository/Store Request Schedule 1/Page_Store/input_txttreat'

2018-06-04 18:45:30 - [MESSAGE][PASSED] - Text '100' is set on object 'Object Repository/Store Request Schedule 1/Page_Store/input_txttreat'

2018-06-04 18:45:30 - [TEST_STEP][PASSED] - click: Object: 'Object Repository/Store Request Schedule 1/Page_Store/button_Add' is clicked on

2018-06-04 18:45:30 - [MESSAGE][PASSED] - Object: 'Object Repository/Store Request Schedule 1/Page_Store/button_Add' is clicked on

2018-06-04 18:45:30 - [TEST_STEP][PASSED] - selectOptionByIndex: All options with index in [3] are selected on object 'Object Repository/Store Request Schedule 1/Page_Store/select_--Select--Schedule 1Inj'

2018-06-04 18:45:30 - [MESSAGE][PASSED] - All options with index in [3] are selected on object 'Object Repository/Store Request Schedule 1/Page_Store/select_--Select--Schedule 1Inj'

2018-06-04 18:45:30 - [TEST_STEP][PASSED] - delay: Delayed 1 second(s)

2018-06-04 18:45:31 - [MESSAGE][PASSED] - Delayed 1 second(s)

2018-06-04 18:45:31 - [TEST_STEP][PASSED] - selectOptionByIndex: All options with index in [23] are selected on object 'Object Repository/Store Request Schedule 1/Page_Store/select_--Select--Adernaline 0.'

2018-06-04 18:45:31 - [MESSAGE][PASSED] - All options with index in [23] are selected on object 'Object Repository/Store Request Schedule 1/Page_Store/select_--Select--Adernaline 0.'

2018-06-04 18:45:31 - [TEST_STEP][PASSED] - setText: Text '100' is set on object 'Object Repository/Store Request Schedule 1/Page_Store/input_txttreat'

2018-06-04 18:45:31 - [MESSAGE][PASSED] - Text '100' is set on object 'Object Repository/Store Request Schedule 1/Page_Store/input_txttreat'

2018-06-04 18:45:31 - [TEST_STEP][PASSED] - click: Object: 'Object Repository/Store Request Schedule 1/Page_Store/button_Add' is clicked on

2018-06-04 18:45:31 - [MESSAGE][PASSED] - Object: 'Object Repository/Store Request Schedule 1/Page_Store/button_Add' is clicked on

2018-06-04 18:45:31 - [TEST_STEP][PASSED] - selectOptionByIndex: All options with index in [3] are selected on object 'Object Repository/Store Request Schedule 1/Page_Store/select_--Select--Schedule 1Inj'

2018-06-04 18:45:31 - [MESSAGE][PASSED] - All options with index in [3] are selected on object 'Object Repository/Store Request Schedule 1/Page_Store/select_--Select--Schedule 1Inj'

2018-06-04 18:45:31 - [TEST_STEP][PASSED] - delay: Delayed 1 second(s)

2018-06-04 18:45:32 - [MESSAGE][PASSED] - Delayed 1 second(s)

2018-06-04 18:45:32 - [TEST_STEP][PASSED] - selectOptionByIndex: All options with index in [24] are selected on object 'Object Repository/Store Request Schedule 1/Page_Store/select_--Select--Adernaline 0.'

2018-06-04 18:45:33 - [MESSAGE][PASSED] - All options with index in [24] are selected on object 'Object Repository/Store Request Schedule 1/Page_Store/select_--Select--Adernaline 0.'

2018-06-04 18:45:33 - [TEST_STEP][PASSED] - setText: Text '100' is set on object 'Object Repository/Store Request Schedule 1/Page_Store/input_txttreat'

2018-06-04 18:45:33 - [MESSAGE][PASSED] - Text '100' is set on object 'Object Repository/Store Request Schedule 1/Page_Store/input_txttreat'

2018-06-04 18:45:33 - [TEST_STEP][PASSED] - click: Object: 'Object Repository/Store Request Schedule 1/Page_Store/button_Add' is clicked on

2018-06-04 18:45:33 - [MESSAGE][PASSED] - Object: 'Object Repository/Store Request Schedule 1/Page_Store/button_Add' is clicked on

2018-06-04 18:45:33 - [TEST_STEP][PASSED] - selectOptionByIndex: All options with index in [3] are selected on object 'Object Repository/Store Request Schedule 1/Page_Store/select_--Select--Schedule 1Inj'

2018-06-04 18:45:33 - [MESSAGE][PASSED] - All options with index in [3] are selected on object 'Object Repository/Store Request Schedule 1/Page_Store/select_--Select--Schedule 1Inj'

2018-06-04 18:45:33 - [TEST_STEP][PASSED] - delay: Delayed 1 second(s)

2018-06-04 18:45:34 - [MESSAGE][PASSED] - Delayed 1 second(s)

2018-06-04 18:45:34 - [TEST_STEP][PASSED] - selectOptionByIndex: All options with index in [25] are selected on object 'Object Repository/Store Request Schedule 1/Page_Store/select_--Select--Adernaline 0.'

2018-06-04 18:45:34 - [MESSAGE][PASSED] - All options with index in [25] are selected on object 'Object Repository/Store Request Schedule 1/Page_Store/select_--Select--Adernaline 0.'

2018-06-04 18:45:34 - [TEST_STEP][PASSED] - setText: Text '100' is set on object 'Object Repository/Store Request Schedule 1/Page_Store/input_txttreat'

2018-06-04 18:45:35 - [MESSAGE][PASSED] - Text '100' is set on object 'Object Repository/Store Request Schedule 1/Page_Store/input_txttreat'

2018-06-04 18:45:35 - [TEST_STEP][PASSED] - click: Object: 'Object Repository/Store Request Schedule 1/Page_Store/button_Add' is clicked on

2018-06-04 18:45:35 - [MESSAGE][PASSED] - Object: 'Object Repository/Store Request Schedule 1/Page_Store/button_Add' is clicked on

2018-06-04 18:45:35 - [TEST_STEP][PASSED] - selectOptionByIndex: All options with index in [3] are selected on object 'Object Repository/Store Request Schedule 1/Page_Store/select_--Select--Schedule 1Inj'

2018-06-04 18:45:35 - [MESSAGE][PASSED] - All options with index in [3] are selected on object 'Object Repository/Store Request Schedule 1/Page_Store/select_--Select--Schedule 1Inj'

2018-06-04 18:45:35 - [TEST_STEP][PASSED] - delay: Delayed 1 second(s)

2018-06-04 18:45:36 - [MESSAGE][PASSED] - Delayed 1 second(s)

2018-06-04 18:45:36 - [TEST_STEP][PASSED] - selectOptionByIndex: All options with index in [26] are selected on object 'Object Repository/Store Request Schedule 1/Page_Store/select_--Select--Adernaline 0.'

2018-06-04 18:45:36 - [MESSAGE][PASSED] - All options with index in [26] are selected on object 'Object Repository/Store Request Schedule 1/Page_Store/select_--Select--Adernaline 0.'

2018-06-04 18:45:36 - [TEST_STEP][PASSED] - setText: Text '100' is set on object 'Object Repository/Store Request Schedule 1/Page_Store/input_txttreat'

2018-06-04 18:45:36 - [MESSAGE][PASSED] - Text '100' is set on object 'Object Repository/Store Request Schedule 1/Page_Store/input_txttreat'

2018-06-04 18:45:36 - [TEST_STEP][PASSED] - click: Object: 'Object Repository/Store Request Schedule 1/Page_Store/button_Add' is clicked on

2018-06-04 18:45:36 - [MESSAGE][PASSED] - Object: 'Object Repository/Store Request Schedule 1/Page_Store/button_Add' is clicked on

2018-06-04 18:45:36 - [TEST_STEP][PASSED] - selectOptionByIndex: All options with index in [3] are selected on object 'Object Repository/Store Request Schedule 1/Page_Store/select_--Select--Schedule 1Inj'

2018-06-04 18:45:36 - [MESSAGE][PASSED] - All options with index in [3] are selected on object 'Object Repository/Store Request Schedule 1/Page_Store/select_--Select--Schedule 1Inj'

2018-06-04 18:45:36 - [TEST_STEP][PASSED] - delay: Delayed 1 second(s)

2018-06-04 18:45:37 - [MESSAGE][PASSED] - Delayed 1 second(s)

2018-06-04 18:45:37 - [TEST_STEP][PASSED] - selectOptionByIndex: All options with index in [27] are selected on object 'Object Repository/Store Request Schedule 1/Page_Store/select_--Select--Adernaline 0.'

2018-06-04 18:45:38 - [MESSAGE][PASSED] - All options with index in [27] are selected on object 'Object Repository/Store Request Schedule 1/Page_Store/select_--Select--Adernaline 0.'

2018-06-04 18:45:38 - [TEST_STEP][PASSED] - setText: Text '100' is set on object 'Object Repository/Store Request Schedule 1/Page_Store/input_txttreat'

2018-06-04 18:45:38 - [MESSAGE][PASSED] - Text '100' is set on object 'Object Repository/Store Request Schedule 1/Page_Store/input_txttreat'

2018-06-04 18:45:38 - [TEST_STEP][PASSED] - click: Object: 'Object Repository/Store Request Schedule 1/Page_Store/button_Add' is clicked on

2018-06-04 18:45:38 - [MESSAGE][PASSED] - Object: 'Object Repository/Store Request Schedule 1/Page_Store/button_Add' is clicked on

2018-06-04 18:45:38 - [TEST_STEP][PASSED] - selectOptionByIndex: All options with index in [3] are selected on object 'Object Repository/Store Request Schedule 1/Page_Store/select_--Select--Schedule 1Inj'

2018-06-04 18:45:38 - [MESSAGE][PASSED] - All options with index in [3] are selected on object 'Object Repository/Store Request Schedule 1/Page_Store/select_--Select--Schedule 1Inj'

2018-06-04 18:45:38 - [TEST_STEP][PASSED] - delay: Delayed 1 second(s)

2018-06-04 18:45:39 - [MESSAGE][PASSED] - Delayed 1 second(s)

2018-06-04 18:45:39 - [TEST_STEP][PASSED] - selectOptionByIndex: All options with index in [28] are selected on object 'Object Repository/Store Request Schedule 1/Page_Store/select_--Select--Adernaline 0.'

2018-06-04 18:45:40 - [MESSAGE][PASSED] - All options with index in [28] are selected on object 'Object Repository/Store Request Schedule 1/Page_Store/select_--Select--Adernaline 0.'

2018-06-04 18:45:40 - [TEST_STEP][PASSED] - setText: Text '100' is set on object 'Object Repository/Store Request Schedule 1/Page_Store/input_txttreat'

2018-06-04 18:45:40 - [MESSAGE][PASSED] - Text '100' is set on object 'Object Repository/Store Request Schedule 1/Page_Store/input_txttreat'

2018-06-04 18:45:40 - [TEST_STEP][PASSED] - click: Object: 'Object Repository/Store Request Schedule 1/Page_Store/button_Add' is clicked on

2018-06-04 18:45:40 - [MESSAGE][PASSED] - Object: 'Object Repository/Store Request Schedule 1/Page_Store/button_Add' is clicked on

2018-06-04 18:45:40 - [TEST_STEP][PASSED] - selectOptionByIndex: All options with index in [3] are selected on object 'Object Repository/Store Request Schedule 1/Page_Store/select_--Select--Schedule 1Inj'

2018-06-04 18:45:40 - [MESSAGE][PASSED] - All options with index in [3] are selected on object 'Object Repository/Store Request Schedule 1/Page_Store/select_--Select--Schedule 1Inj'

2018-06-04 18:45:40 - [TEST_STEP][PASSED] - delay: Delayed 1 second(s)

2018-06-04 18:45:41 - [MESSAGE][PASSED] - Delayed 1 second(s)

2018-06-04 18:45:41 - [TEST_STEP][PASSED] - selectOptionByIndex: All options with index in [29] are selected on object 'Object Repository/Store Request Schedule 1/Page_Store/select_--Select--Adernaline 0.'

2018-06-04 18:45:41 - [MESSAGE][PASSED] - All options with index in [29] are selected on object 'Object Repository/Store Request Schedule 1/Page_Store/select_--Select--Adernaline 0.'

2018-06-04 18:45:41 - [TEST_STEP][PASSED] - setText: Text '100' is set on object 'Object Repository/Store Request Schedule 1/Page_Store/input_txttreat'

2018-06-04 18:45:41 - [MESSAGE][PASSED] - Text '100' is set on object 'Object Repository/Store Request Schedule 1/Page_Store/input_txttreat'

2018-06-04 18:45:41 - [TEST_STEP][PASSED] - click: Object: 'Object Repository/Store Request Schedule 1/Page_Store/button_Add' is clicked on

2018-06-04 18:45:41 - [MESSAGE][PASSED] - Object: 'Object Repository/Store Request Schedule 1/Page_Store/button_Add' is clicked on

2018-06-04 18:45:41 - [TEST_STEP][PASSED] - selectOptionByIndex: All options with index in [3] are selected on object 'Object Repository/Store Request Schedule 1/Page_Store/select_--Select--Schedule 1Inj'

2018-06-04 18:45:42 - [MESSAGE][PASSED] - All options with index in [3] are selected on object 'Object Repository/Store Request Schedule 1/Page_Store/select_--Select--Schedule 1Inj'

2018-06-04 18:45:42 - [TEST_STEP][PASSED] - delay: Delayed 1 second(s)

2018-06-04 18:45:43 - [MESSAGE][PASSED] - Delayed 1 second(s)

2018-06-04 18:45:43 - [TEST_STEP][PASSED] - selectOptionByIndex: All options with index in [30] are selected on object 'Object Repository/Store Request Schedule 1/Page_Store/select_--Select--Adernaline 0.'

2018-06-04 18:45:43 - [MESSAGE][PASSED] - All options with index in [30] are selected on object 'Object Repository/Store Request Schedule 1/Page_Store/select_--Select--Adernaline 0.'

2018-06-04 18:45:43 - [TEST_STEP][PASSED] - setText: Text '100' is set on object 'Object Repository/Store Request Schedule 1/Page_Store/input_txttreat'

2018-06-04 18:45:43 - [MESSAGE][PASSED] - Text '100' is set on object 'Object Repository/Store Request Schedule 1/Page_Store/input_txttreat'

2018-06-04 18:45:43 - [TEST_STEP][PASSED] - click: Object: 'Object Repository/Store Request Schedule 1/Page_Store/button_Add' is clicked on

2018-06-04 18:45:43 - [MESSAGE][PASSED] - Object: 'Object Repository/Store Request Schedule 1/Page_Store/button_Add' is clicked on

2018-06-04 18:45:43 - [TEST_STEP][PASSED] - selectOptionByIndex: All options with index in [3] are selected on object 'Object Repository/Store Request Schedule 1/Page_Store/select_--Select--Schedule 1Inj'

2018-06-04 18:45:43 - [MESSAGE][PASSED] - All options with index in [3] are selected on object 'Object Repository/Store Request Schedule 1/Page_Store/select_--Select--Schedule 1Inj'

2018-06-04 18:45:43 - [TEST_STEP][PASSED] - delay: Delayed 1 second(s)

2018-06-04 18:45:44 - [MESSAGE][PASSED] - Delayed 1 second(s)

2018-06-04 18:45:44 - [TEST_STEP][PASSED] - selectOptionByIndex: All options with index in [31] are selected on object 'Object Repository/Store Request Schedule 1/Page_Store/select_--Select--Adernaline 0.'

2018-06-04 18:45:45 - [MESSAGE][PASSED] - All options with index in [31] are selected on object 'Object Repository/Store Request Schedule 1/Page_Store/select_--Select--Adernaline 0.'

2018-06-04 18:45:45 - [TEST_STEP][PASSED] - setText: Text '100' is set on object 'Object Repository/Store Request Schedule 1/Page_Store/input_txttreat'

2018-06-04 18:45:45 - [MESSAGE][PASSED] - Text '100' is set on object 'Object Repository/Store Request Schedule 1/Page_Store/input_txttreat'

2018-06-04 18:45:45 - [TEST_STEP][PASSED] - click: Object: 'Object Repository/Store Request Schedule 1/Page_Store/button_Add' is clicked on

2018-06-04 18:45:45 - [MESSAGE][PASSED] - Object: 'Object Repository/Store Request Schedule 1/Page_Store/button_Add' is clicked on

2018-06-04 18:45:45 - [TEST_STEP][PASSED] - selectOptionByIndex: All options with index in [3] are selected on object 'Object Repository/Store Request Schedule 1/Page_Store/select_--Select--Schedule 1Inj'

2018-06-04 18:45:45 - [MESSAGE][PASSED] - All options with index in [3] are selected on object 'Object Repository/Store Request Schedule 1/Page_Store/select_--Select--Schedule 1Inj'

2018-06-04 18:45:45 - [TEST_STEP][PASSED] - delay: Delayed 1 second(s)

2018-06-04 18:45:46 - [MESSAGE][PASSED] - Delayed 1 second(s)

2018-06-04 18:45:46 - [TEST_STEP][PASSED] - selectOptionByIndex: All options with index in [32] are selected on object 'Object Repository/Store Request Schedule 1/Page_Store/select_--Select--Adernaline 0.'

2018-06-04 18:45:47 - [MESSAGE][PASSED] - All options with index in [32] are selected on object 'Object Repository/Store Request Schedule 1/Page_Store/select_--Select--Adernaline 0.'

2018-06-04 18:45:47 - [TEST_STEP][PASSED] - setText: Text '100' is set on object 'Object Repository/Store Request Schedule 1/Page_Store/input_txttreat'

2018-06-04 18:45:47 - [MESSAGE][PASSED] - Text '100' is set on object 'Object Repository/Store Request Schedule 1/Page_Store/input_txttreat'

2018-06-04 18:45:47 - [TEST_STEP][PASSED] - click: Object: 'Object Repository/Store Request Schedule 1/Page_Store/button_Add' is clicked on

2018-06-04 18:45:47 - [MESSAGE][PASSED] - Object: 'Object Repository/Store Request Schedule 1/Page_Store/button_Add' is clicked on

2018-06-04 18:45:47 - [TEST_STEP][PASSED] - selectOptionByIndex: All options with index in [3] are selected on object 'Object Repository/Store Request Schedule 1/Page_Store/select_--Select--Schedule 1Inj'

2018-06-04 18:45:47 - [MESSAGE][PASSED] - All options with index in [3] are selected on object 'Object Repository/Store Request Schedule 1/Page_Store/select_--Select--Schedule 1Inj'

2018-06-04 18:45:47 - [TEST_STEP][PASSED] - delay: Delayed 1 second(s)

2018-06-04 18:45:48 - [MESSAGE][PASSED] - Delayed 1 second(s)

2018-06-04 18:45:48 - [TEST_STEP][PASSED] - selectOptionByIndex: All options with index in [33] are selected on object 'Object Repository/Store Request Schedule 1/Page_Store/select_--Select--Adernaline 0.'

2018-06-04 18:45:48 - [MESSAGE][PASSED] - All options with index in [33] are selected on object 'Object Repository/Store Request Schedule 1/Page_Store/select_--Select--Adernaline 0.'

2018-06-04 18:45:48 - [TEST_STEP][PASSED] - setText: Text '100' is set on object 'Object Repository/Store Request Schedule 1/Page_Store/input_txttreat'

2018-06-04 18:45:48 - [MESSAGE][PASSED] - Text '100' is set on object 'Object Repository/Store Request Schedule 1/Page_Store/input_txttreat'

2018-06-04 18:45:48 - [TEST_STEP][PASSED] - click: Object: 'Object Repository/Store Request Schedule 1/Page_Store/button_Add' is clicked on

2018-06-04 18:45:48 - [MESSAGE][PASSED] - Object: 'Object Repository/Store Request Schedule 1/Page_Store/button_Add' is clicked on

2018-06-04 18:45:48 - [TEST_STEP][PASSED] - selectOptionByIndex: All options with index in [3] are selected on object 'Object Repository/Store Request Schedule 1/Page_Store/select_--Select--Schedule 1Inj'

2018-06-04 18:45:49 - [MESSAGE][PASSED] - All options with index in [3] are selected on object 'Object Repository/Store Request Schedule 1/Page_Store/select_--Select--Schedule 1Inj'

2018-06-04 18:45:49 - [TEST_STEP][PASSED] - delay: Delayed 1 second(s)

2018-06-04 18:45:50 - [MESSAGE][PASSED] - Delayed 1 second(s)

2018-06-04 18:45:50 - [TEST_STEP][PASSED] - selectOptionByIndex: All options with index in [34] are selected on object 'Object Repository/Store Request Schedule 1/Page_Store/select_--Select--Adernaline 0.'

2018-06-04 18:45:50 - [MESSAGE][PASSED] - All options with index in [34] are selected on object 'Object Repository/Store Request Schedule 1/Page_Store/select_--Select--Adernaline 0.'

2018-06-04 18:45:50 - [TEST_STEP][PASSED] - setText: Text '100' is set on object 'Object Repository/Store Request Schedule 1/Page_Store/input_txttreat'

2018-06-04 18:45:50 - [MESSAGE][PASSED] - Text '100' is set on object 'Object Repository/Store Request Schedule 1/Page_Store/input_txttreat'

2018-06-04 18:45:50 - [TEST_STEP][PASSED] - click: Object: 'Object Repository/Store Request Schedule 1/Page_Store/button_Add' is clicked on

2018-06-04 18:45:50 - [MESSAGE][PASSED] - Object: 'Object Repository/Store Request Schedule 1/Page_Store/button_Add' is clicked on

2018-06-04 18:45:50 - [TEST_STEP][PASSED] - selectOptionByIndex: All options with index in [3] are selected on object 'Object Repository/Store Request Schedule 1/Page_Store/select_--Select--Schedule 1Inj'

2018-06-04 18:45:50 - [MESSAGE][PASSED] - All options with index in [3] are selected on object 'Object Repository/Store Request Schedule 1/Page_Store/select_--Select--Schedule 1Inj'

2018-06-04 18:45:50 - [TEST_STEP][PASSED] - delay: Delayed 1 second(s)

2018-06-04 18:45:51 - [MESSAGE][PASSED] - Delayed 1 second(s)

2018-06-04 18:45:51 - [TEST_STEP][PASSED] - selectOptionByIndex: All options with index in [35] are selected on object 'Object Repository/Store Request Schedule 1/Page_Store/select_--Select--Adernaline 0.'

2018-06-04 18:45:52 - [MESSAGE][PASSED] - All options with index in [35] are selected on object 'Object Repository/Store Request Schedule 1/Page_Store/select_--Select--Adernaline 0.'

2018-06-04 18:45:52 - [TEST_STEP][PASSED] - setText: Text '100' is set on object 'Object Repository/Store Request Schedule 1/Page_Store/input_txttreat'

2018-06-04 18:45:52 - [MESSAGE][PASSED] - Text '100' is set on object 'Object Repository/Store Request Schedule 1/Page_Store/input_txttreat'

2018-06-04 18:45:52 - [TEST_STEP][PASSED] - click: Object: 'Object Repository/Store Request Schedule 1/Page_Store/button_Add' is clicked on

2018-06-04 18:45:52 - [MESSAGE][PASSED] - Object: 'Object Repository/Store Request Schedule 1/Page_Store/button_Add' is clicked on

2018-06-04 18:45:52 - [TEST_STEP][PASSED] - selectOptionByIndex: All options with index in [3] are selected on object 'Object Repository/Store Request Schedule 1/Page_Store/select_--Select--Schedule 1Inj'

2018-06-04 18:45:52 - [MESSAGE][PASSED] - All options with index in [3] are selected on object 'Object Repository/Store Request Schedule 1/Page_Store/select_--Select--Schedule 1Inj'

2018-06-04 18:45:52 - [TEST_STEP][PASSED] - delay: Delayed 1 second(s)

2018-06-04 18:45:53 - [MESSAGE][PASSED] - Delayed 1 second(s)

2018-06-04 18:45:53 - [TEST_STEP][PASSED] - selectOptionByIndex: All options with index in [36] are selected on object 'Object Repository/Store Request Schedule 1/Page_Store/select_--Select--Adernaline 0.'

2018-06-04 18:45:54 - [MESSAGE][PASSED] - All options with index in [36] are selected on object 'Object Repository/Store Request Schedule 1/Page_Store/select_--Select--Adernaline 0.'

2018-06-04 18:45:54 - [TEST_STEP][PASSED] - setText: Text '100' is set on object 'Object Repository/Store Request Schedule 1/Page_Store/input_txttreat'

2018-06-04 18:45:54 - [MESSAGE][PASSED] - Text '100' is set on object 'Object Repository/Store Request Schedule 1/Page_Store/input_txttreat'

2018-06-04 18:45:54 - [TEST_STEP][PASSED] - click: Object: 'Object Repository/Store Request Schedule 1/Page_Store/button_Add' is clicked on

2018-06-04 18:45:54 - [MESSAGE][PASSED] - Object: 'Object Repository/Store Request Schedule 1/Page_Store/button_Add' is clicked on

2018-06-04 18:45:54 - [TEST_STEP][PASSED] - delay: Delayed 2 second(s)

2018-06-04 18:45:56 - [MESSAGE][PASSED] - Delayed 2 second(s)

2018-06-04 18:45:56 - [TEST_STEP][PASSED] - scrollToElement: Scroll to object 'Object Repository/Store Request Schedule 1/Page_Store/input_btnsave' successfully

2018-06-04 18:45:56 - [MESSAGE][PASSED] - Scroll to object 'Object Repository/Store Request Schedule 1/Page_Store/input_btnsave' successfully

2018-06-04 18:45:56 - [TEST_STEP][PASSED] - click: Object: 'Object Repository/Store Request Schedule 1/Page_Store/input_btnsave' is clicked on

2018-06-04 18:45:56 - [MESSAGE][PASSED] - Object: 'Object Repository/Store Request Schedule 1/Page_Store/input_btnsave' is clicked on

2018-06-04 18:45:56 - [TEST_STEP][PASSED] - delay: Delayed 4 second(s)

2018-06-04 18:46:00 - [MESSAGE][PASSED] - Delayed 4 second(s)

2018-06-04 18:46:00 - [TEST_STEP][PASSED] - Statement - Cms_RequestNumber = com.kms.katalon.core.webui.keyword.WebUiBuiltInKeywords.getText(com.kms.katalon.core.testobject.ObjectRepository.findTestObject(Store Request Schedule 1/Page_Store/font_PRNO050520189)): Text of object 'Object Repository/Store Request Schedule 1/Page_Store/font_PRNO050520189' is: 'PRNO/04062018/591'

2018-06-04 18:46:00 - [MESSAGE][PASSED] - Text of object 'Object Repository/Store Request Schedule 1/Page_Store/font_PRNO050520189' is: 'PRNO/04062018/591'

2018-06-04 18:46:00 - [TEST_STEP][PASSED] - Statement - CR = Cms_RequestNumber.trim(): null

2018-06-04 18:46:00 - [TEST_STEP][PASSED] - Statement - out.println("RQ :" + Cms_RequestNumber): null

2018-06-04 18:46:00 - [TEST_STEP][PASSED] - Statement - RequestNumberID = Cms_RequestNumber.split("/")[2].trim(): null

2018-06-04 18:46:00 - [TEST_STEP][PASSED] - Statement - out.println("RQ ID :" + RequestNumberID): null

2018-06-04 18:46:00 - [TEST_STEP][PASSED] - delay: Delayed 3 second(s)

2018-06-04 18:46:03 - [MESSAGE][PASSED] - Delayed 3 second(s)

2018-06-04 18:46:03 - [TEST_STEP][PASSED] - Statement - ok = com.kms.katalon.core.webui.keyword.WebUiBuiltInKeywords.click(com.kms.katalon.core.testobject.ObjectRepository.findTestObject(Store Request Schedule 1/Page_Store/button_OK)): Object: 'Object Repository/Store Request Schedule 1/Page_Store/button_OK' is clicked on

2018-06-04 18:46:04 - [MESSAGE][PASSED] - Object: 'Object Repository/Store Request Schedule 1/Page_Store/button_OK' is clicked on

2018-06-04 18:46:04 - [TEST_STEP][PASSED] - delay: Delayed 3 second(s)

2018-06-04 18:46:07 - [MESSAGE][PASSED] - Delayed 3 second(s)

2018-06-04 18:46:07 - [TEST_STEP][PASSED] - click: Object: 'Object Repository/Store Request Schedule 1/Page_Store/a_dropdown-toggle' is clicked on

2018-06-04 18:46:07 - [MESSAGE][PASSED] - Object: 'Object Repository/Store Request Schedule 1/Page_Store/a_dropdown-toggle' is clicked on

2018-06-04 18:46:07 - [TEST_STEP][PASSED] - click: Object: 'Object Repository/Store Request Schedule 1/Page_Store/a_Sign out' is clicked on

2018-06-04 18:46:08 - [MESSAGE][PASSED] - Object: 'Object Repository/Store Request Schedule 1/Page_Store/a_Sign out' is clicked on

2018-06-04 18:46:08 - [TEST_STEP][PASSED] - delay: Delayed 3 second(s)

2018-06-04 18:46:11 - [MESSAGE][PASSED] - Delayed 3 second(s)

2018-06-04 18:46:11 - [TEST_STEP][PASSED] - click: Object: 'Object Repository/Store Request Schedule 1/Page_KDMC/a_CMO' is clicked on

2018-06-04 18:46:11 - [MESSAGE][PASSED] - Object: 'Object Repository/Store Request Schedule 1/Page_KDMC/a_CMO' is clicked on

2018-06-04 18:46:11 - [TEST_STEP][PASSED] - setText: Text 'guru' is set on object 'Object Repository/Store Request Schedule 1/Page_CMO login/input_txtusername'

2018-06-04 18:46:12 - [MESSAGE][PASSED] - Text 'guru' is set on object 'Object Repository/Store Request Schedule 1/Page_CMO login/input_txtusername'

2018-06-04 18:46:12 - [TEST_STEP][PASSED] - setText: Text '123' is set on object 'Object Repository/Store Request Schedule 1/Page_CMO login/input_txtpassword'

2018-06-04 18:46:12 - [MESSAGE][PASSED] - Text '123' is set on object 'Object Repository/Store Request Schedule 1/Page_CMO login/input_txtpassword'

2018-06-04 18:46:12 - [TEST_STEP][PASSED] - delay: Delayed 3 second(s)

2018-06-04 18:46:15 - [MESSAGE][PASSED] - Delayed 3 second(s)

2018-06-04 18:46:15 - [TEST_STEP][PASSED] - click: Object: 'Object Repository/Store Request Schedule 1/Page_CMO login/button_Sign in' is clicked on

2018-06-04 18:46:16 - [MESSAGE][PASSED] - Object: 'Object Repository/Store Request Schedule 1/Page_CMO login/button_Sign in' is clicked on

2018-06-04 18:46:16 - [TEST_STEP][PASSED] - delay: Delayed 2 second(s)

2018-06-04 18:46:18 - [MESSAGE][PASSED] - Delayed 2 second(s)

2018-06-04 18:46:18 - [TEST_STEP][PASSED] - click: Object: 'Object Repository/Store Request Schedule 1/Page_KDMC - CMO/span_Department Wise Request' is clicked on

2018-06-04 18:46:18 - [MESSAGE][PASSED] - Object: 'Object Repository/Store Request Schedule 1/Page_KDMC - CMO/span_Department Wise Request' is clicked on

2018-06-04 18:46:18 - [TEST_STEP][PASSED] - click: Object: 'Object Repository/Store Request Schedule 1/Page_KDMC - CMO/a_CMS Request' is clicked on

2018-06-04 18:46:19 - [MESSAGE][PASSED] - Object: 'Object Repository/Store Request Schedule 1/Page_KDMC - CMO/a_CMS Request' is clicked on

2018-06-04 18:46:19 - [TEST_STEP][PASSED] - click: Object: 'Object Repository/Store Request Schedule 1/Page_KDMC - CMO/a_CMS Request' is clicked on

2018-06-04 18:46:19 - [MESSAGE][PASSED] - Object: 'Object Repository/Store Request Schedule 1/Page_KDMC - CMO/a_CMS Request' is clicked on

2018-06-04 18:46:19 - [TEST_STEP][PASSED] - click: Object: 'Object Repository/Store Request Schedule 1/Page_KDMC - CMO/span_Divisional Store Request' is clicked on

2018-06-04 18:46:21 - [MESSAGE][PASSED] - Object: 'Object Repository/Store Request Schedule 1/Page_KDMC - CMO/span_Divisional Store Request' is clicked on

2018-06-04 18:46:21 - [TEST_STEP][PASSED] - delay: Delayed 2 second(s)

2018-06-04 18:46:23 - [MESSAGE][PASSED] - Delayed 2 second(s)

2018-06-04 18:46:23 - [TEST_STEP][PASSED] - Statement - approval = com.kms.katalon.core.webui.keyword.WebUiBuiltInKeywords.modifyObjectProperty(com.kms.katalon.core.testobject.ObjectRepository.findTestObject(Store Request Schedule 1/Page_KDMC - CMO/input_PRNO050520189), "xpath", "equals", "//*[@id=" + RequestNumberID + "]", true): Modify property of object successfully

2018-06-04 18:46:23 - [MESSAGE][PASSED] - Modify property of object successfully

2018-06-04 18:46:23 - [TEST_STEP][PASSED] - click: Object: 'Object Repository/Store Request Schedule 1/Page_KDMC - CMO/input_PRNO050520189' is clicked on

2018-06-04 18:46:23 - [MESSAGE][PASSED] - Object: 'Object Repository/Store Request Schedule 1/Page_KDMC - CMO/input_PRNO050520189' is clicked on

2018-06-04 18:46:23 - [TEST_STEP][PASSED] - delay: Delayed 2 second(s)

2018-06-04 18:46:25 - [MESSAGE][PASSED] - Delayed 2 second(s)

2018-06-04 18:46:25 - [TEST_STEP][PASSED] - selectOptionByIndex: All options with index in [1] are selected on object 'Object Repository/Store Request Schedule 1/Page_KDMC - CMO/select_--Select--'

2018-06-04 18:46:25 - [MESSAGE][PASSED] - All options with index in [1] are selected on object 'Object Repository/Store Request Schedule 1/Page_KDMC - CMO/select_--Select--'

2018-06-04 18:46:25 - [TEST_STEP][PASSED] - click: Object: 'Object Repository/Store Request Schedule 1/Page_KDMC - CMO/input_btnupdate' is clicked on

2018-06-04 18:46:25 - [MESSAGE][PASSED] - Object: 'Object Repository/Store Request Schedule 1/Page_KDMC - CMO/input_btnupdate' is clicked on

2018-06-04 18:46:25 - [TEST_STEP][PASSED] - delay: Delayed 2 second(s)

2018-06-04 18:46:27 - [MESSAGE][PASSED] - Delayed 2 second(s)

2018-06-04 18:46:27 - [TEST_STEP][PASSED] - click: Object: 'Object Repository/Store Request Schedule 1/Page_KDMC - CMO/button_OK' is clicked on

2018-06-04 18:46:27 - [MESSAGE][PASSED] - Object: 'Object Repository/Store Request Schedule 1/Page_KDMC - CMO/button_OK' is clicked on

2018-06-04 18:46:27 - [TEST_STEP][PASSED] - delay: Delayed 2 second(s)

2018-06-04 18:46:29 - [MESSAGE][PASSED] - Delayed 2 second(s)

2018-06-04 18:46:29 - [TEST_STEP][PASSED] - click: Object: 'Object Repository/Store Request Schedule 1/Page_KDMC - CMO/a_dropdown-toggle' is clicked on

2018-06-04 18:46:30 - [MESSAGE][PASSED] - Object: 'Object Repository/Store Request Schedule 1/Page_KDMC - CMO/a_dropdown-toggle' is clicked on

2018-06-04 18:46:30 - [TEST_STEP][PASSED] - click: Object: 'Object Repository/Store Request Schedule 1/Page_KDMC - CMO/a_Sign out' is clicked on

2018-06-04 18:46:30 - [MESSAGE][PASSED] - Object: 'Object Repository/Store Request Schedule 1/Page_KDMC - CMO/a_Sign out' is clicked on

2018-06-04 18:46:30 - [TEST_STEP][PASSED] - delay: Delayed 3 second(s)

2018-06-04 18:46:33 - [MESSAGE][PASSED] - Delayed 3 second(s)

2018-06-04 18:46:33 - [TEST_STEP][PASSED] - click: Object: 'Object Repository/store Request Schedule 1/Page_KDMC/a_CMS' is clicked on

2018-06-04 18:46:33 - [MESSAGE][PASSED] - Object: 'Object Repository/store Request Schedule 1/Page_KDMC/a_CMS' is clicked on

2018-06-04 18:46:33 - [TEST_STEP][PASSED] - setText: Text 'bala' is set on object 'Object Repository/store Request Schedule 1/Page_CMS login/input_txtusername'

2018-06-04 18:46:33 - [MESSAGE][PASSED] - Text 'bala' is set on object 'Object Repository/store Request Schedule 1/Page_CMS login/input_txtusername'

2018-06-04 18:46:33 - [TEST_STEP][PASSED] - setText: Text '123' is set on object 'Object Repository/store Request Schedule 1/Page_CMS login/input_txtpassword'

2018-06-04 18:46:34 - [MESSAGE][PASSED] - Text '123' is set on object 'Object Repository/store Request Schedule 1/Page_CMS login/input_txtpassword'

2018-06-04 18:46:34 - [TEST_STEP][PASSED] - delay: Delayed 3 second(s)

2018-06-04 18:46:37 - [MESSAGE][PASSED] - Delayed 3 second(s)

2018-06-04 18:46:37 - [TEST_STEP][PASSED] - click: Object: 'Object Repository/store Request Schedule 1/Page_CMS login/button_Sign in' is clicked on

2018-06-04 18:46:37 - [MESSAGE][PASSED] - Object: 'Object Repository/store Request Schedule 1/Page_CMS login/button_Sign in' is clicked on

2018-06-04 18:46:37 - [TEST_STEP][PASSED] - delay: Delayed 2 second(s)

2018-06-04 18:46:39 - [MESSAGE][PASSED] - Delayed 2 second(s)

2018-06-04 18:46:39 - [TEST_STEP][PASSED] - click: Object: 'Object Repository/store Request Schedule 1/Page_KDMC - CMS/a_Divisional Store' is clicked on

2018-06-04 18:46:39 - [MESSAGE][PASSED] - Object: 'Object Repository/store Request Schedule 1/Page_KDMC - CMS/a_Divisional Store' is clicked on

2018-06-04 18:46:39 - [TEST_STEP][PASSED] - delay: Delayed 2 second(s)

2018-06-04 18:46:41 - [MESSAGE][PASSED] - Delayed 2 second(s)

2018-06-04 18:46:41 - [TEST_STEP][PASSED] - click: Object: 'Object Repository/store Request Schedule 1/Page_KDMC - CMS/a_Dispatch Items' is clicked on

2018-06-04 18:46:42 - [MESSAGE][PASSED] - Object: 'Object Repository/store Request Schedule 1/Page_KDMC - CMS/a_Dispatch Items' is clicked on

2018-06-04 18:46:42 - [TEST_STEP][PASSED] - setText: Text 'PRNO/04062018/591' is set on object 'Object Repository/store Request Schedule 1/Page_KDMC - CMS/input'

2018-06-04 18:46:42 - [MESSAGE][PASSED] - Text 'PRNO/04062018/591' is set on object 'Object Repository/store Request Schedule 1/Page_KDMC - CMS/input'

2018-06-04 18:46:42 - [TEST_STEP][PASSED] - click: Object: 'Object Repository/store Request Schedule 1/Page_KDMC - CMS/td_text-center' is clicked on

2018-06-04 18:46:43 - [MESSAGE][PASSED] - Object: 'Object Repository/store Request Schedule 1/Page_KDMC - CMS/td_text-center' is clicked on

2018-06-04 18:46:43 - [TEST_STEP][PASSED] - delay: Delayed 3 second(s)

2018-06-04 18:46:46 - [MESSAGE][PASSED] - Delayed 3 second(s)

2018-06-04 18:46:46 - [TEST_STEP][PASSED] - delay: Delayed 2 second(s)

2018-06-04 18:46:48 - [MESSAGE][PASSED] - Delayed 2 second(s)

2018-06-04 18:46:48 - [TEST_STEP][PASSED] - Statement - For ([row = 0, row < SelectedOptions - 1, (row++)]): null

2018-06-04 18:46:48 - [TEST_STEP][PASSED] - Statement - batchlength = new com.kms.katalon.core.testobject.TestObject(): null

2018-06-04 18:46:48 - [TEST_STEP][PASSED] - Statement - batchlength = com.kms.katalon.core.webui.keyword.WebUiBuiltInKeywords.modifyObjectProperty(batchlength, "xpath", "equals", "//*[@id = "fldvendor" + row + ""]", true): Modify property of object successfully

2018-06-04 18:46:48 - [MESSAGE][PASSED] - Modify property of object successfully

2018-06-04 18:46:48 - [TEST_STEP][PASSED] - Statement - batchsize = com.kms.katalon.core.webui.keyword.WebUiBuiltInKeywords.getNumberOfTotalOption(batchlength): 9 options of object '' counted

2018-06-04 18:46:48 - [MESSAGE][PASSED] - 9 options of object '' counted

2018-06-04 18:46:48 - [TEST_STEP][PASSED] - Statement - out.println("BatchSize : " + batchsize): null

2018-06-04 18:46:48 - [TEST_STEP][PASSED] - Statement - For ([n = 1, n <= batchsize - 1, (n++)]): null

2018-06-04 18:46:48 - [TEST_STEP][PASSED] - Statement - product = new com.kms.katalon.core.testobject.TestObject(): null

2018-06-04 18:46:48 - [TEST_STEP][PASSED] - Statement - product = com.kms.katalon.core.webui.keyword.WebUiBuiltInKeywords.modifyObjectProperty(product, "xpath", "equals", "//*[@id = "fldvendor" + row + ""]", true): Modify property of object successfully

2018-06-04 18:46:48 - [MESSAGE][PASSED] - Modify property of object successfully

2018-06-04 18:46:48 - [TEST_STEP][PASSED] - selectOptionByIndex: All options with index in [1] are selected on object ''

2018-06-04 18:46:48 - [MESSAGE][PASSED] - All options with index in [1] are selected on object ''

2018-06-04 18:46:48 - [TEST_STEP][PASSED] - delay: Delayed 2 second(s)

2018-06-04 18:46:50 - [MESSAGE][PASSED] - Delayed 2 second(s)

2018-06-04 18:46:50 - [TEST_STEP][PASSED] - Statement - batch = new com.kms.katalon.core.testobject.TestObject(): null

2018-06-04 18:46:50 - [TEST_STEP][PASSED] - Statement - batch = com.kms.katalon.core.webui.keyword.WebUiBuiltInKeywords.modifyObjectProperty(batch, "xpath", "equals", "//*[@id = "txtbthqty" + row + ""]", true): Modify property of object successfully

2018-06-04 18:46:50 - [MESSAGE][PASSED] - Modify property of object successfully

2018-06-04 18:46:50 - [TEST_STEP][PASSED] - Statement - batchqty = com.kms.katalon.core.webui.keyword.WebUiBuiltInKeywords.getAttribute(batch, "value").trim(): Attribute 'value' of object '' is: '4200'

2018-06-04 18:46:50 - [MESSAGE][PASSED] - Attribute 'value' of object '' is: '4200'

2018-06-04 18:46:50 - [TEST_STEP][PASSED] - Statement - Rqty = 100: null

2018-06-04 18:46:50 - [TEST_STEP][PASSED] - Statement - out.println("BatchQty : " + batchqty): null

2018-06-04 18:46:50 - [TEST_STEP][PASSED] - Statement - out.println("RQty : " + Rqty): null

2018-06-04 18:46:50 - [TEST_STEP][PASSED] - Statement - If (java.lang.Integer.valueOf(batchqty) >= java.lang.Integer.valueOf(Rqty)): null

2018-06-04 18:46:50 - [TEST_STEP][PASSED] - Statement - Break: null

2018-06-04 18:46:50 - [TEST_STEP][PASSED] - Statement - batchlength = new com.kms.katalon.core.testobject.TestObject(): null

2018-06-04 18:46:50 - [TEST_STEP][PASSED] - Statement - batchlength = com.kms.katalon.core.webui.keyword.WebUiBuiltInKeywords.modifyObjectProperty(batchlength, "xpath", "equals", "//*[@id = "fldvendor" + row + ""]", true): Modify property of object successfully

2018-06-04 18:46:50 - [MESSAGE][PASSED] - Modify property of object successfully

2018-06-04 18:46:50 - [TEST_STEP][PASSED] - Statement - batchsize = com.kms.katalon.core.webui.keyword.WebUiBuiltInKeywords.getNumberOfTotalOption(batchlength): 9 options of object '' counted

2018-06-04 18:46:50 - [MESSAGE][PASSED] - 9 options of object '' counted

2018-06-04 18:46:50 - [TEST_STEP][PASSED] - Statement - out.println("BatchSize : " + batchsize): null

2018-06-04 18:46:50 - [TEST_STEP][PASSED] - Statement - For ([n = 1, n <= batchsize - 1, (n++)]): null

2018-06-04 18:46:50 - [TEST_STEP][PASSED] - Statement - product = new com.kms.katalon.core.testobject.TestObject(): null

2018-06-04 18:46:50 - [TEST_STEP][PASSED] - Statement - product = com.kms.katalon.core.webui.keyword.WebUiBuiltInKeywords.modifyObjectProperty(product, "xpath", "equals", "//*[@id = "fldvendor" + row + ""]", true): Modify property of object successfully

2018-06-04 18:46:50 - [MESSAGE][PASSED] - Modify property of object successfully

2018-06-04 18:46:50 - [TEST_STEP][PASSED] - selectOptionByIndex: All options with index in [1] are selected on object ''

2018-06-04 18:46:50 - [MESSAGE][PASSED] - All options with index in [1] are selected on object ''

2018-06-04 18:46:50 - [TEST_STEP][PASSED] - delay: Delayed 2 second(s)

2018-06-04 18:46:52 - [MESSAGE][PASSED] - Delayed 2 second(s)

2018-06-04 18:46:52 - [TEST_STEP][PASSED] - Statement - batch = new com.kms.katalon.core.testobject.TestObject(): null

2018-06-04 18:46:52 - [TEST_STEP][PASSED] - Statement - batch = com.kms.katalon.core.webui.keyword.WebUiBuiltInKeywords.modifyObjectProperty(batch, "xpath", "equals", "//*[@id = "txtbthqty" + row + ""]", true): Modify property of object successfully

2018-06-04 18:46:52 - [MESSAGE][PASSED] - Modify property of object successfully

2018-06-04 18:46:52 - [TEST_STEP][PASSED] - Statement - batchqty = com.kms.katalon.core.webui.keyword.WebUiBuiltInKeywords.getAttribute(batch, "value").trim(): Attribute 'value' of object '' is: '4400'

2018-06-04 18:46:52 - [MESSAGE][PASSED] - Attribute 'value' of object '' is: '4400'

2018-06-04 18:46:52 - [TEST_STEP][PASSED] - Statement - Rqty = 100: null

2018-06-04 18:46:52 - [TEST_STEP][PASSED] - Statement - out.println("BatchQty : " + batchqty): null

2018-06-04 18:46:52 - [TEST_STEP][PASSED] - Statement - out.println("RQty : " + Rqty): null

2018-06-04 18:46:52 - [TEST_STEP][PASSED] - Statement - If (java.lang.Integer.valueOf(batchqty) >= java.lang.Integer.valueOf(Rqty)): null

2018-06-04 18:46:52 - [TEST_STEP][PASSED] - Statement - Break: null

2018-06-04 18:46:52 - [TEST_STEP][PASSED] - Statement - batchlength = new com.kms.katalon.core.testobject.TestObject(): null

2018-06-04 18:46:52 - [TEST_STEP][PASSED] - Statement - batchlength = com.kms.katalon.core.webui.keyword.WebUiBuiltInKeywords.modifyObjectProperty(batchlength, "xpath", "equals", "//*[@id = "fldvendor" + row + ""]", true): Modify property of object successfully

2018-06-04 18:46:52 - [MESSAGE][PASSED] - Modify property of object successfully

2018-06-04 18:46:52 - [TEST_STEP][PASSED] - Statement - batchsize = com.kms.katalon.core.webui.keyword.WebUiBuiltInKeywords.getNumberOfTotalOption(batchlength): 9 options of object '' counted

2018-06-04 18:46:52 - [MESSAGE][PASSED] - 9 options of object '' counted

2018-06-04 18:46:52 - [TEST_STEP][PASSED] - Statement - out.println("BatchSize : " + batchsize): null

2018-06-04 18:46:52 - [TEST_STEP][PASSED] - Statement - For ([n = 1, n <= batchsize - 1, (n++)]): null

2018-06-04 18:46:52 - [TEST_STEP][PASSED] - Statement - product = new com.kms.katalon.core.testobject.TestObject(): null

2018-06-04 18:46:52 - [TEST_STEP][PASSED] - Statement - product = com.kms.katalon.core.webui.keyword.WebUiBuiltInKeywords.modifyObjectProperty(product, "xpath", "equals", "//*[@id = "fldvendor" + row + ""]", true): Modify property of object successfully

2018-06-04 18:46:52 - [MESSAGE][PASSED] - Modify property of object successfully

2018-06-04 18:46:52 - [TEST_STEP][PASSED] - selectOptionByIndex: All options with index in [1] are selected on object ''

2018-06-04 18:46:52 - [MESSAGE][PASSED] - All options with index in [1] are selected on object ''

2018-06-04 18:46:52 - [TEST_STEP][PASSED] - delay: Delayed 2 second(s)

2018-06-04 18:46:54 - [MESSAGE][PASSED] - Delayed 2 second(s)

2018-06-04 18:46:54 - [TEST_STEP][PASSED] - Statement - batch = new com.kms.katalon.core.testobject.TestObject(): null

2018-06-04 18:46:54 - [TEST_STEP][PASSED] - Statement - batch = com.kms.katalon.core.webui.keyword.WebUiBuiltInKeywords.modifyObjectProperty(batch, "xpath", "equals", "//*[@id = "txtbthqty" + row + ""]", true): Modify property of object successfully

2018-06-04 18:46:54 - [MESSAGE][PASSED] - Modify property of object successfully

2018-06-04 18:46:54 - [TEST_STEP][PASSED] - Statement - batchqty = com.kms.katalon.core.webui.keyword.WebUiBuiltInKeywords.getAttribute(batch, "value").trim(): Attribute 'value' of object '' is: '35200'

2018-06-04 18:46:54 - [MESSAGE][PASSED] - Attribute 'value' of object '' is: '35200'

2018-06-04 18:46:54 - [TEST_STEP][PASSED] - Statement - Rqty = 100: null

2018-06-04 18:46:54 - [TEST_STEP][PASSED] - Statement - out.println("BatchQty : " + batchqty): null

2018-06-04 18:46:54 - [TEST_STEP][PASSED] - Statement - out.println("RQty : " + Rqty): null

2018-06-04 18:46:54 - [TEST_STEP][PASSED] - Statement - If (java.lang.Integer.valueOf(batchqty) >= java.lang.Integer.valueOf(Rqty)): null

2018-06-04 18:46:54 - [TEST_STEP][PASSED] - Statement - Break: null

2018-06-04 18:46:54 - [TEST_STEP][PASSED] - Statement - batchlength = new com.kms.katalon.core.testobject.TestObject(): null

2018-06-04 18:46:54 - [TEST_STEP][PASSED] - Statement - batchlength = com.kms.katalon.core.webui.keyword.WebUiBuiltInKeywords.modifyObjectProperty(batchlength, "xpath", "equals", "//*[@id = "fldvendor" + row + ""]", true): Modify property of object successfully

2018-06-04 18:46:54 - [MESSAGE][PASSED] - Modify property of object successfully

2018-06-04 18:46:54 - [TEST_STEP][PASSED] - Statement - batchsize = com.kms.katalon.core.webui.keyword.WebUiBuiltInKeywords.getNumberOfTotalOption(batchlength): 9 options of object '' counted

2018-06-04 18:46:54 - [MESSAGE][PASSED] - 9 options of object '' counted

2018-06-04 18:46:54 - [TEST_STEP][PASSED] - Statement - out.println("BatchSize : " + batchsize): null

2018-06-04 18:46:54 - [TEST_STEP][PASSED] - Statement - For ([n = 1, n <= batchsize - 1, (n++)]): null

2018-06-04 18:46:54 - [TEST_STEP][PASSED] - Statement - product = new com.kms.katalon.core.testobject.TestObject(): null

2018-06-04 18:46:54 - [TEST_STEP][PASSED] - Statement - product = com.kms.katalon.core.webui.keyword.WebUiBuiltInKeywords.modifyObjectProperty(product, "xpath", "equals", "//*[@id = "fldvendor" + row + ""]", true): Modify property of object successfully

2018-06-04 18:46:54 - [MESSAGE][PASSED] - Modify property of object successfully

2018-06-04 18:46:54 - [TEST_STEP][PASSED] - selectOptionByIndex: All options with index in [1] are selected on object ''

2018-06-04 18:46:55 - [MESSAGE][PASSED] - All options with index in [1] are selected on object ''

2018-06-04 18:46:55 - [TEST_STEP][PASSED] - delay: Delayed 2 second(s)

2018-06-04 18:46:57 - [MESSAGE][PASSED] - Delayed 2 second(s)

2018-06-04 18:46:57 - [TEST_STEP][PASSED] - Statement - batch = new com.kms.katalon.core.testobject.TestObject(): null

2018-06-04 18:46:57 - [TEST_STEP][PASSED] - Statement - batch = com.kms.katalon.core.webui.keyword.WebUiBuiltInKeywords.modifyObjectProperty(batch, "xpath", "equals", "//*[@id = "txtbthqty" + row + ""]", true): Modify property of object successfully

2018-06-04 18:46:57 - [MESSAGE][PASSED] - Modify property of object successfully

2018-06-04 18:46:57 - [TEST_STEP][PASSED] - Statement - batchqty = com.kms.katalon.core.webui.keyword.WebUiBuiltInKeywords.getAttribute(batch, "value").trim(): Attribute 'value' of object '' is: '4400'

2018-06-04 18:46:57 - [MESSAGE][PASSED] - Attribute 'value' of object '' is: '4400'

2018-06-04 18:46:57 - [TEST_STEP][PASSED] - Statement - Rqty = 100: null

2018-06-04 18:46:57 - [TEST_STEP][PASSED] - Statement - out.println("BatchQty : " + batchqty): null

2018-06-04 18:46:57 - [TEST_STEP][PASSED] - Statement - out.println("RQty : " + Rqty): null

2018-06-04 18:46:57 - [TEST_STEP][PASSED] - Statement - If (java.lang.Integer.valueOf(batchqty) >= java.lang.Integer.valueOf(Rqty)): null

2018-06-04 18:46:57 - [TEST_STEP][PASSED] - Statement - Break: null

2018-06-04 18:46:57 - [TEST_STEP][PASSED] - Statement - batchlength = new com.kms.katalon.core.testobject.TestObject(): null

2018-06-04 18:46:57 - [TEST_STEP][PASSED] - Statement - batchlength = com.kms.katalon.core.webui.keyword.WebUiBuiltInKeywords.modifyObjectProperty(batchlength, "xpath", "equals", "//*[@id = "fldvendor" + row + ""]", true): Modify property of object successfully

2018-06-04 18:46:57 - [MESSAGE][PASSED] - Modify property of object successfully

2018-06-04 18:46:57 - [TEST_STEP][PASSED] - Statement - batchsize = com.kms.katalon.core.webui.keyword.WebUiBuiltInKeywords.getNumberOfTotalOption(batchlength): 9 options of object '' counted

2018-06-04 18:46:57 - [MESSAGE][PASSED] - 9 options of object '' counted

2018-06-04 18:46:57 - [TEST_STEP][PASSED] - Statement - out.println("BatchSize : " + batchsize): null

2018-06-04 18:46:57 - [TEST_STEP][PASSED] - Statement - For ([n = 1, n <= batchsize - 1, (n++)]): null

2018-06-04 18:46:57 - [TEST_STEP][PASSED] - Statement - product = new com.kms.katalon.core.testobject.TestObject(): null

2018-06-04 18:46:57 - [TEST_STEP][PASSED] - Statement - product = com.kms.katalon.core.webui.keyword.WebUiBuiltInKeywords.modifyObjectProperty(product, "xpath", "equals", "//*[@id = "fldvendor" + row + ""]", true): Modify property of object successfully

2018-06-04 18:46:57 - [MESSAGE][PASSED] - Modify property of object successfully

2018-06-04 18:46:57 - [TEST_STEP][PASSED] - selectOptionByIndex: All options with index in [1] are selected on object ''

2018-06-04 18:46:57 - [MESSAGE][PASSED] - All options with index in [1] are selected on object ''

2018-06-04 18:46:57 - [TEST_STEP][PASSED] - delay: Delayed 2 second(s)

2018-06-04 18:46:59 - [MESSAGE][PASSED] - Delayed 2 second(s)

2018-06-04 18:46:59 - [TEST_STEP][PASSED] - Statement - batch = new com.kms.katalon.core.testobject.TestObject(): null

2018-06-04 18:46:59 - [TEST_STEP][PASSED] - Statement - batch = com.kms.katalon.core.webui.keyword.WebUiBuiltInKeywords.modifyObjectProperty(batch, "xpath", "equals", "//*[@id = "txtbthqty" + row + ""]", true): Modify property of object successfully

2018-06-04 18:46:59 - [MESSAGE][PASSED] - Modify property of object successfully

2018-06-04 18:46:59 - [TEST_STEP][PASSED] - Statement - batchqty = com.kms.katalon.core.webui.keyword.WebUiBuiltInKeywords.getAttribute(batch, "value").trim(): Attribute 'value' of object '' is: '37200'

2018-06-04 18:46:59 - [MESSAGE][PASSED] - Attribute 'value' of object '' is: '37200'

2018-06-04 18:46:59 - [TEST_STEP][PASSED] - Statement - Rqty = 100: null

2018-06-04 18:46:59 - [TEST_STEP][PASSED] - Statement - out.println("BatchQty : " + batchqty): null

2018-06-04 18:46:59 - [TEST_STEP][PASSED] - Statement - out.println("RQty : " + Rqty): null

2018-06-04 18:46:59 - [TEST_STEP][PASSED] - Statement - If (java.lang.Integer.valueOf(batchqty) >= java.lang.Integer.valueOf(Rqty)): null

2018-06-04 18:46:59 - [TEST_STEP][PASSED] - Statement - Break: null

2018-06-04 18:46:59 - [TEST_STEP][PASSED] - Statement - batchlength = new com.kms.katalon.core.testobject.TestObject(): null

2018-06-04 18:46:59 - [TEST_STEP][PASSED] - Statement - batchlength = com.kms.katalon.core.webui.keyword.WebUiBuiltInKeywords.modifyObjectProperty(batchlength, "xpath", "equals", "//*[@id = "fldvendor" + row + ""]", true): Modify property of object successfully

2018-06-04 18:46:59 - [MESSAGE][PASSED] - Modify property of object successfully

2018-06-04 18:46:59 - [TEST_STEP][PASSED] - Statement - batchsize = com.kms.katalon.core.webui.keyword.WebUiBuiltInKeywords.getNumberOfTotalOption(batchlength): 9 options of object '' counted

2018-06-04 18:46:59 - [MESSAGE][PASSED] - 9 options of object '' counted

2018-06-04 18:46:59 - [TEST_STEP][PASSED] - Statement - out.println("BatchSize : " + batchsize): null

2018-06-04 18:46:59 - [TEST_STEP][PASSED] - Statement - For ([n = 1, n <= batchsize - 1, (n++)]): null

2018-06-04 18:46:59 - [TEST_STEP][PASSED] - Statement - product = new com.kms.katalon.core.testobject.TestObject(): null

2018-06-04 18:46:59 - [TEST_STEP][PASSED] - Statement - product = com.kms.katalon.core.webui.keyword.WebUiBuiltInKeywords.modifyObjectProperty(product, "xpath", "equals", "//*[@id = "fldvendor" + row + ""]", true): Modify property of object successfully

2018-06-04 18:46:59 - [MESSAGE][PASSED] - Modify property of object successfully

2018-06-04 18:46:59 - [TEST_STEP][PASSED] - selectOptionByIndex: All options with index in [1] are selected on object ''

2018-06-04 18:46:59 - [MESSAGE][PASSED] - All options with index in [1] are selected on object ''

2018-06-04 18:46:59 - [TEST_STEP][PASSED] - delay: Delayed 2 second(s)

2018-06-04 18:47:01 - [MESSAGE][PASSED] - Delayed 2 second(s)

2018-06-04 18:47:01 - [TEST_STEP][PASSED] - Statement - batch = new com.kms.katalon.core.testobject.TestObject(): null

2018-06-04 18:47:01 - [TEST_STEP][PASSED] - Statement - batch = com.kms.katalon.core.webui.keyword.WebUiBuiltInKeywords.modifyObjectProperty(batch, "xpath", "equals", "//*[@id = "txtbthqty" + row + ""]", true): Modify property of object successfully

2018-06-04 18:47:01 - [MESSAGE][PASSED] - Modify property of object successfully

2018-06-04 18:47:01 - [TEST_STEP][PASSED] - Statement - batchqty = com.kms.katalon.core.webui.keyword.WebUiBuiltInKeywords.getAttribute(batch, "value").trim(): Attribute 'value' of object '' is: '3300'

2018-06-04 18:47:01 - [MESSAGE][PASSED] - Attribute 'value' of object '' is: '3300'

2018-06-04 18:47:01 - [TEST_STEP][PASSED] - Statement - Rqty = 100: null

2018-06-04 18:47:01 - [TEST_STEP][PASSED] - Statement - out.println("BatchQty : " + batchqty): null

2018-06-04 18:47:01 - [TEST_STEP][PASSED] - Statement - out.println("RQty : " + Rqty): null

2018-06-04 18:47:01 - [TEST_STEP][PASSED] - Statement - If (java.lang.Integer.valueOf(batchqty) >= java.lang.Integer.valueOf(Rqty)): null

2018-06-04 18:47:01 - [TEST_STEP][PASSED] - Statement - Break: null

2018-06-04 18:47:01 - [TEST_STEP][PASSED] - Statement - batchlength = new com.kms.katalon.core.testobject.TestObject(): null

2018-06-04 18:47:01 - [TEST_STEP][PASSED] - Statement - batchlength = com.kms.katalon.core.webui.keyword.WebUiBuiltInKeywords.modifyObjectProperty(batchlength, "xpath", "equals", "//*[@id = "fldvendor" + row + ""]", true): Modify property of object successfully

2018-06-04 18:47:01 - [MESSAGE][PASSED] - Modify property of object successfully

2018-06-04 18:47:01 - [TEST_STEP][PASSED] - Statement - batchsize = com.kms.katalon.core.webui.keyword.WebUiBuiltInKeywords.getNumberOfTotalOption(batchlength): 9 options of object '' counted

2018-06-04 18:47:01 - [MESSAGE][PASSED] - 9 options of object '' counted

2018-06-04 18:47:01 - [TEST_STEP][PASSED] - Statement - out.println("BatchSize : " + batchsize): null

2018-06-04 18:47:01 - [TEST_STEP][PASSED] - Statement - For ([n = 1, n <= batchsize - 1, (n++)]): null

2018-06-04 18:47:01 - [TEST_STEP][PASSED] - Statement - product = new com.kms.katalon.core.testobject.TestObject(): null

2018-06-04 18:47:01 - [TEST_STEP][PASSED] - Statement - product = com.kms.katalon.core.webui.keyword.WebUiBuiltInKeywords.modifyObjectProperty(product, "xpath", "equals", "//*[@id = "fldvendor" + row + ""]", true): Modify property of object successfully

2018-06-04 18:47:01 - [MESSAGE][PASSED] - Modify property of object successfully

2018-06-04 18:47:01 - [TEST_STEP][PASSED] - selectOptionByIndex: All options with index in [1] are selected on object ''

2018-06-04 18:47:01 - [MESSAGE][PASSED] - All options with index in [1] are selected on object ''

2018-06-04 18:47:01 - [TEST_STEP][PASSED] - delay: Delayed 2 second(s)

2018-06-04 18:47:03 - [MESSAGE][PASSED] - Delayed 2 second(s)

2018-06-04 18:47:03 - [TEST_STEP][PASSED] - Statement - batch = new com.kms.katalon.core.testobject.TestObject(): null

2018-06-04 18:47:03 - [TEST_STEP][PASSED] - Statement - batch = com.kms.katalon.core.webui.keyword.WebUiBuiltInKeywords.modifyObjectProperty(batch, "xpath", "equals", "//*[@id = "txtbthqty" + row + ""]", true): Modify property of object successfully

2018-06-04 18:47:03 - [MESSAGE][PASSED] - Modify property of object successfully

2018-06-04 18:47:03 - [TEST_STEP][PASSED] - Statement - batchqty = com.kms.katalon.core.webui.keyword.WebUiBuiltInKeywords.getAttribute(batch, "value").trim(): Attribute 'value' of object '' is: '2300'

2018-06-04 18:47:03 - [MESSAGE][PASSED] - Attribute 'value' of object '' is: '2300'

2018-06-04 18:47:03 - [TEST_STEP][PASSED] - Statement - Rqty = 100: null

2018-06-04 18:47:03 - [TEST_STEP][PASSED] - Statement - out.println("BatchQty : " + batchqty): null

2018-06-04 18:47:03 - [TEST_STEP][PASSED] - Statement - out.println("RQty : " + Rqty): null

2018-06-04 18:47:03 - [TEST_STEP][PASSED] - Statement - If (java.lang.Integer.valueOf(batchqty) >= java.lang.Integer.valueOf(Rqty)): null

2018-06-04 18:47:03 - [TEST_STEP][PASSED] - Statement - Break: null

2018-06-04 18:47:03 - [TEST_STEP][PASSED] - Statement - batchlength = new com.kms.katalon.core.testobject.TestObject(): null

2018-06-04 18:47:03 - [TEST_STEP][PASSED] - Statement - batchlength = com.kms.katalon.core.webui.keyword.WebUiBuiltInKeywords.modifyObjectProperty(batchlength, "xpath", "equals", "//*[@id = "fldvendor" + row + ""]", true): Modify property of object successfully

2018-06-04 18:47:03 - [MESSAGE][PASSED] - Modify property of object successfully

2018-06-04 18:47:03 - [TEST_STEP][PASSED] - Statement - batchsize = com.kms.katalon.core.webui.keyword.WebUiBuiltInKeywords.getNumberOfTotalOption(batchlength): 9 options of object '' counted

2018-06-04 18:47:03 - [MESSAGE][PASSED] - 9 options of object '' counted

2018-06-04 18:47:03 - [TEST_STEP][PASSED] - Statement - out.println("BatchSize : " + batchsize): null

2018-06-04 18:47:03 - [TEST_STEP][PASSED] - Statement - For ([n = 1, n <= batchsize - 1, (n++)]): null

2018-06-04 18:47:03 - [TEST_STEP][PASSED] - Statement - product = new com.kms.katalon.core.testobject.TestObject(): null

2018-06-04 18:47:03 - [TEST_STEP][PASSED] - Statement - product = com.kms.katalon.core.webui.keyword.WebUiBuiltInKeywords.modifyObjectProperty(product, "xpath", "equals", "//*[@id = "fldvendor" + row + ""]", true): Modify property of object successfully

2018-06-04 18:47:03 - [MESSAGE][PASSED] - Modify property of object successfully

2018-06-04 18:47:03 - [TEST_STEP][PASSED] - selectOptionByIndex: All options with index in [1] are selected on object ''

2018-06-04 18:47:04 - [MESSAGE][PASSED] - All options with index in [1] are selected on object ''

2018-06-04 18:47:04 - [TEST_STEP][PASSED] - delay: Delayed 2 second(s)

2018-06-04 18:47:06 - [MESSAGE][PASSED] - Delayed 2 second(s)

2018-06-04 18:47:06 - [TEST_STEP][PASSED] - Statement - batch = new com.kms.katalon.core.testobject.TestObject(): null

2018-06-04 18:47:06 - [TEST_STEP][PASSED] - Statement - batch = com.kms.katalon.core.webui.keyword.WebUiBuiltInKeywords.modifyObjectProperty(batch, "xpath", "equals", "//*[@id = "txtbthqty" + row + ""]", true): Modify property of object successfully

2018-06-04 18:47:06 - [MESSAGE][PASSED] - Modify property of object successfully

2018-06-04 18:47:06 - [TEST_STEP][PASSED] - Statement - batchqty = com.kms.katalon.core.webui.keyword.WebUiBuiltInKeywords.getAttribute(batch, "value").trim(): Attribute 'value' of object '' is: '37200'

2018-06-04 18:47:06 - [MESSAGE][PASSED] - Attribute 'value' of object '' is: '37200'

2018-06-04 18:47:06 - [TEST_STEP][PASSED] - Statement - Rqty = 100: null

2018-06-04 18:47:06 - [TEST_STEP][PASSED] - Statement - out.println("BatchQty : " + batchqty): null

2018-06-04 18:47:06 - [TEST_STEP][PASSED] - Statement - out.println("RQty : " + Rqty): null

2018-06-04 18:47:06 - [TEST_STEP][PASSED] - Statement - If (java.lang.Integer.valueOf(batchqty) >= java.lang.Integer.valueOf(Rqty)): null

2018-06-04 18:47:06 - [TEST_STEP][PASSED] - Statement - Break: null

2018-06-04 18:47:06 - [TEST_STEP][PASSED] - Statement - batchlength = new com.kms.katalon.core.testobject.TestObject(): null

2018-06-04 18:47:06 - [TEST_STEP][PASSED] - Statement - batchlength = com.kms.katalon.core.webui.keyword.WebUiBuiltInKeywords.modifyObjectProperty(batchlength, "xpath", "equals", "//*[@id = "fldvendor" + row + ""]", true): Modify property of object successfully

2018-06-04 18:47:06 - [MESSAGE][PASSED] - Modify property of object successfully

2018-06-04 18:47:06 - [TEST_STEP][PASSED] - Statement - batchsize = com.kms.katalon.core.webui.keyword.WebUiBuiltInKeywords.getNumberOfTotalOption(batchlength): 9 options of object '' counted

2018-06-04 18:47:06 - [MESSAGE][PASSED] - 9 options of object '' counted

2018-06-04 18:47:06 - [TEST_STEP][PASSED] - Statement - out.println("BatchSize : " + batchsize): null

2018-06-04 18:47:06 - [TEST_STEP][PASSED] - Statement - For ([n = 1, n <= batchsize - 1, (n++)]): null

2018-06-04 18:47:06 - [TEST_STEP][PASSED] - Statement - product = new com.kms.katalon.core.testobject.TestObject(): null

2018-06-04 18:47:06 - [TEST_STEP][PASSED] - Statement - product = com.kms.katalon.core.webui.keyword.WebUiBuiltInKeywords.modifyObjectProperty(product, "xpath", "equals", "//*[@id = "fldvendor" + row + ""]", true): Modify property of object successfully

2018-06-04 18:47:06 - [MESSAGE][PASSED] - Modify property of object successfully

2018-06-04 18:47:06 - [TEST_STEP][PASSED] - selectOptionByIndex: All options with index in [1] are selected on object ''

2018-06-04 18:47:06 - [MESSAGE][PASSED] - All options with index in [1] are selected on object ''

2018-06-04 18:47:06 - [TEST_STEP][PASSED] - delay: Delayed 2 second(s)

2018-06-04 18:47:08 - [MESSAGE][PASSED] - Delayed 2 second(s)

2018-06-04 18:47:08 - [TEST_STEP][PASSED] - Statement - batch = new com.kms.katalon.core.testobject.TestObject(): null

2018-06-04 18:47:08 - [TEST_STEP][PASSED] - Statement - batch = com.kms.katalon.core.webui.keyword.WebUiBuiltInKeywords.modifyObjectProperty(batch, "xpath", "equals", "//*[@id = "txtbthqty" + row + ""]", true): Modify property of object successfully

2018-06-04 18:47:08 - [MESSAGE][PASSED] - Modify property of object successfully

2018-06-04 18:47:08 - [TEST_STEP][PASSED] - Statement - batchqty = com.kms.katalon.core.webui.keyword.WebUiBuiltInKeywords.getAttribute(batch, "value").trim(): Attribute 'value' of object '' is: '3300'

2018-06-04 18:47:08 - [MESSAGE][PASSED] - Attribute 'value' of object '' is: '3300'

2018-06-04 18:47:08 - [TEST_STEP][PASSED] - Statement - Rqty = 100: null

2018-06-04 18:47:08 - [TEST_STEP][PASSED] - Statement - out.println("BatchQty : " + batchqty): null

2018-06-04 18:47:08 - [TEST_STEP][PASSED] - Statement - out.println("RQty : " + Rqty): null

2018-06-04 18:47:08 - [TEST_STEP][PASSED] - Statement - If (java.lang.Integer.valueOf(batchqty) >= java.lang.Integer.valueOf(Rqty)): null

2018-06-04 18:47:08 - [TEST_STEP][PASSED] - Statement - Break: null

2018-06-04 18:47:08 - [TEST_STEP][PASSED] - Statement - batchlength = new com.kms.katalon.core.testobject.TestObject(): null

2018-06-04 18:47:08 - [TEST_STEP][PASSED] - Statement - batchlength = com.kms.katalon.core.webui.keyword.WebUiBuiltInKeywords.modifyObjectProperty(batchlength, "xpath", "equals", "//*[@id = "fldvendor" + row + ""]", true): Modify property of object successfully

2018-06-04 18:47:08 - [MESSAGE][PASSED] - Modify property of object successfully

2018-06-04 18:47:08 - [TEST_STEP][PASSED] - Statement - batchsize = com.kms.katalon.core.webui.keyword.WebUiBuiltInKeywords.getNumberOfTotalOption(batchlength): 9 options of object '' counted

2018-06-04 18:47:08 - [MESSAGE][PASSED] - 9 options of object '' counted

2018-06-04 18:47:08 - [TEST_STEP][PASSED] - Statement - out.println("BatchSize : " + batchsize): null

2018-06-04 18:47:08 - [TEST_STEP][PASSED] - Statement - For ([n = 1, n <= batchsize - 1, (n++)]): null

2018-06-04 18:47:08 - [TEST_STEP][PASSED] - Statement - product = new com.kms.katalon.core.testobject.TestObject(): null

2018-06-04 18:47:08 - [TEST_STEP][PASSED] - Statement - product = com.kms.katalon.core.webui.keyword.WebUiBuiltInKeywords.modifyObjectProperty(product, "xpath", "equals", "//*[@id = "fldvendor" + row + ""]", true): Modify property of object successfully

2018-06-04 18:47:08 - [MESSAGE][PASSED] - Modify property of object successfully

2018-06-04 18:47:08 - [TEST_STEP][PASSED] - selectOptionByIndex: All options with index in [1] are selected on object ''

2018-06-04 18:47:08 - [MESSAGE][PASSED] - All options with index in [1] are selected on object ''

2018-06-04 18:47:08 - [TEST_STEP][PASSED] - delay: Delayed 2 second(s)

2018-06-04 18:47:10 - [MESSAGE][PASSED] - Delayed 2 second(s)

2018-06-04 18:47:10 - [TEST_STEP][PASSED] - Statement - batch = new com.kms.katalon.core.testobject.TestObject(): null

2018-06-04 18:47:10 - [TEST_STEP][PASSED] - Statement - batch = com.kms.katalon.core.webui.keyword.WebUiBuiltInKeywords.modifyObjectProperty(batch, "xpath", "equals", "//*[@id = "txtbthqty" + row + ""]", true): Modify property of object successfully

2018-06-04 18:47:10 - [MESSAGE][PASSED] - Modify property of object successfully

2018-06-04 18:47:10 - [TEST_STEP][PASSED] - Statement - batchqty = com.kms.katalon.core.webui.keyword.WebUiBuiltInKeywords.getAttribute(batch, "value").trim(): Attribute 'value' of object '' is: '4200'

2018-06-04 18:47:10 - [MESSAGE][PASSED] - Attribute 'value' of object '' is: '4200'

2018-06-04 18:47:10 - [TEST_STEP][PASSED] - Statement - Rqty = 100: null

2018-06-04 18:47:10 - [TEST_STEP][PASSED] - Statement - out.println("BatchQty : " + batchqty): null

2018-06-04 18:47:10 - [TEST_STEP][PASSED] - Statement - out.println("RQty : " + Rqty): null

2018-06-04 18:47:10 - [TEST_STEP][PASSED] - Statement - If (java.lang.Integer.valueOf(batchqty) >= java.lang.Integer.valueOf(Rqty)): null

2018-06-04 18:47:10 - [TEST_STEP][PASSED] - Statement - Break: null

2018-06-04 18:47:10 - [TEST_STEP][PASSED] - Statement - batchlength = new com.kms.katalon.core.testobject.TestObject(): null

2018-06-04 18:47:10 - [TEST_STEP][PASSED] - Statement - batchlength = com.kms.katalon.core.webui.keyword.WebUiBuiltInKeywords.modifyObjectProperty(batchlength, "xpath", "equals", "//*[@id = "fldvendor" + row + ""]", true): Modify property of object successfully

2018-06-04 18:47:10 - [MESSAGE][PASSED] - Modify property of object successfully

2018-06-04 18:47:10 - [TEST_STEP][PASSED] - Statement - batchsize = com.kms.katalon.core.webui.keyword.WebUiBuiltInKeywords.getNumberOfTotalOption(batchlength): 9 options of object '' counted

2018-06-04 18:47:10 - [MESSAGE][PASSED] - 9 options of object '' counted

2018-06-04 18:47:10 - [TEST_STEP][PASSED] - Statement - out.println("BatchSize : " + batchsize): null

2018-06-04 18:47:10 - [TEST_STEP][PASSED] - Statement - For ([n = 1, n <= batchsize - 1, (n++)]): null

2018-06-04 18:47:10 - [TEST_STEP][PASSED] - Statement - product = new com.kms.katalon.core.testobject.TestObject(): null

2018-06-04 18:47:10 - [TEST_STEP][PASSED] - Statement - product = com.kms.katalon.core.webui.keyword.WebUiBuiltInKeywords.modifyObjectProperty(product, "xpath", "equals", "//*[@id = "fldvendor" + row + ""]", true): Modify property of object successfully

2018-06-04 18:47:10 - [MESSAGE][PASSED] - Modify property of object successfully

2018-06-04 18:47:10 - [TEST_STEP][PASSED] - selectOptionByIndex: All options with index in [1] are selected on object ''

2018-06-04 18:47:10 - [MESSAGE][PASSED] - All options with index in [1] are selected on object ''

2018-06-04 18:47:10 - [TEST_STEP][PASSED] - delay: Delayed 2 second(s)

2018-06-04 18:47:12 - [MESSAGE][PASSED] - Delayed 2 second(s)

2018-06-04 18:47:12 - [TEST_STEP][PASSED] - Statement - batch = new com.kms.katalon.core.testobject.TestObject(): null

2018-06-04 18:47:12 - [TEST_STEP][PASSED] - Statement - batch = com.kms.katalon.core.webui.keyword.WebUiBuiltInKeywords.modifyObjectProperty(batch, "xpath", "equals", "//*[@id = "txtbthqty" + row + ""]", true): Modify property of object successfully

2018-06-04 18:47:12 - [MESSAGE][PASSED] - Modify property of object successfully

2018-06-04 18:47:12 - [TEST_STEP][PASSED] - Statement - batchqty = com.kms.katalon.core.webui.keyword.WebUiBuiltInKeywords.getAttribute(batch, "value").trim(): Attribute 'value' of object '' is: '4200'

2018-06-04 18:47:12 - [MESSAGE][PASSED] - Attribute 'value' of object '' is: '4200'

2018-06-04 18:47:12 - [TEST_STEP][PASSED] - Statement - Rqty = 100: null

2018-06-04 18:47:12 - [TEST_STEP][PASSED] - Statement - out.println("BatchQty : " + batchqty): null

2018-06-04 18:47:12 - [TEST_STEP][PASSED] - Statement - out.println("RQty : " + Rqty): null

2018-06-04 18:47:12 - [TEST_STEP][PASSED] - Statement - If (java.lang.Integer.valueOf(batchqty) >= java.lang.Integer.valueOf(Rqty)): null

2018-06-04 18:47:12 - [TEST_STEP][PASSED] - Statement - Break: null

2018-06-04 18:47:12 - [TEST_STEP][PASSED] - Statement - batchlength = new com.kms.katalon.core.testobject.TestObject(): null

2018-06-04 18:47:12 - [TEST_STEP][PASSED] - Statement - batchlength = com.kms.katalon.core.webui.keyword.WebUiBuiltInKeywords.modifyObjectProperty(batchlength, "xpath", "equals", "//*[@id = "fldvendor" + row + ""]", true): Modify property of object successfully

2018-06-04 18:47:12 - [MESSAGE][PASSED] - Modify property of object successfully

2018-06-04 18:47:12 - [TEST_STEP][PASSED] - Statement - batchsize = com.kms.katalon.core.webui.keyword.WebUiBuiltInKeywords.getNumberOfTotalOption(batchlength): 9 options of object '' counted

2018-06-04 18:47:12 - [MESSAGE][PASSED] - 9 options of object '' counted

2018-06-04 18:47:12 - [TEST_STEP][PASSED] - Statement - out.println("BatchSize : " + batchsize): null

2018-06-04 18:47:12 - [TEST_STEP][PASSED] - Statement - For ([n = 1, n <= batchsize - 1, (n++)]): null

2018-06-04 18:47:12 - [TEST_STEP][PASSED] - Statement - product = new com.kms.katalon.core.testobject.TestObject(): null

2018-06-04 18:47:12 - [TEST_STEP][PASSED] - Statement - product = com.kms.katalon.core.webui.keyword.WebUiBuiltInKeywords.modifyObjectProperty(product, "xpath", "equals", "//*[@id = "fldvendor" + row + ""]", true): Modify property of object successfully

2018-06-04 18:47:12 - [MESSAGE][PASSED] - Modify property of object successfully

2018-06-04 18:47:12 - [TEST_STEP][PASSED] - selectOptionByIndex: All options with index in [1] are selected on object ''

2018-06-04 18:47:13 - [MESSAGE][PASSED] - All options with index in [1] are selected on object ''

2018-06-04 18:47:13 - [TEST_STEP][PASSED] - delay: Delayed 2 second(s)

2018-06-04 18:47:15 - [MESSAGE][PASSED] - Delayed 2 second(s)

2018-06-04 18:47:15 - [TEST_STEP][PASSED] - Statement - batch = new com.kms.katalon.core.testobject.TestObject(): null

2018-06-04 18:47:15 - [TEST_STEP][PASSED] - Statement - batch = com.kms.katalon.core.webui.keyword.WebUiBuiltInKeywords.modifyObjectProperty(batch, "xpath", "equals", "//*[@id = "txtbthqty" + row + ""]", true): Modify property of object successfully

2018-06-04 18:47:15 - [MESSAGE][PASSED] - Modify property of object successfully

2018-06-04 18:47:15 - [TEST_STEP][PASSED] - Statement - batchqty = com.kms.katalon.core.webui.keyword.WebUiBuiltInKeywords.getAttribute(batch, "value").trim(): Attribute 'value' of object '' is: '37200'

2018-06-04 18:47:15 - [MESSAGE][PASSED] - Attribute 'value' of object '' is: '37200'

2018-06-04 18:47:15 - [TEST_STEP][PASSED] - Statement - Rqty = 100: null

2018-06-04 18:47:15 - [TEST_STEP][PASSED] - Statement - out.println("BatchQty : " + batchqty): null

2018-06-04 18:47:15 - [TEST_STEP][PASSED] - Statement - out.println("RQty : " + Rqty): null

2018-06-04 18:47:15 - [TEST_STEP][PASSED] - Statement - If (java.lang.Integer.valueOf(batchqty) >= java.lang.Integer.valueOf(Rqty)): null

2018-06-04 18:47:15 - [TEST_STEP][PASSED] - Statement - Break: null

2018-06-04 18:47:15 - [TEST_STEP][PASSED] - Statement - batchlength = new com.kms.katalon.core.testobject.TestObject(): null

2018-06-04 18:47:15 - [TEST_STEP][PASSED] - Statement - batchlength = com.kms.katalon.core.webui.keyword.WebUiBuiltInKeywords.modifyObjectProperty(batchlength, "xpath", "equals", "//*[@id = "fldvendor" + row + ""]", true): Modify property of object successfully

2018-06-04 18:47:15 - [MESSAGE][PASSED] - Modify property of object successfully

2018-06-04 18:47:15 - [TEST_STEP][PASSED] - Statement - batchsize = com.kms.katalon.core.webui.keyword.WebUiBuiltInKeywords.getNumberOfTotalOption(batchlength): 9 options of object '' counted

2018-06-04 18:47:15 - [MESSAGE][PASSED] - 9 options of object '' counted

2018-06-04 18:47:15 - [TEST_STEP][PASSED] - Statement - out.println("BatchSize : " + batchsize): null

2018-06-04 18:47:15 - [TEST_STEP][PASSED] - Statement - For ([n = 1, n <= batchsize - 1, (n++)]): null

2018-06-04 18:47:15 - [TEST_STEP][PASSED] - Statement - product = new com.kms.katalon.core.testobject.TestObject(): null

2018-06-04 18:47:15 - [TEST_STEP][PASSED] - Statement - product = com.kms.katalon.core.webui.keyword.WebUiBuiltInKeywords.modifyObjectProperty(product, "xpath", "equals", "//*[@id = "fldvendor" + row + ""]", true): Modify property of object successfully

2018-06-04 18:47:15 - [MESSAGE][PASSED] - Modify property of object successfully

2018-06-04 18:47:15 - [TEST_STEP][PASSED] - selectOptionByIndex: All options with index in [1] are selected on object ''

2018-06-04 18:47:15 - [MESSAGE][PASSED] - All options with index in [1] are selected on object ''

2018-06-04 18:47:15 - [TEST_STEP][PASSED] - delay: Delayed 2 second(s)

2018-06-04 18:47:17 - [MESSAGE][PASSED] - Delayed 2 second(s)

2018-06-04 18:47:17 - [TEST_STEP][PASSED] - Statement - batch = new com.kms.katalon.core.testobject.TestObject(): null

2018-06-04 18:47:17 - [TEST_STEP][PASSED] - Statement - batch = com.kms.katalon.core.webui.keyword.WebUiBuiltInKeywords.modifyObjectProperty(batch, "xpath", "equals", "//*[@id = "txtbthqty" + row + ""]", true): Modify property of object successfully

2018-06-04 18:47:17 - [MESSAGE][PASSED] - Modify property of object successfully

2018-06-04 18:47:17 - [TEST_STEP][PASSED] - Statement - batchqty = com.kms.katalon.core.webui.keyword.WebUiBuiltInKeywords.getAttribute(batch, "value").trim(): Attribute 'value' of object '' is: '3300'

2018-06-04 18:47:17 - [MESSAGE][PASSED] - Attribute 'value' of object '' is: '3300'

2018-06-04 18:47:17 - [TEST_STEP][PASSED] - Statement - Rqty = 100: null

2018-06-04 18:47:17 - [TEST_STEP][PASSED] - Statement - out.println("BatchQty : " + batchqty): null

2018-06-04 18:47:17 - [TEST_STEP][PASSED] - Statement - out.println("RQty : " + Rqty): null

2018-06-04 18:47:17 - [TEST_STEP][PASSED] - Statement - If (java.lang.Integer.valueOf(batchqty) >= java.lang.Integer.valueOf(Rqty)): null

2018-06-04 18:47:17 - [TEST_STEP][PASSED] - Statement - Break: null

2018-06-04 18:47:17 - [TEST_STEP][PASSED] - Statement - batchlength = new com.kms.katalon.core.testobject.TestObject(): null

2018-06-04 18:47:17 - [TEST_STEP][PASSED] - Statement - batchlength = com.kms.katalon.core.webui.keyword.WebUiBuiltInKeywords.modifyObjectProperty(batchlength, "xpath", "equals", "//*[@id = "fldvendor" + row + ""]", true): Modify property of object successfully

2018-06-04 18:47:17 - [MESSAGE][PASSED] - Modify property of object successfully

2018-06-04 18:47:17 - [TEST_STEP][PASSED] - Statement - batchsize = com.kms.katalon.core.webui.keyword.WebUiBuiltInKeywords.getNumberOfTotalOption(batchlength): 9 options of object '' counted

2018-06-04 18:47:17 - [MESSAGE][PASSED] - 9 options of object '' counted

2018-06-04 18:47:17 - [TEST_STEP][PASSED] - Statement - out.println("BatchSize : " + batchsize): null

2018-06-04 18:47:17 - [TEST_STEP][PASSED] - Statement - For ([n = 1, n <= batchsize - 1, (n++)]): null

2018-06-04 18:47:17 - [TEST_STEP][PASSED] - Statement - product = new com.kms.katalon.core.testobject.TestObject(): null

2018-06-04 18:47:17 - [TEST_STEP][PASSED] - Statement - product = com.kms.katalon.core.webui.keyword.WebUiBuiltInKeywords.modifyObjectProperty(product, "xpath", "equals", "//*[@id = "fldvendor" + row + ""]", true): Modify property of object successfully

2018-06-04 18:47:17 - [MESSAGE][PASSED] - Modify property of object successfully

2018-06-04 18:47:17 - [TEST_STEP][PASSED] - selectOptionByIndex: All options with index in [1] are selected on object ''

2018-06-04 18:47:17 - [MESSAGE][PASSED] - All options with index in [1] are selected on object ''

2018-06-04 18:47:17 - [TEST_STEP][PASSED] - delay: Delayed 2 second(s)

2018-06-04 18:47:19 - [MESSAGE][PASSED] - Delayed 2 second(s)

2018-06-04 18:47:19 - [TEST_STEP][PASSED] - Statement - batch = new com.kms.katalon.core.testobject.TestObject(): null

2018-06-04 18:47:19 - [TEST_STEP][PASSED] - Statement - batch = com.kms.katalon.core.webui.keyword.WebUiBuiltInKeywords.modifyObjectProperty(batch, "xpath", "equals", "//*[@id = "txtbthqty" + row + ""]", true): Modify property of object successfully

2018-06-04 18:47:19 - [MESSAGE][PASSED] - Modify property of object successfully

2018-06-04 18:47:19 - [TEST_STEP][PASSED] - Statement - batchqty = com.kms.katalon.core.webui.keyword.WebUiBuiltInKeywords.getAttribute(batch, "value").trim(): Attribute 'value' of object '' is: '2300'

2018-06-04 18:47:19 - [MESSAGE][PASSED] - Attribute 'value' of object '' is: '2300'

2018-06-04 18:47:19 - [TEST_STEP][PASSED] - Statement - Rqty = 100: null

2018-06-04 18:47:19 - [TEST_STEP][PASSED] - Statement - out.println("BatchQty : " + batchqty): null

2018-06-04 18:47:19 - [TEST_STEP][PASSED] - Statement - out.println("RQty : " + Rqty): null

2018-06-04 18:47:19 - [TEST_STEP][PASSED] - Statement - If (java.lang.Integer.valueOf(batchqty) >= java.lang.Integer.valueOf(Rqty)): null

2018-06-04 18:47:19 - [TEST_STEP][PASSED] - Statement - Break: null

2018-06-04 18:47:19 - [TEST_STEP][PASSED] - Statement - batchlength = new com.kms.katalon.core.testobject.TestObject(): null

2018-06-04 18:47:19 - [TEST_STEP][PASSED] - Statement - batchlength = com.kms.katalon.core.webui.keyword.WebUiBuiltInKeywords.modifyObjectProperty(batchlength, "xpath", "equals", "//*[@id = "fldvendor" + row + ""]", true): Modify property of object successfully

2018-06-04 18:47:19 - [MESSAGE][PASSED] - Modify property of object successfully

2018-06-04 18:47:19 - [TEST_STEP][PASSED] - Statement - batchsize = com.kms.katalon.core.webui.keyword.WebUiBuiltInKeywords.getNumberOfTotalOption(batchlength): 9 options of object '' counted

2018-06-04 18:47:19 - [MESSAGE][PASSED] - 9 options of object '' counted

2018-06-04 18:47:19 - [TEST_STEP][PASSED] - Statement - out.println("BatchSize : " + batchsize): null

2018-06-04 18:47:19 - [TEST_STEP][PASSED] - Statement - For ([n = 1, n <= batchsize - 1, (n++)]): null

2018-06-04 18:47:19 - [TEST_STEP][PASSED] - Statement - product = new com.kms.katalon.core.testobject.TestObject(): null

2018-06-04 18:47:19 - [TEST_STEP][PASSED] - Statement - product = com.kms.katalon.core.webui.keyword.WebUiBuiltInKeywords.modifyObjectProperty(product, "xpath", "equals", "//*[@id = "fldvendor" + row + ""]", true): Modify property of object successfully

2018-06-04 18:47:19 - [MESSAGE][PASSED] - Modify property of object successfully

2018-06-04 18:47:19 - [TEST_STEP][PASSED] - selectOptionByIndex: All options with index in [1] are selected on object ''

2018-06-04 18:47:19 - [MESSAGE][PASSED] - All options with index in [1] are selected on object ''

2018-06-04 18:47:19 - [TEST_STEP][PASSED] - delay: Delayed 2 second(s)

2018-06-04 18:47:21 - [MESSAGE][PASSED] - Delayed 2 second(s)

2018-06-04 18:47:21 - [TEST_STEP][PASSED] - Statement - batch = new com.kms.katalon.core.testobject.TestObject(): null

2018-06-04 18:47:21 - [TEST_STEP][PASSED] - Statement - batch = com.kms.katalon.core.webui.keyword.WebUiBuiltInKeywords.modifyObjectProperty(batch, "xpath", "equals", "//*[@id = "txtbthqty" + row + ""]", true): Modify property of object successfully

2018-06-04 18:47:21 - [MESSAGE][PASSED] - Modify property of object successfully

2018-06-04 18:47:21 - [TEST_STEP][PASSED] - Statement - batchqty = com.kms.katalon.core.webui.keyword.WebUiBuiltInKeywords.getAttribute(batch, "value").trim(): Attribute 'value' of object '' is: '3300'

2018-06-04 18:47:21 - [MESSAGE][PASSED] - Attribute 'value' of object '' is: '3300'

2018-06-04 18:47:21 - [TEST_STEP][PASSED] - Statement - Rqty = 100: null

2018-06-04 18:47:21 - [TEST_STEP][PASSED] - Statement - out.println("BatchQty : " + batchqty): null

2018-06-04 18:47:21 - [TEST_STEP][PASSED] - Statement - out.println("RQty : " + Rqty): null

2018-06-04 18:47:21 - [TEST_STEP][PASSED] - Statement - If (java.lang.Integer.valueOf(batchqty) >= java.lang.Integer.valueOf(Rqty)): null

2018-06-04 18:47:21 - [TEST_STEP][PASSED] - Statement - Break: null

2018-06-04 18:47:21 - [TEST_STEP][PASSED] - Statement - batchlength = new com.kms.katalon.core.testobject.TestObject(): null

2018-06-04 18:47:21 - [TEST_STEP][PASSED] - Statement - batchlength = com.kms.katalon.core.webui.keyword.WebUiBuiltInKeywords.modifyObjectProperty(batchlength, "xpath", "equals", "//*[@id = "fldvendor" + row + ""]", true): Modify property of object successfully

2018-06-04 18:47:21 - [MESSAGE][PASSED] - Modify property of object successfully

2018-06-04 18:47:21 - [TEST_STEP][PASSED] - Statement - batchsize = com.kms.katalon.core.webui.keyword.WebUiBuiltInKeywords.getNumberOfTotalOption(batchlength): 9 options of object '' counted

2018-06-04 18:47:21 - [MESSAGE][PASSED] - 9 options of object '' counted

2018-06-04 18:47:21 - [TEST_STEP][PASSED] - Statement - out.println("BatchSize : " + batchsize): null

2018-06-04 18:47:21 - [TEST_STEP][PASSED] - Statement - For ([n = 1, n <= batchsize - 1, (n++)]): null

2018-06-04 18:47:21 - [TEST_STEP][PASSED] - Statement - product = new com.kms.katalon.core.testobject.TestObject(): null

2018-06-04 18:47:21 - [TEST_STEP][PASSED] - Statement - product = com.kms.katalon.core.webui.keyword.WebUiBuiltInKeywords.modifyObjectProperty(product, "xpath", "equals", "//*[@id = "fldvendor" + row + ""]", true): Modify property of object successfully

2018-06-04 18:47:21 - [MESSAGE][PASSED] - Modify property of object successfully

2018-06-04 18:47:21 - [TEST_STEP][PASSED] - selectOptionByIndex: All options with index in [1] are selected on object ''

2018-06-04 18:47:22 - [MESSAGE][PASSED] - All options with index in [1] are selected on object ''

2018-06-04 18:47:22 - [TEST_STEP][PASSED] - delay: Delayed 2 second(s)

2018-06-04 18:47:24 - [MESSAGE][PASSED] - Delayed 2 second(s)

2018-06-04 18:47:24 - [TEST_STEP][PASSED] - Statement - batch = new com.kms.katalon.core.testobject.TestObject(): null

2018-06-04 18:47:24 - [TEST_STEP][PASSED] - Statement - batch = com.kms.katalon.core.webui.keyword.WebUiBuiltInKeywords.modifyObjectProperty(batch, "xpath", "equals", "//*[@id = "txtbthqty" + row + ""]", true): Modify property of object successfully

2018-06-04 18:47:24 - [MESSAGE][PASSED] - Modify property of object successfully

2018-06-04 18:47:24 - [TEST_STEP][PASSED] - Statement - batchqty = com.kms.katalon.core.webui.keyword.WebUiBuiltInKeywords.getAttribute(batch, "value").trim(): Attribute 'value' of object '' is: '4400'

2018-06-04 18:47:24 - [MESSAGE][PASSED] - Attribute 'value' of object '' is: '4400'

2018-06-04 18:47:24 - [TEST_STEP][PASSED] - Statement - Rqty = 100: null

2018-06-04 18:47:24 - [TEST_STEP][PASSED] - Statement - out.println("BatchQty : " + batchqty): null

2018-06-04 18:47:24 - [TEST_STEP][PASSED] - Statement - out.println("RQty : " + Rqty): null

2018-06-04 18:47:24 - [TEST_STEP][PASSED] - Statement - If (java.lang.Integer.valueOf(batchqty) >= java.lang.Integer.valueOf(Rqty)): null

2018-06-04 18:47:24 - [TEST_STEP][PASSED] - Statement - Break: null

2018-06-04 18:47:24 - [TEST_STEP][PASSED] - Statement - batchlength = new com.kms.katalon.core.testobject.TestObject(): null

2018-06-04 18:47:24 - [TEST_STEP][PASSED] - Statement - batchlength = com.kms.katalon.core.webui.keyword.WebUiBuiltInKeywords.modifyObjectProperty(batchlength, "xpath", "equals", "//*[@id = "fldvendor" + row + ""]", true): Modify property of object successfully

2018-06-04 18:47:24 - [MESSAGE][PASSED] - Modify property of object successfully

2018-06-04 18:47:24 - [TEST_STEP][PASSED] - Statement - batchsize = com.kms.katalon.core.webui.keyword.WebUiBuiltInKeywords.getNumberOfTotalOption(batchlength): 9 options of object '' counted

2018-06-04 18:47:24 - [MESSAGE][PASSED] - 9 options of object '' counted

2018-06-04 18:47:24 - [TEST_STEP][PASSED] - Statement - out.println("BatchSize : " + batchsize): null

2018-06-04 18:47:24 - [TEST_STEP][PASSED] - Statement - For ([n = 1, n <= batchsize - 1, (n++)]): null

2018-06-04 18:47:24 - [TEST_STEP][PASSED] - Statement - product = new com.kms.katalon.core.testobject.TestObject(): null

2018-06-04 18:47:24 - [TEST_STEP][PASSED] - Statement - product = com.kms.katalon.core.webui.keyword.WebUiBuiltInKeywords.modifyObjectProperty(product, "xpath", "equals", "//*[@id = "fldvendor" + row + ""]", true): Modify property of object successfully

2018-06-04 18:47:24 - [MESSAGE][PASSED] - Modify property of object successfully

2018-06-04 18:47:24 - [TEST_STEP][PASSED] - selectOptionByIndex: All options with index in [1] are selected on object ''

2018-06-04 18:47:24 - [MESSAGE][PASSED] - All options with index in [1] are selected on object ''

2018-06-04 18:47:24 - [TEST_STEP][PASSED] - delay: Delayed 2 second(s)

2018-06-04 18:47:26 - [MESSAGE][PASSED] - Delayed 2 second(s)

2018-06-04 18:47:26 - [TEST_STEP][PASSED] - Statement - batch = new com.kms.katalon.core.testobject.TestObject(): null

2018-06-04 18:47:26 - [TEST_STEP][PASSED] - Statement - batch = com.kms.katalon.core.webui.keyword.WebUiBuiltInKeywords.modifyObjectProperty(batch, "xpath", "equals", "//*[@id = "txtbthqty" + row + ""]", true): Modify property of object successfully

2018-06-04 18:47:26 - [MESSAGE][PASSED] - Modify property of object successfully

2018-06-04 18:47:26 - [TEST_STEP][PASSED] - Statement - batchqty = com.kms.katalon.core.webui.keyword.WebUiBuiltInKeywords.getAttribute(batch, "value").trim(): Attribute 'value' of object '' is: '3300'

2018-06-04 18:47:26 - [MESSAGE][PASSED] - Attribute 'value' of object '' is: '3300'

2018-06-04 18:47:26 - [TEST_STEP][PASSED] - Statement - Rqty = 100: null

2018-06-04 18:47:26 - [TEST_STEP][PASSED] - Statement - out.println("BatchQty : " + batchqty): null

2018-06-04 18:47:26 - [TEST_STEP][PASSED] - Statement - out.println("RQty : " + Rqty): null

2018-06-04 18:47:26 - [TEST_STEP][PASSED] - Statement - If (java.lang.Integer.valueOf(batchqty) >= java.lang.Integer.valueOf(Rqty)): null

2018-06-04 18:47:26 - [TEST_STEP][PASSED] - Statement - Break: null

2018-06-04 18:47:26 - [TEST_STEP][PASSED] - Statement - batchlength = new com.kms.katalon.core.testobject.TestObject(): null

2018-06-04 18:47:26 - [TEST_STEP][PASSED] - Statement - batchlength = com.kms.katalon.core.webui.keyword.WebUiBuiltInKeywords.modifyObjectProperty(batchlength, "xpath", "equals", "//*[@id = "fldvendor" + row + ""]", true): Modify property of object successfully

2018-06-04 18:47:26 - [MESSAGE][PASSED] - Modify property of object successfully

2018-06-04 18:47:26 - [TEST_STEP][PASSED] - Statement - batchsize = com.kms.katalon.core.webui.keyword.WebUiBuiltInKeywords.getNumberOfTotalOption(batchlength): 9 options of object '' counted

2018-06-04 18:47:26 - [MESSAGE][PASSED] - 9 options of object '' counted

2018-06-04 18:47:26 - [TEST_STEP][PASSED] - Statement - out.println("BatchSize : " + batchsize): null

2018-06-04 18:47:26 - [TEST_STEP][PASSED] - Statement - For ([n = 1, n <= batchsize - 1, (n++)]): null

2018-06-04 18:47:26 - [TEST_STEP][PASSED] - Statement - product = new com.kms.katalon.core.testobject.TestObject(): null

2018-06-04 18:47:26 - [TEST_STEP][PASSED] - Statement - product = com.kms.katalon.core.webui.keyword.WebUiBuiltInKeywords.modifyObjectProperty(product, "xpath", "equals", "//*[@id = "fldvendor" + row + ""]", true): Modify property of object successfully

2018-06-04 18:47:26 - [MESSAGE][PASSED] - Modify property of object successfully

2018-06-04 18:47:26 - [TEST_STEP][PASSED] - selectOptionByIndex: All options with index in [1] are selected on object ''

2018-06-04 18:47:26 - [MESSAGE][PASSED] - All options with index in [1] are selected on object ''

2018-06-04 18:47:26 - [TEST_STEP][PASSED] - delay: Delayed 2 second(s)

2018-06-04 18:47:28 - [MESSAGE][PASSED] - Delayed 2 second(s)

2018-06-04 18:47:28 - [TEST_STEP][PASSED] - Statement - batch = new com.kms.katalon.core.testobject.TestObject(): null

2018-06-04 18:47:28 - [TEST_STEP][PASSED] - Statement - batch = com.kms.katalon.core.webui.keyword.WebUiBuiltInKeywords.modifyObjectProperty(batch, "xpath", "equals", "//*[@id = "txtbthqty" + row + ""]", true): Modify property of object successfully

2018-06-04 18:47:28 - [MESSAGE][PASSED] - Modify property of object successfully

2018-06-04 18:47:28 - [TEST_STEP][PASSED] - Statement - batchqty = com.kms.katalon.core.webui.keyword.WebUiBuiltInKeywords.getAttribute(batch, "value").trim(): Attribute 'value' of object '' is: '3300'

2018-06-04 18:47:28 - [MESSAGE][PASSED] - Attribute 'value' of object '' is: '3300'

2018-06-04 18:47:28 - [TEST_STEP][PASSED] - Statement - Rqty = 100: null

2018-06-04 18:47:28 - [TEST_STEP][PASSED] - Statement - out.println("BatchQty : " + batchqty): null

2018-06-04 18:47:28 - [TEST_STEP][PASSED] - Statement - out.println("RQty : " + Rqty): null

2018-06-04 18:47:28 - [TEST_STEP][PASSED] - Statement - If (java.lang.Integer.valueOf(batchqty) >= java.lang.Integer.valueOf(Rqty)): null

2018-06-04 18:47:28 - [TEST_STEP][PASSED] - Statement - Break: null

2018-06-04 18:47:28 - [TEST_STEP][PASSED] - Statement - batchlength = new com.kms.katalon.core.testobject.TestObject(): null

2018-06-04 18:47:28 - [TEST_STEP][PASSED] - Statement - batchlength = com.kms.katalon.core.webui.keyword.WebUiBuiltInKeywords.modifyObjectProperty(batchlength, "xpath", "equals", "//*[@id = "fldvendor" + row + ""]", true): Modify property of object successfully

2018-06-04 18:47:28 - [MESSAGE][PASSED] - Modify property of object successfully

2018-06-04 18:47:28 - [TEST_STEP][PASSED] - Statement - batchsize = com.kms.katalon.core.webui.keyword.WebUiBuiltInKeywords.getNumberOfTotalOption(batchlength): 9 options of object '' counted

2018-06-04 18:47:28 - [MESSAGE][PASSED] - 9 options of object '' counted

2018-06-04 18:47:28 - [TEST_STEP][PASSED] - Statement - out.println("BatchSize : " + batchsize): null

2018-06-04 18:47:28 - [TEST_STEP][PASSED] - Statement - For ([n = 1, n <= batchsize - 1, (n++)]): null

2018-06-04 18:47:28 - [TEST_STEP][PASSED] - Statement - product = new com.kms.katalon.core.testobject.TestObject(): null

2018-06-04 18:47:28 - [TEST_STEP][PASSED] - Statement - product = com.kms.katalon.core.webui.keyword.WebUiBuiltInKeywords.modifyObjectProperty(product, "xpath", "equals", "//*[@id = "fldvendor" + row + ""]", true): Modify property of object successfully

2018-06-04 18:47:28 - [MESSAGE][PASSED] - Modify property of object successfully

2018-06-04 18:47:28 - [TEST_STEP][PASSED] - selectOptionByIndex: All options with index in [1] are selected on object ''

2018-06-04 18:47:28 - [MESSAGE][PASSED] - All options with index in [1] are selected on object ''

2018-06-04 18:47:28 - [TEST_STEP][PASSED] - delay: Delayed 2 second(s)

2018-06-04 18:47:30 - [MESSAGE][PASSED] - Delayed 2 second(s)

2018-06-04 18:47:30 - [TEST_STEP][PASSED] - Statement - batch = new com.kms.katalon.core.testobject.TestObject(): null

2018-06-04 18:47:30 - [TEST_STEP][PASSED] - Statement - batch = com.kms.katalon.core.webui.keyword.WebUiBuiltInKeywords.modifyObjectProperty(batch, "xpath", "equals", "//*[@id = "txtbthqty" + row + ""]", true): Modify property of object successfully

2018-06-04 18:47:30 - [MESSAGE][PASSED] - Modify property of object successfully

2018-06-04 18:47:30 - [TEST_STEP][PASSED] - Statement - batchqty = com.kms.katalon.core.webui.keyword.WebUiBuiltInKeywords.getAttribute(batch, "value").trim(): Attribute 'value' of object '' is: '4100'

2018-06-04 18:47:30 - [MESSAGE][PASSED] - Attribute 'value' of object '' is: '4100'

2018-06-04 18:47:30 - [TEST_STEP][PASSED] - Statement - Rqty = 100: null

2018-06-04 18:47:30 - [TEST_STEP][PASSED] - Statement - out.println("BatchQty : " + batchqty): null

2018-06-04 18:47:30 - [TEST_STEP][PASSED] - Statement - out.println("RQty : " + Rqty): null

2018-06-04 18:47:30 - [TEST_STEP][PASSED] - Statement - If (java.lang.Integer.valueOf(batchqty) >= java.lang.Integer.valueOf(Rqty)): null

2018-06-04 18:47:30 - [TEST_STEP][PASSED] - Statement - Break: null

2018-06-04 18:47:30 - [TEST_STEP][PASSED] - Statement - batchlength = new com.kms.katalon.core.testobject.TestObject(): null

2018-06-04 18:47:30 - [TEST_STEP][PASSED] - Statement - batchlength = com.kms.katalon.core.webui.keyword.WebUiBuiltInKeywords.modifyObjectProperty(batchlength, "xpath", "equals", "//*[@id = "fldvendor" + row + ""]", true): Modify property of object successfully

2018-06-04 18:47:30 - [MESSAGE][PASSED] - Modify property of object successfully

2018-06-04 18:47:30 - [TEST_STEP][PASSED] - Statement - batchsize = com.kms.katalon.core.webui.keyword.WebUiBuiltInKeywords.getNumberOfTotalOption(batchlength): 9 options of object '' counted

2018-06-04 18:47:30 - [MESSAGE][PASSED] - 9 options of object '' counted

2018-06-04 18:47:30 - [TEST_STEP][PASSED] - Statement - out.println("BatchSize : " + batchsize): null

2018-06-04 18:47:30 - [TEST_STEP][PASSED] - Statement - For ([n = 1, n <= batchsize - 1, (n++)]): null

2018-06-04 18:47:30 - [TEST_STEP][PASSED] - Statement - product = new com.kms.katalon.core.testobject.TestObject(): null

2018-06-04 18:47:30 - [TEST_STEP][PASSED] - Statement - product = com.kms.katalon.core.webui.keyword.WebUiBuiltInKeywords.modifyObjectProperty(product, "xpath", "equals", "//*[@id = "fldvendor" + row + ""]", true): Modify property of object successfully

2018-06-04 18:47:30 - [MESSAGE][PASSED] - Modify property of object successfully

2018-06-04 18:47:30 - [TEST_STEP][PASSED] - selectOptionByIndex: All options with index in [1] are selected on object ''

2018-06-04 18:47:31 - [MESSAGE][PASSED] - All options with index in [1] are selected on object ''

2018-06-04 18:47:31 - [TEST_STEP][PASSED] - delay: Delayed 2 second(s)

2018-06-04 18:47:33 - [MESSAGE][PASSED] - Delayed 2 second(s)

2018-06-04 18:47:33 - [TEST_STEP][PASSED] - Statement - batch = new com.kms.katalon.core.testobject.TestObject(): null

2018-06-04 18:47:33 - [TEST_STEP][PASSED] - Statement - batch = com.kms.katalon.core.webui.keyword.WebUiBuiltInKeywords.modifyObjectProperty(batch, "xpath", "equals", "//*[@id = "txtbthqty" + row + ""]", true): Modify property of object successfully

2018-06-04 18:47:33 - [MESSAGE][PASSED] - Modify property of object successfully

2018-06-04 18:47:33 - [TEST_STEP][PASSED] - Statement - batchqty = com.kms.katalon.core.webui.keyword.WebUiBuiltInKeywords.getAttribute(batch, "value").trim(): Attribute 'value' of object '' is: '37200'

2018-06-04 18:47:33 - [MESSAGE][PASSED] - Attribute 'value' of object '' is: '37200'

2018-06-04 18:47:33 - [TEST_STEP][PASSED] - Statement - Rqty = 100: null

2018-06-04 18:47:33 - [TEST_STEP][PASSED] - Statement - out.println("BatchQty : " + batchqty): null

2018-06-04 18:47:33 - [TEST_STEP][PASSED] - Statement - out.println("RQty : " + Rqty): null

2018-06-04 18:47:33 - [TEST_STEP][PASSED] - Statement - If (java.lang.Integer.valueOf(batchqty) >= java.lang.Integer.valueOf(Rqty)): null

2018-06-04 18:47:33 - [TEST_STEP][PASSED] - Statement - Break: null

2018-06-04 18:47:33 - [TEST_STEP][PASSED] - Statement - batchlength = new com.kms.katalon.core.testobject.TestObject(): null

2018-06-04 18:47:33 - [TEST_STEP][PASSED] - Statement - batchlength = com.kms.katalon.core.webui.keyword.WebUiBuiltInKeywords.modifyObjectProperty(batchlength, "xpath", "equals", "//*[@id = "fldvendor" + row + ""]", true): Modify property of object successfully

2018-06-04 18:47:33 - [MESSAGE][PASSED] - Modify property of object successfully

2018-06-04 18:47:33 - [TEST_STEP][PASSED] - Statement - batchsize = com.kms.katalon.core.webui.keyword.WebUiBuiltInKeywords.getNumberOfTotalOption(batchlength): 9 options of object '' counted

2018-06-04 18:47:33 - [MESSAGE][PASSED] - 9 options of object '' counted

2018-06-04 18:47:33 - [TEST_STEP][PASSED] - Statement - out.println("BatchSize : " + batchsize): null

2018-06-04 18:47:33 - [TEST_STEP][PASSED] - Statement - For ([n = 1, n <= batchsize - 1, (n++)]): null

2018-06-04 18:47:33 - [TEST_STEP][PASSED] - Statement - product = new com.kms.katalon.core.testobject.TestObject(): null

2018-06-04 18:47:33 - [TEST_STEP][PASSED] - Statement - product = com.kms.katalon.core.webui.keyword.WebUiBuiltInKeywords.modifyObjectProperty(product, "xpath", "equals", "//*[@id = "fldvendor" + row + ""]", true): Modify property of object successfully

2018-06-04 18:47:33 - [MESSAGE][PASSED] - Modify property of object successfully

2018-06-04 18:47:33 - [TEST_STEP][PASSED] - selectOptionByIndex: All options with index in [1] are selected on object ''

2018-06-04 18:47:33 - [MESSAGE][PASSED] - All options with index in [1] are selected on object ''

2018-06-04 18:47:33 - [TEST_STEP][PASSED] - delay: Delayed 2 second(s)

2018-06-04 18:47:35 - [MESSAGE][PASSED] - Delayed 2 second(s)

2018-06-04 18:47:35 - [TEST_STEP][PASSED] - Statement - batch = new com.kms.katalon.core.testobject.TestObject(): null

2018-06-04 18:47:35 - [TEST_STEP][PASSED] - Statement - batch = com.kms.katalon.core.webui.keyword.WebUiBuiltInKeywords.modifyObjectProperty(batch, "xpath", "equals", "//*[@id = "txtbthqty" + row + ""]", true): Modify property of object successfully

2018-06-04 18:47:35 - [MESSAGE][PASSED] - Modify property of object successfully

2018-06-04 18:47:35 - [TEST_STEP][PASSED] - Statement - batchqty = com.kms.katalon.core.webui.keyword.WebUiBuiltInKeywords.getAttribute(batch, "value").trim(): Attribute 'value' of object '' is: '4100'

2018-06-04 18:47:35 - [MESSAGE][PASSED] - Attribute 'value' of object '' is: '4100'

2018-06-04 18:47:35 - [TEST_STEP][PASSED] - Statement - Rqty = 100: null

2018-06-04 18:47:35 - [TEST_STEP][PASSED] - Statement - out.println("BatchQty : " + batchqty): null

2018-06-04 18:47:35 - [TEST_STEP][PASSED] - Statement - out.println("RQty : " + Rqty): null

2018-06-04 18:47:35 - [TEST_STEP][PASSED] - Statement - If (java.lang.Integer.valueOf(batchqty) >= java.lang.Integer.valueOf(Rqty)): null

2018-06-04 18:47:35 - [TEST_STEP][PASSED] - Statement - Break: null

2018-06-04 18:47:35 - [TEST_STEP][PASSED] - Statement - batchlength = new com.kms.katalon.core.testobject.TestObject(): null

2018-06-04 18:47:35 - [TEST_STEP][PASSED] - Statement - batchlength = com.kms.katalon.core.webui.keyword.WebUiBuiltInKeywords.modifyObjectProperty(batchlength, "xpath", "equals", "//*[@id = "fldvendor" + row + ""]", true): Modify property of object successfully

2018-06-04 18:47:35 - [MESSAGE][PASSED] - Modify property of object successfully

2018-06-04 18:47:35 - [TEST_STEP][PASSED] - Statement - batchsize = com.kms.katalon.core.webui.keyword.WebUiBuiltInKeywords.getNumberOfTotalOption(batchlength): 9 options of object '' counted

2018-06-04 18:47:35 - [MESSAGE][PASSED] - 9 options of object '' counted

2018-06-04 18:47:35 - [TEST_STEP][PASSED] - Statement - out.println("BatchSize : " + batchsize): null

2018-06-04 18:47:35 - [TEST_STEP][PASSED] - Statement - For ([n = 1, n <= batchsize - 1, (n++)]): null

2018-06-04 18:47:35 - [TEST_STEP][PASSED] - Statement - product = new com.kms.katalon.core.testobject.TestObject(): null

2018-06-04 18:47:35 - [TEST_STEP][PASSED] - Statement - product = com.kms.katalon.core.webui.keyword.WebUiBuiltInKeywords.modifyObjectProperty(product, "xpath", "equals", "//*[@id = "fldvendor" + row + ""]", true): Modify property of object successfully

2018-06-04 18:47:35 - [MESSAGE][PASSED] - Modify property of object successfully

2018-06-04 18:47:35 - [TEST_STEP][PASSED] - selectOptionByIndex: All options with index in [1] are selected on object ''

2018-06-04 18:47:35 - [MESSAGE][PASSED] - All options with index in [1] are selected on object ''

2018-06-04 18:47:35 - [TEST_STEP][PASSED] - delay: Delayed 2 second(s)

2018-06-04 18:47:37 - [MESSAGE][PASSED] - Delayed 2 second(s)

2018-06-04 18:47:37 - [TEST_STEP][PASSED] - Statement - batch = new com.kms.katalon.core.testobject.TestObject(): null

2018-06-04 18:47:37 - [TEST_STEP][PASSED] - Statement - batch = com.kms.katalon.core.webui.keyword.WebUiBuiltInKeywords.modifyObjectProperty(batch, "xpath", "equals", "//*[@id = "txtbthqty" + row + ""]", true): Modify property of object successfully

2018-06-04 18:47:37 - [MESSAGE][PASSED] - Modify property of object successfully

2018-06-04 18:47:37 - [TEST_STEP][PASSED] - Statement - batchqty = com.kms.katalon.core.webui.keyword.WebUiBuiltInKeywords.getAttribute(batch, "value").trim(): Attribute 'value' of object '' is: '4100'

2018-06-04 18:47:37 - [MESSAGE][PASSED] - Attribute 'value' of object '' is: '4100'

2018-06-04 18:47:37 - [TEST_STEP][PASSED] - Statement - Rqty = 100: null

2018-06-04 18:47:37 - [TEST_STEP][PASSED] - Statement - out.println("BatchQty : " + batchqty): null

2018-06-04 18:47:37 - [TEST_STEP][PASSED] - Statement - out.println("RQty : " + Rqty): null

2018-06-04 18:47:37 - [TEST_STEP][PASSED] - Statement - If (java.lang.Integer.valueOf(batchqty) >= java.lang.Integer.valueOf(Rqty)): null

2018-06-04 18:47:37 - [TEST_STEP][PASSED] - Statement - Break: null

2018-06-04 18:47:37 - [TEST_STEP][PASSED] - Statement - batchlength = new com.kms.katalon.core.testobject.TestObject(): null

2018-06-04 18:47:37 - [TEST_STEP][PASSED] - Statement - batchlength = com.kms.katalon.core.webui.keyword.WebUiBuiltInKeywords.modifyObjectProperty(batchlength, "xpath", "equals", "//*[@id = "fldvendor" + row + ""]", true): Modify property of object successfully

2018-06-04 18:47:37 - [MESSAGE][PASSED] - Modify property of object successfully

2018-06-04 18:47:37 - [TEST_STEP][PASSED] - Statement - batchsize = com.kms.katalon.core.webui.keyword.WebUiBuiltInKeywords.getNumberOfTotalOption(batchlength): 9 options of object '' counted

2018-06-04 18:47:37 - [MESSAGE][PASSED] - 9 options of object '' counted

2018-06-04 18:47:37 - [TEST_STEP][PASSED] - Statement - out.println("BatchSize : " + batchsize): null

2018-06-04 18:47:37 - [TEST_STEP][PASSED] - Statement - For ([n = 1, n <= batchsize - 1, (n++)]): null

2018-06-04 18:47:37 - [TEST_STEP][PASSED] - Statement - product = new com.kms.katalon.core.testobject.TestObject(): null

2018-06-04 18:47:37 - [TEST_STEP][PASSED] - Statement - product = com.kms.katalon.core.webui.keyword.WebUiBuiltInKeywords.modifyObjectProperty(product, "xpath", "equals", "//*[@id = "fldvendor" + row + ""]", true): Modify property of object successfully

2018-06-04 18:47:37 - [MESSAGE][PASSED] - Modify property of object successfully

2018-06-04 18:47:37 - [TEST_STEP][PASSED] - selectOptionByIndex: All options with index in [1] are selected on object ''

2018-06-04 18:47:37 - [MESSAGE][PASSED] - All options with index in [1] are selected on object ''

2018-06-04 18:47:37 - [TEST_STEP][PASSED] - delay: Delayed 2 second(s)

2018-06-04 18:47:39 - [MESSAGE][PASSED] - Delayed 2 second(s)

2018-06-04 18:47:39 - [TEST_STEP][PASSED] - Statement - batch = new com.kms.katalon.core.testobject.TestObject(): null

2018-06-04 18:47:39 - [TEST_STEP][PASSED] - Statement - batch = com.kms.katalon.core.webui.keyword.WebUiBuiltInKeywords.modifyObjectProperty(batch, "xpath", "equals", "//*[@id = "txtbthqty" + row + ""]", true): Modify property of object successfully

2018-06-04 18:47:39 - [MESSAGE][PASSED] - Modify property of object successfully

2018-06-04 18:47:39 - [TEST_STEP][PASSED] - Statement - batchqty = com.kms.katalon.core.webui.keyword.WebUiBuiltInKeywords.getAttribute(batch, "value").trim(): Attribute 'value' of object '' is: '2300'

2018-06-04 18:47:39 - [MESSAGE][PASSED] - Attribute 'value' of object '' is: '2300'

2018-06-04 18:47:39 - [TEST_STEP][PASSED] - Statement - Rqty = 100: null

2018-06-04 18:47:39 - [TEST_STEP][PASSED] - Statement - out.println("BatchQty : " + batchqty): null

2018-06-04 18:47:39 - [TEST_STEP][PASSED] - Statement - out.println("RQty : " + Rqty): null

2018-06-04 18:47:39 - [TEST_STEP][PASSED] - Statement - If (java.lang.Integer.valueOf(batchqty) >= java.lang.Integer.valueOf(Rqty)): null

2018-06-04 18:47:39 - [TEST_STEP][PASSED] - Statement - Break: null

2018-06-04 18:47:39 - [TEST_STEP][PASSED] - Statement - batchlength = new com.kms.katalon.core.testobject.TestObject(): null

2018-06-04 18:47:39 - [TEST_STEP][PASSED] - Statement - batchlength = com.kms.katalon.core.webui.keyword.WebUiBuiltInKeywords.modifyObjectProperty(batchlength, "xpath", "equals", "//*[@id = "fldvendor" + row + ""]", true): Modify property of object successfully

2018-06-04 18:47:39 - [MESSAGE][PASSED] - Modify property of object successfully

2018-06-04 18:47:39 - [TEST_STEP][PASSED] - Statement - batchsize = com.kms.katalon.core.webui.keyword.WebUiBuiltInKeywords.getNumberOfTotalOption(batchlength): 9 options of object '' counted

2018-06-04 18:47:40 - [MESSAGE][PASSED] - 9 options of object '' counted

2018-06-04 18:47:40 - [TEST_STEP][PASSED] - Statement - out.println("BatchSize : " + batchsize): null

2018-06-04 18:47:40 - [TEST_STEP][PASSED] - Statement - For ([n = 1, n <= batchsize - 1, (n++)]): null

2018-06-04 18:47:40 - [TEST_STEP][PASSED] - Statement - product = new com.kms.katalon.core.testobject.TestObject(): null

2018-06-04 18:47:40 - [TEST_STEP][PASSED] - Statement - product = com.kms.katalon.core.webui.keyword.WebUiBuiltInKeywords.modifyObjectProperty(product, "xpath", "equals", "//*[@id = "fldvendor" + row + ""]", true): Modify property of object successfully

2018-06-04 18:47:40 - [MESSAGE][PASSED] - Modify property of object successfully

2018-06-04 18:47:40 - [TEST_STEP][PASSED] - selectOptionByIndex: All options with index in [1] are selected on object ''

2018-06-04 18:47:40 - [MESSAGE][PASSED] - All options with index in [1] are selected on object ''

2018-06-04 18:47:40 - [TEST_STEP][PASSED] - delay: Delayed 2 second(s)

2018-06-04 18:47:42 - [MESSAGE][PASSED] - Delayed 2 second(s)

2018-06-04 18:47:42 - [TEST_STEP][PASSED] - Statement - batch = new com.kms.katalon.core.testobject.TestObject(): null

2018-06-04 18:47:42 - [TEST_STEP][PASSED] - Statement - batch = com.kms.katalon.core.webui.keyword.WebUiBuiltInKeywords.modifyObjectProperty(batch, "xpath", "equals", "//*[@id = "txtbthqty" + row + ""]", true): Modify property of object successfully

2018-06-04 18:47:42 - [MESSAGE][PASSED] - Modify property of object successfully

2018-06-04 18:47:42 - [TEST_STEP][PASSED] - Statement - batchqty = com.kms.katalon.core.webui.keyword.WebUiBuiltInKeywords.getAttribute(batch, "value").trim(): Attribute 'value' of object '' is: '3300'

2018-06-04 18:47:42 - [MESSAGE][PASSED] - Attribute 'value' of object '' is: '3300'

2018-06-04 18:47:42 - [TEST_STEP][PASSED] - Statement - Rqty = 100: null

2018-06-04 18:47:42 - [TEST_STEP][PASSED] - Statement - out.println("BatchQty : " + batchqty): null

2018-06-04 18:47:42 - [TEST_STEP][PASSED] - Statement - out.println("RQty : " + Rqty): null

2018-06-04 18:47:42 - [TEST_STEP][PASSED] - Statement - If (java.lang.Integer.valueOf(batchqty) >= java.lang.Integer.valueOf(Rqty)): null

2018-06-04 18:47:42 - [TEST_STEP][PASSED] - Statement - Break: null

2018-06-04 18:47:42 - [TEST_STEP][PASSED] - Statement - batchlength = new com.kms.katalon.core.testobject.TestObject(): null

2018-06-04 18:47:42 - [TEST_STEP][PASSED] - Statement - batchlength = com.kms.katalon.core.webui.keyword.WebUiBuiltInKeywords.modifyObjectProperty(batchlength, "xpath", "equals", "//*[@id = "fldvendor" + row + ""]", true): Modify property of object successfully

2018-06-04 18:47:42 - [MESSAGE][PASSED] - Modify property of object successfully

2018-06-04 18:47:42 - [TEST_STEP][PASSED] - Statement - batchsize = com.kms.katalon.core.webui.keyword.WebUiBuiltInKeywords.getNumberOfTotalOption(batchlength): 9 options of object '' counted

2018-06-04 18:47:42 - [MESSAGE][PASSED] - 9 options of object '' counted

2018-06-04 18:47:42 - [TEST_STEP][PASSED] - Statement - out.println("BatchSize : " + batchsize): null

2018-06-04 18:47:42 - [TEST_STEP][PASSED] - Statement - For ([n = 1, n <= batchsize - 1, (n++)]): null

2018-06-04 18:47:42 - [TEST_STEP][PASSED] - Statement - product = new com.kms.katalon.core.testobject.TestObject(): null

2018-06-04 18:47:42 - [TEST_STEP][PASSED] - Statement - product = com.kms.katalon.core.webui.keyword.WebUiBuiltInKeywords.modifyObjectProperty(product, "xpath", "equals", "//*[@id = "fldvendor" + row + ""]", true): Modify property of object successfully

2018-06-04 18:47:42 - [MESSAGE][PASSED] - Modify property of object successfully

2018-06-04 18:47:42 - [TEST_STEP][PASSED] - selectOptionByIndex: All options with index in [1] are selected on object ''

2018-06-04 18:47:42 - [MESSAGE][PASSED] - All options with index in [1] are selected on object ''

2018-06-04 18:47:42 - [TEST_STEP][PASSED] - delay: Delayed 2 second(s)

2018-06-04 18:47:44 - [MESSAGE][PASSED] - Delayed 2 second(s)

2018-06-04 18:47:44 - [TEST_STEP][PASSED] - Statement - batch = new com.kms.katalon.core.testobject.TestObject(): null

2018-06-04 18:47:44 - [TEST_STEP][PASSED] - Statement - batch = com.kms.katalon.core.webui.keyword.WebUiBuiltInKeywords.modifyObjectProperty(batch, "xpath", "equals", "//*[@id = "txtbthqty" + row + ""]", true): Modify property of object successfully

2018-06-04 18:47:44 - [MESSAGE][PASSED] - Modify property of object successfully

2018-06-04 18:47:44 - [TEST_STEP][PASSED] - Statement - batchqty = com.kms.katalon.core.webui.keyword.WebUiBuiltInKeywords.getAttribute(batch, "value").trim(): Attribute 'value' of object '' is: '3300'

2018-06-04 18:47:44 - [MESSAGE][PASSED] - Attribute 'value' of object '' is: '3300'

2018-06-04 18:47:44 - [TEST_STEP][PASSED] - Statement - Rqty = 100: null

2018-06-04 18:47:44 - [TEST_STEP][PASSED] - Statement - out.println("BatchQty : " + batchqty): null

2018-06-04 18:47:44 - [TEST_STEP][PASSED] - Statement - out.println("RQty : " + Rqty): null

2018-06-04 18:47:44 - [TEST_STEP][PASSED] - Statement - If (java.lang.Integer.valueOf(batchqty) >= java.lang.Integer.valueOf(Rqty)): null

2018-06-04 18:47:44 - [TEST_STEP][PASSED] - Statement - Break: null

2018-06-04 18:47:44 - [TEST_STEP][PASSED] - Statement - batchlength = new com.kms.katalon.core.testobject.TestObject(): null

2018-06-04 18:47:44 - [TEST_STEP][PASSED] - Statement - batchlength = com.kms.katalon.core.webui.keyword.WebUiBuiltInKeywords.modifyObjectProperty(batchlength, "xpath", "equals", "//*[@id = "fldvendor" + row + ""]", true): Modify property of object successfully

2018-06-04 18:47:44 - [MESSAGE][PASSED] - Modify property of object successfully

2018-06-04 18:47:44 - [TEST_STEP][PASSED] - Statement - batchsize = com.kms.katalon.core.webui.keyword.WebUiBuiltInKeywords.getNumberOfTotalOption(batchlength): 9 options of object '' counted

2018-06-04 18:47:44 - [MESSAGE][PASSED] - 9 options of object '' counted

2018-06-04 18:47:44 - [TEST_STEP][PASSED] - Statement - out.println("BatchSize : " + batchsize): null

2018-06-04 18:47:44 - [TEST_STEP][PASSED] - Statement - For ([n = 1, n <= batchsize - 1, (n++)]): null

2018-06-04 18:47:44 - [TEST_STEP][PASSED] - Statement - product = new com.kms.katalon.core.testobject.TestObject(): null

2018-06-04 18:47:44 - [TEST_STEP][PASSED] - Statement - product = com.kms.katalon.core.webui.keyword.WebUiBuiltInKeywords.modifyObjectProperty(product, "xpath", "equals", "//*[@id = "fldvendor" + row + ""]", true): Modify property of object successfully

2018-06-04 18:47:44 - [MESSAGE][PASSED] - Modify property of object successfully

2018-06-04 18:47:44 - [TEST_STEP][PASSED] - selectOptionByIndex: All options with index in [1] are selected on object ''

2018-06-04 18:47:44 - [MESSAGE][PASSED] - All options with index in [1] are selected on object ''

2018-06-04 18:47:44 - [TEST_STEP][PASSED] - delay: Delayed 2 second(s)

2018-06-04 18:47:46 - [MESSAGE][PASSED] - Delayed 2 second(s)

2018-06-04 18:47:46 - [TEST_STEP][PASSED] - Statement - batch = new com.kms.katalon.core.testobject.TestObject(): null

2018-06-04 18:47:46 - [TEST_STEP][PASSED] - Statement - batch = com.kms.katalon.core.webui.keyword.WebUiBuiltInKeywords.modifyObjectProperty(batch, "xpath", "equals", "//*[@id = "txtbthqty" + row + ""]", true): Modify property of object successfully

2018-06-04 18:47:46 - [MESSAGE][PASSED] - Modify property of object successfully

2018-06-04 18:47:46 - [TEST_STEP][PASSED] - Statement - batchqty = com.kms.katalon.core.webui.keyword.WebUiBuiltInKeywords.getAttribute(batch, "value").trim(): Attribute 'value' of object '' is: '2300'

2018-06-04 18:47:46 - [MESSAGE][PASSED] - Attribute 'value' of object '' is: '2300'

2018-06-04 18:47:46 - [TEST_STEP][PASSED] - Statement - Rqty = 100: null

2018-06-04 18:47:46 - [TEST_STEP][PASSED] - Statement - out.println("BatchQty : " + batchqty): null

2018-06-04 18:47:46 - [TEST_STEP][PASSED] - Statement - out.println("RQty : " + Rqty): null

2018-06-04 18:47:46 - [TEST_STEP][PASSED] - Statement - If (java.lang.Integer.valueOf(batchqty) >= java.lang.Integer.valueOf(Rqty)): null

2018-06-04 18:47:46 - [TEST_STEP][PASSED] - Statement - Break: null

2018-06-04 18:47:46 - [TEST_STEP][PASSED] - Statement - batchlength = new com.kms.katalon.core.testobject.TestObject(): null

2018-06-04 18:47:46 - [TEST_STEP][PASSED] - Statement - batchlength = com.kms.katalon.core.webui.keyword.WebUiBuiltInKeywords.modifyObjectProperty(batchlength, "xpath", "equals", "//*[@id = "fldvendor" + row + ""]", true): Modify property of object successfully

2018-06-04 18:47:46 - [MESSAGE][PASSED] - Modify property of object successfully

2018-06-04 18:47:46 - [TEST_STEP][PASSED] - Statement - batchsize = com.kms.katalon.core.webui.keyword.WebUiBuiltInKeywords.getNumberOfTotalOption(batchlength): 9 options of object '' counted

2018-06-04 18:47:46 - [MESSAGE][PASSED] - 9 options of object '' counted

2018-06-04 18:47:46 - [TEST_STEP][PASSED] - Statement - out.println("BatchSize : " + batchsize): null

2018-06-04 18:47:46 - [TEST_STEP][PASSED] - Statement - For ([n = 1, n <= batchsize - 1, (n++)]): null

2018-06-04 18:47:46 - [TEST_STEP][PASSED] - Statement - product = new com.kms.katalon.core.testobject.TestObject(): null

2018-06-04 18:47:46 - [TEST_STEP][PASSED] - Statement - product = com.kms.katalon.core.webui.keyword.WebUiBuiltInKeywords.modifyObjectProperty(product, "xpath", "equals", "//*[@id = "fldvendor" + row + ""]", true): Modify property of object successfully

2018-06-04 18:47:46 - [MESSAGE][PASSED] - Modify property of object successfully

2018-06-04 18:47:46 - [TEST_STEP][PASSED] - selectOptionByIndex: All options with index in [1] are selected on object ''

2018-06-04 18:47:47 - [MESSAGE][PASSED] - All options with index in [1] are selected on object ''

2018-06-04 18:47:47 - [TEST_STEP][PASSED] - delay: Delayed 2 second(s)

2018-06-04 18:47:49 - [MESSAGE][PASSED] - Delayed 2 second(s)

2018-06-04 18:47:49 - [TEST_STEP][PASSED] - Statement - batch = new com.kms.katalon.core.testobject.TestObject(): null

2018-06-04 18:47:49 - [TEST_STEP][PASSED] - Statement - batch = com.kms.katalon.core.webui.keyword.WebUiBuiltInKeywords.modifyObjectProperty(batch, "xpath", "equals", "//*[@id = "txtbthqty" + row + ""]", true): Modify property of object successfully

2018-06-04 18:47:49 - [MESSAGE][PASSED] - Modify property of object successfully

2018-06-04 18:47:49 - [TEST_STEP][PASSED] - Statement - batchqty = com.kms.katalon.core.webui.keyword.WebUiBuiltInKeywords.getAttribute(batch, "value").trim(): Attribute 'value' of object '' is: '3300'

2018-06-04 18:47:49 - [MESSAGE][PASSED] - Attribute 'value' of object '' is: '3300'

2018-06-04 18:47:49 - [TEST_STEP][PASSED] - Statement - Rqty = 100: null

2018-06-04 18:47:49 - [TEST_STEP][PASSED] - Statement - out.println("BatchQty : " + batchqty): null

2018-06-04 18:47:49 - [TEST_STEP][PASSED] - Statement - out.println("RQty : " + Rqty): null

2018-06-04 18:47:49 - [TEST_STEP][PASSED] - Statement - If (java.lang.Integer.valueOf(batchqty) >= java.lang.Integer.valueOf(Rqty)): null

2018-06-04 18:47:49 - [TEST_STEP][PASSED] - Statement - Break: null

2018-06-04 18:47:49 - [TEST_STEP][PASSED] - Statement - batchlength = new com.kms.katalon.core.testobject.TestObject(): null

2018-06-04 18:47:49 - [TEST_STEP][PASSED] - Statement - batchlength = com.kms.katalon.core.webui.keyword.WebUiBuiltInKeywords.modifyObjectProperty(batchlength, "xpath", "equals", "//*[@id = "fldvendor" + row + ""]", true): Modify property of object successfully

2018-06-04 18:47:49 - [MESSAGE][PASSED] - Modify property of object successfully

2018-06-04 18:47:49 - [TEST_STEP][PASSED] - Statement - batchsize = com.kms.katalon.core.webui.keyword.WebUiBuiltInKeywords.getNumberOfTotalOption(batchlength): 9 options of object '' counted

2018-06-04 18:47:49 - [MESSAGE][PASSED] - 9 options of object '' counted

2018-06-04 18:47:49 - [TEST_STEP][PASSED] - Statement - out.println("BatchSize : " + batchsize): null

2018-06-04 18:47:49 - [TEST_STEP][PASSED] - Statement - For ([n = 1, n <= batchsize - 1, (n++)]): null

2018-06-04 18:47:49 - [TEST_STEP][PASSED] - Statement - product = new com.kms.katalon.core.testobject.TestObject(): null

2018-06-04 18:47:49 - [TEST_STEP][PASSED] - Statement - product = com.kms.katalon.core.webui.keyword.WebUiBuiltInKeywords.modifyObjectProperty(product, "xpath", "equals", "//*[@id = "fldvendor" + row + ""]", true): Modify property of object successfully

2018-06-04 18:47:49 - [MESSAGE][PASSED] - Modify property of object successfully

2018-06-04 18:47:49 - [TEST_STEP][PASSED] - selectOptionByIndex: All options with index in [1] are selected on object ''

2018-06-04 18:47:49 - [MESSAGE][PASSED] - All options with index in [1] are selected on object ''

2018-06-04 18:47:49 - [TEST_STEP][PASSED] - delay: Delayed 2 second(s)

2018-06-04 18:47:51 - [MESSAGE][PASSED] - Delayed 2 second(s)

2018-06-04 18:47:51 - [TEST_STEP][PASSED] - Statement - batch = new com.kms.katalon.core.testobject.TestObject(): null

2018-06-04 18:47:51 - [TEST_STEP][PASSED] - Statement - batch = com.kms.katalon.core.webui.keyword.WebUiBuiltInKeywords.modifyObjectProperty(batch, "xpath", "equals", "//*[@id = "txtbthqty" + row + ""]", true): Modify property of object successfully

2018-06-04 18:47:51 - [MESSAGE][PASSED] - Modify property of object successfully

2018-06-04 18:47:51 - [TEST_STEP][PASSED] - Statement - batchqty = com.kms.katalon.core.webui.keyword.WebUiBuiltInKeywords.getAttribute(batch, "value").trim(): Attribute 'value' of object '' is: '4100'

2018-06-04 18:47:51 - [MESSAGE][PASSED] - Attribute 'value' of object '' is: '4100'

2018-06-04 18:47:51 - [TEST_STEP][PASSED] - Statement - Rqty = 100: null

2018-06-04 18:47:51 - [TEST_STEP][PASSED] - Statement - out.println("BatchQty : " + batchqty): null

2018-06-04 18:47:51 - [TEST_STEP][PASSED] - Statement - out.println("RQty : " + Rqty): null

2018-06-04 18:47:51 - [TEST_STEP][PASSED] - Statement - If (java.lang.Integer.valueOf(batchqty) >= java.lang.Integer.valueOf(Rqty)): null

2018-06-04 18:47:51 - [TEST_STEP][PASSED] - Statement - Break: null

2018-06-04 18:47:51 - [TEST_STEP][PASSED] - Statement - batchlength = new com.kms.katalon.core.testobject.TestObject(): null

2018-06-04 18:47:51 - [TEST_STEP][PASSED] - Statement - batchlength = com.kms.katalon.core.webui.keyword.WebUiBuiltInKeywords.modifyObjectProperty(batchlength, "xpath", "equals", "//*[@id = "fldvendor" + row + ""]", true): Modify property of object successfully

2018-06-04 18:47:51 - [MESSAGE][PASSED] - Modify property of object successfully

2018-06-04 18:47:51 - [TEST_STEP][PASSED] - Statement - batchsize = com.kms.katalon.core.webui.keyword.WebUiBuiltInKeywords.getNumberOfTotalOption(batchlength): 9 options of object '' counted

2018-06-04 18:47:51 - [MESSAGE][PASSED] - 9 options of object '' counted

2018-06-04 18:47:51 - [TEST_STEP][PASSED] - Statement - out.println("BatchSize : " + batchsize): null

2018-06-04 18:47:51 - [TEST_STEP][PASSED] - Statement - For ([n = 1, n <= batchsize - 1, (n++)]): null

2018-06-04 18:47:51 - [TEST_STEP][PASSED] - Statement - product = new com.kms.katalon.core.testobject.TestObject(): null

2018-06-04 18:47:51 - [TEST_STEP][PASSED] - Statement - product = com.kms.katalon.core.webui.keyword.WebUiBuiltInKeywords.modifyObjectProperty(product, "xpath", "equals", "//*[@id = "fldvendor" + row + ""]", true): Modify property of object successfully

2018-06-04 18:47:51 - [MESSAGE][PASSED] - Modify property of object successfully

2018-06-04 18:47:51 - [TEST_STEP][PASSED] - selectOptionByIndex: All options with index in [1] are selected on object ''

2018-06-04 18:47:51 - [MESSAGE][PASSED] - All options with index in [1] are selected on object ''

2018-06-04 18:47:51 - [TEST_STEP][PASSED] - delay: Delayed 2 second(s)

2018-06-04 18:47:53 - [MESSAGE][PASSED] - Delayed 2 second(s)

2018-06-04 18:47:53 - [TEST_STEP][PASSED] - Statement - batch = new com.kms.katalon.core.testobject.TestObject(): null

2018-06-04 18:47:53 - [TEST_STEP][PASSED] - Statement - batch = com.kms.katalon.core.webui.keyword.WebUiBuiltInKeywords.modifyObjectProperty(batch, "xpath", "equals", "//*[@id = "txtbthqty" + row + ""]", true): Modify property of object successfully

2018-06-04 18:47:53 - [MESSAGE][PASSED] - Modify property of object successfully

2018-06-04 18:47:53 - [TEST_STEP][PASSED] - Statement - batchqty = com.kms.katalon.core.webui.keyword.WebUiBuiltInKeywords.getAttribute(batch, "value").trim(): Attribute 'value' of object '' is: '4400'

2018-06-04 18:47:53 - [MESSAGE][PASSED] - Attribute 'value' of object '' is: '4400'

2018-06-04 18:47:53 - [TEST_STEP][PASSED] - Statement - Rqty = 100: null

2018-06-04 18:47:53 - [TEST_STEP][PASSED] - Statement - out.println("BatchQty : " + batchqty): null

2018-06-04 18:47:53 - [TEST_STEP][PASSED] - Statement - out.println("RQty : " + Rqty): null

2018-06-04 18:47:53 - [TEST_STEP][PASSED] - Statement - If (java.lang.Integer.valueOf(batchqty) >= java.lang.Integer.valueOf(Rqty)): null

2018-06-04 18:47:53 - [TEST_STEP][PASSED] - Statement - Break: null

2018-06-04 18:47:53 - [TEST_STEP][PASSED] - Statement - batchlength = new com.kms.katalon.core.testobject.TestObject(): null

2018-06-04 18:47:53 - [TEST_STEP][PASSED] - Statement - batchlength = com.kms.katalon.core.webui.keyword.WebUiBuiltInKeywords.modifyObjectProperty(batchlength, "xpath", "equals", "//*[@id = "fldvendor" + row + ""]", true): Modify property of object successfully

2018-06-04 18:47:53 - [MESSAGE][PASSED] - Modify property of object successfully

2018-06-04 18:47:53 - [TEST_STEP][PASSED] - Statement - batchsize = com.kms.katalon.core.webui.keyword.WebUiBuiltInKeywords.getNumberOfTotalOption(batchlength): 9 options of object '' counted

2018-06-04 18:47:53 - [MESSAGE][PASSED] - 9 options of object '' counted

2018-06-04 18:47:53 - [TEST_STEP][PASSED] - Statement - out.println("BatchSize : " + batchsize): null

2018-06-04 18:47:53 - [TEST_STEP][PASSED] - Statement - For ([n = 1, n <= batchsize - 1, (n++)]): null

2018-06-04 18:47:53 - [TEST_STEP][PASSED] - Statement - product = new com.kms.katalon.core.testobject.TestObject(): null

2018-06-04 18:47:53 - [TEST_STEP][PASSED] - Statement - product = com.kms.katalon.core.webui.keyword.WebUiBuiltInKeywords.modifyObjectProperty(product, "xpath", "equals", "//*[@id = "fldvendor" + row + ""]", true): Modify property of object successfully

2018-06-04 18:47:53 - [MESSAGE][PASSED] - Modify property of object successfully

2018-06-04 18:47:53 - [TEST_STEP][PASSED] - selectOptionByIndex: All options with index in [1] are selected on object ''

2018-06-04 18:47:53 - [MESSAGE][PASSED] - All options with index in [1] are selected on object ''

2018-06-04 18:47:53 - [TEST_STEP][PASSED] - delay: Delayed 2 second(s)

2018-06-04 18:47:55 - [MESSAGE][PASSED] - Delayed 2 second(s)

2018-06-04 18:47:55 - [TEST_STEP][PASSED] - Statement - batch = new com.kms.katalon.core.testobject.TestObject(): null

2018-06-04 18:47:55 - [TEST_STEP][PASSED] - Statement - batch = com.kms.katalon.core.webui.keyword.WebUiBuiltInKeywords.modifyObjectProperty(batch, "xpath", "equals", "//*[@id = "txtbthqty" + row + ""]", true): Modify property of object successfully

2018-06-04 18:47:55 - [MESSAGE][PASSED] - Modify property of object successfully

2018-06-04 18:47:55 - [TEST_STEP][PASSED] - Statement - batchqty = com.kms.katalon.core.webui.keyword.WebUiBuiltInKeywords.getAttribute(batch, "value").trim(): Attribute 'value' of object '' is: '3300'

2018-06-04 18:47:55 - [MESSAGE][PASSED] - Attribute 'value' of object '' is: '3300'

2018-06-04 18:47:55 - [TEST_STEP][PASSED] - Statement - Rqty = 100: null

2018-06-04 18:47:55 - [TEST_STEP][PASSED] - Statement - out.println("BatchQty : " + batchqty): null

2018-06-04 18:47:55 - [TEST_STEP][PASSED] - Statement - out.println("RQty : " + Rqty): null

2018-06-04 18:47:55 - [TEST_STEP][PASSED] - Statement - If (java.lang.Integer.valueOf(batchqty) >= java.lang.Integer.valueOf(Rqty)): null

2018-06-04 18:47:55 - [TEST_STEP][PASSED] - Statement - Break: null

2018-06-04 18:47:55 - [TEST_STEP][PASSED] - Statement - batchlength = new com.kms.katalon.core.testobject.TestObject(): null

2018-06-04 18:47:55 - [TEST_STEP][PASSED] - Statement - batchlength = com.kms.katalon.core.webui.keyword.WebUiBuiltInKeywords.modifyObjectProperty(batchlength, "xpath", "equals", "//*[@id = "fldvendor" + row + ""]", true): Modify property of object successfully

2018-06-04 18:47:55 - [MESSAGE][PASSED] - Modify property of object successfully

2018-06-04 18:47:55 - [TEST_STEP][PASSED] - Statement - batchsize = com.kms.katalon.core.webui.keyword.WebUiBuiltInKeywords.getNumberOfTotalOption(batchlength): 9 options of object '' counted

2018-06-04 18:47:55 - [MESSAGE][PASSED] - 9 options of object '' counted

2018-06-04 18:47:55 - [TEST_STEP][PASSED] - Statement - out.println("BatchSize : " + batchsize): null

2018-06-04 18:47:55 - [TEST_STEP][PASSED] - Statement - For ([n = 1, n <= batchsize - 1, (n++)]): null

2018-06-04 18:47:55 - [TEST_STEP][PASSED] - Statement - product = new com.kms.katalon.core.testobject.TestObject(): null

2018-06-04 18:47:55 - [TEST_STEP][PASSED] - Statement - product = com.kms.katalon.core.webui.keyword.WebUiBuiltInKeywords.modifyObjectProperty(product, "xpath", "equals", "//*[@id = "fldvendor" + row + ""]", true): Modify property of object successfully

2018-06-04 18:47:55 - [MESSAGE][PASSED] - Modify property of object successfully

2018-06-04 18:47:55 - [TEST_STEP][PASSED] - selectOptionByIndex: All options with index in [1] are selected on object ''

2018-06-04 18:47:56 - [MESSAGE][PASSED] - All options with index in [1] are selected on object ''

2018-06-04 18:47:56 - [TEST_STEP][PASSED] - delay: Delayed 2 second(s)

2018-06-04 18:47:58 - [MESSAGE][PASSED] - Delayed 2 second(s)

2018-06-04 18:47:58 - [TEST_STEP][PASSED] - Statement - batch = new com.kms.katalon.core.testobject.TestObject(): null

2018-06-04 18:47:58 - [TEST_STEP][PASSED] - Statement - batch = com.kms.katalon.core.webui.keyword.WebUiBuiltInKeywords.modifyObjectProperty(batch, "xpath", "equals", "//*[@id = "txtbthqty" + row + ""]", true): Modify property of object successfully

2018-06-04 18:47:58 - [MESSAGE][PASSED] - Modify property of object successfully

2018-06-04 18:47:58 - [TEST_STEP][PASSED] - Statement - batchqty = com.kms.katalon.core.webui.keyword.WebUiBuiltInKeywords.getAttribute(batch, "value").trim(): Attribute 'value' of object '' is: '4400'

2018-06-04 18:47:58 - [MESSAGE][PASSED] - Attribute 'value' of object '' is: '4400'

2018-06-04 18:47:58 - [TEST_STEP][PASSED] - Statement - Rqty = 100: null

2018-06-04 18:47:58 - [TEST_STEP][PASSED] - Statement - out.println("BatchQty : " + batchqty): null

2018-06-04 18:47:58 - [TEST_STEP][PASSED] - Statement - out.println("RQty : " + Rqty): null

2018-06-04 18:47:58 - [TEST_STEP][PASSED] - Statement - If (java.lang.Integer.valueOf(batchqty) >= java.lang.Integer.valueOf(Rqty)): null

2018-06-04 18:47:58 - [TEST_STEP][PASSED] - Statement - Break: null

2018-06-04 18:47:58 - [TEST_STEP][PASSED] - Statement - batchlength = new com.kms.katalon.core.testobject.TestObject(): null

2018-06-04 18:47:58 - [TEST_STEP][PASSED] - Statement - batchlength = com.kms.katalon.core.webui.keyword.WebUiBuiltInKeywords.modifyObjectProperty(batchlength, "xpath", "equals", "//*[@id = "fldvendor" + row + ""]", true): Modify property of object successfully

2018-06-04 18:47:58 - [MESSAGE][PASSED] - Modify property of object successfully

2018-06-04 18:47:58 - [TEST_STEP][PASSED] - Statement - batchsize = com.kms.katalon.core.webui.keyword.WebUiBuiltInKeywords.getNumberOfTotalOption(batchlength): 9 options of object '' counted

2018-06-04 18:47:58 - [MESSAGE][PASSED] - 9 options of object '' counted

2018-06-04 18:47:58 - [TEST_STEP][PASSED] - Statement - out.println("BatchSize : " + batchsize): null

2018-06-04 18:47:58 - [TEST_STEP][PASSED] - Statement - For ([n = 1, n <= batchsize - 1, (n++)]): null

2018-06-04 18:47:58 - [TEST_STEP][PASSED] - Statement - product = new com.kms.katalon.core.testobject.TestObject(): null

2018-06-04 18:47:58 - [TEST_STEP][PASSED] - Statement - product = com.kms.katalon.core.webui.keyword.WebUiBuiltInKeywords.modifyObjectProperty(product, "xpath", "equals", "//*[@id = "fldvendor" + row + ""]", true): Modify property of object successfully

2018-06-04 18:47:58 - [MESSAGE][PASSED] - Modify property of object successfully

2018-06-04 18:47:58 - [TEST_STEP][PASSED] - selectOptionByIndex: All options with index in [1] are selected on object ''

2018-06-04 18:47:58 - [MESSAGE][PASSED] - All options with index in [1] are selected on object ''

2018-06-04 18:47:58 - [TEST_STEP][PASSED] - delay: Delayed 2 second(s)

2018-06-04 18:48:00 - [MESSAGE][PASSED] - Delayed 2 second(s)

2018-06-04 18:48:00 - [TEST_STEP][PASSED] - Statement - batch = new com.kms.katalon.core.testobject.TestObject(): null

2018-06-04 18:48:00 - [TEST_STEP][PASSED] - Statement - batch = com.kms.katalon.core.webui.keyword.WebUiBuiltInKeywords.modifyObjectProperty(batch, "xpath", "equals", "//*[@id = "txtbthqty" + row + ""]", true): Modify property of object successfully

2018-06-04 18:48:00 - [MESSAGE][PASSED] - Modify property of object successfully

2018-06-04 18:48:00 - [TEST_STEP][PASSED] - Statement - batchqty = com.kms.katalon.core.webui.keyword.WebUiBuiltInKeywords.getAttribute(batch, "value").trim(): Attribute 'value' of object '' is: '37200'

2018-06-04 18:48:00 - [MESSAGE][PASSED] - Attribute 'value' of object '' is: '37200'

2018-06-04 18:48:00 - [TEST_STEP][PASSED] - Statement - Rqty = 100: null

2018-06-04 18:48:00 - [TEST_STEP][PASSED] - Statement - out.println("BatchQty : " + batchqty): null

2018-06-04 18:48:00 - [TEST_STEP][PASSED] - Statement - out.println("RQty : " + Rqty): null

2018-06-04 18:48:00 - [TEST_STEP][PASSED] - Statement - If (java.lang.Integer.valueOf(batchqty) >= java.lang.Integer.valueOf(Rqty)): null

2018-06-04 18:48:00 - [TEST_STEP][PASSED] - Statement - Break: null

2018-06-04 18:48:00 - [TEST_STEP][PASSED] - Statement - batchlength = new com.kms.katalon.core.testobject.TestObject(): null

2018-06-04 18:48:00 - [TEST_STEP][PASSED] - Statement - batchlength = com.kms.katalon.core.webui.keyword.WebUiBuiltInKeywords.modifyObjectProperty(batchlength, "xpath", "equals", "//*[@id = "fldvendor" + row + ""]", true): Modify property of object successfully

2018-06-04 18:48:00 - [MESSAGE][PASSED] - Modify property of object successfully

2018-06-04 18:48:00 - [TEST_STEP][PASSED] - Statement - batchsize = com.kms.katalon.core.webui.keyword.WebUiBuiltInKeywords.getNumberOfTotalOption(batchlength): 9 options of object '' counted

2018-06-04 18:48:00 - [MESSAGE][PASSED] - 9 options of object '' counted

2018-06-04 18:48:00 - [TEST_STEP][PASSED] - Statement - out.println("BatchSize : " + batchsize): null

2018-06-04 18:48:00 - [TEST_STEP][PASSED] - Statement - For ([n = 1, n <= batchsize - 1, (n++)]): null

2018-06-04 18:48:00 - [TEST_STEP][PASSED] - Statement - product = new com.kms.katalon.core.testobject.TestObject(): null

2018-06-04 18:48:00 - [TEST_STEP][PASSED] - Statement - product = com.kms.katalon.core.webui.keyword.WebUiBuiltInKeywords.modifyObjectProperty(product, "xpath", "equals", "//*[@id = "fldvendor" + row + ""]", true): Modify property of object successfully

2018-06-04 18:48:00 - [MESSAGE][PASSED] - Modify property of object successfully

2018-06-04 18:48:00 - [TEST_STEP][PASSED] - selectOptionByIndex: All options with index in [1] are selected on object ''

2018-06-04 18:48:00 - [MESSAGE][PASSED] - All options with index in [1] are selected on object ''

2018-06-04 18:48:00 - [TEST_STEP][PASSED] - delay: Delayed 2 second(s)

2018-06-04 18:48:02 - [MESSAGE][PASSED] - Delayed 2 second(s)

2018-06-04 18:48:02 - [TEST_STEP][PASSED] - Statement - batch = new com.kms.katalon.core.testobject.TestObject(): null

2018-06-04 18:48:02 - [TEST_STEP][PASSED] - Statement - batch = com.kms.katalon.core.webui.keyword.WebUiBuiltInKeywords.modifyObjectProperty(batch, "xpath", "equals", "//*[@id = "txtbthqty" + row + ""]", true): Modify property of object successfully

2018-06-04 18:48:02 - [MESSAGE][PASSED] - Modify property of object successfully

2018-06-04 18:48:02 - [TEST_STEP][PASSED] - Statement - batchqty = com.kms.katalon.core.webui.keyword.WebUiBuiltInKeywords.getAttribute(batch, "value").trim(): Attribute 'value' of object '' is: '2300'

2018-06-04 18:48:02 - [MESSAGE][PASSED] - Attribute 'value' of object '' is: '2300'

2018-06-04 18:48:02 - [TEST_STEP][PASSED] - Statement - Rqty = 100: null

2018-06-04 18:48:02 - [TEST_STEP][PASSED] - Statement - out.println("BatchQty : " + batchqty): null

2018-06-04 18:48:02 - [TEST_STEP][PASSED] - Statement - out.println("RQty : " + Rqty): null

2018-06-04 18:48:02 - [TEST_STEP][PASSED] - Statement - If (java.lang.Integer.valueOf(batchqty) >= java.lang.Integer.valueOf(Rqty)): null

2018-06-04 18:48:02 - [TEST_STEP][PASSED] - Statement - Break: null

2018-06-04 18:48:02 - [TEST_STEP][PASSED] - Statement - batchlength = new com.kms.katalon.core.testobject.TestObject(): null

2018-06-04 18:48:02 - [TEST_STEP][PASSED] - Statement - batchlength = com.kms.katalon.core.webui.keyword.WebUiBuiltInKeywords.modifyObjectProperty(batchlength, "xpath", "equals", "//*[@id = "fldvendor" + row + ""]", true): Modify property of object successfully

2018-06-04 18:48:02 - [MESSAGE][PASSED] - Modify property of object successfully

2018-06-04 18:48:02 - [TEST_STEP][PASSED] - Statement - batchsize = com.kms.katalon.core.webui.keyword.WebUiBuiltInKeywords.getNumberOfTotalOption(batchlength): 9 options of object '' counted

2018-06-04 18:48:02 - [MESSAGE][PASSED] - 9 options of object '' counted

2018-06-04 18:48:02 - [TEST_STEP][PASSED] - Statement - out.println("BatchSize : " + batchsize): null

2018-06-04 18:48:02 - [TEST_STEP][PASSED] - Statement - For ([n = 1, n <= batchsize - 1, (n++)]): null

2018-06-04 18:48:02 - [TEST_STEP][PASSED] - Statement - product = new com.kms.katalon.core.testobject.TestObject(): null

2018-06-04 18:48:02 - [TEST_STEP][PASSED] - Statement - product = com.kms.katalon.core.webui.keyword.WebUiBuiltInKeywords.modifyObjectProperty(product, "xpath", "equals", "//*[@id = "fldvendor" + row + ""]", true): Modify property of object successfully

2018-06-04 18:48:02 - [MESSAGE][PASSED] - Modify property of object successfully

2018-06-04 18:48:02 - [TEST_STEP][PASSED] - selectOptionByIndex: All options with index in [1] are selected on object ''

2018-06-04 18:48:02 - [MESSAGE][PASSED] - All options with index in [1] are selected on object ''

2018-06-04 18:48:02 - [TEST_STEP][PASSED] - delay: Delayed 2 second(s)

2018-06-04 18:48:04 - [MESSAGE][PASSED] - Delayed 2 second(s)

2018-06-04 18:48:04 - [TEST_STEP][PASSED] - Statement - batch = new com.kms.katalon.core.testobject.TestObject(): null

2018-06-04 18:48:04 - [TEST_STEP][PASSED] - Statement - batch = com.kms.katalon.core.webui.keyword.WebUiBuiltInKeywords.modifyObjectProperty(batch, "xpath", "equals", "//*[@id = "txtbthqty" + row + ""]", true): Modify property of object successfully

2018-06-04 18:48:04 - [MESSAGE][PASSED] - Modify property of object successfully

2018-06-04 18:48:04 - [TEST_STEP][PASSED] - Statement - batchqty = com.kms.katalon.core.webui.keyword.WebUiBuiltInKeywords.getAttribute(batch, "value").trim(): Attribute 'value' of object '' is: '3300'

2018-06-04 18:48:04 - [MESSAGE][PASSED] - Attribute 'value' of object '' is: '3300'

2018-06-04 18:48:04 - [TEST_STEP][PASSED] - Statement - Rqty = 100: null

2018-06-04 18:48:04 - [TEST_STEP][PASSED] - Statement - out.println("BatchQty : " + batchqty): null

2018-06-04 18:48:04 - [TEST_STEP][PASSED] - Statement - out.println("RQty : " + Rqty): null

2018-06-04 18:48:04 - [TEST_STEP][PASSED] - Statement - If (java.lang.Integer.valueOf(batchqty) >= java.lang.Integer.valueOf(Rqty)): null

2018-06-04 18:48:04 - [TEST_STEP][PASSED] - Statement - Break: null

2018-06-04 18:48:04 - [TEST_STEP][PASSED] - Statement - batchlength = new com.kms.katalon.core.testobject.TestObject(): null

2018-06-04 18:48:04 - [TEST_STEP][PASSED] - Statement - batchlength = com.kms.katalon.core.webui.keyword.WebUiBuiltInKeywords.modifyObjectProperty(batchlength, "xpath", "equals", "//*[@id = "fldvendor" + row + ""]", true): Modify property of object successfully

2018-06-04 18:48:04 - [MESSAGE][PASSED] - Modify property of object successfully

2018-06-04 18:48:04 - [TEST_STEP][PASSED] - Statement - batchsize = com.kms.katalon.core.webui.keyword.WebUiBuiltInKeywords.getNumberOfTotalOption(batchlength): 9 options of object '' counted

2018-06-04 18:48:05 - [MESSAGE][PASSED] - 9 options of object '' counted

2018-06-04 18:48:05 - [TEST_STEP][PASSED] - Statement - out.println("BatchSize : " + batchsize): null

2018-06-04 18:48:05 - [TEST_STEP][PASSED] - Statement - For ([n = 1, n <= batchsize - 1, (n++)]): null

2018-06-04 18:48:05 - [TEST_STEP][PASSED] - Statement - product = new com.kms.katalon.core.testobject.TestObject(): null

2018-06-04 18:48:05 - [TEST_STEP][PASSED] - Statement - product = com.kms.katalon.core.webui.keyword.WebUiBuiltInKeywords.modifyObjectProperty(product, "xpath", "equals", "//*[@id = "fldvendor" + row + ""]", true): Modify property of object successfully

2018-06-04 18:48:05 - [MESSAGE][PASSED] - Modify property of object successfully

2018-06-04 18:48:05 - [TEST_STEP][PASSED] - selectOptionByIndex: All options with index in [1] are selected on object ''

2018-06-04 18:48:05 - [MESSAGE][PASSED] - All options with index in [1] are selected on object ''

2018-06-04 18:48:05 - [TEST_STEP][PASSED] - delay: Delayed 2 second(s)

2018-06-04 18:48:07 - [MESSAGE][PASSED] - Delayed 2 second(s)

2018-06-04 18:48:07 - [TEST_STEP][PASSED] - Statement - batch = new com.kms.katalon.core.testobject.TestObject(): null

2018-06-04 18:48:07 - [TEST_STEP][PASSED] - Statement - batch = com.kms.katalon.core.webui.keyword.WebUiBuiltInKeywords.modifyObjectProperty(batch, "xpath", "equals", "//*[@id = "txtbthqty" + row + ""]", true): Modify property of object successfully

2018-06-04 18:48:07 - [MESSAGE][PASSED] - Modify property of object successfully

2018-06-04 18:48:07 - [TEST_STEP][PASSED] - Statement - batchqty = com.kms.katalon.core.webui.keyword.WebUiBuiltInKeywords.getAttribute(batch, "value").trim(): Attribute 'value' of object '' is: '3300'

2018-06-04 18:48:07 - [MESSAGE][PASSED] - Attribute 'value' of object '' is: '3300'

2018-06-04 18:48:07 - [TEST_STEP][PASSED] - Statement - Rqty = 100: null

2018-06-04 18:48:07 - [TEST_STEP][PASSED] - Statement - out.println("BatchQty : " + batchqty): null

2018-06-04 18:48:07 - [TEST_STEP][PASSED] - Statement - out.println("RQty : " + Rqty): null

2018-06-04 18:48:07 - [TEST_STEP][PASSED] - Statement - If (java.lang.Integer.valueOf(batchqty) >= java.lang.Integer.valueOf(Rqty)): null

2018-06-04 18:48:07 - [TEST_STEP][PASSED] - Statement - Break: null

2018-06-04 18:48:07 - [TEST_STEP][PASSED] - Statement - batchlength = new com.kms.katalon.core.testobject.TestObject(): null

2018-06-04 18:48:07 - [TEST_STEP][PASSED] - Statement - batchlength = com.kms.katalon.core.webui.keyword.WebUiBuiltInKeywords.modifyObjectProperty(batchlength, "xpath", "equals", "//*[@id = "fldvendor" + row + ""]", true): Modify property of object successfully

2018-06-04 18:48:07 - [MESSAGE][PASSED] - Modify property of object successfully

2018-06-04 18:48:07 - [TEST_STEP][PASSED] - Statement - batchsize = com.kms.katalon.core.webui.keyword.WebUiBuiltInKeywords.getNumberOfTotalOption(batchlength): 9 options of object '' counted

2018-06-04 18:48:07 - [MESSAGE][PASSED] - 9 options of object '' counted

2018-06-04 18:48:07 - [TEST_STEP][PASSED] - Statement - out.println("BatchSize : " + batchsize): null

2018-06-04 18:48:07 - [TEST_STEP][PASSED] - Statement - For ([n = 1, n <= batchsize - 1, (n++)]): null

2018-06-04 18:48:07 - [TEST_STEP][PASSED] - Statement - product = new com.kms.katalon.core.testobject.TestObject(): null

2018-06-04 18:48:07 - [TEST_STEP][PASSED] - Statement - product = com.kms.katalon.core.webui.keyword.WebUiBuiltInKeywords.modifyObjectProperty(product, "xpath", "equals", "//*[@id = "fldvendor" + row + ""]", true): Modify property of object successfully

2018-06-04 18:48:07 - [MESSAGE][PASSED] - Modify property of object successfully

2018-06-04 18:48:07 - [TEST_STEP][PASSED] - selectOptionByIndex: All options with index in [1] are selected on object ''

2018-06-04 18:48:07 - [MESSAGE][PASSED] - All options with index in [1] are selected on object ''

2018-06-04 18:48:07 - [TEST_STEP][PASSED] - delay: Delayed 2 second(s)

2018-06-04 18:48:09 - [MESSAGE][PASSED] - Delayed 2 second(s)

2018-06-04 18:48:09 - [TEST_STEP][PASSED] - Statement - batch = new com.kms.katalon.core.testobject.TestObject(): null

2018-06-04 18:48:09 - [TEST_STEP][PASSED] - Statement - batch = com.kms.katalon.core.webui.keyword.WebUiBuiltInKeywords.modifyObjectProperty(batch, "xpath", "equals", "//*[@id = "txtbthqty" + row + ""]", true): Modify property of object successfully

2018-06-04 18:48:09 - [MESSAGE][PASSED] - Modify property of object successfully

2018-06-04 18:48:09 - [TEST_STEP][PASSED] - Statement - batchqty = com.kms.katalon.core.webui.keyword.WebUiBuiltInKeywords.getAttribute(batch, "value").trim(): Attribute 'value' of object '' is: '37200'

2018-06-04 18:48:09 - [MESSAGE][PASSED] - Attribute 'value' of object '' is: '37200'

2018-06-04 18:48:09 - [TEST_STEP][PASSED] - Statement - Rqty = 100: null

2018-06-04 18:48:09 - [TEST_STEP][PASSED] - Statement - out.println("BatchQty : " + batchqty): null

2018-06-04 18:48:09 - [TEST_STEP][PASSED] - Statement - out.println("RQty : " + Rqty): null

2018-06-04 18:48:09 - [TEST_STEP][PASSED] - Statement - If (java.lang.Integer.valueOf(batchqty) >= java.lang.Integer.valueOf(Rqty)): null

2018-06-04 18:48:09 - [TEST_STEP][PASSED] - Statement - Break: null

2018-06-04 18:48:09 - [TEST_STEP][PASSED] - click: Object: 'Object Repository/store Request Schedule 1/Page_KDMC - CMS/input_btndispatch' is clicked on

2018-06-04 18:48:09 - [MESSAGE][PASSED] - Object: 'Object Repository/store Request Schedule 1/Page_KDMC - CMS/input_btndispatch' is clicked on

2018-06-04 18:48:09 - [TEST_STEP][PASSED] - waitForElementVisible: Object 'Object Repository/store Request Schedule 1/Page_KDMC - CMS/button_OK' is visible

2018-06-04 18:48:11 - [MESSAGE][PASSED] - Object 'Object Repository/store Request Schedule 1/Page_KDMC - CMS/button_OK' is visible

2018-06-04 18:48:11 - [TEST_STEP][PASSED] - click: Object: 'Object Repository/store Request Schedule 1/Page_KDMC - CMS/button_OK' is clicked on

2018-06-04 18:48:11 - [MESSAGE][PASSED] - Object: 'Object Repository/store Request Schedule 1/Page_KDMC - CMS/button_OK' is clicked on

2018-06-04 18:48:11 - [TEST_STEP][PASSED] - delay: Delayed 3 second(s)

2018-06-04 18:48:14 - [MESSAGE][PASSED] - Delayed 3 second(s)

2018-06-04 18:48:14 - [TEST_STEP][PASSED] - click: Object: 'Object Repository/store Request Schedule 1/Page_KDMC - CMS/a_dropdown-toggle' is clicked on

2018-06-04 18:48:14 - [MESSAGE][PASSED] - Object: 'Object Repository/store Request Schedule 1/Page_KDMC - CMS/a_dropdown-toggle' is clicked on

2018-06-04 18:48:14 - [TEST_STEP][PASSED] - click: Object: 'Object Repository/store Request Schedule 1/Page_KDMC - CMS/a_Sign out' is clicked on

2018-06-04 18:48:15 - [MESSAGE][PASSED] - Object: 'Object Repository/store Request Schedule 1/Page_KDMC - CMS/a_Sign out' is clicked on

2018-06-04 18:48:15 - [TEST_STEP][PASSED] - delay: Delayed 3 second(s)

2018-06-04 18:48:18 - [MESSAGE][PASSED] - Delayed 3 second(s)

2018-06-04 18:48:18 - [TEST_STEP][PASSED] - click: Object: 'Object Repository/Store Request Schedule 1/Page_KDMC/a_Divisional Store' is clicked on

2018-06-04 18:48:18 - [MESSAGE][PASSED] - Object: 'Object Repository/Store Request Schedule 1/Page_KDMC/a_Divisional Store' is clicked on

2018-06-04 18:48:18 - [TEST_STEP][PASSED] - setText: Text 'ragu' is set on object 'Object Repository/Store Request Schedule 1/Page_Divisonal Store Login/input_txtusername'

2018-06-04 18:48:19 - [MESSAGE][PASSED] - Text 'ragu' is set on object 'Object Repository/Store Request Schedule 1/Page_Divisonal Store Login/input_txtusername'

2018-06-04 18:48:19 - [TEST_STEP][PASSED] - setText: Text '123' is set on object 'Object Repository/Store Request Schedule 1/Page_Divisonal Store Login/input_txtpassword'

2018-06-04 18:48:19 - [MESSAGE][PASSED] - Text '123' is set on object 'Object Repository/Store Request Schedule 1/Page_Divisonal Store Login/input_txtpassword'

2018-06-04 18:48:19 - [TEST_STEP][PASSED] - delay: Delayed 3 second(s)

2018-06-04 18:48:22 - [MESSAGE][PASSED] - Delayed 3 second(s)

2018-06-04 18:48:22 - [TEST_STEP][PASSED] - click: Object: 'Object Repository/Store Request Schedule 1/Page_Divisonal Store Login/button_Sign in' is clicked on

2018-06-04 18:48:23 - [MESSAGE][PASSED] - Object: 'Object Repository/Store Request Schedule 1/Page_Divisonal Store Login/button_Sign in' is clicked on

2018-06-04 18:48:23 - [TEST_STEP][PASSED] - delay: Delayed 3 second(s)

2018-06-04 18:48:26 - [MESSAGE][PASSED] - Delayed 3 second(s)

2018-06-04 18:48:26 - [TEST_STEP][PASSED] - click: Object: 'Object Repository/Store Request Schedule 1/Page_Store/a_CMS' is clicked on

2018-06-04 18:48:26 - [MESSAGE][PASSED] - Object: 'Object Repository/Store Request Schedule 1/Page_Store/a_CMS' is clicked on

2018-06-04 18:48:26 - [TEST_STEP][PASSED] - delay: Delayed 2 second(s)

2018-06-04 18:48:28 - [MESSAGE][PASSED] - Delayed 2 second(s)

2018-06-04 18:48:28 - [TEST_STEP][PASSED] - click: Object: 'Object Repository/Store Request Schedule 1/Page_Store/a_Receiving Goods' is clicked on

2018-06-04 18:48:29 - [MESSAGE][PASSED] - Object: 'Object Repository/Store Request Schedule 1/Page_Store/a_Receiving Goods' is clicked on

2018-06-04 18:48:29 - [TEST_STEP][PASSED] - setText: Text 'PRNO/04062018/591' is set on object 'Object Repository/Store Request Schedule 1/Page_Store/input'

2018-06-04 18:48:30 - [MESSAGE][PASSED] - Text 'PRNO/04062018/591' is set on object 'Object Repository/Store Request Schedule 1/Page_Store/input'

2018-06-04 18:48:30 - [TEST_STEP][PASSED] - click: Object: 'Object Repository/Store Request Schedule 1/Page_Store/input_btn btn-primary' is clicked on

2018-06-04 18:48:30 - [MESSAGE][PASSED] - Object: 'Object Repository/Store Request Schedule 1/Page_Store/input_btn btn-primary' is clicked on

2018-06-04 18:48:30 - [TEST_STEP][PASSED] - delay: Delayed 2 second(s)

2018-06-04 18:48:32 - [MESSAGE][PASSED] - Delayed 2 second(s)

2018-06-04 18:48:32 - [TEST_STEP][PASSED] - click: Object: 'Object Repository/Store Request Schedule 1/Page_Store/input_chkrem' is clicked on

2018-06-04 18:48:32 - [MESSAGE][PASSED] - Object: 'Object Repository/Store Request Schedule 1/Page_Store/input_chkrem' is clicked on

2018-06-04 18:48:32 - [TEST_STEP][PASSED] - scrollToElement: Scroll to object 'Object Repository/Store Request Schedule 1/Page_Store/input_btchkroqadd' successfully

2018-06-04 18:48:32 - [MESSAGE][PASSED] - Scroll to object 'Object Repository/Store Request Schedule 1/Page_Store/input_btchkroqadd' successfully

2018-06-04 18:48:32 - [TEST_STEP][PASSED] - click: Object: 'Object Repository/Store Request Schedule 1/Page_Store/input_btchkroqadd' is clicked on

2018-06-04 18:48:32 - [MESSAGE][PASSED] - Object: 'Object Repository/Store Request Schedule 1/Page_Store/input_btchkroqadd' is clicked on

2018-06-04 18:48:32 - [TEST_STEP][PASSED] - delay: Delayed 2 second(s)

2018-06-04 18:48:34 - [MESSAGE][PASSED] - Delayed 2 second(s)

2018-06-04 18:48:34 - [TEST_STEP][PASSED] - refresh: Refresh successfully

2018-06-04 18:48:35 - [MESSAGE][PASSED] - Refresh successfully

2018-06-04 18:48:35 - [TEST_STEP][PASSED] - delay: Delayed 3 second(s)

2018-06-04 18:48:38 - [MESSAGE][PASSED] - Delayed 3 second(s)

2018-06-04 18:48:38 - [TEST_STEP][PASSED] - click: Object: 'Object Repository/Store Request Schedule 1/Page_Store/a_dropdown-toggle' is clicked on

2018-06-04 18:48:38 - [MESSAGE][PASSED] - Object: 'Object Repository/Store Request Schedule 1/Page_Store/a_dropdown-toggle' is clicked on

2018-06-04 18:48:38 - [TEST_STEP][PASSED] - click: Object: 'Object Repository/Store Request Schedule 1/Page_Store/a_Sign out' is clicked on

2018-06-04 18:48:38 - [MESSAGE][PASSED] - Object: 'Object Repository/Store Request Schedule 1/Page_Store/a_Sign out' is clicked on

2018-06-04 18:48:38 - [TEST_STEP][PASSED] - closeBrowser: Browser is closed

2018-06-04 18:48:39 - [MESSAGE][PASSED] - Browser is closed

2018-06-04 18:48:39 - [TEST_STEP][PASSED] - Statement - out.println("Schedule 3 Store Request Are Working Successfully"): null]]></system-out>
         <system-err><![CDATA[]]></system-err>
      </testcase>
      <testcase name="Test Cases/STORE TO CMS REQUEST TEST CASES/TC_STCMS_004 To Verify Schedule 4 Store To CMS Request Are Working Successfully Or Not" classname="Test Cases/STORE TO CMS REQUEST TEST CASES/TC_STCMS_004 To Verify Schedule 4 Store To CMS Request Are Working Successfully Or Not" status="FAILED">
         <failure type="FAILED" message="Unable to get text of object 'Object Repository/Store Request Schedule 1/Page_Store/font_PRNO050520189' (Root cause: com.kms.katalon.core.webui.exception.WebElementNotFoundException: Web element with id: 'Object Repository/Store Request Schedule 1/Page_Store/font_PRNO050520189' located by 'By.xpath: /html[1]/body[@class=&quot;skin-blue  pace-done modal-open&quot;]/div[@class=&quot;bootbox modal fade bootbox-alert in&quot;]/div[@class=&quot;modal-dialog&quot;]/div[@class=&quot;modal-content&quot;]/div[@class=&quot;modal-body&quot;]/div[@class=&quot;bootbox-body&quot;]/b[1]/font[1]' not found)"/>
         <system-out><![CDATA[2018-06-04 18:48:39 - [TEST_CASE][FAILED] - Test Cases/STORE TO CMS REQUEST TEST CASES/TC_STCMS_004 To Verify Schedule 4 Store To CMS Request Are Working Successfully Or Not: Test Cases/STORE TO CMS REQUEST TEST CASES/TC_STCMS_004 To Verify Schedule 4 Store To CMS Request Are Working Successfully Or Not FAILED because (of) Unable to get text of object 'Object Repository/Store Request Schedule 1/Page_Store/font_PRNO050520189' (Root cause: com.kms.katalon.core.webui.exception.WebElementNotFoundException: Web element with id: 'Object Repository/Store Request Schedule 1/Page_Store/font_PRNO050520189' located by 'By.xpath: /html[1]/body[@class="skin-blue  pace-done modal-open"]/div[@class="bootbox modal fade bootbox-alert in"]/div[@class="modal-dialog"]/div[@class="modal-content"]/div[@class="modal-body"]/div[@class="bootbox-body"]/b[1]/font[1]' not found)

2018-06-04 18:48:39 - [TEST_STEP][PASSED] - openBrowser: Browser is opened with url: ''

2018-06-04 18:48:41 - [MESSAGE][PASSED] - Browser is opened with url: ''

2018-06-04 18:48:41 - [TEST_STEP][PASSED] - Statement - out.println("Verify Schedule 4 STORE Request Are Working Successfully Or Not"): null

2018-06-04 18:48:41 - [TEST_STEP][PASSED] - navigateToUrl: Navigate to 'http://192.168.137.1/multihospital_new/' successfully

2018-06-04 18:48:43 - [MESSAGE][PASSED] - Navigate to 'http://192.168.137.1/multihospital_new/' successfully

2018-06-04 18:48:43 - [TEST_STEP][PASSED] - maximizeWindow: Current window maximized

2018-06-04 18:48:44 - [MESSAGE][PASSED] - Current window maximized

2018-06-04 18:48:44 - [TEST_STEP][PASSED] - click: Object: 'Object Repository/Store Request Schedule 1/Page_KDMC/a_Divisional Store' is clicked on

2018-06-04 18:48:45 - [MESSAGE][PASSED] - Object: 'Object Repository/Store Request Schedule 1/Page_KDMC/a_Divisional Store' is clicked on

2018-06-04 18:48:45 - [TEST_STEP][PASSED] - setText: Text 'ragu' is set on object 'Object Repository/Store Request Schedule 1/Page_Divisonal Store Login/input_txtusername'

2018-06-04 18:48:45 - [MESSAGE][PASSED] - Text 'ragu' is set on object 'Object Repository/Store Request Schedule 1/Page_Divisonal Store Login/input_txtusername'

2018-06-04 18:48:45 - [TEST_STEP][PASSED] - setText: Text '123' is set on object 'Object Repository/Store Request Schedule 1/Page_Divisonal Store Login/input_txtpassword'

2018-06-04 18:48:45 - [MESSAGE][PASSED] - Text '123' is set on object 'Object Repository/Store Request Schedule 1/Page_Divisonal Store Login/input_txtpassword'

2018-06-04 18:48:45 - [TEST_STEP][PASSED] - delay: Delayed 3 second(s)

2018-06-04 18:48:48 - [MESSAGE][PASSED] - Delayed 3 second(s)

2018-06-04 18:48:48 - [TEST_STEP][PASSED] - click: Object: 'Object Repository/Store Request Schedule 1/Page_Divisonal Store Login/button_Sign in' is clicked on

2018-06-04 18:48:54 - [MESSAGE][PASSED] - Object: 'Object Repository/Store Request Schedule 1/Page_Divisonal Store Login/button_Sign in' is clicked on

2018-06-04 18:48:54 - [TEST_STEP][PASSED] - delay: Delayed 3 second(s)

2018-06-04 18:48:57 - [MESSAGE][PASSED] - Delayed 3 second(s)

2018-06-04 18:48:57 - [TEST_STEP][PASSED] - click: Object: 'Object Repository/Store Request Schedule 1/Page_Store/a_CMS' is clicked on

2018-06-04 18:49:03 - [MESSAGE][PASSED] - Object: 'Object Repository/Store Request Schedule 1/Page_Store/a_CMS' is clicked on

2018-06-04 18:49:03 - [TEST_STEP][PASSED] - delay: Delayed 2 second(s)

2018-06-04 18:49:05 - [MESSAGE][PASSED] - Delayed 2 second(s)

2018-06-04 18:49:05 - [TEST_STEP][PASSED] - click: Object: 'Object Repository/Store Request Schedule 1/Page_Store/a_Request Send' is clicked on

2018-06-04 18:49:10 - [MESSAGE][PASSED] - Object: 'Object Repository/Store Request Schedule 1/Page_Store/a_Request Send' is clicked on

2018-06-04 18:49:10 - [TEST_STEP][PASSED] - selectOptionByIndex: All options with index in [1] are selected on object 'Object Repository/Store Request Schedule 1/Page_Store/select_--Select--'

2018-06-04 18:49:11 - [MESSAGE][PASSED] - All options with index in [1] are selected on object 'Object Repository/Store Request Schedule 1/Page_Store/select_--Select--'

2018-06-04 18:49:11 - [TEST_STEP][PASSED] - selectOptionByIndex: All options with index in [4] are selected on object 'Object Repository/Store Request Schedule 1/Page_Store/select_--Select--Schedule 1Inj'

2018-06-04 18:49:11 - [MESSAGE][PASSED] - All options with index in [4] are selected on object 'Object Repository/Store Request Schedule 1/Page_Store/select_--Select--Schedule 1Inj'

2018-06-04 18:49:11 - [TEST_STEP][PASSED] - Statement - SelectedOptions = com.kms.katalon.core.webui.keyword.WebUiBuiltInKeywords.getNumberOfTotalOption(com.kms.katalon.core.testobject.ObjectRepository.findTestObject(Store Request Schedule 1/Page_Store/select_--Select--Adernaline 0.)): 16 options of object 'Object Repository/Store Request Schedule 1/Page_Store/select_--Select--Adernaline 0.' counted

2018-06-04 18:49:11 - [MESSAGE][PASSED] - 16 options of object 'Object Repository/Store Request Schedule 1/Page_Store/select_--Select--Adernaline 0.' counted

2018-06-04 18:49:11 - [TEST_STEP][PASSED] - Statement - For ([y = 1, y < SelectedOptions, (y++)]): Object: 'Object Repository/Store Request Schedule 1/Page_Store/button_Add' is clicked on

2018-06-04 18:49:11 - [TEST_STEP][PASSED] - selectOptionByIndex: All options with index in [4] are selected on object 'Object Repository/Store Request Schedule 1/Page_Store/select_--Select--Schedule 1Inj'

2018-06-04 18:49:11 - [MESSAGE][PASSED] - All options with index in [4] are selected on object 'Object Repository/Store Request Schedule 1/Page_Store/select_--Select--Schedule 1Inj'

2018-06-04 18:49:11 - [TEST_STEP][PASSED] - delay: Delayed 1 second(s)

2018-06-04 18:49:12 - [MESSAGE][PASSED] - Delayed 1 second(s)

2018-06-04 18:49:12 - [TEST_STEP][PASSED] - selectOptionByIndex: All options with index in [1] are selected on object 'Object Repository/Store Request Schedule 1/Page_Store/select_--Select--Adernaline 0.'

2018-06-04 18:49:12 - [MESSAGE][PASSED] - All options with index in [1] are selected on object 'Object Repository/Store Request Schedule 1/Page_Store/select_--Select--Adernaline 0.'

2018-06-04 18:49:12 - [TEST_STEP][PASSED] - setText: Text '100' is set on object 'Object Repository/Store Request Schedule 1/Page_Store/input_txttreat'

2018-06-04 18:49:12 - [MESSAGE][PASSED] - Text '100' is set on object 'Object Repository/Store Request Schedule 1/Page_Store/input_txttreat'

2018-06-04 18:49:12 - [TEST_STEP][PASSED] - click: Object: 'Object Repository/Store Request Schedule 1/Page_Store/button_Add' is clicked on

2018-06-04 18:49:17 - [MESSAGE][PASSED] - Object: 'Object Repository/Store Request Schedule 1/Page_Store/button_Add' is clicked on

2018-06-04 18:49:17 - [TEST_STEP][PASSED] - selectOptionByIndex: All options with index in [4] are selected on object 'Object Repository/Store Request Schedule 1/Page_Store/select_--Select--Schedule 1Inj'

2018-06-04 18:49:17 - [MESSAGE][PASSED] - All options with index in [4] are selected on object 'Object Repository/Store Request Schedule 1/Page_Store/select_--Select--Schedule 1Inj'

2018-06-04 18:49:17 - [TEST_STEP][PASSED] - delay: Delayed 1 second(s)

2018-06-04 18:49:18 - [MESSAGE][PASSED] - Delayed 1 second(s)

2018-06-04 18:49:18 - [TEST_STEP][PASSED] - selectOptionByIndex: All options with index in [2] are selected on object 'Object Repository/Store Request Schedule 1/Page_Store/select_--Select--Adernaline 0.'

2018-06-04 18:49:19 - [MESSAGE][PASSED] - All options with index in [2] are selected on object 'Object Repository/Store Request Schedule 1/Page_Store/select_--Select--Adernaline 0.'

2018-06-04 18:49:19 - [TEST_STEP][PASSED] - setText: Text '100' is set on object 'Object Repository/Store Request Schedule 1/Page_Store/input_txttreat'

2018-06-04 18:49:19 - [MESSAGE][PASSED] - Text '100' is set on object 'Object Repository/Store Request Schedule 1/Page_Store/input_txttreat'

2018-06-04 18:49:19 - [TEST_STEP][PASSED] - click: Object: 'Object Repository/Store Request Schedule 1/Page_Store/button_Add' is clicked on

2018-06-04 18:49:24 - [MESSAGE][PASSED] - Object: 'Object Repository/Store Request Schedule 1/Page_Store/button_Add' is clicked on

2018-06-04 18:49:24 - [TEST_STEP][PASSED] - selectOptionByIndex: All options with index in [4] are selected on object 'Object Repository/Store Request Schedule 1/Page_Store/select_--Select--Schedule 1Inj'

2018-06-04 18:49:24 - [MESSAGE][PASSED] - All options with index in [4] are selected on object 'Object Repository/Store Request Schedule 1/Page_Store/select_--Select--Schedule 1Inj'

2018-06-04 18:49:24 - [TEST_STEP][PASSED] - delay: Delayed 1 second(s)

2018-06-04 18:49:25 - [MESSAGE][PASSED] - Delayed 1 second(s)

2018-06-04 18:49:25 - [TEST_STEP][PASSED] - selectOptionByIndex: All options with index in [3] are selected on object 'Object Repository/Store Request Schedule 1/Page_Store/select_--Select--Adernaline 0.'

2018-06-04 18:49:25 - [MESSAGE][PASSED] - All options with index in [3] are selected on object 'Object Repository/Store Request Schedule 1/Page_Store/select_--Select--Adernaline 0.'

2018-06-04 18:49:25 - [TEST_STEP][PASSED] - setText: Text '100' is set on object 'Object Repository/Store Request Schedule 1/Page_Store/input_txttreat'

2018-06-04 18:49:25 - [MESSAGE][PASSED] - Text '100' is set on object 'Object Repository/Store Request Schedule 1/Page_Store/input_txttreat'

2018-06-04 18:49:25 - [TEST_STEP][PASSED] - click: Object: 'Object Repository/Store Request Schedule 1/Page_Store/button_Add' is clicked on

2018-06-04 18:49:30 - [MESSAGE][PASSED] - Object: 'Object Repository/Store Request Schedule 1/Page_Store/button_Add' is clicked on

2018-06-04 18:49:30 - [TEST_STEP][PASSED] - selectOptionByIndex: All options with index in [4] are selected on object 'Object Repository/Store Request Schedule 1/Page_Store/select_--Select--Schedule 1Inj'

2018-06-04 18:49:30 - [MESSAGE][PASSED] - All options with index in [4] are selected on object 'Object Repository/Store Request Schedule 1/Page_Store/select_--Select--Schedule 1Inj'

2018-06-04 18:49:30 - [TEST_STEP][PASSED] - delay: Delayed 1 second(s)

2018-06-04 18:49:31 - [MESSAGE][PASSED] - Delayed 1 second(s)

2018-06-04 18:49:31 - [TEST_STEP][PASSED] - selectOptionByIndex: All options with index in [4] are selected on object 'Object Repository/Store Request Schedule 1/Page_Store/select_--Select--Adernaline 0.'

2018-06-04 18:49:32 - [MESSAGE][PASSED] - All options with index in [4] are selected on object 'Object Repository/Store Request Schedule 1/Page_Store/select_--Select--Adernaline 0.'

2018-06-04 18:49:32 - [TEST_STEP][PASSED] - setText: Text '100' is set on object 'Object Repository/Store Request Schedule 1/Page_Store/input_txttreat'

2018-06-04 18:49:32 - [MESSAGE][PASSED] - Text '100' is set on object 'Object Repository/Store Request Schedule 1/Page_Store/input_txttreat'

2018-06-04 18:49:32 - [TEST_STEP][PASSED] - click: Object: 'Object Repository/Store Request Schedule 1/Page_Store/button_Add' is clicked on

2018-06-04 18:49:37 - [MESSAGE][PASSED] - Object: 'Object Repository/Store Request Schedule 1/Page_Store/button_Add' is clicked on

2018-06-04 18:49:37 - [TEST_STEP][PASSED] - selectOptionByIndex: All options with index in [4] are selected on object 'Object Repository/Store Request Schedule 1/Page_Store/select_--Select--Schedule 1Inj'

2018-06-04 18:49:37 - [MESSAGE][PASSED] - All options with index in [4] are selected on object 'Object Repository/Store Request Schedule 1/Page_Store/select_--Select--Schedule 1Inj'

2018-06-04 18:49:37 - [TEST_STEP][PASSED] - delay: Delayed 1 second(s)

2018-06-04 18:49:38 - [MESSAGE][PASSED] - Delayed 1 second(s)

2018-06-04 18:49:38 - [TEST_STEP][PASSED] - selectOptionByIndex: All options with index in [5] are selected on object 'Object Repository/Store Request Schedule 1/Page_Store/select_--Select--Adernaline 0.'

2018-06-04 18:49:38 - [MESSAGE][PASSED] - All options with index in [5] are selected on object 'Object Repository/Store Request Schedule 1/Page_Store/select_--Select--Adernaline 0.'

2018-06-04 18:49:38 - [TEST_STEP][PASSED] - setText: Text '100' is set on object 'Object Repository/Store Request Schedule 1/Page_Store/input_txttreat'

2018-06-04 18:49:38 - [MESSAGE][PASSED] - Text '100' is set on object 'Object Repository/Store Request Schedule 1/Page_Store/input_txttreat'

2018-06-04 18:49:38 - [TEST_STEP][PASSED] - click: Object: 'Object Repository/Store Request Schedule 1/Page_Store/button_Add' is clicked on

2018-06-04 18:49:43 - [MESSAGE][PASSED] - Object: 'Object Repository/Store Request Schedule 1/Page_Store/button_Add' is clicked on

2018-06-04 18:49:43 - [TEST_STEP][PASSED] - selectOptionByIndex: All options with index in [4] are selected on object 'Object Repository/Store Request Schedule 1/Page_Store/select_--Select--Schedule 1Inj'

2018-06-04 18:49:43 - [MESSAGE][PASSED] - All options with index in [4] are selected on object 'Object Repository/Store Request Schedule 1/Page_Store/select_--Select--Schedule 1Inj'

2018-06-04 18:49:43 - [TEST_STEP][PASSED] - delay: Delayed 1 second(s)

2018-06-04 18:49:44 - [MESSAGE][PASSED] - Delayed 1 second(s)

2018-06-04 18:49:44 - [TEST_STEP][PASSED] - selectOptionByIndex: All options with index in [6] are selected on object 'Object Repository/Store Request Schedule 1/Page_Store/select_--Select--Adernaline 0.'

2018-06-04 18:49:45 - [MESSAGE][PASSED] - All options with index in [6] are selected on object 'Object Repository/Store Request Schedule 1/Page_Store/select_--Select--Adernaline 0.'

2018-06-04 18:49:45 - [TEST_STEP][PASSED] - setText: Text '100' is set on object 'Object Repository/Store Request Schedule 1/Page_Store/input_txttreat'

2018-06-04 18:49:45 - [MESSAGE][PASSED] - Text '100' is set on object 'Object Repository/Store Request Schedule 1/Page_Store/input_txttreat'

2018-06-04 18:49:45 - [TEST_STEP][PASSED] - click: Object: 'Object Repository/Store Request Schedule 1/Page_Store/button_Add' is clicked on

2018-06-04 18:49:50 - [MESSAGE][PASSED] - Object: 'Object Repository/Store Request Schedule 1/Page_Store/button_Add' is clicked on

2018-06-04 18:49:50 - [TEST_STEP][PASSED] - selectOptionByIndex: All options with index in [4] are selected on object 'Object Repository/Store Request Schedule 1/Page_Store/select_--Select--Schedule 1Inj'

2018-06-04 18:49:50 - [MESSAGE][PASSED] - All options with index in [4] are selected on object 'Object Repository/Store Request Schedule 1/Page_Store/select_--Select--Schedule 1Inj'

2018-06-04 18:49:50 - [TEST_STEP][PASSED] - delay: Delayed 1 second(s)

2018-06-04 18:49:51 - [MESSAGE][PASSED] - Delayed 1 second(s)

2018-06-04 18:49:51 - [TEST_STEP][PASSED] - selectOptionByIndex: All options with index in [7] are selected on object 'Object Repository/Store Request Schedule 1/Page_Store/select_--Select--Adernaline 0.'

2018-06-04 18:49:51 - [MESSAGE][PASSED] - All options with index in [7] are selected on object 'Object Repository/Store Request Schedule 1/Page_Store/select_--Select--Adernaline 0.'

2018-06-04 18:49:51 - [TEST_STEP][PASSED] - setText: Text '100' is set on object 'Object Repository/Store Request Schedule 1/Page_Store/input_txttreat'

2018-06-04 18:49:51 - [MESSAGE][PASSED] - Text '100' is set on object 'Object Repository/Store Request Schedule 1/Page_Store/input_txttreat'

2018-06-04 18:49:51 - [TEST_STEP][PASSED] - click: Object: 'Object Repository/Store Request Schedule 1/Page_Store/button_Add' is clicked on

2018-06-04 18:49:56 - [MESSAGE][PASSED] - Object: 'Object Repository/Store Request Schedule 1/Page_Store/button_Add' is clicked on

2018-06-04 18:49:56 - [TEST_STEP][PASSED] - selectOptionByIndex: All options with index in [4] are selected on object 'Object Repository/Store Request Schedule 1/Page_Store/select_--Select--Schedule 1Inj'

2018-06-04 18:49:56 - [MESSAGE][PASSED] - All options with index in [4] are selected on object 'Object Repository/Store Request Schedule 1/Page_Store/select_--Select--Schedule 1Inj'

2018-06-04 18:49:56 - [TEST_STEP][PASSED] - delay: Delayed 1 second(s)

2018-06-04 18:49:57 - [MESSAGE][PASSED] - Delayed 1 second(s)

2018-06-04 18:49:57 - [TEST_STEP][PASSED] - selectOptionByIndex: All options with index in [8] are selected on object 'Object Repository/Store Request Schedule 1/Page_Store/select_--Select--Adernaline 0.'

2018-06-04 18:49:58 - [MESSAGE][PASSED] - All options with index in [8] are selected on object 'Object Repository/Store Request Schedule 1/Page_Store/select_--Select--Adernaline 0.'

2018-06-04 18:49:58 - [TEST_STEP][PASSED] - setText: Text '100' is set on object 'Object Repository/Store Request Schedule 1/Page_Store/input_txttreat'

2018-06-04 18:49:58 - [MESSAGE][PASSED] - Text '100' is set on object 'Object Repository/Store Request Schedule 1/Page_Store/input_txttreat'

2018-06-04 18:49:58 - [TEST_STEP][PASSED] - click: Object: 'Object Repository/Store Request Schedule 1/Page_Store/button_Add' is clicked on

2018-06-04 18:50:03 - [MESSAGE][PASSED] - Object: 'Object Repository/Store Request Schedule 1/Page_Store/button_Add' is clicked on

2018-06-04 18:50:03 - [TEST_STEP][PASSED] - selectOptionByIndex: All options with index in [4] are selected on object 'Object Repository/Store Request Schedule 1/Page_Store/select_--Select--Schedule 1Inj'

2018-06-04 18:50:03 - [MESSAGE][PASSED] - All options with index in [4] are selected on object 'Object Repository/Store Request Schedule 1/Page_Store/select_--Select--Schedule 1Inj'

2018-06-04 18:50:03 - [TEST_STEP][PASSED] - delay: Delayed 1 second(s)

2018-06-04 18:50:04 - [MESSAGE][PASSED] - Delayed 1 second(s)

2018-06-04 18:50:04 - [TEST_STEP][PASSED] - selectOptionByIndex: All options with index in [9] are selected on object 'Object Repository/Store Request Schedule 1/Page_Store/select_--Select--Adernaline 0.'

2018-06-04 18:50:04 - [MESSAGE][PASSED] - All options with index in [9] are selected on object 'Object Repository/Store Request Schedule 1/Page_Store/select_--Select--Adernaline 0.'

2018-06-04 18:50:04 - [TEST_STEP][PASSED] - setText: Text '100' is set on object 'Object Repository/Store Request Schedule 1/Page_Store/input_txttreat'

2018-06-04 18:50:04 - [MESSAGE][PASSED] - Text '100' is set on object 'Object Repository/Store Request Schedule 1/Page_Store/input_txttreat'

2018-06-04 18:50:04 - [TEST_STEP][PASSED] - click: Object: 'Object Repository/Store Request Schedule 1/Page_Store/button_Add' is clicked on

2018-06-04 18:50:09 - [MESSAGE][PASSED] - Object: 'Object Repository/Store Request Schedule 1/Page_Store/button_Add' is clicked on

2018-06-04 18:50:09 - [TEST_STEP][PASSED] - selectOptionByIndex: All options with index in [4] are selected on object 'Object Repository/Store Request Schedule 1/Page_Store/select_--Select--Schedule 1Inj'

2018-06-04 18:50:09 - [MESSAGE][PASSED] - All options with index in [4] are selected on object 'Object Repository/Store Request Schedule 1/Page_Store/select_--Select--Schedule 1Inj'

2018-06-04 18:50:09 - [TEST_STEP][PASSED] - delay: Delayed 1 second(s)

2018-06-04 18:50:10 - [MESSAGE][PASSED] - Delayed 1 second(s)

2018-06-04 18:50:10 - [TEST_STEP][PASSED] - selectOptionByIndex: All options with index in [10] are selected on object 'Object Repository/Store Request Schedule 1/Page_Store/select_--Select--Adernaline 0.'

2018-06-04 18:50:11 - [MESSAGE][PASSED] - All options with index in [10] are selected on object 'Object Repository/Store Request Schedule 1/Page_Store/select_--Select--Adernaline 0.'

2018-06-04 18:50:11 - [TEST_STEP][PASSED] - setText: Text '100' is set on object 'Object Repository/Store Request Schedule 1/Page_Store/input_txttreat'

2018-06-04 18:50:11 - [MESSAGE][PASSED] - Text '100' is set on object 'Object Repository/Store Request Schedule 1/Page_Store/input_txttreat'

2018-06-04 18:50:11 - [TEST_STEP][PASSED] - click: Object: 'Object Repository/Store Request Schedule 1/Page_Store/button_Add' is clicked on

2018-06-04 18:50:16 - [MESSAGE][PASSED] - Object: 'Object Repository/Store Request Schedule 1/Page_Store/button_Add' is clicked on

2018-06-04 18:50:16 - [TEST_STEP][PASSED] - selectOptionByIndex: All options with index in [4] are selected on object 'Object Repository/Store Request Schedule 1/Page_Store/select_--Select--Schedule 1Inj'

2018-06-04 18:50:16 - [MESSAGE][PASSED] - All options with index in [4] are selected on object 'Object Repository/Store Request Schedule 1/Page_Store/select_--Select--Schedule 1Inj'

2018-06-04 18:50:16 - [TEST_STEP][PASSED] - delay: Delayed 1 second(s)

2018-06-04 18:50:17 - [MESSAGE][PASSED] - Delayed 1 second(s)

2018-06-04 18:50:17 - [TEST_STEP][PASSED] - selectOptionByIndex: All options with index in [11] are selected on object 'Object Repository/Store Request Schedule 1/Page_Store/select_--Select--Adernaline 0.'

2018-06-04 18:50:17 - [MESSAGE][PASSED] - All options with index in [11] are selected on object 'Object Repository/Store Request Schedule 1/Page_Store/select_--Select--Adernaline 0.'

2018-06-04 18:50:17 - [TEST_STEP][PASSED] - setText: Text '100' is set on object 'Object Repository/Store Request Schedule 1/Page_Store/input_txttreat'

2018-06-04 18:50:17 - [MESSAGE][PASSED] - Text '100' is set on object 'Object Repository/Store Request Schedule 1/Page_Store/input_txttreat'

2018-06-04 18:50:17 - [TEST_STEP][PASSED] - click: Object: 'Object Repository/Store Request Schedule 1/Page_Store/button_Add' is clicked on

2018-06-04 18:50:22 - [MESSAGE][PASSED] - Object: 'Object Repository/Store Request Schedule 1/Page_Store/button_Add' is clicked on

2018-06-04 18:50:22 - [TEST_STEP][PASSED] - selectOptionByIndex: All options with index in [4] are selected on object 'Object Repository/Store Request Schedule 1/Page_Store/select_--Select--Schedule 1Inj'

2018-06-04 18:50:23 - [MESSAGE][PASSED] - All options with index in [4] are selected on object 'Object Repository/Store Request Schedule 1/Page_Store/select_--Select--Schedule 1Inj'

2018-06-04 18:50:23 - [TEST_STEP][PASSED] - delay: Delayed 1 second(s)

2018-06-04 18:50:24 - [MESSAGE][PASSED] - Delayed 1 second(s)

2018-06-04 18:50:24 - [TEST_STEP][PASSED] - selectOptionByIndex: All options with index in [12] are selected on object 'Object Repository/Store Request Schedule 1/Page_Store/select_--Select--Adernaline 0.'

2018-06-04 18:50:24 - [MESSAGE][PASSED] - All options with index in [12] are selected on object 'Object Repository/Store Request Schedule 1/Page_Store/select_--Select--Adernaline 0.'

2018-06-04 18:50:24 - [TEST_STEP][PASSED] - setText: Text '100' is set on object 'Object Repository/Store Request Schedule 1/Page_Store/input_txttreat'

2018-06-04 18:50:24 - [MESSAGE][PASSED] - Text '100' is set on object 'Object Repository/Store Request Schedule 1/Page_Store/input_txttreat'

2018-06-04 18:50:24 - [TEST_STEP][PASSED] - click: Object: 'Object Repository/Store Request Schedule 1/Page_Store/button_Add' is clicked on

2018-06-04 18:50:29 - [MESSAGE][PASSED] - Object: 'Object Repository/Store Request Schedule 1/Page_Store/button_Add' is clicked on

2018-06-04 18:50:29 - [TEST_STEP][PASSED] - selectOptionByIndex: All options with index in [4] are selected on object 'Object Repository/Store Request Schedule 1/Page_Store/select_--Select--Schedule 1Inj'

2018-06-04 18:50:29 - [MESSAGE][PASSED] - All options with index in [4] are selected on object 'Object Repository/Store Request Schedule 1/Page_Store/select_--Select--Schedule 1Inj'

2018-06-04 18:50:29 - [TEST_STEP][PASSED] - delay: Delayed 1 second(s)

2018-06-04 18:50:30 - [MESSAGE][PASSED] - Delayed 1 second(s)

2018-06-04 18:50:30 - [TEST_STEP][PASSED] - selectOptionByIndex: All options with index in [13] are selected on object 'Object Repository/Store Request Schedule 1/Page_Store/select_--Select--Adernaline 0.'

2018-06-04 18:50:30 - [MESSAGE][PASSED] - All options with index in [13] are selected on object 'Object Repository/Store Request Schedule 1/Page_Store/select_--Select--Adernaline 0.'

2018-06-04 18:50:30 - [TEST_STEP][PASSED] - setText: Text '100' is set on object 'Object Repository/Store Request Schedule 1/Page_Store/input_txttreat'

2018-06-04 18:50:30 - [MESSAGE][PASSED] - Text '100' is set on object 'Object Repository/Store Request Schedule 1/Page_Store/input_txttreat'

2018-06-04 18:50:30 - [TEST_STEP][PASSED] - click: Object: 'Object Repository/Store Request Schedule 1/Page_Store/button_Add' is clicked on

2018-06-04 18:50:36 - [MESSAGE][PASSED] - Object: 'Object Repository/Store Request Schedule 1/Page_Store/button_Add' is clicked on

2018-06-04 18:50:36 - [TEST_STEP][PASSED] - selectOptionByIndex: All options with index in [4] are selected on object 'Object Repository/Store Request Schedule 1/Page_Store/select_--Select--Schedule 1Inj'

2018-06-04 18:50:36 - [MESSAGE][PASSED] - All options with index in [4] are selected on object 'Object Repository/Store Request Schedule 1/Page_Store/select_--Select--Schedule 1Inj'

2018-06-04 18:50:36 - [TEST_STEP][PASSED] - delay: Delayed 1 second(s)

2018-06-04 18:50:37 - [MESSAGE][PASSED] - Delayed 1 second(s)

2018-06-04 18:50:37 - [TEST_STEP][PASSED] - selectOptionByIndex: All options with index in [14] are selected on object 'Object Repository/Store Request Schedule 1/Page_Store/select_--Select--Adernaline 0.'

2018-06-04 18:50:37 - [MESSAGE][PASSED] - All options with index in [14] are selected on object 'Object Repository/Store Request Schedule 1/Page_Store/select_--Select--Adernaline 0.'

2018-06-04 18:50:37 - [TEST_STEP][PASSED] - setText: Text '100' is set on object 'Object Repository/Store Request Schedule 1/Page_Store/input_txttreat'

2018-06-04 18:50:37 - [MESSAGE][PASSED] - Text '100' is set on object 'Object Repository/Store Request Schedule 1/Page_Store/input_txttreat'

2018-06-04 18:50:37 - [TEST_STEP][PASSED] - click: Object: 'Object Repository/Store Request Schedule 1/Page_Store/button_Add' is clicked on

2018-06-04 18:50:42 - [MESSAGE][PASSED] - Object: 'Object Repository/Store Request Schedule 1/Page_Store/button_Add' is clicked on

2018-06-04 18:50:42 - [TEST_STEP][PASSED] - selectOptionByIndex: All options with index in [4] are selected on object 'Object Repository/Store Request Schedule 1/Page_Store/select_--Select--Schedule 1Inj'

2018-06-04 18:50:42 - [MESSAGE][PASSED] - All options with index in [4] are selected on object 'Object Repository/Store Request Schedule 1/Page_Store/select_--Select--Schedule 1Inj'

2018-06-04 18:50:42 - [TEST_STEP][PASSED] - delay: Delayed 1 second(s)

2018-06-04 18:50:43 - [MESSAGE][PASSED] - Delayed 1 second(s)

2018-06-04 18:50:43 - [TEST_STEP][PASSED] - selectOptionByIndex: All options with index in [15] are selected on object 'Object Repository/Store Request Schedule 1/Page_Store/select_--Select--Adernaline 0.'

2018-06-04 18:50:44 - [MESSAGE][PASSED] - All options with index in [15] are selected on object 'Object Repository/Store Request Schedule 1/Page_Store/select_--Select--Adernaline 0.'

2018-06-04 18:50:44 - [TEST_STEP][PASSED] - setText: Text '100' is set on object 'Object Repository/Store Request Schedule 1/Page_Store/input_txttreat'

2018-06-04 18:50:44 - [MESSAGE][PASSED] - Text '100' is set on object 'Object Repository/Store Request Schedule 1/Page_Store/input_txttreat'

2018-06-04 18:50:44 - [TEST_STEP][PASSED] - click: Object: 'Object Repository/Store Request Schedule 1/Page_Store/button_Add' is clicked on

2018-06-04 18:50:49 - [MESSAGE][PASSED] - Object: 'Object Repository/Store Request Schedule 1/Page_Store/button_Add' is clicked on

2018-06-04 18:50:49 - [TEST_STEP][PASSED] - delay: Delayed 2 second(s)

2018-06-04 18:50:51 - [MESSAGE][PASSED] - Delayed 2 second(s)

2018-06-04 18:50:51 - [TEST_STEP][PASSED] - scrollToElement: Scroll to object 'Object Repository/Store Request Schedule 1/Page_Store/input_btnsave' successfully

2018-06-04 18:50:51 - [MESSAGE][PASSED] - Scroll to object 'Object Repository/Store Request Schedule 1/Page_Store/input_btnsave' successfully

2018-06-04 18:50:51 - [TEST_STEP][PASSED] - click: Object: 'Object Repository/Store Request Schedule 1/Page_Store/input_btnsave' is clicked on

2018-06-04 18:50:56 - [MESSAGE][PASSED] - Object: 'Object Repository/Store Request Schedule 1/Page_Store/input_btnsave' is clicked on

2018-06-04 18:50:56 - [TEST_STEP][PASSED] - delay: Delayed 4 second(s)

2018-06-04 18:51:00 - [MESSAGE][PASSED] - Delayed 4 second(s)

2018-06-04 18:51:00 - [TEST_STEP][FAILED] - Statement - Cms_RequestNumber = com.kms.katalon.core.webui.keyword.WebUiBuiltInKeywords.getText(com.kms.katalon.core.testobject.ObjectRepository.findTestObject(Store Request Schedule 1/Page_Store/font_PRNO050520189)): Unable to get text of object 'Object Repository/Store Request Schedule 1/Page_Store/font_PRNO050520189' (Root cause: com.kms.katalon.core.webui.exception.WebElementNotFoundException: Web element with id: 'Object Repository/Store Request Schedule 1/Page_Store/font_PRNO050520189' located by 'By.xpath: /html[1]/body[@class="skin-blue  pace-done modal-open"]/div[@class="bootbox modal fade bootbox-alert in"]/div[@class="modal-dialog"]/div[@class="modal-content"]/div[@class="modal-body"]/div[@class="bootbox-body"]/b[1]/font[1]' not found)

2018-06-04 18:51:32 - [MESSAGE][FAILED] - Unable to get text of object 'Object Repository/Store Request Schedule 1/Page_Store/font_PRNO050520189' (Root cause: com.kms.katalon.core.webui.exception.WebElementNotFoundException: Web element with id: 'Object Repository/Store Request Schedule 1/Page_Store/font_PRNO050520189' located by 'By.xpath: /html[1]/body[@class="skin-blue  pace-done modal-open"]/div[@class="bootbox modal fade bootbox-alert in"]/div[@class="modal-dialog"]/div[@class="modal-content"]/div[@class="modal-body"]/div[@class="bootbox-body"]/b[1]/font[1]' not found)
[[ATTACHMENT|C:\\Users\\Quality Analyst\\Katalon Studio\\ds\\Reports\\Store_Suit\\20180604_183202\\1528118491511.png]]]]></system-out>
         <system-err><![CDATA[2018-06-04 18:48:39 - [TEST_CASE][FAILED] - Test Cases/STORE TO CMS REQUEST TEST CASES/TC_STCMS_004 To Verify Schedule 4 Store To CMS Request Are Working Successfully Or Not: Test Cases/STORE TO CMS REQUEST TEST CASES/TC_STCMS_004 To Verify Schedule 4 Store To CMS Request Are Working Successfully Or Not FAILED because (of) Unable to get text of object 'Object Repository/Store Request Schedule 1/Page_Store/font_PRNO050520189' (Root cause: com.kms.katalon.core.webui.exception.WebElementNotFoundException: Web element with id: 'Object Repository/Store Request Schedule 1/Page_Store/font_PRNO050520189' located by 'By.xpath: /html[1]/body[@class="skin-blue  pace-done modal-open"]/div[@class="bootbox modal fade bootbox-alert in"]/div[@class="modal-dialog"]/div[@class="modal-content"]/div[@class="modal-body"]/div[@class="bootbox-body"]/b[1]/font[1]' not found)]]></system-err>
      </testcase>
      <testcase name="Test Cases/STORE TO CMS REQUEST TEST CASES/TC_STCMS_005 To Verify Schedule 5 Store To CMS Request Are Working Successfully Or Not" classname="Test Cases/STORE TO CMS REQUEST TEST CASES/TC_STCMS_005 To Verify Schedule 5 Store To CMS Request Are Working Successfully Or Not" status="PASSED">
         <system-out><![CDATA[2018-06-04 18:51:32 - [TEST_CASE][PASSED] - Test Cases/STORE TO CMS REQUEST TEST CASES/TC_STCMS_005 To Verify Schedule 5 Store To CMS Request Are Working Successfully Or Not: Test Cases/STORE TO CMS REQUEST TEST CASES/TC_STCMS_005 To Verify Schedule 5 Store To CMS Request Are Working Successfully Or Not

2018-06-04 18:51:32 - [TEST_STEP][PASSED] - openBrowser: Browser is opened with url: ''

2018-06-04 18:51:32 - [MESSAGE][WARNING] - A browser is already opened. Closing browser and opening a new one

2018-06-04 18:51:34 - [MESSAGE][PASSED] - Browser is opened with url: ''

2018-06-04 18:51:34 - [TEST_STEP][PASSED] - Statement - out.println("Verify Schedule 5 STORE Request Are Working Successfully Or Not"): null

2018-06-04 18:51:34 - [TEST_STEP][PASSED] - navigateToUrl: Navigate to 'http://192.168.137.1/multihospital_new/' successfully

2018-06-04 18:51:37 - [MESSAGE][PASSED] - Navigate to 'http://192.168.137.1/multihospital_new/' successfully

2018-06-04 18:51:37 - [TEST_STEP][PASSED] - maximizeWindow: Current window maximized

2018-06-04 18:51:38 - [MESSAGE][PASSED] - Current window maximized

2018-06-04 18:51:38 - [TEST_STEP][PASSED] - click: Object: 'Object Repository/Store Request Schedule 1/Page_KDMC/a_Divisional Store' is clicked on

2018-06-04 18:51:39 - [MESSAGE][PASSED] - Object: 'Object Repository/Store Request Schedule 1/Page_KDMC/a_Divisional Store' is clicked on

2018-06-04 18:51:39 - [TEST_STEP][PASSED] - setText: Text 'ragu' is set on object 'Object Repository/Store Request Schedule 1/Page_Divisonal Store Login/input_txtusername'

2018-06-04 18:51:39 - [MESSAGE][PASSED] - Text 'ragu' is set on object 'Object Repository/Store Request Schedule 1/Page_Divisonal Store Login/input_txtusername'

2018-06-04 18:51:39 - [TEST_STEP][PASSED] - setText: Text '123' is set on object 'Object Repository/Store Request Schedule 1/Page_Divisonal Store Login/input_txtpassword'

2018-06-04 18:51:39 - [MESSAGE][PASSED] - Text '123' is set on object 'Object Repository/Store Request Schedule 1/Page_Divisonal Store Login/input_txtpassword'

2018-06-04 18:51:39 - [TEST_STEP][PASSED] - delay: Delayed 3 second(s)

2018-06-04 18:51:42 - [MESSAGE][PASSED] - Delayed 3 second(s)

2018-06-04 18:51:42 - [TEST_STEP][PASSED] - click: Object: 'Object Repository/Store Request Schedule 1/Page_Divisonal Store Login/button_Sign in' is clicked on

2018-06-04 18:51:44 - [MESSAGE][PASSED] - Object: 'Object Repository/Store Request Schedule 1/Page_Divisonal Store Login/button_Sign in' is clicked on

2018-06-04 18:51:44 - [TEST_STEP][PASSED] - delay: Delayed 3 second(s)

2018-06-04 18:51:47 - [MESSAGE][PASSED] - Delayed 3 second(s)

2018-06-04 18:51:47 - [TEST_STEP][PASSED] - click: Object: 'Object Repository/Store Request Schedule 1/Page_Store/a_CMS' is clicked on

2018-06-04 18:51:47 - [MESSAGE][PASSED] - Object: 'Object Repository/Store Request Schedule 1/Page_Store/a_CMS' is clicked on

2018-06-04 18:51:47 - [TEST_STEP][PASSED] - delay: Delayed 2 second(s)

2018-06-04 18:51:49 - [MESSAGE][PASSED] - Delayed 2 second(s)

2018-06-04 18:51:49 - [TEST_STEP][PASSED] - click: Object: 'Object Repository/Store Request Schedule 1/Page_Store/a_Request Send' is clicked on

2018-06-04 18:51:50 - [MESSAGE][PASSED] - Object: 'Object Repository/Store Request Schedule 1/Page_Store/a_Request Send' is clicked on

2018-06-04 18:51:50 - [TEST_STEP][PASSED] - selectOptionByIndex: All options with index in [1] are selected on object 'Object Repository/Store Request Schedule 1/Page_Store/select_--Select--'

2018-06-04 18:51:50 - [MESSAGE][PASSED] - All options with index in [1] are selected on object 'Object Repository/Store Request Schedule 1/Page_Store/select_--Select--'

2018-06-04 18:51:50 - [TEST_STEP][PASSED] - selectOptionByIndex: All options with index in [5] are selected on object 'Object Repository/Store Request Schedule 1/Page_Store/select_--Select--Schedule 1Inj'

2018-06-04 18:51:50 - [MESSAGE][PASSED] - All options with index in [5] are selected on object 'Object Repository/Store Request Schedule 1/Page_Store/select_--Select--Schedule 1Inj'

2018-06-04 18:51:50 - [TEST_STEP][PASSED] - Statement - SelectedOptions = com.kms.katalon.core.webui.keyword.WebUiBuiltInKeywords.getNumberOfTotalOption(com.kms.katalon.core.testobject.ObjectRepository.findTestObject(Store Request Schedule 1/Page_Store/select_--Select--Adernaline 0.)): 17 options of object 'Object Repository/Store Request Schedule 1/Page_Store/select_--Select--Adernaline 0.' counted

2018-06-04 18:51:51 - [MESSAGE][PASSED] - 17 options of object 'Object Repository/Store Request Schedule 1/Page_Store/select_--Select--Adernaline 0.' counted

2018-06-04 18:51:51 - [TEST_STEP][PASSED] - Statement - For ([y = 1, y < SelectedOptions, (y++)]): Object: 'Object Repository/Store Request Schedule 1/Page_Store/button_Add' is clicked on

2018-06-04 18:51:51 - [TEST_STEP][PASSED] - selectOptionByIndex: All options with index in [5] are selected on object 'Object Repository/Store Request Schedule 1/Page_Store/select_--Select--Schedule 1Inj'

2018-06-04 18:51:51 - [MESSAGE][PASSED] - All options with index in [5] are selected on object 'Object Repository/Store Request Schedule 1/Page_Store/select_--Select--Schedule 1Inj'

2018-06-04 18:51:51 - [TEST_STEP][PASSED] - delay: Delayed 1 second(s)

2018-06-04 18:51:52 - [MESSAGE][PASSED] - Delayed 1 second(s)

2018-06-04 18:51:52 - [TEST_STEP][PASSED] - selectOptionByIndex: All options with index in [1] are selected on object 'Object Repository/Store Request Schedule 1/Page_Store/select_--Select--Adernaline 0.'

2018-06-04 18:51:52 - [MESSAGE][PASSED] - All options with index in [1] are selected on object 'Object Repository/Store Request Schedule 1/Page_Store/select_--Select--Adernaline 0.'

2018-06-04 18:51:52 - [TEST_STEP][PASSED] - setText: Text '100' is set on object 'Object Repository/Store Request Schedule 1/Page_Store/input_txttreat'

2018-06-04 18:51:52 - [MESSAGE][PASSED] - Text '100' is set on object 'Object Repository/Store Request Schedule 1/Page_Store/input_txttreat'

2018-06-04 18:51:52 - [TEST_STEP][PASSED] - click: Object: 'Object Repository/Store Request Schedule 1/Page_Store/button_Add' is clicked on

2018-06-04 18:51:52 - [MESSAGE][PASSED] - Object: 'Object Repository/Store Request Schedule 1/Page_Store/button_Add' is clicked on

2018-06-04 18:51:52 - [TEST_STEP][PASSED] - selectOptionByIndex: All options with index in [5] are selected on object 'Object Repository/Store Request Schedule 1/Page_Store/select_--Select--Schedule 1Inj'

2018-06-04 18:51:52 - [MESSAGE][PASSED] - All options with index in [5] are selected on object 'Object Repository/Store Request Schedule 1/Page_Store/select_--Select--Schedule 1Inj'

2018-06-04 18:51:52 - [TEST_STEP][PASSED] - delay: Delayed 1 second(s)

2018-06-04 18:51:53 - [MESSAGE][PASSED] - Delayed 1 second(s)

2018-06-04 18:51:53 - [TEST_STEP][PASSED] - selectOptionByIndex: All options with index in [2] are selected on object 'Object Repository/Store Request Schedule 1/Page_Store/select_--Select--Adernaline 0.'

2018-06-04 18:51:53 - [MESSAGE][PASSED] - All options with index in [2] are selected on object 'Object Repository/Store Request Schedule 1/Page_Store/select_--Select--Adernaline 0.'

2018-06-04 18:51:53 - [TEST_STEP][PASSED] - setText: Text '100' is set on object 'Object Repository/Store Request Schedule 1/Page_Store/input_txttreat'

2018-06-04 18:51:53 - [MESSAGE][PASSED] - Text '100' is set on object 'Object Repository/Store Request Schedule 1/Page_Store/input_txttreat'

2018-06-04 18:51:53 - [TEST_STEP][PASSED] - click: Object: 'Object Repository/Store Request Schedule 1/Page_Store/button_Add' is clicked on

2018-06-04 18:51:53 - [MESSAGE][PASSED] - Object: 'Object Repository/Store Request Schedule 1/Page_Store/button_Add' is clicked on

2018-06-04 18:51:53 - [TEST_STEP][PASSED] - selectOptionByIndex: All options with index in [5] are selected on object 'Object Repository/Store Request Schedule 1/Page_Store/select_--Select--Schedule 1Inj'

2018-06-04 18:51:54 - [MESSAGE][PASSED] - All options with index in [5] are selected on object 'Object Repository/Store Request Schedule 1/Page_Store/select_--Select--Schedule 1Inj'

2018-06-04 18:51:54 - [TEST_STEP][PASSED] - delay: Delayed 1 second(s)

2018-06-04 18:51:55 - [MESSAGE][PASSED] - Delayed 1 second(s)

2018-06-04 18:51:55 - [TEST_STEP][PASSED] - selectOptionByIndex: All options with index in [3] are selected on object 'Object Repository/Store Request Schedule 1/Page_Store/select_--Select--Adernaline 0.'

2018-06-04 18:51:55 - [MESSAGE][PASSED] - All options with index in [3] are selected on object 'Object Repository/Store Request Schedule 1/Page_Store/select_--Select--Adernaline 0.'

2018-06-04 18:51:55 - [TEST_STEP][PASSED] - setText: Text '100' is set on object 'Object Repository/Store Request Schedule 1/Page_Store/input_txttreat'

2018-06-04 18:51:55 - [MESSAGE][PASSED] - Text '100' is set on object 'Object Repository/Store Request Schedule 1/Page_Store/input_txttreat'

2018-06-04 18:51:55 - [TEST_STEP][PASSED] - click: Object: 'Object Repository/Store Request Schedule 1/Page_Store/button_Add' is clicked on

2018-06-04 18:51:55 - [MESSAGE][PASSED] - Object: 'Object Repository/Store Request Schedule 1/Page_Store/button_Add' is clicked on

2018-06-04 18:51:55 - [TEST_STEP][PASSED] - selectOptionByIndex: All options with index in [5] are selected on object 'Object Repository/Store Request Schedule 1/Page_Store/select_--Select--Schedule 1Inj'

2018-06-04 18:51:55 - [MESSAGE][PASSED] - All options with index in [5] are selected on object 'Object Repository/Store Request Schedule 1/Page_Store/select_--Select--Schedule 1Inj'

2018-06-04 18:51:55 - [TEST_STEP][PASSED] - delay: Delayed 1 second(s)

2018-06-04 18:51:56 - [MESSAGE][PASSED] - Delayed 1 second(s)

2018-06-04 18:51:56 - [TEST_STEP][PASSED] - selectOptionByIndex: All options with index in [4] are selected on object 'Object Repository/Store Request Schedule 1/Page_Store/select_--Select--Adernaline 0.'

2018-06-04 18:51:56 - [MESSAGE][PASSED] - All options with index in [4] are selected on object 'Object Repository/Store Request Schedule 1/Page_Store/select_--Select--Adernaline 0.'

2018-06-04 18:51:56 - [TEST_STEP][PASSED] - setText: Text '100' is set on object 'Object Repository/Store Request Schedule 1/Page_Store/input_txttreat'

2018-06-04 18:51:56 - [MESSAGE][PASSED] - Text '100' is set on object 'Object Repository/Store Request Schedule 1/Page_Store/input_txttreat'

2018-06-04 18:51:56 - [TEST_STEP][PASSED] - click: Object: 'Object Repository/Store Request Schedule 1/Page_Store/button_Add' is clicked on

2018-06-04 18:51:56 - [MESSAGE][PASSED] - Object: 'Object Repository/Store Request Schedule 1/Page_Store/button_Add' is clicked on

2018-06-04 18:51:56 - [TEST_STEP][PASSED] - selectOptionByIndex: All options with index in [5] are selected on object 'Object Repository/Store Request Schedule 1/Page_Store/select_--Select--Schedule 1Inj'

2018-06-04 18:51:57 - [MESSAGE][PASSED] - All options with index in [5] are selected on object 'Object Repository/Store Request Schedule 1/Page_Store/select_--Select--Schedule 1Inj'

2018-06-04 18:51:57 - [TEST_STEP][PASSED] - delay: Delayed 1 second(s)

2018-06-04 18:51:58 - [MESSAGE][PASSED] - Delayed 1 second(s)

2018-06-04 18:51:58 - [TEST_STEP][PASSED] - selectOptionByIndex: All options with index in [5] are selected on object 'Object Repository/Store Request Schedule 1/Page_Store/select_--Select--Adernaline 0.'

2018-06-04 18:51:58 - [MESSAGE][PASSED] - All options with index in [5] are selected on object 'Object Repository/Store Request Schedule 1/Page_Store/select_--Select--Adernaline 0.'

2018-06-04 18:51:58 - [TEST_STEP][PASSED] - setText: Text '100' is set on object 'Object Repository/Store Request Schedule 1/Page_Store/input_txttreat'

2018-06-04 18:51:58 - [MESSAGE][PASSED] - Text '100' is set on object 'Object Repository/Store Request Schedule 1/Page_Store/input_txttreat'

2018-06-04 18:51:58 - [TEST_STEP][PASSED] - click: Object: 'Object Repository/Store Request Schedule 1/Page_Store/button_Add' is clicked on

2018-06-04 18:51:58 - [MESSAGE][PASSED] - Object: 'Object Repository/Store Request Schedule 1/Page_Store/button_Add' is clicked on

2018-06-04 18:51:58 - [TEST_STEP][PASSED] - selectOptionByIndex: All options with index in [5] are selected on object 'Object Repository/Store Request Schedule 1/Page_Store/select_--Select--Schedule 1Inj'

2018-06-04 18:51:58 - [MESSAGE][PASSED] - All options with index in [5] are selected on object 'Object Repository/Store Request Schedule 1/Page_Store/select_--Select--Schedule 1Inj'

2018-06-04 18:51:58 - [TEST_STEP][PASSED] - delay: Delayed 1 second(s)

2018-06-04 18:51:59 - [MESSAGE][PASSED] - Delayed 1 second(s)

2018-06-04 18:51:59 - [TEST_STEP][PASSED] - selectOptionByIndex: All options with index in [6] are selected on object 'Object Repository/Store Request Schedule 1/Page_Store/select_--Select--Adernaline 0.'

2018-06-04 18:51:59 - [MESSAGE][PASSED] - All options with index in [6] are selected on object 'Object Repository/Store Request Schedule 1/Page_Store/select_--Select--Adernaline 0.'

2018-06-04 18:51:59 - [TEST_STEP][PASSED] - setText: Text '100' is set on object 'Object Repository/Store Request Schedule 1/Page_Store/input_txttreat'

2018-06-04 18:51:59 - [MESSAGE][PASSED] - Text '100' is set on object 'Object Repository/Store Request Schedule 1/Page_Store/input_txttreat'

2018-06-04 18:51:59 - [TEST_STEP][PASSED] - click: Object: 'Object Repository/Store Request Schedule 1/Page_Store/button_Add' is clicked on

2018-06-04 18:51:59 - [MESSAGE][PASSED] - Object: 'Object Repository/Store Request Schedule 1/Page_Store/button_Add' is clicked on

2018-06-04 18:51:59 - [TEST_STEP][PASSED] - selectOptionByIndex: All options with index in [5] are selected on object 'Object Repository/Store Request Schedule 1/Page_Store/select_--Select--Schedule 1Inj'

2018-06-04 18:51:59 - [MESSAGE][PASSED] - All options with index in [5] are selected on object 'Object Repository/Store Request Schedule 1/Page_Store/select_--Select--Schedule 1Inj'

2018-06-04 18:51:59 - [TEST_STEP][PASSED] - delay: Delayed 1 second(s)

2018-06-04 18:52:00 - [MESSAGE][PASSED] - Delayed 1 second(s)

2018-06-04 18:52:00 - [TEST_STEP][PASSED] - selectOptionByIndex: All options with index in [7] are selected on object 'Object Repository/Store Request Schedule 1/Page_Store/select_--Select--Adernaline 0.'

2018-06-04 18:52:01 - [MESSAGE][PASSED] - All options with index in [7] are selected on object 'Object Repository/Store Request Schedule 1/Page_Store/select_--Select--Adernaline 0.'

2018-06-04 18:52:01 - [TEST_STEP][PASSED] - setText: Text '100' is set on object 'Object Repository/Store Request Schedule 1/Page_Store/input_txttreat'

2018-06-04 18:52:01 - [MESSAGE][PASSED] - Text '100' is set on object 'Object Repository/Store Request Schedule 1/Page_Store/input_txttreat'

2018-06-04 18:52:01 - [TEST_STEP][PASSED] - click: Object: 'Object Repository/Store Request Schedule 1/Page_Store/button_Add' is clicked on

2018-06-04 18:52:01 - [MESSAGE][PASSED] - Object: 'Object Repository/Store Request Schedule 1/Page_Store/button_Add' is clicked on

2018-06-04 18:52:01 - [TEST_STEP][PASSED] - selectOptionByIndex: All options with index in [5] are selected on object 'Object Repository/Store Request Schedule 1/Page_Store/select_--Select--Schedule 1Inj'

2018-06-04 18:52:01 - [MESSAGE][PASSED] - All options with index in [5] are selected on object 'Object Repository/Store Request Schedule 1/Page_Store/select_--Select--Schedule 1Inj'

2018-06-04 18:52:01 - [TEST_STEP][PASSED] - delay: Delayed 1 second(s)

2018-06-04 18:52:02 - [MESSAGE][PASSED] - Delayed 1 second(s)

2018-06-04 18:52:02 - [TEST_STEP][PASSED] - selectOptionByIndex: All options with index in [8] are selected on object 'Object Repository/Store Request Schedule 1/Page_Store/select_--Select--Adernaline 0.'

2018-06-04 18:52:02 - [MESSAGE][PASSED] - All options with index in [8] are selected on object 'Object Repository/Store Request Schedule 1/Page_Store/select_--Select--Adernaline 0.'

2018-06-04 18:52:02 - [TEST_STEP][PASSED] - setText: Text '100' is set on object 'Object Repository/Store Request Schedule 1/Page_Store/input_txttreat'

2018-06-04 18:52:02 - [MESSAGE][PASSED] - Text '100' is set on object 'Object Repository/Store Request Schedule 1/Page_Store/input_txttreat'

2018-06-04 18:52:02 - [TEST_STEP][PASSED] - click: Object: 'Object Repository/Store Request Schedule 1/Page_Store/button_Add' is clicked on

2018-06-04 18:52:02 - [MESSAGE][PASSED] - Object: 'Object Repository/Store Request Schedule 1/Page_Store/button_Add' is clicked on

2018-06-04 18:52:02 - [TEST_STEP][PASSED] - selectOptionByIndex: All options with index in [5] are selected on object 'Object Repository/Store Request Schedule 1/Page_Store/select_--Select--Schedule 1Inj'

2018-06-04 18:52:02 - [MESSAGE][PASSED] - All options with index in [5] are selected on object 'Object Repository/Store Request Schedule 1/Page_Store/select_--Select--Schedule 1Inj'

2018-06-04 18:52:02 - [TEST_STEP][PASSED] - delay: Delayed 1 second(s)

2018-06-04 18:52:03 - [MESSAGE][PASSED] - Delayed 1 second(s)

2018-06-04 18:52:03 - [TEST_STEP][PASSED] - selectOptionByIndex: All options with index in [9] are selected on object 'Object Repository/Store Request Schedule 1/Page_Store/select_--Select--Adernaline 0.'

2018-06-04 18:52:04 - [MESSAGE][PASSED] - All options with index in [9] are selected on object 'Object Repository/Store Request Schedule 1/Page_Store/select_--Select--Adernaline 0.'

2018-06-04 18:52:04 - [TEST_STEP][PASSED] - setText: Text '100' is set on object 'Object Repository/Store Request Schedule 1/Page_Store/input_txttreat'

2018-06-04 18:52:04 - [MESSAGE][PASSED] - Text '100' is set on object 'Object Repository/Store Request Schedule 1/Page_Store/input_txttreat'

2018-06-04 18:52:04 - [TEST_STEP][PASSED] - click: Object: 'Object Repository/Store Request Schedule 1/Page_Store/button_Add' is clicked on

2018-06-04 18:52:04 - [MESSAGE][PASSED] - Object: 'Object Repository/Store Request Schedule 1/Page_Store/button_Add' is clicked on

2018-06-04 18:52:04 - [TEST_STEP][PASSED] - selectOptionByIndex: All options with index in [5] are selected on object 'Object Repository/Store Request Schedule 1/Page_Store/select_--Select--Schedule 1Inj'

2018-06-04 18:52:04 - [MESSAGE][PASSED] - All options with index in [5] are selected on object 'Object Repository/Store Request Schedule 1/Page_Store/select_--Select--Schedule 1Inj'

2018-06-04 18:52:04 - [TEST_STEP][PASSED] - delay: Delayed 1 second(s)

2018-06-04 18:52:05 - [MESSAGE][PASSED] - Delayed 1 second(s)

2018-06-04 18:52:05 - [TEST_STEP][PASSED] - selectOptionByIndex: All options with index in [10] are selected on object 'Object Repository/Store Request Schedule 1/Page_Store/select_--Select--Adernaline 0.'

2018-06-04 18:52:05 - [MESSAGE][PASSED] - All options with index in [10] are selected on object 'Object Repository/Store Request Schedule 1/Page_Store/select_--Select--Adernaline 0.'

2018-06-04 18:52:05 - [TEST_STEP][PASSED] - setText: Text '100' is set on object 'Object Repository/Store Request Schedule 1/Page_Store/input_txttreat'

2018-06-04 18:52:05 - [MESSAGE][PASSED] - Text '100' is set on object 'Object Repository/Store Request Schedule 1/Page_Store/input_txttreat'

2018-06-04 18:52:05 - [TEST_STEP][PASSED] - click: Object: 'Object Repository/Store Request Schedule 1/Page_Store/button_Add' is clicked on

2018-06-04 18:52:05 - [MESSAGE][PASSED] - Object: 'Object Repository/Store Request Schedule 1/Page_Store/button_Add' is clicked on

2018-06-04 18:52:05 - [TEST_STEP][PASSED] - selectOptionByIndex: All options with index in [5] are selected on object 'Object Repository/Store Request Schedule 1/Page_Store/select_--Select--Schedule 1Inj'

2018-06-04 18:52:05 - [MESSAGE][PASSED] - All options with index in [5] are selected on object 'Object Repository/Store Request Schedule 1/Page_Store/select_--Select--Schedule 1Inj'

2018-06-04 18:52:05 - [TEST_STEP][PASSED] - delay: Delayed 1 second(s)

2018-06-04 18:52:06 - [MESSAGE][PASSED] - Delayed 1 second(s)

2018-06-04 18:52:06 - [TEST_STEP][PASSED] - selectOptionByIndex: All options with index in [11] are selected on object 'Object Repository/Store Request Schedule 1/Page_Store/select_--Select--Adernaline 0.'

2018-06-04 18:52:07 - [MESSAGE][PASSED] - All options with index in [11] are selected on object 'Object Repository/Store Request Schedule 1/Page_Store/select_--Select--Adernaline 0.'

2018-06-04 18:52:07 - [TEST_STEP][PASSED] - setText: Text '100' is set on object 'Object Repository/Store Request Schedule 1/Page_Store/input_txttreat'

2018-06-04 18:52:07 - [MESSAGE][PASSED] - Text '100' is set on object 'Object Repository/Store Request Schedule 1/Page_Store/input_txttreat'

2018-06-04 18:52:07 - [TEST_STEP][PASSED] - click: Object: 'Object Repository/Store Request Schedule 1/Page_Store/button_Add' is clicked on

2018-06-04 18:52:07 - [MESSAGE][PASSED] - Object: 'Object Repository/Store Request Schedule 1/Page_Store/button_Add' is clicked on

2018-06-04 18:52:07 - [TEST_STEP][PASSED] - selectOptionByIndex: All options with index in [5] are selected on object 'Object Repository/Store Request Schedule 1/Page_Store/select_--Select--Schedule 1Inj'

2018-06-04 18:52:07 - [MESSAGE][PASSED] - All options with index in [5] are selected on object 'Object Repository/Store Request Schedule 1/Page_Store/select_--Select--Schedule 1Inj'

2018-06-04 18:52:07 - [TEST_STEP][PASSED] - delay: Delayed 1 second(s)

2018-06-04 18:52:08 - [MESSAGE][PASSED] - Delayed 1 second(s)

2018-06-04 18:52:08 - [TEST_STEP][PASSED] - selectOptionByIndex: All options with index in [12] are selected on object 'Object Repository/Store Request Schedule 1/Page_Store/select_--Select--Adernaline 0.'

2018-06-04 18:52:08 - [MESSAGE][PASSED] - All options with index in [12] are selected on object 'Object Repository/Store Request Schedule 1/Page_Store/select_--Select--Adernaline 0.'

2018-06-04 18:52:08 - [TEST_STEP][PASSED] - setText: Text '100' is set on object 'Object Repository/Store Request Schedule 1/Page_Store/input_txttreat'

2018-06-04 18:52:08 - [MESSAGE][PASSED] - Text '100' is set on object 'Object Repository/Store Request Schedule 1/Page_Store/input_txttreat'

2018-06-04 18:52:08 - [TEST_STEP][PASSED] - click: Object: 'Object Repository/Store Request Schedule 1/Page_Store/button_Add' is clicked on

2018-06-04 18:52:08 - [MESSAGE][PASSED] - Object: 'Object Repository/Store Request Schedule 1/Page_Store/button_Add' is clicked on

2018-06-04 18:52:08 - [TEST_STEP][PASSED] - selectOptionByIndex: All options with index in [5] are selected on object 'Object Repository/Store Request Schedule 1/Page_Store/select_--Select--Schedule 1Inj'

2018-06-04 18:52:09 - [MESSAGE][PASSED] - All options with index in [5] are selected on object 'Object Repository/Store Request Schedule 1/Page_Store/select_--Select--Schedule 1Inj'

2018-06-04 18:52:09 - [TEST_STEP][PASSED] - delay: Delayed 1 second(s)

2018-06-04 18:52:10 - [MESSAGE][PASSED] - Delayed 1 second(s)

2018-06-04 18:52:10 - [TEST_STEP][PASSED] - selectOptionByIndex: All options with index in [13] are selected on object 'Object Repository/Store Request Schedule 1/Page_Store/select_--Select--Adernaline 0.'

2018-06-04 18:52:10 - [MESSAGE][PASSED] - All options with index in [13] are selected on object 'Object Repository/Store Request Schedule 1/Page_Store/select_--Select--Adernaline 0.'

2018-06-04 18:52:10 - [TEST_STEP][PASSED] - setText: Text '100' is set on object 'Object Repository/Store Request Schedule 1/Page_Store/input_txttreat'

2018-06-04 18:52:10 - [MESSAGE][PASSED] - Text '100' is set on object 'Object Repository/Store Request Schedule 1/Page_Store/input_txttreat'

2018-06-04 18:52:10 - [TEST_STEP][PASSED] - click: Object: 'Object Repository/Store Request Schedule 1/Page_Store/button_Add' is clicked on

2018-06-04 18:52:10 - [MESSAGE][PASSED] - Object: 'Object Repository/Store Request Schedule 1/Page_Store/button_Add' is clicked on

2018-06-04 18:52:10 - [TEST_STEP][PASSED] - selectOptionByIndex: All options with index in [5] are selected on object 'Object Repository/Store Request Schedule 1/Page_Store/select_--Select--Schedule 1Inj'

2018-06-04 18:52:10 - [MESSAGE][PASSED] - All options with index in [5] are selected on object 'Object Repository/Store Request Schedule 1/Page_Store/select_--Select--Schedule 1Inj'

2018-06-04 18:52:10 - [TEST_STEP][PASSED] - delay: Delayed 1 second(s)

2018-06-04 18:52:11 - [MESSAGE][PASSED] - Delayed 1 second(s)

2018-06-04 18:52:11 - [TEST_STEP][PASSED] - selectOptionByIndex: All options with index in [14] are selected on object 'Object Repository/Store Request Schedule 1/Page_Store/select_--Select--Adernaline 0.'

2018-06-04 18:52:11 - [MESSAGE][PASSED] - All options with index in [14] are selected on object 'Object Repository/Store Request Schedule 1/Page_Store/select_--Select--Adernaline 0.'

2018-06-04 18:52:11 - [TEST_STEP][PASSED] - setText: Text '100' is set on object 'Object Repository/Store Request Schedule 1/Page_Store/input_txttreat'

2018-06-04 18:52:11 - [MESSAGE][PASSED] - Text '100' is set on object 'Object Repository/Store Request Schedule 1/Page_Store/input_txttreat'

2018-06-04 18:52:11 - [TEST_STEP][PASSED] - click: Object: 'Object Repository/Store Request Schedule 1/Page_Store/button_Add' is clicked on

2018-06-04 18:52:11 - [MESSAGE][PASSED] - Object: 'Object Repository/Store Request Schedule 1/Page_Store/button_Add' is clicked on

2018-06-04 18:52:11 - [TEST_STEP][PASSED] - selectOptionByIndex: All options with index in [5] are selected on object 'Object Repository/Store Request Schedule 1/Page_Store/select_--Select--Schedule 1Inj'

2018-06-04 18:52:12 - [MESSAGE][PASSED] - All options with index in [5] are selected on object 'Object Repository/Store Request Schedule 1/Page_Store/select_--Select--Schedule 1Inj'

2018-06-04 18:52:12 - [TEST_STEP][PASSED] - delay: Delayed 1 second(s)

2018-06-04 18:52:13 - [MESSAGE][PASSED] - Delayed 1 second(s)

2018-06-04 18:52:13 - [TEST_STEP][PASSED] - selectOptionByIndex: All options with index in [15] are selected on object 'Object Repository/Store Request Schedule 1/Page_Store/select_--Select--Adernaline 0.'

2018-06-04 18:52:13 - [MESSAGE][PASSED] - All options with index in [15] are selected on object 'Object Repository/Store Request Schedule 1/Page_Store/select_--Select--Adernaline 0.'

2018-06-04 18:52:13 - [TEST_STEP][PASSED] - setText: Text '100' is set on object 'Object Repository/Store Request Schedule 1/Page_Store/input_txttreat'

2018-06-04 18:52:13 - [MESSAGE][PASSED] - Text '100' is set on object 'Object Repository/Store Request Schedule 1/Page_Store/input_txttreat'

2018-06-04 18:52:13 - [TEST_STEP][PASSED] - click: Object: 'Object Repository/Store Request Schedule 1/Page_Store/button_Add' is clicked on

2018-06-04 18:52:13 - [MESSAGE][PASSED] - Object: 'Object Repository/Store Request Schedule 1/Page_Store/button_Add' is clicked on

2018-06-04 18:52:13 - [TEST_STEP][PASSED] - selectOptionByIndex: All options with index in [5] are selected on object 'Object Repository/Store Request Schedule 1/Page_Store/select_--Select--Schedule 1Inj'

2018-06-04 18:52:13 - [MESSAGE][PASSED] - All options with index in [5] are selected on object 'Object Repository/Store Request Schedule 1/Page_Store/select_--Select--Schedule 1Inj'

2018-06-04 18:52:13 - [TEST_STEP][PASSED] - delay: Delayed 1 second(s)

2018-06-04 18:52:14 - [MESSAGE][PASSED] - Delayed 1 second(s)

2018-06-04 18:52:14 - [TEST_STEP][PASSED] - selectOptionByIndex: All options with index in [16] are selected on object 'Object Repository/Store Request Schedule 1/Page_Store/select_--Select--Adernaline 0.'

2018-06-04 18:52:15 - [MESSAGE][PASSED] - All options with index in [16] are selected on object 'Object Repository/Store Request Schedule 1/Page_Store/select_--Select--Adernaline 0.'

2018-06-04 18:52:15 - [TEST_STEP][PASSED] - setText: Text '100' is set on object 'Object Repository/Store Request Schedule 1/Page_Store/input_txttreat'

2018-06-04 18:52:15 - [MESSAGE][PASSED] - Text '100' is set on object 'Object Repository/Store Request Schedule 1/Page_Store/input_txttreat'

2018-06-04 18:52:15 - [TEST_STEP][PASSED] - click: Object: 'Object Repository/Store Request Schedule 1/Page_Store/button_Add' is clicked on

2018-06-04 18:52:15 - [MESSAGE][PASSED] - Object: 'Object Repository/Store Request Schedule 1/Page_Store/button_Add' is clicked on

2018-06-04 18:52:15 - [TEST_STEP][PASSED] - delay: Delayed 2 second(s)

2018-06-04 18:52:17 - [MESSAGE][PASSED] - Delayed 2 second(s)

2018-06-04 18:52:17 - [TEST_STEP][PASSED] - scrollToElement: Scroll to object 'Object Repository/Store Request Schedule 1/Page_Store/input_btnsave' successfully

2018-06-04 18:52:17 - [MESSAGE][PASSED] - Scroll to object 'Object Repository/Store Request Schedule 1/Page_Store/input_btnsave' successfully

2018-06-04 18:52:17 - [TEST_STEP][PASSED] - click: Object: 'Object Repository/Store Request Schedule 1/Page_Store/input_btnsave' is clicked on

2018-06-04 18:52:17 - [MESSAGE][PASSED] - Object: 'Object Repository/Store Request Schedule 1/Page_Store/input_btnsave' is clicked on

2018-06-04 18:52:17 - [TEST_STEP][PASSED] - delay: Delayed 4 second(s)

2018-06-04 18:52:21 - [MESSAGE][PASSED] - Delayed 4 second(s)

2018-06-04 18:52:21 - [TEST_STEP][PASSED] - Statement - Cms_RequestNumber = com.kms.katalon.core.webui.keyword.WebUiBuiltInKeywords.getText(com.kms.katalon.core.testobject.ObjectRepository.findTestObject(Store Request Schedule 1/Page_Store/font_PRNO050520189)): Text of object 'Object Repository/Store Request Schedule 1/Page_Store/font_PRNO050520189' is: 'PRNO/04062018/593'

2018-06-04 18:52:21 - [MESSAGE][PASSED] - Text of object 'Object Repository/Store Request Schedule 1/Page_Store/font_PRNO050520189' is: 'PRNO/04062018/593'

2018-06-04 18:52:21 - [TEST_STEP][PASSED] - Statement - CR = Cms_RequestNumber.trim(): null

2018-06-04 18:52:21 - [TEST_STEP][PASSED] - Statement - out.println("RQ :" + Cms_RequestNumber): null

2018-06-04 18:52:21 - [TEST_STEP][PASSED] - Statement - RequestNumberID = Cms_RequestNumber.split("/")[2].trim(): null

2018-06-04 18:52:21 - [TEST_STEP][PASSED] - Statement - out.println("RQ ID :" + RequestNumberID): null

2018-06-04 18:52:21 - [TEST_STEP][PASSED] - delay: Delayed 3 second(s)

2018-06-04 18:52:24 - [MESSAGE][PASSED] - Delayed 3 second(s)

2018-06-04 18:52:24 - [TEST_STEP][PASSED] - Statement - ok = com.kms.katalon.core.webui.keyword.WebUiBuiltInKeywords.click(com.kms.katalon.core.testobject.ObjectRepository.findTestObject(Store Request Schedule 1/Page_Store/button_OK)): Object: 'Object Repository/Store Request Schedule 1/Page_Store/button_OK' is clicked on

2018-06-04 18:52:25 - [MESSAGE][PASSED] - Object: 'Object Repository/Store Request Schedule 1/Page_Store/button_OK' is clicked on

2018-06-04 18:52:25 - [TEST_STEP][PASSED] - delay: Delayed 3 second(s)

2018-06-04 18:52:28 - [MESSAGE][PASSED] - Delayed 3 second(s)

2018-06-04 18:52:28 - [TEST_STEP][PASSED] - click: Object: 'Object Repository/Store Request Schedule 1/Page_Store/a_dropdown-toggle' is clicked on

2018-06-04 18:52:28 - [MESSAGE][PASSED] - Object: 'Object Repository/Store Request Schedule 1/Page_Store/a_dropdown-toggle' is clicked on

2018-06-04 18:52:28 - [TEST_STEP][PASSED] - click: Object: 'Object Repository/Store Request Schedule 1/Page_Store/a_Sign out' is clicked on

2018-06-04 18:52:28 - [MESSAGE][PASSED] - Object: 'Object Repository/Store Request Schedule 1/Page_Store/a_Sign out' is clicked on

2018-06-04 18:52:28 - [TEST_STEP][PASSED] - delay: Delayed 3 second(s)

2018-06-04 18:52:31 - [MESSAGE][PASSED] - Delayed 3 second(s)

2018-06-04 18:52:31 - [TEST_STEP][PASSED] - click: Object: 'Object Repository/Store Request Schedule 1/Page_KDMC/a_CMO' is clicked on

2018-06-04 18:52:32 - [MESSAGE][PASSED] - Object: 'Object Repository/Store Request Schedule 1/Page_KDMC/a_CMO' is clicked on

2018-06-04 18:52:32 - [TEST_STEP][PASSED] - setText: Text 'guru' is set on object 'Object Repository/Store Request Schedule 1/Page_CMO login/input_txtusername'

2018-06-04 18:52:32 - [MESSAGE][PASSED] - Text 'guru' is set on object 'Object Repository/Store Request Schedule 1/Page_CMO login/input_txtusername'

2018-06-04 18:52:32 - [TEST_STEP][PASSED] - setText: Text '123' is set on object 'Object Repository/Store Request Schedule 1/Page_CMO login/input_txtpassword'

2018-06-04 18:52:32 - [MESSAGE][PASSED] - Text '123' is set on object 'Object Repository/Store Request Schedule 1/Page_CMO login/input_txtpassword'

2018-06-04 18:52:32 - [TEST_STEP][PASSED] - delay: Delayed 3 second(s)

2018-06-04 18:52:35 - [MESSAGE][PASSED] - Delayed 3 second(s)

2018-06-04 18:52:35 - [TEST_STEP][PASSED] - click: Object: 'Object Repository/Store Request Schedule 1/Page_CMO login/button_Sign in' is clicked on

2018-06-04 18:52:36 - [MESSAGE][PASSED] - Object: 'Object Repository/Store Request Schedule 1/Page_CMO login/button_Sign in' is clicked on

2018-06-04 18:52:36 - [TEST_STEP][PASSED] - delay: Delayed 2 second(s)

2018-06-04 18:52:38 - [MESSAGE][PASSED] - Delayed 2 second(s)

2018-06-04 18:52:38 - [TEST_STEP][PASSED] - click: Object: 'Object Repository/Store Request Schedule 1/Page_KDMC - CMO/span_Department Wise Request' is clicked on

2018-06-04 18:52:39 - [MESSAGE][PASSED] - Object: 'Object Repository/Store Request Schedule 1/Page_KDMC - CMO/span_Department Wise Request' is clicked on

2018-06-04 18:52:39 - [TEST_STEP][PASSED] - click: Object: 'Object Repository/Store Request Schedule 1/Page_KDMC - CMO/a_CMS Request' is clicked on

2018-06-04 18:52:39 - [MESSAGE][PASSED] - Object: 'Object Repository/Store Request Schedule 1/Page_KDMC - CMO/a_CMS Request' is clicked on

2018-06-04 18:52:39 - [TEST_STEP][PASSED] - click: Object: 'Object Repository/Store Request Schedule 1/Page_KDMC - CMO/a_CMS Request' is clicked on

2018-06-04 18:52:39 - [MESSAGE][PASSED] - Object: 'Object Repository/Store Request Schedule 1/Page_KDMC - CMO/a_CMS Request' is clicked on

2018-06-04 18:52:39 - [TEST_STEP][PASSED] - click: Object: 'Object Repository/Store Request Schedule 1/Page_KDMC - CMO/span_Divisional Store Request' is clicked on

2018-06-04 18:52:41 - [MESSAGE][PASSED] - Object: 'Object Repository/Store Request Schedule 1/Page_KDMC - CMO/span_Divisional Store Request' is clicked on

2018-06-04 18:52:41 - [TEST_STEP][PASSED] - delay: Delayed 2 second(s)

2018-06-04 18:52:43 - [MESSAGE][PASSED] - Delayed 2 second(s)

2018-06-04 18:52:43 - [TEST_STEP][PASSED] - Statement - approval = com.kms.katalon.core.webui.keyword.WebUiBuiltInKeywords.modifyObjectProperty(com.kms.katalon.core.testobject.ObjectRepository.findTestObject(Store Request Schedule 1/Page_KDMC - CMO/input_PRNO050520189), "xpath", "equals", "//*[@id=" + RequestNumberID + "]", true): Modify property of object successfully

2018-06-04 18:52:43 - [MESSAGE][PASSED] - Modify property of object successfully

2018-06-04 18:52:43 - [TEST_STEP][PASSED] - click: Object: 'Object Repository/Store Request Schedule 1/Page_KDMC - CMO/input_PRNO050520189' is clicked on

2018-06-04 18:52:43 - [MESSAGE][PASSED] - Object: 'Object Repository/Store Request Schedule 1/Page_KDMC - CMO/input_PRNO050520189' is clicked on

2018-06-04 18:52:43 - [TEST_STEP][PASSED] - delay: Delayed 2 second(s)

2018-06-04 18:52:45 - [MESSAGE][PASSED] - Delayed 2 second(s)

2018-06-04 18:52:45 - [TEST_STEP][PASSED] - selectOptionByIndex: All options with index in [1] are selected on object 'Object Repository/Store Request Schedule 1/Page_KDMC - CMO/select_--Select--'

2018-06-04 18:52:45 - [MESSAGE][PASSED] - All options with index in [1] are selected on object 'Object Repository/Store Request Schedule 1/Page_KDMC - CMO/select_--Select--'

2018-06-04 18:52:45 - [TEST_STEP][PASSED] - click: Object: 'Object Repository/Store Request Schedule 1/Page_KDMC - CMO/input_btnupdate' is clicked on

2018-06-04 18:52:45 - [MESSAGE][PASSED] - Object: 'Object Repository/Store Request Schedule 1/Page_KDMC - CMO/input_btnupdate' is clicked on

2018-06-04 18:52:45 - [TEST_STEP][PASSED] - delay: Delayed 2 second(s)

2018-06-04 18:52:47 - [MESSAGE][PASSED] - Delayed 2 second(s)

2018-06-04 18:52:47 - [TEST_STEP][PASSED] - click: Object: 'Object Repository/Store Request Schedule 1/Page_KDMC - CMO/button_OK' is clicked on

2018-06-04 18:52:48 - [MESSAGE][PASSED] - Object: 'Object Repository/Store Request Schedule 1/Page_KDMC - CMO/button_OK' is clicked on

2018-06-04 18:52:48 - [TEST_STEP][PASSED] - delay: Delayed 2 second(s)

2018-06-04 18:52:50 - [MESSAGE][PASSED] - Delayed 2 second(s)

2018-06-04 18:52:50 - [TEST_STEP][PASSED] - click: Object: 'Object Repository/Store Request Schedule 1/Page_KDMC - CMO/a_dropdown-toggle' is clicked on

2018-06-04 18:52:50 - [MESSAGE][PASSED] - Object: 'Object Repository/Store Request Schedule 1/Page_KDMC - CMO/a_dropdown-toggle' is clicked on

2018-06-04 18:52:50 - [TEST_STEP][PASSED] - click: Object: 'Object Repository/Store Request Schedule 1/Page_KDMC - CMO/a_Sign out' is clicked on

2018-06-04 18:52:50 - [MESSAGE][PASSED] - Object: 'Object Repository/Store Request Schedule 1/Page_KDMC - CMO/a_Sign out' is clicked on

2018-06-04 18:52:50 - [TEST_STEP][PASSED] - delay: Delayed 3 second(s)

2018-06-04 18:52:53 - [MESSAGE][PASSED] - Delayed 3 second(s)

2018-06-04 18:52:53 - [TEST_STEP][PASSED] - click: Object: 'Object Repository/store Request Schedule 1/Page_KDMC/a_CMS' is clicked on

2018-06-04 18:52:54 - [MESSAGE][PASSED] - Object: 'Object Repository/store Request Schedule 1/Page_KDMC/a_CMS' is clicked on

2018-06-04 18:52:54 - [TEST_STEP][PASSED] - setText: Text 'bala' is set on object 'Object Repository/store Request Schedule 1/Page_CMS login/input_txtusername'

2018-06-04 18:52:54 - [MESSAGE][PASSED] - Text 'bala' is set on object 'Object Repository/store Request Schedule 1/Page_CMS login/input_txtusername'

2018-06-04 18:52:54 - [TEST_STEP][PASSED] - setText: Text '123' is set on object 'Object Repository/store Request Schedule 1/Page_CMS login/input_txtpassword'

2018-06-04 18:52:54 - [MESSAGE][PASSED] - Text '123' is set on object 'Object Repository/store Request Schedule 1/Page_CMS login/input_txtpassword'

2018-06-04 18:52:54 - [TEST_STEP][PASSED] - delay: Delayed 3 second(s)

2018-06-04 18:52:57 - [MESSAGE][PASSED] - Delayed 3 second(s)

2018-06-04 18:52:57 - [TEST_STEP][PASSED] - click: Object: 'Object Repository/store Request Schedule 1/Page_CMS login/button_Sign in' is clicked on

2018-06-04 18:52:58 - [MESSAGE][PASSED] - Object: 'Object Repository/store Request Schedule 1/Page_CMS login/button_Sign in' is clicked on

2018-06-04 18:52:58 - [TEST_STEP][PASSED] - delay: Delayed 2 second(s)

2018-06-04 18:53:00 - [MESSAGE][PASSED] - Delayed 2 second(s)

2018-06-04 18:53:00 - [TEST_STEP][PASSED] - click: Object: 'Object Repository/store Request Schedule 1/Page_KDMC - CMS/a_Divisional Store' is clicked on

2018-06-04 18:53:00 - [MESSAGE][PASSED] - Object: 'Object Repository/store Request Schedule 1/Page_KDMC - CMS/a_Divisional Store' is clicked on

2018-06-04 18:53:00 - [TEST_STEP][PASSED] - delay: Delayed 2 second(s)

2018-06-04 18:53:02 - [MESSAGE][PASSED] - Delayed 2 second(s)

2018-06-04 18:53:02 - [TEST_STEP][PASSED] - click: Object: 'Object Repository/store Request Schedule 1/Page_KDMC - CMS/a_Dispatch Items' is clicked on

2018-06-04 18:53:02 - [MESSAGE][PASSED] - Object: 'Object Repository/store Request Schedule 1/Page_KDMC - CMS/a_Dispatch Items' is clicked on

2018-06-04 18:53:02 - [TEST_STEP][PASSED] - setText: Text 'PRNO/04062018/593' is set on object 'Object Repository/store Request Schedule 1/Page_KDMC - CMS/input'

2018-06-04 18:53:03 - [MESSAGE][PASSED] - Text 'PRNO/04062018/593' is set on object 'Object Repository/store Request Schedule 1/Page_KDMC - CMS/input'

2018-06-04 18:53:03 - [TEST_STEP][PASSED] - click: Object: 'Object Repository/store Request Schedule 1/Page_KDMC - CMS/td_text-center' is clicked on

2018-06-04 18:53:03 - [MESSAGE][PASSED] - Object: 'Object Repository/store Request Schedule 1/Page_KDMC - CMS/td_text-center' is clicked on

2018-06-04 18:53:03 - [TEST_STEP][PASSED] - delay: Delayed 3 second(s)

2018-06-04 18:53:06 - [MESSAGE][PASSED] - Delayed 3 second(s)

2018-06-04 18:53:06 - [TEST_STEP][PASSED] - delay: Delayed 2 second(s)

2018-06-04 18:53:08 - [MESSAGE][PASSED] - Delayed 2 second(s)

2018-06-04 18:53:08 - [TEST_STEP][PASSED] - Statement - For ([row = 0, row < SelectedOptions - 1, (row++)]): null

2018-06-04 18:53:08 - [TEST_STEP][PASSED] - Statement - batchlength = new com.kms.katalon.core.testobject.TestObject(): null

2018-06-04 18:53:08 - [TEST_STEP][PASSED] - Statement - batchlength = com.kms.katalon.core.webui.keyword.WebUiBuiltInKeywords.modifyObjectProperty(batchlength, "xpath", "equals", "//*[@id = "fldvendor" + row + ""]", true): Modify property of object successfully

2018-06-04 18:53:08 - [MESSAGE][PASSED] - Modify property of object successfully

2018-06-04 18:53:08 - [TEST_STEP][PASSED] - Statement - batchsize = com.kms.katalon.core.webui.keyword.WebUiBuiltInKeywords.getNumberOfTotalOption(batchlength): 10 options of object '' counted

2018-06-04 18:53:08 - [MESSAGE][PASSED] - 10 options of object '' counted

2018-06-04 18:53:08 - [TEST_STEP][PASSED] - Statement - out.println("BatchSize : " + batchsize): null

2018-06-04 18:53:08 - [TEST_STEP][PASSED] - Statement - For ([n = 1, n <= batchsize - 1, (n++)]): null

2018-06-04 18:53:08 - [TEST_STEP][PASSED] - Statement - product = new com.kms.katalon.core.testobject.TestObject(): null

2018-06-04 18:53:08 - [TEST_STEP][PASSED] - Statement - product = com.kms.katalon.core.webui.keyword.WebUiBuiltInKeywords.modifyObjectProperty(product, "xpath", "equals", "//*[@id = "fldvendor" + row + ""]", true): Modify property of object successfully

2018-06-04 18:53:08 - [MESSAGE][PASSED] - Modify property of object successfully

2018-06-04 18:53:08 - [TEST_STEP][PASSED] - selectOptionByIndex: All options with index in [1] are selected on object ''

2018-06-04 18:53:08 - [MESSAGE][PASSED] - All options with index in [1] are selected on object ''

2018-06-04 18:53:08 - [TEST_STEP][PASSED] - delay: Delayed 2 second(s)

2018-06-04 18:53:10 - [MESSAGE][PASSED] - Delayed 2 second(s)

2018-06-04 18:53:10 - [TEST_STEP][PASSED] - Statement - batch = new com.kms.katalon.core.testobject.TestObject(): null

2018-06-04 18:53:10 - [TEST_STEP][PASSED] - Statement - batch = com.kms.katalon.core.webui.keyword.WebUiBuiltInKeywords.modifyObjectProperty(batch, "xpath", "equals", "//*[@id = "txtbthqty" + row + ""]", true): Modify property of object successfully

2018-06-04 18:53:10 - [MESSAGE][PASSED] - Modify property of object successfully

2018-06-04 18:53:10 - [TEST_STEP][PASSED] - Statement - batchqty = com.kms.katalon.core.webui.keyword.WebUiBuiltInKeywords.getAttribute(batch, "value").trim(): Attribute 'value' of object '' is: '3300'

2018-06-04 18:53:10 - [MESSAGE][PASSED] - Attribute 'value' of object '' is: '3300'

2018-06-04 18:53:10 - [TEST_STEP][PASSED] - Statement - Rqty = 10000: null

2018-06-04 18:53:10 - [TEST_STEP][PASSED] - Statement - out.println("BatchQty : " + batchqty): null

2018-06-04 18:53:10 - [TEST_STEP][PASSED] - Statement - out.println("RQty : " + Rqty): null

2018-06-04 18:53:10 - [TEST_STEP][PASSED] - Statement - If (java.lang.Integer.valueOf(batchqty) >= java.lang.Integer.valueOf(Rqty)): null

2018-06-04 18:53:10 - [TEST_STEP][PASSED] - Statement - Else: null

2018-06-04 18:53:10 - [TEST_STEP][PASSED] - Statement - out.println("Batchqty Is Less Than Rqty"): null

2018-06-04 18:53:10 - [TEST_STEP][PASSED] - Statement - product = new com.kms.katalon.core.testobject.TestObject(): null

2018-06-04 18:53:10 - [TEST_STEP][PASSED] - Statement - product = com.kms.katalon.core.webui.keyword.WebUiBuiltInKeywords.modifyObjectProperty(product, "xpath", "equals", "//*[@id = "fldvendor" + row + ""]", true): Modify property of object successfully

2018-06-04 18:53:10 - [MESSAGE][PASSED] - Modify property of object successfully

2018-06-04 18:53:10 - [TEST_STEP][PASSED] - selectOptionByIndex: All options with index in [2] are selected on object ''

2018-06-04 18:53:10 - [MESSAGE][PASSED] - All options with index in [2] are selected on object ''

2018-06-04 18:53:10 - [TEST_STEP][PASSED] - delay: Delayed 2 second(s)

2018-06-04 18:53:12 - [MESSAGE][PASSED] - Delayed 2 second(s)

2018-06-04 18:53:12 - [TEST_STEP][PASSED] - Statement - batch = new com.kms.katalon.core.testobject.TestObject(): null

2018-06-04 18:53:12 - [TEST_STEP][PASSED] - Statement - batch = com.kms.katalon.core.webui.keyword.WebUiBuiltInKeywords.modifyObjectProperty(batch, "xpath", "equals", "//*[@id = "txtbthqty" + row + ""]", true): Modify property of object successfully

2018-06-04 18:53:12 - [MESSAGE][PASSED] - Modify property of object successfully

2018-06-04 18:53:12 - [TEST_STEP][PASSED] - Statement - batchqty = com.kms.katalon.core.webui.keyword.WebUiBuiltInKeywords.getAttribute(batch, "value").trim(): Attribute 'value' of object '' is: '5000'

2018-06-04 18:53:12 - [MESSAGE][PASSED] - Attribute 'value' of object '' is: '5000'

2018-06-04 18:53:12 - [TEST_STEP][PASSED] - Statement - Rqty = 10000: null

2018-06-04 18:53:12 - [TEST_STEP][PASSED] - Statement - out.println("BatchQty : " + batchqty): null

2018-06-04 18:53:12 - [TEST_STEP][PASSED] - Statement - out.println("RQty : " + Rqty): null

2018-06-04 18:53:12 - [TEST_STEP][PASSED] - Statement - If (java.lang.Integer.valueOf(batchqty) >= java.lang.Integer.valueOf(Rqty)): null

2018-06-04 18:53:12 - [TEST_STEP][PASSED] - Statement - Else: null

2018-06-04 18:53:12 - [TEST_STEP][PASSED] - Statement - out.println("Batchqty Is Less Than Rqty"): null

2018-06-04 18:53:12 - [TEST_STEP][PASSED] - Statement - product = new com.kms.katalon.core.testobject.TestObject(): null

2018-06-04 18:53:12 - [TEST_STEP][PASSED] - Statement - product = com.kms.katalon.core.webui.keyword.WebUiBuiltInKeywords.modifyObjectProperty(product, "xpath", "equals", "//*[@id = "fldvendor" + row + ""]", true): Modify property of object successfully

2018-06-04 18:53:12 - [MESSAGE][PASSED] - Modify property of object successfully

2018-06-04 18:53:12 - [TEST_STEP][PASSED] - selectOptionByIndex: All options with index in [3] are selected on object ''

2018-06-04 18:53:12 - [MESSAGE][PASSED] - All options with index in [3] are selected on object ''

2018-06-04 18:53:12 - [TEST_STEP][PASSED] - delay: Delayed 2 second(s)

2018-06-04 18:53:14 - [MESSAGE][PASSED] - Delayed 2 second(s)

2018-06-04 18:53:14 - [TEST_STEP][PASSED] - Statement - batch = new com.kms.katalon.core.testobject.TestObject(): null

2018-06-04 18:53:14 - [TEST_STEP][PASSED] - Statement - batch = com.kms.katalon.core.webui.keyword.WebUiBuiltInKeywords.modifyObjectProperty(batch, "xpath", "equals", "//*[@id = "txtbthqty" + row + ""]", true): Modify property of object successfully

2018-06-04 18:53:14 - [MESSAGE][PASSED] - Modify property of object successfully

2018-06-04 18:53:14 - [TEST_STEP][PASSED] - Statement - batchqty = com.kms.katalon.core.webui.keyword.WebUiBuiltInKeywords.getAttribute(batch, "value").trim(): Attribute 'value' of object '' is: '400'

2018-06-04 18:53:14 - [MESSAGE][PASSED] - Attribute 'value' of object '' is: '400'

2018-06-04 18:53:14 - [TEST_STEP][PASSED] - Statement - Rqty = 10000: null

2018-06-04 18:53:14 - [TEST_STEP][PASSED] - Statement - out.println("BatchQty : " + batchqty): null

2018-06-04 18:53:14 - [TEST_STEP][PASSED] - Statement - out.println("RQty : " + Rqty): null

2018-06-04 18:53:14 - [TEST_STEP][PASSED] - Statement - If (java.lang.Integer.valueOf(batchqty) >= java.lang.Integer.valueOf(Rqty)): null

2018-06-04 18:53:14 - [TEST_STEP][PASSED] - Statement - Else: null

2018-06-04 18:53:14 - [TEST_STEP][PASSED] - Statement - out.println("Batchqty Is Less Than Rqty"): null

2018-06-04 18:53:14 - [TEST_STEP][PASSED] - Statement - product = new com.kms.katalon.core.testobject.TestObject(): null

2018-06-04 18:53:14 - [TEST_STEP][PASSED] - Statement - product = com.kms.katalon.core.webui.keyword.WebUiBuiltInKeywords.modifyObjectProperty(product, "xpath", "equals", "//*[@id = "fldvendor" + row + ""]", true): Modify property of object successfully

2018-06-04 18:53:14 - [MESSAGE][PASSED] - Modify property of object successfully

2018-06-04 18:53:14 - [TEST_STEP][PASSED] - selectOptionByIndex: All options with index in [4] are selected on object ''

2018-06-04 18:53:15 - [MESSAGE][PASSED] - All options with index in [4] are selected on object ''

2018-06-04 18:53:15 - [TEST_STEP][PASSED] - delay: Delayed 2 second(s)

2018-06-04 18:53:17 - [MESSAGE][PASSED] - Delayed 2 second(s)

2018-06-04 18:53:17 - [TEST_STEP][PASSED] - Statement - batch = new com.kms.katalon.core.testobject.TestObject(): null

2018-06-04 18:53:17 - [TEST_STEP][PASSED] - Statement - batch = com.kms.katalon.core.webui.keyword.WebUiBuiltInKeywords.modifyObjectProperty(batch, "xpath", "equals", "//*[@id = "txtbthqty" + row + ""]", true): Modify property of object successfully

2018-06-04 18:53:17 - [MESSAGE][PASSED] - Modify property of object successfully

2018-06-04 18:53:17 - [TEST_STEP][PASSED] - Statement - batchqty = com.kms.katalon.core.webui.keyword.WebUiBuiltInKeywords.getAttribute(batch, "value").trim(): Attribute 'value' of object '' is: '5000'

2018-06-04 18:53:17 - [MESSAGE][PASSED] - Attribute 'value' of object '' is: '5000'

2018-06-04 18:53:17 - [TEST_STEP][PASSED] - Statement - Rqty = 10000: null

2018-06-04 18:53:17 - [TEST_STEP][PASSED] - Statement - out.println("BatchQty : " + batchqty): null

2018-06-04 18:53:17 - [TEST_STEP][PASSED] - Statement - out.println("RQty : " + Rqty): null

2018-06-04 18:53:17 - [TEST_STEP][PASSED] - Statement - If (java.lang.Integer.valueOf(batchqty) >= java.lang.Integer.valueOf(Rqty)): null

2018-06-04 18:53:17 - [TEST_STEP][PASSED] - Statement - Else: null

2018-06-04 18:53:17 - [TEST_STEP][PASSED] - Statement - out.println("Batchqty Is Less Than Rqty"): null

2018-06-04 18:53:17 - [TEST_STEP][PASSED] - Statement - product = new com.kms.katalon.core.testobject.TestObject(): null

2018-06-04 18:53:17 - [TEST_STEP][PASSED] - Statement - product = com.kms.katalon.core.webui.keyword.WebUiBuiltInKeywords.modifyObjectProperty(product, "xpath", "equals", "//*[@id = "fldvendor" + row + ""]", true): Modify property of object successfully

2018-06-04 18:53:17 - [MESSAGE][PASSED] - Modify property of object successfully

2018-06-04 18:53:17 - [TEST_STEP][PASSED] - selectOptionByIndex: All options with index in [5] are selected on object ''

2018-06-04 18:53:17 - [MESSAGE][PASSED] - All options with index in [5] are selected on object ''

2018-06-04 18:53:17 - [TEST_STEP][PASSED] - delay: Delayed 2 second(s)

2018-06-04 18:53:19 - [MESSAGE][PASSED] - Delayed 2 second(s)

2018-06-04 18:53:19 - [TEST_STEP][PASSED] - Statement - batch = new com.kms.katalon.core.testobject.TestObject(): null

2018-06-04 18:53:19 - [TEST_STEP][PASSED] - Statement - batch = com.kms.katalon.core.webui.keyword.WebUiBuiltInKeywords.modifyObjectProperty(batch, "xpath", "equals", "//*[@id = "txtbthqty" + row + ""]", true): Modify property of object successfully

2018-06-04 18:53:19 - [MESSAGE][PASSED] - Modify property of object successfully

2018-06-04 18:53:19 - [TEST_STEP][PASSED] - Statement - batchqty = com.kms.katalon.core.webui.keyword.WebUiBuiltInKeywords.getAttribute(batch, "value").trim(): Attribute 'value' of object '' is: '5000'

2018-06-04 18:53:19 - [MESSAGE][PASSED] - Attribute 'value' of object '' is: '5000'

2018-06-04 18:53:19 - [TEST_STEP][PASSED] - Statement - Rqty = 10000: null

2018-06-04 18:53:19 - [TEST_STEP][PASSED] - Statement - out.println("BatchQty : " + batchqty): null

2018-06-04 18:53:19 - [TEST_STEP][PASSED] - Statement - out.println("RQty : " + Rqty): null

2018-06-04 18:53:19 - [TEST_STEP][PASSED] - Statement - If (java.lang.Integer.valueOf(batchqty) >= java.lang.Integer.valueOf(Rqty)): null

2018-06-04 18:53:19 - [TEST_STEP][PASSED] - Statement - Else: null

2018-06-04 18:53:19 - [TEST_STEP][PASSED] - Statement - out.println("Batchqty Is Less Than Rqty"): null

2018-06-04 18:53:19 - [TEST_STEP][PASSED] - Statement - product = new com.kms.katalon.core.testobject.TestObject(): null

2018-06-04 18:53:19 - [TEST_STEP][PASSED] - Statement - product = com.kms.katalon.core.webui.keyword.WebUiBuiltInKeywords.modifyObjectProperty(product, "xpath", "equals", "//*[@id = "fldvendor" + row + ""]", true): Modify property of object successfully

2018-06-04 18:53:19 - [MESSAGE][PASSED] - Modify property of object successfully

2018-06-04 18:53:19 - [TEST_STEP][PASSED] - selectOptionByIndex: All options with index in [6] are selected on object ''

2018-06-04 18:53:19 - [MESSAGE][PASSED] - All options with index in [6] are selected on object ''

2018-06-04 18:53:19 - [TEST_STEP][PASSED] - delay: Delayed 2 second(s)

2018-06-04 18:53:21 - [MESSAGE][PASSED] - Delayed 2 second(s)

2018-06-04 18:53:21 - [TEST_STEP][PASSED] - Statement - batch = new com.kms.katalon.core.testobject.TestObject(): null

2018-06-04 18:53:21 - [TEST_STEP][PASSED] - Statement - batch = com.kms.katalon.core.webui.keyword.WebUiBuiltInKeywords.modifyObjectProperty(batch, "xpath", "equals", "//*[@id = "txtbthqty" + row + ""]", true): Modify property of object successfully

2018-06-04 18:53:21 - [MESSAGE][PASSED] - Modify property of object successfully

2018-06-04 18:53:21 - [TEST_STEP][PASSED] - Statement - batchqty = com.kms.katalon.core.webui.keyword.WebUiBuiltInKeywords.getAttribute(batch, "value").trim(): Attribute 'value' of object '' is: '5000'

2018-06-04 18:53:21 - [MESSAGE][PASSED] - Attribute 'value' of object '' is: '5000'

2018-06-04 18:53:21 - [TEST_STEP][PASSED] - Statement - Rqty = 10000: null

2018-06-04 18:53:21 - [TEST_STEP][PASSED] - Statement - out.println("BatchQty : " + batchqty): null

2018-06-04 18:53:21 - [TEST_STEP][PASSED] - Statement - out.println("RQty : " + Rqty): null

2018-06-04 18:53:21 - [TEST_STEP][PASSED] - Statement - If (java.lang.Integer.valueOf(batchqty) >= java.lang.Integer.valueOf(Rqty)): null

2018-06-04 18:53:21 - [TEST_STEP][PASSED] - Statement - Else: null

2018-06-04 18:53:21 - [TEST_STEP][PASSED] - Statement - out.println("Batchqty Is Less Than Rqty"): null

2018-06-04 18:53:21 - [TEST_STEP][PASSED] - Statement - product = new com.kms.katalon.core.testobject.TestObject(): null

2018-06-04 18:53:21 - [TEST_STEP][PASSED] - Statement - product = com.kms.katalon.core.webui.keyword.WebUiBuiltInKeywords.modifyObjectProperty(product, "xpath", "equals", "//*[@id = "fldvendor" + row + ""]", true): Modify property of object successfully

2018-06-04 18:53:21 - [MESSAGE][PASSED] - Modify property of object successfully

2018-06-04 18:53:21 - [TEST_STEP][PASSED] - selectOptionByIndex: All options with index in [7] are selected on object ''

2018-06-04 18:53:21 - [MESSAGE][PASSED] - All options with index in [7] are selected on object ''

2018-06-04 18:53:21 - [TEST_STEP][PASSED] - delay: Delayed 2 second(s)

2018-06-04 18:53:23 - [MESSAGE][PASSED] - Delayed 2 second(s)

2018-06-04 18:53:23 - [TEST_STEP][PASSED] - Statement - batch = new com.kms.katalon.core.testobject.TestObject(): null

2018-06-04 18:53:23 - [TEST_STEP][PASSED] - Statement - batch = com.kms.katalon.core.webui.keyword.WebUiBuiltInKeywords.modifyObjectProperty(batch, "xpath", "equals", "//*[@id = "txtbthqty" + row + ""]", true): Modify property of object successfully

2018-06-04 18:53:23 - [MESSAGE][PASSED] - Modify property of object successfully

2018-06-04 18:53:23 - [TEST_STEP][PASSED] - Statement - batchqty = com.kms.katalon.core.webui.keyword.WebUiBuiltInKeywords.getAttribute(batch, "value").trim(): Attribute 'value' of object '' is: '39400'

2018-06-04 18:53:23 - [MESSAGE][PASSED] - Attribute 'value' of object '' is: '39400'

2018-06-04 18:53:23 - [TEST_STEP][PASSED] - Statement - Rqty = 10000: null

2018-06-04 18:53:23 - [TEST_STEP][PASSED] - Statement - out.println("BatchQty : " + batchqty): null

2018-06-04 18:53:23 - [TEST_STEP][PASSED] - Statement - out.println("RQty : " + Rqty): null

2018-06-04 18:53:23 - [TEST_STEP][PASSED] - Statement - If (java.lang.Integer.valueOf(batchqty) >= java.lang.Integer.valueOf(Rqty)): null

2018-06-04 18:53:23 - [TEST_STEP][PASSED] - Statement - Break: null

2018-06-04 18:53:23 - [TEST_STEP][PASSED] - Statement - batchlength = new com.kms.katalon.core.testobject.TestObject(): null

2018-06-04 18:53:23 - [TEST_STEP][PASSED] - Statement - batchlength = com.kms.katalon.core.webui.keyword.WebUiBuiltInKeywords.modifyObjectProperty(batchlength, "xpath", "equals", "//*[@id = "fldvendor" + row + ""]", true): Modify property of object successfully

2018-06-04 18:53:23 - [MESSAGE][PASSED] - Modify property of object successfully

2018-06-04 18:53:23 - [TEST_STEP][PASSED] - Statement - batchsize = com.kms.katalon.core.webui.keyword.WebUiBuiltInKeywords.getNumberOfTotalOption(batchlength): 10 options of object '' counted

2018-06-04 18:53:23 - [MESSAGE][PASSED] - 10 options of object '' counted

2018-06-04 18:53:23 - [TEST_STEP][PASSED] - Statement - out.println("BatchSize : " + batchsize): null

2018-06-04 18:53:23 - [TEST_STEP][PASSED] - Statement - For ([n = 1, n <= batchsize - 1, (n++)]): null

2018-06-04 18:53:23 - [TEST_STEP][PASSED] - Statement - product = new com.kms.katalon.core.testobject.TestObject(): null

2018-06-04 18:53:23 - [TEST_STEP][PASSED] - Statement - product = com.kms.katalon.core.webui.keyword.WebUiBuiltInKeywords.modifyObjectProperty(product, "xpath", "equals", "//*[@id = "fldvendor" + row + ""]", true): Modify property of object successfully

2018-06-04 18:53:23 - [MESSAGE][PASSED] - Modify property of object successfully

2018-06-04 18:53:23 - [TEST_STEP][PASSED] - selectOptionByIndex: All options with index in [1] are selected on object ''

2018-06-04 18:53:23 - [MESSAGE][PASSED] - All options with index in [1] are selected on object ''

2018-06-04 18:53:23 - [TEST_STEP][PASSED] - delay: Delayed 2 second(s)

2018-06-04 18:53:25 - [MESSAGE][PASSED] - Delayed 2 second(s)

2018-06-04 18:53:25 - [TEST_STEP][PASSED] - Statement - batch = new com.kms.katalon.core.testobject.TestObject(): null

2018-06-04 18:53:25 - [TEST_STEP][PASSED] - Statement - batch = com.kms.katalon.core.webui.keyword.WebUiBuiltInKeywords.modifyObjectProperty(batch, "xpath", "equals", "//*[@id = "txtbthqty" + row + ""]", true): Modify property of object successfully

2018-06-04 18:53:25 - [MESSAGE][PASSED] - Modify property of object successfully

2018-06-04 18:53:25 - [TEST_STEP][PASSED] - Statement - batchqty = com.kms.katalon.core.webui.keyword.WebUiBuiltInKeywords.getAttribute(batch, "value").trim(): Attribute 'value' of object '' is: '34900'

2018-06-04 18:53:26 - [MESSAGE][PASSED] - Attribute 'value' of object '' is: '34900'

2018-06-04 18:53:26 - [TEST_STEP][PASSED] - Statement - Rqty = 10000: null

2018-06-04 18:53:26 - [TEST_STEP][PASSED] - Statement - out.println("BatchQty : " + batchqty): null

2018-06-04 18:53:26 - [TEST_STEP][PASSED] - Statement - out.println("RQty : " + Rqty): null

2018-06-04 18:53:26 - [TEST_STEP][PASSED] - Statement - If (java.lang.Integer.valueOf(batchqty) >= java.lang.Integer.valueOf(Rqty)): null

2018-06-04 18:53:26 - [TEST_STEP][PASSED] - Statement - Break: null

2018-06-04 18:53:26 - [TEST_STEP][PASSED] - Statement - batchlength = new com.kms.katalon.core.testobject.TestObject(): null

2018-06-04 18:53:26 - [TEST_STEP][PASSED] - Statement - batchlength = com.kms.katalon.core.webui.keyword.WebUiBuiltInKeywords.modifyObjectProperty(batchlength, "xpath", "equals", "//*[@id = "fldvendor" + row + ""]", true): Modify property of object successfully

2018-06-04 18:53:26 - [MESSAGE][PASSED] - Modify property of object successfully

2018-06-04 18:53:26 - [TEST_STEP][PASSED] - Statement - batchsize = com.kms.katalon.core.webui.keyword.WebUiBuiltInKeywords.getNumberOfTotalOption(batchlength): 10 options of object '' counted

2018-06-04 18:53:26 - [MESSAGE][PASSED] - 10 options of object '' counted

2018-06-04 18:53:26 - [TEST_STEP][PASSED] - Statement - out.println("BatchSize : " + batchsize): null

2018-06-04 18:53:26 - [TEST_STEP][PASSED] - Statement - For ([n = 1, n <= batchsize - 1, (n++)]): null

2018-06-04 18:53:26 - [TEST_STEP][PASSED] - Statement - product = new com.kms.katalon.core.testobject.TestObject(): null

2018-06-04 18:53:26 - [TEST_STEP][PASSED] - Statement - product = com.kms.katalon.core.webui.keyword.WebUiBuiltInKeywords.modifyObjectProperty(product, "xpath", "equals", "//*[@id = "fldvendor" + row + ""]", true): Modify property of object successfully

2018-06-04 18:53:26 - [MESSAGE][PASSED] - Modify property of object successfully

2018-06-04 18:53:26 - [TEST_STEP][PASSED] - selectOptionByIndex: All options with index in [1] are selected on object ''

2018-06-04 18:53:26 - [MESSAGE][PASSED] - All options with index in [1] are selected on object ''

2018-06-04 18:53:26 - [TEST_STEP][PASSED] - delay: Delayed 2 second(s)

2018-06-04 18:53:28 - [MESSAGE][PASSED] - Delayed 2 second(s)

2018-06-04 18:53:28 - [TEST_STEP][PASSED] - Statement - batch = new com.kms.katalon.core.testobject.TestObject(): null

2018-06-04 18:53:28 - [TEST_STEP][PASSED] - Statement - batch = com.kms.katalon.core.webui.keyword.WebUiBuiltInKeywords.modifyObjectProperty(batch, "xpath", "equals", "//*[@id = "txtbthqty" + row + ""]", true): Modify property of object successfully

2018-06-04 18:53:28 - [MESSAGE][PASSED] - Modify property of object successfully

2018-06-04 18:53:28 - [TEST_STEP][PASSED] - Statement - batchqty = com.kms.katalon.core.webui.keyword.WebUiBuiltInKeywords.getAttribute(batch, "value").trim(): Attribute 'value' of object '' is: '700'

2018-06-04 18:53:28 - [MESSAGE][PASSED] - Attribute 'value' of object '' is: '700'

2018-06-04 18:53:28 - [TEST_STEP][PASSED] - Statement - Rqty = 10000: null

2018-06-04 18:53:28 - [TEST_STEP][PASSED] - Statement - out.println("BatchQty : " + batchqty): null

2018-06-04 18:53:28 - [TEST_STEP][PASSED] - Statement - out.println("RQty : " + Rqty): null

2018-06-04 18:53:28 - [TEST_STEP][PASSED] - Statement - If (java.lang.Integer.valueOf(batchqty) >= java.lang.Integer.valueOf(Rqty)): null

2018-06-04 18:53:28 - [TEST_STEP][PASSED] - Statement - Else: null

2018-06-04 18:53:28 - [TEST_STEP][PASSED] - Statement - out.println("Batchqty Is Less Than Rqty"): null

2018-06-04 18:53:28 - [TEST_STEP][PASSED] - Statement - product = new com.kms.katalon.core.testobject.TestObject(): null

2018-06-04 18:53:28 - [TEST_STEP][PASSED] - Statement - product = com.kms.katalon.core.webui.keyword.WebUiBuiltInKeywords.modifyObjectProperty(product, "xpath", "equals", "//*[@id = "fldvendor" + row + ""]", true): Modify property of object successfully

2018-06-04 18:53:28 - [MESSAGE][PASSED] - Modify property of object successfully

2018-06-04 18:53:28 - [TEST_STEP][PASSED] - selectOptionByIndex: All options with index in [2] are selected on object ''

2018-06-04 18:53:28 - [MESSAGE][PASSED] - All options with index in [2] are selected on object ''

2018-06-04 18:53:28 - [TEST_STEP][PASSED] - delay: Delayed 2 second(s)

2018-06-04 18:53:30 - [MESSAGE][PASSED] - Delayed 2 second(s)

2018-06-04 18:53:30 - [TEST_STEP][PASSED] - Statement - batch = new com.kms.katalon.core.testobject.TestObject(): null

2018-06-04 18:53:30 - [TEST_STEP][PASSED] - Statement - batch = com.kms.katalon.core.webui.keyword.WebUiBuiltInKeywords.modifyObjectProperty(batch, "xpath", "equals", "//*[@id = "txtbthqty" + row + ""]", true): Modify property of object successfully

2018-06-04 18:53:30 - [MESSAGE][PASSED] - Modify property of object successfully

2018-06-04 18:53:30 - [TEST_STEP][PASSED] - Statement - batchqty = com.kms.katalon.core.webui.keyword.WebUiBuiltInKeywords.getAttribute(batch, "value").trim(): Attribute 'value' of object '' is: '2900'

2018-06-04 18:53:30 - [MESSAGE][PASSED] - Attribute 'value' of object '' is: '2900'

2018-06-04 18:53:30 - [TEST_STEP][PASSED] - Statement - Rqty = 10000: null

2018-06-04 18:53:30 - [TEST_STEP][PASSED] - Statement - out.println("BatchQty : " + batchqty): null

2018-06-04 18:53:30 - [TEST_STEP][PASSED] - Statement - out.println("RQty : " + Rqty): null

2018-06-04 18:53:30 - [TEST_STEP][PASSED] - Statement - If (java.lang.Integer.valueOf(batchqty) >= java.lang.Integer.valueOf(Rqty)): null

2018-06-04 18:53:30 - [TEST_STEP][PASSED] - Statement - Else: null

2018-06-04 18:53:30 - [TEST_STEP][PASSED] - Statement - out.println("Batchqty Is Less Than Rqty"): null

2018-06-04 18:53:30 - [TEST_STEP][PASSED] - Statement - product = new com.kms.katalon.core.testobject.TestObject(): null

2018-06-04 18:53:30 - [TEST_STEP][PASSED] - Statement - product = com.kms.katalon.core.webui.keyword.WebUiBuiltInKeywords.modifyObjectProperty(product, "xpath", "equals", "//*[@id = "fldvendor" + row + ""]", true): Modify property of object successfully

2018-06-04 18:53:30 - [MESSAGE][PASSED] - Modify property of object successfully

2018-06-04 18:53:30 - [TEST_STEP][PASSED] - selectOptionByIndex: All options with index in [3] are selected on object ''

2018-06-04 18:53:30 - [MESSAGE][PASSED] - All options with index in [3] are selected on object ''

2018-06-04 18:53:30 - [TEST_STEP][PASSED] - delay: Delayed 2 second(s)

2018-06-04 18:53:32 - [MESSAGE][PASSED] - Delayed 2 second(s)

2018-06-04 18:53:32 - [TEST_STEP][PASSED] - Statement - batch = new com.kms.katalon.core.testobject.TestObject(): null

2018-06-04 18:53:32 - [TEST_STEP][PASSED] - Statement - batch = com.kms.katalon.core.webui.keyword.WebUiBuiltInKeywords.modifyObjectProperty(batch, "xpath", "equals", "//*[@id = "txtbthqty" + row + ""]", true): Modify property of object successfully

2018-06-04 18:53:32 - [MESSAGE][PASSED] - Modify property of object successfully

2018-06-04 18:53:32 - [TEST_STEP][PASSED] - Statement - batchqty = com.kms.katalon.core.webui.keyword.WebUiBuiltInKeywords.getAttribute(batch, "value").trim(): Attribute 'value' of object '' is: '5000'

2018-06-04 18:53:32 - [MESSAGE][PASSED] - Attribute 'value' of object '' is: '5000'

2018-06-04 18:53:32 - [TEST_STEP][PASSED] - Statement - Rqty = 10000: null

2018-06-04 18:53:32 - [TEST_STEP][PASSED] - Statement - out.println("BatchQty : " + batchqty): null

2018-06-04 18:53:32 - [TEST_STEP][PASSED] - Statement - out.println("RQty : " + Rqty): null

2018-06-04 18:53:32 - [TEST_STEP][PASSED] - Statement - If (java.lang.Integer.valueOf(batchqty) >= java.lang.Integer.valueOf(Rqty)): null

2018-06-04 18:53:32 - [TEST_STEP][PASSED] - Statement - Else: null

2018-06-04 18:53:32 - [TEST_STEP][PASSED] - Statement - out.println("Batchqty Is Less Than Rqty"): null

2018-06-04 18:53:32 - [TEST_STEP][PASSED] - Statement - product = new com.kms.katalon.core.testobject.TestObject(): null

2018-06-04 18:53:32 - [TEST_STEP][PASSED] - Statement - product = com.kms.katalon.core.webui.keyword.WebUiBuiltInKeywords.modifyObjectProperty(product, "xpath", "equals", "//*[@id = "fldvendor" + row + ""]", true): Modify property of object successfully

2018-06-04 18:53:32 - [MESSAGE][PASSED] - Modify property of object successfully

2018-06-04 18:53:32 - [TEST_STEP][PASSED] - selectOptionByIndex: All options with index in [4] are selected on object ''

2018-06-04 18:53:32 - [MESSAGE][PASSED] - All options with index in [4] are selected on object ''

2018-06-04 18:53:32 - [TEST_STEP][PASSED] - delay: Delayed 2 second(s)

2018-06-04 18:53:34 - [MESSAGE][PASSED] - Delayed 2 second(s)

2018-06-04 18:53:34 - [TEST_STEP][PASSED] - Statement - batch = new com.kms.katalon.core.testobject.TestObject(): null

2018-06-04 18:53:34 - [TEST_STEP][PASSED] - Statement - batch = com.kms.katalon.core.webui.keyword.WebUiBuiltInKeywords.modifyObjectProperty(batch, "xpath", "equals", "//*[@id = "txtbthqty" + row + ""]", true): Modify property of object successfully

2018-06-04 18:53:34 - [MESSAGE][PASSED] - Modify property of object successfully

2018-06-04 18:53:34 - [TEST_STEP][PASSED] - Statement - batchqty = com.kms.katalon.core.webui.keyword.WebUiBuiltInKeywords.getAttribute(batch, "value").trim(): Attribute 'value' of object '' is: '5000'

2018-06-04 18:53:34 - [MESSAGE][PASSED] - Attribute 'value' of object '' is: '5000'

2018-06-04 18:53:34 - [TEST_STEP][PASSED] - Statement - Rqty = 10000: null

2018-06-04 18:53:34 - [TEST_STEP][PASSED] - Statement - out.println("BatchQty : " + batchqty): null

2018-06-04 18:53:34 - [TEST_STEP][PASSED] - Statement - out.println("RQty : " + Rqty): null

2018-06-04 18:53:34 - [TEST_STEP][PASSED] - Statement - If (java.lang.Integer.valueOf(batchqty) >= java.lang.Integer.valueOf(Rqty)): null

2018-06-04 18:53:34 - [TEST_STEP][PASSED] - Statement - Else: null

2018-06-04 18:53:34 - [TEST_STEP][PASSED] - Statement - out.println("Batchqty Is Less Than Rqty"): null

2018-06-04 18:53:34 - [TEST_STEP][PASSED] - Statement - product = new com.kms.katalon.core.testobject.TestObject(): null

2018-06-04 18:53:34 - [TEST_STEP][PASSED] - Statement - product = com.kms.katalon.core.webui.keyword.WebUiBuiltInKeywords.modifyObjectProperty(product, "xpath", "equals", "//*[@id = "fldvendor" + row + ""]", true): Modify property of object successfully

2018-06-04 18:53:34 - [MESSAGE][PASSED] - Modify property of object successfully

2018-06-04 18:53:34 - [TEST_STEP][PASSED] - selectOptionByIndex: All options with index in [5] are selected on object ''

2018-06-04 18:53:35 - [MESSAGE][PASSED] - All options with index in [5] are selected on object ''

2018-06-04 18:53:35 - [TEST_STEP][PASSED] - delay: Delayed 2 second(s)

2018-06-04 18:53:37 - [MESSAGE][PASSED] - Delayed 2 second(s)

2018-06-04 18:53:37 - [TEST_STEP][PASSED] - Statement - batch = new com.kms.katalon.core.testobject.TestObject(): null

2018-06-04 18:53:37 - [TEST_STEP][PASSED] - Statement - batch = com.kms.katalon.core.webui.keyword.WebUiBuiltInKeywords.modifyObjectProperty(batch, "xpath", "equals", "//*[@id = "txtbthqty" + row + ""]", true): Modify property of object successfully

2018-06-04 18:53:37 - [MESSAGE][PASSED] - Modify property of object successfully

2018-06-04 18:53:37 - [TEST_STEP][PASSED] - Statement - batchqty = com.kms.katalon.core.webui.keyword.WebUiBuiltInKeywords.getAttribute(batch, "value").trim(): Attribute 'value' of object '' is: '5000'

2018-06-04 18:53:37 - [MESSAGE][PASSED] - Attribute 'value' of object '' is: '5000'

2018-06-04 18:53:37 - [TEST_STEP][PASSED] - Statement - Rqty = 10000: null

2018-06-04 18:53:37 - [TEST_STEP][PASSED] - Statement - out.println("BatchQty : " + batchqty): null

2018-06-04 18:53:37 - [TEST_STEP][PASSED] - Statement - out.println("RQty : " + Rqty): null

2018-06-04 18:53:37 - [TEST_STEP][PASSED] - Statement - If (java.lang.Integer.valueOf(batchqty) >= java.lang.Integer.valueOf(Rqty)): null

2018-06-04 18:53:37 - [TEST_STEP][PASSED] - Statement - Else: null

2018-06-04 18:53:37 - [TEST_STEP][PASSED] - Statement - out.println("Batchqty Is Less Than Rqty"): null

2018-06-04 18:53:37 - [TEST_STEP][PASSED] - Statement - product = new com.kms.katalon.core.testobject.TestObject(): null

2018-06-04 18:53:37 - [TEST_STEP][PASSED] - Statement - product = com.kms.katalon.core.webui.keyword.WebUiBuiltInKeywords.modifyObjectProperty(product, "xpath", "equals", "//*[@id = "fldvendor" + row + ""]", true): Modify property of object successfully

2018-06-04 18:53:37 - [MESSAGE][PASSED] - Modify property of object successfully

2018-06-04 18:53:37 - [TEST_STEP][PASSED] - selectOptionByIndex: All options with index in [6] are selected on object ''

2018-06-04 18:53:37 - [MESSAGE][PASSED] - All options with index in [6] are selected on object ''

2018-06-04 18:53:37 - [TEST_STEP][PASSED] - delay: Delayed 2 second(s)

2018-06-04 18:53:39 - [MESSAGE][PASSED] - Delayed 2 second(s)

2018-06-04 18:53:39 - [TEST_STEP][PASSED] - Statement - batch = new com.kms.katalon.core.testobject.TestObject(): null

2018-06-04 18:53:39 - [TEST_STEP][PASSED] - Statement - batch = com.kms.katalon.core.webui.keyword.WebUiBuiltInKeywords.modifyObjectProperty(batch, "xpath", "equals", "//*[@id = "txtbthqty" + row + ""]", true): Modify property of object successfully

2018-06-04 18:53:39 - [MESSAGE][PASSED] - Modify property of object successfully

2018-06-04 18:53:39 - [TEST_STEP][PASSED] - Statement - batchqty = com.kms.katalon.core.webui.keyword.WebUiBuiltInKeywords.getAttribute(batch, "value").trim(): Attribute 'value' of object '' is: '5000'

2018-06-04 18:53:39 - [MESSAGE][PASSED] - Attribute 'value' of object '' is: '5000'

2018-06-04 18:53:39 - [TEST_STEP][PASSED] - Statement - Rqty = 10000: null

2018-06-04 18:53:39 - [TEST_STEP][PASSED] - Statement - out.println("BatchQty : " + batchqty): null

2018-06-04 18:53:39 - [TEST_STEP][PASSED] - Statement - out.println("RQty : " + Rqty): null

2018-06-04 18:53:39 - [TEST_STEP][PASSED] - Statement - If (java.lang.Integer.valueOf(batchqty) >= java.lang.Integer.valueOf(Rqty)): null

2018-06-04 18:53:39 - [TEST_STEP][PASSED] - Statement - Else: null

2018-06-04 18:53:39 - [TEST_STEP][PASSED] - Statement - out.println("Batchqty Is Less Than Rqty"): null

2018-06-04 18:53:39 - [TEST_STEP][PASSED] - Statement - product = new com.kms.katalon.core.testobject.TestObject(): null

2018-06-04 18:53:39 - [TEST_STEP][PASSED] - Statement - product = com.kms.katalon.core.webui.keyword.WebUiBuiltInKeywords.modifyObjectProperty(product, "xpath", "equals", "//*[@id = "fldvendor" + row + ""]", true): Modify property of object successfully

2018-06-04 18:53:39 - [MESSAGE][PASSED] - Modify property of object successfully

2018-06-04 18:53:39 - [TEST_STEP][PASSED] - selectOptionByIndex: All options with index in [7] are selected on object ''

2018-06-04 18:53:39 - [MESSAGE][PASSED] - All options with index in [7] are selected on object ''

2018-06-04 18:53:39 - [TEST_STEP][PASSED] - delay: Delayed 2 second(s)

2018-06-04 18:53:41 - [MESSAGE][PASSED] - Delayed 2 second(s)

2018-06-04 18:53:41 - [TEST_STEP][PASSED] - Statement - batch = new com.kms.katalon.core.testobject.TestObject(): null

2018-06-04 18:53:41 - [TEST_STEP][PASSED] - Statement - batch = com.kms.katalon.core.webui.keyword.WebUiBuiltInKeywords.modifyObjectProperty(batch, "xpath", "equals", "//*[@id = "txtbthqty" + row + ""]", true): Modify property of object successfully

2018-06-04 18:53:41 - [MESSAGE][PASSED] - Modify property of object successfully

2018-06-04 18:53:41 - [TEST_STEP][PASSED] - Statement - batchqty = com.kms.katalon.core.webui.keyword.WebUiBuiltInKeywords.getAttribute(batch, "value").trim(): Attribute 'value' of object '' is: '5000'

2018-06-04 18:53:41 - [MESSAGE][PASSED] - Attribute 'value' of object '' is: '5000'

2018-06-04 18:53:41 - [TEST_STEP][PASSED] - Statement - Rqty = 10000: null

2018-06-04 18:53:41 - [TEST_STEP][PASSED] - Statement - out.println("BatchQty : " + batchqty): null

2018-06-04 18:53:41 - [TEST_STEP][PASSED] - Statement - out.println("RQty : " + Rqty): null

2018-06-04 18:53:41 - [TEST_STEP][PASSED] - Statement - If (java.lang.Integer.valueOf(batchqty) >= java.lang.Integer.valueOf(Rqty)): null

2018-06-04 18:53:41 - [TEST_STEP][PASSED] - Statement - Else: null

2018-06-04 18:53:41 - [TEST_STEP][PASSED] - Statement - out.println("Batchqty Is Less Than Rqty"): null

2018-06-04 18:53:41 - [TEST_STEP][PASSED] - Statement - product = new com.kms.katalon.core.testobject.TestObject(): null

2018-06-04 18:53:41 - [TEST_STEP][PASSED] - Statement - product = com.kms.katalon.core.webui.keyword.WebUiBuiltInKeywords.modifyObjectProperty(product, "xpath", "equals", "//*[@id = "fldvendor" + row + ""]", true): Modify property of object successfully

2018-06-04 18:53:41 - [MESSAGE][PASSED] - Modify property of object successfully

2018-06-04 18:53:41 - [TEST_STEP][PASSED] - selectOptionByIndex: All options with index in [8] are selected on object ''

2018-06-04 18:53:41 - [MESSAGE][PASSED] - All options with index in [8] are selected on object ''

2018-06-04 18:53:41 - [TEST_STEP][PASSED] - delay: Delayed 2 second(s)

2018-06-04 18:53:43 - [MESSAGE][PASSED] - Delayed 2 second(s)

2018-06-04 18:53:43 - [TEST_STEP][PASSED] - Statement - batch = new com.kms.katalon.core.testobject.TestObject(): null

2018-06-04 18:53:43 - [TEST_STEP][PASSED] - Statement - batch = com.kms.katalon.core.webui.keyword.WebUiBuiltInKeywords.modifyObjectProperty(batch, "xpath", "equals", "//*[@id = "txtbthqty" + row + ""]", true): Modify property of object successfully

2018-06-04 18:53:43 - [MESSAGE][PASSED] - Modify property of object successfully

2018-06-04 18:53:43 - [TEST_STEP][PASSED] - Statement - batchqty = com.kms.katalon.core.webui.keyword.WebUiBuiltInKeywords.getAttribute(batch, "value").trim(): Attribute 'value' of object '' is: '39300'

2018-06-04 18:53:43 - [MESSAGE][PASSED] - Attribute 'value' of object '' is: '39300'

2018-06-04 18:53:43 - [TEST_STEP][PASSED] - Statement - Rqty = 10000: null

2018-06-04 18:53:43 - [TEST_STEP][PASSED] - Statement - out.println("BatchQty : " + batchqty): null

2018-06-04 18:53:43 - [TEST_STEP][PASSED] - Statement - out.println("RQty : " + Rqty): null

2018-06-04 18:53:43 - [TEST_STEP][PASSED] - Statement - If (java.lang.Integer.valueOf(batchqty) >= java.lang.Integer.valueOf(Rqty)): null

2018-06-04 18:53:43 - [TEST_STEP][PASSED] - Statement - Break: null

2018-06-04 18:53:43 - [TEST_STEP][PASSED] - Statement - batchlength = new com.kms.katalon.core.testobject.TestObject(): null

2018-06-04 18:53:43 - [TEST_STEP][PASSED] - Statement - batchlength = com.kms.katalon.core.webui.keyword.WebUiBuiltInKeywords.modifyObjectProperty(batchlength, "xpath", "equals", "//*[@id = "fldvendor" + row + ""]", true): Modify property of object successfully

2018-06-04 18:53:43 - [MESSAGE][PASSED] - Modify property of object successfully

2018-06-04 18:53:43 - [TEST_STEP][PASSED] - Statement - batchsize = com.kms.katalon.core.webui.keyword.WebUiBuiltInKeywords.getNumberOfTotalOption(batchlength): 9 options of object '' counted

2018-06-04 18:53:43 - [MESSAGE][PASSED] - 9 options of object '' counted

2018-06-04 18:53:43 - [TEST_STEP][PASSED] - Statement - out.println("BatchSize : " + batchsize): null

2018-06-04 18:53:43 - [TEST_STEP][PASSED] - Statement - For ([n = 1, n <= batchsize - 1, (n++)]): null

2018-06-04 18:53:43 - [TEST_STEP][PASSED] - Statement - product = new com.kms.katalon.core.testobject.TestObject(): null

2018-06-04 18:53:43 - [TEST_STEP][PASSED] - Statement - product = com.kms.katalon.core.webui.keyword.WebUiBuiltInKeywords.modifyObjectProperty(product, "xpath", "equals", "//*[@id = "fldvendor" + row + ""]", true): Modify property of object successfully

2018-06-04 18:53:43 - [MESSAGE][PASSED] - Modify property of object successfully

2018-06-04 18:53:43 - [TEST_STEP][PASSED] - selectOptionByIndex: All options with index in [1] are selected on object ''

2018-06-04 18:53:44 - [MESSAGE][PASSED] - All options with index in [1] are selected on object ''

2018-06-04 18:53:44 - [TEST_STEP][PASSED] - delay: Delayed 2 second(s)

2018-06-04 18:53:46 - [MESSAGE][PASSED] - Delayed 2 second(s)

2018-06-04 18:53:46 - [TEST_STEP][PASSED] - Statement - batch = new com.kms.katalon.core.testobject.TestObject(): null

2018-06-04 18:53:46 - [TEST_STEP][PASSED] - Statement - batch = com.kms.katalon.core.webui.keyword.WebUiBuiltInKeywords.modifyObjectProperty(batch, "xpath", "equals", "//*[@id = "txtbthqty" + row + ""]", true): Modify property of object successfully

2018-06-04 18:53:46 - [MESSAGE][PASSED] - Modify property of object successfully

2018-06-04 18:53:46 - [TEST_STEP][PASSED] - Statement - batchqty = com.kms.katalon.core.webui.keyword.WebUiBuiltInKeywords.getAttribute(batch, "value").trim(): Attribute 'value' of object '' is: '3800'

2018-06-04 18:53:46 - [MESSAGE][PASSED] - Attribute 'value' of object '' is: '3800'

2018-06-04 18:53:46 - [TEST_STEP][PASSED] - Statement - Rqty = 10000: null

2018-06-04 18:53:46 - [TEST_STEP][PASSED] - Statement - out.println("BatchQty : " + batchqty): null

2018-06-04 18:53:46 - [TEST_STEP][PASSED] - Statement - out.println("RQty : " + Rqty): null

2018-06-04 18:53:46 - [TEST_STEP][PASSED] - Statement - If (java.lang.Integer.valueOf(batchqty) >= java.lang.Integer.valueOf(Rqty)): null

2018-06-04 18:53:46 - [TEST_STEP][PASSED] - Statement - Else: null

2018-06-04 18:53:46 - [TEST_STEP][PASSED] - Statement - out.println("Batchqty Is Less Than Rqty"): null

2018-06-04 18:53:46 - [TEST_STEP][PASSED] - Statement - product = new com.kms.katalon.core.testobject.TestObject(): null

2018-06-04 18:53:46 - [TEST_STEP][PASSED] - Statement - product = com.kms.katalon.core.webui.keyword.WebUiBuiltInKeywords.modifyObjectProperty(product, "xpath", "equals", "//*[@id = "fldvendor" + row + ""]", true): Modify property of object successfully

2018-06-04 18:53:46 - [MESSAGE][PASSED] - Modify property of object successfully

2018-06-04 18:53:46 - [TEST_STEP][PASSED] - selectOptionByIndex: All options with index in [2] are selected on object ''

2018-06-04 18:53:46 - [MESSAGE][PASSED] - All options with index in [2] are selected on object ''

2018-06-04 18:53:46 - [TEST_STEP][PASSED] - delay: Delayed 2 second(s)

2018-06-04 18:53:48 - [MESSAGE][PASSED] - Delayed 2 second(s)

2018-06-04 18:53:48 - [TEST_STEP][PASSED] - Statement - batch = new com.kms.katalon.core.testobject.TestObject(): null

2018-06-04 18:53:48 - [TEST_STEP][PASSED] - Statement - batch = com.kms.katalon.core.webui.keyword.WebUiBuiltInKeywords.modifyObjectProperty(batch, "xpath", "equals", "//*[@id = "txtbthqty" + row + ""]", true): Modify property of object successfully

2018-06-04 18:53:48 - [MESSAGE][PASSED] - Modify property of object successfully

2018-06-04 18:53:48 - [TEST_STEP][PASSED] - Statement - batchqty = com.kms.katalon.core.webui.keyword.WebUiBuiltInKeywords.getAttribute(batch, "value").trim(): Attribute 'value' of object '' is: '4900'

2018-06-04 18:53:48 - [MESSAGE][PASSED] - Attribute 'value' of object '' is: '4900'

2018-06-04 18:53:48 - [TEST_STEP][PASSED] - Statement - Rqty = 10000: null

2018-06-04 18:53:48 - [TEST_STEP][PASSED] - Statement - out.println("BatchQty : " + batchqty): null

2018-06-04 18:53:48 - [TEST_STEP][PASSED] - Statement - out.println("RQty : " + Rqty): null

2018-06-04 18:53:48 - [TEST_STEP][PASSED] - Statement - If (java.lang.Integer.valueOf(batchqty) >= java.lang.Integer.valueOf(Rqty)): null

2018-06-04 18:53:48 - [TEST_STEP][PASSED] - Statement - Else: null

2018-06-04 18:53:48 - [TEST_STEP][PASSED] - Statement - out.println("Batchqty Is Less Than Rqty"): null

2018-06-04 18:53:48 - [TEST_STEP][PASSED] - Statement - product = new com.kms.katalon.core.testobject.TestObject(): null

2018-06-04 18:53:48 - [TEST_STEP][PASSED] - Statement - product = com.kms.katalon.core.webui.keyword.WebUiBuiltInKeywords.modifyObjectProperty(product, "xpath", "equals", "//*[@id = "fldvendor" + row + ""]", true): Modify property of object successfully

2018-06-04 18:53:48 - [MESSAGE][PASSED] - Modify property of object successfully

2018-06-04 18:53:48 - [TEST_STEP][PASSED] - selectOptionByIndex: All options with index in [3] are selected on object ''

2018-06-04 18:53:48 - [MESSAGE][PASSED] - All options with index in [3] are selected on object ''

2018-06-04 18:53:48 - [TEST_STEP][PASSED] - delay: Delayed 2 second(s)

2018-06-04 18:53:50 - [MESSAGE][PASSED] - Delayed 2 second(s)

2018-06-04 18:53:50 - [TEST_STEP][PASSED] - Statement - batch = new com.kms.katalon.core.testobject.TestObject(): null

2018-06-04 18:53:50 - [TEST_STEP][PASSED] - Statement - batch = com.kms.katalon.core.webui.keyword.WebUiBuiltInKeywords.modifyObjectProperty(batch, "xpath", "equals", "//*[@id = "txtbthqty" + row + ""]", true): Modify property of object successfully

2018-06-04 18:53:50 - [MESSAGE][PASSED] - Modify property of object successfully

2018-06-04 18:53:50 - [TEST_STEP][PASSED] - Statement - batchqty = com.kms.katalon.core.webui.keyword.WebUiBuiltInKeywords.getAttribute(batch, "value").trim(): Attribute 'value' of object '' is: '5000'

2018-06-04 18:53:50 - [MESSAGE][PASSED] - Attribute 'value' of object '' is: '5000'

2018-06-04 18:53:50 - [TEST_STEP][PASSED] - Statement - Rqty = 10000: null

2018-06-04 18:53:50 - [TEST_STEP][PASSED] - Statement - out.println("BatchQty : " + batchqty): null

2018-06-04 18:53:50 - [TEST_STEP][PASSED] - Statement - out.println("RQty : " + Rqty): null

2018-06-04 18:53:50 - [TEST_STEP][PASSED] - Statement - If (java.lang.Integer.valueOf(batchqty) >= java.lang.Integer.valueOf(Rqty)): null

2018-06-04 18:53:50 - [TEST_STEP][PASSED] - Statement - Else: null

2018-06-04 18:53:50 - [TEST_STEP][PASSED] - Statement - out.println("Batchqty Is Less Than Rqty"): null

2018-06-04 18:53:50 - [TEST_STEP][PASSED] - Statement - product = new com.kms.katalon.core.testobject.TestObject(): null

2018-06-04 18:53:50 - [TEST_STEP][PASSED] - Statement - product = com.kms.katalon.core.webui.keyword.WebUiBuiltInKeywords.modifyObjectProperty(product, "xpath", "equals", "//*[@id = "fldvendor" + row + ""]", true): Modify property of object successfully

2018-06-04 18:53:50 - [MESSAGE][PASSED] - Modify property of object successfully

2018-06-04 18:53:50 - [TEST_STEP][PASSED] - selectOptionByIndex: All options with index in [4] are selected on object ''

2018-06-04 18:53:50 - [MESSAGE][PASSED] - All options with index in [4] are selected on object ''

2018-06-04 18:53:50 - [TEST_STEP][PASSED] - delay: Delayed 2 second(s)

2018-06-04 18:53:52 - [MESSAGE][PASSED] - Delayed 2 second(s)

2018-06-04 18:53:52 - [TEST_STEP][PASSED] - Statement - batch = new com.kms.katalon.core.testobject.TestObject(): null

2018-06-04 18:53:52 - [TEST_STEP][PASSED] - Statement - batch = com.kms.katalon.core.webui.keyword.WebUiBuiltInKeywords.modifyObjectProperty(batch, "xpath", "equals", "//*[@id = "txtbthqty" + row + ""]", true): Modify property of object successfully

2018-06-04 18:53:52 - [MESSAGE][PASSED] - Modify property of object successfully

2018-06-04 18:53:52 - [TEST_STEP][PASSED] - Statement - batchqty = com.kms.katalon.core.webui.keyword.WebUiBuiltInKeywords.getAttribute(batch, "value").trim(): Attribute 'value' of object '' is: '5000'

2018-06-04 18:53:52 - [MESSAGE][PASSED] - Attribute 'value' of object '' is: '5000'

2018-06-04 18:53:52 - [TEST_STEP][PASSED] - Statement - Rqty = 10000: null

2018-06-04 18:53:52 - [TEST_STEP][PASSED] - Statement - out.println("BatchQty : " + batchqty): null

2018-06-04 18:53:52 - [TEST_STEP][PASSED] - Statement - out.println("RQty : " + Rqty): null

2018-06-04 18:53:52 - [TEST_STEP][PASSED] - Statement - If (java.lang.Integer.valueOf(batchqty) >= java.lang.Integer.valueOf(Rqty)): null

2018-06-04 18:53:52 - [TEST_STEP][PASSED] - Statement - Else: null

2018-06-04 18:53:52 - [TEST_STEP][PASSED] - Statement - out.println("Batchqty Is Less Than Rqty"): null

2018-06-04 18:53:52 - [TEST_STEP][PASSED] - Statement - product = new com.kms.katalon.core.testobject.TestObject(): null

2018-06-04 18:53:52 - [TEST_STEP][PASSED] - Statement - product = com.kms.katalon.core.webui.keyword.WebUiBuiltInKeywords.modifyObjectProperty(product, "xpath", "equals", "//*[@id = "fldvendor" + row + ""]", true): Modify property of object successfully

2018-06-04 18:53:52 - [MESSAGE][PASSED] - Modify property of object successfully

2018-06-04 18:53:52 - [TEST_STEP][PASSED] - selectOptionByIndex: All options with index in [5] are selected on object ''

2018-06-04 18:53:52 - [MESSAGE][PASSED] - All options with index in [5] are selected on object ''

2018-06-04 18:53:52 - [TEST_STEP][PASSED] - delay: Delayed 2 second(s)

2018-06-04 18:53:54 - [MESSAGE][PASSED] - Delayed 2 second(s)

2018-06-04 18:53:54 - [TEST_STEP][PASSED] - Statement - batch = new com.kms.katalon.core.testobject.TestObject(): null

2018-06-04 18:53:54 - [TEST_STEP][PASSED] - Statement - batch = com.kms.katalon.core.webui.keyword.WebUiBuiltInKeywords.modifyObjectProperty(batch, "xpath", "equals", "//*[@id = "txtbthqty" + row + ""]", true): Modify property of object successfully

2018-06-04 18:53:54 - [MESSAGE][PASSED] - Modify property of object successfully

2018-06-04 18:53:54 - [TEST_STEP][PASSED] - Statement - batchqty = com.kms.katalon.core.webui.keyword.WebUiBuiltInKeywords.getAttribute(batch, "value").trim(): Attribute 'value' of object '' is: '5000'

2018-06-04 18:53:54 - [MESSAGE][PASSED] - Attribute 'value' of object '' is: '5000'

2018-06-04 18:53:54 - [TEST_STEP][PASSED] - Statement - Rqty = 10000: null

2018-06-04 18:53:54 - [TEST_STEP][PASSED] - Statement - out.println("BatchQty : " + batchqty): null

2018-06-04 18:53:54 - [TEST_STEP][PASSED] - Statement - out.println("RQty : " + Rqty): null

2018-06-04 18:53:54 - [TEST_STEP][PASSED] - Statement - If (java.lang.Integer.valueOf(batchqty) >= java.lang.Integer.valueOf(Rqty)): null

2018-06-04 18:53:54 - [TEST_STEP][PASSED] - Statement - Else: null

2018-06-04 18:53:54 - [TEST_STEP][PASSED] - Statement - out.println("Batchqty Is Less Than Rqty"): null

2018-06-04 18:53:54 - [TEST_STEP][PASSED] - Statement - product = new com.kms.katalon.core.testobject.TestObject(): null

2018-06-04 18:53:54 - [TEST_STEP][PASSED] - Statement - product = com.kms.katalon.core.webui.keyword.WebUiBuiltInKeywords.modifyObjectProperty(product, "xpath", "equals", "//*[@id = "fldvendor" + row + ""]", true): Modify property of object successfully

2018-06-04 18:53:54 - [MESSAGE][PASSED] - Modify property of object successfully

2018-06-04 18:53:54 - [TEST_STEP][PASSED] - selectOptionByIndex: All options with index in [6] are selected on object ''

2018-06-04 18:53:54 - [MESSAGE][PASSED] - All options with index in [6] are selected on object ''

2018-06-04 18:53:54 - [TEST_STEP][PASSED] - delay: Delayed 2 second(s)

2018-06-04 18:53:56 - [MESSAGE][PASSED] - Delayed 2 second(s)

2018-06-04 18:53:56 - [TEST_STEP][PASSED] - Statement - batch = new com.kms.katalon.core.testobject.TestObject(): null

2018-06-04 18:53:56 - [TEST_STEP][PASSED] - Statement - batch = com.kms.katalon.core.webui.keyword.WebUiBuiltInKeywords.modifyObjectProperty(batch, "xpath", "equals", "//*[@id = "txtbthqty" + row + ""]", true): Modify property of object successfully

2018-06-04 18:53:56 - [MESSAGE][PASSED] - Modify property of object successfully

2018-06-04 18:53:57 - [TEST_STEP][PASSED] - Statement - batchqty = com.kms.katalon.core.webui.keyword.WebUiBuiltInKeywords.getAttribute(batch, "value").trim(): Attribute 'value' of object '' is: '39300'

2018-06-04 18:53:57 - [MESSAGE][PASSED] - Attribute 'value' of object '' is: '39300'

2018-06-04 18:53:57 - [TEST_STEP][PASSED] - Statement - Rqty = 10000: null

2018-06-04 18:53:57 - [TEST_STEP][PASSED] - Statement - out.println("BatchQty : " + batchqty): null

2018-06-04 18:53:57 - [TEST_STEP][PASSED] - Statement - out.println("RQty : " + Rqty): null

2018-06-04 18:53:57 - [TEST_STEP][PASSED] - Statement - If (java.lang.Integer.valueOf(batchqty) >= java.lang.Integer.valueOf(Rqty)): null

2018-06-04 18:53:57 - [TEST_STEP][PASSED] - Statement - Break: null

2018-06-04 18:53:57 - [TEST_STEP][PASSED] - Statement - batchlength = new com.kms.katalon.core.testobject.TestObject(): null

2018-06-04 18:53:57 - [TEST_STEP][PASSED] - Statement - batchlength = com.kms.katalon.core.webui.keyword.WebUiBuiltInKeywords.modifyObjectProperty(batchlength, "xpath", "equals", "//*[@id = "fldvendor" + row + ""]", true): Modify property of object successfully

2018-06-04 18:53:57 - [MESSAGE][PASSED] - Modify property of object successfully

2018-06-04 18:53:57 - [TEST_STEP][PASSED] - Statement - batchsize = com.kms.katalon.core.webui.keyword.WebUiBuiltInKeywords.getNumberOfTotalOption(batchlength): 10 options of object '' counted

2018-06-04 18:53:57 - [MESSAGE][PASSED] - 10 options of object '' counted

2018-06-04 18:53:57 - [TEST_STEP][PASSED] - Statement - out.println("BatchSize : " + batchsize): null

2018-06-04 18:53:57 - [TEST_STEP][PASSED] - Statement - For ([n = 1, n <= batchsize - 1, (n++)]): null

2018-06-04 18:53:57 - [TEST_STEP][PASSED] - Statement - product = new com.kms.katalon.core.testobject.TestObject(): null

2018-06-04 18:53:57 - [TEST_STEP][PASSED] - Statement - product = com.kms.katalon.core.webui.keyword.WebUiBuiltInKeywords.modifyObjectProperty(product, "xpath", "equals", "//*[@id = "fldvendor" + row + ""]", true): Modify property of object successfully

2018-06-04 18:53:57 - [MESSAGE][PASSED] - Modify property of object successfully

2018-06-04 18:53:57 - [TEST_STEP][PASSED] - selectOptionByIndex: All options with index in [1] are selected on object ''

2018-06-04 18:53:57 - [MESSAGE][PASSED] - All options with index in [1] are selected on object ''

2018-06-04 18:53:57 - [TEST_STEP][PASSED] - delay: Delayed 2 second(s)

2018-06-04 18:53:59 - [MESSAGE][PASSED] - Delayed 2 second(s)

2018-06-04 18:53:59 - [TEST_STEP][PASSED] - Statement - batch = new com.kms.katalon.core.testobject.TestObject(): null

2018-06-04 18:53:59 - [TEST_STEP][PASSED] - Statement - batch = com.kms.katalon.core.webui.keyword.WebUiBuiltInKeywords.modifyObjectProperty(batch, "xpath", "equals", "//*[@id = "txtbthqty" + row + ""]", true): Modify property of object successfully

2018-06-04 18:53:59 - [MESSAGE][PASSED] - Modify property of object successfully

2018-06-04 18:53:59 - [TEST_STEP][PASSED] - Statement - batchqty = com.kms.katalon.core.webui.keyword.WebUiBuiltInKeywords.getAttribute(batch, "value").trim(): Attribute 'value' of object '' is: '3100'

2018-06-04 18:53:59 - [MESSAGE][PASSED] - Attribute 'value' of object '' is: '3100'

2018-06-04 18:53:59 - [TEST_STEP][PASSED] - Statement - Rqty = 10000: null

2018-06-04 18:53:59 - [TEST_STEP][PASSED] - Statement - out.println("BatchQty : " + batchqty): null

2018-06-04 18:53:59 - [TEST_STEP][PASSED] - Statement - out.println("RQty : " + Rqty): null

2018-06-04 18:53:59 - [TEST_STEP][PASSED] - Statement - If (java.lang.Integer.valueOf(batchqty) >= java.lang.Integer.valueOf(Rqty)): null

2018-06-04 18:53:59 - [TEST_STEP][PASSED] - Statement - Else: null

2018-06-04 18:53:59 - [TEST_STEP][PASSED] - Statement - out.println("Batchqty Is Less Than Rqty"): null

2018-06-04 18:53:59 - [TEST_STEP][PASSED] - Statement - product = new com.kms.katalon.core.testobject.TestObject(): null

2018-06-04 18:53:59 - [TEST_STEP][PASSED] - Statement - product = com.kms.katalon.core.webui.keyword.WebUiBuiltInKeywords.modifyObjectProperty(product, "xpath", "equals", "//*[@id = "fldvendor" + row + ""]", true): Modify property of object successfully

2018-06-04 18:53:59 - [MESSAGE][PASSED] - Modify property of object successfully

2018-06-04 18:53:59 - [TEST_STEP][PASSED] - selectOptionByIndex: All options with index in [2] are selected on object ''

2018-06-04 18:53:59 - [MESSAGE][PASSED] - All options with index in [2] are selected on object ''

2018-06-04 18:53:59 - [TEST_STEP][PASSED] - delay: Delayed 2 second(s)

2018-06-04 18:54:01 - [MESSAGE][PASSED] - Delayed 2 second(s)

2018-06-04 18:54:01 - [TEST_STEP][PASSED] - Statement - batch = new com.kms.katalon.core.testobject.TestObject(): null

2018-06-04 18:54:01 - [TEST_STEP][PASSED] - Statement - batch = com.kms.katalon.core.webui.keyword.WebUiBuiltInKeywords.modifyObjectProperty(batch, "xpath", "equals", "//*[@id = "txtbthqty" + row + ""]", true): Modify property of object successfully

2018-06-04 18:54:01 - [MESSAGE][PASSED] - Modify property of object successfully

2018-06-04 18:54:01 - [TEST_STEP][PASSED] - Statement - batchqty = com.kms.katalon.core.webui.keyword.WebUiBuiltInKeywords.getAttribute(batch, "value").trim(): Attribute 'value' of object '' is: '500'

2018-06-04 18:54:01 - [MESSAGE][PASSED] - Attribute 'value' of object '' is: '500'

2018-06-04 18:54:01 - [TEST_STEP][PASSED] - Statement - Rqty = 10000: null

2018-06-04 18:54:01 - [TEST_STEP][PASSED] - Statement - out.println("BatchQty : " + batchqty): null

2018-06-04 18:54:01 - [TEST_STEP][PASSED] - Statement - out.println("RQty : " + Rqty): null

2018-06-04 18:54:01 - [TEST_STEP][PASSED] - Statement - If (java.lang.Integer.valueOf(batchqty) >= java.lang.Integer.valueOf(Rqty)): null

2018-06-04 18:54:01 - [TEST_STEP][PASSED] - Statement - Else: null

2018-06-04 18:54:01 - [TEST_STEP][PASSED] - Statement - out.println("Batchqty Is Less Than Rqty"): null

2018-06-04 18:54:01 - [TEST_STEP][PASSED] - Statement - product = new com.kms.katalon.core.testobject.TestObject(): null

2018-06-04 18:54:01 - [TEST_STEP][PASSED] - Statement - product = com.kms.katalon.core.webui.keyword.WebUiBuiltInKeywords.modifyObjectProperty(product, "xpath", "equals", "//*[@id = "fldvendor" + row + ""]", true): Modify property of object successfully

2018-06-04 18:54:01 - [MESSAGE][PASSED] - Modify property of object successfully

2018-06-04 18:54:01 - [TEST_STEP][PASSED] - selectOptionByIndex: All options with index in [3] are selected on object ''

2018-06-04 18:54:01 - [MESSAGE][PASSED] - All options with index in [3] are selected on object ''

2018-06-04 18:54:01 - [TEST_STEP][PASSED] - delay: Delayed 2 second(s)

2018-06-04 18:54:03 - [MESSAGE][PASSED] - Delayed 2 second(s)

2018-06-04 18:54:03 - [TEST_STEP][PASSED] - Statement - batch = new com.kms.katalon.core.testobject.TestObject(): null

2018-06-04 18:54:03 - [TEST_STEP][PASSED] - Statement - batch = com.kms.katalon.core.webui.keyword.WebUiBuiltInKeywords.modifyObjectProperty(batch, "xpath", "equals", "//*[@id = "txtbthqty" + row + ""]", true): Modify property of object successfully

2018-06-04 18:54:03 - [MESSAGE][PASSED] - Modify property of object successfully

2018-06-04 18:54:03 - [TEST_STEP][PASSED] - Statement - batchqty = com.kms.katalon.core.webui.keyword.WebUiBuiltInKeywords.getAttribute(batch, "value").trim(): Attribute 'value' of object '' is: '5000'

2018-06-04 18:54:03 - [MESSAGE][PASSED] - Attribute 'value' of object '' is: '5000'

2018-06-04 18:54:03 - [TEST_STEP][PASSED] - Statement - Rqty = 10000: null

2018-06-04 18:54:03 - [TEST_STEP][PASSED] - Statement - out.println("BatchQty : " + batchqty): null

2018-06-04 18:54:03 - [TEST_STEP][PASSED] - Statement - out.println("RQty : " + Rqty): null

2018-06-04 18:54:03 - [TEST_STEP][PASSED] - Statement - If (java.lang.Integer.valueOf(batchqty) >= java.lang.Integer.valueOf(Rqty)): null

2018-06-04 18:54:03 - [TEST_STEP][PASSED] - Statement - Else: null

2018-06-04 18:54:03 - [TEST_STEP][PASSED] - Statement - out.println("Batchqty Is Less Than Rqty"): null

2018-06-04 18:54:03 - [TEST_STEP][PASSED] - Statement - product = new com.kms.katalon.core.testobject.TestObject(): null

2018-06-04 18:54:03 - [TEST_STEP][PASSED] - Statement - product = com.kms.katalon.core.webui.keyword.WebUiBuiltInKeywords.modifyObjectProperty(product, "xpath", "equals", "//*[@id = "fldvendor" + row + ""]", true): Modify property of object successfully

2018-06-04 18:54:03 - [MESSAGE][PASSED] - Modify property of object successfully

2018-06-04 18:54:03 - [TEST_STEP][PASSED] - selectOptionByIndex: All options with index in [4] are selected on object ''

2018-06-04 18:54:03 - [MESSAGE][PASSED] - All options with index in [4] are selected on object ''

2018-06-04 18:54:03 - [TEST_STEP][PASSED] - delay: Delayed 2 second(s)

2018-06-04 18:54:05 - [MESSAGE][PASSED] - Delayed 2 second(s)

2018-06-04 18:54:05 - [TEST_STEP][PASSED] - Statement - batch = new com.kms.katalon.core.testobject.TestObject(): null

2018-06-04 18:54:05 - [TEST_STEP][PASSED] - Statement - batch = com.kms.katalon.core.webui.keyword.WebUiBuiltInKeywords.modifyObjectProperty(batch, "xpath", "equals", "//*[@id = "txtbthqty" + row + ""]", true): Modify property of object successfully

2018-06-04 18:54:05 - [MESSAGE][PASSED] - Modify property of object successfully

2018-06-04 18:54:05 - [TEST_STEP][PASSED] - Statement - batchqty = com.kms.katalon.core.webui.keyword.WebUiBuiltInKeywords.getAttribute(batch, "value").trim(): Attribute 'value' of object '' is: '5000'

2018-06-04 18:54:05 - [MESSAGE][PASSED] - Attribute 'value' of object '' is: '5000'

2018-06-04 18:54:05 - [TEST_STEP][PASSED] - Statement - Rqty = 10000: null

2018-06-04 18:54:05 - [TEST_STEP][PASSED] - Statement - out.println("BatchQty : " + batchqty): null

2018-06-04 18:54:05 - [TEST_STEP][PASSED] - Statement - out.println("RQty : " + Rqty): null

2018-06-04 18:54:05 - [TEST_STEP][PASSED] - Statement - If (java.lang.Integer.valueOf(batchqty) >= java.lang.Integer.valueOf(Rqty)): null

2018-06-04 18:54:05 - [TEST_STEP][PASSED] - Statement - Else: null

2018-06-04 18:54:05 - [TEST_STEP][PASSED] - Statement - out.println("Batchqty Is Less Than Rqty"): null

2018-06-04 18:54:05 - [TEST_STEP][PASSED] - Statement - product = new com.kms.katalon.core.testobject.TestObject(): null

2018-06-04 18:54:05 - [TEST_STEP][PASSED] - Statement - product = com.kms.katalon.core.webui.keyword.WebUiBuiltInKeywords.modifyObjectProperty(product, "xpath", "equals", "//*[@id = "fldvendor" + row + ""]", true): Modify property of object successfully

2018-06-04 18:54:05 - [MESSAGE][PASSED] - Modify property of object successfully

2018-06-04 18:54:05 - [TEST_STEP][PASSED] - selectOptionByIndex: All options with index in [5] are selected on object ''

2018-06-04 18:54:06 - [MESSAGE][PASSED] - All options with index in [5] are selected on object ''

2018-06-04 18:54:06 - [TEST_STEP][PASSED] - delay: Delayed 2 second(s)

2018-06-04 18:54:08 - [MESSAGE][PASSED] - Delayed 2 second(s)

2018-06-04 18:54:08 - [TEST_STEP][PASSED] - Statement - batch = new com.kms.katalon.core.testobject.TestObject(): null

2018-06-04 18:54:08 - [TEST_STEP][PASSED] - Statement - batch = com.kms.katalon.core.webui.keyword.WebUiBuiltInKeywords.modifyObjectProperty(batch, "xpath", "equals", "//*[@id = "txtbthqty" + row + ""]", true): Modify property of object successfully

2018-06-04 18:54:08 - [MESSAGE][PASSED] - Modify property of object successfully

2018-06-04 18:54:08 - [TEST_STEP][PASSED] - Statement - batchqty = com.kms.katalon.core.webui.keyword.WebUiBuiltInKeywords.getAttribute(batch, "value").trim(): Attribute 'value' of object '' is: '5000'

2018-06-04 18:54:08 - [MESSAGE][PASSED] - Attribute 'value' of object '' is: '5000'

2018-06-04 18:54:08 - [TEST_STEP][PASSED] - Statement - Rqty = 10000: null

2018-06-04 18:54:08 - [TEST_STEP][PASSED] - Statement - out.println("BatchQty : " + batchqty): null

2018-06-04 18:54:08 - [TEST_STEP][PASSED] - Statement - out.println("RQty : " + Rqty): null

2018-06-04 18:54:08 - [TEST_STEP][PASSED] - Statement - If (java.lang.Integer.valueOf(batchqty) >= java.lang.Integer.valueOf(Rqty)): null

2018-06-04 18:54:08 - [TEST_STEP][PASSED] - Statement - Else: null

2018-06-04 18:54:08 - [TEST_STEP][PASSED] - Statement - out.println("Batchqty Is Less Than Rqty"): null

2018-06-04 18:54:08 - [TEST_STEP][PASSED] - Statement - product = new com.kms.katalon.core.testobject.TestObject(): null

2018-06-04 18:54:08 - [TEST_STEP][PASSED] - Statement - product = com.kms.katalon.core.webui.keyword.WebUiBuiltInKeywords.modifyObjectProperty(product, "xpath", "equals", "//*[@id = "fldvendor" + row + ""]", true): Modify property of object successfully

2018-06-04 18:54:08 - [MESSAGE][PASSED] - Modify property of object successfully

2018-06-04 18:54:08 - [TEST_STEP][PASSED] - selectOptionByIndex: All options with index in [6] are selected on object ''

2018-06-04 18:54:08 - [MESSAGE][PASSED] - All options with index in [6] are selected on object ''

2018-06-04 18:54:08 - [TEST_STEP][PASSED] - delay: Delayed 2 second(s)

2018-06-04 18:54:10 - [MESSAGE][PASSED] - Delayed 2 second(s)

2018-06-04 18:54:10 - [TEST_STEP][PASSED] - Statement - batch = new com.kms.katalon.core.testobject.TestObject(): null

2018-06-04 18:54:10 - [TEST_STEP][PASSED] - Statement - batch = com.kms.katalon.core.webui.keyword.WebUiBuiltInKeywords.modifyObjectProperty(batch, "xpath", "equals", "//*[@id = "txtbthqty" + row + ""]", true): Modify property of object successfully

2018-06-04 18:54:10 - [MESSAGE][PASSED] - Modify property of object successfully

2018-06-04 18:54:10 - [TEST_STEP][PASSED] - Statement - batchqty = com.kms.katalon.core.webui.keyword.WebUiBuiltInKeywords.getAttribute(batch, "value").trim(): Attribute 'value' of object '' is: '5000'

2018-06-04 18:54:10 - [MESSAGE][PASSED] - Attribute 'value' of object '' is: '5000'

2018-06-04 18:54:10 - [TEST_STEP][PASSED] - Statement - Rqty = 10000: null

2018-06-04 18:54:10 - [TEST_STEP][PASSED] - Statement - out.println("BatchQty : " + batchqty): null

2018-06-04 18:54:10 - [TEST_STEP][PASSED] - Statement - out.println("RQty : " + Rqty): null

2018-06-04 18:54:10 - [TEST_STEP][PASSED] - Statement - If (java.lang.Integer.valueOf(batchqty) >= java.lang.Integer.valueOf(Rqty)): null

2018-06-04 18:54:10 - [TEST_STEP][PASSED] - Statement - Else: null

2018-06-04 18:54:10 - [TEST_STEP][PASSED] - Statement - out.println("Batchqty Is Less Than Rqty"): null

2018-06-04 18:54:10 - [TEST_STEP][PASSED] - Statement - product = new com.kms.katalon.core.testobject.TestObject(): null

2018-06-04 18:54:10 - [TEST_STEP][PASSED] - Statement - product = com.kms.katalon.core.webui.keyword.WebUiBuiltInKeywords.modifyObjectProperty(product, "xpath", "equals", "//*[@id = "fldvendor" + row + ""]", true): Modify property of object successfully

2018-06-04 18:54:10 - [MESSAGE][PASSED] - Modify property of object successfully

2018-06-04 18:54:10 - [TEST_STEP][PASSED] - selectOptionByIndex: All options with index in [7] are selected on object ''

2018-06-04 18:54:10 - [MESSAGE][PASSED] - All options with index in [7] are selected on object ''

2018-06-04 18:54:10 - [TEST_STEP][PASSED] - delay: Delayed 2 second(s)

2018-06-04 18:54:12 - [MESSAGE][PASSED] - Delayed 2 second(s)

2018-06-04 18:54:12 - [TEST_STEP][PASSED] - Statement - batch = new com.kms.katalon.core.testobject.TestObject(): null

2018-06-04 18:54:12 - [TEST_STEP][PASSED] - Statement - batch = com.kms.katalon.core.webui.keyword.WebUiBuiltInKeywords.modifyObjectProperty(batch, "xpath", "equals", "//*[@id = "txtbthqty" + row + ""]", true): Modify property of object successfully

2018-06-04 18:54:12 - [MESSAGE][PASSED] - Modify property of object successfully

2018-06-04 18:54:12 - [TEST_STEP][PASSED] - Statement - batchqty = com.kms.katalon.core.webui.keyword.WebUiBuiltInKeywords.getAttribute(batch, "value").trim(): Attribute 'value' of object '' is: '39300'

2018-06-04 18:54:12 - [MESSAGE][PASSED] - Attribute 'value' of object '' is: '39300'

2018-06-04 18:54:12 - [TEST_STEP][PASSED] - Statement - Rqty = 10000: null

2018-06-04 18:54:12 - [TEST_STEP][PASSED] - Statement - out.println("BatchQty : " + batchqty): null

2018-06-04 18:54:12 - [TEST_STEP][PASSED] - Statement - out.println("RQty : " + Rqty): null

2018-06-04 18:54:12 - [TEST_STEP][PASSED] - Statement - If (java.lang.Integer.valueOf(batchqty) >= java.lang.Integer.valueOf(Rqty)): null

2018-06-04 18:54:12 - [TEST_STEP][PASSED] - Statement - Break: null

2018-06-04 18:54:12 - [TEST_STEP][PASSED] - Statement - batchlength = new com.kms.katalon.core.testobject.TestObject(): null

2018-06-04 18:54:12 - [TEST_STEP][PASSED] - Statement - batchlength = com.kms.katalon.core.webui.keyword.WebUiBuiltInKeywords.modifyObjectProperty(batchlength, "xpath", "equals", "//*[@id = "fldvendor" + row + ""]", true): Modify property of object successfully

2018-06-04 18:54:12 - [MESSAGE][PASSED] - Modify property of object successfully

2018-06-04 18:54:12 - [TEST_STEP][PASSED] - Statement - batchsize = com.kms.katalon.core.webui.keyword.WebUiBuiltInKeywords.getNumberOfTotalOption(batchlength): 9 options of object '' counted

2018-06-04 18:54:12 - [MESSAGE][PASSED] - 9 options of object '' counted

2018-06-04 18:54:12 - [TEST_STEP][PASSED] - Statement - out.println("BatchSize : " + batchsize): null

2018-06-04 18:54:12 - [TEST_STEP][PASSED] - Statement - For ([n = 1, n <= batchsize - 1, (n++)]): null

2018-06-04 18:54:12 - [TEST_STEP][PASSED] - Statement - product = new com.kms.katalon.core.testobject.TestObject(): null

2018-06-04 18:54:12 - [TEST_STEP][PASSED] - Statement - product = com.kms.katalon.core.webui.keyword.WebUiBuiltInKeywords.modifyObjectProperty(product, "xpath", "equals", "//*[@id = "fldvendor" + row + ""]", true): Modify property of object successfully

2018-06-04 18:54:12 - [MESSAGE][PASSED] - Modify property of object successfully

2018-06-04 18:54:12 - [TEST_STEP][PASSED] - selectOptionByIndex: All options with index in [1] are selected on object ''

2018-06-04 18:54:12 - [MESSAGE][PASSED] - All options with index in [1] are selected on object ''

2018-06-04 18:54:12 - [TEST_STEP][PASSED] - delay: Delayed 2 second(s)

2018-06-04 18:54:14 - [MESSAGE][PASSED] - Delayed 2 second(s)

2018-06-04 18:54:14 - [TEST_STEP][PASSED] - Statement - batch = new com.kms.katalon.core.testobject.TestObject(): null

2018-06-04 18:54:14 - [TEST_STEP][PASSED] - Statement - batch = com.kms.katalon.core.webui.keyword.WebUiBuiltInKeywords.modifyObjectProperty(batch, "xpath", "equals", "//*[@id = "txtbthqty" + row + ""]", true): Modify property of object successfully

2018-06-04 18:54:14 - [MESSAGE][PASSED] - Modify property of object successfully

2018-06-04 18:54:14 - [TEST_STEP][PASSED] - Statement - batchqty = com.kms.katalon.core.webui.keyword.WebUiBuiltInKeywords.getAttribute(batch, "value").trim(): Attribute 'value' of object '' is: '3500'

2018-06-04 18:54:14 - [MESSAGE][PASSED] - Attribute 'value' of object '' is: '3500'

2018-06-04 18:54:14 - [TEST_STEP][PASSED] - Statement - Rqty = 10000: null

2018-06-04 18:54:14 - [TEST_STEP][PASSED] - Statement - out.println("BatchQty : " + batchqty): null

2018-06-04 18:54:14 - [TEST_STEP][PASSED] - Statement - out.println("RQty : " + Rqty): null

2018-06-04 18:54:14 - [TEST_STEP][PASSED] - Statement - If (java.lang.Integer.valueOf(batchqty) >= java.lang.Integer.valueOf(Rqty)): null

2018-06-04 18:54:14 - [TEST_STEP][PASSED] - Statement - Else: null

2018-06-04 18:54:14 - [TEST_STEP][PASSED] - Statement - out.println("Batchqty Is Less Than Rqty"): null

2018-06-04 18:54:14 - [TEST_STEP][PASSED] - Statement - product = new com.kms.katalon.core.testobject.TestObject(): null

2018-06-04 18:54:14 - [TEST_STEP][PASSED] - Statement - product = com.kms.katalon.core.webui.keyword.WebUiBuiltInKeywords.modifyObjectProperty(product, "xpath", "equals", "//*[@id = "fldvendor" + row + ""]", true): Modify property of object successfully

2018-06-04 18:54:14 - [MESSAGE][PASSED] - Modify property of object successfully

2018-06-04 18:54:14 - [TEST_STEP][PASSED] - selectOptionByIndex: All options with index in [2] are selected on object ''

2018-06-04 18:54:14 - [MESSAGE][PASSED] - All options with index in [2] are selected on object ''

2018-06-04 18:54:14 - [TEST_STEP][PASSED] - delay: Delayed 2 second(s)

2018-06-04 18:54:16 - [MESSAGE][PASSED] - Delayed 2 second(s)

2018-06-04 18:54:16 - [TEST_STEP][PASSED] - Statement - batch = new com.kms.katalon.core.testobject.TestObject(): null

2018-06-04 18:54:16 - [TEST_STEP][PASSED] - Statement - batch = com.kms.katalon.core.webui.keyword.WebUiBuiltInKeywords.modifyObjectProperty(batch, "xpath", "equals", "//*[@id = "txtbthqty" + row + ""]", true): Modify property of object successfully

2018-06-04 18:54:16 - [MESSAGE][PASSED] - Modify property of object successfully

2018-06-04 18:54:16 - [TEST_STEP][PASSED] - Statement - batchqty = com.kms.katalon.core.webui.keyword.WebUiBuiltInKeywords.getAttribute(batch, "value").trim(): Attribute 'value' of object '' is: '39300'

2018-06-04 18:54:16 - [MESSAGE][PASSED] - Attribute 'value' of object '' is: '39300'

2018-06-04 18:54:16 - [TEST_STEP][PASSED] - Statement - Rqty = 10000: null

2018-06-04 18:54:16 - [TEST_STEP][PASSED] - Statement - out.println("BatchQty : " + batchqty): null

2018-06-04 18:54:16 - [TEST_STEP][PASSED] - Statement - out.println("RQty : " + Rqty): null

2018-06-04 18:54:16 - [TEST_STEP][PASSED] - Statement - If (java.lang.Integer.valueOf(batchqty) >= java.lang.Integer.valueOf(Rqty)): null

2018-06-04 18:54:16 - [TEST_STEP][PASSED] - Statement - Break: null

2018-06-04 18:54:16 - [TEST_STEP][PASSED] - Statement - batchlength = new com.kms.katalon.core.testobject.TestObject(): null

2018-06-04 18:54:16 - [TEST_STEP][PASSED] - Statement - batchlength = com.kms.katalon.core.webui.keyword.WebUiBuiltInKeywords.modifyObjectProperty(batchlength, "xpath", "equals", "//*[@id = "fldvendor" + row + ""]", true): Modify property of object successfully

2018-06-04 18:54:16 - [MESSAGE][PASSED] - Modify property of object successfully

2018-06-04 18:54:16 - [TEST_STEP][PASSED] - Statement - batchsize = com.kms.katalon.core.webui.keyword.WebUiBuiltInKeywords.getNumberOfTotalOption(batchlength): 10 options of object '' counted

2018-06-04 18:54:17 - [MESSAGE][PASSED] - 10 options of object '' counted

2018-06-04 18:54:17 - [TEST_STEP][PASSED] - Statement - out.println("BatchSize : " + batchsize): null

2018-06-04 18:54:17 - [TEST_STEP][PASSED] - Statement - For ([n = 1, n <= batchsize - 1, (n++)]): null

2018-06-04 18:54:17 - [TEST_STEP][PASSED] - Statement - product = new com.kms.katalon.core.testobject.TestObject(): null

2018-06-04 18:54:17 - [TEST_STEP][PASSED] - Statement - product = com.kms.katalon.core.webui.keyword.WebUiBuiltInKeywords.modifyObjectProperty(product, "xpath", "equals", "//*[@id = "fldvendor" + row + ""]", true): Modify property of object successfully

2018-06-04 18:54:17 - [MESSAGE][PASSED] - Modify property of object successfully

2018-06-04 18:54:17 - [TEST_STEP][PASSED] - selectOptionByIndex: All options with index in [1] are selected on object ''

2018-06-04 18:54:17 - [MESSAGE][PASSED] - All options with index in [1] are selected on object ''

2018-06-04 18:54:17 - [TEST_STEP][PASSED] - delay: Delayed 2 second(s)

2018-06-04 18:54:19 - [MESSAGE][PASSED] - Delayed 2 second(s)

2018-06-04 18:54:19 - [TEST_STEP][PASSED] - Statement - batch = new com.kms.katalon.core.testobject.TestObject(): null

2018-06-04 18:54:19 - [TEST_STEP][PASSED] - Statement - batch = com.kms.katalon.core.webui.keyword.WebUiBuiltInKeywords.modifyObjectProperty(batch, "xpath", "equals", "//*[@id = "txtbthqty" + row + ""]", true): Modify property of object successfully

2018-06-04 18:54:19 - [MESSAGE][PASSED] - Modify property of object successfully

2018-06-04 18:54:19 - [TEST_STEP][PASSED] - Statement - batchqty = com.kms.katalon.core.webui.keyword.WebUiBuiltInKeywords.getAttribute(batch, "value").trim(): Attribute 'value' of object '' is: '50'

2018-06-04 18:54:19 - [MESSAGE][PASSED] - Attribute 'value' of object '' is: '50'

2018-06-04 18:54:19 - [TEST_STEP][PASSED] - Statement - Rqty = 10000: null

2018-06-04 18:54:19 - [TEST_STEP][PASSED] - Statement - out.println("BatchQty : " + batchqty): null

2018-06-04 18:54:19 - [TEST_STEP][PASSED] - Statement - out.println("RQty : " + Rqty): null

2018-06-04 18:54:19 - [TEST_STEP][PASSED] - Statement - If (java.lang.Integer.valueOf(batchqty) >= java.lang.Integer.valueOf(Rqty)): null

2018-06-04 18:54:19 - [TEST_STEP][PASSED] - Statement - Else: null

2018-06-04 18:54:19 - [TEST_STEP][PASSED] - Statement - out.println("Batchqty Is Less Than Rqty"): null

2018-06-04 18:54:19 - [TEST_STEP][PASSED] - Statement - product = new com.kms.katalon.core.testobject.TestObject(): null

2018-06-04 18:54:19 - [TEST_STEP][PASSED] - Statement - product = com.kms.katalon.core.webui.keyword.WebUiBuiltInKeywords.modifyObjectProperty(product, "xpath", "equals", "//*[@id = "fldvendor" + row + ""]", true): Modify property of object successfully

2018-06-04 18:54:19 - [MESSAGE][PASSED] - Modify property of object successfully

2018-06-04 18:54:19 - [TEST_STEP][PASSED] - selectOptionByIndex: All options with index in [2] are selected on object ''

2018-06-04 18:54:19 - [MESSAGE][PASSED] - All options with index in [2] are selected on object ''

2018-06-04 18:54:19 - [TEST_STEP][PASSED] - delay: Delayed 2 second(s)

2018-06-04 18:54:21 - [MESSAGE][PASSED] - Delayed 2 second(s)

2018-06-04 18:54:21 - [TEST_STEP][PASSED] - Statement - batch = new com.kms.katalon.core.testobject.TestObject(): null

2018-06-04 18:54:21 - [TEST_STEP][PASSED] - Statement - batch = com.kms.katalon.core.webui.keyword.WebUiBuiltInKeywords.modifyObjectProperty(batch, "xpath", "equals", "//*[@id = "txtbthqty" + row + ""]", true): Modify property of object successfully

2018-06-04 18:54:21 - [MESSAGE][PASSED] - Modify property of object successfully

2018-06-04 18:54:21 - [TEST_STEP][PASSED] - Statement - batchqty = com.kms.katalon.core.webui.keyword.WebUiBuiltInKeywords.getAttribute(batch, "value").trim(): Attribute 'value' of object '' is: '3800'

2018-06-04 18:54:21 - [MESSAGE][PASSED] - Attribute 'value' of object '' is: '3800'

2018-06-04 18:54:21 - [TEST_STEP][PASSED] - Statement - Rqty = 10000: null

2018-06-04 18:54:21 - [TEST_STEP][PASSED] - Statement - out.println("BatchQty : " + batchqty): null

2018-06-04 18:54:21 - [TEST_STEP][PASSED] - Statement - out.println("RQty : " + Rqty): null

2018-06-04 18:54:21 - [TEST_STEP][PASSED] - Statement - If (java.lang.Integer.valueOf(batchqty) >= java.lang.Integer.valueOf(Rqty)): null

2018-06-04 18:54:21 - [TEST_STEP][PASSED] - Statement - Else: null

2018-06-04 18:54:21 - [TEST_STEP][PASSED] - Statement - out.println("Batchqty Is Less Than Rqty"): null

2018-06-04 18:54:21 - [TEST_STEP][PASSED] - Statement - product = new com.kms.katalon.core.testobject.TestObject(): null

2018-06-04 18:54:21 - [TEST_STEP][PASSED] - Statement - product = com.kms.katalon.core.webui.keyword.WebUiBuiltInKeywords.modifyObjectProperty(product, "xpath", "equals", "//*[@id = "fldvendor" + row + ""]", true): Modify property of object successfully

2018-06-04 18:54:21 - [MESSAGE][PASSED] - Modify property of object successfully

2018-06-04 18:54:21 - [TEST_STEP][PASSED] - selectOptionByIndex: All options with index in [3] are selected on object ''

2018-06-04 18:54:21 - [MESSAGE][PASSED] - All options with index in [3] are selected on object ''

2018-06-04 18:54:21 - [TEST_STEP][PASSED] - delay: Delayed 2 second(s)

2018-06-04 18:54:23 - [MESSAGE][PASSED] - Delayed 2 second(s)

2018-06-04 18:54:23 - [TEST_STEP][PASSED] - Statement - batch = new com.kms.katalon.core.testobject.TestObject(): null

2018-06-04 18:54:23 - [TEST_STEP][PASSED] - Statement - batch = com.kms.katalon.core.webui.keyword.WebUiBuiltInKeywords.modifyObjectProperty(batch, "xpath", "equals", "//*[@id = "txtbthqty" + row + ""]", true): Modify property of object successfully

2018-06-04 18:54:23 - [MESSAGE][PASSED] - Modify property of object successfully

2018-06-04 18:54:23 - [TEST_STEP][PASSED] - Statement - batchqty = com.kms.katalon.core.webui.keyword.WebUiBuiltInKeywords.getAttribute(batch, "value").trim(): Attribute 'value' of object '' is: '4400'

2018-06-04 18:54:23 - [MESSAGE][PASSED] - Attribute 'value' of object '' is: '4400'

2018-06-04 18:54:23 - [TEST_STEP][PASSED] - Statement - Rqty = 10000: null

2018-06-04 18:54:23 - [TEST_STEP][PASSED] - Statement - out.println("BatchQty : " + batchqty): null

2018-06-04 18:54:23 - [TEST_STEP][PASSED] - Statement - out.println("RQty : " + Rqty): null

2018-06-04 18:54:23 - [TEST_STEP][PASSED] - Statement - If (java.lang.Integer.valueOf(batchqty) >= java.lang.Integer.valueOf(Rqty)): null

2018-06-04 18:54:23 - [TEST_STEP][PASSED] - Statement - Else: null

2018-06-04 18:54:23 - [TEST_STEP][PASSED] - Statement - out.println("Batchqty Is Less Than Rqty"): null

2018-06-04 18:54:23 - [TEST_STEP][PASSED] - Statement - product = new com.kms.katalon.core.testobject.TestObject(): null

2018-06-04 18:54:23 - [TEST_STEP][PASSED] - Statement - product = com.kms.katalon.core.webui.keyword.WebUiBuiltInKeywords.modifyObjectProperty(product, "xpath", "equals", "//*[@id = "fldvendor" + row + ""]", true): Modify property of object successfully

2018-06-04 18:54:23 - [MESSAGE][PASSED] - Modify property of object successfully

2018-06-04 18:54:23 - [TEST_STEP][PASSED] - selectOptionByIndex: All options with index in [4] are selected on object ''

2018-06-04 18:54:23 - [MESSAGE][PASSED] - All options with index in [4] are selected on object ''

2018-06-04 18:54:23 - [TEST_STEP][PASSED] - delay: Delayed 2 second(s)

2018-06-04 18:54:25 - [MESSAGE][PASSED] - Delayed 2 second(s)

2018-06-04 18:54:25 - [TEST_STEP][PASSED] - Statement - batch = new com.kms.katalon.core.testobject.TestObject(): null

2018-06-04 18:54:25 - [TEST_STEP][PASSED] - Statement - batch = com.kms.katalon.core.webui.keyword.WebUiBuiltInKeywords.modifyObjectProperty(batch, "xpath", "equals", "//*[@id = "txtbthqty" + row + ""]", true): Modify property of object successfully

2018-06-04 18:54:25 - [MESSAGE][PASSED] - Modify property of object successfully

2018-06-04 18:54:25 - [TEST_STEP][PASSED] - Statement - batchqty = com.kms.katalon.core.webui.keyword.WebUiBuiltInKeywords.getAttribute(batch, "value").trim(): Attribute 'value' of object '' is: '5000'

2018-06-04 18:54:25 - [MESSAGE][PASSED] - Attribute 'value' of object '' is: '5000'

2018-06-04 18:54:25 - [TEST_STEP][PASSED] - Statement - Rqty = 10000: null

2018-06-04 18:54:25 - [TEST_STEP][PASSED] - Statement - out.println("BatchQty : " + batchqty): null

2018-06-04 18:54:25 - [TEST_STEP][PASSED] - Statement - out.println("RQty : " + Rqty): null

2018-06-04 18:54:25 - [TEST_STEP][PASSED] - Statement - If (java.lang.Integer.valueOf(batchqty) >= java.lang.Integer.valueOf(Rqty)): null

2018-06-04 18:54:25 - [TEST_STEP][PASSED] - Statement - Else: null

2018-06-04 18:54:25 - [TEST_STEP][PASSED] - Statement - out.println("Batchqty Is Less Than Rqty"): null

2018-06-04 18:54:25 - [TEST_STEP][PASSED] - Statement - product = new com.kms.katalon.core.testobject.TestObject(): null

2018-06-04 18:54:25 - [TEST_STEP][PASSED] - Statement - product = com.kms.katalon.core.webui.keyword.WebUiBuiltInKeywords.modifyObjectProperty(product, "xpath", "equals", "//*[@id = "fldvendor" + row + ""]", true): Modify property of object successfully

2018-06-04 18:54:25 - [MESSAGE][PASSED] - Modify property of object successfully

2018-06-04 18:54:25 - [TEST_STEP][PASSED] - selectOptionByIndex: All options with index in [5] are selected on object ''

2018-06-04 18:54:25 - [MESSAGE][PASSED] - All options with index in [5] are selected on object ''

2018-06-04 18:54:25 - [TEST_STEP][PASSED] - delay: Delayed 2 second(s)

2018-06-04 18:54:27 - [MESSAGE][PASSED] - Delayed 2 second(s)

2018-06-04 18:54:27 - [TEST_STEP][PASSED] - Statement - batch = new com.kms.katalon.core.testobject.TestObject(): null

2018-06-04 18:54:27 - [TEST_STEP][PASSED] - Statement - batch = com.kms.katalon.core.webui.keyword.WebUiBuiltInKeywords.modifyObjectProperty(batch, "xpath", "equals", "//*[@id = "txtbthqty" + row + ""]", true): Modify property of object successfully

2018-06-04 18:54:27 - [MESSAGE][PASSED] - Modify property of object successfully

2018-06-04 18:54:27 - [TEST_STEP][PASSED] - Statement - batchqty = com.kms.katalon.core.webui.keyword.WebUiBuiltInKeywords.getAttribute(batch, "value").trim(): Attribute 'value' of object '' is: '5000'

2018-06-04 18:54:27 - [MESSAGE][PASSED] - Attribute 'value' of object '' is: '5000'

2018-06-04 18:54:27 - [TEST_STEP][PASSED] - Statement - Rqty = 10000: null

2018-06-04 18:54:27 - [TEST_STEP][PASSED] - Statement - out.println("BatchQty : " + batchqty): null

2018-06-04 18:54:27 - [TEST_STEP][PASSED] - Statement - out.println("RQty : " + Rqty): null

2018-06-04 18:54:27 - [TEST_STEP][PASSED] - Statement - If (java.lang.Integer.valueOf(batchqty) >= java.lang.Integer.valueOf(Rqty)): null

2018-06-04 18:54:27 - [TEST_STEP][PASSED] - Statement - Else: null

2018-06-04 18:54:27 - [TEST_STEP][PASSED] - Statement - out.println("Batchqty Is Less Than Rqty"): null

2018-06-04 18:54:28 - [TEST_STEP][PASSED] - Statement - product = new com.kms.katalon.core.testobject.TestObject(): null

2018-06-04 18:54:28 - [TEST_STEP][PASSED] - Statement - product = com.kms.katalon.core.webui.keyword.WebUiBuiltInKeywords.modifyObjectProperty(product, "xpath", "equals", "//*[@id = "fldvendor" + row + ""]", true): Modify property of object successfully

2018-06-04 18:54:28 - [MESSAGE][PASSED] - Modify property of object successfully

2018-06-04 18:54:28 - [TEST_STEP][PASSED] - selectOptionByIndex: All options with index in [6] are selected on object ''

2018-06-04 18:54:28 - [MESSAGE][PASSED] - All options with index in [6] are selected on object ''

2018-06-04 18:54:28 - [TEST_STEP][PASSED] - delay: Delayed 2 second(s)

2018-06-04 18:54:30 - [MESSAGE][PASSED] - Delayed 2 second(s)

2018-06-04 18:54:30 - [TEST_STEP][PASSED] - Statement - batch = new com.kms.katalon.core.testobject.TestObject(): null

2018-06-04 18:54:30 - [TEST_STEP][PASSED] - Statement - batch = com.kms.katalon.core.webui.keyword.WebUiBuiltInKeywords.modifyObjectProperty(batch, "xpath", "equals", "//*[@id = "txtbthqty" + row + ""]", true): Modify property of object successfully

2018-06-04 18:54:30 - [MESSAGE][PASSED] - Modify property of object successfully

2018-06-04 18:54:30 - [TEST_STEP][PASSED] - Statement - batchqty = com.kms.katalon.core.webui.keyword.WebUiBuiltInKeywords.getAttribute(batch, "value").trim(): Attribute 'value' of object '' is: '39300'

2018-06-04 18:54:30 - [MESSAGE][PASSED] - Attribute 'value' of object '' is: '39300'

2018-06-04 18:54:30 - [TEST_STEP][PASSED] - Statement - Rqty = 10000: null

2018-06-04 18:54:30 - [TEST_STEP][PASSED] - Statement - out.println("BatchQty : " + batchqty): null

2018-06-04 18:54:30 - [TEST_STEP][PASSED] - Statement - out.println("RQty : " + Rqty): null

2018-06-04 18:54:30 - [TEST_STEP][PASSED] - Statement - If (java.lang.Integer.valueOf(batchqty) >= java.lang.Integer.valueOf(Rqty)): null

2018-06-04 18:54:30 - [TEST_STEP][PASSED] - Statement - Break: null

2018-06-04 18:54:30 - [TEST_STEP][PASSED] - Statement - batchlength = new com.kms.katalon.core.testobject.TestObject(): null

2018-06-04 18:54:30 - [TEST_STEP][PASSED] - Statement - batchlength = com.kms.katalon.core.webui.keyword.WebUiBuiltInKeywords.modifyObjectProperty(batchlength, "xpath", "equals", "//*[@id = "fldvendor" + row + ""]", true): Modify property of object successfully

2018-06-04 18:54:30 - [MESSAGE][PASSED] - Modify property of object successfully

2018-06-04 18:54:30 - [TEST_STEP][PASSED] - Statement - batchsize = com.kms.katalon.core.webui.keyword.WebUiBuiltInKeywords.getNumberOfTotalOption(batchlength): 9 options of object '' counted

2018-06-04 18:54:30 - [MESSAGE][PASSED] - 9 options of object '' counted

2018-06-04 18:54:30 - [TEST_STEP][PASSED] - Statement - out.println("BatchSize : " + batchsize): null

2018-06-04 18:54:30 - [TEST_STEP][PASSED] - Statement - For ([n = 1, n <= batchsize - 1, (n++)]): null

2018-06-04 18:54:30 - [TEST_STEP][PASSED] - Statement - product = new com.kms.katalon.core.testobject.TestObject(): null

2018-06-04 18:54:30 - [TEST_STEP][PASSED] - Statement - product = com.kms.katalon.core.webui.keyword.WebUiBuiltInKeywords.modifyObjectProperty(product, "xpath", "equals", "//*[@id = "fldvendor" + row + ""]", true): Modify property of object successfully

2018-06-04 18:54:30 - [MESSAGE][PASSED] - Modify property of object successfully

2018-06-04 18:54:30 - [TEST_STEP][PASSED] - selectOptionByIndex: All options with index in [1] are selected on object ''

2018-06-04 18:54:30 - [MESSAGE][PASSED] - All options with index in [1] are selected on object ''

2018-06-04 18:54:30 - [TEST_STEP][PASSED] - delay: Delayed 2 second(s)

2018-06-04 18:54:32 - [MESSAGE][PASSED] - Delayed 2 second(s)

2018-06-04 18:54:32 - [TEST_STEP][PASSED] - Statement - batch = new com.kms.katalon.core.testobject.TestObject(): null

2018-06-04 18:54:32 - [TEST_STEP][PASSED] - Statement - batch = com.kms.katalon.core.webui.keyword.WebUiBuiltInKeywords.modifyObjectProperty(batch, "xpath", "equals", "//*[@id = "txtbthqty" + row + ""]", true): Modify property of object successfully

2018-06-04 18:54:32 - [MESSAGE][PASSED] - Modify property of object successfully

2018-06-04 18:54:32 - [TEST_STEP][PASSED] - Statement - batchqty = com.kms.katalon.core.webui.keyword.WebUiBuiltInKeywords.getAttribute(batch, "value").trim(): Attribute 'value' of object '' is: '3500'

2018-06-04 18:54:32 - [MESSAGE][PASSED] - Attribute 'value' of object '' is: '3500'

2018-06-04 18:54:32 - [TEST_STEP][PASSED] - Statement - Rqty = 10000: null

2018-06-04 18:54:32 - [TEST_STEP][PASSED] - Statement - out.println("BatchQty : " + batchqty): null

2018-06-04 18:54:32 - [TEST_STEP][PASSED] - Statement - out.println("RQty : " + Rqty): null

2018-06-04 18:54:32 - [TEST_STEP][PASSED] - Statement - If (java.lang.Integer.valueOf(batchqty) >= java.lang.Integer.valueOf(Rqty)): null

2018-06-04 18:54:32 - [TEST_STEP][PASSED] - Statement - Else: null

2018-06-04 18:54:32 - [TEST_STEP][PASSED] - Statement - out.println("Batchqty Is Less Than Rqty"): null

2018-06-04 18:54:32 - [TEST_STEP][PASSED] - Statement - product = new com.kms.katalon.core.testobject.TestObject(): null

2018-06-04 18:54:32 - [TEST_STEP][PASSED] - Statement - product = com.kms.katalon.core.webui.keyword.WebUiBuiltInKeywords.modifyObjectProperty(product, "xpath", "equals", "//*[@id = "fldvendor" + row + ""]", true): Modify property of object successfully

2018-06-04 18:54:32 - [MESSAGE][PASSED] - Modify property of object successfully

2018-06-04 18:54:32 - [TEST_STEP][PASSED] - selectOptionByIndex: All options with index in [2] are selected on object ''

2018-06-04 18:54:32 - [MESSAGE][PASSED] - All options with index in [2] are selected on object ''

2018-06-04 18:54:32 - [TEST_STEP][PASSED] - delay: Delayed 2 second(s)

2018-06-04 18:54:34 - [MESSAGE][PASSED] - Delayed 2 second(s)

2018-06-04 18:54:34 - [TEST_STEP][PASSED] - Statement - batch = new com.kms.katalon.core.testobject.TestObject(): null

2018-06-04 18:54:34 - [TEST_STEP][PASSED] - Statement - batch = com.kms.katalon.core.webui.keyword.WebUiBuiltInKeywords.modifyObjectProperty(batch, "xpath", "equals", "//*[@id = "txtbthqty" + row + ""]", true): Modify property of object successfully

2018-06-04 18:54:34 - [MESSAGE][PASSED] - Modify property of object successfully

2018-06-04 18:54:34 - [TEST_STEP][PASSED] - Statement - batchqty = com.kms.katalon.core.webui.keyword.WebUiBuiltInKeywords.getAttribute(batch, "value").trim(): Attribute 'value' of object '' is: '5000'

2018-06-04 18:54:34 - [MESSAGE][PASSED] - Attribute 'value' of object '' is: '5000'

2018-06-04 18:54:34 - [TEST_STEP][PASSED] - Statement - Rqty = 10000: null

2018-06-04 18:54:34 - [TEST_STEP][PASSED] - Statement - out.println("BatchQty : " + batchqty): null

2018-06-04 18:54:34 - [TEST_STEP][PASSED] - Statement - out.println("RQty : " + Rqty): null

2018-06-04 18:54:34 - [TEST_STEP][PASSED] - Statement - If (java.lang.Integer.valueOf(batchqty) >= java.lang.Integer.valueOf(Rqty)): null

2018-06-04 18:54:34 - [TEST_STEP][PASSED] - Statement - Else: null

2018-06-04 18:54:34 - [TEST_STEP][PASSED] - Statement - out.println("Batchqty Is Less Than Rqty"): null

2018-06-04 18:54:34 - [TEST_STEP][PASSED] - Statement - product = new com.kms.katalon.core.testobject.TestObject(): null

2018-06-04 18:54:34 - [TEST_STEP][PASSED] - Statement - product = com.kms.katalon.core.webui.keyword.WebUiBuiltInKeywords.modifyObjectProperty(product, "xpath", "equals", "//*[@id = "fldvendor" + row + ""]", true): Modify property of object successfully

2018-06-04 18:54:34 - [MESSAGE][PASSED] - Modify property of object successfully

2018-06-04 18:54:34 - [TEST_STEP][PASSED] - selectOptionByIndex: All options with index in [3] are selected on object ''

2018-06-04 18:54:34 - [MESSAGE][PASSED] - All options with index in [3] are selected on object ''

2018-06-04 18:54:34 - [TEST_STEP][PASSED] - delay: Delayed 2 second(s)

2018-06-04 18:54:36 - [MESSAGE][PASSED] - Delayed 2 second(s)

2018-06-04 18:54:36 - [TEST_STEP][PASSED] - Statement - batch = new com.kms.katalon.core.testobject.TestObject(): null

2018-06-04 18:54:36 - [TEST_STEP][PASSED] - Statement - batch = com.kms.katalon.core.webui.keyword.WebUiBuiltInKeywords.modifyObjectProperty(batch, "xpath", "equals", "//*[@id = "txtbthqty" + row + ""]", true): Modify property of object successfully

2018-06-04 18:54:36 - [MESSAGE][PASSED] - Modify property of object successfully

2018-06-04 18:54:36 - [TEST_STEP][PASSED] - Statement - batchqty = com.kms.katalon.core.webui.keyword.WebUiBuiltInKeywords.getAttribute(batch, "value").trim(): Attribute 'value' of object '' is: '5000'

2018-06-04 18:54:36 - [MESSAGE][PASSED] - Attribute 'value' of object '' is: '5000'

2018-06-04 18:54:36 - [TEST_STEP][PASSED] - Statement - Rqty = 10000: null

2018-06-04 18:54:36 - [TEST_STEP][PASSED] - Statement - out.println("BatchQty : " + batchqty): null

2018-06-04 18:54:36 - [TEST_STEP][PASSED] - Statement - out.println("RQty : " + Rqty): null

2018-06-04 18:54:36 - [TEST_STEP][PASSED] - Statement - If (java.lang.Integer.valueOf(batchqty) >= java.lang.Integer.valueOf(Rqty)): null

2018-06-04 18:54:36 - [TEST_STEP][PASSED] - Statement - Else: null

2018-06-04 18:54:36 - [TEST_STEP][PASSED] - Statement - out.println("Batchqty Is Less Than Rqty"): null

2018-06-04 18:54:36 - [TEST_STEP][PASSED] - Statement - product = new com.kms.katalon.core.testobject.TestObject(): null

2018-06-04 18:54:36 - [TEST_STEP][PASSED] - Statement - product = com.kms.katalon.core.webui.keyword.WebUiBuiltInKeywords.modifyObjectProperty(product, "xpath", "equals", "//*[@id = "fldvendor" + row + ""]", true): Modify property of object successfully

2018-06-04 18:54:36 - [MESSAGE][PASSED] - Modify property of object successfully

2018-06-04 18:54:36 - [TEST_STEP][PASSED] - selectOptionByIndex: All options with index in [4] are selected on object ''

2018-06-04 18:54:36 - [MESSAGE][PASSED] - All options with index in [4] are selected on object ''

2018-06-04 18:54:36 - [TEST_STEP][PASSED] - delay: Delayed 2 second(s)

2018-06-04 18:54:38 - [MESSAGE][PASSED] - Delayed 2 second(s)

2018-06-04 18:54:38 - [TEST_STEP][PASSED] - Statement - batch = new com.kms.katalon.core.testobject.TestObject(): null

2018-06-04 18:54:38 - [TEST_STEP][PASSED] - Statement - batch = com.kms.katalon.core.webui.keyword.WebUiBuiltInKeywords.modifyObjectProperty(batch, "xpath", "equals", "//*[@id = "txtbthqty" + row + ""]", true): Modify property of object successfully

2018-06-04 18:54:38 - [MESSAGE][PASSED] - Modify property of object successfully

2018-06-04 18:54:38 - [TEST_STEP][PASSED] - Statement - batchqty = com.kms.katalon.core.webui.keyword.WebUiBuiltInKeywords.getAttribute(batch, "value").trim(): Attribute 'value' of object '' is: '5000'

2018-06-04 18:54:39 - [MESSAGE][PASSED] - Attribute 'value' of object '' is: '5000'

2018-06-04 18:54:39 - [TEST_STEP][PASSED] - Statement - Rqty = 10000: null

2018-06-04 18:54:39 - [TEST_STEP][PASSED] - Statement - out.println("BatchQty : " + batchqty): null

2018-06-04 18:54:39 - [TEST_STEP][PASSED] - Statement - out.println("RQty : " + Rqty): null

2018-06-04 18:54:39 - [TEST_STEP][PASSED] - Statement - If (java.lang.Integer.valueOf(batchqty) >= java.lang.Integer.valueOf(Rqty)): null

2018-06-04 18:54:39 - [TEST_STEP][PASSED] - Statement - Else: null

2018-06-04 18:54:39 - [TEST_STEP][PASSED] - Statement - out.println("Batchqty Is Less Than Rqty"): null

2018-06-04 18:54:39 - [TEST_STEP][PASSED] - Statement - product = new com.kms.katalon.core.testobject.TestObject(): null

2018-06-04 18:54:39 - [TEST_STEP][PASSED] - Statement - product = com.kms.katalon.core.webui.keyword.WebUiBuiltInKeywords.modifyObjectProperty(product, "xpath", "equals", "//*[@id = "fldvendor" + row + ""]", true): Modify property of object successfully

2018-06-04 18:54:39 - [MESSAGE][PASSED] - Modify property of object successfully

2018-06-04 18:54:39 - [TEST_STEP][PASSED] - selectOptionByIndex: All options with index in [5] are selected on object ''

2018-06-04 18:54:39 - [MESSAGE][PASSED] - All options with index in [5] are selected on object ''

2018-06-04 18:54:39 - [TEST_STEP][PASSED] - delay: Delayed 2 second(s)

2018-06-04 18:54:41 - [MESSAGE][PASSED] - Delayed 2 second(s)

2018-06-04 18:54:41 - [TEST_STEP][PASSED] - Statement - batch = new com.kms.katalon.core.testobject.TestObject(): null

2018-06-04 18:54:41 - [TEST_STEP][PASSED] - Statement - batch = com.kms.katalon.core.webui.keyword.WebUiBuiltInKeywords.modifyObjectProperty(batch, "xpath", "equals", "//*[@id = "txtbthqty" + row + ""]", true): Modify property of object successfully

2018-06-04 18:54:41 - [MESSAGE][PASSED] - Modify property of object successfully

2018-06-04 18:54:41 - [TEST_STEP][PASSED] - Statement - batchqty = com.kms.katalon.core.webui.keyword.WebUiBuiltInKeywords.getAttribute(batch, "value").trim(): Attribute 'value' of object '' is: '5000'

2018-06-04 18:54:41 - [MESSAGE][PASSED] - Attribute 'value' of object '' is: '5000'

2018-06-04 18:54:41 - [TEST_STEP][PASSED] - Statement - Rqty = 10000: null

2018-06-04 18:54:41 - [TEST_STEP][PASSED] - Statement - out.println("BatchQty : " + batchqty): null

2018-06-04 18:54:41 - [TEST_STEP][PASSED] - Statement - out.println("RQty : " + Rqty): null

2018-06-04 18:54:41 - [TEST_STEP][PASSED] - Statement - If (java.lang.Integer.valueOf(batchqty) >= java.lang.Integer.valueOf(Rqty)): null

2018-06-04 18:54:41 - [TEST_STEP][PASSED] - Statement - Else: null

2018-06-04 18:54:41 - [TEST_STEP][PASSED] - Statement - out.println("Batchqty Is Less Than Rqty"): null

2018-06-04 18:54:41 - [TEST_STEP][PASSED] - Statement - product = new com.kms.katalon.core.testobject.TestObject(): null

2018-06-04 18:54:41 - [TEST_STEP][PASSED] - Statement - product = com.kms.katalon.core.webui.keyword.WebUiBuiltInKeywords.modifyObjectProperty(product, "xpath", "equals", "//*[@id = "fldvendor" + row + ""]", true): Modify property of object successfully

2018-06-04 18:54:41 - [MESSAGE][PASSED] - Modify property of object successfully

2018-06-04 18:54:41 - [TEST_STEP][PASSED] - selectOptionByIndex: All options with index in [6] are selected on object ''

2018-06-04 18:54:41 - [MESSAGE][PASSED] - All options with index in [6] are selected on object ''

2018-06-04 18:54:41 - [TEST_STEP][PASSED] - delay: Delayed 2 second(s)

2018-06-04 18:54:43 - [MESSAGE][PASSED] - Delayed 2 second(s)

2018-06-04 18:54:43 - [TEST_STEP][PASSED] - Statement - batch = new com.kms.katalon.core.testobject.TestObject(): null

2018-06-04 18:54:43 - [TEST_STEP][PASSED] - Statement - batch = com.kms.katalon.core.webui.keyword.WebUiBuiltInKeywords.modifyObjectProperty(batch, "xpath", "equals", "//*[@id = "txtbthqty" + row + ""]", true): Modify property of object successfully

2018-06-04 18:54:43 - [MESSAGE][PASSED] - Modify property of object successfully

2018-06-04 18:54:43 - [TEST_STEP][PASSED] - Statement - batchqty = com.kms.katalon.core.webui.keyword.WebUiBuiltInKeywords.getAttribute(batch, "value").trim(): Attribute 'value' of object '' is: '5000'

2018-06-04 18:54:43 - [MESSAGE][PASSED] - Attribute 'value' of object '' is: '5000'

2018-06-04 18:54:43 - [TEST_STEP][PASSED] - Statement - Rqty = 10000: null

2018-06-04 18:54:43 - [TEST_STEP][PASSED] - Statement - out.println("BatchQty : " + batchqty): null

2018-06-04 18:54:43 - [TEST_STEP][PASSED] - Statement - out.println("RQty : " + Rqty): null

2018-06-04 18:54:43 - [TEST_STEP][PASSED] - Statement - If (java.lang.Integer.valueOf(batchqty) >= java.lang.Integer.valueOf(Rqty)): null

2018-06-04 18:54:43 - [TEST_STEP][PASSED] - Statement - Else: null

2018-06-04 18:54:43 - [TEST_STEP][PASSED] - Statement - out.println("Batchqty Is Less Than Rqty"): null

2018-06-04 18:54:43 - [TEST_STEP][PASSED] - Statement - product = new com.kms.katalon.core.testobject.TestObject(): null

2018-06-04 18:54:43 - [TEST_STEP][PASSED] - Statement - product = com.kms.katalon.core.webui.keyword.WebUiBuiltInKeywords.modifyObjectProperty(product, "xpath", "equals", "//*[@id = "fldvendor" + row + ""]", true): Modify property of object successfully

2018-06-04 18:54:43 - [MESSAGE][PASSED] - Modify property of object successfully

2018-06-04 18:54:43 - [TEST_STEP][PASSED] - selectOptionByIndex: All options with index in [7] are selected on object ''

2018-06-04 18:54:43 - [MESSAGE][PASSED] - All options with index in [7] are selected on object ''

2018-06-04 18:54:43 - [TEST_STEP][PASSED] - delay: Delayed 2 second(s)

2018-06-04 18:54:45 - [MESSAGE][PASSED] - Delayed 2 second(s)

2018-06-04 18:54:45 - [TEST_STEP][PASSED] - Statement - batch = new com.kms.katalon.core.testobject.TestObject(): null

2018-06-04 18:54:45 - [TEST_STEP][PASSED] - Statement - batch = com.kms.katalon.core.webui.keyword.WebUiBuiltInKeywords.modifyObjectProperty(batch, "xpath", "equals", "//*[@id = "txtbthqty" + row + ""]", true): Modify property of object successfully

2018-06-04 18:54:45 - [MESSAGE][PASSED] - Modify property of object successfully

2018-06-04 18:54:45 - [TEST_STEP][PASSED] - Statement - batchqty = com.kms.katalon.core.webui.keyword.WebUiBuiltInKeywords.getAttribute(batch, "value").trim(): Attribute 'value' of object '' is: '39300'

2018-06-04 18:54:45 - [MESSAGE][PASSED] - Attribute 'value' of object '' is: '39300'

2018-06-04 18:54:45 - [TEST_STEP][PASSED] - Statement - Rqty = 10000: null

2018-06-04 18:54:45 - [TEST_STEP][PASSED] - Statement - out.println("BatchQty : " + batchqty): null

2018-06-04 18:54:45 - [TEST_STEP][PASSED] - Statement - out.println("RQty : " + Rqty): null

2018-06-04 18:54:45 - [TEST_STEP][PASSED] - Statement - If (java.lang.Integer.valueOf(batchqty) >= java.lang.Integer.valueOf(Rqty)): null

2018-06-04 18:54:45 - [TEST_STEP][PASSED] - Statement - Break: null

2018-06-04 18:54:45 - [TEST_STEP][PASSED] - Statement - batchlength = new com.kms.katalon.core.testobject.TestObject(): null

2018-06-04 18:54:45 - [TEST_STEP][PASSED] - Statement - batchlength = com.kms.katalon.core.webui.keyword.WebUiBuiltInKeywords.modifyObjectProperty(batchlength, "xpath", "equals", "//*[@id = "fldvendor" + row + ""]", true): Modify property of object successfully

2018-06-04 18:54:45 - [MESSAGE][PASSED] - Modify property of object successfully

2018-06-04 18:54:45 - [TEST_STEP][PASSED] - Statement - batchsize = com.kms.katalon.core.webui.keyword.WebUiBuiltInKeywords.getNumberOfTotalOption(batchlength): 11 options of object '' counted

2018-06-04 18:54:45 - [MESSAGE][PASSED] - 11 options of object '' counted

2018-06-04 18:54:45 - [TEST_STEP][PASSED] - Statement - out.println("BatchSize : " + batchsize): null

2018-06-04 18:54:45 - [TEST_STEP][PASSED] - Statement - For ([n = 1, n <= batchsize - 1, (n++)]): null

2018-06-04 18:54:45 - [TEST_STEP][PASSED] - Statement - product = new com.kms.katalon.core.testobject.TestObject(): null

2018-06-04 18:54:45 - [TEST_STEP][PASSED] - Statement - product = com.kms.katalon.core.webui.keyword.WebUiBuiltInKeywords.modifyObjectProperty(product, "xpath", "equals", "//*[@id = "fldvendor" + row + ""]", true): Modify property of object successfully

2018-06-04 18:54:45 - [MESSAGE][PASSED] - Modify property of object successfully

2018-06-04 18:54:45 - [TEST_STEP][PASSED] - selectOptionByIndex: All options with index in [1] are selected on object ''

2018-06-04 18:54:45 - [MESSAGE][PASSED] - All options with index in [1] are selected on object ''

2018-06-04 18:54:45 - [TEST_STEP][PASSED] - delay: Delayed 2 second(s)

2018-06-04 18:54:47 - [MESSAGE][PASSED] - Delayed 2 second(s)

2018-06-04 18:54:47 - [TEST_STEP][PASSED] - Statement - batch = new com.kms.katalon.core.testobject.TestObject(): null

2018-06-04 18:54:47 - [TEST_STEP][PASSED] - Statement - batch = com.kms.katalon.core.webui.keyword.WebUiBuiltInKeywords.modifyObjectProperty(batch, "xpath", "equals", "//*[@id = "txtbthqty" + row + ""]", true): Modify property of object successfully

2018-06-04 18:54:47 - [MESSAGE][PASSED] - Modify property of object successfully

2018-06-04 18:54:47 - [TEST_STEP][PASSED] - Statement - batchqty = com.kms.katalon.core.webui.keyword.WebUiBuiltInKeywords.getAttribute(batch, "value").trim(): Attribute 'value' of object '' is: '3100'

2018-06-04 18:54:47 - [MESSAGE][PASSED] - Attribute 'value' of object '' is: '3100'

2018-06-04 18:54:47 - [TEST_STEP][PASSED] - Statement - Rqty = 10000: null

2018-06-04 18:54:47 - [TEST_STEP][PASSED] - Statement - out.println("BatchQty : " + batchqty): null

2018-06-04 18:54:47 - [TEST_STEP][PASSED] - Statement - out.println("RQty : " + Rqty): null

2018-06-04 18:54:47 - [TEST_STEP][PASSED] - Statement - If (java.lang.Integer.valueOf(batchqty) >= java.lang.Integer.valueOf(Rqty)): null

2018-06-04 18:54:47 - [TEST_STEP][PASSED] - Statement - Else: null

2018-06-04 18:54:47 - [TEST_STEP][PASSED] - Statement - out.println("Batchqty Is Less Than Rqty"): null

2018-06-04 18:54:47 - [TEST_STEP][PASSED] - Statement - product = new com.kms.katalon.core.testobject.TestObject(): null

2018-06-04 18:54:47 - [TEST_STEP][PASSED] - Statement - product = com.kms.katalon.core.webui.keyword.WebUiBuiltInKeywords.modifyObjectProperty(product, "xpath", "equals", "//*[@id = "fldvendor" + row + ""]", true): Modify property of object successfully

2018-06-04 18:54:47 - [MESSAGE][PASSED] - Modify property of object successfully

2018-06-04 18:54:47 - [TEST_STEP][PASSED] - selectOptionByIndex: All options with index in [2] are selected on object ''

2018-06-04 18:54:48 - [MESSAGE][PASSED] - All options with index in [2] are selected on object ''

2018-06-04 18:54:48 - [TEST_STEP][PASSED] - delay: Delayed 2 second(s)

2018-06-04 18:54:50 - [MESSAGE][PASSED] - Delayed 2 second(s)

2018-06-04 18:54:50 - [TEST_STEP][PASSED] - Statement - batch = new com.kms.katalon.core.testobject.TestObject(): null

2018-06-04 18:54:50 - [TEST_STEP][PASSED] - Statement - batch = com.kms.katalon.core.webui.keyword.WebUiBuiltInKeywords.modifyObjectProperty(batch, "xpath", "equals", "//*[@id = "txtbthqty" + row + ""]", true): Modify property of object successfully

2018-06-04 18:54:50 - [MESSAGE][PASSED] - Modify property of object successfully

2018-06-04 18:54:50 - [TEST_STEP][PASSED] - Statement - batchqty = com.kms.katalon.core.webui.keyword.WebUiBuiltInKeywords.getAttribute(batch, "value").trim(): Attribute 'value' of object '' is: '50'

2018-06-04 18:54:50 - [MESSAGE][PASSED] - Attribute 'value' of object '' is: '50'

2018-06-04 18:54:50 - [TEST_STEP][PASSED] - Statement - Rqty = 10000: null

2018-06-04 18:54:50 - [TEST_STEP][PASSED] - Statement - out.println("BatchQty : " + batchqty): null

2018-06-04 18:54:50 - [TEST_STEP][PASSED] - Statement - out.println("RQty : " + Rqty): null

2018-06-04 18:54:50 - [TEST_STEP][PASSED] - Statement - If (java.lang.Integer.valueOf(batchqty) >= java.lang.Integer.valueOf(Rqty)): null

2018-06-04 18:54:50 - [TEST_STEP][PASSED] - Statement - Else: null

2018-06-04 18:54:50 - [TEST_STEP][PASSED] - Statement - out.println("Batchqty Is Less Than Rqty"): null

2018-06-04 18:54:50 - [TEST_STEP][PASSED] - Statement - product = new com.kms.katalon.core.testobject.TestObject(): null

2018-06-04 18:54:50 - [TEST_STEP][PASSED] - Statement - product = com.kms.katalon.core.webui.keyword.WebUiBuiltInKeywords.modifyObjectProperty(product, "xpath", "equals", "//*[@id = "fldvendor" + row + ""]", true): Modify property of object successfully

2018-06-04 18:54:50 - [MESSAGE][PASSED] - Modify property of object successfully

2018-06-04 18:54:50 - [TEST_STEP][PASSED] - selectOptionByIndex: All options with index in [3] are selected on object ''

2018-06-04 18:54:50 - [MESSAGE][PASSED] - All options with index in [3] are selected on object ''

2018-06-04 18:54:50 - [TEST_STEP][PASSED] - delay: Delayed 2 second(s)

2018-06-04 18:54:52 - [MESSAGE][PASSED] - Delayed 2 second(s)

2018-06-04 18:54:52 - [TEST_STEP][PASSED] - Statement - batch = new com.kms.katalon.core.testobject.TestObject(): null

2018-06-04 18:54:52 - [TEST_STEP][PASSED] - Statement - batch = com.kms.katalon.core.webui.keyword.WebUiBuiltInKeywords.modifyObjectProperty(batch, "xpath", "equals", "//*[@id = "txtbthqty" + row + ""]", true): Modify property of object successfully

2018-06-04 18:54:52 - [MESSAGE][PASSED] - Modify property of object successfully

2018-06-04 18:54:52 - [TEST_STEP][PASSED] - Statement - batchqty = com.kms.katalon.core.webui.keyword.WebUiBuiltInKeywords.getAttribute(batch, "value").trim(): Attribute 'value' of object '' is: '300'

2018-06-04 18:54:52 - [MESSAGE][PASSED] - Attribute 'value' of object '' is: '300'

2018-06-04 18:54:52 - [TEST_STEP][PASSED] - Statement - Rqty = 10000: null

2018-06-04 18:54:52 - [TEST_STEP][PASSED] - Statement - out.println("BatchQty : " + batchqty): null

2018-06-04 18:54:52 - [TEST_STEP][PASSED] - Statement - out.println("RQty : " + Rqty): null

2018-06-04 18:54:52 - [TEST_STEP][PASSED] - Statement - If (java.lang.Integer.valueOf(batchqty) >= java.lang.Integer.valueOf(Rqty)): null

2018-06-04 18:54:52 - [TEST_STEP][PASSED] - Statement - Else: null

2018-06-04 18:54:52 - [TEST_STEP][PASSED] - Statement - out.println("Batchqty Is Less Than Rqty"): null

2018-06-04 18:54:52 - [TEST_STEP][PASSED] - Statement - product = new com.kms.katalon.core.testobject.TestObject(): null

2018-06-04 18:54:52 - [TEST_STEP][PASSED] - Statement - product = com.kms.katalon.core.webui.keyword.WebUiBuiltInKeywords.modifyObjectProperty(product, "xpath", "equals", "//*[@id = "fldvendor" + row + ""]", true): Modify property of object successfully

2018-06-04 18:54:52 - [MESSAGE][PASSED] - Modify property of object successfully

2018-06-04 18:54:52 - [TEST_STEP][PASSED] - selectOptionByIndex: All options with index in [4] are selected on object ''

2018-06-04 18:54:52 - [MESSAGE][PASSED] - All options with index in [4] are selected on object ''

2018-06-04 18:54:52 - [TEST_STEP][PASSED] - delay: Delayed 2 second(s)

2018-06-04 18:54:54 - [MESSAGE][PASSED] - Delayed 2 second(s)

2018-06-04 18:54:54 - [TEST_STEP][PASSED] - Statement - batch = new com.kms.katalon.core.testobject.TestObject(): null

2018-06-04 18:54:54 - [TEST_STEP][PASSED] - Statement - batch = com.kms.katalon.core.webui.keyword.WebUiBuiltInKeywords.modifyObjectProperty(batch, "xpath", "equals", "//*[@id = "txtbthqty" + row + ""]", true): Modify property of object successfully

2018-06-04 18:54:54 - [MESSAGE][PASSED] - Modify property of object successfully

2018-06-04 18:54:54 - [TEST_STEP][PASSED] - Statement - batchqty = com.kms.katalon.core.webui.keyword.WebUiBuiltInKeywords.getAttribute(batch, "value").trim(): Attribute 'value' of object '' is: '5000'

2018-06-04 18:54:54 - [MESSAGE][PASSED] - Attribute 'value' of object '' is: '5000'

2018-06-04 18:54:54 - [TEST_STEP][PASSED] - Statement - Rqty = 10000: null

2018-06-04 18:54:54 - [TEST_STEP][PASSED] - Statement - out.println("BatchQty : " + batchqty): null

2018-06-04 18:54:54 - [TEST_STEP][PASSED] - Statement - out.println("RQty : " + Rqty): null

2018-06-04 18:54:54 - [TEST_STEP][PASSED] - Statement - If (java.lang.Integer.valueOf(batchqty) >= java.lang.Integer.valueOf(Rqty)): null

2018-06-04 18:54:54 - [TEST_STEP][PASSED] - Statement - Else: null

2018-06-04 18:54:54 - [TEST_STEP][PASSED] - Statement - out.println("Batchqty Is Less Than Rqty"): null

2018-06-04 18:54:54 - [TEST_STEP][PASSED] - Statement - product = new com.kms.katalon.core.testobject.TestObject(): null

2018-06-04 18:54:54 - [TEST_STEP][PASSED] - Statement - product = com.kms.katalon.core.webui.keyword.WebUiBuiltInKeywords.modifyObjectProperty(product, "xpath", "equals", "//*[@id = "fldvendor" + row + ""]", true): Modify property of object successfully

2018-06-04 18:54:54 - [MESSAGE][PASSED] - Modify property of object successfully

2018-06-04 18:54:54 - [TEST_STEP][PASSED] - selectOptionByIndex: All options with index in [5] are selected on object ''

2018-06-04 18:54:54 - [MESSAGE][PASSED] - All options with index in [5] are selected on object ''

2018-06-04 18:54:54 - [TEST_STEP][PASSED] - delay: Delayed 2 second(s)

2018-06-04 18:54:56 - [MESSAGE][PASSED] - Delayed 2 second(s)

2018-06-04 18:54:56 - [TEST_STEP][PASSED] - Statement - batch = new com.kms.katalon.core.testobject.TestObject(): null

2018-06-04 18:54:56 - [TEST_STEP][PASSED] - Statement - batch = com.kms.katalon.core.webui.keyword.WebUiBuiltInKeywords.modifyObjectProperty(batch, "xpath", "equals", "//*[@id = "txtbthqty" + row + ""]", true): Modify property of object successfully

2018-06-04 18:54:56 - [MESSAGE][PASSED] - Modify property of object successfully

2018-06-04 18:54:56 - [TEST_STEP][PASSED] - Statement - batchqty = com.kms.katalon.core.webui.keyword.WebUiBuiltInKeywords.getAttribute(batch, "value").trim(): Attribute 'value' of object '' is: '5000'

2018-06-04 18:54:56 - [MESSAGE][PASSED] - Attribute 'value' of object '' is: '5000'

2018-06-04 18:54:56 - [TEST_STEP][PASSED] - Statement - Rqty = 10000: null

2018-06-04 18:54:56 - [TEST_STEP][PASSED] - Statement - out.println("BatchQty : " + batchqty): null

2018-06-04 18:54:56 - [TEST_STEP][PASSED] - Statement - out.println("RQty : " + Rqty): null

2018-06-04 18:54:56 - [TEST_STEP][PASSED] - Statement - If (java.lang.Integer.valueOf(batchqty) >= java.lang.Integer.valueOf(Rqty)): null

2018-06-04 18:54:56 - [TEST_STEP][PASSED] - Statement - Else: null

2018-06-04 18:54:56 - [TEST_STEP][PASSED] - Statement - out.println("Batchqty Is Less Than Rqty"): null

2018-06-04 18:54:56 - [TEST_STEP][PASSED] - Statement - product = new com.kms.katalon.core.testobject.TestObject(): null

2018-06-04 18:54:56 - [TEST_STEP][PASSED] - Statement - product = com.kms.katalon.core.webui.keyword.WebUiBuiltInKeywords.modifyObjectProperty(product, "xpath", "equals", "//*[@id = "fldvendor" + row + ""]", true): Modify property of object successfully

2018-06-04 18:54:56 - [MESSAGE][PASSED] - Modify property of object successfully

2018-06-04 18:54:56 - [TEST_STEP][PASSED] - selectOptionByIndex: All options with index in [6] are selected on object ''

2018-06-04 18:54:56 - [MESSAGE][PASSED] - All options with index in [6] are selected on object ''

2018-06-04 18:54:56 - [TEST_STEP][PASSED] - delay: Delayed 2 second(s)

2018-06-04 18:54:58 - [MESSAGE][PASSED] - Delayed 2 second(s)

2018-06-04 18:54:58 - [TEST_STEP][PASSED] - Statement - batch = new com.kms.katalon.core.testobject.TestObject(): null

2018-06-04 18:54:58 - [TEST_STEP][PASSED] - Statement - batch = com.kms.katalon.core.webui.keyword.WebUiBuiltInKeywords.modifyObjectProperty(batch, "xpath", "equals", "//*[@id = "txtbthqty" + row + ""]", true): Modify property of object successfully

2018-06-04 18:54:58 - [MESSAGE][PASSED] - Modify property of object successfully

2018-06-04 18:54:58 - [TEST_STEP][PASSED] - Statement - batchqty = com.kms.katalon.core.webui.keyword.WebUiBuiltInKeywords.getAttribute(batch, "value").trim(): Attribute 'value' of object '' is: '39300'

2018-06-04 18:54:58 - [MESSAGE][PASSED] - Attribute 'value' of object '' is: '39300'

2018-06-04 18:54:58 - [TEST_STEP][PASSED] - Statement - Rqty = 10000: null

2018-06-04 18:54:58 - [TEST_STEP][PASSED] - Statement - out.println("BatchQty : " + batchqty): null

2018-06-04 18:54:58 - [TEST_STEP][PASSED] - Statement - out.println("RQty : " + Rqty): null

2018-06-04 18:54:58 - [TEST_STEP][PASSED] - Statement - If (java.lang.Integer.valueOf(batchqty) >= java.lang.Integer.valueOf(Rqty)): null

2018-06-04 18:54:58 - [TEST_STEP][PASSED] - Statement - Break: null

2018-06-04 18:54:58 - [TEST_STEP][PASSED] - Statement - batchlength = new com.kms.katalon.core.testobject.TestObject(): null

2018-06-04 18:54:58 - [TEST_STEP][PASSED] - Statement - batchlength = com.kms.katalon.core.webui.keyword.WebUiBuiltInKeywords.modifyObjectProperty(batchlength, "xpath", "equals", "//*[@id = "fldvendor" + row + ""]", true): Modify property of object successfully

2018-06-04 18:54:58 - [MESSAGE][PASSED] - Modify property of object successfully

2018-06-04 18:54:58 - [TEST_STEP][PASSED] - Statement - batchsize = com.kms.katalon.core.webui.keyword.WebUiBuiltInKeywords.getNumberOfTotalOption(batchlength): 9 options of object '' counted

2018-06-04 18:54:58 - [MESSAGE][PASSED] - 9 options of object '' counted

2018-06-04 18:54:58 - [TEST_STEP][PASSED] - Statement - out.println("BatchSize : " + batchsize): null

2018-06-04 18:54:58 - [TEST_STEP][PASSED] - Statement - For ([n = 1, n <= batchsize - 1, (n++)]): null

2018-06-04 18:54:58 - [TEST_STEP][PASSED] - Statement - product = new com.kms.katalon.core.testobject.TestObject(): null

2018-06-04 18:54:58 - [TEST_STEP][PASSED] - Statement - product = com.kms.katalon.core.webui.keyword.WebUiBuiltInKeywords.modifyObjectProperty(product, "xpath", "equals", "//*[@id = "fldvendor" + row + ""]", true): Modify property of object successfully

2018-06-04 18:54:58 - [MESSAGE][PASSED] - Modify property of object successfully

2018-06-04 18:54:58 - [TEST_STEP][PASSED] - selectOptionByIndex: All options with index in [1] are selected on object ''

2018-06-04 18:54:59 - [MESSAGE][PASSED] - All options with index in [1] are selected on object ''

2018-06-04 18:54:59 - [TEST_STEP][PASSED] - delay: Delayed 2 second(s)

2018-06-04 18:55:01 - [MESSAGE][PASSED] - Delayed 2 second(s)

2018-06-04 18:55:01 - [TEST_STEP][PASSED] - Statement - batch = new com.kms.katalon.core.testobject.TestObject(): null

2018-06-04 18:55:01 - [TEST_STEP][PASSED] - Statement - batch = com.kms.katalon.core.webui.keyword.WebUiBuiltInKeywords.modifyObjectProperty(batch, "xpath", "equals", "//*[@id = "txtbthqty" + row + ""]", true): Modify property of object successfully

2018-06-04 18:55:01 - [MESSAGE][PASSED] - Modify property of object successfully

2018-06-04 18:55:01 - [TEST_STEP][PASSED] - Statement - batchqty = com.kms.katalon.core.webui.keyword.WebUiBuiltInKeywords.getAttribute(batch, "value").trim(): Attribute 'value' of object '' is: '3600'

2018-06-04 18:55:01 - [MESSAGE][PASSED] - Attribute 'value' of object '' is: '3600'

2018-06-04 18:55:01 - [TEST_STEP][PASSED] - Statement - Rqty = 10000: null

2018-06-04 18:55:01 - [TEST_STEP][PASSED] - Statement - out.println("BatchQty : " + batchqty): null

2018-06-04 18:55:01 - [TEST_STEP][PASSED] - Statement - out.println("RQty : " + Rqty): null

2018-06-04 18:55:01 - [TEST_STEP][PASSED] - Statement - If (java.lang.Integer.valueOf(batchqty) >= java.lang.Integer.valueOf(Rqty)): null

2018-06-04 18:55:01 - [TEST_STEP][PASSED] - Statement - Else: null

2018-06-04 18:55:01 - [TEST_STEP][PASSED] - Statement - out.println("Batchqty Is Less Than Rqty"): null

2018-06-04 18:55:01 - [TEST_STEP][PASSED] - Statement - product = new com.kms.katalon.core.testobject.TestObject(): null

2018-06-04 18:55:01 - [TEST_STEP][PASSED] - Statement - product = com.kms.katalon.core.webui.keyword.WebUiBuiltInKeywords.modifyObjectProperty(product, "xpath", "equals", "//*[@id = "fldvendor" + row + ""]", true): Modify property of object successfully

2018-06-04 18:55:01 - [MESSAGE][PASSED] - Modify property of object successfully

2018-06-04 18:55:01 - [TEST_STEP][PASSED] - selectOptionByIndex: All options with index in [2] are selected on object ''

2018-06-04 18:55:01 - [MESSAGE][PASSED] - All options with index in [2] are selected on object ''

2018-06-04 18:55:01 - [TEST_STEP][PASSED] - delay: Delayed 2 second(s)

2018-06-04 18:55:03 - [MESSAGE][PASSED] - Delayed 2 second(s)

2018-06-04 18:55:03 - [TEST_STEP][PASSED] - Statement - batch = new com.kms.katalon.core.testobject.TestObject(): null

2018-06-04 18:55:03 - [TEST_STEP][PASSED] - Statement - batch = com.kms.katalon.core.webui.keyword.WebUiBuiltInKeywords.modifyObjectProperty(batch, "xpath", "equals", "//*[@id = "txtbthqty" + row + ""]", true): Modify property of object successfully

2018-06-04 18:55:03 - [MESSAGE][PASSED] - Modify property of object successfully

2018-06-04 18:55:03 - [TEST_STEP][PASSED] - Statement - batchqty = com.kms.katalon.core.webui.keyword.WebUiBuiltInKeywords.getAttribute(batch, "value").trim(): Attribute 'value' of object '' is: '5000'

2018-06-04 18:55:03 - [MESSAGE][PASSED] - Attribute 'value' of object '' is: '5000'

2018-06-04 18:55:03 - [TEST_STEP][PASSED] - Statement - Rqty = 10000: null

2018-06-04 18:55:03 - [TEST_STEP][PASSED] - Statement - out.println("BatchQty : " + batchqty): null

2018-06-04 18:55:03 - [TEST_STEP][PASSED] - Statement - out.println("RQty : " + Rqty): null

2018-06-04 18:55:03 - [TEST_STEP][PASSED] - Statement - If (java.lang.Integer.valueOf(batchqty) >= java.lang.Integer.valueOf(Rqty)): null

2018-06-04 18:55:03 - [TEST_STEP][PASSED] - Statement - Else: null

2018-06-04 18:55:03 - [TEST_STEP][PASSED] - Statement - out.println("Batchqty Is Less Than Rqty"): null

2018-06-04 18:55:03 - [TEST_STEP][PASSED] - Statement - product = new com.kms.katalon.core.testobject.TestObject(): null

2018-06-04 18:55:03 - [TEST_STEP][PASSED] - Statement - product = com.kms.katalon.core.webui.keyword.WebUiBuiltInKeywords.modifyObjectProperty(product, "xpath", "equals", "//*[@id = "fldvendor" + row + ""]", true): Modify property of object successfully

2018-06-04 18:55:03 - [MESSAGE][PASSED] - Modify property of object successfully

2018-06-04 18:55:03 - [TEST_STEP][PASSED] - selectOptionByIndex: All options with index in [3] are selected on object ''

2018-06-04 18:55:03 - [MESSAGE][PASSED] - All options with index in [3] are selected on object ''

2018-06-04 18:55:03 - [TEST_STEP][PASSED] - delay: Delayed 2 second(s)

2018-06-04 18:55:05 - [MESSAGE][PASSED] - Delayed 2 second(s)

2018-06-04 18:55:05 - [TEST_STEP][PASSED] - Statement - batch = new com.kms.katalon.core.testobject.TestObject(): null

2018-06-04 18:55:05 - [TEST_STEP][PASSED] - Statement - batch = com.kms.katalon.core.webui.keyword.WebUiBuiltInKeywords.modifyObjectProperty(batch, "xpath", "equals", "//*[@id = "txtbthqty" + row + ""]", true): Modify property of object successfully

2018-06-04 18:55:05 - [MESSAGE][PASSED] - Modify property of object successfully

2018-06-04 18:55:05 - [TEST_STEP][PASSED] - Statement - batchqty = com.kms.katalon.core.webui.keyword.WebUiBuiltInKeywords.getAttribute(batch, "value").trim(): Attribute 'value' of object '' is: '5000'

2018-06-04 18:55:05 - [MESSAGE][PASSED] - Attribute 'value' of object '' is: '5000'

2018-06-04 18:55:05 - [TEST_STEP][PASSED] - Statement - Rqty = 10000: null

2018-06-04 18:55:05 - [TEST_STEP][PASSED] - Statement - out.println("BatchQty : " + batchqty): null

2018-06-04 18:55:05 - [TEST_STEP][PASSED] - Statement - out.println("RQty : " + Rqty): null

2018-06-04 18:55:05 - [TEST_STEP][PASSED] - Statement - If (java.lang.Integer.valueOf(batchqty) >= java.lang.Integer.valueOf(Rqty)): null

2018-06-04 18:55:05 - [TEST_STEP][PASSED] - Statement - Else: null

2018-06-04 18:55:05 - [TEST_STEP][PASSED] - Statement - out.println("Batchqty Is Less Than Rqty"): null

2018-06-04 18:55:05 - [TEST_STEP][PASSED] - Statement - product = new com.kms.katalon.core.testobject.TestObject(): null

2018-06-04 18:55:05 - [TEST_STEP][PASSED] - Statement - product = com.kms.katalon.core.webui.keyword.WebUiBuiltInKeywords.modifyObjectProperty(product, "xpath", "equals", "//*[@id = "fldvendor" + row + ""]", true): Modify property of object successfully

2018-06-04 18:55:05 - [MESSAGE][PASSED] - Modify property of object successfully

2018-06-04 18:55:05 - [TEST_STEP][PASSED] - selectOptionByIndex: All options with index in [4] are selected on object ''

2018-06-04 18:55:05 - [MESSAGE][PASSED] - All options with index in [4] are selected on object ''

2018-06-04 18:55:05 - [TEST_STEP][PASSED] - delay: Delayed 2 second(s)

2018-06-04 18:55:07 - [MESSAGE][PASSED] - Delayed 2 second(s)

2018-06-04 18:55:07 - [TEST_STEP][PASSED] - Statement - batch = new com.kms.katalon.core.testobject.TestObject(): null

2018-06-04 18:55:07 - [TEST_STEP][PASSED] - Statement - batch = com.kms.katalon.core.webui.keyword.WebUiBuiltInKeywords.modifyObjectProperty(batch, "xpath", "equals", "//*[@id = "txtbthqty" + row + ""]", true): Modify property of object successfully

2018-06-04 18:55:07 - [MESSAGE][PASSED] - Modify property of object successfully

2018-06-04 18:55:07 - [TEST_STEP][PASSED] - Statement - batchqty = com.kms.katalon.core.webui.keyword.WebUiBuiltInKeywords.getAttribute(batch, "value").trim(): Attribute 'value' of object '' is: '5000'

2018-06-04 18:55:07 - [MESSAGE][PASSED] - Attribute 'value' of object '' is: '5000'

2018-06-04 18:55:07 - [TEST_STEP][PASSED] - Statement - Rqty = 10000: null

2018-06-04 18:55:07 - [TEST_STEP][PASSED] - Statement - out.println("BatchQty : " + batchqty): null

2018-06-04 18:55:07 - [TEST_STEP][PASSED] - Statement - out.println("RQty : " + Rqty): null

2018-06-04 18:55:07 - [TEST_STEP][PASSED] - Statement - If (java.lang.Integer.valueOf(batchqty) >= java.lang.Integer.valueOf(Rqty)): null

2018-06-04 18:55:07 - [TEST_STEP][PASSED] - Statement - Else: null

2018-06-04 18:55:07 - [TEST_STEP][PASSED] - Statement - out.println("Batchqty Is Less Than Rqty"): null

2018-06-04 18:55:07 - [TEST_STEP][PASSED] - Statement - product = new com.kms.katalon.core.testobject.TestObject(): null

2018-06-04 18:55:07 - [TEST_STEP][PASSED] - Statement - product = com.kms.katalon.core.webui.keyword.WebUiBuiltInKeywords.modifyObjectProperty(product, "xpath", "equals", "//*[@id = "fldvendor" + row + ""]", true): Modify property of object successfully

2018-06-04 18:55:07 - [MESSAGE][PASSED] - Modify property of object successfully

2018-06-04 18:55:07 - [TEST_STEP][PASSED] - selectOptionByIndex: All options with index in [5] are selected on object ''

2018-06-04 18:55:07 - [MESSAGE][PASSED] - All options with index in [5] are selected on object ''

2018-06-04 18:55:07 - [TEST_STEP][PASSED] - delay: Delayed 2 second(s)

2018-06-04 18:55:09 - [MESSAGE][PASSED] - Delayed 2 second(s)

2018-06-04 18:55:09 - [TEST_STEP][PASSED] - Statement - batch = new com.kms.katalon.core.testobject.TestObject(): null

2018-06-04 18:55:09 - [TEST_STEP][PASSED] - Statement - batch = com.kms.katalon.core.webui.keyword.WebUiBuiltInKeywords.modifyObjectProperty(batch, "xpath", "equals", "//*[@id = "txtbthqty" + row + ""]", true): Modify property of object successfully

2018-06-04 18:55:09 - [MESSAGE][PASSED] - Modify property of object successfully

2018-06-04 18:55:09 - [TEST_STEP][PASSED] - Statement - batchqty = com.kms.katalon.core.webui.keyword.WebUiBuiltInKeywords.getAttribute(batch, "value").trim(): Attribute 'value' of object '' is: '39300'

2018-06-04 18:55:09 - [MESSAGE][PASSED] - Attribute 'value' of object '' is: '39300'

2018-06-04 18:55:09 - [TEST_STEP][PASSED] - Statement - Rqty = 10000: null

2018-06-04 18:55:09 - [TEST_STEP][PASSED] - Statement - out.println("BatchQty : " + batchqty): null

2018-06-04 18:55:09 - [TEST_STEP][PASSED] - Statement - out.println("RQty : " + Rqty): null

2018-06-04 18:55:09 - [TEST_STEP][PASSED] - Statement - If (java.lang.Integer.valueOf(batchqty) >= java.lang.Integer.valueOf(Rqty)): null

2018-06-04 18:55:09 - [TEST_STEP][PASSED] - Statement - Break: null

2018-06-04 18:55:09 - [TEST_STEP][PASSED] - Statement - batchlength = new com.kms.katalon.core.testobject.TestObject(): null

2018-06-04 18:55:09 - [TEST_STEP][PASSED] - Statement - batchlength = com.kms.katalon.core.webui.keyword.WebUiBuiltInKeywords.modifyObjectProperty(batchlength, "xpath", "equals", "//*[@id = "fldvendor" + row + ""]", true): Modify property of object successfully

2018-06-04 18:55:09 - [MESSAGE][PASSED] - Modify property of object successfully

2018-06-04 18:55:09 - [TEST_STEP][PASSED] - Statement - batchsize = com.kms.katalon.core.webui.keyword.WebUiBuiltInKeywords.getNumberOfTotalOption(batchlength): 10 options of object '' counted

2018-06-04 18:55:09 - [MESSAGE][PASSED] - 10 options of object '' counted

2018-06-04 18:55:09 - [TEST_STEP][PASSED] - Statement - out.println("BatchSize : " + batchsize): null

2018-06-04 18:55:09 - [TEST_STEP][PASSED] - Statement - For ([n = 1, n <= batchsize - 1, (n++)]): null

2018-06-04 18:55:09 - [TEST_STEP][PASSED] - Statement - product = new com.kms.katalon.core.testobject.TestObject(): null

2018-06-04 18:55:09 - [TEST_STEP][PASSED] - Statement - product = com.kms.katalon.core.webui.keyword.WebUiBuiltInKeywords.modifyObjectProperty(product, "xpath", "equals", "//*[@id = "fldvendor" + row + ""]", true): Modify property of object successfully

2018-06-04 18:55:09 - [MESSAGE][PASSED] - Modify property of object successfully

2018-06-04 18:55:09 - [TEST_STEP][PASSED] - selectOptionByIndex: All options with index in [1] are selected on object ''

2018-06-04 18:55:10 - [MESSAGE][PASSED] - All options with index in [1] are selected on object ''

2018-06-04 18:55:10 - [TEST_STEP][PASSED] - delay: Delayed 2 second(s)

2018-06-04 18:55:12 - [MESSAGE][PASSED] - Delayed 2 second(s)

2018-06-04 18:55:12 - [TEST_STEP][PASSED] - Statement - batch = new com.kms.katalon.core.testobject.TestObject(): null

2018-06-04 18:55:12 - [TEST_STEP][PASSED] - Statement - batch = com.kms.katalon.core.webui.keyword.WebUiBuiltInKeywords.modifyObjectProperty(batch, "xpath", "equals", "//*[@id = "txtbthqty" + row + ""]", true): Modify property of object successfully

2018-06-04 18:55:12 - [MESSAGE][PASSED] - Modify property of object successfully

2018-06-04 18:55:12 - [TEST_STEP][PASSED] - Statement - batchqty = com.kms.katalon.core.webui.keyword.WebUiBuiltInKeywords.getAttribute(batch, "value").trim(): Attribute 'value' of object '' is: '32900'

2018-06-04 18:55:12 - [MESSAGE][PASSED] - Attribute 'value' of object '' is: '32900'

2018-06-04 18:55:12 - [TEST_STEP][PASSED] - Statement - Rqty = 10000: null

2018-06-04 18:55:12 - [TEST_STEP][PASSED] - Statement - out.println("BatchQty : " + batchqty): null

2018-06-04 18:55:12 - [TEST_STEP][PASSED] - Statement - out.println("RQty : " + Rqty): null

2018-06-04 18:55:12 - [TEST_STEP][PASSED] - Statement - If (java.lang.Integer.valueOf(batchqty) >= java.lang.Integer.valueOf(Rqty)): null

2018-06-04 18:55:12 - [TEST_STEP][PASSED] - Statement - Break: null

2018-06-04 18:55:12 - [TEST_STEP][PASSED] - Statement - batchlength = new com.kms.katalon.core.testobject.TestObject(): null

2018-06-04 18:55:12 - [TEST_STEP][PASSED] - Statement - batchlength = com.kms.katalon.core.webui.keyword.WebUiBuiltInKeywords.modifyObjectProperty(batchlength, "xpath", "equals", "//*[@id = "fldvendor" + row + ""]", true): Modify property of object successfully

2018-06-04 18:55:12 - [MESSAGE][PASSED] - Modify property of object successfully

2018-06-04 18:55:12 - [TEST_STEP][PASSED] - Statement - batchsize = com.kms.katalon.core.webui.keyword.WebUiBuiltInKeywords.getNumberOfTotalOption(batchlength): 10 options of object '' counted

2018-06-04 18:55:12 - [MESSAGE][PASSED] - 10 options of object '' counted

2018-06-04 18:55:12 - [TEST_STEP][PASSED] - Statement - out.println("BatchSize : " + batchsize): null

2018-06-04 18:55:12 - [TEST_STEP][PASSED] - Statement - For ([n = 1, n <= batchsize - 1, (n++)]): null

2018-06-04 18:55:12 - [TEST_STEP][PASSED] - Statement - product = new com.kms.katalon.core.testobject.TestObject(): null

2018-06-04 18:55:12 - [TEST_STEP][PASSED] - Statement - product = com.kms.katalon.core.webui.keyword.WebUiBuiltInKeywords.modifyObjectProperty(product, "xpath", "equals", "//*[@id = "fldvendor" + row + ""]", true): Modify property of object successfully

2018-06-04 18:55:12 - [MESSAGE][PASSED] - Modify property of object successfully

2018-06-04 18:55:12 - [TEST_STEP][PASSED] - selectOptionByIndex: All options with index in [1] are selected on object ''

2018-06-04 18:55:12 - [MESSAGE][PASSED] - All options with index in [1] are selected on object ''

2018-06-04 18:55:12 - [TEST_STEP][PASSED] - delay: Delayed 2 second(s)

2018-06-04 18:55:14 - [MESSAGE][PASSED] - Delayed 2 second(s)

2018-06-04 18:55:14 - [TEST_STEP][PASSED] - Statement - batch = new com.kms.katalon.core.testobject.TestObject(): null

2018-06-04 18:55:14 - [TEST_STEP][PASSED] - Statement - batch = com.kms.katalon.core.webui.keyword.WebUiBuiltInKeywords.modifyObjectProperty(batch, "xpath", "equals", "//*[@id = "txtbthqty" + row + ""]", true): Modify property of object successfully

2018-06-04 18:55:14 - [MESSAGE][PASSED] - Modify property of object successfully

2018-06-04 18:55:14 - [TEST_STEP][PASSED] - Statement - batchqty = com.kms.katalon.core.webui.keyword.WebUiBuiltInKeywords.getAttribute(batch, "value").trim(): Attribute 'value' of object '' is: '600'

2018-06-04 18:55:14 - [MESSAGE][PASSED] - Attribute 'value' of object '' is: '600'

2018-06-04 18:55:14 - [TEST_STEP][PASSED] - Statement - Rqty = 10000: null

2018-06-04 18:55:14 - [TEST_STEP][PASSED] - Statement - out.println("BatchQty : " + batchqty): null

2018-06-04 18:55:14 - [TEST_STEP][PASSED] - Statement - out.println("RQty : " + Rqty): null

2018-06-04 18:55:14 - [TEST_STEP][PASSED] - Statement - If (java.lang.Integer.valueOf(batchqty) >= java.lang.Integer.valueOf(Rqty)): null

2018-06-04 18:55:14 - [TEST_STEP][PASSED] - Statement - Else: null

2018-06-04 18:55:14 - [TEST_STEP][PASSED] - Statement - out.println("Batchqty Is Less Than Rqty"): null

2018-06-04 18:55:14 - [TEST_STEP][PASSED] - Statement - product = new com.kms.katalon.core.testobject.TestObject(): null

2018-06-04 18:55:14 - [TEST_STEP][PASSED] - Statement - product = com.kms.katalon.core.webui.keyword.WebUiBuiltInKeywords.modifyObjectProperty(product, "xpath", "equals", "//*[@id = "fldvendor" + row + ""]", true): Modify property of object successfully

2018-06-04 18:55:14 - [MESSAGE][PASSED] - Modify property of object successfully

2018-06-04 18:55:14 - [TEST_STEP][PASSED] - selectOptionByIndex: All options with index in [2] are selected on object ''

2018-06-04 18:55:14 - [MESSAGE][PASSED] - All options with index in [2] are selected on object ''

2018-06-04 18:55:14 - [TEST_STEP][PASSED] - delay: Delayed 2 second(s)

2018-06-04 18:55:16 - [MESSAGE][PASSED] - Delayed 2 second(s)

2018-06-04 18:55:16 - [TEST_STEP][PASSED] - Statement - batch = new com.kms.katalon.core.testobject.TestObject(): null

2018-06-04 18:55:16 - [TEST_STEP][PASSED] - Statement - batch = com.kms.katalon.core.webui.keyword.WebUiBuiltInKeywords.modifyObjectProperty(batch, "xpath", "equals", "//*[@id = "txtbthqty" + row + ""]", true): Modify property of object successfully

2018-06-04 18:55:16 - [MESSAGE][PASSED] - Modify property of object successfully

2018-06-04 18:55:16 - [TEST_STEP][PASSED] - Statement - batchqty = com.kms.katalon.core.webui.keyword.WebUiBuiltInKeywords.getAttribute(batch, "value").trim(): Attribute 'value' of object '' is: '5000'

2018-06-04 18:55:16 - [MESSAGE][PASSED] - Attribute 'value' of object '' is: '5000'

2018-06-04 18:55:16 - [TEST_STEP][PASSED] - Statement - Rqty = 10000: null

2018-06-04 18:55:16 - [TEST_STEP][PASSED] - Statement - out.println("BatchQty : " + batchqty): null

2018-06-04 18:55:16 - [TEST_STEP][PASSED] - Statement - out.println("RQty : " + Rqty): null

2018-06-04 18:55:16 - [TEST_STEP][PASSED] - Statement - If (java.lang.Integer.valueOf(batchqty) >= java.lang.Integer.valueOf(Rqty)): null

2018-06-04 18:55:16 - [TEST_STEP][PASSED] - Statement - Else: null

2018-06-04 18:55:16 - [TEST_STEP][PASSED] - Statement - out.println("Batchqty Is Less Than Rqty"): null

2018-06-04 18:55:16 - [TEST_STEP][PASSED] - Statement - product = new com.kms.katalon.core.testobject.TestObject(): null

2018-06-04 18:55:16 - [TEST_STEP][PASSED] - Statement - product = com.kms.katalon.core.webui.keyword.WebUiBuiltInKeywords.modifyObjectProperty(product, "xpath", "equals", "//*[@id = "fldvendor" + row + ""]", true): Modify property of object successfully

2018-06-04 18:55:16 - [MESSAGE][PASSED] - Modify property of object successfully

2018-06-04 18:55:16 - [TEST_STEP][PASSED] - selectOptionByIndex: All options with index in [3] are selected on object ''

2018-06-04 18:55:16 - [MESSAGE][PASSED] - All options with index in [3] are selected on object ''

2018-06-04 18:55:16 - [TEST_STEP][PASSED] - delay: Delayed 2 second(s)

2018-06-04 18:55:18 - [MESSAGE][PASSED] - Delayed 2 second(s)

2018-06-04 18:55:18 - [TEST_STEP][PASSED] - Statement - batch = new com.kms.katalon.core.testobject.TestObject(): null

2018-06-04 18:55:18 - [TEST_STEP][PASSED] - Statement - batch = com.kms.katalon.core.webui.keyword.WebUiBuiltInKeywords.modifyObjectProperty(batch, "xpath", "equals", "//*[@id = "txtbthqty" + row + ""]", true): Modify property of object successfully

2018-06-04 18:55:18 - [MESSAGE][PASSED] - Modify property of object successfully

2018-06-04 18:55:18 - [TEST_STEP][PASSED] - Statement - batchqty = com.kms.katalon.core.webui.keyword.WebUiBuiltInKeywords.getAttribute(batch, "value").trim(): Attribute 'value' of object '' is: '3000'

2018-06-04 18:55:18 - [MESSAGE][PASSED] - Attribute 'value' of object '' is: '3000'

2018-06-04 18:55:18 - [TEST_STEP][PASSED] - Statement - Rqty = 10000: null

2018-06-04 18:55:18 - [TEST_STEP][PASSED] - Statement - out.println("BatchQty : " + batchqty): null

2018-06-04 18:55:18 - [TEST_STEP][PASSED] - Statement - out.println("RQty : " + Rqty): null

2018-06-04 18:55:18 - [TEST_STEP][PASSED] - Statement - If (java.lang.Integer.valueOf(batchqty) >= java.lang.Integer.valueOf(Rqty)): null

2018-06-04 18:55:18 - [TEST_STEP][PASSED] - Statement - Else: null

2018-06-04 18:55:18 - [TEST_STEP][PASSED] - Statement - out.println("Batchqty Is Less Than Rqty"): null

2018-06-04 18:55:18 - [TEST_STEP][PASSED] - Statement - product = new com.kms.katalon.core.testobject.TestObject(): null

2018-06-04 18:55:18 - [TEST_STEP][PASSED] - Statement - product = com.kms.katalon.core.webui.keyword.WebUiBuiltInKeywords.modifyObjectProperty(product, "xpath", "equals", "//*[@id = "fldvendor" + row + ""]", true): Modify property of object successfully

2018-06-04 18:55:18 - [MESSAGE][PASSED] - Modify property of object successfully

2018-06-04 18:55:18 - [TEST_STEP][PASSED] - selectOptionByIndex: All options with index in [4] are selected on object ''

2018-06-04 18:55:18 - [MESSAGE][PASSED] - All options with index in [4] are selected on object ''

2018-06-04 18:55:18 - [TEST_STEP][PASSED] - delay: Delayed 2 second(s)

2018-06-04 18:55:20 - [MESSAGE][PASSED] - Delayed 2 second(s)

2018-06-04 18:55:20 - [TEST_STEP][PASSED] - Statement - batch = new com.kms.katalon.core.testobject.TestObject(): null

2018-06-04 18:55:20 - [TEST_STEP][PASSED] - Statement - batch = com.kms.katalon.core.webui.keyword.WebUiBuiltInKeywords.modifyObjectProperty(batch, "xpath", "equals", "//*[@id = "txtbthqty" + row + ""]", true): Modify property of object successfully

2018-06-04 18:55:20 - [MESSAGE][PASSED] - Modify property of object successfully

2018-06-04 18:55:20 - [TEST_STEP][PASSED] - Statement - batchqty = com.kms.katalon.core.webui.keyword.WebUiBuiltInKeywords.getAttribute(batch, "value").trim(): Attribute 'value' of object '' is: '5000'

2018-06-04 18:55:20 - [MESSAGE][PASSED] - Attribute 'value' of object '' is: '5000'

2018-06-04 18:55:20 - [TEST_STEP][PASSED] - Statement - Rqty = 10000: null

2018-06-04 18:55:20 - [TEST_STEP][PASSED] - Statement - out.println("BatchQty : " + batchqty): null

2018-06-04 18:55:20 - [TEST_STEP][PASSED] - Statement - out.println("RQty : " + Rqty): null

2018-06-04 18:55:20 - [TEST_STEP][PASSED] - Statement - If (java.lang.Integer.valueOf(batchqty) >= java.lang.Integer.valueOf(Rqty)): null

2018-06-04 18:55:20 - [TEST_STEP][PASSED] - Statement - Else: null

2018-06-04 18:55:20 - [TEST_STEP][PASSED] - Statement - out.println("Batchqty Is Less Than Rqty"): null

2018-06-04 18:55:20 - [TEST_STEP][PASSED] - Statement - product = new com.kms.katalon.core.testobject.TestObject(): null

2018-06-04 18:55:20 - [TEST_STEP][PASSED] - Statement - product = com.kms.katalon.core.webui.keyword.WebUiBuiltInKeywords.modifyObjectProperty(product, "xpath", "equals", "//*[@id = "fldvendor" + row + ""]", true): Modify property of object successfully

2018-06-04 18:55:20 - [MESSAGE][PASSED] - Modify property of object successfully

2018-06-04 18:55:20 - [TEST_STEP][PASSED] - selectOptionByIndex: All options with index in [5] are selected on object ''

2018-06-04 18:55:21 - [MESSAGE][PASSED] - All options with index in [5] are selected on object ''

2018-06-04 18:55:21 - [TEST_STEP][PASSED] - delay: Delayed 2 second(s)

2018-06-04 18:55:23 - [MESSAGE][PASSED] - Delayed 2 second(s)

2018-06-04 18:55:23 - [TEST_STEP][PASSED] - Statement - batch = new com.kms.katalon.core.testobject.TestObject(): null

2018-06-04 18:55:23 - [TEST_STEP][PASSED] - Statement - batch = com.kms.katalon.core.webui.keyword.WebUiBuiltInKeywords.modifyObjectProperty(batch, "xpath", "equals", "//*[@id = "txtbthqty" + row + ""]", true): Modify property of object successfully

2018-06-04 18:55:23 - [MESSAGE][PASSED] - Modify property of object successfully

2018-06-04 18:55:23 - [TEST_STEP][PASSED] - Statement - batchqty = com.kms.katalon.core.webui.keyword.WebUiBuiltInKeywords.getAttribute(batch, "value").trim(): Attribute 'value' of object '' is: '5000'

2018-06-04 18:55:23 - [MESSAGE][PASSED] - Attribute 'value' of object '' is: '5000'

2018-06-04 18:55:23 - [TEST_STEP][PASSED] - Statement - Rqty = 10000: null

2018-06-04 18:55:23 - [TEST_STEP][PASSED] - Statement - out.println("BatchQty : " + batchqty): null

2018-06-04 18:55:23 - [TEST_STEP][PASSED] - Statement - out.println("RQty : " + Rqty): null

2018-06-04 18:55:23 - [TEST_STEP][PASSED] - Statement - If (java.lang.Integer.valueOf(batchqty) >= java.lang.Integer.valueOf(Rqty)): null

2018-06-04 18:55:23 - [TEST_STEP][PASSED] - Statement - Else: null

2018-06-04 18:55:23 - [TEST_STEP][PASSED] - Statement - out.println("Batchqty Is Less Than Rqty"): null

2018-06-04 18:55:23 - [TEST_STEP][PASSED] - Statement - product = new com.kms.katalon.core.testobject.TestObject(): null

2018-06-04 18:55:23 - [TEST_STEP][PASSED] - Statement - product = com.kms.katalon.core.webui.keyword.WebUiBuiltInKeywords.modifyObjectProperty(product, "xpath", "equals", "//*[@id = "fldvendor" + row + ""]", true): Modify property of object successfully

2018-06-04 18:55:23 - [MESSAGE][PASSED] - Modify property of object successfully

2018-06-04 18:55:23 - [TEST_STEP][PASSED] - selectOptionByIndex: All options with index in [6] are selected on object ''

2018-06-04 18:55:23 - [MESSAGE][PASSED] - All options with index in [6] are selected on object ''

2018-06-04 18:55:23 - [TEST_STEP][PASSED] - delay: Delayed 2 second(s)

2018-06-04 18:55:25 - [MESSAGE][PASSED] - Delayed 2 second(s)

2018-06-04 18:55:25 - [TEST_STEP][PASSED] - Statement - batch = new com.kms.katalon.core.testobject.TestObject(): null

2018-06-04 18:55:25 - [TEST_STEP][PASSED] - Statement - batch = com.kms.katalon.core.webui.keyword.WebUiBuiltInKeywords.modifyObjectProperty(batch, "xpath", "equals", "//*[@id = "txtbthqty" + row + ""]", true): Modify property of object successfully

2018-06-04 18:55:25 - [MESSAGE][PASSED] - Modify property of object successfully

2018-06-04 18:55:25 - [TEST_STEP][PASSED] - Statement - batchqty = com.kms.katalon.core.webui.keyword.WebUiBuiltInKeywords.getAttribute(batch, "value").trim(): Attribute 'value' of object '' is: '5000'

2018-06-04 18:55:25 - [MESSAGE][PASSED] - Attribute 'value' of object '' is: '5000'

2018-06-04 18:55:25 - [TEST_STEP][PASSED] - Statement - Rqty = 10000: null

2018-06-04 18:55:25 - [TEST_STEP][PASSED] - Statement - out.println("BatchQty : " + batchqty): null

2018-06-04 18:55:25 - [TEST_STEP][PASSED] - Statement - out.println("RQty : " + Rqty): null

2018-06-04 18:55:25 - [TEST_STEP][PASSED] - Statement - If (java.lang.Integer.valueOf(batchqty) >= java.lang.Integer.valueOf(Rqty)): null

2018-06-04 18:55:25 - [TEST_STEP][PASSED] - Statement - Else: null

2018-06-04 18:55:25 - [TEST_STEP][PASSED] - Statement - out.println("Batchqty Is Less Than Rqty"): null

2018-06-04 18:55:25 - [TEST_STEP][PASSED] - Statement - product = new com.kms.katalon.core.testobject.TestObject(): null

2018-06-04 18:55:25 - [TEST_STEP][PASSED] - Statement - product = com.kms.katalon.core.webui.keyword.WebUiBuiltInKeywords.modifyObjectProperty(product, "xpath", "equals", "//*[@id = "fldvendor" + row + ""]", true): Modify property of object successfully

2018-06-04 18:55:25 - [MESSAGE][PASSED] - Modify property of object successfully

2018-06-04 18:55:25 - [TEST_STEP][PASSED] - selectOptionByIndex: All options with index in [7] are selected on object ''

2018-06-04 18:55:25 - [MESSAGE][PASSED] - All options with index in [7] are selected on object ''

2018-06-04 18:55:25 - [TEST_STEP][PASSED] - delay: Delayed 2 second(s)

2018-06-04 18:55:27 - [MESSAGE][PASSED] - Delayed 2 second(s)

2018-06-04 18:55:27 - [TEST_STEP][PASSED] - Statement - batch = new com.kms.katalon.core.testobject.TestObject(): null

2018-06-04 18:55:27 - [TEST_STEP][PASSED] - Statement - batch = com.kms.katalon.core.webui.keyword.WebUiBuiltInKeywords.modifyObjectProperty(batch, "xpath", "equals", "//*[@id = "txtbthqty" + row + ""]", true): Modify property of object successfully

2018-06-04 18:55:27 - [MESSAGE][PASSED] - Modify property of object successfully

2018-06-04 18:55:27 - [TEST_STEP][PASSED] - Statement - batchqty = com.kms.katalon.core.webui.keyword.WebUiBuiltInKeywords.getAttribute(batch, "value").trim(): Attribute 'value' of object '' is: '5000'

2018-06-04 18:55:27 - [MESSAGE][PASSED] - Attribute 'value' of object '' is: '5000'

2018-06-04 18:55:27 - [TEST_STEP][PASSED] - Statement - Rqty = 10000: null

2018-06-04 18:55:27 - [TEST_STEP][PASSED] - Statement - out.println("BatchQty : " + batchqty): null

2018-06-04 18:55:27 - [TEST_STEP][PASSED] - Statement - out.println("RQty : " + Rqty): null

2018-06-04 18:55:27 - [TEST_STEP][PASSED] - Statement - If (java.lang.Integer.valueOf(batchqty) >= java.lang.Integer.valueOf(Rqty)): null

2018-06-04 18:55:27 - [TEST_STEP][PASSED] - Statement - Else: null

2018-06-04 18:55:27 - [TEST_STEP][PASSED] - Statement - out.println("Batchqty Is Less Than Rqty"): null

2018-06-04 18:55:27 - [TEST_STEP][PASSED] - Statement - product = new com.kms.katalon.core.testobject.TestObject(): null

2018-06-04 18:55:27 - [TEST_STEP][PASSED] - Statement - product = com.kms.katalon.core.webui.keyword.WebUiBuiltInKeywords.modifyObjectProperty(product, "xpath", "equals", "//*[@id = "fldvendor" + row + ""]", true): Modify property of object successfully

2018-06-04 18:55:27 - [MESSAGE][PASSED] - Modify property of object successfully

2018-06-04 18:55:27 - [TEST_STEP][PASSED] - selectOptionByIndex: All options with index in [8] are selected on object ''

2018-06-04 18:55:27 - [MESSAGE][PASSED] - All options with index in [8] are selected on object ''

2018-06-04 18:55:27 - [TEST_STEP][PASSED] - delay: Delayed 2 second(s)

2018-06-04 18:55:29 - [MESSAGE][PASSED] - Delayed 2 second(s)

2018-06-04 18:55:29 - [TEST_STEP][PASSED] - Statement - batch = new com.kms.katalon.core.testobject.TestObject(): null

2018-06-04 18:55:29 - [TEST_STEP][PASSED] - Statement - batch = com.kms.katalon.core.webui.keyword.WebUiBuiltInKeywords.modifyObjectProperty(batch, "xpath", "equals", "//*[@id = "txtbthqty" + row + ""]", true): Modify property of object successfully

2018-06-04 18:55:29 - [MESSAGE][PASSED] - Modify property of object successfully

2018-06-04 18:55:29 - [TEST_STEP][PASSED] - Statement - batchqty = com.kms.katalon.core.webui.keyword.WebUiBuiltInKeywords.getAttribute(batch, "value").trim(): Attribute 'value' of object '' is: '5000'

2018-06-04 18:55:29 - [MESSAGE][PASSED] - Attribute 'value' of object '' is: '5000'

2018-06-04 18:55:29 - [TEST_STEP][PASSED] - Statement - Rqty = 10000: null

2018-06-04 18:55:29 - [TEST_STEP][PASSED] - Statement - out.println("BatchQty : " + batchqty): null

2018-06-04 18:55:29 - [TEST_STEP][PASSED] - Statement - out.println("RQty : " + Rqty): null

2018-06-04 18:55:29 - [TEST_STEP][PASSED] - Statement - If (java.lang.Integer.valueOf(batchqty) >= java.lang.Integer.valueOf(Rqty)): null

2018-06-04 18:55:29 - [TEST_STEP][PASSED] - Statement - Else: null

2018-06-04 18:55:29 - [TEST_STEP][PASSED] - Statement - out.println("Batchqty Is Less Than Rqty"): null

2018-06-04 18:55:29 - [TEST_STEP][PASSED] - Statement - product = new com.kms.katalon.core.testobject.TestObject(): null

2018-06-04 18:55:29 - [TEST_STEP][PASSED] - Statement - product = com.kms.katalon.core.webui.keyword.WebUiBuiltInKeywords.modifyObjectProperty(product, "xpath", "equals", "//*[@id = "fldvendor" + row + ""]", true): Modify property of object successfully

2018-06-04 18:55:29 - [MESSAGE][PASSED] - Modify property of object successfully

2018-06-04 18:55:29 - [TEST_STEP][PASSED] - selectOptionByIndex: All options with index in [9] are selected on object ''

2018-06-04 18:55:30 - [MESSAGE][PASSED] - All options with index in [9] are selected on object ''

2018-06-04 18:55:30 - [TEST_STEP][PASSED] - delay: Delayed 2 second(s)

2018-06-04 18:55:32 - [MESSAGE][PASSED] - Delayed 2 second(s)

2018-06-04 18:55:32 - [TEST_STEP][PASSED] - Statement - batch = new com.kms.katalon.core.testobject.TestObject(): null

2018-06-04 18:55:32 - [TEST_STEP][PASSED] - Statement - batch = com.kms.katalon.core.webui.keyword.WebUiBuiltInKeywords.modifyObjectProperty(batch, "xpath", "equals", "//*[@id = "txtbthqty" + row + ""]", true): Modify property of object successfully

2018-06-04 18:55:32 - [MESSAGE][PASSED] - Modify property of object successfully

2018-06-04 18:55:32 - [TEST_STEP][PASSED] - Statement - batchqty = com.kms.katalon.core.webui.keyword.WebUiBuiltInKeywords.getAttribute(batch, "value").trim(): Attribute 'value' of object '' is: '39300'

2018-06-04 18:55:32 - [MESSAGE][PASSED] - Attribute 'value' of object '' is: '39300'

2018-06-04 18:55:32 - [TEST_STEP][PASSED] - Statement - Rqty = 10000: null

2018-06-04 18:55:32 - [TEST_STEP][PASSED] - Statement - out.println("BatchQty : " + batchqty): null

2018-06-04 18:55:32 - [TEST_STEP][PASSED] - Statement - out.println("RQty : " + Rqty): null

2018-06-04 18:55:32 - [TEST_STEP][PASSED] - Statement - If (java.lang.Integer.valueOf(batchqty) >= java.lang.Integer.valueOf(Rqty)): null

2018-06-04 18:55:32 - [TEST_STEP][PASSED] - Statement - Break: null

2018-06-04 18:55:32 - [TEST_STEP][PASSED] - Statement - batchlength = new com.kms.katalon.core.testobject.TestObject(): null

2018-06-04 18:55:32 - [TEST_STEP][PASSED] - Statement - batchlength = com.kms.katalon.core.webui.keyword.WebUiBuiltInKeywords.modifyObjectProperty(batchlength, "xpath", "equals", "//*[@id = "fldvendor" + row + ""]", true): Modify property of object successfully

2018-06-04 18:55:32 - [MESSAGE][PASSED] - Modify property of object successfully

2018-06-04 18:55:32 - [TEST_STEP][PASSED] - Statement - batchsize = com.kms.katalon.core.webui.keyword.WebUiBuiltInKeywords.getNumberOfTotalOption(batchlength): 10 options of object '' counted

2018-06-04 18:55:32 - [MESSAGE][PASSED] - 10 options of object '' counted

2018-06-04 18:55:32 - [TEST_STEP][PASSED] - Statement - out.println("BatchSize : " + batchsize): null

2018-06-04 18:55:32 - [TEST_STEP][PASSED] - Statement - For ([n = 1, n <= batchsize - 1, (n++)]): null

2018-06-04 18:55:32 - [TEST_STEP][PASSED] - Statement - product = new com.kms.katalon.core.testobject.TestObject(): null

2018-06-04 18:55:32 - [TEST_STEP][PASSED] - Statement - product = com.kms.katalon.core.webui.keyword.WebUiBuiltInKeywords.modifyObjectProperty(product, "xpath", "equals", "//*[@id = "fldvendor" + row + ""]", true): Modify property of object successfully

2018-06-04 18:55:32 - [MESSAGE][PASSED] - Modify property of object successfully

2018-06-04 18:55:32 - [TEST_STEP][PASSED] - selectOptionByIndex: All options with index in [1] are selected on object ''

2018-06-04 18:55:32 - [MESSAGE][PASSED] - All options with index in [1] are selected on object ''

2018-06-04 18:55:32 - [TEST_STEP][PASSED] - delay: Delayed 2 second(s)

2018-06-04 18:55:34 - [MESSAGE][PASSED] - Delayed 2 second(s)

2018-06-04 18:55:34 - [TEST_STEP][PASSED] - Statement - batch = new com.kms.katalon.core.testobject.TestObject(): null

2018-06-04 18:55:34 - [TEST_STEP][PASSED] - Statement - batch = com.kms.katalon.core.webui.keyword.WebUiBuiltInKeywords.modifyObjectProperty(batch, "xpath", "equals", "//*[@id = "txtbthqty" + row + ""]", true): Modify property of object successfully

2018-06-04 18:55:34 - [MESSAGE][PASSED] - Modify property of object successfully

2018-06-04 18:55:34 - [TEST_STEP][PASSED] - Statement - batchqty = com.kms.katalon.core.webui.keyword.WebUiBuiltInKeywords.getAttribute(batch, "value").trim(): Attribute 'value' of object '' is: '600'

2018-06-04 18:55:34 - [MESSAGE][PASSED] - Attribute 'value' of object '' is: '600'

2018-06-04 18:55:34 - [TEST_STEP][PASSED] - Statement - Rqty = 10000: null

2018-06-04 18:55:34 - [TEST_STEP][PASSED] - Statement - out.println("BatchQty : " + batchqty): null

2018-06-04 18:55:34 - [TEST_STEP][PASSED] - Statement - out.println("RQty : " + Rqty): null

2018-06-04 18:55:34 - [TEST_STEP][PASSED] - Statement - If (java.lang.Integer.valueOf(batchqty) >= java.lang.Integer.valueOf(Rqty)): null

2018-06-04 18:55:34 - [TEST_STEP][PASSED] - Statement - Else: null

2018-06-04 18:55:34 - [TEST_STEP][PASSED] - Statement - out.println("Batchqty Is Less Than Rqty"): null

2018-06-04 18:55:34 - [TEST_STEP][PASSED] - Statement - product = new com.kms.katalon.core.testobject.TestObject(): null

2018-06-04 18:55:34 - [TEST_STEP][PASSED] - Statement - product = com.kms.katalon.core.webui.keyword.WebUiBuiltInKeywords.modifyObjectProperty(product, "xpath", "equals", "//*[@id = "fldvendor" + row + ""]", true): Modify property of object successfully

2018-06-04 18:55:34 - [MESSAGE][PASSED] - Modify property of object successfully

2018-06-04 18:55:34 - [TEST_STEP][PASSED] - selectOptionByIndex: All options with index in [2] are selected on object ''

2018-06-04 18:55:34 - [MESSAGE][PASSED] - All options with index in [2] are selected on object ''

2018-06-04 18:55:34 - [TEST_STEP][PASSED] - delay: Delayed 2 second(s)

2018-06-04 18:55:36 - [MESSAGE][PASSED] - Delayed 2 second(s)

2018-06-04 18:55:36 - [TEST_STEP][PASSED] - Statement - batch = new com.kms.katalon.core.testobject.TestObject(): null

2018-06-04 18:55:36 - [TEST_STEP][PASSED] - Statement - batch = com.kms.katalon.core.webui.keyword.WebUiBuiltInKeywords.modifyObjectProperty(batch, "xpath", "equals", "//*[@id = "txtbthqty" + row + ""]", true): Modify property of object successfully

2018-06-04 18:55:36 - [MESSAGE][PASSED] - Modify property of object successfully

2018-06-04 18:55:36 - [TEST_STEP][PASSED] - Statement - batchqty = com.kms.katalon.core.webui.keyword.WebUiBuiltInKeywords.getAttribute(batch, "value").trim(): Attribute 'value' of object '' is: '39300'

2018-06-04 18:55:36 - [MESSAGE][PASSED] - Attribute 'value' of object '' is: '39300'

2018-06-04 18:55:36 - [TEST_STEP][PASSED] - Statement - Rqty = 10000: null

2018-06-04 18:55:36 - [TEST_STEP][PASSED] - Statement - out.println("BatchQty : " + batchqty): null

2018-06-04 18:55:36 - [TEST_STEP][PASSED] - Statement - out.println("RQty : " + Rqty): null

2018-06-04 18:55:36 - [TEST_STEP][PASSED] - Statement - If (java.lang.Integer.valueOf(batchqty) >= java.lang.Integer.valueOf(Rqty)): null

2018-06-04 18:55:36 - [TEST_STEP][PASSED] - Statement - Break: null

2018-06-04 18:55:36 - [TEST_STEP][PASSED] - Statement - batchlength = new com.kms.katalon.core.testobject.TestObject(): null

2018-06-04 18:55:36 - [TEST_STEP][PASSED] - Statement - batchlength = com.kms.katalon.core.webui.keyword.WebUiBuiltInKeywords.modifyObjectProperty(batchlength, "xpath", "equals", "//*[@id = "fldvendor" + row + ""]", true): Modify property of object successfully

2018-06-04 18:55:36 - [MESSAGE][PASSED] - Modify property of object successfully

2018-06-04 18:55:36 - [TEST_STEP][PASSED] - Statement - batchsize = com.kms.katalon.core.webui.keyword.WebUiBuiltInKeywords.getNumberOfTotalOption(batchlength): 9 options of object '' counted

2018-06-04 18:55:36 - [MESSAGE][PASSED] - 9 options of object '' counted

2018-06-04 18:55:36 - [TEST_STEP][PASSED] - Statement - out.println("BatchSize : " + batchsize): null

2018-06-04 18:55:36 - [TEST_STEP][PASSED] - Statement - For ([n = 1, n <= batchsize - 1, (n++)]): null

2018-06-04 18:55:36 - [TEST_STEP][PASSED] - Statement - product = new com.kms.katalon.core.testobject.TestObject(): null

2018-06-04 18:55:36 - [TEST_STEP][PASSED] - Statement - product = com.kms.katalon.core.webui.keyword.WebUiBuiltInKeywords.modifyObjectProperty(product, "xpath", "equals", "//*[@id = "fldvendor" + row + ""]", true): Modify property of object successfully

2018-06-04 18:55:36 - [MESSAGE][PASSED] - Modify property of object successfully

2018-06-04 18:55:36 - [TEST_STEP][PASSED] - selectOptionByIndex: All options with index in [1] are selected on object ''

2018-06-04 18:55:36 - [MESSAGE][PASSED] - All options with index in [1] are selected on object ''

2018-06-04 18:55:36 - [TEST_STEP][PASSED] - delay: Delayed 2 second(s)

2018-06-04 18:55:38 - [MESSAGE][PASSED] - Delayed 2 second(s)

2018-06-04 18:55:38 - [TEST_STEP][PASSED] - Statement - batch = new com.kms.katalon.core.testobject.TestObject(): null

2018-06-04 18:55:38 - [TEST_STEP][PASSED] - Statement - batch = com.kms.katalon.core.webui.keyword.WebUiBuiltInKeywords.modifyObjectProperty(batch, "xpath", "equals", "//*[@id = "txtbthqty" + row + ""]", true): Modify property of object successfully

2018-06-04 18:55:38 - [MESSAGE][PASSED] - Modify property of object successfully

2018-06-04 18:55:38 - [TEST_STEP][PASSED] - Statement - batchqty = com.kms.katalon.core.webui.keyword.WebUiBuiltInKeywords.getAttribute(batch, "value").trim(): Attribute 'value' of object '' is: '3800'

2018-06-04 18:55:38 - [MESSAGE][PASSED] - Attribute 'value' of object '' is: '3800'

2018-06-04 18:55:38 - [TEST_STEP][PASSED] - Statement - Rqty = 10000: null

2018-06-04 18:55:38 - [TEST_STEP][PASSED] - Statement - out.println("BatchQty : " + batchqty): null

2018-06-04 18:55:38 - [TEST_STEP][PASSED] - Statement - out.println("RQty : " + Rqty): null

2018-06-04 18:55:38 - [TEST_STEP][PASSED] - Statement - If (java.lang.Integer.valueOf(batchqty) >= java.lang.Integer.valueOf(Rqty)): null

2018-06-04 18:55:38 - [TEST_STEP][PASSED] - Statement - Else: null

2018-06-04 18:55:38 - [TEST_STEP][PASSED] - Statement - out.println("Batchqty Is Less Than Rqty"): null

2018-06-04 18:55:38 - [TEST_STEP][PASSED] - Statement - product = new com.kms.katalon.core.testobject.TestObject(): null

2018-06-04 18:55:38 - [TEST_STEP][PASSED] - Statement - product = com.kms.katalon.core.webui.keyword.WebUiBuiltInKeywords.modifyObjectProperty(product, "xpath", "equals", "//*[@id = "fldvendor" + row + ""]", true): Modify property of object successfully

2018-06-04 18:55:38 - [MESSAGE][PASSED] - Modify property of object successfully

2018-06-04 18:55:38 - [TEST_STEP][PASSED] - selectOptionByIndex: All options with index in [2] are selected on object ''

2018-06-04 18:55:38 - [MESSAGE][PASSED] - All options with index in [2] are selected on object ''

2018-06-04 18:55:38 - [TEST_STEP][PASSED] - delay: Delayed 2 second(s)

2018-06-04 18:55:40 - [MESSAGE][PASSED] - Delayed 2 second(s)

2018-06-04 18:55:40 - [TEST_STEP][PASSED] - Statement - batch = new com.kms.katalon.core.testobject.TestObject(): null

2018-06-04 18:55:40 - [TEST_STEP][PASSED] - Statement - batch = com.kms.katalon.core.webui.keyword.WebUiBuiltInKeywords.modifyObjectProperty(batch, "xpath", "equals", "//*[@id = "txtbthqty" + row + ""]", true): Modify property of object successfully

2018-06-04 18:55:40 - [MESSAGE][PASSED] - Modify property of object successfully

2018-06-04 18:55:40 - [TEST_STEP][PASSED] - Statement - batchqty = com.kms.katalon.core.webui.keyword.WebUiBuiltInKeywords.getAttribute(batch, "value").trim(): Attribute 'value' of object '' is: '4800'

2018-06-04 18:55:40 - [MESSAGE][PASSED] - Attribute 'value' of object '' is: '4800'

2018-06-04 18:55:40 - [TEST_STEP][PASSED] - Statement - Rqty = 10000: null

2018-06-04 18:55:40 - [TEST_STEP][PASSED] - Statement - out.println("BatchQty : " + batchqty): null

2018-06-04 18:55:40 - [TEST_STEP][PASSED] - Statement - out.println("RQty : " + Rqty): null

2018-06-04 18:55:40 - [TEST_STEP][PASSED] - Statement - If (java.lang.Integer.valueOf(batchqty) >= java.lang.Integer.valueOf(Rqty)): null

2018-06-04 18:55:40 - [TEST_STEP][PASSED] - Statement - Else: null

2018-06-04 18:55:40 - [TEST_STEP][PASSED] - Statement - out.println("Batchqty Is Less Than Rqty"): null

2018-06-04 18:55:40 - [TEST_STEP][PASSED] - Statement - product = new com.kms.katalon.core.testobject.TestObject(): null

2018-06-04 18:55:40 - [TEST_STEP][PASSED] - Statement - product = com.kms.katalon.core.webui.keyword.WebUiBuiltInKeywords.modifyObjectProperty(product, "xpath", "equals", "//*[@id = "fldvendor" + row + ""]", true): Modify property of object successfully

2018-06-04 18:55:40 - [MESSAGE][PASSED] - Modify property of object successfully

2018-06-04 18:55:40 - [TEST_STEP][PASSED] - selectOptionByIndex: All options with index in [3] are selected on object ''

2018-06-04 18:55:41 - [MESSAGE][PASSED] - All options with index in [3] are selected on object ''

2018-06-04 18:55:41 - [TEST_STEP][PASSED] - delay: Delayed 2 second(s)

2018-06-04 18:55:43 - [MESSAGE][PASSED] - Delayed 2 second(s)

2018-06-04 18:55:43 - [TEST_STEP][PASSED] - Statement - batch = new com.kms.katalon.core.testobject.TestObject(): null

2018-06-04 18:55:43 - [TEST_STEP][PASSED] - Statement - batch = com.kms.katalon.core.webui.keyword.WebUiBuiltInKeywords.modifyObjectProperty(batch, "xpath", "equals", "//*[@id = "txtbthqty" + row + ""]", true): Modify property of object successfully

2018-06-04 18:55:43 - [MESSAGE][PASSED] - Modify property of object successfully

2018-06-04 18:55:43 - [TEST_STEP][PASSED] - Statement - batchqty = com.kms.katalon.core.webui.keyword.WebUiBuiltInKeywords.getAttribute(batch, "value").trim(): Attribute 'value' of object '' is: '5000'

2018-06-04 18:55:43 - [MESSAGE][PASSED] - Attribute 'value' of object '' is: '5000'

2018-06-04 18:55:43 - [TEST_STEP][PASSED] - Statement - Rqty = 10000: null

2018-06-04 18:55:43 - [TEST_STEP][PASSED] - Statement - out.println("BatchQty : " + batchqty): null

2018-06-04 18:55:43 - [TEST_STEP][PASSED] - Statement - out.println("RQty : " + Rqty): null

2018-06-04 18:55:43 - [TEST_STEP][PASSED] - Statement - If (java.lang.Integer.valueOf(batchqty) >= java.lang.Integer.valueOf(Rqty)): null

2018-06-04 18:55:43 - [TEST_STEP][PASSED] - Statement - Else: null

2018-06-04 18:55:43 - [TEST_STEP][PASSED] - Statement - out.println("Batchqty Is Less Than Rqty"): null

2018-06-04 18:55:43 - [TEST_STEP][PASSED] - Statement - product = new com.kms.katalon.core.testobject.TestObject(): null

2018-06-04 18:55:43 - [TEST_STEP][PASSED] - Statement - product = com.kms.katalon.core.webui.keyword.WebUiBuiltInKeywords.modifyObjectProperty(product, "xpath", "equals", "//*[@id = "fldvendor" + row + ""]", true): Modify property of object successfully

2018-06-04 18:55:43 - [MESSAGE][PASSED] - Modify property of object successfully

2018-06-04 18:55:43 - [TEST_STEP][PASSED] - selectOptionByIndex: All options with index in [4] are selected on object ''

2018-06-04 18:55:43 - [MESSAGE][PASSED] - All options with index in [4] are selected on object ''

2018-06-04 18:55:43 - [TEST_STEP][PASSED] - delay: Delayed 2 second(s)

2018-06-04 18:55:45 - [MESSAGE][PASSED] - Delayed 2 second(s)

2018-06-04 18:55:45 - [TEST_STEP][PASSED] - Statement - batch = new com.kms.katalon.core.testobject.TestObject(): null

2018-06-04 18:55:45 - [TEST_STEP][PASSED] - Statement - batch = com.kms.katalon.core.webui.keyword.WebUiBuiltInKeywords.modifyObjectProperty(batch, "xpath", "equals", "//*[@id = "txtbthqty" + row + ""]", true): Modify property of object successfully

2018-06-04 18:55:45 - [MESSAGE][PASSED] - Modify property of object successfully

2018-06-04 18:55:45 - [TEST_STEP][PASSED] - Statement - batchqty = com.kms.katalon.core.webui.keyword.WebUiBuiltInKeywords.getAttribute(batch, "value").trim(): Attribute 'value' of object '' is: '5000'

2018-06-04 18:55:45 - [MESSAGE][PASSED] - Attribute 'value' of object '' is: '5000'

2018-06-04 18:55:45 - [TEST_STEP][PASSED] - Statement - Rqty = 10000: null

2018-06-04 18:55:45 - [TEST_STEP][PASSED] - Statement - out.println("BatchQty : " + batchqty): null

2018-06-04 18:55:45 - [TEST_STEP][PASSED] - Statement - out.println("RQty : " + Rqty): null

2018-06-04 18:55:45 - [TEST_STEP][PASSED] - Statement - If (java.lang.Integer.valueOf(batchqty) >= java.lang.Integer.valueOf(Rqty)): null

2018-06-04 18:55:45 - [TEST_STEP][PASSED] - Statement - Else: null

2018-06-04 18:55:45 - [TEST_STEP][PASSED] - Statement - out.println("Batchqty Is Less Than Rqty"): null

2018-06-04 18:55:45 - [TEST_STEP][PASSED] - Statement - product = new com.kms.katalon.core.testobject.TestObject(): null

2018-06-04 18:55:45 - [TEST_STEP][PASSED] - Statement - product = com.kms.katalon.core.webui.keyword.WebUiBuiltInKeywords.modifyObjectProperty(product, "xpath", "equals", "//*[@id = "fldvendor" + row + ""]", true): Modify property of object successfully

2018-06-04 18:55:45 - [MESSAGE][PASSED] - Modify property of object successfully

2018-06-04 18:55:45 - [TEST_STEP][PASSED] - selectOptionByIndex: All options with index in [5] are selected on object ''

2018-06-04 18:55:45 - [MESSAGE][PASSED] - All options with index in [5] are selected on object ''

2018-06-04 18:55:45 - [TEST_STEP][PASSED] - delay: Delayed 2 second(s)

2018-06-04 18:55:47 - [MESSAGE][PASSED] - Delayed 2 second(s)

2018-06-04 18:55:47 - [TEST_STEP][PASSED] - Statement - batch = new com.kms.katalon.core.testobject.TestObject(): null

2018-06-04 18:55:47 - [TEST_STEP][PASSED] - Statement - batch = com.kms.katalon.core.webui.keyword.WebUiBuiltInKeywords.modifyObjectProperty(batch, "xpath", "equals", "//*[@id = "txtbthqty" + row + ""]", true): Modify property of object successfully

2018-06-04 18:55:47 - [MESSAGE][PASSED] - Modify property of object successfully

2018-06-04 18:55:47 - [TEST_STEP][PASSED] - Statement - batchqty = com.kms.katalon.core.webui.keyword.WebUiBuiltInKeywords.getAttribute(batch, "value").trim(): Attribute 'value' of object '' is: '5000'

2018-06-04 18:55:47 - [MESSAGE][PASSED] - Attribute 'value' of object '' is: '5000'

2018-06-04 18:55:47 - [TEST_STEP][PASSED] - Statement - Rqty = 10000: null

2018-06-04 18:55:47 - [TEST_STEP][PASSED] - Statement - out.println("BatchQty : " + batchqty): null

2018-06-04 18:55:47 - [TEST_STEP][PASSED] - Statement - out.println("RQty : " + Rqty): null

2018-06-04 18:55:47 - [TEST_STEP][PASSED] - Statement - If (java.lang.Integer.valueOf(batchqty) >= java.lang.Integer.valueOf(Rqty)): null

2018-06-04 18:55:47 - [TEST_STEP][PASSED] - Statement - Else: null

2018-06-04 18:55:47 - [TEST_STEP][PASSED] - Statement - out.println("Batchqty Is Less Than Rqty"): null

2018-06-04 18:55:47 - [TEST_STEP][PASSED] - Statement - product = new com.kms.katalon.core.testobject.TestObject(): null

2018-06-04 18:55:47 - [TEST_STEP][PASSED] - Statement - product = com.kms.katalon.core.webui.keyword.WebUiBuiltInKeywords.modifyObjectProperty(product, "xpath", "equals", "//*[@id = "fldvendor" + row + ""]", true): Modify property of object successfully

2018-06-04 18:55:47 - [MESSAGE][PASSED] - Modify property of object successfully

2018-06-04 18:55:47 - [TEST_STEP][PASSED] - selectOptionByIndex: All options with index in [6] are selected on object ''

2018-06-04 18:55:47 - [MESSAGE][PASSED] - All options with index in [6] are selected on object ''

2018-06-04 18:55:47 - [TEST_STEP][PASSED] - delay: Delayed 2 second(s)

2018-06-04 18:55:49 - [MESSAGE][PASSED] - Delayed 2 second(s)

2018-06-04 18:55:49 - [TEST_STEP][PASSED] - Statement - batch = new com.kms.katalon.core.testobject.TestObject(): null

2018-06-04 18:55:49 - [TEST_STEP][PASSED] - Statement - batch = com.kms.katalon.core.webui.keyword.WebUiBuiltInKeywords.modifyObjectProperty(batch, "xpath", "equals", "//*[@id = "txtbthqty" + row + ""]", true): Modify property of object successfully

2018-06-04 18:55:49 - [MESSAGE][PASSED] - Modify property of object successfully

2018-06-04 18:55:49 - [TEST_STEP][PASSED] - Statement - batchqty = com.kms.katalon.core.webui.keyword.WebUiBuiltInKeywords.getAttribute(batch, "value").trim(): Attribute 'value' of object '' is: '39300'

2018-06-04 18:55:49 - [MESSAGE][PASSED] - Attribute 'value' of object '' is: '39300'

2018-06-04 18:55:49 - [TEST_STEP][PASSED] - Statement - Rqty = 10000: null

2018-06-04 18:55:49 - [TEST_STEP][PASSED] - Statement - out.println("BatchQty : " + batchqty): null

2018-06-04 18:55:49 - [TEST_STEP][PASSED] - Statement - out.println("RQty : " + Rqty): null

2018-06-04 18:55:49 - [TEST_STEP][PASSED] - Statement - If (java.lang.Integer.valueOf(batchqty) >= java.lang.Integer.valueOf(Rqty)): null

2018-06-04 18:55:49 - [TEST_STEP][PASSED] - Statement - Break: null

2018-06-04 18:55:49 - [TEST_STEP][PASSED] - Statement - batchlength = new com.kms.katalon.core.testobject.TestObject(): null

2018-06-04 18:55:49 - [TEST_STEP][PASSED] - Statement - batchlength = com.kms.katalon.core.webui.keyword.WebUiBuiltInKeywords.modifyObjectProperty(batchlength, "xpath", "equals", "//*[@id = "fldvendor" + row + ""]", true): Modify property of object successfully

2018-06-04 18:55:49 - [MESSAGE][PASSED] - Modify property of object successfully

2018-06-04 18:55:49 - [TEST_STEP][PASSED] - Statement - batchsize = com.kms.katalon.core.webui.keyword.WebUiBuiltInKeywords.getNumberOfTotalOption(batchlength): 8 options of object '' counted

2018-06-04 18:55:49 - [MESSAGE][PASSED] - 8 options of object '' counted

2018-06-04 18:55:49 - [TEST_STEP][PASSED] - Statement - out.println("BatchSize : " + batchsize): null

2018-06-04 18:55:49 - [TEST_STEP][PASSED] - Statement - For ([n = 1, n <= batchsize - 1, (n++)]): null

2018-06-04 18:55:49 - [TEST_STEP][PASSED] - Statement - product = new com.kms.katalon.core.testobject.TestObject(): null

2018-06-04 18:55:49 - [TEST_STEP][PASSED] - Statement - product = com.kms.katalon.core.webui.keyword.WebUiBuiltInKeywords.modifyObjectProperty(product, "xpath", "equals", "//*[@id = "fldvendor" + row + ""]", true): Modify property of object successfully

2018-06-04 18:55:49 - [MESSAGE][PASSED] - Modify property of object successfully

2018-06-04 18:55:49 - [TEST_STEP][PASSED] - selectOptionByIndex: All options with index in [1] are selected on object ''

2018-06-04 18:55:50 - [MESSAGE][PASSED] - All options with index in [1] are selected on object ''

2018-06-04 18:55:50 - [TEST_STEP][PASSED] - delay: Delayed 2 second(s)

2018-06-04 18:55:52 - [MESSAGE][PASSED] - Delayed 2 second(s)

2018-06-04 18:55:52 - [TEST_STEP][PASSED] - Statement - batch = new com.kms.katalon.core.testobject.TestObject(): null

2018-06-04 18:55:52 - [TEST_STEP][PASSED] - Statement - batch = com.kms.katalon.core.webui.keyword.WebUiBuiltInKeywords.modifyObjectProperty(batch, "xpath", "equals", "//*[@id = "txtbthqty" + row + ""]", true): Modify property of object successfully

2018-06-04 18:55:52 - [MESSAGE][PASSED] - Modify property of object successfully

2018-06-04 18:55:52 - [TEST_STEP][PASSED] - Statement - batchqty = com.kms.katalon.core.webui.keyword.WebUiBuiltInKeywords.getAttribute(batch, "value").trim(): Attribute 'value' of object '' is: '3600'

2018-06-04 18:55:52 - [MESSAGE][PASSED] - Attribute 'value' of object '' is: '3600'

2018-06-04 18:55:52 - [TEST_STEP][PASSED] - Statement - Rqty = 10000: null

2018-06-04 18:55:52 - [TEST_STEP][PASSED] - Statement - out.println("BatchQty : " + batchqty): null

2018-06-04 18:55:52 - [TEST_STEP][PASSED] - Statement - out.println("RQty : " + Rqty): null

2018-06-04 18:55:52 - [TEST_STEP][PASSED] - Statement - If (java.lang.Integer.valueOf(batchqty) >= java.lang.Integer.valueOf(Rqty)): null

2018-06-04 18:55:52 - [TEST_STEP][PASSED] - Statement - Else: null

2018-06-04 18:55:52 - [TEST_STEP][PASSED] - Statement - out.println("Batchqty Is Less Than Rqty"): null

2018-06-04 18:55:52 - [TEST_STEP][PASSED] - Statement - product = new com.kms.katalon.core.testobject.TestObject(): null

2018-06-04 18:55:52 - [TEST_STEP][PASSED] - Statement - product = com.kms.katalon.core.webui.keyword.WebUiBuiltInKeywords.modifyObjectProperty(product, "xpath", "equals", "//*[@id = "fldvendor" + row + ""]", true): Modify property of object successfully

2018-06-04 18:55:52 - [MESSAGE][PASSED] - Modify property of object successfully

2018-06-04 18:55:52 - [TEST_STEP][PASSED] - selectOptionByIndex: All options with index in [2] are selected on object ''

2018-06-04 18:55:52 - [MESSAGE][PASSED] - All options with index in [2] are selected on object ''

2018-06-04 18:55:52 - [TEST_STEP][PASSED] - delay: Delayed 2 second(s)

2018-06-04 18:55:54 - [MESSAGE][PASSED] - Delayed 2 second(s)

2018-06-04 18:55:54 - [TEST_STEP][PASSED] - Statement - batch = new com.kms.katalon.core.testobject.TestObject(): null

2018-06-04 18:55:54 - [TEST_STEP][PASSED] - Statement - batch = com.kms.katalon.core.webui.keyword.WebUiBuiltInKeywords.modifyObjectProperty(batch, "xpath", "equals", "//*[@id = "txtbthqty" + row + ""]", true): Modify property of object successfully

2018-06-04 18:55:54 - [MESSAGE][PASSED] - Modify property of object successfully

2018-06-04 18:55:54 - [TEST_STEP][PASSED] - Statement - batchqty = com.kms.katalon.core.webui.keyword.WebUiBuiltInKeywords.getAttribute(batch, "value").trim(): Attribute 'value' of object '' is: '5000'

2018-06-04 18:55:54 - [MESSAGE][PASSED] - Attribute 'value' of object '' is: '5000'

2018-06-04 18:55:54 - [TEST_STEP][PASSED] - Statement - Rqty = 10000: null

2018-06-04 18:55:54 - [TEST_STEP][PASSED] - Statement - out.println("BatchQty : " + batchqty): null

2018-06-04 18:55:54 - [TEST_STEP][PASSED] - Statement - out.println("RQty : " + Rqty): null

2018-06-04 18:55:54 - [TEST_STEP][PASSED] - Statement - If (java.lang.Integer.valueOf(batchqty) >= java.lang.Integer.valueOf(Rqty)): null

2018-06-04 18:55:54 - [TEST_STEP][PASSED] - Statement - Else: null

2018-06-04 18:55:54 - [TEST_STEP][PASSED] - Statement - out.println("Batchqty Is Less Than Rqty"): null

2018-06-04 18:55:54 - [TEST_STEP][PASSED] - Statement - product = new com.kms.katalon.core.testobject.TestObject(): null

2018-06-04 18:55:54 - [TEST_STEP][PASSED] - Statement - product = com.kms.katalon.core.webui.keyword.WebUiBuiltInKeywords.modifyObjectProperty(product, "xpath", "equals", "//*[@id = "fldvendor" + row + ""]", true): Modify property of object successfully

2018-06-04 18:55:54 - [MESSAGE][PASSED] - Modify property of object successfully

2018-06-04 18:55:54 - [TEST_STEP][PASSED] - selectOptionByIndex: All options with index in [3] are selected on object ''

2018-06-04 18:55:54 - [MESSAGE][PASSED] - All options with index in [3] are selected on object ''

2018-06-04 18:55:54 - [TEST_STEP][PASSED] - delay: Delayed 2 second(s)

2018-06-04 18:55:56 - [MESSAGE][PASSED] - Delayed 2 second(s)

2018-06-04 18:55:56 - [TEST_STEP][PASSED] - Statement - batch = new com.kms.katalon.core.testobject.TestObject(): null

2018-06-04 18:55:56 - [TEST_STEP][PASSED] - Statement - batch = com.kms.katalon.core.webui.keyword.WebUiBuiltInKeywords.modifyObjectProperty(batch, "xpath", "equals", "//*[@id = "txtbthqty" + row + ""]", true): Modify property of object successfully

2018-06-04 18:55:56 - [MESSAGE][PASSED] - Modify property of object successfully

2018-06-04 18:55:56 - [TEST_STEP][PASSED] - Statement - batchqty = com.kms.katalon.core.webui.keyword.WebUiBuiltInKeywords.getAttribute(batch, "value").trim(): Attribute 'value' of object '' is: '5000'

2018-06-04 18:55:56 - [MESSAGE][PASSED] - Attribute 'value' of object '' is: '5000'

2018-06-04 18:55:56 - [TEST_STEP][PASSED] - Statement - Rqty = 10000: null

2018-06-04 18:55:56 - [TEST_STEP][PASSED] - Statement - out.println("BatchQty : " + batchqty): null

2018-06-04 18:55:56 - [TEST_STEP][PASSED] - Statement - out.println("RQty : " + Rqty): null

2018-06-04 18:55:56 - [TEST_STEP][PASSED] - Statement - If (java.lang.Integer.valueOf(batchqty) >= java.lang.Integer.valueOf(Rqty)): null

2018-06-04 18:55:56 - [TEST_STEP][PASSED] - Statement - Else: null

2018-06-04 18:55:56 - [TEST_STEP][PASSED] - Statement - out.println("Batchqty Is Less Than Rqty"): null

2018-06-04 18:55:56 - [TEST_STEP][PASSED] - Statement - product = new com.kms.katalon.core.testobject.TestObject(): null

2018-06-04 18:55:56 - [TEST_STEP][PASSED] - Statement - product = com.kms.katalon.core.webui.keyword.WebUiBuiltInKeywords.modifyObjectProperty(product, "xpath", "equals", "//*[@id = "fldvendor" + row + ""]", true): Modify property of object successfully

2018-06-04 18:55:56 - [MESSAGE][PASSED] - Modify property of object successfully

2018-06-04 18:55:56 - [TEST_STEP][PASSED] - selectOptionByIndex: All options with index in [4] are selected on object ''

2018-06-04 18:55:56 - [MESSAGE][PASSED] - All options with index in [4] are selected on object ''

2018-06-04 18:55:56 - [TEST_STEP][PASSED] - delay: Delayed 2 second(s)

2018-06-04 18:55:58 - [MESSAGE][PASSED] - Delayed 2 second(s)

2018-06-04 18:55:58 - [TEST_STEP][PASSED] - Statement - batch = new com.kms.katalon.core.testobject.TestObject(): null

2018-06-04 18:55:58 - [TEST_STEP][PASSED] - Statement - batch = com.kms.katalon.core.webui.keyword.WebUiBuiltInKeywords.modifyObjectProperty(batch, "xpath", "equals", "//*[@id = "txtbthqty" + row + ""]", true): Modify property of object successfully

2018-06-04 18:55:58 - [MESSAGE][PASSED] - Modify property of object successfully

2018-06-04 18:55:58 - [TEST_STEP][PASSED] - Statement - batchqty = com.kms.katalon.core.webui.keyword.WebUiBuiltInKeywords.getAttribute(batch, "value").trim(): Attribute 'value' of object '' is: '39300'

2018-06-04 18:55:58 - [MESSAGE][PASSED] - Attribute 'value' of object '' is: '39300'

2018-06-04 18:55:58 - [TEST_STEP][PASSED] - Statement - Rqty = 10000: null

2018-06-04 18:55:58 - [TEST_STEP][PASSED] - Statement - out.println("BatchQty : " + batchqty): null

2018-06-04 18:55:58 - [TEST_STEP][PASSED] - Statement - out.println("RQty : " + Rqty): null

2018-06-04 18:55:58 - [TEST_STEP][PASSED] - Statement - If (java.lang.Integer.valueOf(batchqty) >= java.lang.Integer.valueOf(Rqty)): null

2018-06-04 18:55:58 - [TEST_STEP][PASSED] - Statement - Break: null

2018-06-04 18:55:58 - [TEST_STEP][PASSED] - Statement - batchlength = new com.kms.katalon.core.testobject.TestObject(): null

2018-06-04 18:55:58 - [TEST_STEP][PASSED] - Statement - batchlength = com.kms.katalon.core.webui.keyword.WebUiBuiltInKeywords.modifyObjectProperty(batchlength, "xpath", "equals", "//*[@id = "fldvendor" + row + ""]", true): Modify property of object successfully

2018-06-04 18:55:58 - [MESSAGE][PASSED] - Modify property of object successfully

2018-06-04 18:55:58 - [TEST_STEP][PASSED] - Statement - batchsize = com.kms.katalon.core.webui.keyword.WebUiBuiltInKeywords.getNumberOfTotalOption(batchlength): 9 options of object '' counted

2018-06-04 18:55:58 - [MESSAGE][PASSED] - 9 options of object '' counted

2018-06-04 18:55:58 - [TEST_STEP][PASSED] - Statement - out.println("BatchSize : " + batchsize): null

2018-06-04 18:55:58 - [TEST_STEP][PASSED] - Statement - For ([n = 1, n <= batchsize - 1, (n++)]): null

2018-06-04 18:55:58 - [TEST_STEP][PASSED] - Statement - product = new com.kms.katalon.core.testobject.TestObject(): null

2018-06-04 18:55:58 - [TEST_STEP][PASSED] - Statement - product = com.kms.katalon.core.webui.keyword.WebUiBuiltInKeywords.modifyObjectProperty(product, "xpath", "equals", "//*[@id = "fldvendor" + row + ""]", true): Modify property of object successfully

2018-06-04 18:55:58 - [MESSAGE][PASSED] - Modify property of object successfully

2018-06-04 18:55:58 - [TEST_STEP][PASSED] - selectOptionByIndex: All options with index in [1] are selected on object ''

2018-06-04 18:55:58 - [MESSAGE][PASSED] - All options with index in [1] are selected on object ''

2018-06-04 18:55:58 - [TEST_STEP][PASSED] - delay: Delayed 2 second(s)

2018-06-04 18:56:00 - [MESSAGE][PASSED] - Delayed 2 second(s)

2018-06-04 18:56:00 - [TEST_STEP][PASSED] - Statement - batch = new com.kms.katalon.core.testobject.TestObject(): null

2018-06-04 18:56:00 - [TEST_STEP][PASSED] - Statement - batch = com.kms.katalon.core.webui.keyword.WebUiBuiltInKeywords.modifyObjectProperty(batch, "xpath", "equals", "//*[@id = "txtbthqty" + row + ""]", true): Modify property of object successfully

2018-06-04 18:56:00 - [MESSAGE][PASSED] - Modify property of object successfully

2018-06-04 18:56:00 - [TEST_STEP][PASSED] - Statement - batchqty = com.kms.katalon.core.webui.keyword.WebUiBuiltInKeywords.getAttribute(batch, "value").trim(): Attribute 'value' of object '' is: '34900'

2018-06-04 18:56:00 - [MESSAGE][PASSED] - Attribute 'value' of object '' is: '34900'

2018-06-04 18:56:00 - [TEST_STEP][PASSED] - Statement - Rqty = 10000: null

2018-06-04 18:56:00 - [TEST_STEP][PASSED] - Statement - out.println("BatchQty : " + batchqty): null

2018-06-04 18:56:00 - [TEST_STEP][PASSED] - Statement - out.println("RQty : " + Rqty): null

2018-06-04 18:56:00 - [TEST_STEP][PASSED] - Statement - If (java.lang.Integer.valueOf(batchqty) >= java.lang.Integer.valueOf(Rqty)): null

2018-06-04 18:56:00 - [TEST_STEP][PASSED] - Statement - Break: null

2018-06-04 18:56:00 - [TEST_STEP][PASSED] - click: Object: 'Object Repository/store Request Schedule 1/Page_KDMC - CMS/input_btndispatch' is clicked on

2018-06-04 18:56:01 - [MESSAGE][PASSED] - Object: 'Object Repository/store Request Schedule 1/Page_KDMC - CMS/input_btndispatch' is clicked on

2018-06-04 18:56:01 - [TEST_STEP][PASSED] - waitForElementVisible: Object 'Object Repository/store Request Schedule 1/Page_KDMC - CMS/button_OK' is visible

2018-06-04 18:56:02 - [MESSAGE][PASSED] - Object 'Object Repository/store Request Schedule 1/Page_KDMC - CMS/button_OK' is visible

2018-06-04 18:56:02 - [TEST_STEP][PASSED] - click: Object: 'Object Repository/store Request Schedule 1/Page_KDMC - CMS/button_OK' is clicked on

2018-06-04 18:56:02 - [MESSAGE][PASSED] - Object: 'Object Repository/store Request Schedule 1/Page_KDMC - CMS/button_OK' is clicked on

2018-06-04 18:56:02 - [TEST_STEP][PASSED] - delay: Delayed 3 second(s)

2018-06-04 18:56:05 - [MESSAGE][PASSED] - Delayed 3 second(s)

2018-06-04 18:56:05 - [TEST_STEP][PASSED] - click: Object: 'Object Repository/store Request Schedule 1/Page_KDMC - CMS/a_dropdown-toggle' is clicked on

2018-06-04 18:56:05 - [MESSAGE][PASSED] - Object: 'Object Repository/store Request Schedule 1/Page_KDMC - CMS/a_dropdown-toggle' is clicked on

2018-06-04 18:56:05 - [TEST_STEP][PASSED] - click: Object: 'Object Repository/store Request Schedule 1/Page_KDMC - CMS/a_Sign out' is clicked on

2018-06-04 18:56:06 - [MESSAGE][PASSED] - Object: 'Object Repository/store Request Schedule 1/Page_KDMC - CMS/a_Sign out' is clicked on

2018-06-04 18:56:06 - [TEST_STEP][PASSED] - delay: Delayed 3 second(s)

2018-06-04 18:56:09 - [MESSAGE][PASSED] - Delayed 3 second(s)

2018-06-04 18:56:09 - [TEST_STEP][PASSED] - click: Object: 'Object Repository/Store Request Schedule 1/Page_KDMC/a_Divisional Store' is clicked on

2018-06-04 18:56:09 - [MESSAGE][PASSED] - Object: 'Object Repository/Store Request Schedule 1/Page_KDMC/a_Divisional Store' is clicked on

2018-06-04 18:56:09 - [TEST_STEP][PASSED] - setText: Text 'ragu' is set on object 'Object Repository/Store Request Schedule 1/Page_Divisonal Store Login/input_txtusername'

2018-06-04 18:56:09 - [MESSAGE][PASSED] - Text 'ragu' is set on object 'Object Repository/Store Request Schedule 1/Page_Divisonal Store Login/input_txtusername'

2018-06-04 18:56:09 - [TEST_STEP][PASSED] - setText: Text '123' is set on object 'Object Repository/Store Request Schedule 1/Page_Divisonal Store Login/input_txtpassword'

2018-06-04 18:56:09 - [MESSAGE][PASSED] - Text '123' is set on object 'Object Repository/Store Request Schedule 1/Page_Divisonal Store Login/input_txtpassword'

2018-06-04 18:56:09 - [TEST_STEP][PASSED] - delay: Delayed 3 second(s)

2018-06-04 18:56:12 - [MESSAGE][PASSED] - Delayed 3 second(s)

2018-06-04 18:56:12 - [TEST_STEP][PASSED] - click: Object: 'Object Repository/Store Request Schedule 1/Page_Divisonal Store Login/button_Sign in' is clicked on

2018-06-04 18:56:14 - [MESSAGE][PASSED] - Object: 'Object Repository/Store Request Schedule 1/Page_Divisonal Store Login/button_Sign in' is clicked on

2018-06-04 18:56:14 - [TEST_STEP][PASSED] - delay: Delayed 3 second(s)

2018-06-04 18:56:17 - [MESSAGE][PASSED] - Delayed 3 second(s)

2018-06-04 18:56:17 - [TEST_STEP][PASSED] - click: Object: 'Object Repository/Store Request Schedule 1/Page_Store/a_CMS' is clicked on

2018-06-04 18:56:17 - [MESSAGE][PASSED] - Object: 'Object Repository/Store Request Schedule 1/Page_Store/a_CMS' is clicked on

2018-06-04 18:56:17 - [TEST_STEP][PASSED] - delay: Delayed 2 second(s)

2018-06-04 18:56:19 - [MESSAGE][PASSED] - Delayed 2 second(s)

2018-06-04 18:56:19 - [TEST_STEP][PASSED] - click: Object: 'Object Repository/Store Request Schedule 1/Page_Store/a_Receiving Goods' is clicked on

2018-06-04 18:56:20 - [MESSAGE][PASSED] - Object: 'Object Repository/Store Request Schedule 1/Page_Store/a_Receiving Goods' is clicked on

2018-06-04 18:56:20 - [TEST_STEP][PASSED] - setText: Text 'PRNO/04062018/593' is set on object 'Object Repository/Store Request Schedule 1/Page_Store/input'

2018-06-04 18:56:20 - [MESSAGE][PASSED] - Text 'PRNO/04062018/593' is set on object 'Object Repository/Store Request Schedule 1/Page_Store/input'

2018-06-04 18:56:20 - [TEST_STEP][PASSED] - click: Object: 'Object Repository/Store Request Schedule 1/Page_Store/input_btn btn-primary' is clicked on

2018-06-04 18:56:20 - [MESSAGE][PASSED] - Object: 'Object Repository/Store Request Schedule 1/Page_Store/input_btn btn-primary' is clicked on

2018-06-04 18:56:20 - [TEST_STEP][PASSED] - delay: Delayed 2 second(s)

2018-06-04 18:56:22 - [MESSAGE][PASSED] - Delayed 2 second(s)

2018-06-04 18:56:22 - [TEST_STEP][PASSED] - click: Object: 'Object Repository/Store Request Schedule 1/Page_Store/input_chkrem' is clicked on

2018-06-04 18:56:22 - [MESSAGE][PASSED] - Object: 'Object Repository/Store Request Schedule 1/Page_Store/input_chkrem' is clicked on

2018-06-04 18:56:22 - [TEST_STEP][PASSED] - scrollToElement: Scroll to object 'Object Repository/Store Request Schedule 1/Page_Store/input_btchkroqadd' successfully

2018-06-04 18:56:22 - [MESSAGE][PASSED] - Scroll to object 'Object Repository/Store Request Schedule 1/Page_Store/input_btchkroqadd' successfully

2018-06-04 18:56:22 - [TEST_STEP][PASSED] - click: Object: 'Object Repository/Store Request Schedule 1/Page_Store/input_btchkroqadd' is clicked on

2018-06-04 18:56:23 - [MESSAGE][PASSED] - Object: 'Object Repository/Store Request Schedule 1/Page_Store/input_btchkroqadd' is clicked on

2018-06-04 18:56:23 - [TEST_STEP][PASSED] - delay: Delayed 2 second(s)

2018-06-04 18:56:25 - [MESSAGE][PASSED] - Delayed 2 second(s)

2018-06-04 18:56:25 - [TEST_STEP][PASSED] - refresh: Refresh successfully

2018-06-04 18:56:25 - [MESSAGE][PASSED] - Refresh successfully

2018-06-04 18:56:25 - [TEST_STEP][PASSED] - delay: Delayed 3 second(s)

2018-06-04 18:56:28 - [MESSAGE][PASSED] - Delayed 3 second(s)

2018-06-04 18:56:28 - [TEST_STEP][PASSED] - click: Object: 'Object Repository/Store Request Schedule 1/Page_Store/a_dropdown-toggle' is clicked on

2018-06-04 18:56:28 - [MESSAGE][PASSED] - Object: 'Object Repository/Store Request Schedule 1/Page_Store/a_dropdown-toggle' is clicked on

2018-06-04 18:56:28 - [TEST_STEP][PASSED] - click: Object: 'Object Repository/Store Request Schedule 1/Page_Store/a_Sign out' is clicked on

2018-06-04 18:56:29 - [MESSAGE][PASSED] - Object: 'Object Repository/Store Request Schedule 1/Page_Store/a_Sign out' is clicked on

2018-06-04 18:56:29 - [TEST_STEP][PASSED] - closeBrowser: Browser is closed

2018-06-04 18:56:29 - [MESSAGE][PASSED] - Browser is closed

2018-06-04 18:56:29 - [TEST_STEP][PASSED] - Statement - out.println("Schedule 5 STORE Request Are Working Successfully"): null]]></system-out>
         <system-err><![CDATA[]]></system-err>
      </testcase>
      <testcase name="Test Cases/STORE TO CMS REQUEST TEST CASES/TC_STCMS_006 To Verify Schedule 6 Store To CMS Request Are Working Successfully Or Not" classname="Test Cases/STORE TO CMS REQUEST TEST CASES/TC_STCMS_006 To Verify Schedule 6 Store To CMS Request Are Working Successfully Or Not" status="PASSED">
         <system-out><![CDATA[2018-06-04 18:56:29 - [TEST_CASE][PASSED] - Test Cases/STORE TO CMS REQUEST TEST CASES/TC_STCMS_006 To Verify Schedule 6 Store To CMS Request Are Working Successfully Or Not: Test Cases/STORE TO CMS REQUEST TEST CASES/TC_STCMS_006 To Verify Schedule 6 Store To CMS Request Are Working Successfully Or Not

2018-06-04 18:56:30 - [TEST_STEP][PASSED] - openBrowser: Browser is opened with url: ''

2018-06-04 18:56:32 - [MESSAGE][PASSED] - Browser is opened with url: ''

2018-06-04 18:56:32 - [TEST_STEP][PASSED] - Statement - out.println("Verify Schedule 6 STORE Request Are Working Successfully Or Not"): null

2018-06-04 18:56:32 - [TEST_STEP][PASSED] - navigateToUrl: Navigate to 'http://192.168.137.1/multihospital_new/' successfully

2018-06-04 18:56:34 - [MESSAGE][PASSED] - Navigate to 'http://192.168.137.1/multihospital_new/' successfully

2018-06-04 18:56:34 - [TEST_STEP][PASSED] - maximizeWindow: Current window maximized

2018-06-04 18:56:35 - [MESSAGE][PASSED] - Current window maximized

2018-06-04 18:56:35 - [TEST_STEP][PASSED] - click: Object: 'Object Repository/Store Request Schedule 1/Page_KDMC/a_Divisional Store' is clicked on

2018-06-04 18:56:36 - [MESSAGE][PASSED] - Object: 'Object Repository/Store Request Schedule 1/Page_KDMC/a_Divisional Store' is clicked on

2018-06-04 18:56:36 - [TEST_STEP][PASSED] - setText: Text 'ragu' is set on object 'Object Repository/Store Request Schedule 1/Page_Divisonal Store Login/input_txtusername'

2018-06-04 18:56:36 - [MESSAGE][PASSED] - Text 'ragu' is set on object 'Object Repository/Store Request Schedule 1/Page_Divisonal Store Login/input_txtusername'

2018-06-04 18:56:36 - [TEST_STEP][PASSED] - setText: Text '123' is set on object 'Object Repository/Store Request Schedule 1/Page_Divisonal Store Login/input_txtpassword'

2018-06-04 18:56:36 - [MESSAGE][PASSED] - Text '123' is set on object 'Object Repository/Store Request Schedule 1/Page_Divisonal Store Login/input_txtpassword'

2018-06-04 18:56:36 - [TEST_STEP][PASSED] - delay: Delayed 3 second(s)

2018-06-04 18:56:39 - [MESSAGE][PASSED] - Delayed 3 second(s)

2018-06-04 18:56:39 - [TEST_STEP][PASSED] - click: Object: 'Object Repository/Store Request Schedule 1/Page_Divisonal Store Login/button_Sign in' is clicked on

2018-06-04 18:56:40 - [MESSAGE][PASSED] - Object: 'Object Repository/Store Request Schedule 1/Page_Divisonal Store Login/button_Sign in' is clicked on

2018-06-04 18:56:40 - [TEST_STEP][PASSED] - delay: Delayed 3 second(s)

2018-06-04 18:56:43 - [MESSAGE][PASSED] - Delayed 3 second(s)

2018-06-04 18:56:43 - [TEST_STEP][PASSED] - click: Object: 'Object Repository/Store Request Schedule 1/Page_Store/a_CMS' is clicked on

2018-06-04 18:56:44 - [MESSAGE][PASSED] - Object: 'Object Repository/Store Request Schedule 1/Page_Store/a_CMS' is clicked on

2018-06-04 18:56:44 - [TEST_STEP][PASSED] - delay: Delayed 2 second(s)

2018-06-04 18:56:46 - [MESSAGE][PASSED] - Delayed 2 second(s)

2018-06-04 18:56:46 - [TEST_STEP][PASSED] - click: Object: 'Object Repository/Store Request Schedule 1/Page_Store/a_Request Send' is clicked on

2018-06-04 18:56:46 - [MESSAGE][PASSED] - Object: 'Object Repository/Store Request Schedule 1/Page_Store/a_Request Send' is clicked on

2018-06-04 18:56:46 - [TEST_STEP][PASSED] - selectOptionByIndex: All options with index in [1] are selected on object 'Object Repository/Store Request Schedule 1/Page_Store/select_--Select--'

2018-06-04 18:56:47 - [MESSAGE][PASSED] - All options with index in [1] are selected on object 'Object Repository/Store Request Schedule 1/Page_Store/select_--Select--'

2018-06-04 18:56:47 - [TEST_STEP][PASSED] - selectOptionByIndex: All options with index in [6] are selected on object 'Object Repository/Store Request Schedule 1/Page_Store/select_--Select--Schedule 1Inj'

2018-06-04 18:56:47 - [MESSAGE][PASSED] - All options with index in [6] are selected on object 'Object Repository/Store Request Schedule 1/Page_Store/select_--Select--Schedule 1Inj'

2018-06-04 18:56:47 - [TEST_STEP][PASSED] - Statement - SelectedOptions = com.kms.katalon.core.webui.keyword.WebUiBuiltInKeywords.getNumberOfTotalOption(com.kms.katalon.core.testobject.ObjectRepository.findTestObject(Store Request Schedule 1/Page_Store/select_--Select--Adernaline 0.)): 14 options of object 'Object Repository/Store Request Schedule 1/Page_Store/select_--Select--Adernaline 0.' counted

2018-06-04 18:56:47 - [MESSAGE][PASSED] - 14 options of object 'Object Repository/Store Request Schedule 1/Page_Store/select_--Select--Adernaline 0.' counted

2018-06-04 18:56:47 - [TEST_STEP][PASSED] - Statement - For ([y = 1, y < SelectedOptions, (y++)]): Object: 'Object Repository/Store Request Schedule 1/Page_Store/button_Add' is clicked on

2018-06-04 18:56:47 - [TEST_STEP][PASSED] - selectOptionByIndex: All options with index in [6] are selected on object 'Object Repository/Store Request Schedule 1/Page_Store/select_--Select--Schedule 1Inj'

2018-06-04 18:56:47 - [MESSAGE][PASSED] - All options with index in [6] are selected on object 'Object Repository/Store Request Schedule 1/Page_Store/select_--Select--Schedule 1Inj'

2018-06-04 18:56:47 - [TEST_STEP][PASSED] - delay: Delayed 1 second(s)

2018-06-04 18:56:48 - [MESSAGE][PASSED] - Delayed 1 second(s)

2018-06-04 18:56:48 - [TEST_STEP][PASSED] - selectOptionByIndex: All options with index in [1] are selected on object 'Object Repository/Store Request Schedule 1/Page_Store/select_--Select--Adernaline 0.'

2018-06-04 18:56:48 - [MESSAGE][PASSED] - All options with index in [1] are selected on object 'Object Repository/Store Request Schedule 1/Page_Store/select_--Select--Adernaline 0.'

2018-06-04 18:56:48 - [TEST_STEP][PASSED] - setText: Text '100' is set on object 'Object Repository/Store Request Schedule 1/Page_Store/input_txttreat'

2018-06-04 18:56:48 - [MESSAGE][PASSED] - Text '100' is set on object 'Object Repository/Store Request Schedule 1/Page_Store/input_txttreat'

2018-06-04 18:56:48 - [TEST_STEP][PASSED] - click: Object: 'Object Repository/Store Request Schedule 1/Page_Store/button_Add' is clicked on

2018-06-04 18:56:48 - [MESSAGE][PASSED] - Object: 'Object Repository/Store Request Schedule 1/Page_Store/button_Add' is clicked on

2018-06-04 18:56:48 - [TEST_STEP][PASSED] - selectOptionByIndex: All options with index in [6] are selected on object 'Object Repository/Store Request Schedule 1/Page_Store/select_--Select--Schedule 1Inj'

2018-06-04 18:56:49 - [MESSAGE][PASSED] - All options with index in [6] are selected on object 'Object Repository/Store Request Schedule 1/Page_Store/select_--Select--Schedule 1Inj'

2018-06-04 18:56:49 - [TEST_STEP][PASSED] - delay: Delayed 1 second(s)

2018-06-04 18:56:50 - [MESSAGE][PASSED] - Delayed 1 second(s)

2018-06-04 18:56:50 - [TEST_STEP][PASSED] - selectOptionByIndex: All options with index in [2] are selected on object 'Object Repository/Store Request Schedule 1/Page_Store/select_--Select--Adernaline 0.'

2018-06-04 18:56:50 - [MESSAGE][PASSED] - All options with index in [2] are selected on object 'Object Repository/Store Request Schedule 1/Page_Store/select_--Select--Adernaline 0.'

2018-06-04 18:56:50 - [TEST_STEP][PASSED] - setText: Text '100' is set on object 'Object Repository/Store Request Schedule 1/Page_Store/input_txttreat'

2018-06-04 18:56:50 - [MESSAGE][PASSED] - Text '100' is set on object 'Object Repository/Store Request Schedule 1/Page_Store/input_txttreat'

2018-06-04 18:56:50 - [TEST_STEP][PASSED] - click: Object: 'Object Repository/Store Request Schedule 1/Page_Store/button_Add' is clicked on

2018-06-04 18:56:50 - [MESSAGE][PASSED] - Object: 'Object Repository/Store Request Schedule 1/Page_Store/button_Add' is clicked on

2018-06-04 18:56:50 - [TEST_STEP][PASSED] - selectOptionByIndex: All options with index in [6] are selected on object 'Object Repository/Store Request Schedule 1/Page_Store/select_--Select--Schedule 1Inj'

2018-06-04 18:56:50 - [MESSAGE][PASSED] - All options with index in [6] are selected on object 'Object Repository/Store Request Schedule 1/Page_Store/select_--Select--Schedule 1Inj'

2018-06-04 18:56:50 - [TEST_STEP][PASSED] - delay: Delayed 1 second(s)

2018-06-04 18:56:51 - [MESSAGE][PASSED] - Delayed 1 second(s)

2018-06-04 18:56:51 - [TEST_STEP][PASSED] - selectOptionByIndex: All options with index in [3] are selected on object 'Object Repository/Store Request Schedule 1/Page_Store/select_--Select--Adernaline 0.'

2018-06-04 18:56:51 - [MESSAGE][PASSED] - All options with index in [3] are selected on object 'Object Repository/Store Request Schedule 1/Page_Store/select_--Select--Adernaline 0.'

2018-06-04 18:56:51 - [TEST_STEP][PASSED] - setText: Text '100' is set on object 'Object Repository/Store Request Schedule 1/Page_Store/input_txttreat'

2018-06-04 18:56:51 - [MESSAGE][PASSED] - Text '100' is set on object 'Object Repository/Store Request Schedule 1/Page_Store/input_txttreat'

2018-06-04 18:56:51 - [TEST_STEP][PASSED] - click: Object: 'Object Repository/Store Request Schedule 1/Page_Store/button_Add' is clicked on

2018-06-04 18:56:51 - [MESSAGE][PASSED] - Object: 'Object Repository/Store Request Schedule 1/Page_Store/button_Add' is clicked on

2018-06-04 18:56:51 - [TEST_STEP][PASSED] - selectOptionByIndex: All options with index in [6] are selected on object 'Object Repository/Store Request Schedule 1/Page_Store/select_--Select--Schedule 1Inj'

2018-06-04 18:56:51 - [MESSAGE][PASSED] - All options with index in [6] are selected on object 'Object Repository/Store Request Schedule 1/Page_Store/select_--Select--Schedule 1Inj'

2018-06-04 18:56:51 - [TEST_STEP][PASSED] - delay: Delayed 1 second(s)

2018-06-04 18:56:52 - [MESSAGE][PASSED] - Delayed 1 second(s)

2018-06-04 18:56:52 - [TEST_STEP][PASSED] - selectOptionByIndex: All options with index in [4] are selected on object 'Object Repository/Store Request Schedule 1/Page_Store/select_--Select--Adernaline 0.'

2018-06-04 18:56:53 - [MESSAGE][PASSED] - All options with index in [4] are selected on object 'Object Repository/Store Request Schedule 1/Page_Store/select_--Select--Adernaline 0.'

2018-06-04 18:56:53 - [TEST_STEP][PASSED] - setText: Text '100' is set on object 'Object Repository/Store Request Schedule 1/Page_Store/input_txttreat'

2018-06-04 18:56:53 - [MESSAGE][PASSED] - Text '100' is set on object 'Object Repository/Store Request Schedule 1/Page_Store/input_txttreat'

2018-06-04 18:56:53 - [TEST_STEP][PASSED] - click: Object: 'Object Repository/Store Request Schedule 1/Page_Store/button_Add' is clicked on

2018-06-04 18:56:53 - [MESSAGE][PASSED] - Object: 'Object Repository/Store Request Schedule 1/Page_Store/button_Add' is clicked on

2018-06-04 18:56:53 - [TEST_STEP][PASSED] - selectOptionByIndex: All options with index in [6] are selected on object 'Object Repository/Store Request Schedule 1/Page_Store/select_--Select--Schedule 1Inj'

2018-06-04 18:56:53 - [MESSAGE][PASSED] - All options with index in [6] are selected on object 'Object Repository/Store Request Schedule 1/Page_Store/select_--Select--Schedule 1Inj'

2018-06-04 18:56:53 - [TEST_STEP][PASSED] - delay: Delayed 1 second(s)

2018-06-04 18:56:54 - [MESSAGE][PASSED] - Delayed 1 second(s)

2018-06-04 18:56:54 - [TEST_STEP][PASSED] - selectOptionByIndex: All options with index in [5] are selected on object 'Object Repository/Store Request Schedule 1/Page_Store/select_--Select--Adernaline 0.'

2018-06-04 18:56:54 - [MESSAGE][PASSED] - All options with index in [5] are selected on object 'Object Repository/Store Request Schedule 1/Page_Store/select_--Select--Adernaline 0.'

2018-06-04 18:56:54 - [TEST_STEP][PASSED] - setText: Text '100' is set on object 'Object Repository/Store Request Schedule 1/Page_Store/input_txttreat'

2018-06-04 18:56:54 - [MESSAGE][PASSED] - Text '100' is set on object 'Object Repository/Store Request Schedule 1/Page_Store/input_txttreat'

2018-06-04 18:56:54 - [TEST_STEP][PASSED] - click: Object: 'Object Repository/Store Request Schedule 1/Page_Store/button_Add' is clicked on

2018-06-04 18:56:54 - [MESSAGE][PASSED] - Object: 'Object Repository/Store Request Schedule 1/Page_Store/button_Add' is clicked on

2018-06-04 18:56:54 - [TEST_STEP][PASSED] - selectOptionByIndex: All options with index in [6] are selected on object 'Object Repository/Store Request Schedule 1/Page_Store/select_--Select--Schedule 1Inj'

2018-06-04 18:56:54 - [MESSAGE][PASSED] - All options with index in [6] are selected on object 'Object Repository/Store Request Schedule 1/Page_Store/select_--Select--Schedule 1Inj'

2018-06-04 18:56:54 - [TEST_STEP][PASSED] - delay: Delayed 1 second(s)

2018-06-04 18:56:55 - [MESSAGE][PASSED] - Delayed 1 second(s)

2018-06-04 18:56:55 - [TEST_STEP][PASSED] - selectOptionByIndex: All options with index in [6] are selected on object 'Object Repository/Store Request Schedule 1/Page_Store/select_--Select--Adernaline 0.'

2018-06-04 18:56:56 - [MESSAGE][PASSED] - All options with index in [6] are selected on object 'Object Repository/Store Request Schedule 1/Page_Store/select_--Select--Adernaline 0.'

2018-06-04 18:56:56 - [TEST_STEP][PASSED] - setText: Text '100' is set on object 'Object Repository/Store Request Schedule 1/Page_Store/input_txttreat'

2018-06-04 18:56:56 - [MESSAGE][PASSED] - Text '100' is set on object 'Object Repository/Store Request Schedule 1/Page_Store/input_txttreat'

2018-06-04 18:56:56 - [TEST_STEP][PASSED] - click: Object: 'Object Repository/Store Request Schedule 1/Page_Store/button_Add' is clicked on

2018-06-04 18:56:56 - [MESSAGE][PASSED] - Object: 'Object Repository/Store Request Schedule 1/Page_Store/button_Add' is clicked on

2018-06-04 18:56:56 - [TEST_STEP][PASSED] - selectOptionByIndex: All options with index in [6] are selected on object 'Object Repository/Store Request Schedule 1/Page_Store/select_--Select--Schedule 1Inj'

2018-06-04 18:56:56 - [MESSAGE][PASSED] - All options with index in [6] are selected on object 'Object Repository/Store Request Schedule 1/Page_Store/select_--Select--Schedule 1Inj'

2018-06-04 18:56:56 - [TEST_STEP][PASSED] - delay: Delayed 1 second(s)

2018-06-04 18:56:57 - [MESSAGE][PASSED] - Delayed 1 second(s)

2018-06-04 18:56:57 - [TEST_STEP][PASSED] - selectOptionByIndex: All options with index in [7] are selected on object 'Object Repository/Store Request Schedule 1/Page_Store/select_--Select--Adernaline 0.'

2018-06-04 18:56:57 - [MESSAGE][PASSED] - All options with index in [7] are selected on object 'Object Repository/Store Request Schedule 1/Page_Store/select_--Select--Adernaline 0.'

2018-06-04 18:56:57 - [TEST_STEP][PASSED] - setText: Text '100' is set on object 'Object Repository/Store Request Schedule 1/Page_Store/input_txttreat'

2018-06-04 18:56:57 - [MESSAGE][PASSED] - Text '100' is set on object 'Object Repository/Store Request Schedule 1/Page_Store/input_txttreat'

2018-06-04 18:56:57 - [TEST_STEP][PASSED] - click: Object: 'Object Repository/Store Request Schedule 1/Page_Store/button_Add' is clicked on

2018-06-04 18:56:57 - [MESSAGE][PASSED] - Object: 'Object Repository/Store Request Schedule 1/Page_Store/button_Add' is clicked on

2018-06-04 18:56:57 - [TEST_STEP][PASSED] - selectOptionByIndex: All options with index in [6] are selected on object 'Object Repository/Store Request Schedule 1/Page_Store/select_--Select--Schedule 1Inj'

2018-06-04 18:56:57 - [MESSAGE][PASSED] - All options with index in [6] are selected on object 'Object Repository/Store Request Schedule 1/Page_Store/select_--Select--Schedule 1Inj'

2018-06-04 18:56:57 - [TEST_STEP][PASSED] - delay: Delayed 1 second(s)

2018-06-04 18:56:58 - [MESSAGE][PASSED] - Delayed 1 second(s)

2018-06-04 18:56:58 - [TEST_STEP][PASSED] - selectOptionByIndex: All options with index in [8] are selected on object 'Object Repository/Store Request Schedule 1/Page_Store/select_--Select--Adernaline 0.'

2018-06-04 18:56:59 - [MESSAGE][PASSED] - All options with index in [8] are selected on object 'Object Repository/Store Request Schedule 1/Page_Store/select_--Select--Adernaline 0.'

2018-06-04 18:56:59 - [TEST_STEP][PASSED] - setText: Text '100' is set on object 'Object Repository/Store Request Schedule 1/Page_Store/input_txttreat'

2018-06-04 18:56:59 - [MESSAGE][PASSED] - Text '100' is set on object 'Object Repository/Store Request Schedule 1/Page_Store/input_txttreat'

2018-06-04 18:56:59 - [TEST_STEP][PASSED] - click: Object: 'Object Repository/Store Request Schedule 1/Page_Store/button_Add' is clicked on

2018-06-04 18:56:59 - [MESSAGE][PASSED] - Object: 'Object Repository/Store Request Schedule 1/Page_Store/button_Add' is clicked on

2018-06-04 18:56:59 - [TEST_STEP][PASSED] - selectOptionByIndex: All options with index in [6] are selected on object 'Object Repository/Store Request Schedule 1/Page_Store/select_--Select--Schedule 1Inj'

2018-06-04 18:56:59 - [MESSAGE][PASSED] - All options with index in [6] are selected on object 'Object Repository/Store Request Schedule 1/Page_Store/select_--Select--Schedule 1Inj'

2018-06-04 18:56:59 - [TEST_STEP][PASSED] - delay: Delayed 1 second(s)

2018-06-04 18:57:00 - [MESSAGE][PASSED] - Delayed 1 second(s)

2018-06-04 18:57:00 - [TEST_STEP][PASSED] - selectOptionByIndex: All options with index in [9] are selected on object 'Object Repository/Store Request Schedule 1/Page_Store/select_--Select--Adernaline 0.'

2018-06-04 18:57:00 - [MESSAGE][PASSED] - All options with index in [9] are selected on object 'Object Repository/Store Request Schedule 1/Page_Store/select_--Select--Adernaline 0.'

2018-06-04 18:57:00 - [TEST_STEP][PASSED] - setText: Text '100' is set on object 'Object Repository/Store Request Schedule 1/Page_Store/input_txttreat'

2018-06-04 18:57:00 - [MESSAGE][PASSED] - Text '100' is set on object 'Object Repository/Store Request Schedule 1/Page_Store/input_txttreat'

2018-06-04 18:57:00 - [TEST_STEP][PASSED] - click: Object: 'Object Repository/Store Request Schedule 1/Page_Store/button_Add' is clicked on

2018-06-04 18:57:00 - [MESSAGE][PASSED] - Object: 'Object Repository/Store Request Schedule 1/Page_Store/button_Add' is clicked on

2018-06-04 18:57:00 - [TEST_STEP][PASSED] - selectOptionByIndex: All options with index in [6] are selected on object 'Object Repository/Store Request Schedule 1/Page_Store/select_--Select--Schedule 1Inj'

2018-06-04 18:57:01 - [MESSAGE][PASSED] - All options with index in [6] are selected on object 'Object Repository/Store Request Schedule 1/Page_Store/select_--Select--Schedule 1Inj'

2018-06-04 18:57:01 - [TEST_STEP][PASSED] - delay: Delayed 1 second(s)

2018-06-04 18:57:02 - [MESSAGE][PASSED] - Delayed 1 second(s)

2018-06-04 18:57:02 - [TEST_STEP][PASSED] - selectOptionByIndex: All options with index in [10] are selected on object 'Object Repository/Store Request Schedule 1/Page_Store/select_--Select--Adernaline 0.'

2018-06-04 18:57:02 - [MESSAGE][PASSED] - All options with index in [10] are selected on object 'Object Repository/Store Request Schedule 1/Page_Store/select_--Select--Adernaline 0.'

2018-06-04 18:57:02 - [TEST_STEP][PASSED] - setText: Text '100' is set on object 'Object Repository/Store Request Schedule 1/Page_Store/input_txttreat'

2018-06-04 18:57:02 - [MESSAGE][PASSED] - Text '100' is set on object 'Object Repository/Store Request Schedule 1/Page_Store/input_txttreat'

2018-06-04 18:57:02 - [TEST_STEP][PASSED] - click: Object: 'Object Repository/Store Request Schedule 1/Page_Store/button_Add' is clicked on

2018-06-04 18:57:02 - [MESSAGE][PASSED] - Object: 'Object Repository/Store Request Schedule 1/Page_Store/button_Add' is clicked on

2018-06-04 18:57:02 - [TEST_STEP][PASSED] - selectOptionByIndex: All options with index in [6] are selected on object 'Object Repository/Store Request Schedule 1/Page_Store/select_--Select--Schedule 1Inj'

2018-06-04 18:57:02 - [MESSAGE][PASSED] - All options with index in [6] are selected on object 'Object Repository/Store Request Schedule 1/Page_Store/select_--Select--Schedule 1Inj'

2018-06-04 18:57:02 - [TEST_STEP][PASSED] - delay: Delayed 1 second(s)

2018-06-04 18:57:03 - [MESSAGE][PASSED] - Delayed 1 second(s)

2018-06-04 18:57:03 - [TEST_STEP][PASSED] - selectOptionByIndex: All options with index in [11] are selected on object 'Object Repository/Store Request Schedule 1/Page_Store/select_--Select--Adernaline 0.'

2018-06-04 18:57:03 - [MESSAGE][PASSED] - All options with index in [11] are selected on object 'Object Repository/Store Request Schedule 1/Page_Store/select_--Select--Adernaline 0.'

2018-06-04 18:57:03 - [TEST_STEP][PASSED] - setText: Text '100' is set on object 'Object Repository/Store Request Schedule 1/Page_Store/input_txttreat'

2018-06-04 18:57:03 - [MESSAGE][PASSED] - Text '100' is set on object 'Object Repository/Store Request Schedule 1/Page_Store/input_txttreat'

2018-06-04 18:57:03 - [TEST_STEP][PASSED] - click: Object: 'Object Repository/Store Request Schedule 1/Page_Store/button_Add' is clicked on

2018-06-04 18:57:03 - [MESSAGE][PASSED] - Object: 'Object Repository/Store Request Schedule 1/Page_Store/button_Add' is clicked on

2018-06-04 18:57:03 - [TEST_STEP][PASSED] - selectOptionByIndex: All options with index in [6] are selected on object 'Object Repository/Store Request Schedule 1/Page_Store/select_--Select--Schedule 1Inj'

2018-06-04 18:57:04 - [MESSAGE][PASSED] - All options with index in [6] are selected on object 'Object Repository/Store Request Schedule 1/Page_Store/select_--Select--Schedule 1Inj'

2018-06-04 18:57:04 - [TEST_STEP][PASSED] - delay: Delayed 1 second(s)

2018-06-04 18:57:05 - [MESSAGE][PASSED] - Delayed 1 second(s)

2018-06-04 18:57:05 - [TEST_STEP][PASSED] - selectOptionByIndex: All options with index in [12] are selected on object 'Object Repository/Store Request Schedule 1/Page_Store/select_--Select--Adernaline 0.'

2018-06-04 18:57:05 - [MESSAGE][PASSED] - All options with index in [12] are selected on object 'Object Repository/Store Request Schedule 1/Page_Store/select_--Select--Adernaline 0.'

2018-06-04 18:57:05 - [TEST_STEP][PASSED] - setText: Text '100' is set on object 'Object Repository/Store Request Schedule 1/Page_Store/input_txttreat'

2018-06-04 18:57:05 - [MESSAGE][PASSED] - Text '100' is set on object 'Object Repository/Store Request Schedule 1/Page_Store/input_txttreat'

2018-06-04 18:57:05 - [TEST_STEP][PASSED] - click: Object: 'Object Repository/Store Request Schedule 1/Page_Store/button_Add' is clicked on

2018-06-04 18:57:05 - [MESSAGE][PASSED] - Object: 'Object Repository/Store Request Schedule 1/Page_Store/button_Add' is clicked on

2018-06-04 18:57:05 - [TEST_STEP][PASSED] - selectOptionByIndex: All options with index in [6] are selected on object 'Object Repository/Store Request Schedule 1/Page_Store/select_--Select--Schedule 1Inj'

2018-06-04 18:57:05 - [MESSAGE][PASSED] - All options with index in [6] are selected on object 'Object Repository/Store Request Schedule 1/Page_Store/select_--Select--Schedule 1Inj'

2018-06-04 18:57:05 - [TEST_STEP][PASSED] - delay: Delayed 1 second(s)

2018-06-04 18:57:06 - [MESSAGE][PASSED] - Delayed 1 second(s)

2018-06-04 18:57:06 - [TEST_STEP][PASSED] - selectOptionByIndex: All options with index in [13] are selected on object 'Object Repository/Store Request Schedule 1/Page_Store/select_--Select--Adernaline 0.'

2018-06-04 18:57:07 - [MESSAGE][PASSED] - All options with index in [13] are selected on object 'Object Repository/Store Request Schedule 1/Page_Store/select_--Select--Adernaline 0.'

2018-06-04 18:57:07 - [TEST_STEP][PASSED] - setText: Text '100' is set on object 'Object Repository/Store Request Schedule 1/Page_Store/input_txttreat'

2018-06-04 18:57:07 - [MESSAGE][PASSED] - Text '100' is set on object 'Object Repository/Store Request Schedule 1/Page_Store/input_txttreat'

2018-06-04 18:57:07 - [TEST_STEP][PASSED] - click: Object: 'Object Repository/Store Request Schedule 1/Page_Store/button_Add' is clicked on

2018-06-04 18:57:07 - [MESSAGE][PASSED] - Object: 'Object Repository/Store Request Schedule 1/Page_Store/button_Add' is clicked on

2018-06-04 18:57:07 - [TEST_STEP][PASSED] - delay: Delayed 2 second(s)

2018-06-04 18:57:09 - [MESSAGE][PASSED] - Delayed 2 second(s)

2018-06-04 18:57:09 - [TEST_STEP][PASSED] - scrollToElement: Scroll to object 'Object Repository/Store Request Schedule 1/Page_Store/input_btnsave' successfully

2018-06-04 18:57:09 - [MESSAGE][PASSED] - Scroll to object 'Object Repository/Store Request Schedule 1/Page_Store/input_btnsave' successfully

2018-06-04 18:57:09 - [TEST_STEP][PASSED] - click: Object: 'Object Repository/Store Request Schedule 1/Page_Store/input_btnsave' is clicked on

2018-06-04 18:57:09 - [MESSAGE][PASSED] - Object: 'Object Repository/Store Request Schedule 1/Page_Store/input_btnsave' is clicked on

2018-06-04 18:57:09 - [TEST_STEP][PASSED] - delay: Delayed 4 second(s)

2018-06-04 18:57:13 - [MESSAGE][PASSED] - Delayed 4 second(s)

2018-06-04 18:57:13 - [TEST_STEP][PASSED] - Statement - Cms_RequestNumber = com.kms.katalon.core.webui.keyword.WebUiBuiltInKeywords.getText(com.kms.katalon.core.testobject.ObjectRepository.findTestObject(Store Request Schedule 1/Page_Store/font_PRNO050520189)): Text of object 'Object Repository/Store Request Schedule 1/Page_Store/font_PRNO050520189' is: 'PRNO/04062018/594'

2018-06-04 18:57:13 - [MESSAGE][PASSED] - Text of object 'Object Repository/Store Request Schedule 1/Page_Store/font_PRNO050520189' is: 'PRNO/04062018/594'

2018-06-04 18:57:13 - [TEST_STEP][PASSED] - Statement - CR = Cms_RequestNumber.trim(): null

2018-06-04 18:57:13 - [TEST_STEP][PASSED] - Statement - out.println("RQ :" + Cms_RequestNumber): null

2018-06-04 18:57:13 - [TEST_STEP][PASSED] - Statement - RequestNumberID = Cms_RequestNumber.split("/")[2].trim(): null

2018-06-04 18:57:13 - [TEST_STEP][PASSED] - Statement - out.println("RQ ID :" + RequestNumberID): null

2018-06-04 18:57:13 - [TEST_STEP][PASSED] - delay: Delayed 3 second(s)

2018-06-04 18:57:16 - [MESSAGE][PASSED] - Delayed 3 second(s)

2018-06-04 18:57:16 - [TEST_STEP][PASSED] - Statement - ok = com.kms.katalon.core.webui.keyword.WebUiBuiltInKeywords.click(com.kms.katalon.core.testobject.ObjectRepository.findTestObject(Store Request Schedule 1/Page_Store/button_OK)): Object: 'Object Repository/Store Request Schedule 1/Page_Store/button_OK' is clicked on

2018-06-04 18:57:17 - [MESSAGE][PASSED] - Object: 'Object Repository/Store Request Schedule 1/Page_Store/button_OK' is clicked on

2018-06-04 18:57:17 - [TEST_STEP][PASSED] - delay: Delayed 3 second(s)

2018-06-04 18:57:20 - [MESSAGE][PASSED] - Delayed 3 second(s)

2018-06-04 18:57:20 - [TEST_STEP][PASSED] - click: Object: 'Object Repository/Store Request Schedule 1/Page_Store/a_dropdown-toggle' is clicked on

2018-06-04 18:57:20 - [MESSAGE][PASSED] - Object: 'Object Repository/Store Request Schedule 1/Page_Store/a_dropdown-toggle' is clicked on

2018-06-04 18:57:20 - [TEST_STEP][PASSED] - click: Object: 'Object Repository/Store Request Schedule 1/Page_Store/a_Sign out' is clicked on

2018-06-04 18:57:20 - [MESSAGE][PASSED] - Object: 'Object Repository/Store Request Schedule 1/Page_Store/a_Sign out' is clicked on

2018-06-04 18:57:20 - [TEST_STEP][PASSED] - delay: Delayed 3 second(s)

2018-06-04 18:57:23 - [MESSAGE][PASSED] - Delayed 3 second(s)

2018-06-04 18:57:23 - [TEST_STEP][PASSED] - click: Object: 'Object Repository/Store Request Schedule 1/Page_KDMC/a_CMO' is clicked on

2018-06-04 18:57:24 - [MESSAGE][PASSED] - Object: 'Object Repository/Store Request Schedule 1/Page_KDMC/a_CMO' is clicked on

2018-06-04 18:57:24 - [TEST_STEP][PASSED] - setText: Text 'guru' is set on object 'Object Repository/Store Request Schedule 1/Page_CMO login/input_txtusername'

2018-06-04 18:57:24 - [MESSAGE][PASSED] - Text 'guru' is set on object 'Object Repository/Store Request Schedule 1/Page_CMO login/input_txtusername'

2018-06-04 18:57:24 - [TEST_STEP][PASSED] - setText: Text '123' is set on object 'Object Repository/Store Request Schedule 1/Page_CMO login/input_txtpassword'

2018-06-04 18:57:24 - [MESSAGE][PASSED] - Text '123' is set on object 'Object Repository/Store Request Schedule 1/Page_CMO login/input_txtpassword'

2018-06-04 18:57:24 - [TEST_STEP][PASSED] - delay: Delayed 3 second(s)

2018-06-04 18:57:27 - [MESSAGE][PASSED] - Delayed 3 second(s)

2018-06-04 18:57:27 - [TEST_STEP][PASSED] - click: Object: 'Object Repository/Store Request Schedule 1/Page_CMO login/button_Sign in' is clicked on

2018-06-04 18:57:28 - [MESSAGE][PASSED] - Object: 'Object Repository/Store Request Schedule 1/Page_CMO login/button_Sign in' is clicked on

2018-06-04 18:57:28 - [TEST_STEP][PASSED] - delay: Delayed 2 second(s)

2018-06-04 18:57:30 - [MESSAGE][PASSED] - Delayed 2 second(s)

2018-06-04 18:57:30 - [TEST_STEP][PASSED] - click: Object: 'Object Repository/Store Request Schedule 1/Page_KDMC - CMO/span_Department Wise Request' is clicked on

2018-06-04 18:57:31 - [MESSAGE][PASSED] - Object: 'Object Repository/Store Request Schedule 1/Page_KDMC - CMO/span_Department Wise Request' is clicked on

2018-06-04 18:57:31 - [TEST_STEP][PASSED] - click: Object: 'Object Repository/Store Request Schedule 1/Page_KDMC - CMO/a_CMS Request' is clicked on

2018-06-04 18:57:31 - [MESSAGE][PASSED] - Object: 'Object Repository/Store Request Schedule 1/Page_KDMC - CMO/a_CMS Request' is clicked on

2018-06-04 18:57:31 - [TEST_STEP][PASSED] - click: Object: 'Object Repository/Store Request Schedule 1/Page_KDMC - CMO/a_CMS Request' is clicked on

2018-06-04 18:57:31 - [MESSAGE][PASSED] - Object: 'Object Repository/Store Request Schedule 1/Page_KDMC - CMO/a_CMS Request' is clicked on

2018-06-04 18:57:31 - [TEST_STEP][PASSED] - click: Object: 'Object Repository/Store Request Schedule 1/Page_KDMC - CMO/span_Divisional Store Request' is clicked on

2018-06-04 18:57:33 - [MESSAGE][PASSED] - Object: 'Object Repository/Store Request Schedule 1/Page_KDMC - CMO/span_Divisional Store Request' is clicked on

2018-06-04 18:57:33 - [TEST_STEP][PASSED] - delay: Delayed 2 second(s)

2018-06-04 18:57:35 - [MESSAGE][PASSED] - Delayed 2 second(s)

2018-06-04 18:57:35 - [TEST_STEP][PASSED] - Statement - approval = com.kms.katalon.core.webui.keyword.WebUiBuiltInKeywords.modifyObjectProperty(com.kms.katalon.core.testobject.ObjectRepository.findTestObject(Store Request Schedule 1/Page_KDMC - CMO/input_PRNO050520189), "xpath", "equals", "//*[@id=" + RequestNumberID + "]", true): Modify property of object successfully

2018-06-04 18:57:35 - [MESSAGE][PASSED] - Modify property of object successfully

2018-06-04 18:57:35 - [TEST_STEP][PASSED] - click: Object: 'Object Repository/Store Request Schedule 1/Page_KDMC - CMO/input_PRNO050520189' is clicked on

2018-06-04 18:57:35 - [MESSAGE][PASSED] - Object: 'Object Repository/Store Request Schedule 1/Page_KDMC - CMO/input_PRNO050520189' is clicked on

2018-06-04 18:57:35 - [TEST_STEP][PASSED] - delay: Delayed 2 second(s)

2018-06-04 18:57:37 - [MESSAGE][PASSED] - Delayed 2 second(s)

2018-06-04 18:57:37 - [TEST_STEP][PASSED] - selectOptionByIndex: All options with index in [1] are selected on object 'Object Repository/Store Request Schedule 1/Page_KDMC - CMO/select_--Select--'

2018-06-04 18:57:37 - [MESSAGE][PASSED] - All options with index in [1] are selected on object 'Object Repository/Store Request Schedule 1/Page_KDMC - CMO/select_--Select--'

2018-06-04 18:57:37 - [TEST_STEP][PASSED] - click: Object: 'Object Repository/Store Request Schedule 1/Page_KDMC - CMO/input_btnupdate' is clicked on

2018-06-04 18:57:37 - [MESSAGE][PASSED] - Object: 'Object Repository/Store Request Schedule 1/Page_KDMC - CMO/input_btnupdate' is clicked on

2018-06-04 18:57:37 - [TEST_STEP][PASSED] - delay: Delayed 2 second(s)

2018-06-04 18:57:39 - [MESSAGE][PASSED] - Delayed 2 second(s)

2018-06-04 18:57:39 - [TEST_STEP][PASSED] - click: Object: 'Object Repository/Store Request Schedule 1/Page_KDMC - CMO/button_OK' is clicked on

2018-06-04 18:57:40 - [MESSAGE][PASSED] - Object: 'Object Repository/Store Request Schedule 1/Page_KDMC - CMO/button_OK' is clicked on

2018-06-04 18:57:40 - [TEST_STEP][PASSED] - delay: Delayed 2 second(s)

2018-06-04 18:57:42 - [MESSAGE][PASSED] - Delayed 2 second(s)

2018-06-04 18:57:42 - [TEST_STEP][PASSED] - click: Object: 'Object Repository/Store Request Schedule 1/Page_KDMC - CMO/a_dropdown-toggle' is clicked on

2018-06-04 18:57:42 - [MESSAGE][PASSED] - Object: 'Object Repository/Store Request Schedule 1/Page_KDMC - CMO/a_dropdown-toggle' is clicked on

2018-06-04 18:57:42 - [TEST_STEP][PASSED] - click: Object: 'Object Repository/Store Request Schedule 1/Page_KDMC - CMO/a_Sign out' is clicked on

2018-06-04 18:57:42 - [MESSAGE][PASSED] - Object: 'Object Repository/Store Request Schedule 1/Page_KDMC - CMO/a_Sign out' is clicked on

2018-06-04 18:57:42 - [TEST_STEP][PASSED] - delay: Delayed 3 second(s)

2018-06-04 18:57:45 - [MESSAGE][PASSED] - Delayed 3 second(s)

2018-06-04 18:57:45 - [TEST_STEP][PASSED] - click: Object: 'Object Repository/store Request Schedule 1/Page_KDMC/a_CMS' is clicked on

2018-06-04 18:57:46 - [MESSAGE][PASSED] - Object: 'Object Repository/store Request Schedule 1/Page_KDMC/a_CMS' is clicked on

2018-06-04 18:57:46 - [TEST_STEP][PASSED] - setText: Text 'bala' is set on object 'Object Repository/store Request Schedule 1/Page_CMS login/input_txtusername'

2018-06-04 18:57:46 - [MESSAGE][PASSED] - Text 'bala' is set on object 'Object Repository/store Request Schedule 1/Page_CMS login/input_txtusername'

2018-06-04 18:57:46 - [TEST_STEP][PASSED] - setText: Text '123' is set on object 'Object Repository/store Request Schedule 1/Page_CMS login/input_txtpassword'

2018-06-04 18:57:46 - [MESSAGE][PASSED] - Text '123' is set on object 'Object Repository/store Request Schedule 1/Page_CMS login/input_txtpassword'

2018-06-04 18:57:46 - [TEST_STEP][PASSED] - delay: Delayed 3 second(s)

2018-06-04 18:57:49 - [MESSAGE][PASSED] - Delayed 3 second(s)

2018-06-04 18:57:49 - [TEST_STEP][PASSED] - click: Object: 'Object Repository/store Request Schedule 1/Page_CMS login/button_Sign in' is clicked on

2018-06-04 18:57:49 - [MESSAGE][PASSED] - Object: 'Object Repository/store Request Schedule 1/Page_CMS login/button_Sign in' is clicked on

2018-06-04 18:57:49 - [TEST_STEP][PASSED] - delay: Delayed 2 second(s)

2018-06-04 18:57:51 - [MESSAGE][PASSED] - Delayed 2 second(s)

2018-06-04 18:57:51 - [TEST_STEP][PASSED] - click: Object: 'Object Repository/store Request Schedule 1/Page_KDMC - CMS/a_Divisional Store' is clicked on

2018-06-04 18:57:51 - [MESSAGE][PASSED] - Object: 'Object Repository/store Request Schedule 1/Page_KDMC - CMS/a_Divisional Store' is clicked on

2018-06-04 18:57:51 - [TEST_STEP][PASSED] - delay: Delayed 2 second(s)

2018-06-04 18:57:53 - [MESSAGE][PASSED] - Delayed 2 second(s)

2018-06-04 18:57:53 - [TEST_STEP][PASSED] - click: Object: 'Object Repository/store Request Schedule 1/Page_KDMC - CMS/a_Dispatch Items' is clicked on

2018-06-04 18:57:54 - [MESSAGE][PASSED] - Object: 'Object Repository/store Request Schedule 1/Page_KDMC - CMS/a_Dispatch Items' is clicked on

2018-06-04 18:57:54 - [TEST_STEP][PASSED] - setText: Text 'PRNO/04062018/594' is set on object 'Object Repository/store Request Schedule 1/Page_KDMC - CMS/input'

2018-06-04 18:57:55 - [MESSAGE][PASSED] - Text 'PRNO/04062018/594' is set on object 'Object Repository/store Request Schedule 1/Page_KDMC - CMS/input'

2018-06-04 18:57:55 - [TEST_STEP][PASSED] - click: Object: 'Object Repository/store Request Schedule 1/Page_KDMC - CMS/td_text-center' is clicked on

2018-06-04 18:57:55 - [MESSAGE][PASSED] - Object: 'Object Repository/store Request Schedule 1/Page_KDMC - CMS/td_text-center' is clicked on

2018-06-04 18:57:55 - [TEST_STEP][PASSED] - delay: Delayed 3 second(s)

2018-06-04 18:57:58 - [MESSAGE][PASSED] - Delayed 3 second(s)

2018-06-04 18:57:58 - [TEST_STEP][PASSED] - delay: Delayed 2 second(s)

2018-06-04 18:58:00 - [MESSAGE][PASSED] - Delayed 2 second(s)

2018-06-04 18:58:00 - [TEST_STEP][PASSED] - Statement - For ([row = 0, row < SelectedOptions - 1, (row++)]): null

2018-06-04 18:58:00 - [TEST_STEP][PASSED] - Statement - batchlength = new com.kms.katalon.core.testobject.TestObject(): null

2018-06-04 18:58:00 - [TEST_STEP][PASSED] - Statement - batchlength = com.kms.katalon.core.webui.keyword.WebUiBuiltInKeywords.modifyObjectProperty(batchlength, "xpath", "equals", "//*[@id = "fldvendor" + row + ""]", true): Modify property of object successfully

2018-06-04 18:58:00 - [MESSAGE][PASSED] - Modify property of object successfully

2018-06-04 18:58:00 - [TEST_STEP][PASSED] - Statement - batchsize = com.kms.katalon.core.webui.keyword.WebUiBuiltInKeywords.getNumberOfTotalOption(batchlength): 10 options of object '' counted

2018-06-04 18:58:00 - [MESSAGE][PASSED] - 10 options of object '' counted

2018-06-04 18:58:00 - [TEST_STEP][PASSED] - Statement - out.println("BatchSize : " + batchsize): null

2018-06-04 18:58:00 - [TEST_STEP][PASSED] - Statement - For ([n = 1, n <= batchsize - 1, (n++)]): null

2018-06-04 18:58:00 - [TEST_STEP][PASSED] - Statement - product = new com.kms.katalon.core.testobject.TestObject(): null

2018-06-04 18:58:00 - [TEST_STEP][PASSED] - Statement - product = com.kms.katalon.core.webui.keyword.WebUiBuiltInKeywords.modifyObjectProperty(product, "xpath", "equals", "//*[@id = "fldvendor" + row + ""]", true): Modify property of object successfully

2018-06-04 18:58:00 - [MESSAGE][PASSED] - Modify property of object successfully

2018-06-04 18:58:00 - [TEST_STEP][PASSED] - selectOptionByIndex: All options with index in [1] are selected on object ''

2018-06-04 18:58:00 - [MESSAGE][PASSED] - All options with index in [1] are selected on object ''

2018-06-04 18:58:00 - [TEST_STEP][PASSED] - delay: Delayed 2 second(s)

2018-06-04 18:58:02 - [MESSAGE][PASSED] - Delayed 2 second(s)

2018-06-04 18:58:02 - [TEST_STEP][PASSED] - Statement - batch = new com.kms.katalon.core.testobject.TestObject(): null

2018-06-04 18:58:02 - [TEST_STEP][PASSED] - Statement - batch = com.kms.katalon.core.webui.keyword.WebUiBuiltInKeywords.modifyObjectProperty(batch, "xpath", "equals", "//*[@id = "txtbthqty" + row + ""]", true): Modify property of object successfully

2018-06-04 18:58:02 - [MESSAGE][PASSED] - Modify property of object successfully

2018-06-04 18:58:02 - [TEST_STEP][PASSED] - Statement - batchqty = com.kms.katalon.core.webui.keyword.WebUiBuiltInKeywords.getAttribute(batch, "value").trim(): Attribute 'value' of object '' is: '37300'

2018-06-04 18:58:02 - [MESSAGE][PASSED] - Attribute 'value' of object '' is: '37300'

2018-06-04 18:58:02 - [TEST_STEP][PASSED] - Statement - Rqty = 100: null

2018-06-04 18:58:02 - [TEST_STEP][PASSED] - Statement - out.println("BatchQty : " + batchqty): null

2018-06-04 18:58:02 - [TEST_STEP][PASSED] - Statement - out.println("RQty : " + Rqty): null

2018-06-04 18:58:02 - [TEST_STEP][PASSED] - Statement - If (java.lang.Integer.valueOf(batchqty) >= java.lang.Integer.valueOf(Rqty)): null

2018-06-04 18:58:02 - [TEST_STEP][PASSED] - Statement - Break: null

2018-06-04 18:58:02 - [TEST_STEP][PASSED] - Statement - batchlength = new com.kms.katalon.core.testobject.TestObject(): null

2018-06-04 18:58:02 - [TEST_STEP][PASSED] - Statement - batchlength = com.kms.katalon.core.webui.keyword.WebUiBuiltInKeywords.modifyObjectProperty(batchlength, "xpath", "equals", "//*[@id = "fldvendor" + row + ""]", true): Modify property of object successfully

2018-06-04 18:58:02 - [MESSAGE][PASSED] - Modify property of object successfully

2018-06-04 18:58:02 - [TEST_STEP][PASSED] - Statement - batchsize = com.kms.katalon.core.webui.keyword.WebUiBuiltInKeywords.getNumberOfTotalOption(batchlength): 10 options of object '' counted

2018-06-04 18:58:02 - [MESSAGE][PASSED] - 10 options of object '' counted

2018-06-04 18:58:02 - [TEST_STEP][PASSED] - Statement - out.println("BatchSize : " + batchsize): null

2018-06-04 18:58:02 - [TEST_STEP][PASSED] - Statement - For ([n = 1, n <= batchsize - 1, (n++)]): null

2018-06-04 18:58:02 - [TEST_STEP][PASSED] - Statement - product = new com.kms.katalon.core.testobject.TestObject(): null

2018-06-04 18:58:02 - [TEST_STEP][PASSED] - Statement - product = com.kms.katalon.core.webui.keyword.WebUiBuiltInKeywords.modifyObjectProperty(product, "xpath", "equals", "//*[@id = "fldvendor" + row + ""]", true): Modify property of object successfully

2018-06-04 18:58:02 - [MESSAGE][PASSED] - Modify property of object successfully

2018-06-04 18:58:02 - [TEST_STEP][PASSED] - selectOptionByIndex: All options with index in [1] are selected on object ''

2018-06-04 18:58:02 - [MESSAGE][PASSED] - All options with index in [1] are selected on object ''

2018-06-04 18:58:02 - [TEST_STEP][PASSED] - delay: Delayed 2 second(s)

2018-06-04 18:58:04 - [MESSAGE][PASSED] - Delayed 2 second(s)

2018-06-04 18:58:04 - [TEST_STEP][PASSED] - Statement - batch = new com.kms.katalon.core.testobject.TestObject(): null

2018-06-04 18:58:04 - [TEST_STEP][PASSED] - Statement - batch = com.kms.katalon.core.webui.keyword.WebUiBuiltInKeywords.modifyObjectProperty(batch, "xpath", "equals", "//*[@id = "txtbthqty" + row + ""]", true): Modify property of object successfully

2018-06-04 18:58:04 - [MESSAGE][PASSED] - Modify property of object successfully

2018-06-04 18:58:04 - [TEST_STEP][PASSED] - Statement - batchqty = com.kms.katalon.core.webui.keyword.WebUiBuiltInKeywords.getAttribute(batch, "value").trim(): Attribute 'value' of object '' is: '3800'

2018-06-04 18:58:04 - [MESSAGE][PASSED] - Attribute 'value' of object '' is: '3800'

2018-06-04 18:58:04 - [TEST_STEP][PASSED] - Statement - Rqty = 100: null

2018-06-04 18:58:04 - [TEST_STEP][PASSED] - Statement - out.println("BatchQty : " + batchqty): null

2018-06-04 18:58:04 - [TEST_STEP][PASSED] - Statement - out.println("RQty : " + Rqty): null

2018-06-04 18:58:04 - [TEST_STEP][PASSED] - Statement - If (java.lang.Integer.valueOf(batchqty) >= java.lang.Integer.valueOf(Rqty)): null

2018-06-04 18:58:04 - [TEST_STEP][PASSED] - Statement - Break: null

2018-06-04 18:58:04 - [TEST_STEP][PASSED] - Statement - batchlength = new com.kms.katalon.core.testobject.TestObject(): null

2018-06-04 18:58:04 - [TEST_STEP][PASSED] - Statement - batchlength = com.kms.katalon.core.webui.keyword.WebUiBuiltInKeywords.modifyObjectProperty(batchlength, "xpath", "equals", "//*[@id = "fldvendor" + row + ""]", true): Modify property of object successfully

2018-06-04 18:58:04 - [MESSAGE][PASSED] - Modify property of object successfully

2018-06-04 18:58:04 - [TEST_STEP][PASSED] - Statement - batchsize = com.kms.katalon.core.webui.keyword.WebUiBuiltInKeywords.getNumberOfTotalOption(batchlength): 10 options of object '' counted

2018-06-04 18:58:04 - [MESSAGE][PASSED] - 10 options of object '' counted

2018-06-04 18:58:04 - [TEST_STEP][PASSED] - Statement - out.println("BatchSize : " + batchsize): null

2018-06-04 18:58:04 - [TEST_STEP][PASSED] - Statement - For ([n = 1, n <= batchsize - 1, (n++)]): null

2018-06-04 18:58:04 - [TEST_STEP][PASSED] - Statement - product = new com.kms.katalon.core.testobject.TestObject(): null

2018-06-04 18:58:04 - [TEST_STEP][PASSED] - Statement - product = com.kms.katalon.core.webui.keyword.WebUiBuiltInKeywords.modifyObjectProperty(product, "xpath", "equals", "//*[@id = "fldvendor" + row + ""]", true): Modify property of object successfully

2018-06-04 18:58:04 - [MESSAGE][PASSED] - Modify property of object successfully

2018-06-04 18:58:04 - [TEST_STEP][PASSED] - selectOptionByIndex: All options with index in [1] are selected on object ''

2018-06-04 18:58:04 - [MESSAGE][PASSED] - All options with index in [1] are selected on object ''

2018-06-04 18:58:04 - [TEST_STEP][PASSED] - delay: Delayed 2 second(s)

2018-06-04 18:58:06 - [MESSAGE][PASSED] - Delayed 2 second(s)

2018-06-04 18:58:06 - [TEST_STEP][PASSED] - Statement - batch = new com.kms.katalon.core.testobject.TestObject(): null

2018-06-04 18:58:06 - [TEST_STEP][PASSED] - Statement - batch = com.kms.katalon.core.webui.keyword.WebUiBuiltInKeywords.modifyObjectProperty(batch, "xpath", "equals", "//*[@id = "txtbthqty" + row + ""]", true): Modify property of object successfully

2018-06-04 18:58:06 - [MESSAGE][PASSED] - Modify property of object successfully

2018-06-04 18:58:06 - [TEST_STEP][PASSED] - Statement - batchqty = com.kms.katalon.core.webui.keyword.WebUiBuiltInKeywords.getAttribute(batch, "value").trim(): Attribute 'value' of object '' is: '2200'

2018-06-04 18:58:06 - [MESSAGE][PASSED] - Attribute 'value' of object '' is: '2200'

2018-06-04 18:58:06 - [TEST_STEP][PASSED] - Statement - Rqty = 100: null

2018-06-04 18:58:06 - [TEST_STEP][PASSED] - Statement - out.println("BatchQty : " + batchqty): null

2018-06-04 18:58:06 - [TEST_STEP][PASSED] - Statement - out.println("RQty : " + Rqty): null

2018-06-04 18:58:06 - [TEST_STEP][PASSED] - Statement - If (java.lang.Integer.valueOf(batchqty) >= java.lang.Integer.valueOf(Rqty)): null

2018-06-04 18:58:06 - [TEST_STEP][PASSED] - Statement - Break: null

2018-06-04 18:58:06 - [TEST_STEP][PASSED] - Statement - batchlength = new com.kms.katalon.core.testobject.TestObject(): null

2018-06-04 18:58:06 - [TEST_STEP][PASSED] - Statement - batchlength = com.kms.katalon.core.webui.keyword.WebUiBuiltInKeywords.modifyObjectProperty(batchlength, "xpath", "equals", "//*[@id = "fldvendor" + row + ""]", true): Modify property of object successfully

2018-06-04 18:58:06 - [MESSAGE][PASSED] - Modify property of object successfully

2018-06-04 18:58:06 - [TEST_STEP][PASSED] - Statement - batchsize = com.kms.katalon.core.webui.keyword.WebUiBuiltInKeywords.getNumberOfTotalOption(batchlength): 9 options of object '' counted

2018-06-04 18:58:06 - [MESSAGE][PASSED] - 9 options of object '' counted

2018-06-04 18:58:06 - [TEST_STEP][PASSED] - Statement - out.println("BatchSize : " + batchsize): null

2018-06-04 18:58:06 - [TEST_STEP][PASSED] - Statement - For ([n = 1, n <= batchsize - 1, (n++)]): null

2018-06-04 18:58:06 - [TEST_STEP][PASSED] - Statement - product = new com.kms.katalon.core.testobject.TestObject(): null

2018-06-04 18:58:06 - [TEST_STEP][PASSED] - Statement - product = com.kms.katalon.core.webui.keyword.WebUiBuiltInKeywords.modifyObjectProperty(product, "xpath", "equals", "//*[@id = "fldvendor" + row + ""]", true): Modify property of object successfully

2018-06-04 18:58:06 - [MESSAGE][PASSED] - Modify property of object successfully

2018-06-04 18:58:06 - [TEST_STEP][PASSED] - selectOptionByIndex: All options with index in [1] are selected on object ''

2018-06-04 18:58:07 - [MESSAGE][PASSED] - All options with index in [1] are selected on object ''

2018-06-04 18:58:07 - [TEST_STEP][PASSED] - delay: Delayed 2 second(s)

2018-06-04 18:58:09 - [MESSAGE][PASSED] - Delayed 2 second(s)

2018-06-04 18:58:09 - [TEST_STEP][PASSED] - Statement - batch = new com.kms.katalon.core.testobject.TestObject(): null

2018-06-04 18:58:09 - [TEST_STEP][PASSED] - Statement - batch = com.kms.katalon.core.webui.keyword.WebUiBuiltInKeywords.modifyObjectProperty(batch, "xpath", "equals", "//*[@id = "txtbthqty" + row + ""]", true): Modify property of object successfully

2018-06-04 18:58:09 - [MESSAGE][PASSED] - Modify property of object successfully

2018-06-04 18:58:09 - [TEST_STEP][PASSED] - Statement - batchqty = com.kms.katalon.core.webui.keyword.WebUiBuiltInKeywords.getAttribute(batch, "value").trim(): Attribute 'value' of object '' is: '2400'

2018-06-04 18:58:09 - [MESSAGE][PASSED] - Attribute 'value' of object '' is: '2400'

2018-06-04 18:58:09 - [TEST_STEP][PASSED] - Statement - Rqty = 100: null

2018-06-04 18:58:09 - [TEST_STEP][PASSED] - Statement - out.println("BatchQty : " + batchqty): null

2018-06-04 18:58:09 - [TEST_STEP][PASSED] - Statement - out.println("RQty : " + Rqty): null

2018-06-04 18:58:09 - [TEST_STEP][PASSED] - Statement - If (java.lang.Integer.valueOf(batchqty) >= java.lang.Integer.valueOf(Rqty)): null

2018-06-04 18:58:09 - [TEST_STEP][PASSED] - Statement - Break: null

2018-06-04 18:58:09 - [TEST_STEP][PASSED] - Statement - batchlength = new com.kms.katalon.core.testobject.TestObject(): null

2018-06-04 18:58:09 - [TEST_STEP][PASSED] - Statement - batchlength = com.kms.katalon.core.webui.keyword.WebUiBuiltInKeywords.modifyObjectProperty(batchlength, "xpath", "equals", "//*[@id = "fldvendor" + row + ""]", true): Modify property of object successfully

2018-06-04 18:58:09 - [MESSAGE][PASSED] - Modify property of object successfully

2018-06-04 18:58:09 - [TEST_STEP][PASSED] - Statement - batchsize = com.kms.katalon.core.webui.keyword.WebUiBuiltInKeywords.getNumberOfTotalOption(batchlength): 10 options of object '' counted

2018-06-04 18:58:09 - [MESSAGE][PASSED] - 10 options of object '' counted

2018-06-04 18:58:09 - [TEST_STEP][PASSED] - Statement - out.println("BatchSize : " + batchsize): null

2018-06-04 18:58:09 - [TEST_STEP][PASSED] - Statement - For ([n = 1, n <= batchsize - 1, (n++)]): null

2018-06-04 18:58:09 - [TEST_STEP][PASSED] - Statement - product = new com.kms.katalon.core.testobject.TestObject(): null

2018-06-04 18:58:09 - [TEST_STEP][PASSED] - Statement - product = com.kms.katalon.core.webui.keyword.WebUiBuiltInKeywords.modifyObjectProperty(product, "xpath", "equals", "//*[@id = "fldvendor" + row + ""]", true): Modify property of object successfully

2018-06-04 18:58:09 - [MESSAGE][PASSED] - Modify property of object successfully

2018-06-04 18:58:09 - [TEST_STEP][PASSED] - selectOptionByIndex: All options with index in [1] are selected on object ''

2018-06-04 18:58:09 - [MESSAGE][PASSED] - All options with index in [1] are selected on object ''

2018-06-04 18:58:09 - [TEST_STEP][PASSED] - delay: Delayed 2 second(s)

2018-06-04 18:58:11 - [MESSAGE][PASSED] - Delayed 2 second(s)

2018-06-04 18:58:11 - [TEST_STEP][PASSED] - Statement - batch = new com.kms.katalon.core.testobject.TestObject(): null

2018-06-04 18:58:11 - [TEST_STEP][PASSED] - Statement - batch = com.kms.katalon.core.webui.keyword.WebUiBuiltInKeywords.modifyObjectProperty(batch, "xpath", "equals", "//*[@id = "txtbthqty" + row + ""]", true): Modify property of object successfully

2018-06-04 18:58:11 - [MESSAGE][PASSED] - Modify property of object successfully

2018-06-04 18:58:11 - [TEST_STEP][PASSED] - Statement - batchqty = com.kms.katalon.core.webui.keyword.WebUiBuiltInKeywords.getAttribute(batch, "value").trim(): Attribute 'value' of object '' is: '2300'

2018-06-04 18:58:11 - [MESSAGE][PASSED] - Attribute 'value' of object '' is: '2300'

2018-06-04 18:58:11 - [TEST_STEP][PASSED] - Statement - Rqty = 100: null

2018-06-04 18:58:11 - [TEST_STEP][PASSED] - Statement - out.println("BatchQty : " + batchqty): null

2018-06-04 18:58:11 - [TEST_STEP][PASSED] - Statement - out.println("RQty : " + Rqty): null

2018-06-04 18:58:11 - [TEST_STEP][PASSED] - Statement - If (java.lang.Integer.valueOf(batchqty) >= java.lang.Integer.valueOf(Rqty)): null

2018-06-04 18:58:11 - [TEST_STEP][PASSED] - Statement - Break: null

2018-06-04 18:58:11 - [TEST_STEP][PASSED] - Statement - batchlength = new com.kms.katalon.core.testobject.TestObject(): null

2018-06-04 18:58:11 - [TEST_STEP][PASSED] - Statement - batchlength = com.kms.katalon.core.webui.keyword.WebUiBuiltInKeywords.modifyObjectProperty(batchlength, "xpath", "equals", "//*[@id = "fldvendor" + row + ""]", true): Modify property of object successfully

2018-06-04 18:58:11 - [MESSAGE][PASSED] - Modify property of object successfully

2018-06-04 18:58:11 - [TEST_STEP][PASSED] - Statement - batchsize = com.kms.katalon.core.webui.keyword.WebUiBuiltInKeywords.getNumberOfTotalOption(batchlength): 10 options of object '' counted

2018-06-04 18:58:11 - [MESSAGE][PASSED] - 10 options of object '' counted

2018-06-04 18:58:11 - [TEST_STEP][PASSED] - Statement - out.println("BatchSize : " + batchsize): null

2018-06-04 18:58:11 - [TEST_STEP][PASSED] - Statement - For ([n = 1, n <= batchsize - 1, (n++)]): null

2018-06-04 18:58:11 - [TEST_STEP][PASSED] - Statement - product = new com.kms.katalon.core.testobject.TestObject(): null

2018-06-04 18:58:11 - [TEST_STEP][PASSED] - Statement - product = com.kms.katalon.core.webui.keyword.WebUiBuiltInKeywords.modifyObjectProperty(product, "xpath", "equals", "//*[@id = "fldvendor" + row + ""]", true): Modify property of object successfully

2018-06-04 18:58:11 - [MESSAGE][PASSED] - Modify property of object successfully

2018-06-04 18:58:11 - [TEST_STEP][PASSED] - selectOptionByIndex: All options with index in [1] are selected on object ''

2018-06-04 18:58:11 - [MESSAGE][PASSED] - All options with index in [1] are selected on object ''

2018-06-04 18:58:11 - [TEST_STEP][PASSED] - delay: Delayed 2 second(s)

2018-06-04 18:58:13 - [MESSAGE][PASSED] - Delayed 2 second(s)

2018-06-04 18:58:13 - [TEST_STEP][PASSED] - Statement - batch = new com.kms.katalon.core.testobject.TestObject(): null

2018-06-04 18:58:13 - [TEST_STEP][PASSED] - Statement - batch = com.kms.katalon.core.webui.keyword.WebUiBuiltInKeywords.modifyObjectProperty(batch, "xpath", "equals", "//*[@id = "txtbthqty" + row + ""]", true): Modify property of object successfully

2018-06-04 18:58:13 - [MESSAGE][PASSED] - Modify property of object successfully

2018-06-04 18:58:13 - [TEST_STEP][PASSED] - Statement - batchqty = com.kms.katalon.core.webui.keyword.WebUiBuiltInKeywords.getAttribute(batch, "value").trim(): Attribute 'value' of object '' is: '2400'

2018-06-04 18:58:13 - [MESSAGE][PASSED] - Attribute 'value' of object '' is: '2400'

2018-06-04 18:58:13 - [TEST_STEP][PASSED] - Statement - Rqty = 100: null

2018-06-04 18:58:13 - [TEST_STEP][PASSED] - Statement - out.println("BatchQty : " + batchqty): null

2018-06-04 18:58:13 - [TEST_STEP][PASSED] - Statement - out.println("RQty : " + Rqty): null

2018-06-04 18:58:13 - [TEST_STEP][PASSED] - Statement - If (java.lang.Integer.valueOf(batchqty) >= java.lang.Integer.valueOf(Rqty)): null

2018-06-04 18:58:13 - [TEST_STEP][PASSED] - Statement - Break: null

2018-06-04 18:58:13 - [TEST_STEP][PASSED] - Statement - batchlength = new com.kms.katalon.core.testobject.TestObject(): null

2018-06-04 18:58:13 - [TEST_STEP][PASSED] - Statement - batchlength = com.kms.katalon.core.webui.keyword.WebUiBuiltInKeywords.modifyObjectProperty(batchlength, "xpath", "equals", "//*[@id = "fldvendor" + row + ""]", true): Modify property of object successfully

2018-06-04 18:58:13 - [MESSAGE][PASSED] - Modify property of object successfully

2018-06-04 18:58:13 - [TEST_STEP][PASSED] - Statement - batchsize = com.kms.katalon.core.webui.keyword.WebUiBuiltInKeywords.getNumberOfTotalOption(batchlength): 10 options of object '' counted

2018-06-04 18:58:13 - [MESSAGE][PASSED] - 10 options of object '' counted

2018-06-04 18:58:13 - [TEST_STEP][PASSED] - Statement - out.println("BatchSize : " + batchsize): null

2018-06-04 18:58:13 - [TEST_STEP][PASSED] - Statement - For ([n = 1, n <= batchsize - 1, (n++)]): null

2018-06-04 18:58:13 - [TEST_STEP][PASSED] - Statement - product = new com.kms.katalon.core.testobject.TestObject(): null

2018-06-04 18:58:13 - [TEST_STEP][PASSED] - Statement - product = com.kms.katalon.core.webui.keyword.WebUiBuiltInKeywords.modifyObjectProperty(product, "xpath", "equals", "//*[@id = "fldvendor" + row + ""]", true): Modify property of object successfully

2018-06-04 18:58:13 - [MESSAGE][PASSED] - Modify property of object successfully

2018-06-04 18:58:13 - [TEST_STEP][PASSED] - selectOptionByIndex: All options with index in [1] are selected on object ''

2018-06-04 18:58:13 - [MESSAGE][PASSED] - All options with index in [1] are selected on object ''

2018-06-04 18:58:13 - [TEST_STEP][PASSED] - delay: Delayed 2 second(s)

2018-06-04 18:58:15 - [MESSAGE][PASSED] - Delayed 2 second(s)

2018-06-04 18:58:15 - [TEST_STEP][PASSED] - Statement - batch = new com.kms.katalon.core.testobject.TestObject(): null

2018-06-04 18:58:15 - [TEST_STEP][PASSED] - Statement - batch = com.kms.katalon.core.webui.keyword.WebUiBuiltInKeywords.modifyObjectProperty(batch, "xpath", "equals", "//*[@id = "txtbthqty" + row + ""]", true): Modify property of object successfully

2018-06-04 18:58:15 - [MESSAGE][PASSED] - Modify property of object successfully

2018-06-04 18:58:15 - [TEST_STEP][PASSED] - Statement - batchqty = com.kms.katalon.core.webui.keyword.WebUiBuiltInKeywords.getAttribute(batch, "value").trim(): Attribute 'value' of object '' is: '4100'

2018-06-04 18:58:15 - [MESSAGE][PASSED] - Attribute 'value' of object '' is: '4100'

2018-06-04 18:58:15 - [TEST_STEP][PASSED] - Statement - Rqty = 100: null

2018-06-04 18:58:15 - [TEST_STEP][PASSED] - Statement - out.println("BatchQty : " + batchqty): null

2018-06-04 18:58:15 - [TEST_STEP][PASSED] - Statement - out.println("RQty : " + Rqty): null

2018-06-04 18:58:15 - [TEST_STEP][PASSED] - Statement - If (java.lang.Integer.valueOf(batchqty) >= java.lang.Integer.valueOf(Rqty)): null

2018-06-04 18:58:15 - [TEST_STEP][PASSED] - Statement - Break: null

2018-06-04 18:58:15 - [TEST_STEP][PASSED] - Statement - batchlength = new com.kms.katalon.core.testobject.TestObject(): null

2018-06-04 18:58:15 - [TEST_STEP][PASSED] - Statement - batchlength = com.kms.katalon.core.webui.keyword.WebUiBuiltInKeywords.modifyObjectProperty(batchlength, "xpath", "equals", "//*[@id = "fldvendor" + row + ""]", true): Modify property of object successfully

2018-06-04 18:58:15 - [MESSAGE][PASSED] - Modify property of object successfully

2018-06-04 18:58:15 - [TEST_STEP][PASSED] - Statement - batchsize = com.kms.katalon.core.webui.keyword.WebUiBuiltInKeywords.getNumberOfTotalOption(batchlength): 9 options of object '' counted

2018-06-04 18:58:15 - [MESSAGE][PASSED] - 9 options of object '' counted

2018-06-04 18:58:15 - [TEST_STEP][PASSED] - Statement - out.println("BatchSize : " + batchsize): null

2018-06-04 18:58:15 - [TEST_STEP][PASSED] - Statement - For ([n = 1, n <= batchsize - 1, (n++)]): null

2018-06-04 18:58:15 - [TEST_STEP][PASSED] - Statement - product = new com.kms.katalon.core.testobject.TestObject(): null

2018-06-04 18:58:15 - [TEST_STEP][PASSED] - Statement - product = com.kms.katalon.core.webui.keyword.WebUiBuiltInKeywords.modifyObjectProperty(product, "xpath", "equals", "//*[@id = "fldvendor" + row + ""]", true): Modify property of object successfully

2018-06-04 18:58:15 - [MESSAGE][PASSED] - Modify property of object successfully

2018-06-04 18:58:15 - [TEST_STEP][PASSED] - selectOptionByIndex: All options with index in [1] are selected on object ''

2018-06-04 18:58:16 - [MESSAGE][PASSED] - All options with index in [1] are selected on object ''

2018-06-04 18:58:16 - [TEST_STEP][PASSED] - delay: Delayed 2 second(s)

2018-06-04 18:58:18 - [MESSAGE][PASSED] - Delayed 2 second(s)

2018-06-04 18:58:18 - [TEST_STEP][PASSED] - Statement - batch = new com.kms.katalon.core.testobject.TestObject(): null

2018-06-04 18:58:18 - [TEST_STEP][PASSED] - Statement - batch = com.kms.katalon.core.webui.keyword.WebUiBuiltInKeywords.modifyObjectProperty(batch, "xpath", "equals", "//*[@id = "txtbthqty" + row + ""]", true): Modify property of object successfully

2018-06-04 18:58:18 - [MESSAGE][PASSED] - Modify property of object successfully

2018-06-04 18:58:18 - [TEST_STEP][PASSED] - Statement - batchqty = com.kms.katalon.core.webui.keyword.WebUiBuiltInKeywords.getAttribute(batch, "value").trim(): Attribute 'value' of object '' is: '4100'

2018-06-04 18:58:18 - [MESSAGE][PASSED] - Attribute 'value' of object '' is: '4100'

2018-06-04 18:58:18 - [TEST_STEP][PASSED] - Statement - Rqty = 100: null

2018-06-04 18:58:18 - [TEST_STEP][PASSED] - Statement - out.println("BatchQty : " + batchqty): null

2018-06-04 18:58:18 - [TEST_STEP][PASSED] - Statement - out.println("RQty : " + Rqty): null

2018-06-04 18:58:18 - [TEST_STEP][PASSED] - Statement - If (java.lang.Integer.valueOf(batchqty) >= java.lang.Integer.valueOf(Rqty)): null

2018-06-04 18:58:18 - [TEST_STEP][PASSED] - Statement - Break: null

2018-06-04 18:58:18 - [TEST_STEP][PASSED] - Statement - batchlength = new com.kms.katalon.core.testobject.TestObject(): null

2018-06-04 18:58:18 - [TEST_STEP][PASSED] - Statement - batchlength = com.kms.katalon.core.webui.keyword.WebUiBuiltInKeywords.modifyObjectProperty(batchlength, "xpath", "equals", "//*[@id = "fldvendor" + row + ""]", true): Modify property of object successfully

2018-06-04 18:58:18 - [MESSAGE][PASSED] - Modify property of object successfully

2018-06-04 18:58:18 - [TEST_STEP][PASSED] - Statement - batchsize = com.kms.katalon.core.webui.keyword.WebUiBuiltInKeywords.getNumberOfTotalOption(batchlength): 9 options of object '' counted

2018-06-04 18:58:18 - [MESSAGE][PASSED] - 9 options of object '' counted

2018-06-04 18:58:18 - [TEST_STEP][PASSED] - Statement - out.println("BatchSize : " + batchsize): null

2018-06-04 18:58:18 - [TEST_STEP][PASSED] - Statement - For ([n = 1, n <= batchsize - 1, (n++)]): null

2018-06-04 18:58:18 - [TEST_STEP][PASSED] - Statement - product = new com.kms.katalon.core.testobject.TestObject(): null

2018-06-04 18:58:18 - [TEST_STEP][PASSED] - Statement - product = com.kms.katalon.core.webui.keyword.WebUiBuiltInKeywords.modifyObjectProperty(product, "xpath", "equals", "//*[@id = "fldvendor" + row + ""]", true): Modify property of object successfully

2018-06-04 18:58:18 - [MESSAGE][PASSED] - Modify property of object successfully

2018-06-04 18:58:18 - [TEST_STEP][PASSED] - selectOptionByIndex: All options with index in [1] are selected on object ''

2018-06-04 18:58:18 - [MESSAGE][PASSED] - All options with index in [1] are selected on object ''

2018-06-04 18:58:18 - [TEST_STEP][PASSED] - delay: Delayed 2 second(s)

2018-06-04 18:58:20 - [MESSAGE][PASSED] - Delayed 2 second(s)

2018-06-04 18:58:20 - [TEST_STEP][PASSED] - Statement - batch = new com.kms.katalon.core.testobject.TestObject(): null

2018-06-04 18:58:20 - [TEST_STEP][PASSED] - Statement - batch = com.kms.katalon.core.webui.keyword.WebUiBuiltInKeywords.modifyObjectProperty(batch, "xpath", "equals", "//*[@id = "txtbthqty" + row + ""]", true): Modify property of object successfully

2018-06-04 18:58:20 - [MESSAGE][PASSED] - Modify property of object successfully

2018-06-04 18:58:20 - [TEST_STEP][PASSED] - Statement - batchqty = com.kms.katalon.core.webui.keyword.WebUiBuiltInKeywords.getAttribute(batch, "value").trim(): Attribute 'value' of object '' is: '4100'

2018-06-04 18:58:20 - [MESSAGE][PASSED] - Attribute 'value' of object '' is: '4100'

2018-06-04 18:58:20 - [TEST_STEP][PASSED] - Statement - Rqty = 100: null

2018-06-04 18:58:20 - [TEST_STEP][PASSED] - Statement - out.println("BatchQty : " + batchqty): null

2018-06-04 18:58:20 - [TEST_STEP][PASSED] - Statement - out.println("RQty : " + Rqty): null

2018-06-04 18:58:20 - [TEST_STEP][PASSED] - Statement - If (java.lang.Integer.valueOf(batchqty) >= java.lang.Integer.valueOf(Rqty)): null

2018-06-04 18:58:20 - [TEST_STEP][PASSED] - Statement - Break: null

2018-06-04 18:58:20 - [TEST_STEP][PASSED] - Statement - batchlength = new com.kms.katalon.core.testobject.TestObject(): null

2018-06-04 18:58:20 - [TEST_STEP][PASSED] - Statement - batchlength = com.kms.katalon.core.webui.keyword.WebUiBuiltInKeywords.modifyObjectProperty(batchlength, "xpath", "equals", "//*[@id = "fldvendor" + row + ""]", true): Modify property of object successfully

2018-06-04 18:58:20 - [MESSAGE][PASSED] - Modify property of object successfully

2018-06-04 18:58:20 - [TEST_STEP][PASSED] - Statement - batchsize = com.kms.katalon.core.webui.keyword.WebUiBuiltInKeywords.getNumberOfTotalOption(batchlength): 10 options of object '' counted

2018-06-04 18:58:20 - [MESSAGE][PASSED] - 10 options of object '' counted

2018-06-04 18:58:20 - [TEST_STEP][PASSED] - Statement - out.println("BatchSize : " + batchsize): null

2018-06-04 18:58:20 - [TEST_STEP][PASSED] - Statement - For ([n = 1, n <= batchsize - 1, (n++)]): null

2018-06-04 18:58:20 - [TEST_STEP][PASSED] - Statement - product = new com.kms.katalon.core.testobject.TestObject(): null

2018-06-04 18:58:20 - [TEST_STEP][PASSED] - Statement - product = com.kms.katalon.core.webui.keyword.WebUiBuiltInKeywords.modifyObjectProperty(product, "xpath", "equals", "//*[@id = "fldvendor" + row + ""]", true): Modify property of object successfully

2018-06-04 18:58:20 - [MESSAGE][PASSED] - Modify property of object successfully

2018-06-04 18:58:20 - [TEST_STEP][PASSED] - selectOptionByIndex: All options with index in [1] are selected on object ''

2018-06-04 18:58:20 - [MESSAGE][PASSED] - All options with index in [1] are selected on object ''

2018-06-04 18:58:20 - [TEST_STEP][PASSED] - delay: Delayed 2 second(s)

2018-06-04 18:58:22 - [MESSAGE][PASSED] - Delayed 2 second(s)

2018-06-04 18:58:22 - [TEST_STEP][PASSED] - Statement - batch = new com.kms.katalon.core.testobject.TestObject(): null

2018-06-04 18:58:22 - [TEST_STEP][PASSED] - Statement - batch = com.kms.katalon.core.webui.keyword.WebUiBuiltInKeywords.modifyObjectProperty(batch, "xpath", "equals", "//*[@id = "txtbthqty" + row + ""]", true): Modify property of object successfully

2018-06-04 18:58:22 - [MESSAGE][PASSED] - Modify property of object successfully

2018-06-04 18:58:22 - [TEST_STEP][PASSED] - Statement - batchqty = com.kms.katalon.core.webui.keyword.WebUiBuiltInKeywords.getAttribute(batch, "value").trim(): Attribute 'value' of object '' is: '2400'

2018-06-04 18:58:22 - [MESSAGE][PASSED] - Attribute 'value' of object '' is: '2400'

2018-06-04 18:58:22 - [TEST_STEP][PASSED] - Statement - Rqty = 100: null

2018-06-04 18:58:22 - [TEST_STEP][PASSED] - Statement - out.println("BatchQty : " + batchqty): null

2018-06-04 18:58:22 - [TEST_STEP][PASSED] - Statement - out.println("RQty : " + Rqty): null

2018-06-04 18:58:22 - [TEST_STEP][PASSED] - Statement - If (java.lang.Integer.valueOf(batchqty) >= java.lang.Integer.valueOf(Rqty)): null

2018-06-04 18:58:22 - [TEST_STEP][PASSED] - Statement - Break: null

2018-06-04 18:58:22 - [TEST_STEP][PASSED] - Statement - batchlength = new com.kms.katalon.core.testobject.TestObject(): null

2018-06-04 18:58:22 - [TEST_STEP][PASSED] - Statement - batchlength = com.kms.katalon.core.webui.keyword.WebUiBuiltInKeywords.modifyObjectProperty(batchlength, "xpath", "equals", "//*[@id = "fldvendor" + row + ""]", true): Modify property of object successfully

2018-06-04 18:58:22 - [MESSAGE][PASSED] - Modify property of object successfully

2018-06-04 18:58:22 - [TEST_STEP][PASSED] - Statement - batchsize = com.kms.katalon.core.webui.keyword.WebUiBuiltInKeywords.getNumberOfTotalOption(batchlength): 10 options of object '' counted

2018-06-04 18:58:22 - [MESSAGE][PASSED] - 10 options of object '' counted

2018-06-04 18:58:22 - [TEST_STEP][PASSED] - Statement - out.println("BatchSize : " + batchsize): null

2018-06-04 18:58:22 - [TEST_STEP][PASSED] - Statement - For ([n = 1, n <= batchsize - 1, (n++)]): null

2018-06-04 18:58:22 - [TEST_STEP][PASSED] - Statement - product = new com.kms.katalon.core.testobject.TestObject(): null

2018-06-04 18:58:22 - [TEST_STEP][PASSED] - Statement - product = com.kms.katalon.core.webui.keyword.WebUiBuiltInKeywords.modifyObjectProperty(product, "xpath", "equals", "//*[@id = "fldvendor" + row + ""]", true): Modify property of object successfully

2018-06-04 18:58:22 - [MESSAGE][PASSED] - Modify property of object successfully

2018-06-04 18:58:22 - [TEST_STEP][PASSED] - selectOptionByIndex: All options with index in [1] are selected on object ''

2018-06-04 18:58:22 - [MESSAGE][PASSED] - All options with index in [1] are selected on object ''

2018-06-04 18:58:22 - [TEST_STEP][PASSED] - delay: Delayed 2 second(s)

2018-06-04 18:58:24 - [MESSAGE][PASSED] - Delayed 2 second(s)

2018-06-04 18:58:24 - [TEST_STEP][PASSED] - Statement - batch = new com.kms.katalon.core.testobject.TestObject(): null

2018-06-04 18:58:24 - [TEST_STEP][PASSED] - Statement - batch = com.kms.katalon.core.webui.keyword.WebUiBuiltInKeywords.modifyObjectProperty(batch, "xpath", "equals", "//*[@id = "txtbthqty" + row + ""]", true): Modify property of object successfully

2018-06-04 18:58:24 - [MESSAGE][PASSED] - Modify property of object successfully

2018-06-04 18:58:24 - [TEST_STEP][PASSED] - Statement - batchqty = com.kms.katalon.core.webui.keyword.WebUiBuiltInKeywords.getAttribute(batch, "value").trim(): Attribute 'value' of object '' is: '2200'

2018-06-04 18:58:24 - [MESSAGE][PASSED] - Attribute 'value' of object '' is: '2200'

2018-06-04 18:58:24 - [TEST_STEP][PASSED] - Statement - Rqty = 100: null

2018-06-04 18:58:24 - [TEST_STEP][PASSED] - Statement - out.println("BatchQty : " + batchqty): null

2018-06-04 18:58:24 - [TEST_STEP][PASSED] - Statement - out.println("RQty : " + Rqty): null

2018-06-04 18:58:24 - [TEST_STEP][PASSED] - Statement - If (java.lang.Integer.valueOf(batchqty) >= java.lang.Integer.valueOf(Rqty)): null

2018-06-04 18:58:24 - [TEST_STEP][PASSED] - Statement - Break: null

2018-06-04 18:58:24 - [TEST_STEP][PASSED] - Statement - batchlength = new com.kms.katalon.core.testobject.TestObject(): null

2018-06-04 18:58:24 - [TEST_STEP][PASSED] - Statement - batchlength = com.kms.katalon.core.webui.keyword.WebUiBuiltInKeywords.modifyObjectProperty(batchlength, "xpath", "equals", "//*[@id = "fldvendor" + row + ""]", true): Modify property of object successfully

2018-06-04 18:58:24 - [MESSAGE][PASSED] - Modify property of object successfully

2018-06-04 18:58:24 - [TEST_STEP][PASSED] - Statement - batchsize = com.kms.katalon.core.webui.keyword.WebUiBuiltInKeywords.getNumberOfTotalOption(batchlength): 10 options of object '' counted

2018-06-04 18:58:24 - [MESSAGE][PASSED] - 10 options of object '' counted

2018-06-04 18:58:24 - [TEST_STEP][PASSED] - Statement - out.println("BatchSize : " + batchsize): null

2018-06-04 18:58:24 - [TEST_STEP][PASSED] - Statement - For ([n = 1, n <= batchsize - 1, (n++)]): null

2018-06-04 18:58:24 - [TEST_STEP][PASSED] - Statement - product = new com.kms.katalon.core.testobject.TestObject(): null

2018-06-04 18:58:24 - [TEST_STEP][PASSED] - Statement - product = com.kms.katalon.core.webui.keyword.WebUiBuiltInKeywords.modifyObjectProperty(product, "xpath", "equals", "//*[@id = "fldvendor" + row + ""]", true): Modify property of object successfully

2018-06-04 18:58:24 - [MESSAGE][PASSED] - Modify property of object successfully

2018-06-04 18:58:24 - [TEST_STEP][PASSED] - selectOptionByIndex: All options with index in [1] are selected on object ''

2018-06-04 18:58:25 - [MESSAGE][PASSED] - All options with index in [1] are selected on object ''

2018-06-04 18:58:25 - [TEST_STEP][PASSED] - delay: Delayed 2 second(s)

2018-06-04 18:58:27 - [MESSAGE][PASSED] - Delayed 2 second(s)

2018-06-04 18:58:27 - [TEST_STEP][PASSED] - Statement - batch = new com.kms.katalon.core.testobject.TestObject(): null

2018-06-04 18:58:27 - [TEST_STEP][PASSED] - Statement - batch = com.kms.katalon.core.webui.keyword.WebUiBuiltInKeywords.modifyObjectProperty(batch, "xpath", "equals", "//*[@id = "txtbthqty" + row + ""]", true): Modify property of object successfully

2018-06-04 18:58:27 - [MESSAGE][PASSED] - Modify property of object successfully

2018-06-04 18:58:27 - [TEST_STEP][PASSED] - Statement - batchqty = com.kms.katalon.core.webui.keyword.WebUiBuiltInKeywords.getAttribute(batch, "value").trim(): Attribute 'value' of object '' is: '2400'

2018-06-04 18:58:27 - [MESSAGE][PASSED] - Attribute 'value' of object '' is: '2400'

2018-06-04 18:58:27 - [TEST_STEP][PASSED] - Statement - Rqty = 100: null

2018-06-04 18:58:27 - [TEST_STEP][PASSED] - Statement - out.println("BatchQty : " + batchqty): null

2018-06-04 18:58:27 - [TEST_STEP][PASSED] - Statement - out.println("RQty : " + Rqty): null

2018-06-04 18:58:27 - [TEST_STEP][PASSED] - Statement - If (java.lang.Integer.valueOf(batchqty) >= java.lang.Integer.valueOf(Rqty)): null

2018-06-04 18:58:27 - [TEST_STEP][PASSED] - Statement - Break: null

2018-06-04 18:58:27 - [TEST_STEP][PASSED] - Statement - batchlength = new com.kms.katalon.core.testobject.TestObject(): null

2018-06-04 18:58:27 - [TEST_STEP][PASSED] - Statement - batchlength = com.kms.katalon.core.webui.keyword.WebUiBuiltInKeywords.modifyObjectProperty(batchlength, "xpath", "equals", "//*[@id = "fldvendor" + row + ""]", true): Modify property of object successfully

2018-06-04 18:58:27 - [MESSAGE][PASSED] - Modify property of object successfully

2018-06-04 18:58:27 - [TEST_STEP][PASSED] - Statement - batchsize = com.kms.katalon.core.webui.keyword.WebUiBuiltInKeywords.getNumberOfTotalOption(batchlength): 9 options of object '' counted

2018-06-04 18:58:27 - [MESSAGE][PASSED] - 9 options of object '' counted

2018-06-04 18:58:27 - [TEST_STEP][PASSED] - Statement - out.println("BatchSize : " + batchsize): null

2018-06-04 18:58:27 - [TEST_STEP][PASSED] - Statement - For ([n = 1, n <= batchsize - 1, (n++)]): null

2018-06-04 18:58:27 - [TEST_STEP][PASSED] - Statement - product = new com.kms.katalon.core.testobject.TestObject(): null

2018-06-04 18:58:27 - [TEST_STEP][PASSED] - Statement - product = com.kms.katalon.core.webui.keyword.WebUiBuiltInKeywords.modifyObjectProperty(product, "xpath", "equals", "//*[@id = "fldvendor" + row + ""]", true): Modify property of object successfully

2018-06-04 18:58:27 - [MESSAGE][PASSED] - Modify property of object successfully

2018-06-04 18:58:27 - [TEST_STEP][PASSED] - selectOptionByIndex: All options with index in [1] are selected on object ''

2018-06-04 18:58:27 - [MESSAGE][PASSED] - All options with index in [1] are selected on object ''

2018-06-04 18:58:27 - [TEST_STEP][PASSED] - delay: Delayed 2 second(s)

2018-06-04 18:58:29 - [MESSAGE][PASSED] - Delayed 2 second(s)

2018-06-04 18:58:29 - [TEST_STEP][PASSED] - Statement - batch = new com.kms.katalon.core.testobject.TestObject(): null

2018-06-04 18:58:29 - [TEST_STEP][PASSED] - Statement - batch = com.kms.katalon.core.webui.keyword.WebUiBuiltInKeywords.modifyObjectProperty(batch, "xpath", "equals", "//*[@id = "txtbthqty" + row + ""]", true): Modify property of object successfully

2018-06-04 18:58:29 - [MESSAGE][PASSED] - Modify property of object successfully

2018-06-04 18:58:29 - [TEST_STEP][PASSED] - Statement - batchqty = com.kms.katalon.core.webui.keyword.WebUiBuiltInKeywords.getAttribute(batch, "value").trim(): Attribute 'value' of object '' is: '4100'

2018-06-04 18:58:29 - [MESSAGE][PASSED] - Attribute 'value' of object '' is: '4100'

2018-06-04 18:58:29 - [TEST_STEP][PASSED] - Statement - Rqty = 100: null

2018-06-04 18:58:29 - [TEST_STEP][PASSED] - Statement - out.println("BatchQty : " + batchqty): null

2018-06-04 18:58:29 - [TEST_STEP][PASSED] - Statement - out.println("RQty : " + Rqty): null

2018-06-04 18:58:29 - [TEST_STEP][PASSED] - Statement - If (java.lang.Integer.valueOf(batchqty) >= java.lang.Integer.valueOf(Rqty)): null

2018-06-04 18:58:29 - [TEST_STEP][PASSED] - Statement - Break: null

2018-06-04 18:58:29 - [TEST_STEP][PASSED] - click: Object: 'Object Repository/store Request Schedule 1/Page_KDMC - CMS/input_btndispatch' is clicked on

2018-06-04 18:58:29 - [MESSAGE][PASSED] - Object: 'Object Repository/store Request Schedule 1/Page_KDMC - CMS/input_btndispatch' is clicked on

2018-06-04 18:58:29 - [TEST_STEP][PASSED] - waitForElementVisible: Object 'Object Repository/store Request Schedule 1/Page_KDMC - CMS/button_OK' is visible

2018-06-04 18:58:30 - [MESSAGE][PASSED] - Object 'Object Repository/store Request Schedule 1/Page_KDMC - CMS/button_OK' is visible

2018-06-04 18:58:30 - [TEST_STEP][PASSED] - click: Object: 'Object Repository/store Request Schedule 1/Page_KDMC - CMS/button_OK' is clicked on

2018-06-04 18:58:31 - [MESSAGE][PASSED] - Object: 'Object Repository/store Request Schedule 1/Page_KDMC - CMS/button_OK' is clicked on

2018-06-04 18:58:31 - [TEST_STEP][PASSED] - delay: Delayed 3 second(s)

2018-06-04 18:58:34 - [MESSAGE][PASSED] - Delayed 3 second(s)

2018-06-04 18:58:34 - [TEST_STEP][PASSED] - click: Object: 'Object Repository/store Request Schedule 1/Page_KDMC - CMS/a_dropdown-toggle' is clicked on

2018-06-04 18:58:34 - [MESSAGE][PASSED] - Object: 'Object Repository/store Request Schedule 1/Page_KDMC - CMS/a_dropdown-toggle' is clicked on

2018-06-04 18:58:34 - [TEST_STEP][PASSED] - click: Object: 'Object Repository/store Request Schedule 1/Page_KDMC - CMS/a_Sign out' is clicked on

2018-06-04 18:58:35 - [MESSAGE][PASSED] - Object: 'Object Repository/store Request Schedule 1/Page_KDMC - CMS/a_Sign out' is clicked on

2018-06-04 18:58:35 - [TEST_STEP][PASSED] - delay: Delayed 3 second(s)

2018-06-04 18:58:38 - [MESSAGE][PASSED] - Delayed 3 second(s)

2018-06-04 18:58:38 - [TEST_STEP][PASSED] - click: Object: 'Object Repository/Store Request Schedule 1/Page_KDMC/a_Divisional Store' is clicked on

2018-06-04 18:58:39 - [MESSAGE][PASSED] - Object: 'Object Repository/Store Request Schedule 1/Page_KDMC/a_Divisional Store' is clicked on

2018-06-04 18:58:39 - [TEST_STEP][PASSED] - setText: Text 'ragu' is set on object 'Object Repository/Store Request Schedule 1/Page_Divisonal Store Login/input_txtusername'

2018-06-04 18:58:40 - [MESSAGE][PASSED] - Text 'ragu' is set on object 'Object Repository/Store Request Schedule 1/Page_Divisonal Store Login/input_txtusername'

2018-06-04 18:58:40 - [TEST_STEP][PASSED] - setText: Text '123' is set on object 'Object Repository/Store Request Schedule 1/Page_Divisonal Store Login/input_txtpassword'

2018-06-04 18:58:40 - [MESSAGE][PASSED] - Text '123' is set on object 'Object Repository/Store Request Schedule 1/Page_Divisonal Store Login/input_txtpassword'

2018-06-04 18:58:40 - [TEST_STEP][PASSED] - delay: Delayed 3 second(s)

2018-06-04 18:58:43 - [MESSAGE][PASSED] - Delayed 3 second(s)

2018-06-04 18:58:43 - [TEST_STEP][PASSED] - click: Object: 'Object Repository/Store Request Schedule 1/Page_Divisonal Store Login/button_Sign in' is clicked on

2018-06-04 18:58:44 - [MESSAGE][PASSED] - Object: 'Object Repository/Store Request Schedule 1/Page_Divisonal Store Login/button_Sign in' is clicked on

2018-06-04 18:58:44 - [TEST_STEP][PASSED] - delay: Delayed 3 second(s)

2018-06-04 18:58:47 - [MESSAGE][PASSED] - Delayed 3 second(s)

2018-06-04 18:58:47 - [TEST_STEP][PASSED] - click: Object: 'Object Repository/Store Request Schedule 1/Page_Store/a_CMS' is clicked on

2018-06-04 18:58:47 - [MESSAGE][PASSED] - Object: 'Object Repository/Store Request Schedule 1/Page_Store/a_CMS' is clicked on

2018-06-04 18:58:47 - [TEST_STEP][PASSED] - delay: Delayed 2 second(s)

2018-06-04 18:58:49 - [MESSAGE][PASSED] - Delayed 2 second(s)

2018-06-04 18:58:49 - [TEST_STEP][PASSED] - click: Object: 'Object Repository/Store Request Schedule 1/Page_Store/a_Receiving Goods' is clicked on

2018-06-04 18:58:50 - [MESSAGE][PASSED] - Object: 'Object Repository/Store Request Schedule 1/Page_Store/a_Receiving Goods' is clicked on

2018-06-04 18:58:50 - [TEST_STEP][PASSED] - setText: Text 'PRNO/04062018/594' is set on object 'Object Repository/Store Request Schedule 1/Page_Store/input'

2018-06-04 18:58:51 - [MESSAGE][PASSED] - Text 'PRNO/04062018/594' is set on object 'Object Repository/Store Request Schedule 1/Page_Store/input'

2018-06-04 18:58:51 - [TEST_STEP][PASSED] - click: Object: 'Object Repository/Store Request Schedule 1/Page_Store/input_btn btn-primary' is clicked on

2018-06-04 18:58:51 - [MESSAGE][PASSED] - Object: 'Object Repository/Store Request Schedule 1/Page_Store/input_btn btn-primary' is clicked on

2018-06-04 18:58:51 - [TEST_STEP][PASSED] - delay: Delayed 2 second(s)

2018-06-04 18:58:53 - [MESSAGE][PASSED] - Delayed 2 second(s)

2018-06-04 18:58:53 - [TEST_STEP][PASSED] - click: Object: 'Object Repository/Store Request Schedule 1/Page_Store/input_chkrem' is clicked on

2018-06-04 18:58:53 - [MESSAGE][PASSED] - Object: 'Object Repository/Store Request Schedule 1/Page_Store/input_chkrem' is clicked on

2018-06-04 18:58:53 - [TEST_STEP][PASSED] - scrollToElement: Scroll to object 'Object Repository/Store Request Schedule 1/Page_Store/input_btchkroqadd' successfully

2018-06-04 18:58:53 - [MESSAGE][PASSED] - Scroll to object 'Object Repository/Store Request Schedule 1/Page_Store/input_btchkroqadd' successfully

2018-06-04 18:58:53 - [TEST_STEP][PASSED] - click: Object: 'Object Repository/Store Request Schedule 1/Page_Store/input_btchkroqadd' is clicked on

2018-06-04 18:58:53 - [MESSAGE][PASSED] - Object: 'Object Repository/Store Request Schedule 1/Page_Store/input_btchkroqadd' is clicked on

2018-06-04 18:58:53 - [TEST_STEP][PASSED] - delay: Delayed 2 second(s)

2018-06-04 18:58:55 - [MESSAGE][PASSED] - Delayed 2 second(s)

2018-06-04 18:58:55 - [TEST_STEP][PASSED] - refresh: Refresh successfully

2018-06-04 18:58:56 - [MESSAGE][PASSED] - Refresh successfully

2018-06-04 18:58:56 - [TEST_STEP][PASSED] - delay: Delayed 3 second(s)

2018-06-04 18:58:59 - [MESSAGE][PASSED] - Delayed 3 second(s)

2018-06-04 18:58:59 - [TEST_STEP][PASSED] - click: Object: 'Object Repository/Store Request Schedule 1/Page_Store/a_dropdown-toggle' is clicked on

2018-06-04 18:58:59 - [MESSAGE][PASSED] - Object: 'Object Repository/Store Request Schedule 1/Page_Store/a_dropdown-toggle' is clicked on

2018-06-04 18:58:59 - [TEST_STEP][PASSED] - click: Object: 'Object Repository/Store Request Schedule 1/Page_Store/a_Sign out' is clicked on

2018-06-04 18:59:00 - [MESSAGE][PASSED] - Object: 'Object Repository/Store Request Schedule 1/Page_Store/a_Sign out' is clicked on

2018-06-04 18:59:00 - [TEST_STEP][PASSED] - closeBrowser: Browser is closed

2018-06-04 18:59:01 - [MESSAGE][PASSED] - Browser is closed

2018-06-04 18:59:01 - [TEST_STEP][PASSED] - Statement - out.println("Schedule 6 STORE Request Are Working Successfully"): null]]></system-out>
         <system-err><![CDATA[]]></system-err>
      </testcase>
      <testcase name="Test Cases/STORE TO CMS REQUEST TEST CASES/TC_STCMS_007 To Verify Schedule 7 Store To CMS Request Are Working Successfully Or Not" classname="Test Cases/STORE TO CMS REQUEST TEST CASES/TC_STCMS_007 To Verify Schedule 7 Store To CMS Request Are Working Successfully Or Not" status="PASSED">
         <system-out><![CDATA[2018-06-04 18:59:01 - [TEST_CASE][PASSED] - Test Cases/STORE TO CMS REQUEST TEST CASES/TC_STCMS_007 To Verify Schedule 7 Store To CMS Request Are Working Successfully Or Not: Test Cases/STORE TO CMS REQUEST TEST CASES/TC_STCMS_007 To Verify Schedule 7 Store To CMS Request Are Working Successfully Or Not

2018-06-04 18:59:01 - [TEST_STEP][PASSED] - openBrowser: Browser is opened with url: ''

2018-06-04 18:59:03 - [MESSAGE][PASSED] - Browser is opened with url: ''

2018-06-04 18:59:03 - [TEST_STEP][PASSED] - Statement - out.println("Verify Schedule 7 STORE Request Are Working Successfully Or Not"): null

2018-06-04 18:59:03 - [TEST_STEP][PASSED] - navigateToUrl: Navigate to 'http://192.168.137.1/multihospital_new/' successfully

2018-06-04 18:59:08 - [MESSAGE][PASSED] - Navigate to 'http://192.168.137.1/multihospital_new/' successfully

2018-06-04 18:59:08 - [TEST_STEP][PASSED] - maximizeWindow: Current window maximized

2018-06-04 18:59:09 - [MESSAGE][PASSED] - Current window maximized

2018-06-04 18:59:09 - [TEST_STEP][PASSED] - click: Object: 'Object Repository/Store Request Schedule 1/Page_KDMC/a_Divisional Store' is clicked on

2018-06-04 18:59:11 - [MESSAGE][PASSED] - Object: 'Object Repository/Store Request Schedule 1/Page_KDMC/a_Divisional Store' is clicked on

2018-06-04 18:59:11 - [TEST_STEP][PASSED] - setText: Text 'ragu' is set on object 'Object Repository/Store Request Schedule 1/Page_Divisonal Store Login/input_txtusername'

2018-06-04 18:59:11 - [MESSAGE][PASSED] - Text 'ragu' is set on object 'Object Repository/Store Request Schedule 1/Page_Divisonal Store Login/input_txtusername'

2018-06-04 18:59:11 - [TEST_STEP][PASSED] - setText: Text '123' is set on object 'Object Repository/Store Request Schedule 1/Page_Divisonal Store Login/input_txtpassword'

2018-06-04 18:59:11 - [MESSAGE][PASSED] - Text '123' is set on object 'Object Repository/Store Request Schedule 1/Page_Divisonal Store Login/input_txtpassword'

2018-06-04 18:59:11 - [TEST_STEP][PASSED] - delay: Delayed 3 second(s)

2018-06-04 18:59:14 - [MESSAGE][PASSED] - Delayed 3 second(s)

2018-06-04 18:59:14 - [TEST_STEP][PASSED] - click: Object: 'Object Repository/Store Request Schedule 1/Page_Divisonal Store Login/button_Sign in' is clicked on

2018-06-04 18:59:15 - [MESSAGE][PASSED] - Object: 'Object Repository/Store Request Schedule 1/Page_Divisonal Store Login/button_Sign in' is clicked on

2018-06-04 18:59:15 - [TEST_STEP][PASSED] - delay: Delayed 3 second(s)

2018-06-04 18:59:18 - [MESSAGE][PASSED] - Delayed 3 second(s)

2018-06-04 18:59:18 - [TEST_STEP][PASSED] - click: Object: 'Object Repository/Store Request Schedule 1/Page_Store/a_CMS' is clicked on

2018-06-04 18:59:18 - [MESSAGE][PASSED] - Object: 'Object Repository/Store Request Schedule 1/Page_Store/a_CMS' is clicked on

2018-06-04 18:59:18 - [TEST_STEP][PASSED] - delay: Delayed 2 second(s)

2018-06-04 18:59:20 - [MESSAGE][PASSED] - Delayed 2 second(s)

2018-06-04 18:59:20 - [TEST_STEP][PASSED] - click: Object: 'Object Repository/Store Request Schedule 1/Page_Store/a_Request Send' is clicked on

2018-06-04 18:59:24 - [MESSAGE][PASSED] - Object: 'Object Repository/Store Request Schedule 1/Page_Store/a_Request Send' is clicked on

2018-06-04 18:59:24 - [TEST_STEP][PASSED] - selectOptionByIndex: All options with index in [1] are selected on object 'Object Repository/Store Request Schedule 1/Page_Store/select_--Select--'

2018-06-04 18:59:24 - [MESSAGE][PASSED] - All options with index in [1] are selected on object 'Object Repository/Store Request Schedule 1/Page_Store/select_--Select--'

2018-06-04 18:59:24 - [TEST_STEP][PASSED] - selectOptionByIndex: All options with index in [7] are selected on object 'Object Repository/Store Request Schedule 1/Page_Store/select_--Select--Schedule 1Inj'

2018-06-04 18:59:24 - [MESSAGE][PASSED] - All options with index in [7] are selected on object 'Object Repository/Store Request Schedule 1/Page_Store/select_--Select--Schedule 1Inj'

2018-06-04 18:59:24 - [TEST_STEP][PASSED] - Statement - SelectedOptions = com.kms.katalon.core.webui.keyword.WebUiBuiltInKeywords.getNumberOfTotalOption(com.kms.katalon.core.testobject.ObjectRepository.findTestObject(Store Request Schedule 1/Page_Store/select_--Select--Adernaline 0.)): 24 options of object 'Object Repository/Store Request Schedule 1/Page_Store/select_--Select--Adernaline 0.' counted

2018-06-04 18:59:24 - [MESSAGE][PASSED] - 24 options of object 'Object Repository/Store Request Schedule 1/Page_Store/select_--Select--Adernaline 0.' counted

2018-06-04 18:59:24 - [TEST_STEP][PASSED] - Statement - For ([y = 1, y < SelectedOptions, (y++)]): Object: 'Object Repository/Store Request Schedule 1/Page_Store/button_Add' is clicked on

2018-06-04 18:59:24 - [TEST_STEP][PASSED] - selectOptionByIndex: All options with index in [7] are selected on object 'Object Repository/Store Request Schedule 1/Page_Store/select_--Select--Schedule 1Inj'

2018-06-04 18:59:25 - [MESSAGE][PASSED] - All options with index in [7] are selected on object 'Object Repository/Store Request Schedule 1/Page_Store/select_--Select--Schedule 1Inj'

2018-06-04 18:59:25 - [TEST_STEP][PASSED] - delay: Delayed 1 second(s)

2018-06-04 18:59:26 - [MESSAGE][PASSED] - Delayed 1 second(s)

2018-06-04 18:59:26 - [TEST_STEP][PASSED] - selectOptionByIndex: All options with index in [1] are selected on object 'Object Repository/Store Request Schedule 1/Page_Store/select_--Select--Adernaline 0.'

2018-06-04 18:59:26 - [MESSAGE][PASSED] - All options with index in [1] are selected on object 'Object Repository/Store Request Schedule 1/Page_Store/select_--Select--Adernaline 0.'

2018-06-04 18:59:26 - [TEST_STEP][PASSED] - setText: Text '100' is set on object 'Object Repository/Store Request Schedule 1/Page_Store/input_txttreat'

2018-06-04 18:59:26 - [MESSAGE][PASSED] - Text '100' is set on object 'Object Repository/Store Request Schedule 1/Page_Store/input_txttreat'

2018-06-04 18:59:26 - [TEST_STEP][PASSED] - click: Object: 'Object Repository/Store Request Schedule 1/Page_Store/button_Add' is clicked on

2018-06-04 18:59:26 - [MESSAGE][PASSED] - Object: 'Object Repository/Store Request Schedule 1/Page_Store/button_Add' is clicked on

2018-06-04 18:59:26 - [TEST_STEP][PASSED] - selectOptionByIndex: All options with index in [7] are selected on object 'Object Repository/Store Request Schedule 1/Page_Store/select_--Select--Schedule 1Inj'

2018-06-04 18:59:26 - [MESSAGE][PASSED] - All options with index in [7] are selected on object 'Object Repository/Store Request Schedule 1/Page_Store/select_--Select--Schedule 1Inj'

2018-06-04 18:59:26 - [TEST_STEP][PASSED] - delay: Delayed 1 second(s)

2018-06-04 18:59:27 - [MESSAGE][PASSED] - Delayed 1 second(s)

2018-06-04 18:59:27 - [TEST_STEP][PASSED] - selectOptionByIndex: All options with index in [2] are selected on object 'Object Repository/Store Request Schedule 1/Page_Store/select_--Select--Adernaline 0.'

2018-06-04 18:59:27 - [MESSAGE][PASSED] - All options with index in [2] are selected on object 'Object Repository/Store Request Schedule 1/Page_Store/select_--Select--Adernaline 0.'

2018-06-04 18:59:27 - [TEST_STEP][PASSED] - setText: Text '100' is set on object 'Object Repository/Store Request Schedule 1/Page_Store/input_txttreat'

2018-06-04 18:59:27 - [MESSAGE][PASSED] - Text '100' is set on object 'Object Repository/Store Request Schedule 1/Page_Store/input_txttreat'

2018-06-04 18:59:27 - [TEST_STEP][PASSED] - click: Object: 'Object Repository/Store Request Schedule 1/Page_Store/button_Add' is clicked on

2018-06-04 18:59:27 - [MESSAGE][PASSED] - Object: 'Object Repository/Store Request Schedule 1/Page_Store/button_Add' is clicked on

2018-06-04 18:59:27 - [TEST_STEP][PASSED] - selectOptionByIndex: All options with index in [7] are selected on object 'Object Repository/Store Request Schedule 1/Page_Store/select_--Select--Schedule 1Inj'

2018-06-04 18:59:28 - [MESSAGE][PASSED] - All options with index in [7] are selected on object 'Object Repository/Store Request Schedule 1/Page_Store/select_--Select--Schedule 1Inj'

2018-06-04 18:59:28 - [TEST_STEP][PASSED] - delay: Delayed 1 second(s)

2018-06-04 18:59:29 - [MESSAGE][PASSED] - Delayed 1 second(s)

2018-06-04 18:59:29 - [TEST_STEP][PASSED] - selectOptionByIndex: All options with index in [3] are selected on object 'Object Repository/Store Request Schedule 1/Page_Store/select_--Select--Adernaline 0.'

2018-06-04 18:59:29 - [MESSAGE][PASSED] - All options with index in [3] are selected on object 'Object Repository/Store Request Schedule 1/Page_Store/select_--Select--Adernaline 0.'

2018-06-04 18:59:29 - [TEST_STEP][PASSED] - setText: Text '100' is set on object 'Object Repository/Store Request Schedule 1/Page_Store/input_txttreat'

2018-06-04 18:59:29 - [MESSAGE][PASSED] - Text '100' is set on object 'Object Repository/Store Request Schedule 1/Page_Store/input_txttreat'

2018-06-04 18:59:29 - [TEST_STEP][PASSED] - click: Object: 'Object Repository/Store Request Schedule 1/Page_Store/button_Add' is clicked on

2018-06-04 18:59:29 - [MESSAGE][PASSED] - Object: 'Object Repository/Store Request Schedule 1/Page_Store/button_Add' is clicked on

2018-06-04 18:59:29 - [TEST_STEP][PASSED] - selectOptionByIndex: All options with index in [7] are selected on object 'Object Repository/Store Request Schedule 1/Page_Store/select_--Select--Schedule 1Inj'

2018-06-04 18:59:29 - [MESSAGE][PASSED] - All options with index in [7] are selected on object 'Object Repository/Store Request Schedule 1/Page_Store/select_--Select--Schedule 1Inj'

2018-06-04 18:59:29 - [TEST_STEP][PASSED] - delay: Delayed 1 second(s)

2018-06-04 18:59:30 - [MESSAGE][PASSED] - Delayed 1 second(s)

2018-06-04 18:59:30 - [TEST_STEP][PASSED] - selectOptionByIndex: All options with index in [4] are selected on object 'Object Repository/Store Request Schedule 1/Page_Store/select_--Select--Adernaline 0.'

2018-06-04 18:59:30 - [MESSAGE][PASSED] - All options with index in [4] are selected on object 'Object Repository/Store Request Schedule 1/Page_Store/select_--Select--Adernaline 0.'

2018-06-04 18:59:30 - [TEST_STEP][PASSED] - setText: Text '100' is set on object 'Object Repository/Store Request Schedule 1/Page_Store/input_txttreat'

2018-06-04 18:59:30 - [MESSAGE][PASSED] - Text '100' is set on object 'Object Repository/Store Request Schedule 1/Page_Store/input_txttreat'

2018-06-04 18:59:30 - [TEST_STEP][PASSED] - click: Object: 'Object Repository/Store Request Schedule 1/Page_Store/button_Add' is clicked on

2018-06-04 18:59:30 - [MESSAGE][PASSED] - Object: 'Object Repository/Store Request Schedule 1/Page_Store/button_Add' is clicked on

2018-06-04 18:59:30 - [TEST_STEP][PASSED] - selectOptionByIndex: All options with index in [7] are selected on object 'Object Repository/Store Request Schedule 1/Page_Store/select_--Select--Schedule 1Inj'

2018-06-04 18:59:31 - [MESSAGE][PASSED] - All options with index in [7] are selected on object 'Object Repository/Store Request Schedule 1/Page_Store/select_--Select--Schedule 1Inj'

2018-06-04 18:59:31 - [TEST_STEP][PASSED] - delay: Delayed 1 second(s)

2018-06-04 18:59:32 - [MESSAGE][PASSED] - Delayed 1 second(s)

2018-06-04 18:59:32 - [TEST_STEP][PASSED] - selectOptionByIndex: All options with index in [5] are selected on object 'Object Repository/Store Request Schedule 1/Page_Store/select_--Select--Adernaline 0.'

2018-06-04 18:59:32 - [MESSAGE][PASSED] - All options with index in [5] are selected on object 'Object Repository/Store Request Schedule 1/Page_Store/select_--Select--Adernaline 0.'

2018-06-04 18:59:32 - [TEST_STEP][PASSED] - setText: Text '100' is set on object 'Object Repository/Store Request Schedule 1/Page_Store/input_txttreat'

2018-06-04 18:59:32 - [MESSAGE][PASSED] - Text '100' is set on object 'Object Repository/Store Request Schedule 1/Page_Store/input_txttreat'

2018-06-04 18:59:32 - [TEST_STEP][PASSED] - click: Object: 'Object Repository/Store Request Schedule 1/Page_Store/button_Add' is clicked on

2018-06-04 18:59:32 - [MESSAGE][PASSED] - Object: 'Object Repository/Store Request Schedule 1/Page_Store/button_Add' is clicked on

2018-06-04 18:59:32 - [TEST_STEP][PASSED] - selectOptionByIndex: All options with index in [7] are selected on object 'Object Repository/Store Request Schedule 1/Page_Store/select_--Select--Schedule 1Inj'

2018-06-04 18:59:32 - [MESSAGE][PASSED] - All options with index in [7] are selected on object 'Object Repository/Store Request Schedule 1/Page_Store/select_--Select--Schedule 1Inj'

2018-06-04 18:59:32 - [TEST_STEP][PASSED] - delay: Delayed 1 second(s)

2018-06-04 18:59:33 - [MESSAGE][PASSED] - Delayed 1 second(s)

2018-06-04 18:59:33 - [TEST_STEP][PASSED] - selectOptionByIndex: All options with index in [6] are selected on object 'Object Repository/Store Request Schedule 1/Page_Store/select_--Select--Adernaline 0.'

2018-06-04 18:59:33 - [MESSAGE][PASSED] - All options with index in [6] are selected on object 'Object Repository/Store Request Schedule 1/Page_Store/select_--Select--Adernaline 0.'

2018-06-04 18:59:33 - [TEST_STEP][PASSED] - setText: Text '100' is set on object 'Object Repository/Store Request Schedule 1/Page_Store/input_txttreat'

2018-06-04 18:59:33 - [MESSAGE][PASSED] - Text '100' is set on object 'Object Repository/Store Request Schedule 1/Page_Store/input_txttreat'

2018-06-04 18:59:33 - [TEST_STEP][PASSED] - click: Object: 'Object Repository/Store Request Schedule 1/Page_Store/button_Add' is clicked on

2018-06-04 18:59:33 - [MESSAGE][PASSED] - Object: 'Object Repository/Store Request Schedule 1/Page_Store/button_Add' is clicked on

2018-06-04 18:59:33 - [TEST_STEP][PASSED] - selectOptionByIndex: All options with index in [7] are selected on object 'Object Repository/Store Request Schedule 1/Page_Store/select_--Select--Schedule 1Inj'

2018-06-04 18:59:34 - [MESSAGE][PASSED] - All options with index in [7] are selected on object 'Object Repository/Store Request Schedule 1/Page_Store/select_--Select--Schedule 1Inj'

2018-06-04 18:59:34 - [TEST_STEP][PASSED] - delay: Delayed 1 second(s)

2018-06-04 18:59:35 - [MESSAGE][PASSED] - Delayed 1 second(s)

2018-06-04 18:59:35 - [TEST_STEP][PASSED] - selectOptionByIndex: All options with index in [7] are selected on object 'Object Repository/Store Request Schedule 1/Page_Store/select_--Select--Adernaline 0.'

2018-06-04 18:59:35 - [MESSAGE][PASSED] - All options with index in [7] are selected on object 'Object Repository/Store Request Schedule 1/Page_Store/select_--Select--Adernaline 0.'

2018-06-04 18:59:35 - [TEST_STEP][PASSED] - setText: Text '100' is set on object 'Object Repository/Store Request Schedule 1/Page_Store/input_txttreat'

2018-06-04 18:59:35 - [MESSAGE][PASSED] - Text '100' is set on object 'Object Repository/Store Request Schedule 1/Page_Store/input_txttreat'

2018-06-04 18:59:35 - [TEST_STEP][PASSED] - click: Object: 'Object Repository/Store Request Schedule 1/Page_Store/button_Add' is clicked on

2018-06-04 18:59:35 - [MESSAGE][PASSED] - Object: 'Object Repository/Store Request Schedule 1/Page_Store/button_Add' is clicked on

2018-06-04 18:59:35 - [TEST_STEP][PASSED] - selectOptionByIndex: All options with index in [7] are selected on object 'Object Repository/Store Request Schedule 1/Page_Store/select_--Select--Schedule 1Inj'

2018-06-04 18:59:35 - [MESSAGE][PASSED] - All options with index in [7] are selected on object 'Object Repository/Store Request Schedule 1/Page_Store/select_--Select--Schedule 1Inj'

2018-06-04 18:59:35 - [TEST_STEP][PASSED] - delay: Delayed 1 second(s)

2018-06-04 18:59:36 - [MESSAGE][PASSED] - Delayed 1 second(s)

2018-06-04 18:59:36 - [TEST_STEP][PASSED] - selectOptionByIndex: All options with index in [8] are selected on object 'Object Repository/Store Request Schedule 1/Page_Store/select_--Select--Adernaline 0.'

2018-06-04 18:59:36 - [MESSAGE][PASSED] - All options with index in [8] are selected on object 'Object Repository/Store Request Schedule 1/Page_Store/select_--Select--Adernaline 0.'

2018-06-04 18:59:36 - [TEST_STEP][PASSED] - setText: Text '100' is set on object 'Object Repository/Store Request Schedule 1/Page_Store/input_txttreat'

2018-06-04 18:59:36 - [MESSAGE][PASSED] - Text '100' is set on object 'Object Repository/Store Request Schedule 1/Page_Store/input_txttreat'

2018-06-04 18:59:36 - [TEST_STEP][PASSED] - click: Object: 'Object Repository/Store Request Schedule 1/Page_Store/button_Add' is clicked on

2018-06-04 18:59:36 - [MESSAGE][PASSED] - Object: 'Object Repository/Store Request Schedule 1/Page_Store/button_Add' is clicked on

2018-06-04 18:59:36 - [TEST_STEP][PASSED] - selectOptionByIndex: All options with index in [7] are selected on object 'Object Repository/Store Request Schedule 1/Page_Store/select_--Select--Schedule 1Inj'

2018-06-04 18:59:37 - [MESSAGE][PASSED] - All options with index in [7] are selected on object 'Object Repository/Store Request Schedule 1/Page_Store/select_--Select--Schedule 1Inj'

2018-06-04 18:59:37 - [TEST_STEP][PASSED] - delay: Delayed 1 second(s)

2018-06-04 18:59:38 - [MESSAGE][PASSED] - Delayed 1 second(s)

2018-06-04 18:59:38 - [TEST_STEP][PASSED] - selectOptionByIndex: All options with index in [9] are selected on object 'Object Repository/Store Request Schedule 1/Page_Store/select_--Select--Adernaline 0.'

2018-06-04 18:59:38 - [MESSAGE][PASSED] - All options with index in [9] are selected on object 'Object Repository/Store Request Schedule 1/Page_Store/select_--Select--Adernaline 0.'

2018-06-04 18:59:38 - [TEST_STEP][PASSED] - setText: Text '100' is set on object 'Object Repository/Store Request Schedule 1/Page_Store/input_txttreat'

2018-06-04 18:59:38 - [MESSAGE][PASSED] - Text '100' is set on object 'Object Repository/Store Request Schedule 1/Page_Store/input_txttreat'

2018-06-04 18:59:38 - [TEST_STEP][PASSED] - click: Object: 'Object Repository/Store Request Schedule 1/Page_Store/button_Add' is clicked on

2018-06-04 18:59:38 - [MESSAGE][PASSED] - Object: 'Object Repository/Store Request Schedule 1/Page_Store/button_Add' is clicked on

2018-06-04 18:59:38 - [TEST_STEP][PASSED] - selectOptionByIndex: All options with index in [7] are selected on object 'Object Repository/Store Request Schedule 1/Page_Store/select_--Select--Schedule 1Inj'

2018-06-04 18:59:38 - [MESSAGE][PASSED] - All options with index in [7] are selected on object 'Object Repository/Store Request Schedule 1/Page_Store/select_--Select--Schedule 1Inj'

2018-06-04 18:59:38 - [TEST_STEP][PASSED] - delay: Delayed 1 second(s)

2018-06-04 18:59:39 - [MESSAGE][PASSED] - Delayed 1 second(s)

2018-06-04 18:59:39 - [TEST_STEP][PASSED] - selectOptionByIndex: All options with index in [10] are selected on object 'Object Repository/Store Request Schedule 1/Page_Store/select_--Select--Adernaline 0.'

2018-06-04 18:59:39 - [MESSAGE][PASSED] - All options with index in [10] are selected on object 'Object Repository/Store Request Schedule 1/Page_Store/select_--Select--Adernaline 0.'

2018-06-04 18:59:39 - [TEST_STEP][PASSED] - setText: Text '100' is set on object 'Object Repository/Store Request Schedule 1/Page_Store/input_txttreat'

2018-06-04 18:59:40 - [MESSAGE][PASSED] - Text '100' is set on object 'Object Repository/Store Request Schedule 1/Page_Store/input_txttreat'

2018-06-04 18:59:40 - [TEST_STEP][PASSED] - click: Object: 'Object Repository/Store Request Schedule 1/Page_Store/button_Add' is clicked on

2018-06-04 18:59:40 - [MESSAGE][PASSED] - Object: 'Object Repository/Store Request Schedule 1/Page_Store/button_Add' is clicked on

2018-06-04 18:59:40 - [TEST_STEP][PASSED] - selectOptionByIndex: All options with index in [7] are selected on object 'Object Repository/Store Request Schedule 1/Page_Store/select_--Select--Schedule 1Inj'

2018-06-04 18:59:40 - [MESSAGE][PASSED] - All options with index in [7] are selected on object 'Object Repository/Store Request Schedule 1/Page_Store/select_--Select--Schedule 1Inj'

2018-06-04 18:59:40 - [TEST_STEP][PASSED] - delay: Delayed 1 second(s)

2018-06-04 18:59:41 - [MESSAGE][PASSED] - Delayed 1 second(s)

2018-06-04 18:59:41 - [TEST_STEP][PASSED] - selectOptionByIndex: All options with index in [11] are selected on object 'Object Repository/Store Request Schedule 1/Page_Store/select_--Select--Adernaline 0.'

2018-06-04 18:59:41 - [MESSAGE][PASSED] - All options with index in [11] are selected on object 'Object Repository/Store Request Schedule 1/Page_Store/select_--Select--Adernaline 0.'

2018-06-04 18:59:41 - [TEST_STEP][PASSED] - setText: Text '100' is set on object 'Object Repository/Store Request Schedule 1/Page_Store/input_txttreat'

2018-06-04 18:59:41 - [MESSAGE][PASSED] - Text '100' is set on object 'Object Repository/Store Request Schedule 1/Page_Store/input_txttreat'

2018-06-04 18:59:41 - [TEST_STEP][PASSED] - click: Object: 'Object Repository/Store Request Schedule 1/Page_Store/button_Add' is clicked on

2018-06-04 18:59:41 - [MESSAGE][PASSED] - Object: 'Object Repository/Store Request Schedule 1/Page_Store/button_Add' is clicked on

2018-06-04 18:59:41 - [TEST_STEP][PASSED] - selectOptionByIndex: All options with index in [7] are selected on object 'Object Repository/Store Request Schedule 1/Page_Store/select_--Select--Schedule 1Inj'

2018-06-04 18:59:41 - [MESSAGE][PASSED] - All options with index in [7] are selected on object 'Object Repository/Store Request Schedule 1/Page_Store/select_--Select--Schedule 1Inj'

2018-06-04 18:59:41 - [TEST_STEP][PASSED] - delay: Delayed 1 second(s)

2018-06-04 18:59:42 - [MESSAGE][PASSED] - Delayed 1 second(s)

2018-06-04 18:59:42 - [TEST_STEP][PASSED] - selectOptionByIndex: All options with index in [12] are selected on object 'Object Repository/Store Request Schedule 1/Page_Store/select_--Select--Adernaline 0.'

2018-06-04 18:59:43 - [MESSAGE][PASSED] - All options with index in [12] are selected on object 'Object Repository/Store Request Schedule 1/Page_Store/select_--Select--Adernaline 0.'

2018-06-04 18:59:43 - [TEST_STEP][PASSED] - setText: Text '100' is set on object 'Object Repository/Store Request Schedule 1/Page_Store/input_txttreat'

2018-06-04 18:59:43 - [MESSAGE][PASSED] - Text '100' is set on object 'Object Repository/Store Request Schedule 1/Page_Store/input_txttreat'

2018-06-04 18:59:43 - [TEST_STEP][PASSED] - click: Object: 'Object Repository/Store Request Schedule 1/Page_Store/button_Add' is clicked on

2018-06-04 18:59:43 - [MESSAGE][PASSED] - Object: 'Object Repository/Store Request Schedule 1/Page_Store/button_Add' is clicked on

2018-06-04 18:59:43 - [TEST_STEP][PASSED] - selectOptionByIndex: All options with index in [7] are selected on object 'Object Repository/Store Request Schedule 1/Page_Store/select_--Select--Schedule 1Inj'

2018-06-04 18:59:43 - [MESSAGE][PASSED] - All options with index in [7] are selected on object 'Object Repository/Store Request Schedule 1/Page_Store/select_--Select--Schedule 1Inj'

2018-06-04 18:59:43 - [TEST_STEP][PASSED] - delay: Delayed 1 second(s)

2018-06-04 18:59:44 - [MESSAGE][PASSED] - Delayed 1 second(s)

2018-06-04 18:59:44 - [TEST_STEP][PASSED] - selectOptionByIndex: All options with index in [13] are selected on object 'Object Repository/Store Request Schedule 1/Page_Store/select_--Select--Adernaline 0.'

2018-06-04 18:59:44 - [MESSAGE][PASSED] - All options with index in [13] are selected on object 'Object Repository/Store Request Schedule 1/Page_Store/select_--Select--Adernaline 0.'

2018-06-04 18:59:44 - [TEST_STEP][PASSED] - setText: Text '100' is set on object 'Object Repository/Store Request Schedule 1/Page_Store/input_txttreat'

2018-06-04 18:59:44 - [MESSAGE][PASSED] - Text '100' is set on object 'Object Repository/Store Request Schedule 1/Page_Store/input_txttreat'

2018-06-04 18:59:44 - [TEST_STEP][PASSED] - click: Object: 'Object Repository/Store Request Schedule 1/Page_Store/button_Add' is clicked on

2018-06-04 18:59:44 - [MESSAGE][PASSED] - Object: 'Object Repository/Store Request Schedule 1/Page_Store/button_Add' is clicked on

2018-06-04 18:59:44 - [TEST_STEP][PASSED] - selectOptionByIndex: All options with index in [7] are selected on object 'Object Repository/Store Request Schedule 1/Page_Store/select_--Select--Schedule 1Inj'

2018-06-04 18:59:44 - [MESSAGE][PASSED] - All options with index in [7] are selected on object 'Object Repository/Store Request Schedule 1/Page_Store/select_--Select--Schedule 1Inj'

2018-06-04 18:59:44 - [TEST_STEP][PASSED] - delay: Delayed 1 second(s)

2018-06-04 18:59:45 - [MESSAGE][PASSED] - Delayed 1 second(s)

2018-06-04 18:59:45 - [TEST_STEP][PASSED] - selectOptionByIndex: All options with index in [14] are selected on object 'Object Repository/Store Request Schedule 1/Page_Store/select_--Select--Adernaline 0.'

2018-06-04 18:59:46 - [MESSAGE][PASSED] - All options with index in [14] are selected on object 'Object Repository/Store Request Schedule 1/Page_Store/select_--Select--Adernaline 0.'

2018-06-04 18:59:46 - [TEST_STEP][PASSED] - setText: Text '100' is set on object 'Object Repository/Store Request Schedule 1/Page_Store/input_txttreat'

2018-06-04 18:59:46 - [MESSAGE][PASSED] - Text '100' is set on object 'Object Repository/Store Request Schedule 1/Page_Store/input_txttreat'

2018-06-04 18:59:46 - [TEST_STEP][PASSED] - click: Object: 'Object Repository/Store Request Schedule 1/Page_Store/button_Add' is clicked on

2018-06-04 18:59:46 - [MESSAGE][PASSED] - Object: 'Object Repository/Store Request Schedule 1/Page_Store/button_Add' is clicked on

2018-06-04 18:59:46 - [TEST_STEP][PASSED] - selectOptionByIndex: All options with index in [7] are selected on object 'Object Repository/Store Request Schedule 1/Page_Store/select_--Select--Schedule 1Inj'

2018-06-04 18:59:46 - [MESSAGE][PASSED] - All options with index in [7] are selected on object 'Object Repository/Store Request Schedule 1/Page_Store/select_--Select--Schedule 1Inj'

2018-06-04 18:59:46 - [TEST_STEP][PASSED] - delay: Delayed 1 second(s)

2018-06-04 18:59:47 - [MESSAGE][PASSED] - Delayed 1 second(s)

2018-06-04 18:59:47 - [TEST_STEP][PASSED] - selectOptionByIndex: All options with index in [15] are selected on object 'Object Repository/Store Request Schedule 1/Page_Store/select_--Select--Adernaline 0.'

2018-06-04 18:59:47 - [MESSAGE][PASSED] - All options with index in [15] are selected on object 'Object Repository/Store Request Schedule 1/Page_Store/select_--Select--Adernaline 0.'

2018-06-04 18:59:47 - [TEST_STEP][PASSED] - setText: Text '100' is set on object 'Object Repository/Store Request Schedule 1/Page_Store/input_txttreat'

2018-06-04 18:59:47 - [MESSAGE][PASSED] - Text '100' is set on object 'Object Repository/Store Request Schedule 1/Page_Store/input_txttreat'

2018-06-04 18:59:47 - [TEST_STEP][PASSED] - click: Object: 'Object Repository/Store Request Schedule 1/Page_Store/button_Add' is clicked on

2018-06-04 18:59:48 - [MESSAGE][PASSED] - Object: 'Object Repository/Store Request Schedule 1/Page_Store/button_Add' is clicked on

2018-06-04 18:59:48 - [TEST_STEP][PASSED] - selectOptionByIndex: All options with index in [7] are selected on object 'Object Repository/Store Request Schedule 1/Page_Store/select_--Select--Schedule 1Inj'

2018-06-04 18:59:48 - [MESSAGE][PASSED] - All options with index in [7] are selected on object 'Object Repository/Store Request Schedule 1/Page_Store/select_--Select--Schedule 1Inj'

2018-06-04 18:59:48 - [TEST_STEP][PASSED] - delay: Delayed 1 second(s)

2018-06-04 18:59:49 - [MESSAGE][PASSED] - Delayed 1 second(s)

2018-06-04 18:59:49 - [TEST_STEP][PASSED] - selectOptionByIndex: All options with index in [16] are selected on object 'Object Repository/Store Request Schedule 1/Page_Store/select_--Select--Adernaline 0.'

2018-06-04 18:59:49 - [MESSAGE][PASSED] - All options with index in [16] are selected on object 'Object Repository/Store Request Schedule 1/Page_Store/select_--Select--Adernaline 0.'

2018-06-04 18:59:49 - [TEST_STEP][PASSED] - setText: Text '100' is set on object 'Object Repository/Store Request Schedule 1/Page_Store/input_txttreat'

2018-06-04 18:59:49 - [MESSAGE][PASSED] - Text '100' is set on object 'Object Repository/Store Request Schedule 1/Page_Store/input_txttreat'

2018-06-04 18:59:49 - [TEST_STEP][PASSED] - click: Object: 'Object Repository/Store Request Schedule 1/Page_Store/button_Add' is clicked on

2018-06-04 18:59:49 - [MESSAGE][PASSED] - Object: 'Object Repository/Store Request Schedule 1/Page_Store/button_Add' is clicked on

2018-06-04 18:59:49 - [TEST_STEP][PASSED] - selectOptionByIndex: All options with index in [7] are selected on object 'Object Repository/Store Request Schedule 1/Page_Store/select_--Select--Schedule 1Inj'

2018-06-04 18:59:49 - [MESSAGE][PASSED] - All options with index in [7] are selected on object 'Object Repository/Store Request Schedule 1/Page_Store/select_--Select--Schedule 1Inj'

2018-06-04 18:59:49 - [TEST_STEP][PASSED] - delay: Delayed 1 second(s)

2018-06-04 18:59:50 - [MESSAGE][PASSED] - Delayed 1 second(s)

2018-06-04 18:59:50 - [TEST_STEP][PASSED] - selectOptionByIndex: All options with index in [17] are selected on object 'Object Repository/Store Request Schedule 1/Page_Store/select_--Select--Adernaline 0.'

2018-06-04 18:59:51 - [MESSAGE][PASSED] - All options with index in [17] are selected on object 'Object Repository/Store Request Schedule 1/Page_Store/select_--Select--Adernaline 0.'

2018-06-04 18:59:51 - [TEST_STEP][PASSED] - setText: Text '100' is set on object 'Object Repository/Store Request Schedule 1/Page_Store/input_txttreat'

2018-06-04 18:59:51 - [MESSAGE][PASSED] - Text '100' is set on object 'Object Repository/Store Request Schedule 1/Page_Store/input_txttreat'

2018-06-04 18:59:51 - [TEST_STEP][PASSED] - click: Object: 'Object Repository/Store Request Schedule 1/Page_Store/button_Add' is clicked on

2018-06-04 18:59:51 - [MESSAGE][PASSED] - Object: 'Object Repository/Store Request Schedule 1/Page_Store/button_Add' is clicked on

2018-06-04 18:59:51 - [TEST_STEP][PASSED] - selectOptionByIndex: All options with index in [7] are selected on object 'Object Repository/Store Request Schedule 1/Page_Store/select_--Select--Schedule 1Inj'

2018-06-04 18:59:51 - [MESSAGE][PASSED] - All options with index in [7] are selected on object 'Object Repository/Store Request Schedule 1/Page_Store/select_--Select--Schedule 1Inj'

2018-06-04 18:59:51 - [TEST_STEP][PASSED] - delay: Delayed 1 second(s)

2018-06-04 18:59:52 - [MESSAGE][PASSED] - Delayed 1 second(s)

2018-06-04 18:59:52 - [TEST_STEP][PASSED] - selectOptionByIndex: All options with index in [18] are selected on object 'Object Repository/Store Request Schedule 1/Page_Store/select_--Select--Adernaline 0.'

2018-06-04 18:59:52 - [MESSAGE][PASSED] - All options with index in [18] are selected on object 'Object Repository/Store Request Schedule 1/Page_Store/select_--Select--Adernaline 0.'

2018-06-04 18:59:52 - [TEST_STEP][PASSED] - setText: Text '100' is set on object 'Object Repository/Store Request Schedule 1/Page_Store/input_txttreat'

2018-06-04 18:59:52 - [MESSAGE][PASSED] - Text '100' is set on object 'Object Repository/Store Request Schedule 1/Page_Store/input_txttreat'

2018-06-04 18:59:52 - [TEST_STEP][PASSED] - click: Object: 'Object Repository/Store Request Schedule 1/Page_Store/button_Add' is clicked on

2018-06-04 18:59:52 - [MESSAGE][PASSED] - Object: 'Object Repository/Store Request Schedule 1/Page_Store/button_Add' is clicked on

2018-06-04 18:59:52 - [TEST_STEP][PASSED] - selectOptionByIndex: All options with index in [7] are selected on object 'Object Repository/Store Request Schedule 1/Page_Store/select_--Select--Schedule 1Inj'

2018-06-04 18:59:53 - [MESSAGE][PASSED] - All options with index in [7] are selected on object 'Object Repository/Store Request Schedule 1/Page_Store/select_--Select--Schedule 1Inj'

2018-06-04 18:59:53 - [TEST_STEP][PASSED] - delay: Delayed 1 second(s)

2018-06-04 18:59:54 - [MESSAGE][PASSED] - Delayed 1 second(s)

2018-06-04 18:59:54 - [TEST_STEP][PASSED] - selectOptionByIndex: All options with index in [19] are selected on object 'Object Repository/Store Request Schedule 1/Page_Store/select_--Select--Adernaline 0.'

2018-06-04 18:59:54 - [MESSAGE][PASSED] - All options with index in [19] are selected on object 'Object Repository/Store Request Schedule 1/Page_Store/select_--Select--Adernaline 0.'

2018-06-04 18:59:54 - [TEST_STEP][PASSED] - setText: Text '100' is set on object 'Object Repository/Store Request Schedule 1/Page_Store/input_txttreat'

2018-06-04 18:59:54 - [MESSAGE][PASSED] - Text '100' is set on object 'Object Repository/Store Request Schedule 1/Page_Store/input_txttreat'

2018-06-04 18:59:54 - [TEST_STEP][PASSED] - click: Object: 'Object Repository/Store Request Schedule 1/Page_Store/button_Add' is clicked on

2018-06-04 18:59:54 - [MESSAGE][PASSED] - Object: 'Object Repository/Store Request Schedule 1/Page_Store/button_Add' is clicked on

2018-06-04 18:59:54 - [TEST_STEP][PASSED] - selectOptionByIndex: All options with index in [7] are selected on object 'Object Repository/Store Request Schedule 1/Page_Store/select_--Select--Schedule 1Inj'

2018-06-04 18:59:54 - [MESSAGE][PASSED] - All options with index in [7] are selected on object 'Object Repository/Store Request Schedule 1/Page_Store/select_--Select--Schedule 1Inj'

2018-06-04 18:59:54 - [TEST_STEP][PASSED] - delay: Delayed 1 second(s)

2018-06-04 18:59:55 - [MESSAGE][PASSED] - Delayed 1 second(s)

2018-06-04 18:59:55 - [TEST_STEP][PASSED] - selectOptionByIndex: All options with index in [20] are selected on object 'Object Repository/Store Request Schedule 1/Page_Store/select_--Select--Adernaline 0.'

2018-06-04 18:59:56 - [MESSAGE][PASSED] - All options with index in [20] are selected on object 'Object Repository/Store Request Schedule 1/Page_Store/select_--Select--Adernaline 0.'

2018-06-04 18:59:56 - [TEST_STEP][PASSED] - setText: Text '100' is set on object 'Object Repository/Store Request Schedule 1/Page_Store/input_txttreat'

2018-06-04 18:59:56 - [MESSAGE][PASSED] - Text '100' is set on object 'Object Repository/Store Request Schedule 1/Page_Store/input_txttreat'

2018-06-04 18:59:56 - [TEST_STEP][PASSED] - click: Object: 'Object Repository/Store Request Schedule 1/Page_Store/button_Add' is clicked on

2018-06-04 18:59:56 - [MESSAGE][PASSED] - Object: 'Object Repository/Store Request Schedule 1/Page_Store/button_Add' is clicked on

2018-06-04 18:59:56 - [TEST_STEP][PASSED] - selectOptionByIndex: All options with index in [7] are selected on object 'Object Repository/Store Request Schedule 1/Page_Store/select_--Select--Schedule 1Inj'

2018-06-04 18:59:56 - [MESSAGE][PASSED] - All options with index in [7] are selected on object 'Object Repository/Store Request Schedule 1/Page_Store/select_--Select--Schedule 1Inj'

2018-06-04 18:59:56 - [TEST_STEP][PASSED] - delay: Delayed 1 second(s)

2018-06-04 18:59:57 - [MESSAGE][PASSED] - Delayed 1 second(s)

2018-06-04 18:59:57 - [TEST_STEP][PASSED] - selectOptionByIndex: All options with index in [21] are selected on object 'Object Repository/Store Request Schedule 1/Page_Store/select_--Select--Adernaline 0.'

2018-06-04 18:59:57 - [MESSAGE][PASSED] - All options with index in [21] are selected on object 'Object Repository/Store Request Schedule 1/Page_Store/select_--Select--Adernaline 0.'

2018-06-04 18:59:57 - [TEST_STEP][PASSED] - setText: Text '100' is set on object 'Object Repository/Store Request Schedule 1/Page_Store/input_txttreat'

2018-06-04 18:59:57 - [MESSAGE][PASSED] - Text '100' is set on object 'Object Repository/Store Request Schedule 1/Page_Store/input_txttreat'

2018-06-04 18:59:57 - [TEST_STEP][PASSED] - click: Object: 'Object Repository/Store Request Schedule 1/Page_Store/button_Add' is clicked on

2018-06-04 18:59:57 - [MESSAGE][PASSED] - Object: 'Object Repository/Store Request Schedule 1/Page_Store/button_Add' is clicked on

2018-06-04 18:59:57 - [TEST_STEP][PASSED] - selectOptionByIndex: All options with index in [7] are selected on object 'Object Repository/Store Request Schedule 1/Page_Store/select_--Select--Schedule 1Inj'

2018-06-04 18:59:58 - [MESSAGE][PASSED] - All options with index in [7] are selected on object 'Object Repository/Store Request Schedule 1/Page_Store/select_--Select--Schedule 1Inj'

2018-06-04 18:59:58 - [TEST_STEP][PASSED] - delay: Delayed 1 second(s)

2018-06-04 18:59:59 - [MESSAGE][PASSED] - Delayed 1 second(s)

2018-06-04 18:59:59 - [TEST_STEP][PASSED] - selectOptionByIndex: All options with index in [22] are selected on object 'Object Repository/Store Request Schedule 1/Page_Store/select_--Select--Adernaline 0.'

2018-06-04 18:59:59 - [MESSAGE][PASSED] - All options with index in [22] are selected on object 'Object Repository/Store Request Schedule 1/Page_Store/select_--Select--Adernaline 0.'

2018-06-04 18:59:59 - [TEST_STEP][PASSED] - setText: Text '100' is set on object 'Object Repository/Store Request Schedule 1/Page_Store/input_txttreat'

2018-06-04 18:59:59 - [MESSAGE][PASSED] - Text '100' is set on object 'Object Repository/Store Request Schedule 1/Page_Store/input_txttreat'

2018-06-04 18:59:59 - [TEST_STEP][PASSED] - click: Object: 'Object Repository/Store Request Schedule 1/Page_Store/button_Add' is clicked on

2018-06-04 18:59:59 - [MESSAGE][PASSED] - Object: 'Object Repository/Store Request Schedule 1/Page_Store/button_Add' is clicked on

2018-06-04 18:59:59 - [TEST_STEP][PASSED] - selectOptionByIndex: All options with index in [7] are selected on object 'Object Repository/Store Request Schedule 1/Page_Store/select_--Select--Schedule 1Inj'

2018-06-04 18:59:59 - [MESSAGE][PASSED] - All options with index in [7] are selected on object 'Object Repository/Store Request Schedule 1/Page_Store/select_--Select--Schedule 1Inj'

2018-06-04 18:59:59 - [TEST_STEP][PASSED] - delay: Delayed 1 second(s)

2018-06-04 19:00:00 - [MESSAGE][PASSED] - Delayed 1 second(s)

2018-06-04 19:00:00 - [TEST_STEP][PASSED] - selectOptionByIndex: All options with index in [23] are selected on object 'Object Repository/Store Request Schedule 1/Page_Store/select_--Select--Adernaline 0.'

2018-06-04 19:00:01 - [MESSAGE][PASSED] - All options with index in [23] are selected on object 'Object Repository/Store Request Schedule 1/Page_Store/select_--Select--Adernaline 0.'

2018-06-04 19:00:01 - [TEST_STEP][PASSED] - setText: Text '100' is set on object 'Object Repository/Store Request Schedule 1/Page_Store/input_txttreat'

2018-06-04 19:00:01 - [MESSAGE][PASSED] - Text '100' is set on object 'Object Repository/Store Request Schedule 1/Page_Store/input_txttreat'

2018-06-04 19:00:01 - [TEST_STEP][PASSED] - click: Object: 'Object Repository/Store Request Schedule 1/Page_Store/button_Add' is clicked on

2018-06-04 19:00:01 - [MESSAGE][PASSED] - Object: 'Object Repository/Store Request Schedule 1/Page_Store/button_Add' is clicked on

2018-06-04 19:00:01 - [TEST_STEP][PASSED] - delay: Delayed 2 second(s)

2018-06-04 19:00:03 - [MESSAGE][PASSED] - Delayed 2 second(s)

2018-06-04 19:00:03 - [TEST_STEP][PASSED] - scrollToElement: Scroll to object 'Object Repository/Store Request Schedule 1/Page_Store/input_btnsave' successfully

2018-06-04 19:00:03 - [MESSAGE][PASSED] - Scroll to object 'Object Repository/Store Request Schedule 1/Page_Store/input_btnsave' successfully

2018-06-04 19:00:03 - [TEST_STEP][PASSED] - click: Object: 'Object Repository/Store Request Schedule 1/Page_Store/input_btnsave' is clicked on

2018-06-04 19:00:03 - [MESSAGE][PASSED] - Object: 'Object Repository/Store Request Schedule 1/Page_Store/input_btnsave' is clicked on

2018-06-04 19:00:03 - [TEST_STEP][PASSED] - delay: Delayed 4 second(s)

2018-06-04 19:00:07 - [MESSAGE][PASSED] - Delayed 4 second(s)

2018-06-04 19:00:07 - [TEST_STEP][PASSED] - Statement - Cms_RequestNumber = com.kms.katalon.core.webui.keyword.WebUiBuiltInKeywords.getText(com.kms.katalon.core.testobject.ObjectRepository.findTestObject(Store Request Schedule 1/Page_Store/font_PRNO050520189)): Text of object 'Object Repository/Store Request Schedule 1/Page_Store/font_PRNO050520189' is: 'PRNO/04062018/595'

2018-06-04 19:00:07 - [MESSAGE][PASSED] - Text of object 'Object Repository/Store Request Schedule 1/Page_Store/font_PRNO050520189' is: 'PRNO/04062018/595'

2018-06-04 19:00:07 - [TEST_STEP][PASSED] - Statement - CR = Cms_RequestNumber.trim(): null

2018-06-04 19:00:07 - [TEST_STEP][PASSED] - Statement - out.println("RQ :" + Cms_RequestNumber): null

2018-06-04 19:00:07 - [TEST_STEP][PASSED] - Statement - RequestNumberID = Cms_RequestNumber.split("/")[2].trim(): null

2018-06-04 19:00:07 - [TEST_STEP][PASSED] - Statement - out.println("RQ ID :" + RequestNumberID): null

2018-06-04 19:00:07 - [TEST_STEP][PASSED] - delay: Delayed 3 second(s)

2018-06-04 19:00:10 - [MESSAGE][PASSED] - Delayed 3 second(s)

2018-06-04 19:00:10 - [TEST_STEP][PASSED] - Statement - ok = com.kms.katalon.core.webui.keyword.WebUiBuiltInKeywords.click(com.kms.katalon.core.testobject.ObjectRepository.findTestObject(Store Request Schedule 1/Page_Store/button_OK)): Object: 'Object Repository/Store Request Schedule 1/Page_Store/button_OK' is clicked on

2018-06-04 19:00:23 - [MESSAGE][PASSED] - Object: 'Object Repository/Store Request Schedule 1/Page_Store/button_OK' is clicked on

2018-06-04 19:00:23 - [TEST_STEP][PASSED] - delay: Delayed 3 second(s)

2018-06-04 19:00:26 - [MESSAGE][PASSED] - Delayed 3 second(s)

2018-06-04 19:00:26 - [TEST_STEP][PASSED] - click: Object: 'Object Repository/Store Request Schedule 1/Page_Store/a_dropdown-toggle' is clicked on

2018-06-04 19:00:26 - [MESSAGE][PASSED] - Object: 'Object Repository/Store Request Schedule 1/Page_Store/a_dropdown-toggle' is clicked on

2018-06-04 19:00:26 - [TEST_STEP][PASSED] - click: Object: 'Object Repository/Store Request Schedule 1/Page_Store/a_Sign out' is clicked on

2018-06-04 19:00:27 - [MESSAGE][PASSED] - Object: 'Object Repository/Store Request Schedule 1/Page_Store/a_Sign out' is clicked on

2018-06-04 19:00:27 - [TEST_STEP][PASSED] - delay: Delayed 3 second(s)

2018-06-04 19:00:30 - [MESSAGE][PASSED] - Delayed 3 second(s)

2018-06-04 19:00:30 - [TEST_STEP][PASSED] - click: Object: 'Object Repository/Store Request Schedule 1/Page_KDMC/a_CMO' is clicked on

2018-06-04 19:00:31 - [MESSAGE][PASSED] - Object: 'Object Repository/Store Request Schedule 1/Page_KDMC/a_CMO' is clicked on

2018-06-04 19:00:31 - [TEST_STEP][PASSED] - setText: Text 'guru' is set on object 'Object Repository/Store Request Schedule 1/Page_CMO login/input_txtusername'

2018-06-04 19:00:31 - [MESSAGE][PASSED] - Text 'guru' is set on object 'Object Repository/Store Request Schedule 1/Page_CMO login/input_txtusername'

2018-06-04 19:00:31 - [TEST_STEP][PASSED] - setText: Text '123' is set on object 'Object Repository/Store Request Schedule 1/Page_CMO login/input_txtpassword'

2018-06-04 19:00:31 - [MESSAGE][PASSED] - Text '123' is set on object 'Object Repository/Store Request Schedule 1/Page_CMO login/input_txtpassword'

2018-06-04 19:00:31 - [TEST_STEP][PASSED] - delay: Delayed 3 second(s)

2018-06-04 19:00:34 - [MESSAGE][PASSED] - Delayed 3 second(s)

2018-06-04 19:00:34 - [TEST_STEP][PASSED] - click: Object: 'Object Repository/Store Request Schedule 1/Page_CMO login/button_Sign in' is clicked on

2018-06-04 19:00:35 - [MESSAGE][PASSED] - Object: 'Object Repository/Store Request Schedule 1/Page_CMO login/button_Sign in' is clicked on

2018-06-04 19:00:35 - [TEST_STEP][PASSED] - delay: Delayed 2 second(s)

2018-06-04 19:00:37 - [MESSAGE][PASSED] - Delayed 2 second(s)

2018-06-04 19:00:37 - [TEST_STEP][PASSED] - click: Object: 'Object Repository/Store Request Schedule 1/Page_KDMC - CMO/span_Department Wise Request' is clicked on

2018-06-04 19:00:38 - [MESSAGE][PASSED] - Object: 'Object Repository/Store Request Schedule 1/Page_KDMC - CMO/span_Department Wise Request' is clicked on

2018-06-04 19:00:38 - [TEST_STEP][PASSED] - click: Object: 'Object Repository/Store Request Schedule 1/Page_KDMC - CMO/a_CMS Request' is clicked on

2018-06-04 19:00:38 - [MESSAGE][PASSED] - Object: 'Object Repository/Store Request Schedule 1/Page_KDMC - CMO/a_CMS Request' is clicked on

2018-06-04 19:00:38 - [TEST_STEP][PASSED] - click: Object: 'Object Repository/Store Request Schedule 1/Page_KDMC - CMO/a_CMS Request' is clicked on

2018-06-04 19:00:38 - [MESSAGE][PASSED] - Object: 'Object Repository/Store Request Schedule 1/Page_KDMC - CMO/a_CMS Request' is clicked on

2018-06-04 19:00:38 - [TEST_STEP][PASSED] - click: Object: 'Object Repository/Store Request Schedule 1/Page_KDMC - CMO/span_Divisional Store Request' is clicked on

2018-06-04 19:00:40 - [MESSAGE][PASSED] - Object: 'Object Repository/Store Request Schedule 1/Page_KDMC - CMO/span_Divisional Store Request' is clicked on

2018-06-04 19:00:40 - [TEST_STEP][PASSED] - delay: Delayed 2 second(s)

2018-06-04 19:00:42 - [MESSAGE][PASSED] - Delayed 2 second(s)

2018-06-04 19:00:42 - [TEST_STEP][PASSED] - Statement - approval = com.kms.katalon.core.webui.keyword.WebUiBuiltInKeywords.modifyObjectProperty(com.kms.katalon.core.testobject.ObjectRepository.findTestObject(Store Request Schedule 1/Page_KDMC - CMO/input_PRNO050520189), "xpath", "equals", "//*[@id=" + RequestNumberID + "]", true): Modify property of object successfully

2018-06-04 19:00:42 - [MESSAGE][PASSED] - Modify property of object successfully

2018-06-04 19:00:42 - [TEST_STEP][PASSED] - click: Object: 'Object Repository/Store Request Schedule 1/Page_KDMC - CMO/input_PRNO050520189' is clicked on

2018-06-04 19:00:42 - [MESSAGE][PASSED] - Object: 'Object Repository/Store Request Schedule 1/Page_KDMC - CMO/input_PRNO050520189' is clicked on

2018-06-04 19:00:42 - [TEST_STEP][PASSED] - delay: Delayed 2 second(s)

2018-06-04 19:00:44 - [MESSAGE][PASSED] - Delayed 2 second(s)

2018-06-04 19:00:44 - [TEST_STEP][PASSED] - selectOptionByIndex: All options with index in [1] are selected on object 'Object Repository/Store Request Schedule 1/Page_KDMC - CMO/select_--Select--'

2018-06-04 19:00:44 - [MESSAGE][PASSED] - All options with index in [1] are selected on object 'Object Repository/Store Request Schedule 1/Page_KDMC - CMO/select_--Select--'

2018-06-04 19:00:44 - [TEST_STEP][PASSED] - click: Object: 'Object Repository/Store Request Schedule 1/Page_KDMC - CMO/input_btnupdate' is clicked on

2018-06-04 19:00:45 - [MESSAGE][PASSED] - Object: 'Object Repository/Store Request Schedule 1/Page_KDMC - CMO/input_btnupdate' is clicked on

2018-06-04 19:00:45 - [TEST_STEP][PASSED] - delay: Delayed 2 second(s)

2018-06-04 19:00:47 - [MESSAGE][PASSED] - Delayed 2 second(s)

2018-06-04 19:00:47 - [TEST_STEP][PASSED] - click: Object: 'Object Repository/Store Request Schedule 1/Page_KDMC - CMO/button_OK' is clicked on

2018-06-04 19:00:47 - [MESSAGE][PASSED] - Object: 'Object Repository/Store Request Schedule 1/Page_KDMC - CMO/button_OK' is clicked on

2018-06-04 19:00:47 - [TEST_STEP][PASSED] - delay: Delayed 2 second(s)

2018-06-04 19:00:49 - [MESSAGE][PASSED] - Delayed 2 second(s)

2018-06-04 19:00:49 - [TEST_STEP][PASSED] - click: Object: 'Object Repository/Store Request Schedule 1/Page_KDMC - CMO/a_dropdown-toggle' is clicked on

2018-06-04 19:00:49 - [MESSAGE][PASSED] - Object: 'Object Repository/Store Request Schedule 1/Page_KDMC - CMO/a_dropdown-toggle' is clicked on

2018-06-04 19:00:49 - [TEST_STEP][PASSED] - click: Object: 'Object Repository/Store Request Schedule 1/Page_KDMC - CMO/a_Sign out' is clicked on

2018-06-04 19:00:50 - [MESSAGE][PASSED] - Object: 'Object Repository/Store Request Schedule 1/Page_KDMC - CMO/a_Sign out' is clicked on

2018-06-04 19:00:50 - [TEST_STEP][PASSED] - delay: Delayed 3 second(s)

2018-06-04 19:00:53 - [MESSAGE][PASSED] - Delayed 3 second(s)

2018-06-04 19:00:53 - [TEST_STEP][PASSED] - click: Object: 'Object Repository/store Request Schedule 1/Page_KDMC/a_CMS' is clicked on

2018-06-04 19:00:54 - [MESSAGE][PASSED] - Object: 'Object Repository/store Request Schedule 1/Page_KDMC/a_CMS' is clicked on

2018-06-04 19:00:54 - [TEST_STEP][PASSED] - setText: Text 'bala' is set on object 'Object Repository/store Request Schedule 1/Page_CMS login/input_txtusername'

2018-06-04 19:00:54 - [MESSAGE][PASSED] - Text 'bala' is set on object 'Object Repository/store Request Schedule 1/Page_CMS login/input_txtusername'

2018-06-04 19:00:54 - [TEST_STEP][PASSED] - setText: Text '123' is set on object 'Object Repository/store Request Schedule 1/Page_CMS login/input_txtpassword'

2018-06-04 19:00:54 - [MESSAGE][PASSED] - Text '123' is set on object 'Object Repository/store Request Schedule 1/Page_CMS login/input_txtpassword'

2018-06-04 19:00:54 - [TEST_STEP][PASSED] - delay: Delayed 3 second(s)

2018-06-04 19:00:57 - [MESSAGE][PASSED] - Delayed 3 second(s)

2018-06-04 19:00:57 - [TEST_STEP][PASSED] - click: Object: 'Object Repository/store Request Schedule 1/Page_CMS login/button_Sign in' is clicked on

2018-06-04 19:00:58 - [MESSAGE][PASSED] - Object: 'Object Repository/store Request Schedule 1/Page_CMS login/button_Sign in' is clicked on

2018-06-04 19:00:58 - [TEST_STEP][PASSED] - delay: Delayed 2 second(s)

2018-06-04 19:01:00 - [MESSAGE][PASSED] - Delayed 2 second(s)

2018-06-04 19:01:00 - [TEST_STEP][PASSED] - click: Object: 'Object Repository/store Request Schedule 1/Page_KDMC - CMS/a_Divisional Store' is clicked on

2018-06-04 19:01:00 - [MESSAGE][PASSED] - Object: 'Object Repository/store Request Schedule 1/Page_KDMC - CMS/a_Divisional Store' is clicked on

2018-06-04 19:01:00 - [TEST_STEP][PASSED] - delay: Delayed 2 second(s)

2018-06-04 19:01:02 - [MESSAGE][PASSED] - Delayed 2 second(s)

2018-06-04 19:01:02 - [TEST_STEP][PASSED] - click: Object: 'Object Repository/store Request Schedule 1/Page_KDMC - CMS/a_Dispatch Items' is clicked on

2018-06-04 19:01:02 - [MESSAGE][PASSED] - Object: 'Object Repository/store Request Schedule 1/Page_KDMC - CMS/a_Dispatch Items' is clicked on

2018-06-04 19:01:02 - [TEST_STEP][PASSED] - setText: Text 'PRNO/04062018/595' is set on object 'Object Repository/store Request Schedule 1/Page_KDMC - CMS/input'

2018-06-04 19:01:03 - [MESSAGE][PASSED] - Text 'PRNO/04062018/595' is set on object 'Object Repository/store Request Schedule 1/Page_KDMC - CMS/input'

2018-06-04 19:01:03 - [TEST_STEP][PASSED] - click: Object: 'Object Repository/store Request Schedule 1/Page_KDMC - CMS/td_text-center' is clicked on

2018-06-04 19:01:03 - [MESSAGE][PASSED] - Object: 'Object Repository/store Request Schedule 1/Page_KDMC - CMS/td_text-center' is clicked on

2018-06-04 19:01:03 - [TEST_STEP][PASSED] - delay: Delayed 3 second(s)

2018-06-04 19:01:06 - [MESSAGE][PASSED] - Delayed 3 second(s)

2018-06-04 19:01:06 - [TEST_STEP][PASSED] - delay: Delayed 2 second(s)

2018-06-04 19:01:08 - [MESSAGE][PASSED] - Delayed 2 second(s)

2018-06-04 19:01:08 - [TEST_STEP][PASSED] - Statement - For ([row = 0, row < SelectedOptions - 1, (row++)]): null

2018-06-04 19:01:08 - [TEST_STEP][PASSED] - Statement - batchlength = new com.kms.katalon.core.testobject.TestObject(): null

2018-06-04 19:01:08 - [TEST_STEP][PASSED] - Statement - batchlength = com.kms.katalon.core.webui.keyword.WebUiBuiltInKeywords.modifyObjectProperty(batchlength, "xpath", "equals", "//*[@id = "fldvendor" + row + ""]", true): Modify property of object successfully

2018-06-04 19:01:08 - [MESSAGE][PASSED] - Modify property of object successfully

2018-06-04 19:01:08 - [TEST_STEP][PASSED] - Statement - batchsize = com.kms.katalon.core.webui.keyword.WebUiBuiltInKeywords.getNumberOfTotalOption(batchlength): 10 options of object '' counted

2018-06-04 19:01:08 - [MESSAGE][PASSED] - 10 options of object '' counted

2018-06-04 19:01:08 - [TEST_STEP][PASSED] - Statement - out.println("BatchSize : " + batchsize): null

2018-06-04 19:01:08 - [TEST_STEP][PASSED] - Statement - For ([n = 1, n <= batchsize - 1, (n++)]): null

2018-06-04 19:01:08 - [TEST_STEP][PASSED] - Statement - product = new com.kms.katalon.core.testobject.TestObject(): null

2018-06-04 19:01:08 - [TEST_STEP][PASSED] - Statement - product = com.kms.katalon.core.webui.keyword.WebUiBuiltInKeywords.modifyObjectProperty(product, "xpath", "equals", "//*[@id = "fldvendor" + row + ""]", true): Modify property of object successfully

2018-06-04 19:01:08 - [MESSAGE][PASSED] - Modify property of object successfully

2018-06-04 19:01:08 - [TEST_STEP][PASSED] - selectOptionByIndex: All options with index in [1] are selected on object ''

2018-06-04 19:01:08 - [MESSAGE][PASSED] - All options with index in [1] are selected on object ''

2018-06-04 19:01:08 - [TEST_STEP][PASSED] - delay: Delayed 2 second(s)

2018-06-04 19:01:10 - [MESSAGE][PASSED] - Delayed 2 second(s)

2018-06-04 19:01:10 - [TEST_STEP][PASSED] - Statement - batch = new com.kms.katalon.core.testobject.TestObject(): null

2018-06-04 19:01:10 - [TEST_STEP][PASSED] - Statement - batch = com.kms.katalon.core.webui.keyword.WebUiBuiltInKeywords.modifyObjectProperty(batch, "xpath", "equals", "//*[@id = "txtbthqty" + row + ""]", true): Modify property of object successfully

2018-06-04 19:01:10 - [MESSAGE][PASSED] - Modify property of object successfully

2018-06-04 19:01:10 - [TEST_STEP][PASSED] - Statement - batchqty = com.kms.katalon.core.webui.keyword.WebUiBuiltInKeywords.getAttribute(batch, "value").trim(): Attribute 'value' of object '' is: '2600'

2018-06-04 19:01:10 - [MESSAGE][PASSED] - Attribute 'value' of object '' is: '2600'

2018-06-04 19:01:10 - [TEST_STEP][PASSED] - Statement - Rqty = 100: null

2018-06-04 19:01:10 - [TEST_STEP][PASSED] - Statement - out.println("BatchQty : " + batchqty): null

2018-06-04 19:01:10 - [TEST_STEP][PASSED] - Statement - out.println("RQty : " + Rqty): null

2018-06-04 19:01:10 - [TEST_STEP][PASSED] - Statement - If (java.lang.Integer.valueOf(batchqty) >= java.lang.Integer.valueOf(Rqty)): null

2018-06-04 19:01:10 - [TEST_STEP][PASSED] - Statement - Break: null

2018-06-04 19:01:10 - [TEST_STEP][PASSED] - Statement - batchlength = new com.kms.katalon.core.testobject.TestObject(): null

2018-06-04 19:01:10 - [TEST_STEP][PASSED] - Statement - batchlength = com.kms.katalon.core.webui.keyword.WebUiBuiltInKeywords.modifyObjectProperty(batchlength, "xpath", "equals", "//*[@id = "fldvendor" + row + ""]", true): Modify property of object successfully

2018-06-04 19:01:10 - [MESSAGE][PASSED] - Modify property of object successfully

2018-06-04 19:01:10 - [TEST_STEP][PASSED] - Statement - batchsize = com.kms.katalon.core.webui.keyword.WebUiBuiltInKeywords.getNumberOfTotalOption(batchlength): 10 options of object '' counted

2018-06-04 19:01:10 - [MESSAGE][PASSED] - 10 options of object '' counted

2018-06-04 19:01:10 - [TEST_STEP][PASSED] - Statement - out.println("BatchSize : " + batchsize): null

2018-06-04 19:01:10 - [TEST_STEP][PASSED] - Statement - For ([n = 1, n <= batchsize - 1, (n++)]): null

2018-06-04 19:01:10 - [TEST_STEP][PASSED] - Statement - product = new com.kms.katalon.core.testobject.TestObject(): null

2018-06-04 19:01:10 - [TEST_STEP][PASSED] - Statement - product = com.kms.katalon.core.webui.keyword.WebUiBuiltInKeywords.modifyObjectProperty(product, "xpath", "equals", "//*[@id = "fldvendor" + row + ""]", true): Modify property of object successfully

2018-06-04 19:01:10 - [MESSAGE][PASSED] - Modify property of object successfully

2018-06-04 19:01:10 - [TEST_STEP][PASSED] - selectOptionByIndex: All options with index in [1] are selected on object ''

2018-06-04 19:01:11 - [MESSAGE][PASSED] - All options with index in [1] are selected on object ''

2018-06-04 19:01:11 - [TEST_STEP][PASSED] - delay: Delayed 2 second(s)

2018-06-04 19:01:13 - [MESSAGE][PASSED] - Delayed 2 second(s)

2018-06-04 19:01:13 - [TEST_STEP][PASSED] - Statement - batch = new com.kms.katalon.core.testobject.TestObject(): null

2018-06-04 19:01:13 - [TEST_STEP][PASSED] - Statement - batch = com.kms.katalon.core.webui.keyword.WebUiBuiltInKeywords.modifyObjectProperty(batch, "xpath", "equals", "//*[@id = "txtbthqty" + row + ""]", true): Modify property of object successfully

2018-06-04 19:01:13 - [MESSAGE][PASSED] - Modify property of object successfully

2018-06-04 19:01:13 - [TEST_STEP][PASSED] - Statement - batchqty = com.kms.katalon.core.webui.keyword.WebUiBuiltInKeywords.getAttribute(batch, "value").trim(): Attribute 'value' of object '' is: '4300'

2018-06-04 19:01:13 - [MESSAGE][PASSED] - Attribute 'value' of object '' is: '4300'

2018-06-04 19:01:13 - [TEST_STEP][PASSED] - Statement - Rqty = 100: null

2018-06-04 19:01:13 - [TEST_STEP][PASSED] - Statement - out.println("BatchQty : " + batchqty): null

2018-06-04 19:01:13 - [TEST_STEP][PASSED] - Statement - out.println("RQty : " + Rqty): null

2018-06-04 19:01:13 - [TEST_STEP][PASSED] - Statement - If (java.lang.Integer.valueOf(batchqty) >= java.lang.Integer.valueOf(Rqty)): null

2018-06-04 19:01:13 - [TEST_STEP][PASSED] - Statement - Break: null

2018-06-04 19:01:13 - [TEST_STEP][PASSED] - Statement - batchlength = new com.kms.katalon.core.testobject.TestObject(): null

2018-06-04 19:01:13 - [TEST_STEP][PASSED] - Statement - batchlength = com.kms.katalon.core.webui.keyword.WebUiBuiltInKeywords.modifyObjectProperty(batchlength, "xpath", "equals", "//*[@id = "fldvendor" + row + ""]", true): Modify property of object successfully

2018-06-04 19:01:13 - [MESSAGE][PASSED] - Modify property of object successfully

2018-06-04 19:01:13 - [TEST_STEP][PASSED] - Statement - batchsize = com.kms.katalon.core.webui.keyword.WebUiBuiltInKeywords.getNumberOfTotalOption(batchlength): 10 options of object '' counted

2018-06-04 19:01:13 - [MESSAGE][PASSED] - 10 options of object '' counted

2018-06-04 19:01:13 - [TEST_STEP][PASSED] - Statement - out.println("BatchSize : " + batchsize): null

2018-06-04 19:01:13 - [TEST_STEP][PASSED] - Statement - For ([n = 1, n <= batchsize - 1, (n++)]): null

2018-06-04 19:01:13 - [TEST_STEP][PASSED] - Statement - product = new com.kms.katalon.core.testobject.TestObject(): null

2018-06-04 19:01:13 - [TEST_STEP][PASSED] - Statement - product = com.kms.katalon.core.webui.keyword.WebUiBuiltInKeywords.modifyObjectProperty(product, "xpath", "equals", "//*[@id = "fldvendor" + row + ""]", true): Modify property of object successfully

2018-06-04 19:01:13 - [MESSAGE][PASSED] - Modify property of object successfully

2018-06-04 19:01:13 - [TEST_STEP][PASSED] - selectOptionByIndex: All options with index in [1] are selected on object ''

2018-06-04 19:01:13 - [MESSAGE][PASSED] - All options with index in [1] are selected on object ''

2018-06-04 19:01:13 - [TEST_STEP][PASSED] - delay: Delayed 2 second(s)

2018-06-04 19:01:15 - [MESSAGE][PASSED] - Delayed 2 second(s)

2018-06-04 19:01:15 - [TEST_STEP][PASSED] - Statement - batch = new com.kms.katalon.core.testobject.TestObject(): null

2018-06-04 19:01:15 - [TEST_STEP][PASSED] - Statement - batch = com.kms.katalon.core.webui.keyword.WebUiBuiltInKeywords.modifyObjectProperty(batch, "xpath", "equals", "//*[@id = "txtbthqty" + row + ""]", true): Modify property of object successfully

2018-06-04 19:01:15 - [MESSAGE][PASSED] - Modify property of object successfully

2018-06-04 19:01:15 - [TEST_STEP][PASSED] - Statement - batchqty = com.kms.katalon.core.webui.keyword.WebUiBuiltInKeywords.getAttribute(batch, "value").trim(): Attribute 'value' of object '' is: '37600'

2018-06-04 19:01:15 - [MESSAGE][PASSED] - Attribute 'value' of object '' is: '37600'

2018-06-04 19:01:15 - [TEST_STEP][PASSED] - Statement - Rqty = 100: null

2018-06-04 19:01:15 - [TEST_STEP][PASSED] - Statement - out.println("BatchQty : " + batchqty): null

2018-06-04 19:01:15 - [TEST_STEP][PASSED] - Statement - out.println("RQty : " + Rqty): null

2018-06-04 19:01:15 - [TEST_STEP][PASSED] - Statement - If (java.lang.Integer.valueOf(batchqty) >= java.lang.Integer.valueOf(Rqty)): null

2018-06-04 19:01:15 - [TEST_STEP][PASSED] - Statement - Break: null

2018-06-04 19:01:15 - [TEST_STEP][PASSED] - Statement - batchlength = new com.kms.katalon.core.testobject.TestObject(): null

2018-06-04 19:01:15 - [TEST_STEP][PASSED] - Statement - batchlength = com.kms.katalon.core.webui.keyword.WebUiBuiltInKeywords.modifyObjectProperty(batchlength, "xpath", "equals", "//*[@id = "fldvendor" + row + ""]", true): Modify property of object successfully

2018-06-04 19:01:15 - [MESSAGE][PASSED] - Modify property of object successfully

2018-06-04 19:01:15 - [TEST_STEP][PASSED] - Statement - batchsize = com.kms.katalon.core.webui.keyword.WebUiBuiltInKeywords.getNumberOfTotalOption(batchlength): 10 options of object '' counted

2018-06-04 19:01:15 - [MESSAGE][PASSED] - 10 options of object '' counted

2018-06-04 19:01:15 - [TEST_STEP][PASSED] - Statement - out.println("BatchSize : " + batchsize): null

2018-06-04 19:01:15 - [TEST_STEP][PASSED] - Statement - For ([n = 1, n <= batchsize - 1, (n++)]): null

2018-06-04 19:01:15 - [TEST_STEP][PASSED] - Statement - product = new com.kms.katalon.core.testobject.TestObject(): null

2018-06-04 19:01:15 - [TEST_STEP][PASSED] - Statement - product = com.kms.katalon.core.webui.keyword.WebUiBuiltInKeywords.modifyObjectProperty(product, "xpath", "equals", "//*[@id = "fldvendor" + row + ""]", true): Modify property of object successfully

2018-06-04 19:01:15 - [MESSAGE][PASSED] - Modify property of object successfully

2018-06-04 19:01:15 - [TEST_STEP][PASSED] - selectOptionByIndex: All options with index in [1] are selected on object ''

2018-06-04 19:01:15 - [MESSAGE][PASSED] - All options with index in [1] are selected on object ''

2018-06-04 19:01:15 - [TEST_STEP][PASSED] - delay: Delayed 2 second(s)

2018-06-04 19:01:17 - [MESSAGE][PASSED] - Delayed 2 second(s)

2018-06-04 19:01:17 - [TEST_STEP][PASSED] - Statement - batch = new com.kms.katalon.core.testobject.TestObject(): null

2018-06-04 19:01:17 - [TEST_STEP][PASSED] - Statement - batch = com.kms.katalon.core.webui.keyword.WebUiBuiltInKeywords.modifyObjectProperty(batch, "xpath", "equals", "//*[@id = "txtbthqty" + row + ""]", true): Modify property of object successfully

2018-06-04 19:01:17 - [MESSAGE][PASSED] - Modify property of object successfully

2018-06-04 19:01:17 - [TEST_STEP][PASSED] - Statement - batchqty = com.kms.katalon.core.webui.keyword.WebUiBuiltInKeywords.getAttribute(batch, "value").trim(): Attribute 'value' of object '' is: '37600'

2018-06-04 19:01:17 - [MESSAGE][PASSED] - Attribute 'value' of object '' is: '37600'

2018-06-04 19:01:17 - [TEST_STEP][PASSED] - Statement - Rqty = 100: null

2018-06-04 19:01:17 - [TEST_STEP][PASSED] - Statement - out.println("BatchQty : " + batchqty): null

2018-06-04 19:01:17 - [TEST_STEP][PASSED] - Statement - out.println("RQty : " + Rqty): null

2018-06-04 19:01:17 - [TEST_STEP][PASSED] - Statement - If (java.lang.Integer.valueOf(batchqty) >= java.lang.Integer.valueOf(Rqty)): null

2018-06-04 19:01:17 - [TEST_STEP][PASSED] - Statement - Break: null

2018-06-04 19:01:17 - [TEST_STEP][PASSED] - Statement - batchlength = new com.kms.katalon.core.testobject.TestObject(): null

2018-06-04 19:01:17 - [TEST_STEP][PASSED] - Statement - batchlength = com.kms.katalon.core.webui.keyword.WebUiBuiltInKeywords.modifyObjectProperty(batchlength, "xpath", "equals", "//*[@id = "fldvendor" + row + ""]", true): Modify property of object successfully

2018-06-04 19:01:17 - [MESSAGE][PASSED] - Modify property of object successfully

2018-06-04 19:01:17 - [TEST_STEP][PASSED] - Statement - batchsize = com.kms.katalon.core.webui.keyword.WebUiBuiltInKeywords.getNumberOfTotalOption(batchlength): 10 options of object '' counted

2018-06-04 19:01:17 - [MESSAGE][PASSED] - 10 options of object '' counted

2018-06-04 19:01:17 - [TEST_STEP][PASSED] - Statement - out.println("BatchSize : " + batchsize): null

2018-06-04 19:01:17 - [TEST_STEP][PASSED] - Statement - For ([n = 1, n <= batchsize - 1, (n++)]): null

2018-06-04 19:01:17 - [TEST_STEP][PASSED] - Statement - product = new com.kms.katalon.core.testobject.TestObject(): null

2018-06-04 19:01:17 - [TEST_STEP][PASSED] - Statement - product = com.kms.katalon.core.webui.keyword.WebUiBuiltInKeywords.modifyObjectProperty(product, "xpath", "equals", "//*[@id = "fldvendor" + row + ""]", true): Modify property of object successfully

2018-06-04 19:01:17 - [MESSAGE][PASSED] - Modify property of object successfully

2018-06-04 19:01:17 - [TEST_STEP][PASSED] - selectOptionByIndex: All options with index in [1] are selected on object ''

2018-06-04 19:01:17 - [MESSAGE][PASSED] - All options with index in [1] are selected on object ''

2018-06-04 19:01:17 - [TEST_STEP][PASSED] - delay: Delayed 2 second(s)

2018-06-04 19:01:19 - [MESSAGE][PASSED] - Delayed 2 second(s)

2018-06-04 19:01:19 - [TEST_STEP][PASSED] - Statement - batch = new com.kms.katalon.core.testobject.TestObject(): null

2018-06-04 19:01:19 - [TEST_STEP][PASSED] - Statement - batch = com.kms.katalon.core.webui.keyword.WebUiBuiltInKeywords.modifyObjectProperty(batch, "xpath", "equals", "//*[@id = "txtbthqty" + row + ""]", true): Modify property of object successfully

2018-06-04 19:01:19 - [MESSAGE][PASSED] - Modify property of object successfully

2018-06-04 19:01:19 - [TEST_STEP][PASSED] - Statement - batchqty = com.kms.katalon.core.webui.keyword.WebUiBuiltInKeywords.getAttribute(batch, "value").trim(): Attribute 'value' of object '' is: '4000'

2018-06-04 19:01:19 - [MESSAGE][PASSED] - Attribute 'value' of object '' is: '4000'

2018-06-04 19:01:19 - [TEST_STEP][PASSED] - Statement - Rqty = 100: null

2018-06-04 19:01:19 - [TEST_STEP][PASSED] - Statement - out.println("BatchQty : " + batchqty): null

2018-06-04 19:01:19 - [TEST_STEP][PASSED] - Statement - out.println("RQty : " + Rqty): null

2018-06-04 19:01:19 - [TEST_STEP][PASSED] - Statement - If (java.lang.Integer.valueOf(batchqty) >= java.lang.Integer.valueOf(Rqty)): null

2018-06-04 19:01:19 - [TEST_STEP][PASSED] - Statement - Break: null

2018-06-04 19:01:19 - [TEST_STEP][PASSED] - Statement - batchlength = new com.kms.katalon.core.testobject.TestObject(): null

2018-06-04 19:01:19 - [TEST_STEP][PASSED] - Statement - batchlength = com.kms.katalon.core.webui.keyword.WebUiBuiltInKeywords.modifyObjectProperty(batchlength, "xpath", "equals", "//*[@id = "fldvendor" + row + ""]", true): Modify property of object successfully

2018-06-04 19:01:19 - [MESSAGE][PASSED] - Modify property of object successfully

2018-06-04 19:01:19 - [TEST_STEP][PASSED] - Statement - batchsize = com.kms.katalon.core.webui.keyword.WebUiBuiltInKeywords.getNumberOfTotalOption(batchlength): 10 options of object '' counted

2018-06-04 19:01:19 - [MESSAGE][PASSED] - 10 options of object '' counted

2018-06-04 19:01:19 - [TEST_STEP][PASSED] - Statement - out.println("BatchSize : " + batchsize): null

2018-06-04 19:01:19 - [TEST_STEP][PASSED] - Statement - For ([n = 1, n <= batchsize - 1, (n++)]): null

2018-06-04 19:01:19 - [TEST_STEP][PASSED] - Statement - product = new com.kms.katalon.core.testobject.TestObject(): null

2018-06-04 19:01:19 - [TEST_STEP][PASSED] - Statement - product = com.kms.katalon.core.webui.keyword.WebUiBuiltInKeywords.modifyObjectProperty(product, "xpath", "equals", "//*[@id = "fldvendor" + row + ""]", true): Modify property of object successfully

2018-06-04 19:01:19 - [MESSAGE][PASSED] - Modify property of object successfully

2018-06-04 19:01:19 - [TEST_STEP][PASSED] - selectOptionByIndex: All options with index in [1] are selected on object ''

2018-06-04 19:01:20 - [MESSAGE][PASSED] - All options with index in [1] are selected on object ''

2018-06-04 19:01:20 - [TEST_STEP][PASSED] - delay: Delayed 2 second(s)

2018-06-04 19:01:22 - [MESSAGE][PASSED] - Delayed 2 second(s)

2018-06-04 19:01:22 - [TEST_STEP][PASSED] - Statement - batch = new com.kms.katalon.core.testobject.TestObject(): null

2018-06-04 19:01:22 - [TEST_STEP][PASSED] - Statement - batch = com.kms.katalon.core.webui.keyword.WebUiBuiltInKeywords.modifyObjectProperty(batch, "xpath", "equals", "//*[@id = "txtbthqty" + row + ""]", true): Modify property of object successfully

2018-06-04 19:01:22 - [MESSAGE][PASSED] - Modify property of object successfully

2018-06-04 19:01:22 - [TEST_STEP][PASSED] - Statement - batchqty = com.kms.katalon.core.webui.keyword.WebUiBuiltInKeywords.getAttribute(batch, "value").trim(): Attribute 'value' of object '' is: '37600'

2018-06-04 19:01:22 - [MESSAGE][PASSED] - Attribute 'value' of object '' is: '37600'

2018-06-04 19:01:22 - [TEST_STEP][PASSED] - Statement - Rqty = 100: null

2018-06-04 19:01:22 - [TEST_STEP][PASSED] - Statement - out.println("BatchQty : " + batchqty): null

2018-06-04 19:01:22 - [TEST_STEP][PASSED] - Statement - out.println("RQty : " + Rqty): null

2018-06-04 19:01:22 - [TEST_STEP][PASSED] - Statement - If (java.lang.Integer.valueOf(batchqty) >= java.lang.Integer.valueOf(Rqty)): null

2018-06-04 19:01:22 - [TEST_STEP][PASSED] - Statement - Break: null

2018-06-04 19:01:22 - [TEST_STEP][PASSED] - Statement - batchlength = new com.kms.katalon.core.testobject.TestObject(): null

2018-06-04 19:01:22 - [TEST_STEP][PASSED] - Statement - batchlength = com.kms.katalon.core.webui.keyword.WebUiBuiltInKeywords.modifyObjectProperty(batchlength, "xpath", "equals", "//*[@id = "fldvendor" + row + ""]", true): Modify property of object successfully

2018-06-04 19:01:22 - [MESSAGE][PASSED] - Modify property of object successfully

2018-06-04 19:01:22 - [TEST_STEP][PASSED] - Statement - batchsize = com.kms.katalon.core.webui.keyword.WebUiBuiltInKeywords.getNumberOfTotalOption(batchlength): 10 options of object '' counted

2018-06-04 19:01:22 - [MESSAGE][PASSED] - 10 options of object '' counted

2018-06-04 19:01:22 - [TEST_STEP][PASSED] - Statement - out.println("BatchSize : " + batchsize): null

2018-06-04 19:01:22 - [TEST_STEP][PASSED] - Statement - For ([n = 1, n <= batchsize - 1, (n++)]): null

2018-06-04 19:01:22 - [TEST_STEP][PASSED] - Statement - product = new com.kms.katalon.core.testobject.TestObject(): null

2018-06-04 19:01:22 - [TEST_STEP][PASSED] - Statement - product = com.kms.katalon.core.webui.keyword.WebUiBuiltInKeywords.modifyObjectProperty(product, "xpath", "equals", "//*[@id = "fldvendor" + row + ""]", true): Modify property of object successfully

2018-06-04 19:01:22 - [MESSAGE][PASSED] - Modify property of object successfully

2018-06-04 19:01:22 - [TEST_STEP][PASSED] - selectOptionByIndex: All options with index in [1] are selected on object ''

2018-06-04 19:01:22 - [MESSAGE][PASSED] - All options with index in [1] are selected on object ''

2018-06-04 19:01:22 - [TEST_STEP][PASSED] - delay: Delayed 2 second(s)

2018-06-04 19:01:24 - [MESSAGE][PASSED] - Delayed 2 second(s)

2018-06-04 19:01:24 - [TEST_STEP][PASSED] - Statement - batch = new com.kms.katalon.core.testobject.TestObject(): null

2018-06-04 19:01:24 - [TEST_STEP][PASSED] - Statement - batch = com.kms.katalon.core.webui.keyword.WebUiBuiltInKeywords.modifyObjectProperty(batch, "xpath", "equals", "//*[@id = "txtbthqty" + row + ""]", true): Modify property of object successfully

2018-06-04 19:01:24 - [MESSAGE][PASSED] - Modify property of object successfully

2018-06-04 19:01:24 - [TEST_STEP][PASSED] - Statement - batchqty = com.kms.katalon.core.webui.keyword.WebUiBuiltInKeywords.getAttribute(batch, "value").trim(): Attribute 'value' of object '' is: '4000'

2018-06-04 19:01:24 - [MESSAGE][PASSED] - Attribute 'value' of object '' is: '4000'

2018-06-04 19:01:24 - [TEST_STEP][PASSED] - Statement - Rqty = 100: null

2018-06-04 19:01:24 - [TEST_STEP][PASSED] - Statement - out.println("BatchQty : " + batchqty): null

2018-06-04 19:01:24 - [TEST_STEP][PASSED] - Statement - out.println("RQty : " + Rqty): null

2018-06-04 19:01:24 - [TEST_STEP][PASSED] - Statement - If (java.lang.Integer.valueOf(batchqty) >= java.lang.Integer.valueOf(Rqty)): null

2018-06-04 19:01:24 - [TEST_STEP][PASSED] - Statement - Break: null

2018-06-04 19:01:24 - [TEST_STEP][PASSED] - Statement - batchlength = new com.kms.katalon.core.testobject.TestObject(): null

2018-06-04 19:01:24 - [TEST_STEP][PASSED] - Statement - batchlength = com.kms.katalon.core.webui.keyword.WebUiBuiltInKeywords.modifyObjectProperty(batchlength, "xpath", "equals", "//*[@id = "fldvendor" + row + ""]", true): Modify property of object successfully

2018-06-04 19:01:24 - [MESSAGE][PASSED] - Modify property of object successfully

2018-06-04 19:01:24 - [TEST_STEP][PASSED] - Statement - batchsize = com.kms.katalon.core.webui.keyword.WebUiBuiltInKeywords.getNumberOfTotalOption(batchlength): 10 options of object '' counted

2018-06-04 19:01:24 - [MESSAGE][PASSED] - 10 options of object '' counted

2018-06-04 19:01:24 - [TEST_STEP][PASSED] - Statement - out.println("BatchSize : " + batchsize): null

2018-06-04 19:01:24 - [TEST_STEP][PASSED] - Statement - For ([n = 1, n <= batchsize - 1, (n++)]): null

2018-06-04 19:01:24 - [TEST_STEP][PASSED] - Statement - product = new com.kms.katalon.core.testobject.TestObject(): null

2018-06-04 19:01:24 - [TEST_STEP][PASSED] - Statement - product = com.kms.katalon.core.webui.keyword.WebUiBuiltInKeywords.modifyObjectProperty(product, "xpath", "equals", "//*[@id = "fldvendor" + row + ""]", true): Modify property of object successfully

2018-06-04 19:01:24 - [MESSAGE][PASSED] - Modify property of object successfully

2018-06-04 19:01:24 - [TEST_STEP][PASSED] - selectOptionByIndex: All options with index in [1] are selected on object ''

2018-06-04 19:01:24 - [MESSAGE][PASSED] - All options with index in [1] are selected on object ''

2018-06-04 19:01:24 - [TEST_STEP][PASSED] - delay: Delayed 2 second(s)

2018-06-04 19:01:26 - [MESSAGE][PASSED] - Delayed 2 second(s)

2018-06-04 19:01:26 - [TEST_STEP][PASSED] - Statement - batch = new com.kms.katalon.core.testobject.TestObject(): null

2018-06-04 19:01:26 - [TEST_STEP][PASSED] - Statement - batch = com.kms.katalon.core.webui.keyword.WebUiBuiltInKeywords.modifyObjectProperty(batch, "xpath", "equals", "//*[@id = "txtbthqty" + row + ""]", true): Modify property of object successfully

2018-06-04 19:01:26 - [MESSAGE][PASSED] - Modify property of object successfully

2018-06-04 19:01:26 - [TEST_STEP][PASSED] - Statement - batchqty = com.kms.katalon.core.webui.keyword.WebUiBuiltInKeywords.getAttribute(batch, "value").trim(): Attribute 'value' of object '' is: '37600'

2018-06-04 19:01:26 - [MESSAGE][PASSED] - Attribute 'value' of object '' is: '37600'

2018-06-04 19:01:26 - [TEST_STEP][PASSED] - Statement - Rqty = 100: null

2018-06-04 19:01:26 - [TEST_STEP][PASSED] - Statement - out.println("BatchQty : " + batchqty): null

2018-06-04 19:01:26 - [TEST_STEP][PASSED] - Statement - out.println("RQty : " + Rqty): null

2018-06-04 19:01:26 - [TEST_STEP][PASSED] - Statement - If (java.lang.Integer.valueOf(batchqty) >= java.lang.Integer.valueOf(Rqty)): null

2018-06-04 19:01:26 - [TEST_STEP][PASSED] - Statement - Break: null

2018-06-04 19:01:26 - [TEST_STEP][PASSED] - Statement - batchlength = new com.kms.katalon.core.testobject.TestObject(): null

2018-06-04 19:01:26 - [TEST_STEP][PASSED] - Statement - batchlength = com.kms.katalon.core.webui.keyword.WebUiBuiltInKeywords.modifyObjectProperty(batchlength, "xpath", "equals", "//*[@id = "fldvendor" + row + ""]", true): Modify property of object successfully

2018-06-04 19:01:26 - [MESSAGE][PASSED] - Modify property of object successfully

2018-06-04 19:01:26 - [TEST_STEP][PASSED] - Statement - batchsize = com.kms.katalon.core.webui.keyword.WebUiBuiltInKeywords.getNumberOfTotalOption(batchlength): 10 options of object '' counted

2018-06-04 19:01:26 - [MESSAGE][PASSED] - 10 options of object '' counted

2018-06-04 19:01:26 - [TEST_STEP][PASSED] - Statement - out.println("BatchSize : " + batchsize): null

2018-06-04 19:01:26 - [TEST_STEP][PASSED] - Statement - For ([n = 1, n <= batchsize - 1, (n++)]): null

2018-06-04 19:01:26 - [TEST_STEP][PASSED] - Statement - product = new com.kms.katalon.core.testobject.TestObject(): null

2018-06-04 19:01:26 - [TEST_STEP][PASSED] - Statement - product = com.kms.katalon.core.webui.keyword.WebUiBuiltInKeywords.modifyObjectProperty(product, "xpath", "equals", "//*[@id = "fldvendor" + row + ""]", true): Modify property of object successfully

2018-06-04 19:01:26 - [MESSAGE][PASSED] - Modify property of object successfully

2018-06-04 19:01:26 - [TEST_STEP][PASSED] - selectOptionByIndex: All options with index in [1] are selected on object ''

2018-06-04 19:01:26 - [MESSAGE][PASSED] - All options with index in [1] are selected on object ''

2018-06-04 19:01:26 - [TEST_STEP][PASSED] - delay: Delayed 2 second(s)

2018-06-04 19:01:28 - [MESSAGE][PASSED] - Delayed 2 second(s)

2018-06-04 19:01:28 - [TEST_STEP][PASSED] - Statement - batch = new com.kms.katalon.core.testobject.TestObject(): null

2018-06-04 19:01:28 - [TEST_STEP][PASSED] - Statement - batch = com.kms.katalon.core.webui.keyword.WebUiBuiltInKeywords.modifyObjectProperty(batch, "xpath", "equals", "//*[@id = "txtbthqty" + row + ""]", true): Modify property of object successfully

2018-06-04 19:01:28 - [MESSAGE][PASSED] - Modify property of object successfully

2018-06-04 19:01:28 - [TEST_STEP][PASSED] - Statement - batchqty = com.kms.katalon.core.webui.keyword.WebUiBuiltInKeywords.getAttribute(batch, "value").trim(): Attribute 'value' of object '' is: '37600'

2018-06-04 19:01:28 - [MESSAGE][PASSED] - Attribute 'value' of object '' is: '37600'

2018-06-04 19:01:28 - [TEST_STEP][PASSED] - Statement - Rqty = 100: null

2018-06-04 19:01:28 - [TEST_STEP][PASSED] - Statement - out.println("BatchQty : " + batchqty): null

2018-06-04 19:01:28 - [TEST_STEP][PASSED] - Statement - out.println("RQty : " + Rqty): null

2018-06-04 19:01:28 - [TEST_STEP][PASSED] - Statement - If (java.lang.Integer.valueOf(batchqty) >= java.lang.Integer.valueOf(Rqty)): null

2018-06-04 19:01:28 - [TEST_STEP][PASSED] - Statement - Break: null

2018-06-04 19:01:28 - [TEST_STEP][PASSED] - Statement - batchlength = new com.kms.katalon.core.testobject.TestObject(): null

2018-06-04 19:01:28 - [TEST_STEP][PASSED] - Statement - batchlength = com.kms.katalon.core.webui.keyword.WebUiBuiltInKeywords.modifyObjectProperty(batchlength, "xpath", "equals", "//*[@id = "fldvendor" + row + ""]", true): Modify property of object successfully

2018-06-04 19:01:28 - [MESSAGE][PASSED] - Modify property of object successfully

2018-06-04 19:01:28 - [TEST_STEP][PASSED] - Statement - batchsize = com.kms.katalon.core.webui.keyword.WebUiBuiltInKeywords.getNumberOfTotalOption(batchlength): 10 options of object '' counted

2018-06-04 19:01:28 - [MESSAGE][PASSED] - 10 options of object '' counted

2018-06-04 19:01:28 - [TEST_STEP][PASSED] - Statement - out.println("BatchSize : " + batchsize): null

2018-06-04 19:01:28 - [TEST_STEP][PASSED] - Statement - For ([n = 1, n <= batchsize - 1, (n++)]): null

2018-06-04 19:01:28 - [TEST_STEP][PASSED] - Statement - product = new com.kms.katalon.core.testobject.TestObject(): null

2018-06-04 19:01:28 - [TEST_STEP][PASSED] - Statement - product = com.kms.katalon.core.webui.keyword.WebUiBuiltInKeywords.modifyObjectProperty(product, "xpath", "equals", "//*[@id = "fldvendor" + row + ""]", true): Modify property of object successfully

2018-06-04 19:01:29 - [MESSAGE][PASSED] - Modify property of object successfully

2018-06-04 19:01:29 - [TEST_STEP][PASSED] - selectOptionByIndex: All options with index in [1] are selected on object ''

2018-06-04 19:01:29 - [MESSAGE][PASSED] - All options with index in [1] are selected on object ''

2018-06-04 19:01:29 - [TEST_STEP][PASSED] - delay: Delayed 2 second(s)

2018-06-04 19:01:31 - [MESSAGE][PASSED] - Delayed 2 second(s)

2018-06-04 19:01:31 - [TEST_STEP][PASSED] - Statement - batch = new com.kms.katalon.core.testobject.TestObject(): null

2018-06-04 19:01:31 - [TEST_STEP][PASSED] - Statement - batch = com.kms.katalon.core.webui.keyword.WebUiBuiltInKeywords.modifyObjectProperty(batch, "xpath", "equals", "//*[@id = "txtbthqty" + row + ""]", true): Modify property of object successfully

2018-06-04 19:01:31 - [MESSAGE][PASSED] - Modify property of object successfully

2018-06-04 19:01:31 - [TEST_STEP][PASSED] - Statement - batchqty = com.kms.katalon.core.webui.keyword.WebUiBuiltInKeywords.getAttribute(batch, "value").trim(): Attribute 'value' of object '' is: '4300'

2018-06-04 19:01:31 - [MESSAGE][PASSED] - Attribute 'value' of object '' is: '4300'

2018-06-04 19:01:31 - [TEST_STEP][PASSED] - Statement - Rqty = 100: null

2018-06-04 19:01:31 - [TEST_STEP][PASSED] - Statement - out.println("BatchQty : " + batchqty): null

2018-06-04 19:01:31 - [TEST_STEP][PASSED] - Statement - out.println("RQty : " + Rqty): null

2018-06-04 19:01:31 - [TEST_STEP][PASSED] - Statement - If (java.lang.Integer.valueOf(batchqty) >= java.lang.Integer.valueOf(Rqty)): null

2018-06-04 19:01:31 - [TEST_STEP][PASSED] - Statement - Break: null

2018-06-04 19:01:31 - [TEST_STEP][PASSED] - Statement - batchlength = new com.kms.katalon.core.testobject.TestObject(): null

2018-06-04 19:01:31 - [TEST_STEP][PASSED] - Statement - batchlength = com.kms.katalon.core.webui.keyword.WebUiBuiltInKeywords.modifyObjectProperty(batchlength, "xpath", "equals", "//*[@id = "fldvendor" + row + ""]", true): Modify property of object successfully

2018-06-04 19:01:31 - [MESSAGE][PASSED] - Modify property of object successfully

2018-06-04 19:01:31 - [TEST_STEP][PASSED] - Statement - batchsize = com.kms.katalon.core.webui.keyword.WebUiBuiltInKeywords.getNumberOfTotalOption(batchlength): 10 options of object '' counted

2018-06-04 19:01:31 - [MESSAGE][PASSED] - 10 options of object '' counted

2018-06-04 19:01:31 - [TEST_STEP][PASSED] - Statement - out.println("BatchSize : " + batchsize): null

2018-06-04 19:01:31 - [TEST_STEP][PASSED] - Statement - For ([n = 1, n <= batchsize - 1, (n++)]): null

2018-06-04 19:01:31 - [TEST_STEP][PASSED] - Statement - product = new com.kms.katalon.core.testobject.TestObject(): null

2018-06-04 19:01:31 - [TEST_STEP][PASSED] - Statement - product = com.kms.katalon.core.webui.keyword.WebUiBuiltInKeywords.modifyObjectProperty(product, "xpath", "equals", "//*[@id = "fldvendor" + row + ""]", true): Modify property of object successfully

2018-06-04 19:01:31 - [MESSAGE][PASSED] - Modify property of object successfully

2018-06-04 19:01:31 - [TEST_STEP][PASSED] - selectOptionByIndex: All options with index in [1] are selected on object ''

2018-06-04 19:01:31 - [MESSAGE][PASSED] - All options with index in [1] are selected on object ''

2018-06-04 19:01:31 - [TEST_STEP][PASSED] - delay: Delayed 2 second(s)

2018-06-04 19:01:33 - [MESSAGE][PASSED] - Delayed 2 second(s)

2018-06-04 19:01:33 - [TEST_STEP][PASSED] - Statement - batch = new com.kms.katalon.core.testobject.TestObject(): null

2018-06-04 19:01:33 - [TEST_STEP][PASSED] - Statement - batch = com.kms.katalon.core.webui.keyword.WebUiBuiltInKeywords.modifyObjectProperty(batch, "xpath", "equals", "//*[@id = "txtbthqty" + row + ""]", true): Modify property of object successfully

2018-06-04 19:01:33 - [MESSAGE][PASSED] - Modify property of object successfully

2018-06-04 19:01:33 - [TEST_STEP][PASSED] - Statement - batchqty = com.kms.katalon.core.webui.keyword.WebUiBuiltInKeywords.getAttribute(batch, "value").trim(): Attribute 'value' of object '' is: '2600'

2018-06-04 19:01:33 - [MESSAGE][PASSED] - Attribute 'value' of object '' is: '2600'

2018-06-04 19:01:33 - [TEST_STEP][PASSED] - Statement - Rqty = 100: null

2018-06-04 19:01:33 - [TEST_STEP][PASSED] - Statement - out.println("BatchQty : " + batchqty): null

2018-06-04 19:01:33 - [TEST_STEP][PASSED] - Statement - out.println("RQty : " + Rqty): null

2018-06-04 19:01:33 - [TEST_STEP][PASSED] - Statement - If (java.lang.Integer.valueOf(batchqty) >= java.lang.Integer.valueOf(Rqty)): null

2018-06-04 19:01:33 - [TEST_STEP][PASSED] - Statement - Break: null

2018-06-04 19:01:33 - [TEST_STEP][PASSED] - Statement - batchlength = new com.kms.katalon.core.testobject.TestObject(): null

2018-06-04 19:01:33 - [TEST_STEP][PASSED] - Statement - batchlength = com.kms.katalon.core.webui.keyword.WebUiBuiltInKeywords.modifyObjectProperty(batchlength, "xpath", "equals", "//*[@id = "fldvendor" + row + ""]", true): Modify property of object successfully

2018-06-04 19:01:33 - [MESSAGE][PASSED] - Modify property of object successfully

2018-06-04 19:01:33 - [TEST_STEP][PASSED] - Statement - batchsize = com.kms.katalon.core.webui.keyword.WebUiBuiltInKeywords.getNumberOfTotalOption(batchlength): 10 options of object '' counted

2018-06-04 19:01:33 - [MESSAGE][PASSED] - 10 options of object '' counted

2018-06-04 19:01:33 - [TEST_STEP][PASSED] - Statement - out.println("BatchSize : " + batchsize): null

2018-06-04 19:01:33 - [TEST_STEP][PASSED] - Statement - For ([n = 1, n <= batchsize - 1, (n++)]): null

2018-06-04 19:01:33 - [TEST_STEP][PASSED] - Statement - product = new com.kms.katalon.core.testobject.TestObject(): null

2018-06-04 19:01:33 - [TEST_STEP][PASSED] - Statement - product = com.kms.katalon.core.webui.keyword.WebUiBuiltInKeywords.modifyObjectProperty(product, "xpath", "equals", "//*[@id = "fldvendor" + row + ""]", true): Modify property of object successfully

2018-06-04 19:01:33 - [MESSAGE][PASSED] - Modify property of object successfully

2018-06-04 19:01:33 - [TEST_STEP][PASSED] - selectOptionByIndex: All options with index in [1] are selected on object ''

2018-06-04 19:01:33 - [MESSAGE][PASSED] - All options with index in [1] are selected on object ''

2018-06-04 19:01:33 - [TEST_STEP][PASSED] - delay: Delayed 2 second(s)

2018-06-04 19:01:35 - [MESSAGE][PASSED] - Delayed 2 second(s)

2018-06-04 19:01:35 - [TEST_STEP][PASSED] - Statement - batch = new com.kms.katalon.core.testobject.TestObject(): null

2018-06-04 19:01:35 - [TEST_STEP][PASSED] - Statement - batch = com.kms.katalon.core.webui.keyword.WebUiBuiltInKeywords.modifyObjectProperty(batch, "xpath", "equals", "//*[@id = "txtbthqty" + row + ""]", true): Modify property of object successfully

2018-06-04 19:01:35 - [MESSAGE][PASSED] - Modify property of object successfully

2018-06-04 19:01:35 - [TEST_STEP][PASSED] - Statement - batchqty = com.kms.katalon.core.webui.keyword.WebUiBuiltInKeywords.getAttribute(batch, "value").trim(): Attribute 'value' of object '' is: '2500'

2018-06-04 19:01:35 - [MESSAGE][PASSED] - Attribute 'value' of object '' is: '2500'

2018-06-04 19:01:35 - [TEST_STEP][PASSED] - Statement - Rqty = 100: null

2018-06-04 19:01:35 - [TEST_STEP][PASSED] - Statement - out.println("BatchQty : " + batchqty): null

2018-06-04 19:01:35 - [TEST_STEP][PASSED] - Statement - out.println("RQty : " + Rqty): null

2018-06-04 19:01:35 - [TEST_STEP][PASSED] - Statement - If (java.lang.Integer.valueOf(batchqty) >= java.lang.Integer.valueOf(Rqty)): null

2018-06-04 19:01:35 - [TEST_STEP][PASSED] - Statement - Break: null

2018-06-04 19:01:35 - [TEST_STEP][PASSED] - Statement - batchlength = new com.kms.katalon.core.testobject.TestObject(): null

2018-06-04 19:01:35 - [TEST_STEP][PASSED] - Statement - batchlength = com.kms.katalon.core.webui.keyword.WebUiBuiltInKeywords.modifyObjectProperty(batchlength, "xpath", "equals", "//*[@id = "fldvendor" + row + ""]", true): Modify property of object successfully

2018-06-04 19:01:35 - [MESSAGE][PASSED] - Modify property of object successfully

2018-06-04 19:01:35 - [TEST_STEP][PASSED] - Statement - batchsize = com.kms.katalon.core.webui.keyword.WebUiBuiltInKeywords.getNumberOfTotalOption(batchlength): 10 options of object '' counted

2018-06-04 19:01:35 - [MESSAGE][PASSED] - 10 options of object '' counted

2018-06-04 19:01:35 - [TEST_STEP][PASSED] - Statement - out.println("BatchSize : " + batchsize): null

2018-06-04 19:01:35 - [TEST_STEP][PASSED] - Statement - For ([n = 1, n <= batchsize - 1, (n++)]): null

2018-06-04 19:01:35 - [TEST_STEP][PASSED] - Statement - product = new com.kms.katalon.core.testobject.TestObject(): null

2018-06-04 19:01:35 - [TEST_STEP][PASSED] - Statement - product = com.kms.katalon.core.webui.keyword.WebUiBuiltInKeywords.modifyObjectProperty(product, "xpath", "equals", "//*[@id = "fldvendor" + row + ""]", true): Modify property of object successfully

2018-06-04 19:01:35 - [MESSAGE][PASSED] - Modify property of object successfully

2018-06-04 19:01:35 - [TEST_STEP][PASSED] - selectOptionByIndex: All options with index in [1] are selected on object ''

2018-06-04 19:01:35 - [MESSAGE][PASSED] - All options with index in [1] are selected on object ''

2018-06-04 19:01:35 - [TEST_STEP][PASSED] - delay: Delayed 2 second(s)

2018-06-04 19:01:37 - [MESSAGE][PASSED] - Delayed 2 second(s)

2018-06-04 19:01:37 - [TEST_STEP][PASSED] - Statement - batch = new com.kms.katalon.core.testobject.TestObject(): null

2018-06-04 19:01:37 - [TEST_STEP][PASSED] - Statement - batch = com.kms.katalon.core.webui.keyword.WebUiBuiltInKeywords.modifyObjectProperty(batch, "xpath", "equals", "//*[@id = "txtbthqty" + row + ""]", true): Modify property of object successfully

2018-06-04 19:01:37 - [MESSAGE][PASSED] - Modify property of object successfully

2018-06-04 19:01:37 - [TEST_STEP][PASSED] - Statement - batchqty = com.kms.katalon.core.webui.keyword.WebUiBuiltInKeywords.getAttribute(batch, "value").trim(): Attribute 'value' of object '' is: '2700'

2018-06-04 19:01:37 - [MESSAGE][PASSED] - Attribute 'value' of object '' is: '2700'

2018-06-04 19:01:37 - [TEST_STEP][PASSED] - Statement - Rqty = 100: null

2018-06-04 19:01:37 - [TEST_STEP][PASSED] - Statement - out.println("BatchQty : " + batchqty): null

2018-06-04 19:01:37 - [TEST_STEP][PASSED] - Statement - out.println("RQty : " + Rqty): null

2018-06-04 19:01:37 - [TEST_STEP][PASSED] - Statement - If (java.lang.Integer.valueOf(batchqty) >= java.lang.Integer.valueOf(Rqty)): null

2018-06-04 19:01:37 - [TEST_STEP][PASSED] - Statement - Break: null

2018-06-04 19:01:37 - [TEST_STEP][PASSED] - Statement - batchlength = new com.kms.katalon.core.testobject.TestObject(): null

2018-06-04 19:01:37 - [TEST_STEP][PASSED] - Statement - batchlength = com.kms.katalon.core.webui.keyword.WebUiBuiltInKeywords.modifyObjectProperty(batchlength, "xpath", "equals", "//*[@id = "fldvendor" + row + ""]", true): Modify property of object successfully

2018-06-04 19:01:37 - [MESSAGE][PASSED] - Modify property of object successfully

2018-06-04 19:01:37 - [TEST_STEP][PASSED] - Statement - batchsize = com.kms.katalon.core.webui.keyword.WebUiBuiltInKeywords.getNumberOfTotalOption(batchlength): 10 options of object '' counted

2018-06-04 19:01:38 - [MESSAGE][PASSED] - 10 options of object '' counted

2018-06-04 19:01:38 - [TEST_STEP][PASSED] - Statement - out.println("BatchSize : " + batchsize): null

2018-06-04 19:01:38 - [TEST_STEP][PASSED] - Statement - For ([n = 1, n <= batchsize - 1, (n++)]): null

2018-06-04 19:01:38 - [TEST_STEP][PASSED] - Statement - product = new com.kms.katalon.core.testobject.TestObject(): null

2018-06-04 19:01:38 - [TEST_STEP][PASSED] - Statement - product = com.kms.katalon.core.webui.keyword.WebUiBuiltInKeywords.modifyObjectProperty(product, "xpath", "equals", "//*[@id = "fldvendor" + row + ""]", true): Modify property of object successfully

2018-06-04 19:01:38 - [MESSAGE][PASSED] - Modify property of object successfully

2018-06-04 19:01:38 - [TEST_STEP][PASSED] - selectOptionByIndex: All options with index in [1] are selected on object ''

2018-06-04 19:01:38 - [MESSAGE][PASSED] - All options with index in [1] are selected on object ''

2018-06-04 19:01:38 - [TEST_STEP][PASSED] - delay: Delayed 2 second(s)

2018-06-04 19:01:40 - [MESSAGE][PASSED] - Delayed 2 second(s)

2018-06-04 19:01:40 - [TEST_STEP][PASSED] - Statement - batch = new com.kms.katalon.core.testobject.TestObject(): null

2018-06-04 19:01:40 - [TEST_STEP][PASSED] - Statement - batch = com.kms.katalon.core.webui.keyword.WebUiBuiltInKeywords.modifyObjectProperty(batch, "xpath", "equals", "//*[@id = "txtbthqty" + row + ""]", true): Modify property of object successfully

2018-06-04 19:01:40 - [MESSAGE][PASSED] - Modify property of object successfully

2018-06-04 19:01:40 - [TEST_STEP][PASSED] - Statement - batchqty = com.kms.katalon.core.webui.keyword.WebUiBuiltInKeywords.getAttribute(batch, "value").trim(): Attribute 'value' of object '' is: '4300'

2018-06-04 19:01:40 - [MESSAGE][PASSED] - Attribute 'value' of object '' is: '4300'

2018-06-04 19:01:40 - [TEST_STEP][PASSED] - Statement - Rqty = 100: null

2018-06-04 19:01:40 - [TEST_STEP][PASSED] - Statement - out.println("BatchQty : " + batchqty): null

2018-06-04 19:01:40 - [TEST_STEP][PASSED] - Statement - out.println("RQty : " + Rqty): null

2018-06-04 19:01:40 - [TEST_STEP][PASSED] - Statement - If (java.lang.Integer.valueOf(batchqty) >= java.lang.Integer.valueOf(Rqty)): null

2018-06-04 19:01:40 - [TEST_STEP][PASSED] - Statement - Break: null

2018-06-04 19:01:40 - [TEST_STEP][PASSED] - Statement - batchlength = new com.kms.katalon.core.testobject.TestObject(): null

2018-06-04 19:01:40 - [TEST_STEP][PASSED] - Statement - batchlength = com.kms.katalon.core.webui.keyword.WebUiBuiltInKeywords.modifyObjectProperty(batchlength, "xpath", "equals", "//*[@id = "fldvendor" + row + ""]", true): Modify property of object successfully

2018-06-04 19:01:40 - [MESSAGE][PASSED] - Modify property of object successfully

2018-06-04 19:01:40 - [TEST_STEP][PASSED] - Statement - batchsize = com.kms.katalon.core.webui.keyword.WebUiBuiltInKeywords.getNumberOfTotalOption(batchlength): 10 options of object '' counted

2018-06-04 19:01:40 - [MESSAGE][PASSED] - 10 options of object '' counted

2018-06-04 19:01:40 - [TEST_STEP][PASSED] - Statement - out.println("BatchSize : " + batchsize): null

2018-06-04 19:01:40 - [TEST_STEP][PASSED] - Statement - For ([n = 1, n <= batchsize - 1, (n++)]): null

2018-06-04 19:01:40 - [TEST_STEP][PASSED] - Statement - product = new com.kms.katalon.core.testobject.TestObject(): null

2018-06-04 19:01:40 - [TEST_STEP][PASSED] - Statement - product = com.kms.katalon.core.webui.keyword.WebUiBuiltInKeywords.modifyObjectProperty(product, "xpath", "equals", "//*[@id = "fldvendor" + row + ""]", true): Modify property of object successfully

2018-06-04 19:01:40 - [MESSAGE][PASSED] - Modify property of object successfully

2018-06-04 19:01:40 - [TEST_STEP][PASSED] - selectOptionByIndex: All options with index in [1] are selected on object ''

2018-06-04 19:01:40 - [MESSAGE][PASSED] - All options with index in [1] are selected on object ''

2018-06-04 19:01:40 - [TEST_STEP][PASSED] - delay: Delayed 2 second(s)

2018-06-04 19:01:42 - [MESSAGE][PASSED] - Delayed 2 second(s)

2018-06-04 19:01:42 - [TEST_STEP][PASSED] - Statement - batch = new com.kms.katalon.core.testobject.TestObject(): null

2018-06-04 19:01:42 - [TEST_STEP][PASSED] - Statement - batch = com.kms.katalon.core.webui.keyword.WebUiBuiltInKeywords.modifyObjectProperty(batch, "xpath", "equals", "//*[@id = "txtbthqty" + row + ""]", true): Modify property of object successfully

2018-06-04 19:01:42 - [MESSAGE][PASSED] - Modify property of object successfully

2018-06-04 19:01:42 - [TEST_STEP][PASSED] - Statement - batchqty = com.kms.katalon.core.webui.keyword.WebUiBuiltInKeywords.getAttribute(batch, "value").trim(): Attribute 'value' of object '' is: '2500'

2018-06-04 19:01:42 - [MESSAGE][PASSED] - Attribute 'value' of object '' is: '2500'

2018-06-04 19:01:42 - [TEST_STEP][PASSED] - Statement - Rqty = 100: null

2018-06-04 19:01:42 - [TEST_STEP][PASSED] - Statement - out.println("BatchQty : " + batchqty): null

2018-06-04 19:01:42 - [TEST_STEP][PASSED] - Statement - out.println("RQty : " + Rqty): null

2018-06-04 19:01:42 - [TEST_STEP][PASSED] - Statement - If (java.lang.Integer.valueOf(batchqty) >= java.lang.Integer.valueOf(Rqty)): null

2018-06-04 19:01:42 - [TEST_STEP][PASSED] - Statement - Break: null

2018-06-04 19:01:42 - [TEST_STEP][PASSED] - Statement - batchlength = new com.kms.katalon.core.testobject.TestObject(): null

2018-06-04 19:01:42 - [TEST_STEP][PASSED] - Statement - batchlength = com.kms.katalon.core.webui.keyword.WebUiBuiltInKeywords.modifyObjectProperty(batchlength, "xpath", "equals", "//*[@id = "fldvendor" + row + ""]", true): Modify property of object successfully

2018-06-04 19:01:42 - [MESSAGE][PASSED] - Modify property of object successfully

2018-06-04 19:01:42 - [TEST_STEP][PASSED] - Statement - batchsize = com.kms.katalon.core.webui.keyword.WebUiBuiltInKeywords.getNumberOfTotalOption(batchlength): 10 options of object '' counted

2018-06-04 19:01:42 - [MESSAGE][PASSED] - 10 options of object '' counted

2018-06-04 19:01:42 - [TEST_STEP][PASSED] - Statement - out.println("BatchSize : " + batchsize): null

2018-06-04 19:01:42 - [TEST_STEP][PASSED] - Statement - For ([n = 1, n <= batchsize - 1, (n++)]): null

2018-06-04 19:01:42 - [TEST_STEP][PASSED] - Statement - product = new com.kms.katalon.core.testobject.TestObject(): null

2018-06-04 19:01:42 - [TEST_STEP][PASSED] - Statement - product = com.kms.katalon.core.webui.keyword.WebUiBuiltInKeywords.modifyObjectProperty(product, "xpath", "equals", "//*[@id = "fldvendor" + row + ""]", true): Modify property of object successfully

2018-06-04 19:01:42 - [MESSAGE][PASSED] - Modify property of object successfully

2018-06-04 19:01:42 - [TEST_STEP][PASSED] - selectOptionByIndex: All options with index in [1] are selected on object ''

2018-06-04 19:01:42 - [MESSAGE][PASSED] - All options with index in [1] are selected on object ''

2018-06-04 19:01:42 - [TEST_STEP][PASSED] - delay: Delayed 2 second(s)

2018-06-04 19:01:44 - [MESSAGE][PASSED] - Delayed 2 second(s)

2018-06-04 19:01:44 - [TEST_STEP][PASSED] - Statement - batch = new com.kms.katalon.core.testobject.TestObject(): null

2018-06-04 19:01:44 - [TEST_STEP][PASSED] - Statement - batch = com.kms.katalon.core.webui.keyword.WebUiBuiltInKeywords.modifyObjectProperty(batch, "xpath", "equals", "//*[@id = "txtbthqty" + row + ""]", true): Modify property of object successfully

2018-06-04 19:01:44 - [MESSAGE][PASSED] - Modify property of object successfully

2018-06-04 19:01:44 - [TEST_STEP][PASSED] - Statement - batchqty = com.kms.katalon.core.webui.keyword.WebUiBuiltInKeywords.getAttribute(batch, "value").trim(): Attribute 'value' of object '' is: '4000'

2018-06-04 19:01:44 - [MESSAGE][PASSED] - Attribute 'value' of object '' is: '4000'

2018-06-04 19:01:44 - [TEST_STEP][PASSED] - Statement - Rqty = 100: null

2018-06-04 19:01:44 - [TEST_STEP][PASSED] - Statement - out.println("BatchQty : " + batchqty): null

2018-06-04 19:01:44 - [TEST_STEP][PASSED] - Statement - out.println("RQty : " + Rqty): null

2018-06-04 19:01:44 - [TEST_STEP][PASSED] - Statement - If (java.lang.Integer.valueOf(batchqty) >= java.lang.Integer.valueOf(Rqty)): null

2018-06-04 19:01:44 - [TEST_STEP][PASSED] - Statement - Break: null

2018-06-04 19:01:44 - [TEST_STEP][PASSED] - Statement - batchlength = new com.kms.katalon.core.testobject.TestObject(): null

2018-06-04 19:01:44 - [TEST_STEP][PASSED] - Statement - batchlength = com.kms.katalon.core.webui.keyword.WebUiBuiltInKeywords.modifyObjectProperty(batchlength, "xpath", "equals", "//*[@id = "fldvendor" + row + ""]", true): Modify property of object successfully

2018-06-04 19:01:44 - [MESSAGE][PASSED] - Modify property of object successfully

2018-06-04 19:01:44 - [TEST_STEP][PASSED] - Statement - batchsize = com.kms.katalon.core.webui.keyword.WebUiBuiltInKeywords.getNumberOfTotalOption(batchlength): 10 options of object '' counted

2018-06-04 19:01:44 - [MESSAGE][PASSED] - 10 options of object '' counted

2018-06-04 19:01:44 - [TEST_STEP][PASSED] - Statement - out.println("BatchSize : " + batchsize): null

2018-06-04 19:01:44 - [TEST_STEP][PASSED] - Statement - For ([n = 1, n <= batchsize - 1, (n++)]): null

2018-06-04 19:01:44 - [TEST_STEP][PASSED] - Statement - product = new com.kms.katalon.core.testobject.TestObject(): null

2018-06-04 19:01:44 - [TEST_STEP][PASSED] - Statement - product = com.kms.katalon.core.webui.keyword.WebUiBuiltInKeywords.modifyObjectProperty(product, "xpath", "equals", "//*[@id = "fldvendor" + row + ""]", true): Modify property of object successfully

2018-06-04 19:01:44 - [MESSAGE][PASSED] - Modify property of object successfully

2018-06-04 19:01:44 - [TEST_STEP][PASSED] - selectOptionByIndex: All options with index in [1] are selected on object ''

2018-06-04 19:01:44 - [MESSAGE][PASSED] - All options with index in [1] are selected on object ''

2018-06-04 19:01:44 - [TEST_STEP][PASSED] - delay: Delayed 2 second(s)

2018-06-04 19:01:46 - [MESSAGE][PASSED] - Delayed 2 second(s)

2018-06-04 19:01:46 - [TEST_STEP][PASSED] - Statement - batch = new com.kms.katalon.core.testobject.TestObject(): null

2018-06-04 19:01:46 - [TEST_STEP][PASSED] - Statement - batch = com.kms.katalon.core.webui.keyword.WebUiBuiltInKeywords.modifyObjectProperty(batch, "xpath", "equals", "//*[@id = "txtbthqty" + row + ""]", true): Modify property of object successfully

2018-06-04 19:01:46 - [MESSAGE][PASSED] - Modify property of object successfully

2018-06-04 19:01:46 - [TEST_STEP][PASSED] - Statement - batchqty = com.kms.katalon.core.webui.keyword.WebUiBuiltInKeywords.getAttribute(batch, "value").trim(): Attribute 'value' of object '' is: '37600'

2018-06-04 19:01:47 - [MESSAGE][PASSED] - Attribute 'value' of object '' is: '37600'

2018-06-04 19:01:47 - [TEST_STEP][PASSED] - Statement - Rqty = 100: null

2018-06-04 19:01:47 - [TEST_STEP][PASSED] - Statement - out.println("BatchQty : " + batchqty): null

2018-06-04 19:01:47 - [TEST_STEP][PASSED] - Statement - out.println("RQty : " + Rqty): null

2018-06-04 19:01:47 - [TEST_STEP][PASSED] - Statement - If (java.lang.Integer.valueOf(batchqty) >= java.lang.Integer.valueOf(Rqty)): null

2018-06-04 19:01:47 - [TEST_STEP][PASSED] - Statement - Break: null

2018-06-04 19:01:47 - [TEST_STEP][PASSED] - Statement - batchlength = new com.kms.katalon.core.testobject.TestObject(): null

2018-06-04 19:01:47 - [TEST_STEP][PASSED] - Statement - batchlength = com.kms.katalon.core.webui.keyword.WebUiBuiltInKeywords.modifyObjectProperty(batchlength, "xpath", "equals", "//*[@id = "fldvendor" + row + ""]", true): Modify property of object successfully

2018-06-04 19:01:47 - [MESSAGE][PASSED] - Modify property of object successfully

2018-06-04 19:01:47 - [TEST_STEP][PASSED] - Statement - batchsize = com.kms.katalon.core.webui.keyword.WebUiBuiltInKeywords.getNumberOfTotalOption(batchlength): 10 options of object '' counted

2018-06-04 19:01:47 - [MESSAGE][PASSED] - 10 options of object '' counted

2018-06-04 19:01:47 - [TEST_STEP][PASSED] - Statement - out.println("BatchSize : " + batchsize): null

2018-06-04 19:01:47 - [TEST_STEP][PASSED] - Statement - For ([n = 1, n <= batchsize - 1, (n++)]): null

2018-06-04 19:01:47 - [TEST_STEP][PASSED] - Statement - product = new com.kms.katalon.core.testobject.TestObject(): null

2018-06-04 19:01:47 - [TEST_STEP][PASSED] - Statement - product = com.kms.katalon.core.webui.keyword.WebUiBuiltInKeywords.modifyObjectProperty(product, "xpath", "equals", "//*[@id = "fldvendor" + row + ""]", true): Modify property of object successfully

2018-06-04 19:01:47 - [MESSAGE][PASSED] - Modify property of object successfully

2018-06-04 19:01:47 - [TEST_STEP][PASSED] - selectOptionByIndex: All options with index in [1] are selected on object ''

2018-06-04 19:01:47 - [MESSAGE][PASSED] - All options with index in [1] are selected on object ''

2018-06-04 19:01:47 - [TEST_STEP][PASSED] - delay: Delayed 2 second(s)

2018-06-04 19:01:49 - [MESSAGE][PASSED] - Delayed 2 second(s)

2018-06-04 19:01:49 - [TEST_STEP][PASSED] - Statement - batch = new com.kms.katalon.core.testobject.TestObject(): null

2018-06-04 19:01:49 - [TEST_STEP][PASSED] - Statement - batch = com.kms.katalon.core.webui.keyword.WebUiBuiltInKeywords.modifyObjectProperty(batch, "xpath", "equals", "//*[@id = "txtbthqty" + row + ""]", true): Modify property of object successfully

2018-06-04 19:01:49 - [MESSAGE][PASSED] - Modify property of object successfully

2018-06-04 19:01:49 - [TEST_STEP][PASSED] - Statement - batchqty = com.kms.katalon.core.webui.keyword.WebUiBuiltInKeywords.getAttribute(batch, "value").trim(): Attribute 'value' of object '' is: '4300'

2018-06-04 19:01:49 - [MESSAGE][PASSED] - Attribute 'value' of object '' is: '4300'

2018-06-04 19:01:49 - [TEST_STEP][PASSED] - Statement - Rqty = 100: null

2018-06-04 19:01:49 - [TEST_STEP][PASSED] - Statement - out.println("BatchQty : " + batchqty): null

2018-06-04 19:01:49 - [TEST_STEP][PASSED] - Statement - out.println("RQty : " + Rqty): null

2018-06-04 19:01:49 - [TEST_STEP][PASSED] - Statement - If (java.lang.Integer.valueOf(batchqty) >= java.lang.Integer.valueOf(Rqty)): null

2018-06-04 19:01:49 - [TEST_STEP][PASSED] - Statement - Break: null

2018-06-04 19:01:49 - [TEST_STEP][PASSED] - Statement - batchlength = new com.kms.katalon.core.testobject.TestObject(): null

2018-06-04 19:01:49 - [TEST_STEP][PASSED] - Statement - batchlength = com.kms.katalon.core.webui.keyword.WebUiBuiltInKeywords.modifyObjectProperty(batchlength, "xpath", "equals", "//*[@id = "fldvendor" + row + ""]", true): Modify property of object successfully

2018-06-04 19:01:49 - [MESSAGE][PASSED] - Modify property of object successfully

2018-06-04 19:01:49 - [TEST_STEP][PASSED] - Statement - batchsize = com.kms.katalon.core.webui.keyword.WebUiBuiltInKeywords.getNumberOfTotalOption(batchlength): 10 options of object '' counted

2018-06-04 19:01:49 - [MESSAGE][PASSED] - 10 options of object '' counted

2018-06-04 19:01:49 - [TEST_STEP][PASSED] - Statement - out.println("BatchSize : " + batchsize): null

2018-06-04 19:01:49 - [TEST_STEP][PASSED] - Statement - For ([n = 1, n <= batchsize - 1, (n++)]): null

2018-06-04 19:01:49 - [TEST_STEP][PASSED] - Statement - product = new com.kms.katalon.core.testobject.TestObject(): null

2018-06-04 19:01:49 - [TEST_STEP][PASSED] - Statement - product = com.kms.katalon.core.webui.keyword.WebUiBuiltInKeywords.modifyObjectProperty(product, "xpath", "equals", "//*[@id = "fldvendor" + row + ""]", true): Modify property of object successfully

2018-06-04 19:01:49 - [MESSAGE][PASSED] - Modify property of object successfully

2018-06-04 19:01:49 - [TEST_STEP][PASSED] - selectOptionByIndex: All options with index in [1] are selected on object ''

2018-06-04 19:01:49 - [MESSAGE][PASSED] - All options with index in [1] are selected on object ''

2018-06-04 19:01:49 - [TEST_STEP][PASSED] - delay: Delayed 2 second(s)

2018-06-04 19:01:51 - [MESSAGE][PASSED] - Delayed 2 second(s)

2018-06-04 19:01:51 - [TEST_STEP][PASSED] - Statement - batch = new com.kms.katalon.core.testobject.TestObject(): null

2018-06-04 19:01:51 - [TEST_STEP][PASSED] - Statement - batch = com.kms.katalon.core.webui.keyword.WebUiBuiltInKeywords.modifyObjectProperty(batch, "xpath", "equals", "//*[@id = "txtbthqty" + row + ""]", true): Modify property of object successfully

2018-06-04 19:01:51 - [MESSAGE][PASSED] - Modify property of object successfully

2018-06-04 19:01:51 - [TEST_STEP][PASSED] - Statement - batchqty = com.kms.katalon.core.webui.keyword.WebUiBuiltInKeywords.getAttribute(batch, "value").trim(): Attribute 'value' of object '' is: '2700'

2018-06-04 19:01:51 - [MESSAGE][PASSED] - Attribute 'value' of object '' is: '2700'

2018-06-04 19:01:51 - [TEST_STEP][PASSED] - Statement - Rqty = 100: null

2018-06-04 19:01:51 - [TEST_STEP][PASSED] - Statement - out.println("BatchQty : " + batchqty): null

2018-06-04 19:01:51 - [TEST_STEP][PASSED] - Statement - out.println("RQty : " + Rqty): null

2018-06-04 19:01:51 - [TEST_STEP][PASSED] - Statement - If (java.lang.Integer.valueOf(batchqty) >= java.lang.Integer.valueOf(Rqty)): null

2018-06-04 19:01:51 - [TEST_STEP][PASSED] - Statement - Break: null

2018-06-04 19:01:51 - [TEST_STEP][PASSED] - Statement - batchlength = new com.kms.katalon.core.testobject.TestObject(): null

2018-06-04 19:01:51 - [TEST_STEP][PASSED] - Statement - batchlength = com.kms.katalon.core.webui.keyword.WebUiBuiltInKeywords.modifyObjectProperty(batchlength, "xpath", "equals", "//*[@id = "fldvendor" + row + ""]", true): Modify property of object successfully

2018-06-04 19:01:51 - [MESSAGE][PASSED] - Modify property of object successfully

2018-06-04 19:01:51 - [TEST_STEP][PASSED] - Statement - batchsize = com.kms.katalon.core.webui.keyword.WebUiBuiltInKeywords.getNumberOfTotalOption(batchlength): 10 options of object '' counted

2018-06-04 19:01:51 - [MESSAGE][PASSED] - 10 options of object '' counted

2018-06-04 19:01:51 - [TEST_STEP][PASSED] - Statement - out.println("BatchSize : " + batchsize): null

2018-06-04 19:01:51 - [TEST_STEP][PASSED] - Statement - For ([n = 1, n <= batchsize - 1, (n++)]): null

2018-06-04 19:01:51 - [TEST_STEP][PASSED] - Statement - product = new com.kms.katalon.core.testobject.TestObject(): null

2018-06-04 19:01:51 - [TEST_STEP][PASSED] - Statement - product = com.kms.katalon.core.webui.keyword.WebUiBuiltInKeywords.modifyObjectProperty(product, "xpath", "equals", "//*[@id = "fldvendor" + row + ""]", true): Modify property of object successfully

2018-06-04 19:01:51 - [MESSAGE][PASSED] - Modify property of object successfully

2018-06-04 19:01:51 - [TEST_STEP][PASSED] - selectOptionByIndex: All options with index in [1] are selected on object ''

2018-06-04 19:01:51 - [MESSAGE][PASSED] - All options with index in [1] are selected on object ''

2018-06-04 19:01:51 - [TEST_STEP][PASSED] - delay: Delayed 2 second(s)

2018-06-04 19:01:53 - [MESSAGE][PASSED] - Delayed 2 second(s)

2018-06-04 19:01:53 - [TEST_STEP][PASSED] - Statement - batch = new com.kms.katalon.core.testobject.TestObject(): null

2018-06-04 19:01:53 - [TEST_STEP][PASSED] - Statement - batch = com.kms.katalon.core.webui.keyword.WebUiBuiltInKeywords.modifyObjectProperty(batch, "xpath", "equals", "//*[@id = "txtbthqty" + row + ""]", true): Modify property of object successfully

2018-06-04 19:01:53 - [MESSAGE][PASSED] - Modify property of object successfully

2018-06-04 19:01:53 - [TEST_STEP][PASSED] - Statement - batchqty = com.kms.katalon.core.webui.keyword.WebUiBuiltInKeywords.getAttribute(batch, "value").trim(): Attribute 'value' of object '' is: '37600'

2018-06-04 19:01:53 - [MESSAGE][PASSED] - Attribute 'value' of object '' is: '37600'

2018-06-04 19:01:53 - [TEST_STEP][PASSED] - Statement - Rqty = 100: null

2018-06-04 19:01:53 - [TEST_STEP][PASSED] - Statement - out.println("BatchQty : " + batchqty): null

2018-06-04 19:01:53 - [TEST_STEP][PASSED] - Statement - out.println("RQty : " + Rqty): null

2018-06-04 19:01:53 - [TEST_STEP][PASSED] - Statement - If (java.lang.Integer.valueOf(batchqty) >= java.lang.Integer.valueOf(Rqty)): null

2018-06-04 19:01:53 - [TEST_STEP][PASSED] - Statement - Break: null

2018-06-04 19:01:53 - [TEST_STEP][PASSED] - Statement - batchlength = new com.kms.katalon.core.testobject.TestObject(): null

2018-06-04 19:01:53 - [TEST_STEP][PASSED] - Statement - batchlength = com.kms.katalon.core.webui.keyword.WebUiBuiltInKeywords.modifyObjectProperty(batchlength, "xpath", "equals", "//*[@id = "fldvendor" + row + ""]", true): Modify property of object successfully

2018-06-04 19:01:53 - [MESSAGE][PASSED] - Modify property of object successfully

2018-06-04 19:01:53 - [TEST_STEP][PASSED] - Statement - batchsize = com.kms.katalon.core.webui.keyword.WebUiBuiltInKeywords.getNumberOfTotalOption(batchlength): 10 options of object '' counted

2018-06-04 19:01:53 - [MESSAGE][PASSED] - 10 options of object '' counted

2018-06-04 19:01:53 - [TEST_STEP][PASSED] - Statement - out.println("BatchSize : " + batchsize): null

2018-06-04 19:01:53 - [TEST_STEP][PASSED] - Statement - For ([n = 1, n <= batchsize - 1, (n++)]): null

2018-06-04 19:01:53 - [TEST_STEP][PASSED] - Statement - product = new com.kms.katalon.core.testobject.TestObject(): null

2018-06-04 19:01:53 - [TEST_STEP][PASSED] - Statement - product = com.kms.katalon.core.webui.keyword.WebUiBuiltInKeywords.modifyObjectProperty(product, "xpath", "equals", "//*[@id = "fldvendor" + row + ""]", true): Modify property of object successfully

2018-06-04 19:01:53 - [MESSAGE][PASSED] - Modify property of object successfully

2018-06-04 19:01:53 - [TEST_STEP][PASSED] - selectOptionByIndex: All options with index in [1] are selected on object ''

2018-06-04 19:01:54 - [MESSAGE][PASSED] - All options with index in [1] are selected on object ''

2018-06-04 19:01:54 - [TEST_STEP][PASSED] - delay: Delayed 2 second(s)

2018-06-04 19:01:56 - [MESSAGE][PASSED] - Delayed 2 second(s)

2018-06-04 19:01:56 - [TEST_STEP][PASSED] - Statement - batch = new com.kms.katalon.core.testobject.TestObject(): null

2018-06-04 19:01:56 - [TEST_STEP][PASSED] - Statement - batch = com.kms.katalon.core.webui.keyword.WebUiBuiltInKeywords.modifyObjectProperty(batch, "xpath", "equals", "//*[@id = "txtbthqty" + row + ""]", true): Modify property of object successfully

2018-06-04 19:01:56 - [MESSAGE][PASSED] - Modify property of object successfully

2018-06-04 19:01:56 - [TEST_STEP][PASSED] - Statement - batchqty = com.kms.katalon.core.webui.keyword.WebUiBuiltInKeywords.getAttribute(batch, "value").trim(): Attribute 'value' of object '' is: '37600'

2018-06-04 19:01:56 - [MESSAGE][PASSED] - Attribute 'value' of object '' is: '37600'

2018-06-04 19:01:56 - [TEST_STEP][PASSED] - Statement - Rqty = 100: null

2018-06-04 19:01:56 - [TEST_STEP][PASSED] - Statement - out.println("BatchQty : " + batchqty): null

2018-06-04 19:01:56 - [TEST_STEP][PASSED] - Statement - out.println("RQty : " + Rqty): null

2018-06-04 19:01:56 - [TEST_STEP][PASSED] - Statement - If (java.lang.Integer.valueOf(batchqty) >= java.lang.Integer.valueOf(Rqty)): null

2018-06-04 19:01:56 - [TEST_STEP][PASSED] - Statement - Break: null

2018-06-04 19:01:56 - [TEST_STEP][PASSED] - Statement - batchlength = new com.kms.katalon.core.testobject.TestObject(): null

2018-06-04 19:01:56 - [TEST_STEP][PASSED] - Statement - batchlength = com.kms.katalon.core.webui.keyword.WebUiBuiltInKeywords.modifyObjectProperty(batchlength, "xpath", "equals", "//*[@id = "fldvendor" + row + ""]", true): Modify property of object successfully

2018-06-04 19:01:56 - [MESSAGE][PASSED] - Modify property of object successfully

2018-06-04 19:01:56 - [TEST_STEP][PASSED] - Statement - batchsize = com.kms.katalon.core.webui.keyword.WebUiBuiltInKeywords.getNumberOfTotalOption(batchlength): 9 options of object '' counted

2018-06-04 19:01:56 - [MESSAGE][PASSED] - 9 options of object '' counted

2018-06-04 19:01:56 - [TEST_STEP][PASSED] - Statement - out.println("BatchSize : " + batchsize): null

2018-06-04 19:01:56 - [TEST_STEP][PASSED] - Statement - For ([n = 1, n <= batchsize - 1, (n++)]): null

2018-06-04 19:01:56 - [TEST_STEP][PASSED] - Statement - product = new com.kms.katalon.core.testobject.TestObject(): null

2018-06-04 19:01:56 - [TEST_STEP][PASSED] - Statement - product = com.kms.katalon.core.webui.keyword.WebUiBuiltInKeywords.modifyObjectProperty(product, "xpath", "equals", "//*[@id = "fldvendor" + row + ""]", true): Modify property of object successfully

2018-06-04 19:01:56 - [MESSAGE][PASSED] - Modify property of object successfully

2018-06-04 19:01:56 - [TEST_STEP][PASSED] - selectOptionByIndex: All options with index in [1] are selected on object ''

2018-06-04 19:01:56 - [MESSAGE][PASSED] - All options with index in [1] are selected on object ''

2018-06-04 19:01:56 - [TEST_STEP][PASSED] - delay: Delayed 2 second(s)

2018-06-04 19:01:58 - [MESSAGE][PASSED] - Delayed 2 second(s)

2018-06-04 19:01:58 - [TEST_STEP][PASSED] - Statement - batch = new com.kms.katalon.core.testobject.TestObject(): null

2018-06-04 19:01:58 - [TEST_STEP][PASSED] - Statement - batch = com.kms.katalon.core.webui.keyword.WebUiBuiltInKeywords.modifyObjectProperty(batch, "xpath", "equals", "//*[@id = "txtbthqty" + row + ""]", true): Modify property of object successfully

2018-06-04 19:01:58 - [MESSAGE][PASSED] - Modify property of object successfully

2018-06-04 19:01:58 - [TEST_STEP][PASSED] - Statement - batchqty = com.kms.katalon.core.webui.keyword.WebUiBuiltInKeywords.getAttribute(batch, "value").trim(): Attribute 'value' of object '' is: '4300'

2018-06-04 19:01:58 - [MESSAGE][PASSED] - Attribute 'value' of object '' is: '4300'

2018-06-04 19:01:58 - [TEST_STEP][PASSED] - Statement - Rqty = 100: null

2018-06-04 19:01:58 - [TEST_STEP][PASSED] - Statement - out.println("BatchQty : " + batchqty): null

2018-06-04 19:01:58 - [TEST_STEP][PASSED] - Statement - out.println("RQty : " + Rqty): null

2018-06-04 19:01:58 - [TEST_STEP][PASSED] - Statement - If (java.lang.Integer.valueOf(batchqty) >= java.lang.Integer.valueOf(Rqty)): null

2018-06-04 19:01:58 - [TEST_STEP][PASSED] - Statement - Break: null

2018-06-04 19:01:58 - [TEST_STEP][PASSED] - Statement - batchlength = new com.kms.katalon.core.testobject.TestObject(): null

2018-06-04 19:01:58 - [TEST_STEP][PASSED] - Statement - batchlength = com.kms.katalon.core.webui.keyword.WebUiBuiltInKeywords.modifyObjectProperty(batchlength, "xpath", "equals", "//*[@id = "fldvendor" + row + ""]", true): Modify property of object successfully

2018-06-04 19:01:58 - [MESSAGE][PASSED] - Modify property of object successfully

2018-06-04 19:01:58 - [TEST_STEP][PASSED] - Statement - batchsize = com.kms.katalon.core.webui.keyword.WebUiBuiltInKeywords.getNumberOfTotalOption(batchlength): 10 options of object '' counted

2018-06-04 19:01:58 - [MESSAGE][PASSED] - 10 options of object '' counted

2018-06-04 19:01:58 - [TEST_STEP][PASSED] - Statement - out.println("BatchSize : " + batchsize): null

2018-06-04 19:01:58 - [TEST_STEP][PASSED] - Statement - For ([n = 1, n <= batchsize - 1, (n++)]): null

2018-06-04 19:01:58 - [TEST_STEP][PASSED] - Statement - product = new com.kms.katalon.core.testobject.TestObject(): null

2018-06-04 19:01:58 - [TEST_STEP][PASSED] - Statement - product = com.kms.katalon.core.webui.keyword.WebUiBuiltInKeywords.modifyObjectProperty(product, "xpath", "equals", "//*[@id = "fldvendor" + row + ""]", true): Modify property of object successfully

2018-06-04 19:01:58 - [MESSAGE][PASSED] - Modify property of object successfully

2018-06-04 19:01:58 - [TEST_STEP][PASSED] - selectOptionByIndex: All options with index in [1] are selected on object ''

2018-06-04 19:01:58 - [MESSAGE][PASSED] - All options with index in [1] are selected on object ''

2018-06-04 19:01:58 - [TEST_STEP][PASSED] - delay: Delayed 2 second(s)

2018-06-04 19:02:00 - [MESSAGE][PASSED] - Delayed 2 second(s)

2018-06-04 19:02:00 - [TEST_STEP][PASSED] - Statement - batch = new com.kms.katalon.core.testobject.TestObject(): null

2018-06-04 19:02:00 - [TEST_STEP][PASSED] - Statement - batch = com.kms.katalon.core.webui.keyword.WebUiBuiltInKeywords.modifyObjectProperty(batch, "xpath", "equals", "//*[@id = "txtbthqty" + row + ""]", true): Modify property of object successfully

2018-06-04 19:02:00 - [MESSAGE][PASSED] - Modify property of object successfully

2018-06-04 19:02:00 - [TEST_STEP][PASSED] - Statement - batchqty = com.kms.katalon.core.webui.keyword.WebUiBuiltInKeywords.getAttribute(batch, "value").trim(): Attribute 'value' of object '' is: '2600'

2018-06-04 19:02:00 - [MESSAGE][PASSED] - Attribute 'value' of object '' is: '2600'

2018-06-04 19:02:00 - [TEST_STEP][PASSED] - Statement - Rqty = 100: null

2018-06-04 19:02:00 - [TEST_STEP][PASSED] - Statement - out.println("BatchQty : " + batchqty): null

2018-06-04 19:02:00 - [TEST_STEP][PASSED] - Statement - out.println("RQty : " + Rqty): null

2018-06-04 19:02:00 - [TEST_STEP][PASSED] - Statement - If (java.lang.Integer.valueOf(batchqty) >= java.lang.Integer.valueOf(Rqty)): null

2018-06-04 19:02:00 - [TEST_STEP][PASSED] - Statement - Break: null

2018-06-04 19:02:00 - [TEST_STEP][PASSED] - click: Object: 'Object Repository/store Request Schedule 1/Page_KDMC - CMS/input_btndispatch' is clicked on

2018-06-04 19:02:00 - [MESSAGE][PASSED] - Object: 'Object Repository/store Request Schedule 1/Page_KDMC - CMS/input_btndispatch' is clicked on

2018-06-04 19:02:00 - [TEST_STEP][PASSED] - waitForElementVisible: Object 'Object Repository/store Request Schedule 1/Page_KDMC - CMS/button_OK' is visible

2018-06-04 19:02:02 - [MESSAGE][PASSED] - Object 'Object Repository/store Request Schedule 1/Page_KDMC - CMS/button_OK' is visible

2018-06-04 19:02:02 - [TEST_STEP][PASSED] - click: Object: 'Object Repository/store Request Schedule 1/Page_KDMC - CMS/button_OK' is clicked on

2018-06-04 19:02:02 - [MESSAGE][PASSED] - Object: 'Object Repository/store Request Schedule 1/Page_KDMC - CMS/button_OK' is clicked on

2018-06-04 19:02:02 - [TEST_STEP][PASSED] - delay: Delayed 3 second(s)

2018-06-04 19:02:05 - [MESSAGE][PASSED] - Delayed 3 second(s)

2018-06-04 19:02:05 - [TEST_STEP][PASSED] - click: Object: 'Object Repository/store Request Schedule 1/Page_KDMC - CMS/a_dropdown-toggle' is clicked on

2018-06-04 19:02:05 - [MESSAGE][PASSED] - Object: 'Object Repository/store Request Schedule 1/Page_KDMC - CMS/a_dropdown-toggle' is clicked on

2018-06-04 19:02:05 - [TEST_STEP][PASSED] - click: Object: 'Object Repository/store Request Schedule 1/Page_KDMC - CMS/a_Sign out' is clicked on

2018-06-04 19:02:06 - [MESSAGE][PASSED] - Object: 'Object Repository/store Request Schedule 1/Page_KDMC - CMS/a_Sign out' is clicked on

2018-06-04 19:02:06 - [TEST_STEP][PASSED] - delay: Delayed 3 second(s)

2018-06-04 19:02:09 - [MESSAGE][PASSED] - Delayed 3 second(s)

2018-06-04 19:02:09 - [TEST_STEP][PASSED] - click: Object: 'Object Repository/Store Request Schedule 1/Page_KDMC/a_Divisional Store' is clicked on

2018-06-04 19:02:09 - [MESSAGE][PASSED] - Object: 'Object Repository/Store Request Schedule 1/Page_KDMC/a_Divisional Store' is clicked on

2018-06-04 19:02:09 - [TEST_STEP][PASSED] - setText: Text 'ragu' is set on object 'Object Repository/Store Request Schedule 1/Page_Divisonal Store Login/input_txtusername'

2018-06-04 19:02:09 - [MESSAGE][PASSED] - Text 'ragu' is set on object 'Object Repository/Store Request Schedule 1/Page_Divisonal Store Login/input_txtusername'

2018-06-04 19:02:09 - [TEST_STEP][PASSED] - setText: Text '123' is set on object 'Object Repository/Store Request Schedule 1/Page_Divisonal Store Login/input_txtpassword'

2018-06-04 19:02:10 - [MESSAGE][PASSED] - Text '123' is set on object 'Object Repository/Store Request Schedule 1/Page_Divisonal Store Login/input_txtpassword'

2018-06-04 19:02:10 - [TEST_STEP][PASSED] - delay: Delayed 3 second(s)

2018-06-04 19:02:13 - [MESSAGE][PASSED] - Delayed 3 second(s)

2018-06-04 19:02:13 - [TEST_STEP][PASSED] - click: Object: 'Object Repository/Store Request Schedule 1/Page_Divisonal Store Login/button_Sign in' is clicked on

2018-06-04 19:02:14 - [MESSAGE][PASSED] - Object: 'Object Repository/Store Request Schedule 1/Page_Divisonal Store Login/button_Sign in' is clicked on

2018-06-04 19:02:14 - [TEST_STEP][PASSED] - delay: Delayed 3 second(s)

2018-06-04 19:02:17 - [MESSAGE][PASSED] - Delayed 3 second(s)

2018-06-04 19:02:17 - [TEST_STEP][PASSED] - click: Object: 'Object Repository/Store Request Schedule 1/Page_Store/a_CMS' is clicked on

2018-06-04 19:02:17 - [MESSAGE][PASSED] - Object: 'Object Repository/Store Request Schedule 1/Page_Store/a_CMS' is clicked on

2018-06-04 19:02:17 - [TEST_STEP][PASSED] - delay: Delayed 2 second(s)

2018-06-04 19:02:19 - [MESSAGE][PASSED] - Delayed 2 second(s)

2018-06-04 19:02:19 - [TEST_STEP][PASSED] - click: Object: 'Object Repository/Store Request Schedule 1/Page_Store/a_Receiving Goods' is clicked on

2018-06-04 19:02:20 - [MESSAGE][PASSED] - Object: 'Object Repository/Store Request Schedule 1/Page_Store/a_Receiving Goods' is clicked on

2018-06-04 19:02:20 - [TEST_STEP][PASSED] - setText: Text 'PRNO/04062018/595' is set on object 'Object Repository/Store Request Schedule 1/Page_Store/input'

2018-06-04 19:02:20 - [MESSAGE][PASSED] - Text 'PRNO/04062018/595' is set on object 'Object Repository/Store Request Schedule 1/Page_Store/input'

2018-06-04 19:02:20 - [TEST_STEP][PASSED] - click: Object: 'Object Repository/Store Request Schedule 1/Page_Store/input_btn btn-primary' is clicked on

2018-06-04 19:02:21 - [MESSAGE][PASSED] - Object: 'Object Repository/Store Request Schedule 1/Page_Store/input_btn btn-primary' is clicked on

2018-06-04 19:02:21 - [TEST_STEP][PASSED] - delay: Delayed 2 second(s)

2018-06-04 19:02:23 - [MESSAGE][PASSED] - Delayed 2 second(s)

2018-06-04 19:02:23 - [TEST_STEP][PASSED] - click: Object: 'Object Repository/Store Request Schedule 1/Page_Store/input_chkrem' is clicked on

2018-06-04 19:02:23 - [MESSAGE][PASSED] - Object: 'Object Repository/Store Request Schedule 1/Page_Store/input_chkrem' is clicked on

2018-06-04 19:02:23 - [TEST_STEP][PASSED] - scrollToElement: Scroll to object 'Object Repository/Store Request Schedule 1/Page_Store/input_btchkroqadd' successfully

2018-06-04 19:02:23 - [MESSAGE][PASSED] - Scroll to object 'Object Repository/Store Request Schedule 1/Page_Store/input_btchkroqadd' successfully

2018-06-04 19:02:23 - [TEST_STEP][PASSED] - click: Object: 'Object Repository/Store Request Schedule 1/Page_Store/input_btchkroqadd' is clicked on

2018-06-04 19:02:23 - [MESSAGE][PASSED] - Object: 'Object Repository/Store Request Schedule 1/Page_Store/input_btchkroqadd' is clicked on

2018-06-04 19:02:23 - [TEST_STEP][PASSED] - delay: Delayed 2 second(s)

2018-06-04 19:02:25 - [MESSAGE][PASSED] - Delayed 2 second(s)

2018-06-04 19:02:25 - [TEST_STEP][PASSED] - refresh: Refresh successfully

2018-06-04 19:02:26 - [MESSAGE][PASSED] - Refresh successfully

2018-06-04 19:02:26 - [TEST_STEP][PASSED] - delay: Delayed 3 second(s)

2018-06-04 19:02:29 - [MESSAGE][PASSED] - Delayed 3 second(s)

2018-06-04 19:02:29 - [TEST_STEP][PASSED] - click: Object: 'Object Repository/Store Request Schedule 1/Page_Store/a_dropdown-toggle' is clicked on

2018-06-04 19:02:29 - [MESSAGE][PASSED] - Object: 'Object Repository/Store Request Schedule 1/Page_Store/a_dropdown-toggle' is clicked on

2018-06-04 19:02:29 - [TEST_STEP][PASSED] - click: Object: 'Object Repository/Store Request Schedule 1/Page_Store/a_Sign out' is clicked on

2018-06-04 19:02:29 - [MESSAGE][PASSED] - Object: 'Object Repository/Store Request Schedule 1/Page_Store/a_Sign out' is clicked on

2018-06-04 19:02:29 - [TEST_STEP][PASSED] - closeBrowser: Browser is closed

2018-06-04 19:02:30 - [MESSAGE][PASSED] - Browser is closed

2018-06-04 19:02:30 - [TEST_STEP][PASSED] - Statement - out.println("Schedule 7 STORE Request Are Working Successfully"): null]]></system-out>
         <system-err><![CDATA[]]></system-err>
      </testcase>
      <testcase name="Test Cases/STORE TO CMS REQUEST TEST CASES/TC_STCMS_008 To Verify Schedule 8 Store To CMS Request Are Working Successfully Or Not" classname="Test Cases/STORE TO CMS REQUEST TEST CASES/TC_STCMS_008 To Verify Schedule 8 Store To CMS Request Are Working Successfully Or Not" status="PASSED">
         <system-out><![CDATA[2018-06-04 19:02:30 - [TEST_CASE][PASSED] - Test Cases/STORE TO CMS REQUEST TEST CASES/TC_STCMS_008 To Verify Schedule 8 Store To CMS Request Are Working Successfully Or Not: Test Cases/STORE TO CMS REQUEST TEST CASES/TC_STCMS_008 To Verify Schedule 8 Store To CMS Request Are Working Successfully Or Not

2018-06-04 19:02:30 - [TEST_STEP][PASSED] - openBrowser: Browser is opened with url: ''

2018-06-04 19:02:32 - [MESSAGE][PASSED] - Browser is opened with url: ''

2018-06-04 19:02:32 - [TEST_STEP][PASSED] - Statement - out.println("Verify Schedule 8 STORE Request Are Working Successfully Or Not"): null

2018-06-04 19:02:32 - [TEST_STEP][PASSED] - navigateToUrl: Navigate to 'http://192.168.137.1/multihospital_new/' successfully

2018-06-04 19:02:34 - [MESSAGE][PASSED] - Navigate to 'http://192.168.137.1/multihospital_new/' successfully

2018-06-04 19:02:34 - [TEST_STEP][PASSED] - maximizeWindow: Current window maximized

2018-06-04 19:02:35 - [MESSAGE][PASSED] - Current window maximized

2018-06-04 19:02:35 - [TEST_STEP][PASSED] - click: Object: 'Object Repository/Store Request Schedule 1/Page_KDMC/a_Divisional Store' is clicked on

2018-06-04 19:02:36 - [MESSAGE][PASSED] - Object: 'Object Repository/Store Request Schedule 1/Page_KDMC/a_Divisional Store' is clicked on

2018-06-04 19:02:36 - [TEST_STEP][PASSED] - setText: Text 'ragu' is set on object 'Object Repository/Store Request Schedule 1/Page_Divisonal Store Login/input_txtusername'

2018-06-04 19:02:36 - [MESSAGE][PASSED] - Text 'ragu' is set on object 'Object Repository/Store Request Schedule 1/Page_Divisonal Store Login/input_txtusername'

2018-06-04 19:02:36 - [TEST_STEP][PASSED] - setText: Text '123' is set on object 'Object Repository/Store Request Schedule 1/Page_Divisonal Store Login/input_txtpassword'

2018-06-04 19:02:36 - [MESSAGE][PASSED] - Text '123' is set on object 'Object Repository/Store Request Schedule 1/Page_Divisonal Store Login/input_txtpassword'

2018-06-04 19:02:36 - [TEST_STEP][PASSED] - delay: Delayed 3 second(s)

2018-06-04 19:02:39 - [MESSAGE][PASSED] - Delayed 3 second(s)

2018-06-04 19:02:39 - [TEST_STEP][PASSED] - click: Object: 'Object Repository/Store Request Schedule 1/Page_Divisonal Store Login/button_Sign in' is clicked on

2018-06-04 19:02:41 - [MESSAGE][PASSED] - Object: 'Object Repository/Store Request Schedule 1/Page_Divisonal Store Login/button_Sign in' is clicked on

2018-06-04 19:02:41 - [TEST_STEP][PASSED] - delay: Delayed 3 second(s)

2018-06-04 19:02:44 - [MESSAGE][PASSED] - Delayed 3 second(s)

2018-06-04 19:02:44 - [TEST_STEP][PASSED] - click: Object: 'Object Repository/Store Request Schedule 1/Page_Store/a_CMS' is clicked on

2018-06-04 19:02:44 - [MESSAGE][PASSED] - Object: 'Object Repository/Store Request Schedule 1/Page_Store/a_CMS' is clicked on

2018-06-04 19:02:44 - [TEST_STEP][PASSED] - delay: Delayed 2 second(s)

2018-06-04 19:02:46 - [MESSAGE][PASSED] - Delayed 2 second(s)

2018-06-04 19:02:46 - [TEST_STEP][PASSED] - click: Object: 'Object Repository/Store Request Schedule 1/Page_Store/a_Request Send' is clicked on

2018-06-04 19:02:47 - [MESSAGE][PASSED] - Object: 'Object Repository/Store Request Schedule 1/Page_Store/a_Request Send' is clicked on

2018-06-04 19:02:47 - [TEST_STEP][PASSED] - selectOptionByIndex: All options with index in [1] are selected on object 'Object Repository/Store Request Schedule 1/Page_Store/select_--Select--'

2018-06-04 19:02:47 - [MESSAGE][PASSED] - All options with index in [1] are selected on object 'Object Repository/Store Request Schedule 1/Page_Store/select_--Select--'

2018-06-04 19:02:47 - [TEST_STEP][PASSED] - selectOptionByIndex: All options with index in [8] are selected on object 'Object Repository/Store Request Schedule 1/Page_Store/select_--Select--Schedule 1Inj'

2018-06-04 19:02:48 - [MESSAGE][PASSED] - All options with index in [8] are selected on object 'Object Repository/Store Request Schedule 1/Page_Store/select_--Select--Schedule 1Inj'

2018-06-04 19:02:48 - [TEST_STEP][PASSED] - Statement - SelectedOptions = com.kms.katalon.core.webui.keyword.WebUiBuiltInKeywords.getNumberOfTotalOption(com.kms.katalon.core.testobject.ObjectRepository.findTestObject(Store Request Schedule 1/Page_Store/select_--Select--Adernaline 0.)): 18 options of object 'Object Repository/Store Request Schedule 1/Page_Store/select_--Select--Adernaline 0.' counted

2018-06-04 19:02:48 - [MESSAGE][PASSED] - 18 options of object 'Object Repository/Store Request Schedule 1/Page_Store/select_--Select--Adernaline 0.' counted

2018-06-04 19:02:48 - [TEST_STEP][PASSED] - Statement - For ([y = 1, y < SelectedOptions, (y++)]): Object: 'Object Repository/Store Request Schedule 1/Page_Store/button_Add' is clicked on

2018-06-04 19:02:48 - [TEST_STEP][PASSED] - selectOptionByIndex: All options with index in [8] are selected on object 'Object Repository/Store Request Schedule 1/Page_Store/select_--Select--Schedule 1Inj'

2018-06-04 19:02:48 - [MESSAGE][PASSED] - All options with index in [8] are selected on object 'Object Repository/Store Request Schedule 1/Page_Store/select_--Select--Schedule 1Inj'

2018-06-04 19:02:48 - [TEST_STEP][PASSED] - delay: Delayed 1 second(s)

2018-06-04 19:02:49 - [MESSAGE][PASSED] - Delayed 1 second(s)

2018-06-04 19:02:49 - [TEST_STEP][PASSED] - selectOptionByIndex: All options with index in [1] are selected on object 'Object Repository/Store Request Schedule 1/Page_Store/select_--Select--Adernaline 0.'

2018-06-04 19:02:49 - [MESSAGE][PASSED] - All options with index in [1] are selected on object 'Object Repository/Store Request Schedule 1/Page_Store/select_--Select--Adernaline 0.'

2018-06-04 19:02:49 - [TEST_STEP][PASSED] - setText: Text '100' is set on object 'Object Repository/Store Request Schedule 1/Page_Store/input_txttreat'

2018-06-04 19:02:49 - [MESSAGE][PASSED] - Text '100' is set on object 'Object Repository/Store Request Schedule 1/Page_Store/input_txttreat'

2018-06-04 19:02:49 - [TEST_STEP][PASSED] - click: Object: 'Object Repository/Store Request Schedule 1/Page_Store/button_Add' is clicked on

2018-06-04 19:02:49 - [MESSAGE][PASSED] - Object: 'Object Repository/Store Request Schedule 1/Page_Store/button_Add' is clicked on

2018-06-04 19:02:49 - [TEST_STEP][PASSED] - selectOptionByIndex: All options with index in [8] are selected on object 'Object Repository/Store Request Schedule 1/Page_Store/select_--Select--Schedule 1Inj'

2018-06-04 19:02:49 - [MESSAGE][PASSED] - All options with index in [8] are selected on object 'Object Repository/Store Request Schedule 1/Page_Store/select_--Select--Schedule 1Inj'

2018-06-04 19:02:49 - [TEST_STEP][PASSED] - delay: Delayed 1 second(s)

2018-06-04 19:02:50 - [MESSAGE][PASSED] - Delayed 1 second(s)

2018-06-04 19:02:50 - [TEST_STEP][PASSED] - selectOptionByIndex: All options with index in [2] are selected on object 'Object Repository/Store Request Schedule 1/Page_Store/select_--Select--Adernaline 0.'

2018-06-04 19:02:51 - [MESSAGE][PASSED] - All options with index in [2] are selected on object 'Object Repository/Store Request Schedule 1/Page_Store/select_--Select--Adernaline 0.'

2018-06-04 19:02:51 - [TEST_STEP][PASSED] - setText: Text '100' is set on object 'Object Repository/Store Request Schedule 1/Page_Store/input_txttreat'

2018-06-04 19:02:51 - [MESSAGE][PASSED] - Text '100' is set on object 'Object Repository/Store Request Schedule 1/Page_Store/input_txttreat'

2018-06-04 19:02:51 - [TEST_STEP][PASSED] - click: Object: 'Object Repository/Store Request Schedule 1/Page_Store/button_Add' is clicked on

2018-06-04 19:02:51 - [MESSAGE][PASSED] - Object: 'Object Repository/Store Request Schedule 1/Page_Store/button_Add' is clicked on

2018-06-04 19:02:51 - [TEST_STEP][PASSED] - selectOptionByIndex: All options with index in [8] are selected on object 'Object Repository/Store Request Schedule 1/Page_Store/select_--Select--Schedule 1Inj'

2018-06-04 19:02:51 - [MESSAGE][PASSED] - All options with index in [8] are selected on object 'Object Repository/Store Request Schedule 1/Page_Store/select_--Select--Schedule 1Inj'

2018-06-04 19:02:51 - [TEST_STEP][PASSED] - delay: Delayed 1 second(s)

2018-06-04 19:02:52 - [MESSAGE][PASSED] - Delayed 1 second(s)

2018-06-04 19:02:52 - [TEST_STEP][PASSED] - selectOptionByIndex: All options with index in [3] are selected on object 'Object Repository/Store Request Schedule 1/Page_Store/select_--Select--Adernaline 0.'

2018-06-04 19:02:52 - [MESSAGE][PASSED] - All options with index in [3] are selected on object 'Object Repository/Store Request Schedule 1/Page_Store/select_--Select--Adernaline 0.'

2018-06-04 19:02:52 - [TEST_STEP][PASSED] - setText: Text '100' is set on object 'Object Repository/Store Request Schedule 1/Page_Store/input_txttreat'

2018-06-04 19:02:52 - [MESSAGE][PASSED] - Text '100' is set on object 'Object Repository/Store Request Schedule 1/Page_Store/input_txttreat'

2018-06-04 19:02:52 - [TEST_STEP][PASSED] - click: Object: 'Object Repository/Store Request Schedule 1/Page_Store/button_Add' is clicked on

2018-06-04 19:02:52 - [MESSAGE][PASSED] - Object: 'Object Repository/Store Request Schedule 1/Page_Store/button_Add' is clicked on

2018-06-04 19:02:52 - [TEST_STEP][PASSED] - selectOptionByIndex: All options with index in [8] are selected on object 'Object Repository/Store Request Schedule 1/Page_Store/select_--Select--Schedule 1Inj'

2018-06-04 19:02:52 - [MESSAGE][PASSED] - All options with index in [8] are selected on object 'Object Repository/Store Request Schedule 1/Page_Store/select_--Select--Schedule 1Inj'

2018-06-04 19:02:52 - [TEST_STEP][PASSED] - delay: Delayed 1 second(s)

2018-06-04 19:02:53 - [MESSAGE][PASSED] - Delayed 1 second(s)

2018-06-04 19:02:53 - [TEST_STEP][PASSED] - selectOptionByIndex: All options with index in [4] are selected on object 'Object Repository/Store Request Schedule 1/Page_Store/select_--Select--Adernaline 0.'

2018-06-04 19:02:54 - [MESSAGE][PASSED] - All options with index in [4] are selected on object 'Object Repository/Store Request Schedule 1/Page_Store/select_--Select--Adernaline 0.'

2018-06-04 19:02:54 - [TEST_STEP][PASSED] - setText: Text '100' is set on object 'Object Repository/Store Request Schedule 1/Page_Store/input_txttreat'

2018-06-04 19:02:54 - [MESSAGE][PASSED] - Text '100' is set on object 'Object Repository/Store Request Schedule 1/Page_Store/input_txttreat'

2018-06-04 19:02:54 - [TEST_STEP][PASSED] - click: Object: 'Object Repository/Store Request Schedule 1/Page_Store/button_Add' is clicked on

2018-06-04 19:02:54 - [MESSAGE][PASSED] - Object: 'Object Repository/Store Request Schedule 1/Page_Store/button_Add' is clicked on

2018-06-04 19:02:54 - [TEST_STEP][PASSED] - selectOptionByIndex: All options with index in [8] are selected on object 'Object Repository/Store Request Schedule 1/Page_Store/select_--Select--Schedule 1Inj'

2018-06-04 19:02:54 - [MESSAGE][PASSED] - All options with index in [8] are selected on object 'Object Repository/Store Request Schedule 1/Page_Store/select_--Select--Schedule 1Inj'

2018-06-04 19:02:54 - [TEST_STEP][PASSED] - delay: Delayed 1 second(s)

2018-06-04 19:02:55 - [MESSAGE][PASSED] - Delayed 1 second(s)

2018-06-04 19:02:55 - [TEST_STEP][PASSED] - selectOptionByIndex: All options with index in [5] are selected on object 'Object Repository/Store Request Schedule 1/Page_Store/select_--Select--Adernaline 0.'

2018-06-04 19:02:55 - [MESSAGE][PASSED] - All options with index in [5] are selected on object 'Object Repository/Store Request Schedule 1/Page_Store/select_--Select--Adernaline 0.'

2018-06-04 19:02:55 - [TEST_STEP][PASSED] - setText: Text '100' is set on object 'Object Repository/Store Request Schedule 1/Page_Store/input_txttreat'

2018-06-04 19:02:55 - [MESSAGE][PASSED] - Text '100' is set on object 'Object Repository/Store Request Schedule 1/Page_Store/input_txttreat'

2018-06-04 19:02:55 - [TEST_STEP][PASSED] - click: Object: 'Object Repository/Store Request Schedule 1/Page_Store/button_Add' is clicked on

2018-06-04 19:02:55 - [MESSAGE][PASSED] - Object: 'Object Repository/Store Request Schedule 1/Page_Store/button_Add' is clicked on

2018-06-04 19:02:55 - [TEST_STEP][PASSED] - selectOptionByIndex: All options with index in [8] are selected on object 'Object Repository/Store Request Schedule 1/Page_Store/select_--Select--Schedule 1Inj'

2018-06-04 19:02:55 - [MESSAGE][PASSED] - All options with index in [8] are selected on object 'Object Repository/Store Request Schedule 1/Page_Store/select_--Select--Schedule 1Inj'

2018-06-04 19:02:55 - [TEST_STEP][PASSED] - delay: Delayed 1 second(s)

2018-06-04 19:02:56 - [MESSAGE][PASSED] - Delayed 1 second(s)

2018-06-04 19:02:56 - [TEST_STEP][PASSED] - selectOptionByIndex: All options with index in [6] are selected on object 'Object Repository/Store Request Schedule 1/Page_Store/select_--Select--Adernaline 0.'

2018-06-04 19:02:57 - [MESSAGE][PASSED] - All options with index in [6] are selected on object 'Object Repository/Store Request Schedule 1/Page_Store/select_--Select--Adernaline 0.'

2018-06-04 19:02:57 - [TEST_STEP][PASSED] - setText: Text '100' is set on object 'Object Repository/Store Request Schedule 1/Page_Store/input_txttreat'

2018-06-04 19:02:57 - [MESSAGE][PASSED] - Text '100' is set on object 'Object Repository/Store Request Schedule 1/Page_Store/input_txttreat'

2018-06-04 19:02:57 - [TEST_STEP][PASSED] - click: Object: 'Object Repository/Store Request Schedule 1/Page_Store/button_Add' is clicked on

2018-06-04 19:02:57 - [MESSAGE][PASSED] - Object: 'Object Repository/Store Request Schedule 1/Page_Store/button_Add' is clicked on

2018-06-04 19:02:57 - [TEST_STEP][PASSED] - selectOptionByIndex: All options with index in [8] are selected on object 'Object Repository/Store Request Schedule 1/Page_Store/select_--Select--Schedule 1Inj'

2018-06-04 19:02:57 - [MESSAGE][PASSED] - All options with index in [8] are selected on object 'Object Repository/Store Request Schedule 1/Page_Store/select_--Select--Schedule 1Inj'

2018-06-04 19:02:57 - [TEST_STEP][PASSED] - delay: Delayed 1 second(s)

2018-06-04 19:02:58 - [MESSAGE][PASSED] - Delayed 1 second(s)

2018-06-04 19:02:58 - [TEST_STEP][PASSED] - selectOptionByIndex: All options with index in [7] are selected on object 'Object Repository/Store Request Schedule 1/Page_Store/select_--Select--Adernaline 0.'

2018-06-04 19:02:58 - [MESSAGE][PASSED] - All options with index in [7] are selected on object 'Object Repository/Store Request Schedule 1/Page_Store/select_--Select--Adernaline 0.'

2018-06-04 19:02:58 - [TEST_STEP][PASSED] - setText: Text '100' is set on object 'Object Repository/Store Request Schedule 1/Page_Store/input_txttreat'

2018-06-04 19:02:58 - [MESSAGE][PASSED] - Text '100' is set on object 'Object Repository/Store Request Schedule 1/Page_Store/input_txttreat'

2018-06-04 19:02:58 - [TEST_STEP][PASSED] - click: Object: 'Object Repository/Store Request Schedule 1/Page_Store/button_Add' is clicked on

2018-06-04 19:02:58 - [MESSAGE][PASSED] - Object: 'Object Repository/Store Request Schedule 1/Page_Store/button_Add' is clicked on

2018-06-04 19:02:58 - [TEST_STEP][PASSED] - selectOptionByIndex: All options with index in [8] are selected on object 'Object Repository/Store Request Schedule 1/Page_Store/select_--Select--Schedule 1Inj'

2018-06-04 19:02:58 - [MESSAGE][PASSED] - All options with index in [8] are selected on object 'Object Repository/Store Request Schedule 1/Page_Store/select_--Select--Schedule 1Inj'

2018-06-04 19:02:58 - [TEST_STEP][PASSED] - delay: Delayed 1 second(s)

2018-06-04 19:02:59 - [MESSAGE][PASSED] - Delayed 1 second(s)

2018-06-04 19:02:59 - [TEST_STEP][PASSED] - selectOptionByIndex: All options with index in [8] are selected on object 'Object Repository/Store Request Schedule 1/Page_Store/select_--Select--Adernaline 0.'

2018-06-04 19:03:00 - [MESSAGE][PASSED] - All options with index in [8] are selected on object 'Object Repository/Store Request Schedule 1/Page_Store/select_--Select--Adernaline 0.'

2018-06-04 19:03:00 - [TEST_STEP][PASSED] - setText: Text '100' is set on object 'Object Repository/Store Request Schedule 1/Page_Store/input_txttreat'

2018-06-04 19:03:00 - [MESSAGE][PASSED] - Text '100' is set on object 'Object Repository/Store Request Schedule 1/Page_Store/input_txttreat'

2018-06-04 19:03:00 - [TEST_STEP][PASSED] - click: Object: 'Object Repository/Store Request Schedule 1/Page_Store/button_Add' is clicked on

2018-06-04 19:03:00 - [MESSAGE][PASSED] - Object: 'Object Repository/Store Request Schedule 1/Page_Store/button_Add' is clicked on

2018-06-04 19:03:00 - [TEST_STEP][PASSED] - selectOptionByIndex: All options with index in [8] are selected on object 'Object Repository/Store Request Schedule 1/Page_Store/select_--Select--Schedule 1Inj'

2018-06-04 19:03:00 - [MESSAGE][PASSED] - All options with index in [8] are selected on object 'Object Repository/Store Request Schedule 1/Page_Store/select_--Select--Schedule 1Inj'

2018-06-04 19:03:00 - [TEST_STEP][PASSED] - delay: Delayed 1 second(s)

2018-06-04 19:03:01 - [MESSAGE][PASSED] - Delayed 1 second(s)

2018-06-04 19:03:01 - [TEST_STEP][PASSED] - selectOptionByIndex: All options with index in [9] are selected on object 'Object Repository/Store Request Schedule 1/Page_Store/select_--Select--Adernaline 0.'

2018-06-04 19:03:01 - [MESSAGE][PASSED] - All options with index in [9] are selected on object 'Object Repository/Store Request Schedule 1/Page_Store/select_--Select--Adernaline 0.'

2018-06-04 19:03:01 - [TEST_STEP][PASSED] - setText: Text '100' is set on object 'Object Repository/Store Request Schedule 1/Page_Store/input_txttreat'

2018-06-04 19:03:01 - [MESSAGE][PASSED] - Text '100' is set on object 'Object Repository/Store Request Schedule 1/Page_Store/input_txttreat'

2018-06-04 19:03:01 - [TEST_STEP][PASSED] - click: Object: 'Object Repository/Store Request Schedule 1/Page_Store/button_Add' is clicked on

2018-06-04 19:03:01 - [MESSAGE][PASSED] - Object: 'Object Repository/Store Request Schedule 1/Page_Store/button_Add' is clicked on

2018-06-04 19:03:01 - [TEST_STEP][PASSED] - selectOptionByIndex: All options with index in [8] are selected on object 'Object Repository/Store Request Schedule 1/Page_Store/select_--Select--Schedule 1Inj'

2018-06-04 19:03:02 - [MESSAGE][PASSED] - All options with index in [8] are selected on object 'Object Repository/Store Request Schedule 1/Page_Store/select_--Select--Schedule 1Inj'

2018-06-04 19:03:02 - [TEST_STEP][PASSED] - delay: Delayed 1 second(s)

2018-06-04 19:03:03 - [MESSAGE][PASSED] - Delayed 1 second(s)

2018-06-04 19:03:03 - [TEST_STEP][PASSED] - selectOptionByIndex: All options with index in [10] are selected on object 'Object Repository/Store Request Schedule 1/Page_Store/select_--Select--Adernaline 0.'

2018-06-04 19:03:03 - [MESSAGE][PASSED] - All options with index in [10] are selected on object 'Object Repository/Store Request Schedule 1/Page_Store/select_--Select--Adernaline 0.'

2018-06-04 19:03:03 - [TEST_STEP][PASSED] - setText: Text '100' is set on object 'Object Repository/Store Request Schedule 1/Page_Store/input_txttreat'

2018-06-04 19:03:03 - [MESSAGE][PASSED] - Text '100' is set on object 'Object Repository/Store Request Schedule 1/Page_Store/input_txttreat'

2018-06-04 19:03:03 - [TEST_STEP][PASSED] - click: Object: 'Object Repository/Store Request Schedule 1/Page_Store/button_Add' is clicked on

2018-06-04 19:03:03 - [MESSAGE][PASSED] - Object: 'Object Repository/Store Request Schedule 1/Page_Store/button_Add' is clicked on

2018-06-04 19:03:03 - [TEST_STEP][PASSED] - selectOptionByIndex: All options with index in [8] are selected on object 'Object Repository/Store Request Schedule 1/Page_Store/select_--Select--Schedule 1Inj'

2018-06-04 19:03:03 - [MESSAGE][PASSED] - All options with index in [8] are selected on object 'Object Repository/Store Request Schedule 1/Page_Store/select_--Select--Schedule 1Inj'

2018-06-04 19:03:03 - [TEST_STEP][PASSED] - delay: Delayed 1 second(s)

2018-06-04 19:03:04 - [MESSAGE][PASSED] - Delayed 1 second(s)

2018-06-04 19:03:04 - [TEST_STEP][PASSED] - selectOptionByIndex: All options with index in [11] are selected on object 'Object Repository/Store Request Schedule 1/Page_Store/select_--Select--Adernaline 0.'

2018-06-04 19:03:04 - [MESSAGE][PASSED] - All options with index in [11] are selected on object 'Object Repository/Store Request Schedule 1/Page_Store/select_--Select--Adernaline 0.'

2018-06-04 19:03:04 - [TEST_STEP][PASSED] - setText: Text '100' is set on object 'Object Repository/Store Request Schedule 1/Page_Store/input_txttreat'

2018-06-04 19:03:04 - [MESSAGE][PASSED] - Text '100' is set on object 'Object Repository/Store Request Schedule 1/Page_Store/input_txttreat'

2018-06-04 19:03:04 - [TEST_STEP][PASSED] - click: Object: 'Object Repository/Store Request Schedule 1/Page_Store/button_Add' is clicked on

2018-06-04 19:03:04 - [MESSAGE][PASSED] - Object: 'Object Repository/Store Request Schedule 1/Page_Store/button_Add' is clicked on

2018-06-04 19:03:04 - [TEST_STEP][PASSED] - selectOptionByIndex: All options with index in [8] are selected on object 'Object Repository/Store Request Schedule 1/Page_Store/select_--Select--Schedule 1Inj'

2018-06-04 19:03:05 - [MESSAGE][PASSED] - All options with index in [8] are selected on object 'Object Repository/Store Request Schedule 1/Page_Store/select_--Select--Schedule 1Inj'

2018-06-04 19:03:05 - [TEST_STEP][PASSED] - delay: Delayed 1 second(s)

2018-06-04 19:03:06 - [MESSAGE][PASSED] - Delayed 1 second(s)

2018-06-04 19:03:06 - [TEST_STEP][PASSED] - selectOptionByIndex: All options with index in [12] are selected on object 'Object Repository/Store Request Schedule 1/Page_Store/select_--Select--Adernaline 0.'

2018-06-04 19:03:06 - [MESSAGE][PASSED] - All options with index in [12] are selected on object 'Object Repository/Store Request Schedule 1/Page_Store/select_--Select--Adernaline 0.'

2018-06-04 19:03:06 - [TEST_STEP][PASSED] - setText: Text '100' is set on object 'Object Repository/Store Request Schedule 1/Page_Store/input_txttreat'

2018-06-04 19:03:06 - [MESSAGE][PASSED] - Text '100' is set on object 'Object Repository/Store Request Schedule 1/Page_Store/input_txttreat'

2018-06-04 19:03:06 - [TEST_STEP][PASSED] - click: Object: 'Object Repository/Store Request Schedule 1/Page_Store/button_Add' is clicked on

2018-06-04 19:03:06 - [MESSAGE][PASSED] - Object: 'Object Repository/Store Request Schedule 1/Page_Store/button_Add' is clicked on

2018-06-04 19:03:06 - [TEST_STEP][PASSED] - selectOptionByIndex: All options with index in [8] are selected on object 'Object Repository/Store Request Schedule 1/Page_Store/select_--Select--Schedule 1Inj'

2018-06-04 19:03:06 - [MESSAGE][PASSED] - All options with index in [8] are selected on object 'Object Repository/Store Request Schedule 1/Page_Store/select_--Select--Schedule 1Inj'

2018-06-04 19:03:06 - [TEST_STEP][PASSED] - delay: Delayed 1 second(s)

2018-06-04 19:03:07 - [MESSAGE][PASSED] - Delayed 1 second(s)

2018-06-04 19:03:07 - [TEST_STEP][PASSED] - selectOptionByIndex: All options with index in [13] are selected on object 'Object Repository/Store Request Schedule 1/Page_Store/select_--Select--Adernaline 0.'

2018-06-04 19:03:08 - [MESSAGE][PASSED] - All options with index in [13] are selected on object 'Object Repository/Store Request Schedule 1/Page_Store/select_--Select--Adernaline 0.'

2018-06-04 19:03:08 - [TEST_STEP][PASSED] - setText: Text '100' is set on object 'Object Repository/Store Request Schedule 1/Page_Store/input_txttreat'

2018-06-04 19:03:08 - [MESSAGE][PASSED] - Text '100' is set on object 'Object Repository/Store Request Schedule 1/Page_Store/input_txttreat'

2018-06-04 19:03:08 - [TEST_STEP][PASSED] - click: Object: 'Object Repository/Store Request Schedule 1/Page_Store/button_Add' is clicked on

2018-06-04 19:03:08 - [MESSAGE][PASSED] - Object: 'Object Repository/Store Request Schedule 1/Page_Store/button_Add' is clicked on

2018-06-04 19:03:08 - [TEST_STEP][PASSED] - selectOptionByIndex: All options with index in [8] are selected on object 'Object Repository/Store Request Schedule 1/Page_Store/select_--Select--Schedule 1Inj'

2018-06-04 19:03:08 - [MESSAGE][PASSED] - All options with index in [8] are selected on object 'Object Repository/Store Request Schedule 1/Page_Store/select_--Select--Schedule 1Inj'

2018-06-04 19:03:08 - [TEST_STEP][PASSED] - delay: Delayed 1 second(s)

2018-06-04 19:03:09 - [MESSAGE][PASSED] - Delayed 1 second(s)

2018-06-04 19:03:09 - [TEST_STEP][PASSED] - selectOptionByIndex: All options with index in [14] are selected on object 'Object Repository/Store Request Schedule 1/Page_Store/select_--Select--Adernaline 0.'

2018-06-04 19:03:09 - [MESSAGE][PASSED] - All options with index in [14] are selected on object 'Object Repository/Store Request Schedule 1/Page_Store/select_--Select--Adernaline 0.'

2018-06-04 19:03:09 - [TEST_STEP][PASSED] - setText: Text '100' is set on object 'Object Repository/Store Request Schedule 1/Page_Store/input_txttreat'

2018-06-04 19:03:09 - [MESSAGE][PASSED] - Text '100' is set on object 'Object Repository/Store Request Schedule 1/Page_Store/input_txttreat'

2018-06-04 19:03:09 - [TEST_STEP][PASSED] - click: Object: 'Object Repository/Store Request Schedule 1/Page_Store/button_Add' is clicked on

2018-06-04 19:03:09 - [MESSAGE][PASSED] - Object: 'Object Repository/Store Request Schedule 1/Page_Store/button_Add' is clicked on

2018-06-04 19:03:09 - [TEST_STEP][PASSED] - selectOptionByIndex: All options with index in [8] are selected on object 'Object Repository/Store Request Schedule 1/Page_Store/select_--Select--Schedule 1Inj'

2018-06-04 19:03:09 - [MESSAGE][PASSED] - All options with index in [8] are selected on object 'Object Repository/Store Request Schedule 1/Page_Store/select_--Select--Schedule 1Inj'

2018-06-04 19:03:09 - [TEST_STEP][PASSED] - delay: Delayed 1 second(s)

2018-06-04 19:03:10 - [MESSAGE][PASSED] - Delayed 1 second(s)

2018-06-04 19:03:10 - [TEST_STEP][PASSED] - selectOptionByIndex: All options with index in [15] are selected on object 'Object Repository/Store Request Schedule 1/Page_Store/select_--Select--Adernaline 0.'

2018-06-04 19:03:11 - [MESSAGE][PASSED] - All options with index in [15] are selected on object 'Object Repository/Store Request Schedule 1/Page_Store/select_--Select--Adernaline 0.'

2018-06-04 19:03:11 - [TEST_STEP][PASSED] - setText: Text '100' is set on object 'Object Repository/Store Request Schedule 1/Page_Store/input_txttreat'

2018-06-04 19:03:11 - [MESSAGE][PASSED] - Text '100' is set on object 'Object Repository/Store Request Schedule 1/Page_Store/input_txttreat'

2018-06-04 19:03:11 - [TEST_STEP][PASSED] - click: Object: 'Object Repository/Store Request Schedule 1/Page_Store/button_Add' is clicked on

2018-06-04 19:03:11 - [MESSAGE][PASSED] - Object: 'Object Repository/Store Request Schedule 1/Page_Store/button_Add' is clicked on

2018-06-04 19:03:11 - [TEST_STEP][PASSED] - selectOptionByIndex: All options with index in [8] are selected on object 'Object Repository/Store Request Schedule 1/Page_Store/select_--Select--Schedule 1Inj'

2018-06-04 19:03:11 - [MESSAGE][PASSED] - All options with index in [8] are selected on object 'Object Repository/Store Request Schedule 1/Page_Store/select_--Select--Schedule 1Inj'

2018-06-04 19:03:11 - [TEST_STEP][PASSED] - delay: Delayed 1 second(s)

2018-06-04 19:03:12 - [MESSAGE][PASSED] - Delayed 1 second(s)

2018-06-04 19:03:12 - [TEST_STEP][PASSED] - selectOptionByIndex: All options with index in [16] are selected on object 'Object Repository/Store Request Schedule 1/Page_Store/select_--Select--Adernaline 0.'

2018-06-04 19:03:12 - [MESSAGE][PASSED] - All options with index in [16] are selected on object 'Object Repository/Store Request Schedule 1/Page_Store/select_--Select--Adernaline 0.'

2018-06-04 19:03:12 - [TEST_STEP][PASSED] - setText: Text '100' is set on object 'Object Repository/Store Request Schedule 1/Page_Store/input_txttreat'

2018-06-04 19:03:12 - [MESSAGE][PASSED] - Text '100' is set on object 'Object Repository/Store Request Schedule 1/Page_Store/input_txttreat'

2018-06-04 19:03:12 - [TEST_STEP][PASSED] - click: Object: 'Object Repository/Store Request Schedule 1/Page_Store/button_Add' is clicked on

2018-06-04 19:03:13 - [MESSAGE][PASSED] - Object: 'Object Repository/Store Request Schedule 1/Page_Store/button_Add' is clicked on

2018-06-04 19:03:13 - [TEST_STEP][PASSED] - selectOptionByIndex: All options with index in [8] are selected on object 'Object Repository/Store Request Schedule 1/Page_Store/select_--Select--Schedule 1Inj'

2018-06-04 19:03:13 - [MESSAGE][PASSED] - All options with index in [8] are selected on object 'Object Repository/Store Request Schedule 1/Page_Store/select_--Select--Schedule 1Inj'

2018-06-04 19:03:13 - [TEST_STEP][PASSED] - delay: Delayed 1 second(s)

2018-06-04 19:03:14 - [MESSAGE][PASSED] - Delayed 1 second(s)

2018-06-04 19:03:14 - [TEST_STEP][PASSED] - selectOptionByIndex: All options with index in [17] are selected on object 'Object Repository/Store Request Schedule 1/Page_Store/select_--Select--Adernaline 0.'

2018-06-04 19:03:14 - [MESSAGE][PASSED] - All options with index in [17] are selected on object 'Object Repository/Store Request Schedule 1/Page_Store/select_--Select--Adernaline 0.'

2018-06-04 19:03:14 - [TEST_STEP][PASSED] - setText: Text '100' is set on object 'Object Repository/Store Request Schedule 1/Page_Store/input_txttreat'

2018-06-04 19:03:14 - [MESSAGE][PASSED] - Text '100' is set on object 'Object Repository/Store Request Schedule 1/Page_Store/input_txttreat'

2018-06-04 19:03:14 - [TEST_STEP][PASSED] - click: Object: 'Object Repository/Store Request Schedule 1/Page_Store/button_Add' is clicked on

2018-06-04 19:03:14 - [MESSAGE][PASSED] - Object: 'Object Repository/Store Request Schedule 1/Page_Store/button_Add' is clicked on

2018-06-04 19:03:14 - [TEST_STEP][PASSED] - delay: Delayed 2 second(s)

2018-06-04 19:03:16 - [MESSAGE][PASSED] - Delayed 2 second(s)

2018-06-04 19:03:16 - [TEST_STEP][PASSED] - scrollToElement: Scroll to object 'Object Repository/Store Request Schedule 1/Page_Store/input_btnsave' successfully

2018-06-04 19:03:16 - [MESSAGE][PASSED] - Scroll to object 'Object Repository/Store Request Schedule 1/Page_Store/input_btnsave' successfully

2018-06-04 19:03:16 - [TEST_STEP][PASSED] - click: Object: 'Object Repository/Store Request Schedule 1/Page_Store/input_btnsave' is clicked on

2018-06-04 19:03:16 - [MESSAGE][PASSED] - Object: 'Object Repository/Store Request Schedule 1/Page_Store/input_btnsave' is clicked on

2018-06-04 19:03:16 - [TEST_STEP][PASSED] - delay: Delayed 4 second(s)

2018-06-04 19:03:20 - [MESSAGE][PASSED] - Delayed 4 second(s)

2018-06-04 19:03:20 - [TEST_STEP][PASSED] - Statement - Cms_RequestNumber = com.kms.katalon.core.webui.keyword.WebUiBuiltInKeywords.getText(com.kms.katalon.core.testobject.ObjectRepository.findTestObject(Store Request Schedule 1/Page_Store/font_PRNO050520189)): Text of object 'Object Repository/Store Request Schedule 1/Page_Store/font_PRNO050520189' is: 'PRNO/04062018/596'

2018-06-04 19:03:20 - [MESSAGE][PASSED] - Text of object 'Object Repository/Store Request Schedule 1/Page_Store/font_PRNO050520189' is: 'PRNO/04062018/596'

2018-06-04 19:03:20 - [TEST_STEP][PASSED] - Statement - CR = Cms_RequestNumber.trim(): null

2018-06-04 19:03:20 - [TEST_STEP][PASSED] - Statement - out.println("RQ :" + Cms_RequestNumber): null

2018-06-04 19:03:20 - [TEST_STEP][PASSED] - Statement - RequestNumberID = Cms_RequestNumber.split("/")[2].trim(): null

2018-06-04 19:03:20 - [TEST_STEP][PASSED] - Statement - out.println("RQ ID :" + RequestNumberID): null

2018-06-04 19:03:20 - [TEST_STEP][PASSED] - delay: Delayed 3 second(s)

2018-06-04 19:03:23 - [MESSAGE][PASSED] - Delayed 3 second(s)

2018-06-04 19:03:23 - [TEST_STEP][PASSED] - Statement - ok = com.kms.katalon.core.webui.keyword.WebUiBuiltInKeywords.click(com.kms.katalon.core.testobject.ObjectRepository.findTestObject(Store Request Schedule 1/Page_Store/button_OK)): Object: 'Object Repository/Store Request Schedule 1/Page_Store/button_OK' is clicked on

2018-06-04 19:03:24 - [MESSAGE][PASSED] - Object: 'Object Repository/Store Request Schedule 1/Page_Store/button_OK' is clicked on

2018-06-04 19:03:24 - [TEST_STEP][PASSED] - delay: Delayed 3 second(s)

2018-06-04 19:03:27 - [MESSAGE][PASSED] - Delayed 3 second(s)

2018-06-04 19:03:27 - [TEST_STEP][PASSED] - click: Object: 'Object Repository/Store Request Schedule 1/Page_Store/a_dropdown-toggle' is clicked on

2018-06-04 19:03:27 - [MESSAGE][PASSED] - Object: 'Object Repository/Store Request Schedule 1/Page_Store/a_dropdown-toggle' is clicked on

2018-06-04 19:03:27 - [TEST_STEP][PASSED] - click: Object: 'Object Repository/Store Request Schedule 1/Page_Store/a_Sign out' is clicked on

2018-06-04 19:03:28 - [MESSAGE][PASSED] - Object: 'Object Repository/Store Request Schedule 1/Page_Store/a_Sign out' is clicked on

2018-06-04 19:03:28 - [TEST_STEP][PASSED] - delay: Delayed 3 second(s)

2018-06-04 19:03:31 - [MESSAGE][PASSED] - Delayed 3 second(s)

2018-06-04 19:03:31 - [TEST_STEP][PASSED] - click: Object: 'Object Repository/Store Request Schedule 1/Page_KDMC/a_CMO' is clicked on

2018-06-04 19:03:32 - [MESSAGE][PASSED] - Object: 'Object Repository/Store Request Schedule 1/Page_KDMC/a_CMO' is clicked on

2018-06-04 19:03:32 - [TEST_STEP][PASSED] - setText: Text 'guru' is set on object 'Object Repository/Store Request Schedule 1/Page_CMO login/input_txtusername'

2018-06-04 19:03:32 - [MESSAGE][PASSED] - Text 'guru' is set on object 'Object Repository/Store Request Schedule 1/Page_CMO login/input_txtusername'

2018-06-04 19:03:32 - [TEST_STEP][PASSED] - setText: Text '123' is set on object 'Object Repository/Store Request Schedule 1/Page_CMO login/input_txtpassword'

2018-06-04 19:03:32 - [MESSAGE][PASSED] - Text '123' is set on object 'Object Repository/Store Request Schedule 1/Page_CMO login/input_txtpassword'

2018-06-04 19:03:32 - [TEST_STEP][PASSED] - delay: Delayed 3 second(s)

2018-06-04 19:03:35 - [MESSAGE][PASSED] - Delayed 3 second(s)

2018-06-04 19:03:35 - [TEST_STEP][PASSED] - click: Object: 'Object Repository/Store Request Schedule 1/Page_CMO login/button_Sign in' is clicked on

2018-06-04 19:03:36 - [MESSAGE][PASSED] - Object: 'Object Repository/Store Request Schedule 1/Page_CMO login/button_Sign in' is clicked on

2018-06-04 19:03:36 - [TEST_STEP][PASSED] - delay: Delayed 2 second(s)

2018-06-04 19:03:38 - [MESSAGE][PASSED] - Delayed 2 second(s)

2018-06-04 19:03:38 - [TEST_STEP][PASSED] - click: Object: 'Object Repository/Store Request Schedule 1/Page_KDMC - CMO/span_Department Wise Request' is clicked on

2018-06-04 19:03:39 - [MESSAGE][PASSED] - Object: 'Object Repository/Store Request Schedule 1/Page_KDMC - CMO/span_Department Wise Request' is clicked on

2018-06-04 19:03:39 - [TEST_STEP][PASSED] - click: Object: 'Object Repository/Store Request Schedule 1/Page_KDMC - CMO/a_CMS Request' is clicked on

2018-06-04 19:03:39 - [MESSAGE][PASSED] - Object: 'Object Repository/Store Request Schedule 1/Page_KDMC - CMO/a_CMS Request' is clicked on

2018-06-04 19:03:39 - [TEST_STEP][PASSED] - click: Object: 'Object Repository/Store Request Schedule 1/Page_KDMC - CMO/a_CMS Request' is clicked on

2018-06-04 19:03:39 - [MESSAGE][PASSED] - Object: 'Object Repository/Store Request Schedule 1/Page_KDMC - CMO/a_CMS Request' is clicked on

2018-06-04 19:03:39 - [TEST_STEP][PASSED] - click: Object: 'Object Repository/Store Request Schedule 1/Page_KDMC - CMO/span_Divisional Store Request' is clicked on

2018-06-04 19:03:41 - [MESSAGE][PASSED] - Object: 'Object Repository/Store Request Schedule 1/Page_KDMC - CMO/span_Divisional Store Request' is clicked on

2018-06-04 19:03:41 - [TEST_STEP][PASSED] - delay: Delayed 2 second(s)

2018-06-04 19:03:43 - [MESSAGE][PASSED] - Delayed 2 second(s)

2018-06-04 19:03:43 - [TEST_STEP][PASSED] - Statement - approval = com.kms.katalon.core.webui.keyword.WebUiBuiltInKeywords.modifyObjectProperty(com.kms.katalon.core.testobject.ObjectRepository.findTestObject(Store Request Schedule 1/Page_KDMC - CMO/input_PRNO050520189), "xpath", "equals", "//*[@id=" + RequestNumberID + "]", true): Modify property of object successfully

2018-06-04 19:03:43 - [MESSAGE][PASSED] - Modify property of object successfully

2018-06-04 19:03:43 - [TEST_STEP][PASSED] - click: Object: 'Object Repository/Store Request Schedule 1/Page_KDMC - CMO/input_PRNO050520189' is clicked on

2018-06-04 19:03:43 - [MESSAGE][PASSED] - Object: 'Object Repository/Store Request Schedule 1/Page_KDMC - CMO/input_PRNO050520189' is clicked on

2018-06-04 19:03:43 - [TEST_STEP][PASSED] - delay: Delayed 2 second(s)

2018-06-04 19:03:45 - [MESSAGE][PASSED] - Delayed 2 second(s)

2018-06-04 19:03:45 - [TEST_STEP][PASSED] - selectOptionByIndex: All options with index in [1] are selected on object 'Object Repository/Store Request Schedule 1/Page_KDMC - CMO/select_--Select--'

2018-06-04 19:03:45 - [MESSAGE][PASSED] - All options with index in [1] are selected on object 'Object Repository/Store Request Schedule 1/Page_KDMC - CMO/select_--Select--'

2018-06-04 19:03:45 - [TEST_STEP][PASSED] - click: Object: 'Object Repository/Store Request Schedule 1/Page_KDMC - CMO/input_btnupdate' is clicked on

2018-06-04 19:03:45 - [MESSAGE][PASSED] - Object: 'Object Repository/Store Request Schedule 1/Page_KDMC - CMO/input_btnupdate' is clicked on

2018-06-04 19:03:45 - [TEST_STEP][PASSED] - delay: Delayed 2 second(s)

2018-06-04 19:03:47 - [MESSAGE][PASSED] - Delayed 2 second(s)

2018-06-04 19:03:47 - [TEST_STEP][PASSED] - click: Object: 'Object Repository/Store Request Schedule 1/Page_KDMC - CMO/button_OK' is clicked on

2018-06-04 19:03:47 - [MESSAGE][PASSED] - Object: 'Object Repository/Store Request Schedule 1/Page_KDMC - CMO/button_OK' is clicked on

2018-06-04 19:03:47 - [TEST_STEP][PASSED] - delay: Delayed 2 second(s)

2018-06-04 19:03:49 - [MESSAGE][PASSED] - Delayed 2 second(s)

2018-06-04 19:03:49 - [TEST_STEP][PASSED] - click: Object: 'Object Repository/Store Request Schedule 1/Page_KDMC - CMO/a_dropdown-toggle' is clicked on

2018-06-04 19:03:50 - [MESSAGE][PASSED] - Object: 'Object Repository/Store Request Schedule 1/Page_KDMC - CMO/a_dropdown-toggle' is clicked on

2018-06-04 19:03:50 - [TEST_STEP][PASSED] - click: Object: 'Object Repository/Store Request Schedule 1/Page_KDMC - CMO/a_Sign out' is clicked on

2018-06-04 19:03:50 - [MESSAGE][PASSED] - Object: 'Object Repository/Store Request Schedule 1/Page_KDMC - CMO/a_Sign out' is clicked on

2018-06-04 19:03:50 - [TEST_STEP][PASSED] - delay: Delayed 3 second(s)

2018-06-04 19:03:53 - [MESSAGE][PASSED] - Delayed 3 second(s)

2018-06-04 19:03:53 - [TEST_STEP][PASSED] - click: Object: 'Object Repository/store Request Schedule 1/Page_KDMC/a_CMS' is clicked on

2018-06-04 19:03:53 - [MESSAGE][PASSED] - Object: 'Object Repository/store Request Schedule 1/Page_KDMC/a_CMS' is clicked on

2018-06-04 19:03:53 - [TEST_STEP][PASSED] - setText: Text 'bala' is set on object 'Object Repository/store Request Schedule 1/Page_CMS login/input_txtusername'

2018-06-04 19:03:53 - [MESSAGE][PASSED] - Text 'bala' is set on object 'Object Repository/store Request Schedule 1/Page_CMS login/input_txtusername'

2018-06-04 19:03:53 - [TEST_STEP][PASSED] - setText: Text '123' is set on object 'Object Repository/store Request Schedule 1/Page_CMS login/input_txtpassword'

2018-06-04 19:03:54 - [MESSAGE][PASSED] - Text '123' is set on object 'Object Repository/store Request Schedule 1/Page_CMS login/input_txtpassword'

2018-06-04 19:03:54 - [TEST_STEP][PASSED] - delay: Delayed 3 second(s)

2018-06-04 19:03:57 - [MESSAGE][PASSED] - Delayed 3 second(s)

2018-06-04 19:03:57 - [TEST_STEP][PASSED] - click: Object: 'Object Repository/store Request Schedule 1/Page_CMS login/button_Sign in' is clicked on

2018-06-04 19:03:57 - [MESSAGE][PASSED] - Object: 'Object Repository/store Request Schedule 1/Page_CMS login/button_Sign in' is clicked on

2018-06-04 19:03:57 - [TEST_STEP][PASSED] - delay: Delayed 2 second(s)

2018-06-04 19:03:59 - [MESSAGE][PASSED] - Delayed 2 second(s)

2018-06-04 19:03:59 - [TEST_STEP][PASSED] - click: Object: 'Object Repository/store Request Schedule 1/Page_KDMC - CMS/a_Divisional Store' is clicked on

2018-06-04 19:04:00 - [MESSAGE][PASSED] - Object: 'Object Repository/store Request Schedule 1/Page_KDMC - CMS/a_Divisional Store' is clicked on

2018-06-04 19:04:00 - [TEST_STEP][PASSED] - delay: Delayed 2 second(s)

2018-06-04 19:04:02 - [MESSAGE][PASSED] - Delayed 2 second(s)

2018-06-04 19:04:02 - [TEST_STEP][PASSED] - click: Object: 'Object Repository/store Request Schedule 1/Page_KDMC - CMS/a_Dispatch Items' is clicked on

2018-06-04 19:04:02 - [MESSAGE][PASSED] - Object: 'Object Repository/store Request Schedule 1/Page_KDMC - CMS/a_Dispatch Items' is clicked on

2018-06-04 19:04:02 - [TEST_STEP][PASSED] - setText: Text 'PRNO/04062018/596' is set on object 'Object Repository/store Request Schedule 1/Page_KDMC - CMS/input'

2018-06-04 19:04:02 - [MESSAGE][PASSED] - Text 'PRNO/04062018/596' is set on object 'Object Repository/store Request Schedule 1/Page_KDMC - CMS/input'

2018-06-04 19:04:02 - [TEST_STEP][PASSED] - click: Object: 'Object Repository/store Request Schedule 1/Page_KDMC - CMS/td_text-center' is clicked on

2018-06-04 19:04:03 - [MESSAGE][PASSED] - Object: 'Object Repository/store Request Schedule 1/Page_KDMC - CMS/td_text-center' is clicked on

2018-06-04 19:04:03 - [TEST_STEP][PASSED] - delay: Delayed 3 second(s)

2018-06-04 19:04:06 - [MESSAGE][PASSED] - Delayed 3 second(s)

2018-06-04 19:04:06 - [TEST_STEP][PASSED] - delay: Delayed 2 second(s)

2018-06-04 19:04:08 - [MESSAGE][PASSED] - Delayed 2 second(s)

2018-06-04 19:04:08 - [TEST_STEP][PASSED] - Statement - For ([row = 0, row < SelectedOptions - 1, (row++)]): null

2018-06-04 19:04:08 - [TEST_STEP][PASSED] - Statement - batchlength = new com.kms.katalon.core.testobject.TestObject(): null

2018-06-04 19:04:08 - [TEST_STEP][PASSED] - Statement - batchlength = com.kms.katalon.core.webui.keyword.WebUiBuiltInKeywords.modifyObjectProperty(batchlength, "xpath", "equals", "//*[@id = "fldvendor" + row + ""]", true): Modify property of object successfully

2018-06-04 19:04:08 - [MESSAGE][PASSED] - Modify property of object successfully

2018-06-04 19:04:08 - [TEST_STEP][PASSED] - Statement - batchsize = com.kms.katalon.core.webui.keyword.WebUiBuiltInKeywords.getNumberOfTotalOption(batchlength): 12 options of object '' counted

2018-06-04 19:04:08 - [MESSAGE][PASSED] - 12 options of object '' counted

2018-06-04 19:04:08 - [TEST_STEP][PASSED] - Statement - out.println("BatchSize : " + batchsize): null

2018-06-04 19:04:08 - [TEST_STEP][PASSED] - Statement - For ([n = 1, n <= batchsize - 1, (n++)]): null

2018-06-04 19:04:08 - [TEST_STEP][PASSED] - Statement - product = new com.kms.katalon.core.testobject.TestObject(): null

2018-06-04 19:04:08 - [TEST_STEP][PASSED] - Statement - product = com.kms.katalon.core.webui.keyword.WebUiBuiltInKeywords.modifyObjectProperty(product, "xpath", "equals", "//*[@id = "fldvendor" + row + ""]", true): Modify property of object successfully

2018-06-04 19:04:08 - [MESSAGE][PASSED] - Modify property of object successfully

2018-06-04 19:04:08 - [TEST_STEP][PASSED] - selectOptionByIndex: All options with index in [1] are selected on object ''

2018-06-04 19:04:08 - [MESSAGE][PASSED] - All options with index in [1] are selected on object ''

2018-06-04 19:04:08 - [TEST_STEP][PASSED] - delay: Delayed 2 second(s)

2018-06-04 19:04:10 - [MESSAGE][PASSED] - Delayed 2 second(s)

2018-06-04 19:04:10 - [TEST_STEP][PASSED] - Statement - batch = new com.kms.katalon.core.testobject.TestObject(): null

2018-06-04 19:04:10 - [TEST_STEP][PASSED] - Statement - batch = com.kms.katalon.core.webui.keyword.WebUiBuiltInKeywords.modifyObjectProperty(batch, "xpath", "equals", "//*[@id = "txtbthqty" + row + ""]", true): Modify property of object successfully

2018-06-04 19:04:10 - [MESSAGE][PASSED] - Modify property of object successfully

2018-06-04 19:04:10 - [TEST_STEP][PASSED] - Statement - batchqty = com.kms.katalon.core.webui.keyword.WebUiBuiltInKeywords.getAttribute(batch, "value").trim(): Attribute 'value' of object '' is: '26700'

2018-06-04 19:04:10 - [MESSAGE][PASSED] - Attribute 'value' of object '' is: '26700'

2018-06-04 19:04:10 - [TEST_STEP][PASSED] - Statement - Rqty = 100: null

2018-06-04 19:04:10 - [TEST_STEP][PASSED] - Statement - out.println("BatchQty : " + batchqty): null

2018-06-04 19:04:10 - [TEST_STEP][PASSED] - Statement - out.println("RQty : " + Rqty): null

2018-06-04 19:04:10 - [TEST_STEP][PASSED] - Statement - If (java.lang.Integer.valueOf(batchqty) >= java.lang.Integer.valueOf(Rqty)): null

2018-06-04 19:04:10 - [TEST_STEP][PASSED] - Statement - Break: null

2018-06-04 19:04:10 - [TEST_STEP][PASSED] - Statement - batchlength = new com.kms.katalon.core.testobject.TestObject(): null

2018-06-04 19:04:10 - [TEST_STEP][PASSED] - Statement - batchlength = com.kms.katalon.core.webui.keyword.WebUiBuiltInKeywords.modifyObjectProperty(batchlength, "xpath", "equals", "//*[@id = "fldvendor" + row + ""]", true): Modify property of object successfully

2018-06-04 19:04:10 - [MESSAGE][PASSED] - Modify property of object successfully

2018-06-04 19:04:10 - [TEST_STEP][PASSED] - Statement - batchsize = com.kms.katalon.core.webui.keyword.WebUiBuiltInKeywords.getNumberOfTotalOption(batchlength): 13 options of object '' counted

2018-06-04 19:04:10 - [MESSAGE][PASSED] - 13 options of object '' counted

2018-06-04 19:04:10 - [TEST_STEP][PASSED] - Statement - out.println("BatchSize : " + batchsize): null

2018-06-04 19:04:10 - [TEST_STEP][PASSED] - Statement - For ([n = 1, n <= batchsize - 1, (n++)]): null

2018-06-04 19:04:10 - [TEST_STEP][PASSED] - Statement - product = new com.kms.katalon.core.testobject.TestObject(): null

2018-06-04 19:04:10 - [TEST_STEP][PASSED] - Statement - product = com.kms.katalon.core.webui.keyword.WebUiBuiltInKeywords.modifyObjectProperty(product, "xpath", "equals", "//*[@id = "fldvendor" + row + ""]", true): Modify property of object successfully

2018-06-04 19:04:10 - [MESSAGE][PASSED] - Modify property of object successfully

2018-06-04 19:04:10 - [TEST_STEP][PASSED] - selectOptionByIndex: All options with index in [1] are selected on object ''

2018-06-04 19:04:10 - [MESSAGE][PASSED] - All options with index in [1] are selected on object ''

2018-06-04 19:04:10 - [TEST_STEP][PASSED] - delay: Delayed 2 second(s)

2018-06-04 19:04:12 - [MESSAGE][PASSED] - Delayed 2 second(s)

2018-06-04 19:04:12 - [TEST_STEP][PASSED] - Statement - batch = new com.kms.katalon.core.testobject.TestObject(): null

2018-06-04 19:04:12 - [TEST_STEP][PASSED] - Statement - batch = com.kms.katalon.core.webui.keyword.WebUiBuiltInKeywords.modifyObjectProperty(batch, "xpath", "equals", "//*[@id = "txtbthqty" + row + ""]", true): Modify property of object successfully

2018-06-04 19:04:12 - [MESSAGE][PASSED] - Modify property of object successfully

2018-06-04 19:04:12 - [TEST_STEP][PASSED] - Statement - batchqty = com.kms.katalon.core.webui.keyword.WebUiBuiltInKeywords.getAttribute(batch, "value").trim(): Attribute 'value' of object '' is: '2700'

2018-06-04 19:04:12 - [MESSAGE][PASSED] - Attribute 'value' of object '' is: '2700'

2018-06-04 19:04:12 - [TEST_STEP][PASSED] - Statement - Rqty = 100: null

2018-06-04 19:04:12 - [TEST_STEP][PASSED] - Statement - out.println("BatchQty : " + batchqty): null

2018-06-04 19:04:12 - [TEST_STEP][PASSED] - Statement - out.println("RQty : " + Rqty): null

2018-06-04 19:04:12 - [TEST_STEP][PASSED] - Statement - If (java.lang.Integer.valueOf(batchqty) >= java.lang.Integer.valueOf(Rqty)): null

2018-06-04 19:04:12 - [TEST_STEP][PASSED] - Statement - Break: null

2018-06-04 19:04:12 - [TEST_STEP][PASSED] - Statement - batchlength = new com.kms.katalon.core.testobject.TestObject(): null

2018-06-04 19:04:12 - [TEST_STEP][PASSED] - Statement - batchlength = com.kms.katalon.core.webui.keyword.WebUiBuiltInKeywords.modifyObjectProperty(batchlength, "xpath", "equals", "//*[@id = "fldvendor" + row + ""]", true): Modify property of object successfully

2018-06-04 19:04:12 - [MESSAGE][PASSED] - Modify property of object successfully

2018-06-04 19:04:12 - [TEST_STEP][PASSED] - Statement - batchsize = com.kms.katalon.core.webui.keyword.WebUiBuiltInKeywords.getNumberOfTotalOption(batchlength): 13 options of object '' counted

2018-06-04 19:04:12 - [MESSAGE][PASSED] - 13 options of object '' counted

2018-06-04 19:04:12 - [TEST_STEP][PASSED] - Statement - out.println("BatchSize : " + batchsize): null

2018-06-04 19:04:12 - [TEST_STEP][PASSED] - Statement - For ([n = 1, n <= batchsize - 1, (n++)]): null

2018-06-04 19:04:12 - [TEST_STEP][PASSED] - Statement - product = new com.kms.katalon.core.testobject.TestObject(): null

2018-06-04 19:04:12 - [TEST_STEP][PASSED] - Statement - product = com.kms.katalon.core.webui.keyword.WebUiBuiltInKeywords.modifyObjectProperty(product, "xpath", "equals", "//*[@id = "fldvendor" + row + ""]", true): Modify property of object successfully

2018-06-04 19:04:12 - [MESSAGE][PASSED] - Modify property of object successfully

2018-06-04 19:04:12 - [TEST_STEP][PASSED] - selectOptionByIndex: All options with index in [1] are selected on object ''

2018-06-04 19:04:12 - [MESSAGE][PASSED] - All options with index in [1] are selected on object ''

2018-06-04 19:04:12 - [TEST_STEP][PASSED] - delay: Delayed 2 second(s)

2018-06-04 19:04:14 - [MESSAGE][PASSED] - Delayed 2 second(s)

2018-06-04 19:04:14 - [TEST_STEP][PASSED] - Statement - batch = new com.kms.katalon.core.testobject.TestObject(): null

2018-06-04 19:04:14 - [TEST_STEP][PASSED] - Statement - batch = com.kms.katalon.core.webui.keyword.WebUiBuiltInKeywords.modifyObjectProperty(batch, "xpath", "equals", "//*[@id = "txtbthqty" + row + ""]", true): Modify property of object successfully

2018-06-04 19:04:14 - [MESSAGE][PASSED] - Modify property of object successfully

2018-06-04 19:04:14 - [TEST_STEP][PASSED] - Statement - batchqty = com.kms.katalon.core.webui.keyword.WebUiBuiltInKeywords.getAttribute(batch, "value").trim(): Attribute 'value' of object '' is: '1700'

2018-06-04 19:04:14 - [MESSAGE][PASSED] - Attribute 'value' of object '' is: '1700'

2018-06-04 19:04:14 - [TEST_STEP][PASSED] - Statement - Rqty = 100: null

2018-06-04 19:04:14 - [TEST_STEP][PASSED] - Statement - out.println("BatchQty : " + batchqty): null

2018-06-04 19:04:14 - [TEST_STEP][PASSED] - Statement - out.println("RQty : " + Rqty): null

2018-06-04 19:04:14 - [TEST_STEP][PASSED] - Statement - If (java.lang.Integer.valueOf(batchqty) >= java.lang.Integer.valueOf(Rqty)): null

2018-06-04 19:04:14 - [TEST_STEP][PASSED] - Statement - Break: null

2018-06-04 19:04:14 - [TEST_STEP][PASSED] - Statement - batchlength = new com.kms.katalon.core.testobject.TestObject(): null

2018-06-04 19:04:14 - [TEST_STEP][PASSED] - Statement - batchlength = com.kms.katalon.core.webui.keyword.WebUiBuiltInKeywords.modifyObjectProperty(batchlength, "xpath", "equals", "//*[@id = "fldvendor" + row + ""]", true): Modify property of object successfully

2018-06-04 19:04:14 - [MESSAGE][PASSED] - Modify property of object successfully

2018-06-04 19:04:14 - [TEST_STEP][PASSED] - Statement - batchsize = com.kms.katalon.core.webui.keyword.WebUiBuiltInKeywords.getNumberOfTotalOption(batchlength): 13 options of object '' counted

2018-06-04 19:04:14 - [MESSAGE][PASSED] - 13 options of object '' counted

2018-06-04 19:04:14 - [TEST_STEP][PASSED] - Statement - out.println("BatchSize : " + batchsize): null

2018-06-04 19:04:14 - [TEST_STEP][PASSED] - Statement - For ([n = 1, n <= batchsize - 1, (n++)]): null

2018-06-04 19:04:14 - [TEST_STEP][PASSED] - Statement - product = new com.kms.katalon.core.testobject.TestObject(): null

2018-06-04 19:04:14 - [TEST_STEP][PASSED] - Statement - product = com.kms.katalon.core.webui.keyword.WebUiBuiltInKeywords.modifyObjectProperty(product, "xpath", "equals", "//*[@id = "fldvendor" + row + ""]", true): Modify property of object successfully

2018-06-04 19:04:14 - [MESSAGE][PASSED] - Modify property of object successfully

2018-06-04 19:04:14 - [TEST_STEP][PASSED] - selectOptionByIndex: All options with index in [1] are selected on object ''

2018-06-04 19:04:15 - [MESSAGE][PASSED] - All options with index in [1] are selected on object ''

2018-06-04 19:04:15 - [TEST_STEP][PASSED] - delay: Delayed 2 second(s)

2018-06-04 19:04:17 - [MESSAGE][PASSED] - Delayed 2 second(s)

2018-06-04 19:04:17 - [TEST_STEP][PASSED] - Statement - batch = new com.kms.katalon.core.testobject.TestObject(): null

2018-06-04 19:04:17 - [TEST_STEP][PASSED] - Statement - batch = com.kms.katalon.core.webui.keyword.WebUiBuiltInKeywords.modifyObjectProperty(batch, "xpath", "equals", "//*[@id = "txtbthqty" + row + ""]", true): Modify property of object successfully

2018-06-04 19:04:17 - [MESSAGE][PASSED] - Modify property of object successfully

2018-06-04 19:04:17 - [TEST_STEP][PASSED] - Statement - batchqty = com.kms.katalon.core.webui.keyword.WebUiBuiltInKeywords.getAttribute(batch, "value").trim(): Attribute 'value' of object '' is: '2700'

2018-06-04 19:04:17 - [MESSAGE][PASSED] - Attribute 'value' of object '' is: '2700'

2018-06-04 19:04:17 - [TEST_STEP][PASSED] - Statement - Rqty = 100: null

2018-06-04 19:04:17 - [TEST_STEP][PASSED] - Statement - out.println("BatchQty : " + batchqty): null

2018-06-04 19:04:17 - [TEST_STEP][PASSED] - Statement - out.println("RQty : " + Rqty): null

2018-06-04 19:04:17 - [TEST_STEP][PASSED] - Statement - If (java.lang.Integer.valueOf(batchqty) >= java.lang.Integer.valueOf(Rqty)): null

2018-06-04 19:04:17 - [TEST_STEP][PASSED] - Statement - Break: null

2018-06-04 19:04:17 - [TEST_STEP][PASSED] - Statement - batchlength = new com.kms.katalon.core.testobject.TestObject(): null

2018-06-04 19:04:17 - [TEST_STEP][PASSED] - Statement - batchlength = com.kms.katalon.core.webui.keyword.WebUiBuiltInKeywords.modifyObjectProperty(batchlength, "xpath", "equals", "//*[@id = "fldvendor" + row + ""]", true): Modify property of object successfully

2018-06-04 19:04:17 - [MESSAGE][PASSED] - Modify property of object successfully

2018-06-04 19:04:17 - [TEST_STEP][PASSED] - Statement - batchsize = com.kms.katalon.core.webui.keyword.WebUiBuiltInKeywords.getNumberOfTotalOption(batchlength): 13 options of object '' counted

2018-06-04 19:04:17 - [MESSAGE][PASSED] - 13 options of object '' counted

2018-06-04 19:04:17 - [TEST_STEP][PASSED] - Statement - out.println("BatchSize : " + batchsize): null

2018-06-04 19:04:17 - [TEST_STEP][PASSED] - Statement - For ([n = 1, n <= batchsize - 1, (n++)]): null

2018-06-04 19:04:17 - [TEST_STEP][PASSED] - Statement - product = new com.kms.katalon.core.testobject.TestObject(): null

2018-06-04 19:04:17 - [TEST_STEP][PASSED] - Statement - product = com.kms.katalon.core.webui.keyword.WebUiBuiltInKeywords.modifyObjectProperty(product, "xpath", "equals", "//*[@id = "fldvendor" + row + ""]", true): Modify property of object successfully

2018-06-04 19:04:17 - [MESSAGE][PASSED] - Modify property of object successfully

2018-06-04 19:04:17 - [TEST_STEP][PASSED] - selectOptionByIndex: All options with index in [1] are selected on object ''

2018-06-04 19:04:17 - [MESSAGE][PASSED] - All options with index in [1] are selected on object ''

2018-06-04 19:04:17 - [TEST_STEP][PASSED] - delay: Delayed 2 second(s)

2018-06-04 19:04:19 - [MESSAGE][PASSED] - Delayed 2 second(s)

2018-06-04 19:04:19 - [TEST_STEP][PASSED] - Statement - batch = new com.kms.katalon.core.testobject.TestObject(): null

2018-06-04 19:04:19 - [TEST_STEP][PASSED] - Statement - batch = com.kms.katalon.core.webui.keyword.WebUiBuiltInKeywords.modifyObjectProperty(batch, "xpath", "equals", "//*[@id = "txtbthqty" + row + ""]", true): Modify property of object successfully

2018-06-04 19:04:19 - [MESSAGE][PASSED] - Modify property of object successfully

2018-06-04 19:04:19 - [TEST_STEP][PASSED] - Statement - batchqty = com.kms.katalon.core.webui.keyword.WebUiBuiltInKeywords.getAttribute(batch, "value").trim(): Attribute 'value' of object '' is: '2700'

2018-06-04 19:04:19 - [MESSAGE][PASSED] - Attribute 'value' of object '' is: '2700'

2018-06-04 19:04:19 - [TEST_STEP][PASSED] - Statement - Rqty = 100: null

2018-06-04 19:04:19 - [TEST_STEP][PASSED] - Statement - out.println("BatchQty : " + batchqty): null

2018-06-04 19:04:19 - [TEST_STEP][PASSED] - Statement - out.println("RQty : " + Rqty): null

2018-06-04 19:04:19 - [TEST_STEP][PASSED] - Statement - If (java.lang.Integer.valueOf(batchqty) >= java.lang.Integer.valueOf(Rqty)): null

2018-06-04 19:04:19 - [TEST_STEP][PASSED] - Statement - Break: null

2018-06-04 19:04:19 - [TEST_STEP][PASSED] - Statement - batchlength = new com.kms.katalon.core.testobject.TestObject(): null

2018-06-04 19:04:19 - [TEST_STEP][PASSED] - Statement - batchlength = com.kms.katalon.core.webui.keyword.WebUiBuiltInKeywords.modifyObjectProperty(batchlength, "xpath", "equals", "//*[@id = "fldvendor" + row + ""]", true): Modify property of object successfully

2018-06-04 19:04:19 - [MESSAGE][PASSED] - Modify property of object successfully

2018-06-04 19:04:19 - [TEST_STEP][PASSED] - Statement - batchsize = com.kms.katalon.core.webui.keyword.WebUiBuiltInKeywords.getNumberOfTotalOption(batchlength): 13 options of object '' counted

2018-06-04 19:04:19 - [MESSAGE][PASSED] - 13 options of object '' counted

2018-06-04 19:04:19 - [TEST_STEP][PASSED] - Statement - out.println("BatchSize : " + batchsize): null

2018-06-04 19:04:19 - [TEST_STEP][PASSED] - Statement - For ([n = 1, n <= batchsize - 1, (n++)]): null

2018-06-04 19:04:19 - [TEST_STEP][PASSED] - Statement - product = new com.kms.katalon.core.testobject.TestObject(): null

2018-06-04 19:04:19 - [TEST_STEP][PASSED] - Statement - product = com.kms.katalon.core.webui.keyword.WebUiBuiltInKeywords.modifyObjectProperty(product, "xpath", "equals", "//*[@id = "fldvendor" + row + ""]", true): Modify property of object successfully

2018-06-04 19:04:19 - [MESSAGE][PASSED] - Modify property of object successfully

2018-06-04 19:04:19 - [TEST_STEP][PASSED] - selectOptionByIndex: All options with index in [1] are selected on object ''

2018-06-04 19:04:19 - [MESSAGE][PASSED] - All options with index in [1] are selected on object ''

2018-06-04 19:04:19 - [TEST_STEP][PASSED] - delay: Delayed 2 second(s)

2018-06-04 19:04:21 - [MESSAGE][PASSED] - Delayed 2 second(s)

2018-06-04 19:04:21 - [TEST_STEP][PASSED] - Statement - batch = new com.kms.katalon.core.testobject.TestObject(): null

2018-06-04 19:04:21 - [TEST_STEP][PASSED] - Statement - batch = com.kms.katalon.core.webui.keyword.WebUiBuiltInKeywords.modifyObjectProperty(batch, "xpath", "equals", "//*[@id = "txtbthqty" + row + ""]", true): Modify property of object successfully

2018-06-04 19:04:21 - [MESSAGE][PASSED] - Modify property of object successfully

2018-06-04 19:04:21 - [TEST_STEP][PASSED] - Statement - batchqty = com.kms.katalon.core.webui.keyword.WebUiBuiltInKeywords.getAttribute(batch, "value").trim(): Attribute 'value' of object '' is: '2700'

2018-06-04 19:04:21 - [MESSAGE][PASSED] - Attribute 'value' of object '' is: '2700'

2018-06-04 19:04:21 - [TEST_STEP][PASSED] - Statement - Rqty = 100: null

2018-06-04 19:04:21 - [TEST_STEP][PASSED] - Statement - out.println("BatchQty : " + batchqty): null

2018-06-04 19:04:21 - [TEST_STEP][PASSED] - Statement - out.println("RQty : " + Rqty): null

2018-06-04 19:04:21 - [TEST_STEP][PASSED] - Statement - If (java.lang.Integer.valueOf(batchqty) >= java.lang.Integer.valueOf(Rqty)): null

2018-06-04 19:04:21 - [TEST_STEP][PASSED] - Statement - Break: null

2018-06-04 19:04:21 - [TEST_STEP][PASSED] - Statement - batchlength = new com.kms.katalon.core.testobject.TestObject(): null

2018-06-04 19:04:21 - [TEST_STEP][PASSED] - Statement - batchlength = com.kms.katalon.core.webui.keyword.WebUiBuiltInKeywords.modifyObjectProperty(batchlength, "xpath", "equals", "//*[@id = "fldvendor" + row + ""]", true): Modify property of object successfully

2018-06-04 19:04:21 - [MESSAGE][PASSED] - Modify property of object successfully

2018-06-04 19:04:21 - [TEST_STEP][PASSED] - Statement - batchsize = com.kms.katalon.core.webui.keyword.WebUiBuiltInKeywords.getNumberOfTotalOption(batchlength): 13 options of object '' counted

2018-06-04 19:04:21 - [MESSAGE][PASSED] - 13 options of object '' counted

2018-06-04 19:04:21 - [TEST_STEP][PASSED] - Statement - out.println("BatchSize : " + batchsize): null

2018-06-04 19:04:21 - [TEST_STEP][PASSED] - Statement - For ([n = 1, n <= batchsize - 1, (n++)]): null

2018-06-04 19:04:21 - [TEST_STEP][PASSED] - Statement - product = new com.kms.katalon.core.testobject.TestObject(): null

2018-06-04 19:04:21 - [TEST_STEP][PASSED] - Statement - product = com.kms.katalon.core.webui.keyword.WebUiBuiltInKeywords.modifyObjectProperty(product, "xpath", "equals", "//*[@id = "fldvendor" + row + ""]", true): Modify property of object successfully

2018-06-04 19:04:21 - [MESSAGE][PASSED] - Modify property of object successfully

2018-06-04 19:04:21 - [TEST_STEP][PASSED] - selectOptionByIndex: All options with index in [1] are selected on object ''

2018-06-04 19:04:21 - [MESSAGE][PASSED] - All options with index in [1] are selected on object ''

2018-06-04 19:04:21 - [TEST_STEP][PASSED] - delay: Delayed 2 second(s)

2018-06-04 19:04:23 - [MESSAGE][PASSED] - Delayed 2 second(s)

2018-06-04 19:04:23 - [TEST_STEP][PASSED] - Statement - batch = new com.kms.katalon.core.testobject.TestObject(): null

2018-06-04 19:04:23 - [TEST_STEP][PASSED] - Statement - batch = com.kms.katalon.core.webui.keyword.WebUiBuiltInKeywords.modifyObjectProperty(batch, "xpath", "equals", "//*[@id = "txtbthqty" + row + ""]", true): Modify property of object successfully

2018-06-04 19:04:23 - [MESSAGE][PASSED] - Modify property of object successfully

2018-06-04 19:04:23 - [TEST_STEP][PASSED] - Statement - batchqty = com.kms.katalon.core.webui.keyword.WebUiBuiltInKeywords.getAttribute(batch, "value").trim(): Attribute 'value' of object '' is: '26600'

2018-06-04 19:04:23 - [MESSAGE][PASSED] - Attribute 'value' of object '' is: '26600'

2018-06-04 19:04:23 - [TEST_STEP][PASSED] - Statement - Rqty = 100: null

2018-06-04 19:04:23 - [TEST_STEP][PASSED] - Statement - out.println("BatchQty : " + batchqty): null

2018-06-04 19:04:23 - [TEST_STEP][PASSED] - Statement - out.println("RQty : " + Rqty): null

2018-06-04 19:04:23 - [TEST_STEP][PASSED] - Statement - If (java.lang.Integer.valueOf(batchqty) >= java.lang.Integer.valueOf(Rqty)): null

2018-06-04 19:04:23 - [TEST_STEP][PASSED] - Statement - Break: null

2018-06-04 19:04:23 - [TEST_STEP][PASSED] - Statement - batchlength = new com.kms.katalon.core.testobject.TestObject(): null

2018-06-04 19:04:23 - [TEST_STEP][PASSED] - Statement - batchlength = com.kms.katalon.core.webui.keyword.WebUiBuiltInKeywords.modifyObjectProperty(batchlength, "xpath", "equals", "//*[@id = "fldvendor" + row + ""]", true): Modify property of object successfully

2018-06-04 19:04:23 - [MESSAGE][PASSED] - Modify property of object successfully

2018-06-04 19:04:23 - [TEST_STEP][PASSED] - Statement - batchsize = com.kms.katalon.core.webui.keyword.WebUiBuiltInKeywords.getNumberOfTotalOption(batchlength): 13 options of object '' counted

2018-06-04 19:04:23 - [MESSAGE][PASSED] - 13 options of object '' counted

2018-06-04 19:04:23 - [TEST_STEP][PASSED] - Statement - out.println("BatchSize : " + batchsize): null

2018-06-04 19:04:23 - [TEST_STEP][PASSED] - Statement - For ([n = 1, n <= batchsize - 1, (n++)]): null

2018-06-04 19:04:23 - [TEST_STEP][PASSED] - Statement - product = new com.kms.katalon.core.testobject.TestObject(): null

2018-06-04 19:04:23 - [TEST_STEP][PASSED] - Statement - product = com.kms.katalon.core.webui.keyword.WebUiBuiltInKeywords.modifyObjectProperty(product, "xpath", "equals", "//*[@id = "fldvendor" + row + ""]", true): Modify property of object successfully

2018-06-04 19:04:23 - [MESSAGE][PASSED] - Modify property of object successfully

2018-06-04 19:04:23 - [TEST_STEP][PASSED] - selectOptionByIndex: All options with index in [1] are selected on object ''

2018-06-04 19:04:24 - [MESSAGE][PASSED] - All options with index in [1] are selected on object ''

2018-06-04 19:04:24 - [TEST_STEP][PASSED] - delay: Delayed 2 second(s)

2018-06-04 19:04:26 - [MESSAGE][PASSED] - Delayed 2 second(s)

2018-06-04 19:04:26 - [TEST_STEP][PASSED] - Statement - batch = new com.kms.katalon.core.testobject.TestObject(): null

2018-06-04 19:04:26 - [TEST_STEP][PASSED] - Statement - batch = com.kms.katalon.core.webui.keyword.WebUiBuiltInKeywords.modifyObjectProperty(batch, "xpath", "equals", "//*[@id = "txtbthqty" + row + ""]", true): Modify property of object successfully

2018-06-04 19:04:26 - [MESSAGE][PASSED] - Modify property of object successfully

2018-06-04 19:04:26 - [TEST_STEP][PASSED] - Statement - batchqty = com.kms.katalon.core.webui.keyword.WebUiBuiltInKeywords.getAttribute(batch, "value").trim(): Attribute 'value' of object '' is: '1700'

2018-06-04 19:04:26 - [MESSAGE][PASSED] - Attribute 'value' of object '' is: '1700'

2018-06-04 19:04:26 - [TEST_STEP][PASSED] - Statement - Rqty = 100: null

2018-06-04 19:04:26 - [TEST_STEP][PASSED] - Statement - out.println("BatchQty : " + batchqty): null

2018-06-04 19:04:26 - [TEST_STEP][PASSED] - Statement - out.println("RQty : " + Rqty): null

2018-06-04 19:04:26 - [TEST_STEP][PASSED] - Statement - If (java.lang.Integer.valueOf(batchqty) >= java.lang.Integer.valueOf(Rqty)): null

2018-06-04 19:04:26 - [TEST_STEP][PASSED] - Statement - Break: null

2018-06-04 19:04:26 - [TEST_STEP][PASSED] - Statement - batchlength = new com.kms.katalon.core.testobject.TestObject(): null

2018-06-04 19:04:26 - [TEST_STEP][PASSED] - Statement - batchlength = com.kms.katalon.core.webui.keyword.WebUiBuiltInKeywords.modifyObjectProperty(batchlength, "xpath", "equals", "//*[@id = "fldvendor" + row + ""]", true): Modify property of object successfully

2018-06-04 19:04:26 - [MESSAGE][PASSED] - Modify property of object successfully

2018-06-04 19:04:26 - [TEST_STEP][PASSED] - Statement - batchsize = com.kms.katalon.core.webui.keyword.WebUiBuiltInKeywords.getNumberOfTotalOption(batchlength): 13 options of object '' counted

2018-06-04 19:04:26 - [MESSAGE][PASSED] - 13 options of object '' counted

2018-06-04 19:04:26 - [TEST_STEP][PASSED] - Statement - out.println("BatchSize : " + batchsize): null

2018-06-04 19:04:26 - [TEST_STEP][PASSED] - Statement - For ([n = 1, n <= batchsize - 1, (n++)]): null

2018-06-04 19:04:26 - [TEST_STEP][PASSED] - Statement - product = new com.kms.katalon.core.testobject.TestObject(): null

2018-06-04 19:04:26 - [TEST_STEP][PASSED] - Statement - product = com.kms.katalon.core.webui.keyword.WebUiBuiltInKeywords.modifyObjectProperty(product, "xpath", "equals", "//*[@id = "fldvendor" + row + ""]", true): Modify property of object successfully

2018-06-04 19:04:26 - [MESSAGE][PASSED] - Modify property of object successfully

2018-06-04 19:04:26 - [TEST_STEP][PASSED] - selectOptionByIndex: All options with index in [1] are selected on object ''

2018-06-04 19:04:26 - [MESSAGE][PASSED] - All options with index in [1] are selected on object ''

2018-06-04 19:04:26 - [TEST_STEP][PASSED] - delay: Delayed 2 second(s)

2018-06-04 19:04:28 - [MESSAGE][PASSED] - Delayed 2 second(s)

2018-06-04 19:04:28 - [TEST_STEP][PASSED] - Statement - batch = new com.kms.katalon.core.testobject.TestObject(): null

2018-06-04 19:04:28 - [TEST_STEP][PASSED] - Statement - batch = com.kms.katalon.core.webui.keyword.WebUiBuiltInKeywords.modifyObjectProperty(batch, "xpath", "equals", "//*[@id = "txtbthqty" + row + ""]", true): Modify property of object successfully

2018-06-04 19:04:28 - [MESSAGE][PASSED] - Modify property of object successfully

2018-06-04 19:04:28 - [TEST_STEP][PASSED] - Statement - batchqty = com.kms.katalon.core.webui.keyword.WebUiBuiltInKeywords.getAttribute(batch, "value").trim(): Attribute 'value' of object '' is: '2700'

2018-06-04 19:04:28 - [MESSAGE][PASSED] - Attribute 'value' of object '' is: '2700'

2018-06-04 19:04:28 - [TEST_STEP][PASSED] - Statement - Rqty = 100: null

2018-06-04 19:04:28 - [TEST_STEP][PASSED] - Statement - out.println("BatchQty : " + batchqty): null

2018-06-04 19:04:28 - [TEST_STEP][PASSED] - Statement - out.println("RQty : " + Rqty): null

2018-06-04 19:04:28 - [TEST_STEP][PASSED] - Statement - If (java.lang.Integer.valueOf(batchqty) >= java.lang.Integer.valueOf(Rqty)): null

2018-06-04 19:04:28 - [TEST_STEP][PASSED] - Statement - Break: null

2018-06-04 19:04:28 - [TEST_STEP][PASSED] - Statement - batchlength = new com.kms.katalon.core.testobject.TestObject(): null

2018-06-04 19:04:28 - [TEST_STEP][PASSED] - Statement - batchlength = com.kms.katalon.core.webui.keyword.WebUiBuiltInKeywords.modifyObjectProperty(batchlength, "xpath", "equals", "//*[@id = "fldvendor" + row + ""]", true): Modify property of object successfully

2018-06-04 19:04:28 - [MESSAGE][PASSED] - Modify property of object successfully

2018-06-04 19:04:28 - [TEST_STEP][PASSED] - Statement - batchsize = com.kms.katalon.core.webui.keyword.WebUiBuiltInKeywords.getNumberOfTotalOption(batchlength): 13 options of object '' counted

2018-06-04 19:04:28 - [MESSAGE][PASSED] - 13 options of object '' counted

2018-06-04 19:04:28 - [TEST_STEP][PASSED] - Statement - out.println("BatchSize : " + batchsize): null

2018-06-04 19:04:28 - [TEST_STEP][PASSED] - Statement - For ([n = 1, n <= batchsize - 1, (n++)]): null

2018-06-04 19:04:28 - [TEST_STEP][PASSED] - Statement - product = new com.kms.katalon.core.testobject.TestObject(): null

2018-06-04 19:04:28 - [TEST_STEP][PASSED] - Statement - product = com.kms.katalon.core.webui.keyword.WebUiBuiltInKeywords.modifyObjectProperty(product, "xpath", "equals", "//*[@id = "fldvendor" + row + ""]", true): Modify property of object successfully

2018-06-04 19:04:28 - [MESSAGE][PASSED] - Modify property of object successfully

2018-06-04 19:04:28 - [TEST_STEP][PASSED] - selectOptionByIndex: All options with index in [1] are selected on object ''

2018-06-04 19:04:28 - [MESSAGE][PASSED] - All options with index in [1] are selected on object ''

2018-06-04 19:04:28 - [TEST_STEP][PASSED] - delay: Delayed 2 second(s)

2018-06-04 19:04:30 - [MESSAGE][PASSED] - Delayed 2 second(s)

2018-06-04 19:04:30 - [TEST_STEP][PASSED] - Statement - batch = new com.kms.katalon.core.testobject.TestObject(): null

2018-06-04 19:04:30 - [TEST_STEP][PASSED] - Statement - batch = com.kms.katalon.core.webui.keyword.WebUiBuiltInKeywords.modifyObjectProperty(batch, "xpath", "equals", "//*[@id = "txtbthqty" + row + ""]", true): Modify property of object successfully

2018-06-04 19:04:30 - [MESSAGE][PASSED] - Modify property of object successfully

2018-06-04 19:04:30 - [TEST_STEP][PASSED] - Statement - batchqty = com.kms.katalon.core.webui.keyword.WebUiBuiltInKeywords.getAttribute(batch, "value").trim(): Attribute 'value' of object '' is: '4200'

2018-06-04 19:04:30 - [MESSAGE][PASSED] - Attribute 'value' of object '' is: '4200'

2018-06-04 19:04:30 - [TEST_STEP][PASSED] - Statement - Rqty = 100: null

2018-06-04 19:04:30 - [TEST_STEP][PASSED] - Statement - out.println("BatchQty : " + batchqty): null

2018-06-04 19:04:30 - [TEST_STEP][PASSED] - Statement - out.println("RQty : " + Rqty): null

2018-06-04 19:04:30 - [TEST_STEP][PASSED] - Statement - If (java.lang.Integer.valueOf(batchqty) >= java.lang.Integer.valueOf(Rqty)): null

2018-06-04 19:04:30 - [TEST_STEP][PASSED] - Statement - Break: null

2018-06-04 19:04:30 - [TEST_STEP][PASSED] - Statement - batchlength = new com.kms.katalon.core.testobject.TestObject(): null

2018-06-04 19:04:30 - [TEST_STEP][PASSED] - Statement - batchlength = com.kms.katalon.core.webui.keyword.WebUiBuiltInKeywords.modifyObjectProperty(batchlength, "xpath", "equals", "//*[@id = "fldvendor" + row + ""]", true): Modify property of object successfully

2018-06-04 19:04:30 - [MESSAGE][PASSED] - Modify property of object successfully

2018-06-04 19:04:30 - [TEST_STEP][PASSED] - Statement - batchsize = com.kms.katalon.core.webui.keyword.WebUiBuiltInKeywords.getNumberOfTotalOption(batchlength): 13 options of object '' counted

2018-06-04 19:04:30 - [MESSAGE][PASSED] - 13 options of object '' counted

2018-06-04 19:04:30 - [TEST_STEP][PASSED] - Statement - out.println("BatchSize : " + batchsize): null

2018-06-04 19:04:30 - [TEST_STEP][PASSED] - Statement - For ([n = 1, n <= batchsize - 1, (n++)]): null

2018-06-04 19:04:30 - [TEST_STEP][PASSED] - Statement - product = new com.kms.katalon.core.testobject.TestObject(): null

2018-06-04 19:04:30 - [TEST_STEP][PASSED] - Statement - product = com.kms.katalon.core.webui.keyword.WebUiBuiltInKeywords.modifyObjectProperty(product, "xpath", "equals", "//*[@id = "fldvendor" + row + ""]", true): Modify property of object successfully

2018-06-04 19:04:30 - [MESSAGE][PASSED] - Modify property of object successfully

2018-06-04 19:04:30 - [TEST_STEP][PASSED] - selectOptionByIndex: All options with index in [1] are selected on object ''

2018-06-04 19:04:30 - [MESSAGE][PASSED] - All options with index in [1] are selected on object ''

2018-06-04 19:04:30 - [TEST_STEP][PASSED] - delay: Delayed 2 second(s)

2018-06-04 19:04:32 - [MESSAGE][PASSED] - Delayed 2 second(s)

2018-06-04 19:04:32 - [TEST_STEP][PASSED] - Statement - batch = new com.kms.katalon.core.testobject.TestObject(): null

2018-06-04 19:04:32 - [TEST_STEP][PASSED] - Statement - batch = com.kms.katalon.core.webui.keyword.WebUiBuiltInKeywords.modifyObjectProperty(batch, "xpath", "equals", "//*[@id = "txtbthqty" + row + ""]", true): Modify property of object successfully

2018-06-04 19:04:32 - [MESSAGE][PASSED] - Modify property of object successfully

2018-06-04 19:04:32 - [TEST_STEP][PASSED] - Statement - batchqty = com.kms.katalon.core.webui.keyword.WebUiBuiltInKeywords.getAttribute(batch, "value").trim(): Attribute 'value' of object '' is: '2700'

2018-06-04 19:04:32 - [MESSAGE][PASSED] - Attribute 'value' of object '' is: '2700'

2018-06-04 19:04:32 - [TEST_STEP][PASSED] - Statement - Rqty = 100: null

2018-06-04 19:04:32 - [TEST_STEP][PASSED] - Statement - out.println("BatchQty : " + batchqty): null

2018-06-04 19:04:32 - [TEST_STEP][PASSED] - Statement - out.println("RQty : " + Rqty): null

2018-06-04 19:04:32 - [TEST_STEP][PASSED] - Statement - If (java.lang.Integer.valueOf(batchqty) >= java.lang.Integer.valueOf(Rqty)): null

2018-06-04 19:04:32 - [TEST_STEP][PASSED] - Statement - Break: null

2018-06-04 19:04:32 - [TEST_STEP][PASSED] - Statement - batchlength = new com.kms.katalon.core.testobject.TestObject(): null

2018-06-04 19:04:32 - [TEST_STEP][PASSED] - Statement - batchlength = com.kms.katalon.core.webui.keyword.WebUiBuiltInKeywords.modifyObjectProperty(batchlength, "xpath", "equals", "//*[@id = "fldvendor" + row + ""]", true): Modify property of object successfully

2018-06-04 19:04:32 - [MESSAGE][PASSED] - Modify property of object successfully

2018-06-04 19:04:32 - [TEST_STEP][PASSED] - Statement - batchsize = com.kms.katalon.core.webui.keyword.WebUiBuiltInKeywords.getNumberOfTotalOption(batchlength): 13 options of object '' counted

2018-06-04 19:04:32 - [MESSAGE][PASSED] - 13 options of object '' counted

2018-06-04 19:04:32 - [TEST_STEP][PASSED] - Statement - out.println("BatchSize : " + batchsize): null

2018-06-04 19:04:32 - [TEST_STEP][PASSED] - Statement - For ([n = 1, n <= batchsize - 1, (n++)]): null

2018-06-04 19:04:32 - [TEST_STEP][PASSED] - Statement - product = new com.kms.katalon.core.testobject.TestObject(): null

2018-06-04 19:04:32 - [TEST_STEP][PASSED] - Statement - product = com.kms.katalon.core.webui.keyword.WebUiBuiltInKeywords.modifyObjectProperty(product, "xpath", "equals", "//*[@id = "fldvendor" + row + ""]", true): Modify property of object successfully

2018-06-04 19:04:32 - [MESSAGE][PASSED] - Modify property of object successfully

2018-06-04 19:04:32 - [TEST_STEP][PASSED] - selectOptionByIndex: All options with index in [1] are selected on object ''

2018-06-04 19:04:33 - [MESSAGE][PASSED] - All options with index in [1] are selected on object ''

2018-06-04 19:04:33 - [TEST_STEP][PASSED] - delay: Delayed 2 second(s)

2018-06-04 19:04:35 - [MESSAGE][PASSED] - Delayed 2 second(s)

2018-06-04 19:04:35 - [TEST_STEP][PASSED] - Statement - batch = new com.kms.katalon.core.testobject.TestObject(): null

2018-06-04 19:04:35 - [TEST_STEP][PASSED] - Statement - batch = com.kms.katalon.core.webui.keyword.WebUiBuiltInKeywords.modifyObjectProperty(batch, "xpath", "equals", "//*[@id = "txtbthqty" + row + ""]", true): Modify property of object successfully

2018-06-04 19:04:35 - [MESSAGE][PASSED] - Modify property of object successfully

2018-06-04 19:04:35 - [TEST_STEP][PASSED] - Statement - batchqty = com.kms.katalon.core.webui.keyword.WebUiBuiltInKeywords.getAttribute(batch, "value").trim(): Attribute 'value' of object '' is: '26600'

2018-06-04 19:04:35 - [MESSAGE][PASSED] - Attribute 'value' of object '' is: '26600'

2018-06-04 19:04:35 - [TEST_STEP][PASSED] - Statement - Rqty = 100: null

2018-06-04 19:04:35 - [TEST_STEP][PASSED] - Statement - out.println("BatchQty : " + batchqty): null

2018-06-04 19:04:35 - [TEST_STEP][PASSED] - Statement - out.println("RQty : " + Rqty): null

2018-06-04 19:04:35 - [TEST_STEP][PASSED] - Statement - If (java.lang.Integer.valueOf(batchqty) >= java.lang.Integer.valueOf(Rqty)): null

2018-06-04 19:04:35 - [TEST_STEP][PASSED] - Statement - Break: null

2018-06-04 19:04:35 - [TEST_STEP][PASSED] - Statement - batchlength = new com.kms.katalon.core.testobject.TestObject(): null

2018-06-04 19:04:35 - [TEST_STEP][PASSED] - Statement - batchlength = com.kms.katalon.core.webui.keyword.WebUiBuiltInKeywords.modifyObjectProperty(batchlength, "xpath", "equals", "//*[@id = "fldvendor" + row + ""]", true): Modify property of object successfully

2018-06-04 19:04:35 - [MESSAGE][PASSED] - Modify property of object successfully

2018-06-04 19:04:35 - [TEST_STEP][PASSED] - Statement - batchsize = com.kms.katalon.core.webui.keyword.WebUiBuiltInKeywords.getNumberOfTotalOption(batchlength): 13 options of object '' counted

2018-06-04 19:04:35 - [MESSAGE][PASSED] - 13 options of object '' counted

2018-06-04 19:04:35 - [TEST_STEP][PASSED] - Statement - out.println("BatchSize : " + batchsize): null

2018-06-04 19:04:35 - [TEST_STEP][PASSED] - Statement - For ([n = 1, n <= batchsize - 1, (n++)]): null

2018-06-04 19:04:35 - [TEST_STEP][PASSED] - Statement - product = new com.kms.katalon.core.testobject.TestObject(): null

2018-06-04 19:04:35 - [TEST_STEP][PASSED] - Statement - product = com.kms.katalon.core.webui.keyword.WebUiBuiltInKeywords.modifyObjectProperty(product, "xpath", "equals", "//*[@id = "fldvendor" + row + ""]", true): Modify property of object successfully

2018-06-04 19:04:35 - [MESSAGE][PASSED] - Modify property of object successfully

2018-06-04 19:04:35 - [TEST_STEP][PASSED] - selectOptionByIndex: All options with index in [1] are selected on object ''

2018-06-04 19:04:35 - [MESSAGE][PASSED] - All options with index in [1] are selected on object ''

2018-06-04 19:04:35 - [TEST_STEP][PASSED] - delay: Delayed 2 second(s)

2018-06-04 19:04:37 - [MESSAGE][PASSED] - Delayed 2 second(s)

2018-06-04 19:04:37 - [TEST_STEP][PASSED] - Statement - batch = new com.kms.katalon.core.testobject.TestObject(): null

2018-06-04 19:04:37 - [TEST_STEP][PASSED] - Statement - batch = com.kms.katalon.core.webui.keyword.WebUiBuiltInKeywords.modifyObjectProperty(batch, "xpath", "equals", "//*[@id = "txtbthqty" + row + ""]", true): Modify property of object successfully

2018-06-04 19:04:37 - [MESSAGE][PASSED] - Modify property of object successfully

2018-06-04 19:04:37 - [TEST_STEP][PASSED] - Statement - batchqty = com.kms.katalon.core.webui.keyword.WebUiBuiltInKeywords.getAttribute(batch, "value").trim(): Attribute 'value' of object '' is: '2700'

2018-06-04 19:04:37 - [MESSAGE][PASSED] - Attribute 'value' of object '' is: '2700'

2018-06-04 19:04:37 - [TEST_STEP][PASSED] - Statement - Rqty = 100: null

2018-06-04 19:04:37 - [TEST_STEP][PASSED] - Statement - out.println("BatchQty : " + batchqty): null

2018-06-04 19:04:37 - [TEST_STEP][PASSED] - Statement - out.println("RQty : " + Rqty): null

2018-06-04 19:04:37 - [TEST_STEP][PASSED] - Statement - If (java.lang.Integer.valueOf(batchqty) >= java.lang.Integer.valueOf(Rqty)): null

2018-06-04 19:04:37 - [TEST_STEP][PASSED] - Statement - Break: null

2018-06-04 19:04:37 - [TEST_STEP][PASSED] - Statement - batchlength = new com.kms.katalon.core.testobject.TestObject(): null

2018-06-04 19:04:37 - [TEST_STEP][PASSED] - Statement - batchlength = com.kms.katalon.core.webui.keyword.WebUiBuiltInKeywords.modifyObjectProperty(batchlength, "xpath", "equals", "//*[@id = "fldvendor" + row + ""]", true): Modify property of object successfully

2018-06-04 19:04:37 - [MESSAGE][PASSED] - Modify property of object successfully

2018-06-04 19:04:37 - [TEST_STEP][PASSED] - Statement - batchsize = com.kms.katalon.core.webui.keyword.WebUiBuiltInKeywords.getNumberOfTotalOption(batchlength): 25 options of object '' counted

2018-06-04 19:04:37 - [MESSAGE][PASSED] - 25 options of object '' counted

2018-06-04 19:04:37 - [TEST_STEP][PASSED] - Statement - out.println("BatchSize : " + batchsize): null

2018-06-04 19:04:37 - [TEST_STEP][PASSED] - Statement - For ([n = 1, n <= batchsize - 1, (n++)]): null

2018-06-04 19:04:37 - [TEST_STEP][PASSED] - Statement - product = new com.kms.katalon.core.testobject.TestObject(): null

2018-06-04 19:04:37 - [TEST_STEP][PASSED] - Statement - product = com.kms.katalon.core.webui.keyword.WebUiBuiltInKeywords.modifyObjectProperty(product, "xpath", "equals", "//*[@id = "fldvendor" + row + ""]", true): Modify property of object successfully

2018-06-04 19:04:37 - [MESSAGE][PASSED] - Modify property of object successfully

2018-06-04 19:04:37 - [TEST_STEP][PASSED] - selectOptionByIndex: All options with index in [1] are selected on object ''

2018-06-04 19:04:37 - [MESSAGE][PASSED] - All options with index in [1] are selected on object ''

2018-06-04 19:04:37 - [TEST_STEP][PASSED] - delay: Delayed 2 second(s)

2018-06-04 19:04:39 - [MESSAGE][PASSED] - Delayed 2 second(s)

2018-06-04 19:04:39 - [TEST_STEP][PASSED] - Statement - batch = new com.kms.katalon.core.testobject.TestObject(): null

2018-06-04 19:04:39 - [TEST_STEP][PASSED] - Statement - batch = com.kms.katalon.core.webui.keyword.WebUiBuiltInKeywords.modifyObjectProperty(batch, "xpath", "equals", "//*[@id = "txtbthqty" + row + ""]", true): Modify property of object successfully

2018-06-04 19:04:39 - [MESSAGE][PASSED] - Modify property of object successfully

2018-06-04 19:04:39 - [TEST_STEP][PASSED] - Statement - batchqty = com.kms.katalon.core.webui.keyword.WebUiBuiltInKeywords.getAttribute(batch, "value").trim(): Attribute 'value' of object '' is: '3400'

2018-06-04 19:04:39 - [MESSAGE][PASSED] - Attribute 'value' of object '' is: '3400'

2018-06-04 19:04:39 - [TEST_STEP][PASSED] - Statement - Rqty = 100: null

2018-06-04 19:04:39 - [TEST_STEP][PASSED] - Statement - out.println("BatchQty : " + batchqty): null

2018-06-04 19:04:39 - [TEST_STEP][PASSED] - Statement - out.println("RQty : " + Rqty): null

2018-06-04 19:04:39 - [TEST_STEP][PASSED] - Statement - If (java.lang.Integer.valueOf(batchqty) >= java.lang.Integer.valueOf(Rqty)): null

2018-06-04 19:04:39 - [TEST_STEP][PASSED] - Statement - Break: null

2018-06-04 19:04:39 - [TEST_STEP][PASSED] - Statement - batchlength = new com.kms.katalon.core.testobject.TestObject(): null

2018-06-04 19:04:39 - [TEST_STEP][PASSED] - Statement - batchlength = com.kms.katalon.core.webui.keyword.WebUiBuiltInKeywords.modifyObjectProperty(batchlength, "xpath", "equals", "//*[@id = "fldvendor" + row + ""]", true): Modify property of object successfully

2018-06-04 19:04:39 - [MESSAGE][PASSED] - Modify property of object successfully

2018-06-04 19:04:39 - [TEST_STEP][PASSED] - Statement - batchsize = com.kms.katalon.core.webui.keyword.WebUiBuiltInKeywords.getNumberOfTotalOption(batchlength): 25 options of object '' counted

2018-06-04 19:04:39 - [MESSAGE][PASSED] - 25 options of object '' counted

2018-06-04 19:04:39 - [TEST_STEP][PASSED] - Statement - out.println("BatchSize : " + batchsize): null

2018-06-04 19:04:39 - [TEST_STEP][PASSED] - Statement - For ([n = 1, n <= batchsize - 1, (n++)]): null

2018-06-04 19:04:39 - [TEST_STEP][PASSED] - Statement - product = new com.kms.katalon.core.testobject.TestObject(): null

2018-06-04 19:04:39 - [TEST_STEP][PASSED] - Statement - product = com.kms.katalon.core.webui.keyword.WebUiBuiltInKeywords.modifyObjectProperty(product, "xpath", "equals", "//*[@id = "fldvendor" + row + ""]", true): Modify property of object successfully

2018-06-04 19:04:39 - [MESSAGE][PASSED] - Modify property of object successfully

2018-06-04 19:04:39 - [TEST_STEP][PASSED] - selectOptionByIndex: All options with index in [1] are selected on object ''

2018-06-04 19:04:39 - [MESSAGE][PASSED] - All options with index in [1] are selected on object ''

2018-06-04 19:04:39 - [TEST_STEP][PASSED] - delay: Delayed 2 second(s)

2018-06-04 19:04:41 - [MESSAGE][PASSED] - Delayed 2 second(s)

2018-06-04 19:04:41 - [TEST_STEP][PASSED] - Statement - batch = new com.kms.katalon.core.testobject.TestObject(): null

2018-06-04 19:04:41 - [TEST_STEP][PASSED] - Statement - batch = com.kms.katalon.core.webui.keyword.WebUiBuiltInKeywords.modifyObjectProperty(batch, "xpath", "equals", "//*[@id = "txtbthqty" + row + ""]", true): Modify property of object successfully

2018-06-04 19:04:41 - [MESSAGE][PASSED] - Modify property of object successfully

2018-06-04 19:04:41 - [TEST_STEP][PASSED] - Statement - batchqty = com.kms.katalon.core.webui.keyword.WebUiBuiltInKeywords.getAttribute(batch, "value").trim(): Attribute 'value' of object '' is: '3400'

2018-06-04 19:04:41 - [MESSAGE][PASSED] - Attribute 'value' of object '' is: '3400'

2018-06-04 19:04:41 - [TEST_STEP][PASSED] - Statement - Rqty = 100: null

2018-06-04 19:04:41 - [TEST_STEP][PASSED] - Statement - out.println("BatchQty : " + batchqty): null

2018-06-04 19:04:41 - [TEST_STEP][PASSED] - Statement - out.println("RQty : " + Rqty): null

2018-06-04 19:04:41 - [TEST_STEP][PASSED] - Statement - If (java.lang.Integer.valueOf(batchqty) >= java.lang.Integer.valueOf(Rqty)): null

2018-06-04 19:04:41 - [TEST_STEP][PASSED] - Statement - Break: null

2018-06-04 19:04:41 - [TEST_STEP][PASSED] - Statement - batchlength = new com.kms.katalon.core.testobject.TestObject(): null

2018-06-04 19:04:41 - [TEST_STEP][PASSED] - Statement - batchlength = com.kms.katalon.core.webui.keyword.WebUiBuiltInKeywords.modifyObjectProperty(batchlength, "xpath", "equals", "//*[@id = "fldvendor" + row + ""]", true): Modify property of object successfully

2018-06-04 19:04:41 - [MESSAGE][PASSED] - Modify property of object successfully

2018-06-04 19:04:41 - [TEST_STEP][PASSED] - Statement - batchsize = com.kms.katalon.core.webui.keyword.WebUiBuiltInKeywords.getNumberOfTotalOption(batchlength): 13 options of object '' counted

2018-06-04 19:04:41 - [MESSAGE][PASSED] - 13 options of object '' counted

2018-06-04 19:04:41 - [TEST_STEP][PASSED] - Statement - out.println("BatchSize : " + batchsize): null

2018-06-04 19:04:41 - [TEST_STEP][PASSED] - Statement - For ([n = 1, n <= batchsize - 1, (n++)]): null

2018-06-04 19:04:41 - [TEST_STEP][PASSED] - Statement - product = new com.kms.katalon.core.testobject.TestObject(): null

2018-06-04 19:04:41 - [TEST_STEP][PASSED] - Statement - product = com.kms.katalon.core.webui.keyword.WebUiBuiltInKeywords.modifyObjectProperty(product, "xpath", "equals", "//*[@id = "fldvendor" + row + ""]", true): Modify property of object successfully

2018-06-04 19:04:41 - [MESSAGE][PASSED] - Modify property of object successfully

2018-06-04 19:04:41 - [TEST_STEP][PASSED] - selectOptionByIndex: All options with index in [1] are selected on object ''

2018-06-04 19:04:42 - [MESSAGE][PASSED] - All options with index in [1] are selected on object ''

2018-06-04 19:04:42 - [TEST_STEP][PASSED] - delay: Delayed 2 second(s)

2018-06-04 19:04:44 - [MESSAGE][PASSED] - Delayed 2 second(s)

2018-06-04 19:04:44 - [TEST_STEP][PASSED] - Statement - batch = new com.kms.katalon.core.testobject.TestObject(): null

2018-06-04 19:04:44 - [TEST_STEP][PASSED] - Statement - batch = com.kms.katalon.core.webui.keyword.WebUiBuiltInKeywords.modifyObjectProperty(batch, "xpath", "equals", "//*[@id = "txtbthqty" + row + ""]", true): Modify property of object successfully

2018-06-04 19:04:44 - [MESSAGE][PASSED] - Modify property of object successfully

2018-06-04 19:04:44 - [TEST_STEP][PASSED] - Statement - batchqty = com.kms.katalon.core.webui.keyword.WebUiBuiltInKeywords.getAttribute(batch, "value").trim(): Attribute 'value' of object '' is: '2700'

2018-06-04 19:04:44 - [MESSAGE][PASSED] - Attribute 'value' of object '' is: '2700'

2018-06-04 19:04:44 - [TEST_STEP][PASSED] - Statement - Rqty = 100: null

2018-06-04 19:04:44 - [TEST_STEP][PASSED] - Statement - out.println("BatchQty : " + batchqty): null

2018-06-04 19:04:44 - [TEST_STEP][PASSED] - Statement - out.println("RQty : " + Rqty): null

2018-06-04 19:04:44 - [TEST_STEP][PASSED] - Statement - If (java.lang.Integer.valueOf(batchqty) >= java.lang.Integer.valueOf(Rqty)): null

2018-06-04 19:04:44 - [TEST_STEP][PASSED] - Statement - Break: null

2018-06-04 19:04:44 - [TEST_STEP][PASSED] - Statement - batchlength = new com.kms.katalon.core.testobject.TestObject(): null

2018-06-04 19:04:44 - [TEST_STEP][PASSED] - Statement - batchlength = com.kms.katalon.core.webui.keyword.WebUiBuiltInKeywords.modifyObjectProperty(batchlength, "xpath", "equals", "//*[@id = "fldvendor" + row + ""]", true): Modify property of object successfully

2018-06-04 19:04:44 - [MESSAGE][PASSED] - Modify property of object successfully

2018-06-04 19:04:44 - [TEST_STEP][PASSED] - Statement - batchsize = com.kms.katalon.core.webui.keyword.WebUiBuiltInKeywords.getNumberOfTotalOption(batchlength): 13 options of object '' counted

2018-06-04 19:04:44 - [MESSAGE][PASSED] - 13 options of object '' counted

2018-06-04 19:04:44 - [TEST_STEP][PASSED] - Statement - out.println("BatchSize : " + batchsize): null

2018-06-04 19:04:44 - [TEST_STEP][PASSED] - Statement - For ([n = 1, n <= batchsize - 1, (n++)]): null

2018-06-04 19:04:44 - [TEST_STEP][PASSED] - Statement - product = new com.kms.katalon.core.testobject.TestObject(): null

2018-06-04 19:04:44 - [TEST_STEP][PASSED] - Statement - product = com.kms.katalon.core.webui.keyword.WebUiBuiltInKeywords.modifyObjectProperty(product, "xpath", "equals", "//*[@id = "fldvendor" + row + ""]", true): Modify property of object successfully

2018-06-04 19:04:44 - [MESSAGE][PASSED] - Modify property of object successfully

2018-06-04 19:04:44 - [TEST_STEP][PASSED] - selectOptionByIndex: All options with index in [1] are selected on object ''

2018-06-04 19:04:44 - [MESSAGE][PASSED] - All options with index in [1] are selected on object ''

2018-06-04 19:04:44 - [TEST_STEP][PASSED] - delay: Delayed 2 second(s)

2018-06-04 19:04:46 - [MESSAGE][PASSED] - Delayed 2 second(s)

2018-06-04 19:04:46 - [TEST_STEP][PASSED] - Statement - batch = new com.kms.katalon.core.testobject.TestObject(): null

2018-06-04 19:04:46 - [TEST_STEP][PASSED] - Statement - batch = com.kms.katalon.core.webui.keyword.WebUiBuiltInKeywords.modifyObjectProperty(batch, "xpath", "equals", "//*[@id = "txtbthqty" + row + ""]", true): Modify property of object successfully

2018-06-04 19:04:46 - [MESSAGE][PASSED] - Modify property of object successfully

2018-06-04 19:04:46 - [TEST_STEP][PASSED] - Statement - batchqty = com.kms.katalon.core.webui.keyword.WebUiBuiltInKeywords.getAttribute(batch, "value").trim(): Attribute 'value' of object '' is: '26600'

2018-06-04 19:04:46 - [MESSAGE][PASSED] - Attribute 'value' of object '' is: '26600'

2018-06-04 19:04:46 - [TEST_STEP][PASSED] - Statement - Rqty = 100: null

2018-06-04 19:04:46 - [TEST_STEP][PASSED] - Statement - out.println("BatchQty : " + batchqty): null

2018-06-04 19:04:46 - [TEST_STEP][PASSED] - Statement - out.println("RQty : " + Rqty): null

2018-06-04 19:04:46 - [TEST_STEP][PASSED] - Statement - If (java.lang.Integer.valueOf(batchqty) >= java.lang.Integer.valueOf(Rqty)): null

2018-06-04 19:04:46 - [TEST_STEP][PASSED] - Statement - Break: null

2018-06-04 19:04:46 - [TEST_STEP][PASSED] - click: Object: 'Object Repository/store Request Schedule 1/Page_KDMC - CMS/input_btndispatch' is clicked on

2018-06-04 19:04:46 - [MESSAGE][PASSED] - Object: 'Object Repository/store Request Schedule 1/Page_KDMC - CMS/input_btndispatch' is clicked on

2018-06-04 19:04:46 - [TEST_STEP][PASSED] - waitForElementVisible: Object 'Object Repository/store Request Schedule 1/Page_KDMC - CMS/button_OK' is visible

2018-06-04 19:04:47 - [MESSAGE][PASSED] - Object 'Object Repository/store Request Schedule 1/Page_KDMC - CMS/button_OK' is visible

2018-06-04 19:04:47 - [TEST_STEP][PASSED] - click: Object: 'Object Repository/store Request Schedule 1/Page_KDMC - CMS/button_OK' is clicked on

2018-06-04 19:04:48 - [MESSAGE][PASSED] - Object: 'Object Repository/store Request Schedule 1/Page_KDMC - CMS/button_OK' is clicked on

2018-06-04 19:04:48 - [TEST_STEP][PASSED] - delay: Delayed 3 second(s)

2018-06-04 19:04:51 - [MESSAGE][PASSED] - Delayed 3 second(s)

2018-06-04 19:04:51 - [TEST_STEP][PASSED] - click: Object: 'Object Repository/store Request Schedule 1/Page_KDMC - CMS/a_dropdown-toggle' is clicked on

2018-06-04 19:04:51 - [MESSAGE][PASSED] - Object: 'Object Repository/store Request Schedule 1/Page_KDMC - CMS/a_dropdown-toggle' is clicked on

2018-06-04 19:04:51 - [TEST_STEP][PASSED] - click: Object: 'Object Repository/store Request Schedule 1/Page_KDMC - CMS/a_Sign out' is clicked on

2018-06-04 19:04:51 - [MESSAGE][PASSED] - Object: 'Object Repository/store Request Schedule 1/Page_KDMC - CMS/a_Sign out' is clicked on

2018-06-04 19:04:51 - [TEST_STEP][PASSED] - delay: Delayed 3 second(s)

2018-06-04 19:04:54 - [MESSAGE][PASSED] - Delayed 3 second(s)

2018-06-04 19:04:54 - [TEST_STEP][PASSED] - click: Object: 'Object Repository/Store Request Schedule 1/Page_KDMC/a_Divisional Store' is clicked on

2018-06-04 19:04:55 - [MESSAGE][PASSED] - Object: 'Object Repository/Store Request Schedule 1/Page_KDMC/a_Divisional Store' is clicked on

2018-06-04 19:04:55 - [TEST_STEP][PASSED] - setText: Text 'ragu' is set on object 'Object Repository/Store Request Schedule 1/Page_Divisonal Store Login/input_txtusername'

2018-06-04 19:04:55 - [MESSAGE][PASSED] - Text 'ragu' is set on object 'Object Repository/Store Request Schedule 1/Page_Divisonal Store Login/input_txtusername'

2018-06-04 19:04:55 - [TEST_STEP][PASSED] - setText: Text '123' is set on object 'Object Repository/Store Request Schedule 1/Page_Divisonal Store Login/input_txtpassword'

2018-06-04 19:04:55 - [MESSAGE][PASSED] - Text '123' is set on object 'Object Repository/Store Request Schedule 1/Page_Divisonal Store Login/input_txtpassword'

2018-06-04 19:04:55 - [TEST_STEP][PASSED] - delay: Delayed 3 second(s)

2018-06-04 19:04:58 - [MESSAGE][PASSED] - Delayed 3 second(s)

2018-06-04 19:04:58 - [TEST_STEP][PASSED] - click: Object: 'Object Repository/Store Request Schedule 1/Page_Divisonal Store Login/button_Sign in' is clicked on

2018-06-04 19:05:00 - [MESSAGE][PASSED] - Object: 'Object Repository/Store Request Schedule 1/Page_Divisonal Store Login/button_Sign in' is clicked on

2018-06-04 19:05:00 - [TEST_STEP][PASSED] - delay: Delayed 3 second(s)

2018-06-04 19:05:03 - [MESSAGE][PASSED] - Delayed 3 second(s)

2018-06-04 19:05:03 - [TEST_STEP][PASSED] - click: Object: 'Object Repository/Store Request Schedule 1/Page_Store/a_CMS' is clicked on

2018-06-04 19:05:03 - [MESSAGE][PASSED] - Object: 'Object Repository/Store Request Schedule 1/Page_Store/a_CMS' is clicked on

2018-06-04 19:05:03 - [TEST_STEP][PASSED] - delay: Delayed 2 second(s)

2018-06-04 19:05:05 - [MESSAGE][PASSED] - Delayed 2 second(s)

2018-06-04 19:05:05 - [TEST_STEP][PASSED] - click: Object: 'Object Repository/Store Request Schedule 1/Page_Store/a_Receiving Goods' is clicked on

2018-06-04 19:05:06 - [MESSAGE][PASSED] - Object: 'Object Repository/Store Request Schedule 1/Page_Store/a_Receiving Goods' is clicked on

2018-06-04 19:05:06 - [TEST_STEP][PASSED] - setText: Text 'PRNO/04062018/596' is set on object 'Object Repository/Store Request Schedule 1/Page_Store/input'

2018-06-04 19:05:06 - [MESSAGE][PASSED] - Text 'PRNO/04062018/596' is set on object 'Object Repository/Store Request Schedule 1/Page_Store/input'

2018-06-04 19:05:06 - [TEST_STEP][PASSED] - click: Object: 'Object Repository/Store Request Schedule 1/Page_Store/input_btn btn-primary' is clicked on

2018-06-04 19:05:07 - [MESSAGE][PASSED] - Object: 'Object Repository/Store Request Schedule 1/Page_Store/input_btn btn-primary' is clicked on

2018-06-04 19:05:07 - [TEST_STEP][PASSED] - delay: Delayed 2 second(s)

2018-06-04 19:05:09 - [MESSAGE][PASSED] - Delayed 2 second(s)

2018-06-04 19:05:09 - [TEST_STEP][PASSED] - click: Object: 'Object Repository/Store Request Schedule 1/Page_Store/input_chkrem' is clicked on

2018-06-04 19:05:09 - [MESSAGE][PASSED] - Object: 'Object Repository/Store Request Schedule 1/Page_Store/input_chkrem' is clicked on

2018-06-04 19:05:09 - [TEST_STEP][PASSED] - scrollToElement: Scroll to object 'Object Repository/Store Request Schedule 1/Page_Store/input_btchkroqadd' successfully

2018-06-04 19:05:09 - [MESSAGE][PASSED] - Scroll to object 'Object Repository/Store Request Schedule 1/Page_Store/input_btchkroqadd' successfully

2018-06-04 19:05:09 - [TEST_STEP][PASSED] - click: Object: 'Object Repository/Store Request Schedule 1/Page_Store/input_btchkroqadd' is clicked on

2018-06-04 19:05:09 - [MESSAGE][PASSED] - Object: 'Object Repository/Store Request Schedule 1/Page_Store/input_btchkroqadd' is clicked on

2018-06-04 19:05:09 - [TEST_STEP][PASSED] - delay: Delayed 2 second(s)

2018-06-04 19:05:11 - [MESSAGE][PASSED] - Delayed 2 second(s)

2018-06-04 19:05:11 - [TEST_STEP][PASSED] - refresh: Refresh successfully

2018-06-04 19:05:12 - [MESSAGE][PASSED] - Refresh successfully

2018-06-04 19:05:12 - [TEST_STEP][PASSED] - delay: Delayed 3 second(s)

2018-06-04 19:05:15 - [MESSAGE][PASSED] - Delayed 3 second(s)

2018-06-04 19:05:15 - [TEST_STEP][PASSED] - click: Object: 'Object Repository/Store Request Schedule 1/Page_Store/a_dropdown-toggle' is clicked on

2018-06-04 19:05:15 - [MESSAGE][PASSED] - Object: 'Object Repository/Store Request Schedule 1/Page_Store/a_dropdown-toggle' is clicked on

2018-06-04 19:05:15 - [TEST_STEP][PASSED] - click: Object: 'Object Repository/Store Request Schedule 1/Page_Store/a_Sign out' is clicked on

2018-06-04 19:05:15 - [MESSAGE][PASSED] - Object: 'Object Repository/Store Request Schedule 1/Page_Store/a_Sign out' is clicked on

2018-06-04 19:05:15 - [TEST_STEP][PASSED] - closeBrowser: Browser is closed

2018-06-04 19:05:16 - [MESSAGE][PASSED] - Browser is closed

2018-06-04 19:05:16 - [TEST_STEP][PASSED] - Statement - out.println("Schedule 8 STORE Request Are Working Successfully"): null]]></system-out>
         <system-err><![CDATA[]]></system-err>
      </testcase>
      <testcase name="Test Cases/STORE TO CMS REQUEST TEST CASES/TC_STCMS_009 To Verify Schedule 9 Store To CMS Request Are Working Successfully Or Not" classname="Test Cases/STORE TO CMS REQUEST TEST CASES/TC_STCMS_009 To Verify Schedule 9 Store To CMS Request Are Working Successfully Or Not" status="PASSED">
         <system-out><![CDATA[2018-06-04 19:05:16 - [TEST_CASE][PASSED] - Test Cases/STORE TO CMS REQUEST TEST CASES/TC_STCMS_009 To Verify Schedule 9 Store To CMS Request Are Working Successfully Or Not: Test Cases/STORE TO CMS REQUEST TEST CASES/TC_STCMS_009 To Verify Schedule 9 Store To CMS Request Are Working Successfully Or Not

2018-06-04 19:05:16 - [TEST_STEP][PASSED] - openBrowser: Browser is opened with url: ''

2018-06-04 19:05:18 - [MESSAGE][PASSED] - Browser is opened with url: ''

2018-06-04 19:05:18 - [TEST_STEP][PASSED] - Statement - out.println("Verify Schedule 9 STORE Request Are Working Successfully Or Not"): null

2018-06-04 19:05:18 - [TEST_STEP][PASSED] - navigateToUrl: Navigate to 'http://192.168.137.1/multihospital_new/' successfully

2018-06-04 19:05:21 - [MESSAGE][PASSED] - Navigate to 'http://192.168.137.1/multihospital_new/' successfully

2018-06-04 19:05:21 - [TEST_STEP][PASSED] - maximizeWindow: Current window maximized

2018-06-04 19:05:22 - [MESSAGE][PASSED] - Current window maximized

2018-06-04 19:05:22 - [TEST_STEP][PASSED] - click: Object: 'Object Repository/Store Request Schedule 1/Page_KDMC/a_Divisional Store' is clicked on

2018-06-04 19:05:23 - [MESSAGE][PASSED] - Object: 'Object Repository/Store Request Schedule 1/Page_KDMC/a_Divisional Store' is clicked on

2018-06-04 19:05:23 - [TEST_STEP][PASSED] - setText: Text 'ragu' is set on object 'Object Repository/Store Request Schedule 1/Page_Divisonal Store Login/input_txtusername'

2018-06-04 19:05:23 - [MESSAGE][PASSED] - Text 'ragu' is set on object 'Object Repository/Store Request Schedule 1/Page_Divisonal Store Login/input_txtusername'

2018-06-04 19:05:23 - [TEST_STEP][PASSED] - setText: Text '123' is set on object 'Object Repository/Store Request Schedule 1/Page_Divisonal Store Login/input_txtpassword'

2018-06-04 19:05:23 - [MESSAGE][PASSED] - Text '123' is set on object 'Object Repository/Store Request Schedule 1/Page_Divisonal Store Login/input_txtpassword'

2018-06-04 19:05:23 - [TEST_STEP][PASSED] - delay: Delayed 3 second(s)

2018-06-04 19:05:26 - [MESSAGE][PASSED] - Delayed 3 second(s)

2018-06-04 19:05:26 - [TEST_STEP][PASSED] - click: Object: 'Object Repository/Store Request Schedule 1/Page_Divisonal Store Login/button_Sign in' is clicked on

2018-06-04 19:05:27 - [MESSAGE][PASSED] - Object: 'Object Repository/Store Request Schedule 1/Page_Divisonal Store Login/button_Sign in' is clicked on

2018-06-04 19:05:27 - [TEST_STEP][PASSED] - delay: Delayed 3 second(s)

2018-06-04 19:05:30 - [MESSAGE][PASSED] - Delayed 3 second(s)

2018-06-04 19:05:30 - [TEST_STEP][PASSED] - click: Object: 'Object Repository/Store Request Schedule 1/Page_Store/a_CMS' is clicked on

2018-06-04 19:05:30 - [MESSAGE][PASSED] - Object: 'Object Repository/Store Request Schedule 1/Page_Store/a_CMS' is clicked on

2018-06-04 19:05:30 - [TEST_STEP][PASSED] - delay: Delayed 2 second(s)

2018-06-04 19:05:32 - [MESSAGE][PASSED] - Delayed 2 second(s)

2018-06-04 19:05:32 - [TEST_STEP][PASSED] - click: Object: 'Object Repository/Store Request Schedule 1/Page_Store/a_Request Send' is clicked on

2018-06-04 19:05:33 - [MESSAGE][PASSED] - Object: 'Object Repository/Store Request Schedule 1/Page_Store/a_Request Send' is clicked on

2018-06-04 19:05:33 - [TEST_STEP][PASSED] - selectOptionByIndex: All options with index in [1] are selected on object 'Object Repository/Store Request Schedule 1/Page_Store/select_--Select--'

2018-06-04 19:05:34 - [MESSAGE][PASSED] - All options with index in [1] are selected on object 'Object Repository/Store Request Schedule 1/Page_Store/select_--Select--'

2018-06-04 19:05:34 - [TEST_STEP][PASSED] - selectOptionByIndex: All options with index in [9] are selected on object 'Object Repository/Store Request Schedule 1/Page_Store/select_--Select--Schedule 1Inj'

2018-06-04 19:05:34 - [MESSAGE][PASSED] - All options with index in [9] are selected on object 'Object Repository/Store Request Schedule 1/Page_Store/select_--Select--Schedule 1Inj'

2018-06-04 19:05:34 - [TEST_STEP][PASSED] - Statement - SelectedOptions = com.kms.katalon.core.webui.keyword.WebUiBuiltInKeywords.getNumberOfTotalOption(com.kms.katalon.core.testobject.ObjectRepository.findTestObject(Store Request Schedule 1/Page_Store/select_--Select--Adernaline 0.)): 36 options of object 'Object Repository/Store Request Schedule 1/Page_Store/select_--Select--Adernaline 0.' counted

2018-06-04 19:05:34 - [MESSAGE][PASSED] - 36 options of object 'Object Repository/Store Request Schedule 1/Page_Store/select_--Select--Adernaline 0.' counted

2018-06-04 19:05:34 - [TEST_STEP][PASSED] - Statement - For ([y = 1, y < SelectedOptions, (y++)]): Object: 'Object Repository/Store Request Schedule 1/Page_Store/button_Add' is clicked on

2018-06-04 19:05:34 - [TEST_STEP][PASSED] - selectOptionByIndex: All options with index in [9] are selected on object 'Object Repository/Store Request Schedule 1/Page_Store/select_--Select--Schedule 1Inj'

2018-06-04 19:05:34 - [MESSAGE][PASSED] - All options with index in [9] are selected on object 'Object Repository/Store Request Schedule 1/Page_Store/select_--Select--Schedule 1Inj'

2018-06-04 19:05:34 - [TEST_STEP][PASSED] - delay: Delayed 1 second(s)

2018-06-04 19:05:35 - [MESSAGE][PASSED] - Delayed 1 second(s)

2018-06-04 19:05:35 - [TEST_STEP][PASSED] - selectOptionByIndex: All options with index in [1] are selected on object 'Object Repository/Store Request Schedule 1/Page_Store/select_--Select--Adernaline 0.'

2018-06-04 19:05:35 - [MESSAGE][PASSED] - All options with index in [1] are selected on object 'Object Repository/Store Request Schedule 1/Page_Store/select_--Select--Adernaline 0.'

2018-06-04 19:05:35 - [TEST_STEP][PASSED] - setText: Text '100' is set on object 'Object Repository/Store Request Schedule 1/Page_Store/input_txttreat'

2018-06-04 19:05:35 - [MESSAGE][PASSED] - Text '100' is set on object 'Object Repository/Store Request Schedule 1/Page_Store/input_txttreat'

2018-06-04 19:05:35 - [TEST_STEP][PASSED] - click: Object: 'Object Repository/Store Request Schedule 1/Page_Store/button_Add' is clicked on

2018-06-04 19:05:35 - [MESSAGE][PASSED] - Object: 'Object Repository/Store Request Schedule 1/Page_Store/button_Add' is clicked on

2018-06-04 19:05:35 - [TEST_STEP][PASSED] - selectOptionByIndex: All options with index in [9] are selected on object 'Object Repository/Store Request Schedule 1/Page_Store/select_--Select--Schedule 1Inj'

2018-06-04 19:05:36 - [MESSAGE][PASSED] - All options with index in [9] are selected on object 'Object Repository/Store Request Schedule 1/Page_Store/select_--Select--Schedule 1Inj'

2018-06-04 19:05:36 - [TEST_STEP][PASSED] - delay: Delayed 1 second(s)

2018-06-04 19:05:37 - [MESSAGE][PASSED] - Delayed 1 second(s)

2018-06-04 19:05:37 - [TEST_STEP][PASSED] - selectOptionByIndex: All options with index in [2] are selected on object 'Object Repository/Store Request Schedule 1/Page_Store/select_--Select--Adernaline 0.'

2018-06-04 19:05:37 - [MESSAGE][PASSED] - All options with index in [2] are selected on object 'Object Repository/Store Request Schedule 1/Page_Store/select_--Select--Adernaline 0.'

2018-06-04 19:05:37 - [TEST_STEP][PASSED] - setText: Text '100' is set on object 'Object Repository/Store Request Schedule 1/Page_Store/input_txttreat'

2018-06-04 19:05:37 - [MESSAGE][PASSED] - Text '100' is set on object 'Object Repository/Store Request Schedule 1/Page_Store/input_txttreat'

2018-06-04 19:05:37 - [TEST_STEP][PASSED] - click: Object: 'Object Repository/Store Request Schedule 1/Page_Store/button_Add' is clicked on

2018-06-04 19:05:37 - [MESSAGE][PASSED] - Object: 'Object Repository/Store Request Schedule 1/Page_Store/button_Add' is clicked on

2018-06-04 19:05:37 - [TEST_STEP][PASSED] - selectOptionByIndex: All options with index in [9] are selected on object 'Object Repository/Store Request Schedule 1/Page_Store/select_--Select--Schedule 1Inj'

2018-06-04 19:05:37 - [MESSAGE][PASSED] - All options with index in [9] are selected on object 'Object Repository/Store Request Schedule 1/Page_Store/select_--Select--Schedule 1Inj'

2018-06-04 19:05:37 - [TEST_STEP][PASSED] - delay: Delayed 1 second(s)

2018-06-04 19:05:38 - [MESSAGE][PASSED] - Delayed 1 second(s)

2018-06-04 19:05:38 - [TEST_STEP][PASSED] - selectOptionByIndex: All options with index in [3] are selected on object 'Object Repository/Store Request Schedule 1/Page_Store/select_--Select--Adernaline 0.'

2018-06-04 19:05:38 - [MESSAGE][PASSED] - All options with index in [3] are selected on object 'Object Repository/Store Request Schedule 1/Page_Store/select_--Select--Adernaline 0.'

2018-06-04 19:05:38 - [TEST_STEP][PASSED] - setText: Text '100' is set on object 'Object Repository/Store Request Schedule 1/Page_Store/input_txttreat'

2018-06-04 19:05:38 - [MESSAGE][PASSED] - Text '100' is set on object 'Object Repository/Store Request Schedule 1/Page_Store/input_txttreat'

2018-06-04 19:05:38 - [TEST_STEP][PASSED] - click: Object: 'Object Repository/Store Request Schedule 1/Page_Store/button_Add' is clicked on

2018-06-04 19:05:38 - [MESSAGE][PASSED] - Object: 'Object Repository/Store Request Schedule 1/Page_Store/button_Add' is clicked on

2018-06-04 19:05:38 - [TEST_STEP][PASSED] - selectOptionByIndex: All options with index in [9] are selected on object 'Object Repository/Store Request Schedule 1/Page_Store/select_--Select--Schedule 1Inj'

2018-06-04 19:05:39 - [MESSAGE][PASSED] - All options with index in [9] are selected on object 'Object Repository/Store Request Schedule 1/Page_Store/select_--Select--Schedule 1Inj'

2018-06-04 19:05:39 - [TEST_STEP][PASSED] - delay: Delayed 1 second(s)

2018-06-04 19:05:40 - [MESSAGE][PASSED] - Delayed 1 second(s)

2018-06-04 19:05:40 - [TEST_STEP][PASSED] - selectOptionByIndex: All options with index in [4] are selected on object 'Object Repository/Store Request Schedule 1/Page_Store/select_--Select--Adernaline 0.'

2018-06-04 19:05:40 - [MESSAGE][PASSED] - All options with index in [4] are selected on object 'Object Repository/Store Request Schedule 1/Page_Store/select_--Select--Adernaline 0.'

2018-06-04 19:05:40 - [TEST_STEP][PASSED] - setText: Text '100' is set on object 'Object Repository/Store Request Schedule 1/Page_Store/input_txttreat'

2018-06-04 19:05:40 - [MESSAGE][PASSED] - Text '100' is set on object 'Object Repository/Store Request Schedule 1/Page_Store/input_txttreat'

2018-06-04 19:05:40 - [TEST_STEP][PASSED] - click: Object: 'Object Repository/Store Request Schedule 1/Page_Store/button_Add' is clicked on

2018-06-04 19:05:40 - [MESSAGE][PASSED] - Object: 'Object Repository/Store Request Schedule 1/Page_Store/button_Add' is clicked on

2018-06-04 19:05:40 - [TEST_STEP][PASSED] - selectOptionByIndex: All options with index in [9] are selected on object 'Object Repository/Store Request Schedule 1/Page_Store/select_--Select--Schedule 1Inj'

2018-06-04 19:05:40 - [MESSAGE][PASSED] - All options with index in [9] are selected on object 'Object Repository/Store Request Schedule 1/Page_Store/select_--Select--Schedule 1Inj'

2018-06-04 19:05:40 - [TEST_STEP][PASSED] - delay: Delayed 1 second(s)

2018-06-04 19:05:41 - [MESSAGE][PASSED] - Delayed 1 second(s)

2018-06-04 19:05:41 - [TEST_STEP][PASSED] - selectOptionByIndex: All options with index in [5] are selected on object 'Object Repository/Store Request Schedule 1/Page_Store/select_--Select--Adernaline 0.'

2018-06-04 19:05:41 - [MESSAGE][PASSED] - All options with index in [5] are selected on object 'Object Repository/Store Request Schedule 1/Page_Store/select_--Select--Adernaline 0.'

2018-06-04 19:05:41 - [TEST_STEP][PASSED] - setText: Text '100' is set on object 'Object Repository/Store Request Schedule 1/Page_Store/input_txttreat'

2018-06-04 19:05:41 - [MESSAGE][PASSED] - Text '100' is set on object 'Object Repository/Store Request Schedule 1/Page_Store/input_txttreat'

2018-06-04 19:05:41 - [TEST_STEP][PASSED] - click: Object: 'Object Repository/Store Request Schedule 1/Page_Store/button_Add' is clicked on

2018-06-04 19:05:42 - [MESSAGE][PASSED] - Object: 'Object Repository/Store Request Schedule 1/Page_Store/button_Add' is clicked on

2018-06-04 19:05:42 - [TEST_STEP][PASSED] - selectOptionByIndex: All options with index in [9] are selected on object 'Object Repository/Store Request Schedule 1/Page_Store/select_--Select--Schedule 1Inj'

2018-06-04 19:05:42 - [MESSAGE][PASSED] - All options with index in [9] are selected on object 'Object Repository/Store Request Schedule 1/Page_Store/select_--Select--Schedule 1Inj'

2018-06-04 19:05:42 - [TEST_STEP][PASSED] - delay: Delayed 1 second(s)

2018-06-04 19:05:43 - [MESSAGE][PASSED] - Delayed 1 second(s)

2018-06-04 19:05:43 - [TEST_STEP][PASSED] - selectOptionByIndex: All options with index in [6] are selected on object 'Object Repository/Store Request Schedule 1/Page_Store/select_--Select--Adernaline 0.'

2018-06-04 19:05:43 - [MESSAGE][PASSED] - All options with index in [6] are selected on object 'Object Repository/Store Request Schedule 1/Page_Store/select_--Select--Adernaline 0.'

2018-06-04 19:05:43 - [TEST_STEP][PASSED] - setText: Text '100' is set on object 'Object Repository/Store Request Schedule 1/Page_Store/input_txttreat'

2018-06-04 19:05:43 - [MESSAGE][PASSED] - Text '100' is set on object 'Object Repository/Store Request Schedule 1/Page_Store/input_txttreat'

2018-06-04 19:05:43 - [TEST_STEP][PASSED] - click: Object: 'Object Repository/Store Request Schedule 1/Page_Store/button_Add' is clicked on

2018-06-04 19:05:43 - [MESSAGE][PASSED] - Object: 'Object Repository/Store Request Schedule 1/Page_Store/button_Add' is clicked on

2018-06-04 19:05:43 - [TEST_STEP][PASSED] - selectOptionByIndex: All options with index in [9] are selected on object 'Object Repository/Store Request Schedule 1/Page_Store/select_--Select--Schedule 1Inj'

2018-06-04 19:05:43 - [MESSAGE][PASSED] - All options with index in [9] are selected on object 'Object Repository/Store Request Schedule 1/Page_Store/select_--Select--Schedule 1Inj'

2018-06-04 19:05:43 - [TEST_STEP][PASSED] - delay: Delayed 1 second(s)

2018-06-04 19:05:44 - [MESSAGE][PASSED] - Delayed 1 second(s)

2018-06-04 19:05:44 - [TEST_STEP][PASSED] - selectOptionByIndex: All options with index in [7] are selected on object 'Object Repository/Store Request Schedule 1/Page_Store/select_--Select--Adernaline 0.'

2018-06-04 19:05:44 - [MESSAGE][PASSED] - All options with index in [7] are selected on object 'Object Repository/Store Request Schedule 1/Page_Store/select_--Select--Adernaline 0.'

2018-06-04 19:05:44 - [TEST_STEP][PASSED] - setText: Text '100' is set on object 'Object Repository/Store Request Schedule 1/Page_Store/input_txttreat'

2018-06-04 19:05:45 - [MESSAGE][PASSED] - Text '100' is set on object 'Object Repository/Store Request Schedule 1/Page_Store/input_txttreat'

2018-06-04 19:05:45 - [TEST_STEP][PASSED] - click: Object: 'Object Repository/Store Request Schedule 1/Page_Store/button_Add' is clicked on

2018-06-04 19:05:45 - [MESSAGE][PASSED] - Object: 'Object Repository/Store Request Schedule 1/Page_Store/button_Add' is clicked on

2018-06-04 19:05:45 - [TEST_STEP][PASSED] - selectOptionByIndex: All options with index in [9] are selected on object 'Object Repository/Store Request Schedule 1/Page_Store/select_--Select--Schedule 1Inj'

2018-06-04 19:05:45 - [MESSAGE][PASSED] - All options with index in [9] are selected on object 'Object Repository/Store Request Schedule 1/Page_Store/select_--Select--Schedule 1Inj'

2018-06-04 19:05:45 - [TEST_STEP][PASSED] - delay: Delayed 1 second(s)

2018-06-04 19:05:46 - [MESSAGE][PASSED] - Delayed 1 second(s)

2018-06-04 19:05:46 - [TEST_STEP][PASSED] - selectOptionByIndex: All options with index in [8] are selected on object 'Object Repository/Store Request Schedule 1/Page_Store/select_--Select--Adernaline 0.'

2018-06-04 19:05:46 - [MESSAGE][PASSED] - All options with index in [8] are selected on object 'Object Repository/Store Request Schedule 1/Page_Store/select_--Select--Adernaline 0.'

2018-06-04 19:05:46 - [TEST_STEP][PASSED] - setText: Text '100' is set on object 'Object Repository/Store Request Schedule 1/Page_Store/input_txttreat'

2018-06-04 19:05:46 - [MESSAGE][PASSED] - Text '100' is set on object 'Object Repository/Store Request Schedule 1/Page_Store/input_txttreat'

2018-06-04 19:05:46 - [TEST_STEP][PASSED] - click: Object: 'Object Repository/Store Request Schedule 1/Page_Store/button_Add' is clicked on

2018-06-04 19:05:46 - [MESSAGE][PASSED] - Object: 'Object Repository/Store Request Schedule 1/Page_Store/button_Add' is clicked on

2018-06-04 19:05:46 - [TEST_STEP][PASSED] - selectOptionByIndex: All options with index in [9] are selected on object 'Object Repository/Store Request Schedule 1/Page_Store/select_--Select--Schedule 1Inj'

2018-06-04 19:05:46 - [MESSAGE][PASSED] - All options with index in [9] are selected on object 'Object Repository/Store Request Schedule 1/Page_Store/select_--Select--Schedule 1Inj'

2018-06-04 19:05:46 - [TEST_STEP][PASSED] - delay: Delayed 1 second(s)

2018-06-04 19:05:47 - [MESSAGE][PASSED] - Delayed 1 second(s)

2018-06-04 19:05:47 - [TEST_STEP][PASSED] - selectOptionByIndex: All options with index in [9] are selected on object 'Object Repository/Store Request Schedule 1/Page_Store/select_--Select--Adernaline 0.'

2018-06-04 19:05:48 - [MESSAGE][PASSED] - All options with index in [9] are selected on object 'Object Repository/Store Request Schedule 1/Page_Store/select_--Select--Adernaline 0.'

2018-06-04 19:05:48 - [TEST_STEP][PASSED] - setText: Text '100' is set on object 'Object Repository/Store Request Schedule 1/Page_Store/input_txttreat'

2018-06-04 19:05:48 - [MESSAGE][PASSED] - Text '100' is set on object 'Object Repository/Store Request Schedule 1/Page_Store/input_txttreat'

2018-06-04 19:05:48 - [TEST_STEP][PASSED] - click: Object: 'Object Repository/Store Request Schedule 1/Page_Store/button_Add' is clicked on

2018-06-04 19:05:48 - [MESSAGE][PASSED] - Object: 'Object Repository/Store Request Schedule 1/Page_Store/button_Add' is clicked on

2018-06-04 19:05:48 - [TEST_STEP][PASSED] - selectOptionByIndex: All options with index in [9] are selected on object 'Object Repository/Store Request Schedule 1/Page_Store/select_--Select--Schedule 1Inj'

2018-06-04 19:05:48 - [MESSAGE][PASSED] - All options with index in [9] are selected on object 'Object Repository/Store Request Schedule 1/Page_Store/select_--Select--Schedule 1Inj'

2018-06-04 19:05:48 - [TEST_STEP][PASSED] - delay: Delayed 1 second(s)

2018-06-04 19:05:49 - [MESSAGE][PASSED] - Delayed 1 second(s)

2018-06-04 19:05:49 - [TEST_STEP][PASSED] - selectOptionByIndex: All options with index in [10] are selected on object 'Object Repository/Store Request Schedule 1/Page_Store/select_--Select--Adernaline 0.'

2018-06-04 19:05:49 - [MESSAGE][PASSED] - All options with index in [10] are selected on object 'Object Repository/Store Request Schedule 1/Page_Store/select_--Select--Adernaline 0.'

2018-06-04 19:05:49 - [TEST_STEP][PASSED] - setText: Text '100' is set on object 'Object Repository/Store Request Schedule 1/Page_Store/input_txttreat'

2018-06-04 19:05:49 - [MESSAGE][PASSED] - Text '100' is set on object 'Object Repository/Store Request Schedule 1/Page_Store/input_txttreat'

2018-06-04 19:05:49 - [TEST_STEP][PASSED] - click: Object: 'Object Repository/Store Request Schedule 1/Page_Store/button_Add' is clicked on

2018-06-04 19:05:49 - [MESSAGE][PASSED] - Object: 'Object Repository/Store Request Schedule 1/Page_Store/button_Add' is clicked on

2018-06-04 19:05:49 - [TEST_STEP][PASSED] - selectOptionByIndex: All options with index in [9] are selected on object 'Object Repository/Store Request Schedule 1/Page_Store/select_--Select--Schedule 1Inj'

2018-06-04 19:05:50 - [MESSAGE][PASSED] - All options with index in [9] are selected on object 'Object Repository/Store Request Schedule 1/Page_Store/select_--Select--Schedule 1Inj'

2018-06-04 19:05:50 - [TEST_STEP][PASSED] - delay: Delayed 1 second(s)

2018-06-04 19:05:51 - [MESSAGE][PASSED] - Delayed 1 second(s)

2018-06-04 19:05:51 - [TEST_STEP][PASSED] - selectOptionByIndex: All options with index in [11] are selected on object 'Object Repository/Store Request Schedule 1/Page_Store/select_--Select--Adernaline 0.'

2018-06-04 19:05:51 - [MESSAGE][PASSED] - All options with index in [11] are selected on object 'Object Repository/Store Request Schedule 1/Page_Store/select_--Select--Adernaline 0.'

2018-06-04 19:05:51 - [TEST_STEP][PASSED] - setText: Text '100' is set on object 'Object Repository/Store Request Schedule 1/Page_Store/input_txttreat'

2018-06-04 19:05:51 - [MESSAGE][PASSED] - Text '100' is set on object 'Object Repository/Store Request Schedule 1/Page_Store/input_txttreat'

2018-06-04 19:05:51 - [TEST_STEP][PASSED] - click: Object: 'Object Repository/Store Request Schedule 1/Page_Store/button_Add' is clicked on

2018-06-04 19:05:51 - [MESSAGE][PASSED] - Object: 'Object Repository/Store Request Schedule 1/Page_Store/button_Add' is clicked on

2018-06-04 19:05:51 - [TEST_STEP][PASSED] - selectOptionByIndex: All options with index in [9] are selected on object 'Object Repository/Store Request Schedule 1/Page_Store/select_--Select--Schedule 1Inj'

2018-06-04 19:05:51 - [MESSAGE][PASSED] - All options with index in [9] are selected on object 'Object Repository/Store Request Schedule 1/Page_Store/select_--Select--Schedule 1Inj'

2018-06-04 19:05:51 - [TEST_STEP][PASSED] - delay: Delayed 1 second(s)

2018-06-04 19:05:52 - [MESSAGE][PASSED] - Delayed 1 second(s)

2018-06-04 19:05:52 - [TEST_STEP][PASSED] - selectOptionByIndex: All options with index in [12] are selected on object 'Object Repository/Store Request Schedule 1/Page_Store/select_--Select--Adernaline 0.'

2018-06-04 19:05:53 - [MESSAGE][PASSED] - All options with index in [12] are selected on object 'Object Repository/Store Request Schedule 1/Page_Store/select_--Select--Adernaline 0.'

2018-06-04 19:05:53 - [TEST_STEP][PASSED] - setText: Text '100' is set on object 'Object Repository/Store Request Schedule 1/Page_Store/input_txttreat'

2018-06-04 19:05:53 - [MESSAGE][PASSED] - Text '100' is set on object 'Object Repository/Store Request Schedule 1/Page_Store/input_txttreat'

2018-06-04 19:05:53 - [TEST_STEP][PASSED] - click: Object: 'Object Repository/Store Request Schedule 1/Page_Store/button_Add' is clicked on

2018-06-04 19:05:53 - [MESSAGE][PASSED] - Object: 'Object Repository/Store Request Schedule 1/Page_Store/button_Add' is clicked on

2018-06-04 19:05:53 - [TEST_STEP][PASSED] - selectOptionByIndex: All options with index in [9] are selected on object 'Object Repository/Store Request Schedule 1/Page_Store/select_--Select--Schedule 1Inj'

2018-06-04 19:05:53 - [MESSAGE][PASSED] - All options with index in [9] are selected on object 'Object Repository/Store Request Schedule 1/Page_Store/select_--Select--Schedule 1Inj'

2018-06-04 19:05:53 - [TEST_STEP][PASSED] - delay: Delayed 1 second(s)

2018-06-04 19:05:54 - [MESSAGE][PASSED] - Delayed 1 second(s)

2018-06-04 19:05:54 - [TEST_STEP][PASSED] - selectOptionByIndex: All options with index in [13] are selected on object 'Object Repository/Store Request Schedule 1/Page_Store/select_--Select--Adernaline 0.'

2018-06-04 19:05:54 - [MESSAGE][PASSED] - All options with index in [13] are selected on object 'Object Repository/Store Request Schedule 1/Page_Store/select_--Select--Adernaline 0.'

2018-06-04 19:05:54 - [TEST_STEP][PASSED] - setText: Text '100' is set on object 'Object Repository/Store Request Schedule 1/Page_Store/input_txttreat'

2018-06-04 19:05:54 - [MESSAGE][PASSED] - Text '100' is set on object 'Object Repository/Store Request Schedule 1/Page_Store/input_txttreat'

2018-06-04 19:05:54 - [TEST_STEP][PASSED] - click: Object: 'Object Repository/Store Request Schedule 1/Page_Store/button_Add' is clicked on

2018-06-04 19:05:54 - [MESSAGE][PASSED] - Object: 'Object Repository/Store Request Schedule 1/Page_Store/button_Add' is clicked on

2018-06-04 19:05:54 - [TEST_STEP][PASSED] - selectOptionByIndex: All options with index in [9] are selected on object 'Object Repository/Store Request Schedule 1/Page_Store/select_--Select--Schedule 1Inj'

2018-06-04 19:05:54 - [MESSAGE][PASSED] - All options with index in [9] are selected on object 'Object Repository/Store Request Schedule 1/Page_Store/select_--Select--Schedule 1Inj'

2018-06-04 19:05:54 - [TEST_STEP][PASSED] - delay: Delayed 1 second(s)

2018-06-04 19:05:55 - [MESSAGE][PASSED] - Delayed 1 second(s)

2018-06-04 19:05:55 - [TEST_STEP][PASSED] - selectOptionByIndex: All options with index in [14] are selected on object 'Object Repository/Store Request Schedule 1/Page_Store/select_--Select--Adernaline 0.'

2018-06-04 19:05:56 - [MESSAGE][PASSED] - All options with index in [14] are selected on object 'Object Repository/Store Request Schedule 1/Page_Store/select_--Select--Adernaline 0.'

2018-06-04 19:05:56 - [TEST_STEP][PASSED] - setText: Text '100' is set on object 'Object Repository/Store Request Schedule 1/Page_Store/input_txttreat'

2018-06-04 19:05:56 - [MESSAGE][PASSED] - Text '100' is set on object 'Object Repository/Store Request Schedule 1/Page_Store/input_txttreat'

2018-06-04 19:05:56 - [TEST_STEP][PASSED] - click: Object: 'Object Repository/Store Request Schedule 1/Page_Store/button_Add' is clicked on

2018-06-04 19:05:56 - [MESSAGE][PASSED] - Object: 'Object Repository/Store Request Schedule 1/Page_Store/button_Add' is clicked on

2018-06-04 19:05:56 - [TEST_STEP][PASSED] - selectOptionByIndex: All options with index in [9] are selected on object 'Object Repository/Store Request Schedule 1/Page_Store/select_--Select--Schedule 1Inj'

2018-06-04 19:05:56 - [MESSAGE][PASSED] - All options with index in [9] are selected on object 'Object Repository/Store Request Schedule 1/Page_Store/select_--Select--Schedule 1Inj'

2018-06-04 19:05:56 - [TEST_STEP][PASSED] - delay: Delayed 1 second(s)

2018-06-04 19:05:57 - [MESSAGE][PASSED] - Delayed 1 second(s)

2018-06-04 19:05:57 - [TEST_STEP][PASSED] - selectOptionByIndex: All options with index in [15] are selected on object 'Object Repository/Store Request Schedule 1/Page_Store/select_--Select--Adernaline 0.'

2018-06-04 19:05:57 - [MESSAGE][PASSED] - All options with index in [15] are selected on object 'Object Repository/Store Request Schedule 1/Page_Store/select_--Select--Adernaline 0.'

2018-06-04 19:05:57 - [TEST_STEP][PASSED] - setText: Text '100' is set on object 'Object Repository/Store Request Schedule 1/Page_Store/input_txttreat'

2018-06-04 19:05:57 - [MESSAGE][PASSED] - Text '100' is set on object 'Object Repository/Store Request Schedule 1/Page_Store/input_txttreat'

2018-06-04 19:05:57 - [TEST_STEP][PASSED] - click: Object: 'Object Repository/Store Request Schedule 1/Page_Store/button_Add' is clicked on

2018-06-04 19:05:57 - [MESSAGE][PASSED] - Object: 'Object Repository/Store Request Schedule 1/Page_Store/button_Add' is clicked on

2018-06-04 19:05:57 - [TEST_STEP][PASSED] - selectOptionByIndex: All options with index in [9] are selected on object 'Object Repository/Store Request Schedule 1/Page_Store/select_--Select--Schedule 1Inj'

2018-06-04 19:05:58 - [MESSAGE][PASSED] - All options with index in [9] are selected on object 'Object Repository/Store Request Schedule 1/Page_Store/select_--Select--Schedule 1Inj'

2018-06-04 19:05:58 - [TEST_STEP][PASSED] - delay: Delayed 1 second(s)

2018-06-04 19:05:59 - [MESSAGE][PASSED] - Delayed 1 second(s)

2018-06-04 19:05:59 - [TEST_STEP][PASSED] - selectOptionByIndex: All options with index in [16] are selected on object 'Object Repository/Store Request Schedule 1/Page_Store/select_--Select--Adernaline 0.'

2018-06-04 19:05:59 - [MESSAGE][PASSED] - All options with index in [16] are selected on object 'Object Repository/Store Request Schedule 1/Page_Store/select_--Select--Adernaline 0.'

2018-06-04 19:05:59 - [TEST_STEP][PASSED] - setText: Text '100' is set on object 'Object Repository/Store Request Schedule 1/Page_Store/input_txttreat'

2018-06-04 19:05:59 - [MESSAGE][PASSED] - Text '100' is set on object 'Object Repository/Store Request Schedule 1/Page_Store/input_txttreat'

2018-06-04 19:05:59 - [TEST_STEP][PASSED] - click: Object: 'Object Repository/Store Request Schedule 1/Page_Store/button_Add' is clicked on

2018-06-04 19:05:59 - [MESSAGE][PASSED] - Object: 'Object Repository/Store Request Schedule 1/Page_Store/button_Add' is clicked on

2018-06-04 19:05:59 - [TEST_STEP][PASSED] - selectOptionByIndex: All options with index in [9] are selected on object 'Object Repository/Store Request Schedule 1/Page_Store/select_--Select--Schedule 1Inj'

2018-06-04 19:05:59 - [MESSAGE][PASSED] - All options with index in [9] are selected on object 'Object Repository/Store Request Schedule 1/Page_Store/select_--Select--Schedule 1Inj'

2018-06-04 19:05:59 - [TEST_STEP][PASSED] - delay: Delayed 1 second(s)

2018-06-04 19:06:00 - [MESSAGE][PASSED] - Delayed 1 second(s)

2018-06-04 19:06:00 - [TEST_STEP][PASSED] - selectOptionByIndex: All options with index in [17] are selected on object 'Object Repository/Store Request Schedule 1/Page_Store/select_--Select--Adernaline 0.'

2018-06-04 19:06:01 - [MESSAGE][PASSED] - All options with index in [17] are selected on object 'Object Repository/Store Request Schedule 1/Page_Store/select_--Select--Adernaline 0.'

2018-06-04 19:06:01 - [TEST_STEP][PASSED] - setText: Text '100' is set on object 'Object Repository/Store Request Schedule 1/Page_Store/input_txttreat'

2018-06-04 19:06:01 - [MESSAGE][PASSED] - Text '100' is set on object 'Object Repository/Store Request Schedule 1/Page_Store/input_txttreat'

2018-06-04 19:06:01 - [TEST_STEP][PASSED] - click: Object: 'Object Repository/Store Request Schedule 1/Page_Store/button_Add' is clicked on

2018-06-04 19:06:01 - [MESSAGE][PASSED] - Object: 'Object Repository/Store Request Schedule 1/Page_Store/button_Add' is clicked on

2018-06-04 19:06:01 - [TEST_STEP][PASSED] - selectOptionByIndex: All options with index in [9] are selected on object 'Object Repository/Store Request Schedule 1/Page_Store/select_--Select--Schedule 1Inj'

2018-06-04 19:06:01 - [MESSAGE][PASSED] - All options with index in [9] are selected on object 'Object Repository/Store Request Schedule 1/Page_Store/select_--Select--Schedule 1Inj'

2018-06-04 19:06:01 - [TEST_STEP][PASSED] - delay: Delayed 1 second(s)

2018-06-04 19:06:02 - [MESSAGE][PASSED] - Delayed 1 second(s)

2018-06-04 19:06:02 - [TEST_STEP][PASSED] - selectOptionByIndex: All options with index in [18] are selected on object 'Object Repository/Store Request Schedule 1/Page_Store/select_--Select--Adernaline 0.'

2018-06-04 19:06:02 - [MESSAGE][PASSED] - All options with index in [18] are selected on object 'Object Repository/Store Request Schedule 1/Page_Store/select_--Select--Adernaline 0.'

2018-06-04 19:06:02 - [TEST_STEP][PASSED] - setText: Text '100' is set on object 'Object Repository/Store Request Schedule 1/Page_Store/input_txttreat'

2018-06-04 19:06:02 - [MESSAGE][PASSED] - Text '100' is set on object 'Object Repository/Store Request Schedule 1/Page_Store/input_txttreat'

2018-06-04 19:06:02 - [TEST_STEP][PASSED] - click: Object: 'Object Repository/Store Request Schedule 1/Page_Store/button_Add' is clicked on

2018-06-04 19:06:02 - [MESSAGE][PASSED] - Object: 'Object Repository/Store Request Schedule 1/Page_Store/button_Add' is clicked on

2018-06-04 19:06:02 - [TEST_STEP][PASSED] - selectOptionByIndex: All options with index in [9] are selected on object 'Object Repository/Store Request Schedule 1/Page_Store/select_--Select--Schedule 1Inj'

2018-06-04 19:06:03 - [MESSAGE][PASSED] - All options with index in [9] are selected on object 'Object Repository/Store Request Schedule 1/Page_Store/select_--Select--Schedule 1Inj'

2018-06-04 19:06:03 - [TEST_STEP][PASSED] - delay: Delayed 1 second(s)

2018-06-04 19:06:04 - [MESSAGE][PASSED] - Delayed 1 second(s)

2018-06-04 19:06:04 - [TEST_STEP][PASSED] - selectOptionByIndex: All options with index in [19] are selected on object 'Object Repository/Store Request Schedule 1/Page_Store/select_--Select--Adernaline 0.'

2018-06-04 19:06:04 - [MESSAGE][PASSED] - All options with index in [19] are selected on object 'Object Repository/Store Request Schedule 1/Page_Store/select_--Select--Adernaline 0.'

2018-06-04 19:06:04 - [TEST_STEP][PASSED] - setText: Text '100' is set on object 'Object Repository/Store Request Schedule 1/Page_Store/input_txttreat'

2018-06-04 19:06:04 - [MESSAGE][PASSED] - Text '100' is set on object 'Object Repository/Store Request Schedule 1/Page_Store/input_txttreat'

2018-06-04 19:06:04 - [TEST_STEP][PASSED] - click: Object: 'Object Repository/Store Request Schedule 1/Page_Store/button_Add' is clicked on

2018-06-04 19:06:04 - [MESSAGE][PASSED] - Object: 'Object Repository/Store Request Schedule 1/Page_Store/button_Add' is clicked on

2018-06-04 19:06:04 - [TEST_STEP][PASSED] - selectOptionByIndex: All options with index in [9] are selected on object 'Object Repository/Store Request Schedule 1/Page_Store/select_--Select--Schedule 1Inj'

2018-06-04 19:06:04 - [MESSAGE][PASSED] - All options with index in [9] are selected on object 'Object Repository/Store Request Schedule 1/Page_Store/select_--Select--Schedule 1Inj'

2018-06-04 19:06:04 - [TEST_STEP][PASSED] - delay: Delayed 1 second(s)

2018-06-04 19:06:05 - [MESSAGE][PASSED] - Delayed 1 second(s)

2018-06-04 19:06:05 - [TEST_STEP][PASSED] - selectOptionByIndex: All options with index in [20] are selected on object 'Object Repository/Store Request Schedule 1/Page_Store/select_--Select--Adernaline 0.'

2018-06-04 19:06:06 - [MESSAGE][PASSED] - All options with index in [20] are selected on object 'Object Repository/Store Request Schedule 1/Page_Store/select_--Select--Adernaline 0.'

2018-06-04 19:06:06 - [TEST_STEP][PASSED] - setText: Text '100' is set on object 'Object Repository/Store Request Schedule 1/Page_Store/input_txttreat'

2018-06-04 19:06:06 - [MESSAGE][PASSED] - Text '100' is set on object 'Object Repository/Store Request Schedule 1/Page_Store/input_txttreat'

2018-06-04 19:06:06 - [TEST_STEP][PASSED] - click: Object: 'Object Repository/Store Request Schedule 1/Page_Store/button_Add' is clicked on

2018-06-04 19:06:06 - [MESSAGE][PASSED] - Object: 'Object Repository/Store Request Schedule 1/Page_Store/button_Add' is clicked on

2018-06-04 19:06:06 - [TEST_STEP][PASSED] - selectOptionByIndex: All options with index in [9] are selected on object 'Object Repository/Store Request Schedule 1/Page_Store/select_--Select--Schedule 1Inj'

2018-06-04 19:06:06 - [MESSAGE][PASSED] - All options with index in [9] are selected on object 'Object Repository/Store Request Schedule 1/Page_Store/select_--Select--Schedule 1Inj'

2018-06-04 19:06:06 - [TEST_STEP][PASSED] - delay: Delayed 1 second(s)

2018-06-04 19:06:07 - [MESSAGE][PASSED] - Delayed 1 second(s)

2018-06-04 19:06:07 - [TEST_STEP][PASSED] - selectOptionByIndex: All options with index in [21] are selected on object 'Object Repository/Store Request Schedule 1/Page_Store/select_--Select--Adernaline 0.'

2018-06-04 19:06:07 - [MESSAGE][PASSED] - All options with index in [21] are selected on object 'Object Repository/Store Request Schedule 1/Page_Store/select_--Select--Adernaline 0.'

2018-06-04 19:06:07 - [TEST_STEP][PASSED] - setText: Text '100' is set on object 'Object Repository/Store Request Schedule 1/Page_Store/input_txttreat'

2018-06-04 19:06:07 - [MESSAGE][PASSED] - Text '100' is set on object 'Object Repository/Store Request Schedule 1/Page_Store/input_txttreat'

2018-06-04 19:06:07 - [TEST_STEP][PASSED] - click: Object: 'Object Repository/Store Request Schedule 1/Page_Store/button_Add' is clicked on

2018-06-04 19:06:07 - [MESSAGE][PASSED] - Object: 'Object Repository/Store Request Schedule 1/Page_Store/button_Add' is clicked on

2018-06-04 19:06:07 - [TEST_STEP][PASSED] - selectOptionByIndex: All options with index in [9] are selected on object 'Object Repository/Store Request Schedule 1/Page_Store/select_--Select--Schedule 1Inj'

2018-06-04 19:06:08 - [MESSAGE][PASSED] - All options with index in [9] are selected on object 'Object Repository/Store Request Schedule 1/Page_Store/select_--Select--Schedule 1Inj'

2018-06-04 19:06:08 - [TEST_STEP][PASSED] - delay: Delayed 1 second(s)

2018-06-04 19:06:09 - [MESSAGE][PASSED] - Delayed 1 second(s)

2018-06-04 19:06:09 - [TEST_STEP][PASSED] - selectOptionByIndex: All options with index in [22] are selected on object 'Object Repository/Store Request Schedule 1/Page_Store/select_--Select--Adernaline 0.'

2018-06-04 19:06:09 - [MESSAGE][PASSED] - All options with index in [22] are selected on object 'Object Repository/Store Request Schedule 1/Page_Store/select_--Select--Adernaline 0.'

2018-06-04 19:06:09 - [TEST_STEP][PASSED] - setText: Text '100' is set on object 'Object Repository/Store Request Schedule 1/Page_Store/input_txttreat'

2018-06-04 19:06:09 - [MESSAGE][PASSED] - Text '100' is set on object 'Object Repository/Store Request Schedule 1/Page_Store/input_txttreat'

2018-06-04 19:06:09 - [TEST_STEP][PASSED] - click: Object: 'Object Repository/Store Request Schedule 1/Page_Store/button_Add' is clicked on

2018-06-04 19:06:09 - [MESSAGE][PASSED] - Object: 'Object Repository/Store Request Schedule 1/Page_Store/button_Add' is clicked on

2018-06-04 19:06:09 - [TEST_STEP][PASSED] - selectOptionByIndex: All options with index in [9] are selected on object 'Object Repository/Store Request Schedule 1/Page_Store/select_--Select--Schedule 1Inj'

2018-06-04 19:06:09 - [MESSAGE][PASSED] - All options with index in [9] are selected on object 'Object Repository/Store Request Schedule 1/Page_Store/select_--Select--Schedule 1Inj'

2018-06-04 19:06:09 - [TEST_STEP][PASSED] - delay: Delayed 1 second(s)

2018-06-04 19:06:10 - [MESSAGE][PASSED] - Delayed 1 second(s)

2018-06-04 19:06:10 - [TEST_STEP][PASSED] - selectOptionByIndex: All options with index in [23] are selected on object 'Object Repository/Store Request Schedule 1/Page_Store/select_--Select--Adernaline 0.'

2018-06-04 19:06:11 - [MESSAGE][PASSED] - All options with index in [23] are selected on object 'Object Repository/Store Request Schedule 1/Page_Store/select_--Select--Adernaline 0.'

2018-06-04 19:06:11 - [TEST_STEP][PASSED] - setText: Text '100' is set on object 'Object Repository/Store Request Schedule 1/Page_Store/input_txttreat'

2018-06-04 19:06:11 - [MESSAGE][PASSED] - Text '100' is set on object 'Object Repository/Store Request Schedule 1/Page_Store/input_txttreat'

2018-06-04 19:06:11 - [TEST_STEP][PASSED] - click: Object: 'Object Repository/Store Request Schedule 1/Page_Store/button_Add' is clicked on

2018-06-04 19:06:11 - [MESSAGE][PASSED] - Object: 'Object Repository/Store Request Schedule 1/Page_Store/button_Add' is clicked on

2018-06-04 19:06:11 - [TEST_STEP][PASSED] - selectOptionByIndex: All options with index in [9] are selected on object 'Object Repository/Store Request Schedule 1/Page_Store/select_--Select--Schedule 1Inj'

2018-06-04 19:06:11 - [MESSAGE][PASSED] - All options with index in [9] are selected on object 'Object Repository/Store Request Schedule 1/Page_Store/select_--Select--Schedule 1Inj'

2018-06-04 19:06:11 - [TEST_STEP][PASSED] - delay: Delayed 1 second(s)

2018-06-04 19:06:12 - [MESSAGE][PASSED] - Delayed 1 second(s)

2018-06-04 19:06:12 - [TEST_STEP][PASSED] - selectOptionByIndex: All options with index in [24] are selected on object 'Object Repository/Store Request Schedule 1/Page_Store/select_--Select--Adernaline 0.'

2018-06-04 19:06:12 - [MESSAGE][PASSED] - All options with index in [24] are selected on object 'Object Repository/Store Request Schedule 1/Page_Store/select_--Select--Adernaline 0.'

2018-06-04 19:06:12 - [TEST_STEP][PASSED] - setText: Text '100' is set on object 'Object Repository/Store Request Schedule 1/Page_Store/input_txttreat'

2018-06-04 19:06:12 - [MESSAGE][PASSED] - Text '100' is set on object 'Object Repository/Store Request Schedule 1/Page_Store/input_txttreat'

2018-06-04 19:06:12 - [TEST_STEP][PASSED] - click: Object: 'Object Repository/Store Request Schedule 1/Page_Store/button_Add' is clicked on

2018-06-04 19:06:13 - [MESSAGE][PASSED] - Object: 'Object Repository/Store Request Schedule 1/Page_Store/button_Add' is clicked on

2018-06-04 19:06:13 - [TEST_STEP][PASSED] - selectOptionByIndex: All options with index in [9] are selected on object 'Object Repository/Store Request Schedule 1/Page_Store/select_--Select--Schedule 1Inj'

2018-06-04 19:06:13 - [MESSAGE][PASSED] - All options with index in [9] are selected on object 'Object Repository/Store Request Schedule 1/Page_Store/select_--Select--Schedule 1Inj'

2018-06-04 19:06:13 - [TEST_STEP][PASSED] - delay: Delayed 1 second(s)

2018-06-04 19:06:14 - [MESSAGE][PASSED] - Delayed 1 second(s)

2018-06-04 19:06:14 - [TEST_STEP][PASSED] - selectOptionByIndex: All options with index in [25] are selected on object 'Object Repository/Store Request Schedule 1/Page_Store/select_--Select--Adernaline 0.'

2018-06-04 19:06:14 - [MESSAGE][PASSED] - All options with index in [25] are selected on object 'Object Repository/Store Request Schedule 1/Page_Store/select_--Select--Adernaline 0.'

2018-06-04 19:06:14 - [TEST_STEP][PASSED] - setText: Text '100' is set on object 'Object Repository/Store Request Schedule 1/Page_Store/input_txttreat'

2018-06-04 19:06:14 - [MESSAGE][PASSED] - Text '100' is set on object 'Object Repository/Store Request Schedule 1/Page_Store/input_txttreat'

2018-06-04 19:06:14 - [TEST_STEP][PASSED] - click: Object: 'Object Repository/Store Request Schedule 1/Page_Store/button_Add' is clicked on

2018-06-04 19:06:14 - [MESSAGE][PASSED] - Object: 'Object Repository/Store Request Schedule 1/Page_Store/button_Add' is clicked on

2018-06-04 19:06:14 - [TEST_STEP][PASSED] - selectOptionByIndex: All options with index in [9] are selected on object 'Object Repository/Store Request Schedule 1/Page_Store/select_--Select--Schedule 1Inj'

2018-06-04 19:06:14 - [MESSAGE][PASSED] - All options with index in [9] are selected on object 'Object Repository/Store Request Schedule 1/Page_Store/select_--Select--Schedule 1Inj'

2018-06-04 19:06:14 - [TEST_STEP][PASSED] - delay: Delayed 1 second(s)

2018-06-04 19:06:16 - [MESSAGE][PASSED] - Delayed 1 second(s)

2018-06-04 19:06:16 - [TEST_STEP][PASSED] - selectOptionByIndex: All options with index in [26] are selected on object 'Object Repository/Store Request Schedule 1/Page_Store/select_--Select--Adernaline 0.'

2018-06-04 19:06:16 - [MESSAGE][PASSED] - All options with index in [26] are selected on object 'Object Repository/Store Request Schedule 1/Page_Store/select_--Select--Adernaline 0.'

2018-06-04 19:06:16 - [TEST_STEP][PASSED] - setText: Text '100' is set on object 'Object Repository/Store Request Schedule 1/Page_Store/input_txttreat'

2018-06-04 19:06:16 - [MESSAGE][PASSED] - Text '100' is set on object 'Object Repository/Store Request Schedule 1/Page_Store/input_txttreat'

2018-06-04 19:06:16 - [TEST_STEP][PASSED] - click: Object: 'Object Repository/Store Request Schedule 1/Page_Store/button_Add' is clicked on

2018-06-04 19:06:16 - [MESSAGE][PASSED] - Object: 'Object Repository/Store Request Schedule 1/Page_Store/button_Add' is clicked on

2018-06-04 19:06:16 - [TEST_STEP][PASSED] - selectOptionByIndex: All options with index in [9] are selected on object 'Object Repository/Store Request Schedule 1/Page_Store/select_--Select--Schedule 1Inj'

2018-06-04 19:06:16 - [MESSAGE][PASSED] - All options with index in [9] are selected on object 'Object Repository/Store Request Schedule 1/Page_Store/select_--Select--Schedule 1Inj'

2018-06-04 19:06:16 - [TEST_STEP][PASSED] - delay: Delayed 1 second(s)

2018-06-04 19:06:17 - [MESSAGE][PASSED] - Delayed 1 second(s)

2018-06-04 19:06:17 - [TEST_STEP][PASSED] - selectOptionByIndex: All options with index in [27] are selected on object 'Object Repository/Store Request Schedule 1/Page_Store/select_--Select--Adernaline 0.'

2018-06-04 19:06:18 - [MESSAGE][PASSED] - All options with index in [27] are selected on object 'Object Repository/Store Request Schedule 1/Page_Store/select_--Select--Adernaline 0.'

2018-06-04 19:06:18 - [TEST_STEP][PASSED] - setText: Text '100' is set on object 'Object Repository/Store Request Schedule 1/Page_Store/input_txttreat'

2018-06-04 19:06:18 - [MESSAGE][PASSED] - Text '100' is set on object 'Object Repository/Store Request Schedule 1/Page_Store/input_txttreat'

2018-06-04 19:06:18 - [TEST_STEP][PASSED] - click: Object: 'Object Repository/Store Request Schedule 1/Page_Store/button_Add' is clicked on

2018-06-04 19:06:18 - [MESSAGE][PASSED] - Object: 'Object Repository/Store Request Schedule 1/Page_Store/button_Add' is clicked on

2018-06-04 19:06:18 - [TEST_STEP][PASSED] - selectOptionByIndex: All options with index in [9] are selected on object 'Object Repository/Store Request Schedule 1/Page_Store/select_--Select--Schedule 1Inj'

2018-06-04 19:06:18 - [MESSAGE][PASSED] - All options with index in [9] are selected on object 'Object Repository/Store Request Schedule 1/Page_Store/select_--Select--Schedule 1Inj'

2018-06-04 19:06:18 - [TEST_STEP][PASSED] - delay: Delayed 1 second(s)

2018-06-04 19:06:19 - [MESSAGE][PASSED] - Delayed 1 second(s)

2018-06-04 19:06:19 - [TEST_STEP][PASSED] - selectOptionByIndex: All options with index in [28] are selected on object 'Object Repository/Store Request Schedule 1/Page_Store/select_--Select--Adernaline 0.'

2018-06-04 19:06:20 - [MESSAGE][PASSED] - All options with index in [28] are selected on object 'Object Repository/Store Request Schedule 1/Page_Store/select_--Select--Adernaline 0.'

2018-06-04 19:06:20 - [TEST_STEP][PASSED] - setText: Text '100' is set on object 'Object Repository/Store Request Schedule 1/Page_Store/input_txttreat'

2018-06-04 19:06:20 - [MESSAGE][PASSED] - Text '100' is set on object 'Object Repository/Store Request Schedule 1/Page_Store/input_txttreat'

2018-06-04 19:06:20 - [TEST_STEP][PASSED] - click: Object: 'Object Repository/Store Request Schedule 1/Page_Store/button_Add' is clicked on

2018-06-04 19:06:20 - [MESSAGE][PASSED] - Object: 'Object Repository/Store Request Schedule 1/Page_Store/button_Add' is clicked on

2018-06-04 19:06:20 - [TEST_STEP][PASSED] - selectOptionByIndex: All options with index in [9] are selected on object 'Object Repository/Store Request Schedule 1/Page_Store/select_--Select--Schedule 1Inj'

2018-06-04 19:06:20 - [MESSAGE][PASSED] - All options with index in [9] are selected on object 'Object Repository/Store Request Schedule 1/Page_Store/select_--Select--Schedule 1Inj'

2018-06-04 19:06:20 - [TEST_STEP][PASSED] - delay: Delayed 1 second(s)

2018-06-04 19:06:21 - [MESSAGE][PASSED] - Delayed 1 second(s)

2018-06-04 19:06:21 - [TEST_STEP][PASSED] - selectOptionByIndex: All options with index in [29] are selected on object 'Object Repository/Store Request Schedule 1/Page_Store/select_--Select--Adernaline 0.'

2018-06-04 19:06:21 - [MESSAGE][PASSED] - All options with index in [29] are selected on object 'Object Repository/Store Request Schedule 1/Page_Store/select_--Select--Adernaline 0.'

2018-06-04 19:06:21 - [TEST_STEP][PASSED] - setText: Text '100' is set on object 'Object Repository/Store Request Schedule 1/Page_Store/input_txttreat'

2018-06-04 19:06:21 - [MESSAGE][PASSED] - Text '100' is set on object 'Object Repository/Store Request Schedule 1/Page_Store/input_txttreat'

2018-06-04 19:06:22 - [TEST_STEP][PASSED] - click: Object: 'Object Repository/Store Request Schedule 1/Page_Store/button_Add' is clicked on

2018-06-04 19:06:22 - [MESSAGE][PASSED] - Object: 'Object Repository/Store Request Schedule 1/Page_Store/button_Add' is clicked on

2018-06-04 19:06:22 - [TEST_STEP][PASSED] - selectOptionByIndex: All options with index in [9] are selected on object 'Object Repository/Store Request Schedule 1/Page_Store/select_--Select--Schedule 1Inj'

2018-06-04 19:06:22 - [MESSAGE][PASSED] - All options with index in [9] are selected on object 'Object Repository/Store Request Schedule 1/Page_Store/select_--Select--Schedule 1Inj'

2018-06-04 19:06:22 - [TEST_STEP][PASSED] - delay: Delayed 1 second(s)

2018-06-04 19:06:23 - [MESSAGE][PASSED] - Delayed 1 second(s)

2018-06-04 19:06:23 - [TEST_STEP][PASSED] - selectOptionByIndex: All options with index in [30] are selected on object 'Object Repository/Store Request Schedule 1/Page_Store/select_--Select--Adernaline 0.'

2018-06-04 19:06:23 - [MESSAGE][PASSED] - All options with index in [30] are selected on object 'Object Repository/Store Request Schedule 1/Page_Store/select_--Select--Adernaline 0.'

2018-06-04 19:06:23 - [TEST_STEP][PASSED] - setText: Text '100' is set on object 'Object Repository/Store Request Schedule 1/Page_Store/input_txttreat'

2018-06-04 19:06:23 - [MESSAGE][PASSED] - Text '100' is set on object 'Object Repository/Store Request Schedule 1/Page_Store/input_txttreat'

2018-06-04 19:06:23 - [TEST_STEP][PASSED] - click: Object: 'Object Repository/Store Request Schedule 1/Page_Store/button_Add' is clicked on

2018-06-04 19:06:23 - [MESSAGE][PASSED] - Object: 'Object Repository/Store Request Schedule 1/Page_Store/button_Add' is clicked on

2018-06-04 19:06:23 - [TEST_STEP][PASSED] - selectOptionByIndex: All options with index in [9] are selected on object 'Object Repository/Store Request Schedule 1/Page_Store/select_--Select--Schedule 1Inj'

2018-06-04 19:06:24 - [MESSAGE][PASSED] - All options with index in [9] are selected on object 'Object Repository/Store Request Schedule 1/Page_Store/select_--Select--Schedule 1Inj'

2018-06-04 19:06:24 - [TEST_STEP][PASSED] - delay: Delayed 1 second(s)

2018-06-04 19:06:25 - [MESSAGE][PASSED] - Delayed 1 second(s)

2018-06-04 19:06:25 - [TEST_STEP][PASSED] - selectOptionByIndex: All options with index in [31] are selected on object 'Object Repository/Store Request Schedule 1/Page_Store/select_--Select--Adernaline 0.'

2018-06-04 19:06:25 - [MESSAGE][PASSED] - All options with index in [31] are selected on object 'Object Repository/Store Request Schedule 1/Page_Store/select_--Select--Adernaline 0.'

2018-06-04 19:06:25 - [TEST_STEP][PASSED] - setText: Text '100' is set on object 'Object Repository/Store Request Schedule 1/Page_Store/input_txttreat'

2018-06-04 19:06:25 - [MESSAGE][PASSED] - Text '100' is set on object 'Object Repository/Store Request Schedule 1/Page_Store/input_txttreat'

2018-06-04 19:06:25 - [TEST_STEP][PASSED] - click: Object: 'Object Repository/Store Request Schedule 1/Page_Store/button_Add' is clicked on

2018-06-04 19:06:25 - [MESSAGE][PASSED] - Object: 'Object Repository/Store Request Schedule 1/Page_Store/button_Add' is clicked on

2018-06-04 19:06:25 - [TEST_STEP][PASSED] - selectOptionByIndex: All options with index in [9] are selected on object 'Object Repository/Store Request Schedule 1/Page_Store/select_--Select--Schedule 1Inj'

2018-06-04 19:06:25 - [MESSAGE][PASSED] - All options with index in [9] are selected on object 'Object Repository/Store Request Schedule 1/Page_Store/select_--Select--Schedule 1Inj'

2018-06-04 19:06:25 - [TEST_STEP][PASSED] - delay: Delayed 1 second(s)

2018-06-04 19:06:26 - [MESSAGE][PASSED] - Delayed 1 second(s)

2018-06-04 19:06:26 - [TEST_STEP][PASSED] - selectOptionByIndex: All options with index in [32] are selected on object 'Object Repository/Store Request Schedule 1/Page_Store/select_--Select--Adernaline 0.'

2018-06-04 19:06:27 - [MESSAGE][PASSED] - All options with index in [32] are selected on object 'Object Repository/Store Request Schedule 1/Page_Store/select_--Select--Adernaline 0.'

2018-06-04 19:06:27 - [TEST_STEP][PASSED] - setText: Text '100' is set on object 'Object Repository/Store Request Schedule 1/Page_Store/input_txttreat'

2018-06-04 19:06:27 - [MESSAGE][PASSED] - Text '100' is set on object 'Object Repository/Store Request Schedule 1/Page_Store/input_txttreat'

2018-06-04 19:06:27 - [TEST_STEP][PASSED] - click: Object: 'Object Repository/Store Request Schedule 1/Page_Store/button_Add' is clicked on

2018-06-04 19:06:27 - [MESSAGE][PASSED] - Object: 'Object Repository/Store Request Schedule 1/Page_Store/button_Add' is clicked on

2018-06-04 19:06:27 - [TEST_STEP][PASSED] - selectOptionByIndex: All options with index in [9] are selected on object 'Object Repository/Store Request Schedule 1/Page_Store/select_--Select--Schedule 1Inj'

2018-06-04 19:06:27 - [MESSAGE][PASSED] - All options with index in [9] are selected on object 'Object Repository/Store Request Schedule 1/Page_Store/select_--Select--Schedule 1Inj'

2018-06-04 19:06:27 - [TEST_STEP][PASSED] - delay: Delayed 1 second(s)

2018-06-04 19:06:28 - [MESSAGE][PASSED] - Delayed 1 second(s)

2018-06-04 19:06:28 - [TEST_STEP][PASSED] - selectOptionByIndex: All options with index in [33] are selected on object 'Object Repository/Store Request Schedule 1/Page_Store/select_--Select--Adernaline 0.'

2018-06-04 19:06:29 - [MESSAGE][PASSED] - All options with index in [33] are selected on object 'Object Repository/Store Request Schedule 1/Page_Store/select_--Select--Adernaline 0.'

2018-06-04 19:06:29 - [TEST_STEP][PASSED] - setText: Text '100' is set on object 'Object Repository/Store Request Schedule 1/Page_Store/input_txttreat'

2018-06-04 19:06:29 - [MESSAGE][PASSED] - Text '100' is set on object 'Object Repository/Store Request Schedule 1/Page_Store/input_txttreat'

2018-06-04 19:06:29 - [TEST_STEP][PASSED] - click: Object: 'Object Repository/Store Request Schedule 1/Page_Store/button_Add' is clicked on

2018-06-04 19:06:29 - [MESSAGE][PASSED] - Object: 'Object Repository/Store Request Schedule 1/Page_Store/button_Add' is clicked on

2018-06-04 19:06:29 - [TEST_STEP][PASSED] - selectOptionByIndex: All options with index in [9] are selected on object 'Object Repository/Store Request Schedule 1/Page_Store/select_--Select--Schedule 1Inj'

2018-06-04 19:06:29 - [MESSAGE][PASSED] - All options with index in [9] are selected on object 'Object Repository/Store Request Schedule 1/Page_Store/select_--Select--Schedule 1Inj'

2018-06-04 19:06:29 - [TEST_STEP][PASSED] - delay: Delayed 1 second(s)

2018-06-04 19:06:30 - [MESSAGE][PASSED] - Delayed 1 second(s)

2018-06-04 19:06:30 - [TEST_STEP][PASSED] - selectOptionByIndex: All options with index in [34] are selected on object 'Object Repository/Store Request Schedule 1/Page_Store/select_--Select--Adernaline 0.'

2018-06-04 19:06:30 - [MESSAGE][PASSED] - All options with index in [34] are selected on object 'Object Repository/Store Request Schedule 1/Page_Store/select_--Select--Adernaline 0.'

2018-06-04 19:06:30 - [TEST_STEP][PASSED] - setText: Text '100' is set on object 'Object Repository/Store Request Schedule 1/Page_Store/input_txttreat'

2018-06-04 19:06:31 - [MESSAGE][PASSED] - Text '100' is set on object 'Object Repository/Store Request Schedule 1/Page_Store/input_txttreat'

2018-06-04 19:06:31 - [TEST_STEP][PASSED] - click: Object: 'Object Repository/Store Request Schedule 1/Page_Store/button_Add' is clicked on

2018-06-04 19:06:31 - [MESSAGE][PASSED] - Object: 'Object Repository/Store Request Schedule 1/Page_Store/button_Add' is clicked on

2018-06-04 19:06:31 - [TEST_STEP][PASSED] - selectOptionByIndex: All options with index in [9] are selected on object 'Object Repository/Store Request Schedule 1/Page_Store/select_--Select--Schedule 1Inj'

2018-06-04 19:06:31 - [MESSAGE][PASSED] - All options with index in [9] are selected on object 'Object Repository/Store Request Schedule 1/Page_Store/select_--Select--Schedule 1Inj'

2018-06-04 19:06:31 - [TEST_STEP][PASSED] - delay: Delayed 1 second(s)

2018-06-04 19:06:32 - [MESSAGE][PASSED] - Delayed 1 second(s)

2018-06-04 19:06:32 - [TEST_STEP][PASSED] - selectOptionByIndex: All options with index in [35] are selected on object 'Object Repository/Store Request Schedule 1/Page_Store/select_--Select--Adernaline 0.'

2018-06-04 19:06:32 - [MESSAGE][PASSED] - All options with index in [35] are selected on object 'Object Repository/Store Request Schedule 1/Page_Store/select_--Select--Adernaline 0.'

2018-06-04 19:06:32 - [TEST_STEP][PASSED] - setText: Text '100' is set on object 'Object Repository/Store Request Schedule 1/Page_Store/input_txttreat'

2018-06-04 19:06:32 - [MESSAGE][PASSED] - Text '100' is set on object 'Object Repository/Store Request Schedule 1/Page_Store/input_txttreat'

2018-06-04 19:06:32 - [TEST_STEP][PASSED] - click: Object: 'Object Repository/Store Request Schedule 1/Page_Store/button_Add' is clicked on

2018-06-04 19:06:32 - [MESSAGE][PASSED] - Object: 'Object Repository/Store Request Schedule 1/Page_Store/button_Add' is clicked on

2018-06-04 19:06:32 - [TEST_STEP][PASSED] - delay: Delayed 2 second(s)

2018-06-04 19:06:34 - [MESSAGE][PASSED] - Delayed 2 second(s)

2018-06-04 19:06:34 - [TEST_STEP][PASSED] - scrollToElement: Scroll to object 'Object Repository/Store Request Schedule 1/Page_Store/input_btnsave' successfully

2018-06-04 19:06:34 - [MESSAGE][PASSED] - Scroll to object 'Object Repository/Store Request Schedule 1/Page_Store/input_btnsave' successfully

2018-06-04 19:06:34 - [TEST_STEP][PASSED] - click: Object: 'Object Repository/Store Request Schedule 1/Page_Store/input_btnsave' is clicked on

2018-06-04 19:06:35 - [MESSAGE][PASSED] - Object: 'Object Repository/Store Request Schedule 1/Page_Store/input_btnsave' is clicked on

2018-06-04 19:06:35 - [TEST_STEP][PASSED] - delay: Delayed 4 second(s)

2018-06-04 19:06:39 - [MESSAGE][PASSED] - Delayed 4 second(s)

2018-06-04 19:06:39 - [TEST_STEP][PASSED] - Statement - Cms_RequestNumber = com.kms.katalon.core.webui.keyword.WebUiBuiltInKeywords.getText(com.kms.katalon.core.testobject.ObjectRepository.findTestObject(Store Request Schedule 1/Page_Store/font_PRNO050520189)): Text of object 'Object Repository/Store Request Schedule 1/Page_Store/font_PRNO050520189' is: 'PRNO/04062018/597'

2018-06-04 19:06:39 - [MESSAGE][PASSED] - Text of object 'Object Repository/Store Request Schedule 1/Page_Store/font_PRNO050520189' is: 'PRNO/04062018/597'

2018-06-04 19:06:39 - [TEST_STEP][PASSED] - Statement - CR = Cms_RequestNumber.trim(): null

2018-06-04 19:06:39 - [TEST_STEP][PASSED] - Statement - out.println("RQ :" + Cms_RequestNumber): null

2018-06-04 19:06:39 - [TEST_STEP][PASSED] - Statement - RequestNumberID = Cms_RequestNumber.split("/")[2].trim(): null

2018-06-04 19:06:39 - [TEST_STEP][PASSED] - Statement - out.println("RQ ID :" + RequestNumberID): null

2018-06-04 19:06:39 - [TEST_STEP][PASSED] - delay: Delayed 3 second(s)

2018-06-04 19:06:42 - [MESSAGE][PASSED] - Delayed 3 second(s)

2018-06-04 19:06:42 - [TEST_STEP][PASSED] - Statement - ok = com.kms.katalon.core.webui.keyword.WebUiBuiltInKeywords.click(com.kms.katalon.core.testobject.ObjectRepository.findTestObject(Store Request Schedule 1/Page_Store/button_OK)): Object: 'Object Repository/Store Request Schedule 1/Page_Store/button_OK' is clicked on

2018-06-04 19:06:42 - [MESSAGE][PASSED] - Object: 'Object Repository/Store Request Schedule 1/Page_Store/button_OK' is clicked on

2018-06-04 19:06:42 - [TEST_STEP][PASSED] - delay: Delayed 3 second(s)

2018-06-04 19:06:45 - [MESSAGE][PASSED] - Delayed 3 second(s)

2018-06-04 19:06:45 - [TEST_STEP][PASSED] - click: Object: 'Object Repository/Store Request Schedule 1/Page_Store/a_dropdown-toggle' is clicked on

2018-06-04 19:06:46 - [MESSAGE][PASSED] - Object: 'Object Repository/Store Request Schedule 1/Page_Store/a_dropdown-toggle' is clicked on

2018-06-04 19:06:46 - [TEST_STEP][PASSED] - click: Object: 'Object Repository/Store Request Schedule 1/Page_Store/a_Sign out' is clicked on

2018-06-04 19:06:46 - [MESSAGE][PASSED] - Object: 'Object Repository/Store Request Schedule 1/Page_Store/a_Sign out' is clicked on

2018-06-04 19:06:46 - [TEST_STEP][PASSED] - delay: Delayed 3 second(s)

2018-06-04 19:06:49 - [MESSAGE][PASSED] - Delayed 3 second(s)

2018-06-04 19:06:49 - [TEST_STEP][PASSED] - click: Object: 'Object Repository/Store Request Schedule 1/Page_KDMC/a_CMO' is clicked on

2018-06-04 19:06:50 - [MESSAGE][PASSED] - Object: 'Object Repository/Store Request Schedule 1/Page_KDMC/a_CMO' is clicked on

2018-06-04 19:06:50 - [TEST_STEP][PASSED] - setText: Text 'guru' is set on object 'Object Repository/Store Request Schedule 1/Page_CMO login/input_txtusername'

2018-06-04 19:06:50 - [MESSAGE][PASSED] - Text 'guru' is set on object 'Object Repository/Store Request Schedule 1/Page_CMO login/input_txtusername'

2018-06-04 19:06:50 - [TEST_STEP][PASSED] - setText: Text '123' is set on object 'Object Repository/Store Request Schedule 1/Page_CMO login/input_txtpassword'

2018-06-04 19:06:50 - [MESSAGE][PASSED] - Text '123' is set on object 'Object Repository/Store Request Schedule 1/Page_CMO login/input_txtpassword'

2018-06-04 19:06:50 - [TEST_STEP][PASSED] - delay: Delayed 3 second(s)

2018-06-04 19:06:53 - [MESSAGE][PASSED] - Delayed 3 second(s)

2018-06-04 19:06:53 - [TEST_STEP][PASSED] - click: Object: 'Object Repository/Store Request Schedule 1/Page_CMO login/button_Sign in' is clicked on

2018-06-04 19:06:54 - [MESSAGE][PASSED] - Object: 'Object Repository/Store Request Schedule 1/Page_CMO login/button_Sign in' is clicked on

2018-06-04 19:06:54 - [TEST_STEP][PASSED] - delay: Delayed 2 second(s)

2018-06-04 19:06:56 - [MESSAGE][PASSED] - Delayed 2 second(s)

2018-06-04 19:06:56 - [TEST_STEP][PASSED] - click: Object: 'Object Repository/Store Request Schedule 1/Page_KDMC - CMO/span_Department Wise Request' is clicked on

2018-06-04 19:06:57 - [MESSAGE][PASSED] - Object: 'Object Repository/Store Request Schedule 1/Page_KDMC - CMO/span_Department Wise Request' is clicked on

2018-06-04 19:06:57 - [TEST_STEP][PASSED] - click: Object: 'Object Repository/Store Request Schedule 1/Page_KDMC - CMO/a_CMS Request' is clicked on

2018-06-04 19:06:57 - [MESSAGE][PASSED] - Object: 'Object Repository/Store Request Schedule 1/Page_KDMC - CMO/a_CMS Request' is clicked on

2018-06-04 19:06:57 - [TEST_STEP][PASSED] - click: Object: 'Object Repository/Store Request Schedule 1/Page_KDMC - CMO/a_CMS Request' is clicked on

2018-06-04 19:06:57 - [MESSAGE][PASSED] - Object: 'Object Repository/Store Request Schedule 1/Page_KDMC - CMO/a_CMS Request' is clicked on

2018-06-04 19:06:57 - [TEST_STEP][PASSED] - click: Object: 'Object Repository/Store Request Schedule 1/Page_KDMC - CMO/span_Divisional Store Request' is clicked on

2018-06-04 19:06:59 - [MESSAGE][PASSED] - Object: 'Object Repository/Store Request Schedule 1/Page_KDMC - CMO/span_Divisional Store Request' is clicked on

2018-06-04 19:06:59 - [TEST_STEP][PASSED] - delay: Delayed 2 second(s)

2018-06-04 19:07:01 - [MESSAGE][PASSED] - Delayed 2 second(s)

2018-06-04 19:07:01 - [TEST_STEP][PASSED] - Statement - approval = com.kms.katalon.core.webui.keyword.WebUiBuiltInKeywords.modifyObjectProperty(com.kms.katalon.core.testobject.ObjectRepository.findTestObject(Store Request Schedule 1/Page_KDMC - CMO/input_PRNO050520189), "xpath", "equals", "//*[@id=" + RequestNumberID + "]", true): Modify property of object successfully

2018-06-04 19:07:01 - [MESSAGE][PASSED] - Modify property of object successfully

2018-06-04 19:07:01 - [TEST_STEP][PASSED] - click: Object: 'Object Repository/Store Request Schedule 1/Page_KDMC - CMO/input_PRNO050520189' is clicked on

2018-06-04 19:07:01 - [MESSAGE][PASSED] - Object: 'Object Repository/Store Request Schedule 1/Page_KDMC - CMO/input_PRNO050520189' is clicked on

2018-06-04 19:07:01 - [TEST_STEP][PASSED] - delay: Delayed 2 second(s)

2018-06-04 19:07:03 - [MESSAGE][PASSED] - Delayed 2 second(s)

2018-06-04 19:07:03 - [TEST_STEP][PASSED] - selectOptionByIndex: All options with index in [1] are selected on object 'Object Repository/Store Request Schedule 1/Page_KDMC - CMO/select_--Select--'

2018-06-04 19:07:03 - [MESSAGE][PASSED] - All options with index in [1] are selected on object 'Object Repository/Store Request Schedule 1/Page_KDMC - CMO/select_--Select--'

2018-06-04 19:07:03 - [TEST_STEP][PASSED] - click: Object: 'Object Repository/Store Request Schedule 1/Page_KDMC - CMO/input_btnupdate' is clicked on

2018-06-04 19:07:04 - [MESSAGE][PASSED] - Object: 'Object Repository/Store Request Schedule 1/Page_KDMC - CMO/input_btnupdate' is clicked on

2018-06-04 19:07:04 - [TEST_STEP][PASSED] - delay: Delayed 2 second(s)

2018-06-04 19:07:06 - [MESSAGE][PASSED] - Delayed 2 second(s)

2018-06-04 19:07:06 - [TEST_STEP][PASSED] - click: Object: 'Object Repository/Store Request Schedule 1/Page_KDMC - CMO/button_OK' is clicked on

2018-06-04 19:07:06 - [MESSAGE][PASSED] - Object: 'Object Repository/Store Request Schedule 1/Page_KDMC - CMO/button_OK' is clicked on

2018-06-04 19:07:06 - [TEST_STEP][PASSED] - delay: Delayed 2 second(s)

2018-06-04 19:07:08 - [MESSAGE][PASSED] - Delayed 2 second(s)

2018-06-04 19:07:08 - [TEST_STEP][PASSED] - click: Object: 'Object Repository/Store Request Schedule 1/Page_KDMC - CMO/a_dropdown-toggle' is clicked on

2018-06-04 19:07:08 - [MESSAGE][PASSED] - Object: 'Object Repository/Store Request Schedule 1/Page_KDMC - CMO/a_dropdown-toggle' is clicked on

2018-06-04 19:07:08 - [TEST_STEP][PASSED] - click: Object: 'Object Repository/Store Request Schedule 1/Page_KDMC - CMO/a_Sign out' is clicked on

2018-06-04 19:07:09 - [MESSAGE][PASSED] - Object: 'Object Repository/Store Request Schedule 1/Page_KDMC - CMO/a_Sign out' is clicked on

2018-06-04 19:07:09 - [TEST_STEP][PASSED] - delay: Delayed 3 second(s)

2018-06-04 19:07:12 - [MESSAGE][PASSED] - Delayed 3 second(s)

2018-06-04 19:07:12 - [TEST_STEP][PASSED] - click: Object: 'Object Repository/store Request Schedule 1/Page_KDMC/a_CMS' is clicked on

2018-06-04 19:07:12 - [MESSAGE][PASSED] - Object: 'Object Repository/store Request Schedule 1/Page_KDMC/a_CMS' is clicked on

2018-06-04 19:07:12 - [TEST_STEP][PASSED] - setText: Text 'bala' is set on object 'Object Repository/store Request Schedule 1/Page_CMS login/input_txtusername'

2018-06-04 19:07:12 - [MESSAGE][PASSED] - Text 'bala' is set on object 'Object Repository/store Request Schedule 1/Page_CMS login/input_txtusername'

2018-06-04 19:07:12 - [TEST_STEP][PASSED] - setText: Text '123' is set on object 'Object Repository/store Request Schedule 1/Page_CMS login/input_txtpassword'

2018-06-04 19:07:12 - [MESSAGE][PASSED] - Text '123' is set on object 'Object Repository/store Request Schedule 1/Page_CMS login/input_txtpassword'

2018-06-04 19:07:12 - [TEST_STEP][PASSED] - delay: Delayed 3 second(s)

2018-06-04 19:07:15 - [MESSAGE][PASSED] - Delayed 3 second(s)

2018-06-04 19:07:15 - [TEST_STEP][PASSED] - click: Object: 'Object Repository/store Request Schedule 1/Page_CMS login/button_Sign in' is clicked on

2018-06-04 19:07:16 - [MESSAGE][PASSED] - Object: 'Object Repository/store Request Schedule 1/Page_CMS login/button_Sign in' is clicked on

2018-06-04 19:07:16 - [TEST_STEP][PASSED] - delay: Delayed 2 second(s)

2018-06-04 19:07:18 - [MESSAGE][PASSED] - Delayed 2 second(s)

2018-06-04 19:07:18 - [TEST_STEP][PASSED] - click: Object: 'Object Repository/store Request Schedule 1/Page_KDMC - CMS/a_Divisional Store' is clicked on

2018-06-04 19:07:18 - [MESSAGE][PASSED] - Object: 'Object Repository/store Request Schedule 1/Page_KDMC - CMS/a_Divisional Store' is clicked on

2018-06-04 19:07:18 - [TEST_STEP][PASSED] - delay: Delayed 2 second(s)

2018-06-04 19:07:20 - [MESSAGE][PASSED] - Delayed 2 second(s)

2018-06-04 19:07:20 - [TEST_STEP][PASSED] - click: Object: 'Object Repository/store Request Schedule 1/Page_KDMC - CMS/a_Dispatch Items' is clicked on

2018-06-04 19:07:20 - [MESSAGE][PASSED] - Object: 'Object Repository/store Request Schedule 1/Page_KDMC - CMS/a_Dispatch Items' is clicked on

2018-06-04 19:07:20 - [TEST_STEP][PASSED] - setText: Text 'PRNO/04062018/597' is set on object 'Object Repository/store Request Schedule 1/Page_KDMC - CMS/input'

2018-06-04 19:07:21 - [MESSAGE][PASSED] - Text 'PRNO/04062018/597' is set on object 'Object Repository/store Request Schedule 1/Page_KDMC - CMS/input'

2018-06-04 19:07:21 - [TEST_STEP][PASSED] - click: Object: 'Object Repository/store Request Schedule 1/Page_KDMC - CMS/td_text-center' is clicked on

2018-06-04 19:07:21 - [MESSAGE][PASSED] - Object: 'Object Repository/store Request Schedule 1/Page_KDMC - CMS/td_text-center' is clicked on

2018-06-04 19:07:21 - [TEST_STEP][PASSED] - delay: Delayed 3 second(s)

2018-06-04 19:07:24 - [MESSAGE][PASSED] - Delayed 3 second(s)

2018-06-04 19:07:24 - [TEST_STEP][PASSED] - delay: Delayed 2 second(s)

2018-06-04 19:07:26 - [MESSAGE][PASSED] - Delayed 2 second(s)

2018-06-04 19:07:26 - [TEST_STEP][PASSED] - Statement - For ([row = 0, row < SelectedOptions - 1, (row++)]): null

2018-06-04 19:07:26 - [TEST_STEP][PASSED] - Statement - batchlength = new com.kms.katalon.core.testobject.TestObject(): null

2018-06-04 19:07:26 - [TEST_STEP][PASSED] - Statement - batchlength = com.kms.katalon.core.webui.keyword.WebUiBuiltInKeywords.modifyObjectProperty(batchlength, "xpath", "equals", "//*[@id = "fldvendor" + row + ""]", true): Modify property of object successfully

2018-06-04 19:07:26 - [MESSAGE][PASSED] - Modify property of object successfully

2018-06-04 19:07:26 - [TEST_STEP][PASSED] - Statement - batchsize = com.kms.katalon.core.webui.keyword.WebUiBuiltInKeywords.getNumberOfTotalOption(batchlength): 12 options of object '' counted

2018-06-04 19:07:26 - [MESSAGE][PASSED] - 12 options of object '' counted

2018-06-04 19:07:26 - [TEST_STEP][PASSED] - Statement - out.println("BatchSize : " + batchsize): null

2018-06-04 19:07:26 - [TEST_STEP][PASSED] - Statement - For ([n = 1, n <= batchsize - 1, (n++)]): null

2018-06-04 19:07:26 - [TEST_STEP][PASSED] - Statement - product = new com.kms.katalon.core.testobject.TestObject(): null

2018-06-04 19:07:26 - [TEST_STEP][PASSED] - Statement - product = com.kms.katalon.core.webui.keyword.WebUiBuiltInKeywords.modifyObjectProperty(product, "xpath", "equals", "//*[@id = "fldvendor" + row + ""]", true): Modify property of object successfully

2018-06-04 19:07:26 - [MESSAGE][PASSED] - Modify property of object successfully

2018-06-04 19:07:26 - [TEST_STEP][PASSED] - selectOptionByIndex: All options with index in [1] are selected on object ''

2018-06-04 19:07:26 - [MESSAGE][PASSED] - All options with index in [1] are selected on object ''

2018-06-04 19:07:26 - [TEST_STEP][PASSED] - delay: Delayed 2 second(s)

2018-06-04 19:07:28 - [MESSAGE][PASSED] - Delayed 2 second(s)

2018-06-04 19:07:28 - [TEST_STEP][PASSED] - Statement - batch = new com.kms.katalon.core.testobject.TestObject(): null

2018-06-04 19:07:28 - [TEST_STEP][PASSED] - Statement - batch = com.kms.katalon.core.webui.keyword.WebUiBuiltInKeywords.modifyObjectProperty(batch, "xpath", "equals", "//*[@id = "txtbthqty" + row + ""]", true): Modify property of object successfully

2018-06-04 19:07:28 - [MESSAGE][PASSED] - Modify property of object successfully

2018-06-04 19:07:28 - [TEST_STEP][PASSED] - Statement - batchqty = com.kms.katalon.core.webui.keyword.WebUiBuiltInKeywords.getAttribute(batch, "value").trim(): Attribute 'value' of object '' is: '2900'

2018-06-04 19:07:28 - [MESSAGE][PASSED] - Attribute 'value' of object '' is: '2900'

2018-06-04 19:07:28 - [TEST_STEP][PASSED] - Statement - Rqty = 100: null

2018-06-04 19:07:28 - [TEST_STEP][PASSED] - Statement - out.println("BatchQty : " + batchqty): null

2018-06-04 19:07:28 - [TEST_STEP][PASSED] - Statement - out.println("RQty : " + Rqty): null

2018-06-04 19:07:28 - [TEST_STEP][PASSED] - Statement - If (java.lang.Integer.valueOf(batchqty) >= java.lang.Integer.valueOf(Rqty)): null

2018-06-04 19:07:28 - [TEST_STEP][PASSED] - Statement - Break: null

2018-06-04 19:07:28 - [TEST_STEP][PASSED] - Statement - batchlength = new com.kms.katalon.core.testobject.TestObject(): null

2018-06-04 19:07:28 - [TEST_STEP][PASSED] - Statement - batchlength = com.kms.katalon.core.webui.keyword.WebUiBuiltInKeywords.modifyObjectProperty(batchlength, "xpath", "equals", "//*[@id = "fldvendor" + row + ""]", true): Modify property of object successfully

2018-06-04 19:07:28 - [MESSAGE][PASSED] - Modify property of object successfully

2018-06-04 19:07:28 - [TEST_STEP][PASSED] - Statement - batchsize = com.kms.katalon.core.webui.keyword.WebUiBuiltInKeywords.getNumberOfTotalOption(batchlength): 12 options of object '' counted

2018-06-04 19:07:28 - [MESSAGE][PASSED] - 12 options of object '' counted

2018-06-04 19:07:28 - [TEST_STEP][PASSED] - Statement - out.println("BatchSize : " + batchsize): null

2018-06-04 19:07:28 - [TEST_STEP][PASSED] - Statement - For ([n = 1, n <= batchsize - 1, (n++)]): null

2018-06-04 19:07:28 - [TEST_STEP][PASSED] - Statement - product = new com.kms.katalon.core.testobject.TestObject(): null

2018-06-04 19:07:28 - [TEST_STEP][PASSED] - Statement - product = com.kms.katalon.core.webui.keyword.WebUiBuiltInKeywords.modifyObjectProperty(product, "xpath", "equals", "//*[@id = "fldvendor" + row + ""]", true): Modify property of object successfully

2018-06-04 19:07:28 - [MESSAGE][PASSED] - Modify property of object successfully

2018-06-04 19:07:28 - [TEST_STEP][PASSED] - selectOptionByIndex: All options with index in [1] are selected on object ''

2018-06-04 19:07:28 - [MESSAGE][PASSED] - All options with index in [1] are selected on object ''

2018-06-04 19:07:28 - [TEST_STEP][PASSED] - delay: Delayed 2 second(s)

2018-06-04 19:07:30 - [MESSAGE][PASSED] - Delayed 2 second(s)

2018-06-04 19:07:30 - [TEST_STEP][PASSED] - Statement - batch = new com.kms.katalon.core.testobject.TestObject(): null

2018-06-04 19:07:30 - [TEST_STEP][PASSED] - Statement - batch = com.kms.katalon.core.webui.keyword.WebUiBuiltInKeywords.modifyObjectProperty(batch, "xpath", "equals", "//*[@id = "txtbthqty" + row + ""]", true): Modify property of object successfully

2018-06-04 19:07:30 - [MESSAGE][PASSED] - Modify property of object successfully

2018-06-04 19:07:30 - [TEST_STEP][PASSED] - Statement - batchqty = com.kms.katalon.core.webui.keyword.WebUiBuiltInKeywords.getAttribute(batch, "value").trim(): Attribute 'value' of object '' is: '2800'

2018-06-04 19:07:31 - [MESSAGE][PASSED] - Attribute 'value' of object '' is: '2800'

2018-06-04 19:07:31 - [TEST_STEP][PASSED] - Statement - Rqty = 100: null

2018-06-04 19:07:31 - [TEST_STEP][PASSED] - Statement - out.println("BatchQty : " + batchqty): null

2018-06-04 19:07:31 - [TEST_STEP][PASSED] - Statement - out.println("RQty : " + Rqty): null

2018-06-04 19:07:31 - [TEST_STEP][PASSED] - Statement - If (java.lang.Integer.valueOf(batchqty) >= java.lang.Integer.valueOf(Rqty)): null

2018-06-04 19:07:31 - [TEST_STEP][PASSED] - Statement - Break: null

2018-06-04 19:07:31 - [TEST_STEP][PASSED] - Statement - batchlength = new com.kms.katalon.core.testobject.TestObject(): null

2018-06-04 19:07:31 - [TEST_STEP][PASSED] - Statement - batchlength = com.kms.katalon.core.webui.keyword.WebUiBuiltInKeywords.modifyObjectProperty(batchlength, "xpath", "equals", "//*[@id = "fldvendor" + row + ""]", true): Modify property of object successfully

2018-06-04 19:07:31 - [MESSAGE][PASSED] - Modify property of object successfully

2018-06-04 19:07:31 - [TEST_STEP][PASSED] - Statement - batchsize = com.kms.katalon.core.webui.keyword.WebUiBuiltInKeywords.getNumberOfTotalOption(batchlength): 12 options of object '' counted

2018-06-04 19:07:31 - [MESSAGE][PASSED] - 12 options of object '' counted

2018-06-04 19:07:31 - [TEST_STEP][PASSED] - Statement - out.println("BatchSize : " + batchsize): null

2018-06-04 19:07:31 - [TEST_STEP][PASSED] - Statement - For ([n = 1, n <= batchsize - 1, (n++)]): null

2018-06-04 19:07:31 - [TEST_STEP][PASSED] - Statement - product = new com.kms.katalon.core.testobject.TestObject(): null

2018-06-04 19:07:31 - [TEST_STEP][PASSED] - Statement - product = com.kms.katalon.core.webui.keyword.WebUiBuiltInKeywords.modifyObjectProperty(product, "xpath", "equals", "//*[@id = "fldvendor" + row + ""]", true): Modify property of object successfully

2018-06-04 19:07:31 - [MESSAGE][PASSED] - Modify property of object successfully

2018-06-04 19:07:31 - [TEST_STEP][PASSED] - selectOptionByIndex: All options with index in [1] are selected on object ''

2018-06-04 19:07:31 - [MESSAGE][PASSED] - All options with index in [1] are selected on object ''

2018-06-04 19:07:31 - [TEST_STEP][PASSED] - delay: Delayed 2 second(s)

2018-06-04 19:07:33 - [MESSAGE][PASSED] - Delayed 2 second(s)

2018-06-04 19:07:33 - [TEST_STEP][PASSED] - Statement - batch = new com.kms.katalon.core.testobject.TestObject(): null

2018-06-04 19:07:33 - [TEST_STEP][PASSED] - Statement - batch = com.kms.katalon.core.webui.keyword.WebUiBuiltInKeywords.modifyObjectProperty(batch, "xpath", "equals", "//*[@id = "txtbthqty" + row + ""]", true): Modify property of object successfully

2018-06-04 19:07:33 - [MESSAGE][PASSED] - Modify property of object successfully

2018-06-04 19:07:33 - [TEST_STEP][PASSED] - Statement - batchqty = com.kms.katalon.core.webui.keyword.WebUiBuiltInKeywords.getAttribute(batch, "value").trim(): Attribute 'value' of object '' is: '30600'

2018-06-04 19:07:33 - [MESSAGE][PASSED] - Attribute 'value' of object '' is: '30600'

2018-06-04 19:07:33 - [TEST_STEP][PASSED] - Statement - Rqty = 100: null

2018-06-04 19:07:33 - [TEST_STEP][PASSED] - Statement - out.println("BatchQty : " + batchqty): null

2018-06-04 19:07:33 - [TEST_STEP][PASSED] - Statement - out.println("RQty : " + Rqty): null

2018-06-04 19:07:33 - [TEST_STEP][PASSED] - Statement - If (java.lang.Integer.valueOf(batchqty) >= java.lang.Integer.valueOf(Rqty)): null

2018-06-04 19:07:33 - [TEST_STEP][PASSED] - Statement - Break: null

2018-06-04 19:07:33 - [TEST_STEP][PASSED] - Statement - batchlength = new com.kms.katalon.core.testobject.TestObject(): null

2018-06-04 19:07:33 - [TEST_STEP][PASSED] - Statement - batchlength = com.kms.katalon.core.webui.keyword.WebUiBuiltInKeywords.modifyObjectProperty(batchlength, "xpath", "equals", "//*[@id = "fldvendor" + row + ""]", true): Modify property of object successfully

2018-06-04 19:07:33 - [MESSAGE][PASSED] - Modify property of object successfully

2018-06-04 19:07:33 - [TEST_STEP][PASSED] - Statement - batchsize = com.kms.katalon.core.webui.keyword.WebUiBuiltInKeywords.getNumberOfTotalOption(batchlength): 12 options of object '' counted

2018-06-04 19:07:33 - [MESSAGE][PASSED] - 12 options of object '' counted

2018-06-04 19:07:33 - [TEST_STEP][PASSED] - Statement - out.println("BatchSize : " + batchsize): null

2018-06-04 19:07:33 - [TEST_STEP][PASSED] - Statement - For ([n = 1, n <= batchsize - 1, (n++)]): null

2018-06-04 19:07:33 - [TEST_STEP][PASSED] - Statement - product = new com.kms.katalon.core.testobject.TestObject(): null

2018-06-04 19:07:33 - [TEST_STEP][PASSED] - Statement - product = com.kms.katalon.core.webui.keyword.WebUiBuiltInKeywords.modifyObjectProperty(product, "xpath", "equals", "//*[@id = "fldvendor" + row + ""]", true): Modify property of object successfully

2018-06-04 19:07:33 - [MESSAGE][PASSED] - Modify property of object successfully

2018-06-04 19:07:33 - [TEST_STEP][PASSED] - selectOptionByIndex: All options with index in [1] are selected on object ''

2018-06-04 19:07:33 - [MESSAGE][PASSED] - All options with index in [1] are selected on object ''

2018-06-04 19:07:33 - [TEST_STEP][PASSED] - delay: Delayed 2 second(s)

2018-06-04 19:07:35 - [MESSAGE][PASSED] - Delayed 2 second(s)

2018-06-04 19:07:35 - [TEST_STEP][PASSED] - Statement - batch = new com.kms.katalon.core.testobject.TestObject(): null

2018-06-04 19:07:35 - [TEST_STEP][PASSED] - Statement - batch = com.kms.katalon.core.webui.keyword.WebUiBuiltInKeywords.modifyObjectProperty(batch, "xpath", "equals", "//*[@id = "txtbthqty" + row + ""]", true): Modify property of object successfully

2018-06-04 19:07:35 - [MESSAGE][PASSED] - Modify property of object successfully

2018-06-04 19:07:35 - [TEST_STEP][PASSED] - Statement - batchqty = com.kms.katalon.core.webui.keyword.WebUiBuiltInKeywords.getAttribute(batch, "value").trim(): Attribute 'value' of object '' is: '29600'

2018-06-04 19:07:35 - [MESSAGE][PASSED] - Attribute 'value' of object '' is: '29600'

2018-06-04 19:07:35 - [TEST_STEP][PASSED] - Statement - Rqty = 100: null

2018-06-04 19:07:35 - [TEST_STEP][PASSED] - Statement - out.println("BatchQty : " + batchqty): null

2018-06-04 19:07:35 - [TEST_STEP][PASSED] - Statement - out.println("RQty : " + Rqty): null

2018-06-04 19:07:35 - [TEST_STEP][PASSED] - Statement - If (java.lang.Integer.valueOf(batchqty) >= java.lang.Integer.valueOf(Rqty)): null

2018-06-04 19:07:35 - [TEST_STEP][PASSED] - Statement - Break: null

2018-06-04 19:07:35 - [TEST_STEP][PASSED] - Statement - batchlength = new com.kms.katalon.core.testobject.TestObject(): null

2018-06-04 19:07:35 - [TEST_STEP][PASSED] - Statement - batchlength = com.kms.katalon.core.webui.keyword.WebUiBuiltInKeywords.modifyObjectProperty(batchlength, "xpath", "equals", "//*[@id = "fldvendor" + row + ""]", true): Modify property of object successfully

2018-06-04 19:07:35 - [MESSAGE][PASSED] - Modify property of object successfully

2018-06-04 19:07:35 - [TEST_STEP][PASSED] - Statement - batchsize = com.kms.katalon.core.webui.keyword.WebUiBuiltInKeywords.getNumberOfTotalOption(batchlength): 12 options of object '' counted

2018-06-04 19:07:35 - [MESSAGE][PASSED] - 12 options of object '' counted

2018-06-04 19:07:35 - [TEST_STEP][PASSED] - Statement - out.println("BatchSize : " + batchsize): null

2018-06-04 19:07:35 - [TEST_STEP][PASSED] - Statement - For ([n = 1, n <= batchsize - 1, (n++)]): null

2018-06-04 19:07:35 - [TEST_STEP][PASSED] - Statement - product = new com.kms.katalon.core.testobject.TestObject(): null

2018-06-04 19:07:35 - [TEST_STEP][PASSED] - Statement - product = com.kms.katalon.core.webui.keyword.WebUiBuiltInKeywords.modifyObjectProperty(product, "xpath", "equals", "//*[@id = "fldvendor" + row + ""]", true): Modify property of object successfully

2018-06-04 19:07:35 - [MESSAGE][PASSED] - Modify property of object successfully

2018-06-04 19:07:35 - [TEST_STEP][PASSED] - selectOptionByIndex: All options with index in [1] are selected on object ''

2018-06-04 19:07:35 - [MESSAGE][PASSED] - All options with index in [1] are selected on object ''

2018-06-04 19:07:35 - [TEST_STEP][PASSED] - delay: Delayed 2 second(s)

2018-06-04 19:07:37 - [MESSAGE][PASSED] - Delayed 2 second(s)

2018-06-04 19:07:37 - [TEST_STEP][PASSED] - Statement - batch = new com.kms.katalon.core.testobject.TestObject(): null

2018-06-04 19:07:37 - [TEST_STEP][PASSED] - Statement - batch = com.kms.katalon.core.webui.keyword.WebUiBuiltInKeywords.modifyObjectProperty(batch, "xpath", "equals", "//*[@id = "txtbthqty" + row + ""]", true): Modify property of object successfully

2018-06-04 19:07:37 - [MESSAGE][PASSED] - Modify property of object successfully

2018-06-04 19:07:37 - [TEST_STEP][PASSED] - Statement - batchqty = com.kms.katalon.core.webui.keyword.WebUiBuiltInKeywords.getAttribute(batch, "value").trim(): Attribute 'value' of object '' is: '2800'

2018-06-04 19:07:37 - [MESSAGE][PASSED] - Attribute 'value' of object '' is: '2800'

2018-06-04 19:07:37 - [TEST_STEP][PASSED] - Statement - Rqty = 100: null

2018-06-04 19:07:37 - [TEST_STEP][PASSED] - Statement - out.println("BatchQty : " + batchqty): null

2018-06-04 19:07:37 - [TEST_STEP][PASSED] - Statement - out.println("RQty : " + Rqty): null

2018-06-04 19:07:37 - [TEST_STEP][PASSED] - Statement - If (java.lang.Integer.valueOf(batchqty) >= java.lang.Integer.valueOf(Rqty)): null

2018-06-04 19:07:37 - [TEST_STEP][PASSED] - Statement - Break: null

2018-06-04 19:07:37 - [TEST_STEP][PASSED] - Statement - batchlength = new com.kms.katalon.core.testobject.TestObject(): null

2018-06-04 19:07:37 - [TEST_STEP][PASSED] - Statement - batchlength = com.kms.katalon.core.webui.keyword.WebUiBuiltInKeywords.modifyObjectProperty(batchlength, "xpath", "equals", "//*[@id = "fldvendor" + row + ""]", true): Modify property of object successfully

2018-06-04 19:07:37 - [MESSAGE][PASSED] - Modify property of object successfully

2018-06-04 19:07:37 - [TEST_STEP][PASSED] - Statement - batchsize = com.kms.katalon.core.webui.keyword.WebUiBuiltInKeywords.getNumberOfTotalOption(batchlength): 12 options of object '' counted

2018-06-04 19:07:37 - [MESSAGE][PASSED] - 12 options of object '' counted

2018-06-04 19:07:37 - [TEST_STEP][PASSED] - Statement - out.println("BatchSize : " + batchsize): null

2018-06-04 19:07:37 - [TEST_STEP][PASSED] - Statement - For ([n = 1, n <= batchsize - 1, (n++)]): null

2018-06-04 19:07:37 - [TEST_STEP][PASSED] - Statement - product = new com.kms.katalon.core.testobject.TestObject(): null

2018-06-04 19:07:37 - [TEST_STEP][PASSED] - Statement - product = com.kms.katalon.core.webui.keyword.WebUiBuiltInKeywords.modifyObjectProperty(product, "xpath", "equals", "//*[@id = "fldvendor" + row + ""]", true): Modify property of object successfully

2018-06-04 19:07:37 - [MESSAGE][PASSED] - Modify property of object successfully

2018-06-04 19:07:37 - [TEST_STEP][PASSED] - selectOptionByIndex: All options with index in [1] are selected on object ''

2018-06-04 19:07:38 - [MESSAGE][PASSED] - All options with index in [1] are selected on object ''

2018-06-04 19:07:38 - [TEST_STEP][PASSED] - delay: Delayed 2 second(s)

2018-06-04 19:07:40 - [MESSAGE][PASSED] - Delayed 2 second(s)

2018-06-04 19:07:40 - [TEST_STEP][PASSED] - Statement - batch = new com.kms.katalon.core.testobject.TestObject(): null

2018-06-04 19:07:40 - [TEST_STEP][PASSED] - Statement - batch = com.kms.katalon.core.webui.keyword.WebUiBuiltInKeywords.modifyObjectProperty(batch, "xpath", "equals", "//*[@id = "txtbthqty" + row + ""]", true): Modify property of object successfully

2018-06-04 19:07:40 - [MESSAGE][PASSED] - Modify property of object successfully

2018-06-04 19:07:40 - [TEST_STEP][PASSED] - Statement - batchqty = com.kms.katalon.core.webui.keyword.WebUiBuiltInKeywords.getAttribute(batch, "value").trim(): Attribute 'value' of object '' is: '36800'

2018-06-04 19:07:40 - [MESSAGE][PASSED] - Attribute 'value' of object '' is: '36800'

2018-06-04 19:07:40 - [TEST_STEP][PASSED] - Statement - Rqty = 100: null

2018-06-04 19:07:40 - [TEST_STEP][PASSED] - Statement - out.println("BatchQty : " + batchqty): null

2018-06-04 19:07:40 - [TEST_STEP][PASSED] - Statement - out.println("RQty : " + Rqty): null

2018-06-04 19:07:40 - [TEST_STEP][PASSED] - Statement - If (java.lang.Integer.valueOf(batchqty) >= java.lang.Integer.valueOf(Rqty)): null

2018-06-04 19:07:40 - [TEST_STEP][PASSED] - Statement - Break: null

2018-06-04 19:07:40 - [TEST_STEP][PASSED] - Statement - batchlength = new com.kms.katalon.core.testobject.TestObject(): null

2018-06-04 19:07:40 - [TEST_STEP][PASSED] - Statement - batchlength = com.kms.katalon.core.webui.keyword.WebUiBuiltInKeywords.modifyObjectProperty(batchlength, "xpath", "equals", "//*[@id = "fldvendor" + row + ""]", true): Modify property of object successfully

2018-06-04 19:07:40 - [MESSAGE][PASSED] - Modify property of object successfully

2018-06-04 19:07:40 - [TEST_STEP][PASSED] - Statement - batchsize = com.kms.katalon.core.webui.keyword.WebUiBuiltInKeywords.getNumberOfTotalOption(batchlength): 12 options of object '' counted

2018-06-04 19:07:40 - [MESSAGE][PASSED] - 12 options of object '' counted

2018-06-04 19:07:40 - [TEST_STEP][PASSED] - Statement - out.println("BatchSize : " + batchsize): null

2018-06-04 19:07:40 - [TEST_STEP][PASSED] - Statement - For ([n = 1, n <= batchsize - 1, (n++)]): null

2018-06-04 19:07:40 - [TEST_STEP][PASSED] - Statement - product = new com.kms.katalon.core.testobject.TestObject(): null

2018-06-04 19:07:40 - [TEST_STEP][PASSED] - Statement - product = com.kms.katalon.core.webui.keyword.WebUiBuiltInKeywords.modifyObjectProperty(product, "xpath", "equals", "//*[@id = "fldvendor" + row + ""]", true): Modify property of object successfully

2018-06-04 19:07:40 - [MESSAGE][PASSED] - Modify property of object successfully

2018-06-04 19:07:40 - [TEST_STEP][PASSED] - selectOptionByIndex: All options with index in [1] are selected on object ''

2018-06-04 19:07:40 - [MESSAGE][PASSED] - All options with index in [1] are selected on object ''

2018-06-04 19:07:40 - [TEST_STEP][PASSED] - delay: Delayed 2 second(s)

2018-06-04 19:07:42 - [MESSAGE][PASSED] - Delayed 2 second(s)

2018-06-04 19:07:42 - [TEST_STEP][PASSED] - Statement - batch = new com.kms.katalon.core.testobject.TestObject(): null

2018-06-04 19:07:42 - [TEST_STEP][PASSED] - Statement - batch = com.kms.katalon.core.webui.keyword.WebUiBuiltInKeywords.modifyObjectProperty(batch, "xpath", "equals", "//*[@id = "txtbthqty" + row + ""]", true): Modify property of object successfully

2018-06-04 19:07:42 - [MESSAGE][PASSED] - Modify property of object successfully

2018-06-04 19:07:42 - [TEST_STEP][PASSED] - Statement - batchqty = com.kms.katalon.core.webui.keyword.WebUiBuiltInKeywords.getAttribute(batch, "value").trim(): Attribute 'value' of object '' is: '2800'

2018-06-04 19:07:42 - [MESSAGE][PASSED] - Attribute 'value' of object '' is: '2800'

2018-06-04 19:07:42 - [TEST_STEP][PASSED] - Statement - Rqty = 100: null

2018-06-04 19:07:42 - [TEST_STEP][PASSED] - Statement - out.println("BatchQty : " + batchqty): null

2018-06-04 19:07:42 - [TEST_STEP][PASSED] - Statement - out.println("RQty : " + Rqty): null

2018-06-04 19:07:42 - [TEST_STEP][PASSED] - Statement - If (java.lang.Integer.valueOf(batchqty) >= java.lang.Integer.valueOf(Rqty)): null

2018-06-04 19:07:42 - [TEST_STEP][PASSED] - Statement - Break: null

2018-06-04 19:07:42 - [TEST_STEP][PASSED] - Statement - batchlength = new com.kms.katalon.core.testobject.TestObject(): null

2018-06-04 19:07:42 - [TEST_STEP][PASSED] - Statement - batchlength = com.kms.katalon.core.webui.keyword.WebUiBuiltInKeywords.modifyObjectProperty(batchlength, "xpath", "equals", "//*[@id = "fldvendor" + row + ""]", true): Modify property of object successfully

2018-06-04 19:07:42 - [MESSAGE][PASSED] - Modify property of object successfully

2018-06-04 19:07:42 - [TEST_STEP][PASSED] - Statement - batchsize = com.kms.katalon.core.webui.keyword.WebUiBuiltInKeywords.getNumberOfTotalOption(batchlength): 12 options of object '' counted

2018-06-04 19:07:42 - [MESSAGE][PASSED] - 12 options of object '' counted

2018-06-04 19:07:42 - [TEST_STEP][PASSED] - Statement - out.println("BatchSize : " + batchsize): null

2018-06-04 19:07:42 - [TEST_STEP][PASSED] - Statement - For ([n = 1, n <= batchsize - 1, (n++)]): null

2018-06-04 19:07:42 - [TEST_STEP][PASSED] - Statement - product = new com.kms.katalon.core.testobject.TestObject(): null

2018-06-04 19:07:42 - [TEST_STEP][PASSED] - Statement - product = com.kms.katalon.core.webui.keyword.WebUiBuiltInKeywords.modifyObjectProperty(product, "xpath", "equals", "//*[@id = "fldvendor" + row + ""]", true): Modify property of object successfully

2018-06-04 19:07:42 - [MESSAGE][PASSED] - Modify property of object successfully

2018-06-04 19:07:42 - [TEST_STEP][PASSED] - selectOptionByIndex: All options with index in [1] are selected on object ''

2018-06-04 19:07:42 - [MESSAGE][PASSED] - All options with index in [1] are selected on object ''

2018-06-04 19:07:42 - [TEST_STEP][PASSED] - delay: Delayed 2 second(s)

2018-06-04 19:07:44 - [MESSAGE][PASSED] - Delayed 2 second(s)

2018-06-04 19:07:44 - [TEST_STEP][PASSED] - Statement - batch = new com.kms.katalon.core.testobject.TestObject(): null

2018-06-04 19:07:44 - [TEST_STEP][PASSED] - Statement - batch = com.kms.katalon.core.webui.keyword.WebUiBuiltInKeywords.modifyObjectProperty(batch, "xpath", "equals", "//*[@id = "txtbthqty" + row + ""]", true): Modify property of object successfully

2018-06-04 19:07:44 - [MESSAGE][PASSED] - Modify property of object successfully

2018-06-04 19:07:44 - [TEST_STEP][PASSED] - Statement - batchqty = com.kms.katalon.core.webui.keyword.WebUiBuiltInKeywords.getAttribute(batch, "value").trim(): Attribute 'value' of object '' is: '4100'

2018-06-04 19:07:44 - [MESSAGE][PASSED] - Attribute 'value' of object '' is: '4100'

2018-06-04 19:07:44 - [TEST_STEP][PASSED] - Statement - Rqty = 100: null

2018-06-04 19:07:44 - [TEST_STEP][PASSED] - Statement - out.println("BatchQty : " + batchqty): null

2018-06-04 19:07:44 - [TEST_STEP][PASSED] - Statement - out.println("RQty : " + Rqty): null

2018-06-04 19:07:44 - [TEST_STEP][PASSED] - Statement - If (java.lang.Integer.valueOf(batchqty) >= java.lang.Integer.valueOf(Rqty)): null

2018-06-04 19:07:44 - [TEST_STEP][PASSED] - Statement - Break: null

2018-06-04 19:07:44 - [TEST_STEP][PASSED] - Statement - batchlength = new com.kms.katalon.core.testobject.TestObject(): null

2018-06-04 19:07:44 - [TEST_STEP][PASSED] - Statement - batchlength = com.kms.katalon.core.webui.keyword.WebUiBuiltInKeywords.modifyObjectProperty(batchlength, "xpath", "equals", "//*[@id = "fldvendor" + row + ""]", true): Modify property of object successfully

2018-06-04 19:07:44 - [MESSAGE][PASSED] - Modify property of object successfully

2018-06-04 19:07:44 - [TEST_STEP][PASSED] - Statement - batchsize = com.kms.katalon.core.webui.keyword.WebUiBuiltInKeywords.getNumberOfTotalOption(batchlength): 12 options of object '' counted

2018-06-04 19:07:44 - [MESSAGE][PASSED] - 12 options of object '' counted

2018-06-04 19:07:44 - [TEST_STEP][PASSED] - Statement - out.println("BatchSize : " + batchsize): null

2018-06-04 19:07:44 - [TEST_STEP][PASSED] - Statement - For ([n = 1, n <= batchsize - 1, (n++)]): null

2018-06-04 19:07:44 - [TEST_STEP][PASSED] - Statement - product = new com.kms.katalon.core.testobject.TestObject(): null

2018-06-04 19:07:44 - [TEST_STEP][PASSED] - Statement - product = com.kms.katalon.core.webui.keyword.WebUiBuiltInKeywords.modifyObjectProperty(product, "xpath", "equals", "//*[@id = "fldvendor" + row + ""]", true): Modify property of object successfully

2018-06-04 19:07:44 - [MESSAGE][PASSED] - Modify property of object successfully

2018-06-04 19:07:44 - [TEST_STEP][PASSED] - selectOptionByIndex: All options with index in [1] are selected on object ''

2018-06-04 19:07:44 - [MESSAGE][PASSED] - All options with index in [1] are selected on object ''

2018-06-04 19:07:44 - [TEST_STEP][PASSED] - delay: Delayed 2 second(s)

2018-06-04 19:07:46 - [MESSAGE][PASSED] - Delayed 2 second(s)

2018-06-04 19:07:46 - [TEST_STEP][PASSED] - Statement - batch = new com.kms.katalon.core.testobject.TestObject(): null

2018-06-04 19:07:46 - [TEST_STEP][PASSED] - Statement - batch = com.kms.katalon.core.webui.keyword.WebUiBuiltInKeywords.modifyObjectProperty(batch, "xpath", "equals", "//*[@id = "txtbthqty" + row + ""]", true): Modify property of object successfully

2018-06-04 19:07:46 - [MESSAGE][PASSED] - Modify property of object successfully

2018-06-04 19:07:46 - [TEST_STEP][PASSED] - Statement - batchqty = com.kms.katalon.core.webui.keyword.WebUiBuiltInKeywords.getAttribute(batch, "value").trim(): Attribute 'value' of object '' is: '2800'

2018-06-04 19:07:46 - [MESSAGE][PASSED] - Attribute 'value' of object '' is: '2800'

2018-06-04 19:07:46 - [TEST_STEP][PASSED] - Statement - Rqty = 100: null

2018-06-04 19:07:46 - [TEST_STEP][PASSED] - Statement - out.println("BatchQty : " + batchqty): null

2018-06-04 19:07:46 - [TEST_STEP][PASSED] - Statement - out.println("RQty : " + Rqty): null

2018-06-04 19:07:46 - [TEST_STEP][PASSED] - Statement - If (java.lang.Integer.valueOf(batchqty) >= java.lang.Integer.valueOf(Rqty)): null

2018-06-04 19:07:46 - [TEST_STEP][PASSED] - Statement - Break: null

2018-06-04 19:07:46 - [TEST_STEP][PASSED] - Statement - batchlength = new com.kms.katalon.core.testobject.TestObject(): null

2018-06-04 19:07:46 - [TEST_STEP][PASSED] - Statement - batchlength = com.kms.katalon.core.webui.keyword.WebUiBuiltInKeywords.modifyObjectProperty(batchlength, "xpath", "equals", "//*[@id = "fldvendor" + row + ""]", true): Modify property of object successfully

2018-06-04 19:07:46 - [MESSAGE][PASSED] - Modify property of object successfully

2018-06-04 19:07:46 - [TEST_STEP][PASSED] - Statement - batchsize = com.kms.katalon.core.webui.keyword.WebUiBuiltInKeywords.getNumberOfTotalOption(batchlength): 12 options of object '' counted

2018-06-04 19:07:46 - [MESSAGE][PASSED] - 12 options of object '' counted

2018-06-04 19:07:46 - [TEST_STEP][PASSED] - Statement - out.println("BatchSize : " + batchsize): null

2018-06-04 19:07:46 - [TEST_STEP][PASSED] - Statement - For ([n = 1, n <= batchsize - 1, (n++)]): null

2018-06-04 19:07:46 - [TEST_STEP][PASSED] - Statement - product = new com.kms.katalon.core.testobject.TestObject(): null

2018-06-04 19:07:46 - [TEST_STEP][PASSED] - Statement - product = com.kms.katalon.core.webui.keyword.WebUiBuiltInKeywords.modifyObjectProperty(product, "xpath", "equals", "//*[@id = "fldvendor" + row + ""]", true): Modify property of object successfully

2018-06-04 19:07:46 - [MESSAGE][PASSED] - Modify property of object successfully

2018-06-04 19:07:46 - [TEST_STEP][PASSED] - selectOptionByIndex: All options with index in [1] are selected on object ''

2018-06-04 19:07:47 - [MESSAGE][PASSED] - All options with index in [1] are selected on object ''

2018-06-04 19:07:47 - [TEST_STEP][PASSED] - delay: Delayed 2 second(s)

2018-06-04 19:07:49 - [MESSAGE][PASSED] - Delayed 2 second(s)

2018-06-04 19:07:49 - [TEST_STEP][PASSED] - Statement - batch = new com.kms.katalon.core.testobject.TestObject(): null

2018-06-04 19:07:49 - [TEST_STEP][PASSED] - Statement - batch = com.kms.katalon.core.webui.keyword.WebUiBuiltInKeywords.modifyObjectProperty(batch, "xpath", "equals", "//*[@id = "txtbthqty" + row + ""]", true): Modify property of object successfully

2018-06-04 19:07:49 - [MESSAGE][PASSED] - Modify property of object successfully

2018-06-04 19:07:49 - [TEST_STEP][PASSED] - Statement - batchqty = com.kms.katalon.core.webui.keyword.WebUiBuiltInKeywords.getAttribute(batch, "value").trim(): Attribute 'value' of object '' is: '2800'

2018-06-04 19:07:49 - [MESSAGE][PASSED] - Attribute 'value' of object '' is: '2800'

2018-06-04 19:07:49 - [TEST_STEP][PASSED] - Statement - Rqty = 100: null

2018-06-04 19:07:49 - [TEST_STEP][PASSED] - Statement - out.println("BatchQty : " + batchqty): null

2018-06-04 19:07:49 - [TEST_STEP][PASSED] - Statement - out.println("RQty : " + Rqty): null

2018-06-04 19:07:49 - [TEST_STEP][PASSED] - Statement - If (java.lang.Integer.valueOf(batchqty) >= java.lang.Integer.valueOf(Rqty)): null

2018-06-04 19:07:49 - [TEST_STEP][PASSED] - Statement - Break: null

2018-06-04 19:07:49 - [TEST_STEP][PASSED] - Statement - batchlength = new com.kms.katalon.core.testobject.TestObject(): null

2018-06-04 19:07:49 - [TEST_STEP][PASSED] - Statement - batchlength = com.kms.katalon.core.webui.keyword.WebUiBuiltInKeywords.modifyObjectProperty(batchlength, "xpath", "equals", "//*[@id = "fldvendor" + row + ""]", true): Modify property of object successfully

2018-06-04 19:07:49 - [MESSAGE][PASSED] - Modify property of object successfully

2018-06-04 19:07:49 - [TEST_STEP][PASSED] - Statement - batchsize = com.kms.katalon.core.webui.keyword.WebUiBuiltInKeywords.getNumberOfTotalOption(batchlength): 12 options of object '' counted

2018-06-04 19:07:49 - [MESSAGE][PASSED] - 12 options of object '' counted

2018-06-04 19:07:49 - [TEST_STEP][PASSED] - Statement - out.println("BatchSize : " + batchsize): null

2018-06-04 19:07:49 - [TEST_STEP][PASSED] - Statement - For ([n = 1, n <= batchsize - 1, (n++)]): null

2018-06-04 19:07:49 - [TEST_STEP][PASSED] - Statement - product = new com.kms.katalon.core.testobject.TestObject(): null

2018-06-04 19:07:49 - [TEST_STEP][PASSED] - Statement - product = com.kms.katalon.core.webui.keyword.WebUiBuiltInKeywords.modifyObjectProperty(product, "xpath", "equals", "//*[@id = "fldvendor" + row + ""]", true): Modify property of object successfully

2018-06-04 19:07:49 - [MESSAGE][PASSED] - Modify property of object successfully

2018-06-04 19:07:49 - [TEST_STEP][PASSED] - selectOptionByIndex: All options with index in [1] are selected on object ''

2018-06-04 19:07:49 - [MESSAGE][PASSED] - All options with index in [1] are selected on object ''

2018-06-04 19:07:49 - [TEST_STEP][PASSED] - delay: Delayed 2 second(s)

2018-06-04 19:07:51 - [MESSAGE][PASSED] - Delayed 2 second(s)

2018-06-04 19:07:51 - [TEST_STEP][PASSED] - Statement - batch = new com.kms.katalon.core.testobject.TestObject(): null

2018-06-04 19:07:51 - [TEST_STEP][PASSED] - Statement - batch = com.kms.katalon.core.webui.keyword.WebUiBuiltInKeywords.modifyObjectProperty(batch, "xpath", "equals", "//*[@id = "txtbthqty" + row + ""]", true): Modify property of object successfully

2018-06-04 19:07:51 - [MESSAGE][PASSED] - Modify property of object successfully

2018-06-04 19:07:51 - [TEST_STEP][PASSED] - Statement - batchqty = com.kms.katalon.core.webui.keyword.WebUiBuiltInKeywords.getAttribute(batch, "value").trim(): Attribute 'value' of object '' is: '3800'

2018-06-04 19:07:51 - [MESSAGE][PASSED] - Attribute 'value' of object '' is: '3800'

2018-06-04 19:07:51 - [TEST_STEP][PASSED] - Statement - Rqty = 100: null

2018-06-04 19:07:51 - [TEST_STEP][PASSED] - Statement - out.println("BatchQty : " + batchqty): null

2018-06-04 19:07:51 - [TEST_STEP][PASSED] - Statement - out.println("RQty : " + Rqty): null

2018-06-04 19:07:51 - [TEST_STEP][PASSED] - Statement - If (java.lang.Integer.valueOf(batchqty) >= java.lang.Integer.valueOf(Rqty)): null

2018-06-04 19:07:51 - [TEST_STEP][PASSED] - Statement - Break: null

2018-06-04 19:07:51 - [TEST_STEP][PASSED] - Statement - batchlength = new com.kms.katalon.core.testobject.TestObject(): null

2018-06-04 19:07:51 - [TEST_STEP][PASSED] - Statement - batchlength = com.kms.katalon.core.webui.keyword.WebUiBuiltInKeywords.modifyObjectProperty(batchlength, "xpath", "equals", "//*[@id = "fldvendor" + row + ""]", true): Modify property of object successfully

2018-06-04 19:07:51 - [MESSAGE][PASSED] - Modify property of object successfully

2018-06-04 19:07:51 - [TEST_STEP][PASSED] - Statement - batchsize = com.kms.katalon.core.webui.keyword.WebUiBuiltInKeywords.getNumberOfTotalOption(batchlength): 12 options of object '' counted

2018-06-04 19:07:51 - [MESSAGE][PASSED] - 12 options of object '' counted

2018-06-04 19:07:51 - [TEST_STEP][PASSED] - Statement - out.println("BatchSize : " + batchsize): null

2018-06-04 19:07:51 - [TEST_STEP][PASSED] - Statement - For ([n = 1, n <= batchsize - 1, (n++)]): null

2018-06-04 19:07:51 - [TEST_STEP][PASSED] - Statement - product = new com.kms.katalon.core.testobject.TestObject(): null

2018-06-04 19:07:51 - [TEST_STEP][PASSED] - Statement - product = com.kms.katalon.core.webui.keyword.WebUiBuiltInKeywords.modifyObjectProperty(product, "xpath", "equals", "//*[@id = "fldvendor" + row + ""]", true): Modify property of object successfully

2018-06-04 19:07:51 - [MESSAGE][PASSED] - Modify property of object successfully

2018-06-04 19:07:51 - [TEST_STEP][PASSED] - selectOptionByIndex: All options with index in [1] are selected on object ''

2018-06-04 19:07:51 - [MESSAGE][PASSED] - All options with index in [1] are selected on object ''

2018-06-04 19:07:51 - [TEST_STEP][PASSED] - delay: Delayed 2 second(s)

2018-06-04 19:07:53 - [MESSAGE][PASSED] - Delayed 2 second(s)

2018-06-04 19:07:53 - [TEST_STEP][PASSED] - Statement - batch = new com.kms.katalon.core.testobject.TestObject(): null

2018-06-04 19:07:53 - [TEST_STEP][PASSED] - Statement - batch = com.kms.katalon.core.webui.keyword.WebUiBuiltInKeywords.modifyObjectProperty(batch, "xpath", "equals", "//*[@id = "txtbthqty" + row + ""]", true): Modify property of object successfully

2018-06-04 19:07:53 - [MESSAGE][PASSED] - Modify property of object successfully

2018-06-04 19:07:53 - [TEST_STEP][PASSED] - Statement - batchqty = com.kms.katalon.core.webui.keyword.WebUiBuiltInKeywords.getAttribute(batch, "value").trim(): Attribute 'value' of object '' is: '3800'

2018-06-04 19:07:53 - [MESSAGE][PASSED] - Attribute 'value' of object '' is: '3800'

2018-06-04 19:07:53 - [TEST_STEP][PASSED] - Statement - Rqty = 100: null

2018-06-04 19:07:53 - [TEST_STEP][PASSED] - Statement - out.println("BatchQty : " + batchqty): null

2018-06-04 19:07:53 - [TEST_STEP][PASSED] - Statement - out.println("RQty : " + Rqty): null

2018-06-04 19:07:53 - [TEST_STEP][PASSED] - Statement - If (java.lang.Integer.valueOf(batchqty) >= java.lang.Integer.valueOf(Rqty)): null

2018-06-04 19:07:53 - [TEST_STEP][PASSED] - Statement - Break: null

2018-06-04 19:07:53 - [TEST_STEP][PASSED] - Statement - batchlength = new com.kms.katalon.core.testobject.TestObject(): null

2018-06-04 19:07:53 - [TEST_STEP][PASSED] - Statement - batchlength = com.kms.katalon.core.webui.keyword.WebUiBuiltInKeywords.modifyObjectProperty(batchlength, "xpath", "equals", "//*[@id = "fldvendor" + row + ""]", true): Modify property of object successfully

2018-06-04 19:07:53 - [MESSAGE][PASSED] - Modify property of object successfully

2018-06-04 19:07:53 - [TEST_STEP][PASSED] - Statement - batchsize = com.kms.katalon.core.webui.keyword.WebUiBuiltInKeywords.getNumberOfTotalOption(batchlength): 12 options of object '' counted

2018-06-04 19:07:53 - [MESSAGE][PASSED] - 12 options of object '' counted

2018-06-04 19:07:53 - [TEST_STEP][PASSED] - Statement - out.println("BatchSize : " + batchsize): null

2018-06-04 19:07:53 - [TEST_STEP][PASSED] - Statement - For ([n = 1, n <= batchsize - 1, (n++)]): null

2018-06-04 19:07:53 - [TEST_STEP][PASSED] - Statement - product = new com.kms.katalon.core.testobject.TestObject(): null

2018-06-04 19:07:53 - [TEST_STEP][PASSED] - Statement - product = com.kms.katalon.core.webui.keyword.WebUiBuiltInKeywords.modifyObjectProperty(product, "xpath", "equals", "//*[@id = "fldvendor" + row + ""]", true): Modify property of object successfully

2018-06-04 19:07:53 - [MESSAGE][PASSED] - Modify property of object successfully

2018-06-04 19:07:53 - [TEST_STEP][PASSED] - selectOptionByIndex: All options with index in [1] are selected on object ''

2018-06-04 19:07:53 - [MESSAGE][PASSED] - All options with index in [1] are selected on object ''

2018-06-04 19:07:53 - [TEST_STEP][PASSED] - delay: Delayed 2 second(s)

2018-06-04 19:07:55 - [MESSAGE][PASSED] - Delayed 2 second(s)

2018-06-04 19:07:55 - [TEST_STEP][PASSED] - Statement - batch = new com.kms.katalon.core.testobject.TestObject(): null

2018-06-04 19:07:55 - [TEST_STEP][PASSED] - Statement - batch = com.kms.katalon.core.webui.keyword.WebUiBuiltInKeywords.modifyObjectProperty(batch, "xpath", "equals", "//*[@id = "txtbthqty" + row + ""]", true): Modify property of object successfully

2018-06-04 19:07:55 - [MESSAGE][PASSED] - Modify property of object successfully

2018-06-04 19:07:55 - [TEST_STEP][PASSED] - Statement - batchqty = com.kms.katalon.core.webui.keyword.WebUiBuiltInKeywords.getAttribute(batch, "value").trim(): Attribute 'value' of object '' is: '3800'

2018-06-04 19:07:55 - [MESSAGE][PASSED] - Attribute 'value' of object '' is: '3800'

2018-06-04 19:07:55 - [TEST_STEP][PASSED] - Statement - Rqty = 100: null

2018-06-04 19:07:55 - [TEST_STEP][PASSED] - Statement - out.println("BatchQty : " + batchqty): null

2018-06-04 19:07:55 - [TEST_STEP][PASSED] - Statement - out.println("RQty : " + Rqty): null

2018-06-04 19:07:55 - [TEST_STEP][PASSED] - Statement - If (java.lang.Integer.valueOf(batchqty) >= java.lang.Integer.valueOf(Rqty)): null

2018-06-04 19:07:55 - [TEST_STEP][PASSED] - Statement - Break: null

2018-06-04 19:07:55 - [TEST_STEP][PASSED] - Statement - batchlength = new com.kms.katalon.core.testobject.TestObject(): null

2018-06-04 19:07:55 - [TEST_STEP][PASSED] - Statement - batchlength = com.kms.katalon.core.webui.keyword.WebUiBuiltInKeywords.modifyObjectProperty(batchlength, "xpath", "equals", "//*[@id = "fldvendor" + row + ""]", true): Modify property of object successfully

2018-06-04 19:07:55 - [MESSAGE][PASSED] - Modify property of object successfully

2018-06-04 19:07:55 - [TEST_STEP][PASSED] - Statement - batchsize = com.kms.katalon.core.webui.keyword.WebUiBuiltInKeywords.getNumberOfTotalOption(batchlength): 12 options of object '' counted

2018-06-04 19:07:55 - [MESSAGE][PASSED] - 12 options of object '' counted

2018-06-04 19:07:55 - [TEST_STEP][PASSED] - Statement - out.println("BatchSize : " + batchsize): null

2018-06-04 19:07:55 - [TEST_STEP][PASSED] - Statement - For ([n = 1, n <= batchsize - 1, (n++)]): null

2018-06-04 19:07:55 - [TEST_STEP][PASSED] - Statement - product = new com.kms.katalon.core.testobject.TestObject(): null

2018-06-04 19:07:55 - [TEST_STEP][PASSED] - Statement - product = com.kms.katalon.core.webui.keyword.WebUiBuiltInKeywords.modifyObjectProperty(product, "xpath", "equals", "//*[@id = "fldvendor" + row + ""]", true): Modify property of object successfully

2018-06-04 19:07:55 - [MESSAGE][PASSED] - Modify property of object successfully

2018-06-04 19:07:55 - [TEST_STEP][PASSED] - selectOptionByIndex: All options with index in [1] are selected on object ''

2018-06-04 19:07:56 - [MESSAGE][PASSED] - All options with index in [1] are selected on object ''

2018-06-04 19:07:56 - [TEST_STEP][PASSED] - delay: Delayed 2 second(s)

2018-06-04 19:07:58 - [MESSAGE][PASSED] - Delayed 2 second(s)

2018-06-04 19:07:58 - [TEST_STEP][PASSED] - Statement - batch = new com.kms.katalon.core.testobject.TestObject(): null

2018-06-04 19:07:58 - [TEST_STEP][PASSED] - Statement - batch = com.kms.katalon.core.webui.keyword.WebUiBuiltInKeywords.modifyObjectProperty(batch, "xpath", "equals", "//*[@id = "txtbthqty" + row + ""]", true): Modify property of object successfully

2018-06-04 19:07:58 - [MESSAGE][PASSED] - Modify property of object successfully

2018-06-04 19:07:58 - [TEST_STEP][PASSED] - Statement - batchqty = com.kms.katalon.core.webui.keyword.WebUiBuiltInKeywords.getAttribute(batch, "value").trim(): Attribute 'value' of object '' is: '2800'

2018-06-04 19:07:58 - [MESSAGE][PASSED] - Attribute 'value' of object '' is: '2800'

2018-06-04 19:07:58 - [TEST_STEP][PASSED] - Statement - Rqty = 100: null

2018-06-04 19:07:58 - [TEST_STEP][PASSED] - Statement - out.println("BatchQty : " + batchqty): null

2018-06-04 19:07:58 - [TEST_STEP][PASSED] - Statement - out.println("RQty : " + Rqty): null

2018-06-04 19:07:58 - [TEST_STEP][PASSED] - Statement - If (java.lang.Integer.valueOf(batchqty) >= java.lang.Integer.valueOf(Rqty)): null

2018-06-04 19:07:58 - [TEST_STEP][PASSED] - Statement - Break: null

2018-06-04 19:07:58 - [TEST_STEP][PASSED] - Statement - batchlength = new com.kms.katalon.core.testobject.TestObject(): null

2018-06-04 19:07:58 - [TEST_STEP][PASSED] - Statement - batchlength = com.kms.katalon.core.webui.keyword.WebUiBuiltInKeywords.modifyObjectProperty(batchlength, "xpath", "equals", "//*[@id = "fldvendor" + row + ""]", true): Modify property of object successfully

2018-06-04 19:07:58 - [MESSAGE][PASSED] - Modify property of object successfully

2018-06-04 19:07:58 - [TEST_STEP][PASSED] - Statement - batchsize = com.kms.katalon.core.webui.keyword.WebUiBuiltInKeywords.getNumberOfTotalOption(batchlength): 12 options of object '' counted

2018-06-04 19:07:58 - [MESSAGE][PASSED] - 12 options of object '' counted

2018-06-04 19:07:58 - [TEST_STEP][PASSED] - Statement - out.println("BatchSize : " + batchsize): null

2018-06-04 19:07:58 - [TEST_STEP][PASSED] - Statement - For ([n = 1, n <= batchsize - 1, (n++)]): null

2018-06-04 19:07:58 - [TEST_STEP][PASSED] - Statement - product = new com.kms.katalon.core.testobject.TestObject(): null

2018-06-04 19:07:58 - [TEST_STEP][PASSED] - Statement - product = com.kms.katalon.core.webui.keyword.WebUiBuiltInKeywords.modifyObjectProperty(product, "xpath", "equals", "//*[@id = "fldvendor" + row + ""]", true): Modify property of object successfully

2018-06-04 19:07:58 - [MESSAGE][PASSED] - Modify property of object successfully

2018-06-04 19:07:58 - [TEST_STEP][PASSED] - selectOptionByIndex: All options with index in [1] are selected on object ''

2018-06-04 19:07:58 - [MESSAGE][PASSED] - All options with index in [1] are selected on object ''

2018-06-04 19:07:58 - [TEST_STEP][PASSED] - delay: Delayed 2 second(s)

2018-06-04 19:08:00 - [MESSAGE][PASSED] - Delayed 2 second(s)

2018-06-04 19:08:00 - [TEST_STEP][PASSED] - Statement - batch = new com.kms.katalon.core.testobject.TestObject(): null

2018-06-04 19:08:00 - [TEST_STEP][PASSED] - Statement - batch = com.kms.katalon.core.webui.keyword.WebUiBuiltInKeywords.modifyObjectProperty(batch, "xpath", "equals", "//*[@id = "txtbthqty" + row + ""]", true): Modify property of object successfully

2018-06-04 19:08:00 - [MESSAGE][PASSED] - Modify property of object successfully

2018-06-04 19:08:00 - [TEST_STEP][PASSED] - Statement - batchqty = com.kms.katalon.core.webui.keyword.WebUiBuiltInKeywords.getAttribute(batch, "value").trim(): Attribute 'value' of object '' is: '1800'

2018-06-04 19:08:00 - [MESSAGE][PASSED] - Attribute 'value' of object '' is: '1800'

2018-06-04 19:08:00 - [TEST_STEP][PASSED] - Statement - Rqty = 100: null

2018-06-04 19:08:00 - [TEST_STEP][PASSED] - Statement - out.println("BatchQty : " + batchqty): null

2018-06-04 19:08:00 - [TEST_STEP][PASSED] - Statement - out.println("RQty : " + Rqty): null

2018-06-04 19:08:00 - [TEST_STEP][PASSED] - Statement - If (java.lang.Integer.valueOf(batchqty) >= java.lang.Integer.valueOf(Rqty)): null

2018-06-04 19:08:00 - [TEST_STEP][PASSED] - Statement - Break: null

2018-06-04 19:08:00 - [TEST_STEP][PASSED] - Statement - batchlength = new com.kms.katalon.core.testobject.TestObject(): null

2018-06-04 19:08:00 - [TEST_STEP][PASSED] - Statement - batchlength = com.kms.katalon.core.webui.keyword.WebUiBuiltInKeywords.modifyObjectProperty(batchlength, "xpath", "equals", "//*[@id = "fldvendor" + row + ""]", true): Modify property of object successfully

2018-06-04 19:08:00 - [MESSAGE][PASSED] - Modify property of object successfully

2018-06-04 19:08:00 - [TEST_STEP][PASSED] - Statement - batchsize = com.kms.katalon.core.webui.keyword.WebUiBuiltInKeywords.getNumberOfTotalOption(batchlength): 12 options of object '' counted

2018-06-04 19:08:00 - [MESSAGE][PASSED] - 12 options of object '' counted

2018-06-04 19:08:00 - [TEST_STEP][PASSED] - Statement - out.println("BatchSize : " + batchsize): null

2018-06-04 19:08:00 - [TEST_STEP][PASSED] - Statement - For ([n = 1, n <= batchsize - 1, (n++)]): null

2018-06-04 19:08:00 - [TEST_STEP][PASSED] - Statement - product = new com.kms.katalon.core.testobject.TestObject(): null

2018-06-04 19:08:00 - [TEST_STEP][PASSED] - Statement - product = com.kms.katalon.core.webui.keyword.WebUiBuiltInKeywords.modifyObjectProperty(product, "xpath", "equals", "//*[@id = "fldvendor" + row + ""]", true): Modify property of object successfully

2018-06-04 19:08:00 - [MESSAGE][PASSED] - Modify property of object successfully

2018-06-04 19:08:00 - [TEST_STEP][PASSED] - selectOptionByIndex: All options with index in [1] are selected on object ''

2018-06-04 19:08:00 - [MESSAGE][PASSED] - All options with index in [1] are selected on object ''

2018-06-04 19:08:00 - [TEST_STEP][PASSED] - delay: Delayed 2 second(s)

2018-06-04 19:08:02 - [MESSAGE][PASSED] - Delayed 2 second(s)

2018-06-04 19:08:02 - [TEST_STEP][PASSED] - Statement - batch = new com.kms.katalon.core.testobject.TestObject(): null

2018-06-04 19:08:02 - [TEST_STEP][PASSED] - Statement - batch = com.kms.katalon.core.webui.keyword.WebUiBuiltInKeywords.modifyObjectProperty(batch, "xpath", "equals", "//*[@id = "txtbthqty" + row + ""]", true): Modify property of object successfully

2018-06-04 19:08:02 - [MESSAGE][PASSED] - Modify property of object successfully

2018-06-04 19:08:02 - [TEST_STEP][PASSED] - Statement - batchqty = com.kms.katalon.core.webui.keyword.WebUiBuiltInKeywords.getAttribute(batch, "value").trim(): Attribute 'value' of object '' is: '3900'

2018-06-04 19:08:02 - [MESSAGE][PASSED] - Attribute 'value' of object '' is: '3900'

2018-06-04 19:08:02 - [TEST_STEP][PASSED] - Statement - Rqty = 100: null

2018-06-04 19:08:02 - [TEST_STEP][PASSED] - Statement - out.println("BatchQty : " + batchqty): null

2018-06-04 19:08:02 - [TEST_STEP][PASSED] - Statement - out.println("RQty : " + Rqty): null

2018-06-04 19:08:02 - [TEST_STEP][PASSED] - Statement - If (java.lang.Integer.valueOf(batchqty) >= java.lang.Integer.valueOf(Rqty)): null

2018-06-04 19:08:02 - [TEST_STEP][PASSED] - Statement - Break: null

2018-06-04 19:08:02 - [TEST_STEP][PASSED] - Statement - batchlength = new com.kms.katalon.core.testobject.TestObject(): null

2018-06-04 19:08:02 - [TEST_STEP][PASSED] - Statement - batchlength = com.kms.katalon.core.webui.keyword.WebUiBuiltInKeywords.modifyObjectProperty(batchlength, "xpath", "equals", "//*[@id = "fldvendor" + row + ""]", true): Modify property of object successfully

2018-06-04 19:08:02 - [MESSAGE][PASSED] - Modify property of object successfully

2018-06-04 19:08:02 - [TEST_STEP][PASSED] - Statement - batchsize = com.kms.katalon.core.webui.keyword.WebUiBuiltInKeywords.getNumberOfTotalOption(batchlength): 12 options of object '' counted

2018-06-04 19:08:02 - [MESSAGE][PASSED] - 12 options of object '' counted

2018-06-04 19:08:02 - [TEST_STEP][PASSED] - Statement - out.println("BatchSize : " + batchsize): null

2018-06-04 19:08:02 - [TEST_STEP][PASSED] - Statement - For ([n = 1, n <= batchsize - 1, (n++)]): null

2018-06-04 19:08:02 - [TEST_STEP][PASSED] - Statement - product = new com.kms.katalon.core.testobject.TestObject(): null

2018-06-04 19:08:02 - [TEST_STEP][PASSED] - Statement - product = com.kms.katalon.core.webui.keyword.WebUiBuiltInKeywords.modifyObjectProperty(product, "xpath", "equals", "//*[@id = "fldvendor" + row + ""]", true): Modify property of object successfully

2018-06-04 19:08:02 - [MESSAGE][PASSED] - Modify property of object successfully

2018-06-04 19:08:02 - [TEST_STEP][PASSED] - selectOptionByIndex: All options with index in [1] are selected on object ''

2018-06-04 19:08:02 - [MESSAGE][PASSED] - All options with index in [1] are selected on object ''

2018-06-04 19:08:02 - [TEST_STEP][PASSED] - delay: Delayed 2 second(s)

2018-06-04 19:08:04 - [MESSAGE][PASSED] - Delayed 2 second(s)

2018-06-04 19:08:04 - [TEST_STEP][PASSED] - Statement - batch = new com.kms.katalon.core.testobject.TestObject(): null

2018-06-04 19:08:04 - [TEST_STEP][PASSED] - Statement - batch = com.kms.katalon.core.webui.keyword.WebUiBuiltInKeywords.modifyObjectProperty(batch, "xpath", "equals", "//*[@id = "txtbthqty" + row + ""]", true): Modify property of object successfully

2018-06-04 19:08:04 - [MESSAGE][PASSED] - Modify property of object successfully

2018-06-04 19:08:04 - [TEST_STEP][PASSED] - Statement - batchqty = com.kms.katalon.core.webui.keyword.WebUiBuiltInKeywords.getAttribute(batch, "value").trim(): Attribute 'value' of object '' is: '1800'

2018-06-04 19:08:04 - [MESSAGE][PASSED] - Attribute 'value' of object '' is: '1800'

2018-06-04 19:08:04 - [TEST_STEP][PASSED] - Statement - Rqty = 100: null

2018-06-04 19:08:04 - [TEST_STEP][PASSED] - Statement - out.println("BatchQty : " + batchqty): null

2018-06-04 19:08:04 - [TEST_STEP][PASSED] - Statement - out.println("RQty : " + Rqty): null

2018-06-04 19:08:04 - [TEST_STEP][PASSED] - Statement - If (java.lang.Integer.valueOf(batchqty) >= java.lang.Integer.valueOf(Rqty)): null

2018-06-04 19:08:04 - [TEST_STEP][PASSED] - Statement - Break: null

2018-06-04 19:08:04 - [TEST_STEP][PASSED] - Statement - batchlength = new com.kms.katalon.core.testobject.TestObject(): null

2018-06-04 19:08:04 - [TEST_STEP][PASSED] - Statement - batchlength = com.kms.katalon.core.webui.keyword.WebUiBuiltInKeywords.modifyObjectProperty(batchlength, "xpath", "equals", "//*[@id = "fldvendor" + row + ""]", true): Modify property of object successfully

2018-06-04 19:08:04 - [MESSAGE][PASSED] - Modify property of object successfully

2018-06-04 19:08:04 - [TEST_STEP][PASSED] - Statement - batchsize = com.kms.katalon.core.webui.keyword.WebUiBuiltInKeywords.getNumberOfTotalOption(batchlength): 12 options of object '' counted

2018-06-04 19:08:04 - [MESSAGE][PASSED] - 12 options of object '' counted

2018-06-04 19:08:04 - [TEST_STEP][PASSED] - Statement - out.println("BatchSize : " + batchsize): null

2018-06-04 19:08:04 - [TEST_STEP][PASSED] - Statement - For ([n = 1, n <= batchsize - 1, (n++)]): null

2018-06-04 19:08:04 - [TEST_STEP][PASSED] - Statement - product = new com.kms.katalon.core.testobject.TestObject(): null

2018-06-04 19:08:04 - [TEST_STEP][PASSED] - Statement - product = com.kms.katalon.core.webui.keyword.WebUiBuiltInKeywords.modifyObjectProperty(product, "xpath", "equals", "//*[@id = "fldvendor" + row + ""]", true): Modify property of object successfully

2018-06-04 19:08:04 - [MESSAGE][PASSED] - Modify property of object successfully

2018-06-04 19:08:04 - [TEST_STEP][PASSED] - selectOptionByIndex: All options with index in [1] are selected on object ''

2018-06-04 19:08:05 - [MESSAGE][PASSED] - All options with index in [1] are selected on object ''

2018-06-04 19:08:05 - [TEST_STEP][PASSED] - delay: Delayed 2 second(s)

2018-06-04 19:08:07 - [MESSAGE][PASSED] - Delayed 2 second(s)

2018-06-04 19:08:07 - [TEST_STEP][PASSED] - Statement - batch = new com.kms.katalon.core.testobject.TestObject(): null

2018-06-04 19:08:07 - [TEST_STEP][PASSED] - Statement - batch = com.kms.katalon.core.webui.keyword.WebUiBuiltInKeywords.modifyObjectProperty(batch, "xpath", "equals", "//*[@id = "txtbthqty" + row + ""]", true): Modify property of object successfully

2018-06-04 19:08:07 - [MESSAGE][PASSED] - Modify property of object successfully

2018-06-04 19:08:07 - [TEST_STEP][PASSED] - Statement - batchqty = com.kms.katalon.core.webui.keyword.WebUiBuiltInKeywords.getAttribute(batch, "value").trim(): Attribute 'value' of object '' is: '37800'

2018-06-04 19:08:07 - [MESSAGE][PASSED] - Attribute 'value' of object '' is: '37800'

2018-06-04 19:08:07 - [TEST_STEP][PASSED] - Statement - Rqty = 100: null

2018-06-04 19:08:07 - [TEST_STEP][PASSED] - Statement - out.println("BatchQty : " + batchqty): null

2018-06-04 19:08:07 - [TEST_STEP][PASSED] - Statement - out.println("RQty : " + Rqty): null

2018-06-04 19:08:07 - [TEST_STEP][PASSED] - Statement - If (java.lang.Integer.valueOf(batchqty) >= java.lang.Integer.valueOf(Rqty)): null

2018-06-04 19:08:07 - [TEST_STEP][PASSED] - Statement - Break: null

2018-06-04 19:08:07 - [TEST_STEP][PASSED] - Statement - batchlength = new com.kms.katalon.core.testobject.TestObject(): null

2018-06-04 19:08:07 - [TEST_STEP][PASSED] - Statement - batchlength = com.kms.katalon.core.webui.keyword.WebUiBuiltInKeywords.modifyObjectProperty(batchlength, "xpath", "equals", "//*[@id = "fldvendor" + row + ""]", true): Modify property of object successfully

2018-06-04 19:08:07 - [MESSAGE][PASSED] - Modify property of object successfully

2018-06-04 19:08:07 - [TEST_STEP][PASSED] - Statement - batchsize = com.kms.katalon.core.webui.keyword.WebUiBuiltInKeywords.getNumberOfTotalOption(batchlength): 13 options of object '' counted

2018-06-04 19:08:07 - [MESSAGE][PASSED] - 13 options of object '' counted

2018-06-04 19:08:07 - [TEST_STEP][PASSED] - Statement - out.println("BatchSize : " + batchsize): null

2018-06-04 19:08:07 - [TEST_STEP][PASSED] - Statement - For ([n = 1, n <= batchsize - 1, (n++)]): null

2018-06-04 19:08:07 - [TEST_STEP][PASSED] - Statement - product = new com.kms.katalon.core.testobject.TestObject(): null

2018-06-04 19:08:07 - [TEST_STEP][PASSED] - Statement - product = com.kms.katalon.core.webui.keyword.WebUiBuiltInKeywords.modifyObjectProperty(product, "xpath", "equals", "//*[@id = "fldvendor" + row + ""]", true): Modify property of object successfully

2018-06-04 19:08:07 - [MESSAGE][PASSED] - Modify property of object successfully

2018-06-04 19:08:07 - [TEST_STEP][PASSED] - selectOptionByIndex: All options with index in [1] are selected on object ''

2018-06-04 19:08:07 - [MESSAGE][PASSED] - All options with index in [1] are selected on object ''

2018-06-04 19:08:07 - [TEST_STEP][PASSED] - delay: Delayed 2 second(s)

2018-06-04 19:08:09 - [MESSAGE][PASSED] - Delayed 2 second(s)

2018-06-04 19:08:09 - [TEST_STEP][PASSED] - Statement - batch = new com.kms.katalon.core.testobject.TestObject(): null

2018-06-04 19:08:09 - [TEST_STEP][PASSED] - Statement - batch = com.kms.katalon.core.webui.keyword.WebUiBuiltInKeywords.modifyObjectProperty(batch, "xpath", "equals", "//*[@id = "txtbthqty" + row + ""]", true): Modify property of object successfully

2018-06-04 19:08:09 - [MESSAGE][PASSED] - Modify property of object successfully

2018-06-04 19:08:09 - [TEST_STEP][PASSED] - Statement - batchqty = com.kms.katalon.core.webui.keyword.WebUiBuiltInKeywords.getAttribute(batch, "value").trim(): Attribute 'value' of object '' is: '2800'

2018-06-04 19:08:09 - [MESSAGE][PASSED] - Attribute 'value' of object '' is: '2800'

2018-06-04 19:08:09 - [TEST_STEP][PASSED] - Statement - Rqty = 100: null

2018-06-04 19:08:09 - [TEST_STEP][PASSED] - Statement - out.println("BatchQty : " + batchqty): null

2018-06-04 19:08:09 - [TEST_STEP][PASSED] - Statement - out.println("RQty : " + Rqty): null

2018-06-04 19:08:09 - [TEST_STEP][PASSED] - Statement - If (java.lang.Integer.valueOf(batchqty) >= java.lang.Integer.valueOf(Rqty)): null

2018-06-04 19:08:09 - [TEST_STEP][PASSED] - Statement - Break: null

2018-06-04 19:08:09 - [TEST_STEP][PASSED] - Statement - batchlength = new com.kms.katalon.core.testobject.TestObject(): null

2018-06-04 19:08:09 - [TEST_STEP][PASSED] - Statement - batchlength = com.kms.katalon.core.webui.keyword.WebUiBuiltInKeywords.modifyObjectProperty(batchlength, "xpath", "equals", "//*[@id = "fldvendor" + row + ""]", true): Modify property of object successfully

2018-06-04 19:08:09 - [MESSAGE][PASSED] - Modify property of object successfully

2018-06-04 19:08:09 - [TEST_STEP][PASSED] - Statement - batchsize = com.kms.katalon.core.webui.keyword.WebUiBuiltInKeywords.getNumberOfTotalOption(batchlength): 12 options of object '' counted

2018-06-04 19:08:09 - [MESSAGE][PASSED] - 12 options of object '' counted

2018-06-04 19:08:09 - [TEST_STEP][PASSED] - Statement - out.println("BatchSize : " + batchsize): null

2018-06-04 19:08:09 - [TEST_STEP][PASSED] - Statement - For ([n = 1, n <= batchsize - 1, (n++)]): null

2018-06-04 19:08:09 - [TEST_STEP][PASSED] - Statement - product = new com.kms.katalon.core.testobject.TestObject(): null

2018-06-04 19:08:09 - [TEST_STEP][PASSED] - Statement - product = com.kms.katalon.core.webui.keyword.WebUiBuiltInKeywords.modifyObjectProperty(product, "xpath", "equals", "//*[@id = "fldvendor" + row + ""]", true): Modify property of object successfully

2018-06-04 19:08:09 - [MESSAGE][PASSED] - Modify property of object successfully

2018-06-04 19:08:09 - [TEST_STEP][PASSED] - selectOptionByIndex: All options with index in [1] are selected on object ''

2018-06-04 19:08:09 - [MESSAGE][PASSED] - All options with index in [1] are selected on object ''

2018-06-04 19:08:09 - [TEST_STEP][PASSED] - delay: Delayed 2 second(s)

2018-06-04 19:08:11 - [MESSAGE][PASSED] - Delayed 2 second(s)

2018-06-04 19:08:11 - [TEST_STEP][PASSED] - Statement - batch = new com.kms.katalon.core.testobject.TestObject(): null

2018-06-04 19:08:11 - [TEST_STEP][PASSED] - Statement - batch = com.kms.katalon.core.webui.keyword.WebUiBuiltInKeywords.modifyObjectProperty(batch, "xpath", "equals", "//*[@id = "txtbthqty" + row + ""]", true): Modify property of object successfully

2018-06-04 19:08:11 - [MESSAGE][PASSED] - Modify property of object successfully

2018-06-04 19:08:11 - [TEST_STEP][PASSED] - Statement - batchqty = com.kms.katalon.core.webui.keyword.WebUiBuiltInKeywords.getAttribute(batch, "value").trim(): Attribute 'value' of object '' is: '36800'

2018-06-04 19:08:11 - [MESSAGE][PASSED] - Attribute 'value' of object '' is: '36800'

2018-06-04 19:08:11 - [TEST_STEP][PASSED] - Statement - Rqty = 100: null

2018-06-04 19:08:11 - [TEST_STEP][PASSED] - Statement - out.println("BatchQty : " + batchqty): null

2018-06-04 19:08:11 - [TEST_STEP][PASSED] - Statement - out.println("RQty : " + Rqty): null

2018-06-04 19:08:11 - [TEST_STEP][PASSED] - Statement - If (java.lang.Integer.valueOf(batchqty) >= java.lang.Integer.valueOf(Rqty)): null

2018-06-04 19:08:11 - [TEST_STEP][PASSED] - Statement - Break: null

2018-06-04 19:08:11 - [TEST_STEP][PASSED] - Statement - batchlength = new com.kms.katalon.core.testobject.TestObject(): null

2018-06-04 19:08:11 - [TEST_STEP][PASSED] - Statement - batchlength = com.kms.katalon.core.webui.keyword.WebUiBuiltInKeywords.modifyObjectProperty(batchlength, "xpath", "equals", "//*[@id = "fldvendor" + row + ""]", true): Modify property of object successfully

2018-06-04 19:08:11 - [MESSAGE][PASSED] - Modify property of object successfully

2018-06-04 19:08:11 - [TEST_STEP][PASSED] - Statement - batchsize = com.kms.katalon.core.webui.keyword.WebUiBuiltInKeywords.getNumberOfTotalOption(batchlength): 12 options of object '' counted

2018-06-04 19:08:11 - [MESSAGE][PASSED] - 12 options of object '' counted

2018-06-04 19:08:11 - [TEST_STEP][PASSED] - Statement - out.println("BatchSize : " + batchsize): null

2018-06-04 19:08:11 - [TEST_STEP][PASSED] - Statement - For ([n = 1, n <= batchsize - 1, (n++)]): null

2018-06-04 19:08:11 - [TEST_STEP][PASSED] - Statement - product = new com.kms.katalon.core.testobject.TestObject(): null

2018-06-04 19:08:11 - [TEST_STEP][PASSED] - Statement - product = com.kms.katalon.core.webui.keyword.WebUiBuiltInKeywords.modifyObjectProperty(product, "xpath", "equals", "//*[@id = "fldvendor" + row + ""]", true): Modify property of object successfully

2018-06-04 19:08:11 - [MESSAGE][PASSED] - Modify property of object successfully

2018-06-04 19:08:11 - [TEST_STEP][PASSED] - selectOptionByIndex: All options with index in [1] are selected on object ''

2018-06-04 19:08:11 - [MESSAGE][PASSED] - All options with index in [1] are selected on object ''

2018-06-04 19:08:11 - [TEST_STEP][PASSED] - delay: Delayed 2 second(s)

2018-06-04 19:08:13 - [MESSAGE][PASSED] - Delayed 2 second(s)

2018-06-04 19:08:13 - [TEST_STEP][PASSED] - Statement - batch = new com.kms.katalon.core.testobject.TestObject(): null

2018-06-04 19:08:13 - [TEST_STEP][PASSED] - Statement - batch = com.kms.katalon.core.webui.keyword.WebUiBuiltInKeywords.modifyObjectProperty(batch, "xpath", "equals", "//*[@id = "txtbthqty" + row + ""]", true): Modify property of object successfully

2018-06-04 19:08:13 - [MESSAGE][PASSED] - Modify property of object successfully

2018-06-04 19:08:13 - [TEST_STEP][PASSED] - Statement - batchqty = com.kms.katalon.core.webui.keyword.WebUiBuiltInKeywords.getAttribute(batch, "value").trim(): Attribute 'value' of object '' is: '36800'

2018-06-04 19:08:13 - [MESSAGE][PASSED] - Attribute 'value' of object '' is: '36800'

2018-06-04 19:08:13 - [TEST_STEP][PASSED] - Statement - Rqty = 100: null

2018-06-04 19:08:13 - [TEST_STEP][PASSED] - Statement - out.println("BatchQty : " + batchqty): null

2018-06-04 19:08:13 - [TEST_STEP][PASSED] - Statement - out.println("RQty : " + Rqty): null

2018-06-04 19:08:13 - [TEST_STEP][PASSED] - Statement - If (java.lang.Integer.valueOf(batchqty) >= java.lang.Integer.valueOf(Rqty)): null

2018-06-04 19:08:13 - [TEST_STEP][PASSED] - Statement - Break: null

2018-06-04 19:08:13 - [TEST_STEP][PASSED] - Statement - batchlength = new com.kms.katalon.core.testobject.TestObject(): null

2018-06-04 19:08:13 - [TEST_STEP][PASSED] - Statement - batchlength = com.kms.katalon.core.webui.keyword.WebUiBuiltInKeywords.modifyObjectProperty(batchlength, "xpath", "equals", "//*[@id = "fldvendor" + row + ""]", true): Modify property of object successfully

2018-06-04 19:08:13 - [MESSAGE][PASSED] - Modify property of object successfully

2018-06-04 19:08:13 - [TEST_STEP][PASSED] - Statement - batchsize = com.kms.katalon.core.webui.keyword.WebUiBuiltInKeywords.getNumberOfTotalOption(batchlength): 12 options of object '' counted

2018-06-04 19:08:14 - [MESSAGE][PASSED] - 12 options of object '' counted

2018-06-04 19:08:14 - [TEST_STEP][PASSED] - Statement - out.println("BatchSize : " + batchsize): null

2018-06-04 19:08:14 - [TEST_STEP][PASSED] - Statement - For ([n = 1, n <= batchsize - 1, (n++)]): null

2018-06-04 19:08:14 - [TEST_STEP][PASSED] - Statement - product = new com.kms.katalon.core.testobject.TestObject(): null

2018-06-04 19:08:14 - [TEST_STEP][PASSED] - Statement - product = com.kms.katalon.core.webui.keyword.WebUiBuiltInKeywords.modifyObjectProperty(product, "xpath", "equals", "//*[@id = "fldvendor" + row + ""]", true): Modify property of object successfully

2018-06-04 19:08:14 - [MESSAGE][PASSED] - Modify property of object successfully

2018-06-04 19:08:14 - [TEST_STEP][PASSED] - selectOptionByIndex: All options with index in [1] are selected on object ''

2018-06-04 19:08:14 - [MESSAGE][PASSED] - All options with index in [1] are selected on object ''

2018-06-04 19:08:14 - [TEST_STEP][PASSED] - delay: Delayed 2 second(s)

2018-06-04 19:08:16 - [MESSAGE][PASSED] - Delayed 2 second(s)

2018-06-04 19:08:16 - [TEST_STEP][PASSED] - Statement - batch = new com.kms.katalon.core.testobject.TestObject(): null

2018-06-04 19:08:16 - [TEST_STEP][PASSED] - Statement - batch = com.kms.katalon.core.webui.keyword.WebUiBuiltInKeywords.modifyObjectProperty(batch, "xpath", "equals", "//*[@id = "txtbthqty" + row + ""]", true): Modify property of object successfully

2018-06-04 19:08:16 - [MESSAGE][PASSED] - Modify property of object successfully

2018-06-04 19:08:16 - [TEST_STEP][PASSED] - Statement - batchqty = com.kms.katalon.core.webui.keyword.WebUiBuiltInKeywords.getAttribute(batch, "value").trim(): Attribute 'value' of object '' is: '37800'

2018-06-04 19:08:16 - [MESSAGE][PASSED] - Attribute 'value' of object '' is: '37800'

2018-06-04 19:08:16 - [TEST_STEP][PASSED] - Statement - Rqty = 100: null

2018-06-04 19:08:16 - [TEST_STEP][PASSED] - Statement - out.println("BatchQty : " + batchqty): null

2018-06-04 19:08:16 - [TEST_STEP][PASSED] - Statement - out.println("RQty : " + Rqty): null

2018-06-04 19:08:16 - [TEST_STEP][PASSED] - Statement - If (java.lang.Integer.valueOf(batchqty) >= java.lang.Integer.valueOf(Rqty)): null

2018-06-04 19:08:16 - [TEST_STEP][PASSED] - Statement - Break: null

2018-06-04 19:08:16 - [TEST_STEP][PASSED] - Statement - batchlength = new com.kms.katalon.core.testobject.TestObject(): null

2018-06-04 19:08:16 - [TEST_STEP][PASSED] - Statement - batchlength = com.kms.katalon.core.webui.keyword.WebUiBuiltInKeywords.modifyObjectProperty(batchlength, "xpath", "equals", "//*[@id = "fldvendor" + row + ""]", true): Modify property of object successfully

2018-06-04 19:08:16 - [MESSAGE][PASSED] - Modify property of object successfully

2018-06-04 19:08:16 - [TEST_STEP][PASSED] - Statement - batchsize = com.kms.katalon.core.webui.keyword.WebUiBuiltInKeywords.getNumberOfTotalOption(batchlength): 12 options of object '' counted

2018-06-04 19:08:16 - [MESSAGE][PASSED] - 12 options of object '' counted

2018-06-04 19:08:16 - [TEST_STEP][PASSED] - Statement - out.println("BatchSize : " + batchsize): null

2018-06-04 19:08:16 - [TEST_STEP][PASSED] - Statement - For ([n = 1, n <= batchsize - 1, (n++)]): null

2018-06-04 19:08:16 - [TEST_STEP][PASSED] - Statement - product = new com.kms.katalon.core.testobject.TestObject(): null

2018-06-04 19:08:16 - [TEST_STEP][PASSED] - Statement - product = com.kms.katalon.core.webui.keyword.WebUiBuiltInKeywords.modifyObjectProperty(product, "xpath", "equals", "//*[@id = "fldvendor" + row + ""]", true): Modify property of object successfully

2018-06-04 19:08:16 - [MESSAGE][PASSED] - Modify property of object successfully

2018-06-04 19:08:16 - [TEST_STEP][PASSED] - selectOptionByIndex: All options with index in [1] are selected on object ''

2018-06-04 19:08:16 - [MESSAGE][PASSED] - All options with index in [1] are selected on object ''

2018-06-04 19:08:16 - [TEST_STEP][PASSED] - delay: Delayed 2 second(s)

2018-06-04 19:08:18 - [MESSAGE][PASSED] - Delayed 2 second(s)

2018-06-04 19:08:18 - [TEST_STEP][PASSED] - Statement - batch = new com.kms.katalon.core.testobject.TestObject(): null

2018-06-04 19:08:18 - [TEST_STEP][PASSED] - Statement - batch = com.kms.katalon.core.webui.keyword.WebUiBuiltInKeywords.modifyObjectProperty(batch, "xpath", "equals", "//*[@id = "txtbthqty" + row + ""]", true): Modify property of object successfully

2018-06-04 19:08:18 - [MESSAGE][PASSED] - Modify property of object successfully

2018-06-04 19:08:18 - [TEST_STEP][PASSED] - Statement - batchqty = com.kms.katalon.core.webui.keyword.WebUiBuiltInKeywords.getAttribute(batch, "value").trim(): Attribute 'value' of object '' is: '1800'

2018-06-04 19:08:18 - [MESSAGE][PASSED] - Attribute 'value' of object '' is: '1800'

2018-06-04 19:08:18 - [TEST_STEP][PASSED] - Statement - Rqty = 100: null

2018-06-04 19:08:18 - [TEST_STEP][PASSED] - Statement - out.println("BatchQty : " + batchqty): null

2018-06-04 19:08:18 - [TEST_STEP][PASSED] - Statement - out.println("RQty : " + Rqty): null

2018-06-04 19:08:18 - [TEST_STEP][PASSED] - Statement - If (java.lang.Integer.valueOf(batchqty) >= java.lang.Integer.valueOf(Rqty)): null

2018-06-04 19:08:18 - [TEST_STEP][PASSED] - Statement - Break: null

2018-06-04 19:08:18 - [TEST_STEP][PASSED] - Statement - batchlength = new com.kms.katalon.core.testobject.TestObject(): null

2018-06-04 19:08:18 - [TEST_STEP][PASSED] - Statement - batchlength = com.kms.katalon.core.webui.keyword.WebUiBuiltInKeywords.modifyObjectProperty(batchlength, "xpath", "equals", "//*[@id = "fldvendor" + row + ""]", true): Modify property of object successfully

2018-06-04 19:08:18 - [MESSAGE][PASSED] - Modify property of object successfully

2018-06-04 19:08:18 - [TEST_STEP][PASSED] - Statement - batchsize = com.kms.katalon.core.webui.keyword.WebUiBuiltInKeywords.getNumberOfTotalOption(batchlength): 12 options of object '' counted

2018-06-04 19:08:18 - [MESSAGE][PASSED] - 12 options of object '' counted

2018-06-04 19:08:18 - [TEST_STEP][PASSED] - Statement - out.println("BatchSize : " + batchsize): null

2018-06-04 19:08:18 - [TEST_STEP][PASSED] - Statement - For ([n = 1, n <= batchsize - 1, (n++)]): null

2018-06-04 19:08:18 - [TEST_STEP][PASSED] - Statement - product = new com.kms.katalon.core.testobject.TestObject(): null

2018-06-04 19:08:18 - [TEST_STEP][PASSED] - Statement - product = com.kms.katalon.core.webui.keyword.WebUiBuiltInKeywords.modifyObjectProperty(product, "xpath", "equals", "//*[@id = "fldvendor" + row + ""]", true): Modify property of object successfully

2018-06-04 19:08:18 - [MESSAGE][PASSED] - Modify property of object successfully

2018-06-04 19:08:18 - [TEST_STEP][PASSED] - selectOptionByIndex: All options with index in [1] are selected on object ''

2018-06-04 19:08:18 - [MESSAGE][PASSED] - All options with index in [1] are selected on object ''

2018-06-04 19:08:18 - [TEST_STEP][PASSED] - delay: Delayed 2 second(s)

2018-06-04 19:08:20 - [MESSAGE][PASSED] - Delayed 2 second(s)

2018-06-04 19:08:20 - [TEST_STEP][PASSED] - Statement - batch = new com.kms.katalon.core.testobject.TestObject(): null

2018-06-04 19:08:20 - [TEST_STEP][PASSED] - Statement - batch = com.kms.katalon.core.webui.keyword.WebUiBuiltInKeywords.modifyObjectProperty(batch, "xpath", "equals", "//*[@id = "txtbthqty" + row + ""]", true): Modify property of object successfully

2018-06-04 19:08:20 - [MESSAGE][PASSED] - Modify property of object successfully

2018-06-04 19:08:20 - [TEST_STEP][PASSED] - Statement - batchqty = com.kms.katalon.core.webui.keyword.WebUiBuiltInKeywords.getAttribute(batch, "value").trim(): Attribute 'value' of object '' is: '3900'

2018-06-04 19:08:20 - [MESSAGE][PASSED] - Attribute 'value' of object '' is: '3900'

2018-06-04 19:08:20 - [TEST_STEP][PASSED] - Statement - Rqty = 100: null

2018-06-04 19:08:20 - [TEST_STEP][PASSED] - Statement - out.println("BatchQty : " + batchqty): null

2018-06-04 19:08:20 - [TEST_STEP][PASSED] - Statement - out.println("RQty : " + Rqty): null

2018-06-04 19:08:20 - [TEST_STEP][PASSED] - Statement - If (java.lang.Integer.valueOf(batchqty) >= java.lang.Integer.valueOf(Rqty)): null

2018-06-04 19:08:20 - [TEST_STEP][PASSED] - Statement - Break: null

2018-06-04 19:08:20 - [TEST_STEP][PASSED] - Statement - batchlength = new com.kms.katalon.core.testobject.TestObject(): null

2018-06-04 19:08:20 - [TEST_STEP][PASSED] - Statement - batchlength = com.kms.katalon.core.webui.keyword.WebUiBuiltInKeywords.modifyObjectProperty(batchlength, "xpath", "equals", "//*[@id = "fldvendor" + row + ""]", true): Modify property of object successfully

2018-06-04 19:08:20 - [MESSAGE][PASSED] - Modify property of object successfully

2018-06-04 19:08:20 - [TEST_STEP][PASSED] - Statement - batchsize = com.kms.katalon.core.webui.keyword.WebUiBuiltInKeywords.getNumberOfTotalOption(batchlength): 12 options of object '' counted

2018-06-04 19:08:20 - [MESSAGE][PASSED] - 12 options of object '' counted

2018-06-04 19:08:20 - [TEST_STEP][PASSED] - Statement - out.println("BatchSize : " + batchsize): null

2018-06-04 19:08:20 - [TEST_STEP][PASSED] - Statement - For ([n = 1, n <= batchsize - 1, (n++)]): null

2018-06-04 19:08:20 - [TEST_STEP][PASSED] - Statement - product = new com.kms.katalon.core.testobject.TestObject(): null

2018-06-04 19:08:20 - [TEST_STEP][PASSED] - Statement - product = com.kms.katalon.core.webui.keyword.WebUiBuiltInKeywords.modifyObjectProperty(product, "xpath", "equals", "//*[@id = "fldvendor" + row + ""]", true): Modify property of object successfully

2018-06-04 19:08:20 - [MESSAGE][PASSED] - Modify property of object successfully

2018-06-04 19:08:20 - [TEST_STEP][PASSED] - selectOptionByIndex: All options with index in [1] are selected on object ''

2018-06-04 19:08:20 - [MESSAGE][PASSED] - All options with index in [1] are selected on object ''

2018-06-04 19:08:20 - [TEST_STEP][PASSED] - delay: Delayed 2 second(s)

2018-06-04 19:08:22 - [MESSAGE][PASSED] - Delayed 2 second(s)

2018-06-04 19:08:22 - [TEST_STEP][PASSED] - Statement - batch = new com.kms.katalon.core.testobject.TestObject(): null

2018-06-04 19:08:22 - [TEST_STEP][PASSED] - Statement - batch = com.kms.katalon.core.webui.keyword.WebUiBuiltInKeywords.modifyObjectProperty(batch, "xpath", "equals", "//*[@id = "txtbthqty" + row + ""]", true): Modify property of object successfully

2018-06-04 19:08:22 - [MESSAGE][PASSED] - Modify property of object successfully

2018-06-04 19:08:22 - [TEST_STEP][PASSED] - Statement - batchqty = com.kms.katalon.core.webui.keyword.WebUiBuiltInKeywords.getAttribute(batch, "value").trim(): Attribute 'value' of object '' is: '3900'

2018-06-04 19:08:22 - [MESSAGE][PASSED] - Attribute 'value' of object '' is: '3900'

2018-06-04 19:08:22 - [TEST_STEP][PASSED] - Statement - Rqty = 100: null

2018-06-04 19:08:22 - [TEST_STEP][PASSED] - Statement - out.println("BatchQty : " + batchqty): null

2018-06-04 19:08:22 - [TEST_STEP][PASSED] - Statement - out.println("RQty : " + Rqty): null

2018-06-04 19:08:22 - [TEST_STEP][PASSED] - Statement - If (java.lang.Integer.valueOf(batchqty) >= java.lang.Integer.valueOf(Rqty)): null

2018-06-04 19:08:22 - [TEST_STEP][PASSED] - Statement - Break: null

2018-06-04 19:08:22 - [TEST_STEP][PASSED] - Statement - batchlength = new com.kms.katalon.core.testobject.TestObject(): null

2018-06-04 19:08:22 - [TEST_STEP][PASSED] - Statement - batchlength = com.kms.katalon.core.webui.keyword.WebUiBuiltInKeywords.modifyObjectProperty(batchlength, "xpath", "equals", "//*[@id = "fldvendor" + row + ""]", true): Modify property of object successfully

2018-06-04 19:08:22 - [MESSAGE][PASSED] - Modify property of object successfully

2018-06-04 19:08:22 - [TEST_STEP][PASSED] - Statement - batchsize = com.kms.katalon.core.webui.keyword.WebUiBuiltInKeywords.getNumberOfTotalOption(batchlength): 12 options of object '' counted

2018-06-04 19:08:23 - [MESSAGE][PASSED] - 12 options of object '' counted

2018-06-04 19:08:23 - [TEST_STEP][PASSED] - Statement - out.println("BatchSize : " + batchsize): null

2018-06-04 19:08:23 - [TEST_STEP][PASSED] - Statement - For ([n = 1, n <= batchsize - 1, (n++)]): null

2018-06-04 19:08:23 - [TEST_STEP][PASSED] - Statement - product = new com.kms.katalon.core.testobject.TestObject(): null

2018-06-04 19:08:23 - [TEST_STEP][PASSED] - Statement - product = com.kms.katalon.core.webui.keyword.WebUiBuiltInKeywords.modifyObjectProperty(product, "xpath", "equals", "//*[@id = "fldvendor" + row + ""]", true): Modify property of object successfully

2018-06-04 19:08:23 - [MESSAGE][PASSED] - Modify property of object successfully

2018-06-04 19:08:23 - [TEST_STEP][PASSED] - selectOptionByIndex: All options with index in [1] are selected on object ''

2018-06-04 19:08:23 - [MESSAGE][PASSED] - All options with index in [1] are selected on object ''

2018-06-04 19:08:23 - [TEST_STEP][PASSED] - delay: Delayed 2 second(s)

2018-06-04 19:08:25 - [MESSAGE][PASSED] - Delayed 2 second(s)

2018-06-04 19:08:25 - [TEST_STEP][PASSED] - Statement - batch = new com.kms.katalon.core.testobject.TestObject(): null

2018-06-04 19:08:25 - [TEST_STEP][PASSED] - Statement - batch = com.kms.katalon.core.webui.keyword.WebUiBuiltInKeywords.modifyObjectProperty(batch, "xpath", "equals", "//*[@id = "txtbthqty" + row + ""]", true): Modify property of object successfully

2018-06-04 19:08:25 - [MESSAGE][PASSED] - Modify property of object successfully

2018-06-04 19:08:25 - [TEST_STEP][PASSED] - Statement - batchqty = com.kms.katalon.core.webui.keyword.WebUiBuiltInKeywords.getAttribute(batch, "value").trim(): Attribute 'value' of object '' is: '2800'

2018-06-04 19:08:25 - [MESSAGE][PASSED] - Attribute 'value' of object '' is: '2800'

2018-06-04 19:08:25 - [TEST_STEP][PASSED] - Statement - Rqty = 100: null

2018-06-04 19:08:25 - [TEST_STEP][PASSED] - Statement - out.println("BatchQty : " + batchqty): null

2018-06-04 19:08:25 - [TEST_STEP][PASSED] - Statement - out.println("RQty : " + Rqty): null

2018-06-04 19:08:25 - [TEST_STEP][PASSED] - Statement - If (java.lang.Integer.valueOf(batchqty) >= java.lang.Integer.valueOf(Rqty)): null

2018-06-04 19:08:25 - [TEST_STEP][PASSED] - Statement - Break: null

2018-06-04 19:08:25 - [TEST_STEP][PASSED] - Statement - batchlength = new com.kms.katalon.core.testobject.TestObject(): null

2018-06-04 19:08:25 - [TEST_STEP][PASSED] - Statement - batchlength = com.kms.katalon.core.webui.keyword.WebUiBuiltInKeywords.modifyObjectProperty(batchlength, "xpath", "equals", "//*[@id = "fldvendor" + row + ""]", true): Modify property of object successfully

2018-06-04 19:08:25 - [MESSAGE][PASSED] - Modify property of object successfully

2018-06-04 19:08:25 - [TEST_STEP][PASSED] - Statement - batchsize = com.kms.katalon.core.webui.keyword.WebUiBuiltInKeywords.getNumberOfTotalOption(batchlength): 12 options of object '' counted

2018-06-04 19:08:25 - [MESSAGE][PASSED] - 12 options of object '' counted

2018-06-04 19:08:25 - [TEST_STEP][PASSED] - Statement - out.println("BatchSize : " + batchsize): null

2018-06-04 19:08:25 - [TEST_STEP][PASSED] - Statement - For ([n = 1, n <= batchsize - 1, (n++)]): null

2018-06-04 19:08:25 - [TEST_STEP][PASSED] - Statement - product = new com.kms.katalon.core.testobject.TestObject(): null

2018-06-04 19:08:25 - [TEST_STEP][PASSED] - Statement - product = com.kms.katalon.core.webui.keyword.WebUiBuiltInKeywords.modifyObjectProperty(product, "xpath", "equals", "//*[@id = "fldvendor" + row + ""]", true): Modify property of object successfully

2018-06-04 19:08:25 - [MESSAGE][PASSED] - Modify property of object successfully

2018-06-04 19:08:25 - [TEST_STEP][PASSED] - selectOptionByIndex: All options with index in [1] are selected on object ''

2018-06-04 19:08:25 - [MESSAGE][PASSED] - All options with index in [1] are selected on object ''

2018-06-04 19:08:25 - [TEST_STEP][PASSED] - delay: Delayed 2 second(s)

2018-06-04 19:08:27 - [MESSAGE][PASSED] - Delayed 2 second(s)

2018-06-04 19:08:27 - [TEST_STEP][PASSED] - Statement - batch = new com.kms.katalon.core.testobject.TestObject(): null

2018-06-04 19:08:27 - [TEST_STEP][PASSED] - Statement - batch = com.kms.katalon.core.webui.keyword.WebUiBuiltInKeywords.modifyObjectProperty(batch, "xpath", "equals", "//*[@id = "txtbthqty" + row + ""]", true): Modify property of object successfully

2018-06-04 19:08:27 - [MESSAGE][PASSED] - Modify property of object successfully

2018-06-04 19:08:27 - [TEST_STEP][PASSED] - Statement - batchqty = com.kms.katalon.core.webui.keyword.WebUiBuiltInKeywords.getAttribute(batch, "value").trim(): Attribute 'value' of object '' is: '2800'

2018-06-04 19:08:27 - [MESSAGE][PASSED] - Attribute 'value' of object '' is: '2800'

2018-06-04 19:08:27 - [TEST_STEP][PASSED] - Statement - Rqty = 100: null

2018-06-04 19:08:27 - [TEST_STEP][PASSED] - Statement - out.println("BatchQty : " + batchqty): null

2018-06-04 19:08:27 - [TEST_STEP][PASSED] - Statement - out.println("RQty : " + Rqty): null

2018-06-04 19:08:27 - [TEST_STEP][PASSED] - Statement - If (java.lang.Integer.valueOf(batchqty) >= java.lang.Integer.valueOf(Rqty)): null

2018-06-04 19:08:27 - [TEST_STEP][PASSED] - Statement - Break: null

2018-06-04 19:08:27 - [TEST_STEP][PASSED] - Statement - batchlength = new com.kms.katalon.core.testobject.TestObject(): null

2018-06-04 19:08:27 - [TEST_STEP][PASSED] - Statement - batchlength = com.kms.katalon.core.webui.keyword.WebUiBuiltInKeywords.modifyObjectProperty(batchlength, "xpath", "equals", "//*[@id = "fldvendor" + row + ""]", true): Modify property of object successfully

2018-06-04 19:08:27 - [MESSAGE][PASSED] - Modify property of object successfully

2018-06-04 19:08:27 - [TEST_STEP][PASSED] - Statement - batchsize = com.kms.katalon.core.webui.keyword.WebUiBuiltInKeywords.getNumberOfTotalOption(batchlength): 12 options of object '' counted

2018-06-04 19:08:27 - [MESSAGE][PASSED] - 12 options of object '' counted

2018-06-04 19:08:27 - [TEST_STEP][PASSED] - Statement - out.println("BatchSize : " + batchsize): null

2018-06-04 19:08:27 - [TEST_STEP][PASSED] - Statement - For ([n = 1, n <= batchsize - 1, (n++)]): null

2018-06-04 19:08:27 - [TEST_STEP][PASSED] - Statement - product = new com.kms.katalon.core.testobject.TestObject(): null

2018-06-04 19:08:27 - [TEST_STEP][PASSED] - Statement - product = com.kms.katalon.core.webui.keyword.WebUiBuiltInKeywords.modifyObjectProperty(product, "xpath", "equals", "//*[@id = "fldvendor" + row + ""]", true): Modify property of object successfully

2018-06-04 19:08:27 - [MESSAGE][PASSED] - Modify property of object successfully

2018-06-04 19:08:27 - [TEST_STEP][PASSED] - selectOptionByIndex: All options with index in [1] are selected on object ''

2018-06-04 19:08:27 - [MESSAGE][PASSED] - All options with index in [1] are selected on object ''

2018-06-04 19:08:27 - [TEST_STEP][PASSED] - delay: Delayed 2 second(s)

2018-06-04 19:08:29 - [MESSAGE][PASSED] - Delayed 2 second(s)

2018-06-04 19:08:29 - [TEST_STEP][PASSED] - Statement - batch = new com.kms.katalon.core.testobject.TestObject(): null

2018-06-04 19:08:29 - [TEST_STEP][PASSED] - Statement - batch = com.kms.katalon.core.webui.keyword.WebUiBuiltInKeywords.modifyObjectProperty(batch, "xpath", "equals", "//*[@id = "txtbthqty" + row + ""]", true): Modify property of object successfully

2018-06-04 19:08:29 - [MESSAGE][PASSED] - Modify property of object successfully

2018-06-04 19:08:29 - [TEST_STEP][PASSED] - Statement - batchqty = com.kms.katalon.core.webui.keyword.WebUiBuiltInKeywords.getAttribute(batch, "value").trim(): Attribute 'value' of object '' is: '2800'

2018-06-04 19:08:29 - [MESSAGE][PASSED] - Attribute 'value' of object '' is: '2800'

2018-06-04 19:08:29 - [TEST_STEP][PASSED] - Statement - Rqty = 100: null

2018-06-04 19:08:29 - [TEST_STEP][PASSED] - Statement - out.println("BatchQty : " + batchqty): null

2018-06-04 19:08:29 - [TEST_STEP][PASSED] - Statement - out.println("RQty : " + Rqty): null

2018-06-04 19:08:29 - [TEST_STEP][PASSED] - Statement - If (java.lang.Integer.valueOf(batchqty) >= java.lang.Integer.valueOf(Rqty)): null

2018-06-04 19:08:29 - [TEST_STEP][PASSED] - Statement - Break: null

2018-06-04 19:08:29 - [TEST_STEP][PASSED] - Statement - batchlength = new com.kms.katalon.core.testobject.TestObject(): null

2018-06-04 19:08:29 - [TEST_STEP][PASSED] - Statement - batchlength = com.kms.katalon.core.webui.keyword.WebUiBuiltInKeywords.modifyObjectProperty(batchlength, "xpath", "equals", "//*[@id = "fldvendor" + row + ""]", true): Modify property of object successfully

2018-06-04 19:08:29 - [MESSAGE][PASSED] - Modify property of object successfully

2018-06-04 19:08:29 - [TEST_STEP][PASSED] - Statement - batchsize = com.kms.katalon.core.webui.keyword.WebUiBuiltInKeywords.getNumberOfTotalOption(batchlength): 12 options of object '' counted

2018-06-04 19:08:29 - [MESSAGE][PASSED] - 12 options of object '' counted

2018-06-04 19:08:29 - [TEST_STEP][PASSED] - Statement - out.println("BatchSize : " + batchsize): null

2018-06-04 19:08:29 - [TEST_STEP][PASSED] - Statement - For ([n = 1, n <= batchsize - 1, (n++)]): null

2018-06-04 19:08:29 - [TEST_STEP][PASSED] - Statement - product = new com.kms.katalon.core.testobject.TestObject(): null

2018-06-04 19:08:29 - [TEST_STEP][PASSED] - Statement - product = com.kms.katalon.core.webui.keyword.WebUiBuiltInKeywords.modifyObjectProperty(product, "xpath", "equals", "//*[@id = "fldvendor" + row + ""]", true): Modify property of object successfully

2018-06-04 19:08:29 - [MESSAGE][PASSED] - Modify property of object successfully

2018-06-04 19:08:29 - [TEST_STEP][PASSED] - selectOptionByIndex: All options with index in [1] are selected on object ''

2018-06-04 19:08:30 - [MESSAGE][PASSED] - All options with index in [1] are selected on object ''

2018-06-04 19:08:30 - [TEST_STEP][PASSED] - delay: Delayed 2 second(s)

2018-06-04 19:08:32 - [MESSAGE][PASSED] - Delayed 2 second(s)

2018-06-04 19:08:32 - [TEST_STEP][PASSED] - Statement - batch = new com.kms.katalon.core.testobject.TestObject(): null

2018-06-04 19:08:32 - [TEST_STEP][PASSED] - Statement - batch = com.kms.katalon.core.webui.keyword.WebUiBuiltInKeywords.modifyObjectProperty(batch, "xpath", "equals", "//*[@id = "txtbthqty" + row + ""]", true): Modify property of object successfully

2018-06-04 19:08:32 - [MESSAGE][PASSED] - Modify property of object successfully

2018-06-04 19:08:32 - [TEST_STEP][PASSED] - Statement - batchqty = com.kms.katalon.core.webui.keyword.WebUiBuiltInKeywords.getAttribute(batch, "value").trim(): Attribute 'value' of object '' is: '37800'

2018-06-04 19:08:32 - [MESSAGE][PASSED] - Attribute 'value' of object '' is: '37800'

2018-06-04 19:08:32 - [TEST_STEP][PASSED] - Statement - Rqty = 100: null

2018-06-04 19:08:32 - [TEST_STEP][PASSED] - Statement - out.println("BatchQty : " + batchqty): null

2018-06-04 19:08:32 - [TEST_STEP][PASSED] - Statement - out.println("RQty : " + Rqty): null

2018-06-04 19:08:32 - [TEST_STEP][PASSED] - Statement - If (java.lang.Integer.valueOf(batchqty) >= java.lang.Integer.valueOf(Rqty)): null

2018-06-04 19:08:32 - [TEST_STEP][PASSED] - Statement - Break: null

2018-06-04 19:08:32 - [TEST_STEP][PASSED] - Statement - batchlength = new com.kms.katalon.core.testobject.TestObject(): null

2018-06-04 19:08:32 - [TEST_STEP][PASSED] - Statement - batchlength = com.kms.katalon.core.webui.keyword.WebUiBuiltInKeywords.modifyObjectProperty(batchlength, "xpath", "equals", "//*[@id = "fldvendor" + row + ""]", true): Modify property of object successfully

2018-06-04 19:08:32 - [MESSAGE][PASSED] - Modify property of object successfully

2018-06-04 19:08:32 - [TEST_STEP][PASSED] - Statement - batchsize = com.kms.katalon.core.webui.keyword.WebUiBuiltInKeywords.getNumberOfTotalOption(batchlength): 12 options of object '' counted

2018-06-04 19:08:32 - [MESSAGE][PASSED] - 12 options of object '' counted

2018-06-04 19:08:32 - [TEST_STEP][PASSED] - Statement - out.println("BatchSize : " + batchsize): null

2018-06-04 19:08:32 - [TEST_STEP][PASSED] - Statement - For ([n = 1, n <= batchsize - 1, (n++)]): null

2018-06-04 19:08:32 - [TEST_STEP][PASSED] - Statement - product = new com.kms.katalon.core.testobject.TestObject(): null

2018-06-04 19:08:32 - [TEST_STEP][PASSED] - Statement - product = com.kms.katalon.core.webui.keyword.WebUiBuiltInKeywords.modifyObjectProperty(product, "xpath", "equals", "//*[@id = "fldvendor" + row + ""]", true): Modify property of object successfully

2018-06-04 19:08:32 - [MESSAGE][PASSED] - Modify property of object successfully

2018-06-04 19:08:32 - [TEST_STEP][PASSED] - selectOptionByIndex: All options with index in [1] are selected on object ''

2018-06-04 19:08:32 - [MESSAGE][PASSED] - All options with index in [1] are selected on object ''

2018-06-04 19:08:32 - [TEST_STEP][PASSED] - delay: Delayed 2 second(s)

2018-06-04 19:08:34 - [MESSAGE][PASSED] - Delayed 2 second(s)

2018-06-04 19:08:34 - [TEST_STEP][PASSED] - Statement - batch = new com.kms.katalon.core.testobject.TestObject(): null

2018-06-04 19:08:34 - [TEST_STEP][PASSED] - Statement - batch = com.kms.katalon.core.webui.keyword.WebUiBuiltInKeywords.modifyObjectProperty(batch, "xpath", "equals", "//*[@id = "txtbthqty" + row + ""]", true): Modify property of object successfully

2018-06-04 19:08:34 - [MESSAGE][PASSED] - Modify property of object successfully

2018-06-04 19:08:34 - [TEST_STEP][PASSED] - Statement - batchqty = com.kms.katalon.core.webui.keyword.WebUiBuiltInKeywords.getAttribute(batch, "value").trim(): Attribute 'value' of object '' is: '1800'

2018-06-04 19:08:34 - [MESSAGE][PASSED] - Attribute 'value' of object '' is: '1800'

2018-06-04 19:08:34 - [TEST_STEP][PASSED] - Statement - Rqty = 100: null

2018-06-04 19:08:34 - [TEST_STEP][PASSED] - Statement - out.println("BatchQty : " + batchqty): null

2018-06-04 19:08:34 - [TEST_STEP][PASSED] - Statement - out.println("RQty : " + Rqty): null

2018-06-04 19:08:34 - [TEST_STEP][PASSED] - Statement - If (java.lang.Integer.valueOf(batchqty) >= java.lang.Integer.valueOf(Rqty)): null

2018-06-04 19:08:34 - [TEST_STEP][PASSED] - Statement - Break: null

2018-06-04 19:08:34 - [TEST_STEP][PASSED] - Statement - batchlength = new com.kms.katalon.core.testobject.TestObject(): null

2018-06-04 19:08:34 - [TEST_STEP][PASSED] - Statement - batchlength = com.kms.katalon.core.webui.keyword.WebUiBuiltInKeywords.modifyObjectProperty(batchlength, "xpath", "equals", "//*[@id = "fldvendor" + row + ""]", true): Modify property of object successfully

2018-06-04 19:08:34 - [MESSAGE][PASSED] - Modify property of object successfully

2018-06-04 19:08:34 - [TEST_STEP][PASSED] - Statement - batchsize = com.kms.katalon.core.webui.keyword.WebUiBuiltInKeywords.getNumberOfTotalOption(batchlength): 12 options of object '' counted

2018-06-04 19:08:34 - [MESSAGE][PASSED] - 12 options of object '' counted

2018-06-04 19:08:34 - [TEST_STEP][PASSED] - Statement - out.println("BatchSize : " + batchsize): null

2018-06-04 19:08:34 - [TEST_STEP][PASSED] - Statement - For ([n = 1, n <= batchsize - 1, (n++)]): null

2018-06-04 19:08:34 - [TEST_STEP][PASSED] - Statement - product = new com.kms.katalon.core.testobject.TestObject(): null

2018-06-04 19:08:34 - [TEST_STEP][PASSED] - Statement - product = com.kms.katalon.core.webui.keyword.WebUiBuiltInKeywords.modifyObjectProperty(product, "xpath", "equals", "//*[@id = "fldvendor" + row + ""]", true): Modify property of object successfully

2018-06-04 19:08:34 - [MESSAGE][PASSED] - Modify property of object successfully

2018-06-04 19:08:34 - [TEST_STEP][PASSED] - selectOptionByIndex: All options with index in [1] are selected on object ''

2018-06-04 19:08:34 - [MESSAGE][PASSED] - All options with index in [1] are selected on object ''

2018-06-04 19:08:34 - [TEST_STEP][PASSED] - delay: Delayed 2 second(s)

2018-06-04 19:08:36 - [MESSAGE][PASSED] - Delayed 2 second(s)

2018-06-04 19:08:36 - [TEST_STEP][PASSED] - Statement - batch = new com.kms.katalon.core.testobject.TestObject(): null

2018-06-04 19:08:36 - [TEST_STEP][PASSED] - Statement - batch = com.kms.katalon.core.webui.keyword.WebUiBuiltInKeywords.modifyObjectProperty(batch, "xpath", "equals", "//*[@id = "txtbthqty" + row + ""]", true): Modify property of object successfully

2018-06-04 19:08:36 - [MESSAGE][PASSED] - Modify property of object successfully

2018-06-04 19:08:36 - [TEST_STEP][PASSED] - Statement - batchqty = com.kms.katalon.core.webui.keyword.WebUiBuiltInKeywords.getAttribute(batch, "value").trim(): Attribute 'value' of object '' is: '1800'

2018-06-04 19:08:36 - [MESSAGE][PASSED] - Attribute 'value' of object '' is: '1800'

2018-06-04 19:08:36 - [TEST_STEP][PASSED] - Statement - Rqty = 100: null

2018-06-04 19:08:36 - [TEST_STEP][PASSED] - Statement - out.println("BatchQty : " + batchqty): null

2018-06-04 19:08:36 - [TEST_STEP][PASSED] - Statement - out.println("RQty : " + Rqty): null

2018-06-04 19:08:36 - [TEST_STEP][PASSED] - Statement - If (java.lang.Integer.valueOf(batchqty) >= java.lang.Integer.valueOf(Rqty)): null

2018-06-04 19:08:36 - [TEST_STEP][PASSED] - Statement - Break: null

2018-06-04 19:08:36 - [TEST_STEP][PASSED] - Statement - batchlength = new com.kms.katalon.core.testobject.TestObject(): null

2018-06-04 19:08:36 - [TEST_STEP][PASSED] - Statement - batchlength = com.kms.katalon.core.webui.keyword.WebUiBuiltInKeywords.modifyObjectProperty(batchlength, "xpath", "equals", "//*[@id = "fldvendor" + row + ""]", true): Modify property of object successfully

2018-06-04 19:08:36 - [MESSAGE][PASSED] - Modify property of object successfully

2018-06-04 19:08:36 - [TEST_STEP][PASSED] - Statement - batchsize = com.kms.katalon.core.webui.keyword.WebUiBuiltInKeywords.getNumberOfTotalOption(batchlength): 12 options of object '' counted

2018-06-04 19:08:36 - [MESSAGE][PASSED] - 12 options of object '' counted

2018-06-04 19:08:36 - [TEST_STEP][PASSED] - Statement - out.println("BatchSize : " + batchsize): null

2018-06-04 19:08:36 - [TEST_STEP][PASSED] - Statement - For ([n = 1, n <= batchsize - 1, (n++)]): null

2018-06-04 19:08:36 - [TEST_STEP][PASSED] - Statement - product = new com.kms.katalon.core.testobject.TestObject(): null

2018-06-04 19:08:36 - [TEST_STEP][PASSED] - Statement - product = com.kms.katalon.core.webui.keyword.WebUiBuiltInKeywords.modifyObjectProperty(product, "xpath", "equals", "//*[@id = "fldvendor" + row + ""]", true): Modify property of object successfully

2018-06-04 19:08:36 - [MESSAGE][PASSED] - Modify property of object successfully

2018-06-04 19:08:36 - [TEST_STEP][PASSED] - selectOptionByIndex: All options with index in [1] are selected on object ''

2018-06-04 19:08:36 - [MESSAGE][PASSED] - All options with index in [1] are selected on object ''

2018-06-04 19:08:36 - [TEST_STEP][PASSED] - delay: Delayed 2 second(s)

2018-06-04 19:08:38 - [MESSAGE][PASSED] - Delayed 2 second(s)

2018-06-04 19:08:38 - [TEST_STEP][PASSED] - Statement - batch = new com.kms.katalon.core.testobject.TestObject(): null

2018-06-04 19:08:38 - [TEST_STEP][PASSED] - Statement - batch = com.kms.katalon.core.webui.keyword.WebUiBuiltInKeywords.modifyObjectProperty(batch, "xpath", "equals", "//*[@id = "txtbthqty" + row + ""]", true): Modify property of object successfully

2018-06-04 19:08:38 - [MESSAGE][PASSED] - Modify property of object successfully

2018-06-04 19:08:38 - [TEST_STEP][PASSED] - Statement - batchqty = com.kms.katalon.core.webui.keyword.WebUiBuiltInKeywords.getAttribute(batch, "value").trim(): Attribute 'value' of object '' is: '3800'

2018-06-04 19:08:38 - [MESSAGE][PASSED] - Attribute 'value' of object '' is: '3800'

2018-06-04 19:08:38 - [TEST_STEP][PASSED] - Statement - Rqty = 100: null

2018-06-04 19:08:38 - [TEST_STEP][PASSED] - Statement - out.println("BatchQty : " + batchqty): null

2018-06-04 19:08:38 - [TEST_STEP][PASSED] - Statement - out.println("RQty : " + Rqty): null

2018-06-04 19:08:38 - [TEST_STEP][PASSED] - Statement - If (java.lang.Integer.valueOf(batchqty) >= java.lang.Integer.valueOf(Rqty)): null

2018-06-04 19:08:38 - [TEST_STEP][PASSED] - Statement - Break: null

2018-06-04 19:08:38 - [TEST_STEP][PASSED] - Statement - batchlength = new com.kms.katalon.core.testobject.TestObject(): null

2018-06-04 19:08:38 - [TEST_STEP][PASSED] - Statement - batchlength = com.kms.katalon.core.webui.keyword.WebUiBuiltInKeywords.modifyObjectProperty(batchlength, "xpath", "equals", "//*[@id = "fldvendor" + row + ""]", true): Modify property of object successfully

2018-06-04 19:08:38 - [MESSAGE][PASSED] - Modify property of object successfully

2018-06-04 19:08:38 - [TEST_STEP][PASSED] - Statement - batchsize = com.kms.katalon.core.webui.keyword.WebUiBuiltInKeywords.getNumberOfTotalOption(batchlength): 12 options of object '' counted

2018-06-04 19:08:38 - [MESSAGE][PASSED] - 12 options of object '' counted

2018-06-04 19:08:38 - [TEST_STEP][PASSED] - Statement - out.println("BatchSize : " + batchsize): null

2018-06-04 19:08:38 - [TEST_STEP][PASSED] - Statement - For ([n = 1, n <= batchsize - 1, (n++)]): null

2018-06-04 19:08:38 - [TEST_STEP][PASSED] - Statement - product = new com.kms.katalon.core.testobject.TestObject(): null

2018-06-04 19:08:38 - [TEST_STEP][PASSED] - Statement - product = com.kms.katalon.core.webui.keyword.WebUiBuiltInKeywords.modifyObjectProperty(product, "xpath", "equals", "//*[@id = "fldvendor" + row + ""]", true): Modify property of object successfully

2018-06-04 19:08:38 - [MESSAGE][PASSED] - Modify property of object successfully

2018-06-04 19:08:38 - [TEST_STEP][PASSED] - selectOptionByIndex: All options with index in [1] are selected on object ''

2018-06-04 19:08:39 - [MESSAGE][PASSED] - All options with index in [1] are selected on object ''

2018-06-04 19:08:39 - [TEST_STEP][PASSED] - delay: Delayed 2 second(s)

2018-06-04 19:08:41 - [MESSAGE][PASSED] - Delayed 2 second(s)

2018-06-04 19:08:41 - [TEST_STEP][PASSED] - Statement - batch = new com.kms.katalon.core.testobject.TestObject(): null

2018-06-04 19:08:41 - [TEST_STEP][PASSED] - Statement - batch = com.kms.katalon.core.webui.keyword.WebUiBuiltInKeywords.modifyObjectProperty(batch, "xpath", "equals", "//*[@id = "txtbthqty" + row + ""]", true): Modify property of object successfully

2018-06-04 19:08:41 - [MESSAGE][PASSED] - Modify property of object successfully

2018-06-04 19:08:41 - [TEST_STEP][PASSED] - Statement - batchqty = com.kms.katalon.core.webui.keyword.WebUiBuiltInKeywords.getAttribute(batch, "value").trim(): Attribute 'value' of object '' is: '1800'

2018-06-04 19:08:41 - [MESSAGE][PASSED] - Attribute 'value' of object '' is: '1800'

2018-06-04 19:08:41 - [TEST_STEP][PASSED] - Statement - Rqty = 100: null

2018-06-04 19:08:41 - [TEST_STEP][PASSED] - Statement - out.println("BatchQty : " + batchqty): null

2018-06-04 19:08:41 - [TEST_STEP][PASSED] - Statement - out.println("RQty : " + Rqty): null

2018-06-04 19:08:41 - [TEST_STEP][PASSED] - Statement - If (java.lang.Integer.valueOf(batchqty) >= java.lang.Integer.valueOf(Rqty)): null

2018-06-04 19:08:41 - [TEST_STEP][PASSED] - Statement - Break: null

2018-06-04 19:08:41 - [TEST_STEP][PASSED] - Statement - batchlength = new com.kms.katalon.core.testobject.TestObject(): null

2018-06-04 19:08:41 - [TEST_STEP][PASSED] - Statement - batchlength = com.kms.katalon.core.webui.keyword.WebUiBuiltInKeywords.modifyObjectProperty(batchlength, "xpath", "equals", "//*[@id = "fldvendor" + row + ""]", true): Modify property of object successfully

2018-06-04 19:08:41 - [MESSAGE][PASSED] - Modify property of object successfully

2018-06-04 19:08:41 - [TEST_STEP][PASSED] - Statement - batchsize = com.kms.katalon.core.webui.keyword.WebUiBuiltInKeywords.getNumberOfTotalOption(batchlength): 12 options of object '' counted

2018-06-04 19:08:41 - [MESSAGE][PASSED] - 12 options of object '' counted

2018-06-04 19:08:41 - [TEST_STEP][PASSED] - Statement - out.println("BatchSize : " + batchsize): null

2018-06-04 19:08:41 - [TEST_STEP][PASSED] - Statement - For ([n = 1, n <= batchsize - 1, (n++)]): null

2018-06-04 19:08:41 - [TEST_STEP][PASSED] - Statement - product = new com.kms.katalon.core.testobject.TestObject(): null

2018-06-04 19:08:41 - [TEST_STEP][PASSED] - Statement - product = com.kms.katalon.core.webui.keyword.WebUiBuiltInKeywords.modifyObjectProperty(product, "xpath", "equals", "//*[@id = "fldvendor" + row + ""]", true): Modify property of object successfully

2018-06-04 19:08:41 - [MESSAGE][PASSED] - Modify property of object successfully

2018-06-04 19:08:41 - [TEST_STEP][PASSED] - selectOptionByIndex: All options with index in [1] are selected on object ''

2018-06-04 19:08:41 - [MESSAGE][PASSED] - All options with index in [1] are selected on object ''

2018-06-04 19:08:41 - [TEST_STEP][PASSED] - delay: Delayed 2 second(s)

2018-06-04 19:08:43 - [MESSAGE][PASSED] - Delayed 2 second(s)

2018-06-04 19:08:43 - [TEST_STEP][PASSED] - Statement - batch = new com.kms.katalon.core.testobject.TestObject(): null

2018-06-04 19:08:43 - [TEST_STEP][PASSED] - Statement - batch = com.kms.katalon.core.webui.keyword.WebUiBuiltInKeywords.modifyObjectProperty(batch, "xpath", "equals", "//*[@id = "txtbthqty" + row + ""]", true): Modify property of object successfully

2018-06-04 19:08:43 - [MESSAGE][PASSED] - Modify property of object successfully

2018-06-04 19:08:43 - [TEST_STEP][PASSED] - Statement - batchqty = com.kms.katalon.core.webui.keyword.WebUiBuiltInKeywords.getAttribute(batch, "value").trim(): Attribute 'value' of object '' is: '2800'

2018-06-04 19:08:43 - [MESSAGE][PASSED] - Attribute 'value' of object '' is: '2800'

2018-06-04 19:08:43 - [TEST_STEP][PASSED] - Statement - Rqty = 100: null

2018-06-04 19:08:43 - [TEST_STEP][PASSED] - Statement - out.println("BatchQty : " + batchqty): null

2018-06-04 19:08:43 - [TEST_STEP][PASSED] - Statement - out.println("RQty : " + Rqty): null

2018-06-04 19:08:43 - [TEST_STEP][PASSED] - Statement - If (java.lang.Integer.valueOf(batchqty) >= java.lang.Integer.valueOf(Rqty)): null

2018-06-04 19:08:43 - [TEST_STEP][PASSED] - Statement - Break: null

2018-06-04 19:08:43 - [TEST_STEP][PASSED] - Statement - batchlength = new com.kms.katalon.core.testobject.TestObject(): null

2018-06-04 19:08:43 - [TEST_STEP][PASSED] - Statement - batchlength = com.kms.katalon.core.webui.keyword.WebUiBuiltInKeywords.modifyObjectProperty(batchlength, "xpath", "equals", "//*[@id = "fldvendor" + row + ""]", true): Modify property of object successfully

2018-06-04 19:08:43 - [MESSAGE][PASSED] - Modify property of object successfully

2018-06-04 19:08:43 - [TEST_STEP][PASSED] - Statement - batchsize = com.kms.katalon.core.webui.keyword.WebUiBuiltInKeywords.getNumberOfTotalOption(batchlength): 12 options of object '' counted

2018-06-04 19:08:43 - [MESSAGE][PASSED] - 12 options of object '' counted

2018-06-04 19:08:43 - [TEST_STEP][PASSED] - Statement - out.println("BatchSize : " + batchsize): null

2018-06-04 19:08:43 - [TEST_STEP][PASSED] - Statement - For ([n = 1, n <= batchsize - 1, (n++)]): null

2018-06-04 19:08:43 - [TEST_STEP][PASSED] - Statement - product = new com.kms.katalon.core.testobject.TestObject(): null

2018-06-04 19:08:43 - [TEST_STEP][PASSED] - Statement - product = com.kms.katalon.core.webui.keyword.WebUiBuiltInKeywords.modifyObjectProperty(product, "xpath", "equals", "//*[@id = "fldvendor" + row + ""]", true): Modify property of object successfully

2018-06-04 19:08:43 - [MESSAGE][PASSED] - Modify property of object successfully

2018-06-04 19:08:43 - [TEST_STEP][PASSED] - selectOptionByIndex: All options with index in [1] are selected on object ''

2018-06-04 19:08:43 - [MESSAGE][PASSED] - All options with index in [1] are selected on object ''

2018-06-04 19:08:43 - [TEST_STEP][PASSED] - delay: Delayed 2 second(s)

2018-06-04 19:08:45 - [MESSAGE][PASSED] - Delayed 2 second(s)

2018-06-04 19:08:45 - [TEST_STEP][PASSED] - Statement - batch = new com.kms.katalon.core.testobject.TestObject(): null

2018-06-04 19:08:45 - [TEST_STEP][PASSED] - Statement - batch = com.kms.katalon.core.webui.keyword.WebUiBuiltInKeywords.modifyObjectProperty(batch, "xpath", "equals", "//*[@id = "txtbthqty" + row + ""]", true): Modify property of object successfully

2018-06-04 19:08:45 - [MESSAGE][PASSED] - Modify property of object successfully

2018-06-04 19:08:45 - [TEST_STEP][PASSED] - Statement - batchqty = com.kms.katalon.core.webui.keyword.WebUiBuiltInKeywords.getAttribute(batch, "value").trim(): Attribute 'value' of object '' is: '36800'

2018-06-04 19:08:45 - [MESSAGE][PASSED] - Attribute 'value' of object '' is: '36800'

2018-06-04 19:08:45 - [TEST_STEP][PASSED] - Statement - Rqty = 100: null

2018-06-04 19:08:45 - [TEST_STEP][PASSED] - Statement - out.println("BatchQty : " + batchqty): null

2018-06-04 19:08:45 - [TEST_STEP][PASSED] - Statement - out.println("RQty : " + Rqty): null

2018-06-04 19:08:45 - [TEST_STEP][PASSED] - Statement - If (java.lang.Integer.valueOf(batchqty) >= java.lang.Integer.valueOf(Rqty)): null

2018-06-04 19:08:45 - [TEST_STEP][PASSED] - Statement - Break: null

2018-06-04 19:08:45 - [TEST_STEP][PASSED] - click: Object: 'Object Repository/store Request Schedule 1/Page_KDMC - CMS/input_btndispatch' is clicked on

2018-06-04 19:08:46 - [MESSAGE][PASSED] - Object: 'Object Repository/store Request Schedule 1/Page_KDMC - CMS/input_btndispatch' is clicked on

2018-06-04 19:08:46 - [TEST_STEP][PASSED] - waitForElementVisible: Object 'Object Repository/store Request Schedule 1/Page_KDMC - CMS/button_OK' is visible

2018-06-04 19:08:47 - [MESSAGE][PASSED] - Object 'Object Repository/store Request Schedule 1/Page_KDMC - CMS/button_OK' is visible

2018-06-04 19:08:47 - [TEST_STEP][PASSED] - click: Object: 'Object Repository/store Request Schedule 1/Page_KDMC - CMS/button_OK' is clicked on

2018-06-04 19:08:48 - [MESSAGE][PASSED] - Object: 'Object Repository/store Request Schedule 1/Page_KDMC - CMS/button_OK' is clicked on

2018-06-04 19:08:48 - [TEST_STEP][PASSED] - delay: Delayed 3 second(s)

2018-06-04 19:08:51 - [MESSAGE][PASSED] - Delayed 3 second(s)

2018-06-04 19:08:51 - [TEST_STEP][PASSED] - click: Object: 'Object Repository/store Request Schedule 1/Page_KDMC - CMS/a_dropdown-toggle' is clicked on

2018-06-04 19:08:51 - [MESSAGE][PASSED] - Object: 'Object Repository/store Request Schedule 1/Page_KDMC - CMS/a_dropdown-toggle' is clicked on

2018-06-04 19:08:51 - [TEST_STEP][PASSED] - click: Object: 'Object Repository/store Request Schedule 1/Page_KDMC - CMS/a_Sign out' is clicked on

2018-06-04 19:08:51 - [MESSAGE][PASSED] - Object: 'Object Repository/store Request Schedule 1/Page_KDMC - CMS/a_Sign out' is clicked on

2018-06-04 19:08:51 - [TEST_STEP][PASSED] - delay: Delayed 3 second(s)

2018-06-04 19:08:54 - [MESSAGE][PASSED] - Delayed 3 second(s)

2018-06-04 19:08:54 - [TEST_STEP][PASSED] - click: Object: 'Object Repository/Store Request Schedule 1/Page_KDMC/a_Divisional Store' is clicked on

2018-06-04 19:08:55 - [MESSAGE][PASSED] - Object: 'Object Repository/Store Request Schedule 1/Page_KDMC/a_Divisional Store' is clicked on

2018-06-04 19:08:55 - [TEST_STEP][PASSED] - setText: Text 'ragu' is set on object 'Object Repository/Store Request Schedule 1/Page_Divisonal Store Login/input_txtusername'

2018-06-04 19:08:55 - [MESSAGE][PASSED] - Text 'ragu' is set on object 'Object Repository/Store Request Schedule 1/Page_Divisonal Store Login/input_txtusername'

2018-06-04 19:08:55 - [TEST_STEP][PASSED] - setText: Text '123' is set on object 'Object Repository/Store Request Schedule 1/Page_Divisonal Store Login/input_txtpassword'

2018-06-04 19:08:55 - [MESSAGE][PASSED] - Text '123' is set on object 'Object Repository/Store Request Schedule 1/Page_Divisonal Store Login/input_txtpassword'

2018-06-04 19:08:55 - [TEST_STEP][PASSED] - delay: Delayed 3 second(s)

2018-06-04 19:08:58 - [MESSAGE][PASSED] - Delayed 3 second(s)

2018-06-04 19:08:58 - [TEST_STEP][PASSED] - click: Object: 'Object Repository/Store Request Schedule 1/Page_Divisonal Store Login/button_Sign in' is clicked on

2018-06-04 19:08:59 - [MESSAGE][PASSED] - Object: 'Object Repository/Store Request Schedule 1/Page_Divisonal Store Login/button_Sign in' is clicked on

2018-06-04 19:08:59 - [TEST_STEP][PASSED] - delay: Delayed 3 second(s)

2018-06-04 19:09:02 - [MESSAGE][PASSED] - Delayed 3 second(s)

2018-06-04 19:09:02 - [TEST_STEP][PASSED] - click: Object: 'Object Repository/Store Request Schedule 1/Page_Store/a_CMS' is clicked on

2018-06-04 19:09:02 - [MESSAGE][PASSED] - Object: 'Object Repository/Store Request Schedule 1/Page_Store/a_CMS' is clicked on

2018-06-04 19:09:02 - [TEST_STEP][PASSED] - delay: Delayed 2 second(s)

2018-06-04 19:09:04 - [MESSAGE][PASSED] - Delayed 2 second(s)

2018-06-04 19:09:04 - [TEST_STEP][PASSED] - click: Object: 'Object Repository/Store Request Schedule 1/Page_Store/a_Receiving Goods' is clicked on

2018-06-04 19:09:05 - [MESSAGE][PASSED] - Object: 'Object Repository/Store Request Schedule 1/Page_Store/a_Receiving Goods' is clicked on

2018-06-04 19:09:05 - [TEST_STEP][PASSED] - setText: Text 'PRNO/04062018/597' is set on object 'Object Repository/Store Request Schedule 1/Page_Store/input'

2018-06-04 19:09:06 - [MESSAGE][PASSED] - Text 'PRNO/04062018/597' is set on object 'Object Repository/Store Request Schedule 1/Page_Store/input'

2018-06-04 19:09:06 - [TEST_STEP][PASSED] - click: Object: 'Object Repository/Store Request Schedule 1/Page_Store/input_btn btn-primary' is clicked on

2018-06-04 19:09:06 - [MESSAGE][PASSED] - Object: 'Object Repository/Store Request Schedule 1/Page_Store/input_btn btn-primary' is clicked on

2018-06-04 19:09:06 - [TEST_STEP][PASSED] - delay: Delayed 2 second(s)

2018-06-04 19:09:08 - [MESSAGE][PASSED] - Delayed 2 second(s)

2018-06-04 19:09:08 - [TEST_STEP][PASSED] - click: Object: 'Object Repository/Store Request Schedule 1/Page_Store/input_chkrem' is clicked on

2018-06-04 19:09:08 - [MESSAGE][PASSED] - Object: 'Object Repository/Store Request Schedule 1/Page_Store/input_chkrem' is clicked on

2018-06-04 19:09:08 - [TEST_STEP][PASSED] - scrollToElement: Scroll to object 'Object Repository/Store Request Schedule 1/Page_Store/input_btchkroqadd' successfully

2018-06-04 19:09:08 - [MESSAGE][PASSED] - Scroll to object 'Object Repository/Store Request Schedule 1/Page_Store/input_btchkroqadd' successfully

2018-06-04 19:09:08 - [TEST_STEP][PASSED] - click: Object: 'Object Repository/Store Request Schedule 1/Page_Store/input_btchkroqadd' is clicked on

2018-06-04 19:09:08 - [MESSAGE][PASSED] - Object: 'Object Repository/Store Request Schedule 1/Page_Store/input_btchkroqadd' is clicked on

2018-06-04 19:09:08 - [TEST_STEP][PASSED] - delay: Delayed 2 second(s)

2018-06-04 19:09:10 - [MESSAGE][PASSED] - Delayed 2 second(s)

2018-06-04 19:09:10 - [TEST_STEP][PASSED] - refresh: Refresh successfully

2018-06-04 19:09:11 - [MESSAGE][PASSED] - Refresh successfully

2018-06-04 19:09:11 - [TEST_STEP][PASSED] - delay: Delayed 3 second(s)

2018-06-04 19:09:14 - [MESSAGE][PASSED] - Delayed 3 second(s)

2018-06-04 19:09:14 - [TEST_STEP][PASSED] - click: Object: 'Object Repository/Store Request Schedule 1/Page_Store/a_dropdown-toggle' is clicked on

2018-06-04 19:09:14 - [MESSAGE][PASSED] - Object: 'Object Repository/Store Request Schedule 1/Page_Store/a_dropdown-toggle' is clicked on

2018-06-04 19:09:14 - [TEST_STEP][PASSED] - click: Object: 'Object Repository/Store Request Schedule 1/Page_Store/a_Sign out' is clicked on

2018-06-04 19:09:14 - [MESSAGE][PASSED] - Object: 'Object Repository/Store Request Schedule 1/Page_Store/a_Sign out' is clicked on

2018-06-04 19:09:14 - [TEST_STEP][PASSED] - closeBrowser: Browser is closed

2018-06-04 19:09:15 - [MESSAGE][PASSED] - Browser is closed

2018-06-04 19:09:15 - [TEST_STEP][PASSED] - Statement - out.println("Schedule 9 STORE Request Are Working Successfully"): null]]></system-out>
         <system-err><![CDATA[]]></system-err>
      </testcase>
      <testcase name="Test Cases/STORE TO CMS REQUEST TEST CASES/TC_STCMS_010 To Verify Schedule 10 Store To CMS Request Are Working Successfully Or Not" classname="Test Cases/STORE TO CMS REQUEST TEST CASES/TC_STCMS_010 To Verify Schedule 10 Store To CMS Request Are Working Successfully Or Not" status="PASSED">
         <system-out><![CDATA[2018-06-04 19:09:15 - [TEST_CASE][PASSED] - Test Cases/STORE TO CMS REQUEST TEST CASES/TC_STCMS_010 To Verify Schedule 10 Store To CMS Request Are Working Successfully Or Not: Test Cases/STORE TO CMS REQUEST TEST CASES/TC_STCMS_010 To Verify Schedule 10 Store To CMS Request Are Working Successfully Or Not

2018-06-04 19:09:15 - [TEST_STEP][PASSED] - openBrowser: Browser is opened with url: ''

2018-06-04 19:09:17 - [MESSAGE][PASSED] - Browser is opened with url: ''

2018-06-04 19:09:17 - [TEST_STEP][PASSED] - Statement - out.println("Verify Schedule 10 STORE Request Are Working Successfully Or Not"): null

2018-06-04 19:09:17 - [TEST_STEP][PASSED] - navigateToUrl: Navigate to 'http://192.168.137.1/multihospital_new/' successfully

2018-06-04 19:09:19 - [MESSAGE][PASSED] - Navigate to 'http://192.168.137.1/multihospital_new/' successfully

2018-06-04 19:09:19 - [TEST_STEP][PASSED] - maximizeWindow: Current window maximized

2018-06-04 19:09:20 - [MESSAGE][PASSED] - Current window maximized

2018-06-04 19:09:20 - [TEST_STEP][PASSED] - click: Object: 'Object Repository/Store Request Schedule 1/Page_KDMC/a_Divisional Store' is clicked on

2018-06-04 19:09:21 - [MESSAGE][PASSED] - Object: 'Object Repository/Store Request Schedule 1/Page_KDMC/a_Divisional Store' is clicked on

2018-06-04 19:09:21 - [TEST_STEP][PASSED] - setText: Text 'ragu' is set on object 'Object Repository/Store Request Schedule 1/Page_Divisonal Store Login/input_txtusername'

2018-06-04 19:09:21 - [MESSAGE][PASSED] - Text 'ragu' is set on object 'Object Repository/Store Request Schedule 1/Page_Divisonal Store Login/input_txtusername'

2018-06-04 19:09:21 - [TEST_STEP][PASSED] - setText: Text '123' is set on object 'Object Repository/Store Request Schedule 1/Page_Divisonal Store Login/input_txtpassword'

2018-06-04 19:09:21 - [MESSAGE][PASSED] - Text '123' is set on object 'Object Repository/Store Request Schedule 1/Page_Divisonal Store Login/input_txtpassword'

2018-06-04 19:09:21 - [TEST_STEP][PASSED] - delay: Delayed 3 second(s)

2018-06-04 19:09:24 - [MESSAGE][PASSED] - Delayed 3 second(s)

2018-06-04 19:09:24 - [TEST_STEP][PASSED] - click: Object: 'Object Repository/Store Request Schedule 1/Page_Divisonal Store Login/button_Sign in' is clicked on

2018-06-04 19:09:26 - [MESSAGE][PASSED] - Object: 'Object Repository/Store Request Schedule 1/Page_Divisonal Store Login/button_Sign in' is clicked on

2018-06-04 19:09:26 - [TEST_STEP][PASSED] - delay: Delayed 3 second(s)

2018-06-04 19:09:29 - [MESSAGE][PASSED] - Delayed 3 second(s)

2018-06-04 19:09:29 - [TEST_STEP][PASSED] - click: Object: 'Object Repository/Store Request Schedule 1/Page_Store/a_CMS' is clicked on

2018-06-04 19:09:29 - [MESSAGE][PASSED] - Object: 'Object Repository/Store Request Schedule 1/Page_Store/a_CMS' is clicked on

2018-06-04 19:09:29 - [TEST_STEP][PASSED] - delay: Delayed 2 second(s)

2018-06-04 19:09:31 - [MESSAGE][PASSED] - Delayed 2 second(s)

2018-06-04 19:09:31 - [TEST_STEP][PASSED] - click: Object: 'Object Repository/Store Request Schedule 1/Page_Store/a_Request Send' is clicked on

2018-06-04 19:09:32 - [MESSAGE][PASSED] - Object: 'Object Repository/Store Request Schedule 1/Page_Store/a_Request Send' is clicked on

2018-06-04 19:09:32 - [TEST_STEP][PASSED] - selectOptionByIndex: All options with index in [1] are selected on object 'Object Repository/Store Request Schedule 1/Page_Store/select_--Select--'

2018-06-04 19:09:33 - [MESSAGE][PASSED] - All options with index in [1] are selected on object 'Object Repository/Store Request Schedule 1/Page_Store/select_--Select--'

2018-06-04 19:09:33 - [TEST_STEP][PASSED] - selectOptionByIndex: All options with index in [10] are selected on object 'Object Repository/Store Request Schedule 1/Page_Store/select_--Select--Schedule 1Inj'

2018-06-04 19:09:33 - [MESSAGE][PASSED] - All options with index in [10] are selected on object 'Object Repository/Store Request Schedule 1/Page_Store/select_--Select--Schedule 1Inj'

2018-06-04 19:09:33 - [TEST_STEP][PASSED] - Statement - SelectedOptions = com.kms.katalon.core.webui.keyword.WebUiBuiltInKeywords.getNumberOfTotalOption(com.kms.katalon.core.testobject.ObjectRepository.findTestObject(Store Request Schedule 1/Page_Store/select_--Select--Adernaline 0.)): 19 options of object 'Object Repository/Store Request Schedule 1/Page_Store/select_--Select--Adernaline 0.' counted

2018-06-04 19:09:33 - [MESSAGE][PASSED] - 19 options of object 'Object Repository/Store Request Schedule 1/Page_Store/select_--Select--Adernaline 0.' counted

2018-06-04 19:09:33 - [TEST_STEP][PASSED] - Statement - For ([y = 1, y < SelectedOptions, (y++)]): Object: 'Object Repository/Store Request Schedule 1/Page_Store/button_Add' is clicked on

2018-06-04 19:09:33 - [TEST_STEP][PASSED] - selectOptionByIndex: All options with index in [10] are selected on object 'Object Repository/Store Request Schedule 1/Page_Store/select_--Select--Schedule 1Inj'

2018-06-04 19:09:33 - [MESSAGE][PASSED] - All options with index in [10] are selected on object 'Object Repository/Store Request Schedule 1/Page_Store/select_--Select--Schedule 1Inj'

2018-06-04 19:09:33 - [TEST_STEP][PASSED] - delay: Delayed 1 second(s)

2018-06-04 19:09:34 - [MESSAGE][PASSED] - Delayed 1 second(s)

2018-06-04 19:09:34 - [TEST_STEP][PASSED] - selectOptionByIndex: All options with index in [1] are selected on object 'Object Repository/Store Request Schedule 1/Page_Store/select_--Select--Adernaline 0.'

2018-06-04 19:09:34 - [MESSAGE][PASSED] - All options with index in [1] are selected on object 'Object Repository/Store Request Schedule 1/Page_Store/select_--Select--Adernaline 0.'

2018-06-04 19:09:34 - [TEST_STEP][PASSED] - setText: Text '100' is set on object 'Object Repository/Store Request Schedule 1/Page_Store/input_txttreat'

2018-06-04 19:09:34 - [MESSAGE][PASSED] - Text '100' is set on object 'Object Repository/Store Request Schedule 1/Page_Store/input_txttreat'

2018-06-04 19:09:34 - [TEST_STEP][PASSED] - click: Object: 'Object Repository/Store Request Schedule 1/Page_Store/button_Add' is clicked on

2018-06-04 19:09:34 - [MESSAGE][PASSED] - Object: 'Object Repository/Store Request Schedule 1/Page_Store/button_Add' is clicked on

2018-06-04 19:09:34 - [TEST_STEP][PASSED] - selectOptionByIndex: All options with index in [10] are selected on object 'Object Repository/Store Request Schedule 1/Page_Store/select_--Select--Schedule 1Inj'

2018-06-04 19:09:35 - [MESSAGE][PASSED] - All options with index in [10] are selected on object 'Object Repository/Store Request Schedule 1/Page_Store/select_--Select--Schedule 1Inj'

2018-06-04 19:09:35 - [TEST_STEP][PASSED] - delay: Delayed 1 second(s)

2018-06-04 19:09:36 - [MESSAGE][PASSED] - Delayed 1 second(s)

2018-06-04 19:09:36 - [TEST_STEP][PASSED] - selectOptionByIndex: All options with index in [2] are selected on object 'Object Repository/Store Request Schedule 1/Page_Store/select_--Select--Adernaline 0.'

2018-06-04 19:09:36 - [MESSAGE][PASSED] - All options with index in [2] are selected on object 'Object Repository/Store Request Schedule 1/Page_Store/select_--Select--Adernaline 0.'

2018-06-04 19:09:36 - [TEST_STEP][PASSED] - setText: Text '100' is set on object 'Object Repository/Store Request Schedule 1/Page_Store/input_txttreat'

2018-06-04 19:09:36 - [MESSAGE][PASSED] - Text '100' is set on object 'Object Repository/Store Request Schedule 1/Page_Store/input_txttreat'

2018-06-04 19:09:36 - [TEST_STEP][PASSED] - click: Object: 'Object Repository/Store Request Schedule 1/Page_Store/button_Add' is clicked on

2018-06-04 19:09:36 - [MESSAGE][PASSED] - Object: 'Object Repository/Store Request Schedule 1/Page_Store/button_Add' is clicked on

2018-06-04 19:09:36 - [TEST_STEP][PASSED] - selectOptionByIndex: All options with index in [10] are selected on object 'Object Repository/Store Request Schedule 1/Page_Store/select_--Select--Schedule 1Inj'

2018-06-04 19:09:36 - [MESSAGE][PASSED] - All options with index in [10] are selected on object 'Object Repository/Store Request Schedule 1/Page_Store/select_--Select--Schedule 1Inj'

2018-06-04 19:09:36 - [TEST_STEP][PASSED] - delay: Delayed 1 second(s)

2018-06-04 19:09:37 - [MESSAGE][PASSED] - Delayed 1 second(s)

2018-06-04 19:09:37 - [TEST_STEP][PASSED] - selectOptionByIndex: All options with index in [3] are selected on object 'Object Repository/Store Request Schedule 1/Page_Store/select_--Select--Adernaline 0.'

2018-06-04 19:09:37 - [MESSAGE][PASSED] - All options with index in [3] are selected on object 'Object Repository/Store Request Schedule 1/Page_Store/select_--Select--Adernaline 0.'

2018-06-04 19:09:37 - [TEST_STEP][PASSED] - setText: Text '100' is set on object 'Object Repository/Store Request Schedule 1/Page_Store/input_txttreat'

2018-06-04 19:09:37 - [MESSAGE][PASSED] - Text '100' is set on object 'Object Repository/Store Request Schedule 1/Page_Store/input_txttreat'

2018-06-04 19:09:37 - [TEST_STEP][PASSED] - click: Object: 'Object Repository/Store Request Schedule 1/Page_Store/button_Add' is clicked on

2018-06-04 19:09:37 - [MESSAGE][PASSED] - Object: 'Object Repository/Store Request Schedule 1/Page_Store/button_Add' is clicked on

2018-06-04 19:09:37 - [TEST_STEP][PASSED] - selectOptionByIndex: All options with index in [10] are selected on object 'Object Repository/Store Request Schedule 1/Page_Store/select_--Select--Schedule 1Inj'

2018-06-04 19:09:38 - [MESSAGE][PASSED] - All options with index in [10] are selected on object 'Object Repository/Store Request Schedule 1/Page_Store/select_--Select--Schedule 1Inj'

2018-06-04 19:09:38 - [TEST_STEP][PASSED] - delay: Delayed 1 second(s)

2018-06-04 19:09:39 - [MESSAGE][PASSED] - Delayed 1 second(s)

2018-06-04 19:09:39 - [TEST_STEP][PASSED] - selectOptionByIndex: All options with index in [4] are selected on object 'Object Repository/Store Request Schedule 1/Page_Store/select_--Select--Adernaline 0.'

2018-06-04 19:09:39 - [MESSAGE][PASSED] - All options with index in [4] are selected on object 'Object Repository/Store Request Schedule 1/Page_Store/select_--Select--Adernaline 0.'

2018-06-04 19:09:39 - [TEST_STEP][PASSED] - setText: Text '100' is set on object 'Object Repository/Store Request Schedule 1/Page_Store/input_txttreat'

2018-06-04 19:09:39 - [MESSAGE][PASSED] - Text '100' is set on object 'Object Repository/Store Request Schedule 1/Page_Store/input_txttreat'

2018-06-04 19:09:39 - [TEST_STEP][PASSED] - click: Object: 'Object Repository/Store Request Schedule 1/Page_Store/button_Add' is clicked on

2018-06-04 19:09:39 - [MESSAGE][PASSED] - Object: 'Object Repository/Store Request Schedule 1/Page_Store/button_Add' is clicked on

2018-06-04 19:09:39 - [TEST_STEP][PASSED] - selectOptionByIndex: All options with index in [10] are selected on object 'Object Repository/Store Request Schedule 1/Page_Store/select_--Select--Schedule 1Inj'

2018-06-04 19:09:39 - [MESSAGE][PASSED] - All options with index in [10] are selected on object 'Object Repository/Store Request Schedule 1/Page_Store/select_--Select--Schedule 1Inj'

2018-06-04 19:09:39 - [TEST_STEP][PASSED] - delay: Delayed 1 second(s)

2018-06-04 19:09:40 - [MESSAGE][PASSED] - Delayed 1 second(s)

2018-06-04 19:09:40 - [TEST_STEP][PASSED] - selectOptionByIndex: All options with index in [5] are selected on object 'Object Repository/Store Request Schedule 1/Page_Store/select_--Select--Adernaline 0.'

2018-06-04 19:09:40 - [MESSAGE][PASSED] - All options with index in [5] are selected on object 'Object Repository/Store Request Schedule 1/Page_Store/select_--Select--Adernaline 0.'

2018-06-04 19:09:40 - [TEST_STEP][PASSED] - setText: Text '100' is set on object 'Object Repository/Store Request Schedule 1/Page_Store/input_txttreat'

2018-06-04 19:09:40 - [MESSAGE][PASSED] - Text '100' is set on object 'Object Repository/Store Request Schedule 1/Page_Store/input_txttreat'

2018-06-04 19:09:40 - [TEST_STEP][PASSED] - click: Object: 'Object Repository/Store Request Schedule 1/Page_Store/button_Add' is clicked on

2018-06-04 19:09:40 - [MESSAGE][PASSED] - Object: 'Object Repository/Store Request Schedule 1/Page_Store/button_Add' is clicked on

2018-06-04 19:09:40 - [TEST_STEP][PASSED] - selectOptionByIndex: All options with index in [10] are selected on object 'Object Repository/Store Request Schedule 1/Page_Store/select_--Select--Schedule 1Inj'

2018-06-04 19:09:41 - [MESSAGE][PASSED] - All options with index in [10] are selected on object 'Object Repository/Store Request Schedule 1/Page_Store/select_--Select--Schedule 1Inj'

2018-06-04 19:09:41 - [TEST_STEP][PASSED] - delay: Delayed 1 second(s)

2018-06-04 19:09:42 - [MESSAGE][PASSED] - Delayed 1 second(s)

2018-06-04 19:09:42 - [TEST_STEP][PASSED] - selectOptionByIndex: All options with index in [6] are selected on object 'Object Repository/Store Request Schedule 1/Page_Store/select_--Select--Adernaline 0.'

2018-06-04 19:09:42 - [MESSAGE][PASSED] - All options with index in [6] are selected on object 'Object Repository/Store Request Schedule 1/Page_Store/select_--Select--Adernaline 0.'

2018-06-04 19:09:42 - [TEST_STEP][PASSED] - setText: Text '100' is set on object 'Object Repository/Store Request Schedule 1/Page_Store/input_txttreat'

2018-06-04 19:09:42 - [MESSAGE][PASSED] - Text '100' is set on object 'Object Repository/Store Request Schedule 1/Page_Store/input_txttreat'

2018-06-04 19:09:42 - [TEST_STEP][PASSED] - click: Object: 'Object Repository/Store Request Schedule 1/Page_Store/button_Add' is clicked on

2018-06-04 19:09:42 - [MESSAGE][PASSED] - Object: 'Object Repository/Store Request Schedule 1/Page_Store/button_Add' is clicked on

2018-06-04 19:09:42 - [TEST_STEP][PASSED] - selectOptionByIndex: All options with index in [10] are selected on object 'Object Repository/Store Request Schedule 1/Page_Store/select_--Select--Schedule 1Inj'

2018-06-04 19:09:42 - [MESSAGE][PASSED] - All options with index in [10] are selected on object 'Object Repository/Store Request Schedule 1/Page_Store/select_--Select--Schedule 1Inj'

2018-06-04 19:09:42 - [TEST_STEP][PASSED] - delay: Delayed 1 second(s)

2018-06-04 19:09:43 - [MESSAGE][PASSED] - Delayed 1 second(s)

2018-06-04 19:09:43 - [TEST_STEP][PASSED] - selectOptionByIndex: All options with index in [7] are selected on object 'Object Repository/Store Request Schedule 1/Page_Store/select_--Select--Adernaline 0.'

2018-06-04 19:09:43 - [MESSAGE][PASSED] - All options with index in [7] are selected on object 'Object Repository/Store Request Schedule 1/Page_Store/select_--Select--Adernaline 0.'

2018-06-04 19:09:43 - [TEST_STEP][PASSED] - setText: Text '100' is set on object 'Object Repository/Store Request Schedule 1/Page_Store/input_txttreat'

2018-06-04 19:09:43 - [MESSAGE][PASSED] - Text '100' is set on object 'Object Repository/Store Request Schedule 1/Page_Store/input_txttreat'

2018-06-04 19:09:43 - [TEST_STEP][PASSED] - click: Object: 'Object Repository/Store Request Schedule 1/Page_Store/button_Add' is clicked on

2018-06-04 19:09:43 - [MESSAGE][PASSED] - Object: 'Object Repository/Store Request Schedule 1/Page_Store/button_Add' is clicked on

2018-06-04 19:09:43 - [TEST_STEP][PASSED] - selectOptionByIndex: All options with index in [10] are selected on object 'Object Repository/Store Request Schedule 1/Page_Store/select_--Select--Schedule 1Inj'

2018-06-04 19:09:44 - [MESSAGE][PASSED] - All options with index in [10] are selected on object 'Object Repository/Store Request Schedule 1/Page_Store/select_--Select--Schedule 1Inj'

2018-06-04 19:09:44 - [TEST_STEP][PASSED] - delay: Delayed 1 second(s)

2018-06-04 19:09:45 - [MESSAGE][PASSED] - Delayed 1 second(s)

2018-06-04 19:09:45 - [TEST_STEP][PASSED] - selectOptionByIndex: All options with index in [8] are selected on object 'Object Repository/Store Request Schedule 1/Page_Store/select_--Select--Adernaline 0.'

2018-06-04 19:09:45 - [MESSAGE][PASSED] - All options with index in [8] are selected on object 'Object Repository/Store Request Schedule 1/Page_Store/select_--Select--Adernaline 0.'

2018-06-04 19:09:45 - [TEST_STEP][PASSED] - setText: Text '100' is set on object 'Object Repository/Store Request Schedule 1/Page_Store/input_txttreat'

2018-06-04 19:09:45 - [MESSAGE][PASSED] - Text '100' is set on object 'Object Repository/Store Request Schedule 1/Page_Store/input_txttreat'

2018-06-04 19:09:45 - [TEST_STEP][PASSED] - click: Object: 'Object Repository/Store Request Schedule 1/Page_Store/button_Add' is clicked on

2018-06-04 19:09:45 - [MESSAGE][PASSED] - Object: 'Object Repository/Store Request Schedule 1/Page_Store/button_Add' is clicked on

2018-06-04 19:09:45 - [TEST_STEP][PASSED] - selectOptionByIndex: All options with index in [10] are selected on object 'Object Repository/Store Request Schedule 1/Page_Store/select_--Select--Schedule 1Inj'

2018-06-04 19:09:45 - [MESSAGE][PASSED] - All options with index in [10] are selected on object 'Object Repository/Store Request Schedule 1/Page_Store/select_--Select--Schedule 1Inj'

2018-06-04 19:09:45 - [TEST_STEP][PASSED] - delay: Delayed 1 second(s)

2018-06-04 19:09:46 - [MESSAGE][PASSED] - Delayed 1 second(s)

2018-06-04 19:09:46 - [TEST_STEP][PASSED] - selectOptionByIndex: All options with index in [9] are selected on object 'Object Repository/Store Request Schedule 1/Page_Store/select_--Select--Adernaline 0.'

2018-06-04 19:09:46 - [MESSAGE][PASSED] - All options with index in [9] are selected on object 'Object Repository/Store Request Schedule 1/Page_Store/select_--Select--Adernaline 0.'

2018-06-04 19:09:46 - [TEST_STEP][PASSED] - setText: Text '100' is set on object 'Object Repository/Store Request Schedule 1/Page_Store/input_txttreat'

2018-06-04 19:09:47 - [MESSAGE][PASSED] - Text '100' is set on object 'Object Repository/Store Request Schedule 1/Page_Store/input_txttreat'

2018-06-04 19:09:47 - [TEST_STEP][PASSED] - click: Object: 'Object Repository/Store Request Schedule 1/Page_Store/button_Add' is clicked on

2018-06-04 19:09:47 - [MESSAGE][PASSED] - Object: 'Object Repository/Store Request Schedule 1/Page_Store/button_Add' is clicked on

2018-06-04 19:09:47 - [TEST_STEP][PASSED] - selectOptionByIndex: All options with index in [10] are selected on object 'Object Repository/Store Request Schedule 1/Page_Store/select_--Select--Schedule 1Inj'

2018-06-04 19:09:47 - [MESSAGE][PASSED] - All options with index in [10] are selected on object 'Object Repository/Store Request Schedule 1/Page_Store/select_--Select--Schedule 1Inj'

2018-06-04 19:09:47 - [TEST_STEP][PASSED] - delay: Delayed 1 second(s)

2018-06-04 19:09:48 - [MESSAGE][PASSED] - Delayed 1 second(s)

2018-06-04 19:09:48 - [TEST_STEP][PASSED] - selectOptionByIndex: All options with index in [10] are selected on object 'Object Repository/Store Request Schedule 1/Page_Store/select_--Select--Adernaline 0.'

2018-06-04 19:09:48 - [MESSAGE][PASSED] - All options with index in [10] are selected on object 'Object Repository/Store Request Schedule 1/Page_Store/select_--Select--Adernaline 0.'

2018-06-04 19:09:48 - [TEST_STEP][PASSED] - setText: Text '100' is set on object 'Object Repository/Store Request Schedule 1/Page_Store/input_txttreat'

2018-06-04 19:09:48 - [MESSAGE][PASSED] - Text '100' is set on object 'Object Repository/Store Request Schedule 1/Page_Store/input_txttreat'

2018-06-04 19:09:48 - [TEST_STEP][PASSED] - click: Object: 'Object Repository/Store Request Schedule 1/Page_Store/button_Add' is clicked on

2018-06-04 19:09:48 - [MESSAGE][PASSED] - Object: 'Object Repository/Store Request Schedule 1/Page_Store/button_Add' is clicked on

2018-06-04 19:09:48 - [TEST_STEP][PASSED] - selectOptionByIndex: All options with index in [10] are selected on object 'Object Repository/Store Request Schedule 1/Page_Store/select_--Select--Schedule 1Inj'

2018-06-04 19:09:48 - [MESSAGE][PASSED] - All options with index in [10] are selected on object 'Object Repository/Store Request Schedule 1/Page_Store/select_--Select--Schedule 1Inj'

2018-06-04 19:09:48 - [TEST_STEP][PASSED] - delay: Delayed 1 second(s)

2018-06-04 19:09:49 - [MESSAGE][PASSED] - Delayed 1 second(s)

2018-06-04 19:09:49 - [TEST_STEP][PASSED] - selectOptionByIndex: All options with index in [11] are selected on object 'Object Repository/Store Request Schedule 1/Page_Store/select_--Select--Adernaline 0.'

2018-06-04 19:09:50 - [MESSAGE][PASSED] - All options with index in [11] are selected on object 'Object Repository/Store Request Schedule 1/Page_Store/select_--Select--Adernaline 0.'

2018-06-04 19:09:50 - [TEST_STEP][PASSED] - setText: Text '100' is set on object 'Object Repository/Store Request Schedule 1/Page_Store/input_txttreat'

2018-06-04 19:09:50 - [MESSAGE][PASSED] - Text '100' is set on object 'Object Repository/Store Request Schedule 1/Page_Store/input_txttreat'

2018-06-04 19:09:50 - [TEST_STEP][PASSED] - click: Object: 'Object Repository/Store Request Schedule 1/Page_Store/button_Add' is clicked on

2018-06-04 19:09:50 - [MESSAGE][PASSED] - Object: 'Object Repository/Store Request Schedule 1/Page_Store/button_Add' is clicked on

2018-06-04 19:09:50 - [TEST_STEP][PASSED] - selectOptionByIndex: All options with index in [10] are selected on object 'Object Repository/Store Request Schedule 1/Page_Store/select_--Select--Schedule 1Inj'

2018-06-04 19:09:50 - [MESSAGE][PASSED] - All options with index in [10] are selected on object 'Object Repository/Store Request Schedule 1/Page_Store/select_--Select--Schedule 1Inj'

2018-06-04 19:09:50 - [TEST_STEP][PASSED] - delay: Delayed 1 second(s)

2018-06-04 19:09:51 - [MESSAGE][PASSED] - Delayed 1 second(s)

2018-06-04 19:09:51 - [TEST_STEP][PASSED] - selectOptionByIndex: All options with index in [12] are selected on object 'Object Repository/Store Request Schedule 1/Page_Store/select_--Select--Adernaline 0.'

2018-06-04 19:09:51 - [MESSAGE][PASSED] - All options with index in [12] are selected on object 'Object Repository/Store Request Schedule 1/Page_Store/select_--Select--Adernaline 0.'

2018-06-04 19:09:51 - [TEST_STEP][PASSED] - setText: Text '100' is set on object 'Object Repository/Store Request Schedule 1/Page_Store/input_txttreat'

2018-06-04 19:09:51 - [MESSAGE][PASSED] - Text '100' is set on object 'Object Repository/Store Request Schedule 1/Page_Store/input_txttreat'

2018-06-04 19:09:51 - [TEST_STEP][PASSED] - click: Object: 'Object Repository/Store Request Schedule 1/Page_Store/button_Add' is clicked on

2018-06-04 19:09:51 - [MESSAGE][PASSED] - Object: 'Object Repository/Store Request Schedule 1/Page_Store/button_Add' is clicked on

2018-06-04 19:09:51 - [TEST_STEP][PASSED] - selectOptionByIndex: All options with index in [10] are selected on object 'Object Repository/Store Request Schedule 1/Page_Store/select_--Select--Schedule 1Inj'

2018-06-04 19:09:52 - [MESSAGE][PASSED] - All options with index in [10] are selected on object 'Object Repository/Store Request Schedule 1/Page_Store/select_--Select--Schedule 1Inj'

2018-06-04 19:09:52 - [TEST_STEP][PASSED] - delay: Delayed 1 second(s)

2018-06-04 19:09:53 - [MESSAGE][PASSED] - Delayed 1 second(s)

2018-06-04 19:09:53 - [TEST_STEP][PASSED] - selectOptionByIndex: All options with index in [13] are selected on object 'Object Repository/Store Request Schedule 1/Page_Store/select_--Select--Adernaline 0.'

2018-06-04 19:09:53 - [MESSAGE][PASSED] - All options with index in [13] are selected on object 'Object Repository/Store Request Schedule 1/Page_Store/select_--Select--Adernaline 0.'

2018-06-04 19:09:53 - [TEST_STEP][PASSED] - setText: Text '100' is set on object 'Object Repository/Store Request Schedule 1/Page_Store/input_txttreat'

2018-06-04 19:09:53 - [MESSAGE][PASSED] - Text '100' is set on object 'Object Repository/Store Request Schedule 1/Page_Store/input_txttreat'

2018-06-04 19:09:53 - [TEST_STEP][PASSED] - click: Object: 'Object Repository/Store Request Schedule 1/Page_Store/button_Add' is clicked on

2018-06-04 19:09:53 - [MESSAGE][PASSED] - Object: 'Object Repository/Store Request Schedule 1/Page_Store/button_Add' is clicked on

2018-06-04 19:09:53 - [TEST_STEP][PASSED] - selectOptionByIndex: All options with index in [10] are selected on object 'Object Repository/Store Request Schedule 1/Page_Store/select_--Select--Schedule 1Inj'

2018-06-04 19:09:53 - [MESSAGE][PASSED] - All options with index in [10] are selected on object 'Object Repository/Store Request Schedule 1/Page_Store/select_--Select--Schedule 1Inj'

2018-06-04 19:09:53 - [TEST_STEP][PASSED] - delay: Delayed 1 second(s)

2018-06-04 19:09:54 - [MESSAGE][PASSED] - Delayed 1 second(s)

2018-06-04 19:09:54 - [TEST_STEP][PASSED] - selectOptionByIndex: All options with index in [14] are selected on object 'Object Repository/Store Request Schedule 1/Page_Store/select_--Select--Adernaline 0.'

2018-06-04 19:09:54 - [MESSAGE][PASSED] - All options with index in [14] are selected on object 'Object Repository/Store Request Schedule 1/Page_Store/select_--Select--Adernaline 0.'

2018-06-04 19:09:54 - [TEST_STEP][PASSED] - setText: Text '100' is set on object 'Object Repository/Store Request Schedule 1/Page_Store/input_txttreat'

2018-06-04 19:09:54 - [MESSAGE][PASSED] - Text '100' is set on object 'Object Repository/Store Request Schedule 1/Page_Store/input_txttreat'

2018-06-04 19:09:54 - [TEST_STEP][PASSED] - click: Object: 'Object Repository/Store Request Schedule 1/Page_Store/button_Add' is clicked on

2018-06-04 19:09:55 - [MESSAGE][PASSED] - Object: 'Object Repository/Store Request Schedule 1/Page_Store/button_Add' is clicked on

2018-06-04 19:09:55 - [TEST_STEP][PASSED] - selectOptionByIndex: All options with index in [10] are selected on object 'Object Repository/Store Request Schedule 1/Page_Store/select_--Select--Schedule 1Inj'

2018-06-04 19:09:55 - [MESSAGE][PASSED] - All options with index in [10] are selected on object 'Object Repository/Store Request Schedule 1/Page_Store/select_--Select--Schedule 1Inj'

2018-06-04 19:09:55 - [TEST_STEP][PASSED] - delay: Delayed 1 second(s)

2018-06-04 19:09:56 - [MESSAGE][PASSED] - Delayed 1 second(s)

2018-06-04 19:09:56 - [TEST_STEP][PASSED] - selectOptionByIndex: All options with index in [15] are selected on object 'Object Repository/Store Request Schedule 1/Page_Store/select_--Select--Adernaline 0.'

2018-06-04 19:09:56 - [MESSAGE][PASSED] - All options with index in [15] are selected on object 'Object Repository/Store Request Schedule 1/Page_Store/select_--Select--Adernaline 0.'

2018-06-04 19:09:56 - [TEST_STEP][PASSED] - setText: Text '100' is set on object 'Object Repository/Store Request Schedule 1/Page_Store/input_txttreat'

2018-06-04 19:09:56 - [MESSAGE][PASSED] - Text '100' is set on object 'Object Repository/Store Request Schedule 1/Page_Store/input_txttreat'

2018-06-04 19:09:56 - [TEST_STEP][PASSED] - click: Object: 'Object Repository/Store Request Schedule 1/Page_Store/button_Add' is clicked on

2018-06-04 19:09:56 - [MESSAGE][PASSED] - Object: 'Object Repository/Store Request Schedule 1/Page_Store/button_Add' is clicked on

2018-06-04 19:09:56 - [TEST_STEP][PASSED] - selectOptionByIndex: All options with index in [10] are selected on object 'Object Repository/Store Request Schedule 1/Page_Store/select_--Select--Schedule 1Inj'

2018-06-04 19:09:56 - [MESSAGE][PASSED] - All options with index in [10] are selected on object 'Object Repository/Store Request Schedule 1/Page_Store/select_--Select--Schedule 1Inj'

2018-06-04 19:09:56 - [TEST_STEP][PASSED] - delay: Delayed 1 second(s)

2018-06-04 19:09:57 - [MESSAGE][PASSED] - Delayed 1 second(s)

2018-06-04 19:09:57 - [TEST_STEP][PASSED] - selectOptionByIndex: All options with index in [16] are selected on object 'Object Repository/Store Request Schedule 1/Page_Store/select_--Select--Adernaline 0.'

2018-06-04 19:09:58 - [MESSAGE][PASSED] - All options with index in [16] are selected on object 'Object Repository/Store Request Schedule 1/Page_Store/select_--Select--Adernaline 0.'

2018-06-04 19:09:58 - [TEST_STEP][PASSED] - setText: Text '100' is set on object 'Object Repository/Store Request Schedule 1/Page_Store/input_txttreat'

2018-06-04 19:09:58 - [MESSAGE][PASSED] - Text '100' is set on object 'Object Repository/Store Request Schedule 1/Page_Store/input_txttreat'

2018-06-04 19:09:58 - [TEST_STEP][PASSED] - click: Object: 'Object Repository/Store Request Schedule 1/Page_Store/button_Add' is clicked on

2018-06-04 19:09:58 - [MESSAGE][PASSED] - Object: 'Object Repository/Store Request Schedule 1/Page_Store/button_Add' is clicked on

2018-06-04 19:09:58 - [TEST_STEP][PASSED] - selectOptionByIndex: All options with index in [10] are selected on object 'Object Repository/Store Request Schedule 1/Page_Store/select_--Select--Schedule 1Inj'

2018-06-04 19:09:58 - [MESSAGE][PASSED] - All options with index in [10] are selected on object 'Object Repository/Store Request Schedule 1/Page_Store/select_--Select--Schedule 1Inj'

2018-06-04 19:09:58 - [TEST_STEP][PASSED] - delay: Delayed 1 second(s)

2018-06-04 19:09:59 - [MESSAGE][PASSED] - Delayed 1 second(s)

2018-06-04 19:09:59 - [TEST_STEP][PASSED] - selectOptionByIndex: All options with index in [17] are selected on object 'Object Repository/Store Request Schedule 1/Page_Store/select_--Select--Adernaline 0.'

2018-06-04 19:09:59 - [MESSAGE][PASSED] - All options with index in [17] are selected on object 'Object Repository/Store Request Schedule 1/Page_Store/select_--Select--Adernaline 0.'

2018-06-04 19:09:59 - [TEST_STEP][PASSED] - setText: Text '100' is set on object 'Object Repository/Store Request Schedule 1/Page_Store/input_txttreat'

2018-06-04 19:09:59 - [MESSAGE][PASSED] - Text '100' is set on object 'Object Repository/Store Request Schedule 1/Page_Store/input_txttreat'

2018-06-04 19:09:59 - [TEST_STEP][PASSED] - click: Object: 'Object Repository/Store Request Schedule 1/Page_Store/button_Add' is clicked on

2018-06-04 19:09:59 - [MESSAGE][PASSED] - Object: 'Object Repository/Store Request Schedule 1/Page_Store/button_Add' is clicked on

2018-06-04 19:09:59 - [TEST_STEP][PASSED] - selectOptionByIndex: All options with index in [10] are selected on object 'Object Repository/Store Request Schedule 1/Page_Store/select_--Select--Schedule 1Inj'

2018-06-04 19:10:00 - [MESSAGE][PASSED] - All options with index in [10] are selected on object 'Object Repository/Store Request Schedule 1/Page_Store/select_--Select--Schedule 1Inj'

2018-06-04 19:10:00 - [TEST_STEP][PASSED] - delay: Delayed 1 second(s)

2018-06-04 19:10:01 - [MESSAGE][PASSED] - Delayed 1 second(s)

2018-06-04 19:10:01 - [TEST_STEP][PASSED] - selectOptionByIndex: All options with index in [18] are selected on object 'Object Repository/Store Request Schedule 1/Page_Store/select_--Select--Adernaline 0.'

2018-06-04 19:10:01 - [MESSAGE][PASSED] - All options with index in [18] are selected on object 'Object Repository/Store Request Schedule 1/Page_Store/select_--Select--Adernaline 0.'

2018-06-04 19:10:01 - [TEST_STEP][PASSED] - setText: Text '100' is set on object 'Object Repository/Store Request Schedule 1/Page_Store/input_txttreat'

2018-06-04 19:10:01 - [MESSAGE][PASSED] - Text '100' is set on object 'Object Repository/Store Request Schedule 1/Page_Store/input_txttreat'

2018-06-04 19:10:01 - [TEST_STEP][PASSED] - click: Object: 'Object Repository/Store Request Schedule 1/Page_Store/button_Add' is clicked on

2018-06-04 19:10:01 - [MESSAGE][PASSED] - Object: 'Object Repository/Store Request Schedule 1/Page_Store/button_Add' is clicked on

2018-06-04 19:10:01 - [TEST_STEP][PASSED] - delay: Delayed 2 second(s)

2018-06-04 19:10:03 - [MESSAGE][PASSED] - Delayed 2 second(s)

2018-06-04 19:10:03 - [TEST_STEP][PASSED] - scrollToElement: Scroll to object 'Object Repository/Store Request Schedule 1/Page_Store/input_btnsave' successfully

2018-06-04 19:10:03 - [MESSAGE][PASSED] - Scroll to object 'Object Repository/Store Request Schedule 1/Page_Store/input_btnsave' successfully

2018-06-04 19:10:03 - [TEST_STEP][PASSED] - click: Object: 'Object Repository/Store Request Schedule 1/Page_Store/input_btnsave' is clicked on

2018-06-04 19:10:03 - [MESSAGE][PASSED] - Object: 'Object Repository/Store Request Schedule 1/Page_Store/input_btnsave' is clicked on

2018-06-04 19:10:03 - [TEST_STEP][PASSED] - delay: Delayed 4 second(s)

2018-06-04 19:10:07 - [MESSAGE][PASSED] - Delayed 4 second(s)

2018-06-04 19:10:07 - [TEST_STEP][PASSED] - Statement - Cms_RequestNumber = com.kms.katalon.core.webui.keyword.WebUiBuiltInKeywords.getText(com.kms.katalon.core.testobject.ObjectRepository.findTestObject(Store Request Schedule 1/Page_Store/font_PRNO050520189)): Text of object 'Object Repository/Store Request Schedule 1/Page_Store/font_PRNO050520189' is: 'PRNO/04062018/598'

2018-06-04 19:10:07 - [MESSAGE][PASSED] - Text of object 'Object Repository/Store Request Schedule 1/Page_Store/font_PRNO050520189' is: 'PRNO/04062018/598'

2018-06-04 19:10:07 - [TEST_STEP][PASSED] - Statement - CR = Cms_RequestNumber.trim(): null

2018-06-04 19:10:07 - [TEST_STEP][PASSED] - Statement - out.println("RQ :" + Cms_RequestNumber): null

2018-06-04 19:10:07 - [TEST_STEP][PASSED] - Statement - RequestNumberID = Cms_RequestNumber.split("/")[2].trim(): null

2018-06-04 19:10:07 - [TEST_STEP][PASSED] - Statement - out.println("RQ ID :" + RequestNumberID): null

2018-06-04 19:10:07 - [TEST_STEP][PASSED] - delay: Delayed 3 second(s)

2018-06-04 19:10:10 - [MESSAGE][PASSED] - Delayed 3 second(s)

2018-06-04 19:10:10 - [TEST_STEP][PASSED] - Statement - ok = com.kms.katalon.core.webui.keyword.WebUiBuiltInKeywords.click(com.kms.katalon.core.testobject.ObjectRepository.findTestObject(Store Request Schedule 1/Page_Store/button_OK)): Object: 'Object Repository/Store Request Schedule 1/Page_Store/button_OK' is clicked on

2018-06-04 19:10:11 - [MESSAGE][PASSED] - Object: 'Object Repository/Store Request Schedule 1/Page_Store/button_OK' is clicked on

2018-06-04 19:10:11 - [TEST_STEP][PASSED] - waitForElementVisible: Object 'Object Repository/Store Request Schedule 1/Page_Store/a_dropdown-toggle' is visible

2018-06-04 19:10:13 - [MESSAGE][PASSED] - Object 'Object Repository/Store Request Schedule 1/Page_Store/a_dropdown-toggle' is visible

2018-06-04 19:10:13 - [TEST_STEP][PASSED] - click: Object: 'Object Repository/Store Request Schedule 1/Page_Store/a_dropdown-toggle' is clicked on

2018-06-04 19:10:13 - [MESSAGE][PASSED] - Object: 'Object Repository/Store Request Schedule 1/Page_Store/a_dropdown-toggle' is clicked on

2018-06-04 19:10:13 - [TEST_STEP][PASSED] - click: Object: 'Object Repository/Store Request Schedule 1/Page_Store/a_Sign out' is clicked on

2018-06-04 19:10:13 - [MESSAGE][PASSED] - Object: 'Object Repository/Store Request Schedule 1/Page_Store/a_Sign out' is clicked on

2018-06-04 19:10:13 - [TEST_STEP][PASSED] - delay: Delayed 3 second(s)

2018-06-04 19:10:16 - [MESSAGE][PASSED] - Delayed 3 second(s)

2018-06-04 19:10:16 - [TEST_STEP][PASSED] - click: Object: 'Object Repository/Store Request Schedule 1/Page_KDMC/a_CMO' is clicked on

2018-06-04 19:10:17 - [MESSAGE][PASSED] - Object: 'Object Repository/Store Request Schedule 1/Page_KDMC/a_CMO' is clicked on

2018-06-04 19:10:17 - [TEST_STEP][PASSED] - setText: Text 'guru' is set on object 'Object Repository/Store Request Schedule 1/Page_CMO login/input_txtusername'

2018-06-04 19:10:17 - [MESSAGE][PASSED] - Text 'guru' is set on object 'Object Repository/Store Request Schedule 1/Page_CMO login/input_txtusername'

2018-06-04 19:10:17 - [TEST_STEP][PASSED] - setText: Text '123' is set on object 'Object Repository/Store Request Schedule 1/Page_CMO login/input_txtpassword'

2018-06-04 19:10:17 - [MESSAGE][PASSED] - Text '123' is set on object 'Object Repository/Store Request Schedule 1/Page_CMO login/input_txtpassword'

2018-06-04 19:10:17 - [TEST_STEP][PASSED] - delay: Delayed 3 second(s)

2018-06-04 19:10:20 - [MESSAGE][PASSED] - Delayed 3 second(s)

2018-06-04 19:10:20 - [TEST_STEP][PASSED] - click: Object: 'Object Repository/Store Request Schedule 1/Page_CMO login/button_Sign in' is clicked on

2018-06-04 19:10:21 - [MESSAGE][PASSED] - Object: 'Object Repository/Store Request Schedule 1/Page_CMO login/button_Sign in' is clicked on

2018-06-04 19:10:21 - [TEST_STEP][PASSED] - delay: Delayed 2 second(s)

2018-06-04 19:10:23 - [MESSAGE][PASSED] - Delayed 2 second(s)

2018-06-04 19:10:23 - [TEST_STEP][PASSED] - click: Object: 'Object Repository/Store Request Schedule 1/Page_KDMC - CMO/span_Department Wise Request' is clicked on

2018-06-04 19:10:24 - [MESSAGE][PASSED] - Object: 'Object Repository/Store Request Schedule 1/Page_KDMC - CMO/span_Department Wise Request' is clicked on

2018-06-04 19:10:24 - [TEST_STEP][PASSED] - click: Object: 'Object Repository/Store Request Schedule 1/Page_KDMC - CMO/a_CMS Request' is clicked on

2018-06-04 19:10:24 - [MESSAGE][PASSED] - Object: 'Object Repository/Store Request Schedule 1/Page_KDMC - CMO/a_CMS Request' is clicked on

2018-06-04 19:10:24 - [TEST_STEP][PASSED] - click: Object: 'Object Repository/Store Request Schedule 1/Page_KDMC - CMO/a_CMS Request' is clicked on

2018-06-04 19:10:24 - [MESSAGE][PASSED] - Object: 'Object Repository/Store Request Schedule 1/Page_KDMC - CMO/a_CMS Request' is clicked on

2018-06-04 19:10:24 - [TEST_STEP][PASSED] - click: Object: 'Object Repository/Store Request Schedule 1/Page_KDMC - CMO/span_Divisional Store Request' is clicked on

2018-06-04 19:10:26 - [MESSAGE][PASSED] - Object: 'Object Repository/Store Request Schedule 1/Page_KDMC - CMO/span_Divisional Store Request' is clicked on

2018-06-04 19:10:26 - [TEST_STEP][PASSED] - delay: Delayed 2 second(s)

2018-06-04 19:10:28 - [MESSAGE][PASSED] - Delayed 2 second(s)

2018-06-04 19:10:28 - [TEST_STEP][PASSED] - Statement - approval = com.kms.katalon.core.webui.keyword.WebUiBuiltInKeywords.modifyObjectProperty(com.kms.katalon.core.testobject.ObjectRepository.findTestObject(Store Request Schedule 1/Page_KDMC - CMO/input_PRNO050520189), "xpath", "equals", "//*[@id=" + RequestNumberID + "]", true): Modify property of object successfully

2018-06-04 19:10:28 - [MESSAGE][PASSED] - Modify property of object successfully

2018-06-04 19:10:28 - [TEST_STEP][PASSED] - click: Object: 'Object Repository/Store Request Schedule 1/Page_KDMC - CMO/input_PRNO050520189' is clicked on

2018-06-04 19:10:28 - [MESSAGE][PASSED] - Object: 'Object Repository/Store Request Schedule 1/Page_KDMC - CMO/input_PRNO050520189' is clicked on

2018-06-04 19:10:28 - [TEST_STEP][PASSED] - delay: Delayed 2 second(s)

2018-06-04 19:10:30 - [MESSAGE][PASSED] - Delayed 2 second(s)

2018-06-04 19:10:30 - [TEST_STEP][PASSED] - selectOptionByIndex: All options with index in [1] are selected on object 'Object Repository/Store Request Schedule 1/Page_KDMC - CMO/select_--Select--'

2018-06-04 19:10:30 - [MESSAGE][PASSED] - All options with index in [1] are selected on object 'Object Repository/Store Request Schedule 1/Page_KDMC - CMO/select_--Select--'

2018-06-04 19:10:30 - [TEST_STEP][PASSED] - click: Object: 'Object Repository/Store Request Schedule 1/Page_KDMC - CMO/input_btnupdate' is clicked on

2018-06-04 19:10:30 - [MESSAGE][PASSED] - Object: 'Object Repository/Store Request Schedule 1/Page_KDMC - CMO/input_btnupdate' is clicked on

2018-06-04 19:10:30 - [TEST_STEP][PASSED] - delay: Delayed 2 second(s)

2018-06-04 19:10:32 - [MESSAGE][PASSED] - Delayed 2 second(s)

2018-06-04 19:10:32 - [TEST_STEP][PASSED] - click: Object: 'Object Repository/Store Request Schedule 1/Page_KDMC - CMO/button_OK' is clicked on

2018-06-04 19:10:33 - [MESSAGE][PASSED] - Object: 'Object Repository/Store Request Schedule 1/Page_KDMC - CMO/button_OK' is clicked on

2018-06-04 19:10:33 - [TEST_STEP][PASSED] - delay: Delayed 2 second(s)

2018-06-04 19:10:35 - [MESSAGE][PASSED] - Delayed 2 second(s)

2018-06-04 19:10:35 - [TEST_STEP][PASSED] - click: Object: 'Object Repository/Store Request Schedule 1/Page_KDMC - CMO/a_dropdown-toggle' is clicked on

2018-06-04 19:10:35 - [MESSAGE][PASSED] - Object: 'Object Repository/Store Request Schedule 1/Page_KDMC - CMO/a_dropdown-toggle' is clicked on

2018-06-04 19:10:35 - [TEST_STEP][PASSED] - click: Object: 'Object Repository/Store Request Schedule 1/Page_KDMC - CMO/a_Sign out' is clicked on

2018-06-04 19:10:35 - [MESSAGE][PASSED] - Object: 'Object Repository/Store Request Schedule 1/Page_KDMC - CMO/a_Sign out' is clicked on

2018-06-04 19:10:35 - [TEST_STEP][PASSED] - delay: Delayed 3 second(s)

2018-06-04 19:10:38 - [MESSAGE][PASSED] - Delayed 3 second(s)

2018-06-04 19:10:38 - [TEST_STEP][PASSED] - click: Object: 'Object Repository/store Request Schedule 1/Page_KDMC/a_CMS' is clicked on

2018-06-04 19:10:39 - [MESSAGE][PASSED] - Object: 'Object Repository/store Request Schedule 1/Page_KDMC/a_CMS' is clicked on

2018-06-04 19:10:39 - [TEST_STEP][PASSED] - setText: Text 'bala' is set on object 'Object Repository/store Request Schedule 1/Page_CMS login/input_txtusername'

2018-06-04 19:10:39 - [MESSAGE][PASSED] - Text 'bala' is set on object 'Object Repository/store Request Schedule 1/Page_CMS login/input_txtusername'

2018-06-04 19:10:39 - [TEST_STEP][PASSED] - setText: Text '123' is set on object 'Object Repository/store Request Schedule 1/Page_CMS login/input_txtpassword'

2018-06-04 19:10:39 - [MESSAGE][PASSED] - Text '123' is set on object 'Object Repository/store Request Schedule 1/Page_CMS login/input_txtpassword'

2018-06-04 19:10:39 - [TEST_STEP][PASSED] - delay: Delayed 3 second(s)

2018-06-04 19:10:42 - [MESSAGE][PASSED] - Delayed 3 second(s)

2018-06-04 19:10:42 - [TEST_STEP][PASSED] - click: Object: 'Object Repository/store Request Schedule 1/Page_CMS login/button_Sign in' is clicked on

2018-06-04 19:10:43 - [MESSAGE][PASSED] - Object: 'Object Repository/store Request Schedule 1/Page_CMS login/button_Sign in' is clicked on

2018-06-04 19:10:43 - [TEST_STEP][PASSED] - delay: Delayed 2 second(s)

2018-06-04 19:10:45 - [MESSAGE][PASSED] - Delayed 2 second(s)

2018-06-04 19:10:45 - [TEST_STEP][PASSED] - click: Object: 'Object Repository/store Request Schedule 1/Page_KDMC - CMS/a_Divisional Store' is clicked on

2018-06-04 19:10:45 - [MESSAGE][PASSED] - Object: 'Object Repository/store Request Schedule 1/Page_KDMC - CMS/a_Divisional Store' is clicked on

2018-06-04 19:10:45 - [TEST_STEP][PASSED] - delay: Delayed 2 second(s)

2018-06-04 19:10:47 - [MESSAGE][PASSED] - Delayed 2 second(s)

2018-06-04 19:10:47 - [TEST_STEP][PASSED] - click: Object: 'Object Repository/store Request Schedule 1/Page_KDMC - CMS/a_Dispatch Items' is clicked on

2018-06-04 19:10:47 - [MESSAGE][PASSED] - Object: 'Object Repository/store Request Schedule 1/Page_KDMC - CMS/a_Dispatch Items' is clicked on

2018-06-04 19:10:47 - [TEST_STEP][PASSED] - setText: Text 'PRNO/04062018/598' is set on object 'Object Repository/store Request Schedule 1/Page_KDMC - CMS/input'

2018-06-04 19:10:48 - [MESSAGE][PASSED] - Text 'PRNO/04062018/598' is set on object 'Object Repository/store Request Schedule 1/Page_KDMC - CMS/input'

2018-06-04 19:10:48 - [TEST_STEP][PASSED] - click: Object: 'Object Repository/store Request Schedule 1/Page_KDMC - CMS/td_text-center' is clicked on

2018-06-04 19:10:48 - [MESSAGE][PASSED] - Object: 'Object Repository/store Request Schedule 1/Page_KDMC - CMS/td_text-center' is clicked on

2018-06-04 19:10:48 - [TEST_STEP][PASSED] - delay: Delayed 3 second(s)

2018-06-04 19:10:51 - [MESSAGE][PASSED] - Delayed 3 second(s)

2018-06-04 19:10:51 - [TEST_STEP][PASSED] - delay: Delayed 2 second(s)

2018-06-04 19:10:53 - [MESSAGE][PASSED] - Delayed 2 second(s)

2018-06-04 19:10:53 - [TEST_STEP][PASSED] - Statement - For ([row = 0, row < SelectedOptions - 1, (row++)]): null

2018-06-04 19:10:53 - [TEST_STEP][PASSED] - Statement - batchlength = new com.kms.katalon.core.testobject.TestObject(): null

2018-06-04 19:10:53 - [TEST_STEP][PASSED] - Statement - batchlength = com.kms.katalon.core.webui.keyword.WebUiBuiltInKeywords.modifyObjectProperty(batchlength, "xpath", "equals", "//*[@id = "fldvendor" + row + ""]", true): Modify property of object successfully

2018-06-04 19:10:53 - [MESSAGE][PASSED] - Modify property of object successfully

2018-06-04 19:10:53 - [TEST_STEP][PASSED] - Statement - batchsize = com.kms.katalon.core.webui.keyword.WebUiBuiltInKeywords.getNumberOfTotalOption(batchlength): 9 options of object '' counted

2018-06-04 19:10:53 - [MESSAGE][PASSED] - 9 options of object '' counted

2018-06-04 19:10:53 - [TEST_STEP][PASSED] - Statement - out.println("BatchSize : " + batchsize): null

2018-06-04 19:10:53 - [TEST_STEP][PASSED] - Statement - For ([n = 1, n <= batchsize - 1, (n++)]): null

2018-06-04 19:10:53 - [TEST_STEP][PASSED] - Statement - product = new com.kms.katalon.core.testobject.TestObject(): null

2018-06-04 19:10:53 - [TEST_STEP][PASSED] - Statement - product = com.kms.katalon.core.webui.keyword.WebUiBuiltInKeywords.modifyObjectProperty(product, "xpath", "equals", "//*[@id = "fldvendor" + row + ""]", true): Modify property of object successfully

2018-06-04 19:10:53 - [MESSAGE][PASSED] - Modify property of object successfully

2018-06-04 19:10:53 - [TEST_STEP][PASSED] - selectOptionByIndex: All options with index in [1] are selected on object ''

2018-06-04 19:10:53 - [MESSAGE][PASSED] - All options with index in [1] are selected on object ''

2018-06-04 19:10:53 - [TEST_STEP][PASSED] - delay: Delayed 2 second(s)

2018-06-04 19:10:55 - [MESSAGE][PASSED] - Delayed 2 second(s)

2018-06-04 19:10:55 - [TEST_STEP][PASSED] - Statement - batch = new com.kms.katalon.core.testobject.TestObject(): null

2018-06-04 19:10:55 - [TEST_STEP][PASSED] - Statement - batch = com.kms.katalon.core.webui.keyword.WebUiBuiltInKeywords.modifyObjectProperty(batch, "xpath", "equals", "//*[@id = "txtbthqty" + row + ""]", true): Modify property of object successfully

2018-06-04 19:10:55 - [MESSAGE][PASSED] - Modify property of object successfully

2018-06-04 19:10:55 - [TEST_STEP][PASSED] - Statement - batchqty = com.kms.katalon.core.webui.keyword.WebUiBuiltInKeywords.getAttribute(batch, "value").trim(): Attribute 'value' of object '' is: '48300'

2018-06-04 19:10:55 - [MESSAGE][PASSED] - Attribute 'value' of object '' is: '48300'

2018-06-04 19:10:55 - [TEST_STEP][PASSED] - Statement - Rqty = 100: null

2018-06-04 19:10:55 - [TEST_STEP][PASSED] - Statement - out.println("BatchQty : " + batchqty): null

2018-06-04 19:10:55 - [TEST_STEP][PASSED] - Statement - out.println("RQty : " + Rqty): null

2018-06-04 19:10:55 - [TEST_STEP][PASSED] - Statement - If (java.lang.Integer.valueOf(batchqty) >= java.lang.Integer.valueOf(Rqty)): null

2018-06-04 19:10:55 - [TEST_STEP][PASSED] - Statement - Break: null

2018-06-04 19:10:55 - [TEST_STEP][PASSED] - Statement - batchlength = new com.kms.katalon.core.testobject.TestObject(): null

2018-06-04 19:10:55 - [TEST_STEP][PASSED] - Statement - batchlength = com.kms.katalon.core.webui.keyword.WebUiBuiltInKeywords.modifyObjectProperty(batchlength, "xpath", "equals", "//*[@id = "fldvendor" + row + ""]", true): Modify property of object successfully

2018-06-04 19:10:55 - [MESSAGE][PASSED] - Modify property of object successfully

2018-06-04 19:10:55 - [TEST_STEP][PASSED] - Statement - batchsize = com.kms.katalon.core.webui.keyword.WebUiBuiltInKeywords.getNumberOfTotalOption(batchlength): 9 options of object '' counted

2018-06-04 19:10:55 - [MESSAGE][PASSED] - 9 options of object '' counted

2018-06-04 19:10:55 - [TEST_STEP][PASSED] - Statement - out.println("BatchSize : " + batchsize): null

2018-06-04 19:10:55 - [TEST_STEP][PASSED] - Statement - For ([n = 1, n <= batchsize - 1, (n++)]): null

2018-06-04 19:10:55 - [TEST_STEP][PASSED] - Statement - product = new com.kms.katalon.core.testobject.TestObject(): null

2018-06-04 19:10:55 - [TEST_STEP][PASSED] - Statement - product = com.kms.katalon.core.webui.keyword.WebUiBuiltInKeywords.modifyObjectProperty(product, "xpath", "equals", "//*[@id = "fldvendor" + row + ""]", true): Modify property of object successfully

2018-06-04 19:10:55 - [MESSAGE][PASSED] - Modify property of object successfully

2018-06-04 19:10:55 - [TEST_STEP][PASSED] - selectOptionByIndex: All options with index in [1] are selected on object ''

2018-06-04 19:10:55 - [MESSAGE][PASSED] - All options with index in [1] are selected on object ''

2018-06-04 19:10:55 - [TEST_STEP][PASSED] - delay: Delayed 2 second(s)

2018-06-04 19:10:57 - [MESSAGE][PASSED] - Delayed 2 second(s)

2018-06-04 19:10:57 - [TEST_STEP][PASSED] - Statement - batch = new com.kms.katalon.core.testobject.TestObject(): null

2018-06-04 19:10:57 - [TEST_STEP][PASSED] - Statement - batch = com.kms.katalon.core.webui.keyword.WebUiBuiltInKeywords.modifyObjectProperty(batch, "xpath", "equals", "//*[@id = "txtbthqty" + row + ""]", true): Modify property of object successfully

2018-06-04 19:10:57 - [MESSAGE][PASSED] - Modify property of object successfully

2018-06-04 19:10:57 - [TEST_STEP][PASSED] - Statement - batchqty = com.kms.katalon.core.webui.keyword.WebUiBuiltInKeywords.getAttribute(batch, "value").trim(): Attribute 'value' of object '' is: '3300'

2018-06-04 19:10:57 - [MESSAGE][PASSED] - Attribute 'value' of object '' is: '3300'

2018-06-04 19:10:57 - [TEST_STEP][PASSED] - Statement - Rqty = 100: null

2018-06-04 19:10:57 - [TEST_STEP][PASSED] - Statement - out.println("BatchQty : " + batchqty): null

2018-06-04 19:10:57 - [TEST_STEP][PASSED] - Statement - out.println("RQty : " + Rqty): null

2018-06-04 19:10:57 - [TEST_STEP][PASSED] - Statement - If (java.lang.Integer.valueOf(batchqty) >= java.lang.Integer.valueOf(Rqty)): null

2018-06-04 19:10:57 - [TEST_STEP][PASSED] - Statement - Break: null

2018-06-04 19:10:57 - [TEST_STEP][PASSED] - Statement - batchlength = new com.kms.katalon.core.testobject.TestObject(): null

2018-06-04 19:10:57 - [TEST_STEP][PASSED] - Statement - batchlength = com.kms.katalon.core.webui.keyword.WebUiBuiltInKeywords.modifyObjectProperty(batchlength, "xpath", "equals", "//*[@id = "fldvendor" + row + ""]", true): Modify property of object successfully

2018-06-04 19:10:57 - [MESSAGE][PASSED] - Modify property of object successfully

2018-06-04 19:10:57 - [TEST_STEP][PASSED] - Statement - batchsize = com.kms.katalon.core.webui.keyword.WebUiBuiltInKeywords.getNumberOfTotalOption(batchlength): 9 options of object '' counted

2018-06-04 19:10:57 - [MESSAGE][PASSED] - 9 options of object '' counted

2018-06-04 19:10:57 - [TEST_STEP][PASSED] - Statement - out.println("BatchSize : " + batchsize): null

2018-06-04 19:10:57 - [TEST_STEP][PASSED] - Statement - For ([n = 1, n <= batchsize - 1, (n++)]): null

2018-06-04 19:10:57 - [TEST_STEP][PASSED] - Statement - product = new com.kms.katalon.core.testobject.TestObject(): null

2018-06-04 19:10:57 - [TEST_STEP][PASSED] - Statement - product = com.kms.katalon.core.webui.keyword.WebUiBuiltInKeywords.modifyObjectProperty(product, "xpath", "equals", "//*[@id = "fldvendor" + row + ""]", true): Modify property of object successfully

2018-06-04 19:10:57 - [MESSAGE][PASSED] - Modify property of object successfully

2018-06-04 19:10:57 - [TEST_STEP][PASSED] - selectOptionByIndex: All options with index in [1] are selected on object ''

2018-06-04 19:10:57 - [MESSAGE][PASSED] - All options with index in [1] are selected on object ''

2018-06-04 19:10:57 - [TEST_STEP][PASSED] - delay: Delayed 2 second(s)

2018-06-04 19:10:59 - [MESSAGE][PASSED] - Delayed 2 second(s)

2018-06-04 19:10:59 - [TEST_STEP][PASSED] - Statement - batch = new com.kms.katalon.core.testobject.TestObject(): null

2018-06-04 19:10:59 - [TEST_STEP][PASSED] - Statement - batch = com.kms.katalon.core.webui.keyword.WebUiBuiltInKeywords.modifyObjectProperty(batch, "xpath", "equals", "//*[@id = "txtbthqty" + row + ""]", true): Modify property of object successfully

2018-06-04 19:10:59 - [MESSAGE][PASSED] - Modify property of object successfully

2018-06-04 19:10:59 - [TEST_STEP][PASSED] - Statement - batchqty = com.kms.katalon.core.webui.keyword.WebUiBuiltInKeywords.getAttribute(batch, "value").trim(): Attribute 'value' of object '' is: '4200'

2018-06-04 19:10:59 - [MESSAGE][PASSED] - Attribute 'value' of object '' is: '4200'

2018-06-04 19:10:59 - [TEST_STEP][PASSED] - Statement - Rqty = 100: null

2018-06-04 19:10:59 - [TEST_STEP][PASSED] - Statement - out.println("BatchQty : " + batchqty): null

2018-06-04 19:10:59 - [TEST_STEP][PASSED] - Statement - out.println("RQty : " + Rqty): null

2018-06-04 19:10:59 - [TEST_STEP][PASSED] - Statement - If (java.lang.Integer.valueOf(batchqty) >= java.lang.Integer.valueOf(Rqty)): null

2018-06-04 19:10:59 - [TEST_STEP][PASSED] - Statement - Break: null

2018-06-04 19:10:59 - [TEST_STEP][PASSED] - Statement - batchlength = new com.kms.katalon.core.testobject.TestObject(): null

2018-06-04 19:10:59 - [TEST_STEP][PASSED] - Statement - batchlength = com.kms.katalon.core.webui.keyword.WebUiBuiltInKeywords.modifyObjectProperty(batchlength, "xpath", "equals", "//*[@id = "fldvendor" + row + ""]", true): Modify property of object successfully

2018-06-04 19:10:59 - [MESSAGE][PASSED] - Modify property of object successfully

2018-06-04 19:10:59 - [TEST_STEP][PASSED] - Statement - batchsize = com.kms.katalon.core.webui.keyword.WebUiBuiltInKeywords.getNumberOfTotalOption(batchlength): 9 options of object '' counted

2018-06-04 19:11:00 - [MESSAGE][PASSED] - 9 options of object '' counted

2018-06-04 19:11:00 - [TEST_STEP][PASSED] - Statement - out.println("BatchSize : " + batchsize): null

2018-06-04 19:11:00 - [TEST_STEP][PASSED] - Statement - For ([n = 1, n <= batchsize - 1, (n++)]): null

2018-06-04 19:11:00 - [TEST_STEP][PASSED] - Statement - product = new com.kms.katalon.core.testobject.TestObject(): null

2018-06-04 19:11:00 - [TEST_STEP][PASSED] - Statement - product = com.kms.katalon.core.webui.keyword.WebUiBuiltInKeywords.modifyObjectProperty(product, "xpath", "equals", "//*[@id = "fldvendor" + row + ""]", true): Modify property of object successfully

2018-06-04 19:11:00 - [MESSAGE][PASSED] - Modify property of object successfully

2018-06-04 19:11:00 - [TEST_STEP][PASSED] - selectOptionByIndex: All options with index in [1] are selected on object ''

2018-06-04 19:11:00 - [MESSAGE][PASSED] - All options with index in [1] are selected on object ''

2018-06-04 19:11:00 - [TEST_STEP][PASSED] - delay: Delayed 2 second(s)

2018-06-04 19:11:02 - [MESSAGE][PASSED] - Delayed 2 second(s)

2018-06-04 19:11:02 - [TEST_STEP][PASSED] - Statement - batch = new com.kms.katalon.core.testobject.TestObject(): null

2018-06-04 19:11:02 - [TEST_STEP][PASSED] - Statement - batch = com.kms.katalon.core.webui.keyword.WebUiBuiltInKeywords.modifyObjectProperty(batch, "xpath", "equals", "//*[@id = "txtbthqty" + row + ""]", true): Modify property of object successfully

2018-06-04 19:11:02 - [MESSAGE][PASSED] - Modify property of object successfully

2018-06-04 19:11:02 - [TEST_STEP][PASSED] - Statement - batchqty = com.kms.katalon.core.webui.keyword.WebUiBuiltInKeywords.getAttribute(batch, "value").trim(): Attribute 'value' of object '' is: '48200'

2018-06-04 19:11:02 - [MESSAGE][PASSED] - Attribute 'value' of object '' is: '48200'

2018-06-04 19:11:02 - [TEST_STEP][PASSED] - Statement - Rqty = 100: null

2018-06-04 19:11:02 - [TEST_STEP][PASSED] - Statement - out.println("BatchQty : " + batchqty): null

2018-06-04 19:11:02 - [TEST_STEP][PASSED] - Statement - out.println("RQty : " + Rqty): null

2018-06-04 19:11:02 - [TEST_STEP][PASSED] - Statement - If (java.lang.Integer.valueOf(batchqty) >= java.lang.Integer.valueOf(Rqty)): null

2018-06-04 19:11:02 - [TEST_STEP][PASSED] - Statement - Break: null

2018-06-04 19:11:02 - [TEST_STEP][PASSED] - Statement - batchlength = new com.kms.katalon.core.testobject.TestObject(): null

2018-06-04 19:11:02 - [TEST_STEP][PASSED] - Statement - batchlength = com.kms.katalon.core.webui.keyword.WebUiBuiltInKeywords.modifyObjectProperty(batchlength, "xpath", "equals", "//*[@id = "fldvendor" + row + ""]", true): Modify property of object successfully

2018-06-04 19:11:02 - [MESSAGE][PASSED] - Modify property of object successfully

2018-06-04 19:11:02 - [TEST_STEP][PASSED] - Statement - batchsize = com.kms.katalon.core.webui.keyword.WebUiBuiltInKeywords.getNumberOfTotalOption(batchlength): 9 options of object '' counted

2018-06-04 19:11:02 - [MESSAGE][PASSED] - 9 options of object '' counted

2018-06-04 19:11:02 - [TEST_STEP][PASSED] - Statement - out.println("BatchSize : " + batchsize): null

2018-06-04 19:11:02 - [TEST_STEP][PASSED] - Statement - For ([n = 1, n <= batchsize - 1, (n++)]): null

2018-06-04 19:11:02 - [TEST_STEP][PASSED] - Statement - product = new com.kms.katalon.core.testobject.TestObject(): null

2018-06-04 19:11:02 - [TEST_STEP][PASSED] - Statement - product = com.kms.katalon.core.webui.keyword.WebUiBuiltInKeywords.modifyObjectProperty(product, "xpath", "equals", "//*[@id = "fldvendor" + row + ""]", true): Modify property of object successfully

2018-06-04 19:11:02 - [MESSAGE][PASSED] - Modify property of object successfully

2018-06-04 19:11:02 - [TEST_STEP][PASSED] - selectOptionByIndex: All options with index in [1] are selected on object ''

2018-06-04 19:11:02 - [MESSAGE][PASSED] - All options with index in [1] are selected on object ''

2018-06-04 19:11:02 - [TEST_STEP][PASSED] - delay: Delayed 2 second(s)

2018-06-04 19:11:04 - [MESSAGE][PASSED] - Delayed 2 second(s)

2018-06-04 19:11:04 - [TEST_STEP][PASSED] - Statement - batch = new com.kms.katalon.core.testobject.TestObject(): null

2018-06-04 19:11:04 - [TEST_STEP][PASSED] - Statement - batch = com.kms.katalon.core.webui.keyword.WebUiBuiltInKeywords.modifyObjectProperty(batch, "xpath", "equals", "//*[@id = "txtbthqty" + row + ""]", true): Modify property of object successfully

2018-06-04 19:11:04 - [MESSAGE][PASSED] - Modify property of object successfully

2018-06-04 19:11:04 - [TEST_STEP][PASSED] - Statement - batchqty = com.kms.katalon.core.webui.keyword.WebUiBuiltInKeywords.getAttribute(batch, "value").trim(): Attribute 'value' of object '' is: '4300'

2018-06-04 19:11:04 - [MESSAGE][PASSED] - Attribute 'value' of object '' is: '4300'

2018-06-04 19:11:04 - [TEST_STEP][PASSED] - Statement - Rqty = 100: null

2018-06-04 19:11:04 - [TEST_STEP][PASSED] - Statement - out.println("BatchQty : " + batchqty): null

2018-06-04 19:11:04 - [TEST_STEP][PASSED] - Statement - out.println("RQty : " + Rqty): null

2018-06-04 19:11:04 - [TEST_STEP][PASSED] - Statement - If (java.lang.Integer.valueOf(batchqty) >= java.lang.Integer.valueOf(Rqty)): null

2018-06-04 19:11:04 - [TEST_STEP][PASSED] - Statement - Break: null

2018-06-04 19:11:04 - [TEST_STEP][PASSED] - Statement - batchlength = new com.kms.katalon.core.testobject.TestObject(): null

2018-06-04 19:11:04 - [TEST_STEP][PASSED] - Statement - batchlength = com.kms.katalon.core.webui.keyword.WebUiBuiltInKeywords.modifyObjectProperty(batchlength, "xpath", "equals", "//*[@id = "fldvendor" + row + ""]", true): Modify property of object successfully

2018-06-04 19:11:04 - [MESSAGE][PASSED] - Modify property of object successfully

2018-06-04 19:11:04 - [TEST_STEP][PASSED] - Statement - batchsize = com.kms.katalon.core.webui.keyword.WebUiBuiltInKeywords.getNumberOfTotalOption(batchlength): 9 options of object '' counted

2018-06-04 19:11:04 - [MESSAGE][PASSED] - 9 options of object '' counted

2018-06-04 19:11:04 - [TEST_STEP][PASSED] - Statement - out.println("BatchSize : " + batchsize): null

2018-06-04 19:11:04 - [TEST_STEP][PASSED] - Statement - For ([n = 1, n <= batchsize - 1, (n++)]): null

2018-06-04 19:11:04 - [TEST_STEP][PASSED] - Statement - product = new com.kms.katalon.core.testobject.TestObject(): null

2018-06-04 19:11:04 - [TEST_STEP][PASSED] - Statement - product = com.kms.katalon.core.webui.keyword.WebUiBuiltInKeywords.modifyObjectProperty(product, "xpath", "equals", "//*[@id = "fldvendor" + row + ""]", true): Modify property of object successfully

2018-06-04 19:11:04 - [MESSAGE][PASSED] - Modify property of object successfully

2018-06-04 19:11:04 - [TEST_STEP][PASSED] - selectOptionByIndex: All options with index in [1] are selected on object ''

2018-06-04 19:11:04 - [MESSAGE][PASSED] - All options with index in [1] are selected on object ''

2018-06-04 19:11:04 - [TEST_STEP][PASSED] - delay: Delayed 2 second(s)

2018-06-04 19:11:06 - [MESSAGE][PASSED] - Delayed 2 second(s)

2018-06-04 19:11:06 - [TEST_STEP][PASSED] - Statement - batch = new com.kms.katalon.core.testobject.TestObject(): null

2018-06-04 19:11:06 - [TEST_STEP][PASSED] - Statement - batch = com.kms.katalon.core.webui.keyword.WebUiBuiltInKeywords.modifyObjectProperty(batch, "xpath", "equals", "//*[@id = "txtbthqty" + row + ""]", true): Modify property of object successfully

2018-06-04 19:11:06 - [MESSAGE][PASSED] - Modify property of object successfully

2018-06-04 19:11:06 - [TEST_STEP][PASSED] - Statement - batchqty = com.kms.katalon.core.webui.keyword.WebUiBuiltInKeywords.getAttribute(batch, "value").trim(): Attribute 'value' of object '' is: '2300'

2018-06-04 19:11:06 - [MESSAGE][PASSED] - Attribute 'value' of object '' is: '2300'

2018-06-04 19:11:06 - [TEST_STEP][PASSED] - Statement - Rqty = 100: null

2018-06-04 19:11:06 - [TEST_STEP][PASSED] - Statement - out.println("BatchQty : " + batchqty): null

2018-06-04 19:11:06 - [TEST_STEP][PASSED] - Statement - out.println("RQty : " + Rqty): null

2018-06-04 19:11:06 - [TEST_STEP][PASSED] - Statement - If (java.lang.Integer.valueOf(batchqty) >= java.lang.Integer.valueOf(Rqty)): null

2018-06-04 19:11:06 - [TEST_STEP][PASSED] - Statement - Break: null

2018-06-04 19:11:06 - [TEST_STEP][PASSED] - Statement - batchlength = new com.kms.katalon.core.testobject.TestObject(): null

2018-06-04 19:11:06 - [TEST_STEP][PASSED] - Statement - batchlength = com.kms.katalon.core.webui.keyword.WebUiBuiltInKeywords.modifyObjectProperty(batchlength, "xpath", "equals", "//*[@id = "fldvendor" + row + ""]", true): Modify property of object successfully

2018-06-04 19:11:06 - [MESSAGE][PASSED] - Modify property of object successfully

2018-06-04 19:11:06 - [TEST_STEP][PASSED] - Statement - batchsize = com.kms.katalon.core.webui.keyword.WebUiBuiltInKeywords.getNumberOfTotalOption(batchlength): 9 options of object '' counted

2018-06-04 19:11:06 - [MESSAGE][PASSED] - 9 options of object '' counted

2018-06-04 19:11:06 - [TEST_STEP][PASSED] - Statement - out.println("BatchSize : " + batchsize): null

2018-06-04 19:11:06 - [TEST_STEP][PASSED] - Statement - For ([n = 1, n <= batchsize - 1, (n++)]): null

2018-06-04 19:11:06 - [TEST_STEP][PASSED] - Statement - product = new com.kms.katalon.core.testobject.TestObject(): null

2018-06-04 19:11:06 - [TEST_STEP][PASSED] - Statement - product = com.kms.katalon.core.webui.keyword.WebUiBuiltInKeywords.modifyObjectProperty(product, "xpath", "equals", "//*[@id = "fldvendor" + row + ""]", true): Modify property of object successfully

2018-06-04 19:11:06 - [MESSAGE][PASSED] - Modify property of object successfully

2018-06-04 19:11:06 - [TEST_STEP][PASSED] - selectOptionByIndex: All options with index in [1] are selected on object ''

2018-06-04 19:11:06 - [MESSAGE][PASSED] - All options with index in [1] are selected on object ''

2018-06-04 19:11:06 - [TEST_STEP][PASSED] - delay: Delayed 2 second(s)

2018-06-04 19:11:08 - [MESSAGE][PASSED] - Delayed 2 second(s)

2018-06-04 19:11:08 - [TEST_STEP][PASSED] - Statement - batch = new com.kms.katalon.core.testobject.TestObject(): null

2018-06-04 19:11:08 - [TEST_STEP][PASSED] - Statement - batch = com.kms.katalon.core.webui.keyword.WebUiBuiltInKeywords.modifyObjectProperty(batch, "xpath", "equals", "//*[@id = "txtbthqty" + row + ""]", true): Modify property of object successfully

2018-06-04 19:11:08 - [MESSAGE][PASSED] - Modify property of object successfully

2018-06-04 19:11:08 - [TEST_STEP][PASSED] - Statement - batchqty = com.kms.katalon.core.webui.keyword.WebUiBuiltInKeywords.getAttribute(batch, "value").trim(): Attribute 'value' of object '' is: '48200'

2018-06-04 19:11:08 - [MESSAGE][PASSED] - Attribute 'value' of object '' is: '48200'

2018-06-04 19:11:08 - [TEST_STEP][PASSED] - Statement - Rqty = 100: null

2018-06-04 19:11:08 - [TEST_STEP][PASSED] - Statement - out.println("BatchQty : " + batchqty): null

2018-06-04 19:11:08 - [TEST_STEP][PASSED] - Statement - out.println("RQty : " + Rqty): null

2018-06-04 19:11:08 - [TEST_STEP][PASSED] - Statement - If (java.lang.Integer.valueOf(batchqty) >= java.lang.Integer.valueOf(Rqty)): null

2018-06-04 19:11:08 - [TEST_STEP][PASSED] - Statement - Break: null

2018-06-04 19:11:08 - [TEST_STEP][PASSED] - Statement - batchlength = new com.kms.katalon.core.testobject.TestObject(): null

2018-06-04 19:11:08 - [TEST_STEP][PASSED] - Statement - batchlength = com.kms.katalon.core.webui.keyword.WebUiBuiltInKeywords.modifyObjectProperty(batchlength, "xpath", "equals", "//*[@id = "fldvendor" + row + ""]", true): Modify property of object successfully

2018-06-04 19:11:08 - [MESSAGE][PASSED] - Modify property of object successfully

2018-06-04 19:11:08 - [TEST_STEP][PASSED] - Statement - batchsize = com.kms.katalon.core.webui.keyword.WebUiBuiltInKeywords.getNumberOfTotalOption(batchlength): 9 options of object '' counted

2018-06-04 19:11:08 - [MESSAGE][PASSED] - 9 options of object '' counted

2018-06-04 19:11:08 - [TEST_STEP][PASSED] - Statement - out.println("BatchSize : " + batchsize): null

2018-06-04 19:11:08 - [TEST_STEP][PASSED] - Statement - For ([n = 1, n <= batchsize - 1, (n++)]): null

2018-06-04 19:11:08 - [TEST_STEP][PASSED] - Statement - product = new com.kms.katalon.core.testobject.TestObject(): null

2018-06-04 19:11:08 - [TEST_STEP][PASSED] - Statement - product = com.kms.katalon.core.webui.keyword.WebUiBuiltInKeywords.modifyObjectProperty(product, "xpath", "equals", "//*[@id = "fldvendor" + row + ""]", true): Modify property of object successfully

2018-06-04 19:11:08 - [MESSAGE][PASSED] - Modify property of object successfully

2018-06-04 19:11:08 - [TEST_STEP][PASSED] - selectOptionByIndex: All options with index in [1] are selected on object ''

2018-06-04 19:11:09 - [MESSAGE][PASSED] - All options with index in [1] are selected on object ''

2018-06-04 19:11:09 - [TEST_STEP][PASSED] - delay: Delayed 2 second(s)

2018-06-04 19:11:11 - [MESSAGE][PASSED] - Delayed 2 second(s)

2018-06-04 19:11:11 - [TEST_STEP][PASSED] - Statement - batch = new com.kms.katalon.core.testobject.TestObject(): null

2018-06-04 19:11:11 - [TEST_STEP][PASSED] - Statement - batch = com.kms.katalon.core.webui.keyword.WebUiBuiltInKeywords.modifyObjectProperty(batch, "xpath", "equals", "//*[@id = "txtbthqty" + row + ""]", true): Modify property of object successfully

2018-06-04 19:11:11 - [MESSAGE][PASSED] - Modify property of object successfully

2018-06-04 19:11:11 - [TEST_STEP][PASSED] - Statement - batchqty = com.kms.katalon.core.webui.keyword.WebUiBuiltInKeywords.getAttribute(batch, "value").trim(): Attribute 'value' of object '' is: '48200'

2018-06-04 19:11:11 - [MESSAGE][PASSED] - Attribute 'value' of object '' is: '48200'

2018-06-04 19:11:11 - [TEST_STEP][PASSED] - Statement - Rqty = 100: null

2018-06-04 19:11:11 - [TEST_STEP][PASSED] - Statement - out.println("BatchQty : " + batchqty): null

2018-06-04 19:11:11 - [TEST_STEP][PASSED] - Statement - out.println("RQty : " + Rqty): null

2018-06-04 19:11:11 - [TEST_STEP][PASSED] - Statement - If (java.lang.Integer.valueOf(batchqty) >= java.lang.Integer.valueOf(Rqty)): null

2018-06-04 19:11:11 - [TEST_STEP][PASSED] - Statement - Break: null

2018-06-04 19:11:11 - [TEST_STEP][PASSED] - Statement - batchlength = new com.kms.katalon.core.testobject.TestObject(): null

2018-06-04 19:11:11 - [TEST_STEP][PASSED] - Statement - batchlength = com.kms.katalon.core.webui.keyword.WebUiBuiltInKeywords.modifyObjectProperty(batchlength, "xpath", "equals", "//*[@id = "fldvendor" + row + ""]", true): Modify property of object successfully

2018-06-04 19:11:11 - [MESSAGE][PASSED] - Modify property of object successfully

2018-06-04 19:11:11 - [TEST_STEP][PASSED] - Statement - batchsize = com.kms.katalon.core.webui.keyword.WebUiBuiltInKeywords.getNumberOfTotalOption(batchlength): 9 options of object '' counted

2018-06-04 19:11:11 - [MESSAGE][PASSED] - 9 options of object '' counted

2018-06-04 19:11:11 - [TEST_STEP][PASSED] - Statement - out.println("BatchSize : " + batchsize): null

2018-06-04 19:11:11 - [TEST_STEP][PASSED] - Statement - For ([n = 1, n <= batchsize - 1, (n++)]): null

2018-06-04 19:11:11 - [TEST_STEP][PASSED] - Statement - product = new com.kms.katalon.core.testobject.TestObject(): null

2018-06-04 19:11:11 - [TEST_STEP][PASSED] - Statement - product = com.kms.katalon.core.webui.keyword.WebUiBuiltInKeywords.modifyObjectProperty(product, "xpath", "equals", "//*[@id = "fldvendor" + row + ""]", true): Modify property of object successfully

2018-06-04 19:11:11 - [MESSAGE][PASSED] - Modify property of object successfully

2018-06-04 19:11:11 - [TEST_STEP][PASSED] - selectOptionByIndex: All options with index in [1] are selected on object ''

2018-06-04 19:11:11 - [MESSAGE][PASSED] - All options with index in [1] are selected on object ''

2018-06-04 19:11:11 - [TEST_STEP][PASSED] - delay: Delayed 2 second(s)

2018-06-04 19:11:13 - [MESSAGE][PASSED] - Delayed 2 second(s)

2018-06-04 19:11:13 - [TEST_STEP][PASSED] - Statement - batch = new com.kms.katalon.core.testobject.TestObject(): null

2018-06-04 19:11:13 - [TEST_STEP][PASSED] - Statement - batch = com.kms.katalon.core.webui.keyword.WebUiBuiltInKeywords.modifyObjectProperty(batch, "xpath", "equals", "//*[@id = "txtbthqty" + row + ""]", true): Modify property of object successfully

2018-06-04 19:11:13 - [MESSAGE][PASSED] - Modify property of object successfully

2018-06-04 19:11:13 - [TEST_STEP][PASSED] - Statement - batchqty = com.kms.katalon.core.webui.keyword.WebUiBuiltInKeywords.getAttribute(batch, "value").trim(): Attribute 'value' of object '' is: '3300'

2018-06-04 19:11:13 - [MESSAGE][PASSED] - Attribute 'value' of object '' is: '3300'

2018-06-04 19:11:13 - [TEST_STEP][PASSED] - Statement - Rqty = 100: null

2018-06-04 19:11:13 - [TEST_STEP][PASSED] - Statement - out.println("BatchQty : " + batchqty): null

2018-06-04 19:11:13 - [TEST_STEP][PASSED] - Statement - out.println("RQty : " + Rqty): null

2018-06-04 19:11:13 - [TEST_STEP][PASSED] - Statement - If (java.lang.Integer.valueOf(batchqty) >= java.lang.Integer.valueOf(Rqty)): null

2018-06-04 19:11:13 - [TEST_STEP][PASSED] - Statement - Break: null

2018-06-04 19:11:13 - [TEST_STEP][PASSED] - Statement - batchlength = new com.kms.katalon.core.testobject.TestObject(): null

2018-06-04 19:11:13 - [TEST_STEP][PASSED] - Statement - batchlength = com.kms.katalon.core.webui.keyword.WebUiBuiltInKeywords.modifyObjectProperty(batchlength, "xpath", "equals", "//*[@id = "fldvendor" + row + ""]", true): Modify property of object successfully

2018-06-04 19:11:13 - [MESSAGE][PASSED] - Modify property of object successfully

2018-06-04 19:11:13 - [TEST_STEP][PASSED] - Statement - batchsize = com.kms.katalon.core.webui.keyword.WebUiBuiltInKeywords.getNumberOfTotalOption(batchlength): 9 options of object '' counted

2018-06-04 19:11:13 - [MESSAGE][PASSED] - 9 options of object '' counted

2018-06-04 19:11:13 - [TEST_STEP][PASSED] - Statement - out.println("BatchSize : " + batchsize): null

2018-06-04 19:11:13 - [TEST_STEP][PASSED] - Statement - For ([n = 1, n <= batchsize - 1, (n++)]): null

2018-06-04 19:11:13 - [TEST_STEP][PASSED] - Statement - product = new com.kms.katalon.core.testobject.TestObject(): null

2018-06-04 19:11:13 - [TEST_STEP][PASSED] - Statement - product = com.kms.katalon.core.webui.keyword.WebUiBuiltInKeywords.modifyObjectProperty(product, "xpath", "equals", "//*[@id = "fldvendor" + row + ""]", true): Modify property of object successfully

2018-06-04 19:11:13 - [MESSAGE][PASSED] - Modify property of object successfully

2018-06-04 19:11:13 - [TEST_STEP][PASSED] - selectOptionByIndex: All options with index in [1] are selected on object ''

2018-06-04 19:11:13 - [MESSAGE][PASSED] - All options with index in [1] are selected on object ''

2018-06-04 19:11:13 - [TEST_STEP][PASSED] - delay: Delayed 2 second(s)

2018-06-04 19:11:15 - [MESSAGE][PASSED] - Delayed 2 second(s)

2018-06-04 19:11:15 - [TEST_STEP][PASSED] - Statement - batch = new com.kms.katalon.core.testobject.TestObject(): null

2018-06-04 19:11:15 - [TEST_STEP][PASSED] - Statement - batch = com.kms.katalon.core.webui.keyword.WebUiBuiltInKeywords.modifyObjectProperty(batch, "xpath", "equals", "//*[@id = "txtbthqty" + row + ""]", true): Modify property of object successfully

2018-06-04 19:11:15 - [MESSAGE][PASSED] - Modify property of object successfully

2018-06-04 19:11:15 - [TEST_STEP][PASSED] - Statement - batchqty = com.kms.katalon.core.webui.keyword.WebUiBuiltInKeywords.getAttribute(batch, "value").trim(): Attribute 'value' of object '' is: '48200'

2018-06-04 19:11:15 - [MESSAGE][PASSED] - Attribute 'value' of object '' is: '48200'

2018-06-04 19:11:15 - [TEST_STEP][PASSED] - Statement - Rqty = 100: null

2018-06-04 19:11:15 - [TEST_STEP][PASSED] - Statement - out.println("BatchQty : " + batchqty): null

2018-06-04 19:11:15 - [TEST_STEP][PASSED] - Statement - out.println("RQty : " + Rqty): null

2018-06-04 19:11:15 - [TEST_STEP][PASSED] - Statement - If (java.lang.Integer.valueOf(batchqty) >= java.lang.Integer.valueOf(Rqty)): null

2018-06-04 19:11:15 - [TEST_STEP][PASSED] - Statement - Break: null

2018-06-04 19:11:15 - [TEST_STEP][PASSED] - Statement - batchlength = new com.kms.katalon.core.testobject.TestObject(): null

2018-06-04 19:11:15 - [TEST_STEP][PASSED] - Statement - batchlength = com.kms.katalon.core.webui.keyword.WebUiBuiltInKeywords.modifyObjectProperty(batchlength, "xpath", "equals", "//*[@id = "fldvendor" + row + ""]", true): Modify property of object successfully

2018-06-04 19:11:15 - [MESSAGE][PASSED] - Modify property of object successfully

2018-06-04 19:11:15 - [TEST_STEP][PASSED] - Statement - batchsize = com.kms.katalon.core.webui.keyword.WebUiBuiltInKeywords.getNumberOfTotalOption(batchlength): 9 options of object '' counted

2018-06-04 19:11:15 - [MESSAGE][PASSED] - 9 options of object '' counted

2018-06-04 19:11:15 - [TEST_STEP][PASSED] - Statement - out.println("BatchSize : " + batchsize): null

2018-06-04 19:11:15 - [TEST_STEP][PASSED] - Statement - For ([n = 1, n <= batchsize - 1, (n++)]): null

2018-06-04 19:11:15 - [TEST_STEP][PASSED] - Statement - product = new com.kms.katalon.core.testobject.TestObject(): null

2018-06-04 19:11:15 - [TEST_STEP][PASSED] - Statement - product = com.kms.katalon.core.webui.keyword.WebUiBuiltInKeywords.modifyObjectProperty(product, "xpath", "equals", "//*[@id = "fldvendor" + row + ""]", true): Modify property of object successfully

2018-06-04 19:11:15 - [MESSAGE][PASSED] - Modify property of object successfully

2018-06-04 19:11:15 - [TEST_STEP][PASSED] - selectOptionByIndex: All options with index in [1] are selected on object ''

2018-06-04 19:11:15 - [MESSAGE][PASSED] - All options with index in [1] are selected on object ''

2018-06-04 19:11:15 - [TEST_STEP][PASSED] - delay: Delayed 2 second(s)

2018-06-04 19:11:17 - [MESSAGE][PASSED] - Delayed 2 second(s)

2018-06-04 19:11:17 - [TEST_STEP][PASSED] - Statement - batch = new com.kms.katalon.core.testobject.TestObject(): null

2018-06-04 19:11:17 - [TEST_STEP][PASSED] - Statement - batch = com.kms.katalon.core.webui.keyword.WebUiBuiltInKeywords.modifyObjectProperty(batch, "xpath", "equals", "//*[@id = "txtbthqty" + row + ""]", true): Modify property of object successfully

2018-06-04 19:11:17 - [MESSAGE][PASSED] - Modify property of object successfully

2018-06-04 19:11:17 - [TEST_STEP][PASSED] - Statement - batchqty = com.kms.katalon.core.webui.keyword.WebUiBuiltInKeywords.getAttribute(batch, "value").trim(): Attribute 'value' of object '' is: '3300'

2018-06-04 19:11:17 - [MESSAGE][PASSED] - Attribute 'value' of object '' is: '3300'

2018-06-04 19:11:17 - [TEST_STEP][PASSED] - Statement - Rqty = 100: null

2018-06-04 19:11:17 - [TEST_STEP][PASSED] - Statement - out.println("BatchQty : " + batchqty): null

2018-06-04 19:11:17 - [TEST_STEP][PASSED] - Statement - out.println("RQty : " + Rqty): null

2018-06-04 19:11:17 - [TEST_STEP][PASSED] - Statement - If (java.lang.Integer.valueOf(batchqty) >= java.lang.Integer.valueOf(Rqty)): null

2018-06-04 19:11:17 - [TEST_STEP][PASSED] - Statement - Break: null

2018-06-04 19:11:17 - [TEST_STEP][PASSED] - Statement - batchlength = new com.kms.katalon.core.testobject.TestObject(): null

2018-06-04 19:11:17 - [TEST_STEP][PASSED] - Statement - batchlength = com.kms.katalon.core.webui.keyword.WebUiBuiltInKeywords.modifyObjectProperty(batchlength, "xpath", "equals", "//*[@id = "fldvendor" + row + ""]", true): Modify property of object successfully

2018-06-04 19:11:17 - [MESSAGE][PASSED] - Modify property of object successfully

2018-06-04 19:11:17 - [TEST_STEP][PASSED] - Statement - batchsize = com.kms.katalon.core.webui.keyword.WebUiBuiltInKeywords.getNumberOfTotalOption(batchlength): 9 options of object '' counted

2018-06-04 19:11:17 - [MESSAGE][PASSED] - 9 options of object '' counted

2018-06-04 19:11:17 - [TEST_STEP][PASSED] - Statement - out.println("BatchSize : " + batchsize): null

2018-06-04 19:11:17 - [TEST_STEP][PASSED] - Statement - For ([n = 1, n <= batchsize - 1, (n++)]): null

2018-06-04 19:11:17 - [TEST_STEP][PASSED] - Statement - product = new com.kms.katalon.core.testobject.TestObject(): null

2018-06-04 19:11:17 - [TEST_STEP][PASSED] - Statement - product = com.kms.katalon.core.webui.keyword.WebUiBuiltInKeywords.modifyObjectProperty(product, "xpath", "equals", "//*[@id = "fldvendor" + row + ""]", true): Modify property of object successfully

2018-06-04 19:11:17 - [MESSAGE][PASSED] - Modify property of object successfully

2018-06-04 19:11:17 - [TEST_STEP][PASSED] - selectOptionByIndex: All options with index in [1] are selected on object ''

2018-06-04 19:11:18 - [MESSAGE][PASSED] - All options with index in [1] are selected on object ''

2018-06-04 19:11:18 - [TEST_STEP][PASSED] - delay: Delayed 2 second(s)

2018-06-04 19:11:20 - [MESSAGE][PASSED] - Delayed 2 second(s)

2018-06-04 19:11:20 - [TEST_STEP][PASSED] - Statement - batch = new com.kms.katalon.core.testobject.TestObject(): null

2018-06-04 19:11:20 - [TEST_STEP][PASSED] - Statement - batch = com.kms.katalon.core.webui.keyword.WebUiBuiltInKeywords.modifyObjectProperty(batch, "xpath", "equals", "//*[@id = "txtbthqty" + row + ""]", true): Modify property of object successfully

2018-06-04 19:11:20 - [MESSAGE][PASSED] - Modify property of object successfully

2018-06-04 19:11:20 - [TEST_STEP][PASSED] - Statement - batchqty = com.kms.katalon.core.webui.keyword.WebUiBuiltInKeywords.getAttribute(batch, "value").trim(): Attribute 'value' of object '' is: '4300'

2018-06-04 19:11:20 - [MESSAGE][PASSED] - Attribute 'value' of object '' is: '4300'

2018-06-04 19:11:20 - [TEST_STEP][PASSED] - Statement - Rqty = 100: null

2018-06-04 19:11:20 - [TEST_STEP][PASSED] - Statement - out.println("BatchQty : " + batchqty): null

2018-06-04 19:11:20 - [TEST_STEP][PASSED] - Statement - out.println("RQty : " + Rqty): null

2018-06-04 19:11:20 - [TEST_STEP][PASSED] - Statement - If (java.lang.Integer.valueOf(batchqty) >= java.lang.Integer.valueOf(Rqty)): null

2018-06-04 19:11:20 - [TEST_STEP][PASSED] - Statement - Break: null

2018-06-04 19:11:20 - [TEST_STEP][PASSED] - Statement - batchlength = new com.kms.katalon.core.testobject.TestObject(): null

2018-06-04 19:11:20 - [TEST_STEP][PASSED] - Statement - batchlength = com.kms.katalon.core.webui.keyword.WebUiBuiltInKeywords.modifyObjectProperty(batchlength, "xpath", "equals", "//*[@id = "fldvendor" + row + ""]", true): Modify property of object successfully

2018-06-04 19:11:20 - [MESSAGE][PASSED] - Modify property of object successfully

2018-06-04 19:11:20 - [TEST_STEP][PASSED] - Statement - batchsize = com.kms.katalon.core.webui.keyword.WebUiBuiltInKeywords.getNumberOfTotalOption(batchlength): 9 options of object '' counted

2018-06-04 19:11:20 - [MESSAGE][PASSED] - 9 options of object '' counted

2018-06-04 19:11:20 - [TEST_STEP][PASSED] - Statement - out.println("BatchSize : " + batchsize): null

2018-06-04 19:11:20 - [TEST_STEP][PASSED] - Statement - For ([n = 1, n <= batchsize - 1, (n++)]): null

2018-06-04 19:11:20 - [TEST_STEP][PASSED] - Statement - product = new com.kms.katalon.core.testobject.TestObject(): null

2018-06-04 19:11:20 - [TEST_STEP][PASSED] - Statement - product = com.kms.katalon.core.webui.keyword.WebUiBuiltInKeywords.modifyObjectProperty(product, "xpath", "equals", "//*[@id = "fldvendor" + row + ""]", true): Modify property of object successfully

2018-06-04 19:11:20 - [MESSAGE][PASSED] - Modify property of object successfully

2018-06-04 19:11:20 - [TEST_STEP][PASSED] - selectOptionByIndex: All options with index in [1] are selected on object ''

2018-06-04 19:11:20 - [MESSAGE][PASSED] - All options with index in [1] are selected on object ''

2018-06-04 19:11:20 - [TEST_STEP][PASSED] - delay: Delayed 2 second(s)

2018-06-04 19:11:22 - [MESSAGE][PASSED] - Delayed 2 second(s)

2018-06-04 19:11:22 - [TEST_STEP][PASSED] - Statement - batch = new com.kms.katalon.core.testobject.TestObject(): null

2018-06-04 19:11:22 - [TEST_STEP][PASSED] - Statement - batch = com.kms.katalon.core.webui.keyword.WebUiBuiltInKeywords.modifyObjectProperty(batch, "xpath", "equals", "//*[@id = "txtbthqty" + row + ""]", true): Modify property of object successfully

2018-06-04 19:11:22 - [MESSAGE][PASSED] - Modify property of object successfully

2018-06-04 19:11:22 - [TEST_STEP][PASSED] - Statement - batchqty = com.kms.katalon.core.webui.keyword.WebUiBuiltInKeywords.getAttribute(batch, "value").trim(): Attribute 'value' of object '' is: '2300'

2018-06-04 19:11:22 - [MESSAGE][PASSED] - Attribute 'value' of object '' is: '2300'

2018-06-04 19:11:22 - [TEST_STEP][PASSED] - Statement - Rqty = 100: null

2018-06-04 19:11:22 - [TEST_STEP][PASSED] - Statement - out.println("BatchQty : " + batchqty): null

2018-06-04 19:11:22 - [TEST_STEP][PASSED] - Statement - out.println("RQty : " + Rqty): null

2018-06-04 19:11:22 - [TEST_STEP][PASSED] - Statement - If (java.lang.Integer.valueOf(batchqty) >= java.lang.Integer.valueOf(Rqty)): null

2018-06-04 19:11:22 - [TEST_STEP][PASSED] - Statement - Break: null

2018-06-04 19:11:22 - [TEST_STEP][PASSED] - Statement - batchlength = new com.kms.katalon.core.testobject.TestObject(): null

2018-06-04 19:11:22 - [TEST_STEP][PASSED] - Statement - batchlength = com.kms.katalon.core.webui.keyword.WebUiBuiltInKeywords.modifyObjectProperty(batchlength, "xpath", "equals", "//*[@id = "fldvendor" + row + ""]", true): Modify property of object successfully

2018-06-04 19:11:22 - [MESSAGE][PASSED] - Modify property of object successfully

2018-06-04 19:11:22 - [TEST_STEP][PASSED] - Statement - batchsize = com.kms.katalon.core.webui.keyword.WebUiBuiltInKeywords.getNumberOfTotalOption(batchlength): 9 options of object '' counted

2018-06-04 19:11:22 - [MESSAGE][PASSED] - 9 options of object '' counted

2018-06-04 19:11:22 - [TEST_STEP][PASSED] - Statement - out.println("BatchSize : " + batchsize): null

2018-06-04 19:11:22 - [TEST_STEP][PASSED] - Statement - For ([n = 1, n <= batchsize - 1, (n++)]): null

2018-06-04 19:11:22 - [TEST_STEP][PASSED] - Statement - product = new com.kms.katalon.core.testobject.TestObject(): null

2018-06-04 19:11:22 - [TEST_STEP][PASSED] - Statement - product = com.kms.katalon.core.webui.keyword.WebUiBuiltInKeywords.modifyObjectProperty(product, "xpath", "equals", "//*[@id = "fldvendor" + row + ""]", true): Modify property of object successfully

2018-06-04 19:11:22 - [MESSAGE][PASSED] - Modify property of object successfully

2018-06-04 19:11:22 - [TEST_STEP][PASSED] - selectOptionByIndex: All options with index in [1] are selected on object ''

2018-06-04 19:11:22 - [MESSAGE][PASSED] - All options with index in [1] are selected on object ''

2018-06-04 19:11:22 - [TEST_STEP][PASSED] - delay: Delayed 2 second(s)

2018-06-04 19:11:24 - [MESSAGE][PASSED] - Delayed 2 second(s)

2018-06-04 19:11:24 - [TEST_STEP][PASSED] - Statement - batch = new com.kms.katalon.core.testobject.TestObject(): null

2018-06-04 19:11:24 - [TEST_STEP][PASSED] - Statement - batch = com.kms.katalon.core.webui.keyword.WebUiBuiltInKeywords.modifyObjectProperty(batch, "xpath", "equals", "//*[@id = "txtbthqty" + row + ""]", true): Modify property of object successfully

2018-06-04 19:11:24 - [MESSAGE][PASSED] - Modify property of object successfully

2018-06-04 19:11:24 - [TEST_STEP][PASSED] - Statement - batchqty = com.kms.katalon.core.webui.keyword.WebUiBuiltInKeywords.getAttribute(batch, "value").trim(): Attribute 'value' of object '' is: '4200'

2018-06-04 19:11:24 - [MESSAGE][PASSED] - Attribute 'value' of object '' is: '4200'

2018-06-04 19:11:24 - [TEST_STEP][PASSED] - Statement - Rqty = 100: null

2018-06-04 19:11:24 - [TEST_STEP][PASSED] - Statement - out.println("BatchQty : " + batchqty): null

2018-06-04 19:11:24 - [TEST_STEP][PASSED] - Statement - out.println("RQty : " + Rqty): null

2018-06-04 19:11:24 - [TEST_STEP][PASSED] - Statement - If (java.lang.Integer.valueOf(batchqty) >= java.lang.Integer.valueOf(Rqty)): null

2018-06-04 19:11:24 - [TEST_STEP][PASSED] - Statement - Break: null

2018-06-04 19:11:24 - [TEST_STEP][PASSED] - Statement - batchlength = new com.kms.katalon.core.testobject.TestObject(): null

2018-06-04 19:11:24 - [TEST_STEP][PASSED] - Statement - batchlength = com.kms.katalon.core.webui.keyword.WebUiBuiltInKeywords.modifyObjectProperty(batchlength, "xpath", "equals", "//*[@id = "fldvendor" + row + ""]", true): Modify property of object successfully

2018-06-04 19:11:24 - [MESSAGE][PASSED] - Modify property of object successfully

2018-06-04 19:11:24 - [TEST_STEP][PASSED] - Statement - batchsize = com.kms.katalon.core.webui.keyword.WebUiBuiltInKeywords.getNumberOfTotalOption(batchlength): 9 options of object '' counted

2018-06-04 19:11:24 - [MESSAGE][PASSED] - 9 options of object '' counted

2018-06-04 19:11:24 - [TEST_STEP][PASSED] - Statement - out.println("BatchSize : " + batchsize): null

2018-06-04 19:11:24 - [TEST_STEP][PASSED] - Statement - For ([n = 1, n <= batchsize - 1, (n++)]): null

2018-06-04 19:11:24 - [TEST_STEP][PASSED] - Statement - product = new com.kms.katalon.core.testobject.TestObject(): null

2018-06-04 19:11:24 - [TEST_STEP][PASSED] - Statement - product = com.kms.katalon.core.webui.keyword.WebUiBuiltInKeywords.modifyObjectProperty(product, "xpath", "equals", "//*[@id = "fldvendor" + row + ""]", true): Modify property of object successfully

2018-06-04 19:11:24 - [MESSAGE][PASSED] - Modify property of object successfully

2018-06-04 19:11:24 - [TEST_STEP][PASSED] - selectOptionByIndex: All options with index in [1] are selected on object ''

2018-06-04 19:11:24 - [MESSAGE][PASSED] - All options with index in [1] are selected on object ''

2018-06-04 19:11:24 - [TEST_STEP][PASSED] - delay: Delayed 2 second(s)

2018-06-04 19:11:26 - [MESSAGE][PASSED] - Delayed 2 second(s)

2018-06-04 19:11:26 - [TEST_STEP][PASSED] - Statement - batch = new com.kms.katalon.core.testobject.TestObject(): null

2018-06-04 19:11:26 - [TEST_STEP][PASSED] - Statement - batch = com.kms.katalon.core.webui.keyword.WebUiBuiltInKeywords.modifyObjectProperty(batch, "xpath", "equals", "//*[@id = "txtbthqty" + row + ""]", true): Modify property of object successfully

2018-06-04 19:11:26 - [MESSAGE][PASSED] - Modify property of object successfully

2018-06-04 19:11:26 - [TEST_STEP][PASSED] - Statement - batchqty = com.kms.katalon.core.webui.keyword.WebUiBuiltInKeywords.getAttribute(batch, "value").trim(): Attribute 'value' of object '' is: '4200'

2018-06-04 19:11:26 - [MESSAGE][PASSED] - Attribute 'value' of object '' is: '4200'

2018-06-04 19:11:26 - [TEST_STEP][PASSED] - Statement - Rqty = 100: null

2018-06-04 19:11:26 - [TEST_STEP][PASSED] - Statement - out.println("BatchQty : " + batchqty): null

2018-06-04 19:11:26 - [TEST_STEP][PASSED] - Statement - out.println("RQty : " + Rqty): null

2018-06-04 19:11:26 - [TEST_STEP][PASSED] - Statement - If (java.lang.Integer.valueOf(batchqty) >= java.lang.Integer.valueOf(Rqty)): null

2018-06-04 19:11:26 - [TEST_STEP][PASSED] - Statement - Break: null

2018-06-04 19:11:26 - [TEST_STEP][PASSED] - Statement - batchlength = new com.kms.katalon.core.testobject.TestObject(): null

2018-06-04 19:11:26 - [TEST_STEP][PASSED] - Statement - batchlength = com.kms.katalon.core.webui.keyword.WebUiBuiltInKeywords.modifyObjectProperty(batchlength, "xpath", "equals", "//*[@id = "fldvendor" + row + ""]", true): Modify property of object successfully

2018-06-04 19:11:26 - [MESSAGE][PASSED] - Modify property of object successfully

2018-06-04 19:11:26 - [TEST_STEP][PASSED] - Statement - batchsize = com.kms.katalon.core.webui.keyword.WebUiBuiltInKeywords.getNumberOfTotalOption(batchlength): 8 options of object '' counted

2018-06-04 19:11:26 - [MESSAGE][PASSED] - 8 options of object '' counted

2018-06-04 19:11:26 - [TEST_STEP][PASSED] - Statement - out.println("BatchSize : " + batchsize): null

2018-06-04 19:11:26 - [TEST_STEP][PASSED] - Statement - For ([n = 1, n <= batchsize - 1, (n++)]): null

2018-06-04 19:11:26 - [TEST_STEP][PASSED] - Statement - product = new com.kms.katalon.core.testobject.TestObject(): null

2018-06-04 19:11:26 - [TEST_STEP][PASSED] - Statement - product = com.kms.katalon.core.webui.keyword.WebUiBuiltInKeywords.modifyObjectProperty(product, "xpath", "equals", "//*[@id = "fldvendor" + row + ""]", true): Modify property of object successfully

2018-06-04 19:11:26 - [MESSAGE][PASSED] - Modify property of object successfully

2018-06-04 19:11:26 - [TEST_STEP][PASSED] - selectOptionByIndex: All options with index in [1] are selected on object ''

2018-06-04 19:11:27 - [MESSAGE][PASSED] - All options with index in [1] are selected on object ''

2018-06-04 19:11:27 - [TEST_STEP][PASSED] - delay: Delayed 2 second(s)

2018-06-04 19:11:29 - [MESSAGE][PASSED] - Delayed 2 second(s)

2018-06-04 19:11:29 - [TEST_STEP][PASSED] - Statement - batch = new com.kms.katalon.core.testobject.TestObject(): null

2018-06-04 19:11:29 - [TEST_STEP][PASSED] - Statement - batch = com.kms.katalon.core.webui.keyword.WebUiBuiltInKeywords.modifyObjectProperty(batch, "xpath", "equals", "//*[@id = "txtbthqty" + row + ""]", true): Modify property of object successfully

2018-06-04 19:11:29 - [MESSAGE][PASSED] - Modify property of object successfully

2018-06-04 19:11:29 - [TEST_STEP][PASSED] - Statement - batchqty = com.kms.katalon.core.webui.keyword.WebUiBuiltInKeywords.getAttribute(batch, "value").trim(): Attribute 'value' of object '' is: '48700'

2018-06-04 19:11:29 - [MESSAGE][PASSED] - Attribute 'value' of object '' is: '48700'

2018-06-04 19:11:29 - [TEST_STEP][PASSED] - Statement - Rqty = 100: null

2018-06-04 19:11:29 - [TEST_STEP][PASSED] - Statement - out.println("BatchQty : " + batchqty): null

2018-06-04 19:11:29 - [TEST_STEP][PASSED] - Statement - out.println("RQty : " + Rqty): null

2018-06-04 19:11:29 - [TEST_STEP][PASSED] - Statement - If (java.lang.Integer.valueOf(batchqty) >= java.lang.Integer.valueOf(Rqty)): null

2018-06-04 19:11:29 - [TEST_STEP][PASSED] - Statement - Break: null

2018-06-04 19:11:29 - [TEST_STEP][PASSED] - Statement - batchlength = new com.kms.katalon.core.testobject.TestObject(): null

2018-06-04 19:11:29 - [TEST_STEP][PASSED] - Statement - batchlength = com.kms.katalon.core.webui.keyword.WebUiBuiltInKeywords.modifyObjectProperty(batchlength, "xpath", "equals", "//*[@id = "fldvendor" + row + ""]", true): Modify property of object successfully

2018-06-04 19:11:29 - [MESSAGE][PASSED] - Modify property of object successfully

2018-06-04 19:11:29 - [TEST_STEP][PASSED] - Statement - batchsize = com.kms.katalon.core.webui.keyword.WebUiBuiltInKeywords.getNumberOfTotalOption(batchlength): 9 options of object '' counted

2018-06-04 19:11:29 - [MESSAGE][PASSED] - 9 options of object '' counted

2018-06-04 19:11:29 - [TEST_STEP][PASSED] - Statement - out.println("BatchSize : " + batchsize): null

2018-06-04 19:11:29 - [TEST_STEP][PASSED] - Statement - For ([n = 1, n <= batchsize - 1, (n++)]): null

2018-06-04 19:11:29 - [TEST_STEP][PASSED] - Statement - product = new com.kms.katalon.core.testobject.TestObject(): null

2018-06-04 19:11:29 - [TEST_STEP][PASSED] - Statement - product = com.kms.katalon.core.webui.keyword.WebUiBuiltInKeywords.modifyObjectProperty(product, "xpath", "equals", "//*[@id = "fldvendor" + row + ""]", true): Modify property of object successfully

2018-06-04 19:11:29 - [MESSAGE][PASSED] - Modify property of object successfully

2018-06-04 19:11:29 - [TEST_STEP][PASSED] - selectOptionByIndex: All options with index in [1] are selected on object ''

2018-06-04 19:11:29 - [MESSAGE][PASSED] - All options with index in [1] are selected on object ''

2018-06-04 19:11:29 - [TEST_STEP][PASSED] - delay: Delayed 2 second(s)

2018-06-04 19:11:31 - [MESSAGE][PASSED] - Delayed 2 second(s)

2018-06-04 19:11:31 - [TEST_STEP][PASSED] - Statement - batch = new com.kms.katalon.core.testobject.TestObject(): null

2018-06-04 19:11:31 - [TEST_STEP][PASSED] - Statement - batch = com.kms.katalon.core.webui.keyword.WebUiBuiltInKeywords.modifyObjectProperty(batch, "xpath", "equals", "//*[@id = "txtbthqty" + row + ""]", true): Modify property of object successfully

2018-06-04 19:11:31 - [MESSAGE][PASSED] - Modify property of object successfully

2018-06-04 19:11:31 - [TEST_STEP][PASSED] - Statement - batchqty = com.kms.katalon.core.webui.keyword.WebUiBuiltInKeywords.getAttribute(batch, "value").trim(): Attribute 'value' of object '' is: '2300'

2018-06-04 19:11:31 - [MESSAGE][PASSED] - Attribute 'value' of object '' is: '2300'

2018-06-04 19:11:31 - [TEST_STEP][PASSED] - Statement - Rqty = 100: null

2018-06-04 19:11:31 - [TEST_STEP][PASSED] - Statement - out.println("BatchQty : " + batchqty): null

2018-06-04 19:11:31 - [TEST_STEP][PASSED] - Statement - out.println("RQty : " + Rqty): null

2018-06-04 19:11:31 - [TEST_STEP][PASSED] - Statement - If (java.lang.Integer.valueOf(batchqty) >= java.lang.Integer.valueOf(Rqty)): null

2018-06-04 19:11:31 - [TEST_STEP][PASSED] - Statement - Break: null

2018-06-04 19:11:31 - [TEST_STEP][PASSED] - Statement - batchlength = new com.kms.katalon.core.testobject.TestObject(): null

2018-06-04 19:11:31 - [TEST_STEP][PASSED] - Statement - batchlength = com.kms.katalon.core.webui.keyword.WebUiBuiltInKeywords.modifyObjectProperty(batchlength, "xpath", "equals", "//*[@id = "fldvendor" + row + ""]", true): Modify property of object successfully

2018-06-04 19:11:31 - [MESSAGE][PASSED] - Modify property of object successfully

2018-06-04 19:11:31 - [TEST_STEP][PASSED] - Statement - batchsize = com.kms.katalon.core.webui.keyword.WebUiBuiltInKeywords.getNumberOfTotalOption(batchlength): 9 options of object '' counted

2018-06-04 19:11:31 - [MESSAGE][PASSED] - 9 options of object '' counted

2018-06-04 19:11:31 - [TEST_STEP][PASSED] - Statement - out.println("BatchSize : " + batchsize): null

2018-06-04 19:11:31 - [TEST_STEP][PASSED] - Statement - For ([n = 1, n <= batchsize - 1, (n++)]): null

2018-06-04 19:11:31 - [TEST_STEP][PASSED] - Statement - product = new com.kms.katalon.core.testobject.TestObject(): null

2018-06-04 19:11:31 - [TEST_STEP][PASSED] - Statement - product = com.kms.katalon.core.webui.keyword.WebUiBuiltInKeywords.modifyObjectProperty(product, "xpath", "equals", "//*[@id = "fldvendor" + row + ""]", true): Modify property of object successfully

2018-06-04 19:11:31 - [MESSAGE][PASSED] - Modify property of object successfully

2018-06-04 19:11:31 - [TEST_STEP][PASSED] - selectOptionByIndex: All options with index in [1] are selected on object ''

2018-06-04 19:11:31 - [MESSAGE][PASSED] - All options with index in [1] are selected on object ''

2018-06-04 19:11:31 - [TEST_STEP][PASSED] - delay: Delayed 2 second(s)

2018-06-04 19:11:33 - [MESSAGE][PASSED] - Delayed 2 second(s)

2018-06-04 19:11:33 - [TEST_STEP][PASSED] - Statement - batch = new com.kms.katalon.core.testobject.TestObject(): null

2018-06-04 19:11:33 - [TEST_STEP][PASSED] - Statement - batch = com.kms.katalon.core.webui.keyword.WebUiBuiltInKeywords.modifyObjectProperty(batch, "xpath", "equals", "//*[@id = "txtbthqty" + row + ""]", true): Modify property of object successfully

2018-06-04 19:11:33 - [MESSAGE][PASSED] - Modify property of object successfully

2018-06-04 19:11:33 - [TEST_STEP][PASSED] - Statement - batchqty = com.kms.katalon.core.webui.keyword.WebUiBuiltInKeywords.getAttribute(batch, "value").trim(): Attribute 'value' of object '' is: '3300'

2018-06-04 19:11:33 - [MESSAGE][PASSED] - Attribute 'value' of object '' is: '3300'

2018-06-04 19:11:33 - [TEST_STEP][PASSED] - Statement - Rqty = 100: null

2018-06-04 19:11:33 - [TEST_STEP][PASSED] - Statement - out.println("BatchQty : " + batchqty): null

2018-06-04 19:11:33 - [TEST_STEP][PASSED] - Statement - out.println("RQty : " + Rqty): null

2018-06-04 19:11:33 - [TEST_STEP][PASSED] - Statement - If (java.lang.Integer.valueOf(batchqty) >= java.lang.Integer.valueOf(Rqty)): null

2018-06-04 19:11:33 - [TEST_STEP][PASSED] - Statement - Break: null

2018-06-04 19:11:33 - [TEST_STEP][PASSED] - click: Object: 'Object Repository/store Request Schedule 1/Page_KDMC - CMS/input_btndispatch' is clicked on

2018-06-04 19:11:33 - [MESSAGE][PASSED] - Object: 'Object Repository/store Request Schedule 1/Page_KDMC - CMS/input_btndispatch' is clicked on

2018-06-04 19:11:33 - [TEST_STEP][PASSED] - delay: Delayed 3 second(s)

2018-06-04 19:11:36 - [MESSAGE][PASSED] - Delayed 3 second(s)

2018-06-04 19:11:36 - [TEST_STEP][PASSED] - click: Object: 'Object Repository/store Request Schedule 1/Page_KDMC - CMS/button_OK' is clicked on

2018-06-04 19:11:37 - [MESSAGE][PASSED] - Object: 'Object Repository/store Request Schedule 1/Page_KDMC - CMS/button_OK' is clicked on

2018-06-04 19:11:37 - [TEST_STEP][PASSED] - waitForElementVisible: Web element with id: 'Object Repository/store Request Schedule 1/Page_KDMC - CMS/button_OK' located by 'By.xpath: /html/body/div[9]/div/div/div[2]/button[count(. | //button[@type = 'button' and @class = 'btn btn-primary' and (text() = 'OK' or . = 'OK')]) = count(//button[@type = 'button' and @class = 'btn btn-primary' and (text() = 'OK' or . = 'OK')])]' not found

2018-06-04 19:11:57 - [MESSAGE][WARNING] - Web element with id: 'Object Repository/store Request Schedule 1/Page_KDMC - CMS/button_OK' located by 'By.xpath: /html/body/div[9]/div/div/div[2]/button[count(. | //button[@type = 'button' and @class = 'btn btn-primary' and (text() = 'OK' or . = 'OK')]) = count(//button[@type = 'button' and @class = 'btn btn-primary' and (text() = 'OK' or . = 'OK')])]' not found

2018-06-04 19:11:57 - [TEST_STEP][PASSED] - click: Object: 'Object Repository/store Request Schedule 1/Page_KDMC - CMS/a_dropdown-toggle' is clicked on

2018-06-04 19:11:58 - [MESSAGE][PASSED] - Object: 'Object Repository/store Request Schedule 1/Page_KDMC - CMS/a_dropdown-toggle' is clicked on

2018-06-04 19:11:58 - [TEST_STEP][PASSED] - click: Object: 'Object Repository/store Request Schedule 1/Page_KDMC - CMS/a_Sign out' is clicked on

2018-06-04 19:11:58 - [MESSAGE][PASSED] - Object: 'Object Repository/store Request Schedule 1/Page_KDMC - CMS/a_Sign out' is clicked on

2018-06-04 19:11:58 - [TEST_STEP][PASSED] - delay: Delayed 3 second(s)

2018-06-04 19:12:01 - [MESSAGE][PASSED] - Delayed 3 second(s)

2018-06-04 19:12:01 - [TEST_STEP][PASSED] - click: Object: 'Object Repository/Store Request Schedule 1/Page_KDMC/a_Divisional Store' is clicked on

2018-06-04 19:12:01 - [MESSAGE][PASSED] - Object: 'Object Repository/Store Request Schedule 1/Page_KDMC/a_Divisional Store' is clicked on

2018-06-04 19:12:01 - [TEST_STEP][PASSED] - setText: Text 'ragu' is set on object 'Object Repository/Store Request Schedule 1/Page_Divisonal Store Login/input_txtusername'

2018-06-04 19:12:02 - [MESSAGE][PASSED] - Text 'ragu' is set on object 'Object Repository/Store Request Schedule 1/Page_Divisonal Store Login/input_txtusername'

2018-06-04 19:12:02 - [TEST_STEP][PASSED] - setText: Text '123' is set on object 'Object Repository/Store Request Schedule 1/Page_Divisonal Store Login/input_txtpassword'

2018-06-04 19:12:02 - [MESSAGE][PASSED] - Text '123' is set on object 'Object Repository/Store Request Schedule 1/Page_Divisonal Store Login/input_txtpassword'

2018-06-04 19:12:02 - [TEST_STEP][PASSED] - delay: Delayed 3 second(s)

2018-06-04 19:12:05 - [MESSAGE][PASSED] - Delayed 3 second(s)

2018-06-04 19:12:05 - [TEST_STEP][PASSED] - click: Object: 'Object Repository/Store Request Schedule 1/Page_Divisonal Store Login/button_Sign in' is clicked on

2018-06-04 19:12:06 - [MESSAGE][PASSED] - Object: 'Object Repository/Store Request Schedule 1/Page_Divisonal Store Login/button_Sign in' is clicked on

2018-06-04 19:12:06 - [TEST_STEP][PASSED] - delay: Delayed 3 second(s)

2018-06-04 19:12:09 - [MESSAGE][PASSED] - Delayed 3 second(s)

2018-06-04 19:12:09 - [TEST_STEP][PASSED] - click: Object: 'Object Repository/Store Request Schedule 1/Page_Store/a_CMS' is clicked on

2018-06-04 19:12:09 - [MESSAGE][PASSED] - Object: 'Object Repository/Store Request Schedule 1/Page_Store/a_CMS' is clicked on

2018-06-04 19:12:09 - [TEST_STEP][PASSED] - delay: Delayed 2 second(s)

2018-06-04 19:12:11 - [MESSAGE][PASSED] - Delayed 2 second(s)

2018-06-04 19:12:11 - [TEST_STEP][PASSED] - click: Object: 'Object Repository/Store Request Schedule 1/Page_Store/a_Receiving Goods' is clicked on

2018-06-04 19:12:12 - [MESSAGE][PASSED] - Object: 'Object Repository/Store Request Schedule 1/Page_Store/a_Receiving Goods' is clicked on

2018-06-04 19:12:12 - [TEST_STEP][PASSED] - setText: Text 'PRNO/04062018/598' is set on object 'Object Repository/Store Request Schedule 1/Page_Store/input'

2018-06-04 19:12:12 - [MESSAGE][PASSED] - Text 'PRNO/04062018/598' is set on object 'Object Repository/Store Request Schedule 1/Page_Store/input'

2018-06-04 19:12:12 - [TEST_STEP][PASSED] - click: Object: 'Object Repository/Store Request Schedule 1/Page_Store/input_btn btn-primary' is clicked on

2018-06-04 19:12:12 - [MESSAGE][PASSED] - Object: 'Object Repository/Store Request Schedule 1/Page_Store/input_btn btn-primary' is clicked on

2018-06-04 19:12:12 - [TEST_STEP][PASSED] - delay: Delayed 2 second(s)

2018-06-04 19:12:14 - [MESSAGE][PASSED] - Delayed 2 second(s)

2018-06-04 19:12:14 - [TEST_STEP][PASSED] - click: Object: 'Object Repository/Store Request Schedule 1/Page_Store/input_chkrem' is clicked on

2018-06-04 19:12:15 - [MESSAGE][PASSED] - Object: 'Object Repository/Store Request Schedule 1/Page_Store/input_chkrem' is clicked on

2018-06-04 19:12:15 - [TEST_STEP][PASSED] - scrollToElement: Scroll to object 'Object Repository/Store Request Schedule 1/Page_Store/input_btchkroqadd' successfully

2018-06-04 19:12:15 - [MESSAGE][PASSED] - Scroll to object 'Object Repository/Store Request Schedule 1/Page_Store/input_btchkroqadd' successfully

2018-06-04 19:12:15 - [TEST_STEP][PASSED] - click: Object: 'Object Repository/Store Request Schedule 1/Page_Store/input_btchkroqadd' is clicked on

2018-06-04 19:12:15 - [MESSAGE][PASSED] - Object: 'Object Repository/Store Request Schedule 1/Page_Store/input_btchkroqadd' is clicked on

2018-06-04 19:12:15 - [TEST_STEP][PASSED] - delay: Delayed 2 second(s)

2018-06-04 19:12:17 - [MESSAGE][PASSED] - Delayed 2 second(s)

2018-06-04 19:12:17 - [TEST_STEP][PASSED] - refresh: Refresh successfully

2018-06-04 19:12:17 - [MESSAGE][PASSED] - Refresh successfully

2018-06-04 19:12:17 - [TEST_STEP][PASSED] - delay: Delayed 3 second(s)

2018-06-04 19:12:20 - [MESSAGE][PASSED] - Delayed 3 second(s)

2018-06-04 19:12:20 - [TEST_STEP][PASSED] - click: Object: 'Object Repository/Store Request Schedule 1/Page_Store/a_dropdown-toggle' is clicked on

2018-06-04 19:12:20 - [MESSAGE][PASSED] - Object: 'Object Repository/Store Request Schedule 1/Page_Store/a_dropdown-toggle' is clicked on

2018-06-04 19:12:20 - [TEST_STEP][PASSED] - click: Object: 'Object Repository/Store Request Schedule 1/Page_Store/a_Sign out' is clicked on

2018-06-04 19:12:21 - [MESSAGE][PASSED] - Object: 'Object Repository/Store Request Schedule 1/Page_Store/a_Sign out' is clicked on

2018-06-04 19:12:21 - [TEST_STEP][PASSED] - closeBrowser: Browser is closed

2018-06-04 19:12:22 - [MESSAGE][PASSED] - Browser is closed

2018-06-04 19:12:22 - [TEST_STEP][PASSED] - Statement - out.println("Schedule 10 STORE Request Are Working Successfully"): null]]></system-out>
         <system-err><![CDATA[]]></system-err>
      </testcase>
      <testcase name="Test Cases/STORE TO CMS REQUEST TEST CASES/TC_STCMS_011 To Verify Schedule 11 Store To CMS Request Are Working Successfully Or Not" classname="Test Cases/STORE TO CMS REQUEST TEST CASES/TC_STCMS_011 To Verify Schedule 11 Store To CMS Request Are Working Successfully Or Not" status="FAILED">
         <failure type="FAILED" message="Unable to click on object 'Object Repository/Store Request Schedule 1/Page_Store/a_CMS' (Root cause: org.openqa.selenium.WebDriverException: unknown error: Element &lt;a href=&quot;#&quot;>...&lt;/a> is not clickable at point (109, 304). Other element would receive the click: &lt;div class=&quot;modal-backdrop fade&quot;>&lt;/div>
  (Session info: chrome=66.0.3359.181)
  (Driver info: chromedriver=2.35.528161 (5b82f2d2aae0ca24b877009200ced9065a772e73),platform=Windows NT 10.0.17134 x86_64) (WARNING: The server did not provide any stacktrace information)
Command duration or timeout: 0 milliseconds
Build info: version: '3.7.1', revision: '8a0099a', time: '2017-11-06T21:07:36.161Z'
System info: host: 'DESKTOP-BLFTK83', ip: '169.254.189.85', os.name: 'Windows 10', os.arch: 'amd64', os.version: '10.0', java.version: '1.8.0_102'
Driver info: com.kms.katalon.selenium.driver.CChromeDriver
Capabilities {acceptInsecureCerts: false, acceptSslCerts: false, applicationCacheEnabled: false, browserConnectionEnabled: false, browserName: chrome, chrome: {chromedriverVersion: 2.35.528161 (5b82f2d2aae0ca..., userDataDir: C:\Users\QUALIT~1\AppData\L...}, cssSelectorsEnabled: true, databaseEnabled: false, handlesAlerts: true, hasTouchScreen: false, javascriptEnabled: true, locationContextEnabled: true, mobileEmulationEnabled: false, nativeEvents: true, networkConnectionEnabled: false, pageLoadStrategy: normal, platform: XP, platformName: XP, rotatable: false, setWindowRect: true, takesHeapSnapshot: true, takesScreenshot: true, unexpectedAlertBehaviour: , unhandledPromptBehavior: , version: 66.0.3359.181, webStorageEnabled: true}
Session ID: 7ef4d93bc05e67f404dd6476c51ef22f)"/>
         <system-out><![CDATA[2018-06-04 19:12:22 - [TEST_CASE][FAILED] - Test Cases/STORE TO CMS REQUEST TEST CASES/TC_STCMS_011 To Verify Schedule 11 Store To CMS Request Are Working Successfully Or Not: Test Cases/STORE TO CMS REQUEST TEST CASES/TC_STCMS_011 To Verify Schedule 11 Store To CMS Request Are Working Successfully Or Not FAILED because (of) Unable to click on object 'Object Repository/Store Request Schedule 1/Page_Store/a_CMS' (Root cause: org.openqa.selenium.WebDriverException: unknown error: Element <a href="#">...</a> is not clickable at point (109, 304). Other element would receive the click: <div class="modal-backdrop fade"></div>
  (Session info: chrome=66.0.3359.181)
  (Driver info: chromedriver=2.35.528161 (5b82f2d2aae0ca24b877009200ced9065a772e73),platform=Windows NT 10.0.17134 x86_64) (WARNING: The server did not provide any stacktrace information)
Command duration or timeout: 0 milliseconds
Build info: version: '3.7.1', revision: '8a0099a', time: '2017-11-06T21:07:36.161Z'
System info: host: 'DESKTOP-BLFTK83', ip: '169.254.189.85', os.name: 'Windows 10', os.arch: 'amd64', os.version: '10.0', java.version: '1.8.0_102'
Driver info: com.kms.katalon.selenium.driver.CChromeDriver
Capabilities {acceptInsecureCerts: false, acceptSslCerts: false, applicationCacheEnabled: false, browserConnectionEnabled: false, browserName: chrome, chrome: {chromedriverVersion: 2.35.528161 (5b82f2d2aae0ca..., userDataDir: C:\Users\QUALIT~1\AppData\L...}, cssSelectorsEnabled: true, databaseEnabled: false, handlesAlerts: true, hasTouchScreen: false, javascriptEnabled: true, locationContextEnabled: true, mobileEmulationEnabled: false, nativeEvents: true, networkConnectionEnabled: false, pageLoadStrategy: normal, platform: XP, platformName: XP, rotatable: false, setWindowRect: true, takesHeapSnapshot: true, takesScreenshot: true, unexpectedAlertBehaviour: , unhandledPromptBehavior: , version: 66.0.3359.181, webStorageEnabled: true}
Session ID: 7ef4d93bc05e67f404dd6476c51ef22f)

2018-06-04 19:12:22 - [TEST_STEP][PASSED] - openBrowser: Browser is opened with url: ''

2018-06-04 19:12:24 - [MESSAGE][PASSED] - Browser is opened with url: ''

2018-06-04 19:12:24 - [TEST_STEP][PASSED] - Statement - out.println("Verify Schedule 11 STORE Request Are Working Successfully Or Not"): null

2018-06-04 19:12:24 - [TEST_STEP][PASSED] - navigateToUrl: Navigate to 'http://192.168.137.1/multihospital_new/' successfully

2018-06-04 19:12:26 - [MESSAGE][PASSED] - Navigate to 'http://192.168.137.1/multihospital_new/' successfully

2018-06-04 19:12:26 - [TEST_STEP][PASSED] - maximizeWindow: Current window maximized

2018-06-04 19:12:27 - [MESSAGE][PASSED] - Current window maximized

2018-06-04 19:12:27 - [TEST_STEP][PASSED] - click: Object: 'Object Repository/Store Request Schedule 1/Page_KDMC/a_Divisional Store' is clicked on

2018-06-04 19:12:28 - [MESSAGE][PASSED] - Object: 'Object Repository/Store Request Schedule 1/Page_KDMC/a_Divisional Store' is clicked on

2018-06-04 19:12:28 - [TEST_STEP][PASSED] - setText: Text 'ragu' is set on object 'Object Repository/Store Request Schedule 1/Page_Divisonal Store Login/input_txtusername'

2018-06-04 19:12:28 - [MESSAGE][PASSED] - Text 'ragu' is set on object 'Object Repository/Store Request Schedule 1/Page_Divisonal Store Login/input_txtusername'

2018-06-04 19:12:28 - [TEST_STEP][PASSED] - setText: Text '123' is set on object 'Object Repository/Store Request Schedule 1/Page_Divisonal Store Login/input_txtpassword'

2018-06-04 19:12:28 - [MESSAGE][PASSED] - Text '123' is set on object 'Object Repository/Store Request Schedule 1/Page_Divisonal Store Login/input_txtpassword'

2018-06-04 19:12:28 - [TEST_STEP][PASSED] - delay: Delayed 3 second(s)

2018-06-04 19:12:31 - [MESSAGE][PASSED] - Delayed 3 second(s)

2018-06-04 19:12:31 - [TEST_STEP][PASSED] - click: Object: 'Object Repository/Store Request Schedule 1/Page_Divisonal Store Login/button_Sign in' is clicked on

2018-06-04 19:12:33 - [MESSAGE][PASSED] - Object: 'Object Repository/Store Request Schedule 1/Page_Divisonal Store Login/button_Sign in' is clicked on

2018-06-04 19:12:33 - [TEST_STEP][PASSED] - waitForElementVisible: Object 'Object Repository/Store Request Schedule 1/Page_Store/a_CMS' is visible

2018-06-04 19:12:33 - [MESSAGE][PASSED] - Object 'Object Repository/Store Request Schedule 1/Page_Store/a_CMS' is visible

2018-06-04 19:12:33 - [TEST_STEP][FAILED] - click: Unable to click on object 'Object Repository/Store Request Schedule 1/Page_Store/a_CMS' (Root cause: org.openqa.selenium.WebDriverException: unknown error: Element <a href="#">...</a> is not clickable at point (109, 304). Other element would receive the click: <div class="modal-backdrop fade"></div>
  (Session info: chrome=66.0.3359.181)
  (Driver info: chromedriver=2.35.528161 (5b82f2d2aae0ca24b877009200ced9065a772e73),platform=Windows NT 10.0.17134 x86_64) (WARNING: The server did not provide any stacktrace information)
Command duration or timeout: 0 milliseconds
Build info: version: '3.7.1', revision: '8a0099a', time: '2017-11-06T21:07:36.161Z'
System info: host: 'DESKTOP-BLFTK83', ip: '169.254.189.85', os.name: 'Windows 10', os.arch: 'amd64', os.version: '10.0', java.version: '1.8.0_102'
Driver info: com.kms.katalon.selenium.driver.CChromeDriver
Capabilities {acceptInsecureCerts: false, acceptSslCerts: false, applicationCacheEnabled: false, browserConnectionEnabled: false, browserName: chrome, chrome: {chromedriverVersion: 2.35.528161 (5b82f2d2aae0ca..., userDataDir: C:\Users\QUALIT~1\AppData\L...}, cssSelectorsEnabled: true, databaseEnabled: false, handlesAlerts: true, hasTouchScreen: false, javascriptEnabled: true, locationContextEnabled: true, mobileEmulationEnabled: false, nativeEvents: true, networkConnectionEnabled: false, pageLoadStrategy: normal, platform: XP, platformName: XP, rotatable: false, setWindowRect: true, takesHeapSnapshot: true, takesScreenshot: true, unexpectedAlertBehaviour: , unhandledPromptBehavior: , version: 66.0.3359.181, webStorageEnabled: true}
Session ID: 7ef4d93bc05e67f404dd6476c51ef22f)

2018-06-04 19:12:33 - [MESSAGE][FAILED] - Unable to click on object 'Object Repository/Store Request Schedule 1/Page_Store/a_CMS' (Root cause: org.openqa.selenium.WebDriverException: unknown error: Element <a href="#">...</a> is not clickable at point (109, 304). Other element would receive the click: <div class="modal-backdrop fade"></div>
  (Session info: chrome=66.0.3359.181)
  (Driver info: chromedriver=2.35.528161 (5b82f2d2aae0ca24b877009200ced9065a772e73),platform=Windows NT 10.0.17134 x86_64) (WARNING: The server did not provide any stacktrace information)
Command duration or timeout: 0 milliseconds
Build info: version: '3.7.1', revision: '8a0099a', time: '2017-11-06T21:07:36.161Z'
System info: host: 'DESKTOP-BLFTK83', ip: '169.254.189.85', os.name: 'Windows 10', os.arch: 'amd64', os.version: '10.0', java.version: '1.8.0_102'
Driver info: com.kms.katalon.selenium.driver.CChromeDriver
Capabilities {acceptInsecureCerts: false, acceptSslCerts: false, applicationCacheEnabled: false, browserConnectionEnabled: false, browserName: chrome, chrome: {chromedriverVersion: 2.35.528161 (5b82f2d2aae0ca..., userDataDir: C:\Users\QUALIT~1\AppData\L...}, cssSelectorsEnabled: true, databaseEnabled: false, handlesAlerts: true, hasTouchScreen: false, javascriptEnabled: true, locationContextEnabled: true, mobileEmulationEnabled: false, nativeEvents: true, networkConnectionEnabled: false, pageLoadStrategy: normal, platform: XP, platformName: XP, rotatable: false, setWindowRect: true, takesHeapSnapshot: true, takesScreenshot: true, unexpectedAlertBehaviour: , unhandledPromptBehavior: , version: 66.0.3359.181, webStorageEnabled: true}
Session ID: 7ef4d93bc05e67f404dd6476c51ef22f)
[[ATTACHMENT|C:\\Users\\Quality Analyst\\Katalon Studio\\ds\\Reports\\Store_Suit\\20180604_183202\\1528119753409.png]]]]></system-out>
         <system-err><![CDATA[2018-06-04 19:12:22 - [TEST_CASE][FAILED] - Test Cases/STORE TO CMS REQUEST TEST CASES/TC_STCMS_011 To Verify Schedule 11 Store To CMS Request Are Working Successfully Or Not: Test Cases/STORE TO CMS REQUEST TEST CASES/TC_STCMS_011 To Verify Schedule 11 Store To CMS Request Are Working Successfully Or Not FAILED because (of) Unable to click on object 'Object Repository/Store Request Schedule 1/Page_Store/a_CMS' (Root cause: org.openqa.selenium.WebDriverException: unknown error: Element <a href="#">...</a> is not clickable at point (109, 304). Other element would receive the click: <div class="modal-backdrop fade"></div>
  (Session info: chrome=66.0.3359.181)
  (Driver info: chromedriver=2.35.528161 (5b82f2d2aae0ca24b877009200ced9065a772e73),platform=Windows NT 10.0.17134 x86_64) (WARNING: The server did not provide any stacktrace information)
Command duration or timeout: 0 milliseconds
Build info: version: '3.7.1', revision: '8a0099a', time: '2017-11-06T21:07:36.161Z'
System info: host: 'DESKTOP-BLFTK83', ip: '169.254.189.85', os.name: 'Windows 10', os.arch: 'amd64', os.version: '10.0', java.version: '1.8.0_102'
Driver info: com.kms.katalon.selenium.driver.CChromeDriver
Capabilities {acceptInsecureCerts: false, acceptSslCerts: false, applicationCacheEnabled: false, browserConnectionEnabled: false, browserName: chrome, chrome: {chromedriverVersion: 2.35.528161 (5b82f2d2aae0ca..., userDataDir: C:\Users\QUALIT~1\AppData\L...}, cssSelectorsEnabled: true, databaseEnabled: false, handlesAlerts: true, hasTouchScreen: false, javascriptEnabled: true, locationContextEnabled: true, mobileEmulationEnabled: false, nativeEvents: true, networkConnectionEnabled: false, pageLoadStrategy: normal, platform: XP, platformName: XP, rotatable: false, setWindowRect: true, takesHeapSnapshot: true, takesScreenshot: true, unexpectedAlertBehaviour: , unhandledPromptBehavior: , version: 66.0.3359.181, webStorageEnabled: true}
Session ID: 7ef4d93bc05e67f404dd6476c51ef22f)]]></system-err>
      </testcase>
      <testcase name="Test Cases/STORE TO CMS REQUEST TEST CASES/TC_STCMS_012 To Verify Schedule 12 Store To CMS Request Are Working Successfully Or Not" classname="Test Cases/STORE TO CMS REQUEST TEST CASES/TC_STCMS_012 To Verify Schedule 12 Store To CMS Request Are Working Successfully Or Not" status="PASSED">
         <system-out><![CDATA[2018-06-04 19:12:33 - [TEST_CASE][PASSED] - Test Cases/STORE TO CMS REQUEST TEST CASES/TC_STCMS_012 To Verify Schedule 12 Store To CMS Request Are Working Successfully Or Not: Test Cases/STORE TO CMS REQUEST TEST CASES/TC_STCMS_012 To Verify Schedule 12 Store To CMS Request Are Working Successfully Or Not

2018-06-04 19:12:33 - [TEST_STEP][PASSED] - openBrowser: Browser is opened with url: ''

2018-06-04 19:12:33 - [MESSAGE][WARNING] - A browser is already opened. Closing browser and opening a new one

2018-06-04 19:12:36 - [MESSAGE][PASSED] - Browser is opened with url: ''

2018-06-04 19:12:36 - [TEST_STEP][PASSED] - Statement - out.println("Verify Schedule 1 STORE Request Are Working Successfully Or Not"): null

2018-06-04 19:12:36 - [TEST_STEP][PASSED] - navigateToUrl: Navigate to 'http://192.168.137.1/multihospital_new/' successfully

2018-06-04 19:12:38 - [MESSAGE][PASSED] - Navigate to 'http://192.168.137.1/multihospital_new/' successfully

2018-06-04 19:12:38 - [TEST_STEP][PASSED] - maximizeWindow: Current window maximized

2018-06-04 19:12:39 - [MESSAGE][PASSED] - Current window maximized

2018-06-04 19:12:39 - [TEST_STEP][PASSED] - waitForPageLoad: Wait for page load successfully

2018-06-04 19:12:39 - [MESSAGE][PASSED] - Wait for page load successfully

2018-06-04 19:12:39 - [TEST_STEP][PASSED] - click: Object: 'Object Repository/Store Request Schedule 1/Page_KDMC/a_Divisional Store' is clicked on

2018-06-04 19:12:40 - [MESSAGE][PASSED] - Object: 'Object Repository/Store Request Schedule 1/Page_KDMC/a_Divisional Store' is clicked on

2018-06-04 19:12:40 - [TEST_STEP][PASSED] - setText: Text 'ragu' is set on object 'Object Repository/Store Request Schedule 1/Page_Divisonal Store Login/input_txtusername'

2018-06-04 19:12:40 - [MESSAGE][PASSED] - Text 'ragu' is set on object 'Object Repository/Store Request Schedule 1/Page_Divisonal Store Login/input_txtusername'

2018-06-04 19:12:40 - [TEST_STEP][PASSED] - setText: Text '123' is set on object 'Object Repository/Store Request Schedule 1/Page_Divisonal Store Login/input_txtpassword'

2018-06-04 19:12:40 - [MESSAGE][PASSED] - Text '123' is set on object 'Object Repository/Store Request Schedule 1/Page_Divisonal Store Login/input_txtpassword'

2018-06-04 19:12:40 - [TEST_STEP][PASSED] - delay: Delayed 3 second(s)

2018-06-04 19:12:43 - [MESSAGE][PASSED] - Delayed 3 second(s)

2018-06-04 19:12:43 - [TEST_STEP][PASSED] - click: Object: 'Object Repository/Store Request Schedule 1/Page_Divisonal Store Login/button_Sign in' is clicked on

2018-06-04 19:12:44 - [MESSAGE][PASSED] - Object: 'Object Repository/Store Request Schedule 1/Page_Divisonal Store Login/button_Sign in' is clicked on

2018-06-04 19:12:44 - [TEST_STEP][PASSED] - delay: Delayed 3 second(s)

2018-06-04 19:12:47 - [MESSAGE][PASSED] - Delayed 3 second(s)

2018-06-04 19:12:47 - [TEST_STEP][PASSED] - click: Object: 'Object Repository/Store Request Schedule 1/Page_Store/a_CMS' is clicked on

2018-06-04 19:12:48 - [MESSAGE][PASSED] - Object: 'Object Repository/Store Request Schedule 1/Page_Store/a_CMS' is clicked on

2018-06-04 19:12:48 - [TEST_STEP][PASSED] - delay: Delayed 2 second(s)

2018-06-04 19:12:50 - [MESSAGE][PASSED] - Delayed 2 second(s)

2018-06-04 19:12:50 - [TEST_STEP][PASSED] - click: Object: 'Object Repository/Store Request Schedule 1/Page_Store/a_Request Send' is clicked on

2018-06-04 19:12:51 - [MESSAGE][PASSED] - Object: 'Object Repository/Store Request Schedule 1/Page_Store/a_Request Send' is clicked on

2018-06-04 19:12:51 - [TEST_STEP][PASSED] - selectOptionByIndex: All options with index in [1] are selected on object 'Object Repository/Store Request Schedule 1/Page_Store/select_--Select--'

2018-06-04 19:12:51 - [MESSAGE][PASSED] - All options with index in [1] are selected on object 'Object Repository/Store Request Schedule 1/Page_Store/select_--Select--'

2018-06-04 19:12:51 - [TEST_STEP][PASSED] - selectOptionByIndex: All options with index in [12] are selected on object 'Object Repository/Store Request Schedule 1/Page_Store/select_--Select--Schedule 1Inj'

2018-06-04 19:12:51 - [MESSAGE][PASSED] - All options with index in [12] are selected on object 'Object Repository/Store Request Schedule 1/Page_Store/select_--Select--Schedule 1Inj'

2018-06-04 19:12:51 - [TEST_STEP][PASSED] - Statement - SelectedOptions = com.kms.katalon.core.webui.keyword.WebUiBuiltInKeywords.getNumberOfTotalOption(com.kms.katalon.core.testobject.ObjectRepository.findTestObject(Store Request Schedule 1/Page_Store/select_--Select--Adernaline 0.)): 19 options of object 'Object Repository/Store Request Schedule 1/Page_Store/select_--Select--Adernaline 0.' counted

2018-06-04 19:12:51 - [MESSAGE][PASSED] - 19 options of object 'Object Repository/Store Request Schedule 1/Page_Store/select_--Select--Adernaline 0.' counted

2018-06-04 19:12:51 - [TEST_STEP][PASSED] - Statement - For ([y = 1, y < SelectedOptions, (y++)]): Object: 'Object Repository/Store Request Schedule 1/Page_Store/button_Add' is clicked on

2018-06-04 19:12:51 - [TEST_STEP][PASSED] - selectOptionByIndex: All options with index in [12] are selected on object 'Object Repository/Store Request Schedule 1/Page_Store/select_--Select--Schedule 1Inj'

2018-06-04 19:12:51 - [MESSAGE][PASSED] - All options with index in [12] are selected on object 'Object Repository/Store Request Schedule 1/Page_Store/select_--Select--Schedule 1Inj'

2018-06-04 19:12:51 - [TEST_STEP][PASSED] - delay: Delayed 1 second(s)

2018-06-04 19:12:52 - [MESSAGE][PASSED] - Delayed 1 second(s)

2018-06-04 19:12:52 - [TEST_STEP][PASSED] - selectOptionByIndex: All options with index in [1] are selected on object 'Object Repository/Store Request Schedule 1/Page_Store/select_--Select--Adernaline 0.'

2018-06-04 19:12:53 - [MESSAGE][PASSED] - All options with index in [1] are selected on object 'Object Repository/Store Request Schedule 1/Page_Store/select_--Select--Adernaline 0.'

2018-06-04 19:12:53 - [TEST_STEP][PASSED] - setText: Text '100' is set on object 'Object Repository/Store Request Schedule 1/Page_Store/input_txttreat'

2018-06-04 19:12:53 - [MESSAGE][PASSED] - Text '100' is set on object 'Object Repository/Store Request Schedule 1/Page_Store/input_txttreat'

2018-06-04 19:12:53 - [TEST_STEP][PASSED] - click: Object: 'Object Repository/Store Request Schedule 1/Page_Store/button_Add' is clicked on

2018-06-04 19:12:53 - [MESSAGE][PASSED] - Object: 'Object Repository/Store Request Schedule 1/Page_Store/button_Add' is clicked on

2018-06-04 19:12:53 - [TEST_STEP][PASSED] - selectOptionByIndex: All options with index in [12] are selected on object 'Object Repository/Store Request Schedule 1/Page_Store/select_--Select--Schedule 1Inj'

2018-06-04 19:12:53 - [MESSAGE][PASSED] - All options with index in [12] are selected on object 'Object Repository/Store Request Schedule 1/Page_Store/select_--Select--Schedule 1Inj'

2018-06-04 19:12:53 - [TEST_STEP][PASSED] - delay: Delayed 1 second(s)

2018-06-04 19:12:54 - [MESSAGE][PASSED] - Delayed 1 second(s)

2018-06-04 19:12:54 - [TEST_STEP][PASSED] - selectOptionByIndex: All options with index in [2] are selected on object 'Object Repository/Store Request Schedule 1/Page_Store/select_--Select--Adernaline 0.'

2018-06-04 19:12:54 - [MESSAGE][PASSED] - All options with index in [2] are selected on object 'Object Repository/Store Request Schedule 1/Page_Store/select_--Select--Adernaline 0.'

2018-06-04 19:12:54 - [TEST_STEP][PASSED] - setText: Text '100' is set on object 'Object Repository/Store Request Schedule 1/Page_Store/input_txttreat'

2018-06-04 19:12:54 - [MESSAGE][PASSED] - Text '100' is set on object 'Object Repository/Store Request Schedule 1/Page_Store/input_txttreat'

2018-06-04 19:12:54 - [TEST_STEP][PASSED] - click: Object: 'Object Repository/Store Request Schedule 1/Page_Store/button_Add' is clicked on

2018-06-04 19:12:54 - [MESSAGE][PASSED] - Object: 'Object Repository/Store Request Schedule 1/Page_Store/button_Add' is clicked on

2018-06-04 19:12:54 - [TEST_STEP][PASSED] - selectOptionByIndex: All options with index in [12] are selected on object 'Object Repository/Store Request Schedule 1/Page_Store/select_--Select--Schedule 1Inj'

2018-06-04 19:12:54 - [MESSAGE][PASSED] - All options with index in [12] are selected on object 'Object Repository/Store Request Schedule 1/Page_Store/select_--Select--Schedule 1Inj'

2018-06-04 19:12:54 - [TEST_STEP][PASSED] - delay: Delayed 1 second(s)

2018-06-04 19:12:55 - [MESSAGE][PASSED] - Delayed 1 second(s)

2018-06-04 19:12:55 - [TEST_STEP][PASSED] - selectOptionByIndex: All options with index in [3] are selected on object 'Object Repository/Store Request Schedule 1/Page_Store/select_--Select--Adernaline 0.'

2018-06-04 19:12:56 - [MESSAGE][PASSED] - All options with index in [3] are selected on object 'Object Repository/Store Request Schedule 1/Page_Store/select_--Select--Adernaline 0.'

2018-06-04 19:12:56 - [TEST_STEP][PASSED] - setText: Text '100' is set on object 'Object Repository/Store Request Schedule 1/Page_Store/input_txttreat'

2018-06-04 19:12:56 - [MESSAGE][PASSED] - Text '100' is set on object 'Object Repository/Store Request Schedule 1/Page_Store/input_txttreat'

2018-06-04 19:12:56 - [TEST_STEP][PASSED] - click: Object: 'Object Repository/Store Request Schedule 1/Page_Store/button_Add' is clicked on

2018-06-04 19:12:56 - [MESSAGE][PASSED] - Object: 'Object Repository/Store Request Schedule 1/Page_Store/button_Add' is clicked on

2018-06-04 19:12:56 - [TEST_STEP][PASSED] - selectOptionByIndex: All options with index in [12] are selected on object 'Object Repository/Store Request Schedule 1/Page_Store/select_--Select--Schedule 1Inj'

2018-06-04 19:12:56 - [MESSAGE][PASSED] - All options with index in [12] are selected on object 'Object Repository/Store Request Schedule 1/Page_Store/select_--Select--Schedule 1Inj'

2018-06-04 19:12:56 - [TEST_STEP][PASSED] - delay: Delayed 1 second(s)

2018-06-04 19:12:57 - [MESSAGE][PASSED] - Delayed 1 second(s)

2018-06-04 19:12:57 - [TEST_STEP][PASSED] - selectOptionByIndex: All options with index in [4] are selected on object 'Object Repository/Store Request Schedule 1/Page_Store/select_--Select--Adernaline 0.'

2018-06-04 19:12:57 - [MESSAGE][PASSED] - All options with index in [4] are selected on object 'Object Repository/Store Request Schedule 1/Page_Store/select_--Select--Adernaline 0.'

2018-06-04 19:12:57 - [TEST_STEP][PASSED] - setText: Text '100' is set on object 'Object Repository/Store Request Schedule 1/Page_Store/input_txttreat'

2018-06-04 19:12:57 - [MESSAGE][PASSED] - Text '100' is set on object 'Object Repository/Store Request Schedule 1/Page_Store/input_txttreat'

2018-06-04 19:12:57 - [TEST_STEP][PASSED] - click: Object: 'Object Repository/Store Request Schedule 1/Page_Store/button_Add' is clicked on

2018-06-04 19:12:57 - [MESSAGE][PASSED] - Object: 'Object Repository/Store Request Schedule 1/Page_Store/button_Add' is clicked on

2018-06-04 19:12:57 - [TEST_STEP][PASSED] - selectOptionByIndex: All options with index in [12] are selected on object 'Object Repository/Store Request Schedule 1/Page_Store/select_--Select--Schedule 1Inj'

2018-06-04 19:12:57 - [MESSAGE][PASSED] - All options with index in [12] are selected on object 'Object Repository/Store Request Schedule 1/Page_Store/select_--Select--Schedule 1Inj'

2018-06-04 19:12:57 - [TEST_STEP][PASSED] - delay: Delayed 1 second(s)

2018-06-04 19:12:58 - [MESSAGE][PASSED] - Delayed 1 second(s)

2018-06-04 19:12:58 - [TEST_STEP][PASSED] - selectOptionByIndex: All options with index in [5] are selected on object 'Object Repository/Store Request Schedule 1/Page_Store/select_--Select--Adernaline 0.'

2018-06-04 19:12:59 - [MESSAGE][PASSED] - All options with index in [5] are selected on object 'Object Repository/Store Request Schedule 1/Page_Store/select_--Select--Adernaline 0.'

2018-06-04 19:12:59 - [TEST_STEP][PASSED] - setText: Text '100' is set on object 'Object Repository/Store Request Schedule 1/Page_Store/input_txttreat'

2018-06-04 19:12:59 - [MESSAGE][PASSED] - Text '100' is set on object 'Object Repository/Store Request Schedule 1/Page_Store/input_txttreat'

2018-06-04 19:12:59 - [TEST_STEP][PASSED] - click: Object: 'Object Repository/Store Request Schedule 1/Page_Store/button_Add' is clicked on

2018-06-04 19:12:59 - [MESSAGE][PASSED] - Object: 'Object Repository/Store Request Schedule 1/Page_Store/button_Add' is clicked on

2018-06-04 19:12:59 - [TEST_STEP][PASSED] - selectOptionByIndex: All options with index in [12] are selected on object 'Object Repository/Store Request Schedule 1/Page_Store/select_--Select--Schedule 1Inj'

2018-06-04 19:12:59 - [MESSAGE][PASSED] - All options with index in [12] are selected on object 'Object Repository/Store Request Schedule 1/Page_Store/select_--Select--Schedule 1Inj'

2018-06-04 19:12:59 - [TEST_STEP][PASSED] - delay: Delayed 1 second(s)

2018-06-04 19:13:00 - [MESSAGE][PASSED] - Delayed 1 second(s)

2018-06-04 19:13:00 - [TEST_STEP][PASSED] - selectOptionByIndex: All options with index in [6] are selected on object 'Object Repository/Store Request Schedule 1/Page_Store/select_--Select--Adernaline 0.'

2018-06-04 19:13:00 - [MESSAGE][PASSED] - All options with index in [6] are selected on object 'Object Repository/Store Request Schedule 1/Page_Store/select_--Select--Adernaline 0.'

2018-06-04 19:13:00 - [TEST_STEP][PASSED] - setText: Text '100' is set on object 'Object Repository/Store Request Schedule 1/Page_Store/input_txttreat'

2018-06-04 19:13:00 - [MESSAGE][PASSED] - Text '100' is set on object 'Object Repository/Store Request Schedule 1/Page_Store/input_txttreat'

2018-06-04 19:13:00 - [TEST_STEP][PASSED] - click: Object: 'Object Repository/Store Request Schedule 1/Page_Store/button_Add' is clicked on

2018-06-04 19:13:00 - [MESSAGE][PASSED] - Object: 'Object Repository/Store Request Schedule 1/Page_Store/button_Add' is clicked on

2018-06-04 19:13:00 - [TEST_STEP][PASSED] - selectOptionByIndex: All options with index in [12] are selected on object 'Object Repository/Store Request Schedule 1/Page_Store/select_--Select--Schedule 1Inj'

2018-06-04 19:13:01 - [MESSAGE][PASSED] - All options with index in [12] are selected on object 'Object Repository/Store Request Schedule 1/Page_Store/select_--Select--Schedule 1Inj'

2018-06-04 19:13:01 - [TEST_STEP][PASSED] - delay: Delayed 1 second(s)

2018-06-04 19:13:02 - [MESSAGE][PASSED] - Delayed 1 second(s)

2018-06-04 19:13:02 - [TEST_STEP][PASSED] - selectOptionByIndex: All options with index in [7] are selected on object 'Object Repository/Store Request Schedule 1/Page_Store/select_--Select--Adernaline 0.'

2018-06-04 19:13:02 - [MESSAGE][PASSED] - All options with index in [7] are selected on object 'Object Repository/Store Request Schedule 1/Page_Store/select_--Select--Adernaline 0.'

2018-06-04 19:13:02 - [TEST_STEP][PASSED] - setText: Text '100' is set on object 'Object Repository/Store Request Schedule 1/Page_Store/input_txttreat'

2018-06-04 19:13:02 - [MESSAGE][PASSED] - Text '100' is set on object 'Object Repository/Store Request Schedule 1/Page_Store/input_txttreat'

2018-06-04 19:13:02 - [TEST_STEP][PASSED] - click: Object: 'Object Repository/Store Request Schedule 1/Page_Store/button_Add' is clicked on

2018-06-04 19:13:02 - [MESSAGE][PASSED] - Object: 'Object Repository/Store Request Schedule 1/Page_Store/button_Add' is clicked on

2018-06-04 19:13:02 - [TEST_STEP][PASSED] - selectOptionByIndex: All options with index in [12] are selected on object 'Object Repository/Store Request Schedule 1/Page_Store/select_--Select--Schedule 1Inj'

2018-06-04 19:13:02 - [MESSAGE][PASSED] - All options with index in [12] are selected on object 'Object Repository/Store Request Schedule 1/Page_Store/select_--Select--Schedule 1Inj'

2018-06-04 19:13:02 - [TEST_STEP][PASSED] - delay: Delayed 1 second(s)

2018-06-04 19:13:03 - [MESSAGE][PASSED] - Delayed 1 second(s)

2018-06-04 19:13:03 - [TEST_STEP][PASSED] - selectOptionByIndex: All options with index in [8] are selected on object 'Object Repository/Store Request Schedule 1/Page_Store/select_--Select--Adernaline 0.'

2018-06-04 19:13:03 - [MESSAGE][PASSED] - All options with index in [8] are selected on object 'Object Repository/Store Request Schedule 1/Page_Store/select_--Select--Adernaline 0.'

2018-06-04 19:13:03 - [TEST_STEP][PASSED] - setText: Text '100' is set on object 'Object Repository/Store Request Schedule 1/Page_Store/input_txttreat'

2018-06-04 19:13:03 - [MESSAGE][PASSED] - Text '100' is set on object 'Object Repository/Store Request Schedule 1/Page_Store/input_txttreat'

2018-06-04 19:13:03 - [TEST_STEP][PASSED] - click: Object: 'Object Repository/Store Request Schedule 1/Page_Store/button_Add' is clicked on

2018-06-04 19:13:04 - [MESSAGE][PASSED] - Object: 'Object Repository/Store Request Schedule 1/Page_Store/button_Add' is clicked on

2018-06-04 19:13:04 - [TEST_STEP][PASSED] - selectOptionByIndex: All options with index in [12] are selected on object 'Object Repository/Store Request Schedule 1/Page_Store/select_--Select--Schedule 1Inj'

2018-06-04 19:13:04 - [MESSAGE][PASSED] - All options with index in [12] are selected on object 'Object Repository/Store Request Schedule 1/Page_Store/select_--Select--Schedule 1Inj'

2018-06-04 19:13:04 - [TEST_STEP][PASSED] - delay: Delayed 1 second(s)

2018-06-04 19:13:05 - [MESSAGE][PASSED] - Delayed 1 second(s)

2018-06-04 19:13:05 - [TEST_STEP][PASSED] - selectOptionByIndex: All options with index in [9] are selected on object 'Object Repository/Store Request Schedule 1/Page_Store/select_--Select--Adernaline 0.'

2018-06-04 19:13:05 - [MESSAGE][PASSED] - All options with index in [9] are selected on object 'Object Repository/Store Request Schedule 1/Page_Store/select_--Select--Adernaline 0.'

2018-06-04 19:13:05 - [TEST_STEP][PASSED] - setText: Text '100' is set on object 'Object Repository/Store Request Schedule 1/Page_Store/input_txttreat'

2018-06-04 19:13:05 - [MESSAGE][PASSED] - Text '100' is set on object 'Object Repository/Store Request Schedule 1/Page_Store/input_txttreat'

2018-06-04 19:13:05 - [TEST_STEP][PASSED] - click: Object: 'Object Repository/Store Request Schedule 1/Page_Store/button_Add' is clicked on

2018-06-04 19:13:05 - [MESSAGE][PASSED] - Object: 'Object Repository/Store Request Schedule 1/Page_Store/button_Add' is clicked on

2018-06-04 19:13:05 - [TEST_STEP][PASSED] - selectOptionByIndex: All options with index in [12] are selected on object 'Object Repository/Store Request Schedule 1/Page_Store/select_--Select--Schedule 1Inj'

2018-06-04 19:13:05 - [MESSAGE][PASSED] - All options with index in [12] are selected on object 'Object Repository/Store Request Schedule 1/Page_Store/select_--Select--Schedule 1Inj'

2018-06-04 19:13:05 - [TEST_STEP][PASSED] - delay: Delayed 1 second(s)

2018-06-04 19:13:06 - [MESSAGE][PASSED] - Delayed 1 second(s)

2018-06-04 19:13:06 - [TEST_STEP][PASSED] - selectOptionByIndex: All options with index in [10] are selected on object 'Object Repository/Store Request Schedule 1/Page_Store/select_--Select--Adernaline 0.'

2018-06-04 19:13:07 - [MESSAGE][PASSED] - All options with index in [10] are selected on object 'Object Repository/Store Request Schedule 1/Page_Store/select_--Select--Adernaline 0.'

2018-06-04 19:13:07 - [TEST_STEP][PASSED] - setText: Text '100' is set on object 'Object Repository/Store Request Schedule 1/Page_Store/input_txttreat'

2018-06-04 19:13:07 - [MESSAGE][PASSED] - Text '100' is set on object 'Object Repository/Store Request Schedule 1/Page_Store/input_txttreat'

2018-06-04 19:13:07 - [TEST_STEP][PASSED] - click: Object: 'Object Repository/Store Request Schedule 1/Page_Store/button_Add' is clicked on

2018-06-04 19:13:07 - [MESSAGE][PASSED] - Object: 'Object Repository/Store Request Schedule 1/Page_Store/button_Add' is clicked on

2018-06-04 19:13:07 - [TEST_STEP][PASSED] - selectOptionByIndex: All options with index in [12] are selected on object 'Object Repository/Store Request Schedule 1/Page_Store/select_--Select--Schedule 1Inj'

2018-06-04 19:13:07 - [MESSAGE][PASSED] - All options with index in [12] are selected on object 'Object Repository/Store Request Schedule 1/Page_Store/select_--Select--Schedule 1Inj'

2018-06-04 19:13:07 - [TEST_STEP][PASSED] - delay: Delayed 1 second(s)

2018-06-04 19:13:08 - [MESSAGE][PASSED] - Delayed 1 second(s)

2018-06-04 19:13:08 - [TEST_STEP][PASSED] - selectOptionByIndex: All options with index in [11] are selected on object 'Object Repository/Store Request Schedule 1/Page_Store/select_--Select--Adernaline 0.'

2018-06-04 19:13:08 - [MESSAGE][PASSED] - All options with index in [11] are selected on object 'Object Repository/Store Request Schedule 1/Page_Store/select_--Select--Adernaline 0.'

2018-06-04 19:13:08 - [TEST_STEP][PASSED] - setText: Text '100' is set on object 'Object Repository/Store Request Schedule 1/Page_Store/input_txttreat'

2018-06-04 19:13:08 - [MESSAGE][PASSED] - Text '100' is set on object 'Object Repository/Store Request Schedule 1/Page_Store/input_txttreat'

2018-06-04 19:13:08 - [TEST_STEP][PASSED] - click: Object: 'Object Repository/Store Request Schedule 1/Page_Store/button_Add' is clicked on

2018-06-04 19:13:08 - [MESSAGE][PASSED] - Object: 'Object Repository/Store Request Schedule 1/Page_Store/button_Add' is clicked on

2018-06-04 19:13:08 - [TEST_STEP][PASSED] - selectOptionByIndex: All options with index in [12] are selected on object 'Object Repository/Store Request Schedule 1/Page_Store/select_--Select--Schedule 1Inj'

2018-06-04 19:13:08 - [MESSAGE][PASSED] - All options with index in [12] are selected on object 'Object Repository/Store Request Schedule 1/Page_Store/select_--Select--Schedule 1Inj'

2018-06-04 19:13:08 - [TEST_STEP][PASSED] - delay: Delayed 1 second(s)

2018-06-04 19:13:09 - [MESSAGE][PASSED] - Delayed 1 second(s)

2018-06-04 19:13:09 - [TEST_STEP][PASSED] - selectOptionByIndex: All options with index in [12] are selected on object 'Object Repository/Store Request Schedule 1/Page_Store/select_--Select--Adernaline 0.'

2018-06-04 19:13:10 - [MESSAGE][PASSED] - All options with index in [12] are selected on object 'Object Repository/Store Request Schedule 1/Page_Store/select_--Select--Adernaline 0.'

2018-06-04 19:13:10 - [TEST_STEP][PASSED] - setText: Text '100' is set on object 'Object Repository/Store Request Schedule 1/Page_Store/input_txttreat'

2018-06-04 19:13:10 - [MESSAGE][PASSED] - Text '100' is set on object 'Object Repository/Store Request Schedule 1/Page_Store/input_txttreat'

2018-06-04 19:13:10 - [TEST_STEP][PASSED] - click: Object: 'Object Repository/Store Request Schedule 1/Page_Store/button_Add' is clicked on

2018-06-04 19:13:10 - [MESSAGE][PASSED] - Object: 'Object Repository/Store Request Schedule 1/Page_Store/button_Add' is clicked on

2018-06-04 19:13:10 - [TEST_STEP][PASSED] - selectOptionByIndex: All options with index in [12] are selected on object 'Object Repository/Store Request Schedule 1/Page_Store/select_--Select--Schedule 1Inj'

2018-06-04 19:13:10 - [MESSAGE][PASSED] - All options with index in [12] are selected on object 'Object Repository/Store Request Schedule 1/Page_Store/select_--Select--Schedule 1Inj'

2018-06-04 19:13:10 - [TEST_STEP][PASSED] - delay: Delayed 1 second(s)

2018-06-04 19:13:11 - [MESSAGE][PASSED] - Delayed 1 second(s)

2018-06-04 19:13:11 - [TEST_STEP][PASSED] - selectOptionByIndex: All options with index in [13] are selected on object 'Object Repository/Store Request Schedule 1/Page_Store/select_--Select--Adernaline 0.'

2018-06-04 19:13:11 - [MESSAGE][PASSED] - All options with index in [13] are selected on object 'Object Repository/Store Request Schedule 1/Page_Store/select_--Select--Adernaline 0.'

2018-06-04 19:13:11 - [TEST_STEP][PASSED] - setText: Text '100' is set on object 'Object Repository/Store Request Schedule 1/Page_Store/input_txttreat'

2018-06-04 19:13:11 - [MESSAGE][PASSED] - Text '100' is set on object 'Object Repository/Store Request Schedule 1/Page_Store/input_txttreat'

2018-06-04 19:13:11 - [TEST_STEP][PASSED] - click: Object: 'Object Repository/Store Request Schedule 1/Page_Store/button_Add' is clicked on

2018-06-04 19:13:11 - [MESSAGE][PASSED] - Object: 'Object Repository/Store Request Schedule 1/Page_Store/button_Add' is clicked on

2018-06-04 19:13:11 - [TEST_STEP][PASSED] - selectOptionByIndex: All options with index in [12] are selected on object 'Object Repository/Store Request Schedule 1/Page_Store/select_--Select--Schedule 1Inj'

2018-06-04 19:13:12 - [MESSAGE][PASSED] - All options with index in [12] are selected on object 'Object Repository/Store Request Schedule 1/Page_Store/select_--Select--Schedule 1Inj'

2018-06-04 19:13:12 - [TEST_STEP][PASSED] - delay: Delayed 1 second(s)

2018-06-04 19:13:13 - [MESSAGE][PASSED] - Delayed 1 second(s)

2018-06-04 19:13:13 - [TEST_STEP][PASSED] - selectOptionByIndex: All options with index in [14] are selected on object 'Object Repository/Store Request Schedule 1/Page_Store/select_--Select--Adernaline 0.'

2018-06-04 19:13:13 - [MESSAGE][PASSED] - All options with index in [14] are selected on object 'Object Repository/Store Request Schedule 1/Page_Store/select_--Select--Adernaline 0.'

2018-06-04 19:13:13 - [TEST_STEP][PASSED] - setText: Text '100' is set on object 'Object Repository/Store Request Schedule 1/Page_Store/input_txttreat'

2018-06-04 19:13:13 - [MESSAGE][PASSED] - Text '100' is set on object 'Object Repository/Store Request Schedule 1/Page_Store/input_txttreat'

2018-06-04 19:13:13 - [TEST_STEP][PASSED] - click: Object: 'Object Repository/Store Request Schedule 1/Page_Store/button_Add' is clicked on

2018-06-04 19:13:13 - [MESSAGE][PASSED] - Object: 'Object Repository/Store Request Schedule 1/Page_Store/button_Add' is clicked on

2018-06-04 19:13:13 - [TEST_STEP][PASSED] - selectOptionByIndex: All options with index in [12] are selected on object 'Object Repository/Store Request Schedule 1/Page_Store/select_--Select--Schedule 1Inj'

2018-06-04 19:13:13 - [MESSAGE][PASSED] - All options with index in [12] are selected on object 'Object Repository/Store Request Schedule 1/Page_Store/select_--Select--Schedule 1Inj'

2018-06-04 19:13:13 - [TEST_STEP][PASSED] - delay: Delayed 1 second(s)

2018-06-04 19:13:14 - [MESSAGE][PASSED] - Delayed 1 second(s)

2018-06-04 19:13:14 - [TEST_STEP][PASSED] - selectOptionByIndex: All options with index in [15] are selected on object 'Object Repository/Store Request Schedule 1/Page_Store/select_--Select--Adernaline 0.'

2018-06-04 19:13:15 - [MESSAGE][PASSED] - All options with index in [15] are selected on object 'Object Repository/Store Request Schedule 1/Page_Store/select_--Select--Adernaline 0.'

2018-06-04 19:13:15 - [TEST_STEP][PASSED] - setText: Text '100' is set on object 'Object Repository/Store Request Schedule 1/Page_Store/input_txttreat'

2018-06-04 19:13:15 - [MESSAGE][PASSED] - Text '100' is set on object 'Object Repository/Store Request Schedule 1/Page_Store/input_txttreat'

2018-06-04 19:13:15 - [TEST_STEP][PASSED] - click: Object: 'Object Repository/Store Request Schedule 1/Page_Store/button_Add' is clicked on

2018-06-04 19:13:15 - [MESSAGE][PASSED] - Object: 'Object Repository/Store Request Schedule 1/Page_Store/button_Add' is clicked on

2018-06-04 19:13:15 - [TEST_STEP][PASSED] - selectOptionByIndex: All options with index in [12] are selected on object 'Object Repository/Store Request Schedule 1/Page_Store/select_--Select--Schedule 1Inj'

2018-06-04 19:13:15 - [MESSAGE][PASSED] - All options with index in [12] are selected on object 'Object Repository/Store Request Schedule 1/Page_Store/select_--Select--Schedule 1Inj'

2018-06-04 19:13:15 - [TEST_STEP][PASSED] - delay: Delayed 1 second(s)

2018-06-04 19:13:16 - [MESSAGE][PASSED] - Delayed 1 second(s)

2018-06-04 19:13:16 - [TEST_STEP][PASSED] - selectOptionByIndex: All options with index in [16] are selected on object 'Object Repository/Store Request Schedule 1/Page_Store/select_--Select--Adernaline 0.'

2018-06-04 19:13:16 - [MESSAGE][PASSED] - All options with index in [16] are selected on object 'Object Repository/Store Request Schedule 1/Page_Store/select_--Select--Adernaline 0.'

2018-06-04 19:13:16 - [TEST_STEP][PASSED] - setText: Text '100' is set on object 'Object Repository/Store Request Schedule 1/Page_Store/input_txttreat'

2018-06-04 19:13:16 - [MESSAGE][PASSED] - Text '100' is set on object 'Object Repository/Store Request Schedule 1/Page_Store/input_txttreat'

2018-06-04 19:13:16 - [TEST_STEP][PASSED] - click: Object: 'Object Repository/Store Request Schedule 1/Page_Store/button_Add' is clicked on

2018-06-04 19:13:16 - [MESSAGE][PASSED] - Object: 'Object Repository/Store Request Schedule 1/Page_Store/button_Add' is clicked on

2018-06-04 19:13:16 - [TEST_STEP][PASSED] - selectOptionByIndex: All options with index in [12] are selected on object 'Object Repository/Store Request Schedule 1/Page_Store/select_--Select--Schedule 1Inj'

2018-06-04 19:13:17 - [MESSAGE][PASSED] - All options with index in [12] are selected on object 'Object Repository/Store Request Schedule 1/Page_Store/select_--Select--Schedule 1Inj'

2018-06-04 19:13:17 - [TEST_STEP][PASSED] - delay: Delayed 1 second(s)

2018-06-04 19:13:18 - [MESSAGE][PASSED] - Delayed 1 second(s)

2018-06-04 19:13:18 - [TEST_STEP][PASSED] - selectOptionByIndex: All options with index in [17] are selected on object 'Object Repository/Store Request Schedule 1/Page_Store/select_--Select--Adernaline 0.'

2018-06-04 19:13:18 - [MESSAGE][PASSED] - All options with index in [17] are selected on object 'Object Repository/Store Request Schedule 1/Page_Store/select_--Select--Adernaline 0.'

2018-06-04 19:13:18 - [TEST_STEP][PASSED] - setText: Text '100' is set on object 'Object Repository/Store Request Schedule 1/Page_Store/input_txttreat'

2018-06-04 19:13:18 - [MESSAGE][PASSED] - Text '100' is set on object 'Object Repository/Store Request Schedule 1/Page_Store/input_txttreat'

2018-06-04 19:13:18 - [TEST_STEP][PASSED] - click: Object: 'Object Repository/Store Request Schedule 1/Page_Store/button_Add' is clicked on

2018-06-04 19:13:18 - [MESSAGE][PASSED] - Object: 'Object Repository/Store Request Schedule 1/Page_Store/button_Add' is clicked on

2018-06-04 19:13:18 - [TEST_STEP][PASSED] - selectOptionByIndex: All options with index in [12] are selected on object 'Object Repository/Store Request Schedule 1/Page_Store/select_--Select--Schedule 1Inj'

2018-06-04 19:13:18 - [MESSAGE][PASSED] - All options with index in [12] are selected on object 'Object Repository/Store Request Schedule 1/Page_Store/select_--Select--Schedule 1Inj'

2018-06-04 19:13:18 - [TEST_STEP][PASSED] - delay: Delayed 1 second(s)

2018-06-04 19:13:19 - [MESSAGE][PASSED] - Delayed 1 second(s)

2018-06-04 19:13:19 - [TEST_STEP][PASSED] - selectOptionByIndex: All options with index in [18] are selected on object 'Object Repository/Store Request Schedule 1/Page_Store/select_--Select--Adernaline 0.'

2018-06-04 19:13:20 - [MESSAGE][PASSED] - All options with index in [18] are selected on object 'Object Repository/Store Request Schedule 1/Page_Store/select_--Select--Adernaline 0.'

2018-06-04 19:13:20 - [TEST_STEP][PASSED] - setText: Text '100' is set on object 'Object Repository/Store Request Schedule 1/Page_Store/input_txttreat'

2018-06-04 19:13:20 - [MESSAGE][PASSED] - Text '100' is set on object 'Object Repository/Store Request Schedule 1/Page_Store/input_txttreat'

2018-06-04 19:13:20 - [TEST_STEP][PASSED] - click: Object: 'Object Repository/Store Request Schedule 1/Page_Store/button_Add' is clicked on

2018-06-04 19:13:20 - [MESSAGE][PASSED] - Object: 'Object Repository/Store Request Schedule 1/Page_Store/button_Add' is clicked on

2018-06-04 19:13:20 - [TEST_STEP][PASSED] - delay: Delayed 2 second(s)

2018-06-04 19:13:22 - [MESSAGE][PASSED] - Delayed 2 second(s)

2018-06-04 19:13:22 - [TEST_STEP][PASSED] - scrollToElement: Scroll to object 'Object Repository/Store Request Schedule 1/Page_Store/input_btnsave' successfully

2018-06-04 19:13:22 - [MESSAGE][PASSED] - Scroll to object 'Object Repository/Store Request Schedule 1/Page_Store/input_btnsave' successfully

2018-06-04 19:13:22 - [TEST_STEP][PASSED] - click: Object: 'Object Repository/Store Request Schedule 1/Page_Store/input_btnsave' is clicked on

2018-06-04 19:13:22 - [MESSAGE][PASSED] - Object: 'Object Repository/Store Request Schedule 1/Page_Store/input_btnsave' is clicked on

2018-06-04 19:13:22 - [TEST_STEP][PASSED] - delay: Delayed 4 second(s)

2018-06-04 19:13:26 - [MESSAGE][PASSED] - Delayed 4 second(s)

2018-06-04 19:13:26 - [TEST_STEP][PASSED] - Statement - Cms_RequestNumber = com.kms.katalon.core.webui.keyword.WebUiBuiltInKeywords.getText(com.kms.katalon.core.testobject.ObjectRepository.findTestObject(Store Request Schedule 1/Page_Store/font_PRNO050520189)): Text of object 'Object Repository/Store Request Schedule 1/Page_Store/font_PRNO050520189' is: 'PRNO/04062018/599'

2018-06-04 19:13:26 - [MESSAGE][PASSED] - Text of object 'Object Repository/Store Request Schedule 1/Page_Store/font_PRNO050520189' is: 'PRNO/04062018/599'

2018-06-04 19:13:26 - [TEST_STEP][PASSED] - Statement - CR = Cms_RequestNumber.trim(): null

2018-06-04 19:13:26 - [TEST_STEP][PASSED] - Statement - out.println("RQ :" + Cms_RequestNumber): null

2018-06-04 19:13:26 - [TEST_STEP][PASSED] - Statement - RequestNumberID = Cms_RequestNumber.split("/")[2].trim(): null

2018-06-04 19:13:26 - [TEST_STEP][PASSED] - Statement - out.println("RQ ID :" + RequestNumberID): null

2018-06-04 19:13:26 - [TEST_STEP][PASSED] - delay: Delayed 3 second(s)

2018-06-04 19:13:29 - [MESSAGE][PASSED] - Delayed 3 second(s)

2018-06-04 19:13:29 - [TEST_STEP][PASSED] - Statement - ok = com.kms.katalon.core.webui.keyword.WebUiBuiltInKeywords.click(com.kms.katalon.core.testobject.ObjectRepository.findTestObject(Store Request Schedule 1/Page_Store/button_OK)): Object: 'Object Repository/Store Request Schedule 1/Page_Store/button_OK' is clicked on

2018-06-04 19:13:30 - [MESSAGE][PASSED] - Object: 'Object Repository/Store Request Schedule 1/Page_Store/button_OK' is clicked on

2018-06-04 19:13:30 - [TEST_STEP][PASSED] - delay: Delayed 3 second(s)

2018-06-04 19:13:33 - [MESSAGE][PASSED] - Delayed 3 second(s)

2018-06-04 19:13:33 - [TEST_STEP][PASSED] - click: Object: 'Object Repository/Store Request Schedule 1/Page_Store/a_dropdown-toggle' is clicked on

2018-06-04 19:13:33 - [MESSAGE][PASSED] - Object: 'Object Repository/Store Request Schedule 1/Page_Store/a_dropdown-toggle' is clicked on

2018-06-04 19:13:33 - [TEST_STEP][PASSED] - click: Object: 'Object Repository/Store Request Schedule 1/Page_Store/a_Sign out' is clicked on

2018-06-04 19:13:34 - [MESSAGE][PASSED] - Object: 'Object Repository/Store Request Schedule 1/Page_Store/a_Sign out' is clicked on

2018-06-04 19:13:34 - [TEST_STEP][PASSED] - delay: Delayed 3 second(s)

2018-06-04 19:13:37 - [MESSAGE][PASSED] - Delayed 3 second(s)

2018-06-04 19:13:37 - [TEST_STEP][PASSED] - click: Object: 'Object Repository/Store Request Schedule 1/Page_KDMC/a_CMO' is clicked on

2018-06-04 19:13:37 - [MESSAGE][PASSED] - Object: 'Object Repository/Store Request Schedule 1/Page_KDMC/a_CMO' is clicked on

2018-06-04 19:13:37 - [TEST_STEP][PASSED] - setText: Text 'guru' is set on object 'Object Repository/Store Request Schedule 1/Page_CMO login/input_txtusername'

2018-06-04 19:13:37 - [MESSAGE][PASSED] - Text 'guru' is set on object 'Object Repository/Store Request Schedule 1/Page_CMO login/input_txtusername'

2018-06-04 19:13:37 - [TEST_STEP][PASSED] - setText: Text '123' is set on object 'Object Repository/Store Request Schedule 1/Page_CMO login/input_txtpassword'

2018-06-04 19:13:38 - [MESSAGE][PASSED] - Text '123' is set on object 'Object Repository/Store Request Schedule 1/Page_CMO login/input_txtpassword'

2018-06-04 19:13:38 - [TEST_STEP][PASSED] - delay: Delayed 3 second(s)

2018-06-04 19:13:41 - [MESSAGE][PASSED] - Delayed 3 second(s)

2018-06-04 19:13:41 - [TEST_STEP][PASSED] - click: Object: 'Object Repository/Store Request Schedule 1/Page_CMO login/button_Sign in' is clicked on

2018-06-04 19:13:42 - [MESSAGE][PASSED] - Object: 'Object Repository/Store Request Schedule 1/Page_CMO login/button_Sign in' is clicked on

2018-06-04 19:13:42 - [TEST_STEP][PASSED] - delay: Delayed 2 second(s)

2018-06-04 19:13:44 - [MESSAGE][PASSED] - Delayed 2 second(s)

2018-06-04 19:13:44 - [TEST_STEP][PASSED] - click: Object: 'Object Repository/Store Request Schedule 1/Page_KDMC - CMO/span_Department Wise Request' is clicked on

2018-06-04 19:13:44 - [MESSAGE][PASSED] - Object: 'Object Repository/Store Request Schedule 1/Page_KDMC - CMO/span_Department Wise Request' is clicked on

2018-06-04 19:13:44 - [TEST_STEP][PASSED] - click: Object: 'Object Repository/Store Request Schedule 1/Page_KDMC - CMO/a_CMS Request' is clicked on

2018-06-04 19:13:44 - [MESSAGE][PASSED] - Object: 'Object Repository/Store Request Schedule 1/Page_KDMC - CMO/a_CMS Request' is clicked on

2018-06-04 19:13:44 - [TEST_STEP][PASSED] - click: Object: 'Object Repository/Store Request Schedule 1/Page_KDMC - CMO/a_CMS Request' is clicked on

2018-06-04 19:13:45 - [MESSAGE][PASSED] - Object: 'Object Repository/Store Request Schedule 1/Page_KDMC - CMO/a_CMS Request' is clicked on

2018-06-04 19:13:45 - [TEST_STEP][PASSED] - click: Object: 'Object Repository/Store Request Schedule 1/Page_KDMC - CMO/span_Divisional Store Request' is clicked on

2018-06-04 19:13:46 - [MESSAGE][PASSED] - Object: 'Object Repository/Store Request Schedule 1/Page_KDMC - CMO/span_Divisional Store Request' is clicked on

2018-06-04 19:13:46 - [TEST_STEP][PASSED] - delay: Delayed 2 second(s)

2018-06-04 19:13:48 - [MESSAGE][PASSED] - Delayed 2 second(s)

2018-06-04 19:13:48 - [TEST_STEP][PASSED] - Statement - approval = com.kms.katalon.core.webui.keyword.WebUiBuiltInKeywords.modifyObjectProperty(com.kms.katalon.core.testobject.ObjectRepository.findTestObject(Store Request Schedule 1/Page_KDMC - CMO/input_PRNO050520189), "xpath", "equals", "//*[@id=" + RequestNumberID + "]", true): Modify property of object successfully

2018-06-04 19:13:48 - [MESSAGE][PASSED] - Modify property of object successfully

2018-06-04 19:13:48 - [TEST_STEP][PASSED] - click: Object: 'Object Repository/Store Request Schedule 1/Page_KDMC - CMO/input_PRNO050520189' is clicked on

2018-06-04 19:13:48 - [MESSAGE][PASSED] - Object: 'Object Repository/Store Request Schedule 1/Page_KDMC - CMO/input_PRNO050520189' is clicked on

2018-06-04 19:13:48 - [TEST_STEP][PASSED] - delay: Delayed 2 second(s)

2018-06-04 19:13:50 - [MESSAGE][PASSED] - Delayed 2 second(s)

2018-06-04 19:13:50 - [TEST_STEP][PASSED] - selectOptionByIndex: All options with index in [1] are selected on object 'Object Repository/Store Request Schedule 1/Page_KDMC - CMO/select_--Select--'

2018-06-04 19:13:51 - [MESSAGE][PASSED] - All options with index in [1] are selected on object 'Object Repository/Store Request Schedule 1/Page_KDMC - CMO/select_--Select--'

2018-06-04 19:13:51 - [TEST_STEP][PASSED] - click: Object: 'Object Repository/Store Request Schedule 1/Page_KDMC - CMO/input_btnupdate' is clicked on

2018-06-04 19:13:51 - [MESSAGE][PASSED] - Object: 'Object Repository/Store Request Schedule 1/Page_KDMC - CMO/input_btnupdate' is clicked on

2018-06-04 19:13:51 - [TEST_STEP][PASSED] - delay: Delayed 2 second(s)

2018-06-04 19:13:53 - [MESSAGE][PASSED] - Delayed 2 second(s)

2018-06-04 19:13:53 - [TEST_STEP][PASSED] - click: Object: 'Object Repository/Store Request Schedule 1/Page_KDMC - CMO/button_OK' is clicked on

2018-06-04 19:13:53 - [MESSAGE][PASSED] - Object: 'Object Repository/Store Request Schedule 1/Page_KDMC - CMO/button_OK' is clicked on

2018-06-04 19:13:53 - [TEST_STEP][PASSED] - delay: Delayed 2 second(s)

2018-06-04 19:13:55 - [MESSAGE][PASSED] - Delayed 2 second(s)

2018-06-04 19:13:55 - [TEST_STEP][PASSED] - click: Object: 'Object Repository/Store Request Schedule 1/Page_KDMC - CMO/a_dropdown-toggle' is clicked on

2018-06-04 19:13:55 - [MESSAGE][PASSED] - Object: 'Object Repository/Store Request Schedule 1/Page_KDMC - CMO/a_dropdown-toggle' is clicked on

2018-06-04 19:13:55 - [TEST_STEP][PASSED] - click: Object: 'Object Repository/Store Request Schedule 1/Page_KDMC - CMO/a_Sign out' is clicked on

2018-06-04 19:13:56 - [MESSAGE][PASSED] - Object: 'Object Repository/Store Request Schedule 1/Page_KDMC - CMO/a_Sign out' is clicked on

2018-06-04 19:13:56 - [TEST_STEP][PASSED] - delay: Delayed 3 second(s)

2018-06-04 19:13:59 - [MESSAGE][PASSED] - Delayed 3 second(s)

2018-06-04 19:13:59 - [TEST_STEP][PASSED] - click: Object: 'Object Repository/store Request Schedule 1/Page_KDMC/a_CMS' is clicked on

2018-06-04 19:13:59 - [MESSAGE][PASSED] - Object: 'Object Repository/store Request Schedule 1/Page_KDMC/a_CMS' is clicked on

2018-06-04 19:13:59 - [TEST_STEP][PASSED] - setText: Text 'bala' is set on object 'Object Repository/store Request Schedule 1/Page_CMS login/input_txtusername'

2018-06-04 19:13:59 - [MESSAGE][PASSED] - Text 'bala' is set on object 'Object Repository/store Request Schedule 1/Page_CMS login/input_txtusername'

2018-06-04 19:13:59 - [TEST_STEP][PASSED] - setText: Text '123' is set on object 'Object Repository/store Request Schedule 1/Page_CMS login/input_txtpassword'

2018-06-04 19:13:59 - [MESSAGE][PASSED] - Text '123' is set on object 'Object Repository/store Request Schedule 1/Page_CMS login/input_txtpassword'

2018-06-04 19:13:59 - [TEST_STEP][PASSED] - delay: Delayed 3 second(s)

2018-06-04 19:14:02 - [MESSAGE][PASSED] - Delayed 3 second(s)

2018-06-04 19:14:02 - [TEST_STEP][PASSED] - click: Object: 'Object Repository/store Request Schedule 1/Page_CMS login/button_Sign in' is clicked on

2018-06-04 19:14:03 - [MESSAGE][PASSED] - Object: 'Object Repository/store Request Schedule 1/Page_CMS login/button_Sign in' is clicked on

2018-06-04 19:14:03 - [TEST_STEP][PASSED] - delay: Delayed 2 second(s)

2018-06-04 19:14:05 - [MESSAGE][PASSED] - Delayed 2 second(s)

2018-06-04 19:14:05 - [TEST_STEP][PASSED] - click: Object: 'Object Repository/store Request Schedule 1/Page_KDMC - CMS/a_Divisional Store' is clicked on

2018-06-04 19:14:05 - [MESSAGE][PASSED] - Object: 'Object Repository/store Request Schedule 1/Page_KDMC - CMS/a_Divisional Store' is clicked on

2018-06-04 19:14:05 - [TEST_STEP][PASSED] - delay: Delayed 2 second(s)

2018-06-04 19:14:07 - [MESSAGE][PASSED] - Delayed 2 second(s)

2018-06-04 19:14:07 - [TEST_STEP][PASSED] - click: Object: 'Object Repository/store Request Schedule 1/Page_KDMC - CMS/a_Dispatch Items' is clicked on

2018-06-04 19:14:07 - [MESSAGE][PASSED] - Object: 'Object Repository/store Request Schedule 1/Page_KDMC - CMS/a_Dispatch Items' is clicked on

2018-06-04 19:14:07 - [TEST_STEP][PASSED] - setText: Text 'PRNO/04062018/599' is set on object 'Object Repository/store Request Schedule 1/Page_KDMC - CMS/input'

2018-06-04 19:14:08 - [MESSAGE][PASSED] - Text 'PRNO/04062018/599' is set on object 'Object Repository/store Request Schedule 1/Page_KDMC - CMS/input'

2018-06-04 19:14:08 - [TEST_STEP][PASSED] - click: Object: 'Object Repository/store Request Schedule 1/Page_KDMC - CMS/td_text-center' is clicked on

2018-06-04 19:14:08 - [MESSAGE][PASSED] - Object: 'Object Repository/store Request Schedule 1/Page_KDMC - CMS/td_text-center' is clicked on

2018-06-04 19:14:08 - [TEST_STEP][PASSED] - delay: Delayed 3 second(s)

2018-06-04 19:14:11 - [MESSAGE][PASSED] - Delayed 3 second(s)

2018-06-04 19:14:11 - [TEST_STEP][PASSED] - delay: Delayed 2 second(s)

2018-06-04 19:14:13 - [MESSAGE][PASSED] - Delayed 2 second(s)

2018-06-04 19:14:13 - [TEST_STEP][PASSED] - Statement - For ([row = 0, row < SelectedOptions - 1, (row++)]): null

2018-06-04 19:14:13 - [TEST_STEP][PASSED] - Statement - batchlength = new com.kms.katalon.core.testobject.TestObject(): null

2018-06-04 19:14:13 - [TEST_STEP][PASSED] - Statement - batchlength = com.kms.katalon.core.webui.keyword.WebUiBuiltInKeywords.modifyObjectProperty(batchlength, "xpath", "equals", "//*[@id = "fldvendor" + row + ""]", true): Modify property of object successfully

2018-06-04 19:14:13 - [MESSAGE][PASSED] - Modify property of object successfully

2018-06-04 19:14:13 - [TEST_STEP][PASSED] - Statement - batchsize = com.kms.katalon.core.webui.keyword.WebUiBuiltInKeywords.getNumberOfTotalOption(batchlength): 10 options of object '' counted

2018-06-04 19:14:13 - [MESSAGE][PASSED] - 10 options of object '' counted

2018-06-04 19:14:13 - [TEST_STEP][PASSED] - Statement - out.println("BatchSize : " + batchsize): null

2018-06-04 19:14:13 - [TEST_STEP][PASSED] - Statement - For ([n = 1, n <= batchsize - 1, (n++)]): null

2018-06-04 19:14:13 - [TEST_STEP][PASSED] - Statement - product = new com.kms.katalon.core.testobject.TestObject(): null

2018-06-04 19:14:13 - [TEST_STEP][PASSED] - Statement - product = com.kms.katalon.core.webui.keyword.WebUiBuiltInKeywords.modifyObjectProperty(product, "xpath", "equals", "//*[@id = "fldvendor" + row + ""]", true): Modify property of object successfully

2018-06-04 19:14:13 - [MESSAGE][PASSED] - Modify property of object successfully

2018-06-04 19:14:13 - [TEST_STEP][PASSED] - selectOptionByIndex: All options with index in [1] are selected on object ''

2018-06-04 19:14:13 - [MESSAGE][PASSED] - All options with index in [1] are selected on object ''

2018-06-04 19:14:13 - [TEST_STEP][PASSED] - delay: Delayed 2 second(s)

2018-06-04 19:14:15 - [MESSAGE][PASSED] - Delayed 2 second(s)

2018-06-04 19:14:15 - [TEST_STEP][PASSED] - Statement - batch = new com.kms.katalon.core.testobject.TestObject(): null

2018-06-04 19:14:15 - [TEST_STEP][PASSED] - Statement - batch = com.kms.katalon.core.webui.keyword.WebUiBuiltInKeywords.modifyObjectProperty(batch, "xpath", "equals", "//*[@id = "txtbthqty" + row + ""]", true): Modify property of object successfully

2018-06-04 19:14:15 - [MESSAGE][PASSED] - Modify property of object successfully

2018-06-04 19:14:15 - [TEST_STEP][PASSED] - Statement - batchqty = com.kms.katalon.core.webui.keyword.WebUiBuiltInKeywords.getAttribute(batch, "value").trim(): Attribute 'value' of object '' is: '38100'

2018-06-04 19:14:15 - [MESSAGE][PASSED] - Attribute 'value' of object '' is: '38100'

2018-06-04 19:14:15 - [TEST_STEP][PASSED] - Statement - Rqty = 100: null

2018-06-04 19:14:15 - [TEST_STEP][PASSED] - Statement - out.println("BatchQty : " + batchqty): null

2018-06-04 19:14:15 - [TEST_STEP][PASSED] - Statement - out.println("RQty : " + Rqty): null

2018-06-04 19:14:15 - [TEST_STEP][PASSED] - Statement - If (java.lang.Integer.valueOf(batchqty) >= java.lang.Integer.valueOf(Rqty)): null

2018-06-04 19:14:15 - [TEST_STEP][PASSED] - Statement - Break: null

2018-06-04 19:14:15 - [TEST_STEP][PASSED] - Statement - batchlength = new com.kms.katalon.core.testobject.TestObject(): null

2018-06-04 19:14:15 - [TEST_STEP][PASSED] - Statement - batchlength = com.kms.katalon.core.webui.keyword.WebUiBuiltInKeywords.modifyObjectProperty(batchlength, "xpath", "equals", "//*[@id = "fldvendor" + row + ""]", true): Modify property of object successfully

2018-06-04 19:14:15 - [MESSAGE][PASSED] - Modify property of object successfully

2018-06-04 19:14:15 - [TEST_STEP][PASSED] - Statement - batchsize = com.kms.katalon.core.webui.keyword.WebUiBuiltInKeywords.getNumberOfTotalOption(batchlength): 10 options of object '' counted

2018-06-04 19:14:15 - [MESSAGE][PASSED] - 10 options of object '' counted

2018-06-04 19:14:15 - [TEST_STEP][PASSED] - Statement - out.println("BatchSize : " + batchsize): null

2018-06-04 19:14:15 - [TEST_STEP][PASSED] - Statement - For ([n = 1, n <= batchsize - 1, (n++)]): null

2018-06-04 19:14:15 - [TEST_STEP][PASSED] - Statement - product = new com.kms.katalon.core.testobject.TestObject(): null

2018-06-04 19:14:15 - [TEST_STEP][PASSED] - Statement - product = com.kms.katalon.core.webui.keyword.WebUiBuiltInKeywords.modifyObjectProperty(product, "xpath", "equals", "//*[@id = "fldvendor" + row + ""]", true): Modify property of object successfully

2018-06-04 19:14:15 - [MESSAGE][PASSED] - Modify property of object successfully

2018-06-04 19:14:15 - [TEST_STEP][PASSED] - selectOptionByIndex: All options with index in [1] are selected on object ''

2018-06-04 19:14:15 - [MESSAGE][PASSED] - All options with index in [1] are selected on object ''

2018-06-04 19:14:15 - [TEST_STEP][PASSED] - delay: Delayed 2 second(s)

2018-06-04 19:14:17 - [MESSAGE][PASSED] - Delayed 2 second(s)

2018-06-04 19:14:17 - [TEST_STEP][PASSED] - Statement - batch = new com.kms.katalon.core.testobject.TestObject(): null

2018-06-04 19:14:17 - [TEST_STEP][PASSED] - Statement - batch = com.kms.katalon.core.webui.keyword.WebUiBuiltInKeywords.modifyObjectProperty(batch, "xpath", "equals", "//*[@id = "txtbthqty" + row + ""]", true): Modify property of object successfully

2018-06-04 19:14:17 - [MESSAGE][PASSED] - Modify property of object successfully

2018-06-04 19:14:17 - [TEST_STEP][PASSED] - Statement - batchqty = com.kms.katalon.core.webui.keyword.WebUiBuiltInKeywords.getAttribute(batch, "value").trim(): Attribute 'value' of object '' is: '36900'

2018-06-04 19:14:17 - [MESSAGE][PASSED] - Attribute 'value' of object '' is: '36900'

2018-06-04 19:14:17 - [TEST_STEP][PASSED] - Statement - Rqty = 100: null

2018-06-04 19:14:17 - [TEST_STEP][PASSED] - Statement - out.println("BatchQty : " + batchqty): null

2018-06-04 19:14:17 - [TEST_STEP][PASSED] - Statement - out.println("RQty : " + Rqty): null

2018-06-04 19:14:17 - [TEST_STEP][PASSED] - Statement - If (java.lang.Integer.valueOf(batchqty) >= java.lang.Integer.valueOf(Rqty)): null

2018-06-04 19:14:17 - [TEST_STEP][PASSED] - Statement - Break: null

2018-06-04 19:14:17 - [TEST_STEP][PASSED] - Statement - batchlength = new com.kms.katalon.core.testobject.TestObject(): null

2018-06-04 19:14:17 - [TEST_STEP][PASSED] - Statement - batchlength = com.kms.katalon.core.webui.keyword.WebUiBuiltInKeywords.modifyObjectProperty(batchlength, "xpath", "equals", "//*[@id = "fldvendor" + row + ""]", true): Modify property of object successfully

2018-06-04 19:14:17 - [MESSAGE][PASSED] - Modify property of object successfully

2018-06-04 19:14:17 - [TEST_STEP][PASSED] - Statement - batchsize = com.kms.katalon.core.webui.keyword.WebUiBuiltInKeywords.getNumberOfTotalOption(batchlength): 10 options of object '' counted

2018-06-04 19:14:18 - [MESSAGE][PASSED] - 10 options of object '' counted

2018-06-04 19:14:18 - [TEST_STEP][PASSED] - Statement - out.println("BatchSize : " + batchsize): null

2018-06-04 19:14:18 - [TEST_STEP][PASSED] - Statement - For ([n = 1, n <= batchsize - 1, (n++)]): null

2018-06-04 19:14:18 - [TEST_STEP][PASSED] - Statement - product = new com.kms.katalon.core.testobject.TestObject(): null

2018-06-04 19:14:18 - [TEST_STEP][PASSED] - Statement - product = com.kms.katalon.core.webui.keyword.WebUiBuiltInKeywords.modifyObjectProperty(product, "xpath", "equals", "//*[@id = "fldvendor" + row + ""]", true): Modify property of object successfully

2018-06-04 19:14:18 - [MESSAGE][PASSED] - Modify property of object successfully

2018-06-04 19:14:18 - [TEST_STEP][PASSED] - selectOptionByIndex: All options with index in [1] are selected on object ''

2018-06-04 19:14:18 - [MESSAGE][PASSED] - All options with index in [1] are selected on object ''

2018-06-04 19:14:18 - [TEST_STEP][PASSED] - delay: Delayed 2 second(s)

2018-06-04 19:14:20 - [MESSAGE][PASSED] - Delayed 2 second(s)

2018-06-04 19:14:20 - [TEST_STEP][PASSED] - Statement - batch = new com.kms.katalon.core.testobject.TestObject(): null

2018-06-04 19:14:20 - [TEST_STEP][PASSED] - Statement - batch = com.kms.katalon.core.webui.keyword.WebUiBuiltInKeywords.modifyObjectProperty(batch, "xpath", "equals", "//*[@id = "txtbthqty" + row + ""]", true): Modify property of object successfully

2018-06-04 19:14:20 - [MESSAGE][PASSED] - Modify property of object successfully

2018-06-04 19:14:20 - [TEST_STEP][PASSED] - Statement - batchqty = com.kms.katalon.core.webui.keyword.WebUiBuiltInKeywords.getAttribute(batch, "value").trim(): Attribute 'value' of object '' is: '48100'

2018-06-04 19:14:20 - [MESSAGE][PASSED] - Attribute 'value' of object '' is: '48100'

2018-06-04 19:14:20 - [TEST_STEP][PASSED] - Statement - Rqty = 100: null

2018-06-04 19:14:20 - [TEST_STEP][PASSED] - Statement - out.println("BatchQty : " + batchqty): null

2018-06-04 19:14:20 - [TEST_STEP][PASSED] - Statement - out.println("RQty : " + Rqty): null

2018-06-04 19:14:20 - [TEST_STEP][PASSED] - Statement - If (java.lang.Integer.valueOf(batchqty) >= java.lang.Integer.valueOf(Rqty)): null

2018-06-04 19:14:20 - [TEST_STEP][PASSED] - Statement - Break: null

2018-06-04 19:14:20 - [TEST_STEP][PASSED] - Statement - batchlength = new com.kms.katalon.core.testobject.TestObject(): null

2018-06-04 19:14:20 - [TEST_STEP][PASSED] - Statement - batchlength = com.kms.katalon.core.webui.keyword.WebUiBuiltInKeywords.modifyObjectProperty(batchlength, "xpath", "equals", "//*[@id = "fldvendor" + row + ""]", true): Modify property of object successfully

2018-06-04 19:14:20 - [MESSAGE][PASSED] - Modify property of object successfully

2018-06-04 19:14:20 - [TEST_STEP][PASSED] - Statement - batchsize = com.kms.katalon.core.webui.keyword.WebUiBuiltInKeywords.getNumberOfTotalOption(batchlength): 10 options of object '' counted

2018-06-04 19:14:20 - [MESSAGE][PASSED] - 10 options of object '' counted

2018-06-04 19:14:20 - [TEST_STEP][PASSED] - Statement - out.println("BatchSize : " + batchsize): null

2018-06-04 19:14:20 - [TEST_STEP][PASSED] - Statement - For ([n = 1, n <= batchsize - 1, (n++)]): null

2018-06-04 19:14:20 - [TEST_STEP][PASSED] - Statement - product = new com.kms.katalon.core.testobject.TestObject(): null

2018-06-04 19:14:20 - [TEST_STEP][PASSED] - Statement - product = com.kms.katalon.core.webui.keyword.WebUiBuiltInKeywords.modifyObjectProperty(product, "xpath", "equals", "//*[@id = "fldvendor" + row + ""]", true): Modify property of object successfully

2018-06-04 19:14:20 - [MESSAGE][PASSED] - Modify property of object successfully

2018-06-04 19:14:20 - [TEST_STEP][PASSED] - selectOptionByIndex: All options with index in [1] are selected on object ''

2018-06-04 19:14:20 - [MESSAGE][PASSED] - All options with index in [1] are selected on object ''

2018-06-04 19:14:20 - [TEST_STEP][PASSED] - delay: Delayed 2 second(s)

2018-06-04 19:14:22 - [MESSAGE][PASSED] - Delayed 2 second(s)

2018-06-04 19:14:22 - [TEST_STEP][PASSED] - Statement - batch = new com.kms.katalon.core.testobject.TestObject(): null

2018-06-04 19:14:22 - [TEST_STEP][PASSED] - Statement - batch = com.kms.katalon.core.webui.keyword.WebUiBuiltInKeywords.modifyObjectProperty(batch, "xpath", "equals", "//*[@id = "txtbthqty" + row + ""]", true): Modify property of object successfully

2018-06-04 19:14:22 - [MESSAGE][PASSED] - Modify property of object successfully

2018-06-04 19:14:22 - [TEST_STEP][PASSED] - Statement - batchqty = com.kms.katalon.core.webui.keyword.WebUiBuiltInKeywords.getAttribute(batch, "value").trim(): Attribute 'value' of object '' is: '48100'

2018-06-04 19:14:22 - [MESSAGE][PASSED] - Attribute 'value' of object '' is: '48100'

2018-06-04 19:14:22 - [TEST_STEP][PASSED] - Statement - Rqty = 100: null

2018-06-04 19:14:22 - [TEST_STEP][PASSED] - Statement - out.println("BatchQty : " + batchqty): null

2018-06-04 19:14:22 - [TEST_STEP][PASSED] - Statement - out.println("RQty : " + Rqty): null

2018-06-04 19:14:22 - [TEST_STEP][PASSED] - Statement - If (java.lang.Integer.valueOf(batchqty) >= java.lang.Integer.valueOf(Rqty)): null

2018-06-04 19:14:22 - [TEST_STEP][PASSED] - Statement - Break: null

2018-06-04 19:14:22 - [TEST_STEP][PASSED] - Statement - batchlength = new com.kms.katalon.core.testobject.TestObject(): null

2018-06-04 19:14:22 - [TEST_STEP][PASSED] - Statement - batchlength = com.kms.katalon.core.webui.keyword.WebUiBuiltInKeywords.modifyObjectProperty(batchlength, "xpath", "equals", "//*[@id = "fldvendor" + row + ""]", true): Modify property of object successfully

2018-06-04 19:14:22 - [MESSAGE][PASSED] - Modify property of object successfully

2018-06-04 19:14:22 - [TEST_STEP][PASSED] - Statement - batchsize = com.kms.katalon.core.webui.keyword.WebUiBuiltInKeywords.getNumberOfTotalOption(batchlength): 10 options of object '' counted

2018-06-04 19:14:22 - [MESSAGE][PASSED] - 10 options of object '' counted

2018-06-04 19:14:22 - [TEST_STEP][PASSED] - Statement - out.println("BatchSize : " + batchsize): null

2018-06-04 19:14:22 - [TEST_STEP][PASSED] - Statement - For ([n = 1, n <= batchsize - 1, (n++)]): null

2018-06-04 19:14:22 - [TEST_STEP][PASSED] - Statement - product = new com.kms.katalon.core.testobject.TestObject(): null

2018-06-04 19:14:22 - [TEST_STEP][PASSED] - Statement - product = com.kms.katalon.core.webui.keyword.WebUiBuiltInKeywords.modifyObjectProperty(product, "xpath", "equals", "//*[@id = "fldvendor" + row + ""]", true): Modify property of object successfully

2018-06-04 19:14:22 - [MESSAGE][PASSED] - Modify property of object successfully

2018-06-04 19:14:22 - [TEST_STEP][PASSED] - selectOptionByIndex: All options with index in [1] are selected on object ''

2018-06-04 19:14:22 - [MESSAGE][PASSED] - All options with index in [1] are selected on object ''

2018-06-04 19:14:22 - [TEST_STEP][PASSED] - delay: Delayed 2 second(s)

2018-06-04 19:14:24 - [MESSAGE][PASSED] - Delayed 2 second(s)

2018-06-04 19:14:24 - [TEST_STEP][PASSED] - Statement - batch = new com.kms.katalon.core.testobject.TestObject(): null

2018-06-04 19:14:24 - [TEST_STEP][PASSED] - Statement - batch = com.kms.katalon.core.webui.keyword.WebUiBuiltInKeywords.modifyObjectProperty(batch, "xpath", "equals", "//*[@id = "txtbthqty" + row + ""]", true): Modify property of object successfully

2018-06-04 19:14:24 - [MESSAGE][PASSED] - Modify property of object successfully

2018-06-04 19:14:24 - [TEST_STEP][PASSED] - Statement - batchqty = com.kms.katalon.core.webui.keyword.WebUiBuiltInKeywords.getAttribute(batch, "value").trim(): Attribute 'value' of object '' is: '49200'

2018-06-04 19:14:24 - [MESSAGE][PASSED] - Attribute 'value' of object '' is: '49200'

2018-06-04 19:14:24 - [TEST_STEP][PASSED] - Statement - Rqty = 100: null

2018-06-04 19:14:24 - [TEST_STEP][PASSED] - Statement - out.println("BatchQty : " + batchqty): null

2018-06-04 19:14:24 - [TEST_STEP][PASSED] - Statement - out.println("RQty : " + Rqty): null

2018-06-04 19:14:24 - [TEST_STEP][PASSED] - Statement - If (java.lang.Integer.valueOf(batchqty) >= java.lang.Integer.valueOf(Rqty)): null

2018-06-04 19:14:24 - [TEST_STEP][PASSED] - Statement - Break: null

2018-06-04 19:14:24 - [TEST_STEP][PASSED] - Statement - batchlength = new com.kms.katalon.core.testobject.TestObject(): null

2018-06-04 19:14:24 - [TEST_STEP][PASSED] - Statement - batchlength = com.kms.katalon.core.webui.keyword.WebUiBuiltInKeywords.modifyObjectProperty(batchlength, "xpath", "equals", "//*[@id = "fldvendor" + row + ""]", true): Modify property of object successfully

2018-06-04 19:14:24 - [MESSAGE][PASSED] - Modify property of object successfully

2018-06-04 19:14:24 - [TEST_STEP][PASSED] - Statement - batchsize = com.kms.katalon.core.webui.keyword.WebUiBuiltInKeywords.getNumberOfTotalOption(batchlength): 10 options of object '' counted

2018-06-04 19:14:24 - [MESSAGE][PASSED] - 10 options of object '' counted

2018-06-04 19:14:24 - [TEST_STEP][PASSED] - Statement - out.println("BatchSize : " + batchsize): null

2018-06-04 19:14:24 - [TEST_STEP][PASSED] - Statement - For ([n = 1, n <= batchsize - 1, (n++)]): null

2018-06-04 19:14:24 - [TEST_STEP][PASSED] - Statement - product = new com.kms.katalon.core.testobject.TestObject(): null

2018-06-04 19:14:24 - [TEST_STEP][PASSED] - Statement - product = com.kms.katalon.core.webui.keyword.WebUiBuiltInKeywords.modifyObjectProperty(product, "xpath", "equals", "//*[@id = "fldvendor" + row + ""]", true): Modify property of object successfully

2018-06-04 19:14:24 - [MESSAGE][PASSED] - Modify property of object successfully

2018-06-04 19:14:24 - [TEST_STEP][PASSED] - selectOptionByIndex: All options with index in [1] are selected on object ''

2018-06-04 19:14:24 - [MESSAGE][PASSED] - All options with index in [1] are selected on object ''

2018-06-04 19:14:24 - [TEST_STEP][PASSED] - delay: Delayed 2 second(s)

2018-06-04 19:14:26 - [MESSAGE][PASSED] - Delayed 2 second(s)

2018-06-04 19:14:26 - [TEST_STEP][PASSED] - Statement - batch = new com.kms.katalon.core.testobject.TestObject(): null

2018-06-04 19:14:26 - [TEST_STEP][PASSED] - Statement - batch = com.kms.katalon.core.webui.keyword.WebUiBuiltInKeywords.modifyObjectProperty(batch, "xpath", "equals", "//*[@id = "txtbthqty" + row + ""]", true): Modify property of object successfully

2018-06-04 19:14:26 - [MESSAGE][PASSED] - Modify property of object successfully

2018-06-04 19:14:26 - [TEST_STEP][PASSED] - Statement - batchqty = com.kms.katalon.core.webui.keyword.WebUiBuiltInKeywords.getAttribute(batch, "value").trim(): Attribute 'value' of object '' is: '48100'

2018-06-04 19:14:26 - [MESSAGE][PASSED] - Attribute 'value' of object '' is: '48100'

2018-06-04 19:14:26 - [TEST_STEP][PASSED] - Statement - Rqty = 100: null

2018-06-04 19:14:26 - [TEST_STEP][PASSED] - Statement - out.println("BatchQty : " + batchqty): null

2018-06-04 19:14:26 - [TEST_STEP][PASSED] - Statement - out.println("RQty : " + Rqty): null

2018-06-04 19:14:26 - [TEST_STEP][PASSED] - Statement - If (java.lang.Integer.valueOf(batchqty) >= java.lang.Integer.valueOf(Rqty)): null

2018-06-04 19:14:26 - [TEST_STEP][PASSED] - Statement - Break: null

2018-06-04 19:14:26 - [TEST_STEP][PASSED] - Statement - batchlength = new com.kms.katalon.core.testobject.TestObject(): null

2018-06-04 19:14:26 - [TEST_STEP][PASSED] - Statement - batchlength = com.kms.katalon.core.webui.keyword.WebUiBuiltInKeywords.modifyObjectProperty(batchlength, "xpath", "equals", "//*[@id = "fldvendor" + row + ""]", true): Modify property of object successfully

2018-06-04 19:14:26 - [MESSAGE][PASSED] - Modify property of object successfully

2018-06-04 19:14:26 - [TEST_STEP][PASSED] - Statement - batchsize = com.kms.katalon.core.webui.keyword.WebUiBuiltInKeywords.getNumberOfTotalOption(batchlength): 10 options of object '' counted

2018-06-04 19:14:27 - [MESSAGE][PASSED] - 10 options of object '' counted

2018-06-04 19:14:27 - [TEST_STEP][PASSED] - Statement - out.println("BatchSize : " + batchsize): null

2018-06-04 19:14:27 - [TEST_STEP][PASSED] - Statement - For ([n = 1, n <= batchsize - 1, (n++)]): null

2018-06-04 19:14:27 - [TEST_STEP][PASSED] - Statement - product = new com.kms.katalon.core.testobject.TestObject(): null

2018-06-04 19:14:27 - [TEST_STEP][PASSED] - Statement - product = com.kms.katalon.core.webui.keyword.WebUiBuiltInKeywords.modifyObjectProperty(product, "xpath", "equals", "//*[@id = "fldvendor" + row + ""]", true): Modify property of object successfully

2018-06-04 19:14:27 - [MESSAGE][PASSED] - Modify property of object successfully

2018-06-04 19:14:27 - [TEST_STEP][PASSED] - selectOptionByIndex: All options with index in [1] are selected on object ''

2018-06-04 19:14:27 - [MESSAGE][PASSED] - All options with index in [1] are selected on object ''

2018-06-04 19:14:27 - [TEST_STEP][PASSED] - delay: Delayed 2 second(s)

2018-06-04 19:14:29 - [MESSAGE][PASSED] - Delayed 2 second(s)

2018-06-04 19:14:29 - [TEST_STEP][PASSED] - Statement - batch = new com.kms.katalon.core.testobject.TestObject(): null

2018-06-04 19:14:29 - [TEST_STEP][PASSED] - Statement - batch = com.kms.katalon.core.webui.keyword.WebUiBuiltInKeywords.modifyObjectProperty(batch, "xpath", "equals", "//*[@id = "txtbthqty" + row + ""]", true): Modify property of object successfully

2018-06-04 19:14:29 - [MESSAGE][PASSED] - Modify property of object successfully

2018-06-04 19:14:29 - [TEST_STEP][PASSED] - Statement - batchqty = com.kms.katalon.core.webui.keyword.WebUiBuiltInKeywords.getAttribute(batch, "value").trim(): Attribute 'value' of object '' is: '49000'

2018-06-04 19:14:29 - [MESSAGE][PASSED] - Attribute 'value' of object '' is: '49000'

2018-06-04 19:14:29 - [TEST_STEP][PASSED] - Statement - Rqty = 100: null

2018-06-04 19:14:29 - [TEST_STEP][PASSED] - Statement - out.println("BatchQty : " + batchqty): null

2018-06-04 19:14:29 - [TEST_STEP][PASSED] - Statement - out.println("RQty : " + Rqty): null

2018-06-04 19:14:29 - [TEST_STEP][PASSED] - Statement - If (java.lang.Integer.valueOf(batchqty) >= java.lang.Integer.valueOf(Rqty)): null

2018-06-04 19:14:29 - [TEST_STEP][PASSED] - Statement - Break: null

2018-06-04 19:14:29 - [TEST_STEP][PASSED] - Statement - batchlength = new com.kms.katalon.core.testobject.TestObject(): null

2018-06-04 19:14:29 - [TEST_STEP][PASSED] - Statement - batchlength = com.kms.katalon.core.webui.keyword.WebUiBuiltInKeywords.modifyObjectProperty(batchlength, "xpath", "equals", "//*[@id = "fldvendor" + row + ""]", true): Modify property of object successfully

2018-06-04 19:14:29 - [MESSAGE][PASSED] - Modify property of object successfully

2018-06-04 19:14:29 - [TEST_STEP][PASSED] - Statement - batchsize = com.kms.katalon.core.webui.keyword.WebUiBuiltInKeywords.getNumberOfTotalOption(batchlength): 10 options of object '' counted

2018-06-04 19:14:29 - [MESSAGE][PASSED] - 10 options of object '' counted

2018-06-04 19:14:29 - [TEST_STEP][PASSED] - Statement - out.println("BatchSize : " + batchsize): null

2018-06-04 19:14:29 - [TEST_STEP][PASSED] - Statement - For ([n = 1, n <= batchsize - 1, (n++)]): null

2018-06-04 19:14:29 - [TEST_STEP][PASSED] - Statement - product = new com.kms.katalon.core.testobject.TestObject(): null

2018-06-04 19:14:29 - [TEST_STEP][PASSED] - Statement - product = com.kms.katalon.core.webui.keyword.WebUiBuiltInKeywords.modifyObjectProperty(product, "xpath", "equals", "//*[@id = "fldvendor" + row + ""]", true): Modify property of object successfully

2018-06-04 19:14:29 - [MESSAGE][PASSED] - Modify property of object successfully

2018-06-04 19:14:29 - [TEST_STEP][PASSED] - selectOptionByIndex: All options with index in [1] are selected on object ''

2018-06-04 19:14:29 - [MESSAGE][PASSED] - All options with index in [1] are selected on object ''

2018-06-04 19:14:29 - [TEST_STEP][PASSED] - delay: Delayed 2 second(s)

2018-06-04 19:14:31 - [MESSAGE][PASSED] - Delayed 2 second(s)

2018-06-04 19:14:31 - [TEST_STEP][PASSED] - Statement - batch = new com.kms.katalon.core.testobject.TestObject(): null

2018-06-04 19:14:31 - [TEST_STEP][PASSED] - Statement - batch = com.kms.katalon.core.webui.keyword.WebUiBuiltInKeywords.modifyObjectProperty(batch, "xpath", "equals", "//*[@id = "txtbthqty" + row + ""]", true): Modify property of object successfully

2018-06-04 19:14:31 - [MESSAGE][PASSED] - Modify property of object successfully

2018-06-04 19:14:31 - [TEST_STEP][PASSED] - Statement - batchqty = com.kms.katalon.core.webui.keyword.WebUiBuiltInKeywords.getAttribute(batch, "value").trim(): Attribute 'value' of object '' is: '37100'

2018-06-04 19:14:31 - [MESSAGE][PASSED] - Attribute 'value' of object '' is: '37100'

2018-06-04 19:14:31 - [TEST_STEP][PASSED] - Statement - Rqty = 100: null

2018-06-04 19:14:31 - [TEST_STEP][PASSED] - Statement - out.println("BatchQty : " + batchqty): null

2018-06-04 19:14:31 - [TEST_STEP][PASSED] - Statement - out.println("RQty : " + Rqty): null

2018-06-04 19:14:31 - [TEST_STEP][PASSED] - Statement - If (java.lang.Integer.valueOf(batchqty) >= java.lang.Integer.valueOf(Rqty)): null

2018-06-04 19:14:31 - [TEST_STEP][PASSED] - Statement - Break: null

2018-06-04 19:14:31 - [TEST_STEP][PASSED] - Statement - batchlength = new com.kms.katalon.core.testobject.TestObject(): null

2018-06-04 19:14:31 - [TEST_STEP][PASSED] - Statement - batchlength = com.kms.katalon.core.webui.keyword.WebUiBuiltInKeywords.modifyObjectProperty(batchlength, "xpath", "equals", "//*[@id = "fldvendor" + row + ""]", true): Modify property of object successfully

2018-06-04 19:14:31 - [MESSAGE][PASSED] - Modify property of object successfully

2018-06-04 19:14:31 - [TEST_STEP][PASSED] - Statement - batchsize = com.kms.katalon.core.webui.keyword.WebUiBuiltInKeywords.getNumberOfTotalOption(batchlength): 10 options of object '' counted

2018-06-04 19:14:31 - [MESSAGE][PASSED] - 10 options of object '' counted

2018-06-04 19:14:31 - [TEST_STEP][PASSED] - Statement - out.println("BatchSize : " + batchsize): null

2018-06-04 19:14:31 - [TEST_STEP][PASSED] - Statement - For ([n = 1, n <= batchsize - 1, (n++)]): null

2018-06-04 19:14:31 - [TEST_STEP][PASSED] - Statement - product = new com.kms.katalon.core.testobject.TestObject(): null

2018-06-04 19:14:31 - [TEST_STEP][PASSED] - Statement - product = com.kms.katalon.core.webui.keyword.WebUiBuiltInKeywords.modifyObjectProperty(product, "xpath", "equals", "//*[@id = "fldvendor" + row + ""]", true): Modify property of object successfully

2018-06-04 19:14:31 - [MESSAGE][PASSED] - Modify property of object successfully

2018-06-04 19:14:31 - [TEST_STEP][PASSED] - selectOptionByIndex: All options with index in [1] are selected on object ''

2018-06-04 19:14:31 - [MESSAGE][PASSED] - All options with index in [1] are selected on object ''

2018-06-04 19:14:31 - [TEST_STEP][PASSED] - delay: Delayed 2 second(s)

2018-06-04 19:14:33 - [MESSAGE][PASSED] - Delayed 2 second(s)

2018-06-04 19:14:33 - [TEST_STEP][PASSED] - Statement - batch = new com.kms.katalon.core.testobject.TestObject(): null

2018-06-04 19:14:33 - [TEST_STEP][PASSED] - Statement - batch = com.kms.katalon.core.webui.keyword.WebUiBuiltInKeywords.modifyObjectProperty(batch, "xpath", "equals", "//*[@id = "txtbthqty" + row + ""]", true): Modify property of object successfully

2018-06-04 19:14:33 - [MESSAGE][PASSED] - Modify property of object successfully

2018-06-04 19:14:33 - [TEST_STEP][PASSED] - Statement - batchqty = com.kms.katalon.core.webui.keyword.WebUiBuiltInKeywords.getAttribute(batch, "value").trim(): Attribute 'value' of object '' is: '49000'

2018-06-04 19:14:33 - [MESSAGE][PASSED] - Attribute 'value' of object '' is: '49000'

2018-06-04 19:14:33 - [TEST_STEP][PASSED] - Statement - Rqty = 100: null

2018-06-04 19:14:33 - [TEST_STEP][PASSED] - Statement - out.println("BatchQty : " + batchqty): null

2018-06-04 19:14:33 - [TEST_STEP][PASSED] - Statement - out.println("RQty : " + Rqty): null

2018-06-04 19:14:33 - [TEST_STEP][PASSED] - Statement - If (java.lang.Integer.valueOf(batchqty) >= java.lang.Integer.valueOf(Rqty)): null

2018-06-04 19:14:33 - [TEST_STEP][PASSED] - Statement - Break: null

2018-06-04 19:14:33 - [TEST_STEP][PASSED] - Statement - batchlength = new com.kms.katalon.core.testobject.TestObject(): null

2018-06-04 19:14:33 - [TEST_STEP][PASSED] - Statement - batchlength = com.kms.katalon.core.webui.keyword.WebUiBuiltInKeywords.modifyObjectProperty(batchlength, "xpath", "equals", "//*[@id = "fldvendor" + row + ""]", true): Modify property of object successfully

2018-06-04 19:14:33 - [MESSAGE][PASSED] - Modify property of object successfully

2018-06-04 19:14:33 - [TEST_STEP][PASSED] - Statement - batchsize = com.kms.katalon.core.webui.keyword.WebUiBuiltInKeywords.getNumberOfTotalOption(batchlength): 10 options of object '' counted

2018-06-04 19:14:33 - [MESSAGE][PASSED] - 10 options of object '' counted

2018-06-04 19:14:33 - [TEST_STEP][PASSED] - Statement - out.println("BatchSize : " + batchsize): null

2018-06-04 19:14:33 - [TEST_STEP][PASSED] - Statement - For ([n = 1, n <= batchsize - 1, (n++)]): null

2018-06-04 19:14:33 - [TEST_STEP][PASSED] - Statement - product = new com.kms.katalon.core.testobject.TestObject(): null

2018-06-04 19:14:33 - [TEST_STEP][PASSED] - Statement - product = com.kms.katalon.core.webui.keyword.WebUiBuiltInKeywords.modifyObjectProperty(product, "xpath", "equals", "//*[@id = "fldvendor" + row + ""]", true): Modify property of object successfully

2018-06-04 19:14:33 - [MESSAGE][PASSED] - Modify property of object successfully

2018-06-04 19:14:33 - [TEST_STEP][PASSED] - selectOptionByIndex: All options with index in [1] are selected on object ''

2018-06-04 19:14:33 - [MESSAGE][PASSED] - All options with index in [1] are selected on object ''

2018-06-04 19:14:33 - [TEST_STEP][PASSED] - delay: Delayed 2 second(s)

2018-06-04 19:14:35 - [MESSAGE][PASSED] - Delayed 2 second(s)

2018-06-04 19:14:35 - [TEST_STEP][PASSED] - Statement - batch = new com.kms.katalon.core.testobject.TestObject(): null

2018-06-04 19:14:35 - [TEST_STEP][PASSED] - Statement - batch = com.kms.katalon.core.webui.keyword.WebUiBuiltInKeywords.modifyObjectProperty(batch, "xpath", "equals", "//*[@id = "txtbthqty" + row + ""]", true): Modify property of object successfully

2018-06-04 19:14:35 - [MESSAGE][PASSED] - Modify property of object successfully

2018-06-04 19:14:35 - [TEST_STEP][PASSED] - Statement - batchqty = com.kms.katalon.core.webui.keyword.WebUiBuiltInKeywords.getAttribute(batch, "value").trim(): Attribute 'value' of object '' is: '37100'

2018-06-04 19:14:35 - [MESSAGE][PASSED] - Attribute 'value' of object '' is: '37100'

2018-06-04 19:14:35 - [TEST_STEP][PASSED] - Statement - Rqty = 100: null

2018-06-04 19:14:35 - [TEST_STEP][PASSED] - Statement - out.println("BatchQty : " + batchqty): null

2018-06-04 19:14:35 - [TEST_STEP][PASSED] - Statement - out.println("RQty : " + Rqty): null

2018-06-04 19:14:35 - [TEST_STEP][PASSED] - Statement - If (java.lang.Integer.valueOf(batchqty) >= java.lang.Integer.valueOf(Rqty)): null

2018-06-04 19:14:35 - [TEST_STEP][PASSED] - Statement - Break: null

2018-06-04 19:14:35 - [TEST_STEP][PASSED] - Statement - batchlength = new com.kms.katalon.core.testobject.TestObject(): null

2018-06-04 19:14:35 - [TEST_STEP][PASSED] - Statement - batchlength = com.kms.katalon.core.webui.keyword.WebUiBuiltInKeywords.modifyObjectProperty(batchlength, "xpath", "equals", "//*[@id = "fldvendor" + row + ""]", true): Modify property of object successfully

2018-06-04 19:14:35 - [MESSAGE][PASSED] - Modify property of object successfully

2018-06-04 19:14:35 - [TEST_STEP][PASSED] - Statement - batchsize = com.kms.katalon.core.webui.keyword.WebUiBuiltInKeywords.getNumberOfTotalOption(batchlength): 10 options of object '' counted

2018-06-04 19:14:36 - [MESSAGE][PASSED] - 10 options of object '' counted

2018-06-04 19:14:36 - [TEST_STEP][PASSED] - Statement - out.println("BatchSize : " + batchsize): null

2018-06-04 19:14:36 - [TEST_STEP][PASSED] - Statement - For ([n = 1, n <= batchsize - 1, (n++)]): null

2018-06-04 19:14:36 - [TEST_STEP][PASSED] - Statement - product = new com.kms.katalon.core.testobject.TestObject(): null

2018-06-04 19:14:36 - [TEST_STEP][PASSED] - Statement - product = com.kms.katalon.core.webui.keyword.WebUiBuiltInKeywords.modifyObjectProperty(product, "xpath", "equals", "//*[@id = "fldvendor" + row + ""]", true): Modify property of object successfully

2018-06-04 19:14:36 - [MESSAGE][PASSED] - Modify property of object successfully

2018-06-04 19:14:36 - [TEST_STEP][PASSED] - selectOptionByIndex: All options with index in [1] are selected on object ''

2018-06-04 19:14:36 - [MESSAGE][PASSED] - All options with index in [1] are selected on object ''

2018-06-04 19:14:36 - [TEST_STEP][PASSED] - delay: Delayed 2 second(s)

2018-06-04 19:14:38 - [MESSAGE][PASSED] - Delayed 2 second(s)

2018-06-04 19:14:38 - [TEST_STEP][PASSED] - Statement - batch = new com.kms.katalon.core.testobject.TestObject(): null

2018-06-04 19:14:38 - [TEST_STEP][PASSED] - Statement - batch = com.kms.katalon.core.webui.keyword.WebUiBuiltInKeywords.modifyObjectProperty(batch, "xpath", "equals", "//*[@id = "txtbthqty" + row + ""]", true): Modify property of object successfully

2018-06-04 19:14:38 - [MESSAGE][PASSED] - Modify property of object successfully

2018-06-04 19:14:38 - [TEST_STEP][PASSED] - Statement - batchqty = com.kms.katalon.core.webui.keyword.WebUiBuiltInKeywords.getAttribute(batch, "value").trim(): Attribute 'value' of object '' is: '48100'

2018-06-04 19:14:38 - [MESSAGE][PASSED] - Attribute 'value' of object '' is: '48100'

2018-06-04 19:14:38 - [TEST_STEP][PASSED] - Statement - Rqty = 100: null

2018-06-04 19:14:38 - [TEST_STEP][PASSED] - Statement - out.println("BatchQty : " + batchqty): null

2018-06-04 19:14:38 - [TEST_STEP][PASSED] - Statement - out.println("RQty : " + Rqty): null

2018-06-04 19:14:38 - [TEST_STEP][PASSED] - Statement - If (java.lang.Integer.valueOf(batchqty) >= java.lang.Integer.valueOf(Rqty)): null

2018-06-04 19:14:38 - [TEST_STEP][PASSED] - Statement - Break: null

2018-06-04 19:14:38 - [TEST_STEP][PASSED] - Statement - batchlength = new com.kms.katalon.core.testobject.TestObject(): null

2018-06-04 19:14:38 - [TEST_STEP][PASSED] - Statement - batchlength = com.kms.katalon.core.webui.keyword.WebUiBuiltInKeywords.modifyObjectProperty(batchlength, "xpath", "equals", "//*[@id = "fldvendor" + row + ""]", true): Modify property of object successfully

2018-06-04 19:14:38 - [MESSAGE][PASSED] - Modify property of object successfully

2018-06-04 19:14:38 - [TEST_STEP][PASSED] - Statement - batchsize = com.kms.katalon.core.webui.keyword.WebUiBuiltInKeywords.getNumberOfTotalOption(batchlength): 10 options of object '' counted

2018-06-04 19:14:38 - [MESSAGE][PASSED] - 10 options of object '' counted

2018-06-04 19:14:38 - [TEST_STEP][PASSED] - Statement - out.println("BatchSize : " + batchsize): null

2018-06-04 19:14:38 - [TEST_STEP][PASSED] - Statement - For ([n = 1, n <= batchsize - 1, (n++)]): null

2018-06-04 19:14:38 - [TEST_STEP][PASSED] - Statement - product = new com.kms.katalon.core.testobject.TestObject(): null

2018-06-04 19:14:38 - [TEST_STEP][PASSED] - Statement - product = com.kms.katalon.core.webui.keyword.WebUiBuiltInKeywords.modifyObjectProperty(product, "xpath", "equals", "//*[@id = "fldvendor" + row + ""]", true): Modify property of object successfully

2018-06-04 19:14:38 - [MESSAGE][PASSED] - Modify property of object successfully

2018-06-04 19:14:38 - [TEST_STEP][PASSED] - selectOptionByIndex: All options with index in [1] are selected on object ''

2018-06-04 19:14:38 - [MESSAGE][PASSED] - All options with index in [1] are selected on object ''

2018-06-04 19:14:38 - [TEST_STEP][PASSED] - delay: Delayed 2 second(s)

2018-06-04 19:14:40 - [MESSAGE][PASSED] - Delayed 2 second(s)

2018-06-04 19:14:40 - [TEST_STEP][PASSED] - Statement - batch = new com.kms.katalon.core.testobject.TestObject(): null

2018-06-04 19:14:40 - [TEST_STEP][PASSED] - Statement - batch = com.kms.katalon.core.webui.keyword.WebUiBuiltInKeywords.modifyObjectProperty(batch, "xpath", "equals", "//*[@id = "txtbthqty" + row + ""]", true): Modify property of object successfully

2018-06-04 19:14:40 - [MESSAGE][PASSED] - Modify property of object successfully

2018-06-04 19:14:40 - [TEST_STEP][PASSED] - Statement - batchqty = com.kms.katalon.core.webui.keyword.WebUiBuiltInKeywords.getAttribute(batch, "value").trim(): Attribute 'value' of object '' is: '48100'

2018-06-04 19:14:40 - [MESSAGE][PASSED] - Attribute 'value' of object '' is: '48100'

2018-06-04 19:14:40 - [TEST_STEP][PASSED] - Statement - Rqty = 100: null

2018-06-04 19:14:40 - [TEST_STEP][PASSED] - Statement - out.println("BatchQty : " + batchqty): null

2018-06-04 19:14:40 - [TEST_STEP][PASSED] - Statement - out.println("RQty : " + Rqty): null

2018-06-04 19:14:40 - [TEST_STEP][PASSED] - Statement - If (java.lang.Integer.valueOf(batchqty) >= java.lang.Integer.valueOf(Rqty)): null

2018-06-04 19:14:40 - [TEST_STEP][PASSED] - Statement - Break: null

2018-06-04 19:14:40 - [TEST_STEP][PASSED] - Statement - batchlength = new com.kms.katalon.core.testobject.TestObject(): null

2018-06-04 19:14:40 - [TEST_STEP][PASSED] - Statement - batchlength = com.kms.katalon.core.webui.keyword.WebUiBuiltInKeywords.modifyObjectProperty(batchlength, "xpath", "equals", "//*[@id = "fldvendor" + row + ""]", true): Modify property of object successfully

2018-06-04 19:14:40 - [MESSAGE][PASSED] - Modify property of object successfully

2018-06-04 19:14:40 - [TEST_STEP][PASSED] - Statement - batchsize = com.kms.katalon.core.webui.keyword.WebUiBuiltInKeywords.getNumberOfTotalOption(batchlength): 10 options of object '' counted

2018-06-04 19:14:40 - [MESSAGE][PASSED] - 10 options of object '' counted

2018-06-04 19:14:40 - [TEST_STEP][PASSED] - Statement - out.println("BatchSize : " + batchsize): null

2018-06-04 19:14:40 - [TEST_STEP][PASSED] - Statement - For ([n = 1, n <= batchsize - 1, (n++)]): null

2018-06-04 19:14:40 - [TEST_STEP][PASSED] - Statement - product = new com.kms.katalon.core.testobject.TestObject(): null

2018-06-04 19:14:40 - [TEST_STEP][PASSED] - Statement - product = com.kms.katalon.core.webui.keyword.WebUiBuiltInKeywords.modifyObjectProperty(product, "xpath", "equals", "//*[@id = "fldvendor" + row + ""]", true): Modify property of object successfully

2018-06-04 19:14:40 - [MESSAGE][PASSED] - Modify property of object successfully

2018-06-04 19:14:40 - [TEST_STEP][PASSED] - selectOptionByIndex: All options with index in [1] are selected on object ''

2018-06-04 19:14:40 - [MESSAGE][PASSED] - All options with index in [1] are selected on object ''

2018-06-04 19:14:40 - [TEST_STEP][PASSED] - delay: Delayed 2 second(s)

2018-06-04 19:14:42 - [MESSAGE][PASSED] - Delayed 2 second(s)

2018-06-04 19:14:42 - [TEST_STEP][PASSED] - Statement - batch = new com.kms.katalon.core.testobject.TestObject(): null

2018-06-04 19:14:42 - [TEST_STEP][PASSED] - Statement - batch = com.kms.katalon.core.webui.keyword.WebUiBuiltInKeywords.modifyObjectProperty(batch, "xpath", "equals", "//*[@id = "txtbthqty" + row + ""]", true): Modify property of object successfully

2018-06-04 19:14:42 - [MESSAGE][PASSED] - Modify property of object successfully

2018-06-04 19:14:42 - [TEST_STEP][PASSED] - Statement - batchqty = com.kms.katalon.core.webui.keyword.WebUiBuiltInKeywords.getAttribute(batch, "value").trim(): Attribute 'value' of object '' is: '49200'

2018-06-04 19:14:42 - [MESSAGE][PASSED] - Attribute 'value' of object '' is: '49200'

2018-06-04 19:14:42 - [TEST_STEP][PASSED] - Statement - Rqty = 100: null

2018-06-04 19:14:42 - [TEST_STEP][PASSED] - Statement - out.println("BatchQty : " + batchqty): null

2018-06-04 19:14:42 - [TEST_STEP][PASSED] - Statement - out.println("RQty : " + Rqty): null

2018-06-04 19:14:42 - [TEST_STEP][PASSED] - Statement - If (java.lang.Integer.valueOf(batchqty) >= java.lang.Integer.valueOf(Rqty)): null

2018-06-04 19:14:42 - [TEST_STEP][PASSED] - Statement - Break: null

2018-06-04 19:14:42 - [TEST_STEP][PASSED] - Statement - batchlength = new com.kms.katalon.core.testobject.TestObject(): null

2018-06-04 19:14:42 - [TEST_STEP][PASSED] - Statement - batchlength = com.kms.katalon.core.webui.keyword.WebUiBuiltInKeywords.modifyObjectProperty(batchlength, "xpath", "equals", "//*[@id = "fldvendor" + row + ""]", true): Modify property of object successfully

2018-06-04 19:14:42 - [MESSAGE][PASSED] - Modify property of object successfully

2018-06-04 19:14:42 - [TEST_STEP][PASSED] - Statement - batchsize = com.kms.katalon.core.webui.keyword.WebUiBuiltInKeywords.getNumberOfTotalOption(batchlength): 10 options of object '' counted

2018-06-04 19:14:42 - [MESSAGE][PASSED] - 10 options of object '' counted

2018-06-04 19:14:42 - [TEST_STEP][PASSED] - Statement - out.println("BatchSize : " + batchsize): null

2018-06-04 19:14:42 - [TEST_STEP][PASSED] - Statement - For ([n = 1, n <= batchsize - 1, (n++)]): null

2018-06-04 19:14:42 - [TEST_STEP][PASSED] - Statement - product = new com.kms.katalon.core.testobject.TestObject(): null

2018-06-04 19:14:42 - [TEST_STEP][PASSED] - Statement - product = com.kms.katalon.core.webui.keyword.WebUiBuiltInKeywords.modifyObjectProperty(product, "xpath", "equals", "//*[@id = "fldvendor" + row + ""]", true): Modify property of object successfully

2018-06-04 19:14:42 - [MESSAGE][PASSED] - Modify property of object successfully

2018-06-04 19:14:42 - [TEST_STEP][PASSED] - selectOptionByIndex: All options with index in [1] are selected on object ''

2018-06-04 19:14:42 - [MESSAGE][PASSED] - All options with index in [1] are selected on object ''

2018-06-04 19:14:42 - [TEST_STEP][PASSED] - delay: Delayed 2 second(s)

2018-06-04 19:14:44 - [MESSAGE][PASSED] - Delayed 2 second(s)

2018-06-04 19:14:44 - [TEST_STEP][PASSED] - Statement - batch = new com.kms.katalon.core.testobject.TestObject(): null

2018-06-04 19:14:44 - [TEST_STEP][PASSED] - Statement - batch = com.kms.katalon.core.webui.keyword.WebUiBuiltInKeywords.modifyObjectProperty(batch, "xpath", "equals", "//*[@id = "txtbthqty" + row + ""]", true): Modify property of object successfully

2018-06-04 19:14:44 - [MESSAGE][PASSED] - Modify property of object successfully

2018-06-04 19:14:44 - [TEST_STEP][PASSED] - Statement - batchqty = com.kms.katalon.core.webui.keyword.WebUiBuiltInKeywords.getAttribute(batch, "value").trim(): Attribute 'value' of object '' is: '38100'

2018-06-04 19:14:44 - [MESSAGE][PASSED] - Attribute 'value' of object '' is: '38100'

2018-06-04 19:14:44 - [TEST_STEP][PASSED] - Statement - Rqty = 100: null

2018-06-04 19:14:44 - [TEST_STEP][PASSED] - Statement - out.println("BatchQty : " + batchqty): null

2018-06-04 19:14:44 - [TEST_STEP][PASSED] - Statement - out.println("RQty : " + Rqty): null

2018-06-04 19:14:44 - [TEST_STEP][PASSED] - Statement - If (java.lang.Integer.valueOf(batchqty) >= java.lang.Integer.valueOf(Rqty)): null

2018-06-04 19:14:44 - [TEST_STEP][PASSED] - Statement - Break: null

2018-06-04 19:14:44 - [TEST_STEP][PASSED] - Statement - batchlength = new com.kms.katalon.core.testobject.TestObject(): null

2018-06-04 19:14:44 - [TEST_STEP][PASSED] - Statement - batchlength = com.kms.katalon.core.webui.keyword.WebUiBuiltInKeywords.modifyObjectProperty(batchlength, "xpath", "equals", "//*[@id = "fldvendor" + row + ""]", true): Modify property of object successfully

2018-06-04 19:14:44 - [MESSAGE][PASSED] - Modify property of object successfully

2018-06-04 19:14:44 - [TEST_STEP][PASSED] - Statement - batchsize = com.kms.katalon.core.webui.keyword.WebUiBuiltInKeywords.getNumberOfTotalOption(batchlength): 16 options of object '' counted

2018-06-04 19:14:44 - [MESSAGE][PASSED] - 16 options of object '' counted

2018-06-04 19:14:44 - [TEST_STEP][PASSED] - Statement - out.println("BatchSize : " + batchsize): null

2018-06-04 19:14:44 - [TEST_STEP][PASSED] - Statement - For ([n = 1, n <= batchsize - 1, (n++)]): null

2018-06-04 19:14:44 - [TEST_STEP][PASSED] - Statement - product = new com.kms.katalon.core.testobject.TestObject(): null

2018-06-04 19:14:44 - [TEST_STEP][PASSED] - Statement - product = com.kms.katalon.core.webui.keyword.WebUiBuiltInKeywords.modifyObjectProperty(product, "xpath", "equals", "//*[@id = "fldvendor" + row + ""]", true): Modify property of object successfully

2018-06-04 19:14:44 - [MESSAGE][PASSED] - Modify property of object successfully

2018-06-04 19:14:44 - [TEST_STEP][PASSED] - selectOptionByIndex: All options with index in [1] are selected on object ''

2018-06-04 19:14:45 - [MESSAGE][PASSED] - All options with index in [1] are selected on object ''

2018-06-04 19:14:45 - [TEST_STEP][PASSED] - delay: Delayed 2 second(s)

2018-06-04 19:14:47 - [MESSAGE][PASSED] - Delayed 2 second(s)

2018-06-04 19:14:47 - [TEST_STEP][PASSED] - Statement - batch = new com.kms.katalon.core.testobject.TestObject(): null

2018-06-04 19:14:47 - [TEST_STEP][PASSED] - Statement - batch = com.kms.katalon.core.webui.keyword.WebUiBuiltInKeywords.modifyObjectProperty(batch, "xpath", "equals", "//*[@id = "txtbthqty" + row + ""]", true): Modify property of object successfully

2018-06-04 19:14:47 - [MESSAGE][PASSED] - Modify property of object successfully

2018-06-04 19:14:47 - [TEST_STEP][PASSED] - Statement - batchqty = com.kms.katalon.core.webui.keyword.WebUiBuiltInKeywords.getAttribute(batch, "value").trim(): Attribute 'value' of object '' is: '26100'

2018-06-04 19:14:47 - [MESSAGE][PASSED] - Attribute 'value' of object '' is: '26100'

2018-06-04 19:14:47 - [TEST_STEP][PASSED] - Statement - Rqty = 100: null

2018-06-04 19:14:47 - [TEST_STEP][PASSED] - Statement - out.println("BatchQty : " + batchqty): null

2018-06-04 19:14:47 - [TEST_STEP][PASSED] - Statement - out.println("RQty : " + Rqty): null

2018-06-04 19:14:47 - [TEST_STEP][PASSED] - Statement - If (java.lang.Integer.valueOf(batchqty) >= java.lang.Integer.valueOf(Rqty)): null

2018-06-04 19:14:47 - [TEST_STEP][PASSED] - Statement - Break: null

2018-06-04 19:14:47 - [TEST_STEP][PASSED] - Statement - batchlength = new com.kms.katalon.core.testobject.TestObject(): null

2018-06-04 19:14:47 - [TEST_STEP][PASSED] - Statement - batchlength = com.kms.katalon.core.webui.keyword.WebUiBuiltInKeywords.modifyObjectProperty(batchlength, "xpath", "equals", "//*[@id = "fldvendor" + row + ""]", true): Modify property of object successfully

2018-06-04 19:14:47 - [MESSAGE][PASSED] - Modify property of object successfully

2018-06-04 19:14:47 - [TEST_STEP][PASSED] - Statement - batchsize = com.kms.katalon.core.webui.keyword.WebUiBuiltInKeywords.getNumberOfTotalOption(batchlength): 10 options of object '' counted

2018-06-04 19:14:47 - [MESSAGE][PASSED] - 10 options of object '' counted

2018-06-04 19:14:47 - [TEST_STEP][PASSED] - Statement - out.println("BatchSize : " + batchsize): null

2018-06-04 19:14:47 - [TEST_STEP][PASSED] - Statement - For ([n = 1, n <= batchsize - 1, (n++)]): null

2018-06-04 19:14:47 - [TEST_STEP][PASSED] - Statement - product = new com.kms.katalon.core.testobject.TestObject(): null

2018-06-04 19:14:47 - [TEST_STEP][PASSED] - Statement - product = com.kms.katalon.core.webui.keyword.WebUiBuiltInKeywords.modifyObjectProperty(product, "xpath", "equals", "//*[@id = "fldvendor" + row + ""]", true): Modify property of object successfully

2018-06-04 19:14:47 - [MESSAGE][PASSED] - Modify property of object successfully

2018-06-04 19:14:47 - [TEST_STEP][PASSED] - selectOptionByIndex: All options with index in [1] are selected on object ''

2018-06-04 19:14:47 - [MESSAGE][PASSED] - All options with index in [1] are selected on object ''

2018-06-04 19:14:47 - [TEST_STEP][PASSED] - delay: Delayed 2 second(s)

2018-06-04 19:14:49 - [MESSAGE][PASSED] - Delayed 2 second(s)

2018-06-04 19:14:49 - [TEST_STEP][PASSED] - Statement - batch = new com.kms.katalon.core.testobject.TestObject(): null

2018-06-04 19:14:49 - [TEST_STEP][PASSED] - Statement - batch = com.kms.katalon.core.webui.keyword.WebUiBuiltInKeywords.modifyObjectProperty(batch, "xpath", "equals", "//*[@id = "txtbthqty" + row + ""]", true): Modify property of object successfully

2018-06-04 19:14:49 - [MESSAGE][PASSED] - Modify property of object successfully

2018-06-04 19:14:49 - [TEST_STEP][PASSED] - Statement - batchqty = com.kms.katalon.core.webui.keyword.WebUiBuiltInKeywords.getAttribute(batch, "value").trim(): Attribute 'value' of object '' is: '48100'

2018-06-04 19:14:49 - [MESSAGE][PASSED] - Attribute 'value' of object '' is: '48100'

2018-06-04 19:14:49 - [TEST_STEP][PASSED] - Statement - Rqty = 100: null

2018-06-04 19:14:49 - [TEST_STEP][PASSED] - Statement - out.println("BatchQty : " + batchqty): null

2018-06-04 19:14:49 - [TEST_STEP][PASSED] - Statement - out.println("RQty : " + Rqty): null

2018-06-04 19:14:49 - [TEST_STEP][PASSED] - Statement - If (java.lang.Integer.valueOf(batchqty) >= java.lang.Integer.valueOf(Rqty)): null

2018-06-04 19:14:49 - [TEST_STEP][PASSED] - Statement - Break: null

2018-06-04 19:14:49 - [TEST_STEP][PASSED] - Statement - batchlength = new com.kms.katalon.core.testobject.TestObject(): null

2018-06-04 19:14:49 - [TEST_STEP][PASSED] - Statement - batchlength = com.kms.katalon.core.webui.keyword.WebUiBuiltInKeywords.modifyObjectProperty(batchlength, "xpath", "equals", "//*[@id = "fldvendor" + row + ""]", true): Modify property of object successfully

2018-06-04 19:14:49 - [MESSAGE][PASSED] - Modify property of object successfully

2018-06-04 19:14:49 - [TEST_STEP][PASSED] - Statement - batchsize = com.kms.katalon.core.webui.keyword.WebUiBuiltInKeywords.getNumberOfTotalOption(batchlength): 10 options of object '' counted

2018-06-04 19:14:49 - [MESSAGE][PASSED] - 10 options of object '' counted

2018-06-04 19:14:49 - [TEST_STEP][PASSED] - Statement - out.println("BatchSize : " + batchsize): null

2018-06-04 19:14:49 - [TEST_STEP][PASSED] - Statement - For ([n = 1, n <= batchsize - 1, (n++)]): null

2018-06-04 19:14:49 - [TEST_STEP][PASSED] - Statement - product = new com.kms.katalon.core.testobject.TestObject(): null

2018-06-04 19:14:49 - [TEST_STEP][PASSED] - Statement - product = com.kms.katalon.core.webui.keyword.WebUiBuiltInKeywords.modifyObjectProperty(product, "xpath", "equals", "//*[@id = "fldvendor" + row + ""]", true): Modify property of object successfully

2018-06-04 19:14:49 - [MESSAGE][PASSED] - Modify property of object successfully

2018-06-04 19:14:49 - [TEST_STEP][PASSED] - selectOptionByIndex: All options with index in [1] are selected on object ''

2018-06-04 19:14:49 - [MESSAGE][PASSED] - All options with index in [1] are selected on object ''

2018-06-04 19:14:49 - [TEST_STEP][PASSED] - delay: Delayed 2 second(s)

2018-06-04 19:14:51 - [MESSAGE][PASSED] - Delayed 2 second(s)

2018-06-04 19:14:51 - [TEST_STEP][PASSED] - Statement - batch = new com.kms.katalon.core.testobject.TestObject(): null

2018-06-04 19:14:51 - [TEST_STEP][PASSED] - Statement - batch = com.kms.katalon.core.webui.keyword.WebUiBuiltInKeywords.modifyObjectProperty(batch, "xpath", "equals", "//*[@id = "txtbthqty" + row + ""]", true): Modify property of object successfully

2018-06-04 19:14:51 - [MESSAGE][PASSED] - Modify property of object successfully

2018-06-04 19:14:51 - [TEST_STEP][PASSED] - Statement - batchqty = com.kms.katalon.core.webui.keyword.WebUiBuiltInKeywords.getAttribute(batch, "value").trim(): Attribute 'value' of object '' is: '49000'

2018-06-04 19:14:51 - [MESSAGE][PASSED] - Attribute 'value' of object '' is: '49000'

2018-06-04 19:14:51 - [TEST_STEP][PASSED] - Statement - Rqty = 100: null

2018-06-04 19:14:51 - [TEST_STEP][PASSED] - Statement - out.println("BatchQty : " + batchqty): null

2018-06-04 19:14:51 - [TEST_STEP][PASSED] - Statement - out.println("RQty : " + Rqty): null

2018-06-04 19:14:51 - [TEST_STEP][PASSED] - Statement - If (java.lang.Integer.valueOf(batchqty) >= java.lang.Integer.valueOf(Rqty)): null

2018-06-04 19:14:51 - [TEST_STEP][PASSED] - Statement - Break: null

2018-06-04 19:14:51 - [TEST_STEP][PASSED] - Statement - batchlength = new com.kms.katalon.core.testobject.TestObject(): null

2018-06-04 19:14:51 - [TEST_STEP][PASSED] - Statement - batchlength = com.kms.katalon.core.webui.keyword.WebUiBuiltInKeywords.modifyObjectProperty(batchlength, "xpath", "equals", "//*[@id = "fldvendor" + row + ""]", true): Modify property of object successfully

2018-06-04 19:14:51 - [MESSAGE][PASSED] - Modify property of object successfully

2018-06-04 19:14:51 - [TEST_STEP][PASSED] - Statement - batchsize = com.kms.katalon.core.webui.keyword.WebUiBuiltInKeywords.getNumberOfTotalOption(batchlength): 10 options of object '' counted

2018-06-04 19:14:51 - [MESSAGE][PASSED] - 10 options of object '' counted

2018-06-04 19:14:51 - [TEST_STEP][PASSED] - Statement - out.println("BatchSize : " + batchsize): null

2018-06-04 19:14:51 - [TEST_STEP][PASSED] - Statement - For ([n = 1, n <= batchsize - 1, (n++)]): null

2018-06-04 19:14:51 - [TEST_STEP][PASSED] - Statement - product = new com.kms.katalon.core.testobject.TestObject(): null

2018-06-04 19:14:51 - [TEST_STEP][PASSED] - Statement - product = com.kms.katalon.core.webui.keyword.WebUiBuiltInKeywords.modifyObjectProperty(product, "xpath", "equals", "//*[@id = "fldvendor" + row + ""]", true): Modify property of object successfully

2018-06-04 19:14:51 - [MESSAGE][PASSED] - Modify property of object successfully

2018-06-04 19:14:51 - [TEST_STEP][PASSED] - selectOptionByIndex: All options with index in [1] are selected on object ''

2018-06-04 19:14:51 - [MESSAGE][PASSED] - All options with index in [1] are selected on object ''

2018-06-04 19:14:51 - [TEST_STEP][PASSED] - delay: Delayed 2 second(s)

2018-06-04 19:14:53 - [MESSAGE][PASSED] - Delayed 2 second(s)

2018-06-04 19:14:53 - [TEST_STEP][PASSED] - Statement - batch = new com.kms.katalon.core.testobject.TestObject(): null

2018-06-04 19:14:53 - [TEST_STEP][PASSED] - Statement - batch = com.kms.katalon.core.webui.keyword.WebUiBuiltInKeywords.modifyObjectProperty(batch, "xpath", "equals", "//*[@id = "txtbthqty" + row + ""]", true): Modify property of object successfully

2018-06-04 19:14:53 - [MESSAGE][PASSED] - Modify property of object successfully

2018-06-04 19:14:53 - [TEST_STEP][PASSED] - Statement - batchqty = com.kms.katalon.core.webui.keyword.WebUiBuiltInKeywords.getAttribute(batch, "value").trim(): Attribute 'value' of object '' is: '38100'

2018-06-04 19:14:53 - [MESSAGE][PASSED] - Attribute 'value' of object '' is: '38100'

2018-06-04 19:14:53 - [TEST_STEP][PASSED] - Statement - Rqty = 100: null

2018-06-04 19:14:53 - [TEST_STEP][PASSED] - Statement - out.println("BatchQty : " + batchqty): null

2018-06-04 19:14:53 - [TEST_STEP][PASSED] - Statement - out.println("RQty : " + Rqty): null

2018-06-04 19:14:53 - [TEST_STEP][PASSED] - Statement - If (java.lang.Integer.valueOf(batchqty) >= java.lang.Integer.valueOf(Rqty)): null

2018-06-04 19:14:53 - [TEST_STEP][PASSED] - Statement - Break: null

2018-06-04 19:14:53 - [TEST_STEP][PASSED] - click: Object: 'Object Repository/store Request Schedule 1/Page_KDMC - CMS/input_btndispatch' is clicked on

2018-06-04 19:14:54 - [MESSAGE][PASSED] - Object: 'Object Repository/store Request Schedule 1/Page_KDMC - CMS/input_btndispatch' is clicked on

2018-06-04 19:14:54 - [TEST_STEP][PASSED] - waitForElementVisible: Object 'Object Repository/store Request Schedule 1/Page_KDMC - CMS/button_OK' is visible

2018-06-04 19:14:55 - [MESSAGE][PASSED] - Object 'Object Repository/store Request Schedule 1/Page_KDMC - CMS/button_OK' is visible

2018-06-04 19:14:55 - [TEST_STEP][PASSED] - click: Object: 'Object Repository/store Request Schedule 1/Page_KDMC - CMS/button_OK' is clicked on

2018-06-04 19:14:55 - [MESSAGE][PASSED] - Object: 'Object Repository/store Request Schedule 1/Page_KDMC - CMS/button_OK' is clicked on

2018-06-04 19:14:55 - [TEST_STEP][PASSED] - delay: Delayed 3 second(s)

2018-06-04 19:14:58 - [MESSAGE][PASSED] - Delayed 3 second(s)

2018-06-04 19:14:58 - [TEST_STEP][PASSED] - click: Object: 'Object Repository/store Request Schedule 1/Page_KDMC - CMS/a_dropdown-toggle' is clicked on

2018-06-04 19:14:58 - [MESSAGE][PASSED] - Object: 'Object Repository/store Request Schedule 1/Page_KDMC - CMS/a_dropdown-toggle' is clicked on

2018-06-04 19:14:58 - [TEST_STEP][PASSED] - click: Object: 'Object Repository/store Request Schedule 1/Page_KDMC - CMS/a_Sign out' is clicked on

2018-06-04 19:14:59 - [MESSAGE][PASSED] - Object: 'Object Repository/store Request Schedule 1/Page_KDMC - CMS/a_Sign out' is clicked on

2018-06-04 19:14:59 - [TEST_STEP][PASSED] - delay: Delayed 3 second(s)

2018-06-04 19:15:02 - [MESSAGE][PASSED] - Delayed 3 second(s)

2018-06-04 19:15:02 - [TEST_STEP][PASSED] - click: Object: 'Object Repository/Store Request Schedule 1/Page_KDMC/a_Divisional Store' is clicked on

2018-06-04 19:15:02 - [MESSAGE][PASSED] - Object: 'Object Repository/Store Request Schedule 1/Page_KDMC/a_Divisional Store' is clicked on

2018-06-04 19:15:02 - [TEST_STEP][PASSED] - setText: Text 'ragu' is set on object 'Object Repository/Store Request Schedule 1/Page_Divisonal Store Login/input_txtusername'

2018-06-04 19:15:02 - [MESSAGE][PASSED] - Text 'ragu' is set on object 'Object Repository/Store Request Schedule 1/Page_Divisonal Store Login/input_txtusername'

2018-06-04 19:15:02 - [TEST_STEP][PASSED] - setText: Text '123' is set on object 'Object Repository/Store Request Schedule 1/Page_Divisonal Store Login/input_txtpassword'

2018-06-04 19:15:03 - [MESSAGE][PASSED] - Text '123' is set on object 'Object Repository/Store Request Schedule 1/Page_Divisonal Store Login/input_txtpassword'

2018-06-04 19:15:03 - [TEST_STEP][PASSED] - delay: Delayed 3 second(s)

2018-06-04 19:15:06 - [MESSAGE][PASSED] - Delayed 3 second(s)

2018-06-04 19:15:06 - [TEST_STEP][PASSED] - click: Object: 'Object Repository/Store Request Schedule 1/Page_Divisonal Store Login/button_Sign in' is clicked on

2018-06-04 19:15:07 - [MESSAGE][PASSED] - Object: 'Object Repository/Store Request Schedule 1/Page_Divisonal Store Login/button_Sign in' is clicked on

2018-06-04 19:15:07 - [TEST_STEP][PASSED] - delay: Delayed 3 second(s)

2018-06-04 19:15:10 - [MESSAGE][PASSED] - Delayed 3 second(s)

2018-06-04 19:15:10 - [TEST_STEP][PASSED] - click: Object: 'Object Repository/Store Request Schedule 1/Page_Store/a_CMS' is clicked on

2018-06-04 19:15:10 - [MESSAGE][PASSED] - Object: 'Object Repository/Store Request Schedule 1/Page_Store/a_CMS' is clicked on

2018-06-04 19:15:10 - [TEST_STEP][PASSED] - delay: Delayed 2 second(s)

2018-06-04 19:15:12 - [MESSAGE][PASSED] - Delayed 2 second(s)

2018-06-04 19:15:12 - [TEST_STEP][PASSED] - click: Object: 'Object Repository/Store Request Schedule 1/Page_Store/a_Receiving Goods' is clicked on

2018-06-04 19:15:13 - [MESSAGE][PASSED] - Object: 'Object Repository/Store Request Schedule 1/Page_Store/a_Receiving Goods' is clicked on

2018-06-04 19:15:13 - [TEST_STEP][PASSED] - setText: Text 'PRNO/04062018/599' is set on object 'Object Repository/Store Request Schedule 1/Page_Store/input'

2018-06-04 19:15:14 - [MESSAGE][PASSED] - Text 'PRNO/04062018/599' is set on object 'Object Repository/Store Request Schedule 1/Page_Store/input'

2018-06-04 19:15:14 - [TEST_STEP][PASSED] - click: Object: 'Object Repository/Store Request Schedule 1/Page_Store/input_btn btn-primary' is clicked on

2018-06-04 19:15:14 - [MESSAGE][PASSED] - Object: 'Object Repository/Store Request Schedule 1/Page_Store/input_btn btn-primary' is clicked on

2018-06-04 19:15:14 - [TEST_STEP][PASSED] - delay: Delayed 2 second(s)

2018-06-04 19:15:16 - [MESSAGE][PASSED] - Delayed 2 second(s)

2018-06-04 19:15:16 - [TEST_STEP][PASSED] - click: Object: 'Object Repository/Store Request Schedule 1/Page_Store/input_chkrem' is clicked on

2018-06-04 19:15:16 - [MESSAGE][PASSED] - Object: 'Object Repository/Store Request Schedule 1/Page_Store/input_chkrem' is clicked on

2018-06-04 19:15:16 - [TEST_STEP][PASSED] - scrollToElement: Scroll to object 'Object Repository/Store Request Schedule 1/Page_Store/input_btchkroqadd' successfully

2018-06-04 19:15:16 - [MESSAGE][PASSED] - Scroll to object 'Object Repository/Store Request Schedule 1/Page_Store/input_btchkroqadd' successfully

2018-06-04 19:15:16 - [TEST_STEP][PASSED] - click: Object: 'Object Repository/Store Request Schedule 1/Page_Store/input_btchkroqadd' is clicked on

2018-06-04 19:15:16 - [MESSAGE][PASSED] - Object: 'Object Repository/Store Request Schedule 1/Page_Store/input_btchkroqadd' is clicked on

2018-06-04 19:15:16 - [TEST_STEP][PASSED] - delay: Delayed 2 second(s)

2018-06-04 19:15:18 - [MESSAGE][PASSED] - Delayed 2 second(s)

2018-06-04 19:15:18 - [TEST_STEP][PASSED] - refresh: Refresh successfully

2018-06-04 19:15:19 - [MESSAGE][PASSED] - Refresh successfully

2018-06-04 19:15:19 - [TEST_STEP][PASSED] - delay: Delayed 3 second(s)

2018-06-04 19:15:22 - [MESSAGE][PASSED] - Delayed 3 second(s)

2018-06-04 19:15:22 - [TEST_STEP][PASSED] - click: Object: 'Object Repository/Store Request Schedule 1/Page_Store/a_dropdown-toggle' is clicked on

2018-06-04 19:15:22 - [MESSAGE][PASSED] - Object: 'Object Repository/Store Request Schedule 1/Page_Store/a_dropdown-toggle' is clicked on

2018-06-04 19:15:22 - [TEST_STEP][PASSED] - click: Object: 'Object Repository/Store Request Schedule 1/Page_Store/a_Sign out' is clicked on

2018-06-04 19:15:22 - [MESSAGE][PASSED] - Object: 'Object Repository/Store Request Schedule 1/Page_Store/a_Sign out' is clicked on

2018-06-04 19:15:22 - [TEST_STEP][PASSED] - closeBrowser: Browser is closed

2018-06-04 19:15:23 - [MESSAGE][PASSED] - Browser is closed

2018-06-04 19:15:23 - [TEST_STEP][PASSED] - Statement - out.println("Schedule 12 STORE Request Are Working Successfully"): null]]></system-out>
         <system-err><![CDATA[]]></system-err>
      </testcase>
      <system-out><![CDATA[2018-06-04 18:32:12 - [TEST_SUITE][FAILED] - Store_Suit: Test Cases/STORE TO CMS REQUEST TEST CASES/TC_STCMS_001 To Verify Schedule 1 Store To CMS Request Are Working Successfully Or Not FAILED because (of) Unable to click on object 'Object Repository/Store Request Schedule 1/Page_Divisonal Store Login/button_Sign in' (Root cause: org.openqa.selenium.WebDriverException: unknown error: Element <button type="submit" id="btnSubmit" style="color: #ffffff;" class="btn bg-blue btn-block">...</button> is not clickable at point (791, 568). Other element would receive the click: <div style="position: absolute; display: block; width: auto; height: auto; padding: 0px; margin: 0px; text-align: left; border: none; border-radius: 0px; z-index: 2147483646; font-size: 0px; left: 631.5px; top: 493px;">...</div>
  (Session info: chrome=66.0.3359.181)
  (Driver info: chromedriver=2.35.528161 (5b82f2d2aae0ca24b877009200ced9065a772e73),platform=Windows NT 10.0.17134 x86_64) (WARNING: The server did not provide any stacktrace information)
Command duration or timeout: 0 milliseconds
Build info: version: '3.7.1', revision: '8a0099a', time: '2017-11-06T21:07:36.161Z'
System info: host: 'DESKTOP-BLFTK83', ip: '169.254.189.85', os.name: 'Windows 10', os.arch: 'amd64', os.version: '10.0', java.version: '1.8.0_102'
Driver info: com.kms.katalon.selenium.driver.CChromeDriver
Capabilities {acceptInsecureCerts: false, acceptSslCerts: false, applicationCacheEnabled: false, browserConnectionEnabled: false, browserName: chrome, chrome: {chromedriverVersion: 2.35.528161 (5b82f2d2aae0ca..., userDataDir: C:\Users\QUALIT~1\AppData\L...}, cssSelectorsEnabled: true, databaseEnabled: false, handlesAlerts: true, hasTouchScreen: false, javascriptEnabled: true, locationContextEnabled: true, mobileEmulationEnabled: false, nativeEvents: true, networkConnectionEnabled: false, pageLoadStrategy: normal, platform: XP, platformName: XP, rotatable: false, setWindowRect: true, takesHeapSnapshot: true, takesScreenshot: true, unexpectedAlertBehaviour: , unhandledPromptBehavior: , version: 66.0.3359.181, webStorageEnabled: true}
Session ID: ef78e8e094aa143e074b5b716a5c2468)]]></system-out>
      <system-err><![CDATA[2018-06-04 18:32:12 - [TEST_SUITE][FAILED] - Store_Suit: Test Cases/STORE TO CMS REQUEST TEST CASES/TC_STCMS_001 To Verify Schedule 1 Store To CMS Request Are Working Successfully Or Not FAILED because (of) Unable to click on object 'Object Repository/Store Request Schedule 1/Page_Divisonal Store Login/button_Sign in' (Root cause: org.openqa.selenium.WebDriverException: unknown error: Element <button type="submit" id="btnSubmit" style="color: #ffffff;" class="btn bg-blue btn-block">...</button> is not clickable at point (791, 568). Other element would receive the click: <div style="position: absolute; display: block; width: auto; height: auto; padding: 0px; margin: 0px; text-align: left; border: none; border-radius: 0px; z-index: 2147483646; font-size: 0px; left: 631.5px; top: 493px;">...</div>
  (Session info: chrome=66.0.3359.181)
  (Driver info: chromedriver=2.35.528161 (5b82f2d2aae0ca24b877009200ced9065a772e73),platform=Windows NT 10.0.17134 x86_64) (WARNING: The server did not provide any stacktrace information)
Command duration or timeout: 0 milliseconds
Build info: version: '3.7.1', revision: '8a0099a', time: '2017-11-06T21:07:36.161Z'
System info: host: 'DESKTOP-BLFTK83', ip: '169.254.189.85', os.name: 'Windows 10', os.arch: 'amd64', os.version: '10.0', java.version: '1.8.0_102'
Driver info: com.kms.katalon.selenium.driver.CChromeDriver
Capabilities {acceptInsecureCerts: false, acceptSslCerts: false, applicationCacheEnabled: false, browserConnectionEnabled: false, browserName: chrome, chrome: {chromedriverVersion: 2.35.528161 (5b82f2d2aae0ca..., userDataDir: C:\Users\QUALIT~1\AppData\L...}, cssSelectorsEnabled: true, databaseEnabled: false, handlesAlerts: true, hasTouchScreen: false, javascriptEnabled: true, locationContextEnabled: true, mobileEmulationEnabled: false, nativeEvents: true, networkConnectionEnabled: false, pageLoadStrategy: normal, platform: XP, platformName: XP, rotatable: false, setWindowRect: true, takesHeapSnapshot: true, takesScreenshot: true, unexpectedAlertBehaviour: , unhandledPromptBehavior: , version: 66.0.3359.181, webStorageEnabled: true}
Session ID: ef78e8e094aa143e074b5b716a5c2468)]]></system-err>
   </testsuite>
</testsuites>
