<?xml version="1.0" encoding="UTF-8"?>
<testsuites name="Emergency_Suit" time="1253" tests="2" failures="5" errors="0">
   <testsuite name="Emergency_Suit" tests="2" failures="5" errors="0" time="1253" timestamp="2018-05-15 13:34:26" hostname="Quality Analyst - DESKTOP-BLFTK83" id="Test Suites/Emergency_Suit">
      <properties>
         <property name="deviceName" value=""/>
         <property name="devicePlatform" value=""/>
         <property name="logFolder" value="C:\\Users\\Quality Analyst\\Katalon Studio\\ds\\Reports\\Emergency_Suit\\20180515_133425"/>
         <property name="logFiles" value="C:\\Users\\Quality Analyst\\Katalon Studio\\ds\\Reports\\Emergency_Suit\\20180515_133425\\execution0.log"/>
         <property name="attachments" value="C:\\Users\\Quality Analyst\\Katalon Studio\\ds\\Reports\\Emergency_Suit\\20180515_133425\\1526371594238.png, C:\\Users\\Quality Analyst\\Katalon Studio\\ds\\Reports\\Emergency_Suit\\20180515_133425\\1526371746378.png, C:\\Users\\Quality Analyst\\Katalon Studio\\ds\\Reports\\Emergency_Suit\\20180515_133425\\1526372103797.png, C:\\Users\\Quality Analyst\\Katalon Studio\\ds\\Reports\\Emergency_Suit\\20180515_133425\\1526372393682.png, C:\\Users\\Quality Analyst\\Katalon Studio\\ds\\Reports\\Emergency_Suit\\20180515_133425\\1526372718563.png"/>
         <property name="hostName" value="Quality Analyst - DESKTOP-BLFTK83"/>
         <property name="os" value="Windows 10 64bit"/>
         <property name="katalonVersion" value="5.4.1.1"/>
         <property name="browser" value="Chrome 66.0.3359.139"/>
         <property name="hostAddress" value="192.168.71.2"/>
         <property name="sessionId" value="bde099ebabaf8ea2b293ec14a7133d32"/>
         <property name="seleniumVersion" value="3.7.1"/>
         <property name="proxyInformation" value="ProxyInformation{proxyOption=NO_PROXY, proxyServerType=HTTP, password=, proxyServerAddress=, proxyServerPort=0}"/>
         <property name="platform" value="Windows 10"/>
      </properties>
      <testcase name="Test Cases/EMERGENCY TEST CASES/TC_ER_001 Verify Schedule 1 Emergency  Request Are Working Successfully Or Not" classname="Test Cases/EMERGENCY TEST CASES/TC_ER_001 Verify Schedule 1 Emergency  Request Are Working Successfully Or Not" status="FAILED">
         <failure type="FAILED" message="Unable to click on object 'Object Repository/Emergency/Page_KDMC - Emergency/button_Add' (Root cause: org.openqa.selenium.WebDriverException: unknown error: Element &lt;button type=&quot;button&quot; id=&quot;btnadd&quot; class=&quot;btn btn-primary&quot; style=&quot;margin-top: 23px;&quot;>...&lt;/button> is not clickable at point (719, 518). Other element would receive the click: &lt;div class=&quot;bootbox modal fade bootbox-alert in&quot; tabindex=&quot;-1&quot; role=&quot;dialog&quot; aria-hidden=&quot;false&quot; style=&quot;display: block;&quot;>...&lt;/div>
  (Session info: chrome=66.0.3359.139)
  (Driver info: chromedriver=2.35.528161 (5b82f2d2aae0ca24b877009200ced9065a772e73),platform=Windows NT 10.0.17134 x86_64) (WARNING: The server did not provide any stacktrace information)
Command duration or timeout: 0 milliseconds
Build info: version: '3.7.1', revision: '8a0099a', time: '2017-11-06T21:07:36.161Z'
System info: host: 'DESKTOP-BLFTK83', ip: '192.168.71.2', os.name: 'Windows 10', os.arch: 'amd64', os.version: '10.0', java.version: '1.8.0_102'
Driver info: com.kms.katalon.selenium.driver.CChromeDriver
Capabilities {acceptInsecureCerts: false, acceptSslCerts: false, applicationCacheEnabled: false, browserConnectionEnabled: false, browserName: chrome, chrome: {chromedriverVersion: 2.35.528161 (5b82f2d2aae0ca..., userDataDir: C:\Users\QUALIT~1\AppData\L...}, cssSelectorsEnabled: true, databaseEnabled: false, handlesAlerts: true, hasTouchScreen: false, javascriptEnabled: true, locationContextEnabled: true, mobileEmulationEnabled: false, nativeEvents: true, networkConnectionEnabled: false, pageLoadStrategy: normal, platform: XP, platformName: XP, rotatable: false, setWindowRect: true, takesHeapSnapshot: true, takesScreenshot: true, unexpectedAlertBehaviour: , unhandledPromptBehavior: , version: 66.0.3359.139, webStorageEnabled: true}
Session ID: 464a994e675f482cdf78b63ce6c68b84)"/>
         <system-out><![CDATA[2018-05-15 13:34:27 - [TEST_CASE][FAILED] - Test Cases/EMERGENCY TEST CASES/TC_ER_001 Verify Schedule 1 Emergency  Request Are Working Successfully Or Not: Test Cases/EMERGENCY TEST CASES/TC_ER_001 Verify Schedule 1 Emergency  Request Are Working Successfully Or Not FAILED because (of) Unable to click on object 'Object Repository/Emergency/Page_KDMC - Emergency/button_Add' (Root cause: org.openqa.selenium.WebDriverException: unknown error: Element <button type="button" id="btnadd" class="btn btn-primary" style="margin-top: 23px;">...</button> is not clickable at point (719, 518). Other element would receive the click: <div class="bootbox modal fade bootbox-alert in" tabindex="-1" role="dialog" aria-hidden="false" style="display: block;">...</div>
  (Session info: chrome=66.0.3359.139)
  (Driver info: chromedriver=2.35.528161 (5b82f2d2aae0ca24b877009200ced9065a772e73),platform=Windows NT 10.0.17134 x86_64) (WARNING: The server did not provide any stacktrace information)
Command duration or timeout: 0 milliseconds
Build info: version: '3.7.1', revision: '8a0099a', time: '2017-11-06T21:07:36.161Z'
System info: host: 'DESKTOP-BLFTK83', ip: '192.168.71.2', os.name: 'Windows 10', os.arch: 'amd64', os.version: '10.0', java.version: '1.8.0_102'
Driver info: com.kms.katalon.selenium.driver.CChromeDriver
Capabilities {acceptInsecureCerts: false, acceptSslCerts: false, applicationCacheEnabled: false, browserConnectionEnabled: false, browserName: chrome, chrome: {chromedriverVersion: 2.35.528161 (5b82f2d2aae0ca..., userDataDir: C:\Users\QUALIT~1\AppData\L...}, cssSelectorsEnabled: true, databaseEnabled: false, handlesAlerts: true, hasTouchScreen: false, javascriptEnabled: true, locationContextEnabled: true, mobileEmulationEnabled: false, nativeEvents: true, networkConnectionEnabled: false, pageLoadStrategy: normal, platform: XP, platformName: XP, rotatable: false, setWindowRect: true, takesHeapSnapshot: true, takesScreenshot: true, unexpectedAlertBehaviour: , unhandledPromptBehavior: , version: 66.0.3359.139, webStorageEnabled: true}
Session ID: 464a994e675f482cdf78b63ce6c68b84)

2018-05-15 13:34:27 - [TEST_STEP][PASSED] - openBrowser: Browser is opened with url: ''

2018-05-15 13:34:30 - [MESSAGE][PASSED] - Browser is opened with url: ''

2018-05-15 13:34:30 - [TEST_STEP][PASSED] - Statement - out.println("Verify Schedule 1 Emergency  Request Are Working Successfully Or Not"): null

2018-05-15 13:34:30 - [TEST_STEP][PASSED] - navigateToUrl: Navigate to 'http://192.168.137.1/Multihospital_New/EmergencyLogin.aspx' successfully

2018-05-15 13:34:33 - [MESSAGE][PASSED] - Navigate to 'http://192.168.137.1/Multihospital_New/EmergencyLogin.aspx' successfully

2018-05-15 13:34:33 - [TEST_STEP][PASSED] - maximizeWindow: Current window maximized

2018-05-15 13:34:34 - [MESSAGE][PASSED] - Current window maximized

2018-05-15 13:34:34 - [TEST_STEP][PASSED] - setText: Text 'nivetha' is set on object 'Object Repository/Emergency/Page_Emergency login/input_txtusername'

2018-05-15 13:34:35 - [MESSAGE][PASSED] - Text 'nivetha' is set on object 'Object Repository/Emergency/Page_Emergency login/input_txtusername'

2018-05-15 13:34:35 - [TEST_STEP][PASSED] - setText: Text '123' is set on object 'Object Repository/Emergency/Page_Emergency login/input_txtpassword'

2018-05-15 13:34:35 - [MESSAGE][PASSED] - Text '123' is set on object 'Object Repository/Emergency/Page_Emergency login/input_txtpassword'

2018-05-15 13:34:35 - [TEST_STEP][PASSED] - delay: Delayed 3 second(s)

2018-05-15 13:34:38 - [MESSAGE][PASSED] - Delayed 3 second(s)

2018-05-15 13:34:38 - [TEST_STEP][PASSED] - click: Object: 'Object Repository/Emergency/Page_Emergency login/button_Sign in' is clicked on

2018-05-15 13:34:39 - [MESSAGE][PASSED] - Object: 'Object Repository/Emergency/Page_Emergency login/button_Sign in' is clicked on

2018-05-15 13:34:39 - [TEST_STEP][PASSED] - delay: Delayed 3 second(s)

2018-05-15 13:34:42 - [MESSAGE][PASSED] - Delayed 3 second(s)

2018-05-15 13:34:42 - [TEST_STEP][PASSED] - click: Object: 'Object Repository/Emergency/Page_KDMC - Emergency/a_Store Request' is clicked on

2018-05-15 13:34:42 - [MESSAGE][PASSED] - Object: 'Object Repository/Emergency/Page_KDMC - Emergency/a_Store Request' is clicked on

2018-05-15 13:34:42 - [TEST_STEP][PASSED] - delay: Delayed 2 second(s)

2018-05-15 13:34:44 - [MESSAGE][PASSED] - Delayed 2 second(s)

2018-05-15 13:34:44 - [TEST_STEP][PASSED] - click: Object: 'Object Repository/Emergency/Page_KDMC - Emergency/a_Medicine Request' is clicked on

2018-05-15 13:34:45 - [MESSAGE][PASSED] - Object: 'Object Repository/Emergency/Page_KDMC - Emergency/a_Medicine Request' is clicked on

2018-05-15 13:34:45 - [TEST_STEP][PASSED] - delay: Delayed 2 second(s)

2018-05-15 13:34:47 - [MESSAGE][PASSED] - Delayed 2 second(s)

2018-05-15 13:34:47 - [TEST_STEP][PASSED] - selectOptionByIndex: All options with index in [1] are selected on object 'Object Repository/Emergency/Page_KDMC - Emergency/select_--Select--Schedule 1Inj'

2018-05-15 13:34:47 - [MESSAGE][PASSED] - All options with index in [1] are selected on object 'Object Repository/Emergency/Page_KDMC - Emergency/select_--Select--Schedule 1Inj'

2018-05-15 13:34:47 - [TEST_STEP][PASSED] - Statement - seletedoptions = com.kms.katalon.core.webui.keyword.WebUiBuiltInKeywords.getNumberOfTotalOption(com.kms.katalon.core.testobject.ObjectRepository.findTestObject(Emergency/Page_KDMC - Emergency/select_--Select--Adernaline 0.)): 64 options of object 'Object Repository/Emergency/Page_KDMC - Emergency/select_--Select--Adernaline 0.' counted

2018-05-15 13:34:47 - [MESSAGE][PASSED] - 64 options of object 'Object Repository/Emergency/Page_KDMC - Emergency/select_--Select--Adernaline 0.' counted

2018-05-15 13:34:47 - [TEST_STEP][FAILED] - Statement - For ([u = 1, u < seletedoptions, (u++)]): Unable to click on object 'Object Repository/Emergency/Page_KDMC - Emergency/button_Add' (Root cause: org.openqa.selenium.WebDriverException: unknown error: Element <button type="button" id="btnadd" class="btn btn-primary" style="margin-top: 23px;">...</button> is not clickable at point (719, 518). Other element would receive the click: <div class="bootbox modal fade bootbox-alert in" tabindex="-1" role="dialog" aria-hidden="false" style="display: block;">...</div>
  (Session info: chrome=66.0.3359.139)
  (Driver info: chromedriver=2.35.528161 (5b82f2d2aae0ca24b877009200ced9065a772e73),platform=Windows NT 10.0.17134 x86_64) (WARNING: The server did not provide any stacktrace information)
Command duration or timeout: 0 milliseconds
Build info: version: '3.7.1', revision: '8a0099a', time: '2017-11-06T21:07:36.161Z'
System info: host: 'DESKTOP-BLFTK83', ip: '192.168.71.2', os.name: 'Windows 10', os.arch: 'amd64', os.version: '10.0', java.version: '1.8.0_102'
Driver info: com.kms.katalon.selenium.driver.CChromeDriver
Capabilities {acceptInsecureCerts: false, acceptSslCerts: false, applicationCacheEnabled: false, browserConnectionEnabled: false, browserName: chrome, chrome: {chromedriverVersion: 2.35.528161 (5b82f2d2aae0ca..., userDataDir: C:\Users\QUALIT~1\AppData\L...}, cssSelectorsEnabled: true, databaseEnabled: false, handlesAlerts: true, hasTouchScreen: false, javascriptEnabled: true, locationContextEnabled: true, mobileEmulationEnabled: false, nativeEvents: true, networkConnectionEnabled: false, pageLoadStrategy: normal, platform: XP, platformName: XP, rotatable: false, setWindowRect: true, takesHeapSnapshot: true, takesScreenshot: true, unexpectedAlertBehaviour: , unhandledPromptBehavior: , version: 66.0.3359.139, webStorageEnabled: true}
Session ID: 464a994e675f482cdf78b63ce6c68b84)

2018-05-15 13:34:47 - [TEST_STEP][PASSED] - selectOptionByIndex: All options with index in [1] are selected on object 'Object Repository/Emergency/Page_KDMC - Emergency/select_--Select--Schedule 1Inj'

2018-05-15 13:34:47 - [MESSAGE][PASSED] - All options with index in [1] are selected on object 'Object Repository/Emergency/Page_KDMC - Emergency/select_--Select--Schedule 1Inj'

2018-05-15 13:34:47 - [TEST_STEP][PASSED] - selectOptionByIndex: All options with index in [1] are selected on object 'Object Repository/Emergency/Page_KDMC - Emergency/select_--Select--Adernaline 0.'

2018-05-15 13:34:48 - [MESSAGE][PASSED] - All options with index in [1] are selected on object 'Object Repository/Emergency/Page_KDMC - Emergency/select_--Select--Adernaline 0.'

2018-05-15 13:34:48 - [TEST_STEP][PASSED] - setText: Text '10' is set on object 'Object Repository/Emergency/Page_KDMC - Emergency/input_txttreat'

2018-05-15 13:34:48 - [MESSAGE][PASSED] - Text '10' is set on object 'Object Repository/Emergency/Page_KDMC - Emergency/input_txttreat'

2018-05-15 13:34:48 - [TEST_STEP][PASSED] - click: Object: 'Object Repository/Emergency/Page_KDMC - Emergency/button_Add' is clicked on

2018-05-15 13:34:48 - [MESSAGE][PASSED] - Object: 'Object Repository/Emergency/Page_KDMC - Emergency/button_Add' is clicked on

2018-05-15 13:34:48 - [TEST_STEP][PASSED] - selectOptionByIndex: All options with index in [1] are selected on object 'Object Repository/Emergency/Page_KDMC - Emergency/select_--Select--Schedule 1Inj'

2018-05-15 13:34:48 - [MESSAGE][PASSED] - All options with index in [1] are selected on object 'Object Repository/Emergency/Page_KDMC - Emergency/select_--Select--Schedule 1Inj'

2018-05-15 13:34:48 - [TEST_STEP][PASSED] - selectOptionByIndex: All options with index in [2] are selected on object 'Object Repository/Emergency/Page_KDMC - Emergency/select_--Select--Adernaline 0.'

2018-05-15 13:34:48 - [MESSAGE][PASSED] - All options with index in [2] are selected on object 'Object Repository/Emergency/Page_KDMC - Emergency/select_--Select--Adernaline 0.'

2018-05-15 13:34:48 - [TEST_STEP][PASSED] - setText: Text '10' is set on object 'Object Repository/Emergency/Page_KDMC - Emergency/input_txttreat'

2018-05-15 13:34:48 - [MESSAGE][PASSED] - Text '10' is set on object 'Object Repository/Emergency/Page_KDMC - Emergency/input_txttreat'

2018-05-15 13:34:48 - [TEST_STEP][PASSED] - click: Object: 'Object Repository/Emergency/Page_KDMC - Emergency/button_Add' is clicked on

2018-05-15 13:34:54 - [MESSAGE][PASSED] - Object: 'Object Repository/Emergency/Page_KDMC - Emergency/button_Add' is clicked on

2018-05-15 13:34:54 - [TEST_STEP][PASSED] - selectOptionByIndex: All options with index in [1] are selected on object 'Object Repository/Emergency/Page_KDMC - Emergency/select_--Select--Schedule 1Inj'

2018-05-15 13:34:54 - [MESSAGE][PASSED] - All options with index in [1] are selected on object 'Object Repository/Emergency/Page_KDMC - Emergency/select_--Select--Schedule 1Inj'

2018-05-15 13:34:54 - [TEST_STEP][PASSED] - selectOptionByIndex: All options with index in [3] are selected on object 'Object Repository/Emergency/Page_KDMC - Emergency/select_--Select--Adernaline 0.'

2018-05-15 13:34:54 - [MESSAGE][PASSED] - All options with index in [3] are selected on object 'Object Repository/Emergency/Page_KDMC - Emergency/select_--Select--Adernaline 0.'

2018-05-15 13:34:54 - [TEST_STEP][PASSED] - setText: Text '10' is set on object 'Object Repository/Emergency/Page_KDMC - Emergency/input_txttreat'

2018-05-15 13:34:54 - [MESSAGE][PASSED] - Text '10' is set on object 'Object Repository/Emergency/Page_KDMC - Emergency/input_txttreat'

2018-05-15 13:34:54 - [TEST_STEP][PASSED] - click: Object: 'Object Repository/Emergency/Page_KDMC - Emergency/button_Add' is clicked on

2018-05-15 13:34:59 - [MESSAGE][PASSED] - Object: 'Object Repository/Emergency/Page_KDMC - Emergency/button_Add' is clicked on

2018-05-15 13:34:59 - [TEST_STEP][PASSED] - selectOptionByIndex: All options with index in [1] are selected on object 'Object Repository/Emergency/Page_KDMC - Emergency/select_--Select--Schedule 1Inj'

2018-05-15 13:34:59 - [MESSAGE][PASSED] - All options with index in [1] are selected on object 'Object Repository/Emergency/Page_KDMC - Emergency/select_--Select--Schedule 1Inj'

2018-05-15 13:34:59 - [TEST_STEP][PASSED] - selectOptionByIndex: All options with index in [4] are selected on object 'Object Repository/Emergency/Page_KDMC - Emergency/select_--Select--Adernaline 0.'

2018-05-15 13:34:59 - [MESSAGE][PASSED] - All options with index in [4] are selected on object 'Object Repository/Emergency/Page_KDMC - Emergency/select_--Select--Adernaline 0.'

2018-05-15 13:34:59 - [TEST_STEP][PASSED] - setText: Text '10' is set on object 'Object Repository/Emergency/Page_KDMC - Emergency/input_txttreat'

2018-05-15 13:34:59 - [MESSAGE][PASSED] - Text '10' is set on object 'Object Repository/Emergency/Page_KDMC - Emergency/input_txttreat'

2018-05-15 13:34:59 - [TEST_STEP][PASSED] - click: Object: 'Object Repository/Emergency/Page_KDMC - Emergency/button_Add' is clicked on

2018-05-15 13:35:04 - [MESSAGE][PASSED] - Object: 'Object Repository/Emergency/Page_KDMC - Emergency/button_Add' is clicked on

2018-05-15 13:35:04 - [TEST_STEP][PASSED] - selectOptionByIndex: All options with index in [1] are selected on object 'Object Repository/Emergency/Page_KDMC - Emergency/select_--Select--Schedule 1Inj'

2018-05-15 13:35:05 - [MESSAGE][PASSED] - All options with index in [1] are selected on object 'Object Repository/Emergency/Page_KDMC - Emergency/select_--Select--Schedule 1Inj'

2018-05-15 13:35:05 - [TEST_STEP][PASSED] - selectOptionByIndex: All options with index in [5] are selected on object 'Object Repository/Emergency/Page_KDMC - Emergency/select_--Select--Adernaline 0.'

2018-05-15 13:35:05 - [MESSAGE][PASSED] - All options with index in [5] are selected on object 'Object Repository/Emergency/Page_KDMC - Emergency/select_--Select--Adernaline 0.'

2018-05-15 13:35:05 - [TEST_STEP][PASSED] - setText: Text '10' is set on object 'Object Repository/Emergency/Page_KDMC - Emergency/input_txttreat'

2018-05-15 13:35:05 - [MESSAGE][PASSED] - Text '10' is set on object 'Object Repository/Emergency/Page_KDMC - Emergency/input_txttreat'

2018-05-15 13:35:05 - [TEST_STEP][PASSED] - click: Object: 'Object Repository/Emergency/Page_KDMC - Emergency/button_Add' is clicked on

2018-05-15 13:35:10 - [MESSAGE][PASSED] - Object: 'Object Repository/Emergency/Page_KDMC - Emergency/button_Add' is clicked on

2018-05-15 13:35:10 - [TEST_STEP][PASSED] - selectOptionByIndex: All options with index in [1] are selected on object 'Object Repository/Emergency/Page_KDMC - Emergency/select_--Select--Schedule 1Inj'

2018-05-15 13:35:10 - [MESSAGE][PASSED] - All options with index in [1] are selected on object 'Object Repository/Emergency/Page_KDMC - Emergency/select_--Select--Schedule 1Inj'

2018-05-15 13:35:10 - [TEST_STEP][PASSED] - selectOptionByIndex: All options with index in [6] are selected on object 'Object Repository/Emergency/Page_KDMC - Emergency/select_--Select--Adernaline 0.'

2018-05-15 13:35:10 - [MESSAGE][PASSED] - All options with index in [6] are selected on object 'Object Repository/Emergency/Page_KDMC - Emergency/select_--Select--Adernaline 0.'

2018-05-15 13:35:10 - [TEST_STEP][PASSED] - setText: Text '10' is set on object 'Object Repository/Emergency/Page_KDMC - Emergency/input_txttreat'

2018-05-15 13:35:10 - [MESSAGE][PASSED] - Text '10' is set on object 'Object Repository/Emergency/Page_KDMC - Emergency/input_txttreat'

2018-05-15 13:35:10 - [TEST_STEP][PASSED] - click: Object: 'Object Repository/Emergency/Page_KDMC - Emergency/button_Add' is clicked on

2018-05-15 13:35:15 - [MESSAGE][PASSED] - Object: 'Object Repository/Emergency/Page_KDMC - Emergency/button_Add' is clicked on

2018-05-15 13:35:15 - [TEST_STEP][PASSED] - selectOptionByIndex: All options with index in [1] are selected on object 'Object Repository/Emergency/Page_KDMC - Emergency/select_--Select--Schedule 1Inj'

2018-05-15 13:35:16 - [MESSAGE][PASSED] - All options with index in [1] are selected on object 'Object Repository/Emergency/Page_KDMC - Emergency/select_--Select--Schedule 1Inj'

2018-05-15 13:35:16 - [TEST_STEP][PASSED] - selectOptionByIndex: All options with index in [7] are selected on object 'Object Repository/Emergency/Page_KDMC - Emergency/select_--Select--Adernaline 0.'

2018-05-15 13:35:16 - [MESSAGE][PASSED] - All options with index in [7] are selected on object 'Object Repository/Emergency/Page_KDMC - Emergency/select_--Select--Adernaline 0.'

2018-05-15 13:35:16 - [TEST_STEP][PASSED] - setText: Text '10' is set on object 'Object Repository/Emergency/Page_KDMC - Emergency/input_txttreat'

2018-05-15 13:35:16 - [MESSAGE][PASSED] - Text '10' is set on object 'Object Repository/Emergency/Page_KDMC - Emergency/input_txttreat'

2018-05-15 13:35:16 - [TEST_STEP][PASSED] - click: Object: 'Object Repository/Emergency/Page_KDMC - Emergency/button_Add' is clicked on

2018-05-15 13:35:21 - [MESSAGE][PASSED] - Object: 'Object Repository/Emergency/Page_KDMC - Emergency/button_Add' is clicked on

2018-05-15 13:35:21 - [TEST_STEP][PASSED] - selectOptionByIndex: All options with index in [1] are selected on object 'Object Repository/Emergency/Page_KDMC - Emergency/select_--Select--Schedule 1Inj'

2018-05-15 13:35:21 - [MESSAGE][PASSED] - All options with index in [1] are selected on object 'Object Repository/Emergency/Page_KDMC - Emergency/select_--Select--Schedule 1Inj'

2018-05-15 13:35:21 - [TEST_STEP][PASSED] - selectOptionByIndex: All options with index in [8] are selected on object 'Object Repository/Emergency/Page_KDMC - Emergency/select_--Select--Adernaline 0.'

2018-05-15 13:35:21 - [MESSAGE][PASSED] - All options with index in [8] are selected on object 'Object Repository/Emergency/Page_KDMC - Emergency/select_--Select--Adernaline 0.'

2018-05-15 13:35:21 - [TEST_STEP][PASSED] - setText: Text '10' is set on object 'Object Repository/Emergency/Page_KDMC - Emergency/input_txttreat'

2018-05-15 13:35:21 - [MESSAGE][PASSED] - Text '10' is set on object 'Object Repository/Emergency/Page_KDMC - Emergency/input_txttreat'

2018-05-15 13:35:21 - [TEST_STEP][PASSED] - click: Object: 'Object Repository/Emergency/Page_KDMC - Emergency/button_Add' is clicked on

2018-05-15 13:35:26 - [MESSAGE][PASSED] - Object: 'Object Repository/Emergency/Page_KDMC - Emergency/button_Add' is clicked on

2018-05-15 13:35:26 - [TEST_STEP][PASSED] - selectOptionByIndex: All options with index in [1] are selected on object 'Object Repository/Emergency/Page_KDMC - Emergency/select_--Select--Schedule 1Inj'

2018-05-15 13:35:27 - [MESSAGE][PASSED] - All options with index in [1] are selected on object 'Object Repository/Emergency/Page_KDMC - Emergency/select_--Select--Schedule 1Inj'

2018-05-15 13:35:27 - [TEST_STEP][PASSED] - selectOptionByIndex: All options with index in [9] are selected on object 'Object Repository/Emergency/Page_KDMC - Emergency/select_--Select--Adernaline 0.'

2018-05-15 13:35:27 - [MESSAGE][PASSED] - All options with index in [9] are selected on object 'Object Repository/Emergency/Page_KDMC - Emergency/select_--Select--Adernaline 0.'

2018-05-15 13:35:27 - [TEST_STEP][PASSED] - setText: Text '10' is set on object 'Object Repository/Emergency/Page_KDMC - Emergency/input_txttreat'

2018-05-15 13:35:27 - [MESSAGE][PASSED] - Text '10' is set on object 'Object Repository/Emergency/Page_KDMC - Emergency/input_txttreat'

2018-05-15 13:35:27 - [TEST_STEP][PASSED] - click: Object: 'Object Repository/Emergency/Page_KDMC - Emergency/button_Add' is clicked on

2018-05-15 13:35:32 - [MESSAGE][PASSED] - Object: 'Object Repository/Emergency/Page_KDMC - Emergency/button_Add' is clicked on

2018-05-15 13:35:32 - [TEST_STEP][PASSED] - selectOptionByIndex: All options with index in [1] are selected on object 'Object Repository/Emergency/Page_KDMC - Emergency/select_--Select--Schedule 1Inj'

2018-05-15 13:35:32 - [MESSAGE][PASSED] - All options with index in [1] are selected on object 'Object Repository/Emergency/Page_KDMC - Emergency/select_--Select--Schedule 1Inj'

2018-05-15 13:35:32 - [TEST_STEP][PASSED] - selectOptionByIndex: All options with index in [10] are selected on object 'Object Repository/Emergency/Page_KDMC - Emergency/select_--Select--Adernaline 0.'

2018-05-15 13:35:32 - [MESSAGE][PASSED] - All options with index in [10] are selected on object 'Object Repository/Emergency/Page_KDMC - Emergency/select_--Select--Adernaline 0.'

2018-05-15 13:35:32 - [TEST_STEP][PASSED] - setText: Text '10' is set on object 'Object Repository/Emergency/Page_KDMC - Emergency/input_txttreat'

2018-05-15 13:35:32 - [MESSAGE][PASSED] - Text '10' is set on object 'Object Repository/Emergency/Page_KDMC - Emergency/input_txttreat'

2018-05-15 13:35:32 - [TEST_STEP][PASSED] - click: Object: 'Object Repository/Emergency/Page_KDMC - Emergency/button_Add' is clicked on

2018-05-15 13:35:38 - [MESSAGE][PASSED] - Object: 'Object Repository/Emergency/Page_KDMC - Emergency/button_Add' is clicked on

2018-05-15 13:35:38 - [TEST_STEP][PASSED] - selectOptionByIndex: All options with index in [1] are selected on object 'Object Repository/Emergency/Page_KDMC - Emergency/select_--Select--Schedule 1Inj'

2018-05-15 13:35:38 - [MESSAGE][PASSED] - All options with index in [1] are selected on object 'Object Repository/Emergency/Page_KDMC - Emergency/select_--Select--Schedule 1Inj'

2018-05-15 13:35:38 - [TEST_STEP][PASSED] - selectOptionByIndex: All options with index in [11] are selected on object 'Object Repository/Emergency/Page_KDMC - Emergency/select_--Select--Adernaline 0.'

2018-05-15 13:35:38 - [MESSAGE][PASSED] - All options with index in [11] are selected on object 'Object Repository/Emergency/Page_KDMC - Emergency/select_--Select--Adernaline 0.'

2018-05-15 13:35:38 - [TEST_STEP][PASSED] - setText: Text '10' is set on object 'Object Repository/Emergency/Page_KDMC - Emergency/input_txttreat'

2018-05-15 13:35:38 - [MESSAGE][PASSED] - Text '10' is set on object 'Object Repository/Emergency/Page_KDMC - Emergency/input_txttreat'

2018-05-15 13:35:38 - [TEST_STEP][PASSED] - click: Object: 'Object Repository/Emergency/Page_KDMC - Emergency/button_Add' is clicked on

2018-05-15 13:35:43 - [MESSAGE][PASSED] - Object: 'Object Repository/Emergency/Page_KDMC - Emergency/button_Add' is clicked on

2018-05-15 13:35:43 - [TEST_STEP][PASSED] - selectOptionByIndex: All options with index in [1] are selected on object 'Object Repository/Emergency/Page_KDMC - Emergency/select_--Select--Schedule 1Inj'

2018-05-15 13:35:43 - [MESSAGE][PASSED] - All options with index in [1] are selected on object 'Object Repository/Emergency/Page_KDMC - Emergency/select_--Select--Schedule 1Inj'

2018-05-15 13:35:43 - [TEST_STEP][PASSED] - selectOptionByIndex: All options with index in [12] are selected on object 'Object Repository/Emergency/Page_KDMC - Emergency/select_--Select--Adernaline 0.'

2018-05-15 13:35:43 - [MESSAGE][PASSED] - All options with index in [12] are selected on object 'Object Repository/Emergency/Page_KDMC - Emergency/select_--Select--Adernaline 0.'

2018-05-15 13:35:43 - [TEST_STEP][PASSED] - setText: Text '10' is set on object 'Object Repository/Emergency/Page_KDMC - Emergency/input_txttreat'

2018-05-15 13:35:44 - [MESSAGE][PASSED] - Text '10' is set on object 'Object Repository/Emergency/Page_KDMC - Emergency/input_txttreat'

2018-05-15 13:35:44 - [TEST_STEP][PASSED] - click: Object: 'Object Repository/Emergency/Page_KDMC - Emergency/button_Add' is clicked on

2018-05-15 13:35:49 - [MESSAGE][PASSED] - Object: 'Object Repository/Emergency/Page_KDMC - Emergency/button_Add' is clicked on

2018-05-15 13:35:49 - [TEST_STEP][PASSED] - selectOptionByIndex: All options with index in [1] are selected on object 'Object Repository/Emergency/Page_KDMC - Emergency/select_--Select--Schedule 1Inj'

2018-05-15 13:35:49 - [MESSAGE][PASSED] - All options with index in [1] are selected on object 'Object Repository/Emergency/Page_KDMC - Emergency/select_--Select--Schedule 1Inj'

2018-05-15 13:35:49 - [TEST_STEP][PASSED] - selectOptionByIndex: All options with index in [13] are selected on object 'Object Repository/Emergency/Page_KDMC - Emergency/select_--Select--Adernaline 0.'

2018-05-15 13:35:49 - [MESSAGE][PASSED] - All options with index in [13] are selected on object 'Object Repository/Emergency/Page_KDMC - Emergency/select_--Select--Adernaline 0.'

2018-05-15 13:35:49 - [TEST_STEP][PASSED] - setText: Text '10' is set on object 'Object Repository/Emergency/Page_KDMC - Emergency/input_txttreat'

2018-05-15 13:35:49 - [MESSAGE][PASSED] - Text '10' is set on object 'Object Repository/Emergency/Page_KDMC - Emergency/input_txttreat'

2018-05-15 13:35:49 - [TEST_STEP][PASSED] - click: Object: 'Object Repository/Emergency/Page_KDMC - Emergency/button_Add' is clicked on

2018-05-15 13:35:54 - [MESSAGE][PASSED] - Object: 'Object Repository/Emergency/Page_KDMC - Emergency/button_Add' is clicked on

2018-05-15 13:35:54 - [TEST_STEP][PASSED] - selectOptionByIndex: All options with index in [1] are selected on object 'Object Repository/Emergency/Page_KDMC - Emergency/select_--Select--Schedule 1Inj'

2018-05-15 13:35:54 - [MESSAGE][PASSED] - All options with index in [1] are selected on object 'Object Repository/Emergency/Page_KDMC - Emergency/select_--Select--Schedule 1Inj'

2018-05-15 13:35:54 - [TEST_STEP][PASSED] - selectOptionByIndex: All options with index in [14] are selected on object 'Object Repository/Emergency/Page_KDMC - Emergency/select_--Select--Adernaline 0.'

2018-05-15 13:35:55 - [MESSAGE][PASSED] - All options with index in [14] are selected on object 'Object Repository/Emergency/Page_KDMC - Emergency/select_--Select--Adernaline 0.'

2018-05-15 13:35:55 - [TEST_STEP][PASSED] - setText: Text '10' is set on object 'Object Repository/Emergency/Page_KDMC - Emergency/input_txttreat'

2018-05-15 13:35:55 - [MESSAGE][PASSED] - Text '10' is set on object 'Object Repository/Emergency/Page_KDMC - Emergency/input_txttreat'

2018-05-15 13:35:55 - [TEST_STEP][PASSED] - click: Object: 'Object Repository/Emergency/Page_KDMC - Emergency/button_Add' is clicked on

2018-05-15 13:36:00 - [MESSAGE][PASSED] - Object: 'Object Repository/Emergency/Page_KDMC - Emergency/button_Add' is clicked on

2018-05-15 13:36:00 - [TEST_STEP][PASSED] - selectOptionByIndex: All options with index in [1] are selected on object 'Object Repository/Emergency/Page_KDMC - Emergency/select_--Select--Schedule 1Inj'

2018-05-15 13:36:00 - [MESSAGE][PASSED] - All options with index in [1] are selected on object 'Object Repository/Emergency/Page_KDMC - Emergency/select_--Select--Schedule 1Inj'

2018-05-15 13:36:00 - [TEST_STEP][PASSED] - selectOptionByIndex: All options with index in [15] are selected on object 'Object Repository/Emergency/Page_KDMC - Emergency/select_--Select--Adernaline 0.'

2018-05-15 13:36:00 - [MESSAGE][PASSED] - All options with index in [15] are selected on object 'Object Repository/Emergency/Page_KDMC - Emergency/select_--Select--Adernaline 0.'

2018-05-15 13:36:00 - [TEST_STEP][PASSED] - setText: Text '10' is set on object 'Object Repository/Emergency/Page_KDMC - Emergency/input_txttreat'

2018-05-15 13:36:00 - [MESSAGE][PASSED] - Text '10' is set on object 'Object Repository/Emergency/Page_KDMC - Emergency/input_txttreat'

2018-05-15 13:36:00 - [TEST_STEP][PASSED] - click: Object: 'Object Repository/Emergency/Page_KDMC - Emergency/button_Add' is clicked on

2018-05-15 13:36:05 - [MESSAGE][PASSED] - Object: 'Object Repository/Emergency/Page_KDMC - Emergency/button_Add' is clicked on

2018-05-15 13:36:05 - [TEST_STEP][PASSED] - selectOptionByIndex: All options with index in [1] are selected on object 'Object Repository/Emergency/Page_KDMC - Emergency/select_--Select--Schedule 1Inj'

2018-05-15 13:36:05 - [MESSAGE][PASSED] - All options with index in [1] are selected on object 'Object Repository/Emergency/Page_KDMC - Emergency/select_--Select--Schedule 1Inj'

2018-05-15 13:36:05 - [TEST_STEP][PASSED] - selectOptionByIndex: All options with index in [16] are selected on object 'Object Repository/Emergency/Page_KDMC - Emergency/select_--Select--Adernaline 0.'

2018-05-15 13:36:06 - [MESSAGE][PASSED] - All options with index in [16] are selected on object 'Object Repository/Emergency/Page_KDMC - Emergency/select_--Select--Adernaline 0.'

2018-05-15 13:36:06 - [TEST_STEP][PASSED] - setText: Text '10' is set on object 'Object Repository/Emergency/Page_KDMC - Emergency/input_txttreat'

2018-05-15 13:36:06 - [MESSAGE][PASSED] - Text '10' is set on object 'Object Repository/Emergency/Page_KDMC - Emergency/input_txttreat'

2018-05-15 13:36:06 - [TEST_STEP][PASSED] - click: Object: 'Object Repository/Emergency/Page_KDMC - Emergency/button_Add' is clicked on

2018-05-15 13:36:11 - [MESSAGE][PASSED] - Object: 'Object Repository/Emergency/Page_KDMC - Emergency/button_Add' is clicked on

2018-05-15 13:36:11 - [TEST_STEP][PASSED] - selectOptionByIndex: All options with index in [1] are selected on object 'Object Repository/Emergency/Page_KDMC - Emergency/select_--Select--Schedule 1Inj'

2018-05-15 13:36:11 - [MESSAGE][PASSED] - All options with index in [1] are selected on object 'Object Repository/Emergency/Page_KDMC - Emergency/select_--Select--Schedule 1Inj'

2018-05-15 13:36:11 - [TEST_STEP][PASSED] - selectOptionByIndex: All options with index in [17] are selected on object 'Object Repository/Emergency/Page_KDMC - Emergency/select_--Select--Adernaline 0.'

2018-05-15 13:36:11 - [MESSAGE][PASSED] - All options with index in [17] are selected on object 'Object Repository/Emergency/Page_KDMC - Emergency/select_--Select--Adernaline 0.'

2018-05-15 13:36:11 - [TEST_STEP][PASSED] - setText: Text '10' is set on object 'Object Repository/Emergency/Page_KDMC - Emergency/input_txttreat'

2018-05-15 13:36:11 - [MESSAGE][PASSED] - Text '10' is set on object 'Object Repository/Emergency/Page_KDMC - Emergency/input_txttreat'

2018-05-15 13:36:11 - [TEST_STEP][PASSED] - click: Object: 'Object Repository/Emergency/Page_KDMC - Emergency/button_Add' is clicked on

2018-05-15 13:36:16 - [MESSAGE][PASSED] - Object: 'Object Repository/Emergency/Page_KDMC - Emergency/button_Add' is clicked on

2018-05-15 13:36:16 - [TEST_STEP][PASSED] - selectOptionByIndex: All options with index in [1] are selected on object 'Object Repository/Emergency/Page_KDMC - Emergency/select_--Select--Schedule 1Inj'

2018-05-15 13:36:17 - [MESSAGE][PASSED] - All options with index in [1] are selected on object 'Object Repository/Emergency/Page_KDMC - Emergency/select_--Select--Schedule 1Inj'

2018-05-15 13:36:17 - [TEST_STEP][PASSED] - selectOptionByIndex: All options with index in [18] are selected on object 'Object Repository/Emergency/Page_KDMC - Emergency/select_--Select--Adernaline 0.'

2018-05-15 13:36:17 - [MESSAGE][PASSED] - All options with index in [18] are selected on object 'Object Repository/Emergency/Page_KDMC - Emergency/select_--Select--Adernaline 0.'

2018-05-15 13:36:17 - [TEST_STEP][PASSED] - setText: Text '10' is set on object 'Object Repository/Emergency/Page_KDMC - Emergency/input_txttreat'

2018-05-15 13:36:17 - [MESSAGE][PASSED] - Text '10' is set on object 'Object Repository/Emergency/Page_KDMC - Emergency/input_txttreat'

2018-05-15 13:36:17 - [TEST_STEP][PASSED] - click: Object: 'Object Repository/Emergency/Page_KDMC - Emergency/button_Add' is clicked on

2018-05-15 13:36:22 - [MESSAGE][PASSED] - Object: 'Object Repository/Emergency/Page_KDMC - Emergency/button_Add' is clicked on

2018-05-15 13:36:22 - [TEST_STEP][PASSED] - selectOptionByIndex: All options with index in [1] are selected on object 'Object Repository/Emergency/Page_KDMC - Emergency/select_--Select--Schedule 1Inj'

2018-05-15 13:36:22 - [MESSAGE][PASSED] - All options with index in [1] are selected on object 'Object Repository/Emergency/Page_KDMC - Emergency/select_--Select--Schedule 1Inj'

2018-05-15 13:36:22 - [TEST_STEP][PASSED] - selectOptionByIndex: All options with index in [19] are selected on object 'Object Repository/Emergency/Page_KDMC - Emergency/select_--Select--Adernaline 0.'

2018-05-15 13:36:22 - [MESSAGE][PASSED] - All options with index in [19] are selected on object 'Object Repository/Emergency/Page_KDMC - Emergency/select_--Select--Adernaline 0.'

2018-05-15 13:36:22 - [TEST_STEP][PASSED] - setText: Text '10' is set on object 'Object Repository/Emergency/Page_KDMC - Emergency/input_txttreat'

2018-05-15 13:36:23 - [MESSAGE][PASSED] - Text '10' is set on object 'Object Repository/Emergency/Page_KDMC - Emergency/input_txttreat'

2018-05-15 13:36:23 - [TEST_STEP][PASSED] - click: Object: 'Object Repository/Emergency/Page_KDMC - Emergency/button_Add' is clicked on

2018-05-15 13:36:28 - [MESSAGE][PASSED] - Object: 'Object Repository/Emergency/Page_KDMC - Emergency/button_Add' is clicked on

2018-05-15 13:36:28 - [TEST_STEP][PASSED] - selectOptionByIndex: All options with index in [1] are selected on object 'Object Repository/Emergency/Page_KDMC - Emergency/select_--Select--Schedule 1Inj'

2018-05-15 13:36:28 - [MESSAGE][PASSED] - All options with index in [1] are selected on object 'Object Repository/Emergency/Page_KDMC - Emergency/select_--Select--Schedule 1Inj'

2018-05-15 13:36:28 - [TEST_STEP][PASSED] - selectOptionByIndex: All options with index in [20] are selected on object 'Object Repository/Emergency/Page_KDMC - Emergency/select_--Select--Adernaline 0.'

2018-05-15 13:36:28 - [MESSAGE][PASSED] - All options with index in [20] are selected on object 'Object Repository/Emergency/Page_KDMC - Emergency/select_--Select--Adernaline 0.'

2018-05-15 13:36:28 - [TEST_STEP][PASSED] - setText: Text '10' is set on object 'Object Repository/Emergency/Page_KDMC - Emergency/input_txttreat'

2018-05-15 13:36:28 - [MESSAGE][PASSED] - Text '10' is set on object 'Object Repository/Emergency/Page_KDMC - Emergency/input_txttreat'

2018-05-15 13:36:28 - [TEST_STEP][PASSED] - click: Object: 'Object Repository/Emergency/Page_KDMC - Emergency/button_Add' is clicked on

2018-05-15 13:36:33 - [MESSAGE][PASSED] - Object: 'Object Repository/Emergency/Page_KDMC - Emergency/button_Add' is clicked on

2018-05-15 13:36:33 - [TEST_STEP][PASSED] - selectOptionByIndex: All options with index in [1] are selected on object 'Object Repository/Emergency/Page_KDMC - Emergency/select_--Select--Schedule 1Inj'

2018-05-15 13:36:33 - [MESSAGE][PASSED] - All options with index in [1] are selected on object 'Object Repository/Emergency/Page_KDMC - Emergency/select_--Select--Schedule 1Inj'

2018-05-15 13:36:33 - [TEST_STEP][PASSED] - selectOptionByIndex: All options with index in [21] are selected on object 'Object Repository/Emergency/Page_KDMC - Emergency/select_--Select--Adernaline 0.'

2018-05-15 13:36:34 - [MESSAGE][PASSED] - All options with index in [21] are selected on object 'Object Repository/Emergency/Page_KDMC - Emergency/select_--Select--Adernaline 0.'

2018-05-15 13:36:34 - [TEST_STEP][PASSED] - setText: Text '10' is set on object 'Object Repository/Emergency/Page_KDMC - Emergency/input_txttreat'

2018-05-15 13:36:34 - [MESSAGE][PASSED] - Text '10' is set on object 'Object Repository/Emergency/Page_KDMC - Emergency/input_txttreat'

2018-05-15 13:36:34 - [TEST_STEP][FAILED] - click: Unable to click on object 'Object Repository/Emergency/Page_KDMC - Emergency/button_Add' (Root cause: org.openqa.selenium.WebDriverException: unknown error: Element <button type="button" id="btnadd" class="btn btn-primary" style="margin-top: 23px;">...</button> is not clickable at point (719, 518). Other element would receive the click: <div class="bootbox modal fade bootbox-alert in" tabindex="-1" role="dialog" aria-hidden="false" style="display: block;">...</div>
  (Session info: chrome=66.0.3359.139)
  (Driver info: chromedriver=2.35.528161 (5b82f2d2aae0ca24b877009200ced9065a772e73),platform=Windows NT 10.0.17134 x86_64) (WARNING: The server did not provide any stacktrace information)
Command duration or timeout: 0 milliseconds
Build info: version: '3.7.1', revision: '8a0099a', time: '2017-11-06T21:07:36.161Z'
System info: host: 'DESKTOP-BLFTK83', ip: '192.168.71.2', os.name: 'Windows 10', os.arch: 'amd64', os.version: '10.0', java.version: '1.8.0_102'
Driver info: com.kms.katalon.selenium.driver.CChromeDriver
Capabilities {acceptInsecureCerts: false, acceptSslCerts: false, applicationCacheEnabled: false, browserConnectionEnabled: false, browserName: chrome, chrome: {chromedriverVersion: 2.35.528161 (5b82f2d2aae0ca..., userDataDir: C:\Users\QUALIT~1\AppData\L...}, cssSelectorsEnabled: true, databaseEnabled: false, handlesAlerts: true, hasTouchScreen: false, javascriptEnabled: true, locationContextEnabled: true, mobileEmulationEnabled: false, nativeEvents: true, networkConnectionEnabled: false, pageLoadStrategy: normal, platform: XP, platformName: XP, rotatable: false, setWindowRect: true, takesHeapSnapshot: true, takesScreenshot: true, unexpectedAlertBehaviour: , unhandledPromptBehavior: , version: 66.0.3359.139, webStorageEnabled: true}
Session ID: 464a994e675f482cdf78b63ce6c68b84)

2018-05-15 13:36:34 - [MESSAGE][FAILED] - Unable to click on object 'Object Repository/Emergency/Page_KDMC - Emergency/button_Add' (Root cause: org.openqa.selenium.WebDriverException: unknown error: Element <button type="button" id="btnadd" class="btn btn-primary" style="margin-top: 23px;">...</button> is not clickable at point (719, 518). Other element would receive the click: <div class="bootbox modal fade bootbox-alert in" tabindex="-1" role="dialog" aria-hidden="false" style="display: block;">...</div>
  (Session info: chrome=66.0.3359.139)
  (Driver info: chromedriver=2.35.528161 (5b82f2d2aae0ca24b877009200ced9065a772e73),platform=Windows NT 10.0.17134 x86_64) (WARNING: The server did not provide any stacktrace information)
Command duration or timeout: 0 milliseconds
Build info: version: '3.7.1', revision: '8a0099a', time: '2017-11-06T21:07:36.161Z'
System info: host: 'DESKTOP-BLFTK83', ip: '192.168.71.2', os.name: 'Windows 10', os.arch: 'amd64', os.version: '10.0', java.version: '1.8.0_102'
Driver info: com.kms.katalon.selenium.driver.CChromeDriver
Capabilities {acceptInsecureCerts: false, acceptSslCerts: false, applicationCacheEnabled: false, browserConnectionEnabled: false, browserName: chrome, chrome: {chromedriverVersion: 2.35.528161 (5b82f2d2aae0ca..., userDataDir: C:\Users\QUALIT~1\AppData\L...}, cssSelectorsEnabled: true, databaseEnabled: false, handlesAlerts: true, hasTouchScreen: false, javascriptEnabled: true, locationContextEnabled: true, mobileEmulationEnabled: false, nativeEvents: true, networkConnectionEnabled: false, pageLoadStrategy: normal, platform: XP, platformName: XP, rotatable: false, setWindowRect: true, takesHeapSnapshot: true, takesScreenshot: true, unexpectedAlertBehaviour: , unhandledPromptBehavior: , version: 66.0.3359.139, webStorageEnabled: true}
Session ID: 464a994e675f482cdf78b63ce6c68b84)
[[ATTACHMENT|C:\\Users\\Quality Analyst\\Katalon Studio\\ds\\Reports\\Emergency_Suit\\20180515_133425\\1526371594238.png]]]]></system-out>
         <system-err><![CDATA[2018-05-15 13:34:27 - [TEST_CASE][FAILED] - Test Cases/EMERGENCY TEST CASES/TC_ER_001 Verify Schedule 1 Emergency  Request Are Working Successfully Or Not: Test Cases/EMERGENCY TEST CASES/TC_ER_001 Verify Schedule 1 Emergency  Request Are Working Successfully Or Not FAILED because (of) Unable to click on object 'Object Repository/Emergency/Page_KDMC - Emergency/button_Add' (Root cause: org.openqa.selenium.WebDriverException: unknown error: Element <button type="button" id="btnadd" class="btn btn-primary" style="margin-top: 23px;">...</button> is not clickable at point (719, 518). Other element would receive the click: <div class="bootbox modal fade bootbox-alert in" tabindex="-1" role="dialog" aria-hidden="false" style="display: block;">...</div>
  (Session info: chrome=66.0.3359.139)
  (Driver info: chromedriver=2.35.528161 (5b82f2d2aae0ca24b877009200ced9065a772e73),platform=Windows NT 10.0.17134 x86_64) (WARNING: The server did not provide any stacktrace information)
Command duration or timeout: 0 milliseconds
Build info: version: '3.7.1', revision: '8a0099a', time: '2017-11-06T21:07:36.161Z'
System info: host: 'DESKTOP-BLFTK83', ip: '192.168.71.2', os.name: 'Windows 10', os.arch: 'amd64', os.version: '10.0', java.version: '1.8.0_102'
Driver info: com.kms.katalon.selenium.driver.CChromeDriver
Capabilities {acceptInsecureCerts: false, acceptSslCerts: false, applicationCacheEnabled: false, browserConnectionEnabled: false, browserName: chrome, chrome: {chromedriverVersion: 2.35.528161 (5b82f2d2aae0ca..., userDataDir: C:\Users\QUALIT~1\AppData\L...}, cssSelectorsEnabled: true, databaseEnabled: false, handlesAlerts: true, hasTouchScreen: false, javascriptEnabled: true, locationContextEnabled: true, mobileEmulationEnabled: false, nativeEvents: true, networkConnectionEnabled: false, pageLoadStrategy: normal, platform: XP, platformName: XP, rotatable: false, setWindowRect: true, takesHeapSnapshot: true, takesScreenshot: true, unexpectedAlertBehaviour: , unhandledPromptBehavior: , version: 66.0.3359.139, webStorageEnabled: true}
Session ID: 464a994e675f482cdf78b63ce6c68b84)]]></system-err>
      </testcase>
      <testcase name="Test Cases/EMERGENCY TEST CASES/TC_ER_002 Verify Schedule 3 Emergency  Request Are Working Successfully Or Not" classname="Test Cases/EMERGENCY TEST CASES/TC_ER_002 Verify Schedule 3 Emergency  Request Are Working Successfully Or Not" status="FAILED">
         <failure type="FAILED" message="Unable to click on object 'Object Repository/Emergency/Page_Store/button_OK' (Root cause: com.kms.katalon.core.webui.exception.WebElementNotFoundException: Web element with id: 'Object Repository/Emergency/Page_Store/button_OK' located by 'By.xpath: /html[1]/body[@class=&quot;skin-blue  pace-done modal-open&quot;]/div[@class=&quot;bootbox modal fade bootbox-alert in&quot;]/div[@class=&quot;modal-dialog&quot;]/div[@class=&quot;modal-content&quot;]/div[@class=&quot;modal-footer&quot;]/button[@class=&quot;btn btn-primary&quot;][count(. | //button[@type = 'button' and (text() = 'OK' or . = 'OK')]) = count(//button[@type = 'button' and (text() = 'OK' or . = 'OK')])]' not found)"/>
         <system-out><![CDATA[2018-05-15 13:36:34 - [TEST_CASE][FAILED] - Test Cases/EMERGENCY TEST CASES/TC_ER_002 Verify Schedule 3 Emergency  Request Are Working Successfully Or Not: Test Cases/EMERGENCY TEST CASES/TC_ER_002 Verify Schedule 3 Emergency  Request Are Working Successfully Or Not FAILED because (of) Unable to click on object 'Object Repository/Emergency/Page_Store/button_OK' (Root cause: com.kms.katalon.core.webui.exception.WebElementNotFoundException: Web element with id: 'Object Repository/Emergency/Page_Store/button_OK' located by 'By.xpath: /html[1]/body[@class="skin-blue  pace-done modal-open"]/div[@class="bootbox modal fade bootbox-alert in"]/div[@class="modal-dialog"]/div[@class="modal-content"]/div[@class="modal-footer"]/button[@class="btn btn-primary"][count(. | //button[@type = 'button' and (text() = 'OK' or . = 'OK')]) = count(//button[@type = 'button' and (text() = 'OK' or . = 'OK')])]' not found)

2018-05-15 13:36:35 - [TEST_STEP][PASSED] - openBrowser: Browser is opened with url: ''

2018-05-15 13:36:35 - [MESSAGE][WARNING] - A browser is already opened. Closing browser and opening a new one

2018-05-15 13:36:37 - [MESSAGE][PASSED] - Browser is opened with url: ''

2018-05-15 13:36:37 - [TEST_STEP][PASSED] - Statement - out.println("Verify Schedule 3 Emergency  Request Are Working Successfully Or Not"): null

2018-05-15 13:36:37 - [TEST_STEP][PASSED] - navigateToUrl: Navigate to 'http://192.168.137.1/Multihospital_New/EmergencyLogin.aspx' successfully

2018-05-15 13:36:40 - [MESSAGE][PASSED] - Navigate to 'http://192.168.137.1/Multihospital_New/EmergencyLogin.aspx' successfully

2018-05-15 13:36:40 - [TEST_STEP][PASSED] - maximizeWindow: Current window maximized

2018-05-15 13:36:41 - [MESSAGE][PASSED] - Current window maximized

2018-05-15 13:36:41 - [TEST_STEP][PASSED] - setText: Text 'nivetha' is set on object 'Object Repository/Emergency/Page_Emergency login/input_txtusername'

2018-05-15 13:36:41 - [MESSAGE][PASSED] - Text 'nivetha' is set on object 'Object Repository/Emergency/Page_Emergency login/input_txtusername'

2018-05-15 13:36:41 - [TEST_STEP][PASSED] - setText: Text '123' is set on object 'Object Repository/Emergency/Page_Emergency login/input_txtpassword'

2018-05-15 13:36:41 - [MESSAGE][PASSED] - Text '123' is set on object 'Object Repository/Emergency/Page_Emergency login/input_txtpassword'

2018-05-15 13:36:41 - [TEST_STEP][PASSED] - delay: Delayed 3 second(s)

2018-05-15 13:36:44 - [MESSAGE][PASSED] - Delayed 3 second(s)

2018-05-15 13:36:44 - [TEST_STEP][PASSED] - click: Object: 'Object Repository/Emergency/Page_Emergency login/button_Sign in' is clicked on

2018-05-15 13:36:45 - [MESSAGE][PASSED] - Object: 'Object Repository/Emergency/Page_Emergency login/button_Sign in' is clicked on

2018-05-15 13:36:45 - [TEST_STEP][PASSED] - delay: Delayed 3 second(s)

2018-05-15 13:36:48 - [MESSAGE][PASSED] - Delayed 3 second(s)

2018-05-15 13:36:48 - [TEST_STEP][PASSED] - click: Object: 'Object Repository/Emergency/Page_KDMC - Emergency/a_Store Request' is clicked on

2018-05-15 13:36:48 - [MESSAGE][PASSED] - Object: 'Object Repository/Emergency/Page_KDMC - Emergency/a_Store Request' is clicked on

2018-05-15 13:36:48 - [TEST_STEP][PASSED] - delay: Delayed 2 second(s)

2018-05-15 13:36:50 - [MESSAGE][PASSED] - Delayed 2 second(s)

2018-05-15 13:36:50 - [TEST_STEP][PASSED] - click: Object: 'Object Repository/Emergency/Page_KDMC - Emergency/a_Medicine Request' is clicked on

2018-05-15 13:36:51 - [MESSAGE][PASSED] - Object: 'Object Repository/Emergency/Page_KDMC - Emergency/a_Medicine Request' is clicked on

2018-05-15 13:36:51 - [TEST_STEP][PASSED] - delay: Delayed 2 second(s)

2018-05-15 13:36:53 - [MESSAGE][PASSED] - Delayed 2 second(s)

2018-05-15 13:36:53 - [TEST_STEP][PASSED] - selectOptionByIndex: All options with index in [2] are selected on object 'Object Repository/Emergency/Page_KDMC - Emergency/select_--Select--Schedule 1Inj'

2018-05-15 13:36:53 - [MESSAGE][PASSED] - All options with index in [2] are selected on object 'Object Repository/Emergency/Page_KDMC - Emergency/select_--Select--Schedule 1Inj'

2018-05-15 13:36:53 - [TEST_STEP][PASSED] - Statement - seletedoptions = com.kms.katalon.core.webui.keyword.WebUiBuiltInKeywords.getNumberOfTotalOption(com.kms.katalon.core.testobject.ObjectRepository.findTestObject(Emergency/Page_KDMC - Emergency/select_--Select--Adernaline 0.)): 37 options of object 'Object Repository/Emergency/Page_KDMC - Emergency/select_--Select--Adernaline 0.' counted

2018-05-15 13:36:54 - [MESSAGE][PASSED] - 37 options of object 'Object Repository/Emergency/Page_KDMC - Emergency/select_--Select--Adernaline 0.' counted

2018-05-15 13:36:54 - [TEST_STEP][PASSED] - Statement - For ([u = 1, u < seletedoptions - 1, (u++)]): Object: 'Object Repository/Emergency/Page_KDMC - Emergency/button_Add' is clicked on

2018-05-15 13:36:54 - [TEST_STEP][PASSED] - selectOptionByIndex: All options with index in [2] are selected on object 'Object Repository/Emergency/Page_KDMC - Emergency/select_--Select--Schedule 1Inj'

2018-05-15 13:36:54 - [MESSAGE][PASSED] - All options with index in [2] are selected on object 'Object Repository/Emergency/Page_KDMC - Emergency/select_--Select--Schedule 1Inj'

2018-05-15 13:36:54 - [TEST_STEP][PASSED] - selectOptionByIndex: All options with index in [1] are selected on object 'Object Repository/Emergency/Page_KDMC - Emergency/select_--Select--Adernaline 0.'

2018-05-15 13:36:54 - [MESSAGE][PASSED] - All options with index in [1] are selected on object 'Object Repository/Emergency/Page_KDMC - Emergency/select_--Select--Adernaline 0.'

2018-05-15 13:36:54 - [TEST_STEP][PASSED] - setText: Text '10' is set on object 'Object Repository/Emergency/Page_KDMC - Emergency/input_txttreat'

2018-05-15 13:36:54 - [MESSAGE][PASSED] - Text '10' is set on object 'Object Repository/Emergency/Page_KDMC - Emergency/input_txttreat'

2018-05-15 13:36:54 - [TEST_STEP][PASSED] - click: Object: 'Object Repository/Emergency/Page_KDMC - Emergency/button_Add' is clicked on

2018-05-15 13:36:54 - [MESSAGE][PASSED] - Object: 'Object Repository/Emergency/Page_KDMC - Emergency/button_Add' is clicked on

2018-05-15 13:36:54 - [TEST_STEP][PASSED] - selectOptionByIndex: All options with index in [2] are selected on object 'Object Repository/Emergency/Page_KDMC - Emergency/select_--Select--Schedule 1Inj'

2018-05-15 13:36:54 - [MESSAGE][PASSED] - All options with index in [2] are selected on object 'Object Repository/Emergency/Page_KDMC - Emergency/select_--Select--Schedule 1Inj'

2018-05-15 13:36:54 - [TEST_STEP][PASSED] - selectOptionByIndex: All options with index in [2] are selected on object 'Object Repository/Emergency/Page_KDMC - Emergency/select_--Select--Adernaline 0.'

2018-05-15 13:36:54 - [MESSAGE][PASSED] - All options with index in [2] are selected on object 'Object Repository/Emergency/Page_KDMC - Emergency/select_--Select--Adernaline 0.'

2018-05-15 13:36:54 - [TEST_STEP][PASSED] - setText: Text '10' is set on object 'Object Repository/Emergency/Page_KDMC - Emergency/input_txttreat'

2018-05-15 13:36:54 - [MESSAGE][PASSED] - Text '10' is set on object 'Object Repository/Emergency/Page_KDMC - Emergency/input_txttreat'

2018-05-15 13:36:54 - [TEST_STEP][PASSED] - click: Object: 'Object Repository/Emergency/Page_KDMC - Emergency/button_Add' is clicked on

2018-05-15 13:36:54 - [MESSAGE][PASSED] - Object: 'Object Repository/Emergency/Page_KDMC - Emergency/button_Add' is clicked on

2018-05-15 13:36:54 - [TEST_STEP][PASSED] - selectOptionByIndex: All options with index in [2] are selected on object 'Object Repository/Emergency/Page_KDMC - Emergency/select_--Select--Schedule 1Inj'

2018-05-15 13:36:55 - [MESSAGE][PASSED] - All options with index in [2] are selected on object 'Object Repository/Emergency/Page_KDMC - Emergency/select_--Select--Schedule 1Inj'

2018-05-15 13:36:55 - [TEST_STEP][PASSED] - selectOptionByIndex: All options with index in [3] are selected on object 'Object Repository/Emergency/Page_KDMC - Emergency/select_--Select--Adernaline 0.'

2018-05-15 13:36:55 - [MESSAGE][PASSED] - All options with index in [3] are selected on object 'Object Repository/Emergency/Page_KDMC - Emergency/select_--Select--Adernaline 0.'

2018-05-15 13:36:55 - [TEST_STEP][PASSED] - setText: Text '10' is set on object 'Object Repository/Emergency/Page_KDMC - Emergency/input_txttreat'

2018-05-15 13:36:55 - [MESSAGE][PASSED] - Text '10' is set on object 'Object Repository/Emergency/Page_KDMC - Emergency/input_txttreat'

2018-05-15 13:36:55 - [TEST_STEP][PASSED] - click: Object: 'Object Repository/Emergency/Page_KDMC - Emergency/button_Add' is clicked on

2018-05-15 13:36:55 - [MESSAGE][PASSED] - Object: 'Object Repository/Emergency/Page_KDMC - Emergency/button_Add' is clicked on

2018-05-15 13:36:55 - [TEST_STEP][PASSED] - selectOptionByIndex: All options with index in [2] are selected on object 'Object Repository/Emergency/Page_KDMC - Emergency/select_--Select--Schedule 1Inj'

2018-05-15 13:36:55 - [MESSAGE][PASSED] - All options with index in [2] are selected on object 'Object Repository/Emergency/Page_KDMC - Emergency/select_--Select--Schedule 1Inj'

2018-05-15 13:36:55 - [TEST_STEP][PASSED] - selectOptionByIndex: All options with index in [4] are selected on object 'Object Repository/Emergency/Page_KDMC - Emergency/select_--Select--Adernaline 0.'

2018-05-15 13:36:55 - [MESSAGE][PASSED] - All options with index in [4] are selected on object 'Object Repository/Emergency/Page_KDMC - Emergency/select_--Select--Adernaline 0.'

2018-05-15 13:36:55 - [TEST_STEP][PASSED] - setText: Text '10' is set on object 'Object Repository/Emergency/Page_KDMC - Emergency/input_txttreat'

2018-05-15 13:36:55 - [MESSAGE][PASSED] - Text '10' is set on object 'Object Repository/Emergency/Page_KDMC - Emergency/input_txttreat'

2018-05-15 13:36:55 - [TEST_STEP][PASSED] - click: Object: 'Object Repository/Emergency/Page_KDMC - Emergency/button_Add' is clicked on

2018-05-15 13:36:55 - [MESSAGE][PASSED] - Object: 'Object Repository/Emergency/Page_KDMC - Emergency/button_Add' is clicked on

2018-05-15 13:36:55 - [TEST_STEP][PASSED] - selectOptionByIndex: All options with index in [2] are selected on object 'Object Repository/Emergency/Page_KDMC - Emergency/select_--Select--Schedule 1Inj'

2018-05-15 13:36:56 - [MESSAGE][PASSED] - All options with index in [2] are selected on object 'Object Repository/Emergency/Page_KDMC - Emergency/select_--Select--Schedule 1Inj'

2018-05-15 13:36:56 - [TEST_STEP][PASSED] - selectOptionByIndex: All options with index in [5] are selected on object 'Object Repository/Emergency/Page_KDMC - Emergency/select_--Select--Adernaline 0.'

2018-05-15 13:36:56 - [MESSAGE][PASSED] - All options with index in [5] are selected on object 'Object Repository/Emergency/Page_KDMC - Emergency/select_--Select--Adernaline 0.'

2018-05-15 13:36:56 - [TEST_STEP][PASSED] - setText: Text '10' is set on object 'Object Repository/Emergency/Page_KDMC - Emergency/input_txttreat'

2018-05-15 13:36:56 - [MESSAGE][PASSED] - Text '10' is set on object 'Object Repository/Emergency/Page_KDMC - Emergency/input_txttreat'

2018-05-15 13:36:56 - [TEST_STEP][PASSED] - click: Object: 'Object Repository/Emergency/Page_KDMC - Emergency/button_Add' is clicked on

2018-05-15 13:36:56 - [MESSAGE][PASSED] - Object: 'Object Repository/Emergency/Page_KDMC - Emergency/button_Add' is clicked on

2018-05-15 13:36:56 - [TEST_STEP][PASSED] - selectOptionByIndex: All options with index in [2] are selected on object 'Object Repository/Emergency/Page_KDMC - Emergency/select_--Select--Schedule 1Inj'

2018-05-15 13:36:56 - [MESSAGE][PASSED] - All options with index in [2] are selected on object 'Object Repository/Emergency/Page_KDMC - Emergency/select_--Select--Schedule 1Inj'

2018-05-15 13:36:56 - [TEST_STEP][PASSED] - selectOptionByIndex: All options with index in [6] are selected on object 'Object Repository/Emergency/Page_KDMC - Emergency/select_--Select--Adernaline 0.'

2018-05-15 13:36:56 - [MESSAGE][PASSED] - All options with index in [6] are selected on object 'Object Repository/Emergency/Page_KDMC - Emergency/select_--Select--Adernaline 0.'

2018-05-15 13:36:56 - [TEST_STEP][PASSED] - setText: Text '10' is set on object 'Object Repository/Emergency/Page_KDMC - Emergency/input_txttreat'

2018-05-15 13:36:56 - [MESSAGE][PASSED] - Text '10' is set on object 'Object Repository/Emergency/Page_KDMC - Emergency/input_txttreat'

2018-05-15 13:36:56 - [TEST_STEP][PASSED] - click: Object: 'Object Repository/Emergency/Page_KDMC - Emergency/button_Add' is clicked on

2018-05-15 13:36:56 - [MESSAGE][PASSED] - Object: 'Object Repository/Emergency/Page_KDMC - Emergency/button_Add' is clicked on

2018-05-15 13:36:56 - [TEST_STEP][PASSED] - selectOptionByIndex: All options with index in [2] are selected on object 'Object Repository/Emergency/Page_KDMC - Emergency/select_--Select--Schedule 1Inj'

2018-05-15 13:36:57 - [MESSAGE][PASSED] - All options with index in [2] are selected on object 'Object Repository/Emergency/Page_KDMC - Emergency/select_--Select--Schedule 1Inj'

2018-05-15 13:36:57 - [TEST_STEP][PASSED] - selectOptionByIndex: All options with index in [7] are selected on object 'Object Repository/Emergency/Page_KDMC - Emergency/select_--Select--Adernaline 0.'

2018-05-15 13:36:57 - [MESSAGE][PASSED] - All options with index in [7] are selected on object 'Object Repository/Emergency/Page_KDMC - Emergency/select_--Select--Adernaline 0.'

2018-05-15 13:36:57 - [TEST_STEP][PASSED] - setText: Text '10' is set on object 'Object Repository/Emergency/Page_KDMC - Emergency/input_txttreat'

2018-05-15 13:36:57 - [MESSAGE][PASSED] - Text '10' is set on object 'Object Repository/Emergency/Page_KDMC - Emergency/input_txttreat'

2018-05-15 13:36:57 - [TEST_STEP][PASSED] - click: Object: 'Object Repository/Emergency/Page_KDMC - Emergency/button_Add' is clicked on

2018-05-15 13:36:57 - [MESSAGE][PASSED] - Object: 'Object Repository/Emergency/Page_KDMC - Emergency/button_Add' is clicked on

2018-05-15 13:36:57 - [TEST_STEP][PASSED] - selectOptionByIndex: All options with index in [2] are selected on object 'Object Repository/Emergency/Page_KDMC - Emergency/select_--Select--Schedule 1Inj'

2018-05-15 13:36:57 - [MESSAGE][PASSED] - All options with index in [2] are selected on object 'Object Repository/Emergency/Page_KDMC - Emergency/select_--Select--Schedule 1Inj'

2018-05-15 13:36:57 - [TEST_STEP][PASSED] - selectOptionByIndex: All options with index in [8] are selected on object 'Object Repository/Emergency/Page_KDMC - Emergency/select_--Select--Adernaline 0.'

2018-05-15 13:36:57 - [MESSAGE][PASSED] - All options with index in [8] are selected on object 'Object Repository/Emergency/Page_KDMC - Emergency/select_--Select--Adernaline 0.'

2018-05-15 13:36:57 - [TEST_STEP][PASSED] - setText: Text '10' is set on object 'Object Repository/Emergency/Page_KDMC - Emergency/input_txttreat'

2018-05-15 13:36:57 - [MESSAGE][PASSED] - Text '10' is set on object 'Object Repository/Emergency/Page_KDMC - Emergency/input_txttreat'

2018-05-15 13:36:57 - [TEST_STEP][PASSED] - click: Object: 'Object Repository/Emergency/Page_KDMC - Emergency/button_Add' is clicked on

2018-05-15 13:36:57 - [MESSAGE][PASSED] - Object: 'Object Repository/Emergency/Page_KDMC - Emergency/button_Add' is clicked on

2018-05-15 13:36:57 - [TEST_STEP][PASSED] - selectOptionByIndex: All options with index in [2] are selected on object 'Object Repository/Emergency/Page_KDMC - Emergency/select_--Select--Schedule 1Inj'

2018-05-15 13:36:57 - [MESSAGE][PASSED] - All options with index in [2] are selected on object 'Object Repository/Emergency/Page_KDMC - Emergency/select_--Select--Schedule 1Inj'

2018-05-15 13:36:57 - [TEST_STEP][PASSED] - selectOptionByIndex: All options with index in [9] are selected on object 'Object Repository/Emergency/Page_KDMC - Emergency/select_--Select--Adernaline 0.'

2018-05-15 13:36:58 - [MESSAGE][PASSED] - All options with index in [9] are selected on object 'Object Repository/Emergency/Page_KDMC - Emergency/select_--Select--Adernaline 0.'

2018-05-15 13:36:58 - [TEST_STEP][PASSED] - setText: Text '10' is set on object 'Object Repository/Emergency/Page_KDMC - Emergency/input_txttreat'

2018-05-15 13:36:58 - [MESSAGE][PASSED] - Text '10' is set on object 'Object Repository/Emergency/Page_KDMC - Emergency/input_txttreat'

2018-05-15 13:36:58 - [TEST_STEP][PASSED] - click: Object: 'Object Repository/Emergency/Page_KDMC - Emergency/button_Add' is clicked on

2018-05-15 13:36:58 - [MESSAGE][PASSED] - Object: 'Object Repository/Emergency/Page_KDMC - Emergency/button_Add' is clicked on

2018-05-15 13:36:58 - [TEST_STEP][PASSED] - selectOptionByIndex: All options with index in [2] are selected on object 'Object Repository/Emergency/Page_KDMC - Emergency/select_--Select--Schedule 1Inj'

2018-05-15 13:36:58 - [MESSAGE][PASSED] - All options with index in [2] are selected on object 'Object Repository/Emergency/Page_KDMC - Emergency/select_--Select--Schedule 1Inj'

2018-05-15 13:36:58 - [TEST_STEP][PASSED] - selectOptionByIndex: All options with index in [10] are selected on object 'Object Repository/Emergency/Page_KDMC - Emergency/select_--Select--Adernaline 0.'

2018-05-15 13:36:58 - [MESSAGE][PASSED] - All options with index in [10] are selected on object 'Object Repository/Emergency/Page_KDMC - Emergency/select_--Select--Adernaline 0.'

2018-05-15 13:36:58 - [TEST_STEP][PASSED] - setText: Text '10' is set on object 'Object Repository/Emergency/Page_KDMC - Emergency/input_txttreat'

2018-05-15 13:36:58 - [MESSAGE][PASSED] - Text '10' is set on object 'Object Repository/Emergency/Page_KDMC - Emergency/input_txttreat'

2018-05-15 13:36:58 - [TEST_STEP][PASSED] - click: Object: 'Object Repository/Emergency/Page_KDMC - Emergency/button_Add' is clicked on

2018-05-15 13:36:58 - [MESSAGE][PASSED] - Object: 'Object Repository/Emergency/Page_KDMC - Emergency/button_Add' is clicked on

2018-05-15 13:36:58 - [TEST_STEP][PASSED] - selectOptionByIndex: All options with index in [2] are selected on object 'Object Repository/Emergency/Page_KDMC - Emergency/select_--Select--Schedule 1Inj'

2018-05-15 13:36:58 - [MESSAGE][PASSED] - All options with index in [2] are selected on object 'Object Repository/Emergency/Page_KDMC - Emergency/select_--Select--Schedule 1Inj'

2018-05-15 13:36:58 - [TEST_STEP][PASSED] - selectOptionByIndex: All options with index in [11] are selected on object 'Object Repository/Emergency/Page_KDMC - Emergency/select_--Select--Adernaline 0.'

2018-05-15 13:36:59 - [MESSAGE][PASSED] - All options with index in [11] are selected on object 'Object Repository/Emergency/Page_KDMC - Emergency/select_--Select--Adernaline 0.'

2018-05-15 13:36:59 - [TEST_STEP][PASSED] - setText: Text '10' is set on object 'Object Repository/Emergency/Page_KDMC - Emergency/input_txttreat'

2018-05-15 13:36:59 - [MESSAGE][PASSED] - Text '10' is set on object 'Object Repository/Emergency/Page_KDMC - Emergency/input_txttreat'

2018-05-15 13:36:59 - [TEST_STEP][PASSED] - click: Object: 'Object Repository/Emergency/Page_KDMC - Emergency/button_Add' is clicked on

2018-05-15 13:36:59 - [MESSAGE][PASSED] - Object: 'Object Repository/Emergency/Page_KDMC - Emergency/button_Add' is clicked on

2018-05-15 13:36:59 - [TEST_STEP][PASSED] - selectOptionByIndex: All options with index in [2] are selected on object 'Object Repository/Emergency/Page_KDMC - Emergency/select_--Select--Schedule 1Inj'

2018-05-15 13:36:59 - [MESSAGE][PASSED] - All options with index in [2] are selected on object 'Object Repository/Emergency/Page_KDMC - Emergency/select_--Select--Schedule 1Inj'

2018-05-15 13:36:59 - [TEST_STEP][PASSED] - selectOptionByIndex: All options with index in [12] are selected on object 'Object Repository/Emergency/Page_KDMC - Emergency/select_--Select--Adernaline 0.'

2018-05-15 13:36:59 - [MESSAGE][PASSED] - All options with index in [12] are selected on object 'Object Repository/Emergency/Page_KDMC - Emergency/select_--Select--Adernaline 0.'

2018-05-15 13:36:59 - [TEST_STEP][PASSED] - setText: Text '10' is set on object 'Object Repository/Emergency/Page_KDMC - Emergency/input_txttreat'

2018-05-15 13:36:59 - [MESSAGE][PASSED] - Text '10' is set on object 'Object Repository/Emergency/Page_KDMC - Emergency/input_txttreat'

2018-05-15 13:36:59 - [TEST_STEP][PASSED] - click: Object: 'Object Repository/Emergency/Page_KDMC - Emergency/button_Add' is clicked on

2018-05-15 13:36:59 - [MESSAGE][PASSED] - Object: 'Object Repository/Emergency/Page_KDMC - Emergency/button_Add' is clicked on

2018-05-15 13:36:59 - [TEST_STEP][PASSED] - selectOptionByIndex: All options with index in [2] are selected on object 'Object Repository/Emergency/Page_KDMC - Emergency/select_--Select--Schedule 1Inj'

2018-05-15 13:37:00 - [MESSAGE][PASSED] - All options with index in [2] are selected on object 'Object Repository/Emergency/Page_KDMC - Emergency/select_--Select--Schedule 1Inj'

2018-05-15 13:37:00 - [TEST_STEP][PASSED] - selectOptionByIndex: All options with index in [13] are selected on object 'Object Repository/Emergency/Page_KDMC - Emergency/select_--Select--Adernaline 0.'

2018-05-15 13:37:00 - [MESSAGE][PASSED] - All options with index in [13] are selected on object 'Object Repository/Emergency/Page_KDMC - Emergency/select_--Select--Adernaline 0.'

2018-05-15 13:37:00 - [TEST_STEP][PASSED] - setText: Text '10' is set on object 'Object Repository/Emergency/Page_KDMC - Emergency/input_txttreat'

2018-05-15 13:37:00 - [MESSAGE][PASSED] - Text '10' is set on object 'Object Repository/Emergency/Page_KDMC - Emergency/input_txttreat'

2018-05-15 13:37:00 - [TEST_STEP][PASSED] - click: Object: 'Object Repository/Emergency/Page_KDMC - Emergency/button_Add' is clicked on

2018-05-15 13:37:00 - [MESSAGE][PASSED] - Object: 'Object Repository/Emergency/Page_KDMC - Emergency/button_Add' is clicked on

2018-05-15 13:37:00 - [TEST_STEP][PASSED] - selectOptionByIndex: All options with index in [2] are selected on object 'Object Repository/Emergency/Page_KDMC - Emergency/select_--Select--Schedule 1Inj'

2018-05-15 13:37:00 - [MESSAGE][PASSED] - All options with index in [2] are selected on object 'Object Repository/Emergency/Page_KDMC - Emergency/select_--Select--Schedule 1Inj'

2018-05-15 13:37:00 - [TEST_STEP][PASSED] - selectOptionByIndex: All options with index in [14] are selected on object 'Object Repository/Emergency/Page_KDMC - Emergency/select_--Select--Adernaline 0.'

2018-05-15 13:37:00 - [MESSAGE][PASSED] - All options with index in [14] are selected on object 'Object Repository/Emergency/Page_KDMC - Emergency/select_--Select--Adernaline 0.'

2018-05-15 13:37:00 - [TEST_STEP][PASSED] - setText: Text '10' is set on object 'Object Repository/Emergency/Page_KDMC - Emergency/input_txttreat'

2018-05-15 13:37:00 - [MESSAGE][PASSED] - Text '10' is set on object 'Object Repository/Emergency/Page_KDMC - Emergency/input_txttreat'

2018-05-15 13:37:00 - [TEST_STEP][PASSED] - click: Object: 'Object Repository/Emergency/Page_KDMC - Emergency/button_Add' is clicked on

2018-05-15 13:37:00 - [MESSAGE][PASSED] - Object: 'Object Repository/Emergency/Page_KDMC - Emergency/button_Add' is clicked on

2018-05-15 13:37:00 - [TEST_STEP][PASSED] - selectOptionByIndex: All options with index in [2] are selected on object 'Object Repository/Emergency/Page_KDMC - Emergency/select_--Select--Schedule 1Inj'

2018-05-15 13:37:01 - [MESSAGE][PASSED] - All options with index in [2] are selected on object 'Object Repository/Emergency/Page_KDMC - Emergency/select_--Select--Schedule 1Inj'

2018-05-15 13:37:01 - [TEST_STEP][PASSED] - selectOptionByIndex: All options with index in [15] are selected on object 'Object Repository/Emergency/Page_KDMC - Emergency/select_--Select--Adernaline 0.'

2018-05-15 13:37:01 - [MESSAGE][PASSED] - All options with index in [15] are selected on object 'Object Repository/Emergency/Page_KDMC - Emergency/select_--Select--Adernaline 0.'

2018-05-15 13:37:01 - [TEST_STEP][PASSED] - setText: Text '10' is set on object 'Object Repository/Emergency/Page_KDMC - Emergency/input_txttreat'

2018-05-15 13:37:01 - [MESSAGE][PASSED] - Text '10' is set on object 'Object Repository/Emergency/Page_KDMC - Emergency/input_txttreat'

2018-05-15 13:37:01 - [TEST_STEP][PASSED] - click: Object: 'Object Repository/Emergency/Page_KDMC - Emergency/button_Add' is clicked on

2018-05-15 13:37:01 - [MESSAGE][PASSED] - Object: 'Object Repository/Emergency/Page_KDMC - Emergency/button_Add' is clicked on

2018-05-15 13:37:01 - [TEST_STEP][PASSED] - selectOptionByIndex: All options with index in [2] are selected on object 'Object Repository/Emergency/Page_KDMC - Emergency/select_--Select--Schedule 1Inj'

2018-05-15 13:37:01 - [MESSAGE][PASSED] - All options with index in [2] are selected on object 'Object Repository/Emergency/Page_KDMC - Emergency/select_--Select--Schedule 1Inj'

2018-05-15 13:37:01 - [TEST_STEP][PASSED] - selectOptionByIndex: All options with index in [16] are selected on object 'Object Repository/Emergency/Page_KDMC - Emergency/select_--Select--Adernaline 0.'

2018-05-15 13:37:01 - [MESSAGE][PASSED] - All options with index in [16] are selected on object 'Object Repository/Emergency/Page_KDMC - Emergency/select_--Select--Adernaline 0.'

2018-05-15 13:37:01 - [TEST_STEP][PASSED] - setText: Text '10' is set on object 'Object Repository/Emergency/Page_KDMC - Emergency/input_txttreat'

2018-05-15 13:37:02 - [MESSAGE][PASSED] - Text '10' is set on object 'Object Repository/Emergency/Page_KDMC - Emergency/input_txttreat'

2018-05-15 13:37:02 - [TEST_STEP][PASSED] - click: Object: 'Object Repository/Emergency/Page_KDMC - Emergency/button_Add' is clicked on

2018-05-15 13:37:02 - [MESSAGE][PASSED] - Object: 'Object Repository/Emergency/Page_KDMC - Emergency/button_Add' is clicked on

2018-05-15 13:37:02 - [TEST_STEP][PASSED] - selectOptionByIndex: All options with index in [2] are selected on object 'Object Repository/Emergency/Page_KDMC - Emergency/select_--Select--Schedule 1Inj'

2018-05-15 13:37:02 - [MESSAGE][PASSED] - All options with index in [2] are selected on object 'Object Repository/Emergency/Page_KDMC - Emergency/select_--Select--Schedule 1Inj'

2018-05-15 13:37:02 - [TEST_STEP][PASSED] - selectOptionByIndex: All options with index in [17] are selected on object 'Object Repository/Emergency/Page_KDMC - Emergency/select_--Select--Adernaline 0.'

2018-05-15 13:37:02 - [MESSAGE][PASSED] - All options with index in [17] are selected on object 'Object Repository/Emergency/Page_KDMC - Emergency/select_--Select--Adernaline 0.'

2018-05-15 13:37:02 - [TEST_STEP][PASSED] - setText: Text '10' is set on object 'Object Repository/Emergency/Page_KDMC - Emergency/input_txttreat'

2018-05-15 13:37:02 - [MESSAGE][PASSED] - Text '10' is set on object 'Object Repository/Emergency/Page_KDMC - Emergency/input_txttreat'

2018-05-15 13:37:02 - [TEST_STEP][PASSED] - click: Object: 'Object Repository/Emergency/Page_KDMC - Emergency/button_Add' is clicked on

2018-05-15 13:37:02 - [MESSAGE][PASSED] - Object: 'Object Repository/Emergency/Page_KDMC - Emergency/button_Add' is clicked on

2018-05-15 13:37:02 - [TEST_STEP][PASSED] - selectOptionByIndex: All options with index in [2] are selected on object 'Object Repository/Emergency/Page_KDMC - Emergency/select_--Select--Schedule 1Inj'

2018-05-15 13:37:02 - [MESSAGE][PASSED] - All options with index in [2] are selected on object 'Object Repository/Emergency/Page_KDMC - Emergency/select_--Select--Schedule 1Inj'

2018-05-15 13:37:02 - [TEST_STEP][PASSED] - selectOptionByIndex: All options with index in [18] are selected on object 'Object Repository/Emergency/Page_KDMC - Emergency/select_--Select--Adernaline 0.'

2018-05-15 13:37:03 - [MESSAGE][PASSED] - All options with index in [18] are selected on object 'Object Repository/Emergency/Page_KDMC - Emergency/select_--Select--Adernaline 0.'

2018-05-15 13:37:03 - [TEST_STEP][PASSED] - setText: Text '10' is set on object 'Object Repository/Emergency/Page_KDMC - Emergency/input_txttreat'

2018-05-15 13:37:03 - [MESSAGE][PASSED] - Text '10' is set on object 'Object Repository/Emergency/Page_KDMC - Emergency/input_txttreat'

2018-05-15 13:37:03 - [TEST_STEP][PASSED] - click: Object: 'Object Repository/Emergency/Page_KDMC - Emergency/button_Add' is clicked on

2018-05-15 13:37:03 - [MESSAGE][PASSED] - Object: 'Object Repository/Emergency/Page_KDMC - Emergency/button_Add' is clicked on

2018-05-15 13:37:03 - [TEST_STEP][PASSED] - selectOptionByIndex: All options with index in [2] are selected on object 'Object Repository/Emergency/Page_KDMC - Emergency/select_--Select--Schedule 1Inj'

2018-05-15 13:37:03 - [MESSAGE][PASSED] - All options with index in [2] are selected on object 'Object Repository/Emergency/Page_KDMC - Emergency/select_--Select--Schedule 1Inj'

2018-05-15 13:37:03 - [TEST_STEP][PASSED] - selectOptionByIndex: All options with index in [19] are selected on object 'Object Repository/Emergency/Page_KDMC - Emergency/select_--Select--Adernaline 0.'

2018-05-15 13:37:03 - [MESSAGE][PASSED] - All options with index in [19] are selected on object 'Object Repository/Emergency/Page_KDMC - Emergency/select_--Select--Adernaline 0.'

2018-05-15 13:37:03 - [TEST_STEP][PASSED] - setText: Text '10' is set on object 'Object Repository/Emergency/Page_KDMC - Emergency/input_txttreat'

2018-05-15 13:37:03 - [MESSAGE][PASSED] - Text '10' is set on object 'Object Repository/Emergency/Page_KDMC - Emergency/input_txttreat'

2018-05-15 13:37:03 - [TEST_STEP][PASSED] - click: Object: 'Object Repository/Emergency/Page_KDMC - Emergency/button_Add' is clicked on

2018-05-15 13:37:03 - [MESSAGE][PASSED] - Object: 'Object Repository/Emergency/Page_KDMC - Emergency/button_Add' is clicked on

2018-05-15 13:37:03 - [TEST_STEP][PASSED] - selectOptionByIndex: All options with index in [2] are selected on object 'Object Repository/Emergency/Page_KDMC - Emergency/select_--Select--Schedule 1Inj'

2018-05-15 13:37:04 - [MESSAGE][PASSED] - All options with index in [2] are selected on object 'Object Repository/Emergency/Page_KDMC - Emergency/select_--Select--Schedule 1Inj'

2018-05-15 13:37:04 - [TEST_STEP][PASSED] - selectOptionByIndex: All options with index in [20] are selected on object 'Object Repository/Emergency/Page_KDMC - Emergency/select_--Select--Adernaline 0.'

2018-05-15 13:37:04 - [MESSAGE][PASSED] - All options with index in [20] are selected on object 'Object Repository/Emergency/Page_KDMC - Emergency/select_--Select--Adernaline 0.'

2018-05-15 13:37:04 - [TEST_STEP][PASSED] - setText: Text '10' is set on object 'Object Repository/Emergency/Page_KDMC - Emergency/input_txttreat'

2018-05-15 13:37:04 - [MESSAGE][PASSED] - Text '10' is set on object 'Object Repository/Emergency/Page_KDMC - Emergency/input_txttreat'

2018-05-15 13:37:04 - [TEST_STEP][PASSED] - click: Object: 'Object Repository/Emergency/Page_KDMC - Emergency/button_Add' is clicked on

2018-05-15 13:37:04 - [MESSAGE][PASSED] - Object: 'Object Repository/Emergency/Page_KDMC - Emergency/button_Add' is clicked on

2018-05-15 13:37:04 - [TEST_STEP][PASSED] - selectOptionByIndex: All options with index in [2] are selected on object 'Object Repository/Emergency/Page_KDMC - Emergency/select_--Select--Schedule 1Inj'

2018-05-15 13:37:04 - [MESSAGE][PASSED] - All options with index in [2] are selected on object 'Object Repository/Emergency/Page_KDMC - Emergency/select_--Select--Schedule 1Inj'

2018-05-15 13:37:04 - [TEST_STEP][PASSED] - selectOptionByIndex: All options with index in [21] are selected on object 'Object Repository/Emergency/Page_KDMC - Emergency/select_--Select--Adernaline 0.'

2018-05-15 13:37:04 - [MESSAGE][PASSED] - All options with index in [21] are selected on object 'Object Repository/Emergency/Page_KDMC - Emergency/select_--Select--Adernaline 0.'

2018-05-15 13:37:04 - [TEST_STEP][PASSED] - setText: Text '10' is set on object 'Object Repository/Emergency/Page_KDMC - Emergency/input_txttreat'

2018-05-15 13:37:05 - [MESSAGE][PASSED] - Text '10' is set on object 'Object Repository/Emergency/Page_KDMC - Emergency/input_txttreat'

2018-05-15 13:37:05 - [TEST_STEP][PASSED] - click: Object: 'Object Repository/Emergency/Page_KDMC - Emergency/button_Add' is clicked on

2018-05-15 13:37:05 - [MESSAGE][PASSED] - Object: 'Object Repository/Emergency/Page_KDMC - Emergency/button_Add' is clicked on

2018-05-15 13:37:05 - [TEST_STEP][PASSED] - selectOptionByIndex: All options with index in [2] are selected on object 'Object Repository/Emergency/Page_KDMC - Emergency/select_--Select--Schedule 1Inj'

2018-05-15 13:37:05 - [MESSAGE][PASSED] - All options with index in [2] are selected on object 'Object Repository/Emergency/Page_KDMC - Emergency/select_--Select--Schedule 1Inj'

2018-05-15 13:37:05 - [TEST_STEP][PASSED] - selectOptionByIndex: All options with index in [22] are selected on object 'Object Repository/Emergency/Page_KDMC - Emergency/select_--Select--Adernaline 0.'

2018-05-15 13:37:05 - [MESSAGE][PASSED] - All options with index in [22] are selected on object 'Object Repository/Emergency/Page_KDMC - Emergency/select_--Select--Adernaline 0.'

2018-05-15 13:37:05 - [TEST_STEP][PASSED] - setText: Text '10' is set on object 'Object Repository/Emergency/Page_KDMC - Emergency/input_txttreat'

2018-05-15 13:37:05 - [MESSAGE][PASSED] - Text '10' is set on object 'Object Repository/Emergency/Page_KDMC - Emergency/input_txttreat'

2018-05-15 13:37:05 - [TEST_STEP][PASSED] - click: Object: 'Object Repository/Emergency/Page_KDMC - Emergency/button_Add' is clicked on

2018-05-15 13:37:05 - [MESSAGE][PASSED] - Object: 'Object Repository/Emergency/Page_KDMC - Emergency/button_Add' is clicked on

2018-05-15 13:37:05 - [TEST_STEP][PASSED] - selectOptionByIndex: All options with index in [2] are selected on object 'Object Repository/Emergency/Page_KDMC - Emergency/select_--Select--Schedule 1Inj'

2018-05-15 13:37:05 - [MESSAGE][PASSED] - All options with index in [2] are selected on object 'Object Repository/Emergency/Page_KDMC - Emergency/select_--Select--Schedule 1Inj'

2018-05-15 13:37:05 - [TEST_STEP][PASSED] - selectOptionByIndex: All options with index in [23] are selected on object 'Object Repository/Emergency/Page_KDMC - Emergency/select_--Select--Adernaline 0.'

2018-05-15 13:37:06 - [MESSAGE][PASSED] - All options with index in [23] are selected on object 'Object Repository/Emergency/Page_KDMC - Emergency/select_--Select--Adernaline 0.'

2018-05-15 13:37:06 - [TEST_STEP][PASSED] - setText: Text '10' is set on object 'Object Repository/Emergency/Page_KDMC - Emergency/input_txttreat'

2018-05-15 13:37:06 - [MESSAGE][PASSED] - Text '10' is set on object 'Object Repository/Emergency/Page_KDMC - Emergency/input_txttreat'

2018-05-15 13:37:06 - [TEST_STEP][PASSED] - click: Object: 'Object Repository/Emergency/Page_KDMC - Emergency/button_Add' is clicked on

2018-05-15 13:37:06 - [MESSAGE][PASSED] - Object: 'Object Repository/Emergency/Page_KDMC - Emergency/button_Add' is clicked on

2018-05-15 13:37:06 - [TEST_STEP][PASSED] - selectOptionByIndex: All options with index in [2] are selected on object 'Object Repository/Emergency/Page_KDMC - Emergency/select_--Select--Schedule 1Inj'

2018-05-15 13:37:06 - [MESSAGE][PASSED] - All options with index in [2] are selected on object 'Object Repository/Emergency/Page_KDMC - Emergency/select_--Select--Schedule 1Inj'

2018-05-15 13:37:06 - [TEST_STEP][PASSED] - selectOptionByIndex: All options with index in [24] are selected on object 'Object Repository/Emergency/Page_KDMC - Emergency/select_--Select--Adernaline 0.'

2018-05-15 13:37:06 - [MESSAGE][PASSED] - All options with index in [24] are selected on object 'Object Repository/Emergency/Page_KDMC - Emergency/select_--Select--Adernaline 0.'

2018-05-15 13:37:06 - [TEST_STEP][PASSED] - setText: Text '10' is set on object 'Object Repository/Emergency/Page_KDMC - Emergency/input_txttreat'

2018-05-15 13:37:06 - [MESSAGE][PASSED] - Text '10' is set on object 'Object Repository/Emergency/Page_KDMC - Emergency/input_txttreat'

2018-05-15 13:37:06 - [TEST_STEP][PASSED] - click: Object: 'Object Repository/Emergency/Page_KDMC - Emergency/button_Add' is clicked on

2018-05-15 13:37:07 - [MESSAGE][PASSED] - Object: 'Object Repository/Emergency/Page_KDMC - Emergency/button_Add' is clicked on

2018-05-15 13:37:07 - [TEST_STEP][PASSED] - selectOptionByIndex: All options with index in [2] are selected on object 'Object Repository/Emergency/Page_KDMC - Emergency/select_--Select--Schedule 1Inj'

2018-05-15 13:37:07 - [MESSAGE][PASSED] - All options with index in [2] are selected on object 'Object Repository/Emergency/Page_KDMC - Emergency/select_--Select--Schedule 1Inj'

2018-05-15 13:37:07 - [TEST_STEP][PASSED] - selectOptionByIndex: All options with index in [25] are selected on object 'Object Repository/Emergency/Page_KDMC - Emergency/select_--Select--Adernaline 0.'

2018-05-15 13:37:07 - [MESSAGE][PASSED] - All options with index in [25] are selected on object 'Object Repository/Emergency/Page_KDMC - Emergency/select_--Select--Adernaline 0.'

2018-05-15 13:37:07 - [TEST_STEP][PASSED] - setText: Text '10' is set on object 'Object Repository/Emergency/Page_KDMC - Emergency/input_txttreat'

2018-05-15 13:37:07 - [MESSAGE][PASSED] - Text '10' is set on object 'Object Repository/Emergency/Page_KDMC - Emergency/input_txttreat'

2018-05-15 13:37:07 - [TEST_STEP][PASSED] - click: Object: 'Object Repository/Emergency/Page_KDMC - Emergency/button_Add' is clicked on

2018-05-15 13:37:07 - [MESSAGE][PASSED] - Object: 'Object Repository/Emergency/Page_KDMC - Emergency/button_Add' is clicked on

2018-05-15 13:37:07 - [TEST_STEP][PASSED] - selectOptionByIndex: All options with index in [2] are selected on object 'Object Repository/Emergency/Page_KDMC - Emergency/select_--Select--Schedule 1Inj'

2018-05-15 13:37:07 - [MESSAGE][PASSED] - All options with index in [2] are selected on object 'Object Repository/Emergency/Page_KDMC - Emergency/select_--Select--Schedule 1Inj'

2018-05-15 13:37:07 - [TEST_STEP][PASSED] - selectOptionByIndex: All options with index in [26] are selected on object 'Object Repository/Emergency/Page_KDMC - Emergency/select_--Select--Adernaline 0.'

2018-05-15 13:37:08 - [MESSAGE][PASSED] - All options with index in [26] are selected on object 'Object Repository/Emergency/Page_KDMC - Emergency/select_--Select--Adernaline 0.'

2018-05-15 13:37:08 - [TEST_STEP][PASSED] - setText: Text '10' is set on object 'Object Repository/Emergency/Page_KDMC - Emergency/input_txttreat'

2018-05-15 13:37:08 - [MESSAGE][PASSED] - Text '10' is set on object 'Object Repository/Emergency/Page_KDMC - Emergency/input_txttreat'

2018-05-15 13:37:08 - [TEST_STEP][PASSED] - click: Object: 'Object Repository/Emergency/Page_KDMC - Emergency/button_Add' is clicked on

2018-05-15 13:37:08 - [MESSAGE][PASSED] - Object: 'Object Repository/Emergency/Page_KDMC - Emergency/button_Add' is clicked on

2018-05-15 13:37:08 - [TEST_STEP][PASSED] - selectOptionByIndex: All options with index in [2] are selected on object 'Object Repository/Emergency/Page_KDMC - Emergency/select_--Select--Schedule 1Inj'

2018-05-15 13:37:08 - [MESSAGE][PASSED] - All options with index in [2] are selected on object 'Object Repository/Emergency/Page_KDMC - Emergency/select_--Select--Schedule 1Inj'

2018-05-15 13:37:08 - [TEST_STEP][PASSED] - selectOptionByIndex: All options with index in [27] are selected on object 'Object Repository/Emergency/Page_KDMC - Emergency/select_--Select--Adernaline 0.'

2018-05-15 13:37:08 - [MESSAGE][PASSED] - All options with index in [27] are selected on object 'Object Repository/Emergency/Page_KDMC - Emergency/select_--Select--Adernaline 0.'

2018-05-15 13:37:08 - [TEST_STEP][PASSED] - setText: Text '10' is set on object 'Object Repository/Emergency/Page_KDMC - Emergency/input_txttreat'

2018-05-15 13:37:08 - [MESSAGE][PASSED] - Text '10' is set on object 'Object Repository/Emergency/Page_KDMC - Emergency/input_txttreat'

2018-05-15 13:37:08 - [TEST_STEP][PASSED] - click: Object: 'Object Repository/Emergency/Page_KDMC - Emergency/button_Add' is clicked on

2018-05-15 13:37:08 - [MESSAGE][PASSED] - Object: 'Object Repository/Emergency/Page_KDMC - Emergency/button_Add' is clicked on

2018-05-15 13:37:08 - [TEST_STEP][PASSED] - selectOptionByIndex: All options with index in [2] are selected on object 'Object Repository/Emergency/Page_KDMC - Emergency/select_--Select--Schedule 1Inj'

2018-05-15 13:37:09 - [MESSAGE][PASSED] - All options with index in [2] are selected on object 'Object Repository/Emergency/Page_KDMC - Emergency/select_--Select--Schedule 1Inj'

2018-05-15 13:37:09 - [TEST_STEP][PASSED] - selectOptionByIndex: All options with index in [28] are selected on object 'Object Repository/Emergency/Page_KDMC - Emergency/select_--Select--Adernaline 0.'

2018-05-15 13:37:09 - [MESSAGE][PASSED] - All options with index in [28] are selected on object 'Object Repository/Emergency/Page_KDMC - Emergency/select_--Select--Adernaline 0.'

2018-05-15 13:37:09 - [TEST_STEP][PASSED] - setText: Text '10' is set on object 'Object Repository/Emergency/Page_KDMC - Emergency/input_txttreat'

2018-05-15 13:37:09 - [MESSAGE][PASSED] - Text '10' is set on object 'Object Repository/Emergency/Page_KDMC - Emergency/input_txttreat'

2018-05-15 13:37:09 - [TEST_STEP][PASSED] - click: Object: 'Object Repository/Emergency/Page_KDMC - Emergency/button_Add' is clicked on

2018-05-15 13:37:09 - [MESSAGE][PASSED] - Object: 'Object Repository/Emergency/Page_KDMC - Emergency/button_Add' is clicked on

2018-05-15 13:37:09 - [TEST_STEP][PASSED] - selectOptionByIndex: All options with index in [2] are selected on object 'Object Repository/Emergency/Page_KDMC - Emergency/select_--Select--Schedule 1Inj'

2018-05-15 13:37:09 - [MESSAGE][PASSED] - All options with index in [2] are selected on object 'Object Repository/Emergency/Page_KDMC - Emergency/select_--Select--Schedule 1Inj'

2018-05-15 13:37:09 - [TEST_STEP][PASSED] - selectOptionByIndex: All options with index in [29] are selected on object 'Object Repository/Emergency/Page_KDMC - Emergency/select_--Select--Adernaline 0.'

2018-05-15 13:37:10 - [MESSAGE][PASSED] - All options with index in [29] are selected on object 'Object Repository/Emergency/Page_KDMC - Emergency/select_--Select--Adernaline 0.'

2018-05-15 13:37:10 - [TEST_STEP][PASSED] - setText: Text '10' is set on object 'Object Repository/Emergency/Page_KDMC - Emergency/input_txttreat'

2018-05-15 13:37:10 - [MESSAGE][PASSED] - Text '10' is set on object 'Object Repository/Emergency/Page_KDMC - Emergency/input_txttreat'

2018-05-15 13:37:10 - [TEST_STEP][PASSED] - click: Object: 'Object Repository/Emergency/Page_KDMC - Emergency/button_Add' is clicked on

2018-05-15 13:37:10 - [MESSAGE][PASSED] - Object: 'Object Repository/Emergency/Page_KDMC - Emergency/button_Add' is clicked on

2018-05-15 13:37:10 - [TEST_STEP][PASSED] - selectOptionByIndex: All options with index in [2] are selected on object 'Object Repository/Emergency/Page_KDMC - Emergency/select_--Select--Schedule 1Inj'

2018-05-15 13:37:10 - [MESSAGE][PASSED] - All options with index in [2] are selected on object 'Object Repository/Emergency/Page_KDMC - Emergency/select_--Select--Schedule 1Inj'

2018-05-15 13:37:10 - [TEST_STEP][PASSED] - selectOptionByIndex: All options with index in [30] are selected on object 'Object Repository/Emergency/Page_KDMC - Emergency/select_--Select--Adernaline 0.'

2018-05-15 13:37:10 - [MESSAGE][PASSED] - All options with index in [30] are selected on object 'Object Repository/Emergency/Page_KDMC - Emergency/select_--Select--Adernaline 0.'

2018-05-15 13:37:10 - [TEST_STEP][PASSED] - setText: Text '10' is set on object 'Object Repository/Emergency/Page_KDMC - Emergency/input_txttreat'

2018-05-15 13:37:11 - [MESSAGE][PASSED] - Text '10' is set on object 'Object Repository/Emergency/Page_KDMC - Emergency/input_txttreat'

2018-05-15 13:37:11 - [TEST_STEP][PASSED] - click: Object: 'Object Repository/Emergency/Page_KDMC - Emergency/button_Add' is clicked on

2018-05-15 13:37:11 - [MESSAGE][PASSED] - Object: 'Object Repository/Emergency/Page_KDMC - Emergency/button_Add' is clicked on

2018-05-15 13:37:11 - [TEST_STEP][PASSED] - selectOptionByIndex: All options with index in [2] are selected on object 'Object Repository/Emergency/Page_KDMC - Emergency/select_--Select--Schedule 1Inj'

2018-05-15 13:37:11 - [MESSAGE][PASSED] - All options with index in [2] are selected on object 'Object Repository/Emergency/Page_KDMC - Emergency/select_--Select--Schedule 1Inj'

2018-05-15 13:37:11 - [TEST_STEP][PASSED] - selectOptionByIndex: All options with index in [31] are selected on object 'Object Repository/Emergency/Page_KDMC - Emergency/select_--Select--Adernaline 0.'

2018-05-15 13:37:11 - [MESSAGE][PASSED] - All options with index in [31] are selected on object 'Object Repository/Emergency/Page_KDMC - Emergency/select_--Select--Adernaline 0.'

2018-05-15 13:37:11 - [TEST_STEP][PASSED] - setText: Text '10' is set on object 'Object Repository/Emergency/Page_KDMC - Emergency/input_txttreat'

2018-05-15 13:37:11 - [MESSAGE][PASSED] - Text '10' is set on object 'Object Repository/Emergency/Page_KDMC - Emergency/input_txttreat'

2018-05-15 13:37:11 - [TEST_STEP][PASSED] - click: Object: 'Object Repository/Emergency/Page_KDMC - Emergency/button_Add' is clicked on

2018-05-15 13:37:11 - [MESSAGE][PASSED] - Object: 'Object Repository/Emergency/Page_KDMC - Emergency/button_Add' is clicked on

2018-05-15 13:37:11 - [TEST_STEP][PASSED] - selectOptionByIndex: All options with index in [2] are selected on object 'Object Repository/Emergency/Page_KDMC - Emergency/select_--Select--Schedule 1Inj'

2018-05-15 13:37:11 - [MESSAGE][PASSED] - All options with index in [2] are selected on object 'Object Repository/Emergency/Page_KDMC - Emergency/select_--Select--Schedule 1Inj'

2018-05-15 13:37:11 - [TEST_STEP][PASSED] - selectOptionByIndex: All options with index in [32] are selected on object 'Object Repository/Emergency/Page_KDMC - Emergency/select_--Select--Adernaline 0.'

2018-05-15 13:37:12 - [MESSAGE][PASSED] - All options with index in [32] are selected on object 'Object Repository/Emergency/Page_KDMC - Emergency/select_--Select--Adernaline 0.'

2018-05-15 13:37:12 - [TEST_STEP][PASSED] - setText: Text '10' is set on object 'Object Repository/Emergency/Page_KDMC - Emergency/input_txttreat'

2018-05-15 13:37:12 - [MESSAGE][PASSED] - Text '10' is set on object 'Object Repository/Emergency/Page_KDMC - Emergency/input_txttreat'

2018-05-15 13:37:12 - [TEST_STEP][PASSED] - click: Object: 'Object Repository/Emergency/Page_KDMC - Emergency/button_Add' is clicked on

2018-05-15 13:37:12 - [MESSAGE][PASSED] - Object: 'Object Repository/Emergency/Page_KDMC - Emergency/button_Add' is clicked on

2018-05-15 13:37:12 - [TEST_STEP][PASSED] - selectOptionByIndex: All options with index in [2] are selected on object 'Object Repository/Emergency/Page_KDMC - Emergency/select_--Select--Schedule 1Inj'

2018-05-15 13:37:12 - [MESSAGE][PASSED] - All options with index in [2] are selected on object 'Object Repository/Emergency/Page_KDMC - Emergency/select_--Select--Schedule 1Inj'

2018-05-15 13:37:12 - [TEST_STEP][PASSED] - selectOptionByIndex: All options with index in [33] are selected on object 'Object Repository/Emergency/Page_KDMC - Emergency/select_--Select--Adernaline 0.'

2018-05-15 13:37:13 - [MESSAGE][PASSED] - All options with index in [33] are selected on object 'Object Repository/Emergency/Page_KDMC - Emergency/select_--Select--Adernaline 0.'

2018-05-15 13:37:13 - [TEST_STEP][PASSED] - setText: Text '10' is set on object 'Object Repository/Emergency/Page_KDMC - Emergency/input_txttreat'

2018-05-15 13:37:13 - [MESSAGE][PASSED] - Text '10' is set on object 'Object Repository/Emergency/Page_KDMC - Emergency/input_txttreat'

2018-05-15 13:37:13 - [TEST_STEP][PASSED] - click: Object: 'Object Repository/Emergency/Page_KDMC - Emergency/button_Add' is clicked on

2018-05-15 13:37:13 - [MESSAGE][PASSED] - Object: 'Object Repository/Emergency/Page_KDMC - Emergency/button_Add' is clicked on

2018-05-15 13:37:13 - [TEST_STEP][PASSED] - selectOptionByIndex: All options with index in [2] are selected on object 'Object Repository/Emergency/Page_KDMC - Emergency/select_--Select--Schedule 1Inj'

2018-05-15 13:37:13 - [MESSAGE][PASSED] - All options with index in [2] are selected on object 'Object Repository/Emergency/Page_KDMC - Emergency/select_--Select--Schedule 1Inj'

2018-05-15 13:37:13 - [TEST_STEP][PASSED] - selectOptionByIndex: All options with index in [34] are selected on object 'Object Repository/Emergency/Page_KDMC - Emergency/select_--Select--Adernaline 0.'

2018-05-15 13:37:13 - [MESSAGE][PASSED] - All options with index in [34] are selected on object 'Object Repository/Emergency/Page_KDMC - Emergency/select_--Select--Adernaline 0.'

2018-05-15 13:37:13 - [TEST_STEP][PASSED] - setText: Text '10' is set on object 'Object Repository/Emergency/Page_KDMC - Emergency/input_txttreat'

2018-05-15 13:37:13 - [MESSAGE][PASSED] - Text '10' is set on object 'Object Repository/Emergency/Page_KDMC - Emergency/input_txttreat'

2018-05-15 13:37:13 - [TEST_STEP][PASSED] - click: Object: 'Object Repository/Emergency/Page_KDMC - Emergency/button_Add' is clicked on

2018-05-15 13:37:13 - [MESSAGE][PASSED] - Object: 'Object Repository/Emergency/Page_KDMC - Emergency/button_Add' is clicked on

2018-05-15 13:37:13 - [TEST_STEP][PASSED] - selectOptionByIndex: All options with index in [2] are selected on object 'Object Repository/Emergency/Page_KDMC - Emergency/select_--Select--Schedule 1Inj'

2018-05-15 13:37:14 - [MESSAGE][PASSED] - All options with index in [2] are selected on object 'Object Repository/Emergency/Page_KDMC - Emergency/select_--Select--Schedule 1Inj'

2018-05-15 13:37:14 - [TEST_STEP][PASSED] - selectOptionByIndex: All options with index in [35] are selected on object 'Object Repository/Emergency/Page_KDMC - Emergency/select_--Select--Adernaline 0.'

2018-05-15 13:37:14 - [MESSAGE][PASSED] - All options with index in [35] are selected on object 'Object Repository/Emergency/Page_KDMC - Emergency/select_--Select--Adernaline 0.'

2018-05-15 13:37:14 - [TEST_STEP][PASSED] - setText: Text '10' is set on object 'Object Repository/Emergency/Page_KDMC - Emergency/input_txttreat'

2018-05-15 13:37:14 - [MESSAGE][PASSED] - Text '10' is set on object 'Object Repository/Emergency/Page_KDMC - Emergency/input_txttreat'

2018-05-15 13:37:14 - [TEST_STEP][PASSED] - click: Object: 'Object Repository/Emergency/Page_KDMC - Emergency/button_Add' is clicked on

2018-05-15 13:37:14 - [MESSAGE][PASSED] - Object: 'Object Repository/Emergency/Page_KDMC - Emergency/button_Add' is clicked on

2018-05-15 13:37:14 - [TEST_STEP][PASSED] - scrollToElement: Scroll to object 'Object Repository/Emergency/Page_KDMC - Emergency/input_btnsave' successfully

2018-05-15 13:37:14 - [MESSAGE][PASSED] - Scroll to object 'Object Repository/Emergency/Page_KDMC - Emergency/input_btnsave' successfully

2018-05-15 13:37:14 - [TEST_STEP][PASSED] - click: Object: 'Object Repository/Emergency/Page_KDMC - Emergency/input_btnsave' is clicked on

2018-05-15 13:37:14 - [MESSAGE][PASSED] - Object: 'Object Repository/Emergency/Page_KDMC - Emergency/input_btnsave' is clicked on

2018-05-15 13:37:14 - [TEST_STEP][PASSED] - delay: Delayed 3 second(s)

2018-05-15 13:37:17 - [MESSAGE][PASSED] - Delayed 3 second(s)

2018-05-15 13:37:17 - [TEST_STEP][PASSED] - Statement - RequestNumber = com.kms.katalon.core.webui.keyword.WebUiBuiltInKeywords.getText(com.kms.katalon.core.testobject.ObjectRepository.findTestObject(Emergency/Page_KDMC - Emergency/font_ERNO100520183)): Text of object 'Object Repository/Emergency/Page_KDMC - Emergency/font_ERNO100520183' is: 'ERNO/15052018/147'

2018-05-15 13:37:17 - [MESSAGE][PASSED] - Text of object 'Object Repository/Emergency/Page_KDMC - Emergency/font_ERNO100520183' is: 'ERNO/15052018/147'

2018-05-15 13:37:17 - [TEST_STEP][PASSED] - Statement - Rno = RequestNumber.split("/")[2]: null

2018-05-15 13:37:17 - [TEST_STEP][PASSED] - Statement - out.println(Rno): null

2018-05-15 13:37:17 - [TEST_STEP][PASSED] - click: Object: 'Object Repository/Emergency/Page_KDMC - Emergency/button_OK' is clicked on

2018-05-15 13:37:19 - [MESSAGE][PASSED] - Object: 'Object Repository/Emergency/Page_KDMC - Emergency/button_OK' is clicked on

2018-05-15 13:37:19 - [TEST_STEP][PASSED] - delay: Delayed 3 second(s)

2018-05-15 13:37:22 - [MESSAGE][PASSED] - Delayed 3 second(s)

2018-05-15 13:37:22 - [TEST_STEP][PASSED] - click: Object: 'Object Repository/Emergency/Page_KDMC - Emergency/a_dropdown-toggle' is clicked on

2018-05-15 13:37:22 - [MESSAGE][PASSED] - Object: 'Object Repository/Emergency/Page_KDMC - Emergency/a_dropdown-toggle' is clicked on

2018-05-15 13:37:22 - [TEST_STEP][PASSED] - click: Object: 'Object Repository/Emergency/Page_KDMC - Emergency/a_Sign out' is clicked on

2018-05-15 13:37:23 - [MESSAGE][PASSED] - Object: 'Object Repository/Emergency/Page_KDMC - Emergency/a_Sign out' is clicked on

2018-05-15 13:37:23 - [TEST_STEP][PASSED] - delay: Delayed 3 second(s)

2018-05-15 13:37:26 - [MESSAGE][PASSED] - Delayed 3 second(s)

2018-05-15 13:37:26 - [TEST_STEP][PASSED] - click: Object: 'Object Repository/Emergency/Page_KDMC/a_CMO' is clicked on

2018-05-15 13:37:29 - [MESSAGE][PASSED] - Object: 'Object Repository/Emergency/Page_KDMC/a_CMO' is clicked on

2018-05-15 13:37:29 - [TEST_STEP][PASSED] - setText: Text 'guru' is set on object 'Object Repository/Emergency/Page_CMO login/input_txtusername'

2018-05-15 13:37:29 - [MESSAGE][PASSED] - Text 'guru' is set on object 'Object Repository/Emergency/Page_CMO login/input_txtusername'

2018-05-15 13:37:29 - [TEST_STEP][PASSED] - setText: Text '123' is set on object 'Object Repository/Emergency/Page_CMO login/input_txtpassword'

2018-05-15 13:37:29 - [MESSAGE][PASSED] - Text '123' is set on object 'Object Repository/Emergency/Page_CMO login/input_txtpassword'

2018-05-15 13:37:29 - [TEST_STEP][PASSED] - delay: Delayed 3 second(s)

2018-05-15 13:37:32 - [MESSAGE][PASSED] - Delayed 3 second(s)

2018-05-15 13:37:32 - [TEST_STEP][PASSED] - click: Object: 'Object Repository/Emergency/Page_CMO login/button_Sign in' is clicked on

2018-05-15 13:37:36 - [MESSAGE][PASSED] - Object: 'Object Repository/Emergency/Page_CMO login/button_Sign in' is clicked on

2018-05-15 13:37:36 - [TEST_STEP][PASSED] - delay: Delayed 2 second(s)

2018-05-15 13:37:38 - [MESSAGE][PASSED] - Delayed 2 second(s)

2018-05-15 13:37:38 - [TEST_STEP][PASSED] - click: Object: 'Object Repository/Emergency/Page_KDMC - CMO/a_Department Wise Request' is clicked on

2018-05-15 13:37:39 - [MESSAGE][PASSED] - Object: 'Object Repository/Emergency/Page_KDMC - CMO/a_Department Wise Request' is clicked on

2018-05-15 13:37:39 - [TEST_STEP][PASSED] - selectOptionByIndex: All options with index in [7] are selected on object 'Object Repository/Emergency/Page_KDMC - CMO/select_--ALL--'

2018-05-15 13:37:39 - [MESSAGE][PASSED] - All options with index in [7] are selected on object 'Object Repository/Emergency/Page_KDMC - CMO/select_--ALL--'

2018-05-15 13:37:39 - [TEST_STEP][PASSED] - selectOptionByIndex: All options with index in [1] are selected on object 'Object Repository/Emergency/Page_KDMC - CMO/select_--ALL--                _1'

2018-05-15 13:37:39 - [MESSAGE][PASSED] - All options with index in [1] are selected on object 'Object Repository/Emergency/Page_KDMC - CMO/select_--ALL--                _1'

2018-05-15 13:37:39 - [TEST_STEP][PASSED] - click: Object: 'Object Repository/Emergency/Page_KDMC - CMO/input_btnsearch' is clicked on

2018-05-15 13:37:39 - [MESSAGE][PASSED] - Object: 'Object Repository/Emergency/Page_KDMC - CMO/input_btnsearch' is clicked on

2018-05-15 13:37:39 - [TEST_STEP][PASSED] - Statement - ID = com.kms.katalon.core.webui.keyword.WebUiBuiltInKeywords.modifyObjectProperty(com.kms.katalon.core.testobject.ObjectRepository.findTestObject(Emergency/Page_KDMC - CMO/input_3), "xpath", "equals", "//*[@id=" + Rno + "]", true): Modify property of object successfully

2018-05-15 13:37:39 - [MESSAGE][PASSED] - Modify property of object successfully

2018-05-15 13:37:39 - [TEST_STEP][PASSED] - click: Object: 'Object Repository/Emergency/Page_KDMC - CMO/input_3' is clicked on

2018-05-15 13:37:40 - [MESSAGE][PASSED] - Object: 'Object Repository/Emergency/Page_KDMC - CMO/input_3' is clicked on

2018-05-15 13:37:40 - [TEST_STEP][PASSED] - delay: Delayed 2 second(s)

2018-05-15 13:37:42 - [MESSAGE][PASSED] - Delayed 2 second(s)

2018-05-15 13:37:42 - [TEST_STEP][PASSED] - selectOptionByIndex: All options with index in [1] are selected on object 'Object Repository/Emergency/Page_KDMC - CMO/select_--Select--'

2018-05-15 13:37:42 - [MESSAGE][PASSED] - All options with index in [1] are selected on object 'Object Repository/Emergency/Page_KDMC - CMO/select_--Select--'

2018-05-15 13:37:42 - [TEST_STEP][PASSED] - click: Object: 'Object Repository/Emergency/Page_KDMC - CMO/input_btnupdate' is clicked on

2018-05-15 13:37:42 - [MESSAGE][PASSED] - Object: 'Object Repository/Emergency/Page_KDMC - CMO/input_btnupdate' is clicked on

2018-05-15 13:37:42 - [TEST_STEP][PASSED] - delay: Delayed 2 second(s)

2018-05-15 13:37:44 - [MESSAGE][PASSED] - Delayed 2 second(s)

2018-05-15 13:37:44 - [TEST_STEP][PASSED] - click: Object: 'Object Repository/Emergency/Page_KDMC - CMO/button_OK' is clicked on

2018-05-15 13:37:45 - [MESSAGE][PASSED] - Object: 'Object Repository/Emergency/Page_KDMC - CMO/button_OK' is clicked on

2018-05-15 13:37:45 - [TEST_STEP][PASSED] - delay: Delayed 2 second(s)

2018-05-15 13:37:47 - [MESSAGE][PASSED] - Delayed 2 second(s)

2018-05-15 13:37:47 - [TEST_STEP][PASSED] - click: Object: 'Object Repository/Emergency/Page_KDMC - CMO/a_dropdown-toggle' is clicked on

2018-05-15 13:37:47 - [MESSAGE][PASSED] - Object: 'Object Repository/Emergency/Page_KDMC - CMO/a_dropdown-toggle' is clicked on

2018-05-15 13:37:47 - [TEST_STEP][PASSED] - click: Object: 'Object Repository/Emergency/Page_KDMC - CMO/a_Sign out' is clicked on

2018-05-15 13:37:48 - [MESSAGE][PASSED] - Object: 'Object Repository/Emergency/Page_KDMC - CMO/a_Sign out' is clicked on

2018-05-15 13:37:48 - [TEST_STEP][PASSED] - delay: Delayed 3 second(s)

2018-05-15 13:37:51 - [MESSAGE][PASSED] - Delayed 3 second(s)

2018-05-15 13:37:51 - [TEST_STEP][PASSED] - click: Object: 'Object Repository/Emergency/Page_KDMC/a_Divisional Store' is clicked on

2018-05-15 13:37:52 - [MESSAGE][PASSED] - Object: 'Object Repository/Emergency/Page_KDMC/a_Divisional Store' is clicked on

2018-05-15 13:37:52 - [TEST_STEP][PASSED] - setText: Text 'ragu' is set on object 'Object Repository/Emergency/Page_Divisonal Store Login/input_txtusername'

2018-05-15 13:37:52 - [MESSAGE][PASSED] - Text 'ragu' is set on object 'Object Repository/Emergency/Page_Divisonal Store Login/input_txtusername'

2018-05-15 13:37:52 - [TEST_STEP][PASSED] - setText: Text '123' is set on object 'Object Repository/Emergency/Page_Divisonal Store Login/input_txtpassword'

2018-05-15 13:37:53 - [MESSAGE][PASSED] - Text '123' is set on object 'Object Repository/Emergency/Page_Divisonal Store Login/input_txtpassword'

2018-05-15 13:37:53 - [TEST_STEP][PASSED] - delay: Delayed 3 second(s)

2018-05-15 13:37:56 - [MESSAGE][PASSED] - Delayed 3 second(s)

2018-05-15 13:37:56 - [TEST_STEP][PASSED] - click: Object: 'Object Repository/Emergency/Page_Divisonal Store Login/button_Sign in' is clicked on

2018-05-15 13:37:57 - [MESSAGE][PASSED] - Object: 'Object Repository/Emergency/Page_Divisonal Store Login/button_Sign in' is clicked on

2018-05-15 13:37:57 - [TEST_STEP][PASSED] - delay: Delayed 2 second(s)

2018-05-15 13:37:59 - [MESSAGE][PASSED] - Delayed 2 second(s)

2018-05-15 13:37:59 - [TEST_STEP][PASSED] - click: Object: 'Object Repository/Emergency/Page_Store/a_Emergency Request' is clicked on

2018-05-15 13:37:59 - [MESSAGE][PASSED] - Object: 'Object Repository/Emergency/Page_Store/a_Emergency Request' is clicked on

2018-05-15 13:37:59 - [TEST_STEP][PASSED] - click: Object: 'Object Repository/Emergency/Page_Store/a_Request Item Emergency' is clicked on

2018-05-15 13:38:00 - [MESSAGE][PASSED] - Object: 'Object Repository/Emergency/Page_Store/a_Request Item Emergency' is clicked on

2018-05-15 13:38:00 - [TEST_STEP][PASSED] - setText: Text '147' is set on object 'Object Repository/Emergency/Page_Store/input'

2018-05-15 13:38:00 - [MESSAGE][PASSED] - Text '147' is set on object 'Object Repository/Emergency/Page_Store/input'

2018-05-15 13:38:00 - [TEST_STEP][PASSED] - Statement - ChooseRequest = com.kms.katalon.core.webui.keyword.WebUiBuiltInKeywords.modifyObjectProperty(com.kms.katalon.core.testobject.ObjectRepository.findTestObject(Emergency/Page_Store/input_3), "xpath", "equals", "//*[@id=" + Rno + "]", true): Modify property of object successfully

2018-05-15 13:38:00 - [MESSAGE][PASSED] - Modify property of object successfully

2018-05-15 13:38:00 - [TEST_STEP][PASSED] - click: Object: 'Object Repository/Emergency/Page_Store/input_3' is clicked on

2018-05-15 13:38:00 - [MESSAGE][PASSED] - Object: 'Object Repository/Emergency/Page_Store/input_3' is clicked on

2018-05-15 13:38:00 - [TEST_STEP][PASSED] - delay: Delayed 2 second(s)

2018-05-15 13:38:02 - [MESSAGE][PASSED] - Delayed 2 second(s)

2018-05-15 13:38:02 - [TEST_STEP][PASSED] - Statement - selectedoptions1 = com.kms.katalon.core.webui.keyword.WebUiBuiltInKeywords.getNumberOfTotalOption(com.kms.katalon.core.testobject.ObjectRepository.findTestObject(Emergency/Page_Store/select_--Select--Amikacin -500)): 36 options of object 'Object Repository/Emergency/Page_Store/select_--Select--Amikacin -500' counted

2018-05-15 13:38:02 - [MESSAGE][PASSED] - 36 options of object 'Object Repository/Emergency/Page_Store/select_--Select--Amikacin -500' counted

2018-05-15 13:38:02 - [TEST_STEP][PASSED] - Statement - out.println("Soptions : " + selectedoptions1): null

2018-05-15 13:38:02 - [TEST_STEP][FAILED] - Statement - For ([a = 1, a <= selectedoptions1, (a++)]): Unable to click on object 'Object Repository/Emergency/Page_Store/button_OK' (Root cause: com.kms.katalon.core.webui.exception.WebElementNotFoundException: Web element with id: 'Object Repository/Emergency/Page_Store/button_OK' located by 'By.xpath: /html[1]/body[@class="skin-blue  pace-done modal-open"]/div[@class="bootbox modal fade bootbox-alert in"]/div[@class="modal-dialog"]/div[@class="modal-content"]/div[@class="modal-footer"]/button[@class="btn btn-primary"][count(. | //button[@type = 'button' and (text() = 'OK' or . = 'OK')]) = count(//button[@type = 'button' and (text() = 'OK' or . = 'OK')])]' not found)

2018-05-15 13:38:02 - [TEST_STEP][PASSED] - selectOptionByIndex: All options with index in [1] are selected on object 'Object Repository/Emergency/Page_Store/select_--Select--Amikacin -500'

2018-05-15 13:38:02 - [MESSAGE][PASSED] - All options with index in [1] are selected on object 'Object Repository/Emergency/Page_Store/select_--Select--Amikacin -500'

2018-05-15 13:38:02 - [TEST_STEP][PASSED] - Statement - RequestedQty = com.kms.katalon.core.webui.keyword.WebUiBuiltInKeywords.getAttribute(com.kms.katalon.core.testobject.ObjectRepository.findTestObject(Emergency/Page_Store/input_txttotal), "value"): Attribute 'value' of object 'Object Repository/Emergency/Page_Store/input_txttotal' is: '10'

2018-05-15 13:38:03 - [MESSAGE][PASSED] - Attribute 'value' of object 'Object Repository/Emergency/Page_Store/input_txttotal' is: '10'

2018-05-15 13:38:03 - [TEST_STEP][PASSED] - Statement - out.println("Requested QTY : " + RequestedQty): null

2018-05-15 13:38:03 - [TEST_STEP][PASSED] - Statement - BatchNumber = com.kms.katalon.core.webui.keyword.WebUiBuiltInKeywords.getNumberOfTotalOption(com.kms.katalon.core.testobject.ObjectRepository.findTestObject(Emergency/Page_Store/select_--Select--BA1150BA4110)): 2 options of object 'Object Repository/Emergency/Page_Store/select_--Select--BA1150BA4110' counted

2018-05-15 13:38:03 - [MESSAGE][PASSED] - 2 options of object 'Object Repository/Emergency/Page_Store/select_--Select--BA1150BA4110' counted

2018-05-15 13:38:03 - [TEST_STEP][PASSED] - Statement - For ([g = 1, g < BatchNumber, (g++)]): null

2018-05-15 13:38:03 - [TEST_STEP][PASSED] - selectOptionByIndex: All options with index in [1] are selected on object 'Object Repository/Emergency/Page_Store/select_--Select--BA1150BA4110'

2018-05-15 13:38:03 - [MESSAGE][PASSED] - All options with index in [1] are selected on object 'Object Repository/Emergency/Page_Store/select_--Select--BA1150BA4110'

2018-05-15 13:38:03 - [TEST_STEP][PASSED] - delay: Delayed 2 second(s)

2018-05-15 13:38:05 - [MESSAGE][PASSED] - Delayed 2 second(s)

2018-05-15 13:38:05 - [TEST_STEP][PASSED] - Statement - Try: null

2018-05-15 13:38:05 - [TEST_STEP][PASSED] - Statement - StockQty = com.kms.katalon.core.webui.keyword.WebUiBuiltInKeywords.getAttribute(com.kms.katalon.core.testobject.ObjectRepository.findTestObject(Emergency/Page_Store/input_txtprice), "value"): Attribute 'value' of object 'Object Repository/Emergency/Page_Store/input_txtprice' is: '960'

2018-05-15 13:38:05 - [MESSAGE][PASSED] - Attribute 'value' of object 'Object Repository/Emergency/Page_Store/input_txtprice' is: '960'

2018-05-15 13:38:05 - [TEST_STEP][PASSED] - Statement - out.println("Stock QTY : " + StockQty): null

2018-05-15 13:38:05 - [TEST_STEP][PASSED] - delay: Delayed 2 second(s)

2018-05-15 13:38:07 - [MESSAGE][PASSED] - Delayed 2 second(s)

2018-05-15 13:38:07 - [TEST_STEP][PASSED] - Statement - If (java.lang.Integer.valueOf(StockQty) >= java.lang.Integer.valueOf(RequestedQty)): null

2018-05-15 13:38:07 - [TEST_STEP][PASSED] - delay: Delayed 1 second(s)

2018-05-15 13:38:08 - [MESSAGE][PASSED] - Delayed 1 second(s)

2018-05-15 13:38:08 - [TEST_STEP][PASSED] - setText: Text '10' is set on object 'Object Repository/Emergency/Page_Store/input_txtqty'

2018-05-15 13:38:08 - [MESSAGE][PASSED] - Text '10' is set on object 'Object Repository/Emergency/Page_Store/input_txtqty'

2018-05-15 13:38:08 - [TEST_STEP][PASSED] - click: Object: 'Object Repository/Emergency/Page_Store/button_Add' is clicked on

2018-05-15 13:38:08 - [MESSAGE][PASSED] - Object: 'Object Repository/Emergency/Page_Store/button_Add' is clicked on

2018-05-15 13:38:08 - [TEST_STEP][PASSED] - Statement - Break: null

2018-05-15 13:38:08 - [TEST_STEP][PASSED] - selectOptionByIndex: All options with index in [2] are selected on object 'Object Repository/Emergency/Page_Store/select_--Select--Amikacin -500'

2018-05-15 13:38:08 - [MESSAGE][PASSED] - All options with index in [2] are selected on object 'Object Repository/Emergency/Page_Store/select_--Select--Amikacin -500'

2018-05-15 13:38:08 - [TEST_STEP][PASSED] - Statement - RequestedQty = com.kms.katalon.core.webui.keyword.WebUiBuiltInKeywords.getAttribute(com.kms.katalon.core.testobject.ObjectRepository.findTestObject(Emergency/Page_Store/input_txttotal), "value"): Attribute 'value' of object 'Object Repository/Emergency/Page_Store/input_txttotal' is: '10'

2018-05-15 13:38:08 - [MESSAGE][PASSED] - Attribute 'value' of object 'Object Repository/Emergency/Page_Store/input_txttotal' is: '10'

2018-05-15 13:38:08 - [TEST_STEP][PASSED] - Statement - out.println("Requested QTY : " + RequestedQty): null

2018-05-15 13:38:08 - [TEST_STEP][PASSED] - Statement - BatchNumber = com.kms.katalon.core.webui.keyword.WebUiBuiltInKeywords.getNumberOfTotalOption(com.kms.katalon.core.testobject.ObjectRepository.findTestObject(Emergency/Page_Store/select_--Select--BA1150BA4110)): 2 options of object 'Object Repository/Emergency/Page_Store/select_--Select--BA1150BA4110' counted

2018-05-15 13:38:08 - [MESSAGE][PASSED] - 2 options of object 'Object Repository/Emergency/Page_Store/select_--Select--BA1150BA4110' counted

2018-05-15 13:38:08 - [TEST_STEP][PASSED] - Statement - For ([g = 1, g < BatchNumber, (g++)]): null

2018-05-15 13:38:08 - [TEST_STEP][PASSED] - selectOptionByIndex: All options with index in [1] are selected on object 'Object Repository/Emergency/Page_Store/select_--Select--BA1150BA4110'

2018-05-15 13:38:08 - [MESSAGE][PASSED] - All options with index in [1] are selected on object 'Object Repository/Emergency/Page_Store/select_--Select--BA1150BA4110'

2018-05-15 13:38:08 - [TEST_STEP][PASSED] - delay: Delayed 2 second(s)

2018-05-15 13:38:10 - [MESSAGE][PASSED] - Delayed 2 second(s)

2018-05-15 13:38:10 - [TEST_STEP][PASSED] - Statement - Try: null

2018-05-15 13:38:10 - [TEST_STEP][PASSED] - Statement - StockQty = com.kms.katalon.core.webui.keyword.WebUiBuiltInKeywords.getAttribute(com.kms.katalon.core.testobject.ObjectRepository.findTestObject(Emergency/Page_Store/input_txtprice), "value"): Attribute 'value' of object 'Object Repository/Emergency/Page_Store/input_txtprice' is: '960'

2018-05-15 13:38:10 - [MESSAGE][PASSED] - Attribute 'value' of object 'Object Repository/Emergency/Page_Store/input_txtprice' is: '960'

2018-05-15 13:38:10 - [TEST_STEP][PASSED] - Statement - out.println("Stock QTY : " + StockQty): null

2018-05-15 13:38:10 - [TEST_STEP][PASSED] - delay: Delayed 2 second(s)

2018-05-15 13:38:12 - [MESSAGE][PASSED] - Delayed 2 second(s)

2018-05-15 13:38:12 - [TEST_STEP][PASSED] - Statement - If (java.lang.Integer.valueOf(StockQty) >= java.lang.Integer.valueOf(RequestedQty)): null

2018-05-15 13:38:12 - [TEST_STEP][PASSED] - delay: Delayed 1 second(s)

2018-05-15 13:38:13 - [MESSAGE][PASSED] - Delayed 1 second(s)

2018-05-15 13:38:13 - [TEST_STEP][PASSED] - setText: Text '10' is set on object 'Object Repository/Emergency/Page_Store/input_txtqty'

2018-05-15 13:38:13 - [MESSAGE][PASSED] - Text '10' is set on object 'Object Repository/Emergency/Page_Store/input_txtqty'

2018-05-15 13:38:13 - [TEST_STEP][PASSED] - click: Object: 'Object Repository/Emergency/Page_Store/button_Add' is clicked on

2018-05-15 13:38:14 - [MESSAGE][PASSED] - Object: 'Object Repository/Emergency/Page_Store/button_Add' is clicked on

2018-05-15 13:38:14 - [TEST_STEP][PASSED] - Statement - Break: null

2018-05-15 13:38:14 - [TEST_STEP][PASSED] - selectOptionByIndex: All options with index in [3] are selected on object 'Object Repository/Emergency/Page_Store/select_--Select--Amikacin -500'

2018-05-15 13:38:14 - [MESSAGE][PASSED] - All options with index in [3] are selected on object 'Object Repository/Emergency/Page_Store/select_--Select--Amikacin -500'

2018-05-15 13:38:14 - [TEST_STEP][PASSED] - Statement - RequestedQty = com.kms.katalon.core.webui.keyword.WebUiBuiltInKeywords.getAttribute(com.kms.katalon.core.testobject.ObjectRepository.findTestObject(Emergency/Page_Store/input_txttotal), "value"): Attribute 'value' of object 'Object Repository/Emergency/Page_Store/input_txttotal' is: '10'

2018-05-15 13:38:14 - [MESSAGE][PASSED] - Attribute 'value' of object 'Object Repository/Emergency/Page_Store/input_txttotal' is: '10'

2018-05-15 13:38:14 - [TEST_STEP][PASSED] - Statement - out.println("Requested QTY : " + RequestedQty): null

2018-05-15 13:38:14 - [TEST_STEP][PASSED] - Statement - BatchNumber = com.kms.katalon.core.webui.keyword.WebUiBuiltInKeywords.getNumberOfTotalOption(com.kms.katalon.core.testobject.ObjectRepository.findTestObject(Emergency/Page_Store/select_--Select--BA1150BA4110)): 2 options of object 'Object Repository/Emergency/Page_Store/select_--Select--BA1150BA4110' counted

2018-05-15 13:38:14 - [MESSAGE][PASSED] - 2 options of object 'Object Repository/Emergency/Page_Store/select_--Select--BA1150BA4110' counted

2018-05-15 13:38:14 - [TEST_STEP][PASSED] - Statement - For ([g = 1, g < BatchNumber, (g++)]): null

2018-05-15 13:38:14 - [TEST_STEP][PASSED] - selectOptionByIndex: All options with index in [1] are selected on object 'Object Repository/Emergency/Page_Store/select_--Select--BA1150BA4110'

2018-05-15 13:38:14 - [MESSAGE][PASSED] - All options with index in [1] are selected on object 'Object Repository/Emergency/Page_Store/select_--Select--BA1150BA4110'

2018-05-15 13:38:14 - [TEST_STEP][PASSED] - delay: Delayed 2 second(s)

2018-05-15 13:38:16 - [MESSAGE][PASSED] - Delayed 2 second(s)

2018-05-15 13:38:16 - [TEST_STEP][PASSED] - Statement - Try: null

2018-05-15 13:38:16 - [TEST_STEP][PASSED] - Statement - StockQty = com.kms.katalon.core.webui.keyword.WebUiBuiltInKeywords.getAttribute(com.kms.katalon.core.testobject.ObjectRepository.findTestObject(Emergency/Page_Store/input_txtprice), "value"): Attribute 'value' of object 'Object Repository/Emergency/Page_Store/input_txtprice' is: '940'

2018-05-15 13:38:16 - [MESSAGE][PASSED] - Attribute 'value' of object 'Object Repository/Emergency/Page_Store/input_txtprice' is: '940'

2018-05-15 13:38:16 - [TEST_STEP][PASSED] - Statement - out.println("Stock QTY : " + StockQty): null

2018-05-15 13:38:16 - [TEST_STEP][PASSED] - delay: Delayed 2 second(s)

2018-05-15 13:38:18 - [MESSAGE][PASSED] - Delayed 2 second(s)

2018-05-15 13:38:18 - [TEST_STEP][PASSED] - Statement - If (java.lang.Integer.valueOf(StockQty) >= java.lang.Integer.valueOf(RequestedQty)): null

2018-05-15 13:38:18 - [TEST_STEP][PASSED] - delay: Delayed 1 second(s)

2018-05-15 13:38:19 - [MESSAGE][PASSED] - Delayed 1 second(s)

2018-05-15 13:38:19 - [TEST_STEP][PASSED] - setText: Text '10' is set on object 'Object Repository/Emergency/Page_Store/input_txtqty'

2018-05-15 13:38:19 - [MESSAGE][PASSED] - Text '10' is set on object 'Object Repository/Emergency/Page_Store/input_txtqty'

2018-05-15 13:38:19 - [TEST_STEP][PASSED] - click: Object: 'Object Repository/Emergency/Page_Store/button_Add' is clicked on

2018-05-15 13:38:19 - [MESSAGE][PASSED] - Object: 'Object Repository/Emergency/Page_Store/button_Add' is clicked on

2018-05-15 13:38:19 - [TEST_STEP][PASSED] - Statement - Break: null

2018-05-15 13:38:19 - [TEST_STEP][PASSED] - selectOptionByIndex: All options with index in [4] are selected on object 'Object Repository/Emergency/Page_Store/select_--Select--Amikacin -500'

2018-05-15 13:38:19 - [MESSAGE][PASSED] - All options with index in [4] are selected on object 'Object Repository/Emergency/Page_Store/select_--Select--Amikacin -500'

2018-05-15 13:38:19 - [TEST_STEP][PASSED] - Statement - RequestedQty = com.kms.katalon.core.webui.keyword.WebUiBuiltInKeywords.getAttribute(com.kms.katalon.core.testobject.ObjectRepository.findTestObject(Emergency/Page_Store/input_txttotal), "value"): Attribute 'value' of object 'Object Repository/Emergency/Page_Store/input_txttotal' is: '10'

2018-05-15 13:38:19 - [MESSAGE][PASSED] - Attribute 'value' of object 'Object Repository/Emergency/Page_Store/input_txttotal' is: '10'

2018-05-15 13:38:19 - [TEST_STEP][PASSED] - Statement - out.println("Requested QTY : " + RequestedQty): null

2018-05-15 13:38:19 - [TEST_STEP][PASSED] - Statement - BatchNumber = com.kms.katalon.core.webui.keyword.WebUiBuiltInKeywords.getNumberOfTotalOption(com.kms.katalon.core.testobject.ObjectRepository.findTestObject(Emergency/Page_Store/select_--Select--BA1150BA4110)): 2 options of object 'Object Repository/Emergency/Page_Store/select_--Select--BA1150BA4110' counted

2018-05-15 13:38:19 - [MESSAGE][PASSED] - 2 options of object 'Object Repository/Emergency/Page_Store/select_--Select--BA1150BA4110' counted

2018-05-15 13:38:19 - [TEST_STEP][PASSED] - Statement - For ([g = 1, g < BatchNumber, (g++)]): null

2018-05-15 13:38:19 - [TEST_STEP][PASSED] - selectOptionByIndex: All options with index in [1] are selected on object 'Object Repository/Emergency/Page_Store/select_--Select--BA1150BA4110'

2018-05-15 13:38:20 - [MESSAGE][PASSED] - All options with index in [1] are selected on object 'Object Repository/Emergency/Page_Store/select_--Select--BA1150BA4110'

2018-05-15 13:38:20 - [TEST_STEP][PASSED] - delay: Delayed 2 second(s)

2018-05-15 13:38:22 - [MESSAGE][PASSED] - Delayed 2 second(s)

2018-05-15 13:38:22 - [TEST_STEP][PASSED] - Statement - Try: null

2018-05-15 13:38:22 - [TEST_STEP][PASSED] - Statement - StockQty = com.kms.katalon.core.webui.keyword.WebUiBuiltInKeywords.getAttribute(com.kms.katalon.core.testobject.ObjectRepository.findTestObject(Emergency/Page_Store/input_txtprice), "value"): Attribute 'value' of object 'Object Repository/Emergency/Page_Store/input_txtprice' is: '946'

2018-05-15 13:38:22 - [MESSAGE][PASSED] - Attribute 'value' of object 'Object Repository/Emergency/Page_Store/input_txtprice' is: '946'

2018-05-15 13:38:22 - [TEST_STEP][PASSED] - Statement - out.println("Stock QTY : " + StockQty): null

2018-05-15 13:38:22 - [TEST_STEP][PASSED] - delay: Delayed 2 second(s)

2018-05-15 13:38:24 - [MESSAGE][PASSED] - Delayed 2 second(s)

2018-05-15 13:38:24 - [TEST_STEP][PASSED] - Statement - If (java.lang.Integer.valueOf(StockQty) >= java.lang.Integer.valueOf(RequestedQty)): null

2018-05-15 13:38:24 - [TEST_STEP][PASSED] - delay: Delayed 1 second(s)

2018-05-15 13:38:25 - [MESSAGE][PASSED] - Delayed 1 second(s)

2018-05-15 13:38:25 - [TEST_STEP][PASSED] - setText: Text '10' is set on object 'Object Repository/Emergency/Page_Store/input_txtqty'

2018-05-15 13:38:25 - [MESSAGE][PASSED] - Text '10' is set on object 'Object Repository/Emergency/Page_Store/input_txtqty'

2018-05-15 13:38:25 - [TEST_STEP][PASSED] - click: Object: 'Object Repository/Emergency/Page_Store/button_Add' is clicked on

2018-05-15 13:38:25 - [MESSAGE][PASSED] - Object: 'Object Repository/Emergency/Page_Store/button_Add' is clicked on

2018-05-15 13:38:25 - [TEST_STEP][PASSED] - Statement - Break: null

2018-05-15 13:38:25 - [TEST_STEP][PASSED] - selectOptionByIndex: All options with index in [5] are selected on object 'Object Repository/Emergency/Page_Store/select_--Select--Amikacin -500'

2018-05-15 13:38:25 - [MESSAGE][PASSED] - All options with index in [5] are selected on object 'Object Repository/Emergency/Page_Store/select_--Select--Amikacin -500'

2018-05-15 13:38:25 - [TEST_STEP][PASSED] - Statement - RequestedQty = com.kms.katalon.core.webui.keyword.WebUiBuiltInKeywords.getAttribute(com.kms.katalon.core.testobject.ObjectRepository.findTestObject(Emergency/Page_Store/input_txttotal), "value"): Attribute 'value' of object 'Object Repository/Emergency/Page_Store/input_txttotal' is: '10'

2018-05-15 13:38:25 - [MESSAGE][PASSED] - Attribute 'value' of object 'Object Repository/Emergency/Page_Store/input_txttotal' is: '10'

2018-05-15 13:38:25 - [TEST_STEP][PASSED] - Statement - out.println("Requested QTY : " + RequestedQty): null

2018-05-15 13:38:25 - [TEST_STEP][PASSED] - Statement - BatchNumber = com.kms.katalon.core.webui.keyword.WebUiBuiltInKeywords.getNumberOfTotalOption(com.kms.katalon.core.testobject.ObjectRepository.findTestObject(Emergency/Page_Store/select_--Select--BA1150BA4110)): 2 options of object 'Object Repository/Emergency/Page_Store/select_--Select--BA1150BA4110' counted

2018-05-15 13:38:25 - [MESSAGE][PASSED] - 2 options of object 'Object Repository/Emergency/Page_Store/select_--Select--BA1150BA4110' counted

2018-05-15 13:38:25 - [TEST_STEP][PASSED] - Statement - For ([g = 1, g < BatchNumber, (g++)]): null

2018-05-15 13:38:25 - [TEST_STEP][PASSED] - selectOptionByIndex: All options with index in [1] are selected on object 'Object Repository/Emergency/Page_Store/select_--Select--BA1150BA4110'

2018-05-15 13:38:25 - [MESSAGE][PASSED] - All options with index in [1] are selected on object 'Object Repository/Emergency/Page_Store/select_--Select--BA1150BA4110'

2018-05-15 13:38:25 - [TEST_STEP][PASSED] - delay: Delayed 2 second(s)

2018-05-15 13:38:27 - [MESSAGE][PASSED] - Delayed 2 second(s)

2018-05-15 13:38:27 - [TEST_STEP][PASSED] - Statement - Try: null

2018-05-15 13:38:27 - [TEST_STEP][PASSED] - Statement - StockQty = com.kms.katalon.core.webui.keyword.WebUiBuiltInKeywords.getAttribute(com.kms.katalon.core.testobject.ObjectRepository.findTestObject(Emergency/Page_Store/input_txtprice), "value"): Attribute 'value' of object 'Object Repository/Emergency/Page_Store/input_txtprice' is: '980'

2018-05-15 13:38:27 - [MESSAGE][PASSED] - Attribute 'value' of object 'Object Repository/Emergency/Page_Store/input_txtprice' is: '980'

2018-05-15 13:38:27 - [TEST_STEP][PASSED] - Statement - out.println("Stock QTY : " + StockQty): null

2018-05-15 13:38:27 - [TEST_STEP][PASSED] - delay: Delayed 2 second(s)

2018-05-15 13:38:29 - [MESSAGE][PASSED] - Delayed 2 second(s)

2018-05-15 13:38:29 - [TEST_STEP][PASSED] - Statement - If (java.lang.Integer.valueOf(StockQty) >= java.lang.Integer.valueOf(RequestedQty)): null

2018-05-15 13:38:29 - [TEST_STEP][PASSED] - delay: Delayed 1 second(s)

2018-05-15 13:38:30 - [MESSAGE][PASSED] - Delayed 1 second(s)

2018-05-15 13:38:30 - [TEST_STEP][PASSED] - setText: Text '10' is set on object 'Object Repository/Emergency/Page_Store/input_txtqty'

2018-05-15 13:38:30 - [MESSAGE][PASSED] - Text '10' is set on object 'Object Repository/Emergency/Page_Store/input_txtqty'

2018-05-15 13:38:30 - [TEST_STEP][PASSED] - click: Object: 'Object Repository/Emergency/Page_Store/button_Add' is clicked on

2018-05-15 13:38:30 - [MESSAGE][PASSED] - Object: 'Object Repository/Emergency/Page_Store/button_Add' is clicked on

2018-05-15 13:38:30 - [TEST_STEP][PASSED] - Statement - Break: null

2018-05-15 13:38:30 - [TEST_STEP][PASSED] - selectOptionByIndex: All options with index in [6] are selected on object 'Object Repository/Emergency/Page_Store/select_--Select--Amikacin -500'

2018-05-15 13:38:31 - [MESSAGE][PASSED] - All options with index in [6] are selected on object 'Object Repository/Emergency/Page_Store/select_--Select--Amikacin -500'

2018-05-15 13:38:31 - [TEST_STEP][PASSED] - Statement - RequestedQty = com.kms.katalon.core.webui.keyword.WebUiBuiltInKeywords.getAttribute(com.kms.katalon.core.testobject.ObjectRepository.findTestObject(Emergency/Page_Store/input_txttotal), "value"): Attribute 'value' of object 'Object Repository/Emergency/Page_Store/input_txttotal' is: ''

2018-05-15 13:38:31 - [MESSAGE][PASSED] - Attribute 'value' of object 'Object Repository/Emergency/Page_Store/input_txttotal' is: ''

2018-05-15 13:38:31 - [TEST_STEP][PASSED] - Statement - out.println("Requested QTY : " + RequestedQty): null

2018-05-15 13:38:31 - [TEST_STEP][PASSED] - Statement - BatchNumber = com.kms.katalon.core.webui.keyword.WebUiBuiltInKeywords.getNumberOfTotalOption(com.kms.katalon.core.testobject.ObjectRepository.findTestObject(Emergency/Page_Store/select_--Select--BA1150BA4110)): 2 options of object 'Object Repository/Emergency/Page_Store/select_--Select--BA1150BA4110' counted

2018-05-15 13:38:31 - [MESSAGE][PASSED] - 2 options of object 'Object Repository/Emergency/Page_Store/select_--Select--BA1150BA4110' counted

2018-05-15 13:38:31 - [TEST_STEP][FAILED] - Statement - For ([g = 1, g < BatchNumber, (g++)]): Unable to click on object 'Object Repository/Emergency/Page_Store/button_OK' (Root cause: com.kms.katalon.core.webui.exception.WebElementNotFoundException: Web element with id: 'Object Repository/Emergency/Page_Store/button_OK' located by 'By.xpath: /html[1]/body[@class="skin-blue  pace-done modal-open"]/div[@class="bootbox modal fade bootbox-alert in"]/div[@class="modal-dialog"]/div[@class="modal-content"]/div[@class="modal-footer"]/button[@class="btn btn-primary"][count(. | //button[@type = 'button' and (text() = 'OK' or . = 'OK')]) = count(//button[@type = 'button' and (text() = 'OK' or . = 'OK')])]' not found)

2018-05-15 13:38:31 - [TEST_STEP][PASSED] - selectOptionByIndex: All options with index in [1] are selected on object 'Object Repository/Emergency/Page_Store/select_--Select--BA1150BA4110'

2018-05-15 13:38:31 - [MESSAGE][PASSED] - All options with index in [1] are selected on object 'Object Repository/Emergency/Page_Store/select_--Select--BA1150BA4110'

2018-05-15 13:38:31 - [TEST_STEP][PASSED] - delay: Delayed 2 second(s)

2018-05-15 13:38:33 - [MESSAGE][PASSED] - Delayed 2 second(s)

2018-05-15 13:38:33 - [TEST_STEP][PASSED] - Statement - Try: null

2018-05-15 13:38:33 - [TEST_STEP][PASSED] - Statement - StockQty = com.kms.katalon.core.webui.keyword.WebUiBuiltInKeywords.getAttribute(com.kms.katalon.core.testobject.ObjectRepository.findTestObject(Emergency/Page_Store/input_txtprice), "value"): Attribute 'value' of object 'Object Repository/Emergency/Page_Store/input_txtprice' is: '980'

2018-05-15 13:38:33 - [MESSAGE][PASSED] - Attribute 'value' of object 'Object Repository/Emergency/Page_Store/input_txtprice' is: '980'

2018-05-15 13:38:33 - [TEST_STEP][PASSED] - Statement - out.println("Stock QTY : " + StockQty): null

2018-05-15 13:38:33 - [TEST_STEP][PASSED] - delay: Delayed 2 second(s)

2018-05-15 13:38:35 - [MESSAGE][PASSED] - Delayed 2 second(s)

2018-05-15 13:38:35 - [TEST_STEP][PASSED] - Statement - If (java.lang.Integer.valueOf(StockQty) >= java.lang.Integer.valueOf(RequestedQty)): null

2018-05-15 13:38:35 - [TEST_STEP][FAILED] - Statement - Catch (Exception e): Unable to click on object 'Object Repository/Emergency/Page_Store/button_OK' (Root cause: com.kms.katalon.core.webui.exception.WebElementNotFoundException: Web element with id: 'Object Repository/Emergency/Page_Store/button_OK' located by 'By.xpath: /html[1]/body[@class="skin-blue  pace-done modal-open"]/div[@class="bootbox modal fade bootbox-alert in"]/div[@class="modal-dialog"]/div[@class="modal-content"]/div[@class="modal-footer"]/button[@class="btn btn-primary"][count(. | //button[@type = 'button' and (text() = 'OK' or . = 'OK')]) = count(//button[@type = 'button' and (text() = 'OK' or . = 'OK')])]' not found)

2018-05-15 13:38:35 - [TEST_STEP][FAILED] - click: Unable to click on object 'Object Repository/Emergency/Page_Store/button_OK' (Root cause: com.kms.katalon.core.webui.exception.WebElementNotFoundException: Web element with id: 'Object Repository/Emergency/Page_Store/button_OK' located by 'By.xpath: /html[1]/body[@class="skin-blue  pace-done modal-open"]/div[@class="bootbox modal fade bootbox-alert in"]/div[@class="modal-dialog"]/div[@class="modal-content"]/div[@class="modal-footer"]/button[@class="btn btn-primary"][count(. | //button[@type = 'button' and (text() = 'OK' or . = 'OK')]) = count(//button[@type = 'button' and (text() = 'OK' or . = 'OK')])]' not found)

2018-05-15 13:39:06 - [MESSAGE][FAILED] - Unable to click on object 'Object Repository/Emergency/Page_Store/button_OK' (Root cause: com.kms.katalon.core.webui.exception.WebElementNotFoundException: Web element with id: 'Object Repository/Emergency/Page_Store/button_OK' located by 'By.xpath: /html[1]/body[@class="skin-blue  pace-done modal-open"]/div[@class="bootbox modal fade bootbox-alert in"]/div[@class="modal-dialog"]/div[@class="modal-content"]/div[@class="modal-footer"]/button[@class="btn btn-primary"][count(. | //button[@type = 'button' and (text() = 'OK' or . = 'OK')]) = count(//button[@type = 'button' and (text() = 'OK' or . = 'OK')])]' not found)
[[ATTACHMENT|C:\\Users\\Quality Analyst\\Katalon Studio\\ds\\Reports\\Emergency_Suit\\20180515_133425\\1526371746378.png]]]]></system-out>
         <system-err><![CDATA[2018-05-15 13:36:34 - [TEST_CASE][FAILED] - Test Cases/EMERGENCY TEST CASES/TC_ER_002 Verify Schedule 3 Emergency  Request Are Working Successfully Or Not: Test Cases/EMERGENCY TEST CASES/TC_ER_002 Verify Schedule 3 Emergency  Request Are Working Successfully Or Not FAILED because (of) Unable to click on object 'Object Repository/Emergency/Page_Store/button_OK' (Root cause: com.kms.katalon.core.webui.exception.WebElementNotFoundException: Web element with id: 'Object Repository/Emergency/Page_Store/button_OK' located by 'By.xpath: /html[1]/body[@class="skin-blue  pace-done modal-open"]/div[@class="bootbox modal fade bootbox-alert in"]/div[@class="modal-dialog"]/div[@class="modal-content"]/div[@class="modal-footer"]/button[@class="btn btn-primary"][count(. | //button[@type = 'button' and (text() = 'OK' or . = 'OK')]) = count(//button[@type = 'button' and (text() = 'OK' or . = 'OK')])]' not found)]]></system-err>
      </testcase>
      <testcase name="Test Cases/EMERGENCY TEST CASES/TC_ER_003 Verify Schedule 5 Emergency  Request Are Working Successfully Or Not" classname="Test Cases/EMERGENCY TEST CASES/TC_ER_003 Verify Schedule 5 Emergency  Request Are Working Successfully Or Not" status="PASSED">
         <system-out><![CDATA[2018-05-15 13:39:06 - [TEST_CASE][PASSED] - Test Cases/EMERGENCY TEST CASES/TC_ER_003 Verify Schedule 5 Emergency  Request Are Working Successfully Or Not: Test Cases/EMERGENCY TEST CASES/TC_ER_003 Verify Schedule 5 Emergency  Request Are Working Successfully Or Not

2018-05-15 13:39:06 - [TEST_STEP][PASSED] - openBrowser: Browser is opened with url: ''

2018-05-15 13:39:06 - [MESSAGE][WARNING] - A browser is already opened. Closing browser and opening a new one

2018-05-15 13:39:09 - [MESSAGE][PASSED] - Browser is opened with url: ''

2018-05-15 13:39:09 - [TEST_STEP][PASSED] - Statement - out.println("Verify Schedule 5 Emergency  Request Are Working Successfully Or Not"): null

2018-05-15 13:39:09 - [TEST_STEP][PASSED] - navigateToUrl: Navigate to 'http://192.168.137.1/Multihospital_New/EmergencyLogin.aspx' successfully

2018-05-15 13:39:13 - [MESSAGE][PASSED] - Navigate to 'http://192.168.137.1/Multihospital_New/EmergencyLogin.aspx' successfully

2018-05-15 13:39:13 - [TEST_STEP][PASSED] - maximizeWindow: Current window maximized

2018-05-15 13:39:14 - [MESSAGE][PASSED] - Current window maximized

2018-05-15 13:39:14 - [TEST_STEP][PASSED] - setText: Text 'nivetha' is set on object 'Object Repository/Emergency/Page_Emergency login/input_txtusername'

2018-05-15 13:39:14 - [MESSAGE][PASSED] - Text 'nivetha' is set on object 'Object Repository/Emergency/Page_Emergency login/input_txtusername'

2018-05-15 13:39:14 - [TEST_STEP][PASSED] - setText: Text '123' is set on object 'Object Repository/Emergency/Page_Emergency login/input_txtpassword'

2018-05-15 13:39:14 - [MESSAGE][PASSED] - Text '123' is set on object 'Object Repository/Emergency/Page_Emergency login/input_txtpassword'

2018-05-15 13:39:14 - [TEST_STEP][PASSED] - delay: Delayed 3 second(s)

2018-05-15 13:39:17 - [MESSAGE][PASSED] - Delayed 3 second(s)

2018-05-15 13:39:17 - [TEST_STEP][PASSED] - click: Object: 'Object Repository/Emergency/Page_Emergency login/button_Sign in' is clicked on

2018-05-15 13:39:18 - [MESSAGE][PASSED] - Object: 'Object Repository/Emergency/Page_Emergency login/button_Sign in' is clicked on

2018-05-15 13:39:18 - [TEST_STEP][PASSED] - delay: Delayed 3 second(s)

2018-05-15 13:39:21 - [MESSAGE][PASSED] - Delayed 3 second(s)

2018-05-15 13:39:21 - [TEST_STEP][PASSED] - click: Object: 'Object Repository/Emergency/Page_KDMC - Emergency/a_Store Request' is clicked on

2018-05-15 13:39:21 - [MESSAGE][PASSED] - Object: 'Object Repository/Emergency/Page_KDMC - Emergency/a_Store Request' is clicked on

2018-05-15 13:39:21 - [TEST_STEP][PASSED] - delay: Delayed 2 second(s)

2018-05-15 13:39:23 - [MESSAGE][PASSED] - Delayed 2 second(s)

2018-05-15 13:39:23 - [TEST_STEP][PASSED] - click: Object: 'Object Repository/Emergency/Page_KDMC - Emergency/a_Medicine Request' is clicked on

2018-05-15 13:39:24 - [MESSAGE][PASSED] - Object: 'Object Repository/Emergency/Page_KDMC - Emergency/a_Medicine Request' is clicked on

2018-05-15 13:39:24 - [TEST_STEP][PASSED] - delay: Delayed 2 second(s)

2018-05-15 13:39:26 - [MESSAGE][PASSED] - Delayed 2 second(s)

2018-05-15 13:39:26 - [TEST_STEP][PASSED] - selectOptionByIndex: All options with index in [3] are selected on object 'Object Repository/Emergency/Page_KDMC - Emergency/select_--Select--Schedule 1Inj'

2018-05-15 13:39:26 - [MESSAGE][PASSED] - All options with index in [3] are selected on object 'Object Repository/Emergency/Page_KDMC - Emergency/select_--Select--Schedule 1Inj'

2018-05-15 13:39:26 - [TEST_STEP][PASSED] - Statement - seletedoptions = com.kms.katalon.core.webui.keyword.WebUiBuiltInKeywords.getNumberOfTotalOption(com.kms.katalon.core.testobject.ObjectRepository.findTestObject(Emergency/Page_KDMC - Emergency/select_--Select--Adernaline 0.)): 17 options of object 'Object Repository/Emergency/Page_KDMC - Emergency/select_--Select--Adernaline 0.' counted

2018-05-15 13:39:26 - [MESSAGE][PASSED] - 17 options of object 'Object Repository/Emergency/Page_KDMC - Emergency/select_--Select--Adernaline 0.' counted

2018-05-15 13:39:26 - [TEST_STEP][PASSED] - Statement - out.println(seletedoptions): null

2018-05-15 13:39:26 - [TEST_STEP][PASSED] - Statement - For ([u = 1, u < seletedoptions, (u++)]): Object: 'Object Repository/Emergency/Page_KDMC - Emergency/button_Add' is clicked on

2018-05-15 13:39:26 - [TEST_STEP][PASSED] - selectOptionByIndex: All options with index in [3] are selected on object 'Object Repository/Emergency/Page_KDMC - Emergency/select_--Select--Schedule 1Inj'

2018-05-15 13:39:26 - [MESSAGE][PASSED] - All options with index in [3] are selected on object 'Object Repository/Emergency/Page_KDMC - Emergency/select_--Select--Schedule 1Inj'

2018-05-15 13:39:26 - [TEST_STEP][PASSED] - selectOptionByIndex: All options with index in [1] are selected on object 'Object Repository/Emergency/Page_KDMC - Emergency/select_--Select--Adernaline 0.'

2018-05-15 13:39:26 - [MESSAGE][PASSED] - All options with index in [1] are selected on object 'Object Repository/Emergency/Page_KDMC - Emergency/select_--Select--Adernaline 0.'

2018-05-15 13:39:26 - [TEST_STEP][PASSED] - setText: Text '10' is set on object 'Object Repository/Emergency/Page_KDMC - Emergency/input_txttreat'

2018-05-15 13:39:27 - [MESSAGE][PASSED] - Text '10' is set on object 'Object Repository/Emergency/Page_KDMC - Emergency/input_txttreat'

2018-05-15 13:39:27 - [TEST_STEP][PASSED] - click: Object: 'Object Repository/Emergency/Page_KDMC - Emergency/button_Add' is clicked on

2018-05-15 13:39:27 - [MESSAGE][PASSED] - Object: 'Object Repository/Emergency/Page_KDMC - Emergency/button_Add' is clicked on

2018-05-15 13:39:27 - [TEST_STEP][PASSED] - selectOptionByIndex: All options with index in [3] are selected on object 'Object Repository/Emergency/Page_KDMC - Emergency/select_--Select--Schedule 1Inj'

2018-05-15 13:39:27 - [MESSAGE][PASSED] - All options with index in [3] are selected on object 'Object Repository/Emergency/Page_KDMC - Emergency/select_--Select--Schedule 1Inj'

2018-05-15 13:39:27 - [TEST_STEP][PASSED] - selectOptionByIndex: All options with index in [2] are selected on object 'Object Repository/Emergency/Page_KDMC - Emergency/select_--Select--Adernaline 0.'

2018-05-15 13:39:27 - [MESSAGE][PASSED] - All options with index in [2] are selected on object 'Object Repository/Emergency/Page_KDMC - Emergency/select_--Select--Adernaline 0.'

2018-05-15 13:39:27 - [TEST_STEP][PASSED] - setText: Text '10' is set on object 'Object Repository/Emergency/Page_KDMC - Emergency/input_txttreat'

2018-05-15 13:39:27 - [MESSAGE][PASSED] - Text '10' is set on object 'Object Repository/Emergency/Page_KDMC - Emergency/input_txttreat'

2018-05-15 13:39:27 - [TEST_STEP][PASSED] - click: Object: 'Object Repository/Emergency/Page_KDMC - Emergency/button_Add' is clicked on

2018-05-15 13:39:27 - [MESSAGE][PASSED] - Object: 'Object Repository/Emergency/Page_KDMC - Emergency/button_Add' is clicked on

2018-05-15 13:39:27 - [TEST_STEP][PASSED] - selectOptionByIndex: All options with index in [3] are selected on object 'Object Repository/Emergency/Page_KDMC - Emergency/select_--Select--Schedule 1Inj'

2018-05-15 13:39:27 - [MESSAGE][PASSED] - All options with index in [3] are selected on object 'Object Repository/Emergency/Page_KDMC - Emergency/select_--Select--Schedule 1Inj'

2018-05-15 13:39:27 - [TEST_STEP][PASSED] - selectOptionByIndex: All options with index in [3] are selected on object 'Object Repository/Emergency/Page_KDMC - Emergency/select_--Select--Adernaline 0.'

2018-05-15 13:39:27 - [MESSAGE][PASSED] - All options with index in [3] are selected on object 'Object Repository/Emergency/Page_KDMC - Emergency/select_--Select--Adernaline 0.'

2018-05-15 13:39:27 - [TEST_STEP][PASSED] - setText: Text '10' is set on object 'Object Repository/Emergency/Page_KDMC - Emergency/input_txttreat'

2018-05-15 13:39:27 - [MESSAGE][PASSED] - Text '10' is set on object 'Object Repository/Emergency/Page_KDMC - Emergency/input_txttreat'

2018-05-15 13:39:27 - [TEST_STEP][PASSED] - click: Object: 'Object Repository/Emergency/Page_KDMC - Emergency/button_Add' is clicked on

2018-05-15 13:39:28 - [MESSAGE][PASSED] - Object: 'Object Repository/Emergency/Page_KDMC - Emergency/button_Add' is clicked on

2018-05-15 13:39:28 - [TEST_STEP][PASSED] - selectOptionByIndex: All options with index in [3] are selected on object 'Object Repository/Emergency/Page_KDMC - Emergency/select_--Select--Schedule 1Inj'

2018-05-15 13:39:28 - [MESSAGE][PASSED] - All options with index in [3] are selected on object 'Object Repository/Emergency/Page_KDMC - Emergency/select_--Select--Schedule 1Inj'

2018-05-15 13:39:28 - [TEST_STEP][PASSED] - selectOptionByIndex: All options with index in [4] are selected on object 'Object Repository/Emergency/Page_KDMC - Emergency/select_--Select--Adernaline 0.'

2018-05-15 13:39:28 - [MESSAGE][PASSED] - All options with index in [4] are selected on object 'Object Repository/Emergency/Page_KDMC - Emergency/select_--Select--Adernaline 0.'

2018-05-15 13:39:28 - [TEST_STEP][PASSED] - setText: Text '10' is set on object 'Object Repository/Emergency/Page_KDMC - Emergency/input_txttreat'

2018-05-15 13:39:28 - [MESSAGE][PASSED] - Text '10' is set on object 'Object Repository/Emergency/Page_KDMC - Emergency/input_txttreat'

2018-05-15 13:39:28 - [TEST_STEP][PASSED] - click: Object: 'Object Repository/Emergency/Page_KDMC - Emergency/button_Add' is clicked on

2018-05-15 13:39:28 - [MESSAGE][PASSED] - Object: 'Object Repository/Emergency/Page_KDMC - Emergency/button_Add' is clicked on

2018-05-15 13:39:28 - [TEST_STEP][PASSED] - selectOptionByIndex: All options with index in [3] are selected on object 'Object Repository/Emergency/Page_KDMC - Emergency/select_--Select--Schedule 1Inj'

2018-05-15 13:39:28 - [MESSAGE][PASSED] - All options with index in [3] are selected on object 'Object Repository/Emergency/Page_KDMC - Emergency/select_--Select--Schedule 1Inj'

2018-05-15 13:39:28 - [TEST_STEP][PASSED] - selectOptionByIndex: All options with index in [5] are selected on object 'Object Repository/Emergency/Page_KDMC - Emergency/select_--Select--Adernaline 0.'

2018-05-15 13:39:28 - [MESSAGE][PASSED] - All options with index in [5] are selected on object 'Object Repository/Emergency/Page_KDMC - Emergency/select_--Select--Adernaline 0.'

2018-05-15 13:39:28 - [TEST_STEP][PASSED] - setText: Text '10' is set on object 'Object Repository/Emergency/Page_KDMC - Emergency/input_txttreat'

2018-05-15 13:39:28 - [MESSAGE][PASSED] - Text '10' is set on object 'Object Repository/Emergency/Page_KDMC - Emergency/input_txttreat'

2018-05-15 13:39:28 - [TEST_STEP][PASSED] - click: Object: 'Object Repository/Emergency/Page_KDMC - Emergency/button_Add' is clicked on

2018-05-15 13:39:28 - [MESSAGE][PASSED] - Object: 'Object Repository/Emergency/Page_KDMC - Emergency/button_Add' is clicked on

2018-05-15 13:39:28 - [TEST_STEP][PASSED] - selectOptionByIndex: All options with index in [3] are selected on object 'Object Repository/Emergency/Page_KDMC - Emergency/select_--Select--Schedule 1Inj'

2018-05-15 13:39:29 - [MESSAGE][PASSED] - All options with index in [3] are selected on object 'Object Repository/Emergency/Page_KDMC - Emergency/select_--Select--Schedule 1Inj'

2018-05-15 13:39:29 - [TEST_STEP][PASSED] - selectOptionByIndex: All options with index in [6] are selected on object 'Object Repository/Emergency/Page_KDMC - Emergency/select_--Select--Adernaline 0.'

2018-05-15 13:39:29 - [MESSAGE][PASSED] - All options with index in [6] are selected on object 'Object Repository/Emergency/Page_KDMC - Emergency/select_--Select--Adernaline 0.'

2018-05-15 13:39:29 - [TEST_STEP][PASSED] - setText: Text '10' is set on object 'Object Repository/Emergency/Page_KDMC - Emergency/input_txttreat'

2018-05-15 13:39:29 - [MESSAGE][PASSED] - Text '10' is set on object 'Object Repository/Emergency/Page_KDMC - Emergency/input_txttreat'

2018-05-15 13:39:29 - [TEST_STEP][PASSED] - click: Object: 'Object Repository/Emergency/Page_KDMC - Emergency/button_Add' is clicked on

2018-05-15 13:39:29 - [MESSAGE][PASSED] - Object: 'Object Repository/Emergency/Page_KDMC - Emergency/button_Add' is clicked on

2018-05-15 13:39:29 - [TEST_STEP][PASSED] - selectOptionByIndex: All options with index in [3] are selected on object 'Object Repository/Emergency/Page_KDMC - Emergency/select_--Select--Schedule 1Inj'

2018-05-15 13:39:29 - [MESSAGE][PASSED] - All options with index in [3] are selected on object 'Object Repository/Emergency/Page_KDMC - Emergency/select_--Select--Schedule 1Inj'

2018-05-15 13:39:29 - [TEST_STEP][PASSED] - selectOptionByIndex: All options with index in [7] are selected on object 'Object Repository/Emergency/Page_KDMC - Emergency/select_--Select--Adernaline 0.'

2018-05-15 13:39:29 - [MESSAGE][PASSED] - All options with index in [7] are selected on object 'Object Repository/Emergency/Page_KDMC - Emergency/select_--Select--Adernaline 0.'

2018-05-15 13:39:29 - [TEST_STEP][PASSED] - setText: Text '10' is set on object 'Object Repository/Emergency/Page_KDMC - Emergency/input_txttreat'

2018-05-15 13:39:29 - [MESSAGE][PASSED] - Text '10' is set on object 'Object Repository/Emergency/Page_KDMC - Emergency/input_txttreat'

2018-05-15 13:39:29 - [TEST_STEP][PASSED] - click: Object: 'Object Repository/Emergency/Page_KDMC - Emergency/button_Add' is clicked on

2018-05-15 13:39:29 - [MESSAGE][PASSED] - Object: 'Object Repository/Emergency/Page_KDMC - Emergency/button_Add' is clicked on

2018-05-15 13:39:29 - [TEST_STEP][PASSED] - selectOptionByIndex: All options with index in [3] are selected on object 'Object Repository/Emergency/Page_KDMC - Emergency/select_--Select--Schedule 1Inj'

2018-05-15 13:39:29 - [MESSAGE][PASSED] - All options with index in [3] are selected on object 'Object Repository/Emergency/Page_KDMC - Emergency/select_--Select--Schedule 1Inj'

2018-05-15 13:39:29 - [TEST_STEP][PASSED] - selectOptionByIndex: All options with index in [8] are selected on object 'Object Repository/Emergency/Page_KDMC - Emergency/select_--Select--Adernaline 0.'

2018-05-15 13:39:30 - [MESSAGE][PASSED] - All options with index in [8] are selected on object 'Object Repository/Emergency/Page_KDMC - Emergency/select_--Select--Adernaline 0.'

2018-05-15 13:39:30 - [TEST_STEP][PASSED] - setText: Text '10' is set on object 'Object Repository/Emergency/Page_KDMC - Emergency/input_txttreat'

2018-05-15 13:39:30 - [MESSAGE][PASSED] - Text '10' is set on object 'Object Repository/Emergency/Page_KDMC - Emergency/input_txttreat'

2018-05-15 13:39:30 - [TEST_STEP][PASSED] - click: Object: 'Object Repository/Emergency/Page_KDMC - Emergency/button_Add' is clicked on

2018-05-15 13:39:30 - [MESSAGE][PASSED] - Object: 'Object Repository/Emergency/Page_KDMC - Emergency/button_Add' is clicked on

2018-05-15 13:39:30 - [TEST_STEP][PASSED] - selectOptionByIndex: All options with index in [3] are selected on object 'Object Repository/Emergency/Page_KDMC - Emergency/select_--Select--Schedule 1Inj'

2018-05-15 13:39:30 - [MESSAGE][PASSED] - All options with index in [3] are selected on object 'Object Repository/Emergency/Page_KDMC - Emergency/select_--Select--Schedule 1Inj'

2018-05-15 13:39:30 - [TEST_STEP][PASSED] - selectOptionByIndex: All options with index in [9] are selected on object 'Object Repository/Emergency/Page_KDMC - Emergency/select_--Select--Adernaline 0.'

2018-05-15 13:39:30 - [MESSAGE][PASSED] - All options with index in [9] are selected on object 'Object Repository/Emergency/Page_KDMC - Emergency/select_--Select--Adernaline 0.'

2018-05-15 13:39:30 - [TEST_STEP][PASSED] - setText: Text '10' is set on object 'Object Repository/Emergency/Page_KDMC - Emergency/input_txttreat'

2018-05-15 13:39:30 - [MESSAGE][PASSED] - Text '10' is set on object 'Object Repository/Emergency/Page_KDMC - Emergency/input_txttreat'

2018-05-15 13:39:30 - [TEST_STEP][PASSED] - click: Object: 'Object Repository/Emergency/Page_KDMC - Emergency/button_Add' is clicked on

2018-05-15 13:39:30 - [MESSAGE][PASSED] - Object: 'Object Repository/Emergency/Page_KDMC - Emergency/button_Add' is clicked on

2018-05-15 13:39:30 - [TEST_STEP][PASSED] - selectOptionByIndex: All options with index in [3] are selected on object 'Object Repository/Emergency/Page_KDMC - Emergency/select_--Select--Schedule 1Inj'

2018-05-15 13:39:30 - [MESSAGE][PASSED] - All options with index in [3] are selected on object 'Object Repository/Emergency/Page_KDMC - Emergency/select_--Select--Schedule 1Inj'

2018-05-15 13:39:30 - [TEST_STEP][PASSED] - selectOptionByIndex: All options with index in [10] are selected on object 'Object Repository/Emergency/Page_KDMC - Emergency/select_--Select--Adernaline 0.'

2018-05-15 13:39:31 - [MESSAGE][PASSED] - All options with index in [10] are selected on object 'Object Repository/Emergency/Page_KDMC - Emergency/select_--Select--Adernaline 0.'

2018-05-15 13:39:31 - [TEST_STEP][PASSED] - setText: Text '10' is set on object 'Object Repository/Emergency/Page_KDMC - Emergency/input_txttreat'

2018-05-15 13:39:31 - [MESSAGE][PASSED] - Text '10' is set on object 'Object Repository/Emergency/Page_KDMC - Emergency/input_txttreat'

2018-05-15 13:39:31 - [TEST_STEP][PASSED] - click: Object: 'Object Repository/Emergency/Page_KDMC - Emergency/button_Add' is clicked on

2018-05-15 13:39:31 - [MESSAGE][PASSED] - Object: 'Object Repository/Emergency/Page_KDMC - Emergency/button_Add' is clicked on

2018-05-15 13:39:31 - [TEST_STEP][PASSED] - selectOptionByIndex: All options with index in [3] are selected on object 'Object Repository/Emergency/Page_KDMC - Emergency/select_--Select--Schedule 1Inj'

2018-05-15 13:39:31 - [MESSAGE][PASSED] - All options with index in [3] are selected on object 'Object Repository/Emergency/Page_KDMC - Emergency/select_--Select--Schedule 1Inj'

2018-05-15 13:39:31 - [TEST_STEP][PASSED] - selectOptionByIndex: All options with index in [11] are selected on object 'Object Repository/Emergency/Page_KDMC - Emergency/select_--Select--Adernaline 0.'

2018-05-15 13:39:31 - [MESSAGE][PASSED] - All options with index in [11] are selected on object 'Object Repository/Emergency/Page_KDMC - Emergency/select_--Select--Adernaline 0.'

2018-05-15 13:39:31 - [TEST_STEP][PASSED] - setText: Text '10' is set on object 'Object Repository/Emergency/Page_KDMC - Emergency/input_txttreat'

2018-05-15 13:39:31 - [MESSAGE][PASSED] - Text '10' is set on object 'Object Repository/Emergency/Page_KDMC - Emergency/input_txttreat'

2018-05-15 13:39:31 - [TEST_STEP][PASSED] - click: Object: 'Object Repository/Emergency/Page_KDMC - Emergency/button_Add' is clicked on

2018-05-15 13:39:31 - [MESSAGE][PASSED] - Object: 'Object Repository/Emergency/Page_KDMC - Emergency/button_Add' is clicked on

2018-05-15 13:39:31 - [TEST_STEP][PASSED] - selectOptionByIndex: All options with index in [3] are selected on object 'Object Repository/Emergency/Page_KDMC - Emergency/select_--Select--Schedule 1Inj'

2018-05-15 13:39:32 - [MESSAGE][PASSED] - All options with index in [3] are selected on object 'Object Repository/Emergency/Page_KDMC - Emergency/select_--Select--Schedule 1Inj'

2018-05-15 13:39:32 - [TEST_STEP][PASSED] - selectOptionByIndex: All options with index in [12] are selected on object 'Object Repository/Emergency/Page_KDMC - Emergency/select_--Select--Adernaline 0.'

2018-05-15 13:39:32 - [MESSAGE][PASSED] - All options with index in [12] are selected on object 'Object Repository/Emergency/Page_KDMC - Emergency/select_--Select--Adernaline 0.'

2018-05-15 13:39:32 - [TEST_STEP][PASSED] - setText: Text '10' is set on object 'Object Repository/Emergency/Page_KDMC - Emergency/input_txttreat'

2018-05-15 13:39:32 - [MESSAGE][PASSED] - Text '10' is set on object 'Object Repository/Emergency/Page_KDMC - Emergency/input_txttreat'

2018-05-15 13:39:32 - [TEST_STEP][PASSED] - click: Object: 'Object Repository/Emergency/Page_KDMC - Emergency/button_Add' is clicked on

2018-05-15 13:39:32 - [MESSAGE][PASSED] - Object: 'Object Repository/Emergency/Page_KDMC - Emergency/button_Add' is clicked on

2018-05-15 13:39:32 - [TEST_STEP][PASSED] - selectOptionByIndex: All options with index in [3] are selected on object 'Object Repository/Emergency/Page_KDMC - Emergency/select_--Select--Schedule 1Inj'

2018-05-15 13:39:32 - [MESSAGE][PASSED] - All options with index in [3] are selected on object 'Object Repository/Emergency/Page_KDMC - Emergency/select_--Select--Schedule 1Inj'

2018-05-15 13:39:32 - [TEST_STEP][PASSED] - selectOptionByIndex: All options with index in [13] are selected on object 'Object Repository/Emergency/Page_KDMC - Emergency/select_--Select--Adernaline 0.'

2018-05-15 13:39:32 - [MESSAGE][PASSED] - All options with index in [13] are selected on object 'Object Repository/Emergency/Page_KDMC - Emergency/select_--Select--Adernaline 0.'

2018-05-15 13:39:32 - [TEST_STEP][PASSED] - setText: Text '10' is set on object 'Object Repository/Emergency/Page_KDMC - Emergency/input_txttreat'

2018-05-15 13:39:32 - [MESSAGE][PASSED] - Text '10' is set on object 'Object Repository/Emergency/Page_KDMC - Emergency/input_txttreat'

2018-05-15 13:39:32 - [TEST_STEP][PASSED] - click: Object: 'Object Repository/Emergency/Page_KDMC - Emergency/button_Add' is clicked on

2018-05-15 13:39:32 - [MESSAGE][PASSED] - Object: 'Object Repository/Emergency/Page_KDMC - Emergency/button_Add' is clicked on

2018-05-15 13:39:32 - [TEST_STEP][PASSED] - selectOptionByIndex: All options with index in [3] are selected on object 'Object Repository/Emergency/Page_KDMC - Emergency/select_--Select--Schedule 1Inj'

2018-05-15 13:39:33 - [MESSAGE][PASSED] - All options with index in [3] are selected on object 'Object Repository/Emergency/Page_KDMC - Emergency/select_--Select--Schedule 1Inj'

2018-05-15 13:39:33 - [TEST_STEP][PASSED] - selectOptionByIndex: All options with index in [14] are selected on object 'Object Repository/Emergency/Page_KDMC - Emergency/select_--Select--Adernaline 0.'

2018-05-15 13:39:33 - [MESSAGE][PASSED] - All options with index in [14] are selected on object 'Object Repository/Emergency/Page_KDMC - Emergency/select_--Select--Adernaline 0.'

2018-05-15 13:39:33 - [TEST_STEP][PASSED] - setText: Text '10' is set on object 'Object Repository/Emergency/Page_KDMC - Emergency/input_txttreat'

2018-05-15 13:39:33 - [MESSAGE][PASSED] - Text '10' is set on object 'Object Repository/Emergency/Page_KDMC - Emergency/input_txttreat'

2018-05-15 13:39:33 - [TEST_STEP][PASSED] - click: Object: 'Object Repository/Emergency/Page_KDMC - Emergency/button_Add' is clicked on

2018-05-15 13:39:33 - [MESSAGE][PASSED] - Object: 'Object Repository/Emergency/Page_KDMC - Emergency/button_Add' is clicked on

2018-05-15 13:39:33 - [TEST_STEP][PASSED] - selectOptionByIndex: All options with index in [3] are selected on object 'Object Repository/Emergency/Page_KDMC - Emergency/select_--Select--Schedule 1Inj'

2018-05-15 13:39:33 - [MESSAGE][PASSED] - All options with index in [3] are selected on object 'Object Repository/Emergency/Page_KDMC - Emergency/select_--Select--Schedule 1Inj'

2018-05-15 13:39:33 - [TEST_STEP][PASSED] - selectOptionByIndex: All options with index in [15] are selected on object 'Object Repository/Emergency/Page_KDMC - Emergency/select_--Select--Adernaline 0.'

2018-05-15 13:39:33 - [MESSAGE][PASSED] - All options with index in [15] are selected on object 'Object Repository/Emergency/Page_KDMC - Emergency/select_--Select--Adernaline 0.'

2018-05-15 13:39:33 - [TEST_STEP][PASSED] - setText: Text '10' is set on object 'Object Repository/Emergency/Page_KDMC - Emergency/input_txttreat'

2018-05-15 13:39:34 - [MESSAGE][PASSED] - Text '10' is set on object 'Object Repository/Emergency/Page_KDMC - Emergency/input_txttreat'

2018-05-15 13:39:34 - [TEST_STEP][PASSED] - click: Object: 'Object Repository/Emergency/Page_KDMC - Emergency/button_Add' is clicked on

2018-05-15 13:39:34 - [MESSAGE][PASSED] - Object: 'Object Repository/Emergency/Page_KDMC - Emergency/button_Add' is clicked on

2018-05-15 13:39:34 - [TEST_STEP][PASSED] - selectOptionByIndex: All options with index in [3] are selected on object 'Object Repository/Emergency/Page_KDMC - Emergency/select_--Select--Schedule 1Inj'

2018-05-15 13:39:34 - [MESSAGE][PASSED] - All options with index in [3] are selected on object 'Object Repository/Emergency/Page_KDMC - Emergency/select_--Select--Schedule 1Inj'

2018-05-15 13:39:34 - [TEST_STEP][PASSED] - selectOptionByIndex: All options with index in [16] are selected on object 'Object Repository/Emergency/Page_KDMC - Emergency/select_--Select--Adernaline 0.'

2018-05-15 13:39:34 - [MESSAGE][PASSED] - All options with index in [16] are selected on object 'Object Repository/Emergency/Page_KDMC - Emergency/select_--Select--Adernaline 0.'

2018-05-15 13:39:34 - [TEST_STEP][PASSED] - setText: Text '10' is set on object 'Object Repository/Emergency/Page_KDMC - Emergency/input_txttreat'

2018-05-15 13:39:34 - [MESSAGE][PASSED] - Text '10' is set on object 'Object Repository/Emergency/Page_KDMC - Emergency/input_txttreat'

2018-05-15 13:39:34 - [TEST_STEP][PASSED] - click: Object: 'Object Repository/Emergency/Page_KDMC - Emergency/button_Add' is clicked on

2018-05-15 13:39:34 - [MESSAGE][PASSED] - Object: 'Object Repository/Emergency/Page_KDMC - Emergency/button_Add' is clicked on

2018-05-15 13:39:34 - [TEST_STEP][PASSED] - scrollToElement: Scroll to object 'Object Repository/Emergency/Page_KDMC - Emergency/input_btnsave' successfully

2018-05-15 13:39:34 - [MESSAGE][PASSED] - Scroll to object 'Object Repository/Emergency/Page_KDMC - Emergency/input_btnsave' successfully

2018-05-15 13:39:34 - [TEST_STEP][PASSED] - click: Object: 'Object Repository/Emergency/Page_KDMC - Emergency/input_btnsave' is clicked on

2018-05-15 13:39:34 - [MESSAGE][PASSED] - Object: 'Object Repository/Emergency/Page_KDMC - Emergency/input_btnsave' is clicked on

2018-05-15 13:39:34 - [TEST_STEP][PASSED] - delay: Delayed 3 second(s)

2018-05-15 13:39:37 - [MESSAGE][PASSED] - Delayed 3 second(s)

2018-05-15 13:39:37 - [TEST_STEP][PASSED] - Statement - RequestNumber = com.kms.katalon.core.webui.keyword.WebUiBuiltInKeywords.getText(com.kms.katalon.core.testobject.ObjectRepository.findTestObject(Emergency/Page_KDMC - Emergency/font_ERNO100520183)): Text of object 'Object Repository/Emergency/Page_KDMC - Emergency/font_ERNO100520183' is: 'ERNO/15052018/148'

2018-05-15 13:39:37 - [MESSAGE][PASSED] - Text of object 'Object Repository/Emergency/Page_KDMC - Emergency/font_ERNO100520183' is: 'ERNO/15052018/148'

2018-05-15 13:39:37 - [TEST_STEP][PASSED] - Statement - Rno = RequestNumber.split("/")[2]: null

2018-05-15 13:39:37 - [TEST_STEP][PASSED] - Statement - out.println(Rno): null

2018-05-15 13:39:37 - [TEST_STEP][PASSED] - click: Object: 'Object Repository/Emergency/Page_KDMC - Emergency/button_OK' is clicked on

2018-05-15 13:39:38 - [MESSAGE][PASSED] - Object: 'Object Repository/Emergency/Page_KDMC - Emergency/button_OK' is clicked on

2018-05-15 13:39:38 - [TEST_STEP][PASSED] - delay: Delayed 3 second(s)

2018-05-15 13:39:41 - [MESSAGE][PASSED] - Delayed 3 second(s)

2018-05-15 13:39:41 - [TEST_STEP][PASSED] - click: Object: 'Object Repository/Emergency/Page_KDMC - Emergency/a_dropdown-toggle' is clicked on

2018-05-15 13:39:41 - [MESSAGE][PASSED] - Object: 'Object Repository/Emergency/Page_KDMC - Emergency/a_dropdown-toggle' is clicked on

2018-05-15 13:39:41 - [TEST_STEP][PASSED] - click: Object: 'Object Repository/Emergency/Page_KDMC - Emergency/a_Sign out' is clicked on

2018-05-15 13:39:42 - [MESSAGE][PASSED] - Object: 'Object Repository/Emergency/Page_KDMC - Emergency/a_Sign out' is clicked on

2018-05-15 13:39:42 - [TEST_STEP][PASSED] - delay: Delayed 3 second(s)

2018-05-15 13:39:45 - [MESSAGE][PASSED] - Delayed 3 second(s)

2018-05-15 13:39:45 - [TEST_STEP][PASSED] - click: Object: 'Object Repository/Emergency/Page_KDMC/a_CMO' is clicked on

2018-05-15 13:39:45 - [MESSAGE][PASSED] - Object: 'Object Repository/Emergency/Page_KDMC/a_CMO' is clicked on

2018-05-15 13:39:45 - [TEST_STEP][PASSED] - setText: Text 'guru' is set on object 'Object Repository/Emergency/Page_CMO login/input_txtusername'

2018-05-15 13:39:45 - [MESSAGE][PASSED] - Text 'guru' is set on object 'Object Repository/Emergency/Page_CMO login/input_txtusername'

2018-05-15 13:39:45 - [TEST_STEP][PASSED] - setText: Text '123' is set on object 'Object Repository/Emergency/Page_CMO login/input_txtpassword'

2018-05-15 13:39:45 - [MESSAGE][PASSED] - Text '123' is set on object 'Object Repository/Emergency/Page_CMO login/input_txtpassword'

2018-05-15 13:39:45 - [TEST_STEP][PASSED] - delay: Delayed 3 second(s)

2018-05-15 13:39:48 - [MESSAGE][PASSED] - Delayed 3 second(s)

2018-05-15 13:39:48 - [TEST_STEP][PASSED] - click: Object: 'Object Repository/Emergency/Page_CMO login/button_Sign in' is clicked on

2018-05-15 13:39:49 - [MESSAGE][PASSED] - Object: 'Object Repository/Emergency/Page_CMO login/button_Sign in' is clicked on

2018-05-15 13:39:49 - [TEST_STEP][PASSED] - delay: Delayed 2 second(s)

2018-05-15 13:39:51 - [MESSAGE][PASSED] - Delayed 2 second(s)

2018-05-15 13:39:51 - [TEST_STEP][PASSED] - click: Object: 'Object Repository/Emergency/Page_KDMC - CMO/a_Department Wise Request' is clicked on

2018-05-15 13:39:52 - [MESSAGE][PASSED] - Object: 'Object Repository/Emergency/Page_KDMC - CMO/a_Department Wise Request' is clicked on

2018-05-15 13:39:52 - [TEST_STEP][PASSED] - selectOptionByIndex: All options with index in [7] are selected on object 'Object Repository/Emergency/Page_KDMC - CMO/select_--ALL--'

2018-05-15 13:39:53 - [MESSAGE][PASSED] - All options with index in [7] are selected on object 'Object Repository/Emergency/Page_KDMC - CMO/select_--ALL--'

2018-05-15 13:39:53 - [TEST_STEP][PASSED] - selectOptionByIndex: All options with index in [1] are selected on object 'Object Repository/Emergency/Page_KDMC - CMO/select_--ALL--                _1'

2018-05-15 13:39:53 - [MESSAGE][PASSED] - All options with index in [1] are selected on object 'Object Repository/Emergency/Page_KDMC - CMO/select_--ALL--                _1'

2018-05-15 13:39:53 - [TEST_STEP][PASSED] - click: Object: 'Object Repository/Emergency/Page_KDMC - CMO/input_btnsearch' is clicked on

2018-05-15 13:39:53 - [MESSAGE][PASSED] - Object: 'Object Repository/Emergency/Page_KDMC - CMO/input_btnsearch' is clicked on

2018-05-15 13:39:53 - [TEST_STEP][PASSED] - Statement - ID = com.kms.katalon.core.webui.keyword.WebUiBuiltInKeywords.modifyObjectProperty(com.kms.katalon.core.testobject.ObjectRepository.findTestObject(Emergency/Page_KDMC - CMO/input_3), "xpath", "equals", "//*[@id=" + Rno + "]", true): Modify property of object successfully

2018-05-15 13:39:53 - [MESSAGE][PASSED] - Modify property of object successfully

2018-05-15 13:39:53 - [TEST_STEP][PASSED] - click: Object: 'Object Repository/Emergency/Page_KDMC - CMO/input_3' is clicked on

2018-05-15 13:39:54 - [MESSAGE][PASSED] - Object: 'Object Repository/Emergency/Page_KDMC - CMO/input_3' is clicked on

2018-05-15 13:39:54 - [TEST_STEP][PASSED] - delay: Delayed 2 second(s)

2018-05-15 13:39:56 - [MESSAGE][PASSED] - Delayed 2 second(s)

2018-05-15 13:39:56 - [TEST_STEP][PASSED] - selectOptionByIndex: All options with index in [1] are selected on object 'Object Repository/Emergency/Page_KDMC - CMO/select_--Select--'

2018-05-15 13:39:56 - [MESSAGE][PASSED] - All options with index in [1] are selected on object 'Object Repository/Emergency/Page_KDMC - CMO/select_--Select--'

2018-05-15 13:39:56 - [TEST_STEP][PASSED] - click: Object: 'Object Repository/Emergency/Page_KDMC - CMO/input_btnupdate' is clicked on

2018-05-15 13:39:56 - [MESSAGE][PASSED] - Object: 'Object Repository/Emergency/Page_KDMC - CMO/input_btnupdate' is clicked on

2018-05-15 13:39:56 - [TEST_STEP][PASSED] - delay: Delayed 2 second(s)

2018-05-15 13:39:58 - [MESSAGE][PASSED] - Delayed 2 second(s)

2018-05-15 13:39:58 - [TEST_STEP][PASSED] - click: Object: 'Object Repository/Emergency/Page_KDMC - CMO/button_OK' is clicked on

2018-05-15 13:39:58 - [MESSAGE][PASSED] - Object: 'Object Repository/Emergency/Page_KDMC - CMO/button_OK' is clicked on

2018-05-15 13:39:58 - [TEST_STEP][PASSED] - delay: Delayed 2 second(s)

2018-05-15 13:40:00 - [MESSAGE][PASSED] - Delayed 2 second(s)

2018-05-15 13:40:00 - [TEST_STEP][PASSED] - click: Object: 'Object Repository/Emergency/Page_KDMC - CMO/a_dropdown-toggle' is clicked on

2018-05-15 13:40:00 - [MESSAGE][PASSED] - Object: 'Object Repository/Emergency/Page_KDMC - CMO/a_dropdown-toggle' is clicked on

2018-05-15 13:40:00 - [TEST_STEP][PASSED] - click: Object: 'Object Repository/Emergency/Page_KDMC - CMO/a_Sign out' is clicked on

2018-05-15 13:40:01 - [MESSAGE][PASSED] - Object: 'Object Repository/Emergency/Page_KDMC - CMO/a_Sign out' is clicked on

2018-05-15 13:40:01 - [TEST_STEP][PASSED] - delay: Delayed 3 second(s)

2018-05-15 13:40:04 - [MESSAGE][PASSED] - Delayed 3 second(s)

2018-05-15 13:40:04 - [TEST_STEP][PASSED] - click: Object: 'Object Repository/Emergency/Page_KDMC/a_Divisional Store' is clicked on

2018-05-15 13:40:06 - [MESSAGE][PASSED] - Object: 'Object Repository/Emergency/Page_KDMC/a_Divisional Store' is clicked on

2018-05-15 13:40:06 - [TEST_STEP][PASSED] - setText: Text 'ragu' is set on object 'Object Repository/Emergency/Page_Divisonal Store Login/input_txtusername'

2018-05-15 13:40:06 - [MESSAGE][PASSED] - Text 'ragu' is set on object 'Object Repository/Emergency/Page_Divisonal Store Login/input_txtusername'

2018-05-15 13:40:06 - [TEST_STEP][PASSED] - setText: Text '123' is set on object 'Object Repository/Emergency/Page_Divisonal Store Login/input_txtpassword'

2018-05-15 13:40:06 - [MESSAGE][PASSED] - Text '123' is set on object 'Object Repository/Emergency/Page_Divisonal Store Login/input_txtpassword'

2018-05-15 13:40:06 - [TEST_STEP][PASSED] - delay: Delayed 3 second(s)

2018-05-15 13:40:09 - [MESSAGE][PASSED] - Delayed 3 second(s)

2018-05-15 13:40:09 - [TEST_STEP][PASSED] - click: Object: 'Object Repository/Emergency/Page_Divisonal Store Login/button_Sign in' is clicked on

2018-05-15 13:40:10 - [MESSAGE][PASSED] - Object: 'Object Repository/Emergency/Page_Divisonal Store Login/button_Sign in' is clicked on

2018-05-15 13:40:10 - [TEST_STEP][PASSED] - delay: Delayed 2 second(s)

2018-05-15 13:40:12 - [MESSAGE][PASSED] - Delayed 2 second(s)

2018-05-15 13:40:12 - [TEST_STEP][PASSED] - click: Object: 'Object Repository/Emergency/Page_Store/a_Emergency Request' is clicked on

2018-05-15 13:40:12 - [MESSAGE][PASSED] - Object: 'Object Repository/Emergency/Page_Store/a_Emergency Request' is clicked on

2018-05-15 13:40:12 - [TEST_STEP][PASSED] - click: Object: 'Object Repository/Emergency/Page_Store/a_Request Item Emergency' is clicked on

2018-05-15 13:40:13 - [MESSAGE][PASSED] - Object: 'Object Repository/Emergency/Page_Store/a_Request Item Emergency' is clicked on

2018-05-15 13:40:13 - [TEST_STEP][PASSED] - setText: Text '148' is set on object 'Object Repository/Emergency/Page_Store/input'

2018-05-15 13:40:13 - [MESSAGE][PASSED] - Text '148' is set on object 'Object Repository/Emergency/Page_Store/input'

2018-05-15 13:40:13 - [TEST_STEP][PASSED] - Statement - ChooseRequest = com.kms.katalon.core.webui.keyword.WebUiBuiltInKeywords.modifyObjectProperty(com.kms.katalon.core.testobject.ObjectRepository.findTestObject(Emergency/Page_Store/input_3), "xpath", "equals", "//*[@id=" + Rno + "]", true): Modify property of object successfully

2018-05-15 13:40:13 - [MESSAGE][PASSED] - Modify property of object successfully

2018-05-15 13:40:13 - [TEST_STEP][PASSED] - click: Object: 'Object Repository/Emergency/Page_Store/input_3' is clicked on

2018-05-15 13:40:14 - [MESSAGE][PASSED] - Object: 'Object Repository/Emergency/Page_Store/input_3' is clicked on

2018-05-15 13:40:14 - [TEST_STEP][PASSED] - delay: Delayed 2 second(s)

2018-05-15 13:40:16 - [MESSAGE][PASSED] - Delayed 2 second(s)

2018-05-15 13:40:16 - [TEST_STEP][PASSED] - Statement - selectedoptions1 = com.kms.katalon.core.webui.keyword.WebUiBuiltInKeywords.getNumberOfTotalOption(com.kms.katalon.core.testobject.ObjectRepository.findTestObject(Emergency/Page_Store/select_--Select--Amikacin -500)): 17 options of object 'Object Repository/Emergency/Page_Store/select_--Select--Amikacin -500' counted

2018-05-15 13:40:16 - [MESSAGE][PASSED] - 17 options of object 'Object Repository/Emergency/Page_Store/select_--Select--Amikacin -500' counted

2018-05-15 13:40:16 - [TEST_STEP][PASSED] - Statement - out.println("Soptions : " + selectedoptions1): null

2018-05-15 13:40:16 - [TEST_STEP][PASSED] - Statement - For ([a = 1, a <= selectedoptions1 - 1, (a++)]): null

2018-05-15 13:40:16 - [TEST_STEP][PASSED] - selectOptionByIndex: All options with index in [1] are selected on object 'Object Repository/Emergency/Page_Store/select_--Select--Amikacin -500'

2018-05-15 13:40:16 - [MESSAGE][PASSED] - All options with index in [1] are selected on object 'Object Repository/Emergency/Page_Store/select_--Select--Amikacin -500'

2018-05-15 13:40:16 - [TEST_STEP][PASSED] - delay: Delayed 2 second(s)

2018-05-15 13:40:18 - [MESSAGE][PASSED] - Delayed 2 second(s)

2018-05-15 13:40:18 - [TEST_STEP][PASSED] - Statement - RequestedQty = com.kms.katalon.core.webui.keyword.WebUiBuiltInKeywords.getAttribute(com.kms.katalon.core.testobject.ObjectRepository.findTestObject(Emergency/Page_Store/input_txttotal), "value"): Attribute 'value' of object 'Object Repository/Emergency/Page_Store/input_txttotal' is: '10'

2018-05-15 13:40:18 - [MESSAGE][PASSED] - Attribute 'value' of object 'Object Repository/Emergency/Page_Store/input_txttotal' is: '10'

2018-05-15 13:40:18 - [TEST_STEP][PASSED] - Statement - out.println("Requested QTY : " + RequestedQty): null

2018-05-15 13:40:18 - [TEST_STEP][PASSED] - Statement - BatchNumber = com.kms.katalon.core.webui.keyword.WebUiBuiltInKeywords.getNumberOfTotalOption(com.kms.katalon.core.testobject.ObjectRepository.findTestObject(Emergency/Page_Store/select_--Select--BA1150BA4110)): 2 options of object 'Object Repository/Emergency/Page_Store/select_--Select--BA1150BA4110' counted

2018-05-15 13:40:18 - [MESSAGE][PASSED] - 2 options of object 'Object Repository/Emergency/Page_Store/select_--Select--BA1150BA4110' counted

2018-05-15 13:40:18 - [TEST_STEP][PASSED] - Statement - out.println("Batch : " + BatchNumber): null

2018-05-15 13:40:18 - [TEST_STEP][PASSED] - Statement - For ([g = 1, g <= BatchNumber - 1, (g++)]): null

2018-05-15 13:40:18 - [TEST_STEP][PASSED] - selectOptionByIndex: All options with index in [1] are selected on object 'Object Repository/Emergency/Page_Store/select_--Select--BA1150BA4110'

2018-05-15 13:40:19 - [MESSAGE][PASSED] - All options with index in [1] are selected on object 'Object Repository/Emergency/Page_Store/select_--Select--BA1150BA4110'

2018-05-15 13:40:19 - [TEST_STEP][PASSED] - delay: Delayed 2 second(s)

2018-05-15 13:40:21 - [MESSAGE][PASSED] - Delayed 2 second(s)

2018-05-15 13:40:21 - [TEST_STEP][PASSED] - Statement - StockQty = com.kms.katalon.core.webui.keyword.WebUiBuiltInKeywords.getAttribute(com.kms.katalon.core.testobject.ObjectRepository.findTestObject(Emergency/Page_Store/input_txtprice), "value"): Attribute 'value' of object 'Object Repository/Emergency/Page_Store/input_txtprice' is: '2120'

2018-05-15 13:40:21 - [MESSAGE][PASSED] - Attribute 'value' of object 'Object Repository/Emergency/Page_Store/input_txtprice' is: '2120'

2018-05-15 13:40:21 - [TEST_STEP][PASSED] - Statement - out.println("Stock QTY : " + StockQty): null

2018-05-15 13:40:21 - [TEST_STEP][PASSED] - delay: Delayed 2 second(s)

2018-05-15 13:40:23 - [MESSAGE][PASSED] - Delayed 2 second(s)

2018-05-15 13:40:23 - [TEST_STEP][PASSED] - Statement - If (java.lang.Integer.valueOf(StockQty) >= java.lang.Integer.valueOf(RequestedQty)): null

2018-05-15 13:40:23 - [TEST_STEP][PASSED] - delay: Delayed 1 second(s)

2018-05-15 13:40:24 - [MESSAGE][PASSED] - Delayed 1 second(s)

2018-05-15 13:40:24 - [TEST_STEP][PASSED] - setText: Text '10' is set on object 'Object Repository/Emergency/Page_Store/input_txtqty'

2018-05-15 13:40:24 - [MESSAGE][PASSED] - Text '10' is set on object 'Object Repository/Emergency/Page_Store/input_txtqty'

2018-05-15 13:40:24 - [TEST_STEP][PASSED] - click: Object: 'Object Repository/Emergency/Page_Store/button_Add' is clicked on

2018-05-15 13:40:24 - [MESSAGE][PASSED] - Object: 'Object Repository/Emergency/Page_Store/button_Add' is clicked on

2018-05-15 13:40:24 - [TEST_STEP][PASSED] - Statement - Break: null

2018-05-15 13:40:24 - [TEST_STEP][PASSED] - selectOptionByIndex: All options with index in [2] are selected on object 'Object Repository/Emergency/Page_Store/select_--Select--Amikacin -500'

2018-05-15 13:40:24 - [MESSAGE][PASSED] - All options with index in [2] are selected on object 'Object Repository/Emergency/Page_Store/select_--Select--Amikacin -500'

2018-05-15 13:40:24 - [TEST_STEP][PASSED] - delay: Delayed 2 second(s)

2018-05-15 13:40:26 - [MESSAGE][PASSED] - Delayed 2 second(s)

2018-05-15 13:40:26 - [TEST_STEP][PASSED] - Statement - RequestedQty = com.kms.katalon.core.webui.keyword.WebUiBuiltInKeywords.getAttribute(com.kms.katalon.core.testobject.ObjectRepository.findTestObject(Emergency/Page_Store/input_txttotal), "value"): Attribute 'value' of object 'Object Repository/Emergency/Page_Store/input_txttotal' is: '10'

2018-05-15 13:40:26 - [MESSAGE][PASSED] - Attribute 'value' of object 'Object Repository/Emergency/Page_Store/input_txttotal' is: '10'

2018-05-15 13:40:26 - [TEST_STEP][PASSED] - Statement - out.println("Requested QTY : " + RequestedQty): null

2018-05-15 13:40:26 - [TEST_STEP][PASSED] - Statement - BatchNumber = com.kms.katalon.core.webui.keyword.WebUiBuiltInKeywords.getNumberOfTotalOption(com.kms.katalon.core.testobject.ObjectRepository.findTestObject(Emergency/Page_Store/select_--Select--BA1150BA4110)): 3 options of object 'Object Repository/Emergency/Page_Store/select_--Select--BA1150BA4110' counted

2018-05-15 13:40:26 - [MESSAGE][PASSED] - 3 options of object 'Object Repository/Emergency/Page_Store/select_--Select--BA1150BA4110' counted

2018-05-15 13:40:26 - [TEST_STEP][PASSED] - Statement - out.println("Batch : " + BatchNumber): null

2018-05-15 13:40:26 - [TEST_STEP][PASSED] - Statement - For ([g = 1, g <= BatchNumber - 1, (g++)]): null

2018-05-15 13:40:26 - [TEST_STEP][PASSED] - selectOptionByIndex: All options with index in [1] are selected on object 'Object Repository/Emergency/Page_Store/select_--Select--BA1150BA4110'

2018-05-15 13:40:26 - [MESSAGE][PASSED] - All options with index in [1] are selected on object 'Object Repository/Emergency/Page_Store/select_--Select--BA1150BA4110'

2018-05-15 13:40:26 - [TEST_STEP][PASSED] - delay: Delayed 2 second(s)

2018-05-15 13:40:28 - [MESSAGE][PASSED] - Delayed 2 second(s)

2018-05-15 13:40:28 - [TEST_STEP][PASSED] - Statement - StockQty = com.kms.katalon.core.webui.keyword.WebUiBuiltInKeywords.getAttribute(com.kms.katalon.core.testobject.ObjectRepository.findTestObject(Emergency/Page_Store/input_txtprice), "value"): Attribute 'value' of object 'Object Repository/Emergency/Page_Store/input_txtprice' is: '1917'

2018-05-15 13:40:28 - [MESSAGE][PASSED] - Attribute 'value' of object 'Object Repository/Emergency/Page_Store/input_txtprice' is: '1917'

2018-05-15 13:40:28 - [TEST_STEP][PASSED] - Statement - out.println("Stock QTY : " + StockQty): null

2018-05-15 13:40:28 - [TEST_STEP][PASSED] - delay: Delayed 2 second(s)

2018-05-15 13:40:30 - [MESSAGE][PASSED] - Delayed 2 second(s)

2018-05-15 13:40:30 - [TEST_STEP][PASSED] - Statement - If (java.lang.Integer.valueOf(StockQty) >= java.lang.Integer.valueOf(RequestedQty)): null

2018-05-15 13:40:30 - [TEST_STEP][PASSED] - delay: Delayed 1 second(s)

2018-05-15 13:40:31 - [MESSAGE][PASSED] - Delayed 1 second(s)

2018-05-15 13:40:31 - [TEST_STEP][PASSED] - setText: Text '10' is set on object 'Object Repository/Emergency/Page_Store/input_txtqty'

2018-05-15 13:40:31 - [MESSAGE][PASSED] - Text '10' is set on object 'Object Repository/Emergency/Page_Store/input_txtqty'

2018-05-15 13:40:31 - [TEST_STEP][PASSED] - click: Object: 'Object Repository/Emergency/Page_Store/button_Add' is clicked on

2018-05-15 13:40:31 - [MESSAGE][PASSED] - Object: 'Object Repository/Emergency/Page_Store/button_Add' is clicked on

2018-05-15 13:40:31 - [TEST_STEP][PASSED] - Statement - Break: null

2018-05-15 13:40:31 - [TEST_STEP][PASSED] - selectOptionByIndex: All options with index in [3] are selected on object 'Object Repository/Emergency/Page_Store/select_--Select--Amikacin -500'

2018-05-15 13:40:32 - [MESSAGE][PASSED] - All options with index in [3] are selected on object 'Object Repository/Emergency/Page_Store/select_--Select--Amikacin -500'

2018-05-15 13:40:32 - [TEST_STEP][PASSED] - delay: Delayed 2 second(s)

2018-05-15 13:40:34 - [MESSAGE][PASSED] - Delayed 2 second(s)

2018-05-15 13:40:34 - [TEST_STEP][PASSED] - Statement - RequestedQty = com.kms.katalon.core.webui.keyword.WebUiBuiltInKeywords.getAttribute(com.kms.katalon.core.testobject.ObjectRepository.findTestObject(Emergency/Page_Store/input_txttotal), "value"): Attribute 'value' of object 'Object Repository/Emergency/Page_Store/input_txttotal' is: '10'

2018-05-15 13:40:34 - [MESSAGE][PASSED] - Attribute 'value' of object 'Object Repository/Emergency/Page_Store/input_txttotal' is: '10'

2018-05-15 13:40:34 - [TEST_STEP][PASSED] - Statement - out.println("Requested QTY : " + RequestedQty): null

2018-05-15 13:40:34 - [TEST_STEP][PASSED] - Statement - BatchNumber = com.kms.katalon.core.webui.keyword.WebUiBuiltInKeywords.getNumberOfTotalOption(com.kms.katalon.core.testobject.ObjectRepository.findTestObject(Emergency/Page_Store/select_--Select--BA1150BA4110)): 2 options of object 'Object Repository/Emergency/Page_Store/select_--Select--BA1150BA4110' counted

2018-05-15 13:40:34 - [MESSAGE][PASSED] - 2 options of object 'Object Repository/Emergency/Page_Store/select_--Select--BA1150BA4110' counted

2018-05-15 13:40:34 - [TEST_STEP][PASSED] - Statement - out.println("Batch : " + BatchNumber): null

2018-05-15 13:40:34 - [TEST_STEP][PASSED] - Statement - For ([g = 1, g <= BatchNumber - 1, (g++)]): null

2018-05-15 13:40:34 - [TEST_STEP][PASSED] - selectOptionByIndex: All options with index in [1] are selected on object 'Object Repository/Emergency/Page_Store/select_--Select--BA1150BA4110'

2018-05-15 13:40:34 - [MESSAGE][PASSED] - All options with index in [1] are selected on object 'Object Repository/Emergency/Page_Store/select_--Select--BA1150BA4110'

2018-05-15 13:40:34 - [TEST_STEP][PASSED] - delay: Delayed 2 second(s)

2018-05-15 13:40:36 - [MESSAGE][PASSED] - Delayed 2 second(s)

2018-05-15 13:40:36 - [TEST_STEP][PASSED] - Statement - StockQty = com.kms.katalon.core.webui.keyword.WebUiBuiltInKeywords.getAttribute(com.kms.katalon.core.testobject.ObjectRepository.findTestObject(Emergency/Page_Store/input_txtprice), "value"): Attribute 'value' of object 'Object Repository/Emergency/Page_Store/input_txtprice' is: '2025'

2018-05-15 13:40:36 - [MESSAGE][PASSED] - Attribute 'value' of object 'Object Repository/Emergency/Page_Store/input_txtprice' is: '2025'

2018-05-15 13:40:36 - [TEST_STEP][PASSED] - Statement - out.println("Stock QTY : " + StockQty): null

2018-05-15 13:40:36 - [TEST_STEP][PASSED] - delay: Delayed 2 second(s)

2018-05-15 13:40:38 - [MESSAGE][PASSED] - Delayed 2 second(s)

2018-05-15 13:40:38 - [TEST_STEP][PASSED] - Statement - If (java.lang.Integer.valueOf(StockQty) >= java.lang.Integer.valueOf(RequestedQty)): null

2018-05-15 13:40:38 - [TEST_STEP][PASSED] - delay: Delayed 1 second(s)

2018-05-15 13:40:39 - [MESSAGE][PASSED] - Delayed 1 second(s)

2018-05-15 13:40:39 - [TEST_STEP][PASSED] - setText: Text '10' is set on object 'Object Repository/Emergency/Page_Store/input_txtqty'

2018-05-15 13:40:39 - [MESSAGE][PASSED] - Text '10' is set on object 'Object Repository/Emergency/Page_Store/input_txtqty'

2018-05-15 13:40:39 - [TEST_STEP][PASSED] - click: Object: 'Object Repository/Emergency/Page_Store/button_Add' is clicked on

2018-05-15 13:40:39 - [MESSAGE][PASSED] - Object: 'Object Repository/Emergency/Page_Store/button_Add' is clicked on

2018-05-15 13:40:39 - [TEST_STEP][PASSED] - Statement - Break: null

2018-05-15 13:40:39 - [TEST_STEP][PASSED] - selectOptionByIndex: All options with index in [4] are selected on object 'Object Repository/Emergency/Page_Store/select_--Select--Amikacin -500'

2018-05-15 13:40:39 - [MESSAGE][PASSED] - All options with index in [4] are selected on object 'Object Repository/Emergency/Page_Store/select_--Select--Amikacin -500'

2018-05-15 13:40:39 - [TEST_STEP][PASSED] - delay: Delayed 2 second(s)

2018-05-15 13:40:41 - [MESSAGE][PASSED] - Delayed 2 second(s)

2018-05-15 13:40:41 - [TEST_STEP][PASSED] - Statement - RequestedQty = com.kms.katalon.core.webui.keyword.WebUiBuiltInKeywords.getAttribute(com.kms.katalon.core.testobject.ObjectRepository.findTestObject(Emergency/Page_Store/input_txttotal), "value"): Attribute 'value' of object 'Object Repository/Emergency/Page_Store/input_txttotal' is: '10'

2018-05-15 13:40:41 - [MESSAGE][PASSED] - Attribute 'value' of object 'Object Repository/Emergency/Page_Store/input_txttotal' is: '10'

2018-05-15 13:40:41 - [TEST_STEP][PASSED] - Statement - out.println("Requested QTY : " + RequestedQty): null

2018-05-15 13:40:41 - [TEST_STEP][PASSED] - Statement - BatchNumber = com.kms.katalon.core.webui.keyword.WebUiBuiltInKeywords.getNumberOfTotalOption(com.kms.katalon.core.testobject.ObjectRepository.findTestObject(Emergency/Page_Store/select_--Select--BA1150BA4110)): 2 options of object 'Object Repository/Emergency/Page_Store/select_--Select--BA1150BA4110' counted

2018-05-15 13:40:41 - [MESSAGE][PASSED] - 2 options of object 'Object Repository/Emergency/Page_Store/select_--Select--BA1150BA4110' counted

2018-05-15 13:40:41 - [TEST_STEP][PASSED] - Statement - out.println("Batch : " + BatchNumber): null

2018-05-15 13:40:41 - [TEST_STEP][PASSED] - Statement - For ([g = 1, g <= BatchNumber - 1, (g++)]): null

2018-05-15 13:40:41 - [TEST_STEP][PASSED] - selectOptionByIndex: All options with index in [1] are selected on object 'Object Repository/Emergency/Page_Store/select_--Select--BA1150BA4110'

2018-05-15 13:40:41 - [MESSAGE][PASSED] - All options with index in [1] are selected on object 'Object Repository/Emergency/Page_Store/select_--Select--BA1150BA4110'

2018-05-15 13:40:41 - [TEST_STEP][PASSED] - delay: Delayed 2 second(s)

2018-05-15 13:40:43 - [MESSAGE][PASSED] - Delayed 2 second(s)

2018-05-15 13:40:43 - [TEST_STEP][PASSED] - Statement - StockQty = com.kms.katalon.core.webui.keyword.WebUiBuiltInKeywords.getAttribute(com.kms.katalon.core.testobject.ObjectRepository.findTestObject(Emergency/Page_Store/input_txtprice), "value"): Attribute 'value' of object 'Object Repository/Emergency/Page_Store/input_txtprice' is: '2025'

2018-05-15 13:40:43 - [MESSAGE][PASSED] - Attribute 'value' of object 'Object Repository/Emergency/Page_Store/input_txtprice' is: '2025'

2018-05-15 13:40:43 - [TEST_STEP][PASSED] - Statement - out.println("Stock QTY : " + StockQty): null

2018-05-15 13:40:43 - [TEST_STEP][PASSED] - delay: Delayed 2 second(s)

2018-05-15 13:40:45 - [MESSAGE][PASSED] - Delayed 2 second(s)

2018-05-15 13:40:45 - [TEST_STEP][PASSED] - Statement - If (java.lang.Integer.valueOf(StockQty) >= java.lang.Integer.valueOf(RequestedQty)): null

2018-05-15 13:40:45 - [TEST_STEP][PASSED] - delay: Delayed 1 second(s)

2018-05-15 13:40:46 - [MESSAGE][PASSED] - Delayed 1 second(s)

2018-05-15 13:40:46 - [TEST_STEP][PASSED] - setText: Text '10' is set on object 'Object Repository/Emergency/Page_Store/input_txtqty'

2018-05-15 13:40:46 - [MESSAGE][PASSED] - Text '10' is set on object 'Object Repository/Emergency/Page_Store/input_txtqty'

2018-05-15 13:40:46 - [TEST_STEP][PASSED] - click: Object: 'Object Repository/Emergency/Page_Store/button_Add' is clicked on

2018-05-15 13:40:47 - [MESSAGE][PASSED] - Object: 'Object Repository/Emergency/Page_Store/button_Add' is clicked on

2018-05-15 13:40:47 - [TEST_STEP][PASSED] - Statement - Break: null

2018-05-15 13:40:47 - [TEST_STEP][PASSED] - selectOptionByIndex: All options with index in [5] are selected on object 'Object Repository/Emergency/Page_Store/select_--Select--Amikacin -500'

2018-05-15 13:40:47 - [MESSAGE][PASSED] - All options with index in [5] are selected on object 'Object Repository/Emergency/Page_Store/select_--Select--Amikacin -500'

2018-05-15 13:40:47 - [TEST_STEP][PASSED] - delay: Delayed 2 second(s)

2018-05-15 13:40:49 - [MESSAGE][PASSED] - Delayed 2 second(s)

2018-05-15 13:40:49 - [TEST_STEP][PASSED] - Statement - RequestedQty = com.kms.katalon.core.webui.keyword.WebUiBuiltInKeywords.getAttribute(com.kms.katalon.core.testobject.ObjectRepository.findTestObject(Emergency/Page_Store/input_txttotal), "value"): Attribute 'value' of object 'Object Repository/Emergency/Page_Store/input_txttotal' is: '10'

2018-05-15 13:40:49 - [MESSAGE][PASSED] - Attribute 'value' of object 'Object Repository/Emergency/Page_Store/input_txttotal' is: '10'

2018-05-15 13:40:49 - [TEST_STEP][PASSED] - Statement - out.println("Requested QTY : " + RequestedQty): null

2018-05-15 13:40:49 - [TEST_STEP][PASSED] - Statement - BatchNumber = com.kms.katalon.core.webui.keyword.WebUiBuiltInKeywords.getNumberOfTotalOption(com.kms.katalon.core.testobject.ObjectRepository.findTestObject(Emergency/Page_Store/select_--Select--BA1150BA4110)): 2 options of object 'Object Repository/Emergency/Page_Store/select_--Select--BA1150BA4110' counted

2018-05-15 13:40:49 - [MESSAGE][PASSED] - 2 options of object 'Object Repository/Emergency/Page_Store/select_--Select--BA1150BA4110' counted

2018-05-15 13:40:49 - [TEST_STEP][PASSED] - Statement - out.println("Batch : " + BatchNumber): null

2018-05-15 13:40:49 - [TEST_STEP][PASSED] - Statement - For ([g = 1, g <= BatchNumber - 1, (g++)]): null

2018-05-15 13:40:49 - [TEST_STEP][PASSED] - selectOptionByIndex: All options with index in [1] are selected on object 'Object Repository/Emergency/Page_Store/select_--Select--BA1150BA4110'

2018-05-15 13:40:49 - [MESSAGE][PASSED] - All options with index in [1] are selected on object 'Object Repository/Emergency/Page_Store/select_--Select--BA1150BA4110'

2018-05-15 13:40:49 - [TEST_STEP][PASSED] - delay: Delayed 2 second(s)

2018-05-15 13:40:51 - [MESSAGE][PASSED] - Delayed 2 second(s)

2018-05-15 13:40:51 - [TEST_STEP][PASSED] - Statement - StockQty = com.kms.katalon.core.webui.keyword.WebUiBuiltInKeywords.getAttribute(com.kms.katalon.core.testobject.ObjectRepository.findTestObject(Emergency/Page_Store/input_txtprice), "value"): Attribute 'value' of object 'Object Repository/Emergency/Page_Store/input_txtprice' is: '2025'

2018-05-15 13:40:51 - [MESSAGE][PASSED] - Attribute 'value' of object 'Object Repository/Emergency/Page_Store/input_txtprice' is: '2025'

2018-05-15 13:40:51 - [TEST_STEP][PASSED] - Statement - out.println("Stock QTY : " + StockQty): null

2018-05-15 13:40:51 - [TEST_STEP][PASSED] - delay: Delayed 2 second(s)

2018-05-15 13:40:53 - [MESSAGE][PASSED] - Delayed 2 second(s)

2018-05-15 13:40:53 - [TEST_STEP][PASSED] - Statement - If (java.lang.Integer.valueOf(StockQty) >= java.lang.Integer.valueOf(RequestedQty)): null

2018-05-15 13:40:53 - [TEST_STEP][PASSED] - delay: Delayed 1 second(s)

2018-05-15 13:40:54 - [MESSAGE][PASSED] - Delayed 1 second(s)

2018-05-15 13:40:54 - [TEST_STEP][PASSED] - setText: Text '10' is set on object 'Object Repository/Emergency/Page_Store/input_txtqty'

2018-05-15 13:40:54 - [MESSAGE][PASSED] - Text '10' is set on object 'Object Repository/Emergency/Page_Store/input_txtqty'

2018-05-15 13:40:54 - [TEST_STEP][PASSED] - click: Object: 'Object Repository/Emergency/Page_Store/button_Add' is clicked on

2018-05-15 13:40:54 - [MESSAGE][PASSED] - Object: 'Object Repository/Emergency/Page_Store/button_Add' is clicked on

2018-05-15 13:40:54 - [TEST_STEP][PASSED] - Statement - Break: null

2018-05-15 13:40:54 - [TEST_STEP][PASSED] - selectOptionByIndex: All options with index in [6] are selected on object 'Object Repository/Emergency/Page_Store/select_--Select--Amikacin -500'

2018-05-15 13:40:54 - [MESSAGE][PASSED] - All options with index in [6] are selected on object 'Object Repository/Emergency/Page_Store/select_--Select--Amikacin -500'

2018-05-15 13:40:54 - [TEST_STEP][PASSED] - delay: Delayed 2 second(s)

2018-05-15 13:40:56 - [MESSAGE][PASSED] - Delayed 2 second(s)

2018-05-15 13:40:56 - [TEST_STEP][PASSED] - Statement - RequestedQty = com.kms.katalon.core.webui.keyword.WebUiBuiltInKeywords.getAttribute(com.kms.katalon.core.testobject.ObjectRepository.findTestObject(Emergency/Page_Store/input_txttotal), "value"): Attribute 'value' of object 'Object Repository/Emergency/Page_Store/input_txttotal' is: '10'

2018-05-15 13:40:56 - [MESSAGE][PASSED] - Attribute 'value' of object 'Object Repository/Emergency/Page_Store/input_txttotal' is: '10'

2018-05-15 13:40:56 - [TEST_STEP][PASSED] - Statement - out.println("Requested QTY : " + RequestedQty): null

2018-05-15 13:40:56 - [TEST_STEP][PASSED] - Statement - BatchNumber = com.kms.katalon.core.webui.keyword.WebUiBuiltInKeywords.getNumberOfTotalOption(com.kms.katalon.core.testobject.ObjectRepository.findTestObject(Emergency/Page_Store/select_--Select--BA1150BA4110)): 2 options of object 'Object Repository/Emergency/Page_Store/select_--Select--BA1150BA4110' counted

2018-05-15 13:40:56 - [MESSAGE][PASSED] - 2 options of object 'Object Repository/Emergency/Page_Store/select_--Select--BA1150BA4110' counted

2018-05-15 13:40:56 - [TEST_STEP][PASSED] - Statement - out.println("Batch : " + BatchNumber): null

2018-05-15 13:40:56 - [TEST_STEP][PASSED] - Statement - For ([g = 1, g <= BatchNumber - 1, (g++)]): null

2018-05-15 13:40:56 - [TEST_STEP][PASSED] - selectOptionByIndex: All options with index in [1] are selected on object 'Object Repository/Emergency/Page_Store/select_--Select--BA1150BA4110'

2018-05-15 13:40:56 - [MESSAGE][PASSED] - All options with index in [1] are selected on object 'Object Repository/Emergency/Page_Store/select_--Select--BA1150BA4110'

2018-05-15 13:40:56 - [TEST_STEP][PASSED] - delay: Delayed 2 second(s)

2018-05-15 13:40:58 - [MESSAGE][PASSED] - Delayed 2 second(s)

2018-05-15 13:40:58 - [TEST_STEP][PASSED] - Statement - StockQty = com.kms.katalon.core.webui.keyword.WebUiBuiltInKeywords.getAttribute(com.kms.katalon.core.testobject.ObjectRepository.findTestObject(Emergency/Page_Store/input_txtprice), "value"): Attribute 'value' of object 'Object Repository/Emergency/Page_Store/input_txtprice' is: '2070'

2018-05-15 13:40:59 - [MESSAGE][PASSED] - Attribute 'value' of object 'Object Repository/Emergency/Page_Store/input_txtprice' is: '2070'

2018-05-15 13:40:59 - [TEST_STEP][PASSED] - Statement - out.println("Stock QTY : " + StockQty): null

2018-05-15 13:40:59 - [TEST_STEP][PASSED] - delay: Delayed 2 second(s)

2018-05-15 13:41:01 - [MESSAGE][PASSED] - Delayed 2 second(s)

2018-05-15 13:41:01 - [TEST_STEP][PASSED] - Statement - If (java.lang.Integer.valueOf(StockQty) >= java.lang.Integer.valueOf(RequestedQty)): null

2018-05-15 13:41:01 - [TEST_STEP][PASSED] - delay: Delayed 1 second(s)

2018-05-15 13:41:02 - [MESSAGE][PASSED] - Delayed 1 second(s)

2018-05-15 13:41:02 - [TEST_STEP][PASSED] - setText: Text '10' is set on object 'Object Repository/Emergency/Page_Store/input_txtqty'

2018-05-15 13:41:02 - [MESSAGE][PASSED] - Text '10' is set on object 'Object Repository/Emergency/Page_Store/input_txtqty'

2018-05-15 13:41:02 - [TEST_STEP][PASSED] - click: Object: 'Object Repository/Emergency/Page_Store/button_Add' is clicked on

2018-05-15 13:41:02 - [MESSAGE][PASSED] - Object: 'Object Repository/Emergency/Page_Store/button_Add' is clicked on

2018-05-15 13:41:02 - [TEST_STEP][PASSED] - Statement - Break: null

2018-05-15 13:41:02 - [TEST_STEP][PASSED] - selectOptionByIndex: All options with index in [7] are selected on object 'Object Repository/Emergency/Page_Store/select_--Select--Amikacin -500'

2018-05-15 13:41:02 - [MESSAGE][PASSED] - All options with index in [7] are selected on object 'Object Repository/Emergency/Page_Store/select_--Select--Amikacin -500'

2018-05-15 13:41:02 - [TEST_STEP][PASSED] - delay: Delayed 2 second(s)

2018-05-15 13:41:04 - [MESSAGE][PASSED] - Delayed 2 second(s)

2018-05-15 13:41:04 - [TEST_STEP][PASSED] - Statement - RequestedQty = com.kms.katalon.core.webui.keyword.WebUiBuiltInKeywords.getAttribute(com.kms.katalon.core.testobject.ObjectRepository.findTestObject(Emergency/Page_Store/input_txttotal), "value"): Attribute 'value' of object 'Object Repository/Emergency/Page_Store/input_txttotal' is: '10'

2018-05-15 13:41:04 - [MESSAGE][PASSED] - Attribute 'value' of object 'Object Repository/Emergency/Page_Store/input_txttotal' is: '10'

2018-05-15 13:41:04 - [TEST_STEP][PASSED] - Statement - out.println("Requested QTY : " + RequestedQty): null

2018-05-15 13:41:04 - [TEST_STEP][PASSED] - Statement - BatchNumber = com.kms.katalon.core.webui.keyword.WebUiBuiltInKeywords.getNumberOfTotalOption(com.kms.katalon.core.testobject.ObjectRepository.findTestObject(Emergency/Page_Store/select_--Select--BA1150BA4110)): 4 options of object 'Object Repository/Emergency/Page_Store/select_--Select--BA1150BA4110' counted

2018-05-15 13:41:04 - [MESSAGE][PASSED] - 4 options of object 'Object Repository/Emergency/Page_Store/select_--Select--BA1150BA4110' counted

2018-05-15 13:41:04 - [TEST_STEP][PASSED] - Statement - out.println("Batch : " + BatchNumber): null

2018-05-15 13:41:04 - [TEST_STEP][PASSED] - Statement - For ([g = 1, g <= BatchNumber - 1, (g++)]): null

2018-05-15 13:41:04 - [TEST_STEP][PASSED] - selectOptionByIndex: All options with index in [1] are selected on object 'Object Repository/Emergency/Page_Store/select_--Select--BA1150BA4110'

2018-05-15 13:41:04 - [MESSAGE][PASSED] - All options with index in [1] are selected on object 'Object Repository/Emergency/Page_Store/select_--Select--BA1150BA4110'

2018-05-15 13:41:04 - [TEST_STEP][PASSED] - delay: Delayed 2 second(s)

2018-05-15 13:41:06 - [MESSAGE][PASSED] - Delayed 2 second(s)

2018-05-15 13:41:06 - [TEST_STEP][PASSED] - Statement - StockQty = com.kms.katalon.core.webui.keyword.WebUiBuiltInKeywords.getAttribute(com.kms.katalon.core.testobject.ObjectRepository.findTestObject(Emergency/Page_Store/input_txtprice), "value"): Attribute 'value' of object 'Object Repository/Emergency/Page_Store/input_txtprice' is: '4'

2018-05-15 13:41:06 - [MESSAGE][PASSED] - Attribute 'value' of object 'Object Repository/Emergency/Page_Store/input_txtprice' is: '4'

2018-05-15 13:41:06 - [TEST_STEP][PASSED] - Statement - out.println("Stock QTY : " + StockQty): null

2018-05-15 13:41:06 - [TEST_STEP][PASSED] - delay: Delayed 2 second(s)

2018-05-15 13:41:08 - [MESSAGE][PASSED] - Delayed 2 second(s)

2018-05-15 13:41:08 - [TEST_STEP][PASSED] - Statement - If (java.lang.Integer.valueOf(StockQty) >= java.lang.Integer.valueOf(RequestedQty)): null

2018-05-15 13:41:08 - [TEST_STEP][PASSED] - Statement - Else: null

2018-05-15 13:41:08 - [TEST_STEP][PASSED] - Statement - out.println("Stock Is Less Than Requested Qty"): null

2018-05-15 13:41:08 - [TEST_STEP][PASSED] - selectOptionByIndex: All options with index in [2] are selected on object 'Object Repository/Emergency/Page_Store/select_--Select--BA1150BA4110'

2018-05-15 13:41:08 - [MESSAGE][PASSED] - All options with index in [2] are selected on object 'Object Repository/Emergency/Page_Store/select_--Select--BA1150BA4110'

2018-05-15 13:41:08 - [TEST_STEP][PASSED] - delay: Delayed 2 second(s)

2018-05-15 13:41:10 - [MESSAGE][PASSED] - Delayed 2 second(s)

2018-05-15 13:41:10 - [TEST_STEP][PASSED] - Statement - StockQty = com.kms.katalon.core.webui.keyword.WebUiBuiltInKeywords.getAttribute(com.kms.katalon.core.testobject.ObjectRepository.findTestObject(Emergency/Page_Store/input_txtprice), "value"): Attribute 'value' of object 'Object Repository/Emergency/Page_Store/input_txtprice' is: '1929'

2018-05-15 13:41:10 - [MESSAGE][PASSED] - Attribute 'value' of object 'Object Repository/Emergency/Page_Store/input_txtprice' is: '1929'

2018-05-15 13:41:10 - [TEST_STEP][PASSED] - Statement - out.println("Stock QTY : " + StockQty): null

2018-05-15 13:41:10 - [TEST_STEP][PASSED] - delay: Delayed 2 second(s)

2018-05-15 13:41:12 - [MESSAGE][PASSED] - Delayed 2 second(s)

2018-05-15 13:41:12 - [TEST_STEP][PASSED] - Statement - If (java.lang.Integer.valueOf(StockQty) >= java.lang.Integer.valueOf(RequestedQty)): null

2018-05-15 13:41:12 - [TEST_STEP][PASSED] - delay: Delayed 1 second(s)

2018-05-15 13:41:13 - [MESSAGE][PASSED] - Delayed 1 second(s)

2018-05-15 13:41:13 - [TEST_STEP][PASSED] - setText: Text '10' is set on object 'Object Repository/Emergency/Page_Store/input_txtqty'

2018-05-15 13:41:13 - [MESSAGE][PASSED] - Text '10' is set on object 'Object Repository/Emergency/Page_Store/input_txtqty'

2018-05-15 13:41:13 - [TEST_STEP][PASSED] - click: Object: 'Object Repository/Emergency/Page_Store/button_Add' is clicked on

2018-05-15 13:41:13 - [MESSAGE][PASSED] - Object: 'Object Repository/Emergency/Page_Store/button_Add' is clicked on

2018-05-15 13:41:13 - [TEST_STEP][PASSED] - Statement - Break: null

2018-05-15 13:41:13 - [TEST_STEP][PASSED] - selectOptionByIndex: All options with index in [8] are selected on object 'Object Repository/Emergency/Page_Store/select_--Select--Amikacin -500'

2018-05-15 13:41:14 - [MESSAGE][PASSED] - All options with index in [8] are selected on object 'Object Repository/Emergency/Page_Store/select_--Select--Amikacin -500'

2018-05-15 13:41:14 - [TEST_STEP][PASSED] - delay: Delayed 2 second(s)

2018-05-15 13:41:16 - [MESSAGE][PASSED] - Delayed 2 second(s)

2018-05-15 13:41:16 - [TEST_STEP][PASSED] - Statement - RequestedQty = com.kms.katalon.core.webui.keyword.WebUiBuiltInKeywords.getAttribute(com.kms.katalon.core.testobject.ObjectRepository.findTestObject(Emergency/Page_Store/input_txttotal), "value"): Attribute 'value' of object 'Object Repository/Emergency/Page_Store/input_txttotal' is: '10'

2018-05-15 13:41:16 - [MESSAGE][PASSED] - Attribute 'value' of object 'Object Repository/Emergency/Page_Store/input_txttotal' is: '10'

2018-05-15 13:41:16 - [TEST_STEP][PASSED] - Statement - out.println("Requested QTY : " + RequestedQty): null

2018-05-15 13:41:16 - [TEST_STEP][PASSED] - Statement - BatchNumber = com.kms.katalon.core.webui.keyword.WebUiBuiltInKeywords.getNumberOfTotalOption(com.kms.katalon.core.testobject.ObjectRepository.findTestObject(Emergency/Page_Store/select_--Select--BA1150BA4110)): 2 options of object 'Object Repository/Emergency/Page_Store/select_--Select--BA1150BA4110' counted

2018-05-15 13:41:16 - [MESSAGE][PASSED] - 2 options of object 'Object Repository/Emergency/Page_Store/select_--Select--BA1150BA4110' counted

2018-05-15 13:41:16 - [TEST_STEP][PASSED] - Statement - out.println("Batch : " + BatchNumber): null

2018-05-15 13:41:16 - [TEST_STEP][PASSED] - Statement - For ([g = 1, g <= BatchNumber - 1, (g++)]): null

2018-05-15 13:41:16 - [TEST_STEP][PASSED] - selectOptionByIndex: All options with index in [1] are selected on object 'Object Repository/Emergency/Page_Store/select_--Select--BA1150BA4110'

2018-05-15 13:41:16 - [MESSAGE][PASSED] - All options with index in [1] are selected on object 'Object Repository/Emergency/Page_Store/select_--Select--BA1150BA4110'

2018-05-15 13:41:16 - [TEST_STEP][PASSED] - delay: Delayed 2 second(s)

2018-05-15 13:41:18 - [MESSAGE][PASSED] - Delayed 2 second(s)

2018-05-15 13:41:18 - [TEST_STEP][PASSED] - Statement - StockQty = com.kms.katalon.core.webui.keyword.WebUiBuiltInKeywords.getAttribute(com.kms.katalon.core.testobject.ObjectRepository.findTestObject(Emergency/Page_Store/input_txtprice), "value"): Attribute 'value' of object 'Object Repository/Emergency/Page_Store/input_txtprice' is: '1968'

2018-05-15 13:41:18 - [MESSAGE][PASSED] - Attribute 'value' of object 'Object Repository/Emergency/Page_Store/input_txtprice' is: '1968'

2018-05-15 13:41:18 - [TEST_STEP][PASSED] - Statement - out.println("Stock QTY : " + StockQty): null

2018-05-15 13:41:18 - [TEST_STEP][PASSED] - delay: Delayed 2 second(s)

2018-05-15 13:41:20 - [MESSAGE][PASSED] - Delayed 2 second(s)

2018-05-15 13:41:20 - [TEST_STEP][PASSED] - Statement - If (java.lang.Integer.valueOf(StockQty) >= java.lang.Integer.valueOf(RequestedQty)): null

2018-05-15 13:41:20 - [TEST_STEP][PASSED] - delay: Delayed 1 second(s)

2018-05-15 13:41:21 - [MESSAGE][PASSED] - Delayed 1 second(s)

2018-05-15 13:41:21 - [TEST_STEP][PASSED] - setText: Text '10' is set on object 'Object Repository/Emergency/Page_Store/input_txtqty'

2018-05-15 13:41:21 - [MESSAGE][PASSED] - Text '10' is set on object 'Object Repository/Emergency/Page_Store/input_txtqty'

2018-05-15 13:41:21 - [TEST_STEP][PASSED] - click: Object: 'Object Repository/Emergency/Page_Store/button_Add' is clicked on

2018-05-15 13:41:21 - [MESSAGE][PASSED] - Object: 'Object Repository/Emergency/Page_Store/button_Add' is clicked on

2018-05-15 13:41:21 - [TEST_STEP][PASSED] - Statement - Break: null

2018-05-15 13:41:21 - [TEST_STEP][PASSED] - selectOptionByIndex: All options with index in [9] are selected on object 'Object Repository/Emergency/Page_Store/select_--Select--Amikacin -500'

2018-05-15 13:41:21 - [MESSAGE][PASSED] - All options with index in [9] are selected on object 'Object Repository/Emergency/Page_Store/select_--Select--Amikacin -500'

2018-05-15 13:41:21 - [TEST_STEP][PASSED] - delay: Delayed 2 second(s)

2018-05-15 13:41:23 - [MESSAGE][PASSED] - Delayed 2 second(s)

2018-05-15 13:41:23 - [TEST_STEP][PASSED] - Statement - RequestedQty = com.kms.katalon.core.webui.keyword.WebUiBuiltInKeywords.getAttribute(com.kms.katalon.core.testobject.ObjectRepository.findTestObject(Emergency/Page_Store/input_txttotal), "value"): Attribute 'value' of object 'Object Repository/Emergency/Page_Store/input_txttotal' is: '10'

2018-05-15 13:41:23 - [MESSAGE][PASSED] - Attribute 'value' of object 'Object Repository/Emergency/Page_Store/input_txttotal' is: '10'

2018-05-15 13:41:23 - [TEST_STEP][PASSED] - Statement - out.println("Requested QTY : " + RequestedQty): null

2018-05-15 13:41:23 - [TEST_STEP][PASSED] - Statement - BatchNumber = com.kms.katalon.core.webui.keyword.WebUiBuiltInKeywords.getNumberOfTotalOption(com.kms.katalon.core.testobject.ObjectRepository.findTestObject(Emergency/Page_Store/select_--Select--BA1150BA4110)): 2 options of object 'Object Repository/Emergency/Page_Store/select_--Select--BA1150BA4110' counted

2018-05-15 13:41:23 - [MESSAGE][PASSED] - 2 options of object 'Object Repository/Emergency/Page_Store/select_--Select--BA1150BA4110' counted

2018-05-15 13:41:23 - [TEST_STEP][PASSED] - Statement - out.println("Batch : " + BatchNumber): null

2018-05-15 13:41:23 - [TEST_STEP][PASSED] - Statement - For ([g = 1, g <= BatchNumber - 1, (g++)]): null

2018-05-15 13:41:23 - [TEST_STEP][PASSED] - selectOptionByIndex: All options with index in [1] are selected on object 'Object Repository/Emergency/Page_Store/select_--Select--BA1150BA4110'

2018-05-15 13:41:23 - [MESSAGE][PASSED] - All options with index in [1] are selected on object 'Object Repository/Emergency/Page_Store/select_--Select--BA1150BA4110'

2018-05-15 13:41:23 - [TEST_STEP][PASSED] - delay: Delayed 2 second(s)

2018-05-15 13:41:25 - [MESSAGE][PASSED] - Delayed 2 second(s)

2018-05-15 13:41:25 - [TEST_STEP][PASSED] - Statement - StockQty = com.kms.katalon.core.webui.keyword.WebUiBuiltInKeywords.getAttribute(com.kms.katalon.core.testobject.ObjectRepository.findTestObject(Emergency/Page_Store/input_txtprice), "value"): Attribute 'value' of object 'Object Repository/Emergency/Page_Store/input_txtprice' is: '1940'

2018-05-15 13:41:26 - [MESSAGE][PASSED] - Attribute 'value' of object 'Object Repository/Emergency/Page_Store/input_txtprice' is: '1940'

2018-05-15 13:41:26 - [TEST_STEP][PASSED] - Statement - out.println("Stock QTY : " + StockQty): null

2018-05-15 13:41:26 - [TEST_STEP][PASSED] - delay: Delayed 2 second(s)

2018-05-15 13:41:28 - [MESSAGE][PASSED] - Delayed 2 second(s)

2018-05-15 13:41:28 - [TEST_STEP][PASSED] - Statement - If (java.lang.Integer.valueOf(StockQty) >= java.lang.Integer.valueOf(RequestedQty)): null

2018-05-15 13:41:28 - [TEST_STEP][PASSED] - delay: Delayed 1 second(s)

2018-05-15 13:41:29 - [MESSAGE][PASSED] - Delayed 1 second(s)

2018-05-15 13:41:29 - [TEST_STEP][PASSED] - setText: Text '10' is set on object 'Object Repository/Emergency/Page_Store/input_txtqty'

2018-05-15 13:41:29 - [MESSAGE][PASSED] - Text '10' is set on object 'Object Repository/Emergency/Page_Store/input_txtqty'

2018-05-15 13:41:29 - [TEST_STEP][PASSED] - click: Object: 'Object Repository/Emergency/Page_Store/button_Add' is clicked on

2018-05-15 13:41:29 - [MESSAGE][PASSED] - Object: 'Object Repository/Emergency/Page_Store/button_Add' is clicked on

2018-05-15 13:41:29 - [TEST_STEP][PASSED] - Statement - Break: null

2018-05-15 13:41:29 - [TEST_STEP][PASSED] - selectOptionByIndex: All options with index in [10] are selected on object 'Object Repository/Emergency/Page_Store/select_--Select--Amikacin -500'

2018-05-15 13:41:29 - [MESSAGE][PASSED] - All options with index in [10] are selected on object 'Object Repository/Emergency/Page_Store/select_--Select--Amikacin -500'

2018-05-15 13:41:29 - [TEST_STEP][PASSED] - delay: Delayed 2 second(s)

2018-05-15 13:41:31 - [MESSAGE][PASSED] - Delayed 2 second(s)

2018-05-15 13:41:31 - [TEST_STEP][PASSED] - Statement - RequestedQty = com.kms.katalon.core.webui.keyword.WebUiBuiltInKeywords.getAttribute(com.kms.katalon.core.testobject.ObjectRepository.findTestObject(Emergency/Page_Store/input_txttotal), "value"): Attribute 'value' of object 'Object Repository/Emergency/Page_Store/input_txttotal' is: '10'

2018-05-15 13:41:31 - [MESSAGE][PASSED] - Attribute 'value' of object 'Object Repository/Emergency/Page_Store/input_txttotal' is: '10'

2018-05-15 13:41:31 - [TEST_STEP][PASSED] - Statement - out.println("Requested QTY : " + RequestedQty): null

2018-05-15 13:41:31 - [TEST_STEP][PASSED] - Statement - BatchNumber = com.kms.katalon.core.webui.keyword.WebUiBuiltInKeywords.getNumberOfTotalOption(com.kms.katalon.core.testobject.ObjectRepository.findTestObject(Emergency/Page_Store/select_--Select--BA1150BA4110)): 2 options of object 'Object Repository/Emergency/Page_Store/select_--Select--BA1150BA4110' counted

2018-05-15 13:41:31 - [MESSAGE][PASSED] - 2 options of object 'Object Repository/Emergency/Page_Store/select_--Select--BA1150BA4110' counted

2018-05-15 13:41:31 - [TEST_STEP][PASSED] - Statement - out.println("Batch : " + BatchNumber): null

2018-05-15 13:41:31 - [TEST_STEP][PASSED] - Statement - For ([g = 1, g <= BatchNumber - 1, (g++)]): null

2018-05-15 13:41:31 - [TEST_STEP][PASSED] - selectOptionByIndex: All options with index in [1] are selected on object 'Object Repository/Emergency/Page_Store/select_--Select--BA1150BA4110'

2018-05-15 13:41:31 - [MESSAGE][PASSED] - All options with index in [1] are selected on object 'Object Repository/Emergency/Page_Store/select_--Select--BA1150BA4110'

2018-05-15 13:41:31 - [TEST_STEP][PASSED] - delay: Delayed 2 second(s)

2018-05-15 13:41:33 - [MESSAGE][PASSED] - Delayed 2 second(s)

2018-05-15 13:41:33 - [TEST_STEP][PASSED] - Statement - StockQty = com.kms.katalon.core.webui.keyword.WebUiBuiltInKeywords.getAttribute(com.kms.katalon.core.testobject.ObjectRepository.findTestObject(Emergency/Page_Store/input_txtprice), "value"): Attribute 'value' of object 'Object Repository/Emergency/Page_Store/input_txtprice' is: '2025'

2018-05-15 13:41:33 - [MESSAGE][PASSED] - Attribute 'value' of object 'Object Repository/Emergency/Page_Store/input_txtprice' is: '2025'

2018-05-15 13:41:33 - [TEST_STEP][PASSED] - Statement - out.println("Stock QTY : " + StockQty): null

2018-05-15 13:41:33 - [TEST_STEP][PASSED] - delay: Delayed 2 second(s)

2018-05-15 13:41:35 - [MESSAGE][PASSED] - Delayed 2 second(s)

2018-05-15 13:41:35 - [TEST_STEP][PASSED] - Statement - If (java.lang.Integer.valueOf(StockQty) >= java.lang.Integer.valueOf(RequestedQty)): null

2018-05-15 13:41:35 - [TEST_STEP][PASSED] - delay: Delayed 1 second(s)

2018-05-15 13:41:36 - [MESSAGE][PASSED] - Delayed 1 second(s)

2018-05-15 13:41:36 - [TEST_STEP][PASSED] - setText: Text '10' is set on object 'Object Repository/Emergency/Page_Store/input_txtqty'

2018-05-15 13:41:36 - [MESSAGE][PASSED] - Text '10' is set on object 'Object Repository/Emergency/Page_Store/input_txtqty'

2018-05-15 13:41:36 - [TEST_STEP][PASSED] - click: Object: 'Object Repository/Emergency/Page_Store/button_Add' is clicked on

2018-05-15 13:41:36 - [MESSAGE][PASSED] - Object: 'Object Repository/Emergency/Page_Store/button_Add' is clicked on

2018-05-15 13:41:36 - [TEST_STEP][PASSED] - Statement - Break: null

2018-05-15 13:41:36 - [TEST_STEP][PASSED] - selectOptionByIndex: All options with index in [11] are selected on object 'Object Repository/Emergency/Page_Store/select_--Select--Amikacin -500'

2018-05-15 13:41:37 - [MESSAGE][PASSED] - All options with index in [11] are selected on object 'Object Repository/Emergency/Page_Store/select_--Select--Amikacin -500'

2018-05-15 13:41:37 - [TEST_STEP][PASSED] - delay: Delayed 2 second(s)

2018-05-15 13:41:39 - [MESSAGE][PASSED] - Delayed 2 second(s)

2018-05-15 13:41:39 - [TEST_STEP][PASSED] - Statement - RequestedQty = com.kms.katalon.core.webui.keyword.WebUiBuiltInKeywords.getAttribute(com.kms.katalon.core.testobject.ObjectRepository.findTestObject(Emergency/Page_Store/input_txttotal), "value"): Attribute 'value' of object 'Object Repository/Emergency/Page_Store/input_txttotal' is: '10'

2018-05-15 13:41:39 - [MESSAGE][PASSED] - Attribute 'value' of object 'Object Repository/Emergency/Page_Store/input_txttotal' is: '10'

2018-05-15 13:41:39 - [TEST_STEP][PASSED] - Statement - out.println("Requested QTY : " + RequestedQty): null

2018-05-15 13:41:39 - [TEST_STEP][PASSED] - Statement - BatchNumber = com.kms.katalon.core.webui.keyword.WebUiBuiltInKeywords.getNumberOfTotalOption(com.kms.katalon.core.testobject.ObjectRepository.findTestObject(Emergency/Page_Store/select_--Select--BA1150BA4110)): 2 options of object 'Object Repository/Emergency/Page_Store/select_--Select--BA1150BA4110' counted

2018-05-15 13:41:39 - [MESSAGE][PASSED] - 2 options of object 'Object Repository/Emergency/Page_Store/select_--Select--BA1150BA4110' counted

2018-05-15 13:41:39 - [TEST_STEP][PASSED] - Statement - out.println("Batch : " + BatchNumber): null

2018-05-15 13:41:39 - [TEST_STEP][PASSED] - Statement - For ([g = 1, g <= BatchNumber - 1, (g++)]): null

2018-05-15 13:41:39 - [TEST_STEP][PASSED] - selectOptionByIndex: All options with index in [1] are selected on object 'Object Repository/Emergency/Page_Store/select_--Select--BA1150BA4110'

2018-05-15 13:41:39 - [MESSAGE][PASSED] - All options with index in [1] are selected on object 'Object Repository/Emergency/Page_Store/select_--Select--BA1150BA4110'

2018-05-15 13:41:39 - [TEST_STEP][PASSED] - delay: Delayed 2 second(s)

2018-05-15 13:41:41 - [MESSAGE][PASSED] - Delayed 2 second(s)

2018-05-15 13:41:41 - [TEST_STEP][PASSED] - Statement - StockQty = com.kms.katalon.core.webui.keyword.WebUiBuiltInKeywords.getAttribute(com.kms.katalon.core.testobject.ObjectRepository.findTestObject(Emergency/Page_Store/input_txtprice), "value"): Attribute 'value' of object 'Object Repository/Emergency/Page_Store/input_txtprice' is: '1993'

2018-05-15 13:41:41 - [MESSAGE][PASSED] - Attribute 'value' of object 'Object Repository/Emergency/Page_Store/input_txtprice' is: '1993'

2018-05-15 13:41:41 - [TEST_STEP][PASSED] - Statement - out.println("Stock QTY : " + StockQty): null

2018-05-15 13:41:41 - [TEST_STEP][PASSED] - delay: Delayed 2 second(s)

2018-05-15 13:41:43 - [MESSAGE][PASSED] - Delayed 2 second(s)

2018-05-15 13:41:43 - [TEST_STEP][PASSED] - Statement - If (java.lang.Integer.valueOf(StockQty) >= java.lang.Integer.valueOf(RequestedQty)): null

2018-05-15 13:41:43 - [TEST_STEP][PASSED] - delay: Delayed 1 second(s)

2018-05-15 13:41:44 - [MESSAGE][PASSED] - Delayed 1 second(s)

2018-05-15 13:41:44 - [TEST_STEP][PASSED] - setText: Text '10' is set on object 'Object Repository/Emergency/Page_Store/input_txtqty'

2018-05-15 13:41:44 - [MESSAGE][PASSED] - Text '10' is set on object 'Object Repository/Emergency/Page_Store/input_txtqty'

2018-05-15 13:41:44 - [TEST_STEP][PASSED] - click: Object: 'Object Repository/Emergency/Page_Store/button_Add' is clicked on

2018-05-15 13:41:44 - [MESSAGE][PASSED] - Object: 'Object Repository/Emergency/Page_Store/button_Add' is clicked on

2018-05-15 13:41:44 - [TEST_STEP][PASSED] - Statement - Break: null

2018-05-15 13:41:44 - [TEST_STEP][PASSED] - selectOptionByIndex: All options with index in [12] are selected on object 'Object Repository/Emergency/Page_Store/select_--Select--Amikacin -500'

2018-05-15 13:41:44 - [MESSAGE][PASSED] - All options with index in [12] are selected on object 'Object Repository/Emergency/Page_Store/select_--Select--Amikacin -500'

2018-05-15 13:41:44 - [TEST_STEP][PASSED] - delay: Delayed 2 second(s)

2018-05-15 13:41:46 - [MESSAGE][PASSED] - Delayed 2 second(s)

2018-05-15 13:41:46 - [TEST_STEP][PASSED] - Statement - RequestedQty = com.kms.katalon.core.webui.keyword.WebUiBuiltInKeywords.getAttribute(com.kms.katalon.core.testobject.ObjectRepository.findTestObject(Emergency/Page_Store/input_txttotal), "value"): Attribute 'value' of object 'Object Repository/Emergency/Page_Store/input_txttotal' is: '10'

2018-05-15 13:41:46 - [MESSAGE][PASSED] - Attribute 'value' of object 'Object Repository/Emergency/Page_Store/input_txttotal' is: '10'

2018-05-15 13:41:46 - [TEST_STEP][PASSED] - Statement - out.println("Requested QTY : " + RequestedQty): null

2018-05-15 13:41:46 - [TEST_STEP][PASSED] - Statement - BatchNumber = com.kms.katalon.core.webui.keyword.WebUiBuiltInKeywords.getNumberOfTotalOption(com.kms.katalon.core.testobject.ObjectRepository.findTestObject(Emergency/Page_Store/select_--Select--BA1150BA4110)): 3 options of object 'Object Repository/Emergency/Page_Store/select_--Select--BA1150BA4110' counted

2018-05-15 13:41:46 - [MESSAGE][PASSED] - 3 options of object 'Object Repository/Emergency/Page_Store/select_--Select--BA1150BA4110' counted

2018-05-15 13:41:46 - [TEST_STEP][PASSED] - Statement - out.println("Batch : " + BatchNumber): null

2018-05-15 13:41:46 - [TEST_STEP][PASSED] - Statement - For ([g = 1, g <= BatchNumber - 1, (g++)]): null

2018-05-15 13:41:46 - [TEST_STEP][PASSED] - selectOptionByIndex: All options with index in [1] are selected on object 'Object Repository/Emergency/Page_Store/select_--Select--BA1150BA4110'

2018-05-15 13:41:46 - [MESSAGE][PASSED] - All options with index in [1] are selected on object 'Object Repository/Emergency/Page_Store/select_--Select--BA1150BA4110'

2018-05-15 13:41:46 - [TEST_STEP][PASSED] - delay: Delayed 2 second(s)

2018-05-15 13:41:48 - [MESSAGE][PASSED] - Delayed 2 second(s)

2018-05-15 13:41:48 - [TEST_STEP][PASSED] - Statement - StockQty = com.kms.katalon.core.webui.keyword.WebUiBuiltInKeywords.getAttribute(com.kms.katalon.core.testobject.ObjectRepository.findTestObject(Emergency/Page_Store/input_txtprice), "value"): Attribute 'value' of object 'Object Repository/Emergency/Page_Store/input_txtprice' is: '20'

2018-05-15 13:41:48 - [MESSAGE][PASSED] - Attribute 'value' of object 'Object Repository/Emergency/Page_Store/input_txtprice' is: '20'

2018-05-15 13:41:48 - [TEST_STEP][PASSED] - Statement - out.println("Stock QTY : " + StockQty): null

2018-05-15 13:41:48 - [TEST_STEP][PASSED] - delay: Delayed 2 second(s)

2018-05-15 13:41:50 - [MESSAGE][PASSED] - Delayed 2 second(s)

2018-05-15 13:41:50 - [TEST_STEP][PASSED] - Statement - If (java.lang.Integer.valueOf(StockQty) >= java.lang.Integer.valueOf(RequestedQty)): null

2018-05-15 13:41:50 - [TEST_STEP][PASSED] - delay: Delayed 1 second(s)

2018-05-15 13:41:51 - [MESSAGE][PASSED] - Delayed 1 second(s)

2018-05-15 13:41:51 - [TEST_STEP][PASSED] - setText: Text '10' is set on object 'Object Repository/Emergency/Page_Store/input_txtqty'

2018-05-15 13:41:52 - [MESSAGE][PASSED] - Text '10' is set on object 'Object Repository/Emergency/Page_Store/input_txtqty'

2018-05-15 13:41:52 - [TEST_STEP][PASSED] - click: Object: 'Object Repository/Emergency/Page_Store/button_Add' is clicked on

2018-05-15 13:41:52 - [MESSAGE][PASSED] - Object: 'Object Repository/Emergency/Page_Store/button_Add' is clicked on

2018-05-15 13:41:52 - [TEST_STEP][PASSED] - Statement - Break: null

2018-05-15 13:41:52 - [TEST_STEP][PASSED] - selectOptionByIndex: All options with index in [13] are selected on object 'Object Repository/Emergency/Page_Store/select_--Select--Amikacin -500'

2018-05-15 13:41:52 - [MESSAGE][PASSED] - All options with index in [13] are selected on object 'Object Repository/Emergency/Page_Store/select_--Select--Amikacin -500'

2018-05-15 13:41:52 - [TEST_STEP][PASSED] - delay: Delayed 2 second(s)

2018-05-15 13:41:54 - [MESSAGE][PASSED] - Delayed 2 second(s)

2018-05-15 13:41:54 - [TEST_STEP][PASSED] - Statement - RequestedQty = com.kms.katalon.core.webui.keyword.WebUiBuiltInKeywords.getAttribute(com.kms.katalon.core.testobject.ObjectRepository.findTestObject(Emergency/Page_Store/input_txttotal), "value"): Attribute 'value' of object 'Object Repository/Emergency/Page_Store/input_txttotal' is: '10'

2018-05-15 13:41:54 - [MESSAGE][PASSED] - Attribute 'value' of object 'Object Repository/Emergency/Page_Store/input_txttotal' is: '10'

2018-05-15 13:41:54 - [TEST_STEP][PASSED] - Statement - out.println("Requested QTY : " + RequestedQty): null

2018-05-15 13:41:54 - [TEST_STEP][PASSED] - Statement - BatchNumber = com.kms.katalon.core.webui.keyword.WebUiBuiltInKeywords.getNumberOfTotalOption(com.kms.katalon.core.testobject.ObjectRepository.findTestObject(Emergency/Page_Store/select_--Select--BA1150BA4110)): 3 options of object 'Object Repository/Emergency/Page_Store/select_--Select--BA1150BA4110' counted

2018-05-15 13:41:54 - [MESSAGE][PASSED] - 3 options of object 'Object Repository/Emergency/Page_Store/select_--Select--BA1150BA4110' counted

2018-05-15 13:41:54 - [TEST_STEP][PASSED] - Statement - out.println("Batch : " + BatchNumber): null

2018-05-15 13:41:54 - [TEST_STEP][PASSED] - Statement - For ([g = 1, g <= BatchNumber - 1, (g++)]): null

2018-05-15 13:41:54 - [TEST_STEP][PASSED] - selectOptionByIndex: All options with index in [1] are selected on object 'Object Repository/Emergency/Page_Store/select_--Select--BA1150BA4110'

2018-05-15 13:41:54 - [MESSAGE][PASSED] - All options with index in [1] are selected on object 'Object Repository/Emergency/Page_Store/select_--Select--BA1150BA4110'

2018-05-15 13:41:54 - [TEST_STEP][PASSED] - delay: Delayed 2 second(s)

2018-05-15 13:41:56 - [MESSAGE][PASSED] - Delayed 2 second(s)

2018-05-15 13:41:56 - [TEST_STEP][PASSED] - Statement - StockQty = com.kms.katalon.core.webui.keyword.WebUiBuiltInKeywords.getAttribute(com.kms.katalon.core.testobject.ObjectRepository.findTestObject(Emergency/Page_Store/input_txtprice), "value"): Attribute 'value' of object 'Object Repository/Emergency/Page_Store/input_txtprice' is: '20'

2018-05-15 13:41:56 - [MESSAGE][PASSED] - Attribute 'value' of object 'Object Repository/Emergency/Page_Store/input_txtprice' is: '20'

2018-05-15 13:41:56 - [TEST_STEP][PASSED] - Statement - out.println("Stock QTY : " + StockQty): null

2018-05-15 13:41:56 - [TEST_STEP][PASSED] - delay: Delayed 2 second(s)

2018-05-15 13:41:58 - [MESSAGE][PASSED] - Delayed 2 second(s)

2018-05-15 13:41:58 - [TEST_STEP][PASSED] - Statement - If (java.lang.Integer.valueOf(StockQty) >= java.lang.Integer.valueOf(RequestedQty)): null

2018-05-15 13:41:58 - [TEST_STEP][PASSED] - delay: Delayed 1 second(s)

2018-05-15 13:41:59 - [MESSAGE][PASSED] - Delayed 1 second(s)

2018-05-15 13:41:59 - [TEST_STEP][PASSED] - setText: Text '10' is set on object 'Object Repository/Emergency/Page_Store/input_txtqty'

2018-05-15 13:41:59 - [MESSAGE][PASSED] - Text '10' is set on object 'Object Repository/Emergency/Page_Store/input_txtqty'

2018-05-15 13:41:59 - [TEST_STEP][PASSED] - click: Object: 'Object Repository/Emergency/Page_Store/button_Add' is clicked on

2018-05-15 13:41:59 - [MESSAGE][PASSED] - Object: 'Object Repository/Emergency/Page_Store/button_Add' is clicked on

2018-05-15 13:41:59 - [TEST_STEP][PASSED] - Statement - Break: null

2018-05-15 13:41:59 - [TEST_STEP][PASSED] - selectOptionByIndex: All options with index in [14] are selected on object 'Object Repository/Emergency/Page_Store/select_--Select--Amikacin -500'

2018-05-15 13:41:59 - [MESSAGE][PASSED] - All options with index in [14] are selected on object 'Object Repository/Emergency/Page_Store/select_--Select--Amikacin -500'

2018-05-15 13:41:59 - [TEST_STEP][PASSED] - delay: Delayed 2 second(s)

2018-05-15 13:42:01 - [MESSAGE][PASSED] - Delayed 2 second(s)

2018-05-15 13:42:01 - [TEST_STEP][PASSED] - Statement - RequestedQty = com.kms.katalon.core.webui.keyword.WebUiBuiltInKeywords.getAttribute(com.kms.katalon.core.testobject.ObjectRepository.findTestObject(Emergency/Page_Store/input_txttotal), "value"): Attribute 'value' of object 'Object Repository/Emergency/Page_Store/input_txttotal' is: '10'

2018-05-15 13:42:02 - [MESSAGE][PASSED] - Attribute 'value' of object 'Object Repository/Emergency/Page_Store/input_txttotal' is: '10'

2018-05-15 13:42:02 - [TEST_STEP][PASSED] - Statement - out.println("Requested QTY : " + RequestedQty): null

2018-05-15 13:42:02 - [TEST_STEP][PASSED] - Statement - BatchNumber = com.kms.katalon.core.webui.keyword.WebUiBuiltInKeywords.getNumberOfTotalOption(com.kms.katalon.core.testobject.ObjectRepository.findTestObject(Emergency/Page_Store/select_--Select--BA1150BA4110)): 2 options of object 'Object Repository/Emergency/Page_Store/select_--Select--BA1150BA4110' counted

2018-05-15 13:42:02 - [MESSAGE][PASSED] - 2 options of object 'Object Repository/Emergency/Page_Store/select_--Select--BA1150BA4110' counted

2018-05-15 13:42:02 - [TEST_STEP][PASSED] - Statement - out.println("Batch : " + BatchNumber): null

2018-05-15 13:42:02 - [TEST_STEP][PASSED] - Statement - For ([g = 1, g <= BatchNumber - 1, (g++)]): null

2018-05-15 13:42:02 - [TEST_STEP][PASSED] - selectOptionByIndex: All options with index in [1] are selected on object 'Object Repository/Emergency/Page_Store/select_--Select--BA1150BA4110'

2018-05-15 13:42:02 - [MESSAGE][PASSED] - All options with index in [1] are selected on object 'Object Repository/Emergency/Page_Store/select_--Select--BA1150BA4110'

2018-05-15 13:42:02 - [TEST_STEP][PASSED] - delay: Delayed 2 second(s)

2018-05-15 13:42:04 - [MESSAGE][PASSED] - Delayed 2 second(s)

2018-05-15 13:42:04 - [TEST_STEP][PASSED] - Statement - StockQty = com.kms.katalon.core.webui.keyword.WebUiBuiltInKeywords.getAttribute(com.kms.katalon.core.testobject.ObjectRepository.findTestObject(Emergency/Page_Store/input_txtprice), "value"): Attribute 'value' of object 'Object Repository/Emergency/Page_Store/input_txtprice' is: '2025'

2018-05-15 13:42:04 - [MESSAGE][PASSED] - Attribute 'value' of object 'Object Repository/Emergency/Page_Store/input_txtprice' is: '2025'

2018-05-15 13:42:04 - [TEST_STEP][PASSED] - Statement - out.println("Stock QTY : " + StockQty): null

2018-05-15 13:42:04 - [TEST_STEP][PASSED] - delay: Delayed 2 second(s)

2018-05-15 13:42:06 - [MESSAGE][PASSED] - Delayed 2 second(s)

2018-05-15 13:42:06 - [TEST_STEP][PASSED] - Statement - If (java.lang.Integer.valueOf(StockQty) >= java.lang.Integer.valueOf(RequestedQty)): null

2018-05-15 13:42:06 - [TEST_STEP][PASSED] - delay: Delayed 1 second(s)

2018-05-15 13:42:07 - [MESSAGE][PASSED] - Delayed 1 second(s)

2018-05-15 13:42:07 - [TEST_STEP][PASSED] - setText: Text '10' is set on object 'Object Repository/Emergency/Page_Store/input_txtqty'

2018-05-15 13:42:07 - [MESSAGE][PASSED] - Text '10' is set on object 'Object Repository/Emergency/Page_Store/input_txtqty'

2018-05-15 13:42:07 - [TEST_STEP][PASSED] - click: Object: 'Object Repository/Emergency/Page_Store/button_Add' is clicked on

2018-05-15 13:42:07 - [MESSAGE][PASSED] - Object: 'Object Repository/Emergency/Page_Store/button_Add' is clicked on

2018-05-15 13:42:07 - [TEST_STEP][PASSED] - Statement - Break: null

2018-05-15 13:42:07 - [TEST_STEP][PASSED] - selectOptionByIndex: All options with index in [15] are selected on object 'Object Repository/Emergency/Page_Store/select_--Select--Amikacin -500'

2018-05-15 13:42:07 - [MESSAGE][PASSED] - All options with index in [15] are selected on object 'Object Repository/Emergency/Page_Store/select_--Select--Amikacin -500'

2018-05-15 13:42:07 - [TEST_STEP][PASSED] - delay: Delayed 2 second(s)

2018-05-15 13:42:09 - [MESSAGE][PASSED] - Delayed 2 second(s)

2018-05-15 13:42:09 - [TEST_STEP][PASSED] - Statement - RequestedQty = com.kms.katalon.core.webui.keyword.WebUiBuiltInKeywords.getAttribute(com.kms.katalon.core.testobject.ObjectRepository.findTestObject(Emergency/Page_Store/input_txttotal), "value"): Attribute 'value' of object 'Object Repository/Emergency/Page_Store/input_txttotal' is: '10'

2018-05-15 13:42:09 - [MESSAGE][PASSED] - Attribute 'value' of object 'Object Repository/Emergency/Page_Store/input_txttotal' is: '10'

2018-05-15 13:42:09 - [TEST_STEP][PASSED] - Statement - out.println("Requested QTY : " + RequestedQty): null

2018-05-15 13:42:09 - [TEST_STEP][PASSED] - Statement - BatchNumber = com.kms.katalon.core.webui.keyword.WebUiBuiltInKeywords.getNumberOfTotalOption(com.kms.katalon.core.testobject.ObjectRepository.findTestObject(Emergency/Page_Store/select_--Select--BA1150BA4110)): 2 options of object 'Object Repository/Emergency/Page_Store/select_--Select--BA1150BA4110' counted

2018-05-15 13:42:09 - [MESSAGE][PASSED] - 2 options of object 'Object Repository/Emergency/Page_Store/select_--Select--BA1150BA4110' counted

2018-05-15 13:42:09 - [TEST_STEP][PASSED] - Statement - out.println("Batch : " + BatchNumber): null

2018-05-15 13:42:09 - [TEST_STEP][PASSED] - Statement - For ([g = 1, g <= BatchNumber - 1, (g++)]): null

2018-05-15 13:42:09 - [TEST_STEP][PASSED] - selectOptionByIndex: All options with index in [1] are selected on object 'Object Repository/Emergency/Page_Store/select_--Select--BA1150BA4110'

2018-05-15 13:42:09 - [MESSAGE][PASSED] - All options with index in [1] are selected on object 'Object Repository/Emergency/Page_Store/select_--Select--BA1150BA4110'

2018-05-15 13:42:09 - [TEST_STEP][PASSED] - delay: Delayed 2 second(s)

2018-05-15 13:42:11 - [MESSAGE][PASSED] - Delayed 2 second(s)

2018-05-15 13:42:11 - [TEST_STEP][PASSED] - Statement - StockQty = com.kms.katalon.core.webui.keyword.WebUiBuiltInKeywords.getAttribute(com.kms.katalon.core.testobject.ObjectRepository.findTestObject(Emergency/Page_Store/input_txtprice), "value"): Attribute 'value' of object 'Object Repository/Emergency/Page_Store/input_txtprice' is: '2025'

2018-05-15 13:42:11 - [MESSAGE][PASSED] - Attribute 'value' of object 'Object Repository/Emergency/Page_Store/input_txtprice' is: '2025'

2018-05-15 13:42:11 - [TEST_STEP][PASSED] - Statement - out.println("Stock QTY : " + StockQty): null

2018-05-15 13:42:11 - [TEST_STEP][PASSED] - delay: Delayed 2 second(s)

2018-05-15 13:42:13 - [MESSAGE][PASSED] - Delayed 2 second(s)

2018-05-15 13:42:13 - [TEST_STEP][PASSED] - Statement - If (java.lang.Integer.valueOf(StockQty) >= java.lang.Integer.valueOf(RequestedQty)): null

2018-05-15 13:42:13 - [TEST_STEP][PASSED] - delay: Delayed 1 second(s)

2018-05-15 13:42:14 - [MESSAGE][PASSED] - Delayed 1 second(s)

2018-05-15 13:42:14 - [TEST_STEP][PASSED] - setText: Text '10' is set on object 'Object Repository/Emergency/Page_Store/input_txtqty'

2018-05-15 13:42:14 - [MESSAGE][PASSED] - Text '10' is set on object 'Object Repository/Emergency/Page_Store/input_txtqty'

2018-05-15 13:42:14 - [TEST_STEP][PASSED] - click: Object: 'Object Repository/Emergency/Page_Store/button_Add' is clicked on

2018-05-15 13:42:15 - [MESSAGE][PASSED] - Object: 'Object Repository/Emergency/Page_Store/button_Add' is clicked on

2018-05-15 13:42:15 - [TEST_STEP][PASSED] - Statement - Break: null

2018-05-15 13:42:15 - [TEST_STEP][PASSED] - selectOptionByIndex: All options with index in [16] are selected on object 'Object Repository/Emergency/Page_Store/select_--Select--Amikacin -500'

2018-05-15 13:42:15 - [MESSAGE][PASSED] - All options with index in [16] are selected on object 'Object Repository/Emergency/Page_Store/select_--Select--Amikacin -500'

2018-05-15 13:42:15 - [TEST_STEP][PASSED] - delay: Delayed 2 second(s)

2018-05-15 13:42:17 - [MESSAGE][PASSED] - Delayed 2 second(s)

2018-05-15 13:42:17 - [TEST_STEP][PASSED] - Statement - RequestedQty = com.kms.katalon.core.webui.keyword.WebUiBuiltInKeywords.getAttribute(com.kms.katalon.core.testobject.ObjectRepository.findTestObject(Emergency/Page_Store/input_txttotal), "value"): Attribute 'value' of object 'Object Repository/Emergency/Page_Store/input_txttotal' is: '10'

2018-05-15 13:42:17 - [MESSAGE][PASSED] - Attribute 'value' of object 'Object Repository/Emergency/Page_Store/input_txttotal' is: '10'

2018-05-15 13:42:17 - [TEST_STEP][PASSED] - Statement - out.println("Requested QTY : " + RequestedQty): null

2018-05-15 13:42:17 - [TEST_STEP][PASSED] - Statement - BatchNumber = com.kms.katalon.core.webui.keyword.WebUiBuiltInKeywords.getNumberOfTotalOption(com.kms.katalon.core.testobject.ObjectRepository.findTestObject(Emergency/Page_Store/select_--Select--BA1150BA4110)): 2 options of object 'Object Repository/Emergency/Page_Store/select_--Select--BA1150BA4110' counted

2018-05-15 13:42:17 - [MESSAGE][PASSED] - 2 options of object 'Object Repository/Emergency/Page_Store/select_--Select--BA1150BA4110' counted

2018-05-15 13:42:17 - [TEST_STEP][PASSED] - Statement - out.println("Batch : " + BatchNumber): null

2018-05-15 13:42:17 - [TEST_STEP][PASSED] - Statement - For ([g = 1, g <= BatchNumber - 1, (g++)]): null

2018-05-15 13:42:17 - [TEST_STEP][PASSED] - selectOptionByIndex: All options with index in [1] are selected on object 'Object Repository/Emergency/Page_Store/select_--Select--BA1150BA4110'

2018-05-15 13:42:17 - [MESSAGE][PASSED] - All options with index in [1] are selected on object 'Object Repository/Emergency/Page_Store/select_--Select--BA1150BA4110'

2018-05-15 13:42:17 - [TEST_STEP][PASSED] - delay: Delayed 2 second(s)

2018-05-15 13:42:19 - [MESSAGE][PASSED] - Delayed 2 second(s)

2018-05-15 13:42:19 - [TEST_STEP][PASSED] - Statement - StockQty = com.kms.katalon.core.webui.keyword.WebUiBuiltInKeywords.getAttribute(com.kms.katalon.core.testobject.ObjectRepository.findTestObject(Emergency/Page_Store/input_txtprice), "value"): Attribute 'value' of object 'Object Repository/Emergency/Page_Store/input_txtprice' is: '40'

2018-05-15 13:42:19 - [MESSAGE][PASSED] - Attribute 'value' of object 'Object Repository/Emergency/Page_Store/input_txtprice' is: '40'

2018-05-15 13:42:19 - [TEST_STEP][PASSED] - Statement - out.println("Stock QTY : " + StockQty): null

2018-05-15 13:42:19 - [TEST_STEP][PASSED] - delay: Delayed 2 second(s)

2018-05-15 13:42:21 - [MESSAGE][PASSED] - Delayed 2 second(s)

2018-05-15 13:42:21 - [TEST_STEP][PASSED] - Statement - If (java.lang.Integer.valueOf(StockQty) >= java.lang.Integer.valueOf(RequestedQty)): null

2018-05-15 13:42:21 - [TEST_STEP][PASSED] - delay: Delayed 1 second(s)

2018-05-15 13:42:22 - [MESSAGE][PASSED] - Delayed 1 second(s)

2018-05-15 13:42:22 - [TEST_STEP][PASSED] - setText: Text '10' is set on object 'Object Repository/Emergency/Page_Store/input_txtqty'

2018-05-15 13:42:22 - [MESSAGE][PASSED] - Text '10' is set on object 'Object Repository/Emergency/Page_Store/input_txtqty'

2018-05-15 13:42:22 - [TEST_STEP][PASSED] - click: Object: 'Object Repository/Emergency/Page_Store/button_Add' is clicked on

2018-05-15 13:42:22 - [MESSAGE][PASSED] - Object: 'Object Repository/Emergency/Page_Store/button_Add' is clicked on

2018-05-15 13:42:22 - [TEST_STEP][PASSED] - Statement - Break: null

2018-05-15 13:42:22 - [TEST_STEP][PASSED] - scrollToElement: Scroll to object 'Object Repository/Emergency/Page_Store/input_btnSubmit' successfully

2018-05-15 13:42:22 - [MESSAGE][PASSED] - Scroll to object 'Object Repository/Emergency/Page_Store/input_btnSubmit' successfully

2018-05-15 13:42:22 - [TEST_STEP][PASSED] - Statement - Try: Object: 'Object Repository/lab/Page_Store/button_OK' is clicked on

2018-05-15 13:42:22 - [TEST_STEP][PASSED] - click: Object: 'Object Repository/Emergency/Page_Store/input_btnSubmit' is clicked on

2018-05-15 13:42:22 - [MESSAGE][PASSED] - Object: 'Object Repository/Emergency/Page_Store/input_btnSubmit' is clicked on

2018-05-15 13:42:22 - [TEST_STEP][PASSED] - delay: Delayed 3 second(s)

2018-05-15 13:42:25 - [MESSAGE][PASSED] - Delayed 3 second(s)

2018-05-15 13:42:25 - [TEST_STEP][PASSED] - click: Object: 'Object Repository/lab/Page_Store/button_OK' is clicked on

2018-05-15 13:42:26 - [MESSAGE][PASSED] - Object: 'Object Repository/lab/Page_Store/button_OK' is clicked on

2018-05-15 13:42:26 - [TEST_STEP][PASSED] - click: Object: 'Object Repository/Emergency/Page_Store/a_dropdown-toggle' is clicked on

2018-05-15 13:42:28 - [MESSAGE][PASSED] - Object: 'Object Repository/Emergency/Page_Store/a_dropdown-toggle' is clicked on

2018-05-15 13:42:28 - [TEST_STEP][PASSED] - click: Object: 'Object Repository/Emergency/Page_Store/a_Sign out' is clicked on

2018-05-15 13:42:29 - [MESSAGE][PASSED] - Object: 'Object Repository/Emergency/Page_Store/a_Sign out' is clicked on

2018-05-15 13:42:29 - [TEST_STEP][PASSED] - closeBrowser: Browser is closed

2018-05-15 13:42:30 - [MESSAGE][PASSED] - Browser is closed

2018-05-15 13:42:30 - [TEST_STEP][PASSED] - Statement - out.println("Schedule 5 Emergency Request Are Working Successfully"): null]]></system-out>
         <system-err><![CDATA[]]></system-err>
      </testcase>
      <testcase name="Test Cases/EMERGENCY TEST CASES/TC_ER_004 Verify Schedule 7 Emergency  Request Are Working Successfully Or Not" classname="Test Cases/EMERGENCY TEST CASES/TC_ER_004 Verify Schedule 7 Emergency  Request Are Working Successfully Or Not" status="FAILED">
         <failure type="FAILED" message="Unable to get text of object 'Object Repository/Emergency/Page_KDMC - Emergency/font_ERNO100520183' (Root cause: com.kms.katalon.core.webui.exception.WebElementNotFoundException: Web element with id: 'Object Repository/Emergency/Page_KDMC - Emergency/font_ERNO100520183' located by 'By.xpath: /html[1]/body[@class=&quot;skin-blue  pace-done modal-open&quot;]/div[@class=&quot;bootbox modal fade bootbox-alert in&quot;]/div[@class=&quot;modal-dialog&quot;]/div[@class=&quot;modal-content&quot;]/div[@class=&quot;modal-body&quot;]/div[@class=&quot;bootbox-body&quot;]/b[1]/font[1]' not found)"/>
         <system-out><![CDATA[2018-05-15 13:42:30 - [TEST_CASE][FAILED] - Test Cases/EMERGENCY TEST CASES/TC_ER_004 Verify Schedule 7 Emergency  Request Are Working Successfully Or Not: Test Cases/EMERGENCY TEST CASES/TC_ER_004 Verify Schedule 7 Emergency  Request Are Working Successfully Or Not FAILED because (of) Unable to get text of object 'Object Repository/Emergency/Page_KDMC - Emergency/font_ERNO100520183' (Root cause: com.kms.katalon.core.webui.exception.WebElementNotFoundException: Web element with id: 'Object Repository/Emergency/Page_KDMC - Emergency/font_ERNO100520183' located by 'By.xpath: /html[1]/body[@class="skin-blue  pace-done modal-open"]/div[@class="bootbox modal fade bootbox-alert in"]/div[@class="modal-dialog"]/div[@class="modal-content"]/div[@class="modal-body"]/div[@class="bootbox-body"]/b[1]/font[1]' not found)

2018-05-15 13:42:30 - [TEST_STEP][PASSED] - openBrowser: Browser is opened with url: ''

2018-05-15 13:42:33 - [MESSAGE][PASSED] - Browser is opened with url: ''

2018-05-15 13:42:33 - [TEST_STEP][PASSED] - Statement - out.println("Verify Schedule 7 Emergency  Request Are Working Successfully Or Not"): null

2018-05-15 13:42:33 - [TEST_STEP][PASSED] - navigateToUrl: Navigate to 'http://192.168.137.1/Multihospital_New/EmergencyLogin.aspx' successfully

2018-05-15 13:42:37 - [MESSAGE][PASSED] - Navigate to 'http://192.168.137.1/Multihospital_New/EmergencyLogin.aspx' successfully

2018-05-15 13:42:37 - [TEST_STEP][PASSED] - maximizeWindow: Current window maximized

2018-05-15 13:42:38 - [MESSAGE][PASSED] - Current window maximized

2018-05-15 13:42:38 - [TEST_STEP][PASSED] - setText: Text 'nivetha' is set on object 'Object Repository/Emergency/Page_Emergency login/input_txtusername'

2018-05-15 13:42:38 - [MESSAGE][PASSED] - Text 'nivetha' is set on object 'Object Repository/Emergency/Page_Emergency login/input_txtusername'

2018-05-15 13:42:38 - [TEST_STEP][PASSED] - setText: Text '123' is set on object 'Object Repository/Emergency/Page_Emergency login/input_txtpassword'

2018-05-15 13:42:39 - [MESSAGE][PASSED] - Text '123' is set on object 'Object Repository/Emergency/Page_Emergency login/input_txtpassword'

2018-05-15 13:42:39 - [TEST_STEP][PASSED] - delay: Delayed 3 second(s)

2018-05-15 13:42:42 - [MESSAGE][PASSED] - Delayed 3 second(s)

2018-05-15 13:42:42 - [TEST_STEP][PASSED] - click: Object: 'Object Repository/Emergency/Page_Emergency login/button_Sign in' is clicked on

2018-05-15 13:42:43 - [MESSAGE][PASSED] - Object: 'Object Repository/Emergency/Page_Emergency login/button_Sign in' is clicked on

2018-05-15 13:42:43 - [TEST_STEP][PASSED] - delay: Delayed 3 second(s)

2018-05-15 13:42:46 - [MESSAGE][PASSED] - Delayed 3 second(s)

2018-05-15 13:42:46 - [TEST_STEP][PASSED] - click: Object: 'Object Repository/Emergency/Page_KDMC - Emergency/a_Store Request' is clicked on

2018-05-15 13:42:46 - [MESSAGE][PASSED] - Object: 'Object Repository/Emergency/Page_KDMC - Emergency/a_Store Request' is clicked on

2018-05-15 13:42:46 - [TEST_STEP][PASSED] - delay: Delayed 2 second(s)

2018-05-15 13:42:48 - [MESSAGE][PASSED] - Delayed 2 second(s)

2018-05-15 13:42:48 - [TEST_STEP][PASSED] - click: Object: 'Object Repository/Emergency/Page_KDMC - Emergency/a_Medicine Request' is clicked on

2018-05-15 13:42:49 - [MESSAGE][PASSED] - Object: 'Object Repository/Emergency/Page_KDMC - Emergency/a_Medicine Request' is clicked on

2018-05-15 13:42:49 - [TEST_STEP][PASSED] - delay: Delayed 2 second(s)

2018-05-15 13:42:51 - [MESSAGE][PASSED] - Delayed 2 second(s)

2018-05-15 13:42:51 - [TEST_STEP][PASSED] - selectOptionByIndex: All options with index in [4] are selected on object 'Object Repository/Emergency/Page_KDMC - Emergency/select_--Select--Schedule 1Inj'

2018-05-15 13:42:51 - [MESSAGE][PASSED] - All options with index in [4] are selected on object 'Object Repository/Emergency/Page_KDMC - Emergency/select_--Select--Schedule 1Inj'

2018-05-15 13:42:51 - [TEST_STEP][PASSED] - Statement - seletedoptions = com.kms.katalon.core.webui.keyword.WebUiBuiltInKeywords.getNumberOfTotalOption(com.kms.katalon.core.testobject.ObjectRepository.findTestObject(Emergency/Page_KDMC - Emergency/select_--Select--Adernaline 0.)): 24 options of object 'Object Repository/Emergency/Page_KDMC - Emergency/select_--Select--Adernaline 0.' counted

2018-05-15 13:42:51 - [MESSAGE][PASSED] - 24 options of object 'Object Repository/Emergency/Page_KDMC - Emergency/select_--Select--Adernaline 0.' counted

2018-05-15 13:42:51 - [TEST_STEP][PASSED] - Statement - For ([u = 1, u < seletedoptions, (u++)]): Object: 'Object Repository/Emergency/Page_KDMC - Emergency/button_Add' is clicked on

2018-05-15 13:42:51 - [TEST_STEP][PASSED] - selectOptionByIndex: All options with index in [4] are selected on object 'Object Repository/Emergency/Page_KDMC - Emergency/select_--Select--Schedule 1Inj'

2018-05-15 13:42:51 - [MESSAGE][PASSED] - All options with index in [4] are selected on object 'Object Repository/Emergency/Page_KDMC - Emergency/select_--Select--Schedule 1Inj'

2018-05-15 13:42:51 - [TEST_STEP][PASSED] - selectOptionByIndex: All options with index in [1] are selected on object 'Object Repository/Emergency/Page_KDMC - Emergency/select_--Select--Adernaline 0.'

2018-05-15 13:42:52 - [MESSAGE][PASSED] - All options with index in [1] are selected on object 'Object Repository/Emergency/Page_KDMC - Emergency/select_--Select--Adernaline 0.'

2018-05-15 13:42:52 - [TEST_STEP][PASSED] - setText: Text '10' is set on object 'Object Repository/Emergency/Page_KDMC - Emergency/input_txttreat'

2018-05-15 13:42:52 - [MESSAGE][PASSED] - Text '10' is set on object 'Object Repository/Emergency/Page_KDMC - Emergency/input_txttreat'

2018-05-15 13:42:52 - [TEST_STEP][PASSED] - click: Object: 'Object Repository/Emergency/Page_KDMC - Emergency/button_Add' is clicked on

2018-05-15 13:42:52 - [MESSAGE][PASSED] - Object: 'Object Repository/Emergency/Page_KDMC - Emergency/button_Add' is clicked on

2018-05-15 13:42:52 - [TEST_STEP][PASSED] - selectOptionByIndex: All options with index in [4] are selected on object 'Object Repository/Emergency/Page_KDMC - Emergency/select_--Select--Schedule 1Inj'

2018-05-15 13:42:52 - [MESSAGE][PASSED] - All options with index in [4] are selected on object 'Object Repository/Emergency/Page_KDMC - Emergency/select_--Select--Schedule 1Inj'

2018-05-15 13:42:52 - [TEST_STEP][PASSED] - selectOptionByIndex: All options with index in [2] are selected on object 'Object Repository/Emergency/Page_KDMC - Emergency/select_--Select--Adernaline 0.'

2018-05-15 13:42:52 - [MESSAGE][PASSED] - All options with index in [2] are selected on object 'Object Repository/Emergency/Page_KDMC - Emergency/select_--Select--Adernaline 0.'

2018-05-15 13:42:52 - [TEST_STEP][PASSED] - setText: Text '10' is set on object 'Object Repository/Emergency/Page_KDMC - Emergency/input_txttreat'

2018-05-15 13:42:52 - [MESSAGE][PASSED] - Text '10' is set on object 'Object Repository/Emergency/Page_KDMC - Emergency/input_txttreat'

2018-05-15 13:42:52 - [TEST_STEP][PASSED] - click: Object: 'Object Repository/Emergency/Page_KDMC - Emergency/button_Add' is clicked on

2018-05-15 13:42:52 - [MESSAGE][PASSED] - Object: 'Object Repository/Emergency/Page_KDMC - Emergency/button_Add' is clicked on

2018-05-15 13:42:52 - [TEST_STEP][PASSED] - selectOptionByIndex: All options with index in [4] are selected on object 'Object Repository/Emergency/Page_KDMC - Emergency/select_--Select--Schedule 1Inj'

2018-05-15 13:42:52 - [MESSAGE][PASSED] - All options with index in [4] are selected on object 'Object Repository/Emergency/Page_KDMC - Emergency/select_--Select--Schedule 1Inj'

2018-05-15 13:42:52 - [TEST_STEP][PASSED] - selectOptionByIndex: All options with index in [3] are selected on object 'Object Repository/Emergency/Page_KDMC - Emergency/select_--Select--Adernaline 0.'

2018-05-15 13:42:53 - [MESSAGE][PASSED] - All options with index in [3] are selected on object 'Object Repository/Emergency/Page_KDMC - Emergency/select_--Select--Adernaline 0.'

2018-05-15 13:42:53 - [TEST_STEP][PASSED] - setText: Text '10' is set on object 'Object Repository/Emergency/Page_KDMC - Emergency/input_txttreat'

2018-05-15 13:42:53 - [MESSAGE][PASSED] - Text '10' is set on object 'Object Repository/Emergency/Page_KDMC - Emergency/input_txttreat'

2018-05-15 13:42:53 - [TEST_STEP][PASSED] - click: Object: 'Object Repository/Emergency/Page_KDMC - Emergency/button_Add' is clicked on

2018-05-15 13:42:53 - [MESSAGE][PASSED] - Object: 'Object Repository/Emergency/Page_KDMC - Emergency/button_Add' is clicked on

2018-05-15 13:42:53 - [TEST_STEP][PASSED] - selectOptionByIndex: All options with index in [4] are selected on object 'Object Repository/Emergency/Page_KDMC - Emergency/select_--Select--Schedule 1Inj'

2018-05-15 13:42:53 - [MESSAGE][PASSED] - All options with index in [4] are selected on object 'Object Repository/Emergency/Page_KDMC - Emergency/select_--Select--Schedule 1Inj'

2018-05-15 13:42:53 - [TEST_STEP][PASSED] - selectOptionByIndex: All options with index in [4] are selected on object 'Object Repository/Emergency/Page_KDMC - Emergency/select_--Select--Adernaline 0.'

2018-05-15 13:42:53 - [MESSAGE][PASSED] - All options with index in [4] are selected on object 'Object Repository/Emergency/Page_KDMC - Emergency/select_--Select--Adernaline 0.'

2018-05-15 13:42:53 - [TEST_STEP][PASSED] - setText: Text '10' is set on object 'Object Repository/Emergency/Page_KDMC - Emergency/input_txttreat'

2018-05-15 13:42:53 - [MESSAGE][PASSED] - Text '10' is set on object 'Object Repository/Emergency/Page_KDMC - Emergency/input_txttreat'

2018-05-15 13:42:53 - [TEST_STEP][PASSED] - click: Object: 'Object Repository/Emergency/Page_KDMC - Emergency/button_Add' is clicked on

2018-05-15 13:42:53 - [MESSAGE][PASSED] - Object: 'Object Repository/Emergency/Page_KDMC - Emergency/button_Add' is clicked on

2018-05-15 13:42:53 - [TEST_STEP][PASSED] - selectOptionByIndex: All options with index in [4] are selected on object 'Object Repository/Emergency/Page_KDMC - Emergency/select_--Select--Schedule 1Inj'

2018-05-15 13:42:53 - [MESSAGE][PASSED] - All options with index in [4] are selected on object 'Object Repository/Emergency/Page_KDMC - Emergency/select_--Select--Schedule 1Inj'

2018-05-15 13:42:53 - [TEST_STEP][PASSED] - selectOptionByIndex: All options with index in [5] are selected on object 'Object Repository/Emergency/Page_KDMC - Emergency/select_--Select--Adernaline 0.'

2018-05-15 13:42:53 - [MESSAGE][PASSED] - All options with index in [5] are selected on object 'Object Repository/Emergency/Page_KDMC - Emergency/select_--Select--Adernaline 0.'

2018-05-15 13:42:53 - [TEST_STEP][PASSED] - setText: Text '10' is set on object 'Object Repository/Emergency/Page_KDMC - Emergency/input_txttreat'

2018-05-15 13:42:54 - [MESSAGE][PASSED] - Text '10' is set on object 'Object Repository/Emergency/Page_KDMC - Emergency/input_txttreat'

2018-05-15 13:42:54 - [TEST_STEP][PASSED] - click: Object: 'Object Repository/Emergency/Page_KDMC - Emergency/button_Add' is clicked on

2018-05-15 13:42:54 - [MESSAGE][PASSED] - Object: 'Object Repository/Emergency/Page_KDMC - Emergency/button_Add' is clicked on

2018-05-15 13:42:54 - [TEST_STEP][PASSED] - selectOptionByIndex: All options with index in [4] are selected on object 'Object Repository/Emergency/Page_KDMC - Emergency/select_--Select--Schedule 1Inj'

2018-05-15 13:42:54 - [MESSAGE][PASSED] - All options with index in [4] are selected on object 'Object Repository/Emergency/Page_KDMC - Emergency/select_--Select--Schedule 1Inj'

2018-05-15 13:42:54 - [TEST_STEP][PASSED] - selectOptionByIndex: All options with index in [6] are selected on object 'Object Repository/Emergency/Page_KDMC - Emergency/select_--Select--Adernaline 0.'

2018-05-15 13:42:54 - [MESSAGE][PASSED] - All options with index in [6] are selected on object 'Object Repository/Emergency/Page_KDMC - Emergency/select_--Select--Adernaline 0.'

2018-05-15 13:42:54 - [TEST_STEP][PASSED] - setText: Text '10' is set on object 'Object Repository/Emergency/Page_KDMC - Emergency/input_txttreat'

2018-05-15 13:42:54 - [MESSAGE][PASSED] - Text '10' is set on object 'Object Repository/Emergency/Page_KDMC - Emergency/input_txttreat'

2018-05-15 13:42:54 - [TEST_STEP][PASSED] - click: Object: 'Object Repository/Emergency/Page_KDMC - Emergency/button_Add' is clicked on

2018-05-15 13:42:54 - [MESSAGE][PASSED] - Object: 'Object Repository/Emergency/Page_KDMC - Emergency/button_Add' is clicked on

2018-05-15 13:42:54 - [TEST_STEP][PASSED] - selectOptionByIndex: All options with index in [4] are selected on object 'Object Repository/Emergency/Page_KDMC - Emergency/select_--Select--Schedule 1Inj'

2018-05-15 13:42:54 - [MESSAGE][PASSED] - All options with index in [4] are selected on object 'Object Repository/Emergency/Page_KDMC - Emergency/select_--Select--Schedule 1Inj'

2018-05-15 13:42:54 - [TEST_STEP][PASSED] - selectOptionByIndex: All options with index in [7] are selected on object 'Object Repository/Emergency/Page_KDMC - Emergency/select_--Select--Adernaline 0.'

2018-05-15 13:42:55 - [MESSAGE][PASSED] - All options with index in [7] are selected on object 'Object Repository/Emergency/Page_KDMC - Emergency/select_--Select--Adernaline 0.'

2018-05-15 13:42:55 - [TEST_STEP][PASSED] - setText: Text '10' is set on object 'Object Repository/Emergency/Page_KDMC - Emergency/input_txttreat'

2018-05-15 13:42:55 - [MESSAGE][PASSED] - Text '10' is set on object 'Object Repository/Emergency/Page_KDMC - Emergency/input_txttreat'

2018-05-15 13:42:55 - [TEST_STEP][PASSED] - click: Object: 'Object Repository/Emergency/Page_KDMC - Emergency/button_Add' is clicked on

2018-05-15 13:42:55 - [MESSAGE][PASSED] - Object: 'Object Repository/Emergency/Page_KDMC - Emergency/button_Add' is clicked on

2018-05-15 13:42:55 - [TEST_STEP][PASSED] - selectOptionByIndex: All options with index in [4] are selected on object 'Object Repository/Emergency/Page_KDMC - Emergency/select_--Select--Schedule 1Inj'

2018-05-15 13:42:55 - [MESSAGE][PASSED] - All options with index in [4] are selected on object 'Object Repository/Emergency/Page_KDMC - Emergency/select_--Select--Schedule 1Inj'

2018-05-15 13:42:55 - [TEST_STEP][PASSED] - selectOptionByIndex: All options with index in [8] are selected on object 'Object Repository/Emergency/Page_KDMC - Emergency/select_--Select--Adernaline 0.'

2018-05-15 13:42:55 - [MESSAGE][PASSED] - All options with index in [8] are selected on object 'Object Repository/Emergency/Page_KDMC - Emergency/select_--Select--Adernaline 0.'

2018-05-15 13:42:55 - [TEST_STEP][PASSED] - setText: Text '10' is set on object 'Object Repository/Emergency/Page_KDMC - Emergency/input_txttreat'

2018-05-15 13:42:55 - [MESSAGE][PASSED] - Text '10' is set on object 'Object Repository/Emergency/Page_KDMC - Emergency/input_txttreat'

2018-05-15 13:42:55 - [TEST_STEP][PASSED] - click: Object: 'Object Repository/Emergency/Page_KDMC - Emergency/button_Add' is clicked on

2018-05-15 13:43:00 - [MESSAGE][PASSED] - Object: 'Object Repository/Emergency/Page_KDMC - Emergency/button_Add' is clicked on

2018-05-15 13:43:00 - [TEST_STEP][PASSED] - selectOptionByIndex: All options with index in [4] are selected on object 'Object Repository/Emergency/Page_KDMC - Emergency/select_--Select--Schedule 1Inj'

2018-05-15 13:43:01 - [MESSAGE][PASSED] - All options with index in [4] are selected on object 'Object Repository/Emergency/Page_KDMC - Emergency/select_--Select--Schedule 1Inj'

2018-05-15 13:43:01 - [TEST_STEP][PASSED] - selectOptionByIndex: All options with index in [9] are selected on object 'Object Repository/Emergency/Page_KDMC - Emergency/select_--Select--Adernaline 0.'

2018-05-15 13:43:01 - [MESSAGE][PASSED] - All options with index in [9] are selected on object 'Object Repository/Emergency/Page_KDMC - Emergency/select_--Select--Adernaline 0.'

2018-05-15 13:43:01 - [TEST_STEP][PASSED] - setText: Text '10' is set on object 'Object Repository/Emergency/Page_KDMC - Emergency/input_txttreat'

2018-05-15 13:43:01 - [MESSAGE][PASSED] - Text '10' is set on object 'Object Repository/Emergency/Page_KDMC - Emergency/input_txttreat'

2018-05-15 13:43:01 - [TEST_STEP][PASSED] - click: Object: 'Object Repository/Emergency/Page_KDMC - Emergency/button_Add' is clicked on

2018-05-15 13:43:06 - [MESSAGE][PASSED] - Object: 'Object Repository/Emergency/Page_KDMC - Emergency/button_Add' is clicked on

2018-05-15 13:43:06 - [TEST_STEP][PASSED] - selectOptionByIndex: All options with index in [4] are selected on object 'Object Repository/Emergency/Page_KDMC - Emergency/select_--Select--Schedule 1Inj'

2018-05-15 13:43:06 - [MESSAGE][PASSED] - All options with index in [4] are selected on object 'Object Repository/Emergency/Page_KDMC - Emergency/select_--Select--Schedule 1Inj'

2018-05-15 13:43:06 - [TEST_STEP][PASSED] - selectOptionByIndex: All options with index in [10] are selected on object 'Object Repository/Emergency/Page_KDMC - Emergency/select_--Select--Adernaline 0.'

2018-05-15 13:43:06 - [MESSAGE][PASSED] - All options with index in [10] are selected on object 'Object Repository/Emergency/Page_KDMC - Emergency/select_--Select--Adernaline 0.'

2018-05-15 13:43:06 - [TEST_STEP][PASSED] - setText: Text '10' is set on object 'Object Repository/Emergency/Page_KDMC - Emergency/input_txttreat'

2018-05-15 13:43:06 - [MESSAGE][PASSED] - Text '10' is set on object 'Object Repository/Emergency/Page_KDMC - Emergency/input_txttreat'

2018-05-15 13:43:06 - [TEST_STEP][PASSED] - click: Object: 'Object Repository/Emergency/Page_KDMC - Emergency/button_Add' is clicked on

2018-05-15 13:43:11 - [MESSAGE][PASSED] - Object: 'Object Repository/Emergency/Page_KDMC - Emergency/button_Add' is clicked on

2018-05-15 13:43:11 - [TEST_STEP][PASSED] - selectOptionByIndex: All options with index in [4] are selected on object 'Object Repository/Emergency/Page_KDMC - Emergency/select_--Select--Schedule 1Inj'

2018-05-15 13:43:12 - [MESSAGE][PASSED] - All options with index in [4] are selected on object 'Object Repository/Emergency/Page_KDMC - Emergency/select_--Select--Schedule 1Inj'

2018-05-15 13:43:12 - [TEST_STEP][PASSED] - selectOptionByIndex: All options with index in [11] are selected on object 'Object Repository/Emergency/Page_KDMC - Emergency/select_--Select--Adernaline 0.'

2018-05-15 13:43:12 - [MESSAGE][PASSED] - All options with index in [11] are selected on object 'Object Repository/Emergency/Page_KDMC - Emergency/select_--Select--Adernaline 0.'

2018-05-15 13:43:12 - [TEST_STEP][PASSED] - setText: Text '10' is set on object 'Object Repository/Emergency/Page_KDMC - Emergency/input_txttreat'

2018-05-15 13:43:12 - [MESSAGE][PASSED] - Text '10' is set on object 'Object Repository/Emergency/Page_KDMC - Emergency/input_txttreat'

2018-05-15 13:43:12 - [TEST_STEP][PASSED] - click: Object: 'Object Repository/Emergency/Page_KDMC - Emergency/button_Add' is clicked on

2018-05-15 13:43:17 - [MESSAGE][PASSED] - Object: 'Object Repository/Emergency/Page_KDMC - Emergency/button_Add' is clicked on

2018-05-15 13:43:17 - [TEST_STEP][PASSED] - selectOptionByIndex: All options with index in [4] are selected on object 'Object Repository/Emergency/Page_KDMC - Emergency/select_--Select--Schedule 1Inj'

2018-05-15 13:43:17 - [MESSAGE][PASSED] - All options with index in [4] are selected on object 'Object Repository/Emergency/Page_KDMC - Emergency/select_--Select--Schedule 1Inj'

2018-05-15 13:43:17 - [TEST_STEP][PASSED] - selectOptionByIndex: All options with index in [12] are selected on object 'Object Repository/Emergency/Page_KDMC - Emergency/select_--Select--Adernaline 0.'

2018-05-15 13:43:17 - [MESSAGE][PASSED] - All options with index in [12] are selected on object 'Object Repository/Emergency/Page_KDMC - Emergency/select_--Select--Adernaline 0.'

2018-05-15 13:43:17 - [TEST_STEP][PASSED] - setText: Text '10' is set on object 'Object Repository/Emergency/Page_KDMC - Emergency/input_txttreat'

2018-05-15 13:43:18 - [MESSAGE][PASSED] - Text '10' is set on object 'Object Repository/Emergency/Page_KDMC - Emergency/input_txttreat'

2018-05-15 13:43:18 - [TEST_STEP][PASSED] - click: Object: 'Object Repository/Emergency/Page_KDMC - Emergency/button_Add' is clicked on

2018-05-15 13:43:23 - [MESSAGE][PASSED] - Object: 'Object Repository/Emergency/Page_KDMC - Emergency/button_Add' is clicked on

2018-05-15 13:43:23 - [TEST_STEP][PASSED] - selectOptionByIndex: All options with index in [4] are selected on object 'Object Repository/Emergency/Page_KDMC - Emergency/select_--Select--Schedule 1Inj'

2018-05-15 13:43:23 - [MESSAGE][PASSED] - All options with index in [4] are selected on object 'Object Repository/Emergency/Page_KDMC - Emergency/select_--Select--Schedule 1Inj'

2018-05-15 13:43:23 - [TEST_STEP][PASSED] - selectOptionByIndex: All options with index in [13] are selected on object 'Object Repository/Emergency/Page_KDMC - Emergency/select_--Select--Adernaline 0.'

2018-05-15 13:43:23 - [MESSAGE][PASSED] - All options with index in [13] are selected on object 'Object Repository/Emergency/Page_KDMC - Emergency/select_--Select--Adernaline 0.'

2018-05-15 13:43:23 - [TEST_STEP][PASSED] - setText: Text '10' is set on object 'Object Repository/Emergency/Page_KDMC - Emergency/input_txttreat'

2018-05-15 13:43:23 - [MESSAGE][PASSED] - Text '10' is set on object 'Object Repository/Emergency/Page_KDMC - Emergency/input_txttreat'

2018-05-15 13:43:23 - [TEST_STEP][PASSED] - click: Object: 'Object Repository/Emergency/Page_KDMC - Emergency/button_Add' is clicked on

2018-05-15 13:43:28 - [MESSAGE][PASSED] - Object: 'Object Repository/Emergency/Page_KDMC - Emergency/button_Add' is clicked on

2018-05-15 13:43:28 - [TEST_STEP][PASSED] - selectOptionByIndex: All options with index in [4] are selected on object 'Object Repository/Emergency/Page_KDMC - Emergency/select_--Select--Schedule 1Inj'

2018-05-15 13:43:28 - [MESSAGE][PASSED] - All options with index in [4] are selected on object 'Object Repository/Emergency/Page_KDMC - Emergency/select_--Select--Schedule 1Inj'

2018-05-15 13:43:28 - [TEST_STEP][PASSED] - selectOptionByIndex: All options with index in [14] are selected on object 'Object Repository/Emergency/Page_KDMC - Emergency/select_--Select--Adernaline 0.'

2018-05-15 13:43:29 - [MESSAGE][PASSED] - All options with index in [14] are selected on object 'Object Repository/Emergency/Page_KDMC - Emergency/select_--Select--Adernaline 0.'

2018-05-15 13:43:29 - [TEST_STEP][PASSED] - setText: Text '10' is set on object 'Object Repository/Emergency/Page_KDMC - Emergency/input_txttreat'

2018-05-15 13:43:29 - [MESSAGE][PASSED] - Text '10' is set on object 'Object Repository/Emergency/Page_KDMC - Emergency/input_txttreat'

2018-05-15 13:43:29 - [TEST_STEP][PASSED] - click: Object: 'Object Repository/Emergency/Page_KDMC - Emergency/button_Add' is clicked on

2018-05-15 13:43:34 - [MESSAGE][PASSED] - Object: 'Object Repository/Emergency/Page_KDMC - Emergency/button_Add' is clicked on

2018-05-15 13:43:34 - [TEST_STEP][PASSED] - selectOptionByIndex: All options with index in [4] are selected on object 'Object Repository/Emergency/Page_KDMC - Emergency/select_--Select--Schedule 1Inj'

2018-05-15 13:43:34 - [MESSAGE][PASSED] - All options with index in [4] are selected on object 'Object Repository/Emergency/Page_KDMC - Emergency/select_--Select--Schedule 1Inj'

2018-05-15 13:43:34 - [TEST_STEP][PASSED] - selectOptionByIndex: All options with index in [15] are selected on object 'Object Repository/Emergency/Page_KDMC - Emergency/select_--Select--Adernaline 0.'

2018-05-15 13:43:34 - [MESSAGE][PASSED] - All options with index in [15] are selected on object 'Object Repository/Emergency/Page_KDMC - Emergency/select_--Select--Adernaline 0.'

2018-05-15 13:43:34 - [TEST_STEP][PASSED] - setText: Text '10' is set on object 'Object Repository/Emergency/Page_KDMC - Emergency/input_txttreat'

2018-05-15 13:43:34 - [MESSAGE][PASSED] - Text '10' is set on object 'Object Repository/Emergency/Page_KDMC - Emergency/input_txttreat'

2018-05-15 13:43:34 - [TEST_STEP][PASSED] - click: Object: 'Object Repository/Emergency/Page_KDMC - Emergency/button_Add' is clicked on

2018-05-15 13:43:39 - [MESSAGE][PASSED] - Object: 'Object Repository/Emergency/Page_KDMC - Emergency/button_Add' is clicked on

2018-05-15 13:43:39 - [TEST_STEP][PASSED] - selectOptionByIndex: All options with index in [4] are selected on object 'Object Repository/Emergency/Page_KDMC - Emergency/select_--Select--Schedule 1Inj'

2018-05-15 13:43:39 - [MESSAGE][PASSED] - All options with index in [4] are selected on object 'Object Repository/Emergency/Page_KDMC - Emergency/select_--Select--Schedule 1Inj'

2018-05-15 13:43:39 - [TEST_STEP][PASSED] - selectOptionByIndex: All options with index in [16] are selected on object 'Object Repository/Emergency/Page_KDMC - Emergency/select_--Select--Adernaline 0.'

2018-05-15 13:43:40 - [MESSAGE][PASSED] - All options with index in [16] are selected on object 'Object Repository/Emergency/Page_KDMC - Emergency/select_--Select--Adernaline 0.'

2018-05-15 13:43:40 - [TEST_STEP][PASSED] - setText: Text '10' is set on object 'Object Repository/Emergency/Page_KDMC - Emergency/input_txttreat'

2018-05-15 13:43:40 - [MESSAGE][PASSED] - Text '10' is set on object 'Object Repository/Emergency/Page_KDMC - Emergency/input_txttreat'

2018-05-15 13:43:40 - [TEST_STEP][PASSED] - click: Object: 'Object Repository/Emergency/Page_KDMC - Emergency/button_Add' is clicked on

2018-05-15 13:43:45 - [MESSAGE][PASSED] - Object: 'Object Repository/Emergency/Page_KDMC - Emergency/button_Add' is clicked on

2018-05-15 13:43:45 - [TEST_STEP][PASSED] - selectOptionByIndex: All options with index in [4] are selected on object 'Object Repository/Emergency/Page_KDMC - Emergency/select_--Select--Schedule 1Inj'

2018-05-15 13:43:45 - [MESSAGE][PASSED] - All options with index in [4] are selected on object 'Object Repository/Emergency/Page_KDMC - Emergency/select_--Select--Schedule 1Inj'

2018-05-15 13:43:45 - [TEST_STEP][PASSED] - selectOptionByIndex: All options with index in [17] are selected on object 'Object Repository/Emergency/Page_KDMC - Emergency/select_--Select--Adernaline 0.'

2018-05-15 13:43:45 - [MESSAGE][PASSED] - All options with index in [17] are selected on object 'Object Repository/Emergency/Page_KDMC - Emergency/select_--Select--Adernaline 0.'

2018-05-15 13:43:45 - [TEST_STEP][PASSED] - setText: Text '10' is set on object 'Object Repository/Emergency/Page_KDMC - Emergency/input_txttreat'

2018-05-15 13:43:45 - [MESSAGE][PASSED] - Text '10' is set on object 'Object Repository/Emergency/Page_KDMC - Emergency/input_txttreat'

2018-05-15 13:43:45 - [TEST_STEP][PASSED] - click: Object: 'Object Repository/Emergency/Page_KDMC - Emergency/button_Add' is clicked on

2018-05-15 13:43:50 - [MESSAGE][PASSED] - Object: 'Object Repository/Emergency/Page_KDMC - Emergency/button_Add' is clicked on

2018-05-15 13:43:50 - [TEST_STEP][PASSED] - selectOptionByIndex: All options with index in [4] are selected on object 'Object Repository/Emergency/Page_KDMC - Emergency/select_--Select--Schedule 1Inj'

2018-05-15 13:43:50 - [MESSAGE][PASSED] - All options with index in [4] are selected on object 'Object Repository/Emergency/Page_KDMC - Emergency/select_--Select--Schedule 1Inj'

2018-05-15 13:43:50 - [TEST_STEP][PASSED] - selectOptionByIndex: All options with index in [18] are selected on object 'Object Repository/Emergency/Page_KDMC - Emergency/select_--Select--Adernaline 0.'

2018-05-15 13:43:51 - [MESSAGE][PASSED] - All options with index in [18] are selected on object 'Object Repository/Emergency/Page_KDMC - Emergency/select_--Select--Adernaline 0.'

2018-05-15 13:43:51 - [TEST_STEP][PASSED] - setText: Text '10' is set on object 'Object Repository/Emergency/Page_KDMC - Emergency/input_txttreat'

2018-05-15 13:43:51 - [MESSAGE][PASSED] - Text '10' is set on object 'Object Repository/Emergency/Page_KDMC - Emergency/input_txttreat'

2018-05-15 13:43:51 - [TEST_STEP][PASSED] - click: Object: 'Object Repository/Emergency/Page_KDMC - Emergency/button_Add' is clicked on

2018-05-15 13:43:56 - [MESSAGE][PASSED] - Object: 'Object Repository/Emergency/Page_KDMC - Emergency/button_Add' is clicked on

2018-05-15 13:43:56 - [TEST_STEP][PASSED] - selectOptionByIndex: All options with index in [4] are selected on object 'Object Repository/Emergency/Page_KDMC - Emergency/select_--Select--Schedule 1Inj'

2018-05-15 13:43:56 - [MESSAGE][PASSED] - All options with index in [4] are selected on object 'Object Repository/Emergency/Page_KDMC - Emergency/select_--Select--Schedule 1Inj'

2018-05-15 13:43:56 - [TEST_STEP][PASSED] - selectOptionByIndex: All options with index in [19] are selected on object 'Object Repository/Emergency/Page_KDMC - Emergency/select_--Select--Adernaline 0.'

2018-05-15 13:43:56 - [MESSAGE][PASSED] - All options with index in [19] are selected on object 'Object Repository/Emergency/Page_KDMC - Emergency/select_--Select--Adernaline 0.'

2018-05-15 13:43:56 - [TEST_STEP][PASSED] - setText: Text '10' is set on object 'Object Repository/Emergency/Page_KDMC - Emergency/input_txttreat'

2018-05-15 13:43:56 - [MESSAGE][PASSED] - Text '10' is set on object 'Object Repository/Emergency/Page_KDMC - Emergency/input_txttreat'

2018-05-15 13:43:56 - [TEST_STEP][PASSED] - click: Object: 'Object Repository/Emergency/Page_KDMC - Emergency/button_Add' is clicked on

2018-05-15 13:44:02 - [MESSAGE][PASSED] - Object: 'Object Repository/Emergency/Page_KDMC - Emergency/button_Add' is clicked on

2018-05-15 13:44:02 - [TEST_STEP][PASSED] - selectOptionByIndex: All options with index in [4] are selected on object 'Object Repository/Emergency/Page_KDMC - Emergency/select_--Select--Schedule 1Inj'

2018-05-15 13:44:02 - [MESSAGE][PASSED] - All options with index in [4] are selected on object 'Object Repository/Emergency/Page_KDMC - Emergency/select_--Select--Schedule 1Inj'

2018-05-15 13:44:02 - [TEST_STEP][PASSED] - selectOptionByIndex: All options with index in [20] are selected on object 'Object Repository/Emergency/Page_KDMC - Emergency/select_--Select--Adernaline 0.'

2018-05-15 13:44:02 - [MESSAGE][PASSED] - All options with index in [20] are selected on object 'Object Repository/Emergency/Page_KDMC - Emergency/select_--Select--Adernaline 0.'

2018-05-15 13:44:02 - [TEST_STEP][PASSED] - setText: Text '10' is set on object 'Object Repository/Emergency/Page_KDMC - Emergency/input_txttreat'

2018-05-15 13:44:02 - [MESSAGE][PASSED] - Text '10' is set on object 'Object Repository/Emergency/Page_KDMC - Emergency/input_txttreat'

2018-05-15 13:44:02 - [TEST_STEP][PASSED] - click: Object: 'Object Repository/Emergency/Page_KDMC - Emergency/button_Add' is clicked on

2018-05-15 13:44:07 - [MESSAGE][PASSED] - Object: 'Object Repository/Emergency/Page_KDMC - Emergency/button_Add' is clicked on

2018-05-15 13:44:07 - [TEST_STEP][PASSED] - selectOptionByIndex: All options with index in [4] are selected on object 'Object Repository/Emergency/Page_KDMC - Emergency/select_--Select--Schedule 1Inj'

2018-05-15 13:44:07 - [MESSAGE][PASSED] - All options with index in [4] are selected on object 'Object Repository/Emergency/Page_KDMC - Emergency/select_--Select--Schedule 1Inj'

2018-05-15 13:44:07 - [TEST_STEP][PASSED] - selectOptionByIndex: All options with index in [21] are selected on object 'Object Repository/Emergency/Page_KDMC - Emergency/select_--Select--Adernaline 0.'

2018-05-15 13:44:08 - [MESSAGE][PASSED] - All options with index in [21] are selected on object 'Object Repository/Emergency/Page_KDMC - Emergency/select_--Select--Adernaline 0.'

2018-05-15 13:44:08 - [TEST_STEP][PASSED] - setText: Text '10' is set on object 'Object Repository/Emergency/Page_KDMC - Emergency/input_txttreat'

2018-05-15 13:44:08 - [MESSAGE][PASSED] - Text '10' is set on object 'Object Repository/Emergency/Page_KDMC - Emergency/input_txttreat'

2018-05-15 13:44:08 - [TEST_STEP][PASSED] - click: Object: 'Object Repository/Emergency/Page_KDMC - Emergency/button_Add' is clicked on

2018-05-15 13:44:13 - [MESSAGE][PASSED] - Object: 'Object Repository/Emergency/Page_KDMC - Emergency/button_Add' is clicked on

2018-05-15 13:44:13 - [TEST_STEP][PASSED] - selectOptionByIndex: All options with index in [4] are selected on object 'Object Repository/Emergency/Page_KDMC - Emergency/select_--Select--Schedule 1Inj'

2018-05-15 13:44:13 - [MESSAGE][PASSED] - All options with index in [4] are selected on object 'Object Repository/Emergency/Page_KDMC - Emergency/select_--Select--Schedule 1Inj'

2018-05-15 13:44:13 - [TEST_STEP][PASSED] - selectOptionByIndex: All options with index in [22] are selected on object 'Object Repository/Emergency/Page_KDMC - Emergency/select_--Select--Adernaline 0.'

2018-05-15 13:44:13 - [MESSAGE][PASSED] - All options with index in [22] are selected on object 'Object Repository/Emergency/Page_KDMC - Emergency/select_--Select--Adernaline 0.'

2018-05-15 13:44:13 - [TEST_STEP][PASSED] - setText: Text '10' is set on object 'Object Repository/Emergency/Page_KDMC - Emergency/input_txttreat'

2018-05-15 13:44:13 - [MESSAGE][PASSED] - Text '10' is set on object 'Object Repository/Emergency/Page_KDMC - Emergency/input_txttreat'

2018-05-15 13:44:13 - [TEST_STEP][PASSED] - click: Object: 'Object Repository/Emergency/Page_KDMC - Emergency/button_Add' is clicked on

2018-05-15 13:44:18 - [MESSAGE][PASSED] - Object: 'Object Repository/Emergency/Page_KDMC - Emergency/button_Add' is clicked on

2018-05-15 13:44:18 - [TEST_STEP][PASSED] - selectOptionByIndex: All options with index in [4] are selected on object 'Object Repository/Emergency/Page_KDMC - Emergency/select_--Select--Schedule 1Inj'

2018-05-15 13:44:19 - [MESSAGE][PASSED] - All options with index in [4] are selected on object 'Object Repository/Emergency/Page_KDMC - Emergency/select_--Select--Schedule 1Inj'

2018-05-15 13:44:19 - [TEST_STEP][PASSED] - selectOptionByIndex: All options with index in [23] are selected on object 'Object Repository/Emergency/Page_KDMC - Emergency/select_--Select--Adernaline 0.'

2018-05-15 13:44:19 - [MESSAGE][PASSED] - All options with index in [23] are selected on object 'Object Repository/Emergency/Page_KDMC - Emergency/select_--Select--Adernaline 0.'

2018-05-15 13:44:19 - [TEST_STEP][PASSED] - setText: Text '10' is set on object 'Object Repository/Emergency/Page_KDMC - Emergency/input_txttreat'

2018-05-15 13:44:19 - [MESSAGE][PASSED] - Text '10' is set on object 'Object Repository/Emergency/Page_KDMC - Emergency/input_txttreat'

2018-05-15 13:44:19 - [TEST_STEP][PASSED] - click: Object: 'Object Repository/Emergency/Page_KDMC - Emergency/button_Add' is clicked on

2018-05-15 13:44:24 - [MESSAGE][PASSED] - Object: 'Object Repository/Emergency/Page_KDMC - Emergency/button_Add' is clicked on

2018-05-15 13:44:24 - [TEST_STEP][PASSED] - scrollToElement: Scroll to object 'Object Repository/Emergency/Page_KDMC - Emergency/input_btnsave' successfully

2018-05-15 13:44:24 - [MESSAGE][PASSED] - Scroll to object 'Object Repository/Emergency/Page_KDMC - Emergency/input_btnsave' successfully

2018-05-15 13:44:24 - [TEST_STEP][PASSED] - click: Object: 'Object Repository/Emergency/Page_KDMC - Emergency/input_btnsave' is clicked on

2018-05-15 13:44:29 - [MESSAGE][PASSED] - Object: 'Object Repository/Emergency/Page_KDMC - Emergency/input_btnsave' is clicked on

2018-05-15 13:44:29 - [TEST_STEP][PASSED] - delay: Delayed 3 second(s)

2018-05-15 13:44:32 - [MESSAGE][PASSED] - Delayed 3 second(s)

2018-05-15 13:44:32 - [TEST_STEP][FAILED] - Statement - RequestNumber = com.kms.katalon.core.webui.keyword.WebUiBuiltInKeywords.getText(com.kms.katalon.core.testobject.ObjectRepository.findTestObject(Emergency/Page_KDMC - Emergency/font_ERNO100520183)): Unable to get text of object 'Object Repository/Emergency/Page_KDMC - Emergency/font_ERNO100520183' (Root cause: com.kms.katalon.core.webui.exception.WebElementNotFoundException: Web element with id: 'Object Repository/Emergency/Page_KDMC - Emergency/font_ERNO100520183' located by 'By.xpath: /html[1]/body[@class="skin-blue  pace-done modal-open"]/div[@class="bootbox modal fade bootbox-alert in"]/div[@class="modal-dialog"]/div[@class="modal-content"]/div[@class="modal-body"]/div[@class="bootbox-body"]/b[1]/font[1]' not found)

2018-05-15 13:45:04 - [MESSAGE][FAILED] - Unable to get text of object 'Object Repository/Emergency/Page_KDMC - Emergency/font_ERNO100520183' (Root cause: com.kms.katalon.core.webui.exception.WebElementNotFoundException: Web element with id: 'Object Repository/Emergency/Page_KDMC - Emergency/font_ERNO100520183' located by 'By.xpath: /html[1]/body[@class="skin-blue  pace-done modal-open"]/div[@class="bootbox modal fade bootbox-alert in"]/div[@class="modal-dialog"]/div[@class="modal-content"]/div[@class="modal-body"]/div[@class="bootbox-body"]/b[1]/font[1]' not found)
[[ATTACHMENT|C:\\Users\\Quality Analyst\\Katalon Studio\\ds\\Reports\\Emergency_Suit\\20180515_133425\\1526372103797.png]]]]></system-out>
         <system-err><![CDATA[2018-05-15 13:42:30 - [TEST_CASE][FAILED] - Test Cases/EMERGENCY TEST CASES/TC_ER_004 Verify Schedule 7 Emergency  Request Are Working Successfully Or Not: Test Cases/EMERGENCY TEST CASES/TC_ER_004 Verify Schedule 7 Emergency  Request Are Working Successfully Or Not FAILED because (of) Unable to get text of object 'Object Repository/Emergency/Page_KDMC - Emergency/font_ERNO100520183' (Root cause: com.kms.katalon.core.webui.exception.WebElementNotFoundException: Web element with id: 'Object Repository/Emergency/Page_KDMC - Emergency/font_ERNO100520183' located by 'By.xpath: /html[1]/body[@class="skin-blue  pace-done modal-open"]/div[@class="bootbox modal fade bootbox-alert in"]/div[@class="modal-dialog"]/div[@class="modal-content"]/div[@class="modal-body"]/div[@class="bootbox-body"]/b[1]/font[1]' not found)]]></system-err>
      </testcase>
      <testcase name="Test Cases/EMERGENCY TEST CASES/TC_ER_005 Verify Schedule 8 Emergency  Request Are Working Successfully Or Not" classname="Test Cases/EMERGENCY TEST CASES/TC_ER_005 Verify Schedule 8 Emergency  Request Are Working Successfully Or Not" status="PASSED">
         <system-out><![CDATA[2018-05-15 13:45:04 - [TEST_CASE][PASSED] - Test Cases/EMERGENCY TEST CASES/TC_ER_005 Verify Schedule 8 Emergency  Request Are Working Successfully Or Not: Test Cases/EMERGENCY TEST CASES/TC_ER_005 Verify Schedule 8 Emergency  Request Are Working Successfully Or Not

2018-05-15 13:45:04 - [TEST_STEP][PASSED] - openBrowser: Browser is opened with url: ''

2018-05-15 13:45:04 - [MESSAGE][WARNING] - A browser is already opened. Closing browser and opening a new one

2018-05-15 13:45:07 - [MESSAGE][PASSED] - Browser is opened with url: ''

2018-05-15 13:45:07 - [TEST_STEP][PASSED] - Statement - out.println("Verify Schedule 8 Emergency  Request Are Working Successfully Or Not"): null

2018-05-15 13:45:07 - [TEST_STEP][PASSED] - navigateToUrl: Navigate to 'http://192.168.137.1/Multihospital_New/EmergencyLogin.aspx' successfully

2018-05-15 13:45:10 - [MESSAGE][PASSED] - Navigate to 'http://192.168.137.1/Multihospital_New/EmergencyLogin.aspx' successfully

2018-05-15 13:45:10 - [TEST_STEP][PASSED] - maximizeWindow: Current window maximized

2018-05-15 13:45:12 - [MESSAGE][PASSED] - Current window maximized

2018-05-15 13:45:12 - [TEST_STEP][PASSED] - setText: Text 'nivetha' is set on object 'Object Repository/Emergency/Page_Emergency login/input_txtusername'

2018-05-15 13:45:12 - [MESSAGE][PASSED] - Text 'nivetha' is set on object 'Object Repository/Emergency/Page_Emergency login/input_txtusername'

2018-05-15 13:45:12 - [TEST_STEP][PASSED] - setText: Text '123' is set on object 'Object Repository/Emergency/Page_Emergency login/input_txtpassword'

2018-05-15 13:45:12 - [MESSAGE][PASSED] - Text '123' is set on object 'Object Repository/Emergency/Page_Emergency login/input_txtpassword'

2018-05-15 13:45:12 - [TEST_STEP][PASSED] - delay: Delayed 3 second(s)

2018-05-15 13:45:15 - [MESSAGE][PASSED] - Delayed 3 second(s)

2018-05-15 13:45:15 - [TEST_STEP][PASSED] - click: Object: 'Object Repository/Emergency/Page_Emergency login/button_Sign in' is clicked on

2018-05-15 13:45:16 - [MESSAGE][PASSED] - Object: 'Object Repository/Emergency/Page_Emergency login/button_Sign in' is clicked on

2018-05-15 13:45:16 - [TEST_STEP][PASSED] - delay: Delayed 3 second(s)

2018-05-15 13:45:19 - [MESSAGE][PASSED] - Delayed 3 second(s)

2018-05-15 13:45:19 - [TEST_STEP][PASSED] - click: Object: 'Object Repository/Emergency/Page_KDMC - Emergency/a_Store Request' is clicked on

2018-05-15 13:45:19 - [MESSAGE][PASSED] - Object: 'Object Repository/Emergency/Page_KDMC - Emergency/a_Store Request' is clicked on

2018-05-15 13:45:19 - [TEST_STEP][PASSED] - delay: Delayed 2 second(s)

2018-05-15 13:45:21 - [MESSAGE][PASSED] - Delayed 2 second(s)

2018-05-15 13:45:21 - [TEST_STEP][PASSED] - click: Object: 'Object Repository/Emergency/Page_KDMC - Emergency/a_Medicine Request' is clicked on

2018-05-15 13:45:22 - [MESSAGE][PASSED] - Object: 'Object Repository/Emergency/Page_KDMC - Emergency/a_Medicine Request' is clicked on

2018-05-15 13:45:22 - [TEST_STEP][PASSED] - delay: Delayed 2 second(s)

2018-05-15 13:45:24 - [MESSAGE][PASSED] - Delayed 2 second(s)

2018-05-15 13:45:24 - [TEST_STEP][PASSED] - selectOptionByIndex: All options with index in [5] are selected on object 'Object Repository/Emergency/Page_KDMC - Emergency/select_--Select--Schedule 1Inj'

2018-05-15 13:45:24 - [MESSAGE][PASSED] - All options with index in [5] are selected on object 'Object Repository/Emergency/Page_KDMC - Emergency/select_--Select--Schedule 1Inj'

2018-05-15 13:45:24 - [TEST_STEP][PASSED] - Statement - seletedoptions = com.kms.katalon.core.webui.keyword.WebUiBuiltInKeywords.getNumberOfTotalOption(com.kms.katalon.core.testobject.ObjectRepository.findTestObject(Emergency/Page_KDMC - Emergency/select_--Select--Adernaline 0.)): 18 options of object 'Object Repository/Emergency/Page_KDMC - Emergency/select_--Select--Adernaline 0.' counted

2018-05-15 13:45:24 - [MESSAGE][PASSED] - 18 options of object 'Object Repository/Emergency/Page_KDMC - Emergency/select_--Select--Adernaline 0.' counted

2018-05-15 13:45:24 - [TEST_STEP][PASSED] - Statement - For ([u = 1, u < seletedoptions, (u++)]): Object: 'Object Repository/Emergency/Page_KDMC - Emergency/button_Add' is clicked on

2018-05-15 13:45:24 - [TEST_STEP][PASSED] - selectOptionByIndex: All options with index in [5] are selected on object 'Object Repository/Emergency/Page_KDMC - Emergency/select_--Select--Schedule 1Inj'

2018-05-15 13:45:24 - [MESSAGE][PASSED] - All options with index in [5] are selected on object 'Object Repository/Emergency/Page_KDMC - Emergency/select_--Select--Schedule 1Inj'

2018-05-15 13:45:24 - [TEST_STEP][PASSED] - selectOptionByIndex: All options with index in [1] are selected on object 'Object Repository/Emergency/Page_KDMC - Emergency/select_--Select--Adernaline 0.'

2018-05-15 13:45:24 - [MESSAGE][PASSED] - All options with index in [1] are selected on object 'Object Repository/Emergency/Page_KDMC - Emergency/select_--Select--Adernaline 0.'

2018-05-15 13:45:24 - [TEST_STEP][PASSED] - setText: Text '10' is set on object 'Object Repository/Emergency/Page_KDMC - Emergency/input_txttreat'

2018-05-15 13:45:24 - [MESSAGE][PASSED] - Text '10' is set on object 'Object Repository/Emergency/Page_KDMC - Emergency/input_txttreat'

2018-05-15 13:45:24 - [TEST_STEP][PASSED] - click: Object: 'Object Repository/Emergency/Page_KDMC - Emergency/button_Add' is clicked on

2018-05-15 13:45:24 - [MESSAGE][PASSED] - Object: 'Object Repository/Emergency/Page_KDMC - Emergency/button_Add' is clicked on

2018-05-15 13:45:24 - [TEST_STEP][PASSED] - selectOptionByIndex: All options with index in [5] are selected on object 'Object Repository/Emergency/Page_KDMC - Emergency/select_--Select--Schedule 1Inj'

2018-05-15 13:45:24 - [MESSAGE][PASSED] - All options with index in [5] are selected on object 'Object Repository/Emergency/Page_KDMC - Emergency/select_--Select--Schedule 1Inj'

2018-05-15 13:45:24 - [TEST_STEP][PASSED] - selectOptionByIndex: All options with index in [2] are selected on object 'Object Repository/Emergency/Page_KDMC - Emergency/select_--Select--Adernaline 0.'

2018-05-15 13:45:25 - [MESSAGE][PASSED] - All options with index in [2] are selected on object 'Object Repository/Emergency/Page_KDMC - Emergency/select_--Select--Adernaline 0.'

2018-05-15 13:45:25 - [TEST_STEP][PASSED] - setText: Text '10' is set on object 'Object Repository/Emergency/Page_KDMC - Emergency/input_txttreat'

2018-05-15 13:45:25 - [MESSAGE][PASSED] - Text '10' is set on object 'Object Repository/Emergency/Page_KDMC - Emergency/input_txttreat'

2018-05-15 13:45:25 - [TEST_STEP][PASSED] - click: Object: 'Object Repository/Emergency/Page_KDMC - Emergency/button_Add' is clicked on

2018-05-15 13:45:25 - [MESSAGE][PASSED] - Object: 'Object Repository/Emergency/Page_KDMC - Emergency/button_Add' is clicked on

2018-05-15 13:45:25 - [TEST_STEP][PASSED] - selectOptionByIndex: All options with index in [5] are selected on object 'Object Repository/Emergency/Page_KDMC - Emergency/select_--Select--Schedule 1Inj'

2018-05-15 13:45:25 - [MESSAGE][PASSED] - All options with index in [5] are selected on object 'Object Repository/Emergency/Page_KDMC - Emergency/select_--Select--Schedule 1Inj'

2018-05-15 13:45:25 - [TEST_STEP][PASSED] - selectOptionByIndex: All options with index in [3] are selected on object 'Object Repository/Emergency/Page_KDMC - Emergency/select_--Select--Adernaline 0.'

2018-05-15 13:45:25 - [MESSAGE][PASSED] - All options with index in [3] are selected on object 'Object Repository/Emergency/Page_KDMC - Emergency/select_--Select--Adernaline 0.'

2018-05-15 13:45:25 - [TEST_STEP][PASSED] - setText: Text '10' is set on object 'Object Repository/Emergency/Page_KDMC - Emergency/input_txttreat'

2018-05-15 13:45:25 - [MESSAGE][PASSED] - Text '10' is set on object 'Object Repository/Emergency/Page_KDMC - Emergency/input_txttreat'

2018-05-15 13:45:25 - [TEST_STEP][PASSED] - click: Object: 'Object Repository/Emergency/Page_KDMC - Emergency/button_Add' is clicked on

2018-05-15 13:45:25 - [MESSAGE][PASSED] - Object: 'Object Repository/Emergency/Page_KDMC - Emergency/button_Add' is clicked on

2018-05-15 13:45:25 - [TEST_STEP][PASSED] - selectOptionByIndex: All options with index in [5] are selected on object 'Object Repository/Emergency/Page_KDMC - Emergency/select_--Select--Schedule 1Inj'

2018-05-15 13:45:25 - [MESSAGE][PASSED] - All options with index in [5] are selected on object 'Object Repository/Emergency/Page_KDMC - Emergency/select_--Select--Schedule 1Inj'

2018-05-15 13:45:25 - [TEST_STEP][PASSED] - selectOptionByIndex: All options with index in [4] are selected on object 'Object Repository/Emergency/Page_KDMC - Emergency/select_--Select--Adernaline 0.'

2018-05-15 13:45:26 - [MESSAGE][PASSED] - All options with index in [4] are selected on object 'Object Repository/Emergency/Page_KDMC - Emergency/select_--Select--Adernaline 0.'

2018-05-15 13:45:26 - [TEST_STEP][PASSED] - setText: Text '10' is set on object 'Object Repository/Emergency/Page_KDMC - Emergency/input_txttreat'

2018-05-15 13:45:26 - [MESSAGE][PASSED] - Text '10' is set on object 'Object Repository/Emergency/Page_KDMC - Emergency/input_txttreat'

2018-05-15 13:45:26 - [TEST_STEP][PASSED] - click: Object: 'Object Repository/Emergency/Page_KDMC - Emergency/button_Add' is clicked on

2018-05-15 13:45:26 - [MESSAGE][PASSED] - Object: 'Object Repository/Emergency/Page_KDMC - Emergency/button_Add' is clicked on

2018-05-15 13:45:26 - [TEST_STEP][PASSED] - selectOptionByIndex: All options with index in [5] are selected on object 'Object Repository/Emergency/Page_KDMC - Emergency/select_--Select--Schedule 1Inj'

2018-05-15 13:45:26 - [MESSAGE][PASSED] - All options with index in [5] are selected on object 'Object Repository/Emergency/Page_KDMC - Emergency/select_--Select--Schedule 1Inj'

2018-05-15 13:45:26 - [TEST_STEP][PASSED] - selectOptionByIndex: All options with index in [5] are selected on object 'Object Repository/Emergency/Page_KDMC - Emergency/select_--Select--Adernaline 0.'

2018-05-15 13:45:26 - [MESSAGE][PASSED] - All options with index in [5] are selected on object 'Object Repository/Emergency/Page_KDMC - Emergency/select_--Select--Adernaline 0.'

2018-05-15 13:45:26 - [TEST_STEP][PASSED] - setText: Text '10' is set on object 'Object Repository/Emergency/Page_KDMC - Emergency/input_txttreat'

2018-05-15 13:45:26 - [MESSAGE][PASSED] - Text '10' is set on object 'Object Repository/Emergency/Page_KDMC - Emergency/input_txttreat'

2018-05-15 13:45:26 - [TEST_STEP][PASSED] - click: Object: 'Object Repository/Emergency/Page_KDMC - Emergency/button_Add' is clicked on

2018-05-15 13:45:26 - [MESSAGE][PASSED] - Object: 'Object Repository/Emergency/Page_KDMC - Emergency/button_Add' is clicked on

2018-05-15 13:45:26 - [TEST_STEP][PASSED] - selectOptionByIndex: All options with index in [5] are selected on object 'Object Repository/Emergency/Page_KDMC - Emergency/select_--Select--Schedule 1Inj'

2018-05-15 13:45:26 - [MESSAGE][PASSED] - All options with index in [5] are selected on object 'Object Repository/Emergency/Page_KDMC - Emergency/select_--Select--Schedule 1Inj'

2018-05-15 13:45:26 - [TEST_STEP][PASSED] - selectOptionByIndex: All options with index in [6] are selected on object 'Object Repository/Emergency/Page_KDMC - Emergency/select_--Select--Adernaline 0.'

2018-05-15 13:45:27 - [MESSAGE][PASSED] - All options with index in [6] are selected on object 'Object Repository/Emergency/Page_KDMC - Emergency/select_--Select--Adernaline 0.'

2018-05-15 13:45:27 - [TEST_STEP][PASSED] - setText: Text '10' is set on object 'Object Repository/Emergency/Page_KDMC - Emergency/input_txttreat'

2018-05-15 13:45:27 - [MESSAGE][PASSED] - Text '10' is set on object 'Object Repository/Emergency/Page_KDMC - Emergency/input_txttreat'

2018-05-15 13:45:27 - [TEST_STEP][PASSED] - click: Object: 'Object Repository/Emergency/Page_KDMC - Emergency/button_Add' is clicked on

2018-05-15 13:45:27 - [MESSAGE][PASSED] - Object: 'Object Repository/Emergency/Page_KDMC - Emergency/button_Add' is clicked on

2018-05-15 13:45:27 - [TEST_STEP][PASSED] - selectOptionByIndex: All options with index in [5] are selected on object 'Object Repository/Emergency/Page_KDMC - Emergency/select_--Select--Schedule 1Inj'

2018-05-15 13:45:27 - [MESSAGE][PASSED] - All options with index in [5] are selected on object 'Object Repository/Emergency/Page_KDMC - Emergency/select_--Select--Schedule 1Inj'

2018-05-15 13:45:27 - [TEST_STEP][PASSED] - selectOptionByIndex: All options with index in [7] are selected on object 'Object Repository/Emergency/Page_KDMC - Emergency/select_--Select--Adernaline 0.'

2018-05-15 13:45:27 - [MESSAGE][PASSED] - All options with index in [7] are selected on object 'Object Repository/Emergency/Page_KDMC - Emergency/select_--Select--Adernaline 0.'

2018-05-15 13:45:27 - [TEST_STEP][PASSED] - setText: Text '10' is set on object 'Object Repository/Emergency/Page_KDMC - Emergency/input_txttreat'

2018-05-15 13:45:27 - [MESSAGE][PASSED] - Text '10' is set on object 'Object Repository/Emergency/Page_KDMC - Emergency/input_txttreat'

2018-05-15 13:45:27 - [TEST_STEP][PASSED] - click: Object: 'Object Repository/Emergency/Page_KDMC - Emergency/button_Add' is clicked on

2018-05-15 13:45:27 - [MESSAGE][PASSED] - Object: 'Object Repository/Emergency/Page_KDMC - Emergency/button_Add' is clicked on

2018-05-15 13:45:27 - [TEST_STEP][PASSED] - selectOptionByIndex: All options with index in [5] are selected on object 'Object Repository/Emergency/Page_KDMC - Emergency/select_--Select--Schedule 1Inj'

2018-05-15 13:45:27 - [MESSAGE][PASSED] - All options with index in [5] are selected on object 'Object Repository/Emergency/Page_KDMC - Emergency/select_--Select--Schedule 1Inj'

2018-05-15 13:45:27 - [TEST_STEP][PASSED] - selectOptionByIndex: All options with index in [8] are selected on object 'Object Repository/Emergency/Page_KDMC - Emergency/select_--Select--Adernaline 0.'

2018-05-15 13:45:28 - [MESSAGE][PASSED] - All options with index in [8] are selected on object 'Object Repository/Emergency/Page_KDMC - Emergency/select_--Select--Adernaline 0.'

2018-05-15 13:45:28 - [TEST_STEP][PASSED] - setText: Text '10' is set on object 'Object Repository/Emergency/Page_KDMC - Emergency/input_txttreat'

2018-05-15 13:45:28 - [MESSAGE][PASSED] - Text '10' is set on object 'Object Repository/Emergency/Page_KDMC - Emergency/input_txttreat'

2018-05-15 13:45:28 - [TEST_STEP][PASSED] - click: Object: 'Object Repository/Emergency/Page_KDMC - Emergency/button_Add' is clicked on

2018-05-15 13:45:28 - [MESSAGE][PASSED] - Object: 'Object Repository/Emergency/Page_KDMC - Emergency/button_Add' is clicked on

2018-05-15 13:45:28 - [TEST_STEP][PASSED] - selectOptionByIndex: All options with index in [5] are selected on object 'Object Repository/Emergency/Page_KDMC - Emergency/select_--Select--Schedule 1Inj'

2018-05-15 13:45:28 - [MESSAGE][PASSED] - All options with index in [5] are selected on object 'Object Repository/Emergency/Page_KDMC - Emergency/select_--Select--Schedule 1Inj'

2018-05-15 13:45:28 - [TEST_STEP][PASSED] - selectOptionByIndex: All options with index in [9] are selected on object 'Object Repository/Emergency/Page_KDMC - Emergency/select_--Select--Adernaline 0.'

2018-05-15 13:45:28 - [MESSAGE][PASSED] - All options with index in [9] are selected on object 'Object Repository/Emergency/Page_KDMC - Emergency/select_--Select--Adernaline 0.'

2018-05-15 13:45:28 - [TEST_STEP][PASSED] - setText: Text '10' is set on object 'Object Repository/Emergency/Page_KDMC - Emergency/input_txttreat'

2018-05-15 13:45:28 - [MESSAGE][PASSED] - Text '10' is set on object 'Object Repository/Emergency/Page_KDMC - Emergency/input_txttreat'

2018-05-15 13:45:28 - [TEST_STEP][PASSED] - click: Object: 'Object Repository/Emergency/Page_KDMC - Emergency/button_Add' is clicked on

2018-05-15 13:45:28 - [MESSAGE][PASSED] - Object: 'Object Repository/Emergency/Page_KDMC - Emergency/button_Add' is clicked on

2018-05-15 13:45:28 - [TEST_STEP][PASSED] - selectOptionByIndex: All options with index in [5] are selected on object 'Object Repository/Emergency/Page_KDMC - Emergency/select_--Select--Schedule 1Inj'

2018-05-15 13:45:28 - [MESSAGE][PASSED] - All options with index in [5] are selected on object 'Object Repository/Emergency/Page_KDMC - Emergency/select_--Select--Schedule 1Inj'

2018-05-15 13:45:28 - [TEST_STEP][PASSED] - selectOptionByIndex: All options with index in [10] are selected on object 'Object Repository/Emergency/Page_KDMC - Emergency/select_--Select--Adernaline 0.'

2018-05-15 13:45:29 - [MESSAGE][PASSED] - All options with index in [10] are selected on object 'Object Repository/Emergency/Page_KDMC - Emergency/select_--Select--Adernaline 0.'

2018-05-15 13:45:29 - [TEST_STEP][PASSED] - setText: Text '10' is set on object 'Object Repository/Emergency/Page_KDMC - Emergency/input_txttreat'

2018-05-15 13:45:29 - [MESSAGE][PASSED] - Text '10' is set on object 'Object Repository/Emergency/Page_KDMC - Emergency/input_txttreat'

2018-05-15 13:45:29 - [TEST_STEP][PASSED] - click: Object: 'Object Repository/Emergency/Page_KDMC - Emergency/button_Add' is clicked on

2018-05-15 13:45:29 - [MESSAGE][PASSED] - Object: 'Object Repository/Emergency/Page_KDMC - Emergency/button_Add' is clicked on

2018-05-15 13:45:29 - [TEST_STEP][PASSED] - selectOptionByIndex: All options with index in [5] are selected on object 'Object Repository/Emergency/Page_KDMC - Emergency/select_--Select--Schedule 1Inj'

2018-05-15 13:45:29 - [MESSAGE][PASSED] - All options with index in [5] are selected on object 'Object Repository/Emergency/Page_KDMC - Emergency/select_--Select--Schedule 1Inj'

2018-05-15 13:45:29 - [TEST_STEP][PASSED] - selectOptionByIndex: All options with index in [11] are selected on object 'Object Repository/Emergency/Page_KDMC - Emergency/select_--Select--Adernaline 0.'

2018-05-15 13:45:29 - [MESSAGE][PASSED] - All options with index in [11] are selected on object 'Object Repository/Emergency/Page_KDMC - Emergency/select_--Select--Adernaline 0.'

2018-05-15 13:45:29 - [TEST_STEP][PASSED] - setText: Text '10' is set on object 'Object Repository/Emergency/Page_KDMC - Emergency/input_txttreat'

2018-05-15 13:45:29 - [MESSAGE][PASSED] - Text '10' is set on object 'Object Repository/Emergency/Page_KDMC - Emergency/input_txttreat'

2018-05-15 13:45:29 - [TEST_STEP][PASSED] - click: Object: 'Object Repository/Emergency/Page_KDMC - Emergency/button_Add' is clicked on

2018-05-15 13:45:29 - [MESSAGE][PASSED] - Object: 'Object Repository/Emergency/Page_KDMC - Emergency/button_Add' is clicked on

2018-05-15 13:45:29 - [TEST_STEP][PASSED] - selectOptionByIndex: All options with index in [5] are selected on object 'Object Repository/Emergency/Page_KDMC - Emergency/select_--Select--Schedule 1Inj'

2018-05-15 13:45:30 - [MESSAGE][PASSED] - All options with index in [5] are selected on object 'Object Repository/Emergency/Page_KDMC - Emergency/select_--Select--Schedule 1Inj'

2018-05-15 13:45:30 - [TEST_STEP][PASSED] - selectOptionByIndex: All options with index in [12] are selected on object 'Object Repository/Emergency/Page_KDMC - Emergency/select_--Select--Adernaline 0.'

2018-05-15 13:45:30 - [MESSAGE][PASSED] - All options with index in [12] are selected on object 'Object Repository/Emergency/Page_KDMC - Emergency/select_--Select--Adernaline 0.'

2018-05-15 13:45:30 - [TEST_STEP][PASSED] - setText: Text '10' is set on object 'Object Repository/Emergency/Page_KDMC - Emergency/input_txttreat'

2018-05-15 13:45:30 - [MESSAGE][PASSED] - Text '10' is set on object 'Object Repository/Emergency/Page_KDMC - Emergency/input_txttreat'

2018-05-15 13:45:30 - [TEST_STEP][PASSED] - click: Object: 'Object Repository/Emergency/Page_KDMC - Emergency/button_Add' is clicked on

2018-05-15 13:45:30 - [MESSAGE][PASSED] - Object: 'Object Repository/Emergency/Page_KDMC - Emergency/button_Add' is clicked on

2018-05-15 13:45:30 - [TEST_STEP][PASSED] - selectOptionByIndex: All options with index in [5] are selected on object 'Object Repository/Emergency/Page_KDMC - Emergency/select_--Select--Schedule 1Inj'

2018-05-15 13:45:30 - [MESSAGE][PASSED] - All options with index in [5] are selected on object 'Object Repository/Emergency/Page_KDMC - Emergency/select_--Select--Schedule 1Inj'

2018-05-15 13:45:30 - [TEST_STEP][PASSED] - selectOptionByIndex: All options with index in [13] are selected on object 'Object Repository/Emergency/Page_KDMC - Emergency/select_--Select--Adernaline 0.'

2018-05-15 13:45:30 - [MESSAGE][PASSED] - All options with index in [13] are selected on object 'Object Repository/Emergency/Page_KDMC - Emergency/select_--Select--Adernaline 0.'

2018-05-15 13:45:30 - [TEST_STEP][PASSED] - setText: Text '10' is set on object 'Object Repository/Emergency/Page_KDMC - Emergency/input_txttreat'

2018-05-15 13:45:31 - [MESSAGE][PASSED] - Text '10' is set on object 'Object Repository/Emergency/Page_KDMC - Emergency/input_txttreat'

2018-05-15 13:45:31 - [TEST_STEP][PASSED] - click: Object: 'Object Repository/Emergency/Page_KDMC - Emergency/button_Add' is clicked on

2018-05-15 13:45:31 - [MESSAGE][PASSED] - Object: 'Object Repository/Emergency/Page_KDMC - Emergency/button_Add' is clicked on

2018-05-15 13:45:31 - [TEST_STEP][PASSED] - selectOptionByIndex: All options with index in [5] are selected on object 'Object Repository/Emergency/Page_KDMC - Emergency/select_--Select--Schedule 1Inj'

2018-05-15 13:45:31 - [MESSAGE][PASSED] - All options with index in [5] are selected on object 'Object Repository/Emergency/Page_KDMC - Emergency/select_--Select--Schedule 1Inj'

2018-05-15 13:45:31 - [TEST_STEP][PASSED] - selectOptionByIndex: All options with index in [14] are selected on object 'Object Repository/Emergency/Page_KDMC - Emergency/select_--Select--Adernaline 0.'

2018-05-15 13:45:31 - [MESSAGE][PASSED] - All options with index in [14] are selected on object 'Object Repository/Emergency/Page_KDMC - Emergency/select_--Select--Adernaline 0.'

2018-05-15 13:45:31 - [TEST_STEP][PASSED] - setText: Text '10' is set on object 'Object Repository/Emergency/Page_KDMC - Emergency/input_txttreat'

2018-05-15 13:45:31 - [MESSAGE][PASSED] - Text '10' is set on object 'Object Repository/Emergency/Page_KDMC - Emergency/input_txttreat'

2018-05-15 13:45:31 - [TEST_STEP][PASSED] - click: Object: 'Object Repository/Emergency/Page_KDMC - Emergency/button_Add' is clicked on

2018-05-15 13:45:31 - [MESSAGE][PASSED] - Object: 'Object Repository/Emergency/Page_KDMC - Emergency/button_Add' is clicked on

2018-05-15 13:45:31 - [TEST_STEP][PASSED] - selectOptionByIndex: All options with index in [5] are selected on object 'Object Repository/Emergency/Page_KDMC - Emergency/select_--Select--Schedule 1Inj'

2018-05-15 13:45:31 - [MESSAGE][PASSED] - All options with index in [5] are selected on object 'Object Repository/Emergency/Page_KDMC - Emergency/select_--Select--Schedule 1Inj'

2018-05-15 13:45:31 - [TEST_STEP][PASSED] - selectOptionByIndex: All options with index in [15] are selected on object 'Object Repository/Emergency/Page_KDMC - Emergency/select_--Select--Adernaline 0.'

2018-05-15 13:45:32 - [MESSAGE][PASSED] - All options with index in [15] are selected on object 'Object Repository/Emergency/Page_KDMC - Emergency/select_--Select--Adernaline 0.'

2018-05-15 13:45:32 - [TEST_STEP][PASSED] - setText: Text '10' is set on object 'Object Repository/Emergency/Page_KDMC - Emergency/input_txttreat'

2018-05-15 13:45:32 - [MESSAGE][PASSED] - Text '10' is set on object 'Object Repository/Emergency/Page_KDMC - Emergency/input_txttreat'

2018-05-15 13:45:32 - [TEST_STEP][PASSED] - click: Object: 'Object Repository/Emergency/Page_KDMC - Emergency/button_Add' is clicked on

2018-05-15 13:45:32 - [MESSAGE][PASSED] - Object: 'Object Repository/Emergency/Page_KDMC - Emergency/button_Add' is clicked on

2018-05-15 13:45:32 - [TEST_STEP][PASSED] - selectOptionByIndex: All options with index in [5] are selected on object 'Object Repository/Emergency/Page_KDMC - Emergency/select_--Select--Schedule 1Inj'

2018-05-15 13:45:32 - [MESSAGE][PASSED] - All options with index in [5] are selected on object 'Object Repository/Emergency/Page_KDMC - Emergency/select_--Select--Schedule 1Inj'

2018-05-15 13:45:32 - [TEST_STEP][PASSED] - selectOptionByIndex: All options with index in [16] are selected on object 'Object Repository/Emergency/Page_KDMC - Emergency/select_--Select--Adernaline 0.'

2018-05-15 13:45:32 - [MESSAGE][PASSED] - All options with index in [16] are selected on object 'Object Repository/Emergency/Page_KDMC - Emergency/select_--Select--Adernaline 0.'

2018-05-15 13:45:32 - [TEST_STEP][PASSED] - setText: Text '10' is set on object 'Object Repository/Emergency/Page_KDMC - Emergency/input_txttreat'

2018-05-15 13:45:32 - [MESSAGE][PASSED] - Text '10' is set on object 'Object Repository/Emergency/Page_KDMC - Emergency/input_txttreat'

2018-05-15 13:45:32 - [TEST_STEP][PASSED] - click: Object: 'Object Repository/Emergency/Page_KDMC - Emergency/button_Add' is clicked on

2018-05-15 13:45:32 - [MESSAGE][PASSED] - Object: 'Object Repository/Emergency/Page_KDMC - Emergency/button_Add' is clicked on

2018-05-15 13:45:32 - [TEST_STEP][PASSED] - selectOptionByIndex: All options with index in [5] are selected on object 'Object Repository/Emergency/Page_KDMC - Emergency/select_--Select--Schedule 1Inj'

2018-05-15 13:45:33 - [MESSAGE][PASSED] - All options with index in [5] are selected on object 'Object Repository/Emergency/Page_KDMC - Emergency/select_--Select--Schedule 1Inj'

2018-05-15 13:45:33 - [TEST_STEP][PASSED] - selectOptionByIndex: All options with index in [17] are selected on object 'Object Repository/Emergency/Page_KDMC - Emergency/select_--Select--Adernaline 0.'

2018-05-15 13:45:33 - [MESSAGE][PASSED] - All options with index in [17] are selected on object 'Object Repository/Emergency/Page_KDMC - Emergency/select_--Select--Adernaline 0.'

2018-05-15 13:45:33 - [TEST_STEP][PASSED] - setText: Text '10' is set on object 'Object Repository/Emergency/Page_KDMC - Emergency/input_txttreat'

2018-05-15 13:45:33 - [MESSAGE][PASSED] - Text '10' is set on object 'Object Repository/Emergency/Page_KDMC - Emergency/input_txttreat'

2018-05-15 13:45:33 - [TEST_STEP][PASSED] - click: Object: 'Object Repository/Emergency/Page_KDMC - Emergency/button_Add' is clicked on

2018-05-15 13:45:33 - [MESSAGE][PASSED] - Object: 'Object Repository/Emergency/Page_KDMC - Emergency/button_Add' is clicked on

2018-05-15 13:45:33 - [TEST_STEP][PASSED] - scrollToElement: Scroll to object 'Object Repository/Emergency/Page_KDMC - Emergency/input_btnsave' successfully

2018-05-15 13:45:33 - [MESSAGE][PASSED] - Scroll to object 'Object Repository/Emergency/Page_KDMC - Emergency/input_btnsave' successfully

2018-05-15 13:45:33 - [TEST_STEP][PASSED] - click: Object: 'Object Repository/Emergency/Page_KDMC - Emergency/input_btnsave' is clicked on

2018-05-15 13:45:33 - [MESSAGE][PASSED] - Object: 'Object Repository/Emergency/Page_KDMC - Emergency/input_btnsave' is clicked on

2018-05-15 13:45:33 - [TEST_STEP][PASSED] - delay: Delayed 3 second(s)

2018-05-15 13:45:36 - [MESSAGE][PASSED] - Delayed 3 second(s)

2018-05-15 13:45:36 - [TEST_STEP][PASSED] - Statement - RequestNumber = com.kms.katalon.core.webui.keyword.WebUiBuiltInKeywords.getText(com.kms.katalon.core.testobject.ObjectRepository.findTestObject(Emergency/Page_KDMC - Emergency/font_ERNO100520183)): Text of object 'Object Repository/Emergency/Page_KDMC - Emergency/font_ERNO100520183' is: 'ERNO/15052018/150'

2018-05-15 13:45:36 - [MESSAGE][PASSED] - Text of object 'Object Repository/Emergency/Page_KDMC - Emergency/font_ERNO100520183' is: 'ERNO/15052018/150'

2018-05-15 13:45:36 - [TEST_STEP][PASSED] - Statement - Rno = RequestNumber.split("/")[2]: null

2018-05-15 13:45:36 - [TEST_STEP][PASSED] - Statement - out.println(Rno): null

2018-05-15 13:45:36 - [TEST_STEP][PASSED] - click: Object: 'Object Repository/Emergency/Page_KDMC - Emergency/button_OK' is clicked on

2018-05-15 13:45:37 - [MESSAGE][PASSED] - Object: 'Object Repository/Emergency/Page_KDMC - Emergency/button_OK' is clicked on

2018-05-15 13:45:37 - [TEST_STEP][PASSED] - delay: Delayed 3 second(s)

2018-05-15 13:45:40 - [MESSAGE][PASSED] - Delayed 3 second(s)

2018-05-15 13:45:40 - [TEST_STEP][PASSED] - click: Object: 'Object Repository/Emergency/Page_KDMC - Emergency/a_dropdown-toggle' is clicked on

2018-05-15 13:45:40 - [MESSAGE][PASSED] - Object: 'Object Repository/Emergency/Page_KDMC - Emergency/a_dropdown-toggle' is clicked on

2018-05-15 13:45:40 - [TEST_STEP][PASSED] - click: Object: 'Object Repository/Emergency/Page_KDMC - Emergency/a_Sign out' is clicked on

2018-05-15 13:45:41 - [MESSAGE][PASSED] - Object: 'Object Repository/Emergency/Page_KDMC - Emergency/a_Sign out' is clicked on

2018-05-15 13:45:41 - [TEST_STEP][PASSED] - delay: Delayed 3 second(s)

2018-05-15 13:45:44 - [MESSAGE][PASSED] - Delayed 3 second(s)

2018-05-15 13:45:44 - [TEST_STEP][PASSED] - click: Object: 'Object Repository/Emergency/Page_KDMC/a_CMO' is clicked on

2018-05-15 13:45:44 - [MESSAGE][PASSED] - Object: 'Object Repository/Emergency/Page_KDMC/a_CMO' is clicked on

2018-05-15 13:45:44 - [TEST_STEP][PASSED] - setText: Text 'guru' is set on object 'Object Repository/Emergency/Page_CMO login/input_txtusername'

2018-05-15 13:45:44 - [MESSAGE][PASSED] - Text 'guru' is set on object 'Object Repository/Emergency/Page_CMO login/input_txtusername'

2018-05-15 13:45:44 - [TEST_STEP][PASSED] - setText: Text '123' is set on object 'Object Repository/Emergency/Page_CMO login/input_txtpassword'

2018-05-15 13:45:44 - [MESSAGE][PASSED] - Text '123' is set on object 'Object Repository/Emergency/Page_CMO login/input_txtpassword'

2018-05-15 13:45:44 - [TEST_STEP][PASSED] - delay: Delayed 3 second(s)

2018-05-15 13:45:47 - [MESSAGE][PASSED] - Delayed 3 second(s)

2018-05-15 13:45:47 - [TEST_STEP][PASSED] - click: Object: 'Object Repository/Emergency/Page_CMO login/button_Sign in' is clicked on

2018-05-15 13:45:48 - [MESSAGE][PASSED] - Object: 'Object Repository/Emergency/Page_CMO login/button_Sign in' is clicked on

2018-05-15 13:45:48 - [TEST_STEP][PASSED] - delay: Delayed 2 second(s)

2018-05-15 13:45:50 - [MESSAGE][PASSED] - Delayed 2 second(s)

2018-05-15 13:45:50 - [TEST_STEP][PASSED] - click: Object: 'Object Repository/Emergency/Page_KDMC - CMO/a_Department Wise Request' is clicked on

2018-05-15 13:45:51 - [MESSAGE][PASSED] - Object: 'Object Repository/Emergency/Page_KDMC - CMO/a_Department Wise Request' is clicked on

2018-05-15 13:45:51 - [TEST_STEP][PASSED] - selectOptionByIndex: All options with index in [7] are selected on object 'Object Repository/Emergency/Page_KDMC - CMO/select_--ALL--'

2018-05-15 13:45:52 - [MESSAGE][PASSED] - All options with index in [7] are selected on object 'Object Repository/Emergency/Page_KDMC - CMO/select_--ALL--'

2018-05-15 13:45:52 - [TEST_STEP][PASSED] - selectOptionByIndex: All options with index in [1] are selected on object 'Object Repository/Emergency/Page_KDMC - CMO/select_--ALL--                _1'

2018-05-15 13:45:52 - [MESSAGE][PASSED] - All options with index in [1] are selected on object 'Object Repository/Emergency/Page_KDMC - CMO/select_--ALL--                _1'

2018-05-15 13:45:52 - [TEST_STEP][PASSED] - click: Object: 'Object Repository/Emergency/Page_KDMC - CMO/input_btnsearch' is clicked on

2018-05-15 13:45:52 - [MESSAGE][PASSED] - Object: 'Object Repository/Emergency/Page_KDMC - CMO/input_btnsearch' is clicked on

2018-05-15 13:45:52 - [TEST_STEP][PASSED] - Statement - ID = com.kms.katalon.core.webui.keyword.WebUiBuiltInKeywords.modifyObjectProperty(com.kms.katalon.core.testobject.ObjectRepository.findTestObject(Emergency/Page_KDMC - CMO/input_3), "xpath", "equals", "//*[@id=" + Rno + "]", true): Modify property of object successfully

2018-05-15 13:45:52 - [MESSAGE][PASSED] - Modify property of object successfully

2018-05-15 13:45:52 - [TEST_STEP][PASSED] - click: Object: 'Object Repository/Emergency/Page_KDMC - CMO/input_3' is clicked on

2018-05-15 13:45:52 - [MESSAGE][PASSED] - Object: 'Object Repository/Emergency/Page_KDMC - CMO/input_3' is clicked on

2018-05-15 13:45:52 - [TEST_STEP][PASSED] - delay: Delayed 2 second(s)

2018-05-15 13:45:54 - [MESSAGE][PASSED] - Delayed 2 second(s)

2018-05-15 13:45:54 - [TEST_STEP][PASSED] - selectOptionByIndex: All options with index in [1] are selected on object 'Object Repository/Emergency/Page_KDMC - CMO/select_--Select--'

2018-05-15 13:45:55 - [MESSAGE][PASSED] - All options with index in [1] are selected on object 'Object Repository/Emergency/Page_KDMC - CMO/select_--Select--'

2018-05-15 13:45:55 - [TEST_STEP][PASSED] - click: Object: 'Object Repository/Emergency/Page_KDMC - CMO/input_btnupdate' is clicked on

2018-05-15 13:45:55 - [MESSAGE][PASSED] - Object: 'Object Repository/Emergency/Page_KDMC - CMO/input_btnupdate' is clicked on

2018-05-15 13:45:55 - [TEST_STEP][PASSED] - delay: Delayed 2 second(s)

2018-05-15 13:45:57 - [MESSAGE][PASSED] - Delayed 2 second(s)

2018-05-15 13:45:57 - [TEST_STEP][PASSED] - click: Object: 'Object Repository/Emergency/Page_KDMC - CMO/button_OK' is clicked on

2018-05-15 13:45:57 - [MESSAGE][PASSED] - Object: 'Object Repository/Emergency/Page_KDMC - CMO/button_OK' is clicked on

2018-05-15 13:45:57 - [TEST_STEP][PASSED] - delay: Delayed 2 second(s)

2018-05-15 13:45:59 - [MESSAGE][PASSED] - Delayed 2 second(s)

2018-05-15 13:45:59 - [TEST_STEP][PASSED] - click: Object: 'Object Repository/Emergency/Page_KDMC - CMO/a_dropdown-toggle' is clicked on

2018-05-15 13:45:59 - [MESSAGE][PASSED] - Object: 'Object Repository/Emergency/Page_KDMC - CMO/a_dropdown-toggle' is clicked on

2018-05-15 13:45:59 - [TEST_STEP][PASSED] - click: Object: 'Object Repository/Emergency/Page_KDMC - CMO/a_Sign out' is clicked on

2018-05-15 13:46:00 - [MESSAGE][PASSED] - Object: 'Object Repository/Emergency/Page_KDMC - CMO/a_Sign out' is clicked on

2018-05-15 13:46:00 - [TEST_STEP][PASSED] - delay: Delayed 3 second(s)

2018-05-15 13:46:03 - [MESSAGE][PASSED] - Delayed 3 second(s)

2018-05-15 13:46:03 - [TEST_STEP][PASSED] - click: Object: 'Object Repository/Emergency/Page_KDMC/a_Divisional Store' is clicked on

2018-05-15 13:46:04 - [MESSAGE][PASSED] - Object: 'Object Repository/Emergency/Page_KDMC/a_Divisional Store' is clicked on

2018-05-15 13:46:04 - [TEST_STEP][PASSED] - setText: Text 'ragu' is set on object 'Object Repository/Emergency/Page_Divisonal Store Login/input_txtusername'

2018-05-15 13:46:04 - [MESSAGE][PASSED] - Text 'ragu' is set on object 'Object Repository/Emergency/Page_Divisonal Store Login/input_txtusername'

2018-05-15 13:46:04 - [TEST_STEP][PASSED] - setText: Text '123' is set on object 'Object Repository/Emergency/Page_Divisonal Store Login/input_txtpassword'

2018-05-15 13:46:04 - [MESSAGE][PASSED] - Text '123' is set on object 'Object Repository/Emergency/Page_Divisonal Store Login/input_txtpassword'

2018-05-15 13:46:04 - [TEST_STEP][PASSED] - delay: Delayed 3 second(s)

2018-05-15 13:46:07 - [MESSAGE][PASSED] - Delayed 3 second(s)

2018-05-15 13:46:07 - [TEST_STEP][PASSED] - click: Object: 'Object Repository/Emergency/Page_Divisonal Store Login/button_Sign in' is clicked on

2018-05-15 13:46:08 - [MESSAGE][PASSED] - Object: 'Object Repository/Emergency/Page_Divisonal Store Login/button_Sign in' is clicked on

2018-05-15 13:46:08 - [TEST_STEP][PASSED] - delay: Delayed 2 second(s)

2018-05-15 13:46:10 - [MESSAGE][PASSED] - Delayed 2 second(s)

2018-05-15 13:46:10 - [TEST_STEP][PASSED] - click: Object: 'Object Repository/Emergency/Page_Store/a_Emergency Request' is clicked on

2018-05-15 13:46:10 - [MESSAGE][PASSED] - Object: 'Object Repository/Emergency/Page_Store/a_Emergency Request' is clicked on

2018-05-15 13:46:10 - [TEST_STEP][PASSED] - click: Object: 'Object Repository/Emergency/Page_Store/a_Request Item Emergency' is clicked on

2018-05-15 13:46:11 - [MESSAGE][PASSED] - Object: 'Object Repository/Emergency/Page_Store/a_Request Item Emergency' is clicked on

2018-05-15 13:46:11 - [TEST_STEP][PASSED] - setText: Text '150' is set on object 'Object Repository/Emergency/Page_Store/input'

2018-05-15 13:46:11 - [MESSAGE][PASSED] - Text '150' is set on object 'Object Repository/Emergency/Page_Store/input'

2018-05-15 13:46:11 - [TEST_STEP][PASSED] - Statement - ChooseRequest = com.kms.katalon.core.webui.keyword.WebUiBuiltInKeywords.modifyObjectProperty(com.kms.katalon.core.testobject.ObjectRepository.findTestObject(Emergency/Page_Store/input_3), "xpath", "equals", "//*[@id=" + Rno + "]", true): Modify property of object successfully

2018-05-15 13:46:11 - [MESSAGE][PASSED] - Modify property of object successfully

2018-05-15 13:46:11 - [TEST_STEP][PASSED] - click: Object: 'Object Repository/Emergency/Page_Store/input_3' is clicked on

2018-05-15 13:46:12 - [MESSAGE][PASSED] - Object: 'Object Repository/Emergency/Page_Store/input_3' is clicked on

2018-05-15 13:46:12 - [TEST_STEP][PASSED] - delay: Delayed 2 second(s)

2018-05-15 13:46:14 - [MESSAGE][PASSED] - Delayed 2 second(s)

2018-05-15 13:46:14 - [TEST_STEP][PASSED] - Statement - selectedoptions1 = com.kms.katalon.core.webui.keyword.WebUiBuiltInKeywords.getNumberOfTotalOption(com.kms.katalon.core.testobject.ObjectRepository.findTestObject(Emergency/Page_Store/select_--Select--Amikacin -500)): 18 options of object 'Object Repository/Emergency/Page_Store/select_--Select--Amikacin -500' counted

2018-05-15 13:46:14 - [MESSAGE][PASSED] - 18 options of object 'Object Repository/Emergency/Page_Store/select_--Select--Amikacin -500' counted

2018-05-15 13:46:14 - [TEST_STEP][PASSED] - Statement - For ([a = 1, a <= selectedoptions1 - 1, (a++)]): null

2018-05-15 13:46:14 - [TEST_STEP][PASSED] - selectOptionByIndex: All options with index in [1] are selected on object 'Object Repository/Emergency/Page_Store/select_--Select--Amikacin -500'

2018-05-15 13:46:14 - [MESSAGE][PASSED] - All options with index in [1] are selected on object 'Object Repository/Emergency/Page_Store/select_--Select--Amikacin -500'

2018-05-15 13:46:14 - [TEST_STEP][PASSED] - delay: Delayed 2 second(s)

2018-05-15 13:46:16 - [MESSAGE][PASSED] - Delayed 2 second(s)

2018-05-15 13:46:16 - [TEST_STEP][PASSED] - Statement - RequestedQty = com.kms.katalon.core.webui.keyword.WebUiBuiltInKeywords.getAttribute(com.kms.katalon.core.testobject.ObjectRepository.findTestObject(Emergency/Page_Store/input_txttotal), "value"): Attribute 'value' of object 'Object Repository/Emergency/Page_Store/input_txttotal' is: '10'

2018-05-15 13:46:16 - [MESSAGE][PASSED] - Attribute 'value' of object 'Object Repository/Emergency/Page_Store/input_txttotal' is: '10'

2018-05-15 13:46:16 - [TEST_STEP][PASSED] - Statement - out.println("Requested QTY : " + RequestedQty): null

2018-05-15 13:46:16 - [TEST_STEP][PASSED] - Statement - BatchNumber = com.kms.katalon.core.webui.keyword.WebUiBuiltInKeywords.getNumberOfTotalOption(com.kms.katalon.core.testobject.ObjectRepository.findTestObject(Emergency/Page_Store/select_--Select--BA1150BA4110)): 2 options of object 'Object Repository/Emergency/Page_Store/select_--Select--BA1150BA4110' counted

2018-05-15 13:46:16 - [MESSAGE][PASSED] - 2 options of object 'Object Repository/Emergency/Page_Store/select_--Select--BA1150BA4110' counted

2018-05-15 13:46:16 - [TEST_STEP][PASSED] - Statement - For ([g = 1, g <= BatchNumber - 1, (g++)]): null

2018-05-15 13:46:16 - [TEST_STEP][PASSED] - selectOptionByIndex: All options with index in [1] are selected on object 'Object Repository/Emergency/Page_Store/select_--Select--BA1150BA4110'

2018-05-15 13:46:16 - [MESSAGE][PASSED] - All options with index in [1] are selected on object 'Object Repository/Emergency/Page_Store/select_--Select--BA1150BA4110'

2018-05-15 13:46:16 - [TEST_STEP][PASSED] - delay: Delayed 2 second(s)

2018-05-15 13:46:18 - [MESSAGE][PASSED] - Delayed 2 second(s)

2018-05-15 13:46:18 - [TEST_STEP][PASSED] - Statement - Try: null

2018-05-15 13:46:18 - [TEST_STEP][PASSED] - Statement - StockQty = com.kms.katalon.core.webui.keyword.WebUiBuiltInKeywords.getAttribute(com.kms.katalon.core.testobject.ObjectRepository.findTestObject(Emergency/Page_Store/input_txtprice), "value"): Attribute 'value' of object 'Object Repository/Emergency/Page_Store/input_txtprice' is: '955'

2018-05-15 13:46:18 - [MESSAGE][PASSED] - Attribute 'value' of object 'Object Repository/Emergency/Page_Store/input_txtprice' is: '955'

2018-05-15 13:46:18 - [TEST_STEP][PASSED] - Statement - out.println("Stock QTY : " + StockQty): null

2018-05-15 13:46:18 - [TEST_STEP][PASSED] - delay: Delayed 2 second(s)

2018-05-15 13:46:20 - [MESSAGE][PASSED] - Delayed 2 second(s)

2018-05-15 13:46:20 - [TEST_STEP][PASSED] - Statement - If (java.lang.Integer.valueOf(StockQty) >= java.lang.Integer.valueOf(RequestedQty)): null

2018-05-15 13:46:20 - [TEST_STEP][PASSED] - delay: Delayed 1 second(s)

2018-05-15 13:46:21 - [MESSAGE][PASSED] - Delayed 1 second(s)

2018-05-15 13:46:21 - [TEST_STEP][PASSED] - setText: Text '10' is set on object 'Object Repository/Emergency/Page_Store/input_txtqty'

2018-05-15 13:46:21 - [MESSAGE][PASSED] - Text '10' is set on object 'Object Repository/Emergency/Page_Store/input_txtqty'

2018-05-15 13:46:21 - [TEST_STEP][PASSED] - click: Object: 'Object Repository/Emergency/Page_Store/button_Add' is clicked on

2018-05-15 13:46:21 - [MESSAGE][PASSED] - Object: 'Object Repository/Emergency/Page_Store/button_Add' is clicked on

2018-05-15 13:46:21 - [TEST_STEP][PASSED] - Statement - Break: null

2018-05-15 13:46:21 - [TEST_STEP][PASSED] - selectOptionByIndex: All options with index in [2] are selected on object 'Object Repository/Emergency/Page_Store/select_--Select--Amikacin -500'

2018-05-15 13:46:22 - [MESSAGE][PASSED] - All options with index in [2] are selected on object 'Object Repository/Emergency/Page_Store/select_--Select--Amikacin -500'

2018-05-15 13:46:22 - [TEST_STEP][PASSED] - delay: Delayed 2 second(s)

2018-05-15 13:46:24 - [MESSAGE][PASSED] - Delayed 2 second(s)

2018-05-15 13:46:24 - [TEST_STEP][PASSED] - Statement - RequestedQty = com.kms.katalon.core.webui.keyword.WebUiBuiltInKeywords.getAttribute(com.kms.katalon.core.testobject.ObjectRepository.findTestObject(Emergency/Page_Store/input_txttotal), "value"): Attribute 'value' of object 'Object Repository/Emergency/Page_Store/input_txttotal' is: '10'

2018-05-15 13:46:24 - [MESSAGE][PASSED] - Attribute 'value' of object 'Object Repository/Emergency/Page_Store/input_txttotal' is: '10'

2018-05-15 13:46:24 - [TEST_STEP][PASSED] - Statement - out.println("Requested QTY : " + RequestedQty): null

2018-05-15 13:46:24 - [TEST_STEP][PASSED] - Statement - BatchNumber = com.kms.katalon.core.webui.keyword.WebUiBuiltInKeywords.getNumberOfTotalOption(com.kms.katalon.core.testobject.ObjectRepository.findTestObject(Emergency/Page_Store/select_--Select--BA1150BA4110)): 2 options of object 'Object Repository/Emergency/Page_Store/select_--Select--BA1150BA4110' counted

2018-05-15 13:46:24 - [MESSAGE][PASSED] - 2 options of object 'Object Repository/Emergency/Page_Store/select_--Select--BA1150BA4110' counted

2018-05-15 13:46:24 - [TEST_STEP][PASSED] - Statement - For ([g = 1, g <= BatchNumber - 1, (g++)]): null

2018-05-15 13:46:24 - [TEST_STEP][PASSED] - selectOptionByIndex: All options with index in [1] are selected on object 'Object Repository/Emergency/Page_Store/select_--Select--BA1150BA4110'

2018-05-15 13:46:24 - [MESSAGE][PASSED] - All options with index in [1] are selected on object 'Object Repository/Emergency/Page_Store/select_--Select--BA1150BA4110'

2018-05-15 13:46:24 - [TEST_STEP][PASSED] - delay: Delayed 2 second(s)

2018-05-15 13:46:26 - [MESSAGE][PASSED] - Delayed 2 second(s)

2018-05-15 13:46:26 - [TEST_STEP][PASSED] - Statement - Try: null

2018-05-15 13:46:26 - [TEST_STEP][PASSED] - Statement - StockQty = com.kms.katalon.core.webui.keyword.WebUiBuiltInKeywords.getAttribute(com.kms.katalon.core.testobject.ObjectRepository.findTestObject(Emergency/Page_Store/input_txtprice), "value"): Attribute 'value' of object 'Object Repository/Emergency/Page_Store/input_txtprice' is: '913'

2018-05-15 13:46:26 - [MESSAGE][PASSED] - Attribute 'value' of object 'Object Repository/Emergency/Page_Store/input_txtprice' is: '913'

2018-05-15 13:46:26 - [TEST_STEP][PASSED] - Statement - out.println("Stock QTY : " + StockQty): null

2018-05-15 13:46:26 - [TEST_STEP][PASSED] - delay: Delayed 2 second(s)

2018-05-15 13:46:28 - [MESSAGE][PASSED] - Delayed 2 second(s)

2018-05-15 13:46:28 - [TEST_STEP][PASSED] - Statement - If (java.lang.Integer.valueOf(StockQty) >= java.lang.Integer.valueOf(RequestedQty)): null

2018-05-15 13:46:28 - [TEST_STEP][PASSED] - delay: Delayed 1 second(s)

2018-05-15 13:46:29 - [MESSAGE][PASSED] - Delayed 1 second(s)

2018-05-15 13:46:29 - [TEST_STEP][PASSED] - setText: Text '10' is set on object 'Object Repository/Emergency/Page_Store/input_txtqty'

2018-05-15 13:46:29 - [MESSAGE][PASSED] - Text '10' is set on object 'Object Repository/Emergency/Page_Store/input_txtqty'

2018-05-15 13:46:29 - [TEST_STEP][PASSED] - click: Object: 'Object Repository/Emergency/Page_Store/button_Add' is clicked on

2018-05-15 13:46:29 - [MESSAGE][PASSED] - Object: 'Object Repository/Emergency/Page_Store/button_Add' is clicked on

2018-05-15 13:46:29 - [TEST_STEP][PASSED] - Statement - Break: null

2018-05-15 13:46:29 - [TEST_STEP][PASSED] - selectOptionByIndex: All options with index in [3] are selected on object 'Object Repository/Emergency/Page_Store/select_--Select--Amikacin -500'

2018-05-15 13:46:29 - [MESSAGE][PASSED] - All options with index in [3] are selected on object 'Object Repository/Emergency/Page_Store/select_--Select--Amikacin -500'

2018-05-15 13:46:29 - [TEST_STEP][PASSED] - delay: Delayed 2 second(s)

2018-05-15 13:46:31 - [MESSAGE][PASSED] - Delayed 2 second(s)

2018-05-15 13:46:31 - [TEST_STEP][PASSED] - Statement - RequestedQty = com.kms.katalon.core.webui.keyword.WebUiBuiltInKeywords.getAttribute(com.kms.katalon.core.testobject.ObjectRepository.findTestObject(Emergency/Page_Store/input_txttotal), "value"): Attribute 'value' of object 'Object Repository/Emergency/Page_Store/input_txttotal' is: '10'

2018-05-15 13:46:31 - [MESSAGE][PASSED] - Attribute 'value' of object 'Object Repository/Emergency/Page_Store/input_txttotal' is: '10'

2018-05-15 13:46:31 - [TEST_STEP][PASSED] - Statement - out.println("Requested QTY : " + RequestedQty): null

2018-05-15 13:46:31 - [TEST_STEP][PASSED] - Statement - BatchNumber = com.kms.katalon.core.webui.keyword.WebUiBuiltInKeywords.getNumberOfTotalOption(com.kms.katalon.core.testobject.ObjectRepository.findTestObject(Emergency/Page_Store/select_--Select--BA1150BA4110)): 2 options of object 'Object Repository/Emergency/Page_Store/select_--Select--BA1150BA4110' counted

2018-05-15 13:46:31 - [MESSAGE][PASSED] - 2 options of object 'Object Repository/Emergency/Page_Store/select_--Select--BA1150BA4110' counted

2018-05-15 13:46:31 - [TEST_STEP][PASSED] - Statement - For ([g = 1, g <= BatchNumber - 1, (g++)]): null

2018-05-15 13:46:31 - [TEST_STEP][PASSED] - selectOptionByIndex: All options with index in [1] are selected on object 'Object Repository/Emergency/Page_Store/select_--Select--BA1150BA4110'

2018-05-15 13:46:31 - [MESSAGE][PASSED] - All options with index in [1] are selected on object 'Object Repository/Emergency/Page_Store/select_--Select--BA1150BA4110'

2018-05-15 13:46:31 - [TEST_STEP][PASSED] - delay: Delayed 2 second(s)

2018-05-15 13:46:33 - [MESSAGE][PASSED] - Delayed 2 second(s)

2018-05-15 13:46:33 - [TEST_STEP][PASSED] - Statement - Try: null

2018-05-15 13:46:33 - [TEST_STEP][PASSED] - Statement - StockQty = com.kms.katalon.core.webui.keyword.WebUiBuiltInKeywords.getAttribute(com.kms.katalon.core.testobject.ObjectRepository.findTestObject(Emergency/Page_Store/input_txtprice), "value"): Attribute 'value' of object 'Object Repository/Emergency/Page_Store/input_txtprice' is: '955'

2018-05-15 13:46:33 - [MESSAGE][PASSED] - Attribute 'value' of object 'Object Repository/Emergency/Page_Store/input_txtprice' is: '955'

2018-05-15 13:46:33 - [TEST_STEP][PASSED] - Statement - out.println("Stock QTY : " + StockQty): null

2018-05-15 13:46:33 - [TEST_STEP][PASSED] - delay: Delayed 2 second(s)

2018-05-15 13:46:35 - [MESSAGE][PASSED] - Delayed 2 second(s)

2018-05-15 13:46:35 - [TEST_STEP][PASSED] - Statement - If (java.lang.Integer.valueOf(StockQty) >= java.lang.Integer.valueOf(RequestedQty)): null

2018-05-15 13:46:35 - [TEST_STEP][PASSED] - delay: Delayed 1 second(s)

2018-05-15 13:46:36 - [MESSAGE][PASSED] - Delayed 1 second(s)

2018-05-15 13:46:36 - [TEST_STEP][PASSED] - setText: Text '10' is set on object 'Object Repository/Emergency/Page_Store/input_txtqty'

2018-05-15 13:46:37 - [MESSAGE][PASSED] - Text '10' is set on object 'Object Repository/Emergency/Page_Store/input_txtqty'

2018-05-15 13:46:37 - [TEST_STEP][PASSED] - click: Object: 'Object Repository/Emergency/Page_Store/button_Add' is clicked on

2018-05-15 13:46:37 - [MESSAGE][PASSED] - Object: 'Object Repository/Emergency/Page_Store/button_Add' is clicked on

2018-05-15 13:46:37 - [TEST_STEP][PASSED] - Statement - Break: null

2018-05-15 13:46:37 - [TEST_STEP][PASSED] - selectOptionByIndex: All options with index in [4] are selected on object 'Object Repository/Emergency/Page_Store/select_--Select--Amikacin -500'

2018-05-15 13:46:37 - [MESSAGE][PASSED] - All options with index in [4] are selected on object 'Object Repository/Emergency/Page_Store/select_--Select--Amikacin -500'

2018-05-15 13:46:37 - [TEST_STEP][PASSED] - delay: Delayed 2 second(s)

2018-05-15 13:46:39 - [MESSAGE][PASSED] - Delayed 2 second(s)

2018-05-15 13:46:39 - [TEST_STEP][PASSED] - Statement - RequestedQty = com.kms.katalon.core.webui.keyword.WebUiBuiltInKeywords.getAttribute(com.kms.katalon.core.testobject.ObjectRepository.findTestObject(Emergency/Page_Store/input_txttotal), "value"): Attribute 'value' of object 'Object Repository/Emergency/Page_Store/input_txttotal' is: '10'

2018-05-15 13:46:39 - [MESSAGE][PASSED] - Attribute 'value' of object 'Object Repository/Emergency/Page_Store/input_txttotal' is: '10'

2018-05-15 13:46:39 - [TEST_STEP][PASSED] - Statement - out.println("Requested QTY : " + RequestedQty): null

2018-05-15 13:46:39 - [TEST_STEP][PASSED] - Statement - BatchNumber = com.kms.katalon.core.webui.keyword.WebUiBuiltInKeywords.getNumberOfTotalOption(com.kms.katalon.core.testobject.ObjectRepository.findTestObject(Emergency/Page_Store/select_--Select--BA1150BA4110)): 2 options of object 'Object Repository/Emergency/Page_Store/select_--Select--BA1150BA4110' counted

2018-05-15 13:46:39 - [MESSAGE][PASSED] - 2 options of object 'Object Repository/Emergency/Page_Store/select_--Select--BA1150BA4110' counted

2018-05-15 13:46:39 - [TEST_STEP][PASSED] - Statement - For ([g = 1, g <= BatchNumber - 1, (g++)]): null

2018-05-15 13:46:39 - [TEST_STEP][PASSED] - selectOptionByIndex: All options with index in [1] are selected on object 'Object Repository/Emergency/Page_Store/select_--Select--BA1150BA4110'

2018-05-15 13:46:39 - [MESSAGE][PASSED] - All options with index in [1] are selected on object 'Object Repository/Emergency/Page_Store/select_--Select--BA1150BA4110'

2018-05-15 13:46:39 - [TEST_STEP][PASSED] - delay: Delayed 2 second(s)

2018-05-15 13:46:41 - [MESSAGE][PASSED] - Delayed 2 second(s)

2018-05-15 13:46:41 - [TEST_STEP][PASSED] - Statement - Try: null

2018-05-15 13:46:41 - [TEST_STEP][PASSED] - Statement - StockQty = com.kms.katalon.core.webui.keyword.WebUiBuiltInKeywords.getAttribute(com.kms.katalon.core.testobject.ObjectRepository.findTestObject(Emergency/Page_Store/input_txtprice), "value"): Attribute 'value' of object 'Object Repository/Emergency/Page_Store/input_txtprice' is: '955'

2018-05-15 13:46:41 - [MESSAGE][PASSED] - Attribute 'value' of object 'Object Repository/Emergency/Page_Store/input_txtprice' is: '955'

2018-05-15 13:46:41 - [TEST_STEP][PASSED] - Statement - out.println("Stock QTY : " + StockQty): null

2018-05-15 13:46:41 - [TEST_STEP][PASSED] - delay: Delayed 2 second(s)

2018-05-15 13:46:43 - [MESSAGE][PASSED] - Delayed 2 second(s)

2018-05-15 13:46:43 - [TEST_STEP][PASSED] - Statement - If (java.lang.Integer.valueOf(StockQty) >= java.lang.Integer.valueOf(RequestedQty)): null

2018-05-15 13:46:43 - [TEST_STEP][PASSED] - delay: Delayed 1 second(s)

2018-05-15 13:46:44 - [MESSAGE][PASSED] - Delayed 1 second(s)

2018-05-15 13:46:44 - [TEST_STEP][PASSED] - setText: Text '10' is set on object 'Object Repository/Emergency/Page_Store/input_txtqty'

2018-05-15 13:46:44 - [MESSAGE][PASSED] - Text '10' is set on object 'Object Repository/Emergency/Page_Store/input_txtqty'

2018-05-15 13:46:44 - [TEST_STEP][PASSED] - click: Object: 'Object Repository/Emergency/Page_Store/button_Add' is clicked on

2018-05-15 13:46:44 - [MESSAGE][PASSED] - Object: 'Object Repository/Emergency/Page_Store/button_Add' is clicked on

2018-05-15 13:46:44 - [TEST_STEP][PASSED] - Statement - Break: null

2018-05-15 13:46:44 - [TEST_STEP][PASSED] - selectOptionByIndex: All options with index in [5] are selected on object 'Object Repository/Emergency/Page_Store/select_--Select--Amikacin -500'

2018-05-15 13:46:44 - [MESSAGE][PASSED] - All options with index in [5] are selected on object 'Object Repository/Emergency/Page_Store/select_--Select--Amikacin -500'

2018-05-15 13:46:44 - [TEST_STEP][PASSED] - delay: Delayed 2 second(s)

2018-05-15 13:46:46 - [MESSAGE][PASSED] - Delayed 2 second(s)

2018-05-15 13:46:46 - [TEST_STEP][PASSED] - Statement - RequestedQty = com.kms.katalon.core.webui.keyword.WebUiBuiltInKeywords.getAttribute(com.kms.katalon.core.testobject.ObjectRepository.findTestObject(Emergency/Page_Store/input_txttotal), "value"): Attribute 'value' of object 'Object Repository/Emergency/Page_Store/input_txttotal' is: '10'

2018-05-15 13:46:46 - [MESSAGE][PASSED] - Attribute 'value' of object 'Object Repository/Emergency/Page_Store/input_txttotal' is: '10'

2018-05-15 13:46:46 - [TEST_STEP][PASSED] - Statement - out.println("Requested QTY : " + RequestedQty): null

2018-05-15 13:46:46 - [TEST_STEP][PASSED] - Statement - BatchNumber = com.kms.katalon.core.webui.keyword.WebUiBuiltInKeywords.getNumberOfTotalOption(com.kms.katalon.core.testobject.ObjectRepository.findTestObject(Emergency/Page_Store/select_--Select--BA1150BA4110)): 2 options of object 'Object Repository/Emergency/Page_Store/select_--Select--BA1150BA4110' counted

2018-05-15 13:46:46 - [MESSAGE][PASSED] - 2 options of object 'Object Repository/Emergency/Page_Store/select_--Select--BA1150BA4110' counted

2018-05-15 13:46:46 - [TEST_STEP][PASSED] - Statement - For ([g = 1, g <= BatchNumber - 1, (g++)]): null

2018-05-15 13:46:46 - [TEST_STEP][PASSED] - selectOptionByIndex: All options with index in [1] are selected on object 'Object Repository/Emergency/Page_Store/select_--Select--BA1150BA4110'

2018-05-15 13:46:47 - [MESSAGE][PASSED] - All options with index in [1] are selected on object 'Object Repository/Emergency/Page_Store/select_--Select--BA1150BA4110'

2018-05-15 13:46:47 - [TEST_STEP][PASSED] - delay: Delayed 2 second(s)

2018-05-15 13:46:49 - [MESSAGE][PASSED] - Delayed 2 second(s)

2018-05-15 13:46:49 - [TEST_STEP][PASSED] - Statement - Try: null

2018-05-15 13:46:49 - [TEST_STEP][PASSED] - Statement - StockQty = com.kms.katalon.core.webui.keyword.WebUiBuiltInKeywords.getAttribute(com.kms.katalon.core.testobject.ObjectRepository.findTestObject(Emergency/Page_Store/input_txtprice), "value"): Attribute 'value' of object 'Object Repository/Emergency/Page_Store/input_txtprice' is: '955'

2018-05-15 13:46:49 - [MESSAGE][PASSED] - Attribute 'value' of object 'Object Repository/Emergency/Page_Store/input_txtprice' is: '955'

2018-05-15 13:46:49 - [TEST_STEP][PASSED] - Statement - out.println("Stock QTY : " + StockQty): null

2018-05-15 13:46:49 - [TEST_STEP][PASSED] - delay: Delayed 2 second(s)

2018-05-15 13:46:51 - [MESSAGE][PASSED] - Delayed 2 second(s)

2018-05-15 13:46:51 - [TEST_STEP][PASSED] - Statement - If (java.lang.Integer.valueOf(StockQty) >= java.lang.Integer.valueOf(RequestedQty)): null

2018-05-15 13:46:51 - [TEST_STEP][PASSED] - delay: Delayed 1 second(s)

2018-05-15 13:46:52 - [MESSAGE][PASSED] - Delayed 1 second(s)

2018-05-15 13:46:52 - [TEST_STEP][PASSED] - setText: Text '10' is set on object 'Object Repository/Emergency/Page_Store/input_txtqty'

2018-05-15 13:46:52 - [MESSAGE][PASSED] - Text '10' is set on object 'Object Repository/Emergency/Page_Store/input_txtqty'

2018-05-15 13:46:52 - [TEST_STEP][PASSED] - click: Object: 'Object Repository/Emergency/Page_Store/button_Add' is clicked on

2018-05-15 13:46:52 - [MESSAGE][PASSED] - Object: 'Object Repository/Emergency/Page_Store/button_Add' is clicked on

2018-05-15 13:46:52 - [TEST_STEP][PASSED] - Statement - Break: null

2018-05-15 13:46:52 - [TEST_STEP][PASSED] - selectOptionByIndex: All options with index in [6] are selected on object 'Object Repository/Emergency/Page_Store/select_--Select--Amikacin -500'

2018-05-15 13:46:52 - [MESSAGE][PASSED] - All options with index in [6] are selected on object 'Object Repository/Emergency/Page_Store/select_--Select--Amikacin -500'

2018-05-15 13:46:52 - [TEST_STEP][PASSED] - delay: Delayed 2 second(s)

2018-05-15 13:46:54 - [MESSAGE][PASSED] - Delayed 2 second(s)

2018-05-15 13:46:54 - [TEST_STEP][PASSED] - Statement - RequestedQty = com.kms.katalon.core.webui.keyword.WebUiBuiltInKeywords.getAttribute(com.kms.katalon.core.testobject.ObjectRepository.findTestObject(Emergency/Page_Store/input_txttotal), "value"): Attribute 'value' of object 'Object Repository/Emergency/Page_Store/input_txttotal' is: '10'

2018-05-15 13:46:54 - [MESSAGE][PASSED] - Attribute 'value' of object 'Object Repository/Emergency/Page_Store/input_txttotal' is: '10'

2018-05-15 13:46:54 - [TEST_STEP][PASSED] - Statement - out.println("Requested QTY : " + RequestedQty): null

2018-05-15 13:46:54 - [TEST_STEP][PASSED] - Statement - BatchNumber = com.kms.katalon.core.webui.keyword.WebUiBuiltInKeywords.getNumberOfTotalOption(com.kms.katalon.core.testobject.ObjectRepository.findTestObject(Emergency/Page_Store/select_--Select--BA1150BA4110)): 2 options of object 'Object Repository/Emergency/Page_Store/select_--Select--BA1150BA4110' counted

2018-05-15 13:46:54 - [MESSAGE][PASSED] - 2 options of object 'Object Repository/Emergency/Page_Store/select_--Select--BA1150BA4110' counted

2018-05-15 13:46:54 - [TEST_STEP][PASSED] - Statement - For ([g = 1, g <= BatchNumber - 1, (g++)]): null

2018-05-15 13:46:54 - [TEST_STEP][PASSED] - selectOptionByIndex: All options with index in [1] are selected on object 'Object Repository/Emergency/Page_Store/select_--Select--BA1150BA4110'

2018-05-15 13:46:54 - [MESSAGE][PASSED] - All options with index in [1] are selected on object 'Object Repository/Emergency/Page_Store/select_--Select--BA1150BA4110'

2018-05-15 13:46:54 - [TEST_STEP][PASSED] - delay: Delayed 2 second(s)

2018-05-15 13:46:56 - [MESSAGE][PASSED] - Delayed 2 second(s)

2018-05-15 13:46:56 - [TEST_STEP][PASSED] - Statement - Try: null

2018-05-15 13:46:56 - [TEST_STEP][PASSED] - Statement - StockQty = com.kms.katalon.core.webui.keyword.WebUiBuiltInKeywords.getAttribute(com.kms.katalon.core.testobject.ObjectRepository.findTestObject(Emergency/Page_Store/input_txtprice), "value"): Attribute 'value' of object 'Object Repository/Emergency/Page_Store/input_txtprice' is: '955'

2018-05-15 13:46:56 - [MESSAGE][PASSED] - Attribute 'value' of object 'Object Repository/Emergency/Page_Store/input_txtprice' is: '955'

2018-05-15 13:46:56 - [TEST_STEP][PASSED] - Statement - out.println("Stock QTY : " + StockQty): null

2018-05-15 13:46:56 - [TEST_STEP][PASSED] - delay: Delayed 2 second(s)

2018-05-15 13:46:58 - [MESSAGE][PASSED] - Delayed 2 second(s)

2018-05-15 13:46:58 - [TEST_STEP][PASSED] - Statement - If (java.lang.Integer.valueOf(StockQty) >= java.lang.Integer.valueOf(RequestedQty)): null

2018-05-15 13:46:58 - [TEST_STEP][PASSED] - delay: Delayed 1 second(s)

2018-05-15 13:46:59 - [MESSAGE][PASSED] - Delayed 1 second(s)

2018-05-15 13:46:59 - [TEST_STEP][PASSED] - setText: Text '10' is set on object 'Object Repository/Emergency/Page_Store/input_txtqty'

2018-05-15 13:46:59 - [MESSAGE][PASSED] - Text '10' is set on object 'Object Repository/Emergency/Page_Store/input_txtqty'

2018-05-15 13:46:59 - [TEST_STEP][PASSED] - click: Object: 'Object Repository/Emergency/Page_Store/button_Add' is clicked on

2018-05-15 13:46:59 - [MESSAGE][PASSED] - Object: 'Object Repository/Emergency/Page_Store/button_Add' is clicked on

2018-05-15 13:46:59 - [TEST_STEP][PASSED] - Statement - Break: null

2018-05-15 13:46:59 - [TEST_STEP][PASSED] - selectOptionByIndex: All options with index in [7] are selected on object 'Object Repository/Emergency/Page_Store/select_--Select--Amikacin -500'

2018-05-15 13:47:00 - [MESSAGE][PASSED] - All options with index in [7] are selected on object 'Object Repository/Emergency/Page_Store/select_--Select--Amikacin -500'

2018-05-15 13:47:00 - [TEST_STEP][PASSED] - delay: Delayed 2 second(s)

2018-05-15 13:47:02 - [MESSAGE][PASSED] - Delayed 2 second(s)

2018-05-15 13:47:02 - [TEST_STEP][PASSED] - Statement - RequestedQty = com.kms.katalon.core.webui.keyword.WebUiBuiltInKeywords.getAttribute(com.kms.katalon.core.testobject.ObjectRepository.findTestObject(Emergency/Page_Store/input_txttotal), "value"): Attribute 'value' of object 'Object Repository/Emergency/Page_Store/input_txttotal' is: '10'

2018-05-15 13:47:02 - [MESSAGE][PASSED] - Attribute 'value' of object 'Object Repository/Emergency/Page_Store/input_txttotal' is: '10'

2018-05-15 13:47:02 - [TEST_STEP][PASSED] - Statement - out.println("Requested QTY : " + RequestedQty): null

2018-05-15 13:47:02 - [TEST_STEP][PASSED] - Statement - BatchNumber = com.kms.katalon.core.webui.keyword.WebUiBuiltInKeywords.getNumberOfTotalOption(com.kms.katalon.core.testobject.ObjectRepository.findTestObject(Emergency/Page_Store/select_--Select--BA1150BA4110)): 2 options of object 'Object Repository/Emergency/Page_Store/select_--Select--BA1150BA4110' counted

2018-05-15 13:47:02 - [MESSAGE][PASSED] - 2 options of object 'Object Repository/Emergency/Page_Store/select_--Select--BA1150BA4110' counted

2018-05-15 13:47:02 - [TEST_STEP][PASSED] - Statement - For ([g = 1, g <= BatchNumber - 1, (g++)]): null

2018-05-15 13:47:02 - [TEST_STEP][PASSED] - selectOptionByIndex: All options with index in [1] are selected on object 'Object Repository/Emergency/Page_Store/select_--Select--BA1150BA4110'

2018-05-15 13:47:02 - [MESSAGE][PASSED] - All options with index in [1] are selected on object 'Object Repository/Emergency/Page_Store/select_--Select--BA1150BA4110'

2018-05-15 13:47:02 - [TEST_STEP][PASSED] - delay: Delayed 2 second(s)

2018-05-15 13:47:04 - [MESSAGE][PASSED] - Delayed 2 second(s)

2018-05-15 13:47:04 - [TEST_STEP][PASSED] - Statement - Try: null

2018-05-15 13:47:04 - [TEST_STEP][PASSED] - Statement - StockQty = com.kms.katalon.core.webui.keyword.WebUiBuiltInKeywords.getAttribute(com.kms.katalon.core.testobject.ObjectRepository.findTestObject(Emergency/Page_Store/input_txtprice), "value"): Attribute 'value' of object 'Object Repository/Emergency/Page_Store/input_txtprice' is: '955'

2018-05-15 13:47:04 - [MESSAGE][PASSED] - Attribute 'value' of object 'Object Repository/Emergency/Page_Store/input_txtprice' is: '955'

2018-05-15 13:47:04 - [TEST_STEP][PASSED] - Statement - out.println("Stock QTY : " + StockQty): null

2018-05-15 13:47:04 - [TEST_STEP][PASSED] - delay: Delayed 2 second(s)

2018-05-15 13:47:06 - [MESSAGE][PASSED] - Delayed 2 second(s)

2018-05-15 13:47:06 - [TEST_STEP][PASSED] - Statement - If (java.lang.Integer.valueOf(StockQty) >= java.lang.Integer.valueOf(RequestedQty)): null

2018-05-15 13:47:06 - [TEST_STEP][PASSED] - delay: Delayed 1 second(s)

2018-05-15 13:47:07 - [MESSAGE][PASSED] - Delayed 1 second(s)

2018-05-15 13:47:07 - [TEST_STEP][PASSED] - setText: Text '10' is set on object 'Object Repository/Emergency/Page_Store/input_txtqty'

2018-05-15 13:47:07 - [MESSAGE][PASSED] - Text '10' is set on object 'Object Repository/Emergency/Page_Store/input_txtqty'

2018-05-15 13:47:07 - [TEST_STEP][PASSED] - click: Object: 'Object Repository/Emergency/Page_Store/button_Add' is clicked on

2018-05-15 13:47:07 - [MESSAGE][PASSED] - Object: 'Object Repository/Emergency/Page_Store/button_Add' is clicked on

2018-05-15 13:47:07 - [TEST_STEP][PASSED] - Statement - Break: null

2018-05-15 13:47:07 - [TEST_STEP][PASSED] - selectOptionByIndex: All options with index in [8] are selected on object 'Object Repository/Emergency/Page_Store/select_--Select--Amikacin -500'

2018-05-15 13:47:07 - [MESSAGE][PASSED] - All options with index in [8] are selected on object 'Object Repository/Emergency/Page_Store/select_--Select--Amikacin -500'

2018-05-15 13:47:07 - [TEST_STEP][PASSED] - delay: Delayed 2 second(s)

2018-05-15 13:47:09 - [MESSAGE][PASSED] - Delayed 2 second(s)

2018-05-15 13:47:09 - [TEST_STEP][PASSED] - Statement - RequestedQty = com.kms.katalon.core.webui.keyword.WebUiBuiltInKeywords.getAttribute(com.kms.katalon.core.testobject.ObjectRepository.findTestObject(Emergency/Page_Store/input_txttotal), "value"): Attribute 'value' of object 'Object Repository/Emergency/Page_Store/input_txttotal' is: '10'

2018-05-15 13:47:09 - [MESSAGE][PASSED] - Attribute 'value' of object 'Object Repository/Emergency/Page_Store/input_txttotal' is: '10'

2018-05-15 13:47:09 - [TEST_STEP][PASSED] - Statement - out.println("Requested QTY : " + RequestedQty): null

2018-05-15 13:47:09 - [TEST_STEP][PASSED] - Statement - BatchNumber = com.kms.katalon.core.webui.keyword.WebUiBuiltInKeywords.getNumberOfTotalOption(com.kms.katalon.core.testobject.ObjectRepository.findTestObject(Emergency/Page_Store/select_--Select--BA1150BA4110)): 2 options of object 'Object Repository/Emergency/Page_Store/select_--Select--BA1150BA4110' counted

2018-05-15 13:47:09 - [MESSAGE][PASSED] - 2 options of object 'Object Repository/Emergency/Page_Store/select_--Select--BA1150BA4110' counted

2018-05-15 13:47:09 - [TEST_STEP][PASSED] - Statement - For ([g = 1, g <= BatchNumber - 1, (g++)]): null

2018-05-15 13:47:09 - [TEST_STEP][PASSED] - selectOptionByIndex: All options with index in [1] are selected on object 'Object Repository/Emergency/Page_Store/select_--Select--BA1150BA4110'

2018-05-15 13:47:09 - [MESSAGE][PASSED] - All options with index in [1] are selected on object 'Object Repository/Emergency/Page_Store/select_--Select--BA1150BA4110'

2018-05-15 13:47:09 - [TEST_STEP][PASSED] - delay: Delayed 2 second(s)

2018-05-15 13:47:11 - [MESSAGE][PASSED] - Delayed 2 second(s)

2018-05-15 13:47:11 - [TEST_STEP][PASSED] - Statement - Try: null

2018-05-15 13:47:11 - [TEST_STEP][PASSED] - Statement - StockQty = com.kms.katalon.core.webui.keyword.WebUiBuiltInKeywords.getAttribute(com.kms.katalon.core.testobject.ObjectRepository.findTestObject(Emergency/Page_Store/input_txtprice), "value"): Attribute 'value' of object 'Object Repository/Emergency/Page_Store/input_txtprice' is: '955'

2018-05-15 13:47:11 - [MESSAGE][PASSED] - Attribute 'value' of object 'Object Repository/Emergency/Page_Store/input_txtprice' is: '955'

2018-05-15 13:47:11 - [TEST_STEP][PASSED] - Statement - out.println("Stock QTY : " + StockQty): null

2018-05-15 13:47:11 - [TEST_STEP][PASSED] - delay: Delayed 2 second(s)

2018-05-15 13:47:13 - [MESSAGE][PASSED] - Delayed 2 second(s)

2018-05-15 13:47:13 - [TEST_STEP][PASSED] - Statement - If (java.lang.Integer.valueOf(StockQty) >= java.lang.Integer.valueOf(RequestedQty)): null

2018-05-15 13:47:13 - [TEST_STEP][PASSED] - delay: Delayed 1 second(s)

2018-05-15 13:47:14 - [MESSAGE][PASSED] - Delayed 1 second(s)

2018-05-15 13:47:14 - [TEST_STEP][PASSED] - setText: Text '10' is set on object 'Object Repository/Emergency/Page_Store/input_txtqty'

2018-05-15 13:47:14 - [MESSAGE][PASSED] - Text '10' is set on object 'Object Repository/Emergency/Page_Store/input_txtqty'

2018-05-15 13:47:14 - [TEST_STEP][PASSED] - click: Object: 'Object Repository/Emergency/Page_Store/button_Add' is clicked on

2018-05-15 13:47:15 - [MESSAGE][PASSED] - Object: 'Object Repository/Emergency/Page_Store/button_Add' is clicked on

2018-05-15 13:47:15 - [TEST_STEP][PASSED] - Statement - Break: null

2018-05-15 13:47:15 - [TEST_STEP][PASSED] - selectOptionByIndex: All options with index in [9] are selected on object 'Object Repository/Emergency/Page_Store/select_--Select--Amikacin -500'

2018-05-15 13:47:15 - [MESSAGE][PASSED] - All options with index in [9] are selected on object 'Object Repository/Emergency/Page_Store/select_--Select--Amikacin -500'

2018-05-15 13:47:15 - [TEST_STEP][PASSED] - delay: Delayed 2 second(s)

2018-05-15 13:47:17 - [MESSAGE][PASSED] - Delayed 2 second(s)

2018-05-15 13:47:17 - [TEST_STEP][PASSED] - Statement - RequestedQty = com.kms.katalon.core.webui.keyword.WebUiBuiltInKeywords.getAttribute(com.kms.katalon.core.testobject.ObjectRepository.findTestObject(Emergency/Page_Store/input_txttotal), "value"): Attribute 'value' of object 'Object Repository/Emergency/Page_Store/input_txttotal' is: '10'

2018-05-15 13:47:17 - [MESSAGE][PASSED] - Attribute 'value' of object 'Object Repository/Emergency/Page_Store/input_txttotal' is: '10'

2018-05-15 13:47:17 - [TEST_STEP][PASSED] - Statement - out.println("Requested QTY : " + RequestedQty): null

2018-05-15 13:47:17 - [TEST_STEP][PASSED] - Statement - BatchNumber = com.kms.katalon.core.webui.keyword.WebUiBuiltInKeywords.getNumberOfTotalOption(com.kms.katalon.core.testobject.ObjectRepository.findTestObject(Emergency/Page_Store/select_--Select--BA1150BA4110)): 2 options of object 'Object Repository/Emergency/Page_Store/select_--Select--BA1150BA4110' counted

2018-05-15 13:47:17 - [MESSAGE][PASSED] - 2 options of object 'Object Repository/Emergency/Page_Store/select_--Select--BA1150BA4110' counted

2018-05-15 13:47:17 - [TEST_STEP][PASSED] - Statement - For ([g = 1, g <= BatchNumber - 1, (g++)]): null

2018-05-15 13:47:17 - [TEST_STEP][PASSED] - selectOptionByIndex: All options with index in [1] are selected on object 'Object Repository/Emergency/Page_Store/select_--Select--BA1150BA4110'

2018-05-15 13:47:17 - [MESSAGE][PASSED] - All options with index in [1] are selected on object 'Object Repository/Emergency/Page_Store/select_--Select--BA1150BA4110'

2018-05-15 13:47:17 - [TEST_STEP][PASSED] - delay: Delayed 2 second(s)

2018-05-15 13:47:19 - [MESSAGE][PASSED] - Delayed 2 second(s)

2018-05-15 13:47:19 - [TEST_STEP][PASSED] - Statement - Try: null

2018-05-15 13:47:19 - [TEST_STEP][PASSED] - Statement - StockQty = com.kms.katalon.core.webui.keyword.WebUiBuiltInKeywords.getAttribute(com.kms.katalon.core.testobject.ObjectRepository.findTestObject(Emergency/Page_Store/input_txtprice), "value"): Attribute 'value' of object 'Object Repository/Emergency/Page_Store/input_txtprice' is: '955'

2018-05-15 13:47:19 - [MESSAGE][PASSED] - Attribute 'value' of object 'Object Repository/Emergency/Page_Store/input_txtprice' is: '955'

2018-05-15 13:47:19 - [TEST_STEP][PASSED] - Statement - out.println("Stock QTY : " + StockQty): null

2018-05-15 13:47:19 - [TEST_STEP][PASSED] - delay: Delayed 2 second(s)

2018-05-15 13:47:21 - [MESSAGE][PASSED] - Delayed 2 second(s)

2018-05-15 13:47:21 - [TEST_STEP][PASSED] - Statement - If (java.lang.Integer.valueOf(StockQty) >= java.lang.Integer.valueOf(RequestedQty)): null

2018-05-15 13:47:21 - [TEST_STEP][PASSED] - delay: Delayed 1 second(s)

2018-05-15 13:47:22 - [MESSAGE][PASSED] - Delayed 1 second(s)

2018-05-15 13:47:22 - [TEST_STEP][PASSED] - setText: Text '10' is set on object 'Object Repository/Emergency/Page_Store/input_txtqty'

2018-05-15 13:47:22 - [MESSAGE][PASSED] - Text '10' is set on object 'Object Repository/Emergency/Page_Store/input_txtqty'

2018-05-15 13:47:22 - [TEST_STEP][PASSED] - click: Object: 'Object Repository/Emergency/Page_Store/button_Add' is clicked on

2018-05-15 13:47:22 - [MESSAGE][PASSED] - Object: 'Object Repository/Emergency/Page_Store/button_Add' is clicked on

2018-05-15 13:47:22 - [TEST_STEP][PASSED] - Statement - Break: null

2018-05-15 13:47:22 - [TEST_STEP][PASSED] - selectOptionByIndex: All options with index in [10] are selected on object 'Object Repository/Emergency/Page_Store/select_--Select--Amikacin -500'

2018-05-15 13:47:23 - [MESSAGE][PASSED] - All options with index in [10] are selected on object 'Object Repository/Emergency/Page_Store/select_--Select--Amikacin -500'

2018-05-15 13:47:23 - [TEST_STEP][PASSED] - delay: Delayed 2 second(s)

2018-05-15 13:47:25 - [MESSAGE][PASSED] - Delayed 2 second(s)

2018-05-15 13:47:25 - [TEST_STEP][PASSED] - Statement - RequestedQty = com.kms.katalon.core.webui.keyword.WebUiBuiltInKeywords.getAttribute(com.kms.katalon.core.testobject.ObjectRepository.findTestObject(Emergency/Page_Store/input_txttotal), "value"): Attribute 'value' of object 'Object Repository/Emergency/Page_Store/input_txttotal' is: '10'

2018-05-15 13:47:25 - [MESSAGE][PASSED] - Attribute 'value' of object 'Object Repository/Emergency/Page_Store/input_txttotal' is: '10'

2018-05-15 13:47:25 - [TEST_STEP][PASSED] - Statement - out.println("Requested QTY : " + RequestedQty): null

2018-05-15 13:47:25 - [TEST_STEP][PASSED] - Statement - BatchNumber = com.kms.katalon.core.webui.keyword.WebUiBuiltInKeywords.getNumberOfTotalOption(com.kms.katalon.core.testobject.ObjectRepository.findTestObject(Emergency/Page_Store/select_--Select--BA1150BA4110)): 2 options of object 'Object Repository/Emergency/Page_Store/select_--Select--BA1150BA4110' counted

2018-05-15 13:47:25 - [MESSAGE][PASSED] - 2 options of object 'Object Repository/Emergency/Page_Store/select_--Select--BA1150BA4110' counted

2018-05-15 13:47:25 - [TEST_STEP][PASSED] - Statement - For ([g = 1, g <= BatchNumber - 1, (g++)]): null

2018-05-15 13:47:25 - [TEST_STEP][PASSED] - selectOptionByIndex: All options with index in [1] are selected on object 'Object Repository/Emergency/Page_Store/select_--Select--BA1150BA4110'

2018-05-15 13:47:25 - [MESSAGE][PASSED] - All options with index in [1] are selected on object 'Object Repository/Emergency/Page_Store/select_--Select--BA1150BA4110'

2018-05-15 13:47:25 - [TEST_STEP][PASSED] - delay: Delayed 2 second(s)

2018-05-15 13:47:27 - [MESSAGE][PASSED] - Delayed 2 second(s)

2018-05-15 13:47:27 - [TEST_STEP][PASSED] - Statement - Try: null

2018-05-15 13:47:27 - [TEST_STEP][PASSED] - Statement - StockQty = com.kms.katalon.core.webui.keyword.WebUiBuiltInKeywords.getAttribute(com.kms.katalon.core.testobject.ObjectRepository.findTestObject(Emergency/Page_Store/input_txtprice), "value"): Attribute 'value' of object 'Object Repository/Emergency/Page_Store/input_txtprice' is: '955'

2018-05-15 13:47:27 - [MESSAGE][PASSED] - Attribute 'value' of object 'Object Repository/Emergency/Page_Store/input_txtprice' is: '955'

2018-05-15 13:47:27 - [TEST_STEP][PASSED] - Statement - out.println("Stock QTY : " + StockQty): null

2018-05-15 13:47:27 - [TEST_STEP][PASSED] - delay: Delayed 2 second(s)

2018-05-15 13:47:29 - [MESSAGE][PASSED] - Delayed 2 second(s)

2018-05-15 13:47:29 - [TEST_STEP][PASSED] - Statement - If (java.lang.Integer.valueOf(StockQty) >= java.lang.Integer.valueOf(RequestedQty)): null

2018-05-15 13:47:29 - [TEST_STEP][PASSED] - delay: Delayed 1 second(s)

2018-05-15 13:47:30 - [MESSAGE][PASSED] - Delayed 1 second(s)

2018-05-15 13:47:30 - [TEST_STEP][PASSED] - setText: Text '10' is set on object 'Object Repository/Emergency/Page_Store/input_txtqty'

2018-05-15 13:47:30 - [MESSAGE][PASSED] - Text '10' is set on object 'Object Repository/Emergency/Page_Store/input_txtqty'

2018-05-15 13:47:30 - [TEST_STEP][PASSED] - click: Object: 'Object Repository/Emergency/Page_Store/button_Add' is clicked on

2018-05-15 13:47:30 - [MESSAGE][PASSED] - Object: 'Object Repository/Emergency/Page_Store/button_Add' is clicked on

2018-05-15 13:47:30 - [TEST_STEP][PASSED] - Statement - Break: null

2018-05-15 13:47:30 - [TEST_STEP][PASSED] - selectOptionByIndex: All options with index in [11] are selected on object 'Object Repository/Emergency/Page_Store/select_--Select--Amikacin -500'

2018-05-15 13:47:30 - [MESSAGE][PASSED] - All options with index in [11] are selected on object 'Object Repository/Emergency/Page_Store/select_--Select--Amikacin -500'

2018-05-15 13:47:30 - [TEST_STEP][PASSED] - delay: Delayed 2 second(s)

2018-05-15 13:47:32 - [MESSAGE][PASSED] - Delayed 2 second(s)

2018-05-15 13:47:32 - [TEST_STEP][PASSED] - Statement - RequestedQty = com.kms.katalon.core.webui.keyword.WebUiBuiltInKeywords.getAttribute(com.kms.katalon.core.testobject.ObjectRepository.findTestObject(Emergency/Page_Store/input_txttotal), "value"): Attribute 'value' of object 'Object Repository/Emergency/Page_Store/input_txttotal' is: '10'

2018-05-15 13:47:32 - [MESSAGE][PASSED] - Attribute 'value' of object 'Object Repository/Emergency/Page_Store/input_txttotal' is: '10'

2018-05-15 13:47:32 - [TEST_STEP][PASSED] - Statement - out.println("Requested QTY : " + RequestedQty): null

2018-05-15 13:47:32 - [TEST_STEP][PASSED] - Statement - BatchNumber = com.kms.katalon.core.webui.keyword.WebUiBuiltInKeywords.getNumberOfTotalOption(com.kms.katalon.core.testobject.ObjectRepository.findTestObject(Emergency/Page_Store/select_--Select--BA1150BA4110)): 2 options of object 'Object Repository/Emergency/Page_Store/select_--Select--BA1150BA4110' counted

2018-05-15 13:47:32 - [MESSAGE][PASSED] - 2 options of object 'Object Repository/Emergency/Page_Store/select_--Select--BA1150BA4110' counted

2018-05-15 13:47:32 - [TEST_STEP][PASSED] - Statement - For ([g = 1, g <= BatchNumber - 1, (g++)]): null

2018-05-15 13:47:32 - [TEST_STEP][PASSED] - selectOptionByIndex: All options with index in [1] are selected on object 'Object Repository/Emergency/Page_Store/select_--Select--BA1150BA4110'

2018-05-15 13:47:32 - [MESSAGE][PASSED] - All options with index in [1] are selected on object 'Object Repository/Emergency/Page_Store/select_--Select--BA1150BA4110'

2018-05-15 13:47:32 - [TEST_STEP][PASSED] - delay: Delayed 2 second(s)

2018-05-15 13:47:34 - [MESSAGE][PASSED] - Delayed 2 second(s)

2018-05-15 13:47:34 - [TEST_STEP][PASSED] - Statement - Try: null

2018-05-15 13:47:34 - [TEST_STEP][PASSED] - Statement - StockQty = com.kms.katalon.core.webui.keyword.WebUiBuiltInKeywords.getAttribute(com.kms.katalon.core.testobject.ObjectRepository.findTestObject(Emergency/Page_Store/input_txtprice), "value"): Attribute 'value' of object 'Object Repository/Emergency/Page_Store/input_txtprice' is: '955'

2018-05-15 13:47:34 - [MESSAGE][PASSED] - Attribute 'value' of object 'Object Repository/Emergency/Page_Store/input_txtprice' is: '955'

2018-05-15 13:47:34 - [TEST_STEP][PASSED] - Statement - out.println("Stock QTY : " + StockQty): null

2018-05-15 13:47:34 - [TEST_STEP][PASSED] - delay: Delayed 2 second(s)

2018-05-15 13:47:36 - [MESSAGE][PASSED] - Delayed 2 second(s)

2018-05-15 13:47:36 - [TEST_STEP][PASSED] - Statement - If (java.lang.Integer.valueOf(StockQty) >= java.lang.Integer.valueOf(RequestedQty)): null

2018-05-15 13:47:36 - [TEST_STEP][PASSED] - delay: Delayed 1 second(s)

2018-05-15 13:47:37 - [MESSAGE][PASSED] - Delayed 1 second(s)

2018-05-15 13:47:37 - [TEST_STEP][PASSED] - setText: Text '10' is set on object 'Object Repository/Emergency/Page_Store/input_txtqty'

2018-05-15 13:47:38 - [MESSAGE][PASSED] - Text '10' is set on object 'Object Repository/Emergency/Page_Store/input_txtqty'

2018-05-15 13:47:38 - [TEST_STEP][PASSED] - click: Object: 'Object Repository/Emergency/Page_Store/button_Add' is clicked on

2018-05-15 13:47:38 - [MESSAGE][PASSED] - Object: 'Object Repository/Emergency/Page_Store/button_Add' is clicked on

2018-05-15 13:47:38 - [TEST_STEP][PASSED] - Statement - Break: null

2018-05-15 13:47:38 - [TEST_STEP][PASSED] - selectOptionByIndex: All options with index in [12] are selected on object 'Object Repository/Emergency/Page_Store/select_--Select--Amikacin -500'

2018-05-15 13:47:38 - [MESSAGE][PASSED] - All options with index in [12] are selected on object 'Object Repository/Emergency/Page_Store/select_--Select--Amikacin -500'

2018-05-15 13:47:38 - [TEST_STEP][PASSED] - delay: Delayed 2 second(s)

2018-05-15 13:47:40 - [MESSAGE][PASSED] - Delayed 2 second(s)

2018-05-15 13:47:40 - [TEST_STEP][PASSED] - Statement - RequestedQty = com.kms.katalon.core.webui.keyword.WebUiBuiltInKeywords.getAttribute(com.kms.katalon.core.testobject.ObjectRepository.findTestObject(Emergency/Page_Store/input_txttotal), "value"): Attribute 'value' of object 'Object Repository/Emergency/Page_Store/input_txttotal' is: '10'

2018-05-15 13:47:40 - [MESSAGE][PASSED] - Attribute 'value' of object 'Object Repository/Emergency/Page_Store/input_txttotal' is: '10'

2018-05-15 13:47:40 - [TEST_STEP][PASSED] - Statement - out.println("Requested QTY : " + RequestedQty): null

2018-05-15 13:47:40 - [TEST_STEP][PASSED] - Statement - BatchNumber = com.kms.katalon.core.webui.keyword.WebUiBuiltInKeywords.getNumberOfTotalOption(com.kms.katalon.core.testobject.ObjectRepository.findTestObject(Emergency/Page_Store/select_--Select--BA1150BA4110)): 2 options of object 'Object Repository/Emergency/Page_Store/select_--Select--BA1150BA4110' counted

2018-05-15 13:47:40 - [MESSAGE][PASSED] - 2 options of object 'Object Repository/Emergency/Page_Store/select_--Select--BA1150BA4110' counted

2018-05-15 13:47:40 - [TEST_STEP][PASSED] - Statement - For ([g = 1, g <= BatchNumber - 1, (g++)]): null

2018-05-15 13:47:40 - [TEST_STEP][PASSED] - selectOptionByIndex: All options with index in [1] are selected on object 'Object Repository/Emergency/Page_Store/select_--Select--BA1150BA4110'

2018-05-15 13:47:40 - [MESSAGE][PASSED] - All options with index in [1] are selected on object 'Object Repository/Emergency/Page_Store/select_--Select--BA1150BA4110'

2018-05-15 13:47:40 - [TEST_STEP][PASSED] - delay: Delayed 2 second(s)

2018-05-15 13:47:42 - [MESSAGE][PASSED] - Delayed 2 second(s)

2018-05-15 13:47:42 - [TEST_STEP][PASSED] - Statement - Try: null

2018-05-15 13:47:42 - [TEST_STEP][PASSED] - Statement - StockQty = com.kms.katalon.core.webui.keyword.WebUiBuiltInKeywords.getAttribute(com.kms.katalon.core.testobject.ObjectRepository.findTestObject(Emergency/Page_Store/input_txtprice), "value"): Attribute 'value' of object 'Object Repository/Emergency/Page_Store/input_txtprice' is: '955'

2018-05-15 13:47:42 - [MESSAGE][PASSED] - Attribute 'value' of object 'Object Repository/Emergency/Page_Store/input_txtprice' is: '955'

2018-05-15 13:47:42 - [TEST_STEP][PASSED] - Statement - out.println("Stock QTY : " + StockQty): null

2018-05-15 13:47:42 - [TEST_STEP][PASSED] - delay: Delayed 2 second(s)

2018-05-15 13:47:44 - [MESSAGE][PASSED] - Delayed 2 second(s)

2018-05-15 13:47:44 - [TEST_STEP][PASSED] - Statement - If (java.lang.Integer.valueOf(StockQty) >= java.lang.Integer.valueOf(RequestedQty)): null

2018-05-15 13:47:44 - [TEST_STEP][PASSED] - delay: Delayed 1 second(s)

2018-05-15 13:47:45 - [MESSAGE][PASSED] - Delayed 1 second(s)

2018-05-15 13:47:45 - [TEST_STEP][PASSED] - setText: Text '10' is set on object 'Object Repository/Emergency/Page_Store/input_txtqty'

2018-05-15 13:47:45 - [MESSAGE][PASSED] - Text '10' is set on object 'Object Repository/Emergency/Page_Store/input_txtqty'

2018-05-15 13:47:45 - [TEST_STEP][PASSED] - click: Object: 'Object Repository/Emergency/Page_Store/button_Add' is clicked on

2018-05-15 13:47:45 - [MESSAGE][PASSED] - Object: 'Object Repository/Emergency/Page_Store/button_Add' is clicked on

2018-05-15 13:47:45 - [TEST_STEP][PASSED] - Statement - Break: null

2018-05-15 13:47:45 - [TEST_STEP][PASSED] - selectOptionByIndex: All options with index in [13] are selected on object 'Object Repository/Emergency/Page_Store/select_--Select--Amikacin -500'

2018-05-15 13:47:45 - [MESSAGE][PASSED] - All options with index in [13] are selected on object 'Object Repository/Emergency/Page_Store/select_--Select--Amikacin -500'

2018-05-15 13:47:45 - [TEST_STEP][PASSED] - delay: Delayed 2 second(s)

2018-05-15 13:47:47 - [MESSAGE][PASSED] - Delayed 2 second(s)

2018-05-15 13:47:47 - [TEST_STEP][PASSED] - Statement - RequestedQty = com.kms.katalon.core.webui.keyword.WebUiBuiltInKeywords.getAttribute(com.kms.katalon.core.testobject.ObjectRepository.findTestObject(Emergency/Page_Store/input_txttotal), "value"): Attribute 'value' of object 'Object Repository/Emergency/Page_Store/input_txttotal' is: '10'

2018-05-15 13:47:48 - [MESSAGE][PASSED] - Attribute 'value' of object 'Object Repository/Emergency/Page_Store/input_txttotal' is: '10'

2018-05-15 13:47:48 - [TEST_STEP][PASSED] - Statement - out.println("Requested QTY : " + RequestedQty): null

2018-05-15 13:47:48 - [TEST_STEP][PASSED] - Statement - BatchNumber = com.kms.katalon.core.webui.keyword.WebUiBuiltInKeywords.getNumberOfTotalOption(com.kms.katalon.core.testobject.ObjectRepository.findTestObject(Emergency/Page_Store/select_--Select--BA1150BA4110)): 2 options of object 'Object Repository/Emergency/Page_Store/select_--Select--BA1150BA4110' counted

2018-05-15 13:47:48 - [MESSAGE][PASSED] - 2 options of object 'Object Repository/Emergency/Page_Store/select_--Select--BA1150BA4110' counted

2018-05-15 13:47:48 - [TEST_STEP][PASSED] - Statement - For ([g = 1, g <= BatchNumber - 1, (g++)]): null

2018-05-15 13:47:48 - [TEST_STEP][PASSED] - selectOptionByIndex: All options with index in [1] are selected on object 'Object Repository/Emergency/Page_Store/select_--Select--BA1150BA4110'

2018-05-15 13:47:48 - [MESSAGE][PASSED] - All options with index in [1] are selected on object 'Object Repository/Emergency/Page_Store/select_--Select--BA1150BA4110'

2018-05-15 13:47:48 - [TEST_STEP][PASSED] - delay: Delayed 2 second(s)

2018-05-15 13:47:50 - [MESSAGE][PASSED] - Delayed 2 second(s)

2018-05-15 13:47:50 - [TEST_STEP][PASSED] - Statement - Try: null

2018-05-15 13:47:50 - [TEST_STEP][PASSED] - Statement - StockQty = com.kms.katalon.core.webui.keyword.WebUiBuiltInKeywords.getAttribute(com.kms.katalon.core.testobject.ObjectRepository.findTestObject(Emergency/Page_Store/input_txtprice), "value"): Attribute 'value' of object 'Object Repository/Emergency/Page_Store/input_txtprice' is: '955'

2018-05-15 13:47:50 - [MESSAGE][PASSED] - Attribute 'value' of object 'Object Repository/Emergency/Page_Store/input_txtprice' is: '955'

2018-05-15 13:47:50 - [TEST_STEP][PASSED] - Statement - out.println("Stock QTY : " + StockQty): null

2018-05-15 13:47:50 - [TEST_STEP][PASSED] - delay: Delayed 2 second(s)

2018-05-15 13:47:52 - [MESSAGE][PASSED] - Delayed 2 second(s)

2018-05-15 13:47:52 - [TEST_STEP][PASSED] - Statement - If (java.lang.Integer.valueOf(StockQty) >= java.lang.Integer.valueOf(RequestedQty)): null

2018-05-15 13:47:52 - [TEST_STEP][PASSED] - delay: Delayed 1 second(s)

2018-05-15 13:47:53 - [MESSAGE][PASSED] - Delayed 1 second(s)

2018-05-15 13:47:53 - [TEST_STEP][PASSED] - setText: Text '10' is set on object 'Object Repository/Emergency/Page_Store/input_txtqty'

2018-05-15 13:47:53 - [MESSAGE][PASSED] - Text '10' is set on object 'Object Repository/Emergency/Page_Store/input_txtqty'

2018-05-15 13:47:53 - [TEST_STEP][PASSED] - click: Object: 'Object Repository/Emergency/Page_Store/button_Add' is clicked on

2018-05-15 13:47:53 - [MESSAGE][PASSED] - Object: 'Object Repository/Emergency/Page_Store/button_Add' is clicked on

2018-05-15 13:47:53 - [TEST_STEP][PASSED] - Statement - Break: null

2018-05-15 13:47:53 - [TEST_STEP][PASSED] - selectOptionByIndex: All options with index in [14] are selected on object 'Object Repository/Emergency/Page_Store/select_--Select--Amikacin -500'

2018-05-15 13:47:53 - [MESSAGE][PASSED] - All options with index in [14] are selected on object 'Object Repository/Emergency/Page_Store/select_--Select--Amikacin -500'

2018-05-15 13:47:53 - [TEST_STEP][PASSED] - delay: Delayed 2 second(s)

2018-05-15 13:47:55 - [MESSAGE][PASSED] - Delayed 2 second(s)

2018-05-15 13:47:55 - [TEST_STEP][PASSED] - Statement - RequestedQty = com.kms.katalon.core.webui.keyword.WebUiBuiltInKeywords.getAttribute(com.kms.katalon.core.testobject.ObjectRepository.findTestObject(Emergency/Page_Store/input_txttotal), "value"): Attribute 'value' of object 'Object Repository/Emergency/Page_Store/input_txttotal' is: '20'

2018-05-15 13:47:55 - [MESSAGE][PASSED] - Attribute 'value' of object 'Object Repository/Emergency/Page_Store/input_txttotal' is: '20'

2018-05-15 13:47:55 - [TEST_STEP][PASSED] - Statement - out.println("Requested QTY : " + RequestedQty): null

2018-05-15 13:47:55 - [TEST_STEP][PASSED] - Statement - BatchNumber = com.kms.katalon.core.webui.keyword.WebUiBuiltInKeywords.getNumberOfTotalOption(com.kms.katalon.core.testobject.ObjectRepository.findTestObject(Emergency/Page_Store/select_--Select--BA1150BA4110)): 2 options of object 'Object Repository/Emergency/Page_Store/select_--Select--BA1150BA4110' counted

2018-05-15 13:47:55 - [MESSAGE][PASSED] - 2 options of object 'Object Repository/Emergency/Page_Store/select_--Select--BA1150BA4110' counted

2018-05-15 13:47:55 - [TEST_STEP][PASSED] - Statement - For ([g = 1, g <= BatchNumber - 1, (g++)]): null

2018-05-15 13:47:55 - [TEST_STEP][PASSED] - selectOptionByIndex: All options with index in [1] are selected on object 'Object Repository/Emergency/Page_Store/select_--Select--BA1150BA4110'

2018-05-15 13:47:55 - [MESSAGE][PASSED] - All options with index in [1] are selected on object 'Object Repository/Emergency/Page_Store/select_--Select--BA1150BA4110'

2018-05-15 13:47:55 - [TEST_STEP][PASSED] - delay: Delayed 2 second(s)

2018-05-15 13:47:57 - [MESSAGE][PASSED] - Delayed 2 second(s)

2018-05-15 13:47:57 - [TEST_STEP][PASSED] - Statement - Try: null

2018-05-15 13:47:57 - [TEST_STEP][PASSED] - Statement - StockQty = com.kms.katalon.core.webui.keyword.WebUiBuiltInKeywords.getAttribute(com.kms.katalon.core.testobject.ObjectRepository.findTestObject(Emergency/Page_Store/input_txtprice), "value"): Attribute 'value' of object 'Object Repository/Emergency/Page_Store/input_txtprice' is: '1955'

2018-05-15 13:47:57 - [MESSAGE][PASSED] - Attribute 'value' of object 'Object Repository/Emergency/Page_Store/input_txtprice' is: '1955'

2018-05-15 13:47:57 - [TEST_STEP][PASSED] - Statement - out.println("Stock QTY : " + StockQty): null

2018-05-15 13:47:57 - [TEST_STEP][PASSED] - delay: Delayed 2 second(s)

2018-05-15 13:47:59 - [MESSAGE][PASSED] - Delayed 2 second(s)

2018-05-15 13:47:59 - [TEST_STEP][PASSED] - Statement - If (java.lang.Integer.valueOf(StockQty) >= java.lang.Integer.valueOf(RequestedQty)): null

2018-05-15 13:47:59 - [TEST_STEP][PASSED] - delay: Delayed 1 second(s)

2018-05-15 13:48:00 - [MESSAGE][PASSED] - Delayed 1 second(s)

2018-05-15 13:48:00 - [TEST_STEP][PASSED] - setText: Text '10' is set on object 'Object Repository/Emergency/Page_Store/input_txtqty'

2018-05-15 13:48:01 - [MESSAGE][PASSED] - Text '10' is set on object 'Object Repository/Emergency/Page_Store/input_txtqty'

2018-05-15 13:48:01 - [TEST_STEP][PASSED] - click: Object: 'Object Repository/Emergency/Page_Store/button_Add' is clicked on

2018-05-15 13:48:01 - [MESSAGE][PASSED] - Object: 'Object Repository/Emergency/Page_Store/button_Add' is clicked on

2018-05-15 13:48:01 - [TEST_STEP][PASSED] - Statement - Break: null

2018-05-15 13:48:01 - [TEST_STEP][PASSED] - selectOptionByIndex: All options with index in [15] are selected on object 'Object Repository/Emergency/Page_Store/select_--Select--Amikacin -500'

2018-05-15 13:48:01 - [MESSAGE][PASSED] - All options with index in [15] are selected on object 'Object Repository/Emergency/Page_Store/select_--Select--Amikacin -500'

2018-05-15 13:48:01 - [TEST_STEP][PASSED] - delay: Delayed 2 second(s)

2018-05-15 13:48:03 - [MESSAGE][PASSED] - Delayed 2 second(s)

2018-05-15 13:48:03 - [TEST_STEP][PASSED] - Statement - RequestedQty = com.kms.katalon.core.webui.keyword.WebUiBuiltInKeywords.getAttribute(com.kms.katalon.core.testobject.ObjectRepository.findTestObject(Emergency/Page_Store/input_txttotal), "value"): Attribute 'value' of object 'Object Repository/Emergency/Page_Store/input_txttotal' is: '20'

2018-05-15 13:48:03 - [MESSAGE][PASSED] - Attribute 'value' of object 'Object Repository/Emergency/Page_Store/input_txttotal' is: '20'

2018-05-15 13:48:03 - [TEST_STEP][PASSED] - Statement - out.println("Requested QTY : " + RequestedQty): null

2018-05-15 13:48:03 - [TEST_STEP][PASSED] - Statement - BatchNumber = com.kms.katalon.core.webui.keyword.WebUiBuiltInKeywords.getNumberOfTotalOption(com.kms.katalon.core.testobject.ObjectRepository.findTestObject(Emergency/Page_Store/select_--Select--BA1150BA4110)): 2 options of object 'Object Repository/Emergency/Page_Store/select_--Select--BA1150BA4110' counted

2018-05-15 13:48:03 - [MESSAGE][PASSED] - 2 options of object 'Object Repository/Emergency/Page_Store/select_--Select--BA1150BA4110' counted

2018-05-15 13:48:03 - [TEST_STEP][PASSED] - Statement - For ([g = 1, g <= BatchNumber - 1, (g++)]): null

2018-05-15 13:48:03 - [TEST_STEP][PASSED] - selectOptionByIndex: All options with index in [1] are selected on object 'Object Repository/Emergency/Page_Store/select_--Select--BA1150BA4110'

2018-05-15 13:48:03 - [MESSAGE][PASSED] - All options with index in [1] are selected on object 'Object Repository/Emergency/Page_Store/select_--Select--BA1150BA4110'

2018-05-15 13:48:03 - [TEST_STEP][PASSED] - delay: Delayed 2 second(s)

2018-05-15 13:48:05 - [MESSAGE][PASSED] - Delayed 2 second(s)

2018-05-15 13:48:05 - [TEST_STEP][PASSED] - Statement - Try: null

2018-05-15 13:48:05 - [TEST_STEP][PASSED] - Statement - StockQty = com.kms.katalon.core.webui.keyword.WebUiBuiltInKeywords.getAttribute(com.kms.katalon.core.testobject.ObjectRepository.findTestObject(Emergency/Page_Store/input_txtprice), "value"): Attribute 'value' of object 'Object Repository/Emergency/Page_Store/input_txtprice' is: '1955'

2018-05-15 13:48:05 - [MESSAGE][PASSED] - Attribute 'value' of object 'Object Repository/Emergency/Page_Store/input_txtprice' is: '1955'

2018-05-15 13:48:05 - [TEST_STEP][PASSED] - Statement - out.println("Stock QTY : " + StockQty): null

2018-05-15 13:48:05 - [TEST_STEP][PASSED] - delay: Delayed 2 second(s)

2018-05-15 13:48:07 - [MESSAGE][PASSED] - Delayed 2 second(s)

2018-05-15 13:48:07 - [TEST_STEP][PASSED] - Statement - If (java.lang.Integer.valueOf(StockQty) >= java.lang.Integer.valueOf(RequestedQty)): null

2018-05-15 13:48:07 - [TEST_STEP][PASSED] - delay: Delayed 1 second(s)

2018-05-15 13:48:08 - [MESSAGE][PASSED] - Delayed 1 second(s)

2018-05-15 13:48:08 - [TEST_STEP][PASSED] - setText: Text '10' is set on object 'Object Repository/Emergency/Page_Store/input_txtqty'

2018-05-15 13:48:08 - [MESSAGE][PASSED] - Text '10' is set on object 'Object Repository/Emergency/Page_Store/input_txtqty'

2018-05-15 13:48:08 - [TEST_STEP][PASSED] - click: Object: 'Object Repository/Emergency/Page_Store/button_Add' is clicked on

2018-05-15 13:48:08 - [MESSAGE][PASSED] - Object: 'Object Repository/Emergency/Page_Store/button_Add' is clicked on

2018-05-15 13:48:08 - [TEST_STEP][PASSED] - Statement - Break: null

2018-05-15 13:48:08 - [TEST_STEP][PASSED] - selectOptionByIndex: All options with index in [16] are selected on object 'Object Repository/Emergency/Page_Store/select_--Select--Amikacin -500'

2018-05-15 13:48:09 - [MESSAGE][PASSED] - All options with index in [16] are selected on object 'Object Repository/Emergency/Page_Store/select_--Select--Amikacin -500'

2018-05-15 13:48:09 - [TEST_STEP][PASSED] - delay: Delayed 2 second(s)

2018-05-15 13:48:11 - [MESSAGE][PASSED] - Delayed 2 second(s)

2018-05-15 13:48:11 - [TEST_STEP][PASSED] - Statement - RequestedQty = com.kms.katalon.core.webui.keyword.WebUiBuiltInKeywords.getAttribute(com.kms.katalon.core.testobject.ObjectRepository.findTestObject(Emergency/Page_Store/input_txttotal), "value"): Attribute 'value' of object 'Object Repository/Emergency/Page_Store/input_txttotal' is: '10'

2018-05-15 13:48:11 - [MESSAGE][PASSED] - Attribute 'value' of object 'Object Repository/Emergency/Page_Store/input_txttotal' is: '10'

2018-05-15 13:48:11 - [TEST_STEP][PASSED] - Statement - out.println("Requested QTY : " + RequestedQty): null

2018-05-15 13:48:11 - [TEST_STEP][PASSED] - Statement - BatchNumber = com.kms.katalon.core.webui.keyword.WebUiBuiltInKeywords.getNumberOfTotalOption(com.kms.katalon.core.testobject.ObjectRepository.findTestObject(Emergency/Page_Store/select_--Select--BA1150BA4110)): 2 options of object 'Object Repository/Emergency/Page_Store/select_--Select--BA1150BA4110' counted

2018-05-15 13:48:11 - [MESSAGE][PASSED] - 2 options of object 'Object Repository/Emergency/Page_Store/select_--Select--BA1150BA4110' counted

2018-05-15 13:48:11 - [TEST_STEP][PASSED] - Statement - For ([g = 1, g <= BatchNumber - 1, (g++)]): null

2018-05-15 13:48:11 - [TEST_STEP][PASSED] - selectOptionByIndex: All options with index in [1] are selected on object 'Object Repository/Emergency/Page_Store/select_--Select--BA1150BA4110'

2018-05-15 13:48:11 - [MESSAGE][PASSED] - All options with index in [1] are selected on object 'Object Repository/Emergency/Page_Store/select_--Select--BA1150BA4110'

2018-05-15 13:48:11 - [TEST_STEP][PASSED] - delay: Delayed 2 second(s)

2018-05-15 13:48:13 - [MESSAGE][PASSED] - Delayed 2 second(s)

2018-05-15 13:48:13 - [TEST_STEP][PASSED] - Statement - Try: null

2018-05-15 13:48:13 - [TEST_STEP][PASSED] - Statement - StockQty = com.kms.katalon.core.webui.keyword.WebUiBuiltInKeywords.getAttribute(com.kms.katalon.core.testobject.ObjectRepository.findTestObject(Emergency/Page_Store/input_txtprice), "value"): Attribute 'value' of object 'Object Repository/Emergency/Page_Store/input_txtprice' is: '955'

2018-05-15 13:48:13 - [MESSAGE][PASSED] - Attribute 'value' of object 'Object Repository/Emergency/Page_Store/input_txtprice' is: '955'

2018-05-15 13:48:13 - [TEST_STEP][PASSED] - Statement - out.println("Stock QTY : " + StockQty): null

2018-05-15 13:48:13 - [TEST_STEP][PASSED] - delay: Delayed 2 second(s)

2018-05-15 13:48:15 - [MESSAGE][PASSED] - Delayed 2 second(s)

2018-05-15 13:48:15 - [TEST_STEP][PASSED] - Statement - If (java.lang.Integer.valueOf(StockQty) >= java.lang.Integer.valueOf(RequestedQty)): null

2018-05-15 13:48:15 - [TEST_STEP][PASSED] - delay: Delayed 1 second(s)

2018-05-15 13:48:16 - [MESSAGE][PASSED] - Delayed 1 second(s)

2018-05-15 13:48:16 - [TEST_STEP][PASSED] - setText: Text '10' is set on object 'Object Repository/Emergency/Page_Store/input_txtqty'

2018-05-15 13:48:16 - [MESSAGE][PASSED] - Text '10' is set on object 'Object Repository/Emergency/Page_Store/input_txtqty'

2018-05-15 13:48:16 - [TEST_STEP][PASSED] - click: Object: 'Object Repository/Emergency/Page_Store/button_Add' is clicked on

2018-05-15 13:48:16 - [MESSAGE][PASSED] - Object: 'Object Repository/Emergency/Page_Store/button_Add' is clicked on

2018-05-15 13:48:16 - [TEST_STEP][PASSED] - Statement - Break: null

2018-05-15 13:48:16 - [TEST_STEP][PASSED] - selectOptionByIndex: All options with index in [17] are selected on object 'Object Repository/Emergency/Page_Store/select_--Select--Amikacin -500'

2018-05-15 13:48:16 - [MESSAGE][PASSED] - All options with index in [17] are selected on object 'Object Repository/Emergency/Page_Store/select_--Select--Amikacin -500'

2018-05-15 13:48:16 - [TEST_STEP][PASSED] - delay: Delayed 2 second(s)

2018-05-15 13:48:18 - [MESSAGE][PASSED] - Delayed 2 second(s)

2018-05-15 13:48:18 - [TEST_STEP][PASSED] - Statement - RequestedQty = com.kms.katalon.core.webui.keyword.WebUiBuiltInKeywords.getAttribute(com.kms.katalon.core.testobject.ObjectRepository.findTestObject(Emergency/Page_Store/input_txttotal), "value"): Attribute 'value' of object 'Object Repository/Emergency/Page_Store/input_txttotal' is: '10'

2018-05-15 13:48:18 - [MESSAGE][PASSED] - Attribute 'value' of object 'Object Repository/Emergency/Page_Store/input_txttotal' is: '10'

2018-05-15 13:48:18 - [TEST_STEP][PASSED] - Statement - out.println("Requested QTY : " + RequestedQty): null

2018-05-15 13:48:18 - [TEST_STEP][PASSED] - Statement - BatchNumber = com.kms.katalon.core.webui.keyword.WebUiBuiltInKeywords.getNumberOfTotalOption(com.kms.katalon.core.testobject.ObjectRepository.findTestObject(Emergency/Page_Store/select_--Select--BA1150BA4110)): 2 options of object 'Object Repository/Emergency/Page_Store/select_--Select--BA1150BA4110' counted

2018-05-15 13:48:18 - [MESSAGE][PASSED] - 2 options of object 'Object Repository/Emergency/Page_Store/select_--Select--BA1150BA4110' counted

2018-05-15 13:48:18 - [TEST_STEP][PASSED] - Statement - For ([g = 1, g <= BatchNumber - 1, (g++)]): null

2018-05-15 13:48:18 - [TEST_STEP][PASSED] - selectOptionByIndex: All options with index in [1] are selected on object 'Object Repository/Emergency/Page_Store/select_--Select--BA1150BA4110'

2018-05-15 13:48:18 - [MESSAGE][PASSED] - All options with index in [1] are selected on object 'Object Repository/Emergency/Page_Store/select_--Select--BA1150BA4110'

2018-05-15 13:48:18 - [TEST_STEP][PASSED] - delay: Delayed 2 second(s)

2018-05-15 13:48:20 - [MESSAGE][PASSED] - Delayed 2 second(s)

2018-05-15 13:48:20 - [TEST_STEP][PASSED] - Statement - Try: null

2018-05-15 13:48:20 - [TEST_STEP][PASSED] - Statement - StockQty = com.kms.katalon.core.webui.keyword.WebUiBuiltInKeywords.getAttribute(com.kms.katalon.core.testobject.ObjectRepository.findTestObject(Emergency/Page_Store/input_txtprice), "value"): Attribute 'value' of object 'Object Repository/Emergency/Page_Store/input_txtprice' is: '985'

2018-05-15 13:48:20 - [MESSAGE][PASSED] - Attribute 'value' of object 'Object Repository/Emergency/Page_Store/input_txtprice' is: '985'

2018-05-15 13:48:20 - [TEST_STEP][PASSED] - Statement - out.println("Stock QTY : " + StockQty): null

2018-05-15 13:48:20 - [TEST_STEP][PASSED] - delay: Delayed 2 second(s)

2018-05-15 13:48:22 - [MESSAGE][PASSED] - Delayed 2 second(s)

2018-05-15 13:48:22 - [TEST_STEP][PASSED] - Statement - If (java.lang.Integer.valueOf(StockQty) >= java.lang.Integer.valueOf(RequestedQty)): null

2018-05-15 13:48:22 - [TEST_STEP][PASSED] - delay: Delayed 1 second(s)

2018-05-15 13:48:23 - [MESSAGE][PASSED] - Delayed 1 second(s)

2018-05-15 13:48:23 - [TEST_STEP][PASSED] - setText: Text '10' is set on object 'Object Repository/Emergency/Page_Store/input_txtqty'

2018-05-15 13:48:24 - [MESSAGE][PASSED] - Text '10' is set on object 'Object Repository/Emergency/Page_Store/input_txtqty'

2018-05-15 13:48:24 - [TEST_STEP][PASSED] - click: Object: 'Object Repository/Emergency/Page_Store/button_Add' is clicked on

2018-05-15 13:48:24 - [MESSAGE][PASSED] - Object: 'Object Repository/Emergency/Page_Store/button_Add' is clicked on

2018-05-15 13:48:24 - [TEST_STEP][PASSED] - Statement - Break: null

2018-05-15 13:48:24 - [TEST_STEP][PASSED] - scrollToElement: Scroll to object 'Object Repository/Emergency/Page_Store/input_btnSubmit' successfully

2018-05-15 13:48:24 - [MESSAGE][PASSED] - Scroll to object 'Object Repository/Emergency/Page_Store/input_btnSubmit' successfully

2018-05-15 13:48:24 - [TEST_STEP][PASSED] - Statement - Try: Object: 'Object Repository/lab/Page_Store/button_OK' is clicked on

2018-05-15 13:48:24 - [TEST_STEP][PASSED] - click: Object: 'Object Repository/Emergency/Page_Store/input_btnSubmit' is clicked on

2018-05-15 13:48:24 - [MESSAGE][PASSED] - Object: 'Object Repository/Emergency/Page_Store/input_btnSubmit' is clicked on

2018-05-15 13:48:24 - [TEST_STEP][PASSED] - delay: Delayed 3 second(s)

2018-05-15 13:48:27 - [MESSAGE][PASSED] - Delayed 3 second(s)

2018-05-15 13:48:27 - [TEST_STEP][PASSED] - click: Object: 'Object Repository/lab/Page_Store/button_OK' is clicked on

2018-05-15 13:48:27 - [MESSAGE][PASSED] - Object: 'Object Repository/lab/Page_Store/button_OK' is clicked on

2018-05-15 13:48:27 - [TEST_STEP][PASSED] - click: Object: 'Object Repository/Emergency/Page_Store/a_dropdown-toggle' is clicked on

2018-05-15 13:48:29 - [MESSAGE][PASSED] - Object: 'Object Repository/Emergency/Page_Store/a_dropdown-toggle' is clicked on

2018-05-15 13:48:29 - [TEST_STEP][PASSED] - click: Object: 'Object Repository/Emergency/Page_Store/a_Sign out' is clicked on

2018-05-15 13:48:29 - [MESSAGE][PASSED] - Object: 'Object Repository/Emergency/Page_Store/a_Sign out' is clicked on

2018-05-15 13:48:29 - [TEST_STEP][PASSED] - closeBrowser: Browser is closed

2018-05-15 13:48:30 - [MESSAGE][PASSED] - Browser is closed

2018-05-15 13:48:30 - [TEST_STEP][PASSED] - Statement - out.println("Schedule 8 Emergency Request Are Working Successfully"): null]]></system-out>
         <system-err><![CDATA[]]></system-err>
      </testcase>
      <testcase name="Test Cases/EMERGENCY TEST CASES/TC_ER_006 Verify Schedule 9 Emergency  Request Are Working Successfully Or Not" classname="Test Cases/EMERGENCY TEST CASES/TC_ER_006 Verify Schedule 9 Emergency  Request Are Working Successfully Or Not" status="FAILED">
         <failure type="FAILED" message="Unable to click on object 'Object Repository/Emergency/Page_KDMC - Emergency/a_dropdown-toggle' (Root cause: com.kms.katalon.core.webui.exception.WebElementNotFoundException: Web element with id: 'Object Repository/Emergency/Page_KDMC - Emergency/a_dropdown-toggle' located by 'By.xpath: /html[1]/body[@class=&quot;skin-blue  pace-done&quot;]/header[@class=&quot;header&quot;]/div[@class=&quot;row&quot;]/div[@class=&quot;col-md-12&quot;]/nav[@class=&quot;navbar navbar-static-top&quot;]/div[@class=&quot;navbar-right&quot;]/ul[@class=&quot;nav navbar-nav&quot;]/li[@class=&quot;dropdown user user-menu&quot;]/a[@class=&quot;dropdown-toggle&quot;][count(. | //*[@class = 'dropdown-toggle' and @data-toggle = 'dropdown']) = count(//*[@class = 'dropdown-toggle' and @data-toggle = 'dropdown'])]' not found)"/>
         <system-out><![CDATA[2018-05-15 13:48:30 - [TEST_CASE][FAILED] - Test Cases/EMERGENCY TEST CASES/TC_ER_006 Verify Schedule 9 Emergency  Request Are Working Successfully Or Not: Test Cases/EMERGENCY TEST CASES/TC_ER_006 Verify Schedule 9 Emergency  Request Are Working Successfully Or Not FAILED because (of) Unable to click on object 'Object Repository/Emergency/Page_KDMC - Emergency/a_dropdown-toggle' (Root cause: com.kms.katalon.core.webui.exception.WebElementNotFoundException: Web element with id: 'Object Repository/Emergency/Page_KDMC - Emergency/a_dropdown-toggle' located by 'By.xpath: /html[1]/body[@class="skin-blue  pace-done"]/header[@class="header"]/div[@class="row"]/div[@class="col-md-12"]/nav[@class="navbar navbar-static-top"]/div[@class="navbar-right"]/ul[@class="nav navbar-nav"]/li[@class="dropdown user user-menu"]/a[@class="dropdown-toggle"][count(. | //*[@class = 'dropdown-toggle' and @data-toggle = 'dropdown']) = count(//*[@class = 'dropdown-toggle' and @data-toggle = 'dropdown'])]' not found)

2018-05-15 13:48:30 - [TEST_STEP][PASSED] - openBrowser: Browser is opened with url: ''

2018-05-15 13:48:32 - [MESSAGE][PASSED] - Browser is opened with url: ''

2018-05-15 13:48:32 - [TEST_STEP][PASSED] - Statement - out.println("Verify Schedule 9 Emergency  Request Are Working Successfully Or Not"): null

2018-05-15 13:48:32 - [TEST_STEP][PASSED] - navigateToUrl: Navigate to 'http://192.168.137.1/Multihospital_New/EmergencyLogin.aspx' successfully

2018-05-15 13:48:36 - [MESSAGE][PASSED] - Navigate to 'http://192.168.137.1/Multihospital_New/EmergencyLogin.aspx' successfully

2018-05-15 13:48:36 - [TEST_STEP][PASSED] - maximizeWindow: Current window maximized

2018-05-15 13:48:37 - [MESSAGE][PASSED] - Current window maximized

2018-05-15 13:48:37 - [TEST_STEP][PASSED] - setText: Text 'nivetha' is set on object 'Object Repository/Emergency/Page_Emergency login/input_txtusername'

2018-05-15 13:48:37 - [MESSAGE][PASSED] - Text 'nivetha' is set on object 'Object Repository/Emergency/Page_Emergency login/input_txtusername'

2018-05-15 13:48:37 - [TEST_STEP][PASSED] - setText: Text '123' is set on object 'Object Repository/Emergency/Page_Emergency login/input_txtpassword'

2018-05-15 13:48:37 - [MESSAGE][PASSED] - Text '123' is set on object 'Object Repository/Emergency/Page_Emergency login/input_txtpassword'

2018-05-15 13:48:37 - [TEST_STEP][PASSED] - delay: Delayed 3 second(s)

2018-05-15 13:48:40 - [MESSAGE][PASSED] - Delayed 3 second(s)

2018-05-15 13:48:40 - [TEST_STEP][PASSED] - click: Object: 'Object Repository/Emergency/Page_Emergency login/button_Sign in' is clicked on

2018-05-15 13:48:42 - [MESSAGE][PASSED] - Object: 'Object Repository/Emergency/Page_Emergency login/button_Sign in' is clicked on

2018-05-15 13:48:42 - [TEST_STEP][PASSED] - delay: Delayed 3 second(s)

2018-05-15 13:48:45 - [MESSAGE][PASSED] - Delayed 3 second(s)

2018-05-15 13:48:45 - [TEST_STEP][PASSED] - click: Object: 'Object Repository/Emergency/Page_KDMC - Emergency/a_Store Request' is clicked on

2018-05-15 13:48:45 - [MESSAGE][PASSED] - Object: 'Object Repository/Emergency/Page_KDMC - Emergency/a_Store Request' is clicked on

2018-05-15 13:48:45 - [TEST_STEP][PASSED] - delay: Delayed 2 second(s)

2018-05-15 13:48:47 - [MESSAGE][PASSED] - Delayed 2 second(s)

2018-05-15 13:48:47 - [TEST_STEP][PASSED] - click: Object: 'Object Repository/Emergency/Page_KDMC - Emergency/a_Medicine Request' is clicked on

2018-05-15 13:48:47 - [MESSAGE][PASSED] - Object: 'Object Repository/Emergency/Page_KDMC - Emergency/a_Medicine Request' is clicked on

2018-05-15 13:48:47 - [TEST_STEP][PASSED] - delay: Delayed 2 second(s)

2018-05-15 13:48:49 - [MESSAGE][PASSED] - Delayed 2 second(s)

2018-05-15 13:48:49 - [TEST_STEP][PASSED] - selectOptionByIndex: All options with index in [6] are selected on object 'Object Repository/Emergency/Page_KDMC - Emergency/select_--Select--Schedule 1Inj'

2018-05-15 13:48:50 - [MESSAGE][PASSED] - All options with index in [6] are selected on object 'Object Repository/Emergency/Page_KDMC - Emergency/select_--Select--Schedule 1Inj'

2018-05-15 13:48:50 - [TEST_STEP][PASSED] - Statement - seletedoptions = com.kms.katalon.core.webui.keyword.WebUiBuiltInKeywords.getNumberOfTotalOption(com.kms.katalon.core.testobject.ObjectRepository.findTestObject(Emergency/Page_KDMC - Emergency/select_--Select--Adernaline 0.)): 36 options of object 'Object Repository/Emergency/Page_KDMC - Emergency/select_--Select--Adernaline 0.' counted

2018-05-15 13:48:50 - [MESSAGE][PASSED] - 36 options of object 'Object Repository/Emergency/Page_KDMC - Emergency/select_--Select--Adernaline 0.' counted

2018-05-15 13:48:50 - [TEST_STEP][PASSED] - Statement - For ([u = 1, u < seletedoptions, (u++)]): Object: 'Object Repository/Emergency/Page_KDMC - Emergency/button_Add' is clicked on

2018-05-15 13:48:50 - [TEST_STEP][PASSED] - selectOptionByIndex: All options with index in [6] are selected on object 'Object Repository/Emergency/Page_KDMC - Emergency/select_--Select--Schedule 1Inj'

2018-05-15 13:48:50 - [MESSAGE][PASSED] - All options with index in [6] are selected on object 'Object Repository/Emergency/Page_KDMC - Emergency/select_--Select--Schedule 1Inj'

2018-05-15 13:48:50 - [TEST_STEP][PASSED] - selectOptionByIndex: All options with index in [1] are selected on object 'Object Repository/Emergency/Page_KDMC - Emergency/select_--Select--Adernaline 0.'

2018-05-15 13:48:50 - [MESSAGE][PASSED] - All options with index in [1] are selected on object 'Object Repository/Emergency/Page_KDMC - Emergency/select_--Select--Adernaline 0.'

2018-05-15 13:48:50 - [TEST_STEP][PASSED] - setText: Text '10' is set on object 'Object Repository/Emergency/Page_KDMC - Emergency/input_txttreat'

2018-05-15 13:48:50 - [MESSAGE][PASSED] - Text '10' is set on object 'Object Repository/Emergency/Page_KDMC - Emergency/input_txttreat'

2018-05-15 13:48:50 - [TEST_STEP][PASSED] - click: Object: 'Object Repository/Emergency/Page_KDMC - Emergency/button_Add' is clicked on

2018-05-15 13:48:50 - [MESSAGE][PASSED] - Object: 'Object Repository/Emergency/Page_KDMC - Emergency/button_Add' is clicked on

2018-05-15 13:48:50 - [TEST_STEP][PASSED] - selectOptionByIndex: All options with index in [6] are selected on object 'Object Repository/Emergency/Page_KDMC - Emergency/select_--Select--Schedule 1Inj'

2018-05-15 13:48:50 - [MESSAGE][PASSED] - All options with index in [6] are selected on object 'Object Repository/Emergency/Page_KDMC - Emergency/select_--Select--Schedule 1Inj'

2018-05-15 13:48:50 - [TEST_STEP][PASSED] - selectOptionByIndex: All options with index in [2] are selected on object 'Object Repository/Emergency/Page_KDMC - Emergency/select_--Select--Adernaline 0.'

2018-05-15 13:48:50 - [MESSAGE][PASSED] - All options with index in [2] are selected on object 'Object Repository/Emergency/Page_KDMC - Emergency/select_--Select--Adernaline 0.'

2018-05-15 13:48:50 - [TEST_STEP][PASSED] - setText: Text '10' is set on object 'Object Repository/Emergency/Page_KDMC - Emergency/input_txttreat'

2018-05-15 13:48:50 - [MESSAGE][PASSED] - Text '10' is set on object 'Object Repository/Emergency/Page_KDMC - Emergency/input_txttreat'

2018-05-15 13:48:50 - [TEST_STEP][PASSED] - click: Object: 'Object Repository/Emergency/Page_KDMC - Emergency/button_Add' is clicked on

2018-05-15 13:48:50 - [MESSAGE][PASSED] - Object: 'Object Repository/Emergency/Page_KDMC - Emergency/button_Add' is clicked on

2018-05-15 13:48:50 - [TEST_STEP][PASSED] - selectOptionByIndex: All options with index in [6] are selected on object 'Object Repository/Emergency/Page_KDMC - Emergency/select_--Select--Schedule 1Inj'

2018-05-15 13:48:51 - [MESSAGE][PASSED] - All options with index in [6] are selected on object 'Object Repository/Emergency/Page_KDMC - Emergency/select_--Select--Schedule 1Inj'

2018-05-15 13:48:51 - [TEST_STEP][PASSED] - selectOptionByIndex: All options with index in [3] are selected on object 'Object Repository/Emergency/Page_KDMC - Emergency/select_--Select--Adernaline 0.'

2018-05-15 13:48:51 - [MESSAGE][PASSED] - All options with index in [3] are selected on object 'Object Repository/Emergency/Page_KDMC - Emergency/select_--Select--Adernaline 0.'

2018-05-15 13:48:51 - [TEST_STEP][PASSED] - setText: Text '10' is set on object 'Object Repository/Emergency/Page_KDMC - Emergency/input_txttreat'

2018-05-15 13:48:51 - [MESSAGE][PASSED] - Text '10' is set on object 'Object Repository/Emergency/Page_KDMC - Emergency/input_txttreat'

2018-05-15 13:48:51 - [TEST_STEP][PASSED] - click: Object: 'Object Repository/Emergency/Page_KDMC - Emergency/button_Add' is clicked on

2018-05-15 13:48:51 - [MESSAGE][PASSED] - Object: 'Object Repository/Emergency/Page_KDMC - Emergency/button_Add' is clicked on

2018-05-15 13:48:51 - [TEST_STEP][PASSED] - selectOptionByIndex: All options with index in [6] are selected on object 'Object Repository/Emergency/Page_KDMC - Emergency/select_--Select--Schedule 1Inj'

2018-05-15 13:48:51 - [MESSAGE][PASSED] - All options with index in [6] are selected on object 'Object Repository/Emergency/Page_KDMC - Emergency/select_--Select--Schedule 1Inj'

2018-05-15 13:48:51 - [TEST_STEP][PASSED] - selectOptionByIndex: All options with index in [4] are selected on object 'Object Repository/Emergency/Page_KDMC - Emergency/select_--Select--Adernaline 0.'

2018-05-15 13:48:51 - [MESSAGE][PASSED] - All options with index in [4] are selected on object 'Object Repository/Emergency/Page_KDMC - Emergency/select_--Select--Adernaline 0.'

2018-05-15 13:48:51 - [TEST_STEP][PASSED] - setText: Text '10' is set on object 'Object Repository/Emergency/Page_KDMC - Emergency/input_txttreat'

2018-05-15 13:48:51 - [MESSAGE][PASSED] - Text '10' is set on object 'Object Repository/Emergency/Page_KDMC - Emergency/input_txttreat'

2018-05-15 13:48:51 - [TEST_STEP][PASSED] - click: Object: 'Object Repository/Emergency/Page_KDMC - Emergency/button_Add' is clicked on

2018-05-15 13:48:51 - [MESSAGE][PASSED] - Object: 'Object Repository/Emergency/Page_KDMC - Emergency/button_Add' is clicked on

2018-05-15 13:48:51 - [TEST_STEP][PASSED] - selectOptionByIndex: All options with index in [6] are selected on object 'Object Repository/Emergency/Page_KDMC - Emergency/select_--Select--Schedule 1Inj'

2018-05-15 13:48:52 - [MESSAGE][PASSED] - All options with index in [6] are selected on object 'Object Repository/Emergency/Page_KDMC - Emergency/select_--Select--Schedule 1Inj'

2018-05-15 13:48:52 - [TEST_STEP][PASSED] - selectOptionByIndex: All options with index in [5] are selected on object 'Object Repository/Emergency/Page_KDMC - Emergency/select_--Select--Adernaline 0.'

2018-05-15 13:48:52 - [MESSAGE][PASSED] - All options with index in [5] are selected on object 'Object Repository/Emergency/Page_KDMC - Emergency/select_--Select--Adernaline 0.'

2018-05-15 13:48:52 - [TEST_STEP][PASSED] - setText: Text '10' is set on object 'Object Repository/Emergency/Page_KDMC - Emergency/input_txttreat'

2018-05-15 13:48:52 - [MESSAGE][PASSED] - Text '10' is set on object 'Object Repository/Emergency/Page_KDMC - Emergency/input_txttreat'

2018-05-15 13:48:52 - [TEST_STEP][PASSED] - click: Object: 'Object Repository/Emergency/Page_KDMC - Emergency/button_Add' is clicked on

2018-05-15 13:48:52 - [MESSAGE][PASSED] - Object: 'Object Repository/Emergency/Page_KDMC - Emergency/button_Add' is clicked on

2018-05-15 13:48:52 - [TEST_STEP][PASSED] - selectOptionByIndex: All options with index in [6] are selected on object 'Object Repository/Emergency/Page_KDMC - Emergency/select_--Select--Schedule 1Inj'

2018-05-15 13:48:52 - [MESSAGE][PASSED] - All options with index in [6] are selected on object 'Object Repository/Emergency/Page_KDMC - Emergency/select_--Select--Schedule 1Inj'

2018-05-15 13:48:52 - [TEST_STEP][PASSED] - selectOptionByIndex: All options with index in [6] are selected on object 'Object Repository/Emergency/Page_KDMC - Emergency/select_--Select--Adernaline 0.'

2018-05-15 13:48:52 - [MESSAGE][PASSED] - All options with index in [6] are selected on object 'Object Repository/Emergency/Page_KDMC - Emergency/select_--Select--Adernaline 0.'

2018-05-15 13:48:52 - [TEST_STEP][PASSED] - setText: Text '10' is set on object 'Object Repository/Emergency/Page_KDMC - Emergency/input_txttreat'

2018-05-15 13:48:52 - [MESSAGE][PASSED] - Text '10' is set on object 'Object Repository/Emergency/Page_KDMC - Emergency/input_txttreat'

2018-05-15 13:48:52 - [TEST_STEP][PASSED] - click: Object: 'Object Repository/Emergency/Page_KDMC - Emergency/button_Add' is clicked on

2018-05-15 13:48:52 - [MESSAGE][PASSED] - Object: 'Object Repository/Emergency/Page_KDMC - Emergency/button_Add' is clicked on

2018-05-15 13:48:52 - [TEST_STEP][PASSED] - selectOptionByIndex: All options with index in [6] are selected on object 'Object Repository/Emergency/Page_KDMC - Emergency/select_--Select--Schedule 1Inj'

2018-05-15 13:48:53 - [MESSAGE][PASSED] - All options with index in [6] are selected on object 'Object Repository/Emergency/Page_KDMC - Emergency/select_--Select--Schedule 1Inj'

2018-05-15 13:48:53 - [TEST_STEP][PASSED] - selectOptionByIndex: All options with index in [7] are selected on object 'Object Repository/Emergency/Page_KDMC - Emergency/select_--Select--Adernaline 0.'

2018-05-15 13:48:53 - [MESSAGE][PASSED] - All options with index in [7] are selected on object 'Object Repository/Emergency/Page_KDMC - Emergency/select_--Select--Adernaline 0.'

2018-05-15 13:48:53 - [TEST_STEP][PASSED] - setText: Text '10' is set on object 'Object Repository/Emergency/Page_KDMC - Emergency/input_txttreat'

2018-05-15 13:48:53 - [MESSAGE][PASSED] - Text '10' is set on object 'Object Repository/Emergency/Page_KDMC - Emergency/input_txttreat'

2018-05-15 13:48:53 - [TEST_STEP][PASSED] - click: Object: 'Object Repository/Emergency/Page_KDMC - Emergency/button_Add' is clicked on

2018-05-15 13:48:53 - [MESSAGE][PASSED] - Object: 'Object Repository/Emergency/Page_KDMC - Emergency/button_Add' is clicked on

2018-05-15 13:48:53 - [TEST_STEP][PASSED] - selectOptionByIndex: All options with index in [6] are selected on object 'Object Repository/Emergency/Page_KDMC - Emergency/select_--Select--Schedule 1Inj'

2018-05-15 13:48:53 - [MESSAGE][PASSED] - All options with index in [6] are selected on object 'Object Repository/Emergency/Page_KDMC - Emergency/select_--Select--Schedule 1Inj'

2018-05-15 13:48:53 - [TEST_STEP][PASSED] - selectOptionByIndex: All options with index in [8] are selected on object 'Object Repository/Emergency/Page_KDMC - Emergency/select_--Select--Adernaline 0.'

2018-05-15 13:48:53 - [MESSAGE][PASSED] - All options with index in [8] are selected on object 'Object Repository/Emergency/Page_KDMC - Emergency/select_--Select--Adernaline 0.'

2018-05-15 13:48:53 - [TEST_STEP][PASSED] - setText: Text '10' is set on object 'Object Repository/Emergency/Page_KDMC - Emergency/input_txttreat'

2018-05-15 13:48:53 - [MESSAGE][PASSED] - Text '10' is set on object 'Object Repository/Emergency/Page_KDMC - Emergency/input_txttreat'

2018-05-15 13:48:53 - [TEST_STEP][PASSED] - click: Object: 'Object Repository/Emergency/Page_KDMC - Emergency/button_Add' is clicked on

2018-05-15 13:48:53 - [MESSAGE][PASSED] - Object: 'Object Repository/Emergency/Page_KDMC - Emergency/button_Add' is clicked on

2018-05-15 13:48:53 - [TEST_STEP][PASSED] - selectOptionByIndex: All options with index in [6] are selected on object 'Object Repository/Emergency/Page_KDMC - Emergency/select_--Select--Schedule 1Inj'

2018-05-15 13:48:53 - [MESSAGE][PASSED] - All options with index in [6] are selected on object 'Object Repository/Emergency/Page_KDMC - Emergency/select_--Select--Schedule 1Inj'

2018-05-15 13:48:53 - [TEST_STEP][PASSED] - selectOptionByIndex: All options with index in [9] are selected on object 'Object Repository/Emergency/Page_KDMC - Emergency/select_--Select--Adernaline 0.'

2018-05-15 13:48:54 - [MESSAGE][PASSED] - All options with index in [9] are selected on object 'Object Repository/Emergency/Page_KDMC - Emergency/select_--Select--Adernaline 0.'

2018-05-15 13:48:54 - [TEST_STEP][PASSED] - setText: Text '10' is set on object 'Object Repository/Emergency/Page_KDMC - Emergency/input_txttreat'

2018-05-15 13:48:54 - [MESSAGE][PASSED] - Text '10' is set on object 'Object Repository/Emergency/Page_KDMC - Emergency/input_txttreat'

2018-05-15 13:48:54 - [TEST_STEP][PASSED] - click: Object: 'Object Repository/Emergency/Page_KDMC - Emergency/button_Add' is clicked on

2018-05-15 13:48:54 - [MESSAGE][PASSED] - Object: 'Object Repository/Emergency/Page_KDMC - Emergency/button_Add' is clicked on

2018-05-15 13:48:54 - [TEST_STEP][PASSED] - selectOptionByIndex: All options with index in [6] are selected on object 'Object Repository/Emergency/Page_KDMC - Emergency/select_--Select--Schedule 1Inj'

2018-05-15 13:48:54 - [MESSAGE][PASSED] - All options with index in [6] are selected on object 'Object Repository/Emergency/Page_KDMC - Emergency/select_--Select--Schedule 1Inj'

2018-05-15 13:48:54 - [TEST_STEP][PASSED] - selectOptionByIndex: All options with index in [10] are selected on object 'Object Repository/Emergency/Page_KDMC - Emergency/select_--Select--Adernaline 0.'

2018-05-15 13:48:54 - [MESSAGE][PASSED] - All options with index in [10] are selected on object 'Object Repository/Emergency/Page_KDMC - Emergency/select_--Select--Adernaline 0.'

2018-05-15 13:48:54 - [TEST_STEP][PASSED] - setText: Text '10' is set on object 'Object Repository/Emergency/Page_KDMC - Emergency/input_txttreat'

2018-05-15 13:48:54 - [MESSAGE][PASSED] - Text '10' is set on object 'Object Repository/Emergency/Page_KDMC - Emergency/input_txttreat'

2018-05-15 13:48:54 - [TEST_STEP][PASSED] - click: Object: 'Object Repository/Emergency/Page_KDMC - Emergency/button_Add' is clicked on

2018-05-15 13:48:54 - [MESSAGE][PASSED] - Object: 'Object Repository/Emergency/Page_KDMC - Emergency/button_Add' is clicked on

2018-05-15 13:48:54 - [TEST_STEP][PASSED] - selectOptionByIndex: All options with index in [6] are selected on object 'Object Repository/Emergency/Page_KDMC - Emergency/select_--Select--Schedule 1Inj'

2018-05-15 13:48:54 - [MESSAGE][PASSED] - All options with index in [6] are selected on object 'Object Repository/Emergency/Page_KDMC - Emergency/select_--Select--Schedule 1Inj'

2018-05-15 13:48:55 - [TEST_STEP][PASSED] - selectOptionByIndex: All options with index in [11] are selected on object 'Object Repository/Emergency/Page_KDMC - Emergency/select_--Select--Adernaline 0.'

2018-05-15 13:48:55 - [MESSAGE][PASSED] - All options with index in [11] are selected on object 'Object Repository/Emergency/Page_KDMC - Emergency/select_--Select--Adernaline 0.'

2018-05-15 13:48:55 - [TEST_STEP][PASSED] - setText: Text '10' is set on object 'Object Repository/Emergency/Page_KDMC - Emergency/input_txttreat'

2018-05-15 13:48:55 - [MESSAGE][PASSED] - Text '10' is set on object 'Object Repository/Emergency/Page_KDMC - Emergency/input_txttreat'

2018-05-15 13:48:55 - [TEST_STEP][PASSED] - click: Object: 'Object Repository/Emergency/Page_KDMC - Emergency/button_Add' is clicked on

2018-05-15 13:48:55 - [MESSAGE][PASSED] - Object: 'Object Repository/Emergency/Page_KDMC - Emergency/button_Add' is clicked on

2018-05-15 13:48:55 - [TEST_STEP][PASSED] - selectOptionByIndex: All options with index in [6] are selected on object 'Object Repository/Emergency/Page_KDMC - Emergency/select_--Select--Schedule 1Inj'

2018-05-15 13:48:55 - [MESSAGE][PASSED] - All options with index in [6] are selected on object 'Object Repository/Emergency/Page_KDMC - Emergency/select_--Select--Schedule 1Inj'

2018-05-15 13:48:55 - [TEST_STEP][PASSED] - selectOptionByIndex: All options with index in [12] are selected on object 'Object Repository/Emergency/Page_KDMC - Emergency/select_--Select--Adernaline 0.'

2018-05-15 13:48:55 - [MESSAGE][PASSED] - All options with index in [12] are selected on object 'Object Repository/Emergency/Page_KDMC - Emergency/select_--Select--Adernaline 0.'

2018-05-15 13:48:55 - [TEST_STEP][PASSED] - setText: Text '10' is set on object 'Object Repository/Emergency/Page_KDMC - Emergency/input_txttreat'

2018-05-15 13:48:55 - [MESSAGE][PASSED] - Text '10' is set on object 'Object Repository/Emergency/Page_KDMC - Emergency/input_txttreat'

2018-05-15 13:48:55 - [TEST_STEP][PASSED] - click: Object: 'Object Repository/Emergency/Page_KDMC - Emergency/button_Add' is clicked on

2018-05-15 13:48:55 - [MESSAGE][PASSED] - Object: 'Object Repository/Emergency/Page_KDMC - Emergency/button_Add' is clicked on

2018-05-15 13:48:55 - [TEST_STEP][PASSED] - selectOptionByIndex: All options with index in [6] are selected on object 'Object Repository/Emergency/Page_KDMC - Emergency/select_--Select--Schedule 1Inj'

2018-05-15 13:48:56 - [MESSAGE][PASSED] - All options with index in [6] are selected on object 'Object Repository/Emergency/Page_KDMC - Emergency/select_--Select--Schedule 1Inj'

2018-05-15 13:48:56 - [TEST_STEP][PASSED] - selectOptionByIndex: All options with index in [13] are selected on object 'Object Repository/Emergency/Page_KDMC - Emergency/select_--Select--Adernaline 0.'

2018-05-15 13:48:56 - [MESSAGE][PASSED] - All options with index in [13] are selected on object 'Object Repository/Emergency/Page_KDMC - Emergency/select_--Select--Adernaline 0.'

2018-05-15 13:48:56 - [TEST_STEP][PASSED] - setText: Text '10' is set on object 'Object Repository/Emergency/Page_KDMC - Emergency/input_txttreat'

2018-05-15 13:48:56 - [MESSAGE][PASSED] - Text '10' is set on object 'Object Repository/Emergency/Page_KDMC - Emergency/input_txttreat'

2018-05-15 13:48:56 - [TEST_STEP][PASSED] - click: Object: 'Object Repository/Emergency/Page_KDMC - Emergency/button_Add' is clicked on

2018-05-15 13:48:56 - [MESSAGE][PASSED] - Object: 'Object Repository/Emergency/Page_KDMC - Emergency/button_Add' is clicked on

2018-05-15 13:48:56 - [TEST_STEP][PASSED] - selectOptionByIndex: All options with index in [6] are selected on object 'Object Repository/Emergency/Page_KDMC - Emergency/select_--Select--Schedule 1Inj'

2018-05-15 13:48:56 - [MESSAGE][PASSED] - All options with index in [6] are selected on object 'Object Repository/Emergency/Page_KDMC - Emergency/select_--Select--Schedule 1Inj'

2018-05-15 13:48:56 - [TEST_STEP][PASSED] - selectOptionByIndex: All options with index in [14] are selected on object 'Object Repository/Emergency/Page_KDMC - Emergency/select_--Select--Adernaline 0.'

2018-05-15 13:48:56 - [MESSAGE][PASSED] - All options with index in [14] are selected on object 'Object Repository/Emergency/Page_KDMC - Emergency/select_--Select--Adernaline 0.'

2018-05-15 13:48:56 - [TEST_STEP][PASSED] - setText: Text '10' is set on object 'Object Repository/Emergency/Page_KDMC - Emergency/input_txttreat'

2018-05-15 13:48:56 - [MESSAGE][PASSED] - Text '10' is set on object 'Object Repository/Emergency/Page_KDMC - Emergency/input_txttreat'

2018-05-15 13:48:56 - [TEST_STEP][PASSED] - click: Object: 'Object Repository/Emergency/Page_KDMC - Emergency/button_Add' is clicked on

2018-05-15 13:48:56 - [MESSAGE][PASSED] - Object: 'Object Repository/Emergency/Page_KDMC - Emergency/button_Add' is clicked on

2018-05-15 13:48:56 - [TEST_STEP][PASSED] - selectOptionByIndex: All options with index in [6] are selected on object 'Object Repository/Emergency/Page_KDMC - Emergency/select_--Select--Schedule 1Inj'

2018-05-15 13:48:57 - [MESSAGE][PASSED] - All options with index in [6] are selected on object 'Object Repository/Emergency/Page_KDMC - Emergency/select_--Select--Schedule 1Inj'

2018-05-15 13:48:57 - [TEST_STEP][PASSED] - selectOptionByIndex: All options with index in [15] are selected on object 'Object Repository/Emergency/Page_KDMC - Emergency/select_--Select--Adernaline 0.'

2018-05-15 13:48:57 - [MESSAGE][PASSED] - All options with index in [15] are selected on object 'Object Repository/Emergency/Page_KDMC - Emergency/select_--Select--Adernaline 0.'

2018-05-15 13:48:57 - [TEST_STEP][PASSED] - setText: Text '10' is set on object 'Object Repository/Emergency/Page_KDMC - Emergency/input_txttreat'

2018-05-15 13:48:57 - [MESSAGE][PASSED] - Text '10' is set on object 'Object Repository/Emergency/Page_KDMC - Emergency/input_txttreat'

2018-05-15 13:48:57 - [TEST_STEP][PASSED] - click: Object: 'Object Repository/Emergency/Page_KDMC - Emergency/button_Add' is clicked on

2018-05-15 13:48:57 - [MESSAGE][PASSED] - Object: 'Object Repository/Emergency/Page_KDMC - Emergency/button_Add' is clicked on

2018-05-15 13:48:57 - [TEST_STEP][PASSED] - selectOptionByIndex: All options with index in [6] are selected on object 'Object Repository/Emergency/Page_KDMC - Emergency/select_--Select--Schedule 1Inj'

2018-05-15 13:48:57 - [MESSAGE][PASSED] - All options with index in [6] are selected on object 'Object Repository/Emergency/Page_KDMC - Emergency/select_--Select--Schedule 1Inj'

2018-05-15 13:48:57 - [TEST_STEP][PASSED] - selectOptionByIndex: All options with index in [16] are selected on object 'Object Repository/Emergency/Page_KDMC - Emergency/select_--Select--Adernaline 0.'

2018-05-15 13:48:57 - [MESSAGE][PASSED] - All options with index in [16] are selected on object 'Object Repository/Emergency/Page_KDMC - Emergency/select_--Select--Adernaline 0.'

2018-05-15 13:48:57 - [TEST_STEP][PASSED] - setText: Text '10' is set on object 'Object Repository/Emergency/Page_KDMC - Emergency/input_txttreat'

2018-05-15 13:48:58 - [MESSAGE][PASSED] - Text '10' is set on object 'Object Repository/Emergency/Page_KDMC - Emergency/input_txttreat'

2018-05-15 13:48:58 - [TEST_STEP][PASSED] - click: Object: 'Object Repository/Emergency/Page_KDMC - Emergency/button_Add' is clicked on

2018-05-15 13:48:58 - [MESSAGE][PASSED] - Object: 'Object Repository/Emergency/Page_KDMC - Emergency/button_Add' is clicked on

2018-05-15 13:48:58 - [TEST_STEP][PASSED] - selectOptionByIndex: All options with index in [6] are selected on object 'Object Repository/Emergency/Page_KDMC - Emergency/select_--Select--Schedule 1Inj'

2018-05-15 13:48:58 - [MESSAGE][PASSED] - All options with index in [6] are selected on object 'Object Repository/Emergency/Page_KDMC - Emergency/select_--Select--Schedule 1Inj'

2018-05-15 13:48:58 - [TEST_STEP][PASSED] - selectOptionByIndex: All options with index in [17] are selected on object 'Object Repository/Emergency/Page_KDMC - Emergency/select_--Select--Adernaline 0.'

2018-05-15 13:48:58 - [MESSAGE][PASSED] - All options with index in [17] are selected on object 'Object Repository/Emergency/Page_KDMC - Emergency/select_--Select--Adernaline 0.'

2018-05-15 13:48:58 - [TEST_STEP][PASSED] - setText: Text '10' is set on object 'Object Repository/Emergency/Page_KDMC - Emergency/input_txttreat'

2018-05-15 13:48:58 - [MESSAGE][PASSED] - Text '10' is set on object 'Object Repository/Emergency/Page_KDMC - Emergency/input_txttreat'

2018-05-15 13:48:58 - [TEST_STEP][PASSED] - click: Object: 'Object Repository/Emergency/Page_KDMC - Emergency/button_Add' is clicked on

2018-05-15 13:48:58 - [MESSAGE][PASSED] - Object: 'Object Repository/Emergency/Page_KDMC - Emergency/button_Add' is clicked on

2018-05-15 13:48:58 - [TEST_STEP][PASSED] - selectOptionByIndex: All options with index in [6] are selected on object 'Object Repository/Emergency/Page_KDMC - Emergency/select_--Select--Schedule 1Inj'

2018-05-15 13:48:58 - [MESSAGE][PASSED] - All options with index in [6] are selected on object 'Object Repository/Emergency/Page_KDMC - Emergency/select_--Select--Schedule 1Inj'

2018-05-15 13:48:58 - [TEST_STEP][PASSED] - selectOptionByIndex: All options with index in [18] are selected on object 'Object Repository/Emergency/Page_KDMC - Emergency/select_--Select--Adernaline 0.'

2018-05-15 13:48:59 - [MESSAGE][PASSED] - All options with index in [18] are selected on object 'Object Repository/Emergency/Page_KDMC - Emergency/select_--Select--Adernaline 0.'

2018-05-15 13:48:59 - [TEST_STEP][PASSED] - setText: Text '10' is set on object 'Object Repository/Emergency/Page_KDMC - Emergency/input_txttreat'

2018-05-15 13:48:59 - [MESSAGE][PASSED] - Text '10' is set on object 'Object Repository/Emergency/Page_KDMC - Emergency/input_txttreat'

2018-05-15 13:48:59 - [TEST_STEP][PASSED] - click: Object: 'Object Repository/Emergency/Page_KDMC - Emergency/button_Add' is clicked on

2018-05-15 13:48:59 - [MESSAGE][PASSED] - Object: 'Object Repository/Emergency/Page_KDMC - Emergency/button_Add' is clicked on

2018-05-15 13:48:59 - [TEST_STEP][PASSED] - selectOptionByIndex: All options with index in [6] are selected on object 'Object Repository/Emergency/Page_KDMC - Emergency/select_--Select--Schedule 1Inj'

2018-05-15 13:48:59 - [MESSAGE][PASSED] - All options with index in [6] are selected on object 'Object Repository/Emergency/Page_KDMC - Emergency/select_--Select--Schedule 1Inj'

2018-05-15 13:48:59 - [TEST_STEP][PASSED] - selectOptionByIndex: All options with index in [19] are selected on object 'Object Repository/Emergency/Page_KDMC - Emergency/select_--Select--Adernaline 0.'

2018-05-15 13:48:59 - [MESSAGE][PASSED] - All options with index in [19] are selected on object 'Object Repository/Emergency/Page_KDMC - Emergency/select_--Select--Adernaline 0.'

2018-05-15 13:48:59 - [TEST_STEP][PASSED] - setText: Text '10' is set on object 'Object Repository/Emergency/Page_KDMC - Emergency/input_txttreat'

2018-05-15 13:48:59 - [MESSAGE][PASSED] - Text '10' is set on object 'Object Repository/Emergency/Page_KDMC - Emergency/input_txttreat'

2018-05-15 13:48:59 - [TEST_STEP][PASSED] - click: Object: 'Object Repository/Emergency/Page_KDMC - Emergency/button_Add' is clicked on

2018-05-15 13:48:59 - [MESSAGE][PASSED] - Object: 'Object Repository/Emergency/Page_KDMC - Emergency/button_Add' is clicked on

2018-05-15 13:48:59 - [TEST_STEP][PASSED] - selectOptionByIndex: All options with index in [6] are selected on object 'Object Repository/Emergency/Page_KDMC - Emergency/select_--Select--Schedule 1Inj'

2018-05-15 13:49:00 - [MESSAGE][PASSED] - All options with index in [6] are selected on object 'Object Repository/Emergency/Page_KDMC - Emergency/select_--Select--Schedule 1Inj'

2018-05-15 13:49:00 - [TEST_STEP][PASSED] - selectOptionByIndex: All options with index in [20] are selected on object 'Object Repository/Emergency/Page_KDMC - Emergency/select_--Select--Adernaline 0.'

2018-05-15 13:49:00 - [MESSAGE][PASSED] - All options with index in [20] are selected on object 'Object Repository/Emergency/Page_KDMC - Emergency/select_--Select--Adernaline 0.'

2018-05-15 13:49:00 - [TEST_STEP][PASSED] - setText: Text '10' is set on object 'Object Repository/Emergency/Page_KDMC - Emergency/input_txttreat'

2018-05-15 13:49:00 - [MESSAGE][PASSED] - Text '10' is set on object 'Object Repository/Emergency/Page_KDMC - Emergency/input_txttreat'

2018-05-15 13:49:00 - [TEST_STEP][PASSED] - click: Object: 'Object Repository/Emergency/Page_KDMC - Emergency/button_Add' is clicked on

2018-05-15 13:49:00 - [MESSAGE][PASSED] - Object: 'Object Repository/Emergency/Page_KDMC - Emergency/button_Add' is clicked on

2018-05-15 13:49:00 - [TEST_STEP][PASSED] - selectOptionByIndex: All options with index in [6] are selected on object 'Object Repository/Emergency/Page_KDMC - Emergency/select_--Select--Schedule 1Inj'

2018-05-15 13:49:00 - [MESSAGE][PASSED] - All options with index in [6] are selected on object 'Object Repository/Emergency/Page_KDMC - Emergency/select_--Select--Schedule 1Inj'

2018-05-15 13:49:00 - [TEST_STEP][PASSED] - selectOptionByIndex: All options with index in [21] are selected on object 'Object Repository/Emergency/Page_KDMC - Emergency/select_--Select--Adernaline 0.'

2018-05-15 13:49:01 - [MESSAGE][PASSED] - All options with index in [21] are selected on object 'Object Repository/Emergency/Page_KDMC - Emergency/select_--Select--Adernaline 0.'

2018-05-15 13:49:01 - [TEST_STEP][PASSED] - setText: Text '10' is set on object 'Object Repository/Emergency/Page_KDMC - Emergency/input_txttreat'

2018-05-15 13:49:01 - [MESSAGE][PASSED] - Text '10' is set on object 'Object Repository/Emergency/Page_KDMC - Emergency/input_txttreat'

2018-05-15 13:49:01 - [TEST_STEP][PASSED] - click: Object: 'Object Repository/Emergency/Page_KDMC - Emergency/button_Add' is clicked on

2018-05-15 13:49:01 - [MESSAGE][PASSED] - Object: 'Object Repository/Emergency/Page_KDMC - Emergency/button_Add' is clicked on

2018-05-15 13:49:01 - [TEST_STEP][PASSED] - selectOptionByIndex: All options with index in [6] are selected on object 'Object Repository/Emergency/Page_KDMC - Emergency/select_--Select--Schedule 1Inj'

2018-05-15 13:49:01 - [MESSAGE][PASSED] - All options with index in [6] are selected on object 'Object Repository/Emergency/Page_KDMC - Emergency/select_--Select--Schedule 1Inj'

2018-05-15 13:49:01 - [TEST_STEP][PASSED] - selectOptionByIndex: All options with index in [22] are selected on object 'Object Repository/Emergency/Page_KDMC - Emergency/select_--Select--Adernaline 0.'

2018-05-15 13:49:01 - [MESSAGE][PASSED] - All options with index in [22] are selected on object 'Object Repository/Emergency/Page_KDMC - Emergency/select_--Select--Adernaline 0.'

2018-05-15 13:49:01 - [TEST_STEP][PASSED] - setText: Text '10' is set on object 'Object Repository/Emergency/Page_KDMC - Emergency/input_txttreat'

2018-05-15 13:49:01 - [MESSAGE][PASSED] - Text '10' is set on object 'Object Repository/Emergency/Page_KDMC - Emergency/input_txttreat'

2018-05-15 13:49:01 - [TEST_STEP][PASSED] - click: Object: 'Object Repository/Emergency/Page_KDMC - Emergency/button_Add' is clicked on

2018-05-15 13:49:01 - [MESSAGE][PASSED] - Object: 'Object Repository/Emergency/Page_KDMC - Emergency/button_Add' is clicked on

2018-05-15 13:49:01 - [TEST_STEP][PASSED] - selectOptionByIndex: All options with index in [6] are selected on object 'Object Repository/Emergency/Page_KDMC - Emergency/select_--Select--Schedule 1Inj'

2018-05-15 13:49:01 - [MESSAGE][PASSED] - All options with index in [6] are selected on object 'Object Repository/Emergency/Page_KDMC - Emergency/select_--Select--Schedule 1Inj'

2018-05-15 13:49:01 - [TEST_STEP][PASSED] - selectOptionByIndex: All options with index in [23] are selected on object 'Object Repository/Emergency/Page_KDMC - Emergency/select_--Select--Adernaline 0.'

2018-05-15 13:49:02 - [MESSAGE][PASSED] - All options with index in [23] are selected on object 'Object Repository/Emergency/Page_KDMC - Emergency/select_--Select--Adernaline 0.'

2018-05-15 13:49:02 - [TEST_STEP][PASSED] - setText: Text '10' is set on object 'Object Repository/Emergency/Page_KDMC - Emergency/input_txttreat'

2018-05-15 13:49:02 - [MESSAGE][PASSED] - Text '10' is set on object 'Object Repository/Emergency/Page_KDMC - Emergency/input_txttreat'

2018-05-15 13:49:02 - [TEST_STEP][PASSED] - click: Object: 'Object Repository/Emergency/Page_KDMC - Emergency/button_Add' is clicked on

2018-05-15 13:49:02 - [MESSAGE][PASSED] - Object: 'Object Repository/Emergency/Page_KDMC - Emergency/button_Add' is clicked on

2018-05-15 13:49:02 - [TEST_STEP][PASSED] - selectOptionByIndex: All options with index in [6] are selected on object 'Object Repository/Emergency/Page_KDMC - Emergency/select_--Select--Schedule 1Inj'

2018-05-15 13:49:02 - [MESSAGE][PASSED] - All options with index in [6] are selected on object 'Object Repository/Emergency/Page_KDMC - Emergency/select_--Select--Schedule 1Inj'

2018-05-15 13:49:02 - [TEST_STEP][PASSED] - selectOptionByIndex: All options with index in [24] are selected on object 'Object Repository/Emergency/Page_KDMC - Emergency/select_--Select--Adernaline 0.'

2018-05-15 13:49:02 - [MESSAGE][PASSED] - All options with index in [24] are selected on object 'Object Repository/Emergency/Page_KDMC - Emergency/select_--Select--Adernaline 0.'

2018-05-15 13:49:02 - [TEST_STEP][PASSED] - setText: Text '10' is set on object 'Object Repository/Emergency/Page_KDMC - Emergency/input_txttreat'

2018-05-15 13:49:02 - [MESSAGE][PASSED] - Text '10' is set on object 'Object Repository/Emergency/Page_KDMC - Emergency/input_txttreat'

2018-05-15 13:49:02 - [TEST_STEP][PASSED] - click: Object: 'Object Repository/Emergency/Page_KDMC - Emergency/button_Add' is clicked on

2018-05-15 13:49:02 - [MESSAGE][PASSED] - Object: 'Object Repository/Emergency/Page_KDMC - Emergency/button_Add' is clicked on

2018-05-15 13:49:02 - [TEST_STEP][PASSED] - selectOptionByIndex: All options with index in [6] are selected on object 'Object Repository/Emergency/Page_KDMC - Emergency/select_--Select--Schedule 1Inj'

2018-05-15 13:49:03 - [MESSAGE][PASSED] - All options with index in [6] are selected on object 'Object Repository/Emergency/Page_KDMC - Emergency/select_--Select--Schedule 1Inj'

2018-05-15 13:49:03 - [TEST_STEP][PASSED] - selectOptionByIndex: All options with index in [25] are selected on object 'Object Repository/Emergency/Page_KDMC - Emergency/select_--Select--Adernaline 0.'

2018-05-15 13:49:03 - [MESSAGE][PASSED] - All options with index in [25] are selected on object 'Object Repository/Emergency/Page_KDMC - Emergency/select_--Select--Adernaline 0.'

2018-05-15 13:49:03 - [TEST_STEP][PASSED] - setText: Text '10' is set on object 'Object Repository/Emergency/Page_KDMC - Emergency/input_txttreat'

2018-05-15 13:49:03 - [MESSAGE][PASSED] - Text '10' is set on object 'Object Repository/Emergency/Page_KDMC - Emergency/input_txttreat'

2018-05-15 13:49:03 - [TEST_STEP][PASSED] - click: Object: 'Object Repository/Emergency/Page_KDMC - Emergency/button_Add' is clicked on

2018-05-15 13:49:03 - [MESSAGE][PASSED] - Object: 'Object Repository/Emergency/Page_KDMC - Emergency/button_Add' is clicked on

2018-05-15 13:49:03 - [TEST_STEP][PASSED] - selectOptionByIndex: All options with index in [6] are selected on object 'Object Repository/Emergency/Page_KDMC - Emergency/select_--Select--Schedule 1Inj'

2018-05-15 13:49:03 - [MESSAGE][PASSED] - All options with index in [6] are selected on object 'Object Repository/Emergency/Page_KDMC - Emergency/select_--Select--Schedule 1Inj'

2018-05-15 13:49:03 - [TEST_STEP][PASSED] - selectOptionByIndex: All options with index in [26] are selected on object 'Object Repository/Emergency/Page_KDMC - Emergency/select_--Select--Adernaline 0.'

2018-05-15 13:49:04 - [MESSAGE][PASSED] - All options with index in [26] are selected on object 'Object Repository/Emergency/Page_KDMC - Emergency/select_--Select--Adernaline 0.'

2018-05-15 13:49:04 - [TEST_STEP][PASSED] - setText: Text '10' is set on object 'Object Repository/Emergency/Page_KDMC - Emergency/input_txttreat'

2018-05-15 13:49:04 - [MESSAGE][PASSED] - Text '10' is set on object 'Object Repository/Emergency/Page_KDMC - Emergency/input_txttreat'

2018-05-15 13:49:04 - [TEST_STEP][PASSED] - click: Object: 'Object Repository/Emergency/Page_KDMC - Emergency/button_Add' is clicked on

2018-05-15 13:49:04 - [MESSAGE][PASSED] - Object: 'Object Repository/Emergency/Page_KDMC - Emergency/button_Add' is clicked on

2018-05-15 13:49:04 - [TEST_STEP][PASSED] - selectOptionByIndex: All options with index in [6] are selected on object 'Object Repository/Emergency/Page_KDMC - Emergency/select_--Select--Schedule 1Inj'

2018-05-15 13:49:04 - [MESSAGE][PASSED] - All options with index in [6] are selected on object 'Object Repository/Emergency/Page_KDMC - Emergency/select_--Select--Schedule 1Inj'

2018-05-15 13:49:04 - [TEST_STEP][PASSED] - selectOptionByIndex: All options with index in [27] are selected on object 'Object Repository/Emergency/Page_KDMC - Emergency/select_--Select--Adernaline 0.'

2018-05-15 13:49:04 - [MESSAGE][PASSED] - All options with index in [27] are selected on object 'Object Repository/Emergency/Page_KDMC - Emergency/select_--Select--Adernaline 0.'

2018-05-15 13:49:04 - [TEST_STEP][PASSED] - setText: Text '10' is set on object 'Object Repository/Emergency/Page_KDMC - Emergency/input_txttreat'

2018-05-15 13:49:04 - [MESSAGE][PASSED] - Text '10' is set on object 'Object Repository/Emergency/Page_KDMC - Emergency/input_txttreat'

2018-05-15 13:49:04 - [TEST_STEP][PASSED] - click: Object: 'Object Repository/Emergency/Page_KDMC - Emergency/button_Add' is clicked on

2018-05-15 13:49:05 - [MESSAGE][PASSED] - Object: 'Object Repository/Emergency/Page_KDMC - Emergency/button_Add' is clicked on

2018-05-15 13:49:05 - [TEST_STEP][PASSED] - selectOptionByIndex: All options with index in [6] are selected on object 'Object Repository/Emergency/Page_KDMC - Emergency/select_--Select--Schedule 1Inj'

2018-05-15 13:49:05 - [MESSAGE][PASSED] - All options with index in [6] are selected on object 'Object Repository/Emergency/Page_KDMC - Emergency/select_--Select--Schedule 1Inj'

2018-05-15 13:49:05 - [TEST_STEP][PASSED] - selectOptionByIndex: All options with index in [28] are selected on object 'Object Repository/Emergency/Page_KDMC - Emergency/select_--Select--Adernaline 0.'

2018-05-15 13:49:05 - [MESSAGE][PASSED] - All options with index in [28] are selected on object 'Object Repository/Emergency/Page_KDMC - Emergency/select_--Select--Adernaline 0.'

2018-05-15 13:49:05 - [TEST_STEP][PASSED] - setText: Text '10' is set on object 'Object Repository/Emergency/Page_KDMC - Emergency/input_txttreat'

2018-05-15 13:49:05 - [MESSAGE][PASSED] - Text '10' is set on object 'Object Repository/Emergency/Page_KDMC - Emergency/input_txttreat'

2018-05-15 13:49:05 - [TEST_STEP][PASSED] - click: Object: 'Object Repository/Emergency/Page_KDMC - Emergency/button_Add' is clicked on

2018-05-15 13:49:05 - [MESSAGE][PASSED] - Object: 'Object Repository/Emergency/Page_KDMC - Emergency/button_Add' is clicked on

2018-05-15 13:49:05 - [TEST_STEP][PASSED] - selectOptionByIndex: All options with index in [6] are selected on object 'Object Repository/Emergency/Page_KDMC - Emergency/select_--Select--Schedule 1Inj'

2018-05-15 13:49:05 - [MESSAGE][PASSED] - All options with index in [6] are selected on object 'Object Repository/Emergency/Page_KDMC - Emergency/select_--Select--Schedule 1Inj'

2018-05-15 13:49:05 - [TEST_STEP][PASSED] - selectOptionByIndex: All options with index in [29] are selected on object 'Object Repository/Emergency/Page_KDMC - Emergency/select_--Select--Adernaline 0.'

2018-05-15 13:49:06 - [MESSAGE][PASSED] - All options with index in [29] are selected on object 'Object Repository/Emergency/Page_KDMC - Emergency/select_--Select--Adernaline 0.'

2018-05-15 13:49:06 - [TEST_STEP][PASSED] - setText: Text '10' is set on object 'Object Repository/Emergency/Page_KDMC - Emergency/input_txttreat'

2018-05-15 13:49:06 - [MESSAGE][PASSED] - Text '10' is set on object 'Object Repository/Emergency/Page_KDMC - Emergency/input_txttreat'

2018-05-15 13:49:06 - [TEST_STEP][PASSED] - click: Object: 'Object Repository/Emergency/Page_KDMC - Emergency/button_Add' is clicked on

2018-05-15 13:49:06 - [MESSAGE][PASSED] - Object: 'Object Repository/Emergency/Page_KDMC - Emergency/button_Add' is clicked on

2018-05-15 13:49:06 - [TEST_STEP][PASSED] - selectOptionByIndex: All options with index in [6] are selected on object 'Object Repository/Emergency/Page_KDMC - Emergency/select_--Select--Schedule 1Inj'

2018-05-15 13:49:06 - [MESSAGE][PASSED] - All options with index in [6] are selected on object 'Object Repository/Emergency/Page_KDMC - Emergency/select_--Select--Schedule 1Inj'

2018-05-15 13:49:06 - [TEST_STEP][PASSED] - selectOptionByIndex: All options with index in [30] are selected on object 'Object Repository/Emergency/Page_KDMC - Emergency/select_--Select--Adernaline 0.'

2018-05-15 13:49:06 - [MESSAGE][PASSED] - All options with index in [30] are selected on object 'Object Repository/Emergency/Page_KDMC - Emergency/select_--Select--Adernaline 0.'

2018-05-15 13:49:06 - [TEST_STEP][PASSED] - setText: Text '10' is set on object 'Object Repository/Emergency/Page_KDMC - Emergency/input_txttreat'

2018-05-15 13:49:07 - [MESSAGE][PASSED] - Text '10' is set on object 'Object Repository/Emergency/Page_KDMC - Emergency/input_txttreat'

2018-05-15 13:49:07 - [TEST_STEP][PASSED] - click: Object: 'Object Repository/Emergency/Page_KDMC - Emergency/button_Add' is clicked on

2018-05-15 13:49:07 - [MESSAGE][PASSED] - Object: 'Object Repository/Emergency/Page_KDMC - Emergency/button_Add' is clicked on

2018-05-15 13:49:07 - [TEST_STEP][PASSED] - selectOptionByIndex: All options with index in [6] are selected on object 'Object Repository/Emergency/Page_KDMC - Emergency/select_--Select--Schedule 1Inj'

2018-05-15 13:49:07 - [MESSAGE][PASSED] - All options with index in [6] are selected on object 'Object Repository/Emergency/Page_KDMC - Emergency/select_--Select--Schedule 1Inj'

2018-05-15 13:49:07 - [TEST_STEP][PASSED] - selectOptionByIndex: All options with index in [31] are selected on object 'Object Repository/Emergency/Page_KDMC - Emergency/select_--Select--Adernaline 0.'

2018-05-15 13:49:07 - [MESSAGE][PASSED] - All options with index in [31] are selected on object 'Object Repository/Emergency/Page_KDMC - Emergency/select_--Select--Adernaline 0.'

2018-05-15 13:49:07 - [TEST_STEP][PASSED] - setText: Text '10' is set on object 'Object Repository/Emergency/Page_KDMC - Emergency/input_txttreat'

2018-05-15 13:49:07 - [MESSAGE][PASSED] - Text '10' is set on object 'Object Repository/Emergency/Page_KDMC - Emergency/input_txttreat'

2018-05-15 13:49:07 - [TEST_STEP][PASSED] - click: Object: 'Object Repository/Emergency/Page_KDMC - Emergency/button_Add' is clicked on

2018-05-15 13:49:07 - [MESSAGE][PASSED] - Object: 'Object Repository/Emergency/Page_KDMC - Emergency/button_Add' is clicked on

2018-05-15 13:49:07 - [TEST_STEP][PASSED] - selectOptionByIndex: All options with index in [6] are selected on object 'Object Repository/Emergency/Page_KDMC - Emergency/select_--Select--Schedule 1Inj'

2018-05-15 13:49:07 - [MESSAGE][PASSED] - All options with index in [6] are selected on object 'Object Repository/Emergency/Page_KDMC - Emergency/select_--Select--Schedule 1Inj'

2018-05-15 13:49:07 - [TEST_STEP][PASSED] - selectOptionByIndex: All options with index in [32] are selected on object 'Object Repository/Emergency/Page_KDMC - Emergency/select_--Select--Adernaline 0.'

2018-05-15 13:49:08 - [MESSAGE][PASSED] - All options with index in [32] are selected on object 'Object Repository/Emergency/Page_KDMC - Emergency/select_--Select--Adernaline 0.'

2018-05-15 13:49:08 - [TEST_STEP][PASSED] - setText: Text '10' is set on object 'Object Repository/Emergency/Page_KDMC - Emergency/input_txttreat'

2018-05-15 13:49:08 - [MESSAGE][PASSED] - Text '10' is set on object 'Object Repository/Emergency/Page_KDMC - Emergency/input_txttreat'

2018-05-15 13:49:08 - [TEST_STEP][PASSED] - click: Object: 'Object Repository/Emergency/Page_KDMC - Emergency/button_Add' is clicked on

2018-05-15 13:49:08 - [MESSAGE][PASSED] - Object: 'Object Repository/Emergency/Page_KDMC - Emergency/button_Add' is clicked on

2018-05-15 13:49:08 - [TEST_STEP][PASSED] - selectOptionByIndex: All options with index in [6] are selected on object 'Object Repository/Emergency/Page_KDMC - Emergency/select_--Select--Schedule 1Inj'

2018-05-15 13:49:08 - [MESSAGE][PASSED] - All options with index in [6] are selected on object 'Object Repository/Emergency/Page_KDMC - Emergency/select_--Select--Schedule 1Inj'

2018-05-15 13:49:08 - [TEST_STEP][PASSED] - selectOptionByIndex: All options with index in [33] are selected on object 'Object Repository/Emergency/Page_KDMC - Emergency/select_--Select--Adernaline 0.'

2018-05-15 13:49:09 - [MESSAGE][PASSED] - All options with index in [33] are selected on object 'Object Repository/Emergency/Page_KDMC - Emergency/select_--Select--Adernaline 0.'

2018-05-15 13:49:09 - [TEST_STEP][PASSED] - setText: Text '10' is set on object 'Object Repository/Emergency/Page_KDMC - Emergency/input_txttreat'

2018-05-15 13:49:09 - [MESSAGE][PASSED] - Text '10' is set on object 'Object Repository/Emergency/Page_KDMC - Emergency/input_txttreat'

2018-05-15 13:49:09 - [TEST_STEP][PASSED] - click: Object: 'Object Repository/Emergency/Page_KDMC - Emergency/button_Add' is clicked on

2018-05-15 13:49:09 - [MESSAGE][PASSED] - Object: 'Object Repository/Emergency/Page_KDMC - Emergency/button_Add' is clicked on

2018-05-15 13:49:09 - [TEST_STEP][PASSED] - selectOptionByIndex: All options with index in [6] are selected on object 'Object Repository/Emergency/Page_KDMC - Emergency/select_--Select--Schedule 1Inj'

2018-05-15 13:49:09 - [MESSAGE][PASSED] - All options with index in [6] are selected on object 'Object Repository/Emergency/Page_KDMC - Emergency/select_--Select--Schedule 1Inj'

2018-05-15 13:49:09 - [TEST_STEP][PASSED] - selectOptionByIndex: All options with index in [34] are selected on object 'Object Repository/Emergency/Page_KDMC - Emergency/select_--Select--Adernaline 0.'

2018-05-15 13:49:09 - [MESSAGE][PASSED] - All options with index in [34] are selected on object 'Object Repository/Emergency/Page_KDMC - Emergency/select_--Select--Adernaline 0.'

2018-05-15 13:49:09 - [TEST_STEP][PASSED] - setText: Text '10' is set on object 'Object Repository/Emergency/Page_KDMC - Emergency/input_txttreat'

2018-05-15 13:49:09 - [MESSAGE][PASSED] - Text '10' is set on object 'Object Repository/Emergency/Page_KDMC - Emergency/input_txttreat'

2018-05-15 13:49:09 - [TEST_STEP][PASSED] - click: Object: 'Object Repository/Emergency/Page_KDMC - Emergency/button_Add' is clicked on

2018-05-15 13:49:10 - [MESSAGE][PASSED] - Object: 'Object Repository/Emergency/Page_KDMC - Emergency/button_Add' is clicked on

2018-05-15 13:49:10 - [TEST_STEP][PASSED] - selectOptionByIndex: All options with index in [6] are selected on object 'Object Repository/Emergency/Page_KDMC - Emergency/select_--Select--Schedule 1Inj'

2018-05-15 13:49:10 - [MESSAGE][PASSED] - All options with index in [6] are selected on object 'Object Repository/Emergency/Page_KDMC - Emergency/select_--Select--Schedule 1Inj'

2018-05-15 13:49:10 - [TEST_STEP][PASSED] - selectOptionByIndex: All options with index in [35] are selected on object 'Object Repository/Emergency/Page_KDMC - Emergency/select_--Select--Adernaline 0.'

2018-05-15 13:49:10 - [MESSAGE][PASSED] - All options with index in [35] are selected on object 'Object Repository/Emergency/Page_KDMC - Emergency/select_--Select--Adernaline 0.'

2018-05-15 13:49:10 - [TEST_STEP][PASSED] - setText: Text '10' is set on object 'Object Repository/Emergency/Page_KDMC - Emergency/input_txttreat'

2018-05-15 13:49:10 - [MESSAGE][PASSED] - Text '10' is set on object 'Object Repository/Emergency/Page_KDMC - Emergency/input_txttreat'

2018-05-15 13:49:10 - [TEST_STEP][PASSED] - click: Object: 'Object Repository/Emergency/Page_KDMC - Emergency/button_Add' is clicked on

2018-05-15 13:49:10 - [MESSAGE][PASSED] - Object: 'Object Repository/Emergency/Page_KDMC - Emergency/button_Add' is clicked on

2018-05-15 13:49:10 - [TEST_STEP][PASSED] - scrollToElement: Scroll to object 'Object Repository/Emergency/Page_KDMC - Emergency/input_btnsave' successfully

2018-05-15 13:49:10 - [MESSAGE][PASSED] - Scroll to object 'Object Repository/Emergency/Page_KDMC - Emergency/input_btnsave' successfully

2018-05-15 13:49:10 - [TEST_STEP][PASSED] - click: Object: 'Object Repository/Emergency/Page_KDMC - Emergency/input_btnsave' is clicked on

2018-05-15 13:49:10 - [MESSAGE][PASSED] - Object: 'Object Repository/Emergency/Page_KDMC - Emergency/input_btnsave' is clicked on

2018-05-15 13:49:10 - [TEST_STEP][PASSED] - delay: Delayed 3 second(s)

2018-05-15 13:49:13 - [MESSAGE][PASSED] - Delayed 3 second(s)

2018-05-15 13:49:13 - [TEST_STEP][PASSED] - Statement - RequestNumber = com.kms.katalon.core.webui.keyword.WebUiBuiltInKeywords.getText(com.kms.katalon.core.testobject.ObjectRepository.findTestObject(Emergency/Page_KDMC - Emergency/font_ERNO100520183)): Text of object 'Object Repository/Emergency/Page_KDMC - Emergency/font_ERNO100520183' is: 'ERNO/15052018/151'

2018-05-15 13:49:13 - [MESSAGE][PASSED] - Text of object 'Object Repository/Emergency/Page_KDMC - Emergency/font_ERNO100520183' is: 'ERNO/15052018/151'

2018-05-15 13:49:13 - [TEST_STEP][PASSED] - Statement - Rno = RequestNumber.split("/")[2]: null

2018-05-15 13:49:13 - [TEST_STEP][PASSED] - Statement - out.println(Rno): null

2018-05-15 13:49:13 - [TEST_STEP][PASSED] - click: Object: 'Object Repository/Emergency/Page_KDMC - Emergency/button_OK' is clicked on

2018-05-15 13:49:19 - [MESSAGE][PASSED] - Object: 'Object Repository/Emergency/Page_KDMC - Emergency/button_OK' is clicked on

2018-05-15 13:49:19 - [TEST_STEP][PASSED] - delay: Delayed 3 second(s)

2018-05-15 13:49:22 - [MESSAGE][PASSED] - Delayed 3 second(s)

2018-05-15 13:49:22 - [TEST_STEP][FAILED] - click: Unable to click on object 'Object Repository/Emergency/Page_KDMC - Emergency/a_dropdown-toggle' (Root cause: com.kms.katalon.core.webui.exception.WebElementNotFoundException: Web element with id: 'Object Repository/Emergency/Page_KDMC - Emergency/a_dropdown-toggle' located by 'By.xpath: /html[1]/body[@class="skin-blue  pace-done"]/header[@class="header"]/div[@class="row"]/div[@class="col-md-12"]/nav[@class="navbar navbar-static-top"]/div[@class="navbar-right"]/ul[@class="nav navbar-nav"]/li[@class="dropdown user user-menu"]/a[@class="dropdown-toggle"][count(. | //*[@class = 'dropdown-toggle' and @data-toggle = 'dropdown']) = count(//*[@class = 'dropdown-toggle' and @data-toggle = 'dropdown'])]' not found)

2018-05-15 13:49:54 - [MESSAGE][FAILED] - Unable to click on object 'Object Repository/Emergency/Page_KDMC - Emergency/a_dropdown-toggle' (Root cause: com.kms.katalon.core.webui.exception.WebElementNotFoundException: Web element with id: 'Object Repository/Emergency/Page_KDMC - Emergency/a_dropdown-toggle' located by 'By.xpath: /html[1]/body[@class="skin-blue  pace-done"]/header[@class="header"]/div[@class="row"]/div[@class="col-md-12"]/nav[@class="navbar navbar-static-top"]/div[@class="navbar-right"]/ul[@class="nav navbar-nav"]/li[@class="dropdown user user-menu"]/a[@class="dropdown-toggle"][count(. | //*[@class = 'dropdown-toggle' and @data-toggle = 'dropdown']) = count(//*[@class = 'dropdown-toggle' and @data-toggle = 'dropdown'])]' not found)
[[ATTACHMENT|C:\\Users\\Quality Analyst\\Katalon Studio\\ds\\Reports\\Emergency_Suit\\20180515_133425\\1526372393682.png]]]]></system-out>
         <system-err><![CDATA[2018-05-15 13:48:30 - [TEST_CASE][FAILED] - Test Cases/EMERGENCY TEST CASES/TC_ER_006 Verify Schedule 9 Emergency  Request Are Working Successfully Or Not: Test Cases/EMERGENCY TEST CASES/TC_ER_006 Verify Schedule 9 Emergency  Request Are Working Successfully Or Not FAILED because (of) Unable to click on object 'Object Repository/Emergency/Page_KDMC - Emergency/a_dropdown-toggle' (Root cause: com.kms.katalon.core.webui.exception.WebElementNotFoundException: Web element with id: 'Object Repository/Emergency/Page_KDMC - Emergency/a_dropdown-toggle' located by 'By.xpath: /html[1]/body[@class="skin-blue  pace-done"]/header[@class="header"]/div[@class="row"]/div[@class="col-md-12"]/nav[@class="navbar navbar-static-top"]/div[@class="navbar-right"]/ul[@class="nav navbar-nav"]/li[@class="dropdown user user-menu"]/a[@class="dropdown-toggle"][count(. | //*[@class = 'dropdown-toggle' and @data-toggle = 'dropdown']) = count(//*[@class = 'dropdown-toggle' and @data-toggle = 'dropdown'])]' not found)]]></system-err>
      </testcase>
      <testcase name="Test Cases/EMERGENCY TEST CASES/TC_ER_007 Verify Schedule 12 Emergency  Request Are Working Successfully Or Not" classname="Test Cases/EMERGENCY TEST CASES/TC_ER_007 Verify Schedule 12 Emergency  Request Are Working Successfully Or Not" status="FAILED">
         <failure type="FAILED" message="Unable to click on object 'Object Repository/Emergency/Page_Store/a_dropdown-toggle' (Root cause: com.kms.katalon.core.webui.exception.WebElementNotFoundException: Web element with id: 'Object Repository/Emergency/Page_Store/a_dropdown-toggle' located by 'By.xpath: /html[1]/body[@class=&quot;skin-blue  pace-done&quot;]/header[@class=&quot;header&quot;]/div[@class=&quot;row&quot;]/nav[@class=&quot;navbar navbar-static-top&quot;]/div[@class=&quot;navbar-right&quot;]/ul[@class=&quot;nav navbar-nav&quot;]/li[@class=&quot;dropdown user user-menu&quot;]/a[@class=&quot;dropdown-toggle&quot;][count(. | //*[@class = 'dropdown-toggle' and @data-toggle = 'dropdown']) = count(//*[@class = 'dropdown-toggle' and @data-toggle = 'dropdown'])]' not found)"/>
         <system-out><![CDATA[2018-05-15 13:49:54 - [TEST_CASE][FAILED] - Test Cases/EMERGENCY TEST CASES/TC_ER_007 Verify Schedule 12 Emergency  Request Are Working Successfully Or Not: Test Cases/EMERGENCY TEST CASES/TC_ER_007 Verify Schedule 12 Emergency  Request Are Working Successfully Or Not FAILED because (of) Unable to click on object 'Object Repository/Emergency/Page_Store/a_dropdown-toggle' (Root cause: com.kms.katalon.core.webui.exception.WebElementNotFoundException: Web element with id: 'Object Repository/Emergency/Page_Store/a_dropdown-toggle' located by 'By.xpath: /html[1]/body[@class="skin-blue  pace-done"]/header[@class="header"]/div[@class="row"]/nav[@class="navbar navbar-static-top"]/div[@class="navbar-right"]/ul[@class="nav navbar-nav"]/li[@class="dropdown user user-menu"]/a[@class="dropdown-toggle"][count(. | //*[@class = 'dropdown-toggle' and @data-toggle = 'dropdown']) = count(//*[@class = 'dropdown-toggle' and @data-toggle = 'dropdown'])]' not found)

2018-05-15 13:49:54 - [TEST_STEP][PASSED] - openBrowser: Browser is opened with url: ''

2018-05-15 13:49:54 - [MESSAGE][WARNING] - A browser is already opened. Closing browser and opening a new one

2018-05-15 13:49:56 - [MESSAGE][PASSED] - Browser is opened with url: ''

2018-05-15 13:49:56 - [TEST_STEP][PASSED] - Statement - out.println("Verify Schedule 12 Emergency  Request Are Working Successfully Or Not"): null

2018-05-15 13:49:56 - [TEST_STEP][PASSED] - navigateToUrl: Navigate to 'http://192.168.137.1/Multihospital_New/EmergencyLogin.aspx' successfully

2018-05-15 13:50:03 - [MESSAGE][PASSED] - Navigate to 'http://192.168.137.1/Multihospital_New/EmergencyLogin.aspx' successfully

2018-05-15 13:50:03 - [TEST_STEP][PASSED] - maximizeWindow: Current window maximized

2018-05-15 13:50:04 - [MESSAGE][PASSED] - Current window maximized

2018-05-15 13:50:04 - [TEST_STEP][PASSED] - setText: Text 'nivetha' is set on object 'Object Repository/Emergency/Page_Emergency login/input_txtusername'

2018-05-15 13:50:04 - [MESSAGE][PASSED] - Text 'nivetha' is set on object 'Object Repository/Emergency/Page_Emergency login/input_txtusername'

2018-05-15 13:50:04 - [TEST_STEP][PASSED] - setText: Text '123' is set on object 'Object Repository/Emergency/Page_Emergency login/input_txtpassword'

2018-05-15 13:50:04 - [MESSAGE][PASSED] - Text '123' is set on object 'Object Repository/Emergency/Page_Emergency login/input_txtpassword'

2018-05-15 13:50:04 - [TEST_STEP][PASSED] - delay: Delayed 3 second(s)

2018-05-15 13:50:07 - [MESSAGE][PASSED] - Delayed 3 second(s)

2018-05-15 13:50:07 - [TEST_STEP][PASSED] - click: Object: 'Object Repository/Emergency/Page_Emergency login/button_Sign in' is clicked on

2018-05-15 13:50:09 - [MESSAGE][PASSED] - Object: 'Object Repository/Emergency/Page_Emergency login/button_Sign in' is clicked on

2018-05-15 13:50:09 - [TEST_STEP][PASSED] - delay: Delayed 3 second(s)

2018-05-15 13:50:12 - [MESSAGE][PASSED] - Delayed 3 second(s)

2018-05-15 13:50:12 - [TEST_STEP][PASSED] - click: Object: 'Object Repository/Emergency/Page_KDMC - Emergency/a_Store Request' is clicked on

2018-05-15 13:50:12 - [MESSAGE][PASSED] - Object: 'Object Repository/Emergency/Page_KDMC - Emergency/a_Store Request' is clicked on

2018-05-15 13:50:12 - [TEST_STEP][PASSED] - delay: Delayed 2 second(s)

2018-05-15 13:50:14 - [MESSAGE][PASSED] - Delayed 2 second(s)

2018-05-15 13:50:14 - [TEST_STEP][PASSED] - click: Object: 'Object Repository/Emergency/Page_KDMC - Emergency/a_Medicine Request' is clicked on

2018-05-15 13:50:14 - [MESSAGE][PASSED] - Object: 'Object Repository/Emergency/Page_KDMC - Emergency/a_Medicine Request' is clicked on

2018-05-15 13:50:14 - [TEST_STEP][PASSED] - delay: Delayed 2 second(s)

2018-05-15 13:50:16 - [MESSAGE][PASSED] - Delayed 2 second(s)

2018-05-15 13:50:16 - [TEST_STEP][PASSED] - selectOptionByIndex: All options with index in [7] are selected on object 'Object Repository/Emergency/Page_KDMC - Emergency/select_--Select--Schedule 1Inj'

2018-05-15 13:50:17 - [MESSAGE][PASSED] - All options with index in [7] are selected on object 'Object Repository/Emergency/Page_KDMC - Emergency/select_--Select--Schedule 1Inj'

2018-05-15 13:50:17 - [TEST_STEP][PASSED] - Statement - seletedoptions = com.kms.katalon.core.webui.keyword.WebUiBuiltInKeywords.getNumberOfTotalOption(com.kms.katalon.core.testobject.ObjectRepository.findTestObject(Emergency/Page_KDMC - Emergency/select_--Select--Adernaline 0.)): 19 options of object 'Object Repository/Emergency/Page_KDMC - Emergency/select_--Select--Adernaline 0.' counted

2018-05-15 13:50:17 - [MESSAGE][PASSED] - 19 options of object 'Object Repository/Emergency/Page_KDMC - Emergency/select_--Select--Adernaline 0.' counted

2018-05-15 13:50:17 - [TEST_STEP][PASSED] - Statement - For ([u = 1, u < seletedoptions, (u++)]): Object: 'Object Repository/Emergency/Page_KDMC - Emergency/button_Add' is clicked on

2018-05-15 13:50:17 - [TEST_STEP][PASSED] - selectOptionByIndex: All options with index in [7] are selected on object 'Object Repository/Emergency/Page_KDMC - Emergency/select_--Select--Schedule 1Inj'

2018-05-15 13:50:17 - [MESSAGE][PASSED] - All options with index in [7] are selected on object 'Object Repository/Emergency/Page_KDMC - Emergency/select_--Select--Schedule 1Inj'

2018-05-15 13:50:17 - [TEST_STEP][PASSED] - selectOptionByIndex: All options with index in [1] are selected on object 'Object Repository/Emergency/Page_KDMC - Emergency/select_--Select--Adernaline 0.'

2018-05-15 13:50:17 - [MESSAGE][PASSED] - All options with index in [1] are selected on object 'Object Repository/Emergency/Page_KDMC - Emergency/select_--Select--Adernaline 0.'

2018-05-15 13:50:17 - [TEST_STEP][PASSED] - setText: Text '10' is set on object 'Object Repository/Emergency/Page_KDMC - Emergency/input_txttreat'

2018-05-15 13:50:17 - [MESSAGE][PASSED] - Text '10' is set on object 'Object Repository/Emergency/Page_KDMC - Emergency/input_txttreat'

2018-05-15 13:50:17 - [TEST_STEP][PASSED] - click: Object: 'Object Repository/Emergency/Page_KDMC - Emergency/button_Add' is clicked on

2018-05-15 13:50:17 - [MESSAGE][PASSED] - Object: 'Object Repository/Emergency/Page_KDMC - Emergency/button_Add' is clicked on

2018-05-15 13:50:17 - [TEST_STEP][PASSED] - selectOptionByIndex: All options with index in [7] are selected on object 'Object Repository/Emergency/Page_KDMC - Emergency/select_--Select--Schedule 1Inj'

2018-05-15 13:50:17 - [MESSAGE][PASSED] - All options with index in [7] are selected on object 'Object Repository/Emergency/Page_KDMC - Emergency/select_--Select--Schedule 1Inj'

2018-05-15 13:50:17 - [TEST_STEP][PASSED] - selectOptionByIndex: All options with index in [2] are selected on object 'Object Repository/Emergency/Page_KDMC - Emergency/select_--Select--Adernaline 0.'

2018-05-15 13:50:17 - [MESSAGE][PASSED] - All options with index in [2] are selected on object 'Object Repository/Emergency/Page_KDMC - Emergency/select_--Select--Adernaline 0.'

2018-05-15 13:50:17 - [TEST_STEP][PASSED] - setText: Text '10' is set on object 'Object Repository/Emergency/Page_KDMC - Emergency/input_txttreat'

2018-05-15 13:50:17 - [MESSAGE][PASSED] - Text '10' is set on object 'Object Repository/Emergency/Page_KDMC - Emergency/input_txttreat'

2018-05-15 13:50:17 - [TEST_STEP][PASSED] - click: Object: 'Object Repository/Emergency/Page_KDMC - Emergency/button_Add' is clicked on

2018-05-15 13:50:18 - [MESSAGE][PASSED] - Object: 'Object Repository/Emergency/Page_KDMC - Emergency/button_Add' is clicked on

2018-05-15 13:50:18 - [TEST_STEP][PASSED] - selectOptionByIndex: All options with index in [7] are selected on object 'Object Repository/Emergency/Page_KDMC - Emergency/select_--Select--Schedule 1Inj'

2018-05-15 13:50:18 - [MESSAGE][PASSED] - All options with index in [7] are selected on object 'Object Repository/Emergency/Page_KDMC - Emergency/select_--Select--Schedule 1Inj'

2018-05-15 13:50:18 - [TEST_STEP][PASSED] - selectOptionByIndex: All options with index in [3] are selected on object 'Object Repository/Emergency/Page_KDMC - Emergency/select_--Select--Adernaline 0.'

2018-05-15 13:50:18 - [MESSAGE][PASSED] - All options with index in [3] are selected on object 'Object Repository/Emergency/Page_KDMC - Emergency/select_--Select--Adernaline 0.'

2018-05-15 13:50:18 - [TEST_STEP][PASSED] - setText: Text '10' is set on object 'Object Repository/Emergency/Page_KDMC - Emergency/input_txttreat'

2018-05-15 13:50:18 - [MESSAGE][PASSED] - Text '10' is set on object 'Object Repository/Emergency/Page_KDMC - Emergency/input_txttreat'

2018-05-15 13:50:18 - [TEST_STEP][PASSED] - click: Object: 'Object Repository/Emergency/Page_KDMC - Emergency/button_Add' is clicked on

2018-05-15 13:50:18 - [MESSAGE][PASSED] - Object: 'Object Repository/Emergency/Page_KDMC - Emergency/button_Add' is clicked on

2018-05-15 13:50:18 - [TEST_STEP][PASSED] - selectOptionByIndex: All options with index in [7] are selected on object 'Object Repository/Emergency/Page_KDMC - Emergency/select_--Select--Schedule 1Inj'

2018-05-15 13:50:18 - [MESSAGE][PASSED] - All options with index in [7] are selected on object 'Object Repository/Emergency/Page_KDMC - Emergency/select_--Select--Schedule 1Inj'

2018-05-15 13:50:18 - [TEST_STEP][PASSED] - selectOptionByIndex: All options with index in [4] are selected on object 'Object Repository/Emergency/Page_KDMC - Emergency/select_--Select--Adernaline 0.'

2018-05-15 13:50:18 - [MESSAGE][PASSED] - All options with index in [4] are selected on object 'Object Repository/Emergency/Page_KDMC - Emergency/select_--Select--Adernaline 0.'

2018-05-15 13:50:18 - [TEST_STEP][PASSED] - setText: Text '10' is set on object 'Object Repository/Emergency/Page_KDMC - Emergency/input_txttreat'

2018-05-15 13:50:18 - [MESSAGE][PASSED] - Text '10' is set on object 'Object Repository/Emergency/Page_KDMC - Emergency/input_txttreat'

2018-05-15 13:50:18 - [TEST_STEP][PASSED] - click: Object: 'Object Repository/Emergency/Page_KDMC - Emergency/button_Add' is clicked on

2018-05-15 13:50:18 - [MESSAGE][PASSED] - Object: 'Object Repository/Emergency/Page_KDMC - Emergency/button_Add' is clicked on

2018-05-15 13:50:18 - [TEST_STEP][PASSED] - selectOptionByIndex: All options with index in [7] are selected on object 'Object Repository/Emergency/Page_KDMC - Emergency/select_--Select--Schedule 1Inj'

2018-05-15 13:50:19 - [MESSAGE][PASSED] - All options with index in [7] are selected on object 'Object Repository/Emergency/Page_KDMC - Emergency/select_--Select--Schedule 1Inj'

2018-05-15 13:50:19 - [TEST_STEP][PASSED] - selectOptionByIndex: All options with index in [5] are selected on object 'Object Repository/Emergency/Page_KDMC - Emergency/select_--Select--Adernaline 0.'

2018-05-15 13:50:19 - [MESSAGE][PASSED] - All options with index in [5] are selected on object 'Object Repository/Emergency/Page_KDMC - Emergency/select_--Select--Adernaline 0.'

2018-05-15 13:50:19 - [TEST_STEP][PASSED] - setText: Text '10' is set on object 'Object Repository/Emergency/Page_KDMC - Emergency/input_txttreat'

2018-05-15 13:50:19 - [MESSAGE][PASSED] - Text '10' is set on object 'Object Repository/Emergency/Page_KDMC - Emergency/input_txttreat'

2018-05-15 13:50:19 - [TEST_STEP][PASSED] - click: Object: 'Object Repository/Emergency/Page_KDMC - Emergency/button_Add' is clicked on

2018-05-15 13:50:19 - [MESSAGE][PASSED] - Object: 'Object Repository/Emergency/Page_KDMC - Emergency/button_Add' is clicked on

2018-05-15 13:50:19 - [TEST_STEP][PASSED] - selectOptionByIndex: All options with index in [7] are selected on object 'Object Repository/Emergency/Page_KDMC - Emergency/select_--Select--Schedule 1Inj'

2018-05-15 13:50:19 - [MESSAGE][PASSED] - All options with index in [7] are selected on object 'Object Repository/Emergency/Page_KDMC - Emergency/select_--Select--Schedule 1Inj'

2018-05-15 13:50:19 - [TEST_STEP][PASSED] - selectOptionByIndex: All options with index in [6] are selected on object 'Object Repository/Emergency/Page_KDMC - Emergency/select_--Select--Adernaline 0.'

2018-05-15 13:50:19 - [MESSAGE][PASSED] - All options with index in [6] are selected on object 'Object Repository/Emergency/Page_KDMC - Emergency/select_--Select--Adernaline 0.'

2018-05-15 13:50:19 - [TEST_STEP][PASSED] - setText: Text '10' is set on object 'Object Repository/Emergency/Page_KDMC - Emergency/input_txttreat'

2018-05-15 13:50:19 - [MESSAGE][PASSED] - Text '10' is set on object 'Object Repository/Emergency/Page_KDMC - Emergency/input_txttreat'

2018-05-15 13:50:19 - [TEST_STEP][PASSED] - click: Object: 'Object Repository/Emergency/Page_KDMC - Emergency/button_Add' is clicked on

2018-05-15 13:50:19 - [MESSAGE][PASSED] - Object: 'Object Repository/Emergency/Page_KDMC - Emergency/button_Add' is clicked on

2018-05-15 13:50:19 - [TEST_STEP][PASSED] - selectOptionByIndex: All options with index in [7] are selected on object 'Object Repository/Emergency/Page_KDMC - Emergency/select_--Select--Schedule 1Inj'

2018-05-15 13:50:20 - [MESSAGE][PASSED] - All options with index in [7] are selected on object 'Object Repository/Emergency/Page_KDMC - Emergency/select_--Select--Schedule 1Inj'

2018-05-15 13:50:20 - [TEST_STEP][PASSED] - selectOptionByIndex: All options with index in [7] are selected on object 'Object Repository/Emergency/Page_KDMC - Emergency/select_--Select--Adernaline 0.'

2018-05-15 13:50:20 - [MESSAGE][PASSED] - All options with index in [7] are selected on object 'Object Repository/Emergency/Page_KDMC - Emergency/select_--Select--Adernaline 0.'

2018-05-15 13:50:20 - [TEST_STEP][PASSED] - setText: Text '10' is set on object 'Object Repository/Emergency/Page_KDMC - Emergency/input_txttreat'

2018-05-15 13:50:20 - [MESSAGE][PASSED] - Text '10' is set on object 'Object Repository/Emergency/Page_KDMC - Emergency/input_txttreat'

2018-05-15 13:50:20 - [TEST_STEP][PASSED] - click: Object: 'Object Repository/Emergency/Page_KDMC - Emergency/button_Add' is clicked on

2018-05-15 13:50:20 - [MESSAGE][PASSED] - Object: 'Object Repository/Emergency/Page_KDMC - Emergency/button_Add' is clicked on

2018-05-15 13:50:20 - [TEST_STEP][PASSED] - selectOptionByIndex: All options with index in [7] are selected on object 'Object Repository/Emergency/Page_KDMC - Emergency/select_--Select--Schedule 1Inj'

2018-05-15 13:50:20 - [MESSAGE][PASSED] - All options with index in [7] are selected on object 'Object Repository/Emergency/Page_KDMC - Emergency/select_--Select--Schedule 1Inj'

2018-05-15 13:50:20 - [TEST_STEP][PASSED] - selectOptionByIndex: All options with index in [8] are selected on object 'Object Repository/Emergency/Page_KDMC - Emergency/select_--Select--Adernaline 0.'

2018-05-15 13:50:20 - [MESSAGE][PASSED] - All options with index in [8] are selected on object 'Object Repository/Emergency/Page_KDMC - Emergency/select_--Select--Adernaline 0.'

2018-05-15 13:50:20 - [TEST_STEP][PASSED] - setText: Text '10' is set on object 'Object Repository/Emergency/Page_KDMC - Emergency/input_txttreat'

2018-05-15 13:50:20 - [MESSAGE][PASSED] - Text '10' is set on object 'Object Repository/Emergency/Page_KDMC - Emergency/input_txttreat'

2018-05-15 13:50:20 - [TEST_STEP][PASSED] - click: Object: 'Object Repository/Emergency/Page_KDMC - Emergency/button_Add' is clicked on

2018-05-15 13:50:20 - [MESSAGE][PASSED] - Object: 'Object Repository/Emergency/Page_KDMC - Emergency/button_Add' is clicked on

2018-05-15 13:50:20 - [TEST_STEP][PASSED] - selectOptionByIndex: All options with index in [7] are selected on object 'Object Repository/Emergency/Page_KDMC - Emergency/select_--Select--Schedule 1Inj'

2018-05-15 13:50:21 - [MESSAGE][PASSED] - All options with index in [7] are selected on object 'Object Repository/Emergency/Page_KDMC - Emergency/select_--Select--Schedule 1Inj'

2018-05-15 13:50:21 - [TEST_STEP][PASSED] - selectOptionByIndex: All options with index in [9] are selected on object 'Object Repository/Emergency/Page_KDMC - Emergency/select_--Select--Adernaline 0.'

2018-05-15 13:50:21 - [MESSAGE][PASSED] - All options with index in [9] are selected on object 'Object Repository/Emergency/Page_KDMC - Emergency/select_--Select--Adernaline 0.'

2018-05-15 13:50:21 - [TEST_STEP][PASSED] - setText: Text '10' is set on object 'Object Repository/Emergency/Page_KDMC - Emergency/input_txttreat'

2018-05-15 13:50:21 - [MESSAGE][PASSED] - Text '10' is set on object 'Object Repository/Emergency/Page_KDMC - Emergency/input_txttreat'

2018-05-15 13:50:21 - [TEST_STEP][PASSED] - click: Object: 'Object Repository/Emergency/Page_KDMC - Emergency/button_Add' is clicked on

2018-05-15 13:50:21 - [MESSAGE][PASSED] - Object: 'Object Repository/Emergency/Page_KDMC - Emergency/button_Add' is clicked on

2018-05-15 13:50:21 - [TEST_STEP][PASSED] - selectOptionByIndex: All options with index in [7] are selected on object 'Object Repository/Emergency/Page_KDMC - Emergency/select_--Select--Schedule 1Inj'

2018-05-15 13:50:21 - [MESSAGE][PASSED] - All options with index in [7] are selected on object 'Object Repository/Emergency/Page_KDMC - Emergency/select_--Select--Schedule 1Inj'

2018-05-15 13:50:21 - [TEST_STEP][PASSED] - selectOptionByIndex: All options with index in [10] are selected on object 'Object Repository/Emergency/Page_KDMC - Emergency/select_--Select--Adernaline 0.'

2018-05-15 13:50:21 - [MESSAGE][PASSED] - All options with index in [10] are selected on object 'Object Repository/Emergency/Page_KDMC - Emergency/select_--Select--Adernaline 0.'

2018-05-15 13:50:21 - [TEST_STEP][PASSED] - setText: Text '10' is set on object 'Object Repository/Emergency/Page_KDMC - Emergency/input_txttreat'

2018-05-15 13:50:21 - [MESSAGE][PASSED] - Text '10' is set on object 'Object Repository/Emergency/Page_KDMC - Emergency/input_txttreat'

2018-05-15 13:50:21 - [TEST_STEP][PASSED] - click: Object: 'Object Repository/Emergency/Page_KDMC - Emergency/button_Add' is clicked on

2018-05-15 13:50:21 - [MESSAGE][PASSED] - Object: 'Object Repository/Emergency/Page_KDMC - Emergency/button_Add' is clicked on

2018-05-15 13:50:21 - [TEST_STEP][PASSED] - selectOptionByIndex: All options with index in [7] are selected on object 'Object Repository/Emergency/Page_KDMC - Emergency/select_--Select--Schedule 1Inj'

2018-05-15 13:50:22 - [MESSAGE][PASSED] - All options with index in [7] are selected on object 'Object Repository/Emergency/Page_KDMC - Emergency/select_--Select--Schedule 1Inj'

2018-05-15 13:50:22 - [TEST_STEP][PASSED] - selectOptionByIndex: All options with index in [11] are selected on object 'Object Repository/Emergency/Page_KDMC - Emergency/select_--Select--Adernaline 0.'

2018-05-15 13:50:22 - [MESSAGE][PASSED] - All options with index in [11] are selected on object 'Object Repository/Emergency/Page_KDMC - Emergency/select_--Select--Adernaline 0.'

2018-05-15 13:50:22 - [TEST_STEP][PASSED] - setText: Text '10' is set on object 'Object Repository/Emergency/Page_KDMC - Emergency/input_txttreat'

2018-05-15 13:50:22 - [MESSAGE][PASSED] - Text '10' is set on object 'Object Repository/Emergency/Page_KDMC - Emergency/input_txttreat'

2018-05-15 13:50:22 - [TEST_STEP][PASSED] - click: Object: 'Object Repository/Emergency/Page_KDMC - Emergency/button_Add' is clicked on

2018-05-15 13:50:22 - [MESSAGE][PASSED] - Object: 'Object Repository/Emergency/Page_KDMC - Emergency/button_Add' is clicked on

2018-05-15 13:50:22 - [TEST_STEP][PASSED] - selectOptionByIndex: All options with index in [7] are selected on object 'Object Repository/Emergency/Page_KDMC - Emergency/select_--Select--Schedule 1Inj'

2018-05-15 13:50:22 - [MESSAGE][PASSED] - All options with index in [7] are selected on object 'Object Repository/Emergency/Page_KDMC - Emergency/select_--Select--Schedule 1Inj'

2018-05-15 13:50:22 - [TEST_STEP][PASSED] - selectOptionByIndex: All options with index in [12] are selected on object 'Object Repository/Emergency/Page_KDMC - Emergency/select_--Select--Adernaline 0.'

2018-05-15 13:50:22 - [MESSAGE][PASSED] - All options with index in [12] are selected on object 'Object Repository/Emergency/Page_KDMC - Emergency/select_--Select--Adernaline 0.'

2018-05-15 13:50:22 - [TEST_STEP][PASSED] - setText: Text '10' is set on object 'Object Repository/Emergency/Page_KDMC - Emergency/input_txttreat'

2018-05-15 13:50:22 - [MESSAGE][PASSED] - Text '10' is set on object 'Object Repository/Emergency/Page_KDMC - Emergency/input_txttreat'

2018-05-15 13:50:22 - [TEST_STEP][PASSED] - click: Object: 'Object Repository/Emergency/Page_KDMC - Emergency/button_Add' is clicked on

2018-05-15 13:50:22 - [MESSAGE][PASSED] - Object: 'Object Repository/Emergency/Page_KDMC - Emergency/button_Add' is clicked on

2018-05-15 13:50:22 - [TEST_STEP][PASSED] - selectOptionByIndex: All options with index in [7] are selected on object 'Object Repository/Emergency/Page_KDMC - Emergency/select_--Select--Schedule 1Inj'

2018-05-15 13:50:23 - [MESSAGE][PASSED] - All options with index in [7] are selected on object 'Object Repository/Emergency/Page_KDMC - Emergency/select_--Select--Schedule 1Inj'

2018-05-15 13:50:23 - [TEST_STEP][PASSED] - selectOptionByIndex: All options with index in [13] are selected on object 'Object Repository/Emergency/Page_KDMC - Emergency/select_--Select--Adernaline 0.'

2018-05-15 13:50:23 - [MESSAGE][PASSED] - All options with index in [13] are selected on object 'Object Repository/Emergency/Page_KDMC - Emergency/select_--Select--Adernaline 0.'

2018-05-15 13:50:23 - [TEST_STEP][PASSED] - setText: Text '10' is set on object 'Object Repository/Emergency/Page_KDMC - Emergency/input_txttreat'

2018-05-15 13:50:23 - [MESSAGE][PASSED] - Text '10' is set on object 'Object Repository/Emergency/Page_KDMC - Emergency/input_txttreat'

2018-05-15 13:50:23 - [TEST_STEP][PASSED] - click: Object: 'Object Repository/Emergency/Page_KDMC - Emergency/button_Add' is clicked on

2018-05-15 13:50:23 - [MESSAGE][PASSED] - Object: 'Object Repository/Emergency/Page_KDMC - Emergency/button_Add' is clicked on

2018-05-15 13:50:23 - [TEST_STEP][PASSED] - selectOptionByIndex: All options with index in [7] are selected on object 'Object Repository/Emergency/Page_KDMC - Emergency/select_--Select--Schedule 1Inj'

2018-05-15 13:50:23 - [MESSAGE][PASSED] - All options with index in [7] are selected on object 'Object Repository/Emergency/Page_KDMC - Emergency/select_--Select--Schedule 1Inj'

2018-05-15 13:50:23 - [TEST_STEP][PASSED] - selectOptionByIndex: All options with index in [14] are selected on object 'Object Repository/Emergency/Page_KDMC - Emergency/select_--Select--Adernaline 0.'

2018-05-15 13:50:23 - [MESSAGE][PASSED] - All options with index in [14] are selected on object 'Object Repository/Emergency/Page_KDMC - Emergency/select_--Select--Adernaline 0.'

2018-05-15 13:50:23 - [TEST_STEP][PASSED] - setText: Text '10' is set on object 'Object Repository/Emergency/Page_KDMC - Emergency/input_txttreat'

2018-05-15 13:50:23 - [MESSAGE][PASSED] - Text '10' is set on object 'Object Repository/Emergency/Page_KDMC - Emergency/input_txttreat'

2018-05-15 13:50:23 - [TEST_STEP][PASSED] - click: Object: 'Object Repository/Emergency/Page_KDMC - Emergency/button_Add' is clicked on

2018-05-15 13:50:23 - [MESSAGE][PASSED] - Object: 'Object Repository/Emergency/Page_KDMC - Emergency/button_Add' is clicked on

2018-05-15 13:50:23 - [TEST_STEP][PASSED] - selectOptionByIndex: All options with index in [7] are selected on object 'Object Repository/Emergency/Page_KDMC - Emergency/select_--Select--Schedule 1Inj'

2018-05-15 13:50:24 - [MESSAGE][PASSED] - All options with index in [7] are selected on object 'Object Repository/Emergency/Page_KDMC - Emergency/select_--Select--Schedule 1Inj'

2018-05-15 13:50:24 - [TEST_STEP][PASSED] - selectOptionByIndex: All options with index in [15] are selected on object 'Object Repository/Emergency/Page_KDMC - Emergency/select_--Select--Adernaline 0.'

2018-05-15 13:50:24 - [MESSAGE][PASSED] - All options with index in [15] are selected on object 'Object Repository/Emergency/Page_KDMC - Emergency/select_--Select--Adernaline 0.'

2018-05-15 13:50:24 - [TEST_STEP][PASSED] - setText: Text '10' is set on object 'Object Repository/Emergency/Page_KDMC - Emergency/input_txttreat'

2018-05-15 13:50:24 - [MESSAGE][PASSED] - Text '10' is set on object 'Object Repository/Emergency/Page_KDMC - Emergency/input_txttreat'

2018-05-15 13:50:24 - [TEST_STEP][PASSED] - click: Object: 'Object Repository/Emergency/Page_KDMC - Emergency/button_Add' is clicked on

2018-05-15 13:50:24 - [MESSAGE][PASSED] - Object: 'Object Repository/Emergency/Page_KDMC - Emergency/button_Add' is clicked on

2018-05-15 13:50:24 - [TEST_STEP][PASSED] - selectOptionByIndex: All options with index in [7] are selected on object 'Object Repository/Emergency/Page_KDMC - Emergency/select_--Select--Schedule 1Inj'

2018-05-15 13:50:24 - [MESSAGE][PASSED] - All options with index in [7] are selected on object 'Object Repository/Emergency/Page_KDMC - Emergency/select_--Select--Schedule 1Inj'

2018-05-15 13:50:24 - [TEST_STEP][PASSED] - selectOptionByIndex: All options with index in [16] are selected on object 'Object Repository/Emergency/Page_KDMC - Emergency/select_--Select--Adernaline 0.'

2018-05-15 13:50:24 - [MESSAGE][PASSED] - All options with index in [16] are selected on object 'Object Repository/Emergency/Page_KDMC - Emergency/select_--Select--Adernaline 0.'

2018-05-15 13:50:24 - [TEST_STEP][PASSED] - setText: Text '10' is set on object 'Object Repository/Emergency/Page_KDMC - Emergency/input_txttreat'

2018-05-15 13:50:24 - [MESSAGE][PASSED] - Text '10' is set on object 'Object Repository/Emergency/Page_KDMC - Emergency/input_txttreat'

2018-05-15 13:50:24 - [TEST_STEP][PASSED] - click: Object: 'Object Repository/Emergency/Page_KDMC - Emergency/button_Add' is clicked on

2018-05-15 13:50:24 - [MESSAGE][PASSED] - Object: 'Object Repository/Emergency/Page_KDMC - Emergency/button_Add' is clicked on

2018-05-15 13:50:24 - [TEST_STEP][PASSED] - selectOptionByIndex: All options with index in [7] are selected on object 'Object Repository/Emergency/Page_KDMC - Emergency/select_--Select--Schedule 1Inj'

2018-05-15 13:50:25 - [MESSAGE][PASSED] - All options with index in [7] are selected on object 'Object Repository/Emergency/Page_KDMC - Emergency/select_--Select--Schedule 1Inj'

2018-05-15 13:50:25 - [TEST_STEP][PASSED] - selectOptionByIndex: All options with index in [17] are selected on object 'Object Repository/Emergency/Page_KDMC - Emergency/select_--Select--Adernaline 0.'

2018-05-15 13:50:25 - [MESSAGE][PASSED] - All options with index in [17] are selected on object 'Object Repository/Emergency/Page_KDMC - Emergency/select_--Select--Adernaline 0.'

2018-05-15 13:50:25 - [TEST_STEP][PASSED] - setText: Text '10' is set on object 'Object Repository/Emergency/Page_KDMC - Emergency/input_txttreat'

2018-05-15 13:50:25 - [MESSAGE][PASSED] - Text '10' is set on object 'Object Repository/Emergency/Page_KDMC - Emergency/input_txttreat'

2018-05-15 13:50:25 - [TEST_STEP][PASSED] - click: Object: 'Object Repository/Emergency/Page_KDMC - Emergency/button_Add' is clicked on

2018-05-15 13:50:25 - [MESSAGE][PASSED] - Object: 'Object Repository/Emergency/Page_KDMC - Emergency/button_Add' is clicked on

2018-05-15 13:50:25 - [TEST_STEP][PASSED] - selectOptionByIndex: All options with index in [7] are selected on object 'Object Repository/Emergency/Page_KDMC - Emergency/select_--Select--Schedule 1Inj'

2018-05-15 13:50:25 - [MESSAGE][PASSED] - All options with index in [7] are selected on object 'Object Repository/Emergency/Page_KDMC - Emergency/select_--Select--Schedule 1Inj'

2018-05-15 13:50:25 - [TEST_STEP][PASSED] - selectOptionByIndex: All options with index in [18] are selected on object 'Object Repository/Emergency/Page_KDMC - Emergency/select_--Select--Adernaline 0.'

2018-05-15 13:50:25 - [MESSAGE][PASSED] - All options with index in [18] are selected on object 'Object Repository/Emergency/Page_KDMC - Emergency/select_--Select--Adernaline 0.'

2018-05-15 13:50:25 - [TEST_STEP][PASSED] - setText: Text '10' is set on object 'Object Repository/Emergency/Page_KDMC - Emergency/input_txttreat'

2018-05-15 13:50:26 - [MESSAGE][PASSED] - Text '10' is set on object 'Object Repository/Emergency/Page_KDMC - Emergency/input_txttreat'

2018-05-15 13:50:26 - [TEST_STEP][PASSED] - click: Object: 'Object Repository/Emergency/Page_KDMC - Emergency/button_Add' is clicked on

2018-05-15 13:50:26 - [MESSAGE][PASSED] - Object: 'Object Repository/Emergency/Page_KDMC - Emergency/button_Add' is clicked on

2018-05-15 13:50:26 - [TEST_STEP][PASSED] - scrollToElement: Scroll to object 'Object Repository/Emergency/Page_KDMC - Emergency/input_btnsave' successfully

2018-05-15 13:50:26 - [MESSAGE][PASSED] - Scroll to object 'Object Repository/Emergency/Page_KDMC - Emergency/input_btnsave' successfully

2018-05-15 13:50:26 - [TEST_STEP][PASSED] - click: Object: 'Object Repository/Emergency/Page_KDMC - Emergency/input_btnsave' is clicked on

2018-05-15 13:50:26 - [MESSAGE][PASSED] - Object: 'Object Repository/Emergency/Page_KDMC - Emergency/input_btnsave' is clicked on

2018-05-15 13:50:26 - [TEST_STEP][PASSED] - delay: Delayed 3 second(s)

2018-05-15 13:50:29 - [MESSAGE][PASSED] - Delayed 3 second(s)

2018-05-15 13:50:29 - [TEST_STEP][PASSED] - Statement - RequestNumber = com.kms.katalon.core.webui.keyword.WebUiBuiltInKeywords.getText(com.kms.katalon.core.testobject.ObjectRepository.findTestObject(Emergency/Page_KDMC - Emergency/font_ERNO100520183)): Text of object 'Object Repository/Emergency/Page_KDMC - Emergency/font_ERNO100520183' is: 'ERNO/15052018/152'

2018-05-15 13:50:29 - [MESSAGE][PASSED] - Text of object 'Object Repository/Emergency/Page_KDMC - Emergency/font_ERNO100520183' is: 'ERNO/15052018/152'

2018-05-15 13:50:29 - [TEST_STEP][PASSED] - Statement - Rno = RequestNumber.split("/")[2]: null

2018-05-15 13:50:29 - [TEST_STEP][PASSED] - Statement - out.println(Rno): null

2018-05-15 13:50:29 - [TEST_STEP][PASSED] - click: Object: 'Object Repository/Emergency/Page_KDMC - Emergency/button_OK' is clicked on

2018-05-15 13:50:29 - [MESSAGE][PASSED] - Object: 'Object Repository/Emergency/Page_KDMC - Emergency/button_OK' is clicked on

2018-05-15 13:50:29 - [TEST_STEP][PASSED] - delay: Delayed 3 second(s)

2018-05-15 13:50:32 - [MESSAGE][PASSED] - Delayed 3 second(s)

2018-05-15 13:50:32 - [TEST_STEP][PASSED] - click: Object: 'Object Repository/Emergency/Page_KDMC - Emergency/a_dropdown-toggle' is clicked on

2018-05-15 13:50:32 - [MESSAGE][PASSED] - Object: 'Object Repository/Emergency/Page_KDMC - Emergency/a_dropdown-toggle' is clicked on

2018-05-15 13:50:32 - [TEST_STEP][PASSED] - click: Object: 'Object Repository/Emergency/Page_KDMC - Emergency/a_Sign out' is clicked on

2018-05-15 13:50:33 - [MESSAGE][PASSED] - Object: 'Object Repository/Emergency/Page_KDMC - Emergency/a_Sign out' is clicked on

2018-05-15 13:50:33 - [TEST_STEP][PASSED] - delay: Delayed 3 second(s)

2018-05-15 13:50:36 - [MESSAGE][PASSED] - Delayed 3 second(s)

2018-05-15 13:50:36 - [TEST_STEP][PASSED] - click: Object: 'Object Repository/Emergency/Page_KDMC/a_CMO' is clicked on

2018-05-15 13:50:36 - [MESSAGE][PASSED] - Object: 'Object Repository/Emergency/Page_KDMC/a_CMO' is clicked on

2018-05-15 13:50:36 - [TEST_STEP][PASSED] - setText: Text 'guru' is set on object 'Object Repository/Emergency/Page_CMO login/input_txtusername'

2018-05-15 13:50:37 - [MESSAGE][PASSED] - Text 'guru' is set on object 'Object Repository/Emergency/Page_CMO login/input_txtusername'

2018-05-15 13:50:37 - [TEST_STEP][PASSED] - setText: Text '123' is set on object 'Object Repository/Emergency/Page_CMO login/input_txtpassword'

2018-05-15 13:50:37 - [MESSAGE][PASSED] - Text '123' is set on object 'Object Repository/Emergency/Page_CMO login/input_txtpassword'

2018-05-15 13:50:37 - [TEST_STEP][PASSED] - delay: Delayed 3 second(s)

2018-05-15 13:50:40 - [MESSAGE][PASSED] - Delayed 3 second(s)

2018-05-15 13:50:40 - [TEST_STEP][PASSED] - click: Object: 'Object Repository/Emergency/Page_CMO login/button_Sign in' is clicked on

2018-05-15 13:50:40 - [MESSAGE][PASSED] - Object: 'Object Repository/Emergency/Page_CMO login/button_Sign in' is clicked on

2018-05-15 13:50:40 - [TEST_STEP][PASSED] - delay: Delayed 2 second(s)

2018-05-15 13:50:42 - [MESSAGE][PASSED] - Delayed 2 second(s)

2018-05-15 13:50:42 - [TEST_STEP][PASSED] - click: Object: 'Object Repository/Emergency/Page_KDMC - CMO/a_Department Wise Request' is clicked on

2018-05-15 13:50:44 - [MESSAGE][PASSED] - Object: 'Object Repository/Emergency/Page_KDMC - CMO/a_Department Wise Request' is clicked on

2018-05-15 13:50:44 - [TEST_STEP][PASSED] - selectOptionByIndex: All options with index in [7] are selected on object 'Object Repository/Emergency/Page_KDMC - CMO/select_--ALL--'

2018-05-15 13:50:44 - [MESSAGE][PASSED] - All options with index in [7] are selected on object 'Object Repository/Emergency/Page_KDMC - CMO/select_--ALL--'

2018-05-15 13:50:44 - [TEST_STEP][PASSED] - selectOptionByIndex: All options with index in [1] are selected on object 'Object Repository/Emergency/Page_KDMC - CMO/select_--ALL--                _1'

2018-05-15 13:50:44 - [MESSAGE][PASSED] - All options with index in [1] are selected on object 'Object Repository/Emergency/Page_KDMC - CMO/select_--ALL--                _1'

2018-05-15 13:50:44 - [TEST_STEP][PASSED] - click: Object: 'Object Repository/Emergency/Page_KDMC - CMO/input_btnsearch' is clicked on

2018-05-15 13:50:44 - [MESSAGE][PASSED] - Object: 'Object Repository/Emergency/Page_KDMC - CMO/input_btnsearch' is clicked on

2018-05-15 13:50:44 - [TEST_STEP][PASSED] - Statement - ID = com.kms.katalon.core.webui.keyword.WebUiBuiltInKeywords.modifyObjectProperty(com.kms.katalon.core.testobject.ObjectRepository.findTestObject(Emergency/Page_KDMC - CMO/input_3), "xpath", "equals", "//*[@id=" + Rno + "]", true): Modify property of object successfully

2018-05-15 13:50:44 - [MESSAGE][PASSED] - Modify property of object successfully

2018-05-15 13:50:44 - [TEST_STEP][PASSED] - click: Object: 'Object Repository/Emergency/Page_KDMC - CMO/input_3' is clicked on

2018-05-15 13:50:45 - [MESSAGE][PASSED] - Object: 'Object Repository/Emergency/Page_KDMC - CMO/input_3' is clicked on

2018-05-15 13:50:45 - [TEST_STEP][PASSED] - delay: Delayed 2 second(s)

2018-05-15 13:50:47 - [MESSAGE][PASSED] - Delayed 2 second(s)

2018-05-15 13:50:47 - [TEST_STEP][PASSED] - selectOptionByIndex: All options with index in [1] are selected on object 'Object Repository/Emergency/Page_KDMC - CMO/select_--Select--'

2018-05-15 13:50:47 - [MESSAGE][PASSED] - All options with index in [1] are selected on object 'Object Repository/Emergency/Page_KDMC - CMO/select_--Select--'

2018-05-15 13:50:47 - [TEST_STEP][PASSED] - click: Object: 'Object Repository/Emergency/Page_KDMC - CMO/input_btnupdate' is clicked on

2018-05-15 13:50:47 - [MESSAGE][PASSED] - Object: 'Object Repository/Emergency/Page_KDMC - CMO/input_btnupdate' is clicked on

2018-05-15 13:50:47 - [TEST_STEP][PASSED] - delay: Delayed 2 second(s)

2018-05-15 13:50:49 - [MESSAGE][PASSED] - Delayed 2 second(s)

2018-05-15 13:50:49 - [TEST_STEP][PASSED] - click: Object: 'Object Repository/Emergency/Page_KDMC - CMO/button_OK' is clicked on

2018-05-15 13:50:50 - [MESSAGE][PASSED] - Object: 'Object Repository/Emergency/Page_KDMC - CMO/button_OK' is clicked on

2018-05-15 13:50:50 - [TEST_STEP][PASSED] - delay: Delayed 2 second(s)

2018-05-15 13:50:52 - [MESSAGE][PASSED] - Delayed 2 second(s)

2018-05-15 13:50:52 - [TEST_STEP][PASSED] - click: Object: 'Object Repository/Emergency/Page_KDMC - CMO/a_dropdown-toggle' is clicked on

2018-05-15 13:50:52 - [MESSAGE][PASSED] - Object: 'Object Repository/Emergency/Page_KDMC - CMO/a_dropdown-toggle' is clicked on

2018-05-15 13:50:52 - [TEST_STEP][PASSED] - click: Object: 'Object Repository/Emergency/Page_KDMC - CMO/a_Sign out' is clicked on

2018-05-15 13:50:52 - [MESSAGE][PASSED] - Object: 'Object Repository/Emergency/Page_KDMC - CMO/a_Sign out' is clicked on

2018-05-15 13:50:52 - [TEST_STEP][PASSED] - delay: Delayed 3 second(s)

2018-05-15 13:50:55 - [MESSAGE][PASSED] - Delayed 3 second(s)

2018-05-15 13:50:55 - [TEST_STEP][PASSED] - click: Object: 'Object Repository/Emergency/Page_KDMC/a_Divisional Store' is clicked on

2018-05-15 13:50:56 - [MESSAGE][PASSED] - Object: 'Object Repository/Emergency/Page_KDMC/a_Divisional Store' is clicked on

2018-05-15 13:50:56 - [TEST_STEP][PASSED] - setText: Text 'ragu' is set on object 'Object Repository/Emergency/Page_Divisonal Store Login/input_txtusername'

2018-05-15 13:50:56 - [MESSAGE][PASSED] - Text 'ragu' is set on object 'Object Repository/Emergency/Page_Divisonal Store Login/input_txtusername'

2018-05-15 13:50:56 - [TEST_STEP][PASSED] - setText: Text '123' is set on object 'Object Repository/Emergency/Page_Divisonal Store Login/input_txtpassword'

2018-05-15 13:50:56 - [MESSAGE][PASSED] - Text '123' is set on object 'Object Repository/Emergency/Page_Divisonal Store Login/input_txtpassword'

2018-05-15 13:50:56 - [TEST_STEP][PASSED] - delay: Delayed 3 second(s)

2018-05-15 13:50:59 - [MESSAGE][PASSED] - Delayed 3 second(s)

2018-05-15 13:50:59 - [TEST_STEP][PASSED] - click: Object: 'Object Repository/Emergency/Page_Divisonal Store Login/button_Sign in' is clicked on

2018-05-15 13:51:00 - [MESSAGE][PASSED] - Object: 'Object Repository/Emergency/Page_Divisonal Store Login/button_Sign in' is clicked on

2018-05-15 13:51:00 - [TEST_STEP][PASSED] - delay: Delayed 2 second(s)

2018-05-15 13:51:02 - [MESSAGE][PASSED] - Delayed 2 second(s)

2018-05-15 13:51:02 - [TEST_STEP][PASSED] - click: Object: 'Object Repository/Emergency/Page_Store/a_Emergency Request' is clicked on

2018-05-15 13:51:02 - [MESSAGE][PASSED] - Object: 'Object Repository/Emergency/Page_Store/a_Emergency Request' is clicked on

2018-05-15 13:51:02 - [TEST_STEP][PASSED] - click: Object: 'Object Repository/Emergency/Page_Store/a_Request Item Emergency' is clicked on

2018-05-15 13:51:03 - [MESSAGE][PASSED] - Object: 'Object Repository/Emergency/Page_Store/a_Request Item Emergency' is clicked on

2018-05-15 13:51:03 - [TEST_STEP][PASSED] - setText: Text '152' is set on object 'Object Repository/Emergency/Page_Store/input'

2018-05-15 13:51:03 - [MESSAGE][PASSED] - Text '152' is set on object 'Object Repository/Emergency/Page_Store/input'

2018-05-15 13:51:03 - [TEST_STEP][PASSED] - Statement - ChooseRequest = com.kms.katalon.core.webui.keyword.WebUiBuiltInKeywords.modifyObjectProperty(com.kms.katalon.core.testobject.ObjectRepository.findTestObject(Emergency/Page_Store/input_3), "xpath", "equals", "//*[@id=" + Rno + "]", true): Modify property of object successfully

2018-05-15 13:51:03 - [MESSAGE][PASSED] - Modify property of object successfully

2018-05-15 13:51:03 - [TEST_STEP][PASSED] - click: Object: 'Object Repository/Emergency/Page_Store/input_3' is clicked on

2018-05-15 13:51:04 - [MESSAGE][PASSED] - Object: 'Object Repository/Emergency/Page_Store/input_3' is clicked on

2018-05-15 13:51:04 - [TEST_STEP][PASSED] - delay: Delayed 2 second(s)

2018-05-15 13:51:06 - [MESSAGE][PASSED] - Delayed 2 second(s)

2018-05-15 13:51:06 - [TEST_STEP][PASSED] - Statement - selectedoptions1 = com.kms.katalon.core.webui.keyword.WebUiBuiltInKeywords.getNumberOfTotalOption(com.kms.katalon.core.testobject.ObjectRepository.findTestObject(Emergency/Page_Store/select_--Select--Amikacin -500)): 19 options of object 'Object Repository/Emergency/Page_Store/select_--Select--Amikacin -500' counted

2018-05-15 13:51:06 - [MESSAGE][PASSED] - 19 options of object 'Object Repository/Emergency/Page_Store/select_--Select--Amikacin -500' counted

2018-05-15 13:51:06 - [TEST_STEP][PASSED] - Statement - For ([a = 1, a <= selectedoptions1 - 1, (a++)]): null

2018-05-15 13:51:06 - [TEST_STEP][PASSED] - selectOptionByIndex: All options with index in [1] are selected on object 'Object Repository/Emergency/Page_Store/select_--Select--Amikacin -500'

2018-05-15 13:51:06 - [MESSAGE][PASSED] - All options with index in [1] are selected on object 'Object Repository/Emergency/Page_Store/select_--Select--Amikacin -500'

2018-05-15 13:51:06 - [TEST_STEP][PASSED] - delay: Delayed 2 second(s)

2018-05-15 13:51:08 - [MESSAGE][PASSED] - Delayed 2 second(s)

2018-05-15 13:51:08 - [TEST_STEP][PASSED] - Statement - RequestedQty = com.kms.katalon.core.webui.keyword.WebUiBuiltInKeywords.getAttribute(com.kms.katalon.core.testobject.ObjectRepository.findTestObject(Emergency/Page_Store/input_txttotal), "value"): Attribute 'value' of object 'Object Repository/Emergency/Page_Store/input_txttotal' is: '10'

2018-05-15 13:51:08 - [MESSAGE][PASSED] - Attribute 'value' of object 'Object Repository/Emergency/Page_Store/input_txttotal' is: '10'

2018-05-15 13:51:08 - [TEST_STEP][PASSED] - Statement - out.println("Requested QTY : " + RequestedQty): null

2018-05-15 13:51:08 - [TEST_STEP][PASSED] - Statement - BatchNumber = com.kms.katalon.core.webui.keyword.WebUiBuiltInKeywords.getNumberOfTotalOption(com.kms.katalon.core.testobject.ObjectRepository.findTestObject(Emergency/Page_Store/select_--Select--BA1150BA4110)): 2 options of object 'Object Repository/Emergency/Page_Store/select_--Select--BA1150BA4110' counted

2018-05-15 13:51:08 - [MESSAGE][PASSED] - 2 options of object 'Object Repository/Emergency/Page_Store/select_--Select--BA1150BA4110' counted

2018-05-15 13:51:08 - [TEST_STEP][PASSED] - Statement - For ([g = 1, g <= BatchNumber - 1, (g++)]): null

2018-05-15 13:51:08 - [TEST_STEP][PASSED] - selectOptionByIndex: All options with index in [1] are selected on object 'Object Repository/Emergency/Page_Store/select_--Select--BA1150BA4110'

2018-05-15 13:51:08 - [MESSAGE][PASSED] - All options with index in [1] are selected on object 'Object Repository/Emergency/Page_Store/select_--Select--BA1150BA4110'

2018-05-15 13:51:08 - [TEST_STEP][PASSED] - delay: Delayed 2 second(s)

2018-05-15 13:51:10 - [MESSAGE][PASSED] - Delayed 2 second(s)

2018-05-15 13:51:10 - [TEST_STEP][PASSED] - Statement - Try: null

2018-05-15 13:51:10 - [TEST_STEP][PASSED] - Statement - StockQty = com.kms.katalon.core.webui.keyword.WebUiBuiltInKeywords.getAttribute(com.kms.katalon.core.testobject.ObjectRepository.findTestObject(Emergency/Page_Store/input_txtprice), "value"): Attribute 'value' of object 'Object Repository/Emergency/Page_Store/input_txtprice' is: '985'

2018-05-15 13:51:10 - [MESSAGE][PASSED] - Attribute 'value' of object 'Object Repository/Emergency/Page_Store/input_txtprice' is: '985'

2018-05-15 13:51:10 - [TEST_STEP][PASSED] - Statement - out.println("Stock QTY : " + StockQty): null

2018-05-15 13:51:10 - [TEST_STEP][PASSED] - delay: Delayed 2 second(s)

2018-05-15 13:51:12 - [MESSAGE][PASSED] - Delayed 2 second(s)

2018-05-15 13:51:12 - [TEST_STEP][PASSED] - Statement - If (java.lang.Integer.valueOf(StockQty) >= java.lang.Integer.valueOf(RequestedQty)): null

2018-05-15 13:51:12 - [TEST_STEP][PASSED] - delay: Delayed 1 second(s)

2018-05-15 13:51:13 - [MESSAGE][PASSED] - Delayed 1 second(s)

2018-05-15 13:51:13 - [TEST_STEP][PASSED] - setText: Text '10' is set on object 'Object Repository/Emergency/Page_Store/input_txtqty'

2018-05-15 13:51:14 - [MESSAGE][PASSED] - Text '10' is set on object 'Object Repository/Emergency/Page_Store/input_txtqty'

2018-05-15 13:51:14 - [TEST_STEP][PASSED] - click: Object: 'Object Repository/Emergency/Page_Store/button_Add' is clicked on

2018-05-15 13:51:14 - [MESSAGE][PASSED] - Object: 'Object Repository/Emergency/Page_Store/button_Add' is clicked on

2018-05-15 13:51:14 - [TEST_STEP][PASSED] - Statement - Break: null

2018-05-15 13:51:14 - [TEST_STEP][PASSED] - selectOptionByIndex: All options with index in [2] are selected on object 'Object Repository/Emergency/Page_Store/select_--Select--Amikacin -500'

2018-05-15 13:51:14 - [MESSAGE][PASSED] - All options with index in [2] are selected on object 'Object Repository/Emergency/Page_Store/select_--Select--Amikacin -500'

2018-05-15 13:51:14 - [TEST_STEP][PASSED] - delay: Delayed 2 second(s)

2018-05-15 13:51:16 - [MESSAGE][PASSED] - Delayed 2 second(s)

2018-05-15 13:51:16 - [TEST_STEP][PASSED] - Statement - RequestedQty = com.kms.katalon.core.webui.keyword.WebUiBuiltInKeywords.getAttribute(com.kms.katalon.core.testobject.ObjectRepository.findTestObject(Emergency/Page_Store/input_txttotal), "value"): Attribute 'value' of object 'Object Repository/Emergency/Page_Store/input_txttotal' is: '10'

2018-05-15 13:51:16 - [MESSAGE][PASSED] - Attribute 'value' of object 'Object Repository/Emergency/Page_Store/input_txttotal' is: '10'

2018-05-15 13:51:16 - [TEST_STEP][PASSED] - Statement - out.println("Requested QTY : " + RequestedQty): null

2018-05-15 13:51:16 - [TEST_STEP][PASSED] - Statement - BatchNumber = com.kms.katalon.core.webui.keyword.WebUiBuiltInKeywords.getNumberOfTotalOption(com.kms.katalon.core.testobject.ObjectRepository.findTestObject(Emergency/Page_Store/select_--Select--BA1150BA4110)): 2 options of object 'Object Repository/Emergency/Page_Store/select_--Select--BA1150BA4110' counted

2018-05-15 13:51:16 - [MESSAGE][PASSED] - 2 options of object 'Object Repository/Emergency/Page_Store/select_--Select--BA1150BA4110' counted

2018-05-15 13:51:16 - [TEST_STEP][PASSED] - Statement - For ([g = 1, g <= BatchNumber - 1, (g++)]): null

2018-05-15 13:51:16 - [TEST_STEP][PASSED] - selectOptionByIndex: All options with index in [1] are selected on object 'Object Repository/Emergency/Page_Store/select_--Select--BA1150BA4110'

2018-05-15 13:51:16 - [MESSAGE][PASSED] - All options with index in [1] are selected on object 'Object Repository/Emergency/Page_Store/select_--Select--BA1150BA4110'

2018-05-15 13:51:16 - [TEST_STEP][PASSED] - delay: Delayed 2 second(s)

2018-05-15 13:51:18 - [MESSAGE][PASSED] - Delayed 2 second(s)

2018-05-15 13:51:18 - [TEST_STEP][PASSED] - Statement - Try: null

2018-05-15 13:51:18 - [TEST_STEP][PASSED] - Statement - StockQty = com.kms.katalon.core.webui.keyword.WebUiBuiltInKeywords.getAttribute(com.kms.katalon.core.testobject.ObjectRepository.findTestObject(Emergency/Page_Store/input_txtprice), "value"): Attribute 'value' of object 'Object Repository/Emergency/Page_Store/input_txtprice' is: '931'

2018-05-15 13:51:18 - [MESSAGE][PASSED] - Attribute 'value' of object 'Object Repository/Emergency/Page_Store/input_txtprice' is: '931'

2018-05-15 13:51:18 - [TEST_STEP][PASSED] - Statement - out.println("Stock QTY : " + StockQty): null

2018-05-15 13:51:18 - [TEST_STEP][PASSED] - delay: Delayed 2 second(s)

2018-05-15 13:51:20 - [MESSAGE][PASSED] - Delayed 2 second(s)

2018-05-15 13:51:20 - [TEST_STEP][PASSED] - Statement - If (java.lang.Integer.valueOf(StockQty) >= java.lang.Integer.valueOf(RequestedQty)): null

2018-05-15 13:51:20 - [TEST_STEP][PASSED] - delay: Delayed 1 second(s)

2018-05-15 13:51:21 - [MESSAGE][PASSED] - Delayed 1 second(s)

2018-05-15 13:51:21 - [TEST_STEP][PASSED] - setText: Text '10' is set on object 'Object Repository/Emergency/Page_Store/input_txtqty'

2018-05-15 13:51:21 - [MESSAGE][PASSED] - Text '10' is set on object 'Object Repository/Emergency/Page_Store/input_txtqty'

2018-05-15 13:51:21 - [TEST_STEP][PASSED] - click: Object: 'Object Repository/Emergency/Page_Store/button_Add' is clicked on

2018-05-15 13:51:21 - [MESSAGE][PASSED] - Object: 'Object Repository/Emergency/Page_Store/button_Add' is clicked on

2018-05-15 13:51:21 - [TEST_STEP][PASSED] - Statement - Break: null

2018-05-15 13:51:21 - [TEST_STEP][PASSED] - selectOptionByIndex: All options with index in [3] are selected on object 'Object Repository/Emergency/Page_Store/select_--Select--Amikacin -500'

2018-05-15 13:51:21 - [MESSAGE][PASSED] - All options with index in [3] are selected on object 'Object Repository/Emergency/Page_Store/select_--Select--Amikacin -500'

2018-05-15 13:51:21 - [TEST_STEP][PASSED] - delay: Delayed 2 second(s)

2018-05-15 13:51:23 - [MESSAGE][PASSED] - Delayed 2 second(s)

2018-05-15 13:51:23 - [TEST_STEP][PASSED] - Statement - RequestedQty = com.kms.katalon.core.webui.keyword.WebUiBuiltInKeywords.getAttribute(com.kms.katalon.core.testobject.ObjectRepository.findTestObject(Emergency/Page_Store/input_txttotal), "value"): Attribute 'value' of object 'Object Repository/Emergency/Page_Store/input_txttotal' is: '10'

2018-05-15 13:51:23 - [MESSAGE][PASSED] - Attribute 'value' of object 'Object Repository/Emergency/Page_Store/input_txttotal' is: '10'

2018-05-15 13:51:23 - [TEST_STEP][PASSED] - Statement - out.println("Requested QTY : " + RequestedQty): null

2018-05-15 13:51:23 - [TEST_STEP][PASSED] - Statement - BatchNumber = com.kms.katalon.core.webui.keyword.WebUiBuiltInKeywords.getNumberOfTotalOption(com.kms.katalon.core.testobject.ObjectRepository.findTestObject(Emergency/Page_Store/select_--Select--BA1150BA4110)): 2 options of object 'Object Repository/Emergency/Page_Store/select_--Select--BA1150BA4110' counted

2018-05-15 13:51:23 - [MESSAGE][PASSED] - 2 options of object 'Object Repository/Emergency/Page_Store/select_--Select--BA1150BA4110' counted

2018-05-15 13:51:23 - [TEST_STEP][PASSED] - Statement - For ([g = 1, g <= BatchNumber - 1, (g++)]): null

2018-05-15 13:51:23 - [TEST_STEP][PASSED] - selectOptionByIndex: All options with index in [1] are selected on object 'Object Repository/Emergency/Page_Store/select_--Select--BA1150BA4110'

2018-05-15 13:51:23 - [MESSAGE][PASSED] - All options with index in [1] are selected on object 'Object Repository/Emergency/Page_Store/select_--Select--BA1150BA4110'

2018-05-15 13:51:23 - [TEST_STEP][PASSED] - delay: Delayed 2 second(s)

2018-05-15 13:51:25 - [MESSAGE][PASSED] - Delayed 2 second(s)

2018-05-15 13:51:25 - [TEST_STEP][PASSED] - Statement - Try: null

2018-05-15 13:51:25 - [TEST_STEP][PASSED] - Statement - StockQty = com.kms.katalon.core.webui.keyword.WebUiBuiltInKeywords.getAttribute(com.kms.katalon.core.testobject.ObjectRepository.findTestObject(Emergency/Page_Store/input_txtprice), "value"): Attribute 'value' of object 'Object Repository/Emergency/Page_Store/input_txtprice' is: '985'

2018-05-15 13:51:26 - [MESSAGE][PASSED] - Attribute 'value' of object 'Object Repository/Emergency/Page_Store/input_txtprice' is: '985'

2018-05-15 13:51:26 - [TEST_STEP][PASSED] - Statement - out.println("Stock QTY : " + StockQty): null

2018-05-15 13:51:26 - [TEST_STEP][PASSED] - delay: Delayed 2 second(s)

2018-05-15 13:51:28 - [MESSAGE][PASSED] - Delayed 2 second(s)

2018-05-15 13:51:28 - [TEST_STEP][PASSED] - Statement - If (java.lang.Integer.valueOf(StockQty) >= java.lang.Integer.valueOf(RequestedQty)): null

2018-05-15 13:51:28 - [TEST_STEP][PASSED] - delay: Delayed 1 second(s)

2018-05-15 13:51:29 - [MESSAGE][PASSED] - Delayed 1 second(s)

2018-05-15 13:51:29 - [TEST_STEP][PASSED] - setText: Text '10' is set on object 'Object Repository/Emergency/Page_Store/input_txtqty'

2018-05-15 13:51:29 - [MESSAGE][PASSED] - Text '10' is set on object 'Object Repository/Emergency/Page_Store/input_txtqty'

2018-05-15 13:51:29 - [TEST_STEP][PASSED] - click: Object: 'Object Repository/Emergency/Page_Store/button_Add' is clicked on

2018-05-15 13:51:29 - [MESSAGE][PASSED] - Object: 'Object Repository/Emergency/Page_Store/button_Add' is clicked on

2018-05-15 13:51:29 - [TEST_STEP][PASSED] - Statement - Break: null

2018-05-15 13:51:29 - [TEST_STEP][PASSED] - selectOptionByIndex: All options with index in [4] are selected on object 'Object Repository/Emergency/Page_Store/select_--Select--Amikacin -500'

2018-05-15 13:51:29 - [MESSAGE][PASSED] - All options with index in [4] are selected on object 'Object Repository/Emergency/Page_Store/select_--Select--Amikacin -500'

2018-05-15 13:51:29 - [TEST_STEP][PASSED] - delay: Delayed 2 second(s)

2018-05-15 13:51:31 - [MESSAGE][PASSED] - Delayed 2 second(s)

2018-05-15 13:51:31 - [TEST_STEP][PASSED] - Statement - RequestedQty = com.kms.katalon.core.webui.keyword.WebUiBuiltInKeywords.getAttribute(com.kms.katalon.core.testobject.ObjectRepository.findTestObject(Emergency/Page_Store/input_txttotal), "value"): Attribute 'value' of object 'Object Repository/Emergency/Page_Store/input_txttotal' is: '10'

2018-05-15 13:51:31 - [MESSAGE][PASSED] - Attribute 'value' of object 'Object Repository/Emergency/Page_Store/input_txttotal' is: '10'

2018-05-15 13:51:31 - [TEST_STEP][PASSED] - Statement - out.println("Requested QTY : " + RequestedQty): null

2018-05-15 13:51:31 - [TEST_STEP][PASSED] - Statement - BatchNumber = com.kms.katalon.core.webui.keyword.WebUiBuiltInKeywords.getNumberOfTotalOption(com.kms.katalon.core.testobject.ObjectRepository.findTestObject(Emergency/Page_Store/select_--Select--BA1150BA4110)): 2 options of object 'Object Repository/Emergency/Page_Store/select_--Select--BA1150BA4110' counted

2018-05-15 13:51:31 - [MESSAGE][PASSED] - 2 options of object 'Object Repository/Emergency/Page_Store/select_--Select--BA1150BA4110' counted

2018-05-15 13:51:31 - [TEST_STEP][PASSED] - Statement - For ([g = 1, g <= BatchNumber - 1, (g++)]): null

2018-05-15 13:51:31 - [TEST_STEP][PASSED] - selectOptionByIndex: All options with index in [1] are selected on object 'Object Repository/Emergency/Page_Store/select_--Select--BA1150BA4110'

2018-05-15 13:51:31 - [MESSAGE][PASSED] - All options with index in [1] are selected on object 'Object Repository/Emergency/Page_Store/select_--Select--BA1150BA4110'

2018-05-15 13:51:31 - [TEST_STEP][PASSED] - delay: Delayed 2 second(s)

2018-05-15 13:51:33 - [MESSAGE][PASSED] - Delayed 2 second(s)

2018-05-15 13:51:33 - [TEST_STEP][PASSED] - Statement - Try: null

2018-05-15 13:51:33 - [TEST_STEP][PASSED] - Statement - StockQty = com.kms.katalon.core.webui.keyword.WebUiBuiltInKeywords.getAttribute(com.kms.katalon.core.testobject.ObjectRepository.findTestObject(Emergency/Page_Store/input_txtprice), "value"): Attribute 'value' of object 'Object Repository/Emergency/Page_Store/input_txtprice' is: '985'

2018-05-15 13:51:33 - [MESSAGE][PASSED] - Attribute 'value' of object 'Object Repository/Emergency/Page_Store/input_txtprice' is: '985'

2018-05-15 13:51:33 - [TEST_STEP][PASSED] - Statement - out.println("Stock QTY : " + StockQty): null

2018-05-15 13:51:33 - [TEST_STEP][PASSED] - delay: Delayed 2 second(s)

2018-05-15 13:51:35 - [MESSAGE][PASSED] - Delayed 2 second(s)

2018-05-15 13:51:35 - [TEST_STEP][PASSED] - Statement - If (java.lang.Integer.valueOf(StockQty) >= java.lang.Integer.valueOf(RequestedQty)): null

2018-05-15 13:51:35 - [TEST_STEP][PASSED] - delay: Delayed 1 second(s)

2018-05-15 13:51:36 - [MESSAGE][PASSED] - Delayed 1 second(s)

2018-05-15 13:51:36 - [TEST_STEP][PASSED] - setText: Text '10' is set on object 'Object Repository/Emergency/Page_Store/input_txtqty'

2018-05-15 13:51:36 - [MESSAGE][PASSED] - Text '10' is set on object 'Object Repository/Emergency/Page_Store/input_txtqty'

2018-05-15 13:51:36 - [TEST_STEP][PASSED] - click: Object: 'Object Repository/Emergency/Page_Store/button_Add' is clicked on

2018-05-15 13:51:36 - [MESSAGE][PASSED] - Object: 'Object Repository/Emergency/Page_Store/button_Add' is clicked on

2018-05-15 13:51:36 - [TEST_STEP][PASSED] - Statement - Break: null

2018-05-15 13:51:36 - [TEST_STEP][PASSED] - selectOptionByIndex: All options with index in [5] are selected on object 'Object Repository/Emergency/Page_Store/select_--Select--Amikacin -500'

2018-05-15 13:51:36 - [MESSAGE][PASSED] - All options with index in [5] are selected on object 'Object Repository/Emergency/Page_Store/select_--Select--Amikacin -500'

2018-05-15 13:51:36 - [TEST_STEP][PASSED] - delay: Delayed 2 second(s)

2018-05-15 13:51:38 - [MESSAGE][PASSED] - Delayed 2 second(s)

2018-05-15 13:51:38 - [TEST_STEP][PASSED] - Statement - RequestedQty = com.kms.katalon.core.webui.keyword.WebUiBuiltInKeywords.getAttribute(com.kms.katalon.core.testobject.ObjectRepository.findTestObject(Emergency/Page_Store/input_txttotal), "value"): Attribute 'value' of object 'Object Repository/Emergency/Page_Store/input_txttotal' is: '10'

2018-05-15 13:51:38 - [MESSAGE][PASSED] - Attribute 'value' of object 'Object Repository/Emergency/Page_Store/input_txttotal' is: '10'

2018-05-15 13:51:38 - [TEST_STEP][PASSED] - Statement - out.println("Requested QTY : " + RequestedQty): null

2018-05-15 13:51:38 - [TEST_STEP][PASSED] - Statement - BatchNumber = com.kms.katalon.core.webui.keyword.WebUiBuiltInKeywords.getNumberOfTotalOption(com.kms.katalon.core.testobject.ObjectRepository.findTestObject(Emergency/Page_Store/select_--Select--BA1150BA4110)): 2 options of object 'Object Repository/Emergency/Page_Store/select_--Select--BA1150BA4110' counted

2018-05-15 13:51:39 - [MESSAGE][PASSED] - 2 options of object 'Object Repository/Emergency/Page_Store/select_--Select--BA1150BA4110' counted

2018-05-15 13:51:39 - [TEST_STEP][PASSED] - Statement - For ([g = 1, g <= BatchNumber - 1, (g++)]): null

2018-05-15 13:51:39 - [TEST_STEP][PASSED] - selectOptionByIndex: All options with index in [1] are selected on object 'Object Repository/Emergency/Page_Store/select_--Select--BA1150BA4110'

2018-05-15 13:51:39 - [MESSAGE][PASSED] - All options with index in [1] are selected on object 'Object Repository/Emergency/Page_Store/select_--Select--BA1150BA4110'

2018-05-15 13:51:39 - [TEST_STEP][PASSED] - delay: Delayed 2 second(s)

2018-05-15 13:51:41 - [MESSAGE][PASSED] - Delayed 2 second(s)

2018-05-15 13:51:41 - [TEST_STEP][PASSED] - Statement - Try: null

2018-05-15 13:51:41 - [TEST_STEP][PASSED] - Statement - StockQty = com.kms.katalon.core.webui.keyword.WebUiBuiltInKeywords.getAttribute(com.kms.katalon.core.testobject.ObjectRepository.findTestObject(Emergency/Page_Store/input_txtprice), "value"): Attribute 'value' of object 'Object Repository/Emergency/Page_Store/input_txtprice' is: '985'

2018-05-15 13:51:41 - [MESSAGE][PASSED] - Attribute 'value' of object 'Object Repository/Emergency/Page_Store/input_txtprice' is: '985'

2018-05-15 13:51:41 - [TEST_STEP][PASSED] - Statement - out.println("Stock QTY : " + StockQty): null

2018-05-15 13:51:41 - [TEST_STEP][PASSED] - delay: Delayed 2 second(s)

2018-05-15 13:51:43 - [MESSAGE][PASSED] - Delayed 2 second(s)

2018-05-15 13:51:43 - [TEST_STEP][PASSED] - Statement - If (java.lang.Integer.valueOf(StockQty) >= java.lang.Integer.valueOf(RequestedQty)): null

2018-05-15 13:51:43 - [TEST_STEP][PASSED] - delay: Delayed 1 second(s)

2018-05-15 13:51:44 - [MESSAGE][PASSED] - Delayed 1 second(s)

2018-05-15 13:51:44 - [TEST_STEP][PASSED] - setText: Text '10' is set on object 'Object Repository/Emergency/Page_Store/input_txtqty'

2018-05-15 13:51:44 - [MESSAGE][PASSED] - Text '10' is set on object 'Object Repository/Emergency/Page_Store/input_txtqty'

2018-05-15 13:51:44 - [TEST_STEP][PASSED] - click: Object: 'Object Repository/Emergency/Page_Store/button_Add' is clicked on

2018-05-15 13:51:49 - [MESSAGE][PASSED] - Object: 'Object Repository/Emergency/Page_Store/button_Add' is clicked on

2018-05-15 13:51:49 - [TEST_STEP][PASSED] - Statement - Break: null

2018-05-15 13:51:49 - [TEST_STEP][PASSED] - selectOptionByIndex: All options with index in [6] are selected on object 'Object Repository/Emergency/Page_Store/select_--Select--Amikacin -500'

2018-05-15 13:51:49 - [MESSAGE][PASSED] - All options with index in [6] are selected on object 'Object Repository/Emergency/Page_Store/select_--Select--Amikacin -500'

2018-05-15 13:51:49 - [TEST_STEP][PASSED] - delay: Delayed 2 second(s)

2018-05-15 13:51:51 - [MESSAGE][PASSED] - Delayed 2 second(s)

2018-05-15 13:51:51 - [TEST_STEP][PASSED] - Statement - RequestedQty = com.kms.katalon.core.webui.keyword.WebUiBuiltInKeywords.getAttribute(com.kms.katalon.core.testobject.ObjectRepository.findTestObject(Emergency/Page_Store/input_txttotal), "value"): Attribute 'value' of object 'Object Repository/Emergency/Page_Store/input_txttotal' is: '10'

2018-05-15 13:51:51 - [MESSAGE][PASSED] - Attribute 'value' of object 'Object Repository/Emergency/Page_Store/input_txttotal' is: '10'

2018-05-15 13:51:51 - [TEST_STEP][PASSED] - Statement - out.println("Requested QTY : " + RequestedQty): null

2018-05-15 13:51:51 - [TEST_STEP][PASSED] - Statement - BatchNumber = com.kms.katalon.core.webui.keyword.WebUiBuiltInKeywords.getNumberOfTotalOption(com.kms.katalon.core.testobject.ObjectRepository.findTestObject(Emergency/Page_Store/select_--Select--BA1150BA4110)): 2 options of object 'Object Repository/Emergency/Page_Store/select_--Select--BA1150BA4110' counted

2018-05-15 13:51:51 - [MESSAGE][PASSED] - 2 options of object 'Object Repository/Emergency/Page_Store/select_--Select--BA1150BA4110' counted

2018-05-15 13:51:51 - [TEST_STEP][PASSED] - Statement - For ([g = 1, g <= BatchNumber - 1, (g++)]): null

2018-05-15 13:51:51 - [TEST_STEP][PASSED] - selectOptionByIndex: All options with index in [1] are selected on object 'Object Repository/Emergency/Page_Store/select_--Select--BA1150BA4110'

2018-05-15 13:51:51 - [MESSAGE][PASSED] - All options with index in [1] are selected on object 'Object Repository/Emergency/Page_Store/select_--Select--BA1150BA4110'

2018-05-15 13:51:51 - [TEST_STEP][PASSED] - delay: Delayed 2 second(s)

2018-05-15 13:51:53 - [MESSAGE][PASSED] - Delayed 2 second(s)

2018-05-15 13:51:53 - [TEST_STEP][PASSED] - Statement - Try: null

2018-05-15 13:51:53 - [TEST_STEP][PASSED] - Statement - StockQty = com.kms.katalon.core.webui.keyword.WebUiBuiltInKeywords.getAttribute(com.kms.katalon.core.testobject.ObjectRepository.findTestObject(Emergency/Page_Store/input_txtprice), "value"): Attribute 'value' of object 'Object Repository/Emergency/Page_Store/input_txtprice' is: '985'

2018-05-15 13:51:53 - [MESSAGE][PASSED] - Attribute 'value' of object 'Object Repository/Emergency/Page_Store/input_txtprice' is: '985'

2018-05-15 13:51:53 - [TEST_STEP][PASSED] - Statement - out.println("Stock QTY : " + StockQty): null

2018-05-15 13:51:53 - [TEST_STEP][PASSED] - delay: Delayed 2 second(s)

2018-05-15 13:51:55 - [MESSAGE][PASSED] - Delayed 2 second(s)

2018-05-15 13:51:55 - [TEST_STEP][PASSED] - Statement - If (java.lang.Integer.valueOf(StockQty) >= java.lang.Integer.valueOf(RequestedQty)): null

2018-05-15 13:51:55 - [TEST_STEP][PASSED] - delay: Delayed 1 second(s)

2018-05-15 13:51:56 - [MESSAGE][PASSED] - Delayed 1 second(s)

2018-05-15 13:51:56 - [TEST_STEP][PASSED] - setText: Text '10' is set on object 'Object Repository/Emergency/Page_Store/input_txtqty'

2018-05-15 13:51:56 - [MESSAGE][PASSED] - Text '10' is set on object 'Object Repository/Emergency/Page_Store/input_txtqty'

2018-05-15 13:51:56 - [TEST_STEP][PASSED] - click: Object: 'Object Repository/Emergency/Page_Store/button_Add' is clicked on

2018-05-15 13:52:01 - [MESSAGE][PASSED] - Object: 'Object Repository/Emergency/Page_Store/button_Add' is clicked on

2018-05-15 13:52:01 - [TEST_STEP][PASSED] - Statement - Break: null

2018-05-15 13:52:01 - [TEST_STEP][PASSED] - selectOptionByIndex: All options with index in [7] are selected on object 'Object Repository/Emergency/Page_Store/select_--Select--Amikacin -500'

2018-05-15 13:52:02 - [MESSAGE][PASSED] - All options with index in [7] are selected on object 'Object Repository/Emergency/Page_Store/select_--Select--Amikacin -500'

2018-05-15 13:52:02 - [TEST_STEP][PASSED] - delay: Delayed 2 second(s)

2018-05-15 13:52:04 - [MESSAGE][PASSED] - Delayed 2 second(s)

2018-05-15 13:52:04 - [TEST_STEP][PASSED] - Statement - RequestedQty = com.kms.katalon.core.webui.keyword.WebUiBuiltInKeywords.getAttribute(com.kms.katalon.core.testobject.ObjectRepository.findTestObject(Emergency/Page_Store/input_txttotal), "value"): Attribute 'value' of object 'Object Repository/Emergency/Page_Store/input_txttotal' is: '10'

2018-05-15 13:52:04 - [MESSAGE][PASSED] - Attribute 'value' of object 'Object Repository/Emergency/Page_Store/input_txttotal' is: '10'

2018-05-15 13:52:04 - [TEST_STEP][PASSED] - Statement - out.println("Requested QTY : " + RequestedQty): null

2018-05-15 13:52:04 - [TEST_STEP][PASSED] - Statement - BatchNumber = com.kms.katalon.core.webui.keyword.WebUiBuiltInKeywords.getNumberOfTotalOption(com.kms.katalon.core.testobject.ObjectRepository.findTestObject(Emergency/Page_Store/select_--Select--BA1150BA4110)): 2 options of object 'Object Repository/Emergency/Page_Store/select_--Select--BA1150BA4110' counted

2018-05-15 13:52:04 - [MESSAGE][PASSED] - 2 options of object 'Object Repository/Emergency/Page_Store/select_--Select--BA1150BA4110' counted

2018-05-15 13:52:04 - [TEST_STEP][PASSED] - Statement - For ([g = 1, g <= BatchNumber - 1, (g++)]): null

2018-05-15 13:52:04 - [TEST_STEP][PASSED] - selectOptionByIndex: All options with index in [1] are selected on object 'Object Repository/Emergency/Page_Store/select_--Select--BA1150BA4110'

2018-05-15 13:52:04 - [MESSAGE][PASSED] - All options with index in [1] are selected on object 'Object Repository/Emergency/Page_Store/select_--Select--BA1150BA4110'

2018-05-15 13:52:04 - [TEST_STEP][PASSED] - delay: Delayed 2 second(s)

2018-05-15 13:52:06 - [MESSAGE][PASSED] - Delayed 2 second(s)

2018-05-15 13:52:06 - [TEST_STEP][PASSED] - Statement - Try: null

2018-05-15 13:52:06 - [TEST_STEP][PASSED] - Statement - StockQty = com.kms.katalon.core.webui.keyword.WebUiBuiltInKeywords.getAttribute(com.kms.katalon.core.testobject.ObjectRepository.findTestObject(Emergency/Page_Store/input_txtprice), "value"): Attribute 'value' of object 'Object Repository/Emergency/Page_Store/input_txtprice' is: '985'

2018-05-15 13:52:06 - [MESSAGE][PASSED] - Attribute 'value' of object 'Object Repository/Emergency/Page_Store/input_txtprice' is: '985'

2018-05-15 13:52:06 - [TEST_STEP][PASSED] - Statement - out.println("Stock QTY : " + StockQty): null

2018-05-15 13:52:06 - [TEST_STEP][PASSED] - delay: Delayed 2 second(s)

2018-05-15 13:52:08 - [MESSAGE][PASSED] - Delayed 2 second(s)

2018-05-15 13:52:08 - [TEST_STEP][PASSED] - Statement - If (java.lang.Integer.valueOf(StockQty) >= java.lang.Integer.valueOf(RequestedQty)): null

2018-05-15 13:52:08 - [TEST_STEP][PASSED] - delay: Delayed 1 second(s)

2018-05-15 13:52:09 - [MESSAGE][PASSED] - Delayed 1 second(s)

2018-05-15 13:52:09 - [TEST_STEP][PASSED] - setText: Text '10' is set on object 'Object Repository/Emergency/Page_Store/input_txtqty'

2018-05-15 13:52:09 - [MESSAGE][PASSED] - Text '10' is set on object 'Object Repository/Emergency/Page_Store/input_txtqty'

2018-05-15 13:52:09 - [TEST_STEP][PASSED] - click: Object: 'Object Repository/Emergency/Page_Store/button_Add' is clicked on

2018-05-15 13:52:14 - [MESSAGE][PASSED] - Object: 'Object Repository/Emergency/Page_Store/button_Add' is clicked on

2018-05-15 13:52:14 - [TEST_STEP][PASSED] - Statement - Break: null

2018-05-15 13:52:14 - [TEST_STEP][PASSED] - selectOptionByIndex: All options with index in [8] are selected on object 'Object Repository/Emergency/Page_Store/select_--Select--Amikacin -500'

2018-05-15 13:52:14 - [MESSAGE][PASSED] - All options with index in [8] are selected on object 'Object Repository/Emergency/Page_Store/select_--Select--Amikacin -500'

2018-05-15 13:52:14 - [TEST_STEP][PASSED] - delay: Delayed 2 second(s)

2018-05-15 13:52:16 - [MESSAGE][PASSED] - Delayed 2 second(s)

2018-05-15 13:52:16 - [TEST_STEP][PASSED] - Statement - RequestedQty = com.kms.katalon.core.webui.keyword.WebUiBuiltInKeywords.getAttribute(com.kms.katalon.core.testobject.ObjectRepository.findTestObject(Emergency/Page_Store/input_txttotal), "value"): Attribute 'value' of object 'Object Repository/Emergency/Page_Store/input_txttotal' is: '10'

2018-05-15 13:52:16 - [MESSAGE][PASSED] - Attribute 'value' of object 'Object Repository/Emergency/Page_Store/input_txttotal' is: '10'

2018-05-15 13:52:16 - [TEST_STEP][PASSED] - Statement - out.println("Requested QTY : " + RequestedQty): null

2018-05-15 13:52:16 - [TEST_STEP][PASSED] - Statement - BatchNumber = com.kms.katalon.core.webui.keyword.WebUiBuiltInKeywords.getNumberOfTotalOption(com.kms.katalon.core.testobject.ObjectRepository.findTestObject(Emergency/Page_Store/select_--Select--BA1150BA4110)): 2 options of object 'Object Repository/Emergency/Page_Store/select_--Select--BA1150BA4110' counted

2018-05-15 13:52:16 - [MESSAGE][PASSED] - 2 options of object 'Object Repository/Emergency/Page_Store/select_--Select--BA1150BA4110' counted

2018-05-15 13:52:16 - [TEST_STEP][PASSED] - Statement - For ([g = 1, g <= BatchNumber - 1, (g++)]): null

2018-05-15 13:52:16 - [TEST_STEP][PASSED] - selectOptionByIndex: All options with index in [1] are selected on object 'Object Repository/Emergency/Page_Store/select_--Select--BA1150BA4110'

2018-05-15 13:52:17 - [MESSAGE][PASSED] - All options with index in [1] are selected on object 'Object Repository/Emergency/Page_Store/select_--Select--BA1150BA4110'

2018-05-15 13:52:17 - [TEST_STEP][PASSED] - delay: Delayed 2 second(s)

2018-05-15 13:52:19 - [MESSAGE][PASSED] - Delayed 2 second(s)

2018-05-15 13:52:19 - [TEST_STEP][PASSED] - Statement - Try: null

2018-05-15 13:52:19 - [TEST_STEP][PASSED] - Statement - StockQty = com.kms.katalon.core.webui.keyword.WebUiBuiltInKeywords.getAttribute(com.kms.katalon.core.testobject.ObjectRepository.findTestObject(Emergency/Page_Store/input_txtprice), "value"): Attribute 'value' of object 'Object Repository/Emergency/Page_Store/input_txtprice' is: '985'

2018-05-15 13:52:19 - [MESSAGE][PASSED] - Attribute 'value' of object 'Object Repository/Emergency/Page_Store/input_txtprice' is: '985'

2018-05-15 13:52:19 - [TEST_STEP][PASSED] - Statement - out.println("Stock QTY : " + StockQty): null

2018-05-15 13:52:19 - [TEST_STEP][PASSED] - delay: Delayed 2 second(s)

2018-05-15 13:52:21 - [MESSAGE][PASSED] - Delayed 2 second(s)

2018-05-15 13:52:21 - [TEST_STEP][PASSED] - Statement - If (java.lang.Integer.valueOf(StockQty) >= java.lang.Integer.valueOf(RequestedQty)): null

2018-05-15 13:52:21 - [TEST_STEP][PASSED] - delay: Delayed 1 second(s)

2018-05-15 13:52:22 - [MESSAGE][PASSED] - Delayed 1 second(s)

2018-05-15 13:52:22 - [TEST_STEP][PASSED] - setText: Text '10' is set on object 'Object Repository/Emergency/Page_Store/input_txtqty'

2018-05-15 13:52:22 - [MESSAGE][PASSED] - Text '10' is set on object 'Object Repository/Emergency/Page_Store/input_txtqty'

2018-05-15 13:52:22 - [TEST_STEP][PASSED] - click: Object: 'Object Repository/Emergency/Page_Store/button_Add' is clicked on

2018-05-15 13:52:27 - [MESSAGE][PASSED] - Object: 'Object Repository/Emergency/Page_Store/button_Add' is clicked on

2018-05-15 13:52:27 - [TEST_STEP][PASSED] - Statement - Break: null

2018-05-15 13:52:27 - [TEST_STEP][PASSED] - selectOptionByIndex: All options with index in [9] are selected on object 'Object Repository/Emergency/Page_Store/select_--Select--Amikacin -500'

2018-05-15 13:52:27 - [MESSAGE][PASSED] - All options with index in [9] are selected on object 'Object Repository/Emergency/Page_Store/select_--Select--Amikacin -500'

2018-05-15 13:52:27 - [TEST_STEP][PASSED] - delay: Delayed 2 second(s)

2018-05-15 13:52:29 - [MESSAGE][PASSED] - Delayed 2 second(s)

2018-05-15 13:52:29 - [TEST_STEP][PASSED] - Statement - RequestedQty = com.kms.katalon.core.webui.keyword.WebUiBuiltInKeywords.getAttribute(com.kms.katalon.core.testobject.ObjectRepository.findTestObject(Emergency/Page_Store/input_txttotal), "value"): Attribute 'value' of object 'Object Repository/Emergency/Page_Store/input_txttotal' is: '10'

2018-05-15 13:52:29 - [MESSAGE][PASSED] - Attribute 'value' of object 'Object Repository/Emergency/Page_Store/input_txttotal' is: '10'

2018-05-15 13:52:29 - [TEST_STEP][PASSED] - Statement - out.println("Requested QTY : " + RequestedQty): null

2018-05-15 13:52:29 - [TEST_STEP][PASSED] - Statement - BatchNumber = com.kms.katalon.core.webui.keyword.WebUiBuiltInKeywords.getNumberOfTotalOption(com.kms.katalon.core.testobject.ObjectRepository.findTestObject(Emergency/Page_Store/select_--Select--BA1150BA4110)): 2 options of object 'Object Repository/Emergency/Page_Store/select_--Select--BA1150BA4110' counted

2018-05-15 13:52:29 - [MESSAGE][PASSED] - 2 options of object 'Object Repository/Emergency/Page_Store/select_--Select--BA1150BA4110' counted

2018-05-15 13:52:29 - [TEST_STEP][PASSED] - Statement - For ([g = 1, g <= BatchNumber - 1, (g++)]): null

2018-05-15 13:52:29 - [TEST_STEP][PASSED] - selectOptionByIndex: All options with index in [1] are selected on object 'Object Repository/Emergency/Page_Store/select_--Select--BA1150BA4110'

2018-05-15 13:52:29 - [MESSAGE][PASSED] - All options with index in [1] are selected on object 'Object Repository/Emergency/Page_Store/select_--Select--BA1150BA4110'

2018-05-15 13:52:29 - [TEST_STEP][PASSED] - delay: Delayed 2 second(s)

2018-05-15 13:52:31 - [MESSAGE][PASSED] - Delayed 2 second(s)

2018-05-15 13:52:31 - [TEST_STEP][PASSED] - Statement - Try: null

2018-05-15 13:52:31 - [TEST_STEP][PASSED] - Statement - StockQty = com.kms.katalon.core.webui.keyword.WebUiBuiltInKeywords.getAttribute(com.kms.katalon.core.testobject.ObjectRepository.findTestObject(Emergency/Page_Store/input_txtprice), "value"): Attribute 'value' of object 'Object Repository/Emergency/Page_Store/input_txtprice' is: '985'

2018-05-15 13:52:31 - [MESSAGE][PASSED] - Attribute 'value' of object 'Object Repository/Emergency/Page_Store/input_txtprice' is: '985'

2018-05-15 13:52:31 - [TEST_STEP][PASSED] - Statement - out.println("Stock QTY : " + StockQty): null

2018-05-15 13:52:31 - [TEST_STEP][PASSED] - delay: Delayed 2 second(s)

2018-05-15 13:52:33 - [MESSAGE][PASSED] - Delayed 2 second(s)

2018-05-15 13:52:33 - [TEST_STEP][PASSED] - Statement - If (java.lang.Integer.valueOf(StockQty) >= java.lang.Integer.valueOf(RequestedQty)): null

2018-05-15 13:52:33 - [TEST_STEP][PASSED] - delay: Delayed 1 second(s)

2018-05-15 13:52:34 - [MESSAGE][PASSED] - Delayed 1 second(s)

2018-05-15 13:52:34 - [TEST_STEP][PASSED] - setText: Text '10' is set on object 'Object Repository/Emergency/Page_Store/input_txtqty'

2018-05-15 13:52:34 - [MESSAGE][PASSED] - Text '10' is set on object 'Object Repository/Emergency/Page_Store/input_txtqty'

2018-05-15 13:52:34 - [TEST_STEP][PASSED] - click: Object: 'Object Repository/Emergency/Page_Store/button_Add' is clicked on

2018-05-15 13:52:39 - [MESSAGE][PASSED] - Object: 'Object Repository/Emergency/Page_Store/button_Add' is clicked on

2018-05-15 13:52:39 - [TEST_STEP][PASSED] - Statement - Break: null

2018-05-15 13:52:39 - [TEST_STEP][PASSED] - selectOptionByIndex: All options with index in [10] are selected on object 'Object Repository/Emergency/Page_Store/select_--Select--Amikacin -500'

2018-05-15 13:52:40 - [MESSAGE][PASSED] - All options with index in [10] are selected on object 'Object Repository/Emergency/Page_Store/select_--Select--Amikacin -500'

2018-05-15 13:52:40 - [TEST_STEP][PASSED] - delay: Delayed 2 second(s)

2018-05-15 13:52:42 - [MESSAGE][PASSED] - Delayed 2 second(s)

2018-05-15 13:52:42 - [TEST_STEP][PASSED] - Statement - RequestedQty = com.kms.katalon.core.webui.keyword.WebUiBuiltInKeywords.getAttribute(com.kms.katalon.core.testobject.ObjectRepository.findTestObject(Emergency/Page_Store/input_txttotal), "value"): Attribute 'value' of object 'Object Repository/Emergency/Page_Store/input_txttotal' is: '10'

2018-05-15 13:52:42 - [MESSAGE][PASSED] - Attribute 'value' of object 'Object Repository/Emergency/Page_Store/input_txttotal' is: '10'

2018-05-15 13:52:42 - [TEST_STEP][PASSED] - Statement - out.println("Requested QTY : " + RequestedQty): null

2018-05-15 13:52:42 - [TEST_STEP][PASSED] - Statement - BatchNumber = com.kms.katalon.core.webui.keyword.WebUiBuiltInKeywords.getNumberOfTotalOption(com.kms.katalon.core.testobject.ObjectRepository.findTestObject(Emergency/Page_Store/select_--Select--BA1150BA4110)): 2 options of object 'Object Repository/Emergency/Page_Store/select_--Select--BA1150BA4110' counted

2018-05-15 13:52:42 - [MESSAGE][PASSED] - 2 options of object 'Object Repository/Emergency/Page_Store/select_--Select--BA1150BA4110' counted

2018-05-15 13:52:42 - [TEST_STEP][PASSED] - Statement - For ([g = 1, g <= BatchNumber - 1, (g++)]): null

2018-05-15 13:52:42 - [TEST_STEP][PASSED] - selectOptionByIndex: All options with index in [1] are selected on object 'Object Repository/Emergency/Page_Store/select_--Select--BA1150BA4110'

2018-05-15 13:52:42 - [MESSAGE][PASSED] - All options with index in [1] are selected on object 'Object Repository/Emergency/Page_Store/select_--Select--BA1150BA4110'

2018-05-15 13:52:42 - [TEST_STEP][PASSED] - delay: Delayed 2 second(s)

2018-05-15 13:52:44 - [MESSAGE][PASSED] - Delayed 2 second(s)

2018-05-15 13:52:44 - [TEST_STEP][PASSED] - Statement - Try: null

2018-05-15 13:52:44 - [TEST_STEP][PASSED] - Statement - StockQty = com.kms.katalon.core.webui.keyword.WebUiBuiltInKeywords.getAttribute(com.kms.katalon.core.testobject.ObjectRepository.findTestObject(Emergency/Page_Store/input_txtprice), "value"): Attribute 'value' of object 'Object Repository/Emergency/Page_Store/input_txtprice' is: '934'

2018-05-15 13:52:44 - [MESSAGE][PASSED] - Attribute 'value' of object 'Object Repository/Emergency/Page_Store/input_txtprice' is: '934'

2018-05-15 13:52:44 - [TEST_STEP][PASSED] - Statement - out.println("Stock QTY : " + StockQty): null

2018-05-15 13:52:44 - [TEST_STEP][PASSED] - delay: Delayed 2 second(s)

2018-05-15 13:52:46 - [MESSAGE][PASSED] - Delayed 2 second(s)

2018-05-15 13:52:46 - [TEST_STEP][PASSED] - Statement - If (java.lang.Integer.valueOf(StockQty) >= java.lang.Integer.valueOf(RequestedQty)): null

2018-05-15 13:52:46 - [TEST_STEP][PASSED] - delay: Delayed 1 second(s)

2018-05-15 13:52:47 - [MESSAGE][PASSED] - Delayed 1 second(s)

2018-05-15 13:52:47 - [TEST_STEP][PASSED] - setText: Text '10' is set on object 'Object Repository/Emergency/Page_Store/input_txtqty'

2018-05-15 13:52:47 - [MESSAGE][PASSED] - Text '10' is set on object 'Object Repository/Emergency/Page_Store/input_txtqty'

2018-05-15 13:52:47 - [TEST_STEP][PASSED] - click: Object: 'Object Repository/Emergency/Page_Store/button_Add' is clicked on

2018-05-15 13:52:52 - [MESSAGE][PASSED] - Object: 'Object Repository/Emergency/Page_Store/button_Add' is clicked on

2018-05-15 13:52:52 - [TEST_STEP][PASSED] - Statement - Break: null

2018-05-15 13:52:52 - [TEST_STEP][PASSED] - selectOptionByIndex: All options with index in [11] are selected on object 'Object Repository/Emergency/Page_Store/select_--Select--Amikacin -500'

2018-05-15 13:52:52 - [MESSAGE][PASSED] - All options with index in [11] are selected on object 'Object Repository/Emergency/Page_Store/select_--Select--Amikacin -500'

2018-05-15 13:52:52 - [TEST_STEP][PASSED] - delay: Delayed 2 second(s)

2018-05-15 13:52:54 - [MESSAGE][PASSED] - Delayed 2 second(s)

2018-05-15 13:52:54 - [TEST_STEP][PASSED] - Statement - RequestedQty = com.kms.katalon.core.webui.keyword.WebUiBuiltInKeywords.getAttribute(com.kms.katalon.core.testobject.ObjectRepository.findTestObject(Emergency/Page_Store/input_txttotal), "value"): Attribute 'value' of object 'Object Repository/Emergency/Page_Store/input_txttotal' is: '10'

2018-05-15 13:52:54 - [MESSAGE][PASSED] - Attribute 'value' of object 'Object Repository/Emergency/Page_Store/input_txttotal' is: '10'

2018-05-15 13:52:54 - [TEST_STEP][PASSED] - Statement - out.println("Requested QTY : " + RequestedQty): null

2018-05-15 13:52:54 - [TEST_STEP][PASSED] - Statement - BatchNumber = com.kms.katalon.core.webui.keyword.WebUiBuiltInKeywords.getNumberOfTotalOption(com.kms.katalon.core.testobject.ObjectRepository.findTestObject(Emergency/Page_Store/select_--Select--BA1150BA4110)): 2 options of object 'Object Repository/Emergency/Page_Store/select_--Select--BA1150BA4110' counted

2018-05-15 13:52:54 - [MESSAGE][PASSED] - 2 options of object 'Object Repository/Emergency/Page_Store/select_--Select--BA1150BA4110' counted

2018-05-15 13:52:54 - [TEST_STEP][PASSED] - Statement - For ([g = 1, g <= BatchNumber - 1, (g++)]): null

2018-05-15 13:52:54 - [TEST_STEP][PASSED] - selectOptionByIndex: All options with index in [1] are selected on object 'Object Repository/Emergency/Page_Store/select_--Select--BA1150BA4110'

2018-05-15 13:52:54 - [MESSAGE][PASSED] - All options with index in [1] are selected on object 'Object Repository/Emergency/Page_Store/select_--Select--BA1150BA4110'

2018-05-15 13:52:54 - [TEST_STEP][PASSED] - delay: Delayed 2 second(s)

2018-05-15 13:52:56 - [MESSAGE][PASSED] - Delayed 2 second(s)

2018-05-15 13:52:56 - [TEST_STEP][PASSED] - Statement - Try: null

2018-05-15 13:52:56 - [TEST_STEP][PASSED] - Statement - StockQty = com.kms.katalon.core.webui.keyword.WebUiBuiltInKeywords.getAttribute(com.kms.katalon.core.testobject.ObjectRepository.findTestObject(Emergency/Page_Store/input_txtprice), "value"): Attribute 'value' of object 'Object Repository/Emergency/Page_Store/input_txtprice' is: '985'

2018-05-15 13:52:56 - [MESSAGE][PASSED] - Attribute 'value' of object 'Object Repository/Emergency/Page_Store/input_txtprice' is: '985'

2018-05-15 13:52:56 - [TEST_STEP][PASSED] - Statement - out.println("Stock QTY : " + StockQty): null

2018-05-15 13:52:56 - [TEST_STEP][PASSED] - delay: Delayed 2 second(s)

2018-05-15 13:52:58 - [MESSAGE][PASSED] - Delayed 2 second(s)

2018-05-15 13:52:58 - [TEST_STEP][PASSED] - Statement - If (java.lang.Integer.valueOf(StockQty) >= java.lang.Integer.valueOf(RequestedQty)): null

2018-05-15 13:52:58 - [TEST_STEP][PASSED] - delay: Delayed 1 second(s)

2018-05-15 13:52:59 - [MESSAGE][PASSED] - Delayed 1 second(s)

2018-05-15 13:52:59 - [TEST_STEP][PASSED] - setText: Text '10' is set on object 'Object Repository/Emergency/Page_Store/input_txtqty'

2018-05-15 13:53:00 - [MESSAGE][PASSED] - Text '10' is set on object 'Object Repository/Emergency/Page_Store/input_txtqty'

2018-05-15 13:53:00 - [TEST_STEP][PASSED] - click: Object: 'Object Repository/Emergency/Page_Store/button_Add' is clicked on

2018-05-15 13:53:05 - [MESSAGE][PASSED] - Object: 'Object Repository/Emergency/Page_Store/button_Add' is clicked on

2018-05-15 13:53:05 - [TEST_STEP][PASSED] - Statement - Break: null

2018-05-15 13:53:05 - [TEST_STEP][PASSED] - selectOptionByIndex: All options with index in [12] are selected on object 'Object Repository/Emergency/Page_Store/select_--Select--Amikacin -500'

2018-05-15 13:53:05 - [MESSAGE][PASSED] - All options with index in [12] are selected on object 'Object Repository/Emergency/Page_Store/select_--Select--Amikacin -500'

2018-05-15 13:53:05 - [TEST_STEP][PASSED] - delay: Delayed 2 second(s)

2018-05-15 13:53:07 - [MESSAGE][PASSED] - Delayed 2 second(s)

2018-05-15 13:53:07 - [TEST_STEP][PASSED] - Statement - RequestedQty = com.kms.katalon.core.webui.keyword.WebUiBuiltInKeywords.getAttribute(com.kms.katalon.core.testobject.ObjectRepository.findTestObject(Emergency/Page_Store/input_txttotal), "value"): Attribute 'value' of object 'Object Repository/Emergency/Page_Store/input_txttotal' is: '10'

2018-05-15 13:53:07 - [MESSAGE][PASSED] - Attribute 'value' of object 'Object Repository/Emergency/Page_Store/input_txttotal' is: '10'

2018-05-15 13:53:07 - [TEST_STEP][PASSED] - Statement - out.println("Requested QTY : " + RequestedQty): null

2018-05-15 13:53:07 - [TEST_STEP][PASSED] - Statement - BatchNumber = com.kms.katalon.core.webui.keyword.WebUiBuiltInKeywords.getNumberOfTotalOption(com.kms.katalon.core.testobject.ObjectRepository.findTestObject(Emergency/Page_Store/select_--Select--BA1150BA4110)): 2 options of object 'Object Repository/Emergency/Page_Store/select_--Select--BA1150BA4110' counted

2018-05-15 13:53:07 - [MESSAGE][PASSED] - 2 options of object 'Object Repository/Emergency/Page_Store/select_--Select--BA1150BA4110' counted

2018-05-15 13:53:07 - [TEST_STEP][PASSED] - Statement - For ([g = 1, g <= BatchNumber - 1, (g++)]): null

2018-05-15 13:53:07 - [TEST_STEP][PASSED] - selectOptionByIndex: All options with index in [1] are selected on object 'Object Repository/Emergency/Page_Store/select_--Select--BA1150BA4110'

2018-05-15 13:53:07 - [MESSAGE][PASSED] - All options with index in [1] are selected on object 'Object Repository/Emergency/Page_Store/select_--Select--BA1150BA4110'

2018-05-15 13:53:07 - [TEST_STEP][PASSED] - delay: Delayed 2 second(s)

2018-05-15 13:53:09 - [MESSAGE][PASSED] - Delayed 2 second(s)

2018-05-15 13:53:09 - [TEST_STEP][PASSED] - Statement - Try: null

2018-05-15 13:53:09 - [TEST_STEP][PASSED] - Statement - StockQty = com.kms.katalon.core.webui.keyword.WebUiBuiltInKeywords.getAttribute(com.kms.katalon.core.testobject.ObjectRepository.findTestObject(Emergency/Page_Store/input_txtprice), "value"): Attribute 'value' of object 'Object Repository/Emergency/Page_Store/input_txtprice' is: '985'

2018-05-15 13:53:09 - [MESSAGE][PASSED] - Attribute 'value' of object 'Object Repository/Emergency/Page_Store/input_txtprice' is: '985'

2018-05-15 13:53:09 - [TEST_STEP][PASSED] - Statement - out.println("Stock QTY : " + StockQty): null

2018-05-15 13:53:09 - [TEST_STEP][PASSED] - delay: Delayed 2 second(s)

2018-05-15 13:53:11 - [MESSAGE][PASSED] - Delayed 2 second(s)

2018-05-15 13:53:11 - [TEST_STEP][PASSED] - Statement - If (java.lang.Integer.valueOf(StockQty) >= java.lang.Integer.valueOf(RequestedQty)): null

2018-05-15 13:53:11 - [TEST_STEP][PASSED] - delay: Delayed 1 second(s)

2018-05-15 13:53:12 - [MESSAGE][PASSED] - Delayed 1 second(s)

2018-05-15 13:53:12 - [TEST_STEP][PASSED] - setText: Text '10' is set on object 'Object Repository/Emergency/Page_Store/input_txtqty'

2018-05-15 13:53:12 - [MESSAGE][PASSED] - Text '10' is set on object 'Object Repository/Emergency/Page_Store/input_txtqty'

2018-05-15 13:53:12 - [TEST_STEP][PASSED] - click: Object: 'Object Repository/Emergency/Page_Store/button_Add' is clicked on

2018-05-15 13:53:17 - [MESSAGE][PASSED] - Object: 'Object Repository/Emergency/Page_Store/button_Add' is clicked on

2018-05-15 13:53:17 - [TEST_STEP][PASSED] - Statement - Break: null

2018-05-15 13:53:17 - [TEST_STEP][PASSED] - selectOptionByIndex: All options with index in [13] are selected on object 'Object Repository/Emergency/Page_Store/select_--Select--Amikacin -500'

2018-05-15 13:53:17 - [MESSAGE][PASSED] - All options with index in [13] are selected on object 'Object Repository/Emergency/Page_Store/select_--Select--Amikacin -500'

2018-05-15 13:53:17 - [TEST_STEP][PASSED] - delay: Delayed 2 second(s)

2018-05-15 13:53:19 - [MESSAGE][PASSED] - Delayed 2 second(s)

2018-05-15 13:53:19 - [TEST_STEP][PASSED] - Statement - RequestedQty = com.kms.katalon.core.webui.keyword.WebUiBuiltInKeywords.getAttribute(com.kms.katalon.core.testobject.ObjectRepository.findTestObject(Emergency/Page_Store/input_txttotal), "value"): Attribute 'value' of object 'Object Repository/Emergency/Page_Store/input_txttotal' is: '10'

2018-05-15 13:53:19 - [MESSAGE][PASSED] - Attribute 'value' of object 'Object Repository/Emergency/Page_Store/input_txttotal' is: '10'

2018-05-15 13:53:19 - [TEST_STEP][PASSED] - Statement - out.println("Requested QTY : " + RequestedQty): null

2018-05-15 13:53:19 - [TEST_STEP][PASSED] - Statement - BatchNumber = com.kms.katalon.core.webui.keyword.WebUiBuiltInKeywords.getNumberOfTotalOption(com.kms.katalon.core.testobject.ObjectRepository.findTestObject(Emergency/Page_Store/select_--Select--BA1150BA4110)): 2 options of object 'Object Repository/Emergency/Page_Store/select_--Select--BA1150BA4110' counted

2018-05-15 13:53:19 - [MESSAGE][PASSED] - 2 options of object 'Object Repository/Emergency/Page_Store/select_--Select--BA1150BA4110' counted

2018-05-15 13:53:19 - [TEST_STEP][PASSED] - Statement - For ([g = 1, g <= BatchNumber - 1, (g++)]): null

2018-05-15 13:53:19 - [TEST_STEP][PASSED] - selectOptionByIndex: All options with index in [1] are selected on object 'Object Repository/Emergency/Page_Store/select_--Select--BA1150BA4110'

2018-05-15 13:53:20 - [MESSAGE][PASSED] - All options with index in [1] are selected on object 'Object Repository/Emergency/Page_Store/select_--Select--BA1150BA4110'

2018-05-15 13:53:20 - [TEST_STEP][PASSED] - delay: Delayed 2 second(s)

2018-05-15 13:53:22 - [MESSAGE][PASSED] - Delayed 2 second(s)

2018-05-15 13:53:22 - [TEST_STEP][PASSED] - Statement - Try: null

2018-05-15 13:53:22 - [TEST_STEP][PASSED] - Statement - StockQty = com.kms.katalon.core.webui.keyword.WebUiBuiltInKeywords.getAttribute(com.kms.katalon.core.testobject.ObjectRepository.findTestObject(Emergency/Page_Store/input_txtprice), "value"): Attribute 'value' of object 'Object Repository/Emergency/Page_Store/input_txtprice' is: '985'

2018-05-15 13:53:22 - [MESSAGE][PASSED] - Attribute 'value' of object 'Object Repository/Emergency/Page_Store/input_txtprice' is: '985'

2018-05-15 13:53:22 - [TEST_STEP][PASSED] - Statement - out.println("Stock QTY : " + StockQty): null

2018-05-15 13:53:22 - [TEST_STEP][PASSED] - delay: Delayed 2 second(s)

2018-05-15 13:53:24 - [MESSAGE][PASSED] - Delayed 2 second(s)

2018-05-15 13:53:24 - [TEST_STEP][PASSED] - Statement - If (java.lang.Integer.valueOf(StockQty) >= java.lang.Integer.valueOf(RequestedQty)): null

2018-05-15 13:53:24 - [TEST_STEP][PASSED] - delay: Delayed 1 second(s)

2018-05-15 13:53:25 - [MESSAGE][PASSED] - Delayed 1 second(s)

2018-05-15 13:53:25 - [TEST_STEP][PASSED] - setText: Text '10' is set on object 'Object Repository/Emergency/Page_Store/input_txtqty'

2018-05-15 13:53:25 - [MESSAGE][PASSED] - Text '10' is set on object 'Object Repository/Emergency/Page_Store/input_txtqty'

2018-05-15 13:53:25 - [TEST_STEP][PASSED] - click: Object: 'Object Repository/Emergency/Page_Store/button_Add' is clicked on

2018-05-15 13:53:30 - [MESSAGE][PASSED] - Object: 'Object Repository/Emergency/Page_Store/button_Add' is clicked on

2018-05-15 13:53:30 - [TEST_STEP][PASSED] - Statement - Break: null

2018-05-15 13:53:30 - [TEST_STEP][PASSED] - selectOptionByIndex: All options with index in [14] are selected on object 'Object Repository/Emergency/Page_Store/select_--Select--Amikacin -500'

2018-05-15 13:53:30 - [MESSAGE][PASSED] - All options with index in [14] are selected on object 'Object Repository/Emergency/Page_Store/select_--Select--Amikacin -500'

2018-05-15 13:53:30 - [TEST_STEP][PASSED] - delay: Delayed 2 second(s)

2018-05-15 13:53:32 - [MESSAGE][PASSED] - Delayed 2 second(s)

2018-05-15 13:53:32 - [TEST_STEP][PASSED] - Statement - RequestedQty = com.kms.katalon.core.webui.keyword.WebUiBuiltInKeywords.getAttribute(com.kms.katalon.core.testobject.ObjectRepository.findTestObject(Emergency/Page_Store/input_txttotal), "value"): Attribute 'value' of object 'Object Repository/Emergency/Page_Store/input_txttotal' is: '10'

2018-05-15 13:53:32 - [MESSAGE][PASSED] - Attribute 'value' of object 'Object Repository/Emergency/Page_Store/input_txttotal' is: '10'

2018-05-15 13:53:32 - [TEST_STEP][PASSED] - Statement - out.println("Requested QTY : " + RequestedQty): null

2018-05-15 13:53:32 - [TEST_STEP][PASSED] - Statement - BatchNumber = com.kms.katalon.core.webui.keyword.WebUiBuiltInKeywords.getNumberOfTotalOption(com.kms.katalon.core.testobject.ObjectRepository.findTestObject(Emergency/Page_Store/select_--Select--BA1150BA4110)): 2 options of object 'Object Repository/Emergency/Page_Store/select_--Select--BA1150BA4110' counted

2018-05-15 13:53:32 - [MESSAGE][PASSED] - 2 options of object 'Object Repository/Emergency/Page_Store/select_--Select--BA1150BA4110' counted

2018-05-15 13:53:32 - [TEST_STEP][PASSED] - Statement - For ([g = 1, g <= BatchNumber - 1, (g++)]): null

2018-05-15 13:53:32 - [TEST_STEP][PASSED] - selectOptionByIndex: All options with index in [1] are selected on object 'Object Repository/Emergency/Page_Store/select_--Select--BA1150BA4110'

2018-05-15 13:53:32 - [MESSAGE][PASSED] - All options with index in [1] are selected on object 'Object Repository/Emergency/Page_Store/select_--Select--BA1150BA4110'

2018-05-15 13:53:32 - [TEST_STEP][PASSED] - delay: Delayed 2 second(s)

2018-05-15 13:53:34 - [MESSAGE][PASSED] - Delayed 2 second(s)

2018-05-15 13:53:34 - [TEST_STEP][PASSED] - Statement - Try: null

2018-05-15 13:53:34 - [TEST_STEP][PASSED] - Statement - StockQty = com.kms.katalon.core.webui.keyword.WebUiBuiltInKeywords.getAttribute(com.kms.katalon.core.testobject.ObjectRepository.findTestObject(Emergency/Page_Store/input_txtprice), "value"): Attribute 'value' of object 'Object Repository/Emergency/Page_Store/input_txtprice' is: '985'

2018-05-15 13:53:34 - [MESSAGE][PASSED] - Attribute 'value' of object 'Object Repository/Emergency/Page_Store/input_txtprice' is: '985'

2018-05-15 13:53:34 - [TEST_STEP][PASSED] - Statement - out.println("Stock QTY : " + StockQty): null

2018-05-15 13:53:34 - [TEST_STEP][PASSED] - delay: Delayed 2 second(s)

2018-05-15 13:53:36 - [MESSAGE][PASSED] - Delayed 2 second(s)

2018-05-15 13:53:36 - [TEST_STEP][PASSED] - Statement - If (java.lang.Integer.valueOf(StockQty) >= java.lang.Integer.valueOf(RequestedQty)): null

2018-05-15 13:53:36 - [TEST_STEP][PASSED] - delay: Delayed 1 second(s)

2018-05-15 13:53:37 - [MESSAGE][PASSED] - Delayed 1 second(s)

2018-05-15 13:53:37 - [TEST_STEP][PASSED] - setText: Text '10' is set on object 'Object Repository/Emergency/Page_Store/input_txtqty'

2018-05-15 13:53:37 - [MESSAGE][PASSED] - Text '10' is set on object 'Object Repository/Emergency/Page_Store/input_txtqty'

2018-05-15 13:53:37 - [TEST_STEP][PASSED] - click: Object: 'Object Repository/Emergency/Page_Store/button_Add' is clicked on

2018-05-15 13:53:42 - [MESSAGE][PASSED] - Object: 'Object Repository/Emergency/Page_Store/button_Add' is clicked on

2018-05-15 13:53:42 - [TEST_STEP][PASSED] - Statement - Break: null

2018-05-15 13:53:42 - [TEST_STEP][PASSED] - selectOptionByIndex: All options with index in [15] are selected on object 'Object Repository/Emergency/Page_Store/select_--Select--Amikacin -500'

2018-05-15 13:53:43 - [MESSAGE][PASSED] - All options with index in [15] are selected on object 'Object Repository/Emergency/Page_Store/select_--Select--Amikacin -500'

2018-05-15 13:53:43 - [TEST_STEP][PASSED] - delay: Delayed 2 second(s)

2018-05-15 13:53:45 - [MESSAGE][PASSED] - Delayed 2 second(s)

2018-05-15 13:53:45 - [TEST_STEP][PASSED] - Statement - RequestedQty = com.kms.katalon.core.webui.keyword.WebUiBuiltInKeywords.getAttribute(com.kms.katalon.core.testobject.ObjectRepository.findTestObject(Emergency/Page_Store/input_txttotal), "value"): Attribute 'value' of object 'Object Repository/Emergency/Page_Store/input_txttotal' is: '10'

2018-05-15 13:53:45 - [MESSAGE][PASSED] - Attribute 'value' of object 'Object Repository/Emergency/Page_Store/input_txttotal' is: '10'

2018-05-15 13:53:45 - [TEST_STEP][PASSED] - Statement - out.println("Requested QTY : " + RequestedQty): null

2018-05-15 13:53:45 - [TEST_STEP][PASSED] - Statement - BatchNumber = com.kms.katalon.core.webui.keyword.WebUiBuiltInKeywords.getNumberOfTotalOption(com.kms.katalon.core.testobject.ObjectRepository.findTestObject(Emergency/Page_Store/select_--Select--BA1150BA4110)): 2 options of object 'Object Repository/Emergency/Page_Store/select_--Select--BA1150BA4110' counted

2018-05-15 13:53:45 - [MESSAGE][PASSED] - 2 options of object 'Object Repository/Emergency/Page_Store/select_--Select--BA1150BA4110' counted

2018-05-15 13:53:45 - [TEST_STEP][PASSED] - Statement - For ([g = 1, g <= BatchNumber - 1, (g++)]): null

2018-05-15 13:53:45 - [TEST_STEP][PASSED] - selectOptionByIndex: All options with index in [1] are selected on object 'Object Repository/Emergency/Page_Store/select_--Select--BA1150BA4110'

2018-05-15 13:53:45 - [MESSAGE][PASSED] - All options with index in [1] are selected on object 'Object Repository/Emergency/Page_Store/select_--Select--BA1150BA4110'

2018-05-15 13:53:45 - [TEST_STEP][PASSED] - delay: Delayed 2 second(s)

2018-05-15 13:53:47 - [MESSAGE][PASSED] - Delayed 2 second(s)

2018-05-15 13:53:47 - [TEST_STEP][PASSED] - Statement - Try: null

2018-05-15 13:53:47 - [TEST_STEP][PASSED] - Statement - StockQty = com.kms.katalon.core.webui.keyword.WebUiBuiltInKeywords.getAttribute(com.kms.katalon.core.testobject.ObjectRepository.findTestObject(Emergency/Page_Store/input_txtprice), "value"): Attribute 'value' of object 'Object Repository/Emergency/Page_Store/input_txtprice' is: '1985'

2018-05-15 13:53:47 - [MESSAGE][PASSED] - Attribute 'value' of object 'Object Repository/Emergency/Page_Store/input_txtprice' is: '1985'

2018-05-15 13:53:47 - [TEST_STEP][PASSED] - Statement - out.println("Stock QTY : " + StockQty): null

2018-05-15 13:53:47 - [TEST_STEP][PASSED] - delay: Delayed 2 second(s)

2018-05-15 13:53:49 - [MESSAGE][PASSED] - Delayed 2 second(s)

2018-05-15 13:53:49 - [TEST_STEP][PASSED] - Statement - If (java.lang.Integer.valueOf(StockQty) >= java.lang.Integer.valueOf(RequestedQty)): null

2018-05-15 13:53:49 - [TEST_STEP][PASSED] - delay: Delayed 1 second(s)

2018-05-15 13:53:50 - [MESSAGE][PASSED] - Delayed 1 second(s)

2018-05-15 13:53:50 - [TEST_STEP][PASSED] - setText: Text '10' is set on object 'Object Repository/Emergency/Page_Store/input_txtqty'

2018-05-15 13:53:50 - [MESSAGE][PASSED] - Text '10' is set on object 'Object Repository/Emergency/Page_Store/input_txtqty'

2018-05-15 13:53:50 - [TEST_STEP][PASSED] - click: Object: 'Object Repository/Emergency/Page_Store/button_Add' is clicked on

2018-05-15 13:53:55 - [MESSAGE][PASSED] - Object: 'Object Repository/Emergency/Page_Store/button_Add' is clicked on

2018-05-15 13:53:55 - [TEST_STEP][PASSED] - Statement - Break: null

2018-05-15 13:53:55 - [TEST_STEP][PASSED] - selectOptionByIndex: All options with index in [16] are selected on object 'Object Repository/Emergency/Page_Store/select_--Select--Amikacin -500'

2018-05-15 13:53:55 - [MESSAGE][PASSED] - All options with index in [16] are selected on object 'Object Repository/Emergency/Page_Store/select_--Select--Amikacin -500'

2018-05-15 13:53:55 - [TEST_STEP][PASSED] - delay: Delayed 2 second(s)

2018-05-15 13:53:57 - [MESSAGE][PASSED] - Delayed 2 second(s)

2018-05-15 13:53:57 - [TEST_STEP][PASSED] - Statement - RequestedQty = com.kms.katalon.core.webui.keyword.WebUiBuiltInKeywords.getAttribute(com.kms.katalon.core.testobject.ObjectRepository.findTestObject(Emergency/Page_Store/input_txttotal), "value"): Attribute 'value' of object 'Object Repository/Emergency/Page_Store/input_txttotal' is: '10'

2018-05-15 13:53:57 - [MESSAGE][PASSED] - Attribute 'value' of object 'Object Repository/Emergency/Page_Store/input_txttotal' is: '10'

2018-05-15 13:53:57 - [TEST_STEP][PASSED] - Statement - out.println("Requested QTY : " + RequestedQty): null

2018-05-15 13:53:57 - [TEST_STEP][PASSED] - Statement - BatchNumber = com.kms.katalon.core.webui.keyword.WebUiBuiltInKeywords.getNumberOfTotalOption(com.kms.katalon.core.testobject.ObjectRepository.findTestObject(Emergency/Page_Store/select_--Select--BA1150BA4110)): 2 options of object 'Object Repository/Emergency/Page_Store/select_--Select--BA1150BA4110' counted

2018-05-15 13:53:57 - [MESSAGE][PASSED] - 2 options of object 'Object Repository/Emergency/Page_Store/select_--Select--BA1150BA4110' counted

2018-05-15 13:53:57 - [TEST_STEP][PASSED] - Statement - For ([g = 1, g <= BatchNumber - 1, (g++)]): null

2018-05-15 13:53:57 - [TEST_STEP][PASSED] - selectOptionByIndex: All options with index in [1] are selected on object 'Object Repository/Emergency/Page_Store/select_--Select--BA1150BA4110'

2018-05-15 13:53:58 - [MESSAGE][PASSED] - All options with index in [1] are selected on object 'Object Repository/Emergency/Page_Store/select_--Select--BA1150BA4110'

2018-05-15 13:53:58 - [TEST_STEP][PASSED] - delay: Delayed 2 second(s)

2018-05-15 13:54:00 - [MESSAGE][PASSED] - Delayed 2 second(s)

2018-05-15 13:54:00 - [TEST_STEP][PASSED] - Statement - Try: null

2018-05-15 13:54:00 - [TEST_STEP][PASSED] - Statement - StockQty = com.kms.katalon.core.webui.keyword.WebUiBuiltInKeywords.getAttribute(com.kms.katalon.core.testobject.ObjectRepository.findTestObject(Emergency/Page_Store/input_txtprice), "value"): Attribute 'value' of object 'Object Repository/Emergency/Page_Store/input_txtprice' is: '985'

2018-05-15 13:54:00 - [MESSAGE][PASSED] - Attribute 'value' of object 'Object Repository/Emergency/Page_Store/input_txtprice' is: '985'

2018-05-15 13:54:00 - [TEST_STEP][PASSED] - Statement - out.println("Stock QTY : " + StockQty): null

2018-05-15 13:54:00 - [TEST_STEP][PASSED] - delay: Delayed 2 second(s)

2018-05-15 13:54:02 - [MESSAGE][PASSED] - Delayed 2 second(s)

2018-05-15 13:54:02 - [TEST_STEP][PASSED] - Statement - If (java.lang.Integer.valueOf(StockQty) >= java.lang.Integer.valueOf(RequestedQty)): null

2018-05-15 13:54:02 - [TEST_STEP][PASSED] - delay: Delayed 1 second(s)

2018-05-15 13:54:03 - [MESSAGE][PASSED] - Delayed 1 second(s)

2018-05-15 13:54:03 - [TEST_STEP][PASSED] - setText: Text '10' is set on object 'Object Repository/Emergency/Page_Store/input_txtqty'

2018-05-15 13:54:03 - [MESSAGE][PASSED] - Text '10' is set on object 'Object Repository/Emergency/Page_Store/input_txtqty'

2018-05-15 13:54:03 - [TEST_STEP][PASSED] - click: Object: 'Object Repository/Emergency/Page_Store/button_Add' is clicked on

2018-05-15 13:54:08 - [MESSAGE][PASSED] - Object: 'Object Repository/Emergency/Page_Store/button_Add' is clicked on

2018-05-15 13:54:08 - [TEST_STEP][PASSED] - Statement - Break: null

2018-05-15 13:54:08 - [TEST_STEP][PASSED] - selectOptionByIndex: All options with index in [17] are selected on object 'Object Repository/Emergency/Page_Store/select_--Select--Amikacin -500'

2018-05-15 13:54:08 - [MESSAGE][PASSED] - All options with index in [17] are selected on object 'Object Repository/Emergency/Page_Store/select_--Select--Amikacin -500'

2018-05-15 13:54:08 - [TEST_STEP][PASSED] - delay: Delayed 2 second(s)

2018-05-15 13:54:10 - [MESSAGE][PASSED] - Delayed 2 second(s)

2018-05-15 13:54:10 - [TEST_STEP][PASSED] - Statement - RequestedQty = com.kms.katalon.core.webui.keyword.WebUiBuiltInKeywords.getAttribute(com.kms.katalon.core.testobject.ObjectRepository.findTestObject(Emergency/Page_Store/input_txttotal), "value"): Attribute 'value' of object 'Object Repository/Emergency/Page_Store/input_txttotal' is: '10'

2018-05-15 13:54:10 - [MESSAGE][PASSED] - Attribute 'value' of object 'Object Repository/Emergency/Page_Store/input_txttotal' is: '10'

2018-05-15 13:54:10 - [TEST_STEP][PASSED] - Statement - out.println("Requested QTY : " + RequestedQty): null

2018-05-15 13:54:10 - [TEST_STEP][PASSED] - Statement - BatchNumber = com.kms.katalon.core.webui.keyword.WebUiBuiltInKeywords.getNumberOfTotalOption(com.kms.katalon.core.testobject.ObjectRepository.findTestObject(Emergency/Page_Store/select_--Select--BA1150BA4110)): 2 options of object 'Object Repository/Emergency/Page_Store/select_--Select--BA1150BA4110' counted

2018-05-15 13:54:10 - [MESSAGE][PASSED] - 2 options of object 'Object Repository/Emergency/Page_Store/select_--Select--BA1150BA4110' counted

2018-05-15 13:54:10 - [TEST_STEP][PASSED] - Statement - For ([g = 1, g <= BatchNumber - 1, (g++)]): null

2018-05-15 13:54:10 - [TEST_STEP][PASSED] - selectOptionByIndex: All options with index in [1] are selected on object 'Object Repository/Emergency/Page_Store/select_--Select--BA1150BA4110'

2018-05-15 13:54:10 - [MESSAGE][PASSED] - All options with index in [1] are selected on object 'Object Repository/Emergency/Page_Store/select_--Select--BA1150BA4110'

2018-05-15 13:54:10 - [TEST_STEP][PASSED] - delay: Delayed 2 second(s)

2018-05-15 13:54:12 - [MESSAGE][PASSED] - Delayed 2 second(s)

2018-05-15 13:54:12 - [TEST_STEP][PASSED] - Statement - Try: null

2018-05-15 13:54:12 - [TEST_STEP][PASSED] - Statement - StockQty = com.kms.katalon.core.webui.keyword.WebUiBuiltInKeywords.getAttribute(com.kms.katalon.core.testobject.ObjectRepository.findTestObject(Emergency/Page_Store/input_txtprice), "value"): Attribute 'value' of object 'Object Repository/Emergency/Page_Store/input_txtprice' is: '985'

2018-05-15 13:54:12 - [MESSAGE][PASSED] - Attribute 'value' of object 'Object Repository/Emergency/Page_Store/input_txtprice' is: '985'

2018-05-15 13:54:12 - [TEST_STEP][PASSED] - Statement - out.println("Stock QTY : " + StockQty): null

2018-05-15 13:54:12 - [TEST_STEP][PASSED] - delay: Delayed 2 second(s)

2018-05-15 13:54:14 - [MESSAGE][PASSED] - Delayed 2 second(s)

2018-05-15 13:54:14 - [TEST_STEP][PASSED] - Statement - If (java.lang.Integer.valueOf(StockQty) >= java.lang.Integer.valueOf(RequestedQty)): null

2018-05-15 13:54:14 - [TEST_STEP][PASSED] - delay: Delayed 1 second(s)

2018-05-15 13:54:15 - [MESSAGE][PASSED] - Delayed 1 second(s)

2018-05-15 13:54:15 - [TEST_STEP][PASSED] - setText: Text '10' is set on object 'Object Repository/Emergency/Page_Store/input_txtqty'

2018-05-15 13:54:16 - [MESSAGE][PASSED] - Text '10' is set on object 'Object Repository/Emergency/Page_Store/input_txtqty'

2018-05-15 13:54:16 - [TEST_STEP][PASSED] - click: Object: 'Object Repository/Emergency/Page_Store/button_Add' is clicked on

2018-05-15 13:54:21 - [MESSAGE][PASSED] - Object: 'Object Repository/Emergency/Page_Store/button_Add' is clicked on

2018-05-15 13:54:21 - [TEST_STEP][PASSED] - Statement - Break: null

2018-05-15 13:54:21 - [TEST_STEP][PASSED] - selectOptionByIndex: All options with index in [18] are selected on object 'Object Repository/Emergency/Page_Store/select_--Select--Amikacin -500'

2018-05-15 13:54:21 - [MESSAGE][PASSED] - All options with index in [18] are selected on object 'Object Repository/Emergency/Page_Store/select_--Select--Amikacin -500'

2018-05-15 13:54:21 - [TEST_STEP][PASSED] - delay: Delayed 2 second(s)

2018-05-15 13:54:23 - [MESSAGE][PASSED] - Delayed 2 second(s)

2018-05-15 13:54:23 - [TEST_STEP][PASSED] - Statement - RequestedQty = com.kms.katalon.core.webui.keyword.WebUiBuiltInKeywords.getAttribute(com.kms.katalon.core.testobject.ObjectRepository.findTestObject(Emergency/Page_Store/input_txttotal), "value"): Attribute 'value' of object 'Object Repository/Emergency/Page_Store/input_txttotal' is: '10'

2018-05-15 13:54:23 - [MESSAGE][PASSED] - Attribute 'value' of object 'Object Repository/Emergency/Page_Store/input_txttotal' is: '10'

2018-05-15 13:54:23 - [TEST_STEP][PASSED] - Statement - out.println("Requested QTY : " + RequestedQty): null

2018-05-15 13:54:23 - [TEST_STEP][PASSED] - Statement - BatchNumber = com.kms.katalon.core.webui.keyword.WebUiBuiltInKeywords.getNumberOfTotalOption(com.kms.katalon.core.testobject.ObjectRepository.findTestObject(Emergency/Page_Store/select_--Select--BA1150BA4110)): 2 options of object 'Object Repository/Emergency/Page_Store/select_--Select--BA1150BA4110' counted

2018-05-15 13:54:23 - [MESSAGE][PASSED] - 2 options of object 'Object Repository/Emergency/Page_Store/select_--Select--BA1150BA4110' counted

2018-05-15 13:54:23 - [TEST_STEP][PASSED] - Statement - For ([g = 1, g <= BatchNumber - 1, (g++)]): null

2018-05-15 13:54:23 - [TEST_STEP][PASSED] - selectOptionByIndex: All options with index in [1] are selected on object 'Object Repository/Emergency/Page_Store/select_--Select--BA1150BA4110'

2018-05-15 13:54:23 - [MESSAGE][PASSED] - All options with index in [1] are selected on object 'Object Repository/Emergency/Page_Store/select_--Select--BA1150BA4110'

2018-05-15 13:54:23 - [TEST_STEP][PASSED] - delay: Delayed 2 second(s)

2018-05-15 13:54:25 - [MESSAGE][PASSED] - Delayed 2 second(s)

2018-05-15 13:54:25 - [TEST_STEP][PASSED] - Statement - Try: null

2018-05-15 13:54:25 - [TEST_STEP][PASSED] - Statement - StockQty = com.kms.katalon.core.webui.keyword.WebUiBuiltInKeywords.getAttribute(com.kms.katalon.core.testobject.ObjectRepository.findTestObject(Emergency/Page_Store/input_txtprice), "value"): Attribute 'value' of object 'Object Repository/Emergency/Page_Store/input_txtprice' is: '985'

2018-05-15 13:54:25 - [MESSAGE][PASSED] - Attribute 'value' of object 'Object Repository/Emergency/Page_Store/input_txtprice' is: '985'

2018-05-15 13:54:25 - [TEST_STEP][PASSED] - Statement - out.println("Stock QTY : " + StockQty): null

2018-05-15 13:54:25 - [TEST_STEP][PASSED] - delay: Delayed 2 second(s)

2018-05-15 13:54:27 - [MESSAGE][PASSED] - Delayed 2 second(s)

2018-05-15 13:54:27 - [TEST_STEP][PASSED] - Statement - If (java.lang.Integer.valueOf(StockQty) >= java.lang.Integer.valueOf(RequestedQty)): null

2018-05-15 13:54:27 - [TEST_STEP][PASSED] - delay: Delayed 1 second(s)

2018-05-15 13:54:28 - [MESSAGE][PASSED] - Delayed 1 second(s)

2018-05-15 13:54:28 - [TEST_STEP][PASSED] - setText: Text '10' is set on object 'Object Repository/Emergency/Page_Store/input_txtqty'

2018-05-15 13:54:28 - [MESSAGE][PASSED] - Text '10' is set on object 'Object Repository/Emergency/Page_Store/input_txtqty'

2018-05-15 13:54:28 - [TEST_STEP][PASSED] - click: Object: 'Object Repository/Emergency/Page_Store/button_Add' is clicked on

2018-05-15 13:54:33 - [MESSAGE][PASSED] - Object: 'Object Repository/Emergency/Page_Store/button_Add' is clicked on

2018-05-15 13:54:33 - [TEST_STEP][PASSED] - Statement - Break: null

2018-05-15 13:54:33 - [TEST_STEP][PASSED] - scrollToElement: Scroll to object 'Object Repository/Emergency/Page_Store/input_btnSubmit' successfully

2018-05-15 13:54:33 - [MESSAGE][PASSED] - Scroll to object 'Object Repository/Emergency/Page_Store/input_btnSubmit' successfully

2018-05-15 13:54:33 - [TEST_STEP][PASSED] - Statement - Try: Object: 'Object Repository/lab/Page_Store/button_OK' is clicked on

2018-05-15 13:54:33 - [TEST_STEP][PASSED] - click: Object: 'Object Repository/Emergency/Page_Store/input_btnSubmit' is clicked on

2018-05-15 13:54:38 - [MESSAGE][PASSED] - Object: 'Object Repository/Emergency/Page_Store/input_btnSubmit' is clicked on

2018-05-15 13:54:38 - [TEST_STEP][PASSED] - delay: Delayed 3 second(s)

2018-05-15 13:54:41 - [MESSAGE][PASSED] - Delayed 3 second(s)

2018-05-15 13:54:41 - [TEST_STEP][PASSED] - click: Object: 'Object Repository/lab/Page_Store/button_OK' is clicked on

2018-05-15 13:54:47 - [MESSAGE][PASSED] - Object: 'Object Repository/lab/Page_Store/button_OK' is clicked on

2018-05-15 13:54:47 - [TEST_STEP][FAILED] - click: Unable to click on object 'Object Repository/Emergency/Page_Store/a_dropdown-toggle' (Root cause: com.kms.katalon.core.webui.exception.WebElementNotFoundException: Web element with id: 'Object Repository/Emergency/Page_Store/a_dropdown-toggle' located by 'By.xpath: /html[1]/body[@class="skin-blue  pace-done"]/header[@class="header"]/div[@class="row"]/nav[@class="navbar navbar-static-top"]/div[@class="navbar-right"]/ul[@class="nav navbar-nav"]/li[@class="dropdown user user-menu"]/a[@class="dropdown-toggle"][count(. | //*[@class = 'dropdown-toggle' and @data-toggle = 'dropdown']) = count(//*[@class = 'dropdown-toggle' and @data-toggle = 'dropdown'])]' not found)

2018-05-15 13:55:19 - [MESSAGE][FAILED] - Unable to click on object 'Object Repository/Emergency/Page_Store/a_dropdown-toggle' (Root cause: com.kms.katalon.core.webui.exception.WebElementNotFoundException: Web element with id: 'Object Repository/Emergency/Page_Store/a_dropdown-toggle' located by 'By.xpath: /html[1]/body[@class="skin-blue  pace-done"]/header[@class="header"]/div[@class="row"]/nav[@class="navbar navbar-static-top"]/div[@class="navbar-right"]/ul[@class="nav navbar-nav"]/li[@class="dropdown user user-menu"]/a[@class="dropdown-toggle"][count(. | //*[@class = 'dropdown-toggle' and @data-toggle = 'dropdown']) = count(//*[@class = 'dropdown-toggle' and @data-toggle = 'dropdown'])]' not found)
[[ATTACHMENT|C:\\Users\\Quality Analyst\\Katalon Studio\\ds\\Reports\\Emergency_Suit\\20180515_133425\\1526372718563.png]]]]></system-out>
         <system-err><![CDATA[2018-05-15 13:49:54 - [TEST_CASE][FAILED] - Test Cases/EMERGENCY TEST CASES/TC_ER_007 Verify Schedule 12 Emergency  Request Are Working Successfully Or Not: Test Cases/EMERGENCY TEST CASES/TC_ER_007 Verify Schedule 12 Emergency  Request Are Working Successfully Or Not FAILED because (of) Unable to click on object 'Object Repository/Emergency/Page_Store/a_dropdown-toggle' (Root cause: com.kms.katalon.core.webui.exception.WebElementNotFoundException: Web element with id: 'Object Repository/Emergency/Page_Store/a_dropdown-toggle' located by 'By.xpath: /html[1]/body[@class="skin-blue  pace-done"]/header[@class="header"]/div[@class="row"]/nav[@class="navbar navbar-static-top"]/div[@class="navbar-right"]/ul[@class="nav navbar-nav"]/li[@class="dropdown user user-menu"]/a[@class="dropdown-toggle"][count(. | //*[@class = 'dropdown-toggle' and @data-toggle = 'dropdown']) = count(//*[@class = 'dropdown-toggle' and @data-toggle = 'dropdown'])]' not found)]]></system-err>
      </testcase>
      <system-out><![CDATA[2018-05-15 13:34:26 - [TEST_SUITE][FAILED] - Emergency_Suit: Test Cases/EMERGENCY TEST CASES/TC_ER_001 Verify Schedule 1 Emergency  Request Are Working Successfully Or Not FAILED because (of) Unable to click on object 'Object Repository/Emergency/Page_KDMC - Emergency/button_Add' (Root cause: org.openqa.selenium.WebDriverException: unknown error: Element <button type="button" id="btnadd" class="btn btn-primary" style="margin-top: 23px;">...</button> is not clickable at point (719, 518). Other element would receive the click: <div class="bootbox modal fade bootbox-alert in" tabindex="-1" role="dialog" aria-hidden="false" style="display: block;">...</div>
  (Session info: chrome=66.0.3359.139)
  (Driver info: chromedriver=2.35.528161 (5b82f2d2aae0ca24b877009200ced9065a772e73),platform=Windows NT 10.0.17134 x86_64) (WARNING: The server did not provide any stacktrace information)
Command duration or timeout: 0 milliseconds
Build info: version: '3.7.1', revision: '8a0099a', time: '2017-11-06T21:07:36.161Z'
System info: host: 'DESKTOP-BLFTK83', ip: '192.168.71.2', os.name: 'Windows 10', os.arch: 'amd64', os.version: '10.0', java.version: '1.8.0_102'
Driver info: com.kms.katalon.selenium.driver.CChromeDriver
Capabilities {acceptInsecureCerts: false, acceptSslCerts: false, applicationCacheEnabled: false, browserConnectionEnabled: false, browserName: chrome, chrome: {chromedriverVersion: 2.35.528161 (5b82f2d2aae0ca..., userDataDir: C:\Users\QUALIT~1\AppData\L...}, cssSelectorsEnabled: true, databaseEnabled: false, handlesAlerts: true, hasTouchScreen: false, javascriptEnabled: true, locationContextEnabled: true, mobileEmulationEnabled: false, nativeEvents: true, networkConnectionEnabled: false, pageLoadStrategy: normal, platform: XP, platformName: XP, rotatable: false, setWindowRect: true, takesHeapSnapshot: true, takesScreenshot: true, unexpectedAlertBehaviour: , unhandledPromptBehavior: , version: 66.0.3359.139, webStorageEnabled: true}
Session ID: 464a994e675f482cdf78b63ce6c68b84)]]></system-out>
      <system-err><![CDATA[2018-05-15 13:34:26 - [TEST_SUITE][FAILED] - Emergency_Suit: Test Cases/EMERGENCY TEST CASES/TC_ER_001 Verify Schedule 1 Emergency  Request Are Working Successfully Or Not FAILED because (of) Unable to click on object 'Object Repository/Emergency/Page_KDMC - Emergency/button_Add' (Root cause: org.openqa.selenium.WebDriverException: unknown error: Element <button type="button" id="btnadd" class="btn btn-primary" style="margin-top: 23px;">...</button> is not clickable at point (719, 518). Other element would receive the click: <div class="bootbox modal fade bootbox-alert in" tabindex="-1" role="dialog" aria-hidden="false" style="display: block;">...</div>
  (Session info: chrome=66.0.3359.139)
  (Driver info: chromedriver=2.35.528161 (5b82f2d2aae0ca24b877009200ced9065a772e73),platform=Windows NT 10.0.17134 x86_64) (WARNING: The server did not provide any stacktrace information)
Command duration or timeout: 0 milliseconds
Build info: version: '3.7.1', revision: '8a0099a', time: '2017-11-06T21:07:36.161Z'
System info: host: 'DESKTOP-BLFTK83', ip: '192.168.71.2', os.name: 'Windows 10', os.arch: 'amd64', os.version: '10.0', java.version: '1.8.0_102'
Driver info: com.kms.katalon.selenium.driver.CChromeDriver
Capabilities {acceptInsecureCerts: false, acceptSslCerts: false, applicationCacheEnabled: false, browserConnectionEnabled: false, browserName: chrome, chrome: {chromedriverVersion: 2.35.528161 (5b82f2d2aae0ca..., userDataDir: C:\Users\QUALIT~1\AppData\L...}, cssSelectorsEnabled: true, databaseEnabled: false, handlesAlerts: true, hasTouchScreen: false, javascriptEnabled: true, locationContextEnabled: true, mobileEmulationEnabled: false, nativeEvents: true, networkConnectionEnabled: false, pageLoadStrategy: normal, platform: XP, platformName: XP, rotatable: false, setWindowRect: true, takesHeapSnapshot: true, takesScreenshot: true, unexpectedAlertBehaviour: , unhandledPromptBehavior: , version: 66.0.3359.139, webStorageEnabled: true}
Session ID: 464a994e675f482cdf78b63ce6c68b84)]]></system-err>
   </testsuite>
</testsuites>
