<?xml version="1.0" encoding="UTF-8"?>
<testsuites name="Inpatient_Suit" time="478" tests="1" failures="2" errors="0">
   <testsuite name="Inpatient_Suit" tests="1" failures="2" errors="0" time="478" timestamp="2018-05-14 15:43:11" hostname="Quality Analyst - DESKTOP-BLFTK83" id="Test Suites/Inpatient_Suit">
      <properties>
         <property name="deviceName" value=""/>
         <property name="devicePlatform" value=""/>
         <property name="logFolder" value="C:\\Users\\Quality Analyst\\Katalon Studio\\ds\\Reports\\Inpatient_Suit\\20180514_154305"/>
         <property name="logFiles" value="C:\\Users\\Quality Analyst\\Katalon Studio\\ds\\Reports\\Inpatient_Suit\\20180514_154305\\execution0.log"/>
         <property name="attachments" value="C:\\Users\\Quality Analyst\\Katalon Studio\\ds\\Reports\\Inpatient_Suit\\20180514_154305\\1526293258248.png"/>
         <property name="hostName" value="Quality Analyst - DESKTOP-BLFTK83"/>
         <property name="os" value="Windows 10 64bit"/>
         <property name="katalonVersion" value="5.4.1.1"/>
         <property name="browser" value="Chrome 66.0.3359.139"/>
         <property name="hostAddress" value="192.168.71.2"/>
         <property name="sessionId" value="9397f27ca8d12539996f45568818d5ac"/>
         <property name="seleniumVersion" value="3.7.1"/>
         <property name="proxyInformation" value="ProxyInformation{proxyOption=NO_PROXY, proxyServerType=HTTP, password=, proxyServerAddress=, proxyServerPort=0}"/>
         <property name="platform" value="Windows 10"/>
      </properties>
      <testcase name="Test Cases/INPATIENT TEST CASES/TC_INR_001 Verify Schedule 5 Inpatient Request Are Working Successfully Or Not" classname="Test Cases/INPATIENT TEST CASES/TC_INR_001 Verify Schedule 5 Inpatient Request Are Working Successfully Or Not" status="PASSED">
         <system-out><![CDATA[2018-05-14 15:43:11 - [TEST_CASE][PASSED] - Test Cases/INPATIENT TEST CASES/TC_INR_001 Verify Schedule 5 Inpatient Request Are Working Successfully Or Not: Test Cases/INPATIENT TEST CASES/TC_INR_001 Verify Schedule 5 Inpatient Request Are Working Successfully Or Not

2018-05-14 15:43:12 - [TEST_STEP][PASSED] - openBrowser: Browser is opened with url: ''

2018-05-14 15:43:15 - [MESSAGE][PASSED] - Browser is opened with url: ''

2018-05-14 15:43:15 - [TEST_STEP][PASSED] - Statement - out.println("Verify Schedule 5 Inpatient Request Are Working Successfully Or Not"): null

2018-05-14 15:43:15 - [TEST_STEP][PASSED] - navigateToUrl: Navigate to 'http://192.168.137.1/multihospital_new/' successfully

2018-05-14 15:43:19 - [MESSAGE][PASSED] - Navigate to 'http://192.168.137.1/multihospital_new/' successfully

2018-05-14 15:43:19 - [TEST_STEP][PASSED] - maximizeWindow: Current window maximized

2018-05-14 15:43:20 - [MESSAGE][PASSED] - Current window maximized

2018-05-14 15:43:20 - [TEST_STEP][PASSED] - click: Object: 'Object Repository/Inpatient Request/Page_KDMC/a_In Patient' is clicked on

2018-05-14 15:43:21 - [MESSAGE][PASSED] - Object: 'Object Repository/Inpatient Request/Page_KDMC/a_In Patient' is clicked on

2018-05-14 15:43:21 - [TEST_STEP][PASSED] - setText: Text 'brintha' is set on object 'Object Repository/Inpatient Request/Page_INPATIENT LOGIN/input_txtusername'

2018-05-14 15:43:21 - [MESSAGE][PASSED] - Text 'brintha' is set on object 'Object Repository/Inpatient Request/Page_INPATIENT LOGIN/input_txtusername'

2018-05-14 15:43:21 - [TEST_STEP][PASSED] - setText: Text '123' is set on object 'Object Repository/Inpatient Request/Page_INPATIENT LOGIN/input_txtpassword'

2018-05-14 15:43:21 - [MESSAGE][PASSED] - Text '123' is set on object 'Object Repository/Inpatient Request/Page_INPATIENT LOGIN/input_txtpassword'

2018-05-14 15:43:21 - [TEST_STEP][PASSED] - delay: Delayed 3 second(s)

2018-05-14 15:43:24 - [MESSAGE][PASSED] - Delayed 3 second(s)

2018-05-14 15:43:24 - [TEST_STEP][PASSED] - click: Object: 'Object Repository/Inpatient Request/Page_INPATIENT LOGIN/button_Sign in' is clicked on

2018-05-14 15:43:26 - [MESSAGE][PASSED] - Object: 'Object Repository/Inpatient Request/Page_INPATIENT LOGIN/button_Sign in' is clicked on

2018-05-14 15:43:26 - [TEST_STEP][PASSED] - delay: Delayed 3 second(s)

2018-05-14 15:43:29 - [MESSAGE][PASSED] - Delayed 3 second(s)

2018-05-14 15:43:29 - [TEST_STEP][PASSED] - scrollToPosition: Browser is scrolled to position x = 300, y = 300

2018-05-14 15:43:29 - [MESSAGE][PASSED] - Browser is scrolled to position x = 300, y = 300

2018-05-14 15:43:29 - [TEST_STEP][PASSED] - delay: Delayed 2 second(s)

2018-05-14 15:43:31 - [MESSAGE][PASSED] - Delayed 2 second(s)

2018-05-14 15:43:31 - [TEST_STEP][PASSED] - navigateToUrl: Navigate to 'http://192.168.137.1/Multihospital_New/StoresRequest.aspx' successfully

2018-05-14 15:43:32 - [MESSAGE][PASSED] - Navigate to 'http://192.168.137.1/Multihospital_New/StoresRequest.aspx' successfully

2018-05-14 15:43:32 - [TEST_STEP][PASSED] - delay: Delayed 3 second(s)

2018-05-14 15:43:35 - [MESSAGE][PASSED] - Delayed 3 second(s)

2018-05-14 15:43:35 - [TEST_STEP][PASSED] - refresh: Refresh successfully

2018-05-14 15:43:35 - [MESSAGE][PASSED] - Refresh successfully

2018-05-14 15:43:35 - [TEST_STEP][PASSED] - delay: Delayed 3 second(s)

2018-05-14 15:43:38 - [MESSAGE][PASSED] - Delayed 3 second(s)

2018-05-14 15:43:38 - [TEST_STEP][PASSED] - selectOptionByIndex: All options with index in [1] are selected on object 'Object Repository/Inpatient Request/Page_KDMC/select_--Select--ChildrensGene'

2018-05-14 15:43:38 - [MESSAGE][PASSED] - All options with index in [1] are selected on object 'Object Repository/Inpatient Request/Page_KDMC/select_--Select--ChildrensGene'

2018-05-14 15:43:38 - [TEST_STEP][PASSED] - Statement - Inpatient_RequestNumber = com.kms.katalon.core.webui.keyword.WebUiBuiltInKeywords.getAttribute(com.kms.katalon.core.testobject.ObjectRepository.findTestObject(Inpatient Request/Page_KDMC/input_txtno), "value"): Attribute 'value' of object 'Object Repository/Inpatient Request/Page_KDMC/input_txtno' is: 'RNO/14052018/59'

2018-05-14 15:43:38 - [MESSAGE][PASSED] - Attribute 'value' of object 'Object Repository/Inpatient Request/Page_KDMC/input_txtno' is: 'RNO/14052018/59'

2018-05-14 15:43:38 - [TEST_STEP][PASSED] - Statement - RequestNo = Inpatient_RequestNumber.split("/")[2]: null

2018-05-14 15:43:38 - [TEST_STEP][PASSED] - Statement - out.println("RqID : " + RequestNo): null

2018-05-14 15:43:38 - [TEST_STEP][PASSED] - selectOptionByIndex: All options with index in [1] are selected on object 'Object Repository/Inpatient Request/Page_KDMC/select_--Select--Schedule 5Dru'

2018-05-14 15:43:39 - [MESSAGE][PASSED] - All options with index in [1] are selected on object 'Object Repository/Inpatient Request/Page_KDMC/select_--Select--Schedule 5Dru'

2018-05-14 15:43:39 - [TEST_STEP][PASSED] - Statement - selectedoptions = com.kms.katalon.core.webui.keyword.WebUiBuiltInKeywords.getNumberOfTotalOption(com.kms.katalon.core.testobject.ObjectRepository.findTestObject(Inpatient Request/Page_KDMC/select_--Select--Alcohol Rub i)): 17 options of object 'Object Repository/Inpatient Request/Page_KDMC/select_--Select--Alcohol Rub i' counted

2018-05-14 15:43:39 - [MESSAGE][PASSED] - 17 options of object 'Object Repository/Inpatient Request/Page_KDMC/select_--Select--Alcohol Rub i' counted

2018-05-14 15:43:39 - [TEST_STEP][PASSED] - Statement - For ([i = 1, i < selectedoptions, (i++)]): Object: 'Object Repository/Inpatient Request/Page_KDMC/button_Add' is clicked on

2018-05-14 15:43:39 - [TEST_STEP][PASSED] - selectOptionByIndex: All options with index in [1] are selected on object 'Object Repository/Inpatient Request/Page_KDMC/select_--Select--Schedule 5Dru'

2018-05-14 15:43:39 - [MESSAGE][PASSED] - All options with index in [1] are selected on object 'Object Repository/Inpatient Request/Page_KDMC/select_--Select--Schedule 5Dru'

2018-05-14 15:43:39 - [TEST_STEP][PASSED] - selectOptionByIndex: All options with index in [1] are selected on object 'Object Repository/Inpatient Request/Page_KDMC/select_--Select--Alcohol Rub i'

2018-05-14 15:43:39 - [MESSAGE][PASSED] - All options with index in [1] are selected on object 'Object Repository/Inpatient Request/Page_KDMC/select_--Select--Alcohol Rub i'

2018-05-14 15:43:39 - [TEST_STEP][PASSED] - setText: Text '5' is set on object 'Object Repository/Inpatient Request/Page_KDMC/input_txttreat'

2018-05-14 15:43:39 - [MESSAGE][PASSED] - Text '5' is set on object 'Object Repository/Inpatient Request/Page_KDMC/input_txttreat'

2018-05-14 15:43:39 - [TEST_STEP][PASSED] - click: Object: 'Object Repository/Inpatient Request/Page_KDMC/button_Add' is clicked on

2018-05-14 15:43:39 - [MESSAGE][PASSED] - Object: 'Object Repository/Inpatient Request/Page_KDMC/button_Add' is clicked on

2018-05-14 15:43:39 - [TEST_STEP][PASSED] - selectOptionByIndex: All options with index in [1] are selected on object 'Object Repository/Inpatient Request/Page_KDMC/select_--Select--Schedule 5Dru'

2018-05-14 15:43:39 - [MESSAGE][PASSED] - All options with index in [1] are selected on object 'Object Repository/Inpatient Request/Page_KDMC/select_--Select--Schedule 5Dru'

2018-05-14 15:43:39 - [TEST_STEP][PASSED] - selectOptionByIndex: All options with index in [2] are selected on object 'Object Repository/Inpatient Request/Page_KDMC/select_--Select--Alcohol Rub i'

2018-05-14 15:43:40 - [MESSAGE][PASSED] - All options with index in [2] are selected on object 'Object Repository/Inpatient Request/Page_KDMC/select_--Select--Alcohol Rub i'

2018-05-14 15:43:40 - [TEST_STEP][PASSED] - setText: Text '5' is set on object 'Object Repository/Inpatient Request/Page_KDMC/input_txttreat'

2018-05-14 15:43:40 - [MESSAGE][PASSED] - Text '5' is set on object 'Object Repository/Inpatient Request/Page_KDMC/input_txttreat'

2018-05-14 15:43:40 - [TEST_STEP][PASSED] - click: Object: 'Object Repository/Inpatient Request/Page_KDMC/button_Add' is clicked on

2018-05-14 15:43:40 - [MESSAGE][PASSED] - Object: 'Object Repository/Inpatient Request/Page_KDMC/button_Add' is clicked on

2018-05-14 15:43:40 - [TEST_STEP][PASSED] - selectOptionByIndex: All options with index in [1] are selected on object 'Object Repository/Inpatient Request/Page_KDMC/select_--Select--Schedule 5Dru'

2018-05-14 15:43:40 - [MESSAGE][PASSED] - All options with index in [1] are selected on object 'Object Repository/Inpatient Request/Page_KDMC/select_--Select--Schedule 5Dru'

2018-05-14 15:43:40 - [TEST_STEP][PASSED] - selectOptionByIndex: All options with index in [3] are selected on object 'Object Repository/Inpatient Request/Page_KDMC/select_--Select--Alcohol Rub i'

2018-05-14 15:43:40 - [MESSAGE][PASSED] - All options with index in [3] are selected on object 'Object Repository/Inpatient Request/Page_KDMC/select_--Select--Alcohol Rub i'

2018-05-14 15:43:40 - [TEST_STEP][PASSED] - setText: Text '5' is set on object 'Object Repository/Inpatient Request/Page_KDMC/input_txttreat'

2018-05-14 15:43:40 - [MESSAGE][PASSED] - Text '5' is set on object 'Object Repository/Inpatient Request/Page_KDMC/input_txttreat'

2018-05-14 15:43:40 - [TEST_STEP][PASSED] - click: Object: 'Object Repository/Inpatient Request/Page_KDMC/button_Add' is clicked on

2018-05-14 15:43:40 - [MESSAGE][PASSED] - Object: 'Object Repository/Inpatient Request/Page_KDMC/button_Add' is clicked on

2018-05-14 15:43:40 - [TEST_STEP][PASSED] - selectOptionByIndex: All options with index in [1] are selected on object 'Object Repository/Inpatient Request/Page_KDMC/select_--Select--Schedule 5Dru'

2018-05-14 15:43:40 - [MESSAGE][PASSED] - All options with index in [1] are selected on object 'Object Repository/Inpatient Request/Page_KDMC/select_--Select--Schedule 5Dru'

2018-05-14 15:43:40 - [TEST_STEP][PASSED] - selectOptionByIndex: All options with index in [4] are selected on object 'Object Repository/Inpatient Request/Page_KDMC/select_--Select--Alcohol Rub i'

2018-05-14 15:43:40 - [MESSAGE][PASSED] - All options with index in [4] are selected on object 'Object Repository/Inpatient Request/Page_KDMC/select_--Select--Alcohol Rub i'

2018-05-14 15:43:40 - [TEST_STEP][PASSED] - setText: Text '5' is set on object 'Object Repository/Inpatient Request/Page_KDMC/input_txttreat'

2018-05-14 15:43:41 - [MESSAGE][PASSED] - Text '5' is set on object 'Object Repository/Inpatient Request/Page_KDMC/input_txttreat'

2018-05-14 15:43:41 - [TEST_STEP][PASSED] - click: Object: 'Object Repository/Inpatient Request/Page_KDMC/button_Add' is clicked on

2018-05-14 15:43:41 - [MESSAGE][PASSED] - Object: 'Object Repository/Inpatient Request/Page_KDMC/button_Add' is clicked on

2018-05-14 15:43:41 - [TEST_STEP][PASSED] - selectOptionByIndex: All options with index in [1] are selected on object 'Object Repository/Inpatient Request/Page_KDMC/select_--Select--Schedule 5Dru'

2018-05-14 15:43:41 - [MESSAGE][PASSED] - All options with index in [1] are selected on object 'Object Repository/Inpatient Request/Page_KDMC/select_--Select--Schedule 5Dru'

2018-05-14 15:43:41 - [TEST_STEP][PASSED] - selectOptionByIndex: All options with index in [5] are selected on object 'Object Repository/Inpatient Request/Page_KDMC/select_--Select--Alcohol Rub i'

2018-05-14 15:43:41 - [MESSAGE][PASSED] - All options with index in [5] are selected on object 'Object Repository/Inpatient Request/Page_KDMC/select_--Select--Alcohol Rub i'

2018-05-14 15:43:41 - [TEST_STEP][PASSED] - setText: Text '5' is set on object 'Object Repository/Inpatient Request/Page_KDMC/input_txttreat'

2018-05-14 15:43:41 - [MESSAGE][PASSED] - Text '5' is set on object 'Object Repository/Inpatient Request/Page_KDMC/input_txttreat'

2018-05-14 15:43:41 - [TEST_STEP][PASSED] - click: Object: 'Object Repository/Inpatient Request/Page_KDMC/button_Add' is clicked on

2018-05-14 15:43:41 - [MESSAGE][PASSED] - Object: 'Object Repository/Inpatient Request/Page_KDMC/button_Add' is clicked on

2018-05-14 15:43:41 - [TEST_STEP][PASSED] - selectOptionByIndex: All options with index in [1] are selected on object 'Object Repository/Inpatient Request/Page_KDMC/select_--Select--Schedule 5Dru'

2018-05-14 15:43:41 - [MESSAGE][PASSED] - All options with index in [1] are selected on object 'Object Repository/Inpatient Request/Page_KDMC/select_--Select--Schedule 5Dru'

2018-05-14 15:43:41 - [TEST_STEP][PASSED] - selectOptionByIndex: All options with index in [6] are selected on object 'Object Repository/Inpatient Request/Page_KDMC/select_--Select--Alcohol Rub i'

2018-05-14 15:43:41 - [MESSAGE][PASSED] - All options with index in [6] are selected on object 'Object Repository/Inpatient Request/Page_KDMC/select_--Select--Alcohol Rub i'

2018-05-14 15:43:41 - [TEST_STEP][PASSED] - setText: Text '5' is set on object 'Object Repository/Inpatient Request/Page_KDMC/input_txttreat'

2018-05-14 15:43:42 - [MESSAGE][PASSED] - Text '5' is set on object 'Object Repository/Inpatient Request/Page_KDMC/input_txttreat'

2018-05-14 15:43:42 - [TEST_STEP][PASSED] - click: Object: 'Object Repository/Inpatient Request/Page_KDMC/button_Add' is clicked on

2018-05-14 15:43:42 - [MESSAGE][PASSED] - Object: 'Object Repository/Inpatient Request/Page_KDMC/button_Add' is clicked on

2018-05-14 15:43:42 - [TEST_STEP][PASSED] - selectOptionByIndex: All options with index in [1] are selected on object 'Object Repository/Inpatient Request/Page_KDMC/select_--Select--Schedule 5Dru'

2018-05-14 15:43:42 - [MESSAGE][PASSED] - All options with index in [1] are selected on object 'Object Repository/Inpatient Request/Page_KDMC/select_--Select--Schedule 5Dru'

2018-05-14 15:43:42 - [TEST_STEP][PASSED] - selectOptionByIndex: All options with index in [7] are selected on object 'Object Repository/Inpatient Request/Page_KDMC/select_--Select--Alcohol Rub i'

2018-05-14 15:43:42 - [MESSAGE][PASSED] - All options with index in [7] are selected on object 'Object Repository/Inpatient Request/Page_KDMC/select_--Select--Alcohol Rub i'

2018-05-14 15:43:42 - [TEST_STEP][PASSED] - setText: Text '5' is set on object 'Object Repository/Inpatient Request/Page_KDMC/input_txttreat'

2018-05-14 15:43:42 - [MESSAGE][PASSED] - Text '5' is set on object 'Object Repository/Inpatient Request/Page_KDMC/input_txttreat'

2018-05-14 15:43:42 - [TEST_STEP][PASSED] - click: Object: 'Object Repository/Inpatient Request/Page_KDMC/button_Add' is clicked on

2018-05-14 15:43:42 - [MESSAGE][PASSED] - Object: 'Object Repository/Inpatient Request/Page_KDMC/button_Add' is clicked on

2018-05-14 15:43:42 - [TEST_STEP][PASSED] - selectOptionByIndex: All options with index in [1] are selected on object 'Object Repository/Inpatient Request/Page_KDMC/select_--Select--Schedule 5Dru'

2018-05-14 15:43:42 - [MESSAGE][PASSED] - All options with index in [1] are selected on object 'Object Repository/Inpatient Request/Page_KDMC/select_--Select--Schedule 5Dru'

2018-05-14 15:43:42 - [TEST_STEP][PASSED] - selectOptionByIndex: All options with index in [8] are selected on object 'Object Repository/Inpatient Request/Page_KDMC/select_--Select--Alcohol Rub i'

2018-05-14 15:43:43 - [MESSAGE][PASSED] - All options with index in [8] are selected on object 'Object Repository/Inpatient Request/Page_KDMC/select_--Select--Alcohol Rub i'

2018-05-14 15:43:43 - [TEST_STEP][PASSED] - setText: Text '5' is set on object 'Object Repository/Inpatient Request/Page_KDMC/input_txttreat'

2018-05-14 15:43:43 - [MESSAGE][PASSED] - Text '5' is set on object 'Object Repository/Inpatient Request/Page_KDMC/input_txttreat'

2018-05-14 15:43:43 - [TEST_STEP][PASSED] - click: Object: 'Object Repository/Inpatient Request/Page_KDMC/button_Add' is clicked on

2018-05-14 15:43:43 - [MESSAGE][PASSED] - Object: 'Object Repository/Inpatient Request/Page_KDMC/button_Add' is clicked on

2018-05-14 15:43:43 - [TEST_STEP][PASSED] - selectOptionByIndex: All options with index in [1] are selected on object 'Object Repository/Inpatient Request/Page_KDMC/select_--Select--Schedule 5Dru'

2018-05-14 15:43:43 - [MESSAGE][PASSED] - All options with index in [1] are selected on object 'Object Repository/Inpatient Request/Page_KDMC/select_--Select--Schedule 5Dru'

2018-05-14 15:43:43 - [TEST_STEP][PASSED] - selectOptionByIndex: All options with index in [9] are selected on object 'Object Repository/Inpatient Request/Page_KDMC/select_--Select--Alcohol Rub i'

2018-05-14 15:43:43 - [MESSAGE][PASSED] - All options with index in [9] are selected on object 'Object Repository/Inpatient Request/Page_KDMC/select_--Select--Alcohol Rub i'

2018-05-14 15:43:43 - [TEST_STEP][PASSED] - setText: Text '5' is set on object 'Object Repository/Inpatient Request/Page_KDMC/input_txttreat'

2018-05-14 15:43:43 - [MESSAGE][PASSED] - Text '5' is set on object 'Object Repository/Inpatient Request/Page_KDMC/input_txttreat'

2018-05-14 15:43:43 - [TEST_STEP][PASSED] - click: Object: 'Object Repository/Inpatient Request/Page_KDMC/button_Add' is clicked on

2018-05-14 15:43:43 - [MESSAGE][PASSED] - Object: 'Object Repository/Inpatient Request/Page_KDMC/button_Add' is clicked on

2018-05-14 15:43:43 - [TEST_STEP][PASSED] - selectOptionByIndex: All options with index in [1] are selected on object 'Object Repository/Inpatient Request/Page_KDMC/select_--Select--Schedule 5Dru'

2018-05-14 15:43:44 - [MESSAGE][PASSED] - All options with index in [1] are selected on object 'Object Repository/Inpatient Request/Page_KDMC/select_--Select--Schedule 5Dru'

2018-05-14 15:43:44 - [TEST_STEP][PASSED] - selectOptionByIndex: All options with index in [10] are selected on object 'Object Repository/Inpatient Request/Page_KDMC/select_--Select--Alcohol Rub i'

2018-05-14 15:43:44 - [MESSAGE][PASSED] - All options with index in [10] are selected on object 'Object Repository/Inpatient Request/Page_KDMC/select_--Select--Alcohol Rub i'

2018-05-14 15:43:44 - [TEST_STEP][PASSED] - setText: Text '5' is set on object 'Object Repository/Inpatient Request/Page_KDMC/input_txttreat'

2018-05-14 15:43:44 - [MESSAGE][PASSED] - Text '5' is set on object 'Object Repository/Inpatient Request/Page_KDMC/input_txttreat'

2018-05-14 15:43:44 - [TEST_STEP][PASSED] - click: Object: 'Object Repository/Inpatient Request/Page_KDMC/button_Add' is clicked on

2018-05-14 15:43:44 - [MESSAGE][PASSED] - Object: 'Object Repository/Inpatient Request/Page_KDMC/button_Add' is clicked on

2018-05-14 15:43:44 - [TEST_STEP][PASSED] - selectOptionByIndex: All options with index in [1] are selected on object 'Object Repository/Inpatient Request/Page_KDMC/select_--Select--Schedule 5Dru'

2018-05-14 15:43:44 - [MESSAGE][PASSED] - All options with index in [1] are selected on object 'Object Repository/Inpatient Request/Page_KDMC/select_--Select--Schedule 5Dru'

2018-05-14 15:43:44 - [TEST_STEP][PASSED] - selectOptionByIndex: All options with index in [11] are selected on object 'Object Repository/Inpatient Request/Page_KDMC/select_--Select--Alcohol Rub i'

2018-05-14 15:43:44 - [MESSAGE][PASSED] - All options with index in [11] are selected on object 'Object Repository/Inpatient Request/Page_KDMC/select_--Select--Alcohol Rub i'

2018-05-14 15:43:44 - [TEST_STEP][PASSED] - setText: Text '5' is set on object 'Object Repository/Inpatient Request/Page_KDMC/input_txttreat'

2018-05-14 15:43:44 - [MESSAGE][PASSED] - Text '5' is set on object 'Object Repository/Inpatient Request/Page_KDMC/input_txttreat'

2018-05-14 15:43:44 - [TEST_STEP][PASSED] - click: Object: 'Object Repository/Inpatient Request/Page_KDMC/button_Add' is clicked on

2018-05-14 15:43:44 - [MESSAGE][PASSED] - Object: 'Object Repository/Inpatient Request/Page_KDMC/button_Add' is clicked on

2018-05-14 15:43:44 - [TEST_STEP][PASSED] - selectOptionByIndex: All options with index in [1] are selected on object 'Object Repository/Inpatient Request/Page_KDMC/select_--Select--Schedule 5Dru'

2018-05-14 15:43:45 - [MESSAGE][PASSED] - All options with index in [1] are selected on object 'Object Repository/Inpatient Request/Page_KDMC/select_--Select--Schedule 5Dru'

2018-05-14 15:43:45 - [TEST_STEP][PASSED] - selectOptionByIndex: All options with index in [12] are selected on object 'Object Repository/Inpatient Request/Page_KDMC/select_--Select--Alcohol Rub i'

2018-05-14 15:43:45 - [MESSAGE][PASSED] - All options with index in [12] are selected on object 'Object Repository/Inpatient Request/Page_KDMC/select_--Select--Alcohol Rub i'

2018-05-14 15:43:45 - [TEST_STEP][PASSED] - setText: Text '5' is set on object 'Object Repository/Inpatient Request/Page_KDMC/input_txttreat'

2018-05-14 15:43:45 - [MESSAGE][PASSED] - Text '5' is set on object 'Object Repository/Inpatient Request/Page_KDMC/input_txttreat'

2018-05-14 15:43:45 - [TEST_STEP][PASSED] - click: Object: 'Object Repository/Inpatient Request/Page_KDMC/button_Add' is clicked on

2018-05-14 15:43:45 - [MESSAGE][PASSED] - Object: 'Object Repository/Inpatient Request/Page_KDMC/button_Add' is clicked on

2018-05-14 15:43:45 - [TEST_STEP][PASSED] - selectOptionByIndex: All options with index in [1] are selected on object 'Object Repository/Inpatient Request/Page_KDMC/select_--Select--Schedule 5Dru'

2018-05-14 15:43:45 - [MESSAGE][PASSED] - All options with index in [1] are selected on object 'Object Repository/Inpatient Request/Page_KDMC/select_--Select--Schedule 5Dru'

2018-05-14 15:43:45 - [TEST_STEP][PASSED] - selectOptionByIndex: All options with index in [13] are selected on object 'Object Repository/Inpatient Request/Page_KDMC/select_--Select--Alcohol Rub i'

2018-05-14 15:43:45 - [MESSAGE][PASSED] - All options with index in [13] are selected on object 'Object Repository/Inpatient Request/Page_KDMC/select_--Select--Alcohol Rub i'

2018-05-14 15:43:45 - [TEST_STEP][PASSED] - setText: Text '5' is set on object 'Object Repository/Inpatient Request/Page_KDMC/input_txttreat'

2018-05-14 15:43:45 - [MESSAGE][PASSED] - Text '5' is set on object 'Object Repository/Inpatient Request/Page_KDMC/input_txttreat'

2018-05-14 15:43:45 - [TEST_STEP][PASSED] - click: Object: 'Object Repository/Inpatient Request/Page_KDMC/button_Add' is clicked on

2018-05-14 15:43:46 - [MESSAGE][PASSED] - Object: 'Object Repository/Inpatient Request/Page_KDMC/button_Add' is clicked on

2018-05-14 15:43:46 - [TEST_STEP][PASSED] - selectOptionByIndex: All options with index in [1] are selected on object 'Object Repository/Inpatient Request/Page_KDMC/select_--Select--Schedule 5Dru'

2018-05-14 15:43:46 - [MESSAGE][PASSED] - All options with index in [1] are selected on object 'Object Repository/Inpatient Request/Page_KDMC/select_--Select--Schedule 5Dru'

2018-05-14 15:43:46 - [TEST_STEP][PASSED] - selectOptionByIndex: All options with index in [14] are selected on object 'Object Repository/Inpatient Request/Page_KDMC/select_--Select--Alcohol Rub i'

2018-05-14 15:43:46 - [MESSAGE][PASSED] - All options with index in [14] are selected on object 'Object Repository/Inpatient Request/Page_KDMC/select_--Select--Alcohol Rub i'

2018-05-14 15:43:46 - [TEST_STEP][PASSED] - setText: Text '5' is set on object 'Object Repository/Inpatient Request/Page_KDMC/input_txttreat'

2018-05-14 15:43:46 - [MESSAGE][PASSED] - Text '5' is set on object 'Object Repository/Inpatient Request/Page_KDMC/input_txttreat'

2018-05-14 15:43:46 - [TEST_STEP][PASSED] - click: Object: 'Object Repository/Inpatient Request/Page_KDMC/button_Add' is clicked on

2018-05-14 15:43:46 - [MESSAGE][PASSED] - Object: 'Object Repository/Inpatient Request/Page_KDMC/button_Add' is clicked on

2018-05-14 15:43:46 - [TEST_STEP][PASSED] - selectOptionByIndex: All options with index in [1] are selected on object 'Object Repository/Inpatient Request/Page_KDMC/select_--Select--Schedule 5Dru'

2018-05-14 15:43:46 - [MESSAGE][PASSED] - All options with index in [1] are selected on object 'Object Repository/Inpatient Request/Page_KDMC/select_--Select--Schedule 5Dru'

2018-05-14 15:43:46 - [TEST_STEP][PASSED] - selectOptionByIndex: All options with index in [15] are selected on object 'Object Repository/Inpatient Request/Page_KDMC/select_--Select--Alcohol Rub i'

2018-05-14 15:43:47 - [MESSAGE][PASSED] - All options with index in [15] are selected on object 'Object Repository/Inpatient Request/Page_KDMC/select_--Select--Alcohol Rub i'

2018-05-14 15:43:47 - [TEST_STEP][PASSED] - setText: Text '5' is set on object 'Object Repository/Inpatient Request/Page_KDMC/input_txttreat'

2018-05-14 15:43:47 - [MESSAGE][PASSED] - Text '5' is set on object 'Object Repository/Inpatient Request/Page_KDMC/input_txttreat'

2018-05-14 15:43:47 - [TEST_STEP][PASSED] - click: Object: 'Object Repository/Inpatient Request/Page_KDMC/button_Add' is clicked on

2018-05-14 15:43:47 - [MESSAGE][PASSED] - Object: 'Object Repository/Inpatient Request/Page_KDMC/button_Add' is clicked on

2018-05-14 15:43:47 - [TEST_STEP][PASSED] - selectOptionByIndex: All options with index in [1] are selected on object 'Object Repository/Inpatient Request/Page_KDMC/select_--Select--Schedule 5Dru'

2018-05-14 15:43:47 - [MESSAGE][PASSED] - All options with index in [1] are selected on object 'Object Repository/Inpatient Request/Page_KDMC/select_--Select--Schedule 5Dru'

2018-05-14 15:43:47 - [TEST_STEP][PASSED] - selectOptionByIndex: All options with index in [16] are selected on object 'Object Repository/Inpatient Request/Page_KDMC/select_--Select--Alcohol Rub i'

2018-05-14 15:43:47 - [MESSAGE][PASSED] - All options with index in [16] are selected on object 'Object Repository/Inpatient Request/Page_KDMC/select_--Select--Alcohol Rub i'

2018-05-14 15:43:47 - [TEST_STEP][PASSED] - setText: Text '5' is set on object 'Object Repository/Inpatient Request/Page_KDMC/input_txttreat'

2018-05-14 15:43:47 - [MESSAGE][PASSED] - Text '5' is set on object 'Object Repository/Inpatient Request/Page_KDMC/input_txttreat'

2018-05-14 15:43:47 - [TEST_STEP][PASSED] - click: Object: 'Object Repository/Inpatient Request/Page_KDMC/button_Add' is clicked on

2018-05-14 15:43:47 - [MESSAGE][PASSED] - Object: 'Object Repository/Inpatient Request/Page_KDMC/button_Add' is clicked on

2018-05-14 15:43:47 - [TEST_STEP][PASSED] - scrollToElement: Scroll to object 'Object Repository/Inpatient Request/Page_KDMC/input_btnsave' successfully

2018-05-14 15:43:47 - [MESSAGE][PASSED] - Scroll to object 'Object Repository/Inpatient Request/Page_KDMC/input_btnsave' successfully

2018-05-14 15:43:47 - [TEST_STEP][PASSED] - click: Object: 'Object Repository/Inpatient Request/Page_KDMC/input_btnsave' is clicked on

2018-05-14 15:43:47 - [MESSAGE][PASSED] - Object: 'Object Repository/Inpatient Request/Page_KDMC/input_btnsave' is clicked on

2018-05-14 15:43:47 - [TEST_STEP][PASSED] - delay: Delayed 3 second(s)

2018-05-14 15:43:50 - [MESSAGE][PASSED] - Delayed 3 second(s)

2018-05-14 15:43:50 - [TEST_STEP][PASSED] - click: Object: 'Object Repository/Inpatient Request/Page_KDMC/button_OK' is clicked on

2018-05-14 15:43:51 - [MESSAGE][PASSED] - Object: 'Object Repository/Inpatient Request/Page_KDMC/button_OK' is clicked on

2018-05-14 15:43:51 - [TEST_STEP][PASSED] - delay: Delayed 3 second(s)

2018-05-14 15:43:54 - [MESSAGE][PASSED] - Delayed 3 second(s)

2018-05-14 15:43:54 - [TEST_STEP][PASSED] - click: Object: 'Object Repository/Inpatient Request/Page_KDMC/a_dropdown-toggle' is clicked on

2018-05-14 15:43:54 - [MESSAGE][PASSED] - Object: 'Object Repository/Inpatient Request/Page_KDMC/a_dropdown-toggle' is clicked on

2018-05-14 15:43:54 - [TEST_STEP][PASSED] - click: Object: 'Object Repository/Inpatient Request/Page_KDMC/a_Sign out' is clicked on

2018-05-14 15:43:55 - [MESSAGE][PASSED] - Object: 'Object Repository/Inpatient Request/Page_KDMC/a_Sign out' is clicked on

2018-05-14 15:43:55 - [TEST_STEP][PASSED] - delay: Delayed 3 second(s)

2018-05-14 15:43:58 - [MESSAGE][PASSED] - Delayed 3 second(s)

2018-05-14 15:43:58 - [TEST_STEP][PASSED] - click: Object: 'Object Repository/Inpatient Request/Page_KDMC/a_CMO' is clicked on

2018-05-14 15:43:58 - [MESSAGE][PASSED] - Object: 'Object Repository/Inpatient Request/Page_KDMC/a_CMO' is clicked on

2018-05-14 15:43:58 - [TEST_STEP][PASSED] - setText: Text 'guru' is set on object 'Object Repository/Inpatient Request/Page_CMO login/input_txtusername'

2018-05-14 15:43:58 - [MESSAGE][PASSED] - Text 'guru' is set on object 'Object Repository/Inpatient Request/Page_CMO login/input_txtusername'

2018-05-14 15:43:58 - [TEST_STEP][PASSED] - setText: Text '123' is set on object 'Object Repository/Inpatient Request/Page_CMO login/input_txtpassword'

2018-05-14 15:43:58 - [MESSAGE][PASSED] - Text '123' is set on object 'Object Repository/Inpatient Request/Page_CMO login/input_txtpassword'

2018-05-14 15:43:58 - [TEST_STEP][PASSED] - delay: Delayed 3 second(s)

2018-05-14 15:44:01 - [MESSAGE][PASSED] - Delayed 3 second(s)

2018-05-14 15:44:01 - [TEST_STEP][PASSED] - click: Object: 'Object Repository/Inpatient Request/Page_CMO login/button_Sign in' is clicked on

2018-05-14 15:44:02 - [MESSAGE][PASSED] - Object: 'Object Repository/Inpatient Request/Page_CMO login/button_Sign in' is clicked on

2018-05-14 15:44:02 - [TEST_STEP][PASSED] - delay: Delayed 3 second(s)

2018-05-14 15:44:05 - [MESSAGE][PASSED] - Delayed 3 second(s)

2018-05-14 15:44:05 - [TEST_STEP][PASSED] - click: Object: 'Object Repository/Inpatient Request/Page_KDMC - CMO/a_Department Wise Request' is clicked on

2018-05-14 15:44:05 - [MESSAGE][PASSED] - Object: 'Object Repository/Inpatient Request/Page_KDMC - CMO/a_Department Wise Request' is clicked on

2018-05-14 15:44:05 - [TEST_STEP][PASSED] - delay: Delayed 2 second(s)

2018-05-14 15:44:07 - [MESSAGE][PASSED] - Delayed 2 second(s)

2018-05-14 15:44:07 - [TEST_STEP][PASSED] - selectOptionByIndex: All options with index in [1] are selected on object 'Object Repository/Inpatient Request/Page_KDMC - CMO/select_--ALL--'

2018-05-14 15:44:08 - [MESSAGE][PASSED] - All options with index in [1] are selected on object 'Object Repository/Inpatient Request/Page_KDMC - CMO/select_--ALL--'

2018-05-14 15:44:08 - [TEST_STEP][PASSED] - selectOptionByIndex: All options with index in [1] are selected on object 'Object Repository/Inpatient Request/Page_KDMC - CMO/select_--ALL--                _1'

2018-05-14 15:44:08 - [MESSAGE][PASSED] - All options with index in [1] are selected on object 'Object Repository/Inpatient Request/Page_KDMC - CMO/select_--ALL--                _1'

2018-05-14 15:44:08 - [TEST_STEP][PASSED] - click: Object: 'Object Repository/Inpatient Request/Page_KDMC - CMO/input_btnsearch' is clicked on

2018-05-14 15:44:08 - [MESSAGE][PASSED] - Object: 'Object Repository/Inpatient Request/Page_KDMC - CMO/input_btnsearch' is clicked on

2018-05-14 15:44:08 - [TEST_STEP][PASSED] - delay: Delayed 2 second(s)

2018-05-14 15:44:10 - [MESSAGE][PASSED] - Delayed 2 second(s)

2018-05-14 15:44:10 - [TEST_STEP][PASSED] - Statement - ID = com.kms.katalon.core.webui.keyword.WebUiBuiltInKeywords.modifyObjectProperty(com.kms.katalon.core.testobject.ObjectRepository.findTestObject(Inpatient Request/Page_KDMC - CMO/input_1), "xpath", "equals", "//*[@id=" + RequestNo + "]", true): Modify property of object successfully

2018-05-14 15:44:10 - [MESSAGE][PASSED] - Modify property of object successfully

2018-05-14 15:44:10 - [TEST_STEP][PASSED] - click: Object: 'Object Repository/Inpatient Request/Page_KDMC - CMO/input_1' is clicked on

2018-05-14 15:44:10 - [MESSAGE][PASSED] - Object: 'Object Repository/Inpatient Request/Page_KDMC - CMO/input_1' is clicked on

2018-05-14 15:44:10 - [TEST_STEP][PASSED] - delay: Delayed 2 second(s)

2018-05-14 15:44:12 - [MESSAGE][PASSED] - Delayed 2 second(s)

2018-05-14 15:44:12 - [TEST_STEP][PASSED] - selectOptionByIndex: All options with index in [1] are selected on object 'Object Repository/Inpatient Request/Page_KDMC - CMO/select_--Select--'

2018-05-14 15:44:12 - [MESSAGE][PASSED] - All options with index in [1] are selected on object 'Object Repository/Inpatient Request/Page_KDMC - CMO/select_--Select--'

2018-05-14 15:44:12 - [TEST_STEP][PASSED] - delay: Delayed 2 second(s)

2018-05-14 15:44:14 - [MESSAGE][PASSED] - Delayed 2 second(s)

2018-05-14 15:44:14 - [TEST_STEP][PASSED] - click: Object: 'Object Repository/Inpatient Request/Page_KDMC - CMO/input_btnupdate' is clicked on

2018-05-14 15:44:14 - [MESSAGE][PASSED] - Object: 'Object Repository/Inpatient Request/Page_KDMC - CMO/input_btnupdate' is clicked on

2018-05-14 15:44:14 - [TEST_STEP][PASSED] - delay: Delayed 2 second(s)

2018-05-14 15:44:16 - [MESSAGE][PASSED] - Delayed 2 second(s)

2018-05-14 15:44:16 - [TEST_STEP][PASSED] - click: Object: 'Object Repository/Inpatient Request/Page_KDMC - CMO/button_OK' is clicked on

2018-05-14 15:44:17 - [MESSAGE][PASSED] - Object: 'Object Repository/Inpatient Request/Page_KDMC - CMO/button_OK' is clicked on

2018-05-14 15:44:17 - [TEST_STEP][PASSED] - delay: Delayed 3 second(s)

2018-05-14 15:44:20 - [MESSAGE][PASSED] - Delayed 3 second(s)

2018-05-14 15:44:20 - [TEST_STEP][PASSED] - click: Object: 'Object Repository/Inpatient Request/Page_KDMC - CMO/a_dropdown-toggle' is clicked on

2018-05-14 15:44:20 - [MESSAGE][PASSED] - Object: 'Object Repository/Inpatient Request/Page_KDMC - CMO/a_dropdown-toggle' is clicked on

2018-05-14 15:44:20 - [TEST_STEP][PASSED] - click: Object: 'Object Repository/Inpatient Request/Page_KDMC - CMO/a_Sign out' is clicked on

2018-05-14 15:44:20 - [MESSAGE][PASSED] - Object: 'Object Repository/Inpatient Request/Page_KDMC - CMO/a_Sign out' is clicked on

2018-05-14 15:44:20 - [TEST_STEP][PASSED] - delay: Delayed 3 second(s)

2018-05-14 15:44:23 - [MESSAGE][PASSED] - Delayed 3 second(s)

2018-05-14 15:44:23 - [TEST_STEP][PASSED] - click: Object: 'Object Repository/Inpatient Request/Page_KDMC/a_Divisional Store' is clicked on

2018-05-14 15:44:25 - [MESSAGE][PASSED] - Object: 'Object Repository/Inpatient Request/Page_KDMC/a_Divisional Store' is clicked on

2018-05-14 15:44:25 - [TEST_STEP][PASSED] - setText: Text 'ragu' is set on object 'Object Repository/Inpatient Request/Page_Divisonal Store Login/input_txtusername'

2018-05-14 15:44:25 - [MESSAGE][PASSED] - Text 'ragu' is set on object 'Object Repository/Inpatient Request/Page_Divisonal Store Login/input_txtusername'

2018-05-14 15:44:25 - [TEST_STEP][PASSED] - setText: Text '123' is set on object 'Object Repository/Inpatient Request/Page_Divisonal Store Login/input_txtpassword'

2018-05-14 15:44:25 - [MESSAGE][PASSED] - Text '123' is set on object 'Object Repository/Inpatient Request/Page_Divisonal Store Login/input_txtpassword'

2018-05-14 15:44:25 - [TEST_STEP][PASSED] - delay: Delayed 3 second(s)

2018-05-14 15:44:28 - [MESSAGE][PASSED] - Delayed 3 second(s)

2018-05-14 15:44:28 - [TEST_STEP][PASSED] - click: Object: 'Object Repository/Inpatient Request/Page_Divisonal Store Login/button_Sign in' is clicked on

2018-05-14 15:44:29 - [MESSAGE][PASSED] - Object: 'Object Repository/Inpatient Request/Page_Divisonal Store Login/button_Sign in' is clicked on

2018-05-14 15:44:29 - [TEST_STEP][PASSED] - delay: Delayed 3 second(s)

2018-05-14 15:44:32 - [MESSAGE][PASSED] - Delayed 3 second(s)

2018-05-14 15:44:32 - [TEST_STEP][PASSED] - click: Object: 'Object Repository/Inpatient Request/Page_Store/a_Inpatient Request' is clicked on

2018-05-14 15:44:33 - [MESSAGE][PASSED] - Object: 'Object Repository/Inpatient Request/Page_Store/a_Inpatient Request' is clicked on

2018-05-14 15:44:33 - [TEST_STEP][PASSED] - click: Object: 'Object Repository/Inpatient Request/Page_Store/a_Request Item Inpatient' is clicked on

2018-05-14 15:44:33 - [MESSAGE][PASSED] - Object: 'Object Repository/Inpatient Request/Page_Store/a_Request Item Inpatient' is clicked on

2018-05-14 15:44:33 - [TEST_STEP][PASSED] - setText: Text 'RNO/14052018/59' is set on object 'Object Repository/Inpatient Request/Page_Store/input'

2018-05-14 15:44:34 - [MESSAGE][PASSED] - Text 'RNO/14052018/59' is set on object 'Object Repository/Inpatient Request/Page_Store/input'

2018-05-14 15:44:34 - [TEST_STEP][PASSED] - Statement - InpID = com.kms.katalon.core.webui.keyword.WebUiBuiltInKeywords.modifyObjectProperty(com.kms.katalon.core.testobject.ObjectRepository.findTestObject(Inpatient Request/Page_Store/input_1), "xpath", "equals", "//*[@id=" + RequestNo + "]", true): Modify property of object successfully

2018-05-14 15:44:34 - [MESSAGE][PASSED] - Modify property of object successfully

2018-05-14 15:44:34 - [TEST_STEP][PASSED] - click: Object: 'Object Repository/Inpatient Request/Page_Store/input_1' is clicked on

2018-05-14 15:44:34 - [MESSAGE][PASSED] - Object: 'Object Repository/Inpatient Request/Page_Store/input_1' is clicked on

2018-05-14 15:44:34 - [TEST_STEP][PASSED] - Statement - medicine = com.kms.katalon.core.webui.keyword.WebUiBuiltInKeywords.getNumberOfTotalOption(com.kms.katalon.core.testobject.ObjectRepository.findTestObject(Inpatient Request/Page_Store/select_--Select--Alcohol Rub i)): 17 options of object 'Object Repository/Inpatient Request/Page_Store/select_--Select--Alcohol Rub i' counted

2018-05-14 15:44:34 - [MESSAGE][PASSED] - 17 options of object 'Object Repository/Inpatient Request/Page_Store/select_--Select--Alcohol Rub i' counted

2018-05-14 15:44:34 - [TEST_STEP][PASSED] - Statement - For ([j = 1, j <= medicine - 1, (j++)]): null

2018-05-14 15:44:34 - [TEST_STEP][PASSED] - selectOptionByIndex: All options with index in [1] are selected on object 'Object Repository/Inpatient Request/Page_Store/select_--Select--Alcohol Rub i'

2018-05-14 15:44:34 - [MESSAGE][PASSED] - All options with index in [1] are selected on object 'Object Repository/Inpatient Request/Page_Store/select_--Select--Alcohol Rub i'

2018-05-14 15:44:34 - [TEST_STEP][PASSED] - delay: Delayed 2 second(s)

2018-05-14 15:44:36 - [MESSAGE][PASSED] - Delayed 2 second(s)

2018-05-14 15:44:36 - [TEST_STEP][PASSED] - Statement - RequestedQty = com.kms.katalon.core.webui.keyword.WebUiBuiltInKeywords.getAttribute(com.kms.katalon.core.testobject.ObjectRepository.findTestObject(Inpatient Request/Page_Store/input_txttotal), "value"): Attribute 'value' of object 'Object Repository/Inpatient Request/Page_Store/input_txttotal' is: '5'

2018-05-14 15:44:36 - [MESSAGE][PASSED] - Attribute 'value' of object 'Object Repository/Inpatient Request/Page_Store/input_txttotal' is: '5'

2018-05-14 15:44:36 - [TEST_STEP][PASSED] - Statement - out.println("RequestedQty IS : " + RequestedQty): null

2018-05-14 15:44:36 - [TEST_STEP][PASSED] - Statement - BatchNo = com.kms.katalon.core.webui.keyword.WebUiBuiltInKeywords.getNumberOfTotalOption(com.kms.katalon.core.testobject.ObjectRepository.findTestObject(Inpatient Request/Page_Store/select_--Select--BA2910)): 2 options of object 'Object Repository/Inpatient Request/Page_Store/select_--Select--BA2910' counted

2018-05-14 15:44:36 - [MESSAGE][PASSED] - 2 options of object 'Object Repository/Inpatient Request/Page_Store/select_--Select--BA2910' counted

2018-05-14 15:44:36 - [TEST_STEP][PASSED] - Statement - For ([k = 1, k <= BatchNo - 1, (k++)]): null

2018-05-14 15:44:36 - [TEST_STEP][PASSED] - selectOptionByIndex: All options with index in [1] are selected on object 'Object Repository/Inpatient Request/Page_Store/select_--Select--BA2910'

2018-05-14 15:44:37 - [MESSAGE][PASSED] - All options with index in [1] are selected on object 'Object Repository/Inpatient Request/Page_Store/select_--Select--BA2910'

2018-05-14 15:44:37 - [TEST_STEP][PASSED] - delay: Delayed 2 second(s)

2018-05-14 15:44:39 - [MESSAGE][PASSED] - Delayed 2 second(s)

2018-05-14 15:44:39 - [TEST_STEP][PASSED] - Statement - StockQty = com.kms.katalon.core.webui.keyword.WebUiBuiltInKeywords.getAttribute(com.kms.katalon.core.testobject.ObjectRepository.findTestObject(Inpatient Request/Page_Store/input_txtprice), "value"): Attribute 'value' of object 'Object Repository/Inpatient Request/Page_Store/input_txtprice' is: '2155'

2018-05-14 15:44:39 - [MESSAGE][PASSED] - Attribute 'value' of object 'Object Repository/Inpatient Request/Page_Store/input_txtprice' is: '2155'

2018-05-14 15:44:39 - [TEST_STEP][PASSED] - Statement - out.println("StockQty IS : " + StockQty): null

2018-05-14 15:44:39 - [TEST_STEP][PASSED] - Statement - If (java.lang.String.valueOf(StockQty) > java.lang.String.valueOf(RequestedQty)): null

2018-05-14 15:44:39 - [TEST_STEP][PASSED] - Statement - Else: null

2018-05-14 15:44:39 - [TEST_STEP][PASSED] - Statement - out.println("Stock Is Less Than Requested Qty"): null

2018-05-14 15:44:39 - [TEST_STEP][PASSED] - selectOptionByIndex: All options with index in [2] are selected on object 'Object Repository/Inpatient Request/Page_Store/select_--Select--Alcohol Rub i'

2018-05-14 15:44:39 - [MESSAGE][PASSED] - All options with index in [2] are selected on object 'Object Repository/Inpatient Request/Page_Store/select_--Select--Alcohol Rub i'

2018-05-14 15:44:39 - [TEST_STEP][PASSED] - delay: Delayed 2 second(s)

2018-05-14 15:44:41 - [MESSAGE][PASSED] - Delayed 2 second(s)

2018-05-14 15:44:41 - [TEST_STEP][PASSED] - Statement - RequestedQty = com.kms.katalon.core.webui.keyword.WebUiBuiltInKeywords.getAttribute(com.kms.katalon.core.testobject.ObjectRepository.findTestObject(Inpatient Request/Page_Store/input_txttotal), "value"): Attribute 'value' of object 'Object Repository/Inpatient Request/Page_Store/input_txttotal' is: '5'

2018-05-14 15:44:41 - [MESSAGE][PASSED] - Attribute 'value' of object 'Object Repository/Inpatient Request/Page_Store/input_txttotal' is: '5'

2018-05-14 15:44:41 - [TEST_STEP][PASSED] - Statement - out.println("RequestedQty IS : " + RequestedQty): null

2018-05-14 15:44:41 - [TEST_STEP][PASSED] - Statement - BatchNo = com.kms.katalon.core.webui.keyword.WebUiBuiltInKeywords.getNumberOfTotalOption(com.kms.katalon.core.testobject.ObjectRepository.findTestObject(Inpatient Request/Page_Store/select_--Select--BA2910)): 4 options of object 'Object Repository/Inpatient Request/Page_Store/select_--Select--BA2910' counted

2018-05-14 15:44:41 - [MESSAGE][PASSED] - 4 options of object 'Object Repository/Inpatient Request/Page_Store/select_--Select--BA2910' counted

2018-05-14 15:44:41 - [TEST_STEP][PASSED] - Statement - For ([k = 1, k <= BatchNo - 1, (k++)]): null

2018-05-14 15:44:41 - [TEST_STEP][PASSED] - selectOptionByIndex: All options with index in [1] are selected on object 'Object Repository/Inpatient Request/Page_Store/select_--Select--BA2910'

2018-05-14 15:44:41 - [MESSAGE][PASSED] - All options with index in [1] are selected on object 'Object Repository/Inpatient Request/Page_Store/select_--Select--BA2910'

2018-05-14 15:44:41 - [TEST_STEP][PASSED] - delay: Delayed 2 second(s)

2018-05-14 15:44:43 - [MESSAGE][PASSED] - Delayed 2 second(s)

2018-05-14 15:44:43 - [TEST_STEP][PASSED] - Statement - StockQty = com.kms.katalon.core.webui.keyword.WebUiBuiltInKeywords.getAttribute(com.kms.katalon.core.testobject.ObjectRepository.findTestObject(Inpatient Request/Page_Store/input_txtprice), "value"): Attribute 'value' of object 'Object Repository/Inpatient Request/Page_Store/input_txtprice' is: '47'

2018-05-14 15:44:43 - [MESSAGE][PASSED] - Attribute 'value' of object 'Object Repository/Inpatient Request/Page_Store/input_txtprice' is: '47'

2018-05-14 15:44:43 - [TEST_STEP][PASSED] - Statement - out.println("StockQty IS : " + StockQty): null

2018-05-14 15:44:43 - [TEST_STEP][PASSED] - Statement - If (java.lang.String.valueOf(StockQty) > java.lang.String.valueOf(RequestedQty)): null

2018-05-14 15:44:43 - [TEST_STEP][PASSED] - Statement - Else: null

2018-05-14 15:44:43 - [TEST_STEP][PASSED] - Statement - out.println("Stock Is Less Than Requested Qty"): null

2018-05-14 15:44:43 - [TEST_STEP][PASSED] - selectOptionByIndex: All options with index in [2] are selected on object 'Object Repository/Inpatient Request/Page_Store/select_--Select--BA2910'

2018-05-14 15:44:43 - [MESSAGE][PASSED] - All options with index in [2] are selected on object 'Object Repository/Inpatient Request/Page_Store/select_--Select--BA2910'

2018-05-14 15:44:43 - [TEST_STEP][PASSED] - delay: Delayed 2 second(s)

2018-05-14 15:44:45 - [MESSAGE][PASSED] - Delayed 2 second(s)

2018-05-14 15:44:45 - [TEST_STEP][PASSED] - Statement - StockQty = com.kms.katalon.core.webui.keyword.WebUiBuiltInKeywords.getAttribute(com.kms.katalon.core.testobject.ObjectRepository.findTestObject(Inpatient Request/Page_Store/input_txtprice), "value"): Attribute 'value' of object 'Object Repository/Inpatient Request/Page_Store/input_txtprice' is: '1980'

2018-05-14 15:44:45 - [MESSAGE][PASSED] - Attribute 'value' of object 'Object Repository/Inpatient Request/Page_Store/input_txtprice' is: '1980'

2018-05-14 15:44:45 - [TEST_STEP][PASSED] - Statement - out.println("StockQty IS : " + StockQty): null

2018-05-14 15:44:45 - [TEST_STEP][PASSED] - Statement - If (java.lang.String.valueOf(StockQty) > java.lang.String.valueOf(RequestedQty)): null

2018-05-14 15:44:45 - [TEST_STEP][PASSED] - Statement - Else: null

2018-05-14 15:44:45 - [TEST_STEP][PASSED] - Statement - out.println("Stock Is Less Than Requested Qty"): null

2018-05-14 15:44:45 - [TEST_STEP][PASSED] - selectOptionByIndex: All options with index in [3] are selected on object 'Object Repository/Inpatient Request/Page_Store/select_--Select--BA2910'

2018-05-14 15:44:45 - [MESSAGE][PASSED] - All options with index in [3] are selected on object 'Object Repository/Inpatient Request/Page_Store/select_--Select--BA2910'

2018-05-14 15:44:45 - [TEST_STEP][PASSED] - delay: Delayed 2 second(s)

2018-05-14 15:44:47 - [MESSAGE][PASSED] - Delayed 2 second(s)

2018-05-14 15:44:47 - [TEST_STEP][PASSED] - Statement - StockQty = com.kms.katalon.core.webui.keyword.WebUiBuiltInKeywords.getAttribute(com.kms.katalon.core.testobject.ObjectRepository.findTestObject(Inpatient Request/Page_Store/input_txtprice), "value"): Attribute 'value' of object 'Object Repository/Inpatient Request/Page_Store/input_txtprice' is: '100'

2018-05-14 15:44:47 - [MESSAGE][PASSED] - Attribute 'value' of object 'Object Repository/Inpatient Request/Page_Store/input_txtprice' is: '100'

2018-05-14 15:44:47 - [TEST_STEP][PASSED] - Statement - out.println("StockQty IS : " + StockQty): null

2018-05-14 15:44:47 - [TEST_STEP][PASSED] - Statement - If (java.lang.String.valueOf(StockQty) > java.lang.String.valueOf(RequestedQty)): null

2018-05-14 15:44:47 - [TEST_STEP][PASSED] - Statement - Else: null

2018-05-14 15:44:47 - [TEST_STEP][PASSED] - Statement - out.println("Stock Is Less Than Requested Qty"): null

2018-05-14 15:44:47 - [TEST_STEP][PASSED] - selectOptionByIndex: All options with index in [3] are selected on object 'Object Repository/Inpatient Request/Page_Store/select_--Select--Alcohol Rub i'

2018-05-14 15:44:48 - [MESSAGE][PASSED] - All options with index in [3] are selected on object 'Object Repository/Inpatient Request/Page_Store/select_--Select--Alcohol Rub i'

2018-05-14 15:44:48 - [TEST_STEP][PASSED] - delay: Delayed 2 second(s)

2018-05-14 15:44:50 - [MESSAGE][PASSED] - Delayed 2 second(s)

2018-05-14 15:44:50 - [TEST_STEP][PASSED] - Statement - RequestedQty = com.kms.katalon.core.webui.keyword.WebUiBuiltInKeywords.getAttribute(com.kms.katalon.core.testobject.ObjectRepository.findTestObject(Inpatient Request/Page_Store/input_txttotal), "value"): Attribute 'value' of object 'Object Repository/Inpatient Request/Page_Store/input_txttotal' is: '5'

2018-05-14 15:44:50 - [MESSAGE][PASSED] - Attribute 'value' of object 'Object Repository/Inpatient Request/Page_Store/input_txttotal' is: '5'

2018-05-14 15:44:50 - [TEST_STEP][PASSED] - Statement - out.println("RequestedQty IS : " + RequestedQty): null

2018-05-14 15:44:50 - [TEST_STEP][PASSED] - Statement - BatchNo = com.kms.katalon.core.webui.keyword.WebUiBuiltInKeywords.getNumberOfTotalOption(com.kms.katalon.core.testobject.ObjectRepository.findTestObject(Inpatient Request/Page_Store/select_--Select--BA2910)): 2 options of object 'Object Repository/Inpatient Request/Page_Store/select_--Select--BA2910' counted

2018-05-14 15:44:50 - [MESSAGE][PASSED] - 2 options of object 'Object Repository/Inpatient Request/Page_Store/select_--Select--BA2910' counted

2018-05-14 15:44:50 - [TEST_STEP][PASSED] - Statement - For ([k = 1, k <= BatchNo - 1, (k++)]): null

2018-05-14 15:44:50 - [TEST_STEP][PASSED] - selectOptionByIndex: All options with index in [1] are selected on object 'Object Repository/Inpatient Request/Page_Store/select_--Select--BA2910'

2018-05-14 15:44:50 - [MESSAGE][PASSED] - All options with index in [1] are selected on object 'Object Repository/Inpatient Request/Page_Store/select_--Select--BA2910'

2018-05-14 15:44:50 - [TEST_STEP][PASSED] - delay: Delayed 2 second(s)

2018-05-14 15:44:52 - [MESSAGE][PASSED] - Delayed 2 second(s)

2018-05-14 15:44:52 - [TEST_STEP][PASSED] - Statement - StockQty = com.kms.katalon.core.webui.keyword.WebUiBuiltInKeywords.getAttribute(com.kms.katalon.core.testobject.ObjectRepository.findTestObject(Inpatient Request/Page_Store/input_txtprice), "value"): Attribute 'value' of object 'Object Repository/Inpatient Request/Page_Store/input_txtprice' is: ''

2018-05-14 15:44:52 - [MESSAGE][PASSED] - Attribute 'value' of object 'Object Repository/Inpatient Request/Page_Store/input_txtprice' is: ''

2018-05-14 15:44:52 - [TEST_STEP][PASSED] - Statement - out.println("StockQty IS : " + StockQty): null

2018-05-14 15:44:52 - [TEST_STEP][PASSED] - Statement - If (java.lang.String.valueOf(StockQty) > java.lang.String.valueOf(RequestedQty)): null

2018-05-14 15:44:52 - [TEST_STEP][PASSED] - Statement - Else: null

2018-05-14 15:44:52 - [TEST_STEP][PASSED] - Statement - out.println("Stock Is Less Than Requested Qty"): null

2018-05-14 15:44:52 - [TEST_STEP][PASSED] - selectOptionByIndex: All options with index in [4] are selected on object 'Object Repository/Inpatient Request/Page_Store/select_--Select--Alcohol Rub i'

2018-05-14 15:44:52 - [MESSAGE][PASSED] - All options with index in [4] are selected on object 'Object Repository/Inpatient Request/Page_Store/select_--Select--Alcohol Rub i'

2018-05-14 15:44:52 - [TEST_STEP][PASSED] - delay: Delayed 2 second(s)

2018-05-14 15:44:54 - [MESSAGE][PASSED] - Delayed 2 second(s)

2018-05-14 15:44:54 - [TEST_STEP][PASSED] - Statement - RequestedQty = com.kms.katalon.core.webui.keyword.WebUiBuiltInKeywords.getAttribute(com.kms.katalon.core.testobject.ObjectRepository.findTestObject(Inpatient Request/Page_Store/input_txttotal), "value"): Attribute 'value' of object 'Object Repository/Inpatient Request/Page_Store/input_txttotal' is: '5'

2018-05-14 15:44:54 - [MESSAGE][PASSED] - Attribute 'value' of object 'Object Repository/Inpatient Request/Page_Store/input_txttotal' is: '5'

2018-05-14 15:44:54 - [TEST_STEP][PASSED] - Statement - out.println("RequestedQty IS : " + RequestedQty): null

2018-05-14 15:44:54 - [TEST_STEP][PASSED] - Statement - BatchNo = com.kms.katalon.core.webui.keyword.WebUiBuiltInKeywords.getNumberOfTotalOption(com.kms.katalon.core.testobject.ObjectRepository.findTestObject(Inpatient Request/Page_Store/select_--Select--BA2910)): 2 options of object 'Object Repository/Inpatient Request/Page_Store/select_--Select--BA2910' counted

2018-05-14 15:44:54 - [MESSAGE][PASSED] - 2 options of object 'Object Repository/Inpatient Request/Page_Store/select_--Select--BA2910' counted

2018-05-14 15:44:54 - [TEST_STEP][PASSED] - Statement - For ([k = 1, k <= BatchNo - 1, (k++)]): null

2018-05-14 15:44:54 - [TEST_STEP][PASSED] - selectOptionByIndex: All options with index in [1] are selected on object 'Object Repository/Inpatient Request/Page_Store/select_--Select--BA2910'

2018-05-14 15:44:54 - [MESSAGE][PASSED] - All options with index in [1] are selected on object 'Object Repository/Inpatient Request/Page_Store/select_--Select--BA2910'

2018-05-14 15:44:54 - [TEST_STEP][PASSED] - delay: Delayed 2 second(s)

2018-05-14 15:44:56 - [MESSAGE][PASSED] - Delayed 2 second(s)

2018-05-14 15:44:56 - [TEST_STEP][PASSED] - Statement - StockQty = com.kms.katalon.core.webui.keyword.WebUiBuiltInKeywords.getAttribute(com.kms.katalon.core.testobject.ObjectRepository.findTestObject(Inpatient Request/Page_Store/input_txtprice), "value"): Attribute 'value' of object 'Object Repository/Inpatient Request/Page_Store/input_txtprice' is: '10000'

2018-05-14 15:44:56 - [MESSAGE][PASSED] - Attribute 'value' of object 'Object Repository/Inpatient Request/Page_Store/input_txtprice' is: '10000'

2018-05-14 15:44:56 - [TEST_STEP][PASSED] - Statement - out.println("StockQty IS : " + StockQty): null

2018-05-14 15:44:56 - [TEST_STEP][PASSED] - Statement - If (java.lang.String.valueOf(StockQty) > java.lang.String.valueOf(RequestedQty)): null

2018-05-14 15:44:56 - [TEST_STEP][PASSED] - Statement - Else: null

2018-05-14 15:44:56 - [TEST_STEP][PASSED] - Statement - out.println("Stock Is Less Than Requested Qty"): null

2018-05-14 15:44:56 - [TEST_STEP][PASSED] - selectOptionByIndex: All options with index in [5] are selected on object 'Object Repository/Inpatient Request/Page_Store/select_--Select--Alcohol Rub i'

2018-05-14 15:44:57 - [MESSAGE][PASSED] - All options with index in [5] are selected on object 'Object Repository/Inpatient Request/Page_Store/select_--Select--Alcohol Rub i'

2018-05-14 15:44:57 - [TEST_STEP][PASSED] - delay: Delayed 2 second(s)

2018-05-14 15:44:59 - [MESSAGE][PASSED] - Delayed 2 second(s)

2018-05-14 15:44:59 - [TEST_STEP][PASSED] - Statement - RequestedQty = com.kms.katalon.core.webui.keyword.WebUiBuiltInKeywords.getAttribute(com.kms.katalon.core.testobject.ObjectRepository.findTestObject(Inpatient Request/Page_Store/input_txttotal), "value"): Attribute 'value' of object 'Object Repository/Inpatient Request/Page_Store/input_txttotal' is: '5'

2018-05-14 15:44:59 - [MESSAGE][PASSED] - Attribute 'value' of object 'Object Repository/Inpatient Request/Page_Store/input_txttotal' is: '5'

2018-05-14 15:44:59 - [TEST_STEP][PASSED] - Statement - out.println("RequestedQty IS : " + RequestedQty): null

2018-05-14 15:44:59 - [TEST_STEP][PASSED] - Statement - BatchNo = com.kms.katalon.core.webui.keyword.WebUiBuiltInKeywords.getNumberOfTotalOption(com.kms.katalon.core.testobject.ObjectRepository.findTestObject(Inpatient Request/Page_Store/select_--Select--BA2910)): 2 options of object 'Object Repository/Inpatient Request/Page_Store/select_--Select--BA2910' counted

2018-05-14 15:44:59 - [MESSAGE][PASSED] - 2 options of object 'Object Repository/Inpatient Request/Page_Store/select_--Select--BA2910' counted

2018-05-14 15:44:59 - [TEST_STEP][PASSED] - Statement - For ([k = 1, k <= BatchNo - 1, (k++)]): null

2018-05-14 15:44:59 - [TEST_STEP][PASSED] - selectOptionByIndex: All options with index in [1] are selected on object 'Object Repository/Inpatient Request/Page_Store/select_--Select--BA2910'

2018-05-14 15:44:59 - [MESSAGE][PASSED] - All options with index in [1] are selected on object 'Object Repository/Inpatient Request/Page_Store/select_--Select--BA2910'

2018-05-14 15:44:59 - [TEST_STEP][PASSED] - delay: Delayed 2 second(s)

2018-05-14 15:45:01 - [MESSAGE][PASSED] - Delayed 2 second(s)

2018-05-14 15:45:01 - [TEST_STEP][PASSED] - Statement - StockQty = com.kms.katalon.core.webui.keyword.WebUiBuiltInKeywords.getAttribute(com.kms.katalon.core.testobject.ObjectRepository.findTestObject(Inpatient Request/Page_Store/input_txtprice), "value"): Attribute 'value' of object 'Object Repository/Inpatient Request/Page_Store/input_txtprice' is: '10000'

2018-05-14 15:45:01 - [MESSAGE][PASSED] - Attribute 'value' of object 'Object Repository/Inpatient Request/Page_Store/input_txtprice' is: '10000'

2018-05-14 15:45:01 - [TEST_STEP][PASSED] - Statement - out.println("StockQty IS : " + StockQty): null

2018-05-14 15:45:01 - [TEST_STEP][PASSED] - Statement - If (java.lang.String.valueOf(StockQty) > java.lang.String.valueOf(RequestedQty)): null

2018-05-14 15:45:01 - [TEST_STEP][PASSED] - Statement - Else: null

2018-05-14 15:45:01 - [TEST_STEP][PASSED] - Statement - out.println("Stock Is Less Than Requested Qty"): null

2018-05-14 15:45:01 - [TEST_STEP][PASSED] - selectOptionByIndex: All options with index in [6] are selected on object 'Object Repository/Inpatient Request/Page_Store/select_--Select--Alcohol Rub i'

2018-05-14 15:45:01 - [MESSAGE][PASSED] - All options with index in [6] are selected on object 'Object Repository/Inpatient Request/Page_Store/select_--Select--Alcohol Rub i'

2018-05-14 15:45:01 - [TEST_STEP][PASSED] - delay: Delayed 2 second(s)

2018-05-14 15:45:03 - [MESSAGE][PASSED] - Delayed 2 second(s)

2018-05-14 15:45:03 - [TEST_STEP][PASSED] - Statement - RequestedQty = com.kms.katalon.core.webui.keyword.WebUiBuiltInKeywords.getAttribute(com.kms.katalon.core.testobject.ObjectRepository.findTestObject(Inpatient Request/Page_Store/input_txttotal), "value"): Attribute 'value' of object 'Object Repository/Inpatient Request/Page_Store/input_txttotal' is: '5'

2018-05-14 15:45:03 - [MESSAGE][PASSED] - Attribute 'value' of object 'Object Repository/Inpatient Request/Page_Store/input_txttotal' is: '5'

2018-05-14 15:45:03 - [TEST_STEP][PASSED] - Statement - out.println("RequestedQty IS : " + RequestedQty): null

2018-05-14 15:45:03 - [TEST_STEP][PASSED] - Statement - BatchNo = com.kms.katalon.core.webui.keyword.WebUiBuiltInKeywords.getNumberOfTotalOption(com.kms.katalon.core.testobject.ObjectRepository.findTestObject(Inpatient Request/Page_Store/select_--Select--BA2910)): 2 options of object 'Object Repository/Inpatient Request/Page_Store/select_--Select--BA2910' counted

2018-05-14 15:45:03 - [MESSAGE][PASSED] - 2 options of object 'Object Repository/Inpatient Request/Page_Store/select_--Select--BA2910' counted

2018-05-14 15:45:03 - [TEST_STEP][PASSED] - Statement - For ([k = 1, k <= BatchNo - 1, (k++)]): null

2018-05-14 15:45:03 - [TEST_STEP][PASSED] - selectOptionByIndex: All options with index in [1] are selected on object 'Object Repository/Inpatient Request/Page_Store/select_--Select--BA2910'

2018-05-14 15:45:03 - [MESSAGE][PASSED] - All options with index in [1] are selected on object 'Object Repository/Inpatient Request/Page_Store/select_--Select--BA2910'

2018-05-14 15:45:03 - [TEST_STEP][PASSED] - delay: Delayed 2 second(s)

2018-05-14 15:45:05 - [MESSAGE][PASSED] - Delayed 2 second(s)

2018-05-14 15:45:05 - [TEST_STEP][PASSED] - Statement - StockQty = com.kms.katalon.core.webui.keyword.WebUiBuiltInKeywords.getAttribute(com.kms.katalon.core.testobject.ObjectRepository.findTestObject(Inpatient Request/Page_Store/input_txtprice), "value"): Attribute 'value' of object 'Object Repository/Inpatient Request/Page_Store/input_txtprice' is: '9875'

2018-05-14 15:45:05 - [MESSAGE][PASSED] - Attribute 'value' of object 'Object Repository/Inpatient Request/Page_Store/input_txtprice' is: '9875'

2018-05-14 15:45:05 - [TEST_STEP][PASSED] - Statement - out.println("StockQty IS : " + StockQty): null

2018-05-14 15:45:05 - [TEST_STEP][PASSED] - Statement - If (java.lang.String.valueOf(StockQty) > java.lang.String.valueOf(RequestedQty)): null

2018-05-14 15:45:05 - [TEST_STEP][PASSED] - delay: Delayed 1 second(s)

2018-05-14 15:45:06 - [MESSAGE][PASSED] - Delayed 1 second(s)

2018-05-14 15:45:06 - [TEST_STEP][PASSED] - setText: Text '5' is set on object 'Object Repository/Inpatient Request/Page_Store/input_txtqty'

2018-05-14 15:45:06 - [MESSAGE][PASSED] - Text '5' is set on object 'Object Repository/Inpatient Request/Page_Store/input_txtqty'

2018-05-14 15:45:06 - [TEST_STEP][PASSED] - click: Object: 'Object Repository/Inpatient Request/Page_Store/button_Add' is clicked on

2018-05-14 15:45:07 - [MESSAGE][PASSED] - Object: 'Object Repository/Inpatient Request/Page_Store/button_Add' is clicked on

2018-05-14 15:45:07 - [TEST_STEP][PASSED] - Statement - Break: null

2018-05-14 15:45:07 - [TEST_STEP][PASSED] - selectOptionByIndex: All options with index in [7] are selected on object 'Object Repository/Inpatient Request/Page_Store/select_--Select--Alcohol Rub i'

2018-05-14 15:45:07 - [MESSAGE][PASSED] - All options with index in [7] are selected on object 'Object Repository/Inpatient Request/Page_Store/select_--Select--Alcohol Rub i'

2018-05-14 15:45:07 - [TEST_STEP][PASSED] - delay: Delayed 2 second(s)

2018-05-14 15:45:09 - [MESSAGE][PASSED] - Delayed 2 second(s)

2018-05-14 15:45:09 - [TEST_STEP][PASSED] - Statement - RequestedQty = com.kms.katalon.core.webui.keyword.WebUiBuiltInKeywords.getAttribute(com.kms.katalon.core.testobject.ObjectRepository.findTestObject(Inpatient Request/Page_Store/input_txttotal), "value"): Attribute 'value' of object 'Object Repository/Inpatient Request/Page_Store/input_txttotal' is: '5'

2018-05-14 15:45:09 - [MESSAGE][PASSED] - Attribute 'value' of object 'Object Repository/Inpatient Request/Page_Store/input_txttotal' is: '5'

2018-05-14 15:45:09 - [TEST_STEP][PASSED] - Statement - out.println("RequestedQty IS : " + RequestedQty): null

2018-05-14 15:45:09 - [TEST_STEP][PASSED] - Statement - BatchNo = com.kms.katalon.core.webui.keyword.WebUiBuiltInKeywords.getNumberOfTotalOption(com.kms.katalon.core.testobject.ObjectRepository.findTestObject(Inpatient Request/Page_Store/select_--Select--BA2910)): 2 options of object 'Object Repository/Inpatient Request/Page_Store/select_--Select--BA2910' counted

2018-05-14 15:45:09 - [MESSAGE][PASSED] - 2 options of object 'Object Repository/Inpatient Request/Page_Store/select_--Select--BA2910' counted

2018-05-14 15:45:09 - [TEST_STEP][PASSED] - Statement - For ([k = 1, k <= BatchNo - 1, (k++)]): null

2018-05-14 15:45:09 - [TEST_STEP][PASSED] - selectOptionByIndex: All options with index in [1] are selected on object 'Object Repository/Inpatient Request/Page_Store/select_--Select--BA2910'

2018-05-14 15:45:09 - [MESSAGE][PASSED] - All options with index in [1] are selected on object 'Object Repository/Inpatient Request/Page_Store/select_--Select--BA2910'

2018-05-14 15:45:09 - [TEST_STEP][PASSED] - delay: Delayed 2 second(s)

2018-05-14 15:45:11 - [MESSAGE][PASSED] - Delayed 2 second(s)

2018-05-14 15:45:11 - [TEST_STEP][PASSED] - Statement - StockQty = com.kms.katalon.core.webui.keyword.WebUiBuiltInKeywords.getAttribute(com.kms.katalon.core.testobject.ObjectRepository.findTestObject(Inpatient Request/Page_Store/input_txtprice), "value"): Attribute 'value' of object 'Object Repository/Inpatient Request/Page_Store/input_txtprice' is: '9675'

2018-05-14 15:45:11 - [MESSAGE][PASSED] - Attribute 'value' of object 'Object Repository/Inpatient Request/Page_Store/input_txtprice' is: '9675'

2018-05-14 15:45:11 - [TEST_STEP][PASSED] - Statement - out.println("StockQty IS : " + StockQty): null

2018-05-14 15:45:11 - [TEST_STEP][PASSED] - Statement - If (java.lang.String.valueOf(StockQty) > java.lang.String.valueOf(RequestedQty)): null

2018-05-14 15:45:11 - [TEST_STEP][PASSED] - delay: Delayed 1 second(s)

2018-05-14 15:45:12 - [MESSAGE][PASSED] - Delayed 1 second(s)

2018-05-14 15:45:12 - [TEST_STEP][PASSED] - setText: Text '5' is set on object 'Object Repository/Inpatient Request/Page_Store/input_txtqty'

2018-05-14 15:45:12 - [MESSAGE][PASSED] - Text '5' is set on object 'Object Repository/Inpatient Request/Page_Store/input_txtqty'

2018-05-14 15:45:12 - [TEST_STEP][PASSED] - click: Object: 'Object Repository/Inpatient Request/Page_Store/button_Add' is clicked on

2018-05-14 15:45:12 - [MESSAGE][PASSED] - Object: 'Object Repository/Inpatient Request/Page_Store/button_Add' is clicked on

2018-05-14 15:45:12 - [TEST_STEP][PASSED] - Statement - Break: null

2018-05-14 15:45:12 - [TEST_STEP][PASSED] - selectOptionByIndex: All options with index in [8] are selected on object 'Object Repository/Inpatient Request/Page_Store/select_--Select--Alcohol Rub i'

2018-05-14 15:45:12 - [MESSAGE][PASSED] - All options with index in [8] are selected on object 'Object Repository/Inpatient Request/Page_Store/select_--Select--Alcohol Rub i'

2018-05-14 15:45:12 - [TEST_STEP][PASSED] - delay: Delayed 2 second(s)

2018-05-14 15:45:14 - [MESSAGE][PASSED] - Delayed 2 second(s)

2018-05-14 15:45:14 - [TEST_STEP][PASSED] - Statement - RequestedQty = com.kms.katalon.core.webui.keyword.WebUiBuiltInKeywords.getAttribute(com.kms.katalon.core.testobject.ObjectRepository.findTestObject(Inpatient Request/Page_Store/input_txttotal), "value"): Attribute 'value' of object 'Object Repository/Inpatient Request/Page_Store/input_txttotal' is: '5'

2018-05-14 15:45:15 - [MESSAGE][PASSED] - Attribute 'value' of object 'Object Repository/Inpatient Request/Page_Store/input_txttotal' is: '5'

2018-05-14 15:45:15 - [TEST_STEP][PASSED] - Statement - out.println("RequestedQty IS : " + RequestedQty): null

2018-05-14 15:45:15 - [TEST_STEP][PASSED] - Statement - BatchNo = com.kms.katalon.core.webui.keyword.WebUiBuiltInKeywords.getNumberOfTotalOption(com.kms.katalon.core.testobject.ObjectRepository.findTestObject(Inpatient Request/Page_Store/select_--Select--BA2910)): 2 options of object 'Object Repository/Inpatient Request/Page_Store/select_--Select--BA2910' counted

2018-05-14 15:45:15 - [MESSAGE][PASSED] - 2 options of object 'Object Repository/Inpatient Request/Page_Store/select_--Select--BA2910' counted

2018-05-14 15:45:15 - [TEST_STEP][PASSED] - Statement - For ([k = 1, k <= BatchNo - 1, (k++)]): null

2018-05-14 15:45:15 - [TEST_STEP][PASSED] - selectOptionByIndex: All options with index in [1] are selected on object 'Object Repository/Inpatient Request/Page_Store/select_--Select--BA2910'

2018-05-14 15:45:15 - [MESSAGE][PASSED] - All options with index in [1] are selected on object 'Object Repository/Inpatient Request/Page_Store/select_--Select--BA2910'

2018-05-14 15:45:15 - [TEST_STEP][PASSED] - delay: Delayed 2 second(s)

2018-05-14 15:45:17 - [MESSAGE][PASSED] - Delayed 2 second(s)

2018-05-14 15:45:17 - [TEST_STEP][PASSED] - Statement - StockQty = com.kms.katalon.core.webui.keyword.WebUiBuiltInKeywords.getAttribute(com.kms.katalon.core.testobject.ObjectRepository.findTestObject(Inpatient Request/Page_Store/input_txtprice), "value"): Attribute 'value' of object 'Object Repository/Inpatient Request/Page_Store/input_txtprice' is: '9795'

2018-05-14 15:45:17 - [MESSAGE][PASSED] - Attribute 'value' of object 'Object Repository/Inpatient Request/Page_Store/input_txtprice' is: '9795'

2018-05-14 15:45:17 - [TEST_STEP][PASSED] - Statement - out.println("StockQty IS : " + StockQty): null

2018-05-14 15:45:17 - [TEST_STEP][PASSED] - Statement - If (java.lang.String.valueOf(StockQty) > java.lang.String.valueOf(RequestedQty)): null

2018-05-14 15:45:17 - [TEST_STEP][PASSED] - delay: Delayed 1 second(s)

2018-05-14 15:45:18 - [MESSAGE][PASSED] - Delayed 1 second(s)

2018-05-14 15:45:18 - [TEST_STEP][PASSED] - setText: Text '5' is set on object 'Object Repository/Inpatient Request/Page_Store/input_txtqty'

2018-05-14 15:45:18 - [MESSAGE][PASSED] - Text '5' is set on object 'Object Repository/Inpatient Request/Page_Store/input_txtqty'

2018-05-14 15:45:18 - [TEST_STEP][PASSED] - click: Object: 'Object Repository/Inpatient Request/Page_Store/button_Add' is clicked on

2018-05-14 15:45:18 - [MESSAGE][PASSED] - Object: 'Object Repository/Inpatient Request/Page_Store/button_Add' is clicked on

2018-05-14 15:45:18 - [TEST_STEP][PASSED] - Statement - Break: null

2018-05-14 15:45:18 - [TEST_STEP][PASSED] - selectOptionByIndex: All options with index in [9] are selected on object 'Object Repository/Inpatient Request/Page_Store/select_--Select--Alcohol Rub i'

2018-05-14 15:45:18 - [MESSAGE][PASSED] - All options with index in [9] are selected on object 'Object Repository/Inpatient Request/Page_Store/select_--Select--Alcohol Rub i'

2018-05-14 15:45:18 - [TEST_STEP][PASSED] - delay: Delayed 2 second(s)

2018-05-14 15:45:20 - [MESSAGE][PASSED] - Delayed 2 second(s)

2018-05-14 15:45:20 - [TEST_STEP][PASSED] - Statement - RequestedQty = com.kms.katalon.core.webui.keyword.WebUiBuiltInKeywords.getAttribute(com.kms.katalon.core.testobject.ObjectRepository.findTestObject(Inpatient Request/Page_Store/input_txttotal), "value"): Attribute 'value' of object 'Object Repository/Inpatient Request/Page_Store/input_txttotal' is: '5'

2018-05-14 15:45:20 - [MESSAGE][PASSED] - Attribute 'value' of object 'Object Repository/Inpatient Request/Page_Store/input_txttotal' is: '5'

2018-05-14 15:45:20 - [TEST_STEP][PASSED] - Statement - out.println("RequestedQty IS : " + RequestedQty): null

2018-05-14 15:45:20 - [TEST_STEP][PASSED] - Statement - BatchNo = com.kms.katalon.core.webui.keyword.WebUiBuiltInKeywords.getNumberOfTotalOption(com.kms.katalon.core.testobject.ObjectRepository.findTestObject(Inpatient Request/Page_Store/select_--Select--BA2910)): 2 options of object 'Object Repository/Inpatient Request/Page_Store/select_--Select--BA2910' counted

2018-05-14 15:45:20 - [MESSAGE][PASSED] - 2 options of object 'Object Repository/Inpatient Request/Page_Store/select_--Select--BA2910' counted

2018-05-14 15:45:20 - [TEST_STEP][PASSED] - Statement - For ([k = 1, k <= BatchNo - 1, (k++)]): null

2018-05-14 15:45:20 - [TEST_STEP][PASSED] - selectOptionByIndex: All options with index in [1] are selected on object 'Object Repository/Inpatient Request/Page_Store/select_--Select--BA2910'

2018-05-14 15:45:20 - [MESSAGE][PASSED] - All options with index in [1] are selected on object 'Object Repository/Inpatient Request/Page_Store/select_--Select--BA2910'

2018-05-14 15:45:20 - [TEST_STEP][PASSED] - delay: Delayed 2 second(s)

2018-05-14 15:45:22 - [MESSAGE][PASSED] - Delayed 2 second(s)

2018-05-14 15:45:22 - [TEST_STEP][PASSED] - Statement - StockQty = com.kms.katalon.core.webui.keyword.WebUiBuiltInKeywords.getAttribute(com.kms.katalon.core.testobject.ObjectRepository.findTestObject(Inpatient Request/Page_Store/input_txtprice), "value"): Attribute 'value' of object 'Object Repository/Inpatient Request/Page_Store/input_txtprice' is: '9729'

2018-05-14 15:45:22 - [MESSAGE][PASSED] - Attribute 'value' of object 'Object Repository/Inpatient Request/Page_Store/input_txtprice' is: '9729'

2018-05-14 15:45:22 - [TEST_STEP][PASSED] - Statement - out.println("StockQty IS : " + StockQty): null

2018-05-14 15:45:22 - [TEST_STEP][PASSED] - Statement - If (java.lang.String.valueOf(StockQty) > java.lang.String.valueOf(RequestedQty)): null

2018-05-14 15:45:22 - [TEST_STEP][PASSED] - delay: Delayed 1 second(s)

2018-05-14 15:45:23 - [MESSAGE][PASSED] - Delayed 1 second(s)

2018-05-14 15:45:23 - [TEST_STEP][PASSED] - setText: Text '5' is set on object 'Object Repository/Inpatient Request/Page_Store/input_txtqty'

2018-05-14 15:45:23 - [MESSAGE][PASSED] - Text '5' is set on object 'Object Repository/Inpatient Request/Page_Store/input_txtqty'

2018-05-14 15:45:23 - [TEST_STEP][PASSED] - click: Object: 'Object Repository/Inpatient Request/Page_Store/button_Add' is clicked on

2018-05-14 15:45:24 - [MESSAGE][PASSED] - Object: 'Object Repository/Inpatient Request/Page_Store/button_Add' is clicked on

2018-05-14 15:45:24 - [TEST_STEP][PASSED] - Statement - Break: null

2018-05-14 15:45:24 - [TEST_STEP][PASSED] - selectOptionByIndex: All options with index in [10] are selected on object 'Object Repository/Inpatient Request/Page_Store/select_--Select--Alcohol Rub i'

2018-05-14 15:45:24 - [MESSAGE][PASSED] - All options with index in [10] are selected on object 'Object Repository/Inpatient Request/Page_Store/select_--Select--Alcohol Rub i'

2018-05-14 15:45:24 - [TEST_STEP][PASSED] - delay: Delayed 2 second(s)

2018-05-14 15:45:26 - [MESSAGE][PASSED] - Delayed 2 second(s)

2018-05-14 15:45:26 - [TEST_STEP][PASSED] - Statement - RequestedQty = com.kms.katalon.core.webui.keyword.WebUiBuiltInKeywords.getAttribute(com.kms.katalon.core.testobject.ObjectRepository.findTestObject(Inpatient Request/Page_Store/input_txttotal), "value"): Attribute 'value' of object 'Object Repository/Inpatient Request/Page_Store/input_txttotal' is: '5'

2018-05-14 15:45:26 - [MESSAGE][PASSED] - Attribute 'value' of object 'Object Repository/Inpatient Request/Page_Store/input_txttotal' is: '5'

2018-05-14 15:45:26 - [TEST_STEP][PASSED] - Statement - out.println("RequestedQty IS : " + RequestedQty): null

2018-05-14 15:45:26 - [TEST_STEP][PASSED] - Statement - BatchNo = com.kms.katalon.core.webui.keyword.WebUiBuiltInKeywords.getNumberOfTotalOption(com.kms.katalon.core.testobject.ObjectRepository.findTestObject(Inpatient Request/Page_Store/select_--Select--BA2910)): 2 options of object 'Object Repository/Inpatient Request/Page_Store/select_--Select--BA2910' counted

2018-05-14 15:45:26 - [MESSAGE][PASSED] - 2 options of object 'Object Repository/Inpatient Request/Page_Store/select_--Select--BA2910' counted

2018-05-14 15:45:26 - [TEST_STEP][PASSED] - Statement - For ([k = 1, k <= BatchNo - 1, (k++)]): null

2018-05-14 15:45:26 - [TEST_STEP][PASSED] - selectOptionByIndex: All options with index in [1] are selected on object 'Object Repository/Inpatient Request/Page_Store/select_--Select--BA2910'

2018-05-14 15:45:26 - [MESSAGE][PASSED] - All options with index in [1] are selected on object 'Object Repository/Inpatient Request/Page_Store/select_--Select--BA2910'

2018-05-14 15:45:26 - [TEST_STEP][PASSED] - delay: Delayed 2 second(s)

2018-05-14 15:45:28 - [MESSAGE][PASSED] - Delayed 2 second(s)

2018-05-14 15:45:28 - [TEST_STEP][PASSED] - Statement - StockQty = com.kms.katalon.core.webui.keyword.WebUiBuiltInKeywords.getAttribute(com.kms.katalon.core.testobject.ObjectRepository.findTestObject(Inpatient Request/Page_Store/input_txtprice), "value"): Attribute 'value' of object 'Object Repository/Inpatient Request/Page_Store/input_txtprice' is: '10000'

2018-05-14 15:45:28 - [MESSAGE][PASSED] - Attribute 'value' of object 'Object Repository/Inpatient Request/Page_Store/input_txtprice' is: '10000'

2018-05-14 15:45:28 - [TEST_STEP][PASSED] - Statement - out.println("StockQty IS : " + StockQty): null

2018-05-14 15:45:28 - [TEST_STEP][PASSED] - Statement - If (java.lang.String.valueOf(StockQty) > java.lang.String.valueOf(RequestedQty)): null

2018-05-14 15:45:28 - [TEST_STEP][PASSED] - Statement - Else: null

2018-05-14 15:45:28 - [TEST_STEP][PASSED] - Statement - out.println("Stock Is Less Than Requested Qty"): null

2018-05-14 15:45:28 - [TEST_STEP][PASSED] - selectOptionByIndex: All options with index in [11] are selected on object 'Object Repository/Inpatient Request/Page_Store/select_--Select--Alcohol Rub i'

2018-05-14 15:45:28 - [MESSAGE][PASSED] - All options with index in [11] are selected on object 'Object Repository/Inpatient Request/Page_Store/select_--Select--Alcohol Rub i'

2018-05-14 15:45:28 - [TEST_STEP][PASSED] - delay: Delayed 2 second(s)

2018-05-14 15:45:30 - [MESSAGE][PASSED] - Delayed 2 second(s)

2018-05-14 15:45:30 - [TEST_STEP][PASSED] - Statement - RequestedQty = com.kms.katalon.core.webui.keyword.WebUiBuiltInKeywords.getAttribute(com.kms.katalon.core.testobject.ObjectRepository.findTestObject(Inpatient Request/Page_Store/input_txttotal), "value"): Attribute 'value' of object 'Object Repository/Inpatient Request/Page_Store/input_txttotal' is: '5'

2018-05-14 15:45:30 - [MESSAGE][PASSED] - Attribute 'value' of object 'Object Repository/Inpatient Request/Page_Store/input_txttotal' is: '5'

2018-05-14 15:45:30 - [TEST_STEP][PASSED] - Statement - out.println("RequestedQty IS : " + RequestedQty): null

2018-05-14 15:45:30 - [TEST_STEP][PASSED] - Statement - BatchNo = com.kms.katalon.core.webui.keyword.WebUiBuiltInKeywords.getNumberOfTotalOption(com.kms.katalon.core.testobject.ObjectRepository.findTestObject(Inpatient Request/Page_Store/select_--Select--BA2910)): 2 options of object 'Object Repository/Inpatient Request/Page_Store/select_--Select--BA2910' counted

2018-05-14 15:45:30 - [MESSAGE][PASSED] - 2 options of object 'Object Repository/Inpatient Request/Page_Store/select_--Select--BA2910' counted

2018-05-14 15:45:30 - [TEST_STEP][PASSED] - Statement - For ([k = 1, k <= BatchNo - 1, (k++)]): null

2018-05-14 15:45:30 - [TEST_STEP][PASSED] - selectOptionByIndex: All options with index in [1] are selected on object 'Object Repository/Inpatient Request/Page_Store/select_--Select--BA2910'

2018-05-14 15:45:31 - [MESSAGE][PASSED] - All options with index in [1] are selected on object 'Object Repository/Inpatient Request/Page_Store/select_--Select--BA2910'

2018-05-14 15:45:31 - [TEST_STEP][PASSED] - delay: Delayed 2 second(s)

2018-05-14 15:45:33 - [MESSAGE][PASSED] - Delayed 2 second(s)

2018-05-14 15:45:33 - [TEST_STEP][PASSED] - Statement - StockQty = com.kms.katalon.core.webui.keyword.WebUiBuiltInKeywords.getAttribute(com.kms.katalon.core.testobject.ObjectRepository.findTestObject(Inpatient Request/Page_Store/input_txtprice), "value"): Attribute 'value' of object 'Object Repository/Inpatient Request/Page_Store/input_txtprice' is: '9718'

2018-05-14 15:45:33 - [MESSAGE][PASSED] - Attribute 'value' of object 'Object Repository/Inpatient Request/Page_Store/input_txtprice' is: '9718'

2018-05-14 15:45:33 - [TEST_STEP][PASSED] - Statement - out.println("StockQty IS : " + StockQty): null

2018-05-14 15:45:33 - [TEST_STEP][PASSED] - Statement - If (java.lang.String.valueOf(StockQty) > java.lang.String.valueOf(RequestedQty)): null

2018-05-14 15:45:33 - [TEST_STEP][PASSED] - delay: Delayed 1 second(s)

2018-05-14 15:45:34 - [MESSAGE][PASSED] - Delayed 1 second(s)

2018-05-14 15:45:34 - [TEST_STEP][PASSED] - setText: Text '5' is set on object 'Object Repository/Inpatient Request/Page_Store/input_txtqty'

2018-05-14 15:45:34 - [MESSAGE][PASSED] - Text '5' is set on object 'Object Repository/Inpatient Request/Page_Store/input_txtqty'

2018-05-14 15:45:34 - [TEST_STEP][PASSED] - click: Object: 'Object Repository/Inpatient Request/Page_Store/button_Add' is clicked on

2018-05-14 15:45:34 - [MESSAGE][PASSED] - Object: 'Object Repository/Inpatient Request/Page_Store/button_Add' is clicked on

2018-05-14 15:45:34 - [TEST_STEP][PASSED] - Statement - Break: null

2018-05-14 15:45:34 - [TEST_STEP][PASSED] - selectOptionByIndex: All options with index in [12] are selected on object 'Object Repository/Inpatient Request/Page_Store/select_--Select--Alcohol Rub i'

2018-05-14 15:45:34 - [MESSAGE][PASSED] - All options with index in [12] are selected on object 'Object Repository/Inpatient Request/Page_Store/select_--Select--Alcohol Rub i'

2018-05-14 15:45:34 - [TEST_STEP][PASSED] - delay: Delayed 2 second(s)

2018-05-14 15:45:36 - [MESSAGE][PASSED] - Delayed 2 second(s)

2018-05-14 15:45:36 - [TEST_STEP][PASSED] - Statement - RequestedQty = com.kms.katalon.core.webui.keyword.WebUiBuiltInKeywords.getAttribute(com.kms.katalon.core.testobject.ObjectRepository.findTestObject(Inpatient Request/Page_Store/input_txttotal), "value"): Attribute 'value' of object 'Object Repository/Inpatient Request/Page_Store/input_txttotal' is: '5'

2018-05-14 15:45:36 - [MESSAGE][PASSED] - Attribute 'value' of object 'Object Repository/Inpatient Request/Page_Store/input_txttotal' is: '5'

2018-05-14 15:45:36 - [TEST_STEP][PASSED] - Statement - out.println("RequestedQty IS : " + RequestedQty): null

2018-05-14 15:45:36 - [TEST_STEP][PASSED] - Statement - BatchNo = com.kms.katalon.core.webui.keyword.WebUiBuiltInKeywords.getNumberOfTotalOption(com.kms.katalon.core.testobject.ObjectRepository.findTestObject(Inpatient Request/Page_Store/select_--Select--BA2910)): 2 options of object 'Object Repository/Inpatient Request/Page_Store/select_--Select--BA2910' counted

2018-05-14 15:45:36 - [MESSAGE][PASSED] - 2 options of object 'Object Repository/Inpatient Request/Page_Store/select_--Select--BA2910' counted

2018-05-14 15:45:36 - [TEST_STEP][PASSED] - Statement - For ([k = 1, k <= BatchNo - 1, (k++)]): null

2018-05-14 15:45:36 - [TEST_STEP][PASSED] - selectOptionByIndex: All options with index in [1] are selected on object 'Object Repository/Inpatient Request/Page_Store/select_--Select--BA2910'

2018-05-14 15:45:36 - [MESSAGE][PASSED] - All options with index in [1] are selected on object 'Object Repository/Inpatient Request/Page_Store/select_--Select--BA2910'

2018-05-14 15:45:36 - [TEST_STEP][PASSED] - delay: Delayed 2 second(s)

2018-05-14 15:45:38 - [MESSAGE][PASSED] - Delayed 2 second(s)

2018-05-14 15:45:38 - [TEST_STEP][PASSED] - Statement - StockQty = com.kms.katalon.core.webui.keyword.WebUiBuiltInKeywords.getAttribute(com.kms.katalon.core.testobject.ObjectRepository.findTestObject(Inpatient Request/Page_Store/input_txtprice), "value"): Attribute 'value' of object 'Object Repository/Inpatient Request/Page_Store/input_txtprice' is: '10000'

2018-05-14 15:45:38 - [MESSAGE][PASSED] - Attribute 'value' of object 'Object Repository/Inpatient Request/Page_Store/input_txtprice' is: '10000'

2018-05-14 15:45:38 - [TEST_STEP][PASSED] - Statement - out.println("StockQty IS : " + StockQty): null

2018-05-14 15:45:38 - [TEST_STEP][PASSED] - Statement - If (java.lang.String.valueOf(StockQty) > java.lang.String.valueOf(RequestedQty)): null

2018-05-14 15:45:38 - [TEST_STEP][PASSED] - Statement - Else: null

2018-05-14 15:45:38 - [TEST_STEP][PASSED] - Statement - out.println("Stock Is Less Than Requested Qty"): null

2018-05-14 15:45:38 - [TEST_STEP][PASSED] - selectOptionByIndex: All options with index in [13] are selected on object 'Object Repository/Inpatient Request/Page_Store/select_--Select--Alcohol Rub i'

2018-05-14 15:45:39 - [MESSAGE][PASSED] - All options with index in [13] are selected on object 'Object Repository/Inpatient Request/Page_Store/select_--Select--Alcohol Rub i'

2018-05-14 15:45:39 - [TEST_STEP][PASSED] - delay: Delayed 2 second(s)

2018-05-14 15:45:41 - [MESSAGE][PASSED] - Delayed 2 second(s)

2018-05-14 15:45:41 - [TEST_STEP][PASSED] - Statement - RequestedQty = com.kms.katalon.core.webui.keyword.WebUiBuiltInKeywords.getAttribute(com.kms.katalon.core.testobject.ObjectRepository.findTestObject(Inpatient Request/Page_Store/input_txttotal), "value"): Attribute 'value' of object 'Object Repository/Inpatient Request/Page_Store/input_txttotal' is: '5'

2018-05-14 15:45:41 - [MESSAGE][PASSED] - Attribute 'value' of object 'Object Repository/Inpatient Request/Page_Store/input_txttotal' is: '5'

2018-05-14 15:45:41 - [TEST_STEP][PASSED] - Statement - out.println("RequestedQty IS : " + RequestedQty): null

2018-05-14 15:45:41 - [TEST_STEP][PASSED] - Statement - BatchNo = com.kms.katalon.core.webui.keyword.WebUiBuiltInKeywords.getNumberOfTotalOption(com.kms.katalon.core.testobject.ObjectRepository.findTestObject(Inpatient Request/Page_Store/select_--Select--BA2910)): 2 options of object 'Object Repository/Inpatient Request/Page_Store/select_--Select--BA2910' counted

2018-05-14 15:45:41 - [MESSAGE][PASSED] - 2 options of object 'Object Repository/Inpatient Request/Page_Store/select_--Select--BA2910' counted

2018-05-14 15:45:41 - [TEST_STEP][PASSED] - Statement - For ([k = 1, k <= BatchNo - 1, (k++)]): null

2018-05-14 15:45:41 - [TEST_STEP][PASSED] - selectOptionByIndex: All options with index in [1] are selected on object 'Object Repository/Inpatient Request/Page_Store/select_--Select--BA2910'

2018-05-14 15:45:41 - [MESSAGE][PASSED] - All options with index in [1] are selected on object 'Object Repository/Inpatient Request/Page_Store/select_--Select--BA2910'

2018-05-14 15:45:41 - [TEST_STEP][PASSED] - delay: Delayed 2 second(s)

2018-05-14 15:45:43 - [MESSAGE][PASSED] - Delayed 2 second(s)

2018-05-14 15:45:43 - [TEST_STEP][PASSED] - Statement - StockQty = com.kms.katalon.core.webui.keyword.WebUiBuiltInKeywords.getAttribute(com.kms.katalon.core.testobject.ObjectRepository.findTestObject(Inpatient Request/Page_Store/input_txtprice), "value"): Attribute 'value' of object 'Object Repository/Inpatient Request/Page_Store/input_txtprice' is: '10000'

2018-05-14 15:45:43 - [MESSAGE][PASSED] - Attribute 'value' of object 'Object Repository/Inpatient Request/Page_Store/input_txtprice' is: '10000'

2018-05-14 15:45:43 - [TEST_STEP][PASSED] - Statement - out.println("StockQty IS : " + StockQty): null

2018-05-14 15:45:43 - [TEST_STEP][PASSED] - Statement - If (java.lang.String.valueOf(StockQty) > java.lang.String.valueOf(RequestedQty)): null

2018-05-14 15:45:43 - [TEST_STEP][PASSED] - Statement - Else: null

2018-05-14 15:45:43 - [TEST_STEP][PASSED] - Statement - out.println("Stock Is Less Than Requested Qty"): null

2018-05-14 15:45:43 - [TEST_STEP][PASSED] - selectOptionByIndex: All options with index in [14] are selected on object 'Object Repository/Inpatient Request/Page_Store/select_--Select--Alcohol Rub i'

2018-05-14 15:45:43 - [MESSAGE][PASSED] - All options with index in [14] are selected on object 'Object Repository/Inpatient Request/Page_Store/select_--Select--Alcohol Rub i'

2018-05-14 15:45:43 - [TEST_STEP][PASSED] - delay: Delayed 2 second(s)

2018-05-14 15:45:45 - [MESSAGE][PASSED] - Delayed 2 second(s)

2018-05-14 15:45:45 - [TEST_STEP][PASSED] - Statement - RequestedQty = com.kms.katalon.core.webui.keyword.WebUiBuiltInKeywords.getAttribute(com.kms.katalon.core.testobject.ObjectRepository.findTestObject(Inpatient Request/Page_Store/input_txttotal), "value"): Attribute 'value' of object 'Object Repository/Inpatient Request/Page_Store/input_txttotal' is: '5'

2018-05-14 15:45:45 - [MESSAGE][PASSED] - Attribute 'value' of object 'Object Repository/Inpatient Request/Page_Store/input_txttotal' is: '5'

2018-05-14 15:45:45 - [TEST_STEP][PASSED] - Statement - out.println("RequestedQty IS : " + RequestedQty): null

2018-05-14 15:45:45 - [TEST_STEP][PASSED] - Statement - BatchNo = com.kms.katalon.core.webui.keyword.WebUiBuiltInKeywords.getNumberOfTotalOption(com.kms.katalon.core.testobject.ObjectRepository.findTestObject(Inpatient Request/Page_Store/select_--Select--BA2910)): 2 options of object 'Object Repository/Inpatient Request/Page_Store/select_--Select--BA2910' counted

2018-05-14 15:45:45 - [MESSAGE][PASSED] - 2 options of object 'Object Repository/Inpatient Request/Page_Store/select_--Select--BA2910' counted

2018-05-14 15:45:45 - [TEST_STEP][PASSED] - Statement - For ([k = 1, k <= BatchNo - 1, (k++)]): null

2018-05-14 15:45:45 - [TEST_STEP][PASSED] - selectOptionByIndex: All options with index in [1] are selected on object 'Object Repository/Inpatient Request/Page_Store/select_--Select--BA2910'

2018-05-14 15:45:45 - [MESSAGE][PASSED] - All options with index in [1] are selected on object 'Object Repository/Inpatient Request/Page_Store/select_--Select--BA2910'

2018-05-14 15:45:45 - [TEST_STEP][PASSED] - delay: Delayed 2 second(s)

2018-05-14 15:45:47 - [MESSAGE][PASSED] - Delayed 2 second(s)

2018-05-14 15:45:47 - [TEST_STEP][PASSED] - Statement - StockQty = com.kms.katalon.core.webui.keyword.WebUiBuiltInKeywords.getAttribute(com.kms.katalon.core.testobject.ObjectRepository.findTestObject(Inpatient Request/Page_Store/input_txtprice), "value"): Attribute 'value' of object 'Object Repository/Inpatient Request/Page_Store/input_txtprice' is: '10000'

2018-05-14 15:45:48 - [MESSAGE][PASSED] - Attribute 'value' of object 'Object Repository/Inpatient Request/Page_Store/input_txtprice' is: '10000'

2018-05-14 15:45:48 - [TEST_STEP][PASSED] - Statement - out.println("StockQty IS : " + StockQty): null

2018-05-14 15:45:48 - [TEST_STEP][PASSED] - Statement - If (java.lang.String.valueOf(StockQty) > java.lang.String.valueOf(RequestedQty)): null

2018-05-14 15:45:48 - [TEST_STEP][PASSED] - Statement - Else: null

2018-05-14 15:45:48 - [TEST_STEP][PASSED] - Statement - out.println("Stock Is Less Than Requested Qty"): null

2018-05-14 15:45:48 - [TEST_STEP][PASSED] - selectOptionByIndex: All options with index in [15] are selected on object 'Object Repository/Inpatient Request/Page_Store/select_--Select--Alcohol Rub i'

2018-05-14 15:45:48 - [MESSAGE][PASSED] - All options with index in [15] are selected on object 'Object Repository/Inpatient Request/Page_Store/select_--Select--Alcohol Rub i'

2018-05-14 15:45:48 - [TEST_STEP][PASSED] - delay: Delayed 2 second(s)

2018-05-14 15:45:50 - [MESSAGE][PASSED] - Delayed 2 second(s)

2018-05-14 15:45:50 - [TEST_STEP][PASSED] - Statement - RequestedQty = com.kms.katalon.core.webui.keyword.WebUiBuiltInKeywords.getAttribute(com.kms.katalon.core.testobject.ObjectRepository.findTestObject(Inpatient Request/Page_Store/input_txttotal), "value"): Attribute 'value' of object 'Object Repository/Inpatient Request/Page_Store/input_txttotal' is: '5'

2018-05-14 15:45:50 - [MESSAGE][PASSED] - Attribute 'value' of object 'Object Repository/Inpatient Request/Page_Store/input_txttotal' is: '5'

2018-05-14 15:45:50 - [TEST_STEP][PASSED] - Statement - out.println("RequestedQty IS : " + RequestedQty): null

2018-05-14 15:45:50 - [TEST_STEP][PASSED] - Statement - BatchNo = com.kms.katalon.core.webui.keyword.WebUiBuiltInKeywords.getNumberOfTotalOption(com.kms.katalon.core.testobject.ObjectRepository.findTestObject(Inpatient Request/Page_Store/select_--Select--BA2910)): 2 options of object 'Object Repository/Inpatient Request/Page_Store/select_--Select--BA2910' counted

2018-05-14 15:45:50 - [MESSAGE][PASSED] - 2 options of object 'Object Repository/Inpatient Request/Page_Store/select_--Select--BA2910' counted

2018-05-14 15:45:50 - [TEST_STEP][PASSED] - Statement - For ([k = 1, k <= BatchNo - 1, (k++)]): null

2018-05-14 15:45:50 - [TEST_STEP][PASSED] - selectOptionByIndex: All options with index in [1] are selected on object 'Object Repository/Inpatient Request/Page_Store/select_--Select--BA2910'

2018-05-14 15:45:50 - [MESSAGE][PASSED] - All options with index in [1] are selected on object 'Object Repository/Inpatient Request/Page_Store/select_--Select--BA2910'

2018-05-14 15:45:50 - [TEST_STEP][PASSED] - delay: Delayed 2 second(s)

2018-05-14 15:45:52 - [MESSAGE][PASSED] - Delayed 2 second(s)

2018-05-14 15:45:52 - [TEST_STEP][PASSED] - Statement - StockQty = com.kms.katalon.core.webui.keyword.WebUiBuiltInKeywords.getAttribute(com.kms.katalon.core.testobject.ObjectRepository.findTestObject(Inpatient Request/Page_Store/input_txtprice), "value"): Attribute 'value' of object 'Object Repository/Inpatient Request/Page_Store/input_txtprice' is: '10000'

2018-05-14 15:45:52 - [MESSAGE][PASSED] - Attribute 'value' of object 'Object Repository/Inpatient Request/Page_Store/input_txtprice' is: '10000'

2018-05-14 15:45:52 - [TEST_STEP][PASSED] - Statement - out.println("StockQty IS : " + StockQty): null

2018-05-14 15:45:52 - [TEST_STEP][PASSED] - Statement - If (java.lang.String.valueOf(StockQty) > java.lang.String.valueOf(RequestedQty)): null

2018-05-14 15:45:52 - [TEST_STEP][PASSED] - Statement - Else: null

2018-05-14 15:45:52 - [TEST_STEP][PASSED] - Statement - out.println("Stock Is Less Than Requested Qty"): null

2018-05-14 15:45:52 - [TEST_STEP][PASSED] - selectOptionByIndex: All options with index in [16] are selected on object 'Object Repository/Inpatient Request/Page_Store/select_--Select--Alcohol Rub i'

2018-05-14 15:45:52 - [MESSAGE][PASSED] - All options with index in [16] are selected on object 'Object Repository/Inpatient Request/Page_Store/select_--Select--Alcohol Rub i'

2018-05-14 15:45:52 - [TEST_STEP][PASSED] - delay: Delayed 2 second(s)

2018-05-14 15:45:54 - [MESSAGE][PASSED] - Delayed 2 second(s)

2018-05-14 15:45:54 - [TEST_STEP][PASSED] - Statement - RequestedQty = com.kms.katalon.core.webui.keyword.WebUiBuiltInKeywords.getAttribute(com.kms.katalon.core.testobject.ObjectRepository.findTestObject(Inpatient Request/Page_Store/input_txttotal), "value"): Attribute 'value' of object 'Object Repository/Inpatient Request/Page_Store/input_txttotal' is: '5'

2018-05-14 15:45:54 - [MESSAGE][PASSED] - Attribute 'value' of object 'Object Repository/Inpatient Request/Page_Store/input_txttotal' is: '5'

2018-05-14 15:45:54 - [TEST_STEP][PASSED] - Statement - out.println("RequestedQty IS : " + RequestedQty): null

2018-05-14 15:45:54 - [TEST_STEP][PASSED] - Statement - BatchNo = com.kms.katalon.core.webui.keyword.WebUiBuiltInKeywords.getNumberOfTotalOption(com.kms.katalon.core.testobject.ObjectRepository.findTestObject(Inpatient Request/Page_Store/select_--Select--BA2910)): 2 options of object 'Object Repository/Inpatient Request/Page_Store/select_--Select--BA2910' counted

2018-05-14 15:45:55 - [MESSAGE][PASSED] - 2 options of object 'Object Repository/Inpatient Request/Page_Store/select_--Select--BA2910' counted

2018-05-14 15:45:55 - [TEST_STEP][PASSED] - Statement - For ([k = 1, k <= BatchNo - 1, (k++)]): null

2018-05-14 15:45:55 - [TEST_STEP][PASSED] - selectOptionByIndex: All options with index in [1] are selected on object 'Object Repository/Inpatient Request/Page_Store/select_--Select--BA2910'

2018-05-14 15:45:55 - [MESSAGE][PASSED] - All options with index in [1] are selected on object 'Object Repository/Inpatient Request/Page_Store/select_--Select--BA2910'

2018-05-14 15:45:55 - [TEST_STEP][PASSED] - delay: Delayed 2 second(s)

2018-05-14 15:45:57 - [MESSAGE][PASSED] - Delayed 2 second(s)

2018-05-14 15:45:57 - [TEST_STEP][PASSED] - Statement - StockQty = com.kms.katalon.core.webui.keyword.WebUiBuiltInKeywords.getAttribute(com.kms.katalon.core.testobject.ObjectRepository.findTestObject(Inpatient Request/Page_Store/input_txtprice), "value"): Attribute 'value' of object 'Object Repository/Inpatient Request/Page_Store/input_txtprice' is: '10000'

2018-05-14 15:45:57 - [MESSAGE][PASSED] - Attribute 'value' of object 'Object Repository/Inpatient Request/Page_Store/input_txtprice' is: '10000'

2018-05-14 15:45:57 - [TEST_STEP][PASSED] - Statement - out.println("StockQty IS : " + StockQty): null

2018-05-14 15:45:57 - [TEST_STEP][PASSED] - Statement - If (java.lang.String.valueOf(StockQty) > java.lang.String.valueOf(RequestedQty)): null

2018-05-14 15:45:57 - [TEST_STEP][PASSED] - Statement - Else: null

2018-05-14 15:45:57 - [TEST_STEP][PASSED] - Statement - out.println("Stock Is Less Than Requested Qty"): null

2018-05-14 15:45:57 - [TEST_STEP][PASSED] - scrollToElement: Scroll to object 'Object Repository/Inpatient Request/Page_Store/input_btnSubmit' successfully

2018-05-14 15:45:57 - [MESSAGE][PASSED] - Scroll to object 'Object Repository/Inpatient Request/Page_Store/input_btnSubmit' successfully

2018-05-14 15:45:57 - [TEST_STEP][PASSED] - click: Object: 'Object Repository/Inpatient Request/Page_Store/input_btnSubmit' is clicked on

2018-05-14 15:45:57 - [MESSAGE][PASSED] - Object: 'Object Repository/Inpatient Request/Page_Store/input_btnSubmit' is clicked on

2018-05-14 15:45:57 - [TEST_STEP][PASSED] - delay: Delayed 3 second(s)

2018-05-14 15:46:00 - [MESSAGE][PASSED] - Delayed 3 second(s)

2018-05-14 15:46:00 - [TEST_STEP][PASSED] - click: Object: 'Object Repository/Inpatient Request/Page_Store/button_OK' is clicked on

2018-05-14 15:46:01 - [MESSAGE][PASSED] - Object: 'Object Repository/Inpatient Request/Page_Store/button_OK' is clicked on

2018-05-14 15:46:01 - [TEST_STEP][PASSED] - delay: Delayed 3 second(s)

2018-05-14 15:46:04 - [MESSAGE][PASSED] - Delayed 3 second(s)

2018-05-14 15:46:04 - [TEST_STEP][PASSED] - click: Object: 'Object Repository/Inpatient Request/Page_Store/a_dropdown-toggle' is clicked on

2018-05-14 15:46:04 - [MESSAGE][PASSED] - Object: 'Object Repository/Inpatient Request/Page_Store/a_dropdown-toggle' is clicked on

2018-05-14 15:46:04 - [TEST_STEP][PASSED] - click: Object: 'Object Repository/Inpatient Request/Page_Store/a_Sign out' is clicked on

2018-05-14 15:46:04 - [MESSAGE][PASSED] - Object: 'Object Repository/Inpatient Request/Page_Store/a_Sign out' is clicked on

2018-05-14 15:46:04 - [TEST_STEP][PASSED] - closeBrowser: Browser is closed

2018-05-14 15:46:05 - [MESSAGE][PASSED] - Browser is closed

2018-05-14 15:46:05 - [TEST_STEP][PASSED] - Statement - out.println("Schedule 5 Inpatient Request Are Working Successfully"): null]]></system-out>
         <system-err><![CDATA[]]></system-err>
      </testcase>
      <testcase name="Test Cases/INPATIENT TEST CASES/TC_INR_002 Verify Schedule 8 Inpatient Request Are Working Successfully Or Not" classname="Test Cases/INPATIENT TEST CASES/TC_INR_002 Verify Schedule 8 Inpatient Request Are Working Successfully Or Not" status="FAILED">
         <failure type="FAILED" message="Unable to click on object 'Object Repository/Inpatient Request/Page_Store/a_dropdown-toggle' (Root cause: com.kms.katalon.core.webui.exception.WebElementNotFoundException: Web element with id: 'Object Repository/Inpatient Request/Page_Store/a_dropdown-toggle' located by 'By.xpath: /html[1]/body[@class=&quot;skin-blue  pace-done&quot;]/header[@class=&quot;header&quot;]/div[@class=&quot;row&quot;]/nav[@class=&quot;navbar navbar-static-top&quot;]/div[@class=&quot;navbar-right&quot;]/ul[@class=&quot;nav navbar-nav&quot;]/li[@class=&quot;dropdown user user-menu&quot;]/a[@class=&quot;dropdown-toggle&quot;][count(. | //*[@class = 'dropdown-toggle' and @data-toggle = 'dropdown']) = count(//*[@class = 'dropdown-toggle' and @data-toggle = 'dropdown'])]' not found)"/>
         <system-out><![CDATA[2018-05-14 15:46:05 - [TEST_CASE][FAILED] - Test Cases/INPATIENT TEST CASES/TC_INR_002 Verify Schedule 8 Inpatient Request Are Working Successfully Or Not: Test Cases/INPATIENT TEST CASES/TC_INR_002 Verify Schedule 8 Inpatient Request Are Working Successfully Or Not FAILED because (of) Unable to click on object 'Object Repository/Inpatient Request/Page_Store/a_dropdown-toggle' (Root cause: com.kms.katalon.core.webui.exception.WebElementNotFoundException: Web element with id: 'Object Repository/Inpatient Request/Page_Store/a_dropdown-toggle' located by 'By.xpath: /html[1]/body[@class="skin-blue  pace-done"]/header[@class="header"]/div[@class="row"]/nav[@class="navbar navbar-static-top"]/div[@class="navbar-right"]/ul[@class="nav navbar-nav"]/li[@class="dropdown user user-menu"]/a[@class="dropdown-toggle"][count(. | //*[@class = 'dropdown-toggle' and @data-toggle = 'dropdown']) = count(//*[@class = 'dropdown-toggle' and @data-toggle = 'dropdown'])]' not found)

2018-05-14 15:46:05 - [TEST_STEP][PASSED] - openBrowser: Browser is opened with url: ''

2018-05-14 15:46:07 - [MESSAGE][PASSED] - Browser is opened with url: ''

2018-05-14 15:46:07 - [TEST_STEP][PASSED] - Statement - out.println("Verify Schedule 8 Inpatient Request Are Working Successfully Or Not"): null

2018-05-14 15:46:07 - [TEST_STEP][PASSED] - navigateToUrl: Navigate to 'http://192.168.137.1/multihospital_new/' successfully

2018-05-14 15:46:09 - [MESSAGE][PASSED] - Navigate to 'http://192.168.137.1/multihospital_new/' successfully

2018-05-14 15:46:09 - [TEST_STEP][PASSED] - maximizeWindow: Current window maximized

2018-05-14 15:46:10 - [MESSAGE][PASSED] - Current window maximized

2018-05-14 15:46:10 - [TEST_STEP][PASSED] - click: Object: 'Object Repository/Inpatient Request/Page_KDMC/a_In Patient' is clicked on

2018-05-14 15:46:11 - [MESSAGE][PASSED] - Object: 'Object Repository/Inpatient Request/Page_KDMC/a_In Patient' is clicked on

2018-05-14 15:46:11 - [TEST_STEP][PASSED] - setText: Text 'brintha' is set on object 'Object Repository/Inpatient Request/Page_INPATIENT LOGIN/input_txtusername'

2018-05-14 15:46:11 - [MESSAGE][PASSED] - Text 'brintha' is set on object 'Object Repository/Inpatient Request/Page_INPATIENT LOGIN/input_txtusername'

2018-05-14 15:46:11 - [TEST_STEP][PASSED] - setText: Text '123' is set on object 'Object Repository/Inpatient Request/Page_INPATIENT LOGIN/input_txtpassword'

2018-05-14 15:46:11 - [MESSAGE][PASSED] - Text '123' is set on object 'Object Repository/Inpatient Request/Page_INPATIENT LOGIN/input_txtpassword'

2018-05-14 15:46:11 - [TEST_STEP][PASSED] - delay: Delayed 3 second(s)

2018-05-14 15:46:14 - [MESSAGE][PASSED] - Delayed 3 second(s)

2018-05-14 15:46:14 - [TEST_STEP][PASSED] - click: Object: 'Object Repository/Inpatient Request/Page_INPATIENT LOGIN/button_Sign in' is clicked on

2018-05-14 15:46:15 - [MESSAGE][PASSED] - Object: 'Object Repository/Inpatient Request/Page_INPATIENT LOGIN/button_Sign in' is clicked on

2018-05-14 15:46:15 - [TEST_STEP][PASSED] - delay: Delayed 3 second(s)

2018-05-14 15:46:18 - [MESSAGE][PASSED] - Delayed 3 second(s)

2018-05-14 15:46:18 - [TEST_STEP][PASSED] - scrollToPosition: Browser is scrolled to position x = 300, y = 300

2018-05-14 15:46:18 - [MESSAGE][PASSED] - Browser is scrolled to position x = 300, y = 300

2018-05-14 15:46:18 - [TEST_STEP][PASSED] - delay: Delayed 2 second(s)

2018-05-14 15:46:20 - [MESSAGE][PASSED] - Delayed 2 second(s)

2018-05-14 15:46:20 - [TEST_STEP][PASSED] - navigateToUrl: Navigate to 'http://192.168.137.1/Multihospital_New/StoresRequest.aspx' successfully

2018-05-14 15:46:21 - [MESSAGE][PASSED] - Navigate to 'http://192.168.137.1/Multihospital_New/StoresRequest.aspx' successfully

2018-05-14 15:46:21 - [TEST_STEP][PASSED] - delay: Delayed 3 second(s)

2018-05-14 15:46:24 - [MESSAGE][PASSED] - Delayed 3 second(s)

2018-05-14 15:46:24 - [TEST_STEP][PASSED] - refresh: Refresh successfully

2018-05-14 15:46:25 - [MESSAGE][PASSED] - Refresh successfully

2018-05-14 15:46:25 - [TEST_STEP][PASSED] - delay: Delayed 3 second(s)

2018-05-14 15:46:28 - [MESSAGE][PASSED] - Delayed 3 second(s)

2018-05-14 15:46:28 - [TEST_STEP][PASSED] - selectOptionByIndex: All options with index in [2] are selected on object 'Object Repository/Inpatient Request/Page_KDMC/select_--Select--ChildrensGene'

2018-05-14 15:46:28 - [MESSAGE][PASSED] - All options with index in [2] are selected on object 'Object Repository/Inpatient Request/Page_KDMC/select_--Select--ChildrensGene'

2018-05-14 15:46:28 - [TEST_STEP][PASSED] - Statement - Inpatient_RequestNumber = com.kms.katalon.core.webui.keyword.WebUiBuiltInKeywords.getAttribute(com.kms.katalon.core.testobject.ObjectRepository.findTestObject(Inpatient Request/Page_KDMC/input_txtno), "value"): Attribute 'value' of object 'Object Repository/Inpatient Request/Page_KDMC/input_txtno' is: 'RNO/14052018/60'

2018-05-14 15:46:28 - [MESSAGE][PASSED] - Attribute 'value' of object 'Object Repository/Inpatient Request/Page_KDMC/input_txtno' is: 'RNO/14052018/60'

2018-05-14 15:46:28 - [TEST_STEP][PASSED] - Statement - RequestNo = Inpatient_RequestNumber.split("/")[2]: null

2018-05-14 15:46:28 - [TEST_STEP][PASSED] - Statement - out.println("RqID : " + RequestNo): null

2018-05-14 15:46:28 - [TEST_STEP][PASSED] - selectOptionByIndex: All options with index in [2] are selected on object 'Object Repository/Inpatient Request/Page_KDMC/select_--Select--Schedule 5Dru'

2018-05-14 15:46:28 - [MESSAGE][PASSED] - All options with index in [2] are selected on object 'Object Repository/Inpatient Request/Page_KDMC/select_--Select--Schedule 5Dru'

2018-05-14 15:46:28 - [TEST_STEP][PASSED] - Statement - selectedoptions = com.kms.katalon.core.webui.keyword.WebUiBuiltInKeywords.getNumberOfTotalOption(com.kms.katalon.core.testobject.ObjectRepository.findTestObject(Inpatient Request/Page_KDMC/select_--Select--Alcohol Rub i)): 18 options of object 'Object Repository/Inpatient Request/Page_KDMC/select_--Select--Alcohol Rub i' counted

2018-05-14 15:46:28 - [MESSAGE][PASSED] - 18 options of object 'Object Repository/Inpatient Request/Page_KDMC/select_--Select--Alcohol Rub i' counted

2018-05-14 15:46:28 - [TEST_STEP][PASSED] - Statement - For ([i = 1, i < selectedoptions, (i++)]): Object: 'Object Repository/Inpatient Request/Page_KDMC/button_Add' is clicked on

2018-05-14 15:46:28 - [TEST_STEP][PASSED] - selectOptionByIndex: All options with index in [2] are selected on object 'Object Repository/Inpatient Request/Page_KDMC/select_--Select--Schedule 5Dru'

2018-05-14 15:46:29 - [MESSAGE][PASSED] - All options with index in [2] are selected on object 'Object Repository/Inpatient Request/Page_KDMC/select_--Select--Schedule 5Dru'

2018-05-14 15:46:29 - [TEST_STEP][PASSED] - selectOptionByIndex: All options with index in [1] are selected on object 'Object Repository/Inpatient Request/Page_KDMC/select_--Select--Alcohol Rub i'

2018-05-14 15:46:29 - [MESSAGE][PASSED] - All options with index in [1] are selected on object 'Object Repository/Inpatient Request/Page_KDMC/select_--Select--Alcohol Rub i'

2018-05-14 15:46:29 - [TEST_STEP][PASSED] - setText: Text '5' is set on object 'Object Repository/Inpatient Request/Page_KDMC/input_txttreat'

2018-05-14 15:46:29 - [MESSAGE][PASSED] - Text '5' is set on object 'Object Repository/Inpatient Request/Page_KDMC/input_txttreat'

2018-05-14 15:46:29 - [TEST_STEP][PASSED] - click: Object: 'Object Repository/Inpatient Request/Page_KDMC/button_Add' is clicked on

2018-05-14 15:46:29 - [MESSAGE][PASSED] - Object: 'Object Repository/Inpatient Request/Page_KDMC/button_Add' is clicked on

2018-05-14 15:46:29 - [TEST_STEP][PASSED] - selectOptionByIndex: All options with index in [2] are selected on object 'Object Repository/Inpatient Request/Page_KDMC/select_--Select--Schedule 5Dru'

2018-05-14 15:46:29 - [MESSAGE][PASSED] - All options with index in [2] are selected on object 'Object Repository/Inpatient Request/Page_KDMC/select_--Select--Schedule 5Dru'

2018-05-14 15:46:29 - [TEST_STEP][PASSED] - selectOptionByIndex: All options with index in [2] are selected on object 'Object Repository/Inpatient Request/Page_KDMC/select_--Select--Alcohol Rub i'

2018-05-14 15:46:29 - [MESSAGE][PASSED] - All options with index in [2] are selected on object 'Object Repository/Inpatient Request/Page_KDMC/select_--Select--Alcohol Rub i'

2018-05-14 15:46:29 - [TEST_STEP][PASSED] - setText: Text '5' is set on object 'Object Repository/Inpatient Request/Page_KDMC/input_txttreat'

2018-05-14 15:46:29 - [MESSAGE][PASSED] - Text '5' is set on object 'Object Repository/Inpatient Request/Page_KDMC/input_txttreat'

2018-05-14 15:46:29 - [TEST_STEP][PASSED] - click: Object: 'Object Repository/Inpatient Request/Page_KDMC/button_Add' is clicked on

2018-05-14 15:46:29 - [MESSAGE][PASSED] - Object: 'Object Repository/Inpatient Request/Page_KDMC/button_Add' is clicked on

2018-05-14 15:46:29 - [TEST_STEP][PASSED] - selectOptionByIndex: All options with index in [2] are selected on object 'Object Repository/Inpatient Request/Page_KDMC/select_--Select--Schedule 5Dru'

2018-05-14 15:46:29 - [MESSAGE][PASSED] - All options with index in [2] are selected on object 'Object Repository/Inpatient Request/Page_KDMC/select_--Select--Schedule 5Dru'

2018-05-14 15:46:29 - [TEST_STEP][PASSED] - selectOptionByIndex: All options with index in [3] are selected on object 'Object Repository/Inpatient Request/Page_KDMC/select_--Select--Alcohol Rub i'

2018-05-14 15:46:30 - [MESSAGE][PASSED] - All options with index in [3] are selected on object 'Object Repository/Inpatient Request/Page_KDMC/select_--Select--Alcohol Rub i'

2018-05-14 15:46:30 - [TEST_STEP][PASSED] - setText: Text '5' is set on object 'Object Repository/Inpatient Request/Page_KDMC/input_txttreat'

2018-05-14 15:46:30 - [MESSAGE][PASSED] - Text '5' is set on object 'Object Repository/Inpatient Request/Page_KDMC/input_txttreat'

2018-05-14 15:46:30 - [TEST_STEP][PASSED] - click: Object: 'Object Repository/Inpatient Request/Page_KDMC/button_Add' is clicked on

2018-05-14 15:46:30 - [MESSAGE][PASSED] - Object: 'Object Repository/Inpatient Request/Page_KDMC/button_Add' is clicked on

2018-05-14 15:46:30 - [TEST_STEP][PASSED] - selectOptionByIndex: All options with index in [2] are selected on object 'Object Repository/Inpatient Request/Page_KDMC/select_--Select--Schedule 5Dru'

2018-05-14 15:46:30 - [MESSAGE][PASSED] - All options with index in [2] are selected on object 'Object Repository/Inpatient Request/Page_KDMC/select_--Select--Schedule 5Dru'

2018-05-14 15:46:30 - [TEST_STEP][PASSED] - selectOptionByIndex: All options with index in [4] are selected on object 'Object Repository/Inpatient Request/Page_KDMC/select_--Select--Alcohol Rub i'

2018-05-14 15:46:30 - [MESSAGE][PASSED] - All options with index in [4] are selected on object 'Object Repository/Inpatient Request/Page_KDMC/select_--Select--Alcohol Rub i'

2018-05-14 15:46:30 - [TEST_STEP][PASSED] - setText: Text '5' is set on object 'Object Repository/Inpatient Request/Page_KDMC/input_txttreat'

2018-05-14 15:46:30 - [MESSAGE][PASSED] - Text '5' is set on object 'Object Repository/Inpatient Request/Page_KDMC/input_txttreat'

2018-05-14 15:46:30 - [TEST_STEP][PASSED] - click: Object: 'Object Repository/Inpatient Request/Page_KDMC/button_Add' is clicked on

2018-05-14 15:46:30 - [MESSAGE][PASSED] - Object: 'Object Repository/Inpatient Request/Page_KDMC/button_Add' is clicked on

2018-05-14 15:46:30 - [TEST_STEP][PASSED] - selectOptionByIndex: All options with index in [2] are selected on object 'Object Repository/Inpatient Request/Page_KDMC/select_--Select--Schedule 5Dru'

2018-05-14 15:46:30 - [MESSAGE][PASSED] - All options with index in [2] are selected on object 'Object Repository/Inpatient Request/Page_KDMC/select_--Select--Schedule 5Dru'

2018-05-14 15:46:30 - [TEST_STEP][PASSED] - selectOptionByIndex: All options with index in [5] are selected on object 'Object Repository/Inpatient Request/Page_KDMC/select_--Select--Alcohol Rub i'

2018-05-14 15:46:31 - [MESSAGE][PASSED] - All options with index in [5] are selected on object 'Object Repository/Inpatient Request/Page_KDMC/select_--Select--Alcohol Rub i'

2018-05-14 15:46:31 - [TEST_STEP][PASSED] - setText: Text '5' is set on object 'Object Repository/Inpatient Request/Page_KDMC/input_txttreat'

2018-05-14 15:46:31 - [MESSAGE][PASSED] - Text '5' is set on object 'Object Repository/Inpatient Request/Page_KDMC/input_txttreat'

2018-05-14 15:46:31 - [TEST_STEP][PASSED] - click: Object: 'Object Repository/Inpatient Request/Page_KDMC/button_Add' is clicked on

2018-05-14 15:46:31 - [MESSAGE][PASSED] - Object: 'Object Repository/Inpatient Request/Page_KDMC/button_Add' is clicked on

2018-05-14 15:46:31 - [TEST_STEP][PASSED] - selectOptionByIndex: All options with index in [2] are selected on object 'Object Repository/Inpatient Request/Page_KDMC/select_--Select--Schedule 5Dru'

2018-05-14 15:46:31 - [MESSAGE][PASSED] - All options with index in [2] are selected on object 'Object Repository/Inpatient Request/Page_KDMC/select_--Select--Schedule 5Dru'

2018-05-14 15:46:31 - [TEST_STEP][PASSED] - selectOptionByIndex: All options with index in [6] are selected on object 'Object Repository/Inpatient Request/Page_KDMC/select_--Select--Alcohol Rub i'

2018-05-14 15:46:31 - [MESSAGE][PASSED] - All options with index in [6] are selected on object 'Object Repository/Inpatient Request/Page_KDMC/select_--Select--Alcohol Rub i'

2018-05-14 15:46:31 - [TEST_STEP][PASSED] - setText: Text '5' is set on object 'Object Repository/Inpatient Request/Page_KDMC/input_txttreat'

2018-05-14 15:46:31 - [MESSAGE][PASSED] - Text '5' is set on object 'Object Repository/Inpatient Request/Page_KDMC/input_txttreat'

2018-05-14 15:46:31 - [TEST_STEP][PASSED] - click: Object: 'Object Repository/Inpatient Request/Page_KDMC/button_Add' is clicked on

2018-05-14 15:46:31 - [MESSAGE][PASSED] - Object: 'Object Repository/Inpatient Request/Page_KDMC/button_Add' is clicked on

2018-05-14 15:46:31 - [TEST_STEP][PASSED] - selectOptionByIndex: All options with index in [2] are selected on object 'Object Repository/Inpatient Request/Page_KDMC/select_--Select--Schedule 5Dru'

2018-05-14 15:46:31 - [MESSAGE][PASSED] - All options with index in [2] are selected on object 'Object Repository/Inpatient Request/Page_KDMC/select_--Select--Schedule 5Dru'

2018-05-14 15:46:31 - [TEST_STEP][PASSED] - selectOptionByIndex: All options with index in [7] are selected on object 'Object Repository/Inpatient Request/Page_KDMC/select_--Select--Alcohol Rub i'

2018-05-14 15:46:32 - [MESSAGE][PASSED] - All options with index in [7] are selected on object 'Object Repository/Inpatient Request/Page_KDMC/select_--Select--Alcohol Rub i'

2018-05-14 15:46:32 - [TEST_STEP][PASSED] - setText: Text '5' is set on object 'Object Repository/Inpatient Request/Page_KDMC/input_txttreat'

2018-05-14 15:46:32 - [MESSAGE][PASSED] - Text '5' is set on object 'Object Repository/Inpatient Request/Page_KDMC/input_txttreat'

2018-05-14 15:46:32 - [TEST_STEP][PASSED] - click: Object: 'Object Repository/Inpatient Request/Page_KDMC/button_Add' is clicked on

2018-05-14 15:46:32 - [MESSAGE][PASSED] - Object: 'Object Repository/Inpatient Request/Page_KDMC/button_Add' is clicked on

2018-05-14 15:46:32 - [TEST_STEP][PASSED] - selectOptionByIndex: All options with index in [2] are selected on object 'Object Repository/Inpatient Request/Page_KDMC/select_--Select--Schedule 5Dru'

2018-05-14 15:46:32 - [MESSAGE][PASSED] - All options with index in [2] are selected on object 'Object Repository/Inpatient Request/Page_KDMC/select_--Select--Schedule 5Dru'

2018-05-14 15:46:32 - [TEST_STEP][PASSED] - selectOptionByIndex: All options with index in [8] are selected on object 'Object Repository/Inpatient Request/Page_KDMC/select_--Select--Alcohol Rub i'

2018-05-14 15:46:32 - [MESSAGE][PASSED] - All options with index in [8] are selected on object 'Object Repository/Inpatient Request/Page_KDMC/select_--Select--Alcohol Rub i'

2018-05-14 15:46:32 - [TEST_STEP][PASSED] - setText: Text '5' is set on object 'Object Repository/Inpatient Request/Page_KDMC/input_txttreat'

2018-05-14 15:46:32 - [MESSAGE][PASSED] - Text '5' is set on object 'Object Repository/Inpatient Request/Page_KDMC/input_txttreat'

2018-05-14 15:46:32 - [TEST_STEP][PASSED] - click: Object: 'Object Repository/Inpatient Request/Page_KDMC/button_Add' is clicked on

2018-05-14 15:46:32 - [MESSAGE][PASSED] - Object: 'Object Repository/Inpatient Request/Page_KDMC/button_Add' is clicked on

2018-05-14 15:46:32 - [TEST_STEP][PASSED] - selectOptionByIndex: All options with index in [2] are selected on object 'Object Repository/Inpatient Request/Page_KDMC/select_--Select--Schedule 5Dru'

2018-05-14 15:46:32 - [MESSAGE][PASSED] - All options with index in [2] are selected on object 'Object Repository/Inpatient Request/Page_KDMC/select_--Select--Schedule 5Dru'

2018-05-14 15:46:32 - [TEST_STEP][PASSED] - selectOptionByIndex: All options with index in [9] are selected on object 'Object Repository/Inpatient Request/Page_KDMC/select_--Select--Alcohol Rub i'

2018-05-14 15:46:33 - [MESSAGE][PASSED] - All options with index in [9] are selected on object 'Object Repository/Inpatient Request/Page_KDMC/select_--Select--Alcohol Rub i'

2018-05-14 15:46:33 - [TEST_STEP][PASSED] - setText: Text '5' is set on object 'Object Repository/Inpatient Request/Page_KDMC/input_txttreat'

2018-05-14 15:46:33 - [MESSAGE][PASSED] - Text '5' is set on object 'Object Repository/Inpatient Request/Page_KDMC/input_txttreat'

2018-05-14 15:46:33 - [TEST_STEP][PASSED] - click: Object: 'Object Repository/Inpatient Request/Page_KDMC/button_Add' is clicked on

2018-05-14 15:46:33 - [MESSAGE][PASSED] - Object: 'Object Repository/Inpatient Request/Page_KDMC/button_Add' is clicked on

2018-05-14 15:46:33 - [TEST_STEP][PASSED] - selectOptionByIndex: All options with index in [2] are selected on object 'Object Repository/Inpatient Request/Page_KDMC/select_--Select--Schedule 5Dru'

2018-05-14 15:46:33 - [MESSAGE][PASSED] - All options with index in [2] are selected on object 'Object Repository/Inpatient Request/Page_KDMC/select_--Select--Schedule 5Dru'

2018-05-14 15:46:33 - [TEST_STEP][PASSED] - selectOptionByIndex: All options with index in [10] are selected on object 'Object Repository/Inpatient Request/Page_KDMC/select_--Select--Alcohol Rub i'

2018-05-14 15:46:33 - [MESSAGE][PASSED] - All options with index in [10] are selected on object 'Object Repository/Inpatient Request/Page_KDMC/select_--Select--Alcohol Rub i'

2018-05-14 15:46:33 - [TEST_STEP][PASSED] - setText: Text '5' is set on object 'Object Repository/Inpatient Request/Page_KDMC/input_txttreat'

2018-05-14 15:46:33 - [MESSAGE][PASSED] - Text '5' is set on object 'Object Repository/Inpatient Request/Page_KDMC/input_txttreat'

2018-05-14 15:46:33 - [TEST_STEP][PASSED] - click: Object: 'Object Repository/Inpatient Request/Page_KDMC/button_Add' is clicked on

2018-05-14 15:46:33 - [MESSAGE][PASSED] - Object: 'Object Repository/Inpatient Request/Page_KDMC/button_Add' is clicked on

2018-05-14 15:46:33 - [TEST_STEP][PASSED] - selectOptionByIndex: All options with index in [2] are selected on object 'Object Repository/Inpatient Request/Page_KDMC/select_--Select--Schedule 5Dru'

2018-05-14 15:46:33 - [MESSAGE][PASSED] - All options with index in [2] are selected on object 'Object Repository/Inpatient Request/Page_KDMC/select_--Select--Schedule 5Dru'

2018-05-14 15:46:33 - [TEST_STEP][PASSED] - selectOptionByIndex: All options with index in [11] are selected on object 'Object Repository/Inpatient Request/Page_KDMC/select_--Select--Alcohol Rub i'

2018-05-14 15:46:34 - [MESSAGE][PASSED] - All options with index in [11] are selected on object 'Object Repository/Inpatient Request/Page_KDMC/select_--Select--Alcohol Rub i'

2018-05-14 15:46:34 - [TEST_STEP][PASSED] - setText: Text '5' is set on object 'Object Repository/Inpatient Request/Page_KDMC/input_txttreat'

2018-05-14 15:46:34 - [MESSAGE][PASSED] - Text '5' is set on object 'Object Repository/Inpatient Request/Page_KDMC/input_txttreat'

2018-05-14 15:46:34 - [TEST_STEP][PASSED] - click: Object: 'Object Repository/Inpatient Request/Page_KDMC/button_Add' is clicked on

2018-05-14 15:46:34 - [MESSAGE][PASSED] - Object: 'Object Repository/Inpatient Request/Page_KDMC/button_Add' is clicked on

2018-05-14 15:46:34 - [TEST_STEP][PASSED] - selectOptionByIndex: All options with index in [2] are selected on object 'Object Repository/Inpatient Request/Page_KDMC/select_--Select--Schedule 5Dru'

2018-05-14 15:46:34 - [MESSAGE][PASSED] - All options with index in [2] are selected on object 'Object Repository/Inpatient Request/Page_KDMC/select_--Select--Schedule 5Dru'

2018-05-14 15:46:34 - [TEST_STEP][PASSED] - selectOptionByIndex: All options with index in [12] are selected on object 'Object Repository/Inpatient Request/Page_KDMC/select_--Select--Alcohol Rub i'

2018-05-14 15:46:34 - [MESSAGE][PASSED] - All options with index in [12] are selected on object 'Object Repository/Inpatient Request/Page_KDMC/select_--Select--Alcohol Rub i'

2018-05-14 15:46:34 - [TEST_STEP][PASSED] - setText: Text '5' is set on object 'Object Repository/Inpatient Request/Page_KDMC/input_txttreat'

2018-05-14 15:46:34 - [MESSAGE][PASSED] - Text '5' is set on object 'Object Repository/Inpatient Request/Page_KDMC/input_txttreat'

2018-05-14 15:46:34 - [TEST_STEP][PASSED] - click: Object: 'Object Repository/Inpatient Request/Page_KDMC/button_Add' is clicked on

2018-05-14 15:46:34 - [MESSAGE][PASSED] - Object: 'Object Repository/Inpatient Request/Page_KDMC/button_Add' is clicked on

2018-05-14 15:46:34 - [TEST_STEP][PASSED] - selectOptionByIndex: All options with index in [2] are selected on object 'Object Repository/Inpatient Request/Page_KDMC/select_--Select--Schedule 5Dru'

2018-05-14 15:46:34 - [MESSAGE][PASSED] - All options with index in [2] are selected on object 'Object Repository/Inpatient Request/Page_KDMC/select_--Select--Schedule 5Dru'

2018-05-14 15:46:34 - [TEST_STEP][PASSED] - selectOptionByIndex: All options with index in [13] are selected on object 'Object Repository/Inpatient Request/Page_KDMC/select_--Select--Alcohol Rub i'

2018-05-14 15:46:35 - [MESSAGE][PASSED] - All options with index in [13] are selected on object 'Object Repository/Inpatient Request/Page_KDMC/select_--Select--Alcohol Rub i'

2018-05-14 15:46:35 - [TEST_STEP][PASSED] - setText: Text '5' is set on object 'Object Repository/Inpatient Request/Page_KDMC/input_txttreat'

2018-05-14 15:46:35 - [MESSAGE][PASSED] - Text '5' is set on object 'Object Repository/Inpatient Request/Page_KDMC/input_txttreat'

2018-05-14 15:46:35 - [TEST_STEP][PASSED] - click: Object: 'Object Repository/Inpatient Request/Page_KDMC/button_Add' is clicked on

2018-05-14 15:46:35 - [MESSAGE][PASSED] - Object: 'Object Repository/Inpatient Request/Page_KDMC/button_Add' is clicked on

2018-05-14 15:46:35 - [TEST_STEP][PASSED] - selectOptionByIndex: All options with index in [2] are selected on object 'Object Repository/Inpatient Request/Page_KDMC/select_--Select--Schedule 5Dru'

2018-05-14 15:46:35 - [MESSAGE][PASSED] - All options with index in [2] are selected on object 'Object Repository/Inpatient Request/Page_KDMC/select_--Select--Schedule 5Dru'

2018-05-14 15:46:35 - [TEST_STEP][PASSED] - selectOptionByIndex: All options with index in [14] are selected on object 'Object Repository/Inpatient Request/Page_KDMC/select_--Select--Alcohol Rub i'

2018-05-14 15:46:35 - [MESSAGE][PASSED] - All options with index in [14] are selected on object 'Object Repository/Inpatient Request/Page_KDMC/select_--Select--Alcohol Rub i'

2018-05-14 15:46:35 - [TEST_STEP][PASSED] - setText: Text '5' is set on object 'Object Repository/Inpatient Request/Page_KDMC/input_txttreat'

2018-05-14 15:46:35 - [MESSAGE][PASSED] - Text '5' is set on object 'Object Repository/Inpatient Request/Page_KDMC/input_txttreat'

2018-05-14 15:46:35 - [TEST_STEP][PASSED] - click: Object: 'Object Repository/Inpatient Request/Page_KDMC/button_Add' is clicked on

2018-05-14 15:46:35 - [MESSAGE][PASSED] - Object: 'Object Repository/Inpatient Request/Page_KDMC/button_Add' is clicked on

2018-05-14 15:46:35 - [TEST_STEP][PASSED] - selectOptionByIndex: All options with index in [2] are selected on object 'Object Repository/Inpatient Request/Page_KDMC/select_--Select--Schedule 5Dru'

2018-05-14 15:46:36 - [MESSAGE][PASSED] - All options with index in [2] are selected on object 'Object Repository/Inpatient Request/Page_KDMC/select_--Select--Schedule 5Dru'

2018-05-14 15:46:36 - [TEST_STEP][PASSED] - selectOptionByIndex: All options with index in [15] are selected on object 'Object Repository/Inpatient Request/Page_KDMC/select_--Select--Alcohol Rub i'

2018-05-14 15:46:36 - [MESSAGE][PASSED] - All options with index in [15] are selected on object 'Object Repository/Inpatient Request/Page_KDMC/select_--Select--Alcohol Rub i'

2018-05-14 15:46:36 - [TEST_STEP][PASSED] - setText: Text '5' is set on object 'Object Repository/Inpatient Request/Page_KDMC/input_txttreat'

2018-05-14 15:46:36 - [MESSAGE][PASSED] - Text '5' is set on object 'Object Repository/Inpatient Request/Page_KDMC/input_txttreat'

2018-05-14 15:46:36 - [TEST_STEP][PASSED] - click: Object: 'Object Repository/Inpatient Request/Page_KDMC/button_Add' is clicked on

2018-05-14 15:46:36 - [MESSAGE][PASSED] - Object: 'Object Repository/Inpatient Request/Page_KDMC/button_Add' is clicked on

2018-05-14 15:46:36 - [TEST_STEP][PASSED] - selectOptionByIndex: All options with index in [2] are selected on object 'Object Repository/Inpatient Request/Page_KDMC/select_--Select--Schedule 5Dru'

2018-05-14 15:46:36 - [MESSAGE][PASSED] - All options with index in [2] are selected on object 'Object Repository/Inpatient Request/Page_KDMC/select_--Select--Schedule 5Dru'

2018-05-14 15:46:36 - [TEST_STEP][PASSED] - selectOptionByIndex: All options with index in [16] are selected on object 'Object Repository/Inpatient Request/Page_KDMC/select_--Select--Alcohol Rub i'

2018-05-14 15:46:36 - [MESSAGE][PASSED] - All options with index in [16] are selected on object 'Object Repository/Inpatient Request/Page_KDMC/select_--Select--Alcohol Rub i'

2018-05-14 15:46:36 - [TEST_STEP][PASSED] - setText: Text '5' is set on object 'Object Repository/Inpatient Request/Page_KDMC/input_txttreat'

2018-05-14 15:46:37 - [MESSAGE][PASSED] - Text '5' is set on object 'Object Repository/Inpatient Request/Page_KDMC/input_txttreat'

2018-05-14 15:46:37 - [TEST_STEP][PASSED] - click: Object: 'Object Repository/Inpatient Request/Page_KDMC/button_Add' is clicked on

2018-05-14 15:46:37 - [MESSAGE][PASSED] - Object: 'Object Repository/Inpatient Request/Page_KDMC/button_Add' is clicked on

2018-05-14 15:46:37 - [TEST_STEP][PASSED] - selectOptionByIndex: All options with index in [2] are selected on object 'Object Repository/Inpatient Request/Page_KDMC/select_--Select--Schedule 5Dru'

2018-05-14 15:46:37 - [MESSAGE][PASSED] - All options with index in [2] are selected on object 'Object Repository/Inpatient Request/Page_KDMC/select_--Select--Schedule 5Dru'

2018-05-14 15:46:37 - [TEST_STEP][PASSED] - selectOptionByIndex: All options with index in [17] are selected on object 'Object Repository/Inpatient Request/Page_KDMC/select_--Select--Alcohol Rub i'

2018-05-14 15:46:37 - [MESSAGE][PASSED] - All options with index in [17] are selected on object 'Object Repository/Inpatient Request/Page_KDMC/select_--Select--Alcohol Rub i'

2018-05-14 15:46:37 - [TEST_STEP][PASSED] - setText: Text '5' is set on object 'Object Repository/Inpatient Request/Page_KDMC/input_txttreat'

2018-05-14 15:46:37 - [MESSAGE][PASSED] - Text '5' is set on object 'Object Repository/Inpatient Request/Page_KDMC/input_txttreat'

2018-05-14 15:46:37 - [TEST_STEP][PASSED] - click: Object: 'Object Repository/Inpatient Request/Page_KDMC/button_Add' is clicked on

2018-05-14 15:46:37 - [MESSAGE][PASSED] - Object: 'Object Repository/Inpatient Request/Page_KDMC/button_Add' is clicked on

2018-05-14 15:46:37 - [TEST_STEP][PASSED] - scrollToElement: Scroll to object 'Object Repository/Inpatient Request/Page_KDMC/input_btnsave' successfully

2018-05-14 15:46:37 - [MESSAGE][PASSED] - Scroll to object 'Object Repository/Inpatient Request/Page_KDMC/input_btnsave' successfully

2018-05-14 15:46:37 - [TEST_STEP][PASSED] - click: Object: 'Object Repository/Inpatient Request/Page_KDMC/input_btnsave' is clicked on

2018-05-14 15:46:37 - [MESSAGE][PASSED] - Object: 'Object Repository/Inpatient Request/Page_KDMC/input_btnsave' is clicked on

2018-05-14 15:46:37 - [TEST_STEP][PASSED] - delay: Delayed 3 second(s)

2018-05-14 15:46:40 - [MESSAGE][PASSED] - Delayed 3 second(s)

2018-05-14 15:46:40 - [TEST_STEP][PASSED] - click: Object: 'Object Repository/Inpatient Request/Page_KDMC/button_OK' is clicked on

2018-05-14 15:46:41 - [MESSAGE][PASSED] - Object: 'Object Repository/Inpatient Request/Page_KDMC/button_OK' is clicked on

2018-05-14 15:46:41 - [TEST_STEP][PASSED] - delay: Delayed 3 second(s)

2018-05-14 15:46:44 - [MESSAGE][PASSED] - Delayed 3 second(s)

2018-05-14 15:46:44 - [TEST_STEP][PASSED] - click: Object: 'Object Repository/Inpatient Request/Page_KDMC/a_dropdown-toggle' is clicked on

2018-05-14 15:46:44 - [MESSAGE][PASSED] - Object: 'Object Repository/Inpatient Request/Page_KDMC/a_dropdown-toggle' is clicked on

2018-05-14 15:46:44 - [TEST_STEP][PASSED] - click: Object: 'Object Repository/Inpatient Request/Page_KDMC/a_Sign out' is clicked on

2018-05-14 15:46:44 - [MESSAGE][PASSED] - Object: 'Object Repository/Inpatient Request/Page_KDMC/a_Sign out' is clicked on

2018-05-14 15:46:44 - [TEST_STEP][PASSED] - delay: Delayed 3 second(s)

2018-05-14 15:46:47 - [MESSAGE][PASSED] - Delayed 3 second(s)

2018-05-14 15:46:47 - [TEST_STEP][PASSED] - click: Object: 'Object Repository/Inpatient Request/Page_KDMC/a_CMO' is clicked on

2018-05-14 15:46:48 - [MESSAGE][PASSED] - Object: 'Object Repository/Inpatient Request/Page_KDMC/a_CMO' is clicked on

2018-05-14 15:46:48 - [TEST_STEP][PASSED] - setText: Text 'guru' is set on object 'Object Repository/Inpatient Request/Page_CMO login/input_txtusername'

2018-05-14 15:46:48 - [MESSAGE][PASSED] - Text 'guru' is set on object 'Object Repository/Inpatient Request/Page_CMO login/input_txtusername'

2018-05-14 15:46:48 - [TEST_STEP][PASSED] - setText: Text '123' is set on object 'Object Repository/Inpatient Request/Page_CMO login/input_txtpassword'

2018-05-14 15:46:48 - [MESSAGE][PASSED] - Text '123' is set on object 'Object Repository/Inpatient Request/Page_CMO login/input_txtpassword'

2018-05-14 15:46:48 - [TEST_STEP][PASSED] - delay: Delayed 3 second(s)

2018-05-14 15:46:51 - [MESSAGE][PASSED] - Delayed 3 second(s)

2018-05-14 15:46:51 - [TEST_STEP][PASSED] - click: Object: 'Object Repository/Inpatient Request/Page_CMO login/button_Sign in' is clicked on

2018-05-14 15:46:52 - [MESSAGE][PASSED] - Object: 'Object Repository/Inpatient Request/Page_CMO login/button_Sign in' is clicked on

2018-05-14 15:46:52 - [TEST_STEP][PASSED] - delay: Delayed 3 second(s)

2018-05-14 15:46:55 - [MESSAGE][PASSED] - Delayed 3 second(s)

2018-05-14 15:46:55 - [TEST_STEP][PASSED] - click: Object: 'Object Repository/Inpatient Request/Page_KDMC - CMO/a_Department Wise Request' is clicked on

2018-05-14 15:46:55 - [MESSAGE][PASSED] - Object: 'Object Repository/Inpatient Request/Page_KDMC - CMO/a_Department Wise Request' is clicked on

2018-05-14 15:46:55 - [TEST_STEP][PASSED] - delay: Delayed 2 second(s)

2018-05-14 15:46:57 - [MESSAGE][PASSED] - Delayed 2 second(s)

2018-05-14 15:46:57 - [TEST_STEP][PASSED] - selectOptionByIndex: All options with index in [1] are selected on object 'Object Repository/Inpatient Request/Page_KDMC - CMO/select_--ALL--'

2018-05-14 15:46:58 - [MESSAGE][PASSED] - All options with index in [1] are selected on object 'Object Repository/Inpatient Request/Page_KDMC - CMO/select_--ALL--'

2018-05-14 15:46:58 - [TEST_STEP][PASSED] - selectOptionByIndex: All options with index in [1] are selected on object 'Object Repository/Inpatient Request/Page_KDMC - CMO/select_--ALL--                _1'

2018-05-14 15:46:58 - [MESSAGE][PASSED] - All options with index in [1] are selected on object 'Object Repository/Inpatient Request/Page_KDMC - CMO/select_--ALL--                _1'

2018-05-14 15:46:58 - [TEST_STEP][PASSED] - click: Object: 'Object Repository/Inpatient Request/Page_KDMC - CMO/input_btnsearch' is clicked on

2018-05-14 15:46:58 - [MESSAGE][PASSED] - Object: 'Object Repository/Inpatient Request/Page_KDMC - CMO/input_btnsearch' is clicked on

2018-05-14 15:46:58 - [TEST_STEP][PASSED] - delay: Delayed 2 second(s)

2018-05-14 15:47:00 - [MESSAGE][PASSED] - Delayed 2 second(s)

2018-05-14 15:47:00 - [TEST_STEP][PASSED] - Statement - ID = com.kms.katalon.core.webui.keyword.WebUiBuiltInKeywords.modifyObjectProperty(com.kms.katalon.core.testobject.ObjectRepository.findTestObject(Inpatient Request/Page_KDMC - CMO/input_1), "xpath", "equals", "//*[@id=" + RequestNo + "]", true): Modify property of object successfully

2018-05-14 15:47:00 - [MESSAGE][PASSED] - Modify property of object successfully

2018-05-14 15:47:00 - [TEST_STEP][PASSED] - click: Object: 'Object Repository/Inpatient Request/Page_KDMC - CMO/input_1' is clicked on

2018-05-14 15:47:00 - [MESSAGE][PASSED] - Object: 'Object Repository/Inpatient Request/Page_KDMC - CMO/input_1' is clicked on

2018-05-14 15:47:00 - [TEST_STEP][PASSED] - delay: Delayed 2 second(s)

2018-05-14 15:47:02 - [MESSAGE][PASSED] - Delayed 2 second(s)

2018-05-14 15:47:02 - [TEST_STEP][PASSED] - selectOptionByIndex: All options with index in [1] are selected on object 'Object Repository/Inpatient Request/Page_KDMC - CMO/select_--Select--'

2018-05-14 15:47:02 - [MESSAGE][PASSED] - All options with index in [1] are selected on object 'Object Repository/Inpatient Request/Page_KDMC - CMO/select_--Select--'

2018-05-14 15:47:02 - [TEST_STEP][PASSED] - delay: Delayed 2 second(s)

2018-05-14 15:47:04 - [MESSAGE][PASSED] - Delayed 2 second(s)

2018-05-14 15:47:04 - [TEST_STEP][PASSED] - click: Object: 'Object Repository/Inpatient Request/Page_KDMC - CMO/input_btnupdate' is clicked on

2018-05-14 15:47:04 - [MESSAGE][PASSED] - Object: 'Object Repository/Inpatient Request/Page_KDMC - CMO/input_btnupdate' is clicked on

2018-05-14 15:47:04 - [TEST_STEP][PASSED] - delay: Delayed 2 second(s)

2018-05-14 15:47:06 - [MESSAGE][PASSED] - Delayed 2 second(s)

2018-05-14 15:47:06 - [TEST_STEP][PASSED] - click: Object: 'Object Repository/Inpatient Request/Page_KDMC - CMO/button_OK' is clicked on

2018-05-14 15:47:07 - [MESSAGE][PASSED] - Object: 'Object Repository/Inpatient Request/Page_KDMC - CMO/button_OK' is clicked on

2018-05-14 15:47:07 - [TEST_STEP][PASSED] - delay: Delayed 3 second(s)

2018-05-14 15:47:10 - [MESSAGE][PASSED] - Delayed 3 second(s)

2018-05-14 15:47:10 - [TEST_STEP][PASSED] - click: Object: 'Object Repository/Inpatient Request/Page_KDMC - CMO/a_dropdown-toggle' is clicked on

2018-05-14 15:47:10 - [MESSAGE][PASSED] - Object: 'Object Repository/Inpatient Request/Page_KDMC - CMO/a_dropdown-toggle' is clicked on

2018-05-14 15:47:10 - [TEST_STEP][PASSED] - click: Object: 'Object Repository/Inpatient Request/Page_KDMC - CMO/a_Sign out' is clicked on

2018-05-14 15:47:10 - [MESSAGE][PASSED] - Object: 'Object Repository/Inpatient Request/Page_KDMC - CMO/a_Sign out' is clicked on

2018-05-14 15:47:10 - [TEST_STEP][PASSED] - delay: Delayed 3 second(s)

2018-05-14 15:47:13 - [MESSAGE][PASSED] - Delayed 3 second(s)

2018-05-14 15:47:13 - [TEST_STEP][PASSED] - click: Object: 'Object Repository/Inpatient Request/Page_KDMC/a_Divisional Store' is clicked on

2018-05-14 15:47:14 - [MESSAGE][PASSED] - Object: 'Object Repository/Inpatient Request/Page_KDMC/a_Divisional Store' is clicked on

2018-05-14 15:47:14 - [TEST_STEP][PASSED] - setText: Text 'ragu' is set on object 'Object Repository/Inpatient Request/Page_Divisonal Store Login/input_txtusername'

2018-05-14 15:47:14 - [MESSAGE][PASSED] - Text 'ragu' is set on object 'Object Repository/Inpatient Request/Page_Divisonal Store Login/input_txtusername'

2018-05-14 15:47:14 - [TEST_STEP][PASSED] - setText: Text '123' is set on object 'Object Repository/Inpatient Request/Page_Divisonal Store Login/input_txtpassword'

2018-05-14 15:47:14 - [MESSAGE][PASSED] - Text '123' is set on object 'Object Repository/Inpatient Request/Page_Divisonal Store Login/input_txtpassword'

2018-05-14 15:47:14 - [TEST_STEP][PASSED] - delay: Delayed 3 second(s)

2018-05-14 15:47:17 - [MESSAGE][PASSED] - Delayed 3 second(s)

2018-05-14 15:47:17 - [TEST_STEP][PASSED] - click: Object: 'Object Repository/Inpatient Request/Page_Divisonal Store Login/button_Sign in' is clicked on

2018-05-14 15:47:19 - [MESSAGE][PASSED] - Object: 'Object Repository/Inpatient Request/Page_Divisonal Store Login/button_Sign in' is clicked on

2018-05-14 15:47:19 - [TEST_STEP][PASSED] - delay: Delayed 3 second(s)

2018-05-14 15:47:22 - [MESSAGE][PASSED] - Delayed 3 second(s)

2018-05-14 15:47:22 - [TEST_STEP][PASSED] - click: Object: 'Object Repository/Inpatient Request/Page_Store/a_Inpatient Request' is clicked on

2018-05-14 15:47:22 - [MESSAGE][PASSED] - Object: 'Object Repository/Inpatient Request/Page_Store/a_Inpatient Request' is clicked on

2018-05-14 15:47:22 - [TEST_STEP][PASSED] - click: Object: 'Object Repository/Inpatient Request/Page_Store/a_Request Item Inpatient' is clicked on

2018-05-14 15:47:23 - [MESSAGE][PASSED] - Object: 'Object Repository/Inpatient Request/Page_Store/a_Request Item Inpatient' is clicked on

2018-05-14 15:47:23 - [TEST_STEP][PASSED] - setText: Text 'RNO/14052018/60' is set on object 'Object Repository/Inpatient Request/Page_Store/input'

2018-05-14 15:47:23 - [MESSAGE][PASSED] - Text 'RNO/14052018/60' is set on object 'Object Repository/Inpatient Request/Page_Store/input'

2018-05-14 15:47:23 - [TEST_STEP][PASSED] - Statement - InpID = com.kms.katalon.core.webui.keyword.WebUiBuiltInKeywords.modifyObjectProperty(com.kms.katalon.core.testobject.ObjectRepository.findTestObject(Inpatient Request/Page_Store/input_1), "xpath", "equals", "//*[@id=" + RequestNo + "]", true): Modify property of object successfully

2018-05-14 15:47:23 - [MESSAGE][PASSED] - Modify property of object successfully

2018-05-14 15:47:23 - [TEST_STEP][PASSED] - click: Object: 'Object Repository/Inpatient Request/Page_Store/input_1' is clicked on

2018-05-14 15:47:25 - [MESSAGE][PASSED] - Object: 'Object Repository/Inpatient Request/Page_Store/input_1' is clicked on

2018-05-14 15:47:25 - [TEST_STEP][PASSED] - Statement - medicine = com.kms.katalon.core.webui.keyword.WebUiBuiltInKeywords.getNumberOfTotalOption(com.kms.katalon.core.testobject.ObjectRepository.findTestObject(Inpatient Request/Page_Store/select_--Select--Alcohol Rub i)): 18 options of object 'Object Repository/Inpatient Request/Page_Store/select_--Select--Alcohol Rub i' counted

2018-05-14 15:47:25 - [MESSAGE][PASSED] - 18 options of object 'Object Repository/Inpatient Request/Page_Store/select_--Select--Alcohol Rub i' counted

2018-05-14 15:47:25 - [TEST_STEP][PASSED] - Statement - For ([j = 1, j <= medicine - 1, (j++)]): null

2018-05-14 15:47:25 - [TEST_STEP][PASSED] - selectOptionByIndex: All options with index in [1] are selected on object 'Object Repository/Inpatient Request/Page_Store/select_--Select--Alcohol Rub i'

2018-05-14 15:47:25 - [MESSAGE][PASSED] - All options with index in [1] are selected on object 'Object Repository/Inpatient Request/Page_Store/select_--Select--Alcohol Rub i'

2018-05-14 15:47:25 - [TEST_STEP][PASSED] - delay: Delayed 2 second(s)

2018-05-14 15:47:27 - [MESSAGE][PASSED] - Delayed 2 second(s)

2018-05-14 15:47:27 - [TEST_STEP][PASSED] - Statement - RequestedQty = com.kms.katalon.core.webui.keyword.WebUiBuiltInKeywords.getAttribute(com.kms.katalon.core.testobject.ObjectRepository.findTestObject(Inpatient Request/Page_Store/input_txttotal), "value"): Attribute 'value' of object 'Object Repository/Inpatient Request/Page_Store/input_txttotal' is: '5'

2018-05-14 15:47:27 - [MESSAGE][PASSED] - Attribute 'value' of object 'Object Repository/Inpatient Request/Page_Store/input_txttotal' is: '5'

2018-05-14 15:47:27 - [TEST_STEP][PASSED] - Statement - out.println("RequestedQty IS : " + RequestedQty): null

2018-05-14 15:47:27 - [TEST_STEP][PASSED] - Statement - BatchNo = com.kms.katalon.core.webui.keyword.WebUiBuiltInKeywords.getNumberOfTotalOption(com.kms.katalon.core.testobject.ObjectRepository.findTestObject(Inpatient Request/Page_Store/select_--Select--BA2910)): 2 options of object 'Object Repository/Inpatient Request/Page_Store/select_--Select--BA2910' counted

2018-05-14 15:47:27 - [MESSAGE][PASSED] - 2 options of object 'Object Repository/Inpatient Request/Page_Store/select_--Select--BA2910' counted

2018-05-14 15:47:27 - [TEST_STEP][PASSED] - Statement - For ([k = 1, k <= BatchNo - 1, (k++)]): null

2018-05-14 15:47:27 - [TEST_STEP][PASSED] - selectOptionByIndex: All options with index in [1] are selected on object 'Object Repository/Inpatient Request/Page_Store/select_--Select--BA2910'

2018-05-14 15:47:27 - [MESSAGE][PASSED] - All options with index in [1] are selected on object 'Object Repository/Inpatient Request/Page_Store/select_--Select--BA2910'

2018-05-14 15:47:27 - [TEST_STEP][PASSED] - delay: Delayed 2 second(s)

2018-05-14 15:47:29 - [MESSAGE][PASSED] - Delayed 2 second(s)

2018-05-14 15:47:29 - [TEST_STEP][PASSED] - Statement - StockQty = com.kms.katalon.core.webui.keyword.WebUiBuiltInKeywords.getAttribute(com.kms.katalon.core.testobject.ObjectRepository.findTestObject(Inpatient Request/Page_Store/input_txtprice), "value"): Attribute 'value' of object 'Object Repository/Inpatient Request/Page_Store/input_txtprice' is: '990'

2018-05-14 15:47:29 - [MESSAGE][PASSED] - Attribute 'value' of object 'Object Repository/Inpatient Request/Page_Store/input_txtprice' is: '990'

2018-05-14 15:47:29 - [TEST_STEP][PASSED] - Statement - out.println("StockQty IS : " + StockQty): null

2018-05-14 15:47:29 - [TEST_STEP][PASSED] - Statement - If (java.lang.String.valueOf(StockQty) > java.lang.String.valueOf(RequestedQty)): null

2018-05-14 15:47:29 - [TEST_STEP][PASSED] - delay: Delayed 1 second(s)

2018-05-14 15:47:30 - [MESSAGE][PASSED] - Delayed 1 second(s)

2018-05-14 15:47:30 - [TEST_STEP][PASSED] - setText: Text '5' is set on object 'Object Repository/Inpatient Request/Page_Store/input_txtqty'

2018-05-14 15:47:30 - [MESSAGE][PASSED] - Text '5' is set on object 'Object Repository/Inpatient Request/Page_Store/input_txtqty'

2018-05-14 15:47:30 - [TEST_STEP][PASSED] - click: Object: 'Object Repository/Inpatient Request/Page_Store/button_Add' is clicked on

2018-05-14 15:47:30 - [MESSAGE][PASSED] - Object: 'Object Repository/Inpatient Request/Page_Store/button_Add' is clicked on

2018-05-14 15:47:30 - [TEST_STEP][PASSED] - Statement - Break: null

2018-05-14 15:47:30 - [TEST_STEP][PASSED] - selectOptionByIndex: All options with index in [2] are selected on object 'Object Repository/Inpatient Request/Page_Store/select_--Select--Alcohol Rub i'

2018-05-14 15:47:30 - [MESSAGE][PASSED] - All options with index in [2] are selected on object 'Object Repository/Inpatient Request/Page_Store/select_--Select--Alcohol Rub i'

2018-05-14 15:47:30 - [TEST_STEP][PASSED] - delay: Delayed 2 second(s)

2018-05-14 15:47:32 - [MESSAGE][PASSED] - Delayed 2 second(s)

2018-05-14 15:47:32 - [TEST_STEP][PASSED] - Statement - RequestedQty = com.kms.katalon.core.webui.keyword.WebUiBuiltInKeywords.getAttribute(com.kms.katalon.core.testobject.ObjectRepository.findTestObject(Inpatient Request/Page_Store/input_txttotal), "value"): Attribute 'value' of object 'Object Repository/Inpatient Request/Page_Store/input_txttotal' is: '5'

2018-05-14 15:47:32 - [MESSAGE][PASSED] - Attribute 'value' of object 'Object Repository/Inpatient Request/Page_Store/input_txttotal' is: '5'

2018-05-14 15:47:32 - [TEST_STEP][PASSED] - Statement - out.println("RequestedQty IS : " + RequestedQty): null

2018-05-14 15:47:32 - [TEST_STEP][PASSED] - Statement - BatchNo = com.kms.katalon.core.webui.keyword.WebUiBuiltInKeywords.getNumberOfTotalOption(com.kms.katalon.core.testobject.ObjectRepository.findTestObject(Inpatient Request/Page_Store/select_--Select--BA2910)): 2 options of object 'Object Repository/Inpatient Request/Page_Store/select_--Select--BA2910' counted

2018-05-14 15:47:33 - [MESSAGE][PASSED] - 2 options of object 'Object Repository/Inpatient Request/Page_Store/select_--Select--BA2910' counted

2018-05-14 15:47:33 - [TEST_STEP][PASSED] - Statement - For ([k = 1, k <= BatchNo - 1, (k++)]): null

2018-05-14 15:47:33 - [TEST_STEP][PASSED] - selectOptionByIndex: All options with index in [1] are selected on object 'Object Repository/Inpatient Request/Page_Store/select_--Select--BA2910'

2018-05-14 15:47:33 - [MESSAGE][PASSED] - All options with index in [1] are selected on object 'Object Repository/Inpatient Request/Page_Store/select_--Select--BA2910'

2018-05-14 15:47:33 - [TEST_STEP][PASSED] - delay: Delayed 2 second(s)

2018-05-14 15:47:35 - [MESSAGE][PASSED] - Delayed 2 second(s)

2018-05-14 15:47:35 - [TEST_STEP][PASSED] - Statement - StockQty = com.kms.katalon.core.webui.keyword.WebUiBuiltInKeywords.getAttribute(com.kms.katalon.core.testobject.ObjectRepository.findTestObject(Inpatient Request/Page_Store/input_txtprice), "value"): Attribute 'value' of object 'Object Repository/Inpatient Request/Page_Store/input_txtprice' is: '981'

2018-05-14 15:47:35 - [MESSAGE][PASSED] - Attribute 'value' of object 'Object Repository/Inpatient Request/Page_Store/input_txtprice' is: '981'

2018-05-14 15:47:35 - [TEST_STEP][PASSED] - Statement - out.println("StockQty IS : " + StockQty): null

2018-05-14 15:47:35 - [TEST_STEP][PASSED] - Statement - If (java.lang.String.valueOf(StockQty) > java.lang.String.valueOf(RequestedQty)): null

2018-05-14 15:47:35 - [TEST_STEP][PASSED] - delay: Delayed 1 second(s)

2018-05-14 15:47:36 - [MESSAGE][PASSED] - Delayed 1 second(s)

2018-05-14 15:47:36 - [TEST_STEP][PASSED] - setText: Text '5' is set on object 'Object Repository/Inpatient Request/Page_Store/input_txtqty'

2018-05-14 15:47:36 - [MESSAGE][PASSED] - Text '5' is set on object 'Object Repository/Inpatient Request/Page_Store/input_txtqty'

2018-05-14 15:47:36 - [TEST_STEP][PASSED] - click: Object: 'Object Repository/Inpatient Request/Page_Store/button_Add' is clicked on

2018-05-14 15:47:36 - [MESSAGE][PASSED] - Object: 'Object Repository/Inpatient Request/Page_Store/button_Add' is clicked on

2018-05-14 15:47:36 - [TEST_STEP][PASSED] - Statement - Break: null

2018-05-14 15:47:36 - [TEST_STEP][PASSED] - selectOptionByIndex: All options with index in [3] are selected on object 'Object Repository/Inpatient Request/Page_Store/select_--Select--Alcohol Rub i'

2018-05-14 15:47:36 - [MESSAGE][PASSED] - All options with index in [3] are selected on object 'Object Repository/Inpatient Request/Page_Store/select_--Select--Alcohol Rub i'

2018-05-14 15:47:36 - [TEST_STEP][PASSED] - delay: Delayed 2 second(s)

2018-05-14 15:47:38 - [MESSAGE][PASSED] - Delayed 2 second(s)

2018-05-14 15:47:38 - [TEST_STEP][PASSED] - Statement - RequestedQty = com.kms.katalon.core.webui.keyword.WebUiBuiltInKeywords.getAttribute(com.kms.katalon.core.testobject.ObjectRepository.findTestObject(Inpatient Request/Page_Store/input_txttotal), "value"): Attribute 'value' of object 'Object Repository/Inpatient Request/Page_Store/input_txttotal' is: '5'

2018-05-14 15:47:38 - [MESSAGE][PASSED] - Attribute 'value' of object 'Object Repository/Inpatient Request/Page_Store/input_txttotal' is: '5'

2018-05-14 15:47:38 - [TEST_STEP][PASSED] - Statement - out.println("RequestedQty IS : " + RequestedQty): null

2018-05-14 15:47:38 - [TEST_STEP][PASSED] - Statement - BatchNo = com.kms.katalon.core.webui.keyword.WebUiBuiltInKeywords.getNumberOfTotalOption(com.kms.katalon.core.testobject.ObjectRepository.findTestObject(Inpatient Request/Page_Store/select_--Select--BA2910)): 2 options of object 'Object Repository/Inpatient Request/Page_Store/select_--Select--BA2910' counted

2018-05-14 15:47:38 - [MESSAGE][PASSED] - 2 options of object 'Object Repository/Inpatient Request/Page_Store/select_--Select--BA2910' counted

2018-05-14 15:47:38 - [TEST_STEP][PASSED] - Statement - For ([k = 1, k <= BatchNo - 1, (k++)]): null

2018-05-14 15:47:38 - [TEST_STEP][PASSED] - selectOptionByIndex: All options with index in [1] are selected on object 'Object Repository/Inpatient Request/Page_Store/select_--Select--BA2910'

2018-05-14 15:47:38 - [MESSAGE][PASSED] - All options with index in [1] are selected on object 'Object Repository/Inpatient Request/Page_Store/select_--Select--BA2910'

2018-05-14 15:47:38 - [TEST_STEP][PASSED] - delay: Delayed 2 second(s)

2018-05-14 15:47:40 - [MESSAGE][PASSED] - Delayed 2 second(s)

2018-05-14 15:47:40 - [TEST_STEP][PASSED] - Statement - StockQty = com.kms.katalon.core.webui.keyword.WebUiBuiltInKeywords.getAttribute(com.kms.katalon.core.testobject.ObjectRepository.findTestObject(Inpatient Request/Page_Store/input_txtprice), "value"): Attribute 'value' of object 'Object Repository/Inpatient Request/Page_Store/input_txtprice' is: '990'

2018-05-14 15:47:40 - [MESSAGE][PASSED] - Attribute 'value' of object 'Object Repository/Inpatient Request/Page_Store/input_txtprice' is: '990'

2018-05-14 15:47:40 - [TEST_STEP][PASSED] - Statement - out.println("StockQty IS : " + StockQty): null

2018-05-14 15:47:40 - [TEST_STEP][PASSED] - Statement - If (java.lang.String.valueOf(StockQty) > java.lang.String.valueOf(RequestedQty)): null

2018-05-14 15:47:40 - [TEST_STEP][PASSED] - delay: Delayed 1 second(s)

2018-05-14 15:47:41 - [MESSAGE][PASSED] - Delayed 1 second(s)

2018-05-14 15:47:41 - [TEST_STEP][PASSED] - setText: Text '5' is set on object 'Object Repository/Inpatient Request/Page_Store/input_txtqty'

2018-05-14 15:47:41 - [MESSAGE][PASSED] - Text '5' is set on object 'Object Repository/Inpatient Request/Page_Store/input_txtqty'

2018-05-14 15:47:41 - [TEST_STEP][PASSED] - click: Object: 'Object Repository/Inpatient Request/Page_Store/button_Add' is clicked on

2018-05-14 15:47:47 - [MESSAGE][PASSED] - Object: 'Object Repository/Inpatient Request/Page_Store/button_Add' is clicked on

2018-05-14 15:47:47 - [TEST_STEP][PASSED] - Statement - Break: null

2018-05-14 15:47:47 - [TEST_STEP][PASSED] - selectOptionByIndex: All options with index in [4] are selected on object 'Object Repository/Inpatient Request/Page_Store/select_--Select--Alcohol Rub i'

2018-05-14 15:47:47 - [MESSAGE][PASSED] - All options with index in [4] are selected on object 'Object Repository/Inpatient Request/Page_Store/select_--Select--Alcohol Rub i'

2018-05-14 15:47:47 - [TEST_STEP][PASSED] - delay: Delayed 2 second(s)

2018-05-14 15:47:49 - [MESSAGE][PASSED] - Delayed 2 second(s)

2018-05-14 15:47:49 - [TEST_STEP][PASSED] - Statement - RequestedQty = com.kms.katalon.core.webui.keyword.WebUiBuiltInKeywords.getAttribute(com.kms.katalon.core.testobject.ObjectRepository.findTestObject(Inpatient Request/Page_Store/input_txttotal), "value"): Attribute 'value' of object 'Object Repository/Inpatient Request/Page_Store/input_txttotal' is: '5'

2018-05-14 15:47:49 - [MESSAGE][PASSED] - Attribute 'value' of object 'Object Repository/Inpatient Request/Page_Store/input_txttotal' is: '5'

2018-05-14 15:47:49 - [TEST_STEP][PASSED] - Statement - out.println("RequestedQty IS : " + RequestedQty): null

2018-05-14 15:47:49 - [TEST_STEP][PASSED] - Statement - BatchNo = com.kms.katalon.core.webui.keyword.WebUiBuiltInKeywords.getNumberOfTotalOption(com.kms.katalon.core.testobject.ObjectRepository.findTestObject(Inpatient Request/Page_Store/select_--Select--BA2910)): 2 options of object 'Object Repository/Inpatient Request/Page_Store/select_--Select--BA2910' counted

2018-05-14 15:47:49 - [MESSAGE][PASSED] - 2 options of object 'Object Repository/Inpatient Request/Page_Store/select_--Select--BA2910' counted

2018-05-14 15:47:49 - [TEST_STEP][PASSED] - Statement - For ([k = 1, k <= BatchNo - 1, (k++)]): null

2018-05-14 15:47:49 - [TEST_STEP][PASSED] - selectOptionByIndex: All options with index in [1] are selected on object 'Object Repository/Inpatient Request/Page_Store/select_--Select--BA2910'

2018-05-14 15:47:49 - [MESSAGE][PASSED] - All options with index in [1] are selected on object 'Object Repository/Inpatient Request/Page_Store/select_--Select--BA2910'

2018-05-14 15:47:49 - [TEST_STEP][PASSED] - delay: Delayed 2 second(s)

2018-05-14 15:47:51 - [MESSAGE][PASSED] - Delayed 2 second(s)

2018-05-14 15:47:51 - [TEST_STEP][PASSED] - Statement - StockQty = com.kms.katalon.core.webui.keyword.WebUiBuiltInKeywords.getAttribute(com.kms.katalon.core.testobject.ObjectRepository.findTestObject(Inpatient Request/Page_Store/input_txtprice), "value"): Attribute 'value' of object 'Object Repository/Inpatient Request/Page_Store/input_txtprice' is: '990'

2018-05-14 15:47:51 - [MESSAGE][PASSED] - Attribute 'value' of object 'Object Repository/Inpatient Request/Page_Store/input_txtprice' is: '990'

2018-05-14 15:47:51 - [TEST_STEP][PASSED] - Statement - out.println("StockQty IS : " + StockQty): null

2018-05-14 15:47:51 - [TEST_STEP][PASSED] - Statement - If (java.lang.String.valueOf(StockQty) > java.lang.String.valueOf(RequestedQty)): null

2018-05-14 15:47:51 - [TEST_STEP][PASSED] - delay: Delayed 1 second(s)

2018-05-14 15:47:52 - [MESSAGE][PASSED] - Delayed 1 second(s)

2018-05-14 15:47:52 - [TEST_STEP][PASSED] - setText: Text '5' is set on object 'Object Repository/Inpatient Request/Page_Store/input_txtqty'

2018-05-14 15:47:52 - [MESSAGE][PASSED] - Text '5' is set on object 'Object Repository/Inpatient Request/Page_Store/input_txtqty'

2018-05-14 15:47:52 - [TEST_STEP][PASSED] - click: Object: 'Object Repository/Inpatient Request/Page_Store/button_Add' is clicked on

2018-05-14 15:47:57 - [MESSAGE][PASSED] - Object: 'Object Repository/Inpatient Request/Page_Store/button_Add' is clicked on

2018-05-14 15:47:57 - [TEST_STEP][PASSED] - Statement - Break: null

2018-05-14 15:47:57 - [TEST_STEP][PASSED] - selectOptionByIndex: All options with index in [5] are selected on object 'Object Repository/Inpatient Request/Page_Store/select_--Select--Alcohol Rub i'

2018-05-14 15:47:57 - [MESSAGE][PASSED] - All options with index in [5] are selected on object 'Object Repository/Inpatient Request/Page_Store/select_--Select--Alcohol Rub i'

2018-05-14 15:47:57 - [TEST_STEP][PASSED] - delay: Delayed 2 second(s)

2018-05-14 15:47:59 - [MESSAGE][PASSED] - Delayed 2 second(s)

2018-05-14 15:47:59 - [TEST_STEP][PASSED] - Statement - RequestedQty = com.kms.katalon.core.webui.keyword.WebUiBuiltInKeywords.getAttribute(com.kms.katalon.core.testobject.ObjectRepository.findTestObject(Inpatient Request/Page_Store/input_txttotal), "value"): Attribute 'value' of object 'Object Repository/Inpatient Request/Page_Store/input_txttotal' is: '5'

2018-05-14 15:47:59 - [MESSAGE][PASSED] - Attribute 'value' of object 'Object Repository/Inpatient Request/Page_Store/input_txttotal' is: '5'

2018-05-14 15:47:59 - [TEST_STEP][PASSED] - Statement - out.println("RequestedQty IS : " + RequestedQty): null

2018-05-14 15:47:59 - [TEST_STEP][PASSED] - Statement - BatchNo = com.kms.katalon.core.webui.keyword.WebUiBuiltInKeywords.getNumberOfTotalOption(com.kms.katalon.core.testobject.ObjectRepository.findTestObject(Inpatient Request/Page_Store/select_--Select--BA2910)): 2 options of object 'Object Repository/Inpatient Request/Page_Store/select_--Select--BA2910' counted

2018-05-14 15:48:00 - [MESSAGE][PASSED] - 2 options of object 'Object Repository/Inpatient Request/Page_Store/select_--Select--BA2910' counted

2018-05-14 15:48:00 - [TEST_STEP][PASSED] - Statement - For ([k = 1, k <= BatchNo - 1, (k++)]): null

2018-05-14 15:48:00 - [TEST_STEP][PASSED] - selectOptionByIndex: All options with index in [1] are selected on object 'Object Repository/Inpatient Request/Page_Store/select_--Select--BA2910'

2018-05-14 15:48:00 - [MESSAGE][PASSED] - All options with index in [1] are selected on object 'Object Repository/Inpatient Request/Page_Store/select_--Select--BA2910'

2018-05-14 15:48:00 - [TEST_STEP][PASSED] - delay: Delayed 2 second(s)

2018-05-14 15:48:02 - [MESSAGE][PASSED] - Delayed 2 second(s)

2018-05-14 15:48:02 - [TEST_STEP][PASSED] - Statement - StockQty = com.kms.katalon.core.webui.keyword.WebUiBuiltInKeywords.getAttribute(com.kms.katalon.core.testobject.ObjectRepository.findTestObject(Inpatient Request/Page_Store/input_txtprice), "value"): Attribute 'value' of object 'Object Repository/Inpatient Request/Page_Store/input_txtprice' is: '990'

2018-05-14 15:48:02 - [MESSAGE][PASSED] - Attribute 'value' of object 'Object Repository/Inpatient Request/Page_Store/input_txtprice' is: '990'

2018-05-14 15:48:02 - [TEST_STEP][PASSED] - Statement - out.println("StockQty IS : " + StockQty): null

2018-05-14 15:48:02 - [TEST_STEP][PASSED] - Statement - If (java.lang.String.valueOf(StockQty) > java.lang.String.valueOf(RequestedQty)): null

2018-05-14 15:48:02 - [TEST_STEP][PASSED] - delay: Delayed 1 second(s)

2018-05-14 15:48:03 - [MESSAGE][PASSED] - Delayed 1 second(s)

2018-05-14 15:48:03 - [TEST_STEP][PASSED] - setText: Text '5' is set on object 'Object Repository/Inpatient Request/Page_Store/input_txtqty'

2018-05-14 15:48:03 - [MESSAGE][PASSED] - Text '5' is set on object 'Object Repository/Inpatient Request/Page_Store/input_txtqty'

2018-05-14 15:48:03 - [TEST_STEP][PASSED] - click: Object: 'Object Repository/Inpatient Request/Page_Store/button_Add' is clicked on

2018-05-14 15:48:08 - [MESSAGE][PASSED] - Object: 'Object Repository/Inpatient Request/Page_Store/button_Add' is clicked on

2018-05-14 15:48:08 - [TEST_STEP][PASSED] - Statement - Break: null

2018-05-14 15:48:08 - [TEST_STEP][PASSED] - selectOptionByIndex: All options with index in [6] are selected on object 'Object Repository/Inpatient Request/Page_Store/select_--Select--Alcohol Rub i'

2018-05-14 15:48:08 - [MESSAGE][PASSED] - All options with index in [6] are selected on object 'Object Repository/Inpatient Request/Page_Store/select_--Select--Alcohol Rub i'

2018-05-14 15:48:08 - [TEST_STEP][PASSED] - delay: Delayed 2 second(s)

2018-05-14 15:48:10 - [MESSAGE][PASSED] - Delayed 2 second(s)

2018-05-14 15:48:10 - [TEST_STEP][PASSED] - Statement - RequestedQty = com.kms.katalon.core.webui.keyword.WebUiBuiltInKeywords.getAttribute(com.kms.katalon.core.testobject.ObjectRepository.findTestObject(Inpatient Request/Page_Store/input_txttotal), "value"): Attribute 'value' of object 'Object Repository/Inpatient Request/Page_Store/input_txttotal' is: '5'

2018-05-14 15:48:10 - [MESSAGE][PASSED] - Attribute 'value' of object 'Object Repository/Inpatient Request/Page_Store/input_txttotal' is: '5'

2018-05-14 15:48:10 - [TEST_STEP][PASSED] - Statement - out.println("RequestedQty IS : " + RequestedQty): null

2018-05-14 15:48:10 - [TEST_STEP][PASSED] - Statement - BatchNo = com.kms.katalon.core.webui.keyword.WebUiBuiltInKeywords.getNumberOfTotalOption(com.kms.katalon.core.testobject.ObjectRepository.findTestObject(Inpatient Request/Page_Store/select_--Select--BA2910)): 2 options of object 'Object Repository/Inpatient Request/Page_Store/select_--Select--BA2910' counted

2018-05-14 15:48:10 - [MESSAGE][PASSED] - 2 options of object 'Object Repository/Inpatient Request/Page_Store/select_--Select--BA2910' counted

2018-05-14 15:48:10 - [TEST_STEP][PASSED] - Statement - For ([k = 1, k <= BatchNo - 1, (k++)]): null

2018-05-14 15:48:10 - [TEST_STEP][PASSED] - selectOptionByIndex: All options with index in [1] are selected on object 'Object Repository/Inpatient Request/Page_Store/select_--Select--BA2910'

2018-05-14 15:48:10 - [MESSAGE][PASSED] - All options with index in [1] are selected on object 'Object Repository/Inpatient Request/Page_Store/select_--Select--BA2910'

2018-05-14 15:48:10 - [TEST_STEP][PASSED] - delay: Delayed 2 second(s)

2018-05-14 15:48:12 - [MESSAGE][PASSED] - Delayed 2 second(s)

2018-05-14 15:48:12 - [TEST_STEP][PASSED] - Statement - StockQty = com.kms.katalon.core.webui.keyword.WebUiBuiltInKeywords.getAttribute(com.kms.katalon.core.testobject.ObjectRepository.findTestObject(Inpatient Request/Page_Store/input_txtprice), "value"): Attribute 'value' of object 'Object Repository/Inpatient Request/Page_Store/input_txtprice' is: '990'

2018-05-14 15:48:12 - [MESSAGE][PASSED] - Attribute 'value' of object 'Object Repository/Inpatient Request/Page_Store/input_txtprice' is: '990'

2018-05-14 15:48:12 - [TEST_STEP][PASSED] - Statement - out.println("StockQty IS : " + StockQty): null

2018-05-14 15:48:12 - [TEST_STEP][PASSED] - Statement - If (java.lang.String.valueOf(StockQty) > java.lang.String.valueOf(RequestedQty)): null

2018-05-14 15:48:12 - [TEST_STEP][PASSED] - delay: Delayed 1 second(s)

2018-05-14 15:48:13 - [MESSAGE][PASSED] - Delayed 1 second(s)

2018-05-14 15:48:13 - [TEST_STEP][PASSED] - setText: Text '5' is set on object 'Object Repository/Inpatient Request/Page_Store/input_txtqty'

2018-05-14 15:48:13 - [MESSAGE][PASSED] - Text '5' is set on object 'Object Repository/Inpatient Request/Page_Store/input_txtqty'

2018-05-14 15:48:13 - [TEST_STEP][PASSED] - click: Object: 'Object Repository/Inpatient Request/Page_Store/button_Add' is clicked on

2018-05-14 15:48:19 - [MESSAGE][PASSED] - Object: 'Object Repository/Inpatient Request/Page_Store/button_Add' is clicked on

2018-05-14 15:48:19 - [TEST_STEP][PASSED] - Statement - Break: null

2018-05-14 15:48:19 - [TEST_STEP][PASSED] - selectOptionByIndex: All options with index in [7] are selected on object 'Object Repository/Inpatient Request/Page_Store/select_--Select--Alcohol Rub i'

2018-05-14 15:48:19 - [MESSAGE][PASSED] - All options with index in [7] are selected on object 'Object Repository/Inpatient Request/Page_Store/select_--Select--Alcohol Rub i'

2018-05-14 15:48:19 - [TEST_STEP][PASSED] - delay: Delayed 2 second(s)

2018-05-14 15:48:21 - [MESSAGE][PASSED] - Delayed 2 second(s)

2018-05-14 15:48:21 - [TEST_STEP][PASSED] - Statement - RequestedQty = com.kms.katalon.core.webui.keyword.WebUiBuiltInKeywords.getAttribute(com.kms.katalon.core.testobject.ObjectRepository.findTestObject(Inpatient Request/Page_Store/input_txttotal), "value"): Attribute 'value' of object 'Object Repository/Inpatient Request/Page_Store/input_txttotal' is: '5'

2018-05-14 15:48:21 - [MESSAGE][PASSED] - Attribute 'value' of object 'Object Repository/Inpatient Request/Page_Store/input_txttotal' is: '5'

2018-05-14 15:48:21 - [TEST_STEP][PASSED] - Statement - out.println("RequestedQty IS : " + RequestedQty): null

2018-05-14 15:48:21 - [TEST_STEP][PASSED] - Statement - BatchNo = com.kms.katalon.core.webui.keyword.WebUiBuiltInKeywords.getNumberOfTotalOption(com.kms.katalon.core.testobject.ObjectRepository.findTestObject(Inpatient Request/Page_Store/select_--Select--BA2910)): 2 options of object 'Object Repository/Inpatient Request/Page_Store/select_--Select--BA2910' counted

2018-05-14 15:48:21 - [MESSAGE][PASSED] - 2 options of object 'Object Repository/Inpatient Request/Page_Store/select_--Select--BA2910' counted

2018-05-14 15:48:21 - [TEST_STEP][PASSED] - Statement - For ([k = 1, k <= BatchNo - 1, (k++)]): null

2018-05-14 15:48:21 - [TEST_STEP][PASSED] - selectOptionByIndex: All options with index in [1] are selected on object 'Object Repository/Inpatient Request/Page_Store/select_--Select--BA2910'

2018-05-14 15:48:21 - [MESSAGE][PASSED] - All options with index in [1] are selected on object 'Object Repository/Inpatient Request/Page_Store/select_--Select--BA2910'

2018-05-14 15:48:21 - [TEST_STEP][PASSED] - delay: Delayed 2 second(s)

2018-05-14 15:48:23 - [MESSAGE][PASSED] - Delayed 2 second(s)

2018-05-14 15:48:23 - [TEST_STEP][PASSED] - Statement - StockQty = com.kms.katalon.core.webui.keyword.WebUiBuiltInKeywords.getAttribute(com.kms.katalon.core.testobject.ObjectRepository.findTestObject(Inpatient Request/Page_Store/input_txtprice), "value"): Attribute 'value' of object 'Object Repository/Inpatient Request/Page_Store/input_txtprice' is: '990'

2018-05-14 15:48:23 - [MESSAGE][PASSED] - Attribute 'value' of object 'Object Repository/Inpatient Request/Page_Store/input_txtprice' is: '990'

2018-05-14 15:48:23 - [TEST_STEP][PASSED] - Statement - out.println("StockQty IS : " + StockQty): null

2018-05-14 15:48:23 - [TEST_STEP][PASSED] - Statement - If (java.lang.String.valueOf(StockQty) > java.lang.String.valueOf(RequestedQty)): null

2018-05-14 15:48:23 - [TEST_STEP][PASSED] - delay: Delayed 1 second(s)

2018-05-14 15:48:24 - [MESSAGE][PASSED] - Delayed 1 second(s)

2018-05-14 15:48:24 - [TEST_STEP][PASSED] - setText: Text '5' is set on object 'Object Repository/Inpatient Request/Page_Store/input_txtqty'

2018-05-14 15:48:24 - [MESSAGE][PASSED] - Text '5' is set on object 'Object Repository/Inpatient Request/Page_Store/input_txtqty'

2018-05-14 15:48:24 - [TEST_STEP][PASSED] - click: Object: 'Object Repository/Inpatient Request/Page_Store/button_Add' is clicked on

2018-05-14 15:48:29 - [MESSAGE][PASSED] - Object: 'Object Repository/Inpatient Request/Page_Store/button_Add' is clicked on

2018-05-14 15:48:29 - [TEST_STEP][PASSED] - Statement - Break: null

2018-05-14 15:48:29 - [TEST_STEP][PASSED] - selectOptionByIndex: All options with index in [8] are selected on object 'Object Repository/Inpatient Request/Page_Store/select_--Select--Alcohol Rub i'

2018-05-14 15:48:29 - [MESSAGE][PASSED] - All options with index in [8] are selected on object 'Object Repository/Inpatient Request/Page_Store/select_--Select--Alcohol Rub i'

2018-05-14 15:48:29 - [TEST_STEP][PASSED] - delay: Delayed 2 second(s)

2018-05-14 15:48:31 - [MESSAGE][PASSED] - Delayed 2 second(s)

2018-05-14 15:48:31 - [TEST_STEP][PASSED] - Statement - RequestedQty = com.kms.katalon.core.webui.keyword.WebUiBuiltInKeywords.getAttribute(com.kms.katalon.core.testobject.ObjectRepository.findTestObject(Inpatient Request/Page_Store/input_txttotal), "value"): Attribute 'value' of object 'Object Repository/Inpatient Request/Page_Store/input_txttotal' is: '5'

2018-05-14 15:48:31 - [MESSAGE][PASSED] - Attribute 'value' of object 'Object Repository/Inpatient Request/Page_Store/input_txttotal' is: '5'

2018-05-14 15:48:31 - [TEST_STEP][PASSED] - Statement - out.println("RequestedQty IS : " + RequestedQty): null

2018-05-14 15:48:31 - [TEST_STEP][PASSED] - Statement - BatchNo = com.kms.katalon.core.webui.keyword.WebUiBuiltInKeywords.getNumberOfTotalOption(com.kms.katalon.core.testobject.ObjectRepository.findTestObject(Inpatient Request/Page_Store/select_--Select--BA2910)): 2 options of object 'Object Repository/Inpatient Request/Page_Store/select_--Select--BA2910' counted

2018-05-14 15:48:32 - [MESSAGE][PASSED] - 2 options of object 'Object Repository/Inpatient Request/Page_Store/select_--Select--BA2910' counted

2018-05-14 15:48:32 - [TEST_STEP][PASSED] - Statement - For ([k = 1, k <= BatchNo - 1, (k++)]): null

2018-05-14 15:48:32 - [TEST_STEP][PASSED] - selectOptionByIndex: All options with index in [1] are selected on object 'Object Repository/Inpatient Request/Page_Store/select_--Select--BA2910'

2018-05-14 15:48:32 - [MESSAGE][PASSED] - All options with index in [1] are selected on object 'Object Repository/Inpatient Request/Page_Store/select_--Select--BA2910'

2018-05-14 15:48:32 - [TEST_STEP][PASSED] - delay: Delayed 2 second(s)

2018-05-14 15:48:34 - [MESSAGE][PASSED] - Delayed 2 second(s)

2018-05-14 15:48:34 - [TEST_STEP][PASSED] - Statement - StockQty = com.kms.katalon.core.webui.keyword.WebUiBuiltInKeywords.getAttribute(com.kms.katalon.core.testobject.ObjectRepository.findTestObject(Inpatient Request/Page_Store/input_txtprice), "value"): Attribute 'value' of object 'Object Repository/Inpatient Request/Page_Store/input_txtprice' is: '990'

2018-05-14 15:48:34 - [MESSAGE][PASSED] - Attribute 'value' of object 'Object Repository/Inpatient Request/Page_Store/input_txtprice' is: '990'

2018-05-14 15:48:34 - [TEST_STEP][PASSED] - Statement - out.println("StockQty IS : " + StockQty): null

2018-05-14 15:48:34 - [TEST_STEP][PASSED] - Statement - If (java.lang.String.valueOf(StockQty) > java.lang.String.valueOf(RequestedQty)): null

2018-05-14 15:48:34 - [TEST_STEP][PASSED] - delay: Delayed 1 second(s)

2018-05-14 15:48:35 - [MESSAGE][PASSED] - Delayed 1 second(s)

2018-05-14 15:48:35 - [TEST_STEP][PASSED] - setText: Text '5' is set on object 'Object Repository/Inpatient Request/Page_Store/input_txtqty'

2018-05-14 15:48:35 - [MESSAGE][PASSED] - Text '5' is set on object 'Object Repository/Inpatient Request/Page_Store/input_txtqty'

2018-05-14 15:48:35 - [TEST_STEP][PASSED] - click: Object: 'Object Repository/Inpatient Request/Page_Store/button_Add' is clicked on

2018-05-14 15:48:40 - [MESSAGE][PASSED] - Object: 'Object Repository/Inpatient Request/Page_Store/button_Add' is clicked on

2018-05-14 15:48:40 - [TEST_STEP][PASSED] - Statement - Break: null

2018-05-14 15:48:40 - [TEST_STEP][PASSED] - selectOptionByIndex: All options with index in [9] are selected on object 'Object Repository/Inpatient Request/Page_Store/select_--Select--Alcohol Rub i'

2018-05-14 15:48:40 - [MESSAGE][PASSED] - All options with index in [9] are selected on object 'Object Repository/Inpatient Request/Page_Store/select_--Select--Alcohol Rub i'

2018-05-14 15:48:40 - [TEST_STEP][PASSED] - delay: Delayed 2 second(s)

2018-05-14 15:48:42 - [MESSAGE][PASSED] - Delayed 2 second(s)

2018-05-14 15:48:42 - [TEST_STEP][PASSED] - Statement - RequestedQty = com.kms.katalon.core.webui.keyword.WebUiBuiltInKeywords.getAttribute(com.kms.katalon.core.testobject.ObjectRepository.findTestObject(Inpatient Request/Page_Store/input_txttotal), "value"): Attribute 'value' of object 'Object Repository/Inpatient Request/Page_Store/input_txttotal' is: '5'

2018-05-14 15:48:42 - [MESSAGE][PASSED] - Attribute 'value' of object 'Object Repository/Inpatient Request/Page_Store/input_txttotal' is: '5'

2018-05-14 15:48:42 - [TEST_STEP][PASSED] - Statement - out.println("RequestedQty IS : " + RequestedQty): null

2018-05-14 15:48:42 - [TEST_STEP][PASSED] - Statement - BatchNo = com.kms.katalon.core.webui.keyword.WebUiBuiltInKeywords.getNumberOfTotalOption(com.kms.katalon.core.testobject.ObjectRepository.findTestObject(Inpatient Request/Page_Store/select_--Select--BA2910)): 2 options of object 'Object Repository/Inpatient Request/Page_Store/select_--Select--BA2910' counted

2018-05-14 15:48:42 - [MESSAGE][PASSED] - 2 options of object 'Object Repository/Inpatient Request/Page_Store/select_--Select--BA2910' counted

2018-05-14 15:48:42 - [TEST_STEP][PASSED] - Statement - For ([k = 1, k <= BatchNo - 1, (k++)]): null

2018-05-14 15:48:42 - [TEST_STEP][PASSED] - selectOptionByIndex: All options with index in [1] are selected on object 'Object Repository/Inpatient Request/Page_Store/select_--Select--BA2910'

2018-05-14 15:48:42 - [MESSAGE][PASSED] - All options with index in [1] are selected on object 'Object Repository/Inpatient Request/Page_Store/select_--Select--BA2910'

2018-05-14 15:48:42 - [TEST_STEP][PASSED] - delay: Delayed 2 second(s)

2018-05-14 15:48:44 - [MESSAGE][PASSED] - Delayed 2 second(s)

2018-05-14 15:48:44 - [TEST_STEP][PASSED] - Statement - StockQty = com.kms.katalon.core.webui.keyword.WebUiBuiltInKeywords.getAttribute(com.kms.katalon.core.testobject.ObjectRepository.findTestObject(Inpatient Request/Page_Store/input_txtprice), "value"): Attribute 'value' of object 'Object Repository/Inpatient Request/Page_Store/input_txtprice' is: '990'

2018-05-14 15:48:44 - [MESSAGE][PASSED] - Attribute 'value' of object 'Object Repository/Inpatient Request/Page_Store/input_txtprice' is: '990'

2018-05-14 15:48:44 - [TEST_STEP][PASSED] - Statement - out.println("StockQty IS : " + StockQty): null

2018-05-14 15:48:44 - [TEST_STEP][PASSED] - Statement - If (java.lang.String.valueOf(StockQty) > java.lang.String.valueOf(RequestedQty)): null

2018-05-14 15:48:44 - [TEST_STEP][PASSED] - delay: Delayed 1 second(s)

2018-05-14 15:48:45 - [MESSAGE][PASSED] - Delayed 1 second(s)

2018-05-14 15:48:45 - [TEST_STEP][PASSED] - setText: Text '5' is set on object 'Object Repository/Inpatient Request/Page_Store/input_txtqty'

2018-05-14 15:48:45 - [MESSAGE][PASSED] - Text '5' is set on object 'Object Repository/Inpatient Request/Page_Store/input_txtqty'

2018-05-14 15:48:45 - [TEST_STEP][PASSED] - click: Object: 'Object Repository/Inpatient Request/Page_Store/button_Add' is clicked on

2018-05-14 15:48:50 - [MESSAGE][PASSED] - Object: 'Object Repository/Inpatient Request/Page_Store/button_Add' is clicked on

2018-05-14 15:48:50 - [TEST_STEP][PASSED] - Statement - Break: null

2018-05-14 15:48:50 - [TEST_STEP][PASSED] - selectOptionByIndex: All options with index in [10] are selected on object 'Object Repository/Inpatient Request/Page_Store/select_--Select--Alcohol Rub i'

2018-05-14 15:48:51 - [MESSAGE][PASSED] - All options with index in [10] are selected on object 'Object Repository/Inpatient Request/Page_Store/select_--Select--Alcohol Rub i'

2018-05-14 15:48:51 - [TEST_STEP][PASSED] - delay: Delayed 2 second(s)

2018-05-14 15:48:53 - [MESSAGE][PASSED] - Delayed 2 second(s)

2018-05-14 15:48:53 - [TEST_STEP][PASSED] - Statement - RequestedQty = com.kms.katalon.core.webui.keyword.WebUiBuiltInKeywords.getAttribute(com.kms.katalon.core.testobject.ObjectRepository.findTestObject(Inpatient Request/Page_Store/input_txttotal), "value"): Attribute 'value' of object 'Object Repository/Inpatient Request/Page_Store/input_txttotal' is: '5'

2018-05-14 15:48:53 - [MESSAGE][PASSED] - Attribute 'value' of object 'Object Repository/Inpatient Request/Page_Store/input_txttotal' is: '5'

2018-05-14 15:48:53 - [TEST_STEP][PASSED] - Statement - out.println("RequestedQty IS : " + RequestedQty): null

2018-05-14 15:48:53 - [TEST_STEP][PASSED] - Statement - BatchNo = com.kms.katalon.core.webui.keyword.WebUiBuiltInKeywords.getNumberOfTotalOption(com.kms.katalon.core.testobject.ObjectRepository.findTestObject(Inpatient Request/Page_Store/select_--Select--BA2910)): 2 options of object 'Object Repository/Inpatient Request/Page_Store/select_--Select--BA2910' counted

2018-05-14 15:48:53 - [MESSAGE][PASSED] - 2 options of object 'Object Repository/Inpatient Request/Page_Store/select_--Select--BA2910' counted

2018-05-14 15:48:53 - [TEST_STEP][PASSED] - Statement - For ([k = 1, k <= BatchNo - 1, (k++)]): null

2018-05-14 15:48:53 - [TEST_STEP][PASSED] - selectOptionByIndex: All options with index in [1] are selected on object 'Object Repository/Inpatient Request/Page_Store/select_--Select--BA2910'

2018-05-14 15:48:53 - [MESSAGE][PASSED] - All options with index in [1] are selected on object 'Object Repository/Inpatient Request/Page_Store/select_--Select--BA2910'

2018-05-14 15:48:53 - [TEST_STEP][PASSED] - delay: Delayed 2 second(s)

2018-05-14 15:48:55 - [MESSAGE][PASSED] - Delayed 2 second(s)

2018-05-14 15:48:55 - [TEST_STEP][PASSED] - Statement - StockQty = com.kms.katalon.core.webui.keyword.WebUiBuiltInKeywords.getAttribute(com.kms.katalon.core.testobject.ObjectRepository.findTestObject(Inpatient Request/Page_Store/input_txtprice), "value"): Attribute 'value' of object 'Object Repository/Inpatient Request/Page_Store/input_txtprice' is: '990'

2018-05-14 15:48:55 - [MESSAGE][PASSED] - Attribute 'value' of object 'Object Repository/Inpatient Request/Page_Store/input_txtprice' is: '990'

2018-05-14 15:48:55 - [TEST_STEP][PASSED] - Statement - out.println("StockQty IS : " + StockQty): null

2018-05-14 15:48:55 - [TEST_STEP][PASSED] - Statement - If (java.lang.String.valueOf(StockQty) > java.lang.String.valueOf(RequestedQty)): null

2018-05-14 15:48:55 - [TEST_STEP][PASSED] - delay: Delayed 1 second(s)

2018-05-14 15:48:56 - [MESSAGE][PASSED] - Delayed 1 second(s)

2018-05-14 15:48:56 - [TEST_STEP][PASSED] - setText: Text '5' is set on object 'Object Repository/Inpatient Request/Page_Store/input_txtqty'

2018-05-14 15:48:56 - [MESSAGE][PASSED] - Text '5' is set on object 'Object Repository/Inpatient Request/Page_Store/input_txtqty'

2018-05-14 15:48:56 - [TEST_STEP][PASSED] - click: Object: 'Object Repository/Inpatient Request/Page_Store/button_Add' is clicked on

2018-05-14 15:49:01 - [MESSAGE][PASSED] - Object: 'Object Repository/Inpatient Request/Page_Store/button_Add' is clicked on

2018-05-14 15:49:01 - [TEST_STEP][PASSED] - Statement - Break: null

2018-05-14 15:49:01 - [TEST_STEP][PASSED] - selectOptionByIndex: All options with index in [11] are selected on object 'Object Repository/Inpatient Request/Page_Store/select_--Select--Alcohol Rub i'

2018-05-14 15:49:01 - [MESSAGE][PASSED] - All options with index in [11] are selected on object 'Object Repository/Inpatient Request/Page_Store/select_--Select--Alcohol Rub i'

2018-05-14 15:49:01 - [TEST_STEP][PASSED] - delay: Delayed 2 second(s)

2018-05-14 15:49:03 - [MESSAGE][PASSED] - Delayed 2 second(s)

2018-05-14 15:49:03 - [TEST_STEP][PASSED] - Statement - RequestedQty = com.kms.katalon.core.webui.keyword.WebUiBuiltInKeywords.getAttribute(com.kms.katalon.core.testobject.ObjectRepository.findTestObject(Inpatient Request/Page_Store/input_txttotal), "value"): Attribute 'value' of object 'Object Repository/Inpatient Request/Page_Store/input_txttotal' is: '5'

2018-05-14 15:49:03 - [MESSAGE][PASSED] - Attribute 'value' of object 'Object Repository/Inpatient Request/Page_Store/input_txttotal' is: '5'

2018-05-14 15:49:03 - [TEST_STEP][PASSED] - Statement - out.println("RequestedQty IS : " + RequestedQty): null

2018-05-14 15:49:03 - [TEST_STEP][PASSED] - Statement - BatchNo = com.kms.katalon.core.webui.keyword.WebUiBuiltInKeywords.getNumberOfTotalOption(com.kms.katalon.core.testobject.ObjectRepository.findTestObject(Inpatient Request/Page_Store/select_--Select--BA2910)): 2 options of object 'Object Repository/Inpatient Request/Page_Store/select_--Select--BA2910' counted

2018-05-14 15:49:03 - [MESSAGE][PASSED] - 2 options of object 'Object Repository/Inpatient Request/Page_Store/select_--Select--BA2910' counted

2018-05-14 15:49:03 - [TEST_STEP][PASSED] - Statement - For ([k = 1, k <= BatchNo - 1, (k++)]): null

2018-05-14 15:49:03 - [TEST_STEP][PASSED] - selectOptionByIndex: All options with index in [1] are selected on object 'Object Repository/Inpatient Request/Page_Store/select_--Select--BA2910'

2018-05-14 15:49:04 - [MESSAGE][PASSED] - All options with index in [1] are selected on object 'Object Repository/Inpatient Request/Page_Store/select_--Select--BA2910'

2018-05-14 15:49:04 - [TEST_STEP][PASSED] - delay: Delayed 2 second(s)

2018-05-14 15:49:06 - [MESSAGE][PASSED] - Delayed 2 second(s)

2018-05-14 15:49:06 - [TEST_STEP][PASSED] - Statement - StockQty = com.kms.katalon.core.webui.keyword.WebUiBuiltInKeywords.getAttribute(com.kms.katalon.core.testobject.ObjectRepository.findTestObject(Inpatient Request/Page_Store/input_txtprice), "value"): Attribute 'value' of object 'Object Repository/Inpatient Request/Page_Store/input_txtprice' is: '990'

2018-05-14 15:49:06 - [MESSAGE][PASSED] - Attribute 'value' of object 'Object Repository/Inpatient Request/Page_Store/input_txtprice' is: '990'

2018-05-14 15:49:06 - [TEST_STEP][PASSED] - Statement - out.println("StockQty IS : " + StockQty): null

2018-05-14 15:49:06 - [TEST_STEP][PASSED] - Statement - If (java.lang.String.valueOf(StockQty) > java.lang.String.valueOf(RequestedQty)): null

2018-05-14 15:49:06 - [TEST_STEP][PASSED] - delay: Delayed 1 second(s)

2018-05-14 15:49:07 - [MESSAGE][PASSED] - Delayed 1 second(s)

2018-05-14 15:49:07 - [TEST_STEP][PASSED] - setText: Text '5' is set on object 'Object Repository/Inpatient Request/Page_Store/input_txtqty'

2018-05-14 15:49:07 - [MESSAGE][PASSED] - Text '5' is set on object 'Object Repository/Inpatient Request/Page_Store/input_txtqty'

2018-05-14 15:49:07 - [TEST_STEP][PASSED] - click: Object: 'Object Repository/Inpatient Request/Page_Store/button_Add' is clicked on

2018-05-14 15:49:12 - [MESSAGE][PASSED] - Object: 'Object Repository/Inpatient Request/Page_Store/button_Add' is clicked on

2018-05-14 15:49:12 - [TEST_STEP][PASSED] - Statement - Break: null

2018-05-14 15:49:12 - [TEST_STEP][PASSED] - selectOptionByIndex: All options with index in [12] are selected on object 'Object Repository/Inpatient Request/Page_Store/select_--Select--Alcohol Rub i'

2018-05-14 15:49:12 - [MESSAGE][PASSED] - All options with index in [12] are selected on object 'Object Repository/Inpatient Request/Page_Store/select_--Select--Alcohol Rub i'

2018-05-14 15:49:12 - [TEST_STEP][PASSED] - delay: Delayed 2 second(s)

2018-05-14 15:49:14 - [MESSAGE][PASSED] - Delayed 2 second(s)

2018-05-14 15:49:14 - [TEST_STEP][PASSED] - Statement - RequestedQty = com.kms.katalon.core.webui.keyword.WebUiBuiltInKeywords.getAttribute(com.kms.katalon.core.testobject.ObjectRepository.findTestObject(Inpatient Request/Page_Store/input_txttotal), "value"): Attribute 'value' of object 'Object Repository/Inpatient Request/Page_Store/input_txttotal' is: '5'

2018-05-14 15:49:14 - [MESSAGE][PASSED] - Attribute 'value' of object 'Object Repository/Inpatient Request/Page_Store/input_txttotal' is: '5'

2018-05-14 15:49:14 - [TEST_STEP][PASSED] - Statement - out.println("RequestedQty IS : " + RequestedQty): null

2018-05-14 15:49:14 - [TEST_STEP][PASSED] - Statement - BatchNo = com.kms.katalon.core.webui.keyword.WebUiBuiltInKeywords.getNumberOfTotalOption(com.kms.katalon.core.testobject.ObjectRepository.findTestObject(Inpatient Request/Page_Store/select_--Select--BA2910)): 2 options of object 'Object Repository/Inpatient Request/Page_Store/select_--Select--BA2910' counted

2018-05-14 15:49:14 - [MESSAGE][PASSED] - 2 options of object 'Object Repository/Inpatient Request/Page_Store/select_--Select--BA2910' counted

2018-05-14 15:49:14 - [TEST_STEP][PASSED] - Statement - For ([k = 1, k <= BatchNo - 1, (k++)]): null

2018-05-14 15:49:14 - [TEST_STEP][PASSED] - selectOptionByIndex: All options with index in [1] are selected on object 'Object Repository/Inpatient Request/Page_Store/select_--Select--BA2910'

2018-05-14 15:49:14 - [MESSAGE][PASSED] - All options with index in [1] are selected on object 'Object Repository/Inpatient Request/Page_Store/select_--Select--BA2910'

2018-05-14 15:49:14 - [TEST_STEP][PASSED] - delay: Delayed 2 second(s)

2018-05-14 15:49:16 - [MESSAGE][PASSED] - Delayed 2 second(s)

2018-05-14 15:49:16 - [TEST_STEP][PASSED] - Statement - StockQty = com.kms.katalon.core.webui.keyword.WebUiBuiltInKeywords.getAttribute(com.kms.katalon.core.testobject.ObjectRepository.findTestObject(Inpatient Request/Page_Store/input_txtprice), "value"): Attribute 'value' of object 'Object Repository/Inpatient Request/Page_Store/input_txtprice' is: '990'

2018-05-14 15:49:16 - [MESSAGE][PASSED] - Attribute 'value' of object 'Object Repository/Inpatient Request/Page_Store/input_txtprice' is: '990'

2018-05-14 15:49:16 - [TEST_STEP][PASSED] - Statement - out.println("StockQty IS : " + StockQty): null

2018-05-14 15:49:16 - [TEST_STEP][PASSED] - Statement - If (java.lang.String.valueOf(StockQty) > java.lang.String.valueOf(RequestedQty)): null

2018-05-14 15:49:16 - [TEST_STEP][PASSED] - delay: Delayed 1 second(s)

2018-05-14 15:49:17 - [MESSAGE][PASSED] - Delayed 1 second(s)

2018-05-14 15:49:17 - [TEST_STEP][PASSED] - setText: Text '5' is set on object 'Object Repository/Inpatient Request/Page_Store/input_txtqty'

2018-05-14 15:49:17 - [MESSAGE][PASSED] - Text '5' is set on object 'Object Repository/Inpatient Request/Page_Store/input_txtqty'

2018-05-14 15:49:17 - [TEST_STEP][PASSED] - click: Object: 'Object Repository/Inpatient Request/Page_Store/button_Add' is clicked on

2018-05-14 15:49:22 - [MESSAGE][PASSED] - Object: 'Object Repository/Inpatient Request/Page_Store/button_Add' is clicked on

2018-05-14 15:49:22 - [TEST_STEP][PASSED] - Statement - Break: null

2018-05-14 15:49:22 - [TEST_STEP][PASSED] - selectOptionByIndex: All options with index in [13] are selected on object 'Object Repository/Inpatient Request/Page_Store/select_--Select--Alcohol Rub i'

2018-05-14 15:49:23 - [MESSAGE][PASSED] - All options with index in [13] are selected on object 'Object Repository/Inpatient Request/Page_Store/select_--Select--Alcohol Rub i'

2018-05-14 15:49:23 - [TEST_STEP][PASSED] - delay: Delayed 2 second(s)

2018-05-14 15:49:25 - [MESSAGE][PASSED] - Delayed 2 second(s)

2018-05-14 15:49:25 - [TEST_STEP][PASSED] - Statement - RequestedQty = com.kms.katalon.core.webui.keyword.WebUiBuiltInKeywords.getAttribute(com.kms.katalon.core.testobject.ObjectRepository.findTestObject(Inpatient Request/Page_Store/input_txttotal), "value"): Attribute 'value' of object 'Object Repository/Inpatient Request/Page_Store/input_txttotal' is: '5'

2018-05-14 15:49:25 - [MESSAGE][PASSED] - Attribute 'value' of object 'Object Repository/Inpatient Request/Page_Store/input_txttotal' is: '5'

2018-05-14 15:49:25 - [TEST_STEP][PASSED] - Statement - out.println("RequestedQty IS : " + RequestedQty): null

2018-05-14 15:49:25 - [TEST_STEP][PASSED] - Statement - BatchNo = com.kms.katalon.core.webui.keyword.WebUiBuiltInKeywords.getNumberOfTotalOption(com.kms.katalon.core.testobject.ObjectRepository.findTestObject(Inpatient Request/Page_Store/select_--Select--BA2910)): 2 options of object 'Object Repository/Inpatient Request/Page_Store/select_--Select--BA2910' counted

2018-05-14 15:49:25 - [MESSAGE][PASSED] - 2 options of object 'Object Repository/Inpatient Request/Page_Store/select_--Select--BA2910' counted

2018-05-14 15:49:25 - [TEST_STEP][PASSED] - Statement - For ([k = 1, k <= BatchNo - 1, (k++)]): null

2018-05-14 15:49:25 - [TEST_STEP][PASSED] - selectOptionByIndex: All options with index in [1] are selected on object 'Object Repository/Inpatient Request/Page_Store/select_--Select--BA2910'

2018-05-14 15:49:25 - [MESSAGE][PASSED] - All options with index in [1] are selected on object 'Object Repository/Inpatient Request/Page_Store/select_--Select--BA2910'

2018-05-14 15:49:25 - [TEST_STEP][PASSED] - delay: Delayed 2 second(s)

2018-05-14 15:49:27 - [MESSAGE][PASSED] - Delayed 2 second(s)

2018-05-14 15:49:27 - [TEST_STEP][PASSED] - Statement - StockQty = com.kms.katalon.core.webui.keyword.WebUiBuiltInKeywords.getAttribute(com.kms.katalon.core.testobject.ObjectRepository.findTestObject(Inpatient Request/Page_Store/input_txtprice), "value"): Attribute 'value' of object 'Object Repository/Inpatient Request/Page_Store/input_txtprice' is: '990'

2018-05-14 15:49:27 - [MESSAGE][PASSED] - Attribute 'value' of object 'Object Repository/Inpatient Request/Page_Store/input_txtprice' is: '990'

2018-05-14 15:49:27 - [TEST_STEP][PASSED] - Statement - out.println("StockQty IS : " + StockQty): null

2018-05-14 15:49:27 - [TEST_STEP][PASSED] - Statement - If (java.lang.String.valueOf(StockQty) > java.lang.String.valueOf(RequestedQty)): null

2018-05-14 15:49:27 - [TEST_STEP][PASSED] - delay: Delayed 1 second(s)

2018-05-14 15:49:28 - [MESSAGE][PASSED] - Delayed 1 second(s)

2018-05-14 15:49:28 - [TEST_STEP][PASSED] - setText: Text '5' is set on object 'Object Repository/Inpatient Request/Page_Store/input_txtqty'

2018-05-14 15:49:28 - [MESSAGE][PASSED] - Text '5' is set on object 'Object Repository/Inpatient Request/Page_Store/input_txtqty'

2018-05-14 15:49:28 - [TEST_STEP][PASSED] - click: Object: 'Object Repository/Inpatient Request/Page_Store/button_Add' is clicked on

2018-05-14 15:49:33 - [MESSAGE][PASSED] - Object: 'Object Repository/Inpatient Request/Page_Store/button_Add' is clicked on

2018-05-14 15:49:33 - [TEST_STEP][PASSED] - Statement - Break: null

2018-05-14 15:49:33 - [TEST_STEP][PASSED] - selectOptionByIndex: All options with index in [14] are selected on object 'Object Repository/Inpatient Request/Page_Store/select_--Select--Alcohol Rub i'

2018-05-14 15:49:33 - [MESSAGE][PASSED] - All options with index in [14] are selected on object 'Object Repository/Inpatient Request/Page_Store/select_--Select--Alcohol Rub i'

2018-05-14 15:49:33 - [TEST_STEP][PASSED] - delay: Delayed 2 second(s)

2018-05-14 15:49:35 - [MESSAGE][PASSED] - Delayed 2 second(s)

2018-05-14 15:49:35 - [TEST_STEP][PASSED] - Statement - RequestedQty = com.kms.katalon.core.webui.keyword.WebUiBuiltInKeywords.getAttribute(com.kms.katalon.core.testobject.ObjectRepository.findTestObject(Inpatient Request/Page_Store/input_txttotal), "value"): Attribute 'value' of object 'Object Repository/Inpatient Request/Page_Store/input_txttotal' is: '10'

2018-05-14 15:49:36 - [MESSAGE][PASSED] - Attribute 'value' of object 'Object Repository/Inpatient Request/Page_Store/input_txttotal' is: '10'

2018-05-14 15:49:36 - [TEST_STEP][PASSED] - Statement - out.println("RequestedQty IS : " + RequestedQty): null

2018-05-14 15:49:36 - [TEST_STEP][PASSED] - Statement - BatchNo = com.kms.katalon.core.webui.keyword.WebUiBuiltInKeywords.getNumberOfTotalOption(com.kms.katalon.core.testobject.ObjectRepository.findTestObject(Inpatient Request/Page_Store/select_--Select--BA2910)): 2 options of object 'Object Repository/Inpatient Request/Page_Store/select_--Select--BA2910' counted

2018-05-14 15:49:36 - [MESSAGE][PASSED] - 2 options of object 'Object Repository/Inpatient Request/Page_Store/select_--Select--BA2910' counted

2018-05-14 15:49:36 - [TEST_STEP][PASSED] - Statement - For ([k = 1, k <= BatchNo - 1, (k++)]): null

2018-05-14 15:49:36 - [TEST_STEP][PASSED] - selectOptionByIndex: All options with index in [1] are selected on object 'Object Repository/Inpatient Request/Page_Store/select_--Select--BA2910'

2018-05-14 15:49:36 - [MESSAGE][PASSED] - All options with index in [1] are selected on object 'Object Repository/Inpatient Request/Page_Store/select_--Select--BA2910'

2018-05-14 15:49:36 - [TEST_STEP][PASSED] - delay: Delayed 2 second(s)

2018-05-14 15:49:38 - [MESSAGE][PASSED] - Delayed 2 second(s)

2018-05-14 15:49:38 - [TEST_STEP][PASSED] - Statement - StockQty = com.kms.katalon.core.webui.keyword.WebUiBuiltInKeywords.getAttribute(com.kms.katalon.core.testobject.ObjectRepository.findTestObject(Inpatient Request/Page_Store/input_txtprice), "value"): Attribute 'value' of object 'Object Repository/Inpatient Request/Page_Store/input_txtprice' is: '1990'

2018-05-14 15:49:38 - [MESSAGE][PASSED] - Attribute 'value' of object 'Object Repository/Inpatient Request/Page_Store/input_txtprice' is: '1990'

2018-05-14 15:49:38 - [TEST_STEP][PASSED] - Statement - out.println("StockQty IS : " + StockQty): null

2018-05-14 15:49:38 - [TEST_STEP][PASSED] - Statement - If (java.lang.String.valueOf(StockQty) > java.lang.String.valueOf(RequestedQty)): null

2018-05-14 15:49:38 - [TEST_STEP][PASSED] - delay: Delayed 1 second(s)

2018-05-14 15:49:39 - [MESSAGE][PASSED] - Delayed 1 second(s)

2018-05-14 15:49:39 - [TEST_STEP][PASSED] - setText: Text '5' is set on object 'Object Repository/Inpatient Request/Page_Store/input_txtqty'

2018-05-14 15:49:39 - [MESSAGE][PASSED] - Text '5' is set on object 'Object Repository/Inpatient Request/Page_Store/input_txtqty'

2018-05-14 15:49:39 - [TEST_STEP][PASSED] - click: Object: 'Object Repository/Inpatient Request/Page_Store/button_Add' is clicked on

2018-05-14 15:49:44 - [MESSAGE][PASSED] - Object: 'Object Repository/Inpatient Request/Page_Store/button_Add' is clicked on

2018-05-14 15:49:44 - [TEST_STEP][PASSED] - Statement - Break: null

2018-05-14 15:49:44 - [TEST_STEP][PASSED] - selectOptionByIndex: All options with index in [15] are selected on object 'Object Repository/Inpatient Request/Page_Store/select_--Select--Alcohol Rub i'

2018-05-14 15:49:44 - [MESSAGE][PASSED] - All options with index in [15] are selected on object 'Object Repository/Inpatient Request/Page_Store/select_--Select--Alcohol Rub i'

2018-05-14 15:49:44 - [TEST_STEP][PASSED] - delay: Delayed 2 second(s)

2018-05-14 15:49:46 - [MESSAGE][PASSED] - Delayed 2 second(s)

2018-05-14 15:49:46 - [TEST_STEP][PASSED] - Statement - RequestedQty = com.kms.katalon.core.webui.keyword.WebUiBuiltInKeywords.getAttribute(com.kms.katalon.core.testobject.ObjectRepository.findTestObject(Inpatient Request/Page_Store/input_txttotal), "value"): Attribute 'value' of object 'Object Repository/Inpatient Request/Page_Store/input_txttotal' is: '10'

2018-05-14 15:49:46 - [MESSAGE][PASSED] - Attribute 'value' of object 'Object Repository/Inpatient Request/Page_Store/input_txttotal' is: '10'

2018-05-14 15:49:46 - [TEST_STEP][PASSED] - Statement - out.println("RequestedQty IS : " + RequestedQty): null

2018-05-14 15:49:46 - [TEST_STEP][PASSED] - Statement - BatchNo = com.kms.katalon.core.webui.keyword.WebUiBuiltInKeywords.getNumberOfTotalOption(com.kms.katalon.core.testobject.ObjectRepository.findTestObject(Inpatient Request/Page_Store/select_--Select--BA2910)): 2 options of object 'Object Repository/Inpatient Request/Page_Store/select_--Select--BA2910' counted

2018-05-14 15:49:46 - [MESSAGE][PASSED] - 2 options of object 'Object Repository/Inpatient Request/Page_Store/select_--Select--BA2910' counted

2018-05-14 15:49:46 - [TEST_STEP][PASSED] - Statement - For ([k = 1, k <= BatchNo - 1, (k++)]): null

2018-05-14 15:49:46 - [TEST_STEP][PASSED] - selectOptionByIndex: All options with index in [1] are selected on object 'Object Repository/Inpatient Request/Page_Store/select_--Select--BA2910'

2018-05-14 15:49:46 - [MESSAGE][PASSED] - All options with index in [1] are selected on object 'Object Repository/Inpatient Request/Page_Store/select_--Select--BA2910'

2018-05-14 15:49:46 - [TEST_STEP][PASSED] - delay: Delayed 2 second(s)

2018-05-14 15:49:48 - [MESSAGE][PASSED] - Delayed 2 second(s)

2018-05-14 15:49:48 - [TEST_STEP][PASSED] - Statement - StockQty = com.kms.katalon.core.webui.keyword.WebUiBuiltInKeywords.getAttribute(com.kms.katalon.core.testobject.ObjectRepository.findTestObject(Inpatient Request/Page_Store/input_txtprice), "value"): Attribute 'value' of object 'Object Repository/Inpatient Request/Page_Store/input_txtprice' is: '1990'

2018-05-14 15:49:48 - [MESSAGE][PASSED] - Attribute 'value' of object 'Object Repository/Inpatient Request/Page_Store/input_txtprice' is: '1990'

2018-05-14 15:49:48 - [TEST_STEP][PASSED] - Statement - out.println("StockQty IS : " + StockQty): null

2018-05-14 15:49:48 - [TEST_STEP][PASSED] - Statement - If (java.lang.String.valueOf(StockQty) > java.lang.String.valueOf(RequestedQty)): null

2018-05-14 15:49:48 - [TEST_STEP][PASSED] - delay: Delayed 1 second(s)

2018-05-14 15:49:49 - [MESSAGE][PASSED] - Delayed 1 second(s)

2018-05-14 15:49:49 - [TEST_STEP][PASSED] - setText: Text '5' is set on object 'Object Repository/Inpatient Request/Page_Store/input_txtqty'

2018-05-14 15:49:49 - [MESSAGE][PASSED] - Text '5' is set on object 'Object Repository/Inpatient Request/Page_Store/input_txtqty'

2018-05-14 15:49:49 - [TEST_STEP][PASSED] - click: Object: 'Object Repository/Inpatient Request/Page_Store/button_Add' is clicked on

2018-05-14 15:49:54 - [MESSAGE][PASSED] - Object: 'Object Repository/Inpatient Request/Page_Store/button_Add' is clicked on

2018-05-14 15:49:54 - [TEST_STEP][PASSED] - Statement - Break: null

2018-05-14 15:49:55 - [TEST_STEP][PASSED] - selectOptionByIndex: All options with index in [16] are selected on object 'Object Repository/Inpatient Request/Page_Store/select_--Select--Alcohol Rub i'

2018-05-14 15:49:55 - [MESSAGE][PASSED] - All options with index in [16] are selected on object 'Object Repository/Inpatient Request/Page_Store/select_--Select--Alcohol Rub i'

2018-05-14 15:49:55 - [TEST_STEP][PASSED] - delay: Delayed 2 second(s)

2018-05-14 15:49:57 - [MESSAGE][PASSED] - Delayed 2 second(s)

2018-05-14 15:49:57 - [TEST_STEP][PASSED] - Statement - RequestedQty = com.kms.katalon.core.webui.keyword.WebUiBuiltInKeywords.getAttribute(com.kms.katalon.core.testobject.ObjectRepository.findTestObject(Inpatient Request/Page_Store/input_txttotal), "value"): Attribute 'value' of object 'Object Repository/Inpatient Request/Page_Store/input_txttotal' is: '5'

2018-05-14 15:49:57 - [MESSAGE][PASSED] - Attribute 'value' of object 'Object Repository/Inpatient Request/Page_Store/input_txttotal' is: '5'

2018-05-14 15:49:57 - [TEST_STEP][PASSED] - Statement - out.println("RequestedQty IS : " + RequestedQty): null

2018-05-14 15:49:57 - [TEST_STEP][PASSED] - Statement - BatchNo = com.kms.katalon.core.webui.keyword.WebUiBuiltInKeywords.getNumberOfTotalOption(com.kms.katalon.core.testobject.ObjectRepository.findTestObject(Inpatient Request/Page_Store/select_--Select--BA2910)): 2 options of object 'Object Repository/Inpatient Request/Page_Store/select_--Select--BA2910' counted

2018-05-14 15:49:57 - [MESSAGE][PASSED] - 2 options of object 'Object Repository/Inpatient Request/Page_Store/select_--Select--BA2910' counted

2018-05-14 15:49:57 - [TEST_STEP][PASSED] - Statement - For ([k = 1, k <= BatchNo - 1, (k++)]): null

2018-05-14 15:49:57 - [TEST_STEP][PASSED] - selectOptionByIndex: All options with index in [1] are selected on object 'Object Repository/Inpatient Request/Page_Store/select_--Select--BA2910'

2018-05-14 15:49:57 - [MESSAGE][PASSED] - All options with index in [1] are selected on object 'Object Repository/Inpatient Request/Page_Store/select_--Select--BA2910'

2018-05-14 15:49:57 - [TEST_STEP][PASSED] - delay: Delayed 2 second(s)

2018-05-14 15:49:59 - [MESSAGE][PASSED] - Delayed 2 second(s)

2018-05-14 15:49:59 - [TEST_STEP][PASSED] - Statement - StockQty = com.kms.katalon.core.webui.keyword.WebUiBuiltInKeywords.getAttribute(com.kms.katalon.core.testobject.ObjectRepository.findTestObject(Inpatient Request/Page_Store/input_txtprice), "value"): Attribute 'value' of object 'Object Repository/Inpatient Request/Page_Store/input_txtprice' is: '990'

2018-05-14 15:49:59 - [MESSAGE][PASSED] - Attribute 'value' of object 'Object Repository/Inpatient Request/Page_Store/input_txtprice' is: '990'

2018-05-14 15:49:59 - [TEST_STEP][PASSED] - Statement - out.println("StockQty IS : " + StockQty): null

2018-05-14 15:49:59 - [TEST_STEP][PASSED] - Statement - If (java.lang.String.valueOf(StockQty) > java.lang.String.valueOf(RequestedQty)): null

2018-05-14 15:49:59 - [TEST_STEP][PASSED] - delay: Delayed 1 second(s)

2018-05-14 15:50:00 - [MESSAGE][PASSED] - Delayed 1 second(s)

2018-05-14 15:50:00 - [TEST_STEP][PASSED] - setText: Text '5' is set on object 'Object Repository/Inpatient Request/Page_Store/input_txtqty'

2018-05-14 15:50:00 - [MESSAGE][PASSED] - Text '5' is set on object 'Object Repository/Inpatient Request/Page_Store/input_txtqty'

2018-05-14 15:50:00 - [TEST_STEP][PASSED] - click: Object: 'Object Repository/Inpatient Request/Page_Store/button_Add' is clicked on

2018-05-14 15:50:05 - [MESSAGE][PASSED] - Object: 'Object Repository/Inpatient Request/Page_Store/button_Add' is clicked on

2018-05-14 15:50:05 - [TEST_STEP][PASSED] - Statement - Break: null

2018-05-14 15:50:05 - [TEST_STEP][PASSED] - selectOptionByIndex: All options with index in [17] are selected on object 'Object Repository/Inpatient Request/Page_Store/select_--Select--Alcohol Rub i'

2018-05-14 15:50:06 - [MESSAGE][PASSED] - All options with index in [17] are selected on object 'Object Repository/Inpatient Request/Page_Store/select_--Select--Alcohol Rub i'

2018-05-14 15:50:06 - [TEST_STEP][PASSED] - delay: Delayed 2 second(s)

2018-05-14 15:50:08 - [MESSAGE][PASSED] - Delayed 2 second(s)

2018-05-14 15:50:08 - [TEST_STEP][PASSED] - Statement - RequestedQty = com.kms.katalon.core.webui.keyword.WebUiBuiltInKeywords.getAttribute(com.kms.katalon.core.testobject.ObjectRepository.findTestObject(Inpatient Request/Page_Store/input_txttotal), "value"): Attribute 'value' of object 'Object Repository/Inpatient Request/Page_Store/input_txttotal' is: '5'

2018-05-14 15:50:08 - [MESSAGE][PASSED] - Attribute 'value' of object 'Object Repository/Inpatient Request/Page_Store/input_txttotal' is: '5'

2018-05-14 15:50:08 - [TEST_STEP][PASSED] - Statement - out.println("RequestedQty IS : " + RequestedQty): null

2018-05-14 15:50:08 - [TEST_STEP][PASSED] - Statement - BatchNo = com.kms.katalon.core.webui.keyword.WebUiBuiltInKeywords.getNumberOfTotalOption(com.kms.katalon.core.testobject.ObjectRepository.findTestObject(Inpatient Request/Page_Store/select_--Select--BA2910)): 2 options of object 'Object Repository/Inpatient Request/Page_Store/select_--Select--BA2910' counted

2018-05-14 15:50:08 - [MESSAGE][PASSED] - 2 options of object 'Object Repository/Inpatient Request/Page_Store/select_--Select--BA2910' counted

2018-05-14 15:50:08 - [TEST_STEP][PASSED] - Statement - For ([k = 1, k <= BatchNo - 1, (k++)]): null

2018-05-14 15:50:08 - [TEST_STEP][PASSED] - selectOptionByIndex: All options with index in [1] are selected on object 'Object Repository/Inpatient Request/Page_Store/select_--Select--BA2910'

2018-05-14 15:50:08 - [MESSAGE][PASSED] - All options with index in [1] are selected on object 'Object Repository/Inpatient Request/Page_Store/select_--Select--BA2910'

2018-05-14 15:50:08 - [TEST_STEP][PASSED] - delay: Delayed 2 second(s)

2018-05-14 15:50:10 - [MESSAGE][PASSED] - Delayed 2 second(s)

2018-05-14 15:50:10 - [TEST_STEP][PASSED] - Statement - StockQty = com.kms.katalon.core.webui.keyword.WebUiBuiltInKeywords.getAttribute(com.kms.katalon.core.testobject.ObjectRepository.findTestObject(Inpatient Request/Page_Store/input_txtprice), "value"): Attribute 'value' of object 'Object Repository/Inpatient Request/Page_Store/input_txtprice' is: '1000'

2018-05-14 15:50:10 - [MESSAGE][PASSED] - Attribute 'value' of object 'Object Repository/Inpatient Request/Page_Store/input_txtprice' is: '1000'

2018-05-14 15:50:10 - [TEST_STEP][PASSED] - Statement - out.println("StockQty IS : " + StockQty): null

2018-05-14 15:50:10 - [TEST_STEP][PASSED] - Statement - If (java.lang.String.valueOf(StockQty) > java.lang.String.valueOf(RequestedQty)): null

2018-05-14 15:50:10 - [TEST_STEP][PASSED] - Statement - Else: null

2018-05-14 15:50:10 - [TEST_STEP][PASSED] - Statement - out.println("Stock Is Less Than Requested Qty"): null

2018-05-14 15:50:10 - [TEST_STEP][PASSED] - scrollToElement: Scroll to object 'Object Repository/Inpatient Request/Page_Store/input_btnSubmit' successfully

2018-05-14 15:50:10 - [MESSAGE][PASSED] - Scroll to object 'Object Repository/Inpatient Request/Page_Store/input_btnSubmit' successfully

2018-05-14 15:50:10 - [TEST_STEP][PASSED] - click: Object: 'Object Repository/Inpatient Request/Page_Store/input_btnSubmit' is clicked on

2018-05-14 15:50:15 - [MESSAGE][PASSED] - Object: 'Object Repository/Inpatient Request/Page_Store/input_btnSubmit' is clicked on

2018-05-14 15:50:15 - [TEST_STEP][PASSED] - delay: Delayed 3 second(s)

2018-05-14 15:50:18 - [MESSAGE][PASSED] - Delayed 3 second(s)

2018-05-14 15:50:18 - [TEST_STEP][PASSED] - click: Object: 'Object Repository/Inpatient Request/Page_Store/button_OK' is clicked on

2018-05-14 15:50:24 - [MESSAGE][PASSED] - Object: 'Object Repository/Inpatient Request/Page_Store/button_OK' is clicked on

2018-05-14 15:50:24 - [TEST_STEP][PASSED] - delay: Delayed 3 second(s)

2018-05-14 15:50:27 - [MESSAGE][PASSED] - Delayed 3 second(s)

2018-05-14 15:50:27 - [TEST_STEP][FAILED] - click: Unable to click on object 'Object Repository/Inpatient Request/Page_Store/a_dropdown-toggle' (Root cause: com.kms.katalon.core.webui.exception.WebElementNotFoundException: Web element with id: 'Object Repository/Inpatient Request/Page_Store/a_dropdown-toggle' located by 'By.xpath: /html[1]/body[@class="skin-blue  pace-done"]/header[@class="header"]/div[@class="row"]/nav[@class="navbar navbar-static-top"]/div[@class="navbar-right"]/ul[@class="nav navbar-nav"]/li[@class="dropdown user user-menu"]/a[@class="dropdown-toggle"][count(. | //*[@class = 'dropdown-toggle' and @data-toggle = 'dropdown']) = count(//*[@class = 'dropdown-toggle' and @data-toggle = 'dropdown'])]' not found)

2018-05-14 15:50:58 - [MESSAGE][FAILED] - Unable to click on object 'Object Repository/Inpatient Request/Page_Store/a_dropdown-toggle' (Root cause: com.kms.katalon.core.webui.exception.WebElementNotFoundException: Web element with id: 'Object Repository/Inpatient Request/Page_Store/a_dropdown-toggle' located by 'By.xpath: /html[1]/body[@class="skin-blue  pace-done"]/header[@class="header"]/div[@class="row"]/nav[@class="navbar navbar-static-top"]/div[@class="navbar-right"]/ul[@class="nav navbar-nav"]/li[@class="dropdown user user-menu"]/a[@class="dropdown-toggle"][count(. | //*[@class = 'dropdown-toggle' and @data-toggle = 'dropdown']) = count(//*[@class = 'dropdown-toggle' and @data-toggle = 'dropdown'])]' not found)
[[ATTACHMENT|C:\\Users\\Quality Analyst\\Katalon Studio\\ds\\Reports\\Inpatient_Suit\\20180514_154305\\1526293258248.png]]]]></system-out>
         <system-err><![CDATA[2018-05-14 15:46:05 - [TEST_CASE][FAILED] - Test Cases/INPATIENT TEST CASES/TC_INR_002 Verify Schedule 8 Inpatient Request Are Working Successfully Or Not: Test Cases/INPATIENT TEST CASES/TC_INR_002 Verify Schedule 8 Inpatient Request Are Working Successfully Or Not FAILED because (of) Unable to click on object 'Object Repository/Inpatient Request/Page_Store/a_dropdown-toggle' (Root cause: com.kms.katalon.core.webui.exception.WebElementNotFoundException: Web element with id: 'Object Repository/Inpatient Request/Page_Store/a_dropdown-toggle' located by 'By.xpath: /html[1]/body[@class="skin-blue  pace-done"]/header[@class="header"]/div[@class="row"]/nav[@class="navbar navbar-static-top"]/div[@class="navbar-right"]/ul[@class="nav navbar-nav"]/li[@class="dropdown user user-menu"]/a[@class="dropdown-toggle"][count(. | //*[@class = 'dropdown-toggle' and @data-toggle = 'dropdown']) = count(//*[@class = 'dropdown-toggle' and @data-toggle = 'dropdown'])]' not found)]]></system-err>
      </testcase>
      <testcase name="Test Cases/INPATIENT TEST CASES/TC_INR_003 Verify Schedule 12 Inpatient Request Are Working Successfully Or Not" classname="Test Cases/INPATIENT TEST CASES/TC_INR_003 Verify Schedule 12 Inpatient Request Are Working Successfully Or Not" status="FAILED">
         <failure type="FAILED" message="Unable to click on object 'Object Repository/Inpatient Request/Page_KDMC/a_In Patient' (Root cause: org.openqa.selenium.NoSuchWindowException: no such window: target window already closed
from unknown error: web view not found
  (Session info: chrome=66.0.3359.139)
  (Driver info: chromedriver=2.35.528161 (5b82f2d2aae0ca24b877009200ced9065a772e73),platform=Windows NT 10.0.16299 x86_64) (WARNING: The server did not provide any stacktrace information)
Command duration or timeout: 0 milliseconds
Build info: version: '3.7.1', revision: '8a0099a', time: '2017-11-06T21:07:36.161Z'
System info: host: 'DESKTOP-BLFTK83', ip: '192.168.71.2', os.name: 'Windows 10', os.arch: 'amd64', os.version: '10.0', java.version: '1.8.0_102'
Driver info: com.kms.katalon.selenium.driver.CChromeDriver
Capabilities {acceptInsecureCerts: false, acceptSslCerts: false, applicationCacheEnabled: false, browserConnectionEnabled: false, browserName: chrome, chrome: {chromedriverVersion: 2.35.528161 (5b82f2d2aae0ca..., userDataDir: C:\Users\QUALIT~1\AppData\L...}, cssSelectorsEnabled: true, databaseEnabled: false, handlesAlerts: true, hasTouchScreen: false, javascriptEnabled: true, locationContextEnabled: true, mobileEmulationEnabled: false, nativeEvents: true, networkConnectionEnabled: false, pageLoadStrategy: normal, platform: XP, platformName: XP, rotatable: false, setWindowRect: true, takesHeapSnapshot: true, takesScreenshot: true, unexpectedAlertBehaviour: , unhandledPromptBehavior: , version: 66.0.3359.139, webStorageEnabled: true}
Session ID: 9397f27ca8d12539996f45568818d5ac
*** Element info: {Using=xpath, value=//a[@href = 'InpatientLogin.aspx' and @title = 'In Patient' and (text() = 'In Patient' or . = 'In Patient')]})"/>
         <system-out><![CDATA[2018-05-14 15:50:58 - [TEST_CASE][FAILED] - Test Cases/INPATIENT TEST CASES/TC_INR_003 Verify Schedule 12 Inpatient Request Are Working Successfully Or Not: Test Cases/INPATIENT TEST CASES/TC_INR_003 Verify Schedule 12 Inpatient Request Are Working Successfully Or Not FAILED because (of) Unable to click on object 'Object Repository/Inpatient Request/Page_KDMC/a_In Patient' (Root cause: org.openqa.selenium.NoSuchWindowException: no such window: target window already closed
from unknown error: web view not found
  (Session info: chrome=66.0.3359.139)
  (Driver info: chromedriver=2.35.528161 (5b82f2d2aae0ca24b877009200ced9065a772e73),platform=Windows NT 10.0.16299 x86_64) (WARNING: The server did not provide any stacktrace information)
Command duration or timeout: 0 milliseconds
Build info: version: '3.7.1', revision: '8a0099a', time: '2017-11-06T21:07:36.161Z'
System info: host: 'DESKTOP-BLFTK83', ip: '192.168.71.2', os.name: 'Windows 10', os.arch: 'amd64', os.version: '10.0', java.version: '1.8.0_102'
Driver info: com.kms.katalon.selenium.driver.CChromeDriver
Capabilities {acceptInsecureCerts: false, acceptSslCerts: false, applicationCacheEnabled: false, browserConnectionEnabled: false, browserName: chrome, chrome: {chromedriverVersion: 2.35.528161 (5b82f2d2aae0ca..., userDataDir: C:\Users\QUALIT~1\AppData\L...}, cssSelectorsEnabled: true, databaseEnabled: false, handlesAlerts: true, hasTouchScreen: false, javascriptEnabled: true, locationContextEnabled: true, mobileEmulationEnabled: false, nativeEvents: true, networkConnectionEnabled: false, pageLoadStrategy: normal, platform: XP, platformName: XP, rotatable: false, setWindowRect: true, takesHeapSnapshot: true, takesScreenshot: true, unexpectedAlertBehaviour: , unhandledPromptBehavior: , version: 66.0.3359.139, webStorageEnabled: true}
Session ID: 9397f27ca8d12539996f45568818d5ac
*** Element info: {Using=xpath, value=//a[@href = 'InpatientLogin.aspx' and @title = 'In Patient' and (text() = 'In Patient' or . = 'In Patient')]})

2018-05-14 15:50:58 - [TEST_STEP][PASSED] - openBrowser: Browser is opened with url: ''

2018-05-14 15:50:58 - [MESSAGE][WARNING] - A browser is already opened. Closing browser and opening a new one

2018-05-14 15:51:01 - [MESSAGE][PASSED] - Browser is opened with url: ''

2018-05-14 15:51:01 - [TEST_STEP][PASSED] - Statement - out.println("Verify Schedule 12 Inpatient Request Are Working Successfully Or Not"): null

2018-05-14 15:51:01 - [TEST_STEP][PASSED] - navigateToUrl: Navigate to 'http://192.168.137.1/multihospital_new/' successfully

2018-05-14 15:51:03 - [MESSAGE][PASSED] - Navigate to 'http://192.168.137.1/multihospital_new/' successfully

2018-05-14 15:51:03 - [TEST_STEP][PASSED] - maximizeWindow: Current window maximized

2018-05-14 15:51:09 - [MESSAGE][PASSED] - Current window maximized

2018-05-14 15:51:09 - [TEST_STEP][FAILED] - click: Unable to click on object 'Object Repository/Inpatient Request/Page_KDMC/a_In Patient' (Root cause: org.openqa.selenium.NoSuchWindowException: no such window: target window already closed
from unknown error: web view not found
  (Session info: chrome=66.0.3359.139)
  (Driver info: chromedriver=2.35.528161 (5b82f2d2aae0ca24b877009200ced9065a772e73),platform=Windows NT 10.0.16299 x86_64) (WARNING: The server did not provide any stacktrace information)
Command duration or timeout: 0 milliseconds
Build info: version: '3.7.1', revision: '8a0099a', time: '2017-11-06T21:07:36.161Z'
System info: host: 'DESKTOP-BLFTK83', ip: '192.168.71.2', os.name: 'Windows 10', os.arch: 'amd64', os.version: '10.0', java.version: '1.8.0_102'
Driver info: com.kms.katalon.selenium.driver.CChromeDriver
Capabilities {acceptInsecureCerts: false, acceptSslCerts: false, applicationCacheEnabled: false, browserConnectionEnabled: false, browserName: chrome, chrome: {chromedriverVersion: 2.35.528161 (5b82f2d2aae0ca..., userDataDir: C:\Users\QUALIT~1\AppData\L...}, cssSelectorsEnabled: true, databaseEnabled: false, handlesAlerts: true, hasTouchScreen: false, javascriptEnabled: true, locationContextEnabled: true, mobileEmulationEnabled: false, nativeEvents: true, networkConnectionEnabled: false, pageLoadStrategy: normal, platform: XP, platformName: XP, rotatable: false, setWindowRect: true, takesHeapSnapshot: true, takesScreenshot: true, unexpectedAlertBehaviour: , unhandledPromptBehavior: , version: 66.0.3359.139, webStorageEnabled: true}
Session ID: 9397f27ca8d12539996f45568818d5ac
*** Element info: {Using=xpath, value=//a[@href = 'InpatientLogin.aspx' and @title = 'In Patient' and (text() = 'In Patient' or . = 'In Patient')]})

2018-05-14 15:51:09 - [MESSAGE][WARNING] - Cannot take screenshot

2018-05-14 15:51:09 - [MESSAGE][FAILED] - Unable to click on object 'Object Repository/Inpatient Request/Page_KDMC/a_In Patient' (Root cause: org.openqa.selenium.NoSuchWindowException: no such window: target window already closed
from unknown error: web view not found
  (Session info: chrome=66.0.3359.139)
  (Driver info: chromedriver=2.35.528161 (5b82f2d2aae0ca24b877009200ced9065a772e73),platform=Windows NT 10.0.16299 x86_64) (WARNING: The server did not provide any stacktrace information)
Command duration or timeout: 0 milliseconds
Build info: version: '3.7.1', revision: '8a0099a', time: '2017-11-06T21:07:36.161Z'
System info: host: 'DESKTOP-BLFTK83', ip: '192.168.71.2', os.name: 'Windows 10', os.arch: 'amd64', os.version: '10.0', java.version: '1.8.0_102'
Driver info: com.kms.katalon.selenium.driver.CChromeDriver
Capabilities {acceptInsecureCerts: false, acceptSslCerts: false, applicationCacheEnabled: false, browserConnectionEnabled: false, browserName: chrome, chrome: {chromedriverVersion: 2.35.528161 (5b82f2d2aae0ca..., userDataDir: C:\Users\QUALIT~1\AppData\L...}, cssSelectorsEnabled: true, databaseEnabled: false, handlesAlerts: true, hasTouchScreen: false, javascriptEnabled: true, locationContextEnabled: true, mobileEmulationEnabled: false, nativeEvents: true, networkConnectionEnabled: false, pageLoadStrategy: normal, platform: XP, platformName: XP, rotatable: false, setWindowRect: true, takesHeapSnapshot: true, takesScreenshot: true, unexpectedAlertBehaviour: , unhandledPromptBehavior: , version: 66.0.3359.139, webStorageEnabled: true}
Session ID: 9397f27ca8d12539996f45568818d5ac
*** Element info: {Using=xpath, value=//a[@href = 'InpatientLogin.aspx' and @title = 'In Patient' and (text() = 'In Patient' or . = 'In Patient')]})]]></system-out>
         <system-err><![CDATA[2018-05-14 15:50:58 - [TEST_CASE][FAILED] - Test Cases/INPATIENT TEST CASES/TC_INR_003 Verify Schedule 12 Inpatient Request Are Working Successfully Or Not: Test Cases/INPATIENT TEST CASES/TC_INR_003 Verify Schedule 12 Inpatient Request Are Working Successfully Or Not FAILED because (of) Unable to click on object 'Object Repository/Inpatient Request/Page_KDMC/a_In Patient' (Root cause: org.openqa.selenium.NoSuchWindowException: no such window: target window already closed
from unknown error: web view not found
  (Session info: chrome=66.0.3359.139)
  (Driver info: chromedriver=2.35.528161 (5b82f2d2aae0ca24b877009200ced9065a772e73),platform=Windows NT 10.0.16299 x86_64) (WARNING: The server did not provide any stacktrace information)
Command duration or timeout: 0 milliseconds
Build info: version: '3.7.1', revision: '8a0099a', time: '2017-11-06T21:07:36.161Z'
System info: host: 'DESKTOP-BLFTK83', ip: '192.168.71.2', os.name: 'Windows 10', os.arch: 'amd64', os.version: '10.0', java.version: '1.8.0_102'
Driver info: com.kms.katalon.selenium.driver.CChromeDriver
Capabilities {acceptInsecureCerts: false, acceptSslCerts: false, applicationCacheEnabled: false, browserConnectionEnabled: false, browserName: chrome, chrome: {chromedriverVersion: 2.35.528161 (5b82f2d2aae0ca..., userDataDir: C:\Users\QUALIT~1\AppData\L...}, cssSelectorsEnabled: true, databaseEnabled: false, handlesAlerts: true, hasTouchScreen: false, javascriptEnabled: true, locationContextEnabled: true, mobileEmulationEnabled: false, nativeEvents: true, networkConnectionEnabled: false, pageLoadStrategy: normal, platform: XP, platformName: XP, rotatable: false, setWindowRect: true, takesHeapSnapshot: true, takesScreenshot: true, unexpectedAlertBehaviour: , unhandledPromptBehavior: , version: 66.0.3359.139, webStorageEnabled: true}
Session ID: 9397f27ca8d12539996f45568818d5ac
*** Element info: {Using=xpath, value=//a[@href = 'InpatientLogin.aspx' and @title = 'In Patient' and (text() = 'In Patient' or . = 'In Patient')]})]]></system-err>
      </testcase>
      <system-out><![CDATA[2018-05-14 15:43:11 - [TEST_SUITE][FAILED] - Inpatient_Suit: Test Cases/INPATIENT TEST CASES/TC_INR_002 Verify Schedule 8 Inpatient Request Are Working Successfully Or Not FAILED because (of) Unable to click on object 'Object Repository/Inpatient Request/Page_Store/a_dropdown-toggle' (Root cause: com.kms.katalon.core.webui.exception.WebElementNotFoundException: Web element with id: 'Object Repository/Inpatient Request/Page_Store/a_dropdown-toggle' located by 'By.xpath: /html[1]/body[@class="skin-blue  pace-done"]/header[@class="header"]/div[@class="row"]/nav[@class="navbar navbar-static-top"]/div[@class="navbar-right"]/ul[@class="nav navbar-nav"]/li[@class="dropdown user user-menu"]/a[@class="dropdown-toggle"][count(. | //*[@class = 'dropdown-toggle' and @data-toggle = 'dropdown']) = count(//*[@class = 'dropdown-toggle' and @data-toggle = 'dropdown'])]' not found)]]></system-out>
      <system-err><![CDATA[2018-05-14 15:43:11 - [TEST_SUITE][FAILED] - Inpatient_Suit: Test Cases/INPATIENT TEST CASES/TC_INR_002 Verify Schedule 8 Inpatient Request Are Working Successfully Or Not FAILED because (of) Unable to click on object 'Object Repository/Inpatient Request/Page_Store/a_dropdown-toggle' (Root cause: com.kms.katalon.core.webui.exception.WebElementNotFoundException: Web element with id: 'Object Repository/Inpatient Request/Page_Store/a_dropdown-toggle' located by 'By.xpath: /html[1]/body[@class="skin-blue  pace-done"]/header[@class="header"]/div[@class="row"]/nav[@class="navbar navbar-static-top"]/div[@class="navbar-right"]/ul[@class="nav navbar-nav"]/li[@class="dropdown user user-menu"]/a[@class="dropdown-toggle"][count(. | //*[@class = 'dropdown-toggle' and @data-toggle = 'dropdown']) = count(//*[@class = 'dropdown-toggle' and @data-toggle = 'dropdown'])]' not found)]]></system-err>
   </testsuite>
</testsuites>
