<?xml version="1.0" encoding="UTF-8"?>
<testsuites name="Moh_Request" time="966" tests="8" failures="4" errors="0">
   <testsuite name="Moh_Request" tests="8" failures="4" errors="0" time="966" timestamp="2018-05-21 12:46:00" hostname="Quality Analyst - DESKTOP-BLFTK83" id="Test Suites/Moh_Request">
      <properties>
         <property name="deviceName" value=""/>
         <property name="devicePlatform" value=""/>
         <property name="logFolder" value="C:\\Users\\Quality Analyst\\Katalon Studio\\ds\\Reports\\Moh_Request\\20180521_095838"/>
         <property name="logFiles" value="C:\\Users\\Quality Analyst\\Katalon Studio\\ds\\Reports\\Moh_Request\\20180521_095838\\execution0.log, C:\\Users\\Quality Analyst\\Katalon Studio\\ds\\Reports\\Moh_Request\\20180521_095838\\execution1.log"/>
         <property name="attachments" value="C:\\Users\\Quality Analyst\\Katalon Studio\\ds\\Reports\\Moh_Request\\20180521_095838\\1526887005379.png, C:\\Users\\Quality Analyst\\Katalon Studio\\ds\\Reports\\Moh_Request\\20180521_095838\\1526887371422.png, C:\\Users\\Quality Analyst\\Katalon Studio\\ds\\Reports\\Moh_Request\\20180521_095838\\1526887880776.png, C:\\Users\\Quality Analyst\\Katalon Studio\\ds\\Reports\\Moh_Request\\20180521_095838\\1526887926233.png"/>
         <property name="hostName" value="Quality Analyst - DESKTOP-BLFTK83"/>
         <property name="os" value="Windows 10 64bit"/>
         <property name="katalonVersion" value="5.4.1.1"/>
         <property name="browser" value="Chrome 66.0.3359.139"/>
         <property name="hostAddress" value="192.168.71.2"/>
         <property name="sessionId" value="166bcb622ad4376ef3dd7cf77e4e7518"/>
         <property name="seleniumVersion" value="3.7.1"/>
         <property name="proxyInformation" value="ProxyInformation{proxyOption=NO_PROXY, proxyServerType=HTTP, password=, proxyServerAddress=, proxyServerPort=0}"/>
         <property name="platform" value="Windows 10"/>
      </properties>
      <testcase name="Test Cases/TEST/MOH TO CMS REQUEST TEST CASES/MohRequestSchedule1" classname="Test Cases/TEST/MOH TO CMS REQUEST TEST CASES/MohRequestSchedule1" status="FAILED">
         <failure type="FAILED" message="Unable to get total options of object 'Object Repository/Schedule1/Page_KDMC - CMS/select_--Select--Adernaline 0.' (Root cause: com.kms.katalon.core.webui.exception.WebElementNotFoundException: Web element with id: 'Object Repository/Schedule1/Page_KDMC - CMS/select_--Select--Adernaline 0.' located by 'By.xpath: //select[@id = 'optmedicine' and (text() = '--Select--Adernaline 0.1% Aqueous -1mgAmikacin -500 mgAmikacin -100 mgAminophylline -25 mgAmoxycillin 1000mg. Clavulanic Acid 200mg - AdultAmoxycillin 1000mg. Clavulanic Acid 50mg - PaedatricAnti Snake VenomAnti-Rabies VaccineArtesunate 60mg with sodium bicarbonate 5% 1ml, sodium chloride 0.9% 5ml-60 mgAtopine Sulphate -0.6 mgBupivacaine HCL Heavy-20 mgCalcium Gluconate 10%Caprecomycin-750 mgCaprecomycin-1000 mgCarboprost tromethamine -250 mgCefoperazone 1000mg with sulbactam 500 mgCefotaxaime -1 gmCeftrioxone-1 gmCiprofloxacin-200 mgCiprofloxacin-200 mgDexamethasone phosphate-4 mgDextrose Anhydrous 25% 100 ml.Diclofenac Sodium -25 mgDicyclomin -20 mgDopmine Hydrochloride-200 mgDrotaverine -40 mgEtophylline and Theophylline -220 mgFrusemide -10 mgHydrocortisone sodium succinate-100 mgIron Suorose-20 mgKanamycin -500 mgKanamycin -1000 mgMannitol-20 gMephentaramine Sulphate-30 mgMethyl Ergometrine -0.2 mgMetronidazole IV -5 mgMidazolam -1 mgMultivitamin Ondensetron-2 mgOxytocin -8.5 micro gramPaediatric maintenance solution with 5% Dextrose-500 mlPAM (Pralidoxime Chloride)-500 mgPantoprazole -40 mgParacetamol I V-10 mgPentazocine Lactate 30mg/ml.-30 mgPheniramine Maleate -22.75 mgPhenytoin Sodium-50  mgPiperacillin 4000 mg., Tazobactam 500 mgProductTEST-500Promethazine Hydrochloride 2.5%-2 mgPropofol -10 mgRanitidine -25 mgRinger Lactate IVSalbutamol-500sodium Bicarbonate 7.5%-3.75 mgSodium Chloride 0.9% (Non returnable glass bots of non toxic plastic containers)-500 mlSodium Chloride 0.9% (Non returnable glass bots of non toxic plastic containers)-100 mlStreptomycin-750 mgTESTsome-100Tramadol Hydrochloride -100 mgValethamate Bromide -8 mgVit. K1 10mg-10 mgWater for injection I.P.-5 ml' or . = '--Select--Adernaline 0.1% Aqueous -1mgAmikacin -500 mgAmikacin -100 mgAminophylline -25 mgAmoxycillin 1000mg. Clavulanic Acid 200mg - AdultAmoxycillin 1000mg. Clavulanic Acid 50mg - PaedatricAnti Snake VenomAnti-Rabies VaccineArtesunate 60mg with sodium bicarbonate 5% 1ml, sodium chloride 0.9% 5ml-60 mgAtopine Sulphate -0.6 mgBupivacaine HCL Heavy-20 mgCalcium Gluconate 10%Caprecomycin-750 mgCaprecomycin-1000 mgCarboprost tromethamine -250 mgCefoperazone 1000mg with sulbactam 500 mgCefotaxaime -1 gmCeftrioxone-1 gmCiprofloxacin-200 mgCiprofloxacin-200 mgDexamethasone phosphate-4 mgDextrose Anhydrous 25% 100 ml.Diclofenac Sodium -25 mgDicyclomin -20 mgDopmine Hydrochloride-200 mgDrotaverine -40 mgEtophylline and Theophylline -220 mgFrusemide -10 mgHydrocortisone sodium succinate-100 mgIron Suorose-20 mgKanamycin -500 mgKanamycin -1000 mgMannitol-20 gMephentaramine Sulphate-30 mgMethyl Ergometrine -0.2 mgMetronidazole IV -5 mgMidazolam -1 mgMultivitamin Ondensetron-2 mgOxytocin -8.5 micro gramPaediatric maintenance solution with 5% Dextrose-500 mlPAM (Pralidoxime Chloride)-500 mgPantoprazole -40 mgParacetamol I V-10 mgPentazocine Lactate 30mg/ml.-30 mgPheniramine Maleate -22.75 mgPhenytoin Sodium-50  mgPiperacillin 4000 mg., Tazobactam 500 mgProductTEST-500Promethazine Hydrochloride 2.5%-2 mgPropofol -10 mgRanitidine -25 mgRinger Lactate IVSalbutamol-500sodium Bicarbonate 7.5%-3.75 mgSodium Chloride 0.9% (Non returnable glass bots of non toxic plastic containers)-500 mlSodium Chloride 0.9% (Non returnable glass bots of non toxic plastic containers)-100 mlStreptomycin-750 mgTESTsome-100Tramadol Hydrochloride -100 mgValethamate Bromide -8 mgVit. K1 10mg-10 mgWater for injection I.P.-5 ml')]' not found)"/>
         <system-out><![CDATA[2018-05-21 12:46:00 - [TEST_CASE][FAILED] - Test Cases/TEST/MOH TO CMS REQUEST TEST CASES/MohRequestSchedule1: Test Cases/TEST/MOH TO CMS REQUEST TEST CASES/MohRequestSchedule1 FAILED because (of) Unable to get total options of object 'Object Repository/Schedule1/Page_KDMC - CMS/select_--Select--Adernaline 0.' (Root cause: com.kms.katalon.core.webui.exception.WebElementNotFoundException: Web element with id: 'Object Repository/Schedule1/Page_KDMC - CMS/select_--Select--Adernaline 0.' located by 'By.xpath: //select[@id = 'optmedicine' and (text() = '--Select--Adernaline 0.1% Aqueous -1mgAmikacin -500 mgAmikacin -100 mgAminophylline -25 mgAmoxycillin 1000mg. Clavulanic Acid 200mg - AdultAmoxycillin 1000mg. Clavulanic Acid 50mg - PaedatricAnti Snake VenomAnti-Rabies VaccineArtesunate 60mg with sodium bicarbonate 5% 1ml, sodium chloride 0.9% 5ml-60 mgAtopine Sulphate -0.6 mgBupivacaine HCL Heavy-20 mgCalcium Gluconate 10%Caprecomycin-750 mgCaprecomycin-1000 mgCarboprost tromethamine -250 mgCefoperazone 1000mg with sulbactam 500 mgCefotaxaime -1 gmCeftrioxone-1 gmCiprofloxacin-200 mgCiprofloxacin-200 mgDexamethasone phosphate-4 mgDextrose Anhydrous 25% 100 ml.Diclofenac Sodium -25 mgDicyclomin -20 mgDopmine Hydrochloride-200 mgDrotaverine -40 mgEtophylline and Theophylline -220 mgFrusemide -10 mgHydrocortisone sodium succinate-100 mgIron Suorose-20 mgKanamycin -500 mgKanamycin -1000 mgMannitol-20 gMephentaramine Sulphate-30 mgMethyl Ergometrine -0.2 mgMetronidazole IV -5 mgMidazolam -1 mgMultivitamin Ondensetron-2 mgOxytocin -8.5 micro gramPaediatric maintenance solution with 5% Dextrose-500 mlPAM (Pralidoxime Chloride)-500 mgPantoprazole -40 mgParacetamol I V-10 mgPentazocine Lactate 30mg/ml.-30 mgPheniramine Maleate -22.75 mgPhenytoin Sodium-50  mgPiperacillin 4000 mg., Tazobactam 500 mgProductTEST-500Promethazine Hydrochloride 2.5%-2 mgPropofol -10 mgRanitidine -25 mgRinger Lactate IVSalbutamol-500sodium Bicarbonate 7.5%-3.75 mgSodium Chloride 0.9% (Non returnable glass bots of non toxic plastic containers)-500 mlSodium Chloride 0.9% (Non returnable glass bots of non toxic plastic containers)-100 mlStreptomycin-750 mgTESTsome-100Tramadol Hydrochloride -100 mgValethamate Bromide -8 mgVit. K1 10mg-10 mgWater for injection I.P.-5 ml' or . = '--Select--Adernaline 0.1% Aqueous -1mgAmikacin -500 mgAmikacin -100 mgAminophylline -25 mgAmoxycillin 1000mg. Clavulanic Acid 200mg - AdultAmoxycillin 1000mg. Clavulanic Acid 50mg - PaedatricAnti Snake VenomAnti-Rabies VaccineArtesunate 60mg with sodium bicarbonate 5% 1ml, sodium chloride 0.9% 5ml-60 mgAtopine Sulphate -0.6 mgBupivacaine HCL Heavy-20 mgCalcium Gluconate 10%Caprecomycin-750 mgCaprecomycin-1000 mgCarboprost tromethamine -250 mgCefoperazone 1000mg with sulbactam 500 mgCefotaxaime -1 gmCeftrioxone-1 gmCiprofloxacin-200 mgCiprofloxacin-200 mgDexamethasone phosphate-4 mgDextrose Anhydrous 25% 100 ml.Diclofenac Sodium -25 mgDicyclomin -20 mgDopmine Hydrochloride-200 mgDrotaverine -40 mgEtophylline and Theophylline -220 mgFrusemide -10 mgHydrocortisone sodium succinate-100 mgIron Suorose-20 mgKanamycin -500 mgKanamycin -1000 mgMannitol-20 gMephentaramine Sulphate-30 mgMethyl Ergometrine -0.2 mgMetronidazole IV -5 mgMidazolam -1 mgMultivitamin Ondensetron-2 mgOxytocin -8.5 micro gramPaediatric maintenance solution with 5% Dextrose-500 mlPAM (Pralidoxime Chloride)-500 mgPantoprazole -40 mgParacetamol I V-10 mgPentazocine Lactate 30mg/ml.-30 mgPheniramine Maleate -22.75 mgPhenytoin Sodium-50  mgPiperacillin 4000 mg., Tazobactam 500 mgProductTEST-500Promethazine Hydrochloride 2.5%-2 mgPropofol -10 mgRanitidine -25 mgRinger Lactate IVSalbutamol-500sodium Bicarbonate 7.5%-3.75 mgSodium Chloride 0.9% (Non returnable glass bots of non toxic plastic containers)-500 mlSodium Chloride 0.9% (Non returnable glass bots of non toxic plastic containers)-100 mlStreptomycin-750 mgTESTsome-100Tramadol Hydrochloride -100 mgValethamate Bromide -8 mgVit. K1 10mg-10 mgWater for injection I.P.-5 ml')]' not found)

2018-05-21 12:46:01 - [TEST_STEP][PASSED] - openBrowser: Browser is opened with url: ''

2018-05-21 12:46:03 - [MESSAGE][PASSED] - Browser is opened with url: ''

2018-05-21 12:46:03 - [TEST_STEP][PASSED] - navigateToUrl: Navigate to 'http://192.168.137.1/multihospital_new/' successfully

2018-05-21 12:46:06 - [MESSAGE][PASSED] - Navigate to 'http://192.168.137.1/multihospital_new/' successfully

2018-05-21 12:46:06 - [TEST_STEP][PASSED] - maximizeWindow: Current window maximized

2018-05-21 12:46:08 - [MESSAGE][PASSED] - Current window maximized

2018-05-21 12:46:08 - [TEST_STEP][PASSED] - click: Object: 'Object Repository/Schedule1/Page_KDMC/a_CMS' is clicked on

2018-05-21 12:46:08 - [MESSAGE][PASSED] - Object: 'Object Repository/Schedule1/Page_KDMC/a_CMS' is clicked on

2018-05-21 12:46:08 - [TEST_STEP][PASSED] - setText: Text 'bala' is set on object 'Object Repository/Schedule1/Page_CMS login/input_txtusername'

2018-05-21 12:46:08 - [MESSAGE][PASSED] - Text 'bala' is set on object 'Object Repository/Schedule1/Page_CMS login/input_txtusername'

2018-05-21 12:46:08 - [TEST_STEP][PASSED] - setText: Text '123' is set on object 'Object Repository/Schedule1/Page_CMS login/input_txtpassword'

2018-05-21 12:46:08 - [MESSAGE][PASSED] - Text '123' is set on object 'Object Repository/Schedule1/Page_CMS login/input_txtpassword'

2018-05-21 12:46:08 - [TEST_STEP][PASSED] - delay: Delayed 3 second(s)

2018-05-21 12:46:11 - [MESSAGE][PASSED] - Delayed 3 second(s)

2018-05-21 12:46:11 - [TEST_STEP][PASSED] - click: Object: 'Object Repository/Schedule1/Page_CMS login/button_Sign in' is clicked on

2018-05-21 12:46:13 - [MESSAGE][PASSED] - Object: 'Object Repository/Schedule1/Page_CMS login/button_Sign in' is clicked on

2018-05-21 12:46:13 - [TEST_STEP][PASSED] - click: Object: 'Object Repository/Schedule1/Page_KDMC - CMS/a_Request to MOH' is clicked on

2018-05-21 12:46:13 - [MESSAGE][PASSED] - Object: 'Object Repository/Schedule1/Page_KDMC - CMS/a_Request to MOH' is clicked on

2018-05-21 12:46:13 - [TEST_STEP][PASSED] - selectOptionByIndex: All options with index in [1] are selected on object 'Object Repository/Schedule1/Page_KDMC - CMS/select_--Select--'

2018-05-21 12:46:13 - [MESSAGE][PASSED] - All options with index in [1] are selected on object 'Object Repository/Schedule1/Page_KDMC - CMS/select_--Select--'

2018-05-21 12:46:13 - [TEST_STEP][PASSED] - selectOptionByIndex: All options with index in [1] are selected on object 'Object Repository/Schedule1/Page_KDMC - CMS/select_--Select--Schedule 1Inj'

2018-05-21 12:46:14 - [MESSAGE][PASSED] - All options with index in [1] are selected on object 'Object Repository/Schedule1/Page_KDMC - CMS/select_--Select--Schedule 1Inj'

2018-05-21 12:46:14 - [TEST_STEP][FAILED] - Statement - selectedoptions = com.kms.katalon.core.webui.keyword.WebUiBuiltInKeywords.getNumberOfTotalOption(com.kms.katalon.core.testobject.ObjectRepository.findTestObject(Schedule1/Page_KDMC - CMS/select_--Select--Adernaline 0.)): Unable to get total options of object 'Object Repository/Schedule1/Page_KDMC - CMS/select_--Select--Adernaline 0.' (Root cause: com.kms.katalon.core.webui.exception.WebElementNotFoundException: Web element with id: 'Object Repository/Schedule1/Page_KDMC - CMS/select_--Select--Adernaline 0.' located by 'By.xpath: //select[@id = 'optmedicine' and (text() = '--Select--Adernaline 0.1% Aqueous -1mgAmikacin -500 mgAmikacin -100 mgAminophylline -25 mgAmoxycillin 1000mg. Clavulanic Acid 200mg - AdultAmoxycillin 1000mg. Clavulanic Acid 50mg - PaedatricAnti Snake VenomAnti-Rabies VaccineArtesunate 60mg with sodium bicarbonate 5% 1ml, sodium chloride 0.9% 5ml-60 mgAtopine Sulphate -0.6 mgBupivacaine HCL Heavy-20 mgCalcium Gluconate 10%Caprecomycin-750 mgCaprecomycin-1000 mgCarboprost tromethamine -250 mgCefoperazone 1000mg with sulbactam 500 mgCefotaxaime -1 gmCeftrioxone-1 gmCiprofloxacin-200 mgCiprofloxacin-200 mgDexamethasone phosphate-4 mgDextrose Anhydrous 25% 100 ml.Diclofenac Sodium -25 mgDicyclomin -20 mgDopmine Hydrochloride-200 mgDrotaverine -40 mgEtophylline and Theophylline -220 mgFrusemide -10 mgHydrocortisone sodium succinate-100 mgIron Suorose-20 mgKanamycin -500 mgKanamycin -1000 mgMannitol-20 gMephentaramine Sulphate-30 mgMethyl Ergometrine -0.2 mgMetronidazole IV -5 mgMidazolam -1 mgMultivitamin Ondensetron-2 mgOxytocin -8.5 micro gramPaediatric maintenance solution with 5% Dextrose-500 mlPAM (Pralidoxime Chloride)-500 mgPantoprazole -40 mgParacetamol I V-10 mgPentazocine Lactate 30mg/ml.-30 mgPheniramine Maleate -22.75 mgPhenytoin Sodium-50  mgPiperacillin 4000 mg., Tazobactam 500 mgProductTEST-500Promethazine Hydrochloride 2.5%-2 mgPropofol -10 mgRanitidine -25 mgRinger Lactate IVSalbutamol-500sodium Bicarbonate 7.5%-3.75 mgSodium Chloride 0.9% (Non returnable glass bots of non toxic plastic containers)-500 mlSodium Chloride 0.9% (Non returnable glass bots of non toxic plastic containers)-100 mlStreptomycin-750 mgTESTsome-100Tramadol Hydrochloride -100 mgValethamate Bromide -8 mgVit. K1 10mg-10 mgWater for injection I.P.-5 ml' or . = '--Select--Adernaline 0.1% Aqueous -1mgAmikacin -500 mgAmikacin -100 mgAminophylline -25 mgAmoxycillin 1000mg. Clavulanic Acid 200mg - AdultAmoxycillin 1000mg. Clavulanic Acid 50mg - PaedatricAnti Snake VenomAnti-Rabies VaccineArtesunate 60mg with sodium bicarbonate 5% 1ml, sodium chloride 0.9% 5ml-60 mgAtopine Sulphate -0.6 mgBupivacaine HCL Heavy-20 mgCalcium Gluconate 10%Caprecomycin-750 mgCaprecomycin-1000 mgCarboprost tromethamine -250 mgCefoperazone 1000mg with sulbactam 500 mgCefotaxaime -1 gmCeftrioxone-1 gmCiprofloxacin-200 mgCiprofloxacin-200 mgDexamethasone phosphate-4 mgDextrose Anhydrous 25% 100 ml.Diclofenac Sodium -25 mgDicyclomin -20 mgDopmine Hydrochloride-200 mgDrotaverine -40 mgEtophylline and Theophylline -220 mgFrusemide -10 mgHydrocortisone sodium succinate-100 mgIron Suorose-20 mgKanamycin -500 mgKanamycin -1000 mgMannitol-20 gMephentaramine Sulphate-30 mgMethyl Ergometrine -0.2 mgMetronidazole IV -5 mgMidazolam -1 mgMultivitamin Ondensetron-2 mgOxytocin -8.5 micro gramPaediatric maintenance solution with 5% Dextrose-500 mlPAM (Pralidoxime Chloride)-500 mgPantoprazole -40 mgParacetamol I V-10 mgPentazocine Lactate 30mg/ml.-30 mgPheniramine Maleate -22.75 mgPhenytoin Sodium-50  mgPiperacillin 4000 mg., Tazobactam 500 mgProductTEST-500Promethazine Hydrochloride 2.5%-2 mgPropofol -10 mgRanitidine -25 mgRinger Lactate IVSalbutamol-500sodium Bicarbonate 7.5%-3.75 mgSodium Chloride 0.9% (Non returnable glass bots of non toxic plastic containers)-500 mlSodium Chloride 0.9% (Non returnable glass bots of non toxic plastic containers)-100 mlStreptomycin-750 mgTESTsome-100Tramadol Hydrochloride -100 mgValethamate Bromide -8 mgVit. K1 10mg-10 mgWater for injection I.P.-5 ml')]' not found)

2018-05-21 12:46:45 - [MESSAGE][FAILED] - Unable to get total options of object 'Object Repository/Schedule1/Page_KDMC - CMS/select_--Select--Adernaline 0.' (Root cause: com.kms.katalon.core.webui.exception.WebElementNotFoundException: Web element with id: 'Object Repository/Schedule1/Page_KDMC - CMS/select_--Select--Adernaline 0.' located by 'By.xpath: //select[@id = 'optmedicine' and (text() = '--Select--Adernaline 0.1% Aqueous -1mgAmikacin -500 mgAmikacin -100 mgAminophylline -25 mgAmoxycillin 1000mg. Clavulanic Acid 200mg - AdultAmoxycillin 1000mg. Clavulanic Acid 50mg - PaedatricAnti Snake VenomAnti-Rabies VaccineArtesunate 60mg with sodium bicarbonate 5% 1ml, sodium chloride 0.9% 5ml-60 mgAtopine Sulphate -0.6 mgBupivacaine HCL Heavy-20 mgCalcium Gluconate 10%Caprecomycin-750 mgCaprecomycin-1000 mgCarboprost tromethamine -250 mgCefoperazone 1000mg with sulbactam 500 mgCefotaxaime -1 gmCeftrioxone-1 gmCiprofloxacin-200 mgCiprofloxacin-200 mgDexamethasone phosphate-4 mgDextrose Anhydrous 25% 100 ml.Diclofenac Sodium -25 mgDicyclomin -20 mgDopmine Hydrochloride-200 mgDrotaverine -40 mgEtophylline and Theophylline -220 mgFrusemide -10 mgHydrocortisone sodium succinate-100 mgIron Suorose-20 mgKanamycin -500 mgKanamycin -1000 mgMannitol-20 gMephentaramine Sulphate-30 mgMethyl Ergometrine -0.2 mgMetronidazole IV -5 mgMidazolam -1 mgMultivitamin Ondensetron-2 mgOxytocin -8.5 micro gramPaediatric maintenance solution with 5% Dextrose-500 mlPAM (Pralidoxime Chloride)-500 mgPantoprazole -40 mgParacetamol I V-10 mgPentazocine Lactate 30mg/ml.-30 mgPheniramine Maleate -22.75 mgPhenytoin Sodium-50  mgPiperacillin 4000 mg., Tazobactam 500 mgProductTEST-500Promethazine Hydrochloride 2.5%-2 mgPropofol -10 mgRanitidine -25 mgRinger Lactate IVSalbutamol-500sodium Bicarbonate 7.5%-3.75 mgSodium Chloride 0.9% (Non returnable glass bots of non toxic plastic containers)-500 mlSodium Chloride 0.9% (Non returnable glass bots of non toxic plastic containers)-100 mlStreptomycin-750 mgTESTsome-100Tramadol Hydrochloride -100 mgValethamate Bromide -8 mgVit. K1 10mg-10 mgWater for injection I.P.-5 ml' or . = '--Select--Adernaline 0.1% Aqueous -1mgAmikacin -500 mgAmikacin -100 mgAminophylline -25 mgAmoxycillin 1000mg. Clavulanic Acid 200mg - AdultAmoxycillin 1000mg. Clavulanic Acid 50mg - PaedatricAnti Snake VenomAnti-Rabies VaccineArtesunate 60mg with sodium bicarbonate 5% 1ml, sodium chloride 0.9% 5ml-60 mgAtopine Sulphate -0.6 mgBupivacaine HCL Heavy-20 mgCalcium Gluconate 10%Caprecomycin-750 mgCaprecomycin-1000 mgCarboprost tromethamine -250 mgCefoperazone 1000mg with sulbactam 500 mgCefotaxaime -1 gmCeftrioxone-1 gmCiprofloxacin-200 mgCiprofloxacin-200 mgDexamethasone phosphate-4 mgDextrose Anhydrous 25% 100 ml.Diclofenac Sodium -25 mgDicyclomin -20 mgDopmine Hydrochloride-200 mgDrotaverine -40 mgEtophylline and Theophylline -220 mgFrusemide -10 mgHydrocortisone sodium succinate-100 mgIron Suorose-20 mgKanamycin -500 mgKanamycin -1000 mgMannitol-20 gMephentaramine Sulphate-30 mgMethyl Ergometrine -0.2 mgMetronidazole IV -5 mgMidazolam -1 mgMultivitamin Ondensetron-2 mgOxytocin -8.5 micro gramPaediatric maintenance solution with 5% Dextrose-500 mlPAM (Pralidoxime Chloride)-500 mgPantoprazole -40 mgParacetamol I V-10 mgPentazocine Lactate 30mg/ml.-30 mgPheniramine Maleate -22.75 mgPhenytoin Sodium-50  mgPiperacillin 4000 mg., Tazobactam 500 mgProductTEST-500Promethazine Hydrochloride 2.5%-2 mgPropofol -10 mgRanitidine -25 mgRinger Lactate IVSalbutamol-500sodium Bicarbonate 7.5%-3.75 mgSodium Chloride 0.9% (Non returnable glass bots of non toxic plastic containers)-500 mlSodium Chloride 0.9% (Non returnable glass bots of non toxic plastic containers)-100 mlStreptomycin-750 mgTESTsome-100Tramadol Hydrochloride -100 mgValethamate Bromide -8 mgVit. K1 10mg-10 mgWater for injection I.P.-5 ml')]' not found)
[[ATTACHMENT|C:\\Users\\Quality Analyst\\Katalon Studio\\ds\\Reports\\Moh_Request\\20180521_095838\\1526887005379.png]]]]></system-out>
         <system-err><![CDATA[2018-05-21 12:46:00 - [TEST_CASE][FAILED] - Test Cases/TEST/MOH TO CMS REQUEST TEST CASES/MohRequestSchedule1: Test Cases/TEST/MOH TO CMS REQUEST TEST CASES/MohRequestSchedule1 FAILED because (of) Unable to get total options of object 'Object Repository/Schedule1/Page_KDMC - CMS/select_--Select--Adernaline 0.' (Root cause: com.kms.katalon.core.webui.exception.WebElementNotFoundException: Web element with id: 'Object Repository/Schedule1/Page_KDMC - CMS/select_--Select--Adernaline 0.' located by 'By.xpath: //select[@id = 'optmedicine' and (text() = '--Select--Adernaline 0.1% Aqueous -1mgAmikacin -500 mgAmikacin -100 mgAminophylline -25 mgAmoxycillin 1000mg. Clavulanic Acid 200mg - AdultAmoxycillin 1000mg. Clavulanic Acid 50mg - PaedatricAnti Snake VenomAnti-Rabies VaccineArtesunate 60mg with sodium bicarbonate 5% 1ml, sodium chloride 0.9% 5ml-60 mgAtopine Sulphate -0.6 mgBupivacaine HCL Heavy-20 mgCalcium Gluconate 10%Caprecomycin-750 mgCaprecomycin-1000 mgCarboprost tromethamine -250 mgCefoperazone 1000mg with sulbactam 500 mgCefotaxaime -1 gmCeftrioxone-1 gmCiprofloxacin-200 mgCiprofloxacin-200 mgDexamethasone phosphate-4 mgDextrose Anhydrous 25% 100 ml.Diclofenac Sodium -25 mgDicyclomin -20 mgDopmine Hydrochloride-200 mgDrotaverine -40 mgEtophylline and Theophylline -220 mgFrusemide -10 mgHydrocortisone sodium succinate-100 mgIron Suorose-20 mgKanamycin -500 mgKanamycin -1000 mgMannitol-20 gMephentaramine Sulphate-30 mgMethyl Ergometrine -0.2 mgMetronidazole IV -5 mgMidazolam -1 mgMultivitamin Ondensetron-2 mgOxytocin -8.5 micro gramPaediatric maintenance solution with 5% Dextrose-500 mlPAM (Pralidoxime Chloride)-500 mgPantoprazole -40 mgParacetamol I V-10 mgPentazocine Lactate 30mg/ml.-30 mgPheniramine Maleate -22.75 mgPhenytoin Sodium-50  mgPiperacillin 4000 mg., Tazobactam 500 mgProductTEST-500Promethazine Hydrochloride 2.5%-2 mgPropofol -10 mgRanitidine -25 mgRinger Lactate IVSalbutamol-500sodium Bicarbonate 7.5%-3.75 mgSodium Chloride 0.9% (Non returnable glass bots of non toxic plastic containers)-500 mlSodium Chloride 0.9% (Non returnable glass bots of non toxic plastic containers)-100 mlStreptomycin-750 mgTESTsome-100Tramadol Hydrochloride -100 mgValethamate Bromide -8 mgVit. K1 10mg-10 mgWater for injection I.P.-5 ml' or . = '--Select--Adernaline 0.1% Aqueous -1mgAmikacin -500 mgAmikacin -100 mgAminophylline -25 mgAmoxycillin 1000mg. Clavulanic Acid 200mg - AdultAmoxycillin 1000mg. Clavulanic Acid 50mg - PaedatricAnti Snake VenomAnti-Rabies VaccineArtesunate 60mg with sodium bicarbonate 5% 1ml, sodium chloride 0.9% 5ml-60 mgAtopine Sulphate -0.6 mgBupivacaine HCL Heavy-20 mgCalcium Gluconate 10%Caprecomycin-750 mgCaprecomycin-1000 mgCarboprost tromethamine -250 mgCefoperazone 1000mg with sulbactam 500 mgCefotaxaime -1 gmCeftrioxone-1 gmCiprofloxacin-200 mgCiprofloxacin-200 mgDexamethasone phosphate-4 mgDextrose Anhydrous 25% 100 ml.Diclofenac Sodium -25 mgDicyclomin -20 mgDopmine Hydrochloride-200 mgDrotaverine -40 mgEtophylline and Theophylline -220 mgFrusemide -10 mgHydrocortisone sodium succinate-100 mgIron Suorose-20 mgKanamycin -500 mgKanamycin -1000 mgMannitol-20 gMephentaramine Sulphate-30 mgMethyl Ergometrine -0.2 mgMetronidazole IV -5 mgMidazolam -1 mgMultivitamin Ondensetron-2 mgOxytocin -8.5 micro gramPaediatric maintenance solution with 5% Dextrose-500 mlPAM (Pralidoxime Chloride)-500 mgPantoprazole -40 mgParacetamol I V-10 mgPentazocine Lactate 30mg/ml.-30 mgPheniramine Maleate -22.75 mgPhenytoin Sodium-50  mgPiperacillin 4000 mg., Tazobactam 500 mgProductTEST-500Promethazine Hydrochloride 2.5%-2 mgPropofol -10 mgRanitidine -25 mgRinger Lactate IVSalbutamol-500sodium Bicarbonate 7.5%-3.75 mgSodium Chloride 0.9% (Non returnable glass bots of non toxic plastic containers)-500 mlSodium Chloride 0.9% (Non returnable glass bots of non toxic plastic containers)-100 mlStreptomycin-750 mgTESTsome-100Tramadol Hydrochloride -100 mgValethamate Bromide -8 mgVit. K1 10mg-10 mgWater for injection I.P.-5 ml')]' not found)]]></system-err>
      </testcase>
      <testcase name="Test Cases/TEST/MOH TO CMS REQUEST TEST CASES/MohRequestSchedule2" classname="Test Cases/TEST/MOH TO CMS REQUEST TEST CASES/MohRequestSchedule2" status="PASSED">
         <system-out><![CDATA[2018-05-21 12:46:45 - [TEST_CASE][PASSED] - Test Cases/TEST/MOH TO CMS REQUEST TEST CASES/MohRequestSchedule2: Test Cases/TEST/MOH TO CMS REQUEST TEST CASES/MohRequestSchedule2

2018-05-21 12:46:45 - [TEST_STEP][PASSED] - openBrowser: Browser is opened with url: ''

2018-05-21 12:46:45 - [MESSAGE][WARNING] - A browser is already opened. Closing browser and opening a new one

2018-05-21 12:46:48 - [MESSAGE][PASSED] - Browser is opened with url: ''

2018-05-21 12:46:48 - [TEST_STEP][PASSED] - navigateToUrl: Navigate to 'http://192.168.137.1/multihospital_new/' successfully

2018-05-21 12:46:52 - [MESSAGE][PASSED] - Navigate to 'http://192.168.137.1/multihospital_new/' successfully

2018-05-21 12:46:52 - [TEST_STEP][PASSED] - maximizeWindow: Current window maximized

2018-05-21 12:46:53 - [MESSAGE][PASSED] - Current window maximized

2018-05-21 12:46:53 - [TEST_STEP][PASSED] - click: Object: 'Object Repository/Schedule2/Page_KDMC/a_CMS' is clicked on

2018-05-21 12:46:54 - [MESSAGE][PASSED] - Object: 'Object Repository/Schedule2/Page_KDMC/a_CMS' is clicked on

2018-05-21 12:46:54 - [TEST_STEP][PASSED] - setText: Text 'bala' is set on object 'Object Repository/Schedule2/Page_CMS login/input_txtusername'

2018-05-21 12:46:54 - [MESSAGE][PASSED] - Text 'bala' is set on object 'Object Repository/Schedule2/Page_CMS login/input_txtusername'

2018-05-21 12:46:54 - [TEST_STEP][PASSED] - setText: Text '123' is set on object 'Object Repository/Schedule2/Page_CMS login/input_txtpassword'

2018-05-21 12:46:54 - [MESSAGE][PASSED] - Text '123' is set on object 'Object Repository/Schedule2/Page_CMS login/input_txtpassword'

2018-05-21 12:46:54 - [TEST_STEP][PASSED] - delay: Delayed 4 second(s)

2018-05-21 12:46:58 - [MESSAGE][PASSED] - Delayed 4 second(s)

2018-05-21 12:46:58 - [TEST_STEP][PASSED] - click: Object: 'Object Repository/Schedule2/Page_CMS login/button_Sign in' is clicked on

2018-05-21 12:47:01 - [MESSAGE][PASSED] - Object: 'Object Repository/Schedule2/Page_CMS login/button_Sign in' is clicked on

2018-05-21 12:47:01 - [TEST_STEP][PASSED] - delay: Delayed 2 second(s)

2018-05-21 12:47:03 - [MESSAGE][PASSED] - Delayed 2 second(s)

2018-05-21 12:47:03 - [TEST_STEP][PASSED] - click: Object: 'Object Repository/Schedule2/Page_KDMC - CMS/a_Request to MOH' is clicked on

2018-05-21 12:47:05 - [MESSAGE][PASSED] - Object: 'Object Repository/Schedule2/Page_KDMC - CMS/a_Request to MOH' is clicked on

2018-05-21 12:47:05 - [TEST_STEP][PASSED] - delay: Delayed 2 second(s)

2018-05-21 12:47:07 - [MESSAGE][PASSED] - Delayed 2 second(s)

2018-05-21 12:47:07 - [TEST_STEP][PASSED] - selectOptionByValue: All options with value 'Weekly/Monthly' are selected in object 'Object Repository/Schedule2/Page_KDMC - CMS/select_--Select--'  using regular expression

2018-05-21 12:47:07 - [MESSAGE][PASSED] - All options with value 'Weekly/Monthly' are selected in object 'Object Repository/Schedule2/Page_KDMC - CMS/select_--Select--'  using regular expression

2018-05-21 12:47:07 - [TEST_STEP][PASSED] - delay: Delayed 2 second(s)

2018-05-21 12:47:09 - [MESSAGE][PASSED] - Delayed 2 second(s)

2018-05-21 12:47:09 - [TEST_STEP][PASSED] - selectOptionByValue: All options with value '2' are selected in object 'Object Repository/Schedule2/Page_KDMC - CMS/select_--Select--Schedule 1Inj'  using regular expression

2018-05-21 12:47:09 - [MESSAGE][PASSED] - All options with value '2' are selected in object 'Object Repository/Schedule2/Page_KDMC - CMS/select_--Select--Schedule 1Inj'  using regular expression

2018-05-21 12:47:09 - [TEST_STEP][PASSED] - Statement - selectedoptions = com.kms.katalon.core.webui.keyword.WebUiBuiltInKeywords.getNumberOfTotalOption(com.kms.katalon.core.testobject.ObjectRepository.findTestObject(Schedule2/Page_KDMC - CMS/select_--Select--Albendazole)): 73 options of object 'Object Repository/Schedule2/Page_KDMC - CMS/select_--Select--Albendazole' counted

2018-05-21 12:47:10 - [MESSAGE][PASSED] - 73 options of object 'Object Repository/Schedule2/Page_KDMC - CMS/select_--Select--Albendazole' counted

2018-05-21 12:47:10 - [TEST_STEP][PASSED] - Statement - For ([i = 1, i < selectedoptions, (i++)]): Object: 'Object Repository/Schedule2/Page_KDMC - CMS/button_Add' is clicked on

2018-05-21 12:47:10 - [TEST_STEP][PASSED] - selectOptionByValue: All options with value '2' are selected in object 'Object Repository/Schedule2/Page_KDMC - CMS/select_--Select--Schedule 1Inj'  using regular expression

2018-05-21 12:47:10 - [MESSAGE][PASSED] - All options with value '2' are selected in object 'Object Repository/Schedule2/Page_KDMC - CMS/select_--Select--Schedule 1Inj'  using regular expression

2018-05-21 12:47:10 - [TEST_STEP][PASSED] - selectOptionByIndex: All options with index in [1] are selected on object 'Object Repository/Schedule2/Page_KDMC - CMS/select_--Select--Albendazole'

2018-05-21 12:47:10 - [MESSAGE][PASSED] - All options with index in [1] are selected on object 'Object Repository/Schedule2/Page_KDMC - CMS/select_--Select--Albendazole'

2018-05-21 12:47:10 - [TEST_STEP][PASSED] - setText: Text '5000' is set on object 'Object Repository/Schedule2/Page_KDMC - CMS/input_txttreat'

2018-05-21 12:47:11 - [MESSAGE][PASSED] - Text '5000' is set on object 'Object Repository/Schedule2/Page_KDMC - CMS/input_txttreat'

2018-05-21 12:47:11 - [TEST_STEP][PASSED] - delay: Delayed 1 second(s)

2018-05-21 12:47:12 - [MESSAGE][PASSED] - Delayed 1 second(s)

2018-05-21 12:47:12 - [TEST_STEP][PASSED] - click: Object: 'Object Repository/Schedule2/Page_KDMC - CMS/button_Add' is clicked on

2018-05-21 12:47:12 - [MESSAGE][PASSED] - Object: 'Object Repository/Schedule2/Page_KDMC - CMS/button_Add' is clicked on

2018-05-21 12:47:12 - [TEST_STEP][PASSED] - selectOptionByValue: All options with value '2' are selected in object 'Object Repository/Schedule2/Page_KDMC - CMS/select_--Select--Schedule 1Inj'  using regular expression

2018-05-21 12:47:12 - [MESSAGE][PASSED] - All options with value '2' are selected in object 'Object Repository/Schedule2/Page_KDMC - CMS/select_--Select--Schedule 1Inj'  using regular expression

2018-05-21 12:47:12 - [TEST_STEP][PASSED] - selectOptionByIndex: All options with index in [2] are selected on object 'Object Repository/Schedule2/Page_KDMC - CMS/select_--Select--Albendazole'

2018-05-21 12:47:13 - [MESSAGE][PASSED] - All options with index in [2] are selected on object 'Object Repository/Schedule2/Page_KDMC - CMS/select_--Select--Albendazole'

2018-05-21 12:47:13 - [TEST_STEP][PASSED] - setText: Text '5000' is set on object 'Object Repository/Schedule2/Page_KDMC - CMS/input_txttreat'

2018-05-21 12:47:13 - [MESSAGE][PASSED] - Text '5000' is set on object 'Object Repository/Schedule2/Page_KDMC - CMS/input_txttreat'

2018-05-21 12:47:13 - [TEST_STEP][PASSED] - delay: Delayed 1 second(s)

2018-05-21 12:47:14 - [MESSAGE][PASSED] - Delayed 1 second(s)

2018-05-21 12:47:14 - [TEST_STEP][PASSED] - click: Object: 'Object Repository/Schedule2/Page_KDMC - CMS/button_Add' is clicked on

2018-05-21 12:47:14 - [MESSAGE][PASSED] - Object: 'Object Repository/Schedule2/Page_KDMC - CMS/button_Add' is clicked on

2018-05-21 12:47:14 - [TEST_STEP][PASSED] - selectOptionByValue: All options with value '2' are selected in object 'Object Repository/Schedule2/Page_KDMC - CMS/select_--Select--Schedule 1Inj'  using regular expression

2018-05-21 12:47:14 - [MESSAGE][PASSED] - All options with value '2' are selected in object 'Object Repository/Schedule2/Page_KDMC - CMS/select_--Select--Schedule 1Inj'  using regular expression

2018-05-21 12:47:14 - [TEST_STEP][PASSED] - selectOptionByIndex: All options with index in [3] are selected on object 'Object Repository/Schedule2/Page_KDMC - CMS/select_--Select--Albendazole'

2018-05-21 12:47:15 - [MESSAGE][PASSED] - All options with index in [3] are selected on object 'Object Repository/Schedule2/Page_KDMC - CMS/select_--Select--Albendazole'

2018-05-21 12:47:15 - [TEST_STEP][PASSED] - setText: Text '5000' is set on object 'Object Repository/Schedule2/Page_KDMC - CMS/input_txttreat'

2018-05-21 12:47:15 - [MESSAGE][PASSED] - Text '5000' is set on object 'Object Repository/Schedule2/Page_KDMC - CMS/input_txttreat'

2018-05-21 12:47:15 - [TEST_STEP][PASSED] - delay: Delayed 1 second(s)

2018-05-21 12:47:16 - [MESSAGE][PASSED] - Delayed 1 second(s)

2018-05-21 12:47:16 - [TEST_STEP][PASSED] - click: Object: 'Object Repository/Schedule2/Page_KDMC - CMS/button_Add' is clicked on

2018-05-21 12:47:16 - [MESSAGE][PASSED] - Object: 'Object Repository/Schedule2/Page_KDMC - CMS/button_Add' is clicked on

2018-05-21 12:47:16 - [TEST_STEP][PASSED] - selectOptionByValue: All options with value '2' are selected in object 'Object Repository/Schedule2/Page_KDMC - CMS/select_--Select--Schedule 1Inj'  using regular expression

2018-05-21 12:47:16 - [MESSAGE][PASSED] - All options with value '2' are selected in object 'Object Repository/Schedule2/Page_KDMC - CMS/select_--Select--Schedule 1Inj'  using regular expression

2018-05-21 12:47:16 - [TEST_STEP][PASSED] - selectOptionByIndex: All options with index in [4] are selected on object 'Object Repository/Schedule2/Page_KDMC - CMS/select_--Select--Albendazole'

2018-05-21 12:47:18 - [MESSAGE][PASSED] - All options with index in [4] are selected on object 'Object Repository/Schedule2/Page_KDMC - CMS/select_--Select--Albendazole'

2018-05-21 12:47:18 - [TEST_STEP][PASSED] - setText: Text '5000' is set on object 'Object Repository/Schedule2/Page_KDMC - CMS/input_txttreat'

2018-05-21 12:47:18 - [MESSAGE][PASSED] - Text '5000' is set on object 'Object Repository/Schedule2/Page_KDMC - CMS/input_txttreat'

2018-05-21 12:47:18 - [TEST_STEP][PASSED] - delay: Delayed 1 second(s)

2018-05-21 12:47:19 - [MESSAGE][PASSED] - Delayed 1 second(s)

2018-05-21 12:47:19 - [TEST_STEP][PASSED] - click: Object: 'Object Repository/Schedule2/Page_KDMC - CMS/button_Add' is clicked on

2018-05-21 12:47:19 - [MESSAGE][PASSED] - Object: 'Object Repository/Schedule2/Page_KDMC - CMS/button_Add' is clicked on

2018-05-21 12:47:19 - [TEST_STEP][PASSED] - selectOptionByValue: All options with value '2' are selected in object 'Object Repository/Schedule2/Page_KDMC - CMS/select_--Select--Schedule 1Inj'  using regular expression

2018-05-21 12:47:19 - [MESSAGE][PASSED] - All options with value '2' are selected in object 'Object Repository/Schedule2/Page_KDMC - CMS/select_--Select--Schedule 1Inj'  using regular expression

2018-05-21 12:47:19 - [TEST_STEP][PASSED] - selectOptionByIndex: All options with index in [5] are selected on object 'Object Repository/Schedule2/Page_KDMC - CMS/select_--Select--Albendazole'

2018-05-21 12:47:19 - [MESSAGE][PASSED] - All options with index in [5] are selected on object 'Object Repository/Schedule2/Page_KDMC - CMS/select_--Select--Albendazole'

2018-05-21 12:47:19 - [TEST_STEP][PASSED] - setText: Text '5000' is set on object 'Object Repository/Schedule2/Page_KDMC - CMS/input_txttreat'

2018-05-21 12:47:19 - [MESSAGE][PASSED] - Text '5000' is set on object 'Object Repository/Schedule2/Page_KDMC - CMS/input_txttreat'

2018-05-21 12:47:19 - [TEST_STEP][PASSED] - delay: Delayed 1 second(s)

2018-05-21 12:47:20 - [MESSAGE][PASSED] - Delayed 1 second(s)

2018-05-21 12:47:20 - [TEST_STEP][PASSED] - click: Object: 'Object Repository/Schedule2/Page_KDMC - CMS/button_Add' is clicked on

2018-05-21 12:47:20 - [MESSAGE][PASSED] - Object: 'Object Repository/Schedule2/Page_KDMC - CMS/button_Add' is clicked on

2018-05-21 12:47:20 - [TEST_STEP][PASSED] - selectOptionByValue: All options with value '2' are selected in object 'Object Repository/Schedule2/Page_KDMC - CMS/select_--Select--Schedule 1Inj'  using regular expression

2018-05-21 12:47:21 - [MESSAGE][PASSED] - All options with value '2' are selected in object 'Object Repository/Schedule2/Page_KDMC - CMS/select_--Select--Schedule 1Inj'  using regular expression

2018-05-21 12:47:21 - [TEST_STEP][PASSED] - selectOptionByIndex: All options with index in [6] are selected on object 'Object Repository/Schedule2/Page_KDMC - CMS/select_--Select--Albendazole'

2018-05-21 12:47:22 - [MESSAGE][PASSED] - All options with index in [6] are selected on object 'Object Repository/Schedule2/Page_KDMC - CMS/select_--Select--Albendazole'

2018-05-21 12:47:22 - [TEST_STEP][PASSED] - setText: Text '5000' is set on object 'Object Repository/Schedule2/Page_KDMC - CMS/input_txttreat'

2018-05-21 12:47:22 - [MESSAGE][PASSED] - Text '5000' is set on object 'Object Repository/Schedule2/Page_KDMC - CMS/input_txttreat'

2018-05-21 12:47:22 - [TEST_STEP][PASSED] - delay: Delayed 1 second(s)

2018-05-21 12:47:23 - [MESSAGE][PASSED] - Delayed 1 second(s)

2018-05-21 12:47:23 - [TEST_STEP][PASSED] - click: Object: 'Object Repository/Schedule2/Page_KDMC - CMS/button_Add' is clicked on

2018-05-21 12:47:23 - [MESSAGE][PASSED] - Object: 'Object Repository/Schedule2/Page_KDMC - CMS/button_Add' is clicked on

2018-05-21 12:47:23 - [TEST_STEP][PASSED] - selectOptionByValue: All options with value '2' are selected in object 'Object Repository/Schedule2/Page_KDMC - CMS/select_--Select--Schedule 1Inj'  using regular expression

2018-05-21 12:47:23 - [MESSAGE][PASSED] - All options with value '2' are selected in object 'Object Repository/Schedule2/Page_KDMC - CMS/select_--Select--Schedule 1Inj'  using regular expression

2018-05-21 12:47:23 - [TEST_STEP][PASSED] - selectOptionByIndex: All options with index in [7] are selected on object 'Object Repository/Schedule2/Page_KDMC - CMS/select_--Select--Albendazole'

2018-05-21 12:47:24 - [MESSAGE][PASSED] - All options with index in [7] are selected on object 'Object Repository/Schedule2/Page_KDMC - CMS/select_--Select--Albendazole'

2018-05-21 12:47:24 - [TEST_STEP][PASSED] - setText: Text '5000' is set on object 'Object Repository/Schedule2/Page_KDMC - CMS/input_txttreat'

2018-05-21 12:47:24 - [MESSAGE][PASSED] - Text '5000' is set on object 'Object Repository/Schedule2/Page_KDMC - CMS/input_txttreat'

2018-05-21 12:47:24 - [TEST_STEP][PASSED] - delay: Delayed 1 second(s)

2018-05-21 12:47:25 - [MESSAGE][PASSED] - Delayed 1 second(s)

2018-05-21 12:47:25 - [TEST_STEP][PASSED] - click: Object: 'Object Repository/Schedule2/Page_KDMC - CMS/button_Add' is clicked on

2018-05-21 12:47:25 - [MESSAGE][PASSED] - Object: 'Object Repository/Schedule2/Page_KDMC - CMS/button_Add' is clicked on

2018-05-21 12:47:25 - [TEST_STEP][PASSED] - selectOptionByValue: All options with value '2' are selected in object 'Object Repository/Schedule2/Page_KDMC - CMS/select_--Select--Schedule 1Inj'  using regular expression

2018-05-21 12:47:25 - [MESSAGE][PASSED] - All options with value '2' are selected in object 'Object Repository/Schedule2/Page_KDMC - CMS/select_--Select--Schedule 1Inj'  using regular expression

2018-05-21 12:47:25 - [TEST_STEP][PASSED] - selectOptionByIndex: All options with index in [8] are selected on object 'Object Repository/Schedule2/Page_KDMC - CMS/select_--Select--Albendazole'

2018-05-21 12:47:26 - [MESSAGE][PASSED] - All options with index in [8] are selected on object 'Object Repository/Schedule2/Page_KDMC - CMS/select_--Select--Albendazole'

2018-05-21 12:47:26 - [TEST_STEP][PASSED] - setText: Text '5000' is set on object 'Object Repository/Schedule2/Page_KDMC - CMS/input_txttreat'

2018-05-21 12:47:26 - [MESSAGE][PASSED] - Text '5000' is set on object 'Object Repository/Schedule2/Page_KDMC - CMS/input_txttreat'

2018-05-21 12:47:26 - [TEST_STEP][PASSED] - delay: Delayed 1 second(s)

2018-05-21 12:47:27 - [MESSAGE][PASSED] - Delayed 1 second(s)

2018-05-21 12:47:27 - [TEST_STEP][PASSED] - click: Object: 'Object Repository/Schedule2/Page_KDMC - CMS/button_Add' is clicked on

2018-05-21 12:47:27 - [MESSAGE][PASSED] - Object: 'Object Repository/Schedule2/Page_KDMC - CMS/button_Add' is clicked on

2018-05-21 12:47:27 - [TEST_STEP][PASSED] - selectOptionByValue: All options with value '2' are selected in object 'Object Repository/Schedule2/Page_KDMC - CMS/select_--Select--Schedule 1Inj'  using regular expression

2018-05-21 12:47:28 - [MESSAGE][PASSED] - All options with value '2' are selected in object 'Object Repository/Schedule2/Page_KDMC - CMS/select_--Select--Schedule 1Inj'  using regular expression

2018-05-21 12:47:28 - [TEST_STEP][PASSED] - selectOptionByIndex: All options with index in [9] are selected on object 'Object Repository/Schedule2/Page_KDMC - CMS/select_--Select--Albendazole'

2018-05-21 12:47:28 - [MESSAGE][PASSED] - All options with index in [9] are selected on object 'Object Repository/Schedule2/Page_KDMC - CMS/select_--Select--Albendazole'

2018-05-21 12:47:28 - [TEST_STEP][PASSED] - setText: Text '5000' is set on object 'Object Repository/Schedule2/Page_KDMC - CMS/input_txttreat'

2018-05-21 12:47:28 - [MESSAGE][PASSED] - Text '5000' is set on object 'Object Repository/Schedule2/Page_KDMC - CMS/input_txttreat'

2018-05-21 12:47:28 - [TEST_STEP][PASSED] - delay: Delayed 1 second(s)

2018-05-21 12:47:29 - [MESSAGE][PASSED] - Delayed 1 second(s)

2018-05-21 12:47:29 - [TEST_STEP][PASSED] - click: Object: 'Object Repository/Schedule2/Page_KDMC - CMS/button_Add' is clicked on

2018-05-21 12:47:29 - [MESSAGE][PASSED] - Object: 'Object Repository/Schedule2/Page_KDMC - CMS/button_Add' is clicked on

2018-05-21 12:47:29 - [TEST_STEP][PASSED] - selectOptionByValue: All options with value '2' are selected in object 'Object Repository/Schedule2/Page_KDMC - CMS/select_--Select--Schedule 1Inj'  using regular expression

2018-05-21 12:47:29 - [MESSAGE][PASSED] - All options with value '2' are selected in object 'Object Repository/Schedule2/Page_KDMC - CMS/select_--Select--Schedule 1Inj'  using regular expression

2018-05-21 12:47:29 - [TEST_STEP][PASSED] - selectOptionByIndex: All options with index in [10] are selected on object 'Object Repository/Schedule2/Page_KDMC - CMS/select_--Select--Albendazole'

2018-05-21 12:47:30 - [MESSAGE][PASSED] - All options with index in [10] are selected on object 'Object Repository/Schedule2/Page_KDMC - CMS/select_--Select--Albendazole'

2018-05-21 12:47:30 - [TEST_STEP][PASSED] - setText: Text '5000' is set on object 'Object Repository/Schedule2/Page_KDMC - CMS/input_txttreat'

2018-05-21 12:47:30 - [MESSAGE][PASSED] - Text '5000' is set on object 'Object Repository/Schedule2/Page_KDMC - CMS/input_txttreat'

2018-05-21 12:47:30 - [TEST_STEP][PASSED] - delay: Delayed 1 second(s)

2018-05-21 12:47:31 - [MESSAGE][PASSED] - Delayed 1 second(s)

2018-05-21 12:47:31 - [TEST_STEP][PASSED] - click: Object: 'Object Repository/Schedule2/Page_KDMC - CMS/button_Add' is clicked on

2018-05-21 12:47:31 - [MESSAGE][PASSED] - Object: 'Object Repository/Schedule2/Page_KDMC - CMS/button_Add' is clicked on

2018-05-21 12:47:31 - [TEST_STEP][PASSED] - selectOptionByValue: All options with value '2' are selected in object 'Object Repository/Schedule2/Page_KDMC - CMS/select_--Select--Schedule 1Inj'  using regular expression

2018-05-21 12:47:31 - [MESSAGE][PASSED] - All options with value '2' are selected in object 'Object Repository/Schedule2/Page_KDMC - CMS/select_--Select--Schedule 1Inj'  using regular expression

2018-05-21 12:47:31 - [TEST_STEP][PASSED] - selectOptionByIndex: All options with index in [11] are selected on object 'Object Repository/Schedule2/Page_KDMC - CMS/select_--Select--Albendazole'

2018-05-21 12:47:32 - [MESSAGE][PASSED] - All options with index in [11] are selected on object 'Object Repository/Schedule2/Page_KDMC - CMS/select_--Select--Albendazole'

2018-05-21 12:47:32 - [TEST_STEP][PASSED] - setText: Text '5000' is set on object 'Object Repository/Schedule2/Page_KDMC - CMS/input_txttreat'

2018-05-21 12:47:32 - [MESSAGE][PASSED] - Text '5000' is set on object 'Object Repository/Schedule2/Page_KDMC - CMS/input_txttreat'

2018-05-21 12:47:32 - [TEST_STEP][PASSED] - delay: Delayed 1 second(s)

2018-05-21 12:47:33 - [MESSAGE][PASSED] - Delayed 1 second(s)

2018-05-21 12:47:33 - [TEST_STEP][PASSED] - click: Object: 'Object Repository/Schedule2/Page_KDMC - CMS/button_Add' is clicked on

2018-05-21 12:47:33 - [MESSAGE][PASSED] - Object: 'Object Repository/Schedule2/Page_KDMC - CMS/button_Add' is clicked on

2018-05-21 12:47:33 - [TEST_STEP][PASSED] - selectOptionByValue: All options with value '2' are selected in object 'Object Repository/Schedule2/Page_KDMC - CMS/select_--Select--Schedule 1Inj'  using regular expression

2018-05-21 12:47:34 - [MESSAGE][PASSED] - All options with value '2' are selected in object 'Object Repository/Schedule2/Page_KDMC - CMS/select_--Select--Schedule 1Inj'  using regular expression

2018-05-21 12:47:34 - [TEST_STEP][PASSED] - selectOptionByIndex: All options with index in [12] are selected on object 'Object Repository/Schedule2/Page_KDMC - CMS/select_--Select--Albendazole'

2018-05-21 12:47:35 - [MESSAGE][PASSED] - All options with index in [12] are selected on object 'Object Repository/Schedule2/Page_KDMC - CMS/select_--Select--Albendazole'

2018-05-21 12:47:35 - [TEST_STEP][PASSED] - setText: Text '5000' is set on object 'Object Repository/Schedule2/Page_KDMC - CMS/input_txttreat'

2018-05-21 12:47:35 - [MESSAGE][PASSED] - Text '5000' is set on object 'Object Repository/Schedule2/Page_KDMC - CMS/input_txttreat'

2018-05-21 12:47:35 - [TEST_STEP][PASSED] - delay: Delayed 1 second(s)

2018-05-21 12:47:36 - [MESSAGE][PASSED] - Delayed 1 second(s)

2018-05-21 12:47:36 - [TEST_STEP][PASSED] - click: Object: 'Object Repository/Schedule2/Page_KDMC - CMS/button_Add' is clicked on

2018-05-21 12:47:36 - [MESSAGE][PASSED] - Object: 'Object Repository/Schedule2/Page_KDMC - CMS/button_Add' is clicked on

2018-05-21 12:47:36 - [TEST_STEP][PASSED] - selectOptionByValue: All options with value '2' are selected in object 'Object Repository/Schedule2/Page_KDMC - CMS/select_--Select--Schedule 1Inj'  using regular expression

2018-05-21 12:47:36 - [MESSAGE][PASSED] - All options with value '2' are selected in object 'Object Repository/Schedule2/Page_KDMC - CMS/select_--Select--Schedule 1Inj'  using regular expression

2018-05-21 12:47:36 - [TEST_STEP][PASSED] - selectOptionByIndex: All options with index in [13] are selected on object 'Object Repository/Schedule2/Page_KDMC - CMS/select_--Select--Albendazole'

2018-05-21 12:47:37 - [MESSAGE][PASSED] - All options with index in [13] are selected on object 'Object Repository/Schedule2/Page_KDMC - CMS/select_--Select--Albendazole'

2018-05-21 12:47:37 - [TEST_STEP][PASSED] - setText: Text '5000' is set on object 'Object Repository/Schedule2/Page_KDMC - CMS/input_txttreat'

2018-05-21 12:47:37 - [MESSAGE][PASSED] - Text '5000' is set on object 'Object Repository/Schedule2/Page_KDMC - CMS/input_txttreat'

2018-05-21 12:47:37 - [TEST_STEP][PASSED] - delay: Delayed 1 second(s)

2018-05-21 12:47:38 - [MESSAGE][PASSED] - Delayed 1 second(s)

2018-05-21 12:47:38 - [TEST_STEP][PASSED] - click: Object: 'Object Repository/Schedule2/Page_KDMC - CMS/button_Add' is clicked on

2018-05-21 12:47:38 - [MESSAGE][PASSED] - Object: 'Object Repository/Schedule2/Page_KDMC - CMS/button_Add' is clicked on

2018-05-21 12:47:38 - [TEST_STEP][PASSED] - selectOptionByValue: All options with value '2' are selected in object 'Object Repository/Schedule2/Page_KDMC - CMS/select_--Select--Schedule 1Inj'  using regular expression

2018-05-21 12:47:38 - [MESSAGE][PASSED] - All options with value '2' are selected in object 'Object Repository/Schedule2/Page_KDMC - CMS/select_--Select--Schedule 1Inj'  using regular expression

2018-05-21 12:47:38 - [TEST_STEP][PASSED] - selectOptionByIndex: All options with index in [14] are selected on object 'Object Repository/Schedule2/Page_KDMC - CMS/select_--Select--Albendazole'

2018-05-21 12:47:39 - [MESSAGE][PASSED] - All options with index in [14] are selected on object 'Object Repository/Schedule2/Page_KDMC - CMS/select_--Select--Albendazole'

2018-05-21 12:47:39 - [TEST_STEP][PASSED] - setText: Text '5000' is set on object 'Object Repository/Schedule2/Page_KDMC - CMS/input_txttreat'

2018-05-21 12:47:39 - [MESSAGE][PASSED] - Text '5000' is set on object 'Object Repository/Schedule2/Page_KDMC - CMS/input_txttreat'

2018-05-21 12:47:39 - [TEST_STEP][PASSED] - delay: Delayed 1 second(s)

2018-05-21 12:47:40 - [MESSAGE][PASSED] - Delayed 1 second(s)

2018-05-21 12:47:40 - [TEST_STEP][PASSED] - click: Object: 'Object Repository/Schedule2/Page_KDMC - CMS/button_Add' is clicked on

2018-05-21 12:47:40 - [MESSAGE][PASSED] - Object: 'Object Repository/Schedule2/Page_KDMC - CMS/button_Add' is clicked on

2018-05-21 12:47:40 - [TEST_STEP][PASSED] - selectOptionByValue: All options with value '2' are selected in object 'Object Repository/Schedule2/Page_KDMC - CMS/select_--Select--Schedule 1Inj'  using regular expression

2018-05-21 12:47:41 - [MESSAGE][PASSED] - All options with value '2' are selected in object 'Object Repository/Schedule2/Page_KDMC - CMS/select_--Select--Schedule 1Inj'  using regular expression

2018-05-21 12:47:41 - [TEST_STEP][PASSED] - selectOptionByIndex: All options with index in [15] are selected on object 'Object Repository/Schedule2/Page_KDMC - CMS/select_--Select--Albendazole'

2018-05-21 12:47:41 - [MESSAGE][PASSED] - All options with index in [15] are selected on object 'Object Repository/Schedule2/Page_KDMC - CMS/select_--Select--Albendazole'

2018-05-21 12:47:41 - [TEST_STEP][PASSED] - setText: Text '5000' is set on object 'Object Repository/Schedule2/Page_KDMC - CMS/input_txttreat'

2018-05-21 12:47:41 - [MESSAGE][PASSED] - Text '5000' is set on object 'Object Repository/Schedule2/Page_KDMC - CMS/input_txttreat'

2018-05-21 12:47:41 - [TEST_STEP][PASSED] - delay: Delayed 1 second(s)

2018-05-21 12:47:42 - [MESSAGE][PASSED] - Delayed 1 second(s)

2018-05-21 12:47:42 - [TEST_STEP][PASSED] - click: Object: 'Object Repository/Schedule2/Page_KDMC - CMS/button_Add' is clicked on

2018-05-21 12:47:43 - [MESSAGE][PASSED] - Object: 'Object Repository/Schedule2/Page_KDMC - CMS/button_Add' is clicked on

2018-05-21 12:47:43 - [TEST_STEP][PASSED] - selectOptionByValue: All options with value '2' are selected in object 'Object Repository/Schedule2/Page_KDMC - CMS/select_--Select--Schedule 1Inj'  using regular expression

2018-05-21 12:47:43 - [MESSAGE][PASSED] - All options with value '2' are selected in object 'Object Repository/Schedule2/Page_KDMC - CMS/select_--Select--Schedule 1Inj'  using regular expression

2018-05-21 12:47:43 - [TEST_STEP][PASSED] - selectOptionByIndex: All options with index in [16] are selected on object 'Object Repository/Schedule2/Page_KDMC - CMS/select_--Select--Albendazole'

2018-05-21 12:47:44 - [MESSAGE][PASSED] - All options with index in [16] are selected on object 'Object Repository/Schedule2/Page_KDMC - CMS/select_--Select--Albendazole'

2018-05-21 12:47:44 - [TEST_STEP][PASSED] - setText: Text '5000' is set on object 'Object Repository/Schedule2/Page_KDMC - CMS/input_txttreat'

2018-05-21 12:47:44 - [MESSAGE][PASSED] - Text '5000' is set on object 'Object Repository/Schedule2/Page_KDMC - CMS/input_txttreat'

2018-05-21 12:47:44 - [TEST_STEP][PASSED] - delay: Delayed 1 second(s)

2018-05-21 12:47:45 - [MESSAGE][PASSED] - Delayed 1 second(s)

2018-05-21 12:47:45 - [TEST_STEP][PASSED] - click: Object: 'Object Repository/Schedule2/Page_KDMC - CMS/button_Add' is clicked on

2018-05-21 12:47:45 - [MESSAGE][PASSED] - Object: 'Object Repository/Schedule2/Page_KDMC - CMS/button_Add' is clicked on

2018-05-21 12:47:45 - [TEST_STEP][PASSED] - selectOptionByValue: All options with value '2' are selected in object 'Object Repository/Schedule2/Page_KDMC - CMS/select_--Select--Schedule 1Inj'  using regular expression

2018-05-21 12:47:45 - [MESSAGE][PASSED] - All options with value '2' are selected in object 'Object Repository/Schedule2/Page_KDMC - CMS/select_--Select--Schedule 1Inj'  using regular expression

2018-05-21 12:47:45 - [TEST_STEP][PASSED] - selectOptionByIndex: All options with index in [17] are selected on object 'Object Repository/Schedule2/Page_KDMC - CMS/select_--Select--Albendazole'

2018-05-21 12:47:46 - [MESSAGE][PASSED] - All options with index in [17] are selected on object 'Object Repository/Schedule2/Page_KDMC - CMS/select_--Select--Albendazole'

2018-05-21 12:47:46 - [TEST_STEP][PASSED] - setText: Text '5000' is set on object 'Object Repository/Schedule2/Page_KDMC - CMS/input_txttreat'

2018-05-21 12:47:46 - [MESSAGE][PASSED] - Text '5000' is set on object 'Object Repository/Schedule2/Page_KDMC - CMS/input_txttreat'

2018-05-21 12:47:46 - [TEST_STEP][PASSED] - delay: Delayed 1 second(s)

2018-05-21 12:47:47 - [MESSAGE][PASSED] - Delayed 1 second(s)

2018-05-21 12:47:47 - [TEST_STEP][PASSED] - click: Object: 'Object Repository/Schedule2/Page_KDMC - CMS/button_Add' is clicked on

2018-05-21 12:47:47 - [MESSAGE][PASSED] - Object: 'Object Repository/Schedule2/Page_KDMC - CMS/button_Add' is clicked on

2018-05-21 12:47:47 - [TEST_STEP][PASSED] - selectOptionByValue: All options with value '2' are selected in object 'Object Repository/Schedule2/Page_KDMC - CMS/select_--Select--Schedule 1Inj'  using regular expression

2018-05-21 12:47:48 - [MESSAGE][PASSED] - All options with value '2' are selected in object 'Object Repository/Schedule2/Page_KDMC - CMS/select_--Select--Schedule 1Inj'  using regular expression

2018-05-21 12:47:48 - [TEST_STEP][PASSED] - selectOptionByIndex: All options with index in [18] are selected on object 'Object Repository/Schedule2/Page_KDMC - CMS/select_--Select--Albendazole'

2018-05-21 12:47:48 - [MESSAGE][PASSED] - All options with index in [18] are selected on object 'Object Repository/Schedule2/Page_KDMC - CMS/select_--Select--Albendazole'

2018-05-21 12:47:48 - [TEST_STEP][PASSED] - setText: Text '5000' is set on object 'Object Repository/Schedule2/Page_KDMC - CMS/input_txttreat'

2018-05-21 12:47:48 - [MESSAGE][PASSED] - Text '5000' is set on object 'Object Repository/Schedule2/Page_KDMC - CMS/input_txttreat'

2018-05-21 12:47:48 - [TEST_STEP][PASSED] - delay: Delayed 1 second(s)

2018-05-21 12:47:49 - [MESSAGE][PASSED] - Delayed 1 second(s)

2018-05-21 12:47:49 - [TEST_STEP][PASSED] - click: Object: 'Object Repository/Schedule2/Page_KDMC - CMS/button_Add' is clicked on

2018-05-21 12:47:50 - [MESSAGE][PASSED] - Object: 'Object Repository/Schedule2/Page_KDMC - CMS/button_Add' is clicked on

2018-05-21 12:47:50 - [TEST_STEP][PASSED] - selectOptionByValue: All options with value '2' are selected in object 'Object Repository/Schedule2/Page_KDMC - CMS/select_--Select--Schedule 1Inj'  using regular expression

2018-05-21 12:47:50 - [MESSAGE][PASSED] - All options with value '2' are selected in object 'Object Repository/Schedule2/Page_KDMC - CMS/select_--Select--Schedule 1Inj'  using regular expression

2018-05-21 12:47:50 - [TEST_STEP][PASSED] - selectOptionByIndex: All options with index in [19] are selected on object 'Object Repository/Schedule2/Page_KDMC - CMS/select_--Select--Albendazole'

2018-05-21 12:47:51 - [MESSAGE][PASSED] - All options with index in [19] are selected on object 'Object Repository/Schedule2/Page_KDMC - CMS/select_--Select--Albendazole'

2018-05-21 12:47:51 - [TEST_STEP][PASSED] - setText: Text '5000' is set on object 'Object Repository/Schedule2/Page_KDMC - CMS/input_txttreat'

2018-05-21 12:47:51 - [MESSAGE][PASSED] - Text '5000' is set on object 'Object Repository/Schedule2/Page_KDMC - CMS/input_txttreat'

2018-05-21 12:47:51 - [TEST_STEP][PASSED] - delay: Delayed 1 second(s)

2018-05-21 12:47:52 - [MESSAGE][PASSED] - Delayed 1 second(s)

2018-05-21 12:47:52 - [TEST_STEP][PASSED] - click: Object: 'Object Repository/Schedule2/Page_KDMC - CMS/button_Add' is clicked on

2018-05-21 12:47:52 - [MESSAGE][PASSED] - Object: 'Object Repository/Schedule2/Page_KDMC - CMS/button_Add' is clicked on

2018-05-21 12:47:52 - [TEST_STEP][PASSED] - selectOptionByValue: All options with value '2' are selected in object 'Object Repository/Schedule2/Page_KDMC - CMS/select_--Select--Schedule 1Inj'  using regular expression

2018-05-21 12:47:52 - [MESSAGE][PASSED] - All options with value '2' are selected in object 'Object Repository/Schedule2/Page_KDMC - CMS/select_--Select--Schedule 1Inj'  using regular expression

2018-05-21 12:47:52 - [TEST_STEP][PASSED] - selectOptionByIndex: All options with index in [20] are selected on object 'Object Repository/Schedule2/Page_KDMC - CMS/select_--Select--Albendazole'

2018-05-21 12:47:53 - [MESSAGE][PASSED] - All options with index in [20] are selected on object 'Object Repository/Schedule2/Page_KDMC - CMS/select_--Select--Albendazole'

2018-05-21 12:47:53 - [TEST_STEP][PASSED] - setText: Text '5000' is set on object 'Object Repository/Schedule2/Page_KDMC - CMS/input_txttreat'

2018-05-21 12:47:53 - [MESSAGE][PASSED] - Text '5000' is set on object 'Object Repository/Schedule2/Page_KDMC - CMS/input_txttreat'

2018-05-21 12:47:53 - [TEST_STEP][PASSED] - delay: Delayed 1 second(s)

2018-05-21 12:47:54 - [MESSAGE][PASSED] - Delayed 1 second(s)

2018-05-21 12:47:54 - [TEST_STEP][PASSED] - click: Object: 'Object Repository/Schedule2/Page_KDMC - CMS/button_Add' is clicked on

2018-05-21 12:47:54 - [MESSAGE][PASSED] - Object: 'Object Repository/Schedule2/Page_KDMC - CMS/button_Add' is clicked on

2018-05-21 12:47:54 - [TEST_STEP][PASSED] - selectOptionByValue: All options with value '2' are selected in object 'Object Repository/Schedule2/Page_KDMC - CMS/select_--Select--Schedule 1Inj'  using regular expression

2018-05-21 12:47:55 - [MESSAGE][PASSED] - All options with value '2' are selected in object 'Object Repository/Schedule2/Page_KDMC - CMS/select_--Select--Schedule 1Inj'  using regular expression

2018-05-21 12:47:55 - [TEST_STEP][PASSED] - selectOptionByIndex: All options with index in [21] are selected on object 'Object Repository/Schedule2/Page_KDMC - CMS/select_--Select--Albendazole'

2018-05-21 12:47:56 - [MESSAGE][PASSED] - All options with index in [21] are selected on object 'Object Repository/Schedule2/Page_KDMC - CMS/select_--Select--Albendazole'

2018-05-21 12:47:56 - [TEST_STEP][PASSED] - setText: Text '5000' is set on object 'Object Repository/Schedule2/Page_KDMC - CMS/input_txttreat'

2018-05-21 12:47:56 - [MESSAGE][PASSED] - Text '5000' is set on object 'Object Repository/Schedule2/Page_KDMC - CMS/input_txttreat'

2018-05-21 12:47:56 - [TEST_STEP][PASSED] - delay: Delayed 1 second(s)

2018-05-21 12:47:57 - [MESSAGE][PASSED] - Delayed 1 second(s)

2018-05-21 12:47:57 - [TEST_STEP][PASSED] - click: Object: 'Object Repository/Schedule2/Page_KDMC - CMS/button_Add' is clicked on

2018-05-21 12:47:57 - [MESSAGE][PASSED] - Object: 'Object Repository/Schedule2/Page_KDMC - CMS/button_Add' is clicked on

2018-05-21 12:47:57 - [TEST_STEP][PASSED] - selectOptionByValue: All options with value '2' are selected in object 'Object Repository/Schedule2/Page_KDMC - CMS/select_--Select--Schedule 1Inj'  using regular expression

2018-05-21 12:47:57 - [MESSAGE][PASSED] - All options with value '2' are selected in object 'Object Repository/Schedule2/Page_KDMC - CMS/select_--Select--Schedule 1Inj'  using regular expression

2018-05-21 12:47:57 - [TEST_STEP][PASSED] - selectOptionByIndex: All options with index in [22] are selected on object 'Object Repository/Schedule2/Page_KDMC - CMS/select_--Select--Albendazole'

2018-05-21 12:47:58 - [MESSAGE][PASSED] - All options with index in [22] are selected on object 'Object Repository/Schedule2/Page_KDMC - CMS/select_--Select--Albendazole'

2018-05-21 12:47:58 - [TEST_STEP][PASSED] - setText: Text '5000' is set on object 'Object Repository/Schedule2/Page_KDMC - CMS/input_txttreat'

2018-05-21 12:47:58 - [MESSAGE][PASSED] - Text '5000' is set on object 'Object Repository/Schedule2/Page_KDMC - CMS/input_txttreat'

2018-05-21 12:47:58 - [TEST_STEP][PASSED] - delay: Delayed 1 second(s)

2018-05-21 12:47:59 - [MESSAGE][PASSED] - Delayed 1 second(s)

2018-05-21 12:47:59 - [TEST_STEP][PASSED] - click: Object: 'Object Repository/Schedule2/Page_KDMC - CMS/button_Add' is clicked on

2018-05-21 12:47:59 - [MESSAGE][PASSED] - Object: 'Object Repository/Schedule2/Page_KDMC - CMS/button_Add' is clicked on

2018-05-21 12:47:59 - [TEST_STEP][PASSED] - selectOptionByValue: All options with value '2' are selected in object 'Object Repository/Schedule2/Page_KDMC - CMS/select_--Select--Schedule 1Inj'  using regular expression

2018-05-21 12:47:59 - [MESSAGE][PASSED] - All options with value '2' are selected in object 'Object Repository/Schedule2/Page_KDMC - CMS/select_--Select--Schedule 1Inj'  using regular expression

2018-05-21 12:47:59 - [TEST_STEP][PASSED] - selectOptionByIndex: All options with index in [23] are selected on object 'Object Repository/Schedule2/Page_KDMC - CMS/select_--Select--Albendazole'

2018-05-21 12:48:00 - [MESSAGE][PASSED] - All options with index in [23] are selected on object 'Object Repository/Schedule2/Page_KDMC - CMS/select_--Select--Albendazole'

2018-05-21 12:48:00 - [TEST_STEP][PASSED] - setText: Text '5000' is set on object 'Object Repository/Schedule2/Page_KDMC - CMS/input_txttreat'

2018-05-21 12:48:00 - [MESSAGE][PASSED] - Text '5000' is set on object 'Object Repository/Schedule2/Page_KDMC - CMS/input_txttreat'

2018-05-21 12:48:00 - [TEST_STEP][PASSED] - delay: Delayed 1 second(s)

2018-05-21 12:48:01 - [MESSAGE][PASSED] - Delayed 1 second(s)

2018-05-21 12:48:01 - [TEST_STEP][PASSED] - click: Object: 'Object Repository/Schedule2/Page_KDMC - CMS/button_Add' is clicked on

2018-05-21 12:48:01 - [MESSAGE][PASSED] - Object: 'Object Repository/Schedule2/Page_KDMC - CMS/button_Add' is clicked on

2018-05-21 12:48:01 - [TEST_STEP][PASSED] - selectOptionByValue: All options with value '2' are selected in object 'Object Repository/Schedule2/Page_KDMC - CMS/select_--Select--Schedule 1Inj'  using regular expression

2018-05-21 12:48:02 - [MESSAGE][PASSED] - All options with value '2' are selected in object 'Object Repository/Schedule2/Page_KDMC - CMS/select_--Select--Schedule 1Inj'  using regular expression

2018-05-21 12:48:02 - [TEST_STEP][PASSED] - selectOptionByIndex: All options with index in [24] are selected on object 'Object Repository/Schedule2/Page_KDMC - CMS/select_--Select--Albendazole'

2018-05-21 12:48:03 - [MESSAGE][PASSED] - All options with index in [24] are selected on object 'Object Repository/Schedule2/Page_KDMC - CMS/select_--Select--Albendazole'

2018-05-21 12:48:03 - [TEST_STEP][PASSED] - setText: Text '5000' is set on object 'Object Repository/Schedule2/Page_KDMC - CMS/input_txttreat'

2018-05-21 12:48:03 - [MESSAGE][PASSED] - Text '5000' is set on object 'Object Repository/Schedule2/Page_KDMC - CMS/input_txttreat'

2018-05-21 12:48:03 - [TEST_STEP][PASSED] - delay: Delayed 1 second(s)

2018-05-21 12:48:04 - [MESSAGE][PASSED] - Delayed 1 second(s)

2018-05-21 12:48:04 - [TEST_STEP][PASSED] - click: Object: 'Object Repository/Schedule2/Page_KDMC - CMS/button_Add' is clicked on

2018-05-21 12:48:04 - [MESSAGE][PASSED] - Object: 'Object Repository/Schedule2/Page_KDMC - CMS/button_Add' is clicked on

2018-05-21 12:48:04 - [TEST_STEP][PASSED] - selectOptionByValue: All options with value '2' are selected in object 'Object Repository/Schedule2/Page_KDMC - CMS/select_--Select--Schedule 1Inj'  using regular expression

2018-05-21 12:48:04 - [MESSAGE][PASSED] - All options with value '2' are selected in object 'Object Repository/Schedule2/Page_KDMC - CMS/select_--Select--Schedule 1Inj'  using regular expression

2018-05-21 12:48:04 - [TEST_STEP][PASSED] - selectOptionByIndex: All options with index in [25] are selected on object 'Object Repository/Schedule2/Page_KDMC - CMS/select_--Select--Albendazole'

2018-05-21 12:48:05 - [MESSAGE][PASSED] - All options with index in [25] are selected on object 'Object Repository/Schedule2/Page_KDMC - CMS/select_--Select--Albendazole'

2018-05-21 12:48:05 - [TEST_STEP][PASSED] - setText: Text '5000' is set on object 'Object Repository/Schedule2/Page_KDMC - CMS/input_txttreat'

2018-05-21 12:48:05 - [MESSAGE][PASSED] - Text '5000' is set on object 'Object Repository/Schedule2/Page_KDMC - CMS/input_txttreat'

2018-05-21 12:48:05 - [TEST_STEP][PASSED] - delay: Delayed 1 second(s)

2018-05-21 12:48:06 - [MESSAGE][PASSED] - Delayed 1 second(s)

2018-05-21 12:48:06 - [TEST_STEP][PASSED] - click: Object: 'Object Repository/Schedule2/Page_KDMC - CMS/button_Add' is clicked on

2018-05-21 12:48:06 - [MESSAGE][PASSED] - Object: 'Object Repository/Schedule2/Page_KDMC - CMS/button_Add' is clicked on

2018-05-21 12:48:06 - [TEST_STEP][PASSED] - selectOptionByValue: All options with value '2' are selected in object 'Object Repository/Schedule2/Page_KDMC - CMS/select_--Select--Schedule 1Inj'  using regular expression

2018-05-21 12:48:07 - [MESSAGE][PASSED] - All options with value '2' are selected in object 'Object Repository/Schedule2/Page_KDMC - CMS/select_--Select--Schedule 1Inj'  using regular expression

2018-05-21 12:48:07 - [TEST_STEP][PASSED] - selectOptionByIndex: All options with index in [26] are selected on object 'Object Repository/Schedule2/Page_KDMC - CMS/select_--Select--Albendazole'

2018-05-21 12:48:07 - [MESSAGE][PASSED] - All options with index in [26] are selected on object 'Object Repository/Schedule2/Page_KDMC - CMS/select_--Select--Albendazole'

2018-05-21 12:48:07 - [TEST_STEP][PASSED] - setText: Text '5000' is set on object 'Object Repository/Schedule2/Page_KDMC - CMS/input_txttreat'

2018-05-21 12:48:08 - [MESSAGE][PASSED] - Text '5000' is set on object 'Object Repository/Schedule2/Page_KDMC - CMS/input_txttreat'

2018-05-21 12:48:08 - [TEST_STEP][PASSED] - delay: Delayed 1 second(s)

2018-05-21 12:48:09 - [MESSAGE][PASSED] - Delayed 1 second(s)

2018-05-21 12:48:09 - [TEST_STEP][PASSED] - click: Object: 'Object Repository/Schedule2/Page_KDMC - CMS/button_Add' is clicked on

2018-05-21 12:48:09 - [MESSAGE][PASSED] - Object: 'Object Repository/Schedule2/Page_KDMC - CMS/button_Add' is clicked on

2018-05-21 12:48:09 - [TEST_STEP][PASSED] - selectOptionByValue: All options with value '2' are selected in object 'Object Repository/Schedule2/Page_KDMC - CMS/select_--Select--Schedule 1Inj'  using regular expression

2018-05-21 12:48:09 - [MESSAGE][PASSED] - All options with value '2' are selected in object 'Object Repository/Schedule2/Page_KDMC - CMS/select_--Select--Schedule 1Inj'  using regular expression

2018-05-21 12:48:09 - [TEST_STEP][PASSED] - selectOptionByIndex: All options with index in [27] are selected on object 'Object Repository/Schedule2/Page_KDMC - CMS/select_--Select--Albendazole'

2018-05-21 12:48:10 - [MESSAGE][PASSED] - All options with index in [27] are selected on object 'Object Repository/Schedule2/Page_KDMC - CMS/select_--Select--Albendazole'

2018-05-21 12:48:10 - [TEST_STEP][PASSED] - setText: Text '5000' is set on object 'Object Repository/Schedule2/Page_KDMC - CMS/input_txttreat'

2018-05-21 12:48:10 - [MESSAGE][PASSED] - Text '5000' is set on object 'Object Repository/Schedule2/Page_KDMC - CMS/input_txttreat'

2018-05-21 12:48:10 - [TEST_STEP][PASSED] - delay: Delayed 1 second(s)

2018-05-21 12:48:11 - [MESSAGE][PASSED] - Delayed 1 second(s)

2018-05-21 12:48:11 - [TEST_STEP][PASSED] - click: Object: 'Object Repository/Schedule2/Page_KDMC - CMS/button_Add' is clicked on

2018-05-21 12:48:11 - [MESSAGE][PASSED] - Object: 'Object Repository/Schedule2/Page_KDMC - CMS/button_Add' is clicked on

2018-05-21 12:48:11 - [TEST_STEP][PASSED] - selectOptionByValue: All options with value '2' are selected in object 'Object Repository/Schedule2/Page_KDMC - CMS/select_--Select--Schedule 1Inj'  using regular expression

2018-05-21 12:48:11 - [MESSAGE][PASSED] - All options with value '2' are selected in object 'Object Repository/Schedule2/Page_KDMC - CMS/select_--Select--Schedule 1Inj'  using regular expression

2018-05-21 12:48:11 - [TEST_STEP][PASSED] - selectOptionByIndex: All options with index in [28] are selected on object 'Object Repository/Schedule2/Page_KDMC - CMS/select_--Select--Albendazole'

2018-05-21 12:48:12 - [MESSAGE][PASSED] - All options with index in [28] are selected on object 'Object Repository/Schedule2/Page_KDMC - CMS/select_--Select--Albendazole'

2018-05-21 12:48:12 - [TEST_STEP][PASSED] - setText: Text '5000' is set on object 'Object Repository/Schedule2/Page_KDMC - CMS/input_txttreat'

2018-05-21 12:48:12 - [MESSAGE][PASSED] - Text '5000' is set on object 'Object Repository/Schedule2/Page_KDMC - CMS/input_txttreat'

2018-05-21 12:48:12 - [TEST_STEP][PASSED] - delay: Delayed 1 second(s)

2018-05-21 12:48:13 - [MESSAGE][PASSED] - Delayed 1 second(s)

2018-05-21 12:48:13 - [TEST_STEP][PASSED] - click: Object: 'Object Repository/Schedule2/Page_KDMC - CMS/button_Add' is clicked on

2018-05-21 12:48:13 - [MESSAGE][PASSED] - Object: 'Object Repository/Schedule2/Page_KDMC - CMS/button_Add' is clicked on

2018-05-21 12:48:13 - [TEST_STEP][PASSED] - selectOptionByValue: All options with value '2' are selected in object 'Object Repository/Schedule2/Page_KDMC - CMS/select_--Select--Schedule 1Inj'  using regular expression

2018-05-21 12:48:14 - [MESSAGE][PASSED] - All options with value '2' are selected in object 'Object Repository/Schedule2/Page_KDMC - CMS/select_--Select--Schedule 1Inj'  using regular expression

2018-05-21 12:48:14 - [TEST_STEP][PASSED] - selectOptionByIndex: All options with index in [29] are selected on object 'Object Repository/Schedule2/Page_KDMC - CMS/select_--Select--Albendazole'

2018-05-21 12:48:15 - [MESSAGE][PASSED] - All options with index in [29] are selected on object 'Object Repository/Schedule2/Page_KDMC - CMS/select_--Select--Albendazole'

2018-05-21 12:48:15 - [TEST_STEP][PASSED] - setText: Text '5000' is set on object 'Object Repository/Schedule2/Page_KDMC - CMS/input_txttreat'

2018-05-21 12:48:15 - [MESSAGE][PASSED] - Text '5000' is set on object 'Object Repository/Schedule2/Page_KDMC - CMS/input_txttreat'

2018-05-21 12:48:15 - [TEST_STEP][PASSED] - delay: Delayed 1 second(s)

2018-05-21 12:48:16 - [MESSAGE][PASSED] - Delayed 1 second(s)

2018-05-21 12:48:16 - [TEST_STEP][PASSED] - click: Object: 'Object Repository/Schedule2/Page_KDMC - CMS/button_Add' is clicked on

2018-05-21 12:48:16 - [MESSAGE][PASSED] - Object: 'Object Repository/Schedule2/Page_KDMC - CMS/button_Add' is clicked on

2018-05-21 12:48:16 - [TEST_STEP][PASSED] - selectOptionByValue: All options with value '2' are selected in object 'Object Repository/Schedule2/Page_KDMC - CMS/select_--Select--Schedule 1Inj'  using regular expression

2018-05-21 12:48:16 - [MESSAGE][PASSED] - All options with value '2' are selected in object 'Object Repository/Schedule2/Page_KDMC - CMS/select_--Select--Schedule 1Inj'  using regular expression

2018-05-21 12:48:16 - [TEST_STEP][PASSED] - selectOptionByIndex: All options with index in [30] are selected on object 'Object Repository/Schedule2/Page_KDMC - CMS/select_--Select--Albendazole'

2018-05-21 12:48:17 - [MESSAGE][PASSED] - All options with index in [30] are selected on object 'Object Repository/Schedule2/Page_KDMC - CMS/select_--Select--Albendazole'

2018-05-21 12:48:17 - [TEST_STEP][PASSED] - setText: Text '5000' is set on object 'Object Repository/Schedule2/Page_KDMC - CMS/input_txttreat'

2018-05-21 12:48:17 - [MESSAGE][PASSED] - Text '5000' is set on object 'Object Repository/Schedule2/Page_KDMC - CMS/input_txttreat'

2018-05-21 12:48:17 - [TEST_STEP][PASSED] - delay: Delayed 1 second(s)

2018-05-21 12:48:18 - [MESSAGE][PASSED] - Delayed 1 second(s)

2018-05-21 12:48:18 - [TEST_STEP][PASSED] - click: Object: 'Object Repository/Schedule2/Page_KDMC - CMS/button_Add' is clicked on

2018-05-21 12:48:18 - [MESSAGE][PASSED] - Object: 'Object Repository/Schedule2/Page_KDMC - CMS/button_Add' is clicked on

2018-05-21 12:48:18 - [TEST_STEP][PASSED] - selectOptionByValue: All options with value '2' are selected in object 'Object Repository/Schedule2/Page_KDMC - CMS/select_--Select--Schedule 1Inj'  using regular expression

2018-05-21 12:48:19 - [MESSAGE][PASSED] - All options with value '2' are selected in object 'Object Repository/Schedule2/Page_KDMC - CMS/select_--Select--Schedule 1Inj'  using regular expression

2018-05-21 12:48:19 - [TEST_STEP][PASSED] - selectOptionByIndex: All options with index in [31] are selected on object 'Object Repository/Schedule2/Page_KDMC - CMS/select_--Select--Albendazole'

2018-05-21 12:48:20 - [MESSAGE][PASSED] - All options with index in [31] are selected on object 'Object Repository/Schedule2/Page_KDMC - CMS/select_--Select--Albendazole'

2018-05-21 12:48:20 - [TEST_STEP][PASSED] - setText: Text '5000' is set on object 'Object Repository/Schedule2/Page_KDMC - CMS/input_txttreat'

2018-05-21 12:48:20 - [MESSAGE][PASSED] - Text '5000' is set on object 'Object Repository/Schedule2/Page_KDMC - CMS/input_txttreat'

2018-05-21 12:48:20 - [TEST_STEP][PASSED] - delay: Delayed 1 second(s)

2018-05-21 12:48:21 - [MESSAGE][PASSED] - Delayed 1 second(s)

2018-05-21 12:48:21 - [TEST_STEP][PASSED] - click: Object: 'Object Repository/Schedule2/Page_KDMC - CMS/button_Add' is clicked on

2018-05-21 12:48:21 - [MESSAGE][PASSED] - Object: 'Object Repository/Schedule2/Page_KDMC - CMS/button_Add' is clicked on

2018-05-21 12:48:21 - [TEST_STEP][PASSED] - selectOptionByValue: All options with value '2' are selected in object 'Object Repository/Schedule2/Page_KDMC - CMS/select_--Select--Schedule 1Inj'  using regular expression

2018-05-21 12:48:21 - [MESSAGE][PASSED] - All options with value '2' are selected in object 'Object Repository/Schedule2/Page_KDMC - CMS/select_--Select--Schedule 1Inj'  using regular expression

2018-05-21 12:48:21 - [TEST_STEP][PASSED] - selectOptionByIndex: All options with index in [32] are selected on object 'Object Repository/Schedule2/Page_KDMC - CMS/select_--Select--Albendazole'

2018-05-21 12:48:22 - [MESSAGE][PASSED] - All options with index in [32] are selected on object 'Object Repository/Schedule2/Page_KDMC - CMS/select_--Select--Albendazole'

2018-05-21 12:48:22 - [TEST_STEP][PASSED] - setText: Text '5000' is set on object 'Object Repository/Schedule2/Page_KDMC - CMS/input_txttreat'

2018-05-21 12:48:22 - [MESSAGE][PASSED] - Text '5000' is set on object 'Object Repository/Schedule2/Page_KDMC - CMS/input_txttreat'

2018-05-21 12:48:22 - [TEST_STEP][PASSED] - delay: Delayed 1 second(s)

2018-05-21 12:48:23 - [MESSAGE][PASSED] - Delayed 1 second(s)

2018-05-21 12:48:23 - [TEST_STEP][PASSED] - click: Object: 'Object Repository/Schedule2/Page_KDMC - CMS/button_Add' is clicked on

2018-05-21 12:48:23 - [MESSAGE][PASSED] - Object: 'Object Repository/Schedule2/Page_KDMC - CMS/button_Add' is clicked on

2018-05-21 12:48:23 - [TEST_STEP][PASSED] - selectOptionByValue: All options with value '2' are selected in object 'Object Repository/Schedule2/Page_KDMC - CMS/select_--Select--Schedule 1Inj'  using regular expression

2018-05-21 12:48:23 - [MESSAGE][PASSED] - All options with value '2' are selected in object 'Object Repository/Schedule2/Page_KDMC - CMS/select_--Select--Schedule 1Inj'  using regular expression

2018-05-21 12:48:23 - [TEST_STEP][PASSED] - selectOptionByIndex: All options with index in [33] are selected on object 'Object Repository/Schedule2/Page_KDMC - CMS/select_--Select--Albendazole'

2018-05-21 12:48:24 - [MESSAGE][PASSED] - All options with index in [33] are selected on object 'Object Repository/Schedule2/Page_KDMC - CMS/select_--Select--Albendazole'

2018-05-21 12:48:24 - [TEST_STEP][PASSED] - setText: Text '5000' is set on object 'Object Repository/Schedule2/Page_KDMC - CMS/input_txttreat'

2018-05-21 12:48:24 - [MESSAGE][PASSED] - Text '5000' is set on object 'Object Repository/Schedule2/Page_KDMC - CMS/input_txttreat'

2018-05-21 12:48:24 - [TEST_STEP][PASSED] - delay: Delayed 1 second(s)

2018-05-21 12:48:25 - [MESSAGE][PASSED] - Delayed 1 second(s)

2018-05-21 12:48:25 - [TEST_STEP][PASSED] - click: Object: 'Object Repository/Schedule2/Page_KDMC - CMS/button_Add' is clicked on

2018-05-21 12:48:25 - [MESSAGE][PASSED] - Object: 'Object Repository/Schedule2/Page_KDMC - CMS/button_Add' is clicked on

2018-05-21 12:48:25 - [TEST_STEP][PASSED] - selectOptionByValue: All options with value '2' are selected in object 'Object Repository/Schedule2/Page_KDMC - CMS/select_--Select--Schedule 1Inj'  using regular expression

2018-05-21 12:48:25 - [MESSAGE][PASSED] - All options with value '2' are selected in object 'Object Repository/Schedule2/Page_KDMC - CMS/select_--Select--Schedule 1Inj'  using regular expression

2018-05-21 12:48:25 - [TEST_STEP][PASSED] - selectOptionByIndex: All options with index in [34] are selected on object 'Object Repository/Schedule2/Page_KDMC - CMS/select_--Select--Albendazole'

2018-05-21 12:48:26 - [MESSAGE][PASSED] - All options with index in [34] are selected on object 'Object Repository/Schedule2/Page_KDMC - CMS/select_--Select--Albendazole'

2018-05-21 12:48:26 - [TEST_STEP][PASSED] - setText: Text '5000' is set on object 'Object Repository/Schedule2/Page_KDMC - CMS/input_txttreat'

2018-05-21 12:48:26 - [MESSAGE][PASSED] - Text '5000' is set on object 'Object Repository/Schedule2/Page_KDMC - CMS/input_txttreat'

2018-05-21 12:48:26 - [TEST_STEP][PASSED] - delay: Delayed 1 second(s)

2018-05-21 12:48:27 - [MESSAGE][PASSED] - Delayed 1 second(s)

2018-05-21 12:48:27 - [TEST_STEP][PASSED] - click: Object: 'Object Repository/Schedule2/Page_KDMC - CMS/button_Add' is clicked on

2018-05-21 12:48:27 - [MESSAGE][PASSED] - Object: 'Object Repository/Schedule2/Page_KDMC - CMS/button_Add' is clicked on

2018-05-21 12:48:27 - [TEST_STEP][PASSED] - selectOptionByValue: All options with value '2' are selected in object 'Object Repository/Schedule2/Page_KDMC - CMS/select_--Select--Schedule 1Inj'  using regular expression

2018-05-21 12:48:27 - [MESSAGE][PASSED] - All options with value '2' are selected in object 'Object Repository/Schedule2/Page_KDMC - CMS/select_--Select--Schedule 1Inj'  using regular expression

2018-05-21 12:48:27 - [TEST_STEP][PASSED] - selectOptionByIndex: All options with index in [35] are selected on object 'Object Repository/Schedule2/Page_KDMC - CMS/select_--Select--Albendazole'

2018-05-21 12:48:28 - [MESSAGE][PASSED] - All options with index in [35] are selected on object 'Object Repository/Schedule2/Page_KDMC - CMS/select_--Select--Albendazole'

2018-05-21 12:48:28 - [TEST_STEP][PASSED] - setText: Text '5000' is set on object 'Object Repository/Schedule2/Page_KDMC - CMS/input_txttreat'

2018-05-21 12:48:28 - [MESSAGE][PASSED] - Text '5000' is set on object 'Object Repository/Schedule2/Page_KDMC - CMS/input_txttreat'

2018-05-21 12:48:28 - [TEST_STEP][PASSED] - delay: Delayed 1 second(s)

2018-05-21 12:48:29 - [MESSAGE][PASSED] - Delayed 1 second(s)

2018-05-21 12:48:29 - [TEST_STEP][PASSED] - click: Object: 'Object Repository/Schedule2/Page_KDMC - CMS/button_Add' is clicked on

2018-05-21 12:48:30 - [MESSAGE][PASSED] - Object: 'Object Repository/Schedule2/Page_KDMC - CMS/button_Add' is clicked on

2018-05-21 12:48:30 - [TEST_STEP][PASSED] - selectOptionByValue: All options with value '2' are selected in object 'Object Repository/Schedule2/Page_KDMC - CMS/select_--Select--Schedule 1Inj'  using regular expression

2018-05-21 12:48:30 - [MESSAGE][PASSED] - All options with value '2' are selected in object 'Object Repository/Schedule2/Page_KDMC - CMS/select_--Select--Schedule 1Inj'  using regular expression

2018-05-21 12:48:30 - [TEST_STEP][PASSED] - selectOptionByIndex: All options with index in [36] are selected on object 'Object Repository/Schedule2/Page_KDMC - CMS/select_--Select--Albendazole'

2018-05-21 12:48:31 - [MESSAGE][PASSED] - All options with index in [36] are selected on object 'Object Repository/Schedule2/Page_KDMC - CMS/select_--Select--Albendazole'

2018-05-21 12:48:31 - [TEST_STEP][PASSED] - setText: Text '5000' is set on object 'Object Repository/Schedule2/Page_KDMC - CMS/input_txttreat'

2018-05-21 12:48:31 - [MESSAGE][PASSED] - Text '5000' is set on object 'Object Repository/Schedule2/Page_KDMC - CMS/input_txttreat'

2018-05-21 12:48:31 - [TEST_STEP][PASSED] - delay: Delayed 1 second(s)

2018-05-21 12:48:32 - [MESSAGE][PASSED] - Delayed 1 second(s)

2018-05-21 12:48:32 - [TEST_STEP][PASSED] - click: Object: 'Object Repository/Schedule2/Page_KDMC - CMS/button_Add' is clicked on

2018-05-21 12:48:32 - [MESSAGE][PASSED] - Object: 'Object Repository/Schedule2/Page_KDMC - CMS/button_Add' is clicked on

2018-05-21 12:48:32 - [TEST_STEP][PASSED] - selectOptionByValue: All options with value '2' are selected in object 'Object Repository/Schedule2/Page_KDMC - CMS/select_--Select--Schedule 1Inj'  using regular expression

2018-05-21 12:48:32 - [MESSAGE][PASSED] - All options with value '2' are selected in object 'Object Repository/Schedule2/Page_KDMC - CMS/select_--Select--Schedule 1Inj'  using regular expression

2018-05-21 12:48:32 - [TEST_STEP][PASSED] - selectOptionByIndex: All options with index in [37] are selected on object 'Object Repository/Schedule2/Page_KDMC - CMS/select_--Select--Albendazole'

2018-05-21 12:48:33 - [MESSAGE][PASSED] - All options with index in [37] are selected on object 'Object Repository/Schedule2/Page_KDMC - CMS/select_--Select--Albendazole'

2018-05-21 12:48:33 - [TEST_STEP][PASSED] - setText: Text '5000' is set on object 'Object Repository/Schedule2/Page_KDMC - CMS/input_txttreat'

2018-05-21 12:48:33 - [MESSAGE][PASSED] - Text '5000' is set on object 'Object Repository/Schedule2/Page_KDMC - CMS/input_txttreat'

2018-05-21 12:48:33 - [TEST_STEP][PASSED] - delay: Delayed 1 second(s)

2018-05-21 12:48:34 - [MESSAGE][PASSED] - Delayed 1 second(s)

2018-05-21 12:48:34 - [TEST_STEP][PASSED] - click: Object: 'Object Repository/Schedule2/Page_KDMC - CMS/button_Add' is clicked on

2018-05-21 12:48:35 - [MESSAGE][PASSED] - Object: 'Object Repository/Schedule2/Page_KDMC - CMS/button_Add' is clicked on

2018-05-21 12:48:35 - [TEST_STEP][PASSED] - selectOptionByValue: All options with value '2' are selected in object 'Object Repository/Schedule2/Page_KDMC - CMS/select_--Select--Schedule 1Inj'  using regular expression

2018-05-21 12:48:35 - [MESSAGE][PASSED] - All options with value '2' are selected in object 'Object Repository/Schedule2/Page_KDMC - CMS/select_--Select--Schedule 1Inj'  using regular expression

2018-05-21 12:48:35 - [TEST_STEP][PASSED] - selectOptionByIndex: All options with index in [38] are selected on object 'Object Repository/Schedule2/Page_KDMC - CMS/select_--Select--Albendazole'

2018-05-21 12:48:36 - [MESSAGE][PASSED] - All options with index in [38] are selected on object 'Object Repository/Schedule2/Page_KDMC - CMS/select_--Select--Albendazole'

2018-05-21 12:48:36 - [TEST_STEP][PASSED] - setText: Text '5000' is set on object 'Object Repository/Schedule2/Page_KDMC - CMS/input_txttreat'

2018-05-21 12:48:36 - [MESSAGE][PASSED] - Text '5000' is set on object 'Object Repository/Schedule2/Page_KDMC - CMS/input_txttreat'

2018-05-21 12:48:36 - [TEST_STEP][PASSED] - delay: Delayed 1 second(s)

2018-05-21 12:48:37 - [MESSAGE][PASSED] - Delayed 1 second(s)

2018-05-21 12:48:37 - [TEST_STEP][PASSED] - click: Object: 'Object Repository/Schedule2/Page_KDMC - CMS/button_Add' is clicked on

2018-05-21 12:48:37 - [MESSAGE][PASSED] - Object: 'Object Repository/Schedule2/Page_KDMC - CMS/button_Add' is clicked on

2018-05-21 12:48:37 - [TEST_STEP][PASSED] - selectOptionByValue: All options with value '2' are selected in object 'Object Repository/Schedule2/Page_KDMC - CMS/select_--Select--Schedule 1Inj'  using regular expression

2018-05-21 12:48:37 - [MESSAGE][PASSED] - All options with value '2' are selected in object 'Object Repository/Schedule2/Page_KDMC - CMS/select_--Select--Schedule 1Inj'  using regular expression

2018-05-21 12:48:37 - [TEST_STEP][PASSED] - selectOptionByIndex: All options with index in [39] are selected on object 'Object Repository/Schedule2/Page_KDMC - CMS/select_--Select--Albendazole'

2018-05-21 12:48:38 - [MESSAGE][PASSED] - All options with index in [39] are selected on object 'Object Repository/Schedule2/Page_KDMC - CMS/select_--Select--Albendazole'

2018-05-21 12:48:38 - [TEST_STEP][PASSED] - setText: Text '5000' is set on object 'Object Repository/Schedule2/Page_KDMC - CMS/input_txttreat'

2018-05-21 12:48:39 - [MESSAGE][PASSED] - Text '5000' is set on object 'Object Repository/Schedule2/Page_KDMC - CMS/input_txttreat'

2018-05-21 12:48:39 - [TEST_STEP][PASSED] - delay: Delayed 1 second(s)

2018-05-21 12:48:40 - [MESSAGE][PASSED] - Delayed 1 second(s)

2018-05-21 12:48:40 - [TEST_STEP][PASSED] - click: Object: 'Object Repository/Schedule2/Page_KDMC - CMS/button_Add' is clicked on

2018-05-21 12:48:40 - [MESSAGE][PASSED] - Object: 'Object Repository/Schedule2/Page_KDMC - CMS/button_Add' is clicked on

2018-05-21 12:48:40 - [TEST_STEP][PASSED] - selectOptionByValue: All options with value '2' are selected in object 'Object Repository/Schedule2/Page_KDMC - CMS/select_--Select--Schedule 1Inj'  using regular expression

2018-05-21 12:48:40 - [MESSAGE][PASSED] - All options with value '2' are selected in object 'Object Repository/Schedule2/Page_KDMC - CMS/select_--Select--Schedule 1Inj'  using regular expression

2018-05-21 12:48:40 - [TEST_STEP][PASSED] - selectOptionByIndex: All options with index in [40] are selected on object 'Object Repository/Schedule2/Page_KDMC - CMS/select_--Select--Albendazole'

2018-05-21 12:48:41 - [MESSAGE][PASSED] - All options with index in [40] are selected on object 'Object Repository/Schedule2/Page_KDMC - CMS/select_--Select--Albendazole'

2018-05-21 12:48:41 - [TEST_STEP][PASSED] - setText: Text '5000' is set on object 'Object Repository/Schedule2/Page_KDMC - CMS/input_txttreat'

2018-05-21 12:48:41 - [MESSAGE][PASSED] - Text '5000' is set on object 'Object Repository/Schedule2/Page_KDMC - CMS/input_txttreat'

2018-05-21 12:48:41 - [TEST_STEP][PASSED] - delay: Delayed 1 second(s)

2018-05-21 12:48:42 - [MESSAGE][PASSED] - Delayed 1 second(s)

2018-05-21 12:48:42 - [TEST_STEP][PASSED] - click: Object: 'Object Repository/Schedule2/Page_KDMC - CMS/button_Add' is clicked on

2018-05-21 12:48:42 - [MESSAGE][PASSED] - Object: 'Object Repository/Schedule2/Page_KDMC - CMS/button_Add' is clicked on

2018-05-21 12:48:42 - [TEST_STEP][PASSED] - selectOptionByValue: All options with value '2' are selected in object 'Object Repository/Schedule2/Page_KDMC - CMS/select_--Select--Schedule 1Inj'  using regular expression

2018-05-21 12:48:43 - [MESSAGE][PASSED] - All options with value '2' are selected in object 'Object Repository/Schedule2/Page_KDMC - CMS/select_--Select--Schedule 1Inj'  using regular expression

2018-05-21 12:48:43 - [TEST_STEP][PASSED] - selectOptionByIndex: All options with index in [41] are selected on object 'Object Repository/Schedule2/Page_KDMC - CMS/select_--Select--Albendazole'

2018-05-21 12:48:44 - [MESSAGE][PASSED] - All options with index in [41] are selected on object 'Object Repository/Schedule2/Page_KDMC - CMS/select_--Select--Albendazole'

2018-05-21 12:48:44 - [TEST_STEP][PASSED] - setText: Text '5000' is set on object 'Object Repository/Schedule2/Page_KDMC - CMS/input_txttreat'

2018-05-21 12:48:44 - [MESSAGE][PASSED] - Text '5000' is set on object 'Object Repository/Schedule2/Page_KDMC - CMS/input_txttreat'

2018-05-21 12:48:44 - [TEST_STEP][PASSED] - delay: Delayed 1 second(s)

2018-05-21 12:48:45 - [MESSAGE][PASSED] - Delayed 1 second(s)

2018-05-21 12:48:45 - [TEST_STEP][PASSED] - click: Object: 'Object Repository/Schedule2/Page_KDMC - CMS/button_Add' is clicked on

2018-05-21 12:48:45 - [MESSAGE][PASSED] - Object: 'Object Repository/Schedule2/Page_KDMC - CMS/button_Add' is clicked on

2018-05-21 12:48:45 - [TEST_STEP][PASSED] - selectOptionByValue: All options with value '2' are selected in object 'Object Repository/Schedule2/Page_KDMC - CMS/select_--Select--Schedule 1Inj'  using regular expression

2018-05-21 12:48:45 - [MESSAGE][PASSED] - All options with value '2' are selected in object 'Object Repository/Schedule2/Page_KDMC - CMS/select_--Select--Schedule 1Inj'  using regular expression

2018-05-21 12:48:45 - [TEST_STEP][PASSED] - selectOptionByIndex: All options with index in [42] are selected on object 'Object Repository/Schedule2/Page_KDMC - CMS/select_--Select--Albendazole'

2018-05-21 12:48:46 - [MESSAGE][PASSED] - All options with index in [42] are selected on object 'Object Repository/Schedule2/Page_KDMC - CMS/select_--Select--Albendazole'

2018-05-21 12:48:46 - [TEST_STEP][PASSED] - setText: Text '5000' is set on object 'Object Repository/Schedule2/Page_KDMC - CMS/input_txttreat'

2018-05-21 12:48:46 - [MESSAGE][PASSED] - Text '5000' is set on object 'Object Repository/Schedule2/Page_KDMC - CMS/input_txttreat'

2018-05-21 12:48:46 - [TEST_STEP][PASSED] - delay: Delayed 1 second(s)

2018-05-21 12:48:47 - [MESSAGE][PASSED] - Delayed 1 second(s)

2018-05-21 12:48:47 - [TEST_STEP][PASSED] - click: Object: 'Object Repository/Schedule2/Page_KDMC - CMS/button_Add' is clicked on

2018-05-21 12:48:48 - [MESSAGE][PASSED] - Object: 'Object Repository/Schedule2/Page_KDMC - CMS/button_Add' is clicked on

2018-05-21 12:48:48 - [TEST_STEP][PASSED] - selectOptionByValue: All options with value '2' are selected in object 'Object Repository/Schedule2/Page_KDMC - CMS/select_--Select--Schedule 1Inj'  using regular expression

2018-05-21 12:48:48 - [MESSAGE][PASSED] - All options with value '2' are selected in object 'Object Repository/Schedule2/Page_KDMC - CMS/select_--Select--Schedule 1Inj'  using regular expression

2018-05-21 12:48:48 - [TEST_STEP][PASSED] - selectOptionByIndex: All options with index in [43] are selected on object 'Object Repository/Schedule2/Page_KDMC - CMS/select_--Select--Albendazole'

2018-05-21 12:48:49 - [MESSAGE][PASSED] - All options with index in [43] are selected on object 'Object Repository/Schedule2/Page_KDMC - CMS/select_--Select--Albendazole'

2018-05-21 12:48:49 - [TEST_STEP][PASSED] - setText: Text '5000' is set on object 'Object Repository/Schedule2/Page_KDMC - CMS/input_txttreat'

2018-05-21 12:48:49 - [MESSAGE][PASSED] - Text '5000' is set on object 'Object Repository/Schedule2/Page_KDMC - CMS/input_txttreat'

2018-05-21 12:48:49 - [TEST_STEP][PASSED] - delay: Delayed 1 second(s)

2018-05-21 12:48:50 - [MESSAGE][PASSED] - Delayed 1 second(s)

2018-05-21 12:48:50 - [TEST_STEP][PASSED] - click: Object: 'Object Repository/Schedule2/Page_KDMC - CMS/button_Add' is clicked on

2018-05-21 12:48:50 - [MESSAGE][PASSED] - Object: 'Object Repository/Schedule2/Page_KDMC - CMS/button_Add' is clicked on

2018-05-21 12:48:50 - [TEST_STEP][PASSED] - selectOptionByValue: All options with value '2' are selected in object 'Object Repository/Schedule2/Page_KDMC - CMS/select_--Select--Schedule 1Inj'  using regular expression

2018-05-21 12:48:50 - [MESSAGE][PASSED] - All options with value '2' are selected in object 'Object Repository/Schedule2/Page_KDMC - CMS/select_--Select--Schedule 1Inj'  using regular expression

2018-05-21 12:48:50 - [TEST_STEP][PASSED] - selectOptionByIndex: All options with index in [44] are selected on object 'Object Repository/Schedule2/Page_KDMC - CMS/select_--Select--Albendazole'

2018-05-21 12:48:52 - [MESSAGE][PASSED] - All options with index in [44] are selected on object 'Object Repository/Schedule2/Page_KDMC - CMS/select_--Select--Albendazole'

2018-05-21 12:48:52 - [TEST_STEP][PASSED] - setText: Text '5000' is set on object 'Object Repository/Schedule2/Page_KDMC - CMS/input_txttreat'

2018-05-21 12:48:52 - [MESSAGE][PASSED] - Text '5000' is set on object 'Object Repository/Schedule2/Page_KDMC - CMS/input_txttreat'

2018-05-21 12:48:52 - [TEST_STEP][PASSED] - delay: Delayed 1 second(s)

2018-05-21 12:48:53 - [MESSAGE][PASSED] - Delayed 1 second(s)

2018-05-21 12:48:53 - [TEST_STEP][PASSED] - click: Object: 'Object Repository/Schedule2/Page_KDMC - CMS/button_Add' is clicked on

2018-05-21 12:48:53 - [MESSAGE][PASSED] - Object: 'Object Repository/Schedule2/Page_KDMC - CMS/button_Add' is clicked on

2018-05-21 12:48:53 - [TEST_STEP][PASSED] - selectOptionByValue: All options with value '2' are selected in object 'Object Repository/Schedule2/Page_KDMC - CMS/select_--Select--Schedule 1Inj'  using regular expression

2018-05-21 12:48:53 - [MESSAGE][PASSED] - All options with value '2' are selected in object 'Object Repository/Schedule2/Page_KDMC - CMS/select_--Select--Schedule 1Inj'  using regular expression

2018-05-21 12:48:53 - [TEST_STEP][PASSED] - selectOptionByIndex: All options with index in [45] are selected on object 'Object Repository/Schedule2/Page_KDMC - CMS/select_--Select--Albendazole'

2018-05-21 12:48:54 - [MESSAGE][PASSED] - All options with index in [45] are selected on object 'Object Repository/Schedule2/Page_KDMC - CMS/select_--Select--Albendazole'

2018-05-21 12:48:54 - [TEST_STEP][PASSED] - setText: Text '5000' is set on object 'Object Repository/Schedule2/Page_KDMC - CMS/input_txttreat'

2018-05-21 12:48:54 - [MESSAGE][PASSED] - Text '5000' is set on object 'Object Repository/Schedule2/Page_KDMC - CMS/input_txttreat'

2018-05-21 12:48:54 - [TEST_STEP][PASSED] - delay: Delayed 1 second(s)

2018-05-21 12:48:55 - [MESSAGE][PASSED] - Delayed 1 second(s)

2018-05-21 12:48:55 - [TEST_STEP][PASSED] - click: Object: 'Object Repository/Schedule2/Page_KDMC - CMS/button_Add' is clicked on

2018-05-21 12:48:55 - [MESSAGE][PASSED] - Object: 'Object Repository/Schedule2/Page_KDMC - CMS/button_Add' is clicked on

2018-05-21 12:48:55 - [TEST_STEP][PASSED] - selectOptionByValue: All options with value '2' are selected in object 'Object Repository/Schedule2/Page_KDMC - CMS/select_--Select--Schedule 1Inj'  using regular expression

2018-05-21 12:48:56 - [MESSAGE][PASSED] - All options with value '2' are selected in object 'Object Repository/Schedule2/Page_KDMC - CMS/select_--Select--Schedule 1Inj'  using regular expression

2018-05-21 12:48:56 - [TEST_STEP][PASSED] - selectOptionByIndex: All options with index in [46] are selected on object 'Object Repository/Schedule2/Page_KDMC - CMS/select_--Select--Albendazole'

2018-05-21 12:48:57 - [MESSAGE][PASSED] - All options with index in [46] are selected on object 'Object Repository/Schedule2/Page_KDMC - CMS/select_--Select--Albendazole'

2018-05-21 12:48:57 - [TEST_STEP][PASSED] - setText: Text '5000' is set on object 'Object Repository/Schedule2/Page_KDMC - CMS/input_txttreat'

2018-05-21 12:48:57 - [MESSAGE][PASSED] - Text '5000' is set on object 'Object Repository/Schedule2/Page_KDMC - CMS/input_txttreat'

2018-05-21 12:48:57 - [TEST_STEP][PASSED] - delay: Delayed 1 second(s)

2018-05-21 12:48:58 - [MESSAGE][PASSED] - Delayed 1 second(s)

2018-05-21 12:48:58 - [TEST_STEP][PASSED] - click: Object: 'Object Repository/Schedule2/Page_KDMC - CMS/button_Add' is clicked on

2018-05-21 12:48:58 - [MESSAGE][PASSED] - Object: 'Object Repository/Schedule2/Page_KDMC - CMS/button_Add' is clicked on

2018-05-21 12:48:58 - [TEST_STEP][PASSED] - selectOptionByValue: All options with value '2' are selected in object 'Object Repository/Schedule2/Page_KDMC - CMS/select_--Select--Schedule 1Inj'  using regular expression

2018-05-21 12:48:58 - [MESSAGE][PASSED] - All options with value '2' are selected in object 'Object Repository/Schedule2/Page_KDMC - CMS/select_--Select--Schedule 1Inj'  using regular expression

2018-05-21 12:48:58 - [TEST_STEP][PASSED] - selectOptionByIndex: All options with index in [47] are selected on object 'Object Repository/Schedule2/Page_KDMC - CMS/select_--Select--Albendazole'

2018-05-21 12:48:59 - [MESSAGE][PASSED] - All options with index in [47] are selected on object 'Object Repository/Schedule2/Page_KDMC - CMS/select_--Select--Albendazole'

2018-05-21 12:48:59 - [TEST_STEP][PASSED] - setText: Text '5000' is set on object 'Object Repository/Schedule2/Page_KDMC - CMS/input_txttreat'

2018-05-21 12:48:59 - [MESSAGE][PASSED] - Text '5000' is set on object 'Object Repository/Schedule2/Page_KDMC - CMS/input_txttreat'

2018-05-21 12:48:59 - [TEST_STEP][PASSED] - delay: Delayed 1 second(s)

2018-05-21 12:49:00 - [MESSAGE][PASSED] - Delayed 1 second(s)

2018-05-21 12:49:00 - [TEST_STEP][PASSED] - click: Object: 'Object Repository/Schedule2/Page_KDMC - CMS/button_Add' is clicked on

2018-05-21 12:49:00 - [MESSAGE][PASSED] - Object: 'Object Repository/Schedule2/Page_KDMC - CMS/button_Add' is clicked on

2018-05-21 12:49:00 - [TEST_STEP][PASSED] - selectOptionByValue: All options with value '2' are selected in object 'Object Repository/Schedule2/Page_KDMC - CMS/select_--Select--Schedule 1Inj'  using regular expression

2018-05-21 12:49:00 - [MESSAGE][PASSED] - All options with value '2' are selected in object 'Object Repository/Schedule2/Page_KDMC - CMS/select_--Select--Schedule 1Inj'  using regular expression

2018-05-21 12:49:00 - [TEST_STEP][PASSED] - selectOptionByIndex: All options with index in [48] are selected on object 'Object Repository/Schedule2/Page_KDMC - CMS/select_--Select--Albendazole'

2018-05-21 12:49:01 - [MESSAGE][PASSED] - All options with index in [48] are selected on object 'Object Repository/Schedule2/Page_KDMC - CMS/select_--Select--Albendazole'

2018-05-21 12:49:01 - [TEST_STEP][PASSED] - setText: Text '5000' is set on object 'Object Repository/Schedule2/Page_KDMC - CMS/input_txttreat'

2018-05-21 12:49:02 - [MESSAGE][PASSED] - Text '5000' is set on object 'Object Repository/Schedule2/Page_KDMC - CMS/input_txttreat'

2018-05-21 12:49:02 - [TEST_STEP][PASSED] - delay: Delayed 1 second(s)

2018-05-21 12:49:03 - [MESSAGE][PASSED] - Delayed 1 second(s)

2018-05-21 12:49:03 - [TEST_STEP][PASSED] - click: Object: 'Object Repository/Schedule2/Page_KDMC - CMS/button_Add' is clicked on

2018-05-21 12:49:03 - [MESSAGE][PASSED] - Object: 'Object Repository/Schedule2/Page_KDMC - CMS/button_Add' is clicked on

2018-05-21 12:49:03 - [TEST_STEP][PASSED] - selectOptionByValue: All options with value '2' are selected in object 'Object Repository/Schedule2/Page_KDMC - CMS/select_--Select--Schedule 1Inj'  using regular expression

2018-05-21 12:49:03 - [MESSAGE][PASSED] - All options with value '2' are selected in object 'Object Repository/Schedule2/Page_KDMC - CMS/select_--Select--Schedule 1Inj'  using regular expression

2018-05-21 12:49:03 - [TEST_STEP][PASSED] - selectOptionByIndex: All options with index in [49] are selected on object 'Object Repository/Schedule2/Page_KDMC - CMS/select_--Select--Albendazole'

2018-05-21 12:49:04 - [MESSAGE][PASSED] - All options with index in [49] are selected on object 'Object Repository/Schedule2/Page_KDMC - CMS/select_--Select--Albendazole'

2018-05-21 12:49:04 - [TEST_STEP][PASSED] - setText: Text '5000' is set on object 'Object Repository/Schedule2/Page_KDMC - CMS/input_txttreat'

2018-05-21 12:49:04 - [MESSAGE][PASSED] - Text '5000' is set on object 'Object Repository/Schedule2/Page_KDMC - CMS/input_txttreat'

2018-05-21 12:49:04 - [TEST_STEP][PASSED] - delay: Delayed 1 second(s)

2018-05-21 12:49:05 - [MESSAGE][PASSED] - Delayed 1 second(s)

2018-05-21 12:49:05 - [TEST_STEP][PASSED] - click: Object: 'Object Repository/Schedule2/Page_KDMC - CMS/button_Add' is clicked on

2018-05-21 12:49:05 - [MESSAGE][PASSED] - Object: 'Object Repository/Schedule2/Page_KDMC - CMS/button_Add' is clicked on

2018-05-21 12:49:05 - [TEST_STEP][PASSED] - selectOptionByValue: All options with value '2' are selected in object 'Object Repository/Schedule2/Page_KDMC - CMS/select_--Select--Schedule 1Inj'  using regular expression

2018-05-21 12:49:06 - [MESSAGE][PASSED] - All options with value '2' are selected in object 'Object Repository/Schedule2/Page_KDMC - CMS/select_--Select--Schedule 1Inj'  using regular expression

2018-05-21 12:49:06 - [TEST_STEP][PASSED] - selectOptionByIndex: All options with index in [50] are selected on object 'Object Repository/Schedule2/Page_KDMC - CMS/select_--Select--Albendazole'

2018-05-21 12:49:07 - [MESSAGE][PASSED] - All options with index in [50] are selected on object 'Object Repository/Schedule2/Page_KDMC - CMS/select_--Select--Albendazole'

2018-05-21 12:49:07 - [TEST_STEP][PASSED] - setText: Text '5000' is set on object 'Object Repository/Schedule2/Page_KDMC - CMS/input_txttreat'

2018-05-21 12:49:07 - [MESSAGE][PASSED] - Text '5000' is set on object 'Object Repository/Schedule2/Page_KDMC - CMS/input_txttreat'

2018-05-21 12:49:07 - [TEST_STEP][PASSED] - delay: Delayed 1 second(s)

2018-05-21 12:49:08 - [MESSAGE][PASSED] - Delayed 1 second(s)

2018-05-21 12:49:08 - [TEST_STEP][PASSED] - click: Object: 'Object Repository/Schedule2/Page_KDMC - CMS/button_Add' is clicked on

2018-05-21 12:49:08 - [MESSAGE][PASSED] - Object: 'Object Repository/Schedule2/Page_KDMC - CMS/button_Add' is clicked on

2018-05-21 12:49:08 - [TEST_STEP][PASSED] - selectOptionByValue: All options with value '2' are selected in object 'Object Repository/Schedule2/Page_KDMC - CMS/select_--Select--Schedule 1Inj'  using regular expression

2018-05-21 12:49:08 - [MESSAGE][PASSED] - All options with value '2' are selected in object 'Object Repository/Schedule2/Page_KDMC - CMS/select_--Select--Schedule 1Inj'  using regular expression

2018-05-21 12:49:08 - [TEST_STEP][PASSED] - selectOptionByIndex: All options with index in [51] are selected on object 'Object Repository/Schedule2/Page_KDMC - CMS/select_--Select--Albendazole'

2018-05-21 12:49:10 - [MESSAGE][PASSED] - All options with index in [51] are selected on object 'Object Repository/Schedule2/Page_KDMC - CMS/select_--Select--Albendazole'

2018-05-21 12:49:10 - [TEST_STEP][PASSED] - setText: Text '5000' is set on object 'Object Repository/Schedule2/Page_KDMC - CMS/input_txttreat'

2018-05-21 12:49:10 - [MESSAGE][PASSED] - Text '5000' is set on object 'Object Repository/Schedule2/Page_KDMC - CMS/input_txttreat'

2018-05-21 12:49:10 - [TEST_STEP][PASSED] - delay: Delayed 1 second(s)

2018-05-21 12:49:11 - [MESSAGE][PASSED] - Delayed 1 second(s)

2018-05-21 12:49:11 - [TEST_STEP][PASSED] - click: Object: 'Object Repository/Schedule2/Page_KDMC - CMS/button_Add' is clicked on

2018-05-21 12:49:11 - [MESSAGE][PASSED] - Object: 'Object Repository/Schedule2/Page_KDMC - CMS/button_Add' is clicked on

2018-05-21 12:49:11 - [TEST_STEP][PASSED] - selectOptionByValue: All options with value '2' are selected in object 'Object Repository/Schedule2/Page_KDMC - CMS/select_--Select--Schedule 1Inj'  using regular expression

2018-05-21 12:49:11 - [MESSAGE][PASSED] - All options with value '2' are selected in object 'Object Repository/Schedule2/Page_KDMC - CMS/select_--Select--Schedule 1Inj'  using regular expression

2018-05-21 12:49:11 - [TEST_STEP][PASSED] - selectOptionByIndex: All options with index in [52] are selected on object 'Object Repository/Schedule2/Page_KDMC - CMS/select_--Select--Albendazole'

2018-05-21 12:49:12 - [MESSAGE][PASSED] - All options with index in [52] are selected on object 'Object Repository/Schedule2/Page_KDMC - CMS/select_--Select--Albendazole'

2018-05-21 12:49:12 - [TEST_STEP][PASSED] - setText: Text '5000' is set on object 'Object Repository/Schedule2/Page_KDMC - CMS/input_txttreat'

2018-05-21 12:49:12 - [MESSAGE][PASSED] - Text '5000' is set on object 'Object Repository/Schedule2/Page_KDMC - CMS/input_txttreat'

2018-05-21 12:49:12 - [TEST_STEP][PASSED] - delay: Delayed 1 second(s)

2018-05-21 12:49:13 - [MESSAGE][PASSED] - Delayed 1 second(s)

2018-05-21 12:49:13 - [TEST_STEP][PASSED] - click: Object: 'Object Repository/Schedule2/Page_KDMC - CMS/button_Add' is clicked on

2018-05-21 12:49:13 - [MESSAGE][PASSED] - Object: 'Object Repository/Schedule2/Page_KDMC - CMS/button_Add' is clicked on

2018-05-21 12:49:13 - [TEST_STEP][PASSED] - selectOptionByValue: All options with value '2' are selected in object 'Object Repository/Schedule2/Page_KDMC - CMS/select_--Select--Schedule 1Inj'  using regular expression

2018-05-21 12:49:14 - [MESSAGE][PASSED] - All options with value '2' are selected in object 'Object Repository/Schedule2/Page_KDMC - CMS/select_--Select--Schedule 1Inj'  using regular expression

2018-05-21 12:49:14 - [TEST_STEP][PASSED] - selectOptionByIndex: All options with index in [53] are selected on object 'Object Repository/Schedule2/Page_KDMC - CMS/select_--Select--Albendazole'

2018-05-21 12:49:14 - [MESSAGE][PASSED] - All options with index in [53] are selected on object 'Object Repository/Schedule2/Page_KDMC - CMS/select_--Select--Albendazole'

2018-05-21 12:49:14 - [TEST_STEP][PASSED] - setText: Text '5000' is set on object 'Object Repository/Schedule2/Page_KDMC - CMS/input_txttreat'

2018-05-21 12:49:14 - [MESSAGE][PASSED] - Text '5000' is set on object 'Object Repository/Schedule2/Page_KDMC - CMS/input_txttreat'

2018-05-21 12:49:14 - [TEST_STEP][PASSED] - delay: Delayed 1 second(s)

2018-05-21 12:49:15 - [MESSAGE][PASSED] - Delayed 1 second(s)

2018-05-21 12:49:15 - [TEST_STEP][PASSED] - click: Object: 'Object Repository/Schedule2/Page_KDMC - CMS/button_Add' is clicked on

2018-05-21 12:49:16 - [MESSAGE][PASSED] - Object: 'Object Repository/Schedule2/Page_KDMC - CMS/button_Add' is clicked on

2018-05-21 12:49:16 - [TEST_STEP][PASSED] - selectOptionByValue: All options with value '2' are selected in object 'Object Repository/Schedule2/Page_KDMC - CMS/select_--Select--Schedule 1Inj'  using regular expression

2018-05-21 12:49:16 - [MESSAGE][PASSED] - All options with value '2' are selected in object 'Object Repository/Schedule2/Page_KDMC - CMS/select_--Select--Schedule 1Inj'  using regular expression

2018-05-21 12:49:16 - [TEST_STEP][PASSED] - selectOptionByIndex: All options with index in [54] are selected on object 'Object Repository/Schedule2/Page_KDMC - CMS/select_--Select--Albendazole'

2018-05-21 12:49:17 - [MESSAGE][PASSED] - All options with index in [54] are selected on object 'Object Repository/Schedule2/Page_KDMC - CMS/select_--Select--Albendazole'

2018-05-21 12:49:17 - [TEST_STEP][PASSED] - setText: Text '5000' is set on object 'Object Repository/Schedule2/Page_KDMC - CMS/input_txttreat'

2018-05-21 12:49:17 - [MESSAGE][PASSED] - Text '5000' is set on object 'Object Repository/Schedule2/Page_KDMC - CMS/input_txttreat'

2018-05-21 12:49:17 - [TEST_STEP][PASSED] - delay: Delayed 1 second(s)

2018-05-21 12:49:18 - [MESSAGE][PASSED] - Delayed 1 second(s)

2018-05-21 12:49:18 - [TEST_STEP][PASSED] - click: Object: 'Object Repository/Schedule2/Page_KDMC - CMS/button_Add' is clicked on

2018-05-21 12:49:18 - [MESSAGE][PASSED] - Object: 'Object Repository/Schedule2/Page_KDMC - CMS/button_Add' is clicked on

2018-05-21 12:49:18 - [TEST_STEP][PASSED] - selectOptionByValue: All options with value '2' are selected in object 'Object Repository/Schedule2/Page_KDMC - CMS/select_--Select--Schedule 1Inj'  using regular expression

2018-05-21 12:49:18 - [MESSAGE][PASSED] - All options with value '2' are selected in object 'Object Repository/Schedule2/Page_KDMC - CMS/select_--Select--Schedule 1Inj'  using regular expression

2018-05-21 12:49:18 - [TEST_STEP][PASSED] - selectOptionByIndex: All options with index in [55] are selected on object 'Object Repository/Schedule2/Page_KDMC - CMS/select_--Select--Albendazole'

2018-05-21 12:49:20 - [MESSAGE][PASSED] - All options with index in [55] are selected on object 'Object Repository/Schedule2/Page_KDMC - CMS/select_--Select--Albendazole'

2018-05-21 12:49:20 - [TEST_STEP][PASSED] - setText: Text '5000' is set on object 'Object Repository/Schedule2/Page_KDMC - CMS/input_txttreat'

2018-05-21 12:49:20 - [MESSAGE][PASSED] - Text '5000' is set on object 'Object Repository/Schedule2/Page_KDMC - CMS/input_txttreat'

2018-05-21 12:49:20 - [TEST_STEP][PASSED] - delay: Delayed 1 second(s)

2018-05-21 12:49:21 - [MESSAGE][PASSED] - Delayed 1 second(s)

2018-05-21 12:49:21 - [TEST_STEP][PASSED] - click: Object: 'Object Repository/Schedule2/Page_KDMC - CMS/button_Add' is clicked on

2018-05-21 12:49:21 - [MESSAGE][PASSED] - Object: 'Object Repository/Schedule2/Page_KDMC - CMS/button_Add' is clicked on

2018-05-21 12:49:21 - [TEST_STEP][PASSED] - selectOptionByValue: All options with value '2' are selected in object 'Object Repository/Schedule2/Page_KDMC - CMS/select_--Select--Schedule 1Inj'  using regular expression

2018-05-21 12:49:21 - [MESSAGE][PASSED] - All options with value '2' are selected in object 'Object Repository/Schedule2/Page_KDMC - CMS/select_--Select--Schedule 1Inj'  using regular expression

2018-05-21 12:49:21 - [TEST_STEP][PASSED] - selectOptionByIndex: All options with index in [56] are selected on object 'Object Repository/Schedule2/Page_KDMC - CMS/select_--Select--Albendazole'

2018-05-21 12:49:22 - [MESSAGE][PASSED] - All options with index in [56] are selected on object 'Object Repository/Schedule2/Page_KDMC - CMS/select_--Select--Albendazole'

2018-05-21 12:49:22 - [TEST_STEP][PASSED] - setText: Text '5000' is set on object 'Object Repository/Schedule2/Page_KDMC - CMS/input_txttreat'

2018-05-21 12:49:22 - [MESSAGE][PASSED] - Text '5000' is set on object 'Object Repository/Schedule2/Page_KDMC - CMS/input_txttreat'

2018-05-21 12:49:22 - [TEST_STEP][PASSED] - delay: Delayed 1 second(s)

2018-05-21 12:49:23 - [MESSAGE][PASSED] - Delayed 1 second(s)

2018-05-21 12:49:23 - [TEST_STEP][PASSED] - click: Object: 'Object Repository/Schedule2/Page_KDMC - CMS/button_Add' is clicked on

2018-05-21 12:49:23 - [MESSAGE][PASSED] - Object: 'Object Repository/Schedule2/Page_KDMC - CMS/button_Add' is clicked on

2018-05-21 12:49:23 - [TEST_STEP][PASSED] - selectOptionByValue: All options with value '2' are selected in object 'Object Repository/Schedule2/Page_KDMC - CMS/select_--Select--Schedule 1Inj'  using regular expression

2018-05-21 12:49:24 - [MESSAGE][PASSED] - All options with value '2' are selected in object 'Object Repository/Schedule2/Page_KDMC - CMS/select_--Select--Schedule 1Inj'  using regular expression

2018-05-21 12:49:24 - [TEST_STEP][PASSED] - selectOptionByIndex: All options with index in [57] are selected on object 'Object Repository/Schedule2/Page_KDMC - CMS/select_--Select--Albendazole'

2018-05-21 12:49:25 - [MESSAGE][PASSED] - All options with index in [57] are selected on object 'Object Repository/Schedule2/Page_KDMC - CMS/select_--Select--Albendazole'

2018-05-21 12:49:25 - [TEST_STEP][PASSED] - setText: Text '5000' is set on object 'Object Repository/Schedule2/Page_KDMC - CMS/input_txttreat'

2018-05-21 12:49:25 - [MESSAGE][PASSED] - Text '5000' is set on object 'Object Repository/Schedule2/Page_KDMC - CMS/input_txttreat'

2018-05-21 12:49:25 - [TEST_STEP][PASSED] - delay: Delayed 1 second(s)

2018-05-21 12:49:26 - [MESSAGE][PASSED] - Delayed 1 second(s)

2018-05-21 12:49:26 - [TEST_STEP][PASSED] - click: Object: 'Object Repository/Schedule2/Page_KDMC - CMS/button_Add' is clicked on

2018-05-21 12:49:26 - [MESSAGE][PASSED] - Object: 'Object Repository/Schedule2/Page_KDMC - CMS/button_Add' is clicked on

2018-05-21 12:49:26 - [TEST_STEP][PASSED] - selectOptionByValue: All options with value '2' are selected in object 'Object Repository/Schedule2/Page_KDMC - CMS/select_--Select--Schedule 1Inj'  using regular expression

2018-05-21 12:49:26 - [MESSAGE][PASSED] - All options with value '2' are selected in object 'Object Repository/Schedule2/Page_KDMC - CMS/select_--Select--Schedule 1Inj'  using regular expression

2018-05-21 12:49:26 - [TEST_STEP][PASSED] - selectOptionByIndex: All options with index in [58] are selected on object 'Object Repository/Schedule2/Page_KDMC - CMS/select_--Select--Albendazole'

2018-05-21 12:49:28 - [MESSAGE][PASSED] - All options with index in [58] are selected on object 'Object Repository/Schedule2/Page_KDMC - CMS/select_--Select--Albendazole'

2018-05-21 12:49:28 - [TEST_STEP][PASSED] - setText: Text '5000' is set on object 'Object Repository/Schedule2/Page_KDMC - CMS/input_txttreat'

2018-05-21 12:49:28 - [MESSAGE][PASSED] - Text '5000' is set on object 'Object Repository/Schedule2/Page_KDMC - CMS/input_txttreat'

2018-05-21 12:49:28 - [TEST_STEP][PASSED] - delay: Delayed 1 second(s)

2018-05-21 12:49:29 - [MESSAGE][PASSED] - Delayed 1 second(s)

2018-05-21 12:49:29 - [TEST_STEP][PASSED] - click: Object: 'Object Repository/Schedule2/Page_KDMC - CMS/button_Add' is clicked on

2018-05-21 12:49:29 - [MESSAGE][PASSED] - Object: 'Object Repository/Schedule2/Page_KDMC - CMS/button_Add' is clicked on

2018-05-21 12:49:29 - [TEST_STEP][PASSED] - selectOptionByValue: All options with value '2' are selected in object 'Object Repository/Schedule2/Page_KDMC - CMS/select_--Select--Schedule 1Inj'  using regular expression

2018-05-21 12:49:29 - [MESSAGE][PASSED] - All options with value '2' are selected in object 'Object Repository/Schedule2/Page_KDMC - CMS/select_--Select--Schedule 1Inj'  using regular expression

2018-05-21 12:49:29 - [TEST_STEP][PASSED] - selectOptionByIndex: All options with index in [59] are selected on object 'Object Repository/Schedule2/Page_KDMC - CMS/select_--Select--Albendazole'

2018-05-21 12:49:30 - [MESSAGE][PASSED] - All options with index in [59] are selected on object 'Object Repository/Schedule2/Page_KDMC - CMS/select_--Select--Albendazole'

2018-05-21 12:49:30 - [TEST_STEP][PASSED] - setText: Text '5000' is set on object 'Object Repository/Schedule2/Page_KDMC - CMS/input_txttreat'

2018-05-21 12:49:30 - [MESSAGE][PASSED] - Text '5000' is set on object 'Object Repository/Schedule2/Page_KDMC - CMS/input_txttreat'

2018-05-21 12:49:30 - [TEST_STEP][PASSED] - delay: Delayed 1 second(s)

2018-05-21 12:49:31 - [MESSAGE][PASSED] - Delayed 1 second(s)

2018-05-21 12:49:31 - [TEST_STEP][PASSED] - click: Object: 'Object Repository/Schedule2/Page_KDMC - CMS/button_Add' is clicked on

2018-05-21 12:49:31 - [MESSAGE][PASSED] - Object: 'Object Repository/Schedule2/Page_KDMC - CMS/button_Add' is clicked on

2018-05-21 12:49:31 - [TEST_STEP][PASSED] - selectOptionByValue: All options with value '2' are selected in object 'Object Repository/Schedule2/Page_KDMC - CMS/select_--Select--Schedule 1Inj'  using regular expression

2018-05-21 12:49:31 - [MESSAGE][PASSED] - All options with value '2' are selected in object 'Object Repository/Schedule2/Page_KDMC - CMS/select_--Select--Schedule 1Inj'  using regular expression

2018-05-21 12:49:31 - [TEST_STEP][PASSED] - selectOptionByIndex: All options with index in [60] are selected on object 'Object Repository/Schedule2/Page_KDMC - CMS/select_--Select--Albendazole'

2018-05-21 12:49:33 - [MESSAGE][PASSED] - All options with index in [60] are selected on object 'Object Repository/Schedule2/Page_KDMC - CMS/select_--Select--Albendazole'

2018-05-21 12:49:33 - [TEST_STEP][PASSED] - setText: Text '5000' is set on object 'Object Repository/Schedule2/Page_KDMC - CMS/input_txttreat'

2018-05-21 12:49:33 - [MESSAGE][PASSED] - Text '5000' is set on object 'Object Repository/Schedule2/Page_KDMC - CMS/input_txttreat'

2018-05-21 12:49:33 - [TEST_STEP][PASSED] - delay: Delayed 1 second(s)

2018-05-21 12:49:34 - [MESSAGE][PASSED] - Delayed 1 second(s)

2018-05-21 12:49:34 - [TEST_STEP][PASSED] - click: Object: 'Object Repository/Schedule2/Page_KDMC - CMS/button_Add' is clicked on

2018-05-21 12:49:34 - [MESSAGE][PASSED] - Object: 'Object Repository/Schedule2/Page_KDMC - CMS/button_Add' is clicked on

2018-05-21 12:49:34 - [TEST_STEP][PASSED] - selectOptionByValue: All options with value '2' are selected in object 'Object Repository/Schedule2/Page_KDMC - CMS/select_--Select--Schedule 1Inj'  using regular expression

2018-05-21 12:49:34 - [MESSAGE][PASSED] - All options with value '2' are selected in object 'Object Repository/Schedule2/Page_KDMC - CMS/select_--Select--Schedule 1Inj'  using regular expression

2018-05-21 12:49:34 - [TEST_STEP][PASSED] - selectOptionByIndex: All options with index in [61] are selected on object 'Object Repository/Schedule2/Page_KDMC - CMS/select_--Select--Albendazole'

2018-05-21 12:49:35 - [MESSAGE][PASSED] - All options with index in [61] are selected on object 'Object Repository/Schedule2/Page_KDMC - CMS/select_--Select--Albendazole'

2018-05-21 12:49:35 - [TEST_STEP][PASSED] - setText: Text '5000' is set on object 'Object Repository/Schedule2/Page_KDMC - CMS/input_txttreat'

2018-05-21 12:49:35 - [MESSAGE][PASSED] - Text '5000' is set on object 'Object Repository/Schedule2/Page_KDMC - CMS/input_txttreat'

2018-05-21 12:49:35 - [TEST_STEP][PASSED] - delay: Delayed 1 second(s)

2018-05-21 12:49:36 - [MESSAGE][PASSED] - Delayed 1 second(s)

2018-05-21 12:49:36 - [TEST_STEP][PASSED] - click: Object: 'Object Repository/Schedule2/Page_KDMC - CMS/button_Add' is clicked on

2018-05-21 12:49:37 - [MESSAGE][PASSED] - Object: 'Object Repository/Schedule2/Page_KDMC - CMS/button_Add' is clicked on

2018-05-21 12:49:37 - [TEST_STEP][PASSED] - selectOptionByValue: All options with value '2' are selected in object 'Object Repository/Schedule2/Page_KDMC - CMS/select_--Select--Schedule 1Inj'  using regular expression

2018-05-21 12:49:37 - [MESSAGE][PASSED] - All options with value '2' are selected in object 'Object Repository/Schedule2/Page_KDMC - CMS/select_--Select--Schedule 1Inj'  using regular expression

2018-05-21 12:49:37 - [TEST_STEP][PASSED] - selectOptionByIndex: All options with index in [62] are selected on object 'Object Repository/Schedule2/Page_KDMC - CMS/select_--Select--Albendazole'

2018-05-21 12:49:38 - [MESSAGE][PASSED] - All options with index in [62] are selected on object 'Object Repository/Schedule2/Page_KDMC - CMS/select_--Select--Albendazole'

2018-05-21 12:49:38 - [TEST_STEP][PASSED] - setText: Text '5000' is set on object 'Object Repository/Schedule2/Page_KDMC - CMS/input_txttreat'

2018-05-21 12:49:38 - [MESSAGE][PASSED] - Text '5000' is set on object 'Object Repository/Schedule2/Page_KDMC - CMS/input_txttreat'

2018-05-21 12:49:38 - [TEST_STEP][PASSED] - delay: Delayed 1 second(s)

2018-05-21 12:49:39 - [MESSAGE][PASSED] - Delayed 1 second(s)

2018-05-21 12:49:39 - [TEST_STEP][PASSED] - click: Object: 'Object Repository/Schedule2/Page_KDMC - CMS/button_Add' is clicked on

2018-05-21 12:49:39 - [MESSAGE][PASSED] - Object: 'Object Repository/Schedule2/Page_KDMC - CMS/button_Add' is clicked on

2018-05-21 12:49:39 - [TEST_STEP][PASSED] - selectOptionByValue: All options with value '2' are selected in object 'Object Repository/Schedule2/Page_KDMC - CMS/select_--Select--Schedule 1Inj'  using regular expression

2018-05-21 12:49:40 - [MESSAGE][PASSED] - All options with value '2' are selected in object 'Object Repository/Schedule2/Page_KDMC - CMS/select_--Select--Schedule 1Inj'  using regular expression

2018-05-21 12:49:40 - [TEST_STEP][PASSED] - selectOptionByIndex: All options with index in [63] are selected on object 'Object Repository/Schedule2/Page_KDMC - CMS/select_--Select--Albendazole'

2018-05-21 12:49:40 - [MESSAGE][PASSED] - All options with index in [63] are selected on object 'Object Repository/Schedule2/Page_KDMC - CMS/select_--Select--Albendazole'

2018-05-21 12:49:40 - [TEST_STEP][PASSED] - setText: Text '5000' is set on object 'Object Repository/Schedule2/Page_KDMC - CMS/input_txttreat'

2018-05-21 12:49:40 - [MESSAGE][PASSED] - Text '5000' is set on object 'Object Repository/Schedule2/Page_KDMC - CMS/input_txttreat'

2018-05-21 12:49:40 - [TEST_STEP][PASSED] - delay: Delayed 1 second(s)

2018-05-21 12:49:41 - [MESSAGE][PASSED] - Delayed 1 second(s)

2018-05-21 12:49:41 - [TEST_STEP][PASSED] - click: Object: 'Object Repository/Schedule2/Page_KDMC - CMS/button_Add' is clicked on

2018-05-21 12:49:42 - [MESSAGE][PASSED] - Object: 'Object Repository/Schedule2/Page_KDMC - CMS/button_Add' is clicked on

2018-05-21 12:49:42 - [TEST_STEP][PASSED] - selectOptionByValue: All options with value '2' are selected in object 'Object Repository/Schedule2/Page_KDMC - CMS/select_--Select--Schedule 1Inj'  using regular expression

2018-05-21 12:49:42 - [MESSAGE][PASSED] - All options with value '2' are selected in object 'Object Repository/Schedule2/Page_KDMC - CMS/select_--Select--Schedule 1Inj'  using regular expression

2018-05-21 12:49:42 - [TEST_STEP][PASSED] - selectOptionByIndex: All options with index in [64] are selected on object 'Object Repository/Schedule2/Page_KDMC - CMS/select_--Select--Albendazole'

2018-05-21 12:49:43 - [MESSAGE][PASSED] - All options with index in [64] are selected on object 'Object Repository/Schedule2/Page_KDMC - CMS/select_--Select--Albendazole'

2018-05-21 12:49:43 - [TEST_STEP][PASSED] - setText: Text '5000' is set on object 'Object Repository/Schedule2/Page_KDMC - CMS/input_txttreat'

2018-05-21 12:49:43 - [MESSAGE][PASSED] - Text '5000' is set on object 'Object Repository/Schedule2/Page_KDMC - CMS/input_txttreat'

2018-05-21 12:49:43 - [TEST_STEP][PASSED] - delay: Delayed 1 second(s)

2018-05-21 12:49:44 - [MESSAGE][PASSED] - Delayed 1 second(s)

2018-05-21 12:49:44 - [TEST_STEP][PASSED] - click: Object: 'Object Repository/Schedule2/Page_KDMC - CMS/button_Add' is clicked on

2018-05-21 12:49:44 - [MESSAGE][PASSED] - Object: 'Object Repository/Schedule2/Page_KDMC - CMS/button_Add' is clicked on

2018-05-21 12:49:44 - [TEST_STEP][PASSED] - selectOptionByValue: All options with value '2' are selected in object 'Object Repository/Schedule2/Page_KDMC - CMS/select_--Select--Schedule 1Inj'  using regular expression

2018-05-21 12:49:45 - [MESSAGE][PASSED] - All options with value '2' are selected in object 'Object Repository/Schedule2/Page_KDMC - CMS/select_--Select--Schedule 1Inj'  using regular expression

2018-05-21 12:49:45 - [TEST_STEP][PASSED] - selectOptionByIndex: All options with index in [65] are selected on object 'Object Repository/Schedule2/Page_KDMC - CMS/select_--Select--Albendazole'

2018-05-21 12:49:46 - [MESSAGE][PASSED] - All options with index in [65] are selected on object 'Object Repository/Schedule2/Page_KDMC - CMS/select_--Select--Albendazole'

2018-05-21 12:49:46 - [TEST_STEP][PASSED] - setText: Text '5000' is set on object 'Object Repository/Schedule2/Page_KDMC - CMS/input_txttreat'

2018-05-21 12:49:46 - [MESSAGE][PASSED] - Text '5000' is set on object 'Object Repository/Schedule2/Page_KDMC - CMS/input_txttreat'

2018-05-21 12:49:46 - [TEST_STEP][PASSED] - delay: Delayed 1 second(s)

2018-05-21 12:49:47 - [MESSAGE][PASSED] - Delayed 1 second(s)

2018-05-21 12:49:47 - [TEST_STEP][PASSED] - click: Object: 'Object Repository/Schedule2/Page_KDMC - CMS/button_Add' is clicked on

2018-05-21 12:49:47 - [MESSAGE][PASSED] - Object: 'Object Repository/Schedule2/Page_KDMC - CMS/button_Add' is clicked on

2018-05-21 12:49:47 - [TEST_STEP][PASSED] - selectOptionByValue: All options with value '2' are selected in object 'Object Repository/Schedule2/Page_KDMC - CMS/select_--Select--Schedule 1Inj'  using regular expression

2018-05-21 12:49:47 - [MESSAGE][PASSED] - All options with value '2' are selected in object 'Object Repository/Schedule2/Page_KDMC - CMS/select_--Select--Schedule 1Inj'  using regular expression

2018-05-21 12:49:47 - [TEST_STEP][PASSED] - selectOptionByIndex: All options with index in [66] are selected on object 'Object Repository/Schedule2/Page_KDMC - CMS/select_--Select--Albendazole'

2018-05-21 12:49:48 - [MESSAGE][PASSED] - All options with index in [66] are selected on object 'Object Repository/Schedule2/Page_KDMC - CMS/select_--Select--Albendazole'

2018-05-21 12:49:48 - [TEST_STEP][PASSED] - setText: Text '5000' is set on object 'Object Repository/Schedule2/Page_KDMC - CMS/input_txttreat'

2018-05-21 12:49:48 - [MESSAGE][PASSED] - Text '5000' is set on object 'Object Repository/Schedule2/Page_KDMC - CMS/input_txttreat'

2018-05-21 12:49:48 - [TEST_STEP][PASSED] - delay: Delayed 1 second(s)

2018-05-21 12:49:49 - [MESSAGE][PASSED] - Delayed 1 second(s)

2018-05-21 12:49:49 - [TEST_STEP][PASSED] - click: Object: 'Object Repository/Schedule2/Page_KDMC - CMS/button_Add' is clicked on

2018-05-21 12:49:49 - [MESSAGE][PASSED] - Object: 'Object Repository/Schedule2/Page_KDMC - CMS/button_Add' is clicked on

2018-05-21 12:49:49 - [TEST_STEP][PASSED] - selectOptionByValue: All options with value '2' are selected in object 'Object Repository/Schedule2/Page_KDMC - CMS/select_--Select--Schedule 1Inj'  using regular expression

2018-05-21 12:49:50 - [MESSAGE][PASSED] - All options with value '2' are selected in object 'Object Repository/Schedule2/Page_KDMC - CMS/select_--Select--Schedule 1Inj'  using regular expression

2018-05-21 12:49:50 - [TEST_STEP][PASSED] - selectOptionByIndex: All options with index in [67] are selected on object 'Object Repository/Schedule2/Page_KDMC - CMS/select_--Select--Albendazole'

2018-05-21 12:49:51 - [MESSAGE][PASSED] - All options with index in [67] are selected on object 'Object Repository/Schedule2/Page_KDMC - CMS/select_--Select--Albendazole'

2018-05-21 12:49:51 - [TEST_STEP][PASSED] - setText: Text '5000' is set on object 'Object Repository/Schedule2/Page_KDMC - CMS/input_txttreat'

2018-05-21 12:49:51 - [MESSAGE][PASSED] - Text '5000' is set on object 'Object Repository/Schedule2/Page_KDMC - CMS/input_txttreat'

2018-05-21 12:49:51 - [TEST_STEP][PASSED] - delay: Delayed 1 second(s)

2018-05-21 12:49:52 - [MESSAGE][PASSED] - Delayed 1 second(s)

2018-05-21 12:49:52 - [TEST_STEP][PASSED] - click: Object: 'Object Repository/Schedule2/Page_KDMC - CMS/button_Add' is clicked on

2018-05-21 12:49:52 - [MESSAGE][PASSED] - Object: 'Object Repository/Schedule2/Page_KDMC - CMS/button_Add' is clicked on

2018-05-21 12:49:52 - [TEST_STEP][PASSED] - selectOptionByValue: All options with value '2' are selected in object 'Object Repository/Schedule2/Page_KDMC - CMS/select_--Select--Schedule 1Inj'  using regular expression

2018-05-21 12:49:53 - [MESSAGE][PASSED] - All options with value '2' are selected in object 'Object Repository/Schedule2/Page_KDMC - CMS/select_--Select--Schedule 1Inj'  using regular expression

2018-05-21 12:49:53 - [TEST_STEP][PASSED] - selectOptionByIndex: All options with index in [68] are selected on object 'Object Repository/Schedule2/Page_KDMC - CMS/select_--Select--Albendazole'

2018-05-21 12:49:53 - [MESSAGE][PASSED] - All options with index in [68] are selected on object 'Object Repository/Schedule2/Page_KDMC - CMS/select_--Select--Albendazole'

2018-05-21 12:49:53 - [TEST_STEP][PASSED] - setText: Text '5000' is set on object 'Object Repository/Schedule2/Page_KDMC - CMS/input_txttreat'

2018-05-21 12:49:54 - [MESSAGE][PASSED] - Text '5000' is set on object 'Object Repository/Schedule2/Page_KDMC - CMS/input_txttreat'

2018-05-21 12:49:54 - [TEST_STEP][PASSED] - delay: Delayed 1 second(s)

2018-05-21 12:49:55 - [MESSAGE][PASSED] - Delayed 1 second(s)

2018-05-21 12:49:55 - [TEST_STEP][PASSED] - click: Object: 'Object Repository/Schedule2/Page_KDMC - CMS/button_Add' is clicked on

2018-05-21 12:49:55 - [MESSAGE][PASSED] - Object: 'Object Repository/Schedule2/Page_KDMC - CMS/button_Add' is clicked on

2018-05-21 12:49:55 - [TEST_STEP][PASSED] - selectOptionByValue: All options with value '2' are selected in object 'Object Repository/Schedule2/Page_KDMC - CMS/select_--Select--Schedule 1Inj'  using regular expression

2018-05-21 12:49:55 - [MESSAGE][PASSED] - All options with value '2' are selected in object 'Object Repository/Schedule2/Page_KDMC - CMS/select_--Select--Schedule 1Inj'  using regular expression

2018-05-21 12:49:55 - [TEST_STEP][PASSED] - selectOptionByIndex: All options with index in [69] are selected on object 'Object Repository/Schedule2/Page_KDMC - CMS/select_--Select--Albendazole'

2018-05-21 12:49:56 - [MESSAGE][PASSED] - All options with index in [69] are selected on object 'Object Repository/Schedule2/Page_KDMC - CMS/select_--Select--Albendazole'

2018-05-21 12:49:56 - [TEST_STEP][PASSED] - setText: Text '5000' is set on object 'Object Repository/Schedule2/Page_KDMC - CMS/input_txttreat'

2018-05-21 12:49:56 - [MESSAGE][PASSED] - Text '5000' is set on object 'Object Repository/Schedule2/Page_KDMC - CMS/input_txttreat'

2018-05-21 12:49:56 - [TEST_STEP][PASSED] - delay: Delayed 1 second(s)

2018-05-21 12:49:57 - [MESSAGE][PASSED] - Delayed 1 second(s)

2018-05-21 12:49:57 - [TEST_STEP][PASSED] - click: Object: 'Object Repository/Schedule2/Page_KDMC - CMS/button_Add' is clicked on

2018-05-21 12:49:57 - [MESSAGE][PASSED] - Object: 'Object Repository/Schedule2/Page_KDMC - CMS/button_Add' is clicked on

2018-05-21 12:49:57 - [TEST_STEP][PASSED] - selectOptionByValue: All options with value '2' are selected in object 'Object Repository/Schedule2/Page_KDMC - CMS/select_--Select--Schedule 1Inj'  using regular expression

2018-05-21 12:49:58 - [MESSAGE][PASSED] - All options with value '2' are selected in object 'Object Repository/Schedule2/Page_KDMC - CMS/select_--Select--Schedule 1Inj'  using regular expression

2018-05-21 12:49:58 - [TEST_STEP][PASSED] - selectOptionByIndex: All options with index in [70] are selected on object 'Object Repository/Schedule2/Page_KDMC - CMS/select_--Select--Albendazole'

2018-05-21 12:49:59 - [MESSAGE][PASSED] - All options with index in [70] are selected on object 'Object Repository/Schedule2/Page_KDMC - CMS/select_--Select--Albendazole'

2018-05-21 12:49:59 - [TEST_STEP][PASSED] - setText: Text '5000' is set on object 'Object Repository/Schedule2/Page_KDMC - CMS/input_txttreat'

2018-05-21 12:49:59 - [MESSAGE][PASSED] - Text '5000' is set on object 'Object Repository/Schedule2/Page_KDMC - CMS/input_txttreat'

2018-05-21 12:49:59 - [TEST_STEP][PASSED] - delay: Delayed 1 second(s)

2018-05-21 12:50:00 - [MESSAGE][PASSED] - Delayed 1 second(s)

2018-05-21 12:50:00 - [TEST_STEP][PASSED] - click: Object: 'Object Repository/Schedule2/Page_KDMC - CMS/button_Add' is clicked on

2018-05-21 12:50:00 - [MESSAGE][PASSED] - Object: 'Object Repository/Schedule2/Page_KDMC - CMS/button_Add' is clicked on

2018-05-21 12:50:00 - [TEST_STEP][PASSED] - selectOptionByValue: All options with value '2' are selected in object 'Object Repository/Schedule2/Page_KDMC - CMS/select_--Select--Schedule 1Inj'  using regular expression

2018-05-21 12:50:01 - [MESSAGE][PASSED] - All options with value '2' are selected in object 'Object Repository/Schedule2/Page_KDMC - CMS/select_--Select--Schedule 1Inj'  using regular expression

2018-05-21 12:50:01 - [TEST_STEP][PASSED] - selectOptionByIndex: All options with index in [71] are selected on object 'Object Repository/Schedule2/Page_KDMC - CMS/select_--Select--Albendazole'

2018-05-21 12:50:02 - [MESSAGE][PASSED] - All options with index in [71] are selected on object 'Object Repository/Schedule2/Page_KDMC - CMS/select_--Select--Albendazole'

2018-05-21 12:50:02 - [TEST_STEP][PASSED] - setText: Text '5000' is set on object 'Object Repository/Schedule2/Page_KDMC - CMS/input_txttreat'

2018-05-21 12:50:02 - [MESSAGE][PASSED] - Text '5000' is set on object 'Object Repository/Schedule2/Page_KDMC - CMS/input_txttreat'

2018-05-21 12:50:02 - [TEST_STEP][PASSED] - delay: Delayed 1 second(s)

2018-05-21 12:50:03 - [MESSAGE][PASSED] - Delayed 1 second(s)

2018-05-21 12:50:03 - [TEST_STEP][PASSED] - click: Object: 'Object Repository/Schedule2/Page_KDMC - CMS/button_Add' is clicked on

2018-05-21 12:50:03 - [MESSAGE][PASSED] - Object: 'Object Repository/Schedule2/Page_KDMC - CMS/button_Add' is clicked on

2018-05-21 12:50:03 - [TEST_STEP][PASSED] - selectOptionByValue: All options with value '2' are selected in object 'Object Repository/Schedule2/Page_KDMC - CMS/select_--Select--Schedule 1Inj'  using regular expression

2018-05-21 12:50:04 - [MESSAGE][PASSED] - All options with value '2' are selected in object 'Object Repository/Schedule2/Page_KDMC - CMS/select_--Select--Schedule 1Inj'  using regular expression

2018-05-21 12:50:04 - [TEST_STEP][PASSED] - selectOptionByIndex: All options with index in [72] are selected on object 'Object Repository/Schedule2/Page_KDMC - CMS/select_--Select--Albendazole'

2018-05-21 12:50:04 - [MESSAGE][PASSED] - All options with index in [72] are selected on object 'Object Repository/Schedule2/Page_KDMC - CMS/select_--Select--Albendazole'

2018-05-21 12:50:04 - [TEST_STEP][PASSED] - setText: Text '5000' is set on object 'Object Repository/Schedule2/Page_KDMC - CMS/input_txttreat'

2018-05-21 12:50:05 - [MESSAGE][PASSED] - Text '5000' is set on object 'Object Repository/Schedule2/Page_KDMC - CMS/input_txttreat'

2018-05-21 12:50:05 - [TEST_STEP][PASSED] - delay: Delayed 1 second(s)

2018-05-21 12:50:06 - [MESSAGE][PASSED] - Delayed 1 second(s)

2018-05-21 12:50:06 - [TEST_STEP][PASSED] - click: Object: 'Object Repository/Schedule2/Page_KDMC - CMS/button_Add' is clicked on

2018-05-21 12:50:06 - [MESSAGE][PASSED] - Object: 'Object Repository/Schedule2/Page_KDMC - CMS/button_Add' is clicked on

2018-05-21 12:50:06 - [TEST_STEP][PASSED] - delay: Delayed 3 second(s)

2018-05-21 12:50:09 - [MESSAGE][PASSED] - Delayed 3 second(s)

2018-05-21 12:50:09 - [TEST_STEP][PASSED] - scrollToElement: Scroll to object 'Object Repository/Schedule2/Page_KDMC - CMS/input_btnsave' successfully

2018-05-21 12:50:09 - [MESSAGE][PASSED] - Scroll to object 'Object Repository/Schedule2/Page_KDMC - CMS/input_btnsave' successfully

2018-05-21 12:50:09 - [TEST_STEP][PASSED] - click: Object: 'Object Repository/Schedule2/Page_KDMC - CMS/input_btnsave' is clicked on

2018-05-21 12:50:09 - [MESSAGE][PASSED] - Object: 'Object Repository/Schedule2/Page_KDMC - CMS/input_btnsave' is clicked on

2018-05-21 12:50:09 - [TEST_STEP][PASSED] - waitForElementPresent: Object 'Object Repository/Schedule2/Page_KDMC - CMS/button_OK' is present

2018-05-21 12:50:12 - [MESSAGE][PASSED] - Object 'Object Repository/Schedule2/Page_KDMC - CMS/button_OK' is present

2018-05-21 12:50:12 - [TEST_STEP][PASSED] - click: Object: 'Object Repository/Schedule2/Page_KDMC - CMS/button_OK' is clicked on

2018-05-21 12:50:13 - [MESSAGE][PASSED] - Object: 'Object Repository/Schedule2/Page_KDMC - CMS/button_OK' is clicked on

2018-05-21 12:50:13 - [TEST_STEP][PASSED] - delay: Delayed 3 second(s)

2018-05-21 12:50:16 - [MESSAGE][PASSED] - Delayed 3 second(s)

2018-05-21 12:50:16 - [TEST_STEP][PASSED] - click: Object: 'Object Repository/Schedule2/Page_KDMC - CMS/a_dropdown-toggle' is clicked on

2018-05-21 12:50:17 - [MESSAGE][PASSED] - Object: 'Object Repository/Schedule2/Page_KDMC - CMS/a_dropdown-toggle' is clicked on

2018-05-21 12:50:17 - [TEST_STEP][PASSED] - click: Object: 'Object Repository/Schedule2/Page_KDMC - CMS/a_Sign out' is clicked on

2018-05-21 12:50:17 - [MESSAGE][PASSED] - Object: 'Object Repository/Schedule2/Page_KDMC - CMS/a_Sign out' is clicked on

2018-05-21 12:50:17 - [TEST_STEP][PASSED] - closeBrowser: Browser is closed

2018-05-21 12:50:18 - [MESSAGE][PASSED] - Browser is closed]]></system-out>
         <system-err><![CDATA[]]></system-err>
      </testcase>
      <testcase name="Test Cases/TEST/MOH TO CMS REQUEST TEST CASES/MohRequestSchedule3" classname="Test Cases/TEST/MOH TO CMS REQUEST TEST CASES/MohRequestSchedule3" status="PASSED">
         <system-out><![CDATA[2018-05-21 12:50:18 - [TEST_CASE][PASSED] - Test Cases/TEST/MOH TO CMS REQUEST TEST CASES/MohRequestSchedule3: Test Cases/TEST/MOH TO CMS REQUEST TEST CASES/MohRequestSchedule3

2018-05-21 12:50:18 - [TEST_STEP][PASSED] - openBrowser: Browser is opened with url: ''

2018-05-21 12:50:20 - [MESSAGE][PASSED] - Browser is opened with url: ''

2018-05-21 12:50:20 - [TEST_STEP][PASSED] - navigateToUrl: Navigate to 'http://192.168.137.1/multihospital_new/' successfully

2018-05-21 12:50:23 - [MESSAGE][PASSED] - Navigate to 'http://192.168.137.1/multihospital_new/' successfully

2018-05-21 12:50:23 - [TEST_STEP][PASSED] - maximizeWindow: Current window maximized

2018-05-21 12:50:24 - [MESSAGE][PASSED] - Current window maximized

2018-05-21 12:50:24 - [TEST_STEP][PASSED] - click: Object: 'Object Repository/Schedule3/Page_KDMC/a_CMS' is clicked on

2018-05-21 12:50:26 - [MESSAGE][PASSED] - Object: 'Object Repository/Schedule3/Page_KDMC/a_CMS' is clicked on

2018-05-21 12:50:26 - [TEST_STEP][PASSED] - setText: Text 'bala' is set on object 'Object Repository/Schedule3/Page_CMS login/input_txtusername'

2018-05-21 12:50:26 - [MESSAGE][PASSED] - Text 'bala' is set on object 'Object Repository/Schedule3/Page_CMS login/input_txtusername'

2018-05-21 12:50:26 - [TEST_STEP][PASSED] - setText: Text '123' is set on object 'Object Repository/Schedule3/Page_CMS login/input_txtpassword'

2018-05-21 12:50:26 - [MESSAGE][PASSED] - Text '123' is set on object 'Object Repository/Schedule3/Page_CMS login/input_txtpassword'

2018-05-21 12:50:26 - [TEST_STEP][PASSED] - delay: Delayed 4 second(s)

2018-05-21 12:50:30 - [MESSAGE][PASSED] - Delayed 4 second(s)

2018-05-21 12:50:30 - [TEST_STEP][PASSED] - click: Object: 'Object Repository/Schedule3/Page_CMS login/button_Sign in' is clicked on

2018-05-21 12:50:33 - [MESSAGE][PASSED] - Object: 'Object Repository/Schedule3/Page_CMS login/button_Sign in' is clicked on

2018-05-21 12:50:33 - [TEST_STEP][PASSED] - click: Object: 'Object Repository/Schedule3/Page_KDMC - CMS/a_Request to MOH' is clicked on

2018-05-21 12:50:35 - [MESSAGE][PASSED] - Object: 'Object Repository/Schedule3/Page_KDMC - CMS/a_Request to MOH' is clicked on

2018-05-21 12:50:35 - [TEST_STEP][PASSED] - selectOptionByIndex: All options with index in [2] are selected on object 'Object Repository/Schedule3/Page_KDMC - CMS/select_--Select--'

2018-05-21 12:50:35 - [MESSAGE][PASSED] - All options with index in [2] are selected on object 'Object Repository/Schedule3/Page_KDMC - CMS/select_--Select--'

2018-05-21 12:50:35 - [TEST_STEP][PASSED] - selectOptionByIndex: All options with index in [3] are selected on object 'Object Repository/Schedule3/Page_KDMC - CMS/select_--Select--Schedule 1Inj'

2018-05-21 12:50:35 - [MESSAGE][PASSED] - All options with index in [3] are selected on object 'Object Repository/Schedule3/Page_KDMC - CMS/select_--Select--Schedule 1Inj'

2018-05-21 12:50:35 - [TEST_STEP][PASSED] - Statement - selectedoptions = com.kms.katalon.core.webui.keyword.WebUiBuiltInKeywords.getNumberOfTotalOption(com.kms.katalon.core.testobject.ObjectRepository.findTestObject(Schedule3/Page_KDMC - CMS/select_--Select--Amoxycillin 2)): 37 options of object 'Object Repository/Schedule3/Page_KDMC - CMS/select_--Select--Amoxycillin 2' counted

2018-05-21 12:50:36 - [MESSAGE][PASSED] - 37 options of object 'Object Repository/Schedule3/Page_KDMC - CMS/select_--Select--Amoxycillin 2' counted

2018-05-21 12:50:36 - [TEST_STEP][PASSED] - Statement - For ([i = 1, i < selectedoptions, (i++)]): Object: 'Object Repository/Schedule3/Page_KDMC - CMS/button_Add' is clicked on

2018-05-21 12:50:36 - [TEST_STEP][PASSED] - selectOptionByIndex: All options with index in [3] are selected on object 'Object Repository/Schedule3/Page_KDMC - CMS/select_--Select--Schedule 1Inj'

2018-05-21 12:50:36 - [MESSAGE][PASSED] - All options with index in [3] are selected on object 'Object Repository/Schedule3/Page_KDMC - CMS/select_--Select--Schedule 1Inj'

2018-05-21 12:50:36 - [TEST_STEP][PASSED] - selectOptionByIndex: All options with index in [1] are selected on object 'Object Repository/Schedule3/Page_KDMC - CMS/select_--Select--Amoxycillin 2'

2018-05-21 12:50:36 - [MESSAGE][PASSED] - All options with index in [1] are selected on object 'Object Repository/Schedule3/Page_KDMC - CMS/select_--Select--Amoxycillin 2'

2018-05-21 12:50:36 - [TEST_STEP][PASSED] - setText: Text '5000' is set on object 'Object Repository/Schedule3/Page_KDMC - CMS/input_txttreat'

2018-05-21 12:50:36 - [MESSAGE][PASSED] - Text '5000' is set on object 'Object Repository/Schedule3/Page_KDMC - CMS/input_txttreat'

2018-05-21 12:50:36 - [TEST_STEP][PASSED] - delay: Delayed 1 second(s)

2018-05-21 12:50:37 - [MESSAGE][PASSED] - Delayed 1 second(s)

2018-05-21 12:50:37 - [TEST_STEP][PASSED] - click: Object: 'Object Repository/Schedule3/Page_KDMC - CMS/button_Add' is clicked on

2018-05-21 12:50:38 - [MESSAGE][PASSED] - Object: 'Object Repository/Schedule3/Page_KDMC - CMS/button_Add' is clicked on

2018-05-21 12:50:38 - [TEST_STEP][PASSED] - selectOptionByIndex: All options with index in [3] are selected on object 'Object Repository/Schedule3/Page_KDMC - CMS/select_--Select--Schedule 1Inj'

2018-05-21 12:50:38 - [MESSAGE][PASSED] - All options with index in [3] are selected on object 'Object Repository/Schedule3/Page_KDMC - CMS/select_--Select--Schedule 1Inj'

2018-05-21 12:50:38 - [TEST_STEP][PASSED] - selectOptionByIndex: All options with index in [2] are selected on object 'Object Repository/Schedule3/Page_KDMC - CMS/select_--Select--Amoxycillin 2'

2018-05-21 12:50:38 - [MESSAGE][PASSED] - All options with index in [2] are selected on object 'Object Repository/Schedule3/Page_KDMC - CMS/select_--Select--Amoxycillin 2'

2018-05-21 12:50:38 - [TEST_STEP][PASSED] - setText: Text '5000' is set on object 'Object Repository/Schedule3/Page_KDMC - CMS/input_txttreat'

2018-05-21 12:50:38 - [MESSAGE][PASSED] - Text '5000' is set on object 'Object Repository/Schedule3/Page_KDMC - CMS/input_txttreat'

2018-05-21 12:50:38 - [TEST_STEP][PASSED] - delay: Delayed 1 second(s)

2018-05-21 12:50:39 - [MESSAGE][PASSED] - Delayed 1 second(s)

2018-05-21 12:50:39 - [TEST_STEP][PASSED] - click: Object: 'Object Repository/Schedule3/Page_KDMC - CMS/button_Add' is clicked on

2018-05-21 12:50:40 - [MESSAGE][PASSED] - Object: 'Object Repository/Schedule3/Page_KDMC - CMS/button_Add' is clicked on

2018-05-21 12:50:40 - [TEST_STEP][PASSED] - selectOptionByIndex: All options with index in [3] are selected on object 'Object Repository/Schedule3/Page_KDMC - CMS/select_--Select--Schedule 1Inj'

2018-05-21 12:50:40 - [MESSAGE][PASSED] - All options with index in [3] are selected on object 'Object Repository/Schedule3/Page_KDMC - CMS/select_--Select--Schedule 1Inj'

2018-05-21 12:50:40 - [TEST_STEP][PASSED] - selectOptionByIndex: All options with index in [3] are selected on object 'Object Repository/Schedule3/Page_KDMC - CMS/select_--Select--Amoxycillin 2'

2018-05-21 12:50:40 - [MESSAGE][PASSED] - All options with index in [3] are selected on object 'Object Repository/Schedule3/Page_KDMC - CMS/select_--Select--Amoxycillin 2'

2018-05-21 12:50:40 - [TEST_STEP][PASSED] - setText: Text '5000' is set on object 'Object Repository/Schedule3/Page_KDMC - CMS/input_txttreat'

2018-05-21 12:50:40 - [MESSAGE][PASSED] - Text '5000' is set on object 'Object Repository/Schedule3/Page_KDMC - CMS/input_txttreat'

2018-05-21 12:50:40 - [TEST_STEP][PASSED] - delay: Delayed 1 second(s)

2018-05-21 12:50:41 - [MESSAGE][PASSED] - Delayed 1 second(s)

2018-05-21 12:50:41 - [TEST_STEP][PASSED] - click: Object: 'Object Repository/Schedule3/Page_KDMC - CMS/button_Add' is clicked on

2018-05-21 12:50:41 - [MESSAGE][PASSED] - Object: 'Object Repository/Schedule3/Page_KDMC - CMS/button_Add' is clicked on

2018-05-21 12:50:41 - [TEST_STEP][PASSED] - selectOptionByIndex: All options with index in [3] are selected on object 'Object Repository/Schedule3/Page_KDMC - CMS/select_--Select--Schedule 1Inj'

2018-05-21 12:50:42 - [MESSAGE][PASSED] - All options with index in [3] are selected on object 'Object Repository/Schedule3/Page_KDMC - CMS/select_--Select--Schedule 1Inj'

2018-05-21 12:50:42 - [TEST_STEP][PASSED] - selectOptionByIndex: All options with index in [4] are selected on object 'Object Repository/Schedule3/Page_KDMC - CMS/select_--Select--Amoxycillin 2'

2018-05-21 12:50:42 - [MESSAGE][PASSED] - All options with index in [4] are selected on object 'Object Repository/Schedule3/Page_KDMC - CMS/select_--Select--Amoxycillin 2'

2018-05-21 12:50:42 - [TEST_STEP][PASSED] - setText: Text '5000' is set on object 'Object Repository/Schedule3/Page_KDMC - CMS/input_txttreat'

2018-05-21 12:50:42 - [MESSAGE][PASSED] - Text '5000' is set on object 'Object Repository/Schedule3/Page_KDMC - CMS/input_txttreat'

2018-05-21 12:50:42 - [TEST_STEP][PASSED] - delay: Delayed 1 second(s)

2018-05-21 12:50:43 - [MESSAGE][PASSED] - Delayed 1 second(s)

2018-05-21 12:50:43 - [TEST_STEP][PASSED] - click: Object: 'Object Repository/Schedule3/Page_KDMC - CMS/button_Add' is clicked on

2018-05-21 12:50:43 - [MESSAGE][PASSED] - Object: 'Object Repository/Schedule3/Page_KDMC - CMS/button_Add' is clicked on

2018-05-21 12:50:43 - [TEST_STEP][PASSED] - selectOptionByIndex: All options with index in [3] are selected on object 'Object Repository/Schedule3/Page_KDMC - CMS/select_--Select--Schedule 1Inj'

2018-05-21 12:50:44 - [MESSAGE][PASSED] - All options with index in [3] are selected on object 'Object Repository/Schedule3/Page_KDMC - CMS/select_--Select--Schedule 1Inj'

2018-05-21 12:50:44 - [TEST_STEP][PASSED] - selectOptionByIndex: All options with index in [5] are selected on object 'Object Repository/Schedule3/Page_KDMC - CMS/select_--Select--Amoxycillin 2'

2018-05-21 12:50:44 - [MESSAGE][PASSED] - All options with index in [5] are selected on object 'Object Repository/Schedule3/Page_KDMC - CMS/select_--Select--Amoxycillin 2'

2018-05-21 12:50:44 - [TEST_STEP][PASSED] - setText: Text '5000' is set on object 'Object Repository/Schedule3/Page_KDMC - CMS/input_txttreat'

2018-05-21 12:50:44 - [MESSAGE][PASSED] - Text '5000' is set on object 'Object Repository/Schedule3/Page_KDMC - CMS/input_txttreat'

2018-05-21 12:50:44 - [TEST_STEP][PASSED] - delay: Delayed 1 second(s)

2018-05-21 12:50:45 - [MESSAGE][PASSED] - Delayed 1 second(s)

2018-05-21 12:50:45 - [TEST_STEP][PASSED] - click: Object: 'Object Repository/Schedule3/Page_KDMC - CMS/button_Add' is clicked on

2018-05-21 12:50:45 - [MESSAGE][PASSED] - Object: 'Object Repository/Schedule3/Page_KDMC - CMS/button_Add' is clicked on

2018-05-21 12:50:45 - [TEST_STEP][PASSED] - selectOptionByIndex: All options with index in [3] are selected on object 'Object Repository/Schedule3/Page_KDMC - CMS/select_--Select--Schedule 1Inj'

2018-05-21 12:50:45 - [MESSAGE][PASSED] - All options with index in [3] are selected on object 'Object Repository/Schedule3/Page_KDMC - CMS/select_--Select--Schedule 1Inj'

2018-05-21 12:50:45 - [TEST_STEP][PASSED] - selectOptionByIndex: All options with index in [6] are selected on object 'Object Repository/Schedule3/Page_KDMC - CMS/select_--Select--Amoxycillin 2'

2018-05-21 12:50:46 - [MESSAGE][PASSED] - All options with index in [6] are selected on object 'Object Repository/Schedule3/Page_KDMC - CMS/select_--Select--Amoxycillin 2'

2018-05-21 12:50:46 - [TEST_STEP][PASSED] - setText: Text '5000' is set on object 'Object Repository/Schedule3/Page_KDMC - CMS/input_txttreat'

2018-05-21 12:50:46 - [MESSAGE][PASSED] - Text '5000' is set on object 'Object Repository/Schedule3/Page_KDMC - CMS/input_txttreat'

2018-05-21 12:50:46 - [TEST_STEP][PASSED] - delay: Delayed 1 second(s)

2018-05-21 12:50:47 - [MESSAGE][PASSED] - Delayed 1 second(s)

2018-05-21 12:50:47 - [TEST_STEP][PASSED] - click: Object: 'Object Repository/Schedule3/Page_KDMC - CMS/button_Add' is clicked on

2018-05-21 12:50:47 - [MESSAGE][PASSED] - Object: 'Object Repository/Schedule3/Page_KDMC - CMS/button_Add' is clicked on

2018-05-21 12:50:47 - [TEST_STEP][PASSED] - selectOptionByIndex: All options with index in [3] are selected on object 'Object Repository/Schedule3/Page_KDMC - CMS/select_--Select--Schedule 1Inj'

2018-05-21 12:50:47 - [MESSAGE][PASSED] - All options with index in [3] are selected on object 'Object Repository/Schedule3/Page_KDMC - CMS/select_--Select--Schedule 1Inj'

2018-05-21 12:50:47 - [TEST_STEP][PASSED] - selectOptionByIndex: All options with index in [7] are selected on object 'Object Repository/Schedule3/Page_KDMC - CMS/select_--Select--Amoxycillin 2'

2018-05-21 12:50:48 - [MESSAGE][PASSED] - All options with index in [7] are selected on object 'Object Repository/Schedule3/Page_KDMC - CMS/select_--Select--Amoxycillin 2'

2018-05-21 12:50:48 - [TEST_STEP][PASSED] - setText: Text '5000' is set on object 'Object Repository/Schedule3/Page_KDMC - CMS/input_txttreat'

2018-05-21 12:50:48 - [MESSAGE][PASSED] - Text '5000' is set on object 'Object Repository/Schedule3/Page_KDMC - CMS/input_txttreat'

2018-05-21 12:50:48 - [TEST_STEP][PASSED] - delay: Delayed 1 second(s)

2018-05-21 12:50:49 - [MESSAGE][PASSED] - Delayed 1 second(s)

2018-05-21 12:50:49 - [TEST_STEP][PASSED] - click: Object: 'Object Repository/Schedule3/Page_KDMC - CMS/button_Add' is clicked on

2018-05-21 12:50:49 - [MESSAGE][PASSED] - Object: 'Object Repository/Schedule3/Page_KDMC - CMS/button_Add' is clicked on

2018-05-21 12:50:49 - [TEST_STEP][PASSED] - selectOptionByIndex: All options with index in [3] are selected on object 'Object Repository/Schedule3/Page_KDMC - CMS/select_--Select--Schedule 1Inj'

2018-05-21 12:50:49 - [MESSAGE][PASSED] - All options with index in [3] are selected on object 'Object Repository/Schedule3/Page_KDMC - CMS/select_--Select--Schedule 1Inj'

2018-05-21 12:50:49 - [TEST_STEP][PASSED] - selectOptionByIndex: All options with index in [8] are selected on object 'Object Repository/Schedule3/Page_KDMC - CMS/select_--Select--Amoxycillin 2'

2018-05-21 12:50:50 - [MESSAGE][PASSED] - All options with index in [8] are selected on object 'Object Repository/Schedule3/Page_KDMC - CMS/select_--Select--Amoxycillin 2'

2018-05-21 12:50:50 - [TEST_STEP][PASSED] - setText: Text '5000' is set on object 'Object Repository/Schedule3/Page_KDMC - CMS/input_txttreat'

2018-05-21 12:50:50 - [MESSAGE][PASSED] - Text '5000' is set on object 'Object Repository/Schedule3/Page_KDMC - CMS/input_txttreat'

2018-05-21 12:50:50 - [TEST_STEP][PASSED] - delay: Delayed 1 second(s)

2018-05-21 12:50:51 - [MESSAGE][PASSED] - Delayed 1 second(s)

2018-05-21 12:50:51 - [TEST_STEP][PASSED] - click: Object: 'Object Repository/Schedule3/Page_KDMC - CMS/button_Add' is clicked on

2018-05-21 12:50:51 - [MESSAGE][PASSED] - Object: 'Object Repository/Schedule3/Page_KDMC - CMS/button_Add' is clicked on

2018-05-21 12:50:51 - [TEST_STEP][PASSED] - selectOptionByIndex: All options with index in [3] are selected on object 'Object Repository/Schedule3/Page_KDMC - CMS/select_--Select--Schedule 1Inj'

2018-05-21 12:50:51 - [MESSAGE][PASSED] - All options with index in [3] are selected on object 'Object Repository/Schedule3/Page_KDMC - CMS/select_--Select--Schedule 1Inj'

2018-05-21 12:50:51 - [TEST_STEP][PASSED] - selectOptionByIndex: All options with index in [9] are selected on object 'Object Repository/Schedule3/Page_KDMC - CMS/select_--Select--Amoxycillin 2'

2018-05-21 12:50:52 - [MESSAGE][PASSED] - All options with index in [9] are selected on object 'Object Repository/Schedule3/Page_KDMC - CMS/select_--Select--Amoxycillin 2'

2018-05-21 12:50:52 - [TEST_STEP][PASSED] - setText: Text '5000' is set on object 'Object Repository/Schedule3/Page_KDMC - CMS/input_txttreat'

2018-05-21 12:50:52 - [MESSAGE][PASSED] - Text '5000' is set on object 'Object Repository/Schedule3/Page_KDMC - CMS/input_txttreat'

2018-05-21 12:50:52 - [TEST_STEP][PASSED] - delay: Delayed 1 second(s)

2018-05-21 12:50:53 - [MESSAGE][PASSED] - Delayed 1 second(s)

2018-05-21 12:50:53 - [TEST_STEP][PASSED] - click: Object: 'Object Repository/Schedule3/Page_KDMC - CMS/button_Add' is clicked on

2018-05-21 12:50:53 - [MESSAGE][PASSED] - Object: 'Object Repository/Schedule3/Page_KDMC - CMS/button_Add' is clicked on

2018-05-21 12:50:53 - [TEST_STEP][PASSED] - selectOptionByIndex: All options with index in [3] are selected on object 'Object Repository/Schedule3/Page_KDMC - CMS/select_--Select--Schedule 1Inj'

2018-05-21 12:50:53 - [MESSAGE][PASSED] - All options with index in [3] are selected on object 'Object Repository/Schedule3/Page_KDMC - CMS/select_--Select--Schedule 1Inj'

2018-05-21 12:50:53 - [TEST_STEP][PASSED] - selectOptionByIndex: All options with index in [10] are selected on object 'Object Repository/Schedule3/Page_KDMC - CMS/select_--Select--Amoxycillin 2'

2018-05-21 12:50:54 - [MESSAGE][PASSED] - All options with index in [10] are selected on object 'Object Repository/Schedule3/Page_KDMC - CMS/select_--Select--Amoxycillin 2'

2018-05-21 12:50:54 - [TEST_STEP][PASSED] - setText: Text '5000' is set on object 'Object Repository/Schedule3/Page_KDMC - CMS/input_txttreat'

2018-05-21 12:50:54 - [MESSAGE][PASSED] - Text '5000' is set on object 'Object Repository/Schedule3/Page_KDMC - CMS/input_txttreat'

2018-05-21 12:50:54 - [TEST_STEP][PASSED] - delay: Delayed 1 second(s)

2018-05-21 12:50:55 - [MESSAGE][PASSED] - Delayed 1 second(s)

2018-05-21 12:50:55 - [TEST_STEP][PASSED] - click: Object: 'Object Repository/Schedule3/Page_KDMC - CMS/button_Add' is clicked on

2018-05-21 12:50:55 - [MESSAGE][PASSED] - Object: 'Object Repository/Schedule3/Page_KDMC - CMS/button_Add' is clicked on

2018-05-21 12:50:55 - [TEST_STEP][PASSED] - selectOptionByIndex: All options with index in [3] are selected on object 'Object Repository/Schedule3/Page_KDMC - CMS/select_--Select--Schedule 1Inj'

2018-05-21 12:50:56 - [MESSAGE][PASSED] - All options with index in [3] are selected on object 'Object Repository/Schedule3/Page_KDMC - CMS/select_--Select--Schedule 1Inj'

2018-05-21 12:50:56 - [TEST_STEP][PASSED] - selectOptionByIndex: All options with index in [11] are selected on object 'Object Repository/Schedule3/Page_KDMC - CMS/select_--Select--Amoxycillin 2'

2018-05-21 12:50:56 - [MESSAGE][PASSED] - All options with index in [11] are selected on object 'Object Repository/Schedule3/Page_KDMC - CMS/select_--Select--Amoxycillin 2'

2018-05-21 12:50:56 - [TEST_STEP][PASSED] - setText: Text '5000' is set on object 'Object Repository/Schedule3/Page_KDMC - CMS/input_txttreat'

2018-05-21 12:50:56 - [MESSAGE][PASSED] - Text '5000' is set on object 'Object Repository/Schedule3/Page_KDMC - CMS/input_txttreat'

2018-05-21 12:50:56 - [TEST_STEP][PASSED] - delay: Delayed 1 second(s)

2018-05-21 12:50:57 - [MESSAGE][PASSED] - Delayed 1 second(s)

2018-05-21 12:50:57 - [TEST_STEP][PASSED] - click: Object: 'Object Repository/Schedule3/Page_KDMC - CMS/button_Add' is clicked on

2018-05-21 12:50:58 - [MESSAGE][PASSED] - Object: 'Object Repository/Schedule3/Page_KDMC - CMS/button_Add' is clicked on

2018-05-21 12:50:58 - [TEST_STEP][PASSED] - selectOptionByIndex: All options with index in [3] are selected on object 'Object Repository/Schedule3/Page_KDMC - CMS/select_--Select--Schedule 1Inj'

2018-05-21 12:50:58 - [MESSAGE][PASSED] - All options with index in [3] are selected on object 'Object Repository/Schedule3/Page_KDMC - CMS/select_--Select--Schedule 1Inj'

2018-05-21 12:50:58 - [TEST_STEP][PASSED] - selectOptionByIndex: All options with index in [12] are selected on object 'Object Repository/Schedule3/Page_KDMC - CMS/select_--Select--Amoxycillin 2'

2018-05-21 12:50:59 - [MESSAGE][PASSED] - All options with index in [12] are selected on object 'Object Repository/Schedule3/Page_KDMC - CMS/select_--Select--Amoxycillin 2'

2018-05-21 12:50:59 - [TEST_STEP][PASSED] - setText: Text '5000' is set on object 'Object Repository/Schedule3/Page_KDMC - CMS/input_txttreat'

2018-05-21 12:50:59 - [MESSAGE][PASSED] - Text '5000' is set on object 'Object Repository/Schedule3/Page_KDMC - CMS/input_txttreat'

2018-05-21 12:50:59 - [TEST_STEP][PASSED] - delay: Delayed 1 second(s)

2018-05-21 12:51:00 - [MESSAGE][PASSED] - Delayed 1 second(s)

2018-05-21 12:51:00 - [TEST_STEP][PASSED] - click: Object: 'Object Repository/Schedule3/Page_KDMC - CMS/button_Add' is clicked on

2018-05-21 12:51:00 - [MESSAGE][PASSED] - Object: 'Object Repository/Schedule3/Page_KDMC - CMS/button_Add' is clicked on

2018-05-21 12:51:00 - [TEST_STEP][PASSED] - selectOptionByIndex: All options with index in [3] are selected on object 'Object Repository/Schedule3/Page_KDMC - CMS/select_--Select--Schedule 1Inj'

2018-05-21 12:51:00 - [MESSAGE][PASSED] - All options with index in [3] are selected on object 'Object Repository/Schedule3/Page_KDMC - CMS/select_--Select--Schedule 1Inj'

2018-05-21 12:51:00 - [TEST_STEP][PASSED] - selectOptionByIndex: All options with index in [13] are selected on object 'Object Repository/Schedule3/Page_KDMC - CMS/select_--Select--Amoxycillin 2'

2018-05-21 12:51:01 - [MESSAGE][PASSED] - All options with index in [13] are selected on object 'Object Repository/Schedule3/Page_KDMC - CMS/select_--Select--Amoxycillin 2'

2018-05-21 12:51:01 - [TEST_STEP][PASSED] - setText: Text '5000' is set on object 'Object Repository/Schedule3/Page_KDMC - CMS/input_txttreat'

2018-05-21 12:51:01 - [MESSAGE][PASSED] - Text '5000' is set on object 'Object Repository/Schedule3/Page_KDMC - CMS/input_txttreat'

2018-05-21 12:51:01 - [TEST_STEP][PASSED] - delay: Delayed 1 second(s)

2018-05-21 12:51:02 - [MESSAGE][PASSED] - Delayed 1 second(s)

2018-05-21 12:51:02 - [TEST_STEP][PASSED] - click: Object: 'Object Repository/Schedule3/Page_KDMC - CMS/button_Add' is clicked on

2018-05-21 12:51:02 - [MESSAGE][PASSED] - Object: 'Object Repository/Schedule3/Page_KDMC - CMS/button_Add' is clicked on

2018-05-21 12:51:02 - [TEST_STEP][PASSED] - selectOptionByIndex: All options with index in [3] are selected on object 'Object Repository/Schedule3/Page_KDMC - CMS/select_--Select--Schedule 1Inj'

2018-05-21 12:51:02 - [MESSAGE][PASSED] - All options with index in [3] are selected on object 'Object Repository/Schedule3/Page_KDMC - CMS/select_--Select--Schedule 1Inj'

2018-05-21 12:51:02 - [TEST_STEP][PASSED] - selectOptionByIndex: All options with index in [14] are selected on object 'Object Repository/Schedule3/Page_KDMC - CMS/select_--Select--Amoxycillin 2'

2018-05-21 12:51:03 - [MESSAGE][PASSED] - All options with index in [14] are selected on object 'Object Repository/Schedule3/Page_KDMC - CMS/select_--Select--Amoxycillin 2'

2018-05-21 12:51:03 - [TEST_STEP][PASSED] - setText: Text '5000' is set on object 'Object Repository/Schedule3/Page_KDMC - CMS/input_txttreat'

2018-05-21 12:51:03 - [MESSAGE][PASSED] - Text '5000' is set on object 'Object Repository/Schedule3/Page_KDMC - CMS/input_txttreat'

2018-05-21 12:51:03 - [TEST_STEP][PASSED] - delay: Delayed 1 second(s)

2018-05-21 12:51:04 - [MESSAGE][PASSED] - Delayed 1 second(s)

2018-05-21 12:51:04 - [TEST_STEP][PASSED] - click: Object: 'Object Repository/Schedule3/Page_KDMC - CMS/button_Add' is clicked on

2018-05-21 12:51:04 - [MESSAGE][PASSED] - Object: 'Object Repository/Schedule3/Page_KDMC - CMS/button_Add' is clicked on

2018-05-21 12:51:04 - [TEST_STEP][PASSED] - selectOptionByIndex: All options with index in [3] are selected on object 'Object Repository/Schedule3/Page_KDMC - CMS/select_--Select--Schedule 1Inj'

2018-05-21 12:51:04 - [MESSAGE][PASSED] - All options with index in [3] are selected on object 'Object Repository/Schedule3/Page_KDMC - CMS/select_--Select--Schedule 1Inj'

2018-05-21 12:51:04 - [TEST_STEP][PASSED] - selectOptionByIndex: All options with index in [15] are selected on object 'Object Repository/Schedule3/Page_KDMC - CMS/select_--Select--Amoxycillin 2'

2018-05-21 12:51:05 - [MESSAGE][PASSED] - All options with index in [15] are selected on object 'Object Repository/Schedule3/Page_KDMC - CMS/select_--Select--Amoxycillin 2'

2018-05-21 12:51:05 - [TEST_STEP][PASSED] - setText: Text '5000' is set on object 'Object Repository/Schedule3/Page_KDMC - CMS/input_txttreat'

2018-05-21 12:51:05 - [MESSAGE][PASSED] - Text '5000' is set on object 'Object Repository/Schedule3/Page_KDMC - CMS/input_txttreat'

2018-05-21 12:51:05 - [TEST_STEP][PASSED] - delay: Delayed 1 second(s)

2018-05-21 12:51:06 - [MESSAGE][PASSED] - Delayed 1 second(s)

2018-05-21 12:51:06 - [TEST_STEP][PASSED] - click: Object: 'Object Repository/Schedule3/Page_KDMC - CMS/button_Add' is clicked on

2018-05-21 12:51:06 - [MESSAGE][PASSED] - Object: 'Object Repository/Schedule3/Page_KDMC - CMS/button_Add' is clicked on

2018-05-21 12:51:06 - [TEST_STEP][PASSED] - selectOptionByIndex: All options with index in [3] are selected on object 'Object Repository/Schedule3/Page_KDMC - CMS/select_--Select--Schedule 1Inj'

2018-05-21 12:51:06 - [MESSAGE][PASSED] - All options with index in [3] are selected on object 'Object Repository/Schedule3/Page_KDMC - CMS/select_--Select--Schedule 1Inj'

2018-05-21 12:51:06 - [TEST_STEP][PASSED] - selectOptionByIndex: All options with index in [16] are selected on object 'Object Repository/Schedule3/Page_KDMC - CMS/select_--Select--Amoxycillin 2'

2018-05-21 12:51:07 - [MESSAGE][PASSED] - All options with index in [16] are selected on object 'Object Repository/Schedule3/Page_KDMC - CMS/select_--Select--Amoxycillin 2'

2018-05-21 12:51:07 - [TEST_STEP][PASSED] - setText: Text '5000' is set on object 'Object Repository/Schedule3/Page_KDMC - CMS/input_txttreat'

2018-05-21 12:51:07 - [MESSAGE][PASSED] - Text '5000' is set on object 'Object Repository/Schedule3/Page_KDMC - CMS/input_txttreat'

2018-05-21 12:51:07 - [TEST_STEP][PASSED] - delay: Delayed 1 second(s)

2018-05-21 12:51:08 - [MESSAGE][PASSED] - Delayed 1 second(s)

2018-05-21 12:51:08 - [TEST_STEP][PASSED] - click: Object: 'Object Repository/Schedule3/Page_KDMC - CMS/button_Add' is clicked on

2018-05-21 12:51:08 - [MESSAGE][PASSED] - Object: 'Object Repository/Schedule3/Page_KDMC - CMS/button_Add' is clicked on

2018-05-21 12:51:08 - [TEST_STEP][PASSED] - selectOptionByIndex: All options with index in [3] are selected on object 'Object Repository/Schedule3/Page_KDMC - CMS/select_--Select--Schedule 1Inj'

2018-05-21 12:51:08 - [MESSAGE][PASSED] - All options with index in [3] are selected on object 'Object Repository/Schedule3/Page_KDMC - CMS/select_--Select--Schedule 1Inj'

2018-05-21 12:51:08 - [TEST_STEP][PASSED] - selectOptionByIndex: All options with index in [17] are selected on object 'Object Repository/Schedule3/Page_KDMC - CMS/select_--Select--Amoxycillin 2'

2018-05-21 12:51:09 - [MESSAGE][PASSED] - All options with index in [17] are selected on object 'Object Repository/Schedule3/Page_KDMC - CMS/select_--Select--Amoxycillin 2'

2018-05-21 12:51:09 - [TEST_STEP][PASSED] - setText: Text '5000' is set on object 'Object Repository/Schedule3/Page_KDMC - CMS/input_txttreat'

2018-05-21 12:51:09 - [MESSAGE][PASSED] - Text '5000' is set on object 'Object Repository/Schedule3/Page_KDMC - CMS/input_txttreat'

2018-05-21 12:51:09 - [TEST_STEP][PASSED] - delay: Delayed 1 second(s)

2018-05-21 12:51:10 - [MESSAGE][PASSED] - Delayed 1 second(s)

2018-05-21 12:51:10 - [TEST_STEP][PASSED] - click: Object: 'Object Repository/Schedule3/Page_KDMC - CMS/button_Add' is clicked on

2018-05-21 12:51:10 - [MESSAGE][PASSED] - Object: 'Object Repository/Schedule3/Page_KDMC - CMS/button_Add' is clicked on

2018-05-21 12:51:10 - [TEST_STEP][PASSED] - selectOptionByIndex: All options with index in [3] are selected on object 'Object Repository/Schedule3/Page_KDMC - CMS/select_--Select--Schedule 1Inj'

2018-05-21 12:51:11 - [MESSAGE][PASSED] - All options with index in [3] are selected on object 'Object Repository/Schedule3/Page_KDMC - CMS/select_--Select--Schedule 1Inj'

2018-05-21 12:51:11 - [TEST_STEP][PASSED] - selectOptionByIndex: All options with index in [18] are selected on object 'Object Repository/Schedule3/Page_KDMC - CMS/select_--Select--Amoxycillin 2'

2018-05-21 12:51:11 - [MESSAGE][PASSED] - All options with index in [18] are selected on object 'Object Repository/Schedule3/Page_KDMC - CMS/select_--Select--Amoxycillin 2'

2018-05-21 12:51:11 - [TEST_STEP][PASSED] - setText: Text '5000' is set on object 'Object Repository/Schedule3/Page_KDMC - CMS/input_txttreat'

2018-05-21 12:51:12 - [MESSAGE][PASSED] - Text '5000' is set on object 'Object Repository/Schedule3/Page_KDMC - CMS/input_txttreat'

2018-05-21 12:51:12 - [TEST_STEP][PASSED] - delay: Delayed 1 second(s)

2018-05-21 12:51:13 - [MESSAGE][PASSED] - Delayed 1 second(s)

2018-05-21 12:51:13 - [TEST_STEP][PASSED] - click: Object: 'Object Repository/Schedule3/Page_KDMC - CMS/button_Add' is clicked on

2018-05-21 12:51:13 - [MESSAGE][PASSED] - Object: 'Object Repository/Schedule3/Page_KDMC - CMS/button_Add' is clicked on

2018-05-21 12:51:13 - [TEST_STEP][PASSED] - selectOptionByIndex: All options with index in [3] are selected on object 'Object Repository/Schedule3/Page_KDMC - CMS/select_--Select--Schedule 1Inj'

2018-05-21 12:51:13 - [MESSAGE][PASSED] - All options with index in [3] are selected on object 'Object Repository/Schedule3/Page_KDMC - CMS/select_--Select--Schedule 1Inj'

2018-05-21 12:51:13 - [TEST_STEP][PASSED] - selectOptionByIndex: All options with index in [19] are selected on object 'Object Repository/Schedule3/Page_KDMC - CMS/select_--Select--Amoxycillin 2'

2018-05-21 12:51:14 - [MESSAGE][PASSED] - All options with index in [19] are selected on object 'Object Repository/Schedule3/Page_KDMC - CMS/select_--Select--Amoxycillin 2'

2018-05-21 12:51:14 - [TEST_STEP][PASSED] - setText: Text '5000' is set on object 'Object Repository/Schedule3/Page_KDMC - CMS/input_txttreat'

2018-05-21 12:51:14 - [MESSAGE][PASSED] - Text '5000' is set on object 'Object Repository/Schedule3/Page_KDMC - CMS/input_txttreat'

2018-05-21 12:51:14 - [TEST_STEP][PASSED] - delay: Delayed 1 second(s)

2018-05-21 12:51:15 - [MESSAGE][PASSED] - Delayed 1 second(s)

2018-05-21 12:51:15 - [TEST_STEP][PASSED] - click: Object: 'Object Repository/Schedule3/Page_KDMC - CMS/button_Add' is clicked on

2018-05-21 12:51:15 - [MESSAGE][PASSED] - Object: 'Object Repository/Schedule3/Page_KDMC - CMS/button_Add' is clicked on

2018-05-21 12:51:15 - [TEST_STEP][PASSED] - selectOptionByIndex: All options with index in [3] are selected on object 'Object Repository/Schedule3/Page_KDMC - CMS/select_--Select--Schedule 1Inj'

2018-05-21 12:51:15 - [MESSAGE][PASSED] - All options with index in [3] are selected on object 'Object Repository/Schedule3/Page_KDMC - CMS/select_--Select--Schedule 1Inj'

2018-05-21 12:51:15 - [TEST_STEP][PASSED] - selectOptionByIndex: All options with index in [20] are selected on object 'Object Repository/Schedule3/Page_KDMC - CMS/select_--Select--Amoxycillin 2'

2018-05-21 12:51:16 - [MESSAGE][PASSED] - All options with index in [20] are selected on object 'Object Repository/Schedule3/Page_KDMC - CMS/select_--Select--Amoxycillin 2'

2018-05-21 12:51:16 - [TEST_STEP][PASSED] - setText: Text '5000' is set on object 'Object Repository/Schedule3/Page_KDMC - CMS/input_txttreat'

2018-05-21 12:51:16 - [MESSAGE][PASSED] - Text '5000' is set on object 'Object Repository/Schedule3/Page_KDMC - CMS/input_txttreat'

2018-05-21 12:51:16 - [TEST_STEP][PASSED] - delay: Delayed 1 second(s)

2018-05-21 12:51:17 - [MESSAGE][PASSED] - Delayed 1 second(s)

2018-05-21 12:51:17 - [TEST_STEP][PASSED] - click: Object: 'Object Repository/Schedule3/Page_KDMC - CMS/button_Add' is clicked on

2018-05-21 12:51:17 - [MESSAGE][PASSED] - Object: 'Object Repository/Schedule3/Page_KDMC - CMS/button_Add' is clicked on

2018-05-21 12:51:17 - [TEST_STEP][PASSED] - selectOptionByIndex: All options with index in [3] are selected on object 'Object Repository/Schedule3/Page_KDMC - CMS/select_--Select--Schedule 1Inj'

2018-05-21 12:51:17 - [MESSAGE][PASSED] - All options with index in [3] are selected on object 'Object Repository/Schedule3/Page_KDMC - CMS/select_--Select--Schedule 1Inj'

2018-05-21 12:51:17 - [TEST_STEP][PASSED] - selectOptionByIndex: All options with index in [21] are selected on object 'Object Repository/Schedule3/Page_KDMC - CMS/select_--Select--Amoxycillin 2'

2018-05-21 12:51:18 - [MESSAGE][PASSED] - All options with index in [21] are selected on object 'Object Repository/Schedule3/Page_KDMC - CMS/select_--Select--Amoxycillin 2'

2018-05-21 12:51:18 - [TEST_STEP][PASSED] - setText: Text '5000' is set on object 'Object Repository/Schedule3/Page_KDMC - CMS/input_txttreat'

2018-05-21 12:51:18 - [MESSAGE][PASSED] - Text '5000' is set on object 'Object Repository/Schedule3/Page_KDMC - CMS/input_txttreat'

2018-05-21 12:51:18 - [TEST_STEP][PASSED] - delay: Delayed 1 second(s)

2018-05-21 12:51:19 - [MESSAGE][PASSED] - Delayed 1 second(s)

2018-05-21 12:51:19 - [TEST_STEP][PASSED] - click: Object: 'Object Repository/Schedule3/Page_KDMC - CMS/button_Add' is clicked on

2018-05-21 12:51:19 - [MESSAGE][PASSED] - Object: 'Object Repository/Schedule3/Page_KDMC - CMS/button_Add' is clicked on

2018-05-21 12:51:19 - [TEST_STEP][PASSED] - selectOptionByIndex: All options with index in [3] are selected on object 'Object Repository/Schedule3/Page_KDMC - CMS/select_--Select--Schedule 1Inj'

2018-05-21 12:51:19 - [MESSAGE][PASSED] - All options with index in [3] are selected on object 'Object Repository/Schedule3/Page_KDMC - CMS/select_--Select--Schedule 1Inj'

2018-05-21 12:51:19 - [TEST_STEP][PASSED] - selectOptionByIndex: All options with index in [22] are selected on object 'Object Repository/Schedule3/Page_KDMC - CMS/select_--Select--Amoxycillin 2'

2018-05-21 12:51:20 - [MESSAGE][PASSED] - All options with index in [22] are selected on object 'Object Repository/Schedule3/Page_KDMC - CMS/select_--Select--Amoxycillin 2'

2018-05-21 12:51:20 - [TEST_STEP][PASSED] - setText: Text '5000' is set on object 'Object Repository/Schedule3/Page_KDMC - CMS/input_txttreat'

2018-05-21 12:51:20 - [MESSAGE][PASSED] - Text '5000' is set on object 'Object Repository/Schedule3/Page_KDMC - CMS/input_txttreat'

2018-05-21 12:51:20 - [TEST_STEP][PASSED] - delay: Delayed 1 second(s)

2018-05-21 12:51:21 - [MESSAGE][PASSED] - Delayed 1 second(s)

2018-05-21 12:51:21 - [TEST_STEP][PASSED] - click: Object: 'Object Repository/Schedule3/Page_KDMC - CMS/button_Add' is clicked on

2018-05-21 12:51:21 - [MESSAGE][PASSED] - Object: 'Object Repository/Schedule3/Page_KDMC - CMS/button_Add' is clicked on

2018-05-21 12:51:21 - [TEST_STEP][PASSED] - selectOptionByIndex: All options with index in [3] are selected on object 'Object Repository/Schedule3/Page_KDMC - CMS/select_--Select--Schedule 1Inj'

2018-05-21 12:51:22 - [MESSAGE][PASSED] - All options with index in [3] are selected on object 'Object Repository/Schedule3/Page_KDMC - CMS/select_--Select--Schedule 1Inj'

2018-05-21 12:51:22 - [TEST_STEP][PASSED] - selectOptionByIndex: All options with index in [23] are selected on object 'Object Repository/Schedule3/Page_KDMC - CMS/select_--Select--Amoxycillin 2'

2018-05-21 12:51:22 - [MESSAGE][PASSED] - All options with index in [23] are selected on object 'Object Repository/Schedule3/Page_KDMC - CMS/select_--Select--Amoxycillin 2'

2018-05-21 12:51:22 - [TEST_STEP][PASSED] - setText: Text '5000' is set on object 'Object Repository/Schedule3/Page_KDMC - CMS/input_txttreat'

2018-05-21 12:51:22 - [MESSAGE][PASSED] - Text '5000' is set on object 'Object Repository/Schedule3/Page_KDMC - CMS/input_txttreat'

2018-05-21 12:51:22 - [TEST_STEP][PASSED] - delay: Delayed 1 second(s)

2018-05-21 12:51:23 - [MESSAGE][PASSED] - Delayed 1 second(s)

2018-05-21 12:51:23 - [TEST_STEP][PASSED] - click: Object: 'Object Repository/Schedule3/Page_KDMC - CMS/button_Add' is clicked on

2018-05-21 12:51:24 - [MESSAGE][PASSED] - Object: 'Object Repository/Schedule3/Page_KDMC - CMS/button_Add' is clicked on

2018-05-21 12:51:24 - [TEST_STEP][PASSED] - selectOptionByIndex: All options with index in [3] are selected on object 'Object Repository/Schedule3/Page_KDMC - CMS/select_--Select--Schedule 1Inj'

2018-05-21 12:51:24 - [MESSAGE][PASSED] - All options with index in [3] are selected on object 'Object Repository/Schedule3/Page_KDMC - CMS/select_--Select--Schedule 1Inj'

2018-05-21 12:51:24 - [TEST_STEP][PASSED] - selectOptionByIndex: All options with index in [24] are selected on object 'Object Repository/Schedule3/Page_KDMC - CMS/select_--Select--Amoxycillin 2'

2018-05-21 12:51:25 - [MESSAGE][PASSED] - All options with index in [24] are selected on object 'Object Repository/Schedule3/Page_KDMC - CMS/select_--Select--Amoxycillin 2'

2018-05-21 12:51:25 - [TEST_STEP][PASSED] - setText: Text '5000' is set on object 'Object Repository/Schedule3/Page_KDMC - CMS/input_txttreat'

2018-05-21 12:51:25 - [MESSAGE][PASSED] - Text '5000' is set on object 'Object Repository/Schedule3/Page_KDMC - CMS/input_txttreat'

2018-05-21 12:51:25 - [TEST_STEP][PASSED] - delay: Delayed 1 second(s)

2018-05-21 12:51:26 - [MESSAGE][PASSED] - Delayed 1 second(s)

2018-05-21 12:51:26 - [TEST_STEP][PASSED] - click: Object: 'Object Repository/Schedule3/Page_KDMC - CMS/button_Add' is clicked on

2018-05-21 12:51:26 - [MESSAGE][PASSED] - Object: 'Object Repository/Schedule3/Page_KDMC - CMS/button_Add' is clicked on

2018-05-21 12:51:26 - [TEST_STEP][PASSED] - selectOptionByIndex: All options with index in [3] are selected on object 'Object Repository/Schedule3/Page_KDMC - CMS/select_--Select--Schedule 1Inj'

2018-05-21 12:51:26 - [MESSAGE][PASSED] - All options with index in [3] are selected on object 'Object Repository/Schedule3/Page_KDMC - CMS/select_--Select--Schedule 1Inj'

2018-05-21 12:51:26 - [TEST_STEP][PASSED] - selectOptionByIndex: All options with index in [25] are selected on object 'Object Repository/Schedule3/Page_KDMC - CMS/select_--Select--Amoxycillin 2'

2018-05-21 12:51:27 - [MESSAGE][PASSED] - All options with index in [25] are selected on object 'Object Repository/Schedule3/Page_KDMC - CMS/select_--Select--Amoxycillin 2'

2018-05-21 12:51:27 - [TEST_STEP][PASSED] - setText: Text '5000' is set on object 'Object Repository/Schedule3/Page_KDMC - CMS/input_txttreat'

2018-05-21 12:51:27 - [MESSAGE][PASSED] - Text '5000' is set on object 'Object Repository/Schedule3/Page_KDMC - CMS/input_txttreat'

2018-05-21 12:51:27 - [TEST_STEP][PASSED] - delay: Delayed 1 second(s)

2018-05-21 12:51:28 - [MESSAGE][PASSED] - Delayed 1 second(s)

2018-05-21 12:51:28 - [TEST_STEP][PASSED] - click: Object: 'Object Repository/Schedule3/Page_KDMC - CMS/button_Add' is clicked on

2018-05-21 12:51:28 - [MESSAGE][PASSED] - Object: 'Object Repository/Schedule3/Page_KDMC - CMS/button_Add' is clicked on

2018-05-21 12:51:28 - [TEST_STEP][PASSED] - selectOptionByIndex: All options with index in [3] are selected on object 'Object Repository/Schedule3/Page_KDMC - CMS/select_--Select--Schedule 1Inj'

2018-05-21 12:51:29 - [MESSAGE][PASSED] - All options with index in [3] are selected on object 'Object Repository/Schedule3/Page_KDMC - CMS/select_--Select--Schedule 1Inj'

2018-05-21 12:51:29 - [TEST_STEP][PASSED] - selectOptionByIndex: All options with index in [26] are selected on object 'Object Repository/Schedule3/Page_KDMC - CMS/select_--Select--Amoxycillin 2'

2018-05-21 12:51:29 - [MESSAGE][PASSED] - All options with index in [26] are selected on object 'Object Repository/Schedule3/Page_KDMC - CMS/select_--Select--Amoxycillin 2'

2018-05-21 12:51:29 - [TEST_STEP][PASSED] - setText: Text '5000' is set on object 'Object Repository/Schedule3/Page_KDMC - CMS/input_txttreat'

2018-05-21 12:51:30 - [MESSAGE][PASSED] - Text '5000' is set on object 'Object Repository/Schedule3/Page_KDMC - CMS/input_txttreat'

2018-05-21 12:51:30 - [TEST_STEP][PASSED] - delay: Delayed 1 second(s)

2018-05-21 12:51:31 - [MESSAGE][PASSED] - Delayed 1 second(s)

2018-05-21 12:51:31 - [TEST_STEP][PASSED] - click: Object: 'Object Repository/Schedule3/Page_KDMC - CMS/button_Add' is clicked on

2018-05-21 12:51:31 - [MESSAGE][PASSED] - Object: 'Object Repository/Schedule3/Page_KDMC - CMS/button_Add' is clicked on

2018-05-21 12:51:31 - [TEST_STEP][PASSED] - selectOptionByIndex: All options with index in [3] are selected on object 'Object Repository/Schedule3/Page_KDMC - CMS/select_--Select--Schedule 1Inj'

2018-05-21 12:51:31 - [MESSAGE][PASSED] - All options with index in [3] are selected on object 'Object Repository/Schedule3/Page_KDMC - CMS/select_--Select--Schedule 1Inj'

2018-05-21 12:51:31 - [TEST_STEP][PASSED] - selectOptionByIndex: All options with index in [27] are selected on object 'Object Repository/Schedule3/Page_KDMC - CMS/select_--Select--Amoxycillin 2'

2018-05-21 12:51:32 - [MESSAGE][PASSED] - All options with index in [27] are selected on object 'Object Repository/Schedule3/Page_KDMC - CMS/select_--Select--Amoxycillin 2'

2018-05-21 12:51:32 - [TEST_STEP][PASSED] - setText: Text '5000' is set on object 'Object Repository/Schedule3/Page_KDMC - CMS/input_txttreat'

2018-05-21 12:51:32 - [MESSAGE][PASSED] - Text '5000' is set on object 'Object Repository/Schedule3/Page_KDMC - CMS/input_txttreat'

2018-05-21 12:51:32 - [TEST_STEP][PASSED] - delay: Delayed 1 second(s)

2018-05-21 12:51:33 - [MESSAGE][PASSED] - Delayed 1 second(s)

2018-05-21 12:51:33 - [TEST_STEP][PASSED] - click: Object: 'Object Repository/Schedule3/Page_KDMC - CMS/button_Add' is clicked on

2018-05-21 12:51:33 - [MESSAGE][PASSED] - Object: 'Object Repository/Schedule3/Page_KDMC - CMS/button_Add' is clicked on

2018-05-21 12:51:33 - [TEST_STEP][PASSED] - selectOptionByIndex: All options with index in [3] are selected on object 'Object Repository/Schedule3/Page_KDMC - CMS/select_--Select--Schedule 1Inj'

2018-05-21 12:51:33 - [MESSAGE][PASSED] - All options with index in [3] are selected on object 'Object Repository/Schedule3/Page_KDMC - CMS/select_--Select--Schedule 1Inj'

2018-05-21 12:51:33 - [TEST_STEP][PASSED] - selectOptionByIndex: All options with index in [28] are selected on object 'Object Repository/Schedule3/Page_KDMC - CMS/select_--Select--Amoxycillin 2'

2018-05-21 12:51:34 - [MESSAGE][PASSED] - All options with index in [28] are selected on object 'Object Repository/Schedule3/Page_KDMC - CMS/select_--Select--Amoxycillin 2'

2018-05-21 12:51:34 - [TEST_STEP][PASSED] - setText: Text '5000' is set on object 'Object Repository/Schedule3/Page_KDMC - CMS/input_txttreat'

2018-05-21 12:51:34 - [MESSAGE][PASSED] - Text '5000' is set on object 'Object Repository/Schedule3/Page_KDMC - CMS/input_txttreat'

2018-05-21 12:51:34 - [TEST_STEP][PASSED] - delay: Delayed 1 second(s)

2018-05-21 12:51:35 - [MESSAGE][PASSED] - Delayed 1 second(s)

2018-05-21 12:51:35 - [TEST_STEP][PASSED] - click: Object: 'Object Repository/Schedule3/Page_KDMC - CMS/button_Add' is clicked on

2018-05-21 12:51:35 - [MESSAGE][PASSED] - Object: 'Object Repository/Schedule3/Page_KDMC - CMS/button_Add' is clicked on

2018-05-21 12:51:35 - [TEST_STEP][PASSED] - selectOptionByIndex: All options with index in [3] are selected on object 'Object Repository/Schedule3/Page_KDMC - CMS/select_--Select--Schedule 1Inj'

2018-05-21 12:51:35 - [MESSAGE][PASSED] - All options with index in [3] are selected on object 'Object Repository/Schedule3/Page_KDMC - CMS/select_--Select--Schedule 1Inj'

2018-05-21 12:51:35 - [TEST_STEP][PASSED] - selectOptionByIndex: All options with index in [29] are selected on object 'Object Repository/Schedule3/Page_KDMC - CMS/select_--Select--Amoxycillin 2'

2018-05-21 12:51:36 - [MESSAGE][PASSED] - All options with index in [29] are selected on object 'Object Repository/Schedule3/Page_KDMC - CMS/select_--Select--Amoxycillin 2'

2018-05-21 12:51:36 - [TEST_STEP][PASSED] - setText: Text '5000' is set on object 'Object Repository/Schedule3/Page_KDMC - CMS/input_txttreat'

2018-05-21 12:51:36 - [MESSAGE][PASSED] - Text '5000' is set on object 'Object Repository/Schedule3/Page_KDMC - CMS/input_txttreat'

2018-05-21 12:51:36 - [TEST_STEP][PASSED] - delay: Delayed 1 second(s)

2018-05-21 12:51:37 - [MESSAGE][PASSED] - Delayed 1 second(s)

2018-05-21 12:51:37 - [TEST_STEP][PASSED] - click: Object: 'Object Repository/Schedule3/Page_KDMC - CMS/button_Add' is clicked on

2018-05-21 12:51:37 - [MESSAGE][PASSED] - Object: 'Object Repository/Schedule3/Page_KDMC - CMS/button_Add' is clicked on

2018-05-21 12:51:37 - [TEST_STEP][PASSED] - selectOptionByIndex: All options with index in [3] are selected on object 'Object Repository/Schedule3/Page_KDMC - CMS/select_--Select--Schedule 1Inj'

2018-05-21 12:51:37 - [MESSAGE][PASSED] - All options with index in [3] are selected on object 'Object Repository/Schedule3/Page_KDMC - CMS/select_--Select--Schedule 1Inj'

2018-05-21 12:51:37 - [TEST_STEP][PASSED] - selectOptionByIndex: All options with index in [30] are selected on object 'Object Repository/Schedule3/Page_KDMC - CMS/select_--Select--Amoxycillin 2'

2018-05-21 12:51:38 - [MESSAGE][PASSED] - All options with index in [30] are selected on object 'Object Repository/Schedule3/Page_KDMC - CMS/select_--Select--Amoxycillin 2'

2018-05-21 12:51:38 - [TEST_STEP][PASSED] - setText: Text '5000' is set on object 'Object Repository/Schedule3/Page_KDMC - CMS/input_txttreat'

2018-05-21 12:51:38 - [MESSAGE][PASSED] - Text '5000' is set on object 'Object Repository/Schedule3/Page_KDMC - CMS/input_txttreat'

2018-05-21 12:51:38 - [TEST_STEP][PASSED] - delay: Delayed 1 second(s)

2018-05-21 12:51:39 - [MESSAGE][PASSED] - Delayed 1 second(s)

2018-05-21 12:51:39 - [TEST_STEP][PASSED] - click: Object: 'Object Repository/Schedule3/Page_KDMC - CMS/button_Add' is clicked on

2018-05-21 12:51:40 - [MESSAGE][PASSED] - Object: 'Object Repository/Schedule3/Page_KDMC - CMS/button_Add' is clicked on

2018-05-21 12:51:40 - [TEST_STEP][PASSED] - selectOptionByIndex: All options with index in [3] are selected on object 'Object Repository/Schedule3/Page_KDMC - CMS/select_--Select--Schedule 1Inj'

2018-05-21 12:51:40 - [MESSAGE][PASSED] - All options with index in [3] are selected on object 'Object Repository/Schedule3/Page_KDMC - CMS/select_--Select--Schedule 1Inj'

2018-05-21 12:51:40 - [TEST_STEP][PASSED] - selectOptionByIndex: All options with index in [31] are selected on object 'Object Repository/Schedule3/Page_KDMC - CMS/select_--Select--Amoxycillin 2'

2018-05-21 12:51:41 - [MESSAGE][PASSED] - All options with index in [31] are selected on object 'Object Repository/Schedule3/Page_KDMC - CMS/select_--Select--Amoxycillin 2'

2018-05-21 12:51:41 - [TEST_STEP][PASSED] - setText: Text '5000' is set on object 'Object Repository/Schedule3/Page_KDMC - CMS/input_txttreat'

2018-05-21 12:51:41 - [MESSAGE][PASSED] - Text '5000' is set on object 'Object Repository/Schedule3/Page_KDMC - CMS/input_txttreat'

2018-05-21 12:51:41 - [TEST_STEP][PASSED] - delay: Delayed 1 second(s)

2018-05-21 12:51:42 - [MESSAGE][PASSED] - Delayed 1 second(s)

2018-05-21 12:51:42 - [TEST_STEP][PASSED] - click: Object: 'Object Repository/Schedule3/Page_KDMC - CMS/button_Add' is clicked on

2018-05-21 12:51:42 - [MESSAGE][PASSED] - Object: 'Object Repository/Schedule3/Page_KDMC - CMS/button_Add' is clicked on

2018-05-21 12:51:42 - [TEST_STEP][PASSED] - selectOptionByIndex: All options with index in [3] are selected on object 'Object Repository/Schedule3/Page_KDMC - CMS/select_--Select--Schedule 1Inj'

2018-05-21 12:51:42 - [MESSAGE][PASSED] - All options with index in [3] are selected on object 'Object Repository/Schedule3/Page_KDMC - CMS/select_--Select--Schedule 1Inj'

2018-05-21 12:51:42 - [TEST_STEP][PASSED] - selectOptionByIndex: All options with index in [32] are selected on object 'Object Repository/Schedule3/Page_KDMC - CMS/select_--Select--Amoxycillin 2'

2018-05-21 12:51:43 - [MESSAGE][PASSED] - All options with index in [32] are selected on object 'Object Repository/Schedule3/Page_KDMC - CMS/select_--Select--Amoxycillin 2'

2018-05-21 12:51:43 - [TEST_STEP][PASSED] - setText: Text '5000' is set on object 'Object Repository/Schedule3/Page_KDMC - CMS/input_txttreat'

2018-05-21 12:51:43 - [MESSAGE][PASSED] - Text '5000' is set on object 'Object Repository/Schedule3/Page_KDMC - CMS/input_txttreat'

2018-05-21 12:51:43 - [TEST_STEP][PASSED] - delay: Delayed 1 second(s)

2018-05-21 12:51:44 - [MESSAGE][PASSED] - Delayed 1 second(s)

2018-05-21 12:51:44 - [TEST_STEP][PASSED] - click: Object: 'Object Repository/Schedule3/Page_KDMC - CMS/button_Add' is clicked on

2018-05-21 12:51:44 - [MESSAGE][PASSED] - Object: 'Object Repository/Schedule3/Page_KDMC - CMS/button_Add' is clicked on

2018-05-21 12:51:44 - [TEST_STEP][PASSED] - selectOptionByIndex: All options with index in [3] are selected on object 'Object Repository/Schedule3/Page_KDMC - CMS/select_--Select--Schedule 1Inj'

2018-05-21 12:51:44 - [MESSAGE][PASSED] - All options with index in [3] are selected on object 'Object Repository/Schedule3/Page_KDMC - CMS/select_--Select--Schedule 1Inj'

2018-05-21 12:51:44 - [TEST_STEP][PASSED] - selectOptionByIndex: All options with index in [33] are selected on object 'Object Repository/Schedule3/Page_KDMC - CMS/select_--Select--Amoxycillin 2'

2018-05-21 12:51:45 - [MESSAGE][PASSED] - All options with index in [33] are selected on object 'Object Repository/Schedule3/Page_KDMC - CMS/select_--Select--Amoxycillin 2'

2018-05-21 12:51:45 - [TEST_STEP][PASSED] - setText: Text '5000' is set on object 'Object Repository/Schedule3/Page_KDMC - CMS/input_txttreat'

2018-05-21 12:51:45 - [MESSAGE][PASSED] - Text '5000' is set on object 'Object Repository/Schedule3/Page_KDMC - CMS/input_txttreat'

2018-05-21 12:51:45 - [TEST_STEP][PASSED] - delay: Delayed 1 second(s)

2018-05-21 12:51:46 - [MESSAGE][PASSED] - Delayed 1 second(s)

2018-05-21 12:51:46 - [TEST_STEP][PASSED] - click: Object: 'Object Repository/Schedule3/Page_KDMC - CMS/button_Add' is clicked on

2018-05-21 12:51:47 - [MESSAGE][PASSED] - Object: 'Object Repository/Schedule3/Page_KDMC - CMS/button_Add' is clicked on

2018-05-21 12:51:47 - [TEST_STEP][PASSED] - selectOptionByIndex: All options with index in [3] are selected on object 'Object Repository/Schedule3/Page_KDMC - CMS/select_--Select--Schedule 1Inj'

2018-05-21 12:51:47 - [MESSAGE][PASSED] - All options with index in [3] are selected on object 'Object Repository/Schedule3/Page_KDMC - CMS/select_--Select--Schedule 1Inj'

2018-05-21 12:51:47 - [TEST_STEP][PASSED] - selectOptionByIndex: All options with index in [34] are selected on object 'Object Repository/Schedule3/Page_KDMC - CMS/select_--Select--Amoxycillin 2'

2018-05-21 12:51:48 - [MESSAGE][PASSED] - All options with index in [34] are selected on object 'Object Repository/Schedule3/Page_KDMC - CMS/select_--Select--Amoxycillin 2'

2018-05-21 12:51:48 - [TEST_STEP][PASSED] - setText: Text '5000' is set on object 'Object Repository/Schedule3/Page_KDMC - CMS/input_txttreat'

2018-05-21 12:51:48 - [MESSAGE][PASSED] - Text '5000' is set on object 'Object Repository/Schedule3/Page_KDMC - CMS/input_txttreat'

2018-05-21 12:51:48 - [TEST_STEP][PASSED] - delay: Delayed 1 second(s)

2018-05-21 12:51:49 - [MESSAGE][PASSED] - Delayed 1 second(s)

2018-05-21 12:51:49 - [TEST_STEP][PASSED] - click: Object: 'Object Repository/Schedule3/Page_KDMC - CMS/button_Add' is clicked on

2018-05-21 12:51:49 - [MESSAGE][PASSED] - Object: 'Object Repository/Schedule3/Page_KDMC - CMS/button_Add' is clicked on

2018-05-21 12:51:49 - [TEST_STEP][PASSED] - selectOptionByIndex: All options with index in [3] are selected on object 'Object Repository/Schedule3/Page_KDMC - CMS/select_--Select--Schedule 1Inj'

2018-05-21 12:51:49 - [MESSAGE][PASSED] - All options with index in [3] are selected on object 'Object Repository/Schedule3/Page_KDMC - CMS/select_--Select--Schedule 1Inj'

2018-05-21 12:51:49 - [TEST_STEP][PASSED] - selectOptionByIndex: All options with index in [35] are selected on object 'Object Repository/Schedule3/Page_KDMC - CMS/select_--Select--Amoxycillin 2'

2018-05-21 12:51:50 - [MESSAGE][PASSED] - All options with index in [35] are selected on object 'Object Repository/Schedule3/Page_KDMC - CMS/select_--Select--Amoxycillin 2'

2018-05-21 12:51:50 - [TEST_STEP][PASSED] - setText: Text '5000' is set on object 'Object Repository/Schedule3/Page_KDMC - CMS/input_txttreat'

2018-05-21 12:51:50 - [MESSAGE][PASSED] - Text '5000' is set on object 'Object Repository/Schedule3/Page_KDMC - CMS/input_txttreat'

2018-05-21 12:51:50 - [TEST_STEP][PASSED] - delay: Delayed 1 second(s)

2018-05-21 12:51:51 - [MESSAGE][PASSED] - Delayed 1 second(s)

2018-05-21 12:51:51 - [TEST_STEP][PASSED] - click: Object: 'Object Repository/Schedule3/Page_KDMC - CMS/button_Add' is clicked on

2018-05-21 12:51:51 - [MESSAGE][PASSED] - Object: 'Object Repository/Schedule3/Page_KDMC - CMS/button_Add' is clicked on

2018-05-21 12:51:51 - [TEST_STEP][PASSED] - selectOptionByIndex: All options with index in [3] are selected on object 'Object Repository/Schedule3/Page_KDMC - CMS/select_--Select--Schedule 1Inj'

2018-05-21 12:51:51 - [MESSAGE][PASSED] - All options with index in [3] are selected on object 'Object Repository/Schedule3/Page_KDMC - CMS/select_--Select--Schedule 1Inj'

2018-05-21 12:51:51 - [TEST_STEP][PASSED] - selectOptionByIndex: All options with index in [36] are selected on object 'Object Repository/Schedule3/Page_KDMC - CMS/select_--Select--Amoxycillin 2'

2018-05-21 12:51:52 - [MESSAGE][PASSED] - All options with index in [36] are selected on object 'Object Repository/Schedule3/Page_KDMC - CMS/select_--Select--Amoxycillin 2'

2018-05-21 12:51:52 - [TEST_STEP][PASSED] - setText: Text '5000' is set on object 'Object Repository/Schedule3/Page_KDMC - CMS/input_txttreat'

2018-05-21 12:51:53 - [MESSAGE][PASSED] - Text '5000' is set on object 'Object Repository/Schedule3/Page_KDMC - CMS/input_txttreat'

2018-05-21 12:51:53 - [TEST_STEP][PASSED] - delay: Delayed 1 second(s)

2018-05-21 12:51:54 - [MESSAGE][PASSED] - Delayed 1 second(s)

2018-05-21 12:51:54 - [TEST_STEP][PASSED] - click: Object: 'Object Repository/Schedule3/Page_KDMC - CMS/button_Add' is clicked on

2018-05-21 12:51:54 - [MESSAGE][PASSED] - Object: 'Object Repository/Schedule3/Page_KDMC - CMS/button_Add' is clicked on

2018-05-21 12:51:54 - [TEST_STEP][PASSED] - delay: Delayed 3 second(s)

2018-05-21 12:51:57 - [MESSAGE][PASSED] - Delayed 3 second(s)

2018-05-21 12:51:57 - [TEST_STEP][PASSED] - scrollToElement: Scroll to object 'Object Repository/Schedule3/Page_KDMC - CMS/input_btnsave' successfully

2018-05-21 12:51:57 - [MESSAGE][PASSED] - Scroll to object 'Object Repository/Schedule3/Page_KDMC - CMS/input_btnsave' successfully

2018-05-21 12:51:57 - [TEST_STEP][PASSED] - click: Object: 'Object Repository/Schedule3/Page_KDMC - CMS/input_btnsave' is clicked on

2018-05-21 12:51:57 - [MESSAGE][PASSED] - Object: 'Object Repository/Schedule3/Page_KDMC - CMS/input_btnsave' is clicked on

2018-05-21 12:51:57 - [TEST_STEP][PASSED] - waitForElementPresent: Object 'Object Repository/Schedule3/Page_KDMC - CMS/button_OK' is present

2018-05-21 12:51:58 - [MESSAGE][PASSED] - Object 'Object Repository/Schedule3/Page_KDMC - CMS/button_OK' is present

2018-05-21 12:51:58 - [TEST_STEP][PASSED] - click: Object: 'Object Repository/Schedule3/Page_KDMC - CMS/button_OK' is clicked on

2018-05-21 12:51:59 - [MESSAGE][PASSED] - Object: 'Object Repository/Schedule3/Page_KDMC - CMS/button_OK' is clicked on

2018-05-21 12:51:59 - [TEST_STEP][PASSED] - delay: Delayed 3 second(s)

2018-05-21 12:52:02 - [MESSAGE][PASSED] - Delayed 3 second(s)

2018-05-21 12:52:02 - [TEST_STEP][PASSED] - click: Object: 'Object Repository/Schedule3/Page_KDMC - CMS/a_dropdown-toggle' is clicked on

2018-05-21 12:52:02 - [MESSAGE][PASSED] - Object: 'Object Repository/Schedule3/Page_KDMC - CMS/a_dropdown-toggle' is clicked on

2018-05-21 12:52:02 - [TEST_STEP][PASSED] - click: Object: 'Object Repository/Schedule3/Page_KDMC - CMS/a_Sign out' is clicked on

2018-05-21 12:52:03 - [MESSAGE][PASSED] - Object: 'Object Repository/Schedule3/Page_KDMC - CMS/a_Sign out' is clicked on

2018-05-21 12:52:03 - [TEST_STEP][PASSED] - closeBrowser: Browser is closed

2018-05-21 12:52:04 - [MESSAGE][PASSED] - Browser is closed]]></system-out>
         <system-err><![CDATA[]]></system-err>
      </testcase>
      <testcase name="Test Cases/TEST/MOH TO CMS REQUEST TEST CASES/MohRequestSchedule4" classname="Test Cases/TEST/MOH TO CMS REQUEST TEST CASES/MohRequestSchedule4" status="FAILED">
         <failure type="FAILED" message="Unable to click on object 'Object Repository/Schedule4/Page_KDMC - CMS/a_Request to MOH' (Root cause: com.kms.katalon.core.webui.exception.WebElementNotFoundException: Web element with id: 'Object Repository/Schedule4/Page_KDMC - CMS/a_Request to MOH' located by 'By.xpath: /html[1]/body[@class=&quot;skin-blue  pace-done&quot;]/div[@class=&quot;row&quot;]/div[@class=&quot;col-md-12&quot;]/div[@class=&quot;wrapper row-offcanvas row-offcanvas-left&quot;]/aside[@class=&quot;left-side sidebar-offcanvas&quot;]/section[@class=&quot;sidebar&quot;]/ul[@class=&quot;sidebar-menu&quot;]/li[2]/a[1][count(. | //a[@href = 'CMSRequesttoMOH.aspx' and (text() = 'Request to MOH ' or . = 'Request to MOH ')]) = count(//a[@href = 'CMSRequesttoMOH.aspx' and (text() = 'Request to MOH ' or . = 'Request to MOH ')])]' not found)"/>
         <system-out><![CDATA[2018-05-21 12:52:04 - [TEST_CASE][FAILED] - Test Cases/TEST/MOH TO CMS REQUEST TEST CASES/MohRequestSchedule4: Test Cases/TEST/MOH TO CMS REQUEST TEST CASES/MohRequestSchedule4 FAILED because (of) Unable to click on object 'Object Repository/Schedule4/Page_KDMC - CMS/a_Request to MOH' (Root cause: com.kms.katalon.core.webui.exception.WebElementNotFoundException: Web element with id: 'Object Repository/Schedule4/Page_KDMC - CMS/a_Request to MOH' located by 'By.xpath: /html[1]/body[@class="skin-blue  pace-done"]/div[@class="row"]/div[@class="col-md-12"]/div[@class="wrapper row-offcanvas row-offcanvas-left"]/aside[@class="left-side sidebar-offcanvas"]/section[@class="sidebar"]/ul[@class="sidebar-menu"]/li[2]/a[1][count(. | //a[@href = 'CMSRequesttoMOH.aspx' and (text() = 'Request to MOH ' or . = 'Request to MOH ')]) = count(//a[@href = 'CMSRequesttoMOH.aspx' and (text() = 'Request to MOH ' or . = 'Request to MOH ')])]' not found)

2018-05-21 12:52:04 - [TEST_STEP][PASSED] - openBrowser: Browser is opened with url: ''

2018-05-21 12:52:06 - [MESSAGE][PASSED] - Browser is opened with url: ''

2018-05-21 12:52:06 - [TEST_STEP][PASSED] - navigateToUrl: Navigate to 'http://192.168.137.1/multihospital_new/' successfully

2018-05-21 12:52:09 - [MESSAGE][PASSED] - Navigate to 'http://192.168.137.1/multihospital_new/' successfully

2018-05-21 12:52:09 - [TEST_STEP][PASSED] - maximizeWindow: Current window maximized

2018-05-21 12:52:10 - [MESSAGE][PASSED] - Current window maximized

2018-05-21 12:52:10 - [TEST_STEP][PASSED] - click: Object: 'Object Repository/Schedule4/Page_KDMC/a_CMS' is clicked on

2018-05-21 12:52:12 - [MESSAGE][PASSED] - Object: 'Object Repository/Schedule4/Page_KDMC/a_CMS' is clicked on

2018-05-21 12:52:12 - [TEST_STEP][PASSED] - setText: Text 'bala' is set on object 'Object Repository/Schedule4/Page_CMS login/input_txtusername'

2018-05-21 12:52:12 - [MESSAGE][PASSED] - Text 'bala' is set on object 'Object Repository/Schedule4/Page_CMS login/input_txtusername'

2018-05-21 12:52:12 - [TEST_STEP][PASSED] - setText: Text '123' is set on object 'Object Repository/Schedule4/Page_CMS login/input_txtpassword'

2018-05-21 12:52:13 - [MESSAGE][PASSED] - Text '123' is set on object 'Object Repository/Schedule4/Page_CMS login/input_txtpassword'

2018-05-21 12:52:13 - [TEST_STEP][PASSED] - delay: Delayed 4 second(s)

2018-05-21 12:52:17 - [MESSAGE][PASSED] - Delayed 4 second(s)

2018-05-21 12:52:17 - [TEST_STEP][PASSED] - click: Object: 'Object Repository/Schedule4/Page_CMS login/button_Sign in' is clicked on

2018-05-21 12:52:20 - [MESSAGE][PASSED] - Object: 'Object Repository/Schedule4/Page_CMS login/button_Sign in' is clicked on

2018-05-21 12:52:20 - [TEST_STEP][FAILED] - click: Unable to click on object 'Object Repository/Schedule4/Page_KDMC - CMS/a_Request to MOH' (Root cause: com.kms.katalon.core.webui.exception.WebElementNotFoundException: Web element with id: 'Object Repository/Schedule4/Page_KDMC - CMS/a_Request to MOH' located by 'By.xpath: /html[1]/body[@class="skin-blue  pace-done"]/div[@class="row"]/div[@class="col-md-12"]/div[@class="wrapper row-offcanvas row-offcanvas-left"]/aside[@class="left-side sidebar-offcanvas"]/section[@class="sidebar"]/ul[@class="sidebar-menu"]/li[2]/a[1][count(. | //a[@href = 'CMSRequesttoMOH.aspx' and (text() = 'Request to MOH ' or . = 'Request to MOH ')]) = count(//a[@href = 'CMSRequesttoMOH.aspx' and (text() = 'Request to MOH ' or . = 'Request to MOH ')])]' not found)

2018-05-21 12:52:51 - [MESSAGE][FAILED] - Unable to click on object 'Object Repository/Schedule4/Page_KDMC - CMS/a_Request to MOH' (Root cause: com.kms.katalon.core.webui.exception.WebElementNotFoundException: Web element with id: 'Object Repository/Schedule4/Page_KDMC - CMS/a_Request to MOH' located by 'By.xpath: /html[1]/body[@class="skin-blue  pace-done"]/div[@class="row"]/div[@class="col-md-12"]/div[@class="wrapper row-offcanvas row-offcanvas-left"]/aside[@class="left-side sidebar-offcanvas"]/section[@class="sidebar"]/ul[@class="sidebar-menu"]/li[2]/a[1][count(. | //a[@href = 'CMSRequesttoMOH.aspx' and (text() = 'Request to MOH ' or . = 'Request to MOH ')]) = count(//a[@href = 'CMSRequesttoMOH.aspx' and (text() = 'Request to MOH ' or . = 'Request to MOH ')])]' not found)
[[ATTACHMENT|C:\\Users\\Quality Analyst\\Katalon Studio\\ds\\Reports\\Moh_Request\\20180521_095838\\1526887371422.png]]]]></system-out>
         <system-err><![CDATA[2018-05-21 12:52:04 - [TEST_CASE][FAILED] - Test Cases/TEST/MOH TO CMS REQUEST TEST CASES/MohRequestSchedule4: Test Cases/TEST/MOH TO CMS REQUEST TEST CASES/MohRequestSchedule4 FAILED because (of) Unable to click on object 'Object Repository/Schedule4/Page_KDMC - CMS/a_Request to MOH' (Root cause: com.kms.katalon.core.webui.exception.WebElementNotFoundException: Web element with id: 'Object Repository/Schedule4/Page_KDMC - CMS/a_Request to MOH' located by 'By.xpath: /html[1]/body[@class="skin-blue  pace-done"]/div[@class="row"]/div[@class="col-md-12"]/div[@class="wrapper row-offcanvas row-offcanvas-left"]/aside[@class="left-side sidebar-offcanvas"]/section[@class="sidebar"]/ul[@class="sidebar-menu"]/li[2]/a[1][count(. | //a[@href = 'CMSRequesttoMOH.aspx' and (text() = 'Request to MOH ' or . = 'Request to MOH ')]) = count(//a[@href = 'CMSRequesttoMOH.aspx' and (text() = 'Request to MOH ' or . = 'Request to MOH ')])]' not found)]]></system-err>
      </testcase>
      <testcase name="Test Cases/TEST/MOH TO CMS REQUEST TEST CASES/MohRequestSchedule5" classname="Test Cases/TEST/MOH TO CMS REQUEST TEST CASES/MohRequestSchedule5" status="PASSED">
         <system-out><![CDATA[2018-05-21 12:52:51 - [TEST_CASE][PASSED] - Test Cases/TEST/MOH TO CMS REQUEST TEST CASES/MohRequestSchedule5: Test Cases/TEST/MOH TO CMS REQUEST TEST CASES/MohRequestSchedule5

2018-05-21 12:52:51 - [TEST_STEP][PASSED] - openBrowser: Browser is opened with url: ''

2018-05-21 12:52:51 - [MESSAGE][WARNING] - A browser is already opened. Closing browser and opening a new one

2018-05-21 12:52:54 - [MESSAGE][PASSED] - Browser is opened with url: ''

2018-05-21 12:52:54 - [TEST_STEP][PASSED] - navigateToUrl: Navigate to 'http://192.168.137.1/multihospital_new/' successfully

2018-05-21 12:52:57 - [MESSAGE][PASSED] - Navigate to 'http://192.168.137.1/multihospital_new/' successfully

2018-05-21 12:52:57 - [TEST_STEP][PASSED] - maximizeWindow: Current window maximized

2018-05-21 12:52:58 - [MESSAGE][PASSED] - Current window maximized

2018-05-21 12:52:58 - [TEST_STEP][PASSED] - click: Object: 'Object Repository/Schedule5/Page_KDMC/a_CMS' is clicked on

2018-05-21 12:52:59 - [MESSAGE][PASSED] - Object: 'Object Repository/Schedule5/Page_KDMC/a_CMS' is clicked on

2018-05-21 12:52:59 - [TEST_STEP][PASSED] - setText: Text 'bala' is set on object 'Object Repository/Schedule5/Page_CMS login/input_txtusername'

2018-05-21 12:52:59 - [MESSAGE][PASSED] - Text 'bala' is set on object 'Object Repository/Schedule5/Page_CMS login/input_txtusername'

2018-05-21 12:52:59 - [TEST_STEP][PASSED] - setText: Text '123' is set on object 'Object Repository/Schedule5/Page_CMS login/input_txtpassword'

2018-05-21 12:52:59 - [MESSAGE][PASSED] - Text '123' is set on object 'Object Repository/Schedule5/Page_CMS login/input_txtpassword'

2018-05-21 12:52:59 - [TEST_STEP][PASSED] - delay: Delayed 4 second(s)

2018-05-21 12:53:03 - [MESSAGE][PASSED] - Delayed 4 second(s)

2018-05-21 12:53:03 - [TEST_STEP][PASSED] - click: Object: 'Object Repository/Schedule5/Page_CMS login/button_Sign in' is clicked on

2018-05-21 12:53:04 - [MESSAGE][PASSED] - Object: 'Object Repository/Schedule5/Page_CMS login/button_Sign in' is clicked on

2018-05-21 12:53:04 - [TEST_STEP][PASSED] - click: Object: 'Object Repository/Schedule5/Page_KDMC - CMS/a_Request to MOH' is clicked on

2018-05-21 12:53:04 - [MESSAGE][PASSED] - Object: 'Object Repository/Schedule5/Page_KDMC - CMS/a_Request to MOH' is clicked on

2018-05-21 12:53:04 - [TEST_STEP][PASSED] - selectOptionByIndex: All options with index in [1] are selected on object 'Object Repository/Schedule5/Page_KDMC - CMS/select_--Select--'

2018-05-21 12:53:05 - [MESSAGE][PASSED] - All options with index in [1] are selected on object 'Object Repository/Schedule5/Page_KDMC - CMS/select_--Select--'

2018-05-21 12:53:05 - [TEST_STEP][PASSED] - selectOptionByIndex: All options with index in [5] are selected on object 'Object Repository/Schedule5/Page_KDMC - CMS/select_--Select--Schedule 1Inj'

2018-05-21 12:53:05 - [MESSAGE][PASSED] - All options with index in [5] are selected on object 'Object Repository/Schedule5/Page_KDMC - CMS/select_--Select--Schedule 1Inj'

2018-05-21 12:53:05 - [TEST_STEP][PASSED] - Statement - SelectOptions = com.kms.katalon.core.webui.keyword.WebUiBuiltInKeywords.getNumberOfTotalOption(com.kms.katalon.core.testobject.ObjectRepository.findTestObject(Schedule5/Page_KDMC - CMS/select_--Select--Schedule 1Inj)): 15 options of object 'Object Repository/Schedule5/Page_KDMC - CMS/select_--Select--Schedule 1Inj' counted

2018-05-21 12:53:05 - [MESSAGE][PASSED] - 15 options of object 'Object Repository/Schedule5/Page_KDMC - CMS/select_--Select--Schedule 1Inj' counted

2018-05-21 12:53:05 - [TEST_STEP][PASSED] - Statement - For ([q = 1, q <= SelectOptions - 1, (q++)]): Object: 'Object Repository/Schedule5/Page_KDMC - CMS/button_Add' is clicked on

2018-05-21 12:53:05 - [TEST_STEP][PASSED] - selectOptionByIndex: All options with index in [5] are selected on object 'Object Repository/Schedule5/Page_KDMC - CMS/select_--Select--Schedule 1Inj'

2018-05-21 12:53:05 - [MESSAGE][PASSED] - All options with index in [5] are selected on object 'Object Repository/Schedule5/Page_KDMC - CMS/select_--Select--Schedule 1Inj'

2018-05-21 12:53:05 - [TEST_STEP][PASSED] - selectOptionByIndex: All options with index in [1] are selected on object 'Object Repository/Schedule5/Page_KDMC - CMS/select_--Select--Alcohol Rub i'

2018-05-21 12:53:05 - [MESSAGE][PASSED] - All options with index in [1] are selected on object 'Object Repository/Schedule5/Page_KDMC - CMS/select_--Select--Alcohol Rub i'

2018-05-21 12:53:05 - [TEST_STEP][PASSED] - setText: Text '5000' is set on object 'Object Repository/Schedule5/Page_KDMC - CMS/input_txttreat'

2018-05-21 12:53:05 - [MESSAGE][PASSED] - Text '5000' is set on object 'Object Repository/Schedule5/Page_KDMC - CMS/input_txttreat'

2018-05-21 12:53:05 - [TEST_STEP][PASSED] - click: Object: 'Object Repository/Schedule5/Page_KDMC - CMS/button_Add' is clicked on

2018-05-21 12:53:05 - [MESSAGE][PASSED] - Object: 'Object Repository/Schedule5/Page_KDMC - CMS/button_Add' is clicked on

2018-05-21 12:53:05 - [TEST_STEP][PASSED] - selectOptionByIndex: All options with index in [5] are selected on object 'Object Repository/Schedule5/Page_KDMC - CMS/select_--Select--Schedule 1Inj'

2018-05-21 12:53:05 - [MESSAGE][PASSED] - All options with index in [5] are selected on object 'Object Repository/Schedule5/Page_KDMC - CMS/select_--Select--Schedule 1Inj'

2018-05-21 12:53:05 - [TEST_STEP][PASSED] - selectOptionByIndex: All options with index in [2] are selected on object 'Object Repository/Schedule5/Page_KDMC - CMS/select_--Select--Alcohol Rub i'

2018-05-21 12:53:06 - [MESSAGE][PASSED] - All options with index in [2] are selected on object 'Object Repository/Schedule5/Page_KDMC - CMS/select_--Select--Alcohol Rub i'

2018-05-21 12:53:06 - [TEST_STEP][PASSED] - setText: Text '5000' is set on object 'Object Repository/Schedule5/Page_KDMC - CMS/input_txttreat'

2018-05-21 12:53:06 - [MESSAGE][PASSED] - Text '5000' is set on object 'Object Repository/Schedule5/Page_KDMC - CMS/input_txttreat'

2018-05-21 12:53:06 - [TEST_STEP][PASSED] - click: Object: 'Object Repository/Schedule5/Page_KDMC - CMS/button_Add' is clicked on

2018-05-21 12:53:06 - [MESSAGE][PASSED] - Object: 'Object Repository/Schedule5/Page_KDMC - CMS/button_Add' is clicked on

2018-05-21 12:53:06 - [TEST_STEP][PASSED] - selectOptionByIndex: All options with index in [5] are selected on object 'Object Repository/Schedule5/Page_KDMC - CMS/select_--Select--Schedule 1Inj'

2018-05-21 12:53:06 - [MESSAGE][PASSED] - All options with index in [5] are selected on object 'Object Repository/Schedule5/Page_KDMC - CMS/select_--Select--Schedule 1Inj'

2018-05-21 12:53:06 - [TEST_STEP][PASSED] - selectOptionByIndex: All options with index in [3] are selected on object 'Object Repository/Schedule5/Page_KDMC - CMS/select_--Select--Alcohol Rub i'

2018-05-21 12:53:06 - [MESSAGE][PASSED] - All options with index in [3] are selected on object 'Object Repository/Schedule5/Page_KDMC - CMS/select_--Select--Alcohol Rub i'

2018-05-21 12:53:06 - [TEST_STEP][PASSED] - setText: Text '5000' is set on object 'Object Repository/Schedule5/Page_KDMC - CMS/input_txttreat'

2018-05-21 12:53:06 - [MESSAGE][PASSED] - Text '5000' is set on object 'Object Repository/Schedule5/Page_KDMC - CMS/input_txttreat'

2018-05-21 12:53:06 - [TEST_STEP][PASSED] - click: Object: 'Object Repository/Schedule5/Page_KDMC - CMS/button_Add' is clicked on

2018-05-21 12:53:06 - [MESSAGE][PASSED] - Object: 'Object Repository/Schedule5/Page_KDMC - CMS/button_Add' is clicked on

2018-05-21 12:53:06 - [TEST_STEP][PASSED] - selectOptionByIndex: All options with index in [5] are selected on object 'Object Repository/Schedule5/Page_KDMC - CMS/select_--Select--Schedule 1Inj'

2018-05-21 12:53:06 - [MESSAGE][PASSED] - All options with index in [5] are selected on object 'Object Repository/Schedule5/Page_KDMC - CMS/select_--Select--Schedule 1Inj'

2018-05-21 12:53:06 - [TEST_STEP][PASSED] - selectOptionByIndex: All options with index in [4] are selected on object 'Object Repository/Schedule5/Page_KDMC - CMS/select_--Select--Alcohol Rub i'

2018-05-21 12:53:06 - [MESSAGE][PASSED] - All options with index in [4] are selected on object 'Object Repository/Schedule5/Page_KDMC - CMS/select_--Select--Alcohol Rub i'

2018-05-21 12:53:06 - [TEST_STEP][PASSED] - setText: Text '5000' is set on object 'Object Repository/Schedule5/Page_KDMC - CMS/input_txttreat'

2018-05-21 12:53:07 - [MESSAGE][PASSED] - Text '5000' is set on object 'Object Repository/Schedule5/Page_KDMC - CMS/input_txttreat'

2018-05-21 12:53:07 - [TEST_STEP][PASSED] - click: Object: 'Object Repository/Schedule5/Page_KDMC - CMS/button_Add' is clicked on

2018-05-21 12:53:07 - [MESSAGE][PASSED] - Object: 'Object Repository/Schedule5/Page_KDMC - CMS/button_Add' is clicked on

2018-05-21 12:53:07 - [TEST_STEP][PASSED] - selectOptionByIndex: All options with index in [5] are selected on object 'Object Repository/Schedule5/Page_KDMC - CMS/select_--Select--Schedule 1Inj'

2018-05-21 12:53:07 - [MESSAGE][PASSED] - All options with index in [5] are selected on object 'Object Repository/Schedule5/Page_KDMC - CMS/select_--Select--Schedule 1Inj'

2018-05-21 12:53:07 - [TEST_STEP][PASSED] - selectOptionByIndex: All options with index in [5] are selected on object 'Object Repository/Schedule5/Page_KDMC - CMS/select_--Select--Alcohol Rub i'

2018-05-21 12:53:07 - [MESSAGE][PASSED] - All options with index in [5] are selected on object 'Object Repository/Schedule5/Page_KDMC - CMS/select_--Select--Alcohol Rub i'

2018-05-21 12:53:07 - [TEST_STEP][PASSED] - setText: Text '5000' is set on object 'Object Repository/Schedule5/Page_KDMC - CMS/input_txttreat'

2018-05-21 12:53:07 - [MESSAGE][PASSED] - Text '5000' is set on object 'Object Repository/Schedule5/Page_KDMC - CMS/input_txttreat'

2018-05-21 12:53:07 - [TEST_STEP][PASSED] - click: Object: 'Object Repository/Schedule5/Page_KDMC - CMS/button_Add' is clicked on

2018-05-21 12:53:07 - [MESSAGE][PASSED] - Object: 'Object Repository/Schedule5/Page_KDMC - CMS/button_Add' is clicked on

2018-05-21 12:53:07 - [TEST_STEP][PASSED] - selectOptionByIndex: All options with index in [5] are selected on object 'Object Repository/Schedule5/Page_KDMC - CMS/select_--Select--Schedule 1Inj'

2018-05-21 12:53:07 - [MESSAGE][PASSED] - All options with index in [5] are selected on object 'Object Repository/Schedule5/Page_KDMC - CMS/select_--Select--Schedule 1Inj'

2018-05-21 12:53:07 - [TEST_STEP][PASSED] - selectOptionByIndex: All options with index in [6] are selected on object 'Object Repository/Schedule5/Page_KDMC - CMS/select_--Select--Alcohol Rub i'

2018-05-21 12:53:07 - [MESSAGE][PASSED] - All options with index in [6] are selected on object 'Object Repository/Schedule5/Page_KDMC - CMS/select_--Select--Alcohol Rub i'

2018-05-21 12:53:07 - [TEST_STEP][PASSED] - setText: Text '5000' is set on object 'Object Repository/Schedule5/Page_KDMC - CMS/input_txttreat'

2018-05-21 12:53:07 - [MESSAGE][PASSED] - Text '5000' is set on object 'Object Repository/Schedule5/Page_KDMC - CMS/input_txttreat'

2018-05-21 12:53:07 - [TEST_STEP][PASSED] - click: Object: 'Object Repository/Schedule5/Page_KDMC - CMS/button_Add' is clicked on

2018-05-21 12:53:08 - [MESSAGE][PASSED] - Object: 'Object Repository/Schedule5/Page_KDMC - CMS/button_Add' is clicked on

2018-05-21 12:53:08 - [TEST_STEP][PASSED] - selectOptionByIndex: All options with index in [5] are selected on object 'Object Repository/Schedule5/Page_KDMC - CMS/select_--Select--Schedule 1Inj'

2018-05-21 12:53:08 - [MESSAGE][PASSED] - All options with index in [5] are selected on object 'Object Repository/Schedule5/Page_KDMC - CMS/select_--Select--Schedule 1Inj'

2018-05-21 12:53:08 - [TEST_STEP][PASSED] - selectOptionByIndex: All options with index in [7] are selected on object 'Object Repository/Schedule5/Page_KDMC - CMS/select_--Select--Alcohol Rub i'

2018-05-21 12:53:08 - [MESSAGE][PASSED] - All options with index in [7] are selected on object 'Object Repository/Schedule5/Page_KDMC - CMS/select_--Select--Alcohol Rub i'

2018-05-21 12:53:08 - [TEST_STEP][PASSED] - setText: Text '5000' is set on object 'Object Repository/Schedule5/Page_KDMC - CMS/input_txttreat'

2018-05-21 12:53:08 - [MESSAGE][PASSED] - Text '5000' is set on object 'Object Repository/Schedule5/Page_KDMC - CMS/input_txttreat'

2018-05-21 12:53:08 - [TEST_STEP][PASSED] - click: Object: 'Object Repository/Schedule5/Page_KDMC - CMS/button_Add' is clicked on

2018-05-21 12:53:08 - [MESSAGE][PASSED] - Object: 'Object Repository/Schedule5/Page_KDMC - CMS/button_Add' is clicked on

2018-05-21 12:53:08 - [TEST_STEP][PASSED] - selectOptionByIndex: All options with index in [5] are selected on object 'Object Repository/Schedule5/Page_KDMC - CMS/select_--Select--Schedule 1Inj'

2018-05-21 12:53:08 - [MESSAGE][PASSED] - All options with index in [5] are selected on object 'Object Repository/Schedule5/Page_KDMC - CMS/select_--Select--Schedule 1Inj'

2018-05-21 12:53:08 - [TEST_STEP][PASSED] - selectOptionByIndex: All options with index in [8] are selected on object 'Object Repository/Schedule5/Page_KDMC - CMS/select_--Select--Alcohol Rub i'

2018-05-21 12:53:08 - [MESSAGE][PASSED] - All options with index in [8] are selected on object 'Object Repository/Schedule5/Page_KDMC - CMS/select_--Select--Alcohol Rub i'

2018-05-21 12:53:08 - [TEST_STEP][PASSED] - setText: Text '5000' is set on object 'Object Repository/Schedule5/Page_KDMC - CMS/input_txttreat'

2018-05-21 12:53:08 - [MESSAGE][PASSED] - Text '5000' is set on object 'Object Repository/Schedule5/Page_KDMC - CMS/input_txttreat'

2018-05-21 12:53:08 - [TEST_STEP][PASSED] - click: Object: 'Object Repository/Schedule5/Page_KDMC - CMS/button_Add' is clicked on

2018-05-21 12:53:09 - [MESSAGE][PASSED] - Object: 'Object Repository/Schedule5/Page_KDMC - CMS/button_Add' is clicked on

2018-05-21 12:53:09 - [TEST_STEP][PASSED] - selectOptionByIndex: All options with index in [5] are selected on object 'Object Repository/Schedule5/Page_KDMC - CMS/select_--Select--Schedule 1Inj'

2018-05-21 12:53:09 - [MESSAGE][PASSED] - All options with index in [5] are selected on object 'Object Repository/Schedule5/Page_KDMC - CMS/select_--Select--Schedule 1Inj'

2018-05-21 12:53:09 - [TEST_STEP][PASSED] - selectOptionByIndex: All options with index in [9] are selected on object 'Object Repository/Schedule5/Page_KDMC - CMS/select_--Select--Alcohol Rub i'

2018-05-21 12:53:09 - [MESSAGE][PASSED] - All options with index in [9] are selected on object 'Object Repository/Schedule5/Page_KDMC - CMS/select_--Select--Alcohol Rub i'

2018-05-21 12:53:09 - [TEST_STEP][PASSED] - setText: Text '5000' is set on object 'Object Repository/Schedule5/Page_KDMC - CMS/input_txttreat'

2018-05-21 12:53:09 - [MESSAGE][PASSED] - Text '5000' is set on object 'Object Repository/Schedule5/Page_KDMC - CMS/input_txttreat'

2018-05-21 12:53:09 - [TEST_STEP][PASSED] - click: Object: 'Object Repository/Schedule5/Page_KDMC - CMS/button_Add' is clicked on

2018-05-21 12:53:09 - [MESSAGE][PASSED] - Object: 'Object Repository/Schedule5/Page_KDMC - CMS/button_Add' is clicked on

2018-05-21 12:53:09 - [TEST_STEP][PASSED] - selectOptionByIndex: All options with index in [5] are selected on object 'Object Repository/Schedule5/Page_KDMC - CMS/select_--Select--Schedule 1Inj'

2018-05-21 12:53:09 - [MESSAGE][PASSED] - All options with index in [5] are selected on object 'Object Repository/Schedule5/Page_KDMC - CMS/select_--Select--Schedule 1Inj'

2018-05-21 12:53:09 - [TEST_STEP][PASSED] - selectOptionByIndex: All options with index in [10] are selected on object 'Object Repository/Schedule5/Page_KDMC - CMS/select_--Select--Alcohol Rub i'

2018-05-21 12:53:09 - [MESSAGE][PASSED] - All options with index in [10] are selected on object 'Object Repository/Schedule5/Page_KDMC - CMS/select_--Select--Alcohol Rub i'

2018-05-21 12:53:09 - [TEST_STEP][PASSED] - setText: Text '5000' is set on object 'Object Repository/Schedule5/Page_KDMC - CMS/input_txttreat'

2018-05-21 12:53:09 - [MESSAGE][PASSED] - Text '5000' is set on object 'Object Repository/Schedule5/Page_KDMC - CMS/input_txttreat'

2018-05-21 12:53:09 - [TEST_STEP][PASSED] - click: Object: 'Object Repository/Schedule5/Page_KDMC - CMS/button_Add' is clicked on

2018-05-21 12:53:09 - [MESSAGE][PASSED] - Object: 'Object Repository/Schedule5/Page_KDMC - CMS/button_Add' is clicked on

2018-05-21 12:53:09 - [TEST_STEP][PASSED] - selectOptionByIndex: All options with index in [5] are selected on object 'Object Repository/Schedule5/Page_KDMC - CMS/select_--Select--Schedule 1Inj'

2018-05-21 12:53:10 - [MESSAGE][PASSED] - All options with index in [5] are selected on object 'Object Repository/Schedule5/Page_KDMC - CMS/select_--Select--Schedule 1Inj'

2018-05-21 12:53:10 - [TEST_STEP][PASSED] - selectOptionByIndex: All options with index in [11] are selected on object 'Object Repository/Schedule5/Page_KDMC - CMS/select_--Select--Alcohol Rub i'

2018-05-21 12:53:10 - [MESSAGE][PASSED] - All options with index in [11] are selected on object 'Object Repository/Schedule5/Page_KDMC - CMS/select_--Select--Alcohol Rub i'

2018-05-21 12:53:10 - [TEST_STEP][PASSED] - setText: Text '5000' is set on object 'Object Repository/Schedule5/Page_KDMC - CMS/input_txttreat'

2018-05-21 12:53:10 - [MESSAGE][PASSED] - Text '5000' is set on object 'Object Repository/Schedule5/Page_KDMC - CMS/input_txttreat'

2018-05-21 12:53:10 - [TEST_STEP][PASSED] - click: Object: 'Object Repository/Schedule5/Page_KDMC - CMS/button_Add' is clicked on

2018-05-21 12:53:10 - [MESSAGE][PASSED] - Object: 'Object Repository/Schedule5/Page_KDMC - CMS/button_Add' is clicked on

2018-05-21 12:53:10 - [TEST_STEP][PASSED] - selectOptionByIndex: All options with index in [5] are selected on object 'Object Repository/Schedule5/Page_KDMC - CMS/select_--Select--Schedule 1Inj'

2018-05-21 12:53:10 - [MESSAGE][PASSED] - All options with index in [5] are selected on object 'Object Repository/Schedule5/Page_KDMC - CMS/select_--Select--Schedule 1Inj'

2018-05-21 12:53:10 - [TEST_STEP][PASSED] - selectOptionByIndex: All options with index in [12] are selected on object 'Object Repository/Schedule5/Page_KDMC - CMS/select_--Select--Alcohol Rub i'

2018-05-21 12:53:10 - [MESSAGE][PASSED] - All options with index in [12] are selected on object 'Object Repository/Schedule5/Page_KDMC - CMS/select_--Select--Alcohol Rub i'

2018-05-21 12:53:10 - [TEST_STEP][PASSED] - setText: Text '5000' is set on object 'Object Repository/Schedule5/Page_KDMC - CMS/input_txttreat'

2018-05-21 12:53:11 - [MESSAGE][PASSED] - Text '5000' is set on object 'Object Repository/Schedule5/Page_KDMC - CMS/input_txttreat'

2018-05-21 12:53:11 - [TEST_STEP][PASSED] - click: Object: 'Object Repository/Schedule5/Page_KDMC - CMS/button_Add' is clicked on

2018-05-21 12:53:11 - [MESSAGE][PASSED] - Object: 'Object Repository/Schedule5/Page_KDMC - CMS/button_Add' is clicked on

2018-05-21 12:53:11 - [TEST_STEP][PASSED] - selectOptionByIndex: All options with index in [5] are selected on object 'Object Repository/Schedule5/Page_KDMC - CMS/select_--Select--Schedule 1Inj'

2018-05-21 12:53:11 - [MESSAGE][PASSED] - All options with index in [5] are selected on object 'Object Repository/Schedule5/Page_KDMC - CMS/select_--Select--Schedule 1Inj'

2018-05-21 12:53:11 - [TEST_STEP][PASSED] - selectOptionByIndex: All options with index in [13] are selected on object 'Object Repository/Schedule5/Page_KDMC - CMS/select_--Select--Alcohol Rub i'

2018-05-21 12:53:11 - [MESSAGE][PASSED] - All options with index in [13] are selected on object 'Object Repository/Schedule5/Page_KDMC - CMS/select_--Select--Alcohol Rub i'

2018-05-21 12:53:11 - [TEST_STEP][PASSED] - setText: Text '5000' is set on object 'Object Repository/Schedule5/Page_KDMC - CMS/input_txttreat'

2018-05-21 12:53:11 - [MESSAGE][PASSED] - Text '5000' is set on object 'Object Repository/Schedule5/Page_KDMC - CMS/input_txttreat'

2018-05-21 12:53:11 - [TEST_STEP][PASSED] - click: Object: 'Object Repository/Schedule5/Page_KDMC - CMS/button_Add' is clicked on

2018-05-21 12:53:11 - [MESSAGE][PASSED] - Object: 'Object Repository/Schedule5/Page_KDMC - CMS/button_Add' is clicked on

2018-05-21 12:53:11 - [TEST_STEP][PASSED] - selectOptionByIndex: All options with index in [5] are selected on object 'Object Repository/Schedule5/Page_KDMC - CMS/select_--Select--Schedule 1Inj'

2018-05-21 12:53:11 - [MESSAGE][PASSED] - All options with index in [5] are selected on object 'Object Repository/Schedule5/Page_KDMC - CMS/select_--Select--Schedule 1Inj'

2018-05-21 12:53:11 - [TEST_STEP][PASSED] - selectOptionByIndex: All options with index in [14] are selected on object 'Object Repository/Schedule5/Page_KDMC - CMS/select_--Select--Alcohol Rub i'

2018-05-21 12:53:11 - [MESSAGE][PASSED] - All options with index in [14] are selected on object 'Object Repository/Schedule5/Page_KDMC - CMS/select_--Select--Alcohol Rub i'

2018-05-21 12:53:11 - [TEST_STEP][PASSED] - setText: Text '5000' is set on object 'Object Repository/Schedule5/Page_KDMC - CMS/input_txttreat'

2018-05-21 12:53:12 - [MESSAGE][PASSED] - Text '5000' is set on object 'Object Repository/Schedule5/Page_KDMC - CMS/input_txttreat'

2018-05-21 12:53:12 - [TEST_STEP][PASSED] - click: Object: 'Object Repository/Schedule5/Page_KDMC - CMS/button_Add' is clicked on

2018-05-21 12:53:12 - [MESSAGE][PASSED] - Object: 'Object Repository/Schedule5/Page_KDMC - CMS/button_Add' is clicked on

2018-05-21 12:53:12 - [TEST_STEP][PASSED] - scrollToElement: Scroll to object 'Object Repository/Schedule5/Page_KDMC - CMS/input_btnsave' successfully

2018-05-21 12:53:12 - [MESSAGE][PASSED] - Scroll to object 'Object Repository/Schedule5/Page_KDMC - CMS/input_btnsave' successfully

2018-05-21 12:53:12 - [TEST_STEP][PASSED] - click: Object: 'Object Repository/Schedule5/Page_KDMC - CMS/input_btnsave' is clicked on

2018-05-21 12:53:12 - [MESSAGE][PASSED] - Object: 'Object Repository/Schedule5/Page_KDMC - CMS/input_btnsave' is clicked on

2018-05-21 12:53:12 - [TEST_STEP][PASSED] - waitForElementPresent: Object 'Object Repository/Schedule5/Page_KDMC - CMS/button_OK' is present

2018-05-21 12:53:12 - [MESSAGE][PASSED] - Object 'Object Repository/Schedule5/Page_KDMC - CMS/button_OK' is present

2018-05-21 12:53:12 - [TEST_STEP][PASSED] - click: Object: 'Object Repository/Schedule5/Page_KDMC - CMS/button_OK' is clicked on

2018-05-21 12:53:13 - [MESSAGE][PASSED] - Object: 'Object Repository/Schedule5/Page_KDMC - CMS/button_OK' is clicked on

2018-05-21 12:53:13 - [TEST_STEP][PASSED] - delay: Delayed 3 second(s)

2018-05-21 12:53:16 - [MESSAGE][PASSED] - Delayed 3 second(s)

2018-05-21 12:53:16 - [TEST_STEP][PASSED] - click: Object: 'Object Repository/Schedule5/Page_KDMC - CMS/a_dropdown-toggle' is clicked on

2018-05-21 12:53:16 - [MESSAGE][PASSED] - Object: 'Object Repository/Schedule5/Page_KDMC - CMS/a_dropdown-toggle' is clicked on

2018-05-21 12:53:16 - [TEST_STEP][PASSED] - delay: Delayed 3 second(s)

2018-05-21 12:53:19 - [MESSAGE][PASSED] - Delayed 3 second(s)

2018-05-21 12:53:19 - [TEST_STEP][PASSED] - click: Object: 'Object Repository/Schedule5/Page_KDMC - CMS/a_Sign out' is clicked on

2018-05-21 12:53:20 - [MESSAGE][PASSED] - Object: 'Object Repository/Schedule5/Page_KDMC - CMS/a_Sign out' is clicked on

2018-05-21 12:53:20 - [TEST_STEP][PASSED] - closeBrowser: Browser is closed

2018-05-21 12:53:20 - [MESSAGE][PASSED] - Browser is closed]]></system-out>
         <system-err><![CDATA[]]></system-err>
      </testcase>
      <testcase name="Test Cases/TEST/MOH TO CMS REQUEST TEST CASES/MohRequestSchedule6" classname="Test Cases/TEST/MOH TO CMS REQUEST TEST CASES/MohRequestSchedule6" status="PASSED">
         <system-out><![CDATA[2018-05-21 12:53:20 - [TEST_CASE][PASSED] - Test Cases/TEST/MOH TO CMS REQUEST TEST CASES/MohRequestSchedule6: Test Cases/TEST/MOH TO CMS REQUEST TEST CASES/MohRequestSchedule6

2018-05-21 12:53:20 - [TEST_STEP][PASSED] - openBrowser: Browser is opened with url: ''

2018-05-21 12:53:23 - [MESSAGE][PASSED] - Browser is opened with url: ''

2018-05-21 12:53:23 - [TEST_STEP][PASSED] - navigateToUrl: Navigate to 'http://192.168.137.1/multihospital_new/' successfully

2018-05-21 12:53:31 - [MESSAGE][PASSED] - Navigate to 'http://192.168.137.1/multihospital_new/' successfully

2018-05-21 12:53:31 - [TEST_STEP][PASSED] - maximizeWindow: Current window maximized

2018-05-21 12:53:32 - [MESSAGE][PASSED] - Current window maximized

2018-05-21 12:53:32 - [TEST_STEP][PASSED] - click: Object: 'Object Repository/Schedule6/Page_KDMC/a_CMS' is clicked on

2018-05-21 12:53:33 - [MESSAGE][PASSED] - Object: 'Object Repository/Schedule6/Page_KDMC/a_CMS' is clicked on

2018-05-21 12:53:33 - [TEST_STEP][PASSED] - setText: Text 'bala' is set on object 'Object Repository/Schedule6/Page_CMS login/input_txtusername'

2018-05-21 12:53:33 - [MESSAGE][PASSED] - Text 'bala' is set on object 'Object Repository/Schedule6/Page_CMS login/input_txtusername'

2018-05-21 12:53:33 - [TEST_STEP][PASSED] - setText: Text '123' is set on object 'Object Repository/Schedule6/Page_CMS login/input_txtpassword'

2018-05-21 12:53:33 - [MESSAGE][PASSED] - Text '123' is set on object 'Object Repository/Schedule6/Page_CMS login/input_txtpassword'

2018-05-21 12:53:33 - [TEST_STEP][PASSED] - delay: Delayed 3 second(s)

2018-05-21 12:53:36 - [MESSAGE][PASSED] - Delayed 3 second(s)

2018-05-21 12:53:36 - [TEST_STEP][PASSED] - click: Object: 'Object Repository/Schedule6/Page_CMS login/button_Sign in' is clicked on

2018-05-21 12:53:37 - [MESSAGE][PASSED] - Object: 'Object Repository/Schedule6/Page_CMS login/button_Sign in' is clicked on

2018-05-21 12:53:37 - [TEST_STEP][PASSED] - click: Object: 'Object Repository/Schedule6/Page_KDMC - CMS/a_Request to MOH' is clicked on

2018-05-21 12:53:37 - [MESSAGE][PASSED] - Object: 'Object Repository/Schedule6/Page_KDMC - CMS/a_Request to MOH' is clicked on

2018-05-21 12:53:37 - [TEST_STEP][PASSED] - selectOptionByValue: All options with value 'Quarterly' are selected in object 'Object Repository/Schedule6/Page_KDMC - CMS/select_--Select--'  using regular expression

2018-05-21 12:53:38 - [MESSAGE][PASSED] - All options with value 'Quarterly' are selected in object 'Object Repository/Schedule6/Page_KDMC - CMS/select_--Select--'  using regular expression

2018-05-21 12:53:38 - [TEST_STEP][PASSED] - selectOptionByValue: All options with value '6' are selected in object 'Object Repository/Schedule6/Page_KDMC - CMS/select_--Select--Schedule 1Inj'  using regular expression

2018-05-21 12:53:38 - [MESSAGE][PASSED] - All options with value '6' are selected in object 'Object Repository/Schedule6/Page_KDMC - CMS/select_--Select--Schedule 1Inj'  using regular expression

2018-05-21 12:53:38 - [TEST_STEP][PASSED] - Statement - SelectedOptions = com.kms.katalon.core.webui.keyword.WebUiBuiltInKeywords.getNumberOfTotalOption(com.kms.katalon.core.testobject.ObjectRepository.findTestObject(Schedule6/Page_KDMC - CMS/select_--Select--Albumin kit ()): 14 options of object 'Object Repository/Schedule6/Page_KDMC - CMS/select_--Select--Albumin kit (' counted

2018-05-21 12:53:38 - [MESSAGE][PASSED] - 14 options of object 'Object Repository/Schedule6/Page_KDMC - CMS/select_--Select--Albumin kit (' counted

2018-05-21 12:53:38 - [TEST_STEP][PASSED] - Statement - For ([w = 1, w < SelectedOptions, (w++)]): Object: 'Object Repository/Schedule6/Page_KDMC - CMS/button_Add' is clicked on

2018-05-21 12:53:38 - [TEST_STEP][PASSED] - selectOptionByValue: All options with value '6' are selected in object 'Object Repository/Schedule6/Page_KDMC - CMS/select_--Select--Schedule 1Inj'  using regular expression

2018-05-21 12:53:38 - [MESSAGE][PASSED] - All options with value '6' are selected in object 'Object Repository/Schedule6/Page_KDMC - CMS/select_--Select--Schedule 1Inj'  using regular expression

2018-05-21 12:53:38 - [TEST_STEP][PASSED] - selectOptionByIndex: All options with index in [1] are selected on object 'Object Repository/Schedule6/Page_KDMC - CMS/select_--Select--Albumin kit ('

2018-05-21 12:53:38 - [MESSAGE][PASSED] - All options with index in [1] are selected on object 'Object Repository/Schedule6/Page_KDMC - CMS/select_--Select--Albumin kit ('

2018-05-21 12:53:38 - [TEST_STEP][PASSED] - setText: Text '5000' is set on object 'Object Repository/Schedule6/Page_KDMC - CMS/input_txttreat'

2018-05-21 12:53:38 - [MESSAGE][PASSED] - Text '5000' is set on object 'Object Repository/Schedule6/Page_KDMC - CMS/input_txttreat'

2018-05-21 12:53:38 - [TEST_STEP][PASSED] - click: Object: 'Object Repository/Schedule6/Page_KDMC - CMS/button_Add' is clicked on

2018-05-21 12:53:39 - [MESSAGE][PASSED] - Object: 'Object Repository/Schedule6/Page_KDMC - CMS/button_Add' is clicked on

2018-05-21 12:53:39 - [TEST_STEP][PASSED] - selectOptionByValue: All options with value '6' are selected in object 'Object Repository/Schedule6/Page_KDMC - CMS/select_--Select--Schedule 1Inj'  using regular expression

2018-05-21 12:53:39 - [MESSAGE][PASSED] - All options with value '6' are selected in object 'Object Repository/Schedule6/Page_KDMC - CMS/select_--Select--Schedule 1Inj'  using regular expression

2018-05-21 12:53:39 - [TEST_STEP][PASSED] - selectOptionByIndex: All options with index in [2] are selected on object 'Object Repository/Schedule6/Page_KDMC - CMS/select_--Select--Albumin kit ('

2018-05-21 12:53:39 - [MESSAGE][PASSED] - All options with index in [2] are selected on object 'Object Repository/Schedule6/Page_KDMC - CMS/select_--Select--Albumin kit ('

2018-05-21 12:53:39 - [TEST_STEP][PASSED] - setText: Text '5000' is set on object 'Object Repository/Schedule6/Page_KDMC - CMS/input_txttreat'

2018-05-21 12:53:39 - [MESSAGE][PASSED] - Text '5000' is set on object 'Object Repository/Schedule6/Page_KDMC - CMS/input_txttreat'

2018-05-21 12:53:39 - [TEST_STEP][PASSED] - click: Object: 'Object Repository/Schedule6/Page_KDMC - CMS/button_Add' is clicked on

2018-05-21 12:53:39 - [MESSAGE][PASSED] - Object: 'Object Repository/Schedule6/Page_KDMC - CMS/button_Add' is clicked on

2018-05-21 12:53:39 - [TEST_STEP][PASSED] - selectOptionByValue: All options with value '6' are selected in object 'Object Repository/Schedule6/Page_KDMC - CMS/select_--Select--Schedule 1Inj'  using regular expression

2018-05-21 12:53:40 - [MESSAGE][PASSED] - All options with value '6' are selected in object 'Object Repository/Schedule6/Page_KDMC - CMS/select_--Select--Schedule 1Inj'  using regular expression

2018-05-21 12:53:40 - [TEST_STEP][PASSED] - selectOptionByIndex: All options with index in [3] are selected on object 'Object Repository/Schedule6/Page_KDMC - CMS/select_--Select--Albumin kit ('

2018-05-21 12:53:40 - [MESSAGE][PASSED] - All options with index in [3] are selected on object 'Object Repository/Schedule6/Page_KDMC - CMS/select_--Select--Albumin kit ('

2018-05-21 12:53:40 - [TEST_STEP][PASSED] - setText: Text '5000' is set on object 'Object Repository/Schedule6/Page_KDMC - CMS/input_txttreat'

2018-05-21 12:53:40 - [MESSAGE][PASSED] - Text '5000' is set on object 'Object Repository/Schedule6/Page_KDMC - CMS/input_txttreat'

2018-05-21 12:53:40 - [TEST_STEP][PASSED] - click: Object: 'Object Repository/Schedule6/Page_KDMC - CMS/button_Add' is clicked on

2018-05-21 12:53:40 - [MESSAGE][PASSED] - Object: 'Object Repository/Schedule6/Page_KDMC - CMS/button_Add' is clicked on

2018-05-21 12:53:40 - [TEST_STEP][PASSED] - selectOptionByValue: All options with value '6' are selected in object 'Object Repository/Schedule6/Page_KDMC - CMS/select_--Select--Schedule 1Inj'  using regular expression

2018-05-21 12:53:40 - [MESSAGE][PASSED] - All options with value '6' are selected in object 'Object Repository/Schedule6/Page_KDMC - CMS/select_--Select--Schedule 1Inj'  using regular expression

2018-05-21 12:53:40 - [TEST_STEP][PASSED] - selectOptionByIndex: All options with index in [4] are selected on object 'Object Repository/Schedule6/Page_KDMC - CMS/select_--Select--Albumin kit ('

2018-05-21 12:53:40 - [MESSAGE][PASSED] - All options with index in [4] are selected on object 'Object Repository/Schedule6/Page_KDMC - CMS/select_--Select--Albumin kit ('

2018-05-21 12:53:40 - [TEST_STEP][PASSED] - setText: Text '5000' is set on object 'Object Repository/Schedule6/Page_KDMC - CMS/input_txttreat'

2018-05-21 12:53:40 - [MESSAGE][PASSED] - Text '5000' is set on object 'Object Repository/Schedule6/Page_KDMC - CMS/input_txttreat'

2018-05-21 12:53:40 - [TEST_STEP][PASSED] - click: Object: 'Object Repository/Schedule6/Page_KDMC - CMS/button_Add' is clicked on

2018-05-21 12:53:40 - [MESSAGE][PASSED] - Object: 'Object Repository/Schedule6/Page_KDMC - CMS/button_Add' is clicked on

2018-05-21 12:53:40 - [TEST_STEP][PASSED] - selectOptionByValue: All options with value '6' are selected in object 'Object Repository/Schedule6/Page_KDMC - CMS/select_--Select--Schedule 1Inj'  using regular expression

2018-05-21 12:53:41 - [MESSAGE][PASSED] - All options with value '6' are selected in object 'Object Repository/Schedule6/Page_KDMC - CMS/select_--Select--Schedule 1Inj'  using regular expression

2018-05-21 12:53:41 - [TEST_STEP][PASSED] - selectOptionByIndex: All options with index in [5] are selected on object 'Object Repository/Schedule6/Page_KDMC - CMS/select_--Select--Albumin kit ('

2018-05-21 12:53:41 - [MESSAGE][PASSED] - All options with index in [5] are selected on object 'Object Repository/Schedule6/Page_KDMC - CMS/select_--Select--Albumin kit ('

2018-05-21 12:53:41 - [TEST_STEP][PASSED] - setText: Text '5000' is set on object 'Object Repository/Schedule6/Page_KDMC - CMS/input_txttreat'

2018-05-21 12:53:41 - [MESSAGE][PASSED] - Text '5000' is set on object 'Object Repository/Schedule6/Page_KDMC - CMS/input_txttreat'

2018-05-21 12:53:41 - [TEST_STEP][PASSED] - click: Object: 'Object Repository/Schedule6/Page_KDMC - CMS/button_Add' is clicked on

2018-05-21 12:53:41 - [MESSAGE][PASSED] - Object: 'Object Repository/Schedule6/Page_KDMC - CMS/button_Add' is clicked on

2018-05-21 12:53:41 - [TEST_STEP][PASSED] - selectOptionByValue: All options with value '6' are selected in object 'Object Repository/Schedule6/Page_KDMC - CMS/select_--Select--Schedule 1Inj'  using regular expression

2018-05-21 12:53:41 - [MESSAGE][PASSED] - All options with value '6' are selected in object 'Object Repository/Schedule6/Page_KDMC - CMS/select_--Select--Schedule 1Inj'  using regular expression

2018-05-21 12:53:41 - [TEST_STEP][PASSED] - selectOptionByIndex: All options with index in [6] are selected on object 'Object Repository/Schedule6/Page_KDMC - CMS/select_--Select--Albumin kit ('

2018-05-21 12:53:41 - [MESSAGE][PASSED] - All options with index in [6] are selected on object 'Object Repository/Schedule6/Page_KDMC - CMS/select_--Select--Albumin kit ('

2018-05-21 12:53:41 - [TEST_STEP][PASSED] - setText: Text '5000' is set on object 'Object Repository/Schedule6/Page_KDMC - CMS/input_txttreat'

2018-05-21 12:53:42 - [MESSAGE][PASSED] - Text '5000' is set on object 'Object Repository/Schedule6/Page_KDMC - CMS/input_txttreat'

2018-05-21 12:53:42 - [TEST_STEP][PASSED] - click: Object: 'Object Repository/Schedule6/Page_KDMC - CMS/button_Add' is clicked on

2018-05-21 12:53:42 - [MESSAGE][PASSED] - Object: 'Object Repository/Schedule6/Page_KDMC - CMS/button_Add' is clicked on

2018-05-21 12:53:42 - [TEST_STEP][PASSED] - selectOptionByValue: All options with value '6' are selected in object 'Object Repository/Schedule6/Page_KDMC - CMS/select_--Select--Schedule 1Inj'  using regular expression

2018-05-21 12:53:42 - [MESSAGE][PASSED] - All options with value '6' are selected in object 'Object Repository/Schedule6/Page_KDMC - CMS/select_--Select--Schedule 1Inj'  using regular expression

2018-05-21 12:53:42 - [TEST_STEP][PASSED] - selectOptionByIndex: All options with index in [7] are selected on object 'Object Repository/Schedule6/Page_KDMC - CMS/select_--Select--Albumin kit ('

2018-05-21 12:53:42 - [MESSAGE][PASSED] - All options with index in [7] are selected on object 'Object Repository/Schedule6/Page_KDMC - CMS/select_--Select--Albumin kit ('

2018-05-21 12:53:42 - [TEST_STEP][PASSED] - setText: Text '5000' is set on object 'Object Repository/Schedule6/Page_KDMC - CMS/input_txttreat'

2018-05-21 12:53:42 - [MESSAGE][PASSED] - Text '5000' is set on object 'Object Repository/Schedule6/Page_KDMC - CMS/input_txttreat'

2018-05-21 12:53:42 - [TEST_STEP][PASSED] - click: Object: 'Object Repository/Schedule6/Page_KDMC - CMS/button_Add' is clicked on

2018-05-21 12:53:42 - [MESSAGE][PASSED] - Object: 'Object Repository/Schedule6/Page_KDMC - CMS/button_Add' is clicked on

2018-05-21 12:53:42 - [TEST_STEP][PASSED] - selectOptionByValue: All options with value '6' are selected in object 'Object Repository/Schedule6/Page_KDMC - CMS/select_--Select--Schedule 1Inj'  using regular expression

2018-05-21 12:53:43 - [MESSAGE][PASSED] - All options with value '6' are selected in object 'Object Repository/Schedule6/Page_KDMC - CMS/select_--Select--Schedule 1Inj'  using regular expression

2018-05-21 12:53:43 - [TEST_STEP][PASSED] - selectOptionByIndex: All options with index in [8] are selected on object 'Object Repository/Schedule6/Page_KDMC - CMS/select_--Select--Albumin kit ('

2018-05-21 12:53:43 - [MESSAGE][PASSED] - All options with index in [8] are selected on object 'Object Repository/Schedule6/Page_KDMC - CMS/select_--Select--Albumin kit ('

2018-05-21 12:53:43 - [TEST_STEP][PASSED] - setText: Text '5000' is set on object 'Object Repository/Schedule6/Page_KDMC - CMS/input_txttreat'

2018-05-21 12:53:43 - [MESSAGE][PASSED] - Text '5000' is set on object 'Object Repository/Schedule6/Page_KDMC - CMS/input_txttreat'

2018-05-21 12:53:43 - [TEST_STEP][PASSED] - click: Object: 'Object Repository/Schedule6/Page_KDMC - CMS/button_Add' is clicked on

2018-05-21 12:53:43 - [MESSAGE][PASSED] - Object: 'Object Repository/Schedule6/Page_KDMC - CMS/button_Add' is clicked on

2018-05-21 12:53:43 - [TEST_STEP][PASSED] - selectOptionByValue: All options with value '6' are selected in object 'Object Repository/Schedule6/Page_KDMC - CMS/select_--Select--Schedule 1Inj'  using regular expression

2018-05-21 12:53:43 - [MESSAGE][PASSED] - All options with value '6' are selected in object 'Object Repository/Schedule6/Page_KDMC - CMS/select_--Select--Schedule 1Inj'  using regular expression

2018-05-21 12:53:43 - [TEST_STEP][PASSED] - selectOptionByIndex: All options with index in [9] are selected on object 'Object Repository/Schedule6/Page_KDMC - CMS/select_--Select--Albumin kit ('

2018-05-21 12:53:44 - [MESSAGE][PASSED] - All options with index in [9] are selected on object 'Object Repository/Schedule6/Page_KDMC - CMS/select_--Select--Albumin kit ('

2018-05-21 12:53:44 - [TEST_STEP][PASSED] - setText: Text '5000' is set on object 'Object Repository/Schedule6/Page_KDMC - CMS/input_txttreat'

2018-05-21 12:53:44 - [MESSAGE][PASSED] - Text '5000' is set on object 'Object Repository/Schedule6/Page_KDMC - CMS/input_txttreat'

2018-05-21 12:53:44 - [TEST_STEP][PASSED] - click: Object: 'Object Repository/Schedule6/Page_KDMC - CMS/button_Add' is clicked on

2018-05-21 12:53:44 - [MESSAGE][PASSED] - Object: 'Object Repository/Schedule6/Page_KDMC - CMS/button_Add' is clicked on

2018-05-21 12:53:44 - [TEST_STEP][PASSED] - selectOptionByValue: All options with value '6' are selected in object 'Object Repository/Schedule6/Page_KDMC - CMS/select_--Select--Schedule 1Inj'  using regular expression

2018-05-21 12:53:44 - [MESSAGE][PASSED] - All options with value '6' are selected in object 'Object Repository/Schedule6/Page_KDMC - CMS/select_--Select--Schedule 1Inj'  using regular expression

2018-05-21 12:53:44 - [TEST_STEP][PASSED] - selectOptionByIndex: All options with index in [10] are selected on object 'Object Repository/Schedule6/Page_KDMC - CMS/select_--Select--Albumin kit ('

2018-05-21 12:53:44 - [MESSAGE][PASSED] - All options with index in [10] are selected on object 'Object Repository/Schedule6/Page_KDMC - CMS/select_--Select--Albumin kit ('

2018-05-21 12:53:44 - [TEST_STEP][PASSED] - setText: Text '5000' is set on object 'Object Repository/Schedule6/Page_KDMC - CMS/input_txttreat'

2018-05-21 12:53:44 - [MESSAGE][PASSED] - Text '5000' is set on object 'Object Repository/Schedule6/Page_KDMC - CMS/input_txttreat'

2018-05-21 12:53:44 - [TEST_STEP][PASSED] - click: Object: 'Object Repository/Schedule6/Page_KDMC - CMS/button_Add' is clicked on

2018-05-21 12:53:44 - [MESSAGE][PASSED] - Object: 'Object Repository/Schedule6/Page_KDMC - CMS/button_Add' is clicked on

2018-05-21 12:53:44 - [TEST_STEP][PASSED] - selectOptionByValue: All options with value '6' are selected in object 'Object Repository/Schedule6/Page_KDMC - CMS/select_--Select--Schedule 1Inj'  using regular expression

2018-05-21 12:53:45 - [MESSAGE][PASSED] - All options with value '6' are selected in object 'Object Repository/Schedule6/Page_KDMC - CMS/select_--Select--Schedule 1Inj'  using regular expression

2018-05-21 12:53:45 - [TEST_STEP][PASSED] - selectOptionByIndex: All options with index in [11] are selected on object 'Object Repository/Schedule6/Page_KDMC - CMS/select_--Select--Albumin kit ('

2018-05-21 12:53:45 - [MESSAGE][PASSED] - All options with index in [11] are selected on object 'Object Repository/Schedule6/Page_KDMC - CMS/select_--Select--Albumin kit ('

2018-05-21 12:53:45 - [TEST_STEP][PASSED] - setText: Text '5000' is set on object 'Object Repository/Schedule6/Page_KDMC - CMS/input_txttreat'

2018-05-21 12:53:45 - [MESSAGE][PASSED] - Text '5000' is set on object 'Object Repository/Schedule6/Page_KDMC - CMS/input_txttreat'

2018-05-21 12:53:45 - [TEST_STEP][PASSED] - click: Object: 'Object Repository/Schedule6/Page_KDMC - CMS/button_Add' is clicked on

2018-05-21 12:53:45 - [MESSAGE][PASSED] - Object: 'Object Repository/Schedule6/Page_KDMC - CMS/button_Add' is clicked on

2018-05-21 12:53:45 - [TEST_STEP][PASSED] - selectOptionByValue: All options with value '6' are selected in object 'Object Repository/Schedule6/Page_KDMC - CMS/select_--Select--Schedule 1Inj'  using regular expression

2018-05-21 12:53:45 - [MESSAGE][PASSED] - All options with value '6' are selected in object 'Object Repository/Schedule6/Page_KDMC - CMS/select_--Select--Schedule 1Inj'  using regular expression

2018-05-21 12:53:45 - [TEST_STEP][PASSED] - selectOptionByIndex: All options with index in [12] are selected on object 'Object Repository/Schedule6/Page_KDMC - CMS/select_--Select--Albumin kit ('

2018-05-21 12:53:46 - [MESSAGE][PASSED] - All options with index in [12] are selected on object 'Object Repository/Schedule6/Page_KDMC - CMS/select_--Select--Albumin kit ('

2018-05-21 12:53:46 - [TEST_STEP][PASSED] - setText: Text '5000' is set on object 'Object Repository/Schedule6/Page_KDMC - CMS/input_txttreat'

2018-05-21 12:53:46 - [MESSAGE][PASSED] - Text '5000' is set on object 'Object Repository/Schedule6/Page_KDMC - CMS/input_txttreat'

2018-05-21 12:53:46 - [TEST_STEP][PASSED] - click: Object: 'Object Repository/Schedule6/Page_KDMC - CMS/button_Add' is clicked on

2018-05-21 12:53:46 - [MESSAGE][PASSED] - Object: 'Object Repository/Schedule6/Page_KDMC - CMS/button_Add' is clicked on

2018-05-21 12:53:46 - [TEST_STEP][PASSED] - selectOptionByValue: All options with value '6' are selected in object 'Object Repository/Schedule6/Page_KDMC - CMS/select_--Select--Schedule 1Inj'  using regular expression

2018-05-21 12:53:46 - [MESSAGE][PASSED] - All options with value '6' are selected in object 'Object Repository/Schedule6/Page_KDMC - CMS/select_--Select--Schedule 1Inj'  using regular expression

2018-05-21 12:53:46 - [TEST_STEP][PASSED] - selectOptionByIndex: All options with index in [13] are selected on object 'Object Repository/Schedule6/Page_KDMC - CMS/select_--Select--Albumin kit ('

2018-05-21 12:53:46 - [MESSAGE][PASSED] - All options with index in [13] are selected on object 'Object Repository/Schedule6/Page_KDMC - CMS/select_--Select--Albumin kit ('

2018-05-21 12:53:46 - [TEST_STEP][PASSED] - setText: Text '5000' is set on object 'Object Repository/Schedule6/Page_KDMC - CMS/input_txttreat'

2018-05-21 12:53:46 - [MESSAGE][PASSED] - Text '5000' is set on object 'Object Repository/Schedule6/Page_KDMC - CMS/input_txttreat'

2018-05-21 12:53:46 - [TEST_STEP][PASSED] - click: Object: 'Object Repository/Schedule6/Page_KDMC - CMS/button_Add' is clicked on

2018-05-21 12:53:46 - [MESSAGE][PASSED] - Object: 'Object Repository/Schedule6/Page_KDMC - CMS/button_Add' is clicked on

2018-05-21 12:53:46 - [TEST_STEP][PASSED] - scrollToElement: Scroll to object 'Object Repository/Schedule6/Page_KDMC - CMS/input_btnsave' successfully

2018-05-21 12:53:46 - [MESSAGE][PASSED] - Scroll to object 'Object Repository/Schedule6/Page_KDMC - CMS/input_btnsave' successfully

2018-05-21 12:53:46 - [TEST_STEP][PASSED] - click: Object: 'Object Repository/Schedule6/Page_KDMC - CMS/input_btnsave' is clicked on

2018-05-21 12:53:46 - [MESSAGE][PASSED] - Object: 'Object Repository/Schedule6/Page_KDMC - CMS/input_btnsave' is clicked on

2018-05-21 12:53:46 - [TEST_STEP][PASSED] - waitForElementPresent: Object 'Object Repository/Schedule6/Page_KDMC - CMS/button_OK' is present

2018-05-21 12:53:47 - [MESSAGE][PASSED] - Object 'Object Repository/Schedule6/Page_KDMC - CMS/button_OK' is present

2018-05-21 12:53:47 - [TEST_STEP][PASSED] - click: Object: 'Object Repository/Schedule6/Page_KDMC - CMS/button_OK' is clicked on

2018-05-21 12:53:47 - [MESSAGE][PASSED] - Object: 'Object Repository/Schedule6/Page_KDMC - CMS/button_OK' is clicked on

2018-05-21 12:53:47 - [TEST_STEP][PASSED] - delay: Delayed 3 second(s)

2018-05-21 12:53:50 - [MESSAGE][PASSED] - Delayed 3 second(s)

2018-05-21 12:53:50 - [TEST_STEP][PASSED] - click: Object: 'Object Repository/Schedule6/Page_KDMC - CMS/a_dropdown-toggle' is clicked on

2018-05-21 12:53:51 - [MESSAGE][PASSED] - Object: 'Object Repository/Schedule6/Page_KDMC - CMS/a_dropdown-toggle' is clicked on

2018-05-21 12:53:51 - [TEST_STEP][PASSED] - delay: Delayed 3 second(s)

2018-05-21 12:53:54 - [MESSAGE][PASSED] - Delayed 3 second(s)

2018-05-21 12:53:54 - [TEST_STEP][PASSED] - click: Object: 'Object Repository/Schedule6/Page_KDMC - CMS/a_Sign out' is clicked on

2018-05-21 12:53:54 - [MESSAGE][PASSED] - Object: 'Object Repository/Schedule6/Page_KDMC - CMS/a_Sign out' is clicked on

2018-05-21 12:53:54 - [TEST_STEP][PASSED] - closeBrowser: Browser is closed

2018-05-21 12:53:55 - [MESSAGE][PASSED] - Browser is closed]]></system-out>
         <system-err><![CDATA[]]></system-err>
      </testcase>
      <testcase name="Test Cases/TEST/MOH TO CMS REQUEST TEST CASES/MohRequestSchedule7" classname="Test Cases/TEST/MOH TO CMS REQUEST TEST CASES/MohRequestSchedule7" status="PASSED">
         <system-out><![CDATA[2018-05-21 12:53:55 - [TEST_CASE][PASSED] - Test Cases/TEST/MOH TO CMS REQUEST TEST CASES/MohRequestSchedule7: Test Cases/TEST/MOH TO CMS REQUEST TEST CASES/MohRequestSchedule7

2018-05-21 12:53:55 - [TEST_STEP][PASSED] - openBrowser: Browser is opened with url: ''

2018-05-21 12:53:57 - [MESSAGE][PASSED] - Browser is opened with url: ''

2018-05-21 12:53:57 - [TEST_STEP][PASSED] - navigateToUrl: Navigate to 'http://192.168.137.1/multihospital_new/' successfully

2018-05-21 12:53:59 - [MESSAGE][PASSED] - Navigate to 'http://192.168.137.1/multihospital_new/' successfully

2018-05-21 12:53:59 - [TEST_STEP][PASSED] - maximizeWindow: Current window maximized

2018-05-21 12:54:00 - [MESSAGE][PASSED] - Current window maximized

2018-05-21 12:54:00 - [TEST_STEP][PASSED] - click: Object: 'Object Repository/Schedule7/Page_KDMC/a_CMS' is clicked on

2018-05-21 12:54:01 - [MESSAGE][PASSED] - Object: 'Object Repository/Schedule7/Page_KDMC/a_CMS' is clicked on

2018-05-21 12:54:01 - [TEST_STEP][PASSED] - setText: Text 'bala' is set on object 'Object Repository/Schedule7/Page_CMS login/input_txtusername'

2018-05-21 12:54:01 - [MESSAGE][PASSED] - Text 'bala' is set on object 'Object Repository/Schedule7/Page_CMS login/input_txtusername'

2018-05-21 12:54:01 - [TEST_STEP][PASSED] - setText: Text '123' is set on object 'Object Repository/Schedule7/Page_CMS login/input_txtpassword'

2018-05-21 12:54:01 - [MESSAGE][PASSED] - Text '123' is set on object 'Object Repository/Schedule7/Page_CMS login/input_txtpassword'

2018-05-21 12:54:01 - [TEST_STEP][PASSED] - delay: Delayed 3 second(s)

2018-05-21 12:54:04 - [MESSAGE][PASSED] - Delayed 3 second(s)

2018-05-21 12:54:04 - [TEST_STEP][PASSED] - click: Object: 'Object Repository/Schedule6/Page_CMS login/button_Sign in' is clicked on

2018-05-21 12:54:05 - [MESSAGE][PASSED] - Object: 'Object Repository/Schedule6/Page_CMS login/button_Sign in' is clicked on

2018-05-21 12:54:05 - [TEST_STEP][PASSED] - click: Object: 'Object Repository/Schedule7/Page_KDMC - CMS/a_Request to MOH' is clicked on

2018-05-21 12:54:06 - [MESSAGE][PASSED] - Object: 'Object Repository/Schedule7/Page_KDMC - CMS/a_Request to MOH' is clicked on

2018-05-21 12:54:06 - [TEST_STEP][PASSED] - selectOptionByIndex: All options with index in [1] are selected on object 'Object Repository/Schedule7/Page_KDMC - CMS/select_--Select--'

2018-05-21 12:54:06 - [MESSAGE][PASSED] - All options with index in [1] are selected on object 'Object Repository/Schedule7/Page_KDMC - CMS/select_--Select--'

2018-05-21 12:54:06 - [TEST_STEP][PASSED] - selectOptionByIndex: All options with index in [7] are selected on object 'Object Repository/Schedule7/Page_KDMC - CMS/select_--Select--Schedule 1Inj'

2018-05-21 12:54:06 - [MESSAGE][PASSED] - All options with index in [7] are selected on object 'Object Repository/Schedule7/Page_KDMC - CMS/select_--Select--Schedule 1Inj'

2018-05-21 12:54:06 - [TEST_STEP][PASSED] - Statement - SelectedOptions = com.kms.katalon.core.webui.keyword.WebUiBuiltInKeywords.getNumberOfTotalOption(com.kms.katalon.core.testobject.ObjectRepository.findTestObject(Schedule7/Page_KDMC - CMS/select_--Select--Absorbable su)): 24 options of object 'Object Repository/Schedule7/Page_KDMC - CMS/select_--Select--Absorbable su' counted

2018-05-21 12:54:06 - [MESSAGE][PASSED] - 24 options of object 'Object Repository/Schedule7/Page_KDMC - CMS/select_--Select--Absorbable su' counted

2018-05-21 12:54:06 - [TEST_STEP][PASSED] - Statement - For ([w = 1, w < SelectedOptions, (w++)]): Object: 'Object Repository/Schedule7/Page_KDMC - CMS/button_Add' is clicked on

2018-05-21 12:54:06 - [TEST_STEP][PASSED] - selectOptionByIndex: All options with index in [7] are selected on object 'Object Repository/Schedule7/Page_KDMC - CMS/select_--Select--Schedule 1Inj'

2018-05-21 12:54:06 - [MESSAGE][PASSED] - All options with index in [7] are selected on object 'Object Repository/Schedule7/Page_KDMC - CMS/select_--Select--Schedule 1Inj'

2018-05-21 12:54:06 - [TEST_STEP][PASSED] - selectOptionByIndex: All options with index in [1] are selected on object 'Object Repository/Schedule7/Page_KDMC - CMS/select_--Select--Absorbable su'

2018-05-21 12:54:06 - [MESSAGE][PASSED] - All options with index in [1] are selected on object 'Object Repository/Schedule7/Page_KDMC - CMS/select_--Select--Absorbable su'

2018-05-21 12:54:06 - [TEST_STEP][PASSED] - setText: Text '5000' is set on object 'Object Repository/Schedule7/Page_KDMC - CMS/input_txttreat'

2018-05-21 12:54:07 - [MESSAGE][PASSED] - Text '5000' is set on object 'Object Repository/Schedule7/Page_KDMC - CMS/input_txttreat'

2018-05-21 12:54:07 - [TEST_STEP][PASSED] - delay: Delayed 1 second(s)

2018-05-21 12:54:08 - [MESSAGE][PASSED] - Delayed 1 second(s)

2018-05-21 12:54:08 - [TEST_STEP][PASSED] - click: Object: 'Object Repository/Schedule7/Page_KDMC - CMS/button_Add' is clicked on

2018-05-21 12:54:08 - [MESSAGE][PASSED] - Object: 'Object Repository/Schedule7/Page_KDMC - CMS/button_Add' is clicked on

2018-05-21 12:54:08 - [TEST_STEP][PASSED] - selectOptionByIndex: All options with index in [7] are selected on object 'Object Repository/Schedule7/Page_KDMC - CMS/select_--Select--Schedule 1Inj'

2018-05-21 12:54:08 - [MESSAGE][PASSED] - All options with index in [7] are selected on object 'Object Repository/Schedule7/Page_KDMC - CMS/select_--Select--Schedule 1Inj'

2018-05-21 12:54:08 - [TEST_STEP][PASSED] - selectOptionByIndex: All options with index in [2] are selected on object 'Object Repository/Schedule7/Page_KDMC - CMS/select_--Select--Absorbable su'

2018-05-21 12:54:09 - [MESSAGE][PASSED] - All options with index in [2] are selected on object 'Object Repository/Schedule7/Page_KDMC - CMS/select_--Select--Absorbable su'

2018-05-21 12:54:09 - [TEST_STEP][PASSED] - setText: Text '5000' is set on object 'Object Repository/Schedule7/Page_KDMC - CMS/input_txttreat'

2018-05-21 12:54:09 - [MESSAGE][PASSED] - Text '5000' is set on object 'Object Repository/Schedule7/Page_KDMC - CMS/input_txttreat'

2018-05-21 12:54:09 - [TEST_STEP][PASSED] - delay: Delayed 1 second(s)

2018-05-21 12:54:10 - [MESSAGE][PASSED] - Delayed 1 second(s)

2018-05-21 12:54:10 - [TEST_STEP][PASSED] - click: Object: 'Object Repository/Schedule7/Page_KDMC - CMS/button_Add' is clicked on

2018-05-21 12:54:10 - [MESSAGE][PASSED] - Object: 'Object Repository/Schedule7/Page_KDMC - CMS/button_Add' is clicked on

2018-05-21 12:54:10 - [TEST_STEP][PASSED] - selectOptionByIndex: All options with index in [7] are selected on object 'Object Repository/Schedule7/Page_KDMC - CMS/select_--Select--Schedule 1Inj'

2018-05-21 12:54:10 - [MESSAGE][PASSED] - All options with index in [7] are selected on object 'Object Repository/Schedule7/Page_KDMC - CMS/select_--Select--Schedule 1Inj'

2018-05-21 12:54:10 - [TEST_STEP][PASSED] - selectOptionByIndex: All options with index in [3] are selected on object 'Object Repository/Schedule7/Page_KDMC - CMS/select_--Select--Absorbable su'

2018-05-21 12:54:10 - [MESSAGE][PASSED] - All options with index in [3] are selected on object 'Object Repository/Schedule7/Page_KDMC - CMS/select_--Select--Absorbable su'

2018-05-21 12:54:10 - [TEST_STEP][PASSED] - setText: Text '5000' is set on object 'Object Repository/Schedule7/Page_KDMC - CMS/input_txttreat'

2018-05-21 12:54:10 - [MESSAGE][PASSED] - Text '5000' is set on object 'Object Repository/Schedule7/Page_KDMC - CMS/input_txttreat'

2018-05-21 12:54:10 - [TEST_STEP][PASSED] - delay: Delayed 1 second(s)

2018-05-21 12:54:11 - [MESSAGE][PASSED] - Delayed 1 second(s)

2018-05-21 12:54:11 - [TEST_STEP][PASSED] - click: Object: 'Object Repository/Schedule7/Page_KDMC - CMS/button_Add' is clicked on

2018-05-21 12:54:11 - [MESSAGE][PASSED] - Object: 'Object Repository/Schedule7/Page_KDMC - CMS/button_Add' is clicked on

2018-05-21 12:54:11 - [TEST_STEP][PASSED] - selectOptionByIndex: All options with index in [7] are selected on object 'Object Repository/Schedule7/Page_KDMC - CMS/select_--Select--Schedule 1Inj'

2018-05-21 12:54:11 - [MESSAGE][PASSED] - All options with index in [7] are selected on object 'Object Repository/Schedule7/Page_KDMC - CMS/select_--Select--Schedule 1Inj'

2018-05-21 12:54:11 - [TEST_STEP][PASSED] - selectOptionByIndex: All options with index in [4] are selected on object 'Object Repository/Schedule7/Page_KDMC - CMS/select_--Select--Absorbable su'

2018-05-21 12:54:12 - [MESSAGE][PASSED] - All options with index in [4] are selected on object 'Object Repository/Schedule7/Page_KDMC - CMS/select_--Select--Absorbable su'

2018-05-21 12:54:12 - [TEST_STEP][PASSED] - setText: Text '5000' is set on object 'Object Repository/Schedule7/Page_KDMC - CMS/input_txttreat'

2018-05-21 12:54:12 - [MESSAGE][PASSED] - Text '5000' is set on object 'Object Repository/Schedule7/Page_KDMC - CMS/input_txttreat'

2018-05-21 12:54:12 - [TEST_STEP][PASSED] - delay: Delayed 1 second(s)

2018-05-21 12:54:13 - [MESSAGE][PASSED] - Delayed 1 second(s)

2018-05-21 12:54:13 - [TEST_STEP][PASSED] - click: Object: 'Object Repository/Schedule7/Page_KDMC - CMS/button_Add' is clicked on

2018-05-21 12:54:13 - [MESSAGE][PASSED] - Object: 'Object Repository/Schedule7/Page_KDMC - CMS/button_Add' is clicked on

2018-05-21 12:54:13 - [TEST_STEP][PASSED] - selectOptionByIndex: All options with index in [7] are selected on object 'Object Repository/Schedule7/Page_KDMC - CMS/select_--Select--Schedule 1Inj'

2018-05-21 12:54:13 - [MESSAGE][PASSED] - All options with index in [7] are selected on object 'Object Repository/Schedule7/Page_KDMC - CMS/select_--Select--Schedule 1Inj'

2018-05-21 12:54:13 - [TEST_STEP][PASSED] - selectOptionByIndex: All options with index in [5] are selected on object 'Object Repository/Schedule7/Page_KDMC - CMS/select_--Select--Absorbable su'

2018-05-21 12:54:13 - [MESSAGE][PASSED] - All options with index in [5] are selected on object 'Object Repository/Schedule7/Page_KDMC - CMS/select_--Select--Absorbable su'

2018-05-21 12:54:13 - [TEST_STEP][PASSED] - setText: Text '5000' is set on object 'Object Repository/Schedule7/Page_KDMC - CMS/input_txttreat'

2018-05-21 12:54:13 - [MESSAGE][PASSED] - Text '5000' is set on object 'Object Repository/Schedule7/Page_KDMC - CMS/input_txttreat'

2018-05-21 12:54:13 - [TEST_STEP][PASSED] - delay: Delayed 1 second(s)

2018-05-21 12:54:14 - [MESSAGE][PASSED] - Delayed 1 second(s)

2018-05-21 12:54:14 - [TEST_STEP][PASSED] - click: Object: 'Object Repository/Schedule7/Page_KDMC - CMS/button_Add' is clicked on

2018-05-21 12:54:14 - [MESSAGE][PASSED] - Object: 'Object Repository/Schedule7/Page_KDMC - CMS/button_Add' is clicked on

2018-05-21 12:54:14 - [TEST_STEP][PASSED] - selectOptionByIndex: All options with index in [7] are selected on object 'Object Repository/Schedule7/Page_KDMC - CMS/select_--Select--Schedule 1Inj'

2018-05-21 12:54:14 - [MESSAGE][PASSED] - All options with index in [7] are selected on object 'Object Repository/Schedule7/Page_KDMC - CMS/select_--Select--Schedule 1Inj'

2018-05-21 12:54:14 - [TEST_STEP][PASSED] - selectOptionByIndex: All options with index in [6] are selected on object 'Object Repository/Schedule7/Page_KDMC - CMS/select_--Select--Absorbable su'

2018-05-21 12:54:15 - [MESSAGE][PASSED] - All options with index in [6] are selected on object 'Object Repository/Schedule7/Page_KDMC - CMS/select_--Select--Absorbable su'

2018-05-21 12:54:15 - [TEST_STEP][PASSED] - setText: Text '5000' is set on object 'Object Repository/Schedule7/Page_KDMC - CMS/input_txttreat'

2018-05-21 12:54:15 - [MESSAGE][PASSED] - Text '5000' is set on object 'Object Repository/Schedule7/Page_KDMC - CMS/input_txttreat'

2018-05-21 12:54:15 - [TEST_STEP][PASSED] - delay: Delayed 1 second(s)

2018-05-21 12:54:16 - [MESSAGE][PASSED] - Delayed 1 second(s)

2018-05-21 12:54:16 - [TEST_STEP][PASSED] - click: Object: 'Object Repository/Schedule7/Page_KDMC - CMS/button_Add' is clicked on

2018-05-21 12:54:16 - [MESSAGE][PASSED] - Object: 'Object Repository/Schedule7/Page_KDMC - CMS/button_Add' is clicked on

2018-05-21 12:54:16 - [TEST_STEP][PASSED] - selectOptionByIndex: All options with index in [7] are selected on object 'Object Repository/Schedule7/Page_KDMC - CMS/select_--Select--Schedule 1Inj'

2018-05-21 12:54:16 - [MESSAGE][PASSED] - All options with index in [7] are selected on object 'Object Repository/Schedule7/Page_KDMC - CMS/select_--Select--Schedule 1Inj'

2018-05-21 12:54:16 - [TEST_STEP][PASSED] - selectOptionByIndex: All options with index in [7] are selected on object 'Object Repository/Schedule7/Page_KDMC - CMS/select_--Select--Absorbable su'

2018-05-21 12:54:17 - [MESSAGE][PASSED] - All options with index in [7] are selected on object 'Object Repository/Schedule7/Page_KDMC - CMS/select_--Select--Absorbable su'

2018-05-21 12:54:17 - [TEST_STEP][PASSED] - setText: Text '5000' is set on object 'Object Repository/Schedule7/Page_KDMC - CMS/input_txttreat'

2018-05-21 12:54:17 - [MESSAGE][PASSED] - Text '5000' is set on object 'Object Repository/Schedule7/Page_KDMC - CMS/input_txttreat'

2018-05-21 12:54:17 - [TEST_STEP][PASSED] - delay: Delayed 1 second(s)

2018-05-21 12:54:18 - [MESSAGE][PASSED] - Delayed 1 second(s)

2018-05-21 12:54:18 - [TEST_STEP][PASSED] - click: Object: 'Object Repository/Schedule7/Page_KDMC - CMS/button_Add' is clicked on

2018-05-21 12:54:18 - [MESSAGE][PASSED] - Object: 'Object Repository/Schedule7/Page_KDMC - CMS/button_Add' is clicked on

2018-05-21 12:54:18 - [TEST_STEP][PASSED] - selectOptionByIndex: All options with index in [7] are selected on object 'Object Repository/Schedule7/Page_KDMC - CMS/select_--Select--Schedule 1Inj'

2018-05-21 12:54:18 - [MESSAGE][PASSED] - All options with index in [7] are selected on object 'Object Repository/Schedule7/Page_KDMC - CMS/select_--Select--Schedule 1Inj'

2018-05-21 12:54:18 - [TEST_STEP][PASSED] - selectOptionByIndex: All options with index in [8] are selected on object 'Object Repository/Schedule7/Page_KDMC - CMS/select_--Select--Absorbable su'

2018-05-21 12:54:18 - [MESSAGE][PASSED] - All options with index in [8] are selected on object 'Object Repository/Schedule7/Page_KDMC - CMS/select_--Select--Absorbable su'

2018-05-21 12:54:18 - [TEST_STEP][PASSED] - setText: Text '5000' is set on object 'Object Repository/Schedule7/Page_KDMC - CMS/input_txttreat'

2018-05-21 12:54:18 - [MESSAGE][PASSED] - Text '5000' is set on object 'Object Repository/Schedule7/Page_KDMC - CMS/input_txttreat'

2018-05-21 12:54:18 - [TEST_STEP][PASSED] - delay: Delayed 1 second(s)

2018-05-21 12:54:19 - [MESSAGE][PASSED] - Delayed 1 second(s)

2018-05-21 12:54:19 - [TEST_STEP][PASSED] - click: Object: 'Object Repository/Schedule7/Page_KDMC - CMS/button_Add' is clicked on

2018-05-21 12:54:19 - [MESSAGE][PASSED] - Object: 'Object Repository/Schedule7/Page_KDMC - CMS/button_Add' is clicked on

2018-05-21 12:54:19 - [TEST_STEP][PASSED] - selectOptionByIndex: All options with index in [7] are selected on object 'Object Repository/Schedule7/Page_KDMC - CMS/select_--Select--Schedule 1Inj'

2018-05-21 12:54:20 - [MESSAGE][PASSED] - All options with index in [7] are selected on object 'Object Repository/Schedule7/Page_KDMC - CMS/select_--Select--Schedule 1Inj'

2018-05-21 12:54:20 - [TEST_STEP][PASSED] - selectOptionByIndex: All options with index in [9] are selected on object 'Object Repository/Schedule7/Page_KDMC - CMS/select_--Select--Absorbable su'

2018-05-21 12:54:20 - [MESSAGE][PASSED] - All options with index in [9] are selected on object 'Object Repository/Schedule7/Page_KDMC - CMS/select_--Select--Absorbable su'

2018-05-21 12:54:20 - [TEST_STEP][PASSED] - setText: Text '5000' is set on object 'Object Repository/Schedule7/Page_KDMC - CMS/input_txttreat'

2018-05-21 12:54:20 - [MESSAGE][PASSED] - Text '5000' is set on object 'Object Repository/Schedule7/Page_KDMC - CMS/input_txttreat'

2018-05-21 12:54:20 - [TEST_STEP][PASSED] - delay: Delayed 1 second(s)

2018-05-21 12:54:21 - [MESSAGE][PASSED] - Delayed 1 second(s)

2018-05-21 12:54:21 - [TEST_STEP][PASSED] - click: Object: 'Object Repository/Schedule7/Page_KDMC - CMS/button_Add' is clicked on

2018-05-21 12:54:21 - [MESSAGE][PASSED] - Object: 'Object Repository/Schedule7/Page_KDMC - CMS/button_Add' is clicked on

2018-05-21 12:54:21 - [TEST_STEP][PASSED] - selectOptionByIndex: All options with index in [7] are selected on object 'Object Repository/Schedule7/Page_KDMC - CMS/select_--Select--Schedule 1Inj'

2018-05-21 12:54:21 - [MESSAGE][PASSED] - All options with index in [7] are selected on object 'Object Repository/Schedule7/Page_KDMC - CMS/select_--Select--Schedule 1Inj'

2018-05-21 12:54:21 - [TEST_STEP][PASSED] - selectOptionByIndex: All options with index in [10] are selected on object 'Object Repository/Schedule7/Page_KDMC - CMS/select_--Select--Absorbable su'

2018-05-21 12:54:21 - [MESSAGE][PASSED] - All options with index in [10] are selected on object 'Object Repository/Schedule7/Page_KDMC - CMS/select_--Select--Absorbable su'

2018-05-21 12:54:21 - [TEST_STEP][PASSED] - setText: Text '5000' is set on object 'Object Repository/Schedule7/Page_KDMC - CMS/input_txttreat'

2018-05-21 12:54:21 - [MESSAGE][PASSED] - Text '5000' is set on object 'Object Repository/Schedule7/Page_KDMC - CMS/input_txttreat'

2018-05-21 12:54:21 - [TEST_STEP][PASSED] - delay: Delayed 1 second(s)

2018-05-21 12:54:22 - [MESSAGE][PASSED] - Delayed 1 second(s)

2018-05-21 12:54:22 - [TEST_STEP][PASSED] - click: Object: 'Object Repository/Schedule7/Page_KDMC - CMS/button_Add' is clicked on

2018-05-21 12:54:23 - [MESSAGE][PASSED] - Object: 'Object Repository/Schedule7/Page_KDMC - CMS/button_Add' is clicked on

2018-05-21 12:54:23 - [TEST_STEP][PASSED] - selectOptionByIndex: All options with index in [7] are selected on object 'Object Repository/Schedule7/Page_KDMC - CMS/select_--Select--Schedule 1Inj'

2018-05-21 12:54:23 - [MESSAGE][PASSED] - All options with index in [7] are selected on object 'Object Repository/Schedule7/Page_KDMC - CMS/select_--Select--Schedule 1Inj'

2018-05-21 12:54:23 - [TEST_STEP][PASSED] - selectOptionByIndex: All options with index in [11] are selected on object 'Object Repository/Schedule7/Page_KDMC - CMS/select_--Select--Absorbable su'

2018-05-21 12:54:23 - [MESSAGE][PASSED] - All options with index in [11] are selected on object 'Object Repository/Schedule7/Page_KDMC - CMS/select_--Select--Absorbable su'

2018-05-21 12:54:23 - [TEST_STEP][PASSED] - setText: Text '5000' is set on object 'Object Repository/Schedule7/Page_KDMC - CMS/input_txttreat'

2018-05-21 12:54:23 - [MESSAGE][PASSED] - Text '5000' is set on object 'Object Repository/Schedule7/Page_KDMC - CMS/input_txttreat'

2018-05-21 12:54:23 - [TEST_STEP][PASSED] - delay: Delayed 1 second(s)

2018-05-21 12:54:24 - [MESSAGE][PASSED] - Delayed 1 second(s)

2018-05-21 12:54:24 - [TEST_STEP][PASSED] - click: Object: 'Object Repository/Schedule7/Page_KDMC - CMS/button_Add' is clicked on

2018-05-21 12:54:24 - [MESSAGE][PASSED] - Object: 'Object Repository/Schedule7/Page_KDMC - CMS/button_Add' is clicked on

2018-05-21 12:54:24 - [TEST_STEP][PASSED] - selectOptionByIndex: All options with index in [7] are selected on object 'Object Repository/Schedule7/Page_KDMC - CMS/select_--Select--Schedule 1Inj'

2018-05-21 12:54:24 - [MESSAGE][PASSED] - All options with index in [7] are selected on object 'Object Repository/Schedule7/Page_KDMC - CMS/select_--Select--Schedule 1Inj'

2018-05-21 12:54:24 - [TEST_STEP][PASSED] - selectOptionByIndex: All options with index in [12] are selected on object 'Object Repository/Schedule7/Page_KDMC - CMS/select_--Select--Absorbable su'

2018-05-21 12:54:25 - [MESSAGE][PASSED] - All options with index in [12] are selected on object 'Object Repository/Schedule7/Page_KDMC - CMS/select_--Select--Absorbable su'

2018-05-21 12:54:25 - [TEST_STEP][PASSED] - setText: Text '5000' is set on object 'Object Repository/Schedule7/Page_KDMC - CMS/input_txttreat'

2018-05-21 12:54:25 - [MESSAGE][PASSED] - Text '5000' is set on object 'Object Repository/Schedule7/Page_KDMC - CMS/input_txttreat'

2018-05-21 12:54:25 - [TEST_STEP][PASSED] - delay: Delayed 1 second(s)

2018-05-21 12:54:26 - [MESSAGE][PASSED] - Delayed 1 second(s)

2018-05-21 12:54:26 - [TEST_STEP][PASSED] - click: Object: 'Object Repository/Schedule7/Page_KDMC - CMS/button_Add' is clicked on

2018-05-21 12:54:26 - [MESSAGE][PASSED] - Object: 'Object Repository/Schedule7/Page_KDMC - CMS/button_Add' is clicked on

2018-05-21 12:54:26 - [TEST_STEP][PASSED] - selectOptionByIndex: All options with index in [7] are selected on object 'Object Repository/Schedule7/Page_KDMC - CMS/select_--Select--Schedule 1Inj'

2018-05-21 12:54:26 - [MESSAGE][PASSED] - All options with index in [7] are selected on object 'Object Repository/Schedule7/Page_KDMC - CMS/select_--Select--Schedule 1Inj'

2018-05-21 12:54:26 - [TEST_STEP][PASSED] - selectOptionByIndex: All options with index in [13] are selected on object 'Object Repository/Schedule7/Page_KDMC - CMS/select_--Select--Absorbable su'

2018-05-21 12:54:26 - [MESSAGE][PASSED] - All options with index in [13] are selected on object 'Object Repository/Schedule7/Page_KDMC - CMS/select_--Select--Absorbable su'

2018-05-21 12:54:26 - [TEST_STEP][PASSED] - setText: Text '5000' is set on object 'Object Repository/Schedule7/Page_KDMC - CMS/input_txttreat'

2018-05-21 12:54:26 - [MESSAGE][PASSED] - Text '5000' is set on object 'Object Repository/Schedule7/Page_KDMC - CMS/input_txttreat'

2018-05-21 12:54:26 - [TEST_STEP][PASSED] - delay: Delayed 1 second(s)

2018-05-21 12:54:27 - [MESSAGE][PASSED] - Delayed 1 second(s)

2018-05-21 12:54:27 - [TEST_STEP][PASSED] - click: Object: 'Object Repository/Schedule7/Page_KDMC - CMS/button_Add' is clicked on

2018-05-21 12:54:27 - [MESSAGE][PASSED] - Object: 'Object Repository/Schedule7/Page_KDMC - CMS/button_Add' is clicked on

2018-05-21 12:54:27 - [TEST_STEP][PASSED] - selectOptionByIndex: All options with index in [7] are selected on object 'Object Repository/Schedule7/Page_KDMC - CMS/select_--Select--Schedule 1Inj'

2018-05-21 12:54:28 - [MESSAGE][PASSED] - All options with index in [7] are selected on object 'Object Repository/Schedule7/Page_KDMC - CMS/select_--Select--Schedule 1Inj'

2018-05-21 12:54:28 - [TEST_STEP][PASSED] - selectOptionByIndex: All options with index in [14] are selected on object 'Object Repository/Schedule7/Page_KDMC - CMS/select_--Select--Absorbable su'

2018-05-21 12:54:28 - [MESSAGE][PASSED] - All options with index in [14] are selected on object 'Object Repository/Schedule7/Page_KDMC - CMS/select_--Select--Absorbable su'

2018-05-21 12:54:28 - [TEST_STEP][PASSED] - setText: Text '5000' is set on object 'Object Repository/Schedule7/Page_KDMC - CMS/input_txttreat'

2018-05-21 12:54:28 - [MESSAGE][PASSED] - Text '5000' is set on object 'Object Repository/Schedule7/Page_KDMC - CMS/input_txttreat'

2018-05-21 12:54:28 - [TEST_STEP][PASSED] - delay: Delayed 1 second(s)

2018-05-21 12:54:29 - [MESSAGE][PASSED] - Delayed 1 second(s)

2018-05-21 12:54:29 - [TEST_STEP][PASSED] - click: Object: 'Object Repository/Schedule7/Page_KDMC - CMS/button_Add' is clicked on

2018-05-21 12:54:29 - [MESSAGE][PASSED] - Object: 'Object Repository/Schedule7/Page_KDMC - CMS/button_Add' is clicked on

2018-05-21 12:54:29 - [TEST_STEP][PASSED] - selectOptionByIndex: All options with index in [7] are selected on object 'Object Repository/Schedule7/Page_KDMC - CMS/select_--Select--Schedule 1Inj'

2018-05-21 12:54:29 - [MESSAGE][PASSED] - All options with index in [7] are selected on object 'Object Repository/Schedule7/Page_KDMC - CMS/select_--Select--Schedule 1Inj'

2018-05-21 12:54:29 - [TEST_STEP][PASSED] - selectOptionByIndex: All options with index in [15] are selected on object 'Object Repository/Schedule7/Page_KDMC - CMS/select_--Select--Absorbable su'

2018-05-21 12:54:29 - [MESSAGE][PASSED] - All options with index in [15] are selected on object 'Object Repository/Schedule7/Page_KDMC - CMS/select_--Select--Absorbable su'

2018-05-21 12:54:29 - [TEST_STEP][PASSED] - setText: Text '5000' is set on object 'Object Repository/Schedule7/Page_KDMC - CMS/input_txttreat'

2018-05-21 12:54:30 - [MESSAGE][PASSED] - Text '5000' is set on object 'Object Repository/Schedule7/Page_KDMC - CMS/input_txttreat'

2018-05-21 12:54:30 - [TEST_STEP][PASSED] - delay: Delayed 1 second(s)

2018-05-21 12:54:31 - [MESSAGE][PASSED] - Delayed 1 second(s)

2018-05-21 12:54:31 - [TEST_STEP][PASSED] - click: Object: 'Object Repository/Schedule7/Page_KDMC - CMS/button_Add' is clicked on

2018-05-21 12:54:31 - [MESSAGE][PASSED] - Object: 'Object Repository/Schedule7/Page_KDMC - CMS/button_Add' is clicked on

2018-05-21 12:54:31 - [TEST_STEP][PASSED] - selectOptionByIndex: All options with index in [7] are selected on object 'Object Repository/Schedule7/Page_KDMC - CMS/select_--Select--Schedule 1Inj'

2018-05-21 12:54:31 - [MESSAGE][PASSED] - All options with index in [7] are selected on object 'Object Repository/Schedule7/Page_KDMC - CMS/select_--Select--Schedule 1Inj'

2018-05-21 12:54:31 - [TEST_STEP][PASSED] - selectOptionByIndex: All options with index in [16] are selected on object 'Object Repository/Schedule7/Page_KDMC - CMS/select_--Select--Absorbable su'

2018-05-21 12:54:31 - [MESSAGE][PASSED] - All options with index in [16] are selected on object 'Object Repository/Schedule7/Page_KDMC - CMS/select_--Select--Absorbable su'

2018-05-21 12:54:31 - [TEST_STEP][PASSED] - setText: Text '5000' is set on object 'Object Repository/Schedule7/Page_KDMC - CMS/input_txttreat'

2018-05-21 12:54:31 - [MESSAGE][PASSED] - Text '5000' is set on object 'Object Repository/Schedule7/Page_KDMC - CMS/input_txttreat'

2018-05-21 12:54:31 - [TEST_STEP][PASSED] - delay: Delayed 1 second(s)

2018-05-21 12:54:32 - [MESSAGE][PASSED] - Delayed 1 second(s)

2018-05-21 12:54:32 - [TEST_STEP][PASSED] - click: Object: 'Object Repository/Schedule7/Page_KDMC - CMS/button_Add' is clicked on

2018-05-21 12:54:32 - [MESSAGE][PASSED] - Object: 'Object Repository/Schedule7/Page_KDMC - CMS/button_Add' is clicked on

2018-05-21 12:54:32 - [TEST_STEP][PASSED] - selectOptionByIndex: All options with index in [7] are selected on object 'Object Repository/Schedule7/Page_KDMC - CMS/select_--Select--Schedule 1Inj'

2018-05-21 12:54:32 - [MESSAGE][PASSED] - All options with index in [7] are selected on object 'Object Repository/Schedule7/Page_KDMC - CMS/select_--Select--Schedule 1Inj'

2018-05-21 12:54:32 - [TEST_STEP][PASSED] - selectOptionByIndex: All options with index in [17] are selected on object 'Object Repository/Schedule7/Page_KDMC - CMS/select_--Select--Absorbable su'

2018-05-21 12:54:33 - [MESSAGE][PASSED] - All options with index in [17] are selected on object 'Object Repository/Schedule7/Page_KDMC - CMS/select_--Select--Absorbable su'

2018-05-21 12:54:33 - [TEST_STEP][PASSED] - setText: Text '5000' is set on object 'Object Repository/Schedule7/Page_KDMC - CMS/input_txttreat'

2018-05-21 12:54:33 - [MESSAGE][PASSED] - Text '5000' is set on object 'Object Repository/Schedule7/Page_KDMC - CMS/input_txttreat'

2018-05-21 12:54:33 - [TEST_STEP][PASSED] - delay: Delayed 1 second(s)

2018-05-21 12:54:34 - [MESSAGE][PASSED] - Delayed 1 second(s)

2018-05-21 12:54:34 - [TEST_STEP][PASSED] - click: Object: 'Object Repository/Schedule7/Page_KDMC - CMS/button_Add' is clicked on

2018-05-21 12:54:34 - [MESSAGE][PASSED] - Object: 'Object Repository/Schedule7/Page_KDMC - CMS/button_Add' is clicked on

2018-05-21 12:54:34 - [TEST_STEP][PASSED] - selectOptionByIndex: All options with index in [7] are selected on object 'Object Repository/Schedule7/Page_KDMC - CMS/select_--Select--Schedule 1Inj'

2018-05-21 12:54:35 - [MESSAGE][PASSED] - All options with index in [7] are selected on object 'Object Repository/Schedule7/Page_KDMC - CMS/select_--Select--Schedule 1Inj'

2018-05-21 12:54:35 - [TEST_STEP][PASSED] - selectOptionByIndex: All options with index in [18] are selected on object 'Object Repository/Schedule7/Page_KDMC - CMS/select_--Select--Absorbable su'

2018-05-21 12:54:36 - [MESSAGE][PASSED] - All options with index in [18] are selected on object 'Object Repository/Schedule7/Page_KDMC - CMS/select_--Select--Absorbable su'

2018-05-21 12:54:36 - [TEST_STEP][PASSED] - setText: Text '5000' is set on object 'Object Repository/Schedule7/Page_KDMC - CMS/input_txttreat'

2018-05-21 12:54:36 - [MESSAGE][PASSED] - Text '5000' is set on object 'Object Repository/Schedule7/Page_KDMC - CMS/input_txttreat'

2018-05-21 12:54:36 - [TEST_STEP][PASSED] - delay: Delayed 1 second(s)

2018-05-21 12:54:37 - [MESSAGE][PASSED] - Delayed 1 second(s)

2018-05-21 12:54:37 - [TEST_STEP][PASSED] - click: Object: 'Object Repository/Schedule7/Page_KDMC - CMS/button_Add' is clicked on

2018-05-21 12:54:37 - [MESSAGE][PASSED] - Object: 'Object Repository/Schedule7/Page_KDMC - CMS/button_Add' is clicked on

2018-05-21 12:54:37 - [TEST_STEP][PASSED] - selectOptionByIndex: All options with index in [7] are selected on object 'Object Repository/Schedule7/Page_KDMC - CMS/select_--Select--Schedule 1Inj'

2018-05-21 12:54:37 - [MESSAGE][PASSED] - All options with index in [7] are selected on object 'Object Repository/Schedule7/Page_KDMC - CMS/select_--Select--Schedule 1Inj'

2018-05-21 12:54:37 - [TEST_STEP][PASSED] - selectOptionByIndex: All options with index in [19] are selected on object 'Object Repository/Schedule7/Page_KDMC - CMS/select_--Select--Absorbable su'

2018-05-21 12:54:37 - [MESSAGE][PASSED] - All options with index in [19] are selected on object 'Object Repository/Schedule7/Page_KDMC - CMS/select_--Select--Absorbable su'

2018-05-21 12:54:37 - [TEST_STEP][PASSED] - setText: Text '5000' is set on object 'Object Repository/Schedule7/Page_KDMC - CMS/input_txttreat'

2018-05-21 12:54:37 - [MESSAGE][PASSED] - Text '5000' is set on object 'Object Repository/Schedule7/Page_KDMC - CMS/input_txttreat'

2018-05-21 12:54:37 - [TEST_STEP][PASSED] - delay: Delayed 1 second(s)

2018-05-21 12:54:38 - [MESSAGE][PASSED] - Delayed 1 second(s)

2018-05-21 12:54:38 - [TEST_STEP][PASSED] - click: Object: 'Object Repository/Schedule7/Page_KDMC - CMS/button_Add' is clicked on

2018-05-21 12:54:38 - [MESSAGE][PASSED] - Object: 'Object Repository/Schedule7/Page_KDMC - CMS/button_Add' is clicked on

2018-05-21 12:54:38 - [TEST_STEP][PASSED] - selectOptionByIndex: All options with index in [7] are selected on object 'Object Repository/Schedule7/Page_KDMC - CMS/select_--Select--Schedule 1Inj'

2018-05-21 12:54:39 - [MESSAGE][PASSED] - All options with index in [7] are selected on object 'Object Repository/Schedule7/Page_KDMC - CMS/select_--Select--Schedule 1Inj'

2018-05-21 12:54:39 - [TEST_STEP][PASSED] - selectOptionByIndex: All options with index in [20] are selected on object 'Object Repository/Schedule7/Page_KDMC - CMS/select_--Select--Absorbable su'

2018-05-21 12:54:39 - [MESSAGE][PASSED] - All options with index in [20] are selected on object 'Object Repository/Schedule7/Page_KDMC - CMS/select_--Select--Absorbable su'

2018-05-21 12:54:39 - [TEST_STEP][PASSED] - setText: Text '5000' is set on object 'Object Repository/Schedule7/Page_KDMC - CMS/input_txttreat'

2018-05-21 12:54:39 - [MESSAGE][PASSED] - Text '5000' is set on object 'Object Repository/Schedule7/Page_KDMC - CMS/input_txttreat'

2018-05-21 12:54:39 - [TEST_STEP][PASSED] - delay: Delayed 1 second(s)

2018-05-21 12:54:40 - [MESSAGE][PASSED] - Delayed 1 second(s)

2018-05-21 12:54:40 - [TEST_STEP][PASSED] - click: Object: 'Object Repository/Schedule7/Page_KDMC - CMS/button_Add' is clicked on

2018-05-21 12:54:40 - [MESSAGE][PASSED] - Object: 'Object Repository/Schedule7/Page_KDMC - CMS/button_Add' is clicked on

2018-05-21 12:54:40 - [TEST_STEP][PASSED] - selectOptionByIndex: All options with index in [7] are selected on object 'Object Repository/Schedule7/Page_KDMC - CMS/select_--Select--Schedule 1Inj'

2018-05-21 12:54:40 - [MESSAGE][PASSED] - All options with index in [7] are selected on object 'Object Repository/Schedule7/Page_KDMC - CMS/select_--Select--Schedule 1Inj'

2018-05-21 12:54:40 - [TEST_STEP][PASSED] - selectOptionByIndex: All options with index in [21] are selected on object 'Object Repository/Schedule7/Page_KDMC - CMS/select_--Select--Absorbable su'

2018-05-21 12:54:41 - [MESSAGE][PASSED] - All options with index in [21] are selected on object 'Object Repository/Schedule7/Page_KDMC - CMS/select_--Select--Absorbable su'

2018-05-21 12:54:41 - [TEST_STEP][PASSED] - setText: Text '5000' is set on object 'Object Repository/Schedule7/Page_KDMC - CMS/input_txttreat'

2018-05-21 12:54:41 - [MESSAGE][PASSED] - Text '5000' is set on object 'Object Repository/Schedule7/Page_KDMC - CMS/input_txttreat'

2018-05-21 12:54:41 - [TEST_STEP][PASSED] - delay: Delayed 1 second(s)

2018-05-21 12:54:42 - [MESSAGE][PASSED] - Delayed 1 second(s)

2018-05-21 12:54:42 - [TEST_STEP][PASSED] - click: Object: 'Object Repository/Schedule7/Page_KDMC - CMS/button_Add' is clicked on

2018-05-21 12:54:42 - [MESSAGE][PASSED] - Object: 'Object Repository/Schedule7/Page_KDMC - CMS/button_Add' is clicked on

2018-05-21 12:54:42 - [TEST_STEP][PASSED] - selectOptionByIndex: All options with index in [7] are selected on object 'Object Repository/Schedule7/Page_KDMC - CMS/select_--Select--Schedule 1Inj'

2018-05-21 12:54:42 - [MESSAGE][PASSED] - All options with index in [7] are selected on object 'Object Repository/Schedule7/Page_KDMC - CMS/select_--Select--Schedule 1Inj'

2018-05-21 12:54:42 - [TEST_STEP][PASSED] - selectOptionByIndex: All options with index in [22] are selected on object 'Object Repository/Schedule7/Page_KDMC - CMS/select_--Select--Absorbable su'

2018-05-21 12:54:42 - [MESSAGE][PASSED] - All options with index in [22] are selected on object 'Object Repository/Schedule7/Page_KDMC - CMS/select_--Select--Absorbable su'

2018-05-21 12:54:42 - [TEST_STEP][PASSED] - setText: Text '5000' is set on object 'Object Repository/Schedule7/Page_KDMC - CMS/input_txttreat'

2018-05-21 12:54:42 - [MESSAGE][PASSED] - Text '5000' is set on object 'Object Repository/Schedule7/Page_KDMC - CMS/input_txttreat'

2018-05-21 12:54:42 - [TEST_STEP][PASSED] - delay: Delayed 1 second(s)

2018-05-21 12:54:43 - [MESSAGE][PASSED] - Delayed 1 second(s)

2018-05-21 12:54:43 - [TEST_STEP][PASSED] - click: Object: 'Object Repository/Schedule7/Page_KDMC - CMS/button_Add' is clicked on

2018-05-21 12:54:44 - [MESSAGE][PASSED] - Object: 'Object Repository/Schedule7/Page_KDMC - CMS/button_Add' is clicked on

2018-05-21 12:54:44 - [TEST_STEP][PASSED] - selectOptionByIndex: All options with index in [7] are selected on object 'Object Repository/Schedule7/Page_KDMC - CMS/select_--Select--Schedule 1Inj'

2018-05-21 12:54:44 - [MESSAGE][PASSED] - All options with index in [7] are selected on object 'Object Repository/Schedule7/Page_KDMC - CMS/select_--Select--Schedule 1Inj'

2018-05-21 12:54:44 - [TEST_STEP][PASSED] - selectOptionByIndex: All options with index in [23] are selected on object 'Object Repository/Schedule7/Page_KDMC - CMS/select_--Select--Absorbable su'

2018-05-21 12:54:45 - [MESSAGE][PASSED] - All options with index in [23] are selected on object 'Object Repository/Schedule7/Page_KDMC - CMS/select_--Select--Absorbable su'

2018-05-21 12:54:45 - [TEST_STEP][PASSED] - setText: Text '5000' is set on object 'Object Repository/Schedule7/Page_KDMC - CMS/input_txttreat'

2018-05-21 12:54:45 - [MESSAGE][PASSED] - Text '5000' is set on object 'Object Repository/Schedule7/Page_KDMC - CMS/input_txttreat'

2018-05-21 12:54:45 - [TEST_STEP][PASSED] - delay: Delayed 1 second(s)

2018-05-21 12:54:46 - [MESSAGE][PASSED] - Delayed 1 second(s)

2018-05-21 12:54:46 - [TEST_STEP][PASSED] - click: Object: 'Object Repository/Schedule7/Page_KDMC - CMS/button_Add' is clicked on

2018-05-21 12:54:46 - [MESSAGE][PASSED] - Object: 'Object Repository/Schedule7/Page_KDMC - CMS/button_Add' is clicked on

2018-05-21 12:54:46 - [TEST_STEP][PASSED] - scrollToElement: Scroll to object 'Object Repository/Schedule7/Page_KDMC - CMS/input_btnsave' successfully

2018-05-21 12:54:46 - [MESSAGE][PASSED] - Scroll to object 'Object Repository/Schedule7/Page_KDMC - CMS/input_btnsave' successfully

2018-05-21 12:54:46 - [TEST_STEP][PASSED] - click: Object: 'Object Repository/Schedule7/Page_KDMC - CMS/input_btnsave' is clicked on

2018-05-21 12:54:46 - [MESSAGE][PASSED] - Object: 'Object Repository/Schedule7/Page_KDMC - CMS/input_btnsave' is clicked on

2018-05-21 12:54:46 - [TEST_STEP][PASSED] - waitForElementPresent: Object 'Object Repository/Schedule7/Page_KDMC - CMS/button_OK' is present

2018-05-21 12:54:47 - [MESSAGE][PASSED] - Object 'Object Repository/Schedule7/Page_KDMC - CMS/button_OK' is present

2018-05-21 12:54:47 - [TEST_STEP][PASSED] - click: Object: 'Object Repository/Schedule7/Page_KDMC - CMS/button_OK' is clicked on

2018-05-21 12:54:47 - [MESSAGE][PASSED] - Object: 'Object Repository/Schedule7/Page_KDMC - CMS/button_OK' is clicked on

2018-05-21 12:54:47 - [TEST_STEP][PASSED] - delay: Delayed 3 second(s)

2018-05-21 12:54:50 - [MESSAGE][PASSED] - Delayed 3 second(s)

2018-05-21 12:54:50 - [TEST_STEP][PASSED] - click: Object: 'Object Repository/Schedule7/Page_KDMC - CMS/a_dropdown-toggle' is clicked on

2018-05-21 12:54:50 - [MESSAGE][PASSED] - Object: 'Object Repository/Schedule7/Page_KDMC - CMS/a_dropdown-toggle' is clicked on

2018-05-21 12:54:50 - [TEST_STEP][PASSED] - click: Object: 'Object Repository/Schedule7/Page_KDMC - CMS/a_Sign out' is clicked on

2018-05-21 12:54:50 - [MESSAGE][PASSED] - Object: 'Object Repository/Schedule7/Page_KDMC - CMS/a_Sign out' is clicked on

2018-05-21 12:54:50 - [TEST_STEP][PASSED] - closeBrowser: Browser is closed

2018-05-21 12:54:51 - [MESSAGE][PASSED] - Browser is closed]]></system-out>
         <system-err><![CDATA[]]></system-err>
      </testcase>
      <testcase name="Test Cases/TEST/MOH TO CMS REQUEST TEST CASES/MohRequestSchedule8" classname="Test Cases/TEST/MOH TO CMS REQUEST TEST CASES/MohRequestSchedule8" status="PASSED">
         <system-out><![CDATA[2018-05-21 12:54:51 - [TEST_CASE][PASSED] - Test Cases/TEST/MOH TO CMS REQUEST TEST CASES/MohRequestSchedule8: Test Cases/TEST/MOH TO CMS REQUEST TEST CASES/MohRequestSchedule8

2018-05-21 12:54:51 - [TEST_STEP][PASSED] - openBrowser: Browser is opened with url: ''

2018-05-21 12:54:53 - [MESSAGE][PASSED] - Browser is opened with url: ''

2018-05-21 12:54:53 - [TEST_STEP][PASSED] - navigateToUrl: Navigate to 'http://192.168.137.1/multihospital_new/' successfully

2018-05-21 12:54:56 - [MESSAGE][PASSED] - Navigate to 'http://192.168.137.1/multihospital_new/' successfully

2018-05-21 12:54:56 - [TEST_STEP][PASSED] - maximizeWindow: Current window maximized

2018-05-21 12:54:57 - [MESSAGE][PASSED] - Current window maximized

2018-05-21 12:54:57 - [TEST_STEP][PASSED] - click: Object: 'Object Repository/Schedule8/Page_KDMC/a_CMS' is clicked on

2018-05-21 12:54:57 - [MESSAGE][PASSED] - Object: 'Object Repository/Schedule8/Page_KDMC/a_CMS' is clicked on

2018-05-21 12:54:57 - [TEST_STEP][PASSED] - setText: Text 'bala' is set on object 'Object Repository/Schedule8/Page_CMS login/input_txtusername'

2018-05-21 12:54:58 - [MESSAGE][PASSED] - Text 'bala' is set on object 'Object Repository/Schedule8/Page_CMS login/input_txtusername'

2018-05-21 12:54:58 - [TEST_STEP][PASSED] - setText: Text '123' is set on object 'Object Repository/Schedule8/Page_CMS login/input_txtpassword'

2018-05-21 12:54:58 - [MESSAGE][PASSED] - Text '123' is set on object 'Object Repository/Schedule8/Page_CMS login/input_txtpassword'

2018-05-21 12:54:58 - [TEST_STEP][PASSED] - delay: Delayed 3 second(s)

2018-05-21 12:55:01 - [MESSAGE][PASSED] - Delayed 3 second(s)

2018-05-21 12:55:01 - [TEST_STEP][PASSED] - click: Object: 'Object Repository/Schedule8/Page_CMS login/button_Sign in' is clicked on

2018-05-21 12:55:02 - [MESSAGE][PASSED] - Object: 'Object Repository/Schedule8/Page_CMS login/button_Sign in' is clicked on

2018-05-21 12:55:02 - [TEST_STEP][PASSED] - click: Object: 'Object Repository/Schedule8/Page_KDMC - CMS/a_Request to MOH' is clicked on

2018-05-21 12:55:02 - [MESSAGE][PASSED] - Object: 'Object Repository/Schedule8/Page_KDMC - CMS/a_Request to MOH' is clicked on

2018-05-21 12:55:02 - [TEST_STEP][PASSED] - selectOptionByIndex: All options with index in [2] are selected on object 'Object Repository/Schedule8/Page_KDMC - CMS/select_--Select--'

2018-05-21 12:55:03 - [MESSAGE][PASSED] - All options with index in [2] are selected on object 'Object Repository/Schedule8/Page_KDMC - CMS/select_--Select--'

2018-05-21 12:55:03 - [TEST_STEP][PASSED] - selectOptionByIndex: All options with index in [8] are selected on object 'Object Repository/Schedule8/Page_KDMC - CMS/select_--Select--Schedule 1Inj'

2018-05-21 12:55:03 - [MESSAGE][PASSED] - All options with index in [8] are selected on object 'Object Repository/Schedule8/Page_KDMC - CMS/select_--Select--Schedule 1Inj'

2018-05-21 12:55:03 - [TEST_STEP][PASSED] - Statement - SelectedOption = com.kms.katalon.core.webui.keyword.WebUiBuiltInKeywords.getNumberOfTotalOption(com.kms.katalon.core.testobject.ObjectRepository.findTestObject(Schedule8/Page_KDMC - CMS/select_--Select--Disposable de)): 18 options of object 'Object Repository/Schedule8/Page_KDMC - CMS/select_--Select--Disposable de' counted

2018-05-21 12:55:03 - [MESSAGE][PASSED] - 18 options of object 'Object Repository/Schedule8/Page_KDMC - CMS/select_--Select--Disposable de' counted

2018-05-21 12:55:03 - [TEST_STEP][PASSED] - Statement - For ([r = 1, r < SelectedOption, (r++)]): Object: 'Object Repository/Schedule8/Page_KDMC - CMS/button_Add' is clicked on

2018-05-21 12:55:03 - [TEST_STEP][PASSED] - selectOptionByIndex: All options with index in [8] are selected on object 'Object Repository/Schedule8/Page_KDMC - CMS/select_--Select--Schedule 1Inj'

2018-05-21 12:55:03 - [MESSAGE][PASSED] - All options with index in [8] are selected on object 'Object Repository/Schedule8/Page_KDMC - CMS/select_--Select--Schedule 1Inj'

2018-05-21 12:55:03 - [TEST_STEP][PASSED] - selectOptionByIndex: All options with index in [1] are selected on object 'Object Repository/Schedule8/Page_KDMC - CMS/select_--Select--Disposable de'

2018-05-21 12:55:03 - [MESSAGE][PASSED] - All options with index in [1] are selected on object 'Object Repository/Schedule8/Page_KDMC - CMS/select_--Select--Disposable de'

2018-05-21 12:55:03 - [TEST_STEP][PASSED] - setText: Text '5000' is set on object 'Object Repository/Schedule8/Page_KDMC - CMS/input_txttreat'

2018-05-21 12:55:03 - [MESSAGE][PASSED] - Text '5000' is set on object 'Object Repository/Schedule8/Page_KDMC - CMS/input_txttreat'

2018-05-21 12:55:03 - [TEST_STEP][PASSED] - click: Object: 'Object Repository/Schedule8/Page_KDMC - CMS/button_Add' is clicked on

2018-05-21 12:55:03 - [MESSAGE][PASSED] - Object: 'Object Repository/Schedule8/Page_KDMC - CMS/button_Add' is clicked on

2018-05-21 12:55:03 - [TEST_STEP][PASSED] - selectOptionByIndex: All options with index in [8] are selected on object 'Object Repository/Schedule8/Page_KDMC - CMS/select_--Select--Schedule 1Inj'

2018-05-21 12:55:03 - [MESSAGE][PASSED] - All options with index in [8] are selected on object 'Object Repository/Schedule8/Page_KDMC - CMS/select_--Select--Schedule 1Inj'

2018-05-21 12:55:03 - [TEST_STEP][PASSED] - selectOptionByIndex: All options with index in [2] are selected on object 'Object Repository/Schedule8/Page_KDMC - CMS/select_--Select--Disposable de'

2018-05-21 12:55:04 - [MESSAGE][PASSED] - All options with index in [2] are selected on object 'Object Repository/Schedule8/Page_KDMC - CMS/select_--Select--Disposable de'

2018-05-21 12:55:04 - [TEST_STEP][PASSED] - setText: Text '5000' is set on object 'Object Repository/Schedule8/Page_KDMC - CMS/input_txttreat'

2018-05-21 12:55:04 - [MESSAGE][PASSED] - Text '5000' is set on object 'Object Repository/Schedule8/Page_KDMC - CMS/input_txttreat'

2018-05-21 12:55:04 - [TEST_STEP][PASSED] - click: Object: 'Object Repository/Schedule8/Page_KDMC - CMS/button_Add' is clicked on

2018-05-21 12:55:04 - [MESSAGE][PASSED] - Object: 'Object Repository/Schedule8/Page_KDMC - CMS/button_Add' is clicked on

2018-05-21 12:55:04 - [TEST_STEP][PASSED] - selectOptionByIndex: All options with index in [8] are selected on object 'Object Repository/Schedule8/Page_KDMC - CMS/select_--Select--Schedule 1Inj'

2018-05-21 12:55:04 - [MESSAGE][PASSED] - All options with index in [8] are selected on object 'Object Repository/Schedule8/Page_KDMC - CMS/select_--Select--Schedule 1Inj'

2018-05-21 12:55:04 - [TEST_STEP][PASSED] - selectOptionByIndex: All options with index in [3] are selected on object 'Object Repository/Schedule8/Page_KDMC - CMS/select_--Select--Disposable de'

2018-05-21 12:55:04 - [MESSAGE][PASSED] - All options with index in [3] are selected on object 'Object Repository/Schedule8/Page_KDMC - CMS/select_--Select--Disposable de'

2018-05-21 12:55:04 - [TEST_STEP][PASSED] - setText: Text '5000' is set on object 'Object Repository/Schedule8/Page_KDMC - CMS/input_txttreat'

2018-05-21 12:55:04 - [MESSAGE][PASSED] - Text '5000' is set on object 'Object Repository/Schedule8/Page_KDMC - CMS/input_txttreat'

2018-05-21 12:55:04 - [TEST_STEP][PASSED] - click: Object: 'Object Repository/Schedule8/Page_KDMC - CMS/button_Add' is clicked on

2018-05-21 12:55:04 - [MESSAGE][PASSED] - Object: 'Object Repository/Schedule8/Page_KDMC - CMS/button_Add' is clicked on

2018-05-21 12:55:04 - [TEST_STEP][PASSED] - selectOptionByIndex: All options with index in [8] are selected on object 'Object Repository/Schedule8/Page_KDMC - CMS/select_--Select--Schedule 1Inj'

2018-05-21 12:55:04 - [MESSAGE][PASSED] - All options with index in [8] are selected on object 'Object Repository/Schedule8/Page_KDMC - CMS/select_--Select--Schedule 1Inj'

2018-05-21 12:55:04 - [TEST_STEP][PASSED] - selectOptionByIndex: All options with index in [4] are selected on object 'Object Repository/Schedule8/Page_KDMC - CMS/select_--Select--Disposable de'

2018-05-21 12:55:05 - [MESSAGE][PASSED] - All options with index in [4] are selected on object 'Object Repository/Schedule8/Page_KDMC - CMS/select_--Select--Disposable de'

2018-05-21 12:55:05 - [TEST_STEP][PASSED] - setText: Text '5000' is set on object 'Object Repository/Schedule8/Page_KDMC - CMS/input_txttreat'

2018-05-21 12:55:05 - [MESSAGE][PASSED] - Text '5000' is set on object 'Object Repository/Schedule8/Page_KDMC - CMS/input_txttreat'

2018-05-21 12:55:05 - [TEST_STEP][PASSED] - click: Object: 'Object Repository/Schedule8/Page_KDMC - CMS/button_Add' is clicked on

2018-05-21 12:55:05 - [MESSAGE][PASSED] - Object: 'Object Repository/Schedule8/Page_KDMC - CMS/button_Add' is clicked on

2018-05-21 12:55:05 - [TEST_STEP][PASSED] - selectOptionByIndex: All options with index in [8] are selected on object 'Object Repository/Schedule8/Page_KDMC - CMS/select_--Select--Schedule 1Inj'

2018-05-21 12:55:05 - [MESSAGE][PASSED] - All options with index in [8] are selected on object 'Object Repository/Schedule8/Page_KDMC - CMS/select_--Select--Schedule 1Inj'

2018-05-21 12:55:05 - [TEST_STEP][PASSED] - selectOptionByIndex: All options with index in [5] are selected on object 'Object Repository/Schedule8/Page_KDMC - CMS/select_--Select--Disposable de'

2018-05-21 12:55:05 - [MESSAGE][PASSED] - All options with index in [5] are selected on object 'Object Repository/Schedule8/Page_KDMC - CMS/select_--Select--Disposable de'

2018-05-21 12:55:05 - [TEST_STEP][PASSED] - setText: Text '5000' is set on object 'Object Repository/Schedule8/Page_KDMC - CMS/input_txttreat'

2018-05-21 12:55:05 - [MESSAGE][PASSED] - Text '5000' is set on object 'Object Repository/Schedule8/Page_KDMC - CMS/input_txttreat'

2018-05-21 12:55:05 - [TEST_STEP][PASSED] - click: Object: 'Object Repository/Schedule8/Page_KDMC - CMS/button_Add' is clicked on

2018-05-21 12:55:05 - [MESSAGE][PASSED] - Object: 'Object Repository/Schedule8/Page_KDMC - CMS/button_Add' is clicked on

2018-05-21 12:55:05 - [TEST_STEP][PASSED] - selectOptionByIndex: All options with index in [8] are selected on object 'Object Repository/Schedule8/Page_KDMC - CMS/select_--Select--Schedule 1Inj'

2018-05-21 12:55:05 - [MESSAGE][PASSED] - All options with index in [8] are selected on object 'Object Repository/Schedule8/Page_KDMC - CMS/select_--Select--Schedule 1Inj'

2018-05-21 12:55:05 - [TEST_STEP][PASSED] - selectOptionByIndex: All options with index in [6] are selected on object 'Object Repository/Schedule8/Page_KDMC - CMS/select_--Select--Disposable de'

2018-05-21 12:55:06 - [MESSAGE][PASSED] - All options with index in [6] are selected on object 'Object Repository/Schedule8/Page_KDMC - CMS/select_--Select--Disposable de'

2018-05-21 12:55:06 - [TEST_STEP][PASSED] - setText: Text '5000' is set on object 'Object Repository/Schedule8/Page_KDMC - CMS/input_txttreat'

2018-05-21 12:55:06 - [MESSAGE][PASSED] - Text '5000' is set on object 'Object Repository/Schedule8/Page_KDMC - CMS/input_txttreat'

2018-05-21 12:55:06 - [TEST_STEP][PASSED] - click: Object: 'Object Repository/Schedule8/Page_KDMC - CMS/button_Add' is clicked on

2018-05-21 12:55:06 - [MESSAGE][PASSED] - Object: 'Object Repository/Schedule8/Page_KDMC - CMS/button_Add' is clicked on

2018-05-21 12:55:06 - [TEST_STEP][PASSED] - selectOptionByIndex: All options with index in [8] are selected on object 'Object Repository/Schedule8/Page_KDMC - CMS/select_--Select--Schedule 1Inj'

2018-05-21 12:55:06 - [MESSAGE][PASSED] - All options with index in [8] are selected on object 'Object Repository/Schedule8/Page_KDMC - CMS/select_--Select--Schedule 1Inj'

2018-05-21 12:55:06 - [TEST_STEP][PASSED] - selectOptionByIndex: All options with index in [7] are selected on object 'Object Repository/Schedule8/Page_KDMC - CMS/select_--Select--Disposable de'

2018-05-21 12:55:06 - [MESSAGE][PASSED] - All options with index in [7] are selected on object 'Object Repository/Schedule8/Page_KDMC - CMS/select_--Select--Disposable de'

2018-05-21 12:55:06 - [TEST_STEP][PASSED] - setText: Text '5000' is set on object 'Object Repository/Schedule8/Page_KDMC - CMS/input_txttreat'

2018-05-21 12:55:06 - [MESSAGE][PASSED] - Text '5000' is set on object 'Object Repository/Schedule8/Page_KDMC - CMS/input_txttreat'

2018-05-21 12:55:06 - [TEST_STEP][PASSED] - click: Object: 'Object Repository/Schedule8/Page_KDMC - CMS/button_Add' is clicked on

2018-05-21 12:55:06 - [MESSAGE][PASSED] - Object: 'Object Repository/Schedule8/Page_KDMC - CMS/button_Add' is clicked on

2018-05-21 12:55:06 - [TEST_STEP][PASSED] - selectOptionByIndex: All options with index in [8] are selected on object 'Object Repository/Schedule8/Page_KDMC - CMS/select_--Select--Schedule 1Inj'

2018-05-21 12:55:06 - [MESSAGE][PASSED] - All options with index in [8] are selected on object 'Object Repository/Schedule8/Page_KDMC - CMS/select_--Select--Schedule 1Inj'

2018-05-21 12:55:06 - [TEST_STEP][PASSED] - selectOptionByIndex: All options with index in [8] are selected on object 'Object Repository/Schedule8/Page_KDMC - CMS/select_--Select--Disposable de'

2018-05-21 12:55:07 - [MESSAGE][PASSED] - All options with index in [8] are selected on object 'Object Repository/Schedule8/Page_KDMC - CMS/select_--Select--Disposable de'

2018-05-21 12:55:07 - [TEST_STEP][PASSED] - setText: Text '5000' is set on object 'Object Repository/Schedule8/Page_KDMC - CMS/input_txttreat'

2018-05-21 12:55:07 - [MESSAGE][PASSED] - Text '5000' is set on object 'Object Repository/Schedule8/Page_KDMC - CMS/input_txttreat'

2018-05-21 12:55:07 - [TEST_STEP][PASSED] - click: Object: 'Object Repository/Schedule8/Page_KDMC - CMS/button_Add' is clicked on

2018-05-21 12:55:07 - [MESSAGE][PASSED] - Object: 'Object Repository/Schedule8/Page_KDMC - CMS/button_Add' is clicked on

2018-05-21 12:55:07 - [TEST_STEP][PASSED] - selectOptionByIndex: All options with index in [8] are selected on object 'Object Repository/Schedule8/Page_KDMC - CMS/select_--Select--Schedule 1Inj'

2018-05-21 12:55:07 - [MESSAGE][PASSED] - All options with index in [8] are selected on object 'Object Repository/Schedule8/Page_KDMC - CMS/select_--Select--Schedule 1Inj'

2018-05-21 12:55:07 - [TEST_STEP][PASSED] - selectOptionByIndex: All options with index in [9] are selected on object 'Object Repository/Schedule8/Page_KDMC - CMS/select_--Select--Disposable de'

2018-05-21 12:55:07 - [MESSAGE][PASSED] - All options with index in [9] are selected on object 'Object Repository/Schedule8/Page_KDMC - CMS/select_--Select--Disposable de'

2018-05-21 12:55:07 - [TEST_STEP][PASSED] - setText: Text '5000' is set on object 'Object Repository/Schedule8/Page_KDMC - CMS/input_txttreat'

2018-05-21 12:55:07 - [MESSAGE][PASSED] - Text '5000' is set on object 'Object Repository/Schedule8/Page_KDMC - CMS/input_txttreat'

2018-05-21 12:55:07 - [TEST_STEP][PASSED] - click: Object: 'Object Repository/Schedule8/Page_KDMC - CMS/button_Add' is clicked on

2018-05-21 12:55:07 - [MESSAGE][PASSED] - Object: 'Object Repository/Schedule8/Page_KDMC - CMS/button_Add' is clicked on

2018-05-21 12:55:07 - [TEST_STEP][PASSED] - selectOptionByIndex: All options with index in [8] are selected on object 'Object Repository/Schedule8/Page_KDMC - CMS/select_--Select--Schedule 1Inj'

2018-05-21 12:55:07 - [MESSAGE][PASSED] - All options with index in [8] are selected on object 'Object Repository/Schedule8/Page_KDMC - CMS/select_--Select--Schedule 1Inj'

2018-05-21 12:55:07 - [TEST_STEP][PASSED] - selectOptionByIndex: All options with index in [10] are selected on object 'Object Repository/Schedule8/Page_KDMC - CMS/select_--Select--Disposable de'

2018-05-21 12:55:08 - [MESSAGE][PASSED] - All options with index in [10] are selected on object 'Object Repository/Schedule8/Page_KDMC - CMS/select_--Select--Disposable de'

2018-05-21 12:55:08 - [TEST_STEP][PASSED] - setText: Text '5000' is set on object 'Object Repository/Schedule8/Page_KDMC - CMS/input_txttreat'

2018-05-21 12:55:08 - [MESSAGE][PASSED] - Text '5000' is set on object 'Object Repository/Schedule8/Page_KDMC - CMS/input_txttreat'

2018-05-21 12:55:08 - [TEST_STEP][PASSED] - click: Object: 'Object Repository/Schedule8/Page_KDMC - CMS/button_Add' is clicked on

2018-05-21 12:55:08 - [MESSAGE][PASSED] - Object: 'Object Repository/Schedule8/Page_KDMC - CMS/button_Add' is clicked on

2018-05-21 12:55:08 - [TEST_STEP][PASSED] - selectOptionByIndex: All options with index in [8] are selected on object 'Object Repository/Schedule8/Page_KDMC - CMS/select_--Select--Schedule 1Inj'

2018-05-21 12:55:08 - [MESSAGE][PASSED] - All options with index in [8] are selected on object 'Object Repository/Schedule8/Page_KDMC - CMS/select_--Select--Schedule 1Inj'

2018-05-21 12:55:08 - [TEST_STEP][PASSED] - selectOptionByIndex: All options with index in [11] are selected on object 'Object Repository/Schedule8/Page_KDMC - CMS/select_--Select--Disposable de'

2018-05-21 12:55:08 - [MESSAGE][PASSED] - All options with index in [11] are selected on object 'Object Repository/Schedule8/Page_KDMC - CMS/select_--Select--Disposable de'

2018-05-21 12:55:08 - [TEST_STEP][PASSED] - setText: Text '5000' is set on object 'Object Repository/Schedule8/Page_KDMC - CMS/input_txttreat'

2018-05-21 12:55:08 - [MESSAGE][PASSED] - Text '5000' is set on object 'Object Repository/Schedule8/Page_KDMC - CMS/input_txttreat'

2018-05-21 12:55:08 - [TEST_STEP][PASSED] - click: Object: 'Object Repository/Schedule8/Page_KDMC - CMS/button_Add' is clicked on

2018-05-21 12:55:08 - [MESSAGE][PASSED] - Object: 'Object Repository/Schedule8/Page_KDMC - CMS/button_Add' is clicked on

2018-05-21 12:55:08 - [TEST_STEP][PASSED] - selectOptionByIndex: All options with index in [8] are selected on object 'Object Repository/Schedule8/Page_KDMC - CMS/select_--Select--Schedule 1Inj'

2018-05-21 12:55:08 - [MESSAGE][PASSED] - All options with index in [8] are selected on object 'Object Repository/Schedule8/Page_KDMC - CMS/select_--Select--Schedule 1Inj'

2018-05-21 12:55:08 - [TEST_STEP][PASSED] - selectOptionByIndex: All options with index in [12] are selected on object 'Object Repository/Schedule8/Page_KDMC - CMS/select_--Select--Disposable de'

2018-05-21 12:55:09 - [MESSAGE][PASSED] - All options with index in [12] are selected on object 'Object Repository/Schedule8/Page_KDMC - CMS/select_--Select--Disposable de'

2018-05-21 12:55:09 - [TEST_STEP][PASSED] - setText: Text '5000' is set on object 'Object Repository/Schedule8/Page_KDMC - CMS/input_txttreat'

2018-05-21 12:55:09 - [MESSAGE][PASSED] - Text '5000' is set on object 'Object Repository/Schedule8/Page_KDMC - CMS/input_txttreat'

2018-05-21 12:55:09 - [TEST_STEP][PASSED] - click: Object: 'Object Repository/Schedule8/Page_KDMC - CMS/button_Add' is clicked on

2018-05-21 12:55:09 - [MESSAGE][PASSED] - Object: 'Object Repository/Schedule8/Page_KDMC - CMS/button_Add' is clicked on

2018-05-21 12:55:09 - [TEST_STEP][PASSED] - selectOptionByIndex: All options with index in [8] are selected on object 'Object Repository/Schedule8/Page_KDMC - CMS/select_--Select--Schedule 1Inj'

2018-05-21 12:55:09 - [MESSAGE][PASSED] - All options with index in [8] are selected on object 'Object Repository/Schedule8/Page_KDMC - CMS/select_--Select--Schedule 1Inj'

2018-05-21 12:55:09 - [TEST_STEP][PASSED] - selectOptionByIndex: All options with index in [13] are selected on object 'Object Repository/Schedule8/Page_KDMC - CMS/select_--Select--Disposable de'

2018-05-21 12:55:09 - [MESSAGE][PASSED] - All options with index in [13] are selected on object 'Object Repository/Schedule8/Page_KDMC - CMS/select_--Select--Disposable de'

2018-05-21 12:55:09 - [TEST_STEP][PASSED] - setText: Text '5000' is set on object 'Object Repository/Schedule8/Page_KDMC - CMS/input_txttreat'

2018-05-21 12:55:09 - [MESSAGE][PASSED] - Text '5000' is set on object 'Object Repository/Schedule8/Page_KDMC - CMS/input_txttreat'

2018-05-21 12:55:09 - [TEST_STEP][PASSED] - click: Object: 'Object Repository/Schedule8/Page_KDMC - CMS/button_Add' is clicked on

2018-05-21 12:55:10 - [MESSAGE][PASSED] - Object: 'Object Repository/Schedule8/Page_KDMC - CMS/button_Add' is clicked on

2018-05-21 12:55:10 - [TEST_STEP][PASSED] - selectOptionByIndex: All options with index in [8] are selected on object 'Object Repository/Schedule8/Page_KDMC - CMS/select_--Select--Schedule 1Inj'

2018-05-21 12:55:10 - [MESSAGE][PASSED] - All options with index in [8] are selected on object 'Object Repository/Schedule8/Page_KDMC - CMS/select_--Select--Schedule 1Inj'

2018-05-21 12:55:10 - [TEST_STEP][PASSED] - selectOptionByIndex: All options with index in [14] are selected on object 'Object Repository/Schedule8/Page_KDMC - CMS/select_--Select--Disposable de'

2018-05-21 12:55:10 - [MESSAGE][PASSED] - All options with index in [14] are selected on object 'Object Repository/Schedule8/Page_KDMC - CMS/select_--Select--Disposable de'

2018-05-21 12:55:10 - [TEST_STEP][PASSED] - setText: Text '5000' is set on object 'Object Repository/Schedule8/Page_KDMC - CMS/input_txttreat'

2018-05-21 12:55:10 - [MESSAGE][PASSED] - Text '5000' is set on object 'Object Repository/Schedule8/Page_KDMC - CMS/input_txttreat'

2018-05-21 12:55:10 - [TEST_STEP][PASSED] - click: Object: 'Object Repository/Schedule8/Page_KDMC - CMS/button_Add' is clicked on

2018-05-21 12:55:10 - [MESSAGE][PASSED] - Object: 'Object Repository/Schedule8/Page_KDMC - CMS/button_Add' is clicked on

2018-05-21 12:55:10 - [TEST_STEP][PASSED] - selectOptionByIndex: All options with index in [8] are selected on object 'Object Repository/Schedule8/Page_KDMC - CMS/select_--Select--Schedule 1Inj'

2018-05-21 12:55:10 - [MESSAGE][PASSED] - All options with index in [8] are selected on object 'Object Repository/Schedule8/Page_KDMC - CMS/select_--Select--Schedule 1Inj'

2018-05-21 12:55:10 - [TEST_STEP][PASSED] - selectOptionByIndex: All options with index in [15] are selected on object 'Object Repository/Schedule8/Page_KDMC - CMS/select_--Select--Disposable de'

2018-05-21 12:55:11 - [MESSAGE][PASSED] - All options with index in [15] are selected on object 'Object Repository/Schedule8/Page_KDMC - CMS/select_--Select--Disposable de'

2018-05-21 12:55:11 - [TEST_STEP][PASSED] - setText: Text '5000' is set on object 'Object Repository/Schedule8/Page_KDMC - CMS/input_txttreat'

2018-05-21 12:55:11 - [MESSAGE][PASSED] - Text '5000' is set on object 'Object Repository/Schedule8/Page_KDMC - CMS/input_txttreat'

2018-05-21 12:55:11 - [TEST_STEP][PASSED] - click: Object: 'Object Repository/Schedule8/Page_KDMC - CMS/button_Add' is clicked on

2018-05-21 12:55:11 - [MESSAGE][PASSED] - Object: 'Object Repository/Schedule8/Page_KDMC - CMS/button_Add' is clicked on

2018-05-21 12:55:11 - [TEST_STEP][PASSED] - selectOptionByIndex: All options with index in [8] are selected on object 'Object Repository/Schedule8/Page_KDMC - CMS/select_--Select--Schedule 1Inj'

2018-05-21 12:55:11 - [MESSAGE][PASSED] - All options with index in [8] are selected on object 'Object Repository/Schedule8/Page_KDMC - CMS/select_--Select--Schedule 1Inj'

2018-05-21 12:55:11 - [TEST_STEP][PASSED] - selectOptionByIndex: All options with index in [16] are selected on object 'Object Repository/Schedule8/Page_KDMC - CMS/select_--Select--Disposable de'

2018-05-21 12:55:12 - [MESSAGE][PASSED] - All options with index in [16] are selected on object 'Object Repository/Schedule8/Page_KDMC - CMS/select_--Select--Disposable de'

2018-05-21 12:55:12 - [TEST_STEP][PASSED] - setText: Text '5000' is set on object 'Object Repository/Schedule8/Page_KDMC - CMS/input_txttreat'

2018-05-21 12:55:12 - [MESSAGE][PASSED] - Text '5000' is set on object 'Object Repository/Schedule8/Page_KDMC - CMS/input_txttreat'

2018-05-21 12:55:12 - [TEST_STEP][PASSED] - click: Object: 'Object Repository/Schedule8/Page_KDMC - CMS/button_Add' is clicked on

2018-05-21 12:55:12 - [MESSAGE][PASSED] - Object: 'Object Repository/Schedule8/Page_KDMC - CMS/button_Add' is clicked on

2018-05-21 12:55:12 - [TEST_STEP][PASSED] - selectOptionByIndex: All options with index in [8] are selected on object 'Object Repository/Schedule8/Page_KDMC - CMS/select_--Select--Schedule 1Inj'

2018-05-21 12:55:12 - [MESSAGE][PASSED] - All options with index in [8] are selected on object 'Object Repository/Schedule8/Page_KDMC - CMS/select_--Select--Schedule 1Inj'

2018-05-21 12:55:12 - [TEST_STEP][PASSED] - selectOptionByIndex: All options with index in [17] are selected on object 'Object Repository/Schedule8/Page_KDMC - CMS/select_--Select--Disposable de'

2018-05-21 12:55:13 - [MESSAGE][PASSED] - All options with index in [17] are selected on object 'Object Repository/Schedule8/Page_KDMC - CMS/select_--Select--Disposable de'

2018-05-21 12:55:13 - [TEST_STEP][PASSED] - setText: Text '5000' is set on object 'Object Repository/Schedule8/Page_KDMC - CMS/input_txttreat'

2018-05-21 12:55:13 - [MESSAGE][PASSED] - Text '5000' is set on object 'Object Repository/Schedule8/Page_KDMC - CMS/input_txttreat'

2018-05-21 12:55:13 - [TEST_STEP][PASSED] - click: Object: 'Object Repository/Schedule8/Page_KDMC - CMS/button_Add' is clicked on

2018-05-21 12:55:13 - [MESSAGE][PASSED] - Object: 'Object Repository/Schedule8/Page_KDMC - CMS/button_Add' is clicked on

2018-05-21 12:55:13 - [TEST_STEP][PASSED] - scrollToElement: Scroll to object 'Object Repository/Schedule8/Page_KDMC - CMS/input_btnsave' successfully

2018-05-21 12:55:13 - [MESSAGE][PASSED] - Scroll to object 'Object Repository/Schedule8/Page_KDMC - CMS/input_btnsave' successfully

2018-05-21 12:55:13 - [TEST_STEP][PASSED] - click: Object: 'Object Repository/Schedule8/Page_KDMC - CMS/input_btnsave' is clicked on

2018-05-21 12:55:13 - [MESSAGE][PASSED] - Object: 'Object Repository/Schedule8/Page_KDMC - CMS/input_btnsave' is clicked on

2018-05-21 12:55:13 - [TEST_STEP][PASSED] - delay: Delayed 3 second(s)

2018-05-21 12:55:16 - [MESSAGE][PASSED] - Delayed 3 second(s)

2018-05-21 12:55:16 - [TEST_STEP][PASSED] - waitForElementPresent: Object 'Object Repository/Schedule8/Page_KDMC - CMS/button_OK' is present

2018-05-21 12:55:16 - [MESSAGE][PASSED] - Object 'Object Repository/Schedule8/Page_KDMC - CMS/button_OK' is present

2018-05-21 12:55:16 - [TEST_STEP][PASSED] - click: Object: 'Object Repository/Schedule8/Page_KDMC - CMS/button_OK' is clicked on

2018-05-21 12:55:17 - [MESSAGE][PASSED] - Object: 'Object Repository/Schedule8/Page_KDMC - CMS/button_OK' is clicked on

2018-05-21 12:55:17 - [TEST_STEP][PASSED] - delay: Delayed 3 second(s)

2018-05-21 12:55:20 - [MESSAGE][PASSED] - Delayed 3 second(s)

2018-05-21 12:55:20 - [TEST_STEP][PASSED] - click: Object: 'Object Repository/Schedule8/Page_KDMC - CMS/a_dropdown-toggle' is clicked on

2018-05-21 12:55:20 - [MESSAGE][PASSED] - Object: 'Object Repository/Schedule8/Page_KDMC - CMS/a_dropdown-toggle' is clicked on

2018-05-21 12:55:20 - [TEST_STEP][PASSED] - click: Object: 'Object Repository/Schedule8/Page_KDMC - CMS/a_Sign out' is clicked on

2018-05-21 12:55:20 - [MESSAGE][PASSED] - Object: 'Object Repository/Schedule8/Page_KDMC - CMS/a_Sign out' is clicked on

2018-05-21 12:55:20 - [TEST_STEP][PASSED] - deleteAllCookies: Delete all cookies successfully

2018-05-21 12:55:21 - [MESSAGE][PASSED] - Delete all cookies successfully

2018-05-21 12:55:21 - [TEST_STEP][PASSED] - closeBrowser: Browser is closed

2018-05-21 12:55:21 - [MESSAGE][PASSED] - Browser is closed]]></system-out>
         <system-err><![CDATA[]]></system-err>
      </testcase>
      <testcase name="Test Cases/TEST/MOH TO CMS REQUEST TEST CASES/MohRequestSchedule9" classname="Test Cases/TEST/MOH TO CMS REQUEST TEST CASES/MohRequestSchedule9" status="PASSED">
         <system-out><![CDATA[2018-05-21 12:55:21 - [TEST_CASE][PASSED] - Test Cases/TEST/MOH TO CMS REQUEST TEST CASES/MohRequestSchedule9: Test Cases/TEST/MOH TO CMS REQUEST TEST CASES/MohRequestSchedule9

2018-05-21 12:55:22 - [TEST_STEP][PASSED] - openBrowser: Browser is opened with url: ''

2018-05-21 12:55:24 - [MESSAGE][PASSED] - Browser is opened with url: ''

2018-05-21 12:55:24 - [TEST_STEP][PASSED] - navigateToUrl: Navigate to 'http://192.168.137.1/multihospital_new/' successfully

2018-05-21 12:55:27 - [MESSAGE][PASSED] - Navigate to 'http://192.168.137.1/multihospital_new/' successfully

2018-05-21 12:55:27 - [TEST_STEP][PASSED] - maximizeWindow: Current window maximized

2018-05-21 12:55:29 - [MESSAGE][PASSED] - Current window maximized

2018-05-21 12:55:29 - [TEST_STEP][PASSED] - click: Object: 'Object Repository/Schedule9/Page_KDMC/a_CMS' is clicked on

2018-05-21 12:55:29 - [MESSAGE][PASSED] - Object: 'Object Repository/Schedule9/Page_KDMC/a_CMS' is clicked on

2018-05-21 12:55:29 - [TEST_STEP][PASSED] - setText: Text 'bala' is set on object 'Object Repository/Schedule9/Page_CMS login/input_txtusername'

2018-05-21 12:55:30 - [MESSAGE][PASSED] - Text 'bala' is set on object 'Object Repository/Schedule9/Page_CMS login/input_txtusername'

2018-05-21 12:55:30 - [TEST_STEP][PASSED] - setText: Text '123' is set on object 'Object Repository/Schedule9/Page_CMS login/input_txtpassword'

2018-05-21 12:55:30 - [MESSAGE][PASSED] - Text '123' is set on object 'Object Repository/Schedule9/Page_CMS login/input_txtpassword'

2018-05-21 12:55:30 - [TEST_STEP][PASSED] - delay: Delayed 3 second(s)

2018-05-21 12:55:33 - [MESSAGE][PASSED] - Delayed 3 second(s)

2018-05-21 12:55:33 - [TEST_STEP][PASSED] - click: Object: 'Object Repository/Schedule9/Page_CMS login/button_Sign in' is clicked on

2018-05-21 12:55:34 - [MESSAGE][PASSED] - Object: 'Object Repository/Schedule9/Page_CMS login/button_Sign in' is clicked on

2018-05-21 12:55:34 - [TEST_STEP][PASSED] - click: Object: 'Object Repository/Schedule9/Page_KDMC - CMS/a_Request to MOH' is clicked on

2018-05-21 12:55:34 - [MESSAGE][PASSED] - Object: 'Object Repository/Schedule9/Page_KDMC - CMS/a_Request to MOH' is clicked on

2018-05-21 12:55:34 - [TEST_STEP][PASSED] - selectOptionByIndex: All options with index in [2] are selected on object 'Object Repository/Schedule9/Page_KDMC - CMS/select_--Select--'

2018-05-21 12:55:34 - [MESSAGE][PASSED] - All options with index in [2] are selected on object 'Object Repository/Schedule9/Page_KDMC - CMS/select_--Select--'

2018-05-21 12:55:34 - [TEST_STEP][PASSED] - selectOptionByIndex: All options with index in [9] are selected on object 'Object Repository/Schedule9/Page_KDMC - CMS/select_--Select--Schedule 1Inj'

2018-05-21 12:55:34 - [MESSAGE][PASSED] - All options with index in [9] are selected on object 'Object Repository/Schedule9/Page_KDMC - CMS/select_--Select--Schedule 1Inj'

2018-05-21 12:55:34 - [TEST_STEP][PASSED] - Statement - Selectedoption = com.kms.katalon.core.webui.keyword.WebUiBuiltInKeywords.getNumberOfTotalOption(com.kms.katalon.core.testobject.ObjectRepository.findTestObject(Schedule9/Page_KDMC - CMS/select_--Select--Blood Transfu)): 36 options of object 'Object Repository/Schedule9/Page_KDMC - CMS/select_--Select--Blood Transfu' counted

2018-05-21 12:55:35 - [MESSAGE][PASSED] - 36 options of object 'Object Repository/Schedule9/Page_KDMC - CMS/select_--Select--Blood Transfu' counted

2018-05-21 12:55:35 - [TEST_STEP][PASSED] - Statement - For ([a = 1, a < Selectedoption, (a++)]): Object: 'Object Repository/Schedule9/Page_KDMC - CMS/button_Add' is clicked on

2018-05-21 12:55:35 - [TEST_STEP][PASSED] - selectOptionByIndex: All options with index in [9] are selected on object 'Object Repository/Schedule9/Page_KDMC - CMS/select_--Select--Schedule 1Inj'

2018-05-21 12:55:35 - [MESSAGE][PASSED] - All options with index in [9] are selected on object 'Object Repository/Schedule9/Page_KDMC - CMS/select_--Select--Schedule 1Inj'

2018-05-21 12:55:35 - [TEST_STEP][PASSED] - selectOptionByIndex: All options with index in [1] are selected on object 'Object Repository/Schedule9/Page_KDMC - CMS/select_--Select--Blood Transfu'

2018-05-21 12:55:35 - [MESSAGE][PASSED] - All options with index in [1] are selected on object 'Object Repository/Schedule9/Page_KDMC - CMS/select_--Select--Blood Transfu'

2018-05-21 12:55:35 - [TEST_STEP][PASSED] - setText: Text '5000' is set on object 'Object Repository/Schedule9/Page_KDMC - CMS/input_txttreat'

2018-05-21 12:55:35 - [MESSAGE][PASSED] - Text '5000' is set on object 'Object Repository/Schedule9/Page_KDMC - CMS/input_txttreat'

2018-05-21 12:55:35 - [TEST_STEP][PASSED] - click: Object: 'Object Repository/Schedule9/Page_KDMC - CMS/button_Add' is clicked on

2018-05-21 12:55:35 - [MESSAGE][PASSED] - Object: 'Object Repository/Schedule9/Page_KDMC - CMS/button_Add' is clicked on

2018-05-21 12:55:35 - [TEST_STEP][PASSED] - selectOptionByIndex: All options with index in [9] are selected on object 'Object Repository/Schedule9/Page_KDMC - CMS/select_--Select--Schedule 1Inj'

2018-05-21 12:55:35 - [MESSAGE][PASSED] - All options with index in [9] are selected on object 'Object Repository/Schedule9/Page_KDMC - CMS/select_--Select--Schedule 1Inj'

2018-05-21 12:55:35 - [TEST_STEP][PASSED] - selectOptionByIndex: All options with index in [2] are selected on object 'Object Repository/Schedule9/Page_KDMC - CMS/select_--Select--Blood Transfu'

2018-05-21 12:55:35 - [MESSAGE][PASSED] - All options with index in [2] are selected on object 'Object Repository/Schedule9/Page_KDMC - CMS/select_--Select--Blood Transfu'

2018-05-21 12:55:35 - [TEST_STEP][PASSED] - setText: Text '5000' is set on object 'Object Repository/Schedule9/Page_KDMC - CMS/input_txttreat'

2018-05-21 12:55:35 - [MESSAGE][PASSED] - Text '5000' is set on object 'Object Repository/Schedule9/Page_KDMC - CMS/input_txttreat'

2018-05-21 12:55:35 - [TEST_STEP][PASSED] - click: Object: 'Object Repository/Schedule9/Page_KDMC - CMS/button_Add' is clicked on

2018-05-21 12:55:35 - [MESSAGE][PASSED] - Object: 'Object Repository/Schedule9/Page_KDMC - CMS/button_Add' is clicked on

2018-05-21 12:55:35 - [TEST_STEP][PASSED] - selectOptionByIndex: All options with index in [9] are selected on object 'Object Repository/Schedule9/Page_KDMC - CMS/select_--Select--Schedule 1Inj'

2018-05-21 12:55:36 - [MESSAGE][PASSED] - All options with index in [9] are selected on object 'Object Repository/Schedule9/Page_KDMC - CMS/select_--Select--Schedule 1Inj'

2018-05-21 12:55:36 - [TEST_STEP][PASSED] - selectOptionByIndex: All options with index in [3] are selected on object 'Object Repository/Schedule9/Page_KDMC - CMS/select_--Select--Blood Transfu'

2018-05-21 12:55:36 - [MESSAGE][PASSED] - All options with index in [3] are selected on object 'Object Repository/Schedule9/Page_KDMC - CMS/select_--Select--Blood Transfu'

2018-05-21 12:55:36 - [TEST_STEP][PASSED] - setText: Text '5000' is set on object 'Object Repository/Schedule9/Page_KDMC - CMS/input_txttreat'

2018-05-21 12:55:36 - [MESSAGE][PASSED] - Text '5000' is set on object 'Object Repository/Schedule9/Page_KDMC - CMS/input_txttreat'

2018-05-21 12:55:36 - [TEST_STEP][PASSED] - click: Object: 'Object Repository/Schedule9/Page_KDMC - CMS/button_Add' is clicked on

2018-05-21 12:55:36 - [MESSAGE][PASSED] - Object: 'Object Repository/Schedule9/Page_KDMC - CMS/button_Add' is clicked on

2018-05-21 12:55:36 - [TEST_STEP][PASSED] - selectOptionByIndex: All options with index in [9] are selected on object 'Object Repository/Schedule9/Page_KDMC - CMS/select_--Select--Schedule 1Inj'

2018-05-21 12:55:36 - [MESSAGE][PASSED] - All options with index in [9] are selected on object 'Object Repository/Schedule9/Page_KDMC - CMS/select_--Select--Schedule 1Inj'

2018-05-21 12:55:36 - [TEST_STEP][PASSED] - selectOptionByIndex: All options with index in [4] are selected on object 'Object Repository/Schedule9/Page_KDMC - CMS/select_--Select--Blood Transfu'

2018-05-21 12:55:36 - [MESSAGE][PASSED] - All options with index in [4] are selected on object 'Object Repository/Schedule9/Page_KDMC - CMS/select_--Select--Blood Transfu'

2018-05-21 12:55:36 - [TEST_STEP][PASSED] - setText: Text '5000' is set on object 'Object Repository/Schedule9/Page_KDMC - CMS/input_txttreat'

2018-05-21 12:55:36 - [MESSAGE][PASSED] - Text '5000' is set on object 'Object Repository/Schedule9/Page_KDMC - CMS/input_txttreat'

2018-05-21 12:55:36 - [TEST_STEP][PASSED] - click: Object: 'Object Repository/Schedule9/Page_KDMC - CMS/button_Add' is clicked on

2018-05-21 12:55:36 - [MESSAGE][PASSED] - Object: 'Object Repository/Schedule9/Page_KDMC - CMS/button_Add' is clicked on

2018-05-21 12:55:36 - [TEST_STEP][PASSED] - selectOptionByIndex: All options with index in [9] are selected on object 'Object Repository/Schedule9/Page_KDMC - CMS/select_--Select--Schedule 1Inj'

2018-05-21 12:55:37 - [MESSAGE][PASSED] - All options with index in [9] are selected on object 'Object Repository/Schedule9/Page_KDMC - CMS/select_--Select--Schedule 1Inj'

2018-05-21 12:55:37 - [TEST_STEP][PASSED] - selectOptionByIndex: All options with index in [5] are selected on object 'Object Repository/Schedule9/Page_KDMC - CMS/select_--Select--Blood Transfu'

2018-05-21 12:55:37 - [MESSAGE][PASSED] - All options with index in [5] are selected on object 'Object Repository/Schedule9/Page_KDMC - CMS/select_--Select--Blood Transfu'

2018-05-21 12:55:37 - [TEST_STEP][PASSED] - setText: Text '5000' is set on object 'Object Repository/Schedule9/Page_KDMC - CMS/input_txttreat'

2018-05-21 12:55:37 - [MESSAGE][PASSED] - Text '5000' is set on object 'Object Repository/Schedule9/Page_KDMC - CMS/input_txttreat'

2018-05-21 12:55:37 - [TEST_STEP][PASSED] - click: Object: 'Object Repository/Schedule9/Page_KDMC - CMS/button_Add' is clicked on

2018-05-21 12:55:37 - [MESSAGE][PASSED] - Object: 'Object Repository/Schedule9/Page_KDMC - CMS/button_Add' is clicked on

2018-05-21 12:55:37 - [TEST_STEP][PASSED] - selectOptionByIndex: All options with index in [9] are selected on object 'Object Repository/Schedule9/Page_KDMC - CMS/select_--Select--Schedule 1Inj'

2018-05-21 12:55:38 - [MESSAGE][PASSED] - All options with index in [9] are selected on object 'Object Repository/Schedule9/Page_KDMC - CMS/select_--Select--Schedule 1Inj'

2018-05-21 12:55:38 - [TEST_STEP][PASSED] - selectOptionByIndex: All options with index in [6] are selected on object 'Object Repository/Schedule9/Page_KDMC - CMS/select_--Select--Blood Transfu'

2018-05-21 12:55:38 - [MESSAGE][PASSED] - All options with index in [6] are selected on object 'Object Repository/Schedule9/Page_KDMC - CMS/select_--Select--Blood Transfu'

2018-05-21 12:55:38 - [TEST_STEP][PASSED] - setText: Text '5000' is set on object 'Object Repository/Schedule9/Page_KDMC - CMS/input_txttreat'

2018-05-21 12:55:38 - [MESSAGE][PASSED] - Text '5000' is set on object 'Object Repository/Schedule9/Page_KDMC - CMS/input_txttreat'

2018-05-21 12:55:38 - [TEST_STEP][PASSED] - click: Object: 'Object Repository/Schedule9/Page_KDMC - CMS/button_Add' is clicked on

2018-05-21 12:55:38 - [MESSAGE][PASSED] - Object: 'Object Repository/Schedule9/Page_KDMC - CMS/button_Add' is clicked on

2018-05-21 12:55:38 - [TEST_STEP][PASSED] - selectOptionByIndex: All options with index in [9] are selected on object 'Object Repository/Schedule9/Page_KDMC - CMS/select_--Select--Schedule 1Inj'

2018-05-21 12:55:38 - [MESSAGE][PASSED] - All options with index in [9] are selected on object 'Object Repository/Schedule9/Page_KDMC - CMS/select_--Select--Schedule 1Inj'

2018-05-21 12:55:38 - [TEST_STEP][PASSED] - selectOptionByIndex: All options with index in [7] are selected on object 'Object Repository/Schedule9/Page_KDMC - CMS/select_--Select--Blood Transfu'

2018-05-21 12:55:38 - [MESSAGE][PASSED] - All options with index in [7] are selected on object 'Object Repository/Schedule9/Page_KDMC - CMS/select_--Select--Blood Transfu'

2018-05-21 12:55:38 - [TEST_STEP][PASSED] - setText: Text '5000' is set on object 'Object Repository/Schedule9/Page_KDMC - CMS/input_txttreat'

2018-05-21 12:55:38 - [MESSAGE][PASSED] - Text '5000' is set on object 'Object Repository/Schedule9/Page_KDMC - CMS/input_txttreat'

2018-05-21 12:55:38 - [TEST_STEP][PASSED] - click: Object: 'Object Repository/Schedule9/Page_KDMC - CMS/button_Add' is clicked on

2018-05-21 12:55:38 - [MESSAGE][PASSED] - Object: 'Object Repository/Schedule9/Page_KDMC - CMS/button_Add' is clicked on

2018-05-21 12:55:38 - [TEST_STEP][PASSED] - selectOptionByIndex: All options with index in [9] are selected on object 'Object Repository/Schedule9/Page_KDMC - CMS/select_--Select--Schedule 1Inj'

2018-05-21 12:55:39 - [MESSAGE][PASSED] - All options with index in [9] are selected on object 'Object Repository/Schedule9/Page_KDMC - CMS/select_--Select--Schedule 1Inj'

2018-05-21 12:55:39 - [TEST_STEP][PASSED] - selectOptionByIndex: All options with index in [8] are selected on object 'Object Repository/Schedule9/Page_KDMC - CMS/select_--Select--Blood Transfu'

2018-05-21 12:55:39 - [MESSAGE][PASSED] - All options with index in [8] are selected on object 'Object Repository/Schedule9/Page_KDMC - CMS/select_--Select--Blood Transfu'

2018-05-21 12:55:39 - [TEST_STEP][PASSED] - setText: Text '5000' is set on object 'Object Repository/Schedule9/Page_KDMC - CMS/input_txttreat'

2018-05-21 12:55:39 - [MESSAGE][PASSED] - Text '5000' is set on object 'Object Repository/Schedule9/Page_KDMC - CMS/input_txttreat'

2018-05-21 12:55:39 - [TEST_STEP][PASSED] - click: Object: 'Object Repository/Schedule9/Page_KDMC - CMS/button_Add' is clicked on

2018-05-21 12:55:39 - [MESSAGE][PASSED] - Object: 'Object Repository/Schedule9/Page_KDMC - CMS/button_Add' is clicked on

2018-05-21 12:55:39 - [TEST_STEP][PASSED] - selectOptionByIndex: All options with index in [9] are selected on object 'Object Repository/Schedule9/Page_KDMC - CMS/select_--Select--Schedule 1Inj'

2018-05-21 12:55:39 - [MESSAGE][PASSED] - All options with index in [9] are selected on object 'Object Repository/Schedule9/Page_KDMC - CMS/select_--Select--Schedule 1Inj'

2018-05-21 12:55:39 - [TEST_STEP][PASSED] - selectOptionByIndex: All options with index in [9] are selected on object 'Object Repository/Schedule9/Page_KDMC - CMS/select_--Select--Blood Transfu'

2018-05-21 12:55:39 - [MESSAGE][PASSED] - All options with index in [9] are selected on object 'Object Repository/Schedule9/Page_KDMC - CMS/select_--Select--Blood Transfu'

2018-05-21 12:55:39 - [TEST_STEP][PASSED] - setText: Text '5000' is set on object 'Object Repository/Schedule9/Page_KDMC - CMS/input_txttreat'

2018-05-21 12:55:39 - [MESSAGE][PASSED] - Text '5000' is set on object 'Object Repository/Schedule9/Page_KDMC - CMS/input_txttreat'

2018-05-21 12:55:39 - [TEST_STEP][PASSED] - click: Object: 'Object Repository/Schedule9/Page_KDMC - CMS/button_Add' is clicked on

2018-05-21 12:55:39 - [MESSAGE][PASSED] - Object: 'Object Repository/Schedule9/Page_KDMC - CMS/button_Add' is clicked on

2018-05-21 12:55:39 - [TEST_STEP][PASSED] - selectOptionByIndex: All options with index in [9] are selected on object 'Object Repository/Schedule9/Page_KDMC - CMS/select_--Select--Schedule 1Inj'

2018-05-21 12:55:40 - [MESSAGE][PASSED] - All options with index in [9] are selected on object 'Object Repository/Schedule9/Page_KDMC - CMS/select_--Select--Schedule 1Inj'

2018-05-21 12:55:40 - [TEST_STEP][PASSED] - selectOptionByIndex: All options with index in [10] are selected on object 'Object Repository/Schedule9/Page_KDMC - CMS/select_--Select--Blood Transfu'

2018-05-21 12:55:40 - [MESSAGE][PASSED] - All options with index in [10] are selected on object 'Object Repository/Schedule9/Page_KDMC - CMS/select_--Select--Blood Transfu'

2018-05-21 12:55:40 - [TEST_STEP][PASSED] - setText: Text '5000' is set on object 'Object Repository/Schedule9/Page_KDMC - CMS/input_txttreat'

2018-05-21 12:55:40 - [MESSAGE][PASSED] - Text '5000' is set on object 'Object Repository/Schedule9/Page_KDMC - CMS/input_txttreat'

2018-05-21 12:55:40 - [TEST_STEP][PASSED] - click: Object: 'Object Repository/Schedule9/Page_KDMC - CMS/button_Add' is clicked on

2018-05-21 12:55:40 - [MESSAGE][PASSED] - Object: 'Object Repository/Schedule9/Page_KDMC - CMS/button_Add' is clicked on

2018-05-21 12:55:40 - [TEST_STEP][PASSED] - selectOptionByIndex: All options with index in [9] are selected on object 'Object Repository/Schedule9/Page_KDMC - CMS/select_--Select--Schedule 1Inj'

2018-05-21 12:55:40 - [MESSAGE][PASSED] - All options with index in [9] are selected on object 'Object Repository/Schedule9/Page_KDMC - CMS/select_--Select--Schedule 1Inj'

2018-05-21 12:55:40 - [TEST_STEP][PASSED] - selectOptionByIndex: All options with index in [11] are selected on object 'Object Repository/Schedule9/Page_KDMC - CMS/select_--Select--Blood Transfu'

2018-05-21 12:55:40 - [MESSAGE][PASSED] - All options with index in [11] are selected on object 'Object Repository/Schedule9/Page_KDMC - CMS/select_--Select--Blood Transfu'

2018-05-21 12:55:40 - [TEST_STEP][PASSED] - setText: Text '5000' is set on object 'Object Repository/Schedule9/Page_KDMC - CMS/input_txttreat'

2018-05-21 12:55:40 - [MESSAGE][PASSED] - Text '5000' is set on object 'Object Repository/Schedule9/Page_KDMC - CMS/input_txttreat'

2018-05-21 12:55:40 - [TEST_STEP][PASSED] - click: Object: 'Object Repository/Schedule9/Page_KDMC - CMS/button_Add' is clicked on

2018-05-21 12:55:40 - [MESSAGE][PASSED] - Object: 'Object Repository/Schedule9/Page_KDMC - CMS/button_Add' is clicked on

2018-05-21 12:55:40 - [TEST_STEP][PASSED] - selectOptionByIndex: All options with index in [9] are selected on object 'Object Repository/Schedule9/Page_KDMC - CMS/select_--Select--Schedule 1Inj'

2018-05-21 12:55:41 - [MESSAGE][PASSED] - All options with index in [9] are selected on object 'Object Repository/Schedule9/Page_KDMC - CMS/select_--Select--Schedule 1Inj'

2018-05-21 12:55:41 - [TEST_STEP][PASSED] - selectOptionByIndex: All options with index in [12] are selected on object 'Object Repository/Schedule9/Page_KDMC - CMS/select_--Select--Blood Transfu'

2018-05-21 12:55:41 - [MESSAGE][PASSED] - All options with index in [12] are selected on object 'Object Repository/Schedule9/Page_KDMC - CMS/select_--Select--Blood Transfu'

2018-05-21 12:55:41 - [TEST_STEP][PASSED] - setText: Text '5000' is set on object 'Object Repository/Schedule9/Page_KDMC - CMS/input_txttreat'

2018-05-21 12:55:41 - [MESSAGE][PASSED] - Text '5000' is set on object 'Object Repository/Schedule9/Page_KDMC - CMS/input_txttreat'

2018-05-21 12:55:41 - [TEST_STEP][PASSED] - click: Object: 'Object Repository/Schedule9/Page_KDMC - CMS/button_Add' is clicked on

2018-05-21 12:55:41 - [MESSAGE][PASSED] - Object: 'Object Repository/Schedule9/Page_KDMC - CMS/button_Add' is clicked on

2018-05-21 12:55:41 - [TEST_STEP][PASSED] - selectOptionByIndex: All options with index in [9] are selected on object 'Object Repository/Schedule9/Page_KDMC - CMS/select_--Select--Schedule 1Inj'

2018-05-21 12:55:41 - [MESSAGE][PASSED] - All options with index in [9] are selected on object 'Object Repository/Schedule9/Page_KDMC - CMS/select_--Select--Schedule 1Inj'

2018-05-21 12:55:41 - [TEST_STEP][PASSED] - selectOptionByIndex: All options with index in [13] are selected on object 'Object Repository/Schedule9/Page_KDMC - CMS/select_--Select--Blood Transfu'

2018-05-21 12:55:42 - [MESSAGE][PASSED] - All options with index in [13] are selected on object 'Object Repository/Schedule9/Page_KDMC - CMS/select_--Select--Blood Transfu'

2018-05-21 12:55:42 - [TEST_STEP][PASSED] - setText: Text '5000' is set on object 'Object Repository/Schedule9/Page_KDMC - CMS/input_txttreat'

2018-05-21 12:55:42 - [MESSAGE][PASSED] - Text '5000' is set on object 'Object Repository/Schedule9/Page_KDMC - CMS/input_txttreat'

2018-05-21 12:55:42 - [TEST_STEP][PASSED] - click: Object: 'Object Repository/Schedule9/Page_KDMC - CMS/button_Add' is clicked on

2018-05-21 12:55:42 - [MESSAGE][PASSED] - Object: 'Object Repository/Schedule9/Page_KDMC - CMS/button_Add' is clicked on

2018-05-21 12:55:42 - [TEST_STEP][PASSED] - selectOptionByIndex: All options with index in [9] are selected on object 'Object Repository/Schedule9/Page_KDMC - CMS/select_--Select--Schedule 1Inj'

2018-05-21 12:55:42 - [MESSAGE][PASSED] - All options with index in [9] are selected on object 'Object Repository/Schedule9/Page_KDMC - CMS/select_--Select--Schedule 1Inj'

2018-05-21 12:55:42 - [TEST_STEP][PASSED] - selectOptionByIndex: All options with index in [14] are selected on object 'Object Repository/Schedule9/Page_KDMC - CMS/select_--Select--Blood Transfu'

2018-05-21 12:55:43 - [MESSAGE][PASSED] - All options with index in [14] are selected on object 'Object Repository/Schedule9/Page_KDMC - CMS/select_--Select--Blood Transfu'

2018-05-21 12:55:43 - [TEST_STEP][PASSED] - setText: Text '5000' is set on object 'Object Repository/Schedule9/Page_KDMC - CMS/input_txttreat'

2018-05-21 12:55:43 - [MESSAGE][PASSED] - Text '5000' is set on object 'Object Repository/Schedule9/Page_KDMC - CMS/input_txttreat'

2018-05-21 12:55:43 - [TEST_STEP][PASSED] - click: Object: 'Object Repository/Schedule9/Page_KDMC - CMS/button_Add' is clicked on

2018-05-21 12:55:43 - [MESSAGE][PASSED] - Object: 'Object Repository/Schedule9/Page_KDMC - CMS/button_Add' is clicked on

2018-05-21 12:55:43 - [TEST_STEP][PASSED] - selectOptionByIndex: All options with index in [9] are selected on object 'Object Repository/Schedule9/Page_KDMC - CMS/select_--Select--Schedule 1Inj'

2018-05-21 12:55:43 - [MESSAGE][PASSED] - All options with index in [9] are selected on object 'Object Repository/Schedule9/Page_KDMC - CMS/select_--Select--Schedule 1Inj'

2018-05-21 12:55:43 - [TEST_STEP][PASSED] - selectOptionByIndex: All options with index in [15] are selected on object 'Object Repository/Schedule9/Page_KDMC - CMS/select_--Select--Blood Transfu'

2018-05-21 12:55:44 - [MESSAGE][PASSED] - All options with index in [15] are selected on object 'Object Repository/Schedule9/Page_KDMC - CMS/select_--Select--Blood Transfu'

2018-05-21 12:55:44 - [TEST_STEP][PASSED] - setText: Text '5000' is set on object 'Object Repository/Schedule9/Page_KDMC - CMS/input_txttreat'

2018-05-21 12:55:44 - [MESSAGE][PASSED] - Text '5000' is set on object 'Object Repository/Schedule9/Page_KDMC - CMS/input_txttreat'

2018-05-21 12:55:44 - [TEST_STEP][PASSED] - click: Object: 'Object Repository/Schedule9/Page_KDMC - CMS/button_Add' is clicked on

2018-05-21 12:55:44 - [MESSAGE][PASSED] - Object: 'Object Repository/Schedule9/Page_KDMC - CMS/button_Add' is clicked on

2018-05-21 12:55:44 - [TEST_STEP][PASSED] - selectOptionByIndex: All options with index in [9] are selected on object 'Object Repository/Schedule9/Page_KDMC - CMS/select_--Select--Schedule 1Inj'

2018-05-21 12:55:45 - [MESSAGE][PASSED] - All options with index in [9] are selected on object 'Object Repository/Schedule9/Page_KDMC - CMS/select_--Select--Schedule 1Inj'

2018-05-21 12:55:45 - [TEST_STEP][PASSED] - selectOptionByIndex: All options with index in [16] are selected on object 'Object Repository/Schedule9/Page_KDMC - CMS/select_--Select--Blood Transfu'

2018-05-21 12:55:45 - [MESSAGE][PASSED] - All options with index in [16] are selected on object 'Object Repository/Schedule9/Page_KDMC - CMS/select_--Select--Blood Transfu'

2018-05-21 12:55:45 - [TEST_STEP][PASSED] - setText: Text '5000' is set on object 'Object Repository/Schedule9/Page_KDMC - CMS/input_txttreat'

2018-05-21 12:55:45 - [MESSAGE][PASSED] - Text '5000' is set on object 'Object Repository/Schedule9/Page_KDMC - CMS/input_txttreat'

2018-05-21 12:55:45 - [TEST_STEP][PASSED] - click: Object: 'Object Repository/Schedule9/Page_KDMC - CMS/button_Add' is clicked on

2018-05-21 12:55:45 - [MESSAGE][PASSED] - Object: 'Object Repository/Schedule9/Page_KDMC - CMS/button_Add' is clicked on

2018-05-21 12:55:45 - [TEST_STEP][PASSED] - selectOptionByIndex: All options with index in [9] are selected on object 'Object Repository/Schedule9/Page_KDMC - CMS/select_--Select--Schedule 1Inj'

2018-05-21 12:55:46 - [MESSAGE][PASSED] - All options with index in [9] are selected on object 'Object Repository/Schedule9/Page_KDMC - CMS/select_--Select--Schedule 1Inj'

2018-05-21 12:55:46 - [TEST_STEP][PASSED] - selectOptionByIndex: All options with index in [17] are selected on object 'Object Repository/Schedule9/Page_KDMC - CMS/select_--Select--Blood Transfu'

2018-05-21 12:55:47 - [MESSAGE][PASSED] - All options with index in [17] are selected on object 'Object Repository/Schedule9/Page_KDMC - CMS/select_--Select--Blood Transfu'

2018-05-21 12:55:47 - [TEST_STEP][PASSED] - setText: Text '5000' is set on object 'Object Repository/Schedule9/Page_KDMC - CMS/input_txttreat'

2018-05-21 12:55:47 - [MESSAGE][PASSED] - Text '5000' is set on object 'Object Repository/Schedule9/Page_KDMC - CMS/input_txttreat'

2018-05-21 12:55:47 - [TEST_STEP][PASSED] - click: Object: 'Object Repository/Schedule9/Page_KDMC - CMS/button_Add' is clicked on

2018-05-21 12:55:47 - [MESSAGE][PASSED] - Object: 'Object Repository/Schedule9/Page_KDMC - CMS/button_Add' is clicked on

2018-05-21 12:55:47 - [TEST_STEP][PASSED] - selectOptionByIndex: All options with index in [9] are selected on object 'Object Repository/Schedule9/Page_KDMC - CMS/select_--Select--Schedule 1Inj'

2018-05-21 12:55:47 - [MESSAGE][PASSED] - All options with index in [9] are selected on object 'Object Repository/Schedule9/Page_KDMC - CMS/select_--Select--Schedule 1Inj'

2018-05-21 12:55:47 - [TEST_STEP][PASSED] - selectOptionByIndex: All options with index in [18] are selected on object 'Object Repository/Schedule9/Page_KDMC - CMS/select_--Select--Blood Transfu'

2018-05-21 12:55:47 - [MESSAGE][PASSED] - All options with index in [18] are selected on object 'Object Repository/Schedule9/Page_KDMC - CMS/select_--Select--Blood Transfu'

2018-05-21 12:55:47 - [TEST_STEP][PASSED] - setText: Text '5000' is set on object 'Object Repository/Schedule9/Page_KDMC - CMS/input_txttreat'

2018-05-21 12:55:47 - [MESSAGE][PASSED] - Text '5000' is set on object 'Object Repository/Schedule9/Page_KDMC - CMS/input_txttreat'

2018-05-21 12:55:47 - [TEST_STEP][PASSED] - click: Object: 'Object Repository/Schedule9/Page_KDMC - CMS/button_Add' is clicked on

2018-05-21 12:55:47 - [MESSAGE][PASSED] - Object: 'Object Repository/Schedule9/Page_KDMC - CMS/button_Add' is clicked on

2018-05-21 12:55:47 - [TEST_STEP][PASSED] - selectOptionByIndex: All options with index in [9] are selected on object 'Object Repository/Schedule9/Page_KDMC - CMS/select_--Select--Schedule 1Inj'

2018-05-21 12:55:47 - [MESSAGE][PASSED] - All options with index in [9] are selected on object 'Object Repository/Schedule9/Page_KDMC - CMS/select_--Select--Schedule 1Inj'

2018-05-21 12:55:47 - [TEST_STEP][PASSED] - selectOptionByIndex: All options with index in [19] are selected on object 'Object Repository/Schedule9/Page_KDMC - CMS/select_--Select--Blood Transfu'

2018-05-21 12:55:48 - [MESSAGE][PASSED] - All options with index in [19] are selected on object 'Object Repository/Schedule9/Page_KDMC - CMS/select_--Select--Blood Transfu'

2018-05-21 12:55:48 - [TEST_STEP][PASSED] - setText: Text '5000' is set on object 'Object Repository/Schedule9/Page_KDMC - CMS/input_txttreat'

2018-05-21 12:55:48 - [MESSAGE][PASSED] - Text '5000' is set on object 'Object Repository/Schedule9/Page_KDMC - CMS/input_txttreat'

2018-05-21 12:55:48 - [TEST_STEP][PASSED] - click: Object: 'Object Repository/Schedule9/Page_KDMC - CMS/button_Add' is clicked on

2018-05-21 12:55:48 - [MESSAGE][PASSED] - Object: 'Object Repository/Schedule9/Page_KDMC - CMS/button_Add' is clicked on

2018-05-21 12:55:48 - [TEST_STEP][PASSED] - selectOptionByIndex: All options with index in [9] are selected on object 'Object Repository/Schedule9/Page_KDMC - CMS/select_--Select--Schedule 1Inj'

2018-05-21 12:55:48 - [MESSAGE][PASSED] - All options with index in [9] are selected on object 'Object Repository/Schedule9/Page_KDMC - CMS/select_--Select--Schedule 1Inj'

2018-05-21 12:55:48 - [TEST_STEP][PASSED] - selectOptionByIndex: All options with index in [20] are selected on object 'Object Repository/Schedule9/Page_KDMC - CMS/select_--Select--Blood Transfu'

2018-05-21 12:55:48 - [MESSAGE][PASSED] - All options with index in [20] are selected on object 'Object Repository/Schedule9/Page_KDMC - CMS/select_--Select--Blood Transfu'

2018-05-21 12:55:48 - [TEST_STEP][PASSED] - setText: Text '5000' is set on object 'Object Repository/Schedule9/Page_KDMC - CMS/input_txttreat'

2018-05-21 12:55:48 - [MESSAGE][PASSED] - Text '5000' is set on object 'Object Repository/Schedule9/Page_KDMC - CMS/input_txttreat'

2018-05-21 12:55:48 - [TEST_STEP][PASSED] - click: Object: 'Object Repository/Schedule9/Page_KDMC - CMS/button_Add' is clicked on

2018-05-21 12:55:49 - [MESSAGE][PASSED] - Object: 'Object Repository/Schedule9/Page_KDMC - CMS/button_Add' is clicked on

2018-05-21 12:55:49 - [TEST_STEP][PASSED] - selectOptionByIndex: All options with index in [9] are selected on object 'Object Repository/Schedule9/Page_KDMC - CMS/select_--Select--Schedule 1Inj'

2018-05-21 12:55:49 - [MESSAGE][PASSED] - All options with index in [9] are selected on object 'Object Repository/Schedule9/Page_KDMC - CMS/select_--Select--Schedule 1Inj'

2018-05-21 12:55:49 - [TEST_STEP][PASSED] - selectOptionByIndex: All options with index in [21] are selected on object 'Object Repository/Schedule9/Page_KDMC - CMS/select_--Select--Blood Transfu'

2018-05-21 12:55:49 - [MESSAGE][PASSED] - All options with index in [21] are selected on object 'Object Repository/Schedule9/Page_KDMC - CMS/select_--Select--Blood Transfu'

2018-05-21 12:55:49 - [TEST_STEP][PASSED] - setText: Text '5000' is set on object 'Object Repository/Schedule9/Page_KDMC - CMS/input_txttreat'

2018-05-21 12:55:49 - [MESSAGE][PASSED] - Text '5000' is set on object 'Object Repository/Schedule9/Page_KDMC - CMS/input_txttreat'

2018-05-21 12:55:49 - [TEST_STEP][PASSED] - click: Object: 'Object Repository/Schedule9/Page_KDMC - CMS/button_Add' is clicked on

2018-05-21 12:55:49 - [MESSAGE][PASSED] - Object: 'Object Repository/Schedule9/Page_KDMC - CMS/button_Add' is clicked on

2018-05-21 12:55:49 - [TEST_STEP][PASSED] - selectOptionByIndex: All options with index in [9] are selected on object 'Object Repository/Schedule9/Page_KDMC - CMS/select_--Select--Schedule 1Inj'

2018-05-21 12:55:49 - [MESSAGE][PASSED] - All options with index in [9] are selected on object 'Object Repository/Schedule9/Page_KDMC - CMS/select_--Select--Schedule 1Inj'

2018-05-21 12:55:49 - [TEST_STEP][PASSED] - selectOptionByIndex: All options with index in [22] are selected on object 'Object Repository/Schedule9/Page_KDMC - CMS/select_--Select--Blood Transfu'

2018-05-21 12:55:50 - [MESSAGE][PASSED] - All options with index in [22] are selected on object 'Object Repository/Schedule9/Page_KDMC - CMS/select_--Select--Blood Transfu'

2018-05-21 12:55:50 - [TEST_STEP][PASSED] - setText: Text '5000' is set on object 'Object Repository/Schedule9/Page_KDMC - CMS/input_txttreat'

2018-05-21 12:55:50 - [MESSAGE][PASSED] - Text '5000' is set on object 'Object Repository/Schedule9/Page_KDMC - CMS/input_txttreat'

2018-05-21 12:55:50 - [TEST_STEP][PASSED] - click: Object: 'Object Repository/Schedule9/Page_KDMC - CMS/button_Add' is clicked on

2018-05-21 12:55:50 - [MESSAGE][PASSED] - Object: 'Object Repository/Schedule9/Page_KDMC - CMS/button_Add' is clicked on

2018-05-21 12:55:50 - [TEST_STEP][PASSED] - selectOptionByIndex: All options with index in [9] are selected on object 'Object Repository/Schedule9/Page_KDMC - CMS/select_--Select--Schedule 1Inj'

2018-05-21 12:55:50 - [MESSAGE][PASSED] - All options with index in [9] are selected on object 'Object Repository/Schedule9/Page_KDMC - CMS/select_--Select--Schedule 1Inj'

2018-05-21 12:55:50 - [TEST_STEP][PASSED] - selectOptionByIndex: All options with index in [23] are selected on object 'Object Repository/Schedule9/Page_KDMC - CMS/select_--Select--Blood Transfu'

2018-05-21 12:55:50 - [MESSAGE][PASSED] - All options with index in [23] are selected on object 'Object Repository/Schedule9/Page_KDMC - CMS/select_--Select--Blood Transfu'

2018-05-21 12:55:50 - [TEST_STEP][PASSED] - setText: Text '5000' is set on object 'Object Repository/Schedule9/Page_KDMC - CMS/input_txttreat'

2018-05-21 12:55:50 - [MESSAGE][PASSED] - Text '5000' is set on object 'Object Repository/Schedule9/Page_KDMC - CMS/input_txttreat'

2018-05-21 12:55:50 - [TEST_STEP][PASSED] - click: Object: 'Object Repository/Schedule9/Page_KDMC - CMS/button_Add' is clicked on

2018-05-21 12:55:50 - [MESSAGE][PASSED] - Object: 'Object Repository/Schedule9/Page_KDMC - CMS/button_Add' is clicked on

2018-05-21 12:55:50 - [TEST_STEP][PASSED] - selectOptionByIndex: All options with index in [9] are selected on object 'Object Repository/Schedule9/Page_KDMC - CMS/select_--Select--Schedule 1Inj'

2018-05-21 12:55:51 - [MESSAGE][PASSED] - All options with index in [9] are selected on object 'Object Repository/Schedule9/Page_KDMC - CMS/select_--Select--Schedule 1Inj'

2018-05-21 12:55:51 - [TEST_STEP][PASSED] - selectOptionByIndex: All options with index in [24] are selected on object 'Object Repository/Schedule9/Page_KDMC - CMS/select_--Select--Blood Transfu'

2018-05-21 12:55:51 - [MESSAGE][PASSED] - All options with index in [24] are selected on object 'Object Repository/Schedule9/Page_KDMC - CMS/select_--Select--Blood Transfu'

2018-05-21 12:55:51 - [TEST_STEP][PASSED] - setText: Text '5000' is set on object 'Object Repository/Schedule9/Page_KDMC - CMS/input_txttreat'

2018-05-21 12:55:52 - [MESSAGE][PASSED] - Text '5000' is set on object 'Object Repository/Schedule9/Page_KDMC - CMS/input_txttreat'

2018-05-21 12:55:52 - [TEST_STEP][PASSED] - click: Object: 'Object Repository/Schedule9/Page_KDMC - CMS/button_Add' is clicked on

2018-05-21 12:55:52 - [MESSAGE][PASSED] - Object: 'Object Repository/Schedule9/Page_KDMC - CMS/button_Add' is clicked on

2018-05-21 12:55:52 - [TEST_STEP][PASSED] - selectOptionByIndex: All options with index in [9] are selected on object 'Object Repository/Schedule9/Page_KDMC - CMS/select_--Select--Schedule 1Inj'

2018-05-21 12:55:52 - [MESSAGE][PASSED] - All options with index in [9] are selected on object 'Object Repository/Schedule9/Page_KDMC - CMS/select_--Select--Schedule 1Inj'

2018-05-21 12:55:52 - [TEST_STEP][PASSED] - selectOptionByIndex: All options with index in [25] are selected on object 'Object Repository/Schedule9/Page_KDMC - CMS/select_--Select--Blood Transfu'

2018-05-21 12:55:53 - [MESSAGE][PASSED] - All options with index in [25] are selected on object 'Object Repository/Schedule9/Page_KDMC - CMS/select_--Select--Blood Transfu'

2018-05-21 12:55:53 - [TEST_STEP][PASSED] - setText: Text '5000' is set on object 'Object Repository/Schedule9/Page_KDMC - CMS/input_txttreat'

2018-05-21 12:55:53 - [MESSAGE][PASSED] - Text '5000' is set on object 'Object Repository/Schedule9/Page_KDMC - CMS/input_txttreat'

2018-05-21 12:55:53 - [TEST_STEP][PASSED] - click: Object: 'Object Repository/Schedule9/Page_KDMC - CMS/button_Add' is clicked on

2018-05-21 12:55:53 - [MESSAGE][PASSED] - Object: 'Object Repository/Schedule9/Page_KDMC - CMS/button_Add' is clicked on

2018-05-21 12:55:53 - [TEST_STEP][PASSED] - selectOptionByIndex: All options with index in [9] are selected on object 'Object Repository/Schedule9/Page_KDMC - CMS/select_--Select--Schedule 1Inj'

2018-05-21 12:55:53 - [MESSAGE][PASSED] - All options with index in [9] are selected on object 'Object Repository/Schedule9/Page_KDMC - CMS/select_--Select--Schedule 1Inj'

2018-05-21 12:55:53 - [TEST_STEP][PASSED] - selectOptionByIndex: All options with index in [26] are selected on object 'Object Repository/Schedule9/Page_KDMC - CMS/select_--Select--Blood Transfu'

2018-05-21 12:55:53 - [MESSAGE][PASSED] - All options with index in [26] are selected on object 'Object Repository/Schedule9/Page_KDMC - CMS/select_--Select--Blood Transfu'

2018-05-21 12:55:53 - [TEST_STEP][PASSED] - setText: Text '5000' is set on object 'Object Repository/Schedule9/Page_KDMC - CMS/input_txttreat'

2018-05-21 12:55:53 - [MESSAGE][PASSED] - Text '5000' is set on object 'Object Repository/Schedule9/Page_KDMC - CMS/input_txttreat'

2018-05-21 12:55:53 - [TEST_STEP][PASSED] - click: Object: 'Object Repository/Schedule9/Page_KDMC - CMS/button_Add' is clicked on

2018-05-21 12:55:53 - [MESSAGE][PASSED] - Object: 'Object Repository/Schedule9/Page_KDMC - CMS/button_Add' is clicked on

2018-05-21 12:55:53 - [TEST_STEP][PASSED] - selectOptionByIndex: All options with index in [9] are selected on object 'Object Repository/Schedule9/Page_KDMC - CMS/select_--Select--Schedule 1Inj'

2018-05-21 12:55:54 - [MESSAGE][PASSED] - All options with index in [9] are selected on object 'Object Repository/Schedule9/Page_KDMC - CMS/select_--Select--Schedule 1Inj'

2018-05-21 12:55:54 - [TEST_STEP][PASSED] - selectOptionByIndex: All options with index in [27] are selected on object 'Object Repository/Schedule9/Page_KDMC - CMS/select_--Select--Blood Transfu'

2018-05-21 12:55:54 - [MESSAGE][PASSED] - All options with index in [27] are selected on object 'Object Repository/Schedule9/Page_KDMC - CMS/select_--Select--Blood Transfu'

2018-05-21 12:55:54 - [TEST_STEP][PASSED] - setText: Text '5000' is set on object 'Object Repository/Schedule9/Page_KDMC - CMS/input_txttreat'

2018-05-21 12:55:54 - [MESSAGE][PASSED] - Text '5000' is set on object 'Object Repository/Schedule9/Page_KDMC - CMS/input_txttreat'

2018-05-21 12:55:54 - [TEST_STEP][PASSED] - click: Object: 'Object Repository/Schedule9/Page_KDMC - CMS/button_Add' is clicked on

2018-05-21 12:55:54 - [MESSAGE][PASSED] - Object: 'Object Repository/Schedule9/Page_KDMC - CMS/button_Add' is clicked on

2018-05-21 12:55:54 - [TEST_STEP][PASSED] - selectOptionByIndex: All options with index in [9] are selected on object 'Object Repository/Schedule9/Page_KDMC - CMS/select_--Select--Schedule 1Inj'

2018-05-21 12:55:54 - [MESSAGE][PASSED] - All options with index in [9] are selected on object 'Object Repository/Schedule9/Page_KDMC - CMS/select_--Select--Schedule 1Inj'

2018-05-21 12:55:54 - [TEST_STEP][PASSED] - selectOptionByIndex: All options with index in [28] are selected on object 'Object Repository/Schedule9/Page_KDMC - CMS/select_--Select--Blood Transfu'

2018-05-21 12:55:55 - [MESSAGE][PASSED] - All options with index in [28] are selected on object 'Object Repository/Schedule9/Page_KDMC - CMS/select_--Select--Blood Transfu'

2018-05-21 12:55:55 - [TEST_STEP][PASSED] - setText: Text '5000' is set on object 'Object Repository/Schedule9/Page_KDMC - CMS/input_txttreat'

2018-05-21 12:55:55 - [MESSAGE][PASSED] - Text '5000' is set on object 'Object Repository/Schedule9/Page_KDMC - CMS/input_txttreat'

2018-05-21 12:55:55 - [TEST_STEP][PASSED] - click: Object: 'Object Repository/Schedule9/Page_KDMC - CMS/button_Add' is clicked on

2018-05-21 12:55:55 - [MESSAGE][PASSED] - Object: 'Object Repository/Schedule9/Page_KDMC - CMS/button_Add' is clicked on

2018-05-21 12:55:55 - [TEST_STEP][PASSED] - selectOptionByIndex: All options with index in [9] are selected on object 'Object Repository/Schedule9/Page_KDMC - CMS/select_--Select--Schedule 1Inj'

2018-05-21 12:55:55 - [MESSAGE][PASSED] - All options with index in [9] are selected on object 'Object Repository/Schedule9/Page_KDMC - CMS/select_--Select--Schedule 1Inj'

2018-05-21 12:55:55 - [TEST_STEP][PASSED] - selectOptionByIndex: All options with index in [29] are selected on object 'Object Repository/Schedule9/Page_KDMC - CMS/select_--Select--Blood Transfu'

2018-05-21 12:55:55 - [MESSAGE][PASSED] - All options with index in [29] are selected on object 'Object Repository/Schedule9/Page_KDMC - CMS/select_--Select--Blood Transfu'

2018-05-21 12:55:55 - [TEST_STEP][PASSED] - setText: Text '5000' is set on object 'Object Repository/Schedule9/Page_KDMC - CMS/input_txttreat'

2018-05-21 12:55:56 - [MESSAGE][PASSED] - Text '5000' is set on object 'Object Repository/Schedule9/Page_KDMC - CMS/input_txttreat'

2018-05-21 12:55:56 - [TEST_STEP][PASSED] - click: Object: 'Object Repository/Schedule9/Page_KDMC - CMS/button_Add' is clicked on

2018-05-21 12:55:56 - [MESSAGE][PASSED] - Object: 'Object Repository/Schedule9/Page_KDMC - CMS/button_Add' is clicked on

2018-05-21 12:55:56 - [TEST_STEP][PASSED] - selectOptionByIndex: All options with index in [9] are selected on object 'Object Repository/Schedule9/Page_KDMC - CMS/select_--Select--Schedule 1Inj'

2018-05-21 12:55:56 - [MESSAGE][PASSED] - All options with index in [9] are selected on object 'Object Repository/Schedule9/Page_KDMC - CMS/select_--Select--Schedule 1Inj'

2018-05-21 12:55:56 - [TEST_STEP][PASSED] - selectOptionByIndex: All options with index in [30] are selected on object 'Object Repository/Schedule9/Page_KDMC - CMS/select_--Select--Blood Transfu'

2018-05-21 12:55:56 - [MESSAGE][PASSED] - All options with index in [30] are selected on object 'Object Repository/Schedule9/Page_KDMC - CMS/select_--Select--Blood Transfu'

2018-05-21 12:55:56 - [TEST_STEP][PASSED] - setText: Text '5000' is set on object 'Object Repository/Schedule9/Page_KDMC - CMS/input_txttreat'

2018-05-21 12:55:56 - [MESSAGE][PASSED] - Text '5000' is set on object 'Object Repository/Schedule9/Page_KDMC - CMS/input_txttreat'

2018-05-21 12:55:56 - [TEST_STEP][PASSED] - click: Object: 'Object Repository/Schedule9/Page_KDMC - CMS/button_Add' is clicked on

2018-05-21 12:55:56 - [MESSAGE][PASSED] - Object: 'Object Repository/Schedule9/Page_KDMC - CMS/button_Add' is clicked on

2018-05-21 12:55:56 - [TEST_STEP][PASSED] - selectOptionByIndex: All options with index in [9] are selected on object 'Object Repository/Schedule9/Page_KDMC - CMS/select_--Select--Schedule 1Inj'

2018-05-21 12:55:56 - [MESSAGE][PASSED] - All options with index in [9] are selected on object 'Object Repository/Schedule9/Page_KDMC - CMS/select_--Select--Schedule 1Inj'

2018-05-21 12:55:56 - [TEST_STEP][PASSED] - selectOptionByIndex: All options with index in [31] are selected on object 'Object Repository/Schedule9/Page_KDMC - CMS/select_--Select--Blood Transfu'

2018-05-21 12:55:57 - [MESSAGE][PASSED] - All options with index in [31] are selected on object 'Object Repository/Schedule9/Page_KDMC - CMS/select_--Select--Blood Transfu'

2018-05-21 12:55:57 - [TEST_STEP][PASSED] - setText: Text '5000' is set on object 'Object Repository/Schedule9/Page_KDMC - CMS/input_txttreat'

2018-05-21 12:55:57 - [MESSAGE][PASSED] - Text '5000' is set on object 'Object Repository/Schedule9/Page_KDMC - CMS/input_txttreat'

2018-05-21 12:55:57 - [TEST_STEP][PASSED] - click: Object: 'Object Repository/Schedule9/Page_KDMC - CMS/button_Add' is clicked on

2018-05-21 12:55:57 - [MESSAGE][PASSED] - Object: 'Object Repository/Schedule9/Page_KDMC - CMS/button_Add' is clicked on

2018-05-21 12:55:57 - [TEST_STEP][PASSED] - selectOptionByIndex: All options with index in [9] are selected on object 'Object Repository/Schedule9/Page_KDMC - CMS/select_--Select--Schedule 1Inj'

2018-05-21 12:55:57 - [MESSAGE][PASSED] - All options with index in [9] are selected on object 'Object Repository/Schedule9/Page_KDMC - CMS/select_--Select--Schedule 1Inj'

2018-05-21 12:55:57 - [TEST_STEP][PASSED] - selectOptionByIndex: All options with index in [32] are selected on object 'Object Repository/Schedule9/Page_KDMC - CMS/select_--Select--Blood Transfu'

2018-05-21 12:55:58 - [MESSAGE][PASSED] - All options with index in [32] are selected on object 'Object Repository/Schedule9/Page_KDMC - CMS/select_--Select--Blood Transfu'

2018-05-21 12:55:58 - [TEST_STEP][PASSED] - setText: Text '5000' is set on object 'Object Repository/Schedule9/Page_KDMC - CMS/input_txttreat'

2018-05-21 12:55:58 - [MESSAGE][PASSED] - Text '5000' is set on object 'Object Repository/Schedule9/Page_KDMC - CMS/input_txttreat'

2018-05-21 12:55:58 - [TEST_STEP][PASSED] - click: Object: 'Object Repository/Schedule9/Page_KDMC - CMS/button_Add' is clicked on

2018-05-21 12:55:58 - [MESSAGE][PASSED] - Object: 'Object Repository/Schedule9/Page_KDMC - CMS/button_Add' is clicked on

2018-05-21 12:55:58 - [TEST_STEP][PASSED] - selectOptionByIndex: All options with index in [9] are selected on object 'Object Repository/Schedule9/Page_KDMC - CMS/select_--Select--Schedule 1Inj'

2018-05-21 12:55:58 - [MESSAGE][PASSED] - All options with index in [9] are selected on object 'Object Repository/Schedule9/Page_KDMC - CMS/select_--Select--Schedule 1Inj'

2018-05-21 12:55:58 - [TEST_STEP][PASSED] - selectOptionByIndex: All options with index in [33] are selected on object 'Object Repository/Schedule9/Page_KDMC - CMS/select_--Select--Blood Transfu'

2018-05-21 12:55:58 - [MESSAGE][PASSED] - All options with index in [33] are selected on object 'Object Repository/Schedule9/Page_KDMC - CMS/select_--Select--Blood Transfu'

2018-05-21 12:55:58 - [TEST_STEP][PASSED] - setText: Text '5000' is set on object 'Object Repository/Schedule9/Page_KDMC - CMS/input_txttreat'

2018-05-21 12:55:59 - [MESSAGE][PASSED] - Text '5000' is set on object 'Object Repository/Schedule9/Page_KDMC - CMS/input_txttreat'

2018-05-21 12:55:59 - [TEST_STEP][PASSED] - click: Object: 'Object Repository/Schedule9/Page_KDMC - CMS/button_Add' is clicked on

2018-05-21 12:55:59 - [MESSAGE][PASSED] - Object: 'Object Repository/Schedule9/Page_KDMC - CMS/button_Add' is clicked on

2018-05-21 12:55:59 - [TEST_STEP][PASSED] - selectOptionByIndex: All options with index in [9] are selected on object 'Object Repository/Schedule9/Page_KDMC - CMS/select_--Select--Schedule 1Inj'

2018-05-21 12:55:59 - [MESSAGE][PASSED] - All options with index in [9] are selected on object 'Object Repository/Schedule9/Page_KDMC - CMS/select_--Select--Schedule 1Inj'

2018-05-21 12:55:59 - [TEST_STEP][PASSED] - selectOptionByIndex: All options with index in [34] are selected on object 'Object Repository/Schedule9/Page_KDMC - CMS/select_--Select--Blood Transfu'

2018-05-21 12:56:00 - [MESSAGE][PASSED] - All options with index in [34] are selected on object 'Object Repository/Schedule9/Page_KDMC - CMS/select_--Select--Blood Transfu'

2018-05-21 12:56:00 - [TEST_STEP][PASSED] - setText: Text '5000' is set on object 'Object Repository/Schedule9/Page_KDMC - CMS/input_txttreat'

2018-05-21 12:56:00 - [MESSAGE][PASSED] - Text '5000' is set on object 'Object Repository/Schedule9/Page_KDMC - CMS/input_txttreat'

2018-05-21 12:56:00 - [TEST_STEP][PASSED] - click: Object: 'Object Repository/Schedule9/Page_KDMC - CMS/button_Add' is clicked on

2018-05-21 12:56:00 - [MESSAGE][PASSED] - Object: 'Object Repository/Schedule9/Page_KDMC - CMS/button_Add' is clicked on

2018-05-21 12:56:00 - [TEST_STEP][PASSED] - selectOptionByIndex: All options with index in [9] are selected on object 'Object Repository/Schedule9/Page_KDMC - CMS/select_--Select--Schedule 1Inj'

2018-05-21 12:56:00 - [MESSAGE][PASSED] - All options with index in [9] are selected on object 'Object Repository/Schedule9/Page_KDMC - CMS/select_--Select--Schedule 1Inj'

2018-05-21 12:56:00 - [TEST_STEP][PASSED] - selectOptionByIndex: All options with index in [35] are selected on object 'Object Repository/Schedule9/Page_KDMC - CMS/select_--Select--Blood Transfu'

2018-05-21 12:56:01 - [MESSAGE][PASSED] - All options with index in [35] are selected on object 'Object Repository/Schedule9/Page_KDMC - CMS/select_--Select--Blood Transfu'

2018-05-21 12:56:01 - [TEST_STEP][PASSED] - setText: Text '5000' is set on object 'Object Repository/Schedule9/Page_KDMC - CMS/input_txttreat'

2018-05-21 12:56:01 - [MESSAGE][PASSED] - Text '5000' is set on object 'Object Repository/Schedule9/Page_KDMC - CMS/input_txttreat'

2018-05-21 12:56:01 - [TEST_STEP][PASSED] - click: Object: 'Object Repository/Schedule9/Page_KDMC - CMS/button_Add' is clicked on

2018-05-21 12:56:01 - [MESSAGE][PASSED] - Object: 'Object Repository/Schedule9/Page_KDMC - CMS/button_Add' is clicked on

2018-05-21 12:56:01 - [TEST_STEP][PASSED] - scrollToElement: Scroll to object 'Object Repository/Schedule9/Page_KDMC - CMS/input_btnsave' successfully

2018-05-21 12:56:01 - [MESSAGE][PASSED] - Scroll to object 'Object Repository/Schedule9/Page_KDMC - CMS/input_btnsave' successfully

2018-05-21 12:56:01 - [TEST_STEP][PASSED] - click: Object: 'Object Repository/Schedule9/Page_KDMC - CMS/input_btnsave' is clicked on

2018-05-21 12:56:01 - [MESSAGE][PASSED] - Object: 'Object Repository/Schedule9/Page_KDMC - CMS/input_btnsave' is clicked on

2018-05-21 12:56:01 - [TEST_STEP][PASSED] - waitForElementPresent: Object 'Object Repository/Schedule9/Page_KDMC - CMS/button_OK' is present

2018-05-21 12:56:01 - [MESSAGE][PASSED] - Object 'Object Repository/Schedule9/Page_KDMC - CMS/button_OK' is present

2018-05-21 12:56:01 - [TEST_STEP][PASSED] - click: Object: 'Object Repository/Schedule9/Page_KDMC - CMS/button_OK' is clicked on

2018-05-21 12:56:02 - [MESSAGE][PASSED] - Object: 'Object Repository/Schedule9/Page_KDMC - CMS/button_OK' is clicked on

2018-05-21 12:56:02 - [TEST_STEP][PASSED] - click: Object: 'Object Repository/Schedule9/Page_KDMC - CMS/a_dropdown-toggle' is clicked on

2018-05-21 12:56:03 - [MESSAGE][PASSED] - Object: 'Object Repository/Schedule9/Page_KDMC - CMS/a_dropdown-toggle' is clicked on

2018-05-21 12:56:03 - [TEST_STEP][PASSED] - delay: Delayed 3 second(s)

2018-05-21 12:56:06 - [MESSAGE][PASSED] - Delayed 3 second(s)

2018-05-21 12:56:06 - [TEST_STEP][PASSED] - click: Object: 'Object Repository/Schedule9/Page_KDMC - CMS/a_Sign out' is clicked on

2018-05-21 12:56:06 - [MESSAGE][PASSED] - Object: 'Object Repository/Schedule9/Page_KDMC - CMS/a_Sign out' is clicked on

2018-05-21 12:56:06 - [TEST_STEP][PASSED] - closeBrowser: Browser is closed

2018-05-21 12:56:07 - [MESSAGE][PASSED] - Browser is closed]]></system-out>
         <system-err><![CDATA[]]></system-err>
      </testcase>
      <testcase name="Test Cases/TEST/MOH TO CMS REQUEST TEST CASES/MohRequestSchedule10" classname="Test Cases/TEST/MOH TO CMS REQUEST TEST CASES/MohRequestSchedule10" status="PASSED">
         <system-out><![CDATA[2018-05-21 12:56:07 - [TEST_CASE][PASSED] - Test Cases/TEST/MOH TO CMS REQUEST TEST CASES/MohRequestSchedule10: Test Cases/TEST/MOH TO CMS REQUEST TEST CASES/MohRequestSchedule10

2018-05-21 12:56:07 - [TEST_STEP][PASSED] - openBrowser: Browser is opened with url: ''

2018-05-21 12:56:09 - [MESSAGE][PASSED] - Browser is opened with url: ''

2018-05-21 12:56:09 - [TEST_STEP][PASSED] - navigateToUrl: Navigate to 'http://192.168.137.1/multihospital_new/' successfully

2018-05-21 12:56:12 - [MESSAGE][PASSED] - Navigate to 'http://192.168.137.1/multihospital_new/' successfully

2018-05-21 12:56:12 - [TEST_STEP][PASSED] - maximizeWindow: Current window maximized

2018-05-21 12:56:13 - [MESSAGE][PASSED] - Current window maximized

2018-05-21 12:56:13 - [TEST_STEP][PASSED] - click: Object: 'Object Repository/Schedule 10/Page_KDMC/a_CMS' is clicked on

2018-05-21 12:56:14 - [MESSAGE][PASSED] - Object: 'Object Repository/Schedule 10/Page_KDMC/a_CMS' is clicked on

2018-05-21 12:56:14 - [TEST_STEP][PASSED] - setText: Text 'bala' is set on object 'Object Repository/Schedule 10/Page_CMS login/input_txtusername'

2018-05-21 12:56:14 - [MESSAGE][PASSED] - Text 'bala' is set on object 'Object Repository/Schedule 10/Page_CMS login/input_txtusername'

2018-05-21 12:56:14 - [TEST_STEP][PASSED] - setText: Text '123' is set on object 'Object Repository/Schedule 10/Page_CMS login/input_txtpassword'

2018-05-21 12:56:14 - [MESSAGE][PASSED] - Text '123' is set on object 'Object Repository/Schedule 10/Page_CMS login/input_txtpassword'

2018-05-21 12:56:14 - [TEST_STEP][PASSED] - delay: Delayed 3 second(s)

2018-05-21 12:56:17 - [MESSAGE][PASSED] - Delayed 3 second(s)

2018-05-21 12:56:17 - [TEST_STEP][PASSED] - click: Object: 'Object Repository/Schedule 10/Page_CMS login/button_Sign in' is clicked on

2018-05-21 12:56:18 - [MESSAGE][PASSED] - Object: 'Object Repository/Schedule 10/Page_CMS login/button_Sign in' is clicked on

2018-05-21 12:56:18 - [TEST_STEP][PASSED] - click: Object: 'Object Repository/Schedule 10/Page_KDMC - CMS/a_Request to MOH' is clicked on

2018-05-21 12:56:18 - [MESSAGE][PASSED] - Object: 'Object Repository/Schedule 10/Page_KDMC - CMS/a_Request to MOH' is clicked on

2018-05-21 12:56:18 - [TEST_STEP][PASSED] - selectOptionByIndex: All options with index in [2] are selected on object 'Object Repository/Schedule 10/Page_KDMC - CMS/select_--Select--'

2018-05-21 12:56:19 - [MESSAGE][PASSED] - All options with index in [2] are selected on object 'Object Repository/Schedule 10/Page_KDMC - CMS/select_--Select--'

2018-05-21 12:56:19 - [TEST_STEP][PASSED] - selectOptionByIndex: All options with index in [10] are selected on object 'Object Repository/Schedule 10/Page_KDMC - CMS/select_--Select--Schedule 1Inj'

2018-05-21 12:56:19 - [MESSAGE][PASSED] - All options with index in [10] are selected on object 'Object Repository/Schedule 10/Page_KDMC - CMS/select_--Select--Schedule 1Inj'

2018-05-21 12:56:19 - [TEST_STEP][PASSED] - Statement - selectedoptions = com.kms.katalon.core.webui.keyword.WebUiBuiltInKeywords.getNumberOfTotalOption(com.kms.katalon.core.testobject.ObjectRepository.findTestObject(Schedule 10/Page_KDMC - CMS/select_--Select--Adjustable Mi)): 19 options of object 'Object Repository/Schedule 10/Page_KDMC - CMS/select_--Select--Adjustable Mi' counted

2018-05-21 12:56:19 - [MESSAGE][PASSED] - 19 options of object 'Object Repository/Schedule 10/Page_KDMC - CMS/select_--Select--Adjustable Mi' counted

2018-05-21 12:56:19 - [TEST_STEP][PASSED] - Statement - For ([c = 1, c < selectedoptions, (c++)]): Object: 'Object Repository/Schedule 10/Page_KDMC - CMS/button_Add' is clicked on

2018-05-21 12:56:19 - [TEST_STEP][PASSED] - selectOptionByIndex: All options with index in [10] are selected on object 'Object Repository/Schedule 10/Page_KDMC - CMS/select_--Select--Schedule 1Inj'

2018-05-21 12:56:19 - [MESSAGE][PASSED] - All options with index in [10] are selected on object 'Object Repository/Schedule 10/Page_KDMC - CMS/select_--Select--Schedule 1Inj'

2018-05-21 12:56:19 - [TEST_STEP][PASSED] - selectOptionByIndex: All options with index in [1] are selected on object 'Object Repository/Schedule 10/Page_KDMC - CMS/select_--Select--Adjustable Mi'

2018-05-21 12:56:19 - [MESSAGE][PASSED] - All options with index in [1] are selected on object 'Object Repository/Schedule 10/Page_KDMC - CMS/select_--Select--Adjustable Mi'

2018-05-21 12:56:19 - [TEST_STEP][PASSED] - setText: Text '500' is set on object 'Object Repository/Schedule 10/Page_KDMC - CMS/input_txttreat'

2018-05-21 12:56:19 - [MESSAGE][PASSED] - Text '500' is set on object 'Object Repository/Schedule 10/Page_KDMC - CMS/input_txttreat'

2018-05-21 12:56:19 - [TEST_STEP][PASSED] - click: Object: 'Object Repository/Schedule 10/Page_KDMC - CMS/button_Add' is clicked on

2018-05-21 12:56:19 - [MESSAGE][PASSED] - Object: 'Object Repository/Schedule 10/Page_KDMC - CMS/button_Add' is clicked on

2018-05-21 12:56:19 - [TEST_STEP][PASSED] - selectOptionByIndex: All options with index in [10] are selected on object 'Object Repository/Schedule 10/Page_KDMC - CMS/select_--Select--Schedule 1Inj'

2018-05-21 12:56:19 - [MESSAGE][PASSED] - All options with index in [10] are selected on object 'Object Repository/Schedule 10/Page_KDMC - CMS/select_--Select--Schedule 1Inj'

2018-05-21 12:56:19 - [TEST_STEP][PASSED] - selectOptionByIndex: All options with index in [2] are selected on object 'Object Repository/Schedule 10/Page_KDMC - CMS/select_--Select--Adjustable Mi'

2018-05-21 12:56:20 - [MESSAGE][PASSED] - All options with index in [2] are selected on object 'Object Repository/Schedule 10/Page_KDMC - CMS/select_--Select--Adjustable Mi'

2018-05-21 12:56:20 - [TEST_STEP][PASSED] - setText: Text '500' is set on object 'Object Repository/Schedule 10/Page_KDMC - CMS/input_txttreat'

2018-05-21 12:56:20 - [MESSAGE][PASSED] - Text '500' is set on object 'Object Repository/Schedule 10/Page_KDMC - CMS/input_txttreat'

2018-05-21 12:56:20 - [TEST_STEP][PASSED] - click: Object: 'Object Repository/Schedule 10/Page_KDMC - CMS/button_Add' is clicked on

2018-05-21 12:56:20 - [MESSAGE][PASSED] - Object: 'Object Repository/Schedule 10/Page_KDMC - CMS/button_Add' is clicked on

2018-05-21 12:56:20 - [TEST_STEP][PASSED] - selectOptionByIndex: All options with index in [10] are selected on object 'Object Repository/Schedule 10/Page_KDMC - CMS/select_--Select--Schedule 1Inj'

2018-05-21 12:56:20 - [MESSAGE][PASSED] - All options with index in [10] are selected on object 'Object Repository/Schedule 10/Page_KDMC - CMS/select_--Select--Schedule 1Inj'

2018-05-21 12:56:20 - [TEST_STEP][PASSED] - selectOptionByIndex: All options with index in [3] are selected on object 'Object Repository/Schedule 10/Page_KDMC - CMS/select_--Select--Adjustable Mi'

2018-05-21 12:56:20 - [MESSAGE][PASSED] - All options with index in [3] are selected on object 'Object Repository/Schedule 10/Page_KDMC - CMS/select_--Select--Adjustable Mi'

2018-05-21 12:56:20 - [TEST_STEP][PASSED] - setText: Text '500' is set on object 'Object Repository/Schedule 10/Page_KDMC - CMS/input_txttreat'

2018-05-21 12:56:20 - [MESSAGE][PASSED] - Text '500' is set on object 'Object Repository/Schedule 10/Page_KDMC - CMS/input_txttreat'

2018-05-21 12:56:20 - [TEST_STEP][PASSED] - click: Object: 'Object Repository/Schedule 10/Page_KDMC - CMS/button_Add' is clicked on

2018-05-21 12:56:20 - [MESSAGE][PASSED] - Object: 'Object Repository/Schedule 10/Page_KDMC - CMS/button_Add' is clicked on

2018-05-21 12:56:20 - [TEST_STEP][PASSED] - selectOptionByIndex: All options with index in [10] are selected on object 'Object Repository/Schedule 10/Page_KDMC - CMS/select_--Select--Schedule 1Inj'

2018-05-21 12:56:20 - [MESSAGE][PASSED] - All options with index in [10] are selected on object 'Object Repository/Schedule 10/Page_KDMC - CMS/select_--Select--Schedule 1Inj'

2018-05-21 12:56:20 - [TEST_STEP][PASSED] - selectOptionByIndex: All options with index in [4] are selected on object 'Object Repository/Schedule 10/Page_KDMC - CMS/select_--Select--Adjustable Mi'

2018-05-21 12:56:20 - [MESSAGE][PASSED] - All options with index in [4] are selected on object 'Object Repository/Schedule 10/Page_KDMC - CMS/select_--Select--Adjustable Mi'

2018-05-21 12:56:20 - [TEST_STEP][PASSED] - setText: Text '500' is set on object 'Object Repository/Schedule 10/Page_KDMC - CMS/input_txttreat'

2018-05-21 12:56:21 - [MESSAGE][PASSED] - Text '500' is set on object 'Object Repository/Schedule 10/Page_KDMC - CMS/input_txttreat'

2018-05-21 12:56:21 - [TEST_STEP][PASSED] - click: Object: 'Object Repository/Schedule 10/Page_KDMC - CMS/button_Add' is clicked on

2018-05-21 12:56:21 - [MESSAGE][PASSED] - Object: 'Object Repository/Schedule 10/Page_KDMC - CMS/button_Add' is clicked on

2018-05-21 12:56:21 - [TEST_STEP][PASSED] - selectOptionByIndex: All options with index in [10] are selected on object 'Object Repository/Schedule 10/Page_KDMC - CMS/select_--Select--Schedule 1Inj'

2018-05-21 12:56:21 - [MESSAGE][PASSED] - All options with index in [10] are selected on object 'Object Repository/Schedule 10/Page_KDMC - CMS/select_--Select--Schedule 1Inj'

2018-05-21 12:56:21 - [TEST_STEP][PASSED] - selectOptionByIndex: All options with index in [5] are selected on object 'Object Repository/Schedule 10/Page_KDMC - CMS/select_--Select--Adjustable Mi'

2018-05-21 12:56:21 - [MESSAGE][PASSED] - All options with index in [5] are selected on object 'Object Repository/Schedule 10/Page_KDMC - CMS/select_--Select--Adjustable Mi'

2018-05-21 12:56:21 - [TEST_STEP][PASSED] - setText: Text '500' is set on object 'Object Repository/Schedule 10/Page_KDMC - CMS/input_txttreat'

2018-05-21 12:56:21 - [MESSAGE][PASSED] - Text '500' is set on object 'Object Repository/Schedule 10/Page_KDMC - CMS/input_txttreat'

2018-05-21 12:56:21 - [TEST_STEP][PASSED] - click: Object: 'Object Repository/Schedule 10/Page_KDMC - CMS/button_Add' is clicked on

2018-05-21 12:56:21 - [MESSAGE][PASSED] - Object: 'Object Repository/Schedule 10/Page_KDMC - CMS/button_Add' is clicked on

2018-05-21 12:56:21 - [TEST_STEP][PASSED] - selectOptionByIndex: All options with index in [10] are selected on object 'Object Repository/Schedule 10/Page_KDMC - CMS/select_--Select--Schedule 1Inj'

2018-05-21 12:56:21 - [MESSAGE][PASSED] - All options with index in [10] are selected on object 'Object Repository/Schedule 10/Page_KDMC - CMS/select_--Select--Schedule 1Inj'

2018-05-21 12:56:21 - [TEST_STEP][PASSED] - selectOptionByIndex: All options with index in [6] are selected on object 'Object Repository/Schedule 10/Page_KDMC - CMS/select_--Select--Adjustable Mi'

2018-05-21 12:56:22 - [MESSAGE][PASSED] - All options with index in [6] are selected on object 'Object Repository/Schedule 10/Page_KDMC - CMS/select_--Select--Adjustable Mi'

2018-05-21 12:56:22 - [TEST_STEP][PASSED] - setText: Text '500' is set on object 'Object Repository/Schedule 10/Page_KDMC - CMS/input_txttreat'

2018-05-21 12:56:22 - [MESSAGE][PASSED] - Text '500' is set on object 'Object Repository/Schedule 10/Page_KDMC - CMS/input_txttreat'

2018-05-21 12:56:22 - [TEST_STEP][PASSED] - click: Object: 'Object Repository/Schedule 10/Page_KDMC - CMS/button_Add' is clicked on

2018-05-21 12:56:22 - [MESSAGE][PASSED] - Object: 'Object Repository/Schedule 10/Page_KDMC - CMS/button_Add' is clicked on

2018-05-21 12:56:22 - [TEST_STEP][PASSED] - selectOptionByIndex: All options with index in [10] are selected on object 'Object Repository/Schedule 10/Page_KDMC - CMS/select_--Select--Schedule 1Inj'

2018-05-21 12:56:22 - [MESSAGE][PASSED] - All options with index in [10] are selected on object 'Object Repository/Schedule 10/Page_KDMC - CMS/select_--Select--Schedule 1Inj'

2018-05-21 12:56:22 - [TEST_STEP][PASSED] - selectOptionByIndex: All options with index in [7] are selected on object 'Object Repository/Schedule 10/Page_KDMC - CMS/select_--Select--Adjustable Mi'

2018-05-21 12:56:23 - [MESSAGE][PASSED] - All options with index in [7] are selected on object 'Object Repository/Schedule 10/Page_KDMC - CMS/select_--Select--Adjustable Mi'

2018-05-21 12:56:23 - [TEST_STEP][PASSED] - setText: Text '500' is set on object 'Object Repository/Schedule 10/Page_KDMC - CMS/input_txttreat'

2018-05-21 12:56:23 - [MESSAGE][PASSED] - Text '500' is set on object 'Object Repository/Schedule 10/Page_KDMC - CMS/input_txttreat'

2018-05-21 12:56:23 - [TEST_STEP][PASSED] - click: Object: 'Object Repository/Schedule 10/Page_KDMC - CMS/button_Add' is clicked on

2018-05-21 12:56:23 - [MESSAGE][PASSED] - Object: 'Object Repository/Schedule 10/Page_KDMC - CMS/button_Add' is clicked on

2018-05-21 12:56:23 - [TEST_STEP][PASSED] - selectOptionByIndex: All options with index in [10] are selected on object 'Object Repository/Schedule 10/Page_KDMC - CMS/select_--Select--Schedule 1Inj'

2018-05-21 12:56:23 - [MESSAGE][PASSED] - All options with index in [10] are selected on object 'Object Repository/Schedule 10/Page_KDMC - CMS/select_--Select--Schedule 1Inj'

2018-05-21 12:56:23 - [TEST_STEP][PASSED] - selectOptionByIndex: All options with index in [8] are selected on object 'Object Repository/Schedule 10/Page_KDMC - CMS/select_--Select--Adjustable Mi'

2018-05-21 12:56:24 - [MESSAGE][PASSED] - All options with index in [8] are selected on object 'Object Repository/Schedule 10/Page_KDMC - CMS/select_--Select--Adjustable Mi'

2018-05-21 12:56:24 - [TEST_STEP][PASSED] - setText: Text '500' is set on object 'Object Repository/Schedule 10/Page_KDMC - CMS/input_txttreat'

2018-05-21 12:56:24 - [MESSAGE][PASSED] - Text '500' is set on object 'Object Repository/Schedule 10/Page_KDMC - CMS/input_txttreat'

2018-05-21 12:56:24 - [TEST_STEP][PASSED] - click: Object: 'Object Repository/Schedule 10/Page_KDMC - CMS/button_Add' is clicked on

2018-05-21 12:56:24 - [MESSAGE][PASSED] - Object: 'Object Repository/Schedule 10/Page_KDMC - CMS/button_Add' is clicked on

2018-05-21 12:56:24 - [TEST_STEP][PASSED] - selectOptionByIndex: All options with index in [10] are selected on object 'Object Repository/Schedule 10/Page_KDMC - CMS/select_--Select--Schedule 1Inj'

2018-05-21 12:56:24 - [MESSAGE][PASSED] - All options with index in [10] are selected on object 'Object Repository/Schedule 10/Page_KDMC - CMS/select_--Select--Schedule 1Inj'

2018-05-21 12:56:24 - [TEST_STEP][PASSED] - selectOptionByIndex: All options with index in [9] are selected on object 'Object Repository/Schedule 10/Page_KDMC - CMS/select_--Select--Adjustable Mi'

2018-05-21 12:56:24 - [MESSAGE][PASSED] - All options with index in [9] are selected on object 'Object Repository/Schedule 10/Page_KDMC - CMS/select_--Select--Adjustable Mi'

2018-05-21 12:56:24 - [TEST_STEP][PASSED] - setText: Text '500' is set on object 'Object Repository/Schedule 10/Page_KDMC - CMS/input_txttreat'

2018-05-21 12:56:24 - [MESSAGE][PASSED] - Text '500' is set on object 'Object Repository/Schedule 10/Page_KDMC - CMS/input_txttreat'

2018-05-21 12:56:24 - [TEST_STEP][PASSED] - click: Object: 'Object Repository/Schedule 10/Page_KDMC - CMS/button_Add' is clicked on

2018-05-21 12:56:24 - [MESSAGE][PASSED] - Object: 'Object Repository/Schedule 10/Page_KDMC - CMS/button_Add' is clicked on

2018-05-21 12:56:24 - [TEST_STEP][PASSED] - selectOptionByIndex: All options with index in [10] are selected on object 'Object Repository/Schedule 10/Page_KDMC - CMS/select_--Select--Schedule 1Inj'

2018-05-21 12:56:24 - [MESSAGE][PASSED] - All options with index in [10] are selected on object 'Object Repository/Schedule 10/Page_KDMC - CMS/select_--Select--Schedule 1Inj'

2018-05-21 12:56:24 - [TEST_STEP][PASSED] - selectOptionByIndex: All options with index in [10] are selected on object 'Object Repository/Schedule 10/Page_KDMC - CMS/select_--Select--Adjustable Mi'

2018-05-21 12:56:24 - [MESSAGE][PASSED] - All options with index in [10] are selected on object 'Object Repository/Schedule 10/Page_KDMC - CMS/select_--Select--Adjustable Mi'

2018-05-21 12:56:24 - [TEST_STEP][PASSED] - setText: Text '500' is set on object 'Object Repository/Schedule 10/Page_KDMC - CMS/input_txttreat'

2018-05-21 12:56:25 - [MESSAGE][PASSED] - Text '500' is set on object 'Object Repository/Schedule 10/Page_KDMC - CMS/input_txttreat'

2018-05-21 12:56:25 - [TEST_STEP][PASSED] - click: Object: 'Object Repository/Schedule 10/Page_KDMC - CMS/button_Add' is clicked on

2018-05-21 12:56:25 - [MESSAGE][PASSED] - Object: 'Object Repository/Schedule 10/Page_KDMC - CMS/button_Add' is clicked on

2018-05-21 12:56:25 - [TEST_STEP][PASSED] - selectOptionByIndex: All options with index in [10] are selected on object 'Object Repository/Schedule 10/Page_KDMC - CMS/select_--Select--Schedule 1Inj'

2018-05-21 12:56:25 - [MESSAGE][PASSED] - All options with index in [10] are selected on object 'Object Repository/Schedule 10/Page_KDMC - CMS/select_--Select--Schedule 1Inj'

2018-05-21 12:56:25 - [TEST_STEP][PASSED] - selectOptionByIndex: All options with index in [11] are selected on object 'Object Repository/Schedule 10/Page_KDMC - CMS/select_--Select--Adjustable Mi'

2018-05-21 12:56:25 - [MESSAGE][PASSED] - All options with index in [11] are selected on object 'Object Repository/Schedule 10/Page_KDMC - CMS/select_--Select--Adjustable Mi'

2018-05-21 12:56:25 - [TEST_STEP][PASSED] - setText: Text '500' is set on object 'Object Repository/Schedule 10/Page_KDMC - CMS/input_txttreat'

2018-05-21 12:56:25 - [MESSAGE][PASSED] - Text '500' is set on object 'Object Repository/Schedule 10/Page_KDMC - CMS/input_txttreat'

2018-05-21 12:56:25 - [TEST_STEP][PASSED] - click: Object: 'Object Repository/Schedule 10/Page_KDMC - CMS/button_Add' is clicked on

2018-05-21 12:56:25 - [MESSAGE][PASSED] - Object: 'Object Repository/Schedule 10/Page_KDMC - CMS/button_Add' is clicked on

2018-05-21 12:56:25 - [TEST_STEP][PASSED] - selectOptionByIndex: All options with index in [10] are selected on object 'Object Repository/Schedule 10/Page_KDMC - CMS/select_--Select--Schedule 1Inj'

2018-05-21 12:56:25 - [MESSAGE][PASSED] - All options with index in [10] are selected on object 'Object Repository/Schedule 10/Page_KDMC - CMS/select_--Select--Schedule 1Inj'

2018-05-21 12:56:25 - [TEST_STEP][PASSED] - selectOptionByIndex: All options with index in [12] are selected on object 'Object Repository/Schedule 10/Page_KDMC - CMS/select_--Select--Adjustable Mi'

2018-05-21 12:56:26 - [MESSAGE][PASSED] - All options with index in [12] are selected on object 'Object Repository/Schedule 10/Page_KDMC - CMS/select_--Select--Adjustable Mi'

2018-05-21 12:56:26 - [TEST_STEP][PASSED] - setText: Text '500' is set on object 'Object Repository/Schedule 10/Page_KDMC - CMS/input_txttreat'

2018-05-21 12:56:26 - [MESSAGE][PASSED] - Text '500' is set on object 'Object Repository/Schedule 10/Page_KDMC - CMS/input_txttreat'

2018-05-21 12:56:26 - [TEST_STEP][PASSED] - click: Object: 'Object Repository/Schedule 10/Page_KDMC - CMS/button_Add' is clicked on

2018-05-21 12:56:26 - [MESSAGE][PASSED] - Object: 'Object Repository/Schedule 10/Page_KDMC - CMS/button_Add' is clicked on

2018-05-21 12:56:26 - [TEST_STEP][PASSED] - selectOptionByIndex: All options with index in [10] are selected on object 'Object Repository/Schedule 10/Page_KDMC - CMS/select_--Select--Schedule 1Inj'

2018-05-21 12:56:26 - [MESSAGE][PASSED] - All options with index in [10] are selected on object 'Object Repository/Schedule 10/Page_KDMC - CMS/select_--Select--Schedule 1Inj'

2018-05-21 12:56:26 - [TEST_STEP][PASSED] - selectOptionByIndex: All options with index in [13] are selected on object 'Object Repository/Schedule 10/Page_KDMC - CMS/select_--Select--Adjustable Mi'

2018-05-21 12:56:27 - [MESSAGE][PASSED] - All options with index in [13] are selected on object 'Object Repository/Schedule 10/Page_KDMC - CMS/select_--Select--Adjustable Mi'

2018-05-21 12:56:27 - [TEST_STEP][PASSED] - setText: Text '500' is set on object 'Object Repository/Schedule 10/Page_KDMC - CMS/input_txttreat'

2018-05-21 12:56:27 - [MESSAGE][PASSED] - Text '500' is set on object 'Object Repository/Schedule 10/Page_KDMC - CMS/input_txttreat'

2018-05-21 12:56:27 - [TEST_STEP][PASSED] - click: Object: 'Object Repository/Schedule 10/Page_KDMC - CMS/button_Add' is clicked on

2018-05-21 12:56:27 - [MESSAGE][PASSED] - Object: 'Object Repository/Schedule 10/Page_KDMC - CMS/button_Add' is clicked on

2018-05-21 12:56:27 - [TEST_STEP][PASSED] - selectOptionByIndex: All options with index in [10] are selected on object 'Object Repository/Schedule 10/Page_KDMC - CMS/select_--Select--Schedule 1Inj'

2018-05-21 12:56:27 - [MESSAGE][PASSED] - All options with index in [10] are selected on object 'Object Repository/Schedule 10/Page_KDMC - CMS/select_--Select--Schedule 1Inj'

2018-05-21 12:56:27 - [TEST_STEP][PASSED] - selectOptionByIndex: All options with index in [14] are selected on object 'Object Repository/Schedule 10/Page_KDMC - CMS/select_--Select--Adjustable Mi'

2018-05-21 12:56:27 - [MESSAGE][PASSED] - All options with index in [14] are selected on object 'Object Repository/Schedule 10/Page_KDMC - CMS/select_--Select--Adjustable Mi'

2018-05-21 12:56:27 - [TEST_STEP][PASSED] - setText: Text '500' is set on object 'Object Repository/Schedule 10/Page_KDMC - CMS/input_txttreat'

2018-05-21 12:56:27 - [MESSAGE][PASSED] - Text '500' is set on object 'Object Repository/Schedule 10/Page_KDMC - CMS/input_txttreat'

2018-05-21 12:56:27 - [TEST_STEP][PASSED] - click: Object: 'Object Repository/Schedule 10/Page_KDMC - CMS/button_Add' is clicked on

2018-05-21 12:56:27 - [MESSAGE][PASSED] - Object: 'Object Repository/Schedule 10/Page_KDMC - CMS/button_Add' is clicked on

2018-05-21 12:56:27 - [TEST_STEP][PASSED] - selectOptionByIndex: All options with index in [10] are selected on object 'Object Repository/Schedule 10/Page_KDMC - CMS/select_--Select--Schedule 1Inj'

2018-05-21 12:56:28 - [MESSAGE][PASSED] - All options with index in [10] are selected on object 'Object Repository/Schedule 10/Page_KDMC - CMS/select_--Select--Schedule 1Inj'

2018-05-21 12:56:28 - [TEST_STEP][PASSED] - selectOptionByIndex: All options with index in [15] are selected on object 'Object Repository/Schedule 10/Page_KDMC - CMS/select_--Select--Adjustable Mi'

2018-05-21 12:56:28 - [MESSAGE][PASSED] - All options with index in [15] are selected on object 'Object Repository/Schedule 10/Page_KDMC - CMS/select_--Select--Adjustable Mi'

2018-05-21 12:56:28 - [TEST_STEP][PASSED] - setText: Text '500' is set on object 'Object Repository/Schedule 10/Page_KDMC - CMS/input_txttreat'

2018-05-21 12:56:28 - [MESSAGE][PASSED] - Text '500' is set on object 'Object Repository/Schedule 10/Page_KDMC - CMS/input_txttreat'

2018-05-21 12:56:28 - [TEST_STEP][PASSED] - click: Object: 'Object Repository/Schedule 10/Page_KDMC - CMS/button_Add' is clicked on

2018-05-21 12:56:28 - [MESSAGE][PASSED] - Object: 'Object Repository/Schedule 10/Page_KDMC - CMS/button_Add' is clicked on

2018-05-21 12:56:28 - [TEST_STEP][PASSED] - selectOptionByIndex: All options with index in [10] are selected on object 'Object Repository/Schedule 10/Page_KDMC - CMS/select_--Select--Schedule 1Inj'

2018-05-21 12:56:28 - [MESSAGE][PASSED] - All options with index in [10] are selected on object 'Object Repository/Schedule 10/Page_KDMC - CMS/select_--Select--Schedule 1Inj'

2018-05-21 12:56:28 - [TEST_STEP][PASSED] - selectOptionByIndex: All options with index in [16] are selected on object 'Object Repository/Schedule 10/Page_KDMC - CMS/select_--Select--Adjustable Mi'

2018-05-21 12:56:28 - [MESSAGE][PASSED] - All options with index in [16] are selected on object 'Object Repository/Schedule 10/Page_KDMC - CMS/select_--Select--Adjustable Mi'

2018-05-21 12:56:28 - [TEST_STEP][PASSED] - setText: Text '500' is set on object 'Object Repository/Schedule 10/Page_KDMC - CMS/input_txttreat'

2018-05-21 12:56:29 - [MESSAGE][PASSED] - Text '500' is set on object 'Object Repository/Schedule 10/Page_KDMC - CMS/input_txttreat'

2018-05-21 12:56:29 - [TEST_STEP][PASSED] - click: Object: 'Object Repository/Schedule 10/Page_KDMC - CMS/button_Add' is clicked on

2018-05-21 12:56:29 - [MESSAGE][PASSED] - Object: 'Object Repository/Schedule 10/Page_KDMC - CMS/button_Add' is clicked on

2018-05-21 12:56:29 - [TEST_STEP][PASSED] - selectOptionByIndex: All options with index in [10] are selected on object 'Object Repository/Schedule 10/Page_KDMC - CMS/select_--Select--Schedule 1Inj'

2018-05-21 12:56:29 - [MESSAGE][PASSED] - All options with index in [10] are selected on object 'Object Repository/Schedule 10/Page_KDMC - CMS/select_--Select--Schedule 1Inj'

2018-05-21 12:56:29 - [TEST_STEP][PASSED] - selectOptionByIndex: All options with index in [17] are selected on object 'Object Repository/Schedule 10/Page_KDMC - CMS/select_--Select--Adjustable Mi'

2018-05-21 12:56:29 - [MESSAGE][PASSED] - All options with index in [17] are selected on object 'Object Repository/Schedule 10/Page_KDMC - CMS/select_--Select--Adjustable Mi'

2018-05-21 12:56:29 - [TEST_STEP][PASSED] - setText: Text '500' is set on object 'Object Repository/Schedule 10/Page_KDMC - CMS/input_txttreat'

2018-05-21 12:56:29 - [MESSAGE][PASSED] - Text '500' is set on object 'Object Repository/Schedule 10/Page_KDMC - CMS/input_txttreat'

2018-05-21 12:56:29 - [TEST_STEP][PASSED] - click: Object: 'Object Repository/Schedule 10/Page_KDMC - CMS/button_Add' is clicked on

2018-05-21 12:56:29 - [MESSAGE][PASSED] - Object: 'Object Repository/Schedule 10/Page_KDMC - CMS/button_Add' is clicked on

2018-05-21 12:56:29 - [TEST_STEP][PASSED] - selectOptionByIndex: All options with index in [10] are selected on object 'Object Repository/Schedule 10/Page_KDMC - CMS/select_--Select--Schedule 1Inj'

2018-05-21 12:56:29 - [MESSAGE][PASSED] - All options with index in [10] are selected on object 'Object Repository/Schedule 10/Page_KDMC - CMS/select_--Select--Schedule 1Inj'

2018-05-21 12:56:29 - [TEST_STEP][PASSED] - selectOptionByIndex: All options with index in [18] are selected on object 'Object Repository/Schedule 10/Page_KDMC - CMS/select_--Select--Adjustable Mi'

2018-05-21 12:56:30 - [MESSAGE][PASSED] - All options with index in [18] are selected on object 'Object Repository/Schedule 10/Page_KDMC - CMS/select_--Select--Adjustable Mi'

2018-05-21 12:56:30 - [TEST_STEP][PASSED] - setText: Text '500' is set on object 'Object Repository/Schedule 10/Page_KDMC - CMS/input_txttreat'

2018-05-21 12:56:30 - [MESSAGE][PASSED] - Text '500' is set on object 'Object Repository/Schedule 10/Page_KDMC - CMS/input_txttreat'

2018-05-21 12:56:30 - [TEST_STEP][PASSED] - click: Object: 'Object Repository/Schedule 10/Page_KDMC - CMS/button_Add' is clicked on

2018-05-21 12:56:30 - [MESSAGE][PASSED] - Object: 'Object Repository/Schedule 10/Page_KDMC - CMS/button_Add' is clicked on

2018-05-21 12:56:30 - [TEST_STEP][PASSED] - scrollToElement: Scroll to object 'Object Repository/Schedule 10/Page_KDMC - CMS/input_btnsave' successfully

2018-05-21 12:56:30 - [MESSAGE][PASSED] - Scroll to object 'Object Repository/Schedule 10/Page_KDMC - CMS/input_btnsave' successfully

2018-05-21 12:56:30 - [TEST_STEP][PASSED] - click: Object: 'Object Repository/Schedule 10/Page_KDMC - CMS/input_btnsave' is clicked on

2018-05-21 12:56:31 - [MESSAGE][PASSED] - Object: 'Object Repository/Schedule 10/Page_KDMC - CMS/input_btnsave' is clicked on

2018-05-21 12:56:31 - [TEST_STEP][PASSED] - delay: Delayed 3 second(s)

2018-05-21 12:56:34 - [MESSAGE][PASSED] - Delayed 3 second(s)

2018-05-21 12:56:34 - [TEST_STEP][PASSED] - click: Object: 'Object Repository/Schedule 10/Page_KDMC - CMS/button_OK' is clicked on

2018-05-21 12:56:34 - [MESSAGE][PASSED] - Object: 'Object Repository/Schedule 10/Page_KDMC - CMS/button_OK' is clicked on

2018-05-21 12:56:34 - [TEST_STEP][PASSED] - delay: Delayed 3 second(s)

2018-05-21 12:56:37 - [MESSAGE][PASSED] - Delayed 3 second(s)

2018-05-21 12:56:37 - [TEST_STEP][PASSED] - click: Object: 'Object Repository/Schedule 10/Page_KDMC - CMS/a_dropdown-toggle' is clicked on

2018-05-21 12:56:37 - [MESSAGE][PASSED] - Object: 'Object Repository/Schedule 10/Page_KDMC - CMS/a_dropdown-toggle' is clicked on

2018-05-21 12:56:37 - [TEST_STEP][PASSED] - click: Object: 'Object Repository/Schedule 10/Page_KDMC - CMS/a_Sign out' is clicked on

2018-05-21 12:56:37 - [MESSAGE][PASSED] - Object: 'Object Repository/Schedule 10/Page_KDMC - CMS/a_Sign out' is clicked on

2018-05-21 12:56:37 - [TEST_STEP][PASSED] - closeBrowser: Browser is closed

2018-05-21 12:56:38 - [MESSAGE][PASSED] - Browser is closed]]></system-out>
         <system-err><![CDATA[]]></system-err>
      </testcase>
      <testcase name="Test Cases/TEST/MOH TO CMS REQUEST TEST CASES/MohRequestSchedule11" classname="Test Cases/TEST/MOH TO CMS REQUEST TEST CASES/MohRequestSchedule11" status="FAILED">
         <failure type="FAILED" message="Unable to click on object 'Object Repository/Schedule 11/Page_KDMC - CMS/a_dropdown-toggle' (Root cause: com.kms.katalon.core.webui.exception.WebElementNotFoundException: Web element with id: 'Object Repository/Schedule 11/Page_KDMC - CMS/a_dropdown-toggle' located by 'By.xpath: /html[1]/body[@class=&quot;skin-blue  pace-done&quot;]/header[@class=&quot;header&quot;]/div[@class=&quot;row&quot;]/div[@class=&quot;col-md-12&quot;]/nav[@class=&quot;navbar navbar-static-top&quot;]/div[@class=&quot;navbar-right&quot;]/ul[@class=&quot;nav navbar-nav&quot;]/li[@class=&quot;dropdown user user-menu&quot;]/a[@class=&quot;dropdown-toggle&quot;][count(. | //a[@href = '#']) = count(//a[@href = '#'])]' not found)"/>
         <system-out><![CDATA[2018-05-21 12:56:38 - [TEST_CASE][FAILED] - Test Cases/TEST/MOH TO CMS REQUEST TEST CASES/MohRequestSchedule11: Test Cases/TEST/MOH TO CMS REQUEST TEST CASES/MohRequestSchedule11 FAILED because (of) Unable to click on object 'Object Repository/Schedule 11/Page_KDMC - CMS/a_dropdown-toggle' (Root cause: com.kms.katalon.core.webui.exception.WebElementNotFoundException: Web element with id: 'Object Repository/Schedule 11/Page_KDMC - CMS/a_dropdown-toggle' located by 'By.xpath: /html[1]/body[@class="skin-blue  pace-done"]/header[@class="header"]/div[@class="row"]/div[@class="col-md-12"]/nav[@class="navbar navbar-static-top"]/div[@class="navbar-right"]/ul[@class="nav navbar-nav"]/li[@class="dropdown user user-menu"]/a[@class="dropdown-toggle"][count(. | //a[@href = '#']) = count(//a[@href = '#'])]' not found)

2018-05-21 12:56:38 - [TEST_STEP][PASSED] - openBrowser: Browser is opened with url: ''

2018-05-21 12:56:40 - [MESSAGE][PASSED] - Browser is opened with url: ''

2018-05-21 12:56:40 - [TEST_STEP][PASSED] - navigateToUrl: Navigate to 'http://192.168.137.1/multihospital_new/' successfully

2018-05-21 12:56:42 - [MESSAGE][PASSED] - Navigate to 'http://192.168.137.1/multihospital_new/' successfully

2018-05-21 12:56:42 - [TEST_STEP][PASSED] - maximizeWindow: Current window maximized

2018-05-21 12:56:43 - [MESSAGE][PASSED] - Current window maximized

2018-05-21 12:56:43 - [TEST_STEP][PASSED] - click: Object: 'Object Repository/Schedule 11/Page_KDMC/a_CMS' is clicked on

2018-05-21 12:56:44 - [MESSAGE][PASSED] - Object: 'Object Repository/Schedule 11/Page_KDMC/a_CMS' is clicked on

2018-05-21 12:56:44 - [TEST_STEP][PASSED] - setText: Text 'bala' is set on object 'Object Repository/Schedule 11/Page_CMS login/input_txtusername'

2018-05-21 12:56:44 - [MESSAGE][PASSED] - Text 'bala' is set on object 'Object Repository/Schedule 11/Page_CMS login/input_txtusername'

2018-05-21 12:56:44 - [TEST_STEP][PASSED] - setText: Text '123' is set on object 'Object Repository/Schedule 11/Page_CMS login/input_txtpassword'

2018-05-21 12:56:44 - [MESSAGE][PASSED] - Text '123' is set on object 'Object Repository/Schedule 11/Page_CMS login/input_txtpassword'

2018-05-21 12:56:44 - [TEST_STEP][PASSED] - delay: Delayed 3 second(s)

2018-05-21 12:56:47 - [MESSAGE][PASSED] - Delayed 3 second(s)

2018-05-21 12:56:47 - [TEST_STEP][PASSED] - click: Object: 'Object Repository/Schedule 11/Page_CMS login/button_Sign in' is clicked on

2018-05-21 12:56:48 - [MESSAGE][PASSED] - Object: 'Object Repository/Schedule 11/Page_CMS login/button_Sign in' is clicked on

2018-05-21 12:56:48 - [TEST_STEP][PASSED] - click: Object: 'Object Repository/Schedule 11/Page_KDMC - CMS/a_Request to MOH' is clicked on

2018-05-21 12:56:48 - [MESSAGE][PASSED] - Object: 'Object Repository/Schedule 11/Page_KDMC - CMS/a_Request to MOH' is clicked on

2018-05-21 12:56:48 - [TEST_STEP][PASSED] - selectOptionByIndex: All options with index in [2] are selected on object 'Object Repository/Schedule 11/Page_KDMC - CMS/select_--Select--'

2018-05-21 12:56:49 - [MESSAGE][PASSED] - All options with index in [2] are selected on object 'Object Repository/Schedule 11/Page_KDMC - CMS/select_--Select--'

2018-05-21 12:56:49 - [TEST_STEP][PASSED] - selectOptionByIndex: All options with index in [11] are selected on object 'Object Repository/Schedule 11/Page_KDMC - CMS/select_--Select--Schedule 1Inj'

2018-05-21 12:56:49 - [MESSAGE][PASSED] - All options with index in [11] are selected on object 'Object Repository/Schedule 11/Page_KDMC - CMS/select_--Select--Schedule 1Inj'

2018-05-21 12:56:49 - [TEST_STEP][PASSED] - Statement - Selectedoptions = com.kms.katalon.core.webui.keyword.WebUiBuiltInKeywords.getNumberOfTotalOption(com.kms.katalon.core.testobject.ObjectRepository.findTestObject(Schedule 11/Page_KDMC - CMS/select_--Select--Advance E.C.G)): 81 options of object 'Object Repository/Schedule 11/Page_KDMC - CMS/select_--Select--Advance E.C.G' counted

2018-05-21 12:56:49 - [MESSAGE][PASSED] - 81 options of object 'Object Repository/Schedule 11/Page_KDMC - CMS/select_--Select--Advance E.C.G' counted

2018-05-21 12:56:49 - [TEST_STEP][PASSED] - Statement - For ([f = 1, f < Selectedoptions, (f++)]): Object: 'Object Repository/Schedule 11/Page_KDMC - CMS/button_Add' is clicked on

2018-05-21 12:56:49 - [TEST_STEP][PASSED] - selectOptionByIndex: All options with index in [11] are selected on object 'Object Repository/Schedule 11/Page_KDMC - CMS/select_--Select--Schedule 1Inj'

2018-05-21 12:56:49 - [MESSAGE][PASSED] - All options with index in [11] are selected on object 'Object Repository/Schedule 11/Page_KDMC - CMS/select_--Select--Schedule 1Inj'

2018-05-21 12:56:49 - [TEST_STEP][PASSED] - selectOptionByIndex: All options with index in [1] are selected on object 'Object Repository/Schedule 11/Page_KDMC - CMS/select_--Select--Advance E.C.G'

2018-05-21 12:56:49 - [MESSAGE][PASSED] - All options with index in [1] are selected on object 'Object Repository/Schedule 11/Page_KDMC - CMS/select_--Select--Advance E.C.G'

2018-05-21 12:56:49 - [TEST_STEP][PASSED] - setText: Text '5000' is set on object 'Object Repository/Schedule 11/Page_KDMC - CMS/input_txttreat'

2018-05-21 12:56:49 - [MESSAGE][PASSED] - Text '5000' is set on object 'Object Repository/Schedule 11/Page_KDMC - CMS/input_txttreat'

2018-05-21 12:56:49 - [TEST_STEP][PASSED] - click: Object: 'Object Repository/Schedule 11/Page_KDMC - CMS/button_Add' is clicked on

2018-05-21 12:56:49 - [MESSAGE][PASSED] - Object: 'Object Repository/Schedule 11/Page_KDMC - CMS/button_Add' is clicked on

2018-05-21 12:56:49 - [TEST_STEP][PASSED] - selectOptionByIndex: All options with index in [11] are selected on object 'Object Repository/Schedule 11/Page_KDMC - CMS/select_--Select--Schedule 1Inj'

2018-05-21 12:56:49 - [MESSAGE][PASSED] - All options with index in [11] are selected on object 'Object Repository/Schedule 11/Page_KDMC - CMS/select_--Select--Schedule 1Inj'

2018-05-21 12:56:49 - [TEST_STEP][PASSED] - selectOptionByIndex: All options with index in [2] are selected on object 'Object Repository/Schedule 11/Page_KDMC - CMS/select_--Select--Advance E.C.G'

2018-05-21 12:56:50 - [MESSAGE][PASSED] - All options with index in [2] are selected on object 'Object Repository/Schedule 11/Page_KDMC - CMS/select_--Select--Advance E.C.G'

2018-05-21 12:56:50 - [TEST_STEP][PASSED] - setText: Text '5000' is set on object 'Object Repository/Schedule 11/Page_KDMC - CMS/input_txttreat'

2018-05-21 12:56:50 - [MESSAGE][PASSED] - Text '5000' is set on object 'Object Repository/Schedule 11/Page_KDMC - CMS/input_txttreat'

2018-05-21 12:56:50 - [TEST_STEP][PASSED] - click: Object: 'Object Repository/Schedule 11/Page_KDMC - CMS/button_Add' is clicked on

2018-05-21 12:56:50 - [MESSAGE][PASSED] - Object: 'Object Repository/Schedule 11/Page_KDMC - CMS/button_Add' is clicked on

2018-05-21 12:56:50 - [TEST_STEP][PASSED] - selectOptionByIndex: All options with index in [11] are selected on object 'Object Repository/Schedule 11/Page_KDMC - CMS/select_--Select--Schedule 1Inj'

2018-05-21 12:56:50 - [MESSAGE][PASSED] - All options with index in [11] are selected on object 'Object Repository/Schedule 11/Page_KDMC - CMS/select_--Select--Schedule 1Inj'

2018-05-21 12:56:50 - [TEST_STEP][PASSED] - selectOptionByIndex: All options with index in [3] are selected on object 'Object Repository/Schedule 11/Page_KDMC - CMS/select_--Select--Advance E.C.G'

2018-05-21 12:56:50 - [MESSAGE][PASSED] - All options with index in [3] are selected on object 'Object Repository/Schedule 11/Page_KDMC - CMS/select_--Select--Advance E.C.G'

2018-05-21 12:56:50 - [TEST_STEP][PASSED] - setText: Text '5000' is set on object 'Object Repository/Schedule 11/Page_KDMC - CMS/input_txttreat'

2018-05-21 12:56:50 - [MESSAGE][PASSED] - Text '5000' is set on object 'Object Repository/Schedule 11/Page_KDMC - CMS/input_txttreat'

2018-05-21 12:56:50 - [TEST_STEP][PASSED] - click: Object: 'Object Repository/Schedule 11/Page_KDMC - CMS/button_Add' is clicked on

2018-05-21 12:56:50 - [MESSAGE][PASSED] - Object: 'Object Repository/Schedule 11/Page_KDMC - CMS/button_Add' is clicked on

2018-05-21 12:56:50 - [TEST_STEP][PASSED] - selectOptionByIndex: All options with index in [11] are selected on object 'Object Repository/Schedule 11/Page_KDMC - CMS/select_--Select--Schedule 1Inj'

2018-05-21 12:56:50 - [MESSAGE][PASSED] - All options with index in [11] are selected on object 'Object Repository/Schedule 11/Page_KDMC - CMS/select_--Select--Schedule 1Inj'

2018-05-21 12:56:50 - [TEST_STEP][PASSED] - selectOptionByIndex: All options with index in [4] are selected on object 'Object Repository/Schedule 11/Page_KDMC - CMS/select_--Select--Advance E.C.G'

2018-05-21 12:56:51 - [MESSAGE][PASSED] - All options with index in [4] are selected on object 'Object Repository/Schedule 11/Page_KDMC - CMS/select_--Select--Advance E.C.G'

2018-05-21 12:56:51 - [TEST_STEP][PASSED] - setText: Text '5000' is set on object 'Object Repository/Schedule 11/Page_KDMC - CMS/input_txttreat'

2018-05-21 12:56:51 - [MESSAGE][PASSED] - Text '5000' is set on object 'Object Repository/Schedule 11/Page_KDMC - CMS/input_txttreat'

2018-05-21 12:56:51 - [TEST_STEP][PASSED] - click: Object: 'Object Repository/Schedule 11/Page_KDMC - CMS/button_Add' is clicked on

2018-05-21 12:56:51 - [MESSAGE][PASSED] - Object: 'Object Repository/Schedule 11/Page_KDMC - CMS/button_Add' is clicked on

2018-05-21 12:56:51 - [TEST_STEP][PASSED] - selectOptionByIndex: All options with index in [11] are selected on object 'Object Repository/Schedule 11/Page_KDMC - CMS/select_--Select--Schedule 1Inj'

2018-05-21 12:56:51 - [MESSAGE][PASSED] - All options with index in [11] are selected on object 'Object Repository/Schedule 11/Page_KDMC - CMS/select_--Select--Schedule 1Inj'

2018-05-21 12:56:51 - [TEST_STEP][PASSED] - selectOptionByIndex: All options with index in [5] are selected on object 'Object Repository/Schedule 11/Page_KDMC - CMS/select_--Select--Advance E.C.G'

2018-05-21 12:56:51 - [MESSAGE][PASSED] - All options with index in [5] are selected on object 'Object Repository/Schedule 11/Page_KDMC - CMS/select_--Select--Advance E.C.G'

2018-05-21 12:56:51 - [TEST_STEP][PASSED] - setText: Text '5000' is set on object 'Object Repository/Schedule 11/Page_KDMC - CMS/input_txttreat'

2018-05-21 12:56:51 - [MESSAGE][PASSED] - Text '5000' is set on object 'Object Repository/Schedule 11/Page_KDMC - CMS/input_txttreat'

2018-05-21 12:56:51 - [TEST_STEP][PASSED] - click: Object: 'Object Repository/Schedule 11/Page_KDMC - CMS/button_Add' is clicked on

2018-05-21 12:56:51 - [MESSAGE][PASSED] - Object: 'Object Repository/Schedule 11/Page_KDMC - CMS/button_Add' is clicked on

2018-05-21 12:56:51 - [TEST_STEP][PASSED] - selectOptionByIndex: All options with index in [11] are selected on object 'Object Repository/Schedule 11/Page_KDMC - CMS/select_--Select--Schedule 1Inj'

2018-05-21 12:56:52 - [MESSAGE][PASSED] - All options with index in [11] are selected on object 'Object Repository/Schedule 11/Page_KDMC - CMS/select_--Select--Schedule 1Inj'

2018-05-21 12:56:52 - [TEST_STEP][PASSED] - selectOptionByIndex: All options with index in [6] are selected on object 'Object Repository/Schedule 11/Page_KDMC - CMS/select_--Select--Advance E.C.G'

2018-05-21 12:56:52 - [MESSAGE][PASSED] - All options with index in [6] are selected on object 'Object Repository/Schedule 11/Page_KDMC - CMS/select_--Select--Advance E.C.G'

2018-05-21 12:56:52 - [TEST_STEP][PASSED] - setText: Text '5000' is set on object 'Object Repository/Schedule 11/Page_KDMC - CMS/input_txttreat'

2018-05-21 12:56:52 - [MESSAGE][PASSED] - Text '5000' is set on object 'Object Repository/Schedule 11/Page_KDMC - CMS/input_txttreat'

2018-05-21 12:56:52 - [TEST_STEP][PASSED] - click: Object: 'Object Repository/Schedule 11/Page_KDMC - CMS/button_Add' is clicked on

2018-05-21 12:56:52 - [MESSAGE][PASSED] - Object: 'Object Repository/Schedule 11/Page_KDMC - CMS/button_Add' is clicked on

2018-05-21 12:56:52 - [TEST_STEP][PASSED] - selectOptionByIndex: All options with index in [11] are selected on object 'Object Repository/Schedule 11/Page_KDMC - CMS/select_--Select--Schedule 1Inj'

2018-05-21 12:56:52 - [MESSAGE][PASSED] - All options with index in [11] are selected on object 'Object Repository/Schedule 11/Page_KDMC - CMS/select_--Select--Schedule 1Inj'

2018-05-21 12:56:52 - [TEST_STEP][PASSED] - selectOptionByIndex: All options with index in [7] are selected on object 'Object Repository/Schedule 11/Page_KDMC - CMS/select_--Select--Advance E.C.G'

2018-05-21 12:56:52 - [MESSAGE][PASSED] - All options with index in [7] are selected on object 'Object Repository/Schedule 11/Page_KDMC - CMS/select_--Select--Advance E.C.G'

2018-05-21 12:56:52 - [TEST_STEP][PASSED] - setText: Text '5000' is set on object 'Object Repository/Schedule 11/Page_KDMC - CMS/input_txttreat'

2018-05-21 12:56:52 - [MESSAGE][PASSED] - Text '5000' is set on object 'Object Repository/Schedule 11/Page_KDMC - CMS/input_txttreat'

2018-05-21 12:56:52 - [TEST_STEP][PASSED] - click: Object: 'Object Repository/Schedule 11/Page_KDMC - CMS/button_Add' is clicked on

2018-05-21 12:56:52 - [MESSAGE][PASSED] - Object: 'Object Repository/Schedule 11/Page_KDMC - CMS/button_Add' is clicked on

2018-05-21 12:56:52 - [TEST_STEP][PASSED] - selectOptionByIndex: All options with index in [11] are selected on object 'Object Repository/Schedule 11/Page_KDMC - CMS/select_--Select--Schedule 1Inj'

2018-05-21 12:56:53 - [MESSAGE][PASSED] - All options with index in [11] are selected on object 'Object Repository/Schedule 11/Page_KDMC - CMS/select_--Select--Schedule 1Inj'

2018-05-21 12:56:53 - [TEST_STEP][PASSED] - selectOptionByIndex: All options with index in [8] are selected on object 'Object Repository/Schedule 11/Page_KDMC - CMS/select_--Select--Advance E.C.G'

2018-05-21 12:56:53 - [MESSAGE][PASSED] - All options with index in [8] are selected on object 'Object Repository/Schedule 11/Page_KDMC - CMS/select_--Select--Advance E.C.G'

2018-05-21 12:56:53 - [TEST_STEP][PASSED] - setText: Text '5000' is set on object 'Object Repository/Schedule 11/Page_KDMC - CMS/input_txttreat'

2018-05-21 12:56:53 - [MESSAGE][PASSED] - Text '5000' is set on object 'Object Repository/Schedule 11/Page_KDMC - CMS/input_txttreat'

2018-05-21 12:56:53 - [TEST_STEP][PASSED] - click: Object: 'Object Repository/Schedule 11/Page_KDMC - CMS/button_Add' is clicked on

2018-05-21 12:56:53 - [MESSAGE][PASSED] - Object: 'Object Repository/Schedule 11/Page_KDMC - CMS/button_Add' is clicked on

2018-05-21 12:56:53 - [TEST_STEP][PASSED] - selectOptionByIndex: All options with index in [11] are selected on object 'Object Repository/Schedule 11/Page_KDMC - CMS/select_--Select--Schedule 1Inj'

2018-05-21 12:56:53 - [MESSAGE][PASSED] - All options with index in [11] are selected on object 'Object Repository/Schedule 11/Page_KDMC - CMS/select_--Select--Schedule 1Inj'

2018-05-21 12:56:53 - [TEST_STEP][PASSED] - selectOptionByIndex: All options with index in [9] are selected on object 'Object Repository/Schedule 11/Page_KDMC - CMS/select_--Select--Advance E.C.G'

2018-05-21 12:56:53 - [MESSAGE][PASSED] - All options with index in [9] are selected on object 'Object Repository/Schedule 11/Page_KDMC - CMS/select_--Select--Advance E.C.G'

2018-05-21 12:56:54 - [TEST_STEP][PASSED] - setText: Text '5000' is set on object 'Object Repository/Schedule 11/Page_KDMC - CMS/input_txttreat'

2018-05-21 12:56:54 - [MESSAGE][PASSED] - Text '5000' is set on object 'Object Repository/Schedule 11/Page_KDMC - CMS/input_txttreat'

2018-05-21 12:56:54 - [TEST_STEP][PASSED] - click: Object: 'Object Repository/Schedule 11/Page_KDMC - CMS/button_Add' is clicked on

2018-05-21 12:56:54 - [MESSAGE][PASSED] - Object: 'Object Repository/Schedule 11/Page_KDMC - CMS/button_Add' is clicked on

2018-05-21 12:56:54 - [TEST_STEP][PASSED] - selectOptionByIndex: All options with index in [11] are selected on object 'Object Repository/Schedule 11/Page_KDMC - CMS/select_--Select--Schedule 1Inj'

2018-05-21 12:56:54 - [MESSAGE][PASSED] - All options with index in [11] are selected on object 'Object Repository/Schedule 11/Page_KDMC - CMS/select_--Select--Schedule 1Inj'

2018-05-21 12:56:54 - [TEST_STEP][PASSED] - selectOptionByIndex: All options with index in [10] are selected on object 'Object Repository/Schedule 11/Page_KDMC - CMS/select_--Select--Advance E.C.G'

2018-05-21 12:56:54 - [MESSAGE][PASSED] - All options with index in [10] are selected on object 'Object Repository/Schedule 11/Page_KDMC - CMS/select_--Select--Advance E.C.G'

2018-05-21 12:56:54 - [TEST_STEP][PASSED] - setText: Text '5000' is set on object 'Object Repository/Schedule 11/Page_KDMC - CMS/input_txttreat'

2018-05-21 12:56:54 - [MESSAGE][PASSED] - Text '5000' is set on object 'Object Repository/Schedule 11/Page_KDMC - CMS/input_txttreat'

2018-05-21 12:56:54 - [TEST_STEP][PASSED] - click: Object: 'Object Repository/Schedule 11/Page_KDMC - CMS/button_Add' is clicked on

2018-05-21 12:56:54 - [MESSAGE][PASSED] - Object: 'Object Repository/Schedule 11/Page_KDMC - CMS/button_Add' is clicked on

2018-05-21 12:56:54 - [TEST_STEP][PASSED] - selectOptionByIndex: All options with index in [11] are selected on object 'Object Repository/Schedule 11/Page_KDMC - CMS/select_--Select--Schedule 1Inj'

2018-05-21 12:56:54 - [MESSAGE][PASSED] - All options with index in [11] are selected on object 'Object Repository/Schedule 11/Page_KDMC - CMS/select_--Select--Schedule 1Inj'

2018-05-21 12:56:54 - [TEST_STEP][PASSED] - selectOptionByIndex: All options with index in [11] are selected on object 'Object Repository/Schedule 11/Page_KDMC - CMS/select_--Select--Advance E.C.G'

2018-05-21 12:56:55 - [MESSAGE][PASSED] - All options with index in [11] are selected on object 'Object Repository/Schedule 11/Page_KDMC - CMS/select_--Select--Advance E.C.G'

2018-05-21 12:56:55 - [TEST_STEP][PASSED] - setText: Text '5000' is set on object 'Object Repository/Schedule 11/Page_KDMC - CMS/input_txttreat'

2018-05-21 12:56:55 - [MESSAGE][PASSED] - Text '5000' is set on object 'Object Repository/Schedule 11/Page_KDMC - CMS/input_txttreat'

2018-05-21 12:56:55 - [TEST_STEP][PASSED] - click: Object: 'Object Repository/Schedule 11/Page_KDMC - CMS/button_Add' is clicked on

2018-05-21 12:56:55 - [MESSAGE][PASSED] - Object: 'Object Repository/Schedule 11/Page_KDMC - CMS/button_Add' is clicked on

2018-05-21 12:56:55 - [TEST_STEP][PASSED] - selectOptionByIndex: All options with index in [11] are selected on object 'Object Repository/Schedule 11/Page_KDMC - CMS/select_--Select--Schedule 1Inj'

2018-05-21 12:56:55 - [MESSAGE][PASSED] - All options with index in [11] are selected on object 'Object Repository/Schedule 11/Page_KDMC - CMS/select_--Select--Schedule 1Inj'

2018-05-21 12:56:55 - [TEST_STEP][PASSED] - selectOptionByIndex: All options with index in [12] are selected on object 'Object Repository/Schedule 11/Page_KDMC - CMS/select_--Select--Advance E.C.G'

2018-05-21 12:56:55 - [MESSAGE][PASSED] - All options with index in [12] are selected on object 'Object Repository/Schedule 11/Page_KDMC - CMS/select_--Select--Advance E.C.G'

2018-05-21 12:56:55 - [TEST_STEP][PASSED] - setText: Text '5000' is set on object 'Object Repository/Schedule 11/Page_KDMC - CMS/input_txttreat'

2018-05-21 12:56:55 - [MESSAGE][PASSED] - Text '5000' is set on object 'Object Repository/Schedule 11/Page_KDMC - CMS/input_txttreat'

2018-05-21 12:56:55 - [TEST_STEP][PASSED] - click: Object: 'Object Repository/Schedule 11/Page_KDMC - CMS/button_Add' is clicked on

2018-05-21 12:56:55 - [MESSAGE][PASSED] - Object: 'Object Repository/Schedule 11/Page_KDMC - CMS/button_Add' is clicked on

2018-05-21 12:56:55 - [TEST_STEP][PASSED] - selectOptionByIndex: All options with index in [11] are selected on object 'Object Repository/Schedule 11/Page_KDMC - CMS/select_--Select--Schedule 1Inj'

2018-05-21 12:56:56 - [MESSAGE][PASSED] - All options with index in [11] are selected on object 'Object Repository/Schedule 11/Page_KDMC - CMS/select_--Select--Schedule 1Inj'

2018-05-21 12:56:56 - [TEST_STEP][PASSED] - selectOptionByIndex: All options with index in [13] are selected on object 'Object Repository/Schedule 11/Page_KDMC - CMS/select_--Select--Advance E.C.G'

2018-05-21 12:56:56 - [MESSAGE][PASSED] - All options with index in [13] are selected on object 'Object Repository/Schedule 11/Page_KDMC - CMS/select_--Select--Advance E.C.G'

2018-05-21 12:56:56 - [TEST_STEP][PASSED] - setText: Text '5000' is set on object 'Object Repository/Schedule 11/Page_KDMC - CMS/input_txttreat'

2018-05-21 12:56:56 - [MESSAGE][PASSED] - Text '5000' is set on object 'Object Repository/Schedule 11/Page_KDMC - CMS/input_txttreat'

2018-05-21 12:56:56 - [TEST_STEP][PASSED] - click: Object: 'Object Repository/Schedule 11/Page_KDMC - CMS/button_Add' is clicked on

2018-05-21 12:56:56 - [MESSAGE][PASSED] - Object: 'Object Repository/Schedule 11/Page_KDMC - CMS/button_Add' is clicked on

2018-05-21 12:56:56 - [TEST_STEP][PASSED] - selectOptionByIndex: All options with index in [11] are selected on object 'Object Repository/Schedule 11/Page_KDMC - CMS/select_--Select--Schedule 1Inj'

2018-05-21 12:56:56 - [MESSAGE][PASSED] - All options with index in [11] are selected on object 'Object Repository/Schedule 11/Page_KDMC - CMS/select_--Select--Schedule 1Inj'

2018-05-21 12:56:56 - [TEST_STEP][PASSED] - selectOptionByIndex: All options with index in [14] are selected on object 'Object Repository/Schedule 11/Page_KDMC - CMS/select_--Select--Advance E.C.G'

2018-05-21 12:56:56 - [MESSAGE][PASSED] - All options with index in [14] are selected on object 'Object Repository/Schedule 11/Page_KDMC - CMS/select_--Select--Advance E.C.G'

2018-05-21 12:56:56 - [TEST_STEP][PASSED] - setText: Text '5000' is set on object 'Object Repository/Schedule 11/Page_KDMC - CMS/input_txttreat'

2018-05-21 12:56:56 - [MESSAGE][PASSED] - Text '5000' is set on object 'Object Repository/Schedule 11/Page_KDMC - CMS/input_txttreat'

2018-05-21 12:56:56 - [TEST_STEP][PASSED] - click: Object: 'Object Repository/Schedule 11/Page_KDMC - CMS/button_Add' is clicked on

2018-05-21 12:56:57 - [MESSAGE][PASSED] - Object: 'Object Repository/Schedule 11/Page_KDMC - CMS/button_Add' is clicked on

2018-05-21 12:56:57 - [TEST_STEP][PASSED] - selectOptionByIndex: All options with index in [11] are selected on object 'Object Repository/Schedule 11/Page_KDMC - CMS/select_--Select--Schedule 1Inj'

2018-05-21 12:56:57 - [MESSAGE][PASSED] - All options with index in [11] are selected on object 'Object Repository/Schedule 11/Page_KDMC - CMS/select_--Select--Schedule 1Inj'

2018-05-21 12:56:57 - [TEST_STEP][PASSED] - selectOptionByIndex: All options with index in [15] are selected on object 'Object Repository/Schedule 11/Page_KDMC - CMS/select_--Select--Advance E.C.G'

2018-05-21 12:56:57 - [MESSAGE][PASSED] - All options with index in [15] are selected on object 'Object Repository/Schedule 11/Page_KDMC - CMS/select_--Select--Advance E.C.G'

2018-05-21 12:56:57 - [TEST_STEP][PASSED] - setText: Text '5000' is set on object 'Object Repository/Schedule 11/Page_KDMC - CMS/input_txttreat'

2018-05-21 12:56:57 - [MESSAGE][PASSED] - Text '5000' is set on object 'Object Repository/Schedule 11/Page_KDMC - CMS/input_txttreat'

2018-05-21 12:56:57 - [TEST_STEP][PASSED] - click: Object: 'Object Repository/Schedule 11/Page_KDMC - CMS/button_Add' is clicked on

2018-05-21 12:56:57 - [MESSAGE][PASSED] - Object: 'Object Repository/Schedule 11/Page_KDMC - CMS/button_Add' is clicked on

2018-05-21 12:56:57 - [TEST_STEP][PASSED] - selectOptionByIndex: All options with index in [11] are selected on object 'Object Repository/Schedule 11/Page_KDMC - CMS/select_--Select--Schedule 1Inj'

2018-05-21 12:56:57 - [MESSAGE][PASSED] - All options with index in [11] are selected on object 'Object Repository/Schedule 11/Page_KDMC - CMS/select_--Select--Schedule 1Inj'

2018-05-21 12:56:57 - [TEST_STEP][PASSED] - selectOptionByIndex: All options with index in [16] are selected on object 'Object Repository/Schedule 11/Page_KDMC - CMS/select_--Select--Advance E.C.G'

2018-05-21 12:56:58 - [MESSAGE][PASSED] - All options with index in [16] are selected on object 'Object Repository/Schedule 11/Page_KDMC - CMS/select_--Select--Advance E.C.G'

2018-05-21 12:56:58 - [TEST_STEP][PASSED] - setText: Text '5000' is set on object 'Object Repository/Schedule 11/Page_KDMC - CMS/input_txttreat'

2018-05-21 12:56:58 - [MESSAGE][PASSED] - Text '5000' is set on object 'Object Repository/Schedule 11/Page_KDMC - CMS/input_txttreat'

2018-05-21 12:56:58 - [TEST_STEP][PASSED] - click: Object: 'Object Repository/Schedule 11/Page_KDMC - CMS/button_Add' is clicked on

2018-05-21 12:56:58 - [MESSAGE][PASSED] - Object: 'Object Repository/Schedule 11/Page_KDMC - CMS/button_Add' is clicked on

2018-05-21 12:56:58 - [TEST_STEP][PASSED] - selectOptionByIndex: All options with index in [11] are selected on object 'Object Repository/Schedule 11/Page_KDMC - CMS/select_--Select--Schedule 1Inj'

2018-05-21 12:56:59 - [MESSAGE][PASSED] - All options with index in [11] are selected on object 'Object Repository/Schedule 11/Page_KDMC - CMS/select_--Select--Schedule 1Inj'

2018-05-21 12:56:59 - [TEST_STEP][PASSED] - selectOptionByIndex: All options with index in [17] are selected on object 'Object Repository/Schedule 11/Page_KDMC - CMS/select_--Select--Advance E.C.G'

2018-05-21 12:56:59 - [MESSAGE][PASSED] - All options with index in [17] are selected on object 'Object Repository/Schedule 11/Page_KDMC - CMS/select_--Select--Advance E.C.G'

2018-05-21 12:56:59 - [TEST_STEP][PASSED] - setText: Text '5000' is set on object 'Object Repository/Schedule 11/Page_KDMC - CMS/input_txttreat'

2018-05-21 12:56:59 - [MESSAGE][PASSED] - Text '5000' is set on object 'Object Repository/Schedule 11/Page_KDMC - CMS/input_txttreat'

2018-05-21 12:56:59 - [TEST_STEP][PASSED] - click: Object: 'Object Repository/Schedule 11/Page_KDMC - CMS/button_Add' is clicked on

2018-05-21 12:56:59 - [MESSAGE][PASSED] - Object: 'Object Repository/Schedule 11/Page_KDMC - CMS/button_Add' is clicked on

2018-05-21 12:56:59 - [TEST_STEP][PASSED] - selectOptionByIndex: All options with index in [11] are selected on object 'Object Repository/Schedule 11/Page_KDMC - CMS/select_--Select--Schedule 1Inj'

2018-05-21 12:56:59 - [MESSAGE][PASSED] - All options with index in [11] are selected on object 'Object Repository/Schedule 11/Page_KDMC - CMS/select_--Select--Schedule 1Inj'

2018-05-21 12:56:59 - [TEST_STEP][PASSED] - selectOptionByIndex: All options with index in [18] are selected on object 'Object Repository/Schedule 11/Page_KDMC - CMS/select_--Select--Advance E.C.G'

2018-05-21 12:57:00 - [MESSAGE][PASSED] - All options with index in [18] are selected on object 'Object Repository/Schedule 11/Page_KDMC - CMS/select_--Select--Advance E.C.G'

2018-05-21 12:57:00 - [TEST_STEP][PASSED] - setText: Text '5000' is set on object 'Object Repository/Schedule 11/Page_KDMC - CMS/input_txttreat'

2018-05-21 12:57:00 - [MESSAGE][PASSED] - Text '5000' is set on object 'Object Repository/Schedule 11/Page_KDMC - CMS/input_txttreat'

2018-05-21 12:57:00 - [TEST_STEP][PASSED] - click: Object: 'Object Repository/Schedule 11/Page_KDMC - CMS/button_Add' is clicked on

2018-05-21 12:57:00 - [MESSAGE][PASSED] - Object: 'Object Repository/Schedule 11/Page_KDMC - CMS/button_Add' is clicked on

2018-05-21 12:57:00 - [TEST_STEP][PASSED] - selectOptionByIndex: All options with index in [11] are selected on object 'Object Repository/Schedule 11/Page_KDMC - CMS/select_--Select--Schedule 1Inj'

2018-05-21 12:57:00 - [MESSAGE][PASSED] - All options with index in [11] are selected on object 'Object Repository/Schedule 11/Page_KDMC - CMS/select_--Select--Schedule 1Inj'

2018-05-21 12:57:00 - [TEST_STEP][PASSED] - selectOptionByIndex: All options with index in [19] are selected on object 'Object Repository/Schedule 11/Page_KDMC - CMS/select_--Select--Advance E.C.G'

2018-05-21 12:57:01 - [MESSAGE][PASSED] - All options with index in [19] are selected on object 'Object Repository/Schedule 11/Page_KDMC - CMS/select_--Select--Advance E.C.G'

2018-05-21 12:57:01 - [TEST_STEP][PASSED] - setText: Text '5000' is set on object 'Object Repository/Schedule 11/Page_KDMC - CMS/input_txttreat'

2018-05-21 12:57:01 - [MESSAGE][PASSED] - Text '5000' is set on object 'Object Repository/Schedule 11/Page_KDMC - CMS/input_txttreat'

2018-05-21 12:57:01 - [TEST_STEP][PASSED] - click: Object: 'Object Repository/Schedule 11/Page_KDMC - CMS/button_Add' is clicked on

2018-05-21 12:57:01 - [MESSAGE][PASSED] - Object: 'Object Repository/Schedule 11/Page_KDMC - CMS/button_Add' is clicked on

2018-05-21 12:57:01 - [TEST_STEP][PASSED] - selectOptionByIndex: All options with index in [11] are selected on object 'Object Repository/Schedule 11/Page_KDMC - CMS/select_--Select--Schedule 1Inj'

2018-05-21 12:57:01 - [MESSAGE][PASSED] - All options with index in [11] are selected on object 'Object Repository/Schedule 11/Page_KDMC - CMS/select_--Select--Schedule 1Inj'

2018-05-21 12:57:01 - [TEST_STEP][PASSED] - selectOptionByIndex: All options with index in [20] are selected on object 'Object Repository/Schedule 11/Page_KDMC - CMS/select_--Select--Advance E.C.G'

2018-05-21 12:57:01 - [MESSAGE][PASSED] - All options with index in [20] are selected on object 'Object Repository/Schedule 11/Page_KDMC - CMS/select_--Select--Advance E.C.G'

2018-05-21 12:57:01 - [TEST_STEP][PASSED] - setText: Text '5000' is set on object 'Object Repository/Schedule 11/Page_KDMC - CMS/input_txttreat'

2018-05-21 12:57:02 - [MESSAGE][PASSED] - Text '5000' is set on object 'Object Repository/Schedule 11/Page_KDMC - CMS/input_txttreat'

2018-05-21 12:57:02 - [TEST_STEP][PASSED] - click: Object: 'Object Repository/Schedule 11/Page_KDMC - CMS/button_Add' is clicked on

2018-05-21 12:57:02 - [MESSAGE][PASSED] - Object: 'Object Repository/Schedule 11/Page_KDMC - CMS/button_Add' is clicked on

2018-05-21 12:57:02 - [TEST_STEP][PASSED] - selectOptionByIndex: All options with index in [11] are selected on object 'Object Repository/Schedule 11/Page_KDMC - CMS/select_--Select--Schedule 1Inj'

2018-05-21 12:57:02 - [MESSAGE][PASSED] - All options with index in [11] are selected on object 'Object Repository/Schedule 11/Page_KDMC - CMS/select_--Select--Schedule 1Inj'

2018-05-21 12:57:02 - [TEST_STEP][PASSED] - selectOptionByIndex: All options with index in [21] are selected on object 'Object Repository/Schedule 11/Page_KDMC - CMS/select_--Select--Advance E.C.G'

2018-05-21 12:57:02 - [MESSAGE][PASSED] - All options with index in [21] are selected on object 'Object Repository/Schedule 11/Page_KDMC - CMS/select_--Select--Advance E.C.G'

2018-05-21 12:57:02 - [TEST_STEP][PASSED] - setText: Text '5000' is set on object 'Object Repository/Schedule 11/Page_KDMC - CMS/input_txttreat'

2018-05-21 12:57:02 - [MESSAGE][PASSED] - Text '5000' is set on object 'Object Repository/Schedule 11/Page_KDMC - CMS/input_txttreat'

2018-05-21 12:57:02 - [TEST_STEP][PASSED] - click: Object: 'Object Repository/Schedule 11/Page_KDMC - CMS/button_Add' is clicked on

2018-05-21 12:57:02 - [MESSAGE][PASSED] - Object: 'Object Repository/Schedule 11/Page_KDMC - CMS/button_Add' is clicked on

2018-05-21 12:57:02 - [TEST_STEP][PASSED] - selectOptionByIndex: All options with index in [11] are selected on object 'Object Repository/Schedule 11/Page_KDMC - CMS/select_--Select--Schedule 1Inj'

2018-05-21 12:57:03 - [MESSAGE][PASSED] - All options with index in [11] are selected on object 'Object Repository/Schedule 11/Page_KDMC - CMS/select_--Select--Schedule 1Inj'

2018-05-21 12:57:03 - [TEST_STEP][PASSED] - selectOptionByIndex: All options with index in [22] are selected on object 'Object Repository/Schedule 11/Page_KDMC - CMS/select_--Select--Advance E.C.G'

2018-05-21 12:57:03 - [MESSAGE][PASSED] - All options with index in [22] are selected on object 'Object Repository/Schedule 11/Page_KDMC - CMS/select_--Select--Advance E.C.G'

2018-05-21 12:57:03 - [TEST_STEP][PASSED] - setText: Text '5000' is set on object 'Object Repository/Schedule 11/Page_KDMC - CMS/input_txttreat'

2018-05-21 12:57:03 - [MESSAGE][PASSED] - Text '5000' is set on object 'Object Repository/Schedule 11/Page_KDMC - CMS/input_txttreat'

2018-05-21 12:57:03 - [TEST_STEP][PASSED] - click: Object: 'Object Repository/Schedule 11/Page_KDMC - CMS/button_Add' is clicked on

2018-05-21 12:57:03 - [MESSAGE][PASSED] - Object: 'Object Repository/Schedule 11/Page_KDMC - CMS/button_Add' is clicked on

2018-05-21 12:57:03 - [TEST_STEP][PASSED] - selectOptionByIndex: All options with index in [11] are selected on object 'Object Repository/Schedule 11/Page_KDMC - CMS/select_--Select--Schedule 1Inj'

2018-05-21 12:57:03 - [MESSAGE][PASSED] - All options with index in [11] are selected on object 'Object Repository/Schedule 11/Page_KDMC - CMS/select_--Select--Schedule 1Inj'

2018-05-21 12:57:03 - [TEST_STEP][PASSED] - selectOptionByIndex: All options with index in [23] are selected on object 'Object Repository/Schedule 11/Page_KDMC - CMS/select_--Select--Advance E.C.G'

2018-05-21 12:57:04 - [MESSAGE][PASSED] - All options with index in [23] are selected on object 'Object Repository/Schedule 11/Page_KDMC - CMS/select_--Select--Advance E.C.G'

2018-05-21 12:57:04 - [TEST_STEP][PASSED] - setText: Text '5000' is set on object 'Object Repository/Schedule 11/Page_KDMC - CMS/input_txttreat'

2018-05-21 12:57:04 - [MESSAGE][PASSED] - Text '5000' is set on object 'Object Repository/Schedule 11/Page_KDMC - CMS/input_txttreat'

2018-05-21 12:57:04 - [TEST_STEP][PASSED] - click: Object: 'Object Repository/Schedule 11/Page_KDMC - CMS/button_Add' is clicked on

2018-05-21 12:57:04 - [MESSAGE][PASSED] - Object: 'Object Repository/Schedule 11/Page_KDMC - CMS/button_Add' is clicked on

2018-05-21 12:57:04 - [TEST_STEP][PASSED] - selectOptionByIndex: All options with index in [11] are selected on object 'Object Repository/Schedule 11/Page_KDMC - CMS/select_--Select--Schedule 1Inj'

2018-05-21 12:57:05 - [MESSAGE][PASSED] - All options with index in [11] are selected on object 'Object Repository/Schedule 11/Page_KDMC - CMS/select_--Select--Schedule 1Inj'

2018-05-21 12:57:05 - [TEST_STEP][PASSED] - selectOptionByIndex: All options with index in [24] are selected on object 'Object Repository/Schedule 11/Page_KDMC - CMS/select_--Select--Advance E.C.G'

2018-05-21 12:57:06 - [MESSAGE][PASSED] - All options with index in [24] are selected on object 'Object Repository/Schedule 11/Page_KDMC - CMS/select_--Select--Advance E.C.G'

2018-05-21 12:57:06 - [TEST_STEP][PASSED] - setText: Text '5000' is set on object 'Object Repository/Schedule 11/Page_KDMC - CMS/input_txttreat'

2018-05-21 12:57:06 - [MESSAGE][PASSED] - Text '5000' is set on object 'Object Repository/Schedule 11/Page_KDMC - CMS/input_txttreat'

2018-05-21 12:57:06 - [TEST_STEP][PASSED] - click: Object: 'Object Repository/Schedule 11/Page_KDMC - CMS/button_Add' is clicked on

2018-05-21 12:57:06 - [MESSAGE][PASSED] - Object: 'Object Repository/Schedule 11/Page_KDMC - CMS/button_Add' is clicked on

2018-05-21 12:57:06 - [TEST_STEP][PASSED] - selectOptionByIndex: All options with index in [11] are selected on object 'Object Repository/Schedule 11/Page_KDMC - CMS/select_--Select--Schedule 1Inj'

2018-05-21 12:57:06 - [MESSAGE][PASSED] - All options with index in [11] are selected on object 'Object Repository/Schedule 11/Page_KDMC - CMS/select_--Select--Schedule 1Inj'

2018-05-21 12:57:06 - [TEST_STEP][PASSED] - selectOptionByIndex: All options with index in [25] are selected on object 'Object Repository/Schedule 11/Page_KDMC - CMS/select_--Select--Advance E.C.G'

2018-05-21 12:57:06 - [MESSAGE][PASSED] - All options with index in [25] are selected on object 'Object Repository/Schedule 11/Page_KDMC - CMS/select_--Select--Advance E.C.G'

2018-05-21 12:57:06 - [TEST_STEP][PASSED] - setText: Text '5000' is set on object 'Object Repository/Schedule 11/Page_KDMC - CMS/input_txttreat'

2018-05-21 12:57:06 - [MESSAGE][PASSED] - Text '5000' is set on object 'Object Repository/Schedule 11/Page_KDMC - CMS/input_txttreat'

2018-05-21 12:57:06 - [TEST_STEP][PASSED] - click: Object: 'Object Repository/Schedule 11/Page_KDMC - CMS/button_Add' is clicked on

2018-05-21 12:57:06 - [MESSAGE][PASSED] - Object: 'Object Repository/Schedule 11/Page_KDMC - CMS/button_Add' is clicked on

2018-05-21 12:57:06 - [TEST_STEP][PASSED] - selectOptionByIndex: All options with index in [11] are selected on object 'Object Repository/Schedule 11/Page_KDMC - CMS/select_--Select--Schedule 1Inj'

2018-05-21 12:57:07 - [MESSAGE][PASSED] - All options with index in [11] are selected on object 'Object Repository/Schedule 11/Page_KDMC - CMS/select_--Select--Schedule 1Inj'

2018-05-21 12:57:07 - [TEST_STEP][PASSED] - selectOptionByIndex: All options with index in [26] are selected on object 'Object Repository/Schedule 11/Page_KDMC - CMS/select_--Select--Advance E.C.G'

2018-05-21 12:57:07 - [MESSAGE][PASSED] - All options with index in [26] are selected on object 'Object Repository/Schedule 11/Page_KDMC - CMS/select_--Select--Advance E.C.G'

2018-05-21 12:57:07 - [TEST_STEP][PASSED] - setText: Text '5000' is set on object 'Object Repository/Schedule 11/Page_KDMC - CMS/input_txttreat'

2018-05-21 12:57:07 - [MESSAGE][PASSED] - Text '5000' is set on object 'Object Repository/Schedule 11/Page_KDMC - CMS/input_txttreat'

2018-05-21 12:57:07 - [TEST_STEP][PASSED] - click: Object: 'Object Repository/Schedule 11/Page_KDMC - CMS/button_Add' is clicked on

2018-05-21 12:57:07 - [MESSAGE][PASSED] - Object: 'Object Repository/Schedule 11/Page_KDMC - CMS/button_Add' is clicked on

2018-05-21 12:57:07 - [TEST_STEP][PASSED] - selectOptionByIndex: All options with index in [11] are selected on object 'Object Repository/Schedule 11/Page_KDMC - CMS/select_--Select--Schedule 1Inj'

2018-05-21 12:57:07 - [MESSAGE][PASSED] - All options with index in [11] are selected on object 'Object Repository/Schedule 11/Page_KDMC - CMS/select_--Select--Schedule 1Inj'

2018-05-21 12:57:07 - [TEST_STEP][PASSED] - selectOptionByIndex: All options with index in [27] are selected on object 'Object Repository/Schedule 11/Page_KDMC - CMS/select_--Select--Advance E.C.G'

2018-05-21 12:57:08 - [MESSAGE][PASSED] - All options with index in [27] are selected on object 'Object Repository/Schedule 11/Page_KDMC - CMS/select_--Select--Advance E.C.G'

2018-05-21 12:57:08 - [TEST_STEP][PASSED] - setText: Text '5000' is set on object 'Object Repository/Schedule 11/Page_KDMC - CMS/input_txttreat'

2018-05-21 12:57:08 - [MESSAGE][PASSED] - Text '5000' is set on object 'Object Repository/Schedule 11/Page_KDMC - CMS/input_txttreat'

2018-05-21 12:57:08 - [TEST_STEP][PASSED] - click: Object: 'Object Repository/Schedule 11/Page_KDMC - CMS/button_Add' is clicked on

2018-05-21 12:57:08 - [MESSAGE][PASSED] - Object: 'Object Repository/Schedule 11/Page_KDMC - CMS/button_Add' is clicked on

2018-05-21 12:57:08 - [TEST_STEP][PASSED] - selectOptionByIndex: All options with index in [11] are selected on object 'Object Repository/Schedule 11/Page_KDMC - CMS/select_--Select--Schedule 1Inj'

2018-05-21 12:57:09 - [MESSAGE][PASSED] - All options with index in [11] are selected on object 'Object Repository/Schedule 11/Page_KDMC - CMS/select_--Select--Schedule 1Inj'

2018-05-21 12:57:09 - [TEST_STEP][PASSED] - selectOptionByIndex: All options with index in [28] are selected on object 'Object Repository/Schedule 11/Page_KDMC - CMS/select_--Select--Advance E.C.G'

2018-05-21 12:57:10 - [MESSAGE][PASSED] - All options with index in [28] are selected on object 'Object Repository/Schedule 11/Page_KDMC - CMS/select_--Select--Advance E.C.G'

2018-05-21 12:57:10 - [TEST_STEP][PASSED] - setText: Text '5000' is set on object 'Object Repository/Schedule 11/Page_KDMC - CMS/input_txttreat'

2018-05-21 12:57:10 - [MESSAGE][PASSED] - Text '5000' is set on object 'Object Repository/Schedule 11/Page_KDMC - CMS/input_txttreat'

2018-05-21 12:57:10 - [TEST_STEP][PASSED] - click: Object: 'Object Repository/Schedule 11/Page_KDMC - CMS/button_Add' is clicked on

2018-05-21 12:57:10 - [MESSAGE][PASSED] - Object: 'Object Repository/Schedule 11/Page_KDMC - CMS/button_Add' is clicked on

2018-05-21 12:57:10 - [TEST_STEP][PASSED] - selectOptionByIndex: All options with index in [11] are selected on object 'Object Repository/Schedule 11/Page_KDMC - CMS/select_--Select--Schedule 1Inj'

2018-05-21 12:57:10 - [MESSAGE][PASSED] - All options with index in [11] are selected on object 'Object Repository/Schedule 11/Page_KDMC - CMS/select_--Select--Schedule 1Inj'

2018-05-21 12:57:10 - [TEST_STEP][PASSED] - selectOptionByIndex: All options with index in [29] are selected on object 'Object Repository/Schedule 11/Page_KDMC - CMS/select_--Select--Advance E.C.G'

2018-05-21 12:57:11 - [MESSAGE][PASSED] - All options with index in [29] are selected on object 'Object Repository/Schedule 11/Page_KDMC - CMS/select_--Select--Advance E.C.G'

2018-05-21 12:57:11 - [TEST_STEP][PASSED] - setText: Text '5000' is set on object 'Object Repository/Schedule 11/Page_KDMC - CMS/input_txttreat'

2018-05-21 12:57:11 - [MESSAGE][PASSED] - Text '5000' is set on object 'Object Repository/Schedule 11/Page_KDMC - CMS/input_txttreat'

2018-05-21 12:57:11 - [TEST_STEP][PASSED] - click: Object: 'Object Repository/Schedule 11/Page_KDMC - CMS/button_Add' is clicked on

2018-05-21 12:57:11 - [MESSAGE][PASSED] - Object: 'Object Repository/Schedule 11/Page_KDMC - CMS/button_Add' is clicked on

2018-05-21 12:57:11 - [TEST_STEP][PASSED] - selectOptionByIndex: All options with index in [11] are selected on object 'Object Repository/Schedule 11/Page_KDMC - CMS/select_--Select--Schedule 1Inj'

2018-05-21 12:57:11 - [MESSAGE][PASSED] - All options with index in [11] are selected on object 'Object Repository/Schedule 11/Page_KDMC - CMS/select_--Select--Schedule 1Inj'

2018-05-21 12:57:11 - [TEST_STEP][PASSED] - selectOptionByIndex: All options with index in [30] are selected on object 'Object Repository/Schedule 11/Page_KDMC - CMS/select_--Select--Advance E.C.G'

2018-05-21 12:57:11 - [MESSAGE][PASSED] - All options with index in [30] are selected on object 'Object Repository/Schedule 11/Page_KDMC - CMS/select_--Select--Advance E.C.G'

2018-05-21 12:57:11 - [TEST_STEP][PASSED] - setText: Text '5000' is set on object 'Object Repository/Schedule 11/Page_KDMC - CMS/input_txttreat'

2018-05-21 12:57:11 - [MESSAGE][PASSED] - Text '5000' is set on object 'Object Repository/Schedule 11/Page_KDMC - CMS/input_txttreat'

2018-05-21 12:57:11 - [TEST_STEP][PASSED] - click: Object: 'Object Repository/Schedule 11/Page_KDMC - CMS/button_Add' is clicked on

2018-05-21 12:57:11 - [MESSAGE][PASSED] - Object: 'Object Repository/Schedule 11/Page_KDMC - CMS/button_Add' is clicked on

2018-05-21 12:57:11 - [TEST_STEP][PASSED] - selectOptionByIndex: All options with index in [11] are selected on object 'Object Repository/Schedule 11/Page_KDMC - CMS/select_--Select--Schedule 1Inj'

2018-05-21 12:57:12 - [MESSAGE][PASSED] - All options with index in [11] are selected on object 'Object Repository/Schedule 11/Page_KDMC - CMS/select_--Select--Schedule 1Inj'

2018-05-21 12:57:12 - [TEST_STEP][PASSED] - selectOptionByIndex: All options with index in [31] are selected on object 'Object Repository/Schedule 11/Page_KDMC - CMS/select_--Select--Advance E.C.G'

2018-05-21 12:57:13 - [MESSAGE][PASSED] - All options with index in [31] are selected on object 'Object Repository/Schedule 11/Page_KDMC - CMS/select_--Select--Advance E.C.G'

2018-05-21 12:57:13 - [TEST_STEP][PASSED] - setText: Text '5000' is set on object 'Object Repository/Schedule 11/Page_KDMC - CMS/input_txttreat'

2018-05-21 12:57:13 - [MESSAGE][PASSED] - Text '5000' is set on object 'Object Repository/Schedule 11/Page_KDMC - CMS/input_txttreat'

2018-05-21 12:57:13 - [TEST_STEP][PASSED] - click: Object: 'Object Repository/Schedule 11/Page_KDMC - CMS/button_Add' is clicked on

2018-05-21 12:57:13 - [MESSAGE][PASSED] - Object: 'Object Repository/Schedule 11/Page_KDMC - CMS/button_Add' is clicked on

2018-05-21 12:57:13 - [TEST_STEP][PASSED] - selectOptionByIndex: All options with index in [11] are selected on object 'Object Repository/Schedule 11/Page_KDMC - CMS/select_--Select--Schedule 1Inj'

2018-05-21 12:57:13 - [MESSAGE][PASSED] - All options with index in [11] are selected on object 'Object Repository/Schedule 11/Page_KDMC - CMS/select_--Select--Schedule 1Inj'

2018-05-21 12:57:13 - [TEST_STEP][PASSED] - selectOptionByIndex: All options with index in [32] are selected on object 'Object Repository/Schedule 11/Page_KDMC - CMS/select_--Select--Advance E.C.G'

2018-05-21 12:57:13 - [MESSAGE][PASSED] - All options with index in [32] are selected on object 'Object Repository/Schedule 11/Page_KDMC - CMS/select_--Select--Advance E.C.G'

2018-05-21 12:57:13 - [TEST_STEP][PASSED] - setText: Text '5000' is set on object 'Object Repository/Schedule 11/Page_KDMC - CMS/input_txttreat'

2018-05-21 12:57:13 - [MESSAGE][PASSED] - Text '5000' is set on object 'Object Repository/Schedule 11/Page_KDMC - CMS/input_txttreat'

2018-05-21 12:57:13 - [TEST_STEP][PASSED] - click: Object: 'Object Repository/Schedule 11/Page_KDMC - CMS/button_Add' is clicked on

2018-05-21 12:57:14 - [MESSAGE][PASSED] - Object: 'Object Repository/Schedule 11/Page_KDMC - CMS/button_Add' is clicked on

2018-05-21 12:57:14 - [TEST_STEP][PASSED] - selectOptionByIndex: All options with index in [11] are selected on object 'Object Repository/Schedule 11/Page_KDMC - CMS/select_--Select--Schedule 1Inj'

2018-05-21 12:57:14 - [MESSAGE][PASSED] - All options with index in [11] are selected on object 'Object Repository/Schedule 11/Page_KDMC - CMS/select_--Select--Schedule 1Inj'

2018-05-21 12:57:14 - [TEST_STEP][PASSED] - selectOptionByIndex: All options with index in [33] are selected on object 'Object Repository/Schedule 11/Page_KDMC - CMS/select_--Select--Advance E.C.G'

2018-05-21 12:57:14 - [MESSAGE][PASSED] - All options with index in [33] are selected on object 'Object Repository/Schedule 11/Page_KDMC - CMS/select_--Select--Advance E.C.G'

2018-05-21 12:57:14 - [TEST_STEP][PASSED] - setText: Text '5000' is set on object 'Object Repository/Schedule 11/Page_KDMC - CMS/input_txttreat'

2018-05-21 12:57:14 - [MESSAGE][PASSED] - Text '5000' is set on object 'Object Repository/Schedule 11/Page_KDMC - CMS/input_txttreat'

2018-05-21 12:57:14 - [TEST_STEP][PASSED] - click: Object: 'Object Repository/Schedule 11/Page_KDMC - CMS/button_Add' is clicked on

2018-05-21 12:57:14 - [MESSAGE][PASSED] - Object: 'Object Repository/Schedule 11/Page_KDMC - CMS/button_Add' is clicked on

2018-05-21 12:57:14 - [TEST_STEP][PASSED] - selectOptionByIndex: All options with index in [11] are selected on object 'Object Repository/Schedule 11/Page_KDMC - CMS/select_--Select--Schedule 1Inj'

2018-05-21 12:57:14 - [MESSAGE][PASSED] - All options with index in [11] are selected on object 'Object Repository/Schedule 11/Page_KDMC - CMS/select_--Select--Schedule 1Inj'

2018-05-21 12:57:14 - [TEST_STEP][PASSED] - selectOptionByIndex: All options with index in [34] are selected on object 'Object Repository/Schedule 11/Page_KDMC - CMS/select_--Select--Advance E.C.G'

2018-05-21 12:57:15 - [MESSAGE][PASSED] - All options with index in [34] are selected on object 'Object Repository/Schedule 11/Page_KDMC - CMS/select_--Select--Advance E.C.G'

2018-05-21 12:57:15 - [TEST_STEP][PASSED] - setText: Text '5000' is set on object 'Object Repository/Schedule 11/Page_KDMC - CMS/input_txttreat'

2018-05-21 12:57:15 - [MESSAGE][PASSED] - Text '5000' is set on object 'Object Repository/Schedule 11/Page_KDMC - CMS/input_txttreat'

2018-05-21 12:57:15 - [TEST_STEP][PASSED] - click: Object: 'Object Repository/Schedule 11/Page_KDMC - CMS/button_Add' is clicked on

2018-05-21 12:57:15 - [MESSAGE][PASSED] - Object: 'Object Repository/Schedule 11/Page_KDMC - CMS/button_Add' is clicked on

2018-05-21 12:57:15 - [TEST_STEP][PASSED] - selectOptionByIndex: All options with index in [11] are selected on object 'Object Repository/Schedule 11/Page_KDMC - CMS/select_--Select--Schedule 1Inj'

2018-05-21 12:57:15 - [MESSAGE][PASSED] - All options with index in [11] are selected on object 'Object Repository/Schedule 11/Page_KDMC - CMS/select_--Select--Schedule 1Inj'

2018-05-21 12:57:15 - [TEST_STEP][PASSED] - selectOptionByIndex: All options with index in [35] are selected on object 'Object Repository/Schedule 11/Page_KDMC - CMS/select_--Select--Advance E.C.G'

2018-05-21 12:57:16 - [MESSAGE][PASSED] - All options with index in [35] are selected on object 'Object Repository/Schedule 11/Page_KDMC - CMS/select_--Select--Advance E.C.G'

2018-05-21 12:57:16 - [TEST_STEP][PASSED] - setText: Text '5000' is set on object 'Object Repository/Schedule 11/Page_KDMC - CMS/input_txttreat'

2018-05-21 12:57:16 - [MESSAGE][PASSED] - Text '5000' is set on object 'Object Repository/Schedule 11/Page_KDMC - CMS/input_txttreat'

2018-05-21 12:57:16 - [TEST_STEP][PASSED] - click: Object: 'Object Repository/Schedule 11/Page_KDMC - CMS/button_Add' is clicked on

2018-05-21 12:57:16 - [MESSAGE][PASSED] - Object: 'Object Repository/Schedule 11/Page_KDMC - CMS/button_Add' is clicked on

2018-05-21 12:57:16 - [TEST_STEP][PASSED] - selectOptionByIndex: All options with index in [11] are selected on object 'Object Repository/Schedule 11/Page_KDMC - CMS/select_--Select--Schedule 1Inj'

2018-05-21 12:57:16 - [MESSAGE][PASSED] - All options with index in [11] are selected on object 'Object Repository/Schedule 11/Page_KDMC - CMS/select_--Select--Schedule 1Inj'

2018-05-21 12:57:16 - [TEST_STEP][PASSED] - selectOptionByIndex: All options with index in [36] are selected on object 'Object Repository/Schedule 11/Page_KDMC - CMS/select_--Select--Advance E.C.G'

2018-05-21 12:57:17 - [MESSAGE][PASSED] - All options with index in [36] are selected on object 'Object Repository/Schedule 11/Page_KDMC - CMS/select_--Select--Advance E.C.G'

2018-05-21 12:57:17 - [TEST_STEP][PASSED] - setText: Text '5000' is set on object 'Object Repository/Schedule 11/Page_KDMC - CMS/input_txttreat'

2018-05-21 12:57:17 - [MESSAGE][PASSED] - Text '5000' is set on object 'Object Repository/Schedule 11/Page_KDMC - CMS/input_txttreat'

2018-05-21 12:57:17 - [TEST_STEP][PASSED] - click: Object: 'Object Repository/Schedule 11/Page_KDMC - CMS/button_Add' is clicked on

2018-05-21 12:57:17 - [MESSAGE][PASSED] - Object: 'Object Repository/Schedule 11/Page_KDMC - CMS/button_Add' is clicked on

2018-05-21 12:57:17 - [TEST_STEP][PASSED] - selectOptionByIndex: All options with index in [11] are selected on object 'Object Repository/Schedule 11/Page_KDMC - CMS/select_--Select--Schedule 1Inj'

2018-05-21 12:57:17 - [MESSAGE][PASSED] - All options with index in [11] are selected on object 'Object Repository/Schedule 11/Page_KDMC - CMS/select_--Select--Schedule 1Inj'

2018-05-21 12:57:17 - [TEST_STEP][PASSED] - selectOptionByIndex: All options with index in [37] are selected on object 'Object Repository/Schedule 11/Page_KDMC - CMS/select_--Select--Advance E.C.G'

2018-05-21 12:57:17 - [MESSAGE][PASSED] - All options with index in [37] are selected on object 'Object Repository/Schedule 11/Page_KDMC - CMS/select_--Select--Advance E.C.G'

2018-05-21 12:57:17 - [TEST_STEP][PASSED] - setText: Text '5000' is set on object 'Object Repository/Schedule 11/Page_KDMC - CMS/input_txttreat'

2018-05-21 12:57:18 - [MESSAGE][PASSED] - Text '5000' is set on object 'Object Repository/Schedule 11/Page_KDMC - CMS/input_txttreat'

2018-05-21 12:57:18 - [TEST_STEP][PASSED] - click: Object: 'Object Repository/Schedule 11/Page_KDMC - CMS/button_Add' is clicked on

2018-05-21 12:57:18 - [MESSAGE][PASSED] - Object: 'Object Repository/Schedule 11/Page_KDMC - CMS/button_Add' is clicked on

2018-05-21 12:57:18 - [TEST_STEP][PASSED] - selectOptionByIndex: All options with index in [11] are selected on object 'Object Repository/Schedule 11/Page_KDMC - CMS/select_--Select--Schedule 1Inj'

2018-05-21 12:57:18 - [MESSAGE][PASSED] - All options with index in [11] are selected on object 'Object Repository/Schedule 11/Page_KDMC - CMS/select_--Select--Schedule 1Inj'

2018-05-21 12:57:18 - [TEST_STEP][PASSED] - selectOptionByIndex: All options with index in [38] are selected on object 'Object Repository/Schedule 11/Page_KDMC - CMS/select_--Select--Advance E.C.G'

2018-05-21 12:57:19 - [MESSAGE][PASSED] - All options with index in [38] are selected on object 'Object Repository/Schedule 11/Page_KDMC - CMS/select_--Select--Advance E.C.G'

2018-05-21 12:57:19 - [TEST_STEP][PASSED] - setText: Text '5000' is set on object 'Object Repository/Schedule 11/Page_KDMC - CMS/input_txttreat'

2018-05-21 12:57:19 - [MESSAGE][PASSED] - Text '5000' is set on object 'Object Repository/Schedule 11/Page_KDMC - CMS/input_txttreat'

2018-05-21 12:57:19 - [TEST_STEP][PASSED] - click: Object: 'Object Repository/Schedule 11/Page_KDMC - CMS/button_Add' is clicked on

2018-05-21 12:57:19 - [MESSAGE][PASSED] - Object: 'Object Repository/Schedule 11/Page_KDMC - CMS/button_Add' is clicked on

2018-05-21 12:57:19 - [TEST_STEP][PASSED] - selectOptionByIndex: All options with index in [11] are selected on object 'Object Repository/Schedule 11/Page_KDMC - CMS/select_--Select--Schedule 1Inj'

2018-05-21 12:57:19 - [MESSAGE][PASSED] - All options with index in [11] are selected on object 'Object Repository/Schedule 11/Page_KDMC - CMS/select_--Select--Schedule 1Inj'

2018-05-21 12:57:19 - [TEST_STEP][PASSED] - selectOptionByIndex: All options with index in [39] are selected on object 'Object Repository/Schedule 11/Page_KDMC - CMS/select_--Select--Advance E.C.G'

2018-05-21 12:57:20 - [MESSAGE][PASSED] - All options with index in [39] are selected on object 'Object Repository/Schedule 11/Page_KDMC - CMS/select_--Select--Advance E.C.G'

2018-05-21 12:57:20 - [TEST_STEP][PASSED] - setText: Text '5000' is set on object 'Object Repository/Schedule 11/Page_KDMC - CMS/input_txttreat'

2018-05-21 12:57:20 - [MESSAGE][PASSED] - Text '5000' is set on object 'Object Repository/Schedule 11/Page_KDMC - CMS/input_txttreat'

2018-05-21 12:57:20 - [TEST_STEP][PASSED] - click: Object: 'Object Repository/Schedule 11/Page_KDMC - CMS/button_Add' is clicked on

2018-05-21 12:57:20 - [MESSAGE][PASSED] - Object: 'Object Repository/Schedule 11/Page_KDMC - CMS/button_Add' is clicked on

2018-05-21 12:57:20 - [TEST_STEP][PASSED] - selectOptionByIndex: All options with index in [11] are selected on object 'Object Repository/Schedule 11/Page_KDMC - CMS/select_--Select--Schedule 1Inj'

2018-05-21 12:57:20 - [MESSAGE][PASSED] - All options with index in [11] are selected on object 'Object Repository/Schedule 11/Page_KDMC - CMS/select_--Select--Schedule 1Inj'

2018-05-21 12:57:20 - [TEST_STEP][PASSED] - selectOptionByIndex: All options with index in [40] are selected on object 'Object Repository/Schedule 11/Page_KDMC - CMS/select_--Select--Advance E.C.G'

2018-05-21 12:57:21 - [MESSAGE][PASSED] - All options with index in [40] are selected on object 'Object Repository/Schedule 11/Page_KDMC - CMS/select_--Select--Advance E.C.G'

2018-05-21 12:57:21 - [TEST_STEP][PASSED] - setText: Text '5000' is set on object 'Object Repository/Schedule 11/Page_KDMC - CMS/input_txttreat'

2018-05-21 12:57:21 - [MESSAGE][PASSED] - Text '5000' is set on object 'Object Repository/Schedule 11/Page_KDMC - CMS/input_txttreat'

2018-05-21 12:57:21 - [TEST_STEP][PASSED] - click: Object: 'Object Repository/Schedule 11/Page_KDMC - CMS/button_Add' is clicked on

2018-05-21 12:57:21 - [MESSAGE][PASSED] - Object: 'Object Repository/Schedule 11/Page_KDMC - CMS/button_Add' is clicked on

2018-05-21 12:57:21 - [TEST_STEP][PASSED] - selectOptionByIndex: All options with index in [11] are selected on object 'Object Repository/Schedule 11/Page_KDMC - CMS/select_--Select--Schedule 1Inj'

2018-05-21 12:57:21 - [MESSAGE][PASSED] - All options with index in [11] are selected on object 'Object Repository/Schedule 11/Page_KDMC - CMS/select_--Select--Schedule 1Inj'

2018-05-21 12:57:21 - [TEST_STEP][PASSED] - selectOptionByIndex: All options with index in [41] are selected on object 'Object Repository/Schedule 11/Page_KDMC - CMS/select_--Select--Advance E.C.G'

2018-05-21 12:57:22 - [MESSAGE][PASSED] - All options with index in [41] are selected on object 'Object Repository/Schedule 11/Page_KDMC - CMS/select_--Select--Advance E.C.G'

2018-05-21 12:57:22 - [TEST_STEP][PASSED] - setText: Text '5000' is set on object 'Object Repository/Schedule 11/Page_KDMC - CMS/input_txttreat'

2018-05-21 12:57:22 - [MESSAGE][PASSED] - Text '5000' is set on object 'Object Repository/Schedule 11/Page_KDMC - CMS/input_txttreat'

2018-05-21 12:57:22 - [TEST_STEP][PASSED] - click: Object: 'Object Repository/Schedule 11/Page_KDMC - CMS/button_Add' is clicked on

2018-05-21 12:57:22 - [MESSAGE][PASSED] - Object: 'Object Repository/Schedule 11/Page_KDMC - CMS/button_Add' is clicked on

2018-05-21 12:57:22 - [TEST_STEP][PASSED] - selectOptionByIndex: All options with index in [11] are selected on object 'Object Repository/Schedule 11/Page_KDMC - CMS/select_--Select--Schedule 1Inj'

2018-05-21 12:57:22 - [MESSAGE][PASSED] - All options with index in [11] are selected on object 'Object Repository/Schedule 11/Page_KDMC - CMS/select_--Select--Schedule 1Inj'

2018-05-21 12:57:22 - [TEST_STEP][PASSED] - selectOptionByIndex: All options with index in [42] are selected on object 'Object Repository/Schedule 11/Page_KDMC - CMS/select_--Select--Advance E.C.G'

2018-05-21 12:57:22 - [MESSAGE][PASSED] - All options with index in [42] are selected on object 'Object Repository/Schedule 11/Page_KDMC - CMS/select_--Select--Advance E.C.G'

2018-05-21 12:57:22 - [TEST_STEP][PASSED] - setText: Text '5000' is set on object 'Object Repository/Schedule 11/Page_KDMC - CMS/input_txttreat'

2018-05-21 12:57:23 - [MESSAGE][PASSED] - Text '5000' is set on object 'Object Repository/Schedule 11/Page_KDMC - CMS/input_txttreat'

2018-05-21 12:57:23 - [TEST_STEP][PASSED] - click: Object: 'Object Repository/Schedule 11/Page_KDMC - CMS/button_Add' is clicked on

2018-05-21 12:57:23 - [MESSAGE][PASSED] - Object: 'Object Repository/Schedule 11/Page_KDMC - CMS/button_Add' is clicked on

2018-05-21 12:57:23 - [TEST_STEP][PASSED] - selectOptionByIndex: All options with index in [11] are selected on object 'Object Repository/Schedule 11/Page_KDMC - CMS/select_--Select--Schedule 1Inj'

2018-05-21 12:57:23 - [MESSAGE][PASSED] - All options with index in [11] are selected on object 'Object Repository/Schedule 11/Page_KDMC - CMS/select_--Select--Schedule 1Inj'

2018-05-21 12:57:23 - [TEST_STEP][PASSED] - selectOptionByIndex: All options with index in [43] are selected on object 'Object Repository/Schedule 11/Page_KDMC - CMS/select_--Select--Advance E.C.G'

2018-05-21 12:57:24 - [MESSAGE][PASSED] - All options with index in [43] are selected on object 'Object Repository/Schedule 11/Page_KDMC - CMS/select_--Select--Advance E.C.G'

2018-05-21 12:57:24 - [TEST_STEP][PASSED] - setText: Text '5000' is set on object 'Object Repository/Schedule 11/Page_KDMC - CMS/input_txttreat'

2018-05-21 12:57:24 - [MESSAGE][PASSED] - Text '5000' is set on object 'Object Repository/Schedule 11/Page_KDMC - CMS/input_txttreat'

2018-05-21 12:57:24 - [TEST_STEP][PASSED] - click: Object: 'Object Repository/Schedule 11/Page_KDMC - CMS/button_Add' is clicked on

2018-05-21 12:57:24 - [MESSAGE][PASSED] - Object: 'Object Repository/Schedule 11/Page_KDMC - CMS/button_Add' is clicked on

2018-05-21 12:57:24 - [TEST_STEP][PASSED] - selectOptionByIndex: All options with index in [11] are selected on object 'Object Repository/Schedule 11/Page_KDMC - CMS/select_--Select--Schedule 1Inj'

2018-05-21 12:57:24 - [MESSAGE][PASSED] - All options with index in [11] are selected on object 'Object Repository/Schedule 11/Page_KDMC - CMS/select_--Select--Schedule 1Inj'

2018-05-21 12:57:24 - [TEST_STEP][PASSED] - selectOptionByIndex: All options with index in [44] are selected on object 'Object Repository/Schedule 11/Page_KDMC - CMS/select_--Select--Advance E.C.G'

2018-05-21 12:57:25 - [MESSAGE][PASSED] - All options with index in [44] are selected on object 'Object Repository/Schedule 11/Page_KDMC - CMS/select_--Select--Advance E.C.G'

2018-05-21 12:57:25 - [TEST_STEP][PASSED] - setText: Text '5000' is set on object 'Object Repository/Schedule 11/Page_KDMC - CMS/input_txttreat'

2018-05-21 12:57:25 - [MESSAGE][PASSED] - Text '5000' is set on object 'Object Repository/Schedule 11/Page_KDMC - CMS/input_txttreat'

2018-05-21 12:57:25 - [TEST_STEP][PASSED] - click: Object: 'Object Repository/Schedule 11/Page_KDMC - CMS/button_Add' is clicked on

2018-05-21 12:57:25 - [MESSAGE][PASSED] - Object: 'Object Repository/Schedule 11/Page_KDMC - CMS/button_Add' is clicked on

2018-05-21 12:57:25 - [TEST_STEP][PASSED] - selectOptionByIndex: All options with index in [11] are selected on object 'Object Repository/Schedule 11/Page_KDMC - CMS/select_--Select--Schedule 1Inj'

2018-05-21 12:57:25 - [MESSAGE][PASSED] - All options with index in [11] are selected on object 'Object Repository/Schedule 11/Page_KDMC - CMS/select_--Select--Schedule 1Inj'

2018-05-21 12:57:25 - [TEST_STEP][PASSED] - selectOptionByIndex: All options with index in [45] are selected on object 'Object Repository/Schedule 11/Page_KDMC - CMS/select_--Select--Advance E.C.G'

2018-05-21 12:57:26 - [MESSAGE][PASSED] - All options with index in [45] are selected on object 'Object Repository/Schedule 11/Page_KDMC - CMS/select_--Select--Advance E.C.G'

2018-05-21 12:57:26 - [TEST_STEP][PASSED] - setText: Text '5000' is set on object 'Object Repository/Schedule 11/Page_KDMC - CMS/input_txttreat'

2018-05-21 12:57:26 - [MESSAGE][PASSED] - Text '5000' is set on object 'Object Repository/Schedule 11/Page_KDMC - CMS/input_txttreat'

2018-05-21 12:57:26 - [TEST_STEP][PASSED] - click: Object: 'Object Repository/Schedule 11/Page_KDMC - CMS/button_Add' is clicked on

2018-05-21 12:57:26 - [MESSAGE][PASSED] - Object: 'Object Repository/Schedule 11/Page_KDMC - CMS/button_Add' is clicked on

2018-05-21 12:57:26 - [TEST_STEP][PASSED] - selectOptionByIndex: All options with index in [11] are selected on object 'Object Repository/Schedule 11/Page_KDMC - CMS/select_--Select--Schedule 1Inj'

2018-05-21 12:57:26 - [MESSAGE][PASSED] - All options with index in [11] are selected on object 'Object Repository/Schedule 11/Page_KDMC - CMS/select_--Select--Schedule 1Inj'

2018-05-21 12:57:26 - [TEST_STEP][PASSED] - selectOptionByIndex: All options with index in [46] are selected on object 'Object Repository/Schedule 11/Page_KDMC - CMS/select_--Select--Advance E.C.G'

2018-05-21 12:57:27 - [MESSAGE][PASSED] - All options with index in [46] are selected on object 'Object Repository/Schedule 11/Page_KDMC - CMS/select_--Select--Advance E.C.G'

2018-05-21 12:57:27 - [TEST_STEP][PASSED] - setText: Text '5000' is set on object 'Object Repository/Schedule 11/Page_KDMC - CMS/input_txttreat'

2018-05-21 12:57:27 - [MESSAGE][PASSED] - Text '5000' is set on object 'Object Repository/Schedule 11/Page_KDMC - CMS/input_txttreat'

2018-05-21 12:57:27 - [TEST_STEP][PASSED] - click: Object: 'Object Repository/Schedule 11/Page_KDMC - CMS/button_Add' is clicked on

2018-05-21 12:57:27 - [MESSAGE][PASSED] - Object: 'Object Repository/Schedule 11/Page_KDMC - CMS/button_Add' is clicked on

2018-05-21 12:57:27 - [TEST_STEP][PASSED] - selectOptionByIndex: All options with index in [11] are selected on object 'Object Repository/Schedule 11/Page_KDMC - CMS/select_--Select--Schedule 1Inj'

2018-05-21 12:57:27 - [MESSAGE][PASSED] - All options with index in [11] are selected on object 'Object Repository/Schedule 11/Page_KDMC - CMS/select_--Select--Schedule 1Inj'

2018-05-21 12:57:27 - [TEST_STEP][PASSED] - selectOptionByIndex: All options with index in [47] are selected on object 'Object Repository/Schedule 11/Page_KDMC - CMS/select_--Select--Advance E.C.G'

2018-05-21 12:57:28 - [MESSAGE][PASSED] - All options with index in [47] are selected on object 'Object Repository/Schedule 11/Page_KDMC - CMS/select_--Select--Advance E.C.G'

2018-05-21 12:57:28 - [TEST_STEP][PASSED] - setText: Text '5000' is set on object 'Object Repository/Schedule 11/Page_KDMC - CMS/input_txttreat'

2018-05-21 12:57:28 - [MESSAGE][PASSED] - Text '5000' is set on object 'Object Repository/Schedule 11/Page_KDMC - CMS/input_txttreat'

2018-05-21 12:57:28 - [TEST_STEP][PASSED] - click: Object: 'Object Repository/Schedule 11/Page_KDMC - CMS/button_Add' is clicked on

2018-05-21 12:57:28 - [MESSAGE][PASSED] - Object: 'Object Repository/Schedule 11/Page_KDMC - CMS/button_Add' is clicked on

2018-05-21 12:57:28 - [TEST_STEP][PASSED] - selectOptionByIndex: All options with index in [11] are selected on object 'Object Repository/Schedule 11/Page_KDMC - CMS/select_--Select--Schedule 1Inj'

2018-05-21 12:57:28 - [MESSAGE][PASSED] - All options with index in [11] are selected on object 'Object Repository/Schedule 11/Page_KDMC - CMS/select_--Select--Schedule 1Inj'

2018-05-21 12:57:28 - [TEST_STEP][PASSED] - selectOptionByIndex: All options with index in [48] are selected on object 'Object Repository/Schedule 11/Page_KDMC - CMS/select_--Select--Advance E.C.G'

2018-05-21 12:57:29 - [MESSAGE][PASSED] - All options with index in [48] are selected on object 'Object Repository/Schedule 11/Page_KDMC - CMS/select_--Select--Advance E.C.G'

2018-05-21 12:57:29 - [TEST_STEP][PASSED] - setText: Text '5000' is set on object 'Object Repository/Schedule 11/Page_KDMC - CMS/input_txttreat'

2018-05-21 12:57:29 - [MESSAGE][PASSED] - Text '5000' is set on object 'Object Repository/Schedule 11/Page_KDMC - CMS/input_txttreat'

2018-05-21 12:57:29 - [TEST_STEP][PASSED] - click: Object: 'Object Repository/Schedule 11/Page_KDMC - CMS/button_Add' is clicked on

2018-05-21 12:57:29 - [MESSAGE][PASSED] - Object: 'Object Repository/Schedule 11/Page_KDMC - CMS/button_Add' is clicked on

2018-05-21 12:57:29 - [TEST_STEP][PASSED] - selectOptionByIndex: All options with index in [11] are selected on object 'Object Repository/Schedule 11/Page_KDMC - CMS/select_--Select--Schedule 1Inj'

2018-05-21 12:57:29 - [MESSAGE][PASSED] - All options with index in [11] are selected on object 'Object Repository/Schedule 11/Page_KDMC - CMS/select_--Select--Schedule 1Inj'

2018-05-21 12:57:29 - [TEST_STEP][PASSED] - selectOptionByIndex: All options with index in [49] are selected on object 'Object Repository/Schedule 11/Page_KDMC - CMS/select_--Select--Advance E.C.G'

2018-05-21 12:57:30 - [MESSAGE][PASSED] - All options with index in [49] are selected on object 'Object Repository/Schedule 11/Page_KDMC - CMS/select_--Select--Advance E.C.G'

2018-05-21 12:57:30 - [TEST_STEP][PASSED] - setText: Text '5000' is set on object 'Object Repository/Schedule 11/Page_KDMC - CMS/input_txttreat'

2018-05-21 12:57:30 - [MESSAGE][PASSED] - Text '5000' is set on object 'Object Repository/Schedule 11/Page_KDMC - CMS/input_txttreat'

2018-05-21 12:57:30 - [TEST_STEP][PASSED] - click: Object: 'Object Repository/Schedule 11/Page_KDMC - CMS/button_Add' is clicked on

2018-05-21 12:57:30 - [MESSAGE][PASSED] - Object: 'Object Repository/Schedule 11/Page_KDMC - CMS/button_Add' is clicked on

2018-05-21 12:57:30 - [TEST_STEP][PASSED] - selectOptionByIndex: All options with index in [11] are selected on object 'Object Repository/Schedule 11/Page_KDMC - CMS/select_--Select--Schedule 1Inj'

2018-05-21 12:57:31 - [MESSAGE][PASSED] - All options with index in [11] are selected on object 'Object Repository/Schedule 11/Page_KDMC - CMS/select_--Select--Schedule 1Inj'

2018-05-21 12:57:31 - [TEST_STEP][PASSED] - selectOptionByIndex: All options with index in [50] are selected on object 'Object Repository/Schedule 11/Page_KDMC - CMS/select_--Select--Advance E.C.G'

2018-05-21 12:57:31 - [MESSAGE][PASSED] - All options with index in [50] are selected on object 'Object Repository/Schedule 11/Page_KDMC - CMS/select_--Select--Advance E.C.G'

2018-05-21 12:57:31 - [TEST_STEP][PASSED] - setText: Text '5000' is set on object 'Object Repository/Schedule 11/Page_KDMC - CMS/input_txttreat'

2018-05-21 12:57:31 - [MESSAGE][PASSED] - Text '5000' is set on object 'Object Repository/Schedule 11/Page_KDMC - CMS/input_txttreat'

2018-05-21 12:57:31 - [TEST_STEP][PASSED] - click: Object: 'Object Repository/Schedule 11/Page_KDMC - CMS/button_Add' is clicked on

2018-05-21 12:57:31 - [MESSAGE][PASSED] - Object: 'Object Repository/Schedule 11/Page_KDMC - CMS/button_Add' is clicked on

2018-05-21 12:57:31 - [TEST_STEP][PASSED] - selectOptionByIndex: All options with index in [11] are selected on object 'Object Repository/Schedule 11/Page_KDMC - CMS/select_--Select--Schedule 1Inj'

2018-05-21 12:57:32 - [MESSAGE][PASSED] - All options with index in [11] are selected on object 'Object Repository/Schedule 11/Page_KDMC - CMS/select_--Select--Schedule 1Inj'

2018-05-21 12:57:32 - [TEST_STEP][PASSED] - selectOptionByIndex: All options with index in [51] are selected on object 'Object Repository/Schedule 11/Page_KDMC - CMS/select_--Select--Advance E.C.G'

2018-05-21 12:57:32 - [MESSAGE][PASSED] - All options with index in [51] are selected on object 'Object Repository/Schedule 11/Page_KDMC - CMS/select_--Select--Advance E.C.G'

2018-05-21 12:57:32 - [TEST_STEP][PASSED] - setText: Text '5000' is set on object 'Object Repository/Schedule 11/Page_KDMC - CMS/input_txttreat'

2018-05-21 12:57:33 - [MESSAGE][PASSED] - Text '5000' is set on object 'Object Repository/Schedule 11/Page_KDMC - CMS/input_txttreat'

2018-05-21 12:57:33 - [TEST_STEP][PASSED] - click: Object: 'Object Repository/Schedule 11/Page_KDMC - CMS/button_Add' is clicked on

2018-05-21 12:57:33 - [MESSAGE][PASSED] - Object: 'Object Repository/Schedule 11/Page_KDMC - CMS/button_Add' is clicked on

2018-05-21 12:57:33 - [TEST_STEP][PASSED] - selectOptionByIndex: All options with index in [11] are selected on object 'Object Repository/Schedule 11/Page_KDMC - CMS/select_--Select--Schedule 1Inj'

2018-05-21 12:57:33 - [MESSAGE][PASSED] - All options with index in [11] are selected on object 'Object Repository/Schedule 11/Page_KDMC - CMS/select_--Select--Schedule 1Inj'

2018-05-21 12:57:33 - [TEST_STEP][PASSED] - selectOptionByIndex: All options with index in [52] are selected on object 'Object Repository/Schedule 11/Page_KDMC - CMS/select_--Select--Advance E.C.G'

2018-05-21 12:57:34 - [MESSAGE][PASSED] - All options with index in [52] are selected on object 'Object Repository/Schedule 11/Page_KDMC - CMS/select_--Select--Advance E.C.G'

2018-05-21 12:57:34 - [TEST_STEP][PASSED] - setText: Text '5000' is set on object 'Object Repository/Schedule 11/Page_KDMC - CMS/input_txttreat'

2018-05-21 12:57:34 - [MESSAGE][PASSED] - Text '5000' is set on object 'Object Repository/Schedule 11/Page_KDMC - CMS/input_txttreat'

2018-05-21 12:57:34 - [TEST_STEP][PASSED] - click: Object: 'Object Repository/Schedule 11/Page_KDMC - CMS/button_Add' is clicked on

2018-05-21 12:57:34 - [MESSAGE][PASSED] - Object: 'Object Repository/Schedule 11/Page_KDMC - CMS/button_Add' is clicked on

2018-05-21 12:57:34 - [TEST_STEP][PASSED] - selectOptionByIndex: All options with index in [11] are selected on object 'Object Repository/Schedule 11/Page_KDMC - CMS/select_--Select--Schedule 1Inj'

2018-05-21 12:57:34 - [MESSAGE][PASSED] - All options with index in [11] are selected on object 'Object Repository/Schedule 11/Page_KDMC - CMS/select_--Select--Schedule 1Inj'

2018-05-21 12:57:34 - [TEST_STEP][PASSED] - selectOptionByIndex: All options with index in [53] are selected on object 'Object Repository/Schedule 11/Page_KDMC - CMS/select_--Select--Advance E.C.G'

2018-05-21 12:57:35 - [MESSAGE][PASSED] - All options with index in [53] are selected on object 'Object Repository/Schedule 11/Page_KDMC - CMS/select_--Select--Advance E.C.G'

2018-05-21 12:57:35 - [TEST_STEP][PASSED] - setText: Text '5000' is set on object 'Object Repository/Schedule 11/Page_KDMC - CMS/input_txttreat'

2018-05-21 12:57:35 - [MESSAGE][PASSED] - Text '5000' is set on object 'Object Repository/Schedule 11/Page_KDMC - CMS/input_txttreat'

2018-05-21 12:57:35 - [TEST_STEP][PASSED] - click: Object: 'Object Repository/Schedule 11/Page_KDMC - CMS/button_Add' is clicked on

2018-05-21 12:57:35 - [MESSAGE][PASSED] - Object: 'Object Repository/Schedule 11/Page_KDMC - CMS/button_Add' is clicked on

2018-05-21 12:57:35 - [TEST_STEP][PASSED] - selectOptionByIndex: All options with index in [11] are selected on object 'Object Repository/Schedule 11/Page_KDMC - CMS/select_--Select--Schedule 1Inj'

2018-05-21 12:57:36 - [MESSAGE][PASSED] - All options with index in [11] are selected on object 'Object Repository/Schedule 11/Page_KDMC - CMS/select_--Select--Schedule 1Inj'

2018-05-21 12:57:36 - [TEST_STEP][PASSED] - selectOptionByIndex: All options with index in [54] are selected on object 'Object Repository/Schedule 11/Page_KDMC - CMS/select_--Select--Advance E.C.G'

2018-05-21 12:57:36 - [MESSAGE][PASSED] - All options with index in [54] are selected on object 'Object Repository/Schedule 11/Page_KDMC - CMS/select_--Select--Advance E.C.G'

2018-05-21 12:57:36 - [TEST_STEP][PASSED] - setText: Text '5000' is set on object 'Object Repository/Schedule 11/Page_KDMC - CMS/input_txttreat'

2018-05-21 12:57:36 - [MESSAGE][PASSED] - Text '5000' is set on object 'Object Repository/Schedule 11/Page_KDMC - CMS/input_txttreat'

2018-05-21 12:57:36 - [TEST_STEP][PASSED] - click: Object: 'Object Repository/Schedule 11/Page_KDMC - CMS/button_Add' is clicked on

2018-05-21 12:57:37 - [MESSAGE][PASSED] - Object: 'Object Repository/Schedule 11/Page_KDMC - CMS/button_Add' is clicked on

2018-05-21 12:57:37 - [TEST_STEP][PASSED] - selectOptionByIndex: All options with index in [11] are selected on object 'Object Repository/Schedule 11/Page_KDMC - CMS/select_--Select--Schedule 1Inj'

2018-05-21 12:57:37 - [MESSAGE][PASSED] - All options with index in [11] are selected on object 'Object Repository/Schedule 11/Page_KDMC - CMS/select_--Select--Schedule 1Inj'

2018-05-21 12:57:37 - [TEST_STEP][PASSED] - selectOptionByIndex: All options with index in [55] are selected on object 'Object Repository/Schedule 11/Page_KDMC - CMS/select_--Select--Advance E.C.G'

2018-05-21 12:57:38 - [MESSAGE][PASSED] - All options with index in [55] are selected on object 'Object Repository/Schedule 11/Page_KDMC - CMS/select_--Select--Advance E.C.G'

2018-05-21 12:57:38 - [TEST_STEP][PASSED] - setText: Text '5000' is set on object 'Object Repository/Schedule 11/Page_KDMC - CMS/input_txttreat'

2018-05-21 12:57:38 - [MESSAGE][PASSED] - Text '5000' is set on object 'Object Repository/Schedule 11/Page_KDMC - CMS/input_txttreat'

2018-05-21 12:57:38 - [TEST_STEP][PASSED] - click: Object: 'Object Repository/Schedule 11/Page_KDMC - CMS/button_Add' is clicked on

2018-05-21 12:57:43 - [MESSAGE][PASSED] - Object: 'Object Repository/Schedule 11/Page_KDMC - CMS/button_Add' is clicked on

2018-05-21 12:57:43 - [TEST_STEP][PASSED] - selectOptionByIndex: All options with index in [11] are selected on object 'Object Repository/Schedule 11/Page_KDMC - CMS/select_--Select--Schedule 1Inj'

2018-05-21 12:57:44 - [MESSAGE][PASSED] - All options with index in [11] are selected on object 'Object Repository/Schedule 11/Page_KDMC - CMS/select_--Select--Schedule 1Inj'

2018-05-21 12:57:44 - [TEST_STEP][PASSED] - selectOptionByIndex: All options with index in [56] are selected on object 'Object Repository/Schedule 11/Page_KDMC - CMS/select_--Select--Advance E.C.G'

2018-05-21 12:57:45 - [MESSAGE][PASSED] - All options with index in [56] are selected on object 'Object Repository/Schedule 11/Page_KDMC - CMS/select_--Select--Advance E.C.G'

2018-05-21 12:57:45 - [TEST_STEP][PASSED] - setText: Text '5000' is set on object 'Object Repository/Schedule 11/Page_KDMC - CMS/input_txttreat'

2018-05-21 12:57:45 - [MESSAGE][PASSED] - Text '5000' is set on object 'Object Repository/Schedule 11/Page_KDMC - CMS/input_txttreat'

2018-05-21 12:57:45 - [TEST_STEP][PASSED] - click: Object: 'Object Repository/Schedule 11/Page_KDMC - CMS/button_Add' is clicked on

2018-05-21 12:57:50 - [MESSAGE][PASSED] - Object: 'Object Repository/Schedule 11/Page_KDMC - CMS/button_Add' is clicked on

2018-05-21 12:57:50 - [TEST_STEP][PASSED] - selectOptionByIndex: All options with index in [11] are selected on object 'Object Repository/Schedule 11/Page_KDMC - CMS/select_--Select--Schedule 1Inj'

2018-05-21 12:57:50 - [MESSAGE][PASSED] - All options with index in [11] are selected on object 'Object Repository/Schedule 11/Page_KDMC - CMS/select_--Select--Schedule 1Inj'

2018-05-21 12:57:50 - [TEST_STEP][PASSED] - selectOptionByIndex: All options with index in [57] are selected on object 'Object Repository/Schedule 11/Page_KDMC - CMS/select_--Select--Advance E.C.G'

2018-05-21 12:57:52 - [MESSAGE][PASSED] - All options with index in [57] are selected on object 'Object Repository/Schedule 11/Page_KDMC - CMS/select_--Select--Advance E.C.G'

2018-05-21 12:57:52 - [TEST_STEP][PASSED] - setText: Text '5000' is set on object 'Object Repository/Schedule 11/Page_KDMC - CMS/input_txttreat'

2018-05-21 12:57:52 - [MESSAGE][PASSED] - Text '5000' is set on object 'Object Repository/Schedule 11/Page_KDMC - CMS/input_txttreat'

2018-05-21 12:57:52 - [TEST_STEP][PASSED] - click: Object: 'Object Repository/Schedule 11/Page_KDMC - CMS/button_Add' is clicked on

2018-05-21 12:57:57 - [MESSAGE][PASSED] - Object: 'Object Repository/Schedule 11/Page_KDMC - CMS/button_Add' is clicked on

2018-05-21 12:57:57 - [TEST_STEP][PASSED] - selectOptionByIndex: All options with index in [11] are selected on object 'Object Repository/Schedule 11/Page_KDMC - CMS/select_--Select--Schedule 1Inj'

2018-05-21 12:57:57 - [MESSAGE][PASSED] - All options with index in [11] are selected on object 'Object Repository/Schedule 11/Page_KDMC - CMS/select_--Select--Schedule 1Inj'

2018-05-21 12:57:57 - [TEST_STEP][PASSED] - selectOptionByIndex: All options with index in [58] are selected on object 'Object Repository/Schedule 11/Page_KDMC - CMS/select_--Select--Advance E.C.G'

2018-05-21 12:57:58 - [MESSAGE][PASSED] - All options with index in [58] are selected on object 'Object Repository/Schedule 11/Page_KDMC - CMS/select_--Select--Advance E.C.G'

2018-05-21 12:57:58 - [TEST_STEP][PASSED] - setText: Text '5000' is set on object 'Object Repository/Schedule 11/Page_KDMC - CMS/input_txttreat'

2018-05-21 12:57:59 - [MESSAGE][PASSED] - Text '5000' is set on object 'Object Repository/Schedule 11/Page_KDMC - CMS/input_txttreat'

2018-05-21 12:57:59 - [TEST_STEP][PASSED] - click: Object: 'Object Repository/Schedule 11/Page_KDMC - CMS/button_Add' is clicked on

2018-05-21 12:58:04 - [MESSAGE][PASSED] - Object: 'Object Repository/Schedule 11/Page_KDMC - CMS/button_Add' is clicked on

2018-05-21 12:58:04 - [TEST_STEP][PASSED] - selectOptionByIndex: All options with index in [11] are selected on object 'Object Repository/Schedule 11/Page_KDMC - CMS/select_--Select--Schedule 1Inj'

2018-05-21 12:58:04 - [MESSAGE][PASSED] - All options with index in [11] are selected on object 'Object Repository/Schedule 11/Page_KDMC - CMS/select_--Select--Schedule 1Inj'

2018-05-21 12:58:04 - [TEST_STEP][PASSED] - selectOptionByIndex: All options with index in [59] are selected on object 'Object Repository/Schedule 11/Page_KDMC - CMS/select_--Select--Advance E.C.G'

2018-05-21 12:58:05 - [MESSAGE][PASSED] - All options with index in [59] are selected on object 'Object Repository/Schedule 11/Page_KDMC - CMS/select_--Select--Advance E.C.G'

2018-05-21 12:58:05 - [TEST_STEP][PASSED] - setText: Text '5000' is set on object 'Object Repository/Schedule 11/Page_KDMC - CMS/input_txttreat'

2018-05-21 12:58:06 - [MESSAGE][PASSED] - Text '5000' is set on object 'Object Repository/Schedule 11/Page_KDMC - CMS/input_txttreat'

2018-05-21 12:58:06 - [TEST_STEP][PASSED] - click: Object: 'Object Repository/Schedule 11/Page_KDMC - CMS/button_Add' is clicked on

2018-05-21 12:58:11 - [MESSAGE][PASSED] - Object: 'Object Repository/Schedule 11/Page_KDMC - CMS/button_Add' is clicked on

2018-05-21 12:58:11 - [TEST_STEP][PASSED] - selectOptionByIndex: All options with index in [11] are selected on object 'Object Repository/Schedule 11/Page_KDMC - CMS/select_--Select--Schedule 1Inj'

2018-05-21 12:58:11 - [MESSAGE][PASSED] - All options with index in [11] are selected on object 'Object Repository/Schedule 11/Page_KDMC - CMS/select_--Select--Schedule 1Inj'

2018-05-21 12:58:11 - [TEST_STEP][PASSED] - selectOptionByIndex: All options with index in [60] are selected on object 'Object Repository/Schedule 11/Page_KDMC - CMS/select_--Select--Advance E.C.G'

2018-05-21 12:58:12 - [MESSAGE][PASSED] - All options with index in [60] are selected on object 'Object Repository/Schedule 11/Page_KDMC - CMS/select_--Select--Advance E.C.G'

2018-05-21 12:58:12 - [TEST_STEP][PASSED] - setText: Text '5000' is set on object 'Object Repository/Schedule 11/Page_KDMC - CMS/input_txttreat'

2018-05-21 12:58:12 - [MESSAGE][PASSED] - Text '5000' is set on object 'Object Repository/Schedule 11/Page_KDMC - CMS/input_txttreat'

2018-05-21 12:58:12 - [TEST_STEP][PASSED] - click: Object: 'Object Repository/Schedule 11/Page_KDMC - CMS/button_Add' is clicked on

2018-05-21 12:58:17 - [MESSAGE][PASSED] - Object: 'Object Repository/Schedule 11/Page_KDMC - CMS/button_Add' is clicked on

2018-05-21 12:58:17 - [TEST_STEP][PASSED] - selectOptionByIndex: All options with index in [11] are selected on object 'Object Repository/Schedule 11/Page_KDMC - CMS/select_--Select--Schedule 1Inj'

2018-05-21 12:58:17 - [MESSAGE][PASSED] - All options with index in [11] are selected on object 'Object Repository/Schedule 11/Page_KDMC - CMS/select_--Select--Schedule 1Inj'

2018-05-21 12:58:17 - [TEST_STEP][PASSED] - selectOptionByIndex: All options with index in [61] are selected on object 'Object Repository/Schedule 11/Page_KDMC - CMS/select_--Select--Advance E.C.G'

2018-05-21 12:58:19 - [MESSAGE][PASSED] - All options with index in [61] are selected on object 'Object Repository/Schedule 11/Page_KDMC - CMS/select_--Select--Advance E.C.G'

2018-05-21 12:58:19 - [TEST_STEP][PASSED] - setText: Text '5000' is set on object 'Object Repository/Schedule 11/Page_KDMC - CMS/input_txttreat'

2018-05-21 12:58:19 - [MESSAGE][PASSED] - Text '5000' is set on object 'Object Repository/Schedule 11/Page_KDMC - CMS/input_txttreat'

2018-05-21 12:58:19 - [TEST_STEP][PASSED] - click: Object: 'Object Repository/Schedule 11/Page_KDMC - CMS/button_Add' is clicked on

2018-05-21 12:58:24 - [MESSAGE][PASSED] - Object: 'Object Repository/Schedule 11/Page_KDMC - CMS/button_Add' is clicked on

2018-05-21 12:58:24 - [TEST_STEP][PASSED] - selectOptionByIndex: All options with index in [11] are selected on object 'Object Repository/Schedule 11/Page_KDMC - CMS/select_--Select--Schedule 1Inj'

2018-05-21 12:58:24 - [MESSAGE][PASSED] - All options with index in [11] are selected on object 'Object Repository/Schedule 11/Page_KDMC - CMS/select_--Select--Schedule 1Inj'

2018-05-21 12:58:24 - [TEST_STEP][PASSED] - selectOptionByIndex: All options with index in [62] are selected on object 'Object Repository/Schedule 11/Page_KDMC - CMS/select_--Select--Advance E.C.G'

2018-05-21 12:58:25 - [MESSAGE][PASSED] - All options with index in [62] are selected on object 'Object Repository/Schedule 11/Page_KDMC - CMS/select_--Select--Advance E.C.G'

2018-05-21 12:58:25 - [TEST_STEP][PASSED] - setText: Text '5000' is set on object 'Object Repository/Schedule 11/Page_KDMC - CMS/input_txttreat'

2018-05-21 12:58:25 - [MESSAGE][PASSED] - Text '5000' is set on object 'Object Repository/Schedule 11/Page_KDMC - CMS/input_txttreat'

2018-05-21 12:58:25 - [TEST_STEP][PASSED] - click: Object: 'Object Repository/Schedule 11/Page_KDMC - CMS/button_Add' is clicked on

2018-05-21 12:58:30 - [MESSAGE][PASSED] - Object: 'Object Repository/Schedule 11/Page_KDMC - CMS/button_Add' is clicked on

2018-05-21 12:58:30 - [TEST_STEP][PASSED] - selectOptionByIndex: All options with index in [11] are selected on object 'Object Repository/Schedule 11/Page_KDMC - CMS/select_--Select--Schedule 1Inj'

2018-05-21 12:58:30 - [MESSAGE][PASSED] - All options with index in [11] are selected on object 'Object Repository/Schedule 11/Page_KDMC - CMS/select_--Select--Schedule 1Inj'

2018-05-21 12:58:30 - [TEST_STEP][PASSED] - selectOptionByIndex: All options with index in [63] are selected on object 'Object Repository/Schedule 11/Page_KDMC - CMS/select_--Select--Advance E.C.G'

2018-05-21 12:58:32 - [MESSAGE][PASSED] - All options with index in [63] are selected on object 'Object Repository/Schedule 11/Page_KDMC - CMS/select_--Select--Advance E.C.G'

2018-05-21 12:58:32 - [TEST_STEP][PASSED] - setText: Text '5000' is set on object 'Object Repository/Schedule 11/Page_KDMC - CMS/input_txttreat'

2018-05-21 12:58:32 - [MESSAGE][PASSED] - Text '5000' is set on object 'Object Repository/Schedule 11/Page_KDMC - CMS/input_txttreat'

2018-05-21 12:58:32 - [TEST_STEP][PASSED] - click: Object: 'Object Repository/Schedule 11/Page_KDMC - CMS/button_Add' is clicked on

2018-05-21 12:58:37 - [MESSAGE][PASSED] - Object: 'Object Repository/Schedule 11/Page_KDMC - CMS/button_Add' is clicked on

2018-05-21 12:58:37 - [TEST_STEP][PASSED] - selectOptionByIndex: All options with index in [11] are selected on object 'Object Repository/Schedule 11/Page_KDMC - CMS/select_--Select--Schedule 1Inj'

2018-05-21 12:58:37 - [MESSAGE][PASSED] - All options with index in [11] are selected on object 'Object Repository/Schedule 11/Page_KDMC - CMS/select_--Select--Schedule 1Inj'

2018-05-21 12:58:37 - [TEST_STEP][PASSED] - selectOptionByIndex: All options with index in [64] are selected on object 'Object Repository/Schedule 11/Page_KDMC - CMS/select_--Select--Advance E.C.G'

2018-05-21 12:58:38 - [MESSAGE][PASSED] - All options with index in [64] are selected on object 'Object Repository/Schedule 11/Page_KDMC - CMS/select_--Select--Advance E.C.G'

2018-05-21 12:58:38 - [TEST_STEP][PASSED] - setText: Text '5000' is set on object 'Object Repository/Schedule 11/Page_KDMC - CMS/input_txttreat'

2018-05-21 12:58:39 - [MESSAGE][PASSED] - Text '5000' is set on object 'Object Repository/Schedule 11/Page_KDMC - CMS/input_txttreat'

2018-05-21 12:58:39 - [TEST_STEP][PASSED] - click: Object: 'Object Repository/Schedule 11/Page_KDMC - CMS/button_Add' is clicked on

2018-05-21 12:58:44 - [MESSAGE][PASSED] - Object: 'Object Repository/Schedule 11/Page_KDMC - CMS/button_Add' is clicked on

2018-05-21 12:58:44 - [TEST_STEP][PASSED] - selectOptionByIndex: All options with index in [11] are selected on object 'Object Repository/Schedule 11/Page_KDMC - CMS/select_--Select--Schedule 1Inj'

2018-05-21 12:58:44 - [MESSAGE][PASSED] - All options with index in [11] are selected on object 'Object Repository/Schedule 11/Page_KDMC - CMS/select_--Select--Schedule 1Inj'

2018-05-21 12:58:44 - [TEST_STEP][PASSED] - selectOptionByIndex: All options with index in [65] are selected on object 'Object Repository/Schedule 11/Page_KDMC - CMS/select_--Select--Advance E.C.G'

2018-05-21 12:58:45 - [MESSAGE][PASSED] - All options with index in [65] are selected on object 'Object Repository/Schedule 11/Page_KDMC - CMS/select_--Select--Advance E.C.G'

2018-05-21 12:58:45 - [TEST_STEP][PASSED] - setText: Text '5000' is set on object 'Object Repository/Schedule 11/Page_KDMC - CMS/input_txttreat'

2018-05-21 12:58:45 - [MESSAGE][PASSED] - Text '5000' is set on object 'Object Repository/Schedule 11/Page_KDMC - CMS/input_txttreat'

2018-05-21 12:58:45 - [TEST_STEP][PASSED] - click: Object: 'Object Repository/Schedule 11/Page_KDMC - CMS/button_Add' is clicked on

2018-05-21 12:58:50 - [MESSAGE][PASSED] - Object: 'Object Repository/Schedule 11/Page_KDMC - CMS/button_Add' is clicked on

2018-05-21 12:58:50 - [TEST_STEP][PASSED] - selectOptionByIndex: All options with index in [11] are selected on object 'Object Repository/Schedule 11/Page_KDMC - CMS/select_--Select--Schedule 1Inj'

2018-05-21 12:58:51 - [MESSAGE][PASSED] - All options with index in [11] are selected on object 'Object Repository/Schedule 11/Page_KDMC - CMS/select_--Select--Schedule 1Inj'

2018-05-21 12:58:51 - [TEST_STEP][PASSED] - selectOptionByIndex: All options with index in [66] are selected on object 'Object Repository/Schedule 11/Page_KDMC - CMS/select_--Select--Advance E.C.G'

2018-05-21 12:58:51 - [MESSAGE][PASSED] - All options with index in [66] are selected on object 'Object Repository/Schedule 11/Page_KDMC - CMS/select_--Select--Advance E.C.G'

2018-05-21 12:58:51 - [TEST_STEP][PASSED] - setText: Text '5000' is set on object 'Object Repository/Schedule 11/Page_KDMC - CMS/input_txttreat'

2018-05-21 12:58:52 - [MESSAGE][PASSED] - Text '5000' is set on object 'Object Repository/Schedule 11/Page_KDMC - CMS/input_txttreat'

2018-05-21 12:58:52 - [TEST_STEP][PASSED] - click: Object: 'Object Repository/Schedule 11/Page_KDMC - CMS/button_Add' is clicked on

2018-05-21 12:58:57 - [MESSAGE][PASSED] - Object: 'Object Repository/Schedule 11/Page_KDMC - CMS/button_Add' is clicked on

2018-05-21 12:58:57 - [TEST_STEP][PASSED] - selectOptionByIndex: All options with index in [11] are selected on object 'Object Repository/Schedule 11/Page_KDMC - CMS/select_--Select--Schedule 1Inj'

2018-05-21 12:58:57 - [MESSAGE][PASSED] - All options with index in [11] are selected on object 'Object Repository/Schedule 11/Page_KDMC - CMS/select_--Select--Schedule 1Inj'

2018-05-21 12:58:57 - [TEST_STEP][PASSED] - selectOptionByIndex: All options with index in [67] are selected on object 'Object Repository/Schedule 11/Page_KDMC - CMS/select_--Select--Advance E.C.G'

2018-05-21 12:58:58 - [MESSAGE][PASSED] - All options with index in [67] are selected on object 'Object Repository/Schedule 11/Page_KDMC - CMS/select_--Select--Advance E.C.G'

2018-05-21 12:58:58 - [TEST_STEP][PASSED] - setText: Text '5000' is set on object 'Object Repository/Schedule 11/Page_KDMC - CMS/input_txttreat'

2018-05-21 12:58:58 - [MESSAGE][PASSED] - Text '5000' is set on object 'Object Repository/Schedule 11/Page_KDMC - CMS/input_txttreat'

2018-05-21 12:58:58 - [TEST_STEP][PASSED] - click: Object: 'Object Repository/Schedule 11/Page_KDMC - CMS/button_Add' is clicked on

2018-05-21 12:59:03 - [MESSAGE][PASSED] - Object: 'Object Repository/Schedule 11/Page_KDMC - CMS/button_Add' is clicked on

2018-05-21 12:59:03 - [TEST_STEP][PASSED] - selectOptionByIndex: All options with index in [11] are selected on object 'Object Repository/Schedule 11/Page_KDMC - CMS/select_--Select--Schedule 1Inj'

2018-05-21 12:59:04 - [MESSAGE][PASSED] - All options with index in [11] are selected on object 'Object Repository/Schedule 11/Page_KDMC - CMS/select_--Select--Schedule 1Inj'

2018-05-21 12:59:04 - [TEST_STEP][PASSED] - selectOptionByIndex: All options with index in [68] are selected on object 'Object Repository/Schedule 11/Page_KDMC - CMS/select_--Select--Advance E.C.G'

2018-05-21 12:59:05 - [MESSAGE][PASSED] - All options with index in [68] are selected on object 'Object Repository/Schedule 11/Page_KDMC - CMS/select_--Select--Advance E.C.G'

2018-05-21 12:59:05 - [TEST_STEP][PASSED] - setText: Text '5000' is set on object 'Object Repository/Schedule 11/Page_KDMC - CMS/input_txttreat'

2018-05-21 12:59:05 - [MESSAGE][PASSED] - Text '5000' is set on object 'Object Repository/Schedule 11/Page_KDMC - CMS/input_txttreat'

2018-05-21 12:59:05 - [TEST_STEP][PASSED] - click: Object: 'Object Repository/Schedule 11/Page_KDMC - CMS/button_Add' is clicked on

2018-05-21 12:59:10 - [MESSAGE][PASSED] - Object: 'Object Repository/Schedule 11/Page_KDMC - CMS/button_Add' is clicked on

2018-05-21 12:59:10 - [TEST_STEP][PASSED] - selectOptionByIndex: All options with index in [11] are selected on object 'Object Repository/Schedule 11/Page_KDMC - CMS/select_--Select--Schedule 1Inj'

2018-05-21 12:59:10 - [MESSAGE][PASSED] - All options with index in [11] are selected on object 'Object Repository/Schedule 11/Page_KDMC - CMS/select_--Select--Schedule 1Inj'

2018-05-21 12:59:10 - [TEST_STEP][PASSED] - selectOptionByIndex: All options with index in [69] are selected on object 'Object Repository/Schedule 11/Page_KDMC - CMS/select_--Select--Advance E.C.G'

2018-05-21 12:59:12 - [MESSAGE][PASSED] - All options with index in [69] are selected on object 'Object Repository/Schedule 11/Page_KDMC - CMS/select_--Select--Advance E.C.G'

2018-05-21 12:59:12 - [TEST_STEP][PASSED] - setText: Text '5000' is set on object 'Object Repository/Schedule 11/Page_KDMC - CMS/input_txttreat'

2018-05-21 12:59:12 - [MESSAGE][PASSED] - Text '5000' is set on object 'Object Repository/Schedule 11/Page_KDMC - CMS/input_txttreat'

2018-05-21 12:59:12 - [TEST_STEP][PASSED] - click: Object: 'Object Repository/Schedule 11/Page_KDMC - CMS/button_Add' is clicked on

2018-05-21 12:59:17 - [MESSAGE][PASSED] - Object: 'Object Repository/Schedule 11/Page_KDMC - CMS/button_Add' is clicked on

2018-05-21 12:59:17 - [TEST_STEP][PASSED] - selectOptionByIndex: All options with index in [11] are selected on object 'Object Repository/Schedule 11/Page_KDMC - CMS/select_--Select--Schedule 1Inj'

2018-05-21 12:59:17 - [MESSAGE][PASSED] - All options with index in [11] are selected on object 'Object Repository/Schedule 11/Page_KDMC - CMS/select_--Select--Schedule 1Inj'

2018-05-21 12:59:17 - [TEST_STEP][PASSED] - selectOptionByIndex: All options with index in [70] are selected on object 'Object Repository/Schedule 11/Page_KDMC - CMS/select_--Select--Advance E.C.G'

2018-05-21 12:59:19 - [MESSAGE][PASSED] - All options with index in [70] are selected on object 'Object Repository/Schedule 11/Page_KDMC - CMS/select_--Select--Advance E.C.G'

2018-05-21 12:59:19 - [TEST_STEP][PASSED] - setText: Text '5000' is set on object 'Object Repository/Schedule 11/Page_KDMC - CMS/input_txttreat'

2018-05-21 12:59:19 - [MESSAGE][PASSED] - Text '5000' is set on object 'Object Repository/Schedule 11/Page_KDMC - CMS/input_txttreat'

2018-05-21 12:59:19 - [TEST_STEP][PASSED] - click: Object: 'Object Repository/Schedule 11/Page_KDMC - CMS/button_Add' is clicked on

2018-05-21 12:59:24 - [MESSAGE][PASSED] - Object: 'Object Repository/Schedule 11/Page_KDMC - CMS/button_Add' is clicked on

2018-05-21 12:59:24 - [TEST_STEP][PASSED] - selectOptionByIndex: All options with index in [11] are selected on object 'Object Repository/Schedule 11/Page_KDMC - CMS/select_--Select--Schedule 1Inj'

2018-05-21 12:59:24 - [MESSAGE][PASSED] - All options with index in [11] are selected on object 'Object Repository/Schedule 11/Page_KDMC - CMS/select_--Select--Schedule 1Inj'

2018-05-21 12:59:24 - [TEST_STEP][PASSED] - selectOptionByIndex: All options with index in [71] are selected on object 'Object Repository/Schedule 11/Page_KDMC - CMS/select_--Select--Advance E.C.G'

2018-05-21 12:59:26 - [MESSAGE][PASSED] - All options with index in [71] are selected on object 'Object Repository/Schedule 11/Page_KDMC - CMS/select_--Select--Advance E.C.G'

2018-05-21 12:59:26 - [TEST_STEP][PASSED] - setText: Text '5000' is set on object 'Object Repository/Schedule 11/Page_KDMC - CMS/input_txttreat'

2018-05-21 12:59:26 - [MESSAGE][PASSED] - Text '5000' is set on object 'Object Repository/Schedule 11/Page_KDMC - CMS/input_txttreat'

2018-05-21 12:59:26 - [TEST_STEP][PASSED] - click: Object: 'Object Repository/Schedule 11/Page_KDMC - CMS/button_Add' is clicked on

2018-05-21 12:59:31 - [MESSAGE][PASSED] - Object: 'Object Repository/Schedule 11/Page_KDMC - CMS/button_Add' is clicked on

2018-05-21 12:59:31 - [TEST_STEP][PASSED] - selectOptionByIndex: All options with index in [11] are selected on object 'Object Repository/Schedule 11/Page_KDMC - CMS/select_--Select--Schedule 1Inj'

2018-05-21 12:59:31 - [MESSAGE][PASSED] - All options with index in [11] are selected on object 'Object Repository/Schedule 11/Page_KDMC - CMS/select_--Select--Schedule 1Inj'

2018-05-21 12:59:31 - [TEST_STEP][PASSED] - selectOptionByIndex: All options with index in [72] are selected on object 'Object Repository/Schedule 11/Page_KDMC - CMS/select_--Select--Advance E.C.G'

2018-05-21 12:59:32 - [MESSAGE][PASSED] - All options with index in [72] are selected on object 'Object Repository/Schedule 11/Page_KDMC - CMS/select_--Select--Advance E.C.G'

2018-05-21 12:59:32 - [TEST_STEP][PASSED] - setText: Text '5000' is set on object 'Object Repository/Schedule 11/Page_KDMC - CMS/input_txttreat'

2018-05-21 12:59:33 - [MESSAGE][PASSED] - Text '5000' is set on object 'Object Repository/Schedule 11/Page_KDMC - CMS/input_txttreat'

2018-05-21 12:59:33 - [TEST_STEP][PASSED] - click: Object: 'Object Repository/Schedule 11/Page_KDMC - CMS/button_Add' is clicked on

2018-05-21 12:59:38 - [MESSAGE][PASSED] - Object: 'Object Repository/Schedule 11/Page_KDMC - CMS/button_Add' is clicked on

2018-05-21 12:59:38 - [TEST_STEP][PASSED] - selectOptionByIndex: All options with index in [11] are selected on object 'Object Repository/Schedule 11/Page_KDMC - CMS/select_--Select--Schedule 1Inj'

2018-05-21 12:59:38 - [MESSAGE][PASSED] - All options with index in [11] are selected on object 'Object Repository/Schedule 11/Page_KDMC - CMS/select_--Select--Schedule 1Inj'

2018-05-21 12:59:38 - [TEST_STEP][PASSED] - selectOptionByIndex: All options with index in [73] are selected on object 'Object Repository/Schedule 11/Page_KDMC - CMS/select_--Select--Advance E.C.G'

2018-05-21 12:59:39 - [MESSAGE][PASSED] - All options with index in [73] are selected on object 'Object Repository/Schedule 11/Page_KDMC - CMS/select_--Select--Advance E.C.G'

2018-05-21 12:59:39 - [TEST_STEP][PASSED] - setText: Text '5000' is set on object 'Object Repository/Schedule 11/Page_KDMC - CMS/input_txttreat'

2018-05-21 12:59:39 - [MESSAGE][PASSED] - Text '5000' is set on object 'Object Repository/Schedule 11/Page_KDMC - CMS/input_txttreat'

2018-05-21 12:59:39 - [TEST_STEP][PASSED] - click: Object: 'Object Repository/Schedule 11/Page_KDMC - CMS/button_Add' is clicked on

2018-05-21 12:59:44 - [MESSAGE][PASSED] - Object: 'Object Repository/Schedule 11/Page_KDMC - CMS/button_Add' is clicked on

2018-05-21 12:59:44 - [TEST_STEP][PASSED] - selectOptionByIndex: All options with index in [11] are selected on object 'Object Repository/Schedule 11/Page_KDMC - CMS/select_--Select--Schedule 1Inj'

2018-05-21 12:59:45 - [MESSAGE][PASSED] - All options with index in [11] are selected on object 'Object Repository/Schedule 11/Page_KDMC - CMS/select_--Select--Schedule 1Inj'

2018-05-21 12:59:45 - [TEST_STEP][PASSED] - selectOptionByIndex: All options with index in [74] are selected on object 'Object Repository/Schedule 11/Page_KDMC - CMS/select_--Select--Advance E.C.G'

2018-05-21 12:59:46 - [MESSAGE][PASSED] - All options with index in [74] are selected on object 'Object Repository/Schedule 11/Page_KDMC - CMS/select_--Select--Advance E.C.G'

2018-05-21 12:59:46 - [TEST_STEP][PASSED] - setText: Text '5000' is set on object 'Object Repository/Schedule 11/Page_KDMC - CMS/input_txttreat'

2018-05-21 12:59:46 - [MESSAGE][PASSED] - Text '5000' is set on object 'Object Repository/Schedule 11/Page_KDMC - CMS/input_txttreat'

2018-05-21 12:59:46 - [TEST_STEP][PASSED] - click: Object: 'Object Repository/Schedule 11/Page_KDMC - CMS/button_Add' is clicked on

2018-05-21 12:59:51 - [MESSAGE][PASSED] - Object: 'Object Repository/Schedule 11/Page_KDMC - CMS/button_Add' is clicked on

2018-05-21 12:59:51 - [TEST_STEP][PASSED] - selectOptionByIndex: All options with index in [11] are selected on object 'Object Repository/Schedule 11/Page_KDMC - CMS/select_--Select--Schedule 1Inj'

2018-05-21 12:59:51 - [MESSAGE][PASSED] - All options with index in [11] are selected on object 'Object Repository/Schedule 11/Page_KDMC - CMS/select_--Select--Schedule 1Inj'

2018-05-21 12:59:51 - [TEST_STEP][PASSED] - selectOptionByIndex: All options with index in [75] are selected on object 'Object Repository/Schedule 11/Page_KDMC - CMS/select_--Select--Advance E.C.G'

2018-05-21 12:59:53 - [MESSAGE][PASSED] - All options with index in [75] are selected on object 'Object Repository/Schedule 11/Page_KDMC - CMS/select_--Select--Advance E.C.G'

2018-05-21 12:59:53 - [TEST_STEP][PASSED] - setText: Text '5000' is set on object 'Object Repository/Schedule 11/Page_KDMC - CMS/input_txttreat'

2018-05-21 12:59:53 - [MESSAGE][PASSED] - Text '5000' is set on object 'Object Repository/Schedule 11/Page_KDMC - CMS/input_txttreat'

2018-05-21 12:59:53 - [TEST_STEP][PASSED] - click: Object: 'Object Repository/Schedule 11/Page_KDMC - CMS/button_Add' is clicked on

2018-05-21 12:59:58 - [MESSAGE][PASSED] - Object: 'Object Repository/Schedule 11/Page_KDMC - CMS/button_Add' is clicked on

2018-05-21 12:59:58 - [TEST_STEP][PASSED] - selectOptionByIndex: All options with index in [11] are selected on object 'Object Repository/Schedule 11/Page_KDMC - CMS/select_--Select--Schedule 1Inj'

2018-05-21 12:59:58 - [MESSAGE][PASSED] - All options with index in [11] are selected on object 'Object Repository/Schedule 11/Page_KDMC - CMS/select_--Select--Schedule 1Inj'

2018-05-21 12:59:58 - [TEST_STEP][PASSED] - selectOptionByIndex: All options with index in [76] are selected on object 'Object Repository/Schedule 11/Page_KDMC - CMS/select_--Select--Advance E.C.G'

2018-05-21 13:00:00 - [MESSAGE][PASSED] - All options with index in [76] are selected on object 'Object Repository/Schedule 11/Page_KDMC - CMS/select_--Select--Advance E.C.G'

2018-05-21 13:00:00 - [TEST_STEP][PASSED] - setText: Text '5000' is set on object 'Object Repository/Schedule 11/Page_KDMC - CMS/input_txttreat'

2018-05-21 13:00:00 - [MESSAGE][PASSED] - Text '5000' is set on object 'Object Repository/Schedule 11/Page_KDMC - CMS/input_txttreat'

2018-05-21 13:00:00 - [TEST_STEP][PASSED] - click: Object: 'Object Repository/Schedule 11/Page_KDMC - CMS/button_Add' is clicked on

2018-05-21 13:00:05 - [MESSAGE][PASSED] - Object: 'Object Repository/Schedule 11/Page_KDMC - CMS/button_Add' is clicked on

2018-05-21 13:00:05 - [TEST_STEP][PASSED] - selectOptionByIndex: All options with index in [11] are selected on object 'Object Repository/Schedule 11/Page_KDMC - CMS/select_--Select--Schedule 1Inj'

2018-05-21 13:00:05 - [MESSAGE][PASSED] - All options with index in [11] are selected on object 'Object Repository/Schedule 11/Page_KDMC - CMS/select_--Select--Schedule 1Inj'

2018-05-21 13:00:05 - [TEST_STEP][PASSED] - selectOptionByIndex: All options with index in [77] are selected on object 'Object Repository/Schedule 11/Page_KDMC - CMS/select_--Select--Advance E.C.G'

2018-05-21 13:00:06 - [MESSAGE][PASSED] - All options with index in [77] are selected on object 'Object Repository/Schedule 11/Page_KDMC - CMS/select_--Select--Advance E.C.G'

2018-05-21 13:00:06 - [TEST_STEP][PASSED] - setText: Text '5000' is set on object 'Object Repository/Schedule 11/Page_KDMC - CMS/input_txttreat'

2018-05-21 13:00:06 - [MESSAGE][PASSED] - Text '5000' is set on object 'Object Repository/Schedule 11/Page_KDMC - CMS/input_txttreat'

2018-05-21 13:00:06 - [TEST_STEP][PASSED] - click: Object: 'Object Repository/Schedule 11/Page_KDMC - CMS/button_Add' is clicked on

2018-05-21 13:00:11 - [MESSAGE][PASSED] - Object: 'Object Repository/Schedule 11/Page_KDMC - CMS/button_Add' is clicked on

2018-05-21 13:00:11 - [TEST_STEP][PASSED] - selectOptionByIndex: All options with index in [11] are selected on object 'Object Repository/Schedule 11/Page_KDMC - CMS/select_--Select--Schedule 1Inj'

2018-05-21 13:00:12 - [MESSAGE][PASSED] - All options with index in [11] are selected on object 'Object Repository/Schedule 11/Page_KDMC - CMS/select_--Select--Schedule 1Inj'

2018-05-21 13:00:12 - [TEST_STEP][PASSED] - selectOptionByIndex: All options with index in [78] are selected on object 'Object Repository/Schedule 11/Page_KDMC - CMS/select_--Select--Advance E.C.G'

2018-05-21 13:00:13 - [MESSAGE][PASSED] - All options with index in [78] are selected on object 'Object Repository/Schedule 11/Page_KDMC - CMS/select_--Select--Advance E.C.G'

2018-05-21 13:00:13 - [TEST_STEP][PASSED] - setText: Text '5000' is set on object 'Object Repository/Schedule 11/Page_KDMC - CMS/input_txttreat'

2018-05-21 13:00:13 - [MESSAGE][PASSED] - Text '5000' is set on object 'Object Repository/Schedule 11/Page_KDMC - CMS/input_txttreat'

2018-05-21 13:00:13 - [TEST_STEP][PASSED] - click: Object: 'Object Repository/Schedule 11/Page_KDMC - CMS/button_Add' is clicked on

2018-05-21 13:00:18 - [MESSAGE][PASSED] - Object: 'Object Repository/Schedule 11/Page_KDMC - CMS/button_Add' is clicked on

2018-05-21 13:00:18 - [TEST_STEP][PASSED] - selectOptionByIndex: All options with index in [11] are selected on object 'Object Repository/Schedule 11/Page_KDMC - CMS/select_--Select--Schedule 1Inj'

2018-05-21 13:00:19 - [MESSAGE][PASSED] - All options with index in [11] are selected on object 'Object Repository/Schedule 11/Page_KDMC - CMS/select_--Select--Schedule 1Inj'

2018-05-21 13:00:19 - [TEST_STEP][PASSED] - selectOptionByIndex: All options with index in [79] are selected on object 'Object Repository/Schedule 11/Page_KDMC - CMS/select_--Select--Advance E.C.G'

2018-05-21 13:00:20 - [MESSAGE][PASSED] - All options with index in [79] are selected on object 'Object Repository/Schedule 11/Page_KDMC - CMS/select_--Select--Advance E.C.G'

2018-05-21 13:00:20 - [TEST_STEP][PASSED] - setText: Text '5000' is set on object 'Object Repository/Schedule 11/Page_KDMC - CMS/input_txttreat'

2018-05-21 13:00:20 - [MESSAGE][PASSED] - Text '5000' is set on object 'Object Repository/Schedule 11/Page_KDMC - CMS/input_txttreat'

2018-05-21 13:00:20 - [TEST_STEP][PASSED] - click: Object: 'Object Repository/Schedule 11/Page_KDMC - CMS/button_Add' is clicked on

2018-05-21 13:00:25 - [MESSAGE][PASSED] - Object: 'Object Repository/Schedule 11/Page_KDMC - CMS/button_Add' is clicked on

2018-05-21 13:00:25 - [TEST_STEP][PASSED] - selectOptionByIndex: All options with index in [11] are selected on object 'Object Repository/Schedule 11/Page_KDMC - CMS/select_--Select--Schedule 1Inj'

2018-05-21 13:00:26 - [MESSAGE][PASSED] - All options with index in [11] are selected on object 'Object Repository/Schedule 11/Page_KDMC - CMS/select_--Select--Schedule 1Inj'

2018-05-21 13:00:26 - [TEST_STEP][PASSED] - selectOptionByIndex: All options with index in [80] are selected on object 'Object Repository/Schedule 11/Page_KDMC - CMS/select_--Select--Advance E.C.G'

2018-05-21 13:00:27 - [MESSAGE][PASSED] - All options with index in [80] are selected on object 'Object Repository/Schedule 11/Page_KDMC - CMS/select_--Select--Advance E.C.G'

2018-05-21 13:00:27 - [TEST_STEP][PASSED] - setText: Text '5000' is set on object 'Object Repository/Schedule 11/Page_KDMC - CMS/input_txttreat'

2018-05-21 13:00:27 - [MESSAGE][PASSED] - Text '5000' is set on object 'Object Repository/Schedule 11/Page_KDMC - CMS/input_txttreat'

2018-05-21 13:00:27 - [TEST_STEP][PASSED] - click: Object: 'Object Repository/Schedule 11/Page_KDMC - CMS/button_Add' is clicked on

2018-05-21 13:00:32 - [MESSAGE][PASSED] - Object: 'Object Repository/Schedule 11/Page_KDMC - CMS/button_Add' is clicked on

2018-05-21 13:00:32 - [TEST_STEP][PASSED] - scrollToElement: Scroll to object 'Object Repository/Schedule 11/Page_KDMC - CMS/input_btnsave' successfully

2018-05-21 13:00:33 - [MESSAGE][PASSED] - Scroll to object 'Object Repository/Schedule 11/Page_KDMC - CMS/input_btnsave' successfully

2018-05-21 13:00:33 - [TEST_STEP][PASSED] - click: Object: 'Object Repository/Schedule 11/Page_KDMC - CMS/input_btnsave' is clicked on

2018-05-21 13:00:38 - [MESSAGE][PASSED] - Object: 'Object Repository/Schedule 11/Page_KDMC - CMS/input_btnsave' is clicked on

2018-05-21 13:00:38 - [TEST_STEP][PASSED] - delay: Delayed 3 second(s)

2018-05-21 13:00:41 - [MESSAGE][PASSED] - Delayed 3 second(s)

2018-05-21 13:00:41 - [TEST_STEP][PASSED] - click: Object: 'Object Repository/Schedule 11/Page_KDMC - CMS/button_OK' is clicked on

2018-05-21 13:00:46 - [MESSAGE][PASSED] - Object: 'Object Repository/Schedule 11/Page_KDMC - CMS/button_OK' is clicked on

2018-05-21 13:00:46 - [TEST_STEP][PASSED] - delay: Delayed 3 second(s)

2018-05-21 13:00:49 - [MESSAGE][PASSED] - Delayed 3 second(s)

2018-05-21 13:00:49 - [TEST_STEP][FAILED] - click: Unable to click on object 'Object Repository/Schedule 11/Page_KDMC - CMS/a_dropdown-toggle' (Root cause: com.kms.katalon.core.webui.exception.WebElementNotFoundException: Web element with id: 'Object Repository/Schedule 11/Page_KDMC - CMS/a_dropdown-toggle' located by 'By.xpath: /html[1]/body[@class="skin-blue  pace-done"]/header[@class="header"]/div[@class="row"]/div[@class="col-md-12"]/nav[@class="navbar navbar-static-top"]/div[@class="navbar-right"]/ul[@class="nav navbar-nav"]/li[@class="dropdown user user-menu"]/a[@class="dropdown-toggle"][count(. | //a[@href = '#']) = count(//a[@href = '#'])]' not found)

2018-05-21 13:01:21 - [MESSAGE][FAILED] - Unable to click on object 'Object Repository/Schedule 11/Page_KDMC - CMS/a_dropdown-toggle' (Root cause: com.kms.katalon.core.webui.exception.WebElementNotFoundException: Web element with id: 'Object Repository/Schedule 11/Page_KDMC - CMS/a_dropdown-toggle' located by 'By.xpath: /html[1]/body[@class="skin-blue  pace-done"]/header[@class="header"]/div[@class="row"]/div[@class="col-md-12"]/nav[@class="navbar navbar-static-top"]/div[@class="navbar-right"]/ul[@class="nav navbar-nav"]/li[@class="dropdown user user-menu"]/a[@class="dropdown-toggle"][count(. | //a[@href = '#']) = count(//a[@href = '#'])]' not found)
[[ATTACHMENT|C:\\Users\\Quality Analyst\\Katalon Studio\\ds\\Reports\\Moh_Request\\20180521_095838\\1526887880776.png]]]]></system-out>
         <system-err><![CDATA[2018-05-21 12:56:38 - [TEST_CASE][FAILED] - Test Cases/TEST/MOH TO CMS REQUEST TEST CASES/MohRequestSchedule11: Test Cases/TEST/MOH TO CMS REQUEST TEST CASES/MohRequestSchedule11 FAILED because (of) Unable to click on object 'Object Repository/Schedule 11/Page_KDMC - CMS/a_dropdown-toggle' (Root cause: com.kms.katalon.core.webui.exception.WebElementNotFoundException: Web element with id: 'Object Repository/Schedule 11/Page_KDMC - CMS/a_dropdown-toggle' located by 'By.xpath: /html[1]/body[@class="skin-blue  pace-done"]/header[@class="header"]/div[@class="row"]/div[@class="col-md-12"]/nav[@class="navbar navbar-static-top"]/div[@class="navbar-right"]/ul[@class="nav navbar-nav"]/li[@class="dropdown user user-menu"]/a[@class="dropdown-toggle"][count(. | //a[@href = '#']) = count(//a[@href = '#'])]' not found)]]></system-err>
      </testcase>
      <testcase name="Test Cases/TEST/MOH TO CMS REQUEST TEST CASES/MohRequestSchedule12" classname="Test Cases/TEST/MOH TO CMS REQUEST TEST CASES/MohRequestSchedule12" status="FAILED">
         <failure type="FAILED" message="Unable to get total options of object 'Object Repository/Schedule 12/Page_KDMC - CMS/select_--Select--Baby sheet (R' (Root cause: com.kms.katalon.core.webui.exception.WebElementNotFoundException: Web element with id: 'Object Repository/Schedule 12/Page_KDMC - CMS/select_--Select--Baby sheet (R' located by 'By.xpath: //select[@id = 'optmedicine' and (text() = '--Select--Baby sheet (Rapper) Size 45 inchesx45 inchesBlanket size 54 inchesx90 inchesColour bed sheet (palin size 24 inchesx90 inches)Colour Pillow cover size 16:x22 inchesColour Towel (Cotton) Small SizeCotton Pillow (1.5 lg) size 16 inchesx22 inchesCurtain Cloth Green 36 inches PannaDraw sheet (Rapper) Size 45 inchesx45 inchesOperation Hole towel size - 38 inchesx46 inches 8 inches Hole at centre 1 and Half lengthOperation Mask (Green)Operation Towel Size - 38 inchesx46 inchesPatient Payjama (Ladies) Female Gaown sky blue colour long 42 inchesready.Surgeon Operation Gaown Standard Size Turkish Towel a) White Big size - 27 inchesx54 inchesTurkish Towel a) White small size - 12 inchesx18 inchesTurkish Towel a) White small size - 12 inchesx18 inchesWhite bed sheet (plain size 54 inchesx90 inches)White Pillow cover size -  16:x22 inchesWhite Pillow Cover size - 16 inchesx22 inches' or . = '--Select--Baby sheet (Rapper) Size 45 inchesx45 inchesBlanket size 54 inchesx90 inchesColour bed sheet (palin size 24 inchesx90 inches)Colour Pillow cover size 16:x22 inchesColour Towel (Cotton) Small SizeCotton Pillow (1.5 lg) size 16 inchesx22 inchesCurtain Cloth Green 36 inches PannaDraw sheet (Rapper) Size 45 inchesx45 inchesOperation Hole towel size - 38 inchesx46 inches 8 inches Hole at centre 1 and Half lengthOperation Mask (Green)Operation Towel Size - 38 inchesx46 inchesPatient Payjama (Ladies) Female Gaown sky blue colour long 42 inchesready.Surgeon Operation Gaown Standard Size Turkish Towel a) White Big size - 27 inchesx54 inchesTurkish Towel a) White small size - 12 inchesx18 inchesTurkish Towel a) White small size - 12 inchesx18 inchesWhite bed sheet (plain size 54 inchesx90 inches)White Pillow cover size -  16:x22 inchesWhite Pillow Cover size - 16 inchesx22 inches')]' not found)"/>
         <system-out><![CDATA[2018-05-21 13:01:21 - [TEST_CASE][FAILED] - Test Cases/TEST/MOH TO CMS REQUEST TEST CASES/MohRequestSchedule12: Test Cases/TEST/MOH TO CMS REQUEST TEST CASES/MohRequestSchedule12 FAILED because (of) Unable to get total options of object 'Object Repository/Schedule 12/Page_KDMC - CMS/select_--Select--Baby sheet (R' (Root cause: com.kms.katalon.core.webui.exception.WebElementNotFoundException: Web element with id: 'Object Repository/Schedule 12/Page_KDMC - CMS/select_--Select--Baby sheet (R' located by 'By.xpath: //select[@id = 'optmedicine' and (text() = '--Select--Baby sheet (Rapper) Size 45 inchesx45 inchesBlanket size 54 inchesx90 inchesColour bed sheet (palin size 24 inchesx90 inches)Colour Pillow cover size 16:x22 inchesColour Towel (Cotton) Small SizeCotton Pillow (1.5 lg) size 16 inchesx22 inchesCurtain Cloth Green 36 inches PannaDraw sheet (Rapper) Size 45 inchesx45 inchesOperation Hole towel size - 38 inchesx46 inches 8 inches Hole at centre 1 and Half lengthOperation Mask (Green)Operation Towel Size - 38 inchesx46 inchesPatient Payjama (Ladies) Female Gaown sky blue colour long 42 inchesready.Surgeon Operation Gaown Standard Size Turkish Towel a) White Big size - 27 inchesx54 inchesTurkish Towel a) White small size - 12 inchesx18 inchesTurkish Towel a) White small size - 12 inchesx18 inchesWhite bed sheet (plain size 54 inchesx90 inches)White Pillow cover size -  16:x22 inchesWhite Pillow Cover size - 16 inchesx22 inches' or . = '--Select--Baby sheet (Rapper) Size 45 inchesx45 inchesBlanket size 54 inchesx90 inchesColour bed sheet (palin size 24 inchesx90 inches)Colour Pillow cover size 16:x22 inchesColour Towel (Cotton) Small SizeCotton Pillow (1.5 lg) size 16 inchesx22 inchesCurtain Cloth Green 36 inches PannaDraw sheet (Rapper) Size 45 inchesx45 inchesOperation Hole towel size - 38 inchesx46 inches 8 inches Hole at centre 1 and Half lengthOperation Mask (Green)Operation Towel Size - 38 inchesx46 inchesPatient Payjama (Ladies) Female Gaown sky blue colour long 42 inchesready.Surgeon Operation Gaown Standard Size Turkish Towel a) White Big size - 27 inchesx54 inchesTurkish Towel a) White small size - 12 inchesx18 inchesTurkish Towel a) White small size - 12 inchesx18 inchesWhite bed sheet (plain size 54 inchesx90 inches)White Pillow cover size -  16:x22 inchesWhite Pillow Cover size - 16 inchesx22 inches')]' not found)

2018-05-21 13:01:21 - [TEST_STEP][PASSED] - openBrowser: Browser is opened with url: ''

2018-05-21 13:01:21 - [MESSAGE][WARNING] - A browser is already opened. Closing browser and opening a new one

2018-05-21 13:01:24 - [MESSAGE][PASSED] - Browser is opened with url: ''

2018-05-21 13:01:24 - [TEST_STEP][PASSED] - navigateToUrl: Navigate to 'http://192.168.137.1/multihospital_new/' successfully

2018-05-21 13:01:28 - [MESSAGE][PASSED] - Navigate to 'http://192.168.137.1/multihospital_new/' successfully

2018-05-21 13:01:28 - [TEST_STEP][PASSED] - maximizeWindow: Current window maximized

2018-05-21 13:01:29 - [MESSAGE][PASSED] - Current window maximized

2018-05-21 13:01:29 - [TEST_STEP][PASSED] - click: Object: 'Object Repository/Schedule 12/Page_KDMC/a_CMS' is clicked on

2018-05-21 13:01:30 - [MESSAGE][PASSED] - Object: 'Object Repository/Schedule 12/Page_KDMC/a_CMS' is clicked on

2018-05-21 13:01:30 - [TEST_STEP][PASSED] - setText: Text 'bala' is set on object 'Object Repository/Schedule 12/Page_CMS login/input_txtusername'

2018-05-21 13:01:30 - [MESSAGE][PASSED] - Text 'bala' is set on object 'Object Repository/Schedule 12/Page_CMS login/input_txtusername'

2018-05-21 13:01:30 - [TEST_STEP][PASSED] - setText: Text '123' is set on object 'Object Repository/Schedule 12/Page_CMS login/input_txtpassword'

2018-05-21 13:01:30 - [MESSAGE][PASSED] - Text '123' is set on object 'Object Repository/Schedule 12/Page_CMS login/input_txtpassword'

2018-05-21 13:01:30 - [TEST_STEP][PASSED] - delay: Delayed 3 second(s)

2018-05-21 13:01:33 - [MESSAGE][PASSED] - Delayed 3 second(s)

2018-05-21 13:01:33 - [TEST_STEP][PASSED] - click: Object: 'Object Repository/Schedule 12/Page_CMS login/button_Sign in' is clicked on

2018-05-21 13:01:34 - [MESSAGE][PASSED] - Object: 'Object Repository/Schedule 12/Page_CMS login/button_Sign in' is clicked on

2018-05-21 13:01:34 - [TEST_STEP][PASSED] - click: Object: 'Object Repository/Schedule 12/Page_KDMC - CMS/a_Request to MOH' is clicked on

2018-05-21 13:01:34 - [MESSAGE][PASSED] - Object: 'Object Repository/Schedule 12/Page_KDMC - CMS/a_Request to MOH' is clicked on

2018-05-21 13:01:34 - [TEST_STEP][PASSED] - selectOptionByIndex: All options with index in [2] are selected on object 'Object Repository/Schedule 12/Page_KDMC - CMS/select_--Select--'

2018-05-21 13:01:34 - [MESSAGE][PASSED] - All options with index in [2] are selected on object 'Object Repository/Schedule 12/Page_KDMC - CMS/select_--Select--'

2018-05-21 13:01:34 - [TEST_STEP][PASSED] - selectOptionByIndex: All options with index in [12] are selected on object 'Object Repository/Schedule 12/Page_KDMC - CMS/select_--Select--Schedule 1Inj'

2018-05-21 13:01:35 - [MESSAGE][PASSED] - All options with index in [12] are selected on object 'Object Repository/Schedule 12/Page_KDMC - CMS/select_--Select--Schedule 1Inj'

2018-05-21 13:01:35 - [TEST_STEP][FAILED] - Statement - Selectedoptions = com.kms.katalon.core.webui.keyword.WebUiBuiltInKeywords.getNumberOfTotalOption(com.kms.katalon.core.testobject.ObjectRepository.findTestObject(Schedule 12/Page_KDMC - CMS/select_--Select--Baby sheet (R)): Unable to get total options of object 'Object Repository/Schedule 12/Page_KDMC - CMS/select_--Select--Baby sheet (R' (Root cause: com.kms.katalon.core.webui.exception.WebElementNotFoundException: Web element with id: 'Object Repository/Schedule 12/Page_KDMC - CMS/select_--Select--Baby sheet (R' located by 'By.xpath: //select[@id = 'optmedicine' and (text() = '--Select--Baby sheet (Rapper) Size 45 inchesx45 inchesBlanket size 54 inchesx90 inchesColour bed sheet (palin size 24 inchesx90 inches)Colour Pillow cover size 16:x22 inchesColour Towel (Cotton) Small SizeCotton Pillow (1.5 lg) size 16 inchesx22 inchesCurtain Cloth Green 36 inches PannaDraw sheet (Rapper) Size 45 inchesx45 inchesOperation Hole towel size - 38 inchesx46 inches 8 inches Hole at centre 1 and Half lengthOperation Mask (Green)Operation Towel Size - 38 inchesx46 inchesPatient Payjama (Ladies) Female Gaown sky blue colour long 42 inchesready.Surgeon Operation Gaown Standard Size Turkish Towel a) White Big size - 27 inchesx54 inchesTurkish Towel a) White small size - 12 inchesx18 inchesTurkish Towel a) White small size - 12 inchesx18 inchesWhite bed sheet (plain size 54 inchesx90 inches)White Pillow cover size -  16:x22 inchesWhite Pillow Cover size - 16 inchesx22 inches' or . = '--Select--Baby sheet (Rapper) Size 45 inchesx45 inchesBlanket size 54 inchesx90 inchesColour bed sheet (palin size 24 inchesx90 inches)Colour Pillow cover size 16:x22 inchesColour Towel (Cotton) Small SizeCotton Pillow (1.5 lg) size 16 inchesx22 inchesCurtain Cloth Green 36 inches PannaDraw sheet (Rapper) Size 45 inchesx45 inchesOperation Hole towel size - 38 inchesx46 inches 8 inches Hole at centre 1 and Half lengthOperation Mask (Green)Operation Towel Size - 38 inchesx46 inchesPatient Payjama (Ladies) Female Gaown sky blue colour long 42 inchesready.Surgeon Operation Gaown Standard Size Turkish Towel a) White Big size - 27 inchesx54 inchesTurkish Towel a) White small size - 12 inchesx18 inchesTurkish Towel a) White small size - 12 inchesx18 inchesWhite bed sheet (plain size 54 inchesx90 inches)White Pillow cover size -  16:x22 inchesWhite Pillow Cover size - 16 inchesx22 inches')]' not found)

2018-05-21 13:02:06 - [MESSAGE][FAILED] - Unable to get total options of object 'Object Repository/Schedule 12/Page_KDMC - CMS/select_--Select--Baby sheet (R' (Root cause: com.kms.katalon.core.webui.exception.WebElementNotFoundException: Web element with id: 'Object Repository/Schedule 12/Page_KDMC - CMS/select_--Select--Baby sheet (R' located by 'By.xpath: //select[@id = 'optmedicine' and (text() = '--Select--Baby sheet (Rapper) Size 45 inchesx45 inchesBlanket size 54 inchesx90 inchesColour bed sheet (palin size 24 inchesx90 inches)Colour Pillow cover size 16:x22 inchesColour Towel (Cotton) Small SizeCotton Pillow (1.5 lg) size 16 inchesx22 inchesCurtain Cloth Green 36 inches PannaDraw sheet (Rapper) Size 45 inchesx45 inchesOperation Hole towel size - 38 inchesx46 inches 8 inches Hole at centre 1 and Half lengthOperation Mask (Green)Operation Towel Size - 38 inchesx46 inchesPatient Payjama (Ladies) Female Gaown sky blue colour long 42 inchesready.Surgeon Operation Gaown Standard Size Turkish Towel a) White Big size - 27 inchesx54 inchesTurkish Towel a) White small size - 12 inchesx18 inchesTurkish Towel a) White small size - 12 inchesx18 inchesWhite bed sheet (plain size 54 inchesx90 inches)White Pillow cover size -  16:x22 inchesWhite Pillow Cover size - 16 inchesx22 inches' or . = '--Select--Baby sheet (Rapper) Size 45 inchesx45 inchesBlanket size 54 inchesx90 inchesColour bed sheet (palin size 24 inchesx90 inches)Colour Pillow cover size 16:x22 inchesColour Towel (Cotton) Small SizeCotton Pillow (1.5 lg) size 16 inchesx22 inchesCurtain Cloth Green 36 inches PannaDraw sheet (Rapper) Size 45 inchesx45 inchesOperation Hole towel size - 38 inchesx46 inches 8 inches Hole at centre 1 and Half lengthOperation Mask (Green)Operation Towel Size - 38 inchesx46 inchesPatient Payjama (Ladies) Female Gaown sky blue colour long 42 inchesready.Surgeon Operation Gaown Standard Size Turkish Towel a) White Big size - 27 inchesx54 inchesTurkish Towel a) White small size - 12 inchesx18 inchesTurkish Towel a) White small size - 12 inchesx18 inchesWhite bed sheet (plain size 54 inchesx90 inches)White Pillow cover size -  16:x22 inchesWhite Pillow Cover size - 16 inchesx22 inches')]' not found)
[[ATTACHMENT|C:\\Users\\Quality Analyst\\Katalon Studio\\ds\\Reports\\Moh_Request\\20180521_095838\\1526887926233.png]]]]></system-out>
         <system-err><![CDATA[2018-05-21 13:01:21 - [TEST_CASE][FAILED] - Test Cases/TEST/MOH TO CMS REQUEST TEST CASES/MohRequestSchedule12: Test Cases/TEST/MOH TO CMS REQUEST TEST CASES/MohRequestSchedule12 FAILED because (of) Unable to get total options of object 'Object Repository/Schedule 12/Page_KDMC - CMS/select_--Select--Baby sheet (R' (Root cause: com.kms.katalon.core.webui.exception.WebElementNotFoundException: Web element with id: 'Object Repository/Schedule 12/Page_KDMC - CMS/select_--Select--Baby sheet (R' located by 'By.xpath: //select[@id = 'optmedicine' and (text() = '--Select--Baby sheet (Rapper) Size 45 inchesx45 inchesBlanket size 54 inchesx90 inchesColour bed sheet (palin size 24 inchesx90 inches)Colour Pillow cover size 16:x22 inchesColour Towel (Cotton) Small SizeCotton Pillow (1.5 lg) size 16 inchesx22 inchesCurtain Cloth Green 36 inches PannaDraw sheet (Rapper) Size 45 inchesx45 inchesOperation Hole towel size - 38 inchesx46 inches 8 inches Hole at centre 1 and Half lengthOperation Mask (Green)Operation Towel Size - 38 inchesx46 inchesPatient Payjama (Ladies) Female Gaown sky blue colour long 42 inchesready.Surgeon Operation Gaown Standard Size Turkish Towel a) White Big size - 27 inchesx54 inchesTurkish Towel a) White small size - 12 inchesx18 inchesTurkish Towel a) White small size - 12 inchesx18 inchesWhite bed sheet (plain size 54 inchesx90 inches)White Pillow cover size -  16:x22 inchesWhite Pillow Cover size - 16 inchesx22 inches' or . = '--Select--Baby sheet (Rapper) Size 45 inchesx45 inchesBlanket size 54 inchesx90 inchesColour bed sheet (palin size 24 inchesx90 inches)Colour Pillow cover size 16:x22 inchesColour Towel (Cotton) Small SizeCotton Pillow (1.5 lg) size 16 inchesx22 inchesCurtain Cloth Green 36 inches PannaDraw sheet (Rapper) Size 45 inchesx45 inchesOperation Hole towel size - 38 inchesx46 inches 8 inches Hole at centre 1 and Half lengthOperation Mask (Green)Operation Towel Size - 38 inchesx46 inchesPatient Payjama (Ladies) Female Gaown sky blue colour long 42 inchesready.Surgeon Operation Gaown Standard Size Turkish Towel a) White Big size - 27 inchesx54 inchesTurkish Towel a) White small size - 12 inchesx18 inchesTurkish Towel a) White small size - 12 inchesx18 inchesWhite bed sheet (plain size 54 inchesx90 inches)White Pillow cover size -  16:x22 inchesWhite Pillow Cover size - 16 inchesx22 inches')]' not found)]]></system-err>
      </testcase>
      <system-out><![CDATA[2018-05-21 12:46:00 - [TEST_SUITE][FAILED] - Moh_Request: Test Cases/TEST/MOH TO CMS REQUEST TEST CASES/MohRequestSchedule1 FAILED because (of) Unable to get total options of object 'Object Repository/Schedule1/Page_KDMC - CMS/select_--Select--Adernaline 0.' (Root cause: com.kms.katalon.core.webui.exception.WebElementNotFoundException: Web element with id: 'Object Repository/Schedule1/Page_KDMC - CMS/select_--Select--Adernaline 0.' located by 'By.xpath: //select[@id = 'optmedicine' and (text() = '--Select--Adernaline 0.1% Aqueous -1mgAmikacin -500 mgAmikacin -100 mgAminophylline -25 mgAmoxycillin 1000mg. Clavulanic Acid 200mg - AdultAmoxycillin 1000mg. Clavulanic Acid 50mg - PaedatricAnti Snake VenomAnti-Rabies VaccineArtesunate 60mg with sodium bicarbonate 5% 1ml, sodium chloride 0.9% 5ml-60 mgAtopine Sulphate -0.6 mgBupivacaine HCL Heavy-20 mgCalcium Gluconate 10%Caprecomycin-750 mgCaprecomycin-1000 mgCarboprost tromethamine -250 mgCefoperazone 1000mg with sulbactam 500 mgCefotaxaime -1 gmCeftrioxone-1 gmCiprofloxacin-200 mgCiprofloxacin-200 mgDexamethasone phosphate-4 mgDextrose Anhydrous 25% 100 ml.Diclofenac Sodium -25 mgDicyclomin -20 mgDopmine Hydrochloride-200 mgDrotaverine -40 mgEtophylline and Theophylline -220 mgFrusemide -10 mgHydrocortisone sodium succinate-100 mgIron Suorose-20 mgKanamycin -500 mgKanamycin -1000 mgMannitol-20 gMephentaramine Sulphate-30 mgMethyl Ergometrine -0.2 mgMetronidazole IV -5 mgMidazolam -1 mgMultivitamin Ondensetron-2 mgOxytocin -8.5 micro gramPaediatric maintenance solution with 5% Dextrose-500 mlPAM (Pralidoxime Chloride)-500 mgPantoprazole -40 mgParacetamol I V-10 mgPentazocine Lactate 30mg/ml.-30 mgPheniramine Maleate -22.75 mgPhenytoin Sodium-50  mgPiperacillin 4000 mg., Tazobactam 500 mgProductTEST-500Promethazine Hydrochloride 2.5%-2 mgPropofol -10 mgRanitidine -25 mgRinger Lactate IVSalbutamol-500sodium Bicarbonate 7.5%-3.75 mgSodium Chloride 0.9% (Non returnable glass bots of non toxic plastic containers)-500 mlSodium Chloride 0.9% (Non returnable glass bots of non toxic plastic containers)-100 mlStreptomycin-750 mgTESTsome-100Tramadol Hydrochloride -100 mgValethamate Bromide -8 mgVit. K1 10mg-10 mgWater for injection I.P.-5 ml' or . = '--Select--Adernaline 0.1% Aqueous -1mgAmikacin -500 mgAmikacin -100 mgAminophylline -25 mgAmoxycillin 1000mg. Clavulanic Acid 200mg - AdultAmoxycillin 1000mg. Clavulanic Acid 50mg - PaedatricAnti Snake VenomAnti-Rabies VaccineArtesunate 60mg with sodium bicarbonate 5% 1ml, sodium chloride 0.9% 5ml-60 mgAtopine Sulphate -0.6 mgBupivacaine HCL Heavy-20 mgCalcium Gluconate 10%Caprecomycin-750 mgCaprecomycin-1000 mgCarboprost tromethamine -250 mgCefoperazone 1000mg with sulbactam 500 mgCefotaxaime -1 gmCeftrioxone-1 gmCiprofloxacin-200 mgCiprofloxacin-200 mgDexamethasone phosphate-4 mgDextrose Anhydrous 25% 100 ml.Diclofenac Sodium -25 mgDicyclomin -20 mgDopmine Hydrochloride-200 mgDrotaverine -40 mgEtophylline and Theophylline -220 mgFrusemide -10 mgHydrocortisone sodium succinate-100 mgIron Suorose-20 mgKanamycin -500 mgKanamycin -1000 mgMannitol-20 gMephentaramine Sulphate-30 mgMethyl Ergometrine -0.2 mgMetronidazole IV -5 mgMidazolam -1 mgMultivitamin Ondensetron-2 mgOxytocin -8.5 micro gramPaediatric maintenance solution with 5% Dextrose-500 mlPAM (Pralidoxime Chloride)-500 mgPantoprazole -40 mgParacetamol I V-10 mgPentazocine Lactate 30mg/ml.-30 mgPheniramine Maleate -22.75 mgPhenytoin Sodium-50  mgPiperacillin 4000 mg., Tazobactam 500 mgProductTEST-500Promethazine Hydrochloride 2.5%-2 mgPropofol -10 mgRanitidine -25 mgRinger Lactate IVSalbutamol-500sodium Bicarbonate 7.5%-3.75 mgSodium Chloride 0.9% (Non returnable glass bots of non toxic plastic containers)-500 mlSodium Chloride 0.9% (Non returnable glass bots of non toxic plastic containers)-100 mlStreptomycin-750 mgTESTsome-100Tramadol Hydrochloride -100 mgValethamate Bromide -8 mgVit. K1 10mg-10 mgWater for injection I.P.-5 ml')]' not found)]]></system-out>
      <system-err><![CDATA[2018-05-21 12:46:00 - [TEST_SUITE][FAILED] - Moh_Request: Test Cases/TEST/MOH TO CMS REQUEST TEST CASES/MohRequestSchedule1 FAILED because (of) Unable to get total options of object 'Object Repository/Schedule1/Page_KDMC - CMS/select_--Select--Adernaline 0.' (Root cause: com.kms.katalon.core.webui.exception.WebElementNotFoundException: Web element with id: 'Object Repository/Schedule1/Page_KDMC - CMS/select_--Select--Adernaline 0.' located by 'By.xpath: //select[@id = 'optmedicine' and (text() = '--Select--Adernaline 0.1% Aqueous -1mgAmikacin -500 mgAmikacin -100 mgAminophylline -25 mgAmoxycillin 1000mg. Clavulanic Acid 200mg - AdultAmoxycillin 1000mg. Clavulanic Acid 50mg - PaedatricAnti Snake VenomAnti-Rabies VaccineArtesunate 60mg with sodium bicarbonate 5% 1ml, sodium chloride 0.9% 5ml-60 mgAtopine Sulphate -0.6 mgBupivacaine HCL Heavy-20 mgCalcium Gluconate 10%Caprecomycin-750 mgCaprecomycin-1000 mgCarboprost tromethamine -250 mgCefoperazone 1000mg with sulbactam 500 mgCefotaxaime -1 gmCeftrioxone-1 gmCiprofloxacin-200 mgCiprofloxacin-200 mgDexamethasone phosphate-4 mgDextrose Anhydrous 25% 100 ml.Diclofenac Sodium -25 mgDicyclomin -20 mgDopmine Hydrochloride-200 mgDrotaverine -40 mgEtophylline and Theophylline -220 mgFrusemide -10 mgHydrocortisone sodium succinate-100 mgIron Suorose-20 mgKanamycin -500 mgKanamycin -1000 mgMannitol-20 gMephentaramine Sulphate-30 mgMethyl Ergometrine -0.2 mgMetronidazole IV -5 mgMidazolam -1 mgMultivitamin Ondensetron-2 mgOxytocin -8.5 micro gramPaediatric maintenance solution with 5% Dextrose-500 mlPAM (Pralidoxime Chloride)-500 mgPantoprazole -40 mgParacetamol I V-10 mgPentazocine Lactate 30mg/ml.-30 mgPheniramine Maleate -22.75 mgPhenytoin Sodium-50  mgPiperacillin 4000 mg., Tazobactam 500 mgProductTEST-500Promethazine Hydrochloride 2.5%-2 mgPropofol -10 mgRanitidine -25 mgRinger Lactate IVSalbutamol-500sodium Bicarbonate 7.5%-3.75 mgSodium Chloride 0.9% (Non returnable glass bots of non toxic plastic containers)-500 mlSodium Chloride 0.9% (Non returnable glass bots of non toxic plastic containers)-100 mlStreptomycin-750 mgTESTsome-100Tramadol Hydrochloride -100 mgValethamate Bromide -8 mgVit. K1 10mg-10 mgWater for injection I.P.-5 ml' or . = '--Select--Adernaline 0.1% Aqueous -1mgAmikacin -500 mgAmikacin -100 mgAminophylline -25 mgAmoxycillin 1000mg. Clavulanic Acid 200mg - AdultAmoxycillin 1000mg. Clavulanic Acid 50mg - PaedatricAnti Snake VenomAnti-Rabies VaccineArtesunate 60mg with sodium bicarbonate 5% 1ml, sodium chloride 0.9% 5ml-60 mgAtopine Sulphate -0.6 mgBupivacaine HCL Heavy-20 mgCalcium Gluconate 10%Caprecomycin-750 mgCaprecomycin-1000 mgCarboprost tromethamine -250 mgCefoperazone 1000mg with sulbactam 500 mgCefotaxaime -1 gmCeftrioxone-1 gmCiprofloxacin-200 mgCiprofloxacin-200 mgDexamethasone phosphate-4 mgDextrose Anhydrous 25% 100 ml.Diclofenac Sodium -25 mgDicyclomin -20 mgDopmine Hydrochloride-200 mgDrotaverine -40 mgEtophylline and Theophylline -220 mgFrusemide -10 mgHydrocortisone sodium succinate-100 mgIron Suorose-20 mgKanamycin -500 mgKanamycin -1000 mgMannitol-20 gMephentaramine Sulphate-30 mgMethyl Ergometrine -0.2 mgMetronidazole IV -5 mgMidazolam -1 mgMultivitamin Ondensetron-2 mgOxytocin -8.5 micro gramPaediatric maintenance solution with 5% Dextrose-500 mlPAM (Pralidoxime Chloride)-500 mgPantoprazole -40 mgParacetamol I V-10 mgPentazocine Lactate 30mg/ml.-30 mgPheniramine Maleate -22.75 mgPhenytoin Sodium-50  mgPiperacillin 4000 mg., Tazobactam 500 mgProductTEST-500Promethazine Hydrochloride 2.5%-2 mgPropofol -10 mgRanitidine -25 mgRinger Lactate IVSalbutamol-500sodium Bicarbonate 7.5%-3.75 mgSodium Chloride 0.9% (Non returnable glass bots of non toxic plastic containers)-500 mlSodium Chloride 0.9% (Non returnable glass bots of non toxic plastic containers)-100 mlStreptomycin-750 mgTESTsome-100Tramadol Hydrochloride -100 mgValethamate Bromide -8 mgVit. K1 10mg-10 mgWater for injection I.P.-5 ml')]' not found)]]></system-err>
   </testsuite>
</testsuites>
