<?xml version="1.0" encoding="UTF-8"?>
<testsuites name="Pharmacy_Suite" time="2216" tests="8" failures="3" errors="0">
   <testsuite name="Pharmacy_Suite" tests="8" failures="3" errors="0" time="2216" timestamp="2018-05-17 13:13:40" hostname="Quality Analyst - DESKTOP-BLFTK83" id="Test Suites/Pharmacy_Suite">
      <properties>
         <property name="deviceName" value=""/>
         <property name="devicePlatform" value=""/>
         <property name="logFolder" value="C:\\Users\\Quality Analyst\\Katalon Studio\\ds\\Reports\\Pharmacy_Suite\\20180517_131334"/>
         <property name="logFiles" value="C:\\Users\\Quality Analyst\\Katalon Studio\\ds\\Reports\\Pharmacy_Suite\\20180517_131334\\execution0.log, C:\\Users\\Quality Analyst\\Katalon Studio\\ds\\Reports\\Pharmacy_Suite\\20180517_131334\\execution1.log"/>
         <property name="attachments" value="C:\\Users\\Quality Analyst\\Katalon Studio\\ds\\Reports\\Pharmacy_Suite\\20180517_131334\\1526545089728.png, C:\\Users\\Quality Analyst\\Katalon Studio\\ds\\Reports\\Pharmacy_Suite\\20180517_131334\\1526545235804.png"/>
         <property name="hostName" value="Quality Analyst - DESKTOP-BLFTK83"/>
         <property name="os" value="Windows 10 64bit"/>
         <property name="katalonVersion" value="5.4.1.1"/>
         <property name="browser" value="Chrome 66.0.3359.139"/>
         <property name="hostAddress" value="192.168.71.2"/>
         <property name="sessionId" value="9e55b6f32d8e6d14a4ecf161de2c134e"/>
         <property name="seleniumVersion" value="3.7.1"/>
         <property name="proxyInformation" value="ProxyInformation{proxyOption=NO_PROXY, proxyServerType=HTTP, password=, proxyServerAddress=, proxyServerPort=0}"/>
         <property name="platform" value="Windows 10"/>
      </properties>
      <testcase name="Test Cases/PHARMACY TEST CASES/TC_PHAR_002 Verify Schedule 2 Pharmacy Request Are Working Successfully Or Not" classname="Test Cases/PHARMACY TEST CASES/TC_PHAR_002 Verify Schedule 2 Pharmacy Request Are Working Successfully Or Not" status="PASSED">
         <system-out><![CDATA[2018-05-17 13:13:40 - [TEST_CASE][PASSED] - Test Cases/PHARMACY TEST CASES/TC_PHAR_002 Verify Schedule 2 Pharmacy Request Are Working Successfully Or Not: Test Cases/PHARMACY TEST CASES/TC_PHAR_002 Verify Schedule 2 Pharmacy Request Are Working Successfully Or Not

2018-05-17 13:13:40 - [TEST_STEP][PASSED] - openBrowser: Browser is opened with url: ''

2018-05-17 13:13:43 - [MESSAGE][PASSED] - Browser is opened with url: ''

2018-05-17 13:13:43 - [TEST_STEP][PASSED] - Statement - out.println("Verify Schedule 2 Pharmacy Request Are Working Successfully Or Not"): null

2018-05-17 13:13:43 - [TEST_STEP][PASSED] - navigateToUrl: Navigate to 'http://192.168.137.1/multihospital_new/' successfully

2018-05-17 13:13:45 - [MESSAGE][PASSED] - Navigate to 'http://192.168.137.1/multihospital_new/' successfully

2018-05-17 13:13:45 - [TEST_STEP][PASSED] - maximizeWindow: Current window maximized

2018-05-17 13:13:46 - [MESSAGE][PASSED] - Current window maximized

2018-05-17 13:13:46 - [TEST_STEP][PASSED] - click: Object: 'Object Repository/PharmacyRequest/Page_KDMC/a_Pharmacy' is clicked on

2018-05-17 13:13:47 - [MESSAGE][PASSED] - Object: 'Object Repository/PharmacyRequest/Page_KDMC/a_Pharmacy' is clicked on

2018-05-17 13:13:47 - [TEST_STEP][PASSED] - setText: Text 'raja' is set on object 'Object Repository/PharmacyRequest/Page_Pharmacy login/input_txtusername'

2018-05-17 13:13:47 - [MESSAGE][PASSED] - Text 'raja' is set on object 'Object Repository/PharmacyRequest/Page_Pharmacy login/input_txtusername'

2018-05-17 13:13:47 - [TEST_STEP][PASSED] - setText: Text '123' is set on object 'Object Repository/PharmacyRequest/Page_Pharmacy login/input_txtpassword'

2018-05-17 13:13:47 - [MESSAGE][PASSED] - Text '123' is set on object 'Object Repository/PharmacyRequest/Page_Pharmacy login/input_txtpassword'

2018-05-17 13:13:47 - [TEST_STEP][PASSED] - delay: Delayed 3 second(s)

2018-05-17 13:13:50 - [MESSAGE][PASSED] - Delayed 3 second(s)

2018-05-17 13:13:50 - [TEST_STEP][PASSED] - click: Object: 'Object Repository/PharmacyRequest/Page_Pharmacy login/button_Sign in' is clicked on

2018-05-17 13:13:51 - [MESSAGE][PASSED] - Object: 'Object Repository/PharmacyRequest/Page_Pharmacy login/button_Sign in' is clicked on

2018-05-17 13:13:51 - [TEST_STEP][PASSED] - delay: Delayed 3 second(s)

2018-05-17 13:13:54 - [MESSAGE][PASSED] - Delayed 3 second(s)

2018-05-17 13:13:54 - [TEST_STEP][PASSED] - click: Object: 'Object Repository/PharmacyRequest/Page_KDMC - Pharmacy/a_Inventory' is clicked on

2018-05-17 13:13:56 - [MESSAGE][PASSED] - Object: 'Object Repository/PharmacyRequest/Page_KDMC - Pharmacy/a_Inventory' is clicked on

2018-05-17 13:13:56 - [TEST_STEP][PASSED] - delay: Delayed 3 second(s)

2018-05-17 13:13:59 - [MESSAGE][PASSED] - Delayed 3 second(s)

2018-05-17 13:13:59 - [TEST_STEP][PASSED] - click: Object: 'Object Repository/PharmacyRequest/Page_KDMC-Pharmacy/a_Store Request' is clicked on

2018-05-17 13:13:59 - [MESSAGE][PASSED] - Object: 'Object Repository/PharmacyRequest/Page_KDMC-Pharmacy/a_Store Request' is clicked on

2018-05-17 13:13:59 - [TEST_STEP][PASSED] - click: Object: 'Object Repository/PharmacyRequest/Page_KDMC-Pharmacy/a_Medicine Request' is clicked on

2018-05-17 13:14:00 - [MESSAGE][PASSED] - Object: 'Object Repository/PharmacyRequest/Page_KDMC-Pharmacy/a_Medicine Request' is clicked on

2018-05-17 13:14:00 - [TEST_STEP][PASSED] - selectOptionByIndex: All options with index in [2] are selected on object 'Object Repository/PharmacyRequest/Page_KDMC-Pharmacy/select_--Select--Schedule 1Inj'

2018-05-17 13:14:00 - [MESSAGE][PASSED] - All options with index in [2] are selected on object 'Object Repository/PharmacyRequest/Page_KDMC-Pharmacy/select_--Select--Schedule 1Inj'

2018-05-17 13:14:00 - [TEST_STEP][PASSED] - Statement - MedicineLength = com.kms.katalon.core.webui.keyword.WebUiBuiltInKeywords.getNumberOfTotalOption(com.kms.katalon.core.testobject.ObjectRepository.findTestObject(PharmacyRequest/Page_KDMC-Pharmacy/select_--Select--Albendazole)): 73 options of object 'Object Repository/PharmacyRequest/Page_KDMC-Pharmacy/select_--Select--Albendazole' counted

2018-05-17 13:14:00 - [MESSAGE][PASSED] - 73 options of object 'Object Repository/PharmacyRequest/Page_KDMC-Pharmacy/select_--Select--Albendazole' counted

2018-05-17 13:14:00 - [TEST_STEP][PASSED] - Statement - For ([l = 1, l <= MedicineLength - 1, (l++)]): Object: 'Object Repository/PharmacyRequest/Page_KDMC-Pharmacy/button_Add' is clicked on

2018-05-17 13:14:00 - [TEST_STEP][PASSED] - selectOptionByIndex: All options with index in [2] are selected on object 'Object Repository/PharmacyRequest/Page_KDMC-Pharmacy/select_--Select--Schedule 1Inj'

2018-05-17 13:14:00 - [MESSAGE][PASSED] - All options with index in [2] are selected on object 'Object Repository/PharmacyRequest/Page_KDMC-Pharmacy/select_--Select--Schedule 1Inj'

2018-05-17 13:14:00 - [TEST_STEP][PASSED] - selectOptionByIndex: All options with index in [1] are selected on object 'Object Repository/PharmacyRequest/Page_KDMC-Pharmacy/select_--Select--Albendazole'

2018-05-17 13:14:00 - [MESSAGE][PASSED] - All options with index in [1] are selected on object 'Object Repository/PharmacyRequest/Page_KDMC-Pharmacy/select_--Select--Albendazole'

2018-05-17 13:14:00 - [TEST_STEP][PASSED] - delay: Delayed 1 second(s)

2018-05-17 13:14:01 - [MESSAGE][PASSED] - Delayed 1 second(s)

2018-05-17 13:14:01 - [TEST_STEP][PASSED] - setText: Text '10' is set on object 'Object Repository/PharmacyRequest/Page_KDMC-Pharmacy/input_txttreat'

2018-05-17 13:14:02 - [MESSAGE][PASSED] - Text '10' is set on object 'Object Repository/PharmacyRequest/Page_KDMC-Pharmacy/input_txttreat'

2018-05-17 13:14:02 - [TEST_STEP][PASSED] - click: Object: 'Object Repository/PharmacyRequest/Page_KDMC-Pharmacy/button_Add' is clicked on

2018-05-17 13:14:02 - [MESSAGE][PASSED] - Object: 'Object Repository/PharmacyRequest/Page_KDMC-Pharmacy/button_Add' is clicked on

2018-05-17 13:14:02 - [TEST_STEP][PASSED] - selectOptionByIndex: All options with index in [2] are selected on object 'Object Repository/PharmacyRequest/Page_KDMC-Pharmacy/select_--Select--Schedule 1Inj'

2018-05-17 13:14:02 - [MESSAGE][PASSED] - All options with index in [2] are selected on object 'Object Repository/PharmacyRequest/Page_KDMC-Pharmacy/select_--Select--Schedule 1Inj'

2018-05-17 13:14:02 - [TEST_STEP][PASSED] - selectOptionByIndex: All options with index in [2] are selected on object 'Object Repository/PharmacyRequest/Page_KDMC-Pharmacy/select_--Select--Albendazole'

2018-05-17 13:14:02 - [MESSAGE][PASSED] - All options with index in [2] are selected on object 'Object Repository/PharmacyRequest/Page_KDMC-Pharmacy/select_--Select--Albendazole'

2018-05-17 13:14:02 - [TEST_STEP][PASSED] - delay: Delayed 1 second(s)

2018-05-17 13:14:03 - [MESSAGE][PASSED] - Delayed 1 second(s)

2018-05-17 13:14:03 - [TEST_STEP][PASSED] - setText: Text '10' is set on object 'Object Repository/PharmacyRequest/Page_KDMC-Pharmacy/input_txttreat'

2018-05-17 13:14:03 - [MESSAGE][PASSED] - Text '10' is set on object 'Object Repository/PharmacyRequest/Page_KDMC-Pharmacy/input_txttreat'

2018-05-17 13:14:03 - [TEST_STEP][PASSED] - click: Object: 'Object Repository/PharmacyRequest/Page_KDMC-Pharmacy/button_Add' is clicked on

2018-05-17 13:14:03 - [MESSAGE][PASSED] - Object: 'Object Repository/PharmacyRequest/Page_KDMC-Pharmacy/button_Add' is clicked on

2018-05-17 13:14:03 - [TEST_STEP][PASSED] - selectOptionByIndex: All options with index in [2] are selected on object 'Object Repository/PharmacyRequest/Page_KDMC-Pharmacy/select_--Select--Schedule 1Inj'

2018-05-17 13:14:03 - [MESSAGE][PASSED] - All options with index in [2] are selected on object 'Object Repository/PharmacyRequest/Page_KDMC-Pharmacy/select_--Select--Schedule 1Inj'

2018-05-17 13:14:03 - [TEST_STEP][PASSED] - selectOptionByIndex: All options with index in [3] are selected on object 'Object Repository/PharmacyRequest/Page_KDMC-Pharmacy/select_--Select--Albendazole'

2018-05-17 13:14:03 - [MESSAGE][PASSED] - All options with index in [3] are selected on object 'Object Repository/PharmacyRequest/Page_KDMC-Pharmacy/select_--Select--Albendazole'

2018-05-17 13:14:03 - [TEST_STEP][PASSED] - delay: Delayed 1 second(s)

2018-05-17 13:14:04 - [MESSAGE][PASSED] - Delayed 1 second(s)

2018-05-17 13:14:04 - [TEST_STEP][PASSED] - setText: Text '10' is set on object 'Object Repository/PharmacyRequest/Page_KDMC-Pharmacy/input_txttreat'

2018-05-17 13:14:05 - [MESSAGE][PASSED] - Text '10' is set on object 'Object Repository/PharmacyRequest/Page_KDMC-Pharmacy/input_txttreat'

2018-05-17 13:14:05 - [TEST_STEP][PASSED] - click: Object: 'Object Repository/PharmacyRequest/Page_KDMC-Pharmacy/button_Add' is clicked on

2018-05-17 13:14:05 - [MESSAGE][PASSED] - Object: 'Object Repository/PharmacyRequest/Page_KDMC-Pharmacy/button_Add' is clicked on

2018-05-17 13:14:05 - [TEST_STEP][PASSED] - selectOptionByIndex: All options with index in [2] are selected on object 'Object Repository/PharmacyRequest/Page_KDMC-Pharmacy/select_--Select--Schedule 1Inj'

2018-05-17 13:14:05 - [MESSAGE][PASSED] - All options with index in [2] are selected on object 'Object Repository/PharmacyRequest/Page_KDMC-Pharmacy/select_--Select--Schedule 1Inj'

2018-05-17 13:14:05 - [TEST_STEP][PASSED] - selectOptionByIndex: All options with index in [4] are selected on object 'Object Repository/PharmacyRequest/Page_KDMC-Pharmacy/select_--Select--Albendazole'

2018-05-17 13:14:05 - [MESSAGE][PASSED] - All options with index in [4] are selected on object 'Object Repository/PharmacyRequest/Page_KDMC-Pharmacy/select_--Select--Albendazole'

2018-05-17 13:14:05 - [TEST_STEP][PASSED] - delay: Delayed 1 second(s)

2018-05-17 13:14:06 - [MESSAGE][PASSED] - Delayed 1 second(s)

2018-05-17 13:14:06 - [TEST_STEP][PASSED] - setText: Text '10' is set on object 'Object Repository/PharmacyRequest/Page_KDMC-Pharmacy/input_txttreat'

2018-05-17 13:14:06 - [MESSAGE][PASSED] - Text '10' is set on object 'Object Repository/PharmacyRequest/Page_KDMC-Pharmacy/input_txttreat'

2018-05-17 13:14:06 - [TEST_STEP][PASSED] - click: Object: 'Object Repository/PharmacyRequest/Page_KDMC-Pharmacy/button_Add' is clicked on

2018-05-17 13:14:06 - [MESSAGE][PASSED] - Object: 'Object Repository/PharmacyRequest/Page_KDMC-Pharmacy/button_Add' is clicked on

2018-05-17 13:14:06 - [TEST_STEP][PASSED] - selectOptionByIndex: All options with index in [2] are selected on object 'Object Repository/PharmacyRequest/Page_KDMC-Pharmacy/select_--Select--Schedule 1Inj'

2018-05-17 13:14:06 - [MESSAGE][PASSED] - All options with index in [2] are selected on object 'Object Repository/PharmacyRequest/Page_KDMC-Pharmacy/select_--Select--Schedule 1Inj'

2018-05-17 13:14:06 - [TEST_STEP][PASSED] - selectOptionByIndex: All options with index in [5] are selected on object 'Object Repository/PharmacyRequest/Page_KDMC-Pharmacy/select_--Select--Albendazole'

2018-05-17 13:14:06 - [MESSAGE][PASSED] - All options with index in [5] are selected on object 'Object Repository/PharmacyRequest/Page_KDMC-Pharmacy/select_--Select--Albendazole'

2018-05-17 13:14:06 - [TEST_STEP][PASSED] - delay: Delayed 1 second(s)

2018-05-17 13:14:07 - [MESSAGE][PASSED] - Delayed 1 second(s)

2018-05-17 13:14:07 - [TEST_STEP][PASSED] - setText: Text '10' is set on object 'Object Repository/PharmacyRequest/Page_KDMC-Pharmacy/input_txttreat'

2018-05-17 13:14:07 - [MESSAGE][PASSED] - Text '10' is set on object 'Object Repository/PharmacyRequest/Page_KDMC-Pharmacy/input_txttreat'

2018-05-17 13:14:07 - [TEST_STEP][PASSED] - click: Object: 'Object Repository/PharmacyRequest/Page_KDMC-Pharmacy/button_Add' is clicked on

2018-05-17 13:14:07 - [MESSAGE][PASSED] - Object: 'Object Repository/PharmacyRequest/Page_KDMC-Pharmacy/button_Add' is clicked on

2018-05-17 13:14:07 - [TEST_STEP][PASSED] - selectOptionByIndex: All options with index in [2] are selected on object 'Object Repository/PharmacyRequest/Page_KDMC-Pharmacy/select_--Select--Schedule 1Inj'

2018-05-17 13:14:08 - [MESSAGE][PASSED] - All options with index in [2] are selected on object 'Object Repository/PharmacyRequest/Page_KDMC-Pharmacy/select_--Select--Schedule 1Inj'

2018-05-17 13:14:08 - [TEST_STEP][PASSED] - selectOptionByIndex: All options with index in [6] are selected on object 'Object Repository/PharmacyRequest/Page_KDMC-Pharmacy/select_--Select--Albendazole'

2018-05-17 13:14:08 - [MESSAGE][PASSED] - All options with index in [6] are selected on object 'Object Repository/PharmacyRequest/Page_KDMC-Pharmacy/select_--Select--Albendazole'

2018-05-17 13:14:08 - [TEST_STEP][PASSED] - delay: Delayed 1 second(s)

2018-05-17 13:14:09 - [MESSAGE][PASSED] - Delayed 1 second(s)

2018-05-17 13:14:09 - [TEST_STEP][PASSED] - setText: Text '10' is set on object 'Object Repository/PharmacyRequest/Page_KDMC-Pharmacy/input_txttreat'

2018-05-17 13:14:09 - [MESSAGE][PASSED] - Text '10' is set on object 'Object Repository/PharmacyRequest/Page_KDMC-Pharmacy/input_txttreat'

2018-05-17 13:14:09 - [TEST_STEP][PASSED] - click: Object: 'Object Repository/PharmacyRequest/Page_KDMC-Pharmacy/button_Add' is clicked on

2018-05-17 13:14:09 - [MESSAGE][PASSED] - Object: 'Object Repository/PharmacyRequest/Page_KDMC-Pharmacy/button_Add' is clicked on

2018-05-17 13:14:09 - [TEST_STEP][PASSED] - selectOptionByIndex: All options with index in [2] are selected on object 'Object Repository/PharmacyRequest/Page_KDMC-Pharmacy/select_--Select--Schedule 1Inj'

2018-05-17 13:14:09 - [MESSAGE][PASSED] - All options with index in [2] are selected on object 'Object Repository/PharmacyRequest/Page_KDMC-Pharmacy/select_--Select--Schedule 1Inj'

2018-05-17 13:14:09 - [TEST_STEP][PASSED] - selectOptionByIndex: All options with index in [7] are selected on object 'Object Repository/PharmacyRequest/Page_KDMC-Pharmacy/select_--Select--Albendazole'

2018-05-17 13:14:09 - [MESSAGE][PASSED] - All options with index in [7] are selected on object 'Object Repository/PharmacyRequest/Page_KDMC-Pharmacy/select_--Select--Albendazole'

2018-05-17 13:14:09 - [TEST_STEP][PASSED] - delay: Delayed 1 second(s)

2018-05-17 13:14:10 - [MESSAGE][PASSED] - Delayed 1 second(s)

2018-05-17 13:14:10 - [TEST_STEP][PASSED] - setText: Text '10' is set on object 'Object Repository/PharmacyRequest/Page_KDMC-Pharmacy/input_txttreat'

2018-05-17 13:14:10 - [MESSAGE][PASSED] - Text '10' is set on object 'Object Repository/PharmacyRequest/Page_KDMC-Pharmacy/input_txttreat'

2018-05-17 13:14:10 - [TEST_STEP][PASSED] - click: Object: 'Object Repository/PharmacyRequest/Page_KDMC-Pharmacy/button_Add' is clicked on

2018-05-17 13:14:10 - [MESSAGE][PASSED] - Object: 'Object Repository/PharmacyRequest/Page_KDMC-Pharmacy/button_Add' is clicked on

2018-05-17 13:14:10 - [TEST_STEP][PASSED] - selectOptionByIndex: All options with index in [2] are selected on object 'Object Repository/PharmacyRequest/Page_KDMC-Pharmacy/select_--Select--Schedule 1Inj'

2018-05-17 13:14:10 - [MESSAGE][PASSED] - All options with index in [2] are selected on object 'Object Repository/PharmacyRequest/Page_KDMC-Pharmacy/select_--Select--Schedule 1Inj'

2018-05-17 13:14:10 - [TEST_STEP][PASSED] - selectOptionByIndex: All options with index in [8] are selected on object 'Object Repository/PharmacyRequest/Page_KDMC-Pharmacy/select_--Select--Albendazole'

2018-05-17 13:14:11 - [MESSAGE][PASSED] - All options with index in [8] are selected on object 'Object Repository/PharmacyRequest/Page_KDMC-Pharmacy/select_--Select--Albendazole'

2018-05-17 13:14:11 - [TEST_STEP][PASSED] - delay: Delayed 1 second(s)

2018-05-17 13:14:12 - [MESSAGE][PASSED] - Delayed 1 second(s)

2018-05-17 13:14:12 - [TEST_STEP][PASSED] - setText: Text '10' is set on object 'Object Repository/PharmacyRequest/Page_KDMC-Pharmacy/input_txttreat'

2018-05-17 13:14:12 - [MESSAGE][PASSED] - Text '10' is set on object 'Object Repository/PharmacyRequest/Page_KDMC-Pharmacy/input_txttreat'

2018-05-17 13:14:12 - [TEST_STEP][PASSED] - click: Object: 'Object Repository/PharmacyRequest/Page_KDMC-Pharmacy/button_Add' is clicked on

2018-05-17 13:14:12 - [MESSAGE][PASSED] - Object: 'Object Repository/PharmacyRequest/Page_KDMC-Pharmacy/button_Add' is clicked on

2018-05-17 13:14:12 - [TEST_STEP][PASSED] - selectOptionByIndex: All options with index in [2] are selected on object 'Object Repository/PharmacyRequest/Page_KDMC-Pharmacy/select_--Select--Schedule 1Inj'

2018-05-17 13:14:12 - [MESSAGE][PASSED] - All options with index in [2] are selected on object 'Object Repository/PharmacyRequest/Page_KDMC-Pharmacy/select_--Select--Schedule 1Inj'

2018-05-17 13:14:12 - [TEST_STEP][PASSED] - selectOptionByIndex: All options with index in [9] are selected on object 'Object Repository/PharmacyRequest/Page_KDMC-Pharmacy/select_--Select--Albendazole'

2018-05-17 13:14:12 - [MESSAGE][PASSED] - All options with index in [9] are selected on object 'Object Repository/PharmacyRequest/Page_KDMC-Pharmacy/select_--Select--Albendazole'

2018-05-17 13:14:12 - [TEST_STEP][PASSED] - delay: Delayed 1 second(s)

2018-05-17 13:14:13 - [MESSAGE][PASSED] - Delayed 1 second(s)

2018-05-17 13:14:13 - [TEST_STEP][PASSED] - setText: Text '10' is set on object 'Object Repository/PharmacyRequest/Page_KDMC-Pharmacy/input_txttreat'

2018-05-17 13:14:13 - [MESSAGE][PASSED] - Text '10' is set on object 'Object Repository/PharmacyRequest/Page_KDMC-Pharmacy/input_txttreat'

2018-05-17 13:14:13 - [TEST_STEP][PASSED] - click: Object: 'Object Repository/PharmacyRequest/Page_KDMC-Pharmacy/button_Add' is clicked on

2018-05-17 13:14:13 - [MESSAGE][PASSED] - Object: 'Object Repository/PharmacyRequest/Page_KDMC-Pharmacy/button_Add' is clicked on

2018-05-17 13:14:13 - [TEST_STEP][PASSED] - selectOptionByIndex: All options with index in [2] are selected on object 'Object Repository/PharmacyRequest/Page_KDMC-Pharmacy/select_--Select--Schedule 1Inj'

2018-05-17 13:14:13 - [MESSAGE][PASSED] - All options with index in [2] are selected on object 'Object Repository/PharmacyRequest/Page_KDMC-Pharmacy/select_--Select--Schedule 1Inj'

2018-05-17 13:14:13 - [TEST_STEP][PASSED] - selectOptionByIndex: All options with index in [10] are selected on object 'Object Repository/PharmacyRequest/Page_KDMC-Pharmacy/select_--Select--Albendazole'

2018-05-17 13:14:14 - [MESSAGE][PASSED] - All options with index in [10] are selected on object 'Object Repository/PharmacyRequest/Page_KDMC-Pharmacy/select_--Select--Albendazole'

2018-05-17 13:14:14 - [TEST_STEP][PASSED] - delay: Delayed 1 second(s)

2018-05-17 13:14:15 - [MESSAGE][PASSED] - Delayed 1 second(s)

2018-05-17 13:14:15 - [TEST_STEP][PASSED] - setText: Text '10' is set on object 'Object Repository/PharmacyRequest/Page_KDMC-Pharmacy/input_txttreat'

2018-05-17 13:14:15 - [MESSAGE][PASSED] - Text '10' is set on object 'Object Repository/PharmacyRequest/Page_KDMC-Pharmacy/input_txttreat'

2018-05-17 13:14:15 - [TEST_STEP][PASSED] - click: Object: 'Object Repository/PharmacyRequest/Page_KDMC-Pharmacy/button_Add' is clicked on

2018-05-17 13:14:15 - [MESSAGE][PASSED] - Object: 'Object Repository/PharmacyRequest/Page_KDMC-Pharmacy/button_Add' is clicked on

2018-05-17 13:14:15 - [TEST_STEP][PASSED] - selectOptionByIndex: All options with index in [2] are selected on object 'Object Repository/PharmacyRequest/Page_KDMC-Pharmacy/select_--Select--Schedule 1Inj'

2018-05-17 13:14:15 - [MESSAGE][PASSED] - All options with index in [2] are selected on object 'Object Repository/PharmacyRequest/Page_KDMC-Pharmacy/select_--Select--Schedule 1Inj'

2018-05-17 13:14:15 - [TEST_STEP][PASSED] - selectOptionByIndex: All options with index in [11] are selected on object 'Object Repository/PharmacyRequest/Page_KDMC-Pharmacy/select_--Select--Albendazole'

2018-05-17 13:14:15 - [MESSAGE][PASSED] - All options with index in [11] are selected on object 'Object Repository/PharmacyRequest/Page_KDMC-Pharmacy/select_--Select--Albendazole'

2018-05-17 13:14:15 - [TEST_STEP][PASSED] - delay: Delayed 1 second(s)

2018-05-17 13:14:16 - [MESSAGE][PASSED] - Delayed 1 second(s)

2018-05-17 13:14:16 - [TEST_STEP][PASSED] - setText: Text '10' is set on object 'Object Repository/PharmacyRequest/Page_KDMC-Pharmacy/input_txttreat'

2018-05-17 13:14:16 - [MESSAGE][PASSED] - Text '10' is set on object 'Object Repository/PharmacyRequest/Page_KDMC-Pharmacy/input_txttreat'

2018-05-17 13:14:16 - [TEST_STEP][PASSED] - click: Object: 'Object Repository/PharmacyRequest/Page_KDMC-Pharmacy/button_Add' is clicked on

2018-05-17 13:14:16 - [MESSAGE][PASSED] - Object: 'Object Repository/PharmacyRequest/Page_KDMC-Pharmacy/button_Add' is clicked on

2018-05-17 13:14:16 - [TEST_STEP][PASSED] - selectOptionByIndex: All options with index in [2] are selected on object 'Object Repository/PharmacyRequest/Page_KDMC-Pharmacy/select_--Select--Schedule 1Inj'

2018-05-17 13:14:16 - [MESSAGE][PASSED] - All options with index in [2] are selected on object 'Object Repository/PharmacyRequest/Page_KDMC-Pharmacy/select_--Select--Schedule 1Inj'

2018-05-17 13:14:16 - [TEST_STEP][PASSED] - selectOptionByIndex: All options with index in [12] are selected on object 'Object Repository/PharmacyRequest/Page_KDMC-Pharmacy/select_--Select--Albendazole'

2018-05-17 13:14:17 - [MESSAGE][PASSED] - All options with index in [12] are selected on object 'Object Repository/PharmacyRequest/Page_KDMC-Pharmacy/select_--Select--Albendazole'

2018-05-17 13:14:17 - [TEST_STEP][PASSED] - delay: Delayed 1 second(s)

2018-05-17 13:14:18 - [MESSAGE][PASSED] - Delayed 1 second(s)

2018-05-17 13:14:18 - [TEST_STEP][PASSED] - setText: Text '10' is set on object 'Object Repository/PharmacyRequest/Page_KDMC-Pharmacy/input_txttreat'

2018-05-17 13:14:18 - [MESSAGE][PASSED] - Text '10' is set on object 'Object Repository/PharmacyRequest/Page_KDMC-Pharmacy/input_txttreat'

2018-05-17 13:14:18 - [TEST_STEP][PASSED] - click: Object: 'Object Repository/PharmacyRequest/Page_KDMC-Pharmacy/button_Add' is clicked on

2018-05-17 13:14:18 - [MESSAGE][PASSED] - Object: 'Object Repository/PharmacyRequest/Page_KDMC-Pharmacy/button_Add' is clicked on

2018-05-17 13:14:18 - [TEST_STEP][PASSED] - selectOptionByIndex: All options with index in [2] are selected on object 'Object Repository/PharmacyRequest/Page_KDMC-Pharmacy/select_--Select--Schedule 1Inj'

2018-05-17 13:14:18 - [MESSAGE][PASSED] - All options with index in [2] are selected on object 'Object Repository/PharmacyRequest/Page_KDMC-Pharmacy/select_--Select--Schedule 1Inj'

2018-05-17 13:14:18 - [TEST_STEP][PASSED] - selectOptionByIndex: All options with index in [13] are selected on object 'Object Repository/PharmacyRequest/Page_KDMC-Pharmacy/select_--Select--Albendazole'

2018-05-17 13:14:18 - [MESSAGE][PASSED] - All options with index in [13] are selected on object 'Object Repository/PharmacyRequest/Page_KDMC-Pharmacy/select_--Select--Albendazole'

2018-05-17 13:14:18 - [TEST_STEP][PASSED] - delay: Delayed 1 second(s)

2018-05-17 13:14:19 - [MESSAGE][PASSED] - Delayed 1 second(s)

2018-05-17 13:14:19 - [TEST_STEP][PASSED] - setText: Text '10' is set on object 'Object Repository/PharmacyRequest/Page_KDMC-Pharmacy/input_txttreat'

2018-05-17 13:14:19 - [MESSAGE][PASSED] - Text '10' is set on object 'Object Repository/PharmacyRequest/Page_KDMC-Pharmacy/input_txttreat'

2018-05-17 13:14:19 - [TEST_STEP][PASSED] - click: Object: 'Object Repository/PharmacyRequest/Page_KDMC-Pharmacy/button_Add' is clicked on

2018-05-17 13:14:19 - [MESSAGE][PASSED] - Object: 'Object Repository/PharmacyRequest/Page_KDMC-Pharmacy/button_Add' is clicked on

2018-05-17 13:14:19 - [TEST_STEP][PASSED] - selectOptionByIndex: All options with index in [2] are selected on object 'Object Repository/PharmacyRequest/Page_KDMC-Pharmacy/select_--Select--Schedule 1Inj'

2018-05-17 13:14:19 - [MESSAGE][PASSED] - All options with index in [2] are selected on object 'Object Repository/PharmacyRequest/Page_KDMC-Pharmacy/select_--Select--Schedule 1Inj'

2018-05-17 13:14:19 - [TEST_STEP][PASSED] - selectOptionByIndex: All options with index in [14] are selected on object 'Object Repository/PharmacyRequest/Page_KDMC-Pharmacy/select_--Select--Albendazole'

2018-05-17 13:14:20 - [MESSAGE][PASSED] - All options with index in [14] are selected on object 'Object Repository/PharmacyRequest/Page_KDMC-Pharmacy/select_--Select--Albendazole'

2018-05-17 13:14:20 - [TEST_STEP][PASSED] - delay: Delayed 1 second(s)

2018-05-17 13:14:21 - [MESSAGE][PASSED] - Delayed 1 second(s)

2018-05-17 13:14:21 - [TEST_STEP][PASSED] - setText: Text '10' is set on object 'Object Repository/PharmacyRequest/Page_KDMC-Pharmacy/input_txttreat'

2018-05-17 13:14:21 - [MESSAGE][PASSED] - Text '10' is set on object 'Object Repository/PharmacyRequest/Page_KDMC-Pharmacy/input_txttreat'

2018-05-17 13:14:21 - [TEST_STEP][PASSED] - click: Object: 'Object Repository/PharmacyRequest/Page_KDMC-Pharmacy/button_Add' is clicked on

2018-05-17 13:14:21 - [MESSAGE][PASSED] - Object: 'Object Repository/PharmacyRequest/Page_KDMC-Pharmacy/button_Add' is clicked on

2018-05-17 13:14:21 - [TEST_STEP][PASSED] - selectOptionByIndex: All options with index in [2] are selected on object 'Object Repository/PharmacyRequest/Page_KDMC-Pharmacy/select_--Select--Schedule 1Inj'

2018-05-17 13:14:21 - [MESSAGE][PASSED] - All options with index in [2] are selected on object 'Object Repository/PharmacyRequest/Page_KDMC-Pharmacy/select_--Select--Schedule 1Inj'

2018-05-17 13:14:21 - [TEST_STEP][PASSED] - selectOptionByIndex: All options with index in [15] are selected on object 'Object Repository/PharmacyRequest/Page_KDMC-Pharmacy/select_--Select--Albendazole'

2018-05-17 13:14:21 - [MESSAGE][PASSED] - All options with index in [15] are selected on object 'Object Repository/PharmacyRequest/Page_KDMC-Pharmacy/select_--Select--Albendazole'

2018-05-17 13:14:21 - [TEST_STEP][PASSED] - delay: Delayed 1 second(s)

2018-05-17 13:14:22 - [MESSAGE][PASSED] - Delayed 1 second(s)

2018-05-17 13:14:22 - [TEST_STEP][PASSED] - setText: Text '10' is set on object 'Object Repository/PharmacyRequest/Page_KDMC-Pharmacy/input_txttreat'

2018-05-17 13:14:22 - [MESSAGE][PASSED] - Text '10' is set on object 'Object Repository/PharmacyRequest/Page_KDMC-Pharmacy/input_txttreat'

2018-05-17 13:14:22 - [TEST_STEP][PASSED] - click: Object: 'Object Repository/PharmacyRequest/Page_KDMC-Pharmacy/button_Add' is clicked on

2018-05-17 13:14:22 - [MESSAGE][PASSED] - Object: 'Object Repository/PharmacyRequest/Page_KDMC-Pharmacy/button_Add' is clicked on

2018-05-17 13:14:22 - [TEST_STEP][PASSED] - selectOptionByIndex: All options with index in [2] are selected on object 'Object Repository/PharmacyRequest/Page_KDMC-Pharmacy/select_--Select--Schedule 1Inj'

2018-05-17 13:14:22 - [MESSAGE][PASSED] - All options with index in [2] are selected on object 'Object Repository/PharmacyRequest/Page_KDMC-Pharmacy/select_--Select--Schedule 1Inj'

2018-05-17 13:14:22 - [TEST_STEP][PASSED] - selectOptionByIndex: All options with index in [16] are selected on object 'Object Repository/PharmacyRequest/Page_KDMC-Pharmacy/select_--Select--Albendazole'

2018-05-17 13:14:23 - [MESSAGE][PASSED] - All options with index in [16] are selected on object 'Object Repository/PharmacyRequest/Page_KDMC-Pharmacy/select_--Select--Albendazole'

2018-05-17 13:14:23 - [TEST_STEP][PASSED] - delay: Delayed 1 second(s)

2018-05-17 13:14:24 - [MESSAGE][PASSED] - Delayed 1 second(s)

2018-05-17 13:14:24 - [TEST_STEP][PASSED] - setText: Text '10' is set on object 'Object Repository/PharmacyRequest/Page_KDMC-Pharmacy/input_txttreat'

2018-05-17 13:14:24 - [MESSAGE][PASSED] - Text '10' is set on object 'Object Repository/PharmacyRequest/Page_KDMC-Pharmacy/input_txttreat'

2018-05-17 13:14:24 - [TEST_STEP][PASSED] - click: Object: 'Object Repository/PharmacyRequest/Page_KDMC-Pharmacy/button_Add' is clicked on

2018-05-17 13:14:24 - [MESSAGE][PASSED] - Object: 'Object Repository/PharmacyRequest/Page_KDMC-Pharmacy/button_Add' is clicked on

2018-05-17 13:14:24 - [TEST_STEP][PASSED] - selectOptionByIndex: All options with index in [2] are selected on object 'Object Repository/PharmacyRequest/Page_KDMC-Pharmacy/select_--Select--Schedule 1Inj'

2018-05-17 13:14:24 - [MESSAGE][PASSED] - All options with index in [2] are selected on object 'Object Repository/PharmacyRequest/Page_KDMC-Pharmacy/select_--Select--Schedule 1Inj'

2018-05-17 13:14:24 - [TEST_STEP][PASSED] - selectOptionByIndex: All options with index in [17] are selected on object 'Object Repository/PharmacyRequest/Page_KDMC-Pharmacy/select_--Select--Albendazole'

2018-05-17 13:14:24 - [MESSAGE][PASSED] - All options with index in [17] are selected on object 'Object Repository/PharmacyRequest/Page_KDMC-Pharmacy/select_--Select--Albendazole'

2018-05-17 13:14:24 - [TEST_STEP][PASSED] - delay: Delayed 1 second(s)

2018-05-17 13:14:25 - [MESSAGE][PASSED] - Delayed 1 second(s)

2018-05-17 13:14:25 - [TEST_STEP][PASSED] - setText: Text '10' is set on object 'Object Repository/PharmacyRequest/Page_KDMC-Pharmacy/input_txttreat'

2018-05-17 13:14:25 - [MESSAGE][PASSED] - Text '10' is set on object 'Object Repository/PharmacyRequest/Page_KDMC-Pharmacy/input_txttreat'

2018-05-17 13:14:25 - [TEST_STEP][PASSED] - click: Object: 'Object Repository/PharmacyRequest/Page_KDMC-Pharmacy/button_Add' is clicked on

2018-05-17 13:14:25 - [MESSAGE][PASSED] - Object: 'Object Repository/PharmacyRequest/Page_KDMC-Pharmacy/button_Add' is clicked on

2018-05-17 13:14:25 - [TEST_STEP][PASSED] - selectOptionByIndex: All options with index in [2] are selected on object 'Object Repository/PharmacyRequest/Page_KDMC-Pharmacy/select_--Select--Schedule 1Inj'

2018-05-17 13:14:25 - [MESSAGE][PASSED] - All options with index in [2] are selected on object 'Object Repository/PharmacyRequest/Page_KDMC-Pharmacy/select_--Select--Schedule 1Inj'

2018-05-17 13:14:25 - [TEST_STEP][PASSED] - selectOptionByIndex: All options with index in [18] are selected on object 'Object Repository/PharmacyRequest/Page_KDMC-Pharmacy/select_--Select--Albendazole'

2018-05-17 13:14:26 - [MESSAGE][PASSED] - All options with index in [18] are selected on object 'Object Repository/PharmacyRequest/Page_KDMC-Pharmacy/select_--Select--Albendazole'

2018-05-17 13:14:26 - [TEST_STEP][PASSED] - delay: Delayed 1 second(s)

2018-05-17 13:14:27 - [MESSAGE][PASSED] - Delayed 1 second(s)

2018-05-17 13:14:27 - [TEST_STEP][PASSED] - setText: Text '10' is set on object 'Object Repository/PharmacyRequest/Page_KDMC-Pharmacy/input_txttreat'

2018-05-17 13:14:27 - [MESSAGE][PASSED] - Text '10' is set on object 'Object Repository/PharmacyRequest/Page_KDMC-Pharmacy/input_txttreat'

2018-05-17 13:14:27 - [TEST_STEP][PASSED] - click: Object: 'Object Repository/PharmacyRequest/Page_KDMC-Pharmacy/button_Add' is clicked on

2018-05-17 13:14:27 - [MESSAGE][PASSED] - Object: 'Object Repository/PharmacyRequest/Page_KDMC-Pharmacy/button_Add' is clicked on

2018-05-17 13:14:27 - [TEST_STEP][PASSED] - selectOptionByIndex: All options with index in [2] are selected on object 'Object Repository/PharmacyRequest/Page_KDMC-Pharmacy/select_--Select--Schedule 1Inj'

2018-05-17 13:14:27 - [MESSAGE][PASSED] - All options with index in [2] are selected on object 'Object Repository/PharmacyRequest/Page_KDMC-Pharmacy/select_--Select--Schedule 1Inj'

2018-05-17 13:14:27 - [TEST_STEP][PASSED] - selectOptionByIndex: All options with index in [19] are selected on object 'Object Repository/PharmacyRequest/Page_KDMC-Pharmacy/select_--Select--Albendazole'

2018-05-17 13:14:27 - [MESSAGE][PASSED] - All options with index in [19] are selected on object 'Object Repository/PharmacyRequest/Page_KDMC-Pharmacy/select_--Select--Albendazole'

2018-05-17 13:14:27 - [TEST_STEP][PASSED] - delay: Delayed 1 second(s)

2018-05-17 13:14:28 - [MESSAGE][PASSED] - Delayed 1 second(s)

2018-05-17 13:14:28 - [TEST_STEP][PASSED] - setText: Text '10' is set on object 'Object Repository/PharmacyRequest/Page_KDMC-Pharmacy/input_txttreat'

2018-05-17 13:14:28 - [MESSAGE][PASSED] - Text '10' is set on object 'Object Repository/PharmacyRequest/Page_KDMC-Pharmacy/input_txttreat'

2018-05-17 13:14:28 - [TEST_STEP][PASSED] - click: Object: 'Object Repository/PharmacyRequest/Page_KDMC-Pharmacy/button_Add' is clicked on

2018-05-17 13:14:28 - [MESSAGE][PASSED] - Object: 'Object Repository/PharmacyRequest/Page_KDMC-Pharmacy/button_Add' is clicked on

2018-05-17 13:14:28 - [TEST_STEP][PASSED] - selectOptionByIndex: All options with index in [2] are selected on object 'Object Repository/PharmacyRequest/Page_KDMC-Pharmacy/select_--Select--Schedule 1Inj'

2018-05-17 13:14:28 - [MESSAGE][PASSED] - All options with index in [2] are selected on object 'Object Repository/PharmacyRequest/Page_KDMC-Pharmacy/select_--Select--Schedule 1Inj'

2018-05-17 13:14:28 - [TEST_STEP][PASSED] - selectOptionByIndex: All options with index in [20] are selected on object 'Object Repository/PharmacyRequest/Page_KDMC-Pharmacy/select_--Select--Albendazole'

2018-05-17 13:14:29 - [MESSAGE][PASSED] - All options with index in [20] are selected on object 'Object Repository/PharmacyRequest/Page_KDMC-Pharmacy/select_--Select--Albendazole'

2018-05-17 13:14:29 - [TEST_STEP][PASSED] - delay: Delayed 1 second(s)

2018-05-17 13:14:30 - [MESSAGE][PASSED] - Delayed 1 second(s)

2018-05-17 13:14:30 - [TEST_STEP][PASSED] - setText: Text '10' is set on object 'Object Repository/PharmacyRequest/Page_KDMC-Pharmacy/input_txttreat'

2018-05-17 13:14:30 - [MESSAGE][PASSED] - Text '10' is set on object 'Object Repository/PharmacyRequest/Page_KDMC-Pharmacy/input_txttreat'

2018-05-17 13:14:30 - [TEST_STEP][PASSED] - click: Object: 'Object Repository/PharmacyRequest/Page_KDMC-Pharmacy/button_Add' is clicked on

2018-05-17 13:14:30 - [MESSAGE][PASSED] - Object: 'Object Repository/PharmacyRequest/Page_KDMC-Pharmacy/button_Add' is clicked on

2018-05-17 13:14:30 - [TEST_STEP][PASSED] - selectOptionByIndex: All options with index in [2] are selected on object 'Object Repository/PharmacyRequest/Page_KDMC-Pharmacy/select_--Select--Schedule 1Inj'

2018-05-17 13:14:30 - [MESSAGE][PASSED] - All options with index in [2] are selected on object 'Object Repository/PharmacyRequest/Page_KDMC-Pharmacy/select_--Select--Schedule 1Inj'

2018-05-17 13:14:30 - [TEST_STEP][PASSED] - selectOptionByIndex: All options with index in [21] are selected on object 'Object Repository/PharmacyRequest/Page_KDMC-Pharmacy/select_--Select--Albendazole'

2018-05-17 13:14:30 - [MESSAGE][PASSED] - All options with index in [21] are selected on object 'Object Repository/PharmacyRequest/Page_KDMC-Pharmacy/select_--Select--Albendazole'

2018-05-17 13:14:30 - [TEST_STEP][PASSED] - delay: Delayed 1 second(s)

2018-05-17 13:14:31 - [MESSAGE][PASSED] - Delayed 1 second(s)

2018-05-17 13:14:31 - [TEST_STEP][PASSED] - setText: Text '10' is set on object 'Object Repository/PharmacyRequest/Page_KDMC-Pharmacy/input_txttreat'

2018-05-17 13:14:31 - [MESSAGE][PASSED] - Text '10' is set on object 'Object Repository/PharmacyRequest/Page_KDMC-Pharmacy/input_txttreat'

2018-05-17 13:14:31 - [TEST_STEP][PASSED] - click: Object: 'Object Repository/PharmacyRequest/Page_KDMC-Pharmacy/button_Add' is clicked on

2018-05-17 13:14:31 - [MESSAGE][PASSED] - Object: 'Object Repository/PharmacyRequest/Page_KDMC-Pharmacy/button_Add' is clicked on

2018-05-17 13:14:31 - [TEST_STEP][PASSED] - selectOptionByIndex: All options with index in [2] are selected on object 'Object Repository/PharmacyRequest/Page_KDMC-Pharmacy/select_--Select--Schedule 1Inj'

2018-05-17 13:14:32 - [MESSAGE][PASSED] - All options with index in [2] are selected on object 'Object Repository/PharmacyRequest/Page_KDMC-Pharmacy/select_--Select--Schedule 1Inj'

2018-05-17 13:14:32 - [TEST_STEP][PASSED] - selectOptionByIndex: All options with index in [22] are selected on object 'Object Repository/PharmacyRequest/Page_KDMC-Pharmacy/select_--Select--Albendazole'

2018-05-17 13:14:32 - [MESSAGE][PASSED] - All options with index in [22] are selected on object 'Object Repository/PharmacyRequest/Page_KDMC-Pharmacy/select_--Select--Albendazole'

2018-05-17 13:14:32 - [TEST_STEP][PASSED] - delay: Delayed 1 second(s)

2018-05-17 13:14:33 - [MESSAGE][PASSED] - Delayed 1 second(s)

2018-05-17 13:14:33 - [TEST_STEP][PASSED] - setText: Text '10' is set on object 'Object Repository/PharmacyRequest/Page_KDMC-Pharmacy/input_txttreat'

2018-05-17 13:14:33 - [MESSAGE][PASSED] - Text '10' is set on object 'Object Repository/PharmacyRequest/Page_KDMC-Pharmacy/input_txttreat'

2018-05-17 13:14:33 - [TEST_STEP][PASSED] - click: Object: 'Object Repository/PharmacyRequest/Page_KDMC-Pharmacy/button_Add' is clicked on

2018-05-17 13:14:33 - [MESSAGE][PASSED] - Object: 'Object Repository/PharmacyRequest/Page_KDMC-Pharmacy/button_Add' is clicked on

2018-05-17 13:14:33 - [TEST_STEP][PASSED] - selectOptionByIndex: All options with index in [2] are selected on object 'Object Repository/PharmacyRequest/Page_KDMC-Pharmacy/select_--Select--Schedule 1Inj'

2018-05-17 13:14:33 - [MESSAGE][PASSED] - All options with index in [2] are selected on object 'Object Repository/PharmacyRequest/Page_KDMC-Pharmacy/select_--Select--Schedule 1Inj'

2018-05-17 13:14:33 - [TEST_STEP][PASSED] - selectOptionByIndex: All options with index in [23] are selected on object 'Object Repository/PharmacyRequest/Page_KDMC-Pharmacy/select_--Select--Albendazole'

2018-05-17 13:14:33 - [MESSAGE][PASSED] - All options with index in [23] are selected on object 'Object Repository/PharmacyRequest/Page_KDMC-Pharmacy/select_--Select--Albendazole'

2018-05-17 13:14:33 - [TEST_STEP][PASSED] - delay: Delayed 1 second(s)

2018-05-17 13:14:34 - [MESSAGE][PASSED] - Delayed 1 second(s)

2018-05-17 13:14:34 - [TEST_STEP][PASSED] - setText: Text '10' is set on object 'Object Repository/PharmacyRequest/Page_KDMC-Pharmacy/input_txttreat'

2018-05-17 13:14:35 - [MESSAGE][PASSED] - Text '10' is set on object 'Object Repository/PharmacyRequest/Page_KDMC-Pharmacy/input_txttreat'

2018-05-17 13:14:35 - [TEST_STEP][PASSED] - click: Object: 'Object Repository/PharmacyRequest/Page_KDMC-Pharmacy/button_Add' is clicked on

2018-05-17 13:14:35 - [MESSAGE][PASSED] - Object: 'Object Repository/PharmacyRequest/Page_KDMC-Pharmacy/button_Add' is clicked on

2018-05-17 13:14:35 - [TEST_STEP][PASSED] - selectOptionByIndex: All options with index in [2] are selected on object 'Object Repository/PharmacyRequest/Page_KDMC-Pharmacy/select_--Select--Schedule 1Inj'

2018-05-17 13:14:35 - [MESSAGE][PASSED] - All options with index in [2] are selected on object 'Object Repository/PharmacyRequest/Page_KDMC-Pharmacy/select_--Select--Schedule 1Inj'

2018-05-17 13:14:35 - [TEST_STEP][PASSED] - selectOptionByIndex: All options with index in [24] are selected on object 'Object Repository/PharmacyRequest/Page_KDMC-Pharmacy/select_--Select--Albendazole'

2018-05-17 13:14:35 - [MESSAGE][PASSED] - All options with index in [24] are selected on object 'Object Repository/PharmacyRequest/Page_KDMC-Pharmacy/select_--Select--Albendazole'

2018-05-17 13:14:35 - [TEST_STEP][PASSED] - delay: Delayed 1 second(s)

2018-05-17 13:14:36 - [MESSAGE][PASSED] - Delayed 1 second(s)

2018-05-17 13:14:36 - [TEST_STEP][PASSED] - setText: Text '10' is set on object 'Object Repository/PharmacyRequest/Page_KDMC-Pharmacy/input_txttreat'

2018-05-17 13:14:36 - [MESSAGE][PASSED] - Text '10' is set on object 'Object Repository/PharmacyRequest/Page_KDMC-Pharmacy/input_txttreat'

2018-05-17 13:14:36 - [TEST_STEP][PASSED] - click: Object: 'Object Repository/PharmacyRequest/Page_KDMC-Pharmacy/button_Add' is clicked on

2018-05-17 13:14:36 - [MESSAGE][PASSED] - Object: 'Object Repository/PharmacyRequest/Page_KDMC-Pharmacy/button_Add' is clicked on

2018-05-17 13:14:36 - [TEST_STEP][PASSED] - selectOptionByIndex: All options with index in [2] are selected on object 'Object Repository/PharmacyRequest/Page_KDMC-Pharmacy/select_--Select--Schedule 1Inj'

2018-05-17 13:14:36 - [MESSAGE][PASSED] - All options with index in [2] are selected on object 'Object Repository/PharmacyRequest/Page_KDMC-Pharmacy/select_--Select--Schedule 1Inj'

2018-05-17 13:14:36 - [TEST_STEP][PASSED] - selectOptionByIndex: All options with index in [25] are selected on object 'Object Repository/PharmacyRequest/Page_KDMC-Pharmacy/select_--Select--Albendazole'

2018-05-17 13:14:37 - [MESSAGE][PASSED] - All options with index in [25] are selected on object 'Object Repository/PharmacyRequest/Page_KDMC-Pharmacy/select_--Select--Albendazole'

2018-05-17 13:14:37 - [TEST_STEP][PASSED] - delay: Delayed 1 second(s)

2018-05-17 13:14:38 - [MESSAGE][PASSED] - Delayed 1 second(s)

2018-05-17 13:14:38 - [TEST_STEP][PASSED] - setText: Text '10' is set on object 'Object Repository/PharmacyRequest/Page_KDMC-Pharmacy/input_txttreat'

2018-05-17 13:14:38 - [MESSAGE][PASSED] - Text '10' is set on object 'Object Repository/PharmacyRequest/Page_KDMC-Pharmacy/input_txttreat'

2018-05-17 13:14:38 - [TEST_STEP][PASSED] - click: Object: 'Object Repository/PharmacyRequest/Page_KDMC-Pharmacy/button_Add' is clicked on

2018-05-17 13:14:38 - [MESSAGE][PASSED] - Object: 'Object Repository/PharmacyRequest/Page_KDMC-Pharmacy/button_Add' is clicked on

2018-05-17 13:14:38 - [TEST_STEP][PASSED] - selectOptionByIndex: All options with index in [2] are selected on object 'Object Repository/PharmacyRequest/Page_KDMC-Pharmacy/select_--Select--Schedule 1Inj'

2018-05-17 13:14:38 - [MESSAGE][PASSED] - All options with index in [2] are selected on object 'Object Repository/PharmacyRequest/Page_KDMC-Pharmacy/select_--Select--Schedule 1Inj'

2018-05-17 13:14:38 - [TEST_STEP][PASSED] - selectOptionByIndex: All options with index in [26] are selected on object 'Object Repository/PharmacyRequest/Page_KDMC-Pharmacy/select_--Select--Albendazole'

2018-05-17 13:14:38 - [MESSAGE][PASSED] - All options with index in [26] are selected on object 'Object Repository/PharmacyRequest/Page_KDMC-Pharmacy/select_--Select--Albendazole'

2018-05-17 13:14:38 - [TEST_STEP][PASSED] - delay: Delayed 1 second(s)

2018-05-17 13:14:39 - [MESSAGE][PASSED] - Delayed 1 second(s)

2018-05-17 13:14:39 - [TEST_STEP][PASSED] - setText: Text '10' is set on object 'Object Repository/PharmacyRequest/Page_KDMC-Pharmacy/input_txttreat'

2018-05-17 13:14:39 - [MESSAGE][PASSED] - Text '10' is set on object 'Object Repository/PharmacyRequest/Page_KDMC-Pharmacy/input_txttreat'

2018-05-17 13:14:39 - [TEST_STEP][PASSED] - click: Object: 'Object Repository/PharmacyRequest/Page_KDMC-Pharmacy/button_Add' is clicked on

2018-05-17 13:14:39 - [MESSAGE][PASSED] - Object: 'Object Repository/PharmacyRequest/Page_KDMC-Pharmacy/button_Add' is clicked on

2018-05-17 13:14:39 - [TEST_STEP][PASSED] - selectOptionByIndex: All options with index in [2] are selected on object 'Object Repository/PharmacyRequest/Page_KDMC-Pharmacy/select_--Select--Schedule 1Inj'

2018-05-17 13:14:39 - [MESSAGE][PASSED] - All options with index in [2] are selected on object 'Object Repository/PharmacyRequest/Page_KDMC-Pharmacy/select_--Select--Schedule 1Inj'

2018-05-17 13:14:39 - [TEST_STEP][PASSED] - selectOptionByIndex: All options with index in [27] are selected on object 'Object Repository/PharmacyRequest/Page_KDMC-Pharmacy/select_--Select--Albendazole'

2018-05-17 13:14:40 - [MESSAGE][PASSED] - All options with index in [27] are selected on object 'Object Repository/PharmacyRequest/Page_KDMC-Pharmacy/select_--Select--Albendazole'

2018-05-17 13:14:40 - [TEST_STEP][PASSED] - delay: Delayed 1 second(s)

2018-05-17 13:14:41 - [MESSAGE][PASSED] - Delayed 1 second(s)

2018-05-17 13:14:41 - [TEST_STEP][PASSED] - setText: Text '10' is set on object 'Object Repository/PharmacyRequest/Page_KDMC-Pharmacy/input_txttreat'

2018-05-17 13:14:41 - [MESSAGE][PASSED] - Text '10' is set on object 'Object Repository/PharmacyRequest/Page_KDMC-Pharmacy/input_txttreat'

2018-05-17 13:14:41 - [TEST_STEP][PASSED] - click: Object: 'Object Repository/PharmacyRequest/Page_KDMC-Pharmacy/button_Add' is clicked on

2018-05-17 13:14:41 - [MESSAGE][PASSED] - Object: 'Object Repository/PharmacyRequest/Page_KDMC-Pharmacy/button_Add' is clicked on

2018-05-17 13:14:41 - [TEST_STEP][PASSED] - selectOptionByIndex: All options with index in [2] are selected on object 'Object Repository/PharmacyRequest/Page_KDMC-Pharmacy/select_--Select--Schedule 1Inj'

2018-05-17 13:14:41 - [MESSAGE][PASSED] - All options with index in [2] are selected on object 'Object Repository/PharmacyRequest/Page_KDMC-Pharmacy/select_--Select--Schedule 1Inj'

2018-05-17 13:14:41 - [TEST_STEP][PASSED] - selectOptionByIndex: All options with index in [28] are selected on object 'Object Repository/PharmacyRequest/Page_KDMC-Pharmacy/select_--Select--Albendazole'

2018-05-17 13:14:41 - [MESSAGE][PASSED] - All options with index in [28] are selected on object 'Object Repository/PharmacyRequest/Page_KDMC-Pharmacy/select_--Select--Albendazole'

2018-05-17 13:14:41 - [TEST_STEP][PASSED] - delay: Delayed 1 second(s)

2018-05-17 13:14:42 - [MESSAGE][PASSED] - Delayed 1 second(s)

2018-05-17 13:14:42 - [TEST_STEP][PASSED] - setText: Text '10' is set on object 'Object Repository/PharmacyRequest/Page_KDMC-Pharmacy/input_txttreat'

2018-05-17 13:14:42 - [MESSAGE][PASSED] - Text '10' is set on object 'Object Repository/PharmacyRequest/Page_KDMC-Pharmacy/input_txttreat'

2018-05-17 13:14:42 - [TEST_STEP][PASSED] - click: Object: 'Object Repository/PharmacyRequest/Page_KDMC-Pharmacy/button_Add' is clicked on

2018-05-17 13:14:43 - [MESSAGE][PASSED] - Object: 'Object Repository/PharmacyRequest/Page_KDMC-Pharmacy/button_Add' is clicked on

2018-05-17 13:14:43 - [TEST_STEP][PASSED] - selectOptionByIndex: All options with index in [2] are selected on object 'Object Repository/PharmacyRequest/Page_KDMC-Pharmacy/select_--Select--Schedule 1Inj'

2018-05-17 13:14:43 - [MESSAGE][PASSED] - All options with index in [2] are selected on object 'Object Repository/PharmacyRequest/Page_KDMC-Pharmacy/select_--Select--Schedule 1Inj'

2018-05-17 13:14:43 - [TEST_STEP][PASSED] - selectOptionByIndex: All options with index in [29] are selected on object 'Object Repository/PharmacyRequest/Page_KDMC-Pharmacy/select_--Select--Albendazole'

2018-05-17 13:14:43 - [MESSAGE][PASSED] - All options with index in [29] are selected on object 'Object Repository/PharmacyRequest/Page_KDMC-Pharmacy/select_--Select--Albendazole'

2018-05-17 13:14:43 - [TEST_STEP][PASSED] - delay: Delayed 1 second(s)

2018-05-17 13:14:44 - [MESSAGE][PASSED] - Delayed 1 second(s)

2018-05-17 13:14:44 - [TEST_STEP][PASSED] - setText: Text '10' is set on object 'Object Repository/PharmacyRequest/Page_KDMC-Pharmacy/input_txttreat'

2018-05-17 13:14:44 - [MESSAGE][PASSED] - Text '10' is set on object 'Object Repository/PharmacyRequest/Page_KDMC-Pharmacy/input_txttreat'

2018-05-17 13:14:44 - [TEST_STEP][PASSED] - click: Object: 'Object Repository/PharmacyRequest/Page_KDMC-Pharmacy/button_Add' is clicked on

2018-05-17 13:14:44 - [MESSAGE][PASSED] - Object: 'Object Repository/PharmacyRequest/Page_KDMC-Pharmacy/button_Add' is clicked on

2018-05-17 13:14:44 - [TEST_STEP][PASSED] - selectOptionByIndex: All options with index in [2] are selected on object 'Object Repository/PharmacyRequest/Page_KDMC-Pharmacy/select_--Select--Schedule 1Inj'

2018-05-17 13:14:44 - [MESSAGE][PASSED] - All options with index in [2] are selected on object 'Object Repository/PharmacyRequest/Page_KDMC-Pharmacy/select_--Select--Schedule 1Inj'

2018-05-17 13:14:44 - [TEST_STEP][PASSED] - selectOptionByIndex: All options with index in [30] are selected on object 'Object Repository/PharmacyRequest/Page_KDMC-Pharmacy/select_--Select--Albendazole'

2018-05-17 13:14:45 - [MESSAGE][PASSED] - All options with index in [30] are selected on object 'Object Repository/PharmacyRequest/Page_KDMC-Pharmacy/select_--Select--Albendazole'

2018-05-17 13:14:45 - [TEST_STEP][PASSED] - delay: Delayed 1 second(s)

2018-05-17 13:14:46 - [MESSAGE][PASSED] - Delayed 1 second(s)

2018-05-17 13:14:46 - [TEST_STEP][PASSED] - setText: Text '10' is set on object 'Object Repository/PharmacyRequest/Page_KDMC-Pharmacy/input_txttreat'

2018-05-17 13:14:46 - [MESSAGE][PASSED] - Text '10' is set on object 'Object Repository/PharmacyRequest/Page_KDMC-Pharmacy/input_txttreat'

2018-05-17 13:14:46 - [TEST_STEP][PASSED] - click: Object: 'Object Repository/PharmacyRequest/Page_KDMC-Pharmacy/button_Add' is clicked on

2018-05-17 13:14:46 - [MESSAGE][PASSED] - Object: 'Object Repository/PharmacyRequest/Page_KDMC-Pharmacy/button_Add' is clicked on

2018-05-17 13:14:46 - [TEST_STEP][PASSED] - selectOptionByIndex: All options with index in [2] are selected on object 'Object Repository/PharmacyRequest/Page_KDMC-Pharmacy/select_--Select--Schedule 1Inj'

2018-05-17 13:14:46 - [MESSAGE][PASSED] - All options with index in [2] are selected on object 'Object Repository/PharmacyRequest/Page_KDMC-Pharmacy/select_--Select--Schedule 1Inj'

2018-05-17 13:14:46 - [TEST_STEP][PASSED] - selectOptionByIndex: All options with index in [31] are selected on object 'Object Repository/PharmacyRequest/Page_KDMC-Pharmacy/select_--Select--Albendazole'

2018-05-17 13:14:46 - [MESSAGE][PASSED] - All options with index in [31] are selected on object 'Object Repository/PharmacyRequest/Page_KDMC-Pharmacy/select_--Select--Albendazole'

2018-05-17 13:14:46 - [TEST_STEP][PASSED] - delay: Delayed 1 second(s)

2018-05-17 13:14:47 - [MESSAGE][PASSED] - Delayed 1 second(s)

2018-05-17 13:14:47 - [TEST_STEP][PASSED] - setText: Text '10' is set on object 'Object Repository/PharmacyRequest/Page_KDMC-Pharmacy/input_txttreat'

2018-05-17 13:14:47 - [MESSAGE][PASSED] - Text '10' is set on object 'Object Repository/PharmacyRequest/Page_KDMC-Pharmacy/input_txttreat'

2018-05-17 13:14:47 - [TEST_STEP][PASSED] - click: Object: 'Object Repository/PharmacyRequest/Page_KDMC-Pharmacy/button_Add' is clicked on

2018-05-17 13:14:47 - [MESSAGE][PASSED] - Object: 'Object Repository/PharmacyRequest/Page_KDMC-Pharmacy/button_Add' is clicked on

2018-05-17 13:14:47 - [TEST_STEP][PASSED] - selectOptionByIndex: All options with index in [2] are selected on object 'Object Repository/PharmacyRequest/Page_KDMC-Pharmacy/select_--Select--Schedule 1Inj'

2018-05-17 13:14:47 - [MESSAGE][PASSED] - All options with index in [2] are selected on object 'Object Repository/PharmacyRequest/Page_KDMC-Pharmacy/select_--Select--Schedule 1Inj'

2018-05-17 13:14:47 - [TEST_STEP][PASSED] - selectOptionByIndex: All options with index in [32] are selected on object 'Object Repository/PharmacyRequest/Page_KDMC-Pharmacy/select_--Select--Albendazole'

2018-05-17 13:14:48 - [MESSAGE][PASSED] - All options with index in [32] are selected on object 'Object Repository/PharmacyRequest/Page_KDMC-Pharmacy/select_--Select--Albendazole'

2018-05-17 13:14:48 - [TEST_STEP][PASSED] - delay: Delayed 1 second(s)

2018-05-17 13:14:49 - [MESSAGE][PASSED] - Delayed 1 second(s)

2018-05-17 13:14:49 - [TEST_STEP][PASSED] - setText: Text '10' is set on object 'Object Repository/PharmacyRequest/Page_KDMC-Pharmacy/input_txttreat'

2018-05-17 13:14:49 - [MESSAGE][PASSED] - Text '10' is set on object 'Object Repository/PharmacyRequest/Page_KDMC-Pharmacy/input_txttreat'

2018-05-17 13:14:49 - [TEST_STEP][PASSED] - click: Object: 'Object Repository/PharmacyRequest/Page_KDMC-Pharmacy/button_Add' is clicked on

2018-05-17 13:14:49 - [MESSAGE][PASSED] - Object: 'Object Repository/PharmacyRequest/Page_KDMC-Pharmacy/button_Add' is clicked on

2018-05-17 13:14:49 - [TEST_STEP][PASSED] - selectOptionByIndex: All options with index in [2] are selected on object 'Object Repository/PharmacyRequest/Page_KDMC-Pharmacy/select_--Select--Schedule 1Inj'

2018-05-17 13:14:49 - [MESSAGE][PASSED] - All options with index in [2] are selected on object 'Object Repository/PharmacyRequest/Page_KDMC-Pharmacy/select_--Select--Schedule 1Inj'

2018-05-17 13:14:49 - [TEST_STEP][PASSED] - selectOptionByIndex: All options with index in [33] are selected on object 'Object Repository/PharmacyRequest/Page_KDMC-Pharmacy/select_--Select--Albendazole'

2018-05-17 13:14:49 - [MESSAGE][PASSED] - All options with index in [33] are selected on object 'Object Repository/PharmacyRequest/Page_KDMC-Pharmacy/select_--Select--Albendazole'

2018-05-17 13:14:49 - [TEST_STEP][PASSED] - delay: Delayed 1 second(s)

2018-05-17 13:14:50 - [MESSAGE][PASSED] - Delayed 1 second(s)

2018-05-17 13:14:50 - [TEST_STEP][PASSED] - setText: Text '10' is set on object 'Object Repository/PharmacyRequest/Page_KDMC-Pharmacy/input_txttreat'

2018-05-17 13:14:51 - [MESSAGE][PASSED] - Text '10' is set on object 'Object Repository/PharmacyRequest/Page_KDMC-Pharmacy/input_txttreat'

2018-05-17 13:14:51 - [TEST_STEP][PASSED] - click: Object: 'Object Repository/PharmacyRequest/Page_KDMC-Pharmacy/button_Add' is clicked on

2018-05-17 13:14:51 - [MESSAGE][PASSED] - Object: 'Object Repository/PharmacyRequest/Page_KDMC-Pharmacy/button_Add' is clicked on

2018-05-17 13:14:51 - [TEST_STEP][PASSED] - selectOptionByIndex: All options with index in [2] are selected on object 'Object Repository/PharmacyRequest/Page_KDMC-Pharmacy/select_--Select--Schedule 1Inj'

2018-05-17 13:14:51 - [MESSAGE][PASSED] - All options with index in [2] are selected on object 'Object Repository/PharmacyRequest/Page_KDMC-Pharmacy/select_--Select--Schedule 1Inj'

2018-05-17 13:14:51 - [TEST_STEP][PASSED] - selectOptionByIndex: All options with index in [34] are selected on object 'Object Repository/PharmacyRequest/Page_KDMC-Pharmacy/select_--Select--Albendazole'

2018-05-17 13:14:51 - [MESSAGE][PASSED] - All options with index in [34] are selected on object 'Object Repository/PharmacyRequest/Page_KDMC-Pharmacy/select_--Select--Albendazole'

2018-05-17 13:14:51 - [TEST_STEP][PASSED] - delay: Delayed 1 second(s)

2018-05-17 13:14:52 - [MESSAGE][PASSED] - Delayed 1 second(s)

2018-05-17 13:14:52 - [TEST_STEP][PASSED] - setText: Text '10' is set on object 'Object Repository/PharmacyRequest/Page_KDMC-Pharmacy/input_txttreat'

2018-05-17 13:14:52 - [MESSAGE][PASSED] - Text '10' is set on object 'Object Repository/PharmacyRequest/Page_KDMC-Pharmacy/input_txttreat'

2018-05-17 13:14:52 - [TEST_STEP][PASSED] - click: Object: 'Object Repository/PharmacyRequest/Page_KDMC-Pharmacy/button_Add' is clicked on

2018-05-17 13:14:52 - [MESSAGE][PASSED] - Object: 'Object Repository/PharmacyRequest/Page_KDMC-Pharmacy/button_Add' is clicked on

2018-05-17 13:14:52 - [TEST_STEP][PASSED] - selectOptionByIndex: All options with index in [2] are selected on object 'Object Repository/PharmacyRequest/Page_KDMC-Pharmacy/select_--Select--Schedule 1Inj'

2018-05-17 13:14:52 - [MESSAGE][PASSED] - All options with index in [2] are selected on object 'Object Repository/PharmacyRequest/Page_KDMC-Pharmacy/select_--Select--Schedule 1Inj'

2018-05-17 13:14:52 - [TEST_STEP][PASSED] - selectOptionByIndex: All options with index in [35] are selected on object 'Object Repository/PharmacyRequest/Page_KDMC-Pharmacy/select_--Select--Albendazole'

2018-05-17 13:14:53 - [MESSAGE][PASSED] - All options with index in [35] are selected on object 'Object Repository/PharmacyRequest/Page_KDMC-Pharmacy/select_--Select--Albendazole'

2018-05-17 13:14:53 - [TEST_STEP][PASSED] - delay: Delayed 1 second(s)

2018-05-17 13:14:54 - [MESSAGE][PASSED] - Delayed 1 second(s)

2018-05-17 13:14:54 - [TEST_STEP][PASSED] - setText: Text '10' is set on object 'Object Repository/PharmacyRequest/Page_KDMC-Pharmacy/input_txttreat'

2018-05-17 13:14:54 - [MESSAGE][PASSED] - Text '10' is set on object 'Object Repository/PharmacyRequest/Page_KDMC-Pharmacy/input_txttreat'

2018-05-17 13:14:54 - [TEST_STEP][PASSED] - click: Object: 'Object Repository/PharmacyRequest/Page_KDMC-Pharmacy/button_Add' is clicked on

2018-05-17 13:14:54 - [MESSAGE][PASSED] - Object: 'Object Repository/PharmacyRequest/Page_KDMC-Pharmacy/button_Add' is clicked on

2018-05-17 13:14:54 - [TEST_STEP][PASSED] - selectOptionByIndex: All options with index in [2] are selected on object 'Object Repository/PharmacyRequest/Page_KDMC-Pharmacy/select_--Select--Schedule 1Inj'

2018-05-17 13:14:54 - [MESSAGE][PASSED] - All options with index in [2] are selected on object 'Object Repository/PharmacyRequest/Page_KDMC-Pharmacy/select_--Select--Schedule 1Inj'

2018-05-17 13:14:54 - [TEST_STEP][PASSED] - selectOptionByIndex: All options with index in [36] are selected on object 'Object Repository/PharmacyRequest/Page_KDMC-Pharmacy/select_--Select--Albendazole'

2018-05-17 13:14:54 - [MESSAGE][PASSED] - All options with index in [36] are selected on object 'Object Repository/PharmacyRequest/Page_KDMC-Pharmacy/select_--Select--Albendazole'

2018-05-17 13:14:54 - [TEST_STEP][PASSED] - delay: Delayed 1 second(s)

2018-05-17 13:14:55 - [MESSAGE][PASSED] - Delayed 1 second(s)

2018-05-17 13:14:55 - [TEST_STEP][PASSED] - setText: Text '10' is set on object 'Object Repository/PharmacyRequest/Page_KDMC-Pharmacy/input_txttreat'

2018-05-17 13:14:55 - [MESSAGE][PASSED] - Text '10' is set on object 'Object Repository/PharmacyRequest/Page_KDMC-Pharmacy/input_txttreat'

2018-05-17 13:14:55 - [TEST_STEP][PASSED] - click: Object: 'Object Repository/PharmacyRequest/Page_KDMC-Pharmacy/button_Add' is clicked on

2018-05-17 13:14:56 - [MESSAGE][PASSED] - Object: 'Object Repository/PharmacyRequest/Page_KDMC-Pharmacy/button_Add' is clicked on

2018-05-17 13:14:56 - [TEST_STEP][PASSED] - selectOptionByIndex: All options with index in [2] are selected on object 'Object Repository/PharmacyRequest/Page_KDMC-Pharmacy/select_--Select--Schedule 1Inj'

2018-05-17 13:14:56 - [MESSAGE][PASSED] - All options with index in [2] are selected on object 'Object Repository/PharmacyRequest/Page_KDMC-Pharmacy/select_--Select--Schedule 1Inj'

2018-05-17 13:14:56 - [TEST_STEP][PASSED] - selectOptionByIndex: All options with index in [37] are selected on object 'Object Repository/PharmacyRequest/Page_KDMC-Pharmacy/select_--Select--Albendazole'

2018-05-17 13:14:56 - [MESSAGE][PASSED] - All options with index in [37] are selected on object 'Object Repository/PharmacyRequest/Page_KDMC-Pharmacy/select_--Select--Albendazole'

2018-05-17 13:14:56 - [TEST_STEP][PASSED] - delay: Delayed 1 second(s)

2018-05-17 13:14:57 - [MESSAGE][PASSED] - Delayed 1 second(s)

2018-05-17 13:14:57 - [TEST_STEP][PASSED] - setText: Text '10' is set on object 'Object Repository/PharmacyRequest/Page_KDMC-Pharmacy/input_txttreat'

2018-05-17 13:14:57 - [MESSAGE][PASSED] - Text '10' is set on object 'Object Repository/PharmacyRequest/Page_KDMC-Pharmacy/input_txttreat'

2018-05-17 13:14:57 - [TEST_STEP][PASSED] - click: Object: 'Object Repository/PharmacyRequest/Page_KDMC-Pharmacy/button_Add' is clicked on

2018-05-17 13:14:57 - [MESSAGE][PASSED] - Object: 'Object Repository/PharmacyRequest/Page_KDMC-Pharmacy/button_Add' is clicked on

2018-05-17 13:14:57 - [TEST_STEP][PASSED] - selectOptionByIndex: All options with index in [2] are selected on object 'Object Repository/PharmacyRequest/Page_KDMC-Pharmacy/select_--Select--Schedule 1Inj'

2018-05-17 13:14:57 - [MESSAGE][PASSED] - All options with index in [2] are selected on object 'Object Repository/PharmacyRequest/Page_KDMC-Pharmacy/select_--Select--Schedule 1Inj'

2018-05-17 13:14:57 - [TEST_STEP][PASSED] - selectOptionByIndex: All options with index in [38] are selected on object 'Object Repository/PharmacyRequest/Page_KDMC-Pharmacy/select_--Select--Albendazole'

2018-05-17 13:14:58 - [MESSAGE][PASSED] - All options with index in [38] are selected on object 'Object Repository/PharmacyRequest/Page_KDMC-Pharmacy/select_--Select--Albendazole'

2018-05-17 13:14:58 - [TEST_STEP][PASSED] - delay: Delayed 1 second(s)

2018-05-17 13:14:59 - [MESSAGE][PASSED] - Delayed 1 second(s)

2018-05-17 13:14:59 - [TEST_STEP][PASSED] - setText: Text '10' is set on object 'Object Repository/PharmacyRequest/Page_KDMC-Pharmacy/input_txttreat'

2018-05-17 13:14:59 - [MESSAGE][PASSED] - Text '10' is set on object 'Object Repository/PharmacyRequest/Page_KDMC-Pharmacy/input_txttreat'

2018-05-17 13:14:59 - [TEST_STEP][PASSED] - click: Object: 'Object Repository/PharmacyRequest/Page_KDMC-Pharmacy/button_Add' is clicked on

2018-05-17 13:14:59 - [MESSAGE][PASSED] - Object: 'Object Repository/PharmacyRequest/Page_KDMC-Pharmacy/button_Add' is clicked on

2018-05-17 13:14:59 - [TEST_STEP][PASSED] - selectOptionByIndex: All options with index in [2] are selected on object 'Object Repository/PharmacyRequest/Page_KDMC-Pharmacy/select_--Select--Schedule 1Inj'

2018-05-17 13:14:59 - [MESSAGE][PASSED] - All options with index in [2] are selected on object 'Object Repository/PharmacyRequest/Page_KDMC-Pharmacy/select_--Select--Schedule 1Inj'

2018-05-17 13:14:59 - [TEST_STEP][PASSED] - selectOptionByIndex: All options with index in [39] are selected on object 'Object Repository/PharmacyRequest/Page_KDMC-Pharmacy/select_--Select--Albendazole'

2018-05-17 13:14:59 - [MESSAGE][PASSED] - All options with index in [39] are selected on object 'Object Repository/PharmacyRequest/Page_KDMC-Pharmacy/select_--Select--Albendazole'

2018-05-17 13:14:59 - [TEST_STEP][PASSED] - delay: Delayed 1 second(s)

2018-05-17 13:15:00 - [MESSAGE][PASSED] - Delayed 1 second(s)

2018-05-17 13:15:00 - [TEST_STEP][PASSED] - setText: Text '10' is set on object 'Object Repository/PharmacyRequest/Page_KDMC-Pharmacy/input_txttreat'

2018-05-17 13:15:01 - [MESSAGE][PASSED] - Text '10' is set on object 'Object Repository/PharmacyRequest/Page_KDMC-Pharmacy/input_txttreat'

2018-05-17 13:15:01 - [TEST_STEP][PASSED] - click: Object: 'Object Repository/PharmacyRequest/Page_KDMC-Pharmacy/button_Add' is clicked on

2018-05-17 13:15:01 - [MESSAGE][PASSED] - Object: 'Object Repository/PharmacyRequest/Page_KDMC-Pharmacy/button_Add' is clicked on

2018-05-17 13:15:01 - [TEST_STEP][PASSED] - selectOptionByIndex: All options with index in [2] are selected on object 'Object Repository/PharmacyRequest/Page_KDMC-Pharmacy/select_--Select--Schedule 1Inj'

2018-05-17 13:15:01 - [MESSAGE][PASSED] - All options with index in [2] are selected on object 'Object Repository/PharmacyRequest/Page_KDMC-Pharmacy/select_--Select--Schedule 1Inj'

2018-05-17 13:15:01 - [TEST_STEP][PASSED] - selectOptionByIndex: All options with index in [40] are selected on object 'Object Repository/PharmacyRequest/Page_KDMC-Pharmacy/select_--Select--Albendazole'

2018-05-17 13:15:01 - [MESSAGE][PASSED] - All options with index in [40] are selected on object 'Object Repository/PharmacyRequest/Page_KDMC-Pharmacy/select_--Select--Albendazole'

2018-05-17 13:15:01 - [TEST_STEP][PASSED] - delay: Delayed 1 second(s)

2018-05-17 13:15:02 - [MESSAGE][PASSED] - Delayed 1 second(s)

2018-05-17 13:15:02 - [TEST_STEP][PASSED] - setText: Text '10' is set on object 'Object Repository/PharmacyRequest/Page_KDMC-Pharmacy/input_txttreat'

2018-05-17 13:15:02 - [MESSAGE][PASSED] - Text '10' is set on object 'Object Repository/PharmacyRequest/Page_KDMC-Pharmacy/input_txttreat'

2018-05-17 13:15:02 - [TEST_STEP][PASSED] - click: Object: 'Object Repository/PharmacyRequest/Page_KDMC-Pharmacy/button_Add' is clicked on

2018-05-17 13:15:02 - [MESSAGE][PASSED] - Object: 'Object Repository/PharmacyRequest/Page_KDMC-Pharmacy/button_Add' is clicked on

2018-05-17 13:15:02 - [TEST_STEP][PASSED] - selectOptionByIndex: All options with index in [2] are selected on object 'Object Repository/PharmacyRequest/Page_KDMC-Pharmacy/select_--Select--Schedule 1Inj'

2018-05-17 13:15:02 - [MESSAGE][PASSED] - All options with index in [2] are selected on object 'Object Repository/PharmacyRequest/Page_KDMC-Pharmacy/select_--Select--Schedule 1Inj'

2018-05-17 13:15:02 - [TEST_STEP][PASSED] - selectOptionByIndex: All options with index in [41] are selected on object 'Object Repository/PharmacyRequest/Page_KDMC-Pharmacy/select_--Select--Albendazole'

2018-05-17 13:15:03 - [MESSAGE][PASSED] - All options with index in [41] are selected on object 'Object Repository/PharmacyRequest/Page_KDMC-Pharmacy/select_--Select--Albendazole'

2018-05-17 13:15:03 - [TEST_STEP][PASSED] - delay: Delayed 1 second(s)

2018-05-17 13:15:04 - [MESSAGE][PASSED] - Delayed 1 second(s)

2018-05-17 13:15:04 - [TEST_STEP][PASSED] - setText: Text '10' is set on object 'Object Repository/PharmacyRequest/Page_KDMC-Pharmacy/input_txttreat'

2018-05-17 13:15:04 - [MESSAGE][PASSED] - Text '10' is set on object 'Object Repository/PharmacyRequest/Page_KDMC-Pharmacy/input_txttreat'

2018-05-17 13:15:04 - [TEST_STEP][PASSED] - click: Object: 'Object Repository/PharmacyRequest/Page_KDMC-Pharmacy/button_Add' is clicked on

2018-05-17 13:15:04 - [MESSAGE][PASSED] - Object: 'Object Repository/PharmacyRequest/Page_KDMC-Pharmacy/button_Add' is clicked on

2018-05-17 13:15:04 - [TEST_STEP][PASSED] - selectOptionByIndex: All options with index in [2] are selected on object 'Object Repository/PharmacyRequest/Page_KDMC-Pharmacy/select_--Select--Schedule 1Inj'

2018-05-17 13:15:04 - [MESSAGE][PASSED] - All options with index in [2] are selected on object 'Object Repository/PharmacyRequest/Page_KDMC-Pharmacy/select_--Select--Schedule 1Inj'

2018-05-17 13:15:04 - [TEST_STEP][PASSED] - selectOptionByIndex: All options with index in [42] are selected on object 'Object Repository/PharmacyRequest/Page_KDMC-Pharmacy/select_--Select--Albendazole'

2018-05-17 13:15:05 - [MESSAGE][PASSED] - All options with index in [42] are selected on object 'Object Repository/PharmacyRequest/Page_KDMC-Pharmacy/select_--Select--Albendazole'

2018-05-17 13:15:05 - [TEST_STEP][PASSED] - delay: Delayed 1 second(s)

2018-05-17 13:15:06 - [MESSAGE][PASSED] - Delayed 1 second(s)

2018-05-17 13:15:06 - [TEST_STEP][PASSED] - setText: Text '10' is set on object 'Object Repository/PharmacyRequest/Page_KDMC-Pharmacy/input_txttreat'

2018-05-17 13:15:06 - [MESSAGE][PASSED] - Text '10' is set on object 'Object Repository/PharmacyRequest/Page_KDMC-Pharmacy/input_txttreat'

2018-05-17 13:15:06 - [TEST_STEP][PASSED] - click: Object: 'Object Repository/PharmacyRequest/Page_KDMC-Pharmacy/button_Add' is clicked on

2018-05-17 13:15:06 - [MESSAGE][PASSED] - Object: 'Object Repository/PharmacyRequest/Page_KDMC-Pharmacy/button_Add' is clicked on

2018-05-17 13:15:06 - [TEST_STEP][PASSED] - selectOptionByIndex: All options with index in [2] are selected on object 'Object Repository/PharmacyRequest/Page_KDMC-Pharmacy/select_--Select--Schedule 1Inj'

2018-05-17 13:15:06 - [MESSAGE][PASSED] - All options with index in [2] are selected on object 'Object Repository/PharmacyRequest/Page_KDMC-Pharmacy/select_--Select--Schedule 1Inj'

2018-05-17 13:15:06 - [TEST_STEP][PASSED] - selectOptionByIndex: All options with index in [43] are selected on object 'Object Repository/PharmacyRequest/Page_KDMC-Pharmacy/select_--Select--Albendazole'

2018-05-17 13:15:06 - [MESSAGE][PASSED] - All options with index in [43] are selected on object 'Object Repository/PharmacyRequest/Page_KDMC-Pharmacy/select_--Select--Albendazole'

2018-05-17 13:15:06 - [TEST_STEP][PASSED] - delay: Delayed 1 second(s)

2018-05-17 13:15:07 - [MESSAGE][PASSED] - Delayed 1 second(s)

2018-05-17 13:15:07 - [TEST_STEP][PASSED] - setText: Text '10' is set on object 'Object Repository/PharmacyRequest/Page_KDMC-Pharmacy/input_txttreat'

2018-05-17 13:15:07 - [MESSAGE][PASSED] - Text '10' is set on object 'Object Repository/PharmacyRequest/Page_KDMC-Pharmacy/input_txttreat'

2018-05-17 13:15:07 - [TEST_STEP][PASSED] - click: Object: 'Object Repository/PharmacyRequest/Page_KDMC-Pharmacy/button_Add' is clicked on

2018-05-17 13:15:07 - [MESSAGE][PASSED] - Object: 'Object Repository/PharmacyRequest/Page_KDMC-Pharmacy/button_Add' is clicked on

2018-05-17 13:15:07 - [TEST_STEP][PASSED] - selectOptionByIndex: All options with index in [2] are selected on object 'Object Repository/PharmacyRequest/Page_KDMC-Pharmacy/select_--Select--Schedule 1Inj'

2018-05-17 13:15:08 - [MESSAGE][PASSED] - All options with index in [2] are selected on object 'Object Repository/PharmacyRequest/Page_KDMC-Pharmacy/select_--Select--Schedule 1Inj'

2018-05-17 13:15:08 - [TEST_STEP][PASSED] - selectOptionByIndex: All options with index in [44] are selected on object 'Object Repository/PharmacyRequest/Page_KDMC-Pharmacy/select_--Select--Albendazole'

2018-05-17 13:15:08 - [MESSAGE][PASSED] - All options with index in [44] are selected on object 'Object Repository/PharmacyRequest/Page_KDMC-Pharmacy/select_--Select--Albendazole'

2018-05-17 13:15:08 - [TEST_STEP][PASSED] - delay: Delayed 1 second(s)

2018-05-17 13:15:09 - [MESSAGE][PASSED] - Delayed 1 second(s)

2018-05-17 13:15:09 - [TEST_STEP][PASSED] - setText: Text '10' is set on object 'Object Repository/PharmacyRequest/Page_KDMC-Pharmacy/input_txttreat'

2018-05-17 13:15:09 - [MESSAGE][PASSED] - Text '10' is set on object 'Object Repository/PharmacyRequest/Page_KDMC-Pharmacy/input_txttreat'

2018-05-17 13:15:09 - [TEST_STEP][PASSED] - click: Object: 'Object Repository/PharmacyRequest/Page_KDMC-Pharmacy/button_Add' is clicked on

2018-05-17 13:15:09 - [MESSAGE][PASSED] - Object: 'Object Repository/PharmacyRequest/Page_KDMC-Pharmacy/button_Add' is clicked on

2018-05-17 13:15:09 - [TEST_STEP][PASSED] - selectOptionByIndex: All options with index in [2] are selected on object 'Object Repository/PharmacyRequest/Page_KDMC-Pharmacy/select_--Select--Schedule 1Inj'

2018-05-17 13:15:09 - [MESSAGE][PASSED] - All options with index in [2] are selected on object 'Object Repository/PharmacyRequest/Page_KDMC-Pharmacy/select_--Select--Schedule 1Inj'

2018-05-17 13:15:09 - [TEST_STEP][PASSED] - selectOptionByIndex: All options with index in [45] are selected on object 'Object Repository/PharmacyRequest/Page_KDMC-Pharmacy/select_--Select--Albendazole'

2018-05-17 13:15:10 - [MESSAGE][PASSED] - All options with index in [45] are selected on object 'Object Repository/PharmacyRequest/Page_KDMC-Pharmacy/select_--Select--Albendazole'

2018-05-17 13:15:10 - [TEST_STEP][PASSED] - delay: Delayed 1 second(s)

2018-05-17 13:15:11 - [MESSAGE][PASSED] - Delayed 1 second(s)

2018-05-17 13:15:11 - [TEST_STEP][PASSED] - setText: Text '10' is set on object 'Object Repository/PharmacyRequest/Page_KDMC-Pharmacy/input_txttreat'

2018-05-17 13:15:11 - [MESSAGE][PASSED] - Text '10' is set on object 'Object Repository/PharmacyRequest/Page_KDMC-Pharmacy/input_txttreat'

2018-05-17 13:15:11 - [TEST_STEP][PASSED] - click: Object: 'Object Repository/PharmacyRequest/Page_KDMC-Pharmacy/button_Add' is clicked on

2018-05-17 13:15:11 - [MESSAGE][PASSED] - Object: 'Object Repository/PharmacyRequest/Page_KDMC-Pharmacy/button_Add' is clicked on

2018-05-17 13:15:11 - [TEST_STEP][PASSED] - selectOptionByIndex: All options with index in [2] are selected on object 'Object Repository/PharmacyRequest/Page_KDMC-Pharmacy/select_--Select--Schedule 1Inj'

2018-05-17 13:15:11 - [MESSAGE][PASSED] - All options with index in [2] are selected on object 'Object Repository/PharmacyRequest/Page_KDMC-Pharmacy/select_--Select--Schedule 1Inj'

2018-05-17 13:15:11 - [TEST_STEP][PASSED] - selectOptionByIndex: All options with index in [46] are selected on object 'Object Repository/PharmacyRequest/Page_KDMC-Pharmacy/select_--Select--Albendazole'

2018-05-17 13:15:11 - [MESSAGE][PASSED] - All options with index in [46] are selected on object 'Object Repository/PharmacyRequest/Page_KDMC-Pharmacy/select_--Select--Albendazole'

2018-05-17 13:15:11 - [TEST_STEP][PASSED] - delay: Delayed 1 second(s)

2018-05-17 13:15:13 - [MESSAGE][PASSED] - Delayed 1 second(s)

2018-05-17 13:15:13 - [TEST_STEP][PASSED] - setText: Text '10' is set on object 'Object Repository/PharmacyRequest/Page_KDMC-Pharmacy/input_txttreat'

2018-05-17 13:15:13 - [MESSAGE][PASSED] - Text '10' is set on object 'Object Repository/PharmacyRequest/Page_KDMC-Pharmacy/input_txttreat'

2018-05-17 13:15:13 - [TEST_STEP][PASSED] - click: Object: 'Object Repository/PharmacyRequest/Page_KDMC-Pharmacy/button_Add' is clicked on

2018-05-17 13:15:13 - [MESSAGE][PASSED] - Object: 'Object Repository/PharmacyRequest/Page_KDMC-Pharmacy/button_Add' is clicked on

2018-05-17 13:15:13 - [TEST_STEP][PASSED] - selectOptionByIndex: All options with index in [2] are selected on object 'Object Repository/PharmacyRequest/Page_KDMC-Pharmacy/select_--Select--Schedule 1Inj'

2018-05-17 13:15:13 - [MESSAGE][PASSED] - All options with index in [2] are selected on object 'Object Repository/PharmacyRequest/Page_KDMC-Pharmacy/select_--Select--Schedule 1Inj'

2018-05-17 13:15:13 - [TEST_STEP][PASSED] - selectOptionByIndex: All options with index in [47] are selected on object 'Object Repository/PharmacyRequest/Page_KDMC-Pharmacy/select_--Select--Albendazole'

2018-05-17 13:15:13 - [MESSAGE][PASSED] - All options with index in [47] are selected on object 'Object Repository/PharmacyRequest/Page_KDMC-Pharmacy/select_--Select--Albendazole'

2018-05-17 13:15:13 - [TEST_STEP][PASSED] - delay: Delayed 1 second(s)

2018-05-17 13:15:14 - [MESSAGE][PASSED] - Delayed 1 second(s)

2018-05-17 13:15:14 - [TEST_STEP][PASSED] - setText: Text '10' is set on object 'Object Repository/PharmacyRequest/Page_KDMC-Pharmacy/input_txttreat'

2018-05-17 13:15:14 - [MESSAGE][PASSED] - Text '10' is set on object 'Object Repository/PharmacyRequest/Page_KDMC-Pharmacy/input_txttreat'

2018-05-17 13:15:14 - [TEST_STEP][PASSED] - click: Object: 'Object Repository/PharmacyRequest/Page_KDMC-Pharmacy/button_Add' is clicked on

2018-05-17 13:15:14 - [MESSAGE][PASSED] - Object: 'Object Repository/PharmacyRequest/Page_KDMC-Pharmacy/button_Add' is clicked on

2018-05-17 13:15:14 - [TEST_STEP][PASSED] - selectOptionByIndex: All options with index in [2] are selected on object 'Object Repository/PharmacyRequest/Page_KDMC-Pharmacy/select_--Select--Schedule 1Inj'

2018-05-17 13:15:14 - [MESSAGE][PASSED] - All options with index in [2] are selected on object 'Object Repository/PharmacyRequest/Page_KDMC-Pharmacy/select_--Select--Schedule 1Inj'

2018-05-17 13:15:14 - [TEST_STEP][PASSED] - selectOptionByIndex: All options with index in [48] are selected on object 'Object Repository/PharmacyRequest/Page_KDMC-Pharmacy/select_--Select--Albendazole'

2018-05-17 13:15:15 - [MESSAGE][PASSED] - All options with index in [48] are selected on object 'Object Repository/PharmacyRequest/Page_KDMC-Pharmacy/select_--Select--Albendazole'

2018-05-17 13:15:15 - [TEST_STEP][PASSED] - delay: Delayed 1 second(s)

2018-05-17 13:15:16 - [MESSAGE][PASSED] - Delayed 1 second(s)

2018-05-17 13:15:16 - [TEST_STEP][PASSED] - setText: Text '10' is set on object 'Object Repository/PharmacyRequest/Page_KDMC-Pharmacy/input_txttreat'

2018-05-17 13:15:16 - [MESSAGE][PASSED] - Text '10' is set on object 'Object Repository/PharmacyRequest/Page_KDMC-Pharmacy/input_txttreat'

2018-05-17 13:15:16 - [TEST_STEP][PASSED] - click: Object: 'Object Repository/PharmacyRequest/Page_KDMC-Pharmacy/button_Add' is clicked on

2018-05-17 13:15:16 - [MESSAGE][PASSED] - Object: 'Object Repository/PharmacyRequest/Page_KDMC-Pharmacy/button_Add' is clicked on

2018-05-17 13:15:16 - [TEST_STEP][PASSED] - selectOptionByIndex: All options with index in [2] are selected on object 'Object Repository/PharmacyRequest/Page_KDMC-Pharmacy/select_--Select--Schedule 1Inj'

2018-05-17 13:15:16 - [MESSAGE][PASSED] - All options with index in [2] are selected on object 'Object Repository/PharmacyRequest/Page_KDMC-Pharmacy/select_--Select--Schedule 1Inj'

2018-05-17 13:15:16 - [TEST_STEP][PASSED] - selectOptionByIndex: All options with index in [49] are selected on object 'Object Repository/PharmacyRequest/Page_KDMC-Pharmacy/select_--Select--Albendazole'

2018-05-17 13:15:17 - [MESSAGE][PASSED] - All options with index in [49] are selected on object 'Object Repository/PharmacyRequest/Page_KDMC-Pharmacy/select_--Select--Albendazole'

2018-05-17 13:15:17 - [TEST_STEP][PASSED] - delay: Delayed 1 second(s)

2018-05-17 13:15:18 - [MESSAGE][PASSED] - Delayed 1 second(s)

2018-05-17 13:15:18 - [TEST_STEP][PASSED] - setText: Text '10' is set on object 'Object Repository/PharmacyRequest/Page_KDMC-Pharmacy/input_txttreat'

2018-05-17 13:15:18 - [MESSAGE][PASSED] - Text '10' is set on object 'Object Repository/PharmacyRequest/Page_KDMC-Pharmacy/input_txttreat'

2018-05-17 13:15:18 - [TEST_STEP][PASSED] - click: Object: 'Object Repository/PharmacyRequest/Page_KDMC-Pharmacy/button_Add' is clicked on

2018-05-17 13:15:18 - [MESSAGE][PASSED] - Object: 'Object Repository/PharmacyRequest/Page_KDMC-Pharmacy/button_Add' is clicked on

2018-05-17 13:15:18 - [TEST_STEP][PASSED] - selectOptionByIndex: All options with index in [2] are selected on object 'Object Repository/PharmacyRequest/Page_KDMC-Pharmacy/select_--Select--Schedule 1Inj'

2018-05-17 13:15:18 - [MESSAGE][PASSED] - All options with index in [2] are selected on object 'Object Repository/PharmacyRequest/Page_KDMC-Pharmacy/select_--Select--Schedule 1Inj'

2018-05-17 13:15:18 - [TEST_STEP][PASSED] - selectOptionByIndex: All options with index in [50] are selected on object 'Object Repository/PharmacyRequest/Page_KDMC-Pharmacy/select_--Select--Albendazole'

2018-05-17 13:15:19 - [MESSAGE][PASSED] - All options with index in [50] are selected on object 'Object Repository/PharmacyRequest/Page_KDMC-Pharmacy/select_--Select--Albendazole'

2018-05-17 13:15:19 - [TEST_STEP][PASSED] - delay: Delayed 1 second(s)

2018-05-17 13:15:20 - [MESSAGE][PASSED] - Delayed 1 second(s)

2018-05-17 13:15:20 - [TEST_STEP][PASSED] - setText: Text '10' is set on object 'Object Repository/PharmacyRequest/Page_KDMC-Pharmacy/input_txttreat'

2018-05-17 13:15:20 - [MESSAGE][PASSED] - Text '10' is set on object 'Object Repository/PharmacyRequest/Page_KDMC-Pharmacy/input_txttreat'

2018-05-17 13:15:20 - [TEST_STEP][PASSED] - click: Object: 'Object Repository/PharmacyRequest/Page_KDMC-Pharmacy/button_Add' is clicked on

2018-05-17 13:15:20 - [MESSAGE][PASSED] - Object: 'Object Repository/PharmacyRequest/Page_KDMC-Pharmacy/button_Add' is clicked on

2018-05-17 13:15:20 - [TEST_STEP][PASSED] - selectOptionByIndex: All options with index in [2] are selected on object 'Object Repository/PharmacyRequest/Page_KDMC-Pharmacy/select_--Select--Schedule 1Inj'

2018-05-17 13:15:20 - [MESSAGE][PASSED] - All options with index in [2] are selected on object 'Object Repository/PharmacyRequest/Page_KDMC-Pharmacy/select_--Select--Schedule 1Inj'

2018-05-17 13:15:20 - [TEST_STEP][PASSED] - selectOptionByIndex: All options with index in [51] are selected on object 'Object Repository/PharmacyRequest/Page_KDMC-Pharmacy/select_--Select--Albendazole'

2018-05-17 13:15:20 - [MESSAGE][PASSED] - All options with index in [51] are selected on object 'Object Repository/PharmacyRequest/Page_KDMC-Pharmacy/select_--Select--Albendazole'

2018-05-17 13:15:20 - [TEST_STEP][PASSED] - delay: Delayed 1 second(s)

2018-05-17 13:15:21 - [MESSAGE][PASSED] - Delayed 1 second(s)

2018-05-17 13:15:21 - [TEST_STEP][PASSED] - setText: Text '10' is set on object 'Object Repository/PharmacyRequest/Page_KDMC-Pharmacy/input_txttreat'

2018-05-17 13:15:21 - [MESSAGE][PASSED] - Text '10' is set on object 'Object Repository/PharmacyRequest/Page_KDMC-Pharmacy/input_txttreat'

2018-05-17 13:15:21 - [TEST_STEP][PASSED] - click: Object: 'Object Repository/PharmacyRequest/Page_KDMC-Pharmacy/button_Add' is clicked on

2018-05-17 13:15:21 - [MESSAGE][PASSED] - Object: 'Object Repository/PharmacyRequest/Page_KDMC-Pharmacy/button_Add' is clicked on

2018-05-17 13:15:21 - [TEST_STEP][PASSED] - selectOptionByIndex: All options with index in [2] are selected on object 'Object Repository/PharmacyRequest/Page_KDMC-Pharmacy/select_--Select--Schedule 1Inj'

2018-05-17 13:15:22 - [MESSAGE][PASSED] - All options with index in [2] are selected on object 'Object Repository/PharmacyRequest/Page_KDMC-Pharmacy/select_--Select--Schedule 1Inj'

2018-05-17 13:15:22 - [TEST_STEP][PASSED] - selectOptionByIndex: All options with index in [52] are selected on object 'Object Repository/PharmacyRequest/Page_KDMC-Pharmacy/select_--Select--Albendazole'

2018-05-17 13:15:22 - [MESSAGE][PASSED] - All options with index in [52] are selected on object 'Object Repository/PharmacyRequest/Page_KDMC-Pharmacy/select_--Select--Albendazole'

2018-05-17 13:15:22 - [TEST_STEP][PASSED] - delay: Delayed 1 second(s)

2018-05-17 13:15:23 - [MESSAGE][PASSED] - Delayed 1 second(s)

2018-05-17 13:15:23 - [TEST_STEP][PASSED] - setText: Text '10' is set on object 'Object Repository/PharmacyRequest/Page_KDMC-Pharmacy/input_txttreat'

2018-05-17 13:15:23 - [MESSAGE][PASSED] - Text '10' is set on object 'Object Repository/PharmacyRequest/Page_KDMC-Pharmacy/input_txttreat'

2018-05-17 13:15:23 - [TEST_STEP][PASSED] - click: Object: 'Object Repository/PharmacyRequest/Page_KDMC-Pharmacy/button_Add' is clicked on

2018-05-17 13:15:23 - [MESSAGE][PASSED] - Object: 'Object Repository/PharmacyRequest/Page_KDMC-Pharmacy/button_Add' is clicked on

2018-05-17 13:15:23 - [TEST_STEP][PASSED] - selectOptionByIndex: All options with index in [2] are selected on object 'Object Repository/PharmacyRequest/Page_KDMC-Pharmacy/select_--Select--Schedule 1Inj'

2018-05-17 13:15:23 - [MESSAGE][PASSED] - All options with index in [2] are selected on object 'Object Repository/PharmacyRequest/Page_KDMC-Pharmacy/select_--Select--Schedule 1Inj'

2018-05-17 13:15:23 - [TEST_STEP][PASSED] - selectOptionByIndex: All options with index in [53] are selected on object 'Object Repository/PharmacyRequest/Page_KDMC-Pharmacy/select_--Select--Albendazole'

2018-05-17 13:15:24 - [MESSAGE][PASSED] - All options with index in [53] are selected on object 'Object Repository/PharmacyRequest/Page_KDMC-Pharmacy/select_--Select--Albendazole'

2018-05-17 13:15:24 - [TEST_STEP][PASSED] - delay: Delayed 1 second(s)

2018-05-17 13:15:25 - [MESSAGE][PASSED] - Delayed 1 second(s)

2018-05-17 13:15:25 - [TEST_STEP][PASSED] - setText: Text '10' is set on object 'Object Repository/PharmacyRequest/Page_KDMC-Pharmacy/input_txttreat'

2018-05-17 13:15:25 - [MESSAGE][PASSED] - Text '10' is set on object 'Object Repository/PharmacyRequest/Page_KDMC-Pharmacy/input_txttreat'

2018-05-17 13:15:25 - [TEST_STEP][PASSED] - click: Object: 'Object Repository/PharmacyRequest/Page_KDMC-Pharmacy/button_Add' is clicked on

2018-05-17 13:15:25 - [MESSAGE][PASSED] - Object: 'Object Repository/PharmacyRequest/Page_KDMC-Pharmacy/button_Add' is clicked on

2018-05-17 13:15:25 - [TEST_STEP][PASSED] - selectOptionByIndex: All options with index in [2] are selected on object 'Object Repository/PharmacyRequest/Page_KDMC-Pharmacy/select_--Select--Schedule 1Inj'

2018-05-17 13:15:25 - [MESSAGE][PASSED] - All options with index in [2] are selected on object 'Object Repository/PharmacyRequest/Page_KDMC-Pharmacy/select_--Select--Schedule 1Inj'

2018-05-17 13:15:25 - [TEST_STEP][PASSED] - selectOptionByIndex: All options with index in [54] are selected on object 'Object Repository/PharmacyRequest/Page_KDMC-Pharmacy/select_--Select--Albendazole'

2018-05-17 13:15:26 - [MESSAGE][PASSED] - All options with index in [54] are selected on object 'Object Repository/PharmacyRequest/Page_KDMC-Pharmacy/select_--Select--Albendazole'

2018-05-17 13:15:26 - [TEST_STEP][PASSED] - delay: Delayed 1 second(s)

2018-05-17 13:15:27 - [MESSAGE][PASSED] - Delayed 1 second(s)

2018-05-17 13:15:27 - [TEST_STEP][PASSED] - setText: Text '10' is set on object 'Object Repository/PharmacyRequest/Page_KDMC-Pharmacy/input_txttreat'

2018-05-17 13:15:27 - [MESSAGE][PASSED] - Text '10' is set on object 'Object Repository/PharmacyRequest/Page_KDMC-Pharmacy/input_txttreat'

2018-05-17 13:15:27 - [TEST_STEP][PASSED] - click: Object: 'Object Repository/PharmacyRequest/Page_KDMC-Pharmacy/button_Add' is clicked on

2018-05-17 13:15:27 - [MESSAGE][PASSED] - Object: 'Object Repository/PharmacyRequest/Page_KDMC-Pharmacy/button_Add' is clicked on

2018-05-17 13:15:27 - [TEST_STEP][PASSED] - selectOptionByIndex: All options with index in [2] are selected on object 'Object Repository/PharmacyRequest/Page_KDMC-Pharmacy/select_--Select--Schedule 1Inj'

2018-05-17 13:15:27 - [MESSAGE][PASSED] - All options with index in [2] are selected on object 'Object Repository/PharmacyRequest/Page_KDMC-Pharmacy/select_--Select--Schedule 1Inj'

2018-05-17 13:15:27 - [TEST_STEP][PASSED] - selectOptionByIndex: All options with index in [55] are selected on object 'Object Repository/PharmacyRequest/Page_KDMC-Pharmacy/select_--Select--Albendazole'

2018-05-17 13:15:28 - [MESSAGE][PASSED] - All options with index in [55] are selected on object 'Object Repository/PharmacyRequest/Page_KDMC-Pharmacy/select_--Select--Albendazole'

2018-05-17 13:15:28 - [TEST_STEP][PASSED] - delay: Delayed 1 second(s)

2018-05-17 13:15:29 - [MESSAGE][PASSED] - Delayed 1 second(s)

2018-05-17 13:15:29 - [TEST_STEP][PASSED] - setText: Text '10' is set on object 'Object Repository/PharmacyRequest/Page_KDMC-Pharmacy/input_txttreat'

2018-05-17 13:15:29 - [MESSAGE][PASSED] - Text '10' is set on object 'Object Repository/PharmacyRequest/Page_KDMC-Pharmacy/input_txttreat'

2018-05-17 13:15:29 - [TEST_STEP][PASSED] - click: Object: 'Object Repository/PharmacyRequest/Page_KDMC-Pharmacy/button_Add' is clicked on

2018-05-17 13:15:29 - [MESSAGE][PASSED] - Object: 'Object Repository/PharmacyRequest/Page_KDMC-Pharmacy/button_Add' is clicked on

2018-05-17 13:15:29 - [TEST_STEP][PASSED] - selectOptionByIndex: All options with index in [2] are selected on object 'Object Repository/PharmacyRequest/Page_KDMC-Pharmacy/select_--Select--Schedule 1Inj'

2018-05-17 13:15:29 - [MESSAGE][PASSED] - All options with index in [2] are selected on object 'Object Repository/PharmacyRequest/Page_KDMC-Pharmacy/select_--Select--Schedule 1Inj'

2018-05-17 13:15:29 - [TEST_STEP][PASSED] - selectOptionByIndex: All options with index in [56] are selected on object 'Object Repository/PharmacyRequest/Page_KDMC-Pharmacy/select_--Select--Albendazole'

2018-05-17 13:15:29 - [MESSAGE][PASSED] - All options with index in [56] are selected on object 'Object Repository/PharmacyRequest/Page_KDMC-Pharmacy/select_--Select--Albendazole'

2018-05-17 13:15:29 - [TEST_STEP][PASSED] - delay: Delayed 1 second(s)

2018-05-17 13:15:30 - [MESSAGE][PASSED] - Delayed 1 second(s)

2018-05-17 13:15:30 - [TEST_STEP][PASSED] - setText: Text '10' is set on object 'Object Repository/PharmacyRequest/Page_KDMC-Pharmacy/input_txttreat'

2018-05-17 13:15:31 - [MESSAGE][PASSED] - Text '10' is set on object 'Object Repository/PharmacyRequest/Page_KDMC-Pharmacy/input_txttreat'

2018-05-17 13:15:31 - [TEST_STEP][PASSED] - click: Object: 'Object Repository/PharmacyRequest/Page_KDMC-Pharmacy/button_Add' is clicked on

2018-05-17 13:15:31 - [MESSAGE][PASSED] - Object: 'Object Repository/PharmacyRequest/Page_KDMC-Pharmacy/button_Add' is clicked on

2018-05-17 13:15:31 - [TEST_STEP][PASSED] - selectOptionByIndex: All options with index in [2] are selected on object 'Object Repository/PharmacyRequest/Page_KDMC-Pharmacy/select_--Select--Schedule 1Inj'

2018-05-17 13:15:31 - [MESSAGE][PASSED] - All options with index in [2] are selected on object 'Object Repository/PharmacyRequest/Page_KDMC-Pharmacy/select_--Select--Schedule 1Inj'

2018-05-17 13:15:31 - [TEST_STEP][PASSED] - selectOptionByIndex: All options with index in [57] are selected on object 'Object Repository/PharmacyRequest/Page_KDMC-Pharmacy/select_--Select--Albendazole'

2018-05-17 13:15:31 - [MESSAGE][PASSED] - All options with index in [57] are selected on object 'Object Repository/PharmacyRequest/Page_KDMC-Pharmacy/select_--Select--Albendazole'

2018-05-17 13:15:31 - [TEST_STEP][PASSED] - delay: Delayed 1 second(s)

2018-05-17 13:15:32 - [MESSAGE][PASSED] - Delayed 1 second(s)

2018-05-17 13:15:32 - [TEST_STEP][PASSED] - setText: Text '10' is set on object 'Object Repository/PharmacyRequest/Page_KDMC-Pharmacy/input_txttreat'

2018-05-17 13:15:32 - [MESSAGE][PASSED] - Text '10' is set on object 'Object Repository/PharmacyRequest/Page_KDMC-Pharmacy/input_txttreat'

2018-05-17 13:15:32 - [TEST_STEP][PASSED] - click: Object: 'Object Repository/PharmacyRequest/Page_KDMC-Pharmacy/button_Add' is clicked on

2018-05-17 13:15:32 - [MESSAGE][PASSED] - Object: 'Object Repository/PharmacyRequest/Page_KDMC-Pharmacy/button_Add' is clicked on

2018-05-17 13:15:32 - [TEST_STEP][PASSED] - selectOptionByIndex: All options with index in [2] are selected on object 'Object Repository/PharmacyRequest/Page_KDMC-Pharmacy/select_--Select--Schedule 1Inj'

2018-05-17 13:15:32 - [MESSAGE][PASSED] - All options with index in [2] are selected on object 'Object Repository/PharmacyRequest/Page_KDMC-Pharmacy/select_--Select--Schedule 1Inj'

2018-05-17 13:15:32 - [TEST_STEP][PASSED] - selectOptionByIndex: All options with index in [58] are selected on object 'Object Repository/PharmacyRequest/Page_KDMC-Pharmacy/select_--Select--Albendazole'

2018-05-17 13:15:33 - [MESSAGE][PASSED] - All options with index in [58] are selected on object 'Object Repository/PharmacyRequest/Page_KDMC-Pharmacy/select_--Select--Albendazole'

2018-05-17 13:15:33 - [TEST_STEP][PASSED] - delay: Delayed 1 second(s)

2018-05-17 13:15:34 - [MESSAGE][PASSED] - Delayed 1 second(s)

2018-05-17 13:15:34 - [TEST_STEP][PASSED] - setText: Text '10' is set on object 'Object Repository/PharmacyRequest/Page_KDMC-Pharmacy/input_txttreat'

2018-05-17 13:15:34 - [MESSAGE][PASSED] - Text '10' is set on object 'Object Repository/PharmacyRequest/Page_KDMC-Pharmacy/input_txttreat'

2018-05-17 13:15:34 - [TEST_STEP][PASSED] - click: Object: 'Object Repository/PharmacyRequest/Page_KDMC-Pharmacy/button_Add' is clicked on

2018-05-17 13:15:34 - [MESSAGE][PASSED] - Object: 'Object Repository/PharmacyRequest/Page_KDMC-Pharmacy/button_Add' is clicked on

2018-05-17 13:15:34 - [TEST_STEP][PASSED] - selectOptionByIndex: All options with index in [2] are selected on object 'Object Repository/PharmacyRequest/Page_KDMC-Pharmacy/select_--Select--Schedule 1Inj'

2018-05-17 13:15:34 - [MESSAGE][PASSED] - All options with index in [2] are selected on object 'Object Repository/PharmacyRequest/Page_KDMC-Pharmacy/select_--Select--Schedule 1Inj'

2018-05-17 13:15:34 - [TEST_STEP][PASSED] - selectOptionByIndex: All options with index in [59] are selected on object 'Object Repository/PharmacyRequest/Page_KDMC-Pharmacy/select_--Select--Albendazole'

2018-05-17 13:15:35 - [MESSAGE][PASSED] - All options with index in [59] are selected on object 'Object Repository/PharmacyRequest/Page_KDMC-Pharmacy/select_--Select--Albendazole'

2018-05-17 13:15:35 - [TEST_STEP][PASSED] - delay: Delayed 1 second(s)

2018-05-17 13:15:36 - [MESSAGE][PASSED] - Delayed 1 second(s)

2018-05-17 13:15:36 - [TEST_STEP][PASSED] - setText: Text '10' is set on object 'Object Repository/PharmacyRequest/Page_KDMC-Pharmacy/input_txttreat'

2018-05-17 13:15:36 - [MESSAGE][PASSED] - Text '10' is set on object 'Object Repository/PharmacyRequest/Page_KDMC-Pharmacy/input_txttreat'

2018-05-17 13:15:36 - [TEST_STEP][PASSED] - click: Object: 'Object Repository/PharmacyRequest/Page_KDMC-Pharmacy/button_Add' is clicked on

2018-05-17 13:15:36 - [MESSAGE][PASSED] - Object: 'Object Repository/PharmacyRequest/Page_KDMC-Pharmacy/button_Add' is clicked on

2018-05-17 13:15:36 - [TEST_STEP][PASSED] - selectOptionByIndex: All options with index in [2] are selected on object 'Object Repository/PharmacyRequest/Page_KDMC-Pharmacy/select_--Select--Schedule 1Inj'

2018-05-17 13:15:36 - [MESSAGE][PASSED] - All options with index in [2] are selected on object 'Object Repository/PharmacyRequest/Page_KDMC-Pharmacy/select_--Select--Schedule 1Inj'

2018-05-17 13:15:36 - [TEST_STEP][PASSED] - selectOptionByIndex: All options with index in [60] are selected on object 'Object Repository/PharmacyRequest/Page_KDMC-Pharmacy/select_--Select--Albendazole'

2018-05-17 13:15:37 - [MESSAGE][PASSED] - All options with index in [60] are selected on object 'Object Repository/PharmacyRequest/Page_KDMC-Pharmacy/select_--Select--Albendazole'

2018-05-17 13:15:37 - [TEST_STEP][PASSED] - delay: Delayed 1 second(s)

2018-05-17 13:15:38 - [MESSAGE][PASSED] - Delayed 1 second(s)

2018-05-17 13:15:38 - [TEST_STEP][PASSED] - setText: Text '10' is set on object 'Object Repository/PharmacyRequest/Page_KDMC-Pharmacy/input_txttreat'

2018-05-17 13:15:38 - [MESSAGE][PASSED] - Text '10' is set on object 'Object Repository/PharmacyRequest/Page_KDMC-Pharmacy/input_txttreat'

2018-05-17 13:15:38 - [TEST_STEP][PASSED] - click: Object: 'Object Repository/PharmacyRequest/Page_KDMC-Pharmacy/button_Add' is clicked on

2018-05-17 13:15:38 - [MESSAGE][PASSED] - Object: 'Object Repository/PharmacyRequest/Page_KDMC-Pharmacy/button_Add' is clicked on

2018-05-17 13:15:38 - [TEST_STEP][PASSED] - selectOptionByIndex: All options with index in [2] are selected on object 'Object Repository/PharmacyRequest/Page_KDMC-Pharmacy/select_--Select--Schedule 1Inj'

2018-05-17 13:15:38 - [MESSAGE][PASSED] - All options with index in [2] are selected on object 'Object Repository/PharmacyRequest/Page_KDMC-Pharmacy/select_--Select--Schedule 1Inj'

2018-05-17 13:15:38 - [TEST_STEP][PASSED] - selectOptionByIndex: All options with index in [61] are selected on object 'Object Repository/PharmacyRequest/Page_KDMC-Pharmacy/select_--Select--Albendazole'

2018-05-17 13:15:38 - [MESSAGE][PASSED] - All options with index in [61] are selected on object 'Object Repository/PharmacyRequest/Page_KDMC-Pharmacy/select_--Select--Albendazole'

2018-05-17 13:15:38 - [TEST_STEP][PASSED] - delay: Delayed 1 second(s)

2018-05-17 13:15:39 - [MESSAGE][PASSED] - Delayed 1 second(s)

2018-05-17 13:15:39 - [TEST_STEP][PASSED] - setText: Text '10' is set on object 'Object Repository/PharmacyRequest/Page_KDMC-Pharmacy/input_txttreat'

2018-05-17 13:15:40 - [MESSAGE][PASSED] - Text '10' is set on object 'Object Repository/PharmacyRequest/Page_KDMC-Pharmacy/input_txttreat'

2018-05-17 13:15:40 - [TEST_STEP][PASSED] - click: Object: 'Object Repository/PharmacyRequest/Page_KDMC-Pharmacy/button_Add' is clicked on

2018-05-17 13:15:40 - [MESSAGE][PASSED] - Object: 'Object Repository/PharmacyRequest/Page_KDMC-Pharmacy/button_Add' is clicked on

2018-05-17 13:15:40 - [TEST_STEP][PASSED] - selectOptionByIndex: All options with index in [2] are selected on object 'Object Repository/PharmacyRequest/Page_KDMC-Pharmacy/select_--Select--Schedule 1Inj'

2018-05-17 13:15:40 - [MESSAGE][PASSED] - All options with index in [2] are selected on object 'Object Repository/PharmacyRequest/Page_KDMC-Pharmacy/select_--Select--Schedule 1Inj'

2018-05-17 13:15:40 - [TEST_STEP][PASSED] - selectOptionByIndex: All options with index in [62] are selected on object 'Object Repository/PharmacyRequest/Page_KDMC-Pharmacy/select_--Select--Albendazole'

2018-05-17 13:15:40 - [MESSAGE][PASSED] - All options with index in [62] are selected on object 'Object Repository/PharmacyRequest/Page_KDMC-Pharmacy/select_--Select--Albendazole'

2018-05-17 13:15:40 - [TEST_STEP][PASSED] - delay: Delayed 1 second(s)

2018-05-17 13:15:41 - [MESSAGE][PASSED] - Delayed 1 second(s)

2018-05-17 13:15:41 - [TEST_STEP][PASSED] - setText: Text '10' is set on object 'Object Repository/PharmacyRequest/Page_KDMC-Pharmacy/input_txttreat'

2018-05-17 13:15:41 - [MESSAGE][PASSED] - Text '10' is set on object 'Object Repository/PharmacyRequest/Page_KDMC-Pharmacy/input_txttreat'

2018-05-17 13:15:41 - [TEST_STEP][PASSED] - click: Object: 'Object Repository/PharmacyRequest/Page_KDMC-Pharmacy/button_Add' is clicked on

2018-05-17 13:15:41 - [MESSAGE][PASSED] - Object: 'Object Repository/PharmacyRequest/Page_KDMC-Pharmacy/button_Add' is clicked on

2018-05-17 13:15:41 - [TEST_STEP][PASSED] - selectOptionByIndex: All options with index in [2] are selected on object 'Object Repository/PharmacyRequest/Page_KDMC-Pharmacy/select_--Select--Schedule 1Inj'

2018-05-17 13:15:42 - [MESSAGE][PASSED] - All options with index in [2] are selected on object 'Object Repository/PharmacyRequest/Page_KDMC-Pharmacy/select_--Select--Schedule 1Inj'

2018-05-17 13:15:42 - [TEST_STEP][PASSED] - selectOptionByIndex: All options with index in [63] are selected on object 'Object Repository/PharmacyRequest/Page_KDMC-Pharmacy/select_--Select--Albendazole'

2018-05-17 13:15:42 - [MESSAGE][PASSED] - All options with index in [63] are selected on object 'Object Repository/PharmacyRequest/Page_KDMC-Pharmacy/select_--Select--Albendazole'

2018-05-17 13:15:42 - [TEST_STEP][PASSED] - delay: Delayed 1 second(s)

2018-05-17 13:15:43 - [MESSAGE][PASSED] - Delayed 1 second(s)

2018-05-17 13:15:43 - [TEST_STEP][PASSED] - setText: Text '10' is set on object 'Object Repository/PharmacyRequest/Page_KDMC-Pharmacy/input_txttreat'

2018-05-17 13:15:43 - [MESSAGE][PASSED] - Text '10' is set on object 'Object Repository/PharmacyRequest/Page_KDMC-Pharmacy/input_txttreat'

2018-05-17 13:15:43 - [TEST_STEP][PASSED] - click: Object: 'Object Repository/PharmacyRequest/Page_KDMC-Pharmacy/button_Add' is clicked on

2018-05-17 13:15:43 - [MESSAGE][PASSED] - Object: 'Object Repository/PharmacyRequest/Page_KDMC-Pharmacy/button_Add' is clicked on

2018-05-17 13:15:43 - [TEST_STEP][PASSED] - selectOptionByIndex: All options with index in [2] are selected on object 'Object Repository/PharmacyRequest/Page_KDMC-Pharmacy/select_--Select--Schedule 1Inj'

2018-05-17 13:15:43 - [MESSAGE][PASSED] - All options with index in [2] are selected on object 'Object Repository/PharmacyRequest/Page_KDMC-Pharmacy/select_--Select--Schedule 1Inj'

2018-05-17 13:15:43 - [TEST_STEP][PASSED] - selectOptionByIndex: All options with index in [64] are selected on object 'Object Repository/PharmacyRequest/Page_KDMC-Pharmacy/select_--Select--Albendazole'

2018-05-17 13:15:44 - [MESSAGE][PASSED] - All options with index in [64] are selected on object 'Object Repository/PharmacyRequest/Page_KDMC-Pharmacy/select_--Select--Albendazole'

2018-05-17 13:15:44 - [TEST_STEP][PASSED] - delay: Delayed 1 second(s)

2018-05-17 13:15:45 - [MESSAGE][PASSED] - Delayed 1 second(s)

2018-05-17 13:15:45 - [TEST_STEP][PASSED] - setText: Text '10' is set on object 'Object Repository/PharmacyRequest/Page_KDMC-Pharmacy/input_txttreat'

2018-05-17 13:15:45 - [MESSAGE][PASSED] - Text '10' is set on object 'Object Repository/PharmacyRequest/Page_KDMC-Pharmacy/input_txttreat'

2018-05-17 13:15:45 - [TEST_STEP][PASSED] - click: Object: 'Object Repository/PharmacyRequest/Page_KDMC-Pharmacy/button_Add' is clicked on

2018-05-17 13:15:45 - [MESSAGE][PASSED] - Object: 'Object Repository/PharmacyRequest/Page_KDMC-Pharmacy/button_Add' is clicked on

2018-05-17 13:15:45 - [TEST_STEP][PASSED] - selectOptionByIndex: All options with index in [2] are selected on object 'Object Repository/PharmacyRequest/Page_KDMC-Pharmacy/select_--Select--Schedule 1Inj'

2018-05-17 13:15:45 - [MESSAGE][PASSED] - All options with index in [2] are selected on object 'Object Repository/PharmacyRequest/Page_KDMC-Pharmacy/select_--Select--Schedule 1Inj'

2018-05-17 13:15:45 - [TEST_STEP][PASSED] - selectOptionByIndex: All options with index in [65] are selected on object 'Object Repository/PharmacyRequest/Page_KDMC-Pharmacy/select_--Select--Albendazole'

2018-05-17 13:15:46 - [MESSAGE][PASSED] - All options with index in [65] are selected on object 'Object Repository/PharmacyRequest/Page_KDMC-Pharmacy/select_--Select--Albendazole'

2018-05-17 13:15:46 - [TEST_STEP][PASSED] - delay: Delayed 1 second(s)

2018-05-17 13:15:47 - [MESSAGE][PASSED] - Delayed 1 second(s)

2018-05-17 13:15:47 - [TEST_STEP][PASSED] - setText: Text '10' is set on object 'Object Repository/PharmacyRequest/Page_KDMC-Pharmacy/input_txttreat'

2018-05-17 13:15:47 - [MESSAGE][PASSED] - Text '10' is set on object 'Object Repository/PharmacyRequest/Page_KDMC-Pharmacy/input_txttreat'

2018-05-17 13:15:47 - [TEST_STEP][PASSED] - click: Object: 'Object Repository/PharmacyRequest/Page_KDMC-Pharmacy/button_Add' is clicked on

2018-05-17 13:15:47 - [MESSAGE][PASSED] - Object: 'Object Repository/PharmacyRequest/Page_KDMC-Pharmacy/button_Add' is clicked on

2018-05-17 13:15:47 - [TEST_STEP][PASSED] - selectOptionByIndex: All options with index in [2] are selected on object 'Object Repository/PharmacyRequest/Page_KDMC-Pharmacy/select_--Select--Schedule 1Inj'

2018-05-17 13:15:47 - [MESSAGE][PASSED] - All options with index in [2] are selected on object 'Object Repository/PharmacyRequest/Page_KDMC-Pharmacy/select_--Select--Schedule 1Inj'

2018-05-17 13:15:47 - [TEST_STEP][PASSED] - selectOptionByIndex: All options with index in [66] are selected on object 'Object Repository/PharmacyRequest/Page_KDMC-Pharmacy/select_--Select--Albendazole'

2018-05-17 13:15:48 - [MESSAGE][PASSED] - All options with index in [66] are selected on object 'Object Repository/PharmacyRequest/Page_KDMC-Pharmacy/select_--Select--Albendazole'

2018-05-17 13:15:48 - [TEST_STEP][PASSED] - delay: Delayed 1 second(s)

2018-05-17 13:15:49 - [MESSAGE][PASSED] - Delayed 1 second(s)

2018-05-17 13:15:49 - [TEST_STEP][PASSED] - setText: Text '10' is set on object 'Object Repository/PharmacyRequest/Page_KDMC-Pharmacy/input_txttreat'

2018-05-17 13:15:49 - [MESSAGE][PASSED] - Text '10' is set on object 'Object Repository/PharmacyRequest/Page_KDMC-Pharmacy/input_txttreat'

2018-05-17 13:15:49 - [TEST_STEP][PASSED] - click: Object: 'Object Repository/PharmacyRequest/Page_KDMC-Pharmacy/button_Add' is clicked on

2018-05-17 13:15:49 - [MESSAGE][PASSED] - Object: 'Object Repository/PharmacyRequest/Page_KDMC-Pharmacy/button_Add' is clicked on

2018-05-17 13:15:49 - [TEST_STEP][PASSED] - selectOptionByIndex: All options with index in [2] are selected on object 'Object Repository/PharmacyRequest/Page_KDMC-Pharmacy/select_--Select--Schedule 1Inj'

2018-05-17 13:15:49 - [MESSAGE][PASSED] - All options with index in [2] are selected on object 'Object Repository/PharmacyRequest/Page_KDMC-Pharmacy/select_--Select--Schedule 1Inj'

2018-05-17 13:15:49 - [TEST_STEP][PASSED] - selectOptionByIndex: All options with index in [67] are selected on object 'Object Repository/PharmacyRequest/Page_KDMC-Pharmacy/select_--Select--Albendazole'

2018-05-17 13:15:50 - [MESSAGE][PASSED] - All options with index in [67] are selected on object 'Object Repository/PharmacyRequest/Page_KDMC-Pharmacy/select_--Select--Albendazole'

2018-05-17 13:15:50 - [TEST_STEP][PASSED] - delay: Delayed 1 second(s)

2018-05-17 13:15:51 - [MESSAGE][PASSED] - Delayed 1 second(s)

2018-05-17 13:15:51 - [TEST_STEP][PASSED] - setText: Text '10' is set on object 'Object Repository/PharmacyRequest/Page_KDMC-Pharmacy/input_txttreat'

2018-05-17 13:15:51 - [MESSAGE][PASSED] - Text '10' is set on object 'Object Repository/PharmacyRequest/Page_KDMC-Pharmacy/input_txttreat'

2018-05-17 13:15:51 - [TEST_STEP][PASSED] - click: Object: 'Object Repository/PharmacyRequest/Page_KDMC-Pharmacy/button_Add' is clicked on

2018-05-17 13:15:51 - [MESSAGE][PASSED] - Object: 'Object Repository/PharmacyRequest/Page_KDMC-Pharmacy/button_Add' is clicked on

2018-05-17 13:15:51 - [TEST_STEP][PASSED] - selectOptionByIndex: All options with index in [2] are selected on object 'Object Repository/PharmacyRequest/Page_KDMC-Pharmacy/select_--Select--Schedule 1Inj'

2018-05-17 13:15:51 - [MESSAGE][PASSED] - All options with index in [2] are selected on object 'Object Repository/PharmacyRequest/Page_KDMC-Pharmacy/select_--Select--Schedule 1Inj'

2018-05-17 13:15:51 - [TEST_STEP][PASSED] - selectOptionByIndex: All options with index in [68] are selected on object 'Object Repository/PharmacyRequest/Page_KDMC-Pharmacy/select_--Select--Albendazole'

2018-05-17 13:15:52 - [MESSAGE][PASSED] - All options with index in [68] are selected on object 'Object Repository/PharmacyRequest/Page_KDMC-Pharmacy/select_--Select--Albendazole'

2018-05-17 13:15:52 - [TEST_STEP][PASSED] - delay: Delayed 1 second(s)

2018-05-17 13:15:53 - [MESSAGE][PASSED] - Delayed 1 second(s)

2018-05-17 13:15:53 - [TEST_STEP][PASSED] - setText: Text '10' is set on object 'Object Repository/PharmacyRequest/Page_KDMC-Pharmacy/input_txttreat'

2018-05-17 13:15:53 - [MESSAGE][PASSED] - Text '10' is set on object 'Object Repository/PharmacyRequest/Page_KDMC-Pharmacy/input_txttreat'

2018-05-17 13:15:53 - [TEST_STEP][PASSED] - click: Object: 'Object Repository/PharmacyRequest/Page_KDMC-Pharmacy/button_Add' is clicked on

2018-05-17 13:15:53 - [MESSAGE][PASSED] - Object: 'Object Repository/PharmacyRequest/Page_KDMC-Pharmacy/button_Add' is clicked on

2018-05-17 13:15:53 - [TEST_STEP][PASSED] - selectOptionByIndex: All options with index in [2] are selected on object 'Object Repository/PharmacyRequest/Page_KDMC-Pharmacy/select_--Select--Schedule 1Inj'

2018-05-17 13:15:53 - [MESSAGE][PASSED] - All options with index in [2] are selected on object 'Object Repository/PharmacyRequest/Page_KDMC-Pharmacy/select_--Select--Schedule 1Inj'

2018-05-17 13:15:53 - [TEST_STEP][PASSED] - selectOptionByIndex: All options with index in [69] are selected on object 'Object Repository/PharmacyRequest/Page_KDMC-Pharmacy/select_--Select--Albendazole'

2018-05-17 13:15:54 - [MESSAGE][PASSED] - All options with index in [69] are selected on object 'Object Repository/PharmacyRequest/Page_KDMC-Pharmacy/select_--Select--Albendazole'

2018-05-17 13:15:54 - [TEST_STEP][PASSED] - delay: Delayed 1 second(s)

2018-05-17 13:15:55 - [MESSAGE][PASSED] - Delayed 1 second(s)

2018-05-17 13:15:55 - [TEST_STEP][PASSED] - setText: Text '10' is set on object 'Object Repository/PharmacyRequest/Page_KDMC-Pharmacy/input_txttreat'

2018-05-17 13:15:55 - [MESSAGE][PASSED] - Text '10' is set on object 'Object Repository/PharmacyRequest/Page_KDMC-Pharmacy/input_txttreat'

2018-05-17 13:15:55 - [TEST_STEP][PASSED] - click: Object: 'Object Repository/PharmacyRequest/Page_KDMC-Pharmacy/button_Add' is clicked on

2018-05-17 13:15:55 - [MESSAGE][PASSED] - Object: 'Object Repository/PharmacyRequest/Page_KDMC-Pharmacy/button_Add' is clicked on

2018-05-17 13:15:55 - [TEST_STEP][PASSED] - selectOptionByIndex: All options with index in [2] are selected on object 'Object Repository/PharmacyRequest/Page_KDMC-Pharmacy/select_--Select--Schedule 1Inj'

2018-05-17 13:15:55 - [MESSAGE][PASSED] - All options with index in [2] are selected on object 'Object Repository/PharmacyRequest/Page_KDMC-Pharmacy/select_--Select--Schedule 1Inj'

2018-05-17 13:15:55 - [TEST_STEP][PASSED] - selectOptionByIndex: All options with index in [70] are selected on object 'Object Repository/PharmacyRequest/Page_KDMC-Pharmacy/select_--Select--Albendazole'

2018-05-17 13:15:56 - [MESSAGE][PASSED] - All options with index in [70] are selected on object 'Object Repository/PharmacyRequest/Page_KDMC-Pharmacy/select_--Select--Albendazole'

2018-05-17 13:15:56 - [TEST_STEP][PASSED] - delay: Delayed 1 second(s)

2018-05-17 13:15:57 - [MESSAGE][PASSED] - Delayed 1 second(s)

2018-05-17 13:15:57 - [TEST_STEP][PASSED] - setText: Text '10' is set on object 'Object Repository/PharmacyRequest/Page_KDMC-Pharmacy/input_txttreat'

2018-05-17 13:15:57 - [MESSAGE][PASSED] - Text '10' is set on object 'Object Repository/PharmacyRequest/Page_KDMC-Pharmacy/input_txttreat'

2018-05-17 13:15:57 - [TEST_STEP][PASSED] - click: Object: 'Object Repository/PharmacyRequest/Page_KDMC-Pharmacy/button_Add' is clicked on

2018-05-17 13:15:57 - [MESSAGE][PASSED] - Object: 'Object Repository/PharmacyRequest/Page_KDMC-Pharmacy/button_Add' is clicked on

2018-05-17 13:15:57 - [TEST_STEP][PASSED] - selectOptionByIndex: All options with index in [2] are selected on object 'Object Repository/PharmacyRequest/Page_KDMC-Pharmacy/select_--Select--Schedule 1Inj'

2018-05-17 13:15:57 - [MESSAGE][PASSED] - All options with index in [2] are selected on object 'Object Repository/PharmacyRequest/Page_KDMC-Pharmacy/select_--Select--Schedule 1Inj'

2018-05-17 13:15:57 - [TEST_STEP][PASSED] - selectOptionByIndex: All options with index in [71] are selected on object 'Object Repository/PharmacyRequest/Page_KDMC-Pharmacy/select_--Select--Albendazole'

2018-05-17 13:15:57 - [MESSAGE][PASSED] - All options with index in [71] are selected on object 'Object Repository/PharmacyRequest/Page_KDMC-Pharmacy/select_--Select--Albendazole'

2018-05-17 13:15:57 - [TEST_STEP][PASSED] - delay: Delayed 1 second(s)

2018-05-17 13:15:58 - [MESSAGE][PASSED] - Delayed 1 second(s)

2018-05-17 13:15:58 - [TEST_STEP][PASSED] - setText: Text '10' is set on object 'Object Repository/PharmacyRequest/Page_KDMC-Pharmacy/input_txttreat'

2018-05-17 13:15:59 - [MESSAGE][PASSED] - Text '10' is set on object 'Object Repository/PharmacyRequest/Page_KDMC-Pharmacy/input_txttreat'

2018-05-17 13:15:59 - [TEST_STEP][PASSED] - click: Object: 'Object Repository/PharmacyRequest/Page_KDMC-Pharmacy/button_Add' is clicked on

2018-05-17 13:15:59 - [MESSAGE][PASSED] - Object: 'Object Repository/PharmacyRequest/Page_KDMC-Pharmacy/button_Add' is clicked on

2018-05-17 13:15:59 - [TEST_STEP][PASSED] - selectOptionByIndex: All options with index in [2] are selected on object 'Object Repository/PharmacyRequest/Page_KDMC-Pharmacy/select_--Select--Schedule 1Inj'

2018-05-17 13:15:59 - [MESSAGE][PASSED] - All options with index in [2] are selected on object 'Object Repository/PharmacyRequest/Page_KDMC-Pharmacy/select_--Select--Schedule 1Inj'

2018-05-17 13:15:59 - [TEST_STEP][PASSED] - selectOptionByIndex: All options with index in [72] are selected on object 'Object Repository/PharmacyRequest/Page_KDMC-Pharmacy/select_--Select--Albendazole'

2018-05-17 13:15:59 - [MESSAGE][PASSED] - All options with index in [72] are selected on object 'Object Repository/PharmacyRequest/Page_KDMC-Pharmacy/select_--Select--Albendazole'

2018-05-17 13:15:59 - [TEST_STEP][PASSED] - delay: Delayed 1 second(s)

2018-05-17 13:16:00 - [MESSAGE][PASSED] - Delayed 1 second(s)

2018-05-17 13:16:00 - [TEST_STEP][PASSED] - setText: Text '10' is set on object 'Object Repository/PharmacyRequest/Page_KDMC-Pharmacy/input_txttreat'

2018-05-17 13:16:01 - [MESSAGE][PASSED] - Text '10' is set on object 'Object Repository/PharmacyRequest/Page_KDMC-Pharmacy/input_txttreat'

2018-05-17 13:16:01 - [TEST_STEP][PASSED] - click: Object: 'Object Repository/PharmacyRequest/Page_KDMC-Pharmacy/button_Add' is clicked on

2018-05-17 13:16:01 - [MESSAGE][PASSED] - Object: 'Object Repository/PharmacyRequest/Page_KDMC-Pharmacy/button_Add' is clicked on

2018-05-17 13:16:01 - [TEST_STEP][PASSED] - Statement - RN1 = com.kms.katalon.core.webui.keyword.WebUiBuiltInKeywords.getAttribute(com.kms.katalon.core.testobject.ObjectRepository.findTestObject(PharmacyRequest/Page_KDMC-Pharmacy/input_txtno), "value"): Attribute 'value' of object 'Object Repository/PharmacyRequest/Page_KDMC-Pharmacy/input_txtno' is: 'PRNO/17052018/142'

2018-05-17 13:16:01 - [MESSAGE][PASSED] - Attribute 'value' of object 'Object Repository/PharmacyRequest/Page_KDMC-Pharmacy/input_txtno' is: 'PRNO/17052018/142'

2018-05-17 13:16:01 - [TEST_STEP][PASSED] - Statement - out.println(RN1): null

2018-05-17 13:16:01 - [TEST_STEP][PASSED] - Statement - RID = RN1.split("/")[2]: null

2018-05-17 13:16:01 - [TEST_STEP][PASSED] - scrollToElement: Scroll to object 'Object Repository/PharmacyRequest/Page_KDMC-Pharmacy/input_btnsave' successfully

2018-05-17 13:16:01 - [MESSAGE][PASSED] - Scroll to object 'Object Repository/PharmacyRequest/Page_KDMC-Pharmacy/input_btnsave' successfully

2018-05-17 13:16:01 - [TEST_STEP][PASSED] - click: Object: 'Object Repository/PharmacyRequest/Page_KDMC-Pharmacy/input_btnsave' is clicked on

2018-05-17 13:16:01 - [MESSAGE][PASSED] - Object: 'Object Repository/PharmacyRequest/Page_KDMC-Pharmacy/input_btnsave' is clicked on

2018-05-17 13:16:01 - [TEST_STEP][PASSED] - delay: Delayed 3 second(s)

2018-05-17 13:16:04 - [MESSAGE][PASSED] - Delayed 3 second(s)

2018-05-17 13:16:04 - [TEST_STEP][PASSED] - click: Object: 'Object Repository/PharmacyRequest/Page_KDMC-Pharmacy/button_OK' is clicked on

2018-05-17 13:16:05 - [MESSAGE][PASSED] - Object: 'Object Repository/PharmacyRequest/Page_KDMC-Pharmacy/button_OK' is clicked on

2018-05-17 13:16:05 - [TEST_STEP][PASSED] - delay: Delayed 3 second(s)

2018-05-17 13:16:08 - [MESSAGE][PASSED] - Delayed 3 second(s)

2018-05-17 13:16:08 - [TEST_STEP][PASSED] - click: Object: 'Object Repository/PharmacyRequest/Page_KDMC-Pharmacy/a_Back to Pharmacy' is clicked on

2018-05-17 13:16:09 - [MESSAGE][PASSED] - Object: 'Object Repository/PharmacyRequest/Page_KDMC-Pharmacy/a_Back to Pharmacy' is clicked on

2018-05-17 13:16:09 - [TEST_STEP][PASSED] - delay: Delayed 3 second(s)

2018-05-17 13:16:12 - [MESSAGE][PASSED] - Delayed 3 second(s)

2018-05-17 13:16:12 - [TEST_STEP][PASSED] - click: Object: 'Object Repository/PharmacyRequest/Page_KDMC - Pharmacy/a_dropdown-toggle' is clicked on

2018-05-17 13:16:12 - [MESSAGE][PASSED] - Object: 'Object Repository/PharmacyRequest/Page_KDMC - Pharmacy/a_dropdown-toggle' is clicked on

2018-05-17 13:16:12 - [TEST_STEP][PASSED] - click: Object: 'Object Repository/PharmacyRequest/Page_KDMC - Pharmacy/a_Sign out' is clicked on

2018-05-17 13:16:13 - [MESSAGE][PASSED] - Object: 'Object Repository/PharmacyRequest/Page_KDMC - Pharmacy/a_Sign out' is clicked on

2018-05-17 13:16:13 - [TEST_STEP][PASSED] - delay: Delayed 3 second(s)

2018-05-17 13:16:16 - [MESSAGE][PASSED] - Delayed 3 second(s)

2018-05-17 13:16:16 - [TEST_STEP][PASSED] - click: Object: 'Object Repository/PharmacyRequest/Page_KDMC/a_CMO' is clicked on

2018-05-17 13:16:16 - [MESSAGE][PASSED] - Object: 'Object Repository/PharmacyRequest/Page_KDMC/a_CMO' is clicked on

2018-05-17 13:16:16 - [TEST_STEP][PASSED] - setText: Text 'guru' is set on object 'Object Repository/PharmacyRequest/Page_CMO login/input_txtusername'

2018-05-17 13:16:16 - [MESSAGE][PASSED] - Text 'guru' is set on object 'Object Repository/PharmacyRequest/Page_CMO login/input_txtusername'

2018-05-17 13:16:16 - [TEST_STEP][PASSED] - setText: Text '123' is set on object 'Object Repository/PharmacyRequest/Page_CMO login/input_txtpassword'

2018-05-17 13:16:16 - [MESSAGE][PASSED] - Text '123' is set on object 'Object Repository/PharmacyRequest/Page_CMO login/input_txtpassword'

2018-05-17 13:16:16 - [TEST_STEP][PASSED] - delay: Delayed 3 second(s)

2018-05-17 13:16:19 - [MESSAGE][PASSED] - Delayed 3 second(s)

2018-05-17 13:16:19 - [TEST_STEP][PASSED] - click: Object: 'Object Repository/PharmacyRequest/Page_CMO login/button_Sign in' is clicked on

2018-05-17 13:16:20 - [MESSAGE][PASSED] - Object: 'Object Repository/PharmacyRequest/Page_CMO login/button_Sign in' is clicked on

2018-05-17 13:16:20 - [TEST_STEP][PASSED] - click: Object: 'Object Repository/PharmacyRequest/Page_KDMC - CMO/a_Department Wise Request' is clicked on

2018-05-17 13:16:20 - [MESSAGE][PASSED] - Object: 'Object Repository/PharmacyRequest/Page_KDMC - CMO/a_Department Wise Request' is clicked on

2018-05-17 13:16:20 - [TEST_STEP][PASSED] - selectOptionByIndex: All options with index in [2] are selected on object 'Object Repository/PharmacyRequest/Page_KDMC - CMO/select_--ALL--'

2018-05-17 13:16:21 - [MESSAGE][PASSED] - All options with index in [2] are selected on object 'Object Repository/PharmacyRequest/Page_KDMC - CMO/select_--ALL--'

2018-05-17 13:16:21 - [TEST_STEP][PASSED] - selectOptionByIndex: All options with index in [1] are selected on object 'Object Repository/PharmacyRequest/Page_KDMC - CMO/select_--ALL--                _1'

2018-05-17 13:16:21 - [MESSAGE][PASSED] - All options with index in [1] are selected on object 'Object Repository/PharmacyRequest/Page_KDMC - CMO/select_--ALL--                _1'

2018-05-17 13:16:21 - [TEST_STEP][PASSED] - click: Object: 'Object Repository/PharmacyRequest/Page_KDMC - CMO/input_btnsearch' is clicked on

2018-05-17 13:16:21 - [MESSAGE][PASSED] - Object: 'Object Repository/PharmacyRequest/Page_KDMC - CMO/input_btnsearch' is clicked on

2018-05-17 13:16:21 - [TEST_STEP][PASSED] - Statement - ID = com.kms.katalon.core.webui.keyword.WebUiBuiltInKeywords.modifyObjectProperty(com.kms.katalon.core.testobject.ObjectRepository.findTestObject(PharmacyRequest/Page_KDMC - CMO/input_2), "xpath", "equals", "//*[@id=" + RID + "]", true): Modify property of object successfully

2018-05-17 13:16:21 - [MESSAGE][PASSED] - Modify property of object successfully

2018-05-17 13:16:21 - [TEST_STEP][PASSED] - click: Object: 'Object Repository/PharmacyRequest/Page_KDMC - CMO/input_2' is clicked on

2018-05-17 13:16:21 - [MESSAGE][PASSED] - Object: 'Object Repository/PharmacyRequest/Page_KDMC - CMO/input_2' is clicked on

2018-05-17 13:16:21 - [TEST_STEP][PASSED] - delay: Delayed 3 second(s)

2018-05-17 13:16:24 - [MESSAGE][PASSED] - Delayed 3 second(s)

2018-05-17 13:16:24 - [TEST_STEP][PASSED] - selectOptionByIndex: All options with index in [1] are selected on object 'Object Repository/PharmacyRequest/Page_KDMC - CMO/select_--Select--'

2018-05-17 13:16:25 - [MESSAGE][PASSED] - All options with index in [1] are selected on object 'Object Repository/PharmacyRequest/Page_KDMC - CMO/select_--Select--'

2018-05-17 13:16:25 - [TEST_STEP][PASSED] - click: Object: 'Object Repository/PharmacyRequest/Page_KDMC - CMO/input_btnupdate' is clicked on

2018-05-17 13:16:25 - [MESSAGE][PASSED] - Object: 'Object Repository/PharmacyRequest/Page_KDMC - CMO/input_btnupdate' is clicked on

2018-05-17 13:16:25 - [TEST_STEP][PASSED] - delay: Delayed 3 second(s)

2018-05-17 13:16:28 - [MESSAGE][PASSED] - Delayed 3 second(s)

2018-05-17 13:16:28 - [TEST_STEP][PASSED] - click: Object: 'Object Repository/PharmacyRequest/Page_KDMC - CMO/button_OK' is clicked on

2018-05-17 13:16:28 - [MESSAGE][PASSED] - Object: 'Object Repository/PharmacyRequest/Page_KDMC - CMO/button_OK' is clicked on

2018-05-17 13:16:28 - [TEST_STEP][PASSED] - delay: Delayed 3 second(s)

2018-05-17 13:16:31 - [MESSAGE][PASSED] - Delayed 3 second(s)

2018-05-17 13:16:31 - [TEST_STEP][PASSED] - click: Object: 'Object Repository/PharmacyRequest/Page_KDMC - CMO/a_dropdown-toggle' is clicked on

2018-05-17 13:16:31 - [MESSAGE][PASSED] - Object: 'Object Repository/PharmacyRequest/Page_KDMC - CMO/a_dropdown-toggle' is clicked on

2018-05-17 13:16:31 - [TEST_STEP][PASSED] - click: Object: 'Object Repository/PharmacyRequest/Page_KDMC - CMO/a_Sign out' is clicked on

2018-05-17 13:16:32 - [MESSAGE][PASSED] - Object: 'Object Repository/PharmacyRequest/Page_KDMC - CMO/a_Sign out' is clicked on

2018-05-17 13:16:32 - [TEST_STEP][PASSED] - delay: Delayed 3 second(s)

2018-05-17 13:16:35 - [MESSAGE][PASSED] - Delayed 3 second(s)

2018-05-17 13:16:35 - [TEST_STEP][PASSED] - click: Object: 'Object Repository/PharmacyRequest/Page_KDMC/a_Divisional Store' is clicked on

2018-05-17 13:16:35 - [MESSAGE][PASSED] - Object: 'Object Repository/PharmacyRequest/Page_KDMC/a_Divisional Store' is clicked on

2018-05-17 13:16:35 - [TEST_STEP][PASSED] - setText: Text 'ragu' is set on object 'Object Repository/PharmacyRequest/Page_Divisonal Store Login/input_txtusername'

2018-05-17 13:16:35 - [MESSAGE][PASSED] - Text 'ragu' is set on object 'Object Repository/PharmacyRequest/Page_Divisonal Store Login/input_txtusername'

2018-05-17 13:16:35 - [TEST_STEP][PASSED] - setText: Text '123' is set on object 'Object Repository/PharmacyRequest/Page_Divisonal Store Login/input_txtpassword'

2018-05-17 13:16:35 - [MESSAGE][PASSED] - Text '123' is set on object 'Object Repository/PharmacyRequest/Page_Divisonal Store Login/input_txtpassword'

2018-05-17 13:16:35 - [TEST_STEP][PASSED] - delay: Delayed 3 second(s)

2018-05-17 13:16:38 - [MESSAGE][PASSED] - Delayed 3 second(s)

2018-05-17 13:16:38 - [TEST_STEP][PASSED] - click: Object: 'Object Repository/PharmacyRequest/Page_Divisonal Store Login/button_Sign in' is clicked on

2018-05-17 13:16:39 - [MESSAGE][PASSED] - Object: 'Object Repository/PharmacyRequest/Page_Divisonal Store Login/button_Sign in' is clicked on

2018-05-17 13:16:39 - [TEST_STEP][PASSED] - delay: Delayed 3 second(s)

2018-05-17 13:16:42 - [MESSAGE][PASSED] - Delayed 3 second(s)

2018-05-17 13:16:42 - [TEST_STEP][PASSED] - click: Object: 'Object Repository/PharmacyRequest/Page_Store/a_Pharmacy Request' is clicked on

2018-05-17 13:16:42 - [MESSAGE][PASSED] - Object: 'Object Repository/PharmacyRequest/Page_Store/a_Pharmacy Request' is clicked on

2018-05-17 13:16:42 - [TEST_STEP][PASSED] - click: Object: 'Object Repository/PharmacyRequest/Page_Store/a_Request Item Pharmacy' is clicked on

2018-05-17 13:16:43 - [MESSAGE][PASSED] - Object: 'Object Repository/PharmacyRequest/Page_Store/a_Request Item Pharmacy' is clicked on

2018-05-17 13:16:43 - [TEST_STEP][PASSED] - delay: Delayed 2 second(s)

2018-05-17 13:16:45 - [MESSAGE][PASSED] - Delayed 2 second(s)

2018-05-17 13:16:45 - [TEST_STEP][PASSED] - setText: Text 'PRNO/17052018/142' is set on object 'Object Repository/PharmacyRequest/Page_Store/input'

2018-05-17 13:16:45 - [MESSAGE][PASSED] - Text 'PRNO/17052018/142' is set on object 'Object Repository/PharmacyRequest/Page_Store/input'

2018-05-17 13:16:45 - [TEST_STEP][PASSED] - delay: Delayed 2 second(s)

2018-05-17 13:16:47 - [MESSAGE][PASSED] - Delayed 2 second(s)

2018-05-17 13:16:47 - [TEST_STEP][PASSED] - Statement - ChooseRequest = com.kms.katalon.core.webui.keyword.WebUiBuiltInKeywords.modifyObjectProperty(com.kms.katalon.core.testobject.ObjectRepository.findTestObject(PharmacyRequest/Page_Store/input_2), "xpath", "equals", "//*[@id=" + RID + "]", true): Modify property of object successfully

2018-05-17 13:16:47 - [MESSAGE][PASSED] - Modify property of object successfully

2018-05-17 13:16:47 - [TEST_STEP][PASSED] - click: Object: 'Object Repository/PharmacyRequest/Page_Store/input_2' is clicked on

2018-05-17 13:16:48 - [MESSAGE][PASSED] - Object: 'Object Repository/PharmacyRequest/Page_Store/input_2' is clicked on

2018-05-17 13:16:48 - [TEST_STEP][PASSED] - delay: Delayed 2 second(s)

2018-05-17 13:16:50 - [MESSAGE][PASSED] - Delayed 2 second(s)

2018-05-17 13:16:50 - [TEST_STEP][PASSED] - Statement - selectedoptions = com.kms.katalon.core.webui.keyword.WebUiBuiltInKeywords.getNumberOfTotalOption(com.kms.katalon.core.testobject.ObjectRepository.findTestObject(PharmacyRequest/Page_Store/select_--Select--Amlodepin -5)): 73 options of object 'Object Repository/PharmacyRequest/Page_Store/select_--Select--Amlodepin -5' counted

2018-05-17 13:16:50 - [MESSAGE][PASSED] - 73 options of object 'Object Repository/PharmacyRequest/Page_Store/select_--Select--Amlodepin -5' counted

2018-05-17 13:16:50 - [TEST_STEP][PASSED] - Statement - For ([a = 1, a <= selectedoptions - 1, (a++)]): null

2018-05-17 13:16:50 - [TEST_STEP][PASSED] - selectOptionByIndex: All options with index in [1] are selected on object 'Object Repository/PharmacyRequest/Page_Store/select_--Select--Amlodepin -5'

2018-05-17 13:16:50 - [MESSAGE][PASSED] - All options with index in [1] are selected on object 'Object Repository/PharmacyRequest/Page_Store/select_--Select--Amlodepin -5'

2018-05-17 13:16:50 - [TEST_STEP][PASSED] - delay: Delayed 1 second(s)

2018-05-17 13:16:51 - [MESSAGE][PASSED] - Delayed 1 second(s)

2018-05-17 13:16:51 - [TEST_STEP][PASSED] - Statement - RequestedQty = com.kms.katalon.core.webui.keyword.WebUiBuiltInKeywords.getAttribute(com.kms.katalon.core.testobject.ObjectRepository.findTestObject(PharmacyRequest/Page_Store/input_txttotal), "value"): Attribute 'value' of object 'Object Repository/PharmacyRequest/Page_Store/input_txttotal' is: '10'

2018-05-17 13:16:51 - [MESSAGE][PASSED] - Attribute 'value' of object 'Object Repository/PharmacyRequest/Page_Store/input_txttotal' is: '10'

2018-05-17 13:16:51 - [TEST_STEP][PASSED] - Statement - out.println("Requested QTY : " + RequestedQty): null

2018-05-17 13:16:51 - [TEST_STEP][PASSED] - Statement - BatchNumber = com.kms.katalon.core.webui.keyword.WebUiBuiltInKeywords.getNumberOfTotalOption(com.kms.katalon.core.testobject.ObjectRepository.findTestObject(PharmacyRequest/Page_Store/select_--Select--BA50)): 2 options of object 'Object Repository/PharmacyRequest/Page_Store/select_--Select--BA50' counted

2018-05-17 13:16:51 - [MESSAGE][PASSED] - 2 options of object 'Object Repository/PharmacyRequest/Page_Store/select_--Select--BA50' counted

2018-05-17 13:16:51 - [TEST_STEP][PASSED] - Statement - For ([g = 1, g <= BatchNumber - 1, (g++)]): null

2018-05-17 13:16:51 - [TEST_STEP][PASSED] - selectOptionByIndex: All options with index in [1] are selected on object 'Object Repository/PharmacyRequest/Page_Store/select_--Select--BA50'

2018-05-17 13:16:51 - [MESSAGE][PASSED] - All options with index in [1] are selected on object 'Object Repository/PharmacyRequest/Page_Store/select_--Select--BA50'

2018-05-17 13:16:51 - [TEST_STEP][PASSED] - delay: Delayed 2 second(s)

2018-05-17 13:16:53 - [MESSAGE][PASSED] - Delayed 2 second(s)

2018-05-17 13:16:53 - [TEST_STEP][PASSED] - Statement - StockQty = com.kms.katalon.core.webui.keyword.WebUiBuiltInKeywords.getAttribute(com.kms.katalon.core.testobject.ObjectRepository.findTestObject(PharmacyRequest/Page_Store/input_txtprice), "value"): Attribute 'value' of object 'Object Repository/PharmacyRequest/Page_Store/input_txtprice' is: '1150'

2018-05-17 13:16:53 - [MESSAGE][PASSED] - Attribute 'value' of object 'Object Repository/PharmacyRequest/Page_Store/input_txtprice' is: '1150'

2018-05-17 13:16:53 - [TEST_STEP][PASSED] - Statement - out.println("Stock QTY : " + StockQty): null

2018-05-17 13:16:53 - [TEST_STEP][PASSED] - delay: Delayed 1 second(s)

2018-05-17 13:16:54 - [MESSAGE][PASSED] - Delayed 1 second(s)

2018-05-17 13:16:54 - [TEST_STEP][PASSED] - Statement - If (java.lang.Integer.valueOf(StockQty) >= java.lang.Integer.valueOf(RequestedQty)): null

2018-05-17 13:16:54 - [TEST_STEP][PASSED] - setText: Text '10' is set on object 'Object Repository/PharmacyRequest/Page_Store/input_txtqty'

2018-05-17 13:16:54 - [MESSAGE][PASSED] - Text '10' is set on object 'Object Repository/PharmacyRequest/Page_Store/input_txtqty'

2018-05-17 13:16:54 - [TEST_STEP][PASSED] - click: Object: 'Object Repository/PharmacyRequest/Page_Store/button_Add' is clicked on

2018-05-17 13:16:54 - [MESSAGE][PASSED] - Object: 'Object Repository/PharmacyRequest/Page_Store/button_Add' is clicked on

2018-05-17 13:16:54 - [TEST_STEP][PASSED] - Statement - Break: null

2018-05-17 13:16:54 - [TEST_STEP][PASSED] - selectOptionByIndex: All options with index in [2] are selected on object 'Object Repository/PharmacyRequest/Page_Store/select_--Select--Amlodepin -5'

2018-05-17 13:16:55 - [MESSAGE][PASSED] - All options with index in [2] are selected on object 'Object Repository/PharmacyRequest/Page_Store/select_--Select--Amlodepin -5'

2018-05-17 13:16:55 - [TEST_STEP][PASSED] - delay: Delayed 1 second(s)

2018-05-17 13:16:56 - [MESSAGE][PASSED] - Delayed 1 second(s)

2018-05-17 13:16:56 - [TEST_STEP][PASSED] - Statement - RequestedQty = com.kms.katalon.core.webui.keyword.WebUiBuiltInKeywords.getAttribute(com.kms.katalon.core.testobject.ObjectRepository.findTestObject(PharmacyRequest/Page_Store/input_txttotal), "value"): Attribute 'value' of object 'Object Repository/PharmacyRequest/Page_Store/input_txttotal' is: '10'

2018-05-17 13:16:56 - [MESSAGE][PASSED] - Attribute 'value' of object 'Object Repository/PharmacyRequest/Page_Store/input_txttotal' is: '10'

2018-05-17 13:16:56 - [TEST_STEP][PASSED] - Statement - out.println("Requested QTY : " + RequestedQty): null

2018-05-17 13:16:56 - [TEST_STEP][PASSED] - Statement - BatchNumber = com.kms.katalon.core.webui.keyword.WebUiBuiltInKeywords.getNumberOfTotalOption(com.kms.katalon.core.testobject.ObjectRepository.findTestObject(PharmacyRequest/Page_Store/select_--Select--BA50)): 2 options of object 'Object Repository/PharmacyRequest/Page_Store/select_--Select--BA50' counted

2018-05-17 13:16:56 - [MESSAGE][PASSED] - 2 options of object 'Object Repository/PharmacyRequest/Page_Store/select_--Select--BA50' counted

2018-05-17 13:16:56 - [TEST_STEP][PASSED] - Statement - For ([g = 1, g <= BatchNumber - 1, (g++)]): null

2018-05-17 13:16:56 - [TEST_STEP][PASSED] - selectOptionByIndex: All options with index in [1] are selected on object 'Object Repository/PharmacyRequest/Page_Store/select_--Select--BA50'

2018-05-17 13:16:56 - [MESSAGE][PASSED] - All options with index in [1] are selected on object 'Object Repository/PharmacyRequest/Page_Store/select_--Select--BA50'

2018-05-17 13:16:56 - [TEST_STEP][PASSED] - delay: Delayed 2 second(s)

2018-05-17 13:16:58 - [MESSAGE][PASSED] - Delayed 2 second(s)

2018-05-17 13:16:58 - [TEST_STEP][PASSED] - Statement - StockQty = com.kms.katalon.core.webui.keyword.WebUiBuiltInKeywords.getAttribute(com.kms.katalon.core.testobject.ObjectRepository.findTestObject(PharmacyRequest/Page_Store/input_txtprice), "value"): Attribute 'value' of object 'Object Repository/PharmacyRequest/Page_Store/input_txtprice' is: '970'

2018-05-17 13:16:58 - [MESSAGE][PASSED] - Attribute 'value' of object 'Object Repository/PharmacyRequest/Page_Store/input_txtprice' is: '970'

2018-05-17 13:16:58 - [TEST_STEP][PASSED] - Statement - out.println("Stock QTY : " + StockQty): null

2018-05-17 13:16:58 - [TEST_STEP][PASSED] - delay: Delayed 1 second(s)

2018-05-17 13:16:59 - [MESSAGE][PASSED] - Delayed 1 second(s)

2018-05-17 13:16:59 - [TEST_STEP][PASSED] - Statement - If (java.lang.Integer.valueOf(StockQty) >= java.lang.Integer.valueOf(RequestedQty)): null

2018-05-17 13:16:59 - [TEST_STEP][PASSED] - setText: Text '10' is set on object 'Object Repository/PharmacyRequest/Page_Store/input_txtqty'

2018-05-17 13:16:59 - [MESSAGE][PASSED] - Text '10' is set on object 'Object Repository/PharmacyRequest/Page_Store/input_txtqty'

2018-05-17 13:16:59 - [TEST_STEP][PASSED] - click: Object: 'Object Repository/PharmacyRequest/Page_Store/button_Add' is clicked on

2018-05-17 13:16:59 - [MESSAGE][PASSED] - Object: 'Object Repository/PharmacyRequest/Page_Store/button_Add' is clicked on

2018-05-17 13:16:59 - [TEST_STEP][PASSED] - Statement - Break: null

2018-05-17 13:16:59 - [TEST_STEP][PASSED] - selectOptionByIndex: All options with index in [3] are selected on object 'Object Repository/PharmacyRequest/Page_Store/select_--Select--Amlodepin -5'

2018-05-17 13:16:59 - [MESSAGE][PASSED] - All options with index in [3] are selected on object 'Object Repository/PharmacyRequest/Page_Store/select_--Select--Amlodepin -5'

2018-05-17 13:16:59 - [TEST_STEP][PASSED] - delay: Delayed 1 second(s)

2018-05-17 13:17:00 - [MESSAGE][PASSED] - Delayed 1 second(s)

2018-05-17 13:17:00 - [TEST_STEP][PASSED] - Statement - RequestedQty = com.kms.katalon.core.webui.keyword.WebUiBuiltInKeywords.getAttribute(com.kms.katalon.core.testobject.ObjectRepository.findTestObject(PharmacyRequest/Page_Store/input_txttotal), "value"): Attribute 'value' of object 'Object Repository/PharmacyRequest/Page_Store/input_txttotal' is: '10'

2018-05-17 13:17:00 - [MESSAGE][PASSED] - Attribute 'value' of object 'Object Repository/PharmacyRequest/Page_Store/input_txttotal' is: '10'

2018-05-17 13:17:00 - [TEST_STEP][PASSED] - Statement - out.println("Requested QTY : " + RequestedQty): null

2018-05-17 13:17:00 - [TEST_STEP][PASSED] - Statement - BatchNumber = com.kms.katalon.core.webui.keyword.WebUiBuiltInKeywords.getNumberOfTotalOption(com.kms.katalon.core.testobject.ObjectRepository.findTestObject(PharmacyRequest/Page_Store/select_--Select--BA50)): 4 options of object 'Object Repository/PharmacyRequest/Page_Store/select_--Select--BA50' counted

2018-05-17 13:17:00 - [MESSAGE][PASSED] - 4 options of object 'Object Repository/PharmacyRequest/Page_Store/select_--Select--BA50' counted

2018-05-17 13:17:00 - [TEST_STEP][PASSED] - Statement - For ([g = 1, g <= BatchNumber - 1, (g++)]): null

2018-05-17 13:17:00 - [TEST_STEP][PASSED] - selectOptionByIndex: All options with index in [1] are selected on object 'Object Repository/PharmacyRequest/Page_Store/select_--Select--BA50'

2018-05-17 13:17:00 - [MESSAGE][PASSED] - All options with index in [1] are selected on object 'Object Repository/PharmacyRequest/Page_Store/select_--Select--BA50'

2018-05-17 13:17:00 - [TEST_STEP][PASSED] - delay: Delayed 2 second(s)

2018-05-17 13:17:02 - [MESSAGE][PASSED] - Delayed 2 second(s)

2018-05-17 13:17:02 - [TEST_STEP][PASSED] - Statement - StockQty = com.kms.katalon.core.webui.keyword.WebUiBuiltInKeywords.getAttribute(com.kms.katalon.core.testobject.ObjectRepository.findTestObject(PharmacyRequest/Page_Store/input_txtprice), "value"): Attribute 'value' of object 'Object Repository/PharmacyRequest/Page_Store/input_txtprice' is: '990'

2018-05-17 13:17:02 - [MESSAGE][PASSED] - Attribute 'value' of object 'Object Repository/PharmacyRequest/Page_Store/input_txtprice' is: '990'

2018-05-17 13:17:02 - [TEST_STEP][PASSED] - Statement - out.println("Stock QTY : " + StockQty): null

2018-05-17 13:17:02 - [TEST_STEP][PASSED] - delay: Delayed 1 second(s)

2018-05-17 13:17:03 - [MESSAGE][PASSED] - Delayed 1 second(s)

2018-05-17 13:17:03 - [TEST_STEP][PASSED] - Statement - If (java.lang.Integer.valueOf(StockQty) >= java.lang.Integer.valueOf(RequestedQty)): null

2018-05-17 13:17:03 - [TEST_STEP][PASSED] - setText: Text '10' is set on object 'Object Repository/PharmacyRequest/Page_Store/input_txtqty'

2018-05-17 13:17:03 - [MESSAGE][PASSED] - Text '10' is set on object 'Object Repository/PharmacyRequest/Page_Store/input_txtqty'

2018-05-17 13:17:03 - [TEST_STEP][PASSED] - click: Object: 'Object Repository/PharmacyRequest/Page_Store/button_Add' is clicked on

2018-05-17 13:17:03 - [MESSAGE][PASSED] - Object: 'Object Repository/PharmacyRequest/Page_Store/button_Add' is clicked on

2018-05-17 13:17:03 - [TEST_STEP][PASSED] - Statement - Break: null

2018-05-17 13:17:03 - [TEST_STEP][PASSED] - selectOptionByIndex: All options with index in [4] are selected on object 'Object Repository/PharmacyRequest/Page_Store/select_--Select--Amlodepin -5'

2018-05-17 13:17:04 - [MESSAGE][PASSED] - All options with index in [4] are selected on object 'Object Repository/PharmacyRequest/Page_Store/select_--Select--Amlodepin -5'

2018-05-17 13:17:04 - [TEST_STEP][PASSED] - delay: Delayed 1 second(s)

2018-05-17 13:17:05 - [MESSAGE][PASSED] - Delayed 1 second(s)

2018-05-17 13:17:05 - [TEST_STEP][PASSED] - Statement - RequestedQty = com.kms.katalon.core.webui.keyword.WebUiBuiltInKeywords.getAttribute(com.kms.katalon.core.testobject.ObjectRepository.findTestObject(PharmacyRequest/Page_Store/input_txttotal), "value"): Attribute 'value' of object 'Object Repository/PharmacyRequest/Page_Store/input_txttotal' is: '10'

2018-05-17 13:17:05 - [MESSAGE][PASSED] - Attribute 'value' of object 'Object Repository/PharmacyRequest/Page_Store/input_txttotal' is: '10'

2018-05-17 13:17:05 - [TEST_STEP][PASSED] - Statement - out.println("Requested QTY : " + RequestedQty): null

2018-05-17 13:17:05 - [TEST_STEP][PASSED] - Statement - BatchNumber = com.kms.katalon.core.webui.keyword.WebUiBuiltInKeywords.getNumberOfTotalOption(com.kms.katalon.core.testobject.ObjectRepository.findTestObject(PharmacyRequest/Page_Store/select_--Select--BA50)): 3 options of object 'Object Repository/PharmacyRequest/Page_Store/select_--Select--BA50' counted

2018-05-17 13:17:05 - [MESSAGE][PASSED] - 3 options of object 'Object Repository/PharmacyRequest/Page_Store/select_--Select--BA50' counted

2018-05-17 13:17:05 - [TEST_STEP][PASSED] - Statement - For ([g = 1, g <= BatchNumber - 1, (g++)]): null

2018-05-17 13:17:05 - [TEST_STEP][PASSED] - selectOptionByIndex: All options with index in [1] are selected on object 'Object Repository/PharmacyRequest/Page_Store/select_--Select--BA50'

2018-05-17 13:17:05 - [MESSAGE][PASSED] - All options with index in [1] are selected on object 'Object Repository/PharmacyRequest/Page_Store/select_--Select--BA50'

2018-05-17 13:17:05 - [TEST_STEP][PASSED] - delay: Delayed 2 second(s)

2018-05-17 13:17:07 - [MESSAGE][PASSED] - Delayed 2 second(s)

2018-05-17 13:17:07 - [TEST_STEP][PASSED] - Statement - StockQty = com.kms.katalon.core.webui.keyword.WebUiBuiltInKeywords.getAttribute(com.kms.katalon.core.testobject.ObjectRepository.findTestObject(PharmacyRequest/Page_Store/input_txtprice), "value"): Attribute 'value' of object 'Object Repository/PharmacyRequest/Page_Store/input_txtprice' is: '1150'

2018-05-17 13:17:07 - [MESSAGE][PASSED] - Attribute 'value' of object 'Object Repository/PharmacyRequest/Page_Store/input_txtprice' is: '1150'

2018-05-17 13:17:07 - [TEST_STEP][PASSED] - Statement - out.println("Stock QTY : " + StockQty): null

2018-05-17 13:17:07 - [TEST_STEP][PASSED] - delay: Delayed 1 second(s)

2018-05-17 13:17:08 - [MESSAGE][PASSED] - Delayed 1 second(s)

2018-05-17 13:17:08 - [TEST_STEP][PASSED] - Statement - If (java.lang.Integer.valueOf(StockQty) >= java.lang.Integer.valueOf(RequestedQty)): null

2018-05-17 13:17:08 - [TEST_STEP][PASSED] - setText: Text '10' is set on object 'Object Repository/PharmacyRequest/Page_Store/input_txtqty'

2018-05-17 13:17:08 - [MESSAGE][PASSED] - Text '10' is set on object 'Object Repository/PharmacyRequest/Page_Store/input_txtqty'

2018-05-17 13:17:08 - [TEST_STEP][PASSED] - click: Object: 'Object Repository/PharmacyRequest/Page_Store/button_Add' is clicked on

2018-05-17 13:17:08 - [MESSAGE][PASSED] - Object: 'Object Repository/PharmacyRequest/Page_Store/button_Add' is clicked on

2018-05-17 13:17:08 - [TEST_STEP][PASSED] - Statement - Break: null

2018-05-17 13:17:08 - [TEST_STEP][PASSED] - selectOptionByIndex: All options with index in [5] are selected on object 'Object Repository/PharmacyRequest/Page_Store/select_--Select--Amlodepin -5'

2018-05-17 13:17:08 - [MESSAGE][PASSED] - All options with index in [5] are selected on object 'Object Repository/PharmacyRequest/Page_Store/select_--Select--Amlodepin -5'

2018-05-17 13:17:08 - [TEST_STEP][PASSED] - delay: Delayed 1 second(s)

2018-05-17 13:17:09 - [MESSAGE][PASSED] - Delayed 1 second(s)

2018-05-17 13:17:09 - [TEST_STEP][PASSED] - Statement - RequestedQty = com.kms.katalon.core.webui.keyword.WebUiBuiltInKeywords.getAttribute(com.kms.katalon.core.testobject.ObjectRepository.findTestObject(PharmacyRequest/Page_Store/input_txttotal), "value"): Attribute 'value' of object 'Object Repository/PharmacyRequest/Page_Store/input_txttotal' is: '10'

2018-05-17 13:17:09 - [MESSAGE][PASSED] - Attribute 'value' of object 'Object Repository/PharmacyRequest/Page_Store/input_txttotal' is: '10'

2018-05-17 13:17:09 - [TEST_STEP][PASSED] - Statement - out.println("Requested QTY : " + RequestedQty): null

2018-05-17 13:17:09 - [TEST_STEP][PASSED] - Statement - BatchNumber = com.kms.katalon.core.webui.keyword.WebUiBuiltInKeywords.getNumberOfTotalOption(com.kms.katalon.core.testobject.ObjectRepository.findTestObject(PharmacyRequest/Page_Store/select_--Select--BA50)): 2 options of object 'Object Repository/PharmacyRequest/Page_Store/select_--Select--BA50' counted

2018-05-17 13:17:09 - [MESSAGE][PASSED] - 2 options of object 'Object Repository/PharmacyRequest/Page_Store/select_--Select--BA50' counted

2018-05-17 13:17:09 - [TEST_STEP][PASSED] - Statement - For ([g = 1, g <= BatchNumber - 1, (g++)]): null

2018-05-17 13:17:09 - [TEST_STEP][PASSED] - selectOptionByIndex: All options with index in [1] are selected on object 'Object Repository/PharmacyRequest/Page_Store/select_--Select--BA50'

2018-05-17 13:17:09 - [MESSAGE][PASSED] - All options with index in [1] are selected on object 'Object Repository/PharmacyRequest/Page_Store/select_--Select--BA50'

2018-05-17 13:17:09 - [TEST_STEP][PASSED] - delay: Delayed 2 second(s)

2018-05-17 13:17:11 - [MESSAGE][PASSED] - Delayed 2 second(s)

2018-05-17 13:17:11 - [TEST_STEP][PASSED] - Statement - StockQty = com.kms.katalon.core.webui.keyword.WebUiBuiltInKeywords.getAttribute(com.kms.katalon.core.testobject.ObjectRepository.findTestObject(PharmacyRequest/Page_Store/input_txtprice), "value"): Attribute 'value' of object 'Object Repository/PharmacyRequest/Page_Store/input_txtprice' is: '1190'

2018-05-17 13:17:11 - [MESSAGE][PASSED] - Attribute 'value' of object 'Object Repository/PharmacyRequest/Page_Store/input_txtprice' is: '1190'

2018-05-17 13:17:11 - [TEST_STEP][PASSED] - Statement - out.println("Stock QTY : " + StockQty): null

2018-05-17 13:17:11 - [TEST_STEP][PASSED] - delay: Delayed 1 second(s)

2018-05-17 13:17:12 - [MESSAGE][PASSED] - Delayed 1 second(s)

2018-05-17 13:17:12 - [TEST_STEP][PASSED] - Statement - If (java.lang.Integer.valueOf(StockQty) >= java.lang.Integer.valueOf(RequestedQty)): null

2018-05-17 13:17:12 - [TEST_STEP][PASSED] - setText: Text '10' is set on object 'Object Repository/PharmacyRequest/Page_Store/input_txtqty'

2018-05-17 13:17:13 - [MESSAGE][PASSED] - Text '10' is set on object 'Object Repository/PharmacyRequest/Page_Store/input_txtqty'

2018-05-17 13:17:13 - [TEST_STEP][PASSED] - click: Object: 'Object Repository/PharmacyRequest/Page_Store/button_Add' is clicked on

2018-05-17 13:17:13 - [MESSAGE][PASSED] - Object: 'Object Repository/PharmacyRequest/Page_Store/button_Add' is clicked on

2018-05-17 13:17:13 - [TEST_STEP][PASSED] - Statement - Break: null

2018-05-17 13:17:13 - [TEST_STEP][PASSED] - selectOptionByIndex: All options with index in [6] are selected on object 'Object Repository/PharmacyRequest/Page_Store/select_--Select--Amlodepin -5'

2018-05-17 13:17:13 - [MESSAGE][PASSED] - All options with index in [6] are selected on object 'Object Repository/PharmacyRequest/Page_Store/select_--Select--Amlodepin -5'

2018-05-17 13:17:13 - [TEST_STEP][PASSED] - delay: Delayed 1 second(s)

2018-05-17 13:17:14 - [MESSAGE][PASSED] - Delayed 1 second(s)

2018-05-17 13:17:14 - [TEST_STEP][PASSED] - Statement - RequestedQty = com.kms.katalon.core.webui.keyword.WebUiBuiltInKeywords.getAttribute(com.kms.katalon.core.testobject.ObjectRepository.findTestObject(PharmacyRequest/Page_Store/input_txttotal), "value"): Attribute 'value' of object 'Object Repository/PharmacyRequest/Page_Store/input_txttotal' is: '10'

2018-05-17 13:17:14 - [MESSAGE][PASSED] - Attribute 'value' of object 'Object Repository/PharmacyRequest/Page_Store/input_txttotal' is: '10'

2018-05-17 13:17:14 - [TEST_STEP][PASSED] - Statement - out.println("Requested QTY : " + RequestedQty): null

2018-05-17 13:17:14 - [TEST_STEP][PASSED] - Statement - BatchNumber = com.kms.katalon.core.webui.keyword.WebUiBuiltInKeywords.getNumberOfTotalOption(com.kms.katalon.core.testobject.ObjectRepository.findTestObject(PharmacyRequest/Page_Store/select_--Select--BA50)): 2 options of object 'Object Repository/PharmacyRequest/Page_Store/select_--Select--BA50' counted

2018-05-17 13:17:14 - [MESSAGE][PASSED] - 2 options of object 'Object Repository/PharmacyRequest/Page_Store/select_--Select--BA50' counted

2018-05-17 13:17:14 - [TEST_STEP][PASSED] - Statement - For ([g = 1, g <= BatchNumber - 1, (g++)]): null

2018-05-17 13:17:14 - [TEST_STEP][PASSED] - selectOptionByIndex: All options with index in [1] are selected on object 'Object Repository/PharmacyRequest/Page_Store/select_--Select--BA50'

2018-05-17 13:17:14 - [MESSAGE][PASSED] - All options with index in [1] are selected on object 'Object Repository/PharmacyRequest/Page_Store/select_--Select--BA50'

2018-05-17 13:17:14 - [TEST_STEP][PASSED] - delay: Delayed 2 second(s)

2018-05-17 13:17:16 - [MESSAGE][PASSED] - Delayed 2 second(s)

2018-05-17 13:17:16 - [TEST_STEP][PASSED] - Statement - StockQty = com.kms.katalon.core.webui.keyword.WebUiBuiltInKeywords.getAttribute(com.kms.katalon.core.testobject.ObjectRepository.findTestObject(PharmacyRequest/Page_Store/input_txtprice), "value"): Attribute 'value' of object 'Object Repository/PharmacyRequest/Page_Store/input_txtprice' is: '1190'

2018-05-17 13:17:16 - [MESSAGE][PASSED] - Attribute 'value' of object 'Object Repository/PharmacyRequest/Page_Store/input_txtprice' is: '1190'

2018-05-17 13:17:16 - [TEST_STEP][PASSED] - Statement - out.println("Stock QTY : " + StockQty): null

2018-05-17 13:17:16 - [TEST_STEP][PASSED] - delay: Delayed 1 second(s)

2018-05-17 13:17:17 - [MESSAGE][PASSED] - Delayed 1 second(s)

2018-05-17 13:17:17 - [TEST_STEP][PASSED] - Statement - If (java.lang.Integer.valueOf(StockQty) >= java.lang.Integer.valueOf(RequestedQty)): null

2018-05-17 13:17:17 - [TEST_STEP][PASSED] - setText: Text '10' is set on object 'Object Repository/PharmacyRequest/Page_Store/input_txtqty'

2018-05-17 13:17:17 - [MESSAGE][PASSED] - Text '10' is set on object 'Object Repository/PharmacyRequest/Page_Store/input_txtqty'

2018-05-17 13:17:17 - [TEST_STEP][PASSED] - click: Object: 'Object Repository/PharmacyRequest/Page_Store/button_Add' is clicked on

2018-05-17 13:17:17 - [MESSAGE][PASSED] - Object: 'Object Repository/PharmacyRequest/Page_Store/button_Add' is clicked on

2018-05-17 13:17:17 - [TEST_STEP][PASSED] - Statement - Break: null

2018-05-17 13:17:17 - [TEST_STEP][PASSED] - selectOptionByIndex: All options with index in [7] are selected on object 'Object Repository/PharmacyRequest/Page_Store/select_--Select--Amlodepin -5'

2018-05-17 13:17:17 - [MESSAGE][PASSED] - All options with index in [7] are selected on object 'Object Repository/PharmacyRequest/Page_Store/select_--Select--Amlodepin -5'

2018-05-17 13:17:17 - [TEST_STEP][PASSED] - delay: Delayed 1 second(s)

2018-05-17 13:17:18 - [MESSAGE][PASSED] - Delayed 1 second(s)

2018-05-17 13:17:18 - [TEST_STEP][PASSED] - Statement - RequestedQty = com.kms.katalon.core.webui.keyword.WebUiBuiltInKeywords.getAttribute(com.kms.katalon.core.testobject.ObjectRepository.findTestObject(PharmacyRequest/Page_Store/input_txttotal), "value"): Attribute 'value' of object 'Object Repository/PharmacyRequest/Page_Store/input_txttotal' is: '10'

2018-05-17 13:17:18 - [MESSAGE][PASSED] - Attribute 'value' of object 'Object Repository/PharmacyRequest/Page_Store/input_txttotal' is: '10'

2018-05-17 13:17:18 - [TEST_STEP][PASSED] - Statement - out.println("Requested QTY : " + RequestedQty): null

2018-05-17 13:17:18 - [TEST_STEP][PASSED] - Statement - BatchNumber = com.kms.katalon.core.webui.keyword.WebUiBuiltInKeywords.getNumberOfTotalOption(com.kms.katalon.core.testobject.ObjectRepository.findTestObject(PharmacyRequest/Page_Store/select_--Select--BA50)): 2 options of object 'Object Repository/PharmacyRequest/Page_Store/select_--Select--BA50' counted

2018-05-17 13:17:18 - [MESSAGE][PASSED] - 2 options of object 'Object Repository/PharmacyRequest/Page_Store/select_--Select--BA50' counted

2018-05-17 13:17:18 - [TEST_STEP][PASSED] - Statement - For ([g = 1, g <= BatchNumber - 1, (g++)]): null

2018-05-17 13:17:18 - [TEST_STEP][PASSED] - selectOptionByIndex: All options with index in [1] are selected on object 'Object Repository/PharmacyRequest/Page_Store/select_--Select--BA50'

2018-05-17 13:17:19 - [MESSAGE][PASSED] - All options with index in [1] are selected on object 'Object Repository/PharmacyRequest/Page_Store/select_--Select--BA50'

2018-05-17 13:17:19 - [TEST_STEP][PASSED] - delay: Delayed 2 second(s)

2018-05-17 13:17:21 - [MESSAGE][PASSED] - Delayed 2 second(s)

2018-05-17 13:17:21 - [TEST_STEP][PASSED] - Statement - StockQty = com.kms.katalon.core.webui.keyword.WebUiBuiltInKeywords.getAttribute(com.kms.katalon.core.testobject.ObjectRepository.findTestObject(PharmacyRequest/Page_Store/input_txtprice), "value"): Attribute 'value' of object 'Object Repository/PharmacyRequest/Page_Store/input_txtprice' is: '1190'

2018-05-17 13:17:21 - [MESSAGE][PASSED] - Attribute 'value' of object 'Object Repository/PharmacyRequest/Page_Store/input_txtprice' is: '1190'

2018-05-17 13:17:21 - [TEST_STEP][PASSED] - Statement - out.println("Stock QTY : " + StockQty): null

2018-05-17 13:17:21 - [TEST_STEP][PASSED] - delay: Delayed 1 second(s)

2018-05-17 13:17:22 - [MESSAGE][PASSED] - Delayed 1 second(s)

2018-05-17 13:17:22 - [TEST_STEP][PASSED] - Statement - If (java.lang.Integer.valueOf(StockQty) >= java.lang.Integer.valueOf(RequestedQty)): null

2018-05-17 13:17:22 - [TEST_STEP][PASSED] - setText: Text '10' is set on object 'Object Repository/PharmacyRequest/Page_Store/input_txtqty'

2018-05-17 13:17:22 - [MESSAGE][PASSED] - Text '10' is set on object 'Object Repository/PharmacyRequest/Page_Store/input_txtqty'

2018-05-17 13:17:22 - [TEST_STEP][PASSED] - click: Object: 'Object Repository/PharmacyRequest/Page_Store/button_Add' is clicked on

2018-05-17 13:17:22 - [MESSAGE][PASSED] - Object: 'Object Repository/PharmacyRequest/Page_Store/button_Add' is clicked on

2018-05-17 13:17:22 - [TEST_STEP][PASSED] - Statement - Break: null

2018-05-17 13:17:22 - [TEST_STEP][PASSED] - selectOptionByIndex: All options with index in [8] are selected on object 'Object Repository/PharmacyRequest/Page_Store/select_--Select--Amlodepin -5'

2018-05-17 13:17:22 - [MESSAGE][PASSED] - All options with index in [8] are selected on object 'Object Repository/PharmacyRequest/Page_Store/select_--Select--Amlodepin -5'

2018-05-17 13:17:22 - [TEST_STEP][PASSED] - delay: Delayed 1 second(s)

2018-05-17 13:17:23 - [MESSAGE][PASSED] - Delayed 1 second(s)

2018-05-17 13:17:23 - [TEST_STEP][PASSED] - Statement - RequestedQty = com.kms.katalon.core.webui.keyword.WebUiBuiltInKeywords.getAttribute(com.kms.katalon.core.testobject.ObjectRepository.findTestObject(PharmacyRequest/Page_Store/input_txttotal), "value"): Attribute 'value' of object 'Object Repository/PharmacyRequest/Page_Store/input_txttotal' is: '10'

2018-05-17 13:17:23 - [MESSAGE][PASSED] - Attribute 'value' of object 'Object Repository/PharmacyRequest/Page_Store/input_txttotal' is: '10'

2018-05-17 13:17:23 - [TEST_STEP][PASSED] - Statement - out.println("Requested QTY : " + RequestedQty): null

2018-05-17 13:17:23 - [TEST_STEP][PASSED] - Statement - BatchNumber = com.kms.katalon.core.webui.keyword.WebUiBuiltInKeywords.getNumberOfTotalOption(com.kms.katalon.core.testobject.ObjectRepository.findTestObject(PharmacyRequest/Page_Store/select_--Select--BA50)): 3 options of object 'Object Repository/PharmacyRequest/Page_Store/select_--Select--BA50' counted

2018-05-17 13:17:23 - [MESSAGE][PASSED] - 3 options of object 'Object Repository/PharmacyRequest/Page_Store/select_--Select--BA50' counted

2018-05-17 13:17:23 - [TEST_STEP][PASSED] - Statement - For ([g = 1, g <= BatchNumber - 1, (g++)]): null

2018-05-17 13:17:23 - [TEST_STEP][PASSED] - selectOptionByIndex: All options with index in [1] are selected on object 'Object Repository/PharmacyRequest/Page_Store/select_--Select--BA50'

2018-05-17 13:17:23 - [MESSAGE][PASSED] - All options with index in [1] are selected on object 'Object Repository/PharmacyRequest/Page_Store/select_--Select--BA50'

2018-05-17 13:17:23 - [TEST_STEP][PASSED] - delay: Delayed 2 second(s)

2018-05-17 13:17:25 - [MESSAGE][PASSED] - Delayed 2 second(s)

2018-05-17 13:17:25 - [TEST_STEP][PASSED] - Statement - StockQty = com.kms.katalon.core.webui.keyword.WebUiBuiltInKeywords.getAttribute(com.kms.katalon.core.testobject.ObjectRepository.findTestObject(PharmacyRequest/Page_Store/input_txtprice), "value"): Attribute 'value' of object 'Object Repository/PharmacyRequest/Page_Store/input_txtprice' is: '990'

2018-05-17 13:17:25 - [MESSAGE][PASSED] - Attribute 'value' of object 'Object Repository/PharmacyRequest/Page_Store/input_txtprice' is: '990'

2018-05-17 13:17:25 - [TEST_STEP][PASSED] - Statement - out.println("Stock QTY : " + StockQty): null

2018-05-17 13:17:25 - [TEST_STEP][PASSED] - delay: Delayed 1 second(s)

2018-05-17 13:17:26 - [MESSAGE][PASSED] - Delayed 1 second(s)

2018-05-17 13:17:26 - [TEST_STEP][PASSED] - Statement - If (java.lang.Integer.valueOf(StockQty) >= java.lang.Integer.valueOf(RequestedQty)): null

2018-05-17 13:17:26 - [TEST_STEP][PASSED] - setText: Text '10' is set on object 'Object Repository/PharmacyRequest/Page_Store/input_txtqty'

2018-05-17 13:17:26 - [MESSAGE][PASSED] - Text '10' is set on object 'Object Repository/PharmacyRequest/Page_Store/input_txtqty'

2018-05-17 13:17:26 - [TEST_STEP][PASSED] - click: Object: 'Object Repository/PharmacyRequest/Page_Store/button_Add' is clicked on

2018-05-17 13:17:26 - [MESSAGE][PASSED] - Object: 'Object Repository/PharmacyRequest/Page_Store/button_Add' is clicked on

2018-05-17 13:17:26 - [TEST_STEP][PASSED] - Statement - Break: null

2018-05-17 13:17:26 - [TEST_STEP][PASSED] - selectOptionByIndex: All options with index in [9] are selected on object 'Object Repository/PharmacyRequest/Page_Store/select_--Select--Amlodepin -5'

2018-05-17 13:17:27 - [MESSAGE][PASSED] - All options with index in [9] are selected on object 'Object Repository/PharmacyRequest/Page_Store/select_--Select--Amlodepin -5'

2018-05-17 13:17:27 - [TEST_STEP][PASSED] - delay: Delayed 1 second(s)

2018-05-17 13:17:28 - [MESSAGE][PASSED] - Delayed 1 second(s)

2018-05-17 13:17:28 - [TEST_STEP][PASSED] - Statement - RequestedQty = com.kms.katalon.core.webui.keyword.WebUiBuiltInKeywords.getAttribute(com.kms.katalon.core.testobject.ObjectRepository.findTestObject(PharmacyRequest/Page_Store/input_txttotal), "value"): Attribute 'value' of object 'Object Repository/PharmacyRequest/Page_Store/input_txttotal' is: '10'

2018-05-17 13:17:28 - [MESSAGE][PASSED] - Attribute 'value' of object 'Object Repository/PharmacyRequest/Page_Store/input_txttotal' is: '10'

2018-05-17 13:17:28 - [TEST_STEP][PASSED] - Statement - out.println("Requested QTY : " + RequestedQty): null

2018-05-17 13:17:28 - [TEST_STEP][PASSED] - Statement - BatchNumber = com.kms.katalon.core.webui.keyword.WebUiBuiltInKeywords.getNumberOfTotalOption(com.kms.katalon.core.testobject.ObjectRepository.findTestObject(PharmacyRequest/Page_Store/select_--Select--BA50)): 2 options of object 'Object Repository/PharmacyRequest/Page_Store/select_--Select--BA50' counted

2018-05-17 13:17:28 - [MESSAGE][PASSED] - 2 options of object 'Object Repository/PharmacyRequest/Page_Store/select_--Select--BA50' counted

2018-05-17 13:17:28 - [TEST_STEP][PASSED] - Statement - For ([g = 1, g <= BatchNumber - 1, (g++)]): null

2018-05-17 13:17:28 - [TEST_STEP][PASSED] - selectOptionByIndex: All options with index in [1] are selected on object 'Object Repository/PharmacyRequest/Page_Store/select_--Select--BA50'

2018-05-17 13:17:28 - [MESSAGE][PASSED] - All options with index in [1] are selected on object 'Object Repository/PharmacyRequest/Page_Store/select_--Select--BA50'

2018-05-17 13:17:28 - [TEST_STEP][PASSED] - delay: Delayed 2 second(s)

2018-05-17 13:17:30 - [MESSAGE][PASSED] - Delayed 2 second(s)

2018-05-17 13:17:30 - [TEST_STEP][PASSED] - Statement - StockQty = com.kms.katalon.core.webui.keyword.WebUiBuiltInKeywords.getAttribute(com.kms.katalon.core.testobject.ObjectRepository.findTestObject(PharmacyRequest/Page_Store/input_txtprice), "value"): Attribute 'value' of object 'Object Repository/PharmacyRequest/Page_Store/input_txtprice' is: '1190'

2018-05-17 13:17:30 - [MESSAGE][PASSED] - Attribute 'value' of object 'Object Repository/PharmacyRequest/Page_Store/input_txtprice' is: '1190'

2018-05-17 13:17:30 - [TEST_STEP][PASSED] - Statement - out.println("Stock QTY : " + StockQty): null

2018-05-17 13:17:30 - [TEST_STEP][PASSED] - delay: Delayed 1 second(s)

2018-05-17 13:17:31 - [MESSAGE][PASSED] - Delayed 1 second(s)

2018-05-17 13:17:31 - [TEST_STEP][PASSED] - Statement - If (java.lang.Integer.valueOf(StockQty) >= java.lang.Integer.valueOf(RequestedQty)): null

2018-05-17 13:17:31 - [TEST_STEP][PASSED] - setText: Text '10' is set on object 'Object Repository/PharmacyRequest/Page_Store/input_txtqty'

2018-05-17 13:17:31 - [MESSAGE][PASSED] - Text '10' is set on object 'Object Repository/PharmacyRequest/Page_Store/input_txtqty'

2018-05-17 13:17:31 - [TEST_STEP][PASSED] - click: Object: 'Object Repository/PharmacyRequest/Page_Store/button_Add' is clicked on

2018-05-17 13:17:31 - [MESSAGE][PASSED] - Object: 'Object Repository/PharmacyRequest/Page_Store/button_Add' is clicked on

2018-05-17 13:17:31 - [TEST_STEP][PASSED] - Statement - Break: null

2018-05-17 13:17:31 - [TEST_STEP][PASSED] - selectOptionByIndex: All options with index in [10] are selected on object 'Object Repository/PharmacyRequest/Page_Store/select_--Select--Amlodepin -5'

2018-05-17 13:17:31 - [MESSAGE][PASSED] - All options with index in [10] are selected on object 'Object Repository/PharmacyRequest/Page_Store/select_--Select--Amlodepin -5'

2018-05-17 13:17:31 - [TEST_STEP][PASSED] - delay: Delayed 1 second(s)

2018-05-17 13:17:32 - [MESSAGE][PASSED] - Delayed 1 second(s)

2018-05-17 13:17:32 - [TEST_STEP][PASSED] - Statement - RequestedQty = com.kms.katalon.core.webui.keyword.WebUiBuiltInKeywords.getAttribute(com.kms.katalon.core.testobject.ObjectRepository.findTestObject(PharmacyRequest/Page_Store/input_txttotal), "value"): Attribute 'value' of object 'Object Repository/PharmacyRequest/Page_Store/input_txttotal' is: '10'

2018-05-17 13:17:32 - [MESSAGE][PASSED] - Attribute 'value' of object 'Object Repository/PharmacyRequest/Page_Store/input_txttotal' is: '10'

2018-05-17 13:17:32 - [TEST_STEP][PASSED] - Statement - out.println("Requested QTY : " + RequestedQty): null

2018-05-17 13:17:32 - [TEST_STEP][PASSED] - Statement - BatchNumber = com.kms.katalon.core.webui.keyword.WebUiBuiltInKeywords.getNumberOfTotalOption(com.kms.katalon.core.testobject.ObjectRepository.findTestObject(PharmacyRequest/Page_Store/select_--Select--BA50)): 3 options of object 'Object Repository/PharmacyRequest/Page_Store/select_--Select--BA50' counted

2018-05-17 13:17:32 - [MESSAGE][PASSED] - 3 options of object 'Object Repository/PharmacyRequest/Page_Store/select_--Select--BA50' counted

2018-05-17 13:17:32 - [TEST_STEP][PASSED] - Statement - For ([g = 1, g <= BatchNumber - 1, (g++)]): null

2018-05-17 13:17:32 - [TEST_STEP][PASSED] - selectOptionByIndex: All options with index in [1] are selected on object 'Object Repository/PharmacyRequest/Page_Store/select_--Select--BA50'

2018-05-17 13:17:32 - [MESSAGE][PASSED] - All options with index in [1] are selected on object 'Object Repository/PharmacyRequest/Page_Store/select_--Select--BA50'

2018-05-17 13:17:32 - [TEST_STEP][PASSED] - delay: Delayed 2 second(s)

2018-05-17 13:17:34 - [MESSAGE][PASSED] - Delayed 2 second(s)

2018-05-17 13:17:34 - [TEST_STEP][PASSED] - Statement - StockQty = com.kms.katalon.core.webui.keyword.WebUiBuiltInKeywords.getAttribute(com.kms.katalon.core.testobject.ObjectRepository.findTestObject(PharmacyRequest/Page_Store/input_txtprice), "value"): Attribute 'value' of object 'Object Repository/PharmacyRequest/Page_Store/input_txtprice' is: '990'

2018-05-17 13:17:34 - [MESSAGE][PASSED] - Attribute 'value' of object 'Object Repository/PharmacyRequest/Page_Store/input_txtprice' is: '990'

2018-05-17 13:17:34 - [TEST_STEP][PASSED] - Statement - out.println("Stock QTY : " + StockQty): null

2018-05-17 13:17:34 - [TEST_STEP][PASSED] - delay: Delayed 1 second(s)

2018-05-17 13:17:35 - [MESSAGE][PASSED] - Delayed 1 second(s)

2018-05-17 13:17:35 - [TEST_STEP][PASSED] - Statement - If (java.lang.Integer.valueOf(StockQty) >= java.lang.Integer.valueOf(RequestedQty)): null

2018-05-17 13:17:35 - [TEST_STEP][PASSED] - setText: Text '10' is set on object 'Object Repository/PharmacyRequest/Page_Store/input_txtqty'

2018-05-17 13:17:36 - [MESSAGE][PASSED] - Text '10' is set on object 'Object Repository/PharmacyRequest/Page_Store/input_txtqty'

2018-05-17 13:17:36 - [TEST_STEP][PASSED] - click: Object: 'Object Repository/PharmacyRequest/Page_Store/button_Add' is clicked on

2018-05-17 13:17:36 - [MESSAGE][PASSED] - Object: 'Object Repository/PharmacyRequest/Page_Store/button_Add' is clicked on

2018-05-17 13:17:36 - [TEST_STEP][PASSED] - Statement - Break: null

2018-05-17 13:17:36 - [TEST_STEP][PASSED] - selectOptionByIndex: All options with index in [11] are selected on object 'Object Repository/PharmacyRequest/Page_Store/select_--Select--Amlodepin -5'

2018-05-17 13:17:36 - [MESSAGE][PASSED] - All options with index in [11] are selected on object 'Object Repository/PharmacyRequest/Page_Store/select_--Select--Amlodepin -5'

2018-05-17 13:17:36 - [TEST_STEP][PASSED] - delay: Delayed 1 second(s)

2018-05-17 13:17:37 - [MESSAGE][PASSED] - Delayed 1 second(s)

2018-05-17 13:17:37 - [TEST_STEP][PASSED] - Statement - RequestedQty = com.kms.katalon.core.webui.keyword.WebUiBuiltInKeywords.getAttribute(com.kms.katalon.core.testobject.ObjectRepository.findTestObject(PharmacyRequest/Page_Store/input_txttotal), "value"): Attribute 'value' of object 'Object Repository/PharmacyRequest/Page_Store/input_txttotal' is: '10'

2018-05-17 13:17:37 - [MESSAGE][PASSED] - Attribute 'value' of object 'Object Repository/PharmacyRequest/Page_Store/input_txttotal' is: '10'

2018-05-17 13:17:37 - [TEST_STEP][PASSED] - Statement - out.println("Requested QTY : " + RequestedQty): null

2018-05-17 13:17:37 - [TEST_STEP][PASSED] - Statement - BatchNumber = com.kms.katalon.core.webui.keyword.WebUiBuiltInKeywords.getNumberOfTotalOption(com.kms.katalon.core.testobject.ObjectRepository.findTestObject(PharmacyRequest/Page_Store/select_--Select--BA50)): 2 options of object 'Object Repository/PharmacyRequest/Page_Store/select_--Select--BA50' counted

2018-05-17 13:17:37 - [MESSAGE][PASSED] - 2 options of object 'Object Repository/PharmacyRequest/Page_Store/select_--Select--BA50' counted

2018-05-17 13:17:37 - [TEST_STEP][PASSED] - Statement - For ([g = 1, g <= BatchNumber - 1, (g++)]): null

2018-05-17 13:17:37 - [TEST_STEP][PASSED] - selectOptionByIndex: All options with index in [1] are selected on object 'Object Repository/PharmacyRequest/Page_Store/select_--Select--BA50'

2018-05-17 13:17:37 - [MESSAGE][PASSED] - All options with index in [1] are selected on object 'Object Repository/PharmacyRequest/Page_Store/select_--Select--BA50'

2018-05-17 13:17:37 - [TEST_STEP][PASSED] - delay: Delayed 2 second(s)

2018-05-17 13:17:39 - [MESSAGE][PASSED] - Delayed 2 second(s)

2018-05-17 13:17:39 - [TEST_STEP][PASSED] - Statement - StockQty = com.kms.katalon.core.webui.keyword.WebUiBuiltInKeywords.getAttribute(com.kms.katalon.core.testobject.ObjectRepository.findTestObject(PharmacyRequest/Page_Store/input_txtprice), "value"): Attribute 'value' of object 'Object Repository/PharmacyRequest/Page_Store/input_txtprice' is: '1190'

2018-05-17 13:17:39 - [MESSAGE][PASSED] - Attribute 'value' of object 'Object Repository/PharmacyRequest/Page_Store/input_txtprice' is: '1190'

2018-05-17 13:17:39 - [TEST_STEP][PASSED] - Statement - out.println("Stock QTY : " + StockQty): null

2018-05-17 13:17:39 - [TEST_STEP][PASSED] - delay: Delayed 1 second(s)

2018-05-17 13:17:40 - [MESSAGE][PASSED] - Delayed 1 second(s)

2018-05-17 13:17:40 - [TEST_STEP][PASSED] - Statement - If (java.lang.Integer.valueOf(StockQty) >= java.lang.Integer.valueOf(RequestedQty)): null

2018-05-17 13:17:40 - [TEST_STEP][PASSED] - setText: Text '10' is set on object 'Object Repository/PharmacyRequest/Page_Store/input_txtqty'

2018-05-17 13:17:40 - [MESSAGE][PASSED] - Text '10' is set on object 'Object Repository/PharmacyRequest/Page_Store/input_txtqty'

2018-05-17 13:17:40 - [TEST_STEP][PASSED] - click: Object: 'Object Repository/PharmacyRequest/Page_Store/button_Add' is clicked on

2018-05-17 13:17:40 - [MESSAGE][PASSED] - Object: 'Object Repository/PharmacyRequest/Page_Store/button_Add' is clicked on

2018-05-17 13:17:40 - [TEST_STEP][PASSED] - Statement - Break: null

2018-05-17 13:17:40 - [TEST_STEP][PASSED] - selectOptionByIndex: All options with index in [12] are selected on object 'Object Repository/PharmacyRequest/Page_Store/select_--Select--Amlodepin -5'

2018-05-17 13:17:40 - [MESSAGE][PASSED] - All options with index in [12] are selected on object 'Object Repository/PharmacyRequest/Page_Store/select_--Select--Amlodepin -5'

2018-05-17 13:17:40 - [TEST_STEP][PASSED] - delay: Delayed 1 second(s)

2018-05-17 13:17:41 - [MESSAGE][PASSED] - Delayed 1 second(s)

2018-05-17 13:17:41 - [TEST_STEP][PASSED] - Statement - RequestedQty = com.kms.katalon.core.webui.keyword.WebUiBuiltInKeywords.getAttribute(com.kms.katalon.core.testobject.ObjectRepository.findTestObject(PharmacyRequest/Page_Store/input_txttotal), "value"): Attribute 'value' of object 'Object Repository/PharmacyRequest/Page_Store/input_txttotal' is: '10'

2018-05-17 13:17:42 - [MESSAGE][PASSED] - Attribute 'value' of object 'Object Repository/PharmacyRequest/Page_Store/input_txttotal' is: '10'

2018-05-17 13:17:42 - [TEST_STEP][PASSED] - Statement - out.println("Requested QTY : " + RequestedQty): null

2018-05-17 13:17:42 - [TEST_STEP][PASSED] - Statement - BatchNumber = com.kms.katalon.core.webui.keyword.WebUiBuiltInKeywords.getNumberOfTotalOption(com.kms.katalon.core.testobject.ObjectRepository.findTestObject(PharmacyRequest/Page_Store/select_--Select--BA50)): 3 options of object 'Object Repository/PharmacyRequest/Page_Store/select_--Select--BA50' counted

2018-05-17 13:17:42 - [MESSAGE][PASSED] - 3 options of object 'Object Repository/PharmacyRequest/Page_Store/select_--Select--BA50' counted

2018-05-17 13:17:42 - [TEST_STEP][PASSED] - Statement - For ([g = 1, g <= BatchNumber - 1, (g++)]): null

2018-05-17 13:17:42 - [TEST_STEP][PASSED] - selectOptionByIndex: All options with index in [1] are selected on object 'Object Repository/PharmacyRequest/Page_Store/select_--Select--BA50'

2018-05-17 13:17:42 - [MESSAGE][PASSED] - All options with index in [1] are selected on object 'Object Repository/PharmacyRequest/Page_Store/select_--Select--BA50'

2018-05-17 13:17:42 - [TEST_STEP][PASSED] - delay: Delayed 2 second(s)

2018-05-17 13:17:44 - [MESSAGE][PASSED] - Delayed 2 second(s)

2018-05-17 13:17:44 - [TEST_STEP][PASSED] - Statement - StockQty = com.kms.katalon.core.webui.keyword.WebUiBuiltInKeywords.getAttribute(com.kms.katalon.core.testobject.ObjectRepository.findTestObject(PharmacyRequest/Page_Store/input_txtprice), "value"): Attribute 'value' of object 'Object Repository/PharmacyRequest/Page_Store/input_txtprice' is: '990'

2018-05-17 13:17:44 - [MESSAGE][PASSED] - Attribute 'value' of object 'Object Repository/PharmacyRequest/Page_Store/input_txtprice' is: '990'

2018-05-17 13:17:44 - [TEST_STEP][PASSED] - Statement - out.println("Stock QTY : " + StockQty): null

2018-05-17 13:17:44 - [TEST_STEP][PASSED] - delay: Delayed 1 second(s)

2018-05-17 13:17:45 - [MESSAGE][PASSED] - Delayed 1 second(s)

2018-05-17 13:17:45 - [TEST_STEP][PASSED] - Statement - If (java.lang.Integer.valueOf(StockQty) >= java.lang.Integer.valueOf(RequestedQty)): null

2018-05-17 13:17:45 - [TEST_STEP][PASSED] - setText: Text '10' is set on object 'Object Repository/PharmacyRequest/Page_Store/input_txtqty'

2018-05-17 13:17:45 - [MESSAGE][PASSED] - Text '10' is set on object 'Object Repository/PharmacyRequest/Page_Store/input_txtqty'

2018-05-17 13:17:45 - [TEST_STEP][PASSED] - click: Object: 'Object Repository/PharmacyRequest/Page_Store/button_Add' is clicked on

2018-05-17 13:17:45 - [MESSAGE][PASSED] - Object: 'Object Repository/PharmacyRequest/Page_Store/button_Add' is clicked on

2018-05-17 13:17:45 - [TEST_STEP][PASSED] - Statement - Break: null

2018-05-17 13:17:45 - [TEST_STEP][PASSED] - selectOptionByIndex: All options with index in [13] are selected on object 'Object Repository/PharmacyRequest/Page_Store/select_--Select--Amlodepin -5'

2018-05-17 13:17:45 - [MESSAGE][PASSED] - All options with index in [13] are selected on object 'Object Repository/PharmacyRequest/Page_Store/select_--Select--Amlodepin -5'

2018-05-17 13:17:45 - [TEST_STEP][PASSED] - delay: Delayed 1 second(s)

2018-05-17 13:17:46 - [MESSAGE][PASSED] - Delayed 1 second(s)

2018-05-17 13:17:46 - [TEST_STEP][PASSED] - Statement - RequestedQty = com.kms.katalon.core.webui.keyword.WebUiBuiltInKeywords.getAttribute(com.kms.katalon.core.testobject.ObjectRepository.findTestObject(PharmacyRequest/Page_Store/input_txttotal), "value"): Attribute 'value' of object 'Object Repository/PharmacyRequest/Page_Store/input_txttotal' is: '10'

2018-05-17 13:17:46 - [MESSAGE][PASSED] - Attribute 'value' of object 'Object Repository/PharmacyRequest/Page_Store/input_txttotal' is: '10'

2018-05-17 13:17:46 - [TEST_STEP][PASSED] - Statement - out.println("Requested QTY : " + RequestedQty): null

2018-05-17 13:17:46 - [TEST_STEP][PASSED] - Statement - BatchNumber = com.kms.katalon.core.webui.keyword.WebUiBuiltInKeywords.getNumberOfTotalOption(com.kms.katalon.core.testobject.ObjectRepository.findTestObject(PharmacyRequest/Page_Store/select_--Select--BA50)): 2 options of object 'Object Repository/PharmacyRequest/Page_Store/select_--Select--BA50' counted

2018-05-17 13:17:46 - [MESSAGE][PASSED] - 2 options of object 'Object Repository/PharmacyRequest/Page_Store/select_--Select--BA50' counted

2018-05-17 13:17:46 - [TEST_STEP][PASSED] - Statement - For ([g = 1, g <= BatchNumber - 1, (g++)]): null

2018-05-17 13:17:46 - [TEST_STEP][PASSED] - selectOptionByIndex: All options with index in [1] are selected on object 'Object Repository/PharmacyRequest/Page_Store/select_--Select--BA50'

2018-05-17 13:17:46 - [MESSAGE][PASSED] - All options with index in [1] are selected on object 'Object Repository/PharmacyRequest/Page_Store/select_--Select--BA50'

2018-05-17 13:17:46 - [TEST_STEP][PASSED] - delay: Delayed 2 second(s)

2018-05-17 13:17:48 - [MESSAGE][PASSED] - Delayed 2 second(s)

2018-05-17 13:17:48 - [TEST_STEP][PASSED] - Statement - StockQty = com.kms.katalon.core.webui.keyword.WebUiBuiltInKeywords.getAttribute(com.kms.katalon.core.testobject.ObjectRepository.findTestObject(PharmacyRequest/Page_Store/input_txtprice), "value"): Attribute 'value' of object 'Object Repository/PharmacyRequest/Page_Store/input_txtprice' is: '1190'

2018-05-17 13:17:48 - [MESSAGE][PASSED] - Attribute 'value' of object 'Object Repository/PharmacyRequest/Page_Store/input_txtprice' is: '1190'

2018-05-17 13:17:48 - [TEST_STEP][PASSED] - Statement - out.println("Stock QTY : " + StockQty): null

2018-05-17 13:17:48 - [TEST_STEP][PASSED] - delay: Delayed 1 second(s)

2018-05-17 13:17:49 - [MESSAGE][PASSED] - Delayed 1 second(s)

2018-05-17 13:17:49 - [TEST_STEP][PASSED] - Statement - If (java.lang.Integer.valueOf(StockQty) >= java.lang.Integer.valueOf(RequestedQty)): null

2018-05-17 13:17:49 - [TEST_STEP][PASSED] - setText: Text '10' is set on object 'Object Repository/PharmacyRequest/Page_Store/input_txtqty'

2018-05-17 13:17:49 - [MESSAGE][PASSED] - Text '10' is set on object 'Object Repository/PharmacyRequest/Page_Store/input_txtqty'

2018-05-17 13:17:49 - [TEST_STEP][PASSED] - click: Object: 'Object Repository/PharmacyRequest/Page_Store/button_Add' is clicked on

2018-05-17 13:17:50 - [MESSAGE][PASSED] - Object: 'Object Repository/PharmacyRequest/Page_Store/button_Add' is clicked on

2018-05-17 13:17:50 - [TEST_STEP][PASSED] - Statement - Break: null

2018-05-17 13:17:50 - [TEST_STEP][PASSED] - selectOptionByIndex: All options with index in [14] are selected on object 'Object Repository/PharmacyRequest/Page_Store/select_--Select--Amlodepin -5'

2018-05-17 13:17:50 - [MESSAGE][PASSED] - All options with index in [14] are selected on object 'Object Repository/PharmacyRequest/Page_Store/select_--Select--Amlodepin -5'

2018-05-17 13:17:50 - [TEST_STEP][PASSED] - delay: Delayed 1 second(s)

2018-05-17 13:17:51 - [MESSAGE][PASSED] - Delayed 1 second(s)

2018-05-17 13:17:51 - [TEST_STEP][PASSED] - Statement - RequestedQty = com.kms.katalon.core.webui.keyword.WebUiBuiltInKeywords.getAttribute(com.kms.katalon.core.testobject.ObjectRepository.findTestObject(PharmacyRequest/Page_Store/input_txttotal), "value"): Attribute 'value' of object 'Object Repository/PharmacyRequest/Page_Store/input_txttotal' is: '10'

2018-05-17 13:17:51 - [MESSAGE][PASSED] - Attribute 'value' of object 'Object Repository/PharmacyRequest/Page_Store/input_txttotal' is: '10'

2018-05-17 13:17:51 - [TEST_STEP][PASSED] - Statement - out.println("Requested QTY : " + RequestedQty): null

2018-05-17 13:17:51 - [TEST_STEP][PASSED] - Statement - BatchNumber = com.kms.katalon.core.webui.keyword.WebUiBuiltInKeywords.getNumberOfTotalOption(com.kms.katalon.core.testobject.ObjectRepository.findTestObject(PharmacyRequest/Page_Store/select_--Select--BA50)): 2 options of object 'Object Repository/PharmacyRequest/Page_Store/select_--Select--BA50' counted

2018-05-17 13:17:51 - [MESSAGE][PASSED] - 2 options of object 'Object Repository/PharmacyRequest/Page_Store/select_--Select--BA50' counted

2018-05-17 13:17:51 - [TEST_STEP][PASSED] - Statement - For ([g = 1, g <= BatchNumber - 1, (g++)]): null

2018-05-17 13:17:51 - [TEST_STEP][PASSED] - selectOptionByIndex: All options with index in [1] are selected on object 'Object Repository/PharmacyRequest/Page_Store/select_--Select--BA50'

2018-05-17 13:17:51 - [MESSAGE][PASSED] - All options with index in [1] are selected on object 'Object Repository/PharmacyRequest/Page_Store/select_--Select--BA50'

2018-05-17 13:17:51 - [TEST_STEP][PASSED] - delay: Delayed 2 second(s)

2018-05-17 13:17:53 - [MESSAGE][PASSED] - Delayed 2 second(s)

2018-05-17 13:17:53 - [TEST_STEP][PASSED] - Statement - StockQty = com.kms.katalon.core.webui.keyword.WebUiBuiltInKeywords.getAttribute(com.kms.katalon.core.testobject.ObjectRepository.findTestObject(PharmacyRequest/Page_Store/input_txtprice), "value"): Attribute 'value' of object 'Object Repository/PharmacyRequest/Page_Store/input_txtprice' is: '1190'

2018-05-17 13:17:53 - [MESSAGE][PASSED] - Attribute 'value' of object 'Object Repository/PharmacyRequest/Page_Store/input_txtprice' is: '1190'

2018-05-17 13:17:53 - [TEST_STEP][PASSED] - Statement - out.println("Stock QTY : " + StockQty): null

2018-05-17 13:17:53 - [TEST_STEP][PASSED] - delay: Delayed 1 second(s)

2018-05-17 13:17:54 - [MESSAGE][PASSED] - Delayed 1 second(s)

2018-05-17 13:17:54 - [TEST_STEP][PASSED] - Statement - If (java.lang.Integer.valueOf(StockQty) >= java.lang.Integer.valueOf(RequestedQty)): null

2018-05-17 13:17:54 - [TEST_STEP][PASSED] - setText: Text '10' is set on object 'Object Repository/PharmacyRequest/Page_Store/input_txtqty'

2018-05-17 13:17:54 - [MESSAGE][PASSED] - Text '10' is set on object 'Object Repository/PharmacyRequest/Page_Store/input_txtqty'

2018-05-17 13:17:54 - [TEST_STEP][PASSED] - click: Object: 'Object Repository/PharmacyRequest/Page_Store/button_Add' is clicked on

2018-05-17 13:17:54 - [MESSAGE][PASSED] - Object: 'Object Repository/PharmacyRequest/Page_Store/button_Add' is clicked on

2018-05-17 13:17:54 - [TEST_STEP][PASSED] - Statement - Break: null

2018-05-17 13:17:54 - [TEST_STEP][PASSED] - selectOptionByIndex: All options with index in [15] are selected on object 'Object Repository/PharmacyRequest/Page_Store/select_--Select--Amlodepin -5'

2018-05-17 13:17:54 - [MESSAGE][PASSED] - All options with index in [15] are selected on object 'Object Repository/PharmacyRequest/Page_Store/select_--Select--Amlodepin -5'

2018-05-17 13:17:54 - [TEST_STEP][PASSED] - delay: Delayed 1 second(s)

2018-05-17 13:17:55 - [MESSAGE][PASSED] - Delayed 1 second(s)

2018-05-17 13:17:55 - [TEST_STEP][PASSED] - Statement - RequestedQty = com.kms.katalon.core.webui.keyword.WebUiBuiltInKeywords.getAttribute(com.kms.katalon.core.testobject.ObjectRepository.findTestObject(PharmacyRequest/Page_Store/input_txttotal), "value"): Attribute 'value' of object 'Object Repository/PharmacyRequest/Page_Store/input_txttotal' is: '10'

2018-05-17 13:17:55 - [MESSAGE][PASSED] - Attribute 'value' of object 'Object Repository/PharmacyRequest/Page_Store/input_txttotal' is: '10'

2018-05-17 13:17:55 - [TEST_STEP][PASSED] - Statement - out.println("Requested QTY : " + RequestedQty): null

2018-05-17 13:17:55 - [TEST_STEP][PASSED] - Statement - BatchNumber = com.kms.katalon.core.webui.keyword.WebUiBuiltInKeywords.getNumberOfTotalOption(com.kms.katalon.core.testobject.ObjectRepository.findTestObject(PharmacyRequest/Page_Store/select_--Select--BA50)): 2 options of object 'Object Repository/PharmacyRequest/Page_Store/select_--Select--BA50' counted

2018-05-17 13:17:55 - [MESSAGE][PASSED] - 2 options of object 'Object Repository/PharmacyRequest/Page_Store/select_--Select--BA50' counted

2018-05-17 13:17:55 - [TEST_STEP][PASSED] - Statement - For ([g = 1, g <= BatchNumber - 1, (g++)]): null

2018-05-17 13:17:55 - [TEST_STEP][PASSED] - selectOptionByIndex: All options with index in [1] are selected on object 'Object Repository/PharmacyRequest/Page_Store/select_--Select--BA50'

2018-05-17 13:17:56 - [MESSAGE][PASSED] - All options with index in [1] are selected on object 'Object Repository/PharmacyRequest/Page_Store/select_--Select--BA50'

2018-05-17 13:17:56 - [TEST_STEP][PASSED] - delay: Delayed 2 second(s)

2018-05-17 13:17:58 - [MESSAGE][PASSED] - Delayed 2 second(s)

2018-05-17 13:17:58 - [TEST_STEP][PASSED] - Statement - StockQty = com.kms.katalon.core.webui.keyword.WebUiBuiltInKeywords.getAttribute(com.kms.katalon.core.testobject.ObjectRepository.findTestObject(PharmacyRequest/Page_Store/input_txtprice), "value"): Attribute 'value' of object 'Object Repository/PharmacyRequest/Page_Store/input_txtprice' is: '1170'

2018-05-17 13:17:58 - [MESSAGE][PASSED] - Attribute 'value' of object 'Object Repository/PharmacyRequest/Page_Store/input_txtprice' is: '1170'

2018-05-17 13:17:58 - [TEST_STEP][PASSED] - Statement - out.println("Stock QTY : " + StockQty): null

2018-05-17 13:17:58 - [TEST_STEP][PASSED] - delay: Delayed 1 second(s)

2018-05-17 13:17:59 - [MESSAGE][PASSED] - Delayed 1 second(s)

2018-05-17 13:17:59 - [TEST_STEP][PASSED] - Statement - If (java.lang.Integer.valueOf(StockQty) >= java.lang.Integer.valueOf(RequestedQty)): null

2018-05-17 13:17:59 - [TEST_STEP][PASSED] - setText: Text '10' is set on object 'Object Repository/PharmacyRequest/Page_Store/input_txtqty'

2018-05-17 13:17:59 - [MESSAGE][PASSED] - Text '10' is set on object 'Object Repository/PharmacyRequest/Page_Store/input_txtqty'

2018-05-17 13:17:59 - [TEST_STEP][PASSED] - click: Object: 'Object Repository/PharmacyRequest/Page_Store/button_Add' is clicked on

2018-05-17 13:17:59 - [MESSAGE][PASSED] - Object: 'Object Repository/PharmacyRequest/Page_Store/button_Add' is clicked on

2018-05-17 13:17:59 - [TEST_STEP][PASSED] - Statement - Break: null

2018-05-17 13:17:59 - [TEST_STEP][PASSED] - selectOptionByIndex: All options with index in [16] are selected on object 'Object Repository/PharmacyRequest/Page_Store/select_--Select--Amlodepin -5'

2018-05-17 13:17:59 - [MESSAGE][PASSED] - All options with index in [16] are selected on object 'Object Repository/PharmacyRequest/Page_Store/select_--Select--Amlodepin -5'

2018-05-17 13:17:59 - [TEST_STEP][PASSED] - delay: Delayed 1 second(s)

2018-05-17 13:18:00 - [MESSAGE][PASSED] - Delayed 1 second(s)

2018-05-17 13:18:00 - [TEST_STEP][PASSED] - Statement - RequestedQty = com.kms.katalon.core.webui.keyword.WebUiBuiltInKeywords.getAttribute(com.kms.katalon.core.testobject.ObjectRepository.findTestObject(PharmacyRequest/Page_Store/input_txttotal), "value"): Attribute 'value' of object 'Object Repository/PharmacyRequest/Page_Store/input_txttotal' is: '10'

2018-05-17 13:18:00 - [MESSAGE][PASSED] - Attribute 'value' of object 'Object Repository/PharmacyRequest/Page_Store/input_txttotal' is: '10'

2018-05-17 13:18:00 - [TEST_STEP][PASSED] - Statement - out.println("Requested QTY : " + RequestedQty): null

2018-05-17 13:18:00 - [TEST_STEP][PASSED] - Statement - BatchNumber = com.kms.katalon.core.webui.keyword.WebUiBuiltInKeywords.getNumberOfTotalOption(com.kms.katalon.core.testobject.ObjectRepository.findTestObject(PharmacyRequest/Page_Store/select_--Select--BA50)): 2 options of object 'Object Repository/PharmacyRequest/Page_Store/select_--Select--BA50' counted

2018-05-17 13:18:00 - [MESSAGE][PASSED] - 2 options of object 'Object Repository/PharmacyRequest/Page_Store/select_--Select--BA50' counted

2018-05-17 13:18:00 - [TEST_STEP][PASSED] - Statement - For ([g = 1, g <= BatchNumber - 1, (g++)]): null

2018-05-17 13:18:00 - [TEST_STEP][PASSED] - selectOptionByIndex: All options with index in [1] are selected on object 'Object Repository/PharmacyRequest/Page_Store/select_--Select--BA50'

2018-05-17 13:18:00 - [MESSAGE][PASSED] - All options with index in [1] are selected on object 'Object Repository/PharmacyRequest/Page_Store/select_--Select--BA50'

2018-05-17 13:18:00 - [TEST_STEP][PASSED] - delay: Delayed 2 second(s)

2018-05-17 13:18:02 - [MESSAGE][PASSED] - Delayed 2 second(s)

2018-05-17 13:18:02 - [TEST_STEP][PASSED] - Statement - StockQty = com.kms.katalon.core.webui.keyword.WebUiBuiltInKeywords.getAttribute(com.kms.katalon.core.testobject.ObjectRepository.findTestObject(PharmacyRequest/Page_Store/input_txtprice), "value"): Attribute 'value' of object 'Object Repository/PharmacyRequest/Page_Store/input_txtprice' is: '1190'

2018-05-17 13:18:02 - [MESSAGE][PASSED] - Attribute 'value' of object 'Object Repository/PharmacyRequest/Page_Store/input_txtprice' is: '1190'

2018-05-17 13:18:02 - [TEST_STEP][PASSED] - Statement - out.println("Stock QTY : " + StockQty): null

2018-05-17 13:18:02 - [TEST_STEP][PASSED] - delay: Delayed 1 second(s)

2018-05-17 13:18:03 - [MESSAGE][PASSED] - Delayed 1 second(s)

2018-05-17 13:18:03 - [TEST_STEP][PASSED] - Statement - If (java.lang.Integer.valueOf(StockQty) >= java.lang.Integer.valueOf(RequestedQty)): null

2018-05-17 13:18:03 - [TEST_STEP][PASSED] - setText: Text '10' is set on object 'Object Repository/PharmacyRequest/Page_Store/input_txtqty'

2018-05-17 13:18:03 - [MESSAGE][PASSED] - Text '10' is set on object 'Object Repository/PharmacyRequest/Page_Store/input_txtqty'

2018-05-17 13:18:03 - [TEST_STEP][PASSED] - click: Object: 'Object Repository/PharmacyRequest/Page_Store/button_Add' is clicked on

2018-05-17 13:18:03 - [MESSAGE][PASSED] - Object: 'Object Repository/PharmacyRequest/Page_Store/button_Add' is clicked on

2018-05-17 13:18:03 - [TEST_STEP][PASSED] - Statement - Break: null

2018-05-17 13:18:03 - [TEST_STEP][PASSED] - selectOptionByIndex: All options with index in [17] are selected on object 'Object Repository/PharmacyRequest/Page_Store/select_--Select--Amlodepin -5'

2018-05-17 13:18:04 - [MESSAGE][PASSED] - All options with index in [17] are selected on object 'Object Repository/PharmacyRequest/Page_Store/select_--Select--Amlodepin -5'

2018-05-17 13:18:04 - [TEST_STEP][PASSED] - delay: Delayed 1 second(s)

2018-05-17 13:18:05 - [MESSAGE][PASSED] - Delayed 1 second(s)

2018-05-17 13:18:05 - [TEST_STEP][PASSED] - Statement - RequestedQty = com.kms.katalon.core.webui.keyword.WebUiBuiltInKeywords.getAttribute(com.kms.katalon.core.testobject.ObjectRepository.findTestObject(PharmacyRequest/Page_Store/input_txttotal), "value"): Attribute 'value' of object 'Object Repository/PharmacyRequest/Page_Store/input_txttotal' is: '10'

2018-05-17 13:18:05 - [MESSAGE][PASSED] - Attribute 'value' of object 'Object Repository/PharmacyRequest/Page_Store/input_txttotal' is: '10'

2018-05-17 13:18:05 - [TEST_STEP][PASSED] - Statement - out.println("Requested QTY : " + RequestedQty): null

2018-05-17 13:18:05 - [TEST_STEP][PASSED] - Statement - BatchNumber = com.kms.katalon.core.webui.keyword.WebUiBuiltInKeywords.getNumberOfTotalOption(com.kms.katalon.core.testobject.ObjectRepository.findTestObject(PharmacyRequest/Page_Store/select_--Select--BA50)): 3 options of object 'Object Repository/PharmacyRequest/Page_Store/select_--Select--BA50' counted

2018-05-17 13:18:05 - [MESSAGE][PASSED] - 3 options of object 'Object Repository/PharmacyRequest/Page_Store/select_--Select--BA50' counted

2018-05-17 13:18:05 - [TEST_STEP][PASSED] - Statement - For ([g = 1, g <= BatchNumber - 1, (g++)]): null

2018-05-17 13:18:05 - [TEST_STEP][PASSED] - selectOptionByIndex: All options with index in [1] are selected on object 'Object Repository/PharmacyRequest/Page_Store/select_--Select--BA50'

2018-05-17 13:18:05 - [MESSAGE][PASSED] - All options with index in [1] are selected on object 'Object Repository/PharmacyRequest/Page_Store/select_--Select--BA50'

2018-05-17 13:18:05 - [TEST_STEP][PASSED] - delay: Delayed 2 second(s)

2018-05-17 13:18:07 - [MESSAGE][PASSED] - Delayed 2 second(s)

2018-05-17 13:18:07 - [TEST_STEP][PASSED] - Statement - StockQty = com.kms.katalon.core.webui.keyword.WebUiBuiltInKeywords.getAttribute(com.kms.katalon.core.testobject.ObjectRepository.findTestObject(PharmacyRequest/Page_Store/input_txtprice), "value"): Attribute 'value' of object 'Object Repository/PharmacyRequest/Page_Store/input_txtprice' is: '990'

2018-05-17 13:18:07 - [MESSAGE][PASSED] - Attribute 'value' of object 'Object Repository/PharmacyRequest/Page_Store/input_txtprice' is: '990'

2018-05-17 13:18:07 - [TEST_STEP][PASSED] - Statement - out.println("Stock QTY : " + StockQty): null

2018-05-17 13:18:07 - [TEST_STEP][PASSED] - delay: Delayed 1 second(s)

2018-05-17 13:18:08 - [MESSAGE][PASSED] - Delayed 1 second(s)

2018-05-17 13:18:08 - [TEST_STEP][PASSED] - Statement - If (java.lang.Integer.valueOf(StockQty) >= java.lang.Integer.valueOf(RequestedQty)): null

2018-05-17 13:18:08 - [TEST_STEP][PASSED] - setText: Text '10' is set on object 'Object Repository/PharmacyRequest/Page_Store/input_txtqty'

2018-05-17 13:18:08 - [MESSAGE][PASSED] - Text '10' is set on object 'Object Repository/PharmacyRequest/Page_Store/input_txtqty'

2018-05-17 13:18:08 - [TEST_STEP][PASSED] - click: Object: 'Object Repository/PharmacyRequest/Page_Store/button_Add' is clicked on

2018-05-17 13:18:08 - [MESSAGE][PASSED] - Object: 'Object Repository/PharmacyRequest/Page_Store/button_Add' is clicked on

2018-05-17 13:18:08 - [TEST_STEP][PASSED] - Statement - Break: null

2018-05-17 13:18:08 - [TEST_STEP][PASSED] - selectOptionByIndex: All options with index in [18] are selected on object 'Object Repository/PharmacyRequest/Page_Store/select_--Select--Amlodepin -5'

2018-05-17 13:18:08 - [MESSAGE][PASSED] - All options with index in [18] are selected on object 'Object Repository/PharmacyRequest/Page_Store/select_--Select--Amlodepin -5'

2018-05-17 13:18:08 - [TEST_STEP][PASSED] - delay: Delayed 1 second(s)

2018-05-17 13:18:09 - [MESSAGE][PASSED] - Delayed 1 second(s)

2018-05-17 13:18:09 - [TEST_STEP][PASSED] - Statement - RequestedQty = com.kms.katalon.core.webui.keyword.WebUiBuiltInKeywords.getAttribute(com.kms.katalon.core.testobject.ObjectRepository.findTestObject(PharmacyRequest/Page_Store/input_txttotal), "value"): Attribute 'value' of object 'Object Repository/PharmacyRequest/Page_Store/input_txttotal' is: '10'

2018-05-17 13:18:09 - [MESSAGE][PASSED] - Attribute 'value' of object 'Object Repository/PharmacyRequest/Page_Store/input_txttotal' is: '10'

2018-05-17 13:18:09 - [TEST_STEP][PASSED] - Statement - out.println("Requested QTY : " + RequestedQty): null

2018-05-17 13:18:09 - [TEST_STEP][PASSED] - Statement - BatchNumber = com.kms.katalon.core.webui.keyword.WebUiBuiltInKeywords.getNumberOfTotalOption(com.kms.katalon.core.testobject.ObjectRepository.findTestObject(PharmacyRequest/Page_Store/select_--Select--BA50)): 3 options of object 'Object Repository/PharmacyRequest/Page_Store/select_--Select--BA50' counted

2018-05-17 13:18:10 - [MESSAGE][PASSED] - 3 options of object 'Object Repository/PharmacyRequest/Page_Store/select_--Select--BA50' counted

2018-05-17 13:18:10 - [TEST_STEP][PASSED] - Statement - For ([g = 1, g <= BatchNumber - 1, (g++)]): null

2018-05-17 13:18:10 - [TEST_STEP][PASSED] - selectOptionByIndex: All options with index in [1] are selected on object 'Object Repository/PharmacyRequest/Page_Store/select_--Select--BA50'

2018-05-17 13:18:10 - [MESSAGE][PASSED] - All options with index in [1] are selected on object 'Object Repository/PharmacyRequest/Page_Store/select_--Select--BA50'

2018-05-17 13:18:10 - [TEST_STEP][PASSED] - delay: Delayed 2 second(s)

2018-05-17 13:18:12 - [MESSAGE][PASSED] - Delayed 2 second(s)

2018-05-17 13:18:12 - [TEST_STEP][PASSED] - Statement - StockQty = com.kms.katalon.core.webui.keyword.WebUiBuiltInKeywords.getAttribute(com.kms.katalon.core.testobject.ObjectRepository.findTestObject(PharmacyRequest/Page_Store/input_txtprice), "value"): Attribute 'value' of object 'Object Repository/PharmacyRequest/Page_Store/input_txtprice' is: '974'

2018-05-17 13:18:12 - [MESSAGE][PASSED] - Attribute 'value' of object 'Object Repository/PharmacyRequest/Page_Store/input_txtprice' is: '974'

2018-05-17 13:18:12 - [TEST_STEP][PASSED] - Statement - out.println("Stock QTY : " + StockQty): null

2018-05-17 13:18:12 - [TEST_STEP][PASSED] - delay: Delayed 1 second(s)

2018-05-17 13:18:13 - [MESSAGE][PASSED] - Delayed 1 second(s)

2018-05-17 13:18:13 - [TEST_STEP][PASSED] - Statement - If (java.lang.Integer.valueOf(StockQty) >= java.lang.Integer.valueOf(RequestedQty)): null

2018-05-17 13:18:13 - [TEST_STEP][PASSED] - setText: Text '10' is set on object 'Object Repository/PharmacyRequest/Page_Store/input_txtqty'

2018-05-17 13:18:13 - [MESSAGE][PASSED] - Text '10' is set on object 'Object Repository/PharmacyRequest/Page_Store/input_txtqty'

2018-05-17 13:18:13 - [TEST_STEP][PASSED] - click: Object: 'Object Repository/PharmacyRequest/Page_Store/button_Add' is clicked on

2018-05-17 13:18:13 - [MESSAGE][PASSED] - Object: 'Object Repository/PharmacyRequest/Page_Store/button_Add' is clicked on

2018-05-17 13:18:13 - [TEST_STEP][PASSED] - Statement - Break: null

2018-05-17 13:18:13 - [TEST_STEP][PASSED] - selectOptionByIndex: All options with index in [19] are selected on object 'Object Repository/PharmacyRequest/Page_Store/select_--Select--Amlodepin -5'

2018-05-17 13:18:13 - [MESSAGE][PASSED] - All options with index in [19] are selected on object 'Object Repository/PharmacyRequest/Page_Store/select_--Select--Amlodepin -5'

2018-05-17 13:18:13 - [TEST_STEP][PASSED] - delay: Delayed 1 second(s)

2018-05-17 13:18:14 - [MESSAGE][PASSED] - Delayed 1 second(s)

2018-05-17 13:18:14 - [TEST_STEP][PASSED] - Statement - RequestedQty = com.kms.katalon.core.webui.keyword.WebUiBuiltInKeywords.getAttribute(com.kms.katalon.core.testobject.ObjectRepository.findTestObject(PharmacyRequest/Page_Store/input_txttotal), "value"): Attribute 'value' of object 'Object Repository/PharmacyRequest/Page_Store/input_txttotal' is: '10'

2018-05-17 13:18:14 - [MESSAGE][PASSED] - Attribute 'value' of object 'Object Repository/PharmacyRequest/Page_Store/input_txttotal' is: '10'

2018-05-17 13:18:14 - [TEST_STEP][PASSED] - Statement - out.println("Requested QTY : " + RequestedQty): null

2018-05-17 13:18:14 - [TEST_STEP][PASSED] - Statement - BatchNumber = com.kms.katalon.core.webui.keyword.WebUiBuiltInKeywords.getNumberOfTotalOption(com.kms.katalon.core.testobject.ObjectRepository.findTestObject(PharmacyRequest/Page_Store/select_--Select--BA50)): 2 options of object 'Object Repository/PharmacyRequest/Page_Store/select_--Select--BA50' counted

2018-05-17 13:18:14 - [MESSAGE][PASSED] - 2 options of object 'Object Repository/PharmacyRequest/Page_Store/select_--Select--BA50' counted

2018-05-17 13:18:14 - [TEST_STEP][PASSED] - Statement - For ([g = 1, g <= BatchNumber - 1, (g++)]): null

2018-05-17 13:18:14 - [TEST_STEP][PASSED] - selectOptionByIndex: All options with index in [1] are selected on object 'Object Repository/PharmacyRequest/Page_Store/select_--Select--BA50'

2018-05-17 13:18:14 - [MESSAGE][PASSED] - All options with index in [1] are selected on object 'Object Repository/PharmacyRequest/Page_Store/select_--Select--BA50'

2018-05-17 13:18:14 - [TEST_STEP][PASSED] - delay: Delayed 2 second(s)

2018-05-17 13:18:16 - [MESSAGE][PASSED] - Delayed 2 second(s)

2018-05-17 13:18:16 - [TEST_STEP][PASSED] - Statement - StockQty = com.kms.katalon.core.webui.keyword.WebUiBuiltInKeywords.getAttribute(com.kms.katalon.core.testobject.ObjectRepository.findTestObject(PharmacyRequest/Page_Store/input_txtprice), "value"): Attribute 'value' of object 'Object Repository/PharmacyRequest/Page_Store/input_txtprice' is: '1190'

2018-05-17 13:18:16 - [MESSAGE][PASSED] - Attribute 'value' of object 'Object Repository/PharmacyRequest/Page_Store/input_txtprice' is: '1190'

2018-05-17 13:18:16 - [TEST_STEP][PASSED] - Statement - out.println("Stock QTY : " + StockQty): null

2018-05-17 13:18:16 - [TEST_STEP][PASSED] - delay: Delayed 1 second(s)

2018-05-17 13:18:17 - [MESSAGE][PASSED] - Delayed 1 second(s)

2018-05-17 13:18:17 - [TEST_STEP][PASSED] - Statement - If (java.lang.Integer.valueOf(StockQty) >= java.lang.Integer.valueOf(RequestedQty)): null

2018-05-17 13:18:17 - [TEST_STEP][PASSED] - setText: Text '10' is set on object 'Object Repository/PharmacyRequest/Page_Store/input_txtqty'

2018-05-17 13:18:17 - [MESSAGE][PASSED] - Text '10' is set on object 'Object Repository/PharmacyRequest/Page_Store/input_txtqty'

2018-05-17 13:18:17 - [TEST_STEP][PASSED] - click: Object: 'Object Repository/PharmacyRequest/Page_Store/button_Add' is clicked on

2018-05-17 13:18:18 - [MESSAGE][PASSED] - Object: 'Object Repository/PharmacyRequest/Page_Store/button_Add' is clicked on

2018-05-17 13:18:18 - [TEST_STEP][PASSED] - Statement - Break: null

2018-05-17 13:18:18 - [TEST_STEP][PASSED] - selectOptionByIndex: All options with index in [20] are selected on object 'Object Repository/PharmacyRequest/Page_Store/select_--Select--Amlodepin -5'

2018-05-17 13:18:18 - [MESSAGE][PASSED] - All options with index in [20] are selected on object 'Object Repository/PharmacyRequest/Page_Store/select_--Select--Amlodepin -5'

2018-05-17 13:18:18 - [TEST_STEP][PASSED] - delay: Delayed 1 second(s)

2018-05-17 13:18:19 - [MESSAGE][PASSED] - Delayed 1 second(s)

2018-05-17 13:18:19 - [TEST_STEP][PASSED] - Statement - RequestedQty = com.kms.katalon.core.webui.keyword.WebUiBuiltInKeywords.getAttribute(com.kms.katalon.core.testobject.ObjectRepository.findTestObject(PharmacyRequest/Page_Store/input_txttotal), "value"): Attribute 'value' of object 'Object Repository/PharmacyRequest/Page_Store/input_txttotal' is: '10'

2018-05-17 13:18:19 - [MESSAGE][PASSED] - Attribute 'value' of object 'Object Repository/PharmacyRequest/Page_Store/input_txttotal' is: '10'

2018-05-17 13:18:19 - [TEST_STEP][PASSED] - Statement - out.println("Requested QTY : " + RequestedQty): null

2018-05-17 13:18:19 - [TEST_STEP][PASSED] - Statement - BatchNumber = com.kms.katalon.core.webui.keyword.WebUiBuiltInKeywords.getNumberOfTotalOption(com.kms.katalon.core.testobject.ObjectRepository.findTestObject(PharmacyRequest/Page_Store/select_--Select--BA50)): 3 options of object 'Object Repository/PharmacyRequest/Page_Store/select_--Select--BA50' counted

2018-05-17 13:18:19 - [MESSAGE][PASSED] - 3 options of object 'Object Repository/PharmacyRequest/Page_Store/select_--Select--BA50' counted

2018-05-17 13:18:19 - [TEST_STEP][PASSED] - Statement - For ([g = 1, g <= BatchNumber - 1, (g++)]): null

2018-05-17 13:18:19 - [TEST_STEP][PASSED] - selectOptionByIndex: All options with index in [1] are selected on object 'Object Repository/PharmacyRequest/Page_Store/select_--Select--BA50'

2018-05-17 13:18:19 - [MESSAGE][PASSED] - All options with index in [1] are selected on object 'Object Repository/PharmacyRequest/Page_Store/select_--Select--BA50'

2018-05-17 13:18:19 - [TEST_STEP][PASSED] - delay: Delayed 2 second(s)

2018-05-17 13:18:21 - [MESSAGE][PASSED] - Delayed 2 second(s)

2018-05-17 13:18:21 - [TEST_STEP][PASSED] - Statement - StockQty = com.kms.katalon.core.webui.keyword.WebUiBuiltInKeywords.getAttribute(com.kms.katalon.core.testobject.ObjectRepository.findTestObject(PharmacyRequest/Page_Store/input_txtprice), "value"): Attribute 'value' of object 'Object Repository/PharmacyRequest/Page_Store/input_txtprice' is: '990'

2018-05-17 13:18:21 - [MESSAGE][PASSED] - Attribute 'value' of object 'Object Repository/PharmacyRequest/Page_Store/input_txtprice' is: '990'

2018-05-17 13:18:21 - [TEST_STEP][PASSED] - Statement - out.println("Stock QTY : " + StockQty): null

2018-05-17 13:18:21 - [TEST_STEP][PASSED] - delay: Delayed 1 second(s)

2018-05-17 13:18:22 - [MESSAGE][PASSED] - Delayed 1 second(s)

2018-05-17 13:18:22 - [TEST_STEP][PASSED] - Statement - If (java.lang.Integer.valueOf(StockQty) >= java.lang.Integer.valueOf(RequestedQty)): null

2018-05-17 13:18:22 - [TEST_STEP][PASSED] - setText: Text '10' is set on object 'Object Repository/PharmacyRequest/Page_Store/input_txtqty'

2018-05-17 13:18:22 - [MESSAGE][PASSED] - Text '10' is set on object 'Object Repository/PharmacyRequest/Page_Store/input_txtqty'

2018-05-17 13:18:22 - [TEST_STEP][PASSED] - click: Object: 'Object Repository/PharmacyRequest/Page_Store/button_Add' is clicked on

2018-05-17 13:18:22 - [MESSAGE][PASSED] - Object: 'Object Repository/PharmacyRequest/Page_Store/button_Add' is clicked on

2018-05-17 13:18:22 - [TEST_STEP][PASSED] - Statement - Break: null

2018-05-17 13:18:22 - [TEST_STEP][PASSED] - selectOptionByIndex: All options with index in [21] are selected on object 'Object Repository/PharmacyRequest/Page_Store/select_--Select--Amlodepin -5'

2018-05-17 13:18:23 - [MESSAGE][PASSED] - All options with index in [21] are selected on object 'Object Repository/PharmacyRequest/Page_Store/select_--Select--Amlodepin -5'

2018-05-17 13:18:23 - [TEST_STEP][PASSED] - delay: Delayed 1 second(s)

2018-05-17 13:18:24 - [MESSAGE][PASSED] - Delayed 1 second(s)

2018-05-17 13:18:24 - [TEST_STEP][PASSED] - Statement - RequestedQty = com.kms.katalon.core.webui.keyword.WebUiBuiltInKeywords.getAttribute(com.kms.katalon.core.testobject.ObjectRepository.findTestObject(PharmacyRequest/Page_Store/input_txttotal), "value"): Attribute 'value' of object 'Object Repository/PharmacyRequest/Page_Store/input_txttotal' is: '10'

2018-05-17 13:18:24 - [MESSAGE][PASSED] - Attribute 'value' of object 'Object Repository/PharmacyRequest/Page_Store/input_txttotal' is: '10'

2018-05-17 13:18:24 - [TEST_STEP][PASSED] - Statement - out.println("Requested QTY : " + RequestedQty): null

2018-05-17 13:18:24 - [TEST_STEP][PASSED] - Statement - BatchNumber = com.kms.katalon.core.webui.keyword.WebUiBuiltInKeywords.getNumberOfTotalOption(com.kms.katalon.core.testobject.ObjectRepository.findTestObject(PharmacyRequest/Page_Store/select_--Select--BA50)): 2 options of object 'Object Repository/PharmacyRequest/Page_Store/select_--Select--BA50' counted

2018-05-17 13:18:24 - [MESSAGE][PASSED] - 2 options of object 'Object Repository/PharmacyRequest/Page_Store/select_--Select--BA50' counted

2018-05-17 13:18:24 - [TEST_STEP][PASSED] - Statement - For ([g = 1, g <= BatchNumber - 1, (g++)]): null

2018-05-17 13:18:24 - [TEST_STEP][PASSED] - selectOptionByIndex: All options with index in [1] are selected on object 'Object Repository/PharmacyRequest/Page_Store/select_--Select--BA50'

2018-05-17 13:18:24 - [MESSAGE][PASSED] - All options with index in [1] are selected on object 'Object Repository/PharmacyRequest/Page_Store/select_--Select--BA50'

2018-05-17 13:18:24 - [TEST_STEP][PASSED] - delay: Delayed 2 second(s)

2018-05-17 13:18:26 - [MESSAGE][PASSED] - Delayed 2 second(s)

2018-05-17 13:18:26 - [TEST_STEP][PASSED] - Statement - StockQty = com.kms.katalon.core.webui.keyword.WebUiBuiltInKeywords.getAttribute(com.kms.katalon.core.testobject.ObjectRepository.findTestObject(PharmacyRequest/Page_Store/input_txtprice), "value"): Attribute 'value' of object 'Object Repository/PharmacyRequest/Page_Store/input_txtprice' is: '1190'

2018-05-17 13:18:26 - [MESSAGE][PASSED] - Attribute 'value' of object 'Object Repository/PharmacyRequest/Page_Store/input_txtprice' is: '1190'

2018-05-17 13:18:26 - [TEST_STEP][PASSED] - Statement - out.println("Stock QTY : " + StockQty): null

2018-05-17 13:18:26 - [TEST_STEP][PASSED] - delay: Delayed 1 second(s)

2018-05-17 13:18:27 - [MESSAGE][PASSED] - Delayed 1 second(s)

2018-05-17 13:18:27 - [TEST_STEP][PASSED] - Statement - If (java.lang.Integer.valueOf(StockQty) >= java.lang.Integer.valueOf(RequestedQty)): null

2018-05-17 13:18:27 - [TEST_STEP][PASSED] - setText: Text '10' is set on object 'Object Repository/PharmacyRequest/Page_Store/input_txtqty'

2018-05-17 13:18:27 - [MESSAGE][PASSED] - Text '10' is set on object 'Object Repository/PharmacyRequest/Page_Store/input_txtqty'

2018-05-17 13:18:27 - [TEST_STEP][PASSED] - click: Object: 'Object Repository/PharmacyRequest/Page_Store/button_Add' is clicked on

2018-05-17 13:18:27 - [MESSAGE][PASSED] - Object: 'Object Repository/PharmacyRequest/Page_Store/button_Add' is clicked on

2018-05-17 13:18:27 - [TEST_STEP][PASSED] - Statement - Break: null

2018-05-17 13:18:27 - [TEST_STEP][PASSED] - selectOptionByIndex: All options with index in [22] are selected on object 'Object Repository/PharmacyRequest/Page_Store/select_--Select--Amlodepin -5'

2018-05-17 13:18:27 - [MESSAGE][PASSED] - All options with index in [22] are selected on object 'Object Repository/PharmacyRequest/Page_Store/select_--Select--Amlodepin -5'

2018-05-17 13:18:27 - [TEST_STEP][PASSED] - delay: Delayed 1 second(s)

2018-05-17 13:18:28 - [MESSAGE][PASSED] - Delayed 1 second(s)

2018-05-17 13:18:28 - [TEST_STEP][PASSED] - Statement - RequestedQty = com.kms.katalon.core.webui.keyword.WebUiBuiltInKeywords.getAttribute(com.kms.katalon.core.testobject.ObjectRepository.findTestObject(PharmacyRequest/Page_Store/input_txttotal), "value"): Attribute 'value' of object 'Object Repository/PharmacyRequest/Page_Store/input_txttotal' is: '10'

2018-05-17 13:18:28 - [MESSAGE][PASSED] - Attribute 'value' of object 'Object Repository/PharmacyRequest/Page_Store/input_txttotal' is: '10'

2018-05-17 13:18:28 - [TEST_STEP][PASSED] - Statement - out.println("Requested QTY : " + RequestedQty): null

2018-05-17 13:18:28 - [TEST_STEP][PASSED] - Statement - BatchNumber = com.kms.katalon.core.webui.keyword.WebUiBuiltInKeywords.getNumberOfTotalOption(com.kms.katalon.core.testobject.ObjectRepository.findTestObject(PharmacyRequest/Page_Store/select_--Select--BA50)): 3 options of object 'Object Repository/PharmacyRequest/Page_Store/select_--Select--BA50' counted

2018-05-17 13:18:28 - [MESSAGE][PASSED] - 3 options of object 'Object Repository/PharmacyRequest/Page_Store/select_--Select--BA50' counted

2018-05-17 13:18:28 - [TEST_STEP][PASSED] - Statement - For ([g = 1, g <= BatchNumber - 1, (g++)]): null

2018-05-17 13:18:28 - [TEST_STEP][PASSED] - selectOptionByIndex: All options with index in [1] are selected on object 'Object Repository/PharmacyRequest/Page_Store/select_--Select--BA50'

2018-05-17 13:18:28 - [MESSAGE][PASSED] - All options with index in [1] are selected on object 'Object Repository/PharmacyRequest/Page_Store/select_--Select--BA50'

2018-05-17 13:18:28 - [TEST_STEP][PASSED] - delay: Delayed 2 second(s)

2018-05-17 13:18:30 - [MESSAGE][PASSED] - Delayed 2 second(s)

2018-05-17 13:18:30 - [TEST_STEP][PASSED] - Statement - StockQty = com.kms.katalon.core.webui.keyword.WebUiBuiltInKeywords.getAttribute(com.kms.katalon.core.testobject.ObjectRepository.findTestObject(PharmacyRequest/Page_Store/input_txtprice), "value"): Attribute 'value' of object 'Object Repository/PharmacyRequest/Page_Store/input_txtprice' is: '990'

2018-05-17 13:18:30 - [MESSAGE][PASSED] - Attribute 'value' of object 'Object Repository/PharmacyRequest/Page_Store/input_txtprice' is: '990'

2018-05-17 13:18:30 - [TEST_STEP][PASSED] - Statement - out.println("Stock QTY : " + StockQty): null

2018-05-17 13:18:30 - [TEST_STEP][PASSED] - delay: Delayed 1 second(s)

2018-05-17 13:18:31 - [MESSAGE][PASSED] - Delayed 1 second(s)

2018-05-17 13:18:31 - [TEST_STEP][PASSED] - Statement - If (java.lang.Integer.valueOf(StockQty) >= java.lang.Integer.valueOf(RequestedQty)): null

2018-05-17 13:18:31 - [TEST_STEP][PASSED] - setText: Text '10' is set on object 'Object Repository/PharmacyRequest/Page_Store/input_txtqty'

2018-05-17 13:18:32 - [MESSAGE][PASSED] - Text '10' is set on object 'Object Repository/PharmacyRequest/Page_Store/input_txtqty'

2018-05-17 13:18:32 - [TEST_STEP][PASSED] - click: Object: 'Object Repository/PharmacyRequest/Page_Store/button_Add' is clicked on

2018-05-17 13:18:32 - [MESSAGE][PASSED] - Object: 'Object Repository/PharmacyRequest/Page_Store/button_Add' is clicked on

2018-05-17 13:18:32 - [TEST_STEP][PASSED] - Statement - Break: null

2018-05-17 13:18:32 - [TEST_STEP][PASSED] - selectOptionByIndex: All options with index in [23] are selected on object 'Object Repository/PharmacyRequest/Page_Store/select_--Select--Amlodepin -5'

2018-05-17 13:18:32 - [MESSAGE][PASSED] - All options with index in [23] are selected on object 'Object Repository/PharmacyRequest/Page_Store/select_--Select--Amlodepin -5'

2018-05-17 13:18:32 - [TEST_STEP][PASSED] - delay: Delayed 1 second(s)

2018-05-17 13:18:33 - [MESSAGE][PASSED] - Delayed 1 second(s)

2018-05-17 13:18:33 - [TEST_STEP][PASSED] - Statement - RequestedQty = com.kms.katalon.core.webui.keyword.WebUiBuiltInKeywords.getAttribute(com.kms.katalon.core.testobject.ObjectRepository.findTestObject(PharmacyRequest/Page_Store/input_txttotal), "value"): Attribute 'value' of object 'Object Repository/PharmacyRequest/Page_Store/input_txttotal' is: '10'

2018-05-17 13:18:33 - [MESSAGE][PASSED] - Attribute 'value' of object 'Object Repository/PharmacyRequest/Page_Store/input_txttotal' is: '10'

2018-05-17 13:18:33 - [TEST_STEP][PASSED] - Statement - out.println("Requested QTY : " + RequestedQty): null

2018-05-17 13:18:33 - [TEST_STEP][PASSED] - Statement - BatchNumber = com.kms.katalon.core.webui.keyword.WebUiBuiltInKeywords.getNumberOfTotalOption(com.kms.katalon.core.testobject.ObjectRepository.findTestObject(PharmacyRequest/Page_Store/select_--Select--BA50)): 3 options of object 'Object Repository/PharmacyRequest/Page_Store/select_--Select--BA50' counted

2018-05-17 13:18:33 - [MESSAGE][PASSED] - 3 options of object 'Object Repository/PharmacyRequest/Page_Store/select_--Select--BA50' counted

2018-05-17 13:18:33 - [TEST_STEP][PASSED] - Statement - For ([g = 1, g <= BatchNumber - 1, (g++)]): null

2018-05-17 13:18:33 - [TEST_STEP][PASSED] - selectOptionByIndex: All options with index in [1] are selected on object 'Object Repository/PharmacyRequest/Page_Store/select_--Select--BA50'

2018-05-17 13:18:33 - [MESSAGE][PASSED] - All options with index in [1] are selected on object 'Object Repository/PharmacyRequest/Page_Store/select_--Select--BA50'

2018-05-17 13:18:33 - [TEST_STEP][PASSED] - delay: Delayed 2 second(s)

2018-05-17 13:18:35 - [MESSAGE][PASSED] - Delayed 2 second(s)

2018-05-17 13:18:35 - [TEST_STEP][PASSED] - Statement - StockQty = com.kms.katalon.core.webui.keyword.WebUiBuiltInKeywords.getAttribute(com.kms.katalon.core.testobject.ObjectRepository.findTestObject(PharmacyRequest/Page_Store/input_txtprice), "value"): Attribute 'value' of object 'Object Repository/PharmacyRequest/Page_Store/input_txtprice' is: '990'

2018-05-17 13:18:35 - [MESSAGE][PASSED] - Attribute 'value' of object 'Object Repository/PharmacyRequest/Page_Store/input_txtprice' is: '990'

2018-05-17 13:18:35 - [TEST_STEP][PASSED] - Statement - out.println("Stock QTY : " + StockQty): null

2018-05-17 13:18:35 - [TEST_STEP][PASSED] - delay: Delayed 1 second(s)

2018-05-17 13:18:36 - [MESSAGE][PASSED] - Delayed 1 second(s)

2018-05-17 13:18:36 - [TEST_STEP][PASSED] - Statement - If (java.lang.Integer.valueOf(StockQty) >= java.lang.Integer.valueOf(RequestedQty)): null

2018-05-17 13:18:36 - [TEST_STEP][PASSED] - setText: Text '10' is set on object 'Object Repository/PharmacyRequest/Page_Store/input_txtqty'

2018-05-17 13:18:36 - [MESSAGE][PASSED] - Text '10' is set on object 'Object Repository/PharmacyRequest/Page_Store/input_txtqty'

2018-05-17 13:18:36 - [TEST_STEP][PASSED] - click: Object: 'Object Repository/PharmacyRequest/Page_Store/button_Add' is clicked on

2018-05-17 13:18:36 - [MESSAGE][PASSED] - Object: 'Object Repository/PharmacyRequest/Page_Store/button_Add' is clicked on

2018-05-17 13:18:36 - [TEST_STEP][PASSED] - Statement - Break: null

2018-05-17 13:18:36 - [TEST_STEP][PASSED] - selectOptionByIndex: All options with index in [24] are selected on object 'Object Repository/PharmacyRequest/Page_Store/select_--Select--Amlodepin -5'

2018-05-17 13:18:37 - [MESSAGE][PASSED] - All options with index in [24] are selected on object 'Object Repository/PharmacyRequest/Page_Store/select_--Select--Amlodepin -5'

2018-05-17 13:18:37 - [TEST_STEP][PASSED] - delay: Delayed 1 second(s)

2018-05-17 13:18:38 - [MESSAGE][PASSED] - Delayed 1 second(s)

2018-05-17 13:18:38 - [TEST_STEP][PASSED] - Statement - RequestedQty = com.kms.katalon.core.webui.keyword.WebUiBuiltInKeywords.getAttribute(com.kms.katalon.core.testobject.ObjectRepository.findTestObject(PharmacyRequest/Page_Store/input_txttotal), "value"): Attribute 'value' of object 'Object Repository/PharmacyRequest/Page_Store/input_txttotal' is: '10'

2018-05-17 13:18:38 - [MESSAGE][PASSED] - Attribute 'value' of object 'Object Repository/PharmacyRequest/Page_Store/input_txttotal' is: '10'

2018-05-17 13:18:38 - [TEST_STEP][PASSED] - Statement - out.println("Requested QTY : " + RequestedQty): null

2018-05-17 13:18:38 - [TEST_STEP][PASSED] - Statement - BatchNumber = com.kms.katalon.core.webui.keyword.WebUiBuiltInKeywords.getNumberOfTotalOption(com.kms.katalon.core.testobject.ObjectRepository.findTestObject(PharmacyRequest/Page_Store/select_--Select--BA50)): 2 options of object 'Object Repository/PharmacyRequest/Page_Store/select_--Select--BA50' counted

2018-05-17 13:18:38 - [MESSAGE][PASSED] - 2 options of object 'Object Repository/PharmacyRequest/Page_Store/select_--Select--BA50' counted

2018-05-17 13:18:38 - [TEST_STEP][PASSED] - Statement - For ([g = 1, g <= BatchNumber - 1, (g++)]): null

2018-05-17 13:18:38 - [TEST_STEP][PASSED] - selectOptionByIndex: All options with index in [1] are selected on object 'Object Repository/PharmacyRequest/Page_Store/select_--Select--BA50'

2018-05-17 13:18:38 - [MESSAGE][PASSED] - All options with index in [1] are selected on object 'Object Repository/PharmacyRequest/Page_Store/select_--Select--BA50'

2018-05-17 13:18:38 - [TEST_STEP][PASSED] - delay: Delayed 2 second(s)

2018-05-17 13:18:40 - [MESSAGE][PASSED] - Delayed 2 second(s)

2018-05-17 13:18:40 - [TEST_STEP][PASSED] - Statement - StockQty = com.kms.katalon.core.webui.keyword.WebUiBuiltInKeywords.getAttribute(com.kms.katalon.core.testobject.ObjectRepository.findTestObject(PharmacyRequest/Page_Store/input_txtprice), "value"): Attribute 'value' of object 'Object Repository/PharmacyRequest/Page_Store/input_txtprice' is: '1190'

2018-05-17 13:18:40 - [MESSAGE][PASSED] - Attribute 'value' of object 'Object Repository/PharmacyRequest/Page_Store/input_txtprice' is: '1190'

2018-05-17 13:18:40 - [TEST_STEP][PASSED] - Statement - out.println("Stock QTY : " + StockQty): null

2018-05-17 13:18:40 - [TEST_STEP][PASSED] - delay: Delayed 1 second(s)

2018-05-17 13:18:41 - [MESSAGE][PASSED] - Delayed 1 second(s)

2018-05-17 13:18:41 - [TEST_STEP][PASSED] - Statement - If (java.lang.Integer.valueOf(StockQty) >= java.lang.Integer.valueOf(RequestedQty)): null

2018-05-17 13:18:41 - [TEST_STEP][PASSED] - setText: Text '10' is set on object 'Object Repository/PharmacyRequest/Page_Store/input_txtqty'

2018-05-17 13:18:41 - [MESSAGE][PASSED] - Text '10' is set on object 'Object Repository/PharmacyRequest/Page_Store/input_txtqty'

2018-05-17 13:18:41 - [TEST_STEP][PASSED] - click: Object: 'Object Repository/PharmacyRequest/Page_Store/button_Add' is clicked on

2018-05-17 13:18:41 - [MESSAGE][PASSED] - Object: 'Object Repository/PharmacyRequest/Page_Store/button_Add' is clicked on

2018-05-17 13:18:41 - [TEST_STEP][PASSED] - Statement - Break: null

2018-05-17 13:18:41 - [TEST_STEP][PASSED] - selectOptionByIndex: All options with index in [25] are selected on object 'Object Repository/PharmacyRequest/Page_Store/select_--Select--Amlodepin -5'

2018-05-17 13:18:41 - [MESSAGE][PASSED] - All options with index in [25] are selected on object 'Object Repository/PharmacyRequest/Page_Store/select_--Select--Amlodepin -5'

2018-05-17 13:18:41 - [TEST_STEP][PASSED] - delay: Delayed 1 second(s)

2018-05-17 13:18:42 - [MESSAGE][PASSED] - Delayed 1 second(s)

2018-05-17 13:18:42 - [TEST_STEP][PASSED] - Statement - RequestedQty = com.kms.katalon.core.webui.keyword.WebUiBuiltInKeywords.getAttribute(com.kms.katalon.core.testobject.ObjectRepository.findTestObject(PharmacyRequest/Page_Store/input_txttotal), "value"): Attribute 'value' of object 'Object Repository/PharmacyRequest/Page_Store/input_txttotal' is: '10'

2018-05-17 13:18:42 - [MESSAGE][PASSED] - Attribute 'value' of object 'Object Repository/PharmacyRequest/Page_Store/input_txttotal' is: '10'

2018-05-17 13:18:42 - [TEST_STEP][PASSED] - Statement - out.println("Requested QTY : " + RequestedQty): null

2018-05-17 13:18:42 - [TEST_STEP][PASSED] - Statement - BatchNumber = com.kms.katalon.core.webui.keyword.WebUiBuiltInKeywords.getNumberOfTotalOption(com.kms.katalon.core.testobject.ObjectRepository.findTestObject(PharmacyRequest/Page_Store/select_--Select--BA50)): 3 options of object 'Object Repository/PharmacyRequest/Page_Store/select_--Select--BA50' counted

2018-05-17 13:18:43 - [MESSAGE][PASSED] - 3 options of object 'Object Repository/PharmacyRequest/Page_Store/select_--Select--BA50' counted

2018-05-17 13:18:43 - [TEST_STEP][PASSED] - Statement - For ([g = 1, g <= BatchNumber - 1, (g++)]): null

2018-05-17 13:18:43 - [TEST_STEP][PASSED] - selectOptionByIndex: All options with index in [1] are selected on object 'Object Repository/PharmacyRequest/Page_Store/select_--Select--BA50'

2018-05-17 13:18:43 - [MESSAGE][PASSED] - All options with index in [1] are selected on object 'Object Repository/PharmacyRequest/Page_Store/select_--Select--BA50'

2018-05-17 13:18:43 - [TEST_STEP][PASSED] - delay: Delayed 2 second(s)

2018-05-17 13:18:45 - [MESSAGE][PASSED] - Delayed 2 second(s)

2018-05-17 13:18:45 - [TEST_STEP][PASSED] - Statement - StockQty = com.kms.katalon.core.webui.keyword.WebUiBuiltInKeywords.getAttribute(com.kms.katalon.core.testobject.ObjectRepository.findTestObject(PharmacyRequest/Page_Store/input_txtprice), "value"): Attribute 'value' of object 'Object Repository/PharmacyRequest/Page_Store/input_txtprice' is: '990'

2018-05-17 13:18:45 - [MESSAGE][PASSED] - Attribute 'value' of object 'Object Repository/PharmacyRequest/Page_Store/input_txtprice' is: '990'

2018-05-17 13:18:45 - [TEST_STEP][PASSED] - Statement - out.println("Stock QTY : " + StockQty): null

2018-05-17 13:18:45 - [TEST_STEP][PASSED] - delay: Delayed 1 second(s)

2018-05-17 13:18:46 - [MESSAGE][PASSED] - Delayed 1 second(s)

2018-05-17 13:18:46 - [TEST_STEP][PASSED] - Statement - If (java.lang.Integer.valueOf(StockQty) >= java.lang.Integer.valueOf(RequestedQty)): null

2018-05-17 13:18:46 - [TEST_STEP][PASSED] - setText: Text '10' is set on object 'Object Repository/PharmacyRequest/Page_Store/input_txtqty'

2018-05-17 13:18:46 - [MESSAGE][PASSED] - Text '10' is set on object 'Object Repository/PharmacyRequest/Page_Store/input_txtqty'

2018-05-17 13:18:46 - [TEST_STEP][PASSED] - click: Object: 'Object Repository/PharmacyRequest/Page_Store/button_Add' is clicked on

2018-05-17 13:18:46 - [MESSAGE][PASSED] - Object: 'Object Repository/PharmacyRequest/Page_Store/button_Add' is clicked on

2018-05-17 13:18:46 - [TEST_STEP][PASSED] - Statement - Break: null

2018-05-17 13:18:46 - [TEST_STEP][PASSED] - selectOptionByIndex: All options with index in [26] are selected on object 'Object Repository/PharmacyRequest/Page_Store/select_--Select--Amlodepin -5'

2018-05-17 13:18:46 - [MESSAGE][PASSED] - All options with index in [26] are selected on object 'Object Repository/PharmacyRequest/Page_Store/select_--Select--Amlodepin -5'

2018-05-17 13:18:46 - [TEST_STEP][PASSED] - delay: Delayed 1 second(s)

2018-05-17 13:18:47 - [MESSAGE][PASSED] - Delayed 1 second(s)

2018-05-17 13:18:47 - [TEST_STEP][PASSED] - Statement - RequestedQty = com.kms.katalon.core.webui.keyword.WebUiBuiltInKeywords.getAttribute(com.kms.katalon.core.testobject.ObjectRepository.findTestObject(PharmacyRequest/Page_Store/input_txttotal), "value"): Attribute 'value' of object 'Object Repository/PharmacyRequest/Page_Store/input_txttotal' is: '10'

2018-05-17 13:18:47 - [MESSAGE][PASSED] - Attribute 'value' of object 'Object Repository/PharmacyRequest/Page_Store/input_txttotal' is: '10'

2018-05-17 13:18:47 - [TEST_STEP][PASSED] - Statement - out.println("Requested QTY : " + RequestedQty): null

2018-05-17 13:18:47 - [TEST_STEP][PASSED] - Statement - BatchNumber = com.kms.katalon.core.webui.keyword.WebUiBuiltInKeywords.getNumberOfTotalOption(com.kms.katalon.core.testobject.ObjectRepository.findTestObject(PharmacyRequest/Page_Store/select_--Select--BA50)): 3 options of object 'Object Repository/PharmacyRequest/Page_Store/select_--Select--BA50' counted

2018-05-17 13:18:47 - [MESSAGE][PASSED] - 3 options of object 'Object Repository/PharmacyRequest/Page_Store/select_--Select--BA50' counted

2018-05-17 13:18:47 - [TEST_STEP][PASSED] - Statement - For ([g = 1, g <= BatchNumber - 1, (g++)]): null

2018-05-17 13:18:47 - [TEST_STEP][PASSED] - selectOptionByIndex: All options with index in [1] are selected on object 'Object Repository/PharmacyRequest/Page_Store/select_--Select--BA50'

2018-05-17 13:18:47 - [MESSAGE][PASSED] - All options with index in [1] are selected on object 'Object Repository/PharmacyRequest/Page_Store/select_--Select--BA50'

2018-05-17 13:18:47 - [TEST_STEP][PASSED] - delay: Delayed 2 second(s)

2018-05-17 13:18:49 - [MESSAGE][PASSED] - Delayed 2 second(s)

2018-05-17 13:18:49 - [TEST_STEP][PASSED] - Statement - StockQty = com.kms.katalon.core.webui.keyword.WebUiBuiltInKeywords.getAttribute(com.kms.katalon.core.testobject.ObjectRepository.findTestObject(PharmacyRequest/Page_Store/input_txtprice), "value"): Attribute 'value' of object 'Object Repository/PharmacyRequest/Page_Store/input_txtprice' is: '990'

2018-05-17 13:18:49 - [MESSAGE][PASSED] - Attribute 'value' of object 'Object Repository/PharmacyRequest/Page_Store/input_txtprice' is: '990'

2018-05-17 13:18:49 - [TEST_STEP][PASSED] - Statement - out.println("Stock QTY : " + StockQty): null

2018-05-17 13:18:49 - [TEST_STEP][PASSED] - delay: Delayed 1 second(s)

2018-05-17 13:18:50 - [MESSAGE][PASSED] - Delayed 1 second(s)

2018-05-17 13:18:50 - [TEST_STEP][PASSED] - Statement - If (java.lang.Integer.valueOf(StockQty) >= java.lang.Integer.valueOf(RequestedQty)): null

2018-05-17 13:18:50 - [TEST_STEP][PASSED] - setText: Text '10' is set on object 'Object Repository/PharmacyRequest/Page_Store/input_txtqty'

2018-05-17 13:18:51 - [MESSAGE][PASSED] - Text '10' is set on object 'Object Repository/PharmacyRequest/Page_Store/input_txtqty'

2018-05-17 13:18:51 - [TEST_STEP][PASSED] - click: Object: 'Object Repository/PharmacyRequest/Page_Store/button_Add' is clicked on

2018-05-17 13:18:51 - [MESSAGE][PASSED] - Object: 'Object Repository/PharmacyRequest/Page_Store/button_Add' is clicked on

2018-05-17 13:18:51 - [TEST_STEP][PASSED] - Statement - Break: null

2018-05-17 13:18:51 - [TEST_STEP][PASSED] - selectOptionByIndex: All options with index in [27] are selected on object 'Object Repository/PharmacyRequest/Page_Store/select_--Select--Amlodepin -5'

2018-05-17 13:18:51 - [MESSAGE][PASSED] - All options with index in [27] are selected on object 'Object Repository/PharmacyRequest/Page_Store/select_--Select--Amlodepin -5'

2018-05-17 13:18:51 - [TEST_STEP][PASSED] - delay: Delayed 1 second(s)

2018-05-17 13:18:52 - [MESSAGE][PASSED] - Delayed 1 second(s)

2018-05-17 13:18:52 - [TEST_STEP][PASSED] - Statement - RequestedQty = com.kms.katalon.core.webui.keyword.WebUiBuiltInKeywords.getAttribute(com.kms.katalon.core.testobject.ObjectRepository.findTestObject(PharmacyRequest/Page_Store/input_txttotal), "value"): Attribute 'value' of object 'Object Repository/PharmacyRequest/Page_Store/input_txttotal' is: '10'

2018-05-17 13:18:52 - [MESSAGE][PASSED] - Attribute 'value' of object 'Object Repository/PharmacyRequest/Page_Store/input_txttotal' is: '10'

2018-05-17 13:18:52 - [TEST_STEP][PASSED] - Statement - out.println("Requested QTY : " + RequestedQty): null

2018-05-17 13:18:52 - [TEST_STEP][PASSED] - Statement - BatchNumber = com.kms.katalon.core.webui.keyword.WebUiBuiltInKeywords.getNumberOfTotalOption(com.kms.katalon.core.testobject.ObjectRepository.findTestObject(PharmacyRequest/Page_Store/select_--Select--BA50)): 2 options of object 'Object Repository/PharmacyRequest/Page_Store/select_--Select--BA50' counted

2018-05-17 13:18:52 - [MESSAGE][PASSED] - 2 options of object 'Object Repository/PharmacyRequest/Page_Store/select_--Select--BA50' counted

2018-05-17 13:18:52 - [TEST_STEP][PASSED] - Statement - For ([g = 1, g <= BatchNumber - 1, (g++)]): null

2018-05-17 13:18:52 - [TEST_STEP][PASSED] - selectOptionByIndex: All options with index in [1] are selected on object 'Object Repository/PharmacyRequest/Page_Store/select_--Select--BA50'

2018-05-17 13:18:52 - [MESSAGE][PASSED] - All options with index in [1] are selected on object 'Object Repository/PharmacyRequest/Page_Store/select_--Select--BA50'

2018-05-17 13:18:52 - [TEST_STEP][PASSED] - delay: Delayed 2 second(s)

2018-05-17 13:18:54 - [MESSAGE][PASSED] - Delayed 2 second(s)

2018-05-17 13:18:54 - [TEST_STEP][PASSED] - Statement - StockQty = com.kms.katalon.core.webui.keyword.WebUiBuiltInKeywords.getAttribute(com.kms.katalon.core.testobject.ObjectRepository.findTestObject(PharmacyRequest/Page_Store/input_txtprice), "value"): Attribute 'value' of object 'Object Repository/PharmacyRequest/Page_Store/input_txtprice' is: '1190'

2018-05-17 13:18:54 - [MESSAGE][PASSED] - Attribute 'value' of object 'Object Repository/PharmacyRequest/Page_Store/input_txtprice' is: '1190'

2018-05-17 13:18:54 - [TEST_STEP][PASSED] - Statement - out.println("Stock QTY : " + StockQty): null

2018-05-17 13:18:54 - [TEST_STEP][PASSED] - delay: Delayed 1 second(s)

2018-05-17 13:18:55 - [MESSAGE][PASSED] - Delayed 1 second(s)

2018-05-17 13:18:55 - [TEST_STEP][PASSED] - Statement - If (java.lang.Integer.valueOf(StockQty) >= java.lang.Integer.valueOf(RequestedQty)): null

2018-05-17 13:18:55 - [TEST_STEP][PASSED] - setText: Text '10' is set on object 'Object Repository/PharmacyRequest/Page_Store/input_txtqty'

2018-05-17 13:18:55 - [MESSAGE][PASSED] - Text '10' is set on object 'Object Repository/PharmacyRequest/Page_Store/input_txtqty'

2018-05-17 13:18:55 - [TEST_STEP][PASSED] - click: Object: 'Object Repository/PharmacyRequest/Page_Store/button_Add' is clicked on

2018-05-17 13:18:55 - [MESSAGE][PASSED] - Object: 'Object Repository/PharmacyRequest/Page_Store/button_Add' is clicked on

2018-05-17 13:18:55 - [TEST_STEP][PASSED] - Statement - Break: null

2018-05-17 13:18:55 - [TEST_STEP][PASSED] - selectOptionByIndex: All options with index in [28] are selected on object 'Object Repository/PharmacyRequest/Page_Store/select_--Select--Amlodepin -5'

2018-05-17 13:18:56 - [MESSAGE][PASSED] - All options with index in [28] are selected on object 'Object Repository/PharmacyRequest/Page_Store/select_--Select--Amlodepin -5'

2018-05-17 13:18:56 - [TEST_STEP][PASSED] - delay: Delayed 1 second(s)

2018-05-17 13:18:57 - [MESSAGE][PASSED] - Delayed 1 second(s)

2018-05-17 13:18:57 - [TEST_STEP][PASSED] - Statement - RequestedQty = com.kms.katalon.core.webui.keyword.WebUiBuiltInKeywords.getAttribute(com.kms.katalon.core.testobject.ObjectRepository.findTestObject(PharmacyRequest/Page_Store/input_txttotal), "value"): Attribute 'value' of object 'Object Repository/PharmacyRequest/Page_Store/input_txttotal' is: '10'

2018-05-17 13:18:57 - [MESSAGE][PASSED] - Attribute 'value' of object 'Object Repository/PharmacyRequest/Page_Store/input_txttotal' is: '10'

2018-05-17 13:18:57 - [TEST_STEP][PASSED] - Statement - out.println("Requested QTY : " + RequestedQty): null

2018-05-17 13:18:57 - [TEST_STEP][PASSED] - Statement - BatchNumber = com.kms.katalon.core.webui.keyword.WebUiBuiltInKeywords.getNumberOfTotalOption(com.kms.katalon.core.testobject.ObjectRepository.findTestObject(PharmacyRequest/Page_Store/select_--Select--BA50)): 3 options of object 'Object Repository/PharmacyRequest/Page_Store/select_--Select--BA50' counted

2018-05-17 13:18:57 - [MESSAGE][PASSED] - 3 options of object 'Object Repository/PharmacyRequest/Page_Store/select_--Select--BA50' counted

2018-05-17 13:18:57 - [TEST_STEP][PASSED] - Statement - For ([g = 1, g <= BatchNumber - 1, (g++)]): null

2018-05-17 13:18:57 - [TEST_STEP][PASSED] - selectOptionByIndex: All options with index in [1] are selected on object 'Object Repository/PharmacyRequest/Page_Store/select_--Select--BA50'

2018-05-17 13:18:57 - [MESSAGE][PASSED] - All options with index in [1] are selected on object 'Object Repository/PharmacyRequest/Page_Store/select_--Select--BA50'

2018-05-17 13:18:57 - [TEST_STEP][PASSED] - delay: Delayed 2 second(s)

2018-05-17 13:18:59 - [MESSAGE][PASSED] - Delayed 2 second(s)

2018-05-17 13:18:59 - [TEST_STEP][PASSED] - Statement - StockQty = com.kms.katalon.core.webui.keyword.WebUiBuiltInKeywords.getAttribute(com.kms.katalon.core.testobject.ObjectRepository.findTestObject(PharmacyRequest/Page_Store/input_txtprice), "value"): Attribute 'value' of object 'Object Repository/PharmacyRequest/Page_Store/input_txtprice' is: '990'

2018-05-17 13:18:59 - [MESSAGE][PASSED] - Attribute 'value' of object 'Object Repository/PharmacyRequest/Page_Store/input_txtprice' is: '990'

2018-05-17 13:18:59 - [TEST_STEP][PASSED] - Statement - out.println("Stock QTY : " + StockQty): null

2018-05-17 13:18:59 - [TEST_STEP][PASSED] - delay: Delayed 1 second(s)

2018-05-17 13:19:00 - [MESSAGE][PASSED] - Delayed 1 second(s)

2018-05-17 13:19:00 - [TEST_STEP][PASSED] - Statement - If (java.lang.Integer.valueOf(StockQty) >= java.lang.Integer.valueOf(RequestedQty)): null

2018-05-17 13:19:00 - [TEST_STEP][PASSED] - setText: Text '10' is set on object 'Object Repository/PharmacyRequest/Page_Store/input_txtqty'

2018-05-17 13:19:00 - [MESSAGE][PASSED] - Text '10' is set on object 'Object Repository/PharmacyRequest/Page_Store/input_txtqty'

2018-05-17 13:19:00 - [TEST_STEP][PASSED] - click: Object: 'Object Repository/PharmacyRequest/Page_Store/button_Add' is clicked on

2018-05-17 13:19:00 - [MESSAGE][PASSED] - Object: 'Object Repository/PharmacyRequest/Page_Store/button_Add' is clicked on

2018-05-17 13:19:00 - [TEST_STEP][PASSED] - Statement - Break: null

2018-05-17 13:19:00 - [TEST_STEP][PASSED] - selectOptionByIndex: All options with index in [29] are selected on object 'Object Repository/PharmacyRequest/Page_Store/select_--Select--Amlodepin -5'

2018-05-17 13:19:00 - [MESSAGE][PASSED] - All options with index in [29] are selected on object 'Object Repository/PharmacyRequest/Page_Store/select_--Select--Amlodepin -5'

2018-05-17 13:19:00 - [TEST_STEP][PASSED] - delay: Delayed 1 second(s)

2018-05-17 13:19:01 - [MESSAGE][PASSED] - Delayed 1 second(s)

2018-05-17 13:19:01 - [TEST_STEP][PASSED] - Statement - RequestedQty = com.kms.katalon.core.webui.keyword.WebUiBuiltInKeywords.getAttribute(com.kms.katalon.core.testobject.ObjectRepository.findTestObject(PharmacyRequest/Page_Store/input_txttotal), "value"): Attribute 'value' of object 'Object Repository/PharmacyRequest/Page_Store/input_txttotal' is: '10'

2018-05-17 13:19:02 - [MESSAGE][PASSED] - Attribute 'value' of object 'Object Repository/PharmacyRequest/Page_Store/input_txttotal' is: '10'

2018-05-17 13:19:02 - [TEST_STEP][PASSED] - Statement - out.println("Requested QTY : " + RequestedQty): null

2018-05-17 13:19:02 - [TEST_STEP][PASSED] - Statement - BatchNumber = com.kms.katalon.core.webui.keyword.WebUiBuiltInKeywords.getNumberOfTotalOption(com.kms.katalon.core.testobject.ObjectRepository.findTestObject(PharmacyRequest/Page_Store/select_--Select--BA50)): 2 options of object 'Object Repository/PharmacyRequest/Page_Store/select_--Select--BA50' counted

2018-05-17 13:19:02 - [MESSAGE][PASSED] - 2 options of object 'Object Repository/PharmacyRequest/Page_Store/select_--Select--BA50' counted

2018-05-17 13:19:02 - [TEST_STEP][PASSED] - Statement - For ([g = 1, g <= BatchNumber - 1, (g++)]): null

2018-05-17 13:19:02 - [TEST_STEP][PASSED] - selectOptionByIndex: All options with index in [1] are selected on object 'Object Repository/PharmacyRequest/Page_Store/select_--Select--BA50'

2018-05-17 13:19:02 - [MESSAGE][PASSED] - All options with index in [1] are selected on object 'Object Repository/PharmacyRequest/Page_Store/select_--Select--BA50'

2018-05-17 13:19:02 - [TEST_STEP][PASSED] - delay: Delayed 2 second(s)

2018-05-17 13:19:04 - [MESSAGE][PASSED] - Delayed 2 second(s)

2018-05-17 13:19:04 - [TEST_STEP][PASSED] - Statement - StockQty = com.kms.katalon.core.webui.keyword.WebUiBuiltInKeywords.getAttribute(com.kms.katalon.core.testobject.ObjectRepository.findTestObject(PharmacyRequest/Page_Store/input_txtprice), "value"): Attribute 'value' of object 'Object Repository/PharmacyRequest/Page_Store/input_txtprice' is: '1190'

2018-05-17 13:19:04 - [MESSAGE][PASSED] - Attribute 'value' of object 'Object Repository/PharmacyRequest/Page_Store/input_txtprice' is: '1190'

2018-05-17 13:19:04 - [TEST_STEP][PASSED] - Statement - out.println("Stock QTY : " + StockQty): null

2018-05-17 13:19:04 - [TEST_STEP][PASSED] - delay: Delayed 1 second(s)

2018-05-17 13:19:05 - [MESSAGE][PASSED] - Delayed 1 second(s)

2018-05-17 13:19:05 - [TEST_STEP][PASSED] - Statement - If (java.lang.Integer.valueOf(StockQty) >= java.lang.Integer.valueOf(RequestedQty)): null

2018-05-17 13:19:05 - [TEST_STEP][PASSED] - setText: Text '10' is set on object 'Object Repository/PharmacyRequest/Page_Store/input_txtqty'

2018-05-17 13:19:05 - [MESSAGE][PASSED] - Text '10' is set on object 'Object Repository/PharmacyRequest/Page_Store/input_txtqty'

2018-05-17 13:19:05 - [TEST_STEP][PASSED] - click: Object: 'Object Repository/PharmacyRequest/Page_Store/button_Add' is clicked on

2018-05-17 13:19:05 - [MESSAGE][PASSED] - Object: 'Object Repository/PharmacyRequest/Page_Store/button_Add' is clicked on

2018-05-17 13:19:05 - [TEST_STEP][PASSED] - Statement - Break: null

2018-05-17 13:19:05 - [TEST_STEP][PASSED] - selectOptionByIndex: All options with index in [30] are selected on object 'Object Repository/PharmacyRequest/Page_Store/select_--Select--Amlodepin -5'

2018-05-17 13:19:05 - [MESSAGE][PASSED] - All options with index in [30] are selected on object 'Object Repository/PharmacyRequest/Page_Store/select_--Select--Amlodepin -5'

2018-05-17 13:19:05 - [TEST_STEP][PASSED] - delay: Delayed 1 second(s)

2018-05-17 13:19:06 - [MESSAGE][PASSED] - Delayed 1 second(s)

2018-05-17 13:19:06 - [TEST_STEP][PASSED] - Statement - RequestedQty = com.kms.katalon.core.webui.keyword.WebUiBuiltInKeywords.getAttribute(com.kms.katalon.core.testobject.ObjectRepository.findTestObject(PharmacyRequest/Page_Store/input_txttotal), "value"): Attribute 'value' of object 'Object Repository/PharmacyRequest/Page_Store/input_txttotal' is: '10'

2018-05-17 13:19:06 - [MESSAGE][PASSED] - Attribute 'value' of object 'Object Repository/PharmacyRequest/Page_Store/input_txttotal' is: '10'

2018-05-17 13:19:06 - [TEST_STEP][PASSED] - Statement - out.println("Requested QTY : " + RequestedQty): null

2018-05-17 13:19:06 - [TEST_STEP][PASSED] - Statement - BatchNumber = com.kms.katalon.core.webui.keyword.WebUiBuiltInKeywords.getNumberOfTotalOption(com.kms.katalon.core.testobject.ObjectRepository.findTestObject(PharmacyRequest/Page_Store/select_--Select--BA50)): 2 options of object 'Object Repository/PharmacyRequest/Page_Store/select_--Select--BA50' counted

2018-05-17 13:19:06 - [MESSAGE][PASSED] - 2 options of object 'Object Repository/PharmacyRequest/Page_Store/select_--Select--BA50' counted

2018-05-17 13:19:06 - [TEST_STEP][PASSED] - Statement - For ([g = 1, g <= BatchNumber - 1, (g++)]): null

2018-05-17 13:19:06 - [TEST_STEP][PASSED] - selectOptionByIndex: All options with index in [1] are selected on object 'Object Repository/PharmacyRequest/Page_Store/select_--Select--BA50'

2018-05-17 13:19:07 - [MESSAGE][PASSED] - All options with index in [1] are selected on object 'Object Repository/PharmacyRequest/Page_Store/select_--Select--BA50'

2018-05-17 13:19:07 - [TEST_STEP][PASSED] - delay: Delayed 2 second(s)

2018-05-17 13:19:09 - [MESSAGE][PASSED] - Delayed 2 second(s)

2018-05-17 13:19:09 - [TEST_STEP][PASSED] - Statement - StockQty = com.kms.katalon.core.webui.keyword.WebUiBuiltInKeywords.getAttribute(com.kms.katalon.core.testobject.ObjectRepository.findTestObject(PharmacyRequest/Page_Store/input_txtprice), "value"): Attribute 'value' of object 'Object Repository/PharmacyRequest/Page_Store/input_txtprice' is: '1190'

2018-05-17 13:19:09 - [MESSAGE][PASSED] - Attribute 'value' of object 'Object Repository/PharmacyRequest/Page_Store/input_txtprice' is: '1190'

2018-05-17 13:19:09 - [TEST_STEP][PASSED] - Statement - out.println("Stock QTY : " + StockQty): null

2018-05-17 13:19:09 - [TEST_STEP][PASSED] - delay: Delayed 1 second(s)

2018-05-17 13:19:10 - [MESSAGE][PASSED] - Delayed 1 second(s)

2018-05-17 13:19:10 - [TEST_STEP][PASSED] - Statement - If (java.lang.Integer.valueOf(StockQty) >= java.lang.Integer.valueOf(RequestedQty)): null

2018-05-17 13:19:10 - [TEST_STEP][PASSED] - setText: Text '10' is set on object 'Object Repository/PharmacyRequest/Page_Store/input_txtqty'

2018-05-17 13:19:10 - [MESSAGE][PASSED] - Text '10' is set on object 'Object Repository/PharmacyRequest/Page_Store/input_txtqty'

2018-05-17 13:19:10 - [TEST_STEP][PASSED] - click: Object: 'Object Repository/PharmacyRequest/Page_Store/button_Add' is clicked on

2018-05-17 13:19:10 - [MESSAGE][PASSED] - Object: 'Object Repository/PharmacyRequest/Page_Store/button_Add' is clicked on

2018-05-17 13:19:10 - [TEST_STEP][PASSED] - Statement - Break: null

2018-05-17 13:19:10 - [TEST_STEP][PASSED] - selectOptionByIndex: All options with index in [31] are selected on object 'Object Repository/PharmacyRequest/Page_Store/select_--Select--Amlodepin -5'

2018-05-17 13:19:10 - [MESSAGE][PASSED] - All options with index in [31] are selected on object 'Object Repository/PharmacyRequest/Page_Store/select_--Select--Amlodepin -5'

2018-05-17 13:19:10 - [TEST_STEP][PASSED] - delay: Delayed 1 second(s)

2018-05-17 13:19:11 - [MESSAGE][PASSED] - Delayed 1 second(s)

2018-05-17 13:19:11 - [TEST_STEP][PASSED] - Statement - RequestedQty = com.kms.katalon.core.webui.keyword.WebUiBuiltInKeywords.getAttribute(com.kms.katalon.core.testobject.ObjectRepository.findTestObject(PharmacyRequest/Page_Store/input_txttotal), "value"): Attribute 'value' of object 'Object Repository/PharmacyRequest/Page_Store/input_txttotal' is: '10'

2018-05-17 13:19:11 - [MESSAGE][PASSED] - Attribute 'value' of object 'Object Repository/PharmacyRequest/Page_Store/input_txttotal' is: '10'

2018-05-17 13:19:11 - [TEST_STEP][PASSED] - Statement - out.println("Requested QTY : " + RequestedQty): null

2018-05-17 13:19:11 - [TEST_STEP][PASSED] - Statement - BatchNumber = com.kms.katalon.core.webui.keyword.WebUiBuiltInKeywords.getNumberOfTotalOption(com.kms.katalon.core.testobject.ObjectRepository.findTestObject(PharmacyRequest/Page_Store/select_--Select--BA50)): 3 options of object 'Object Repository/PharmacyRequest/Page_Store/select_--Select--BA50' counted

2018-05-17 13:19:11 - [MESSAGE][PASSED] - 3 options of object 'Object Repository/PharmacyRequest/Page_Store/select_--Select--BA50' counted

2018-05-17 13:19:11 - [TEST_STEP][PASSED] - Statement - For ([g = 1, g <= BatchNumber - 1, (g++)]): null

2018-05-17 13:19:11 - [TEST_STEP][PASSED] - selectOptionByIndex: All options with index in [1] are selected on object 'Object Repository/PharmacyRequest/Page_Store/select_--Select--BA50'

2018-05-17 13:19:11 - [MESSAGE][PASSED] - All options with index in [1] are selected on object 'Object Repository/PharmacyRequest/Page_Store/select_--Select--BA50'

2018-05-17 13:19:11 - [TEST_STEP][PASSED] - delay: Delayed 2 second(s)

2018-05-17 13:19:13 - [MESSAGE][PASSED] - Delayed 2 second(s)

2018-05-17 13:19:13 - [TEST_STEP][PASSED] - Statement - StockQty = com.kms.katalon.core.webui.keyword.WebUiBuiltInKeywords.getAttribute(com.kms.katalon.core.testobject.ObjectRepository.findTestObject(PharmacyRequest/Page_Store/input_txtprice), "value"): Attribute 'value' of object 'Object Repository/PharmacyRequest/Page_Store/input_txtprice' is: '990'

2018-05-17 13:19:13 - [MESSAGE][PASSED] - Attribute 'value' of object 'Object Repository/PharmacyRequest/Page_Store/input_txtprice' is: '990'

2018-05-17 13:19:13 - [TEST_STEP][PASSED] - Statement - out.println("Stock QTY : " + StockQty): null

2018-05-17 13:19:13 - [TEST_STEP][PASSED] - delay: Delayed 1 second(s)

2018-05-17 13:19:14 - [MESSAGE][PASSED] - Delayed 1 second(s)

2018-05-17 13:19:14 - [TEST_STEP][PASSED] - Statement - If (java.lang.Integer.valueOf(StockQty) >= java.lang.Integer.valueOf(RequestedQty)): null

2018-05-17 13:19:14 - [TEST_STEP][PASSED] - setText: Text '10' is set on object 'Object Repository/PharmacyRequest/Page_Store/input_txtqty'

2018-05-17 13:19:15 - [MESSAGE][PASSED] - Text '10' is set on object 'Object Repository/PharmacyRequest/Page_Store/input_txtqty'

2018-05-17 13:19:15 - [TEST_STEP][PASSED] - click: Object: 'Object Repository/PharmacyRequest/Page_Store/button_Add' is clicked on

2018-05-17 13:19:15 - [MESSAGE][PASSED] - Object: 'Object Repository/PharmacyRequest/Page_Store/button_Add' is clicked on

2018-05-17 13:19:15 - [TEST_STEP][PASSED] - Statement - Break: null

2018-05-17 13:19:15 - [TEST_STEP][PASSED] - selectOptionByIndex: All options with index in [32] are selected on object 'Object Repository/PharmacyRequest/Page_Store/select_--Select--Amlodepin -5'

2018-05-17 13:19:15 - [MESSAGE][PASSED] - All options with index in [32] are selected on object 'Object Repository/PharmacyRequest/Page_Store/select_--Select--Amlodepin -5'

2018-05-17 13:19:15 - [TEST_STEP][PASSED] - delay: Delayed 1 second(s)

2018-05-17 13:19:16 - [MESSAGE][PASSED] - Delayed 1 second(s)

2018-05-17 13:19:16 - [TEST_STEP][PASSED] - Statement - RequestedQty = com.kms.katalon.core.webui.keyword.WebUiBuiltInKeywords.getAttribute(com.kms.katalon.core.testobject.ObjectRepository.findTestObject(PharmacyRequest/Page_Store/input_txttotal), "value"): Attribute 'value' of object 'Object Repository/PharmacyRequest/Page_Store/input_txttotal' is: '10'

2018-05-17 13:19:16 - [MESSAGE][PASSED] - Attribute 'value' of object 'Object Repository/PharmacyRequest/Page_Store/input_txttotal' is: '10'

2018-05-17 13:19:16 - [TEST_STEP][PASSED] - Statement - out.println("Requested QTY : " + RequestedQty): null

2018-05-17 13:19:16 - [TEST_STEP][PASSED] - Statement - BatchNumber = com.kms.katalon.core.webui.keyword.WebUiBuiltInKeywords.getNumberOfTotalOption(com.kms.katalon.core.testobject.ObjectRepository.findTestObject(PharmacyRequest/Page_Store/select_--Select--BA50)): 3 options of object 'Object Repository/PharmacyRequest/Page_Store/select_--Select--BA50' counted

2018-05-17 13:19:16 - [MESSAGE][PASSED] - 3 options of object 'Object Repository/PharmacyRequest/Page_Store/select_--Select--BA50' counted

2018-05-17 13:19:16 - [TEST_STEP][PASSED] - Statement - For ([g = 1, g <= BatchNumber - 1, (g++)]): null

2018-05-17 13:19:16 - [TEST_STEP][PASSED] - selectOptionByIndex: All options with index in [1] are selected on object 'Object Repository/PharmacyRequest/Page_Store/select_--Select--BA50'

2018-05-17 13:19:16 - [MESSAGE][PASSED] - All options with index in [1] are selected on object 'Object Repository/PharmacyRequest/Page_Store/select_--Select--BA50'

2018-05-17 13:19:16 - [TEST_STEP][PASSED] - delay: Delayed 2 second(s)

2018-05-17 13:19:18 - [MESSAGE][PASSED] - Delayed 2 second(s)

2018-05-17 13:19:18 - [TEST_STEP][PASSED] - Statement - StockQty = com.kms.katalon.core.webui.keyword.WebUiBuiltInKeywords.getAttribute(com.kms.katalon.core.testobject.ObjectRepository.findTestObject(PharmacyRequest/Page_Store/input_txtprice), "value"): Attribute 'value' of object 'Object Repository/PharmacyRequest/Page_Store/input_txtprice' is: '990'

2018-05-17 13:19:18 - [MESSAGE][PASSED] - Attribute 'value' of object 'Object Repository/PharmacyRequest/Page_Store/input_txtprice' is: '990'

2018-05-17 13:19:18 - [TEST_STEP][PASSED] - Statement - out.println("Stock QTY : " + StockQty): null

2018-05-17 13:19:18 - [TEST_STEP][PASSED] - delay: Delayed 1 second(s)

2018-05-17 13:19:19 - [MESSAGE][PASSED] - Delayed 1 second(s)

2018-05-17 13:19:19 - [TEST_STEP][PASSED] - Statement - If (java.lang.Integer.valueOf(StockQty) >= java.lang.Integer.valueOf(RequestedQty)): null

2018-05-17 13:19:19 - [TEST_STEP][PASSED] - setText: Text '10' is set on object 'Object Repository/PharmacyRequest/Page_Store/input_txtqty'

2018-05-17 13:19:19 - [MESSAGE][PASSED] - Text '10' is set on object 'Object Repository/PharmacyRequest/Page_Store/input_txtqty'

2018-05-17 13:19:19 - [TEST_STEP][PASSED] - click: Object: 'Object Repository/PharmacyRequest/Page_Store/button_Add' is clicked on

2018-05-17 13:19:19 - [MESSAGE][PASSED] - Object: 'Object Repository/PharmacyRequest/Page_Store/button_Add' is clicked on

2018-05-17 13:19:19 - [TEST_STEP][PASSED] - Statement - Break: null

2018-05-17 13:19:19 - [TEST_STEP][PASSED] - selectOptionByIndex: All options with index in [33] are selected on object 'Object Repository/PharmacyRequest/Page_Store/select_--Select--Amlodepin -5'

2018-05-17 13:19:20 - [MESSAGE][PASSED] - All options with index in [33] are selected on object 'Object Repository/PharmacyRequest/Page_Store/select_--Select--Amlodepin -5'

2018-05-17 13:19:20 - [TEST_STEP][PASSED] - delay: Delayed 1 second(s)

2018-05-17 13:19:21 - [MESSAGE][PASSED] - Delayed 1 second(s)

2018-05-17 13:19:21 - [TEST_STEP][PASSED] - Statement - RequestedQty = com.kms.katalon.core.webui.keyword.WebUiBuiltInKeywords.getAttribute(com.kms.katalon.core.testobject.ObjectRepository.findTestObject(PharmacyRequest/Page_Store/input_txttotal), "value"): Attribute 'value' of object 'Object Repository/PharmacyRequest/Page_Store/input_txttotal' is: '10'

2018-05-17 13:19:21 - [MESSAGE][PASSED] - Attribute 'value' of object 'Object Repository/PharmacyRequest/Page_Store/input_txttotal' is: '10'

2018-05-17 13:19:21 - [TEST_STEP][PASSED] - Statement - out.println("Requested QTY : " + RequestedQty): null

2018-05-17 13:19:21 - [TEST_STEP][PASSED] - Statement - BatchNumber = com.kms.katalon.core.webui.keyword.WebUiBuiltInKeywords.getNumberOfTotalOption(com.kms.katalon.core.testobject.ObjectRepository.findTestObject(PharmacyRequest/Page_Store/select_--Select--BA50)): 2 options of object 'Object Repository/PharmacyRequest/Page_Store/select_--Select--BA50' counted

2018-05-17 13:19:21 - [MESSAGE][PASSED] - 2 options of object 'Object Repository/PharmacyRequest/Page_Store/select_--Select--BA50' counted

2018-05-17 13:19:21 - [TEST_STEP][PASSED] - Statement - For ([g = 1, g <= BatchNumber - 1, (g++)]): null

2018-05-17 13:19:21 - [TEST_STEP][PASSED] - selectOptionByIndex: All options with index in [1] are selected on object 'Object Repository/PharmacyRequest/Page_Store/select_--Select--BA50'

2018-05-17 13:19:21 - [MESSAGE][PASSED] - All options with index in [1] are selected on object 'Object Repository/PharmacyRequest/Page_Store/select_--Select--BA50'

2018-05-17 13:19:21 - [TEST_STEP][PASSED] - delay: Delayed 2 second(s)

2018-05-17 13:19:23 - [MESSAGE][PASSED] - Delayed 2 second(s)

2018-05-17 13:19:23 - [TEST_STEP][PASSED] - Statement - StockQty = com.kms.katalon.core.webui.keyword.WebUiBuiltInKeywords.getAttribute(com.kms.katalon.core.testobject.ObjectRepository.findTestObject(PharmacyRequest/Page_Store/input_txtprice), "value"): Attribute 'value' of object 'Object Repository/PharmacyRequest/Page_Store/input_txtprice' is: '1190'

2018-05-17 13:19:23 - [MESSAGE][PASSED] - Attribute 'value' of object 'Object Repository/PharmacyRequest/Page_Store/input_txtprice' is: '1190'

2018-05-17 13:19:23 - [TEST_STEP][PASSED] - Statement - out.println("Stock QTY : " + StockQty): null

2018-05-17 13:19:23 - [TEST_STEP][PASSED] - delay: Delayed 1 second(s)

2018-05-17 13:19:24 - [MESSAGE][PASSED] - Delayed 1 second(s)

2018-05-17 13:19:24 - [TEST_STEP][PASSED] - Statement - If (java.lang.Integer.valueOf(StockQty) >= java.lang.Integer.valueOf(RequestedQty)): null

2018-05-17 13:19:24 - [TEST_STEP][PASSED] - setText: Text '10' is set on object 'Object Repository/PharmacyRequest/Page_Store/input_txtqty'

2018-05-17 13:19:24 - [MESSAGE][PASSED] - Text '10' is set on object 'Object Repository/PharmacyRequest/Page_Store/input_txtqty'

2018-05-17 13:19:24 - [TEST_STEP][PASSED] - click: Object: 'Object Repository/PharmacyRequest/Page_Store/button_Add' is clicked on

2018-05-17 13:19:24 - [MESSAGE][PASSED] - Object: 'Object Repository/PharmacyRequest/Page_Store/button_Add' is clicked on

2018-05-17 13:19:24 - [TEST_STEP][PASSED] - Statement - Break: null

2018-05-17 13:19:24 - [TEST_STEP][PASSED] - selectOptionByIndex: All options with index in [34] are selected on object 'Object Repository/PharmacyRequest/Page_Store/select_--Select--Amlodepin -5'

2018-05-17 13:19:24 - [MESSAGE][PASSED] - All options with index in [34] are selected on object 'Object Repository/PharmacyRequest/Page_Store/select_--Select--Amlodepin -5'

2018-05-17 13:19:24 - [TEST_STEP][PASSED] - delay: Delayed 1 second(s)

2018-05-17 13:19:25 - [MESSAGE][PASSED] - Delayed 1 second(s)

2018-05-17 13:19:25 - [TEST_STEP][PASSED] - Statement - RequestedQty = com.kms.katalon.core.webui.keyword.WebUiBuiltInKeywords.getAttribute(com.kms.katalon.core.testobject.ObjectRepository.findTestObject(PharmacyRequest/Page_Store/input_txttotal), "value"): Attribute 'value' of object 'Object Repository/PharmacyRequest/Page_Store/input_txttotal' is: '10'

2018-05-17 13:19:26 - [MESSAGE][PASSED] - Attribute 'value' of object 'Object Repository/PharmacyRequest/Page_Store/input_txttotal' is: '10'

2018-05-17 13:19:26 - [TEST_STEP][PASSED] - Statement - out.println("Requested QTY : " + RequestedQty): null

2018-05-17 13:19:26 - [TEST_STEP][PASSED] - Statement - BatchNumber = com.kms.katalon.core.webui.keyword.WebUiBuiltInKeywords.getNumberOfTotalOption(com.kms.katalon.core.testobject.ObjectRepository.findTestObject(PharmacyRequest/Page_Store/select_--Select--BA50)): 2 options of object 'Object Repository/PharmacyRequest/Page_Store/select_--Select--BA50' counted

2018-05-17 13:19:26 - [MESSAGE][PASSED] - 2 options of object 'Object Repository/PharmacyRequest/Page_Store/select_--Select--BA50' counted

2018-05-17 13:19:26 - [TEST_STEP][PASSED] - Statement - For ([g = 1, g <= BatchNumber - 1, (g++)]): null

2018-05-17 13:19:26 - [TEST_STEP][PASSED] - selectOptionByIndex: All options with index in [1] are selected on object 'Object Repository/PharmacyRequest/Page_Store/select_--Select--BA50'

2018-05-17 13:19:26 - [MESSAGE][PASSED] - All options with index in [1] are selected on object 'Object Repository/PharmacyRequest/Page_Store/select_--Select--BA50'

2018-05-17 13:19:26 - [TEST_STEP][PASSED] - delay: Delayed 2 second(s)

2018-05-17 13:19:28 - [MESSAGE][PASSED] - Delayed 2 second(s)

2018-05-17 13:19:28 - [TEST_STEP][PASSED] - Statement - StockQty = com.kms.katalon.core.webui.keyword.WebUiBuiltInKeywords.getAttribute(com.kms.katalon.core.testobject.ObjectRepository.findTestObject(PharmacyRequest/Page_Store/input_txtprice), "value"): Attribute 'value' of object 'Object Repository/PharmacyRequest/Page_Store/input_txtprice' is: '1190'

2018-05-17 13:19:28 - [MESSAGE][PASSED] - Attribute 'value' of object 'Object Repository/PharmacyRequest/Page_Store/input_txtprice' is: '1190'

2018-05-17 13:19:28 - [TEST_STEP][PASSED] - Statement - out.println("Stock QTY : " + StockQty): null

2018-05-17 13:19:28 - [TEST_STEP][PASSED] - delay: Delayed 1 second(s)

2018-05-17 13:19:29 - [MESSAGE][PASSED] - Delayed 1 second(s)

2018-05-17 13:19:29 - [TEST_STEP][PASSED] - Statement - If (java.lang.Integer.valueOf(StockQty) >= java.lang.Integer.valueOf(RequestedQty)): null

2018-05-17 13:19:29 - [TEST_STEP][PASSED] - setText: Text '10' is set on object 'Object Repository/PharmacyRequest/Page_Store/input_txtqty'

2018-05-17 13:19:29 - [MESSAGE][PASSED] - Text '10' is set on object 'Object Repository/PharmacyRequest/Page_Store/input_txtqty'

2018-05-17 13:19:29 - [TEST_STEP][PASSED] - click: Object: 'Object Repository/PharmacyRequest/Page_Store/button_Add' is clicked on

2018-05-17 13:19:29 - [MESSAGE][PASSED] - Object: 'Object Repository/PharmacyRequest/Page_Store/button_Add' is clicked on

2018-05-17 13:19:29 - [TEST_STEP][PASSED] - Statement - Break: null

2018-05-17 13:19:29 - [TEST_STEP][PASSED] - selectOptionByIndex: All options with index in [35] are selected on object 'Object Repository/PharmacyRequest/Page_Store/select_--Select--Amlodepin -5'

2018-05-17 13:19:29 - [MESSAGE][PASSED] - All options with index in [35] are selected on object 'Object Repository/PharmacyRequest/Page_Store/select_--Select--Amlodepin -5'

2018-05-17 13:19:29 - [TEST_STEP][PASSED] - delay: Delayed 1 second(s)

2018-05-17 13:19:30 - [MESSAGE][PASSED] - Delayed 1 second(s)

2018-05-17 13:19:30 - [TEST_STEP][PASSED] - Statement - RequestedQty = com.kms.katalon.core.webui.keyword.WebUiBuiltInKeywords.getAttribute(com.kms.katalon.core.testobject.ObjectRepository.findTestObject(PharmacyRequest/Page_Store/input_txttotal), "value"): Attribute 'value' of object 'Object Repository/PharmacyRequest/Page_Store/input_txttotal' is: '10'

2018-05-17 13:19:30 - [MESSAGE][PASSED] - Attribute 'value' of object 'Object Repository/PharmacyRequest/Page_Store/input_txttotal' is: '10'

2018-05-17 13:19:30 - [TEST_STEP][PASSED] - Statement - out.println("Requested QTY : " + RequestedQty): null

2018-05-17 13:19:30 - [TEST_STEP][PASSED] - Statement - BatchNumber = com.kms.katalon.core.webui.keyword.WebUiBuiltInKeywords.getNumberOfTotalOption(com.kms.katalon.core.testobject.ObjectRepository.findTestObject(PharmacyRequest/Page_Store/select_--Select--BA50)): 3 options of object 'Object Repository/PharmacyRequest/Page_Store/select_--Select--BA50' counted

2018-05-17 13:19:30 - [MESSAGE][PASSED] - 3 options of object 'Object Repository/PharmacyRequest/Page_Store/select_--Select--BA50' counted

2018-05-17 13:19:30 - [TEST_STEP][PASSED] - Statement - For ([g = 1, g <= BatchNumber - 1, (g++)]): null

2018-05-17 13:19:30 - [TEST_STEP][PASSED] - selectOptionByIndex: All options with index in [1] are selected on object 'Object Repository/PharmacyRequest/Page_Store/select_--Select--BA50'

2018-05-17 13:19:30 - [MESSAGE][PASSED] - All options with index in [1] are selected on object 'Object Repository/PharmacyRequest/Page_Store/select_--Select--BA50'

2018-05-17 13:19:30 - [TEST_STEP][PASSED] - delay: Delayed 2 second(s)

2018-05-17 13:19:32 - [MESSAGE][PASSED] - Delayed 2 second(s)

2018-05-17 13:19:32 - [TEST_STEP][PASSED] - Statement - StockQty = com.kms.katalon.core.webui.keyword.WebUiBuiltInKeywords.getAttribute(com.kms.katalon.core.testobject.ObjectRepository.findTestObject(PharmacyRequest/Page_Store/input_txtprice), "value"): Attribute 'value' of object 'Object Repository/PharmacyRequest/Page_Store/input_txtprice' is: '990'

2018-05-17 13:19:33 - [MESSAGE][PASSED] - Attribute 'value' of object 'Object Repository/PharmacyRequest/Page_Store/input_txtprice' is: '990'

2018-05-17 13:19:33 - [TEST_STEP][PASSED] - Statement - out.println("Stock QTY : " + StockQty): null

2018-05-17 13:19:33 - [TEST_STEP][PASSED] - delay: Delayed 1 second(s)

2018-05-17 13:19:34 - [MESSAGE][PASSED] - Delayed 1 second(s)

2018-05-17 13:19:34 - [TEST_STEP][PASSED] - Statement - If (java.lang.Integer.valueOf(StockQty) >= java.lang.Integer.valueOf(RequestedQty)): null

2018-05-17 13:19:34 - [TEST_STEP][PASSED] - setText: Text '10' is set on object 'Object Repository/PharmacyRequest/Page_Store/input_txtqty'

2018-05-17 13:19:34 - [MESSAGE][PASSED] - Text '10' is set on object 'Object Repository/PharmacyRequest/Page_Store/input_txtqty'

2018-05-17 13:19:34 - [TEST_STEP][PASSED] - click: Object: 'Object Repository/PharmacyRequest/Page_Store/button_Add' is clicked on

2018-05-17 13:19:34 - [MESSAGE][PASSED] - Object: 'Object Repository/PharmacyRequest/Page_Store/button_Add' is clicked on

2018-05-17 13:19:34 - [TEST_STEP][PASSED] - Statement - Break: null

2018-05-17 13:19:34 - [TEST_STEP][PASSED] - selectOptionByIndex: All options with index in [36] are selected on object 'Object Repository/PharmacyRequest/Page_Store/select_--Select--Amlodepin -5'

2018-05-17 13:19:34 - [MESSAGE][PASSED] - All options with index in [36] are selected on object 'Object Repository/PharmacyRequest/Page_Store/select_--Select--Amlodepin -5'

2018-05-17 13:19:34 - [TEST_STEP][PASSED] - delay: Delayed 1 second(s)

2018-05-17 13:19:35 - [MESSAGE][PASSED] - Delayed 1 second(s)

2018-05-17 13:19:35 - [TEST_STEP][PASSED] - Statement - RequestedQty = com.kms.katalon.core.webui.keyword.WebUiBuiltInKeywords.getAttribute(com.kms.katalon.core.testobject.ObjectRepository.findTestObject(PharmacyRequest/Page_Store/input_txttotal), "value"): Attribute 'value' of object 'Object Repository/PharmacyRequest/Page_Store/input_txttotal' is: '10'

2018-05-17 13:19:35 - [MESSAGE][PASSED] - Attribute 'value' of object 'Object Repository/PharmacyRequest/Page_Store/input_txttotal' is: '10'

2018-05-17 13:19:35 - [TEST_STEP][PASSED] - Statement - out.println("Requested QTY : " + RequestedQty): null

2018-05-17 13:19:35 - [TEST_STEP][PASSED] - Statement - BatchNumber = com.kms.katalon.core.webui.keyword.WebUiBuiltInKeywords.getNumberOfTotalOption(com.kms.katalon.core.testobject.ObjectRepository.findTestObject(PharmacyRequest/Page_Store/select_--Select--BA50)): 3 options of object 'Object Repository/PharmacyRequest/Page_Store/select_--Select--BA50' counted

2018-05-17 13:19:35 - [MESSAGE][PASSED] - 3 options of object 'Object Repository/PharmacyRequest/Page_Store/select_--Select--BA50' counted

2018-05-17 13:19:35 - [TEST_STEP][PASSED] - Statement - For ([g = 1, g <= BatchNumber - 1, (g++)]): null

2018-05-17 13:19:35 - [TEST_STEP][PASSED] - selectOptionByIndex: All options with index in [1] are selected on object 'Object Repository/PharmacyRequest/Page_Store/select_--Select--BA50'

2018-05-17 13:19:35 - [MESSAGE][PASSED] - All options with index in [1] are selected on object 'Object Repository/PharmacyRequest/Page_Store/select_--Select--BA50'

2018-05-17 13:19:35 - [TEST_STEP][PASSED] - delay: Delayed 2 second(s)

2018-05-17 13:19:37 - [MESSAGE][PASSED] - Delayed 2 second(s)

2018-05-17 13:19:37 - [TEST_STEP][PASSED] - Statement - StockQty = com.kms.katalon.core.webui.keyword.WebUiBuiltInKeywords.getAttribute(com.kms.katalon.core.testobject.ObjectRepository.findTestObject(PharmacyRequest/Page_Store/input_txtprice), "value"): Attribute 'value' of object 'Object Repository/PharmacyRequest/Page_Store/input_txtprice' is: '990'

2018-05-17 13:19:37 - [MESSAGE][PASSED] - Attribute 'value' of object 'Object Repository/PharmacyRequest/Page_Store/input_txtprice' is: '990'

2018-05-17 13:19:37 - [TEST_STEP][PASSED] - Statement - out.println("Stock QTY : " + StockQty): null

2018-05-17 13:19:37 - [TEST_STEP][PASSED] - delay: Delayed 1 second(s)

2018-05-17 13:19:38 - [MESSAGE][PASSED] - Delayed 1 second(s)

2018-05-17 13:19:38 - [TEST_STEP][PASSED] - Statement - If (java.lang.Integer.valueOf(StockQty) >= java.lang.Integer.valueOf(RequestedQty)): null

2018-05-17 13:19:38 - [TEST_STEP][PASSED] - setText: Text '10' is set on object 'Object Repository/PharmacyRequest/Page_Store/input_txtqty'

2018-05-17 13:19:38 - [MESSAGE][PASSED] - Text '10' is set on object 'Object Repository/PharmacyRequest/Page_Store/input_txtqty'

2018-05-17 13:19:38 - [TEST_STEP][PASSED] - click: Object: 'Object Repository/PharmacyRequest/Page_Store/button_Add' is clicked on

2018-05-17 13:19:39 - [MESSAGE][PASSED] - Object: 'Object Repository/PharmacyRequest/Page_Store/button_Add' is clicked on

2018-05-17 13:19:39 - [TEST_STEP][PASSED] - Statement - Break: null

2018-05-17 13:19:39 - [TEST_STEP][PASSED] - selectOptionByIndex: All options with index in [37] are selected on object 'Object Repository/PharmacyRequest/Page_Store/select_--Select--Amlodepin -5'

2018-05-17 13:19:39 - [MESSAGE][PASSED] - All options with index in [37] are selected on object 'Object Repository/PharmacyRequest/Page_Store/select_--Select--Amlodepin -5'

2018-05-17 13:19:39 - [TEST_STEP][PASSED] - delay: Delayed 1 second(s)

2018-05-17 13:19:40 - [MESSAGE][PASSED] - Delayed 1 second(s)

2018-05-17 13:19:40 - [TEST_STEP][PASSED] - Statement - RequestedQty = com.kms.katalon.core.webui.keyword.WebUiBuiltInKeywords.getAttribute(com.kms.katalon.core.testobject.ObjectRepository.findTestObject(PharmacyRequest/Page_Store/input_txttotal), "value"): Attribute 'value' of object 'Object Repository/PharmacyRequest/Page_Store/input_txttotal' is: '10'

2018-05-17 13:19:40 - [MESSAGE][PASSED] - Attribute 'value' of object 'Object Repository/PharmacyRequest/Page_Store/input_txttotal' is: '10'

2018-05-17 13:19:40 - [TEST_STEP][PASSED] - Statement - out.println("Requested QTY : " + RequestedQty): null

2018-05-17 13:19:40 - [TEST_STEP][PASSED] - Statement - BatchNumber = com.kms.katalon.core.webui.keyword.WebUiBuiltInKeywords.getNumberOfTotalOption(com.kms.katalon.core.testobject.ObjectRepository.findTestObject(PharmacyRequest/Page_Store/select_--Select--BA50)): 3 options of object 'Object Repository/PharmacyRequest/Page_Store/select_--Select--BA50' counted

2018-05-17 13:19:40 - [MESSAGE][PASSED] - 3 options of object 'Object Repository/PharmacyRequest/Page_Store/select_--Select--BA50' counted

2018-05-17 13:19:40 - [TEST_STEP][PASSED] - Statement - For ([g = 1, g <= BatchNumber - 1, (g++)]): null

2018-05-17 13:19:40 - [TEST_STEP][PASSED] - selectOptionByIndex: All options with index in [1] are selected on object 'Object Repository/PharmacyRequest/Page_Store/select_--Select--BA50'

2018-05-17 13:19:40 - [MESSAGE][PASSED] - All options with index in [1] are selected on object 'Object Repository/PharmacyRequest/Page_Store/select_--Select--BA50'

2018-05-17 13:19:40 - [TEST_STEP][PASSED] - delay: Delayed 2 second(s)

2018-05-17 13:19:42 - [MESSAGE][PASSED] - Delayed 2 second(s)

2018-05-17 13:19:42 - [TEST_STEP][PASSED] - Statement - StockQty = com.kms.katalon.core.webui.keyword.WebUiBuiltInKeywords.getAttribute(com.kms.katalon.core.testobject.ObjectRepository.findTestObject(PharmacyRequest/Page_Store/input_txtprice), "value"): Attribute 'value' of object 'Object Repository/PharmacyRequest/Page_Store/input_txtprice' is: '990'

2018-05-17 13:19:42 - [MESSAGE][PASSED] - Attribute 'value' of object 'Object Repository/PharmacyRequest/Page_Store/input_txtprice' is: '990'

2018-05-17 13:19:42 - [TEST_STEP][PASSED] - Statement - out.println("Stock QTY : " + StockQty): null

2018-05-17 13:19:42 - [TEST_STEP][PASSED] - delay: Delayed 1 second(s)

2018-05-17 13:19:43 - [MESSAGE][PASSED] - Delayed 1 second(s)

2018-05-17 13:19:43 - [TEST_STEP][PASSED] - Statement - If (java.lang.Integer.valueOf(StockQty) >= java.lang.Integer.valueOf(RequestedQty)): null

2018-05-17 13:19:43 - [TEST_STEP][PASSED] - setText: Text '10' is set on object 'Object Repository/PharmacyRequest/Page_Store/input_txtqty'

2018-05-17 13:19:43 - [MESSAGE][PASSED] - Text '10' is set on object 'Object Repository/PharmacyRequest/Page_Store/input_txtqty'

2018-05-17 13:19:43 - [TEST_STEP][PASSED] - click: Object: 'Object Repository/PharmacyRequest/Page_Store/button_Add' is clicked on

2018-05-17 13:19:43 - [MESSAGE][PASSED] - Object: 'Object Repository/PharmacyRequest/Page_Store/button_Add' is clicked on

2018-05-17 13:19:43 - [TEST_STEP][PASSED] - Statement - Break: null

2018-05-17 13:19:43 - [TEST_STEP][PASSED] - selectOptionByIndex: All options with index in [38] are selected on object 'Object Repository/PharmacyRequest/Page_Store/select_--Select--Amlodepin -5'

2018-05-17 13:19:44 - [MESSAGE][PASSED] - All options with index in [38] are selected on object 'Object Repository/PharmacyRequest/Page_Store/select_--Select--Amlodepin -5'

2018-05-17 13:19:44 - [TEST_STEP][PASSED] - delay: Delayed 1 second(s)

2018-05-17 13:19:45 - [MESSAGE][PASSED] - Delayed 1 second(s)

2018-05-17 13:19:45 - [TEST_STEP][PASSED] - Statement - RequestedQty = com.kms.katalon.core.webui.keyword.WebUiBuiltInKeywords.getAttribute(com.kms.katalon.core.testobject.ObjectRepository.findTestObject(PharmacyRequest/Page_Store/input_txttotal), "value"): Attribute 'value' of object 'Object Repository/PharmacyRequest/Page_Store/input_txttotal' is: '10'

2018-05-17 13:19:45 - [MESSAGE][PASSED] - Attribute 'value' of object 'Object Repository/PharmacyRequest/Page_Store/input_txttotal' is: '10'

2018-05-17 13:19:45 - [TEST_STEP][PASSED] - Statement - out.println("Requested QTY : " + RequestedQty): null

2018-05-17 13:19:45 - [TEST_STEP][PASSED] - Statement - BatchNumber = com.kms.katalon.core.webui.keyword.WebUiBuiltInKeywords.getNumberOfTotalOption(com.kms.katalon.core.testobject.ObjectRepository.findTestObject(PharmacyRequest/Page_Store/select_--Select--BA50)): 3 options of object 'Object Repository/PharmacyRequest/Page_Store/select_--Select--BA50' counted

2018-05-17 13:19:45 - [MESSAGE][PASSED] - 3 options of object 'Object Repository/PharmacyRequest/Page_Store/select_--Select--BA50' counted

2018-05-17 13:19:45 - [TEST_STEP][PASSED] - Statement - For ([g = 1, g <= BatchNumber - 1, (g++)]): null

2018-05-17 13:19:45 - [TEST_STEP][PASSED] - selectOptionByIndex: All options with index in [1] are selected on object 'Object Repository/PharmacyRequest/Page_Store/select_--Select--BA50'

2018-05-17 13:19:45 - [MESSAGE][PASSED] - All options with index in [1] are selected on object 'Object Repository/PharmacyRequest/Page_Store/select_--Select--BA50'

2018-05-17 13:19:45 - [TEST_STEP][PASSED] - delay: Delayed 2 second(s)

2018-05-17 13:19:47 - [MESSAGE][PASSED] - Delayed 2 second(s)

2018-05-17 13:19:47 - [TEST_STEP][PASSED] - Statement - StockQty = com.kms.katalon.core.webui.keyword.WebUiBuiltInKeywords.getAttribute(com.kms.katalon.core.testobject.ObjectRepository.findTestObject(PharmacyRequest/Page_Store/input_txtprice), "value"): Attribute 'value' of object 'Object Repository/PharmacyRequest/Page_Store/input_txtprice' is: '990'

2018-05-17 13:19:47 - [MESSAGE][PASSED] - Attribute 'value' of object 'Object Repository/PharmacyRequest/Page_Store/input_txtprice' is: '990'

2018-05-17 13:19:47 - [TEST_STEP][PASSED] - Statement - out.println("Stock QTY : " + StockQty): null

2018-05-17 13:19:47 - [TEST_STEP][PASSED] - delay: Delayed 1 second(s)

2018-05-17 13:19:48 - [MESSAGE][PASSED] - Delayed 1 second(s)

2018-05-17 13:19:48 - [TEST_STEP][PASSED] - Statement - If (java.lang.Integer.valueOf(StockQty) >= java.lang.Integer.valueOf(RequestedQty)): null

2018-05-17 13:19:48 - [TEST_STEP][PASSED] - setText: Text '10' is set on object 'Object Repository/PharmacyRequest/Page_Store/input_txtqty'

2018-05-17 13:19:48 - [MESSAGE][PASSED] - Text '10' is set on object 'Object Repository/PharmacyRequest/Page_Store/input_txtqty'

2018-05-17 13:19:48 - [TEST_STEP][PASSED] - click: Object: 'Object Repository/PharmacyRequest/Page_Store/button_Add' is clicked on

2018-05-17 13:19:48 - [MESSAGE][PASSED] - Object: 'Object Repository/PharmacyRequest/Page_Store/button_Add' is clicked on

2018-05-17 13:19:48 - [TEST_STEP][PASSED] - Statement - Break: null

2018-05-17 13:19:48 - [TEST_STEP][PASSED] - selectOptionByIndex: All options with index in [39] are selected on object 'Object Repository/PharmacyRequest/Page_Store/select_--Select--Amlodepin -5'

2018-05-17 13:19:49 - [MESSAGE][PASSED] - All options with index in [39] are selected on object 'Object Repository/PharmacyRequest/Page_Store/select_--Select--Amlodepin -5'

2018-05-17 13:19:49 - [TEST_STEP][PASSED] - delay: Delayed 1 second(s)

2018-05-17 13:19:50 - [MESSAGE][PASSED] - Delayed 1 second(s)

2018-05-17 13:19:50 - [TEST_STEP][PASSED] - Statement - RequestedQty = com.kms.katalon.core.webui.keyword.WebUiBuiltInKeywords.getAttribute(com.kms.katalon.core.testobject.ObjectRepository.findTestObject(PharmacyRequest/Page_Store/input_txttotal), "value"): Attribute 'value' of object 'Object Repository/PharmacyRequest/Page_Store/input_txttotal' is: '10'

2018-05-17 13:19:50 - [MESSAGE][PASSED] - Attribute 'value' of object 'Object Repository/PharmacyRequest/Page_Store/input_txttotal' is: '10'

2018-05-17 13:19:50 - [TEST_STEP][PASSED] - Statement - out.println("Requested QTY : " + RequestedQty): null

2018-05-17 13:19:50 - [TEST_STEP][PASSED] - Statement - BatchNumber = com.kms.katalon.core.webui.keyword.WebUiBuiltInKeywords.getNumberOfTotalOption(com.kms.katalon.core.testobject.ObjectRepository.findTestObject(PharmacyRequest/Page_Store/select_--Select--BA50)): 2 options of object 'Object Repository/PharmacyRequest/Page_Store/select_--Select--BA50' counted

2018-05-17 13:19:50 - [MESSAGE][PASSED] - 2 options of object 'Object Repository/PharmacyRequest/Page_Store/select_--Select--BA50' counted

2018-05-17 13:19:50 - [TEST_STEP][PASSED] - Statement - For ([g = 1, g <= BatchNumber - 1, (g++)]): null

2018-05-17 13:19:50 - [TEST_STEP][PASSED] - selectOptionByIndex: All options with index in [1] are selected on object 'Object Repository/PharmacyRequest/Page_Store/select_--Select--BA50'

2018-05-17 13:19:50 - [MESSAGE][PASSED] - All options with index in [1] are selected on object 'Object Repository/PharmacyRequest/Page_Store/select_--Select--BA50'

2018-05-17 13:19:50 - [TEST_STEP][PASSED] - delay: Delayed 2 second(s)

2018-05-17 13:19:52 - [MESSAGE][PASSED] - Delayed 2 second(s)

2018-05-17 13:19:52 - [TEST_STEP][PASSED] - Statement - StockQty = com.kms.katalon.core.webui.keyword.WebUiBuiltInKeywords.getAttribute(com.kms.katalon.core.testobject.ObjectRepository.findTestObject(PharmacyRequest/Page_Store/input_txtprice), "value"): Attribute 'value' of object 'Object Repository/PharmacyRequest/Page_Store/input_txtprice' is: '1190'

2018-05-17 13:19:52 - [MESSAGE][PASSED] - Attribute 'value' of object 'Object Repository/PharmacyRequest/Page_Store/input_txtprice' is: '1190'

2018-05-17 13:19:52 - [TEST_STEP][PASSED] - Statement - out.println("Stock QTY : " + StockQty): null

2018-05-17 13:19:52 - [TEST_STEP][PASSED] - delay: Delayed 1 second(s)

2018-05-17 13:19:53 - [MESSAGE][PASSED] - Delayed 1 second(s)

2018-05-17 13:19:53 - [TEST_STEP][PASSED] - Statement - If (java.lang.Integer.valueOf(StockQty) >= java.lang.Integer.valueOf(RequestedQty)): null

2018-05-17 13:19:53 - [TEST_STEP][PASSED] - setText: Text '10' is set on object 'Object Repository/PharmacyRequest/Page_Store/input_txtqty'

2018-05-17 13:19:53 - [MESSAGE][PASSED] - Text '10' is set on object 'Object Repository/PharmacyRequest/Page_Store/input_txtqty'

2018-05-17 13:19:53 - [TEST_STEP][PASSED] - click: Object: 'Object Repository/PharmacyRequest/Page_Store/button_Add' is clicked on

2018-05-17 13:19:53 - [MESSAGE][PASSED] - Object: 'Object Repository/PharmacyRequest/Page_Store/button_Add' is clicked on

2018-05-17 13:19:53 - [TEST_STEP][PASSED] - Statement - Break: null

2018-05-17 13:19:53 - [TEST_STEP][PASSED] - selectOptionByIndex: All options with index in [40] are selected on object 'Object Repository/PharmacyRequest/Page_Store/select_--Select--Amlodepin -5'

2018-05-17 13:19:54 - [MESSAGE][PASSED] - All options with index in [40] are selected on object 'Object Repository/PharmacyRequest/Page_Store/select_--Select--Amlodepin -5'

2018-05-17 13:19:54 - [TEST_STEP][PASSED] - delay: Delayed 1 second(s)

2018-05-17 13:19:55 - [MESSAGE][PASSED] - Delayed 1 second(s)

2018-05-17 13:19:55 - [TEST_STEP][PASSED] - Statement - RequestedQty = com.kms.katalon.core.webui.keyword.WebUiBuiltInKeywords.getAttribute(com.kms.katalon.core.testobject.ObjectRepository.findTestObject(PharmacyRequest/Page_Store/input_txttotal), "value"): Attribute 'value' of object 'Object Repository/PharmacyRequest/Page_Store/input_txttotal' is: '10'

2018-05-17 13:19:55 - [MESSAGE][PASSED] - Attribute 'value' of object 'Object Repository/PharmacyRequest/Page_Store/input_txttotal' is: '10'

2018-05-17 13:19:55 - [TEST_STEP][PASSED] - Statement - out.println("Requested QTY : " + RequestedQty): null

2018-05-17 13:19:55 - [TEST_STEP][PASSED] - Statement - BatchNumber = com.kms.katalon.core.webui.keyword.WebUiBuiltInKeywords.getNumberOfTotalOption(com.kms.katalon.core.testobject.ObjectRepository.findTestObject(PharmacyRequest/Page_Store/select_--Select--BA50)): 3 options of object 'Object Repository/PharmacyRequest/Page_Store/select_--Select--BA50' counted

2018-05-17 13:19:55 - [MESSAGE][PASSED] - 3 options of object 'Object Repository/PharmacyRequest/Page_Store/select_--Select--BA50' counted

2018-05-17 13:19:55 - [TEST_STEP][PASSED] - Statement - For ([g = 1, g <= BatchNumber - 1, (g++)]): null

2018-05-17 13:19:55 - [TEST_STEP][PASSED] - selectOptionByIndex: All options with index in [1] are selected on object 'Object Repository/PharmacyRequest/Page_Store/select_--Select--BA50'

2018-05-17 13:19:55 - [MESSAGE][PASSED] - All options with index in [1] are selected on object 'Object Repository/PharmacyRequest/Page_Store/select_--Select--BA50'

2018-05-17 13:19:55 - [TEST_STEP][PASSED] - delay: Delayed 2 second(s)

2018-05-17 13:19:57 - [MESSAGE][PASSED] - Delayed 2 second(s)

2018-05-17 13:19:57 - [TEST_STEP][PASSED] - Statement - StockQty = com.kms.katalon.core.webui.keyword.WebUiBuiltInKeywords.getAttribute(com.kms.katalon.core.testobject.ObjectRepository.findTestObject(PharmacyRequest/Page_Store/input_txtprice), "value"): Attribute 'value' of object 'Object Repository/PharmacyRequest/Page_Store/input_txtprice' is: '990'

2018-05-17 13:19:57 - [MESSAGE][PASSED] - Attribute 'value' of object 'Object Repository/PharmacyRequest/Page_Store/input_txtprice' is: '990'

2018-05-17 13:19:57 - [TEST_STEP][PASSED] - Statement - out.println("Stock QTY : " + StockQty): null

2018-05-17 13:19:57 - [TEST_STEP][PASSED] - delay: Delayed 1 second(s)

2018-05-17 13:19:58 - [MESSAGE][PASSED] - Delayed 1 second(s)

2018-05-17 13:19:58 - [TEST_STEP][PASSED] - Statement - If (java.lang.Integer.valueOf(StockQty) >= java.lang.Integer.valueOf(RequestedQty)): null

2018-05-17 13:19:58 - [TEST_STEP][PASSED] - setText: Text '10' is set on object 'Object Repository/PharmacyRequest/Page_Store/input_txtqty'

2018-05-17 13:19:58 - [MESSAGE][PASSED] - Text '10' is set on object 'Object Repository/PharmacyRequest/Page_Store/input_txtqty'

2018-05-17 13:19:58 - [TEST_STEP][PASSED] - click: Object: 'Object Repository/PharmacyRequest/Page_Store/button_Add' is clicked on

2018-05-17 13:19:58 - [MESSAGE][PASSED] - Object: 'Object Repository/PharmacyRequest/Page_Store/button_Add' is clicked on

2018-05-17 13:19:58 - [TEST_STEP][PASSED] - Statement - Break: null

2018-05-17 13:19:58 - [TEST_STEP][PASSED] - selectOptionByIndex: All options with index in [41] are selected on object 'Object Repository/PharmacyRequest/Page_Store/select_--Select--Amlodepin -5'

2018-05-17 13:19:58 - [MESSAGE][PASSED] - All options with index in [41] are selected on object 'Object Repository/PharmacyRequest/Page_Store/select_--Select--Amlodepin -5'

2018-05-17 13:19:58 - [TEST_STEP][PASSED] - delay: Delayed 1 second(s)

2018-05-17 13:19:59 - [MESSAGE][PASSED] - Delayed 1 second(s)

2018-05-17 13:19:59 - [TEST_STEP][PASSED] - Statement - RequestedQty = com.kms.katalon.core.webui.keyword.WebUiBuiltInKeywords.getAttribute(com.kms.katalon.core.testobject.ObjectRepository.findTestObject(PharmacyRequest/Page_Store/input_txttotal), "value"): Attribute 'value' of object 'Object Repository/PharmacyRequest/Page_Store/input_txttotal' is: '10'

2018-05-17 13:19:59 - [MESSAGE][PASSED] - Attribute 'value' of object 'Object Repository/PharmacyRequest/Page_Store/input_txttotal' is: '10'

2018-05-17 13:19:59 - [TEST_STEP][PASSED] - Statement - out.println("Requested QTY : " + RequestedQty): null

2018-05-17 13:19:59 - [TEST_STEP][PASSED] - Statement - BatchNumber = com.kms.katalon.core.webui.keyword.WebUiBuiltInKeywords.getNumberOfTotalOption(com.kms.katalon.core.testobject.ObjectRepository.findTestObject(PharmacyRequest/Page_Store/select_--Select--BA50)): 3 options of object 'Object Repository/PharmacyRequest/Page_Store/select_--Select--BA50' counted

2018-05-17 13:20:00 - [MESSAGE][PASSED] - 3 options of object 'Object Repository/PharmacyRequest/Page_Store/select_--Select--BA50' counted

2018-05-17 13:20:00 - [TEST_STEP][PASSED] - Statement - For ([g = 1, g <= BatchNumber - 1, (g++)]): null

2018-05-17 13:20:00 - [TEST_STEP][PASSED] - selectOptionByIndex: All options with index in [1] are selected on object 'Object Repository/PharmacyRequest/Page_Store/select_--Select--BA50'

2018-05-17 13:20:00 - [MESSAGE][PASSED] - All options with index in [1] are selected on object 'Object Repository/PharmacyRequest/Page_Store/select_--Select--BA50'

2018-05-17 13:20:00 - [TEST_STEP][PASSED] - delay: Delayed 2 second(s)

2018-05-17 13:20:02 - [MESSAGE][PASSED] - Delayed 2 second(s)

2018-05-17 13:20:02 - [TEST_STEP][PASSED] - Statement - StockQty = com.kms.katalon.core.webui.keyword.WebUiBuiltInKeywords.getAttribute(com.kms.katalon.core.testobject.ObjectRepository.findTestObject(PharmacyRequest/Page_Store/input_txtprice), "value"): Attribute 'value' of object 'Object Repository/PharmacyRequest/Page_Store/input_txtprice' is: '990'

2018-05-17 13:20:02 - [MESSAGE][PASSED] - Attribute 'value' of object 'Object Repository/PharmacyRequest/Page_Store/input_txtprice' is: '990'

2018-05-17 13:20:02 - [TEST_STEP][PASSED] - Statement - out.println("Stock QTY : " + StockQty): null

2018-05-17 13:20:02 - [TEST_STEP][PASSED] - delay: Delayed 1 second(s)

2018-05-17 13:20:03 - [MESSAGE][PASSED] - Delayed 1 second(s)

2018-05-17 13:20:03 - [TEST_STEP][PASSED] - Statement - If (java.lang.Integer.valueOf(StockQty) >= java.lang.Integer.valueOf(RequestedQty)): null

2018-05-17 13:20:03 - [TEST_STEP][PASSED] - setText: Text '10' is set on object 'Object Repository/PharmacyRequest/Page_Store/input_txtqty'

2018-05-17 13:20:03 - [MESSAGE][PASSED] - Text '10' is set on object 'Object Repository/PharmacyRequest/Page_Store/input_txtqty'

2018-05-17 13:20:03 - [TEST_STEP][PASSED] - click: Object: 'Object Repository/PharmacyRequest/Page_Store/button_Add' is clicked on

2018-05-17 13:20:03 - [MESSAGE][PASSED] - Object: 'Object Repository/PharmacyRequest/Page_Store/button_Add' is clicked on

2018-05-17 13:20:03 - [TEST_STEP][PASSED] - Statement - Break: null

2018-05-17 13:20:03 - [TEST_STEP][PASSED] - selectOptionByIndex: All options with index in [42] are selected on object 'Object Repository/PharmacyRequest/Page_Store/select_--Select--Amlodepin -5'

2018-05-17 13:20:03 - [MESSAGE][PASSED] - All options with index in [42] are selected on object 'Object Repository/PharmacyRequest/Page_Store/select_--Select--Amlodepin -5'

2018-05-17 13:20:03 - [TEST_STEP][PASSED] - delay: Delayed 1 second(s)

2018-05-17 13:20:04 - [MESSAGE][PASSED] - Delayed 1 second(s)

2018-05-17 13:20:04 - [TEST_STEP][PASSED] - Statement - RequestedQty = com.kms.katalon.core.webui.keyword.WebUiBuiltInKeywords.getAttribute(com.kms.katalon.core.testobject.ObjectRepository.findTestObject(PharmacyRequest/Page_Store/input_txttotal), "value"): Attribute 'value' of object 'Object Repository/PharmacyRequest/Page_Store/input_txttotal' is: '10'

2018-05-17 13:20:04 - [MESSAGE][PASSED] - Attribute 'value' of object 'Object Repository/PharmacyRequest/Page_Store/input_txttotal' is: '10'

2018-05-17 13:20:04 - [TEST_STEP][PASSED] - Statement - out.println("Requested QTY : " + RequestedQty): null

2018-05-17 13:20:04 - [TEST_STEP][PASSED] - Statement - BatchNumber = com.kms.katalon.core.webui.keyword.WebUiBuiltInKeywords.getNumberOfTotalOption(com.kms.katalon.core.testobject.ObjectRepository.findTestObject(PharmacyRequest/Page_Store/select_--Select--BA50)): 2 options of object 'Object Repository/PharmacyRequest/Page_Store/select_--Select--BA50' counted

2018-05-17 13:20:04 - [MESSAGE][PASSED] - 2 options of object 'Object Repository/PharmacyRequest/Page_Store/select_--Select--BA50' counted

2018-05-17 13:20:04 - [TEST_STEP][PASSED] - Statement - For ([g = 1, g <= BatchNumber - 1, (g++)]): null

2018-05-17 13:20:04 - [TEST_STEP][PASSED] - selectOptionByIndex: All options with index in [1] are selected on object 'Object Repository/PharmacyRequest/Page_Store/select_--Select--BA50'

2018-05-17 13:20:04 - [MESSAGE][PASSED] - All options with index in [1] are selected on object 'Object Repository/PharmacyRequest/Page_Store/select_--Select--BA50'

2018-05-17 13:20:04 - [TEST_STEP][PASSED] - delay: Delayed 2 second(s)

2018-05-17 13:20:06 - [MESSAGE][PASSED] - Delayed 2 second(s)

2018-05-17 13:20:06 - [TEST_STEP][PASSED] - Statement - StockQty = com.kms.katalon.core.webui.keyword.WebUiBuiltInKeywords.getAttribute(com.kms.katalon.core.testobject.ObjectRepository.findTestObject(PharmacyRequest/Page_Store/input_txtprice), "value"): Attribute 'value' of object 'Object Repository/PharmacyRequest/Page_Store/input_txtprice' is: '1190'

2018-05-17 13:20:07 - [MESSAGE][PASSED] - Attribute 'value' of object 'Object Repository/PharmacyRequest/Page_Store/input_txtprice' is: '1190'

2018-05-17 13:20:07 - [TEST_STEP][PASSED] - Statement - out.println("Stock QTY : " + StockQty): null

2018-05-17 13:20:07 - [TEST_STEP][PASSED] - delay: Delayed 1 second(s)

2018-05-17 13:20:08 - [MESSAGE][PASSED] - Delayed 1 second(s)

2018-05-17 13:20:08 - [TEST_STEP][PASSED] - Statement - If (java.lang.Integer.valueOf(StockQty) >= java.lang.Integer.valueOf(RequestedQty)): null

2018-05-17 13:20:08 - [TEST_STEP][PASSED] - setText: Text '10' is set on object 'Object Repository/PharmacyRequest/Page_Store/input_txtqty'

2018-05-17 13:20:08 - [MESSAGE][PASSED] - Text '10' is set on object 'Object Repository/PharmacyRequest/Page_Store/input_txtqty'

2018-05-17 13:20:08 - [TEST_STEP][PASSED] - click: Object: 'Object Repository/PharmacyRequest/Page_Store/button_Add' is clicked on

2018-05-17 13:20:08 - [MESSAGE][PASSED] - Object: 'Object Repository/PharmacyRequest/Page_Store/button_Add' is clicked on

2018-05-17 13:20:08 - [TEST_STEP][PASSED] - Statement - Break: null

2018-05-17 13:20:08 - [TEST_STEP][PASSED] - selectOptionByIndex: All options with index in [43] are selected on object 'Object Repository/PharmacyRequest/Page_Store/select_--Select--Amlodepin -5'

2018-05-17 13:20:08 - [MESSAGE][PASSED] - All options with index in [43] are selected on object 'Object Repository/PharmacyRequest/Page_Store/select_--Select--Amlodepin -5'

2018-05-17 13:20:08 - [TEST_STEP][PASSED] - delay: Delayed 1 second(s)

2018-05-17 13:20:09 - [MESSAGE][PASSED] - Delayed 1 second(s)

2018-05-17 13:20:09 - [TEST_STEP][PASSED] - Statement - RequestedQty = com.kms.katalon.core.webui.keyword.WebUiBuiltInKeywords.getAttribute(com.kms.katalon.core.testobject.ObjectRepository.findTestObject(PharmacyRequest/Page_Store/input_txttotal), "value"): Attribute 'value' of object 'Object Repository/PharmacyRequest/Page_Store/input_txttotal' is: '10'

2018-05-17 13:20:09 - [MESSAGE][PASSED] - Attribute 'value' of object 'Object Repository/PharmacyRequest/Page_Store/input_txttotal' is: '10'

2018-05-17 13:20:09 - [TEST_STEP][PASSED] - Statement - out.println("Requested QTY : " + RequestedQty): null

2018-05-17 13:20:09 - [TEST_STEP][PASSED] - Statement - BatchNumber = com.kms.katalon.core.webui.keyword.WebUiBuiltInKeywords.getNumberOfTotalOption(com.kms.katalon.core.testobject.ObjectRepository.findTestObject(PharmacyRequest/Page_Store/select_--Select--BA50)): 3 options of object 'Object Repository/PharmacyRequest/Page_Store/select_--Select--BA50' counted

2018-05-17 13:20:09 - [MESSAGE][PASSED] - 3 options of object 'Object Repository/PharmacyRequest/Page_Store/select_--Select--BA50' counted

2018-05-17 13:20:09 - [TEST_STEP][PASSED] - Statement - For ([g = 1, g <= BatchNumber - 1, (g++)]): null

2018-05-17 13:20:09 - [TEST_STEP][PASSED] - selectOptionByIndex: All options with index in [1] are selected on object 'Object Repository/PharmacyRequest/Page_Store/select_--Select--BA50'

2018-05-17 13:20:09 - [MESSAGE][PASSED] - All options with index in [1] are selected on object 'Object Repository/PharmacyRequest/Page_Store/select_--Select--BA50'

2018-05-17 13:20:09 - [TEST_STEP][PASSED] - delay: Delayed 2 second(s)

2018-05-17 13:20:11 - [MESSAGE][PASSED] - Delayed 2 second(s)

2018-05-17 13:20:11 - [TEST_STEP][PASSED] - Statement - StockQty = com.kms.katalon.core.webui.keyword.WebUiBuiltInKeywords.getAttribute(com.kms.katalon.core.testobject.ObjectRepository.findTestObject(PharmacyRequest/Page_Store/input_txtprice), "value"): Attribute 'value' of object 'Object Repository/PharmacyRequest/Page_Store/input_txtprice' is: '990'

2018-05-17 13:20:11 - [MESSAGE][PASSED] - Attribute 'value' of object 'Object Repository/PharmacyRequest/Page_Store/input_txtprice' is: '990'

2018-05-17 13:20:11 - [TEST_STEP][PASSED] - Statement - out.println("Stock QTY : " + StockQty): null

2018-05-17 13:20:11 - [TEST_STEP][PASSED] - delay: Delayed 1 second(s)

2018-05-17 13:20:12 - [MESSAGE][PASSED] - Delayed 1 second(s)

2018-05-17 13:20:12 - [TEST_STEP][PASSED] - Statement - If (java.lang.Integer.valueOf(StockQty) >= java.lang.Integer.valueOf(RequestedQty)): null

2018-05-17 13:20:12 - [TEST_STEP][PASSED] - setText: Text '10' is set on object 'Object Repository/PharmacyRequest/Page_Store/input_txtqty'

2018-05-17 13:20:13 - [MESSAGE][PASSED] - Text '10' is set on object 'Object Repository/PharmacyRequest/Page_Store/input_txtqty'

2018-05-17 13:20:13 - [TEST_STEP][PASSED] - click: Object: 'Object Repository/PharmacyRequest/Page_Store/button_Add' is clicked on

2018-05-17 13:20:13 - [MESSAGE][PASSED] - Object: 'Object Repository/PharmacyRequest/Page_Store/button_Add' is clicked on

2018-05-17 13:20:13 - [TEST_STEP][PASSED] - Statement - Break: null

2018-05-17 13:20:13 - [TEST_STEP][PASSED] - selectOptionByIndex: All options with index in [44] are selected on object 'Object Repository/PharmacyRequest/Page_Store/select_--Select--Amlodepin -5'

2018-05-17 13:20:13 - [MESSAGE][PASSED] - All options with index in [44] are selected on object 'Object Repository/PharmacyRequest/Page_Store/select_--Select--Amlodepin -5'

2018-05-17 13:20:13 - [TEST_STEP][PASSED] - delay: Delayed 1 second(s)

2018-05-17 13:20:14 - [MESSAGE][PASSED] - Delayed 1 second(s)

2018-05-17 13:20:14 - [TEST_STEP][PASSED] - Statement - RequestedQty = com.kms.katalon.core.webui.keyword.WebUiBuiltInKeywords.getAttribute(com.kms.katalon.core.testobject.ObjectRepository.findTestObject(PharmacyRequest/Page_Store/input_txttotal), "value"): Attribute 'value' of object 'Object Repository/PharmacyRequest/Page_Store/input_txttotal' is: '10'

2018-05-17 13:20:14 - [MESSAGE][PASSED] - Attribute 'value' of object 'Object Repository/PharmacyRequest/Page_Store/input_txttotal' is: '10'

2018-05-17 13:20:14 - [TEST_STEP][PASSED] - Statement - out.println("Requested QTY : " + RequestedQty): null

2018-05-17 13:20:14 - [TEST_STEP][PASSED] - Statement - BatchNumber = com.kms.katalon.core.webui.keyword.WebUiBuiltInKeywords.getNumberOfTotalOption(com.kms.katalon.core.testobject.ObjectRepository.findTestObject(PharmacyRequest/Page_Store/select_--Select--BA50)): 2 options of object 'Object Repository/PharmacyRequest/Page_Store/select_--Select--BA50' counted

2018-05-17 13:20:14 - [MESSAGE][PASSED] - 2 options of object 'Object Repository/PharmacyRequest/Page_Store/select_--Select--BA50' counted

2018-05-17 13:20:14 - [TEST_STEP][PASSED] - Statement - For ([g = 1, g <= BatchNumber - 1, (g++)]): null

2018-05-17 13:20:14 - [TEST_STEP][PASSED] - selectOptionByIndex: All options with index in [1] are selected on object 'Object Repository/PharmacyRequest/Page_Store/select_--Select--BA50'

2018-05-17 13:20:14 - [MESSAGE][PASSED] - All options with index in [1] are selected on object 'Object Repository/PharmacyRequest/Page_Store/select_--Select--BA50'

2018-05-17 13:20:14 - [TEST_STEP][PASSED] - delay: Delayed 2 second(s)

2018-05-17 13:20:16 - [MESSAGE][PASSED] - Delayed 2 second(s)

2018-05-17 13:20:16 - [TEST_STEP][PASSED] - Statement - StockQty = com.kms.katalon.core.webui.keyword.WebUiBuiltInKeywords.getAttribute(com.kms.katalon.core.testobject.ObjectRepository.findTestObject(PharmacyRequest/Page_Store/input_txtprice), "value"): Attribute 'value' of object 'Object Repository/PharmacyRequest/Page_Store/input_txtprice' is: '1190'

2018-05-17 13:20:16 - [MESSAGE][PASSED] - Attribute 'value' of object 'Object Repository/PharmacyRequest/Page_Store/input_txtprice' is: '1190'

2018-05-17 13:20:16 - [TEST_STEP][PASSED] - Statement - out.println("Stock QTY : " + StockQty): null

2018-05-17 13:20:16 - [TEST_STEP][PASSED] - delay: Delayed 1 second(s)

2018-05-17 13:20:17 - [MESSAGE][PASSED] - Delayed 1 second(s)

2018-05-17 13:20:17 - [TEST_STEP][PASSED] - Statement - If (java.lang.Integer.valueOf(StockQty) >= java.lang.Integer.valueOf(RequestedQty)): null

2018-05-17 13:20:17 - [TEST_STEP][PASSED] - setText: Text '10' is set on object 'Object Repository/PharmacyRequest/Page_Store/input_txtqty'

2018-05-17 13:20:17 - [MESSAGE][PASSED] - Text '10' is set on object 'Object Repository/PharmacyRequest/Page_Store/input_txtqty'

2018-05-17 13:20:17 - [TEST_STEP][PASSED] - click: Object: 'Object Repository/PharmacyRequest/Page_Store/button_Add' is clicked on

2018-05-17 13:20:18 - [MESSAGE][PASSED] - Object: 'Object Repository/PharmacyRequest/Page_Store/button_Add' is clicked on

2018-05-17 13:20:18 - [TEST_STEP][PASSED] - Statement - Break: null

2018-05-17 13:20:18 - [TEST_STEP][PASSED] - selectOptionByIndex: All options with index in [45] are selected on object 'Object Repository/PharmacyRequest/Page_Store/select_--Select--Amlodepin -5'

2018-05-17 13:20:18 - [MESSAGE][PASSED] - All options with index in [45] are selected on object 'Object Repository/PharmacyRequest/Page_Store/select_--Select--Amlodepin -5'

2018-05-17 13:20:18 - [TEST_STEP][PASSED] - delay: Delayed 1 second(s)

2018-05-17 13:20:19 - [MESSAGE][PASSED] - Delayed 1 second(s)

2018-05-17 13:20:19 - [TEST_STEP][PASSED] - Statement - RequestedQty = com.kms.katalon.core.webui.keyword.WebUiBuiltInKeywords.getAttribute(com.kms.katalon.core.testobject.ObjectRepository.findTestObject(PharmacyRequest/Page_Store/input_txttotal), "value"): Attribute 'value' of object 'Object Repository/PharmacyRequest/Page_Store/input_txttotal' is: '10'

2018-05-17 13:20:19 - [MESSAGE][PASSED] - Attribute 'value' of object 'Object Repository/PharmacyRequest/Page_Store/input_txttotal' is: '10'

2018-05-17 13:20:19 - [TEST_STEP][PASSED] - Statement - out.println("Requested QTY : " + RequestedQty): null

2018-05-17 13:20:19 - [TEST_STEP][PASSED] - Statement - BatchNumber = com.kms.katalon.core.webui.keyword.WebUiBuiltInKeywords.getNumberOfTotalOption(com.kms.katalon.core.testobject.ObjectRepository.findTestObject(PharmacyRequest/Page_Store/select_--Select--BA50)): 3 options of object 'Object Repository/PharmacyRequest/Page_Store/select_--Select--BA50' counted

2018-05-17 13:20:19 - [MESSAGE][PASSED] - 3 options of object 'Object Repository/PharmacyRequest/Page_Store/select_--Select--BA50' counted

2018-05-17 13:20:19 - [TEST_STEP][PASSED] - Statement - For ([g = 1, g <= BatchNumber - 1, (g++)]): null

2018-05-17 13:20:19 - [TEST_STEP][PASSED] - selectOptionByIndex: All options with index in [1] are selected on object 'Object Repository/PharmacyRequest/Page_Store/select_--Select--BA50'

2018-05-17 13:20:19 - [MESSAGE][PASSED] - All options with index in [1] are selected on object 'Object Repository/PharmacyRequest/Page_Store/select_--Select--BA50'

2018-05-17 13:20:19 - [TEST_STEP][PASSED] - delay: Delayed 2 second(s)

2018-05-17 13:20:21 - [MESSAGE][PASSED] - Delayed 2 second(s)

2018-05-17 13:20:21 - [TEST_STEP][PASSED] - Statement - StockQty = com.kms.katalon.core.webui.keyword.WebUiBuiltInKeywords.getAttribute(com.kms.katalon.core.testobject.ObjectRepository.findTestObject(PharmacyRequest/Page_Store/input_txtprice), "value"): Attribute 'value' of object 'Object Repository/PharmacyRequest/Page_Store/input_txtprice' is: '990'

2018-05-17 13:20:21 - [MESSAGE][PASSED] - Attribute 'value' of object 'Object Repository/PharmacyRequest/Page_Store/input_txtprice' is: '990'

2018-05-17 13:20:21 - [TEST_STEP][PASSED] - Statement - out.println("Stock QTY : " + StockQty): null

2018-05-17 13:20:21 - [TEST_STEP][PASSED] - delay: Delayed 1 second(s)

2018-05-17 13:20:22 - [MESSAGE][PASSED] - Delayed 1 second(s)

2018-05-17 13:20:22 - [TEST_STEP][PASSED] - Statement - If (java.lang.Integer.valueOf(StockQty) >= java.lang.Integer.valueOf(RequestedQty)): null

2018-05-17 13:20:22 - [TEST_STEP][PASSED] - setText: Text '10' is set on object 'Object Repository/PharmacyRequest/Page_Store/input_txtqty'

2018-05-17 13:20:22 - [MESSAGE][PASSED] - Text '10' is set on object 'Object Repository/PharmacyRequest/Page_Store/input_txtqty'

2018-05-17 13:20:22 - [TEST_STEP][PASSED] - click: Object: 'Object Repository/PharmacyRequest/Page_Store/button_Add' is clicked on

2018-05-17 13:20:22 - [MESSAGE][PASSED] - Object: 'Object Repository/PharmacyRequest/Page_Store/button_Add' is clicked on

2018-05-17 13:20:22 - [TEST_STEP][PASSED] - Statement - Break: null

2018-05-17 13:20:22 - [TEST_STEP][PASSED] - selectOptionByIndex: All options with index in [46] are selected on object 'Object Repository/PharmacyRequest/Page_Store/select_--Select--Amlodepin -5'

2018-05-17 13:20:23 - [MESSAGE][PASSED] - All options with index in [46] are selected on object 'Object Repository/PharmacyRequest/Page_Store/select_--Select--Amlodepin -5'

2018-05-17 13:20:23 - [TEST_STEP][PASSED] - delay: Delayed 1 second(s)

2018-05-17 13:20:24 - [MESSAGE][PASSED] - Delayed 1 second(s)

2018-05-17 13:20:24 - [TEST_STEP][PASSED] - Statement - RequestedQty = com.kms.katalon.core.webui.keyword.WebUiBuiltInKeywords.getAttribute(com.kms.katalon.core.testobject.ObjectRepository.findTestObject(PharmacyRequest/Page_Store/input_txttotal), "value"): Attribute 'value' of object 'Object Repository/PharmacyRequest/Page_Store/input_txttotal' is: '10'

2018-05-17 13:20:24 - [MESSAGE][PASSED] - Attribute 'value' of object 'Object Repository/PharmacyRequest/Page_Store/input_txttotal' is: '10'

2018-05-17 13:20:24 - [TEST_STEP][PASSED] - Statement - out.println("Requested QTY : " + RequestedQty): null

2018-05-17 13:20:24 - [TEST_STEP][PASSED] - Statement - BatchNumber = com.kms.katalon.core.webui.keyword.WebUiBuiltInKeywords.getNumberOfTotalOption(com.kms.katalon.core.testobject.ObjectRepository.findTestObject(PharmacyRequest/Page_Store/select_--Select--BA50)): 2 options of object 'Object Repository/PharmacyRequest/Page_Store/select_--Select--BA50' counted

2018-05-17 13:20:24 - [MESSAGE][PASSED] - 2 options of object 'Object Repository/PharmacyRequest/Page_Store/select_--Select--BA50' counted

2018-05-17 13:20:24 - [TEST_STEP][PASSED] - Statement - For ([g = 1, g <= BatchNumber - 1, (g++)]): null

2018-05-17 13:20:24 - [TEST_STEP][PASSED] - selectOptionByIndex: All options with index in [1] are selected on object 'Object Repository/PharmacyRequest/Page_Store/select_--Select--BA50'

2018-05-17 13:20:24 - [MESSAGE][PASSED] - All options with index in [1] are selected on object 'Object Repository/PharmacyRequest/Page_Store/select_--Select--BA50'

2018-05-17 13:20:24 - [TEST_STEP][PASSED] - delay: Delayed 2 second(s)

2018-05-17 13:20:26 - [MESSAGE][PASSED] - Delayed 2 second(s)

2018-05-17 13:20:26 - [TEST_STEP][PASSED] - Statement - StockQty = com.kms.katalon.core.webui.keyword.WebUiBuiltInKeywords.getAttribute(com.kms.katalon.core.testobject.ObjectRepository.findTestObject(PharmacyRequest/Page_Store/input_txtprice), "value"): Attribute 'value' of object 'Object Repository/PharmacyRequest/Page_Store/input_txtprice' is: '1190'

2018-05-17 13:20:26 - [MESSAGE][PASSED] - Attribute 'value' of object 'Object Repository/PharmacyRequest/Page_Store/input_txtprice' is: '1190'

2018-05-17 13:20:26 - [TEST_STEP][PASSED] - Statement - out.println("Stock QTY : " + StockQty): null

2018-05-17 13:20:26 - [TEST_STEP][PASSED] - delay: Delayed 1 second(s)

2018-05-17 13:20:27 - [MESSAGE][PASSED] - Delayed 1 second(s)

2018-05-17 13:20:27 - [TEST_STEP][PASSED] - Statement - If (java.lang.Integer.valueOf(StockQty) >= java.lang.Integer.valueOf(RequestedQty)): null

2018-05-17 13:20:27 - [TEST_STEP][PASSED] - setText: Text '10' is set on object 'Object Repository/PharmacyRequest/Page_Store/input_txtqty'

2018-05-17 13:20:27 - [MESSAGE][PASSED] - Text '10' is set on object 'Object Repository/PharmacyRequest/Page_Store/input_txtqty'

2018-05-17 13:20:27 - [TEST_STEP][PASSED] - click: Object: 'Object Repository/PharmacyRequest/Page_Store/button_Add' is clicked on

2018-05-17 13:20:27 - [MESSAGE][PASSED] - Object: 'Object Repository/PharmacyRequest/Page_Store/button_Add' is clicked on

2018-05-17 13:20:27 - [TEST_STEP][PASSED] - Statement - Break: null

2018-05-17 13:20:27 - [TEST_STEP][PASSED] - selectOptionByIndex: All options with index in [47] are selected on object 'Object Repository/PharmacyRequest/Page_Store/select_--Select--Amlodepin -5'

2018-05-17 13:20:28 - [MESSAGE][PASSED] - All options with index in [47] are selected on object 'Object Repository/PharmacyRequest/Page_Store/select_--Select--Amlodepin -5'

2018-05-17 13:20:28 - [TEST_STEP][PASSED] - delay: Delayed 1 second(s)

2018-05-17 13:20:29 - [MESSAGE][PASSED] - Delayed 1 second(s)

2018-05-17 13:20:29 - [TEST_STEP][PASSED] - Statement - RequestedQty = com.kms.katalon.core.webui.keyword.WebUiBuiltInKeywords.getAttribute(com.kms.katalon.core.testobject.ObjectRepository.findTestObject(PharmacyRequest/Page_Store/input_txttotal), "value"): Attribute 'value' of object 'Object Repository/PharmacyRequest/Page_Store/input_txttotal' is: '10'

2018-05-17 13:20:29 - [MESSAGE][PASSED] - Attribute 'value' of object 'Object Repository/PharmacyRequest/Page_Store/input_txttotal' is: '10'

2018-05-17 13:20:29 - [TEST_STEP][PASSED] - Statement - out.println("Requested QTY : " + RequestedQty): null

2018-05-17 13:20:29 - [TEST_STEP][PASSED] - Statement - BatchNumber = com.kms.katalon.core.webui.keyword.WebUiBuiltInKeywords.getNumberOfTotalOption(com.kms.katalon.core.testobject.ObjectRepository.findTestObject(PharmacyRequest/Page_Store/select_--Select--BA50)): 2 options of object 'Object Repository/PharmacyRequest/Page_Store/select_--Select--BA50' counted

2018-05-17 13:20:29 - [MESSAGE][PASSED] - 2 options of object 'Object Repository/PharmacyRequest/Page_Store/select_--Select--BA50' counted

2018-05-17 13:20:29 - [TEST_STEP][PASSED] - Statement - For ([g = 1, g <= BatchNumber - 1, (g++)]): null

2018-05-17 13:20:29 - [TEST_STEP][PASSED] - selectOptionByIndex: All options with index in [1] are selected on object 'Object Repository/PharmacyRequest/Page_Store/select_--Select--BA50'

2018-05-17 13:20:29 - [MESSAGE][PASSED] - All options with index in [1] are selected on object 'Object Repository/PharmacyRequest/Page_Store/select_--Select--BA50'

2018-05-17 13:20:29 - [TEST_STEP][PASSED] - delay: Delayed 2 second(s)

2018-05-17 13:20:31 - [MESSAGE][PASSED] - Delayed 2 second(s)

2018-05-17 13:20:31 - [TEST_STEP][PASSED] - Statement - StockQty = com.kms.katalon.core.webui.keyword.WebUiBuiltInKeywords.getAttribute(com.kms.katalon.core.testobject.ObjectRepository.findTestObject(PharmacyRequest/Page_Store/input_txtprice), "value"): Attribute 'value' of object 'Object Repository/PharmacyRequest/Page_Store/input_txtprice' is: '1190'

2018-05-17 13:20:31 - [MESSAGE][PASSED] - Attribute 'value' of object 'Object Repository/PharmacyRequest/Page_Store/input_txtprice' is: '1190'

2018-05-17 13:20:31 - [TEST_STEP][PASSED] - Statement - out.println("Stock QTY : " + StockQty): null

2018-05-17 13:20:31 - [TEST_STEP][PASSED] - delay: Delayed 1 second(s)

2018-05-17 13:20:32 - [MESSAGE][PASSED] - Delayed 1 second(s)

2018-05-17 13:20:32 - [TEST_STEP][PASSED] - Statement - If (java.lang.Integer.valueOf(StockQty) >= java.lang.Integer.valueOf(RequestedQty)): null

2018-05-17 13:20:32 - [TEST_STEP][PASSED] - setText: Text '10' is set on object 'Object Repository/PharmacyRequest/Page_Store/input_txtqty'

2018-05-17 13:20:32 - [MESSAGE][PASSED] - Text '10' is set on object 'Object Repository/PharmacyRequest/Page_Store/input_txtqty'

2018-05-17 13:20:32 - [TEST_STEP][PASSED] - click: Object: 'Object Repository/PharmacyRequest/Page_Store/button_Add' is clicked on

2018-05-17 13:20:32 - [MESSAGE][PASSED] - Object: 'Object Repository/PharmacyRequest/Page_Store/button_Add' is clicked on

2018-05-17 13:20:32 - [TEST_STEP][PASSED] - Statement - Break: null

2018-05-17 13:20:32 - [TEST_STEP][PASSED] - selectOptionByIndex: All options with index in [48] are selected on object 'Object Repository/PharmacyRequest/Page_Store/select_--Select--Amlodepin -5'

2018-05-17 13:20:33 - [MESSAGE][PASSED] - All options with index in [48] are selected on object 'Object Repository/PharmacyRequest/Page_Store/select_--Select--Amlodepin -5'

2018-05-17 13:20:33 - [TEST_STEP][PASSED] - delay: Delayed 1 second(s)

2018-05-17 13:20:34 - [MESSAGE][PASSED] - Delayed 1 second(s)

2018-05-17 13:20:34 - [TEST_STEP][PASSED] - Statement - RequestedQty = com.kms.katalon.core.webui.keyword.WebUiBuiltInKeywords.getAttribute(com.kms.katalon.core.testobject.ObjectRepository.findTestObject(PharmacyRequest/Page_Store/input_txttotal), "value"): Attribute 'value' of object 'Object Repository/PharmacyRequest/Page_Store/input_txttotal' is: '10'

2018-05-17 13:20:34 - [MESSAGE][PASSED] - Attribute 'value' of object 'Object Repository/PharmacyRequest/Page_Store/input_txttotal' is: '10'

2018-05-17 13:20:34 - [TEST_STEP][PASSED] - Statement - out.println("Requested QTY : " + RequestedQty): null

2018-05-17 13:20:34 - [TEST_STEP][PASSED] - Statement - BatchNumber = com.kms.katalon.core.webui.keyword.WebUiBuiltInKeywords.getNumberOfTotalOption(com.kms.katalon.core.testobject.ObjectRepository.findTestObject(PharmacyRequest/Page_Store/select_--Select--BA50)): 3 options of object 'Object Repository/PharmacyRequest/Page_Store/select_--Select--BA50' counted

2018-05-17 13:20:34 - [MESSAGE][PASSED] - 3 options of object 'Object Repository/PharmacyRequest/Page_Store/select_--Select--BA50' counted

2018-05-17 13:20:34 - [TEST_STEP][PASSED] - Statement - For ([g = 1, g <= BatchNumber - 1, (g++)]): null

2018-05-17 13:20:34 - [TEST_STEP][PASSED] - selectOptionByIndex: All options with index in [1] are selected on object 'Object Repository/PharmacyRequest/Page_Store/select_--Select--BA50'

2018-05-17 13:20:34 - [MESSAGE][PASSED] - All options with index in [1] are selected on object 'Object Repository/PharmacyRequest/Page_Store/select_--Select--BA50'

2018-05-17 13:20:34 - [TEST_STEP][PASSED] - delay: Delayed 2 second(s)

2018-05-17 13:20:36 - [MESSAGE][PASSED] - Delayed 2 second(s)

2018-05-17 13:20:36 - [TEST_STEP][PASSED] - Statement - StockQty = com.kms.katalon.core.webui.keyword.WebUiBuiltInKeywords.getAttribute(com.kms.katalon.core.testobject.ObjectRepository.findTestObject(PharmacyRequest/Page_Store/input_txtprice), "value"): Attribute 'value' of object 'Object Repository/PharmacyRequest/Page_Store/input_txtprice' is: '990'

2018-05-17 13:20:36 - [MESSAGE][PASSED] - Attribute 'value' of object 'Object Repository/PharmacyRequest/Page_Store/input_txtprice' is: '990'

2018-05-17 13:20:36 - [TEST_STEP][PASSED] - Statement - out.println("Stock QTY : " + StockQty): null

2018-05-17 13:20:36 - [TEST_STEP][PASSED] - delay: Delayed 1 second(s)

2018-05-17 13:20:37 - [MESSAGE][PASSED] - Delayed 1 second(s)

2018-05-17 13:20:37 - [TEST_STEP][PASSED] - Statement - If (java.lang.Integer.valueOf(StockQty) >= java.lang.Integer.valueOf(RequestedQty)): null

2018-05-17 13:20:37 - [TEST_STEP][PASSED] - setText: Text '10' is set on object 'Object Repository/PharmacyRequest/Page_Store/input_txtqty'

2018-05-17 13:20:37 - [MESSAGE][PASSED] - Text '10' is set on object 'Object Repository/PharmacyRequest/Page_Store/input_txtqty'

2018-05-17 13:20:37 - [TEST_STEP][PASSED] - click: Object: 'Object Repository/PharmacyRequest/Page_Store/button_Add' is clicked on

2018-05-17 13:20:37 - [MESSAGE][PASSED] - Object: 'Object Repository/PharmacyRequest/Page_Store/button_Add' is clicked on

2018-05-17 13:20:37 - [TEST_STEP][PASSED] - Statement - Break: null

2018-05-17 13:20:37 - [TEST_STEP][PASSED] - selectOptionByIndex: All options with index in [49] are selected on object 'Object Repository/PharmacyRequest/Page_Store/select_--Select--Amlodepin -5'

2018-05-17 13:20:38 - [MESSAGE][PASSED] - All options with index in [49] are selected on object 'Object Repository/PharmacyRequest/Page_Store/select_--Select--Amlodepin -5'

2018-05-17 13:20:38 - [TEST_STEP][PASSED] - delay: Delayed 1 second(s)

2018-05-17 13:20:39 - [MESSAGE][PASSED] - Delayed 1 second(s)

2018-05-17 13:20:39 - [TEST_STEP][PASSED] - Statement - RequestedQty = com.kms.katalon.core.webui.keyword.WebUiBuiltInKeywords.getAttribute(com.kms.katalon.core.testobject.ObjectRepository.findTestObject(PharmacyRequest/Page_Store/input_txttotal), "value"): Attribute 'value' of object 'Object Repository/PharmacyRequest/Page_Store/input_txttotal' is: '10'

2018-05-17 13:20:39 - [MESSAGE][PASSED] - Attribute 'value' of object 'Object Repository/PharmacyRequest/Page_Store/input_txttotal' is: '10'

2018-05-17 13:20:39 - [TEST_STEP][PASSED] - Statement - out.println("Requested QTY : " + RequestedQty): null

2018-05-17 13:20:39 - [TEST_STEP][PASSED] - Statement - BatchNumber = com.kms.katalon.core.webui.keyword.WebUiBuiltInKeywords.getNumberOfTotalOption(com.kms.katalon.core.testobject.ObjectRepository.findTestObject(PharmacyRequest/Page_Store/select_--Select--BA50)): 2 options of object 'Object Repository/PharmacyRequest/Page_Store/select_--Select--BA50' counted

2018-05-17 13:20:39 - [MESSAGE][PASSED] - 2 options of object 'Object Repository/PharmacyRequest/Page_Store/select_--Select--BA50' counted

2018-05-17 13:20:39 - [TEST_STEP][PASSED] - Statement - For ([g = 1, g <= BatchNumber - 1, (g++)]): null

2018-05-17 13:20:39 - [TEST_STEP][PASSED] - selectOptionByIndex: All options with index in [1] are selected on object 'Object Repository/PharmacyRequest/Page_Store/select_--Select--BA50'

2018-05-17 13:20:39 - [MESSAGE][PASSED] - All options with index in [1] are selected on object 'Object Repository/PharmacyRequest/Page_Store/select_--Select--BA50'

2018-05-17 13:20:39 - [TEST_STEP][PASSED] - delay: Delayed 2 second(s)

2018-05-17 13:20:41 - [MESSAGE][PASSED] - Delayed 2 second(s)

2018-05-17 13:20:41 - [TEST_STEP][PASSED] - Statement - StockQty = com.kms.katalon.core.webui.keyword.WebUiBuiltInKeywords.getAttribute(com.kms.katalon.core.testobject.ObjectRepository.findTestObject(PharmacyRequest/Page_Store/input_txtprice), "value"): Attribute 'value' of object 'Object Repository/PharmacyRequest/Page_Store/input_txtprice' is: '1190'

2018-05-17 13:20:41 - [MESSAGE][PASSED] - Attribute 'value' of object 'Object Repository/PharmacyRequest/Page_Store/input_txtprice' is: '1190'

2018-05-17 13:20:41 - [TEST_STEP][PASSED] - Statement - out.println("Stock QTY : " + StockQty): null

2018-05-17 13:20:41 - [TEST_STEP][PASSED] - delay: Delayed 1 second(s)

2018-05-17 13:20:42 - [MESSAGE][PASSED] - Delayed 1 second(s)

2018-05-17 13:20:42 - [TEST_STEP][PASSED] - Statement - If (java.lang.Integer.valueOf(StockQty) >= java.lang.Integer.valueOf(RequestedQty)): null

2018-05-17 13:20:42 - [TEST_STEP][PASSED] - setText: Text '10' is set on object 'Object Repository/PharmacyRequest/Page_Store/input_txtqty'

2018-05-17 13:20:42 - [MESSAGE][PASSED] - Text '10' is set on object 'Object Repository/PharmacyRequest/Page_Store/input_txtqty'

2018-05-17 13:20:42 - [TEST_STEP][PASSED] - click: Object: 'Object Repository/PharmacyRequest/Page_Store/button_Add' is clicked on

2018-05-17 13:20:42 - [MESSAGE][PASSED] - Object: 'Object Repository/PharmacyRequest/Page_Store/button_Add' is clicked on

2018-05-17 13:20:42 - [TEST_STEP][PASSED] - Statement - Break: null

2018-05-17 13:20:42 - [TEST_STEP][PASSED] - selectOptionByIndex: All options with index in [50] are selected on object 'Object Repository/PharmacyRequest/Page_Store/select_--Select--Amlodepin -5'

2018-05-17 13:20:43 - [MESSAGE][PASSED] - All options with index in [50] are selected on object 'Object Repository/PharmacyRequest/Page_Store/select_--Select--Amlodepin -5'

2018-05-17 13:20:43 - [TEST_STEP][PASSED] - delay: Delayed 1 second(s)

2018-05-17 13:20:44 - [MESSAGE][PASSED] - Delayed 1 second(s)

2018-05-17 13:20:44 - [TEST_STEP][PASSED] - Statement - RequestedQty = com.kms.katalon.core.webui.keyword.WebUiBuiltInKeywords.getAttribute(com.kms.katalon.core.testobject.ObjectRepository.findTestObject(PharmacyRequest/Page_Store/input_txttotal), "value"): Attribute 'value' of object 'Object Repository/PharmacyRequest/Page_Store/input_txttotal' is: '10'

2018-05-17 13:20:44 - [MESSAGE][PASSED] - Attribute 'value' of object 'Object Repository/PharmacyRequest/Page_Store/input_txttotal' is: '10'

2018-05-17 13:20:44 - [TEST_STEP][PASSED] - Statement - out.println("Requested QTY : " + RequestedQty): null

2018-05-17 13:20:44 - [TEST_STEP][PASSED] - Statement - BatchNumber = com.kms.katalon.core.webui.keyword.WebUiBuiltInKeywords.getNumberOfTotalOption(com.kms.katalon.core.testobject.ObjectRepository.findTestObject(PharmacyRequest/Page_Store/select_--Select--BA50)): 2 options of object 'Object Repository/PharmacyRequest/Page_Store/select_--Select--BA50' counted

2018-05-17 13:20:44 - [MESSAGE][PASSED] - 2 options of object 'Object Repository/PharmacyRequest/Page_Store/select_--Select--BA50' counted

2018-05-17 13:20:44 - [TEST_STEP][PASSED] - Statement - For ([g = 1, g <= BatchNumber - 1, (g++)]): null

2018-05-17 13:20:44 - [TEST_STEP][PASSED] - selectOptionByIndex: All options with index in [1] are selected on object 'Object Repository/PharmacyRequest/Page_Store/select_--Select--BA50'

2018-05-17 13:20:44 - [MESSAGE][PASSED] - All options with index in [1] are selected on object 'Object Repository/PharmacyRequest/Page_Store/select_--Select--BA50'

2018-05-17 13:20:44 - [TEST_STEP][PASSED] - delay: Delayed 2 second(s)

2018-05-17 13:20:46 - [MESSAGE][PASSED] - Delayed 2 second(s)

2018-05-17 13:20:46 - [TEST_STEP][PASSED] - Statement - StockQty = com.kms.katalon.core.webui.keyword.WebUiBuiltInKeywords.getAttribute(com.kms.katalon.core.testobject.ObjectRepository.findTestObject(PharmacyRequest/Page_Store/input_txtprice), "value"): Attribute 'value' of object 'Object Repository/PharmacyRequest/Page_Store/input_txtprice' is: '1190'

2018-05-17 13:20:46 - [MESSAGE][PASSED] - Attribute 'value' of object 'Object Repository/PharmacyRequest/Page_Store/input_txtprice' is: '1190'

2018-05-17 13:20:46 - [TEST_STEP][PASSED] - Statement - out.println("Stock QTY : " + StockQty): null

2018-05-17 13:20:46 - [TEST_STEP][PASSED] - delay: Delayed 1 second(s)

2018-05-17 13:20:47 - [MESSAGE][PASSED] - Delayed 1 second(s)

2018-05-17 13:20:47 - [TEST_STEP][PASSED] - Statement - If (java.lang.Integer.valueOf(StockQty) >= java.lang.Integer.valueOf(RequestedQty)): null

2018-05-17 13:20:47 - [TEST_STEP][PASSED] - setText: Text '10' is set on object 'Object Repository/PharmacyRequest/Page_Store/input_txtqty'

2018-05-17 13:20:47 - [MESSAGE][PASSED] - Text '10' is set on object 'Object Repository/PharmacyRequest/Page_Store/input_txtqty'

2018-05-17 13:20:47 - [TEST_STEP][PASSED] - click: Object: 'Object Repository/PharmacyRequest/Page_Store/button_Add' is clicked on

2018-05-17 13:20:47 - [MESSAGE][PASSED] - Object: 'Object Repository/PharmacyRequest/Page_Store/button_Add' is clicked on

2018-05-17 13:20:47 - [TEST_STEP][PASSED] - Statement - Break: null

2018-05-17 13:20:47 - [TEST_STEP][PASSED] - selectOptionByIndex: All options with index in [51] are selected on object 'Object Repository/PharmacyRequest/Page_Store/select_--Select--Amlodepin -5'

2018-05-17 13:20:47 - [MESSAGE][PASSED] - All options with index in [51] are selected on object 'Object Repository/PharmacyRequest/Page_Store/select_--Select--Amlodepin -5'

2018-05-17 13:20:47 - [TEST_STEP][PASSED] - delay: Delayed 1 second(s)

2018-05-17 13:20:48 - [MESSAGE][PASSED] - Delayed 1 second(s)

2018-05-17 13:20:48 - [TEST_STEP][PASSED] - Statement - RequestedQty = com.kms.katalon.core.webui.keyword.WebUiBuiltInKeywords.getAttribute(com.kms.katalon.core.testobject.ObjectRepository.findTestObject(PharmacyRequest/Page_Store/input_txttotal), "value"): Attribute 'value' of object 'Object Repository/PharmacyRequest/Page_Store/input_txttotal' is: '10'

2018-05-17 13:20:49 - [MESSAGE][PASSED] - Attribute 'value' of object 'Object Repository/PharmacyRequest/Page_Store/input_txttotal' is: '10'

2018-05-17 13:20:49 - [TEST_STEP][PASSED] - Statement - out.println("Requested QTY : " + RequestedQty): null

2018-05-17 13:20:49 - [TEST_STEP][PASSED] - Statement - BatchNumber = com.kms.katalon.core.webui.keyword.WebUiBuiltInKeywords.getNumberOfTotalOption(com.kms.katalon.core.testobject.ObjectRepository.findTestObject(PharmacyRequest/Page_Store/select_--Select--BA50)): 2 options of object 'Object Repository/PharmacyRequest/Page_Store/select_--Select--BA50' counted

2018-05-17 13:20:49 - [MESSAGE][PASSED] - 2 options of object 'Object Repository/PharmacyRequest/Page_Store/select_--Select--BA50' counted

2018-05-17 13:20:49 - [TEST_STEP][PASSED] - Statement - For ([g = 1, g <= BatchNumber - 1, (g++)]): null

2018-05-17 13:20:49 - [TEST_STEP][PASSED] - selectOptionByIndex: All options with index in [1] are selected on object 'Object Repository/PharmacyRequest/Page_Store/select_--Select--BA50'

2018-05-17 13:20:49 - [MESSAGE][PASSED] - All options with index in [1] are selected on object 'Object Repository/PharmacyRequest/Page_Store/select_--Select--BA50'

2018-05-17 13:20:49 - [TEST_STEP][PASSED] - delay: Delayed 2 second(s)

2018-05-17 13:20:51 - [MESSAGE][PASSED] - Delayed 2 second(s)

2018-05-17 13:20:51 - [TEST_STEP][PASSED] - Statement - StockQty = com.kms.katalon.core.webui.keyword.WebUiBuiltInKeywords.getAttribute(com.kms.katalon.core.testobject.ObjectRepository.findTestObject(PharmacyRequest/Page_Store/input_txtprice), "value"): Attribute 'value' of object 'Object Repository/PharmacyRequest/Page_Store/input_txtprice' is: '1190'

2018-05-17 13:20:51 - [MESSAGE][PASSED] - Attribute 'value' of object 'Object Repository/PharmacyRequest/Page_Store/input_txtprice' is: '1190'

2018-05-17 13:20:51 - [TEST_STEP][PASSED] - Statement - out.println("Stock QTY : " + StockQty): null

2018-05-17 13:20:51 - [TEST_STEP][PASSED] - delay: Delayed 1 second(s)

2018-05-17 13:20:52 - [MESSAGE][PASSED] - Delayed 1 second(s)

2018-05-17 13:20:52 - [TEST_STEP][PASSED] - Statement - If (java.lang.Integer.valueOf(StockQty) >= java.lang.Integer.valueOf(RequestedQty)): null

2018-05-17 13:20:52 - [TEST_STEP][PASSED] - setText: Text '10' is set on object 'Object Repository/PharmacyRequest/Page_Store/input_txtqty'

2018-05-17 13:20:52 - [MESSAGE][PASSED] - Text '10' is set on object 'Object Repository/PharmacyRequest/Page_Store/input_txtqty'

2018-05-17 13:20:52 - [TEST_STEP][PASSED] - click: Object: 'Object Repository/PharmacyRequest/Page_Store/button_Add' is clicked on

2018-05-17 13:20:52 - [MESSAGE][PASSED] - Object: 'Object Repository/PharmacyRequest/Page_Store/button_Add' is clicked on

2018-05-17 13:20:52 - [TEST_STEP][PASSED] - Statement - Break: null

2018-05-17 13:20:52 - [TEST_STEP][PASSED] - selectOptionByIndex: All options with index in [52] are selected on object 'Object Repository/PharmacyRequest/Page_Store/select_--Select--Amlodepin -5'

2018-05-17 13:20:52 - [MESSAGE][PASSED] - All options with index in [52] are selected on object 'Object Repository/PharmacyRequest/Page_Store/select_--Select--Amlodepin -5'

2018-05-17 13:20:52 - [TEST_STEP][PASSED] - delay: Delayed 1 second(s)

2018-05-17 13:20:53 - [MESSAGE][PASSED] - Delayed 1 second(s)

2018-05-17 13:20:53 - [TEST_STEP][PASSED] - Statement - RequestedQty = com.kms.katalon.core.webui.keyword.WebUiBuiltInKeywords.getAttribute(com.kms.katalon.core.testobject.ObjectRepository.findTestObject(PharmacyRequest/Page_Store/input_txttotal), "value"): Attribute 'value' of object 'Object Repository/PharmacyRequest/Page_Store/input_txttotal' is: '10'

2018-05-17 13:20:53 - [MESSAGE][PASSED] - Attribute 'value' of object 'Object Repository/PharmacyRequest/Page_Store/input_txttotal' is: '10'

2018-05-17 13:20:53 - [TEST_STEP][PASSED] - Statement - out.println("Requested QTY : " + RequestedQty): null

2018-05-17 13:20:53 - [TEST_STEP][PASSED] - Statement - BatchNumber = com.kms.katalon.core.webui.keyword.WebUiBuiltInKeywords.getNumberOfTotalOption(com.kms.katalon.core.testobject.ObjectRepository.findTestObject(PharmacyRequest/Page_Store/select_--Select--BA50)): 2 options of object 'Object Repository/PharmacyRequest/Page_Store/select_--Select--BA50' counted

2018-05-17 13:20:54 - [MESSAGE][PASSED] - 2 options of object 'Object Repository/PharmacyRequest/Page_Store/select_--Select--BA50' counted

2018-05-17 13:20:54 - [TEST_STEP][PASSED] - Statement - For ([g = 1, g <= BatchNumber - 1, (g++)]): null

2018-05-17 13:20:54 - [TEST_STEP][PASSED] - selectOptionByIndex: All options with index in [1] are selected on object 'Object Repository/PharmacyRequest/Page_Store/select_--Select--BA50'

2018-05-17 13:20:54 - [MESSAGE][PASSED] - All options with index in [1] are selected on object 'Object Repository/PharmacyRequest/Page_Store/select_--Select--BA50'

2018-05-17 13:20:54 - [TEST_STEP][PASSED] - delay: Delayed 2 second(s)

2018-05-17 13:20:56 - [MESSAGE][PASSED] - Delayed 2 second(s)

2018-05-17 13:20:56 - [TEST_STEP][PASSED] - Statement - StockQty = com.kms.katalon.core.webui.keyword.WebUiBuiltInKeywords.getAttribute(com.kms.katalon.core.testobject.ObjectRepository.findTestObject(PharmacyRequest/Page_Store/input_txtprice), "value"): Attribute 'value' of object 'Object Repository/PharmacyRequest/Page_Store/input_txtprice' is: '1190'

2018-05-17 13:20:56 - [MESSAGE][PASSED] - Attribute 'value' of object 'Object Repository/PharmacyRequest/Page_Store/input_txtprice' is: '1190'

2018-05-17 13:20:56 - [TEST_STEP][PASSED] - Statement - out.println("Stock QTY : " + StockQty): null

2018-05-17 13:20:56 - [TEST_STEP][PASSED] - delay: Delayed 1 second(s)

2018-05-17 13:20:57 - [MESSAGE][PASSED] - Delayed 1 second(s)

2018-05-17 13:20:57 - [TEST_STEP][PASSED] - Statement - If (java.lang.Integer.valueOf(StockQty) >= java.lang.Integer.valueOf(RequestedQty)): null

2018-05-17 13:20:57 - [TEST_STEP][PASSED] - setText: Text '10' is set on object 'Object Repository/PharmacyRequest/Page_Store/input_txtqty'

2018-05-17 13:20:57 - [MESSAGE][PASSED] - Text '10' is set on object 'Object Repository/PharmacyRequest/Page_Store/input_txtqty'

2018-05-17 13:20:57 - [TEST_STEP][PASSED] - click: Object: 'Object Repository/PharmacyRequest/Page_Store/button_Add' is clicked on

2018-05-17 13:20:57 - [MESSAGE][PASSED] - Object: 'Object Repository/PharmacyRequest/Page_Store/button_Add' is clicked on

2018-05-17 13:20:57 - [TEST_STEP][PASSED] - Statement - Break: null

2018-05-17 13:20:57 - [TEST_STEP][PASSED] - selectOptionByIndex: All options with index in [53] are selected on object 'Object Repository/PharmacyRequest/Page_Store/select_--Select--Amlodepin -5'

2018-05-17 13:20:57 - [MESSAGE][PASSED] - All options with index in [53] are selected on object 'Object Repository/PharmacyRequest/Page_Store/select_--Select--Amlodepin -5'

2018-05-17 13:20:57 - [TEST_STEP][PASSED] - delay: Delayed 1 second(s)

2018-05-17 13:20:58 - [MESSAGE][PASSED] - Delayed 1 second(s)

2018-05-17 13:20:58 - [TEST_STEP][PASSED] - Statement - RequestedQty = com.kms.katalon.core.webui.keyword.WebUiBuiltInKeywords.getAttribute(com.kms.katalon.core.testobject.ObjectRepository.findTestObject(PharmacyRequest/Page_Store/input_txttotal), "value"): Attribute 'value' of object 'Object Repository/PharmacyRequest/Page_Store/input_txttotal' is: '10'

2018-05-17 13:20:58 - [MESSAGE][PASSED] - Attribute 'value' of object 'Object Repository/PharmacyRequest/Page_Store/input_txttotal' is: '10'

2018-05-17 13:20:58 - [TEST_STEP][PASSED] - Statement - out.println("Requested QTY : " + RequestedQty): null

2018-05-17 13:20:58 - [TEST_STEP][PASSED] - Statement - BatchNumber = com.kms.katalon.core.webui.keyword.WebUiBuiltInKeywords.getNumberOfTotalOption(com.kms.katalon.core.testobject.ObjectRepository.findTestObject(PharmacyRequest/Page_Store/select_--Select--BA50)): 2 options of object 'Object Repository/PharmacyRequest/Page_Store/select_--Select--BA50' counted

2018-05-17 13:20:58 - [MESSAGE][PASSED] - 2 options of object 'Object Repository/PharmacyRequest/Page_Store/select_--Select--BA50' counted

2018-05-17 13:20:58 - [TEST_STEP][PASSED] - Statement - For ([g = 1, g <= BatchNumber - 1, (g++)]): null

2018-05-17 13:20:58 - [TEST_STEP][PASSED] - selectOptionByIndex: All options with index in [1] are selected on object 'Object Repository/PharmacyRequest/Page_Store/select_--Select--BA50'

2018-05-17 13:20:59 - [MESSAGE][PASSED] - All options with index in [1] are selected on object 'Object Repository/PharmacyRequest/Page_Store/select_--Select--BA50'

2018-05-17 13:20:59 - [TEST_STEP][PASSED] - delay: Delayed 2 second(s)

2018-05-17 13:21:01 - [MESSAGE][PASSED] - Delayed 2 second(s)

2018-05-17 13:21:01 - [TEST_STEP][PASSED] - Statement - StockQty = com.kms.katalon.core.webui.keyword.WebUiBuiltInKeywords.getAttribute(com.kms.katalon.core.testobject.ObjectRepository.findTestObject(PharmacyRequest/Page_Store/input_txtprice), "value"): Attribute 'value' of object 'Object Repository/PharmacyRequest/Page_Store/input_txtprice' is: '1190'

2018-05-17 13:21:01 - [MESSAGE][PASSED] - Attribute 'value' of object 'Object Repository/PharmacyRequest/Page_Store/input_txtprice' is: '1190'

2018-05-17 13:21:01 - [TEST_STEP][PASSED] - Statement - out.println("Stock QTY : " + StockQty): null

2018-05-17 13:21:01 - [TEST_STEP][PASSED] - delay: Delayed 1 second(s)

2018-05-17 13:21:02 - [MESSAGE][PASSED] - Delayed 1 second(s)

2018-05-17 13:21:02 - [TEST_STEP][PASSED] - Statement - If (java.lang.Integer.valueOf(StockQty) >= java.lang.Integer.valueOf(RequestedQty)): null

2018-05-17 13:21:02 - [TEST_STEP][PASSED] - setText: Text '10' is set on object 'Object Repository/PharmacyRequest/Page_Store/input_txtqty'

2018-05-17 13:21:02 - [MESSAGE][PASSED] - Text '10' is set on object 'Object Repository/PharmacyRequest/Page_Store/input_txtqty'

2018-05-17 13:21:02 - [TEST_STEP][PASSED] - click: Object: 'Object Repository/PharmacyRequest/Page_Store/button_Add' is clicked on

2018-05-17 13:21:02 - [MESSAGE][PASSED] - Object: 'Object Repository/PharmacyRequest/Page_Store/button_Add' is clicked on

2018-05-17 13:21:02 - [TEST_STEP][PASSED] - Statement - Break: null

2018-05-17 13:21:02 - [TEST_STEP][PASSED] - selectOptionByIndex: All options with index in [54] are selected on object 'Object Repository/PharmacyRequest/Page_Store/select_--Select--Amlodepin -5'

2018-05-17 13:21:02 - [MESSAGE][PASSED] - All options with index in [54] are selected on object 'Object Repository/PharmacyRequest/Page_Store/select_--Select--Amlodepin -5'

2018-05-17 13:21:02 - [TEST_STEP][PASSED] - delay: Delayed 1 second(s)

2018-05-17 13:21:03 - [MESSAGE][PASSED] - Delayed 1 second(s)

2018-05-17 13:21:03 - [TEST_STEP][PASSED] - Statement - RequestedQty = com.kms.katalon.core.webui.keyword.WebUiBuiltInKeywords.getAttribute(com.kms.katalon.core.testobject.ObjectRepository.findTestObject(PharmacyRequest/Page_Store/input_txttotal), "value"): Attribute 'value' of object 'Object Repository/PharmacyRequest/Page_Store/input_txttotal' is: '10'

2018-05-17 13:21:03 - [MESSAGE][PASSED] - Attribute 'value' of object 'Object Repository/PharmacyRequest/Page_Store/input_txttotal' is: '10'

2018-05-17 13:21:03 - [TEST_STEP][PASSED] - Statement - out.println("Requested QTY : " + RequestedQty): null

2018-05-17 13:21:03 - [TEST_STEP][PASSED] - Statement - BatchNumber = com.kms.katalon.core.webui.keyword.WebUiBuiltInKeywords.getNumberOfTotalOption(com.kms.katalon.core.testobject.ObjectRepository.findTestObject(PharmacyRequest/Page_Store/select_--Select--BA50)): 2 options of object 'Object Repository/PharmacyRequest/Page_Store/select_--Select--BA50' counted

2018-05-17 13:21:03 - [MESSAGE][PASSED] - 2 options of object 'Object Repository/PharmacyRequest/Page_Store/select_--Select--BA50' counted

2018-05-17 13:21:03 - [TEST_STEP][PASSED] - Statement - For ([g = 1, g <= BatchNumber - 1, (g++)]): null

2018-05-17 13:21:03 - [TEST_STEP][PASSED] - selectOptionByIndex: All options with index in [1] are selected on object 'Object Repository/PharmacyRequest/Page_Store/select_--Select--BA50'

2018-05-17 13:21:04 - [MESSAGE][PASSED] - All options with index in [1] are selected on object 'Object Repository/PharmacyRequest/Page_Store/select_--Select--BA50'

2018-05-17 13:21:04 - [TEST_STEP][PASSED] - delay: Delayed 2 second(s)

2018-05-17 13:21:06 - [MESSAGE][PASSED] - Delayed 2 second(s)

2018-05-17 13:21:06 - [TEST_STEP][PASSED] - Statement - StockQty = com.kms.katalon.core.webui.keyword.WebUiBuiltInKeywords.getAttribute(com.kms.katalon.core.testobject.ObjectRepository.findTestObject(PharmacyRequest/Page_Store/input_txtprice), "value"): Attribute 'value' of object 'Object Repository/PharmacyRequest/Page_Store/input_txtprice' is: '1190'

2018-05-17 13:21:06 - [MESSAGE][PASSED] - Attribute 'value' of object 'Object Repository/PharmacyRequest/Page_Store/input_txtprice' is: '1190'

2018-05-17 13:21:06 - [TEST_STEP][PASSED] - Statement - out.println("Stock QTY : " + StockQty): null

2018-05-17 13:21:06 - [TEST_STEP][PASSED] - delay: Delayed 1 second(s)

2018-05-17 13:21:07 - [MESSAGE][PASSED] - Delayed 1 second(s)

2018-05-17 13:21:07 - [TEST_STEP][PASSED] - Statement - If (java.lang.Integer.valueOf(StockQty) >= java.lang.Integer.valueOf(RequestedQty)): null

2018-05-17 13:21:07 - [TEST_STEP][PASSED] - setText: Text '10' is set on object 'Object Repository/PharmacyRequest/Page_Store/input_txtqty'

2018-05-17 13:21:07 - [MESSAGE][PASSED] - Text '10' is set on object 'Object Repository/PharmacyRequest/Page_Store/input_txtqty'

2018-05-17 13:21:07 - [TEST_STEP][PASSED] - click: Object: 'Object Repository/PharmacyRequest/Page_Store/button_Add' is clicked on

2018-05-17 13:21:07 - [MESSAGE][PASSED] - Object: 'Object Repository/PharmacyRequest/Page_Store/button_Add' is clicked on

2018-05-17 13:21:07 - [TEST_STEP][PASSED] - Statement - Break: null

2018-05-17 13:21:07 - [TEST_STEP][PASSED] - selectOptionByIndex: All options with index in [55] are selected on object 'Object Repository/PharmacyRequest/Page_Store/select_--Select--Amlodepin -5'

2018-05-17 13:21:07 - [MESSAGE][PASSED] - All options with index in [55] are selected on object 'Object Repository/PharmacyRequest/Page_Store/select_--Select--Amlodepin -5'

2018-05-17 13:21:07 - [TEST_STEP][PASSED] - delay: Delayed 1 second(s)

2018-05-17 13:21:08 - [MESSAGE][PASSED] - Delayed 1 second(s)

2018-05-17 13:21:08 - [TEST_STEP][PASSED] - Statement - RequestedQty = com.kms.katalon.core.webui.keyword.WebUiBuiltInKeywords.getAttribute(com.kms.katalon.core.testobject.ObjectRepository.findTestObject(PharmacyRequest/Page_Store/input_txttotal), "value"): Attribute 'value' of object 'Object Repository/PharmacyRequest/Page_Store/input_txttotal' is: '10'

2018-05-17 13:21:08 - [MESSAGE][PASSED] - Attribute 'value' of object 'Object Repository/PharmacyRequest/Page_Store/input_txttotal' is: '10'

2018-05-17 13:21:08 - [TEST_STEP][PASSED] - Statement - out.println("Requested QTY : " + RequestedQty): null

2018-05-17 13:21:08 - [TEST_STEP][PASSED] - Statement - BatchNumber = com.kms.katalon.core.webui.keyword.WebUiBuiltInKeywords.getNumberOfTotalOption(com.kms.katalon.core.testobject.ObjectRepository.findTestObject(PharmacyRequest/Page_Store/select_--Select--BA50)): 3 options of object 'Object Repository/PharmacyRequest/Page_Store/select_--Select--BA50' counted

2018-05-17 13:21:08 - [MESSAGE][PASSED] - 3 options of object 'Object Repository/PharmacyRequest/Page_Store/select_--Select--BA50' counted

2018-05-17 13:21:08 - [TEST_STEP][PASSED] - Statement - For ([g = 1, g <= BatchNumber - 1, (g++)]): null

2018-05-17 13:21:08 - [TEST_STEP][PASSED] - selectOptionByIndex: All options with index in [1] are selected on object 'Object Repository/PharmacyRequest/Page_Store/select_--Select--BA50'

2018-05-17 13:21:09 - [MESSAGE][PASSED] - All options with index in [1] are selected on object 'Object Repository/PharmacyRequest/Page_Store/select_--Select--BA50'

2018-05-17 13:21:09 - [TEST_STEP][PASSED] - delay: Delayed 2 second(s)

2018-05-17 13:21:11 - [MESSAGE][PASSED] - Delayed 2 second(s)

2018-05-17 13:21:11 - [TEST_STEP][PASSED] - Statement - StockQty = com.kms.katalon.core.webui.keyword.WebUiBuiltInKeywords.getAttribute(com.kms.katalon.core.testobject.ObjectRepository.findTestObject(PharmacyRequest/Page_Store/input_txtprice), "value"): Attribute 'value' of object 'Object Repository/PharmacyRequest/Page_Store/input_txtprice' is: '990'

2018-05-17 13:21:11 - [MESSAGE][PASSED] - Attribute 'value' of object 'Object Repository/PharmacyRequest/Page_Store/input_txtprice' is: '990'

2018-05-17 13:21:11 - [TEST_STEP][PASSED] - Statement - out.println("Stock QTY : " + StockQty): null

2018-05-17 13:21:11 - [TEST_STEP][PASSED] - delay: Delayed 1 second(s)

2018-05-17 13:21:12 - [MESSAGE][PASSED] - Delayed 1 second(s)

2018-05-17 13:21:12 - [TEST_STEP][PASSED] - Statement - If (java.lang.Integer.valueOf(StockQty) >= java.lang.Integer.valueOf(RequestedQty)): null

2018-05-17 13:21:12 - [TEST_STEP][PASSED] - setText: Text '10' is set on object 'Object Repository/PharmacyRequest/Page_Store/input_txtqty'

2018-05-17 13:21:12 - [MESSAGE][PASSED] - Text '10' is set on object 'Object Repository/PharmacyRequest/Page_Store/input_txtqty'

2018-05-17 13:21:12 - [TEST_STEP][PASSED] - click: Object: 'Object Repository/PharmacyRequest/Page_Store/button_Add' is clicked on

2018-05-17 13:21:12 - [MESSAGE][PASSED] - Object: 'Object Repository/PharmacyRequest/Page_Store/button_Add' is clicked on

2018-05-17 13:21:12 - [TEST_STEP][PASSED] - Statement - Break: null

2018-05-17 13:21:12 - [TEST_STEP][PASSED] - selectOptionByIndex: All options with index in [56] are selected on object 'Object Repository/PharmacyRequest/Page_Store/select_--Select--Amlodepin -5'

2018-05-17 13:21:12 - [MESSAGE][PASSED] - All options with index in [56] are selected on object 'Object Repository/PharmacyRequest/Page_Store/select_--Select--Amlodepin -5'

2018-05-17 13:21:12 - [TEST_STEP][PASSED] - delay: Delayed 1 second(s)

2018-05-17 13:21:13 - [MESSAGE][PASSED] - Delayed 1 second(s)

2018-05-17 13:21:13 - [TEST_STEP][PASSED] - Statement - RequestedQty = com.kms.katalon.core.webui.keyword.WebUiBuiltInKeywords.getAttribute(com.kms.katalon.core.testobject.ObjectRepository.findTestObject(PharmacyRequest/Page_Store/input_txttotal), "value"): Attribute 'value' of object 'Object Repository/PharmacyRequest/Page_Store/input_txttotal' is: '10'

2018-05-17 13:21:13 - [MESSAGE][PASSED] - Attribute 'value' of object 'Object Repository/PharmacyRequest/Page_Store/input_txttotal' is: '10'

2018-05-17 13:21:13 - [TEST_STEP][PASSED] - Statement - out.println("Requested QTY : " + RequestedQty): null

2018-05-17 13:21:13 - [TEST_STEP][PASSED] - Statement - BatchNumber = com.kms.katalon.core.webui.keyword.WebUiBuiltInKeywords.getNumberOfTotalOption(com.kms.katalon.core.testobject.ObjectRepository.findTestObject(PharmacyRequest/Page_Store/select_--Select--BA50)): 2 options of object 'Object Repository/PharmacyRequest/Page_Store/select_--Select--BA50' counted

2018-05-17 13:21:13 - [MESSAGE][PASSED] - 2 options of object 'Object Repository/PharmacyRequest/Page_Store/select_--Select--BA50' counted

2018-05-17 13:21:13 - [TEST_STEP][PASSED] - Statement - For ([g = 1, g <= BatchNumber - 1, (g++)]): null

2018-05-17 13:21:13 - [TEST_STEP][PASSED] - selectOptionByIndex: All options with index in [1] are selected on object 'Object Repository/PharmacyRequest/Page_Store/select_--Select--BA50'

2018-05-17 13:21:14 - [MESSAGE][PASSED] - All options with index in [1] are selected on object 'Object Repository/PharmacyRequest/Page_Store/select_--Select--BA50'

2018-05-17 13:21:14 - [TEST_STEP][PASSED] - delay: Delayed 2 second(s)

2018-05-17 13:21:16 - [MESSAGE][PASSED] - Delayed 2 second(s)

2018-05-17 13:21:16 - [TEST_STEP][PASSED] - Statement - StockQty = com.kms.katalon.core.webui.keyword.WebUiBuiltInKeywords.getAttribute(com.kms.katalon.core.testobject.ObjectRepository.findTestObject(PharmacyRequest/Page_Store/input_txtprice), "value"): Attribute 'value' of object 'Object Repository/PharmacyRequest/Page_Store/input_txtprice' is: '1162'

2018-05-17 13:21:16 - [MESSAGE][PASSED] - Attribute 'value' of object 'Object Repository/PharmacyRequest/Page_Store/input_txtprice' is: '1162'

2018-05-17 13:21:16 - [TEST_STEP][PASSED] - Statement - out.println("Stock QTY : " + StockQty): null

2018-05-17 13:21:16 - [TEST_STEP][PASSED] - delay: Delayed 1 second(s)

2018-05-17 13:21:17 - [MESSAGE][PASSED] - Delayed 1 second(s)

2018-05-17 13:21:17 - [TEST_STEP][PASSED] - Statement - If (java.lang.Integer.valueOf(StockQty) >= java.lang.Integer.valueOf(RequestedQty)): null

2018-05-17 13:21:17 - [TEST_STEP][PASSED] - setText: Text '10' is set on object 'Object Repository/PharmacyRequest/Page_Store/input_txtqty'

2018-05-17 13:21:17 - [MESSAGE][PASSED] - Text '10' is set on object 'Object Repository/PharmacyRequest/Page_Store/input_txtqty'

2018-05-17 13:21:17 - [TEST_STEP][PASSED] - click: Object: 'Object Repository/PharmacyRequest/Page_Store/button_Add' is clicked on

2018-05-17 13:21:17 - [MESSAGE][PASSED] - Object: 'Object Repository/PharmacyRequest/Page_Store/button_Add' is clicked on

2018-05-17 13:21:17 - [TEST_STEP][PASSED] - Statement - Break: null

2018-05-17 13:21:17 - [TEST_STEP][PASSED] - selectOptionByIndex: All options with index in [57] are selected on object 'Object Repository/PharmacyRequest/Page_Store/select_--Select--Amlodepin -5'

2018-05-17 13:21:17 - [MESSAGE][PASSED] - All options with index in [57] are selected on object 'Object Repository/PharmacyRequest/Page_Store/select_--Select--Amlodepin -5'

2018-05-17 13:21:17 - [TEST_STEP][PASSED] - delay: Delayed 1 second(s)

2018-05-17 13:21:18 - [MESSAGE][PASSED] - Delayed 1 second(s)

2018-05-17 13:21:18 - [TEST_STEP][PASSED] - Statement - RequestedQty = com.kms.katalon.core.webui.keyword.WebUiBuiltInKeywords.getAttribute(com.kms.katalon.core.testobject.ObjectRepository.findTestObject(PharmacyRequest/Page_Store/input_txttotal), "value"): Attribute 'value' of object 'Object Repository/PharmacyRequest/Page_Store/input_txttotal' is: '10'

2018-05-17 13:21:18 - [MESSAGE][PASSED] - Attribute 'value' of object 'Object Repository/PharmacyRequest/Page_Store/input_txttotal' is: '10'

2018-05-17 13:21:18 - [TEST_STEP][PASSED] - Statement - out.println("Requested QTY : " + RequestedQty): null

2018-05-17 13:21:18 - [TEST_STEP][PASSED] - Statement - BatchNumber = com.kms.katalon.core.webui.keyword.WebUiBuiltInKeywords.getNumberOfTotalOption(com.kms.katalon.core.testobject.ObjectRepository.findTestObject(PharmacyRequest/Page_Store/select_--Select--BA50)): 3 options of object 'Object Repository/PharmacyRequest/Page_Store/select_--Select--BA50' counted

2018-05-17 13:21:18 - [MESSAGE][PASSED] - 3 options of object 'Object Repository/PharmacyRequest/Page_Store/select_--Select--BA50' counted

2018-05-17 13:21:18 - [TEST_STEP][PASSED] - Statement - For ([g = 1, g <= BatchNumber - 1, (g++)]): null

2018-05-17 13:21:18 - [TEST_STEP][PASSED] - selectOptionByIndex: All options with index in [1] are selected on object 'Object Repository/PharmacyRequest/Page_Store/select_--Select--BA50'

2018-05-17 13:21:18 - [MESSAGE][PASSED] - All options with index in [1] are selected on object 'Object Repository/PharmacyRequest/Page_Store/select_--Select--BA50'

2018-05-17 13:21:18 - [TEST_STEP][PASSED] - delay: Delayed 2 second(s)

2018-05-17 13:21:20 - [MESSAGE][PASSED] - Delayed 2 second(s)

2018-05-17 13:21:20 - [TEST_STEP][PASSED] - Statement - StockQty = com.kms.katalon.core.webui.keyword.WebUiBuiltInKeywords.getAttribute(com.kms.katalon.core.testobject.ObjectRepository.findTestObject(PharmacyRequest/Page_Store/input_txtprice), "value"): Attribute 'value' of object 'Object Repository/PharmacyRequest/Page_Store/input_txtprice' is: '990'

2018-05-17 13:21:21 - [MESSAGE][PASSED] - Attribute 'value' of object 'Object Repository/PharmacyRequest/Page_Store/input_txtprice' is: '990'

2018-05-17 13:21:21 - [TEST_STEP][PASSED] - Statement - out.println("Stock QTY : " + StockQty): null

2018-05-17 13:21:21 - [TEST_STEP][PASSED] - delay: Delayed 1 second(s)

2018-05-17 13:21:22 - [MESSAGE][PASSED] - Delayed 1 second(s)

2018-05-17 13:21:22 - [TEST_STEP][PASSED] - Statement - If (java.lang.Integer.valueOf(StockQty) >= java.lang.Integer.valueOf(RequestedQty)): null

2018-05-17 13:21:22 - [TEST_STEP][PASSED] - setText: Text '10' is set on object 'Object Repository/PharmacyRequest/Page_Store/input_txtqty'

2018-05-17 13:21:22 - [MESSAGE][PASSED] - Text '10' is set on object 'Object Repository/PharmacyRequest/Page_Store/input_txtqty'

2018-05-17 13:21:22 - [TEST_STEP][PASSED] - click: Object: 'Object Repository/PharmacyRequest/Page_Store/button_Add' is clicked on

2018-05-17 13:21:22 - [MESSAGE][PASSED] - Object: 'Object Repository/PharmacyRequest/Page_Store/button_Add' is clicked on

2018-05-17 13:21:22 - [TEST_STEP][PASSED] - Statement - Break: null

2018-05-17 13:21:22 - [TEST_STEP][PASSED] - selectOptionByIndex: All options with index in [58] are selected on object 'Object Repository/PharmacyRequest/Page_Store/select_--Select--Amlodepin -5'

2018-05-17 13:21:22 - [MESSAGE][PASSED] - All options with index in [58] are selected on object 'Object Repository/PharmacyRequest/Page_Store/select_--Select--Amlodepin -5'

2018-05-17 13:21:22 - [TEST_STEP][PASSED] - delay: Delayed 1 second(s)

2018-05-17 13:21:23 - [MESSAGE][PASSED] - Delayed 1 second(s)

2018-05-17 13:21:23 - [TEST_STEP][PASSED] - Statement - RequestedQty = com.kms.katalon.core.webui.keyword.WebUiBuiltInKeywords.getAttribute(com.kms.katalon.core.testobject.ObjectRepository.findTestObject(PharmacyRequest/Page_Store/input_txttotal), "value"): Attribute 'value' of object 'Object Repository/PharmacyRequest/Page_Store/input_txttotal' is: '10'

2018-05-17 13:21:23 - [MESSAGE][PASSED] - Attribute 'value' of object 'Object Repository/PharmacyRequest/Page_Store/input_txttotal' is: '10'

2018-05-17 13:21:23 - [TEST_STEP][PASSED] - Statement - out.println("Requested QTY : " + RequestedQty): null

2018-05-17 13:21:23 - [TEST_STEP][PASSED] - Statement - BatchNumber = com.kms.katalon.core.webui.keyword.WebUiBuiltInKeywords.getNumberOfTotalOption(com.kms.katalon.core.testobject.ObjectRepository.findTestObject(PharmacyRequest/Page_Store/select_--Select--BA50)): 3 options of object 'Object Repository/PharmacyRequest/Page_Store/select_--Select--BA50' counted

2018-05-17 13:21:23 - [MESSAGE][PASSED] - 3 options of object 'Object Repository/PharmacyRequest/Page_Store/select_--Select--BA50' counted

2018-05-17 13:21:23 - [TEST_STEP][PASSED] - Statement - For ([g = 1, g <= BatchNumber - 1, (g++)]): null

2018-05-17 13:21:23 - [TEST_STEP][PASSED] - selectOptionByIndex: All options with index in [1] are selected on object 'Object Repository/PharmacyRequest/Page_Store/select_--Select--BA50'

2018-05-17 13:21:24 - [MESSAGE][PASSED] - All options with index in [1] are selected on object 'Object Repository/PharmacyRequest/Page_Store/select_--Select--BA50'

2018-05-17 13:21:24 - [TEST_STEP][PASSED] - delay: Delayed 2 second(s)

2018-05-17 13:21:26 - [MESSAGE][PASSED] - Delayed 2 second(s)

2018-05-17 13:21:26 - [TEST_STEP][PASSED] - Statement - StockQty = com.kms.katalon.core.webui.keyword.WebUiBuiltInKeywords.getAttribute(com.kms.katalon.core.testobject.ObjectRepository.findTestObject(PharmacyRequest/Page_Store/input_txtprice), "value"): Attribute 'value' of object 'Object Repository/PharmacyRequest/Page_Store/input_txtprice' is: '990'

2018-05-17 13:21:26 - [MESSAGE][PASSED] - Attribute 'value' of object 'Object Repository/PharmacyRequest/Page_Store/input_txtprice' is: '990'

2018-05-17 13:21:26 - [TEST_STEP][PASSED] - Statement - out.println("Stock QTY : " + StockQty): null

2018-05-17 13:21:26 - [TEST_STEP][PASSED] - delay: Delayed 1 second(s)

2018-05-17 13:21:27 - [MESSAGE][PASSED] - Delayed 1 second(s)

2018-05-17 13:21:27 - [TEST_STEP][PASSED] - Statement - If (java.lang.Integer.valueOf(StockQty) >= java.lang.Integer.valueOf(RequestedQty)): null

2018-05-17 13:21:27 - [TEST_STEP][PASSED] - setText: Text '10' is set on object 'Object Repository/PharmacyRequest/Page_Store/input_txtqty'

2018-05-17 13:21:27 - [MESSAGE][PASSED] - Text '10' is set on object 'Object Repository/PharmacyRequest/Page_Store/input_txtqty'

2018-05-17 13:21:27 - [TEST_STEP][PASSED] - click: Object: 'Object Repository/PharmacyRequest/Page_Store/button_Add' is clicked on

2018-05-17 13:21:27 - [MESSAGE][PASSED] - Object: 'Object Repository/PharmacyRequest/Page_Store/button_Add' is clicked on

2018-05-17 13:21:27 - [TEST_STEP][PASSED] - Statement - Break: null

2018-05-17 13:21:27 - [TEST_STEP][PASSED] - selectOptionByIndex: All options with index in [59] are selected on object 'Object Repository/PharmacyRequest/Page_Store/select_--Select--Amlodepin -5'

2018-05-17 13:21:27 - [MESSAGE][PASSED] - All options with index in [59] are selected on object 'Object Repository/PharmacyRequest/Page_Store/select_--Select--Amlodepin -5'

2018-05-17 13:21:27 - [TEST_STEP][PASSED] - delay: Delayed 1 second(s)

2018-05-17 13:21:28 - [MESSAGE][PASSED] - Delayed 1 second(s)

2018-05-17 13:21:28 - [TEST_STEP][PASSED] - Statement - RequestedQty = com.kms.katalon.core.webui.keyword.WebUiBuiltInKeywords.getAttribute(com.kms.katalon.core.testobject.ObjectRepository.findTestObject(PharmacyRequest/Page_Store/input_txttotal), "value"): Attribute 'value' of object 'Object Repository/PharmacyRequest/Page_Store/input_txttotal' is: '10'

2018-05-17 13:21:28 - [MESSAGE][PASSED] - Attribute 'value' of object 'Object Repository/PharmacyRequest/Page_Store/input_txttotal' is: '10'

2018-05-17 13:21:28 - [TEST_STEP][PASSED] - Statement - out.println("Requested QTY : " + RequestedQty): null

2018-05-17 13:21:28 - [TEST_STEP][PASSED] - Statement - BatchNumber = com.kms.katalon.core.webui.keyword.WebUiBuiltInKeywords.getNumberOfTotalOption(com.kms.katalon.core.testobject.ObjectRepository.findTestObject(PharmacyRequest/Page_Store/select_--Select--BA50)): 3 options of object 'Object Repository/PharmacyRequest/Page_Store/select_--Select--BA50' counted

2018-05-17 13:21:28 - [MESSAGE][PASSED] - 3 options of object 'Object Repository/PharmacyRequest/Page_Store/select_--Select--BA50' counted

2018-05-17 13:21:28 - [TEST_STEP][PASSED] - Statement - For ([g = 1, g <= BatchNumber - 1, (g++)]): null

2018-05-17 13:21:28 - [TEST_STEP][PASSED] - selectOptionByIndex: All options with index in [1] are selected on object 'Object Repository/PharmacyRequest/Page_Store/select_--Select--BA50'

2018-05-17 13:21:29 - [MESSAGE][PASSED] - All options with index in [1] are selected on object 'Object Repository/PharmacyRequest/Page_Store/select_--Select--BA50'

2018-05-17 13:21:29 - [TEST_STEP][PASSED] - delay: Delayed 2 second(s)

2018-05-17 13:21:31 - [MESSAGE][PASSED] - Delayed 2 second(s)

2018-05-17 13:21:31 - [TEST_STEP][PASSED] - Statement - StockQty = com.kms.katalon.core.webui.keyword.WebUiBuiltInKeywords.getAttribute(com.kms.katalon.core.testobject.ObjectRepository.findTestObject(PharmacyRequest/Page_Store/input_txtprice), "value"): Attribute 'value' of object 'Object Repository/PharmacyRequest/Page_Store/input_txtprice' is: '990'

2018-05-17 13:21:31 - [MESSAGE][PASSED] - Attribute 'value' of object 'Object Repository/PharmacyRequest/Page_Store/input_txtprice' is: '990'

2018-05-17 13:21:31 - [TEST_STEP][PASSED] - Statement - out.println("Stock QTY : " + StockQty): null

2018-05-17 13:21:31 - [TEST_STEP][PASSED] - delay: Delayed 1 second(s)

2018-05-17 13:21:32 - [MESSAGE][PASSED] - Delayed 1 second(s)

2018-05-17 13:21:32 - [TEST_STEP][PASSED] - Statement - If (java.lang.Integer.valueOf(StockQty) >= java.lang.Integer.valueOf(RequestedQty)): null

2018-05-17 13:21:32 - [TEST_STEP][PASSED] - setText: Text '10' is set on object 'Object Repository/PharmacyRequest/Page_Store/input_txtqty'

2018-05-17 13:21:32 - [MESSAGE][PASSED] - Text '10' is set on object 'Object Repository/PharmacyRequest/Page_Store/input_txtqty'

2018-05-17 13:21:32 - [TEST_STEP][PASSED] - click: Object: 'Object Repository/PharmacyRequest/Page_Store/button_Add' is clicked on

2018-05-17 13:21:32 - [MESSAGE][PASSED] - Object: 'Object Repository/PharmacyRequest/Page_Store/button_Add' is clicked on

2018-05-17 13:21:32 - [TEST_STEP][PASSED] - Statement - Break: null

2018-05-17 13:21:32 - [TEST_STEP][PASSED] - selectOptionByIndex: All options with index in [60] are selected on object 'Object Repository/PharmacyRequest/Page_Store/select_--Select--Amlodepin -5'

2018-05-17 13:21:32 - [MESSAGE][PASSED] - All options with index in [60] are selected on object 'Object Repository/PharmacyRequest/Page_Store/select_--Select--Amlodepin -5'

2018-05-17 13:21:32 - [TEST_STEP][PASSED] - delay: Delayed 1 second(s)

2018-05-17 13:21:33 - [MESSAGE][PASSED] - Delayed 1 second(s)

2018-05-17 13:21:33 - [TEST_STEP][PASSED] - Statement - RequestedQty = com.kms.katalon.core.webui.keyword.WebUiBuiltInKeywords.getAttribute(com.kms.katalon.core.testobject.ObjectRepository.findTestObject(PharmacyRequest/Page_Store/input_txttotal), "value"): Attribute 'value' of object 'Object Repository/PharmacyRequest/Page_Store/input_txttotal' is: '10'

2018-05-17 13:21:33 - [MESSAGE][PASSED] - Attribute 'value' of object 'Object Repository/PharmacyRequest/Page_Store/input_txttotal' is: '10'

2018-05-17 13:21:33 - [TEST_STEP][PASSED] - Statement - out.println("Requested QTY : " + RequestedQty): null

2018-05-17 13:21:33 - [TEST_STEP][PASSED] - Statement - BatchNumber = com.kms.katalon.core.webui.keyword.WebUiBuiltInKeywords.getNumberOfTotalOption(com.kms.katalon.core.testobject.ObjectRepository.findTestObject(PharmacyRequest/Page_Store/select_--Select--BA50)): 2 options of object 'Object Repository/PharmacyRequest/Page_Store/select_--Select--BA50' counted

2018-05-17 13:21:33 - [MESSAGE][PASSED] - 2 options of object 'Object Repository/PharmacyRequest/Page_Store/select_--Select--BA50' counted

2018-05-17 13:21:33 - [TEST_STEP][PASSED] - Statement - For ([g = 1, g <= BatchNumber - 1, (g++)]): null

2018-05-17 13:21:33 - [TEST_STEP][PASSED] - selectOptionByIndex: All options with index in [1] are selected on object 'Object Repository/PharmacyRequest/Page_Store/select_--Select--BA50'

2018-05-17 13:21:34 - [MESSAGE][PASSED] - All options with index in [1] are selected on object 'Object Repository/PharmacyRequest/Page_Store/select_--Select--BA50'

2018-05-17 13:21:34 - [TEST_STEP][PASSED] - delay: Delayed 2 second(s)

2018-05-17 13:21:36 - [MESSAGE][PASSED] - Delayed 2 second(s)

2018-05-17 13:21:36 - [TEST_STEP][PASSED] - Statement - StockQty = com.kms.katalon.core.webui.keyword.WebUiBuiltInKeywords.getAttribute(com.kms.katalon.core.testobject.ObjectRepository.findTestObject(PharmacyRequest/Page_Store/input_txtprice), "value"): Attribute 'value' of object 'Object Repository/PharmacyRequest/Page_Store/input_txtprice' is: '1190'

2018-05-17 13:21:36 - [MESSAGE][PASSED] - Attribute 'value' of object 'Object Repository/PharmacyRequest/Page_Store/input_txtprice' is: '1190'

2018-05-17 13:21:36 - [TEST_STEP][PASSED] - Statement - out.println("Stock QTY : " + StockQty): null

2018-05-17 13:21:36 - [TEST_STEP][PASSED] - delay: Delayed 1 second(s)

2018-05-17 13:21:37 - [MESSAGE][PASSED] - Delayed 1 second(s)

2018-05-17 13:21:37 - [TEST_STEP][PASSED] - Statement - If (java.lang.Integer.valueOf(StockQty) >= java.lang.Integer.valueOf(RequestedQty)): null

2018-05-17 13:21:37 - [TEST_STEP][PASSED] - setText: Text '10' is set on object 'Object Repository/PharmacyRequest/Page_Store/input_txtqty'

2018-05-17 13:21:37 - [MESSAGE][PASSED] - Text '10' is set on object 'Object Repository/PharmacyRequest/Page_Store/input_txtqty'

2018-05-17 13:21:37 - [TEST_STEP][PASSED] - click: Object: 'Object Repository/PharmacyRequest/Page_Store/button_Add' is clicked on

2018-05-17 13:21:37 - [MESSAGE][PASSED] - Object: 'Object Repository/PharmacyRequest/Page_Store/button_Add' is clicked on

2018-05-17 13:21:37 - [TEST_STEP][PASSED] - Statement - Break: null

2018-05-17 13:21:37 - [TEST_STEP][PASSED] - selectOptionByIndex: All options with index in [61] are selected on object 'Object Repository/PharmacyRequest/Page_Store/select_--Select--Amlodepin -5'

2018-05-17 13:21:37 - [MESSAGE][PASSED] - All options with index in [61] are selected on object 'Object Repository/PharmacyRequest/Page_Store/select_--Select--Amlodepin -5'

2018-05-17 13:21:37 - [TEST_STEP][PASSED] - delay: Delayed 1 second(s)

2018-05-17 13:21:38 - [MESSAGE][PASSED] - Delayed 1 second(s)

2018-05-17 13:21:38 - [TEST_STEP][PASSED] - Statement - RequestedQty = com.kms.katalon.core.webui.keyword.WebUiBuiltInKeywords.getAttribute(com.kms.katalon.core.testobject.ObjectRepository.findTestObject(PharmacyRequest/Page_Store/input_txttotal), "value"): Attribute 'value' of object 'Object Repository/PharmacyRequest/Page_Store/input_txttotal' is: '10'

2018-05-17 13:21:38 - [MESSAGE][PASSED] - Attribute 'value' of object 'Object Repository/PharmacyRequest/Page_Store/input_txttotal' is: '10'

2018-05-17 13:21:38 - [TEST_STEP][PASSED] - Statement - out.println("Requested QTY : " + RequestedQty): null

2018-05-17 13:21:38 - [TEST_STEP][PASSED] - Statement - BatchNumber = com.kms.katalon.core.webui.keyword.WebUiBuiltInKeywords.getNumberOfTotalOption(com.kms.katalon.core.testobject.ObjectRepository.findTestObject(PharmacyRequest/Page_Store/select_--Select--BA50)): 3 options of object 'Object Repository/PharmacyRequest/Page_Store/select_--Select--BA50' counted

2018-05-17 13:21:38 - [MESSAGE][PASSED] - 3 options of object 'Object Repository/PharmacyRequest/Page_Store/select_--Select--BA50' counted

2018-05-17 13:21:38 - [TEST_STEP][PASSED] - Statement - For ([g = 1, g <= BatchNumber - 1, (g++)]): null

2018-05-17 13:21:38 - [TEST_STEP][PASSED] - selectOptionByIndex: All options with index in [1] are selected on object 'Object Repository/PharmacyRequest/Page_Store/select_--Select--BA50'

2018-05-17 13:21:39 - [MESSAGE][PASSED] - All options with index in [1] are selected on object 'Object Repository/PharmacyRequest/Page_Store/select_--Select--BA50'

2018-05-17 13:21:39 - [TEST_STEP][PASSED] - delay: Delayed 2 second(s)

2018-05-17 13:21:41 - [MESSAGE][PASSED] - Delayed 2 second(s)

2018-05-17 13:21:41 - [TEST_STEP][PASSED] - Statement - StockQty = com.kms.katalon.core.webui.keyword.WebUiBuiltInKeywords.getAttribute(com.kms.katalon.core.testobject.ObjectRepository.findTestObject(PharmacyRequest/Page_Store/input_txtprice), "value"): Attribute 'value' of object 'Object Repository/PharmacyRequest/Page_Store/input_txtprice' is: '990'

2018-05-17 13:21:41 - [MESSAGE][PASSED] - Attribute 'value' of object 'Object Repository/PharmacyRequest/Page_Store/input_txtprice' is: '990'

2018-05-17 13:21:41 - [TEST_STEP][PASSED] - Statement - out.println("Stock QTY : " + StockQty): null

2018-05-17 13:21:41 - [TEST_STEP][PASSED] - delay: Delayed 1 second(s)

2018-05-17 13:21:42 - [MESSAGE][PASSED] - Delayed 1 second(s)

2018-05-17 13:21:42 - [TEST_STEP][PASSED] - Statement - If (java.lang.Integer.valueOf(StockQty) >= java.lang.Integer.valueOf(RequestedQty)): null

2018-05-17 13:21:42 - [TEST_STEP][PASSED] - setText: Text '10' is set on object 'Object Repository/PharmacyRequest/Page_Store/input_txtqty'

2018-05-17 13:21:42 - [MESSAGE][PASSED] - Text '10' is set on object 'Object Repository/PharmacyRequest/Page_Store/input_txtqty'

2018-05-17 13:21:42 - [TEST_STEP][PASSED] - click: Object: 'Object Repository/PharmacyRequest/Page_Store/button_Add' is clicked on

2018-05-17 13:21:42 - [MESSAGE][PASSED] - Object: 'Object Repository/PharmacyRequest/Page_Store/button_Add' is clicked on

2018-05-17 13:21:42 - [TEST_STEP][PASSED] - Statement - Break: null

2018-05-17 13:21:42 - [TEST_STEP][PASSED] - selectOptionByIndex: All options with index in [62] are selected on object 'Object Repository/PharmacyRequest/Page_Store/select_--Select--Amlodepin -5'

2018-05-17 13:21:42 - [MESSAGE][PASSED] - All options with index in [62] are selected on object 'Object Repository/PharmacyRequest/Page_Store/select_--Select--Amlodepin -5'

2018-05-17 13:21:42 - [TEST_STEP][PASSED] - delay: Delayed 1 second(s)

2018-05-17 13:21:43 - [MESSAGE][PASSED] - Delayed 1 second(s)

2018-05-17 13:21:43 - [TEST_STEP][PASSED] - Statement - RequestedQty = com.kms.katalon.core.webui.keyword.WebUiBuiltInKeywords.getAttribute(com.kms.katalon.core.testobject.ObjectRepository.findTestObject(PharmacyRequest/Page_Store/input_txttotal), "value"): Attribute 'value' of object 'Object Repository/PharmacyRequest/Page_Store/input_txttotal' is: '10'

2018-05-17 13:21:43 - [MESSAGE][PASSED] - Attribute 'value' of object 'Object Repository/PharmacyRequest/Page_Store/input_txttotal' is: '10'

2018-05-17 13:21:43 - [TEST_STEP][PASSED] - Statement - out.println("Requested QTY : " + RequestedQty): null

2018-05-17 13:21:43 - [TEST_STEP][PASSED] - Statement - BatchNumber = com.kms.katalon.core.webui.keyword.WebUiBuiltInKeywords.getNumberOfTotalOption(com.kms.katalon.core.testobject.ObjectRepository.findTestObject(PharmacyRequest/Page_Store/select_--Select--BA50)): 3 options of object 'Object Repository/PharmacyRequest/Page_Store/select_--Select--BA50' counted

2018-05-17 13:21:43 - [MESSAGE][PASSED] - 3 options of object 'Object Repository/PharmacyRequest/Page_Store/select_--Select--BA50' counted

2018-05-17 13:21:43 - [TEST_STEP][PASSED] - Statement - For ([g = 1, g <= BatchNumber - 1, (g++)]): null

2018-05-17 13:21:43 - [TEST_STEP][PASSED] - selectOptionByIndex: All options with index in [1] are selected on object 'Object Repository/PharmacyRequest/Page_Store/select_--Select--BA50'

2018-05-17 13:21:44 - [MESSAGE][PASSED] - All options with index in [1] are selected on object 'Object Repository/PharmacyRequest/Page_Store/select_--Select--BA50'

2018-05-17 13:21:44 - [TEST_STEP][PASSED] - delay: Delayed 2 second(s)

2018-05-17 13:21:46 - [MESSAGE][PASSED] - Delayed 2 second(s)

2018-05-17 13:21:46 - [TEST_STEP][PASSED] - Statement - StockQty = com.kms.katalon.core.webui.keyword.WebUiBuiltInKeywords.getAttribute(com.kms.katalon.core.testobject.ObjectRepository.findTestObject(PharmacyRequest/Page_Store/input_txtprice), "value"): Attribute 'value' of object 'Object Repository/PharmacyRequest/Page_Store/input_txtprice' is: '990'

2018-05-17 13:21:46 - [MESSAGE][PASSED] - Attribute 'value' of object 'Object Repository/PharmacyRequest/Page_Store/input_txtprice' is: '990'

2018-05-17 13:21:46 - [TEST_STEP][PASSED] - Statement - out.println("Stock QTY : " + StockQty): null

2018-05-17 13:21:46 - [TEST_STEP][PASSED] - delay: Delayed 1 second(s)

2018-05-17 13:21:47 - [MESSAGE][PASSED] - Delayed 1 second(s)

2018-05-17 13:21:47 - [TEST_STEP][PASSED] - Statement - If (java.lang.Integer.valueOf(StockQty) >= java.lang.Integer.valueOf(RequestedQty)): null

2018-05-17 13:21:47 - [TEST_STEP][PASSED] - setText: Text '10' is set on object 'Object Repository/PharmacyRequest/Page_Store/input_txtqty'

2018-05-17 13:21:47 - [MESSAGE][PASSED] - Text '10' is set on object 'Object Repository/PharmacyRequest/Page_Store/input_txtqty'

2018-05-17 13:21:47 - [TEST_STEP][PASSED] - click: Object: 'Object Repository/PharmacyRequest/Page_Store/button_Add' is clicked on

2018-05-17 13:21:47 - [MESSAGE][PASSED] - Object: 'Object Repository/PharmacyRequest/Page_Store/button_Add' is clicked on

2018-05-17 13:21:47 - [TEST_STEP][PASSED] - Statement - Break: null

2018-05-17 13:21:47 - [TEST_STEP][PASSED] - selectOptionByIndex: All options with index in [63] are selected on object 'Object Repository/PharmacyRequest/Page_Store/select_--Select--Amlodepin -5'

2018-05-17 13:21:47 - [MESSAGE][PASSED] - All options with index in [63] are selected on object 'Object Repository/PharmacyRequest/Page_Store/select_--Select--Amlodepin -5'

2018-05-17 13:21:47 - [TEST_STEP][PASSED] - delay: Delayed 1 second(s)

2018-05-17 13:21:48 - [MESSAGE][PASSED] - Delayed 1 second(s)

2018-05-17 13:21:48 - [TEST_STEP][PASSED] - Statement - RequestedQty = com.kms.katalon.core.webui.keyword.WebUiBuiltInKeywords.getAttribute(com.kms.katalon.core.testobject.ObjectRepository.findTestObject(PharmacyRequest/Page_Store/input_txttotal), "value"): Attribute 'value' of object 'Object Repository/PharmacyRequest/Page_Store/input_txttotal' is: '10'

2018-05-17 13:21:48 - [MESSAGE][PASSED] - Attribute 'value' of object 'Object Repository/PharmacyRequest/Page_Store/input_txttotal' is: '10'

2018-05-17 13:21:48 - [TEST_STEP][PASSED] - Statement - out.println("Requested QTY : " + RequestedQty): null

2018-05-17 13:21:48 - [TEST_STEP][PASSED] - Statement - BatchNumber = com.kms.katalon.core.webui.keyword.WebUiBuiltInKeywords.getNumberOfTotalOption(com.kms.katalon.core.testobject.ObjectRepository.findTestObject(PharmacyRequest/Page_Store/select_--Select--BA50)): 2 options of object 'Object Repository/PharmacyRequest/Page_Store/select_--Select--BA50' counted

2018-05-17 13:21:48 - [MESSAGE][PASSED] - 2 options of object 'Object Repository/PharmacyRequest/Page_Store/select_--Select--BA50' counted

2018-05-17 13:21:48 - [TEST_STEP][PASSED] - Statement - For ([g = 1, g <= BatchNumber - 1, (g++)]): null

2018-05-17 13:21:48 - [TEST_STEP][PASSED] - selectOptionByIndex: All options with index in [1] are selected on object 'Object Repository/PharmacyRequest/Page_Store/select_--Select--BA50'

2018-05-17 13:21:49 - [MESSAGE][PASSED] - All options with index in [1] are selected on object 'Object Repository/PharmacyRequest/Page_Store/select_--Select--BA50'

2018-05-17 13:21:49 - [TEST_STEP][PASSED] - delay: Delayed 2 second(s)

2018-05-17 13:21:51 - [MESSAGE][PASSED] - Delayed 2 second(s)

2018-05-17 13:21:51 - [TEST_STEP][PASSED] - Statement - StockQty = com.kms.katalon.core.webui.keyword.WebUiBuiltInKeywords.getAttribute(com.kms.katalon.core.testobject.ObjectRepository.findTestObject(PharmacyRequest/Page_Store/input_txtprice), "value"): Attribute 'value' of object 'Object Repository/PharmacyRequest/Page_Store/input_txtprice' is: '1190'

2018-05-17 13:21:51 - [MESSAGE][PASSED] - Attribute 'value' of object 'Object Repository/PharmacyRequest/Page_Store/input_txtprice' is: '1190'

2018-05-17 13:21:51 - [TEST_STEP][PASSED] - Statement - out.println("Stock QTY : " + StockQty): null

2018-05-17 13:21:51 - [TEST_STEP][PASSED] - delay: Delayed 1 second(s)

2018-05-17 13:21:52 - [MESSAGE][PASSED] - Delayed 1 second(s)

2018-05-17 13:21:52 - [TEST_STEP][PASSED] - Statement - If (java.lang.Integer.valueOf(StockQty) >= java.lang.Integer.valueOf(RequestedQty)): null

2018-05-17 13:21:52 - [TEST_STEP][PASSED] - setText: Text '10' is set on object 'Object Repository/PharmacyRequest/Page_Store/input_txtqty'

2018-05-17 13:21:52 - [MESSAGE][PASSED] - Text '10' is set on object 'Object Repository/PharmacyRequest/Page_Store/input_txtqty'

2018-05-17 13:21:52 - [TEST_STEP][PASSED] - click: Object: 'Object Repository/PharmacyRequest/Page_Store/button_Add' is clicked on

2018-05-17 13:21:52 - [MESSAGE][PASSED] - Object: 'Object Repository/PharmacyRequest/Page_Store/button_Add' is clicked on

2018-05-17 13:21:52 - [TEST_STEP][PASSED] - Statement - Break: null

2018-05-17 13:21:52 - [TEST_STEP][PASSED] - selectOptionByIndex: All options with index in [64] are selected on object 'Object Repository/PharmacyRequest/Page_Store/select_--Select--Amlodepin -5'

2018-05-17 13:21:52 - [MESSAGE][PASSED] - All options with index in [64] are selected on object 'Object Repository/PharmacyRequest/Page_Store/select_--Select--Amlodepin -5'

2018-05-17 13:21:52 - [TEST_STEP][PASSED] - delay: Delayed 1 second(s)

2018-05-17 13:21:53 - [MESSAGE][PASSED] - Delayed 1 second(s)

2018-05-17 13:21:53 - [TEST_STEP][PASSED] - Statement - RequestedQty = com.kms.katalon.core.webui.keyword.WebUiBuiltInKeywords.getAttribute(com.kms.katalon.core.testobject.ObjectRepository.findTestObject(PharmacyRequest/Page_Store/input_txttotal), "value"): Attribute 'value' of object 'Object Repository/PharmacyRequest/Page_Store/input_txttotal' is: '10'

2018-05-17 13:21:53 - [MESSAGE][PASSED] - Attribute 'value' of object 'Object Repository/PharmacyRequest/Page_Store/input_txttotal' is: '10'

2018-05-17 13:21:53 - [TEST_STEP][PASSED] - Statement - out.println("Requested QTY : " + RequestedQty): null

2018-05-17 13:21:53 - [TEST_STEP][PASSED] - Statement - BatchNumber = com.kms.katalon.core.webui.keyword.WebUiBuiltInKeywords.getNumberOfTotalOption(com.kms.katalon.core.testobject.ObjectRepository.findTestObject(PharmacyRequest/Page_Store/select_--Select--BA50)): 2 options of object 'Object Repository/PharmacyRequest/Page_Store/select_--Select--BA50' counted

2018-05-17 13:21:54 - [MESSAGE][PASSED] - 2 options of object 'Object Repository/PharmacyRequest/Page_Store/select_--Select--BA50' counted

2018-05-17 13:21:54 - [TEST_STEP][PASSED] - Statement - For ([g = 1, g <= BatchNumber - 1, (g++)]): null

2018-05-17 13:21:54 - [TEST_STEP][PASSED] - selectOptionByIndex: All options with index in [1] are selected on object 'Object Repository/PharmacyRequest/Page_Store/select_--Select--BA50'

2018-05-17 13:21:54 - [MESSAGE][PASSED] - All options with index in [1] are selected on object 'Object Repository/PharmacyRequest/Page_Store/select_--Select--BA50'

2018-05-17 13:21:54 - [TEST_STEP][PASSED] - delay: Delayed 2 second(s)

2018-05-17 13:21:56 - [MESSAGE][PASSED] - Delayed 2 second(s)

2018-05-17 13:21:56 - [TEST_STEP][PASSED] - Statement - StockQty = com.kms.katalon.core.webui.keyword.WebUiBuiltInKeywords.getAttribute(com.kms.katalon.core.testobject.ObjectRepository.findTestObject(PharmacyRequest/Page_Store/input_txtprice), "value"): Attribute 'value' of object 'Object Repository/PharmacyRequest/Page_Store/input_txtprice' is: '1154'

2018-05-17 13:21:56 - [MESSAGE][PASSED] - Attribute 'value' of object 'Object Repository/PharmacyRequest/Page_Store/input_txtprice' is: '1154'

2018-05-17 13:21:56 - [TEST_STEP][PASSED] - Statement - out.println("Stock QTY : " + StockQty): null

2018-05-17 13:21:56 - [TEST_STEP][PASSED] - delay: Delayed 1 second(s)

2018-05-17 13:21:57 - [MESSAGE][PASSED] - Delayed 1 second(s)

2018-05-17 13:21:57 - [TEST_STEP][PASSED] - Statement - If (java.lang.Integer.valueOf(StockQty) >= java.lang.Integer.valueOf(RequestedQty)): null

2018-05-17 13:21:57 - [TEST_STEP][PASSED] - setText: Text '10' is set on object 'Object Repository/PharmacyRequest/Page_Store/input_txtqty'

2018-05-17 13:21:57 - [MESSAGE][PASSED] - Text '10' is set on object 'Object Repository/PharmacyRequest/Page_Store/input_txtqty'

2018-05-17 13:21:57 - [TEST_STEP][PASSED] - click: Object: 'Object Repository/PharmacyRequest/Page_Store/button_Add' is clicked on

2018-05-17 13:21:57 - [MESSAGE][PASSED] - Object: 'Object Repository/PharmacyRequest/Page_Store/button_Add' is clicked on

2018-05-17 13:21:57 - [TEST_STEP][PASSED] - Statement - Break: null

2018-05-17 13:21:57 - [TEST_STEP][PASSED] - selectOptionByIndex: All options with index in [65] are selected on object 'Object Repository/PharmacyRequest/Page_Store/select_--Select--Amlodepin -5'

2018-05-17 13:21:58 - [MESSAGE][PASSED] - All options with index in [65] are selected on object 'Object Repository/PharmacyRequest/Page_Store/select_--Select--Amlodepin -5'

2018-05-17 13:21:58 - [TEST_STEP][PASSED] - delay: Delayed 1 second(s)

2018-05-17 13:21:59 - [MESSAGE][PASSED] - Delayed 1 second(s)

2018-05-17 13:21:59 - [TEST_STEP][PASSED] - Statement - RequestedQty = com.kms.katalon.core.webui.keyword.WebUiBuiltInKeywords.getAttribute(com.kms.katalon.core.testobject.ObjectRepository.findTestObject(PharmacyRequest/Page_Store/input_txttotal), "value"): Attribute 'value' of object 'Object Repository/PharmacyRequest/Page_Store/input_txttotal' is: '10'

2018-05-17 13:21:59 - [MESSAGE][PASSED] - Attribute 'value' of object 'Object Repository/PharmacyRequest/Page_Store/input_txttotal' is: '10'

2018-05-17 13:21:59 - [TEST_STEP][PASSED] - Statement - out.println("Requested QTY : " + RequestedQty): null

2018-05-17 13:21:59 - [TEST_STEP][PASSED] - Statement - BatchNumber = com.kms.katalon.core.webui.keyword.WebUiBuiltInKeywords.getNumberOfTotalOption(com.kms.katalon.core.testobject.ObjectRepository.findTestObject(PharmacyRequest/Page_Store/select_--Select--BA50)): 3 options of object 'Object Repository/PharmacyRequest/Page_Store/select_--Select--BA50' counted

2018-05-17 13:21:59 - [MESSAGE][PASSED] - 3 options of object 'Object Repository/PharmacyRequest/Page_Store/select_--Select--BA50' counted

2018-05-17 13:21:59 - [TEST_STEP][PASSED] - Statement - For ([g = 1, g <= BatchNumber - 1, (g++)]): null

2018-05-17 13:21:59 - [TEST_STEP][PASSED] - selectOptionByIndex: All options with index in [1] are selected on object 'Object Repository/PharmacyRequest/Page_Store/select_--Select--BA50'

2018-05-17 13:21:59 - [MESSAGE][PASSED] - All options with index in [1] are selected on object 'Object Repository/PharmacyRequest/Page_Store/select_--Select--BA50'

2018-05-17 13:21:59 - [TEST_STEP][PASSED] - delay: Delayed 2 second(s)

2018-05-17 13:22:01 - [MESSAGE][PASSED] - Delayed 2 second(s)

2018-05-17 13:22:01 - [TEST_STEP][PASSED] - Statement - StockQty = com.kms.katalon.core.webui.keyword.WebUiBuiltInKeywords.getAttribute(com.kms.katalon.core.testobject.ObjectRepository.findTestObject(PharmacyRequest/Page_Store/input_txtprice), "value"): Attribute 'value' of object 'Object Repository/PharmacyRequest/Page_Store/input_txtprice' is: '990'

2018-05-17 13:22:01 - [MESSAGE][PASSED] - Attribute 'value' of object 'Object Repository/PharmacyRequest/Page_Store/input_txtprice' is: '990'

2018-05-17 13:22:01 - [TEST_STEP][PASSED] - Statement - out.println("Stock QTY : " + StockQty): null

2018-05-17 13:22:01 - [TEST_STEP][PASSED] - delay: Delayed 1 second(s)

2018-05-17 13:22:02 - [MESSAGE][PASSED] - Delayed 1 second(s)

2018-05-17 13:22:02 - [TEST_STEP][PASSED] - Statement - If (java.lang.Integer.valueOf(StockQty) >= java.lang.Integer.valueOf(RequestedQty)): null

2018-05-17 13:22:02 - [TEST_STEP][PASSED] - setText: Text '10' is set on object 'Object Repository/PharmacyRequest/Page_Store/input_txtqty'

2018-05-17 13:22:02 - [MESSAGE][PASSED] - Text '10' is set on object 'Object Repository/PharmacyRequest/Page_Store/input_txtqty'

2018-05-17 13:22:02 - [TEST_STEP][PASSED] - click: Object: 'Object Repository/PharmacyRequest/Page_Store/button_Add' is clicked on

2018-05-17 13:22:02 - [MESSAGE][PASSED] - Object: 'Object Repository/PharmacyRequest/Page_Store/button_Add' is clicked on

2018-05-17 13:22:02 - [TEST_STEP][PASSED] - Statement - Break: null

2018-05-17 13:22:02 - [TEST_STEP][PASSED] - selectOptionByIndex: All options with index in [66] are selected on object 'Object Repository/PharmacyRequest/Page_Store/select_--Select--Amlodepin -5'

2018-05-17 13:22:03 - [MESSAGE][PASSED] - All options with index in [66] are selected on object 'Object Repository/PharmacyRequest/Page_Store/select_--Select--Amlodepin -5'

2018-05-17 13:22:03 - [TEST_STEP][PASSED] - delay: Delayed 1 second(s)

2018-05-17 13:22:04 - [MESSAGE][PASSED] - Delayed 1 second(s)

2018-05-17 13:22:04 - [TEST_STEP][PASSED] - Statement - RequestedQty = com.kms.katalon.core.webui.keyword.WebUiBuiltInKeywords.getAttribute(com.kms.katalon.core.testobject.ObjectRepository.findTestObject(PharmacyRequest/Page_Store/input_txttotal), "value"): Attribute 'value' of object 'Object Repository/PharmacyRequest/Page_Store/input_txttotal' is: '10'

2018-05-17 13:22:04 - [MESSAGE][PASSED] - Attribute 'value' of object 'Object Repository/PharmacyRequest/Page_Store/input_txttotal' is: '10'

2018-05-17 13:22:04 - [TEST_STEP][PASSED] - Statement - out.println("Requested QTY : " + RequestedQty): null

2018-05-17 13:22:04 - [TEST_STEP][PASSED] - Statement - BatchNumber = com.kms.katalon.core.webui.keyword.WebUiBuiltInKeywords.getNumberOfTotalOption(com.kms.katalon.core.testobject.ObjectRepository.findTestObject(PharmacyRequest/Page_Store/select_--Select--BA50)): 2 options of object 'Object Repository/PharmacyRequest/Page_Store/select_--Select--BA50' counted

2018-05-17 13:22:04 - [MESSAGE][PASSED] - 2 options of object 'Object Repository/PharmacyRequest/Page_Store/select_--Select--BA50' counted

2018-05-17 13:22:04 - [TEST_STEP][PASSED] - Statement - For ([g = 1, g <= BatchNumber - 1, (g++)]): null

2018-05-17 13:22:04 - [TEST_STEP][PASSED] - selectOptionByIndex: All options with index in [1] are selected on object 'Object Repository/PharmacyRequest/Page_Store/select_--Select--BA50'

2018-05-17 13:22:04 - [MESSAGE][PASSED] - All options with index in [1] are selected on object 'Object Repository/PharmacyRequest/Page_Store/select_--Select--BA50'

2018-05-17 13:22:04 - [TEST_STEP][PASSED] - delay: Delayed 2 second(s)

2018-05-17 13:22:06 - [MESSAGE][PASSED] - Delayed 2 second(s)

2018-05-17 13:22:06 - [TEST_STEP][PASSED] - Statement - StockQty = com.kms.katalon.core.webui.keyword.WebUiBuiltInKeywords.getAttribute(com.kms.katalon.core.testobject.ObjectRepository.findTestObject(PharmacyRequest/Page_Store/input_txtprice), "value"): Attribute 'value' of object 'Object Repository/PharmacyRequest/Page_Store/input_txtprice' is: '1190'

2018-05-17 13:22:06 - [MESSAGE][PASSED] - Attribute 'value' of object 'Object Repository/PharmacyRequest/Page_Store/input_txtprice' is: '1190'

2018-05-17 13:22:06 - [TEST_STEP][PASSED] - Statement - out.println("Stock QTY : " + StockQty): null

2018-05-17 13:22:06 - [TEST_STEP][PASSED] - delay: Delayed 1 second(s)

2018-05-17 13:22:07 - [MESSAGE][PASSED] - Delayed 1 second(s)

2018-05-17 13:22:07 - [TEST_STEP][PASSED] - Statement - If (java.lang.Integer.valueOf(StockQty) >= java.lang.Integer.valueOf(RequestedQty)): null

2018-05-17 13:22:07 - [TEST_STEP][PASSED] - setText: Text '10' is set on object 'Object Repository/PharmacyRequest/Page_Store/input_txtqty'

2018-05-17 13:22:07 - [MESSAGE][PASSED] - Text '10' is set on object 'Object Repository/PharmacyRequest/Page_Store/input_txtqty'

2018-05-17 13:22:07 - [TEST_STEP][PASSED] - click: Object: 'Object Repository/PharmacyRequest/Page_Store/button_Add' is clicked on

2018-05-17 13:22:07 - [MESSAGE][PASSED] - Object: 'Object Repository/PharmacyRequest/Page_Store/button_Add' is clicked on

2018-05-17 13:22:07 - [TEST_STEP][PASSED] - Statement - Break: null

2018-05-17 13:22:07 - [TEST_STEP][PASSED] - selectOptionByIndex: All options with index in [67] are selected on object 'Object Repository/PharmacyRequest/Page_Store/select_--Select--Amlodepin -5'

2018-05-17 13:22:08 - [MESSAGE][PASSED] - All options with index in [67] are selected on object 'Object Repository/PharmacyRequest/Page_Store/select_--Select--Amlodepin -5'

2018-05-17 13:22:08 - [TEST_STEP][PASSED] - delay: Delayed 1 second(s)

2018-05-17 13:22:09 - [MESSAGE][PASSED] - Delayed 1 second(s)

2018-05-17 13:22:09 - [TEST_STEP][PASSED] - Statement - RequestedQty = com.kms.katalon.core.webui.keyword.WebUiBuiltInKeywords.getAttribute(com.kms.katalon.core.testobject.ObjectRepository.findTestObject(PharmacyRequest/Page_Store/input_txttotal), "value"): Attribute 'value' of object 'Object Repository/PharmacyRequest/Page_Store/input_txttotal' is: '10'

2018-05-17 13:22:09 - [MESSAGE][PASSED] - Attribute 'value' of object 'Object Repository/PharmacyRequest/Page_Store/input_txttotal' is: '10'

2018-05-17 13:22:09 - [TEST_STEP][PASSED] - Statement - out.println("Requested QTY : " + RequestedQty): null

2018-05-17 13:22:09 - [TEST_STEP][PASSED] - Statement - BatchNumber = com.kms.katalon.core.webui.keyword.WebUiBuiltInKeywords.getNumberOfTotalOption(com.kms.katalon.core.testobject.ObjectRepository.findTestObject(PharmacyRequest/Page_Store/select_--Select--BA50)): 2 options of object 'Object Repository/PharmacyRequest/Page_Store/select_--Select--BA50' counted

2018-05-17 13:22:09 - [MESSAGE][PASSED] - 2 options of object 'Object Repository/PharmacyRequest/Page_Store/select_--Select--BA50' counted

2018-05-17 13:22:09 - [TEST_STEP][PASSED] - Statement - For ([g = 1, g <= BatchNumber - 1, (g++)]): null

2018-05-17 13:22:09 - [TEST_STEP][PASSED] - selectOptionByIndex: All options with index in [1] are selected on object 'Object Repository/PharmacyRequest/Page_Store/select_--Select--BA50'

2018-05-17 13:22:09 - [MESSAGE][PASSED] - All options with index in [1] are selected on object 'Object Repository/PharmacyRequest/Page_Store/select_--Select--BA50'

2018-05-17 13:22:09 - [TEST_STEP][PASSED] - delay: Delayed 2 second(s)

2018-05-17 13:22:11 - [MESSAGE][PASSED] - Delayed 2 second(s)

2018-05-17 13:22:11 - [TEST_STEP][PASSED] - Statement - StockQty = com.kms.katalon.core.webui.keyword.WebUiBuiltInKeywords.getAttribute(com.kms.katalon.core.testobject.ObjectRepository.findTestObject(PharmacyRequest/Page_Store/input_txtprice), "value"): Attribute 'value' of object 'Object Repository/PharmacyRequest/Page_Store/input_txtprice' is: '1190'

2018-05-17 13:22:11 - [MESSAGE][PASSED] - Attribute 'value' of object 'Object Repository/PharmacyRequest/Page_Store/input_txtprice' is: '1190'

2018-05-17 13:22:11 - [TEST_STEP][PASSED] - Statement - out.println("Stock QTY : " + StockQty): null

2018-05-17 13:22:11 - [TEST_STEP][PASSED] - delay: Delayed 1 second(s)

2018-05-17 13:22:12 - [MESSAGE][PASSED] - Delayed 1 second(s)

2018-05-17 13:22:12 - [TEST_STEP][PASSED] - Statement - If (java.lang.Integer.valueOf(StockQty) >= java.lang.Integer.valueOf(RequestedQty)): null

2018-05-17 13:22:12 - [TEST_STEP][PASSED] - setText: Text '10' is set on object 'Object Repository/PharmacyRequest/Page_Store/input_txtqty'

2018-05-17 13:22:12 - [MESSAGE][PASSED] - Text '10' is set on object 'Object Repository/PharmacyRequest/Page_Store/input_txtqty'

2018-05-17 13:22:12 - [TEST_STEP][PASSED] - click: Object: 'Object Repository/PharmacyRequest/Page_Store/button_Add' is clicked on

2018-05-17 13:22:12 - [MESSAGE][PASSED] - Object: 'Object Repository/PharmacyRequest/Page_Store/button_Add' is clicked on

2018-05-17 13:22:12 - [TEST_STEP][PASSED] - Statement - Break: null

2018-05-17 13:22:12 - [TEST_STEP][PASSED] - selectOptionByIndex: All options with index in [68] are selected on object 'Object Repository/PharmacyRequest/Page_Store/select_--Select--Amlodepin -5'

2018-05-17 13:22:13 - [MESSAGE][PASSED] - All options with index in [68] are selected on object 'Object Repository/PharmacyRequest/Page_Store/select_--Select--Amlodepin -5'

2018-05-17 13:22:13 - [TEST_STEP][PASSED] - delay: Delayed 1 second(s)

2018-05-17 13:22:14 - [MESSAGE][PASSED] - Delayed 1 second(s)

2018-05-17 13:22:14 - [TEST_STEP][PASSED] - Statement - RequestedQty = com.kms.katalon.core.webui.keyword.WebUiBuiltInKeywords.getAttribute(com.kms.katalon.core.testobject.ObjectRepository.findTestObject(PharmacyRequest/Page_Store/input_txttotal), "value"): Attribute 'value' of object 'Object Repository/PharmacyRequest/Page_Store/input_txttotal' is: '10'

2018-05-17 13:22:14 - [MESSAGE][PASSED] - Attribute 'value' of object 'Object Repository/PharmacyRequest/Page_Store/input_txttotal' is: '10'

2018-05-17 13:22:14 - [TEST_STEP][PASSED] - Statement - out.println("Requested QTY : " + RequestedQty): null

2018-05-17 13:22:14 - [TEST_STEP][PASSED] - Statement - BatchNumber = com.kms.katalon.core.webui.keyword.WebUiBuiltInKeywords.getNumberOfTotalOption(com.kms.katalon.core.testobject.ObjectRepository.findTestObject(PharmacyRequest/Page_Store/select_--Select--BA50)): 3 options of object 'Object Repository/PharmacyRequest/Page_Store/select_--Select--BA50' counted

2018-05-17 13:22:14 - [MESSAGE][PASSED] - 3 options of object 'Object Repository/PharmacyRequest/Page_Store/select_--Select--BA50' counted

2018-05-17 13:22:14 - [TEST_STEP][PASSED] - Statement - For ([g = 1, g <= BatchNumber - 1, (g++)]): null

2018-05-17 13:22:14 - [TEST_STEP][PASSED] - selectOptionByIndex: All options with index in [1] are selected on object 'Object Repository/PharmacyRequest/Page_Store/select_--Select--BA50'

2018-05-17 13:22:14 - [MESSAGE][PASSED] - All options with index in [1] are selected on object 'Object Repository/PharmacyRequest/Page_Store/select_--Select--BA50'

2018-05-17 13:22:14 - [TEST_STEP][PASSED] - delay: Delayed 2 second(s)

2018-05-17 13:22:16 - [MESSAGE][PASSED] - Delayed 2 second(s)

2018-05-17 13:22:16 - [TEST_STEP][PASSED] - Statement - StockQty = com.kms.katalon.core.webui.keyword.WebUiBuiltInKeywords.getAttribute(com.kms.katalon.core.testobject.ObjectRepository.findTestObject(PharmacyRequest/Page_Store/input_txtprice), "value"): Attribute 'value' of object 'Object Repository/PharmacyRequest/Page_Store/input_txtprice' is: '990'

2018-05-17 13:22:16 - [MESSAGE][PASSED] - Attribute 'value' of object 'Object Repository/PharmacyRequest/Page_Store/input_txtprice' is: '990'

2018-05-17 13:22:16 - [TEST_STEP][PASSED] - Statement - out.println("Stock QTY : " + StockQty): null

2018-05-17 13:22:16 - [TEST_STEP][PASSED] - delay: Delayed 1 second(s)

2018-05-17 13:22:17 - [MESSAGE][PASSED] - Delayed 1 second(s)

2018-05-17 13:22:17 - [TEST_STEP][PASSED] - Statement - If (java.lang.Integer.valueOf(StockQty) >= java.lang.Integer.valueOf(RequestedQty)): null

2018-05-17 13:22:17 - [TEST_STEP][PASSED] - setText: Text '10' is set on object 'Object Repository/PharmacyRequest/Page_Store/input_txtqty'

2018-05-17 13:22:17 - [MESSAGE][PASSED] - Text '10' is set on object 'Object Repository/PharmacyRequest/Page_Store/input_txtqty'

2018-05-17 13:22:17 - [TEST_STEP][PASSED] - click: Object: 'Object Repository/PharmacyRequest/Page_Store/button_Add' is clicked on

2018-05-17 13:22:17 - [MESSAGE][PASSED] - Object: 'Object Repository/PharmacyRequest/Page_Store/button_Add' is clicked on

2018-05-17 13:22:17 - [TEST_STEP][PASSED] - Statement - Break: null

2018-05-17 13:22:17 - [TEST_STEP][PASSED] - selectOptionByIndex: All options with index in [69] are selected on object 'Object Repository/PharmacyRequest/Page_Store/select_--Select--Amlodepin -5'

2018-05-17 13:22:18 - [MESSAGE][PASSED] - All options with index in [69] are selected on object 'Object Repository/PharmacyRequest/Page_Store/select_--Select--Amlodepin -5'

2018-05-17 13:22:18 - [TEST_STEP][PASSED] - delay: Delayed 1 second(s)

2018-05-17 13:22:19 - [MESSAGE][PASSED] - Delayed 1 second(s)

2018-05-17 13:22:19 - [TEST_STEP][PASSED] - Statement - RequestedQty = com.kms.katalon.core.webui.keyword.WebUiBuiltInKeywords.getAttribute(com.kms.katalon.core.testobject.ObjectRepository.findTestObject(PharmacyRequest/Page_Store/input_txttotal), "value"): Attribute 'value' of object 'Object Repository/PharmacyRequest/Page_Store/input_txttotal' is: '10'

2018-05-17 13:22:19 - [MESSAGE][PASSED] - Attribute 'value' of object 'Object Repository/PharmacyRequest/Page_Store/input_txttotal' is: '10'

2018-05-17 13:22:19 - [TEST_STEP][PASSED] - Statement - out.println("Requested QTY : " + RequestedQty): null

2018-05-17 13:22:19 - [TEST_STEP][PASSED] - Statement - BatchNumber = com.kms.katalon.core.webui.keyword.WebUiBuiltInKeywords.getNumberOfTotalOption(com.kms.katalon.core.testobject.ObjectRepository.findTestObject(PharmacyRequest/Page_Store/select_--Select--BA50)): 3 options of object 'Object Repository/PharmacyRequest/Page_Store/select_--Select--BA50' counted

2018-05-17 13:22:19 - [MESSAGE][PASSED] - 3 options of object 'Object Repository/PharmacyRequest/Page_Store/select_--Select--BA50' counted

2018-05-17 13:22:19 - [TEST_STEP][PASSED] - Statement - For ([g = 1, g <= BatchNumber - 1, (g++)]): null

2018-05-17 13:22:19 - [TEST_STEP][PASSED] - selectOptionByIndex: All options with index in [1] are selected on object 'Object Repository/PharmacyRequest/Page_Store/select_--Select--BA50'

2018-05-17 13:22:19 - [MESSAGE][PASSED] - All options with index in [1] are selected on object 'Object Repository/PharmacyRequest/Page_Store/select_--Select--BA50'

2018-05-17 13:22:19 - [TEST_STEP][PASSED] - delay: Delayed 2 second(s)

2018-05-17 13:22:21 - [MESSAGE][PASSED] - Delayed 2 second(s)

2018-05-17 13:22:21 - [TEST_STEP][PASSED] - Statement - StockQty = com.kms.katalon.core.webui.keyword.WebUiBuiltInKeywords.getAttribute(com.kms.katalon.core.testobject.ObjectRepository.findTestObject(PharmacyRequest/Page_Store/input_txtprice), "value"): Attribute 'value' of object 'Object Repository/PharmacyRequest/Page_Store/input_txtprice' is: '990'

2018-05-17 13:22:21 - [MESSAGE][PASSED] - Attribute 'value' of object 'Object Repository/PharmacyRequest/Page_Store/input_txtprice' is: '990'

2018-05-17 13:22:21 - [TEST_STEP][PASSED] - Statement - out.println("Stock QTY : " + StockQty): null

2018-05-17 13:22:21 - [TEST_STEP][PASSED] - delay: Delayed 1 second(s)

2018-05-17 13:22:22 - [MESSAGE][PASSED] - Delayed 1 second(s)

2018-05-17 13:22:22 - [TEST_STEP][PASSED] - Statement - If (java.lang.Integer.valueOf(StockQty) >= java.lang.Integer.valueOf(RequestedQty)): null

2018-05-17 13:22:22 - [TEST_STEP][PASSED] - setText: Text '10' is set on object 'Object Repository/PharmacyRequest/Page_Store/input_txtqty'

2018-05-17 13:22:22 - [MESSAGE][PASSED] - Text '10' is set on object 'Object Repository/PharmacyRequest/Page_Store/input_txtqty'

2018-05-17 13:22:22 - [TEST_STEP][PASSED] - click: Object: 'Object Repository/PharmacyRequest/Page_Store/button_Add' is clicked on

2018-05-17 13:22:22 - [MESSAGE][PASSED] - Object: 'Object Repository/PharmacyRequest/Page_Store/button_Add' is clicked on

2018-05-17 13:22:22 - [TEST_STEP][PASSED] - Statement - Break: null

2018-05-17 13:22:22 - [TEST_STEP][PASSED] - selectOptionByIndex: All options with index in [70] are selected on object 'Object Repository/PharmacyRequest/Page_Store/select_--Select--Amlodepin -5'

2018-05-17 13:22:23 - [MESSAGE][PASSED] - All options with index in [70] are selected on object 'Object Repository/PharmacyRequest/Page_Store/select_--Select--Amlodepin -5'

2018-05-17 13:22:23 - [TEST_STEP][PASSED] - delay: Delayed 1 second(s)

2018-05-17 13:22:24 - [MESSAGE][PASSED] - Delayed 1 second(s)

2018-05-17 13:22:24 - [TEST_STEP][PASSED] - Statement - RequestedQty = com.kms.katalon.core.webui.keyword.WebUiBuiltInKeywords.getAttribute(com.kms.katalon.core.testobject.ObjectRepository.findTestObject(PharmacyRequest/Page_Store/input_txttotal), "value"): Attribute 'value' of object 'Object Repository/PharmacyRequest/Page_Store/input_txttotal' is: '10'

2018-05-17 13:22:24 - [MESSAGE][PASSED] - Attribute 'value' of object 'Object Repository/PharmacyRequest/Page_Store/input_txttotal' is: '10'

2018-05-17 13:22:24 - [TEST_STEP][PASSED] - Statement - out.println("Requested QTY : " + RequestedQty): null

2018-05-17 13:22:24 - [TEST_STEP][PASSED] - Statement - BatchNumber = com.kms.katalon.core.webui.keyword.WebUiBuiltInKeywords.getNumberOfTotalOption(com.kms.katalon.core.testobject.ObjectRepository.findTestObject(PharmacyRequest/Page_Store/select_--Select--BA50)): 3 options of object 'Object Repository/PharmacyRequest/Page_Store/select_--Select--BA50' counted

2018-05-17 13:22:24 - [MESSAGE][PASSED] - 3 options of object 'Object Repository/PharmacyRequest/Page_Store/select_--Select--BA50' counted

2018-05-17 13:22:24 - [TEST_STEP][PASSED] - Statement - For ([g = 1, g <= BatchNumber - 1, (g++)]): null

2018-05-17 13:22:24 - [TEST_STEP][PASSED] - selectOptionByIndex: All options with index in [1] are selected on object 'Object Repository/PharmacyRequest/Page_Store/select_--Select--BA50'

2018-05-17 13:22:24 - [MESSAGE][PASSED] - All options with index in [1] are selected on object 'Object Repository/PharmacyRequest/Page_Store/select_--Select--BA50'

2018-05-17 13:22:24 - [TEST_STEP][PASSED] - delay: Delayed 2 second(s)

2018-05-17 13:22:26 - [MESSAGE][PASSED] - Delayed 2 second(s)

2018-05-17 13:22:26 - [TEST_STEP][PASSED] - Statement - StockQty = com.kms.katalon.core.webui.keyword.WebUiBuiltInKeywords.getAttribute(com.kms.katalon.core.testobject.ObjectRepository.findTestObject(PharmacyRequest/Page_Store/input_txtprice), "value"): Attribute 'value' of object 'Object Repository/PharmacyRequest/Page_Store/input_txtprice' is: '990'

2018-05-17 13:22:26 - [MESSAGE][PASSED] - Attribute 'value' of object 'Object Repository/PharmacyRequest/Page_Store/input_txtprice' is: '990'

2018-05-17 13:22:26 - [TEST_STEP][PASSED] - Statement - out.println("Stock QTY : " + StockQty): null

2018-05-17 13:22:26 - [TEST_STEP][PASSED] - delay: Delayed 1 second(s)

2018-05-17 13:22:27 - [MESSAGE][PASSED] - Delayed 1 second(s)

2018-05-17 13:22:27 - [TEST_STEP][PASSED] - Statement - If (java.lang.Integer.valueOf(StockQty) >= java.lang.Integer.valueOf(RequestedQty)): null

2018-05-17 13:22:27 - [TEST_STEP][PASSED] - setText: Text '10' is set on object 'Object Repository/PharmacyRequest/Page_Store/input_txtqty'

2018-05-17 13:22:27 - [MESSAGE][PASSED] - Text '10' is set on object 'Object Repository/PharmacyRequest/Page_Store/input_txtqty'

2018-05-17 13:22:27 - [TEST_STEP][PASSED] - click: Object: 'Object Repository/PharmacyRequest/Page_Store/button_Add' is clicked on

2018-05-17 13:22:27 - [MESSAGE][PASSED] - Object: 'Object Repository/PharmacyRequest/Page_Store/button_Add' is clicked on

2018-05-17 13:22:27 - [TEST_STEP][PASSED] - Statement - Break: null

2018-05-17 13:22:27 - [TEST_STEP][PASSED] - selectOptionByIndex: All options with index in [71] are selected on object 'Object Repository/PharmacyRequest/Page_Store/select_--Select--Amlodepin -5'

2018-05-17 13:22:28 - [MESSAGE][PASSED] - All options with index in [71] are selected on object 'Object Repository/PharmacyRequest/Page_Store/select_--Select--Amlodepin -5'

2018-05-17 13:22:28 - [TEST_STEP][PASSED] - delay: Delayed 1 second(s)

2018-05-17 13:22:29 - [MESSAGE][PASSED] - Delayed 1 second(s)

2018-05-17 13:22:29 - [TEST_STEP][PASSED] - Statement - RequestedQty = com.kms.katalon.core.webui.keyword.WebUiBuiltInKeywords.getAttribute(com.kms.katalon.core.testobject.ObjectRepository.findTestObject(PharmacyRequest/Page_Store/input_txttotal), "value"): Attribute 'value' of object 'Object Repository/PharmacyRequest/Page_Store/input_txttotal' is: '10'

2018-05-17 13:22:29 - [MESSAGE][PASSED] - Attribute 'value' of object 'Object Repository/PharmacyRequest/Page_Store/input_txttotal' is: '10'

2018-05-17 13:22:29 - [TEST_STEP][PASSED] - Statement - out.println("Requested QTY : " + RequestedQty): null

2018-05-17 13:22:29 - [TEST_STEP][PASSED] - Statement - BatchNumber = com.kms.katalon.core.webui.keyword.WebUiBuiltInKeywords.getNumberOfTotalOption(com.kms.katalon.core.testobject.ObjectRepository.findTestObject(PharmacyRequest/Page_Store/select_--Select--BA50)): 3 options of object 'Object Repository/PharmacyRequest/Page_Store/select_--Select--BA50' counted

2018-05-17 13:22:29 - [MESSAGE][PASSED] - 3 options of object 'Object Repository/PharmacyRequest/Page_Store/select_--Select--BA50' counted

2018-05-17 13:22:29 - [TEST_STEP][PASSED] - Statement - For ([g = 1, g <= BatchNumber - 1, (g++)]): null

2018-05-17 13:22:29 - [TEST_STEP][PASSED] - selectOptionByIndex: All options with index in [1] are selected on object 'Object Repository/PharmacyRequest/Page_Store/select_--Select--BA50'

2018-05-17 13:22:29 - [MESSAGE][PASSED] - All options with index in [1] are selected on object 'Object Repository/PharmacyRequest/Page_Store/select_--Select--BA50'

2018-05-17 13:22:29 - [TEST_STEP][PASSED] - delay: Delayed 2 second(s)

2018-05-17 13:22:31 - [MESSAGE][PASSED] - Delayed 2 second(s)

2018-05-17 13:22:31 - [TEST_STEP][PASSED] - Statement - StockQty = com.kms.katalon.core.webui.keyword.WebUiBuiltInKeywords.getAttribute(com.kms.katalon.core.testobject.ObjectRepository.findTestObject(PharmacyRequest/Page_Store/input_txtprice), "value"): Attribute 'value' of object 'Object Repository/PharmacyRequest/Page_Store/input_txtprice' is: '990'

2018-05-17 13:22:31 - [MESSAGE][PASSED] - Attribute 'value' of object 'Object Repository/PharmacyRequest/Page_Store/input_txtprice' is: '990'

2018-05-17 13:22:31 - [TEST_STEP][PASSED] - Statement - out.println("Stock QTY : " + StockQty): null

2018-05-17 13:22:31 - [TEST_STEP][PASSED] - delay: Delayed 1 second(s)

2018-05-17 13:22:32 - [MESSAGE][PASSED] - Delayed 1 second(s)

2018-05-17 13:22:32 - [TEST_STEP][PASSED] - Statement - If (java.lang.Integer.valueOf(StockQty) >= java.lang.Integer.valueOf(RequestedQty)): null

2018-05-17 13:22:32 - [TEST_STEP][PASSED] - setText: Text '10' is set on object 'Object Repository/PharmacyRequest/Page_Store/input_txtqty'

2018-05-17 13:22:32 - [MESSAGE][PASSED] - Text '10' is set on object 'Object Repository/PharmacyRequest/Page_Store/input_txtqty'

2018-05-17 13:22:32 - [TEST_STEP][PASSED] - click: Object: 'Object Repository/PharmacyRequest/Page_Store/button_Add' is clicked on

2018-05-17 13:22:32 - [MESSAGE][PASSED] - Object: 'Object Repository/PharmacyRequest/Page_Store/button_Add' is clicked on

2018-05-17 13:22:32 - [TEST_STEP][PASSED] - Statement - Break: null

2018-05-17 13:22:32 - [TEST_STEP][PASSED] - selectOptionByIndex: All options with index in [72] are selected on object 'Object Repository/PharmacyRequest/Page_Store/select_--Select--Amlodepin -5'

2018-05-17 13:22:33 - [MESSAGE][PASSED] - All options with index in [72] are selected on object 'Object Repository/PharmacyRequest/Page_Store/select_--Select--Amlodepin -5'

2018-05-17 13:22:33 - [TEST_STEP][PASSED] - delay: Delayed 1 second(s)

2018-05-17 13:22:34 - [MESSAGE][PASSED] - Delayed 1 second(s)

2018-05-17 13:22:34 - [TEST_STEP][PASSED] - Statement - RequestedQty = com.kms.katalon.core.webui.keyword.WebUiBuiltInKeywords.getAttribute(com.kms.katalon.core.testobject.ObjectRepository.findTestObject(PharmacyRequest/Page_Store/input_txttotal), "value"): Attribute 'value' of object 'Object Repository/PharmacyRequest/Page_Store/input_txttotal' is: '10'

2018-05-17 13:22:34 - [MESSAGE][PASSED] - Attribute 'value' of object 'Object Repository/PharmacyRequest/Page_Store/input_txttotal' is: '10'

2018-05-17 13:22:34 - [TEST_STEP][PASSED] - Statement - out.println("Requested QTY : " + RequestedQty): null

2018-05-17 13:22:34 - [TEST_STEP][PASSED] - Statement - BatchNumber = com.kms.katalon.core.webui.keyword.WebUiBuiltInKeywords.getNumberOfTotalOption(com.kms.katalon.core.testobject.ObjectRepository.findTestObject(PharmacyRequest/Page_Store/select_--Select--BA50)): 3 options of object 'Object Repository/PharmacyRequest/Page_Store/select_--Select--BA50' counted

2018-05-17 13:22:34 - [MESSAGE][PASSED] - 3 options of object 'Object Repository/PharmacyRequest/Page_Store/select_--Select--BA50' counted

2018-05-17 13:22:34 - [TEST_STEP][PASSED] - Statement - For ([g = 1, g <= BatchNumber - 1, (g++)]): null

2018-05-17 13:22:34 - [TEST_STEP][PASSED] - selectOptionByIndex: All options with index in [1] are selected on object 'Object Repository/PharmacyRequest/Page_Store/select_--Select--BA50'

2018-05-17 13:22:34 - [MESSAGE][PASSED] - All options with index in [1] are selected on object 'Object Repository/PharmacyRequest/Page_Store/select_--Select--BA50'

2018-05-17 13:22:34 - [TEST_STEP][PASSED] - delay: Delayed 2 second(s)

2018-05-17 13:22:36 - [MESSAGE][PASSED] - Delayed 2 second(s)

2018-05-17 13:22:36 - [TEST_STEP][PASSED] - Statement - StockQty = com.kms.katalon.core.webui.keyword.WebUiBuiltInKeywords.getAttribute(com.kms.katalon.core.testobject.ObjectRepository.findTestObject(PharmacyRequest/Page_Store/input_txtprice), "value"): Attribute 'value' of object 'Object Repository/PharmacyRequest/Page_Store/input_txtprice' is: '1000'

2018-05-17 13:22:36 - [MESSAGE][PASSED] - Attribute 'value' of object 'Object Repository/PharmacyRequest/Page_Store/input_txtprice' is: '1000'

2018-05-17 13:22:36 - [TEST_STEP][PASSED] - Statement - out.println("Stock QTY : " + StockQty): null

2018-05-17 13:22:36 - [TEST_STEP][PASSED] - delay: Delayed 1 second(s)

2018-05-17 13:22:37 - [MESSAGE][PASSED] - Delayed 1 second(s)

2018-05-17 13:22:37 - [TEST_STEP][PASSED] - Statement - If (java.lang.Integer.valueOf(StockQty) >= java.lang.Integer.valueOf(RequestedQty)): null

2018-05-17 13:22:37 - [TEST_STEP][PASSED] - setText: Text '10' is set on object 'Object Repository/PharmacyRequest/Page_Store/input_txtqty'

2018-05-17 13:22:37 - [MESSAGE][PASSED] - Text '10' is set on object 'Object Repository/PharmacyRequest/Page_Store/input_txtqty'

2018-05-17 13:22:37 - [TEST_STEP][PASSED] - click: Object: 'Object Repository/PharmacyRequest/Page_Store/button_Add' is clicked on

2018-05-17 13:22:38 - [MESSAGE][PASSED] - Object: 'Object Repository/PharmacyRequest/Page_Store/button_Add' is clicked on

2018-05-17 13:22:38 - [TEST_STEP][PASSED] - Statement - Break: null

2018-05-17 13:22:38 - [TEST_STEP][PASSED] - scrollToElement: Scroll to object 'Object Repository/PharmacyRequest/Page_Store/input_btnSubmit' successfully

2018-05-17 13:22:38 - [MESSAGE][PASSED] - Scroll to object 'Object Repository/PharmacyRequest/Page_Store/input_btnSubmit' successfully

2018-05-17 13:22:38 - [TEST_STEP][PASSED] - click: Object: 'Object Repository/PharmacyRequest/Page_Store/input_btnSubmit' is clicked on

2018-05-17 13:22:38 - [MESSAGE][PASSED] - Object: 'Object Repository/PharmacyRequest/Page_Store/input_btnSubmit' is clicked on

2018-05-17 13:22:38 - [TEST_STEP][PASSED] - delay: Delayed 3 second(s)

2018-05-17 13:22:41 - [MESSAGE][PASSED] - Delayed 3 second(s)

2018-05-17 13:22:41 - [TEST_STEP][PASSED] - click: Object: 'Object Repository/PharmacyRequest/Page_Store/button_OK' is clicked on

2018-05-17 13:22:53 - [MESSAGE][PASSED] - Object: 'Object Repository/PharmacyRequest/Page_Store/button_OK' is clicked on

2018-05-17 13:22:53 - [TEST_STEP][PASSED] - delay: Delayed 3 second(s)

2018-05-17 13:22:56 - [MESSAGE][PASSED] - Delayed 3 second(s)

2018-05-17 13:22:56 - [TEST_STEP][PASSED] - click: Object: 'Object Repository/PharmacyRequest/Page_Store/a_dropdown-toggle' is clicked on

2018-05-17 13:22:57 - [MESSAGE][PASSED] - Object: 'Object Repository/PharmacyRequest/Page_Store/a_dropdown-toggle' is clicked on

2018-05-17 13:22:57 - [TEST_STEP][PASSED] - click: Object: 'Object Repository/PharmacyRequest/Page_Store/a_Sign out' is clicked on

2018-05-17 13:22:57 - [MESSAGE][PASSED] - Object: 'Object Repository/PharmacyRequest/Page_Store/a_Sign out' is clicked on

2018-05-17 13:22:57 - [TEST_STEP][PASSED] - closeBrowser: Browser is closed

2018-05-17 13:22:58 - [MESSAGE][PASSED] - Browser is closed

2018-05-17 13:22:58 - [TEST_STEP][PASSED] - Statement - out.println("Schedule 2 Pharmacy Request Are Working Successfully"): null]]></system-out>
         <system-err><![CDATA[]]></system-err>
      </testcase>
      <testcase name="Test Cases/PHARMACY TEST CASES/TC_PHAR_003 Verify Schedule 3 Pharmacy Request Are Working Successfully Or Not" classname="Test Cases/PHARMACY TEST CASES/TC_PHAR_003 Verify Schedule 3 Pharmacy Request Are Working Successfully Or Not" status="PASSED">
         <system-out><![CDATA[2018-05-17 13:22:58 - [TEST_CASE][PASSED] - Test Cases/PHARMACY TEST CASES/TC_PHAR_003 Verify Schedule 3 Pharmacy Request Are Working Successfully Or Not: Test Cases/PHARMACY TEST CASES/TC_PHAR_003 Verify Schedule 3 Pharmacy Request Are Working Successfully Or Not

2018-05-17 13:22:58 - [TEST_STEP][PASSED] - openBrowser: Browser is opened with url: ''

2018-05-17 13:23:00 - [MESSAGE][PASSED] - Browser is opened with url: ''

2018-05-17 13:23:00 - [TEST_STEP][PASSED] - Statement - out.println("Verify Schedule 3 Pharmacy Request Are Working Successfully Or Not"): null

2018-05-17 13:23:00 - [TEST_STEP][PASSED] - navigateToUrl: Navigate to 'http://192.168.137.1/multihospital_new/' successfully

2018-05-17 13:23:02 - [MESSAGE][PASSED] - Navigate to 'http://192.168.137.1/multihospital_new/' successfully

2018-05-17 13:23:02 - [TEST_STEP][PASSED] - maximizeWindow: Current window maximized

2018-05-17 13:23:03 - [MESSAGE][PASSED] - Current window maximized

2018-05-17 13:23:03 - [TEST_STEP][PASSED] - click: Object: 'Object Repository/PharmacyRequest/Page_KDMC/a_Pharmacy' is clicked on

2018-05-17 13:23:03 - [MESSAGE][PASSED] - Object: 'Object Repository/PharmacyRequest/Page_KDMC/a_Pharmacy' is clicked on

2018-05-17 13:23:03 - [TEST_STEP][PASSED] - setText: Text 'raja' is set on object 'Object Repository/PharmacyRequest/Page_Pharmacy login/input_txtusername'

2018-05-17 13:23:03 - [MESSAGE][PASSED] - Text 'raja' is set on object 'Object Repository/PharmacyRequest/Page_Pharmacy login/input_txtusername'

2018-05-17 13:23:03 - [TEST_STEP][PASSED] - setText: Text '123' is set on object 'Object Repository/PharmacyRequest/Page_Pharmacy login/input_txtpassword'

2018-05-17 13:23:04 - [MESSAGE][PASSED] - Text '123' is set on object 'Object Repository/PharmacyRequest/Page_Pharmacy login/input_txtpassword'

2018-05-17 13:23:04 - [TEST_STEP][PASSED] - delay: Delayed 3 second(s)

2018-05-17 13:23:07 - [MESSAGE][PASSED] - Delayed 3 second(s)

2018-05-17 13:23:07 - [TEST_STEP][PASSED] - click: Object: 'Object Repository/PharmacyRequest/Page_Pharmacy login/button_Sign in' is clicked on

2018-05-17 13:23:07 - [MESSAGE][PASSED] - Object: 'Object Repository/PharmacyRequest/Page_Pharmacy login/button_Sign in' is clicked on

2018-05-17 13:23:07 - [TEST_STEP][PASSED] - delay: Delayed 3 second(s)

2018-05-17 13:23:10 - [MESSAGE][PASSED] - Delayed 3 second(s)

2018-05-17 13:23:10 - [TEST_STEP][PASSED] - click: Object: 'Object Repository/PharmacyRequest/Page_KDMC - Pharmacy/a_Inventory' is clicked on

2018-05-17 13:23:12 - [MESSAGE][PASSED] - Object: 'Object Repository/PharmacyRequest/Page_KDMC - Pharmacy/a_Inventory' is clicked on

2018-05-17 13:23:12 - [TEST_STEP][PASSED] - delay: Delayed 3 second(s)

2018-05-17 13:23:15 - [MESSAGE][PASSED] - Delayed 3 second(s)

2018-05-17 13:23:15 - [TEST_STEP][PASSED] - click: Object: 'Object Repository/PharmacyRequest/Page_KDMC-Pharmacy/a_Store Request' is clicked on

2018-05-17 13:23:15 - [MESSAGE][PASSED] - Object: 'Object Repository/PharmacyRequest/Page_KDMC-Pharmacy/a_Store Request' is clicked on

2018-05-17 13:23:15 - [TEST_STEP][PASSED] - click: Object: 'Object Repository/PharmacyRequest/Page_KDMC-Pharmacy/a_Medicine Request' is clicked on

2018-05-17 13:23:16 - [MESSAGE][PASSED] - Object: 'Object Repository/PharmacyRequest/Page_KDMC-Pharmacy/a_Medicine Request' is clicked on

2018-05-17 13:23:16 - [TEST_STEP][PASSED] - selectOptionByIndex: All options with index in [3] are selected on object 'Object Repository/PharmacyRequest/Page_KDMC-Pharmacy/select_--Select--Schedule 1Inj'

2018-05-17 13:23:16 - [MESSAGE][PASSED] - All options with index in [3] are selected on object 'Object Repository/PharmacyRequest/Page_KDMC-Pharmacy/select_--Select--Schedule 1Inj'

2018-05-17 13:23:16 - [TEST_STEP][PASSED] - Statement - MedicineLength = com.kms.katalon.core.webui.keyword.WebUiBuiltInKeywords.getNumberOfTotalOption(com.kms.katalon.core.testobject.ObjectRepository.findTestObject(PharmacyRequest/Page_KDMC-Pharmacy/select_--Select--Albendazole)): 37 options of object 'Object Repository/PharmacyRequest/Page_KDMC-Pharmacy/select_--Select--Albendazole' counted

2018-05-17 13:23:16 - [MESSAGE][PASSED] - 37 options of object 'Object Repository/PharmacyRequest/Page_KDMC-Pharmacy/select_--Select--Albendazole' counted

2018-05-17 13:23:16 - [TEST_STEP][PASSED] - Statement - For ([l = 1, l <= MedicineLength - 1, (l++)]): Object: 'Object Repository/PharmacyRequest/Page_KDMC-Pharmacy/button_Add' is clicked on

2018-05-17 13:23:16 - [TEST_STEP][PASSED] - selectOptionByIndex: All options with index in [3] are selected on object 'Object Repository/PharmacyRequest/Page_KDMC-Pharmacy/select_--Select--Schedule 1Inj'

2018-05-17 13:23:16 - [MESSAGE][PASSED] - All options with index in [3] are selected on object 'Object Repository/PharmacyRequest/Page_KDMC-Pharmacy/select_--Select--Schedule 1Inj'

2018-05-17 13:23:16 - [TEST_STEP][PASSED] - selectOptionByIndex: All options with index in [1] are selected on object 'Object Repository/PharmacyRequest/Page_KDMC-Pharmacy/select_--Select--Albendazole'

2018-05-17 13:23:16 - [MESSAGE][PASSED] - All options with index in [1] are selected on object 'Object Repository/PharmacyRequest/Page_KDMC-Pharmacy/select_--Select--Albendazole'

2018-05-17 13:23:16 - [TEST_STEP][PASSED] - setText: Text '10' is set on object 'Object Repository/PharmacyRequest/Page_KDMC-Pharmacy/input_txttreat'

2018-05-17 13:23:16 - [MESSAGE][PASSED] - Text '10' is set on object 'Object Repository/PharmacyRequest/Page_KDMC-Pharmacy/input_txttreat'

2018-05-17 13:23:16 - [TEST_STEP][PASSED] - click: Object: 'Object Repository/PharmacyRequest/Page_KDMC-Pharmacy/button_Add' is clicked on

2018-05-17 13:23:16 - [MESSAGE][PASSED] - Object: 'Object Repository/PharmacyRequest/Page_KDMC-Pharmacy/button_Add' is clicked on

2018-05-17 13:23:16 - [TEST_STEP][PASSED] - selectOptionByIndex: All options with index in [3] are selected on object 'Object Repository/PharmacyRequest/Page_KDMC-Pharmacy/select_--Select--Schedule 1Inj'

2018-05-17 13:23:16 - [MESSAGE][PASSED] - All options with index in [3] are selected on object 'Object Repository/PharmacyRequest/Page_KDMC-Pharmacy/select_--Select--Schedule 1Inj'

2018-05-17 13:23:16 - [TEST_STEP][PASSED] - selectOptionByIndex: All options with index in [2] are selected on object 'Object Repository/PharmacyRequest/Page_KDMC-Pharmacy/select_--Select--Albendazole'

2018-05-17 13:23:17 - [MESSAGE][PASSED] - All options with index in [2] are selected on object 'Object Repository/PharmacyRequest/Page_KDMC-Pharmacy/select_--Select--Albendazole'

2018-05-17 13:23:17 - [TEST_STEP][PASSED] - setText: Text '10' is set on object 'Object Repository/PharmacyRequest/Page_KDMC-Pharmacy/input_txttreat'

2018-05-17 13:23:17 - [MESSAGE][PASSED] - Text '10' is set on object 'Object Repository/PharmacyRequest/Page_KDMC-Pharmacy/input_txttreat'

2018-05-17 13:23:17 - [TEST_STEP][PASSED] - click: Object: 'Object Repository/PharmacyRequest/Page_KDMC-Pharmacy/button_Add' is clicked on

2018-05-17 13:23:17 - [MESSAGE][PASSED] - Object: 'Object Repository/PharmacyRequest/Page_KDMC-Pharmacy/button_Add' is clicked on

2018-05-17 13:23:17 - [TEST_STEP][PASSED] - selectOptionByIndex: All options with index in [3] are selected on object 'Object Repository/PharmacyRequest/Page_KDMC-Pharmacy/select_--Select--Schedule 1Inj'

2018-05-17 13:23:17 - [MESSAGE][PASSED] - All options with index in [3] are selected on object 'Object Repository/PharmacyRequest/Page_KDMC-Pharmacy/select_--Select--Schedule 1Inj'

2018-05-17 13:23:17 - [TEST_STEP][PASSED] - selectOptionByIndex: All options with index in [3] are selected on object 'Object Repository/PharmacyRequest/Page_KDMC-Pharmacy/select_--Select--Albendazole'

2018-05-17 13:23:17 - [MESSAGE][PASSED] - All options with index in [3] are selected on object 'Object Repository/PharmacyRequest/Page_KDMC-Pharmacy/select_--Select--Albendazole'

2018-05-17 13:23:17 - [TEST_STEP][PASSED] - setText: Text '10' is set on object 'Object Repository/PharmacyRequest/Page_KDMC-Pharmacy/input_txttreat'

2018-05-17 13:23:17 - [MESSAGE][PASSED] - Text '10' is set on object 'Object Repository/PharmacyRequest/Page_KDMC-Pharmacy/input_txttreat'

2018-05-17 13:23:17 - [TEST_STEP][PASSED] - click: Object: 'Object Repository/PharmacyRequest/Page_KDMC-Pharmacy/button_Add' is clicked on

2018-05-17 13:23:17 - [MESSAGE][PASSED] - Object: 'Object Repository/PharmacyRequest/Page_KDMC-Pharmacy/button_Add' is clicked on

2018-05-17 13:23:17 - [TEST_STEP][PASSED] - selectOptionByIndex: All options with index in [3] are selected on object 'Object Repository/PharmacyRequest/Page_KDMC-Pharmacy/select_--Select--Schedule 1Inj'

2018-05-17 13:23:17 - [MESSAGE][PASSED] - All options with index in [3] are selected on object 'Object Repository/PharmacyRequest/Page_KDMC-Pharmacy/select_--Select--Schedule 1Inj'

2018-05-17 13:23:17 - [TEST_STEP][PASSED] - selectOptionByIndex: All options with index in [4] are selected on object 'Object Repository/PharmacyRequest/Page_KDMC-Pharmacy/select_--Select--Albendazole'

2018-05-17 13:23:17 - [MESSAGE][PASSED] - All options with index in [4] are selected on object 'Object Repository/PharmacyRequest/Page_KDMC-Pharmacy/select_--Select--Albendazole'

2018-05-17 13:23:17 - [TEST_STEP][PASSED] - setText: Text '10' is set on object 'Object Repository/PharmacyRequest/Page_KDMC-Pharmacy/input_txttreat'

2018-05-17 13:23:17 - [MESSAGE][PASSED] - Text '10' is set on object 'Object Repository/PharmacyRequest/Page_KDMC-Pharmacy/input_txttreat'

2018-05-17 13:23:17 - [TEST_STEP][PASSED] - click: Object: 'Object Repository/PharmacyRequest/Page_KDMC-Pharmacy/button_Add' is clicked on

2018-05-17 13:23:17 - [MESSAGE][PASSED] - Object: 'Object Repository/PharmacyRequest/Page_KDMC-Pharmacy/button_Add' is clicked on

2018-05-17 13:23:17 - [TEST_STEP][PASSED] - selectOptionByIndex: All options with index in [3] are selected on object 'Object Repository/PharmacyRequest/Page_KDMC-Pharmacy/select_--Select--Schedule 1Inj'

2018-05-17 13:23:17 - [MESSAGE][PASSED] - All options with index in [3] are selected on object 'Object Repository/PharmacyRequest/Page_KDMC-Pharmacy/select_--Select--Schedule 1Inj'

2018-05-17 13:23:17 - [TEST_STEP][PASSED] - selectOptionByIndex: All options with index in [5] are selected on object 'Object Repository/PharmacyRequest/Page_KDMC-Pharmacy/select_--Select--Albendazole'

2018-05-17 13:23:18 - [MESSAGE][PASSED] - All options with index in [5] are selected on object 'Object Repository/PharmacyRequest/Page_KDMC-Pharmacy/select_--Select--Albendazole'

2018-05-17 13:23:18 - [TEST_STEP][PASSED] - setText: Text '10' is set on object 'Object Repository/PharmacyRequest/Page_KDMC-Pharmacy/input_txttreat'

2018-05-17 13:23:18 - [MESSAGE][PASSED] - Text '10' is set on object 'Object Repository/PharmacyRequest/Page_KDMC-Pharmacy/input_txttreat'

2018-05-17 13:23:18 - [TEST_STEP][PASSED] - click: Object: 'Object Repository/PharmacyRequest/Page_KDMC-Pharmacy/button_Add' is clicked on

2018-05-17 13:23:18 - [MESSAGE][PASSED] - Object: 'Object Repository/PharmacyRequest/Page_KDMC-Pharmacy/button_Add' is clicked on

2018-05-17 13:23:18 - [TEST_STEP][PASSED] - selectOptionByIndex: All options with index in [3] are selected on object 'Object Repository/PharmacyRequest/Page_KDMC-Pharmacy/select_--Select--Schedule 1Inj'

2018-05-17 13:23:18 - [MESSAGE][PASSED] - All options with index in [3] are selected on object 'Object Repository/PharmacyRequest/Page_KDMC-Pharmacy/select_--Select--Schedule 1Inj'

2018-05-17 13:23:18 - [TEST_STEP][PASSED] - selectOptionByIndex: All options with index in [6] are selected on object 'Object Repository/PharmacyRequest/Page_KDMC-Pharmacy/select_--Select--Albendazole'

2018-05-17 13:23:18 - [MESSAGE][PASSED] - All options with index in [6] are selected on object 'Object Repository/PharmacyRequest/Page_KDMC-Pharmacy/select_--Select--Albendazole'

2018-05-17 13:23:18 - [TEST_STEP][PASSED] - setText: Text '10' is set on object 'Object Repository/PharmacyRequest/Page_KDMC-Pharmacy/input_txttreat'

2018-05-17 13:23:18 - [MESSAGE][PASSED] - Text '10' is set on object 'Object Repository/PharmacyRequest/Page_KDMC-Pharmacy/input_txttreat'

2018-05-17 13:23:18 - [TEST_STEP][PASSED] - click: Object: 'Object Repository/PharmacyRequest/Page_KDMC-Pharmacy/button_Add' is clicked on

2018-05-17 13:23:18 - [MESSAGE][PASSED] - Object: 'Object Repository/PharmacyRequest/Page_KDMC-Pharmacy/button_Add' is clicked on

2018-05-17 13:23:18 - [TEST_STEP][PASSED] - selectOptionByIndex: All options with index in [3] are selected on object 'Object Repository/PharmacyRequest/Page_KDMC-Pharmacy/select_--Select--Schedule 1Inj'

2018-05-17 13:23:18 - [MESSAGE][PASSED] - All options with index in [3] are selected on object 'Object Repository/PharmacyRequest/Page_KDMC-Pharmacy/select_--Select--Schedule 1Inj'

2018-05-17 13:23:18 - [TEST_STEP][PASSED] - selectOptionByIndex: All options with index in [7] are selected on object 'Object Repository/PharmacyRequest/Page_KDMC-Pharmacy/select_--Select--Albendazole'

2018-05-17 13:23:18 - [MESSAGE][PASSED] - All options with index in [7] are selected on object 'Object Repository/PharmacyRequest/Page_KDMC-Pharmacy/select_--Select--Albendazole'

2018-05-17 13:23:18 - [TEST_STEP][PASSED] - setText: Text '10' is set on object 'Object Repository/PharmacyRequest/Page_KDMC-Pharmacy/input_txttreat'

2018-05-17 13:23:18 - [MESSAGE][PASSED] - Text '10' is set on object 'Object Repository/PharmacyRequest/Page_KDMC-Pharmacy/input_txttreat'

2018-05-17 13:23:18 - [TEST_STEP][PASSED] - click: Object: 'Object Repository/PharmacyRequest/Page_KDMC-Pharmacy/button_Add' is clicked on

2018-05-17 13:23:19 - [MESSAGE][PASSED] - Object: 'Object Repository/PharmacyRequest/Page_KDMC-Pharmacy/button_Add' is clicked on

2018-05-17 13:23:19 - [TEST_STEP][PASSED] - selectOptionByIndex: All options with index in [3] are selected on object 'Object Repository/PharmacyRequest/Page_KDMC-Pharmacy/select_--Select--Schedule 1Inj'

2018-05-17 13:23:19 - [MESSAGE][PASSED] - All options with index in [3] are selected on object 'Object Repository/PharmacyRequest/Page_KDMC-Pharmacy/select_--Select--Schedule 1Inj'

2018-05-17 13:23:19 - [TEST_STEP][PASSED] - selectOptionByIndex: All options with index in [8] are selected on object 'Object Repository/PharmacyRequest/Page_KDMC-Pharmacy/select_--Select--Albendazole'

2018-05-17 13:23:19 - [MESSAGE][PASSED] - All options with index in [8] are selected on object 'Object Repository/PharmacyRequest/Page_KDMC-Pharmacy/select_--Select--Albendazole'

2018-05-17 13:23:19 - [TEST_STEP][PASSED] - setText: Text '10' is set on object 'Object Repository/PharmacyRequest/Page_KDMC-Pharmacy/input_txttreat'

2018-05-17 13:23:19 - [MESSAGE][PASSED] - Text '10' is set on object 'Object Repository/PharmacyRequest/Page_KDMC-Pharmacy/input_txttreat'

2018-05-17 13:23:19 - [TEST_STEP][PASSED] - click: Object: 'Object Repository/PharmacyRequest/Page_KDMC-Pharmacy/button_Add' is clicked on

2018-05-17 13:23:19 - [MESSAGE][PASSED] - Object: 'Object Repository/PharmacyRequest/Page_KDMC-Pharmacy/button_Add' is clicked on

2018-05-17 13:23:19 - [TEST_STEP][PASSED] - selectOptionByIndex: All options with index in [3] are selected on object 'Object Repository/PharmacyRequest/Page_KDMC-Pharmacy/select_--Select--Schedule 1Inj'

2018-05-17 13:23:19 - [MESSAGE][PASSED] - All options with index in [3] are selected on object 'Object Repository/PharmacyRequest/Page_KDMC-Pharmacy/select_--Select--Schedule 1Inj'

2018-05-17 13:23:19 - [TEST_STEP][PASSED] - selectOptionByIndex: All options with index in [9] are selected on object 'Object Repository/PharmacyRequest/Page_KDMC-Pharmacy/select_--Select--Albendazole'

2018-05-17 13:23:19 - [MESSAGE][PASSED] - All options with index in [9] are selected on object 'Object Repository/PharmacyRequest/Page_KDMC-Pharmacy/select_--Select--Albendazole'

2018-05-17 13:23:19 - [TEST_STEP][PASSED] - setText: Text '10' is set on object 'Object Repository/PharmacyRequest/Page_KDMC-Pharmacy/input_txttreat'

2018-05-17 13:23:19 - [MESSAGE][PASSED] - Text '10' is set on object 'Object Repository/PharmacyRequest/Page_KDMC-Pharmacy/input_txttreat'

2018-05-17 13:23:19 - [TEST_STEP][PASSED] - click: Object: 'Object Repository/PharmacyRequest/Page_KDMC-Pharmacy/button_Add' is clicked on

2018-05-17 13:23:19 - [MESSAGE][PASSED] - Object: 'Object Repository/PharmacyRequest/Page_KDMC-Pharmacy/button_Add' is clicked on

2018-05-17 13:23:19 - [TEST_STEP][PASSED] - selectOptionByIndex: All options with index in [3] are selected on object 'Object Repository/PharmacyRequest/Page_KDMC-Pharmacy/select_--Select--Schedule 1Inj'

2018-05-17 13:23:19 - [MESSAGE][PASSED] - All options with index in [3] are selected on object 'Object Repository/PharmacyRequest/Page_KDMC-Pharmacy/select_--Select--Schedule 1Inj'

2018-05-17 13:23:19 - [TEST_STEP][PASSED] - selectOptionByIndex: All options with index in [10] are selected on object 'Object Repository/PharmacyRequest/Page_KDMC-Pharmacy/select_--Select--Albendazole'

2018-05-17 13:23:20 - [MESSAGE][PASSED] - All options with index in [10] are selected on object 'Object Repository/PharmacyRequest/Page_KDMC-Pharmacy/select_--Select--Albendazole'

2018-05-17 13:23:20 - [TEST_STEP][PASSED] - setText: Text '10' is set on object 'Object Repository/PharmacyRequest/Page_KDMC-Pharmacy/input_txttreat'

2018-05-17 13:23:20 - [MESSAGE][PASSED] - Text '10' is set on object 'Object Repository/PharmacyRequest/Page_KDMC-Pharmacy/input_txttreat'

2018-05-17 13:23:20 - [TEST_STEP][PASSED] - click: Object: 'Object Repository/PharmacyRequest/Page_KDMC-Pharmacy/button_Add' is clicked on

2018-05-17 13:23:20 - [MESSAGE][PASSED] - Object: 'Object Repository/PharmacyRequest/Page_KDMC-Pharmacy/button_Add' is clicked on

2018-05-17 13:23:20 - [TEST_STEP][PASSED] - selectOptionByIndex: All options with index in [3] are selected on object 'Object Repository/PharmacyRequest/Page_KDMC-Pharmacy/select_--Select--Schedule 1Inj'

2018-05-17 13:23:20 - [MESSAGE][PASSED] - All options with index in [3] are selected on object 'Object Repository/PharmacyRequest/Page_KDMC-Pharmacy/select_--Select--Schedule 1Inj'

2018-05-17 13:23:20 - [TEST_STEP][PASSED] - selectOptionByIndex: All options with index in [11] are selected on object 'Object Repository/PharmacyRequest/Page_KDMC-Pharmacy/select_--Select--Albendazole'

2018-05-17 13:23:20 - [MESSAGE][PASSED] - All options with index in [11] are selected on object 'Object Repository/PharmacyRequest/Page_KDMC-Pharmacy/select_--Select--Albendazole'

2018-05-17 13:23:20 - [TEST_STEP][PASSED] - setText: Text '10' is set on object 'Object Repository/PharmacyRequest/Page_KDMC-Pharmacy/input_txttreat'

2018-05-17 13:23:20 - [MESSAGE][PASSED] - Text '10' is set on object 'Object Repository/PharmacyRequest/Page_KDMC-Pharmacy/input_txttreat'

2018-05-17 13:23:20 - [TEST_STEP][PASSED] - click: Object: 'Object Repository/PharmacyRequest/Page_KDMC-Pharmacy/button_Add' is clicked on

2018-05-17 13:23:20 - [MESSAGE][PASSED] - Object: 'Object Repository/PharmacyRequest/Page_KDMC-Pharmacy/button_Add' is clicked on

2018-05-17 13:23:20 - [TEST_STEP][PASSED] - selectOptionByIndex: All options with index in [3] are selected on object 'Object Repository/PharmacyRequest/Page_KDMC-Pharmacy/select_--Select--Schedule 1Inj'

2018-05-17 13:23:20 - [MESSAGE][PASSED] - All options with index in [3] are selected on object 'Object Repository/PharmacyRequest/Page_KDMC-Pharmacy/select_--Select--Schedule 1Inj'

2018-05-17 13:23:20 - [TEST_STEP][PASSED] - selectOptionByIndex: All options with index in [12] are selected on object 'Object Repository/PharmacyRequest/Page_KDMC-Pharmacy/select_--Select--Albendazole'

2018-05-17 13:23:20 - [MESSAGE][PASSED] - All options with index in [12] are selected on object 'Object Repository/PharmacyRequest/Page_KDMC-Pharmacy/select_--Select--Albendazole'

2018-05-17 13:23:20 - [TEST_STEP][PASSED] - setText: Text '10' is set on object 'Object Repository/PharmacyRequest/Page_KDMC-Pharmacy/input_txttreat'

2018-05-17 13:23:20 - [MESSAGE][PASSED] - Text '10' is set on object 'Object Repository/PharmacyRequest/Page_KDMC-Pharmacy/input_txttreat'

2018-05-17 13:23:20 - [TEST_STEP][PASSED] - click: Object: 'Object Repository/PharmacyRequest/Page_KDMC-Pharmacy/button_Add' is clicked on

2018-05-17 13:23:20 - [MESSAGE][PASSED] - Object: 'Object Repository/PharmacyRequest/Page_KDMC-Pharmacy/button_Add' is clicked on

2018-05-17 13:23:21 - [TEST_STEP][PASSED] - selectOptionByIndex: All options with index in [3] are selected on object 'Object Repository/PharmacyRequest/Page_KDMC-Pharmacy/select_--Select--Schedule 1Inj'

2018-05-17 13:23:21 - [MESSAGE][PASSED] - All options with index in [3] are selected on object 'Object Repository/PharmacyRequest/Page_KDMC-Pharmacy/select_--Select--Schedule 1Inj'

2018-05-17 13:23:21 - [TEST_STEP][PASSED] - selectOptionByIndex: All options with index in [13] are selected on object 'Object Repository/PharmacyRequest/Page_KDMC-Pharmacy/select_--Select--Albendazole'

2018-05-17 13:23:21 - [MESSAGE][PASSED] - All options with index in [13] are selected on object 'Object Repository/PharmacyRequest/Page_KDMC-Pharmacy/select_--Select--Albendazole'

2018-05-17 13:23:21 - [TEST_STEP][PASSED] - setText: Text '10' is set on object 'Object Repository/PharmacyRequest/Page_KDMC-Pharmacy/input_txttreat'

2018-05-17 13:23:21 - [MESSAGE][PASSED] - Text '10' is set on object 'Object Repository/PharmacyRequest/Page_KDMC-Pharmacy/input_txttreat'

2018-05-17 13:23:21 - [TEST_STEP][PASSED] - click: Object: 'Object Repository/PharmacyRequest/Page_KDMC-Pharmacy/button_Add' is clicked on

2018-05-17 13:23:21 - [MESSAGE][PASSED] - Object: 'Object Repository/PharmacyRequest/Page_KDMC-Pharmacy/button_Add' is clicked on

2018-05-17 13:23:21 - [TEST_STEP][PASSED] - selectOptionByIndex: All options with index in [3] are selected on object 'Object Repository/PharmacyRequest/Page_KDMC-Pharmacy/select_--Select--Schedule 1Inj'

2018-05-17 13:23:21 - [MESSAGE][PASSED] - All options with index in [3] are selected on object 'Object Repository/PharmacyRequest/Page_KDMC-Pharmacy/select_--Select--Schedule 1Inj'

2018-05-17 13:23:21 - [TEST_STEP][PASSED] - selectOptionByIndex: All options with index in [14] are selected on object 'Object Repository/PharmacyRequest/Page_KDMC-Pharmacy/select_--Select--Albendazole'

2018-05-17 13:23:21 - [MESSAGE][PASSED] - All options with index in [14] are selected on object 'Object Repository/PharmacyRequest/Page_KDMC-Pharmacy/select_--Select--Albendazole'

2018-05-17 13:23:21 - [TEST_STEP][PASSED] - setText: Text '10' is set on object 'Object Repository/PharmacyRequest/Page_KDMC-Pharmacy/input_txttreat'

2018-05-17 13:23:21 - [MESSAGE][PASSED] - Text '10' is set on object 'Object Repository/PharmacyRequest/Page_KDMC-Pharmacy/input_txttreat'

2018-05-17 13:23:21 - [TEST_STEP][PASSED] - click: Object: 'Object Repository/PharmacyRequest/Page_KDMC-Pharmacy/button_Add' is clicked on

2018-05-17 13:23:21 - [MESSAGE][PASSED] - Object: 'Object Repository/PharmacyRequest/Page_KDMC-Pharmacy/button_Add' is clicked on

2018-05-17 13:23:21 - [TEST_STEP][PASSED] - selectOptionByIndex: All options with index in [3] are selected on object 'Object Repository/PharmacyRequest/Page_KDMC-Pharmacy/select_--Select--Schedule 1Inj'

2018-05-17 13:23:22 - [MESSAGE][PASSED] - All options with index in [3] are selected on object 'Object Repository/PharmacyRequest/Page_KDMC-Pharmacy/select_--Select--Schedule 1Inj'

2018-05-17 13:23:22 - [TEST_STEP][PASSED] - selectOptionByIndex: All options with index in [15] are selected on object 'Object Repository/PharmacyRequest/Page_KDMC-Pharmacy/select_--Select--Albendazole'

2018-05-17 13:23:22 - [MESSAGE][PASSED] - All options with index in [15] are selected on object 'Object Repository/PharmacyRequest/Page_KDMC-Pharmacy/select_--Select--Albendazole'

2018-05-17 13:23:22 - [TEST_STEP][PASSED] - setText: Text '10' is set on object 'Object Repository/PharmacyRequest/Page_KDMC-Pharmacy/input_txttreat'

2018-05-17 13:23:22 - [MESSAGE][PASSED] - Text '10' is set on object 'Object Repository/PharmacyRequest/Page_KDMC-Pharmacy/input_txttreat'

2018-05-17 13:23:22 - [TEST_STEP][PASSED] - click: Object: 'Object Repository/PharmacyRequest/Page_KDMC-Pharmacy/button_Add' is clicked on

2018-05-17 13:23:22 - [MESSAGE][PASSED] - Object: 'Object Repository/PharmacyRequest/Page_KDMC-Pharmacy/button_Add' is clicked on

2018-05-17 13:23:22 - [TEST_STEP][PASSED] - selectOptionByIndex: All options with index in [3] are selected on object 'Object Repository/PharmacyRequest/Page_KDMC-Pharmacy/select_--Select--Schedule 1Inj'

2018-05-17 13:23:22 - [MESSAGE][PASSED] - All options with index in [3] are selected on object 'Object Repository/PharmacyRequest/Page_KDMC-Pharmacy/select_--Select--Schedule 1Inj'

2018-05-17 13:23:22 - [TEST_STEP][PASSED] - selectOptionByIndex: All options with index in [16] are selected on object 'Object Repository/PharmacyRequest/Page_KDMC-Pharmacy/select_--Select--Albendazole'

2018-05-17 13:23:22 - [MESSAGE][PASSED] - All options with index in [16] are selected on object 'Object Repository/PharmacyRequest/Page_KDMC-Pharmacy/select_--Select--Albendazole'

2018-05-17 13:23:22 - [TEST_STEP][PASSED] - setText: Text '10' is set on object 'Object Repository/PharmacyRequest/Page_KDMC-Pharmacy/input_txttreat'

2018-05-17 13:23:22 - [MESSAGE][PASSED] - Text '10' is set on object 'Object Repository/PharmacyRequest/Page_KDMC-Pharmacy/input_txttreat'

2018-05-17 13:23:22 - [TEST_STEP][PASSED] - click: Object: 'Object Repository/PharmacyRequest/Page_KDMC-Pharmacy/button_Add' is clicked on

2018-05-17 13:23:22 - [MESSAGE][PASSED] - Object: 'Object Repository/PharmacyRequest/Page_KDMC-Pharmacy/button_Add' is clicked on

2018-05-17 13:23:22 - [TEST_STEP][PASSED] - selectOptionByIndex: All options with index in [3] are selected on object 'Object Repository/PharmacyRequest/Page_KDMC-Pharmacy/select_--Select--Schedule 1Inj'

2018-05-17 13:23:22 - [MESSAGE][PASSED] - All options with index in [3] are selected on object 'Object Repository/PharmacyRequest/Page_KDMC-Pharmacy/select_--Select--Schedule 1Inj'

2018-05-17 13:23:22 - [TEST_STEP][PASSED] - selectOptionByIndex: All options with index in [17] are selected on object 'Object Repository/PharmacyRequest/Page_KDMC-Pharmacy/select_--Select--Albendazole'

2018-05-17 13:23:23 - [MESSAGE][PASSED] - All options with index in [17] are selected on object 'Object Repository/PharmacyRequest/Page_KDMC-Pharmacy/select_--Select--Albendazole'

2018-05-17 13:23:23 - [TEST_STEP][PASSED] - setText: Text '10' is set on object 'Object Repository/PharmacyRequest/Page_KDMC-Pharmacy/input_txttreat'

2018-05-17 13:23:23 - [MESSAGE][PASSED] - Text '10' is set on object 'Object Repository/PharmacyRequest/Page_KDMC-Pharmacy/input_txttreat'

2018-05-17 13:23:23 - [TEST_STEP][PASSED] - click: Object: 'Object Repository/PharmacyRequest/Page_KDMC-Pharmacy/button_Add' is clicked on

2018-05-17 13:23:23 - [MESSAGE][PASSED] - Object: 'Object Repository/PharmacyRequest/Page_KDMC-Pharmacy/button_Add' is clicked on

2018-05-17 13:23:23 - [TEST_STEP][PASSED] - selectOptionByIndex: All options with index in [3] are selected on object 'Object Repository/PharmacyRequest/Page_KDMC-Pharmacy/select_--Select--Schedule 1Inj'

2018-05-17 13:23:23 - [MESSAGE][PASSED] - All options with index in [3] are selected on object 'Object Repository/PharmacyRequest/Page_KDMC-Pharmacy/select_--Select--Schedule 1Inj'

2018-05-17 13:23:23 - [TEST_STEP][PASSED] - selectOptionByIndex: All options with index in [18] are selected on object 'Object Repository/PharmacyRequest/Page_KDMC-Pharmacy/select_--Select--Albendazole'

2018-05-17 13:23:23 - [MESSAGE][PASSED] - All options with index in [18] are selected on object 'Object Repository/PharmacyRequest/Page_KDMC-Pharmacy/select_--Select--Albendazole'

2018-05-17 13:23:23 - [TEST_STEP][PASSED] - setText: Text '10' is set on object 'Object Repository/PharmacyRequest/Page_KDMC-Pharmacy/input_txttreat'

2018-05-17 13:23:23 - [MESSAGE][PASSED] - Text '10' is set on object 'Object Repository/PharmacyRequest/Page_KDMC-Pharmacy/input_txttreat'

2018-05-17 13:23:23 - [TEST_STEP][PASSED] - click: Object: 'Object Repository/PharmacyRequest/Page_KDMC-Pharmacy/button_Add' is clicked on

2018-05-17 13:23:23 - [MESSAGE][PASSED] - Object: 'Object Repository/PharmacyRequest/Page_KDMC-Pharmacy/button_Add' is clicked on

2018-05-17 13:23:23 - [TEST_STEP][PASSED] - selectOptionByIndex: All options with index in [3] are selected on object 'Object Repository/PharmacyRequest/Page_KDMC-Pharmacy/select_--Select--Schedule 1Inj'

2018-05-17 13:23:23 - [MESSAGE][PASSED] - All options with index in [3] are selected on object 'Object Repository/PharmacyRequest/Page_KDMC-Pharmacy/select_--Select--Schedule 1Inj'

2018-05-17 13:23:23 - [TEST_STEP][PASSED] - selectOptionByIndex: All options with index in [19] are selected on object 'Object Repository/PharmacyRequest/Page_KDMC-Pharmacy/select_--Select--Albendazole'

2018-05-17 13:23:24 - [MESSAGE][PASSED] - All options with index in [19] are selected on object 'Object Repository/PharmacyRequest/Page_KDMC-Pharmacy/select_--Select--Albendazole'

2018-05-17 13:23:24 - [TEST_STEP][PASSED] - setText: Text '10' is set on object 'Object Repository/PharmacyRequest/Page_KDMC-Pharmacy/input_txttreat'

2018-05-17 13:23:24 - [MESSAGE][PASSED] - Text '10' is set on object 'Object Repository/PharmacyRequest/Page_KDMC-Pharmacy/input_txttreat'

2018-05-17 13:23:24 - [TEST_STEP][PASSED] - click: Object: 'Object Repository/PharmacyRequest/Page_KDMC-Pharmacy/button_Add' is clicked on

2018-05-17 13:23:24 - [MESSAGE][PASSED] - Object: 'Object Repository/PharmacyRequest/Page_KDMC-Pharmacy/button_Add' is clicked on

2018-05-17 13:23:24 - [TEST_STEP][PASSED] - selectOptionByIndex: All options with index in [3] are selected on object 'Object Repository/PharmacyRequest/Page_KDMC-Pharmacy/select_--Select--Schedule 1Inj'

2018-05-17 13:23:24 - [MESSAGE][PASSED] - All options with index in [3] are selected on object 'Object Repository/PharmacyRequest/Page_KDMC-Pharmacy/select_--Select--Schedule 1Inj'

2018-05-17 13:23:24 - [TEST_STEP][PASSED] - selectOptionByIndex: All options with index in [20] are selected on object 'Object Repository/PharmacyRequest/Page_KDMC-Pharmacy/select_--Select--Albendazole'

2018-05-17 13:23:24 - [MESSAGE][PASSED] - All options with index in [20] are selected on object 'Object Repository/PharmacyRequest/Page_KDMC-Pharmacy/select_--Select--Albendazole'

2018-05-17 13:23:24 - [TEST_STEP][PASSED] - setText: Text '10' is set on object 'Object Repository/PharmacyRequest/Page_KDMC-Pharmacy/input_txttreat'

2018-05-17 13:23:24 - [MESSAGE][PASSED] - Text '10' is set on object 'Object Repository/PharmacyRequest/Page_KDMC-Pharmacy/input_txttreat'

2018-05-17 13:23:24 - [TEST_STEP][PASSED] - click: Object: 'Object Repository/PharmacyRequest/Page_KDMC-Pharmacy/button_Add' is clicked on

2018-05-17 13:23:24 - [MESSAGE][PASSED] - Object: 'Object Repository/PharmacyRequest/Page_KDMC-Pharmacy/button_Add' is clicked on

2018-05-17 13:23:24 - [TEST_STEP][PASSED] - selectOptionByIndex: All options with index in [3] are selected on object 'Object Repository/PharmacyRequest/Page_KDMC-Pharmacy/select_--Select--Schedule 1Inj'

2018-05-17 13:23:24 - [MESSAGE][PASSED] - All options with index in [3] are selected on object 'Object Repository/PharmacyRequest/Page_KDMC-Pharmacy/select_--Select--Schedule 1Inj'

2018-05-17 13:23:24 - [TEST_STEP][PASSED] - selectOptionByIndex: All options with index in [21] are selected on object 'Object Repository/PharmacyRequest/Page_KDMC-Pharmacy/select_--Select--Albendazole'

2018-05-17 13:23:25 - [MESSAGE][PASSED] - All options with index in [21] are selected on object 'Object Repository/PharmacyRequest/Page_KDMC-Pharmacy/select_--Select--Albendazole'

2018-05-17 13:23:25 - [TEST_STEP][PASSED] - setText: Text '10' is set on object 'Object Repository/PharmacyRequest/Page_KDMC-Pharmacy/input_txttreat'

2018-05-17 13:23:25 - [MESSAGE][PASSED] - Text '10' is set on object 'Object Repository/PharmacyRequest/Page_KDMC-Pharmacy/input_txttreat'

2018-05-17 13:23:25 - [TEST_STEP][PASSED] - click: Object: 'Object Repository/PharmacyRequest/Page_KDMC-Pharmacy/button_Add' is clicked on

2018-05-17 13:23:25 - [MESSAGE][PASSED] - Object: 'Object Repository/PharmacyRequest/Page_KDMC-Pharmacy/button_Add' is clicked on

2018-05-17 13:23:25 - [TEST_STEP][PASSED] - selectOptionByIndex: All options with index in [3] are selected on object 'Object Repository/PharmacyRequest/Page_KDMC-Pharmacy/select_--Select--Schedule 1Inj'

2018-05-17 13:23:25 - [MESSAGE][PASSED] - All options with index in [3] are selected on object 'Object Repository/PharmacyRequest/Page_KDMC-Pharmacy/select_--Select--Schedule 1Inj'

2018-05-17 13:23:25 - [TEST_STEP][PASSED] - selectOptionByIndex: All options with index in [22] are selected on object 'Object Repository/PharmacyRequest/Page_KDMC-Pharmacy/select_--Select--Albendazole'

2018-05-17 13:23:25 - [MESSAGE][PASSED] - All options with index in [22] are selected on object 'Object Repository/PharmacyRequest/Page_KDMC-Pharmacy/select_--Select--Albendazole'

2018-05-17 13:23:25 - [TEST_STEP][PASSED] - setText: Text '10' is set on object 'Object Repository/PharmacyRequest/Page_KDMC-Pharmacy/input_txttreat'

2018-05-17 13:23:25 - [MESSAGE][PASSED] - Text '10' is set on object 'Object Repository/PharmacyRequest/Page_KDMC-Pharmacy/input_txttreat'

2018-05-17 13:23:25 - [TEST_STEP][PASSED] - click: Object: 'Object Repository/PharmacyRequest/Page_KDMC-Pharmacy/button_Add' is clicked on

2018-05-17 13:23:25 - [MESSAGE][PASSED] - Object: 'Object Repository/PharmacyRequest/Page_KDMC-Pharmacy/button_Add' is clicked on

2018-05-17 13:23:25 - [TEST_STEP][PASSED] - selectOptionByIndex: All options with index in [3] are selected on object 'Object Repository/PharmacyRequest/Page_KDMC-Pharmacy/select_--Select--Schedule 1Inj'

2018-05-17 13:23:25 - [MESSAGE][PASSED] - All options with index in [3] are selected on object 'Object Repository/PharmacyRequest/Page_KDMC-Pharmacy/select_--Select--Schedule 1Inj'

2018-05-17 13:23:25 - [TEST_STEP][PASSED] - selectOptionByIndex: All options with index in [23] are selected on object 'Object Repository/PharmacyRequest/Page_KDMC-Pharmacy/select_--Select--Albendazole'

2018-05-17 13:23:26 - [MESSAGE][PASSED] - All options with index in [23] are selected on object 'Object Repository/PharmacyRequest/Page_KDMC-Pharmacy/select_--Select--Albendazole'

2018-05-17 13:23:26 - [TEST_STEP][PASSED] - setText: Text '10' is set on object 'Object Repository/PharmacyRequest/Page_KDMC-Pharmacy/input_txttreat'

2018-05-17 13:23:26 - [MESSAGE][PASSED] - Text '10' is set on object 'Object Repository/PharmacyRequest/Page_KDMC-Pharmacy/input_txttreat'

2018-05-17 13:23:26 - [TEST_STEP][PASSED] - click: Object: 'Object Repository/PharmacyRequest/Page_KDMC-Pharmacy/button_Add' is clicked on

2018-05-17 13:23:26 - [MESSAGE][PASSED] - Object: 'Object Repository/PharmacyRequest/Page_KDMC-Pharmacy/button_Add' is clicked on

2018-05-17 13:23:26 - [TEST_STEP][PASSED] - selectOptionByIndex: All options with index in [3] are selected on object 'Object Repository/PharmacyRequest/Page_KDMC-Pharmacy/select_--Select--Schedule 1Inj'

2018-05-17 13:23:26 - [MESSAGE][PASSED] - All options with index in [3] are selected on object 'Object Repository/PharmacyRequest/Page_KDMC-Pharmacy/select_--Select--Schedule 1Inj'

2018-05-17 13:23:26 - [TEST_STEP][PASSED] - selectOptionByIndex: All options with index in [24] are selected on object 'Object Repository/PharmacyRequest/Page_KDMC-Pharmacy/select_--Select--Albendazole'

2018-05-17 13:23:26 - [MESSAGE][PASSED] - All options with index in [24] are selected on object 'Object Repository/PharmacyRequest/Page_KDMC-Pharmacy/select_--Select--Albendazole'

2018-05-17 13:23:26 - [TEST_STEP][PASSED] - setText: Text '10' is set on object 'Object Repository/PharmacyRequest/Page_KDMC-Pharmacy/input_txttreat'

2018-05-17 13:23:26 - [MESSAGE][PASSED] - Text '10' is set on object 'Object Repository/PharmacyRequest/Page_KDMC-Pharmacy/input_txttreat'

2018-05-17 13:23:26 - [TEST_STEP][PASSED] - click: Object: 'Object Repository/PharmacyRequest/Page_KDMC-Pharmacy/button_Add' is clicked on

2018-05-17 13:23:26 - [MESSAGE][PASSED] - Object: 'Object Repository/PharmacyRequest/Page_KDMC-Pharmacy/button_Add' is clicked on

2018-05-17 13:23:26 - [TEST_STEP][PASSED] - selectOptionByIndex: All options with index in [3] are selected on object 'Object Repository/PharmacyRequest/Page_KDMC-Pharmacy/select_--Select--Schedule 1Inj'

2018-05-17 13:23:26 - [MESSAGE][PASSED] - All options with index in [3] are selected on object 'Object Repository/PharmacyRequest/Page_KDMC-Pharmacy/select_--Select--Schedule 1Inj'

2018-05-17 13:23:26 - [TEST_STEP][PASSED] - selectOptionByIndex: All options with index in [25] are selected on object 'Object Repository/PharmacyRequest/Page_KDMC-Pharmacy/select_--Select--Albendazole'

2018-05-17 13:23:27 - [MESSAGE][PASSED] - All options with index in [25] are selected on object 'Object Repository/PharmacyRequest/Page_KDMC-Pharmacy/select_--Select--Albendazole'

2018-05-17 13:23:27 - [TEST_STEP][PASSED] - setText: Text '10' is set on object 'Object Repository/PharmacyRequest/Page_KDMC-Pharmacy/input_txttreat'

2018-05-17 13:23:27 - [MESSAGE][PASSED] - Text '10' is set on object 'Object Repository/PharmacyRequest/Page_KDMC-Pharmacy/input_txttreat'

2018-05-17 13:23:27 - [TEST_STEP][PASSED] - click: Object: 'Object Repository/PharmacyRequest/Page_KDMC-Pharmacy/button_Add' is clicked on

2018-05-17 13:23:27 - [MESSAGE][PASSED] - Object: 'Object Repository/PharmacyRequest/Page_KDMC-Pharmacy/button_Add' is clicked on

2018-05-17 13:23:27 - [TEST_STEP][PASSED] - selectOptionByIndex: All options with index in [3] are selected on object 'Object Repository/PharmacyRequest/Page_KDMC-Pharmacy/select_--Select--Schedule 1Inj'

2018-05-17 13:23:27 - [MESSAGE][PASSED] - All options with index in [3] are selected on object 'Object Repository/PharmacyRequest/Page_KDMC-Pharmacy/select_--Select--Schedule 1Inj'

2018-05-17 13:23:27 - [TEST_STEP][PASSED] - selectOptionByIndex: All options with index in [26] are selected on object 'Object Repository/PharmacyRequest/Page_KDMC-Pharmacy/select_--Select--Albendazole'

2018-05-17 13:23:27 - [MESSAGE][PASSED] - All options with index in [26] are selected on object 'Object Repository/PharmacyRequest/Page_KDMC-Pharmacy/select_--Select--Albendazole'

2018-05-17 13:23:27 - [TEST_STEP][PASSED] - setText: Text '10' is set on object 'Object Repository/PharmacyRequest/Page_KDMC-Pharmacy/input_txttreat'

2018-05-17 13:23:27 - [MESSAGE][PASSED] - Text '10' is set on object 'Object Repository/PharmacyRequest/Page_KDMC-Pharmacy/input_txttreat'

2018-05-17 13:23:27 - [TEST_STEP][PASSED] - click: Object: 'Object Repository/PharmacyRequest/Page_KDMC-Pharmacy/button_Add' is clicked on

2018-05-17 13:23:27 - [MESSAGE][PASSED] - Object: 'Object Repository/PharmacyRequest/Page_KDMC-Pharmacy/button_Add' is clicked on

2018-05-17 13:23:27 - [TEST_STEP][PASSED] - selectOptionByIndex: All options with index in [3] are selected on object 'Object Repository/PharmacyRequest/Page_KDMC-Pharmacy/select_--Select--Schedule 1Inj'

2018-05-17 13:23:27 - [MESSAGE][PASSED] - All options with index in [3] are selected on object 'Object Repository/PharmacyRequest/Page_KDMC-Pharmacy/select_--Select--Schedule 1Inj'

2018-05-17 13:23:27 - [TEST_STEP][PASSED] - selectOptionByIndex: All options with index in [27] are selected on object 'Object Repository/PharmacyRequest/Page_KDMC-Pharmacy/select_--Select--Albendazole'

2018-05-17 13:23:28 - [MESSAGE][PASSED] - All options with index in [27] are selected on object 'Object Repository/PharmacyRequest/Page_KDMC-Pharmacy/select_--Select--Albendazole'

2018-05-17 13:23:28 - [TEST_STEP][PASSED] - setText: Text '10' is set on object 'Object Repository/PharmacyRequest/Page_KDMC-Pharmacy/input_txttreat'

2018-05-17 13:23:28 - [MESSAGE][PASSED] - Text '10' is set on object 'Object Repository/PharmacyRequest/Page_KDMC-Pharmacy/input_txttreat'

2018-05-17 13:23:28 - [TEST_STEP][PASSED] - click: Object: 'Object Repository/PharmacyRequest/Page_KDMC-Pharmacy/button_Add' is clicked on

2018-05-17 13:23:28 - [MESSAGE][PASSED] - Object: 'Object Repository/PharmacyRequest/Page_KDMC-Pharmacy/button_Add' is clicked on

2018-05-17 13:23:28 - [TEST_STEP][PASSED] - selectOptionByIndex: All options with index in [3] are selected on object 'Object Repository/PharmacyRequest/Page_KDMC-Pharmacy/select_--Select--Schedule 1Inj'

2018-05-17 13:23:28 - [MESSAGE][PASSED] - All options with index in [3] are selected on object 'Object Repository/PharmacyRequest/Page_KDMC-Pharmacy/select_--Select--Schedule 1Inj'

2018-05-17 13:23:28 - [TEST_STEP][PASSED] - selectOptionByIndex: All options with index in [28] are selected on object 'Object Repository/PharmacyRequest/Page_KDMC-Pharmacy/select_--Select--Albendazole'

2018-05-17 13:23:28 - [MESSAGE][PASSED] - All options with index in [28] are selected on object 'Object Repository/PharmacyRequest/Page_KDMC-Pharmacy/select_--Select--Albendazole'

2018-05-17 13:23:28 - [TEST_STEP][PASSED] - setText: Text '10' is set on object 'Object Repository/PharmacyRequest/Page_KDMC-Pharmacy/input_txttreat'

2018-05-17 13:23:28 - [MESSAGE][PASSED] - Text '10' is set on object 'Object Repository/PharmacyRequest/Page_KDMC-Pharmacy/input_txttreat'

2018-05-17 13:23:28 - [TEST_STEP][PASSED] - click: Object: 'Object Repository/PharmacyRequest/Page_KDMC-Pharmacy/button_Add' is clicked on

2018-05-17 13:23:28 - [MESSAGE][PASSED] - Object: 'Object Repository/PharmacyRequest/Page_KDMC-Pharmacy/button_Add' is clicked on

2018-05-17 13:23:28 - [TEST_STEP][PASSED] - selectOptionByIndex: All options with index in [3] are selected on object 'Object Repository/PharmacyRequest/Page_KDMC-Pharmacy/select_--Select--Schedule 1Inj'

2018-05-17 13:23:28 - [MESSAGE][PASSED] - All options with index in [3] are selected on object 'Object Repository/PharmacyRequest/Page_KDMC-Pharmacy/select_--Select--Schedule 1Inj'

2018-05-17 13:23:28 - [TEST_STEP][PASSED] - selectOptionByIndex: All options with index in [29] are selected on object 'Object Repository/PharmacyRequest/Page_KDMC-Pharmacy/select_--Select--Albendazole'

2018-05-17 13:23:29 - [MESSAGE][PASSED] - All options with index in [29] are selected on object 'Object Repository/PharmacyRequest/Page_KDMC-Pharmacy/select_--Select--Albendazole'

2018-05-17 13:23:29 - [TEST_STEP][PASSED] - setText: Text '10' is set on object 'Object Repository/PharmacyRequest/Page_KDMC-Pharmacy/input_txttreat'

2018-05-17 13:23:29 - [MESSAGE][PASSED] - Text '10' is set on object 'Object Repository/PharmacyRequest/Page_KDMC-Pharmacy/input_txttreat'

2018-05-17 13:23:29 - [TEST_STEP][PASSED] - click: Object: 'Object Repository/PharmacyRequest/Page_KDMC-Pharmacy/button_Add' is clicked on

2018-05-17 13:23:29 - [MESSAGE][PASSED] - Object: 'Object Repository/PharmacyRequest/Page_KDMC-Pharmacy/button_Add' is clicked on

2018-05-17 13:23:29 - [TEST_STEP][PASSED] - selectOptionByIndex: All options with index in [3] are selected on object 'Object Repository/PharmacyRequest/Page_KDMC-Pharmacy/select_--Select--Schedule 1Inj'

2018-05-17 13:23:29 - [MESSAGE][PASSED] - All options with index in [3] are selected on object 'Object Repository/PharmacyRequest/Page_KDMC-Pharmacy/select_--Select--Schedule 1Inj'

2018-05-17 13:23:29 - [TEST_STEP][PASSED] - selectOptionByIndex: All options with index in [30] are selected on object 'Object Repository/PharmacyRequest/Page_KDMC-Pharmacy/select_--Select--Albendazole'

2018-05-17 13:23:29 - [MESSAGE][PASSED] - All options with index in [30] are selected on object 'Object Repository/PharmacyRequest/Page_KDMC-Pharmacy/select_--Select--Albendazole'

2018-05-17 13:23:29 - [TEST_STEP][PASSED] - setText: Text '10' is set on object 'Object Repository/PharmacyRequest/Page_KDMC-Pharmacy/input_txttreat'

2018-05-17 13:23:29 - [MESSAGE][PASSED] - Text '10' is set on object 'Object Repository/PharmacyRequest/Page_KDMC-Pharmacy/input_txttreat'

2018-05-17 13:23:29 - [TEST_STEP][PASSED] - click: Object: 'Object Repository/PharmacyRequest/Page_KDMC-Pharmacy/button_Add' is clicked on

2018-05-17 13:23:29 - [MESSAGE][PASSED] - Object: 'Object Repository/PharmacyRequest/Page_KDMC-Pharmacy/button_Add' is clicked on

2018-05-17 13:23:29 - [TEST_STEP][PASSED] - selectOptionByIndex: All options with index in [3] are selected on object 'Object Repository/PharmacyRequest/Page_KDMC-Pharmacy/select_--Select--Schedule 1Inj'

2018-05-17 13:23:30 - [MESSAGE][PASSED] - All options with index in [3] are selected on object 'Object Repository/PharmacyRequest/Page_KDMC-Pharmacy/select_--Select--Schedule 1Inj'

2018-05-17 13:23:30 - [TEST_STEP][PASSED] - selectOptionByIndex: All options with index in [31] are selected on object 'Object Repository/PharmacyRequest/Page_KDMC-Pharmacy/select_--Select--Albendazole'

2018-05-17 13:23:30 - [MESSAGE][PASSED] - All options with index in [31] are selected on object 'Object Repository/PharmacyRequest/Page_KDMC-Pharmacy/select_--Select--Albendazole'

2018-05-17 13:23:30 - [TEST_STEP][PASSED] - setText: Text '10' is set on object 'Object Repository/PharmacyRequest/Page_KDMC-Pharmacy/input_txttreat'

2018-05-17 13:23:30 - [MESSAGE][PASSED] - Text '10' is set on object 'Object Repository/PharmacyRequest/Page_KDMC-Pharmacy/input_txttreat'

2018-05-17 13:23:30 - [TEST_STEP][PASSED] - click: Object: 'Object Repository/PharmacyRequest/Page_KDMC-Pharmacy/button_Add' is clicked on

2018-05-17 13:23:30 - [MESSAGE][PASSED] - Object: 'Object Repository/PharmacyRequest/Page_KDMC-Pharmacy/button_Add' is clicked on

2018-05-17 13:23:30 - [TEST_STEP][PASSED] - selectOptionByIndex: All options with index in [3] are selected on object 'Object Repository/PharmacyRequest/Page_KDMC-Pharmacy/select_--Select--Schedule 1Inj'

2018-05-17 13:23:30 - [MESSAGE][PASSED] - All options with index in [3] are selected on object 'Object Repository/PharmacyRequest/Page_KDMC-Pharmacy/select_--Select--Schedule 1Inj'

2018-05-17 13:23:30 - [TEST_STEP][PASSED] - selectOptionByIndex: All options with index in [32] are selected on object 'Object Repository/PharmacyRequest/Page_KDMC-Pharmacy/select_--Select--Albendazole'

2018-05-17 13:23:30 - [MESSAGE][PASSED] - All options with index in [32] are selected on object 'Object Repository/PharmacyRequest/Page_KDMC-Pharmacy/select_--Select--Albendazole'

2018-05-17 13:23:30 - [TEST_STEP][PASSED] - setText: Text '10' is set on object 'Object Repository/PharmacyRequest/Page_KDMC-Pharmacy/input_txttreat'

2018-05-17 13:23:30 - [MESSAGE][PASSED] - Text '10' is set on object 'Object Repository/PharmacyRequest/Page_KDMC-Pharmacy/input_txttreat'

2018-05-17 13:23:30 - [TEST_STEP][PASSED] - click: Object: 'Object Repository/PharmacyRequest/Page_KDMC-Pharmacy/button_Add' is clicked on

2018-05-17 13:23:31 - [MESSAGE][PASSED] - Object: 'Object Repository/PharmacyRequest/Page_KDMC-Pharmacy/button_Add' is clicked on

2018-05-17 13:23:31 - [TEST_STEP][PASSED] - selectOptionByIndex: All options with index in [3] are selected on object 'Object Repository/PharmacyRequest/Page_KDMC-Pharmacy/select_--Select--Schedule 1Inj'

2018-05-17 13:23:31 - [MESSAGE][PASSED] - All options with index in [3] are selected on object 'Object Repository/PharmacyRequest/Page_KDMC-Pharmacy/select_--Select--Schedule 1Inj'

2018-05-17 13:23:31 - [TEST_STEP][PASSED] - selectOptionByIndex: All options with index in [33] are selected on object 'Object Repository/PharmacyRequest/Page_KDMC-Pharmacy/select_--Select--Albendazole'

2018-05-17 13:23:31 - [MESSAGE][PASSED] - All options with index in [33] are selected on object 'Object Repository/PharmacyRequest/Page_KDMC-Pharmacy/select_--Select--Albendazole'

2018-05-17 13:23:31 - [TEST_STEP][PASSED] - setText: Text '10' is set on object 'Object Repository/PharmacyRequest/Page_KDMC-Pharmacy/input_txttreat'

2018-05-17 13:23:31 - [MESSAGE][PASSED] - Text '10' is set on object 'Object Repository/PharmacyRequest/Page_KDMC-Pharmacy/input_txttreat'

2018-05-17 13:23:31 - [TEST_STEP][PASSED] - click: Object: 'Object Repository/PharmacyRequest/Page_KDMC-Pharmacy/button_Add' is clicked on

2018-05-17 13:23:31 - [MESSAGE][PASSED] - Object: 'Object Repository/PharmacyRequest/Page_KDMC-Pharmacy/button_Add' is clicked on

2018-05-17 13:23:31 - [TEST_STEP][PASSED] - selectOptionByIndex: All options with index in [3] are selected on object 'Object Repository/PharmacyRequest/Page_KDMC-Pharmacy/select_--Select--Schedule 1Inj'

2018-05-17 13:23:31 - [MESSAGE][PASSED] - All options with index in [3] are selected on object 'Object Repository/PharmacyRequest/Page_KDMC-Pharmacy/select_--Select--Schedule 1Inj'

2018-05-17 13:23:31 - [TEST_STEP][PASSED] - selectOptionByIndex: All options with index in [34] are selected on object 'Object Repository/PharmacyRequest/Page_KDMC-Pharmacy/select_--Select--Albendazole'

2018-05-17 13:23:32 - [MESSAGE][PASSED] - All options with index in [34] are selected on object 'Object Repository/PharmacyRequest/Page_KDMC-Pharmacy/select_--Select--Albendazole'

2018-05-17 13:23:32 - [TEST_STEP][PASSED] - setText: Text '10' is set on object 'Object Repository/PharmacyRequest/Page_KDMC-Pharmacy/input_txttreat'

2018-05-17 13:23:32 - [MESSAGE][PASSED] - Text '10' is set on object 'Object Repository/PharmacyRequest/Page_KDMC-Pharmacy/input_txttreat'

2018-05-17 13:23:32 - [TEST_STEP][PASSED] - click: Object: 'Object Repository/PharmacyRequest/Page_KDMC-Pharmacy/button_Add' is clicked on

2018-05-17 13:23:32 - [MESSAGE][PASSED] - Object: 'Object Repository/PharmacyRequest/Page_KDMC-Pharmacy/button_Add' is clicked on

2018-05-17 13:23:32 - [TEST_STEP][PASSED] - selectOptionByIndex: All options with index in [3] are selected on object 'Object Repository/PharmacyRequest/Page_KDMC-Pharmacy/select_--Select--Schedule 1Inj'

2018-05-17 13:23:32 - [MESSAGE][PASSED] - All options with index in [3] are selected on object 'Object Repository/PharmacyRequest/Page_KDMC-Pharmacy/select_--Select--Schedule 1Inj'

2018-05-17 13:23:32 - [TEST_STEP][PASSED] - selectOptionByIndex: All options with index in [35] are selected on object 'Object Repository/PharmacyRequest/Page_KDMC-Pharmacy/select_--Select--Albendazole'

2018-05-17 13:23:32 - [MESSAGE][PASSED] - All options with index in [35] are selected on object 'Object Repository/PharmacyRequest/Page_KDMC-Pharmacy/select_--Select--Albendazole'

2018-05-17 13:23:32 - [TEST_STEP][PASSED] - setText: Text '10' is set on object 'Object Repository/PharmacyRequest/Page_KDMC-Pharmacy/input_txttreat'

2018-05-17 13:23:32 - [MESSAGE][PASSED] - Text '10' is set on object 'Object Repository/PharmacyRequest/Page_KDMC-Pharmacy/input_txttreat'

2018-05-17 13:23:32 - [TEST_STEP][PASSED] - click: Object: 'Object Repository/PharmacyRequest/Page_KDMC-Pharmacy/button_Add' is clicked on

2018-05-17 13:23:32 - [MESSAGE][PASSED] - Object: 'Object Repository/PharmacyRequest/Page_KDMC-Pharmacy/button_Add' is clicked on

2018-05-17 13:23:32 - [TEST_STEP][PASSED] - selectOptionByIndex: All options with index in [3] are selected on object 'Object Repository/PharmacyRequest/Page_KDMC-Pharmacy/select_--Select--Schedule 1Inj'

2018-05-17 13:23:32 - [MESSAGE][PASSED] - All options with index in [3] are selected on object 'Object Repository/PharmacyRequest/Page_KDMC-Pharmacy/select_--Select--Schedule 1Inj'

2018-05-17 13:23:32 - [TEST_STEP][PASSED] - selectOptionByIndex: All options with index in [36] are selected on object 'Object Repository/PharmacyRequest/Page_KDMC-Pharmacy/select_--Select--Albendazole'

2018-05-17 13:23:33 - [MESSAGE][PASSED] - All options with index in [36] are selected on object 'Object Repository/PharmacyRequest/Page_KDMC-Pharmacy/select_--Select--Albendazole'

2018-05-17 13:23:33 - [TEST_STEP][PASSED] - setText: Text '10' is set on object 'Object Repository/PharmacyRequest/Page_KDMC-Pharmacy/input_txttreat'

2018-05-17 13:23:33 - [MESSAGE][PASSED] - Text '10' is set on object 'Object Repository/PharmacyRequest/Page_KDMC-Pharmacy/input_txttreat'

2018-05-17 13:23:33 - [TEST_STEP][PASSED] - click: Object: 'Object Repository/PharmacyRequest/Page_KDMC-Pharmacy/button_Add' is clicked on

2018-05-17 13:23:33 - [MESSAGE][PASSED] - Object: 'Object Repository/PharmacyRequest/Page_KDMC-Pharmacy/button_Add' is clicked on

2018-05-17 13:23:33 - [TEST_STEP][PASSED] - Statement - RN1 = com.kms.katalon.core.webui.keyword.WebUiBuiltInKeywords.getAttribute(com.kms.katalon.core.testobject.ObjectRepository.findTestObject(PharmacyRequest/Page_KDMC-Pharmacy/input_txtno), "value"): Attribute 'value' of object 'Object Repository/PharmacyRequest/Page_KDMC-Pharmacy/input_txtno' is: 'PRNO/17052018/143'

2018-05-17 13:23:33 - [MESSAGE][PASSED] - Attribute 'value' of object 'Object Repository/PharmacyRequest/Page_KDMC-Pharmacy/input_txtno' is: 'PRNO/17052018/143'

2018-05-17 13:23:33 - [TEST_STEP][PASSED] - Statement - out.println(RN1): null

2018-05-17 13:23:33 - [TEST_STEP][PASSED] - Statement - RID = RN1.split("/")[2]: null

2018-05-17 13:23:33 - [TEST_STEP][PASSED] - scrollToElement: Scroll to object 'Object Repository/PharmacyRequest/Page_KDMC-Pharmacy/input_btnsave' successfully

2018-05-17 13:23:33 - [MESSAGE][PASSED] - Scroll to object 'Object Repository/PharmacyRequest/Page_KDMC-Pharmacy/input_btnsave' successfully

2018-05-17 13:23:33 - [TEST_STEP][PASSED] - click: Object: 'Object Repository/PharmacyRequest/Page_KDMC-Pharmacy/input_btnsave' is clicked on

2018-05-17 13:23:33 - [MESSAGE][PASSED] - Object: 'Object Repository/PharmacyRequest/Page_KDMC-Pharmacy/input_btnsave' is clicked on

2018-05-17 13:23:33 - [TEST_STEP][PASSED] - delay: Delayed 3 second(s)

2018-05-17 13:23:36 - [MESSAGE][PASSED] - Delayed 3 second(s)

2018-05-17 13:23:36 - [TEST_STEP][PASSED] - click: Object: 'Object Repository/PharmacyRequest/Page_KDMC-Pharmacy/button_OK' is clicked on

2018-05-17 13:23:37 - [MESSAGE][PASSED] - Object: 'Object Repository/PharmacyRequest/Page_KDMC-Pharmacy/button_OK' is clicked on

2018-05-17 13:23:37 - [TEST_STEP][PASSED] - delay: Delayed 3 second(s)

2018-05-17 13:23:40 - [MESSAGE][PASSED] - Delayed 3 second(s)

2018-05-17 13:23:40 - [TEST_STEP][PASSED] - click: Object: 'Object Repository/PharmacyRequest/Page_KDMC-Pharmacy/a_Back to Pharmacy' is clicked on

2018-05-17 13:23:41 - [MESSAGE][PASSED] - Object: 'Object Repository/PharmacyRequest/Page_KDMC-Pharmacy/a_Back to Pharmacy' is clicked on

2018-05-17 13:23:41 - [TEST_STEP][PASSED] - delay: Delayed 3 second(s)

2018-05-17 13:23:44 - [MESSAGE][PASSED] - Delayed 3 second(s)

2018-05-17 13:23:44 - [TEST_STEP][PASSED] - click: Object: 'Object Repository/PharmacyRequest/Page_KDMC - Pharmacy/a_dropdown-toggle' is clicked on

2018-05-17 13:23:44 - [MESSAGE][PASSED] - Object: 'Object Repository/PharmacyRequest/Page_KDMC - Pharmacy/a_dropdown-toggle' is clicked on

2018-05-17 13:23:44 - [TEST_STEP][PASSED] - click: Object: 'Object Repository/PharmacyRequest/Page_KDMC - Pharmacy/a_Sign out' is clicked on

2018-05-17 13:23:44 - [MESSAGE][PASSED] - Object: 'Object Repository/PharmacyRequest/Page_KDMC - Pharmacy/a_Sign out' is clicked on

2018-05-17 13:23:44 - [TEST_STEP][PASSED] - delay: Delayed 3 second(s)

2018-05-17 13:23:47 - [MESSAGE][PASSED] - Delayed 3 second(s)

2018-05-17 13:23:47 - [TEST_STEP][PASSED] - click: Object: 'Object Repository/PharmacyRequest/Page_KDMC/a_CMO' is clicked on

2018-05-17 13:23:48 - [MESSAGE][PASSED] - Object: 'Object Repository/PharmacyRequest/Page_KDMC/a_CMO' is clicked on

2018-05-17 13:23:48 - [TEST_STEP][PASSED] - setText: Text 'guru' is set on object 'Object Repository/PharmacyRequest/Page_CMO login/input_txtusername'

2018-05-17 13:23:48 - [MESSAGE][PASSED] - Text 'guru' is set on object 'Object Repository/PharmacyRequest/Page_CMO login/input_txtusername'

2018-05-17 13:23:48 - [TEST_STEP][PASSED] - setText: Text '123' is set on object 'Object Repository/PharmacyRequest/Page_CMO login/input_txtpassword'

2018-05-17 13:23:48 - [MESSAGE][PASSED] - Text '123' is set on object 'Object Repository/PharmacyRequest/Page_CMO login/input_txtpassword'

2018-05-17 13:23:48 - [TEST_STEP][PASSED] - delay: Delayed 3 second(s)

2018-05-17 13:23:51 - [MESSAGE][PASSED] - Delayed 3 second(s)

2018-05-17 13:23:51 - [TEST_STEP][PASSED] - click: Object: 'Object Repository/PharmacyRequest/Page_CMO login/button_Sign in' is clicked on

2018-05-17 13:23:52 - [MESSAGE][PASSED] - Object: 'Object Repository/PharmacyRequest/Page_CMO login/button_Sign in' is clicked on

2018-05-17 13:23:52 - [TEST_STEP][PASSED] - click: Object: 'Object Repository/PharmacyRequest/Page_KDMC - CMO/a_Department Wise Request' is clicked on

2018-05-17 13:23:52 - [MESSAGE][PASSED] - Object: 'Object Repository/PharmacyRequest/Page_KDMC - CMO/a_Department Wise Request' is clicked on

2018-05-17 13:23:52 - [TEST_STEP][PASSED] - selectOptionByIndex: All options with index in [2] are selected on object 'Object Repository/PharmacyRequest/Page_KDMC - CMO/select_--ALL--'

2018-05-17 13:23:52 - [MESSAGE][PASSED] - All options with index in [2] are selected on object 'Object Repository/PharmacyRequest/Page_KDMC - CMO/select_--ALL--'

2018-05-17 13:23:52 - [TEST_STEP][PASSED] - selectOptionByIndex: All options with index in [1] are selected on object 'Object Repository/PharmacyRequest/Page_KDMC - CMO/select_--ALL--                _1'

2018-05-17 13:23:52 - [MESSAGE][PASSED] - All options with index in [1] are selected on object 'Object Repository/PharmacyRequest/Page_KDMC - CMO/select_--ALL--                _1'

2018-05-17 13:23:52 - [TEST_STEP][PASSED] - click: Object: 'Object Repository/PharmacyRequest/Page_KDMC - CMO/input_btnsearch' is clicked on

2018-05-17 13:23:52 - [MESSAGE][PASSED] - Object: 'Object Repository/PharmacyRequest/Page_KDMC - CMO/input_btnsearch' is clicked on

2018-05-17 13:23:52 - [TEST_STEP][PASSED] - Statement - ID = com.kms.katalon.core.webui.keyword.WebUiBuiltInKeywords.modifyObjectProperty(com.kms.katalon.core.testobject.ObjectRepository.findTestObject(PharmacyRequest/Page_KDMC - CMO/input_2), "xpath", "equals", "//*[@id=" + RID + "]", true): Modify property of object successfully

2018-05-17 13:23:52 - [MESSAGE][PASSED] - Modify property of object successfully

2018-05-17 13:23:52 - [TEST_STEP][PASSED] - click: Object: 'Object Repository/PharmacyRequest/Page_KDMC - CMO/input_2' is clicked on

2018-05-17 13:23:53 - [MESSAGE][PASSED] - Object: 'Object Repository/PharmacyRequest/Page_KDMC - CMO/input_2' is clicked on

2018-05-17 13:23:53 - [TEST_STEP][PASSED] - delay: Delayed 3 second(s)

2018-05-17 13:23:56 - [MESSAGE][PASSED] - Delayed 3 second(s)

2018-05-17 13:23:56 - [TEST_STEP][PASSED] - selectOptionByIndex: All options with index in [1] are selected on object 'Object Repository/PharmacyRequest/Page_KDMC - CMO/select_--Select--'

2018-05-17 13:23:56 - [MESSAGE][PASSED] - All options with index in [1] are selected on object 'Object Repository/PharmacyRequest/Page_KDMC - CMO/select_--Select--'

2018-05-17 13:23:56 - [TEST_STEP][PASSED] - click: Object: 'Object Repository/PharmacyRequest/Page_KDMC - CMO/input_btnupdate' is clicked on

2018-05-17 13:23:56 - [MESSAGE][PASSED] - Object: 'Object Repository/PharmacyRequest/Page_KDMC - CMO/input_btnupdate' is clicked on

2018-05-17 13:23:56 - [TEST_STEP][PASSED] - delay: Delayed 3 second(s)

2018-05-17 13:23:59 - [MESSAGE][PASSED] - Delayed 3 second(s)

2018-05-17 13:23:59 - [TEST_STEP][PASSED] - click: Object: 'Object Repository/PharmacyRequest/Page_KDMC - CMO/button_OK' is clicked on

2018-05-17 13:24:00 - [MESSAGE][PASSED] - Object: 'Object Repository/PharmacyRequest/Page_KDMC - CMO/button_OK' is clicked on

2018-05-17 13:24:00 - [TEST_STEP][PASSED] - delay: Delayed 3 second(s)

2018-05-17 13:24:03 - [MESSAGE][PASSED] - Delayed 3 second(s)

2018-05-17 13:24:03 - [TEST_STEP][PASSED] - click: Object: 'Object Repository/PharmacyRequest/Page_KDMC - CMO/a_dropdown-toggle' is clicked on

2018-05-17 13:24:03 - [MESSAGE][PASSED] - Object: 'Object Repository/PharmacyRequest/Page_KDMC - CMO/a_dropdown-toggle' is clicked on

2018-05-17 13:24:03 - [TEST_STEP][PASSED] - click: Object: 'Object Repository/PharmacyRequest/Page_KDMC - CMO/a_Sign out' is clicked on

2018-05-17 13:24:03 - [MESSAGE][PASSED] - Object: 'Object Repository/PharmacyRequest/Page_KDMC - CMO/a_Sign out' is clicked on

2018-05-17 13:24:03 - [TEST_STEP][PASSED] - delay: Delayed 3 second(s)

2018-05-17 13:24:06 - [MESSAGE][PASSED] - Delayed 3 second(s)

2018-05-17 13:24:06 - [TEST_STEP][PASSED] - click: Object: 'Object Repository/PharmacyRequest/Page_KDMC/a_Divisional Store' is clicked on

2018-05-17 13:24:07 - [MESSAGE][PASSED] - Object: 'Object Repository/PharmacyRequest/Page_KDMC/a_Divisional Store' is clicked on

2018-05-17 13:24:07 - [TEST_STEP][PASSED] - setText: Text 'ragu' is set on object 'Object Repository/PharmacyRequest/Page_Divisonal Store Login/input_txtusername'

2018-05-17 13:24:07 - [MESSAGE][PASSED] - Text 'ragu' is set on object 'Object Repository/PharmacyRequest/Page_Divisonal Store Login/input_txtusername'

2018-05-17 13:24:07 - [TEST_STEP][PASSED] - setText: Text '123' is set on object 'Object Repository/PharmacyRequest/Page_Divisonal Store Login/input_txtpassword'

2018-05-17 13:24:07 - [MESSAGE][PASSED] - Text '123' is set on object 'Object Repository/PharmacyRequest/Page_Divisonal Store Login/input_txtpassword'

2018-05-17 13:24:07 - [TEST_STEP][PASSED] - delay: Delayed 3 second(s)

2018-05-17 13:24:10 - [MESSAGE][PASSED] - Delayed 3 second(s)

2018-05-17 13:24:10 - [TEST_STEP][PASSED] - click: Object: 'Object Repository/PharmacyRequest/Page_Divisonal Store Login/button_Sign in' is clicked on

2018-05-17 13:24:11 - [MESSAGE][PASSED] - Object: 'Object Repository/PharmacyRequest/Page_Divisonal Store Login/button_Sign in' is clicked on

2018-05-17 13:24:11 - [TEST_STEP][PASSED] - delay: Delayed 3 second(s)

2018-05-17 13:24:14 - [MESSAGE][PASSED] - Delayed 3 second(s)

2018-05-17 13:24:14 - [TEST_STEP][PASSED] - click: Object: 'Object Repository/PharmacyRequest/Page_Store/a_Pharmacy Request' is clicked on

2018-05-17 13:24:14 - [MESSAGE][PASSED] - Object: 'Object Repository/PharmacyRequest/Page_Store/a_Pharmacy Request' is clicked on

2018-05-17 13:24:14 - [TEST_STEP][PASSED] - click: Object: 'Object Repository/PharmacyRequest/Page_Store/a_Request Item Pharmacy' is clicked on

2018-05-17 13:24:14 - [MESSAGE][PASSED] - Object: 'Object Repository/PharmacyRequest/Page_Store/a_Request Item Pharmacy' is clicked on

2018-05-17 13:24:14 - [TEST_STEP][PASSED] - delay: Delayed 2 second(s)

2018-05-17 13:24:16 - [MESSAGE][PASSED] - Delayed 2 second(s)

2018-05-17 13:24:16 - [TEST_STEP][PASSED] - setText: Text 'PRNO/17052018/143' is set on object 'Object Repository/PharmacyRequest/Page_Store/input'

2018-05-17 13:24:17 - [MESSAGE][PASSED] - Text 'PRNO/17052018/143' is set on object 'Object Repository/PharmacyRequest/Page_Store/input'

2018-05-17 13:24:17 - [TEST_STEP][PASSED] - delay: Delayed 2 second(s)

2018-05-17 13:24:19 - [MESSAGE][PASSED] - Delayed 2 second(s)

2018-05-17 13:24:19 - [TEST_STEP][PASSED] - Statement - ChooseRequest = com.kms.katalon.core.webui.keyword.WebUiBuiltInKeywords.modifyObjectProperty(com.kms.katalon.core.testobject.ObjectRepository.findTestObject(PharmacyRequest/Page_Store/input_2), "xpath", "equals", "//*[@id=" + RID + "]", true): Modify property of object successfully

2018-05-17 13:24:19 - [MESSAGE][PASSED] - Modify property of object successfully

2018-05-17 13:24:19 - [TEST_STEP][PASSED] - click: Object: 'Object Repository/PharmacyRequest/Page_Store/input_2' is clicked on

2018-05-17 13:24:19 - [MESSAGE][PASSED] - Object: 'Object Repository/PharmacyRequest/Page_Store/input_2' is clicked on

2018-05-17 13:24:19 - [TEST_STEP][PASSED] - delay: Delayed 2 second(s)

2018-05-17 13:24:21 - [MESSAGE][PASSED] - Delayed 2 second(s)

2018-05-17 13:24:21 - [TEST_STEP][PASSED] - Statement - selectedoptions = com.kms.katalon.core.webui.keyword.WebUiBuiltInKeywords.getNumberOfTotalOption(com.kms.katalon.core.testobject.ObjectRepository.findTestObject(PharmacyRequest/Page_Store/select_--Select--Amlodepin -5)): 37 options of object 'Object Repository/PharmacyRequest/Page_Store/select_--Select--Amlodepin -5' counted

2018-05-17 13:24:21 - [MESSAGE][PASSED] - 37 options of object 'Object Repository/PharmacyRequest/Page_Store/select_--Select--Amlodepin -5' counted

2018-05-17 13:24:21 - [TEST_STEP][PASSED] - Statement - For ([a = 1, a <= selectedoptions - 1, (a++)]): null

2018-05-17 13:24:21 - [TEST_STEP][PASSED] - selectOptionByIndex: All options with index in [1] are selected on object 'Object Repository/PharmacyRequest/Page_Store/select_--Select--Amlodepin -5'

2018-05-17 13:24:21 - [MESSAGE][PASSED] - All options with index in [1] are selected on object 'Object Repository/PharmacyRequest/Page_Store/select_--Select--Amlodepin -5'

2018-05-17 13:24:21 - [TEST_STEP][PASSED] - delay: Delayed 1 second(s)

2018-05-17 13:24:22 - [MESSAGE][PASSED] - Delayed 1 second(s)

2018-05-17 13:24:22 - [TEST_STEP][PASSED] - Statement - RequestedQty = com.kms.katalon.core.webui.keyword.WebUiBuiltInKeywords.getAttribute(com.kms.katalon.core.testobject.ObjectRepository.findTestObject(PharmacyRequest/Page_Store/input_txttotal), "value"): Attribute 'value' of object 'Object Repository/PharmacyRequest/Page_Store/input_txttotal' is: '10'

2018-05-17 13:24:22 - [MESSAGE][PASSED] - Attribute 'value' of object 'Object Repository/PharmacyRequest/Page_Store/input_txttotal' is: '10'

2018-05-17 13:24:22 - [TEST_STEP][PASSED] - Statement - out.println("Requested QTY : " + RequestedQty): null

2018-05-17 13:24:22 - [TEST_STEP][PASSED] - Statement - BatchNumber = com.kms.katalon.core.webui.keyword.WebUiBuiltInKeywords.getNumberOfTotalOption(com.kms.katalon.core.testobject.ObjectRepository.findTestObject(PharmacyRequest/Page_Store/select_--Select--BA50)): 3 options of object 'Object Repository/PharmacyRequest/Page_Store/select_--Select--BA50' counted

2018-05-17 13:24:22 - [MESSAGE][PASSED] - 3 options of object 'Object Repository/PharmacyRequest/Page_Store/select_--Select--BA50' counted

2018-05-17 13:24:22 - [TEST_STEP][PASSED] - Statement - For ([g = 1, g <= BatchNumber - 1, (g++)]): null

2018-05-17 13:24:22 - [TEST_STEP][PASSED] - selectOptionByIndex: All options with index in [1] are selected on object 'Object Repository/PharmacyRequest/Page_Store/select_--Select--BA50'

2018-05-17 13:24:23 - [MESSAGE][PASSED] - All options with index in [1] are selected on object 'Object Repository/PharmacyRequest/Page_Store/select_--Select--BA50'

2018-05-17 13:24:23 - [TEST_STEP][PASSED] - delay: Delayed 1 second(s)

2018-05-17 13:24:24 - [MESSAGE][PASSED] - Delayed 1 second(s)

2018-05-17 13:24:24 - [TEST_STEP][PASSED] - Statement - StockQty = com.kms.katalon.core.webui.keyword.WebUiBuiltInKeywords.getAttribute(com.kms.katalon.core.testobject.ObjectRepository.findTestObject(PharmacyRequest/Page_Store/input_txtprice), "value"): Attribute 'value' of object 'Object Repository/PharmacyRequest/Page_Store/input_txtprice' is: '930'

2018-05-17 13:24:24 - [MESSAGE][PASSED] - Attribute 'value' of object 'Object Repository/PharmacyRequest/Page_Store/input_txtprice' is: '930'

2018-05-17 13:24:24 - [TEST_STEP][PASSED] - Statement - out.println("Stock QTY : " + StockQty): null

2018-05-17 13:24:24 - [TEST_STEP][PASSED] - delay: Delayed 1 second(s)

2018-05-17 13:24:25 - [MESSAGE][PASSED] - Delayed 1 second(s)

2018-05-17 13:24:25 - [TEST_STEP][PASSED] - Statement - If (java.lang.Integer.valueOf(StockQty) >= java.lang.Integer.valueOf(RequestedQty)): null

2018-05-17 13:24:25 - [TEST_STEP][PASSED] - setText: Text '10' is set on object 'Object Repository/PharmacyRequest/Page_Store/input_txtqty'

2018-05-17 13:24:25 - [MESSAGE][PASSED] - Text '10' is set on object 'Object Repository/PharmacyRequest/Page_Store/input_txtqty'

2018-05-17 13:24:25 - [TEST_STEP][PASSED] - click: Object: 'Object Repository/PharmacyRequest/Page_Store/button_Add' is clicked on

2018-05-17 13:24:25 - [MESSAGE][PASSED] - Object: 'Object Repository/PharmacyRequest/Page_Store/button_Add' is clicked on

2018-05-17 13:24:25 - [TEST_STEP][PASSED] - Statement - Break: null

2018-05-17 13:24:25 - [TEST_STEP][PASSED] - selectOptionByIndex: All options with index in [2] are selected on object 'Object Repository/PharmacyRequest/Page_Store/select_--Select--Amlodepin -5'

2018-05-17 13:24:25 - [MESSAGE][PASSED] - All options with index in [2] are selected on object 'Object Repository/PharmacyRequest/Page_Store/select_--Select--Amlodepin -5'

2018-05-17 13:24:25 - [TEST_STEP][PASSED] - delay: Delayed 1 second(s)

2018-05-17 13:24:26 - [MESSAGE][PASSED] - Delayed 1 second(s)

2018-05-17 13:24:26 - [TEST_STEP][PASSED] - Statement - RequestedQty = com.kms.katalon.core.webui.keyword.WebUiBuiltInKeywords.getAttribute(com.kms.katalon.core.testobject.ObjectRepository.findTestObject(PharmacyRequest/Page_Store/input_txttotal), "value"): Attribute 'value' of object 'Object Repository/PharmacyRequest/Page_Store/input_txttotal' is: '10'

2018-05-17 13:24:26 - [MESSAGE][PASSED] - Attribute 'value' of object 'Object Repository/PharmacyRequest/Page_Store/input_txttotal' is: '10'

2018-05-17 13:24:26 - [TEST_STEP][PASSED] - Statement - out.println("Requested QTY : " + RequestedQty): null

2018-05-17 13:24:26 - [TEST_STEP][PASSED] - Statement - BatchNumber = com.kms.katalon.core.webui.keyword.WebUiBuiltInKeywords.getNumberOfTotalOption(com.kms.katalon.core.testobject.ObjectRepository.findTestObject(PharmacyRequest/Page_Store/select_--Select--BA50)): 3 options of object 'Object Repository/PharmacyRequest/Page_Store/select_--Select--BA50' counted

2018-05-17 13:24:26 - [MESSAGE][PASSED] - 3 options of object 'Object Repository/PharmacyRequest/Page_Store/select_--Select--BA50' counted

2018-05-17 13:24:26 - [TEST_STEP][PASSED] - Statement - For ([g = 1, g <= BatchNumber - 1, (g++)]): null

2018-05-17 13:24:26 - [TEST_STEP][PASSED] - selectOptionByIndex: All options with index in [1] are selected on object 'Object Repository/PharmacyRequest/Page_Store/select_--Select--BA50'

2018-05-17 13:24:26 - [MESSAGE][PASSED] - All options with index in [1] are selected on object 'Object Repository/PharmacyRequest/Page_Store/select_--Select--BA50'

2018-05-17 13:24:26 - [TEST_STEP][PASSED] - delay: Delayed 1 second(s)

2018-05-17 13:24:27 - [MESSAGE][PASSED] - Delayed 1 second(s)

2018-05-17 13:24:27 - [TEST_STEP][PASSED] - Statement - StockQty = com.kms.katalon.core.webui.keyword.WebUiBuiltInKeywords.getAttribute(com.kms.katalon.core.testobject.ObjectRepository.findTestObject(PharmacyRequest/Page_Store/input_txtprice), "value"): Attribute 'value' of object 'Object Repository/PharmacyRequest/Page_Store/input_txtprice' is: '930'

2018-05-17 13:24:27 - [MESSAGE][PASSED] - Attribute 'value' of object 'Object Repository/PharmacyRequest/Page_Store/input_txtprice' is: '930'

2018-05-17 13:24:27 - [TEST_STEP][PASSED] - Statement - out.println("Stock QTY : " + StockQty): null

2018-05-17 13:24:27 - [TEST_STEP][PASSED] - delay: Delayed 1 second(s)

2018-05-17 13:24:28 - [MESSAGE][PASSED] - Delayed 1 second(s)

2018-05-17 13:24:28 - [TEST_STEP][PASSED] - Statement - If (java.lang.Integer.valueOf(StockQty) >= java.lang.Integer.valueOf(RequestedQty)): null

2018-05-17 13:24:28 - [TEST_STEP][PASSED] - setText: Text '10' is set on object 'Object Repository/PharmacyRequest/Page_Store/input_txtqty'

2018-05-17 13:24:28 - [MESSAGE][PASSED] - Text '10' is set on object 'Object Repository/PharmacyRequest/Page_Store/input_txtqty'

2018-05-17 13:24:28 - [TEST_STEP][PASSED] - click: Object: 'Object Repository/PharmacyRequest/Page_Store/button_Add' is clicked on

2018-05-17 13:24:28 - [MESSAGE][PASSED] - Object: 'Object Repository/PharmacyRequest/Page_Store/button_Add' is clicked on

2018-05-17 13:24:28 - [TEST_STEP][PASSED] - Statement - Break: null

2018-05-17 13:24:28 - [TEST_STEP][PASSED] - selectOptionByIndex: All options with index in [3] are selected on object 'Object Repository/PharmacyRequest/Page_Store/select_--Select--Amlodepin -5'

2018-05-17 13:24:28 - [MESSAGE][PASSED] - All options with index in [3] are selected on object 'Object Repository/PharmacyRequest/Page_Store/select_--Select--Amlodepin -5'

2018-05-17 13:24:28 - [TEST_STEP][PASSED] - delay: Delayed 1 second(s)

2018-05-17 13:24:29 - [MESSAGE][PASSED] - Delayed 1 second(s)

2018-05-17 13:24:29 - [TEST_STEP][PASSED] - Statement - RequestedQty = com.kms.katalon.core.webui.keyword.WebUiBuiltInKeywords.getAttribute(com.kms.katalon.core.testobject.ObjectRepository.findTestObject(PharmacyRequest/Page_Store/input_txttotal), "value"): Attribute 'value' of object 'Object Repository/PharmacyRequest/Page_Store/input_txttotal' is: '10'

2018-05-17 13:24:30 - [MESSAGE][PASSED] - Attribute 'value' of object 'Object Repository/PharmacyRequest/Page_Store/input_txttotal' is: '10'

2018-05-17 13:24:30 - [TEST_STEP][PASSED] - Statement - out.println("Requested QTY : " + RequestedQty): null

2018-05-17 13:24:30 - [TEST_STEP][PASSED] - Statement - BatchNumber = com.kms.katalon.core.webui.keyword.WebUiBuiltInKeywords.getNumberOfTotalOption(com.kms.katalon.core.testobject.ObjectRepository.findTestObject(PharmacyRequest/Page_Store/select_--Select--BA50)): 2 options of object 'Object Repository/PharmacyRequest/Page_Store/select_--Select--BA50' counted

2018-05-17 13:24:30 - [MESSAGE][PASSED] - 2 options of object 'Object Repository/PharmacyRequest/Page_Store/select_--Select--BA50' counted

2018-05-17 13:24:30 - [TEST_STEP][PASSED] - Statement - For ([g = 1, g <= BatchNumber - 1, (g++)]): null

2018-05-17 13:24:30 - [TEST_STEP][PASSED] - selectOptionByIndex: All options with index in [1] are selected on object 'Object Repository/PharmacyRequest/Page_Store/select_--Select--BA50'

2018-05-17 13:24:30 - [MESSAGE][PASSED] - All options with index in [1] are selected on object 'Object Repository/PharmacyRequest/Page_Store/select_--Select--BA50'

2018-05-17 13:24:30 - [TEST_STEP][PASSED] - delay: Delayed 1 second(s)

2018-05-17 13:24:31 - [MESSAGE][PASSED] - Delayed 1 second(s)

2018-05-17 13:24:31 - [TEST_STEP][PASSED] - Statement - StockQty = com.kms.katalon.core.webui.keyword.WebUiBuiltInKeywords.getAttribute(com.kms.katalon.core.testobject.ObjectRepository.findTestObject(PharmacyRequest/Page_Store/input_txtprice), "value"): Attribute 'value' of object 'Object Repository/PharmacyRequest/Page_Store/input_txtprice' is: '1010'

2018-05-17 13:24:31 - [MESSAGE][PASSED] - Attribute 'value' of object 'Object Repository/PharmacyRequest/Page_Store/input_txtprice' is: '1010'

2018-05-17 13:24:31 - [TEST_STEP][PASSED] - Statement - out.println("Stock QTY : " + StockQty): null

2018-05-17 13:24:31 - [TEST_STEP][PASSED] - delay: Delayed 1 second(s)

2018-05-17 13:24:32 - [MESSAGE][PASSED] - Delayed 1 second(s)

2018-05-17 13:24:32 - [TEST_STEP][PASSED] - Statement - If (java.lang.Integer.valueOf(StockQty) >= java.lang.Integer.valueOf(RequestedQty)): null

2018-05-17 13:24:32 - [TEST_STEP][PASSED] - setText: Text '10' is set on object 'Object Repository/PharmacyRequest/Page_Store/input_txtqty'

2018-05-17 13:24:32 - [MESSAGE][PASSED] - Text '10' is set on object 'Object Repository/PharmacyRequest/Page_Store/input_txtqty'

2018-05-17 13:24:32 - [TEST_STEP][PASSED] - click: Object: 'Object Repository/PharmacyRequest/Page_Store/button_Add' is clicked on

2018-05-17 13:24:32 - [MESSAGE][PASSED] - Object: 'Object Repository/PharmacyRequest/Page_Store/button_Add' is clicked on

2018-05-17 13:24:32 - [TEST_STEP][PASSED] - Statement - Break: null

2018-05-17 13:24:32 - [TEST_STEP][PASSED] - selectOptionByIndex: All options with index in [4] are selected on object 'Object Repository/PharmacyRequest/Page_Store/select_--Select--Amlodepin -5'

2018-05-17 13:24:32 - [MESSAGE][PASSED] - All options with index in [4] are selected on object 'Object Repository/PharmacyRequest/Page_Store/select_--Select--Amlodepin -5'

2018-05-17 13:24:32 - [TEST_STEP][PASSED] - delay: Delayed 1 second(s)

2018-05-17 13:24:33 - [MESSAGE][PASSED] - Delayed 1 second(s)

2018-05-17 13:24:33 - [TEST_STEP][PASSED] - Statement - RequestedQty = com.kms.katalon.core.webui.keyword.WebUiBuiltInKeywords.getAttribute(com.kms.katalon.core.testobject.ObjectRepository.findTestObject(PharmacyRequest/Page_Store/input_txttotal), "value"): Attribute 'value' of object 'Object Repository/PharmacyRequest/Page_Store/input_txttotal' is: '10'

2018-05-17 13:24:33 - [MESSAGE][PASSED] - Attribute 'value' of object 'Object Repository/PharmacyRequest/Page_Store/input_txttotal' is: '10'

2018-05-17 13:24:33 - [TEST_STEP][PASSED] - Statement - out.println("Requested QTY : " + RequestedQty): null

2018-05-17 13:24:33 - [TEST_STEP][PASSED] - Statement - BatchNumber = com.kms.katalon.core.webui.keyword.WebUiBuiltInKeywords.getNumberOfTotalOption(com.kms.katalon.core.testobject.ObjectRepository.findTestObject(PharmacyRequest/Page_Store/select_--Select--BA50)): 2 options of object 'Object Repository/PharmacyRequest/Page_Store/select_--Select--BA50' counted

2018-05-17 13:24:33 - [MESSAGE][PASSED] - 2 options of object 'Object Repository/PharmacyRequest/Page_Store/select_--Select--BA50' counted

2018-05-17 13:24:33 - [TEST_STEP][PASSED] - Statement - For ([g = 1, g <= BatchNumber - 1, (g++)]): null

2018-05-17 13:24:33 - [TEST_STEP][PASSED] - selectOptionByIndex: All options with index in [1] are selected on object 'Object Repository/PharmacyRequest/Page_Store/select_--Select--BA50'

2018-05-17 13:24:33 - [MESSAGE][PASSED] - All options with index in [1] are selected on object 'Object Repository/PharmacyRequest/Page_Store/select_--Select--BA50'

2018-05-17 13:24:33 - [TEST_STEP][PASSED] - delay: Delayed 1 second(s)

2018-05-17 13:24:34 - [MESSAGE][PASSED] - Delayed 1 second(s)

2018-05-17 13:24:34 - [TEST_STEP][PASSED] - Statement - StockQty = com.kms.katalon.core.webui.keyword.WebUiBuiltInKeywords.getAttribute(com.kms.katalon.core.testobject.ObjectRepository.findTestObject(PharmacyRequest/Page_Store/input_txtprice), "value"): Attribute 'value' of object 'Object Repository/PharmacyRequest/Page_Store/input_txtprice' is: '1016'

2018-05-17 13:24:34 - [MESSAGE][PASSED] - Attribute 'value' of object 'Object Repository/PharmacyRequest/Page_Store/input_txtprice' is: '1016'

2018-05-17 13:24:34 - [TEST_STEP][PASSED] - Statement - out.println("Stock QTY : " + StockQty): null

2018-05-17 13:24:34 - [TEST_STEP][PASSED] - delay: Delayed 1 second(s)

2018-05-17 13:24:35 - [MESSAGE][PASSED] - Delayed 1 second(s)

2018-05-17 13:24:35 - [TEST_STEP][PASSED] - Statement - If (java.lang.Integer.valueOf(StockQty) >= java.lang.Integer.valueOf(RequestedQty)): null

2018-05-17 13:24:35 - [TEST_STEP][PASSED] - setText: Text '10' is set on object 'Object Repository/PharmacyRequest/Page_Store/input_txtqty'

2018-05-17 13:24:35 - [MESSAGE][PASSED] - Text '10' is set on object 'Object Repository/PharmacyRequest/Page_Store/input_txtqty'

2018-05-17 13:24:35 - [TEST_STEP][PASSED] - click: Object: 'Object Repository/PharmacyRequest/Page_Store/button_Add' is clicked on

2018-05-17 13:24:36 - [MESSAGE][PASSED] - Object: 'Object Repository/PharmacyRequest/Page_Store/button_Add' is clicked on

2018-05-17 13:24:36 - [TEST_STEP][PASSED] - Statement - Break: null

2018-05-17 13:24:36 - [TEST_STEP][PASSED] - selectOptionByIndex: All options with index in [5] are selected on object 'Object Repository/PharmacyRequest/Page_Store/select_--Select--Amlodepin -5'

2018-05-17 13:24:36 - [MESSAGE][PASSED] - All options with index in [5] are selected on object 'Object Repository/PharmacyRequest/Page_Store/select_--Select--Amlodepin -5'

2018-05-17 13:24:36 - [TEST_STEP][PASSED] - delay: Delayed 1 second(s)

2018-05-17 13:24:37 - [MESSAGE][PASSED] - Delayed 1 second(s)

2018-05-17 13:24:37 - [TEST_STEP][PASSED] - Statement - RequestedQty = com.kms.katalon.core.webui.keyword.WebUiBuiltInKeywords.getAttribute(com.kms.katalon.core.testobject.ObjectRepository.findTestObject(PharmacyRequest/Page_Store/input_txttotal), "value"): Attribute 'value' of object 'Object Repository/PharmacyRequest/Page_Store/input_txttotal' is: '10'

2018-05-17 13:24:37 - [MESSAGE][PASSED] - Attribute 'value' of object 'Object Repository/PharmacyRequest/Page_Store/input_txttotal' is: '10'

2018-05-17 13:24:37 - [TEST_STEP][PASSED] - Statement - out.println("Requested QTY : " + RequestedQty): null

2018-05-17 13:24:37 - [TEST_STEP][PASSED] - Statement - BatchNumber = com.kms.katalon.core.webui.keyword.WebUiBuiltInKeywords.getNumberOfTotalOption(com.kms.katalon.core.testobject.ObjectRepository.findTestObject(PharmacyRequest/Page_Store/select_--Select--BA50)): 2 options of object 'Object Repository/PharmacyRequest/Page_Store/select_--Select--BA50' counted

2018-05-17 13:24:37 - [MESSAGE][PASSED] - 2 options of object 'Object Repository/PharmacyRequest/Page_Store/select_--Select--BA50' counted

2018-05-17 13:24:37 - [TEST_STEP][PASSED] - Statement - For ([g = 1, g <= BatchNumber - 1, (g++)]): null

2018-05-17 13:24:37 - [TEST_STEP][PASSED] - selectOptionByIndex: All options with index in [1] are selected on object 'Object Repository/PharmacyRequest/Page_Store/select_--Select--BA50'

2018-05-17 13:24:37 - [MESSAGE][PASSED] - All options with index in [1] are selected on object 'Object Repository/PharmacyRequest/Page_Store/select_--Select--BA50'

2018-05-17 13:24:37 - [TEST_STEP][PASSED] - delay: Delayed 1 second(s)

2018-05-17 13:24:38 - [MESSAGE][PASSED] - Delayed 1 second(s)

2018-05-17 13:24:38 - [TEST_STEP][PASSED] - Statement - StockQty = com.kms.katalon.core.webui.keyword.WebUiBuiltInKeywords.getAttribute(com.kms.katalon.core.testobject.ObjectRepository.findTestObject(PharmacyRequest/Page_Store/input_txtprice), "value"): Attribute 'value' of object 'Object Repository/PharmacyRequest/Page_Store/input_txtprice' is: '1050'

2018-05-17 13:24:38 - [MESSAGE][PASSED] - Attribute 'value' of object 'Object Repository/PharmacyRequest/Page_Store/input_txtprice' is: '1050'

2018-05-17 13:24:38 - [TEST_STEP][PASSED] - Statement - out.println("Stock QTY : " + StockQty): null

2018-05-17 13:24:38 - [TEST_STEP][PASSED] - delay: Delayed 1 second(s)

2018-05-17 13:24:39 - [MESSAGE][PASSED] - Delayed 1 second(s)

2018-05-17 13:24:39 - [TEST_STEP][PASSED] - Statement - If (java.lang.Integer.valueOf(StockQty) >= java.lang.Integer.valueOf(RequestedQty)): null

2018-05-17 13:24:39 - [TEST_STEP][PASSED] - setText: Text '10' is set on object 'Object Repository/PharmacyRequest/Page_Store/input_txtqty'

2018-05-17 13:24:39 - [MESSAGE][PASSED] - Text '10' is set on object 'Object Repository/PharmacyRequest/Page_Store/input_txtqty'

2018-05-17 13:24:39 - [TEST_STEP][PASSED] - click: Object: 'Object Repository/PharmacyRequest/Page_Store/button_Add' is clicked on

2018-05-17 13:24:44 - [MESSAGE][PASSED] - Object: 'Object Repository/PharmacyRequest/Page_Store/button_Add' is clicked on

2018-05-17 13:24:44 - [TEST_STEP][PASSED] - Statement - Break: null

2018-05-17 13:24:44 - [TEST_STEP][PASSED] - selectOptionByIndex: All options with index in [6] are selected on object 'Object Repository/PharmacyRequest/Page_Store/select_--Select--Amlodepin -5'

2018-05-17 13:24:44 - [MESSAGE][PASSED] - All options with index in [6] are selected on object 'Object Repository/PharmacyRequest/Page_Store/select_--Select--Amlodepin -5'

2018-05-17 13:24:44 - [TEST_STEP][PASSED] - delay: Delayed 1 second(s)

2018-05-17 13:24:45 - [MESSAGE][PASSED] - Delayed 1 second(s)

2018-05-17 13:24:45 - [TEST_STEP][PASSED] - Statement - RequestedQty = com.kms.katalon.core.webui.keyword.WebUiBuiltInKeywords.getAttribute(com.kms.katalon.core.testobject.ObjectRepository.findTestObject(PharmacyRequest/Page_Store/input_txttotal), "value"): Attribute 'value' of object 'Object Repository/PharmacyRequest/Page_Store/input_txttotal' is: '10'

2018-05-17 13:24:45 - [MESSAGE][PASSED] - Attribute 'value' of object 'Object Repository/PharmacyRequest/Page_Store/input_txttotal' is: '10'

2018-05-17 13:24:45 - [TEST_STEP][PASSED] - Statement - out.println("Requested QTY : " + RequestedQty): null

2018-05-17 13:24:45 - [TEST_STEP][PASSED] - Statement - BatchNumber = com.kms.katalon.core.webui.keyword.WebUiBuiltInKeywords.getNumberOfTotalOption(com.kms.katalon.core.testobject.ObjectRepository.findTestObject(PharmacyRequest/Page_Store/select_--Select--BA50)): 3 options of object 'Object Repository/PharmacyRequest/Page_Store/select_--Select--BA50' counted

2018-05-17 13:24:45 - [MESSAGE][PASSED] - 3 options of object 'Object Repository/PharmacyRequest/Page_Store/select_--Select--BA50' counted

2018-05-17 13:24:45 - [TEST_STEP][PASSED] - Statement - For ([g = 1, g <= BatchNumber - 1, (g++)]): null

2018-05-17 13:24:45 - [TEST_STEP][PASSED] - selectOptionByIndex: All options with index in [1] are selected on object 'Object Repository/PharmacyRequest/Page_Store/select_--Select--BA50'

2018-05-17 13:24:46 - [MESSAGE][PASSED] - All options with index in [1] are selected on object 'Object Repository/PharmacyRequest/Page_Store/select_--Select--BA50'

2018-05-17 13:24:46 - [TEST_STEP][PASSED] - delay: Delayed 1 second(s)

2018-05-17 13:24:47 - [MESSAGE][PASSED] - Delayed 1 second(s)

2018-05-17 13:24:47 - [TEST_STEP][PASSED] - Statement - StockQty = com.kms.katalon.core.webui.keyword.WebUiBuiltInKeywords.getAttribute(com.kms.katalon.core.testobject.ObjectRepository.findTestObject(PharmacyRequest/Page_Store/input_txtprice), "value"): Attribute 'value' of object 'Object Repository/PharmacyRequest/Page_Store/input_txtprice' is: '950'

2018-05-17 13:24:47 - [MESSAGE][PASSED] - Attribute 'value' of object 'Object Repository/PharmacyRequest/Page_Store/input_txtprice' is: '950'

2018-05-17 13:24:47 - [TEST_STEP][PASSED] - Statement - out.println("Stock QTY : " + StockQty): null

2018-05-17 13:24:47 - [TEST_STEP][PASSED] - delay: Delayed 1 second(s)

2018-05-17 13:24:48 - [MESSAGE][PASSED] - Delayed 1 second(s)

2018-05-17 13:24:48 - [TEST_STEP][PASSED] - Statement - If (java.lang.Integer.valueOf(StockQty) >= java.lang.Integer.valueOf(RequestedQty)): null

2018-05-17 13:24:48 - [TEST_STEP][PASSED] - setText: Text '10' is set on object 'Object Repository/PharmacyRequest/Page_Store/input_txtqty'

2018-05-17 13:24:48 - [MESSAGE][PASSED] - Text '10' is set on object 'Object Repository/PharmacyRequest/Page_Store/input_txtqty'

2018-05-17 13:24:48 - [TEST_STEP][PASSED] - click: Object: 'Object Repository/PharmacyRequest/Page_Store/button_Add' is clicked on

2018-05-17 13:24:53 - [MESSAGE][PASSED] - Object: 'Object Repository/PharmacyRequest/Page_Store/button_Add' is clicked on

2018-05-17 13:24:53 - [TEST_STEP][PASSED] - Statement - Break: null

2018-05-17 13:24:53 - [TEST_STEP][PASSED] - selectOptionByIndex: All options with index in [7] are selected on object 'Object Repository/PharmacyRequest/Page_Store/select_--Select--Amlodepin -5'

2018-05-17 13:24:53 - [MESSAGE][PASSED] - All options with index in [7] are selected on object 'Object Repository/PharmacyRequest/Page_Store/select_--Select--Amlodepin -5'

2018-05-17 13:24:53 - [TEST_STEP][PASSED] - delay: Delayed 1 second(s)

2018-05-17 13:24:54 - [MESSAGE][PASSED] - Delayed 1 second(s)

2018-05-17 13:24:54 - [TEST_STEP][PASSED] - Statement - RequestedQty = com.kms.katalon.core.webui.keyword.WebUiBuiltInKeywords.getAttribute(com.kms.katalon.core.testobject.ObjectRepository.findTestObject(PharmacyRequest/Page_Store/input_txttotal), "value"): Attribute 'value' of object 'Object Repository/PharmacyRequest/Page_Store/input_txttotal' is: '10'

2018-05-17 13:24:54 - [MESSAGE][PASSED] - Attribute 'value' of object 'Object Repository/PharmacyRequest/Page_Store/input_txttotal' is: '10'

2018-05-17 13:24:54 - [TEST_STEP][PASSED] - Statement - out.println("Requested QTY : " + RequestedQty): null

2018-05-17 13:24:54 - [TEST_STEP][PASSED] - Statement - BatchNumber = com.kms.katalon.core.webui.keyword.WebUiBuiltInKeywords.getNumberOfTotalOption(com.kms.katalon.core.testobject.ObjectRepository.findTestObject(PharmacyRequest/Page_Store/select_--Select--BA50)): 3 options of object 'Object Repository/PharmacyRequest/Page_Store/select_--Select--BA50' counted

2018-05-17 13:24:54 - [MESSAGE][PASSED] - 3 options of object 'Object Repository/PharmacyRequest/Page_Store/select_--Select--BA50' counted

2018-05-17 13:24:54 - [TEST_STEP][PASSED] - Statement - For ([g = 1, g <= BatchNumber - 1, (g++)]): null

2018-05-17 13:24:54 - [TEST_STEP][PASSED] - selectOptionByIndex: All options with index in [1] are selected on object 'Object Repository/PharmacyRequest/Page_Store/select_--Select--BA50'

2018-05-17 13:24:54 - [MESSAGE][PASSED] - All options with index in [1] are selected on object 'Object Repository/PharmacyRequest/Page_Store/select_--Select--BA50'

2018-05-17 13:24:54 - [TEST_STEP][PASSED] - delay: Delayed 1 second(s)

2018-05-17 13:24:55 - [MESSAGE][PASSED] - Delayed 1 second(s)

2018-05-17 13:24:55 - [TEST_STEP][PASSED] - Statement - StockQty = com.kms.katalon.core.webui.keyword.WebUiBuiltInKeywords.getAttribute(com.kms.katalon.core.testobject.ObjectRepository.findTestObject(PharmacyRequest/Page_Store/input_txtprice), "value"): Attribute 'value' of object 'Object Repository/PharmacyRequest/Page_Store/input_txtprice' is: '950'

2018-05-17 13:24:55 - [MESSAGE][PASSED] - Attribute 'value' of object 'Object Repository/PharmacyRequest/Page_Store/input_txtprice' is: '950'

2018-05-17 13:24:55 - [TEST_STEP][PASSED] - Statement - out.println("Stock QTY : " + StockQty): null

2018-05-17 13:24:55 - [TEST_STEP][PASSED] - delay: Delayed 1 second(s)

2018-05-17 13:24:56 - [MESSAGE][PASSED] - Delayed 1 second(s)

2018-05-17 13:24:56 - [TEST_STEP][PASSED] - Statement - If (java.lang.Integer.valueOf(StockQty) >= java.lang.Integer.valueOf(RequestedQty)): null

2018-05-17 13:24:56 - [TEST_STEP][PASSED] - setText: Text '10' is set on object 'Object Repository/PharmacyRequest/Page_Store/input_txtqty'

2018-05-17 13:24:56 - [MESSAGE][PASSED] - Text '10' is set on object 'Object Repository/PharmacyRequest/Page_Store/input_txtqty'

2018-05-17 13:24:56 - [TEST_STEP][PASSED] - click: Object: 'Object Repository/PharmacyRequest/Page_Store/button_Add' is clicked on

2018-05-17 13:25:01 - [MESSAGE][PASSED] - Object: 'Object Repository/PharmacyRequest/Page_Store/button_Add' is clicked on

2018-05-17 13:25:01 - [TEST_STEP][PASSED] - Statement - Break: null

2018-05-17 13:25:01 - [TEST_STEP][PASSED] - selectOptionByIndex: All options with index in [8] are selected on object 'Object Repository/PharmacyRequest/Page_Store/select_--Select--Amlodepin -5'

2018-05-17 13:25:02 - [MESSAGE][PASSED] - All options with index in [8] are selected on object 'Object Repository/PharmacyRequest/Page_Store/select_--Select--Amlodepin -5'

2018-05-17 13:25:02 - [TEST_STEP][PASSED] - delay: Delayed 1 second(s)

2018-05-17 13:25:03 - [MESSAGE][PASSED] - Delayed 1 second(s)

2018-05-17 13:25:03 - [TEST_STEP][PASSED] - Statement - RequestedQty = com.kms.katalon.core.webui.keyword.WebUiBuiltInKeywords.getAttribute(com.kms.katalon.core.testobject.ObjectRepository.findTestObject(PharmacyRequest/Page_Store/input_txttotal), "value"): Attribute 'value' of object 'Object Repository/PharmacyRequest/Page_Store/input_txttotal' is: '10'

2018-05-17 13:25:03 - [MESSAGE][PASSED] - Attribute 'value' of object 'Object Repository/PharmacyRequest/Page_Store/input_txttotal' is: '10'

2018-05-17 13:25:03 - [TEST_STEP][PASSED] - Statement - out.println("Requested QTY : " + RequestedQty): null

2018-05-17 13:25:03 - [TEST_STEP][PASSED] - Statement - BatchNumber = com.kms.katalon.core.webui.keyword.WebUiBuiltInKeywords.getNumberOfTotalOption(com.kms.katalon.core.testobject.ObjectRepository.findTestObject(PharmacyRequest/Page_Store/select_--Select--BA50)): 2 options of object 'Object Repository/PharmacyRequest/Page_Store/select_--Select--BA50' counted

2018-05-17 13:25:03 - [MESSAGE][PASSED] - 2 options of object 'Object Repository/PharmacyRequest/Page_Store/select_--Select--BA50' counted

2018-05-17 13:25:03 - [TEST_STEP][PASSED] - Statement - For ([g = 1, g <= BatchNumber - 1, (g++)]): null

2018-05-17 13:25:03 - [TEST_STEP][PASSED] - selectOptionByIndex: All options with index in [1] are selected on object 'Object Repository/PharmacyRequest/Page_Store/select_--Select--BA50'

2018-05-17 13:25:03 - [MESSAGE][PASSED] - All options with index in [1] are selected on object 'Object Repository/PharmacyRequest/Page_Store/select_--Select--BA50'

2018-05-17 13:25:03 - [TEST_STEP][PASSED] - delay: Delayed 1 second(s)

2018-05-17 13:25:04 - [MESSAGE][PASSED] - Delayed 1 second(s)

2018-05-17 13:25:04 - [TEST_STEP][PASSED] - Statement - StockQty = com.kms.katalon.core.webui.keyword.WebUiBuiltInKeywords.getAttribute(com.kms.katalon.core.testobject.ObjectRepository.findTestObject(PharmacyRequest/Page_Store/input_txtprice), "value"): Attribute 'value' of object 'Object Repository/PharmacyRequest/Page_Store/input_txtprice' is: '1050'

2018-05-17 13:25:04 - [MESSAGE][PASSED] - Attribute 'value' of object 'Object Repository/PharmacyRequest/Page_Store/input_txtprice' is: '1050'

2018-05-17 13:25:04 - [TEST_STEP][PASSED] - Statement - out.println("Stock QTY : " + StockQty): null

2018-05-17 13:25:04 - [TEST_STEP][PASSED] - delay: Delayed 1 second(s)

2018-05-17 13:25:05 - [MESSAGE][PASSED] - Delayed 1 second(s)

2018-05-17 13:25:05 - [TEST_STEP][PASSED] - Statement - If (java.lang.Integer.valueOf(StockQty) >= java.lang.Integer.valueOf(RequestedQty)): null

2018-05-17 13:25:05 - [TEST_STEP][PASSED] - setText: Text '10' is set on object 'Object Repository/PharmacyRequest/Page_Store/input_txtqty'

2018-05-17 13:25:05 - [MESSAGE][PASSED] - Text '10' is set on object 'Object Repository/PharmacyRequest/Page_Store/input_txtqty'

2018-05-17 13:25:05 - [TEST_STEP][PASSED] - click: Object: 'Object Repository/PharmacyRequest/Page_Store/button_Add' is clicked on

2018-05-17 13:25:10 - [MESSAGE][PASSED] - Object: 'Object Repository/PharmacyRequest/Page_Store/button_Add' is clicked on

2018-05-17 13:25:10 - [TEST_STEP][PASSED] - Statement - Break: null

2018-05-17 13:25:10 - [TEST_STEP][PASSED] - selectOptionByIndex: All options with index in [9] are selected on object 'Object Repository/PharmacyRequest/Page_Store/select_--Select--Amlodepin -5'

2018-05-17 13:25:10 - [MESSAGE][PASSED] - All options with index in [9] are selected on object 'Object Repository/PharmacyRequest/Page_Store/select_--Select--Amlodepin -5'

2018-05-17 13:25:10 - [TEST_STEP][PASSED] - delay: Delayed 1 second(s)

2018-05-17 13:25:11 - [MESSAGE][PASSED] - Delayed 1 second(s)

2018-05-17 13:25:11 - [TEST_STEP][PASSED] - Statement - RequestedQty = com.kms.katalon.core.webui.keyword.WebUiBuiltInKeywords.getAttribute(com.kms.katalon.core.testobject.ObjectRepository.findTestObject(PharmacyRequest/Page_Store/input_txttotal), "value"): Attribute 'value' of object 'Object Repository/PharmacyRequest/Page_Store/input_txttotal' is: '10'

2018-05-17 13:25:11 - [MESSAGE][PASSED] - Attribute 'value' of object 'Object Repository/PharmacyRequest/Page_Store/input_txttotal' is: '10'

2018-05-17 13:25:11 - [TEST_STEP][PASSED] - Statement - out.println("Requested QTY : " + RequestedQty): null

2018-05-17 13:25:11 - [TEST_STEP][PASSED] - Statement - BatchNumber = com.kms.katalon.core.webui.keyword.WebUiBuiltInKeywords.getNumberOfTotalOption(com.kms.katalon.core.testobject.ObjectRepository.findTestObject(PharmacyRequest/Page_Store/select_--Select--BA50)): 3 options of object 'Object Repository/PharmacyRequest/Page_Store/select_--Select--BA50' counted

2018-05-17 13:25:11 - [MESSAGE][PASSED] - 3 options of object 'Object Repository/PharmacyRequest/Page_Store/select_--Select--BA50' counted

2018-05-17 13:25:11 - [TEST_STEP][PASSED] - Statement - For ([g = 1, g <= BatchNumber - 1, (g++)]): null

2018-05-17 13:25:11 - [TEST_STEP][PASSED] - selectOptionByIndex: All options with index in [1] are selected on object 'Object Repository/PharmacyRequest/Page_Store/select_--Select--BA50'

2018-05-17 13:25:11 - [MESSAGE][PASSED] - All options with index in [1] are selected on object 'Object Repository/PharmacyRequest/Page_Store/select_--Select--BA50'

2018-05-17 13:25:11 - [TEST_STEP][PASSED] - delay: Delayed 1 second(s)

2018-05-17 13:25:12 - [MESSAGE][PASSED] - Delayed 1 second(s)

2018-05-17 13:25:12 - [TEST_STEP][PASSED] - Statement - StockQty = com.kms.katalon.core.webui.keyword.WebUiBuiltInKeywords.getAttribute(com.kms.katalon.core.testobject.ObjectRepository.findTestObject(PharmacyRequest/Page_Store/input_txtprice), "value"): Attribute 'value' of object 'Object Repository/PharmacyRequest/Page_Store/input_txtprice' is: '950'

2018-05-17 13:25:12 - [MESSAGE][PASSED] - Attribute 'value' of object 'Object Repository/PharmacyRequest/Page_Store/input_txtprice' is: '950'

2018-05-17 13:25:12 - [TEST_STEP][PASSED] - Statement - out.println("Stock QTY : " + StockQty): null

2018-05-17 13:25:12 - [TEST_STEP][PASSED] - delay: Delayed 1 second(s)

2018-05-17 13:25:13 - [MESSAGE][PASSED] - Delayed 1 second(s)

2018-05-17 13:25:13 - [TEST_STEP][PASSED] - Statement - If (java.lang.Integer.valueOf(StockQty) >= java.lang.Integer.valueOf(RequestedQty)): null

2018-05-17 13:25:13 - [TEST_STEP][PASSED] - setText: Text '10' is set on object 'Object Repository/PharmacyRequest/Page_Store/input_txtqty'

2018-05-17 13:25:14 - [MESSAGE][PASSED] - Text '10' is set on object 'Object Repository/PharmacyRequest/Page_Store/input_txtqty'

2018-05-17 13:25:14 - [TEST_STEP][PASSED] - click: Object: 'Object Repository/PharmacyRequest/Page_Store/button_Add' is clicked on

2018-05-17 13:25:19 - [MESSAGE][PASSED] - Object: 'Object Repository/PharmacyRequest/Page_Store/button_Add' is clicked on

2018-05-17 13:25:19 - [TEST_STEP][PASSED] - Statement - Break: null

2018-05-17 13:25:19 - [TEST_STEP][PASSED] - selectOptionByIndex: All options with index in [10] are selected on object 'Object Repository/PharmacyRequest/Page_Store/select_--Select--Amlodepin -5'

2018-05-17 13:25:19 - [MESSAGE][PASSED] - All options with index in [10] are selected on object 'Object Repository/PharmacyRequest/Page_Store/select_--Select--Amlodepin -5'

2018-05-17 13:25:19 - [TEST_STEP][PASSED] - delay: Delayed 1 second(s)

2018-05-17 13:25:20 - [MESSAGE][PASSED] - Delayed 1 second(s)

2018-05-17 13:25:20 - [TEST_STEP][PASSED] - Statement - RequestedQty = com.kms.katalon.core.webui.keyword.WebUiBuiltInKeywords.getAttribute(com.kms.katalon.core.testobject.ObjectRepository.findTestObject(PharmacyRequest/Page_Store/input_txttotal), "value"): Attribute 'value' of object 'Object Repository/PharmacyRequest/Page_Store/input_txttotal' is: '10'

2018-05-17 13:25:20 - [MESSAGE][PASSED] - Attribute 'value' of object 'Object Repository/PharmacyRequest/Page_Store/input_txttotal' is: '10'

2018-05-17 13:25:20 - [TEST_STEP][PASSED] - Statement - out.println("Requested QTY : " + RequestedQty): null

2018-05-17 13:25:20 - [TEST_STEP][PASSED] - Statement - BatchNumber = com.kms.katalon.core.webui.keyword.WebUiBuiltInKeywords.getNumberOfTotalOption(com.kms.katalon.core.testobject.ObjectRepository.findTestObject(PharmacyRequest/Page_Store/select_--Select--BA50)): 2 options of object 'Object Repository/PharmacyRequest/Page_Store/select_--Select--BA50' counted

2018-05-17 13:25:20 - [MESSAGE][PASSED] - 2 options of object 'Object Repository/PharmacyRequest/Page_Store/select_--Select--BA50' counted

2018-05-17 13:25:20 - [TEST_STEP][PASSED] - Statement - For ([g = 1, g <= BatchNumber - 1, (g++)]): null

2018-05-17 13:25:20 - [TEST_STEP][PASSED] - selectOptionByIndex: All options with index in [1] are selected on object 'Object Repository/PharmacyRequest/Page_Store/select_--Select--BA50'

2018-05-17 13:25:20 - [MESSAGE][PASSED] - All options with index in [1] are selected on object 'Object Repository/PharmacyRequest/Page_Store/select_--Select--BA50'

2018-05-17 13:25:20 - [TEST_STEP][PASSED] - delay: Delayed 1 second(s)

2018-05-17 13:25:21 - [MESSAGE][PASSED] - Delayed 1 second(s)

2018-05-17 13:25:21 - [TEST_STEP][PASSED] - Statement - StockQty = com.kms.katalon.core.webui.keyword.WebUiBuiltInKeywords.getAttribute(com.kms.katalon.core.testobject.ObjectRepository.findTestObject(PharmacyRequest/Page_Store/input_txtprice), "value"): Attribute 'value' of object 'Object Repository/PharmacyRequest/Page_Store/input_txtprice' is: '1050'

2018-05-17 13:25:21 - [MESSAGE][PASSED] - Attribute 'value' of object 'Object Repository/PharmacyRequest/Page_Store/input_txtprice' is: '1050'

2018-05-17 13:25:21 - [TEST_STEP][PASSED] - Statement - out.println("Stock QTY : " + StockQty): null

2018-05-17 13:25:21 - [TEST_STEP][PASSED] - delay: Delayed 1 second(s)

2018-05-17 13:25:22 - [MESSAGE][PASSED] - Delayed 1 second(s)

2018-05-17 13:25:22 - [TEST_STEP][PASSED] - Statement - If (java.lang.Integer.valueOf(StockQty) >= java.lang.Integer.valueOf(RequestedQty)): null

2018-05-17 13:25:22 - [TEST_STEP][PASSED] - setText: Text '10' is set on object 'Object Repository/PharmacyRequest/Page_Store/input_txtqty'

2018-05-17 13:25:22 - [MESSAGE][PASSED] - Text '10' is set on object 'Object Repository/PharmacyRequest/Page_Store/input_txtqty'

2018-05-17 13:25:22 - [TEST_STEP][PASSED] - click: Object: 'Object Repository/PharmacyRequest/Page_Store/button_Add' is clicked on

2018-05-17 13:25:27 - [MESSAGE][PASSED] - Object: 'Object Repository/PharmacyRequest/Page_Store/button_Add' is clicked on

2018-05-17 13:25:27 - [TEST_STEP][PASSED] - Statement - Break: null

2018-05-17 13:25:27 - [TEST_STEP][PASSED] - selectOptionByIndex: All options with index in [11] are selected on object 'Object Repository/PharmacyRequest/Page_Store/select_--Select--Amlodepin -5'

2018-05-17 13:25:27 - [MESSAGE][PASSED] - All options with index in [11] are selected on object 'Object Repository/PharmacyRequest/Page_Store/select_--Select--Amlodepin -5'

2018-05-17 13:25:27 - [TEST_STEP][PASSED] - delay: Delayed 1 second(s)

2018-05-17 13:25:28 - [MESSAGE][PASSED] - Delayed 1 second(s)

2018-05-17 13:25:28 - [TEST_STEP][PASSED] - Statement - RequestedQty = com.kms.katalon.core.webui.keyword.WebUiBuiltInKeywords.getAttribute(com.kms.katalon.core.testobject.ObjectRepository.findTestObject(PharmacyRequest/Page_Store/input_txttotal), "value"): Attribute 'value' of object 'Object Repository/PharmacyRequest/Page_Store/input_txttotal' is: '10'

2018-05-17 13:25:29 - [MESSAGE][PASSED] - Attribute 'value' of object 'Object Repository/PharmacyRequest/Page_Store/input_txttotal' is: '10'

2018-05-17 13:25:29 - [TEST_STEP][PASSED] - Statement - out.println("Requested QTY : " + RequestedQty): null

2018-05-17 13:25:29 - [TEST_STEP][PASSED] - Statement - BatchNumber = com.kms.katalon.core.webui.keyword.WebUiBuiltInKeywords.getNumberOfTotalOption(com.kms.katalon.core.testobject.ObjectRepository.findTestObject(PharmacyRequest/Page_Store/select_--Select--BA50)): 2 options of object 'Object Repository/PharmacyRequest/Page_Store/select_--Select--BA50' counted

2018-05-17 13:25:29 - [MESSAGE][PASSED] - 2 options of object 'Object Repository/PharmacyRequest/Page_Store/select_--Select--BA50' counted

2018-05-17 13:25:29 - [TEST_STEP][PASSED] - Statement - For ([g = 1, g <= BatchNumber - 1, (g++)]): null

2018-05-17 13:25:29 - [TEST_STEP][PASSED] - selectOptionByIndex: All options with index in [1] are selected on object 'Object Repository/PharmacyRequest/Page_Store/select_--Select--BA50'

2018-05-17 13:25:29 - [MESSAGE][PASSED] - All options with index in [1] are selected on object 'Object Repository/PharmacyRequest/Page_Store/select_--Select--BA50'

2018-05-17 13:25:29 - [TEST_STEP][PASSED] - delay: Delayed 1 second(s)

2018-05-17 13:25:30 - [MESSAGE][PASSED] - Delayed 1 second(s)

2018-05-17 13:25:30 - [TEST_STEP][PASSED] - Statement - StockQty = com.kms.katalon.core.webui.keyword.WebUiBuiltInKeywords.getAttribute(com.kms.katalon.core.testobject.ObjectRepository.findTestObject(PharmacyRequest/Page_Store/input_txtprice), "value"): Attribute 'value' of object 'Object Repository/PharmacyRequest/Page_Store/input_txtprice' is: '1050'

2018-05-17 13:25:30 - [MESSAGE][PASSED] - Attribute 'value' of object 'Object Repository/PharmacyRequest/Page_Store/input_txtprice' is: '1050'

2018-05-17 13:25:30 - [TEST_STEP][PASSED] - Statement - out.println("Stock QTY : " + StockQty): null

2018-05-17 13:25:30 - [TEST_STEP][PASSED] - delay: Delayed 1 second(s)

2018-05-17 13:25:31 - [MESSAGE][PASSED] - Delayed 1 second(s)

2018-05-17 13:25:31 - [TEST_STEP][PASSED] - Statement - If (java.lang.Integer.valueOf(StockQty) >= java.lang.Integer.valueOf(RequestedQty)): null

2018-05-17 13:25:31 - [TEST_STEP][PASSED] - setText: Text '10' is set on object 'Object Repository/PharmacyRequest/Page_Store/input_txtqty'

2018-05-17 13:25:31 - [MESSAGE][PASSED] - Text '10' is set on object 'Object Repository/PharmacyRequest/Page_Store/input_txtqty'

2018-05-17 13:25:31 - [TEST_STEP][PASSED] - click: Object: 'Object Repository/PharmacyRequest/Page_Store/button_Add' is clicked on

2018-05-17 13:25:36 - [MESSAGE][PASSED] - Object: 'Object Repository/PharmacyRequest/Page_Store/button_Add' is clicked on

2018-05-17 13:25:36 - [TEST_STEP][PASSED] - Statement - Break: null

2018-05-17 13:25:36 - [TEST_STEP][PASSED] - selectOptionByIndex: All options with index in [12] are selected on object 'Object Repository/PharmacyRequest/Page_Store/select_--Select--Amlodepin -5'

2018-05-17 13:25:36 - [MESSAGE][PASSED] - All options with index in [12] are selected on object 'Object Repository/PharmacyRequest/Page_Store/select_--Select--Amlodepin -5'

2018-05-17 13:25:36 - [TEST_STEP][PASSED] - delay: Delayed 1 second(s)

2018-05-17 13:25:37 - [MESSAGE][PASSED] - Delayed 1 second(s)

2018-05-17 13:25:37 - [TEST_STEP][PASSED] - Statement - RequestedQty = com.kms.katalon.core.webui.keyword.WebUiBuiltInKeywords.getAttribute(com.kms.katalon.core.testobject.ObjectRepository.findTestObject(PharmacyRequest/Page_Store/input_txttotal), "value"): Attribute 'value' of object 'Object Repository/PharmacyRequest/Page_Store/input_txttotal' is: '10'

2018-05-17 13:25:37 - [MESSAGE][PASSED] - Attribute 'value' of object 'Object Repository/PharmacyRequest/Page_Store/input_txttotal' is: '10'

2018-05-17 13:25:37 - [TEST_STEP][PASSED] - Statement - out.println("Requested QTY : " + RequestedQty): null

2018-05-17 13:25:37 - [TEST_STEP][PASSED] - Statement - BatchNumber = com.kms.katalon.core.webui.keyword.WebUiBuiltInKeywords.getNumberOfTotalOption(com.kms.katalon.core.testobject.ObjectRepository.findTestObject(PharmacyRequest/Page_Store/select_--Select--BA50)): 2 options of object 'Object Repository/PharmacyRequest/Page_Store/select_--Select--BA50' counted

2018-05-17 13:25:37 - [MESSAGE][PASSED] - 2 options of object 'Object Repository/PharmacyRequest/Page_Store/select_--Select--BA50' counted

2018-05-17 13:25:37 - [TEST_STEP][PASSED] - Statement - For ([g = 1, g <= BatchNumber - 1, (g++)]): null

2018-05-17 13:25:37 - [TEST_STEP][PASSED] - selectOptionByIndex: All options with index in [1] are selected on object 'Object Repository/PharmacyRequest/Page_Store/select_--Select--BA50'

2018-05-17 13:25:37 - [MESSAGE][PASSED] - All options with index in [1] are selected on object 'Object Repository/PharmacyRequest/Page_Store/select_--Select--BA50'

2018-05-17 13:25:37 - [TEST_STEP][PASSED] - delay: Delayed 1 second(s)

2018-05-17 13:25:38 - [MESSAGE][PASSED] - Delayed 1 second(s)

2018-05-17 13:25:38 - [TEST_STEP][PASSED] - Statement - StockQty = com.kms.katalon.core.webui.keyword.WebUiBuiltInKeywords.getAttribute(com.kms.katalon.core.testobject.ObjectRepository.findTestObject(PharmacyRequest/Page_Store/input_txtprice), "value"): Attribute 'value' of object 'Object Repository/PharmacyRequest/Page_Store/input_txtprice' is: '1050'

2018-05-17 13:25:38 - [MESSAGE][PASSED] - Attribute 'value' of object 'Object Repository/PharmacyRequest/Page_Store/input_txtprice' is: '1050'

2018-05-17 13:25:38 - [TEST_STEP][PASSED] - Statement - out.println("Stock QTY : " + StockQty): null

2018-05-17 13:25:38 - [TEST_STEP][PASSED] - delay: Delayed 1 second(s)

2018-05-17 13:25:39 - [MESSAGE][PASSED] - Delayed 1 second(s)

2018-05-17 13:25:39 - [TEST_STEP][PASSED] - Statement - If (java.lang.Integer.valueOf(StockQty) >= java.lang.Integer.valueOf(RequestedQty)): null

2018-05-17 13:25:39 - [TEST_STEP][PASSED] - setText: Text '10' is set on object 'Object Repository/PharmacyRequest/Page_Store/input_txtqty'

2018-05-17 13:25:39 - [MESSAGE][PASSED] - Text '10' is set on object 'Object Repository/PharmacyRequest/Page_Store/input_txtqty'

2018-05-17 13:25:40 - [TEST_STEP][PASSED] - click: Object: 'Object Repository/PharmacyRequest/Page_Store/button_Add' is clicked on

2018-05-17 13:25:45 - [MESSAGE][PASSED] - Object: 'Object Repository/PharmacyRequest/Page_Store/button_Add' is clicked on

2018-05-17 13:25:45 - [TEST_STEP][PASSED] - Statement - Break: null

2018-05-17 13:25:45 - [TEST_STEP][PASSED] - selectOptionByIndex: All options with index in [13] are selected on object 'Object Repository/PharmacyRequest/Page_Store/select_--Select--Amlodepin -5'

2018-05-17 13:25:45 - [MESSAGE][PASSED] - All options with index in [13] are selected on object 'Object Repository/PharmacyRequest/Page_Store/select_--Select--Amlodepin -5'

2018-05-17 13:25:45 - [TEST_STEP][PASSED] - delay: Delayed 1 second(s)

2018-05-17 13:25:46 - [MESSAGE][PASSED] - Delayed 1 second(s)

2018-05-17 13:25:46 - [TEST_STEP][PASSED] - Statement - RequestedQty = com.kms.katalon.core.webui.keyword.WebUiBuiltInKeywords.getAttribute(com.kms.katalon.core.testobject.ObjectRepository.findTestObject(PharmacyRequest/Page_Store/input_txttotal), "value"): Attribute 'value' of object 'Object Repository/PharmacyRequest/Page_Store/input_txttotal' is: '10'

2018-05-17 13:25:46 - [MESSAGE][PASSED] - Attribute 'value' of object 'Object Repository/PharmacyRequest/Page_Store/input_txttotal' is: '10'

2018-05-17 13:25:46 - [TEST_STEP][PASSED] - Statement - out.println("Requested QTY : " + RequestedQty): null

2018-05-17 13:25:46 - [TEST_STEP][PASSED] - Statement - BatchNumber = com.kms.katalon.core.webui.keyword.WebUiBuiltInKeywords.getNumberOfTotalOption(com.kms.katalon.core.testobject.ObjectRepository.findTestObject(PharmacyRequest/Page_Store/select_--Select--BA50)): 2 options of object 'Object Repository/PharmacyRequest/Page_Store/select_--Select--BA50' counted

2018-05-17 13:25:46 - [MESSAGE][PASSED] - 2 options of object 'Object Repository/PharmacyRequest/Page_Store/select_--Select--BA50' counted

2018-05-17 13:25:46 - [TEST_STEP][PASSED] - Statement - For ([g = 1, g <= BatchNumber - 1, (g++)]): null

2018-05-17 13:25:46 - [TEST_STEP][PASSED] - selectOptionByIndex: All options with index in [1] are selected on object 'Object Repository/PharmacyRequest/Page_Store/select_--Select--BA50'

2018-05-17 13:25:46 - [MESSAGE][PASSED] - All options with index in [1] are selected on object 'Object Repository/PharmacyRequest/Page_Store/select_--Select--BA50'

2018-05-17 13:25:46 - [TEST_STEP][PASSED] - delay: Delayed 1 second(s)

2018-05-17 13:25:47 - [MESSAGE][PASSED] - Delayed 1 second(s)

2018-05-17 13:25:47 - [TEST_STEP][PASSED] - Statement - StockQty = com.kms.katalon.core.webui.keyword.WebUiBuiltInKeywords.getAttribute(com.kms.katalon.core.testobject.ObjectRepository.findTestObject(PharmacyRequest/Page_Store/input_txtprice), "value"): Attribute 'value' of object 'Object Repository/PharmacyRequest/Page_Store/input_txtprice' is: '1050'

2018-05-17 13:25:47 - [MESSAGE][PASSED] - Attribute 'value' of object 'Object Repository/PharmacyRequest/Page_Store/input_txtprice' is: '1050'

2018-05-17 13:25:47 - [TEST_STEP][PASSED] - Statement - out.println("Stock QTY : " + StockQty): null

2018-05-17 13:25:47 - [TEST_STEP][PASSED] - delay: Delayed 1 second(s)

2018-05-17 13:25:48 - [MESSAGE][PASSED] - Delayed 1 second(s)

2018-05-17 13:25:48 - [TEST_STEP][PASSED] - Statement - If (java.lang.Integer.valueOf(StockQty) >= java.lang.Integer.valueOf(RequestedQty)): null

2018-05-17 13:25:48 - [TEST_STEP][PASSED] - setText: Text '10' is set on object 'Object Repository/PharmacyRequest/Page_Store/input_txtqty'

2018-05-17 13:25:48 - [MESSAGE][PASSED] - Text '10' is set on object 'Object Repository/PharmacyRequest/Page_Store/input_txtqty'

2018-05-17 13:25:48 - [TEST_STEP][PASSED] - click: Object: 'Object Repository/PharmacyRequest/Page_Store/button_Add' is clicked on

2018-05-17 13:25:53 - [MESSAGE][PASSED] - Object: 'Object Repository/PharmacyRequest/Page_Store/button_Add' is clicked on

2018-05-17 13:25:53 - [TEST_STEP][PASSED] - Statement - Break: null

2018-05-17 13:25:53 - [TEST_STEP][PASSED] - selectOptionByIndex: All options with index in [14] are selected on object 'Object Repository/PharmacyRequest/Page_Store/select_--Select--Amlodepin -5'

2018-05-17 13:25:53 - [MESSAGE][PASSED] - All options with index in [14] are selected on object 'Object Repository/PharmacyRequest/Page_Store/select_--Select--Amlodepin -5'

2018-05-17 13:25:53 - [TEST_STEP][PASSED] - delay: Delayed 1 second(s)

2018-05-17 13:25:54 - [MESSAGE][PASSED] - Delayed 1 second(s)

2018-05-17 13:25:54 - [TEST_STEP][PASSED] - Statement - RequestedQty = com.kms.katalon.core.webui.keyword.WebUiBuiltInKeywords.getAttribute(com.kms.katalon.core.testobject.ObjectRepository.findTestObject(PharmacyRequest/Page_Store/input_txttotal), "value"): Attribute 'value' of object 'Object Repository/PharmacyRequest/Page_Store/input_txttotal' is: '10'

2018-05-17 13:25:54 - [MESSAGE][PASSED] - Attribute 'value' of object 'Object Repository/PharmacyRequest/Page_Store/input_txttotal' is: '10'

2018-05-17 13:25:54 - [TEST_STEP][PASSED] - Statement - out.println("Requested QTY : " + RequestedQty): null

2018-05-17 13:25:54 - [TEST_STEP][PASSED] - Statement - BatchNumber = com.kms.katalon.core.webui.keyword.WebUiBuiltInKeywords.getNumberOfTotalOption(com.kms.katalon.core.testobject.ObjectRepository.findTestObject(PharmacyRequest/Page_Store/select_--Select--BA50)): 3 options of object 'Object Repository/PharmacyRequest/Page_Store/select_--Select--BA50' counted

2018-05-17 13:25:55 - [MESSAGE][PASSED] - 3 options of object 'Object Repository/PharmacyRequest/Page_Store/select_--Select--BA50' counted

2018-05-17 13:25:55 - [TEST_STEP][PASSED] - Statement - For ([g = 1, g <= BatchNumber - 1, (g++)]): null

2018-05-17 13:25:55 - [TEST_STEP][PASSED] - selectOptionByIndex: All options with index in [1] are selected on object 'Object Repository/PharmacyRequest/Page_Store/select_--Select--BA50'

2018-05-17 13:25:55 - [MESSAGE][PASSED] - All options with index in [1] are selected on object 'Object Repository/PharmacyRequest/Page_Store/select_--Select--BA50'

2018-05-17 13:25:55 - [TEST_STEP][PASSED] - delay: Delayed 1 second(s)

2018-05-17 13:25:56 - [MESSAGE][PASSED] - Delayed 1 second(s)

2018-05-17 13:25:56 - [TEST_STEP][PASSED] - Statement - StockQty = com.kms.katalon.core.webui.keyword.WebUiBuiltInKeywords.getAttribute(com.kms.katalon.core.testobject.ObjectRepository.findTestObject(PharmacyRequest/Page_Store/input_txtprice), "value"): Attribute 'value' of object 'Object Repository/PharmacyRequest/Page_Store/input_txtprice' is: '950'

2018-05-17 13:25:56 - [MESSAGE][PASSED] - Attribute 'value' of object 'Object Repository/PharmacyRequest/Page_Store/input_txtprice' is: '950'

2018-05-17 13:25:56 - [TEST_STEP][PASSED] - Statement - out.println("Stock QTY : " + StockQty): null

2018-05-17 13:25:56 - [TEST_STEP][PASSED] - delay: Delayed 1 second(s)

2018-05-17 13:25:57 - [MESSAGE][PASSED] - Delayed 1 second(s)

2018-05-17 13:25:57 - [TEST_STEP][PASSED] - Statement - If (java.lang.Integer.valueOf(StockQty) >= java.lang.Integer.valueOf(RequestedQty)): null

2018-05-17 13:25:57 - [TEST_STEP][PASSED] - setText: Text '10' is set on object 'Object Repository/PharmacyRequest/Page_Store/input_txtqty'

2018-05-17 13:25:57 - [MESSAGE][PASSED] - Text '10' is set on object 'Object Repository/PharmacyRequest/Page_Store/input_txtqty'

2018-05-17 13:25:57 - [TEST_STEP][PASSED] - click: Object: 'Object Repository/PharmacyRequest/Page_Store/button_Add' is clicked on

2018-05-17 13:26:02 - [MESSAGE][PASSED] - Object: 'Object Repository/PharmacyRequest/Page_Store/button_Add' is clicked on

2018-05-17 13:26:02 - [TEST_STEP][PASSED] - Statement - Break: null

2018-05-17 13:26:02 - [TEST_STEP][PASSED] - selectOptionByIndex: All options with index in [15] are selected on object 'Object Repository/PharmacyRequest/Page_Store/select_--Select--Amlodepin -5'

2018-05-17 13:26:02 - [MESSAGE][PASSED] - All options with index in [15] are selected on object 'Object Repository/PharmacyRequest/Page_Store/select_--Select--Amlodepin -5'

2018-05-17 13:26:02 - [TEST_STEP][PASSED] - delay: Delayed 1 second(s)

2018-05-17 13:26:03 - [MESSAGE][PASSED] - Delayed 1 second(s)

2018-05-17 13:26:03 - [TEST_STEP][PASSED] - Statement - RequestedQty = com.kms.katalon.core.webui.keyword.WebUiBuiltInKeywords.getAttribute(com.kms.katalon.core.testobject.ObjectRepository.findTestObject(PharmacyRequest/Page_Store/input_txttotal), "value"): Attribute 'value' of object 'Object Repository/PharmacyRequest/Page_Store/input_txttotal' is: '10'

2018-05-17 13:26:03 - [MESSAGE][PASSED] - Attribute 'value' of object 'Object Repository/PharmacyRequest/Page_Store/input_txttotal' is: '10'

2018-05-17 13:26:03 - [TEST_STEP][PASSED] - Statement - out.println("Requested QTY : " + RequestedQty): null

2018-05-17 13:26:03 - [TEST_STEP][PASSED] - Statement - BatchNumber = com.kms.katalon.core.webui.keyword.WebUiBuiltInKeywords.getNumberOfTotalOption(com.kms.katalon.core.testobject.ObjectRepository.findTestObject(PharmacyRequest/Page_Store/select_--Select--BA50)): 3 options of object 'Object Repository/PharmacyRequest/Page_Store/select_--Select--BA50' counted

2018-05-17 13:26:03 - [MESSAGE][PASSED] - 3 options of object 'Object Repository/PharmacyRequest/Page_Store/select_--Select--BA50' counted

2018-05-17 13:26:03 - [TEST_STEP][PASSED] - Statement - For ([g = 1, g <= BatchNumber - 1, (g++)]): null

2018-05-17 13:26:03 - [TEST_STEP][PASSED] - selectOptionByIndex: All options with index in [1] are selected on object 'Object Repository/PharmacyRequest/Page_Store/select_--Select--BA50'

2018-05-17 13:26:03 - [MESSAGE][PASSED] - All options with index in [1] are selected on object 'Object Repository/PharmacyRequest/Page_Store/select_--Select--BA50'

2018-05-17 13:26:03 - [TEST_STEP][PASSED] - delay: Delayed 1 second(s)

2018-05-17 13:26:04 - [MESSAGE][PASSED] - Delayed 1 second(s)

2018-05-17 13:26:04 - [TEST_STEP][PASSED] - Statement - StockQty = com.kms.katalon.core.webui.keyword.WebUiBuiltInKeywords.getAttribute(com.kms.katalon.core.testobject.ObjectRepository.findTestObject(PharmacyRequest/Page_Store/input_txtprice), "value"): Attribute 'value' of object 'Object Repository/PharmacyRequest/Page_Store/input_txtprice' is: '950'

2018-05-17 13:26:04 - [MESSAGE][PASSED] - Attribute 'value' of object 'Object Repository/PharmacyRequest/Page_Store/input_txtprice' is: '950'

2018-05-17 13:26:04 - [TEST_STEP][PASSED] - Statement - out.println("Stock QTY : " + StockQty): null

2018-05-17 13:26:04 - [TEST_STEP][PASSED] - delay: Delayed 1 second(s)

2018-05-17 13:26:05 - [MESSAGE][PASSED] - Delayed 1 second(s)

2018-05-17 13:26:05 - [TEST_STEP][PASSED] - Statement - If (java.lang.Integer.valueOf(StockQty) >= java.lang.Integer.valueOf(RequestedQty)): null

2018-05-17 13:26:05 - [TEST_STEP][PASSED] - setText: Text '10' is set on object 'Object Repository/PharmacyRequest/Page_Store/input_txtqty'

2018-05-17 13:26:05 - [MESSAGE][PASSED] - Text '10' is set on object 'Object Repository/PharmacyRequest/Page_Store/input_txtqty'

2018-05-17 13:26:05 - [TEST_STEP][PASSED] - click: Object: 'Object Repository/PharmacyRequest/Page_Store/button_Add' is clicked on

2018-05-17 13:26:11 - [MESSAGE][PASSED] - Object: 'Object Repository/PharmacyRequest/Page_Store/button_Add' is clicked on

2018-05-17 13:26:11 - [TEST_STEP][PASSED] - Statement - Break: null

2018-05-17 13:26:11 - [TEST_STEP][PASSED] - selectOptionByIndex: All options with index in [16] are selected on object 'Object Repository/PharmacyRequest/Page_Store/select_--Select--Amlodepin -5'

2018-05-17 13:26:11 - [MESSAGE][PASSED] - All options with index in [16] are selected on object 'Object Repository/PharmacyRequest/Page_Store/select_--Select--Amlodepin -5'

2018-05-17 13:26:11 - [TEST_STEP][PASSED] - delay: Delayed 1 second(s)

2018-05-17 13:26:12 - [MESSAGE][PASSED] - Delayed 1 second(s)

2018-05-17 13:26:12 - [TEST_STEP][PASSED] - Statement - RequestedQty = com.kms.katalon.core.webui.keyword.WebUiBuiltInKeywords.getAttribute(com.kms.katalon.core.testobject.ObjectRepository.findTestObject(PharmacyRequest/Page_Store/input_txttotal), "value"): Attribute 'value' of object 'Object Repository/PharmacyRequest/Page_Store/input_txttotal' is: '10'

2018-05-17 13:26:12 - [MESSAGE][PASSED] - Attribute 'value' of object 'Object Repository/PharmacyRequest/Page_Store/input_txttotal' is: '10'

2018-05-17 13:26:12 - [TEST_STEP][PASSED] - Statement - out.println("Requested QTY : " + RequestedQty): null

2018-05-17 13:26:12 - [TEST_STEP][PASSED] - Statement - BatchNumber = com.kms.katalon.core.webui.keyword.WebUiBuiltInKeywords.getNumberOfTotalOption(com.kms.katalon.core.testobject.ObjectRepository.findTestObject(PharmacyRequest/Page_Store/select_--Select--BA50)): 2 options of object 'Object Repository/PharmacyRequest/Page_Store/select_--Select--BA50' counted

2018-05-17 13:26:12 - [MESSAGE][PASSED] - 2 options of object 'Object Repository/PharmacyRequest/Page_Store/select_--Select--BA50' counted

2018-05-17 13:26:12 - [TEST_STEP][PASSED] - Statement - For ([g = 1, g <= BatchNumber - 1, (g++)]): null

2018-05-17 13:26:12 - [TEST_STEP][PASSED] - selectOptionByIndex: All options with index in [1] are selected on object 'Object Repository/PharmacyRequest/Page_Store/select_--Select--BA50'

2018-05-17 13:26:12 - [MESSAGE][PASSED] - All options with index in [1] are selected on object 'Object Repository/PharmacyRequest/Page_Store/select_--Select--BA50'

2018-05-17 13:26:12 - [TEST_STEP][PASSED] - delay: Delayed 1 second(s)

2018-05-17 13:26:13 - [MESSAGE][PASSED] - Delayed 1 second(s)

2018-05-17 13:26:13 - [TEST_STEP][PASSED] - Statement - StockQty = com.kms.katalon.core.webui.keyword.WebUiBuiltInKeywords.getAttribute(com.kms.katalon.core.testobject.ObjectRepository.findTestObject(PharmacyRequest/Page_Store/input_txtprice), "value"): Attribute 'value' of object 'Object Repository/PharmacyRequest/Page_Store/input_txtprice' is: '1050'

2018-05-17 13:26:13 - [MESSAGE][PASSED] - Attribute 'value' of object 'Object Repository/PharmacyRequest/Page_Store/input_txtprice' is: '1050'

2018-05-17 13:26:13 - [TEST_STEP][PASSED] - Statement - out.println("Stock QTY : " + StockQty): null

2018-05-17 13:26:13 - [TEST_STEP][PASSED] - delay: Delayed 1 second(s)

2018-05-17 13:26:14 - [MESSAGE][PASSED] - Delayed 1 second(s)

2018-05-17 13:26:14 - [TEST_STEP][PASSED] - Statement - If (java.lang.Integer.valueOf(StockQty) >= java.lang.Integer.valueOf(RequestedQty)): null

2018-05-17 13:26:14 - [TEST_STEP][PASSED] - setText: Text '10' is set on object 'Object Repository/PharmacyRequest/Page_Store/input_txtqty'

2018-05-17 13:26:14 - [MESSAGE][PASSED] - Text '10' is set on object 'Object Repository/PharmacyRequest/Page_Store/input_txtqty'

2018-05-17 13:26:14 - [TEST_STEP][PASSED] - click: Object: 'Object Repository/PharmacyRequest/Page_Store/button_Add' is clicked on

2018-05-17 13:26:19 - [MESSAGE][PASSED] - Object: 'Object Repository/PharmacyRequest/Page_Store/button_Add' is clicked on

2018-05-17 13:26:19 - [TEST_STEP][PASSED] - Statement - Break: null

2018-05-17 13:26:19 - [TEST_STEP][PASSED] - selectOptionByIndex: All options with index in [17] are selected on object 'Object Repository/PharmacyRequest/Page_Store/select_--Select--Amlodepin -5'

2018-05-17 13:26:19 - [MESSAGE][PASSED] - All options with index in [17] are selected on object 'Object Repository/PharmacyRequest/Page_Store/select_--Select--Amlodepin -5'

2018-05-17 13:26:19 - [TEST_STEP][PASSED] - delay: Delayed 1 second(s)

2018-05-17 13:26:20 - [MESSAGE][PASSED] - Delayed 1 second(s)

2018-05-17 13:26:20 - [TEST_STEP][PASSED] - Statement - RequestedQty = com.kms.katalon.core.webui.keyword.WebUiBuiltInKeywords.getAttribute(com.kms.katalon.core.testobject.ObjectRepository.findTestObject(PharmacyRequest/Page_Store/input_txttotal), "value"): Attribute 'value' of object 'Object Repository/PharmacyRequest/Page_Store/input_txttotal' is: '10'

2018-05-17 13:26:20 - [MESSAGE][PASSED] - Attribute 'value' of object 'Object Repository/PharmacyRequest/Page_Store/input_txttotal' is: '10'

2018-05-17 13:26:20 - [TEST_STEP][PASSED] - Statement - out.println("Requested QTY : " + RequestedQty): null

2018-05-17 13:26:20 - [TEST_STEP][PASSED] - Statement - BatchNumber = com.kms.katalon.core.webui.keyword.WebUiBuiltInKeywords.getNumberOfTotalOption(com.kms.katalon.core.testobject.ObjectRepository.findTestObject(PharmacyRequest/Page_Store/select_--Select--BA50)): 2 options of object 'Object Repository/PharmacyRequest/Page_Store/select_--Select--BA50' counted

2018-05-17 13:26:21 - [MESSAGE][PASSED] - 2 options of object 'Object Repository/PharmacyRequest/Page_Store/select_--Select--BA50' counted

2018-05-17 13:26:21 - [TEST_STEP][PASSED] - Statement - For ([g = 1, g <= BatchNumber - 1, (g++)]): null

2018-05-17 13:26:21 - [TEST_STEP][PASSED] - selectOptionByIndex: All options with index in [1] are selected on object 'Object Repository/PharmacyRequest/Page_Store/select_--Select--BA50'

2018-05-17 13:26:21 - [MESSAGE][PASSED] - All options with index in [1] are selected on object 'Object Repository/PharmacyRequest/Page_Store/select_--Select--BA50'

2018-05-17 13:26:21 - [TEST_STEP][PASSED] - delay: Delayed 1 second(s)

2018-05-17 13:26:22 - [MESSAGE][PASSED] - Delayed 1 second(s)

2018-05-17 13:26:22 - [TEST_STEP][PASSED] - Statement - StockQty = com.kms.katalon.core.webui.keyword.WebUiBuiltInKeywords.getAttribute(com.kms.katalon.core.testobject.ObjectRepository.findTestObject(PharmacyRequest/Page_Store/input_txtprice), "value"): Attribute 'value' of object 'Object Repository/PharmacyRequest/Page_Store/input_txtprice' is: '1050'

2018-05-17 13:26:22 - [MESSAGE][PASSED] - Attribute 'value' of object 'Object Repository/PharmacyRequest/Page_Store/input_txtprice' is: '1050'

2018-05-17 13:26:22 - [TEST_STEP][PASSED] - Statement - out.println("Stock QTY : " + StockQty): null

2018-05-17 13:26:22 - [TEST_STEP][PASSED] - delay: Delayed 1 second(s)

2018-05-17 13:26:23 - [MESSAGE][PASSED] - Delayed 1 second(s)

2018-05-17 13:26:23 - [TEST_STEP][PASSED] - Statement - If (java.lang.Integer.valueOf(StockQty) >= java.lang.Integer.valueOf(RequestedQty)): null

2018-05-17 13:26:23 - [TEST_STEP][PASSED] - setText: Text '10' is set on object 'Object Repository/PharmacyRequest/Page_Store/input_txtqty'

2018-05-17 13:26:23 - [MESSAGE][PASSED] - Text '10' is set on object 'Object Repository/PharmacyRequest/Page_Store/input_txtqty'

2018-05-17 13:26:23 - [TEST_STEP][PASSED] - click: Object: 'Object Repository/PharmacyRequest/Page_Store/button_Add' is clicked on

2018-05-17 13:26:28 - [MESSAGE][PASSED] - Object: 'Object Repository/PharmacyRequest/Page_Store/button_Add' is clicked on

2018-05-17 13:26:28 - [TEST_STEP][PASSED] - Statement - Break: null

2018-05-17 13:26:28 - [TEST_STEP][PASSED] - selectOptionByIndex: All options with index in [18] are selected on object 'Object Repository/PharmacyRequest/Page_Store/select_--Select--Amlodepin -5'

2018-05-17 13:26:28 - [MESSAGE][PASSED] - All options with index in [18] are selected on object 'Object Repository/PharmacyRequest/Page_Store/select_--Select--Amlodepin -5'

2018-05-17 13:26:28 - [TEST_STEP][PASSED] - delay: Delayed 1 second(s)

2018-05-17 13:26:29 - [MESSAGE][PASSED] - Delayed 1 second(s)

2018-05-17 13:26:29 - [TEST_STEP][PASSED] - Statement - RequestedQty = com.kms.katalon.core.webui.keyword.WebUiBuiltInKeywords.getAttribute(com.kms.katalon.core.testobject.ObjectRepository.findTestObject(PharmacyRequest/Page_Store/input_txttotal), "value"): Attribute 'value' of object 'Object Repository/PharmacyRequest/Page_Store/input_txttotal' is: '10'

2018-05-17 13:26:29 - [MESSAGE][PASSED] - Attribute 'value' of object 'Object Repository/PharmacyRequest/Page_Store/input_txttotal' is: '10'

2018-05-17 13:26:29 - [TEST_STEP][PASSED] - Statement - out.println("Requested QTY : " + RequestedQty): null

2018-05-17 13:26:29 - [TEST_STEP][PASSED] - Statement - BatchNumber = com.kms.katalon.core.webui.keyword.WebUiBuiltInKeywords.getNumberOfTotalOption(com.kms.katalon.core.testobject.ObjectRepository.findTestObject(PharmacyRequest/Page_Store/select_--Select--BA50)): 2 options of object 'Object Repository/PharmacyRequest/Page_Store/select_--Select--BA50' counted

2018-05-17 13:26:29 - [MESSAGE][PASSED] - 2 options of object 'Object Repository/PharmacyRequest/Page_Store/select_--Select--BA50' counted

2018-05-17 13:26:29 - [TEST_STEP][PASSED] - Statement - For ([g = 1, g <= BatchNumber - 1, (g++)]): null

2018-05-17 13:26:29 - [TEST_STEP][PASSED] - selectOptionByIndex: All options with index in [1] are selected on object 'Object Repository/PharmacyRequest/Page_Store/select_--Select--BA50'

2018-05-17 13:26:29 - [MESSAGE][PASSED] - All options with index in [1] are selected on object 'Object Repository/PharmacyRequest/Page_Store/select_--Select--BA50'

2018-05-17 13:26:29 - [TEST_STEP][PASSED] - delay: Delayed 1 second(s)

2018-05-17 13:26:30 - [MESSAGE][PASSED] - Delayed 1 second(s)

2018-05-17 13:26:30 - [TEST_STEP][PASSED] - Statement - StockQty = com.kms.katalon.core.webui.keyword.WebUiBuiltInKeywords.getAttribute(com.kms.katalon.core.testobject.ObjectRepository.findTestObject(PharmacyRequest/Page_Store/input_txtprice), "value"): Attribute 'value' of object 'Object Repository/PharmacyRequest/Page_Store/input_txtprice' is: '1050'

2018-05-17 13:26:30 - [MESSAGE][PASSED] - Attribute 'value' of object 'Object Repository/PharmacyRequest/Page_Store/input_txtprice' is: '1050'

2018-05-17 13:26:30 - [TEST_STEP][PASSED] - Statement - out.println("Stock QTY : " + StockQty): null

2018-05-17 13:26:30 - [TEST_STEP][PASSED] - delay: Delayed 1 second(s)

2018-05-17 13:26:31 - [MESSAGE][PASSED] - Delayed 1 second(s)

2018-05-17 13:26:31 - [TEST_STEP][PASSED] - Statement - If (java.lang.Integer.valueOf(StockQty) >= java.lang.Integer.valueOf(RequestedQty)): null

2018-05-17 13:26:31 - [TEST_STEP][PASSED] - setText: Text '10' is set on object 'Object Repository/PharmacyRequest/Page_Store/input_txtqty'

2018-05-17 13:26:32 - [MESSAGE][PASSED] - Text '10' is set on object 'Object Repository/PharmacyRequest/Page_Store/input_txtqty'

2018-05-17 13:26:32 - [TEST_STEP][PASSED] - click: Object: 'Object Repository/PharmacyRequest/Page_Store/button_Add' is clicked on

2018-05-17 13:26:37 - [MESSAGE][PASSED] - Object: 'Object Repository/PharmacyRequest/Page_Store/button_Add' is clicked on

2018-05-17 13:26:37 - [TEST_STEP][PASSED] - Statement - Break: null

2018-05-17 13:26:37 - [TEST_STEP][PASSED] - selectOptionByIndex: All options with index in [19] are selected on object 'Object Repository/PharmacyRequest/Page_Store/select_--Select--Amlodepin -5'

2018-05-17 13:26:37 - [MESSAGE][PASSED] - All options with index in [19] are selected on object 'Object Repository/PharmacyRequest/Page_Store/select_--Select--Amlodepin -5'

2018-05-17 13:26:37 - [TEST_STEP][PASSED] - delay: Delayed 1 second(s)

2018-05-17 13:26:38 - [MESSAGE][PASSED] - Delayed 1 second(s)

2018-05-17 13:26:38 - [TEST_STEP][PASSED] - Statement - RequestedQty = com.kms.katalon.core.webui.keyword.WebUiBuiltInKeywords.getAttribute(com.kms.katalon.core.testobject.ObjectRepository.findTestObject(PharmacyRequest/Page_Store/input_txttotal), "value"): Attribute 'value' of object 'Object Repository/PharmacyRequest/Page_Store/input_txttotal' is: '10'

2018-05-17 13:26:38 - [MESSAGE][PASSED] - Attribute 'value' of object 'Object Repository/PharmacyRequest/Page_Store/input_txttotal' is: '10'

2018-05-17 13:26:38 - [TEST_STEP][PASSED] - Statement - out.println("Requested QTY : " + RequestedQty): null

2018-05-17 13:26:38 - [TEST_STEP][PASSED] - Statement - BatchNumber = com.kms.katalon.core.webui.keyword.WebUiBuiltInKeywords.getNumberOfTotalOption(com.kms.katalon.core.testobject.ObjectRepository.findTestObject(PharmacyRequest/Page_Store/select_--Select--BA50)): 2 options of object 'Object Repository/PharmacyRequest/Page_Store/select_--Select--BA50' counted

2018-05-17 13:26:38 - [MESSAGE][PASSED] - 2 options of object 'Object Repository/PharmacyRequest/Page_Store/select_--Select--BA50' counted

2018-05-17 13:26:38 - [TEST_STEP][PASSED] - Statement - For ([g = 1, g <= BatchNumber - 1, (g++)]): null

2018-05-17 13:26:38 - [TEST_STEP][PASSED] - selectOptionByIndex: All options with index in [1] are selected on object 'Object Repository/PharmacyRequest/Page_Store/select_--Select--BA50'

2018-05-17 13:26:38 - [MESSAGE][PASSED] - All options with index in [1] are selected on object 'Object Repository/PharmacyRequest/Page_Store/select_--Select--BA50'

2018-05-17 13:26:38 - [TEST_STEP][PASSED] - delay: Delayed 1 second(s)

2018-05-17 13:26:39 - [MESSAGE][PASSED] - Delayed 1 second(s)

2018-05-17 13:26:39 - [TEST_STEP][PASSED] - Statement - StockQty = com.kms.katalon.core.webui.keyword.WebUiBuiltInKeywords.getAttribute(com.kms.katalon.core.testobject.ObjectRepository.findTestObject(PharmacyRequest/Page_Store/input_txtprice), "value"): Attribute 'value' of object 'Object Repository/PharmacyRequest/Page_Store/input_txtprice' is: '1050'

2018-05-17 13:26:39 - [MESSAGE][PASSED] - Attribute 'value' of object 'Object Repository/PharmacyRequest/Page_Store/input_txtprice' is: '1050'

2018-05-17 13:26:39 - [TEST_STEP][PASSED] - Statement - out.println("Stock QTY : " + StockQty): null

2018-05-17 13:26:39 - [TEST_STEP][PASSED] - delay: Delayed 1 second(s)

2018-05-17 13:26:40 - [MESSAGE][PASSED] - Delayed 1 second(s)

2018-05-17 13:26:40 - [TEST_STEP][PASSED] - Statement - If (java.lang.Integer.valueOf(StockQty) >= java.lang.Integer.valueOf(RequestedQty)): null

2018-05-17 13:26:40 - [TEST_STEP][PASSED] - setText: Text '10' is set on object 'Object Repository/PharmacyRequest/Page_Store/input_txtqty'

2018-05-17 13:26:40 - [MESSAGE][PASSED] - Text '10' is set on object 'Object Repository/PharmacyRequest/Page_Store/input_txtqty'

2018-05-17 13:26:40 - [TEST_STEP][PASSED] - click: Object: 'Object Repository/PharmacyRequest/Page_Store/button_Add' is clicked on

2018-05-17 13:26:45 - [MESSAGE][PASSED] - Object: 'Object Repository/PharmacyRequest/Page_Store/button_Add' is clicked on

2018-05-17 13:26:45 - [TEST_STEP][PASSED] - Statement - Break: null

2018-05-17 13:26:45 - [TEST_STEP][PASSED] - selectOptionByIndex: All options with index in [20] are selected on object 'Object Repository/PharmacyRequest/Page_Store/select_--Select--Amlodepin -5'

2018-05-17 13:26:46 - [MESSAGE][PASSED] - All options with index in [20] are selected on object 'Object Repository/PharmacyRequest/Page_Store/select_--Select--Amlodepin -5'

2018-05-17 13:26:46 - [TEST_STEP][PASSED] - delay: Delayed 1 second(s)

2018-05-17 13:26:47 - [MESSAGE][PASSED] - Delayed 1 second(s)

2018-05-17 13:26:47 - [TEST_STEP][PASSED] - Statement - RequestedQty = com.kms.katalon.core.webui.keyword.WebUiBuiltInKeywords.getAttribute(com.kms.katalon.core.testobject.ObjectRepository.findTestObject(PharmacyRequest/Page_Store/input_txttotal), "value"): Attribute 'value' of object 'Object Repository/PharmacyRequest/Page_Store/input_txttotal' is: '10'

2018-05-17 13:26:47 - [MESSAGE][PASSED] - Attribute 'value' of object 'Object Repository/PharmacyRequest/Page_Store/input_txttotal' is: '10'

2018-05-17 13:26:47 - [TEST_STEP][PASSED] - Statement - out.println("Requested QTY : " + RequestedQty): null

2018-05-17 13:26:47 - [TEST_STEP][PASSED] - Statement - BatchNumber = com.kms.katalon.core.webui.keyword.WebUiBuiltInKeywords.getNumberOfTotalOption(com.kms.katalon.core.testobject.ObjectRepository.findTestObject(PharmacyRequest/Page_Store/select_--Select--BA50)): 2 options of object 'Object Repository/PharmacyRequest/Page_Store/select_--Select--BA50' counted

2018-05-17 13:26:47 - [MESSAGE][PASSED] - 2 options of object 'Object Repository/PharmacyRequest/Page_Store/select_--Select--BA50' counted

2018-05-17 13:26:47 - [TEST_STEP][PASSED] - Statement - For ([g = 1, g <= BatchNumber - 1, (g++)]): null

2018-05-17 13:26:47 - [TEST_STEP][PASSED] - selectOptionByIndex: All options with index in [1] are selected on object 'Object Repository/PharmacyRequest/Page_Store/select_--Select--BA50'

2018-05-17 13:26:47 - [MESSAGE][PASSED] - All options with index in [1] are selected on object 'Object Repository/PharmacyRequest/Page_Store/select_--Select--BA50'

2018-05-17 13:26:47 - [TEST_STEP][PASSED] - delay: Delayed 1 second(s)

2018-05-17 13:26:48 - [MESSAGE][PASSED] - Delayed 1 second(s)

2018-05-17 13:26:48 - [TEST_STEP][PASSED] - Statement - StockQty = com.kms.katalon.core.webui.keyword.WebUiBuiltInKeywords.getAttribute(com.kms.katalon.core.testobject.ObjectRepository.findTestObject(PharmacyRequest/Page_Store/input_txtprice), "value"): Attribute 'value' of object 'Object Repository/PharmacyRequest/Page_Store/input_txtprice' is: '1050'

2018-05-17 13:26:48 - [MESSAGE][PASSED] - Attribute 'value' of object 'Object Repository/PharmacyRequest/Page_Store/input_txtprice' is: '1050'

2018-05-17 13:26:48 - [TEST_STEP][PASSED] - Statement - out.println("Stock QTY : " + StockQty): null

2018-05-17 13:26:48 - [TEST_STEP][PASSED] - delay: Delayed 1 second(s)

2018-05-17 13:26:49 - [MESSAGE][PASSED] - Delayed 1 second(s)

2018-05-17 13:26:49 - [TEST_STEP][PASSED] - Statement - If (java.lang.Integer.valueOf(StockQty) >= java.lang.Integer.valueOf(RequestedQty)): null

2018-05-17 13:26:49 - [TEST_STEP][PASSED] - setText: Text '10' is set on object 'Object Repository/PharmacyRequest/Page_Store/input_txtqty'

2018-05-17 13:26:49 - [MESSAGE][PASSED] - Text '10' is set on object 'Object Repository/PharmacyRequest/Page_Store/input_txtqty'

2018-05-17 13:26:49 - [TEST_STEP][PASSED] - click: Object: 'Object Repository/PharmacyRequest/Page_Store/button_Add' is clicked on

2018-05-17 13:26:54 - [MESSAGE][PASSED] - Object: 'Object Repository/PharmacyRequest/Page_Store/button_Add' is clicked on

2018-05-17 13:26:54 - [TEST_STEP][PASSED] - Statement - Break: null

2018-05-17 13:26:54 - [TEST_STEP][PASSED] - selectOptionByIndex: All options with index in [21] are selected on object 'Object Repository/PharmacyRequest/Page_Store/select_--Select--Amlodepin -5'

2018-05-17 13:26:54 - [MESSAGE][PASSED] - All options with index in [21] are selected on object 'Object Repository/PharmacyRequest/Page_Store/select_--Select--Amlodepin -5'

2018-05-17 13:26:54 - [TEST_STEP][PASSED] - delay: Delayed 1 second(s)

2018-05-17 13:26:55 - [MESSAGE][PASSED] - Delayed 1 second(s)

2018-05-17 13:26:55 - [TEST_STEP][PASSED] - Statement - RequestedQty = com.kms.katalon.core.webui.keyword.WebUiBuiltInKeywords.getAttribute(com.kms.katalon.core.testobject.ObjectRepository.findTestObject(PharmacyRequest/Page_Store/input_txttotal), "value"): Attribute 'value' of object 'Object Repository/PharmacyRequest/Page_Store/input_txttotal' is: '10'

2018-05-17 13:26:55 - [MESSAGE][PASSED] - Attribute 'value' of object 'Object Repository/PharmacyRequest/Page_Store/input_txttotal' is: '10'

2018-05-17 13:26:55 - [TEST_STEP][PASSED] - Statement - out.println("Requested QTY : " + RequestedQty): null

2018-05-17 13:26:55 - [TEST_STEP][PASSED] - Statement - BatchNumber = com.kms.katalon.core.webui.keyword.WebUiBuiltInKeywords.getNumberOfTotalOption(com.kms.katalon.core.testobject.ObjectRepository.findTestObject(PharmacyRequest/Page_Store/select_--Select--BA50)): 3 options of object 'Object Repository/PharmacyRequest/Page_Store/select_--Select--BA50' counted

2018-05-17 13:26:55 - [MESSAGE][PASSED] - 3 options of object 'Object Repository/PharmacyRequest/Page_Store/select_--Select--BA50' counted

2018-05-17 13:26:55 - [TEST_STEP][PASSED] - Statement - For ([g = 1, g <= BatchNumber - 1, (g++)]): null

2018-05-17 13:26:55 - [TEST_STEP][PASSED] - selectOptionByIndex: All options with index in [1] are selected on object 'Object Repository/PharmacyRequest/Page_Store/select_--Select--BA50'

2018-05-17 13:26:56 - [MESSAGE][PASSED] - All options with index in [1] are selected on object 'Object Repository/PharmacyRequest/Page_Store/select_--Select--BA50'

2018-05-17 13:26:56 - [TEST_STEP][PASSED] - delay: Delayed 1 second(s)

2018-05-17 13:26:57 - [MESSAGE][PASSED] - Delayed 1 second(s)

2018-05-17 13:26:57 - [TEST_STEP][PASSED] - Statement - StockQty = com.kms.katalon.core.webui.keyword.WebUiBuiltInKeywords.getAttribute(com.kms.katalon.core.testobject.ObjectRepository.findTestObject(PharmacyRequest/Page_Store/input_txtprice), "value"): Attribute 'value' of object 'Object Repository/PharmacyRequest/Page_Store/input_txtprice' is: '950'

2018-05-17 13:26:57 - [MESSAGE][PASSED] - Attribute 'value' of object 'Object Repository/PharmacyRequest/Page_Store/input_txtprice' is: '950'

2018-05-17 13:26:57 - [TEST_STEP][PASSED] - Statement - out.println("Stock QTY : " + StockQty): null

2018-05-17 13:26:57 - [TEST_STEP][PASSED] - delay: Delayed 1 second(s)

2018-05-17 13:26:58 - [MESSAGE][PASSED] - Delayed 1 second(s)

2018-05-17 13:26:58 - [TEST_STEP][PASSED] - Statement - If (java.lang.Integer.valueOf(StockQty) >= java.lang.Integer.valueOf(RequestedQty)): null

2018-05-17 13:26:58 - [TEST_STEP][PASSED] - setText: Text '10' is set on object 'Object Repository/PharmacyRequest/Page_Store/input_txtqty'

2018-05-17 13:26:58 - [MESSAGE][PASSED] - Text '10' is set on object 'Object Repository/PharmacyRequest/Page_Store/input_txtqty'

2018-05-17 13:26:58 - [TEST_STEP][PASSED] - click: Object: 'Object Repository/PharmacyRequest/Page_Store/button_Add' is clicked on

2018-05-17 13:27:03 - [MESSAGE][PASSED] - Object: 'Object Repository/PharmacyRequest/Page_Store/button_Add' is clicked on

2018-05-17 13:27:03 - [TEST_STEP][PASSED] - Statement - Break: null

2018-05-17 13:27:03 - [TEST_STEP][PASSED] - selectOptionByIndex: All options with index in [22] are selected on object 'Object Repository/PharmacyRequest/Page_Store/select_--Select--Amlodepin -5'

2018-05-17 13:27:03 - [MESSAGE][PASSED] - All options with index in [22] are selected on object 'Object Repository/PharmacyRequest/Page_Store/select_--Select--Amlodepin -5'

2018-05-17 13:27:03 - [TEST_STEP][PASSED] - delay: Delayed 1 second(s)

2018-05-17 13:27:04 - [MESSAGE][PASSED] - Delayed 1 second(s)

2018-05-17 13:27:04 - [TEST_STEP][PASSED] - Statement - RequestedQty = com.kms.katalon.core.webui.keyword.WebUiBuiltInKeywords.getAttribute(com.kms.katalon.core.testobject.ObjectRepository.findTestObject(PharmacyRequest/Page_Store/input_txttotal), "value"): Attribute 'value' of object 'Object Repository/PharmacyRequest/Page_Store/input_txttotal' is: '10'

2018-05-17 13:27:04 - [MESSAGE][PASSED] - Attribute 'value' of object 'Object Repository/PharmacyRequest/Page_Store/input_txttotal' is: '10'

2018-05-17 13:27:04 - [TEST_STEP][PASSED] - Statement - out.println("Requested QTY : " + RequestedQty): null

2018-05-17 13:27:04 - [TEST_STEP][PASSED] - Statement - BatchNumber = com.kms.katalon.core.webui.keyword.WebUiBuiltInKeywords.getNumberOfTotalOption(com.kms.katalon.core.testobject.ObjectRepository.findTestObject(PharmacyRequest/Page_Store/select_--Select--BA50)): 3 options of object 'Object Repository/PharmacyRequest/Page_Store/select_--Select--BA50' counted

2018-05-17 13:27:04 - [MESSAGE][PASSED] - 3 options of object 'Object Repository/PharmacyRequest/Page_Store/select_--Select--BA50' counted

2018-05-17 13:27:04 - [TEST_STEP][PASSED] - Statement - For ([g = 1, g <= BatchNumber - 1, (g++)]): null

2018-05-17 13:27:04 - [TEST_STEP][PASSED] - selectOptionByIndex: All options with index in [1] are selected on object 'Object Repository/PharmacyRequest/Page_Store/select_--Select--BA50'

2018-05-17 13:27:04 - [MESSAGE][PASSED] - All options with index in [1] are selected on object 'Object Repository/PharmacyRequest/Page_Store/select_--Select--BA50'

2018-05-17 13:27:04 - [TEST_STEP][PASSED] - delay: Delayed 1 second(s)

2018-05-17 13:27:05 - [MESSAGE][PASSED] - Delayed 1 second(s)

2018-05-17 13:27:05 - [TEST_STEP][PASSED] - Statement - StockQty = com.kms.katalon.core.webui.keyword.WebUiBuiltInKeywords.getAttribute(com.kms.katalon.core.testobject.ObjectRepository.findTestObject(PharmacyRequest/Page_Store/input_txtprice), "value"): Attribute 'value' of object 'Object Repository/PharmacyRequest/Page_Store/input_txtprice' is: '950'

2018-05-17 13:27:05 - [MESSAGE][PASSED] - Attribute 'value' of object 'Object Repository/PharmacyRequest/Page_Store/input_txtprice' is: '950'

2018-05-17 13:27:05 - [TEST_STEP][PASSED] - Statement - out.println("Stock QTY : " + StockQty): null

2018-05-17 13:27:05 - [TEST_STEP][PASSED] - delay: Delayed 1 second(s)

2018-05-17 13:27:06 - [MESSAGE][PASSED] - Delayed 1 second(s)

2018-05-17 13:27:06 - [TEST_STEP][PASSED] - Statement - If (java.lang.Integer.valueOf(StockQty) >= java.lang.Integer.valueOf(RequestedQty)): null

2018-05-17 13:27:06 - [TEST_STEP][PASSED] - setText: Text '10' is set on object 'Object Repository/PharmacyRequest/Page_Store/input_txtqty'

2018-05-17 13:27:06 - [MESSAGE][PASSED] - Text '10' is set on object 'Object Repository/PharmacyRequest/Page_Store/input_txtqty'

2018-05-17 13:27:06 - [TEST_STEP][PASSED] - click: Object: 'Object Repository/PharmacyRequest/Page_Store/button_Add' is clicked on

2018-05-17 13:27:12 - [MESSAGE][PASSED] - Object: 'Object Repository/PharmacyRequest/Page_Store/button_Add' is clicked on

2018-05-17 13:27:12 - [TEST_STEP][PASSED] - Statement - Break: null

2018-05-17 13:27:12 - [TEST_STEP][PASSED] - selectOptionByIndex: All options with index in [23] are selected on object 'Object Repository/PharmacyRequest/Page_Store/select_--Select--Amlodepin -5'

2018-05-17 13:27:12 - [MESSAGE][PASSED] - All options with index in [23] are selected on object 'Object Repository/PharmacyRequest/Page_Store/select_--Select--Amlodepin -5'

2018-05-17 13:27:12 - [TEST_STEP][PASSED] - delay: Delayed 1 second(s)

2018-05-17 13:27:13 - [MESSAGE][PASSED] - Delayed 1 second(s)

2018-05-17 13:27:13 - [TEST_STEP][PASSED] - Statement - RequestedQty = com.kms.katalon.core.webui.keyword.WebUiBuiltInKeywords.getAttribute(com.kms.katalon.core.testobject.ObjectRepository.findTestObject(PharmacyRequest/Page_Store/input_txttotal), "value"): Attribute 'value' of object 'Object Repository/PharmacyRequest/Page_Store/input_txttotal' is: '10'

2018-05-17 13:27:13 - [MESSAGE][PASSED] - Attribute 'value' of object 'Object Repository/PharmacyRequest/Page_Store/input_txttotal' is: '10'

2018-05-17 13:27:13 - [TEST_STEP][PASSED] - Statement - out.println("Requested QTY : " + RequestedQty): null

2018-05-17 13:27:13 - [TEST_STEP][PASSED] - Statement - BatchNumber = com.kms.katalon.core.webui.keyword.WebUiBuiltInKeywords.getNumberOfTotalOption(com.kms.katalon.core.testobject.ObjectRepository.findTestObject(PharmacyRequest/Page_Store/select_--Select--BA50)): 3 options of object 'Object Repository/PharmacyRequest/Page_Store/select_--Select--BA50' counted

2018-05-17 13:27:13 - [MESSAGE][PASSED] - 3 options of object 'Object Repository/PharmacyRequest/Page_Store/select_--Select--BA50' counted

2018-05-17 13:27:13 - [TEST_STEP][PASSED] - Statement - For ([g = 1, g <= BatchNumber - 1, (g++)]): null

2018-05-17 13:27:13 - [TEST_STEP][PASSED] - selectOptionByIndex: All options with index in [1] are selected on object 'Object Repository/PharmacyRequest/Page_Store/select_--Select--BA50'

2018-05-17 13:27:13 - [MESSAGE][PASSED] - All options with index in [1] are selected on object 'Object Repository/PharmacyRequest/Page_Store/select_--Select--BA50'

2018-05-17 13:27:13 - [TEST_STEP][PASSED] - delay: Delayed 1 second(s)

2018-05-17 13:27:14 - [MESSAGE][PASSED] - Delayed 1 second(s)

2018-05-17 13:27:14 - [TEST_STEP][PASSED] - Statement - StockQty = com.kms.katalon.core.webui.keyword.WebUiBuiltInKeywords.getAttribute(com.kms.katalon.core.testobject.ObjectRepository.findTestObject(PharmacyRequest/Page_Store/input_txtprice), "value"): Attribute 'value' of object 'Object Repository/PharmacyRequest/Page_Store/input_txtprice' is: '950'

2018-05-17 13:27:14 - [MESSAGE][PASSED] - Attribute 'value' of object 'Object Repository/PharmacyRequest/Page_Store/input_txtprice' is: '950'

2018-05-17 13:27:14 - [TEST_STEP][PASSED] - Statement - out.println("Stock QTY : " + StockQty): null

2018-05-17 13:27:14 - [TEST_STEP][PASSED] - delay: Delayed 1 second(s)

2018-05-17 13:27:15 - [MESSAGE][PASSED] - Delayed 1 second(s)

2018-05-17 13:27:15 - [TEST_STEP][PASSED] - Statement - If (java.lang.Integer.valueOf(StockQty) >= java.lang.Integer.valueOf(RequestedQty)): null

2018-05-17 13:27:15 - [TEST_STEP][PASSED] - setText: Text '10' is set on object 'Object Repository/PharmacyRequest/Page_Store/input_txtqty'

2018-05-17 13:27:15 - [MESSAGE][PASSED] - Text '10' is set on object 'Object Repository/PharmacyRequest/Page_Store/input_txtqty'

2018-05-17 13:27:15 - [TEST_STEP][PASSED] - click: Object: 'Object Repository/PharmacyRequest/Page_Store/button_Add' is clicked on

2018-05-17 13:27:20 - [MESSAGE][PASSED] - Object: 'Object Repository/PharmacyRequest/Page_Store/button_Add' is clicked on

2018-05-17 13:27:20 - [TEST_STEP][PASSED] - Statement - Break: null

2018-05-17 13:27:20 - [TEST_STEP][PASSED] - selectOptionByIndex: All options with index in [24] are selected on object 'Object Repository/PharmacyRequest/Page_Store/select_--Select--Amlodepin -5'

2018-05-17 13:27:20 - [MESSAGE][PASSED] - All options with index in [24] are selected on object 'Object Repository/PharmacyRequest/Page_Store/select_--Select--Amlodepin -5'

2018-05-17 13:27:20 - [TEST_STEP][PASSED] - delay: Delayed 1 second(s)

2018-05-17 13:27:21 - [MESSAGE][PASSED] - Delayed 1 second(s)

2018-05-17 13:27:21 - [TEST_STEP][PASSED] - Statement - RequestedQty = com.kms.katalon.core.webui.keyword.WebUiBuiltInKeywords.getAttribute(com.kms.katalon.core.testobject.ObjectRepository.findTestObject(PharmacyRequest/Page_Store/input_txttotal), "value"): Attribute 'value' of object 'Object Repository/PharmacyRequest/Page_Store/input_txttotal' is: '10'

2018-05-17 13:27:22 - [MESSAGE][PASSED] - Attribute 'value' of object 'Object Repository/PharmacyRequest/Page_Store/input_txttotal' is: '10'

2018-05-17 13:27:22 - [TEST_STEP][PASSED] - Statement - out.println("Requested QTY : " + RequestedQty): null

2018-05-17 13:27:22 - [TEST_STEP][PASSED] - Statement - BatchNumber = com.kms.katalon.core.webui.keyword.WebUiBuiltInKeywords.getNumberOfTotalOption(com.kms.katalon.core.testobject.ObjectRepository.findTestObject(PharmacyRequest/Page_Store/select_--Select--BA50)): 3 options of object 'Object Repository/PharmacyRequest/Page_Store/select_--Select--BA50' counted

2018-05-17 13:27:22 - [MESSAGE][PASSED] - 3 options of object 'Object Repository/PharmacyRequest/Page_Store/select_--Select--BA50' counted

2018-05-17 13:27:22 - [TEST_STEP][PASSED] - Statement - For ([g = 1, g <= BatchNumber - 1, (g++)]): null

2018-05-17 13:27:22 - [TEST_STEP][PASSED] - selectOptionByIndex: All options with index in [1] are selected on object 'Object Repository/PharmacyRequest/Page_Store/select_--Select--BA50'

2018-05-17 13:27:22 - [MESSAGE][PASSED] - All options with index in [1] are selected on object 'Object Repository/PharmacyRequest/Page_Store/select_--Select--BA50'

2018-05-17 13:27:22 - [TEST_STEP][PASSED] - delay: Delayed 1 second(s)

2018-05-17 13:27:23 - [MESSAGE][PASSED] - Delayed 1 second(s)

2018-05-17 13:27:23 - [TEST_STEP][PASSED] - Statement - StockQty = com.kms.katalon.core.webui.keyword.WebUiBuiltInKeywords.getAttribute(com.kms.katalon.core.testobject.ObjectRepository.findTestObject(PharmacyRequest/Page_Store/input_txtprice), "value"): Attribute 'value' of object 'Object Repository/PharmacyRequest/Page_Store/input_txtprice' is: '950'

2018-05-17 13:27:23 - [MESSAGE][PASSED] - Attribute 'value' of object 'Object Repository/PharmacyRequest/Page_Store/input_txtprice' is: '950'

2018-05-17 13:27:23 - [TEST_STEP][PASSED] - Statement - out.println("Stock QTY : " + StockQty): null

2018-05-17 13:27:23 - [TEST_STEP][PASSED] - delay: Delayed 1 second(s)

2018-05-17 13:27:24 - [MESSAGE][PASSED] - Delayed 1 second(s)

2018-05-17 13:27:24 - [TEST_STEP][PASSED] - Statement - If (java.lang.Integer.valueOf(StockQty) >= java.lang.Integer.valueOf(RequestedQty)): null

2018-05-17 13:27:24 - [TEST_STEP][PASSED] - setText: Text '10' is set on object 'Object Repository/PharmacyRequest/Page_Store/input_txtqty'

2018-05-17 13:27:24 - [MESSAGE][PASSED] - Text '10' is set on object 'Object Repository/PharmacyRequest/Page_Store/input_txtqty'

2018-05-17 13:27:24 - [TEST_STEP][PASSED] - click: Object: 'Object Repository/PharmacyRequest/Page_Store/button_Add' is clicked on

2018-05-17 13:27:29 - [MESSAGE][PASSED] - Object: 'Object Repository/PharmacyRequest/Page_Store/button_Add' is clicked on

2018-05-17 13:27:29 - [TEST_STEP][PASSED] - Statement - Break: null

2018-05-17 13:27:29 - [TEST_STEP][PASSED] - selectOptionByIndex: All options with index in [25] are selected on object 'Object Repository/PharmacyRequest/Page_Store/select_--Select--Amlodepin -5'

2018-05-17 13:27:29 - [MESSAGE][PASSED] - All options with index in [25] are selected on object 'Object Repository/PharmacyRequest/Page_Store/select_--Select--Amlodepin -5'

2018-05-17 13:27:29 - [TEST_STEP][PASSED] - delay: Delayed 1 second(s)

2018-05-17 13:27:30 - [MESSAGE][PASSED] - Delayed 1 second(s)

2018-05-17 13:27:30 - [TEST_STEP][PASSED] - Statement - RequestedQty = com.kms.katalon.core.webui.keyword.WebUiBuiltInKeywords.getAttribute(com.kms.katalon.core.testobject.ObjectRepository.findTestObject(PharmacyRequest/Page_Store/input_txttotal), "value"): Attribute 'value' of object 'Object Repository/PharmacyRequest/Page_Store/input_txttotal' is: '10'

2018-05-17 13:27:30 - [MESSAGE][PASSED] - Attribute 'value' of object 'Object Repository/PharmacyRequest/Page_Store/input_txttotal' is: '10'

2018-05-17 13:27:30 - [TEST_STEP][PASSED] - Statement - out.println("Requested QTY : " + RequestedQty): null

2018-05-17 13:27:30 - [TEST_STEP][PASSED] - Statement - BatchNumber = com.kms.katalon.core.webui.keyword.WebUiBuiltInKeywords.getNumberOfTotalOption(com.kms.katalon.core.testobject.ObjectRepository.findTestObject(PharmacyRequest/Page_Store/select_--Select--BA50)): 2 options of object 'Object Repository/PharmacyRequest/Page_Store/select_--Select--BA50' counted

2018-05-17 13:27:30 - [MESSAGE][PASSED] - 2 options of object 'Object Repository/PharmacyRequest/Page_Store/select_--Select--BA50' counted

2018-05-17 13:27:30 - [TEST_STEP][PASSED] - Statement - For ([g = 1, g <= BatchNumber - 1, (g++)]): null

2018-05-17 13:27:30 - [TEST_STEP][PASSED] - selectOptionByIndex: All options with index in [1] are selected on object 'Object Repository/PharmacyRequest/Page_Store/select_--Select--BA50'

2018-05-17 13:27:30 - [MESSAGE][PASSED] - All options with index in [1] are selected on object 'Object Repository/PharmacyRequest/Page_Store/select_--Select--BA50'

2018-05-17 13:27:30 - [TEST_STEP][PASSED] - delay: Delayed 1 second(s)

2018-05-17 13:27:31 - [MESSAGE][PASSED] - Delayed 1 second(s)

2018-05-17 13:27:31 - [TEST_STEP][PASSED] - Statement - StockQty = com.kms.katalon.core.webui.keyword.WebUiBuiltInKeywords.getAttribute(com.kms.katalon.core.testobject.ObjectRepository.findTestObject(PharmacyRequest/Page_Store/input_txtprice), "value"): Attribute 'value' of object 'Object Repository/PharmacyRequest/Page_Store/input_txtprice' is: '1050'

2018-05-17 13:27:32 - [MESSAGE][PASSED] - Attribute 'value' of object 'Object Repository/PharmacyRequest/Page_Store/input_txtprice' is: '1050'

2018-05-17 13:27:32 - [TEST_STEP][PASSED] - Statement - out.println("Stock QTY : " + StockQty): null

2018-05-17 13:27:32 - [TEST_STEP][PASSED] - delay: Delayed 1 second(s)

2018-05-17 13:27:33 - [MESSAGE][PASSED] - Delayed 1 second(s)

2018-05-17 13:27:33 - [TEST_STEP][PASSED] - Statement - If (java.lang.Integer.valueOf(StockQty) >= java.lang.Integer.valueOf(RequestedQty)): null

2018-05-17 13:27:33 - [TEST_STEP][PASSED] - setText: Text '10' is set on object 'Object Repository/PharmacyRequest/Page_Store/input_txtqty'

2018-05-17 13:27:33 - [MESSAGE][PASSED] - Text '10' is set on object 'Object Repository/PharmacyRequest/Page_Store/input_txtqty'

2018-05-17 13:27:33 - [TEST_STEP][PASSED] - click: Object: 'Object Repository/PharmacyRequest/Page_Store/button_Add' is clicked on

2018-05-17 13:27:38 - [MESSAGE][PASSED] - Object: 'Object Repository/PharmacyRequest/Page_Store/button_Add' is clicked on

2018-05-17 13:27:38 - [TEST_STEP][PASSED] - Statement - Break: null

2018-05-17 13:27:38 - [TEST_STEP][PASSED] - selectOptionByIndex: All options with index in [26] are selected on object 'Object Repository/PharmacyRequest/Page_Store/select_--Select--Amlodepin -5'

2018-05-17 13:27:38 - [MESSAGE][PASSED] - All options with index in [26] are selected on object 'Object Repository/PharmacyRequest/Page_Store/select_--Select--Amlodepin -5'

2018-05-17 13:27:38 - [TEST_STEP][PASSED] - delay: Delayed 1 second(s)

2018-05-17 13:27:39 - [MESSAGE][PASSED] - Delayed 1 second(s)

2018-05-17 13:27:39 - [TEST_STEP][PASSED] - Statement - RequestedQty = com.kms.katalon.core.webui.keyword.WebUiBuiltInKeywords.getAttribute(com.kms.katalon.core.testobject.ObjectRepository.findTestObject(PharmacyRequest/Page_Store/input_txttotal), "value"): Attribute 'value' of object 'Object Repository/PharmacyRequest/Page_Store/input_txttotal' is: '10'

2018-05-17 13:27:39 - [MESSAGE][PASSED] - Attribute 'value' of object 'Object Repository/PharmacyRequest/Page_Store/input_txttotal' is: '10'

2018-05-17 13:27:39 - [TEST_STEP][PASSED] - Statement - out.println("Requested QTY : " + RequestedQty): null

2018-05-17 13:27:39 - [TEST_STEP][PASSED] - Statement - BatchNumber = com.kms.katalon.core.webui.keyword.WebUiBuiltInKeywords.getNumberOfTotalOption(com.kms.katalon.core.testobject.ObjectRepository.findTestObject(PharmacyRequest/Page_Store/select_--Select--BA50)): 3 options of object 'Object Repository/PharmacyRequest/Page_Store/select_--Select--BA50' counted

2018-05-17 13:27:39 - [MESSAGE][PASSED] - 3 options of object 'Object Repository/PharmacyRequest/Page_Store/select_--Select--BA50' counted

2018-05-17 13:27:39 - [TEST_STEP][PASSED] - Statement - For ([g = 1, g <= BatchNumber - 1, (g++)]): null

2018-05-17 13:27:39 - [TEST_STEP][PASSED] - selectOptionByIndex: All options with index in [1] are selected on object 'Object Repository/PharmacyRequest/Page_Store/select_--Select--BA50'

2018-05-17 13:27:39 - [MESSAGE][PASSED] - All options with index in [1] are selected on object 'Object Repository/PharmacyRequest/Page_Store/select_--Select--BA50'

2018-05-17 13:27:39 - [TEST_STEP][PASSED] - delay: Delayed 1 second(s)

2018-05-17 13:27:40 - [MESSAGE][PASSED] - Delayed 1 second(s)

2018-05-17 13:27:40 - [TEST_STEP][PASSED] - Statement - StockQty = com.kms.katalon.core.webui.keyword.WebUiBuiltInKeywords.getAttribute(com.kms.katalon.core.testobject.ObjectRepository.findTestObject(PharmacyRequest/Page_Store/input_txtprice), "value"): Attribute 'value' of object 'Object Repository/PharmacyRequest/Page_Store/input_txtprice' is: '950'

2018-05-17 13:27:40 - [MESSAGE][PASSED] - Attribute 'value' of object 'Object Repository/PharmacyRequest/Page_Store/input_txtprice' is: '950'

2018-05-17 13:27:40 - [TEST_STEP][PASSED] - Statement - out.println("Stock QTY : " + StockQty): null

2018-05-17 13:27:40 - [TEST_STEP][PASSED] - delay: Delayed 1 second(s)

2018-05-17 13:27:41 - [MESSAGE][PASSED] - Delayed 1 second(s)

2018-05-17 13:27:41 - [TEST_STEP][PASSED] - Statement - If (java.lang.Integer.valueOf(StockQty) >= java.lang.Integer.valueOf(RequestedQty)): null

2018-05-17 13:27:41 - [TEST_STEP][PASSED] - setText: Text '10' is set on object 'Object Repository/PharmacyRequest/Page_Store/input_txtqty'

2018-05-17 13:27:41 - [MESSAGE][PASSED] - Text '10' is set on object 'Object Repository/PharmacyRequest/Page_Store/input_txtqty'

2018-05-17 13:27:41 - [TEST_STEP][PASSED] - click: Object: 'Object Repository/PharmacyRequest/Page_Store/button_Add' is clicked on

2018-05-17 13:27:46 - [MESSAGE][PASSED] - Object: 'Object Repository/PharmacyRequest/Page_Store/button_Add' is clicked on

2018-05-17 13:27:46 - [TEST_STEP][PASSED] - Statement - Break: null

2018-05-17 13:27:46 - [TEST_STEP][PASSED] - selectOptionByIndex: All options with index in [27] are selected on object 'Object Repository/PharmacyRequest/Page_Store/select_--Select--Amlodepin -5'

2018-05-17 13:27:47 - [MESSAGE][PASSED] - All options with index in [27] are selected on object 'Object Repository/PharmacyRequest/Page_Store/select_--Select--Amlodepin -5'

2018-05-17 13:27:47 - [TEST_STEP][PASSED] - delay: Delayed 1 second(s)

2018-05-17 13:27:48 - [MESSAGE][PASSED] - Delayed 1 second(s)

2018-05-17 13:27:48 - [TEST_STEP][PASSED] - Statement - RequestedQty = com.kms.katalon.core.webui.keyword.WebUiBuiltInKeywords.getAttribute(com.kms.katalon.core.testobject.ObjectRepository.findTestObject(PharmacyRequest/Page_Store/input_txttotal), "value"): Attribute 'value' of object 'Object Repository/PharmacyRequest/Page_Store/input_txttotal' is: '10'

2018-05-17 13:27:48 - [MESSAGE][PASSED] - Attribute 'value' of object 'Object Repository/PharmacyRequest/Page_Store/input_txttotal' is: '10'

2018-05-17 13:27:48 - [TEST_STEP][PASSED] - Statement - out.println("Requested QTY : " + RequestedQty): null

2018-05-17 13:27:48 - [TEST_STEP][PASSED] - Statement - BatchNumber = com.kms.katalon.core.webui.keyword.WebUiBuiltInKeywords.getNumberOfTotalOption(com.kms.katalon.core.testobject.ObjectRepository.findTestObject(PharmacyRequest/Page_Store/select_--Select--BA50)): 3 options of object 'Object Repository/PharmacyRequest/Page_Store/select_--Select--BA50' counted

2018-05-17 13:27:48 - [MESSAGE][PASSED] - 3 options of object 'Object Repository/PharmacyRequest/Page_Store/select_--Select--BA50' counted

2018-05-17 13:27:48 - [TEST_STEP][PASSED] - Statement - For ([g = 1, g <= BatchNumber - 1, (g++)]): null

2018-05-17 13:27:48 - [TEST_STEP][PASSED] - selectOptionByIndex: All options with index in [1] are selected on object 'Object Repository/PharmacyRequest/Page_Store/select_--Select--BA50'

2018-05-17 13:27:48 - [MESSAGE][PASSED] - All options with index in [1] are selected on object 'Object Repository/PharmacyRequest/Page_Store/select_--Select--BA50'

2018-05-17 13:27:48 - [TEST_STEP][PASSED] - delay: Delayed 1 second(s)

2018-05-17 13:27:49 - [MESSAGE][PASSED] - Delayed 1 second(s)

2018-05-17 13:27:49 - [TEST_STEP][PASSED] - Statement - StockQty = com.kms.katalon.core.webui.keyword.WebUiBuiltInKeywords.getAttribute(com.kms.katalon.core.testobject.ObjectRepository.findTestObject(PharmacyRequest/Page_Store/input_txtprice), "value"): Attribute 'value' of object 'Object Repository/PharmacyRequest/Page_Store/input_txtprice' is: '950'

2018-05-17 13:27:49 - [MESSAGE][PASSED] - Attribute 'value' of object 'Object Repository/PharmacyRequest/Page_Store/input_txtprice' is: '950'

2018-05-17 13:27:49 - [TEST_STEP][PASSED] - Statement - out.println("Stock QTY : " + StockQty): null

2018-05-17 13:27:49 - [TEST_STEP][PASSED] - delay: Delayed 1 second(s)

2018-05-17 13:27:50 - [MESSAGE][PASSED] - Delayed 1 second(s)

2018-05-17 13:27:50 - [TEST_STEP][PASSED] - Statement - If (java.lang.Integer.valueOf(StockQty) >= java.lang.Integer.valueOf(RequestedQty)): null

2018-05-17 13:27:50 - [TEST_STEP][PASSED] - setText: Text '10' is set on object 'Object Repository/PharmacyRequest/Page_Store/input_txtqty'

2018-05-17 13:27:50 - [MESSAGE][PASSED] - Text '10' is set on object 'Object Repository/PharmacyRequest/Page_Store/input_txtqty'

2018-05-17 13:27:50 - [TEST_STEP][PASSED] - click: Object: 'Object Repository/PharmacyRequest/Page_Store/button_Add' is clicked on

2018-05-17 13:27:55 - [MESSAGE][PASSED] - Object: 'Object Repository/PharmacyRequest/Page_Store/button_Add' is clicked on

2018-05-17 13:27:55 - [TEST_STEP][PASSED] - Statement - Break: null

2018-05-17 13:27:55 - [TEST_STEP][PASSED] - selectOptionByIndex: All options with index in [28] are selected on object 'Object Repository/PharmacyRequest/Page_Store/select_--Select--Amlodepin -5'

2018-05-17 13:27:56 - [MESSAGE][PASSED] - All options with index in [28] are selected on object 'Object Repository/PharmacyRequest/Page_Store/select_--Select--Amlodepin -5'

2018-05-17 13:27:56 - [TEST_STEP][PASSED] - delay: Delayed 1 second(s)

2018-05-17 13:27:57 - [MESSAGE][PASSED] - Delayed 1 second(s)

2018-05-17 13:27:57 - [TEST_STEP][PASSED] - Statement - RequestedQty = com.kms.katalon.core.webui.keyword.WebUiBuiltInKeywords.getAttribute(com.kms.katalon.core.testobject.ObjectRepository.findTestObject(PharmacyRequest/Page_Store/input_txttotal), "value"): Attribute 'value' of object 'Object Repository/PharmacyRequest/Page_Store/input_txttotal' is: '10'

2018-05-17 13:27:57 - [MESSAGE][PASSED] - Attribute 'value' of object 'Object Repository/PharmacyRequest/Page_Store/input_txttotal' is: '10'

2018-05-17 13:27:57 - [TEST_STEP][PASSED] - Statement - out.println("Requested QTY : " + RequestedQty): null

2018-05-17 13:27:57 - [TEST_STEP][PASSED] - Statement - BatchNumber = com.kms.katalon.core.webui.keyword.WebUiBuiltInKeywords.getNumberOfTotalOption(com.kms.katalon.core.testobject.ObjectRepository.findTestObject(PharmacyRequest/Page_Store/select_--Select--BA50)): 3 options of object 'Object Repository/PharmacyRequest/Page_Store/select_--Select--BA50' counted

2018-05-17 13:27:57 - [MESSAGE][PASSED] - 3 options of object 'Object Repository/PharmacyRequest/Page_Store/select_--Select--BA50' counted

2018-05-17 13:27:57 - [TEST_STEP][PASSED] - Statement - For ([g = 1, g <= BatchNumber - 1, (g++)]): null

2018-05-17 13:27:57 - [TEST_STEP][PASSED] - selectOptionByIndex: All options with index in [1] are selected on object 'Object Repository/PharmacyRequest/Page_Store/select_--Select--BA50'

2018-05-17 13:27:57 - [MESSAGE][PASSED] - All options with index in [1] are selected on object 'Object Repository/PharmacyRequest/Page_Store/select_--Select--BA50'

2018-05-17 13:27:57 - [TEST_STEP][PASSED] - delay: Delayed 1 second(s)

2018-05-17 13:27:58 - [MESSAGE][PASSED] - Delayed 1 second(s)

2018-05-17 13:27:58 - [TEST_STEP][PASSED] - Statement - StockQty = com.kms.katalon.core.webui.keyword.WebUiBuiltInKeywords.getAttribute(com.kms.katalon.core.testobject.ObjectRepository.findTestObject(PharmacyRequest/Page_Store/input_txtprice), "value"): Attribute 'value' of object 'Object Repository/PharmacyRequest/Page_Store/input_txtprice' is: '950'

2018-05-17 13:27:58 - [MESSAGE][PASSED] - Attribute 'value' of object 'Object Repository/PharmacyRequest/Page_Store/input_txtprice' is: '950'

2018-05-17 13:27:58 - [TEST_STEP][PASSED] - Statement - out.println("Stock QTY : " + StockQty): null

2018-05-17 13:27:58 - [TEST_STEP][PASSED] - delay: Delayed 1 second(s)

2018-05-17 13:27:59 - [MESSAGE][PASSED] - Delayed 1 second(s)

2018-05-17 13:27:59 - [TEST_STEP][PASSED] - Statement - If (java.lang.Integer.valueOf(StockQty) >= java.lang.Integer.valueOf(RequestedQty)): null

2018-05-17 13:27:59 - [TEST_STEP][PASSED] - setText: Text '10' is set on object 'Object Repository/PharmacyRequest/Page_Store/input_txtqty'

2018-05-17 13:27:59 - [MESSAGE][PASSED] - Text '10' is set on object 'Object Repository/PharmacyRequest/Page_Store/input_txtqty'

2018-05-17 13:27:59 - [TEST_STEP][PASSED] - click: Object: 'Object Repository/PharmacyRequest/Page_Store/button_Add' is clicked on

2018-05-17 13:28:04 - [MESSAGE][PASSED] - Object: 'Object Repository/PharmacyRequest/Page_Store/button_Add' is clicked on

2018-05-17 13:28:04 - [TEST_STEP][PASSED] - Statement - Break: null

2018-05-17 13:28:04 - [TEST_STEP][PASSED] - selectOptionByIndex: All options with index in [29] are selected on object 'Object Repository/PharmacyRequest/Page_Store/select_--Select--Amlodepin -5'

2018-05-17 13:28:04 - [MESSAGE][PASSED] - All options with index in [29] are selected on object 'Object Repository/PharmacyRequest/Page_Store/select_--Select--Amlodepin -5'

2018-05-17 13:28:04 - [TEST_STEP][PASSED] - delay: Delayed 1 second(s)

2018-05-17 13:28:05 - [MESSAGE][PASSED] - Delayed 1 second(s)

2018-05-17 13:28:05 - [TEST_STEP][PASSED] - Statement - RequestedQty = com.kms.katalon.core.webui.keyword.WebUiBuiltInKeywords.getAttribute(com.kms.katalon.core.testobject.ObjectRepository.findTestObject(PharmacyRequest/Page_Store/input_txttotal), "value"): Attribute 'value' of object 'Object Repository/PharmacyRequest/Page_Store/input_txttotal' is: '10'

2018-05-17 13:28:05 - [MESSAGE][PASSED] - Attribute 'value' of object 'Object Repository/PharmacyRequest/Page_Store/input_txttotal' is: '10'

2018-05-17 13:28:05 - [TEST_STEP][PASSED] - Statement - out.println("Requested QTY : " + RequestedQty): null

2018-05-17 13:28:05 - [TEST_STEP][PASSED] - Statement - BatchNumber = com.kms.katalon.core.webui.keyword.WebUiBuiltInKeywords.getNumberOfTotalOption(com.kms.katalon.core.testobject.ObjectRepository.findTestObject(PharmacyRequest/Page_Store/select_--Select--BA50)): 2 options of object 'Object Repository/PharmacyRequest/Page_Store/select_--Select--BA50' counted

2018-05-17 13:28:05 - [MESSAGE][PASSED] - 2 options of object 'Object Repository/PharmacyRequest/Page_Store/select_--Select--BA50' counted

2018-05-17 13:28:05 - [TEST_STEP][PASSED] - Statement - For ([g = 1, g <= BatchNumber - 1, (g++)]): null

2018-05-17 13:28:05 - [TEST_STEP][PASSED] - selectOptionByIndex: All options with index in [1] are selected on object 'Object Repository/PharmacyRequest/Page_Store/select_--Select--BA50'

2018-05-17 13:28:06 - [MESSAGE][PASSED] - All options with index in [1] are selected on object 'Object Repository/PharmacyRequest/Page_Store/select_--Select--BA50'

2018-05-17 13:28:06 - [TEST_STEP][PASSED] - delay: Delayed 1 second(s)

2018-05-17 13:28:07 - [MESSAGE][PASSED] - Delayed 1 second(s)

2018-05-17 13:28:07 - [TEST_STEP][PASSED] - Statement - StockQty = com.kms.katalon.core.webui.keyword.WebUiBuiltInKeywords.getAttribute(com.kms.katalon.core.testobject.ObjectRepository.findTestObject(PharmacyRequest/Page_Store/input_txtprice), "value"): Attribute 'value' of object 'Object Repository/PharmacyRequest/Page_Store/input_txtprice' is: '1050'

2018-05-17 13:28:07 - [MESSAGE][PASSED] - Attribute 'value' of object 'Object Repository/PharmacyRequest/Page_Store/input_txtprice' is: '1050'

2018-05-17 13:28:07 - [TEST_STEP][PASSED] - Statement - out.println("Stock QTY : " + StockQty): null

2018-05-17 13:28:07 - [TEST_STEP][PASSED] - delay: Delayed 1 second(s)

2018-05-17 13:28:08 - [MESSAGE][PASSED] - Delayed 1 second(s)

2018-05-17 13:28:08 - [TEST_STEP][PASSED] - Statement - If (java.lang.Integer.valueOf(StockQty) >= java.lang.Integer.valueOf(RequestedQty)): null

2018-05-17 13:28:08 - [TEST_STEP][PASSED] - setText: Text '10' is set on object 'Object Repository/PharmacyRequest/Page_Store/input_txtqty'

2018-05-17 13:28:08 - [MESSAGE][PASSED] - Text '10' is set on object 'Object Repository/PharmacyRequest/Page_Store/input_txtqty'

2018-05-17 13:28:08 - [TEST_STEP][PASSED] - click: Object: 'Object Repository/PharmacyRequest/Page_Store/button_Add' is clicked on

2018-05-17 13:28:13 - [MESSAGE][PASSED] - Object: 'Object Repository/PharmacyRequest/Page_Store/button_Add' is clicked on

2018-05-17 13:28:13 - [TEST_STEP][PASSED] - Statement - Break: null

2018-05-17 13:28:13 - [TEST_STEP][PASSED] - selectOptionByIndex: All options with index in [30] are selected on object 'Object Repository/PharmacyRequest/Page_Store/select_--Select--Amlodepin -5'

2018-05-17 13:28:13 - [MESSAGE][PASSED] - All options with index in [30] are selected on object 'Object Repository/PharmacyRequest/Page_Store/select_--Select--Amlodepin -5'

2018-05-17 13:28:13 - [TEST_STEP][PASSED] - delay: Delayed 1 second(s)

2018-05-17 13:28:14 - [MESSAGE][PASSED] - Delayed 1 second(s)

2018-05-17 13:28:14 - [TEST_STEP][PASSED] - Statement - RequestedQty = com.kms.katalon.core.webui.keyword.WebUiBuiltInKeywords.getAttribute(com.kms.katalon.core.testobject.ObjectRepository.findTestObject(PharmacyRequest/Page_Store/input_txttotal), "value"): Attribute 'value' of object 'Object Repository/PharmacyRequest/Page_Store/input_txttotal' is: '10'

2018-05-17 13:28:14 - [MESSAGE][PASSED] - Attribute 'value' of object 'Object Repository/PharmacyRequest/Page_Store/input_txttotal' is: '10'

2018-05-17 13:28:14 - [TEST_STEP][PASSED] - Statement - out.println("Requested QTY : " + RequestedQty): null

2018-05-17 13:28:14 - [TEST_STEP][PASSED] - Statement - BatchNumber = com.kms.katalon.core.webui.keyword.WebUiBuiltInKeywords.getNumberOfTotalOption(com.kms.katalon.core.testobject.ObjectRepository.findTestObject(PharmacyRequest/Page_Store/select_--Select--BA50)): 3 options of object 'Object Repository/PharmacyRequest/Page_Store/select_--Select--BA50' counted

2018-05-17 13:28:14 - [MESSAGE][PASSED] - 3 options of object 'Object Repository/PharmacyRequest/Page_Store/select_--Select--BA50' counted

2018-05-17 13:28:14 - [TEST_STEP][PASSED] - Statement - For ([g = 1, g <= BatchNumber - 1, (g++)]): null

2018-05-17 13:28:14 - [TEST_STEP][PASSED] - selectOptionByIndex: All options with index in [1] are selected on object 'Object Repository/PharmacyRequest/Page_Store/select_--Select--BA50'

2018-05-17 13:28:14 - [MESSAGE][PASSED] - All options with index in [1] are selected on object 'Object Repository/PharmacyRequest/Page_Store/select_--Select--BA50'

2018-05-17 13:28:14 - [TEST_STEP][PASSED] - delay: Delayed 1 second(s)

2018-05-17 13:28:15 - [MESSAGE][PASSED] - Delayed 1 second(s)

2018-05-17 13:28:15 - [TEST_STEP][PASSED] - Statement - StockQty = com.kms.katalon.core.webui.keyword.WebUiBuiltInKeywords.getAttribute(com.kms.katalon.core.testobject.ObjectRepository.findTestObject(PharmacyRequest/Page_Store/input_txtprice), "value"): Attribute 'value' of object 'Object Repository/PharmacyRequest/Page_Store/input_txtprice' is: '950'

2018-05-17 13:28:15 - [MESSAGE][PASSED] - Attribute 'value' of object 'Object Repository/PharmacyRequest/Page_Store/input_txtprice' is: '950'

2018-05-17 13:28:15 - [TEST_STEP][PASSED] - Statement - out.println("Stock QTY : " + StockQty): null

2018-05-17 13:28:15 - [TEST_STEP][PASSED] - delay: Delayed 1 second(s)

2018-05-17 13:28:16 - [MESSAGE][PASSED] - Delayed 1 second(s)

2018-05-17 13:28:16 - [TEST_STEP][PASSED] - Statement - If (java.lang.Integer.valueOf(StockQty) >= java.lang.Integer.valueOf(RequestedQty)): null

2018-05-17 13:28:16 - [TEST_STEP][PASSED] - setText: Text '10' is set on object 'Object Repository/PharmacyRequest/Page_Store/input_txtqty'

2018-05-17 13:28:16 - [MESSAGE][PASSED] - Text '10' is set on object 'Object Repository/PharmacyRequest/Page_Store/input_txtqty'

2018-05-17 13:28:16 - [TEST_STEP][PASSED] - click: Object: 'Object Repository/PharmacyRequest/Page_Store/button_Add' is clicked on

2018-05-17 13:28:21 - [MESSAGE][PASSED] - Object: 'Object Repository/PharmacyRequest/Page_Store/button_Add' is clicked on

2018-05-17 13:28:21 - [TEST_STEP][PASSED] - Statement - Break: null

2018-05-17 13:28:21 - [TEST_STEP][PASSED] - selectOptionByIndex: All options with index in [31] are selected on object 'Object Repository/PharmacyRequest/Page_Store/select_--Select--Amlodepin -5'

2018-05-17 13:28:22 - [MESSAGE][PASSED] - All options with index in [31] are selected on object 'Object Repository/PharmacyRequest/Page_Store/select_--Select--Amlodepin -5'

2018-05-17 13:28:22 - [TEST_STEP][PASSED] - delay: Delayed 1 second(s)

2018-05-17 13:28:23 - [MESSAGE][PASSED] - Delayed 1 second(s)

2018-05-17 13:28:23 - [TEST_STEP][PASSED] - Statement - RequestedQty = com.kms.katalon.core.webui.keyword.WebUiBuiltInKeywords.getAttribute(com.kms.katalon.core.testobject.ObjectRepository.findTestObject(PharmacyRequest/Page_Store/input_txttotal), "value"): Attribute 'value' of object 'Object Repository/PharmacyRequest/Page_Store/input_txttotal' is: '10'

2018-05-17 13:28:23 - [MESSAGE][PASSED] - Attribute 'value' of object 'Object Repository/PharmacyRequest/Page_Store/input_txttotal' is: '10'

2018-05-17 13:28:23 - [TEST_STEP][PASSED] - Statement - out.println("Requested QTY : " + RequestedQty): null

2018-05-17 13:28:23 - [TEST_STEP][PASSED] - Statement - BatchNumber = com.kms.katalon.core.webui.keyword.WebUiBuiltInKeywords.getNumberOfTotalOption(com.kms.katalon.core.testobject.ObjectRepository.findTestObject(PharmacyRequest/Page_Store/select_--Select--BA50)): 3 options of object 'Object Repository/PharmacyRequest/Page_Store/select_--Select--BA50' counted

2018-05-17 13:28:23 - [MESSAGE][PASSED] - 3 options of object 'Object Repository/PharmacyRequest/Page_Store/select_--Select--BA50' counted

2018-05-17 13:28:23 - [TEST_STEP][PASSED] - Statement - For ([g = 1, g <= BatchNumber - 1, (g++)]): null

2018-05-17 13:28:23 - [TEST_STEP][PASSED] - selectOptionByIndex: All options with index in [1] are selected on object 'Object Repository/PharmacyRequest/Page_Store/select_--Select--BA50'

2018-05-17 13:28:23 - [MESSAGE][PASSED] - All options with index in [1] are selected on object 'Object Repository/PharmacyRequest/Page_Store/select_--Select--BA50'

2018-05-17 13:28:23 - [TEST_STEP][PASSED] - delay: Delayed 1 second(s)

2018-05-17 13:28:24 - [MESSAGE][PASSED] - Delayed 1 second(s)

2018-05-17 13:28:24 - [TEST_STEP][PASSED] - Statement - StockQty = com.kms.katalon.core.webui.keyword.WebUiBuiltInKeywords.getAttribute(com.kms.katalon.core.testobject.ObjectRepository.findTestObject(PharmacyRequest/Page_Store/input_txtprice), "value"): Attribute 'value' of object 'Object Repository/PharmacyRequest/Page_Store/input_txtprice' is: '950'

2018-05-17 13:28:24 - [MESSAGE][PASSED] - Attribute 'value' of object 'Object Repository/PharmacyRequest/Page_Store/input_txtprice' is: '950'

2018-05-17 13:28:24 - [TEST_STEP][PASSED] - Statement - out.println("Stock QTY : " + StockQty): null

2018-05-17 13:28:24 - [TEST_STEP][PASSED] - delay: Delayed 1 second(s)

2018-05-17 13:28:25 - [MESSAGE][PASSED] - Delayed 1 second(s)

2018-05-17 13:28:25 - [TEST_STEP][PASSED] - Statement - If (java.lang.Integer.valueOf(StockQty) >= java.lang.Integer.valueOf(RequestedQty)): null

2018-05-17 13:28:25 - [TEST_STEP][PASSED] - setText: Text '10' is set on object 'Object Repository/PharmacyRequest/Page_Store/input_txtqty'

2018-05-17 13:28:25 - [MESSAGE][PASSED] - Text '10' is set on object 'Object Repository/PharmacyRequest/Page_Store/input_txtqty'

2018-05-17 13:28:25 - [TEST_STEP][PASSED] - click: Object: 'Object Repository/PharmacyRequest/Page_Store/button_Add' is clicked on

2018-05-17 13:28:30 - [MESSAGE][PASSED] - Object: 'Object Repository/PharmacyRequest/Page_Store/button_Add' is clicked on

2018-05-17 13:28:30 - [TEST_STEP][PASSED] - Statement - Break: null

2018-05-17 13:28:30 - [TEST_STEP][PASSED] - selectOptionByIndex: All options with index in [32] are selected on object 'Object Repository/PharmacyRequest/Page_Store/select_--Select--Amlodepin -5'

2018-05-17 13:28:31 - [MESSAGE][PASSED] - All options with index in [32] are selected on object 'Object Repository/PharmacyRequest/Page_Store/select_--Select--Amlodepin -5'

2018-05-17 13:28:31 - [TEST_STEP][PASSED] - delay: Delayed 1 second(s)

2018-05-17 13:28:32 - [MESSAGE][PASSED] - Delayed 1 second(s)

2018-05-17 13:28:32 - [TEST_STEP][PASSED] - Statement - RequestedQty = com.kms.katalon.core.webui.keyword.WebUiBuiltInKeywords.getAttribute(com.kms.katalon.core.testobject.ObjectRepository.findTestObject(PharmacyRequest/Page_Store/input_txttotal), "value"): Attribute 'value' of object 'Object Repository/PharmacyRequest/Page_Store/input_txttotal' is: '10'

2018-05-17 13:28:32 - [MESSAGE][PASSED] - Attribute 'value' of object 'Object Repository/PharmacyRequest/Page_Store/input_txttotal' is: '10'

2018-05-17 13:28:32 - [TEST_STEP][PASSED] - Statement - out.println("Requested QTY : " + RequestedQty): null

2018-05-17 13:28:32 - [TEST_STEP][PASSED] - Statement - BatchNumber = com.kms.katalon.core.webui.keyword.WebUiBuiltInKeywords.getNumberOfTotalOption(com.kms.katalon.core.testobject.ObjectRepository.findTestObject(PharmacyRequest/Page_Store/select_--Select--BA50)): 2 options of object 'Object Repository/PharmacyRequest/Page_Store/select_--Select--BA50' counted

2018-05-17 13:28:32 - [MESSAGE][PASSED] - 2 options of object 'Object Repository/PharmacyRequest/Page_Store/select_--Select--BA50' counted

2018-05-17 13:28:32 - [TEST_STEP][PASSED] - Statement - For ([g = 1, g <= BatchNumber - 1, (g++)]): null

2018-05-17 13:28:32 - [TEST_STEP][PASSED] - selectOptionByIndex: All options with index in [1] are selected on object 'Object Repository/PharmacyRequest/Page_Store/select_--Select--BA50'

2018-05-17 13:28:32 - [MESSAGE][PASSED] - All options with index in [1] are selected on object 'Object Repository/PharmacyRequest/Page_Store/select_--Select--BA50'

2018-05-17 13:28:32 - [TEST_STEP][PASSED] - delay: Delayed 1 second(s)

2018-05-17 13:28:33 - [MESSAGE][PASSED] - Delayed 1 second(s)

2018-05-17 13:28:33 - [TEST_STEP][PASSED] - Statement - StockQty = com.kms.katalon.core.webui.keyword.WebUiBuiltInKeywords.getAttribute(com.kms.katalon.core.testobject.ObjectRepository.findTestObject(PharmacyRequest/Page_Store/input_txtprice), "value"): Attribute 'value' of object 'Object Repository/PharmacyRequest/Page_Store/input_txtprice' is: '1050'

2018-05-17 13:28:33 - [MESSAGE][PASSED] - Attribute 'value' of object 'Object Repository/PharmacyRequest/Page_Store/input_txtprice' is: '1050'

2018-05-17 13:28:33 - [TEST_STEP][PASSED] - Statement - out.println("Stock QTY : " + StockQty): null

2018-05-17 13:28:33 - [TEST_STEP][PASSED] - delay: Delayed 1 second(s)

2018-05-17 13:28:34 - [MESSAGE][PASSED] - Delayed 1 second(s)

2018-05-17 13:28:34 - [TEST_STEP][PASSED] - Statement - If (java.lang.Integer.valueOf(StockQty) >= java.lang.Integer.valueOf(RequestedQty)): null

2018-05-17 13:28:34 - [TEST_STEP][PASSED] - setText: Text '10' is set on object 'Object Repository/PharmacyRequest/Page_Store/input_txtqty'

2018-05-17 13:28:34 - [MESSAGE][PASSED] - Text '10' is set on object 'Object Repository/PharmacyRequest/Page_Store/input_txtqty'

2018-05-17 13:28:34 - [TEST_STEP][PASSED] - click: Object: 'Object Repository/PharmacyRequest/Page_Store/button_Add' is clicked on

2018-05-17 13:28:39 - [MESSAGE][PASSED] - Object: 'Object Repository/PharmacyRequest/Page_Store/button_Add' is clicked on

2018-05-17 13:28:39 - [TEST_STEP][PASSED] - Statement - Break: null

2018-05-17 13:28:39 - [TEST_STEP][PASSED] - selectOptionByIndex: All options with index in [33] are selected on object 'Object Repository/PharmacyRequest/Page_Store/select_--Select--Amlodepin -5'

2018-05-17 13:28:40 - [MESSAGE][PASSED] - All options with index in [33] are selected on object 'Object Repository/PharmacyRequest/Page_Store/select_--Select--Amlodepin -5'

2018-05-17 13:28:40 - [TEST_STEP][PASSED] - delay: Delayed 1 second(s)

2018-05-17 13:28:41 - [MESSAGE][PASSED] - Delayed 1 second(s)

2018-05-17 13:28:41 - [TEST_STEP][PASSED] - Statement - RequestedQty = com.kms.katalon.core.webui.keyword.WebUiBuiltInKeywords.getAttribute(com.kms.katalon.core.testobject.ObjectRepository.findTestObject(PharmacyRequest/Page_Store/input_txttotal), "value"): Attribute 'value' of object 'Object Repository/PharmacyRequest/Page_Store/input_txttotal' is: '10'

2018-05-17 13:28:41 - [MESSAGE][PASSED] - Attribute 'value' of object 'Object Repository/PharmacyRequest/Page_Store/input_txttotal' is: '10'

2018-05-17 13:28:41 - [TEST_STEP][PASSED] - Statement - out.println("Requested QTY : " + RequestedQty): null

2018-05-17 13:28:41 - [TEST_STEP][PASSED] - Statement - BatchNumber = com.kms.katalon.core.webui.keyword.WebUiBuiltInKeywords.getNumberOfTotalOption(com.kms.katalon.core.testobject.ObjectRepository.findTestObject(PharmacyRequest/Page_Store/select_--Select--BA50)): 3 options of object 'Object Repository/PharmacyRequest/Page_Store/select_--Select--BA50' counted

2018-05-17 13:28:41 - [MESSAGE][PASSED] - 3 options of object 'Object Repository/PharmacyRequest/Page_Store/select_--Select--BA50' counted

2018-05-17 13:28:41 - [TEST_STEP][PASSED] - Statement - For ([g = 1, g <= BatchNumber - 1, (g++)]): null

2018-05-17 13:28:41 - [TEST_STEP][PASSED] - selectOptionByIndex: All options with index in [1] are selected on object 'Object Repository/PharmacyRequest/Page_Store/select_--Select--BA50'

2018-05-17 13:28:41 - [MESSAGE][PASSED] - All options with index in [1] are selected on object 'Object Repository/PharmacyRequest/Page_Store/select_--Select--BA50'

2018-05-17 13:28:41 - [TEST_STEP][PASSED] - delay: Delayed 1 second(s)

2018-05-17 13:28:42 - [MESSAGE][PASSED] - Delayed 1 second(s)

2018-05-17 13:28:42 - [TEST_STEP][PASSED] - Statement - StockQty = com.kms.katalon.core.webui.keyword.WebUiBuiltInKeywords.getAttribute(com.kms.katalon.core.testobject.ObjectRepository.findTestObject(PharmacyRequest/Page_Store/input_txtprice), "value"): Attribute 'value' of object 'Object Repository/PharmacyRequest/Page_Store/input_txtprice' is: '950'

2018-05-17 13:28:42 - [MESSAGE][PASSED] - Attribute 'value' of object 'Object Repository/PharmacyRequest/Page_Store/input_txtprice' is: '950'

2018-05-17 13:28:42 - [TEST_STEP][PASSED] - Statement - out.println("Stock QTY : " + StockQty): null

2018-05-17 13:28:42 - [TEST_STEP][PASSED] - delay: Delayed 1 second(s)

2018-05-17 13:28:43 - [MESSAGE][PASSED] - Delayed 1 second(s)

2018-05-17 13:28:43 - [TEST_STEP][PASSED] - Statement - If (java.lang.Integer.valueOf(StockQty) >= java.lang.Integer.valueOf(RequestedQty)): null

2018-05-17 13:28:43 - [TEST_STEP][PASSED] - setText: Text '10' is set on object 'Object Repository/PharmacyRequest/Page_Store/input_txtqty'

2018-05-17 13:28:43 - [MESSAGE][PASSED] - Text '10' is set on object 'Object Repository/PharmacyRequest/Page_Store/input_txtqty'

2018-05-17 13:28:43 - [TEST_STEP][PASSED] - click: Object: 'Object Repository/PharmacyRequest/Page_Store/button_Add' is clicked on

2018-05-17 13:28:48 - [MESSAGE][PASSED] - Object: 'Object Repository/PharmacyRequest/Page_Store/button_Add' is clicked on

2018-05-17 13:28:48 - [TEST_STEP][PASSED] - Statement - Break: null

2018-05-17 13:28:48 - [TEST_STEP][PASSED] - selectOptionByIndex: All options with index in [34] are selected on object 'Object Repository/PharmacyRequest/Page_Store/select_--Select--Amlodepin -5'

2018-05-17 13:28:48 - [MESSAGE][PASSED] - All options with index in [34] are selected on object 'Object Repository/PharmacyRequest/Page_Store/select_--Select--Amlodepin -5'

2018-05-17 13:28:48 - [TEST_STEP][PASSED] - delay: Delayed 1 second(s)

2018-05-17 13:28:49 - [MESSAGE][PASSED] - Delayed 1 second(s)

2018-05-17 13:28:49 - [TEST_STEP][PASSED] - Statement - RequestedQty = com.kms.katalon.core.webui.keyword.WebUiBuiltInKeywords.getAttribute(com.kms.katalon.core.testobject.ObjectRepository.findTestObject(PharmacyRequest/Page_Store/input_txttotal), "value"): Attribute 'value' of object 'Object Repository/PharmacyRequest/Page_Store/input_txttotal' is: '10'

2018-05-17 13:28:49 - [MESSAGE][PASSED] - Attribute 'value' of object 'Object Repository/PharmacyRequest/Page_Store/input_txttotal' is: '10'

2018-05-17 13:28:49 - [TEST_STEP][PASSED] - Statement - out.println("Requested QTY : " + RequestedQty): null

2018-05-17 13:28:49 - [TEST_STEP][PASSED] - Statement - BatchNumber = com.kms.katalon.core.webui.keyword.WebUiBuiltInKeywords.getNumberOfTotalOption(com.kms.katalon.core.testobject.ObjectRepository.findTestObject(PharmacyRequest/Page_Store/select_--Select--BA50)): 2 options of object 'Object Repository/PharmacyRequest/Page_Store/select_--Select--BA50' counted

2018-05-17 13:28:50 - [MESSAGE][PASSED] - 2 options of object 'Object Repository/PharmacyRequest/Page_Store/select_--Select--BA50' counted

2018-05-17 13:28:50 - [TEST_STEP][PASSED] - Statement - For ([g = 1, g <= BatchNumber - 1, (g++)]): null

2018-05-17 13:28:50 - [TEST_STEP][PASSED] - selectOptionByIndex: All options with index in [1] are selected on object 'Object Repository/PharmacyRequest/Page_Store/select_--Select--BA50'

2018-05-17 13:28:50 - [MESSAGE][PASSED] - All options with index in [1] are selected on object 'Object Repository/PharmacyRequest/Page_Store/select_--Select--BA50'

2018-05-17 13:28:50 - [TEST_STEP][PASSED] - delay: Delayed 1 second(s)

2018-05-17 13:28:51 - [MESSAGE][PASSED] - Delayed 1 second(s)

2018-05-17 13:28:51 - [TEST_STEP][PASSED] - Statement - StockQty = com.kms.katalon.core.webui.keyword.WebUiBuiltInKeywords.getAttribute(com.kms.katalon.core.testobject.ObjectRepository.findTestObject(PharmacyRequest/Page_Store/input_txtprice), "value"): Attribute 'value' of object 'Object Repository/PharmacyRequest/Page_Store/input_txtprice' is: '1050'

2018-05-17 13:28:51 - [MESSAGE][PASSED] - Attribute 'value' of object 'Object Repository/PharmacyRequest/Page_Store/input_txtprice' is: '1050'

2018-05-17 13:28:51 - [TEST_STEP][PASSED] - Statement - out.println("Stock QTY : " + StockQty): null

2018-05-17 13:28:51 - [TEST_STEP][PASSED] - delay: Delayed 1 second(s)

2018-05-17 13:28:52 - [MESSAGE][PASSED] - Delayed 1 second(s)

2018-05-17 13:28:52 - [TEST_STEP][PASSED] - Statement - If (java.lang.Integer.valueOf(StockQty) >= java.lang.Integer.valueOf(RequestedQty)): null

2018-05-17 13:28:52 - [TEST_STEP][PASSED] - setText: Text '10' is set on object 'Object Repository/PharmacyRequest/Page_Store/input_txtqty'

2018-05-17 13:28:52 - [MESSAGE][PASSED] - Text '10' is set on object 'Object Repository/PharmacyRequest/Page_Store/input_txtqty'

2018-05-17 13:28:52 - [TEST_STEP][PASSED] - click: Object: 'Object Repository/PharmacyRequest/Page_Store/button_Add' is clicked on

2018-05-17 13:28:57 - [MESSAGE][PASSED] - Object: 'Object Repository/PharmacyRequest/Page_Store/button_Add' is clicked on

2018-05-17 13:28:57 - [TEST_STEP][PASSED] - Statement - Break: null

2018-05-17 13:28:57 - [TEST_STEP][PASSED] - selectOptionByIndex: All options with index in [35] are selected on object 'Object Repository/PharmacyRequest/Page_Store/select_--Select--Amlodepin -5'

2018-05-17 13:28:57 - [MESSAGE][PASSED] - All options with index in [35] are selected on object 'Object Repository/PharmacyRequest/Page_Store/select_--Select--Amlodepin -5'

2018-05-17 13:28:57 - [TEST_STEP][PASSED] - delay: Delayed 1 second(s)

2018-05-17 13:28:58 - [MESSAGE][PASSED] - Delayed 1 second(s)

2018-05-17 13:28:58 - [TEST_STEP][PASSED] - Statement - RequestedQty = com.kms.katalon.core.webui.keyword.WebUiBuiltInKeywords.getAttribute(com.kms.katalon.core.testobject.ObjectRepository.findTestObject(PharmacyRequest/Page_Store/input_txttotal), "value"): Attribute 'value' of object 'Object Repository/PharmacyRequest/Page_Store/input_txttotal' is: '10'

2018-05-17 13:28:58 - [MESSAGE][PASSED] - Attribute 'value' of object 'Object Repository/PharmacyRequest/Page_Store/input_txttotal' is: '10'

2018-05-17 13:28:58 - [TEST_STEP][PASSED] - Statement - out.println("Requested QTY : " + RequestedQty): null

2018-05-17 13:28:58 - [TEST_STEP][PASSED] - Statement - BatchNumber = com.kms.katalon.core.webui.keyword.WebUiBuiltInKeywords.getNumberOfTotalOption(com.kms.katalon.core.testobject.ObjectRepository.findTestObject(PharmacyRequest/Page_Store/select_--Select--BA50)): 3 options of object 'Object Repository/PharmacyRequest/Page_Store/select_--Select--BA50' counted

2018-05-17 13:28:58 - [MESSAGE][PASSED] - 3 options of object 'Object Repository/PharmacyRequest/Page_Store/select_--Select--BA50' counted

2018-05-17 13:28:58 - [TEST_STEP][PASSED] - Statement - For ([g = 1, g <= BatchNumber - 1, (g++)]): null

2018-05-17 13:28:58 - [TEST_STEP][PASSED] - selectOptionByIndex: All options with index in [1] are selected on object 'Object Repository/PharmacyRequest/Page_Store/select_--Select--BA50'

2018-05-17 13:28:59 - [MESSAGE][PASSED] - All options with index in [1] are selected on object 'Object Repository/PharmacyRequest/Page_Store/select_--Select--BA50'

2018-05-17 13:28:59 - [TEST_STEP][PASSED] - delay: Delayed 1 second(s)

2018-05-17 13:29:00 - [MESSAGE][PASSED] - Delayed 1 second(s)

2018-05-17 13:29:00 - [TEST_STEP][PASSED] - Statement - StockQty = com.kms.katalon.core.webui.keyword.WebUiBuiltInKeywords.getAttribute(com.kms.katalon.core.testobject.ObjectRepository.findTestObject(PharmacyRequest/Page_Store/input_txtprice), "value"): Attribute 'value' of object 'Object Repository/PharmacyRequest/Page_Store/input_txtprice' is: '960'

2018-05-17 13:29:00 - [MESSAGE][PASSED] - Attribute 'value' of object 'Object Repository/PharmacyRequest/Page_Store/input_txtprice' is: '960'

2018-05-17 13:29:00 - [TEST_STEP][PASSED] - Statement - out.println("Stock QTY : " + StockQty): null

2018-05-17 13:29:00 - [TEST_STEP][PASSED] - delay: Delayed 1 second(s)

2018-05-17 13:29:01 - [MESSAGE][PASSED] - Delayed 1 second(s)

2018-05-17 13:29:01 - [TEST_STEP][PASSED] - Statement - If (java.lang.Integer.valueOf(StockQty) >= java.lang.Integer.valueOf(RequestedQty)): null

2018-05-17 13:29:01 - [TEST_STEP][PASSED] - setText: Text '10' is set on object 'Object Repository/PharmacyRequest/Page_Store/input_txtqty'

2018-05-17 13:29:01 - [MESSAGE][PASSED] - Text '10' is set on object 'Object Repository/PharmacyRequest/Page_Store/input_txtqty'

2018-05-17 13:29:01 - [TEST_STEP][PASSED] - click: Object: 'Object Repository/PharmacyRequest/Page_Store/button_Add' is clicked on

2018-05-17 13:29:06 - [MESSAGE][PASSED] - Object: 'Object Repository/PharmacyRequest/Page_Store/button_Add' is clicked on

2018-05-17 13:29:06 - [TEST_STEP][PASSED] - Statement - Break: null

2018-05-17 13:29:06 - [TEST_STEP][PASSED] - selectOptionByIndex: All options with index in [36] are selected on object 'Object Repository/PharmacyRequest/Page_Store/select_--Select--Amlodepin -5'

2018-05-17 13:29:06 - [MESSAGE][PASSED] - All options with index in [36] are selected on object 'Object Repository/PharmacyRequest/Page_Store/select_--Select--Amlodepin -5'

2018-05-17 13:29:06 - [TEST_STEP][PASSED] - delay: Delayed 1 second(s)

2018-05-17 13:29:07 - [MESSAGE][PASSED] - Delayed 1 second(s)

2018-05-17 13:29:07 - [TEST_STEP][PASSED] - Statement - RequestedQty = com.kms.katalon.core.webui.keyword.WebUiBuiltInKeywords.getAttribute(com.kms.katalon.core.testobject.ObjectRepository.findTestObject(PharmacyRequest/Page_Store/input_txttotal), "value"): Attribute 'value' of object 'Object Repository/PharmacyRequest/Page_Store/input_txttotal' is: '10'

2018-05-17 13:29:07 - [MESSAGE][PASSED] - Attribute 'value' of object 'Object Repository/PharmacyRequest/Page_Store/input_txttotal' is: '10'

2018-05-17 13:29:07 - [TEST_STEP][PASSED] - Statement - out.println("Requested QTY : " + RequestedQty): null

2018-05-17 13:29:07 - [TEST_STEP][PASSED] - Statement - BatchNumber = com.kms.katalon.core.webui.keyword.WebUiBuiltInKeywords.getNumberOfTotalOption(com.kms.katalon.core.testobject.ObjectRepository.findTestObject(PharmacyRequest/Page_Store/select_--Select--BA50)): 2 options of object 'Object Repository/PharmacyRequest/Page_Store/select_--Select--BA50' counted

2018-05-17 13:29:07 - [MESSAGE][PASSED] - 2 options of object 'Object Repository/PharmacyRequest/Page_Store/select_--Select--BA50' counted

2018-05-17 13:29:07 - [TEST_STEP][PASSED] - Statement - For ([g = 1, g <= BatchNumber - 1, (g++)]): null

2018-05-17 13:29:07 - [TEST_STEP][PASSED] - selectOptionByIndex: All options with index in [1] are selected on object 'Object Repository/PharmacyRequest/Page_Store/select_--Select--BA50'

2018-05-17 13:29:07 - [MESSAGE][PASSED] - All options with index in [1] are selected on object 'Object Repository/PharmacyRequest/Page_Store/select_--Select--BA50'

2018-05-17 13:29:07 - [TEST_STEP][PASSED] - delay: Delayed 1 second(s)

2018-05-17 13:29:08 - [MESSAGE][PASSED] - Delayed 1 second(s)

2018-05-17 13:29:08 - [TEST_STEP][PASSED] - Statement - StockQty = com.kms.katalon.core.webui.keyword.WebUiBuiltInKeywords.getAttribute(com.kms.katalon.core.testobject.ObjectRepository.findTestObject(PharmacyRequest/Page_Store/input_txtprice), "value"): Attribute 'value' of object 'Object Repository/PharmacyRequest/Page_Store/input_txtprice' is: '1080'

2018-05-17 13:29:08 - [MESSAGE][PASSED] - Attribute 'value' of object 'Object Repository/PharmacyRequest/Page_Store/input_txtprice' is: '1080'

2018-05-17 13:29:08 - [TEST_STEP][PASSED] - Statement - out.println("Stock QTY : " + StockQty): null

2018-05-17 13:29:08 - [TEST_STEP][PASSED] - delay: Delayed 1 second(s)

2018-05-17 13:29:09 - [MESSAGE][PASSED] - Delayed 1 second(s)

2018-05-17 13:29:09 - [TEST_STEP][PASSED] - Statement - If (java.lang.Integer.valueOf(StockQty) >= java.lang.Integer.valueOf(RequestedQty)): null

2018-05-17 13:29:09 - [TEST_STEP][PASSED] - setText: Text '10' is set on object 'Object Repository/PharmacyRequest/Page_Store/input_txtqty'

2018-05-17 13:29:09 - [MESSAGE][PASSED] - Text '10' is set on object 'Object Repository/PharmacyRequest/Page_Store/input_txtqty'

2018-05-17 13:29:09 - [TEST_STEP][PASSED] - click: Object: 'Object Repository/PharmacyRequest/Page_Store/button_Add' is clicked on

2018-05-17 13:29:15 - [MESSAGE][PASSED] - Object: 'Object Repository/PharmacyRequest/Page_Store/button_Add' is clicked on

2018-05-17 13:29:15 - [TEST_STEP][PASSED] - Statement - Break: null

2018-05-17 13:29:15 - [TEST_STEP][PASSED] - scrollToElement: Scroll to object 'Object Repository/PharmacyRequest/Page_Store/input_btnSubmit' successfully

2018-05-17 13:29:15 - [MESSAGE][PASSED] - Scroll to object 'Object Repository/PharmacyRequest/Page_Store/input_btnSubmit' successfully

2018-05-17 13:29:15 - [TEST_STEP][PASSED] - click: Object: 'Object Repository/PharmacyRequest/Page_Store/input_btnSubmit' is clicked on

2018-05-17 13:29:20 - [MESSAGE][PASSED] - Object: 'Object Repository/PharmacyRequest/Page_Store/input_btnSubmit' is clicked on

2018-05-17 13:29:20 - [TEST_STEP][PASSED] - delay: Delayed 3 second(s)

2018-05-17 13:29:23 - [MESSAGE][PASSED] - Delayed 3 second(s)

2018-05-17 13:29:23 - [TEST_STEP][PASSED] - click: Object: 'Object Repository/PharmacyRequest/Page_Store/button_OK' is clicked on

2018-05-17 13:29:29 - [MESSAGE][PASSED] - Object: 'Object Repository/PharmacyRequest/Page_Store/button_OK' is clicked on

2018-05-17 13:29:29 - [TEST_STEP][PASSED] - delay: Delayed 3 second(s)

2018-05-17 13:29:32 - [MESSAGE][PASSED] - Delayed 3 second(s)

2018-05-17 13:29:32 - [TEST_STEP][PASSED] - click: Object: 'Object Repository/PharmacyRequest/Page_Store/a_dropdown-toggle' is clicked on

2018-05-17 13:29:37 - [MESSAGE][PASSED] - Object: 'Object Repository/PharmacyRequest/Page_Store/a_dropdown-toggle' is clicked on

2018-05-17 13:29:37 - [TEST_STEP][PASSED] - click: Object: 'Object Repository/PharmacyRequest/Page_Store/a_Sign out' is clicked on

2018-05-17 13:29:43 - [MESSAGE][PASSED] - Object: 'Object Repository/PharmacyRequest/Page_Store/a_Sign out' is clicked on

2018-05-17 13:29:43 - [TEST_STEP][PASSED] - closeBrowser: Browser is closed

2018-05-17 13:29:43 - [MESSAGE][PASSED] - Browser is closed

2018-05-17 13:29:43 - [TEST_STEP][PASSED] - Statement - out.println("Schedule 3 Pharmacy Request Are Working Successfully"): null]]></system-out>
         <system-err><![CDATA[]]></system-err>
      </testcase>
      <testcase name="Test Cases/PHARMACY TEST CASES/TC_PHAR_004 Verify Schedule 4 Pharmacy Request Are Working Successfully Or Not" classname="Test Cases/PHARMACY TEST CASES/TC_PHAR_004 Verify Schedule 4 Pharmacy Request Are Working Successfully Or Not" status="PASSED">
         <system-out><![CDATA[2018-05-17 13:29:43 - [TEST_CASE][PASSED] - Test Cases/PHARMACY TEST CASES/TC_PHAR_004 Verify Schedule 4 Pharmacy Request Are Working Successfully Or Not: Test Cases/PHARMACY TEST CASES/TC_PHAR_004 Verify Schedule 4 Pharmacy Request Are Working Successfully Or Not

2018-05-17 13:29:44 - [TEST_STEP][PASSED] - openBrowser: Browser is opened with url: ''

2018-05-17 13:29:46 - [MESSAGE][PASSED] - Browser is opened with url: ''

2018-05-17 13:29:46 - [TEST_STEP][PASSED] - Statement - out.println("Verify Schedule 4 Pharmacy Request Are Working Successfully Or Not"): null

2018-05-17 13:29:46 - [TEST_STEP][PASSED] - navigateToUrl: Navigate to 'http://192.168.137.1/multihospital_new/' successfully

2018-05-17 13:29:48 - [MESSAGE][PASSED] - Navigate to 'http://192.168.137.1/multihospital_new/' successfully

2018-05-17 13:29:48 - [TEST_STEP][PASSED] - maximizeWindow: Current window maximized

2018-05-17 13:29:49 - [MESSAGE][PASSED] - Current window maximized

2018-05-17 13:29:49 - [TEST_STEP][PASSED] - click: Object: 'Object Repository/PharmacyRequest/Page_KDMC/a_Pharmacy' is clicked on

2018-05-17 13:29:50 - [MESSAGE][PASSED] - Object: 'Object Repository/PharmacyRequest/Page_KDMC/a_Pharmacy' is clicked on

2018-05-17 13:29:50 - [TEST_STEP][PASSED] - setText: Text 'raja' is set on object 'Object Repository/PharmacyRequest/Page_Pharmacy login/input_txtusername'

2018-05-17 13:29:50 - [MESSAGE][PASSED] - Text 'raja' is set on object 'Object Repository/PharmacyRequest/Page_Pharmacy login/input_txtusername'

2018-05-17 13:29:50 - [TEST_STEP][PASSED] - setText: Text '123' is set on object 'Object Repository/PharmacyRequest/Page_Pharmacy login/input_txtpassword'

2018-05-17 13:29:50 - [MESSAGE][PASSED] - Text '123' is set on object 'Object Repository/PharmacyRequest/Page_Pharmacy login/input_txtpassword'

2018-05-17 13:29:50 - [TEST_STEP][PASSED] - delay: Delayed 3 second(s)

2018-05-17 13:29:53 - [MESSAGE][PASSED] - Delayed 3 second(s)

2018-05-17 13:29:53 - [TEST_STEP][PASSED] - click: Object: 'Object Repository/PharmacyRequest/Page_Pharmacy login/button_Sign in' is clicked on

2018-05-17 13:29:54 - [MESSAGE][PASSED] - Object: 'Object Repository/PharmacyRequest/Page_Pharmacy login/button_Sign in' is clicked on

2018-05-17 13:29:54 - [TEST_STEP][PASSED] - delay: Delayed 3 second(s)

2018-05-17 13:29:57 - [MESSAGE][PASSED] - Delayed 3 second(s)

2018-05-17 13:29:57 - [TEST_STEP][PASSED] - click: Object: 'Object Repository/PharmacyRequest/Page_KDMC - Pharmacy/a_Inventory' is clicked on

2018-05-17 13:29:58 - [MESSAGE][PASSED] - Object: 'Object Repository/PharmacyRequest/Page_KDMC - Pharmacy/a_Inventory' is clicked on

2018-05-17 13:29:58 - [TEST_STEP][PASSED] - delay: Delayed 3 second(s)

2018-05-17 13:30:01 - [MESSAGE][PASSED] - Delayed 3 second(s)

2018-05-17 13:30:01 - [TEST_STEP][PASSED] - click: Object: 'Object Repository/PharmacyRequest/Page_KDMC-Pharmacy/a_Store Request' is clicked on

2018-05-17 13:30:01 - [MESSAGE][PASSED] - Object: 'Object Repository/PharmacyRequest/Page_KDMC-Pharmacy/a_Store Request' is clicked on

2018-05-17 13:30:01 - [TEST_STEP][PASSED] - click: Object: 'Object Repository/PharmacyRequest/Page_KDMC-Pharmacy/a_Medicine Request' is clicked on

2018-05-17 13:30:02 - [MESSAGE][PASSED] - Object: 'Object Repository/PharmacyRequest/Page_KDMC-Pharmacy/a_Medicine Request' is clicked on

2018-05-17 13:30:02 - [TEST_STEP][PASSED] - selectOptionByIndex: All options with index in [4] are selected on object 'Object Repository/PharmacyRequest/Page_KDMC-Pharmacy/select_--Select--Schedule 1Inj'

2018-05-17 13:30:02 - [MESSAGE][PASSED] - All options with index in [4] are selected on object 'Object Repository/PharmacyRequest/Page_KDMC-Pharmacy/select_--Select--Schedule 1Inj'

2018-05-17 13:30:02 - [TEST_STEP][PASSED] - Statement - MedicineLength = com.kms.katalon.core.webui.keyword.WebUiBuiltInKeywords.getNumberOfTotalOption(com.kms.katalon.core.testobject.ObjectRepository.findTestObject(PharmacyRequest/Page_KDMC-Pharmacy/select_--Select--Albendazole)): 16 options of object 'Object Repository/PharmacyRequest/Page_KDMC-Pharmacy/select_--Select--Albendazole' counted

2018-05-17 13:30:02 - [MESSAGE][PASSED] - 16 options of object 'Object Repository/PharmacyRequest/Page_KDMC-Pharmacy/select_--Select--Albendazole' counted

2018-05-17 13:30:02 - [TEST_STEP][PASSED] - Statement - For ([l = 1, l <= MedicineLength - 1, (l++)]): Object: 'Object Repository/PharmacyRequest/Page_KDMC-Pharmacy/button_Add' is clicked on

2018-05-17 13:30:02 - [TEST_STEP][PASSED] - selectOptionByIndex: All options with index in [4] are selected on object 'Object Repository/PharmacyRequest/Page_KDMC-Pharmacy/select_--Select--Schedule 1Inj'

2018-05-17 13:30:02 - [MESSAGE][PASSED] - All options with index in [4] are selected on object 'Object Repository/PharmacyRequest/Page_KDMC-Pharmacy/select_--Select--Schedule 1Inj'

2018-05-17 13:30:02 - [TEST_STEP][PASSED] - selectOptionByIndex: All options with index in [1] are selected on object 'Object Repository/PharmacyRequest/Page_KDMC-Pharmacy/select_--Select--Albendazole'

2018-05-17 13:30:02 - [MESSAGE][PASSED] - All options with index in [1] are selected on object 'Object Repository/PharmacyRequest/Page_KDMC-Pharmacy/select_--Select--Albendazole'

2018-05-17 13:30:02 - [TEST_STEP][PASSED] - setText: Text '10' is set on object 'Object Repository/PharmacyRequest/Page_KDMC-Pharmacy/input_txttreat'

2018-05-17 13:30:02 - [MESSAGE][PASSED] - Text '10' is set on object 'Object Repository/PharmacyRequest/Page_KDMC-Pharmacy/input_txttreat'

2018-05-17 13:30:02 - [TEST_STEP][PASSED] - click: Object: 'Object Repository/PharmacyRequest/Page_KDMC-Pharmacy/button_Add' is clicked on

2018-05-17 13:30:02 - [MESSAGE][PASSED] - Object: 'Object Repository/PharmacyRequest/Page_KDMC-Pharmacy/button_Add' is clicked on

2018-05-17 13:30:02 - [TEST_STEP][PASSED] - selectOptionByIndex: All options with index in [4] are selected on object 'Object Repository/PharmacyRequest/Page_KDMC-Pharmacy/select_--Select--Schedule 1Inj'

2018-05-17 13:30:03 - [MESSAGE][PASSED] - All options with index in [4] are selected on object 'Object Repository/PharmacyRequest/Page_KDMC-Pharmacy/select_--Select--Schedule 1Inj'

2018-05-17 13:30:03 - [TEST_STEP][PASSED] - selectOptionByIndex: All options with index in [2] are selected on object 'Object Repository/PharmacyRequest/Page_KDMC-Pharmacy/select_--Select--Albendazole'

2018-05-17 13:30:03 - [MESSAGE][PASSED] - All options with index in [2] are selected on object 'Object Repository/PharmacyRequest/Page_KDMC-Pharmacy/select_--Select--Albendazole'

2018-05-17 13:30:03 - [TEST_STEP][PASSED] - setText: Text '10' is set on object 'Object Repository/PharmacyRequest/Page_KDMC-Pharmacy/input_txttreat'

2018-05-17 13:30:03 - [MESSAGE][PASSED] - Text '10' is set on object 'Object Repository/PharmacyRequest/Page_KDMC-Pharmacy/input_txttreat'

2018-05-17 13:30:03 - [TEST_STEP][PASSED] - click: Object: 'Object Repository/PharmacyRequest/Page_KDMC-Pharmacy/button_Add' is clicked on

2018-05-17 13:30:03 - [MESSAGE][PASSED] - Object: 'Object Repository/PharmacyRequest/Page_KDMC-Pharmacy/button_Add' is clicked on

2018-05-17 13:30:03 - [TEST_STEP][PASSED] - selectOptionByIndex: All options with index in [4] are selected on object 'Object Repository/PharmacyRequest/Page_KDMC-Pharmacy/select_--Select--Schedule 1Inj'

2018-05-17 13:30:03 - [MESSAGE][PASSED] - All options with index in [4] are selected on object 'Object Repository/PharmacyRequest/Page_KDMC-Pharmacy/select_--Select--Schedule 1Inj'

2018-05-17 13:30:03 - [TEST_STEP][PASSED] - selectOptionByIndex: All options with index in [3] are selected on object 'Object Repository/PharmacyRequest/Page_KDMC-Pharmacy/select_--Select--Albendazole'

2018-05-17 13:30:03 - [MESSAGE][PASSED] - All options with index in [3] are selected on object 'Object Repository/PharmacyRequest/Page_KDMC-Pharmacy/select_--Select--Albendazole'

2018-05-17 13:30:03 - [TEST_STEP][PASSED] - setText: Text '10' is set on object 'Object Repository/PharmacyRequest/Page_KDMC-Pharmacy/input_txttreat'

2018-05-17 13:30:03 - [MESSAGE][PASSED] - Text '10' is set on object 'Object Repository/PharmacyRequest/Page_KDMC-Pharmacy/input_txttreat'

2018-05-17 13:30:03 - [TEST_STEP][PASSED] - click: Object: 'Object Repository/PharmacyRequest/Page_KDMC-Pharmacy/button_Add' is clicked on

2018-05-17 13:30:03 - [MESSAGE][PASSED] - Object: 'Object Repository/PharmacyRequest/Page_KDMC-Pharmacy/button_Add' is clicked on

2018-05-17 13:30:03 - [TEST_STEP][PASSED] - selectOptionByIndex: All options with index in [4] are selected on object 'Object Repository/PharmacyRequest/Page_KDMC-Pharmacy/select_--Select--Schedule 1Inj'

2018-05-17 13:30:03 - [MESSAGE][PASSED] - All options with index in [4] are selected on object 'Object Repository/PharmacyRequest/Page_KDMC-Pharmacy/select_--Select--Schedule 1Inj'

2018-05-17 13:30:03 - [TEST_STEP][PASSED] - selectOptionByIndex: All options with index in [4] are selected on object 'Object Repository/PharmacyRequest/Page_KDMC-Pharmacy/select_--Select--Albendazole'

2018-05-17 13:30:03 - [MESSAGE][PASSED] - All options with index in [4] are selected on object 'Object Repository/PharmacyRequest/Page_KDMC-Pharmacy/select_--Select--Albendazole'

2018-05-17 13:30:03 - [TEST_STEP][PASSED] - setText: Text '10' is set on object 'Object Repository/PharmacyRequest/Page_KDMC-Pharmacy/input_txttreat'

2018-05-17 13:30:03 - [MESSAGE][PASSED] - Text '10' is set on object 'Object Repository/PharmacyRequest/Page_KDMC-Pharmacy/input_txttreat'

2018-05-17 13:30:03 - [TEST_STEP][PASSED] - click: Object: 'Object Repository/PharmacyRequest/Page_KDMC-Pharmacy/button_Add' is clicked on

2018-05-17 13:30:03 - [MESSAGE][PASSED] - Object: 'Object Repository/PharmacyRequest/Page_KDMC-Pharmacy/button_Add' is clicked on

2018-05-17 13:30:03 - [TEST_STEP][PASSED] - selectOptionByIndex: All options with index in [4] are selected on object 'Object Repository/PharmacyRequest/Page_KDMC-Pharmacy/select_--Select--Schedule 1Inj'

2018-05-17 13:30:04 - [MESSAGE][PASSED] - All options with index in [4] are selected on object 'Object Repository/PharmacyRequest/Page_KDMC-Pharmacy/select_--Select--Schedule 1Inj'

2018-05-17 13:30:04 - [TEST_STEP][PASSED] - selectOptionByIndex: All options with index in [5] are selected on object 'Object Repository/PharmacyRequest/Page_KDMC-Pharmacy/select_--Select--Albendazole'

2018-05-17 13:30:04 - [MESSAGE][PASSED] - All options with index in [5] are selected on object 'Object Repository/PharmacyRequest/Page_KDMC-Pharmacy/select_--Select--Albendazole'

2018-05-17 13:30:04 - [TEST_STEP][PASSED] - setText: Text '10' is set on object 'Object Repository/PharmacyRequest/Page_KDMC-Pharmacy/input_txttreat'

2018-05-17 13:30:04 - [MESSAGE][PASSED] - Text '10' is set on object 'Object Repository/PharmacyRequest/Page_KDMC-Pharmacy/input_txttreat'

2018-05-17 13:30:04 - [TEST_STEP][PASSED] - click: Object: 'Object Repository/PharmacyRequest/Page_KDMC-Pharmacy/button_Add' is clicked on

2018-05-17 13:30:04 - [MESSAGE][PASSED] - Object: 'Object Repository/PharmacyRequest/Page_KDMC-Pharmacy/button_Add' is clicked on

2018-05-17 13:30:04 - [TEST_STEP][PASSED] - selectOptionByIndex: All options with index in [4] are selected on object 'Object Repository/PharmacyRequest/Page_KDMC-Pharmacy/select_--Select--Schedule 1Inj'

2018-05-17 13:30:04 - [MESSAGE][PASSED] - All options with index in [4] are selected on object 'Object Repository/PharmacyRequest/Page_KDMC-Pharmacy/select_--Select--Schedule 1Inj'

2018-05-17 13:30:04 - [TEST_STEP][PASSED] - selectOptionByIndex: All options with index in [6] are selected on object 'Object Repository/PharmacyRequest/Page_KDMC-Pharmacy/select_--Select--Albendazole'

2018-05-17 13:30:04 - [MESSAGE][PASSED] - All options with index in [6] are selected on object 'Object Repository/PharmacyRequest/Page_KDMC-Pharmacy/select_--Select--Albendazole'

2018-05-17 13:30:04 - [TEST_STEP][PASSED] - setText: Text '10' is set on object 'Object Repository/PharmacyRequest/Page_KDMC-Pharmacy/input_txttreat'

2018-05-17 13:30:04 - [MESSAGE][PASSED] - Text '10' is set on object 'Object Repository/PharmacyRequest/Page_KDMC-Pharmacy/input_txttreat'

2018-05-17 13:30:04 - [TEST_STEP][PASSED] - click: Object: 'Object Repository/PharmacyRequest/Page_KDMC-Pharmacy/button_Add' is clicked on

2018-05-17 13:30:04 - [MESSAGE][PASSED] - Object: 'Object Repository/PharmacyRequest/Page_KDMC-Pharmacy/button_Add' is clicked on

2018-05-17 13:30:04 - [TEST_STEP][PASSED] - selectOptionByIndex: All options with index in [4] are selected on object 'Object Repository/PharmacyRequest/Page_KDMC-Pharmacy/select_--Select--Schedule 1Inj'

2018-05-17 13:30:04 - [MESSAGE][PASSED] - All options with index in [4] are selected on object 'Object Repository/PharmacyRequest/Page_KDMC-Pharmacy/select_--Select--Schedule 1Inj'

2018-05-17 13:30:04 - [TEST_STEP][PASSED] - selectOptionByIndex: All options with index in [7] are selected on object 'Object Repository/PharmacyRequest/Page_KDMC-Pharmacy/select_--Select--Albendazole'

2018-05-17 13:30:04 - [MESSAGE][PASSED] - All options with index in [7] are selected on object 'Object Repository/PharmacyRequest/Page_KDMC-Pharmacy/select_--Select--Albendazole'

2018-05-17 13:30:04 - [TEST_STEP][PASSED] - setText: Text '10' is set on object 'Object Repository/PharmacyRequest/Page_KDMC-Pharmacy/input_txttreat'

2018-05-17 13:30:05 - [MESSAGE][PASSED] - Text '10' is set on object 'Object Repository/PharmacyRequest/Page_KDMC-Pharmacy/input_txttreat'

2018-05-17 13:30:05 - [TEST_STEP][PASSED] - click: Object: 'Object Repository/PharmacyRequest/Page_KDMC-Pharmacy/button_Add' is clicked on

2018-05-17 13:30:05 - [MESSAGE][PASSED] - Object: 'Object Repository/PharmacyRequest/Page_KDMC-Pharmacy/button_Add' is clicked on

2018-05-17 13:30:05 - [TEST_STEP][PASSED] - selectOptionByIndex: All options with index in [4] are selected on object 'Object Repository/PharmacyRequest/Page_KDMC-Pharmacy/select_--Select--Schedule 1Inj'

2018-05-17 13:30:05 - [MESSAGE][PASSED] - All options with index in [4] are selected on object 'Object Repository/PharmacyRequest/Page_KDMC-Pharmacy/select_--Select--Schedule 1Inj'

2018-05-17 13:30:05 - [TEST_STEP][PASSED] - selectOptionByIndex: All options with index in [8] are selected on object 'Object Repository/PharmacyRequest/Page_KDMC-Pharmacy/select_--Select--Albendazole'

2018-05-17 13:30:05 - [MESSAGE][PASSED] - All options with index in [8] are selected on object 'Object Repository/PharmacyRequest/Page_KDMC-Pharmacy/select_--Select--Albendazole'

2018-05-17 13:30:05 - [TEST_STEP][PASSED] - setText: Text '10' is set on object 'Object Repository/PharmacyRequest/Page_KDMC-Pharmacy/input_txttreat'

2018-05-17 13:30:05 - [MESSAGE][PASSED] - Text '10' is set on object 'Object Repository/PharmacyRequest/Page_KDMC-Pharmacy/input_txttreat'

2018-05-17 13:30:05 - [TEST_STEP][PASSED] - click: Object: 'Object Repository/PharmacyRequest/Page_KDMC-Pharmacy/button_Add' is clicked on

2018-05-17 13:30:05 - [MESSAGE][PASSED] - Object: 'Object Repository/PharmacyRequest/Page_KDMC-Pharmacy/button_Add' is clicked on

2018-05-17 13:30:05 - [TEST_STEP][PASSED] - selectOptionByIndex: All options with index in [4] are selected on object 'Object Repository/PharmacyRequest/Page_KDMC-Pharmacy/select_--Select--Schedule 1Inj'

2018-05-17 13:30:05 - [MESSAGE][PASSED] - All options with index in [4] are selected on object 'Object Repository/PharmacyRequest/Page_KDMC-Pharmacy/select_--Select--Schedule 1Inj'

2018-05-17 13:30:05 - [TEST_STEP][PASSED] - selectOptionByIndex: All options with index in [9] are selected on object 'Object Repository/PharmacyRequest/Page_KDMC-Pharmacy/select_--Select--Albendazole'

2018-05-17 13:30:05 - [MESSAGE][PASSED] - All options with index in [9] are selected on object 'Object Repository/PharmacyRequest/Page_KDMC-Pharmacy/select_--Select--Albendazole'

2018-05-17 13:30:05 - [TEST_STEP][PASSED] - setText: Text '10' is set on object 'Object Repository/PharmacyRequest/Page_KDMC-Pharmacy/input_txttreat'

2018-05-17 13:30:05 - [MESSAGE][PASSED] - Text '10' is set on object 'Object Repository/PharmacyRequest/Page_KDMC-Pharmacy/input_txttreat'

2018-05-17 13:30:05 - [TEST_STEP][PASSED] - click: Object: 'Object Repository/PharmacyRequest/Page_KDMC-Pharmacy/button_Add' is clicked on

2018-05-17 13:30:05 - [MESSAGE][PASSED] - Object: 'Object Repository/PharmacyRequest/Page_KDMC-Pharmacy/button_Add' is clicked on

2018-05-17 13:30:05 - [TEST_STEP][PASSED] - selectOptionByIndex: All options with index in [4] are selected on object 'Object Repository/PharmacyRequest/Page_KDMC-Pharmacy/select_--Select--Schedule 1Inj'

2018-05-17 13:30:05 - [MESSAGE][PASSED] - All options with index in [4] are selected on object 'Object Repository/PharmacyRequest/Page_KDMC-Pharmacy/select_--Select--Schedule 1Inj'

2018-05-17 13:30:05 - [TEST_STEP][PASSED] - selectOptionByIndex: All options with index in [10] are selected on object 'Object Repository/PharmacyRequest/Page_KDMC-Pharmacy/select_--Select--Albendazole'

2018-05-17 13:30:06 - [MESSAGE][PASSED] - All options with index in [10] are selected on object 'Object Repository/PharmacyRequest/Page_KDMC-Pharmacy/select_--Select--Albendazole'

2018-05-17 13:30:06 - [TEST_STEP][PASSED] - setText: Text '10' is set on object 'Object Repository/PharmacyRequest/Page_KDMC-Pharmacy/input_txttreat'

2018-05-17 13:30:06 - [MESSAGE][PASSED] - Text '10' is set on object 'Object Repository/PharmacyRequest/Page_KDMC-Pharmacy/input_txttreat'

2018-05-17 13:30:06 - [TEST_STEP][PASSED] - click: Object: 'Object Repository/PharmacyRequest/Page_KDMC-Pharmacy/button_Add' is clicked on

2018-05-17 13:30:06 - [MESSAGE][PASSED] - Object: 'Object Repository/PharmacyRequest/Page_KDMC-Pharmacy/button_Add' is clicked on

2018-05-17 13:30:06 - [TEST_STEP][PASSED] - selectOptionByIndex: All options with index in [4] are selected on object 'Object Repository/PharmacyRequest/Page_KDMC-Pharmacy/select_--Select--Schedule 1Inj'

2018-05-17 13:30:06 - [MESSAGE][PASSED] - All options with index in [4] are selected on object 'Object Repository/PharmacyRequest/Page_KDMC-Pharmacy/select_--Select--Schedule 1Inj'

2018-05-17 13:30:06 - [TEST_STEP][PASSED] - selectOptionByIndex: All options with index in [11] are selected on object 'Object Repository/PharmacyRequest/Page_KDMC-Pharmacy/select_--Select--Albendazole'

2018-05-17 13:30:06 - [MESSAGE][PASSED] - All options with index in [11] are selected on object 'Object Repository/PharmacyRequest/Page_KDMC-Pharmacy/select_--Select--Albendazole'

2018-05-17 13:30:06 - [TEST_STEP][PASSED] - setText: Text '10' is set on object 'Object Repository/PharmacyRequest/Page_KDMC-Pharmacy/input_txttreat'

2018-05-17 13:30:06 - [MESSAGE][PASSED] - Text '10' is set on object 'Object Repository/PharmacyRequest/Page_KDMC-Pharmacy/input_txttreat'

2018-05-17 13:30:06 - [TEST_STEP][PASSED] - click: Object: 'Object Repository/PharmacyRequest/Page_KDMC-Pharmacy/button_Add' is clicked on

2018-05-17 13:30:06 - [MESSAGE][PASSED] - Object: 'Object Repository/PharmacyRequest/Page_KDMC-Pharmacy/button_Add' is clicked on

2018-05-17 13:30:06 - [TEST_STEP][PASSED] - selectOptionByIndex: All options with index in [4] are selected on object 'Object Repository/PharmacyRequest/Page_KDMC-Pharmacy/select_--Select--Schedule 1Inj'

2018-05-17 13:30:06 - [MESSAGE][PASSED] - All options with index in [4] are selected on object 'Object Repository/PharmacyRequest/Page_KDMC-Pharmacy/select_--Select--Schedule 1Inj'

2018-05-17 13:30:06 - [TEST_STEP][PASSED] - selectOptionByIndex: All options with index in [12] are selected on object 'Object Repository/PharmacyRequest/Page_KDMC-Pharmacy/select_--Select--Albendazole'

2018-05-17 13:30:07 - [MESSAGE][PASSED] - All options with index in [12] are selected on object 'Object Repository/PharmacyRequest/Page_KDMC-Pharmacy/select_--Select--Albendazole'

2018-05-17 13:30:07 - [TEST_STEP][PASSED] - setText: Text '10' is set on object 'Object Repository/PharmacyRequest/Page_KDMC-Pharmacy/input_txttreat'

2018-05-17 13:30:07 - [MESSAGE][PASSED] - Text '10' is set on object 'Object Repository/PharmacyRequest/Page_KDMC-Pharmacy/input_txttreat'

2018-05-17 13:30:07 - [TEST_STEP][PASSED] - click: Object: 'Object Repository/PharmacyRequest/Page_KDMC-Pharmacy/button_Add' is clicked on

2018-05-17 13:30:07 - [MESSAGE][PASSED] - Object: 'Object Repository/PharmacyRequest/Page_KDMC-Pharmacy/button_Add' is clicked on

2018-05-17 13:30:07 - [TEST_STEP][PASSED] - selectOptionByIndex: All options with index in [4] are selected on object 'Object Repository/PharmacyRequest/Page_KDMC-Pharmacy/select_--Select--Schedule 1Inj'

2018-05-17 13:30:07 - [MESSAGE][PASSED] - All options with index in [4] are selected on object 'Object Repository/PharmacyRequest/Page_KDMC-Pharmacy/select_--Select--Schedule 1Inj'

2018-05-17 13:30:07 - [TEST_STEP][PASSED] - selectOptionByIndex: All options with index in [13] are selected on object 'Object Repository/PharmacyRequest/Page_KDMC-Pharmacy/select_--Select--Albendazole'

2018-05-17 13:30:07 - [MESSAGE][PASSED] - All options with index in [13] are selected on object 'Object Repository/PharmacyRequest/Page_KDMC-Pharmacy/select_--Select--Albendazole'

2018-05-17 13:30:07 - [TEST_STEP][PASSED] - setText: Text '10' is set on object 'Object Repository/PharmacyRequest/Page_KDMC-Pharmacy/input_txttreat'

2018-05-17 13:30:07 - [MESSAGE][PASSED] - Text '10' is set on object 'Object Repository/PharmacyRequest/Page_KDMC-Pharmacy/input_txttreat'

2018-05-17 13:30:07 - [TEST_STEP][PASSED] - click: Object: 'Object Repository/PharmacyRequest/Page_KDMC-Pharmacy/button_Add' is clicked on

2018-05-17 13:30:07 - [MESSAGE][PASSED] - Object: 'Object Repository/PharmacyRequest/Page_KDMC-Pharmacy/button_Add' is clicked on

2018-05-17 13:30:07 - [TEST_STEP][PASSED] - selectOptionByIndex: All options with index in [4] are selected on object 'Object Repository/PharmacyRequest/Page_KDMC-Pharmacy/select_--Select--Schedule 1Inj'

2018-05-17 13:30:07 - [MESSAGE][PASSED] - All options with index in [4] are selected on object 'Object Repository/PharmacyRequest/Page_KDMC-Pharmacy/select_--Select--Schedule 1Inj'

2018-05-17 13:30:07 - [TEST_STEP][PASSED] - selectOptionByIndex: All options with index in [14] are selected on object 'Object Repository/PharmacyRequest/Page_KDMC-Pharmacy/select_--Select--Albendazole'

2018-05-17 13:30:07 - [MESSAGE][PASSED] - All options with index in [14] are selected on object 'Object Repository/PharmacyRequest/Page_KDMC-Pharmacy/select_--Select--Albendazole'

2018-05-17 13:30:07 - [TEST_STEP][PASSED] - setText: Text '10' is set on object 'Object Repository/PharmacyRequest/Page_KDMC-Pharmacy/input_txttreat'

2018-05-17 13:30:07 - [MESSAGE][PASSED] - Text '10' is set on object 'Object Repository/PharmacyRequest/Page_KDMC-Pharmacy/input_txttreat'

2018-05-17 13:30:07 - [TEST_STEP][PASSED] - click: Object: 'Object Repository/PharmacyRequest/Page_KDMC-Pharmacy/button_Add' is clicked on

2018-05-17 13:30:08 - [MESSAGE][PASSED] - Object: 'Object Repository/PharmacyRequest/Page_KDMC-Pharmacy/button_Add' is clicked on

2018-05-17 13:30:08 - [TEST_STEP][PASSED] - selectOptionByIndex: All options with index in [4] are selected on object 'Object Repository/PharmacyRequest/Page_KDMC-Pharmacy/select_--Select--Schedule 1Inj'

2018-05-17 13:30:08 - [MESSAGE][PASSED] - All options with index in [4] are selected on object 'Object Repository/PharmacyRequest/Page_KDMC-Pharmacy/select_--Select--Schedule 1Inj'

2018-05-17 13:30:08 - [TEST_STEP][PASSED] - selectOptionByIndex: All options with index in [15] are selected on object 'Object Repository/PharmacyRequest/Page_KDMC-Pharmacy/select_--Select--Albendazole'

2018-05-17 13:30:08 - [MESSAGE][PASSED] - All options with index in [15] are selected on object 'Object Repository/PharmacyRequest/Page_KDMC-Pharmacy/select_--Select--Albendazole'

2018-05-17 13:30:08 - [TEST_STEP][PASSED] - setText: Text '10' is set on object 'Object Repository/PharmacyRequest/Page_KDMC-Pharmacy/input_txttreat'

2018-05-17 13:30:08 - [MESSAGE][PASSED] - Text '10' is set on object 'Object Repository/PharmacyRequest/Page_KDMC-Pharmacy/input_txttreat'

2018-05-17 13:30:08 - [TEST_STEP][PASSED] - click: Object: 'Object Repository/PharmacyRequest/Page_KDMC-Pharmacy/button_Add' is clicked on

2018-05-17 13:30:08 - [MESSAGE][PASSED] - Object: 'Object Repository/PharmacyRequest/Page_KDMC-Pharmacy/button_Add' is clicked on

2018-05-17 13:30:08 - [TEST_STEP][PASSED] - Statement - RN1 = com.kms.katalon.core.webui.keyword.WebUiBuiltInKeywords.getAttribute(com.kms.katalon.core.testobject.ObjectRepository.findTestObject(PharmacyRequest/Page_KDMC-Pharmacy/input_txtno), "value"): Attribute 'value' of object 'Object Repository/PharmacyRequest/Page_KDMC-Pharmacy/input_txtno' is: 'PRNO/17052018/144'

2018-05-17 13:30:08 - [MESSAGE][PASSED] - Attribute 'value' of object 'Object Repository/PharmacyRequest/Page_KDMC-Pharmacy/input_txtno' is: 'PRNO/17052018/144'

2018-05-17 13:30:08 - [TEST_STEP][PASSED] - Statement - out.println(RN1): null

2018-05-17 13:30:08 - [TEST_STEP][PASSED] - Statement - RID = RN1.split("/")[2]: null

2018-05-17 13:30:08 - [TEST_STEP][PASSED] - scrollToElement: Scroll to object 'Object Repository/PharmacyRequest/Page_KDMC-Pharmacy/input_btnsave' successfully

2018-05-17 13:30:08 - [MESSAGE][PASSED] - Scroll to object 'Object Repository/PharmacyRequest/Page_KDMC-Pharmacy/input_btnsave' successfully

2018-05-17 13:30:08 - [TEST_STEP][PASSED] - click: Object: 'Object Repository/PharmacyRequest/Page_KDMC-Pharmacy/input_btnsave' is clicked on

2018-05-17 13:30:08 - [MESSAGE][PASSED] - Object: 'Object Repository/PharmacyRequest/Page_KDMC-Pharmacy/input_btnsave' is clicked on

2018-05-17 13:30:08 - [TEST_STEP][PASSED] - delay: Delayed 3 second(s)

2018-05-17 13:30:11 - [MESSAGE][PASSED] - Delayed 3 second(s)

2018-05-17 13:30:11 - [TEST_STEP][PASSED] - click: Object: 'Object Repository/PharmacyRequest/Page_KDMC-Pharmacy/button_OK' is clicked on

2018-05-17 13:30:12 - [MESSAGE][PASSED] - Object: 'Object Repository/PharmacyRequest/Page_KDMC-Pharmacy/button_OK' is clicked on

2018-05-17 13:30:12 - [TEST_STEP][PASSED] - delay: Delayed 3 second(s)

2018-05-17 13:30:15 - [MESSAGE][PASSED] - Delayed 3 second(s)

2018-05-17 13:30:15 - [TEST_STEP][PASSED] - click: Object: 'Object Repository/PharmacyRequest/Page_KDMC-Pharmacy/a_Back to Pharmacy' is clicked on

2018-05-17 13:30:16 - [MESSAGE][PASSED] - Object: 'Object Repository/PharmacyRequest/Page_KDMC-Pharmacy/a_Back to Pharmacy' is clicked on

2018-05-17 13:30:16 - [TEST_STEP][PASSED] - delay: Delayed 3 second(s)

2018-05-17 13:30:19 - [MESSAGE][PASSED] - Delayed 3 second(s)

2018-05-17 13:30:19 - [TEST_STEP][PASSED] - click: Object: 'Object Repository/PharmacyRequest/Page_KDMC - Pharmacy/a_dropdown-toggle' is clicked on

2018-05-17 13:30:19 - [MESSAGE][PASSED] - Object: 'Object Repository/PharmacyRequest/Page_KDMC - Pharmacy/a_dropdown-toggle' is clicked on

2018-05-17 13:30:19 - [TEST_STEP][PASSED] - click: Object: 'Object Repository/PharmacyRequest/Page_KDMC - Pharmacy/a_Sign out' is clicked on

2018-05-17 13:30:19 - [MESSAGE][PASSED] - Object: 'Object Repository/PharmacyRequest/Page_KDMC - Pharmacy/a_Sign out' is clicked on

2018-05-17 13:30:19 - [TEST_STEP][PASSED] - delay: Delayed 3 second(s)

2018-05-17 13:30:22 - [MESSAGE][PASSED] - Delayed 3 second(s)

2018-05-17 13:30:22 - [TEST_STEP][PASSED] - click: Object: 'Object Repository/PharmacyRequest/Page_KDMC/a_CMO' is clicked on

2018-05-17 13:30:23 - [MESSAGE][PASSED] - Object: 'Object Repository/PharmacyRequest/Page_KDMC/a_CMO' is clicked on

2018-05-17 13:30:23 - [TEST_STEP][PASSED] - setText: Text 'guru' is set on object 'Object Repository/PharmacyRequest/Page_CMO login/input_txtusername'

2018-05-17 13:30:23 - [MESSAGE][PASSED] - Text 'guru' is set on object 'Object Repository/PharmacyRequest/Page_CMO login/input_txtusername'

2018-05-17 13:30:23 - [TEST_STEP][PASSED] - setText: Text '123' is set on object 'Object Repository/PharmacyRequest/Page_CMO login/input_txtpassword'

2018-05-17 13:30:23 - [MESSAGE][PASSED] - Text '123' is set on object 'Object Repository/PharmacyRequest/Page_CMO login/input_txtpassword'

2018-05-17 13:30:23 - [TEST_STEP][PASSED] - delay: Delayed 3 second(s)

2018-05-17 13:30:26 - [MESSAGE][PASSED] - Delayed 3 second(s)

2018-05-17 13:30:26 - [TEST_STEP][PASSED] - click: Object: 'Object Repository/PharmacyRequest/Page_CMO login/button_Sign in' is clicked on

2018-05-17 13:30:27 - [MESSAGE][PASSED] - Object: 'Object Repository/PharmacyRequest/Page_CMO login/button_Sign in' is clicked on

2018-05-17 13:30:27 - [TEST_STEP][PASSED] - click: Object: 'Object Repository/PharmacyRequest/Page_KDMC - CMO/a_Department Wise Request' is clicked on

2018-05-17 13:30:27 - [MESSAGE][PASSED] - Object: 'Object Repository/PharmacyRequest/Page_KDMC - CMO/a_Department Wise Request' is clicked on

2018-05-17 13:30:27 - [TEST_STEP][PASSED] - selectOptionByIndex: All options with index in [2] are selected on object 'Object Repository/PharmacyRequest/Page_KDMC - CMO/select_--ALL--'

2018-05-17 13:30:27 - [MESSAGE][PASSED] - All options with index in [2] are selected on object 'Object Repository/PharmacyRequest/Page_KDMC - CMO/select_--ALL--'

2018-05-17 13:30:27 - [TEST_STEP][PASSED] - selectOptionByIndex: All options with index in [1] are selected on object 'Object Repository/PharmacyRequest/Page_KDMC - CMO/select_--ALL--                _1'

2018-05-17 13:30:27 - [MESSAGE][PASSED] - All options with index in [1] are selected on object 'Object Repository/PharmacyRequest/Page_KDMC - CMO/select_--ALL--                _1'

2018-05-17 13:30:27 - [TEST_STEP][PASSED] - click: Object: 'Object Repository/PharmacyRequest/Page_KDMC - CMO/input_btnsearch' is clicked on

2018-05-17 13:30:28 - [MESSAGE][PASSED] - Object: 'Object Repository/PharmacyRequest/Page_KDMC - CMO/input_btnsearch' is clicked on

2018-05-17 13:30:28 - [TEST_STEP][PASSED] - Statement - ID = com.kms.katalon.core.webui.keyword.WebUiBuiltInKeywords.modifyObjectProperty(com.kms.katalon.core.testobject.ObjectRepository.findTestObject(PharmacyRequest/Page_KDMC - CMO/input_2), "xpath", "equals", "//*[@id=" + RID + "]", true): Modify property of object successfully

2018-05-17 13:30:28 - [MESSAGE][PASSED] - Modify property of object successfully

2018-05-17 13:30:28 - [TEST_STEP][PASSED] - click: Object: 'Object Repository/PharmacyRequest/Page_KDMC - CMO/input_2' is clicked on

2018-05-17 13:30:28 - [MESSAGE][PASSED] - Object: 'Object Repository/PharmacyRequest/Page_KDMC - CMO/input_2' is clicked on

2018-05-17 13:30:28 - [TEST_STEP][PASSED] - delay: Delayed 3 second(s)

2018-05-17 13:30:31 - [MESSAGE][PASSED] - Delayed 3 second(s)

2018-05-17 13:30:31 - [TEST_STEP][PASSED] - selectOptionByIndex: All options with index in [1] are selected on object 'Object Repository/PharmacyRequest/Page_KDMC - CMO/select_--Select--'

2018-05-17 13:30:31 - [MESSAGE][PASSED] - All options with index in [1] are selected on object 'Object Repository/PharmacyRequest/Page_KDMC - CMO/select_--Select--'

2018-05-17 13:30:31 - [TEST_STEP][PASSED] - click: Object: 'Object Repository/PharmacyRequest/Page_KDMC - CMO/input_btnupdate' is clicked on

2018-05-17 13:30:31 - [MESSAGE][PASSED] - Object: 'Object Repository/PharmacyRequest/Page_KDMC - CMO/input_btnupdate' is clicked on

2018-05-17 13:30:31 - [TEST_STEP][PASSED] - delay: Delayed 3 second(s)

2018-05-17 13:30:34 - [MESSAGE][PASSED] - Delayed 3 second(s)

2018-05-17 13:30:34 - [TEST_STEP][PASSED] - click: Object: 'Object Repository/PharmacyRequest/Page_KDMC - CMO/button_OK' is clicked on

2018-05-17 13:30:35 - [MESSAGE][PASSED] - Object: 'Object Repository/PharmacyRequest/Page_KDMC - CMO/button_OK' is clicked on

2018-05-17 13:30:35 - [TEST_STEP][PASSED] - delay: Delayed 3 second(s)

2018-05-17 13:30:38 - [MESSAGE][PASSED] - Delayed 3 second(s)

2018-05-17 13:30:38 - [TEST_STEP][PASSED] - click: Object: 'Object Repository/PharmacyRequest/Page_KDMC - CMO/a_dropdown-toggle' is clicked on

2018-05-17 13:30:38 - [MESSAGE][PASSED] - Object: 'Object Repository/PharmacyRequest/Page_KDMC - CMO/a_dropdown-toggle' is clicked on

2018-05-17 13:30:38 - [TEST_STEP][PASSED] - click: Object: 'Object Repository/PharmacyRequest/Page_KDMC - CMO/a_Sign out' is clicked on

2018-05-17 13:30:38 - [MESSAGE][PASSED] - Object: 'Object Repository/PharmacyRequest/Page_KDMC - CMO/a_Sign out' is clicked on

2018-05-17 13:30:38 - [TEST_STEP][PASSED] - delay: Delayed 3 second(s)

2018-05-17 13:30:41 - [MESSAGE][PASSED] - Delayed 3 second(s)

2018-05-17 13:30:41 - [TEST_STEP][PASSED] - click: Object: 'Object Repository/PharmacyRequest/Page_KDMC/a_Divisional Store' is clicked on

2018-05-17 13:30:42 - [MESSAGE][PASSED] - Object: 'Object Repository/PharmacyRequest/Page_KDMC/a_Divisional Store' is clicked on

2018-05-17 13:30:42 - [TEST_STEP][PASSED] - setText: Text 'ragu' is set on object 'Object Repository/PharmacyRequest/Page_Divisonal Store Login/input_txtusername'

2018-05-17 13:30:42 - [MESSAGE][PASSED] - Text 'ragu' is set on object 'Object Repository/PharmacyRequest/Page_Divisonal Store Login/input_txtusername'

2018-05-17 13:30:42 - [TEST_STEP][PASSED] - setText: Text '123' is set on object 'Object Repository/PharmacyRequest/Page_Divisonal Store Login/input_txtpassword'

2018-05-17 13:30:42 - [MESSAGE][PASSED] - Text '123' is set on object 'Object Repository/PharmacyRequest/Page_Divisonal Store Login/input_txtpassword'

2018-05-17 13:30:42 - [TEST_STEP][PASSED] - delay: Delayed 3 second(s)

2018-05-17 13:30:45 - [MESSAGE][PASSED] - Delayed 3 second(s)

2018-05-17 13:30:45 - [TEST_STEP][PASSED] - click: Object: 'Object Repository/PharmacyRequest/Page_Divisonal Store Login/button_Sign in' is clicked on

2018-05-17 13:30:46 - [MESSAGE][PASSED] - Object: 'Object Repository/PharmacyRequest/Page_Divisonal Store Login/button_Sign in' is clicked on

2018-05-17 13:30:46 - [TEST_STEP][PASSED] - delay: Delayed 3 second(s)

2018-05-17 13:30:49 - [MESSAGE][PASSED] - Delayed 3 second(s)

2018-05-17 13:30:49 - [TEST_STEP][PASSED] - click: Object: 'Object Repository/PharmacyRequest/Page_Store/a_Pharmacy Request' is clicked on

2018-05-17 13:30:49 - [MESSAGE][PASSED] - Object: 'Object Repository/PharmacyRequest/Page_Store/a_Pharmacy Request' is clicked on

2018-05-17 13:30:49 - [TEST_STEP][PASSED] - click: Object: 'Object Repository/PharmacyRequest/Page_Store/a_Request Item Pharmacy' is clicked on

2018-05-17 13:30:49 - [MESSAGE][PASSED] - Object: 'Object Repository/PharmacyRequest/Page_Store/a_Request Item Pharmacy' is clicked on

2018-05-17 13:30:49 - [TEST_STEP][PASSED] - delay: Delayed 2 second(s)

2018-05-17 13:30:51 - [MESSAGE][PASSED] - Delayed 2 second(s)

2018-05-17 13:30:51 - [TEST_STEP][PASSED] - setText: Text 'PRNO/17052018/144' is set on object 'Object Repository/PharmacyRequest/Page_Store/input'

2018-05-17 13:30:51 - [MESSAGE][PASSED] - Text 'PRNO/17052018/144' is set on object 'Object Repository/PharmacyRequest/Page_Store/input'

2018-05-17 13:30:51 - [TEST_STEP][PASSED] - delay: Delayed 2 second(s)

2018-05-17 13:30:53 - [MESSAGE][PASSED] - Delayed 2 second(s)

2018-05-17 13:30:53 - [TEST_STEP][PASSED] - Statement - ChooseRequest = com.kms.katalon.core.webui.keyword.WebUiBuiltInKeywords.modifyObjectProperty(com.kms.katalon.core.testobject.ObjectRepository.findTestObject(PharmacyRequest/Page_Store/input_2), "xpath", "equals", "//*[@id=" + RID + "]", true): Modify property of object successfully

2018-05-17 13:30:53 - [MESSAGE][PASSED] - Modify property of object successfully

2018-05-17 13:30:53 - [TEST_STEP][PASSED] - click: Object: 'Object Repository/PharmacyRequest/Page_Store/input_2' is clicked on

2018-05-17 13:30:54 - [MESSAGE][PASSED] - Object: 'Object Repository/PharmacyRequest/Page_Store/input_2' is clicked on

2018-05-17 13:30:54 - [TEST_STEP][PASSED] - delay: Delayed 2 second(s)

2018-05-17 13:30:56 - [MESSAGE][PASSED] - Delayed 2 second(s)

2018-05-17 13:30:56 - [TEST_STEP][PASSED] - Statement - selectedoptions = com.kms.katalon.core.webui.keyword.WebUiBuiltInKeywords.getNumberOfTotalOption(com.kms.katalon.core.testobject.ObjectRepository.findTestObject(PharmacyRequest/Page_Store/select_--Select--Amlodepin -5)): 16 options of object 'Object Repository/PharmacyRequest/Page_Store/select_--Select--Amlodepin -5' counted

2018-05-17 13:30:56 - [MESSAGE][PASSED] - 16 options of object 'Object Repository/PharmacyRequest/Page_Store/select_--Select--Amlodepin -5' counted

2018-05-17 13:30:56 - [TEST_STEP][PASSED] - Statement - For ([a = 1, a <= selectedoptions - 1, (a++)]): null

2018-05-17 13:30:56 - [TEST_STEP][PASSED] - selectOptionByIndex: All options with index in [1] are selected on object 'Object Repository/PharmacyRequest/Page_Store/select_--Select--Amlodepin -5'

2018-05-17 13:30:56 - [MESSAGE][PASSED] - All options with index in [1] are selected on object 'Object Repository/PharmacyRequest/Page_Store/select_--Select--Amlodepin -5'

2018-05-17 13:30:56 - [TEST_STEP][PASSED] - delay: Delayed 1 second(s)

2018-05-17 13:30:57 - [MESSAGE][PASSED] - Delayed 1 second(s)

2018-05-17 13:30:57 - [TEST_STEP][PASSED] - Statement - RequestedQty = com.kms.katalon.core.webui.keyword.WebUiBuiltInKeywords.getAttribute(com.kms.katalon.core.testobject.ObjectRepository.findTestObject(PharmacyRequest/Page_Store/input_txttotal), "value"): Attribute 'value' of object 'Object Repository/PharmacyRequest/Page_Store/input_txttotal' is: '10'

2018-05-17 13:30:57 - [MESSAGE][PASSED] - Attribute 'value' of object 'Object Repository/PharmacyRequest/Page_Store/input_txttotal' is: '10'

2018-05-17 13:30:57 - [TEST_STEP][PASSED] - Statement - out.println("Requested QTY : " + RequestedQty): null

2018-05-17 13:30:57 - [TEST_STEP][PASSED] - Statement - BatchNumber = com.kms.katalon.core.webui.keyword.WebUiBuiltInKeywords.getNumberOfTotalOption(com.kms.katalon.core.testobject.ObjectRepository.findTestObject(PharmacyRequest/Page_Store/select_--Select--BA50)): 5 options of object 'Object Repository/PharmacyRequest/Page_Store/select_--Select--BA50' counted

2018-05-17 13:30:57 - [MESSAGE][PASSED] - 5 options of object 'Object Repository/PharmacyRequest/Page_Store/select_--Select--BA50' counted

2018-05-17 13:30:57 - [TEST_STEP][PASSED] - Statement - For ([g = 1, g <= BatchNumber - 1, (g++)]): null

2018-05-17 13:30:57 - [TEST_STEP][PASSED] - selectOptionByIndex: All options with index in [1] are selected on object 'Object Repository/PharmacyRequest/Page_Store/select_--Select--BA50'

2018-05-17 13:30:57 - [MESSAGE][PASSED] - All options with index in [1] are selected on object 'Object Repository/PharmacyRequest/Page_Store/select_--Select--BA50'

2018-05-17 13:30:57 - [TEST_STEP][PASSED] - delay: Delayed 1 second(s)

2018-05-17 13:30:58 - [MESSAGE][PASSED] - Delayed 1 second(s)

2018-05-17 13:30:58 - [TEST_STEP][PASSED] - Statement - StockQty = com.kms.katalon.core.webui.keyword.WebUiBuiltInKeywords.getAttribute(com.kms.katalon.core.testobject.ObjectRepository.findTestObject(PharmacyRequest/Page_Store/input_txtprice), "value"): Attribute 'value' of object 'Object Repository/PharmacyRequest/Page_Store/input_txtprice' is: '950'

2018-05-17 13:30:59 - [MESSAGE][PASSED] - Attribute 'value' of object 'Object Repository/PharmacyRequest/Page_Store/input_txtprice' is: '950'

2018-05-17 13:30:59 - [TEST_STEP][PASSED] - Statement - out.println("Stock QTY : " + StockQty): null

2018-05-17 13:30:59 - [TEST_STEP][PASSED] - delay: Delayed 1 second(s)

2018-05-17 13:31:00 - [MESSAGE][PASSED] - Delayed 1 second(s)

2018-05-17 13:31:00 - [TEST_STEP][PASSED] - Statement - If (java.lang.Integer.valueOf(StockQty) >= java.lang.Integer.valueOf(RequestedQty)): null

2018-05-17 13:31:00 - [TEST_STEP][PASSED] - setText: Text '10' is set on object 'Object Repository/PharmacyRequest/Page_Store/input_txtqty'

2018-05-17 13:31:00 - [MESSAGE][PASSED] - Text '10' is set on object 'Object Repository/PharmacyRequest/Page_Store/input_txtqty'

2018-05-17 13:31:00 - [TEST_STEP][PASSED] - click: Object: 'Object Repository/PharmacyRequest/Page_Store/button_Add' is clicked on

2018-05-17 13:31:00 - [MESSAGE][PASSED] - Object: 'Object Repository/PharmacyRequest/Page_Store/button_Add' is clicked on

2018-05-17 13:31:00 - [TEST_STEP][PASSED] - Statement - Break: null

2018-05-17 13:31:00 - [TEST_STEP][PASSED] - selectOptionByIndex: All options with index in [2] are selected on object 'Object Repository/PharmacyRequest/Page_Store/select_--Select--Amlodepin -5'

2018-05-17 13:31:00 - [MESSAGE][PASSED] - All options with index in [2] are selected on object 'Object Repository/PharmacyRequest/Page_Store/select_--Select--Amlodepin -5'

2018-05-17 13:31:00 - [TEST_STEP][PASSED] - delay: Delayed 1 second(s)

2018-05-17 13:31:01 - [MESSAGE][PASSED] - Delayed 1 second(s)

2018-05-17 13:31:01 - [TEST_STEP][PASSED] - Statement - RequestedQty = com.kms.katalon.core.webui.keyword.WebUiBuiltInKeywords.getAttribute(com.kms.katalon.core.testobject.ObjectRepository.findTestObject(PharmacyRequest/Page_Store/input_txttotal), "value"): Attribute 'value' of object 'Object Repository/PharmacyRequest/Page_Store/input_txttotal' is: '10'

2018-05-17 13:31:01 - [MESSAGE][PASSED] - Attribute 'value' of object 'Object Repository/PharmacyRequest/Page_Store/input_txttotal' is: '10'

2018-05-17 13:31:01 - [TEST_STEP][PASSED] - Statement - out.println("Requested QTY : " + RequestedQty): null

2018-05-17 13:31:01 - [TEST_STEP][PASSED] - Statement - BatchNumber = com.kms.katalon.core.webui.keyword.WebUiBuiltInKeywords.getNumberOfTotalOption(com.kms.katalon.core.testobject.ObjectRepository.findTestObject(PharmacyRequest/Page_Store/select_--Select--BA50)): 4 options of object 'Object Repository/PharmacyRequest/Page_Store/select_--Select--BA50' counted

2018-05-17 13:31:01 - [MESSAGE][PASSED] - 4 options of object 'Object Repository/PharmacyRequest/Page_Store/select_--Select--BA50' counted

2018-05-17 13:31:01 - [TEST_STEP][PASSED] - Statement - For ([g = 1, g <= BatchNumber - 1, (g++)]): null

2018-05-17 13:31:01 - [TEST_STEP][PASSED] - selectOptionByIndex: All options with index in [1] are selected on object 'Object Repository/PharmacyRequest/Page_Store/select_--Select--BA50'

2018-05-17 13:31:01 - [MESSAGE][PASSED] - All options with index in [1] are selected on object 'Object Repository/PharmacyRequest/Page_Store/select_--Select--BA50'

2018-05-17 13:31:01 - [TEST_STEP][PASSED] - delay: Delayed 1 second(s)

2018-05-17 13:31:02 - [MESSAGE][PASSED] - Delayed 1 second(s)

2018-05-17 13:31:02 - [TEST_STEP][PASSED] - Statement - StockQty = com.kms.katalon.core.webui.keyword.WebUiBuiltInKeywords.getAttribute(com.kms.katalon.core.testobject.ObjectRepository.findTestObject(PharmacyRequest/Page_Store/input_txtprice), "value"): Attribute 'value' of object 'Object Repository/PharmacyRequest/Page_Store/input_txtprice' is: '50'

2018-05-17 13:31:02 - [MESSAGE][PASSED] - Attribute 'value' of object 'Object Repository/PharmacyRequest/Page_Store/input_txtprice' is: '50'

2018-05-17 13:31:02 - [TEST_STEP][PASSED] - Statement - out.println("Stock QTY : " + StockQty): null

2018-05-17 13:31:02 - [TEST_STEP][PASSED] - delay: Delayed 1 second(s)

2018-05-17 13:31:03 - [MESSAGE][PASSED] - Delayed 1 second(s)

2018-05-17 13:31:03 - [TEST_STEP][PASSED] - Statement - If (java.lang.Integer.valueOf(StockQty) >= java.lang.Integer.valueOf(RequestedQty)): null

2018-05-17 13:31:03 - [TEST_STEP][PASSED] - setText: Text '10' is set on object 'Object Repository/PharmacyRequest/Page_Store/input_txtqty'

2018-05-17 13:31:03 - [MESSAGE][PASSED] - Text '10' is set on object 'Object Repository/PharmacyRequest/Page_Store/input_txtqty'

2018-05-17 13:31:03 - [TEST_STEP][PASSED] - click: Object: 'Object Repository/PharmacyRequest/Page_Store/button_Add' is clicked on

2018-05-17 13:31:03 - [MESSAGE][PASSED] - Object: 'Object Repository/PharmacyRequest/Page_Store/button_Add' is clicked on

2018-05-17 13:31:03 - [TEST_STEP][PASSED] - Statement - Break: null

2018-05-17 13:31:03 - [TEST_STEP][PASSED] - selectOptionByIndex: All options with index in [3] are selected on object 'Object Repository/PharmacyRequest/Page_Store/select_--Select--Amlodepin -5'

2018-05-17 13:31:03 - [MESSAGE][PASSED] - All options with index in [3] are selected on object 'Object Repository/PharmacyRequest/Page_Store/select_--Select--Amlodepin -5'

2018-05-17 13:31:03 - [TEST_STEP][PASSED] - delay: Delayed 1 second(s)

2018-05-17 13:31:04 - [MESSAGE][PASSED] - Delayed 1 second(s)

2018-05-17 13:31:04 - [TEST_STEP][PASSED] - Statement - RequestedQty = com.kms.katalon.core.webui.keyword.WebUiBuiltInKeywords.getAttribute(com.kms.katalon.core.testobject.ObjectRepository.findTestObject(PharmacyRequest/Page_Store/input_txttotal), "value"): Attribute 'value' of object 'Object Repository/PharmacyRequest/Page_Store/input_txttotal' is: '10'

2018-05-17 13:31:04 - [MESSAGE][PASSED] - Attribute 'value' of object 'Object Repository/PharmacyRequest/Page_Store/input_txttotal' is: '10'

2018-05-17 13:31:04 - [TEST_STEP][PASSED] - Statement - out.println("Requested QTY : " + RequestedQty): null

2018-05-17 13:31:04 - [TEST_STEP][PASSED] - Statement - BatchNumber = com.kms.katalon.core.webui.keyword.WebUiBuiltInKeywords.getNumberOfTotalOption(com.kms.katalon.core.testobject.ObjectRepository.findTestObject(PharmacyRequest/Page_Store/select_--Select--BA50)): 4 options of object 'Object Repository/PharmacyRequest/Page_Store/select_--Select--BA50' counted

2018-05-17 13:31:05 - [MESSAGE][PASSED] - 4 options of object 'Object Repository/PharmacyRequest/Page_Store/select_--Select--BA50' counted

2018-05-17 13:31:05 - [TEST_STEP][PASSED] - Statement - For ([g = 1, g <= BatchNumber - 1, (g++)]): null

2018-05-17 13:31:05 - [TEST_STEP][PASSED] - selectOptionByIndex: All options with index in [1] are selected on object 'Object Repository/PharmacyRequest/Page_Store/select_--Select--BA50'

2018-05-17 13:31:05 - [MESSAGE][PASSED] - All options with index in [1] are selected on object 'Object Repository/PharmacyRequest/Page_Store/select_--Select--BA50'

2018-05-17 13:31:05 - [TEST_STEP][PASSED] - delay: Delayed 1 second(s)

2018-05-17 13:31:06 - [MESSAGE][PASSED] - Delayed 1 second(s)

2018-05-17 13:31:06 - [TEST_STEP][PASSED] - Statement - StockQty = com.kms.katalon.core.webui.keyword.WebUiBuiltInKeywords.getAttribute(com.kms.katalon.core.testobject.ObjectRepository.findTestObject(PharmacyRequest/Page_Store/input_txtprice), "value"): Attribute 'value' of object 'Object Repository/PharmacyRequest/Page_Store/input_txtprice' is: '50'

2018-05-17 13:31:06 - [MESSAGE][PASSED] - Attribute 'value' of object 'Object Repository/PharmacyRequest/Page_Store/input_txtprice' is: '50'

2018-05-17 13:31:06 - [TEST_STEP][PASSED] - Statement - out.println("Stock QTY : " + StockQty): null

2018-05-17 13:31:06 - [TEST_STEP][PASSED] - delay: Delayed 1 second(s)

2018-05-17 13:31:07 - [MESSAGE][PASSED] - Delayed 1 second(s)

2018-05-17 13:31:07 - [TEST_STEP][PASSED] - Statement - If (java.lang.Integer.valueOf(StockQty) >= java.lang.Integer.valueOf(RequestedQty)): null

2018-05-17 13:31:07 - [TEST_STEP][PASSED] - setText: Text '10' is set on object 'Object Repository/PharmacyRequest/Page_Store/input_txtqty'

2018-05-17 13:31:07 - [MESSAGE][PASSED] - Text '10' is set on object 'Object Repository/PharmacyRequest/Page_Store/input_txtqty'

2018-05-17 13:31:07 - [TEST_STEP][PASSED] - click: Object: 'Object Repository/PharmacyRequest/Page_Store/button_Add' is clicked on

2018-05-17 13:31:07 - [MESSAGE][PASSED] - Object: 'Object Repository/PharmacyRequest/Page_Store/button_Add' is clicked on

2018-05-17 13:31:07 - [TEST_STEP][PASSED] - Statement - Break: null

2018-05-17 13:31:07 - [TEST_STEP][PASSED] - selectOptionByIndex: All options with index in [4] are selected on object 'Object Repository/PharmacyRequest/Page_Store/select_--Select--Amlodepin -5'

2018-05-17 13:31:07 - [MESSAGE][PASSED] - All options with index in [4] are selected on object 'Object Repository/PharmacyRequest/Page_Store/select_--Select--Amlodepin -5'

2018-05-17 13:31:07 - [TEST_STEP][PASSED] - delay: Delayed 1 second(s)

2018-05-17 13:31:08 - [MESSAGE][PASSED] - Delayed 1 second(s)

2018-05-17 13:31:08 - [TEST_STEP][PASSED] - Statement - RequestedQty = com.kms.katalon.core.webui.keyword.WebUiBuiltInKeywords.getAttribute(com.kms.katalon.core.testobject.ObjectRepository.findTestObject(PharmacyRequest/Page_Store/input_txttotal), "value"): Attribute 'value' of object 'Object Repository/PharmacyRequest/Page_Store/input_txttotal' is: '10'

2018-05-17 13:31:08 - [MESSAGE][PASSED] - Attribute 'value' of object 'Object Repository/PharmacyRequest/Page_Store/input_txttotal' is: '10'

2018-05-17 13:31:08 - [TEST_STEP][PASSED] - Statement - out.println("Requested QTY : " + RequestedQty): null

2018-05-17 13:31:08 - [TEST_STEP][PASSED] - Statement - BatchNumber = com.kms.katalon.core.webui.keyword.WebUiBuiltInKeywords.getNumberOfTotalOption(com.kms.katalon.core.testobject.ObjectRepository.findTestObject(PharmacyRequest/Page_Store/select_--Select--BA50)): 2 options of object 'Object Repository/PharmacyRequest/Page_Store/select_--Select--BA50' counted

2018-05-17 13:31:08 - [MESSAGE][PASSED] - 2 options of object 'Object Repository/PharmacyRequest/Page_Store/select_--Select--BA50' counted

2018-05-17 13:31:08 - [TEST_STEP][PASSED] - Statement - For ([g = 1, g <= BatchNumber - 1, (g++)]): null

2018-05-17 13:31:08 - [TEST_STEP][PASSED] - selectOptionByIndex: All options with index in [1] are selected on object 'Object Repository/PharmacyRequest/Page_Store/select_--Select--BA50'

2018-05-17 13:31:08 - [MESSAGE][PASSED] - All options with index in [1] are selected on object 'Object Repository/PharmacyRequest/Page_Store/select_--Select--BA50'

2018-05-17 13:31:08 - [TEST_STEP][PASSED] - delay: Delayed 1 second(s)

2018-05-17 13:31:09 - [MESSAGE][PASSED] - Delayed 1 second(s)

2018-05-17 13:31:09 - [TEST_STEP][PASSED] - Statement - StockQty = com.kms.katalon.core.webui.keyword.WebUiBuiltInKeywords.getAttribute(com.kms.katalon.core.testobject.ObjectRepository.findTestObject(PharmacyRequest/Page_Store/input_txtprice), "value"): Attribute 'value' of object 'Object Repository/PharmacyRequest/Page_Store/input_txtprice' is: '1050'

2018-05-17 13:31:09 - [MESSAGE][PASSED] - Attribute 'value' of object 'Object Repository/PharmacyRequest/Page_Store/input_txtprice' is: '1050'

2018-05-17 13:31:09 - [TEST_STEP][PASSED] - Statement - out.println("Stock QTY : " + StockQty): null

2018-05-17 13:31:09 - [TEST_STEP][PASSED] - delay: Delayed 1 second(s)

2018-05-17 13:31:10 - [MESSAGE][PASSED] - Delayed 1 second(s)

2018-05-17 13:31:10 - [TEST_STEP][PASSED] - Statement - If (java.lang.Integer.valueOf(StockQty) >= java.lang.Integer.valueOf(RequestedQty)): null

2018-05-17 13:31:10 - [TEST_STEP][PASSED] - setText: Text '10' is set on object 'Object Repository/PharmacyRequest/Page_Store/input_txtqty'

2018-05-17 13:31:10 - [MESSAGE][PASSED] - Text '10' is set on object 'Object Repository/PharmacyRequest/Page_Store/input_txtqty'

2018-05-17 13:31:10 - [TEST_STEP][PASSED] - click: Object: 'Object Repository/PharmacyRequest/Page_Store/button_Add' is clicked on

2018-05-17 13:31:10 - [MESSAGE][PASSED] - Object: 'Object Repository/PharmacyRequest/Page_Store/button_Add' is clicked on

2018-05-17 13:31:10 - [TEST_STEP][PASSED] - Statement - Break: null

2018-05-17 13:31:10 - [TEST_STEP][PASSED] - selectOptionByIndex: All options with index in [5] are selected on object 'Object Repository/PharmacyRequest/Page_Store/select_--Select--Amlodepin -5'

2018-05-17 13:31:11 - [MESSAGE][PASSED] - All options with index in [5] are selected on object 'Object Repository/PharmacyRequest/Page_Store/select_--Select--Amlodepin -5'

2018-05-17 13:31:11 - [TEST_STEP][PASSED] - delay: Delayed 1 second(s)

2018-05-17 13:31:12 - [MESSAGE][PASSED] - Delayed 1 second(s)

2018-05-17 13:31:12 - [TEST_STEP][PASSED] - Statement - RequestedQty = com.kms.katalon.core.webui.keyword.WebUiBuiltInKeywords.getAttribute(com.kms.katalon.core.testobject.ObjectRepository.findTestObject(PharmacyRequest/Page_Store/input_txttotal), "value"): Attribute 'value' of object 'Object Repository/PharmacyRequest/Page_Store/input_txttotal' is: '10'

2018-05-17 13:31:12 - [MESSAGE][PASSED] - Attribute 'value' of object 'Object Repository/PharmacyRequest/Page_Store/input_txttotal' is: '10'

2018-05-17 13:31:12 - [TEST_STEP][PASSED] - Statement - out.println("Requested QTY : " + RequestedQty): null

2018-05-17 13:31:12 - [TEST_STEP][PASSED] - Statement - BatchNumber = com.kms.katalon.core.webui.keyword.WebUiBuiltInKeywords.getNumberOfTotalOption(com.kms.katalon.core.testobject.ObjectRepository.findTestObject(PharmacyRequest/Page_Store/select_--Select--BA50)): 3 options of object 'Object Repository/PharmacyRequest/Page_Store/select_--Select--BA50' counted

2018-05-17 13:31:12 - [MESSAGE][PASSED] - 3 options of object 'Object Repository/PharmacyRequest/Page_Store/select_--Select--BA50' counted

2018-05-17 13:31:12 - [TEST_STEP][PASSED] - Statement - For ([g = 1, g <= BatchNumber - 1, (g++)]): null

2018-05-17 13:31:12 - [TEST_STEP][PASSED] - selectOptionByIndex: All options with index in [1] are selected on object 'Object Repository/PharmacyRequest/Page_Store/select_--Select--BA50'

2018-05-17 13:31:12 - [MESSAGE][PASSED] - All options with index in [1] are selected on object 'Object Repository/PharmacyRequest/Page_Store/select_--Select--BA50'

2018-05-17 13:31:12 - [TEST_STEP][PASSED] - delay: Delayed 1 second(s)

2018-05-17 13:31:13 - [MESSAGE][PASSED] - Delayed 1 second(s)

2018-05-17 13:31:13 - [TEST_STEP][PASSED] - Statement - StockQty = com.kms.katalon.core.webui.keyword.WebUiBuiltInKeywords.getAttribute(com.kms.katalon.core.testobject.ObjectRepository.findTestObject(PharmacyRequest/Page_Store/input_txtprice), "value"): Attribute 'value' of object 'Object Repository/PharmacyRequest/Page_Store/input_txtprice' is: '1000'

2018-05-17 13:31:13 - [MESSAGE][PASSED] - Attribute 'value' of object 'Object Repository/PharmacyRequest/Page_Store/input_txtprice' is: '1000'

2018-05-17 13:31:13 - [TEST_STEP][PASSED] - Statement - out.println("Stock QTY : " + StockQty): null

2018-05-17 13:31:13 - [TEST_STEP][PASSED] - delay: Delayed 1 second(s)

2018-05-17 13:31:14 - [MESSAGE][PASSED] - Delayed 1 second(s)

2018-05-17 13:31:14 - [TEST_STEP][PASSED] - Statement - If (java.lang.Integer.valueOf(StockQty) >= java.lang.Integer.valueOf(RequestedQty)): null

2018-05-17 13:31:14 - [TEST_STEP][PASSED] - setText: Text '10' is set on object 'Object Repository/PharmacyRequest/Page_Store/input_txtqty'

2018-05-17 13:31:14 - [MESSAGE][PASSED] - Text '10' is set on object 'Object Repository/PharmacyRequest/Page_Store/input_txtqty'

2018-05-17 13:31:14 - [TEST_STEP][PASSED] - click: Object: 'Object Repository/PharmacyRequest/Page_Store/button_Add' is clicked on

2018-05-17 13:31:14 - [MESSAGE][PASSED] - Object: 'Object Repository/PharmacyRequest/Page_Store/button_Add' is clicked on

2018-05-17 13:31:14 - [TEST_STEP][PASSED] - Statement - Break: null

2018-05-17 13:31:14 - [TEST_STEP][PASSED] - selectOptionByIndex: All options with index in [6] are selected on object 'Object Repository/PharmacyRequest/Page_Store/select_--Select--Amlodepin -5'

2018-05-17 13:31:14 - [MESSAGE][PASSED] - All options with index in [6] are selected on object 'Object Repository/PharmacyRequest/Page_Store/select_--Select--Amlodepin -5'

2018-05-17 13:31:14 - [TEST_STEP][PASSED] - delay: Delayed 1 second(s)

2018-05-17 13:31:15 - [MESSAGE][PASSED] - Delayed 1 second(s)

2018-05-17 13:31:15 - [TEST_STEP][PASSED] - Statement - RequestedQty = com.kms.katalon.core.webui.keyword.WebUiBuiltInKeywords.getAttribute(com.kms.katalon.core.testobject.ObjectRepository.findTestObject(PharmacyRequest/Page_Store/input_txttotal), "value"): Attribute 'value' of object 'Object Repository/PharmacyRequest/Page_Store/input_txttotal' is: '10'

2018-05-17 13:31:15 - [MESSAGE][PASSED] - Attribute 'value' of object 'Object Repository/PharmacyRequest/Page_Store/input_txttotal' is: '10'

2018-05-17 13:31:15 - [TEST_STEP][PASSED] - Statement - out.println("Requested QTY : " + RequestedQty): null

2018-05-17 13:31:15 - [TEST_STEP][PASSED] - Statement - BatchNumber = com.kms.katalon.core.webui.keyword.WebUiBuiltInKeywords.getNumberOfTotalOption(com.kms.katalon.core.testobject.ObjectRepository.findTestObject(PharmacyRequest/Page_Store/select_--Select--BA50)): 3 options of object 'Object Repository/PharmacyRequest/Page_Store/select_--Select--BA50' counted

2018-05-17 13:31:15 - [MESSAGE][PASSED] - 3 options of object 'Object Repository/PharmacyRequest/Page_Store/select_--Select--BA50' counted

2018-05-17 13:31:15 - [TEST_STEP][PASSED] - Statement - For ([g = 1, g <= BatchNumber - 1, (g++)]): null

2018-05-17 13:31:15 - [TEST_STEP][PASSED] - selectOptionByIndex: All options with index in [1] are selected on object 'Object Repository/PharmacyRequest/Page_Store/select_--Select--BA50'

2018-05-17 13:31:15 - [MESSAGE][PASSED] - All options with index in [1] are selected on object 'Object Repository/PharmacyRequest/Page_Store/select_--Select--BA50'

2018-05-17 13:31:15 - [TEST_STEP][PASSED] - delay: Delayed 1 second(s)

2018-05-17 13:31:16 - [MESSAGE][PASSED] - Delayed 1 second(s)

2018-05-17 13:31:16 - [TEST_STEP][PASSED] - Statement - StockQty = com.kms.katalon.core.webui.keyword.WebUiBuiltInKeywords.getAttribute(com.kms.katalon.core.testobject.ObjectRepository.findTestObject(PharmacyRequest/Page_Store/input_txtprice), "value"): Attribute 'value' of object 'Object Repository/PharmacyRequest/Page_Store/input_txtprice' is: '1050'

2018-05-17 13:31:16 - [MESSAGE][PASSED] - Attribute 'value' of object 'Object Repository/PharmacyRequest/Page_Store/input_txtprice' is: '1050'

2018-05-17 13:31:16 - [TEST_STEP][PASSED] - Statement - out.println("Stock QTY : " + StockQty): null

2018-05-17 13:31:16 - [TEST_STEP][PASSED] - delay: Delayed 1 second(s)

2018-05-17 13:31:17 - [MESSAGE][PASSED] - Delayed 1 second(s)

2018-05-17 13:31:17 - [TEST_STEP][PASSED] - Statement - If (java.lang.Integer.valueOf(StockQty) >= java.lang.Integer.valueOf(RequestedQty)): null

2018-05-17 13:31:17 - [TEST_STEP][PASSED] - setText: Text '10' is set on object 'Object Repository/PharmacyRequest/Page_Store/input_txtqty'

2018-05-17 13:31:18 - [MESSAGE][PASSED] - Text '10' is set on object 'Object Repository/PharmacyRequest/Page_Store/input_txtqty'

2018-05-17 13:31:18 - [TEST_STEP][PASSED] - click: Object: 'Object Repository/PharmacyRequest/Page_Store/button_Add' is clicked on

2018-05-17 13:31:18 - [MESSAGE][PASSED] - Object: 'Object Repository/PharmacyRequest/Page_Store/button_Add' is clicked on

2018-05-17 13:31:18 - [TEST_STEP][PASSED] - Statement - Break: null

2018-05-17 13:31:18 - [TEST_STEP][PASSED] - selectOptionByIndex: All options with index in [7] are selected on object 'Object Repository/PharmacyRequest/Page_Store/select_--Select--Amlodepin -5'

2018-05-17 13:31:18 - [MESSAGE][PASSED] - All options with index in [7] are selected on object 'Object Repository/PharmacyRequest/Page_Store/select_--Select--Amlodepin -5'

2018-05-17 13:31:18 - [TEST_STEP][PASSED] - delay: Delayed 1 second(s)

2018-05-17 13:31:19 - [MESSAGE][PASSED] - Delayed 1 second(s)

2018-05-17 13:31:19 - [TEST_STEP][PASSED] - Statement - RequestedQty = com.kms.katalon.core.webui.keyword.WebUiBuiltInKeywords.getAttribute(com.kms.katalon.core.testobject.ObjectRepository.findTestObject(PharmacyRequest/Page_Store/input_txttotal), "value"): Attribute 'value' of object 'Object Repository/PharmacyRequest/Page_Store/input_txttotal' is: '10'

2018-05-17 13:31:19 - [MESSAGE][PASSED] - Attribute 'value' of object 'Object Repository/PharmacyRequest/Page_Store/input_txttotal' is: '10'

2018-05-17 13:31:19 - [TEST_STEP][PASSED] - Statement - out.println("Requested QTY : " + RequestedQty): null

2018-05-17 13:31:19 - [TEST_STEP][PASSED] - Statement - BatchNumber = com.kms.katalon.core.webui.keyword.WebUiBuiltInKeywords.getNumberOfTotalOption(com.kms.katalon.core.testobject.ObjectRepository.findTestObject(PharmacyRequest/Page_Store/select_--Select--BA50)): 3 options of object 'Object Repository/PharmacyRequest/Page_Store/select_--Select--BA50' counted

2018-05-17 13:31:19 - [MESSAGE][PASSED] - 3 options of object 'Object Repository/PharmacyRequest/Page_Store/select_--Select--BA50' counted

2018-05-17 13:31:19 - [TEST_STEP][PASSED] - Statement - For ([g = 1, g <= BatchNumber - 1, (g++)]): null

2018-05-17 13:31:19 - [TEST_STEP][PASSED] - selectOptionByIndex: All options with index in [1] are selected on object 'Object Repository/PharmacyRequest/Page_Store/select_--Select--BA50'

2018-05-17 13:31:19 - [MESSAGE][PASSED] - All options with index in [1] are selected on object 'Object Repository/PharmacyRequest/Page_Store/select_--Select--BA50'

2018-05-17 13:31:19 - [TEST_STEP][PASSED] - delay: Delayed 1 second(s)

2018-05-17 13:31:20 - [MESSAGE][PASSED] - Delayed 1 second(s)

2018-05-17 13:31:20 - [TEST_STEP][PASSED] - Statement - StockQty = com.kms.katalon.core.webui.keyword.WebUiBuiltInKeywords.getAttribute(com.kms.katalon.core.testobject.ObjectRepository.findTestObject(PharmacyRequest/Page_Store/input_txtprice), "value"): Attribute 'value' of object 'Object Repository/PharmacyRequest/Page_Store/input_txtprice' is: '950'

2018-05-17 13:31:20 - [MESSAGE][PASSED] - Attribute 'value' of object 'Object Repository/PharmacyRequest/Page_Store/input_txtprice' is: '950'

2018-05-17 13:31:20 - [TEST_STEP][PASSED] - Statement - out.println("Stock QTY : " + StockQty): null

2018-05-17 13:31:20 - [TEST_STEP][PASSED] - delay: Delayed 1 second(s)

2018-05-17 13:31:21 - [MESSAGE][PASSED] - Delayed 1 second(s)

2018-05-17 13:31:21 - [TEST_STEP][PASSED] - Statement - If (java.lang.Integer.valueOf(StockQty) >= java.lang.Integer.valueOf(RequestedQty)): null

2018-05-17 13:31:21 - [TEST_STEP][PASSED] - setText: Text '10' is set on object 'Object Repository/PharmacyRequest/Page_Store/input_txtqty'

2018-05-17 13:31:21 - [MESSAGE][PASSED] - Text '10' is set on object 'Object Repository/PharmacyRequest/Page_Store/input_txtqty'

2018-05-17 13:31:21 - [TEST_STEP][PASSED] - click: Object: 'Object Repository/PharmacyRequest/Page_Store/button_Add' is clicked on

2018-05-17 13:31:21 - [MESSAGE][PASSED] - Object: 'Object Repository/PharmacyRequest/Page_Store/button_Add' is clicked on

2018-05-17 13:31:21 - [TEST_STEP][PASSED] - Statement - Break: null

2018-05-17 13:31:21 - [TEST_STEP][PASSED] - selectOptionByIndex: All options with index in [8] are selected on object 'Object Repository/PharmacyRequest/Page_Store/select_--Select--Amlodepin -5'

2018-05-17 13:31:21 - [MESSAGE][PASSED] - All options with index in [8] are selected on object 'Object Repository/PharmacyRequest/Page_Store/select_--Select--Amlodepin -5'

2018-05-17 13:31:21 - [TEST_STEP][PASSED] - delay: Delayed 1 second(s)

2018-05-17 13:31:22 - [MESSAGE][PASSED] - Delayed 1 second(s)

2018-05-17 13:31:22 - [TEST_STEP][PASSED] - Statement - RequestedQty = com.kms.katalon.core.webui.keyword.WebUiBuiltInKeywords.getAttribute(com.kms.katalon.core.testobject.ObjectRepository.findTestObject(PharmacyRequest/Page_Store/input_txttotal), "value"): Attribute 'value' of object 'Object Repository/PharmacyRequest/Page_Store/input_txttotal' is: '10'

2018-05-17 13:31:22 - [MESSAGE][PASSED] - Attribute 'value' of object 'Object Repository/PharmacyRequest/Page_Store/input_txttotal' is: '10'

2018-05-17 13:31:22 - [TEST_STEP][PASSED] - Statement - out.println("Requested QTY : " + RequestedQty): null

2018-05-17 13:31:22 - [TEST_STEP][PASSED] - Statement - BatchNumber = com.kms.katalon.core.webui.keyword.WebUiBuiltInKeywords.getNumberOfTotalOption(com.kms.katalon.core.testobject.ObjectRepository.findTestObject(PharmacyRequest/Page_Store/select_--Select--BA50)): 2 options of object 'Object Repository/PharmacyRequest/Page_Store/select_--Select--BA50' counted

2018-05-17 13:31:22 - [MESSAGE][PASSED] - 2 options of object 'Object Repository/PharmacyRequest/Page_Store/select_--Select--BA50' counted

2018-05-17 13:31:22 - [TEST_STEP][PASSED] - Statement - For ([g = 1, g <= BatchNumber - 1, (g++)]): null

2018-05-17 13:31:22 - [TEST_STEP][PASSED] - selectOptionByIndex: All options with index in [1] are selected on object 'Object Repository/PharmacyRequest/Page_Store/select_--Select--BA50'

2018-05-17 13:31:23 - [MESSAGE][PASSED] - All options with index in [1] are selected on object 'Object Repository/PharmacyRequest/Page_Store/select_--Select--BA50'

2018-05-17 13:31:23 - [TEST_STEP][PASSED] - delay: Delayed 1 second(s)

2018-05-17 13:31:24 - [MESSAGE][PASSED] - Delayed 1 second(s)

2018-05-17 13:31:24 - [TEST_STEP][PASSED] - Statement - StockQty = com.kms.katalon.core.webui.keyword.WebUiBuiltInKeywords.getAttribute(com.kms.katalon.core.testobject.ObjectRepository.findTestObject(PharmacyRequest/Page_Store/input_txtprice), "value"): Attribute 'value' of object 'Object Repository/PharmacyRequest/Page_Store/input_txtprice' is: '1050'

2018-05-17 13:31:24 - [MESSAGE][PASSED] - Attribute 'value' of object 'Object Repository/PharmacyRequest/Page_Store/input_txtprice' is: '1050'

2018-05-17 13:31:24 - [TEST_STEP][PASSED] - Statement - out.println("Stock QTY : " + StockQty): null

2018-05-17 13:31:24 - [TEST_STEP][PASSED] - delay: Delayed 1 second(s)

2018-05-17 13:31:25 - [MESSAGE][PASSED] - Delayed 1 second(s)

2018-05-17 13:31:25 - [TEST_STEP][PASSED] - Statement - If (java.lang.Integer.valueOf(StockQty) >= java.lang.Integer.valueOf(RequestedQty)): null

2018-05-17 13:31:25 - [TEST_STEP][PASSED] - setText: Text '10' is set on object 'Object Repository/PharmacyRequest/Page_Store/input_txtqty'

2018-05-17 13:31:25 - [MESSAGE][PASSED] - Text '10' is set on object 'Object Repository/PharmacyRequest/Page_Store/input_txtqty'

2018-05-17 13:31:25 - [TEST_STEP][PASSED] - click: Object: 'Object Repository/PharmacyRequest/Page_Store/button_Add' is clicked on

2018-05-17 13:31:25 - [MESSAGE][PASSED] - Object: 'Object Repository/PharmacyRequest/Page_Store/button_Add' is clicked on

2018-05-17 13:31:25 - [TEST_STEP][PASSED] - Statement - Break: null

2018-05-17 13:31:25 - [TEST_STEP][PASSED] - selectOptionByIndex: All options with index in [9] are selected on object 'Object Repository/PharmacyRequest/Page_Store/select_--Select--Amlodepin -5'

2018-05-17 13:31:25 - [MESSAGE][PASSED] - All options with index in [9] are selected on object 'Object Repository/PharmacyRequest/Page_Store/select_--Select--Amlodepin -5'

2018-05-17 13:31:25 - [TEST_STEP][PASSED] - delay: Delayed 1 second(s)

2018-05-17 13:31:26 - [MESSAGE][PASSED] - Delayed 1 second(s)

2018-05-17 13:31:26 - [TEST_STEP][PASSED] - Statement - RequestedQty = com.kms.katalon.core.webui.keyword.WebUiBuiltInKeywords.getAttribute(com.kms.katalon.core.testobject.ObjectRepository.findTestObject(PharmacyRequest/Page_Store/input_txttotal), "value"): Attribute 'value' of object 'Object Repository/PharmacyRequest/Page_Store/input_txttotal' is: '10'

2018-05-17 13:31:26 - [MESSAGE][PASSED] - Attribute 'value' of object 'Object Repository/PharmacyRequest/Page_Store/input_txttotal' is: '10'

2018-05-17 13:31:26 - [TEST_STEP][PASSED] - Statement - out.println("Requested QTY : " + RequestedQty): null

2018-05-17 13:31:26 - [TEST_STEP][PASSED] - Statement - BatchNumber = com.kms.katalon.core.webui.keyword.WebUiBuiltInKeywords.getNumberOfTotalOption(com.kms.katalon.core.testobject.ObjectRepository.findTestObject(PharmacyRequest/Page_Store/select_--Select--BA50)): 4 options of object 'Object Repository/PharmacyRequest/Page_Store/select_--Select--BA50' counted

2018-05-17 13:31:26 - [MESSAGE][PASSED] - 4 options of object 'Object Repository/PharmacyRequest/Page_Store/select_--Select--BA50' counted

2018-05-17 13:31:26 - [TEST_STEP][PASSED] - Statement - For ([g = 1, g <= BatchNumber - 1, (g++)]): null

2018-05-17 13:31:26 - [TEST_STEP][PASSED] - selectOptionByIndex: All options with index in [1] are selected on object 'Object Repository/PharmacyRequest/Page_Store/select_--Select--BA50'

2018-05-17 13:31:26 - [MESSAGE][PASSED] - All options with index in [1] are selected on object 'Object Repository/PharmacyRequest/Page_Store/select_--Select--BA50'

2018-05-17 13:31:26 - [TEST_STEP][PASSED] - delay: Delayed 1 second(s)

2018-05-17 13:31:27 - [MESSAGE][PASSED] - Delayed 1 second(s)

2018-05-17 13:31:27 - [TEST_STEP][PASSED] - Statement - StockQty = com.kms.katalon.core.webui.keyword.WebUiBuiltInKeywords.getAttribute(com.kms.katalon.core.testobject.ObjectRepository.findTestObject(PharmacyRequest/Page_Store/input_txtprice), "value"): Attribute 'value' of object 'Object Repository/PharmacyRequest/Page_Store/input_txtprice' is: '950'

2018-05-17 13:31:27 - [MESSAGE][PASSED] - Attribute 'value' of object 'Object Repository/PharmacyRequest/Page_Store/input_txtprice' is: '950'

2018-05-17 13:31:27 - [TEST_STEP][PASSED] - Statement - out.println("Stock QTY : " + StockQty): null

2018-05-17 13:31:27 - [TEST_STEP][PASSED] - delay: Delayed 1 second(s)

2018-05-17 13:31:28 - [MESSAGE][PASSED] - Delayed 1 second(s)

2018-05-17 13:31:28 - [TEST_STEP][PASSED] - Statement - If (java.lang.Integer.valueOf(StockQty) >= java.lang.Integer.valueOf(RequestedQty)): null

2018-05-17 13:31:28 - [TEST_STEP][PASSED] - setText: Text '10' is set on object 'Object Repository/PharmacyRequest/Page_Store/input_txtqty'

2018-05-17 13:31:28 - [MESSAGE][PASSED] - Text '10' is set on object 'Object Repository/PharmacyRequest/Page_Store/input_txtqty'

2018-05-17 13:31:28 - [TEST_STEP][PASSED] - click: Object: 'Object Repository/PharmacyRequest/Page_Store/button_Add' is clicked on

2018-05-17 13:31:28 - [MESSAGE][PASSED] - Object: 'Object Repository/PharmacyRequest/Page_Store/button_Add' is clicked on

2018-05-17 13:31:28 - [TEST_STEP][PASSED] - Statement - Break: null

2018-05-17 13:31:28 - [TEST_STEP][PASSED] - selectOptionByIndex: All options with index in [10] are selected on object 'Object Repository/PharmacyRequest/Page_Store/select_--Select--Amlodepin -5'

2018-05-17 13:31:29 - [MESSAGE][PASSED] - All options with index in [10] are selected on object 'Object Repository/PharmacyRequest/Page_Store/select_--Select--Amlodepin -5'

2018-05-17 13:31:29 - [TEST_STEP][PASSED] - delay: Delayed 1 second(s)

2018-05-17 13:31:30 - [MESSAGE][PASSED] - Delayed 1 second(s)

2018-05-17 13:31:30 - [TEST_STEP][PASSED] - Statement - RequestedQty = com.kms.katalon.core.webui.keyword.WebUiBuiltInKeywords.getAttribute(com.kms.katalon.core.testobject.ObjectRepository.findTestObject(PharmacyRequest/Page_Store/input_txttotal), "value"): Attribute 'value' of object 'Object Repository/PharmacyRequest/Page_Store/input_txttotal' is: '10'

2018-05-17 13:31:30 - [MESSAGE][PASSED] - Attribute 'value' of object 'Object Repository/PharmacyRequest/Page_Store/input_txttotal' is: '10'

2018-05-17 13:31:30 - [TEST_STEP][PASSED] - Statement - out.println("Requested QTY : " + RequestedQty): null

2018-05-17 13:31:30 - [TEST_STEP][PASSED] - Statement - BatchNumber = com.kms.katalon.core.webui.keyword.WebUiBuiltInKeywords.getNumberOfTotalOption(com.kms.katalon.core.testobject.ObjectRepository.findTestObject(PharmacyRequest/Page_Store/select_--Select--BA50)): 4 options of object 'Object Repository/PharmacyRequest/Page_Store/select_--Select--BA50' counted

2018-05-17 13:31:30 - [MESSAGE][PASSED] - 4 options of object 'Object Repository/PharmacyRequest/Page_Store/select_--Select--BA50' counted

2018-05-17 13:31:30 - [TEST_STEP][PASSED] - Statement - For ([g = 1, g <= BatchNumber - 1, (g++)]): null

2018-05-17 13:31:30 - [TEST_STEP][PASSED] - selectOptionByIndex: All options with index in [1] are selected on object 'Object Repository/PharmacyRequest/Page_Store/select_--Select--BA50'

2018-05-17 13:31:30 - [MESSAGE][PASSED] - All options with index in [1] are selected on object 'Object Repository/PharmacyRequest/Page_Store/select_--Select--BA50'

2018-05-17 13:31:30 - [TEST_STEP][PASSED] - delay: Delayed 1 second(s)

2018-05-17 13:31:31 - [MESSAGE][PASSED] - Delayed 1 second(s)

2018-05-17 13:31:31 - [TEST_STEP][PASSED] - Statement - StockQty = com.kms.katalon.core.webui.keyword.WebUiBuiltInKeywords.getAttribute(com.kms.katalon.core.testobject.ObjectRepository.findTestObject(PharmacyRequest/Page_Store/input_txtprice), "value"): Attribute 'value' of object 'Object Repository/PharmacyRequest/Page_Store/input_txtprice' is: '50'

2018-05-17 13:31:31 - [MESSAGE][PASSED] - Attribute 'value' of object 'Object Repository/PharmacyRequest/Page_Store/input_txtprice' is: '50'

2018-05-17 13:31:31 - [TEST_STEP][PASSED] - Statement - out.println("Stock QTY : " + StockQty): null

2018-05-17 13:31:31 - [TEST_STEP][PASSED] - delay: Delayed 1 second(s)

2018-05-17 13:31:32 - [MESSAGE][PASSED] - Delayed 1 second(s)

2018-05-17 13:31:32 - [TEST_STEP][PASSED] - Statement - If (java.lang.Integer.valueOf(StockQty) >= java.lang.Integer.valueOf(RequestedQty)): null

2018-05-17 13:31:32 - [TEST_STEP][PASSED] - setText: Text '10' is set on object 'Object Repository/PharmacyRequest/Page_Store/input_txtqty'

2018-05-17 13:31:32 - [MESSAGE][PASSED] - Text '10' is set on object 'Object Repository/PharmacyRequest/Page_Store/input_txtqty'

2018-05-17 13:31:32 - [TEST_STEP][PASSED] - click: Object: 'Object Repository/PharmacyRequest/Page_Store/button_Add' is clicked on

2018-05-17 13:31:32 - [MESSAGE][PASSED] - Object: 'Object Repository/PharmacyRequest/Page_Store/button_Add' is clicked on

2018-05-17 13:31:32 - [TEST_STEP][PASSED] - Statement - Break: null

2018-05-17 13:31:32 - [TEST_STEP][PASSED] - selectOptionByIndex: All options with index in [11] are selected on object 'Object Repository/PharmacyRequest/Page_Store/select_--Select--Amlodepin -5'

2018-05-17 13:31:32 - [MESSAGE][PASSED] - All options with index in [11] are selected on object 'Object Repository/PharmacyRequest/Page_Store/select_--Select--Amlodepin -5'

2018-05-17 13:31:32 - [TEST_STEP][PASSED] - delay: Delayed 1 second(s)

2018-05-17 13:31:33 - [MESSAGE][PASSED] - Delayed 1 second(s)

2018-05-17 13:31:33 - [TEST_STEP][PASSED] - Statement - RequestedQty = com.kms.katalon.core.webui.keyword.WebUiBuiltInKeywords.getAttribute(com.kms.katalon.core.testobject.ObjectRepository.findTestObject(PharmacyRequest/Page_Store/input_txttotal), "value"): Attribute 'value' of object 'Object Repository/PharmacyRequest/Page_Store/input_txttotal' is: '10'

2018-05-17 13:31:33 - [MESSAGE][PASSED] - Attribute 'value' of object 'Object Repository/PharmacyRequest/Page_Store/input_txttotal' is: '10'

2018-05-17 13:31:33 - [TEST_STEP][PASSED] - Statement - out.println("Requested QTY : " + RequestedQty): null

2018-05-17 13:31:33 - [TEST_STEP][PASSED] - Statement - BatchNumber = com.kms.katalon.core.webui.keyword.WebUiBuiltInKeywords.getNumberOfTotalOption(com.kms.katalon.core.testobject.ObjectRepository.findTestObject(PharmacyRequest/Page_Store/select_--Select--BA50)): 3 options of object 'Object Repository/PharmacyRequest/Page_Store/select_--Select--BA50' counted

2018-05-17 13:31:33 - [MESSAGE][PASSED] - 3 options of object 'Object Repository/PharmacyRequest/Page_Store/select_--Select--BA50' counted

2018-05-17 13:31:33 - [TEST_STEP][PASSED] - Statement - For ([g = 1, g <= BatchNumber - 1, (g++)]): null

2018-05-17 13:31:33 - [TEST_STEP][PASSED] - selectOptionByIndex: All options with index in [1] are selected on object 'Object Repository/PharmacyRequest/Page_Store/select_--Select--BA50'

2018-05-17 13:31:33 - [MESSAGE][PASSED] - All options with index in [1] are selected on object 'Object Repository/PharmacyRequest/Page_Store/select_--Select--BA50'

2018-05-17 13:31:33 - [TEST_STEP][PASSED] - delay: Delayed 1 second(s)

2018-05-17 13:31:34 - [MESSAGE][PASSED] - Delayed 1 second(s)

2018-05-17 13:31:34 - [TEST_STEP][PASSED] - Statement - StockQty = com.kms.katalon.core.webui.keyword.WebUiBuiltInKeywords.getAttribute(com.kms.katalon.core.testobject.ObjectRepository.findTestObject(PharmacyRequest/Page_Store/input_txtprice), "value"): Attribute 'value' of object 'Object Repository/PharmacyRequest/Page_Store/input_txtprice' is: '50'

2018-05-17 13:31:34 - [MESSAGE][PASSED] - Attribute 'value' of object 'Object Repository/PharmacyRequest/Page_Store/input_txtprice' is: '50'

2018-05-17 13:31:34 - [TEST_STEP][PASSED] - Statement - out.println("Stock QTY : " + StockQty): null

2018-05-17 13:31:34 - [TEST_STEP][PASSED] - delay: Delayed 1 second(s)

2018-05-17 13:31:35 - [MESSAGE][PASSED] - Delayed 1 second(s)

2018-05-17 13:31:35 - [TEST_STEP][PASSED] - Statement - If (java.lang.Integer.valueOf(StockQty) >= java.lang.Integer.valueOf(RequestedQty)): null

2018-05-17 13:31:35 - [TEST_STEP][PASSED] - setText: Text '10' is set on object 'Object Repository/PharmacyRequest/Page_Store/input_txtqty'

2018-05-17 13:31:36 - [MESSAGE][PASSED] - Text '10' is set on object 'Object Repository/PharmacyRequest/Page_Store/input_txtqty'

2018-05-17 13:31:36 - [TEST_STEP][PASSED] - click: Object: 'Object Repository/PharmacyRequest/Page_Store/button_Add' is clicked on

2018-05-17 13:31:36 - [MESSAGE][PASSED] - Object: 'Object Repository/PharmacyRequest/Page_Store/button_Add' is clicked on

2018-05-17 13:31:36 - [TEST_STEP][PASSED] - Statement - Break: null

2018-05-17 13:31:36 - [TEST_STEP][PASSED] - selectOptionByIndex: All options with index in [12] are selected on object 'Object Repository/PharmacyRequest/Page_Store/select_--Select--Amlodepin -5'

2018-05-17 13:31:36 - [MESSAGE][PASSED] - All options with index in [12] are selected on object 'Object Repository/PharmacyRequest/Page_Store/select_--Select--Amlodepin -5'

2018-05-17 13:31:36 - [TEST_STEP][PASSED] - delay: Delayed 1 second(s)

2018-05-17 13:31:37 - [MESSAGE][PASSED] - Delayed 1 second(s)

2018-05-17 13:31:37 - [TEST_STEP][PASSED] - Statement - RequestedQty = com.kms.katalon.core.webui.keyword.WebUiBuiltInKeywords.getAttribute(com.kms.katalon.core.testobject.ObjectRepository.findTestObject(PharmacyRequest/Page_Store/input_txttotal), "value"): Attribute 'value' of object 'Object Repository/PharmacyRequest/Page_Store/input_txttotal' is: '10'

2018-05-17 13:31:37 - [MESSAGE][PASSED] - Attribute 'value' of object 'Object Repository/PharmacyRequest/Page_Store/input_txttotal' is: '10'

2018-05-17 13:31:37 - [TEST_STEP][PASSED] - Statement - out.println("Requested QTY : " + RequestedQty): null

2018-05-17 13:31:37 - [TEST_STEP][PASSED] - Statement - BatchNumber = com.kms.katalon.core.webui.keyword.WebUiBuiltInKeywords.getNumberOfTotalOption(com.kms.katalon.core.testobject.ObjectRepository.findTestObject(PharmacyRequest/Page_Store/select_--Select--BA50)): 3 options of object 'Object Repository/PharmacyRequest/Page_Store/select_--Select--BA50' counted

2018-05-17 13:31:37 - [MESSAGE][PASSED] - 3 options of object 'Object Repository/PharmacyRequest/Page_Store/select_--Select--BA50' counted

2018-05-17 13:31:37 - [TEST_STEP][PASSED] - Statement - For ([g = 1, g <= BatchNumber - 1, (g++)]): null

2018-05-17 13:31:37 - [TEST_STEP][PASSED] - selectOptionByIndex: All options with index in [1] are selected on object 'Object Repository/PharmacyRequest/Page_Store/select_--Select--BA50'

2018-05-17 13:31:37 - [MESSAGE][PASSED] - All options with index in [1] are selected on object 'Object Repository/PharmacyRequest/Page_Store/select_--Select--BA50'

2018-05-17 13:31:37 - [TEST_STEP][PASSED] - delay: Delayed 1 second(s)

2018-05-17 13:31:38 - [MESSAGE][PASSED] - Delayed 1 second(s)

2018-05-17 13:31:38 - [TEST_STEP][PASSED] - Statement - StockQty = com.kms.katalon.core.webui.keyword.WebUiBuiltInKeywords.getAttribute(com.kms.katalon.core.testobject.ObjectRepository.findTestObject(PharmacyRequest/Page_Store/input_txtprice), "value"): Attribute 'value' of object 'Object Repository/PharmacyRequest/Page_Store/input_txtprice' is: '50'

2018-05-17 13:31:38 - [MESSAGE][PASSED] - Attribute 'value' of object 'Object Repository/PharmacyRequest/Page_Store/input_txtprice' is: '50'

2018-05-17 13:31:38 - [TEST_STEP][PASSED] - Statement - out.println("Stock QTY : " + StockQty): null

2018-05-17 13:31:38 - [TEST_STEP][PASSED] - delay: Delayed 1 second(s)

2018-05-17 13:31:39 - [MESSAGE][PASSED] - Delayed 1 second(s)

2018-05-17 13:31:39 - [TEST_STEP][PASSED] - Statement - If (java.lang.Integer.valueOf(StockQty) >= java.lang.Integer.valueOf(RequestedQty)): null

2018-05-17 13:31:39 - [TEST_STEP][PASSED] - setText: Text '10' is set on object 'Object Repository/PharmacyRequest/Page_Store/input_txtqty'

2018-05-17 13:31:39 - [MESSAGE][PASSED] - Text '10' is set on object 'Object Repository/PharmacyRequest/Page_Store/input_txtqty'

2018-05-17 13:31:39 - [TEST_STEP][PASSED] - click: Object: 'Object Repository/PharmacyRequest/Page_Store/button_Add' is clicked on

2018-05-17 13:31:39 - [MESSAGE][PASSED] - Object: 'Object Repository/PharmacyRequest/Page_Store/button_Add' is clicked on

2018-05-17 13:31:39 - [TEST_STEP][PASSED] - Statement - Break: null

2018-05-17 13:31:39 - [TEST_STEP][PASSED] - selectOptionByIndex: All options with index in [13] are selected on object 'Object Repository/PharmacyRequest/Page_Store/select_--Select--Amlodepin -5'

2018-05-17 13:31:39 - [MESSAGE][PASSED] - All options with index in [13] are selected on object 'Object Repository/PharmacyRequest/Page_Store/select_--Select--Amlodepin -5'

2018-05-17 13:31:39 - [TEST_STEP][PASSED] - delay: Delayed 1 second(s)

2018-05-17 13:31:40 - [MESSAGE][PASSED] - Delayed 1 second(s)

2018-05-17 13:31:40 - [TEST_STEP][PASSED] - Statement - RequestedQty = com.kms.katalon.core.webui.keyword.WebUiBuiltInKeywords.getAttribute(com.kms.katalon.core.testobject.ObjectRepository.findTestObject(PharmacyRequest/Page_Store/input_txttotal), "value"): Attribute 'value' of object 'Object Repository/PharmacyRequest/Page_Store/input_txttotal' is: '10'

2018-05-17 13:31:40 - [MESSAGE][PASSED] - Attribute 'value' of object 'Object Repository/PharmacyRequest/Page_Store/input_txttotal' is: '10'

2018-05-17 13:31:40 - [TEST_STEP][PASSED] - Statement - out.println("Requested QTY : " + RequestedQty): null

2018-05-17 13:31:40 - [TEST_STEP][PASSED] - Statement - BatchNumber = com.kms.katalon.core.webui.keyword.WebUiBuiltInKeywords.getNumberOfTotalOption(com.kms.katalon.core.testobject.ObjectRepository.findTestObject(PharmacyRequest/Page_Store/select_--Select--BA50)): 3 options of object 'Object Repository/PharmacyRequest/Page_Store/select_--Select--BA50' counted

2018-05-17 13:31:41 - [MESSAGE][PASSED] - 3 options of object 'Object Repository/PharmacyRequest/Page_Store/select_--Select--BA50' counted

2018-05-17 13:31:41 - [TEST_STEP][PASSED] - Statement - For ([g = 1, g <= BatchNumber - 1, (g++)]): null

2018-05-17 13:31:41 - [TEST_STEP][PASSED] - selectOptionByIndex: All options with index in [1] are selected on object 'Object Repository/PharmacyRequest/Page_Store/select_--Select--BA50'

2018-05-17 13:31:41 - [MESSAGE][PASSED] - All options with index in [1] are selected on object 'Object Repository/PharmacyRequest/Page_Store/select_--Select--BA50'

2018-05-17 13:31:41 - [TEST_STEP][PASSED] - delay: Delayed 1 second(s)

2018-05-17 13:31:42 - [MESSAGE][PASSED] - Delayed 1 second(s)

2018-05-17 13:31:42 - [TEST_STEP][PASSED] - Statement - StockQty = com.kms.katalon.core.webui.keyword.WebUiBuiltInKeywords.getAttribute(com.kms.katalon.core.testobject.ObjectRepository.findTestObject(PharmacyRequest/Page_Store/input_txtprice), "value"): Attribute 'value' of object 'Object Repository/PharmacyRequest/Page_Store/input_txtprice' is: '950'

2018-05-17 13:31:42 - [MESSAGE][PASSED] - Attribute 'value' of object 'Object Repository/PharmacyRequest/Page_Store/input_txtprice' is: '950'

2018-05-17 13:31:42 - [TEST_STEP][PASSED] - Statement - out.println("Stock QTY : " + StockQty): null

2018-05-17 13:31:42 - [TEST_STEP][PASSED] - delay: Delayed 1 second(s)

2018-05-17 13:31:43 - [MESSAGE][PASSED] - Delayed 1 second(s)

2018-05-17 13:31:43 - [TEST_STEP][PASSED] - Statement - If (java.lang.Integer.valueOf(StockQty) >= java.lang.Integer.valueOf(RequestedQty)): null

2018-05-17 13:31:43 - [TEST_STEP][PASSED] - setText: Text '10' is set on object 'Object Repository/PharmacyRequest/Page_Store/input_txtqty'

2018-05-17 13:31:43 - [MESSAGE][PASSED] - Text '10' is set on object 'Object Repository/PharmacyRequest/Page_Store/input_txtqty'

2018-05-17 13:31:43 - [TEST_STEP][PASSED] - click: Object: 'Object Repository/PharmacyRequest/Page_Store/button_Add' is clicked on

2018-05-17 13:31:43 - [MESSAGE][PASSED] - Object: 'Object Repository/PharmacyRequest/Page_Store/button_Add' is clicked on

2018-05-17 13:31:43 - [TEST_STEP][PASSED] - Statement - Break: null

2018-05-17 13:31:43 - [TEST_STEP][PASSED] - selectOptionByIndex: All options with index in [14] are selected on object 'Object Repository/PharmacyRequest/Page_Store/select_--Select--Amlodepin -5'

2018-05-17 13:31:43 - [MESSAGE][PASSED] - All options with index in [14] are selected on object 'Object Repository/PharmacyRequest/Page_Store/select_--Select--Amlodepin -5'

2018-05-17 13:31:43 - [TEST_STEP][PASSED] - delay: Delayed 1 second(s)

2018-05-17 13:31:44 - [MESSAGE][PASSED] - Delayed 1 second(s)

2018-05-17 13:31:44 - [TEST_STEP][PASSED] - Statement - RequestedQty = com.kms.katalon.core.webui.keyword.WebUiBuiltInKeywords.getAttribute(com.kms.katalon.core.testobject.ObjectRepository.findTestObject(PharmacyRequest/Page_Store/input_txttotal), "value"): Attribute 'value' of object 'Object Repository/PharmacyRequest/Page_Store/input_txttotal' is: '10'

2018-05-17 13:31:44 - [MESSAGE][PASSED] - Attribute 'value' of object 'Object Repository/PharmacyRequest/Page_Store/input_txttotal' is: '10'

2018-05-17 13:31:44 - [TEST_STEP][PASSED] - Statement - out.println("Requested QTY : " + RequestedQty): null

2018-05-17 13:31:44 - [TEST_STEP][PASSED] - Statement - BatchNumber = com.kms.katalon.core.webui.keyword.WebUiBuiltInKeywords.getNumberOfTotalOption(com.kms.katalon.core.testobject.ObjectRepository.findTestObject(PharmacyRequest/Page_Store/select_--Select--BA50)): 3 options of object 'Object Repository/PharmacyRequest/Page_Store/select_--Select--BA50' counted

2018-05-17 13:31:44 - [MESSAGE][PASSED] - 3 options of object 'Object Repository/PharmacyRequest/Page_Store/select_--Select--BA50' counted

2018-05-17 13:31:44 - [TEST_STEP][PASSED] - Statement - For ([g = 1, g <= BatchNumber - 1, (g++)]): null

2018-05-17 13:31:44 - [TEST_STEP][PASSED] - selectOptionByIndex: All options with index in [1] are selected on object 'Object Repository/PharmacyRequest/Page_Store/select_--Select--BA50'

2018-05-17 13:31:44 - [MESSAGE][PASSED] - All options with index in [1] are selected on object 'Object Repository/PharmacyRequest/Page_Store/select_--Select--BA50'

2018-05-17 13:31:44 - [TEST_STEP][PASSED] - delay: Delayed 1 second(s)

2018-05-17 13:31:45 - [MESSAGE][PASSED] - Delayed 1 second(s)

2018-05-17 13:31:45 - [TEST_STEP][PASSED] - Statement - StockQty = com.kms.katalon.core.webui.keyword.WebUiBuiltInKeywords.getAttribute(com.kms.katalon.core.testobject.ObjectRepository.findTestObject(PharmacyRequest/Page_Store/input_txtprice), "value"): Attribute 'value' of object 'Object Repository/PharmacyRequest/Page_Store/input_txtprice' is: '950'

2018-05-17 13:31:45 - [MESSAGE][PASSED] - Attribute 'value' of object 'Object Repository/PharmacyRequest/Page_Store/input_txtprice' is: '950'

2018-05-17 13:31:45 - [TEST_STEP][PASSED] - Statement - out.println("Stock QTY : " + StockQty): null

2018-05-17 13:31:45 - [TEST_STEP][PASSED] - delay: Delayed 1 second(s)

2018-05-17 13:31:46 - [MESSAGE][PASSED] - Delayed 1 second(s)

2018-05-17 13:31:46 - [TEST_STEP][PASSED] - Statement - If (java.lang.Integer.valueOf(StockQty) >= java.lang.Integer.valueOf(RequestedQty)): null

2018-05-17 13:31:46 - [TEST_STEP][PASSED] - setText: Text '10' is set on object 'Object Repository/PharmacyRequest/Page_Store/input_txtqty'

2018-05-17 13:31:46 - [MESSAGE][PASSED] - Text '10' is set on object 'Object Repository/PharmacyRequest/Page_Store/input_txtqty'

2018-05-17 13:31:46 - [TEST_STEP][PASSED] - click: Object: 'Object Repository/PharmacyRequest/Page_Store/button_Add' is clicked on

2018-05-17 13:31:46 - [MESSAGE][PASSED] - Object: 'Object Repository/PharmacyRequest/Page_Store/button_Add' is clicked on

2018-05-17 13:31:46 - [TEST_STEP][PASSED] - Statement - Break: null

2018-05-17 13:31:46 - [TEST_STEP][PASSED] - selectOptionByIndex: All options with index in [15] are selected on object 'Object Repository/PharmacyRequest/Page_Store/select_--Select--Amlodepin -5'

2018-05-17 13:31:47 - [MESSAGE][PASSED] - All options with index in [15] are selected on object 'Object Repository/PharmacyRequest/Page_Store/select_--Select--Amlodepin -5'

2018-05-17 13:31:47 - [TEST_STEP][PASSED] - delay: Delayed 1 second(s)

2018-05-17 13:31:48 - [MESSAGE][PASSED] - Delayed 1 second(s)

2018-05-17 13:31:48 - [TEST_STEP][PASSED] - Statement - RequestedQty = com.kms.katalon.core.webui.keyword.WebUiBuiltInKeywords.getAttribute(com.kms.katalon.core.testobject.ObjectRepository.findTestObject(PharmacyRequest/Page_Store/input_txttotal), "value"): Attribute 'value' of object 'Object Repository/PharmacyRequest/Page_Store/input_txttotal' is: '10'

2018-05-17 13:31:48 - [MESSAGE][PASSED] - Attribute 'value' of object 'Object Repository/PharmacyRequest/Page_Store/input_txttotal' is: '10'

2018-05-17 13:31:48 - [TEST_STEP][PASSED] - Statement - out.println("Requested QTY : " + RequestedQty): null

2018-05-17 13:31:48 - [TEST_STEP][PASSED] - Statement - BatchNumber = com.kms.katalon.core.webui.keyword.WebUiBuiltInKeywords.getNumberOfTotalOption(com.kms.katalon.core.testobject.ObjectRepository.findTestObject(PharmacyRequest/Page_Store/select_--Select--BA50)): 4 options of object 'Object Repository/PharmacyRequest/Page_Store/select_--Select--BA50' counted

2018-05-17 13:31:48 - [MESSAGE][PASSED] - 4 options of object 'Object Repository/PharmacyRequest/Page_Store/select_--Select--BA50' counted

2018-05-17 13:31:48 - [TEST_STEP][PASSED] - Statement - For ([g = 1, g <= BatchNumber - 1, (g++)]): null

2018-05-17 13:31:48 - [TEST_STEP][PASSED] - selectOptionByIndex: All options with index in [1] are selected on object 'Object Repository/PharmacyRequest/Page_Store/select_--Select--BA50'

2018-05-17 13:31:48 - [MESSAGE][PASSED] - All options with index in [1] are selected on object 'Object Repository/PharmacyRequest/Page_Store/select_--Select--BA50'

2018-05-17 13:31:48 - [TEST_STEP][PASSED] - delay: Delayed 1 second(s)

2018-05-17 13:31:49 - [MESSAGE][PASSED] - Delayed 1 second(s)

2018-05-17 13:31:49 - [TEST_STEP][PASSED] - Statement - StockQty = com.kms.katalon.core.webui.keyword.WebUiBuiltInKeywords.getAttribute(com.kms.katalon.core.testobject.ObjectRepository.findTestObject(PharmacyRequest/Page_Store/input_txtprice), "value"): Attribute 'value' of object 'Object Repository/PharmacyRequest/Page_Store/input_txtprice' is: '50'

2018-05-17 13:31:49 - [MESSAGE][PASSED] - Attribute 'value' of object 'Object Repository/PharmacyRequest/Page_Store/input_txtprice' is: '50'

2018-05-17 13:31:49 - [TEST_STEP][PASSED] - Statement - out.println("Stock QTY : " + StockQty): null

2018-05-17 13:31:49 - [TEST_STEP][PASSED] - delay: Delayed 1 second(s)

2018-05-17 13:31:50 - [MESSAGE][PASSED] - Delayed 1 second(s)

2018-05-17 13:31:50 - [TEST_STEP][PASSED] - Statement - If (java.lang.Integer.valueOf(StockQty) >= java.lang.Integer.valueOf(RequestedQty)): null

2018-05-17 13:31:50 - [TEST_STEP][PASSED] - setText: Text '10' is set on object 'Object Repository/PharmacyRequest/Page_Store/input_txtqty'

2018-05-17 13:31:50 - [MESSAGE][PASSED] - Text '10' is set on object 'Object Repository/PharmacyRequest/Page_Store/input_txtqty'

2018-05-17 13:31:50 - [TEST_STEP][PASSED] - click: Object: 'Object Repository/PharmacyRequest/Page_Store/button_Add' is clicked on

2018-05-17 13:31:50 - [MESSAGE][PASSED] - Object: 'Object Repository/PharmacyRequest/Page_Store/button_Add' is clicked on

2018-05-17 13:31:50 - [TEST_STEP][PASSED] - Statement - Break: null

2018-05-17 13:31:50 - [TEST_STEP][PASSED] - scrollToElement: Scroll to object 'Object Repository/PharmacyRequest/Page_Store/input_btnSubmit' successfully

2018-05-17 13:31:50 - [MESSAGE][PASSED] - Scroll to object 'Object Repository/PharmacyRequest/Page_Store/input_btnSubmit' successfully

2018-05-17 13:31:50 - [TEST_STEP][PASSED] - click: Object: 'Object Repository/PharmacyRequest/Page_Store/input_btnSubmit' is clicked on

2018-05-17 13:31:50 - [MESSAGE][PASSED] - Object: 'Object Repository/PharmacyRequest/Page_Store/input_btnSubmit' is clicked on

2018-05-17 13:31:50 - [TEST_STEP][PASSED] - delay: Delayed 3 second(s)

2018-05-17 13:31:53 - [MESSAGE][PASSED] - Delayed 3 second(s)

2018-05-17 13:31:53 - [TEST_STEP][PASSED] - click: Object: 'Object Repository/PharmacyRequest/Page_Store/button_OK' is clicked on

2018-05-17 13:31:54 - [MESSAGE][PASSED] - Object: 'Object Repository/PharmacyRequest/Page_Store/button_OK' is clicked on

2018-05-17 13:31:54 - [TEST_STEP][PASSED] - delay: Delayed 3 second(s)

2018-05-17 13:31:57 - [MESSAGE][PASSED] - Delayed 3 second(s)

2018-05-17 13:31:57 - [TEST_STEP][PASSED] - click: Object: 'Object Repository/PharmacyRequest/Page_Store/a_dropdown-toggle' is clicked on

2018-05-17 13:31:57 - [MESSAGE][PASSED] - Object: 'Object Repository/PharmacyRequest/Page_Store/a_dropdown-toggle' is clicked on

2018-05-17 13:31:57 - [TEST_STEP][PASSED] - click: Object: 'Object Repository/PharmacyRequest/Page_Store/a_Sign out' is clicked on

2018-05-17 13:31:58 - [MESSAGE][PASSED] - Object: 'Object Repository/PharmacyRequest/Page_Store/a_Sign out' is clicked on

2018-05-17 13:31:58 - [TEST_STEP][PASSED] - closeBrowser: Browser is closed

2018-05-17 13:31:58 - [MESSAGE][PASSED] - Browser is closed

2018-05-17 13:31:58 - [TEST_STEP][PASSED] - Statement - out.println("Schedule 4 Pharmacy Request Are Working Successfully"): null]]></system-out>
         <system-err><![CDATA[]]></system-err>
      </testcase>
      <testcase name="Test Cases/PHARMACY TEST CASES/TC_PHAR_005 Verify Schedule 5 Pharmacy Request Are Working Successfully Or Not" classname="Test Cases/PHARMACY TEST CASES/TC_PHAR_005 Verify Schedule 5 Pharmacy Request Are Working Successfully Or Not" status="PASSED">
         <system-out><![CDATA[2018-05-17 13:31:58 - [TEST_CASE][PASSED] - Test Cases/PHARMACY TEST CASES/TC_PHAR_005 Verify Schedule 5 Pharmacy Request Are Working Successfully Or Not: Test Cases/PHARMACY TEST CASES/TC_PHAR_005 Verify Schedule 5 Pharmacy Request Are Working Successfully Or Not

2018-05-17 13:31:58 - [TEST_STEP][PASSED] - openBrowser: Browser is opened with url: ''

2018-05-17 13:32:00 - [MESSAGE][PASSED] - Browser is opened with url: ''

2018-05-17 13:32:00 - [TEST_STEP][PASSED] - Statement - out.println("Verify Schedule 5 Pharmacy Request Are Working Successfully Or Not"): null

2018-05-17 13:32:00 - [TEST_STEP][PASSED] - navigateToUrl: Navigate to 'http://192.168.137.1/multihospital_new/' successfully

2018-05-17 13:32:03 - [MESSAGE][PASSED] - Navigate to 'http://192.168.137.1/multihospital_new/' successfully

2018-05-17 13:32:03 - [TEST_STEP][PASSED] - maximizeWindow: Current window maximized

2018-05-17 13:32:04 - [MESSAGE][PASSED] - Current window maximized

2018-05-17 13:32:04 - [TEST_STEP][PASSED] - click: Object: 'Object Repository/PharmacyRequest/Page_KDMC/a_Pharmacy' is clicked on

2018-05-17 13:32:05 - [MESSAGE][PASSED] - Object: 'Object Repository/PharmacyRequest/Page_KDMC/a_Pharmacy' is clicked on

2018-05-17 13:32:05 - [TEST_STEP][PASSED] - setText: Text 'raja' is set on object 'Object Repository/PharmacyRequest/Page_Pharmacy login/input_txtusername'

2018-05-17 13:32:05 - [MESSAGE][PASSED] - Text 'raja' is set on object 'Object Repository/PharmacyRequest/Page_Pharmacy login/input_txtusername'

2018-05-17 13:32:05 - [TEST_STEP][PASSED] - setText: Text '123' is set on object 'Object Repository/PharmacyRequest/Page_Pharmacy login/input_txtpassword'

2018-05-17 13:32:05 - [MESSAGE][PASSED] - Text '123' is set on object 'Object Repository/PharmacyRequest/Page_Pharmacy login/input_txtpassword'

2018-05-17 13:32:05 - [TEST_STEP][PASSED] - delay: Delayed 3 second(s)

2018-05-17 13:32:08 - [MESSAGE][PASSED] - Delayed 3 second(s)

2018-05-17 13:32:08 - [TEST_STEP][PASSED] - click: Object: 'Object Repository/PharmacyRequest/Page_Pharmacy login/button_Sign in' is clicked on

2018-05-17 13:32:09 - [MESSAGE][PASSED] - Object: 'Object Repository/PharmacyRequest/Page_Pharmacy login/button_Sign in' is clicked on

2018-05-17 13:32:09 - [TEST_STEP][PASSED] - delay: Delayed 3 second(s)

2018-05-17 13:32:12 - [MESSAGE][PASSED] - Delayed 3 second(s)

2018-05-17 13:32:12 - [TEST_STEP][PASSED] - click: Object: 'Object Repository/PharmacyRequest/Page_KDMC - Pharmacy/a_Inventory' is clicked on

2018-05-17 13:32:13 - [MESSAGE][PASSED] - Object: 'Object Repository/PharmacyRequest/Page_KDMC - Pharmacy/a_Inventory' is clicked on

2018-05-17 13:32:13 - [TEST_STEP][PASSED] - delay: Delayed 3 second(s)

2018-05-17 13:32:16 - [MESSAGE][PASSED] - Delayed 3 second(s)

2018-05-17 13:32:16 - [TEST_STEP][PASSED] - click: Object: 'Object Repository/PharmacyRequest/Page_KDMC-Pharmacy/a_Store Request' is clicked on

2018-05-17 13:32:16 - [MESSAGE][PASSED] - Object: 'Object Repository/PharmacyRequest/Page_KDMC-Pharmacy/a_Store Request' is clicked on

2018-05-17 13:32:16 - [TEST_STEP][PASSED] - click: Object: 'Object Repository/PharmacyRequest/Page_KDMC-Pharmacy/a_Medicine Request' is clicked on

2018-05-17 13:32:17 - [MESSAGE][PASSED] - Object: 'Object Repository/PharmacyRequest/Page_KDMC-Pharmacy/a_Medicine Request' is clicked on

2018-05-17 13:32:17 - [TEST_STEP][PASSED] - selectOptionByIndex: All options with index in [5] are selected on object 'Object Repository/PharmacyRequest/Page_KDMC-Pharmacy/select_--Select--Schedule 1Inj'

2018-05-17 13:32:18 - [MESSAGE][PASSED] - All options with index in [5] are selected on object 'Object Repository/PharmacyRequest/Page_KDMC-Pharmacy/select_--Select--Schedule 1Inj'

2018-05-17 13:32:18 - [TEST_STEP][PASSED] - Statement - MedicineLength = com.kms.katalon.core.webui.keyword.WebUiBuiltInKeywords.getNumberOfTotalOption(com.kms.katalon.core.testobject.ObjectRepository.findTestObject(PharmacyRequest/Page_KDMC-Pharmacy/select_--Select--Albendazole)): 17 options of object 'Object Repository/PharmacyRequest/Page_KDMC-Pharmacy/select_--Select--Albendazole' counted

2018-05-17 13:32:18 - [MESSAGE][PASSED] - 17 options of object 'Object Repository/PharmacyRequest/Page_KDMC-Pharmacy/select_--Select--Albendazole' counted

2018-05-17 13:32:18 - [TEST_STEP][PASSED] - Statement - For ([l = 1, l <= MedicineLength - 1, (l++)]): Object: 'Object Repository/PharmacyRequest/Page_KDMC-Pharmacy/button_Add' is clicked on

2018-05-17 13:32:18 - [TEST_STEP][PASSED] - selectOptionByIndex: All options with index in [5] are selected on object 'Object Repository/PharmacyRequest/Page_KDMC-Pharmacy/select_--Select--Schedule 1Inj'

2018-05-17 13:32:18 - [MESSAGE][PASSED] - All options with index in [5] are selected on object 'Object Repository/PharmacyRequest/Page_KDMC-Pharmacy/select_--Select--Schedule 1Inj'

2018-05-17 13:32:18 - [TEST_STEP][PASSED] - selectOptionByIndex: All options with index in [1] are selected on object 'Object Repository/PharmacyRequest/Page_KDMC-Pharmacy/select_--Select--Albendazole'

2018-05-17 13:32:18 - [MESSAGE][PASSED] - All options with index in [1] are selected on object 'Object Repository/PharmacyRequest/Page_KDMC-Pharmacy/select_--Select--Albendazole'

2018-05-17 13:32:18 - [TEST_STEP][PASSED] - setText: Text '10' is set on object 'Object Repository/PharmacyRequest/Page_KDMC-Pharmacy/input_txttreat'

2018-05-17 13:32:18 - [MESSAGE][PASSED] - Text '10' is set on object 'Object Repository/PharmacyRequest/Page_KDMC-Pharmacy/input_txttreat'

2018-05-17 13:32:18 - [TEST_STEP][PASSED] - click: Object: 'Object Repository/PharmacyRequest/Page_KDMC-Pharmacy/button_Add' is clicked on

2018-05-17 13:32:18 - [MESSAGE][PASSED] - Object: 'Object Repository/PharmacyRequest/Page_KDMC-Pharmacy/button_Add' is clicked on

2018-05-17 13:32:18 - [TEST_STEP][PASSED] - selectOptionByIndex: All options with index in [5] are selected on object 'Object Repository/PharmacyRequest/Page_KDMC-Pharmacy/select_--Select--Schedule 1Inj'

2018-05-17 13:32:18 - [MESSAGE][PASSED] - All options with index in [5] are selected on object 'Object Repository/PharmacyRequest/Page_KDMC-Pharmacy/select_--Select--Schedule 1Inj'

2018-05-17 13:32:18 - [TEST_STEP][PASSED] - selectOptionByIndex: All options with index in [2] are selected on object 'Object Repository/PharmacyRequest/Page_KDMC-Pharmacy/select_--Select--Albendazole'

2018-05-17 13:32:18 - [MESSAGE][PASSED] - All options with index in [2] are selected on object 'Object Repository/PharmacyRequest/Page_KDMC-Pharmacy/select_--Select--Albendazole'

2018-05-17 13:32:18 - [TEST_STEP][PASSED] - setText: Text '10' is set on object 'Object Repository/PharmacyRequest/Page_KDMC-Pharmacy/input_txttreat'

2018-05-17 13:32:18 - [MESSAGE][PASSED] - Text '10' is set on object 'Object Repository/PharmacyRequest/Page_KDMC-Pharmacy/input_txttreat'

2018-05-17 13:32:18 - [TEST_STEP][PASSED] - click: Object: 'Object Repository/PharmacyRequest/Page_KDMC-Pharmacy/button_Add' is clicked on

2018-05-17 13:32:19 - [MESSAGE][PASSED] - Object: 'Object Repository/PharmacyRequest/Page_KDMC-Pharmacy/button_Add' is clicked on

2018-05-17 13:32:19 - [TEST_STEP][PASSED] - selectOptionByIndex: All options with index in [5] are selected on object 'Object Repository/PharmacyRequest/Page_KDMC-Pharmacy/select_--Select--Schedule 1Inj'

2018-05-17 13:32:19 - [MESSAGE][PASSED] - All options with index in [5] are selected on object 'Object Repository/PharmacyRequest/Page_KDMC-Pharmacy/select_--Select--Schedule 1Inj'

2018-05-17 13:32:19 - [TEST_STEP][PASSED] - selectOptionByIndex: All options with index in [3] are selected on object 'Object Repository/PharmacyRequest/Page_KDMC-Pharmacy/select_--Select--Albendazole'

2018-05-17 13:32:19 - [MESSAGE][PASSED] - All options with index in [3] are selected on object 'Object Repository/PharmacyRequest/Page_KDMC-Pharmacy/select_--Select--Albendazole'

2018-05-17 13:32:19 - [TEST_STEP][PASSED] - setText: Text '10' is set on object 'Object Repository/PharmacyRequest/Page_KDMC-Pharmacy/input_txttreat'

2018-05-17 13:32:19 - [MESSAGE][PASSED] - Text '10' is set on object 'Object Repository/PharmacyRequest/Page_KDMC-Pharmacy/input_txttreat'

2018-05-17 13:32:19 - [TEST_STEP][PASSED] - click: Object: 'Object Repository/PharmacyRequest/Page_KDMC-Pharmacy/button_Add' is clicked on

2018-05-17 13:32:19 - [MESSAGE][PASSED] - Object: 'Object Repository/PharmacyRequest/Page_KDMC-Pharmacy/button_Add' is clicked on

2018-05-17 13:32:19 - [TEST_STEP][PASSED] - selectOptionByIndex: All options with index in [5] are selected on object 'Object Repository/PharmacyRequest/Page_KDMC-Pharmacy/select_--Select--Schedule 1Inj'

2018-05-17 13:32:19 - [MESSAGE][PASSED] - All options with index in [5] are selected on object 'Object Repository/PharmacyRequest/Page_KDMC-Pharmacy/select_--Select--Schedule 1Inj'

2018-05-17 13:32:19 - [TEST_STEP][PASSED] - selectOptionByIndex: All options with index in [4] are selected on object 'Object Repository/PharmacyRequest/Page_KDMC-Pharmacy/select_--Select--Albendazole'

2018-05-17 13:32:19 - [MESSAGE][PASSED] - All options with index in [4] are selected on object 'Object Repository/PharmacyRequest/Page_KDMC-Pharmacy/select_--Select--Albendazole'

2018-05-17 13:32:19 - [TEST_STEP][PASSED] - setText: Text '10' is set on object 'Object Repository/PharmacyRequest/Page_KDMC-Pharmacy/input_txttreat'

2018-05-17 13:32:19 - [MESSAGE][PASSED] - Text '10' is set on object 'Object Repository/PharmacyRequest/Page_KDMC-Pharmacy/input_txttreat'

2018-05-17 13:32:19 - [TEST_STEP][PASSED] - click: Object: 'Object Repository/PharmacyRequest/Page_KDMC-Pharmacy/button_Add' is clicked on

2018-05-17 13:32:19 - [MESSAGE][PASSED] - Object: 'Object Repository/PharmacyRequest/Page_KDMC-Pharmacy/button_Add' is clicked on

2018-05-17 13:32:19 - [TEST_STEP][PASSED] - selectOptionByIndex: All options with index in [5] are selected on object 'Object Repository/PharmacyRequest/Page_KDMC-Pharmacy/select_--Select--Schedule 1Inj'

2018-05-17 13:32:19 - [MESSAGE][PASSED] - All options with index in [5] are selected on object 'Object Repository/PharmacyRequest/Page_KDMC-Pharmacy/select_--Select--Schedule 1Inj'

2018-05-17 13:32:19 - [TEST_STEP][PASSED] - selectOptionByIndex: All options with index in [5] are selected on object 'Object Repository/PharmacyRequest/Page_KDMC-Pharmacy/select_--Select--Albendazole'

2018-05-17 13:32:20 - [MESSAGE][PASSED] - All options with index in [5] are selected on object 'Object Repository/PharmacyRequest/Page_KDMC-Pharmacy/select_--Select--Albendazole'

2018-05-17 13:32:20 - [TEST_STEP][PASSED] - setText: Text '10' is set on object 'Object Repository/PharmacyRequest/Page_KDMC-Pharmacy/input_txttreat'

2018-05-17 13:32:20 - [MESSAGE][PASSED] - Text '10' is set on object 'Object Repository/PharmacyRequest/Page_KDMC-Pharmacy/input_txttreat'

2018-05-17 13:32:20 - [TEST_STEP][PASSED] - click: Object: 'Object Repository/PharmacyRequest/Page_KDMC-Pharmacy/button_Add' is clicked on

2018-05-17 13:32:20 - [MESSAGE][PASSED] - Object: 'Object Repository/PharmacyRequest/Page_KDMC-Pharmacy/button_Add' is clicked on

2018-05-17 13:32:20 - [TEST_STEP][PASSED] - selectOptionByIndex: All options with index in [5] are selected on object 'Object Repository/PharmacyRequest/Page_KDMC-Pharmacy/select_--Select--Schedule 1Inj'

2018-05-17 13:32:20 - [MESSAGE][PASSED] - All options with index in [5] are selected on object 'Object Repository/PharmacyRequest/Page_KDMC-Pharmacy/select_--Select--Schedule 1Inj'

2018-05-17 13:32:20 - [TEST_STEP][PASSED] - selectOptionByIndex: All options with index in [6] are selected on object 'Object Repository/PharmacyRequest/Page_KDMC-Pharmacy/select_--Select--Albendazole'

2018-05-17 13:32:20 - [MESSAGE][PASSED] - All options with index in [6] are selected on object 'Object Repository/PharmacyRequest/Page_KDMC-Pharmacy/select_--Select--Albendazole'

2018-05-17 13:32:20 - [TEST_STEP][PASSED] - setText: Text '10' is set on object 'Object Repository/PharmacyRequest/Page_KDMC-Pharmacy/input_txttreat'

2018-05-17 13:32:20 - [MESSAGE][PASSED] - Text '10' is set on object 'Object Repository/PharmacyRequest/Page_KDMC-Pharmacy/input_txttreat'

2018-05-17 13:32:20 - [TEST_STEP][PASSED] - click: Object: 'Object Repository/PharmacyRequest/Page_KDMC-Pharmacy/button_Add' is clicked on

2018-05-17 13:32:20 - [MESSAGE][PASSED] - Object: 'Object Repository/PharmacyRequest/Page_KDMC-Pharmacy/button_Add' is clicked on

2018-05-17 13:32:20 - [TEST_STEP][PASSED] - selectOptionByIndex: All options with index in [5] are selected on object 'Object Repository/PharmacyRequest/Page_KDMC-Pharmacy/select_--Select--Schedule 1Inj'

2018-05-17 13:32:20 - [MESSAGE][PASSED] - All options with index in [5] are selected on object 'Object Repository/PharmacyRequest/Page_KDMC-Pharmacy/select_--Select--Schedule 1Inj'

2018-05-17 13:32:20 - [TEST_STEP][PASSED] - selectOptionByIndex: All options with index in [7] are selected on object 'Object Repository/PharmacyRequest/Page_KDMC-Pharmacy/select_--Select--Albendazole'

2018-05-17 13:32:20 - [MESSAGE][PASSED] - All options with index in [7] are selected on object 'Object Repository/PharmacyRequest/Page_KDMC-Pharmacy/select_--Select--Albendazole'

2018-05-17 13:32:20 - [TEST_STEP][PASSED] - setText: Text '10' is set on object 'Object Repository/PharmacyRequest/Page_KDMC-Pharmacy/input_txttreat'

2018-05-17 13:32:20 - [MESSAGE][PASSED] - Text '10' is set on object 'Object Repository/PharmacyRequest/Page_KDMC-Pharmacy/input_txttreat'

2018-05-17 13:32:20 - [TEST_STEP][PASSED] - click: Object: 'Object Repository/PharmacyRequest/Page_KDMC-Pharmacy/button_Add' is clicked on

2018-05-17 13:32:20 - [MESSAGE][PASSED] - Object: 'Object Repository/PharmacyRequest/Page_KDMC-Pharmacy/button_Add' is clicked on

2018-05-17 13:32:20 - [TEST_STEP][PASSED] - selectOptionByIndex: All options with index in [5] are selected on object 'Object Repository/PharmacyRequest/Page_KDMC-Pharmacy/select_--Select--Schedule 1Inj'

2018-05-17 13:32:21 - [MESSAGE][PASSED] - All options with index in [5] are selected on object 'Object Repository/PharmacyRequest/Page_KDMC-Pharmacy/select_--Select--Schedule 1Inj'

2018-05-17 13:32:21 - [TEST_STEP][PASSED] - selectOptionByIndex: All options with index in [8] are selected on object 'Object Repository/PharmacyRequest/Page_KDMC-Pharmacy/select_--Select--Albendazole'

2018-05-17 13:32:21 - [MESSAGE][PASSED] - All options with index in [8] are selected on object 'Object Repository/PharmacyRequest/Page_KDMC-Pharmacy/select_--Select--Albendazole'

2018-05-17 13:32:21 - [TEST_STEP][PASSED] - setText: Text '10' is set on object 'Object Repository/PharmacyRequest/Page_KDMC-Pharmacy/input_txttreat'

2018-05-17 13:32:21 - [MESSAGE][PASSED] - Text '10' is set on object 'Object Repository/PharmacyRequest/Page_KDMC-Pharmacy/input_txttreat'

2018-05-17 13:32:21 - [TEST_STEP][PASSED] - click: Object: 'Object Repository/PharmacyRequest/Page_KDMC-Pharmacy/button_Add' is clicked on

2018-05-17 13:32:21 - [MESSAGE][PASSED] - Object: 'Object Repository/PharmacyRequest/Page_KDMC-Pharmacy/button_Add' is clicked on

2018-05-17 13:32:21 - [TEST_STEP][PASSED] - selectOptionByIndex: All options with index in [5] are selected on object 'Object Repository/PharmacyRequest/Page_KDMC-Pharmacy/select_--Select--Schedule 1Inj'

2018-05-17 13:32:21 - [MESSAGE][PASSED] - All options with index in [5] are selected on object 'Object Repository/PharmacyRequest/Page_KDMC-Pharmacy/select_--Select--Schedule 1Inj'

2018-05-17 13:32:21 - [TEST_STEP][PASSED] - selectOptionByIndex: All options with index in [9] are selected on object 'Object Repository/PharmacyRequest/Page_KDMC-Pharmacy/select_--Select--Albendazole'

2018-05-17 13:32:21 - [MESSAGE][PASSED] - All options with index in [9] are selected on object 'Object Repository/PharmacyRequest/Page_KDMC-Pharmacy/select_--Select--Albendazole'

2018-05-17 13:32:21 - [TEST_STEP][PASSED] - setText: Text '10' is set on object 'Object Repository/PharmacyRequest/Page_KDMC-Pharmacy/input_txttreat'

2018-05-17 13:32:21 - [MESSAGE][PASSED] - Text '10' is set on object 'Object Repository/PharmacyRequest/Page_KDMC-Pharmacy/input_txttreat'

2018-05-17 13:32:21 - [TEST_STEP][PASSED] - click: Object: 'Object Repository/PharmacyRequest/Page_KDMC-Pharmacy/button_Add' is clicked on

2018-05-17 13:32:21 - [MESSAGE][PASSED] - Object: 'Object Repository/PharmacyRequest/Page_KDMC-Pharmacy/button_Add' is clicked on

2018-05-17 13:32:21 - [TEST_STEP][PASSED] - selectOptionByIndex: All options with index in [5] are selected on object 'Object Repository/PharmacyRequest/Page_KDMC-Pharmacy/select_--Select--Schedule 1Inj'

2018-05-17 13:32:21 - [MESSAGE][PASSED] - All options with index in [5] are selected on object 'Object Repository/PharmacyRequest/Page_KDMC-Pharmacy/select_--Select--Schedule 1Inj'

2018-05-17 13:32:21 - [TEST_STEP][PASSED] - selectOptionByIndex: All options with index in [10] are selected on object 'Object Repository/PharmacyRequest/Page_KDMC-Pharmacy/select_--Select--Albendazole'

2018-05-17 13:32:22 - [MESSAGE][PASSED] - All options with index in [10] are selected on object 'Object Repository/PharmacyRequest/Page_KDMC-Pharmacy/select_--Select--Albendazole'

2018-05-17 13:32:22 - [TEST_STEP][PASSED] - setText: Text '10' is set on object 'Object Repository/PharmacyRequest/Page_KDMC-Pharmacy/input_txttreat'

2018-05-17 13:32:22 - [MESSAGE][PASSED] - Text '10' is set on object 'Object Repository/PharmacyRequest/Page_KDMC-Pharmacy/input_txttreat'

2018-05-17 13:32:22 - [TEST_STEP][PASSED] - click: Object: 'Object Repository/PharmacyRequest/Page_KDMC-Pharmacy/button_Add' is clicked on

2018-05-17 13:32:22 - [MESSAGE][PASSED] - Object: 'Object Repository/PharmacyRequest/Page_KDMC-Pharmacy/button_Add' is clicked on

2018-05-17 13:32:22 - [TEST_STEP][PASSED] - selectOptionByIndex: All options with index in [5] are selected on object 'Object Repository/PharmacyRequest/Page_KDMC-Pharmacy/select_--Select--Schedule 1Inj'

2018-05-17 13:32:22 - [MESSAGE][PASSED] - All options with index in [5] are selected on object 'Object Repository/PharmacyRequest/Page_KDMC-Pharmacy/select_--Select--Schedule 1Inj'

2018-05-17 13:32:22 - [TEST_STEP][PASSED] - selectOptionByIndex: All options with index in [11] are selected on object 'Object Repository/PharmacyRequest/Page_KDMC-Pharmacy/select_--Select--Albendazole'

2018-05-17 13:32:22 - [MESSAGE][PASSED] - All options with index in [11] are selected on object 'Object Repository/PharmacyRequest/Page_KDMC-Pharmacy/select_--Select--Albendazole'

2018-05-17 13:32:22 - [TEST_STEP][PASSED] - setText: Text '10' is set on object 'Object Repository/PharmacyRequest/Page_KDMC-Pharmacy/input_txttreat'

2018-05-17 13:32:22 - [MESSAGE][PASSED] - Text '10' is set on object 'Object Repository/PharmacyRequest/Page_KDMC-Pharmacy/input_txttreat'

2018-05-17 13:32:22 - [TEST_STEP][PASSED] - click: Object: 'Object Repository/PharmacyRequest/Page_KDMC-Pharmacy/button_Add' is clicked on

2018-05-17 13:32:22 - [MESSAGE][PASSED] - Object: 'Object Repository/PharmacyRequest/Page_KDMC-Pharmacy/button_Add' is clicked on

2018-05-17 13:32:22 - [TEST_STEP][PASSED] - selectOptionByIndex: All options with index in [5] are selected on object 'Object Repository/PharmacyRequest/Page_KDMC-Pharmacy/select_--Select--Schedule 1Inj'

2018-05-17 13:32:22 - [MESSAGE][PASSED] - All options with index in [5] are selected on object 'Object Repository/PharmacyRequest/Page_KDMC-Pharmacy/select_--Select--Schedule 1Inj'

2018-05-17 13:32:22 - [TEST_STEP][PASSED] - selectOptionByIndex: All options with index in [12] are selected on object 'Object Repository/PharmacyRequest/Page_KDMC-Pharmacy/select_--Select--Albendazole'

2018-05-17 13:32:23 - [MESSAGE][PASSED] - All options with index in [12] are selected on object 'Object Repository/PharmacyRequest/Page_KDMC-Pharmacy/select_--Select--Albendazole'

2018-05-17 13:32:23 - [TEST_STEP][PASSED] - setText: Text '10' is set on object 'Object Repository/PharmacyRequest/Page_KDMC-Pharmacy/input_txttreat'

2018-05-17 13:32:23 - [MESSAGE][PASSED] - Text '10' is set on object 'Object Repository/PharmacyRequest/Page_KDMC-Pharmacy/input_txttreat'

2018-05-17 13:32:23 - [TEST_STEP][PASSED] - click: Object: 'Object Repository/PharmacyRequest/Page_KDMC-Pharmacy/button_Add' is clicked on

2018-05-17 13:32:23 - [MESSAGE][PASSED] - Object: 'Object Repository/PharmacyRequest/Page_KDMC-Pharmacy/button_Add' is clicked on

2018-05-17 13:32:23 - [TEST_STEP][PASSED] - selectOptionByIndex: All options with index in [5] are selected on object 'Object Repository/PharmacyRequest/Page_KDMC-Pharmacy/select_--Select--Schedule 1Inj'

2018-05-17 13:32:23 - [MESSAGE][PASSED] - All options with index in [5] are selected on object 'Object Repository/PharmacyRequest/Page_KDMC-Pharmacy/select_--Select--Schedule 1Inj'

2018-05-17 13:32:23 - [TEST_STEP][PASSED] - selectOptionByIndex: All options with index in [13] are selected on object 'Object Repository/PharmacyRequest/Page_KDMC-Pharmacy/select_--Select--Albendazole'

2018-05-17 13:32:23 - [MESSAGE][PASSED] - All options with index in [13] are selected on object 'Object Repository/PharmacyRequest/Page_KDMC-Pharmacy/select_--Select--Albendazole'

2018-05-17 13:32:23 - [TEST_STEP][PASSED] - setText: Text '10' is set on object 'Object Repository/PharmacyRequest/Page_KDMC-Pharmacy/input_txttreat'

2018-05-17 13:32:23 - [MESSAGE][PASSED] - Text '10' is set on object 'Object Repository/PharmacyRequest/Page_KDMC-Pharmacy/input_txttreat'

2018-05-17 13:32:23 - [TEST_STEP][PASSED] - click: Object: 'Object Repository/PharmacyRequest/Page_KDMC-Pharmacy/button_Add' is clicked on

2018-05-17 13:32:23 - [MESSAGE][PASSED] - Object: 'Object Repository/PharmacyRequest/Page_KDMC-Pharmacy/button_Add' is clicked on

2018-05-17 13:32:23 - [TEST_STEP][PASSED] - selectOptionByIndex: All options with index in [5] are selected on object 'Object Repository/PharmacyRequest/Page_KDMC-Pharmacy/select_--Select--Schedule 1Inj'

2018-05-17 13:32:23 - [MESSAGE][PASSED] - All options with index in [5] are selected on object 'Object Repository/PharmacyRequest/Page_KDMC-Pharmacy/select_--Select--Schedule 1Inj'

2018-05-17 13:32:23 - [TEST_STEP][PASSED] - selectOptionByIndex: All options with index in [14] are selected on object 'Object Repository/PharmacyRequest/Page_KDMC-Pharmacy/select_--Select--Albendazole'

2018-05-17 13:32:23 - [MESSAGE][PASSED] - All options with index in [14] are selected on object 'Object Repository/PharmacyRequest/Page_KDMC-Pharmacy/select_--Select--Albendazole'

2018-05-17 13:32:23 - [TEST_STEP][PASSED] - setText: Text '10' is set on object 'Object Repository/PharmacyRequest/Page_KDMC-Pharmacy/input_txttreat'

2018-05-17 13:32:24 - [MESSAGE][PASSED] - Text '10' is set on object 'Object Repository/PharmacyRequest/Page_KDMC-Pharmacy/input_txttreat'

2018-05-17 13:32:24 - [TEST_STEP][PASSED] - click: Object: 'Object Repository/PharmacyRequest/Page_KDMC-Pharmacy/button_Add' is clicked on

2018-05-17 13:32:24 - [MESSAGE][PASSED] - Object: 'Object Repository/PharmacyRequest/Page_KDMC-Pharmacy/button_Add' is clicked on

2018-05-17 13:32:24 - [TEST_STEP][PASSED] - selectOptionByIndex: All options with index in [5] are selected on object 'Object Repository/PharmacyRequest/Page_KDMC-Pharmacy/select_--Select--Schedule 1Inj'

2018-05-17 13:32:24 - [MESSAGE][PASSED] - All options with index in [5] are selected on object 'Object Repository/PharmacyRequest/Page_KDMC-Pharmacy/select_--Select--Schedule 1Inj'

2018-05-17 13:32:24 - [TEST_STEP][PASSED] - selectOptionByIndex: All options with index in [15] are selected on object 'Object Repository/PharmacyRequest/Page_KDMC-Pharmacy/select_--Select--Albendazole'

2018-05-17 13:32:24 - [MESSAGE][PASSED] - All options with index in [15] are selected on object 'Object Repository/PharmacyRequest/Page_KDMC-Pharmacy/select_--Select--Albendazole'

2018-05-17 13:32:24 - [TEST_STEP][PASSED] - setText: Text '10' is set on object 'Object Repository/PharmacyRequest/Page_KDMC-Pharmacy/input_txttreat'

2018-05-17 13:32:24 - [MESSAGE][PASSED] - Text '10' is set on object 'Object Repository/PharmacyRequest/Page_KDMC-Pharmacy/input_txttreat'

2018-05-17 13:32:24 - [TEST_STEP][PASSED] - click: Object: 'Object Repository/PharmacyRequest/Page_KDMC-Pharmacy/button_Add' is clicked on

2018-05-17 13:32:24 - [MESSAGE][PASSED] - Object: 'Object Repository/PharmacyRequest/Page_KDMC-Pharmacy/button_Add' is clicked on

2018-05-17 13:32:24 - [TEST_STEP][PASSED] - selectOptionByIndex: All options with index in [5] are selected on object 'Object Repository/PharmacyRequest/Page_KDMC-Pharmacy/select_--Select--Schedule 1Inj'

2018-05-17 13:32:24 - [MESSAGE][PASSED] - All options with index in [5] are selected on object 'Object Repository/PharmacyRequest/Page_KDMC-Pharmacy/select_--Select--Schedule 1Inj'

2018-05-17 13:32:24 - [TEST_STEP][PASSED] - selectOptionByIndex: All options with index in [16] are selected on object 'Object Repository/PharmacyRequest/Page_KDMC-Pharmacy/select_--Select--Albendazole'

2018-05-17 13:32:24 - [MESSAGE][PASSED] - All options with index in [16] are selected on object 'Object Repository/PharmacyRequest/Page_KDMC-Pharmacy/select_--Select--Albendazole'

2018-05-17 13:32:24 - [TEST_STEP][PASSED] - setText: Text '10' is set on object 'Object Repository/PharmacyRequest/Page_KDMC-Pharmacy/input_txttreat'

2018-05-17 13:32:24 - [MESSAGE][PASSED] - Text '10' is set on object 'Object Repository/PharmacyRequest/Page_KDMC-Pharmacy/input_txttreat'

2018-05-17 13:32:24 - [TEST_STEP][PASSED] - click: Object: 'Object Repository/PharmacyRequest/Page_KDMC-Pharmacy/button_Add' is clicked on

2018-05-17 13:32:25 - [MESSAGE][PASSED] - Object: 'Object Repository/PharmacyRequest/Page_KDMC-Pharmacy/button_Add' is clicked on

2018-05-17 13:32:25 - [TEST_STEP][PASSED] - Statement - RN1 = com.kms.katalon.core.webui.keyword.WebUiBuiltInKeywords.getAttribute(com.kms.katalon.core.testobject.ObjectRepository.findTestObject(PharmacyRequest/Page_KDMC-Pharmacy/input_txtno), "value"): Attribute 'value' of object 'Object Repository/PharmacyRequest/Page_KDMC-Pharmacy/input_txtno' is: 'PRNO/17052018/145'

2018-05-17 13:32:25 - [MESSAGE][PASSED] - Attribute 'value' of object 'Object Repository/PharmacyRequest/Page_KDMC-Pharmacy/input_txtno' is: 'PRNO/17052018/145'

2018-05-17 13:32:25 - [TEST_STEP][PASSED] - Statement - out.println(RN1): null

2018-05-17 13:32:25 - [TEST_STEP][PASSED] - Statement - RID = RN1.split("/")[2]: null

2018-05-17 13:32:25 - [TEST_STEP][PASSED] - scrollToElement: Scroll to object 'Object Repository/PharmacyRequest/Page_KDMC-Pharmacy/input_btnsave' successfully

2018-05-17 13:32:25 - [MESSAGE][PASSED] - Scroll to object 'Object Repository/PharmacyRequest/Page_KDMC-Pharmacy/input_btnsave' successfully

2018-05-17 13:32:25 - [TEST_STEP][PASSED] - click: Object: 'Object Repository/PharmacyRequest/Page_KDMC-Pharmacy/input_btnsave' is clicked on

2018-05-17 13:32:25 - [MESSAGE][PASSED] - Object: 'Object Repository/PharmacyRequest/Page_KDMC-Pharmacy/input_btnsave' is clicked on

2018-05-17 13:32:25 - [TEST_STEP][PASSED] - delay: Delayed 3 second(s)

2018-05-17 13:32:28 - [MESSAGE][PASSED] - Delayed 3 second(s)

2018-05-17 13:32:28 - [TEST_STEP][PASSED] - click: Object: 'Object Repository/PharmacyRequest/Page_KDMC-Pharmacy/button_OK' is clicked on

2018-05-17 13:32:28 - [MESSAGE][PASSED] - Object: 'Object Repository/PharmacyRequest/Page_KDMC-Pharmacy/button_OK' is clicked on

2018-05-17 13:32:28 - [TEST_STEP][PASSED] - delay: Delayed 3 second(s)

2018-05-17 13:32:31 - [MESSAGE][PASSED] - Delayed 3 second(s)

2018-05-17 13:32:31 - [TEST_STEP][PASSED] - click: Object: 'Object Repository/PharmacyRequest/Page_KDMC-Pharmacy/a_Back to Pharmacy' is clicked on

2018-05-17 13:32:32 - [MESSAGE][PASSED] - Object: 'Object Repository/PharmacyRequest/Page_KDMC-Pharmacy/a_Back to Pharmacy' is clicked on

2018-05-17 13:32:32 - [TEST_STEP][PASSED] - delay: Delayed 3 second(s)

2018-05-17 13:32:35 - [MESSAGE][PASSED] - Delayed 3 second(s)

2018-05-17 13:32:35 - [TEST_STEP][PASSED] - click: Object: 'Object Repository/PharmacyRequest/Page_KDMC - Pharmacy/a_dropdown-toggle' is clicked on

2018-05-17 13:32:35 - [MESSAGE][PASSED] - Object: 'Object Repository/PharmacyRequest/Page_KDMC - Pharmacy/a_dropdown-toggle' is clicked on

2018-05-17 13:32:35 - [TEST_STEP][PASSED] - click: Object: 'Object Repository/PharmacyRequest/Page_KDMC - Pharmacy/a_Sign out' is clicked on

2018-05-17 13:32:36 - [MESSAGE][PASSED] - Object: 'Object Repository/PharmacyRequest/Page_KDMC - Pharmacy/a_Sign out' is clicked on

2018-05-17 13:32:36 - [TEST_STEP][PASSED] - delay: Delayed 3 second(s)

2018-05-17 13:32:39 - [MESSAGE][PASSED] - Delayed 3 second(s)

2018-05-17 13:32:39 - [TEST_STEP][PASSED] - click: Object: 'Object Repository/PharmacyRequest/Page_KDMC/a_CMO' is clicked on

2018-05-17 13:32:39 - [MESSAGE][PASSED] - Object: 'Object Repository/PharmacyRequest/Page_KDMC/a_CMO' is clicked on

2018-05-17 13:32:39 - [TEST_STEP][PASSED] - setText: Text 'guru' is set on object 'Object Repository/PharmacyRequest/Page_CMO login/input_txtusername'

2018-05-17 13:32:40 - [MESSAGE][PASSED] - Text 'guru' is set on object 'Object Repository/PharmacyRequest/Page_CMO login/input_txtusername'

2018-05-17 13:32:40 - [TEST_STEP][PASSED] - setText: Text '123' is set on object 'Object Repository/PharmacyRequest/Page_CMO login/input_txtpassword'

2018-05-17 13:32:40 - [MESSAGE][PASSED] - Text '123' is set on object 'Object Repository/PharmacyRequest/Page_CMO login/input_txtpassword'

2018-05-17 13:32:40 - [TEST_STEP][PASSED] - delay: Delayed 3 second(s)

2018-05-17 13:32:43 - [MESSAGE][PASSED] - Delayed 3 second(s)

2018-05-17 13:32:43 - [TEST_STEP][PASSED] - click: Object: 'Object Repository/PharmacyRequest/Page_CMO login/button_Sign in' is clicked on

2018-05-17 13:32:43 - [MESSAGE][PASSED] - Object: 'Object Repository/PharmacyRequest/Page_CMO login/button_Sign in' is clicked on

2018-05-17 13:32:43 - [TEST_STEP][PASSED] - click: Object: 'Object Repository/PharmacyRequest/Page_KDMC - CMO/a_Department Wise Request' is clicked on

2018-05-17 13:32:44 - [MESSAGE][PASSED] - Object: 'Object Repository/PharmacyRequest/Page_KDMC - CMO/a_Department Wise Request' is clicked on

2018-05-17 13:32:44 - [TEST_STEP][PASSED] - selectOptionByIndex: All options with index in [2] are selected on object 'Object Repository/PharmacyRequest/Page_KDMC - CMO/select_--ALL--'

2018-05-17 13:32:44 - [MESSAGE][PASSED] - All options with index in [2] are selected on object 'Object Repository/PharmacyRequest/Page_KDMC - CMO/select_--ALL--'

2018-05-17 13:32:44 - [TEST_STEP][PASSED] - selectOptionByIndex: All options with index in [1] are selected on object 'Object Repository/PharmacyRequest/Page_KDMC - CMO/select_--ALL--                _1'

2018-05-17 13:32:44 - [MESSAGE][PASSED] - All options with index in [1] are selected on object 'Object Repository/PharmacyRequest/Page_KDMC - CMO/select_--ALL--                _1'

2018-05-17 13:32:44 - [TEST_STEP][PASSED] - click: Object: 'Object Repository/PharmacyRequest/Page_KDMC - CMO/input_btnsearch' is clicked on

2018-05-17 13:32:44 - [MESSAGE][PASSED] - Object: 'Object Repository/PharmacyRequest/Page_KDMC - CMO/input_btnsearch' is clicked on

2018-05-17 13:32:44 - [TEST_STEP][PASSED] - Statement - ID = com.kms.katalon.core.webui.keyword.WebUiBuiltInKeywords.modifyObjectProperty(com.kms.katalon.core.testobject.ObjectRepository.findTestObject(PharmacyRequest/Page_KDMC - CMO/input_2), "xpath", "equals", "//*[@id=" + RID + "]", true): Modify property of object successfully

2018-05-17 13:32:44 - [MESSAGE][PASSED] - Modify property of object successfully

2018-05-17 13:32:44 - [TEST_STEP][PASSED] - click: Object: 'Object Repository/PharmacyRequest/Page_KDMC - CMO/input_2' is clicked on

2018-05-17 13:32:45 - [MESSAGE][PASSED] - Object: 'Object Repository/PharmacyRequest/Page_KDMC - CMO/input_2' is clicked on

2018-05-17 13:32:45 - [TEST_STEP][PASSED] - delay: Delayed 3 second(s)

2018-05-17 13:32:48 - [MESSAGE][PASSED] - Delayed 3 second(s)

2018-05-17 13:32:48 - [TEST_STEP][PASSED] - selectOptionByIndex: All options with index in [1] are selected on object 'Object Repository/PharmacyRequest/Page_KDMC - CMO/select_--Select--'

2018-05-17 13:32:48 - [MESSAGE][PASSED] - All options with index in [1] are selected on object 'Object Repository/PharmacyRequest/Page_KDMC - CMO/select_--Select--'

2018-05-17 13:32:48 - [TEST_STEP][PASSED] - click: Object: 'Object Repository/PharmacyRequest/Page_KDMC - CMO/input_btnupdate' is clicked on

2018-05-17 13:32:48 - [MESSAGE][PASSED] - Object: 'Object Repository/PharmacyRequest/Page_KDMC - CMO/input_btnupdate' is clicked on

2018-05-17 13:32:48 - [TEST_STEP][PASSED] - delay: Delayed 3 second(s)

2018-05-17 13:32:51 - [MESSAGE][PASSED] - Delayed 3 second(s)

2018-05-17 13:32:51 - [TEST_STEP][PASSED] - click: Object: 'Object Repository/PharmacyRequest/Page_KDMC - CMO/button_OK' is clicked on

2018-05-17 13:32:52 - [MESSAGE][PASSED] - Object: 'Object Repository/PharmacyRequest/Page_KDMC - CMO/button_OK' is clicked on

2018-05-17 13:32:52 - [TEST_STEP][PASSED] - delay: Delayed 3 second(s)

2018-05-17 13:32:55 - [MESSAGE][PASSED] - Delayed 3 second(s)

2018-05-17 13:32:55 - [TEST_STEP][PASSED] - click: Object: 'Object Repository/PharmacyRequest/Page_KDMC - CMO/a_dropdown-toggle' is clicked on

2018-05-17 13:32:55 - [MESSAGE][PASSED] - Object: 'Object Repository/PharmacyRequest/Page_KDMC - CMO/a_dropdown-toggle' is clicked on

2018-05-17 13:32:55 - [TEST_STEP][PASSED] - click: Object: 'Object Repository/PharmacyRequest/Page_KDMC - CMO/a_Sign out' is clicked on

2018-05-17 13:32:55 - [MESSAGE][PASSED] - Object: 'Object Repository/PharmacyRequest/Page_KDMC - CMO/a_Sign out' is clicked on

2018-05-17 13:32:55 - [TEST_STEP][PASSED] - delay: Delayed 3 second(s)

2018-05-17 13:32:58 - [MESSAGE][PASSED] - Delayed 3 second(s)

2018-05-17 13:32:58 - [TEST_STEP][PASSED] - click: Object: 'Object Repository/PharmacyRequest/Page_KDMC/a_Divisional Store' is clicked on

2018-05-17 13:32:59 - [MESSAGE][PASSED] - Object: 'Object Repository/PharmacyRequest/Page_KDMC/a_Divisional Store' is clicked on

2018-05-17 13:32:59 - [TEST_STEP][PASSED] - setText: Text 'ragu' is set on object 'Object Repository/PharmacyRequest/Page_Divisonal Store Login/input_txtusername'

2018-05-17 13:32:59 - [MESSAGE][PASSED] - Text 'ragu' is set on object 'Object Repository/PharmacyRequest/Page_Divisonal Store Login/input_txtusername'

2018-05-17 13:32:59 - [TEST_STEP][PASSED] - setText: Text '123' is set on object 'Object Repository/PharmacyRequest/Page_Divisonal Store Login/input_txtpassword'

2018-05-17 13:32:59 - [MESSAGE][PASSED] - Text '123' is set on object 'Object Repository/PharmacyRequest/Page_Divisonal Store Login/input_txtpassword'

2018-05-17 13:32:59 - [TEST_STEP][PASSED] - delay: Delayed 3 second(s)

2018-05-17 13:33:02 - [MESSAGE][PASSED] - Delayed 3 second(s)

2018-05-17 13:33:02 - [TEST_STEP][PASSED] - click: Object: 'Object Repository/PharmacyRequest/Page_Divisonal Store Login/button_Sign in' is clicked on

2018-05-17 13:33:03 - [MESSAGE][PASSED] - Object: 'Object Repository/PharmacyRequest/Page_Divisonal Store Login/button_Sign in' is clicked on

2018-05-17 13:33:03 - [TEST_STEP][PASSED] - delay: Delayed 3 second(s)

2018-05-17 13:33:06 - [MESSAGE][PASSED] - Delayed 3 second(s)

2018-05-17 13:33:06 - [TEST_STEP][PASSED] - click: Object: 'Object Repository/PharmacyRequest/Page_Store/a_Pharmacy Request' is clicked on

2018-05-17 13:33:06 - [MESSAGE][PASSED] - Object: 'Object Repository/PharmacyRequest/Page_Store/a_Pharmacy Request' is clicked on

2018-05-17 13:33:06 - [TEST_STEP][PASSED] - click: Object: 'Object Repository/PharmacyRequest/Page_Store/a_Request Item Pharmacy' is clicked on

2018-05-17 13:33:06 - [MESSAGE][PASSED] - Object: 'Object Repository/PharmacyRequest/Page_Store/a_Request Item Pharmacy' is clicked on

2018-05-17 13:33:06 - [TEST_STEP][PASSED] - delay: Delayed 2 second(s)

2018-05-17 13:33:08 - [MESSAGE][PASSED] - Delayed 2 second(s)

2018-05-17 13:33:08 - [TEST_STEP][PASSED] - setText: Text 'PRNO/17052018/145' is set on object 'Object Repository/PharmacyRequest/Page_Store/input'

2018-05-17 13:33:09 - [MESSAGE][PASSED] - Text 'PRNO/17052018/145' is set on object 'Object Repository/PharmacyRequest/Page_Store/input'

2018-05-17 13:33:09 - [TEST_STEP][PASSED] - delay: Delayed 2 second(s)

2018-05-17 13:33:11 - [MESSAGE][PASSED] - Delayed 2 second(s)

2018-05-17 13:33:11 - [TEST_STEP][PASSED] - Statement - ChooseRequest = com.kms.katalon.core.webui.keyword.WebUiBuiltInKeywords.modifyObjectProperty(com.kms.katalon.core.testobject.ObjectRepository.findTestObject(PharmacyRequest/Page_Store/input_2), "xpath", "equals", "//*[@id=" + RID + "]", true): Modify property of object successfully

2018-05-17 13:33:11 - [MESSAGE][PASSED] - Modify property of object successfully

2018-05-17 13:33:11 - [TEST_STEP][PASSED] - click: Object: 'Object Repository/PharmacyRequest/Page_Store/input_2' is clicked on

2018-05-17 13:33:11 - [MESSAGE][PASSED] - Object: 'Object Repository/PharmacyRequest/Page_Store/input_2' is clicked on

2018-05-17 13:33:11 - [TEST_STEP][PASSED] - delay: Delayed 2 second(s)

2018-05-17 13:33:13 - [MESSAGE][PASSED] - Delayed 2 second(s)

2018-05-17 13:33:13 - [TEST_STEP][PASSED] - Statement - selectedoptions = com.kms.katalon.core.webui.keyword.WebUiBuiltInKeywords.getNumberOfTotalOption(com.kms.katalon.core.testobject.ObjectRepository.findTestObject(PharmacyRequest/Page_Store/select_--Select--Amlodepin -5)): 17 options of object 'Object Repository/PharmacyRequest/Page_Store/select_--Select--Amlodepin -5' counted

2018-05-17 13:33:13 - [MESSAGE][PASSED] - 17 options of object 'Object Repository/PharmacyRequest/Page_Store/select_--Select--Amlodepin -5' counted

2018-05-17 13:33:13 - [TEST_STEP][PASSED] - Statement - For ([a = 1, a <= selectedoptions - 1, (a++)]): null

2018-05-17 13:33:13 - [TEST_STEP][PASSED] - selectOptionByIndex: All options with index in [1] are selected on object 'Object Repository/PharmacyRequest/Page_Store/select_--Select--Amlodepin -5'

2018-05-17 13:33:13 - [MESSAGE][PASSED] - All options with index in [1] are selected on object 'Object Repository/PharmacyRequest/Page_Store/select_--Select--Amlodepin -5'

2018-05-17 13:33:13 - [TEST_STEP][PASSED] - delay: Delayed 1 second(s)

2018-05-17 13:33:14 - [MESSAGE][PASSED] - Delayed 1 second(s)

2018-05-17 13:33:14 - [TEST_STEP][PASSED] - Statement - RequestedQty = com.kms.katalon.core.webui.keyword.WebUiBuiltInKeywords.getAttribute(com.kms.katalon.core.testobject.ObjectRepository.findTestObject(PharmacyRequest/Page_Store/input_txttotal), "value"): Attribute 'value' of object 'Object Repository/PharmacyRequest/Page_Store/input_txttotal' is: '10'

2018-05-17 13:33:14 - [MESSAGE][PASSED] - Attribute 'value' of object 'Object Repository/PharmacyRequest/Page_Store/input_txttotal' is: '10'

2018-05-17 13:33:14 - [TEST_STEP][PASSED] - Statement - out.println("Requested QTY : " + RequestedQty): null

2018-05-17 13:33:14 - [TEST_STEP][PASSED] - Statement - BatchNumber = com.kms.katalon.core.webui.keyword.WebUiBuiltInKeywords.getNumberOfTotalOption(com.kms.katalon.core.testobject.ObjectRepository.findTestObject(PharmacyRequest/Page_Store/select_--Select--BA50)): 3 options of object 'Object Repository/PharmacyRequest/Page_Store/select_--Select--BA50' counted

2018-05-17 13:33:14 - [MESSAGE][PASSED] - 3 options of object 'Object Repository/PharmacyRequest/Page_Store/select_--Select--BA50' counted

2018-05-17 13:33:14 - [TEST_STEP][PASSED] - Statement - For ([g = 1, g <= BatchNumber - 1, (g++)]): null

2018-05-17 13:33:14 - [TEST_STEP][PASSED] - selectOptionByIndex: All options with index in [1] are selected on object 'Object Repository/PharmacyRequest/Page_Store/select_--Select--BA50'

2018-05-17 13:33:15 - [MESSAGE][PASSED] - All options with index in [1] are selected on object 'Object Repository/PharmacyRequest/Page_Store/select_--Select--BA50'

2018-05-17 13:33:15 - [TEST_STEP][PASSED] - delay: Delayed 1 second(s)

2018-05-17 13:33:16 - [MESSAGE][PASSED] - Delayed 1 second(s)

2018-05-17 13:33:16 - [TEST_STEP][PASSED] - Statement - StockQty = com.kms.katalon.core.webui.keyword.WebUiBuiltInKeywords.getAttribute(com.kms.katalon.core.testobject.ObjectRepository.findTestObject(PharmacyRequest/Page_Store/input_txtprice), "value"): Attribute 'value' of object 'Object Repository/PharmacyRequest/Page_Store/input_txtprice' is: '2035'

2018-05-17 13:33:16 - [MESSAGE][PASSED] - Attribute 'value' of object 'Object Repository/PharmacyRequest/Page_Store/input_txtprice' is: '2035'

2018-05-17 13:33:16 - [TEST_STEP][PASSED] - Statement - out.println("Stock QTY : " + StockQty): null

2018-05-17 13:33:16 - [TEST_STEP][PASSED] - delay: Delayed 1 second(s)

2018-05-17 13:33:17 - [MESSAGE][PASSED] - Delayed 1 second(s)

2018-05-17 13:33:17 - [TEST_STEP][PASSED] - Statement - If (java.lang.Integer.valueOf(StockQty) >= java.lang.Integer.valueOf(RequestedQty)): null

2018-05-17 13:33:17 - [TEST_STEP][PASSED] - setText: Text '10' is set on object 'Object Repository/PharmacyRequest/Page_Store/input_txtqty'

2018-05-17 13:33:17 - [MESSAGE][PASSED] - Text '10' is set on object 'Object Repository/PharmacyRequest/Page_Store/input_txtqty'

2018-05-17 13:33:17 - [TEST_STEP][PASSED] - click: Object: 'Object Repository/PharmacyRequest/Page_Store/button_Add' is clicked on

2018-05-17 13:33:17 - [MESSAGE][PASSED] - Object: 'Object Repository/PharmacyRequest/Page_Store/button_Add' is clicked on

2018-05-17 13:33:17 - [TEST_STEP][PASSED] - Statement - Break: null

2018-05-17 13:33:17 - [TEST_STEP][PASSED] - selectOptionByIndex: All options with index in [2] are selected on object 'Object Repository/PharmacyRequest/Page_Store/select_--Select--Amlodepin -5'

2018-05-17 13:33:17 - [MESSAGE][PASSED] - All options with index in [2] are selected on object 'Object Repository/PharmacyRequest/Page_Store/select_--Select--Amlodepin -5'

2018-05-17 13:33:17 - [TEST_STEP][PASSED] - delay: Delayed 1 second(s)

2018-05-17 13:33:18 - [MESSAGE][PASSED] - Delayed 1 second(s)

2018-05-17 13:33:18 - [TEST_STEP][PASSED] - Statement - RequestedQty = com.kms.katalon.core.webui.keyword.WebUiBuiltInKeywords.getAttribute(com.kms.katalon.core.testobject.ObjectRepository.findTestObject(PharmacyRequest/Page_Store/input_txttotal), "value"): Attribute 'value' of object 'Object Repository/PharmacyRequest/Page_Store/input_txttotal' is: '10'

2018-05-17 13:33:18 - [MESSAGE][PASSED] - Attribute 'value' of object 'Object Repository/PharmacyRequest/Page_Store/input_txttotal' is: '10'

2018-05-17 13:33:18 - [TEST_STEP][PASSED] - Statement - out.println("Requested QTY : " + RequestedQty): null

2018-05-17 13:33:18 - [TEST_STEP][PASSED] - Statement - BatchNumber = com.kms.katalon.core.webui.keyword.WebUiBuiltInKeywords.getNumberOfTotalOption(com.kms.katalon.core.testobject.ObjectRepository.findTestObject(PharmacyRequest/Page_Store/select_--Select--BA50)): 3 options of object 'Object Repository/PharmacyRequest/Page_Store/select_--Select--BA50' counted

2018-05-17 13:33:18 - [MESSAGE][PASSED] - 3 options of object 'Object Repository/PharmacyRequest/Page_Store/select_--Select--BA50' counted

2018-05-17 13:33:18 - [TEST_STEP][PASSED] - Statement - For ([g = 1, g <= BatchNumber - 1, (g++)]): null

2018-05-17 13:33:18 - [TEST_STEP][PASSED] - selectOptionByIndex: All options with index in [1] are selected on object 'Object Repository/PharmacyRequest/Page_Store/select_--Select--BA50'

2018-05-17 13:33:18 - [MESSAGE][PASSED] - All options with index in [1] are selected on object 'Object Repository/PharmacyRequest/Page_Store/select_--Select--BA50'

2018-05-17 13:33:18 - [TEST_STEP][PASSED] - delay: Delayed 1 second(s)

2018-05-17 13:33:19 - [MESSAGE][PASSED] - Delayed 1 second(s)

2018-05-17 13:33:19 - [TEST_STEP][PASSED] - Statement - StockQty = com.kms.katalon.core.webui.keyword.WebUiBuiltInKeywords.getAttribute(com.kms.katalon.core.testobject.ObjectRepository.findTestObject(PharmacyRequest/Page_Store/input_txtprice), "value"): Attribute 'value' of object 'Object Repository/PharmacyRequest/Page_Store/input_txtprice' is: '1762'

2018-05-17 13:33:19 - [MESSAGE][PASSED] - Attribute 'value' of object 'Object Repository/PharmacyRequest/Page_Store/input_txtprice' is: '1762'

2018-05-17 13:33:19 - [TEST_STEP][PASSED] - Statement - out.println("Stock QTY : " + StockQty): null

2018-05-17 13:33:19 - [TEST_STEP][PASSED] - delay: Delayed 1 second(s)

2018-05-17 13:33:20 - [MESSAGE][PASSED] - Delayed 1 second(s)

2018-05-17 13:33:20 - [TEST_STEP][PASSED] - Statement - If (java.lang.Integer.valueOf(StockQty) >= java.lang.Integer.valueOf(RequestedQty)): null

2018-05-17 13:33:20 - [TEST_STEP][PASSED] - setText: Text '10' is set on object 'Object Repository/PharmacyRequest/Page_Store/input_txtqty'

2018-05-17 13:33:20 - [MESSAGE][PASSED] - Text '10' is set on object 'Object Repository/PharmacyRequest/Page_Store/input_txtqty'

2018-05-17 13:33:20 - [TEST_STEP][PASSED] - click: Object: 'Object Repository/PharmacyRequest/Page_Store/button_Add' is clicked on

2018-05-17 13:33:20 - [MESSAGE][PASSED] - Object: 'Object Repository/PharmacyRequest/Page_Store/button_Add' is clicked on

2018-05-17 13:33:20 - [TEST_STEP][PASSED] - Statement - Break: null

2018-05-17 13:33:20 - [TEST_STEP][PASSED] - selectOptionByIndex: All options with index in [3] are selected on object 'Object Repository/PharmacyRequest/Page_Store/select_--Select--Amlodepin -5'

2018-05-17 13:33:21 - [MESSAGE][PASSED] - All options with index in [3] are selected on object 'Object Repository/PharmacyRequest/Page_Store/select_--Select--Amlodepin -5'

2018-05-17 13:33:21 - [TEST_STEP][PASSED] - delay: Delayed 1 second(s)

2018-05-17 13:33:22 - [MESSAGE][PASSED] - Delayed 1 second(s)

2018-05-17 13:33:22 - [TEST_STEP][PASSED] - Statement - RequestedQty = com.kms.katalon.core.webui.keyword.WebUiBuiltInKeywords.getAttribute(com.kms.katalon.core.testobject.ObjectRepository.findTestObject(PharmacyRequest/Page_Store/input_txttotal), "value"): Attribute 'value' of object 'Object Repository/PharmacyRequest/Page_Store/input_txttotal' is: '10'

2018-05-17 13:33:22 - [MESSAGE][PASSED] - Attribute 'value' of object 'Object Repository/PharmacyRequest/Page_Store/input_txttotal' is: '10'

2018-05-17 13:33:22 - [TEST_STEP][PASSED] - Statement - out.println("Requested QTY : " + RequestedQty): null

2018-05-17 13:33:22 - [TEST_STEP][PASSED] - Statement - BatchNumber = com.kms.katalon.core.webui.keyword.WebUiBuiltInKeywords.getNumberOfTotalOption(com.kms.katalon.core.testobject.ObjectRepository.findTestObject(PharmacyRequest/Page_Store/select_--Select--BA50)): 3 options of object 'Object Repository/PharmacyRequest/Page_Store/select_--Select--BA50' counted

2018-05-17 13:33:22 - [MESSAGE][PASSED] - 3 options of object 'Object Repository/PharmacyRequest/Page_Store/select_--Select--BA50' counted

2018-05-17 13:33:22 - [TEST_STEP][PASSED] - Statement - For ([g = 1, g <= BatchNumber - 1, (g++)]): null

2018-05-17 13:33:22 - [TEST_STEP][PASSED] - selectOptionByIndex: All options with index in [1] are selected on object 'Object Repository/PharmacyRequest/Page_Store/select_--Select--BA50'

2018-05-17 13:33:22 - [MESSAGE][PASSED] - All options with index in [1] are selected on object 'Object Repository/PharmacyRequest/Page_Store/select_--Select--BA50'

2018-05-17 13:33:22 - [TEST_STEP][PASSED] - delay: Delayed 1 second(s)

2018-05-17 13:33:23 - [MESSAGE][PASSED] - Delayed 1 second(s)

2018-05-17 13:33:23 - [TEST_STEP][PASSED] - Statement - StockQty = com.kms.katalon.core.webui.keyword.WebUiBuiltInKeywords.getAttribute(com.kms.katalon.core.testobject.ObjectRepository.findTestObject(PharmacyRequest/Page_Store/input_txtprice), "value"): Attribute 'value' of object 'Object Repository/PharmacyRequest/Page_Store/input_txtprice' is: '1940'

2018-05-17 13:33:23 - [MESSAGE][PASSED] - Attribute 'value' of object 'Object Repository/PharmacyRequest/Page_Store/input_txtprice' is: '1940'

2018-05-17 13:33:23 - [TEST_STEP][PASSED] - Statement - out.println("Stock QTY : " + StockQty): null

2018-05-17 13:33:23 - [TEST_STEP][PASSED] - delay: Delayed 1 second(s)

2018-05-17 13:33:24 - [MESSAGE][PASSED] - Delayed 1 second(s)

2018-05-17 13:33:24 - [TEST_STEP][PASSED] - Statement - If (java.lang.Integer.valueOf(StockQty) >= java.lang.Integer.valueOf(RequestedQty)): null

2018-05-17 13:33:24 - [TEST_STEP][PASSED] - setText: Text '10' is set on object 'Object Repository/PharmacyRequest/Page_Store/input_txtqty'

2018-05-17 13:33:24 - [MESSAGE][PASSED] - Text '10' is set on object 'Object Repository/PharmacyRequest/Page_Store/input_txtqty'

2018-05-17 13:33:24 - [TEST_STEP][PASSED] - click: Object: 'Object Repository/PharmacyRequest/Page_Store/button_Add' is clicked on

2018-05-17 13:33:24 - [MESSAGE][PASSED] - Object: 'Object Repository/PharmacyRequest/Page_Store/button_Add' is clicked on

2018-05-17 13:33:24 - [TEST_STEP][PASSED] - Statement - Break: null

2018-05-17 13:33:24 - [TEST_STEP][PASSED] - selectOptionByIndex: All options with index in [4] are selected on object 'Object Repository/PharmacyRequest/Page_Store/select_--Select--Amlodepin -5'

2018-05-17 13:33:24 - [MESSAGE][PASSED] - All options with index in [4] are selected on object 'Object Repository/PharmacyRequest/Page_Store/select_--Select--Amlodepin -5'

2018-05-17 13:33:24 - [TEST_STEP][PASSED] - delay: Delayed 1 second(s)

2018-05-17 13:33:25 - [MESSAGE][PASSED] - Delayed 1 second(s)

2018-05-17 13:33:25 - [TEST_STEP][PASSED] - Statement - RequestedQty = com.kms.katalon.core.webui.keyword.WebUiBuiltInKeywords.getAttribute(com.kms.katalon.core.testobject.ObjectRepository.findTestObject(PharmacyRequest/Page_Store/input_txttotal), "value"): Attribute 'value' of object 'Object Repository/PharmacyRequest/Page_Store/input_txttotal' is: '10'

2018-05-17 13:33:25 - [MESSAGE][PASSED] - Attribute 'value' of object 'Object Repository/PharmacyRequest/Page_Store/input_txttotal' is: '10'

2018-05-17 13:33:25 - [TEST_STEP][PASSED] - Statement - out.println("Requested QTY : " + RequestedQty): null

2018-05-17 13:33:25 - [TEST_STEP][PASSED] - Statement - BatchNumber = com.kms.katalon.core.webui.keyword.WebUiBuiltInKeywords.getNumberOfTotalOption(com.kms.katalon.core.testobject.ObjectRepository.findTestObject(PharmacyRequest/Page_Store/select_--Select--BA50)): 3 options of object 'Object Repository/PharmacyRequest/Page_Store/select_--Select--BA50' counted

2018-05-17 13:33:25 - [MESSAGE][PASSED] - 3 options of object 'Object Repository/PharmacyRequest/Page_Store/select_--Select--BA50' counted

2018-05-17 13:33:25 - [TEST_STEP][PASSED] - Statement - For ([g = 1, g <= BatchNumber - 1, (g++)]): null

2018-05-17 13:33:25 - [TEST_STEP][PASSED] - selectOptionByIndex: All options with index in [1] are selected on object 'Object Repository/PharmacyRequest/Page_Store/select_--Select--BA50'

2018-05-17 13:33:25 - [MESSAGE][PASSED] - All options with index in [1] are selected on object 'Object Repository/PharmacyRequest/Page_Store/select_--Select--BA50'

2018-05-17 13:33:25 - [TEST_STEP][PASSED] - delay: Delayed 1 second(s)

2018-05-17 13:33:26 - [MESSAGE][PASSED] - Delayed 1 second(s)

2018-05-17 13:33:26 - [TEST_STEP][PASSED] - Statement - StockQty = com.kms.katalon.core.webui.keyword.WebUiBuiltInKeywords.getAttribute(com.kms.katalon.core.testobject.ObjectRepository.findTestObject(PharmacyRequest/Page_Store/input_txtprice), "value"): Attribute 'value' of object 'Object Repository/PharmacyRequest/Page_Store/input_txtprice' is: '1940'

2018-05-17 13:33:26 - [MESSAGE][PASSED] - Attribute 'value' of object 'Object Repository/PharmacyRequest/Page_Store/input_txtprice' is: '1940'

2018-05-17 13:33:26 - [TEST_STEP][PASSED] - Statement - out.println("Stock QTY : " + StockQty): null

2018-05-17 13:33:26 - [TEST_STEP][PASSED] - delay: Delayed 1 second(s)

2018-05-17 13:33:27 - [MESSAGE][PASSED] - Delayed 1 second(s)

2018-05-17 13:33:27 - [TEST_STEP][PASSED] - Statement - If (java.lang.Integer.valueOf(StockQty) >= java.lang.Integer.valueOf(RequestedQty)): null

2018-05-17 13:33:27 - [TEST_STEP][PASSED] - setText: Text '10' is set on object 'Object Repository/PharmacyRequest/Page_Store/input_txtqty'

2018-05-17 13:33:27 - [MESSAGE][PASSED] - Text '10' is set on object 'Object Repository/PharmacyRequest/Page_Store/input_txtqty'

2018-05-17 13:33:27 - [TEST_STEP][PASSED] - click: Object: 'Object Repository/PharmacyRequest/Page_Store/button_Add' is clicked on

2018-05-17 13:33:27 - [MESSAGE][PASSED] - Object: 'Object Repository/PharmacyRequest/Page_Store/button_Add' is clicked on

2018-05-17 13:33:27 - [TEST_STEP][PASSED] - Statement - Break: null

2018-05-17 13:33:27 - [TEST_STEP][PASSED] - selectOptionByIndex: All options with index in [5] are selected on object 'Object Repository/PharmacyRequest/Page_Store/select_--Select--Amlodepin -5'

2018-05-17 13:33:28 - [MESSAGE][PASSED] - All options with index in [5] are selected on object 'Object Repository/PharmacyRequest/Page_Store/select_--Select--Amlodepin -5'

2018-05-17 13:33:28 - [TEST_STEP][PASSED] - delay: Delayed 1 second(s)

2018-05-17 13:33:29 - [MESSAGE][PASSED] - Delayed 1 second(s)

2018-05-17 13:33:29 - [TEST_STEP][PASSED] - Statement - RequestedQty = com.kms.katalon.core.webui.keyword.WebUiBuiltInKeywords.getAttribute(com.kms.katalon.core.testobject.ObjectRepository.findTestObject(PharmacyRequest/Page_Store/input_txttotal), "value"): Attribute 'value' of object 'Object Repository/PharmacyRequest/Page_Store/input_txttotal' is: '10'

2018-05-17 13:33:29 - [MESSAGE][PASSED] - Attribute 'value' of object 'Object Repository/PharmacyRequest/Page_Store/input_txttotal' is: '10'

2018-05-17 13:33:29 - [TEST_STEP][PASSED] - Statement - out.println("Requested QTY : " + RequestedQty): null

2018-05-17 13:33:29 - [TEST_STEP][PASSED] - Statement - BatchNumber = com.kms.katalon.core.webui.keyword.WebUiBuiltInKeywords.getNumberOfTotalOption(com.kms.katalon.core.testobject.ObjectRepository.findTestObject(PharmacyRequest/Page_Store/select_--Select--BA50)): 3 options of object 'Object Repository/PharmacyRequest/Page_Store/select_--Select--BA50' counted

2018-05-17 13:33:29 - [MESSAGE][PASSED] - 3 options of object 'Object Repository/PharmacyRequest/Page_Store/select_--Select--BA50' counted

2018-05-17 13:33:29 - [TEST_STEP][PASSED] - Statement - For ([g = 1, g <= BatchNumber - 1, (g++)]): null

2018-05-17 13:33:29 - [TEST_STEP][PASSED] - selectOptionByIndex: All options with index in [1] are selected on object 'Object Repository/PharmacyRequest/Page_Store/select_--Select--BA50'

2018-05-17 13:33:29 - [MESSAGE][PASSED] - All options with index in [1] are selected on object 'Object Repository/PharmacyRequest/Page_Store/select_--Select--BA50'

2018-05-17 13:33:29 - [TEST_STEP][PASSED] - delay: Delayed 1 second(s)

2018-05-17 13:33:30 - [MESSAGE][PASSED] - Delayed 1 second(s)

2018-05-17 13:33:30 - [TEST_STEP][PASSED] - Statement - StockQty = com.kms.katalon.core.webui.keyword.WebUiBuiltInKeywords.getAttribute(com.kms.katalon.core.testobject.ObjectRepository.findTestObject(PharmacyRequest/Page_Store/input_txtprice), "value"): Attribute 'value' of object 'Object Repository/PharmacyRequest/Page_Store/input_txtprice' is: '1940'

2018-05-17 13:33:30 - [MESSAGE][PASSED] - Attribute 'value' of object 'Object Repository/PharmacyRequest/Page_Store/input_txtprice' is: '1940'

2018-05-17 13:33:30 - [TEST_STEP][PASSED] - Statement - out.println("Stock QTY : " + StockQty): null

2018-05-17 13:33:30 - [TEST_STEP][PASSED] - delay: Delayed 1 second(s)

2018-05-17 13:33:31 - [MESSAGE][PASSED] - Delayed 1 second(s)

2018-05-17 13:33:31 - [TEST_STEP][PASSED] - Statement - If (java.lang.Integer.valueOf(StockQty) >= java.lang.Integer.valueOf(RequestedQty)): null

2018-05-17 13:33:31 - [TEST_STEP][PASSED] - setText: Text '10' is set on object 'Object Repository/PharmacyRequest/Page_Store/input_txtqty'

2018-05-17 13:33:31 - [MESSAGE][PASSED] - Text '10' is set on object 'Object Repository/PharmacyRequest/Page_Store/input_txtqty'

2018-05-17 13:33:31 - [TEST_STEP][PASSED] - click: Object: 'Object Repository/PharmacyRequest/Page_Store/button_Add' is clicked on

2018-05-17 13:33:31 - [MESSAGE][PASSED] - Object: 'Object Repository/PharmacyRequest/Page_Store/button_Add' is clicked on

2018-05-17 13:33:31 - [TEST_STEP][PASSED] - Statement - Break: null

2018-05-17 13:33:31 - [TEST_STEP][PASSED] - selectOptionByIndex: All options with index in [6] are selected on object 'Object Repository/PharmacyRequest/Page_Store/select_--Select--Amlodepin -5'

2018-05-17 13:33:31 - [MESSAGE][PASSED] - All options with index in [6] are selected on object 'Object Repository/PharmacyRequest/Page_Store/select_--Select--Amlodepin -5'

2018-05-17 13:33:31 - [TEST_STEP][PASSED] - delay: Delayed 1 second(s)

2018-05-17 13:33:32 - [MESSAGE][PASSED] - Delayed 1 second(s)

2018-05-17 13:33:32 - [TEST_STEP][PASSED] - Statement - RequestedQty = com.kms.katalon.core.webui.keyword.WebUiBuiltInKeywords.getAttribute(com.kms.katalon.core.testobject.ObjectRepository.findTestObject(PharmacyRequest/Page_Store/input_txttotal), "value"): Attribute 'value' of object 'Object Repository/PharmacyRequest/Page_Store/input_txttotal' is: '10'

2018-05-17 13:33:32 - [MESSAGE][PASSED] - Attribute 'value' of object 'Object Repository/PharmacyRequest/Page_Store/input_txttotal' is: '10'

2018-05-17 13:33:32 - [TEST_STEP][PASSED] - Statement - out.println("Requested QTY : " + RequestedQty): null

2018-05-17 13:33:32 - [TEST_STEP][PASSED] - Statement - BatchNumber = com.kms.katalon.core.webui.keyword.WebUiBuiltInKeywords.getNumberOfTotalOption(com.kms.katalon.core.testobject.ObjectRepository.findTestObject(PharmacyRequest/Page_Store/select_--Select--BA50)): 3 options of object 'Object Repository/PharmacyRequest/Page_Store/select_--Select--BA50' counted

2018-05-17 13:33:32 - [MESSAGE][PASSED] - 3 options of object 'Object Repository/PharmacyRequest/Page_Store/select_--Select--BA50' counted

2018-05-17 13:33:32 - [TEST_STEP][PASSED] - Statement - For ([g = 1, g <= BatchNumber - 1, (g++)]): null

2018-05-17 13:33:32 - [TEST_STEP][PASSED] - selectOptionByIndex: All options with index in [1] are selected on object 'Object Repository/PharmacyRequest/Page_Store/select_--Select--BA50'

2018-05-17 13:33:32 - [MESSAGE][PASSED] - All options with index in [1] are selected on object 'Object Repository/PharmacyRequest/Page_Store/select_--Select--BA50'

2018-05-17 13:33:32 - [TEST_STEP][PASSED] - delay: Delayed 1 second(s)

2018-05-17 13:33:33 - [MESSAGE][PASSED] - Delayed 1 second(s)

2018-05-17 13:33:33 - [TEST_STEP][PASSED] - Statement - StockQty = com.kms.katalon.core.webui.keyword.WebUiBuiltInKeywords.getAttribute(com.kms.katalon.core.testobject.ObjectRepository.findTestObject(PharmacyRequest/Page_Store/input_txtprice), "value"): Attribute 'value' of object 'Object Repository/PharmacyRequest/Page_Store/input_txtprice' is: '1860'

2018-05-17 13:33:33 - [MESSAGE][PASSED] - Attribute 'value' of object 'Object Repository/PharmacyRequest/Page_Store/input_txtprice' is: '1860'

2018-05-17 13:33:33 - [TEST_STEP][PASSED] - Statement - out.println("Stock QTY : " + StockQty): null

2018-05-17 13:33:33 - [TEST_STEP][PASSED] - delay: Delayed 1 second(s)

2018-05-17 13:33:34 - [MESSAGE][PASSED] - Delayed 1 second(s)

2018-05-17 13:33:34 - [TEST_STEP][PASSED] - Statement - If (java.lang.Integer.valueOf(StockQty) >= java.lang.Integer.valueOf(RequestedQty)): null

2018-05-17 13:33:34 - [TEST_STEP][PASSED] - setText: Text '10' is set on object 'Object Repository/PharmacyRequest/Page_Store/input_txtqty'

2018-05-17 13:33:35 - [MESSAGE][PASSED] - Text '10' is set on object 'Object Repository/PharmacyRequest/Page_Store/input_txtqty'

2018-05-17 13:33:35 - [TEST_STEP][PASSED] - click: Object: 'Object Repository/PharmacyRequest/Page_Store/button_Add' is clicked on

2018-05-17 13:33:35 - [MESSAGE][PASSED] - Object: 'Object Repository/PharmacyRequest/Page_Store/button_Add' is clicked on

2018-05-17 13:33:35 - [TEST_STEP][PASSED] - Statement - Break: null

2018-05-17 13:33:35 - [TEST_STEP][PASSED] - selectOptionByIndex: All options with index in [7] are selected on object 'Object Repository/PharmacyRequest/Page_Store/select_--Select--Amlodepin -5'

2018-05-17 13:33:35 - [MESSAGE][PASSED] - All options with index in [7] are selected on object 'Object Repository/PharmacyRequest/Page_Store/select_--Select--Amlodepin -5'

2018-05-17 13:33:35 - [TEST_STEP][PASSED] - delay: Delayed 1 second(s)

2018-05-17 13:33:36 - [MESSAGE][PASSED] - Delayed 1 second(s)

2018-05-17 13:33:36 - [TEST_STEP][PASSED] - Statement - RequestedQty = com.kms.katalon.core.webui.keyword.WebUiBuiltInKeywords.getAttribute(com.kms.katalon.core.testobject.ObjectRepository.findTestObject(PharmacyRequest/Page_Store/input_txttotal), "value"): Attribute 'value' of object 'Object Repository/PharmacyRequest/Page_Store/input_txttotal' is: '10'

2018-05-17 13:33:36 - [MESSAGE][PASSED] - Attribute 'value' of object 'Object Repository/PharmacyRequest/Page_Store/input_txttotal' is: '10'

2018-05-17 13:33:36 - [TEST_STEP][PASSED] - Statement - out.println("Requested QTY : " + RequestedQty): null

2018-05-17 13:33:36 - [TEST_STEP][PASSED] - Statement - BatchNumber = com.kms.katalon.core.webui.keyword.WebUiBuiltInKeywords.getNumberOfTotalOption(com.kms.katalon.core.testobject.ObjectRepository.findTestObject(PharmacyRequest/Page_Store/select_--Select--BA50)): 4 options of object 'Object Repository/PharmacyRequest/Page_Store/select_--Select--BA50' counted

2018-05-17 13:33:36 - [MESSAGE][PASSED] - 4 options of object 'Object Repository/PharmacyRequest/Page_Store/select_--Select--BA50' counted

2018-05-17 13:33:36 - [TEST_STEP][PASSED] - Statement - For ([g = 1, g <= BatchNumber - 1, (g++)]): null

2018-05-17 13:33:36 - [TEST_STEP][PASSED] - selectOptionByIndex: All options with index in [1] are selected on object 'Object Repository/PharmacyRequest/Page_Store/select_--Select--BA50'

2018-05-17 13:33:36 - [MESSAGE][PASSED] - All options with index in [1] are selected on object 'Object Repository/PharmacyRequest/Page_Store/select_--Select--BA50'

2018-05-17 13:33:36 - [TEST_STEP][PASSED] - delay: Delayed 1 second(s)

2018-05-17 13:33:37 - [MESSAGE][PASSED] - Delayed 1 second(s)

2018-05-17 13:33:37 - [TEST_STEP][PASSED] - Statement - StockQty = com.kms.katalon.core.webui.keyword.WebUiBuiltInKeywords.getAttribute(com.kms.katalon.core.testobject.ObjectRepository.findTestObject(PharmacyRequest/Page_Store/input_txtprice), "value"): Attribute 'value' of object 'Object Repository/PharmacyRequest/Page_Store/input_txtprice' is: '4'

2018-05-17 13:33:37 - [MESSAGE][PASSED] - Attribute 'value' of object 'Object Repository/PharmacyRequest/Page_Store/input_txtprice' is: '4'

2018-05-17 13:33:37 - [TEST_STEP][PASSED] - Statement - out.println("Stock QTY : " + StockQty): null

2018-05-17 13:33:37 - [TEST_STEP][PASSED] - delay: Delayed 1 second(s)

2018-05-17 13:33:38 - [MESSAGE][PASSED] - Delayed 1 second(s)

2018-05-17 13:33:38 - [TEST_STEP][PASSED] - Statement - If (java.lang.Integer.valueOf(StockQty) >= java.lang.Integer.valueOf(RequestedQty)): null

2018-05-17 13:33:38 - [TEST_STEP][PASSED] - Statement - Else: null

2018-05-17 13:33:38 - [TEST_STEP][PASSED] - Statement - out.println("Stock Is Less Than Requested Qty"): null

2018-05-17 13:33:38 - [TEST_STEP][PASSED] - selectOptionByIndex: All options with index in [2] are selected on object 'Object Repository/PharmacyRequest/Page_Store/select_--Select--BA50'

2018-05-17 13:33:38 - [MESSAGE][PASSED] - All options with index in [2] are selected on object 'Object Repository/PharmacyRequest/Page_Store/select_--Select--BA50'

2018-05-17 13:33:38 - [TEST_STEP][PASSED] - delay: Delayed 1 second(s)

2018-05-17 13:33:39 - [MESSAGE][PASSED] - Delayed 1 second(s)

2018-05-17 13:33:39 - [TEST_STEP][PASSED] - Statement - StockQty = com.kms.katalon.core.webui.keyword.WebUiBuiltInKeywords.getAttribute(com.kms.katalon.core.testobject.ObjectRepository.findTestObject(PharmacyRequest/Page_Store/input_txtprice), "value"): Attribute 'value' of object 'Object Repository/PharmacyRequest/Page_Store/input_txtprice' is: '1722'

2018-05-17 13:33:39 - [MESSAGE][PASSED] - Attribute 'value' of object 'Object Repository/PharmacyRequest/Page_Store/input_txtprice' is: '1722'

2018-05-17 13:33:39 - [TEST_STEP][PASSED] - Statement - out.println("Stock QTY : " + StockQty): null

2018-05-17 13:33:39 - [TEST_STEP][PASSED] - delay: Delayed 1 second(s)

2018-05-17 13:33:40 - [MESSAGE][PASSED] - Delayed 1 second(s)

2018-05-17 13:33:40 - [TEST_STEP][PASSED] - Statement - If (java.lang.Integer.valueOf(StockQty) >= java.lang.Integer.valueOf(RequestedQty)): null

2018-05-17 13:33:40 - [TEST_STEP][PASSED] - setText: Text '10' is set on object 'Object Repository/PharmacyRequest/Page_Store/input_txtqty'

2018-05-17 13:33:40 - [MESSAGE][PASSED] - Text '10' is set on object 'Object Repository/PharmacyRequest/Page_Store/input_txtqty'

2018-05-17 13:33:40 - [TEST_STEP][PASSED] - click: Object: 'Object Repository/PharmacyRequest/Page_Store/button_Add' is clicked on

2018-05-17 13:33:40 - [MESSAGE][PASSED] - Object: 'Object Repository/PharmacyRequest/Page_Store/button_Add' is clicked on

2018-05-17 13:33:40 - [TEST_STEP][PASSED] - Statement - Break: null

2018-05-17 13:33:40 - [TEST_STEP][PASSED] - selectOptionByIndex: All options with index in [8] are selected on object 'Object Repository/PharmacyRequest/Page_Store/select_--Select--Amlodepin -5'

2018-05-17 13:33:41 - [MESSAGE][PASSED] - All options with index in [8] are selected on object 'Object Repository/PharmacyRequest/Page_Store/select_--Select--Amlodepin -5'

2018-05-17 13:33:41 - [TEST_STEP][PASSED] - delay: Delayed 1 second(s)

2018-05-17 13:33:42 - [MESSAGE][PASSED] - Delayed 1 second(s)

2018-05-17 13:33:42 - [TEST_STEP][PASSED] - Statement - RequestedQty = com.kms.katalon.core.webui.keyword.WebUiBuiltInKeywords.getAttribute(com.kms.katalon.core.testobject.ObjectRepository.findTestObject(PharmacyRequest/Page_Store/input_txttotal), "value"): Attribute 'value' of object 'Object Repository/PharmacyRequest/Page_Store/input_txttotal' is: '10'

2018-05-17 13:33:42 - [MESSAGE][PASSED] - Attribute 'value' of object 'Object Repository/PharmacyRequest/Page_Store/input_txttotal' is: '10'

2018-05-17 13:33:42 - [TEST_STEP][PASSED] - Statement - out.println("Requested QTY : " + RequestedQty): null

2018-05-17 13:33:42 - [TEST_STEP][PASSED] - Statement - BatchNumber = com.kms.katalon.core.webui.keyword.WebUiBuiltInKeywords.getNumberOfTotalOption(com.kms.katalon.core.testobject.ObjectRepository.findTestObject(PharmacyRequest/Page_Store/select_--Select--BA50)): 3 options of object 'Object Repository/PharmacyRequest/Page_Store/select_--Select--BA50' counted

2018-05-17 13:33:42 - [MESSAGE][PASSED] - 3 options of object 'Object Repository/PharmacyRequest/Page_Store/select_--Select--BA50' counted

2018-05-17 13:33:42 - [TEST_STEP][PASSED] - Statement - For ([g = 1, g <= BatchNumber - 1, (g++)]): null

2018-05-17 13:33:42 - [TEST_STEP][PASSED] - selectOptionByIndex: All options with index in [1] are selected on object 'Object Repository/PharmacyRequest/Page_Store/select_--Select--BA50'

2018-05-17 13:33:42 - [MESSAGE][PASSED] - All options with index in [1] are selected on object 'Object Repository/PharmacyRequest/Page_Store/select_--Select--BA50'

2018-05-17 13:33:42 - [TEST_STEP][PASSED] - delay: Delayed 1 second(s)

2018-05-17 13:33:43 - [MESSAGE][PASSED] - Delayed 1 second(s)

2018-05-17 13:33:43 - [TEST_STEP][PASSED] - Statement - StockQty = com.kms.katalon.core.webui.keyword.WebUiBuiltInKeywords.getAttribute(com.kms.katalon.core.testobject.ObjectRepository.findTestObject(PharmacyRequest/Page_Store/input_txtprice), "value"): Attribute 'value' of object 'Object Repository/PharmacyRequest/Page_Store/input_txtprice' is: '1787'

2018-05-17 13:33:43 - [MESSAGE][PASSED] - Attribute 'value' of object 'Object Repository/PharmacyRequest/Page_Store/input_txtprice' is: '1787'

2018-05-17 13:33:43 - [TEST_STEP][PASSED] - Statement - out.println("Stock QTY : " + StockQty): null

2018-05-17 13:33:43 - [TEST_STEP][PASSED] - delay: Delayed 1 second(s)

2018-05-17 13:33:44 - [MESSAGE][PASSED] - Delayed 1 second(s)

2018-05-17 13:33:44 - [TEST_STEP][PASSED] - Statement - If (java.lang.Integer.valueOf(StockQty) >= java.lang.Integer.valueOf(RequestedQty)): null

2018-05-17 13:33:44 - [TEST_STEP][PASSED] - setText: Text '10' is set on object 'Object Repository/PharmacyRequest/Page_Store/input_txtqty'

2018-05-17 13:33:44 - [MESSAGE][PASSED] - Text '10' is set on object 'Object Repository/PharmacyRequest/Page_Store/input_txtqty'

2018-05-17 13:33:44 - [TEST_STEP][PASSED] - click: Object: 'Object Repository/PharmacyRequest/Page_Store/button_Add' is clicked on

2018-05-17 13:33:44 - [MESSAGE][PASSED] - Object: 'Object Repository/PharmacyRequest/Page_Store/button_Add' is clicked on

2018-05-17 13:33:44 - [TEST_STEP][PASSED] - Statement - Break: null

2018-05-17 13:33:44 - [TEST_STEP][PASSED] - selectOptionByIndex: All options with index in [9] are selected on object 'Object Repository/PharmacyRequest/Page_Store/select_--Select--Amlodepin -5'

2018-05-17 13:33:44 - [MESSAGE][PASSED] - All options with index in [9] are selected on object 'Object Repository/PharmacyRequest/Page_Store/select_--Select--Amlodepin -5'

2018-05-17 13:33:44 - [TEST_STEP][PASSED] - delay: Delayed 1 second(s)

2018-05-17 13:33:45 - [MESSAGE][PASSED] - Delayed 1 second(s)

2018-05-17 13:33:45 - [TEST_STEP][PASSED] - Statement - RequestedQty = com.kms.katalon.core.webui.keyword.WebUiBuiltInKeywords.getAttribute(com.kms.katalon.core.testobject.ObjectRepository.findTestObject(PharmacyRequest/Page_Store/input_txttotal), "value"): Attribute 'value' of object 'Object Repository/PharmacyRequest/Page_Store/input_txttotal' is: '10'

2018-05-17 13:33:45 - [MESSAGE][PASSED] - Attribute 'value' of object 'Object Repository/PharmacyRequest/Page_Store/input_txttotal' is: '10'

2018-05-17 13:33:45 - [TEST_STEP][PASSED] - Statement - out.println("Requested QTY : " + RequestedQty): null

2018-05-17 13:33:45 - [TEST_STEP][PASSED] - Statement - BatchNumber = com.kms.katalon.core.webui.keyword.WebUiBuiltInKeywords.getNumberOfTotalOption(com.kms.katalon.core.testobject.ObjectRepository.findTestObject(PharmacyRequest/Page_Store/select_--Select--BA50)): 3 options of object 'Object Repository/PharmacyRequest/Page_Store/select_--Select--BA50' counted

2018-05-17 13:33:45 - [MESSAGE][PASSED] - 3 options of object 'Object Repository/PharmacyRequest/Page_Store/select_--Select--BA50' counted

2018-05-17 13:33:45 - [TEST_STEP][PASSED] - Statement - For ([g = 1, g <= BatchNumber - 1, (g++)]): null

2018-05-17 13:33:45 - [TEST_STEP][PASSED] - selectOptionByIndex: All options with index in [1] are selected on object 'Object Repository/PharmacyRequest/Page_Store/select_--Select--BA50'

2018-05-17 13:33:45 - [MESSAGE][PASSED] - All options with index in [1] are selected on object 'Object Repository/PharmacyRequest/Page_Store/select_--Select--BA50'

2018-05-17 13:33:45 - [TEST_STEP][PASSED] - delay: Delayed 1 second(s)

2018-05-17 13:33:46 - [MESSAGE][PASSED] - Delayed 1 second(s)

2018-05-17 13:33:46 - [TEST_STEP][PASSED] - Statement - StockQty = com.kms.katalon.core.webui.keyword.WebUiBuiltInKeywords.getAttribute(com.kms.katalon.core.testobject.ObjectRepository.findTestObject(PharmacyRequest/Page_Store/input_txtprice), "value"): Attribute 'value' of object 'Object Repository/PharmacyRequest/Page_Store/input_txtprice' is: '1648'

2018-05-17 13:33:46 - [MESSAGE][PASSED] - Attribute 'value' of object 'Object Repository/PharmacyRequest/Page_Store/input_txtprice' is: '1648'

2018-05-17 13:33:46 - [TEST_STEP][PASSED] - Statement - out.println("Stock QTY : " + StockQty): null

2018-05-17 13:33:46 - [TEST_STEP][PASSED] - delay: Delayed 1 second(s)

2018-05-17 13:33:47 - [MESSAGE][PASSED] - Delayed 1 second(s)

2018-05-17 13:33:47 - [TEST_STEP][PASSED] - Statement - If (java.lang.Integer.valueOf(StockQty) >= java.lang.Integer.valueOf(RequestedQty)): null

2018-05-17 13:33:47 - [TEST_STEP][PASSED] - setText: Text '10' is set on object 'Object Repository/PharmacyRequest/Page_Store/input_txtqty'

2018-05-17 13:33:48 - [MESSAGE][PASSED] - Text '10' is set on object 'Object Repository/PharmacyRequest/Page_Store/input_txtqty'

2018-05-17 13:33:48 - [TEST_STEP][PASSED] - click: Object: 'Object Repository/PharmacyRequest/Page_Store/button_Add' is clicked on

2018-05-17 13:33:48 - [MESSAGE][PASSED] - Object: 'Object Repository/PharmacyRequest/Page_Store/button_Add' is clicked on

2018-05-17 13:33:48 - [TEST_STEP][PASSED] - Statement - Break: null

2018-05-17 13:33:48 - [TEST_STEP][PASSED] - selectOptionByIndex: All options with index in [10] are selected on object 'Object Repository/PharmacyRequest/Page_Store/select_--Select--Amlodepin -5'

2018-05-17 13:33:48 - [MESSAGE][PASSED] - All options with index in [10] are selected on object 'Object Repository/PharmacyRequest/Page_Store/select_--Select--Amlodepin -5'

2018-05-17 13:33:48 - [TEST_STEP][PASSED] - delay: Delayed 1 second(s)

2018-05-17 13:33:49 - [MESSAGE][PASSED] - Delayed 1 second(s)

2018-05-17 13:33:49 - [TEST_STEP][PASSED] - Statement - RequestedQty = com.kms.katalon.core.webui.keyword.WebUiBuiltInKeywords.getAttribute(com.kms.katalon.core.testobject.ObjectRepository.findTestObject(PharmacyRequest/Page_Store/input_txttotal), "value"): Attribute 'value' of object 'Object Repository/PharmacyRequest/Page_Store/input_txttotal' is: '10'

2018-05-17 13:33:49 - [MESSAGE][PASSED] - Attribute 'value' of object 'Object Repository/PharmacyRequest/Page_Store/input_txttotal' is: '10'

2018-05-17 13:33:49 - [TEST_STEP][PASSED] - Statement - out.println("Requested QTY : " + RequestedQty): null

2018-05-17 13:33:49 - [TEST_STEP][PASSED] - Statement - BatchNumber = com.kms.katalon.core.webui.keyword.WebUiBuiltInKeywords.getNumberOfTotalOption(com.kms.katalon.core.testobject.ObjectRepository.findTestObject(PharmacyRequest/Page_Store/select_--Select--BA50)): 3 options of object 'Object Repository/PharmacyRequest/Page_Store/select_--Select--BA50' counted

2018-05-17 13:33:49 - [MESSAGE][PASSED] - 3 options of object 'Object Repository/PharmacyRequest/Page_Store/select_--Select--BA50' counted

2018-05-17 13:33:49 - [TEST_STEP][PASSED] - Statement - For ([g = 1, g <= BatchNumber - 1, (g++)]): null

2018-05-17 13:33:49 - [TEST_STEP][PASSED] - selectOptionByIndex: All options with index in [1] are selected on object 'Object Repository/PharmacyRequest/Page_Store/select_--Select--BA50'

2018-05-17 13:33:49 - [MESSAGE][PASSED] - All options with index in [1] are selected on object 'Object Repository/PharmacyRequest/Page_Store/select_--Select--BA50'

2018-05-17 13:33:49 - [TEST_STEP][PASSED] - delay: Delayed 1 second(s)

2018-05-17 13:33:50 - [MESSAGE][PASSED] - Delayed 1 second(s)

2018-05-17 13:33:50 - [TEST_STEP][PASSED] - Statement - StockQty = com.kms.katalon.core.webui.keyword.WebUiBuiltInKeywords.getAttribute(com.kms.katalon.core.testobject.ObjectRepository.findTestObject(PharmacyRequest/Page_Store/input_txtprice), "value"): Attribute 'value' of object 'Object Repository/PharmacyRequest/Page_Store/input_txtprice' is: '1940'

2018-05-17 13:33:50 - [MESSAGE][PASSED] - Attribute 'value' of object 'Object Repository/PharmacyRequest/Page_Store/input_txtprice' is: '1940'

2018-05-17 13:33:50 - [TEST_STEP][PASSED] - Statement - out.println("Stock QTY : " + StockQty): null

2018-05-17 13:33:50 - [TEST_STEP][PASSED] - delay: Delayed 1 second(s)

2018-05-17 13:33:51 - [MESSAGE][PASSED] - Delayed 1 second(s)

2018-05-17 13:33:51 - [TEST_STEP][PASSED] - Statement - If (java.lang.Integer.valueOf(StockQty) >= java.lang.Integer.valueOf(RequestedQty)): null

2018-05-17 13:33:51 - [TEST_STEP][PASSED] - setText: Text '10' is set on object 'Object Repository/PharmacyRequest/Page_Store/input_txtqty'

2018-05-17 13:33:51 - [MESSAGE][PASSED] - Text '10' is set on object 'Object Repository/PharmacyRequest/Page_Store/input_txtqty'

2018-05-17 13:33:51 - [TEST_STEP][PASSED] - click: Object: 'Object Repository/PharmacyRequest/Page_Store/button_Add' is clicked on

2018-05-17 13:33:51 - [MESSAGE][PASSED] - Object: 'Object Repository/PharmacyRequest/Page_Store/button_Add' is clicked on

2018-05-17 13:33:51 - [TEST_STEP][PASSED] - Statement - Break: null

2018-05-17 13:33:51 - [TEST_STEP][PASSED] - selectOptionByIndex: All options with index in [11] are selected on object 'Object Repository/PharmacyRequest/Page_Store/select_--Select--Amlodepin -5'

2018-05-17 13:33:51 - [MESSAGE][PASSED] - All options with index in [11] are selected on object 'Object Repository/PharmacyRequest/Page_Store/select_--Select--Amlodepin -5'

2018-05-17 13:33:51 - [TEST_STEP][PASSED] - delay: Delayed 1 second(s)

2018-05-17 13:33:52 - [MESSAGE][PASSED] - Delayed 1 second(s)

2018-05-17 13:33:52 - [TEST_STEP][PASSED] - Statement - RequestedQty = com.kms.katalon.core.webui.keyword.WebUiBuiltInKeywords.getAttribute(com.kms.katalon.core.testobject.ObjectRepository.findTestObject(PharmacyRequest/Page_Store/input_txttotal), "value"): Attribute 'value' of object 'Object Repository/PharmacyRequest/Page_Store/input_txttotal' is: '10'

2018-05-17 13:33:52 - [MESSAGE][PASSED] - Attribute 'value' of object 'Object Repository/PharmacyRequest/Page_Store/input_txttotal' is: '10'

2018-05-17 13:33:52 - [TEST_STEP][PASSED] - Statement - out.println("Requested QTY : " + RequestedQty): null

2018-05-17 13:33:52 - [TEST_STEP][PASSED] - Statement - BatchNumber = com.kms.katalon.core.webui.keyword.WebUiBuiltInKeywords.getNumberOfTotalOption(com.kms.katalon.core.testobject.ObjectRepository.findTestObject(PharmacyRequest/Page_Store/select_--Select--BA50)): 2 options of object 'Object Repository/PharmacyRequest/Page_Store/select_--Select--BA50' counted

2018-05-17 13:33:53 - [MESSAGE][PASSED] - 2 options of object 'Object Repository/PharmacyRequest/Page_Store/select_--Select--BA50' counted

2018-05-17 13:33:53 - [TEST_STEP][PASSED] - Statement - For ([g = 1, g <= BatchNumber - 1, (g++)]): null

2018-05-17 13:33:53 - [TEST_STEP][PASSED] - selectOptionByIndex: All options with index in [1] are selected on object 'Object Repository/PharmacyRequest/Page_Store/select_--Select--BA50'

2018-05-17 13:33:53 - [MESSAGE][PASSED] - All options with index in [1] are selected on object 'Object Repository/PharmacyRequest/Page_Store/select_--Select--BA50'

2018-05-17 13:33:53 - [TEST_STEP][PASSED] - delay: Delayed 1 second(s)

2018-05-17 13:33:54 - [MESSAGE][PASSED] - Delayed 1 second(s)

2018-05-17 13:33:54 - [TEST_STEP][PASSED] - Statement - StockQty = com.kms.katalon.core.webui.keyword.WebUiBuiltInKeywords.getAttribute(com.kms.katalon.core.testobject.ObjectRepository.findTestObject(PharmacyRequest/Page_Store/input_txtprice), "value"): Attribute 'value' of object 'Object Repository/PharmacyRequest/Page_Store/input_txtprice' is: '1870'

2018-05-17 13:33:54 - [MESSAGE][PASSED] - Attribute 'value' of object 'Object Repository/PharmacyRequest/Page_Store/input_txtprice' is: '1870'

2018-05-17 13:33:54 - [TEST_STEP][PASSED] - Statement - out.println("Stock QTY : " + StockQty): null

2018-05-17 13:33:54 - [TEST_STEP][PASSED] - delay: Delayed 1 second(s)

2018-05-17 13:33:55 - [MESSAGE][PASSED] - Delayed 1 second(s)

2018-05-17 13:33:55 - [TEST_STEP][PASSED] - Statement - If (java.lang.Integer.valueOf(StockQty) >= java.lang.Integer.valueOf(RequestedQty)): null

2018-05-17 13:33:55 - [TEST_STEP][PASSED] - setText: Text '10' is set on object 'Object Repository/PharmacyRequest/Page_Store/input_txtqty'

2018-05-17 13:33:55 - [MESSAGE][PASSED] - Text '10' is set on object 'Object Repository/PharmacyRequest/Page_Store/input_txtqty'

2018-05-17 13:33:55 - [TEST_STEP][PASSED] - click: Object: 'Object Repository/PharmacyRequest/Page_Store/button_Add' is clicked on

2018-05-17 13:33:55 - [MESSAGE][PASSED] - Object: 'Object Repository/PharmacyRequest/Page_Store/button_Add' is clicked on

2018-05-17 13:33:55 - [TEST_STEP][PASSED] - Statement - Break: null

2018-05-17 13:33:55 - [TEST_STEP][PASSED] - selectOptionByIndex: All options with index in [12] are selected on object 'Object Repository/PharmacyRequest/Page_Store/select_--Select--Amlodepin -5'

2018-05-17 13:33:55 - [MESSAGE][PASSED] - All options with index in [12] are selected on object 'Object Repository/PharmacyRequest/Page_Store/select_--Select--Amlodepin -5'

2018-05-17 13:33:55 - [TEST_STEP][PASSED] - delay: Delayed 1 second(s)

2018-05-17 13:33:56 - [MESSAGE][PASSED] - Delayed 1 second(s)

2018-05-17 13:33:56 - [TEST_STEP][PASSED] - Statement - RequestedQty = com.kms.katalon.core.webui.keyword.WebUiBuiltInKeywords.getAttribute(com.kms.katalon.core.testobject.ObjectRepository.findTestObject(PharmacyRequest/Page_Store/input_txttotal), "value"): Attribute 'value' of object 'Object Repository/PharmacyRequest/Page_Store/input_txttotal' is: '10'

2018-05-17 13:33:56 - [MESSAGE][PASSED] - Attribute 'value' of object 'Object Repository/PharmacyRequest/Page_Store/input_txttotal' is: '10'

2018-05-17 13:33:56 - [TEST_STEP][PASSED] - Statement - out.println("Requested QTY : " + RequestedQty): null

2018-05-17 13:33:56 - [TEST_STEP][PASSED] - Statement - BatchNumber = com.kms.katalon.core.webui.keyword.WebUiBuiltInKeywords.getNumberOfTotalOption(com.kms.katalon.core.testobject.ObjectRepository.findTestObject(PharmacyRequest/Page_Store/select_--Select--BA50)): 3 options of object 'Object Repository/PharmacyRequest/Page_Store/select_--Select--BA50' counted

2018-05-17 13:33:56 - [MESSAGE][PASSED] - 3 options of object 'Object Repository/PharmacyRequest/Page_Store/select_--Select--BA50' counted

2018-05-17 13:33:56 - [TEST_STEP][PASSED] - Statement - For ([g = 1, g <= BatchNumber - 1, (g++)]): null

2018-05-17 13:33:56 - [TEST_STEP][PASSED] - selectOptionByIndex: All options with index in [1] are selected on object 'Object Repository/PharmacyRequest/Page_Store/select_--Select--BA50'

2018-05-17 13:33:56 - [MESSAGE][PASSED] - All options with index in [1] are selected on object 'Object Repository/PharmacyRequest/Page_Store/select_--Select--BA50'

2018-05-17 13:33:56 - [TEST_STEP][PASSED] - delay: Delayed 1 second(s)

2018-05-17 13:33:57 - [MESSAGE][PASSED] - Delayed 1 second(s)

2018-05-17 13:33:57 - [TEST_STEP][PASSED] - Statement - StockQty = com.kms.katalon.core.webui.keyword.WebUiBuiltInKeywords.getAttribute(com.kms.katalon.core.testobject.ObjectRepository.findTestObject(PharmacyRequest/Page_Store/input_txtprice), "value"): Attribute 'value' of object 'Object Repository/PharmacyRequest/Page_Store/input_txtprice' is: '1915'

2018-05-17 13:33:57 - [MESSAGE][PASSED] - Attribute 'value' of object 'Object Repository/PharmacyRequest/Page_Store/input_txtprice' is: '1915'

2018-05-17 13:33:57 - [TEST_STEP][PASSED] - Statement - out.println("Stock QTY : " + StockQty): null

2018-05-17 13:33:57 - [TEST_STEP][PASSED] - delay: Delayed 1 second(s)

2018-05-17 13:33:58 - [MESSAGE][PASSED] - Delayed 1 second(s)

2018-05-17 13:33:58 - [TEST_STEP][PASSED] - Statement - If (java.lang.Integer.valueOf(StockQty) >= java.lang.Integer.valueOf(RequestedQty)): null

2018-05-17 13:33:58 - [TEST_STEP][PASSED] - setText: Text '10' is set on object 'Object Repository/PharmacyRequest/Page_Store/input_txtqty'

2018-05-17 13:33:58 - [MESSAGE][PASSED] - Text '10' is set on object 'Object Repository/PharmacyRequest/Page_Store/input_txtqty'

2018-05-17 13:33:58 - [TEST_STEP][PASSED] - click: Object: 'Object Repository/PharmacyRequest/Page_Store/button_Add' is clicked on

2018-05-17 13:33:59 - [MESSAGE][PASSED] - Object: 'Object Repository/PharmacyRequest/Page_Store/button_Add' is clicked on

2018-05-17 13:33:59 - [TEST_STEP][PASSED] - Statement - Break: null

2018-05-17 13:33:59 - [TEST_STEP][PASSED] - selectOptionByIndex: All options with index in [13] are selected on object 'Object Repository/PharmacyRequest/Page_Store/select_--Select--Amlodepin -5'

2018-05-17 13:33:59 - [MESSAGE][PASSED] - All options with index in [13] are selected on object 'Object Repository/PharmacyRequest/Page_Store/select_--Select--Amlodepin -5'

2018-05-17 13:33:59 - [TEST_STEP][PASSED] - delay: Delayed 1 second(s)

2018-05-17 13:34:00 - [MESSAGE][PASSED] - Delayed 1 second(s)

2018-05-17 13:34:00 - [TEST_STEP][PASSED] - Statement - RequestedQty = com.kms.katalon.core.webui.keyword.WebUiBuiltInKeywords.getAttribute(com.kms.katalon.core.testobject.ObjectRepository.findTestObject(PharmacyRequest/Page_Store/input_txttotal), "value"): Attribute 'value' of object 'Object Repository/PharmacyRequest/Page_Store/input_txttotal' is: '10'

2018-05-17 13:34:00 - [MESSAGE][PASSED] - Attribute 'value' of object 'Object Repository/PharmacyRequest/Page_Store/input_txttotal' is: '10'

2018-05-17 13:34:00 - [TEST_STEP][PASSED] - Statement - out.println("Requested QTY : " + RequestedQty): null

2018-05-17 13:34:00 - [TEST_STEP][PASSED] - Statement - BatchNumber = com.kms.katalon.core.webui.keyword.WebUiBuiltInKeywords.getNumberOfTotalOption(com.kms.katalon.core.testobject.ObjectRepository.findTestObject(PharmacyRequest/Page_Store/select_--Select--BA50)): 3 options of object 'Object Repository/PharmacyRequest/Page_Store/select_--Select--BA50' counted

2018-05-17 13:34:00 - [MESSAGE][PASSED] - 3 options of object 'Object Repository/PharmacyRequest/Page_Store/select_--Select--BA50' counted

2018-05-17 13:34:00 - [TEST_STEP][PASSED] - Statement - For ([g = 1, g <= BatchNumber - 1, (g++)]): null

2018-05-17 13:34:00 - [TEST_STEP][PASSED] - selectOptionByIndex: All options with index in [1] are selected on object 'Object Repository/PharmacyRequest/Page_Store/select_--Select--BA50'

2018-05-17 13:34:00 - [MESSAGE][PASSED] - All options with index in [1] are selected on object 'Object Repository/PharmacyRequest/Page_Store/select_--Select--BA50'

2018-05-17 13:34:00 - [TEST_STEP][PASSED] - delay: Delayed 1 second(s)

2018-05-17 13:34:01 - [MESSAGE][PASSED] - Delayed 1 second(s)

2018-05-17 13:34:01 - [TEST_STEP][PASSED] - Statement - StockQty = com.kms.katalon.core.webui.keyword.WebUiBuiltInKeywords.getAttribute(com.kms.katalon.core.testobject.ObjectRepository.findTestObject(PharmacyRequest/Page_Store/input_txtprice), "value"): Attribute 'value' of object 'Object Repository/PharmacyRequest/Page_Store/input_txtprice' is: '75'

2018-05-17 13:34:01 - [MESSAGE][PASSED] - Attribute 'value' of object 'Object Repository/PharmacyRequest/Page_Store/input_txtprice' is: '75'

2018-05-17 13:34:01 - [TEST_STEP][PASSED] - Statement - out.println("Stock QTY : " + StockQty): null

2018-05-17 13:34:01 - [TEST_STEP][PASSED] - delay: Delayed 1 second(s)

2018-05-17 13:34:02 - [MESSAGE][PASSED] - Delayed 1 second(s)

2018-05-17 13:34:02 - [TEST_STEP][PASSED] - Statement - If (java.lang.Integer.valueOf(StockQty) >= java.lang.Integer.valueOf(RequestedQty)): null

2018-05-17 13:34:02 - [TEST_STEP][PASSED] - setText: Text '10' is set on object 'Object Repository/PharmacyRequest/Page_Store/input_txtqty'

2018-05-17 13:34:02 - [MESSAGE][PASSED] - Text '10' is set on object 'Object Repository/PharmacyRequest/Page_Store/input_txtqty'

2018-05-17 13:34:02 - [TEST_STEP][PASSED] - click: Object: 'Object Repository/PharmacyRequest/Page_Store/button_Add' is clicked on

2018-05-17 13:34:02 - [MESSAGE][PASSED] - Object: 'Object Repository/PharmacyRequest/Page_Store/button_Add' is clicked on

2018-05-17 13:34:02 - [TEST_STEP][PASSED] - Statement - Break: null

2018-05-17 13:34:02 - [TEST_STEP][PASSED] - selectOptionByIndex: All options with index in [14] are selected on object 'Object Repository/PharmacyRequest/Page_Store/select_--Select--Amlodepin -5'

2018-05-17 13:34:02 - [MESSAGE][PASSED] - All options with index in [14] are selected on object 'Object Repository/PharmacyRequest/Page_Store/select_--Select--Amlodepin -5'

2018-05-17 13:34:02 - [TEST_STEP][PASSED] - delay: Delayed 1 second(s)

2018-05-17 13:34:03 - [MESSAGE][PASSED] - Delayed 1 second(s)

2018-05-17 13:34:03 - [TEST_STEP][PASSED] - Statement - RequestedQty = com.kms.katalon.core.webui.keyword.WebUiBuiltInKeywords.getAttribute(com.kms.katalon.core.testobject.ObjectRepository.findTestObject(PharmacyRequest/Page_Store/input_txttotal), "value"): Attribute 'value' of object 'Object Repository/PharmacyRequest/Page_Store/input_txttotal' is: '10'

2018-05-17 13:34:03 - [MESSAGE][PASSED] - Attribute 'value' of object 'Object Repository/PharmacyRequest/Page_Store/input_txttotal' is: '10'

2018-05-17 13:34:03 - [TEST_STEP][PASSED] - Statement - out.println("Requested QTY : " + RequestedQty): null

2018-05-17 13:34:03 - [TEST_STEP][PASSED] - Statement - BatchNumber = com.kms.katalon.core.webui.keyword.WebUiBuiltInKeywords.getNumberOfTotalOption(com.kms.katalon.core.testobject.ObjectRepository.findTestObject(PharmacyRequest/Page_Store/select_--Select--BA50)): 3 options of object 'Object Repository/PharmacyRequest/Page_Store/select_--Select--BA50' counted

2018-05-17 13:34:03 - [MESSAGE][PASSED] - 3 options of object 'Object Repository/PharmacyRequest/Page_Store/select_--Select--BA50' counted

2018-05-17 13:34:03 - [TEST_STEP][PASSED] - Statement - For ([g = 1, g <= BatchNumber - 1, (g++)]): null

2018-05-17 13:34:03 - [TEST_STEP][PASSED] - selectOptionByIndex: All options with index in [1] are selected on object 'Object Repository/PharmacyRequest/Page_Store/select_--Select--BA50'

2018-05-17 13:34:04 - [MESSAGE][PASSED] - All options with index in [1] are selected on object 'Object Repository/PharmacyRequest/Page_Store/select_--Select--BA50'

2018-05-17 13:34:04 - [TEST_STEP][PASSED] - delay: Delayed 1 second(s)

2018-05-17 13:34:05 - [MESSAGE][PASSED] - Delayed 1 second(s)

2018-05-17 13:34:05 - [TEST_STEP][PASSED] - Statement - StockQty = com.kms.katalon.core.webui.keyword.WebUiBuiltInKeywords.getAttribute(com.kms.katalon.core.testobject.ObjectRepository.findTestObject(PharmacyRequest/Page_Store/input_txtprice), "value"): Attribute 'value' of object 'Object Repository/PharmacyRequest/Page_Store/input_txtprice' is: '1940'

2018-05-17 13:34:05 - [MESSAGE][PASSED] - Attribute 'value' of object 'Object Repository/PharmacyRequest/Page_Store/input_txtprice' is: '1940'

2018-05-17 13:34:05 - [TEST_STEP][PASSED] - Statement - out.println("Stock QTY : " + StockQty): null

2018-05-17 13:34:05 - [TEST_STEP][PASSED] - delay: Delayed 1 second(s)

2018-05-17 13:34:06 - [MESSAGE][PASSED] - Delayed 1 second(s)

2018-05-17 13:34:06 - [TEST_STEP][PASSED] - Statement - If (java.lang.Integer.valueOf(StockQty) >= java.lang.Integer.valueOf(RequestedQty)): null

2018-05-17 13:34:06 - [TEST_STEP][PASSED] - setText: Text '10' is set on object 'Object Repository/PharmacyRequest/Page_Store/input_txtqty'

2018-05-17 13:34:06 - [MESSAGE][PASSED] - Text '10' is set on object 'Object Repository/PharmacyRequest/Page_Store/input_txtqty'

2018-05-17 13:34:06 - [TEST_STEP][PASSED] - click: Object: 'Object Repository/PharmacyRequest/Page_Store/button_Add' is clicked on

2018-05-17 13:34:06 - [MESSAGE][PASSED] - Object: 'Object Repository/PharmacyRequest/Page_Store/button_Add' is clicked on

2018-05-17 13:34:06 - [TEST_STEP][PASSED] - Statement - Break: null

2018-05-17 13:34:06 - [TEST_STEP][PASSED] - selectOptionByIndex: All options with index in [15] are selected on object 'Object Repository/PharmacyRequest/Page_Store/select_--Select--Amlodepin -5'

2018-05-17 13:34:06 - [MESSAGE][PASSED] - All options with index in [15] are selected on object 'Object Repository/PharmacyRequest/Page_Store/select_--Select--Amlodepin -5'

2018-05-17 13:34:06 - [TEST_STEP][PASSED] - delay: Delayed 1 second(s)

2018-05-17 13:34:07 - [MESSAGE][PASSED] - Delayed 1 second(s)

2018-05-17 13:34:07 - [TEST_STEP][PASSED] - Statement - RequestedQty = com.kms.katalon.core.webui.keyword.WebUiBuiltInKeywords.getAttribute(com.kms.katalon.core.testobject.ObjectRepository.findTestObject(PharmacyRequest/Page_Store/input_txttotal), "value"): Attribute 'value' of object 'Object Repository/PharmacyRequest/Page_Store/input_txttotal' is: '10'

2018-05-17 13:34:07 - [MESSAGE][PASSED] - Attribute 'value' of object 'Object Repository/PharmacyRequest/Page_Store/input_txttotal' is: '10'

2018-05-17 13:34:07 - [TEST_STEP][PASSED] - Statement - out.println("Requested QTY : " + RequestedQty): null

2018-05-17 13:34:07 - [TEST_STEP][PASSED] - Statement - BatchNumber = com.kms.katalon.core.webui.keyword.WebUiBuiltInKeywords.getNumberOfTotalOption(com.kms.katalon.core.testobject.ObjectRepository.findTestObject(PharmacyRequest/Page_Store/select_--Select--BA50)): 3 options of object 'Object Repository/PharmacyRequest/Page_Store/select_--Select--BA50' counted

2018-05-17 13:34:07 - [MESSAGE][PASSED] - 3 options of object 'Object Repository/PharmacyRequest/Page_Store/select_--Select--BA50' counted

2018-05-17 13:34:07 - [TEST_STEP][PASSED] - Statement - For ([g = 1, g <= BatchNumber - 1, (g++)]): null

2018-05-17 13:34:07 - [TEST_STEP][PASSED] - selectOptionByIndex: All options with index in [1] are selected on object 'Object Repository/PharmacyRequest/Page_Store/select_--Select--BA50'

2018-05-17 13:34:07 - [MESSAGE][PASSED] - All options with index in [1] are selected on object 'Object Repository/PharmacyRequest/Page_Store/select_--Select--BA50'

2018-05-17 13:34:07 - [TEST_STEP][PASSED] - delay: Delayed 1 second(s)

2018-05-17 13:34:08 - [MESSAGE][PASSED] - Delayed 1 second(s)

2018-05-17 13:34:08 - [TEST_STEP][PASSED] - Statement - StockQty = com.kms.katalon.core.webui.keyword.WebUiBuiltInKeywords.getAttribute(com.kms.katalon.core.testobject.ObjectRepository.findTestObject(PharmacyRequest/Page_Store/input_txtprice), "value"): Attribute 'value' of object 'Object Repository/PharmacyRequest/Page_Store/input_txtprice' is: '1940'

2018-05-17 13:34:08 - [MESSAGE][PASSED] - Attribute 'value' of object 'Object Repository/PharmacyRequest/Page_Store/input_txtprice' is: '1940'

2018-05-17 13:34:08 - [TEST_STEP][PASSED] - Statement - out.println("Stock QTY : " + StockQty): null

2018-05-17 13:34:08 - [TEST_STEP][PASSED] - delay: Delayed 1 second(s)

2018-05-17 13:34:09 - [MESSAGE][PASSED] - Delayed 1 second(s)

2018-05-17 13:34:09 - [TEST_STEP][PASSED] - Statement - If (java.lang.Integer.valueOf(StockQty) >= java.lang.Integer.valueOf(RequestedQty)): null

2018-05-17 13:34:09 - [TEST_STEP][PASSED] - setText: Text '10' is set on object 'Object Repository/PharmacyRequest/Page_Store/input_txtqty'

2018-05-17 13:34:09 - [MESSAGE][PASSED] - Text '10' is set on object 'Object Repository/PharmacyRequest/Page_Store/input_txtqty'

2018-05-17 13:34:09 - [TEST_STEP][PASSED] - click: Object: 'Object Repository/PharmacyRequest/Page_Store/button_Add' is clicked on

2018-05-17 13:34:09 - [MESSAGE][PASSED] - Object: 'Object Repository/PharmacyRequest/Page_Store/button_Add' is clicked on

2018-05-17 13:34:09 - [TEST_STEP][PASSED] - Statement - Break: null

2018-05-17 13:34:09 - [TEST_STEP][PASSED] - selectOptionByIndex: All options with index in [16] are selected on object 'Object Repository/PharmacyRequest/Page_Store/select_--Select--Amlodepin -5'

2018-05-17 13:34:10 - [MESSAGE][PASSED] - All options with index in [16] are selected on object 'Object Repository/PharmacyRequest/Page_Store/select_--Select--Amlodepin -5'

2018-05-17 13:34:10 - [TEST_STEP][PASSED] - delay: Delayed 1 second(s)

2018-05-17 13:34:11 - [MESSAGE][PASSED] - Delayed 1 second(s)

2018-05-17 13:34:11 - [TEST_STEP][PASSED] - Statement - RequestedQty = com.kms.katalon.core.webui.keyword.WebUiBuiltInKeywords.getAttribute(com.kms.katalon.core.testobject.ObjectRepository.findTestObject(PharmacyRequest/Page_Store/input_txttotal), "value"): Attribute 'value' of object 'Object Repository/PharmacyRequest/Page_Store/input_txttotal' is: '10'

2018-05-17 13:34:11 - [MESSAGE][PASSED] - Attribute 'value' of object 'Object Repository/PharmacyRequest/Page_Store/input_txttotal' is: '10'

2018-05-17 13:34:11 - [TEST_STEP][PASSED] - Statement - out.println("Requested QTY : " + RequestedQty): null

2018-05-17 13:34:11 - [TEST_STEP][PASSED] - Statement - BatchNumber = com.kms.katalon.core.webui.keyword.WebUiBuiltInKeywords.getNumberOfTotalOption(com.kms.katalon.core.testobject.ObjectRepository.findTestObject(PharmacyRequest/Page_Store/select_--Select--BA50)): 2 options of object 'Object Repository/PharmacyRequest/Page_Store/select_--Select--BA50' counted

2018-05-17 13:34:11 - [MESSAGE][PASSED] - 2 options of object 'Object Repository/PharmacyRequest/Page_Store/select_--Select--BA50' counted

2018-05-17 13:34:11 - [TEST_STEP][PASSED] - Statement - For ([g = 1, g <= BatchNumber - 1, (g++)]): null

2018-05-17 13:34:11 - [TEST_STEP][PASSED] - selectOptionByIndex: All options with index in [1] are selected on object 'Object Repository/PharmacyRequest/Page_Store/select_--Select--BA50'

2018-05-17 13:34:11 - [MESSAGE][PASSED] - All options with index in [1] are selected on object 'Object Repository/PharmacyRequest/Page_Store/select_--Select--BA50'

2018-05-17 13:34:11 - [TEST_STEP][PASSED] - delay: Delayed 1 second(s)

2018-05-17 13:34:12 - [MESSAGE][PASSED] - Delayed 1 second(s)

2018-05-17 13:34:12 - [TEST_STEP][PASSED] - Statement - StockQty = com.kms.katalon.core.webui.keyword.WebUiBuiltInKeywords.getAttribute(com.kms.katalon.core.testobject.ObjectRepository.findTestObject(PharmacyRequest/Page_Store/input_txtprice), "value"): Attribute 'value' of object 'Object Repository/PharmacyRequest/Page_Store/input_txtprice' is: '75'

2018-05-17 13:34:12 - [MESSAGE][PASSED] - Attribute 'value' of object 'Object Repository/PharmacyRequest/Page_Store/input_txtprice' is: '75'

2018-05-17 13:34:12 - [TEST_STEP][PASSED] - Statement - out.println("Stock QTY : " + StockQty): null

2018-05-17 13:34:12 - [TEST_STEP][PASSED] - delay: Delayed 1 second(s)

2018-05-17 13:34:13 - [MESSAGE][PASSED] - Delayed 1 second(s)

2018-05-17 13:34:13 - [TEST_STEP][PASSED] - Statement - If (java.lang.Integer.valueOf(StockQty) >= java.lang.Integer.valueOf(RequestedQty)): null

2018-05-17 13:34:13 - [TEST_STEP][PASSED] - setText: Text '10' is set on object 'Object Repository/PharmacyRequest/Page_Store/input_txtqty'

2018-05-17 13:34:13 - [MESSAGE][PASSED] - Text '10' is set on object 'Object Repository/PharmacyRequest/Page_Store/input_txtqty'

2018-05-17 13:34:13 - [TEST_STEP][PASSED] - click: Object: 'Object Repository/PharmacyRequest/Page_Store/button_Add' is clicked on

2018-05-17 13:34:13 - [MESSAGE][PASSED] - Object: 'Object Repository/PharmacyRequest/Page_Store/button_Add' is clicked on

2018-05-17 13:34:13 - [TEST_STEP][PASSED] - Statement - Break: null

2018-05-17 13:34:13 - [TEST_STEP][PASSED] - scrollToElement: Scroll to object 'Object Repository/PharmacyRequest/Page_Store/input_btnSubmit' successfully

2018-05-17 13:34:13 - [MESSAGE][PASSED] - Scroll to object 'Object Repository/PharmacyRequest/Page_Store/input_btnSubmit' successfully

2018-05-17 13:34:13 - [TEST_STEP][PASSED] - click: Object: 'Object Repository/PharmacyRequest/Page_Store/input_btnSubmit' is clicked on

2018-05-17 13:34:13 - [MESSAGE][PASSED] - Object: 'Object Repository/PharmacyRequest/Page_Store/input_btnSubmit' is clicked on

2018-05-17 13:34:13 - [TEST_STEP][PASSED] - delay: Delayed 3 second(s)

2018-05-17 13:34:16 - [MESSAGE][PASSED] - Delayed 3 second(s)

2018-05-17 13:34:16 - [TEST_STEP][PASSED] - click: Object: 'Object Repository/PharmacyRequest/Page_Store/button_OK' is clicked on

2018-05-17 13:34:17 - [MESSAGE][PASSED] - Object: 'Object Repository/PharmacyRequest/Page_Store/button_OK' is clicked on

2018-05-17 13:34:17 - [TEST_STEP][PASSED] - delay: Delayed 3 second(s)

2018-05-17 13:34:20 - [MESSAGE][PASSED] - Delayed 3 second(s)

2018-05-17 13:34:20 - [TEST_STEP][PASSED] - click: Object: 'Object Repository/PharmacyRequest/Page_Store/a_dropdown-toggle' is clicked on

2018-05-17 13:34:20 - [MESSAGE][PASSED] - Object: 'Object Repository/PharmacyRequest/Page_Store/a_dropdown-toggle' is clicked on

2018-05-17 13:34:20 - [TEST_STEP][PASSED] - click: Object: 'Object Repository/PharmacyRequest/Page_Store/a_Sign out' is clicked on

2018-05-17 13:34:20 - [MESSAGE][PASSED] - Object: 'Object Repository/PharmacyRequest/Page_Store/a_Sign out' is clicked on

2018-05-17 13:34:20 - [TEST_STEP][PASSED] - closeBrowser: Browser is closed

2018-05-17 13:34:21 - [MESSAGE][PASSED] - Browser is closed

2018-05-17 13:34:21 - [TEST_STEP][PASSED] - Statement - out.println("Schedule 5 Pharmacy Request Are Working Successfully"): null]]></system-out>
         <system-err><![CDATA[]]></system-err>
      </testcase>
      <testcase name="Test Cases/PHARMACY TEST CASES/TC_PHAR_006 Verify Schedule 6 Pharmacy Request Are Working Successfully Or Not" classname="Test Cases/PHARMACY TEST CASES/TC_PHAR_006 Verify Schedule 6 Pharmacy Request Are Working Successfully Or Not" status="PASSED">
         <system-out><![CDATA[2018-05-17 13:34:21 - [TEST_CASE][PASSED] - Test Cases/PHARMACY TEST CASES/TC_PHAR_006 Verify Schedule 6 Pharmacy Request Are Working Successfully Or Not: Test Cases/PHARMACY TEST CASES/TC_PHAR_006 Verify Schedule 6 Pharmacy Request Are Working Successfully Or Not

2018-05-17 13:34:21 - [TEST_STEP][PASSED] - openBrowser: Browser is opened with url: ''

2018-05-17 13:34:23 - [MESSAGE][PASSED] - Browser is opened with url: ''

2018-05-17 13:34:23 - [TEST_STEP][PASSED] - Statement - out.println("Verify Schedule 6 Pharmacy Request Are Working Successfully Or Not"): null

2018-05-17 13:34:23 - [TEST_STEP][PASSED] - navigateToUrl: Navigate to 'http://192.168.137.1/multihospital_new/' successfully

2018-05-17 13:34:25 - [MESSAGE][PASSED] - Navigate to 'http://192.168.137.1/multihospital_new/' successfully

2018-05-17 13:34:25 - [TEST_STEP][PASSED] - maximizeWindow: Current window maximized

2018-05-17 13:34:26 - [MESSAGE][PASSED] - Current window maximized

2018-05-17 13:34:26 - [TEST_STEP][PASSED] - click: Object: 'Object Repository/PharmacyRequest/Page_KDMC/a_Pharmacy' is clicked on

2018-05-17 13:34:27 - [MESSAGE][PASSED] - Object: 'Object Repository/PharmacyRequest/Page_KDMC/a_Pharmacy' is clicked on

2018-05-17 13:34:27 - [TEST_STEP][PASSED] - setText: Text 'raja' is set on object 'Object Repository/PharmacyRequest/Page_Pharmacy login/input_txtusername'

2018-05-17 13:34:27 - [MESSAGE][PASSED] - Text 'raja' is set on object 'Object Repository/PharmacyRequest/Page_Pharmacy login/input_txtusername'

2018-05-17 13:34:27 - [TEST_STEP][PASSED] - setText: Text '123' is set on object 'Object Repository/PharmacyRequest/Page_Pharmacy login/input_txtpassword'

2018-05-17 13:34:27 - [MESSAGE][PASSED] - Text '123' is set on object 'Object Repository/PharmacyRequest/Page_Pharmacy login/input_txtpassword'

2018-05-17 13:34:27 - [TEST_STEP][PASSED] - delay: Delayed 3 second(s)

2018-05-17 13:34:30 - [MESSAGE][PASSED] - Delayed 3 second(s)

2018-05-17 13:34:30 - [TEST_STEP][PASSED] - click: Object: 'Object Repository/PharmacyRequest/Page_Pharmacy login/button_Sign in' is clicked on

2018-05-17 13:34:31 - [MESSAGE][PASSED] - Object: 'Object Repository/PharmacyRequest/Page_Pharmacy login/button_Sign in' is clicked on

2018-05-17 13:34:31 - [TEST_STEP][PASSED] - delay: Delayed 3 second(s)

2018-05-17 13:34:34 - [MESSAGE][PASSED] - Delayed 3 second(s)

2018-05-17 13:34:34 - [TEST_STEP][PASSED] - click: Object: 'Object Repository/PharmacyRequest/Page_KDMC - Pharmacy/a_Inventory' is clicked on

2018-05-17 13:34:35 - [MESSAGE][PASSED] - Object: 'Object Repository/PharmacyRequest/Page_KDMC - Pharmacy/a_Inventory' is clicked on

2018-05-17 13:34:35 - [TEST_STEP][PASSED] - delay: Delayed 3 second(s)

2018-05-17 13:34:38 - [MESSAGE][PASSED] - Delayed 3 second(s)

2018-05-17 13:34:38 - [TEST_STEP][PASSED] - click: Object: 'Object Repository/PharmacyRequest/Page_KDMC-Pharmacy/a_Store Request' is clicked on

2018-05-17 13:34:38 - [MESSAGE][PASSED] - Object: 'Object Repository/PharmacyRequest/Page_KDMC-Pharmacy/a_Store Request' is clicked on

2018-05-17 13:34:38 - [TEST_STEP][PASSED] - click: Object: 'Object Repository/PharmacyRequest/Page_KDMC-Pharmacy/a_Medicine Request' is clicked on

2018-05-17 13:34:39 - [MESSAGE][PASSED] - Object: 'Object Repository/PharmacyRequest/Page_KDMC-Pharmacy/a_Medicine Request' is clicked on

2018-05-17 13:34:39 - [TEST_STEP][PASSED] - selectOptionByIndex: All options with index in [6] are selected on object 'Object Repository/PharmacyRequest/Page_KDMC-Pharmacy/select_--Select--Schedule 1Inj'

2018-05-17 13:34:39 - [MESSAGE][PASSED] - All options with index in [6] are selected on object 'Object Repository/PharmacyRequest/Page_KDMC-Pharmacy/select_--Select--Schedule 1Inj'

2018-05-17 13:34:39 - [TEST_STEP][PASSED] - Statement - MedicineLength = com.kms.katalon.core.webui.keyword.WebUiBuiltInKeywords.getNumberOfTotalOption(com.kms.katalon.core.testobject.ObjectRepository.findTestObject(PharmacyRequest/Page_KDMC-Pharmacy/select_--Select--Albendazole)): 14 options of object 'Object Repository/PharmacyRequest/Page_KDMC-Pharmacy/select_--Select--Albendazole' counted

2018-05-17 13:34:39 - [MESSAGE][PASSED] - 14 options of object 'Object Repository/PharmacyRequest/Page_KDMC-Pharmacy/select_--Select--Albendazole' counted

2018-05-17 13:34:39 - [TEST_STEP][PASSED] - Statement - For ([l = 1, l <= MedicineLength - 1, (l++)]): Object: 'Object Repository/PharmacyRequest/Page_KDMC-Pharmacy/button_Add' is clicked on

2018-05-17 13:34:39 - [TEST_STEP][PASSED] - selectOptionByIndex: All options with index in [6] are selected on object 'Object Repository/PharmacyRequest/Page_KDMC-Pharmacy/select_--Select--Schedule 1Inj'

2018-05-17 13:34:39 - [MESSAGE][PASSED] - All options with index in [6] are selected on object 'Object Repository/PharmacyRequest/Page_KDMC-Pharmacy/select_--Select--Schedule 1Inj'

2018-05-17 13:34:39 - [TEST_STEP][PASSED] - selectOptionByIndex: All options with index in [1] are selected on object 'Object Repository/PharmacyRequest/Page_KDMC-Pharmacy/select_--Select--Albendazole'

2018-05-17 13:34:39 - [MESSAGE][PASSED] - All options with index in [1] are selected on object 'Object Repository/PharmacyRequest/Page_KDMC-Pharmacy/select_--Select--Albendazole'

2018-05-17 13:34:39 - [TEST_STEP][PASSED] - setText: Text '10' is set on object 'Object Repository/PharmacyRequest/Page_KDMC-Pharmacy/input_txttreat'

2018-05-17 13:34:39 - [MESSAGE][PASSED] - Text '10' is set on object 'Object Repository/PharmacyRequest/Page_KDMC-Pharmacy/input_txttreat'

2018-05-17 13:34:39 - [TEST_STEP][PASSED] - click: Object: 'Object Repository/PharmacyRequest/Page_KDMC-Pharmacy/button_Add' is clicked on

2018-05-17 13:34:40 - [MESSAGE][PASSED] - Object: 'Object Repository/PharmacyRequest/Page_KDMC-Pharmacy/button_Add' is clicked on

2018-05-17 13:34:40 - [TEST_STEP][PASSED] - selectOptionByIndex: All options with index in [6] are selected on object 'Object Repository/PharmacyRequest/Page_KDMC-Pharmacy/select_--Select--Schedule 1Inj'

2018-05-17 13:34:40 - [MESSAGE][PASSED] - All options with index in [6] are selected on object 'Object Repository/PharmacyRequest/Page_KDMC-Pharmacy/select_--Select--Schedule 1Inj'

2018-05-17 13:34:40 - [TEST_STEP][PASSED] - selectOptionByIndex: All options with index in [2] are selected on object 'Object Repository/PharmacyRequest/Page_KDMC-Pharmacy/select_--Select--Albendazole'

2018-05-17 13:34:40 - [MESSAGE][PASSED] - All options with index in [2] are selected on object 'Object Repository/PharmacyRequest/Page_KDMC-Pharmacy/select_--Select--Albendazole'

2018-05-17 13:34:40 - [TEST_STEP][PASSED] - setText: Text '10' is set on object 'Object Repository/PharmacyRequest/Page_KDMC-Pharmacy/input_txttreat'

2018-05-17 13:34:40 - [MESSAGE][PASSED] - Text '10' is set on object 'Object Repository/PharmacyRequest/Page_KDMC-Pharmacy/input_txttreat'

2018-05-17 13:34:40 - [TEST_STEP][PASSED] - click: Object: 'Object Repository/PharmacyRequest/Page_KDMC-Pharmacy/button_Add' is clicked on

2018-05-17 13:34:40 - [MESSAGE][PASSED] - Object: 'Object Repository/PharmacyRequest/Page_KDMC-Pharmacy/button_Add' is clicked on

2018-05-17 13:34:40 - [TEST_STEP][PASSED] - selectOptionByIndex: All options with index in [6] are selected on object 'Object Repository/PharmacyRequest/Page_KDMC-Pharmacy/select_--Select--Schedule 1Inj'

2018-05-17 13:34:40 - [MESSAGE][PASSED] - All options with index in [6] are selected on object 'Object Repository/PharmacyRequest/Page_KDMC-Pharmacy/select_--Select--Schedule 1Inj'

2018-05-17 13:34:40 - [TEST_STEP][PASSED] - selectOptionByIndex: All options with index in [3] are selected on object 'Object Repository/PharmacyRequest/Page_KDMC-Pharmacy/select_--Select--Albendazole'

2018-05-17 13:34:40 - [MESSAGE][PASSED] - All options with index in [3] are selected on object 'Object Repository/PharmacyRequest/Page_KDMC-Pharmacy/select_--Select--Albendazole'

2018-05-17 13:34:40 - [TEST_STEP][PASSED] - setText: Text '10' is set on object 'Object Repository/PharmacyRequest/Page_KDMC-Pharmacy/input_txttreat'

2018-05-17 13:34:40 - [MESSAGE][PASSED] - Text '10' is set on object 'Object Repository/PharmacyRequest/Page_KDMC-Pharmacy/input_txttreat'

2018-05-17 13:34:40 - [TEST_STEP][PASSED] - click: Object: 'Object Repository/PharmacyRequest/Page_KDMC-Pharmacy/button_Add' is clicked on

2018-05-17 13:34:40 - [MESSAGE][PASSED] - Object: 'Object Repository/PharmacyRequest/Page_KDMC-Pharmacy/button_Add' is clicked on

2018-05-17 13:34:40 - [TEST_STEP][PASSED] - selectOptionByIndex: All options with index in [6] are selected on object 'Object Repository/PharmacyRequest/Page_KDMC-Pharmacy/select_--Select--Schedule 1Inj'

2018-05-17 13:34:40 - [MESSAGE][PASSED] - All options with index in [6] are selected on object 'Object Repository/PharmacyRequest/Page_KDMC-Pharmacy/select_--Select--Schedule 1Inj'

2018-05-17 13:34:40 - [TEST_STEP][PASSED] - selectOptionByIndex: All options with index in [4] are selected on object 'Object Repository/PharmacyRequest/Page_KDMC-Pharmacy/select_--Select--Albendazole'

2018-05-17 13:34:41 - [MESSAGE][PASSED] - All options with index in [4] are selected on object 'Object Repository/PharmacyRequest/Page_KDMC-Pharmacy/select_--Select--Albendazole'

2018-05-17 13:34:41 - [TEST_STEP][PASSED] - setText: Text '10' is set on object 'Object Repository/PharmacyRequest/Page_KDMC-Pharmacy/input_txttreat'

2018-05-17 13:34:41 - [MESSAGE][PASSED] - Text '10' is set on object 'Object Repository/PharmacyRequest/Page_KDMC-Pharmacy/input_txttreat'

2018-05-17 13:34:41 - [TEST_STEP][PASSED] - click: Object: 'Object Repository/PharmacyRequest/Page_KDMC-Pharmacy/button_Add' is clicked on

2018-05-17 13:34:41 - [MESSAGE][PASSED] - Object: 'Object Repository/PharmacyRequest/Page_KDMC-Pharmacy/button_Add' is clicked on

2018-05-17 13:34:41 - [TEST_STEP][PASSED] - selectOptionByIndex: All options with index in [6] are selected on object 'Object Repository/PharmacyRequest/Page_KDMC-Pharmacy/select_--Select--Schedule 1Inj'

2018-05-17 13:34:41 - [MESSAGE][PASSED] - All options with index in [6] are selected on object 'Object Repository/PharmacyRequest/Page_KDMC-Pharmacy/select_--Select--Schedule 1Inj'

2018-05-17 13:34:41 - [TEST_STEP][PASSED] - selectOptionByIndex: All options with index in [5] are selected on object 'Object Repository/PharmacyRequest/Page_KDMC-Pharmacy/select_--Select--Albendazole'

2018-05-17 13:34:41 - [MESSAGE][PASSED] - All options with index in [5] are selected on object 'Object Repository/PharmacyRequest/Page_KDMC-Pharmacy/select_--Select--Albendazole'

2018-05-17 13:34:41 - [TEST_STEP][PASSED] - setText: Text '10' is set on object 'Object Repository/PharmacyRequest/Page_KDMC-Pharmacy/input_txttreat'

2018-05-17 13:34:41 - [MESSAGE][PASSED] - Text '10' is set on object 'Object Repository/PharmacyRequest/Page_KDMC-Pharmacy/input_txttreat'

2018-05-17 13:34:41 - [TEST_STEP][PASSED] - click: Object: 'Object Repository/PharmacyRequest/Page_KDMC-Pharmacy/button_Add' is clicked on

2018-05-17 13:34:41 - [MESSAGE][PASSED] - Object: 'Object Repository/PharmacyRequest/Page_KDMC-Pharmacy/button_Add' is clicked on

2018-05-17 13:34:41 - [TEST_STEP][PASSED] - selectOptionByIndex: All options with index in [6] are selected on object 'Object Repository/PharmacyRequest/Page_KDMC-Pharmacy/select_--Select--Schedule 1Inj'

2018-05-17 13:34:41 - [MESSAGE][PASSED] - All options with index in [6] are selected on object 'Object Repository/PharmacyRequest/Page_KDMC-Pharmacy/select_--Select--Schedule 1Inj'

2018-05-17 13:34:41 - [TEST_STEP][PASSED] - selectOptionByIndex: All options with index in [6] are selected on object 'Object Repository/PharmacyRequest/Page_KDMC-Pharmacy/select_--Select--Albendazole'

2018-05-17 13:34:41 - [MESSAGE][PASSED] - All options with index in [6] are selected on object 'Object Repository/PharmacyRequest/Page_KDMC-Pharmacy/select_--Select--Albendazole'

2018-05-17 13:34:41 - [TEST_STEP][PASSED] - setText: Text '10' is set on object 'Object Repository/PharmacyRequest/Page_KDMC-Pharmacy/input_txttreat'

2018-05-17 13:34:41 - [MESSAGE][PASSED] - Text '10' is set on object 'Object Repository/PharmacyRequest/Page_KDMC-Pharmacy/input_txttreat'

2018-05-17 13:34:41 - [TEST_STEP][PASSED] - click: Object: 'Object Repository/PharmacyRequest/Page_KDMC-Pharmacy/button_Add' is clicked on

2018-05-17 13:34:41 - [MESSAGE][PASSED] - Object: 'Object Repository/PharmacyRequest/Page_KDMC-Pharmacy/button_Add' is clicked on

2018-05-17 13:34:41 - [TEST_STEP][PASSED] - selectOptionByIndex: All options with index in [6] are selected on object 'Object Repository/PharmacyRequest/Page_KDMC-Pharmacy/select_--Select--Schedule 1Inj'

2018-05-17 13:34:42 - [MESSAGE][PASSED] - All options with index in [6] are selected on object 'Object Repository/PharmacyRequest/Page_KDMC-Pharmacy/select_--Select--Schedule 1Inj'

2018-05-17 13:34:42 - [TEST_STEP][PASSED] - selectOptionByIndex: All options with index in [7] are selected on object 'Object Repository/PharmacyRequest/Page_KDMC-Pharmacy/select_--Select--Albendazole'

2018-05-17 13:34:42 - [MESSAGE][PASSED] - All options with index in [7] are selected on object 'Object Repository/PharmacyRequest/Page_KDMC-Pharmacy/select_--Select--Albendazole'

2018-05-17 13:34:42 - [TEST_STEP][PASSED] - setText: Text '10' is set on object 'Object Repository/PharmacyRequest/Page_KDMC-Pharmacy/input_txttreat'

2018-05-17 13:34:42 - [MESSAGE][PASSED] - Text '10' is set on object 'Object Repository/PharmacyRequest/Page_KDMC-Pharmacy/input_txttreat'

2018-05-17 13:34:42 - [TEST_STEP][PASSED] - click: Object: 'Object Repository/PharmacyRequest/Page_KDMC-Pharmacy/button_Add' is clicked on

2018-05-17 13:34:42 - [MESSAGE][PASSED] - Object: 'Object Repository/PharmacyRequest/Page_KDMC-Pharmacy/button_Add' is clicked on

2018-05-17 13:34:42 - [TEST_STEP][PASSED] - selectOptionByIndex: All options with index in [6] are selected on object 'Object Repository/PharmacyRequest/Page_KDMC-Pharmacy/select_--Select--Schedule 1Inj'

2018-05-17 13:34:42 - [MESSAGE][PASSED] - All options with index in [6] are selected on object 'Object Repository/PharmacyRequest/Page_KDMC-Pharmacy/select_--Select--Schedule 1Inj'

2018-05-17 13:34:42 - [TEST_STEP][PASSED] - selectOptionByIndex: All options with index in [8] are selected on object 'Object Repository/PharmacyRequest/Page_KDMC-Pharmacy/select_--Select--Albendazole'

2018-05-17 13:34:42 - [MESSAGE][PASSED] - All options with index in [8] are selected on object 'Object Repository/PharmacyRequest/Page_KDMC-Pharmacy/select_--Select--Albendazole'

2018-05-17 13:34:42 - [TEST_STEP][PASSED] - setText: Text '10' is set on object 'Object Repository/PharmacyRequest/Page_KDMC-Pharmacy/input_txttreat'

2018-05-17 13:34:42 - [MESSAGE][PASSED] - Text '10' is set on object 'Object Repository/PharmacyRequest/Page_KDMC-Pharmacy/input_txttreat'

2018-05-17 13:34:42 - [TEST_STEP][PASSED] - click: Object: 'Object Repository/PharmacyRequest/Page_KDMC-Pharmacy/button_Add' is clicked on

2018-05-17 13:34:42 - [MESSAGE][PASSED] - Object: 'Object Repository/PharmacyRequest/Page_KDMC-Pharmacy/button_Add' is clicked on

2018-05-17 13:34:42 - [TEST_STEP][PASSED] - selectOptionByIndex: All options with index in [6] are selected on object 'Object Repository/PharmacyRequest/Page_KDMC-Pharmacy/select_--Select--Schedule 1Inj'

2018-05-17 13:34:42 - [MESSAGE][PASSED] - All options with index in [6] are selected on object 'Object Repository/PharmacyRequest/Page_KDMC-Pharmacy/select_--Select--Schedule 1Inj'

2018-05-17 13:34:42 - [TEST_STEP][PASSED] - selectOptionByIndex: All options with index in [9] are selected on object 'Object Repository/PharmacyRequest/Page_KDMC-Pharmacy/select_--Select--Albendazole'

2018-05-17 13:34:43 - [MESSAGE][PASSED] - All options with index in [9] are selected on object 'Object Repository/PharmacyRequest/Page_KDMC-Pharmacy/select_--Select--Albendazole'

2018-05-17 13:34:43 - [TEST_STEP][PASSED] - setText: Text '10' is set on object 'Object Repository/PharmacyRequest/Page_KDMC-Pharmacy/input_txttreat'

2018-05-17 13:34:43 - [MESSAGE][PASSED] - Text '10' is set on object 'Object Repository/PharmacyRequest/Page_KDMC-Pharmacy/input_txttreat'

2018-05-17 13:34:43 - [TEST_STEP][PASSED] - click: Object: 'Object Repository/PharmacyRequest/Page_KDMC-Pharmacy/button_Add' is clicked on

2018-05-17 13:34:43 - [MESSAGE][PASSED] - Object: 'Object Repository/PharmacyRequest/Page_KDMC-Pharmacy/button_Add' is clicked on

2018-05-17 13:34:43 - [TEST_STEP][PASSED] - selectOptionByIndex: All options with index in [6] are selected on object 'Object Repository/PharmacyRequest/Page_KDMC-Pharmacy/select_--Select--Schedule 1Inj'

2018-05-17 13:34:43 - [MESSAGE][PASSED] - All options with index in [6] are selected on object 'Object Repository/PharmacyRequest/Page_KDMC-Pharmacy/select_--Select--Schedule 1Inj'

2018-05-17 13:34:43 - [TEST_STEP][PASSED] - selectOptionByIndex: All options with index in [10] are selected on object 'Object Repository/PharmacyRequest/Page_KDMC-Pharmacy/select_--Select--Albendazole'

2018-05-17 13:34:43 - [MESSAGE][PASSED] - All options with index in [10] are selected on object 'Object Repository/PharmacyRequest/Page_KDMC-Pharmacy/select_--Select--Albendazole'

2018-05-17 13:34:43 - [TEST_STEP][PASSED] - setText: Text '10' is set on object 'Object Repository/PharmacyRequest/Page_KDMC-Pharmacy/input_txttreat'

2018-05-17 13:34:43 - [MESSAGE][PASSED] - Text '10' is set on object 'Object Repository/PharmacyRequest/Page_KDMC-Pharmacy/input_txttreat'

2018-05-17 13:34:43 - [TEST_STEP][PASSED] - click: Object: 'Object Repository/PharmacyRequest/Page_KDMC-Pharmacy/button_Add' is clicked on

2018-05-17 13:34:43 - [MESSAGE][PASSED] - Object: 'Object Repository/PharmacyRequest/Page_KDMC-Pharmacy/button_Add' is clicked on

2018-05-17 13:34:43 - [TEST_STEP][PASSED] - selectOptionByIndex: All options with index in [6] are selected on object 'Object Repository/PharmacyRequest/Page_KDMC-Pharmacy/select_--Select--Schedule 1Inj'

2018-05-17 13:34:43 - [MESSAGE][PASSED] - All options with index in [6] are selected on object 'Object Repository/PharmacyRequest/Page_KDMC-Pharmacy/select_--Select--Schedule 1Inj'

2018-05-17 13:34:43 - [TEST_STEP][PASSED] - selectOptionByIndex: All options with index in [11] are selected on object 'Object Repository/PharmacyRequest/Page_KDMC-Pharmacy/select_--Select--Albendazole'

2018-05-17 13:34:43 - [MESSAGE][PASSED] - All options with index in [11] are selected on object 'Object Repository/PharmacyRequest/Page_KDMC-Pharmacy/select_--Select--Albendazole'

2018-05-17 13:34:43 - [TEST_STEP][PASSED] - setText: Text '10' is set on object 'Object Repository/PharmacyRequest/Page_KDMC-Pharmacy/input_txttreat'

2018-05-17 13:34:44 - [MESSAGE][PASSED] - Text '10' is set on object 'Object Repository/PharmacyRequest/Page_KDMC-Pharmacy/input_txttreat'

2018-05-17 13:34:44 - [TEST_STEP][PASSED] - click: Object: 'Object Repository/PharmacyRequest/Page_KDMC-Pharmacy/button_Add' is clicked on

2018-05-17 13:34:44 - [MESSAGE][PASSED] - Object: 'Object Repository/PharmacyRequest/Page_KDMC-Pharmacy/button_Add' is clicked on

2018-05-17 13:34:44 - [TEST_STEP][PASSED] - selectOptionByIndex: All options with index in [6] are selected on object 'Object Repository/PharmacyRequest/Page_KDMC-Pharmacy/select_--Select--Schedule 1Inj'

2018-05-17 13:34:44 - [MESSAGE][PASSED] - All options with index in [6] are selected on object 'Object Repository/PharmacyRequest/Page_KDMC-Pharmacy/select_--Select--Schedule 1Inj'

2018-05-17 13:34:44 - [TEST_STEP][PASSED] - selectOptionByIndex: All options with index in [12] are selected on object 'Object Repository/PharmacyRequest/Page_KDMC-Pharmacy/select_--Select--Albendazole'

2018-05-17 13:34:44 - [MESSAGE][PASSED] - All options with index in [12] are selected on object 'Object Repository/PharmacyRequest/Page_KDMC-Pharmacy/select_--Select--Albendazole'

2018-05-17 13:34:44 - [TEST_STEP][PASSED] - setText: Text '10' is set on object 'Object Repository/PharmacyRequest/Page_KDMC-Pharmacy/input_txttreat'

2018-05-17 13:34:44 - [MESSAGE][PASSED] - Text '10' is set on object 'Object Repository/PharmacyRequest/Page_KDMC-Pharmacy/input_txttreat'

2018-05-17 13:34:44 - [TEST_STEP][PASSED] - click: Object: 'Object Repository/PharmacyRequest/Page_KDMC-Pharmacy/button_Add' is clicked on

2018-05-17 13:34:44 - [MESSAGE][PASSED] - Object: 'Object Repository/PharmacyRequest/Page_KDMC-Pharmacy/button_Add' is clicked on

2018-05-17 13:34:44 - [TEST_STEP][PASSED] - selectOptionByIndex: All options with index in [6] are selected on object 'Object Repository/PharmacyRequest/Page_KDMC-Pharmacy/select_--Select--Schedule 1Inj'

2018-05-17 13:34:44 - [MESSAGE][PASSED] - All options with index in [6] are selected on object 'Object Repository/PharmacyRequest/Page_KDMC-Pharmacy/select_--Select--Schedule 1Inj'

2018-05-17 13:34:44 - [TEST_STEP][PASSED] - selectOptionByIndex: All options with index in [13] are selected on object 'Object Repository/PharmacyRequest/Page_KDMC-Pharmacy/select_--Select--Albendazole'

2018-05-17 13:34:44 - [MESSAGE][PASSED] - All options with index in [13] are selected on object 'Object Repository/PharmacyRequest/Page_KDMC-Pharmacy/select_--Select--Albendazole'

2018-05-17 13:34:44 - [TEST_STEP][PASSED] - setText: Text '10' is set on object 'Object Repository/PharmacyRequest/Page_KDMC-Pharmacy/input_txttreat'

2018-05-17 13:34:44 - [MESSAGE][PASSED] - Text '10' is set on object 'Object Repository/PharmacyRequest/Page_KDMC-Pharmacy/input_txttreat'

2018-05-17 13:34:44 - [TEST_STEP][PASSED] - click: Object: 'Object Repository/PharmacyRequest/Page_KDMC-Pharmacy/button_Add' is clicked on

2018-05-17 13:34:44 - [MESSAGE][PASSED] - Object: 'Object Repository/PharmacyRequest/Page_KDMC-Pharmacy/button_Add' is clicked on

2018-05-17 13:34:44 - [TEST_STEP][PASSED] - Statement - RN1 = com.kms.katalon.core.webui.keyword.WebUiBuiltInKeywords.getAttribute(com.kms.katalon.core.testobject.ObjectRepository.findTestObject(PharmacyRequest/Page_KDMC-Pharmacy/input_txtno), "value"): Attribute 'value' of object 'Object Repository/PharmacyRequest/Page_KDMC-Pharmacy/input_txtno' is: 'PRNO/17052018/146'

2018-05-17 13:34:44 - [MESSAGE][PASSED] - Attribute 'value' of object 'Object Repository/PharmacyRequest/Page_KDMC-Pharmacy/input_txtno' is: 'PRNO/17052018/146'

2018-05-17 13:34:44 - [TEST_STEP][PASSED] - Statement - out.println(RN1): null

2018-05-17 13:34:44 - [TEST_STEP][PASSED] - Statement - RID = RN1.split("/")[2]: null

2018-05-17 13:34:44 - [TEST_STEP][PASSED] - scrollToElement: Scroll to object 'Object Repository/PharmacyRequest/Page_KDMC-Pharmacy/input_btnsave' successfully

2018-05-17 13:34:45 - [MESSAGE][PASSED] - Scroll to object 'Object Repository/PharmacyRequest/Page_KDMC-Pharmacy/input_btnsave' successfully

2018-05-17 13:34:45 - [TEST_STEP][PASSED] - click: Object: 'Object Repository/PharmacyRequest/Page_KDMC-Pharmacy/input_btnsave' is clicked on

2018-05-17 13:34:45 - [MESSAGE][PASSED] - Object: 'Object Repository/PharmacyRequest/Page_KDMC-Pharmacy/input_btnsave' is clicked on

2018-05-17 13:34:45 - [TEST_STEP][PASSED] - delay: Delayed 3 second(s)

2018-05-17 13:34:48 - [MESSAGE][PASSED] - Delayed 3 second(s)

2018-05-17 13:34:48 - [TEST_STEP][PASSED] - click: Object: 'Object Repository/PharmacyRequest/Page_KDMC-Pharmacy/button_OK' is clicked on

2018-05-17 13:34:48 - [MESSAGE][PASSED] - Object: 'Object Repository/PharmacyRequest/Page_KDMC-Pharmacy/button_OK' is clicked on

2018-05-17 13:34:48 - [TEST_STEP][PASSED] - delay: Delayed 3 second(s)

2018-05-17 13:34:51 - [MESSAGE][PASSED] - Delayed 3 second(s)

2018-05-17 13:34:51 - [TEST_STEP][PASSED] - click: Object: 'Object Repository/PharmacyRequest/Page_KDMC-Pharmacy/a_Back to Pharmacy' is clicked on

2018-05-17 13:34:52 - [MESSAGE][PASSED] - Object: 'Object Repository/PharmacyRequest/Page_KDMC-Pharmacy/a_Back to Pharmacy' is clicked on

2018-05-17 13:34:52 - [TEST_STEP][PASSED] - delay: Delayed 3 second(s)

2018-05-17 13:34:55 - [MESSAGE][PASSED] - Delayed 3 second(s)

2018-05-17 13:34:55 - [TEST_STEP][PASSED] - click: Object: 'Object Repository/PharmacyRequest/Page_KDMC - Pharmacy/a_dropdown-toggle' is clicked on

2018-05-17 13:34:55 - [MESSAGE][PASSED] - Object: 'Object Repository/PharmacyRequest/Page_KDMC - Pharmacy/a_dropdown-toggle' is clicked on

2018-05-17 13:34:55 - [TEST_STEP][PASSED] - click: Object: 'Object Repository/PharmacyRequest/Page_KDMC - Pharmacy/a_Sign out' is clicked on

2018-05-17 13:34:56 - [MESSAGE][PASSED] - Object: 'Object Repository/PharmacyRequest/Page_KDMC - Pharmacy/a_Sign out' is clicked on

2018-05-17 13:34:56 - [TEST_STEP][PASSED] - delay: Delayed 3 second(s)

2018-05-17 13:34:59 - [MESSAGE][PASSED] - Delayed 3 second(s)

2018-05-17 13:34:59 - [TEST_STEP][PASSED] - click: Object: 'Object Repository/PharmacyRequest/Page_KDMC/a_CMO' is clicked on

2018-05-17 13:34:59 - [MESSAGE][PASSED] - Object: 'Object Repository/PharmacyRequest/Page_KDMC/a_CMO' is clicked on

2018-05-17 13:34:59 - [TEST_STEP][PASSED] - setText: Text 'guru' is set on object 'Object Repository/PharmacyRequest/Page_CMO login/input_txtusername'

2018-05-17 13:34:59 - [MESSAGE][PASSED] - Text 'guru' is set on object 'Object Repository/PharmacyRequest/Page_CMO login/input_txtusername'

2018-05-17 13:34:59 - [TEST_STEP][PASSED] - setText: Text '123' is set on object 'Object Repository/PharmacyRequest/Page_CMO login/input_txtpassword'

2018-05-17 13:34:59 - [MESSAGE][PASSED] - Text '123' is set on object 'Object Repository/PharmacyRequest/Page_CMO login/input_txtpassword'

2018-05-17 13:34:59 - [TEST_STEP][PASSED] - delay: Delayed 3 second(s)

2018-05-17 13:35:02 - [MESSAGE][PASSED] - Delayed 3 second(s)

2018-05-17 13:35:02 - [TEST_STEP][PASSED] - click: Object: 'Object Repository/PharmacyRequest/Page_CMO login/button_Sign in' is clicked on

2018-05-17 13:35:03 - [MESSAGE][PASSED] - Object: 'Object Repository/PharmacyRequest/Page_CMO login/button_Sign in' is clicked on

2018-05-17 13:35:03 - [TEST_STEP][PASSED] - click: Object: 'Object Repository/PharmacyRequest/Page_KDMC - CMO/a_Department Wise Request' is clicked on

2018-05-17 13:35:04 - [MESSAGE][PASSED] - Object: 'Object Repository/PharmacyRequest/Page_KDMC - CMO/a_Department Wise Request' is clicked on

2018-05-17 13:35:04 - [TEST_STEP][PASSED] - selectOptionByIndex: All options with index in [2] are selected on object 'Object Repository/PharmacyRequest/Page_KDMC - CMO/select_--ALL--'

2018-05-17 13:35:04 - [MESSAGE][PASSED] - All options with index in [2] are selected on object 'Object Repository/PharmacyRequest/Page_KDMC - CMO/select_--ALL--'

2018-05-17 13:35:04 - [TEST_STEP][PASSED] - selectOptionByIndex: All options with index in [1] are selected on object 'Object Repository/PharmacyRequest/Page_KDMC - CMO/select_--ALL--                _1'

2018-05-17 13:35:04 - [MESSAGE][PASSED] - All options with index in [1] are selected on object 'Object Repository/PharmacyRequest/Page_KDMC - CMO/select_--ALL--                _1'

2018-05-17 13:35:04 - [TEST_STEP][PASSED] - click: Object: 'Object Repository/PharmacyRequest/Page_KDMC - CMO/input_btnsearch' is clicked on

2018-05-17 13:35:04 - [MESSAGE][PASSED] - Object: 'Object Repository/PharmacyRequest/Page_KDMC - CMO/input_btnsearch' is clicked on

2018-05-17 13:35:04 - [TEST_STEP][PASSED] - Statement - ID = com.kms.katalon.core.webui.keyword.WebUiBuiltInKeywords.modifyObjectProperty(com.kms.katalon.core.testobject.ObjectRepository.findTestObject(PharmacyRequest/Page_KDMC - CMO/input_2), "xpath", "equals", "//*[@id=" + RID + "]", true): Modify property of object successfully

2018-05-17 13:35:04 - [MESSAGE][PASSED] - Modify property of object successfully

2018-05-17 13:35:04 - [TEST_STEP][PASSED] - click: Object: 'Object Repository/PharmacyRequest/Page_KDMC - CMO/input_2' is clicked on

2018-05-17 13:35:05 - [MESSAGE][PASSED] - Object: 'Object Repository/PharmacyRequest/Page_KDMC - CMO/input_2' is clicked on

2018-05-17 13:35:05 - [TEST_STEP][PASSED] - delay: Delayed 3 second(s)

2018-05-17 13:35:08 - [MESSAGE][PASSED] - Delayed 3 second(s)

2018-05-17 13:35:08 - [TEST_STEP][PASSED] - selectOptionByIndex: All options with index in [1] are selected on object 'Object Repository/PharmacyRequest/Page_KDMC - CMO/select_--Select--'

2018-05-17 13:35:08 - [MESSAGE][PASSED] - All options with index in [1] are selected on object 'Object Repository/PharmacyRequest/Page_KDMC - CMO/select_--Select--'

2018-05-17 13:35:08 - [TEST_STEP][PASSED] - click: Object: 'Object Repository/PharmacyRequest/Page_KDMC - CMO/input_btnupdate' is clicked on

2018-05-17 13:35:08 - [MESSAGE][PASSED] - Object: 'Object Repository/PharmacyRequest/Page_KDMC - CMO/input_btnupdate' is clicked on

2018-05-17 13:35:08 - [TEST_STEP][PASSED] - delay: Delayed 3 second(s)

2018-05-17 13:35:11 - [MESSAGE][PASSED] - Delayed 3 second(s)

2018-05-17 13:35:11 - [TEST_STEP][PASSED] - click: Object: 'Object Repository/PharmacyRequest/Page_KDMC - CMO/button_OK' is clicked on

2018-05-17 13:35:11 - [MESSAGE][PASSED] - Object: 'Object Repository/PharmacyRequest/Page_KDMC - CMO/button_OK' is clicked on

2018-05-17 13:35:11 - [TEST_STEP][PASSED] - delay: Delayed 3 second(s)

2018-05-17 13:35:14 - [MESSAGE][PASSED] - Delayed 3 second(s)

2018-05-17 13:35:14 - [TEST_STEP][PASSED] - click: Object: 'Object Repository/PharmacyRequest/Page_KDMC - CMO/a_dropdown-toggle' is clicked on

2018-05-17 13:35:14 - [MESSAGE][PASSED] - Object: 'Object Repository/PharmacyRequest/Page_KDMC - CMO/a_dropdown-toggle' is clicked on

2018-05-17 13:35:14 - [TEST_STEP][PASSED] - click: Object: 'Object Repository/PharmacyRequest/Page_KDMC - CMO/a_Sign out' is clicked on

2018-05-17 13:35:15 - [MESSAGE][PASSED] - Object: 'Object Repository/PharmacyRequest/Page_KDMC - CMO/a_Sign out' is clicked on

2018-05-17 13:35:15 - [TEST_STEP][PASSED] - delay: Delayed 3 second(s)

2018-05-17 13:35:18 - [MESSAGE][PASSED] - Delayed 3 second(s)

2018-05-17 13:35:18 - [TEST_STEP][PASSED] - click: Object: 'Object Repository/PharmacyRequest/Page_KDMC/a_Divisional Store' is clicked on

2018-05-17 13:35:19 - [MESSAGE][PASSED] - Object: 'Object Repository/PharmacyRequest/Page_KDMC/a_Divisional Store' is clicked on

2018-05-17 13:35:19 - [TEST_STEP][PASSED] - setText: Text 'ragu' is set on object 'Object Repository/PharmacyRequest/Page_Divisonal Store Login/input_txtusername'

2018-05-17 13:35:19 - [MESSAGE][PASSED] - Text 'ragu' is set on object 'Object Repository/PharmacyRequest/Page_Divisonal Store Login/input_txtusername'

2018-05-17 13:35:19 - [TEST_STEP][PASSED] - setText: Text '123' is set on object 'Object Repository/PharmacyRequest/Page_Divisonal Store Login/input_txtpassword'

2018-05-17 13:35:19 - [MESSAGE][PASSED] - Text '123' is set on object 'Object Repository/PharmacyRequest/Page_Divisonal Store Login/input_txtpassword'

2018-05-17 13:35:19 - [TEST_STEP][PASSED] - delay: Delayed 3 second(s)

2018-05-17 13:35:22 - [MESSAGE][PASSED] - Delayed 3 second(s)

2018-05-17 13:35:22 - [TEST_STEP][PASSED] - click: Object: 'Object Repository/PharmacyRequest/Page_Divisonal Store Login/button_Sign in' is clicked on

2018-05-17 13:35:23 - [MESSAGE][PASSED] - Object: 'Object Repository/PharmacyRequest/Page_Divisonal Store Login/button_Sign in' is clicked on

2018-05-17 13:35:23 - [TEST_STEP][PASSED] - delay: Delayed 3 second(s)

2018-05-17 13:35:26 - [MESSAGE][PASSED] - Delayed 3 second(s)

2018-05-17 13:35:26 - [TEST_STEP][PASSED] - click: Object: 'Object Repository/PharmacyRequest/Page_Store/a_Pharmacy Request' is clicked on

2018-05-17 13:35:26 - [MESSAGE][PASSED] - Object: 'Object Repository/PharmacyRequest/Page_Store/a_Pharmacy Request' is clicked on

2018-05-17 13:35:26 - [TEST_STEP][PASSED] - click: Object: 'Object Repository/PharmacyRequest/Page_Store/a_Request Item Pharmacy' is clicked on

2018-05-17 13:35:27 - [MESSAGE][PASSED] - Object: 'Object Repository/PharmacyRequest/Page_Store/a_Request Item Pharmacy' is clicked on

2018-05-17 13:35:27 - [TEST_STEP][PASSED] - delay: Delayed 2 second(s)

2018-05-17 13:35:29 - [MESSAGE][PASSED] - Delayed 2 second(s)

2018-05-17 13:35:29 - [TEST_STEP][PASSED] - setText: Text 'PRNO/17052018/146' is set on object 'Object Repository/PharmacyRequest/Page_Store/input'

2018-05-17 13:35:29 - [MESSAGE][PASSED] - Text 'PRNO/17052018/146' is set on object 'Object Repository/PharmacyRequest/Page_Store/input'

2018-05-17 13:35:29 - [TEST_STEP][PASSED] - delay: Delayed 2 second(s)

2018-05-17 13:35:31 - [MESSAGE][PASSED] - Delayed 2 second(s)

2018-05-17 13:35:31 - [TEST_STEP][PASSED] - Statement - ChooseRequest = com.kms.katalon.core.webui.keyword.WebUiBuiltInKeywords.modifyObjectProperty(com.kms.katalon.core.testobject.ObjectRepository.findTestObject(PharmacyRequest/Page_Store/input_2), "xpath", "equals", "//*[@id=" + RID + "]", true): Modify property of object successfully

2018-05-17 13:35:31 - [MESSAGE][PASSED] - Modify property of object successfully

2018-05-17 13:35:31 - [TEST_STEP][PASSED] - click: Object: 'Object Repository/PharmacyRequest/Page_Store/input_2' is clicked on

2018-05-17 13:35:32 - [MESSAGE][PASSED] - Object: 'Object Repository/PharmacyRequest/Page_Store/input_2' is clicked on

2018-05-17 13:35:32 - [TEST_STEP][PASSED] - delay: Delayed 2 second(s)

2018-05-17 13:35:34 - [MESSAGE][PASSED] - Delayed 2 second(s)

2018-05-17 13:35:34 - [TEST_STEP][PASSED] - Statement - selectedoptions = com.kms.katalon.core.webui.keyword.WebUiBuiltInKeywords.getNumberOfTotalOption(com.kms.katalon.core.testobject.ObjectRepository.findTestObject(PharmacyRequest/Page_Store/select_--Select--Amlodepin -5)): 14 options of object 'Object Repository/PharmacyRequest/Page_Store/select_--Select--Amlodepin -5' counted

2018-05-17 13:35:34 - [MESSAGE][PASSED] - 14 options of object 'Object Repository/PharmacyRequest/Page_Store/select_--Select--Amlodepin -5' counted

2018-05-17 13:35:34 - [TEST_STEP][PASSED] - Statement - For ([a = 1, a <= selectedoptions - 1, (a++)]): null

2018-05-17 13:35:34 - [TEST_STEP][PASSED] - selectOptionByIndex: All options with index in [1] are selected on object 'Object Repository/PharmacyRequest/Page_Store/select_--Select--Amlodepin -5'

2018-05-17 13:35:34 - [MESSAGE][PASSED] - All options with index in [1] are selected on object 'Object Repository/PharmacyRequest/Page_Store/select_--Select--Amlodepin -5'

2018-05-17 13:35:34 - [TEST_STEP][PASSED] - delay: Delayed 1 second(s)

2018-05-17 13:35:35 - [MESSAGE][PASSED] - Delayed 1 second(s)

2018-05-17 13:35:35 - [TEST_STEP][PASSED] - Statement - RequestedQty = com.kms.katalon.core.webui.keyword.WebUiBuiltInKeywords.getAttribute(com.kms.katalon.core.testobject.ObjectRepository.findTestObject(PharmacyRequest/Page_Store/input_txttotal), "value"): Attribute 'value' of object 'Object Repository/PharmacyRequest/Page_Store/input_txttotal' is: '10'

2018-05-17 13:35:35 - [MESSAGE][PASSED] - Attribute 'value' of object 'Object Repository/PharmacyRequest/Page_Store/input_txttotal' is: '10'

2018-05-17 13:35:35 - [TEST_STEP][PASSED] - Statement - out.println("Requested QTY : " + RequestedQty): null

2018-05-17 13:35:35 - [TEST_STEP][PASSED] - Statement - BatchNumber = com.kms.katalon.core.webui.keyword.WebUiBuiltInKeywords.getNumberOfTotalOption(com.kms.katalon.core.testobject.ObjectRepository.findTestObject(PharmacyRequest/Page_Store/select_--Select--BA50)): 3 options of object 'Object Repository/PharmacyRequest/Page_Store/select_--Select--BA50' counted

2018-05-17 13:35:35 - [MESSAGE][PASSED] - 3 options of object 'Object Repository/PharmacyRequest/Page_Store/select_--Select--BA50' counted

2018-05-17 13:35:35 - [TEST_STEP][PASSED] - Statement - For ([g = 1, g <= BatchNumber - 1, (g++)]): null

2018-05-17 13:35:35 - [TEST_STEP][PASSED] - selectOptionByIndex: All options with index in [1] are selected on object 'Object Repository/PharmacyRequest/Page_Store/select_--Select--BA50'

2018-05-17 13:35:35 - [MESSAGE][PASSED] - All options with index in [1] are selected on object 'Object Repository/PharmacyRequest/Page_Store/select_--Select--BA50'

2018-05-17 13:35:35 - [TEST_STEP][PASSED] - delay: Delayed 1 second(s)

2018-05-17 13:35:36 - [MESSAGE][PASSED] - Delayed 1 second(s)

2018-05-17 13:35:36 - [TEST_STEP][PASSED] - Statement - StockQty = com.kms.katalon.core.webui.keyword.WebUiBuiltInKeywords.getAttribute(com.kms.katalon.core.testobject.ObjectRepository.findTestObject(PharmacyRequest/Page_Store/input_txtprice), "value"): Attribute 'value' of object 'Object Repository/PharmacyRequest/Page_Store/input_txtprice' is: '90'

2018-05-17 13:35:36 - [MESSAGE][PASSED] - Attribute 'value' of object 'Object Repository/PharmacyRequest/Page_Store/input_txtprice' is: '90'

2018-05-17 13:35:36 - [TEST_STEP][PASSED] - Statement - out.println("Stock QTY : " + StockQty): null

2018-05-17 13:35:36 - [TEST_STEP][PASSED] - delay: Delayed 1 second(s)

2018-05-17 13:35:37 - [MESSAGE][PASSED] - Delayed 1 second(s)

2018-05-17 13:35:37 - [TEST_STEP][PASSED] - Statement - If (java.lang.Integer.valueOf(StockQty) >= java.lang.Integer.valueOf(RequestedQty)): null

2018-05-17 13:35:37 - [TEST_STEP][PASSED] - setText: Text '10' is set on object 'Object Repository/PharmacyRequest/Page_Store/input_txtqty'

2018-05-17 13:35:37 - [MESSAGE][PASSED] - Text '10' is set on object 'Object Repository/PharmacyRequest/Page_Store/input_txtqty'

2018-05-17 13:35:37 - [TEST_STEP][PASSED] - click: Object: 'Object Repository/PharmacyRequest/Page_Store/button_Add' is clicked on

2018-05-17 13:35:37 - [MESSAGE][PASSED] - Object: 'Object Repository/PharmacyRequest/Page_Store/button_Add' is clicked on

2018-05-17 13:35:37 - [TEST_STEP][PASSED] - Statement - Break: null

2018-05-17 13:35:37 - [TEST_STEP][PASSED] - selectOptionByIndex: All options with index in [2] are selected on object 'Object Repository/PharmacyRequest/Page_Store/select_--Select--Amlodepin -5'

2018-05-17 13:35:38 - [MESSAGE][PASSED] - All options with index in [2] are selected on object 'Object Repository/PharmacyRequest/Page_Store/select_--Select--Amlodepin -5'

2018-05-17 13:35:38 - [TEST_STEP][PASSED] - delay: Delayed 1 second(s)

2018-05-17 13:35:39 - [MESSAGE][PASSED] - Delayed 1 second(s)

2018-05-17 13:35:39 - [TEST_STEP][PASSED] - Statement - RequestedQty = com.kms.katalon.core.webui.keyword.WebUiBuiltInKeywords.getAttribute(com.kms.katalon.core.testobject.ObjectRepository.findTestObject(PharmacyRequest/Page_Store/input_txttotal), "value"): Attribute 'value' of object 'Object Repository/PharmacyRequest/Page_Store/input_txttotal' is: '10'

2018-05-17 13:35:39 - [MESSAGE][PASSED] - Attribute 'value' of object 'Object Repository/PharmacyRequest/Page_Store/input_txttotal' is: '10'

2018-05-17 13:35:39 - [TEST_STEP][PASSED] - Statement - out.println("Requested QTY : " + RequestedQty): null

2018-05-17 13:35:39 - [TEST_STEP][PASSED] - Statement - BatchNumber = com.kms.katalon.core.webui.keyword.WebUiBuiltInKeywords.getNumberOfTotalOption(com.kms.katalon.core.testobject.ObjectRepository.findTestObject(PharmacyRequest/Page_Store/select_--Select--BA50)): 3 options of object 'Object Repository/PharmacyRequest/Page_Store/select_--Select--BA50' counted

2018-05-17 13:35:39 - [MESSAGE][PASSED] - 3 options of object 'Object Repository/PharmacyRequest/Page_Store/select_--Select--BA50' counted

2018-05-17 13:35:39 - [TEST_STEP][PASSED] - Statement - For ([g = 1, g <= BatchNumber - 1, (g++)]): null

2018-05-17 13:35:39 - [TEST_STEP][PASSED] - selectOptionByIndex: All options with index in [1] are selected on object 'Object Repository/PharmacyRequest/Page_Store/select_--Select--BA50'

2018-05-17 13:35:39 - [MESSAGE][PASSED] - All options with index in [1] are selected on object 'Object Repository/PharmacyRequest/Page_Store/select_--Select--BA50'

2018-05-17 13:35:39 - [TEST_STEP][PASSED] - delay: Delayed 1 second(s)

2018-05-17 13:35:40 - [MESSAGE][PASSED] - Delayed 1 second(s)

2018-05-17 13:35:40 - [TEST_STEP][PASSED] - Statement - StockQty = com.kms.katalon.core.webui.keyword.WebUiBuiltInKeywords.getAttribute(com.kms.katalon.core.testobject.ObjectRepository.findTestObject(PharmacyRequest/Page_Store/input_txtprice), "value"): Attribute 'value' of object 'Object Repository/PharmacyRequest/Page_Store/input_txtprice' is: '90'

2018-05-17 13:35:40 - [MESSAGE][PASSED] - Attribute 'value' of object 'Object Repository/PharmacyRequest/Page_Store/input_txtprice' is: '90'

2018-05-17 13:35:40 - [TEST_STEP][PASSED] - Statement - out.println("Stock QTY : " + StockQty): null

2018-05-17 13:35:40 - [TEST_STEP][PASSED] - delay: Delayed 1 second(s)

2018-05-17 13:35:41 - [MESSAGE][PASSED] - Delayed 1 second(s)

2018-05-17 13:35:41 - [TEST_STEP][PASSED] - Statement - If (java.lang.Integer.valueOf(StockQty) >= java.lang.Integer.valueOf(RequestedQty)): null

2018-05-17 13:35:41 - [TEST_STEP][PASSED] - setText: Text '10' is set on object 'Object Repository/PharmacyRequest/Page_Store/input_txtqty'

2018-05-17 13:35:41 - [MESSAGE][PASSED] - Text '10' is set on object 'Object Repository/PharmacyRequest/Page_Store/input_txtqty'

2018-05-17 13:35:41 - [TEST_STEP][PASSED] - click: Object: 'Object Repository/PharmacyRequest/Page_Store/button_Add' is clicked on

2018-05-17 13:35:41 - [MESSAGE][PASSED] - Object: 'Object Repository/PharmacyRequest/Page_Store/button_Add' is clicked on

2018-05-17 13:35:41 - [TEST_STEP][PASSED] - Statement - Break: null

2018-05-17 13:35:41 - [TEST_STEP][PASSED] - selectOptionByIndex: All options with index in [3] are selected on object 'Object Repository/PharmacyRequest/Page_Store/select_--Select--Amlodepin -5'

2018-05-17 13:35:41 - [MESSAGE][PASSED] - All options with index in [3] are selected on object 'Object Repository/PharmacyRequest/Page_Store/select_--Select--Amlodepin -5'

2018-05-17 13:35:41 - [TEST_STEP][PASSED] - delay: Delayed 1 second(s)

2018-05-17 13:35:42 - [MESSAGE][PASSED] - Delayed 1 second(s)

2018-05-17 13:35:42 - [TEST_STEP][PASSED] - Statement - RequestedQty = com.kms.katalon.core.webui.keyword.WebUiBuiltInKeywords.getAttribute(com.kms.katalon.core.testobject.ObjectRepository.findTestObject(PharmacyRequest/Page_Store/input_txttotal), "value"): Attribute 'value' of object 'Object Repository/PharmacyRequest/Page_Store/input_txttotal' is: '10'

2018-05-17 13:35:42 - [MESSAGE][PASSED] - Attribute 'value' of object 'Object Repository/PharmacyRequest/Page_Store/input_txttotal' is: '10'

2018-05-17 13:35:42 - [TEST_STEP][PASSED] - Statement - out.println("Requested QTY : " + RequestedQty): null

2018-05-17 13:35:42 - [TEST_STEP][PASSED] - Statement - BatchNumber = com.kms.katalon.core.webui.keyword.WebUiBuiltInKeywords.getNumberOfTotalOption(com.kms.katalon.core.testobject.ObjectRepository.findTestObject(PharmacyRequest/Page_Store/select_--Select--BA50)): 2 options of object 'Object Repository/PharmacyRequest/Page_Store/select_--Select--BA50' counted

2018-05-17 13:35:42 - [MESSAGE][PASSED] - 2 options of object 'Object Repository/PharmacyRequest/Page_Store/select_--Select--BA50' counted

2018-05-17 13:35:42 - [TEST_STEP][PASSED] - Statement - For ([g = 1, g <= BatchNumber - 1, (g++)]): null

2018-05-17 13:35:42 - [TEST_STEP][PASSED] - selectOptionByIndex: All options with index in [1] are selected on object 'Object Repository/PharmacyRequest/Page_Store/select_--Select--BA50'

2018-05-17 13:35:42 - [MESSAGE][PASSED] - All options with index in [1] are selected on object 'Object Repository/PharmacyRequest/Page_Store/select_--Select--BA50'

2018-05-17 13:35:42 - [TEST_STEP][PASSED] - delay: Delayed 1 second(s)

2018-05-17 13:35:43 - [MESSAGE][PASSED] - Delayed 1 second(s)

2018-05-17 13:35:43 - [TEST_STEP][PASSED] - Statement - StockQty = com.kms.katalon.core.webui.keyword.WebUiBuiltInKeywords.getAttribute(com.kms.katalon.core.testobject.ObjectRepository.findTestObject(PharmacyRequest/Page_Store/input_txtprice), "value"): Attribute 'value' of object 'Object Repository/PharmacyRequest/Page_Store/input_txtprice' is: '130'

2018-05-17 13:35:43 - [MESSAGE][PASSED] - Attribute 'value' of object 'Object Repository/PharmacyRequest/Page_Store/input_txtprice' is: '130'

2018-05-17 13:35:43 - [TEST_STEP][PASSED] - Statement - out.println("Stock QTY : " + StockQty): null

2018-05-17 13:35:43 - [TEST_STEP][PASSED] - delay: Delayed 1 second(s)

2018-05-17 13:35:44 - [MESSAGE][PASSED] - Delayed 1 second(s)

2018-05-17 13:35:44 - [TEST_STEP][PASSED] - Statement - If (java.lang.Integer.valueOf(StockQty) >= java.lang.Integer.valueOf(RequestedQty)): null

2018-05-17 13:35:44 - [TEST_STEP][PASSED] - setText: Text '10' is set on object 'Object Repository/PharmacyRequest/Page_Store/input_txtqty'

2018-05-17 13:35:44 - [MESSAGE][PASSED] - Text '10' is set on object 'Object Repository/PharmacyRequest/Page_Store/input_txtqty'

2018-05-17 13:35:44 - [TEST_STEP][PASSED] - click: Object: 'Object Repository/PharmacyRequest/Page_Store/button_Add' is clicked on

2018-05-17 13:35:44 - [MESSAGE][PASSED] - Object: 'Object Repository/PharmacyRequest/Page_Store/button_Add' is clicked on

2018-05-17 13:35:44 - [TEST_STEP][PASSED] - Statement - Break: null

2018-05-17 13:35:44 - [TEST_STEP][PASSED] - selectOptionByIndex: All options with index in [4] are selected on object 'Object Repository/PharmacyRequest/Page_Store/select_--Select--Amlodepin -5'

2018-05-17 13:35:45 - [MESSAGE][PASSED] - All options with index in [4] are selected on object 'Object Repository/PharmacyRequest/Page_Store/select_--Select--Amlodepin -5'

2018-05-17 13:35:45 - [TEST_STEP][PASSED] - delay: Delayed 1 second(s)

2018-05-17 13:35:46 - [MESSAGE][PASSED] - Delayed 1 second(s)

2018-05-17 13:35:46 - [TEST_STEP][PASSED] - Statement - RequestedQty = com.kms.katalon.core.webui.keyword.WebUiBuiltInKeywords.getAttribute(com.kms.katalon.core.testobject.ObjectRepository.findTestObject(PharmacyRequest/Page_Store/input_txttotal), "value"): Attribute 'value' of object 'Object Repository/PharmacyRequest/Page_Store/input_txttotal' is: '10'

2018-05-17 13:35:46 - [MESSAGE][PASSED] - Attribute 'value' of object 'Object Repository/PharmacyRequest/Page_Store/input_txttotal' is: '10'

2018-05-17 13:35:46 - [TEST_STEP][PASSED] - Statement - out.println("Requested QTY : " + RequestedQty): null

2018-05-17 13:35:46 - [TEST_STEP][PASSED] - Statement - BatchNumber = com.kms.katalon.core.webui.keyword.WebUiBuiltInKeywords.getNumberOfTotalOption(com.kms.katalon.core.testobject.ObjectRepository.findTestObject(PharmacyRequest/Page_Store/select_--Select--BA50)): 3 options of object 'Object Repository/PharmacyRequest/Page_Store/select_--Select--BA50' counted

2018-05-17 13:35:46 - [MESSAGE][PASSED] - 3 options of object 'Object Repository/PharmacyRequest/Page_Store/select_--Select--BA50' counted

2018-05-17 13:35:46 - [TEST_STEP][PASSED] - Statement - For ([g = 1, g <= BatchNumber - 1, (g++)]): null

2018-05-17 13:35:46 - [TEST_STEP][PASSED] - selectOptionByIndex: All options with index in [1] are selected on object 'Object Repository/PharmacyRequest/Page_Store/select_--Select--BA50'

2018-05-17 13:35:46 - [MESSAGE][PASSED] - All options with index in [1] are selected on object 'Object Repository/PharmacyRequest/Page_Store/select_--Select--BA50'

2018-05-17 13:35:46 - [TEST_STEP][PASSED] - delay: Delayed 1 second(s)

2018-05-17 13:35:47 - [MESSAGE][PASSED] - Delayed 1 second(s)

2018-05-17 13:35:47 - [TEST_STEP][PASSED] - Statement - StockQty = com.kms.katalon.core.webui.keyword.WebUiBuiltInKeywords.getAttribute(com.kms.katalon.core.testobject.ObjectRepository.findTestObject(PharmacyRequest/Page_Store/input_txtprice), "value"): Attribute 'value' of object 'Object Repository/PharmacyRequest/Page_Store/input_txtprice' is: '90'

2018-05-17 13:35:47 - [MESSAGE][PASSED] - Attribute 'value' of object 'Object Repository/PharmacyRequest/Page_Store/input_txtprice' is: '90'

2018-05-17 13:35:47 - [TEST_STEP][PASSED] - Statement - out.println("Stock QTY : " + StockQty): null

2018-05-17 13:35:47 - [TEST_STEP][PASSED] - delay: Delayed 1 second(s)

2018-05-17 13:35:48 - [MESSAGE][PASSED] - Delayed 1 second(s)

2018-05-17 13:35:48 - [TEST_STEP][PASSED] - Statement - If (java.lang.Integer.valueOf(StockQty) >= java.lang.Integer.valueOf(RequestedQty)): null

2018-05-17 13:35:48 - [TEST_STEP][PASSED] - setText: Text '10' is set on object 'Object Repository/PharmacyRequest/Page_Store/input_txtqty'

2018-05-17 13:35:48 - [MESSAGE][PASSED] - Text '10' is set on object 'Object Repository/PharmacyRequest/Page_Store/input_txtqty'

2018-05-17 13:35:48 - [TEST_STEP][PASSED] - click: Object: 'Object Repository/PharmacyRequest/Page_Store/button_Add' is clicked on

2018-05-17 13:35:48 - [MESSAGE][PASSED] - Object: 'Object Repository/PharmacyRequest/Page_Store/button_Add' is clicked on

2018-05-17 13:35:48 - [TEST_STEP][PASSED] - Statement - Break: null

2018-05-17 13:35:48 - [TEST_STEP][PASSED] - selectOptionByIndex: All options with index in [5] are selected on object 'Object Repository/PharmacyRequest/Page_Store/select_--Select--Amlodepin -5'

2018-05-17 13:35:48 - [MESSAGE][PASSED] - All options with index in [5] are selected on object 'Object Repository/PharmacyRequest/Page_Store/select_--Select--Amlodepin -5'

2018-05-17 13:35:48 - [TEST_STEP][PASSED] - delay: Delayed 1 second(s)

2018-05-17 13:35:49 - [MESSAGE][PASSED] - Delayed 1 second(s)

2018-05-17 13:35:49 - [TEST_STEP][PASSED] - Statement - RequestedQty = com.kms.katalon.core.webui.keyword.WebUiBuiltInKeywords.getAttribute(com.kms.katalon.core.testobject.ObjectRepository.findTestObject(PharmacyRequest/Page_Store/input_txttotal), "value"): Attribute 'value' of object 'Object Repository/PharmacyRequest/Page_Store/input_txttotal' is: '10'

2018-05-17 13:35:49 - [MESSAGE][PASSED] - Attribute 'value' of object 'Object Repository/PharmacyRequest/Page_Store/input_txttotal' is: '10'

2018-05-17 13:35:49 - [TEST_STEP][PASSED] - Statement - out.println("Requested QTY : " + RequestedQty): null

2018-05-17 13:35:49 - [TEST_STEP][PASSED] - Statement - BatchNumber = com.kms.katalon.core.webui.keyword.WebUiBuiltInKeywords.getNumberOfTotalOption(com.kms.katalon.core.testobject.ObjectRepository.findTestObject(PharmacyRequest/Page_Store/select_--Select--BA50)): 2 options of object 'Object Repository/PharmacyRequest/Page_Store/select_--Select--BA50' counted

2018-05-17 13:35:49 - [MESSAGE][PASSED] - 2 options of object 'Object Repository/PharmacyRequest/Page_Store/select_--Select--BA50' counted

2018-05-17 13:35:49 - [TEST_STEP][PASSED] - Statement - For ([g = 1, g <= BatchNumber - 1, (g++)]): null

2018-05-17 13:35:49 - [TEST_STEP][PASSED] - selectOptionByIndex: All options with index in [1] are selected on object 'Object Repository/PharmacyRequest/Page_Store/select_--Select--BA50'

2018-05-17 13:35:49 - [MESSAGE][PASSED] - All options with index in [1] are selected on object 'Object Repository/PharmacyRequest/Page_Store/select_--Select--BA50'

2018-05-17 13:35:49 - [TEST_STEP][PASSED] - delay: Delayed 1 second(s)

2018-05-17 13:35:50 - [MESSAGE][PASSED] - Delayed 1 second(s)

2018-05-17 13:35:50 - [TEST_STEP][PASSED] - Statement - StockQty = com.kms.katalon.core.webui.keyword.WebUiBuiltInKeywords.getAttribute(com.kms.katalon.core.testobject.ObjectRepository.findTestObject(PharmacyRequest/Page_Store/input_txtprice), "value"): Attribute 'value' of object 'Object Repository/PharmacyRequest/Page_Store/input_txtprice' is: '30'

2018-05-17 13:35:50 - [MESSAGE][PASSED] - Attribute 'value' of object 'Object Repository/PharmacyRequest/Page_Store/input_txtprice' is: '30'

2018-05-17 13:35:50 - [TEST_STEP][PASSED] - Statement - out.println("Stock QTY : " + StockQty): null

2018-05-17 13:35:50 - [TEST_STEP][PASSED] - delay: Delayed 1 second(s)

2018-05-17 13:35:51 - [MESSAGE][PASSED] - Delayed 1 second(s)

2018-05-17 13:35:51 - [TEST_STEP][PASSED] - Statement - If (java.lang.Integer.valueOf(StockQty) >= java.lang.Integer.valueOf(RequestedQty)): null

2018-05-17 13:35:51 - [TEST_STEP][PASSED] - setText: Text '10' is set on object 'Object Repository/PharmacyRequest/Page_Store/input_txtqty'

2018-05-17 13:35:51 - [MESSAGE][PASSED] - Text '10' is set on object 'Object Repository/PharmacyRequest/Page_Store/input_txtqty'

2018-05-17 13:35:51 - [TEST_STEP][PASSED] - click: Object: 'Object Repository/PharmacyRequest/Page_Store/button_Add' is clicked on

2018-05-17 13:35:52 - [MESSAGE][PASSED] - Object: 'Object Repository/PharmacyRequest/Page_Store/button_Add' is clicked on

2018-05-17 13:35:52 - [TEST_STEP][PASSED] - Statement - Break: null

2018-05-17 13:35:52 - [TEST_STEP][PASSED] - selectOptionByIndex: All options with index in [6] are selected on object 'Object Repository/PharmacyRequest/Page_Store/select_--Select--Amlodepin -5'

2018-05-17 13:35:52 - [MESSAGE][PASSED] - All options with index in [6] are selected on object 'Object Repository/PharmacyRequest/Page_Store/select_--Select--Amlodepin -5'

2018-05-17 13:35:52 - [TEST_STEP][PASSED] - delay: Delayed 1 second(s)

2018-05-17 13:35:53 - [MESSAGE][PASSED] - Delayed 1 second(s)

2018-05-17 13:35:53 - [TEST_STEP][PASSED] - Statement - RequestedQty = com.kms.katalon.core.webui.keyword.WebUiBuiltInKeywords.getAttribute(com.kms.katalon.core.testobject.ObjectRepository.findTestObject(PharmacyRequest/Page_Store/input_txttotal), "value"): Attribute 'value' of object 'Object Repository/PharmacyRequest/Page_Store/input_txttotal' is: '10'

2018-05-17 13:35:53 - [MESSAGE][PASSED] - Attribute 'value' of object 'Object Repository/PharmacyRequest/Page_Store/input_txttotal' is: '10'

2018-05-17 13:35:53 - [TEST_STEP][PASSED] - Statement - out.println("Requested QTY : " + RequestedQty): null

2018-05-17 13:35:53 - [TEST_STEP][PASSED] - Statement - BatchNumber = com.kms.katalon.core.webui.keyword.WebUiBuiltInKeywords.getNumberOfTotalOption(com.kms.katalon.core.testobject.ObjectRepository.findTestObject(PharmacyRequest/Page_Store/select_--Select--BA50)): 3 options of object 'Object Repository/PharmacyRequest/Page_Store/select_--Select--BA50' counted

2018-05-17 13:35:53 - [MESSAGE][PASSED] - 3 options of object 'Object Repository/PharmacyRequest/Page_Store/select_--Select--BA50' counted

2018-05-17 13:35:53 - [TEST_STEP][PASSED] - Statement - For ([g = 1, g <= BatchNumber - 1, (g++)]): null

2018-05-17 13:35:53 - [TEST_STEP][PASSED] - selectOptionByIndex: All options with index in [1] are selected on object 'Object Repository/PharmacyRequest/Page_Store/select_--Select--BA50'

2018-05-17 13:35:53 - [MESSAGE][PASSED] - All options with index in [1] are selected on object 'Object Repository/PharmacyRequest/Page_Store/select_--Select--BA50'

2018-05-17 13:35:53 - [TEST_STEP][PASSED] - delay: Delayed 1 second(s)

2018-05-17 13:35:54 - [MESSAGE][PASSED] - Delayed 1 second(s)

2018-05-17 13:35:54 - [TEST_STEP][PASSED] - Statement - StockQty = com.kms.katalon.core.webui.keyword.WebUiBuiltInKeywords.getAttribute(com.kms.katalon.core.testobject.ObjectRepository.findTestObject(PharmacyRequest/Page_Store/input_txtprice), "value"): Attribute 'value' of object 'Object Repository/PharmacyRequest/Page_Store/input_txtprice' is: '90'

2018-05-17 13:35:54 - [MESSAGE][PASSED] - Attribute 'value' of object 'Object Repository/PharmacyRequest/Page_Store/input_txtprice' is: '90'

2018-05-17 13:35:54 - [TEST_STEP][PASSED] - Statement - out.println("Stock QTY : " + StockQty): null

2018-05-17 13:35:54 - [TEST_STEP][PASSED] - delay: Delayed 1 second(s)

2018-05-17 13:35:55 - [MESSAGE][PASSED] - Delayed 1 second(s)

2018-05-17 13:35:55 - [TEST_STEP][PASSED] - Statement - If (java.lang.Integer.valueOf(StockQty) >= java.lang.Integer.valueOf(RequestedQty)): null

2018-05-17 13:35:55 - [TEST_STEP][PASSED] - setText: Text '10' is set on object 'Object Repository/PharmacyRequest/Page_Store/input_txtqty'

2018-05-17 13:35:55 - [MESSAGE][PASSED] - Text '10' is set on object 'Object Repository/PharmacyRequest/Page_Store/input_txtqty'

2018-05-17 13:35:55 - [TEST_STEP][PASSED] - click: Object: 'Object Repository/PharmacyRequest/Page_Store/button_Add' is clicked on

2018-05-17 13:35:55 - [MESSAGE][PASSED] - Object: 'Object Repository/PharmacyRequest/Page_Store/button_Add' is clicked on

2018-05-17 13:35:55 - [TEST_STEP][PASSED] - Statement - Break: null

2018-05-17 13:35:55 - [TEST_STEP][PASSED] - selectOptionByIndex: All options with index in [7] are selected on object 'Object Repository/PharmacyRequest/Page_Store/select_--Select--Amlodepin -5'

2018-05-17 13:35:55 - [MESSAGE][PASSED] - All options with index in [7] are selected on object 'Object Repository/PharmacyRequest/Page_Store/select_--Select--Amlodepin -5'

2018-05-17 13:35:55 - [TEST_STEP][PASSED] - delay: Delayed 1 second(s)

2018-05-17 13:35:56 - [MESSAGE][PASSED] - Delayed 1 second(s)

2018-05-17 13:35:56 - [TEST_STEP][PASSED] - Statement - RequestedQty = com.kms.katalon.core.webui.keyword.WebUiBuiltInKeywords.getAttribute(com.kms.katalon.core.testobject.ObjectRepository.findTestObject(PharmacyRequest/Page_Store/input_txttotal), "value"): Attribute 'value' of object 'Object Repository/PharmacyRequest/Page_Store/input_txttotal' is: '10'

2018-05-17 13:35:56 - [MESSAGE][PASSED] - Attribute 'value' of object 'Object Repository/PharmacyRequest/Page_Store/input_txttotal' is: '10'

2018-05-17 13:35:56 - [TEST_STEP][PASSED] - Statement - out.println("Requested QTY : " + RequestedQty): null

2018-05-17 13:35:56 - [TEST_STEP][PASSED] - Statement - BatchNumber = com.kms.katalon.core.webui.keyword.WebUiBuiltInKeywords.getNumberOfTotalOption(com.kms.katalon.core.testobject.ObjectRepository.findTestObject(PharmacyRequest/Page_Store/select_--Select--BA50)): 2 options of object 'Object Repository/PharmacyRequest/Page_Store/select_--Select--BA50' counted

2018-05-17 13:35:56 - [MESSAGE][PASSED] - 2 options of object 'Object Repository/PharmacyRequest/Page_Store/select_--Select--BA50' counted

2018-05-17 13:35:56 - [TEST_STEP][PASSED] - Statement - For ([g = 1, g <= BatchNumber - 1, (g++)]): null

2018-05-17 13:35:56 - [TEST_STEP][PASSED] - selectOptionByIndex: All options with index in [1] are selected on object 'Object Repository/PharmacyRequest/Page_Store/select_--Select--BA50'

2018-05-17 13:35:57 - [MESSAGE][PASSED] - All options with index in [1] are selected on object 'Object Repository/PharmacyRequest/Page_Store/select_--Select--BA50'

2018-05-17 13:35:57 - [TEST_STEP][PASSED] - delay: Delayed 1 second(s)

2018-05-17 13:35:58 - [MESSAGE][PASSED] - Delayed 1 second(s)

2018-05-17 13:35:58 - [TEST_STEP][PASSED] - Statement - StockQty = com.kms.katalon.core.webui.keyword.WebUiBuiltInKeywords.getAttribute(com.kms.katalon.core.testobject.ObjectRepository.findTestObject(PharmacyRequest/Page_Store/input_txtprice), "value"): Attribute 'value' of object 'Object Repository/PharmacyRequest/Page_Store/input_txtprice' is: '130'

2018-05-17 13:35:58 - [MESSAGE][PASSED] - Attribute 'value' of object 'Object Repository/PharmacyRequest/Page_Store/input_txtprice' is: '130'

2018-05-17 13:35:58 - [TEST_STEP][PASSED] - Statement - out.println("Stock QTY : " + StockQty): null

2018-05-17 13:35:58 - [TEST_STEP][PASSED] - delay: Delayed 1 second(s)

2018-05-17 13:35:59 - [MESSAGE][PASSED] - Delayed 1 second(s)

2018-05-17 13:35:59 - [TEST_STEP][PASSED] - Statement - If (java.lang.Integer.valueOf(StockQty) >= java.lang.Integer.valueOf(RequestedQty)): null

2018-05-17 13:35:59 - [TEST_STEP][PASSED] - setText: Text '10' is set on object 'Object Repository/PharmacyRequest/Page_Store/input_txtqty'

2018-05-17 13:35:59 - [MESSAGE][PASSED] - Text '10' is set on object 'Object Repository/PharmacyRequest/Page_Store/input_txtqty'

2018-05-17 13:35:59 - [TEST_STEP][PASSED] - click: Object: 'Object Repository/PharmacyRequest/Page_Store/button_Add' is clicked on

2018-05-17 13:35:59 - [MESSAGE][PASSED] - Object: 'Object Repository/PharmacyRequest/Page_Store/button_Add' is clicked on

2018-05-17 13:35:59 - [TEST_STEP][PASSED] - Statement - Break: null

2018-05-17 13:35:59 - [TEST_STEP][PASSED] - selectOptionByIndex: All options with index in [8] are selected on object 'Object Repository/PharmacyRequest/Page_Store/select_--Select--Amlodepin -5'

2018-05-17 13:35:59 - [MESSAGE][PASSED] - All options with index in [8] are selected on object 'Object Repository/PharmacyRequest/Page_Store/select_--Select--Amlodepin -5'

2018-05-17 13:35:59 - [TEST_STEP][PASSED] - delay: Delayed 1 second(s)

2018-05-17 13:36:00 - [MESSAGE][PASSED] - Delayed 1 second(s)

2018-05-17 13:36:00 - [TEST_STEP][PASSED] - Statement - RequestedQty = com.kms.katalon.core.webui.keyword.WebUiBuiltInKeywords.getAttribute(com.kms.katalon.core.testobject.ObjectRepository.findTestObject(PharmacyRequest/Page_Store/input_txttotal), "value"): Attribute 'value' of object 'Object Repository/PharmacyRequest/Page_Store/input_txttotal' is: '10'

2018-05-17 13:36:00 - [MESSAGE][PASSED] - Attribute 'value' of object 'Object Repository/PharmacyRequest/Page_Store/input_txttotal' is: '10'

2018-05-17 13:36:00 - [TEST_STEP][PASSED] - Statement - out.println("Requested QTY : " + RequestedQty): null

2018-05-17 13:36:00 - [TEST_STEP][PASSED] - Statement - BatchNumber = com.kms.katalon.core.webui.keyword.WebUiBuiltInKeywords.getNumberOfTotalOption(com.kms.katalon.core.testobject.ObjectRepository.findTestObject(PharmacyRequest/Page_Store/select_--Select--BA50)): 3 options of object 'Object Repository/PharmacyRequest/Page_Store/select_--Select--BA50' counted

2018-05-17 13:36:00 - [MESSAGE][PASSED] - 3 options of object 'Object Repository/PharmacyRequest/Page_Store/select_--Select--BA50' counted

2018-05-17 13:36:00 - [TEST_STEP][PASSED] - Statement - For ([g = 1, g <= BatchNumber - 1, (g++)]): null

2018-05-17 13:36:00 - [TEST_STEP][PASSED] - selectOptionByIndex: All options with index in [1] are selected on object 'Object Repository/PharmacyRequest/Page_Store/select_--Select--BA50'

2018-05-17 13:36:00 - [MESSAGE][PASSED] - All options with index in [1] are selected on object 'Object Repository/PharmacyRequest/Page_Store/select_--Select--BA50'

2018-05-17 13:36:00 - [TEST_STEP][PASSED] - delay: Delayed 1 second(s)

2018-05-17 13:36:01 - [MESSAGE][PASSED] - Delayed 1 second(s)

2018-05-17 13:36:01 - [TEST_STEP][PASSED] - Statement - StockQty = com.kms.katalon.core.webui.keyword.WebUiBuiltInKeywords.getAttribute(com.kms.katalon.core.testobject.ObjectRepository.findTestObject(PharmacyRequest/Page_Store/input_txtprice), "value"): Attribute 'value' of object 'Object Repository/PharmacyRequest/Page_Store/input_txtprice' is: '90'

2018-05-17 13:36:01 - [MESSAGE][PASSED] - Attribute 'value' of object 'Object Repository/PharmacyRequest/Page_Store/input_txtprice' is: '90'

2018-05-17 13:36:01 - [TEST_STEP][PASSED] - Statement - out.println("Stock QTY : " + StockQty): null

2018-05-17 13:36:01 - [TEST_STEP][PASSED] - delay: Delayed 1 second(s)

2018-05-17 13:36:02 - [MESSAGE][PASSED] - Delayed 1 second(s)

2018-05-17 13:36:02 - [TEST_STEP][PASSED] - Statement - If (java.lang.Integer.valueOf(StockQty) >= java.lang.Integer.valueOf(RequestedQty)): null

2018-05-17 13:36:02 - [TEST_STEP][PASSED] - setText: Text '10' is set on object 'Object Repository/PharmacyRequest/Page_Store/input_txtqty'

2018-05-17 13:36:02 - [MESSAGE][PASSED] - Text '10' is set on object 'Object Repository/PharmacyRequest/Page_Store/input_txtqty'

2018-05-17 13:36:02 - [TEST_STEP][PASSED] - click: Object: 'Object Repository/PharmacyRequest/Page_Store/button_Add' is clicked on

2018-05-17 13:36:02 - [MESSAGE][PASSED] - Object: 'Object Repository/PharmacyRequest/Page_Store/button_Add' is clicked on

2018-05-17 13:36:02 - [TEST_STEP][PASSED] - Statement - Break: null

2018-05-17 13:36:02 - [TEST_STEP][PASSED] - selectOptionByIndex: All options with index in [9] are selected on object 'Object Repository/PharmacyRequest/Page_Store/select_--Select--Amlodepin -5'

2018-05-17 13:36:02 - [MESSAGE][PASSED] - All options with index in [9] are selected on object 'Object Repository/PharmacyRequest/Page_Store/select_--Select--Amlodepin -5'

2018-05-17 13:36:02 - [TEST_STEP][PASSED] - delay: Delayed 1 second(s)

2018-05-17 13:36:03 - [MESSAGE][PASSED] - Delayed 1 second(s)

2018-05-17 13:36:03 - [TEST_STEP][PASSED] - Statement - RequestedQty = com.kms.katalon.core.webui.keyword.WebUiBuiltInKeywords.getAttribute(com.kms.katalon.core.testobject.ObjectRepository.findTestObject(PharmacyRequest/Page_Store/input_txttotal), "value"): Attribute 'value' of object 'Object Repository/PharmacyRequest/Page_Store/input_txttotal' is: '10'

2018-05-17 13:36:03 - [MESSAGE][PASSED] - Attribute 'value' of object 'Object Repository/PharmacyRequest/Page_Store/input_txttotal' is: '10'

2018-05-17 13:36:03 - [TEST_STEP][PASSED] - Statement - out.println("Requested QTY : " + RequestedQty): null

2018-05-17 13:36:03 - [TEST_STEP][PASSED] - Statement - BatchNumber = com.kms.katalon.core.webui.keyword.WebUiBuiltInKeywords.getNumberOfTotalOption(com.kms.katalon.core.testobject.ObjectRepository.findTestObject(PharmacyRequest/Page_Store/select_--Select--BA50)): 3 options of object 'Object Repository/PharmacyRequest/Page_Store/select_--Select--BA50' counted

2018-05-17 13:36:04 - [MESSAGE][PASSED] - 3 options of object 'Object Repository/PharmacyRequest/Page_Store/select_--Select--BA50' counted

2018-05-17 13:36:04 - [TEST_STEP][PASSED] - Statement - For ([g = 1, g <= BatchNumber - 1, (g++)]): null

2018-05-17 13:36:04 - [TEST_STEP][PASSED] - selectOptionByIndex: All options with index in [1] are selected on object 'Object Repository/PharmacyRequest/Page_Store/select_--Select--BA50'

2018-05-17 13:36:04 - [MESSAGE][PASSED] - All options with index in [1] are selected on object 'Object Repository/PharmacyRequest/Page_Store/select_--Select--BA50'

2018-05-17 13:36:04 - [TEST_STEP][PASSED] - delay: Delayed 1 second(s)

2018-05-17 13:36:05 - [MESSAGE][PASSED] - Delayed 1 second(s)

2018-05-17 13:36:05 - [TEST_STEP][PASSED] - Statement - StockQty = com.kms.katalon.core.webui.keyword.WebUiBuiltInKeywords.getAttribute(com.kms.katalon.core.testobject.ObjectRepository.findTestObject(PharmacyRequest/Page_Store/input_txtprice), "value"): Attribute 'value' of object 'Object Repository/PharmacyRequest/Page_Store/input_txtprice' is: '90'

2018-05-17 13:36:05 - [MESSAGE][PASSED] - Attribute 'value' of object 'Object Repository/PharmacyRequest/Page_Store/input_txtprice' is: '90'

2018-05-17 13:36:05 - [TEST_STEP][PASSED] - Statement - out.println("Stock QTY : " + StockQty): null

2018-05-17 13:36:05 - [TEST_STEP][PASSED] - delay: Delayed 1 second(s)

2018-05-17 13:36:06 - [MESSAGE][PASSED] - Delayed 1 second(s)

2018-05-17 13:36:06 - [TEST_STEP][PASSED] - Statement - If (java.lang.Integer.valueOf(StockQty) >= java.lang.Integer.valueOf(RequestedQty)): null

2018-05-17 13:36:06 - [TEST_STEP][PASSED] - setText: Text '10' is set on object 'Object Repository/PharmacyRequest/Page_Store/input_txtqty'

2018-05-17 13:36:06 - [MESSAGE][PASSED] - Text '10' is set on object 'Object Repository/PharmacyRequest/Page_Store/input_txtqty'

2018-05-17 13:36:06 - [TEST_STEP][PASSED] - click: Object: 'Object Repository/PharmacyRequest/Page_Store/button_Add' is clicked on

2018-05-17 13:36:06 - [MESSAGE][PASSED] - Object: 'Object Repository/PharmacyRequest/Page_Store/button_Add' is clicked on

2018-05-17 13:36:06 - [TEST_STEP][PASSED] - Statement - Break: null

2018-05-17 13:36:06 - [TEST_STEP][PASSED] - selectOptionByIndex: All options with index in [10] are selected on object 'Object Repository/PharmacyRequest/Page_Store/select_--Select--Amlodepin -5'

2018-05-17 13:36:06 - [MESSAGE][PASSED] - All options with index in [10] are selected on object 'Object Repository/PharmacyRequest/Page_Store/select_--Select--Amlodepin -5'

2018-05-17 13:36:06 - [TEST_STEP][PASSED] - delay: Delayed 1 second(s)

2018-05-17 13:36:07 - [MESSAGE][PASSED] - Delayed 1 second(s)

2018-05-17 13:36:07 - [TEST_STEP][PASSED] - Statement - RequestedQty = com.kms.katalon.core.webui.keyword.WebUiBuiltInKeywords.getAttribute(com.kms.katalon.core.testobject.ObjectRepository.findTestObject(PharmacyRequest/Page_Store/input_txttotal), "value"): Attribute 'value' of object 'Object Repository/PharmacyRequest/Page_Store/input_txttotal' is: '10'

2018-05-17 13:36:07 - [MESSAGE][PASSED] - Attribute 'value' of object 'Object Repository/PharmacyRequest/Page_Store/input_txttotal' is: '10'

2018-05-17 13:36:07 - [TEST_STEP][PASSED] - Statement - out.println("Requested QTY : " + RequestedQty): null

2018-05-17 13:36:07 - [TEST_STEP][PASSED] - Statement - BatchNumber = com.kms.katalon.core.webui.keyword.WebUiBuiltInKeywords.getNumberOfTotalOption(com.kms.katalon.core.testobject.ObjectRepository.findTestObject(PharmacyRequest/Page_Store/select_--Select--BA50)): 3 options of object 'Object Repository/PharmacyRequest/Page_Store/select_--Select--BA50' counted

2018-05-17 13:36:07 - [MESSAGE][PASSED] - 3 options of object 'Object Repository/PharmacyRequest/Page_Store/select_--Select--BA50' counted

2018-05-17 13:36:07 - [TEST_STEP][PASSED] - Statement - For ([g = 1, g <= BatchNumber - 1, (g++)]): null

2018-05-17 13:36:07 - [TEST_STEP][PASSED] - selectOptionByIndex: All options with index in [1] are selected on object 'Object Repository/PharmacyRequest/Page_Store/select_--Select--BA50'

2018-05-17 13:36:07 - [MESSAGE][PASSED] - All options with index in [1] are selected on object 'Object Repository/PharmacyRequest/Page_Store/select_--Select--BA50'

2018-05-17 13:36:07 - [TEST_STEP][PASSED] - delay: Delayed 1 second(s)

2018-05-17 13:36:08 - [MESSAGE][PASSED] - Delayed 1 second(s)

2018-05-17 13:36:08 - [TEST_STEP][PASSED] - Statement - StockQty = com.kms.katalon.core.webui.keyword.WebUiBuiltInKeywords.getAttribute(com.kms.katalon.core.testobject.ObjectRepository.findTestObject(PharmacyRequest/Page_Store/input_txtprice), "value"): Attribute 'value' of object 'Object Repository/PharmacyRequest/Page_Store/input_txtprice' is: '90'

2018-05-17 13:36:08 - [MESSAGE][PASSED] - Attribute 'value' of object 'Object Repository/PharmacyRequest/Page_Store/input_txtprice' is: '90'

2018-05-17 13:36:08 - [TEST_STEP][PASSED] - Statement - out.println("Stock QTY : " + StockQty): null

2018-05-17 13:36:08 - [TEST_STEP][PASSED] - delay: Delayed 1 second(s)

2018-05-17 13:36:09 - [MESSAGE][PASSED] - Delayed 1 second(s)

2018-05-17 13:36:09 - [TEST_STEP][PASSED] - Statement - If (java.lang.Integer.valueOf(StockQty) >= java.lang.Integer.valueOf(RequestedQty)): null

2018-05-17 13:36:09 - [TEST_STEP][PASSED] - setText: Text '10' is set on object 'Object Repository/PharmacyRequest/Page_Store/input_txtqty'

2018-05-17 13:36:09 - [MESSAGE][PASSED] - Text '10' is set on object 'Object Repository/PharmacyRequest/Page_Store/input_txtqty'

2018-05-17 13:36:09 - [TEST_STEP][PASSED] - click: Object: 'Object Repository/PharmacyRequest/Page_Store/button_Add' is clicked on

2018-05-17 13:36:09 - [MESSAGE][PASSED] - Object: 'Object Repository/PharmacyRequest/Page_Store/button_Add' is clicked on

2018-05-17 13:36:09 - [TEST_STEP][PASSED] - Statement - Break: null

2018-05-17 13:36:09 - [TEST_STEP][PASSED] - selectOptionByIndex: All options with index in [11] are selected on object 'Object Repository/PharmacyRequest/Page_Store/select_--Select--Amlodepin -5'

2018-05-17 13:36:10 - [MESSAGE][PASSED] - All options with index in [11] are selected on object 'Object Repository/PharmacyRequest/Page_Store/select_--Select--Amlodepin -5'

2018-05-17 13:36:10 - [TEST_STEP][PASSED] - delay: Delayed 1 second(s)

2018-05-17 13:36:11 - [MESSAGE][PASSED] - Delayed 1 second(s)

2018-05-17 13:36:11 - [TEST_STEP][PASSED] - Statement - RequestedQty = com.kms.katalon.core.webui.keyword.WebUiBuiltInKeywords.getAttribute(com.kms.katalon.core.testobject.ObjectRepository.findTestObject(PharmacyRequest/Page_Store/input_txttotal), "value"): Attribute 'value' of object 'Object Repository/PharmacyRequest/Page_Store/input_txttotal' is: '10'

2018-05-17 13:36:11 - [MESSAGE][PASSED] - Attribute 'value' of object 'Object Repository/PharmacyRequest/Page_Store/input_txttotal' is: '10'

2018-05-17 13:36:11 - [TEST_STEP][PASSED] - Statement - out.println("Requested QTY : " + RequestedQty): null

2018-05-17 13:36:11 - [TEST_STEP][PASSED] - Statement - BatchNumber = com.kms.katalon.core.webui.keyword.WebUiBuiltInKeywords.getNumberOfTotalOption(com.kms.katalon.core.testobject.ObjectRepository.findTestObject(PharmacyRequest/Page_Store/select_--Select--BA50)): 2 options of object 'Object Repository/PharmacyRequest/Page_Store/select_--Select--BA50' counted

2018-05-17 13:36:11 - [MESSAGE][PASSED] - 2 options of object 'Object Repository/PharmacyRequest/Page_Store/select_--Select--BA50' counted

2018-05-17 13:36:11 - [TEST_STEP][PASSED] - Statement - For ([g = 1, g <= BatchNumber - 1, (g++)]): null

2018-05-17 13:36:11 - [TEST_STEP][PASSED] - selectOptionByIndex: All options with index in [1] are selected on object 'Object Repository/PharmacyRequest/Page_Store/select_--Select--BA50'

2018-05-17 13:36:11 - [MESSAGE][PASSED] - All options with index in [1] are selected on object 'Object Repository/PharmacyRequest/Page_Store/select_--Select--BA50'

2018-05-17 13:36:11 - [TEST_STEP][PASSED] - delay: Delayed 1 second(s)

2018-05-17 13:36:12 - [MESSAGE][PASSED] - Delayed 1 second(s)

2018-05-17 13:36:12 - [TEST_STEP][PASSED] - Statement - StockQty = com.kms.katalon.core.webui.keyword.WebUiBuiltInKeywords.getAttribute(com.kms.katalon.core.testobject.ObjectRepository.findTestObject(PharmacyRequest/Page_Store/input_txtprice), "value"): Attribute 'value' of object 'Object Repository/PharmacyRequest/Page_Store/input_txtprice' is: '130'

2018-05-17 13:36:12 - [MESSAGE][PASSED] - Attribute 'value' of object 'Object Repository/PharmacyRequest/Page_Store/input_txtprice' is: '130'

2018-05-17 13:36:12 - [TEST_STEP][PASSED] - Statement - out.println("Stock QTY : " + StockQty): null

2018-05-17 13:36:12 - [TEST_STEP][PASSED] - delay: Delayed 1 second(s)

2018-05-17 13:36:13 - [MESSAGE][PASSED] - Delayed 1 second(s)

2018-05-17 13:36:13 - [TEST_STEP][PASSED] - Statement - If (java.lang.Integer.valueOf(StockQty) >= java.lang.Integer.valueOf(RequestedQty)): null

2018-05-17 13:36:13 - [TEST_STEP][PASSED] - setText: Text '10' is set on object 'Object Repository/PharmacyRequest/Page_Store/input_txtqty'

2018-05-17 13:36:13 - [MESSAGE][PASSED] - Text '10' is set on object 'Object Repository/PharmacyRequest/Page_Store/input_txtqty'

2018-05-17 13:36:13 - [TEST_STEP][PASSED] - click: Object: 'Object Repository/PharmacyRequest/Page_Store/button_Add' is clicked on

2018-05-17 13:36:13 - [MESSAGE][PASSED] - Object: 'Object Repository/PharmacyRequest/Page_Store/button_Add' is clicked on

2018-05-17 13:36:13 - [TEST_STEP][PASSED] - Statement - Break: null

2018-05-17 13:36:13 - [TEST_STEP][PASSED] - selectOptionByIndex: All options with index in [12] are selected on object 'Object Repository/PharmacyRequest/Page_Store/select_--Select--Amlodepin -5'

2018-05-17 13:36:13 - [MESSAGE][PASSED] - All options with index in [12] are selected on object 'Object Repository/PharmacyRequest/Page_Store/select_--Select--Amlodepin -5'

2018-05-17 13:36:13 - [TEST_STEP][PASSED] - delay: Delayed 1 second(s)

2018-05-17 13:36:14 - [MESSAGE][PASSED] - Delayed 1 second(s)

2018-05-17 13:36:14 - [TEST_STEP][PASSED] - Statement - RequestedQty = com.kms.katalon.core.webui.keyword.WebUiBuiltInKeywords.getAttribute(com.kms.katalon.core.testobject.ObjectRepository.findTestObject(PharmacyRequest/Page_Store/input_txttotal), "value"): Attribute 'value' of object 'Object Repository/PharmacyRequest/Page_Store/input_txttotal' is: '10'

2018-05-17 13:36:14 - [MESSAGE][PASSED] - Attribute 'value' of object 'Object Repository/PharmacyRequest/Page_Store/input_txttotal' is: '10'

2018-05-17 13:36:14 - [TEST_STEP][PASSED] - Statement - out.println("Requested QTY : " + RequestedQty): null

2018-05-17 13:36:14 - [TEST_STEP][PASSED] - Statement - BatchNumber = com.kms.katalon.core.webui.keyword.WebUiBuiltInKeywords.getNumberOfTotalOption(com.kms.katalon.core.testobject.ObjectRepository.findTestObject(PharmacyRequest/Page_Store/select_--Select--BA50)): 3 options of object 'Object Repository/PharmacyRequest/Page_Store/select_--Select--BA50' counted

2018-05-17 13:36:14 - [MESSAGE][PASSED] - 3 options of object 'Object Repository/PharmacyRequest/Page_Store/select_--Select--BA50' counted

2018-05-17 13:36:14 - [TEST_STEP][PASSED] - Statement - For ([g = 1, g <= BatchNumber - 1, (g++)]): null

2018-05-17 13:36:14 - [TEST_STEP][PASSED] - selectOptionByIndex: All options with index in [1] are selected on object 'Object Repository/PharmacyRequest/Page_Store/select_--Select--BA50'

2018-05-17 13:36:14 - [MESSAGE][PASSED] - All options with index in [1] are selected on object 'Object Repository/PharmacyRequest/Page_Store/select_--Select--BA50'

2018-05-17 13:36:14 - [TEST_STEP][PASSED] - delay: Delayed 1 second(s)

2018-05-17 13:36:15 - [MESSAGE][PASSED] - Delayed 1 second(s)

2018-05-17 13:36:15 - [TEST_STEP][PASSED] - Statement - StockQty = com.kms.katalon.core.webui.keyword.WebUiBuiltInKeywords.getAttribute(com.kms.katalon.core.testobject.ObjectRepository.findTestObject(PharmacyRequest/Page_Store/input_txtprice), "value"): Attribute 'value' of object 'Object Repository/PharmacyRequest/Page_Store/input_txtprice' is: '90'

2018-05-17 13:36:15 - [MESSAGE][PASSED] - Attribute 'value' of object 'Object Repository/PharmacyRequest/Page_Store/input_txtprice' is: '90'

2018-05-17 13:36:15 - [TEST_STEP][PASSED] - Statement - out.println("Stock QTY : " + StockQty): null

2018-05-17 13:36:15 - [TEST_STEP][PASSED] - delay: Delayed 1 second(s)

2018-05-17 13:36:16 - [MESSAGE][PASSED] - Delayed 1 second(s)

2018-05-17 13:36:16 - [TEST_STEP][PASSED] - Statement - If (java.lang.Integer.valueOf(StockQty) >= java.lang.Integer.valueOf(RequestedQty)): null

2018-05-17 13:36:16 - [TEST_STEP][PASSED] - setText: Text '10' is set on object 'Object Repository/PharmacyRequest/Page_Store/input_txtqty'

2018-05-17 13:36:17 - [MESSAGE][PASSED] - Text '10' is set on object 'Object Repository/PharmacyRequest/Page_Store/input_txtqty'

2018-05-17 13:36:17 - [TEST_STEP][PASSED] - click: Object: 'Object Repository/PharmacyRequest/Page_Store/button_Add' is clicked on

2018-05-17 13:36:17 - [MESSAGE][PASSED] - Object: 'Object Repository/PharmacyRequest/Page_Store/button_Add' is clicked on

2018-05-17 13:36:17 - [TEST_STEP][PASSED] - Statement - Break: null

2018-05-17 13:36:17 - [TEST_STEP][PASSED] - selectOptionByIndex: All options with index in [13] are selected on object 'Object Repository/PharmacyRequest/Page_Store/select_--Select--Amlodepin -5'

2018-05-17 13:36:17 - [MESSAGE][PASSED] - All options with index in [13] are selected on object 'Object Repository/PharmacyRequest/Page_Store/select_--Select--Amlodepin -5'

2018-05-17 13:36:17 - [TEST_STEP][PASSED] - delay: Delayed 1 second(s)

2018-05-17 13:36:18 - [MESSAGE][PASSED] - Delayed 1 second(s)

2018-05-17 13:36:18 - [TEST_STEP][PASSED] - Statement - RequestedQty = com.kms.katalon.core.webui.keyword.WebUiBuiltInKeywords.getAttribute(com.kms.katalon.core.testobject.ObjectRepository.findTestObject(PharmacyRequest/Page_Store/input_txttotal), "value"): Attribute 'value' of object 'Object Repository/PharmacyRequest/Page_Store/input_txttotal' is: '10'

2018-05-17 13:36:18 - [MESSAGE][PASSED] - Attribute 'value' of object 'Object Repository/PharmacyRequest/Page_Store/input_txttotal' is: '10'

2018-05-17 13:36:18 - [TEST_STEP][PASSED] - Statement - out.println("Requested QTY : " + RequestedQty): null

2018-05-17 13:36:18 - [TEST_STEP][PASSED] - Statement - BatchNumber = com.kms.katalon.core.webui.keyword.WebUiBuiltInKeywords.getNumberOfTotalOption(com.kms.katalon.core.testobject.ObjectRepository.findTestObject(PharmacyRequest/Page_Store/select_--Select--BA50)): 3 options of object 'Object Repository/PharmacyRequest/Page_Store/select_--Select--BA50' counted

2018-05-17 13:36:18 - [MESSAGE][PASSED] - 3 options of object 'Object Repository/PharmacyRequest/Page_Store/select_--Select--BA50' counted

2018-05-17 13:36:18 - [TEST_STEP][PASSED] - Statement - For ([g = 1, g <= BatchNumber - 1, (g++)]): null

2018-05-17 13:36:18 - [TEST_STEP][PASSED] - selectOptionByIndex: All options with index in [1] are selected on object 'Object Repository/PharmacyRequest/Page_Store/select_--Select--BA50'

2018-05-17 13:36:18 - [MESSAGE][PASSED] - All options with index in [1] are selected on object 'Object Repository/PharmacyRequest/Page_Store/select_--Select--BA50'

2018-05-17 13:36:18 - [TEST_STEP][PASSED] - delay: Delayed 1 second(s)

2018-05-17 13:36:19 - [MESSAGE][PASSED] - Delayed 1 second(s)

2018-05-17 13:36:19 - [TEST_STEP][PASSED] - Statement - StockQty = com.kms.katalon.core.webui.keyword.WebUiBuiltInKeywords.getAttribute(com.kms.katalon.core.testobject.ObjectRepository.findTestObject(PharmacyRequest/Page_Store/input_txtprice), "value"): Attribute 'value' of object 'Object Repository/PharmacyRequest/Page_Store/input_txtprice' is: '90'

2018-05-17 13:36:19 - [MESSAGE][PASSED] - Attribute 'value' of object 'Object Repository/PharmacyRequest/Page_Store/input_txtprice' is: '90'

2018-05-17 13:36:19 - [TEST_STEP][PASSED] - Statement - out.println("Stock QTY : " + StockQty): null

2018-05-17 13:36:19 - [TEST_STEP][PASSED] - delay: Delayed 1 second(s)

2018-05-17 13:36:20 - [MESSAGE][PASSED] - Delayed 1 second(s)

2018-05-17 13:36:20 - [TEST_STEP][PASSED] - Statement - If (java.lang.Integer.valueOf(StockQty) >= java.lang.Integer.valueOf(RequestedQty)): null

2018-05-17 13:36:20 - [TEST_STEP][PASSED] - setText: Text '10' is set on object 'Object Repository/PharmacyRequest/Page_Store/input_txtqty'

2018-05-17 13:36:20 - [MESSAGE][PASSED] - Text '10' is set on object 'Object Repository/PharmacyRequest/Page_Store/input_txtqty'

2018-05-17 13:36:20 - [TEST_STEP][PASSED] - click: Object: 'Object Repository/PharmacyRequest/Page_Store/button_Add' is clicked on

2018-05-17 13:36:20 - [MESSAGE][PASSED] - Object: 'Object Repository/PharmacyRequest/Page_Store/button_Add' is clicked on

2018-05-17 13:36:20 - [TEST_STEP][PASSED] - Statement - Break: null

2018-05-17 13:36:20 - [TEST_STEP][PASSED] - scrollToElement: Scroll to object 'Object Repository/PharmacyRequest/Page_Store/input_btnSubmit' successfully

2018-05-17 13:36:20 - [MESSAGE][PASSED] - Scroll to object 'Object Repository/PharmacyRequest/Page_Store/input_btnSubmit' successfully

2018-05-17 13:36:20 - [TEST_STEP][PASSED] - click: Object: 'Object Repository/PharmacyRequest/Page_Store/input_btnSubmit' is clicked on

2018-05-17 13:36:20 - [MESSAGE][PASSED] - Object: 'Object Repository/PharmacyRequest/Page_Store/input_btnSubmit' is clicked on

2018-05-17 13:36:20 - [TEST_STEP][PASSED] - delay: Delayed 3 second(s)

2018-05-17 13:36:23 - [MESSAGE][PASSED] - Delayed 3 second(s)

2018-05-17 13:36:23 - [TEST_STEP][PASSED] - click: Object: 'Object Repository/PharmacyRequest/Page_Store/button_OK' is clicked on

2018-05-17 13:36:24 - [MESSAGE][PASSED] - Object: 'Object Repository/PharmacyRequest/Page_Store/button_OK' is clicked on

2018-05-17 13:36:24 - [TEST_STEP][PASSED] - delay: Delayed 3 second(s)

2018-05-17 13:36:27 - [MESSAGE][PASSED] - Delayed 3 second(s)

2018-05-17 13:36:27 - [TEST_STEP][PASSED] - click: Object: 'Object Repository/PharmacyRequest/Page_Store/a_dropdown-toggle' is clicked on

2018-05-17 13:36:27 - [MESSAGE][PASSED] - Object: 'Object Repository/PharmacyRequest/Page_Store/a_dropdown-toggle' is clicked on

2018-05-17 13:36:27 - [TEST_STEP][PASSED] - click: Object: 'Object Repository/PharmacyRequest/Page_Store/a_Sign out' is clicked on

2018-05-17 13:36:27 - [MESSAGE][PASSED] - Object: 'Object Repository/PharmacyRequest/Page_Store/a_Sign out' is clicked on

2018-05-17 13:36:27 - [TEST_STEP][PASSED] - closeBrowser: Browser is closed

2018-05-17 13:36:28 - [MESSAGE][PASSED] - Browser is closed

2018-05-17 13:36:28 - [TEST_STEP][PASSED] - Statement - out.println("Schedule 6 Pharmacy Request Are Working Successfully"): null]]></system-out>
         <system-err><![CDATA[]]></system-err>
      </testcase>
      <testcase name="Test Cases/PHARMACY TEST CASES/TC_PHAR_007 Verify Schedule 7 Pharmacy Request Are Working Successfully Or Not" classname="Test Cases/PHARMACY TEST CASES/TC_PHAR_007 Verify Schedule 7 Pharmacy Request Are Working Successfully Or Not" status="PASSED">
         <system-out><![CDATA[2018-05-17 13:36:28 - [TEST_CASE][PASSED] - Test Cases/PHARMACY TEST CASES/TC_PHAR_007 Verify Schedule 7 Pharmacy Request Are Working Successfully Or Not: Test Cases/PHARMACY TEST CASES/TC_PHAR_007 Verify Schedule 7 Pharmacy Request Are Working Successfully Or Not

2018-05-17 13:36:28 - [TEST_STEP][PASSED] - openBrowser: Browser is opened with url: ''

2018-05-17 13:36:30 - [MESSAGE][PASSED] - Browser is opened with url: ''

2018-05-17 13:36:30 - [TEST_STEP][PASSED] - Statement - out.println("Verify Schedule 7 Pharmacy Request Are Working Successfully Or Not"): null

2018-05-17 13:36:30 - [TEST_STEP][PASSED] - navigateToUrl: Navigate to 'http://192.168.137.1/multihospital_new/' successfully

2018-05-17 13:36:32 - [MESSAGE][PASSED] - Navigate to 'http://192.168.137.1/multihospital_new/' successfully

2018-05-17 13:36:32 - [TEST_STEP][PASSED] - maximizeWindow: Current window maximized

2018-05-17 13:36:33 - [MESSAGE][PASSED] - Current window maximized

2018-05-17 13:36:33 - [TEST_STEP][PASSED] - click: Object: 'Object Repository/PharmacyRequest/Page_KDMC/a_Pharmacy' is clicked on

2018-05-17 13:36:34 - [MESSAGE][PASSED] - Object: 'Object Repository/PharmacyRequest/Page_KDMC/a_Pharmacy' is clicked on

2018-05-17 13:36:34 - [TEST_STEP][PASSED] - setText: Text 'raja' is set on object 'Object Repository/PharmacyRequest/Page_Pharmacy login/input_txtusername'

2018-05-17 13:36:34 - [MESSAGE][PASSED] - Text 'raja' is set on object 'Object Repository/PharmacyRequest/Page_Pharmacy login/input_txtusername'

2018-05-17 13:36:34 - [TEST_STEP][PASSED] - setText: Text '123' is set on object 'Object Repository/PharmacyRequest/Page_Pharmacy login/input_txtpassword'

2018-05-17 13:36:34 - [MESSAGE][PASSED] - Text '123' is set on object 'Object Repository/PharmacyRequest/Page_Pharmacy login/input_txtpassword'

2018-05-17 13:36:34 - [TEST_STEP][PASSED] - delay: Delayed 3 second(s)

2018-05-17 13:36:37 - [MESSAGE][PASSED] - Delayed 3 second(s)

2018-05-17 13:36:37 - [TEST_STEP][PASSED] - click: Object: 'Object Repository/PharmacyRequest/Page_Pharmacy login/button_Sign in' is clicked on

2018-05-17 13:36:38 - [MESSAGE][PASSED] - Object: 'Object Repository/PharmacyRequest/Page_Pharmacy login/button_Sign in' is clicked on

2018-05-17 13:36:38 - [TEST_STEP][PASSED] - delay: Delayed 3 second(s)

2018-05-17 13:36:41 - [MESSAGE][PASSED] - Delayed 3 second(s)

2018-05-17 13:36:41 - [TEST_STEP][PASSED] - click: Object: 'Object Repository/PharmacyRequest/Page_KDMC - Pharmacy/a_Inventory' is clicked on

2018-05-17 13:36:42 - [MESSAGE][PASSED] - Object: 'Object Repository/PharmacyRequest/Page_KDMC - Pharmacy/a_Inventory' is clicked on

2018-05-17 13:36:42 - [TEST_STEP][PASSED] - delay: Delayed 3 second(s)

2018-05-17 13:36:45 - [MESSAGE][PASSED] - Delayed 3 second(s)

2018-05-17 13:36:45 - [TEST_STEP][PASSED] - click: Object: 'Object Repository/PharmacyRequest/Page_KDMC-Pharmacy/a_Store Request' is clicked on

2018-05-17 13:36:45 - [MESSAGE][PASSED] - Object: 'Object Repository/PharmacyRequest/Page_KDMC-Pharmacy/a_Store Request' is clicked on

2018-05-17 13:36:45 - [TEST_STEP][PASSED] - click: Object: 'Object Repository/PharmacyRequest/Page_KDMC-Pharmacy/a_Medicine Request' is clicked on

2018-05-17 13:36:46 - [MESSAGE][PASSED] - Object: 'Object Repository/PharmacyRequest/Page_KDMC-Pharmacy/a_Medicine Request' is clicked on

2018-05-17 13:36:46 - [TEST_STEP][PASSED] - selectOptionByIndex: All options with index in [7] are selected on object 'Object Repository/PharmacyRequest/Page_KDMC-Pharmacy/select_--Select--Schedule 1Inj'

2018-05-17 13:36:46 - [MESSAGE][PASSED] - All options with index in [7] are selected on object 'Object Repository/PharmacyRequest/Page_KDMC-Pharmacy/select_--Select--Schedule 1Inj'

2018-05-17 13:36:46 - [TEST_STEP][PASSED] - Statement - MedicineLength = com.kms.katalon.core.webui.keyword.WebUiBuiltInKeywords.getNumberOfTotalOption(com.kms.katalon.core.testobject.ObjectRepository.findTestObject(PharmacyRequest/Page_KDMC-Pharmacy/select_--Select--Albendazole)): 24 options of object 'Object Repository/PharmacyRequest/Page_KDMC-Pharmacy/select_--Select--Albendazole' counted

2018-05-17 13:36:46 - [MESSAGE][PASSED] - 24 options of object 'Object Repository/PharmacyRequest/Page_KDMC-Pharmacy/select_--Select--Albendazole' counted

2018-05-17 13:36:46 - [TEST_STEP][PASSED] - Statement - For ([l = 1, l <= MedicineLength - 1, (l++)]): Object: 'Object Repository/PharmacyRequest/Page_KDMC-Pharmacy/button_Add' is clicked on

2018-05-17 13:36:46 - [TEST_STEP][PASSED] - selectOptionByIndex: All options with index in [7] are selected on object 'Object Repository/PharmacyRequest/Page_KDMC-Pharmacy/select_--Select--Schedule 1Inj'

2018-05-17 13:36:46 - [MESSAGE][PASSED] - All options with index in [7] are selected on object 'Object Repository/PharmacyRequest/Page_KDMC-Pharmacy/select_--Select--Schedule 1Inj'

2018-05-17 13:36:46 - [TEST_STEP][PASSED] - selectOptionByIndex: All options with index in [1] are selected on object 'Object Repository/PharmacyRequest/Page_KDMC-Pharmacy/select_--Select--Albendazole'

2018-05-17 13:36:47 - [MESSAGE][PASSED] - All options with index in [1] are selected on object 'Object Repository/PharmacyRequest/Page_KDMC-Pharmacy/select_--Select--Albendazole'

2018-05-17 13:36:47 - [TEST_STEP][PASSED] - setText: Text '10' is set on object 'Object Repository/PharmacyRequest/Page_KDMC-Pharmacy/input_txttreat'

2018-05-17 13:36:47 - [MESSAGE][PASSED] - Text '10' is set on object 'Object Repository/PharmacyRequest/Page_KDMC-Pharmacy/input_txttreat'

2018-05-17 13:36:47 - [TEST_STEP][PASSED] - click: Object: 'Object Repository/PharmacyRequest/Page_KDMC-Pharmacy/button_Add' is clicked on

2018-05-17 13:36:47 - [MESSAGE][PASSED] - Object: 'Object Repository/PharmacyRequest/Page_KDMC-Pharmacy/button_Add' is clicked on

2018-05-17 13:36:47 - [TEST_STEP][PASSED] - selectOptionByIndex: All options with index in [7] are selected on object 'Object Repository/PharmacyRequest/Page_KDMC-Pharmacy/select_--Select--Schedule 1Inj'

2018-05-17 13:36:47 - [MESSAGE][PASSED] - All options with index in [7] are selected on object 'Object Repository/PharmacyRequest/Page_KDMC-Pharmacy/select_--Select--Schedule 1Inj'

2018-05-17 13:36:47 - [TEST_STEP][PASSED] - selectOptionByIndex: All options with index in [2] are selected on object 'Object Repository/PharmacyRequest/Page_KDMC-Pharmacy/select_--Select--Albendazole'

2018-05-17 13:36:47 - [MESSAGE][PASSED] - All options with index in [2] are selected on object 'Object Repository/PharmacyRequest/Page_KDMC-Pharmacy/select_--Select--Albendazole'

2018-05-17 13:36:47 - [TEST_STEP][PASSED] - setText: Text '10' is set on object 'Object Repository/PharmacyRequest/Page_KDMC-Pharmacy/input_txttreat'

2018-05-17 13:36:47 - [MESSAGE][PASSED] - Text '10' is set on object 'Object Repository/PharmacyRequest/Page_KDMC-Pharmacy/input_txttreat'

2018-05-17 13:36:47 - [TEST_STEP][PASSED] - click: Object: 'Object Repository/PharmacyRequest/Page_KDMC-Pharmacy/button_Add' is clicked on

2018-05-17 13:36:47 - [MESSAGE][PASSED] - Object: 'Object Repository/PharmacyRequest/Page_KDMC-Pharmacy/button_Add' is clicked on

2018-05-17 13:36:47 - [TEST_STEP][PASSED] - selectOptionByIndex: All options with index in [7] are selected on object 'Object Repository/PharmacyRequest/Page_KDMC-Pharmacy/select_--Select--Schedule 1Inj'

2018-05-17 13:36:47 - [MESSAGE][PASSED] - All options with index in [7] are selected on object 'Object Repository/PharmacyRequest/Page_KDMC-Pharmacy/select_--Select--Schedule 1Inj'

2018-05-17 13:36:47 - [TEST_STEP][PASSED] - selectOptionByIndex: All options with index in [3] are selected on object 'Object Repository/PharmacyRequest/Page_KDMC-Pharmacy/select_--Select--Albendazole'

2018-05-17 13:36:47 - [MESSAGE][PASSED] - All options with index in [3] are selected on object 'Object Repository/PharmacyRequest/Page_KDMC-Pharmacy/select_--Select--Albendazole'

2018-05-17 13:36:47 - [TEST_STEP][PASSED] - setText: Text '10' is set on object 'Object Repository/PharmacyRequest/Page_KDMC-Pharmacy/input_txttreat'

2018-05-17 13:36:48 - [MESSAGE][PASSED] - Text '10' is set on object 'Object Repository/PharmacyRequest/Page_KDMC-Pharmacy/input_txttreat'

2018-05-17 13:36:48 - [TEST_STEP][PASSED] - click: Object: 'Object Repository/PharmacyRequest/Page_KDMC-Pharmacy/button_Add' is clicked on

2018-05-17 13:36:48 - [MESSAGE][PASSED] - Object: 'Object Repository/PharmacyRequest/Page_KDMC-Pharmacy/button_Add' is clicked on

2018-05-17 13:36:48 - [TEST_STEP][PASSED] - selectOptionByIndex: All options with index in [7] are selected on object 'Object Repository/PharmacyRequest/Page_KDMC-Pharmacy/select_--Select--Schedule 1Inj'

2018-05-17 13:36:48 - [MESSAGE][PASSED] - All options with index in [7] are selected on object 'Object Repository/PharmacyRequest/Page_KDMC-Pharmacy/select_--Select--Schedule 1Inj'

2018-05-17 13:36:48 - [TEST_STEP][PASSED] - selectOptionByIndex: All options with index in [4] are selected on object 'Object Repository/PharmacyRequest/Page_KDMC-Pharmacy/select_--Select--Albendazole'

2018-05-17 13:36:48 - [MESSAGE][PASSED] - All options with index in [4] are selected on object 'Object Repository/PharmacyRequest/Page_KDMC-Pharmacy/select_--Select--Albendazole'

2018-05-17 13:36:48 - [TEST_STEP][PASSED] - setText: Text '10' is set on object 'Object Repository/PharmacyRequest/Page_KDMC-Pharmacy/input_txttreat'

2018-05-17 13:36:48 - [MESSAGE][PASSED] - Text '10' is set on object 'Object Repository/PharmacyRequest/Page_KDMC-Pharmacy/input_txttreat'

2018-05-17 13:36:48 - [TEST_STEP][PASSED] - click: Object: 'Object Repository/PharmacyRequest/Page_KDMC-Pharmacy/button_Add' is clicked on

2018-05-17 13:36:48 - [MESSAGE][PASSED] - Object: 'Object Repository/PharmacyRequest/Page_KDMC-Pharmacy/button_Add' is clicked on

2018-05-17 13:36:48 - [TEST_STEP][PASSED] - selectOptionByIndex: All options with index in [7] are selected on object 'Object Repository/PharmacyRequest/Page_KDMC-Pharmacy/select_--Select--Schedule 1Inj'

2018-05-17 13:36:48 - [MESSAGE][PASSED] - All options with index in [7] are selected on object 'Object Repository/PharmacyRequest/Page_KDMC-Pharmacy/select_--Select--Schedule 1Inj'

2018-05-17 13:36:48 - [TEST_STEP][PASSED] - selectOptionByIndex: All options with index in [5] are selected on object 'Object Repository/PharmacyRequest/Page_KDMC-Pharmacy/select_--Select--Albendazole'

2018-05-17 13:36:48 - [MESSAGE][PASSED] - All options with index in [5] are selected on object 'Object Repository/PharmacyRequest/Page_KDMC-Pharmacy/select_--Select--Albendazole'

2018-05-17 13:36:48 - [TEST_STEP][PASSED] - setText: Text '10' is set on object 'Object Repository/PharmacyRequest/Page_KDMC-Pharmacy/input_txttreat'

2018-05-17 13:36:48 - [MESSAGE][PASSED] - Text '10' is set on object 'Object Repository/PharmacyRequest/Page_KDMC-Pharmacy/input_txttreat'

2018-05-17 13:36:48 - [TEST_STEP][PASSED] - click: Object: 'Object Repository/PharmacyRequest/Page_KDMC-Pharmacy/button_Add' is clicked on

2018-05-17 13:36:48 - [MESSAGE][PASSED] - Object: 'Object Repository/PharmacyRequest/Page_KDMC-Pharmacy/button_Add' is clicked on

2018-05-17 13:36:48 - [TEST_STEP][PASSED] - selectOptionByIndex: All options with index in [7] are selected on object 'Object Repository/PharmacyRequest/Page_KDMC-Pharmacy/select_--Select--Schedule 1Inj'

2018-05-17 13:36:49 - [MESSAGE][PASSED] - All options with index in [7] are selected on object 'Object Repository/PharmacyRequest/Page_KDMC-Pharmacy/select_--Select--Schedule 1Inj'

2018-05-17 13:36:49 - [TEST_STEP][PASSED] - selectOptionByIndex: All options with index in [6] are selected on object 'Object Repository/PharmacyRequest/Page_KDMC-Pharmacy/select_--Select--Albendazole'

2018-05-17 13:36:49 - [MESSAGE][PASSED] - All options with index in [6] are selected on object 'Object Repository/PharmacyRequest/Page_KDMC-Pharmacy/select_--Select--Albendazole'

2018-05-17 13:36:49 - [TEST_STEP][PASSED] - setText: Text '10' is set on object 'Object Repository/PharmacyRequest/Page_KDMC-Pharmacy/input_txttreat'

2018-05-17 13:36:49 - [MESSAGE][PASSED] - Text '10' is set on object 'Object Repository/PharmacyRequest/Page_KDMC-Pharmacy/input_txttreat'

2018-05-17 13:36:49 - [TEST_STEP][PASSED] - click: Object: 'Object Repository/PharmacyRequest/Page_KDMC-Pharmacy/button_Add' is clicked on

2018-05-17 13:36:49 - [MESSAGE][PASSED] - Object: 'Object Repository/PharmacyRequest/Page_KDMC-Pharmacy/button_Add' is clicked on

2018-05-17 13:36:49 - [TEST_STEP][PASSED] - selectOptionByIndex: All options with index in [7] are selected on object 'Object Repository/PharmacyRequest/Page_KDMC-Pharmacy/select_--Select--Schedule 1Inj'

2018-05-17 13:36:49 - [MESSAGE][PASSED] - All options with index in [7] are selected on object 'Object Repository/PharmacyRequest/Page_KDMC-Pharmacy/select_--Select--Schedule 1Inj'

2018-05-17 13:36:49 - [TEST_STEP][PASSED] - selectOptionByIndex: All options with index in [7] are selected on object 'Object Repository/PharmacyRequest/Page_KDMC-Pharmacy/select_--Select--Albendazole'

2018-05-17 13:36:49 - [MESSAGE][PASSED] - All options with index in [7] are selected on object 'Object Repository/PharmacyRequest/Page_KDMC-Pharmacy/select_--Select--Albendazole'

2018-05-17 13:36:49 - [TEST_STEP][PASSED] - setText: Text '10' is set on object 'Object Repository/PharmacyRequest/Page_KDMC-Pharmacy/input_txttreat'

2018-05-17 13:36:49 - [MESSAGE][PASSED] - Text '10' is set on object 'Object Repository/PharmacyRequest/Page_KDMC-Pharmacy/input_txttreat'

2018-05-17 13:36:49 - [TEST_STEP][PASSED] - click: Object: 'Object Repository/PharmacyRequest/Page_KDMC-Pharmacy/button_Add' is clicked on

2018-05-17 13:36:49 - [MESSAGE][PASSED] - Object: 'Object Repository/PharmacyRequest/Page_KDMC-Pharmacy/button_Add' is clicked on

2018-05-17 13:36:49 - [TEST_STEP][PASSED] - selectOptionByIndex: All options with index in [7] are selected on object 'Object Repository/PharmacyRequest/Page_KDMC-Pharmacy/select_--Select--Schedule 1Inj'

2018-05-17 13:36:49 - [MESSAGE][PASSED] - All options with index in [7] are selected on object 'Object Repository/PharmacyRequest/Page_KDMC-Pharmacy/select_--Select--Schedule 1Inj'

2018-05-17 13:36:49 - [TEST_STEP][PASSED] - selectOptionByIndex: All options with index in [8] are selected on object 'Object Repository/PharmacyRequest/Page_KDMC-Pharmacy/select_--Select--Albendazole'

2018-05-17 13:36:50 - [MESSAGE][PASSED] - All options with index in [8] are selected on object 'Object Repository/PharmacyRequest/Page_KDMC-Pharmacy/select_--Select--Albendazole'

2018-05-17 13:36:50 - [TEST_STEP][PASSED] - setText: Text '10' is set on object 'Object Repository/PharmacyRequest/Page_KDMC-Pharmacy/input_txttreat'

2018-05-17 13:36:50 - [MESSAGE][PASSED] - Text '10' is set on object 'Object Repository/PharmacyRequest/Page_KDMC-Pharmacy/input_txttreat'

2018-05-17 13:36:50 - [TEST_STEP][PASSED] - click: Object: 'Object Repository/PharmacyRequest/Page_KDMC-Pharmacy/button_Add' is clicked on

2018-05-17 13:36:50 - [MESSAGE][PASSED] - Object: 'Object Repository/PharmacyRequest/Page_KDMC-Pharmacy/button_Add' is clicked on

2018-05-17 13:36:50 - [TEST_STEP][PASSED] - selectOptionByIndex: All options with index in [7] are selected on object 'Object Repository/PharmacyRequest/Page_KDMC-Pharmacy/select_--Select--Schedule 1Inj'

2018-05-17 13:36:50 - [MESSAGE][PASSED] - All options with index in [7] are selected on object 'Object Repository/PharmacyRequest/Page_KDMC-Pharmacy/select_--Select--Schedule 1Inj'

2018-05-17 13:36:50 - [TEST_STEP][PASSED] - selectOptionByIndex: All options with index in [9] are selected on object 'Object Repository/PharmacyRequest/Page_KDMC-Pharmacy/select_--Select--Albendazole'

2018-05-17 13:36:50 - [MESSAGE][PASSED] - All options with index in [9] are selected on object 'Object Repository/PharmacyRequest/Page_KDMC-Pharmacy/select_--Select--Albendazole'

2018-05-17 13:36:50 - [TEST_STEP][PASSED] - setText: Text '10' is set on object 'Object Repository/PharmacyRequest/Page_KDMC-Pharmacy/input_txttreat'

2018-05-17 13:36:50 - [MESSAGE][PASSED] - Text '10' is set on object 'Object Repository/PharmacyRequest/Page_KDMC-Pharmacy/input_txttreat'

2018-05-17 13:36:50 - [TEST_STEP][PASSED] - click: Object: 'Object Repository/PharmacyRequest/Page_KDMC-Pharmacy/button_Add' is clicked on

2018-05-17 13:36:50 - [MESSAGE][PASSED] - Object: 'Object Repository/PharmacyRequest/Page_KDMC-Pharmacy/button_Add' is clicked on

2018-05-17 13:36:50 - [TEST_STEP][PASSED] - selectOptionByIndex: All options with index in [7] are selected on object 'Object Repository/PharmacyRequest/Page_KDMC-Pharmacy/select_--Select--Schedule 1Inj'

2018-05-17 13:36:50 - [MESSAGE][PASSED] - All options with index in [7] are selected on object 'Object Repository/PharmacyRequest/Page_KDMC-Pharmacy/select_--Select--Schedule 1Inj'

2018-05-17 13:36:50 - [TEST_STEP][PASSED] - selectOptionByIndex: All options with index in [10] are selected on object 'Object Repository/PharmacyRequest/Page_KDMC-Pharmacy/select_--Select--Albendazole'

2018-05-17 13:36:50 - [MESSAGE][PASSED] - All options with index in [10] are selected on object 'Object Repository/PharmacyRequest/Page_KDMC-Pharmacy/select_--Select--Albendazole'

2018-05-17 13:36:50 - [TEST_STEP][PASSED] - setText: Text '10' is set on object 'Object Repository/PharmacyRequest/Page_KDMC-Pharmacy/input_txttreat'

2018-05-17 13:36:51 - [MESSAGE][PASSED] - Text '10' is set on object 'Object Repository/PharmacyRequest/Page_KDMC-Pharmacy/input_txttreat'

2018-05-17 13:36:51 - [TEST_STEP][PASSED] - click: Object: 'Object Repository/PharmacyRequest/Page_KDMC-Pharmacy/button_Add' is clicked on

2018-05-17 13:36:51 - [MESSAGE][PASSED] - Object: 'Object Repository/PharmacyRequest/Page_KDMC-Pharmacy/button_Add' is clicked on

2018-05-17 13:36:51 - [TEST_STEP][PASSED] - selectOptionByIndex: All options with index in [7] are selected on object 'Object Repository/PharmacyRequest/Page_KDMC-Pharmacy/select_--Select--Schedule 1Inj'

2018-05-17 13:36:51 - [MESSAGE][PASSED] - All options with index in [7] are selected on object 'Object Repository/PharmacyRequest/Page_KDMC-Pharmacy/select_--Select--Schedule 1Inj'

2018-05-17 13:36:51 - [TEST_STEP][PASSED] - selectOptionByIndex: All options with index in [11] are selected on object 'Object Repository/PharmacyRequest/Page_KDMC-Pharmacy/select_--Select--Albendazole'

2018-05-17 13:36:51 - [MESSAGE][PASSED] - All options with index in [11] are selected on object 'Object Repository/PharmacyRequest/Page_KDMC-Pharmacy/select_--Select--Albendazole'

2018-05-17 13:36:51 - [TEST_STEP][PASSED] - setText: Text '10' is set on object 'Object Repository/PharmacyRequest/Page_KDMC-Pharmacy/input_txttreat'

2018-05-17 13:36:51 - [MESSAGE][PASSED] - Text '10' is set on object 'Object Repository/PharmacyRequest/Page_KDMC-Pharmacy/input_txttreat'

2018-05-17 13:36:51 - [TEST_STEP][PASSED] - click: Object: 'Object Repository/PharmacyRequest/Page_KDMC-Pharmacy/button_Add' is clicked on

2018-05-17 13:36:51 - [MESSAGE][PASSED] - Object: 'Object Repository/PharmacyRequest/Page_KDMC-Pharmacy/button_Add' is clicked on

2018-05-17 13:36:51 - [TEST_STEP][PASSED] - selectOptionByIndex: All options with index in [7] are selected on object 'Object Repository/PharmacyRequest/Page_KDMC-Pharmacy/select_--Select--Schedule 1Inj'

2018-05-17 13:36:51 - [MESSAGE][PASSED] - All options with index in [7] are selected on object 'Object Repository/PharmacyRequest/Page_KDMC-Pharmacy/select_--Select--Schedule 1Inj'

2018-05-17 13:36:51 - [TEST_STEP][PASSED] - selectOptionByIndex: All options with index in [12] are selected on object 'Object Repository/PharmacyRequest/Page_KDMC-Pharmacy/select_--Select--Albendazole'

2018-05-17 13:36:51 - [MESSAGE][PASSED] - All options with index in [12] are selected on object 'Object Repository/PharmacyRequest/Page_KDMC-Pharmacy/select_--Select--Albendazole'

2018-05-17 13:36:51 - [TEST_STEP][PASSED] - setText: Text '10' is set on object 'Object Repository/PharmacyRequest/Page_KDMC-Pharmacy/input_txttreat'

2018-05-17 13:36:51 - [MESSAGE][PASSED] - Text '10' is set on object 'Object Repository/PharmacyRequest/Page_KDMC-Pharmacy/input_txttreat'

2018-05-17 13:36:51 - [TEST_STEP][PASSED] - click: Object: 'Object Repository/PharmacyRequest/Page_KDMC-Pharmacy/button_Add' is clicked on

2018-05-17 13:36:52 - [MESSAGE][PASSED] - Object: 'Object Repository/PharmacyRequest/Page_KDMC-Pharmacy/button_Add' is clicked on

2018-05-17 13:36:52 - [TEST_STEP][PASSED] - selectOptionByIndex: All options with index in [7] are selected on object 'Object Repository/PharmacyRequest/Page_KDMC-Pharmacy/select_--Select--Schedule 1Inj'

2018-05-17 13:36:52 - [MESSAGE][PASSED] - All options with index in [7] are selected on object 'Object Repository/PharmacyRequest/Page_KDMC-Pharmacy/select_--Select--Schedule 1Inj'

2018-05-17 13:36:52 - [TEST_STEP][PASSED] - selectOptionByIndex: All options with index in [13] are selected on object 'Object Repository/PharmacyRequest/Page_KDMC-Pharmacy/select_--Select--Albendazole'

2018-05-17 13:36:52 - [MESSAGE][PASSED] - All options with index in [13] are selected on object 'Object Repository/PharmacyRequest/Page_KDMC-Pharmacy/select_--Select--Albendazole'

2018-05-17 13:36:52 - [TEST_STEP][PASSED] - setText: Text '10' is set on object 'Object Repository/PharmacyRequest/Page_KDMC-Pharmacy/input_txttreat'

2018-05-17 13:36:52 - [MESSAGE][PASSED] - Text '10' is set on object 'Object Repository/PharmacyRequest/Page_KDMC-Pharmacy/input_txttreat'

2018-05-17 13:36:52 - [TEST_STEP][PASSED] - click: Object: 'Object Repository/PharmacyRequest/Page_KDMC-Pharmacy/button_Add' is clicked on

2018-05-17 13:36:52 - [MESSAGE][PASSED] - Object: 'Object Repository/PharmacyRequest/Page_KDMC-Pharmacy/button_Add' is clicked on

2018-05-17 13:36:52 - [TEST_STEP][PASSED] - selectOptionByIndex: All options with index in [7] are selected on object 'Object Repository/PharmacyRequest/Page_KDMC-Pharmacy/select_--Select--Schedule 1Inj'

2018-05-17 13:36:52 - [MESSAGE][PASSED] - All options with index in [7] are selected on object 'Object Repository/PharmacyRequest/Page_KDMC-Pharmacy/select_--Select--Schedule 1Inj'

2018-05-17 13:36:52 - [TEST_STEP][PASSED] - selectOptionByIndex: All options with index in [14] are selected on object 'Object Repository/PharmacyRequest/Page_KDMC-Pharmacy/select_--Select--Albendazole'

2018-05-17 13:36:52 - [MESSAGE][PASSED] - All options with index in [14] are selected on object 'Object Repository/PharmacyRequest/Page_KDMC-Pharmacy/select_--Select--Albendazole'

2018-05-17 13:36:52 - [TEST_STEP][PASSED] - setText: Text '10' is set on object 'Object Repository/PharmacyRequest/Page_KDMC-Pharmacy/input_txttreat'

2018-05-17 13:36:52 - [MESSAGE][PASSED] - Text '10' is set on object 'Object Repository/PharmacyRequest/Page_KDMC-Pharmacy/input_txttreat'

2018-05-17 13:36:52 - [TEST_STEP][PASSED] - click: Object: 'Object Repository/PharmacyRequest/Page_KDMC-Pharmacy/button_Add' is clicked on

2018-05-17 13:36:52 - [MESSAGE][PASSED] - Object: 'Object Repository/PharmacyRequest/Page_KDMC-Pharmacy/button_Add' is clicked on

2018-05-17 13:36:52 - [TEST_STEP][PASSED] - selectOptionByIndex: All options with index in [7] are selected on object 'Object Repository/PharmacyRequest/Page_KDMC-Pharmacy/select_--Select--Schedule 1Inj'

2018-05-17 13:36:53 - [MESSAGE][PASSED] - All options with index in [7] are selected on object 'Object Repository/PharmacyRequest/Page_KDMC-Pharmacy/select_--Select--Schedule 1Inj'

2018-05-17 13:36:53 - [TEST_STEP][PASSED] - selectOptionByIndex: All options with index in [15] are selected on object 'Object Repository/PharmacyRequest/Page_KDMC-Pharmacy/select_--Select--Albendazole'

2018-05-17 13:36:53 - [MESSAGE][PASSED] - All options with index in [15] are selected on object 'Object Repository/PharmacyRequest/Page_KDMC-Pharmacy/select_--Select--Albendazole'

2018-05-17 13:36:53 - [TEST_STEP][PASSED] - setText: Text '10' is set on object 'Object Repository/PharmacyRequest/Page_KDMC-Pharmacy/input_txttreat'

2018-05-17 13:36:53 - [MESSAGE][PASSED] - Text '10' is set on object 'Object Repository/PharmacyRequest/Page_KDMC-Pharmacy/input_txttreat'

2018-05-17 13:36:53 - [TEST_STEP][PASSED] - click: Object: 'Object Repository/PharmacyRequest/Page_KDMC-Pharmacy/button_Add' is clicked on

2018-05-17 13:36:53 - [MESSAGE][PASSED] - Object: 'Object Repository/PharmacyRequest/Page_KDMC-Pharmacy/button_Add' is clicked on

2018-05-17 13:36:53 - [TEST_STEP][PASSED] - selectOptionByIndex: All options with index in [7] are selected on object 'Object Repository/PharmacyRequest/Page_KDMC-Pharmacy/select_--Select--Schedule 1Inj'

2018-05-17 13:36:53 - [MESSAGE][PASSED] - All options with index in [7] are selected on object 'Object Repository/PharmacyRequest/Page_KDMC-Pharmacy/select_--Select--Schedule 1Inj'

2018-05-17 13:36:53 - [TEST_STEP][PASSED] - selectOptionByIndex: All options with index in [16] are selected on object 'Object Repository/PharmacyRequest/Page_KDMC-Pharmacy/select_--Select--Albendazole'

2018-05-17 13:36:53 - [MESSAGE][PASSED] - All options with index in [16] are selected on object 'Object Repository/PharmacyRequest/Page_KDMC-Pharmacy/select_--Select--Albendazole'

2018-05-17 13:36:53 - [TEST_STEP][PASSED] - setText: Text '10' is set on object 'Object Repository/PharmacyRequest/Page_KDMC-Pharmacy/input_txttreat'

2018-05-17 13:36:53 - [MESSAGE][PASSED] - Text '10' is set on object 'Object Repository/PharmacyRequest/Page_KDMC-Pharmacy/input_txttreat'

2018-05-17 13:36:53 - [TEST_STEP][PASSED] - click: Object: 'Object Repository/PharmacyRequest/Page_KDMC-Pharmacy/button_Add' is clicked on

2018-05-17 13:36:53 - [MESSAGE][PASSED] - Object: 'Object Repository/PharmacyRequest/Page_KDMC-Pharmacy/button_Add' is clicked on

2018-05-17 13:36:53 - [TEST_STEP][PASSED] - selectOptionByIndex: All options with index in [7] are selected on object 'Object Repository/PharmacyRequest/Page_KDMC-Pharmacy/select_--Select--Schedule 1Inj'

2018-05-17 13:36:54 - [MESSAGE][PASSED] - All options with index in [7] are selected on object 'Object Repository/PharmacyRequest/Page_KDMC-Pharmacy/select_--Select--Schedule 1Inj'

2018-05-17 13:36:54 - [TEST_STEP][PASSED] - selectOptionByIndex: All options with index in [17] are selected on object 'Object Repository/PharmacyRequest/Page_KDMC-Pharmacy/select_--Select--Albendazole'

2018-05-17 13:36:54 - [MESSAGE][PASSED] - All options with index in [17] are selected on object 'Object Repository/PharmacyRequest/Page_KDMC-Pharmacy/select_--Select--Albendazole'

2018-05-17 13:36:54 - [TEST_STEP][PASSED] - setText: Text '10' is set on object 'Object Repository/PharmacyRequest/Page_KDMC-Pharmacy/input_txttreat'

2018-05-17 13:36:54 - [MESSAGE][PASSED] - Text '10' is set on object 'Object Repository/PharmacyRequest/Page_KDMC-Pharmacy/input_txttreat'

2018-05-17 13:36:54 - [TEST_STEP][PASSED] - click: Object: 'Object Repository/PharmacyRequest/Page_KDMC-Pharmacy/button_Add' is clicked on

2018-05-17 13:36:54 - [MESSAGE][PASSED] - Object: 'Object Repository/PharmacyRequest/Page_KDMC-Pharmacy/button_Add' is clicked on

2018-05-17 13:36:54 - [TEST_STEP][PASSED] - selectOptionByIndex: All options with index in [7] are selected on object 'Object Repository/PharmacyRequest/Page_KDMC-Pharmacy/select_--Select--Schedule 1Inj'

2018-05-17 13:36:54 - [MESSAGE][PASSED] - All options with index in [7] are selected on object 'Object Repository/PharmacyRequest/Page_KDMC-Pharmacy/select_--Select--Schedule 1Inj'

2018-05-17 13:36:54 - [TEST_STEP][PASSED] - selectOptionByIndex: All options with index in [18] are selected on object 'Object Repository/PharmacyRequest/Page_KDMC-Pharmacy/select_--Select--Albendazole'

2018-05-17 13:36:54 - [MESSAGE][PASSED] - All options with index in [18] are selected on object 'Object Repository/PharmacyRequest/Page_KDMC-Pharmacy/select_--Select--Albendazole'

2018-05-17 13:36:54 - [TEST_STEP][PASSED] - setText: Text '10' is set on object 'Object Repository/PharmacyRequest/Page_KDMC-Pharmacy/input_txttreat'

2018-05-17 13:36:54 - [MESSAGE][PASSED] - Text '10' is set on object 'Object Repository/PharmacyRequest/Page_KDMC-Pharmacy/input_txttreat'

2018-05-17 13:36:54 - [TEST_STEP][PASSED] - click: Object: 'Object Repository/PharmacyRequest/Page_KDMC-Pharmacy/button_Add' is clicked on

2018-05-17 13:36:54 - [MESSAGE][PASSED] - Object: 'Object Repository/PharmacyRequest/Page_KDMC-Pharmacy/button_Add' is clicked on

2018-05-17 13:36:54 - [TEST_STEP][PASSED] - selectOptionByIndex: All options with index in [7] are selected on object 'Object Repository/PharmacyRequest/Page_KDMC-Pharmacy/select_--Select--Schedule 1Inj'

2018-05-17 13:36:55 - [MESSAGE][PASSED] - All options with index in [7] are selected on object 'Object Repository/PharmacyRequest/Page_KDMC-Pharmacy/select_--Select--Schedule 1Inj'

2018-05-17 13:36:55 - [TEST_STEP][PASSED] - selectOptionByIndex: All options with index in [19] are selected on object 'Object Repository/PharmacyRequest/Page_KDMC-Pharmacy/select_--Select--Albendazole'

2018-05-17 13:36:55 - [MESSAGE][PASSED] - All options with index in [19] are selected on object 'Object Repository/PharmacyRequest/Page_KDMC-Pharmacy/select_--Select--Albendazole'

2018-05-17 13:36:55 - [TEST_STEP][PASSED] - setText: Text '10' is set on object 'Object Repository/PharmacyRequest/Page_KDMC-Pharmacy/input_txttreat'

2018-05-17 13:36:55 - [MESSAGE][PASSED] - Text '10' is set on object 'Object Repository/PharmacyRequest/Page_KDMC-Pharmacy/input_txttreat'

2018-05-17 13:36:55 - [TEST_STEP][PASSED] - click: Object: 'Object Repository/PharmacyRequest/Page_KDMC-Pharmacy/button_Add' is clicked on

2018-05-17 13:36:55 - [MESSAGE][PASSED] - Object: 'Object Repository/PharmacyRequest/Page_KDMC-Pharmacy/button_Add' is clicked on

2018-05-17 13:36:55 - [TEST_STEP][PASSED] - selectOptionByIndex: All options with index in [7] are selected on object 'Object Repository/PharmacyRequest/Page_KDMC-Pharmacy/select_--Select--Schedule 1Inj'

2018-05-17 13:36:55 - [MESSAGE][PASSED] - All options with index in [7] are selected on object 'Object Repository/PharmacyRequest/Page_KDMC-Pharmacy/select_--Select--Schedule 1Inj'

2018-05-17 13:36:55 - [TEST_STEP][PASSED] - selectOptionByIndex: All options with index in [20] are selected on object 'Object Repository/PharmacyRequest/Page_KDMC-Pharmacy/select_--Select--Albendazole'

2018-05-17 13:36:55 - [MESSAGE][PASSED] - All options with index in [20] are selected on object 'Object Repository/PharmacyRequest/Page_KDMC-Pharmacy/select_--Select--Albendazole'

2018-05-17 13:36:55 - [TEST_STEP][PASSED] - setText: Text '10' is set on object 'Object Repository/PharmacyRequest/Page_KDMC-Pharmacy/input_txttreat'

2018-05-17 13:36:55 - [MESSAGE][PASSED] - Text '10' is set on object 'Object Repository/PharmacyRequest/Page_KDMC-Pharmacy/input_txttreat'

2018-05-17 13:36:55 - [TEST_STEP][PASSED] - click: Object: 'Object Repository/PharmacyRequest/Page_KDMC-Pharmacy/button_Add' is clicked on

2018-05-17 13:36:55 - [MESSAGE][PASSED] - Object: 'Object Repository/PharmacyRequest/Page_KDMC-Pharmacy/button_Add' is clicked on

2018-05-17 13:36:55 - [TEST_STEP][PASSED] - selectOptionByIndex: All options with index in [7] are selected on object 'Object Repository/PharmacyRequest/Page_KDMC-Pharmacy/select_--Select--Schedule 1Inj'

2018-05-17 13:36:56 - [MESSAGE][PASSED] - All options with index in [7] are selected on object 'Object Repository/PharmacyRequest/Page_KDMC-Pharmacy/select_--Select--Schedule 1Inj'

2018-05-17 13:36:56 - [TEST_STEP][PASSED] - selectOptionByIndex: All options with index in [21] are selected on object 'Object Repository/PharmacyRequest/Page_KDMC-Pharmacy/select_--Select--Albendazole'

2018-05-17 13:36:56 - [MESSAGE][PASSED] - All options with index in [21] are selected on object 'Object Repository/PharmacyRequest/Page_KDMC-Pharmacy/select_--Select--Albendazole'

2018-05-17 13:36:56 - [TEST_STEP][PASSED] - setText: Text '10' is set on object 'Object Repository/PharmacyRequest/Page_KDMC-Pharmacy/input_txttreat'

2018-05-17 13:36:56 - [MESSAGE][PASSED] - Text '10' is set on object 'Object Repository/PharmacyRequest/Page_KDMC-Pharmacy/input_txttreat'

2018-05-17 13:36:56 - [TEST_STEP][PASSED] - click: Object: 'Object Repository/PharmacyRequest/Page_KDMC-Pharmacy/button_Add' is clicked on

2018-05-17 13:36:56 - [MESSAGE][PASSED] - Object: 'Object Repository/PharmacyRequest/Page_KDMC-Pharmacy/button_Add' is clicked on

2018-05-17 13:36:56 - [TEST_STEP][PASSED] - selectOptionByIndex: All options with index in [7] are selected on object 'Object Repository/PharmacyRequest/Page_KDMC-Pharmacy/select_--Select--Schedule 1Inj'

2018-05-17 13:36:56 - [MESSAGE][PASSED] - All options with index in [7] are selected on object 'Object Repository/PharmacyRequest/Page_KDMC-Pharmacy/select_--Select--Schedule 1Inj'

2018-05-17 13:36:56 - [TEST_STEP][PASSED] - selectOptionByIndex: All options with index in [22] are selected on object 'Object Repository/PharmacyRequest/Page_KDMC-Pharmacy/select_--Select--Albendazole'

2018-05-17 13:36:56 - [MESSAGE][PASSED] - All options with index in [22] are selected on object 'Object Repository/PharmacyRequest/Page_KDMC-Pharmacy/select_--Select--Albendazole'

2018-05-17 13:36:56 - [TEST_STEP][PASSED] - setText: Text '10' is set on object 'Object Repository/PharmacyRequest/Page_KDMC-Pharmacy/input_txttreat'

2018-05-17 13:36:56 - [MESSAGE][PASSED] - Text '10' is set on object 'Object Repository/PharmacyRequest/Page_KDMC-Pharmacy/input_txttreat'

2018-05-17 13:36:56 - [TEST_STEP][PASSED] - click: Object: 'Object Repository/PharmacyRequest/Page_KDMC-Pharmacy/button_Add' is clicked on

2018-05-17 13:36:56 - [MESSAGE][PASSED] - Object: 'Object Repository/PharmacyRequest/Page_KDMC-Pharmacy/button_Add' is clicked on

2018-05-17 13:36:56 - [TEST_STEP][PASSED] - selectOptionByIndex: All options with index in [7] are selected on object 'Object Repository/PharmacyRequest/Page_KDMC-Pharmacy/select_--Select--Schedule 1Inj'

2018-05-17 13:36:57 - [MESSAGE][PASSED] - All options with index in [7] are selected on object 'Object Repository/PharmacyRequest/Page_KDMC-Pharmacy/select_--Select--Schedule 1Inj'

2018-05-17 13:36:57 - [TEST_STEP][PASSED] - selectOptionByIndex: All options with index in [23] are selected on object 'Object Repository/PharmacyRequest/Page_KDMC-Pharmacy/select_--Select--Albendazole'

2018-05-17 13:36:57 - [MESSAGE][PASSED] - All options with index in [23] are selected on object 'Object Repository/PharmacyRequest/Page_KDMC-Pharmacy/select_--Select--Albendazole'

2018-05-17 13:36:57 - [TEST_STEP][PASSED] - setText: Text '10' is set on object 'Object Repository/PharmacyRequest/Page_KDMC-Pharmacy/input_txttreat'

2018-05-17 13:36:57 - [MESSAGE][PASSED] - Text '10' is set on object 'Object Repository/PharmacyRequest/Page_KDMC-Pharmacy/input_txttreat'

2018-05-17 13:36:57 - [TEST_STEP][PASSED] - click: Object: 'Object Repository/PharmacyRequest/Page_KDMC-Pharmacy/button_Add' is clicked on

2018-05-17 13:36:57 - [MESSAGE][PASSED] - Object: 'Object Repository/PharmacyRequest/Page_KDMC-Pharmacy/button_Add' is clicked on

2018-05-17 13:36:57 - [TEST_STEP][PASSED] - Statement - RN1 = com.kms.katalon.core.webui.keyword.WebUiBuiltInKeywords.getAttribute(com.kms.katalon.core.testobject.ObjectRepository.findTestObject(PharmacyRequest/Page_KDMC-Pharmacy/input_txtno), "value"): Attribute 'value' of object 'Object Repository/PharmacyRequest/Page_KDMC-Pharmacy/input_txtno' is: 'PRNO/17052018/147'

2018-05-17 13:36:57 - [MESSAGE][PASSED] - Attribute 'value' of object 'Object Repository/PharmacyRequest/Page_KDMC-Pharmacy/input_txtno' is: 'PRNO/17052018/147'

2018-05-17 13:36:57 - [TEST_STEP][PASSED] - Statement - out.println(RN1): null

2018-05-17 13:36:57 - [TEST_STEP][PASSED] - Statement - RID = RN1.split("/")[2]: null

2018-05-17 13:36:57 - [TEST_STEP][PASSED] - scrollToElement: Scroll to object 'Object Repository/PharmacyRequest/Page_KDMC-Pharmacy/input_btnsave' successfully

2018-05-17 13:36:57 - [MESSAGE][PASSED] - Scroll to object 'Object Repository/PharmacyRequest/Page_KDMC-Pharmacy/input_btnsave' successfully

2018-05-17 13:36:57 - [TEST_STEP][PASSED] - click: Object: 'Object Repository/PharmacyRequest/Page_KDMC-Pharmacy/input_btnsave' is clicked on

2018-05-17 13:36:57 - [MESSAGE][PASSED] - Object: 'Object Repository/PharmacyRequest/Page_KDMC-Pharmacy/input_btnsave' is clicked on

2018-05-17 13:36:57 - [TEST_STEP][PASSED] - delay: Delayed 3 second(s)

2018-05-17 13:37:00 - [MESSAGE][PASSED] - Delayed 3 second(s)

2018-05-17 13:37:00 - [TEST_STEP][PASSED] - click: Object: 'Object Repository/PharmacyRequest/Page_KDMC-Pharmacy/button_OK' is clicked on

2018-05-17 13:37:01 - [MESSAGE][PASSED] - Object: 'Object Repository/PharmacyRequest/Page_KDMC-Pharmacy/button_OK' is clicked on

2018-05-17 13:37:01 - [TEST_STEP][PASSED] - delay: Delayed 3 second(s)

2018-05-17 13:37:04 - [MESSAGE][PASSED] - Delayed 3 second(s)

2018-05-17 13:37:04 - [TEST_STEP][PASSED] - click: Object: 'Object Repository/PharmacyRequest/Page_KDMC-Pharmacy/a_Back to Pharmacy' is clicked on

2018-05-17 13:37:05 - [MESSAGE][PASSED] - Object: 'Object Repository/PharmacyRequest/Page_KDMC-Pharmacy/a_Back to Pharmacy' is clicked on

2018-05-17 13:37:05 - [TEST_STEP][PASSED] - delay: Delayed 3 second(s)

2018-05-17 13:37:08 - [MESSAGE][PASSED] - Delayed 3 second(s)

2018-05-17 13:37:08 - [TEST_STEP][PASSED] - click: Object: 'Object Repository/PharmacyRequest/Page_KDMC - Pharmacy/a_dropdown-toggle' is clicked on

2018-05-17 13:37:08 - [MESSAGE][PASSED] - Object: 'Object Repository/PharmacyRequest/Page_KDMC - Pharmacy/a_dropdown-toggle' is clicked on

2018-05-17 13:37:08 - [TEST_STEP][PASSED] - click: Object: 'Object Repository/PharmacyRequest/Page_KDMC - Pharmacy/a_Sign out' is clicked on

2018-05-17 13:37:08 - [MESSAGE][PASSED] - Object: 'Object Repository/PharmacyRequest/Page_KDMC - Pharmacy/a_Sign out' is clicked on

2018-05-17 13:37:08 - [TEST_STEP][PASSED] - delay: Delayed 3 second(s)

2018-05-17 13:37:11 - [MESSAGE][PASSED] - Delayed 3 second(s)

2018-05-17 13:37:11 - [TEST_STEP][PASSED] - click: Object: 'Object Repository/PharmacyRequest/Page_KDMC/a_CMO' is clicked on

2018-05-17 13:37:12 - [MESSAGE][PASSED] - Object: 'Object Repository/PharmacyRequest/Page_KDMC/a_CMO' is clicked on

2018-05-17 13:37:12 - [TEST_STEP][PASSED] - setText: Text 'guru' is set on object 'Object Repository/PharmacyRequest/Page_CMO login/input_txtusername'

2018-05-17 13:37:12 - [MESSAGE][PASSED] - Text 'guru' is set on object 'Object Repository/PharmacyRequest/Page_CMO login/input_txtusername'

2018-05-17 13:37:12 - [TEST_STEP][PASSED] - setText: Text '123' is set on object 'Object Repository/PharmacyRequest/Page_CMO login/input_txtpassword'

2018-05-17 13:37:12 - [MESSAGE][PASSED] - Text '123' is set on object 'Object Repository/PharmacyRequest/Page_CMO login/input_txtpassword'

2018-05-17 13:37:12 - [TEST_STEP][PASSED] - delay: Delayed 3 second(s)

2018-05-17 13:37:15 - [MESSAGE][PASSED] - Delayed 3 second(s)

2018-05-17 13:37:15 - [TEST_STEP][PASSED] - click: Object: 'Object Repository/PharmacyRequest/Page_CMO login/button_Sign in' is clicked on

2018-05-17 13:37:16 - [MESSAGE][PASSED] - Object: 'Object Repository/PharmacyRequest/Page_CMO login/button_Sign in' is clicked on

2018-05-17 13:37:16 - [TEST_STEP][PASSED] - click: Object: 'Object Repository/PharmacyRequest/Page_KDMC - CMO/a_Department Wise Request' is clicked on

2018-05-17 13:37:17 - [MESSAGE][PASSED] - Object: 'Object Repository/PharmacyRequest/Page_KDMC - CMO/a_Department Wise Request' is clicked on

2018-05-17 13:37:17 - [TEST_STEP][PASSED] - selectOptionByIndex: All options with index in [2] are selected on object 'Object Repository/PharmacyRequest/Page_KDMC - CMO/select_--ALL--'

2018-05-17 13:37:17 - [MESSAGE][PASSED] - All options with index in [2] are selected on object 'Object Repository/PharmacyRequest/Page_KDMC - CMO/select_--ALL--'

2018-05-17 13:37:17 - [TEST_STEP][PASSED] - selectOptionByIndex: All options with index in [1] are selected on object 'Object Repository/PharmacyRequest/Page_KDMC - CMO/select_--ALL--                _1'

2018-05-17 13:37:17 - [MESSAGE][PASSED] - All options with index in [1] are selected on object 'Object Repository/PharmacyRequest/Page_KDMC - CMO/select_--ALL--                _1'

2018-05-17 13:37:17 - [TEST_STEP][PASSED] - click: Object: 'Object Repository/PharmacyRequest/Page_KDMC - CMO/input_btnsearch' is clicked on

2018-05-17 13:37:17 - [MESSAGE][PASSED] - Object: 'Object Repository/PharmacyRequest/Page_KDMC - CMO/input_btnsearch' is clicked on

2018-05-17 13:37:17 - [TEST_STEP][PASSED] - Statement - ID = com.kms.katalon.core.webui.keyword.WebUiBuiltInKeywords.modifyObjectProperty(com.kms.katalon.core.testobject.ObjectRepository.findTestObject(PharmacyRequest/Page_KDMC - CMO/input_2), "xpath", "equals", "//*[@id=" + RID + "]", true): Modify property of object successfully

2018-05-17 13:37:17 - [MESSAGE][PASSED] - Modify property of object successfully

2018-05-17 13:37:17 - [TEST_STEP][PASSED] - click: Object: 'Object Repository/PharmacyRequest/Page_KDMC - CMO/input_2' is clicked on

2018-05-17 13:37:17 - [MESSAGE][PASSED] - Object: 'Object Repository/PharmacyRequest/Page_KDMC - CMO/input_2' is clicked on

2018-05-17 13:37:17 - [TEST_STEP][PASSED] - delay: Delayed 3 second(s)

2018-05-17 13:37:20 - [MESSAGE][PASSED] - Delayed 3 second(s)

2018-05-17 13:37:20 - [TEST_STEP][PASSED] - selectOptionByIndex: All options with index in [1] are selected on object 'Object Repository/PharmacyRequest/Page_KDMC - CMO/select_--Select--'

2018-05-17 13:37:21 - [MESSAGE][PASSED] - All options with index in [1] are selected on object 'Object Repository/PharmacyRequest/Page_KDMC - CMO/select_--Select--'

2018-05-17 13:37:21 - [TEST_STEP][PASSED] - click: Object: 'Object Repository/PharmacyRequest/Page_KDMC - CMO/input_btnupdate' is clicked on

2018-05-17 13:37:21 - [MESSAGE][PASSED] - Object: 'Object Repository/PharmacyRequest/Page_KDMC - CMO/input_btnupdate' is clicked on

2018-05-17 13:37:21 - [TEST_STEP][PASSED] - delay: Delayed 3 second(s)

2018-05-17 13:37:24 - [MESSAGE][PASSED] - Delayed 3 second(s)

2018-05-17 13:37:24 - [TEST_STEP][PASSED] - click: Object: 'Object Repository/PharmacyRequest/Page_KDMC - CMO/button_OK' is clicked on

2018-05-17 13:37:24 - [MESSAGE][PASSED] - Object: 'Object Repository/PharmacyRequest/Page_KDMC - CMO/button_OK' is clicked on

2018-05-17 13:37:24 - [TEST_STEP][PASSED] - delay: Delayed 3 second(s)

2018-05-17 13:37:27 - [MESSAGE][PASSED] - Delayed 3 second(s)

2018-05-17 13:37:27 - [TEST_STEP][PASSED] - click: Object: 'Object Repository/PharmacyRequest/Page_KDMC - CMO/a_dropdown-toggle' is clicked on

2018-05-17 13:37:27 - [MESSAGE][PASSED] - Object: 'Object Repository/PharmacyRequest/Page_KDMC - CMO/a_dropdown-toggle' is clicked on

2018-05-17 13:37:27 - [TEST_STEP][PASSED] - click: Object: 'Object Repository/PharmacyRequest/Page_KDMC - CMO/a_Sign out' is clicked on

2018-05-17 13:37:28 - [MESSAGE][PASSED] - Object: 'Object Repository/PharmacyRequest/Page_KDMC - CMO/a_Sign out' is clicked on

2018-05-17 13:37:28 - [TEST_STEP][PASSED] - delay: Delayed 3 second(s)

2018-05-17 13:37:31 - [MESSAGE][PASSED] - Delayed 3 second(s)

2018-05-17 13:37:31 - [TEST_STEP][PASSED] - click: Object: 'Object Repository/PharmacyRequest/Page_KDMC/a_Divisional Store' is clicked on

2018-05-17 13:37:31 - [MESSAGE][PASSED] - Object: 'Object Repository/PharmacyRequest/Page_KDMC/a_Divisional Store' is clicked on

2018-05-17 13:37:31 - [TEST_STEP][PASSED] - setText: Text 'ragu' is set on object 'Object Repository/PharmacyRequest/Page_Divisonal Store Login/input_txtusername'

2018-05-17 13:37:31 - [MESSAGE][PASSED] - Text 'ragu' is set on object 'Object Repository/PharmacyRequest/Page_Divisonal Store Login/input_txtusername'

2018-05-17 13:37:31 - [TEST_STEP][PASSED] - setText: Text '123' is set on object 'Object Repository/PharmacyRequest/Page_Divisonal Store Login/input_txtpassword'

2018-05-17 13:37:31 - [MESSAGE][PASSED] - Text '123' is set on object 'Object Repository/PharmacyRequest/Page_Divisonal Store Login/input_txtpassword'

2018-05-17 13:37:31 - [TEST_STEP][PASSED] - delay: Delayed 3 second(s)

2018-05-17 13:37:34 - [MESSAGE][PASSED] - Delayed 3 second(s)

2018-05-17 13:37:34 - [TEST_STEP][PASSED] - click: Object: 'Object Repository/PharmacyRequest/Page_Divisonal Store Login/button_Sign in' is clicked on

2018-05-17 13:37:35 - [MESSAGE][PASSED] - Object: 'Object Repository/PharmacyRequest/Page_Divisonal Store Login/button_Sign in' is clicked on

2018-05-17 13:37:35 - [TEST_STEP][PASSED] - delay: Delayed 3 second(s)

2018-05-17 13:37:38 - [MESSAGE][PASSED] - Delayed 3 second(s)

2018-05-17 13:37:38 - [TEST_STEP][PASSED] - click: Object: 'Object Repository/PharmacyRequest/Page_Store/a_Pharmacy Request' is clicked on

2018-05-17 13:37:38 - [MESSAGE][PASSED] - Object: 'Object Repository/PharmacyRequest/Page_Store/a_Pharmacy Request' is clicked on

2018-05-17 13:37:38 - [TEST_STEP][PASSED] - click: Object: 'Object Repository/PharmacyRequest/Page_Store/a_Request Item Pharmacy' is clicked on

2018-05-17 13:37:39 - [MESSAGE][PASSED] - Object: 'Object Repository/PharmacyRequest/Page_Store/a_Request Item Pharmacy' is clicked on

2018-05-17 13:37:39 - [TEST_STEP][PASSED] - delay: Delayed 2 second(s)

2018-05-17 13:37:41 - [MESSAGE][PASSED] - Delayed 2 second(s)

2018-05-17 13:37:41 - [TEST_STEP][PASSED] - setText: Text 'PRNO/17052018/147' is set on object 'Object Repository/PharmacyRequest/Page_Store/input'

2018-05-17 13:37:41 - [MESSAGE][PASSED] - Text 'PRNO/17052018/147' is set on object 'Object Repository/PharmacyRequest/Page_Store/input'

2018-05-17 13:37:41 - [TEST_STEP][PASSED] - delay: Delayed 2 second(s)

2018-05-17 13:37:43 - [MESSAGE][PASSED] - Delayed 2 second(s)

2018-05-17 13:37:43 - [TEST_STEP][PASSED] - Statement - ChooseRequest = com.kms.katalon.core.webui.keyword.WebUiBuiltInKeywords.modifyObjectProperty(com.kms.katalon.core.testobject.ObjectRepository.findTestObject(PharmacyRequest/Page_Store/input_2), "xpath", "equals", "//*[@id=" + RID + "]", true): Modify property of object successfully

2018-05-17 13:37:43 - [MESSAGE][PASSED] - Modify property of object successfully

2018-05-17 13:37:43 - [TEST_STEP][PASSED] - click: Object: 'Object Repository/PharmacyRequest/Page_Store/input_2' is clicked on

2018-05-17 13:37:43 - [MESSAGE][PASSED] - Object: 'Object Repository/PharmacyRequest/Page_Store/input_2' is clicked on

2018-05-17 13:37:43 - [TEST_STEP][PASSED] - delay: Delayed 2 second(s)

2018-05-17 13:37:45 - [MESSAGE][PASSED] - Delayed 2 second(s)

2018-05-17 13:37:45 - [TEST_STEP][PASSED] - Statement - selectedoptions = com.kms.katalon.core.webui.keyword.WebUiBuiltInKeywords.getNumberOfTotalOption(com.kms.katalon.core.testobject.ObjectRepository.findTestObject(PharmacyRequest/Page_Store/select_--Select--Amlodepin -5)): 24 options of object 'Object Repository/PharmacyRequest/Page_Store/select_--Select--Amlodepin -5' counted

2018-05-17 13:37:45 - [MESSAGE][PASSED] - 24 options of object 'Object Repository/PharmacyRequest/Page_Store/select_--Select--Amlodepin -5' counted

2018-05-17 13:37:45 - [TEST_STEP][PASSED] - Statement - For ([a = 1, a <= selectedoptions - 1, (a++)]): null

2018-05-17 13:37:45 - [TEST_STEP][PASSED] - selectOptionByIndex: All options with index in [1] are selected on object 'Object Repository/PharmacyRequest/Page_Store/select_--Select--Amlodepin -5'

2018-05-17 13:37:46 - [MESSAGE][PASSED] - All options with index in [1] are selected on object 'Object Repository/PharmacyRequest/Page_Store/select_--Select--Amlodepin -5'

2018-05-17 13:37:46 - [TEST_STEP][PASSED] - delay: Delayed 1 second(s)

2018-05-17 13:37:47 - [MESSAGE][PASSED] - Delayed 1 second(s)

2018-05-17 13:37:47 - [TEST_STEP][PASSED] - Statement - RequestedQty = com.kms.katalon.core.webui.keyword.WebUiBuiltInKeywords.getAttribute(com.kms.katalon.core.testobject.ObjectRepository.findTestObject(PharmacyRequest/Page_Store/input_txttotal), "value"): Attribute 'value' of object 'Object Repository/PharmacyRequest/Page_Store/input_txttotal' is: '10'

2018-05-17 13:37:47 - [MESSAGE][PASSED] - Attribute 'value' of object 'Object Repository/PharmacyRequest/Page_Store/input_txttotal' is: '10'

2018-05-17 13:37:47 - [TEST_STEP][PASSED] - Statement - out.println("Requested QTY : " + RequestedQty): null

2018-05-17 13:37:47 - [TEST_STEP][PASSED] - Statement - BatchNumber = com.kms.katalon.core.webui.keyword.WebUiBuiltInKeywords.getNumberOfTotalOption(com.kms.katalon.core.testobject.ObjectRepository.findTestObject(PharmacyRequest/Page_Store/select_--Select--BA50)): 3 options of object 'Object Repository/PharmacyRequest/Page_Store/select_--Select--BA50' counted

2018-05-17 13:37:47 - [MESSAGE][PASSED] - 3 options of object 'Object Repository/PharmacyRequest/Page_Store/select_--Select--BA50' counted

2018-05-17 13:37:47 - [TEST_STEP][PASSED] - Statement - For ([g = 1, g <= BatchNumber - 1, (g++)]): null

2018-05-17 13:37:47 - [TEST_STEP][PASSED] - selectOptionByIndex: All options with index in [1] are selected on object 'Object Repository/PharmacyRequest/Page_Store/select_--Select--BA50'

2018-05-17 13:37:47 - [MESSAGE][PASSED] - All options with index in [1] are selected on object 'Object Repository/PharmacyRequest/Page_Store/select_--Select--BA50'

2018-05-17 13:37:47 - [TEST_STEP][PASSED] - delay: Delayed 1 second(s)

2018-05-17 13:37:48 - [MESSAGE][PASSED] - Delayed 1 second(s)

2018-05-17 13:37:48 - [TEST_STEP][PASSED] - Statement - StockQty = com.kms.katalon.core.webui.keyword.WebUiBuiltInKeywords.getAttribute(com.kms.katalon.core.testobject.ObjectRepository.findTestObject(PharmacyRequest/Page_Store/input_txtprice), "value"): Attribute 'value' of object 'Object Repository/PharmacyRequest/Page_Store/input_txtprice' is: '70'

2018-05-17 13:37:48 - [MESSAGE][PASSED] - Attribute 'value' of object 'Object Repository/PharmacyRequest/Page_Store/input_txtprice' is: '70'

2018-05-17 13:37:48 - [TEST_STEP][PASSED] - Statement - out.println("Stock QTY : " + StockQty): null

2018-05-17 13:37:48 - [TEST_STEP][PASSED] - delay: Delayed 1 second(s)

2018-05-17 13:37:49 - [MESSAGE][PASSED] - Delayed 1 second(s)

2018-05-17 13:37:49 - [TEST_STEP][PASSED] - Statement - If (java.lang.Integer.valueOf(StockQty) >= java.lang.Integer.valueOf(RequestedQty)): null

2018-05-17 13:37:49 - [TEST_STEP][PASSED] - delay: Delayed 1 second(s)

2018-05-17 13:37:50 - [MESSAGE][PASSED] - Delayed 1 second(s)

2018-05-17 13:37:50 - [TEST_STEP][PASSED] - setText: Text '10' is set on object 'Object Repository/PharmacyRequest/Page_Store/input_txtqty'

2018-05-17 13:37:50 - [MESSAGE][PASSED] - Text '10' is set on object 'Object Repository/PharmacyRequest/Page_Store/input_txtqty'

2018-05-17 13:37:50 - [TEST_STEP][PASSED] - click: Object: 'Object Repository/PharmacyRequest/Page_Store/button_Add' is clicked on

2018-05-17 13:37:50 - [MESSAGE][PASSED] - Object: 'Object Repository/PharmacyRequest/Page_Store/button_Add' is clicked on

2018-05-17 13:37:50 - [TEST_STEP][PASSED] - Statement - Break: null

2018-05-17 13:37:50 - [TEST_STEP][PASSED] - selectOptionByIndex: All options with index in [2] are selected on object 'Object Repository/PharmacyRequest/Page_Store/select_--Select--Amlodepin -5'

2018-05-17 13:37:50 - [MESSAGE][PASSED] - All options with index in [2] are selected on object 'Object Repository/PharmacyRequest/Page_Store/select_--Select--Amlodepin -5'

2018-05-17 13:37:50 - [TEST_STEP][PASSED] - delay: Delayed 1 second(s)

2018-05-17 13:37:51 - [MESSAGE][PASSED] - Delayed 1 second(s)

2018-05-17 13:37:51 - [TEST_STEP][PASSED] - Statement - RequestedQty = com.kms.katalon.core.webui.keyword.WebUiBuiltInKeywords.getAttribute(com.kms.katalon.core.testobject.ObjectRepository.findTestObject(PharmacyRequest/Page_Store/input_txttotal), "value"): Attribute 'value' of object 'Object Repository/PharmacyRequest/Page_Store/input_txttotal' is: '10'

2018-05-17 13:37:51 - [MESSAGE][PASSED] - Attribute 'value' of object 'Object Repository/PharmacyRequest/Page_Store/input_txttotal' is: '10'

2018-05-17 13:37:51 - [TEST_STEP][PASSED] - Statement - out.println("Requested QTY : " + RequestedQty): null

2018-05-17 13:37:51 - [TEST_STEP][PASSED] - Statement - BatchNumber = com.kms.katalon.core.webui.keyword.WebUiBuiltInKeywords.getNumberOfTotalOption(com.kms.katalon.core.testobject.ObjectRepository.findTestObject(PharmacyRequest/Page_Store/select_--Select--BA50)): 3 options of object 'Object Repository/PharmacyRequest/Page_Store/select_--Select--BA50' counted

2018-05-17 13:37:51 - [MESSAGE][PASSED] - 3 options of object 'Object Repository/PharmacyRequest/Page_Store/select_--Select--BA50' counted

2018-05-17 13:37:51 - [TEST_STEP][PASSED] - Statement - For ([g = 1, g <= BatchNumber - 1, (g++)]): null

2018-05-17 13:37:51 - [TEST_STEP][PASSED] - selectOptionByIndex: All options with index in [1] are selected on object 'Object Repository/PharmacyRequest/Page_Store/select_--Select--BA50'

2018-05-17 13:37:51 - [MESSAGE][PASSED] - All options with index in [1] are selected on object 'Object Repository/PharmacyRequest/Page_Store/select_--Select--BA50'

2018-05-17 13:37:51 - [TEST_STEP][PASSED] - delay: Delayed 1 second(s)

2018-05-17 13:37:52 - [MESSAGE][PASSED] - Delayed 1 second(s)

2018-05-17 13:37:52 - [TEST_STEP][PASSED] - Statement - StockQty = com.kms.katalon.core.webui.keyword.WebUiBuiltInKeywords.getAttribute(com.kms.katalon.core.testobject.ObjectRepository.findTestObject(PharmacyRequest/Page_Store/input_txtprice), "value"): Attribute 'value' of object 'Object Repository/PharmacyRequest/Page_Store/input_txtprice' is: '70'

2018-05-17 13:37:52 - [MESSAGE][PASSED] - Attribute 'value' of object 'Object Repository/PharmacyRequest/Page_Store/input_txtprice' is: '70'

2018-05-17 13:37:52 - [TEST_STEP][PASSED] - Statement - out.println("Stock QTY : " + StockQty): null

2018-05-17 13:37:52 - [TEST_STEP][PASSED] - delay: Delayed 1 second(s)

2018-05-17 13:37:53 - [MESSAGE][PASSED] - Delayed 1 second(s)

2018-05-17 13:37:53 - [TEST_STEP][PASSED] - Statement - If (java.lang.Integer.valueOf(StockQty) >= java.lang.Integer.valueOf(RequestedQty)): null

2018-05-17 13:37:53 - [TEST_STEP][PASSED] - delay: Delayed 1 second(s)

2018-05-17 13:37:54 - [MESSAGE][PASSED] - Delayed 1 second(s)

2018-05-17 13:37:54 - [TEST_STEP][PASSED] - setText: Text '10' is set on object 'Object Repository/PharmacyRequest/Page_Store/input_txtqty'

2018-05-17 13:37:55 - [MESSAGE][PASSED] - Text '10' is set on object 'Object Repository/PharmacyRequest/Page_Store/input_txtqty'

2018-05-17 13:37:55 - [TEST_STEP][PASSED] - click: Object: 'Object Repository/PharmacyRequest/Page_Store/button_Add' is clicked on

2018-05-17 13:37:55 - [MESSAGE][PASSED] - Object: 'Object Repository/PharmacyRequest/Page_Store/button_Add' is clicked on

2018-05-17 13:37:55 - [TEST_STEP][PASSED] - Statement - Break: null

2018-05-17 13:37:55 - [TEST_STEP][PASSED] - selectOptionByIndex: All options with index in [3] are selected on object 'Object Repository/PharmacyRequest/Page_Store/select_--Select--Amlodepin -5'

2018-05-17 13:37:55 - [MESSAGE][PASSED] - All options with index in [3] are selected on object 'Object Repository/PharmacyRequest/Page_Store/select_--Select--Amlodepin -5'

2018-05-17 13:37:55 - [TEST_STEP][PASSED] - delay: Delayed 1 second(s)

2018-05-17 13:37:56 - [MESSAGE][PASSED] - Delayed 1 second(s)

2018-05-17 13:37:56 - [TEST_STEP][PASSED] - Statement - RequestedQty = com.kms.katalon.core.webui.keyword.WebUiBuiltInKeywords.getAttribute(com.kms.katalon.core.testobject.ObjectRepository.findTestObject(PharmacyRequest/Page_Store/input_txttotal), "value"): Attribute 'value' of object 'Object Repository/PharmacyRequest/Page_Store/input_txttotal' is: '10'

2018-05-17 13:37:56 - [MESSAGE][PASSED] - Attribute 'value' of object 'Object Repository/PharmacyRequest/Page_Store/input_txttotal' is: '10'

2018-05-17 13:37:56 - [TEST_STEP][PASSED] - Statement - out.println("Requested QTY : " + RequestedQty): null

2018-05-17 13:37:56 - [TEST_STEP][PASSED] - Statement - BatchNumber = com.kms.katalon.core.webui.keyword.WebUiBuiltInKeywords.getNumberOfTotalOption(com.kms.katalon.core.testobject.ObjectRepository.findTestObject(PharmacyRequest/Page_Store/select_--Select--BA50)): 3 options of object 'Object Repository/PharmacyRequest/Page_Store/select_--Select--BA50' counted

2018-05-17 13:37:56 - [MESSAGE][PASSED] - 3 options of object 'Object Repository/PharmacyRequest/Page_Store/select_--Select--BA50' counted

2018-05-17 13:37:56 - [TEST_STEP][PASSED] - Statement - For ([g = 1, g <= BatchNumber - 1, (g++)]): null

2018-05-17 13:37:56 - [TEST_STEP][PASSED] - selectOptionByIndex: All options with index in [1] are selected on object 'Object Repository/PharmacyRequest/Page_Store/select_--Select--BA50'

2018-05-17 13:37:56 - [MESSAGE][PASSED] - All options with index in [1] are selected on object 'Object Repository/PharmacyRequest/Page_Store/select_--Select--BA50'

2018-05-17 13:37:56 - [TEST_STEP][PASSED] - delay: Delayed 1 second(s)

2018-05-17 13:37:57 - [MESSAGE][PASSED] - Delayed 1 second(s)

2018-05-17 13:37:57 - [TEST_STEP][PASSED] - Statement - StockQty = com.kms.katalon.core.webui.keyword.WebUiBuiltInKeywords.getAttribute(com.kms.katalon.core.testobject.ObjectRepository.findTestObject(PharmacyRequest/Page_Store/input_txtprice), "value"): Attribute 'value' of object 'Object Repository/PharmacyRequest/Page_Store/input_txtprice' is: '70'

2018-05-17 13:37:57 - [MESSAGE][PASSED] - Attribute 'value' of object 'Object Repository/PharmacyRequest/Page_Store/input_txtprice' is: '70'

2018-05-17 13:37:57 - [TEST_STEP][PASSED] - Statement - out.println("Stock QTY : " + StockQty): null

2018-05-17 13:37:57 - [TEST_STEP][PASSED] - delay: Delayed 1 second(s)

2018-05-17 13:37:58 - [MESSAGE][PASSED] - Delayed 1 second(s)

2018-05-17 13:37:58 - [TEST_STEP][PASSED] - Statement - If (java.lang.Integer.valueOf(StockQty) >= java.lang.Integer.valueOf(RequestedQty)): null

2018-05-17 13:37:58 - [TEST_STEP][PASSED] - delay: Delayed 1 second(s)

2018-05-17 13:37:59 - [MESSAGE][PASSED] - Delayed 1 second(s)

2018-05-17 13:37:59 - [TEST_STEP][PASSED] - setText: Text '10' is set on object 'Object Repository/PharmacyRequest/Page_Store/input_txtqty'

2018-05-17 13:37:59 - [MESSAGE][PASSED] - Text '10' is set on object 'Object Repository/PharmacyRequest/Page_Store/input_txtqty'

2018-05-17 13:37:59 - [TEST_STEP][PASSED] - click: Object: 'Object Repository/PharmacyRequest/Page_Store/button_Add' is clicked on

2018-05-17 13:37:59 - [MESSAGE][PASSED] - Object: 'Object Repository/PharmacyRequest/Page_Store/button_Add' is clicked on

2018-05-17 13:37:59 - [TEST_STEP][PASSED] - Statement - Break: null

2018-05-17 13:37:59 - [TEST_STEP][PASSED] - selectOptionByIndex: All options with index in [4] are selected on object 'Object Repository/PharmacyRequest/Page_Store/select_--Select--Amlodepin -5'

2018-05-17 13:37:59 - [MESSAGE][PASSED] - All options with index in [4] are selected on object 'Object Repository/PharmacyRequest/Page_Store/select_--Select--Amlodepin -5'

2018-05-17 13:37:59 - [TEST_STEP][PASSED] - delay: Delayed 1 second(s)

2018-05-17 13:38:00 - [MESSAGE][PASSED] - Delayed 1 second(s)

2018-05-17 13:38:00 - [TEST_STEP][PASSED] - Statement - RequestedQty = com.kms.katalon.core.webui.keyword.WebUiBuiltInKeywords.getAttribute(com.kms.katalon.core.testobject.ObjectRepository.findTestObject(PharmacyRequest/Page_Store/input_txttotal), "value"): Attribute 'value' of object 'Object Repository/PharmacyRequest/Page_Store/input_txttotal' is: '10'

2018-05-17 13:38:00 - [MESSAGE][PASSED] - Attribute 'value' of object 'Object Repository/PharmacyRequest/Page_Store/input_txttotal' is: '10'

2018-05-17 13:38:00 - [TEST_STEP][PASSED] - Statement - out.println("Requested QTY : " + RequestedQty): null

2018-05-17 13:38:00 - [TEST_STEP][PASSED] - Statement - BatchNumber = com.kms.katalon.core.webui.keyword.WebUiBuiltInKeywords.getNumberOfTotalOption(com.kms.katalon.core.testobject.ObjectRepository.findTestObject(PharmacyRequest/Page_Store/select_--Select--BA50)): 3 options of object 'Object Repository/PharmacyRequest/Page_Store/select_--Select--BA50' counted

2018-05-17 13:38:00 - [MESSAGE][PASSED] - 3 options of object 'Object Repository/PharmacyRequest/Page_Store/select_--Select--BA50' counted

2018-05-17 13:38:00 - [TEST_STEP][PASSED] - Statement - For ([g = 1, g <= BatchNumber - 1, (g++)]): null

2018-05-17 13:38:00 - [TEST_STEP][PASSED] - selectOptionByIndex: All options with index in [1] are selected on object 'Object Repository/PharmacyRequest/Page_Store/select_--Select--BA50'

2018-05-17 13:38:00 - [MESSAGE][PASSED] - All options with index in [1] are selected on object 'Object Repository/PharmacyRequest/Page_Store/select_--Select--BA50'

2018-05-17 13:38:00 - [TEST_STEP][PASSED] - delay: Delayed 1 second(s)

2018-05-17 13:38:01 - [MESSAGE][PASSED] - Delayed 1 second(s)

2018-05-17 13:38:01 - [TEST_STEP][PASSED] - Statement - StockQty = com.kms.katalon.core.webui.keyword.WebUiBuiltInKeywords.getAttribute(com.kms.katalon.core.testobject.ObjectRepository.findTestObject(PharmacyRequest/Page_Store/input_txtprice), "value"): Attribute 'value' of object 'Object Repository/PharmacyRequest/Page_Store/input_txtprice' is: '70'

2018-05-17 13:38:02 - [MESSAGE][PASSED] - Attribute 'value' of object 'Object Repository/PharmacyRequest/Page_Store/input_txtprice' is: '70'

2018-05-17 13:38:02 - [TEST_STEP][PASSED] - Statement - out.println("Stock QTY : " + StockQty): null

2018-05-17 13:38:02 - [TEST_STEP][PASSED] - delay: Delayed 1 second(s)

2018-05-17 13:38:03 - [MESSAGE][PASSED] - Delayed 1 second(s)

2018-05-17 13:38:03 - [TEST_STEP][PASSED] - Statement - If (java.lang.Integer.valueOf(StockQty) >= java.lang.Integer.valueOf(RequestedQty)): null

2018-05-17 13:38:03 - [TEST_STEP][PASSED] - delay: Delayed 1 second(s)

2018-05-17 13:38:04 - [MESSAGE][PASSED] - Delayed 1 second(s)

2018-05-17 13:38:04 - [TEST_STEP][PASSED] - setText: Text '10' is set on object 'Object Repository/PharmacyRequest/Page_Store/input_txtqty'

2018-05-17 13:38:04 - [MESSAGE][PASSED] - Text '10' is set on object 'Object Repository/PharmacyRequest/Page_Store/input_txtqty'

2018-05-17 13:38:04 - [TEST_STEP][PASSED] - click: Object: 'Object Repository/PharmacyRequest/Page_Store/button_Add' is clicked on

2018-05-17 13:38:04 - [MESSAGE][PASSED] - Object: 'Object Repository/PharmacyRequest/Page_Store/button_Add' is clicked on

2018-05-17 13:38:04 - [TEST_STEP][PASSED] - Statement - Break: null

2018-05-17 13:38:04 - [TEST_STEP][PASSED] - selectOptionByIndex: All options with index in [5] are selected on object 'Object Repository/PharmacyRequest/Page_Store/select_--Select--Amlodepin -5'

2018-05-17 13:38:04 - [MESSAGE][PASSED] - All options with index in [5] are selected on object 'Object Repository/PharmacyRequest/Page_Store/select_--Select--Amlodepin -5'

2018-05-17 13:38:04 - [TEST_STEP][PASSED] - delay: Delayed 1 second(s)

2018-05-17 13:38:05 - [MESSAGE][PASSED] - Delayed 1 second(s)

2018-05-17 13:38:05 - [TEST_STEP][PASSED] - Statement - RequestedQty = com.kms.katalon.core.webui.keyword.WebUiBuiltInKeywords.getAttribute(com.kms.katalon.core.testobject.ObjectRepository.findTestObject(PharmacyRequest/Page_Store/input_txttotal), "value"): Attribute 'value' of object 'Object Repository/PharmacyRequest/Page_Store/input_txttotal' is: '10'

2018-05-17 13:38:05 - [MESSAGE][PASSED] - Attribute 'value' of object 'Object Repository/PharmacyRequest/Page_Store/input_txttotal' is: '10'

2018-05-17 13:38:05 - [TEST_STEP][PASSED] - Statement - out.println("Requested QTY : " + RequestedQty): null

2018-05-17 13:38:05 - [TEST_STEP][PASSED] - Statement - BatchNumber = com.kms.katalon.core.webui.keyword.WebUiBuiltInKeywords.getNumberOfTotalOption(com.kms.katalon.core.testobject.ObjectRepository.findTestObject(PharmacyRequest/Page_Store/select_--Select--BA50)): 3 options of object 'Object Repository/PharmacyRequest/Page_Store/select_--Select--BA50' counted

2018-05-17 13:38:05 - [MESSAGE][PASSED] - 3 options of object 'Object Repository/PharmacyRequest/Page_Store/select_--Select--BA50' counted

2018-05-17 13:38:05 - [TEST_STEP][PASSED] - Statement - For ([g = 1, g <= BatchNumber - 1, (g++)]): null

2018-05-17 13:38:05 - [TEST_STEP][PASSED] - selectOptionByIndex: All options with index in [1] are selected on object 'Object Repository/PharmacyRequest/Page_Store/select_--Select--BA50'

2018-05-17 13:38:05 - [MESSAGE][PASSED] - All options with index in [1] are selected on object 'Object Repository/PharmacyRequest/Page_Store/select_--Select--BA50'

2018-05-17 13:38:05 - [TEST_STEP][PASSED] - delay: Delayed 1 second(s)

2018-05-17 13:38:06 - [MESSAGE][PASSED] - Delayed 1 second(s)

2018-05-17 13:38:06 - [TEST_STEP][PASSED] - Statement - StockQty = com.kms.katalon.core.webui.keyword.WebUiBuiltInKeywords.getAttribute(com.kms.katalon.core.testobject.ObjectRepository.findTestObject(PharmacyRequest/Page_Store/input_txtprice), "value"): Attribute 'value' of object 'Object Repository/PharmacyRequest/Page_Store/input_txtprice' is: '70'

2018-05-17 13:38:06 - [MESSAGE][PASSED] - Attribute 'value' of object 'Object Repository/PharmacyRequest/Page_Store/input_txtprice' is: '70'

2018-05-17 13:38:06 - [TEST_STEP][PASSED] - Statement - out.println("Stock QTY : " + StockQty): null

2018-05-17 13:38:06 - [TEST_STEP][PASSED] - delay: Delayed 1 second(s)

2018-05-17 13:38:07 - [MESSAGE][PASSED] - Delayed 1 second(s)

2018-05-17 13:38:07 - [TEST_STEP][PASSED] - Statement - If (java.lang.Integer.valueOf(StockQty) >= java.lang.Integer.valueOf(RequestedQty)): null

2018-05-17 13:38:07 - [TEST_STEP][PASSED] - delay: Delayed 1 second(s)

2018-05-17 13:38:08 - [MESSAGE][PASSED] - Delayed 1 second(s)

2018-05-17 13:38:08 - [TEST_STEP][PASSED] - setText: Text '10' is set on object 'Object Repository/PharmacyRequest/Page_Store/input_txtqty'

2018-05-17 13:38:08 - [MESSAGE][PASSED] - Text '10' is set on object 'Object Repository/PharmacyRequest/Page_Store/input_txtqty'

2018-05-17 13:38:08 - [TEST_STEP][PASSED] - click: Object: 'Object Repository/PharmacyRequest/Page_Store/button_Add' is clicked on

2018-05-17 13:38:08 - [MESSAGE][PASSED] - Object: 'Object Repository/PharmacyRequest/Page_Store/button_Add' is clicked on

2018-05-17 13:38:08 - [TEST_STEP][PASSED] - Statement - Break: null

2018-05-17 13:38:08 - [TEST_STEP][PASSED] - selectOptionByIndex: All options with index in [6] are selected on object 'Object Repository/PharmacyRequest/Page_Store/select_--Select--Amlodepin -5'

2018-05-17 13:38:08 - [MESSAGE][PASSED] - All options with index in [6] are selected on object 'Object Repository/PharmacyRequest/Page_Store/select_--Select--Amlodepin -5'

2018-05-17 13:38:08 - [TEST_STEP][PASSED] - delay: Delayed 1 second(s)

2018-05-17 13:38:09 - [MESSAGE][PASSED] - Delayed 1 second(s)

2018-05-17 13:38:09 - [TEST_STEP][PASSED] - Statement - RequestedQty = com.kms.katalon.core.webui.keyword.WebUiBuiltInKeywords.getAttribute(com.kms.katalon.core.testobject.ObjectRepository.findTestObject(PharmacyRequest/Page_Store/input_txttotal), "value"): Attribute 'value' of object 'Object Repository/PharmacyRequest/Page_Store/input_txttotal' is: '10'

2018-05-17 13:38:09 - [MESSAGE][PASSED] - Attribute 'value' of object 'Object Repository/PharmacyRequest/Page_Store/input_txttotal' is: '10'

2018-05-17 13:38:09 - [TEST_STEP][PASSED] - Statement - out.println("Requested QTY : " + RequestedQty): null

2018-05-17 13:38:09 - [TEST_STEP][PASSED] - Statement - BatchNumber = com.kms.katalon.core.webui.keyword.WebUiBuiltInKeywords.getNumberOfTotalOption(com.kms.katalon.core.testobject.ObjectRepository.findTestObject(PharmacyRequest/Page_Store/select_--Select--BA50)): 3 options of object 'Object Repository/PharmacyRequest/Page_Store/select_--Select--BA50' counted

2018-05-17 13:38:09 - [MESSAGE][PASSED] - 3 options of object 'Object Repository/PharmacyRequest/Page_Store/select_--Select--BA50' counted

2018-05-17 13:38:09 - [TEST_STEP][PASSED] - Statement - For ([g = 1, g <= BatchNumber - 1, (g++)]): null

2018-05-17 13:38:09 - [TEST_STEP][PASSED] - selectOptionByIndex: All options with index in [1] are selected on object 'Object Repository/PharmacyRequest/Page_Store/select_--Select--BA50'

2018-05-17 13:38:10 - [MESSAGE][PASSED] - All options with index in [1] are selected on object 'Object Repository/PharmacyRequest/Page_Store/select_--Select--BA50'

2018-05-17 13:38:10 - [TEST_STEP][PASSED] - delay: Delayed 1 second(s)

2018-05-17 13:38:11 - [MESSAGE][PASSED] - Delayed 1 second(s)

2018-05-17 13:38:11 - [TEST_STEP][PASSED] - Statement - StockQty = com.kms.katalon.core.webui.keyword.WebUiBuiltInKeywords.getAttribute(com.kms.katalon.core.testobject.ObjectRepository.findTestObject(PharmacyRequest/Page_Store/input_txtprice), "value"): Attribute 'value' of object 'Object Repository/PharmacyRequest/Page_Store/input_txtprice' is: '70'

2018-05-17 13:38:11 - [MESSAGE][PASSED] - Attribute 'value' of object 'Object Repository/PharmacyRequest/Page_Store/input_txtprice' is: '70'

2018-05-17 13:38:11 - [TEST_STEP][PASSED] - Statement - out.println("Stock QTY : " + StockQty): null

2018-05-17 13:38:11 - [TEST_STEP][PASSED] - delay: Delayed 1 second(s)

2018-05-17 13:38:12 - [MESSAGE][PASSED] - Delayed 1 second(s)

2018-05-17 13:38:12 - [TEST_STEP][PASSED] - Statement - If (java.lang.Integer.valueOf(StockQty) >= java.lang.Integer.valueOf(RequestedQty)): null

2018-05-17 13:38:12 - [TEST_STEP][PASSED] - delay: Delayed 1 second(s)

2018-05-17 13:38:13 - [MESSAGE][PASSED] - Delayed 1 second(s)

2018-05-17 13:38:13 - [TEST_STEP][PASSED] - setText: Text '10' is set on object 'Object Repository/PharmacyRequest/Page_Store/input_txtqty'

2018-05-17 13:38:13 - [MESSAGE][PASSED] - Text '10' is set on object 'Object Repository/PharmacyRequest/Page_Store/input_txtqty'

2018-05-17 13:38:13 - [TEST_STEP][PASSED] - click: Object: 'Object Repository/PharmacyRequest/Page_Store/button_Add' is clicked on

2018-05-17 13:38:13 - [MESSAGE][PASSED] - Object: 'Object Repository/PharmacyRequest/Page_Store/button_Add' is clicked on

2018-05-17 13:38:13 - [TEST_STEP][PASSED] - Statement - Break: null

2018-05-17 13:38:13 - [TEST_STEP][PASSED] - selectOptionByIndex: All options with index in [7] are selected on object 'Object Repository/PharmacyRequest/Page_Store/select_--Select--Amlodepin -5'

2018-05-17 13:38:13 - [MESSAGE][PASSED] - All options with index in [7] are selected on object 'Object Repository/PharmacyRequest/Page_Store/select_--Select--Amlodepin -5'

2018-05-17 13:38:13 - [TEST_STEP][PASSED] - delay: Delayed 1 second(s)

2018-05-17 13:38:14 - [MESSAGE][PASSED] - Delayed 1 second(s)

2018-05-17 13:38:14 - [TEST_STEP][PASSED] - Statement - RequestedQty = com.kms.katalon.core.webui.keyword.WebUiBuiltInKeywords.getAttribute(com.kms.katalon.core.testobject.ObjectRepository.findTestObject(PharmacyRequest/Page_Store/input_txttotal), "value"): Attribute 'value' of object 'Object Repository/PharmacyRequest/Page_Store/input_txttotal' is: '10'

2018-05-17 13:38:14 - [MESSAGE][PASSED] - Attribute 'value' of object 'Object Repository/PharmacyRequest/Page_Store/input_txttotal' is: '10'

2018-05-17 13:38:14 - [TEST_STEP][PASSED] - Statement - out.println("Requested QTY : " + RequestedQty): null

2018-05-17 13:38:14 - [TEST_STEP][PASSED] - Statement - BatchNumber = com.kms.katalon.core.webui.keyword.WebUiBuiltInKeywords.getNumberOfTotalOption(com.kms.katalon.core.testobject.ObjectRepository.findTestObject(PharmacyRequest/Page_Store/select_--Select--BA50)): 3 options of object 'Object Repository/PharmacyRequest/Page_Store/select_--Select--BA50' counted

2018-05-17 13:38:14 - [MESSAGE][PASSED] - 3 options of object 'Object Repository/PharmacyRequest/Page_Store/select_--Select--BA50' counted

2018-05-17 13:38:14 - [TEST_STEP][PASSED] - Statement - For ([g = 1, g <= BatchNumber - 1, (g++)]): null

2018-05-17 13:38:14 - [TEST_STEP][PASSED] - selectOptionByIndex: All options with index in [1] are selected on object 'Object Repository/PharmacyRequest/Page_Store/select_--Select--BA50'

2018-05-17 13:38:14 - [MESSAGE][PASSED] - All options with index in [1] are selected on object 'Object Repository/PharmacyRequest/Page_Store/select_--Select--BA50'

2018-05-17 13:38:14 - [TEST_STEP][PASSED] - delay: Delayed 1 second(s)

2018-05-17 13:38:15 - [MESSAGE][PASSED] - Delayed 1 second(s)

2018-05-17 13:38:15 - [TEST_STEP][PASSED] - Statement - StockQty = com.kms.katalon.core.webui.keyword.WebUiBuiltInKeywords.getAttribute(com.kms.katalon.core.testobject.ObjectRepository.findTestObject(PharmacyRequest/Page_Store/input_txtprice), "value"): Attribute 'value' of object 'Object Repository/PharmacyRequest/Page_Store/input_txtprice' is: '70'

2018-05-17 13:38:15 - [MESSAGE][PASSED] - Attribute 'value' of object 'Object Repository/PharmacyRequest/Page_Store/input_txtprice' is: '70'

2018-05-17 13:38:15 - [TEST_STEP][PASSED] - Statement - out.println("Stock QTY : " + StockQty): null

2018-05-17 13:38:15 - [TEST_STEP][PASSED] - delay: Delayed 1 second(s)

2018-05-17 13:38:16 - [MESSAGE][PASSED] - Delayed 1 second(s)

2018-05-17 13:38:16 - [TEST_STEP][PASSED] - Statement - If (java.lang.Integer.valueOf(StockQty) >= java.lang.Integer.valueOf(RequestedQty)): null

2018-05-17 13:38:16 - [TEST_STEP][PASSED] - delay: Delayed 1 second(s)

2018-05-17 13:38:17 - [MESSAGE][PASSED] - Delayed 1 second(s)

2018-05-17 13:38:17 - [TEST_STEP][PASSED] - setText: Text '10' is set on object 'Object Repository/PharmacyRequest/Page_Store/input_txtqty'

2018-05-17 13:38:17 - [MESSAGE][PASSED] - Text '10' is set on object 'Object Repository/PharmacyRequest/Page_Store/input_txtqty'

2018-05-17 13:38:17 - [TEST_STEP][PASSED] - click: Object: 'Object Repository/PharmacyRequest/Page_Store/button_Add' is clicked on

2018-05-17 13:38:17 - [MESSAGE][PASSED] - Object: 'Object Repository/PharmacyRequest/Page_Store/button_Add' is clicked on

2018-05-17 13:38:17 - [TEST_STEP][PASSED] - Statement - Break: null

2018-05-17 13:38:17 - [TEST_STEP][PASSED] - selectOptionByIndex: All options with index in [8] are selected on object 'Object Repository/PharmacyRequest/Page_Store/select_--Select--Amlodepin -5'

2018-05-17 13:38:18 - [MESSAGE][PASSED] - All options with index in [8] are selected on object 'Object Repository/PharmacyRequest/Page_Store/select_--Select--Amlodepin -5'

2018-05-17 13:38:18 - [TEST_STEP][PASSED] - delay: Delayed 1 second(s)

2018-05-17 13:38:19 - [MESSAGE][PASSED] - Delayed 1 second(s)

2018-05-17 13:38:19 - [TEST_STEP][PASSED] - Statement - RequestedQty = com.kms.katalon.core.webui.keyword.WebUiBuiltInKeywords.getAttribute(com.kms.katalon.core.testobject.ObjectRepository.findTestObject(PharmacyRequest/Page_Store/input_txttotal), "value"): Attribute 'value' of object 'Object Repository/PharmacyRequest/Page_Store/input_txttotal' is: '10'

2018-05-17 13:38:19 - [MESSAGE][PASSED] - Attribute 'value' of object 'Object Repository/PharmacyRequest/Page_Store/input_txttotal' is: '10'

2018-05-17 13:38:19 - [TEST_STEP][PASSED] - Statement - out.println("Requested QTY : " + RequestedQty): null

2018-05-17 13:38:19 - [TEST_STEP][PASSED] - Statement - BatchNumber = com.kms.katalon.core.webui.keyword.WebUiBuiltInKeywords.getNumberOfTotalOption(com.kms.katalon.core.testobject.ObjectRepository.findTestObject(PharmacyRequest/Page_Store/select_--Select--BA50)): 3 options of object 'Object Repository/PharmacyRequest/Page_Store/select_--Select--BA50' counted

2018-05-17 13:38:19 - [MESSAGE][PASSED] - 3 options of object 'Object Repository/PharmacyRequest/Page_Store/select_--Select--BA50' counted

2018-05-17 13:38:19 - [TEST_STEP][PASSED] - Statement - For ([g = 1, g <= BatchNumber - 1, (g++)]): null

2018-05-17 13:38:19 - [TEST_STEP][PASSED] - selectOptionByIndex: All options with index in [1] are selected on object 'Object Repository/PharmacyRequest/Page_Store/select_--Select--BA50'

2018-05-17 13:38:19 - [MESSAGE][PASSED] - All options with index in [1] are selected on object 'Object Repository/PharmacyRequest/Page_Store/select_--Select--BA50'

2018-05-17 13:38:19 - [TEST_STEP][PASSED] - delay: Delayed 1 second(s)

2018-05-17 13:38:20 - [MESSAGE][PASSED] - Delayed 1 second(s)

2018-05-17 13:38:20 - [TEST_STEP][PASSED] - Statement - StockQty = com.kms.katalon.core.webui.keyword.WebUiBuiltInKeywords.getAttribute(com.kms.katalon.core.testobject.ObjectRepository.findTestObject(PharmacyRequest/Page_Store/input_txtprice), "value"): Attribute 'value' of object 'Object Repository/PharmacyRequest/Page_Store/input_txtprice' is: '70'

2018-05-17 13:38:20 - [MESSAGE][PASSED] - Attribute 'value' of object 'Object Repository/PharmacyRequest/Page_Store/input_txtprice' is: '70'

2018-05-17 13:38:20 - [TEST_STEP][PASSED] - Statement - out.println("Stock QTY : " + StockQty): null

2018-05-17 13:38:20 - [TEST_STEP][PASSED] - delay: Delayed 1 second(s)

2018-05-17 13:38:21 - [MESSAGE][PASSED] - Delayed 1 second(s)

2018-05-17 13:38:21 - [TEST_STEP][PASSED] - Statement - If (java.lang.Integer.valueOf(StockQty) >= java.lang.Integer.valueOf(RequestedQty)): null

2018-05-17 13:38:21 - [TEST_STEP][PASSED] - delay: Delayed 1 second(s)

2018-05-17 13:38:22 - [MESSAGE][PASSED] - Delayed 1 second(s)

2018-05-17 13:38:22 - [TEST_STEP][PASSED] - setText: Text '10' is set on object 'Object Repository/PharmacyRequest/Page_Store/input_txtqty'

2018-05-17 13:38:22 - [MESSAGE][PASSED] - Text '10' is set on object 'Object Repository/PharmacyRequest/Page_Store/input_txtqty'

2018-05-17 13:38:22 - [TEST_STEP][PASSED] - click: Object: 'Object Repository/PharmacyRequest/Page_Store/button_Add' is clicked on

2018-05-17 13:38:22 - [MESSAGE][PASSED] - Object: 'Object Repository/PharmacyRequest/Page_Store/button_Add' is clicked on

2018-05-17 13:38:22 - [TEST_STEP][PASSED] - Statement - Break: null

2018-05-17 13:38:22 - [TEST_STEP][PASSED] - selectOptionByIndex: All options with index in [9] are selected on object 'Object Repository/PharmacyRequest/Page_Store/select_--Select--Amlodepin -5'

2018-05-17 13:38:22 - [MESSAGE][PASSED] - All options with index in [9] are selected on object 'Object Repository/PharmacyRequest/Page_Store/select_--Select--Amlodepin -5'

2018-05-17 13:38:22 - [TEST_STEP][PASSED] - delay: Delayed 1 second(s)

2018-05-17 13:38:23 - [MESSAGE][PASSED] - Delayed 1 second(s)

2018-05-17 13:38:23 - [TEST_STEP][PASSED] - Statement - RequestedQty = com.kms.katalon.core.webui.keyword.WebUiBuiltInKeywords.getAttribute(com.kms.katalon.core.testobject.ObjectRepository.findTestObject(PharmacyRequest/Page_Store/input_txttotal), "value"): Attribute 'value' of object 'Object Repository/PharmacyRequest/Page_Store/input_txttotal' is: '10'

2018-05-17 13:38:23 - [MESSAGE][PASSED] - Attribute 'value' of object 'Object Repository/PharmacyRequest/Page_Store/input_txttotal' is: '10'

2018-05-17 13:38:23 - [TEST_STEP][PASSED] - Statement - out.println("Requested QTY : " + RequestedQty): null

2018-05-17 13:38:23 - [TEST_STEP][PASSED] - Statement - BatchNumber = com.kms.katalon.core.webui.keyword.WebUiBuiltInKeywords.getNumberOfTotalOption(com.kms.katalon.core.testobject.ObjectRepository.findTestObject(PharmacyRequest/Page_Store/select_--Select--BA50)): 3 options of object 'Object Repository/PharmacyRequest/Page_Store/select_--Select--BA50' counted

2018-05-17 13:38:23 - [MESSAGE][PASSED] - 3 options of object 'Object Repository/PharmacyRequest/Page_Store/select_--Select--BA50' counted

2018-05-17 13:38:23 - [TEST_STEP][PASSED] - Statement - For ([g = 1, g <= BatchNumber - 1, (g++)]): null

2018-05-17 13:38:23 - [TEST_STEP][PASSED] - selectOptionByIndex: All options with index in [1] are selected on object 'Object Repository/PharmacyRequest/Page_Store/select_--Select--BA50'

2018-05-17 13:38:23 - [MESSAGE][PASSED] - All options with index in [1] are selected on object 'Object Repository/PharmacyRequest/Page_Store/select_--Select--BA50'

2018-05-17 13:38:23 - [TEST_STEP][PASSED] - delay: Delayed 1 second(s)

2018-05-17 13:38:24 - [MESSAGE][PASSED] - Delayed 1 second(s)

2018-05-17 13:38:24 - [TEST_STEP][PASSED] - Statement - StockQty = com.kms.katalon.core.webui.keyword.WebUiBuiltInKeywords.getAttribute(com.kms.katalon.core.testobject.ObjectRepository.findTestObject(PharmacyRequest/Page_Store/input_txtprice), "value"): Attribute 'value' of object 'Object Repository/PharmacyRequest/Page_Store/input_txtprice' is: '70'

2018-05-17 13:38:24 - [MESSAGE][PASSED] - Attribute 'value' of object 'Object Repository/PharmacyRequest/Page_Store/input_txtprice' is: '70'

2018-05-17 13:38:24 - [TEST_STEP][PASSED] - Statement - out.println("Stock QTY : " + StockQty): null

2018-05-17 13:38:24 - [TEST_STEP][PASSED] - delay: Delayed 1 second(s)

2018-05-17 13:38:25 - [MESSAGE][PASSED] - Delayed 1 second(s)

2018-05-17 13:38:25 - [TEST_STEP][PASSED] - Statement - If (java.lang.Integer.valueOf(StockQty) >= java.lang.Integer.valueOf(RequestedQty)): null

2018-05-17 13:38:25 - [TEST_STEP][PASSED] - delay: Delayed 1 second(s)

2018-05-17 13:38:26 - [MESSAGE][PASSED] - Delayed 1 second(s)

2018-05-17 13:38:26 - [TEST_STEP][PASSED] - setText: Text '10' is set on object 'Object Repository/PharmacyRequest/Page_Store/input_txtqty'

2018-05-17 13:38:27 - [MESSAGE][PASSED] - Text '10' is set on object 'Object Repository/PharmacyRequest/Page_Store/input_txtqty'

2018-05-17 13:38:27 - [TEST_STEP][PASSED] - click: Object: 'Object Repository/PharmacyRequest/Page_Store/button_Add' is clicked on

2018-05-17 13:38:27 - [MESSAGE][PASSED] - Object: 'Object Repository/PharmacyRequest/Page_Store/button_Add' is clicked on

2018-05-17 13:38:27 - [TEST_STEP][PASSED] - Statement - Break: null

2018-05-17 13:38:27 - [TEST_STEP][PASSED] - selectOptionByIndex: All options with index in [10] are selected on object 'Object Repository/PharmacyRequest/Page_Store/select_--Select--Amlodepin -5'

2018-05-17 13:38:27 - [MESSAGE][PASSED] - All options with index in [10] are selected on object 'Object Repository/PharmacyRequest/Page_Store/select_--Select--Amlodepin -5'

2018-05-17 13:38:27 - [TEST_STEP][PASSED] - delay: Delayed 1 second(s)

2018-05-17 13:38:28 - [MESSAGE][PASSED] - Delayed 1 second(s)

2018-05-17 13:38:28 - [TEST_STEP][PASSED] - Statement - RequestedQty = com.kms.katalon.core.webui.keyword.WebUiBuiltInKeywords.getAttribute(com.kms.katalon.core.testobject.ObjectRepository.findTestObject(PharmacyRequest/Page_Store/input_txttotal), "value"): Attribute 'value' of object 'Object Repository/PharmacyRequest/Page_Store/input_txttotal' is: '10'

2018-05-17 13:38:28 - [MESSAGE][PASSED] - Attribute 'value' of object 'Object Repository/PharmacyRequest/Page_Store/input_txttotal' is: '10'

2018-05-17 13:38:28 - [TEST_STEP][PASSED] - Statement - out.println("Requested QTY : " + RequestedQty): null

2018-05-17 13:38:28 - [TEST_STEP][PASSED] - Statement - BatchNumber = com.kms.katalon.core.webui.keyword.WebUiBuiltInKeywords.getNumberOfTotalOption(com.kms.katalon.core.testobject.ObjectRepository.findTestObject(PharmacyRequest/Page_Store/select_--Select--BA50)): 3 options of object 'Object Repository/PharmacyRequest/Page_Store/select_--Select--BA50' counted

2018-05-17 13:38:28 - [MESSAGE][PASSED] - 3 options of object 'Object Repository/PharmacyRequest/Page_Store/select_--Select--BA50' counted

2018-05-17 13:38:28 - [TEST_STEP][PASSED] - Statement - For ([g = 1, g <= BatchNumber - 1, (g++)]): null

2018-05-17 13:38:28 - [TEST_STEP][PASSED] - selectOptionByIndex: All options with index in [1] are selected on object 'Object Repository/PharmacyRequest/Page_Store/select_--Select--BA50'

2018-05-17 13:38:28 - [MESSAGE][PASSED] - All options with index in [1] are selected on object 'Object Repository/PharmacyRequest/Page_Store/select_--Select--BA50'

2018-05-17 13:38:28 - [TEST_STEP][PASSED] - delay: Delayed 1 second(s)

2018-05-17 13:38:29 - [MESSAGE][PASSED] - Delayed 1 second(s)

2018-05-17 13:38:29 - [TEST_STEP][PASSED] - Statement - StockQty = com.kms.katalon.core.webui.keyword.WebUiBuiltInKeywords.getAttribute(com.kms.katalon.core.testobject.ObjectRepository.findTestObject(PharmacyRequest/Page_Store/input_txtprice), "value"): Attribute 'value' of object 'Object Repository/PharmacyRequest/Page_Store/input_txtprice' is: '70'

2018-05-17 13:38:29 - [MESSAGE][PASSED] - Attribute 'value' of object 'Object Repository/PharmacyRequest/Page_Store/input_txtprice' is: '70'

2018-05-17 13:38:29 - [TEST_STEP][PASSED] - Statement - out.println("Stock QTY : " + StockQty): null

2018-05-17 13:38:29 - [TEST_STEP][PASSED] - delay: Delayed 1 second(s)

2018-05-17 13:38:30 - [MESSAGE][PASSED] - Delayed 1 second(s)

2018-05-17 13:38:30 - [TEST_STEP][PASSED] - Statement - If (java.lang.Integer.valueOf(StockQty) >= java.lang.Integer.valueOf(RequestedQty)): null

2018-05-17 13:38:30 - [TEST_STEP][PASSED] - delay: Delayed 1 second(s)

2018-05-17 13:38:31 - [MESSAGE][PASSED] - Delayed 1 second(s)

2018-05-17 13:38:31 - [TEST_STEP][PASSED] - setText: Text '10' is set on object 'Object Repository/PharmacyRequest/Page_Store/input_txtqty'

2018-05-17 13:38:31 - [MESSAGE][PASSED] - Text '10' is set on object 'Object Repository/PharmacyRequest/Page_Store/input_txtqty'

2018-05-17 13:38:31 - [TEST_STEP][PASSED] - click: Object: 'Object Repository/PharmacyRequest/Page_Store/button_Add' is clicked on

2018-05-17 13:38:31 - [MESSAGE][PASSED] - Object: 'Object Repository/PharmacyRequest/Page_Store/button_Add' is clicked on

2018-05-17 13:38:31 - [TEST_STEP][PASSED] - Statement - Break: null

2018-05-17 13:38:31 - [TEST_STEP][PASSED] - selectOptionByIndex: All options with index in [11] are selected on object 'Object Repository/PharmacyRequest/Page_Store/select_--Select--Amlodepin -5'

2018-05-17 13:38:31 - [MESSAGE][PASSED] - All options with index in [11] are selected on object 'Object Repository/PharmacyRequest/Page_Store/select_--Select--Amlodepin -5'

2018-05-17 13:38:31 - [TEST_STEP][PASSED] - delay: Delayed 1 second(s)

2018-05-17 13:38:32 - [MESSAGE][PASSED] - Delayed 1 second(s)

2018-05-17 13:38:32 - [TEST_STEP][PASSED] - Statement - RequestedQty = com.kms.katalon.core.webui.keyword.WebUiBuiltInKeywords.getAttribute(com.kms.katalon.core.testobject.ObjectRepository.findTestObject(PharmacyRequest/Page_Store/input_txttotal), "value"): Attribute 'value' of object 'Object Repository/PharmacyRequest/Page_Store/input_txttotal' is: '10'

2018-05-17 13:38:32 - [MESSAGE][PASSED] - Attribute 'value' of object 'Object Repository/PharmacyRequest/Page_Store/input_txttotal' is: '10'

2018-05-17 13:38:32 - [TEST_STEP][PASSED] - Statement - out.println("Requested QTY : " + RequestedQty): null

2018-05-17 13:38:32 - [TEST_STEP][PASSED] - Statement - BatchNumber = com.kms.katalon.core.webui.keyword.WebUiBuiltInKeywords.getNumberOfTotalOption(com.kms.katalon.core.testobject.ObjectRepository.findTestObject(PharmacyRequest/Page_Store/select_--Select--BA50)): 3 options of object 'Object Repository/PharmacyRequest/Page_Store/select_--Select--BA50' counted

2018-05-17 13:38:33 - [MESSAGE][PASSED] - 3 options of object 'Object Repository/PharmacyRequest/Page_Store/select_--Select--BA50' counted

2018-05-17 13:38:33 - [TEST_STEP][PASSED] - Statement - For ([g = 1, g <= BatchNumber - 1, (g++)]): null

2018-05-17 13:38:33 - [TEST_STEP][PASSED] - selectOptionByIndex: All options with index in [1] are selected on object 'Object Repository/PharmacyRequest/Page_Store/select_--Select--BA50'

2018-05-17 13:38:33 - [MESSAGE][PASSED] - All options with index in [1] are selected on object 'Object Repository/PharmacyRequest/Page_Store/select_--Select--BA50'

2018-05-17 13:38:33 - [TEST_STEP][PASSED] - delay: Delayed 1 second(s)

2018-05-17 13:38:34 - [MESSAGE][PASSED] - Delayed 1 second(s)

2018-05-17 13:38:34 - [TEST_STEP][PASSED] - Statement - StockQty = com.kms.katalon.core.webui.keyword.WebUiBuiltInKeywords.getAttribute(com.kms.katalon.core.testobject.ObjectRepository.findTestObject(PharmacyRequest/Page_Store/input_txtprice), "value"): Attribute 'value' of object 'Object Repository/PharmacyRequest/Page_Store/input_txtprice' is: '70'

2018-05-17 13:38:34 - [MESSAGE][PASSED] - Attribute 'value' of object 'Object Repository/PharmacyRequest/Page_Store/input_txtprice' is: '70'

2018-05-17 13:38:34 - [TEST_STEP][PASSED] - Statement - out.println("Stock QTY : " + StockQty): null

2018-05-17 13:38:34 - [TEST_STEP][PASSED] - delay: Delayed 1 second(s)

2018-05-17 13:38:35 - [MESSAGE][PASSED] - Delayed 1 second(s)

2018-05-17 13:38:35 - [TEST_STEP][PASSED] - Statement - If (java.lang.Integer.valueOf(StockQty) >= java.lang.Integer.valueOf(RequestedQty)): null

2018-05-17 13:38:35 - [TEST_STEP][PASSED] - delay: Delayed 1 second(s)

2018-05-17 13:38:36 - [MESSAGE][PASSED] - Delayed 1 second(s)

2018-05-17 13:38:36 - [TEST_STEP][PASSED] - setText: Text '10' is set on object 'Object Repository/PharmacyRequest/Page_Store/input_txtqty'

2018-05-17 13:38:36 - [MESSAGE][PASSED] - Text '10' is set on object 'Object Repository/PharmacyRequest/Page_Store/input_txtqty'

2018-05-17 13:38:36 - [TEST_STEP][PASSED] - click: Object: 'Object Repository/PharmacyRequest/Page_Store/button_Add' is clicked on

2018-05-17 13:38:36 - [MESSAGE][PASSED] - Object: 'Object Repository/PharmacyRequest/Page_Store/button_Add' is clicked on

2018-05-17 13:38:36 - [TEST_STEP][PASSED] - Statement - Break: null

2018-05-17 13:38:36 - [TEST_STEP][PASSED] - selectOptionByIndex: All options with index in [12] are selected on object 'Object Repository/PharmacyRequest/Page_Store/select_--Select--Amlodepin -5'

2018-05-17 13:38:36 - [MESSAGE][PASSED] - All options with index in [12] are selected on object 'Object Repository/PharmacyRequest/Page_Store/select_--Select--Amlodepin -5'

2018-05-17 13:38:36 - [TEST_STEP][PASSED] - delay: Delayed 1 second(s)

2018-05-17 13:38:37 - [MESSAGE][PASSED] - Delayed 1 second(s)

2018-05-17 13:38:37 - [TEST_STEP][PASSED] - Statement - RequestedQty = com.kms.katalon.core.webui.keyword.WebUiBuiltInKeywords.getAttribute(com.kms.katalon.core.testobject.ObjectRepository.findTestObject(PharmacyRequest/Page_Store/input_txttotal), "value"): Attribute 'value' of object 'Object Repository/PharmacyRequest/Page_Store/input_txttotal' is: '10'

2018-05-17 13:38:37 - [MESSAGE][PASSED] - Attribute 'value' of object 'Object Repository/PharmacyRequest/Page_Store/input_txttotal' is: '10'

2018-05-17 13:38:37 - [TEST_STEP][PASSED] - Statement - out.println("Requested QTY : " + RequestedQty): null

2018-05-17 13:38:37 - [TEST_STEP][PASSED] - Statement - BatchNumber = com.kms.katalon.core.webui.keyword.WebUiBuiltInKeywords.getNumberOfTotalOption(com.kms.katalon.core.testobject.ObjectRepository.findTestObject(PharmacyRequest/Page_Store/select_--Select--BA50)): 2 options of object 'Object Repository/PharmacyRequest/Page_Store/select_--Select--BA50' counted

2018-05-17 13:38:37 - [MESSAGE][PASSED] - 2 options of object 'Object Repository/PharmacyRequest/Page_Store/select_--Select--BA50' counted

2018-05-17 13:38:37 - [TEST_STEP][PASSED] - Statement - For ([g = 1, g <= BatchNumber - 1, (g++)]): null

2018-05-17 13:38:37 - [TEST_STEP][PASSED] - selectOptionByIndex: All options with index in [1] are selected on object 'Object Repository/PharmacyRequest/Page_Store/select_--Select--BA50'

2018-05-17 13:38:37 - [MESSAGE][PASSED] - All options with index in [1] are selected on object 'Object Repository/PharmacyRequest/Page_Store/select_--Select--BA50'

2018-05-17 13:38:37 - [TEST_STEP][PASSED] - delay: Delayed 1 second(s)

2018-05-17 13:38:38 - [MESSAGE][PASSED] - Delayed 1 second(s)

2018-05-17 13:38:38 - [TEST_STEP][PASSED] - Statement - StockQty = com.kms.katalon.core.webui.keyword.WebUiBuiltInKeywords.getAttribute(com.kms.katalon.core.testobject.ObjectRepository.findTestObject(PharmacyRequest/Page_Store/input_txtprice), "value"): Attribute 'value' of object 'Object Repository/PharmacyRequest/Page_Store/input_txtprice' is: '140'

2018-05-17 13:38:38 - [MESSAGE][PASSED] - Attribute 'value' of object 'Object Repository/PharmacyRequest/Page_Store/input_txtprice' is: '140'

2018-05-17 13:38:38 - [TEST_STEP][PASSED] - Statement - out.println("Stock QTY : " + StockQty): null

2018-05-17 13:38:38 - [TEST_STEP][PASSED] - delay: Delayed 1 second(s)

2018-05-17 13:38:39 - [MESSAGE][PASSED] - Delayed 1 second(s)

2018-05-17 13:38:39 - [TEST_STEP][PASSED] - Statement - If (java.lang.Integer.valueOf(StockQty) >= java.lang.Integer.valueOf(RequestedQty)): null

2018-05-17 13:38:39 - [TEST_STEP][PASSED] - delay: Delayed 1 second(s)

2018-05-17 13:38:40 - [MESSAGE][PASSED] - Delayed 1 second(s)

2018-05-17 13:38:40 - [TEST_STEP][PASSED] - setText: Text '10' is set on object 'Object Repository/PharmacyRequest/Page_Store/input_txtqty'

2018-05-17 13:38:40 - [MESSAGE][PASSED] - Text '10' is set on object 'Object Repository/PharmacyRequest/Page_Store/input_txtqty'

2018-05-17 13:38:40 - [TEST_STEP][PASSED] - click: Object: 'Object Repository/PharmacyRequest/Page_Store/button_Add' is clicked on

2018-05-17 13:38:40 - [MESSAGE][PASSED] - Object: 'Object Repository/PharmacyRequest/Page_Store/button_Add' is clicked on

2018-05-17 13:38:40 - [TEST_STEP][PASSED] - Statement - Break: null

2018-05-17 13:38:40 - [TEST_STEP][PASSED] - selectOptionByIndex: All options with index in [13] are selected on object 'Object Repository/PharmacyRequest/Page_Store/select_--Select--Amlodepin -5'

2018-05-17 13:38:41 - [MESSAGE][PASSED] - All options with index in [13] are selected on object 'Object Repository/PharmacyRequest/Page_Store/select_--Select--Amlodepin -5'

2018-05-17 13:38:41 - [TEST_STEP][PASSED] - delay: Delayed 1 second(s)

2018-05-17 13:38:42 - [MESSAGE][PASSED] - Delayed 1 second(s)

2018-05-17 13:38:42 - [TEST_STEP][PASSED] - Statement - RequestedQty = com.kms.katalon.core.webui.keyword.WebUiBuiltInKeywords.getAttribute(com.kms.katalon.core.testobject.ObjectRepository.findTestObject(PharmacyRequest/Page_Store/input_txttotal), "value"): Attribute 'value' of object 'Object Repository/PharmacyRequest/Page_Store/input_txttotal' is: '10'

2018-05-17 13:38:42 - [MESSAGE][PASSED] - Attribute 'value' of object 'Object Repository/PharmacyRequest/Page_Store/input_txttotal' is: '10'

2018-05-17 13:38:42 - [TEST_STEP][PASSED] - Statement - out.println("Requested QTY : " + RequestedQty): null

2018-05-17 13:38:42 - [TEST_STEP][PASSED] - Statement - BatchNumber = com.kms.katalon.core.webui.keyword.WebUiBuiltInKeywords.getNumberOfTotalOption(com.kms.katalon.core.testobject.ObjectRepository.findTestObject(PharmacyRequest/Page_Store/select_--Select--BA50)): 3 options of object 'Object Repository/PharmacyRequest/Page_Store/select_--Select--BA50' counted

2018-05-17 13:38:42 - [MESSAGE][PASSED] - 3 options of object 'Object Repository/PharmacyRequest/Page_Store/select_--Select--BA50' counted

2018-05-17 13:38:42 - [TEST_STEP][PASSED] - Statement - For ([g = 1, g <= BatchNumber - 1, (g++)]): null

2018-05-17 13:38:42 - [TEST_STEP][PASSED] - selectOptionByIndex: All options with index in [1] are selected on object 'Object Repository/PharmacyRequest/Page_Store/select_--Select--BA50'

2018-05-17 13:38:42 - [MESSAGE][PASSED] - All options with index in [1] are selected on object 'Object Repository/PharmacyRequest/Page_Store/select_--Select--BA50'

2018-05-17 13:38:42 - [TEST_STEP][PASSED] - delay: Delayed 1 second(s)

2018-05-17 13:38:43 - [MESSAGE][PASSED] - Delayed 1 second(s)

2018-05-17 13:38:43 - [TEST_STEP][PASSED] - Statement - StockQty = com.kms.katalon.core.webui.keyword.WebUiBuiltInKeywords.getAttribute(com.kms.katalon.core.testobject.ObjectRepository.findTestObject(PharmacyRequest/Page_Store/input_txtprice), "value"): Attribute 'value' of object 'Object Repository/PharmacyRequest/Page_Store/input_txtprice' is: '70'

2018-05-17 13:38:43 - [MESSAGE][PASSED] - Attribute 'value' of object 'Object Repository/PharmacyRequest/Page_Store/input_txtprice' is: '70'

2018-05-17 13:38:43 - [TEST_STEP][PASSED] - Statement - out.println("Stock QTY : " + StockQty): null

2018-05-17 13:38:43 - [TEST_STEP][PASSED] - delay: Delayed 1 second(s)

2018-05-17 13:38:44 - [MESSAGE][PASSED] - Delayed 1 second(s)

2018-05-17 13:38:44 - [TEST_STEP][PASSED] - Statement - If (java.lang.Integer.valueOf(StockQty) >= java.lang.Integer.valueOf(RequestedQty)): null

2018-05-17 13:38:44 - [TEST_STEP][PASSED] - delay: Delayed 1 second(s)

2018-05-17 13:38:45 - [MESSAGE][PASSED] - Delayed 1 second(s)

2018-05-17 13:38:45 - [TEST_STEP][PASSED] - setText: Text '10' is set on object 'Object Repository/PharmacyRequest/Page_Store/input_txtqty'

2018-05-17 13:38:45 - [MESSAGE][PASSED] - Text '10' is set on object 'Object Repository/PharmacyRequest/Page_Store/input_txtqty'

2018-05-17 13:38:45 - [TEST_STEP][PASSED] - click: Object: 'Object Repository/PharmacyRequest/Page_Store/button_Add' is clicked on

2018-05-17 13:38:45 - [MESSAGE][PASSED] - Object: 'Object Repository/PharmacyRequest/Page_Store/button_Add' is clicked on

2018-05-17 13:38:45 - [TEST_STEP][PASSED] - Statement - Break: null

2018-05-17 13:38:45 - [TEST_STEP][PASSED] - selectOptionByIndex: All options with index in [14] are selected on object 'Object Repository/PharmacyRequest/Page_Store/select_--Select--Amlodepin -5'

2018-05-17 13:38:45 - [MESSAGE][PASSED] - All options with index in [14] are selected on object 'Object Repository/PharmacyRequest/Page_Store/select_--Select--Amlodepin -5'

2018-05-17 13:38:45 - [TEST_STEP][PASSED] - delay: Delayed 1 second(s)

2018-05-17 13:38:46 - [MESSAGE][PASSED] - Delayed 1 second(s)

2018-05-17 13:38:46 - [TEST_STEP][PASSED] - Statement - RequestedQty = com.kms.katalon.core.webui.keyword.WebUiBuiltInKeywords.getAttribute(com.kms.katalon.core.testobject.ObjectRepository.findTestObject(PharmacyRequest/Page_Store/input_txttotal), "value"): Attribute 'value' of object 'Object Repository/PharmacyRequest/Page_Store/input_txttotal' is: '10'

2018-05-17 13:38:46 - [MESSAGE][PASSED] - Attribute 'value' of object 'Object Repository/PharmacyRequest/Page_Store/input_txttotal' is: '10'

2018-05-17 13:38:46 - [TEST_STEP][PASSED] - Statement - out.println("Requested QTY : " + RequestedQty): null

2018-05-17 13:38:46 - [TEST_STEP][PASSED] - Statement - BatchNumber = com.kms.katalon.core.webui.keyword.WebUiBuiltInKeywords.getNumberOfTotalOption(com.kms.katalon.core.testobject.ObjectRepository.findTestObject(PharmacyRequest/Page_Store/select_--Select--BA50)): 2 options of object 'Object Repository/PharmacyRequest/Page_Store/select_--Select--BA50' counted

2018-05-17 13:38:46 - [MESSAGE][PASSED] - 2 options of object 'Object Repository/PharmacyRequest/Page_Store/select_--Select--BA50' counted

2018-05-17 13:38:46 - [TEST_STEP][PASSED] - Statement - For ([g = 1, g <= BatchNumber - 1, (g++)]): null

2018-05-17 13:38:46 - [TEST_STEP][PASSED] - selectOptionByIndex: All options with index in [1] are selected on object 'Object Repository/PharmacyRequest/Page_Store/select_--Select--BA50'

2018-05-17 13:38:47 - [MESSAGE][PASSED] - All options with index in [1] are selected on object 'Object Repository/PharmacyRequest/Page_Store/select_--Select--BA50'

2018-05-17 13:38:47 - [TEST_STEP][PASSED] - delay: Delayed 1 second(s)

2018-05-17 13:38:48 - [MESSAGE][PASSED] - Delayed 1 second(s)

2018-05-17 13:38:48 - [TEST_STEP][PASSED] - Statement - StockQty = com.kms.katalon.core.webui.keyword.WebUiBuiltInKeywords.getAttribute(com.kms.katalon.core.testobject.ObjectRepository.findTestObject(PharmacyRequest/Page_Store/input_txtprice), "value"): Attribute 'value' of object 'Object Repository/PharmacyRequest/Page_Store/input_txtprice' is: '140'

2018-05-17 13:38:48 - [MESSAGE][PASSED] - Attribute 'value' of object 'Object Repository/PharmacyRequest/Page_Store/input_txtprice' is: '140'

2018-05-17 13:38:48 - [TEST_STEP][PASSED] - Statement - out.println("Stock QTY : " + StockQty): null

2018-05-17 13:38:48 - [TEST_STEP][PASSED] - delay: Delayed 1 second(s)

2018-05-17 13:38:49 - [MESSAGE][PASSED] - Delayed 1 second(s)

2018-05-17 13:38:49 - [TEST_STEP][PASSED] - Statement - If (java.lang.Integer.valueOf(StockQty) >= java.lang.Integer.valueOf(RequestedQty)): null

2018-05-17 13:38:49 - [TEST_STEP][PASSED] - delay: Delayed 1 second(s)

2018-05-17 13:38:50 - [MESSAGE][PASSED] - Delayed 1 second(s)

2018-05-17 13:38:50 - [TEST_STEP][PASSED] - setText: Text '10' is set on object 'Object Repository/PharmacyRequest/Page_Store/input_txtqty'

2018-05-17 13:38:50 - [MESSAGE][PASSED] - Text '10' is set on object 'Object Repository/PharmacyRequest/Page_Store/input_txtqty'

2018-05-17 13:38:50 - [TEST_STEP][PASSED] - click: Object: 'Object Repository/PharmacyRequest/Page_Store/button_Add' is clicked on

2018-05-17 13:38:50 - [MESSAGE][PASSED] - Object: 'Object Repository/PharmacyRequest/Page_Store/button_Add' is clicked on

2018-05-17 13:38:50 - [TEST_STEP][PASSED] - Statement - Break: null

2018-05-17 13:38:50 - [TEST_STEP][PASSED] - selectOptionByIndex: All options with index in [15] are selected on object 'Object Repository/PharmacyRequest/Page_Store/select_--Select--Amlodepin -5'

2018-05-17 13:38:50 - [MESSAGE][PASSED] - All options with index in [15] are selected on object 'Object Repository/PharmacyRequest/Page_Store/select_--Select--Amlodepin -5'

2018-05-17 13:38:50 - [TEST_STEP][PASSED] - delay: Delayed 1 second(s)

2018-05-17 13:38:51 - [MESSAGE][PASSED] - Delayed 1 second(s)

2018-05-17 13:38:51 - [TEST_STEP][PASSED] - Statement - RequestedQty = com.kms.katalon.core.webui.keyword.WebUiBuiltInKeywords.getAttribute(com.kms.katalon.core.testobject.ObjectRepository.findTestObject(PharmacyRequest/Page_Store/input_txttotal), "value"): Attribute 'value' of object 'Object Repository/PharmacyRequest/Page_Store/input_txttotal' is: '10'

2018-05-17 13:38:51 - [MESSAGE][PASSED] - Attribute 'value' of object 'Object Repository/PharmacyRequest/Page_Store/input_txttotal' is: '10'

2018-05-17 13:38:51 - [TEST_STEP][PASSED] - Statement - out.println("Requested QTY : " + RequestedQty): null

2018-05-17 13:38:51 - [TEST_STEP][PASSED] - Statement - BatchNumber = com.kms.katalon.core.webui.keyword.WebUiBuiltInKeywords.getNumberOfTotalOption(com.kms.katalon.core.testobject.ObjectRepository.findTestObject(PharmacyRequest/Page_Store/select_--Select--BA50)): 2 options of object 'Object Repository/PharmacyRequest/Page_Store/select_--Select--BA50' counted

2018-05-17 13:38:51 - [MESSAGE][PASSED] - 2 options of object 'Object Repository/PharmacyRequest/Page_Store/select_--Select--BA50' counted

2018-05-17 13:38:51 - [TEST_STEP][PASSED] - Statement - For ([g = 1, g <= BatchNumber - 1, (g++)]): null

2018-05-17 13:38:51 - [TEST_STEP][PASSED] - selectOptionByIndex: All options with index in [1] are selected on object 'Object Repository/PharmacyRequest/Page_Store/select_--Select--BA50'

2018-05-17 13:38:51 - [MESSAGE][PASSED] - All options with index in [1] are selected on object 'Object Repository/PharmacyRequest/Page_Store/select_--Select--BA50'

2018-05-17 13:38:51 - [TEST_STEP][PASSED] - delay: Delayed 1 second(s)

2018-05-17 13:38:52 - [MESSAGE][PASSED] - Delayed 1 second(s)

2018-05-17 13:38:52 - [TEST_STEP][PASSED] - Statement - StockQty = com.kms.katalon.core.webui.keyword.WebUiBuiltInKeywords.getAttribute(com.kms.katalon.core.testobject.ObjectRepository.findTestObject(PharmacyRequest/Page_Store/input_txtprice), "value"): Attribute 'value' of object 'Object Repository/PharmacyRequest/Page_Store/input_txtprice' is: '140'

2018-05-17 13:38:52 - [MESSAGE][PASSED] - Attribute 'value' of object 'Object Repository/PharmacyRequest/Page_Store/input_txtprice' is: '140'

2018-05-17 13:38:52 - [TEST_STEP][PASSED] - Statement - out.println("Stock QTY : " + StockQty): null

2018-05-17 13:38:52 - [TEST_STEP][PASSED] - delay: Delayed 1 second(s)

2018-05-17 13:38:53 - [MESSAGE][PASSED] - Delayed 1 second(s)

2018-05-17 13:38:53 - [TEST_STEP][PASSED] - Statement - If (java.lang.Integer.valueOf(StockQty) >= java.lang.Integer.valueOf(RequestedQty)): null

2018-05-17 13:38:53 - [TEST_STEP][PASSED] - delay: Delayed 1 second(s)

2018-05-17 13:38:54 - [MESSAGE][PASSED] - Delayed 1 second(s)

2018-05-17 13:38:54 - [TEST_STEP][PASSED] - setText: Text '10' is set on object 'Object Repository/PharmacyRequest/Page_Store/input_txtqty'

2018-05-17 13:38:54 - [MESSAGE][PASSED] - Text '10' is set on object 'Object Repository/PharmacyRequest/Page_Store/input_txtqty'

2018-05-17 13:38:54 - [TEST_STEP][PASSED] - click: Object: 'Object Repository/PharmacyRequest/Page_Store/button_Add' is clicked on

2018-05-17 13:38:54 - [MESSAGE][PASSED] - Object: 'Object Repository/PharmacyRequest/Page_Store/button_Add' is clicked on

2018-05-17 13:38:54 - [TEST_STEP][PASSED] - Statement - Break: null

2018-05-17 13:38:54 - [TEST_STEP][PASSED] - selectOptionByIndex: All options with index in [16] are selected on object 'Object Repository/PharmacyRequest/Page_Store/select_--Select--Amlodepin -5'

2018-05-17 13:38:55 - [MESSAGE][PASSED] - All options with index in [16] are selected on object 'Object Repository/PharmacyRequest/Page_Store/select_--Select--Amlodepin -5'

2018-05-17 13:38:55 - [TEST_STEP][PASSED] - delay: Delayed 1 second(s)

2018-05-17 13:38:56 - [MESSAGE][PASSED] - Delayed 1 second(s)

2018-05-17 13:38:56 - [TEST_STEP][PASSED] - Statement - RequestedQty = com.kms.katalon.core.webui.keyword.WebUiBuiltInKeywords.getAttribute(com.kms.katalon.core.testobject.ObjectRepository.findTestObject(PharmacyRequest/Page_Store/input_txttotal), "value"): Attribute 'value' of object 'Object Repository/PharmacyRequest/Page_Store/input_txttotal' is: '10'

2018-05-17 13:38:56 - [MESSAGE][PASSED] - Attribute 'value' of object 'Object Repository/PharmacyRequest/Page_Store/input_txttotal' is: '10'

2018-05-17 13:38:56 - [TEST_STEP][PASSED] - Statement - out.println("Requested QTY : " + RequestedQty): null

2018-05-17 13:38:56 - [TEST_STEP][PASSED] - Statement - BatchNumber = com.kms.katalon.core.webui.keyword.WebUiBuiltInKeywords.getNumberOfTotalOption(com.kms.katalon.core.testobject.ObjectRepository.findTestObject(PharmacyRequest/Page_Store/select_--Select--BA50)): 3 options of object 'Object Repository/PharmacyRequest/Page_Store/select_--Select--BA50' counted

2018-05-17 13:38:56 - [MESSAGE][PASSED] - 3 options of object 'Object Repository/PharmacyRequest/Page_Store/select_--Select--BA50' counted

2018-05-17 13:38:56 - [TEST_STEP][PASSED] - Statement - For ([g = 1, g <= BatchNumber - 1, (g++)]): null

2018-05-17 13:38:56 - [TEST_STEP][PASSED] - selectOptionByIndex: All options with index in [1] are selected on object 'Object Repository/PharmacyRequest/Page_Store/select_--Select--BA50'

2018-05-17 13:38:56 - [MESSAGE][PASSED] - All options with index in [1] are selected on object 'Object Repository/PharmacyRequest/Page_Store/select_--Select--BA50'

2018-05-17 13:38:56 - [TEST_STEP][PASSED] - delay: Delayed 1 second(s)

2018-05-17 13:38:57 - [MESSAGE][PASSED] - Delayed 1 second(s)

2018-05-17 13:38:57 - [TEST_STEP][PASSED] - Statement - StockQty = com.kms.katalon.core.webui.keyword.WebUiBuiltInKeywords.getAttribute(com.kms.katalon.core.testobject.ObjectRepository.findTestObject(PharmacyRequest/Page_Store/input_txtprice), "value"): Attribute 'value' of object 'Object Repository/PharmacyRequest/Page_Store/input_txtprice' is: '70'

2018-05-17 13:38:57 - [MESSAGE][PASSED] - Attribute 'value' of object 'Object Repository/PharmacyRequest/Page_Store/input_txtprice' is: '70'

2018-05-17 13:38:57 - [TEST_STEP][PASSED] - Statement - out.println("Stock QTY : " + StockQty): null

2018-05-17 13:38:57 - [TEST_STEP][PASSED] - delay: Delayed 1 second(s)

2018-05-17 13:38:58 - [MESSAGE][PASSED] - Delayed 1 second(s)

2018-05-17 13:38:58 - [TEST_STEP][PASSED] - Statement - If (java.lang.Integer.valueOf(StockQty) >= java.lang.Integer.valueOf(RequestedQty)): null

2018-05-17 13:38:58 - [TEST_STEP][PASSED] - delay: Delayed 1 second(s)

2018-05-17 13:38:59 - [MESSAGE][PASSED] - Delayed 1 second(s)

2018-05-17 13:38:59 - [TEST_STEP][PASSED] - setText: Text '10' is set on object 'Object Repository/PharmacyRequest/Page_Store/input_txtqty'

2018-05-17 13:38:59 - [MESSAGE][PASSED] - Text '10' is set on object 'Object Repository/PharmacyRequest/Page_Store/input_txtqty'

2018-05-17 13:38:59 - [TEST_STEP][PASSED] - click: Object: 'Object Repository/PharmacyRequest/Page_Store/button_Add' is clicked on

2018-05-17 13:38:59 - [MESSAGE][PASSED] - Object: 'Object Repository/PharmacyRequest/Page_Store/button_Add' is clicked on

2018-05-17 13:38:59 - [TEST_STEP][PASSED] - Statement - Break: null

2018-05-17 13:38:59 - [TEST_STEP][PASSED] - selectOptionByIndex: All options with index in [17] are selected on object 'Object Repository/PharmacyRequest/Page_Store/select_--Select--Amlodepin -5'

2018-05-17 13:38:59 - [MESSAGE][PASSED] - All options with index in [17] are selected on object 'Object Repository/PharmacyRequest/Page_Store/select_--Select--Amlodepin -5'

2018-05-17 13:38:59 - [TEST_STEP][PASSED] - delay: Delayed 1 second(s)

2018-05-17 13:39:00 - [MESSAGE][PASSED] - Delayed 1 second(s)

2018-05-17 13:39:00 - [TEST_STEP][PASSED] - Statement - RequestedQty = com.kms.katalon.core.webui.keyword.WebUiBuiltInKeywords.getAttribute(com.kms.katalon.core.testobject.ObjectRepository.findTestObject(PharmacyRequest/Page_Store/input_txttotal), "value"): Attribute 'value' of object 'Object Repository/PharmacyRequest/Page_Store/input_txttotal' is: '10'

2018-05-17 13:39:00 - [MESSAGE][PASSED] - Attribute 'value' of object 'Object Repository/PharmacyRequest/Page_Store/input_txttotal' is: '10'

2018-05-17 13:39:00 - [TEST_STEP][PASSED] - Statement - out.println("Requested QTY : " + RequestedQty): null

2018-05-17 13:39:00 - [TEST_STEP][PASSED] - Statement - BatchNumber = com.kms.katalon.core.webui.keyword.WebUiBuiltInKeywords.getNumberOfTotalOption(com.kms.katalon.core.testobject.ObjectRepository.findTestObject(PharmacyRequest/Page_Store/select_--Select--BA50)): 3 options of object 'Object Repository/PharmacyRequest/Page_Store/select_--Select--BA50' counted

2018-05-17 13:39:00 - [MESSAGE][PASSED] - 3 options of object 'Object Repository/PharmacyRequest/Page_Store/select_--Select--BA50' counted

2018-05-17 13:39:00 - [TEST_STEP][PASSED] - Statement - For ([g = 1, g <= BatchNumber - 1, (g++)]): null

2018-05-17 13:39:00 - [TEST_STEP][PASSED] - selectOptionByIndex: All options with index in [1] are selected on object 'Object Repository/PharmacyRequest/Page_Store/select_--Select--BA50'

2018-05-17 13:39:00 - [MESSAGE][PASSED] - All options with index in [1] are selected on object 'Object Repository/PharmacyRequest/Page_Store/select_--Select--BA50'

2018-05-17 13:39:00 - [TEST_STEP][PASSED] - delay: Delayed 1 second(s)

2018-05-17 13:39:01 - [MESSAGE][PASSED] - Delayed 1 second(s)

2018-05-17 13:39:01 - [TEST_STEP][PASSED] - Statement - StockQty = com.kms.katalon.core.webui.keyword.WebUiBuiltInKeywords.getAttribute(com.kms.katalon.core.testobject.ObjectRepository.findTestObject(PharmacyRequest/Page_Store/input_txtprice), "value"): Attribute 'value' of object 'Object Repository/PharmacyRequest/Page_Store/input_txtprice' is: '70'

2018-05-17 13:39:02 - [MESSAGE][PASSED] - Attribute 'value' of object 'Object Repository/PharmacyRequest/Page_Store/input_txtprice' is: '70'

2018-05-17 13:39:02 - [TEST_STEP][PASSED] - Statement - out.println("Stock QTY : " + StockQty): null

2018-05-17 13:39:02 - [TEST_STEP][PASSED] - delay: Delayed 1 second(s)

2018-05-17 13:39:03 - [MESSAGE][PASSED] - Delayed 1 second(s)

2018-05-17 13:39:03 - [TEST_STEP][PASSED] - Statement - If (java.lang.Integer.valueOf(StockQty) >= java.lang.Integer.valueOf(RequestedQty)): null

2018-05-17 13:39:03 - [TEST_STEP][PASSED] - delay: Delayed 1 second(s)

2018-05-17 13:39:04 - [MESSAGE][PASSED] - Delayed 1 second(s)

2018-05-17 13:39:04 - [TEST_STEP][PASSED] - setText: Text '10' is set on object 'Object Repository/PharmacyRequest/Page_Store/input_txtqty'

2018-05-17 13:39:04 - [MESSAGE][PASSED] - Text '10' is set on object 'Object Repository/PharmacyRequest/Page_Store/input_txtqty'

2018-05-17 13:39:04 - [TEST_STEP][PASSED] - click: Object: 'Object Repository/PharmacyRequest/Page_Store/button_Add' is clicked on

2018-05-17 13:39:04 - [MESSAGE][PASSED] - Object: 'Object Repository/PharmacyRequest/Page_Store/button_Add' is clicked on

2018-05-17 13:39:04 - [TEST_STEP][PASSED] - Statement - Break: null

2018-05-17 13:39:04 - [TEST_STEP][PASSED] - selectOptionByIndex: All options with index in [18] are selected on object 'Object Repository/PharmacyRequest/Page_Store/select_--Select--Amlodepin -5'

2018-05-17 13:39:04 - [MESSAGE][PASSED] - All options with index in [18] are selected on object 'Object Repository/PharmacyRequest/Page_Store/select_--Select--Amlodepin -5'

2018-05-17 13:39:04 - [TEST_STEP][PASSED] - delay: Delayed 1 second(s)

2018-05-17 13:39:05 - [MESSAGE][PASSED] - Delayed 1 second(s)

2018-05-17 13:39:05 - [TEST_STEP][PASSED] - Statement - RequestedQty = com.kms.katalon.core.webui.keyword.WebUiBuiltInKeywords.getAttribute(com.kms.katalon.core.testobject.ObjectRepository.findTestObject(PharmacyRequest/Page_Store/input_txttotal), "value"): Attribute 'value' of object 'Object Repository/PharmacyRequest/Page_Store/input_txttotal' is: '10'

2018-05-17 13:39:05 - [MESSAGE][PASSED] - Attribute 'value' of object 'Object Repository/PharmacyRequest/Page_Store/input_txttotal' is: '10'

2018-05-17 13:39:05 - [TEST_STEP][PASSED] - Statement - out.println("Requested QTY : " + RequestedQty): null

2018-05-17 13:39:05 - [TEST_STEP][PASSED] - Statement - BatchNumber = com.kms.katalon.core.webui.keyword.WebUiBuiltInKeywords.getNumberOfTotalOption(com.kms.katalon.core.testobject.ObjectRepository.findTestObject(PharmacyRequest/Page_Store/select_--Select--BA50)): 3 options of object 'Object Repository/PharmacyRequest/Page_Store/select_--Select--BA50' counted

2018-05-17 13:39:05 - [MESSAGE][PASSED] - 3 options of object 'Object Repository/PharmacyRequest/Page_Store/select_--Select--BA50' counted

2018-05-17 13:39:05 - [TEST_STEP][PASSED] - Statement - For ([g = 1, g <= BatchNumber - 1, (g++)]): null

2018-05-17 13:39:05 - [TEST_STEP][PASSED] - selectOptionByIndex: All options with index in [1] are selected on object 'Object Repository/PharmacyRequest/Page_Store/select_--Select--BA50'

2018-05-17 13:39:05 - [MESSAGE][PASSED] - All options with index in [1] are selected on object 'Object Repository/PharmacyRequest/Page_Store/select_--Select--BA50'

2018-05-17 13:39:05 - [TEST_STEP][PASSED] - delay: Delayed 1 second(s)

2018-05-17 13:39:06 - [MESSAGE][PASSED] - Delayed 1 second(s)

2018-05-17 13:39:06 - [TEST_STEP][PASSED] - Statement - StockQty = com.kms.katalon.core.webui.keyword.WebUiBuiltInKeywords.getAttribute(com.kms.katalon.core.testobject.ObjectRepository.findTestObject(PharmacyRequest/Page_Store/input_txtprice), "value"): Attribute 'value' of object 'Object Repository/PharmacyRequest/Page_Store/input_txtprice' is: '70'

2018-05-17 13:39:06 - [MESSAGE][PASSED] - Attribute 'value' of object 'Object Repository/PharmacyRequest/Page_Store/input_txtprice' is: '70'

2018-05-17 13:39:06 - [TEST_STEP][PASSED] - Statement - out.println("Stock QTY : " + StockQty): null

2018-05-17 13:39:06 - [TEST_STEP][PASSED] - delay: Delayed 1 second(s)

2018-05-17 13:39:07 - [MESSAGE][PASSED] - Delayed 1 second(s)

2018-05-17 13:39:07 - [TEST_STEP][PASSED] - Statement - If (java.lang.Integer.valueOf(StockQty) >= java.lang.Integer.valueOf(RequestedQty)): null

2018-05-17 13:39:07 - [TEST_STEP][PASSED] - delay: Delayed 1 second(s)

2018-05-17 13:39:08 - [MESSAGE][PASSED] - Delayed 1 second(s)

2018-05-17 13:39:08 - [TEST_STEP][PASSED] - setText: Text '10' is set on object 'Object Repository/PharmacyRequest/Page_Store/input_txtqty'

2018-05-17 13:39:08 - [MESSAGE][PASSED] - Text '10' is set on object 'Object Repository/PharmacyRequest/Page_Store/input_txtqty'

2018-05-17 13:39:08 - [TEST_STEP][PASSED] - click: Object: 'Object Repository/PharmacyRequest/Page_Store/button_Add' is clicked on

2018-05-17 13:39:08 - [MESSAGE][PASSED] - Object: 'Object Repository/PharmacyRequest/Page_Store/button_Add' is clicked on

2018-05-17 13:39:08 - [TEST_STEP][PASSED] - Statement - Break: null

2018-05-17 13:39:08 - [TEST_STEP][PASSED] - selectOptionByIndex: All options with index in [19] are selected on object 'Object Repository/PharmacyRequest/Page_Store/select_--Select--Amlodepin -5'

2018-05-17 13:39:09 - [MESSAGE][PASSED] - All options with index in [19] are selected on object 'Object Repository/PharmacyRequest/Page_Store/select_--Select--Amlodepin -5'

2018-05-17 13:39:09 - [TEST_STEP][PASSED] - delay: Delayed 1 second(s)

2018-05-17 13:39:10 - [MESSAGE][PASSED] - Delayed 1 second(s)

2018-05-17 13:39:10 - [TEST_STEP][PASSED] - Statement - RequestedQty = com.kms.katalon.core.webui.keyword.WebUiBuiltInKeywords.getAttribute(com.kms.katalon.core.testobject.ObjectRepository.findTestObject(PharmacyRequest/Page_Store/input_txttotal), "value"): Attribute 'value' of object 'Object Repository/PharmacyRequest/Page_Store/input_txttotal' is: '10'

2018-05-17 13:39:10 - [MESSAGE][PASSED] - Attribute 'value' of object 'Object Repository/PharmacyRequest/Page_Store/input_txttotal' is: '10'

2018-05-17 13:39:10 - [TEST_STEP][PASSED] - Statement - out.println("Requested QTY : " + RequestedQty): null

2018-05-17 13:39:10 - [TEST_STEP][PASSED] - Statement - BatchNumber = com.kms.katalon.core.webui.keyword.WebUiBuiltInKeywords.getNumberOfTotalOption(com.kms.katalon.core.testobject.ObjectRepository.findTestObject(PharmacyRequest/Page_Store/select_--Select--BA50)): 3 options of object 'Object Repository/PharmacyRequest/Page_Store/select_--Select--BA50' counted

2018-05-17 13:39:10 - [MESSAGE][PASSED] - 3 options of object 'Object Repository/PharmacyRequest/Page_Store/select_--Select--BA50' counted

2018-05-17 13:39:10 - [TEST_STEP][PASSED] - Statement - For ([g = 1, g <= BatchNumber - 1, (g++)]): null

2018-05-17 13:39:10 - [TEST_STEP][PASSED] - selectOptionByIndex: All options with index in [1] are selected on object 'Object Repository/PharmacyRequest/Page_Store/select_--Select--BA50'

2018-05-17 13:39:10 - [MESSAGE][PASSED] - All options with index in [1] are selected on object 'Object Repository/PharmacyRequest/Page_Store/select_--Select--BA50'

2018-05-17 13:39:10 - [TEST_STEP][PASSED] - delay: Delayed 1 second(s)

2018-05-17 13:39:11 - [MESSAGE][PASSED] - Delayed 1 second(s)

2018-05-17 13:39:11 - [TEST_STEP][PASSED] - Statement - StockQty = com.kms.katalon.core.webui.keyword.WebUiBuiltInKeywords.getAttribute(com.kms.katalon.core.testobject.ObjectRepository.findTestObject(PharmacyRequest/Page_Store/input_txtprice), "value"): Attribute 'value' of object 'Object Repository/PharmacyRequest/Page_Store/input_txtprice' is: '70'

2018-05-17 13:39:11 - [MESSAGE][PASSED] - Attribute 'value' of object 'Object Repository/PharmacyRequest/Page_Store/input_txtprice' is: '70'

2018-05-17 13:39:11 - [TEST_STEP][PASSED] - Statement - out.println("Stock QTY : " + StockQty): null

2018-05-17 13:39:11 - [TEST_STEP][PASSED] - delay: Delayed 1 second(s)

2018-05-17 13:39:12 - [MESSAGE][PASSED] - Delayed 1 second(s)

2018-05-17 13:39:12 - [TEST_STEP][PASSED] - Statement - If (java.lang.Integer.valueOf(StockQty) >= java.lang.Integer.valueOf(RequestedQty)): null

2018-05-17 13:39:12 - [TEST_STEP][PASSED] - delay: Delayed 1 second(s)

2018-05-17 13:39:13 - [MESSAGE][PASSED] - Delayed 1 second(s)

2018-05-17 13:39:13 - [TEST_STEP][PASSED] - setText: Text '10' is set on object 'Object Repository/PharmacyRequest/Page_Store/input_txtqty'

2018-05-17 13:39:13 - [MESSAGE][PASSED] - Text '10' is set on object 'Object Repository/PharmacyRequest/Page_Store/input_txtqty'

2018-05-17 13:39:13 - [TEST_STEP][PASSED] - click: Object: 'Object Repository/PharmacyRequest/Page_Store/button_Add' is clicked on

2018-05-17 13:39:13 - [MESSAGE][PASSED] - Object: 'Object Repository/PharmacyRequest/Page_Store/button_Add' is clicked on

2018-05-17 13:39:13 - [TEST_STEP][PASSED] - Statement - Break: null

2018-05-17 13:39:13 - [TEST_STEP][PASSED] - selectOptionByIndex: All options with index in [20] are selected on object 'Object Repository/PharmacyRequest/Page_Store/select_--Select--Amlodepin -5'

2018-05-17 13:39:13 - [MESSAGE][PASSED] - All options with index in [20] are selected on object 'Object Repository/PharmacyRequest/Page_Store/select_--Select--Amlodepin -5'

2018-05-17 13:39:13 - [TEST_STEP][PASSED] - delay: Delayed 1 second(s)

2018-05-17 13:39:14 - [MESSAGE][PASSED] - Delayed 1 second(s)

2018-05-17 13:39:14 - [TEST_STEP][PASSED] - Statement - RequestedQty = com.kms.katalon.core.webui.keyword.WebUiBuiltInKeywords.getAttribute(com.kms.katalon.core.testobject.ObjectRepository.findTestObject(PharmacyRequest/Page_Store/input_txttotal), "value"): Attribute 'value' of object 'Object Repository/PharmacyRequest/Page_Store/input_txttotal' is: '10'

2018-05-17 13:39:14 - [MESSAGE][PASSED] - Attribute 'value' of object 'Object Repository/PharmacyRequest/Page_Store/input_txttotal' is: '10'

2018-05-17 13:39:14 - [TEST_STEP][PASSED] - Statement - out.println("Requested QTY : " + RequestedQty): null

2018-05-17 13:39:14 - [TEST_STEP][PASSED] - Statement - BatchNumber = com.kms.katalon.core.webui.keyword.WebUiBuiltInKeywords.getNumberOfTotalOption(com.kms.katalon.core.testobject.ObjectRepository.findTestObject(PharmacyRequest/Page_Store/select_--Select--BA50)): 3 options of object 'Object Repository/PharmacyRequest/Page_Store/select_--Select--BA50' counted

2018-05-17 13:39:14 - [MESSAGE][PASSED] - 3 options of object 'Object Repository/PharmacyRequest/Page_Store/select_--Select--BA50' counted

2018-05-17 13:39:14 - [TEST_STEP][PASSED] - Statement - For ([g = 1, g <= BatchNumber - 1, (g++)]): null

2018-05-17 13:39:14 - [TEST_STEP][PASSED] - selectOptionByIndex: All options with index in [1] are selected on object 'Object Repository/PharmacyRequest/Page_Store/select_--Select--BA50'

2018-05-17 13:39:14 - [MESSAGE][PASSED] - All options with index in [1] are selected on object 'Object Repository/PharmacyRequest/Page_Store/select_--Select--BA50'

2018-05-17 13:39:14 - [TEST_STEP][PASSED] - delay: Delayed 1 second(s)

2018-05-17 13:39:15 - [MESSAGE][PASSED] - Delayed 1 second(s)

2018-05-17 13:39:15 - [TEST_STEP][PASSED] - Statement - StockQty = com.kms.katalon.core.webui.keyword.WebUiBuiltInKeywords.getAttribute(com.kms.katalon.core.testobject.ObjectRepository.findTestObject(PharmacyRequest/Page_Store/input_txtprice), "value"): Attribute 'value' of object 'Object Repository/PharmacyRequest/Page_Store/input_txtprice' is: '70'

2018-05-17 13:39:16 - [MESSAGE][PASSED] - Attribute 'value' of object 'Object Repository/PharmacyRequest/Page_Store/input_txtprice' is: '70'

2018-05-17 13:39:16 - [TEST_STEP][PASSED] - Statement - out.println("Stock QTY : " + StockQty): null

2018-05-17 13:39:16 - [TEST_STEP][PASSED] - delay: Delayed 1 second(s)

2018-05-17 13:39:17 - [MESSAGE][PASSED] - Delayed 1 second(s)

2018-05-17 13:39:17 - [TEST_STEP][PASSED] - Statement - If (java.lang.Integer.valueOf(StockQty) >= java.lang.Integer.valueOf(RequestedQty)): null

2018-05-17 13:39:17 - [TEST_STEP][PASSED] - delay: Delayed 1 second(s)

2018-05-17 13:39:18 - [MESSAGE][PASSED] - Delayed 1 second(s)

2018-05-17 13:39:18 - [TEST_STEP][PASSED] - setText: Text '10' is set on object 'Object Repository/PharmacyRequest/Page_Store/input_txtqty'

2018-05-17 13:39:18 - [MESSAGE][PASSED] - Text '10' is set on object 'Object Repository/PharmacyRequest/Page_Store/input_txtqty'

2018-05-17 13:39:18 - [TEST_STEP][PASSED] - click: Object: 'Object Repository/PharmacyRequest/Page_Store/button_Add' is clicked on

2018-05-17 13:39:18 - [MESSAGE][PASSED] - Object: 'Object Repository/PharmacyRequest/Page_Store/button_Add' is clicked on

2018-05-17 13:39:18 - [TEST_STEP][PASSED] - Statement - Break: null

2018-05-17 13:39:18 - [TEST_STEP][PASSED] - selectOptionByIndex: All options with index in [21] are selected on object 'Object Repository/PharmacyRequest/Page_Store/select_--Select--Amlodepin -5'

2018-05-17 13:39:18 - [MESSAGE][PASSED] - All options with index in [21] are selected on object 'Object Repository/PharmacyRequest/Page_Store/select_--Select--Amlodepin -5'

2018-05-17 13:39:18 - [TEST_STEP][PASSED] - delay: Delayed 1 second(s)

2018-05-17 13:39:19 - [MESSAGE][PASSED] - Delayed 1 second(s)

2018-05-17 13:39:19 - [TEST_STEP][PASSED] - Statement - RequestedQty = com.kms.katalon.core.webui.keyword.WebUiBuiltInKeywords.getAttribute(com.kms.katalon.core.testobject.ObjectRepository.findTestObject(PharmacyRequest/Page_Store/input_txttotal), "value"): Attribute 'value' of object 'Object Repository/PharmacyRequest/Page_Store/input_txttotal' is: '10'

2018-05-17 13:39:19 - [MESSAGE][PASSED] - Attribute 'value' of object 'Object Repository/PharmacyRequest/Page_Store/input_txttotal' is: '10'

2018-05-17 13:39:19 - [TEST_STEP][PASSED] - Statement - out.println("Requested QTY : " + RequestedQty): null

2018-05-17 13:39:19 - [TEST_STEP][PASSED] - Statement - BatchNumber = com.kms.katalon.core.webui.keyword.WebUiBuiltInKeywords.getNumberOfTotalOption(com.kms.katalon.core.testobject.ObjectRepository.findTestObject(PharmacyRequest/Page_Store/select_--Select--BA50)): 3 options of object 'Object Repository/PharmacyRequest/Page_Store/select_--Select--BA50' counted

2018-05-17 13:39:19 - [MESSAGE][PASSED] - 3 options of object 'Object Repository/PharmacyRequest/Page_Store/select_--Select--BA50' counted

2018-05-17 13:39:19 - [TEST_STEP][PASSED] - Statement - For ([g = 1, g <= BatchNumber - 1, (g++)]): null

2018-05-17 13:39:19 - [TEST_STEP][PASSED] - selectOptionByIndex: All options with index in [1] are selected on object 'Object Repository/PharmacyRequest/Page_Store/select_--Select--BA50'

2018-05-17 13:39:19 - [MESSAGE][PASSED] - All options with index in [1] are selected on object 'Object Repository/PharmacyRequest/Page_Store/select_--Select--BA50'

2018-05-17 13:39:19 - [TEST_STEP][PASSED] - delay: Delayed 1 second(s)

2018-05-17 13:39:20 - [MESSAGE][PASSED] - Delayed 1 second(s)

2018-05-17 13:39:20 - [TEST_STEP][PASSED] - Statement - StockQty = com.kms.katalon.core.webui.keyword.WebUiBuiltInKeywords.getAttribute(com.kms.katalon.core.testobject.ObjectRepository.findTestObject(PharmacyRequest/Page_Store/input_txtprice), "value"): Attribute 'value' of object 'Object Repository/PharmacyRequest/Page_Store/input_txtprice' is: '70'

2018-05-17 13:39:20 - [MESSAGE][PASSED] - Attribute 'value' of object 'Object Repository/PharmacyRequest/Page_Store/input_txtprice' is: '70'

2018-05-17 13:39:20 - [TEST_STEP][PASSED] - Statement - out.println("Stock QTY : " + StockQty): null

2018-05-17 13:39:20 - [TEST_STEP][PASSED] - delay: Delayed 1 second(s)

2018-05-17 13:39:21 - [MESSAGE][PASSED] - Delayed 1 second(s)

2018-05-17 13:39:21 - [TEST_STEP][PASSED] - Statement - If (java.lang.Integer.valueOf(StockQty) >= java.lang.Integer.valueOf(RequestedQty)): null

2018-05-17 13:39:21 - [TEST_STEP][PASSED] - delay: Delayed 1 second(s)

2018-05-17 13:39:22 - [MESSAGE][PASSED] - Delayed 1 second(s)

2018-05-17 13:39:22 - [TEST_STEP][PASSED] - setText: Text '10' is set on object 'Object Repository/PharmacyRequest/Page_Store/input_txtqty'

2018-05-17 13:39:22 - [MESSAGE][PASSED] - Text '10' is set on object 'Object Repository/PharmacyRequest/Page_Store/input_txtqty'

2018-05-17 13:39:22 - [TEST_STEP][PASSED] - click: Object: 'Object Repository/PharmacyRequest/Page_Store/button_Add' is clicked on

2018-05-17 13:39:23 - [MESSAGE][PASSED] - Object: 'Object Repository/PharmacyRequest/Page_Store/button_Add' is clicked on

2018-05-17 13:39:23 - [TEST_STEP][PASSED] - Statement - Break: null

2018-05-17 13:39:23 - [TEST_STEP][PASSED] - selectOptionByIndex: All options with index in [22] are selected on object 'Object Repository/PharmacyRequest/Page_Store/select_--Select--Amlodepin -5'

2018-05-17 13:39:23 - [MESSAGE][PASSED] - All options with index in [22] are selected on object 'Object Repository/PharmacyRequest/Page_Store/select_--Select--Amlodepin -5'

2018-05-17 13:39:23 - [TEST_STEP][PASSED] - delay: Delayed 1 second(s)

2018-05-17 13:39:24 - [MESSAGE][PASSED] - Delayed 1 second(s)

2018-05-17 13:39:24 - [TEST_STEP][PASSED] - Statement - RequestedQty = com.kms.katalon.core.webui.keyword.WebUiBuiltInKeywords.getAttribute(com.kms.katalon.core.testobject.ObjectRepository.findTestObject(PharmacyRequest/Page_Store/input_txttotal), "value"): Attribute 'value' of object 'Object Repository/PharmacyRequest/Page_Store/input_txttotal' is: '10'

2018-05-17 13:39:24 - [MESSAGE][PASSED] - Attribute 'value' of object 'Object Repository/PharmacyRequest/Page_Store/input_txttotal' is: '10'

2018-05-17 13:39:24 - [TEST_STEP][PASSED] - Statement - out.println("Requested QTY : " + RequestedQty): null

2018-05-17 13:39:24 - [TEST_STEP][PASSED] - Statement - BatchNumber = com.kms.katalon.core.webui.keyword.WebUiBuiltInKeywords.getNumberOfTotalOption(com.kms.katalon.core.testobject.ObjectRepository.findTestObject(PharmacyRequest/Page_Store/select_--Select--BA50)): 3 options of object 'Object Repository/PharmacyRequest/Page_Store/select_--Select--BA50' counted

2018-05-17 13:39:24 - [MESSAGE][PASSED] - 3 options of object 'Object Repository/PharmacyRequest/Page_Store/select_--Select--BA50' counted

2018-05-17 13:39:24 - [TEST_STEP][PASSED] - Statement - For ([g = 1, g <= BatchNumber - 1, (g++)]): null

2018-05-17 13:39:24 - [TEST_STEP][PASSED] - selectOptionByIndex: All options with index in [1] are selected on object 'Object Repository/PharmacyRequest/Page_Store/select_--Select--BA50'

2018-05-17 13:39:24 - [MESSAGE][PASSED] - All options with index in [1] are selected on object 'Object Repository/PharmacyRequest/Page_Store/select_--Select--BA50'

2018-05-17 13:39:24 - [TEST_STEP][PASSED] - delay: Delayed 1 second(s)

2018-05-17 13:39:25 - [MESSAGE][PASSED] - Delayed 1 second(s)

2018-05-17 13:39:25 - [TEST_STEP][PASSED] - Statement - StockQty = com.kms.katalon.core.webui.keyword.WebUiBuiltInKeywords.getAttribute(com.kms.katalon.core.testobject.ObjectRepository.findTestObject(PharmacyRequest/Page_Store/input_txtprice), "value"): Attribute 'value' of object 'Object Repository/PharmacyRequest/Page_Store/input_txtprice' is: '70'

2018-05-17 13:39:25 - [MESSAGE][PASSED] - Attribute 'value' of object 'Object Repository/PharmacyRequest/Page_Store/input_txtprice' is: '70'

2018-05-17 13:39:25 - [TEST_STEP][PASSED] - Statement - out.println("Stock QTY : " + StockQty): null

2018-05-17 13:39:25 - [TEST_STEP][PASSED] - delay: Delayed 1 second(s)

2018-05-17 13:39:26 - [MESSAGE][PASSED] - Delayed 1 second(s)

2018-05-17 13:39:26 - [TEST_STEP][PASSED] - Statement - If (java.lang.Integer.valueOf(StockQty) >= java.lang.Integer.valueOf(RequestedQty)): null

2018-05-17 13:39:26 - [TEST_STEP][PASSED] - delay: Delayed 1 second(s)

2018-05-17 13:39:27 - [MESSAGE][PASSED] - Delayed 1 second(s)

2018-05-17 13:39:27 - [TEST_STEP][PASSED] - setText: Text '10' is set on object 'Object Repository/PharmacyRequest/Page_Store/input_txtqty'

2018-05-17 13:39:27 - [MESSAGE][PASSED] - Text '10' is set on object 'Object Repository/PharmacyRequest/Page_Store/input_txtqty'

2018-05-17 13:39:27 - [TEST_STEP][PASSED] - click: Object: 'Object Repository/PharmacyRequest/Page_Store/button_Add' is clicked on

2018-05-17 13:39:27 - [MESSAGE][PASSED] - Object: 'Object Repository/PharmacyRequest/Page_Store/button_Add' is clicked on

2018-05-17 13:39:27 - [TEST_STEP][PASSED] - Statement - Break: null

2018-05-17 13:39:27 - [TEST_STEP][PASSED] - selectOptionByIndex: All options with index in [23] are selected on object 'Object Repository/PharmacyRequest/Page_Store/select_--Select--Amlodepin -5'

2018-05-17 13:39:28 - [MESSAGE][PASSED] - All options with index in [23] are selected on object 'Object Repository/PharmacyRequest/Page_Store/select_--Select--Amlodepin -5'

2018-05-17 13:39:28 - [TEST_STEP][PASSED] - delay: Delayed 1 second(s)

2018-05-17 13:39:29 - [MESSAGE][PASSED] - Delayed 1 second(s)

2018-05-17 13:39:29 - [TEST_STEP][PASSED] - Statement - RequestedQty = com.kms.katalon.core.webui.keyword.WebUiBuiltInKeywords.getAttribute(com.kms.katalon.core.testobject.ObjectRepository.findTestObject(PharmacyRequest/Page_Store/input_txttotal), "value"): Attribute 'value' of object 'Object Repository/PharmacyRequest/Page_Store/input_txttotal' is: '10'

2018-05-17 13:39:29 - [MESSAGE][PASSED] - Attribute 'value' of object 'Object Repository/PharmacyRequest/Page_Store/input_txttotal' is: '10'

2018-05-17 13:39:29 - [TEST_STEP][PASSED] - Statement - out.println("Requested QTY : " + RequestedQty): null

2018-05-17 13:39:29 - [TEST_STEP][PASSED] - Statement - BatchNumber = com.kms.katalon.core.webui.keyword.WebUiBuiltInKeywords.getNumberOfTotalOption(com.kms.katalon.core.testobject.ObjectRepository.findTestObject(PharmacyRequest/Page_Store/select_--Select--BA50)): 3 options of object 'Object Repository/PharmacyRequest/Page_Store/select_--Select--BA50' counted

2018-05-17 13:39:29 - [MESSAGE][PASSED] - 3 options of object 'Object Repository/PharmacyRequest/Page_Store/select_--Select--BA50' counted

2018-05-17 13:39:29 - [TEST_STEP][PASSED] - Statement - For ([g = 1, g <= BatchNumber - 1, (g++)]): null

2018-05-17 13:39:29 - [TEST_STEP][PASSED] - selectOptionByIndex: All options with index in [1] are selected on object 'Object Repository/PharmacyRequest/Page_Store/select_--Select--BA50'

2018-05-17 13:39:29 - [MESSAGE][PASSED] - All options with index in [1] are selected on object 'Object Repository/PharmacyRequest/Page_Store/select_--Select--BA50'

2018-05-17 13:39:29 - [TEST_STEP][PASSED] - delay: Delayed 1 second(s)

2018-05-17 13:39:30 - [MESSAGE][PASSED] - Delayed 1 second(s)

2018-05-17 13:39:30 - [TEST_STEP][PASSED] - Statement - StockQty = com.kms.katalon.core.webui.keyword.WebUiBuiltInKeywords.getAttribute(com.kms.katalon.core.testobject.ObjectRepository.findTestObject(PharmacyRequest/Page_Store/input_txtprice), "value"): Attribute 'value' of object 'Object Repository/PharmacyRequest/Page_Store/input_txtprice' is: '70'

2018-05-17 13:39:30 - [MESSAGE][PASSED] - Attribute 'value' of object 'Object Repository/PharmacyRequest/Page_Store/input_txtprice' is: '70'

2018-05-17 13:39:30 - [TEST_STEP][PASSED] - Statement - out.println("Stock QTY : " + StockQty): null

2018-05-17 13:39:30 - [TEST_STEP][PASSED] - delay: Delayed 1 second(s)

2018-05-17 13:39:31 - [MESSAGE][PASSED] - Delayed 1 second(s)

2018-05-17 13:39:31 - [TEST_STEP][PASSED] - Statement - If (java.lang.Integer.valueOf(StockQty) >= java.lang.Integer.valueOf(RequestedQty)): null

2018-05-17 13:39:31 - [TEST_STEP][PASSED] - delay: Delayed 1 second(s)

2018-05-17 13:39:32 - [MESSAGE][PASSED] - Delayed 1 second(s)

2018-05-17 13:39:32 - [TEST_STEP][PASSED] - setText: Text '10' is set on object 'Object Repository/PharmacyRequest/Page_Store/input_txtqty'

2018-05-17 13:39:32 - [MESSAGE][PASSED] - Text '10' is set on object 'Object Repository/PharmacyRequest/Page_Store/input_txtqty'

2018-05-17 13:39:32 - [TEST_STEP][PASSED] - click: Object: 'Object Repository/PharmacyRequest/Page_Store/button_Add' is clicked on

2018-05-17 13:39:32 - [MESSAGE][PASSED] - Object: 'Object Repository/PharmacyRequest/Page_Store/button_Add' is clicked on

2018-05-17 13:39:32 - [TEST_STEP][PASSED] - Statement - Break: null

2018-05-17 13:39:32 - [TEST_STEP][PASSED] - scrollToElement: Scroll to object 'Object Repository/PharmacyRequest/Page_Store/input_btnSubmit' successfully

2018-05-17 13:39:32 - [MESSAGE][PASSED] - Scroll to object 'Object Repository/PharmacyRequest/Page_Store/input_btnSubmit' successfully

2018-05-17 13:39:32 - [TEST_STEP][PASSED] - click: Object: 'Object Repository/PharmacyRequest/Page_Store/input_btnSubmit' is clicked on

2018-05-17 13:39:32 - [MESSAGE][PASSED] - Object: 'Object Repository/PharmacyRequest/Page_Store/input_btnSubmit' is clicked on

2018-05-17 13:39:32 - [TEST_STEP][PASSED] - delay: Delayed 3 second(s)

2018-05-17 13:39:35 - [MESSAGE][PASSED] - Delayed 3 second(s)

2018-05-17 13:39:35 - [TEST_STEP][PASSED] - click: Object: 'Object Repository/PharmacyRequest/Page_Store/button_OK' is clicked on

2018-05-17 13:39:36 - [MESSAGE][PASSED] - Object: 'Object Repository/PharmacyRequest/Page_Store/button_OK' is clicked on

2018-05-17 13:39:36 - [TEST_STEP][PASSED] - delay: Delayed 3 second(s)

2018-05-17 13:39:39 - [MESSAGE][PASSED] - Delayed 3 second(s)

2018-05-17 13:39:39 - [TEST_STEP][PASSED] - click: Object: 'Object Repository/PharmacyRequest/Page_Store/a_dropdown-toggle' is clicked on

2018-05-17 13:39:39 - [MESSAGE][PASSED] - Object: 'Object Repository/PharmacyRequest/Page_Store/a_dropdown-toggle' is clicked on

2018-05-17 13:39:39 - [TEST_STEP][PASSED] - click: Object: 'Object Repository/PharmacyRequest/Page_Store/a_Sign out' is clicked on

2018-05-17 13:39:40 - [MESSAGE][PASSED] - Object: 'Object Repository/PharmacyRequest/Page_Store/a_Sign out' is clicked on

2018-05-17 13:39:40 - [TEST_STEP][PASSED] - closeBrowser: Browser is closed

2018-05-17 13:39:40 - [MESSAGE][PASSED] - Browser is closed

2018-05-17 13:39:40 - [TEST_STEP][PASSED] - Statement - out.println("Schedule 7 Pharmacy Request Are Working Successfully"): null]]></system-out>
         <system-err><![CDATA[]]></system-err>
      </testcase>
      <testcase name="Test Cases/PHARMACY TEST CASES/TC_PHAR_008 Verify Schedule 8 Pharmacy Request Are Working Successfully Or Not" classname="Test Cases/PHARMACY TEST CASES/TC_PHAR_008 Verify Schedule 8 Pharmacy Request Are Working Successfully Or Not" status="PASSED">
         <system-out><![CDATA[2018-05-17 13:39:41 - [TEST_CASE][PASSED] - Test Cases/PHARMACY TEST CASES/TC_PHAR_008 Verify Schedule 8 Pharmacy Request Are Working Successfully Or Not: Test Cases/PHARMACY TEST CASES/TC_PHAR_008 Verify Schedule 8 Pharmacy Request Are Working Successfully Or Not

2018-05-17 13:39:41 - [TEST_STEP][PASSED] - openBrowser: Browser is opened with url: ''

2018-05-17 13:39:43 - [MESSAGE][PASSED] - Browser is opened with url: ''

2018-05-17 13:39:43 - [TEST_STEP][PASSED] - Statement - out.println("Verify Schedule 8 Pharmacy Request Are Working Successfully Or Not"): null

2018-05-17 13:39:43 - [TEST_STEP][PASSED] - navigateToUrl: Navigate to 'http://192.168.137.1/multihospital_new/' successfully

2018-05-17 13:39:44 - [MESSAGE][PASSED] - Navigate to 'http://192.168.137.1/multihospital_new/' successfully

2018-05-17 13:39:44 - [TEST_STEP][PASSED] - maximizeWindow: Current window maximized

2018-05-17 13:39:45 - [MESSAGE][PASSED] - Current window maximized

2018-05-17 13:39:45 - [TEST_STEP][PASSED] - click: Object: 'Object Repository/PharmacyRequest/Page_KDMC/a_Pharmacy' is clicked on

2018-05-17 13:39:46 - [MESSAGE][PASSED] - Object: 'Object Repository/PharmacyRequest/Page_KDMC/a_Pharmacy' is clicked on

2018-05-17 13:39:46 - [TEST_STEP][PASSED] - setText: Text 'raja' is set on object 'Object Repository/PharmacyRequest/Page_Pharmacy login/input_txtusername'

2018-05-17 13:39:46 - [MESSAGE][PASSED] - Text 'raja' is set on object 'Object Repository/PharmacyRequest/Page_Pharmacy login/input_txtusername'

2018-05-17 13:39:46 - [TEST_STEP][PASSED] - setText: Text '123' is set on object 'Object Repository/PharmacyRequest/Page_Pharmacy login/input_txtpassword'

2018-05-17 13:39:46 - [MESSAGE][PASSED] - Text '123' is set on object 'Object Repository/PharmacyRequest/Page_Pharmacy login/input_txtpassword'

2018-05-17 13:39:46 - [TEST_STEP][PASSED] - delay: Delayed 3 second(s)

2018-05-17 13:39:49 - [MESSAGE][PASSED] - Delayed 3 second(s)

2018-05-17 13:39:49 - [TEST_STEP][PASSED] - click: Object: 'Object Repository/PharmacyRequest/Page_Pharmacy login/button_Sign in' is clicked on

2018-05-17 13:39:50 - [MESSAGE][PASSED] - Object: 'Object Repository/PharmacyRequest/Page_Pharmacy login/button_Sign in' is clicked on

2018-05-17 13:39:50 - [TEST_STEP][PASSED] - delay: Delayed 3 second(s)

2018-05-17 13:39:53 - [MESSAGE][PASSED] - Delayed 3 second(s)

2018-05-17 13:39:53 - [TEST_STEP][PASSED] - click: Object: 'Object Repository/PharmacyRequest/Page_KDMC - Pharmacy/a_Inventory' is clicked on

2018-05-17 13:39:55 - [MESSAGE][PASSED] - Object: 'Object Repository/PharmacyRequest/Page_KDMC - Pharmacy/a_Inventory' is clicked on

2018-05-17 13:39:55 - [TEST_STEP][PASSED] - delay: Delayed 3 second(s)

2018-05-17 13:39:58 - [MESSAGE][PASSED] - Delayed 3 second(s)

2018-05-17 13:39:58 - [TEST_STEP][PASSED] - click: Object: 'Object Repository/PharmacyRequest/Page_KDMC-Pharmacy/a_Store Request' is clicked on

2018-05-17 13:39:58 - [MESSAGE][PASSED] - Object: 'Object Repository/PharmacyRequest/Page_KDMC-Pharmacy/a_Store Request' is clicked on

2018-05-17 13:39:58 - [TEST_STEP][PASSED] - click: Object: 'Object Repository/PharmacyRequest/Page_KDMC-Pharmacy/a_Medicine Request' is clicked on

2018-05-17 13:39:59 - [MESSAGE][PASSED] - Object: 'Object Repository/PharmacyRequest/Page_KDMC-Pharmacy/a_Medicine Request' is clicked on

2018-05-17 13:39:59 - [TEST_STEP][PASSED] - selectOptionByIndex: All options with index in [8] are selected on object 'Object Repository/PharmacyRequest/Page_KDMC-Pharmacy/select_--Select--Schedule 1Inj'

2018-05-17 13:39:59 - [MESSAGE][PASSED] - All options with index in [8] are selected on object 'Object Repository/PharmacyRequest/Page_KDMC-Pharmacy/select_--Select--Schedule 1Inj'

2018-05-17 13:39:59 - [TEST_STEP][PASSED] - Statement - MedicineLength = com.kms.katalon.core.webui.keyword.WebUiBuiltInKeywords.getNumberOfTotalOption(com.kms.katalon.core.testobject.ObjectRepository.findTestObject(PharmacyRequest/Page_KDMC-Pharmacy/select_--Select--Albendazole)): 18 options of object 'Object Repository/PharmacyRequest/Page_KDMC-Pharmacy/select_--Select--Albendazole' counted

2018-05-17 13:39:59 - [MESSAGE][PASSED] - 18 options of object 'Object Repository/PharmacyRequest/Page_KDMC-Pharmacy/select_--Select--Albendazole' counted

2018-05-17 13:39:59 - [TEST_STEP][PASSED] - Statement - For ([l = 1, l <= MedicineLength - 1, (l++)]): Object: 'Object Repository/PharmacyRequest/Page_KDMC-Pharmacy/button_Add' is clicked on

2018-05-17 13:39:59 - [TEST_STEP][PASSED] - selectOptionByIndex: All options with index in [8] are selected on object 'Object Repository/PharmacyRequest/Page_KDMC-Pharmacy/select_--Select--Schedule 1Inj'

2018-05-17 13:39:59 - [MESSAGE][PASSED] - All options with index in [8] are selected on object 'Object Repository/PharmacyRequest/Page_KDMC-Pharmacy/select_--Select--Schedule 1Inj'

2018-05-17 13:39:59 - [TEST_STEP][PASSED] - selectOptionByIndex: All options with index in [1] are selected on object 'Object Repository/PharmacyRequest/Page_KDMC-Pharmacy/select_--Select--Albendazole'

2018-05-17 13:39:59 - [MESSAGE][PASSED] - All options with index in [1] are selected on object 'Object Repository/PharmacyRequest/Page_KDMC-Pharmacy/select_--Select--Albendazole'

2018-05-17 13:39:59 - [TEST_STEP][PASSED] - setText: Text '10' is set on object 'Object Repository/PharmacyRequest/Page_KDMC-Pharmacy/input_txttreat'

2018-05-17 13:39:59 - [MESSAGE][PASSED] - Text '10' is set on object 'Object Repository/PharmacyRequest/Page_KDMC-Pharmacy/input_txttreat'

2018-05-17 13:39:59 - [TEST_STEP][PASSED] - click: Object: 'Object Repository/PharmacyRequest/Page_KDMC-Pharmacy/button_Add' is clicked on

2018-05-17 13:39:59 - [MESSAGE][PASSED] - Object: 'Object Repository/PharmacyRequest/Page_KDMC-Pharmacy/button_Add' is clicked on

2018-05-17 13:39:59 - [TEST_STEP][PASSED] - selectOptionByIndex: All options with index in [8] are selected on object 'Object Repository/PharmacyRequest/Page_KDMC-Pharmacy/select_--Select--Schedule 1Inj'

2018-05-17 13:39:59 - [MESSAGE][PASSED] - All options with index in [8] are selected on object 'Object Repository/PharmacyRequest/Page_KDMC-Pharmacy/select_--Select--Schedule 1Inj'

2018-05-17 13:39:59 - [TEST_STEP][PASSED] - selectOptionByIndex: All options with index in [2] are selected on object 'Object Repository/PharmacyRequest/Page_KDMC-Pharmacy/select_--Select--Albendazole'

2018-05-17 13:40:00 - [MESSAGE][PASSED] - All options with index in [2] are selected on object 'Object Repository/PharmacyRequest/Page_KDMC-Pharmacy/select_--Select--Albendazole'

2018-05-17 13:40:00 - [TEST_STEP][PASSED] - setText: Text '10' is set on object 'Object Repository/PharmacyRequest/Page_KDMC-Pharmacy/input_txttreat'

2018-05-17 13:40:00 - [MESSAGE][PASSED] - Text '10' is set on object 'Object Repository/PharmacyRequest/Page_KDMC-Pharmacy/input_txttreat'

2018-05-17 13:40:00 - [TEST_STEP][PASSED] - click: Object: 'Object Repository/PharmacyRequest/Page_KDMC-Pharmacy/button_Add' is clicked on

2018-05-17 13:40:00 - [MESSAGE][PASSED] - Object: 'Object Repository/PharmacyRequest/Page_KDMC-Pharmacy/button_Add' is clicked on

2018-05-17 13:40:00 - [TEST_STEP][PASSED] - selectOptionByIndex: All options with index in [8] are selected on object 'Object Repository/PharmacyRequest/Page_KDMC-Pharmacy/select_--Select--Schedule 1Inj'

2018-05-17 13:40:00 - [MESSAGE][PASSED] - All options with index in [8] are selected on object 'Object Repository/PharmacyRequest/Page_KDMC-Pharmacy/select_--Select--Schedule 1Inj'

2018-05-17 13:40:00 - [TEST_STEP][PASSED] - selectOptionByIndex: All options with index in [3] are selected on object 'Object Repository/PharmacyRequest/Page_KDMC-Pharmacy/select_--Select--Albendazole'

2018-05-17 13:40:00 - [MESSAGE][PASSED] - All options with index in [3] are selected on object 'Object Repository/PharmacyRequest/Page_KDMC-Pharmacy/select_--Select--Albendazole'

2018-05-17 13:40:00 - [TEST_STEP][PASSED] - setText: Text '10' is set on object 'Object Repository/PharmacyRequest/Page_KDMC-Pharmacy/input_txttreat'

2018-05-17 13:40:00 - [MESSAGE][PASSED] - Text '10' is set on object 'Object Repository/PharmacyRequest/Page_KDMC-Pharmacy/input_txttreat'

2018-05-17 13:40:00 - [TEST_STEP][PASSED] - click: Object: 'Object Repository/PharmacyRequest/Page_KDMC-Pharmacy/button_Add' is clicked on

2018-05-17 13:40:00 - [MESSAGE][PASSED] - Object: 'Object Repository/PharmacyRequest/Page_KDMC-Pharmacy/button_Add' is clicked on

2018-05-17 13:40:00 - [TEST_STEP][PASSED] - selectOptionByIndex: All options with index in [8] are selected on object 'Object Repository/PharmacyRequest/Page_KDMC-Pharmacy/select_--Select--Schedule 1Inj'

2018-05-17 13:40:00 - [MESSAGE][PASSED] - All options with index in [8] are selected on object 'Object Repository/PharmacyRequest/Page_KDMC-Pharmacy/select_--Select--Schedule 1Inj'

2018-05-17 13:40:00 - [TEST_STEP][PASSED] - selectOptionByIndex: All options with index in [4] are selected on object 'Object Repository/PharmacyRequest/Page_KDMC-Pharmacy/select_--Select--Albendazole'

2018-05-17 13:40:00 - [MESSAGE][PASSED] - All options with index in [4] are selected on object 'Object Repository/PharmacyRequest/Page_KDMC-Pharmacy/select_--Select--Albendazole'

2018-05-17 13:40:00 - [TEST_STEP][PASSED] - setText: Text '10' is set on object 'Object Repository/PharmacyRequest/Page_KDMC-Pharmacy/input_txttreat'

2018-05-17 13:40:01 - [MESSAGE][PASSED] - Text '10' is set on object 'Object Repository/PharmacyRequest/Page_KDMC-Pharmacy/input_txttreat'

2018-05-17 13:40:01 - [TEST_STEP][PASSED] - click: Object: 'Object Repository/PharmacyRequest/Page_KDMC-Pharmacy/button_Add' is clicked on

2018-05-17 13:40:01 - [MESSAGE][PASSED] - Object: 'Object Repository/PharmacyRequest/Page_KDMC-Pharmacy/button_Add' is clicked on

2018-05-17 13:40:01 - [TEST_STEP][PASSED] - selectOptionByIndex: All options with index in [8] are selected on object 'Object Repository/PharmacyRequest/Page_KDMC-Pharmacy/select_--Select--Schedule 1Inj'

2018-05-17 13:40:01 - [MESSAGE][PASSED] - All options with index in [8] are selected on object 'Object Repository/PharmacyRequest/Page_KDMC-Pharmacy/select_--Select--Schedule 1Inj'

2018-05-17 13:40:01 - [TEST_STEP][PASSED] - selectOptionByIndex: All options with index in [5] are selected on object 'Object Repository/PharmacyRequest/Page_KDMC-Pharmacy/select_--Select--Albendazole'

2018-05-17 13:40:01 - [MESSAGE][PASSED] - All options with index in [5] are selected on object 'Object Repository/PharmacyRequest/Page_KDMC-Pharmacy/select_--Select--Albendazole'

2018-05-17 13:40:01 - [TEST_STEP][PASSED] - setText: Text '10' is set on object 'Object Repository/PharmacyRequest/Page_KDMC-Pharmacy/input_txttreat'

2018-05-17 13:40:01 - [MESSAGE][PASSED] - Text '10' is set on object 'Object Repository/PharmacyRequest/Page_KDMC-Pharmacy/input_txttreat'

2018-05-17 13:40:01 - [TEST_STEP][PASSED] - click: Object: 'Object Repository/PharmacyRequest/Page_KDMC-Pharmacy/button_Add' is clicked on

2018-05-17 13:40:01 - [MESSAGE][PASSED] - Object: 'Object Repository/PharmacyRequest/Page_KDMC-Pharmacy/button_Add' is clicked on

2018-05-17 13:40:01 - [TEST_STEP][PASSED] - selectOptionByIndex: All options with index in [8] are selected on object 'Object Repository/PharmacyRequest/Page_KDMC-Pharmacy/select_--Select--Schedule 1Inj'

2018-05-17 13:40:01 - [MESSAGE][PASSED] - All options with index in [8] are selected on object 'Object Repository/PharmacyRequest/Page_KDMC-Pharmacy/select_--Select--Schedule 1Inj'

2018-05-17 13:40:01 - [TEST_STEP][PASSED] - selectOptionByIndex: All options with index in [6] are selected on object 'Object Repository/PharmacyRequest/Page_KDMC-Pharmacy/select_--Select--Albendazole'

2018-05-17 13:40:01 - [MESSAGE][PASSED] - All options with index in [6] are selected on object 'Object Repository/PharmacyRequest/Page_KDMC-Pharmacy/select_--Select--Albendazole'

2018-05-17 13:40:01 - [TEST_STEP][PASSED] - setText: Text '10' is set on object 'Object Repository/PharmacyRequest/Page_KDMC-Pharmacy/input_txttreat'

2018-05-17 13:40:01 - [MESSAGE][PASSED] - Text '10' is set on object 'Object Repository/PharmacyRequest/Page_KDMC-Pharmacy/input_txttreat'

2018-05-17 13:40:01 - [TEST_STEP][PASSED] - click: Object: 'Object Repository/PharmacyRequest/Page_KDMC-Pharmacy/button_Add' is clicked on

2018-05-17 13:40:01 - [MESSAGE][PASSED] - Object: 'Object Repository/PharmacyRequest/Page_KDMC-Pharmacy/button_Add' is clicked on

2018-05-17 13:40:01 - [TEST_STEP][PASSED] - selectOptionByIndex: All options with index in [8] are selected on object 'Object Repository/PharmacyRequest/Page_KDMC-Pharmacy/select_--Select--Schedule 1Inj'

2018-05-17 13:40:02 - [MESSAGE][PASSED] - All options with index in [8] are selected on object 'Object Repository/PharmacyRequest/Page_KDMC-Pharmacy/select_--Select--Schedule 1Inj'

2018-05-17 13:40:02 - [TEST_STEP][PASSED] - selectOptionByIndex: All options with index in [7] are selected on object 'Object Repository/PharmacyRequest/Page_KDMC-Pharmacy/select_--Select--Albendazole'

2018-05-17 13:40:02 - [MESSAGE][PASSED] - All options with index in [7] are selected on object 'Object Repository/PharmacyRequest/Page_KDMC-Pharmacy/select_--Select--Albendazole'

2018-05-17 13:40:02 - [TEST_STEP][PASSED] - setText: Text '10' is set on object 'Object Repository/PharmacyRequest/Page_KDMC-Pharmacy/input_txttreat'

2018-05-17 13:40:02 - [MESSAGE][PASSED] - Text '10' is set on object 'Object Repository/PharmacyRequest/Page_KDMC-Pharmacy/input_txttreat'

2018-05-17 13:40:02 - [TEST_STEP][PASSED] - click: Object: 'Object Repository/PharmacyRequest/Page_KDMC-Pharmacy/button_Add' is clicked on

2018-05-17 13:40:02 - [MESSAGE][PASSED] - Object: 'Object Repository/PharmacyRequest/Page_KDMC-Pharmacy/button_Add' is clicked on

2018-05-17 13:40:02 - [TEST_STEP][PASSED] - selectOptionByIndex: All options with index in [8] are selected on object 'Object Repository/PharmacyRequest/Page_KDMC-Pharmacy/select_--Select--Schedule 1Inj'

2018-05-17 13:40:02 - [MESSAGE][PASSED] - All options with index in [8] are selected on object 'Object Repository/PharmacyRequest/Page_KDMC-Pharmacy/select_--Select--Schedule 1Inj'

2018-05-17 13:40:02 - [TEST_STEP][PASSED] - selectOptionByIndex: All options with index in [8] are selected on object 'Object Repository/PharmacyRequest/Page_KDMC-Pharmacy/select_--Select--Albendazole'

2018-05-17 13:40:02 - [MESSAGE][PASSED] - All options with index in [8] are selected on object 'Object Repository/PharmacyRequest/Page_KDMC-Pharmacy/select_--Select--Albendazole'

2018-05-17 13:40:02 - [TEST_STEP][PASSED] - setText: Text '10' is set on object 'Object Repository/PharmacyRequest/Page_KDMC-Pharmacy/input_txttreat'

2018-05-17 13:40:02 - [MESSAGE][PASSED] - Text '10' is set on object 'Object Repository/PharmacyRequest/Page_KDMC-Pharmacy/input_txttreat'

2018-05-17 13:40:02 - [TEST_STEP][PASSED] - click: Object: 'Object Repository/PharmacyRequest/Page_KDMC-Pharmacy/button_Add' is clicked on

2018-05-17 13:40:02 - [MESSAGE][PASSED] - Object: 'Object Repository/PharmacyRequest/Page_KDMC-Pharmacy/button_Add' is clicked on

2018-05-17 13:40:02 - [TEST_STEP][PASSED] - selectOptionByIndex: All options with index in [8] are selected on object 'Object Repository/PharmacyRequest/Page_KDMC-Pharmacy/select_--Select--Schedule 1Inj'

2018-05-17 13:40:02 - [MESSAGE][PASSED] - All options with index in [8] are selected on object 'Object Repository/PharmacyRequest/Page_KDMC-Pharmacy/select_--Select--Schedule 1Inj'

2018-05-17 13:40:02 - [TEST_STEP][PASSED] - selectOptionByIndex: All options with index in [9] are selected on object 'Object Repository/PharmacyRequest/Page_KDMC-Pharmacy/select_--Select--Albendazole'

2018-05-17 13:40:03 - [MESSAGE][PASSED] - All options with index in [9] are selected on object 'Object Repository/PharmacyRequest/Page_KDMC-Pharmacy/select_--Select--Albendazole'

2018-05-17 13:40:03 - [TEST_STEP][PASSED] - setText: Text '10' is set on object 'Object Repository/PharmacyRequest/Page_KDMC-Pharmacy/input_txttreat'

2018-05-17 13:40:03 - [MESSAGE][PASSED] - Text '10' is set on object 'Object Repository/PharmacyRequest/Page_KDMC-Pharmacy/input_txttreat'

2018-05-17 13:40:03 - [TEST_STEP][PASSED] - click: Object: 'Object Repository/PharmacyRequest/Page_KDMC-Pharmacy/button_Add' is clicked on

2018-05-17 13:40:03 - [MESSAGE][PASSED] - Object: 'Object Repository/PharmacyRequest/Page_KDMC-Pharmacy/button_Add' is clicked on

2018-05-17 13:40:03 - [TEST_STEP][PASSED] - selectOptionByIndex: All options with index in [8] are selected on object 'Object Repository/PharmacyRequest/Page_KDMC-Pharmacy/select_--Select--Schedule 1Inj'

2018-05-17 13:40:03 - [MESSAGE][PASSED] - All options with index in [8] are selected on object 'Object Repository/PharmacyRequest/Page_KDMC-Pharmacy/select_--Select--Schedule 1Inj'

2018-05-17 13:40:03 - [TEST_STEP][PASSED] - selectOptionByIndex: All options with index in [10] are selected on object 'Object Repository/PharmacyRequest/Page_KDMC-Pharmacy/select_--Select--Albendazole'

2018-05-17 13:40:03 - [MESSAGE][PASSED] - All options with index in [10] are selected on object 'Object Repository/PharmacyRequest/Page_KDMC-Pharmacy/select_--Select--Albendazole'

2018-05-17 13:40:03 - [TEST_STEP][PASSED] - setText: Text '10' is set on object 'Object Repository/PharmacyRequest/Page_KDMC-Pharmacy/input_txttreat'

2018-05-17 13:40:03 - [MESSAGE][PASSED] - Text '10' is set on object 'Object Repository/PharmacyRequest/Page_KDMC-Pharmacy/input_txttreat'

2018-05-17 13:40:03 - [TEST_STEP][PASSED] - click: Object: 'Object Repository/PharmacyRequest/Page_KDMC-Pharmacy/button_Add' is clicked on

2018-05-17 13:40:03 - [MESSAGE][PASSED] - Object: 'Object Repository/PharmacyRequest/Page_KDMC-Pharmacy/button_Add' is clicked on

2018-05-17 13:40:03 - [TEST_STEP][PASSED] - selectOptionByIndex: All options with index in [8] are selected on object 'Object Repository/PharmacyRequest/Page_KDMC-Pharmacy/select_--Select--Schedule 1Inj'

2018-05-17 13:40:03 - [MESSAGE][PASSED] - All options with index in [8] are selected on object 'Object Repository/PharmacyRequest/Page_KDMC-Pharmacy/select_--Select--Schedule 1Inj'

2018-05-17 13:40:03 - [TEST_STEP][PASSED] - selectOptionByIndex: All options with index in [11] are selected on object 'Object Repository/PharmacyRequest/Page_KDMC-Pharmacy/select_--Select--Albendazole'

2018-05-17 13:40:03 - [MESSAGE][PASSED] - All options with index in [11] are selected on object 'Object Repository/PharmacyRequest/Page_KDMC-Pharmacy/select_--Select--Albendazole'

2018-05-17 13:40:03 - [TEST_STEP][PASSED] - setText: Text '10' is set on object 'Object Repository/PharmacyRequest/Page_KDMC-Pharmacy/input_txttreat'

2018-05-17 13:40:04 - [MESSAGE][PASSED] - Text '10' is set on object 'Object Repository/PharmacyRequest/Page_KDMC-Pharmacy/input_txttreat'

2018-05-17 13:40:04 - [TEST_STEP][PASSED] - click: Object: 'Object Repository/PharmacyRequest/Page_KDMC-Pharmacy/button_Add' is clicked on

2018-05-17 13:40:04 - [MESSAGE][PASSED] - Object: 'Object Repository/PharmacyRequest/Page_KDMC-Pharmacy/button_Add' is clicked on

2018-05-17 13:40:04 - [TEST_STEP][PASSED] - selectOptionByIndex: All options with index in [8] are selected on object 'Object Repository/PharmacyRequest/Page_KDMC-Pharmacy/select_--Select--Schedule 1Inj'

2018-05-17 13:40:04 - [MESSAGE][PASSED] - All options with index in [8] are selected on object 'Object Repository/PharmacyRequest/Page_KDMC-Pharmacy/select_--Select--Schedule 1Inj'

2018-05-17 13:40:04 - [TEST_STEP][PASSED] - selectOptionByIndex: All options with index in [12] are selected on object 'Object Repository/PharmacyRequest/Page_KDMC-Pharmacy/select_--Select--Albendazole'

2018-05-17 13:40:04 - [MESSAGE][PASSED] - All options with index in [12] are selected on object 'Object Repository/PharmacyRequest/Page_KDMC-Pharmacy/select_--Select--Albendazole'

2018-05-17 13:40:04 - [TEST_STEP][PASSED] - setText: Text '10' is set on object 'Object Repository/PharmacyRequest/Page_KDMC-Pharmacy/input_txttreat'

2018-05-17 13:40:04 - [MESSAGE][PASSED] - Text '10' is set on object 'Object Repository/PharmacyRequest/Page_KDMC-Pharmacy/input_txttreat'

2018-05-17 13:40:04 - [TEST_STEP][PASSED] - click: Object: 'Object Repository/PharmacyRequest/Page_KDMC-Pharmacy/button_Add' is clicked on

2018-05-17 13:40:04 - [MESSAGE][PASSED] - Object: 'Object Repository/PharmacyRequest/Page_KDMC-Pharmacy/button_Add' is clicked on

2018-05-17 13:40:04 - [TEST_STEP][PASSED] - selectOptionByIndex: All options with index in [8] are selected on object 'Object Repository/PharmacyRequest/Page_KDMC-Pharmacy/select_--Select--Schedule 1Inj'

2018-05-17 13:40:04 - [MESSAGE][PASSED] - All options with index in [8] are selected on object 'Object Repository/PharmacyRequest/Page_KDMC-Pharmacy/select_--Select--Schedule 1Inj'

2018-05-17 13:40:04 - [TEST_STEP][PASSED] - selectOptionByIndex: All options with index in [13] are selected on object 'Object Repository/PharmacyRequest/Page_KDMC-Pharmacy/select_--Select--Albendazole'

2018-05-17 13:40:04 - [MESSAGE][PASSED] - All options with index in [13] are selected on object 'Object Repository/PharmacyRequest/Page_KDMC-Pharmacy/select_--Select--Albendazole'

2018-05-17 13:40:04 - [TEST_STEP][PASSED] - setText: Text '10' is set on object 'Object Repository/PharmacyRequest/Page_KDMC-Pharmacy/input_txttreat'

2018-05-17 13:40:04 - [MESSAGE][PASSED] - Text '10' is set on object 'Object Repository/PharmacyRequest/Page_KDMC-Pharmacy/input_txttreat'

2018-05-17 13:40:04 - [TEST_STEP][PASSED] - click: Object: 'Object Repository/PharmacyRequest/Page_KDMC-Pharmacy/button_Add' is clicked on

2018-05-17 13:40:04 - [MESSAGE][PASSED] - Object: 'Object Repository/PharmacyRequest/Page_KDMC-Pharmacy/button_Add' is clicked on

2018-05-17 13:40:04 - [TEST_STEP][PASSED] - selectOptionByIndex: All options with index in [8] are selected on object 'Object Repository/PharmacyRequest/Page_KDMC-Pharmacy/select_--Select--Schedule 1Inj'

2018-05-17 13:40:05 - [MESSAGE][PASSED] - All options with index in [8] are selected on object 'Object Repository/PharmacyRequest/Page_KDMC-Pharmacy/select_--Select--Schedule 1Inj'

2018-05-17 13:40:05 - [TEST_STEP][PASSED] - selectOptionByIndex: All options with index in [14] are selected on object 'Object Repository/PharmacyRequest/Page_KDMC-Pharmacy/select_--Select--Albendazole'

2018-05-17 13:40:05 - [MESSAGE][PASSED] - All options with index in [14] are selected on object 'Object Repository/PharmacyRequest/Page_KDMC-Pharmacy/select_--Select--Albendazole'

2018-05-17 13:40:05 - [TEST_STEP][PASSED] - setText: Text '10' is set on object 'Object Repository/PharmacyRequest/Page_KDMC-Pharmacy/input_txttreat'

2018-05-17 13:40:05 - [MESSAGE][PASSED] - Text '10' is set on object 'Object Repository/PharmacyRequest/Page_KDMC-Pharmacy/input_txttreat'

2018-05-17 13:40:05 - [TEST_STEP][PASSED] - click: Object: 'Object Repository/PharmacyRequest/Page_KDMC-Pharmacy/button_Add' is clicked on

2018-05-17 13:40:05 - [MESSAGE][PASSED] - Object: 'Object Repository/PharmacyRequest/Page_KDMC-Pharmacy/button_Add' is clicked on

2018-05-17 13:40:05 - [TEST_STEP][PASSED] - selectOptionByIndex: All options with index in [8] are selected on object 'Object Repository/PharmacyRequest/Page_KDMC-Pharmacy/select_--Select--Schedule 1Inj'

2018-05-17 13:40:05 - [MESSAGE][PASSED] - All options with index in [8] are selected on object 'Object Repository/PharmacyRequest/Page_KDMC-Pharmacy/select_--Select--Schedule 1Inj'

2018-05-17 13:40:05 - [TEST_STEP][PASSED] - selectOptionByIndex: All options with index in [15] are selected on object 'Object Repository/PharmacyRequest/Page_KDMC-Pharmacy/select_--Select--Albendazole'

2018-05-17 13:40:05 - [MESSAGE][PASSED] - All options with index in [15] are selected on object 'Object Repository/PharmacyRequest/Page_KDMC-Pharmacy/select_--Select--Albendazole'

2018-05-17 13:40:05 - [TEST_STEP][PASSED] - setText: Text '10' is set on object 'Object Repository/PharmacyRequest/Page_KDMC-Pharmacy/input_txttreat'

2018-05-17 13:40:05 - [MESSAGE][PASSED] - Text '10' is set on object 'Object Repository/PharmacyRequest/Page_KDMC-Pharmacy/input_txttreat'

2018-05-17 13:40:05 - [TEST_STEP][PASSED] - click: Object: 'Object Repository/PharmacyRequest/Page_KDMC-Pharmacy/button_Add' is clicked on

2018-05-17 13:40:05 - [MESSAGE][PASSED] - Object: 'Object Repository/PharmacyRequest/Page_KDMC-Pharmacy/button_Add' is clicked on

2018-05-17 13:40:05 - [TEST_STEP][PASSED] - selectOptionByIndex: All options with index in [8] are selected on object 'Object Repository/PharmacyRequest/Page_KDMC-Pharmacy/select_--Select--Schedule 1Inj'

2018-05-17 13:40:06 - [MESSAGE][PASSED] - All options with index in [8] are selected on object 'Object Repository/PharmacyRequest/Page_KDMC-Pharmacy/select_--Select--Schedule 1Inj'

2018-05-17 13:40:06 - [TEST_STEP][PASSED] - selectOptionByIndex: All options with index in [16] are selected on object 'Object Repository/PharmacyRequest/Page_KDMC-Pharmacy/select_--Select--Albendazole'

2018-05-17 13:40:06 - [MESSAGE][PASSED] - All options with index in [16] are selected on object 'Object Repository/PharmacyRequest/Page_KDMC-Pharmacy/select_--Select--Albendazole'

2018-05-17 13:40:06 - [TEST_STEP][PASSED] - setText: Text '10' is set on object 'Object Repository/PharmacyRequest/Page_KDMC-Pharmacy/input_txttreat'

2018-05-17 13:40:06 - [MESSAGE][PASSED] - Text '10' is set on object 'Object Repository/PharmacyRequest/Page_KDMC-Pharmacy/input_txttreat'

2018-05-17 13:40:06 - [TEST_STEP][PASSED] - click: Object: 'Object Repository/PharmacyRequest/Page_KDMC-Pharmacy/button_Add' is clicked on

2018-05-17 13:40:06 - [MESSAGE][PASSED] - Object: 'Object Repository/PharmacyRequest/Page_KDMC-Pharmacy/button_Add' is clicked on

2018-05-17 13:40:06 - [TEST_STEP][PASSED] - selectOptionByIndex: All options with index in [8] are selected on object 'Object Repository/PharmacyRequest/Page_KDMC-Pharmacy/select_--Select--Schedule 1Inj'

2018-05-17 13:40:06 - [MESSAGE][PASSED] - All options with index in [8] are selected on object 'Object Repository/PharmacyRequest/Page_KDMC-Pharmacy/select_--Select--Schedule 1Inj'

2018-05-17 13:40:06 - [TEST_STEP][PASSED] - selectOptionByIndex: All options with index in [17] are selected on object 'Object Repository/PharmacyRequest/Page_KDMC-Pharmacy/select_--Select--Albendazole'

2018-05-17 13:40:06 - [MESSAGE][PASSED] - All options with index in [17] are selected on object 'Object Repository/PharmacyRequest/Page_KDMC-Pharmacy/select_--Select--Albendazole'

2018-05-17 13:40:06 - [TEST_STEP][PASSED] - setText: Text '10' is set on object 'Object Repository/PharmacyRequest/Page_KDMC-Pharmacy/input_txttreat'

2018-05-17 13:40:06 - [MESSAGE][PASSED] - Text '10' is set on object 'Object Repository/PharmacyRequest/Page_KDMC-Pharmacy/input_txttreat'

2018-05-17 13:40:06 - [TEST_STEP][PASSED] - click: Object: 'Object Repository/PharmacyRequest/Page_KDMC-Pharmacy/button_Add' is clicked on

2018-05-17 13:40:06 - [MESSAGE][PASSED] - Object: 'Object Repository/PharmacyRequest/Page_KDMC-Pharmacy/button_Add' is clicked on

2018-05-17 13:40:06 - [TEST_STEP][PASSED] - Statement - RN1 = com.kms.katalon.core.webui.keyword.WebUiBuiltInKeywords.getAttribute(com.kms.katalon.core.testobject.ObjectRepository.findTestObject(PharmacyRequest/Page_KDMC-Pharmacy/input_txtno), "value"): Attribute 'value' of object 'Object Repository/PharmacyRequest/Page_KDMC-Pharmacy/input_txtno' is: 'PRNO/17052018/148'

2018-05-17 13:40:06 - [MESSAGE][PASSED] - Attribute 'value' of object 'Object Repository/PharmacyRequest/Page_KDMC-Pharmacy/input_txtno' is: 'PRNO/17052018/148'

2018-05-17 13:40:06 - [TEST_STEP][PASSED] - Statement - out.println(RN1): null

2018-05-17 13:40:06 - [TEST_STEP][PASSED] - Statement - RID = RN1.split("/")[2]: null

2018-05-17 13:40:06 - [TEST_STEP][PASSED] - scrollToElement: Scroll to object 'Object Repository/PharmacyRequest/Page_KDMC-Pharmacy/input_btnsave' successfully

2018-05-17 13:40:07 - [MESSAGE][PASSED] - Scroll to object 'Object Repository/PharmacyRequest/Page_KDMC-Pharmacy/input_btnsave' successfully

2018-05-17 13:40:07 - [TEST_STEP][PASSED] - click: Object: 'Object Repository/PharmacyRequest/Page_KDMC-Pharmacy/input_btnsave' is clicked on

2018-05-17 13:40:07 - [MESSAGE][PASSED] - Object: 'Object Repository/PharmacyRequest/Page_KDMC-Pharmacy/input_btnsave' is clicked on

2018-05-17 13:40:07 - [TEST_STEP][PASSED] - delay: Delayed 3 second(s)

2018-05-17 13:40:10 - [MESSAGE][PASSED] - Delayed 3 second(s)

2018-05-17 13:40:10 - [TEST_STEP][PASSED] - click: Object: 'Object Repository/PharmacyRequest/Page_KDMC-Pharmacy/button_OK' is clicked on

2018-05-17 13:40:10 - [MESSAGE][PASSED] - Object: 'Object Repository/PharmacyRequest/Page_KDMC-Pharmacy/button_OK' is clicked on

2018-05-17 13:40:10 - [TEST_STEP][PASSED] - delay: Delayed 3 second(s)

2018-05-17 13:40:13 - [MESSAGE][PASSED] - Delayed 3 second(s)

2018-05-17 13:40:13 - [TEST_STEP][PASSED] - click: Object: 'Object Repository/PharmacyRequest/Page_KDMC-Pharmacy/a_Back to Pharmacy' is clicked on

2018-05-17 13:40:15 - [MESSAGE][PASSED] - Object: 'Object Repository/PharmacyRequest/Page_KDMC-Pharmacy/a_Back to Pharmacy' is clicked on

2018-05-17 13:40:15 - [TEST_STEP][PASSED] - delay: Delayed 3 second(s)

2018-05-17 13:40:18 - [MESSAGE][PASSED] - Delayed 3 second(s)

2018-05-17 13:40:18 - [TEST_STEP][PASSED] - click: Object: 'Object Repository/PharmacyRequest/Page_KDMC - Pharmacy/a_dropdown-toggle' is clicked on

2018-05-17 13:40:18 - [MESSAGE][PASSED] - Object: 'Object Repository/PharmacyRequest/Page_KDMC - Pharmacy/a_dropdown-toggle' is clicked on

2018-05-17 13:40:18 - [TEST_STEP][PASSED] - click: Object: 'Object Repository/PharmacyRequest/Page_KDMC - Pharmacy/a_Sign out' is clicked on

2018-05-17 13:40:18 - [MESSAGE][PASSED] - Object: 'Object Repository/PharmacyRequest/Page_KDMC - Pharmacy/a_Sign out' is clicked on

2018-05-17 13:40:18 - [TEST_STEP][PASSED] - delay: Delayed 3 second(s)

2018-05-17 13:40:21 - [MESSAGE][PASSED] - Delayed 3 second(s)

2018-05-17 13:40:21 - [TEST_STEP][PASSED] - click: Object: 'Object Repository/PharmacyRequest/Page_KDMC/a_CMO' is clicked on

2018-05-17 13:40:22 - [MESSAGE][PASSED] - Object: 'Object Repository/PharmacyRequest/Page_KDMC/a_CMO' is clicked on

2018-05-17 13:40:22 - [TEST_STEP][PASSED] - setText: Text 'guru' is set on object 'Object Repository/PharmacyRequest/Page_CMO login/input_txtusername'

2018-05-17 13:40:22 - [MESSAGE][PASSED] - Text 'guru' is set on object 'Object Repository/PharmacyRequest/Page_CMO login/input_txtusername'

2018-05-17 13:40:22 - [TEST_STEP][PASSED] - setText: Text '123' is set on object 'Object Repository/PharmacyRequest/Page_CMO login/input_txtpassword'

2018-05-17 13:40:22 - [MESSAGE][PASSED] - Text '123' is set on object 'Object Repository/PharmacyRequest/Page_CMO login/input_txtpassword'

2018-05-17 13:40:22 - [TEST_STEP][PASSED] - delay: Delayed 3 second(s)

2018-05-17 13:40:25 - [MESSAGE][PASSED] - Delayed 3 second(s)

2018-05-17 13:40:25 - [TEST_STEP][PASSED] - click: Object: 'Object Repository/PharmacyRequest/Page_CMO login/button_Sign in' is clicked on

2018-05-17 13:40:26 - [MESSAGE][PASSED] - Object: 'Object Repository/PharmacyRequest/Page_CMO login/button_Sign in' is clicked on

2018-05-17 13:40:26 - [TEST_STEP][PASSED] - click: Object: 'Object Repository/PharmacyRequest/Page_KDMC - CMO/a_Department Wise Request' is clicked on

2018-05-17 13:40:26 - [MESSAGE][PASSED] - Object: 'Object Repository/PharmacyRequest/Page_KDMC - CMO/a_Department Wise Request' is clicked on

2018-05-17 13:40:26 - [TEST_STEP][PASSED] - selectOptionByIndex: All options with index in [2] are selected on object 'Object Repository/PharmacyRequest/Page_KDMC - CMO/select_--ALL--'

2018-05-17 13:40:26 - [MESSAGE][PASSED] - All options with index in [2] are selected on object 'Object Repository/PharmacyRequest/Page_KDMC - CMO/select_--ALL--'

2018-05-17 13:40:26 - [TEST_STEP][PASSED] - selectOptionByIndex: All options with index in [1] are selected on object 'Object Repository/PharmacyRequest/Page_KDMC - CMO/select_--ALL--                _1'

2018-05-17 13:40:26 - [MESSAGE][PASSED] - All options with index in [1] are selected on object 'Object Repository/PharmacyRequest/Page_KDMC - CMO/select_--ALL--                _1'

2018-05-17 13:40:26 - [TEST_STEP][PASSED] - click: Object: 'Object Repository/PharmacyRequest/Page_KDMC - CMO/input_btnsearch' is clicked on

2018-05-17 13:40:26 - [MESSAGE][PASSED] - Object: 'Object Repository/PharmacyRequest/Page_KDMC - CMO/input_btnsearch' is clicked on

2018-05-17 13:40:26 - [TEST_STEP][PASSED] - Statement - ID = com.kms.katalon.core.webui.keyword.WebUiBuiltInKeywords.modifyObjectProperty(com.kms.katalon.core.testobject.ObjectRepository.findTestObject(PharmacyRequest/Page_KDMC - CMO/input_2), "xpath", "equals", "//*[@id=" + RID + "]", true): Modify property of object successfully

2018-05-17 13:40:26 - [MESSAGE][PASSED] - Modify property of object successfully

2018-05-17 13:40:26 - [TEST_STEP][PASSED] - click: Object: 'Object Repository/PharmacyRequest/Page_KDMC - CMO/input_2' is clicked on

2018-05-17 13:40:27 - [MESSAGE][PASSED] - Object: 'Object Repository/PharmacyRequest/Page_KDMC - CMO/input_2' is clicked on

2018-05-17 13:40:27 - [TEST_STEP][PASSED] - delay: Delayed 3 second(s)

2018-05-17 13:40:30 - [MESSAGE][PASSED] - Delayed 3 second(s)

2018-05-17 13:40:30 - [TEST_STEP][PASSED] - selectOptionByIndex: All options with index in [1] are selected on object 'Object Repository/PharmacyRequest/Page_KDMC - CMO/select_--Select--'

2018-05-17 13:40:30 - [MESSAGE][PASSED] - All options with index in [1] are selected on object 'Object Repository/PharmacyRequest/Page_KDMC - CMO/select_--Select--'

2018-05-17 13:40:30 - [TEST_STEP][PASSED] - click: Object: 'Object Repository/PharmacyRequest/Page_KDMC - CMO/input_btnupdate' is clicked on

2018-05-17 13:40:30 - [MESSAGE][PASSED] - Object: 'Object Repository/PharmacyRequest/Page_KDMC - CMO/input_btnupdate' is clicked on

2018-05-17 13:40:30 - [TEST_STEP][PASSED] - delay: Delayed 3 second(s)

2018-05-17 13:40:33 - [MESSAGE][PASSED] - Delayed 3 second(s)

2018-05-17 13:40:33 - [TEST_STEP][PASSED] - click: Object: 'Object Repository/PharmacyRequest/Page_KDMC - CMO/button_OK' is clicked on

2018-05-17 13:40:34 - [MESSAGE][PASSED] - Object: 'Object Repository/PharmacyRequest/Page_KDMC - CMO/button_OK' is clicked on

2018-05-17 13:40:34 - [TEST_STEP][PASSED] - delay: Delayed 3 second(s)

2018-05-17 13:40:37 - [MESSAGE][PASSED] - Delayed 3 second(s)

2018-05-17 13:40:37 - [TEST_STEP][PASSED] - click: Object: 'Object Repository/PharmacyRequest/Page_KDMC - CMO/a_dropdown-toggle' is clicked on

2018-05-17 13:40:37 - [MESSAGE][PASSED] - Object: 'Object Repository/PharmacyRequest/Page_KDMC - CMO/a_dropdown-toggle' is clicked on

2018-05-17 13:40:37 - [TEST_STEP][PASSED] - click: Object: 'Object Repository/PharmacyRequest/Page_KDMC - CMO/a_Sign out' is clicked on

2018-05-17 13:40:37 - [MESSAGE][PASSED] - Object: 'Object Repository/PharmacyRequest/Page_KDMC - CMO/a_Sign out' is clicked on

2018-05-17 13:40:37 - [TEST_STEP][PASSED] - delay: Delayed 3 second(s)

2018-05-17 13:40:40 - [MESSAGE][PASSED] - Delayed 3 second(s)

2018-05-17 13:40:40 - [TEST_STEP][PASSED] - click: Object: 'Object Repository/PharmacyRequest/Page_KDMC/a_Divisional Store' is clicked on

2018-05-17 13:40:41 - [MESSAGE][PASSED] - Object: 'Object Repository/PharmacyRequest/Page_KDMC/a_Divisional Store' is clicked on

2018-05-17 13:40:41 - [TEST_STEP][PASSED] - setText: Text 'ragu' is set on object 'Object Repository/PharmacyRequest/Page_Divisonal Store Login/input_txtusername'

2018-05-17 13:40:41 - [MESSAGE][PASSED] - Text 'ragu' is set on object 'Object Repository/PharmacyRequest/Page_Divisonal Store Login/input_txtusername'

2018-05-17 13:40:41 - [TEST_STEP][PASSED] - setText: Text '123' is set on object 'Object Repository/PharmacyRequest/Page_Divisonal Store Login/input_txtpassword'

2018-05-17 13:40:41 - [MESSAGE][PASSED] - Text '123' is set on object 'Object Repository/PharmacyRequest/Page_Divisonal Store Login/input_txtpassword'

2018-05-17 13:40:41 - [TEST_STEP][PASSED] - delay: Delayed 3 second(s)

2018-05-17 13:40:44 - [MESSAGE][PASSED] - Delayed 3 second(s)

2018-05-17 13:40:44 - [TEST_STEP][PASSED] - click: Object: 'Object Repository/PharmacyRequest/Page_Divisonal Store Login/button_Sign in' is clicked on

2018-05-17 13:40:45 - [MESSAGE][PASSED] - Object: 'Object Repository/PharmacyRequest/Page_Divisonal Store Login/button_Sign in' is clicked on

2018-05-17 13:40:45 - [TEST_STEP][PASSED] - delay: Delayed 3 second(s)

2018-05-17 13:40:48 - [MESSAGE][PASSED] - Delayed 3 second(s)

2018-05-17 13:40:48 - [TEST_STEP][PASSED] - click: Object: 'Object Repository/PharmacyRequest/Page_Store/a_Pharmacy Request' is clicked on

2018-05-17 13:40:48 - [MESSAGE][PASSED] - Object: 'Object Repository/PharmacyRequest/Page_Store/a_Pharmacy Request' is clicked on

2018-05-17 13:40:48 - [TEST_STEP][PASSED] - click: Object: 'Object Repository/PharmacyRequest/Page_Store/a_Request Item Pharmacy' is clicked on

2018-05-17 13:40:48 - [MESSAGE][PASSED] - Object: 'Object Repository/PharmacyRequest/Page_Store/a_Request Item Pharmacy' is clicked on

2018-05-17 13:40:48 - [TEST_STEP][PASSED] - delay: Delayed 2 second(s)

2018-05-17 13:40:50 - [MESSAGE][PASSED] - Delayed 2 second(s)

2018-05-17 13:40:50 - [TEST_STEP][PASSED] - setText: Text 'PRNO/17052018/148' is set on object 'Object Repository/PharmacyRequest/Page_Store/input'

2018-05-17 13:40:51 - [MESSAGE][PASSED] - Text 'PRNO/17052018/148' is set on object 'Object Repository/PharmacyRequest/Page_Store/input'

2018-05-17 13:40:51 - [TEST_STEP][PASSED] - delay: Delayed 2 second(s)

2018-05-17 13:40:53 - [MESSAGE][PASSED] - Delayed 2 second(s)

2018-05-17 13:40:53 - [TEST_STEP][PASSED] - Statement - ChooseRequest = com.kms.katalon.core.webui.keyword.WebUiBuiltInKeywords.modifyObjectProperty(com.kms.katalon.core.testobject.ObjectRepository.findTestObject(PharmacyRequest/Page_Store/input_2), "xpath", "equals", "//*[@id=" + RID + "]", true): Modify property of object successfully

2018-05-17 13:40:53 - [MESSAGE][PASSED] - Modify property of object successfully

2018-05-17 13:40:53 - [TEST_STEP][PASSED] - click: Object: 'Object Repository/PharmacyRequest/Page_Store/input_2' is clicked on

2018-05-17 13:40:53 - [MESSAGE][PASSED] - Object: 'Object Repository/PharmacyRequest/Page_Store/input_2' is clicked on

2018-05-17 13:40:53 - [TEST_STEP][PASSED] - delay: Delayed 2 second(s)

2018-05-17 13:40:55 - [MESSAGE][PASSED] - Delayed 2 second(s)

2018-05-17 13:40:55 - [TEST_STEP][PASSED] - Statement - selectedoptions = com.kms.katalon.core.webui.keyword.WebUiBuiltInKeywords.getNumberOfTotalOption(com.kms.katalon.core.testobject.ObjectRepository.findTestObject(PharmacyRequest/Page_Store/select_--Select--Amlodepin -5)): 18 options of object 'Object Repository/PharmacyRequest/Page_Store/select_--Select--Amlodepin -5' counted

2018-05-17 13:40:55 - [MESSAGE][PASSED] - 18 options of object 'Object Repository/PharmacyRequest/Page_Store/select_--Select--Amlodepin -5' counted

2018-05-17 13:40:55 - [TEST_STEP][PASSED] - Statement - For ([a = 1, a <= selectedoptions - 1, (a++)]): null

2018-05-17 13:40:55 - [TEST_STEP][PASSED] - selectOptionByIndex: All options with index in [1] are selected on object 'Object Repository/PharmacyRequest/Page_Store/select_--Select--Amlodepin -5'

2018-05-17 13:40:55 - [MESSAGE][PASSED] - All options with index in [1] are selected on object 'Object Repository/PharmacyRequest/Page_Store/select_--Select--Amlodepin -5'

2018-05-17 13:40:55 - [TEST_STEP][PASSED] - delay: Delayed 1 second(s)

2018-05-17 13:40:56 - [MESSAGE][PASSED] - Delayed 1 second(s)

2018-05-17 13:40:56 - [TEST_STEP][PASSED] - Statement - RequestedQty = com.kms.katalon.core.webui.keyword.WebUiBuiltInKeywords.getAttribute(com.kms.katalon.core.testobject.ObjectRepository.findTestObject(PharmacyRequest/Page_Store/input_txttotal), "value"): Attribute 'value' of object 'Object Repository/PharmacyRequest/Page_Store/input_txttotal' is: '10'

2018-05-17 13:40:56 - [MESSAGE][PASSED] - Attribute 'value' of object 'Object Repository/PharmacyRequest/Page_Store/input_txttotal' is: '10'

2018-05-17 13:40:56 - [TEST_STEP][PASSED] - Statement - out.println("Requested QTY : " + RequestedQty): null

2018-05-17 13:40:56 - [TEST_STEP][PASSED] - Statement - BatchNumber = com.kms.katalon.core.webui.keyword.WebUiBuiltInKeywords.getNumberOfTotalOption(com.kms.katalon.core.testobject.ObjectRepository.findTestObject(PharmacyRequest/Page_Store/select_--Select--BA50)): 2 options of object 'Object Repository/PharmacyRequest/Page_Store/select_--Select--BA50' counted

2018-05-17 13:40:57 - [MESSAGE][PASSED] - 2 options of object 'Object Repository/PharmacyRequest/Page_Store/select_--Select--BA50' counted

2018-05-17 13:40:57 - [TEST_STEP][PASSED] - Statement - For ([g = 1, g <= BatchNumber - 1, (g++)]): null

2018-05-17 13:40:57 - [TEST_STEP][PASSED] - selectOptionByIndex: All options with index in [1] are selected on object 'Object Repository/PharmacyRequest/Page_Store/select_--Select--BA50'

2018-05-17 13:40:57 - [MESSAGE][PASSED] - All options with index in [1] are selected on object 'Object Repository/PharmacyRequest/Page_Store/select_--Select--BA50'

2018-05-17 13:40:57 - [TEST_STEP][PASSED] - delay: Delayed 1 second(s)

2018-05-17 13:40:58 - [MESSAGE][PASSED] - Delayed 1 second(s)

2018-05-17 13:40:58 - [TEST_STEP][PASSED] - Statement - StockQty = com.kms.katalon.core.webui.keyword.WebUiBuiltInKeywords.getAttribute(com.kms.katalon.core.testobject.ObjectRepository.findTestObject(PharmacyRequest/Page_Store/input_txtprice), "value"): Attribute 'value' of object 'Object Repository/PharmacyRequest/Page_Store/input_txtprice' is: '1075'

2018-05-17 13:40:58 - [MESSAGE][PASSED] - Attribute 'value' of object 'Object Repository/PharmacyRequest/Page_Store/input_txtprice' is: '1075'

2018-05-17 13:40:58 - [TEST_STEP][PASSED] - Statement - out.println("Stock QTY : " + StockQty): null

2018-05-17 13:40:58 - [TEST_STEP][PASSED] - delay: Delayed 1 second(s)

2018-05-17 13:40:59 - [MESSAGE][PASSED] - Delayed 1 second(s)

2018-05-17 13:40:59 - [TEST_STEP][PASSED] - Statement - If (java.lang.Integer.valueOf(StockQty) >= java.lang.Integer.valueOf(RequestedQty)): null

2018-05-17 13:40:59 - [TEST_STEP][PASSED] - setText: Text '10' is set on object 'Object Repository/PharmacyRequest/Page_Store/input_txtqty'

2018-05-17 13:40:59 - [MESSAGE][PASSED] - Text '10' is set on object 'Object Repository/PharmacyRequest/Page_Store/input_txtqty'

2018-05-17 13:40:59 - [TEST_STEP][PASSED] - click: Object: 'Object Repository/PharmacyRequest/Page_Store/button_Add' is clicked on

2018-05-17 13:40:59 - [MESSAGE][PASSED] - Object: 'Object Repository/PharmacyRequest/Page_Store/button_Add' is clicked on

2018-05-17 13:40:59 - [TEST_STEP][PASSED] - Statement - Break: null

2018-05-17 13:40:59 - [TEST_STEP][PASSED] - selectOptionByIndex: All options with index in [2] are selected on object 'Object Repository/PharmacyRequest/Page_Store/select_--Select--Amlodepin -5'

2018-05-17 13:40:59 - [MESSAGE][PASSED] - All options with index in [2] are selected on object 'Object Repository/PharmacyRequest/Page_Store/select_--Select--Amlodepin -5'

2018-05-17 13:40:59 - [TEST_STEP][PASSED] - delay: Delayed 1 second(s)

2018-05-17 13:41:00 - [MESSAGE][PASSED] - Delayed 1 second(s)

2018-05-17 13:41:00 - [TEST_STEP][PASSED] - Statement - RequestedQty = com.kms.katalon.core.webui.keyword.WebUiBuiltInKeywords.getAttribute(com.kms.katalon.core.testobject.ObjectRepository.findTestObject(PharmacyRequest/Page_Store/input_txttotal), "value"): Attribute 'value' of object 'Object Repository/PharmacyRequest/Page_Store/input_txttotal' is: '10'

2018-05-17 13:41:00 - [MESSAGE][PASSED] - Attribute 'value' of object 'Object Repository/PharmacyRequest/Page_Store/input_txttotal' is: '10'

2018-05-17 13:41:00 - [TEST_STEP][PASSED] - Statement - out.println("Requested QTY : " + RequestedQty): null

2018-05-17 13:41:00 - [TEST_STEP][PASSED] - Statement - BatchNumber = com.kms.katalon.core.webui.keyword.WebUiBuiltInKeywords.getNumberOfTotalOption(com.kms.katalon.core.testobject.ObjectRepository.findTestObject(PharmacyRequest/Page_Store/select_--Select--BA50)): 3 options of object 'Object Repository/PharmacyRequest/Page_Store/select_--Select--BA50' counted

2018-05-17 13:41:00 - [MESSAGE][PASSED] - 3 options of object 'Object Repository/PharmacyRequest/Page_Store/select_--Select--BA50' counted

2018-05-17 13:41:00 - [TEST_STEP][PASSED] - Statement - For ([g = 1, g <= BatchNumber - 1, (g++)]): null

2018-05-17 13:41:00 - [TEST_STEP][PASSED] - selectOptionByIndex: All options with index in [1] are selected on object 'Object Repository/PharmacyRequest/Page_Store/select_--Select--BA50'

2018-05-17 13:41:00 - [MESSAGE][PASSED] - All options with index in [1] are selected on object 'Object Repository/PharmacyRequest/Page_Store/select_--Select--BA50'

2018-05-17 13:41:00 - [TEST_STEP][PASSED] - delay: Delayed 1 second(s)

2018-05-17 13:41:01 - [MESSAGE][PASSED] - Delayed 1 second(s)

2018-05-17 13:41:01 - [TEST_STEP][PASSED] - Statement - StockQty = com.kms.katalon.core.webui.keyword.WebUiBuiltInKeywords.getAttribute(com.kms.katalon.core.testobject.ObjectRepository.findTestObject(PharmacyRequest/Page_Store/input_txtprice), "value"): Attribute 'value' of object 'Object Repository/PharmacyRequest/Page_Store/input_txtprice' is: '56'

2018-05-17 13:41:01 - [MESSAGE][PASSED] - Attribute 'value' of object 'Object Repository/PharmacyRequest/Page_Store/input_txtprice' is: '56'

2018-05-17 13:41:01 - [TEST_STEP][PASSED] - Statement - out.println("Stock QTY : " + StockQty): null

2018-05-17 13:41:01 - [TEST_STEP][PASSED] - delay: Delayed 1 second(s)

2018-05-17 13:41:02 - [MESSAGE][PASSED] - Delayed 1 second(s)

2018-05-17 13:41:02 - [TEST_STEP][PASSED] - Statement - If (java.lang.Integer.valueOf(StockQty) >= java.lang.Integer.valueOf(RequestedQty)): null

2018-05-17 13:41:02 - [TEST_STEP][PASSED] - setText: Text '10' is set on object 'Object Repository/PharmacyRequest/Page_Store/input_txtqty'

2018-05-17 13:41:02 - [MESSAGE][PASSED] - Text '10' is set on object 'Object Repository/PharmacyRequest/Page_Store/input_txtqty'

2018-05-17 13:41:02 - [TEST_STEP][PASSED] - click: Object: 'Object Repository/PharmacyRequest/Page_Store/button_Add' is clicked on

2018-05-17 13:41:02 - [MESSAGE][PASSED] - Object: 'Object Repository/PharmacyRequest/Page_Store/button_Add' is clicked on

2018-05-17 13:41:02 - [TEST_STEP][PASSED] - Statement - Break: null

2018-05-17 13:41:02 - [TEST_STEP][PASSED] - selectOptionByIndex: All options with index in [3] are selected on object 'Object Repository/PharmacyRequest/Page_Store/select_--Select--Amlodepin -5'

2018-05-17 13:41:03 - [MESSAGE][PASSED] - All options with index in [3] are selected on object 'Object Repository/PharmacyRequest/Page_Store/select_--Select--Amlodepin -5'

2018-05-17 13:41:03 - [TEST_STEP][PASSED] - delay: Delayed 1 second(s)

2018-05-17 13:41:04 - [MESSAGE][PASSED] - Delayed 1 second(s)

2018-05-17 13:41:04 - [TEST_STEP][PASSED] - Statement - RequestedQty = com.kms.katalon.core.webui.keyword.WebUiBuiltInKeywords.getAttribute(com.kms.katalon.core.testobject.ObjectRepository.findTestObject(PharmacyRequest/Page_Store/input_txttotal), "value"): Attribute 'value' of object 'Object Repository/PharmacyRequest/Page_Store/input_txttotal' is: '10'

2018-05-17 13:41:04 - [MESSAGE][PASSED] - Attribute 'value' of object 'Object Repository/PharmacyRequest/Page_Store/input_txttotal' is: '10'

2018-05-17 13:41:04 - [TEST_STEP][PASSED] - Statement - out.println("Requested QTY : " + RequestedQty): null

2018-05-17 13:41:04 - [TEST_STEP][PASSED] - Statement - BatchNumber = com.kms.katalon.core.webui.keyword.WebUiBuiltInKeywords.getNumberOfTotalOption(com.kms.katalon.core.testobject.ObjectRepository.findTestObject(PharmacyRequest/Page_Store/select_--Select--BA50)): 3 options of object 'Object Repository/PharmacyRequest/Page_Store/select_--Select--BA50' counted

2018-05-17 13:41:04 - [MESSAGE][PASSED] - 3 options of object 'Object Repository/PharmacyRequest/Page_Store/select_--Select--BA50' counted

2018-05-17 13:41:04 - [TEST_STEP][PASSED] - Statement - For ([g = 1, g <= BatchNumber - 1, (g++)]): null

2018-05-17 13:41:04 - [TEST_STEP][PASSED] - selectOptionByIndex: All options with index in [1] are selected on object 'Object Repository/PharmacyRequest/Page_Store/select_--Select--BA50'

2018-05-17 13:41:04 - [MESSAGE][PASSED] - All options with index in [1] are selected on object 'Object Repository/PharmacyRequest/Page_Store/select_--Select--BA50'

2018-05-17 13:41:04 - [TEST_STEP][PASSED] - delay: Delayed 1 second(s)

2018-05-17 13:41:05 - [MESSAGE][PASSED] - Delayed 1 second(s)

2018-05-17 13:41:05 - [TEST_STEP][PASSED] - Statement - StockQty = com.kms.katalon.core.webui.keyword.WebUiBuiltInKeywords.getAttribute(com.kms.katalon.core.testobject.ObjectRepository.findTestObject(PharmacyRequest/Page_Store/input_txtprice), "value"): Attribute 'value' of object 'Object Repository/PharmacyRequest/Page_Store/input_txtprice' is: '975'

2018-05-17 13:41:05 - [MESSAGE][PASSED] - Attribute 'value' of object 'Object Repository/PharmacyRequest/Page_Store/input_txtprice' is: '975'

2018-05-17 13:41:05 - [TEST_STEP][PASSED] - Statement - out.println("Stock QTY : " + StockQty): null

2018-05-17 13:41:05 - [TEST_STEP][PASSED] - delay: Delayed 1 second(s)

2018-05-17 13:41:06 - [MESSAGE][PASSED] - Delayed 1 second(s)

2018-05-17 13:41:06 - [TEST_STEP][PASSED] - Statement - If (java.lang.Integer.valueOf(StockQty) >= java.lang.Integer.valueOf(RequestedQty)): null

2018-05-17 13:41:06 - [TEST_STEP][PASSED] - setText: Text '10' is set on object 'Object Repository/PharmacyRequest/Page_Store/input_txtqty'

2018-05-17 13:41:06 - [MESSAGE][PASSED] - Text '10' is set on object 'Object Repository/PharmacyRequest/Page_Store/input_txtqty'

2018-05-17 13:41:06 - [TEST_STEP][PASSED] - click: Object: 'Object Repository/PharmacyRequest/Page_Store/button_Add' is clicked on

2018-05-17 13:41:06 - [MESSAGE][PASSED] - Object: 'Object Repository/PharmacyRequest/Page_Store/button_Add' is clicked on

2018-05-17 13:41:06 - [TEST_STEP][PASSED] - Statement - Break: null

2018-05-17 13:41:06 - [TEST_STEP][PASSED] - selectOptionByIndex: All options with index in [4] are selected on object 'Object Repository/PharmacyRequest/Page_Store/select_--Select--Amlodepin -5'

2018-05-17 13:41:06 - [MESSAGE][PASSED] - All options with index in [4] are selected on object 'Object Repository/PharmacyRequest/Page_Store/select_--Select--Amlodepin -5'

2018-05-17 13:41:06 - [TEST_STEP][PASSED] - delay: Delayed 1 second(s)

2018-05-17 13:41:07 - [MESSAGE][PASSED] - Delayed 1 second(s)

2018-05-17 13:41:07 - [TEST_STEP][PASSED] - Statement - RequestedQty = com.kms.katalon.core.webui.keyword.WebUiBuiltInKeywords.getAttribute(com.kms.katalon.core.testobject.ObjectRepository.findTestObject(PharmacyRequest/Page_Store/input_txttotal), "value"): Attribute 'value' of object 'Object Repository/PharmacyRequest/Page_Store/input_txttotal' is: '10'

2018-05-17 13:41:07 - [MESSAGE][PASSED] - Attribute 'value' of object 'Object Repository/PharmacyRequest/Page_Store/input_txttotal' is: '10'

2018-05-17 13:41:07 - [TEST_STEP][PASSED] - Statement - out.println("Requested QTY : " + RequestedQty): null

2018-05-17 13:41:07 - [TEST_STEP][PASSED] - Statement - BatchNumber = com.kms.katalon.core.webui.keyword.WebUiBuiltInKeywords.getNumberOfTotalOption(com.kms.katalon.core.testobject.ObjectRepository.findTestObject(PharmacyRequest/Page_Store/select_--Select--BA50)): 3 options of object 'Object Repository/PharmacyRequest/Page_Store/select_--Select--BA50' counted

2018-05-17 13:41:07 - [MESSAGE][PASSED] - 3 options of object 'Object Repository/PharmacyRequest/Page_Store/select_--Select--BA50' counted

2018-05-17 13:41:07 - [TEST_STEP][PASSED] - Statement - For ([g = 1, g <= BatchNumber - 1, (g++)]): null

2018-05-17 13:41:07 - [TEST_STEP][PASSED] - selectOptionByIndex: All options with index in [1] are selected on object 'Object Repository/PharmacyRequest/Page_Store/select_--Select--BA50'

2018-05-17 13:41:07 - [MESSAGE][PASSED] - All options with index in [1] are selected on object 'Object Repository/PharmacyRequest/Page_Store/select_--Select--BA50'

2018-05-17 13:41:07 - [TEST_STEP][PASSED] - delay: Delayed 1 second(s)

2018-05-17 13:41:08 - [MESSAGE][PASSED] - Delayed 1 second(s)

2018-05-17 13:41:08 - [TEST_STEP][PASSED] - Statement - StockQty = com.kms.katalon.core.webui.keyword.WebUiBuiltInKeywords.getAttribute(com.kms.katalon.core.testobject.ObjectRepository.findTestObject(PharmacyRequest/Page_Store/input_txtprice), "value"): Attribute 'value' of object 'Object Repository/PharmacyRequest/Page_Store/input_txtprice' is: '65'

2018-05-17 13:41:08 - [MESSAGE][PASSED] - Attribute 'value' of object 'Object Repository/PharmacyRequest/Page_Store/input_txtprice' is: '65'

2018-05-17 13:41:08 - [TEST_STEP][PASSED] - Statement - out.println("Stock QTY : " + StockQty): null

2018-05-17 13:41:08 - [TEST_STEP][PASSED] - delay: Delayed 1 second(s)

2018-05-17 13:41:09 - [MESSAGE][PASSED] - Delayed 1 second(s)

2018-05-17 13:41:09 - [TEST_STEP][PASSED] - Statement - If (java.lang.Integer.valueOf(StockQty) >= java.lang.Integer.valueOf(RequestedQty)): null

2018-05-17 13:41:09 - [TEST_STEP][PASSED] - setText: Text '10' is set on object 'Object Repository/PharmacyRequest/Page_Store/input_txtqty'

2018-05-17 13:41:09 - [MESSAGE][PASSED] - Text '10' is set on object 'Object Repository/PharmacyRequest/Page_Store/input_txtqty'

2018-05-17 13:41:09 - [TEST_STEP][PASSED] - click: Object: 'Object Repository/PharmacyRequest/Page_Store/button_Add' is clicked on

2018-05-17 13:41:10 - [MESSAGE][PASSED] - Object: 'Object Repository/PharmacyRequest/Page_Store/button_Add' is clicked on

2018-05-17 13:41:10 - [TEST_STEP][PASSED] - Statement - Break: null

2018-05-17 13:41:10 - [TEST_STEP][PASSED] - selectOptionByIndex: All options with index in [5] are selected on object 'Object Repository/PharmacyRequest/Page_Store/select_--Select--Amlodepin -5'

2018-05-17 13:41:10 - [MESSAGE][PASSED] - All options with index in [5] are selected on object 'Object Repository/PharmacyRequest/Page_Store/select_--Select--Amlodepin -5'

2018-05-17 13:41:10 - [TEST_STEP][PASSED] - delay: Delayed 1 second(s)

2018-05-17 13:41:11 - [MESSAGE][PASSED] - Delayed 1 second(s)

2018-05-17 13:41:11 - [TEST_STEP][PASSED] - Statement - RequestedQty = com.kms.katalon.core.webui.keyword.WebUiBuiltInKeywords.getAttribute(com.kms.katalon.core.testobject.ObjectRepository.findTestObject(PharmacyRequest/Page_Store/input_txttotal), "value"): Attribute 'value' of object 'Object Repository/PharmacyRequest/Page_Store/input_txttotal' is: '10'

2018-05-17 13:41:11 - [MESSAGE][PASSED] - Attribute 'value' of object 'Object Repository/PharmacyRequest/Page_Store/input_txttotal' is: '10'

2018-05-17 13:41:11 - [TEST_STEP][PASSED] - Statement - out.println("Requested QTY : " + RequestedQty): null

2018-05-17 13:41:11 - [TEST_STEP][PASSED] - Statement - BatchNumber = com.kms.katalon.core.webui.keyword.WebUiBuiltInKeywords.getNumberOfTotalOption(com.kms.katalon.core.testobject.ObjectRepository.findTestObject(PharmacyRequest/Page_Store/select_--Select--BA50)): 3 options of object 'Object Repository/PharmacyRequest/Page_Store/select_--Select--BA50' counted

2018-05-17 13:41:11 - [MESSAGE][PASSED] - 3 options of object 'Object Repository/PharmacyRequest/Page_Store/select_--Select--BA50' counted

2018-05-17 13:41:11 - [TEST_STEP][PASSED] - Statement - For ([g = 1, g <= BatchNumber - 1, (g++)]): null

2018-05-17 13:41:11 - [TEST_STEP][PASSED] - selectOptionByIndex: All options with index in [1] are selected on object 'Object Repository/PharmacyRequest/Page_Store/select_--Select--BA50'

2018-05-17 13:41:11 - [MESSAGE][PASSED] - All options with index in [1] are selected on object 'Object Repository/PharmacyRequest/Page_Store/select_--Select--BA50'

2018-05-17 13:41:11 - [TEST_STEP][PASSED] - delay: Delayed 1 second(s)

2018-05-17 13:41:12 - [MESSAGE][PASSED] - Delayed 1 second(s)

2018-05-17 13:41:12 - [TEST_STEP][PASSED] - Statement - StockQty = com.kms.katalon.core.webui.keyword.WebUiBuiltInKeywords.getAttribute(com.kms.katalon.core.testobject.ObjectRepository.findTestObject(PharmacyRequest/Page_Store/input_txtprice), "value"): Attribute 'value' of object 'Object Repository/PharmacyRequest/Page_Store/input_txtprice' is: '65'

2018-05-17 13:41:12 - [MESSAGE][PASSED] - Attribute 'value' of object 'Object Repository/PharmacyRequest/Page_Store/input_txtprice' is: '65'

2018-05-17 13:41:12 - [TEST_STEP][PASSED] - Statement - out.println("Stock QTY : " + StockQty): null

2018-05-17 13:41:12 - [TEST_STEP][PASSED] - delay: Delayed 1 second(s)

2018-05-17 13:41:13 - [MESSAGE][PASSED] - Delayed 1 second(s)

2018-05-17 13:41:13 - [TEST_STEP][PASSED] - Statement - If (java.lang.Integer.valueOf(StockQty) >= java.lang.Integer.valueOf(RequestedQty)): null

2018-05-17 13:41:13 - [TEST_STEP][PASSED] - setText: Text '10' is set on object 'Object Repository/PharmacyRequest/Page_Store/input_txtqty'

2018-05-17 13:41:13 - [MESSAGE][PASSED] - Text '10' is set on object 'Object Repository/PharmacyRequest/Page_Store/input_txtqty'

2018-05-17 13:41:13 - [TEST_STEP][PASSED] - click: Object: 'Object Repository/PharmacyRequest/Page_Store/button_Add' is clicked on

2018-05-17 13:41:13 - [MESSAGE][PASSED] - Object: 'Object Repository/PharmacyRequest/Page_Store/button_Add' is clicked on

2018-05-17 13:41:13 - [TEST_STEP][PASSED] - Statement - Break: null

2018-05-17 13:41:13 - [TEST_STEP][PASSED] - selectOptionByIndex: All options with index in [6] are selected on object 'Object Repository/PharmacyRequest/Page_Store/select_--Select--Amlodepin -5'

2018-05-17 13:41:13 - [MESSAGE][PASSED] - All options with index in [6] are selected on object 'Object Repository/PharmacyRequest/Page_Store/select_--Select--Amlodepin -5'

2018-05-17 13:41:13 - [TEST_STEP][PASSED] - delay: Delayed 1 second(s)

2018-05-17 13:41:14 - [MESSAGE][PASSED] - Delayed 1 second(s)

2018-05-17 13:41:14 - [TEST_STEP][PASSED] - Statement - RequestedQty = com.kms.katalon.core.webui.keyword.WebUiBuiltInKeywords.getAttribute(com.kms.katalon.core.testobject.ObjectRepository.findTestObject(PharmacyRequest/Page_Store/input_txttotal), "value"): Attribute 'value' of object 'Object Repository/PharmacyRequest/Page_Store/input_txttotal' is: '10'

2018-05-17 13:41:14 - [MESSAGE][PASSED] - Attribute 'value' of object 'Object Repository/PharmacyRequest/Page_Store/input_txttotal' is: '10'

2018-05-17 13:41:14 - [TEST_STEP][PASSED] - Statement - out.println("Requested QTY : " + RequestedQty): null

2018-05-17 13:41:14 - [TEST_STEP][PASSED] - Statement - BatchNumber = com.kms.katalon.core.webui.keyword.WebUiBuiltInKeywords.getNumberOfTotalOption(com.kms.katalon.core.testobject.ObjectRepository.findTestObject(PharmacyRequest/Page_Store/select_--Select--BA50)): 3 options of object 'Object Repository/PharmacyRequest/Page_Store/select_--Select--BA50' counted

2018-05-17 13:41:14 - [MESSAGE][PASSED] - 3 options of object 'Object Repository/PharmacyRequest/Page_Store/select_--Select--BA50' counted

2018-05-17 13:41:14 - [TEST_STEP][PASSED] - Statement - For ([g = 1, g <= BatchNumber - 1, (g++)]): null

2018-05-17 13:41:14 - [TEST_STEP][PASSED] - selectOptionByIndex: All options with index in [1] are selected on object 'Object Repository/PharmacyRequest/Page_Store/select_--Select--BA50'

2018-05-17 13:41:15 - [MESSAGE][PASSED] - All options with index in [1] are selected on object 'Object Repository/PharmacyRequest/Page_Store/select_--Select--BA50'

2018-05-17 13:41:15 - [TEST_STEP][PASSED] - delay: Delayed 1 second(s)

2018-05-17 13:41:16 - [MESSAGE][PASSED] - Delayed 1 second(s)

2018-05-17 13:41:16 - [TEST_STEP][PASSED] - Statement - StockQty = com.kms.katalon.core.webui.keyword.WebUiBuiltInKeywords.getAttribute(com.kms.katalon.core.testobject.ObjectRepository.findTestObject(PharmacyRequest/Page_Store/input_txtprice), "value"): Attribute 'value' of object 'Object Repository/PharmacyRequest/Page_Store/input_txtprice' is: '65'

2018-05-17 13:41:16 - [MESSAGE][PASSED] - Attribute 'value' of object 'Object Repository/PharmacyRequest/Page_Store/input_txtprice' is: '65'

2018-05-17 13:41:16 - [TEST_STEP][PASSED] - Statement - out.println("Stock QTY : " + StockQty): null

2018-05-17 13:41:16 - [TEST_STEP][PASSED] - delay: Delayed 1 second(s)

2018-05-17 13:41:17 - [MESSAGE][PASSED] - Delayed 1 second(s)

2018-05-17 13:41:17 - [TEST_STEP][PASSED] - Statement - If (java.lang.Integer.valueOf(StockQty) >= java.lang.Integer.valueOf(RequestedQty)): null

2018-05-17 13:41:17 - [TEST_STEP][PASSED] - setText: Text '10' is set on object 'Object Repository/PharmacyRequest/Page_Store/input_txtqty'

2018-05-17 13:41:17 - [MESSAGE][PASSED] - Text '10' is set on object 'Object Repository/PharmacyRequest/Page_Store/input_txtqty'

2018-05-17 13:41:17 - [TEST_STEP][PASSED] - click: Object: 'Object Repository/PharmacyRequest/Page_Store/button_Add' is clicked on

2018-05-17 13:41:17 - [MESSAGE][PASSED] - Object: 'Object Repository/PharmacyRequest/Page_Store/button_Add' is clicked on

2018-05-17 13:41:17 - [TEST_STEP][PASSED] - Statement - Break: null

2018-05-17 13:41:17 - [TEST_STEP][PASSED] - selectOptionByIndex: All options with index in [7] are selected on object 'Object Repository/PharmacyRequest/Page_Store/select_--Select--Amlodepin -5'

2018-05-17 13:41:17 - [MESSAGE][PASSED] - All options with index in [7] are selected on object 'Object Repository/PharmacyRequest/Page_Store/select_--Select--Amlodepin -5'

2018-05-17 13:41:17 - [TEST_STEP][PASSED] - delay: Delayed 1 second(s)

2018-05-17 13:41:18 - [MESSAGE][PASSED] - Delayed 1 second(s)

2018-05-17 13:41:18 - [TEST_STEP][PASSED] - Statement - RequestedQty = com.kms.katalon.core.webui.keyword.WebUiBuiltInKeywords.getAttribute(com.kms.katalon.core.testobject.ObjectRepository.findTestObject(PharmacyRequest/Page_Store/input_txttotal), "value"): Attribute 'value' of object 'Object Repository/PharmacyRequest/Page_Store/input_txttotal' is: '10'

2018-05-17 13:41:18 - [MESSAGE][PASSED] - Attribute 'value' of object 'Object Repository/PharmacyRequest/Page_Store/input_txttotal' is: '10'

2018-05-17 13:41:18 - [TEST_STEP][PASSED] - Statement - out.println("Requested QTY : " + RequestedQty): null

2018-05-17 13:41:18 - [TEST_STEP][PASSED] - Statement - BatchNumber = com.kms.katalon.core.webui.keyword.WebUiBuiltInKeywords.getNumberOfTotalOption(com.kms.katalon.core.testobject.ObjectRepository.findTestObject(PharmacyRequest/Page_Store/select_--Select--BA50)): 2 options of object 'Object Repository/PharmacyRequest/Page_Store/select_--Select--BA50' counted

2018-05-17 13:41:18 - [MESSAGE][PASSED] - 2 options of object 'Object Repository/PharmacyRequest/Page_Store/select_--Select--BA50' counted

2018-05-17 13:41:18 - [TEST_STEP][PASSED] - Statement - For ([g = 1, g <= BatchNumber - 1, (g++)]): null

2018-05-17 13:41:18 - [TEST_STEP][PASSED] - selectOptionByIndex: All options with index in [1] are selected on object 'Object Repository/PharmacyRequest/Page_Store/select_--Select--BA50'

2018-05-17 13:41:18 - [MESSAGE][PASSED] - All options with index in [1] are selected on object 'Object Repository/PharmacyRequest/Page_Store/select_--Select--BA50'

2018-05-17 13:41:18 - [TEST_STEP][PASSED] - delay: Delayed 1 second(s)

2018-05-17 13:41:19 - [MESSAGE][PASSED] - Delayed 1 second(s)

2018-05-17 13:41:19 - [TEST_STEP][PASSED] - Statement - StockQty = com.kms.katalon.core.webui.keyword.WebUiBuiltInKeywords.getAttribute(com.kms.katalon.core.testobject.ObjectRepository.findTestObject(PharmacyRequest/Page_Store/input_txtprice), "value"): Attribute 'value' of object 'Object Repository/PharmacyRequest/Page_Store/input_txtprice' is: '1075'

2018-05-17 13:41:19 - [MESSAGE][PASSED] - Attribute 'value' of object 'Object Repository/PharmacyRequest/Page_Store/input_txtprice' is: '1075'

2018-05-17 13:41:19 - [TEST_STEP][PASSED] - Statement - out.println("Stock QTY : " + StockQty): null

2018-05-17 13:41:19 - [TEST_STEP][PASSED] - delay: Delayed 1 second(s)

2018-05-17 13:41:20 - [MESSAGE][PASSED] - Delayed 1 second(s)

2018-05-17 13:41:20 - [TEST_STEP][PASSED] - Statement - If (java.lang.Integer.valueOf(StockQty) >= java.lang.Integer.valueOf(RequestedQty)): null

2018-05-17 13:41:20 - [TEST_STEP][PASSED] - setText: Text '10' is set on object 'Object Repository/PharmacyRequest/Page_Store/input_txtqty'

2018-05-17 13:41:20 - [MESSAGE][PASSED] - Text '10' is set on object 'Object Repository/PharmacyRequest/Page_Store/input_txtqty'

2018-05-17 13:41:20 - [TEST_STEP][PASSED] - click: Object: 'Object Repository/PharmacyRequest/Page_Store/button_Add' is clicked on

2018-05-17 13:41:20 - [MESSAGE][PASSED] - Object: 'Object Repository/PharmacyRequest/Page_Store/button_Add' is clicked on

2018-05-17 13:41:20 - [TEST_STEP][PASSED] - Statement - Break: null

2018-05-17 13:41:20 - [TEST_STEP][PASSED] - selectOptionByIndex: All options with index in [8] are selected on object 'Object Repository/PharmacyRequest/Page_Store/select_--Select--Amlodepin -5'

2018-05-17 13:41:21 - [MESSAGE][PASSED] - All options with index in [8] are selected on object 'Object Repository/PharmacyRequest/Page_Store/select_--Select--Amlodepin -5'

2018-05-17 13:41:21 - [TEST_STEP][PASSED] - delay: Delayed 1 second(s)

2018-05-17 13:41:22 - [MESSAGE][PASSED] - Delayed 1 second(s)

2018-05-17 13:41:22 - [TEST_STEP][PASSED] - Statement - RequestedQty = com.kms.katalon.core.webui.keyword.WebUiBuiltInKeywords.getAttribute(com.kms.katalon.core.testobject.ObjectRepository.findTestObject(PharmacyRequest/Page_Store/input_txttotal), "value"): Attribute 'value' of object 'Object Repository/PharmacyRequest/Page_Store/input_txttotal' is: '10'

2018-05-17 13:41:22 - [MESSAGE][PASSED] - Attribute 'value' of object 'Object Repository/PharmacyRequest/Page_Store/input_txttotal' is: '10'

2018-05-17 13:41:22 - [TEST_STEP][PASSED] - Statement - out.println("Requested QTY : " + RequestedQty): null

2018-05-17 13:41:22 - [TEST_STEP][PASSED] - Statement - BatchNumber = com.kms.katalon.core.webui.keyword.WebUiBuiltInKeywords.getNumberOfTotalOption(com.kms.katalon.core.testobject.ObjectRepository.findTestObject(PharmacyRequest/Page_Store/select_--Select--BA50)): 3 options of object 'Object Repository/PharmacyRequest/Page_Store/select_--Select--BA50' counted

2018-05-17 13:41:22 - [MESSAGE][PASSED] - 3 options of object 'Object Repository/PharmacyRequest/Page_Store/select_--Select--BA50' counted

2018-05-17 13:41:22 - [TEST_STEP][PASSED] - Statement - For ([g = 1, g <= BatchNumber - 1, (g++)]): null

2018-05-17 13:41:22 - [TEST_STEP][PASSED] - selectOptionByIndex: All options with index in [1] are selected on object 'Object Repository/PharmacyRequest/Page_Store/select_--Select--BA50'

2018-05-17 13:41:22 - [MESSAGE][PASSED] - All options with index in [1] are selected on object 'Object Repository/PharmacyRequest/Page_Store/select_--Select--BA50'

2018-05-17 13:41:22 - [TEST_STEP][PASSED] - delay: Delayed 1 second(s)

2018-05-17 13:41:23 - [MESSAGE][PASSED] - Delayed 1 second(s)

2018-05-17 13:41:23 - [TEST_STEP][PASSED] - Statement - StockQty = com.kms.katalon.core.webui.keyword.WebUiBuiltInKeywords.getAttribute(com.kms.katalon.core.testobject.ObjectRepository.findTestObject(PharmacyRequest/Page_Store/input_txtprice), "value"): Attribute 'value' of object 'Object Repository/PharmacyRequest/Page_Store/input_txtprice' is: '975'

2018-05-17 13:41:23 - [MESSAGE][PASSED] - Attribute 'value' of object 'Object Repository/PharmacyRequest/Page_Store/input_txtprice' is: '975'

2018-05-17 13:41:23 - [TEST_STEP][PASSED] - Statement - out.println("Stock QTY : " + StockQty): null

2018-05-17 13:41:23 - [TEST_STEP][PASSED] - delay: Delayed 1 second(s)

2018-05-17 13:41:24 - [MESSAGE][PASSED] - Delayed 1 second(s)

2018-05-17 13:41:24 - [TEST_STEP][PASSED] - Statement - If (java.lang.Integer.valueOf(StockQty) >= java.lang.Integer.valueOf(RequestedQty)): null

2018-05-17 13:41:24 - [TEST_STEP][PASSED] - setText: Text '10' is set on object 'Object Repository/PharmacyRequest/Page_Store/input_txtqty'

2018-05-17 13:41:24 - [MESSAGE][PASSED] - Text '10' is set on object 'Object Repository/PharmacyRequest/Page_Store/input_txtqty'

2018-05-17 13:41:24 - [TEST_STEP][PASSED] - click: Object: 'Object Repository/PharmacyRequest/Page_Store/button_Add' is clicked on

2018-05-17 13:41:24 - [MESSAGE][PASSED] - Object: 'Object Repository/PharmacyRequest/Page_Store/button_Add' is clicked on

2018-05-17 13:41:24 - [TEST_STEP][PASSED] - Statement - Break: null

2018-05-17 13:41:24 - [TEST_STEP][PASSED] - selectOptionByIndex: All options with index in [9] are selected on object 'Object Repository/PharmacyRequest/Page_Store/select_--Select--Amlodepin -5'

2018-05-17 13:41:24 - [MESSAGE][PASSED] - All options with index in [9] are selected on object 'Object Repository/PharmacyRequest/Page_Store/select_--Select--Amlodepin -5'

2018-05-17 13:41:24 - [TEST_STEP][PASSED] - delay: Delayed 1 second(s)

2018-05-17 13:41:25 - [MESSAGE][PASSED] - Delayed 1 second(s)

2018-05-17 13:41:25 - [TEST_STEP][PASSED] - Statement - RequestedQty = com.kms.katalon.core.webui.keyword.WebUiBuiltInKeywords.getAttribute(com.kms.katalon.core.testobject.ObjectRepository.findTestObject(PharmacyRequest/Page_Store/input_txttotal), "value"): Attribute 'value' of object 'Object Repository/PharmacyRequest/Page_Store/input_txttotal' is: '10'

2018-05-17 13:41:25 - [MESSAGE][PASSED] - Attribute 'value' of object 'Object Repository/PharmacyRequest/Page_Store/input_txttotal' is: '10'

2018-05-17 13:41:25 - [TEST_STEP][PASSED] - Statement - out.println("Requested QTY : " + RequestedQty): null

2018-05-17 13:41:25 - [TEST_STEP][PASSED] - Statement - BatchNumber = com.kms.katalon.core.webui.keyword.WebUiBuiltInKeywords.getNumberOfTotalOption(com.kms.katalon.core.testobject.ObjectRepository.findTestObject(PharmacyRequest/Page_Store/select_--Select--BA50)): 3 options of object 'Object Repository/PharmacyRequest/Page_Store/select_--Select--BA50' counted

2018-05-17 13:41:25 - [MESSAGE][PASSED] - 3 options of object 'Object Repository/PharmacyRequest/Page_Store/select_--Select--BA50' counted

2018-05-17 13:41:25 - [TEST_STEP][PASSED] - Statement - For ([g = 1, g <= BatchNumber - 1, (g++)]): null

2018-05-17 13:41:25 - [TEST_STEP][PASSED] - selectOptionByIndex: All options with index in [1] are selected on object 'Object Repository/PharmacyRequest/Page_Store/select_--Select--BA50'

2018-05-17 13:41:25 - [MESSAGE][PASSED] - All options with index in [1] are selected on object 'Object Repository/PharmacyRequest/Page_Store/select_--Select--BA50'

2018-05-17 13:41:25 - [TEST_STEP][PASSED] - delay: Delayed 1 second(s)

2018-05-17 13:41:26 - [MESSAGE][PASSED] - Delayed 1 second(s)

2018-05-17 13:41:26 - [TEST_STEP][PASSED] - Statement - StockQty = com.kms.katalon.core.webui.keyword.WebUiBuiltInKeywords.getAttribute(com.kms.katalon.core.testobject.ObjectRepository.findTestObject(PharmacyRequest/Page_Store/input_txtprice), "value"): Attribute 'value' of object 'Object Repository/PharmacyRequest/Page_Store/input_txtprice' is: '65'

2018-05-17 13:41:26 - [MESSAGE][PASSED] - Attribute 'value' of object 'Object Repository/PharmacyRequest/Page_Store/input_txtprice' is: '65'

2018-05-17 13:41:26 - [TEST_STEP][PASSED] - Statement - out.println("Stock QTY : " + StockQty): null

2018-05-17 13:41:26 - [TEST_STEP][PASSED] - delay: Delayed 1 second(s)

2018-05-17 13:41:27 - [MESSAGE][PASSED] - Delayed 1 second(s)

2018-05-17 13:41:27 - [TEST_STEP][PASSED] - Statement - If (java.lang.Integer.valueOf(StockQty) >= java.lang.Integer.valueOf(RequestedQty)): null

2018-05-17 13:41:27 - [TEST_STEP][PASSED] - setText: Text '10' is set on object 'Object Repository/PharmacyRequest/Page_Store/input_txtqty'

2018-05-17 13:41:27 - [MESSAGE][PASSED] - Text '10' is set on object 'Object Repository/PharmacyRequest/Page_Store/input_txtqty'

2018-05-17 13:41:27 - [TEST_STEP][PASSED] - click: Object: 'Object Repository/PharmacyRequest/Page_Store/button_Add' is clicked on

2018-05-17 13:41:28 - [MESSAGE][PASSED] - Object: 'Object Repository/PharmacyRequest/Page_Store/button_Add' is clicked on

2018-05-17 13:41:28 - [TEST_STEP][PASSED] - Statement - Break: null

2018-05-17 13:41:28 - [TEST_STEP][PASSED] - selectOptionByIndex: All options with index in [10] are selected on object 'Object Repository/PharmacyRequest/Page_Store/select_--Select--Amlodepin -5'

2018-05-17 13:41:28 - [MESSAGE][PASSED] - All options with index in [10] are selected on object 'Object Repository/PharmacyRequest/Page_Store/select_--Select--Amlodepin -5'

2018-05-17 13:41:28 - [TEST_STEP][PASSED] - delay: Delayed 1 second(s)

2018-05-17 13:41:29 - [MESSAGE][PASSED] - Delayed 1 second(s)

2018-05-17 13:41:29 - [TEST_STEP][PASSED] - Statement - RequestedQty = com.kms.katalon.core.webui.keyword.WebUiBuiltInKeywords.getAttribute(com.kms.katalon.core.testobject.ObjectRepository.findTestObject(PharmacyRequest/Page_Store/input_txttotal), "value"): Attribute 'value' of object 'Object Repository/PharmacyRequest/Page_Store/input_txttotal' is: '10'

2018-05-17 13:41:29 - [MESSAGE][PASSED] - Attribute 'value' of object 'Object Repository/PharmacyRequest/Page_Store/input_txttotal' is: '10'

2018-05-17 13:41:29 - [TEST_STEP][PASSED] - Statement - out.println("Requested QTY : " + RequestedQty): null

2018-05-17 13:41:29 - [TEST_STEP][PASSED] - Statement - BatchNumber = com.kms.katalon.core.webui.keyword.WebUiBuiltInKeywords.getNumberOfTotalOption(com.kms.katalon.core.testobject.ObjectRepository.findTestObject(PharmacyRequest/Page_Store/select_--Select--BA50)): 2 options of object 'Object Repository/PharmacyRequest/Page_Store/select_--Select--BA50' counted

2018-05-17 13:41:29 - [MESSAGE][PASSED] - 2 options of object 'Object Repository/PharmacyRequest/Page_Store/select_--Select--BA50' counted

2018-05-17 13:41:29 - [TEST_STEP][PASSED] - Statement - For ([g = 1, g <= BatchNumber - 1, (g++)]): null

2018-05-17 13:41:29 - [TEST_STEP][PASSED] - selectOptionByIndex: All options with index in [1] are selected on object 'Object Repository/PharmacyRequest/Page_Store/select_--Select--BA50'

2018-05-17 13:41:29 - [MESSAGE][PASSED] - All options with index in [1] are selected on object 'Object Repository/PharmacyRequest/Page_Store/select_--Select--BA50'

2018-05-17 13:41:29 - [TEST_STEP][PASSED] - delay: Delayed 1 second(s)

2018-05-17 13:41:30 - [MESSAGE][PASSED] - Delayed 1 second(s)

2018-05-17 13:41:30 - [TEST_STEP][PASSED] - Statement - StockQty = com.kms.katalon.core.webui.keyword.WebUiBuiltInKeywords.getAttribute(com.kms.katalon.core.testobject.ObjectRepository.findTestObject(PharmacyRequest/Page_Store/input_txtprice), "value"): Attribute 'value' of object 'Object Repository/PharmacyRequest/Page_Store/input_txtprice' is: '1075'

2018-05-17 13:41:30 - [MESSAGE][PASSED] - Attribute 'value' of object 'Object Repository/PharmacyRequest/Page_Store/input_txtprice' is: '1075'

2018-05-17 13:41:30 - [TEST_STEP][PASSED] - Statement - out.println("Stock QTY : " + StockQty): null

2018-05-17 13:41:30 - [TEST_STEP][PASSED] - delay: Delayed 1 second(s)

2018-05-17 13:41:31 - [MESSAGE][PASSED] - Delayed 1 second(s)

2018-05-17 13:41:31 - [TEST_STEP][PASSED] - Statement - If (java.lang.Integer.valueOf(StockQty) >= java.lang.Integer.valueOf(RequestedQty)): null

2018-05-17 13:41:31 - [TEST_STEP][PASSED] - setText: Text '10' is set on object 'Object Repository/PharmacyRequest/Page_Store/input_txtqty'

2018-05-17 13:41:31 - [MESSAGE][PASSED] - Text '10' is set on object 'Object Repository/PharmacyRequest/Page_Store/input_txtqty'

2018-05-17 13:41:31 - [TEST_STEP][PASSED] - click: Object: 'Object Repository/PharmacyRequest/Page_Store/button_Add' is clicked on

2018-05-17 13:41:31 - [MESSAGE][PASSED] - Object: 'Object Repository/PharmacyRequest/Page_Store/button_Add' is clicked on

2018-05-17 13:41:31 - [TEST_STEP][PASSED] - Statement - Break: null

2018-05-17 13:41:31 - [TEST_STEP][PASSED] - selectOptionByIndex: All options with index in [11] are selected on object 'Object Repository/PharmacyRequest/Page_Store/select_--Select--Amlodepin -5'

2018-05-17 13:41:31 - [MESSAGE][PASSED] - All options with index in [11] are selected on object 'Object Repository/PharmacyRequest/Page_Store/select_--Select--Amlodepin -5'

2018-05-17 13:41:31 - [TEST_STEP][PASSED] - delay: Delayed 1 second(s)

2018-05-17 13:41:32 - [MESSAGE][PASSED] - Delayed 1 second(s)

2018-05-17 13:41:32 - [TEST_STEP][PASSED] - Statement - RequestedQty = com.kms.katalon.core.webui.keyword.WebUiBuiltInKeywords.getAttribute(com.kms.katalon.core.testobject.ObjectRepository.findTestObject(PharmacyRequest/Page_Store/input_txttotal), "value"): Attribute 'value' of object 'Object Repository/PharmacyRequest/Page_Store/input_txttotal' is: '10'

2018-05-17 13:41:32 - [MESSAGE][PASSED] - Attribute 'value' of object 'Object Repository/PharmacyRequest/Page_Store/input_txttotal' is: '10'

2018-05-17 13:41:32 - [TEST_STEP][PASSED] - Statement - out.println("Requested QTY : " + RequestedQty): null

2018-05-17 13:41:32 - [TEST_STEP][PASSED] - Statement - BatchNumber = com.kms.katalon.core.webui.keyword.WebUiBuiltInKeywords.getNumberOfTotalOption(com.kms.katalon.core.testobject.ObjectRepository.findTestObject(PharmacyRequest/Page_Store/select_--Select--BA50)): 4 options of object 'Object Repository/PharmacyRequest/Page_Store/select_--Select--BA50' counted

2018-05-17 13:41:32 - [MESSAGE][PASSED] - 4 options of object 'Object Repository/PharmacyRequest/Page_Store/select_--Select--BA50' counted

2018-05-17 13:41:32 - [TEST_STEP][PASSED] - Statement - For ([g = 1, g <= BatchNumber - 1, (g++)]): null

2018-05-17 13:41:32 - [TEST_STEP][PASSED] - selectOptionByIndex: All options with index in [1] are selected on object 'Object Repository/PharmacyRequest/Page_Store/select_--Select--BA50'

2018-05-17 13:41:33 - [MESSAGE][PASSED] - All options with index in [1] are selected on object 'Object Repository/PharmacyRequest/Page_Store/select_--Select--BA50'

2018-05-17 13:41:33 - [TEST_STEP][PASSED] - delay: Delayed 1 second(s)

2018-05-17 13:41:34 - [MESSAGE][PASSED] - Delayed 1 second(s)

2018-05-17 13:41:34 - [TEST_STEP][PASSED] - Statement - StockQty = com.kms.katalon.core.webui.keyword.WebUiBuiltInKeywords.getAttribute(com.kms.katalon.core.testobject.ObjectRepository.findTestObject(PharmacyRequest/Page_Store/input_txtprice), "value"): Attribute 'value' of object 'Object Repository/PharmacyRequest/Page_Store/input_txtprice' is: '65'

2018-05-17 13:41:34 - [MESSAGE][PASSED] - Attribute 'value' of object 'Object Repository/PharmacyRequest/Page_Store/input_txtprice' is: '65'

2018-05-17 13:41:34 - [TEST_STEP][PASSED] - Statement - out.println("Stock QTY : " + StockQty): null

2018-05-17 13:41:34 - [TEST_STEP][PASSED] - delay: Delayed 1 second(s)

2018-05-17 13:41:35 - [MESSAGE][PASSED] - Delayed 1 second(s)

2018-05-17 13:41:35 - [TEST_STEP][PASSED] - Statement - If (java.lang.Integer.valueOf(StockQty) >= java.lang.Integer.valueOf(RequestedQty)): null

2018-05-17 13:41:35 - [TEST_STEP][PASSED] - setText: Text '10' is set on object 'Object Repository/PharmacyRequest/Page_Store/input_txtqty'

2018-05-17 13:41:35 - [MESSAGE][PASSED] - Text '10' is set on object 'Object Repository/PharmacyRequest/Page_Store/input_txtqty'

2018-05-17 13:41:35 - [TEST_STEP][PASSED] - click: Object: 'Object Repository/PharmacyRequest/Page_Store/button_Add' is clicked on

2018-05-17 13:41:35 - [MESSAGE][PASSED] - Object: 'Object Repository/PharmacyRequest/Page_Store/button_Add' is clicked on

2018-05-17 13:41:35 - [TEST_STEP][PASSED] - Statement - Break: null

2018-05-17 13:41:35 - [TEST_STEP][PASSED] - selectOptionByIndex: All options with index in [12] are selected on object 'Object Repository/PharmacyRequest/Page_Store/select_--Select--Amlodepin -5'

2018-05-17 13:41:35 - [MESSAGE][PASSED] - All options with index in [12] are selected on object 'Object Repository/PharmacyRequest/Page_Store/select_--Select--Amlodepin -5'

2018-05-17 13:41:35 - [TEST_STEP][PASSED] - delay: Delayed 1 second(s)

2018-05-17 13:41:36 - [MESSAGE][PASSED] - Delayed 1 second(s)

2018-05-17 13:41:36 - [TEST_STEP][PASSED] - Statement - RequestedQty = com.kms.katalon.core.webui.keyword.WebUiBuiltInKeywords.getAttribute(com.kms.katalon.core.testobject.ObjectRepository.findTestObject(PharmacyRequest/Page_Store/input_txttotal), "value"): Attribute 'value' of object 'Object Repository/PharmacyRequest/Page_Store/input_txttotal' is: '10'

2018-05-17 13:41:36 - [MESSAGE][PASSED] - Attribute 'value' of object 'Object Repository/PharmacyRequest/Page_Store/input_txttotal' is: '10'

2018-05-17 13:41:36 - [TEST_STEP][PASSED] - Statement - out.println("Requested QTY : " + RequestedQty): null

2018-05-17 13:41:36 - [TEST_STEP][PASSED] - Statement - BatchNumber = com.kms.katalon.core.webui.keyword.WebUiBuiltInKeywords.getNumberOfTotalOption(com.kms.katalon.core.testobject.ObjectRepository.findTestObject(PharmacyRequest/Page_Store/select_--Select--BA50)): 2 options of object 'Object Repository/PharmacyRequest/Page_Store/select_--Select--BA50' counted

2018-05-17 13:41:36 - [MESSAGE][PASSED] - 2 options of object 'Object Repository/PharmacyRequest/Page_Store/select_--Select--BA50' counted

2018-05-17 13:41:36 - [TEST_STEP][PASSED] - Statement - For ([g = 1, g <= BatchNumber - 1, (g++)]): null

2018-05-17 13:41:36 - [TEST_STEP][PASSED] - selectOptionByIndex: All options with index in [1] are selected on object 'Object Repository/PharmacyRequest/Page_Store/select_--Select--BA50'

2018-05-17 13:41:36 - [MESSAGE][PASSED] - All options with index in [1] are selected on object 'Object Repository/PharmacyRequest/Page_Store/select_--Select--BA50'

2018-05-17 13:41:36 - [TEST_STEP][PASSED] - delay: Delayed 1 second(s)

2018-05-17 13:41:37 - [MESSAGE][PASSED] - Delayed 1 second(s)

2018-05-17 13:41:37 - [TEST_STEP][PASSED] - Statement - StockQty = com.kms.katalon.core.webui.keyword.WebUiBuiltInKeywords.getAttribute(com.kms.katalon.core.testobject.ObjectRepository.findTestObject(PharmacyRequest/Page_Store/input_txtprice), "value"): Attribute 'value' of object 'Object Repository/PharmacyRequest/Page_Store/input_txtprice' is: '1075'

2018-05-17 13:41:37 - [MESSAGE][PASSED] - Attribute 'value' of object 'Object Repository/PharmacyRequest/Page_Store/input_txtprice' is: '1075'

2018-05-17 13:41:37 - [TEST_STEP][PASSED] - Statement - out.println("Stock QTY : " + StockQty): null

2018-05-17 13:41:37 - [TEST_STEP][PASSED] - delay: Delayed 1 second(s)

2018-05-17 13:41:38 - [MESSAGE][PASSED] - Delayed 1 second(s)

2018-05-17 13:41:38 - [TEST_STEP][PASSED] - Statement - If (java.lang.Integer.valueOf(StockQty) >= java.lang.Integer.valueOf(RequestedQty)): null

2018-05-17 13:41:38 - [TEST_STEP][PASSED] - setText: Text '10' is set on object 'Object Repository/PharmacyRequest/Page_Store/input_txtqty'

2018-05-17 13:41:38 - [MESSAGE][PASSED] - Text '10' is set on object 'Object Repository/PharmacyRequest/Page_Store/input_txtqty'

2018-05-17 13:41:38 - [TEST_STEP][PASSED] - click: Object: 'Object Repository/PharmacyRequest/Page_Store/button_Add' is clicked on

2018-05-17 13:41:38 - [MESSAGE][PASSED] - Object: 'Object Repository/PharmacyRequest/Page_Store/button_Add' is clicked on

2018-05-17 13:41:38 - [TEST_STEP][PASSED] - Statement - Break: null

2018-05-17 13:41:38 - [TEST_STEP][PASSED] - selectOptionByIndex: All options with index in [13] are selected on object 'Object Repository/PharmacyRequest/Page_Store/select_--Select--Amlodepin -5'

2018-05-17 13:41:39 - [MESSAGE][PASSED] - All options with index in [13] are selected on object 'Object Repository/PharmacyRequest/Page_Store/select_--Select--Amlodepin -5'

2018-05-17 13:41:39 - [TEST_STEP][PASSED] - delay: Delayed 1 second(s)

2018-05-17 13:41:40 - [MESSAGE][PASSED] - Delayed 1 second(s)

2018-05-17 13:41:40 - [TEST_STEP][PASSED] - Statement - RequestedQty = com.kms.katalon.core.webui.keyword.WebUiBuiltInKeywords.getAttribute(com.kms.katalon.core.testobject.ObjectRepository.findTestObject(PharmacyRequest/Page_Store/input_txttotal), "value"): Attribute 'value' of object 'Object Repository/PharmacyRequest/Page_Store/input_txttotal' is: '10'

2018-05-17 13:41:40 - [MESSAGE][PASSED] - Attribute 'value' of object 'Object Repository/PharmacyRequest/Page_Store/input_txttotal' is: '10'

2018-05-17 13:41:40 - [TEST_STEP][PASSED] - Statement - out.println("Requested QTY : " + RequestedQty): null

2018-05-17 13:41:40 - [TEST_STEP][PASSED] - Statement - BatchNumber = com.kms.katalon.core.webui.keyword.WebUiBuiltInKeywords.getNumberOfTotalOption(com.kms.katalon.core.testobject.ObjectRepository.findTestObject(PharmacyRequest/Page_Store/select_--Select--BA50)): 3 options of object 'Object Repository/PharmacyRequest/Page_Store/select_--Select--BA50' counted

2018-05-17 13:41:40 - [MESSAGE][PASSED] - 3 options of object 'Object Repository/PharmacyRequest/Page_Store/select_--Select--BA50' counted

2018-05-17 13:41:40 - [TEST_STEP][PASSED] - Statement - For ([g = 1, g <= BatchNumber - 1, (g++)]): null

2018-05-17 13:41:40 - [TEST_STEP][PASSED] - selectOptionByIndex: All options with index in [1] are selected on object 'Object Repository/PharmacyRequest/Page_Store/select_--Select--BA50'

2018-05-17 13:41:40 - [MESSAGE][PASSED] - All options with index in [1] are selected on object 'Object Repository/PharmacyRequest/Page_Store/select_--Select--BA50'

2018-05-17 13:41:40 - [TEST_STEP][PASSED] - delay: Delayed 1 second(s)

2018-05-17 13:41:41 - [MESSAGE][PASSED] - Delayed 1 second(s)

2018-05-17 13:41:41 - [TEST_STEP][PASSED] - Statement - StockQty = com.kms.katalon.core.webui.keyword.WebUiBuiltInKeywords.getAttribute(com.kms.katalon.core.testobject.ObjectRepository.findTestObject(PharmacyRequest/Page_Store/input_txtprice), "value"): Attribute 'value' of object 'Object Repository/PharmacyRequest/Page_Store/input_txtprice' is: '65'

2018-05-17 13:41:41 - [MESSAGE][PASSED] - Attribute 'value' of object 'Object Repository/PharmacyRequest/Page_Store/input_txtprice' is: '65'

2018-05-17 13:41:41 - [TEST_STEP][PASSED] - Statement - out.println("Stock QTY : " + StockQty): null

2018-05-17 13:41:41 - [TEST_STEP][PASSED] - delay: Delayed 1 second(s)

2018-05-17 13:41:42 - [MESSAGE][PASSED] - Delayed 1 second(s)

2018-05-17 13:41:42 - [TEST_STEP][PASSED] - Statement - If (java.lang.Integer.valueOf(StockQty) >= java.lang.Integer.valueOf(RequestedQty)): null

2018-05-17 13:41:42 - [TEST_STEP][PASSED] - setText: Text '10' is set on object 'Object Repository/PharmacyRequest/Page_Store/input_txtqty'

2018-05-17 13:41:42 - [MESSAGE][PASSED] - Text '10' is set on object 'Object Repository/PharmacyRequest/Page_Store/input_txtqty'

2018-05-17 13:41:42 - [TEST_STEP][PASSED] - click: Object: 'Object Repository/PharmacyRequest/Page_Store/button_Add' is clicked on

2018-05-17 13:41:42 - [MESSAGE][PASSED] - Object: 'Object Repository/PharmacyRequest/Page_Store/button_Add' is clicked on

2018-05-17 13:41:42 - [TEST_STEP][PASSED] - Statement - Break: null

2018-05-17 13:41:42 - [TEST_STEP][PASSED] - selectOptionByIndex: All options with index in [14] are selected on object 'Object Repository/PharmacyRequest/Page_Store/select_--Select--Amlodepin -5'

2018-05-17 13:41:42 - [MESSAGE][PASSED] - All options with index in [14] are selected on object 'Object Repository/PharmacyRequest/Page_Store/select_--Select--Amlodepin -5'

2018-05-17 13:41:42 - [TEST_STEP][PASSED] - delay: Delayed 1 second(s)

2018-05-17 13:41:43 - [MESSAGE][PASSED] - Delayed 1 second(s)

2018-05-17 13:41:43 - [TEST_STEP][PASSED] - Statement - RequestedQty = com.kms.katalon.core.webui.keyword.WebUiBuiltInKeywords.getAttribute(com.kms.katalon.core.testobject.ObjectRepository.findTestObject(PharmacyRequest/Page_Store/input_txttotal), "value"): Attribute 'value' of object 'Object Repository/PharmacyRequest/Page_Store/input_txttotal' is: '20'

2018-05-17 13:41:43 - [MESSAGE][PASSED] - Attribute 'value' of object 'Object Repository/PharmacyRequest/Page_Store/input_txttotal' is: '20'

2018-05-17 13:41:43 - [TEST_STEP][PASSED] - Statement - out.println("Requested QTY : " + RequestedQty): null

2018-05-17 13:41:43 - [TEST_STEP][PASSED] - Statement - BatchNumber = com.kms.katalon.core.webui.keyword.WebUiBuiltInKeywords.getNumberOfTotalOption(com.kms.katalon.core.testobject.ObjectRepository.findTestObject(PharmacyRequest/Page_Store/select_--Select--BA50)): 3 options of object 'Object Repository/PharmacyRequest/Page_Store/select_--Select--BA50' counted

2018-05-17 13:41:43 - [MESSAGE][PASSED] - 3 options of object 'Object Repository/PharmacyRequest/Page_Store/select_--Select--BA50' counted

2018-05-17 13:41:43 - [TEST_STEP][PASSED] - Statement - For ([g = 1, g <= BatchNumber - 1, (g++)]): null

2018-05-17 13:41:43 - [TEST_STEP][PASSED] - selectOptionByIndex: All options with index in [1] are selected on object 'Object Repository/PharmacyRequest/Page_Store/select_--Select--BA50'

2018-05-17 13:41:43 - [MESSAGE][PASSED] - All options with index in [1] are selected on object 'Object Repository/PharmacyRequest/Page_Store/select_--Select--BA50'

2018-05-17 13:41:43 - [TEST_STEP][PASSED] - delay: Delayed 1 second(s)

2018-05-17 13:41:44 - [MESSAGE][PASSED] - Delayed 1 second(s)

2018-05-17 13:41:44 - [TEST_STEP][PASSED] - Statement - StockQty = com.kms.katalon.core.webui.keyword.WebUiBuiltInKeywords.getAttribute(com.kms.katalon.core.testobject.ObjectRepository.findTestObject(PharmacyRequest/Page_Store/input_txtprice), "value"): Attribute 'value' of object 'Object Repository/PharmacyRequest/Page_Store/input_txtprice' is: '2075'

2018-05-17 13:41:44 - [MESSAGE][PASSED] - Attribute 'value' of object 'Object Repository/PharmacyRequest/Page_Store/input_txtprice' is: '2075'

2018-05-17 13:41:44 - [TEST_STEP][PASSED] - Statement - out.println("Stock QTY : " + StockQty): null

2018-05-17 13:41:44 - [TEST_STEP][PASSED] - delay: Delayed 1 second(s)

2018-05-17 13:41:45 - [MESSAGE][PASSED] - Delayed 1 second(s)

2018-05-17 13:41:45 - [TEST_STEP][PASSED] - Statement - If (java.lang.Integer.valueOf(StockQty) >= java.lang.Integer.valueOf(RequestedQty)): null

2018-05-17 13:41:45 - [TEST_STEP][PASSED] - setText: Text '10' is set on object 'Object Repository/PharmacyRequest/Page_Store/input_txtqty'

2018-05-17 13:41:46 - [MESSAGE][PASSED] - Text '10' is set on object 'Object Repository/PharmacyRequest/Page_Store/input_txtqty'

2018-05-17 13:41:46 - [TEST_STEP][PASSED] - click: Object: 'Object Repository/PharmacyRequest/Page_Store/button_Add' is clicked on

2018-05-17 13:41:46 - [MESSAGE][PASSED] - Object: 'Object Repository/PharmacyRequest/Page_Store/button_Add' is clicked on

2018-05-17 13:41:46 - [TEST_STEP][PASSED] - Statement - Break: null

2018-05-17 13:41:46 - [TEST_STEP][PASSED] - selectOptionByIndex: All options with index in [15] are selected on object 'Object Repository/PharmacyRequest/Page_Store/select_--Select--Amlodepin -5'

2018-05-17 13:41:46 - [MESSAGE][PASSED] - All options with index in [15] are selected on object 'Object Repository/PharmacyRequest/Page_Store/select_--Select--Amlodepin -5'

2018-05-17 13:41:46 - [TEST_STEP][PASSED] - delay: Delayed 1 second(s)

2018-05-17 13:41:47 - [MESSAGE][PASSED] - Delayed 1 second(s)

2018-05-17 13:41:47 - [TEST_STEP][PASSED] - Statement - RequestedQty = com.kms.katalon.core.webui.keyword.WebUiBuiltInKeywords.getAttribute(com.kms.katalon.core.testobject.ObjectRepository.findTestObject(PharmacyRequest/Page_Store/input_txttotal), "value"): Attribute 'value' of object 'Object Repository/PharmacyRequest/Page_Store/input_txttotal' is: '20'

2018-05-17 13:41:47 - [MESSAGE][PASSED] - Attribute 'value' of object 'Object Repository/PharmacyRequest/Page_Store/input_txttotal' is: '20'

2018-05-17 13:41:47 - [TEST_STEP][PASSED] - Statement - out.println("Requested QTY : " + RequestedQty): null

2018-05-17 13:41:47 - [TEST_STEP][PASSED] - Statement - BatchNumber = com.kms.katalon.core.webui.keyword.WebUiBuiltInKeywords.getNumberOfTotalOption(com.kms.katalon.core.testobject.ObjectRepository.findTestObject(PharmacyRequest/Page_Store/select_--Select--BA50)): 3 options of object 'Object Repository/PharmacyRequest/Page_Store/select_--Select--BA50' counted

2018-05-17 13:41:47 - [MESSAGE][PASSED] - 3 options of object 'Object Repository/PharmacyRequest/Page_Store/select_--Select--BA50' counted

2018-05-17 13:41:47 - [TEST_STEP][PASSED] - Statement - For ([g = 1, g <= BatchNumber - 1, (g++)]): null

2018-05-17 13:41:47 - [TEST_STEP][PASSED] - selectOptionByIndex: All options with index in [1] are selected on object 'Object Repository/PharmacyRequest/Page_Store/select_--Select--BA50'

2018-05-17 13:41:47 - [MESSAGE][PASSED] - All options with index in [1] are selected on object 'Object Repository/PharmacyRequest/Page_Store/select_--Select--BA50'

2018-05-17 13:41:47 - [TEST_STEP][PASSED] - delay: Delayed 1 second(s)

2018-05-17 13:41:48 - [MESSAGE][PASSED] - Delayed 1 second(s)

2018-05-17 13:41:48 - [TEST_STEP][PASSED] - Statement - StockQty = com.kms.katalon.core.webui.keyword.WebUiBuiltInKeywords.getAttribute(com.kms.katalon.core.testobject.ObjectRepository.findTestObject(PharmacyRequest/Page_Store/input_txtprice), "value"): Attribute 'value' of object 'Object Repository/PharmacyRequest/Page_Store/input_txtprice' is: '2075'

2018-05-17 13:41:48 - [MESSAGE][PASSED] - Attribute 'value' of object 'Object Repository/PharmacyRequest/Page_Store/input_txtprice' is: '2075'

2018-05-17 13:41:48 - [TEST_STEP][PASSED] - Statement - out.println("Stock QTY : " + StockQty): null

2018-05-17 13:41:48 - [TEST_STEP][PASSED] - delay: Delayed 1 second(s)

2018-05-17 13:41:49 - [MESSAGE][PASSED] - Delayed 1 second(s)

2018-05-17 13:41:49 - [TEST_STEP][PASSED] - Statement - If (java.lang.Integer.valueOf(StockQty) >= java.lang.Integer.valueOf(RequestedQty)): null

2018-05-17 13:41:49 - [TEST_STEP][PASSED] - setText: Text '10' is set on object 'Object Repository/PharmacyRequest/Page_Store/input_txtqty'

2018-05-17 13:41:49 - [MESSAGE][PASSED] - Text '10' is set on object 'Object Repository/PharmacyRequest/Page_Store/input_txtqty'

2018-05-17 13:41:49 - [TEST_STEP][PASSED] - click: Object: 'Object Repository/PharmacyRequest/Page_Store/button_Add' is clicked on

2018-05-17 13:41:49 - [MESSAGE][PASSED] - Object: 'Object Repository/PharmacyRequest/Page_Store/button_Add' is clicked on

2018-05-17 13:41:49 - [TEST_STEP][PASSED] - Statement - Break: null

2018-05-17 13:41:49 - [TEST_STEP][PASSED] - selectOptionByIndex: All options with index in [16] are selected on object 'Object Repository/PharmacyRequest/Page_Store/select_--Select--Amlodepin -5'

2018-05-17 13:41:50 - [MESSAGE][PASSED] - All options with index in [16] are selected on object 'Object Repository/PharmacyRequest/Page_Store/select_--Select--Amlodepin -5'

2018-05-17 13:41:50 - [TEST_STEP][PASSED] - delay: Delayed 1 second(s)

2018-05-17 13:41:51 - [MESSAGE][PASSED] - Delayed 1 second(s)

2018-05-17 13:41:51 - [TEST_STEP][PASSED] - Statement - RequestedQty = com.kms.katalon.core.webui.keyword.WebUiBuiltInKeywords.getAttribute(com.kms.katalon.core.testobject.ObjectRepository.findTestObject(PharmacyRequest/Page_Store/input_txttotal), "value"): Attribute 'value' of object 'Object Repository/PharmacyRequest/Page_Store/input_txttotal' is: '10'

2018-05-17 13:41:51 - [MESSAGE][PASSED] - Attribute 'value' of object 'Object Repository/PharmacyRequest/Page_Store/input_txttotal' is: '10'

2018-05-17 13:41:51 - [TEST_STEP][PASSED] - Statement - out.println("Requested QTY : " + RequestedQty): null

2018-05-17 13:41:51 - [TEST_STEP][PASSED] - Statement - BatchNumber = com.kms.katalon.core.webui.keyword.WebUiBuiltInKeywords.getNumberOfTotalOption(com.kms.katalon.core.testobject.ObjectRepository.findTestObject(PharmacyRequest/Page_Store/select_--Select--BA50)): 3 options of object 'Object Repository/PharmacyRequest/Page_Store/select_--Select--BA50' counted

2018-05-17 13:41:51 - [MESSAGE][PASSED] - 3 options of object 'Object Repository/PharmacyRequest/Page_Store/select_--Select--BA50' counted

2018-05-17 13:41:51 - [TEST_STEP][PASSED] - Statement - For ([g = 1, g <= BatchNumber - 1, (g++)]): null

2018-05-17 13:41:51 - [TEST_STEP][PASSED] - selectOptionByIndex: All options with index in [1] are selected on object 'Object Repository/PharmacyRequest/Page_Store/select_--Select--BA50'

2018-05-17 13:41:51 - [MESSAGE][PASSED] - All options with index in [1] are selected on object 'Object Repository/PharmacyRequest/Page_Store/select_--Select--BA50'

2018-05-17 13:41:51 - [TEST_STEP][PASSED] - delay: Delayed 1 second(s)

2018-05-17 13:41:52 - [MESSAGE][PASSED] - Delayed 1 second(s)

2018-05-17 13:41:52 - [TEST_STEP][PASSED] - Statement - StockQty = com.kms.katalon.core.webui.keyword.WebUiBuiltInKeywords.getAttribute(com.kms.katalon.core.testobject.ObjectRepository.findTestObject(PharmacyRequest/Page_Store/input_txtprice), "value"): Attribute 'value' of object 'Object Repository/PharmacyRequest/Page_Store/input_txtprice' is: '65'

2018-05-17 13:41:52 - [MESSAGE][PASSED] - Attribute 'value' of object 'Object Repository/PharmacyRequest/Page_Store/input_txtprice' is: '65'

2018-05-17 13:41:52 - [TEST_STEP][PASSED] - Statement - out.println("Stock QTY : " + StockQty): null

2018-05-17 13:41:52 - [TEST_STEP][PASSED] - delay: Delayed 1 second(s)

2018-05-17 13:41:53 - [MESSAGE][PASSED] - Delayed 1 second(s)

2018-05-17 13:41:53 - [TEST_STEP][PASSED] - Statement - If (java.lang.Integer.valueOf(StockQty) >= java.lang.Integer.valueOf(RequestedQty)): null

2018-05-17 13:41:53 - [TEST_STEP][PASSED] - setText: Text '10' is set on object 'Object Repository/PharmacyRequest/Page_Store/input_txtqty'

2018-05-17 13:41:53 - [MESSAGE][PASSED] - Text '10' is set on object 'Object Repository/PharmacyRequest/Page_Store/input_txtqty'

2018-05-17 13:41:53 - [TEST_STEP][PASSED] - click: Object: 'Object Repository/PharmacyRequest/Page_Store/button_Add' is clicked on

2018-05-17 13:41:53 - [MESSAGE][PASSED] - Object: 'Object Repository/PharmacyRequest/Page_Store/button_Add' is clicked on

2018-05-17 13:41:53 - [TEST_STEP][PASSED] - Statement - Break: null

2018-05-17 13:41:53 - [TEST_STEP][PASSED] - selectOptionByIndex: All options with index in [17] are selected on object 'Object Repository/PharmacyRequest/Page_Store/select_--Select--Amlodepin -5'

2018-05-17 13:41:53 - [MESSAGE][PASSED] - All options with index in [17] are selected on object 'Object Repository/PharmacyRequest/Page_Store/select_--Select--Amlodepin -5'

2018-05-17 13:41:53 - [TEST_STEP][PASSED] - delay: Delayed 1 second(s)

2018-05-17 13:41:54 - [MESSAGE][PASSED] - Delayed 1 second(s)

2018-05-17 13:41:54 - [TEST_STEP][PASSED] - Statement - RequestedQty = com.kms.katalon.core.webui.keyword.WebUiBuiltInKeywords.getAttribute(com.kms.katalon.core.testobject.ObjectRepository.findTestObject(PharmacyRequest/Page_Store/input_txttotal), "value"): Attribute 'value' of object 'Object Repository/PharmacyRequest/Page_Store/input_txttotal' is: '10'

2018-05-17 13:41:54 - [MESSAGE][PASSED] - Attribute 'value' of object 'Object Repository/PharmacyRequest/Page_Store/input_txttotal' is: '10'

2018-05-17 13:41:54 - [TEST_STEP][PASSED] - Statement - out.println("Requested QTY : " + RequestedQty): null

2018-05-17 13:41:54 - [TEST_STEP][PASSED] - Statement - BatchNumber = com.kms.katalon.core.webui.keyword.WebUiBuiltInKeywords.getNumberOfTotalOption(com.kms.katalon.core.testobject.ObjectRepository.findTestObject(PharmacyRequest/Page_Store/select_--Select--BA50)): 2 options of object 'Object Repository/PharmacyRequest/Page_Store/select_--Select--BA50' counted

2018-05-17 13:41:54 - [MESSAGE][PASSED] - 2 options of object 'Object Repository/PharmacyRequest/Page_Store/select_--Select--BA50' counted

2018-05-17 13:41:54 - [TEST_STEP][PASSED] - Statement - For ([g = 1, g <= BatchNumber - 1, (g++)]): null

2018-05-17 13:41:54 - [TEST_STEP][PASSED] - selectOptionByIndex: All options with index in [1] are selected on object 'Object Repository/PharmacyRequest/Page_Store/select_--Select--BA50'

2018-05-17 13:41:55 - [MESSAGE][PASSED] - All options with index in [1] are selected on object 'Object Repository/PharmacyRequest/Page_Store/select_--Select--BA50'

2018-05-17 13:41:55 - [TEST_STEP][PASSED] - delay: Delayed 1 second(s)

2018-05-17 13:41:56 - [MESSAGE][PASSED] - Delayed 1 second(s)

2018-05-17 13:41:56 - [TEST_STEP][PASSED] - Statement - StockQty = com.kms.katalon.core.webui.keyword.WebUiBuiltInKeywords.getAttribute(com.kms.katalon.core.testobject.ObjectRepository.findTestObject(PharmacyRequest/Page_Store/input_txtprice), "value"): Attribute 'value' of object 'Object Repository/PharmacyRequest/Page_Store/input_txtprice' is: '1105'

2018-05-17 13:41:56 - [MESSAGE][PASSED] - Attribute 'value' of object 'Object Repository/PharmacyRequest/Page_Store/input_txtprice' is: '1105'

2018-05-17 13:41:56 - [TEST_STEP][PASSED] - Statement - out.println("Stock QTY : " + StockQty): null

2018-05-17 13:41:56 - [TEST_STEP][PASSED] - delay: Delayed 1 second(s)

2018-05-17 13:41:57 - [MESSAGE][PASSED] - Delayed 1 second(s)

2018-05-17 13:41:57 - [TEST_STEP][PASSED] - Statement - If (java.lang.Integer.valueOf(StockQty) >= java.lang.Integer.valueOf(RequestedQty)): null

2018-05-17 13:41:57 - [TEST_STEP][PASSED] - setText: Text '10' is set on object 'Object Repository/PharmacyRequest/Page_Store/input_txtqty'

2018-05-17 13:41:57 - [MESSAGE][PASSED] - Text '10' is set on object 'Object Repository/PharmacyRequest/Page_Store/input_txtqty'

2018-05-17 13:41:57 - [TEST_STEP][PASSED] - click: Object: 'Object Repository/PharmacyRequest/Page_Store/button_Add' is clicked on

2018-05-17 13:41:57 - [MESSAGE][PASSED] - Object: 'Object Repository/PharmacyRequest/Page_Store/button_Add' is clicked on

2018-05-17 13:41:57 - [TEST_STEP][PASSED] - Statement - Break: null

2018-05-17 13:41:57 - [TEST_STEP][PASSED] - scrollToElement: Scroll to object 'Object Repository/PharmacyRequest/Page_Store/input_btnSubmit' successfully

2018-05-17 13:41:57 - [MESSAGE][PASSED] - Scroll to object 'Object Repository/PharmacyRequest/Page_Store/input_btnSubmit' successfully

2018-05-17 13:41:57 - [TEST_STEP][PASSED] - click: Object: 'Object Repository/PharmacyRequest/Page_Store/input_btnSubmit' is clicked on

2018-05-17 13:41:57 - [MESSAGE][PASSED] - Object: 'Object Repository/PharmacyRequest/Page_Store/input_btnSubmit' is clicked on

2018-05-17 13:41:57 - [TEST_STEP][PASSED] - delay: Delayed 3 second(s)

2018-05-17 13:42:00 - [MESSAGE][PASSED] - Delayed 3 second(s)

2018-05-17 13:42:00 - [TEST_STEP][PASSED] - click: Object: 'Object Repository/PharmacyRequest/Page_Store/button_OK' is clicked on

2018-05-17 13:42:01 - [MESSAGE][PASSED] - Object: 'Object Repository/PharmacyRequest/Page_Store/button_OK' is clicked on

2018-05-17 13:42:01 - [TEST_STEP][PASSED] - delay: Delayed 3 second(s)

2018-05-17 13:42:04 - [MESSAGE][PASSED] - Delayed 3 second(s)

2018-05-17 13:42:04 - [TEST_STEP][PASSED] - click: Object: 'Object Repository/PharmacyRequest/Page_Store/a_dropdown-toggle' is clicked on

2018-05-17 13:42:04 - [MESSAGE][PASSED] - Object: 'Object Repository/PharmacyRequest/Page_Store/a_dropdown-toggle' is clicked on

2018-05-17 13:42:04 - [TEST_STEP][PASSED] - click: Object: 'Object Repository/PharmacyRequest/Page_Store/a_Sign out' is clicked on

2018-05-17 13:42:04 - [MESSAGE][PASSED] - Object: 'Object Repository/PharmacyRequest/Page_Store/a_Sign out' is clicked on

2018-05-17 13:42:04 - [TEST_STEP][PASSED] - closeBrowser: Browser is closed

2018-05-17 13:42:05 - [MESSAGE][PASSED] - Browser is closed

2018-05-17 13:42:05 - [TEST_STEP][PASSED] - Statement - out.println("Schedule 8 Pharmacy Request Are Working Successfully"): null]]></system-out>
         <system-err><![CDATA[]]></system-err>
      </testcase>
      <testcase name="Test Cases/PHARMACY TEST CASES/TC_PHAR_009 Verify Schedule 9 Pharmacy Request Are Working Successfully Or Not" classname="Test Cases/PHARMACY TEST CASES/TC_PHAR_009 Verify Schedule 9 Pharmacy Request Are Working Successfully Or Not" status="FAILED">
         <failure type="FAILED" message="Unable to get attribute 'value' of object 'Object Repository/PharmacyRequest/Page_Store/input_txttotal' (Root cause: org.openqa.selenium.UnhandledAlertException: unexpected alert open: {Alert text : function Error() { [native code] }}
  (Session info: chrome=66.0.3359.139)
  (Driver info: chromedriver=2.35.528161 (5b82f2d2aae0ca24b877009200ced9065a772e73),platform=Windows NT 10.0.17134 x86_64) (WARNING: The server did not provide any stacktrace information)
Command duration or timeout: 0 milliseconds: null
Build info: version: '3.7.1', revision: '8a0099a', time: '2017-11-06T21:07:36.161Z'
System info: host: 'DESKTOP-BLFTK83', ip: '192.168.71.2', os.name: 'Windows 10', os.arch: 'amd64', os.version: '10.0', java.version: '1.8.0_102'
Driver info: com.kms.katalon.selenium.driver.CChromeDriver
Capabilities {acceptInsecureCerts: false, acceptSslCerts: false, applicationCacheEnabled: false, browserConnectionEnabled: false, browserName: chrome, chrome: {chromedriverVersion: 2.35.528161 (5b82f2d2aae0ca..., userDataDir: C:\Users\QUALIT~1\AppData\L...}, cssSelectorsEnabled: true, databaseEnabled: false, handlesAlerts: true, hasTouchScreen: false, javascriptEnabled: true, locationContextEnabled: true, mobileEmulationEnabled: false, nativeEvents: true, networkConnectionEnabled: false, pageLoadStrategy: normal, platform: XP, platformName: XP, rotatable: false, setWindowRect: true, takesHeapSnapshot: true, takesScreenshot: true, unexpectedAlertBehaviour: , unhandledPromptBehavior: , version: 66.0.3359.139, webStorageEnabled: true}
Session ID: e620e1b9eb328fa27ff58e4d78d636ba
*** Element info: {Using=xpath, value=id(&quot;txttotal&quot;)[count(. | //input[@type = 'text' and @id = 'txttotal' and @name = 'txttotal' and @placeholder = 'Req.Qty' and @readonly = 'readonly']) = count(//input[@type = 'text' and @id = 'txttotal' and @name = 'txttotal' and @placeholder = 'Req.Qty' and @readonly = 'readonly'])]})"/>
         <system-out><![CDATA[2018-05-17 13:42:05 - [TEST_CASE][FAILED] - Test Cases/PHARMACY TEST CASES/TC_PHAR_009 Verify Schedule 9 Pharmacy Request Are Working Successfully Or Not: Test Cases/PHARMACY TEST CASES/TC_PHAR_009 Verify Schedule 9 Pharmacy Request Are Working Successfully Or Not FAILED because (of) Unable to get attribute 'value' of object 'Object Repository/PharmacyRequest/Page_Store/input_txttotal' (Root cause: org.openqa.selenium.UnhandledAlertException: unexpected alert open: {Alert text : function Error() { [native code] }}
  (Session info: chrome=66.0.3359.139)
  (Driver info: chromedriver=2.35.528161 (5b82f2d2aae0ca24b877009200ced9065a772e73),platform=Windows NT 10.0.17134 x86_64) (WARNING: The server did not provide any stacktrace information)
Command duration or timeout: 0 milliseconds: null
Build info: version: '3.7.1', revision: '8a0099a', time: '2017-11-06T21:07:36.161Z'
System info: host: 'DESKTOP-BLFTK83', ip: '192.168.71.2', os.name: 'Windows 10', os.arch: 'amd64', os.version: '10.0', java.version: '1.8.0_102'
Driver info: com.kms.katalon.selenium.driver.CChromeDriver
Capabilities {acceptInsecureCerts: false, acceptSslCerts: false, applicationCacheEnabled: false, browserConnectionEnabled: false, browserName: chrome, chrome: {chromedriverVersion: 2.35.528161 (5b82f2d2aae0ca..., userDataDir: C:\Users\QUALIT~1\AppData\L...}, cssSelectorsEnabled: true, databaseEnabled: false, handlesAlerts: true, hasTouchScreen: false, javascriptEnabled: true, locationContextEnabled: true, mobileEmulationEnabled: false, nativeEvents: true, networkConnectionEnabled: false, pageLoadStrategy: normal, platform: XP, platformName: XP, rotatable: false, setWindowRect: true, takesHeapSnapshot: true, takesScreenshot: true, unexpectedAlertBehaviour: , unhandledPromptBehavior: , version: 66.0.3359.139, webStorageEnabled: true}
Session ID: e620e1b9eb328fa27ff58e4d78d636ba
*** Element info: {Using=xpath, value=id("txttotal")[count(. | //input[@type = 'text' and @id = 'txttotal' and @name = 'txttotal' and @placeholder = 'Req.Qty' and @readonly = 'readonly']) = count(//input[@type = 'text' and @id = 'txttotal' and @name = 'txttotal' and @placeholder = 'Req.Qty' and @readonly = 'readonly'])]})

2018-05-17 13:42:05 - [TEST_STEP][PASSED] - openBrowser: Browser is opened with url: ''

2018-05-17 13:42:07 - [MESSAGE][PASSED] - Browser is opened with url: ''

2018-05-17 13:42:07 - [TEST_STEP][PASSED] - Statement - out.println("Verify Schedule 9 Pharmacy Request Are Working Successfully Or Not"): null

2018-05-17 13:42:07 - [TEST_STEP][PASSED] - navigateToUrl: Navigate to 'http://192.168.137.1/multihospital_new/' successfully

2018-05-17 13:42:11 - [MESSAGE][PASSED] - Navigate to 'http://192.168.137.1/multihospital_new/' successfully

2018-05-17 13:42:11 - [TEST_STEP][PASSED] - maximizeWindow: Current window maximized

2018-05-17 13:42:12 - [MESSAGE][PASSED] - Current window maximized

2018-05-17 13:42:12 - [TEST_STEP][PASSED] - click: Object: 'Object Repository/PharmacyRequest/Page_KDMC/a_Pharmacy' is clicked on

2018-05-17 13:42:13 - [MESSAGE][PASSED] - Object: 'Object Repository/PharmacyRequest/Page_KDMC/a_Pharmacy' is clicked on

2018-05-17 13:42:13 - [TEST_STEP][PASSED] - setText: Text 'raja' is set on object 'Object Repository/PharmacyRequest/Page_Pharmacy login/input_txtusername'

2018-05-17 13:42:13 - [MESSAGE][PASSED] - Text 'raja' is set on object 'Object Repository/PharmacyRequest/Page_Pharmacy login/input_txtusername'

2018-05-17 13:42:13 - [TEST_STEP][PASSED] - setText: Text '123' is set on object 'Object Repository/PharmacyRequest/Page_Pharmacy login/input_txtpassword'

2018-05-17 13:42:13 - [MESSAGE][PASSED] - Text '123' is set on object 'Object Repository/PharmacyRequest/Page_Pharmacy login/input_txtpassword'

2018-05-17 13:42:13 - [TEST_STEP][PASSED] - delay: Delayed 3 second(s)

2018-05-17 13:42:16 - [MESSAGE][PASSED] - Delayed 3 second(s)

2018-05-17 13:42:16 - [TEST_STEP][PASSED] - click: Object: 'Object Repository/PharmacyRequest/Page_Pharmacy login/button_Sign in' is clicked on

2018-05-17 13:42:18 - [MESSAGE][PASSED] - Object: 'Object Repository/PharmacyRequest/Page_Pharmacy login/button_Sign in' is clicked on

2018-05-17 13:42:18 - [TEST_STEP][PASSED] - delay: Delayed 3 second(s)

2018-05-17 13:42:21 - [MESSAGE][PASSED] - Delayed 3 second(s)

2018-05-17 13:42:21 - [TEST_STEP][PASSED] - click: Object: 'Object Repository/PharmacyRequest/Page_KDMC - Pharmacy/a_Inventory' is clicked on

2018-05-17 13:42:22 - [MESSAGE][PASSED] - Object: 'Object Repository/PharmacyRequest/Page_KDMC - Pharmacy/a_Inventory' is clicked on

2018-05-17 13:42:22 - [TEST_STEP][PASSED] - delay: Delayed 3 second(s)

2018-05-17 13:42:25 - [MESSAGE][PASSED] - Delayed 3 second(s)

2018-05-17 13:42:25 - [TEST_STEP][PASSED] - click: Object: 'Object Repository/PharmacyRequest/Page_KDMC-Pharmacy/a_Store Request' is clicked on

2018-05-17 13:42:26 - [MESSAGE][PASSED] - Object: 'Object Repository/PharmacyRequest/Page_KDMC-Pharmacy/a_Store Request' is clicked on

2018-05-17 13:42:26 - [TEST_STEP][PASSED] - click: Object: 'Object Repository/PharmacyRequest/Page_KDMC-Pharmacy/a_Medicine Request' is clicked on

2018-05-17 13:42:26 - [MESSAGE][PASSED] - Object: 'Object Repository/PharmacyRequest/Page_KDMC-Pharmacy/a_Medicine Request' is clicked on

2018-05-17 13:42:26 - [TEST_STEP][PASSED] - selectOptionByIndex: All options with index in [9] are selected on object 'Object Repository/PharmacyRequest/Page_KDMC-Pharmacy/select_--Select--Schedule 1Inj'

2018-05-17 13:42:27 - [MESSAGE][PASSED] - All options with index in [9] are selected on object 'Object Repository/PharmacyRequest/Page_KDMC-Pharmacy/select_--Select--Schedule 1Inj'

2018-05-17 13:42:27 - [TEST_STEP][PASSED] - Statement - MedicineLength = com.kms.katalon.core.webui.keyword.WebUiBuiltInKeywords.getNumberOfTotalOption(com.kms.katalon.core.testobject.ObjectRepository.findTestObject(PharmacyRequest/Page_KDMC-Pharmacy/select_--Select--Albendazole)): 36 options of object 'Object Repository/PharmacyRequest/Page_KDMC-Pharmacy/select_--Select--Albendazole' counted

2018-05-17 13:42:27 - [MESSAGE][PASSED] - 36 options of object 'Object Repository/PharmacyRequest/Page_KDMC-Pharmacy/select_--Select--Albendazole' counted

2018-05-17 13:42:27 - [TEST_STEP][PASSED] - Statement - For ([l = 1, l <= MedicineLength - 1, (l++)]): Object: 'Object Repository/PharmacyRequest/Page_KDMC-Pharmacy/button_Add' is clicked on

2018-05-17 13:42:27 - [TEST_STEP][PASSED] - selectOptionByIndex: All options with index in [9] are selected on object 'Object Repository/PharmacyRequest/Page_KDMC-Pharmacy/select_--Select--Schedule 1Inj'

2018-05-17 13:42:27 - [MESSAGE][PASSED] - All options with index in [9] are selected on object 'Object Repository/PharmacyRequest/Page_KDMC-Pharmacy/select_--Select--Schedule 1Inj'

2018-05-17 13:42:27 - [TEST_STEP][PASSED] - selectOptionByIndex: All options with index in [1] are selected on object 'Object Repository/PharmacyRequest/Page_KDMC-Pharmacy/select_--Select--Albendazole'

2018-05-17 13:42:27 - [MESSAGE][PASSED] - All options with index in [1] are selected on object 'Object Repository/PharmacyRequest/Page_KDMC-Pharmacy/select_--Select--Albendazole'

2018-05-17 13:42:27 - [TEST_STEP][PASSED] - setText: Text '10' is set on object 'Object Repository/PharmacyRequest/Page_KDMC-Pharmacy/input_txttreat'

2018-05-17 13:42:27 - [MESSAGE][PASSED] - Text '10' is set on object 'Object Repository/PharmacyRequest/Page_KDMC-Pharmacy/input_txttreat'

2018-05-17 13:42:27 - [TEST_STEP][PASSED] - click: Object: 'Object Repository/PharmacyRequest/Page_KDMC-Pharmacy/button_Add' is clicked on

2018-05-17 13:42:27 - [MESSAGE][PASSED] - Object: 'Object Repository/PharmacyRequest/Page_KDMC-Pharmacy/button_Add' is clicked on

2018-05-17 13:42:27 - [TEST_STEP][PASSED] - selectOptionByIndex: All options with index in [9] are selected on object 'Object Repository/PharmacyRequest/Page_KDMC-Pharmacy/select_--Select--Schedule 1Inj'

2018-05-17 13:42:27 - [MESSAGE][PASSED] - All options with index in [9] are selected on object 'Object Repository/PharmacyRequest/Page_KDMC-Pharmacy/select_--Select--Schedule 1Inj'

2018-05-17 13:42:27 - [TEST_STEP][PASSED] - selectOptionByIndex: All options with index in [2] are selected on object 'Object Repository/PharmacyRequest/Page_KDMC-Pharmacy/select_--Select--Albendazole'

2018-05-17 13:42:28 - [MESSAGE][PASSED] - All options with index in [2] are selected on object 'Object Repository/PharmacyRequest/Page_KDMC-Pharmacy/select_--Select--Albendazole'

2018-05-17 13:42:28 - [TEST_STEP][PASSED] - setText: Text '10' is set on object 'Object Repository/PharmacyRequest/Page_KDMC-Pharmacy/input_txttreat'

2018-05-17 13:42:28 - [MESSAGE][PASSED] - Text '10' is set on object 'Object Repository/PharmacyRequest/Page_KDMC-Pharmacy/input_txttreat'

2018-05-17 13:42:28 - [TEST_STEP][PASSED] - click: Object: 'Object Repository/PharmacyRequest/Page_KDMC-Pharmacy/button_Add' is clicked on

2018-05-17 13:42:28 - [MESSAGE][PASSED] - Object: 'Object Repository/PharmacyRequest/Page_KDMC-Pharmacy/button_Add' is clicked on

2018-05-17 13:42:28 - [TEST_STEP][PASSED] - selectOptionByIndex: All options with index in [9] are selected on object 'Object Repository/PharmacyRequest/Page_KDMC-Pharmacy/select_--Select--Schedule 1Inj'

2018-05-17 13:42:28 - [MESSAGE][PASSED] - All options with index in [9] are selected on object 'Object Repository/PharmacyRequest/Page_KDMC-Pharmacy/select_--Select--Schedule 1Inj'

2018-05-17 13:42:28 - [TEST_STEP][PASSED] - selectOptionByIndex: All options with index in [3] are selected on object 'Object Repository/PharmacyRequest/Page_KDMC-Pharmacy/select_--Select--Albendazole'

2018-05-17 13:42:28 - [MESSAGE][PASSED] - All options with index in [3] are selected on object 'Object Repository/PharmacyRequest/Page_KDMC-Pharmacy/select_--Select--Albendazole'

2018-05-17 13:42:28 - [TEST_STEP][PASSED] - setText: Text '10' is set on object 'Object Repository/PharmacyRequest/Page_KDMC-Pharmacy/input_txttreat'

2018-05-17 13:42:28 - [MESSAGE][PASSED] - Text '10' is set on object 'Object Repository/PharmacyRequest/Page_KDMC-Pharmacy/input_txttreat'

2018-05-17 13:42:28 - [TEST_STEP][PASSED] - click: Object: 'Object Repository/PharmacyRequest/Page_KDMC-Pharmacy/button_Add' is clicked on

2018-05-17 13:42:28 - [MESSAGE][PASSED] - Object: 'Object Repository/PharmacyRequest/Page_KDMC-Pharmacy/button_Add' is clicked on

2018-05-17 13:42:28 - [TEST_STEP][PASSED] - selectOptionByIndex: All options with index in [9] are selected on object 'Object Repository/PharmacyRequest/Page_KDMC-Pharmacy/select_--Select--Schedule 1Inj'

2018-05-17 13:42:28 - [MESSAGE][PASSED] - All options with index in [9] are selected on object 'Object Repository/PharmacyRequest/Page_KDMC-Pharmacy/select_--Select--Schedule 1Inj'

2018-05-17 13:42:28 - [TEST_STEP][PASSED] - selectOptionByIndex: All options with index in [4] are selected on object 'Object Repository/PharmacyRequest/Page_KDMC-Pharmacy/select_--Select--Albendazole'

2018-05-17 13:42:28 - [MESSAGE][PASSED] - All options with index in [4] are selected on object 'Object Repository/PharmacyRequest/Page_KDMC-Pharmacy/select_--Select--Albendazole'

2018-05-17 13:42:28 - [TEST_STEP][PASSED] - setText: Text '10' is set on object 'Object Repository/PharmacyRequest/Page_KDMC-Pharmacy/input_txttreat'

2018-05-17 13:42:28 - [MESSAGE][PASSED] - Text '10' is set on object 'Object Repository/PharmacyRequest/Page_KDMC-Pharmacy/input_txttreat'

2018-05-17 13:42:28 - [TEST_STEP][PASSED] - click: Object: 'Object Repository/PharmacyRequest/Page_KDMC-Pharmacy/button_Add' is clicked on

2018-05-17 13:42:29 - [MESSAGE][PASSED] - Object: 'Object Repository/PharmacyRequest/Page_KDMC-Pharmacy/button_Add' is clicked on

2018-05-17 13:42:29 - [TEST_STEP][PASSED] - selectOptionByIndex: All options with index in [9] are selected on object 'Object Repository/PharmacyRequest/Page_KDMC-Pharmacy/select_--Select--Schedule 1Inj'

2018-05-17 13:42:29 - [MESSAGE][PASSED] - All options with index in [9] are selected on object 'Object Repository/PharmacyRequest/Page_KDMC-Pharmacy/select_--Select--Schedule 1Inj'

2018-05-17 13:42:29 - [TEST_STEP][PASSED] - selectOptionByIndex: All options with index in [5] are selected on object 'Object Repository/PharmacyRequest/Page_KDMC-Pharmacy/select_--Select--Albendazole'

2018-05-17 13:42:29 - [MESSAGE][PASSED] - All options with index in [5] are selected on object 'Object Repository/PharmacyRequest/Page_KDMC-Pharmacy/select_--Select--Albendazole'

2018-05-17 13:42:29 - [TEST_STEP][PASSED] - setText: Text '10' is set on object 'Object Repository/PharmacyRequest/Page_KDMC-Pharmacy/input_txttreat'

2018-05-17 13:42:29 - [MESSAGE][PASSED] - Text '10' is set on object 'Object Repository/PharmacyRequest/Page_KDMC-Pharmacy/input_txttreat'

2018-05-17 13:42:29 - [TEST_STEP][PASSED] - click: Object: 'Object Repository/PharmacyRequest/Page_KDMC-Pharmacy/button_Add' is clicked on

2018-05-17 13:42:29 - [MESSAGE][PASSED] - Object: 'Object Repository/PharmacyRequest/Page_KDMC-Pharmacy/button_Add' is clicked on

2018-05-17 13:42:29 - [TEST_STEP][PASSED] - selectOptionByIndex: All options with index in [9] are selected on object 'Object Repository/PharmacyRequest/Page_KDMC-Pharmacy/select_--Select--Schedule 1Inj'

2018-05-17 13:42:29 - [MESSAGE][PASSED] - All options with index in [9] are selected on object 'Object Repository/PharmacyRequest/Page_KDMC-Pharmacy/select_--Select--Schedule 1Inj'

2018-05-17 13:42:29 - [TEST_STEP][PASSED] - selectOptionByIndex: All options with index in [6] are selected on object 'Object Repository/PharmacyRequest/Page_KDMC-Pharmacy/select_--Select--Albendazole'

2018-05-17 13:42:29 - [MESSAGE][PASSED] - All options with index in [6] are selected on object 'Object Repository/PharmacyRequest/Page_KDMC-Pharmacy/select_--Select--Albendazole'

2018-05-17 13:42:29 - [TEST_STEP][PASSED] - setText: Text '10' is set on object 'Object Repository/PharmacyRequest/Page_KDMC-Pharmacy/input_txttreat'

2018-05-17 13:42:29 - [MESSAGE][PASSED] - Text '10' is set on object 'Object Repository/PharmacyRequest/Page_KDMC-Pharmacy/input_txttreat'

2018-05-17 13:42:29 - [TEST_STEP][PASSED] - click: Object: 'Object Repository/PharmacyRequest/Page_KDMC-Pharmacy/button_Add' is clicked on

2018-05-17 13:42:29 - [MESSAGE][PASSED] - Object: 'Object Repository/PharmacyRequest/Page_KDMC-Pharmacy/button_Add' is clicked on

2018-05-17 13:42:29 - [TEST_STEP][PASSED] - selectOptionByIndex: All options with index in [9] are selected on object 'Object Repository/PharmacyRequest/Page_KDMC-Pharmacy/select_--Select--Schedule 1Inj'

2018-05-17 13:42:30 - [MESSAGE][PASSED] - All options with index in [9] are selected on object 'Object Repository/PharmacyRequest/Page_KDMC-Pharmacy/select_--Select--Schedule 1Inj'

2018-05-17 13:42:30 - [TEST_STEP][PASSED] - selectOptionByIndex: All options with index in [7] are selected on object 'Object Repository/PharmacyRequest/Page_KDMC-Pharmacy/select_--Select--Albendazole'

2018-05-17 13:42:30 - [MESSAGE][PASSED] - All options with index in [7] are selected on object 'Object Repository/PharmacyRequest/Page_KDMC-Pharmacy/select_--Select--Albendazole'

2018-05-17 13:42:30 - [TEST_STEP][PASSED] - setText: Text '10' is set on object 'Object Repository/PharmacyRequest/Page_KDMC-Pharmacy/input_txttreat'

2018-05-17 13:42:30 - [MESSAGE][PASSED] - Text '10' is set on object 'Object Repository/PharmacyRequest/Page_KDMC-Pharmacy/input_txttreat'

2018-05-17 13:42:30 - [TEST_STEP][PASSED] - click: Object: 'Object Repository/PharmacyRequest/Page_KDMC-Pharmacy/button_Add' is clicked on

2018-05-17 13:42:30 - [MESSAGE][PASSED] - Object: 'Object Repository/PharmacyRequest/Page_KDMC-Pharmacy/button_Add' is clicked on

2018-05-17 13:42:30 - [TEST_STEP][PASSED] - selectOptionByIndex: All options with index in [9] are selected on object 'Object Repository/PharmacyRequest/Page_KDMC-Pharmacy/select_--Select--Schedule 1Inj'

2018-05-17 13:42:30 - [MESSAGE][PASSED] - All options with index in [9] are selected on object 'Object Repository/PharmacyRequest/Page_KDMC-Pharmacy/select_--Select--Schedule 1Inj'

2018-05-17 13:42:30 - [TEST_STEP][PASSED] - selectOptionByIndex: All options with index in [8] are selected on object 'Object Repository/PharmacyRequest/Page_KDMC-Pharmacy/select_--Select--Albendazole'

2018-05-17 13:42:30 - [MESSAGE][PASSED] - All options with index in [8] are selected on object 'Object Repository/PharmacyRequest/Page_KDMC-Pharmacy/select_--Select--Albendazole'

2018-05-17 13:42:30 - [TEST_STEP][PASSED] - setText: Text '10' is set on object 'Object Repository/PharmacyRequest/Page_KDMC-Pharmacy/input_txttreat'

2018-05-17 13:42:30 - [MESSAGE][PASSED] - Text '10' is set on object 'Object Repository/PharmacyRequest/Page_KDMC-Pharmacy/input_txttreat'

2018-05-17 13:42:30 - [TEST_STEP][PASSED] - click: Object: 'Object Repository/PharmacyRequest/Page_KDMC-Pharmacy/button_Add' is clicked on

2018-05-17 13:42:30 - [MESSAGE][PASSED] - Object: 'Object Repository/PharmacyRequest/Page_KDMC-Pharmacy/button_Add' is clicked on

2018-05-17 13:42:30 - [TEST_STEP][PASSED] - selectOptionByIndex: All options with index in [9] are selected on object 'Object Repository/PharmacyRequest/Page_KDMC-Pharmacy/select_--Select--Schedule 1Inj'

2018-05-17 13:42:30 - [MESSAGE][PASSED] - All options with index in [9] are selected on object 'Object Repository/PharmacyRequest/Page_KDMC-Pharmacy/select_--Select--Schedule 1Inj'

2018-05-17 13:42:30 - [TEST_STEP][PASSED] - selectOptionByIndex: All options with index in [9] are selected on object 'Object Repository/PharmacyRequest/Page_KDMC-Pharmacy/select_--Select--Albendazole'

2018-05-17 13:42:31 - [MESSAGE][PASSED] - All options with index in [9] are selected on object 'Object Repository/PharmacyRequest/Page_KDMC-Pharmacy/select_--Select--Albendazole'

2018-05-17 13:42:31 - [TEST_STEP][PASSED] - setText: Text '10' is set on object 'Object Repository/PharmacyRequest/Page_KDMC-Pharmacy/input_txttreat'

2018-05-17 13:42:31 - [MESSAGE][PASSED] - Text '10' is set on object 'Object Repository/PharmacyRequest/Page_KDMC-Pharmacy/input_txttreat'

2018-05-17 13:42:31 - [TEST_STEP][PASSED] - click: Object: 'Object Repository/PharmacyRequest/Page_KDMC-Pharmacy/button_Add' is clicked on

2018-05-17 13:42:31 - [MESSAGE][PASSED] - Object: 'Object Repository/PharmacyRequest/Page_KDMC-Pharmacy/button_Add' is clicked on

2018-05-17 13:42:31 - [TEST_STEP][PASSED] - selectOptionByIndex: All options with index in [9] are selected on object 'Object Repository/PharmacyRequest/Page_KDMC-Pharmacy/select_--Select--Schedule 1Inj'

2018-05-17 13:42:31 - [MESSAGE][PASSED] - All options with index in [9] are selected on object 'Object Repository/PharmacyRequest/Page_KDMC-Pharmacy/select_--Select--Schedule 1Inj'

2018-05-17 13:42:31 - [TEST_STEP][PASSED] - selectOptionByIndex: All options with index in [10] are selected on object 'Object Repository/PharmacyRequest/Page_KDMC-Pharmacy/select_--Select--Albendazole'

2018-05-17 13:42:31 - [MESSAGE][PASSED] - All options with index in [10] are selected on object 'Object Repository/PharmacyRequest/Page_KDMC-Pharmacy/select_--Select--Albendazole'

2018-05-17 13:42:31 - [TEST_STEP][PASSED] - setText: Text '10' is set on object 'Object Repository/PharmacyRequest/Page_KDMC-Pharmacy/input_txttreat'

2018-05-17 13:42:31 - [MESSAGE][PASSED] - Text '10' is set on object 'Object Repository/PharmacyRequest/Page_KDMC-Pharmacy/input_txttreat'

2018-05-17 13:42:31 - [TEST_STEP][PASSED] - click: Object: 'Object Repository/PharmacyRequest/Page_KDMC-Pharmacy/button_Add' is clicked on

2018-05-17 13:42:31 - [MESSAGE][PASSED] - Object: 'Object Repository/PharmacyRequest/Page_KDMC-Pharmacy/button_Add' is clicked on

2018-05-17 13:42:31 - [TEST_STEP][PASSED] - selectOptionByIndex: All options with index in [9] are selected on object 'Object Repository/PharmacyRequest/Page_KDMC-Pharmacy/select_--Select--Schedule 1Inj'

2018-05-17 13:42:31 - [MESSAGE][PASSED] - All options with index in [9] are selected on object 'Object Repository/PharmacyRequest/Page_KDMC-Pharmacy/select_--Select--Schedule 1Inj'

2018-05-17 13:42:31 - [TEST_STEP][PASSED] - selectOptionByIndex: All options with index in [11] are selected on object 'Object Repository/PharmacyRequest/Page_KDMC-Pharmacy/select_--Select--Albendazole'

2018-05-17 13:42:32 - [MESSAGE][PASSED] - All options with index in [11] are selected on object 'Object Repository/PharmacyRequest/Page_KDMC-Pharmacy/select_--Select--Albendazole'

2018-05-17 13:42:32 - [TEST_STEP][PASSED] - setText: Text '10' is set on object 'Object Repository/PharmacyRequest/Page_KDMC-Pharmacy/input_txttreat'

2018-05-17 13:42:32 - [MESSAGE][PASSED] - Text '10' is set on object 'Object Repository/PharmacyRequest/Page_KDMC-Pharmacy/input_txttreat'

2018-05-17 13:42:32 - [TEST_STEP][PASSED] - click: Object: 'Object Repository/PharmacyRequest/Page_KDMC-Pharmacy/button_Add' is clicked on

2018-05-17 13:42:32 - [MESSAGE][PASSED] - Object: 'Object Repository/PharmacyRequest/Page_KDMC-Pharmacy/button_Add' is clicked on

2018-05-17 13:42:32 - [TEST_STEP][PASSED] - selectOptionByIndex: All options with index in [9] are selected on object 'Object Repository/PharmacyRequest/Page_KDMC-Pharmacy/select_--Select--Schedule 1Inj'

2018-05-17 13:42:32 - [MESSAGE][PASSED] - All options with index in [9] are selected on object 'Object Repository/PharmacyRequest/Page_KDMC-Pharmacy/select_--Select--Schedule 1Inj'

2018-05-17 13:42:32 - [TEST_STEP][PASSED] - selectOptionByIndex: All options with index in [12] are selected on object 'Object Repository/PharmacyRequest/Page_KDMC-Pharmacy/select_--Select--Albendazole'

2018-05-17 13:42:32 - [MESSAGE][PASSED] - All options with index in [12] are selected on object 'Object Repository/PharmacyRequest/Page_KDMC-Pharmacy/select_--Select--Albendazole'

2018-05-17 13:42:32 - [TEST_STEP][PASSED] - setText: Text '10' is set on object 'Object Repository/PharmacyRequest/Page_KDMC-Pharmacy/input_txttreat'

2018-05-17 13:42:32 - [MESSAGE][PASSED] - Text '10' is set on object 'Object Repository/PharmacyRequest/Page_KDMC-Pharmacy/input_txttreat'

2018-05-17 13:42:32 - [TEST_STEP][PASSED] - click: Object: 'Object Repository/PharmacyRequest/Page_KDMC-Pharmacy/button_Add' is clicked on

2018-05-17 13:42:32 - [MESSAGE][PASSED] - Object: 'Object Repository/PharmacyRequest/Page_KDMC-Pharmacy/button_Add' is clicked on

2018-05-17 13:42:32 - [TEST_STEP][PASSED] - selectOptionByIndex: All options with index in [9] are selected on object 'Object Repository/PharmacyRequest/Page_KDMC-Pharmacy/select_--Select--Schedule 1Inj'

2018-05-17 13:42:32 - [MESSAGE][PASSED] - All options with index in [9] are selected on object 'Object Repository/PharmacyRequest/Page_KDMC-Pharmacy/select_--Select--Schedule 1Inj'

2018-05-17 13:42:32 - [TEST_STEP][PASSED] - selectOptionByIndex: All options with index in [13] are selected on object 'Object Repository/PharmacyRequest/Page_KDMC-Pharmacy/select_--Select--Albendazole'

2018-05-17 13:42:32 - [MESSAGE][PASSED] - All options with index in [13] are selected on object 'Object Repository/PharmacyRequest/Page_KDMC-Pharmacy/select_--Select--Albendazole'

2018-05-17 13:42:32 - [TEST_STEP][PASSED] - setText: Text '10' is set on object 'Object Repository/PharmacyRequest/Page_KDMC-Pharmacy/input_txttreat'

2018-05-17 13:42:33 - [MESSAGE][PASSED] - Text '10' is set on object 'Object Repository/PharmacyRequest/Page_KDMC-Pharmacy/input_txttreat'

2018-05-17 13:42:33 - [TEST_STEP][PASSED] - click: Object: 'Object Repository/PharmacyRequest/Page_KDMC-Pharmacy/button_Add' is clicked on

2018-05-17 13:42:33 - [MESSAGE][PASSED] - Object: 'Object Repository/PharmacyRequest/Page_KDMC-Pharmacy/button_Add' is clicked on

2018-05-17 13:42:33 - [TEST_STEP][PASSED] - selectOptionByIndex: All options with index in [9] are selected on object 'Object Repository/PharmacyRequest/Page_KDMC-Pharmacy/select_--Select--Schedule 1Inj'

2018-05-17 13:42:33 - [MESSAGE][PASSED] - All options with index in [9] are selected on object 'Object Repository/PharmacyRequest/Page_KDMC-Pharmacy/select_--Select--Schedule 1Inj'

2018-05-17 13:42:33 - [TEST_STEP][PASSED] - selectOptionByIndex: All options with index in [14] are selected on object 'Object Repository/PharmacyRequest/Page_KDMC-Pharmacy/select_--Select--Albendazole'

2018-05-17 13:42:33 - [MESSAGE][PASSED] - All options with index in [14] are selected on object 'Object Repository/PharmacyRequest/Page_KDMC-Pharmacy/select_--Select--Albendazole'

2018-05-17 13:42:33 - [TEST_STEP][PASSED] - setText: Text '10' is set on object 'Object Repository/PharmacyRequest/Page_KDMC-Pharmacy/input_txttreat'

2018-05-17 13:42:33 - [MESSAGE][PASSED] - Text '10' is set on object 'Object Repository/PharmacyRequest/Page_KDMC-Pharmacy/input_txttreat'

2018-05-17 13:42:33 - [TEST_STEP][PASSED] - click: Object: 'Object Repository/PharmacyRequest/Page_KDMC-Pharmacy/button_Add' is clicked on

2018-05-17 13:42:33 - [MESSAGE][PASSED] - Object: 'Object Repository/PharmacyRequest/Page_KDMC-Pharmacy/button_Add' is clicked on

2018-05-17 13:42:33 - [TEST_STEP][PASSED] - selectOptionByIndex: All options with index in [9] are selected on object 'Object Repository/PharmacyRequest/Page_KDMC-Pharmacy/select_--Select--Schedule 1Inj'

2018-05-17 13:42:33 - [MESSAGE][PASSED] - All options with index in [9] are selected on object 'Object Repository/PharmacyRequest/Page_KDMC-Pharmacy/select_--Select--Schedule 1Inj'

2018-05-17 13:42:33 - [TEST_STEP][PASSED] - selectOptionByIndex: All options with index in [15] are selected on object 'Object Repository/PharmacyRequest/Page_KDMC-Pharmacy/select_--Select--Albendazole'

2018-05-17 13:42:34 - [MESSAGE][PASSED] - All options with index in [15] are selected on object 'Object Repository/PharmacyRequest/Page_KDMC-Pharmacy/select_--Select--Albendazole'

2018-05-17 13:42:34 - [TEST_STEP][PASSED] - setText: Text '10' is set on object 'Object Repository/PharmacyRequest/Page_KDMC-Pharmacy/input_txttreat'

2018-05-17 13:42:34 - [MESSAGE][PASSED] - Text '10' is set on object 'Object Repository/PharmacyRequest/Page_KDMC-Pharmacy/input_txttreat'

2018-05-17 13:42:34 - [TEST_STEP][PASSED] - click: Object: 'Object Repository/PharmacyRequest/Page_KDMC-Pharmacy/button_Add' is clicked on

2018-05-17 13:42:34 - [MESSAGE][PASSED] - Object: 'Object Repository/PharmacyRequest/Page_KDMC-Pharmacy/button_Add' is clicked on

2018-05-17 13:42:34 - [TEST_STEP][PASSED] - selectOptionByIndex: All options with index in [9] are selected on object 'Object Repository/PharmacyRequest/Page_KDMC-Pharmacy/select_--Select--Schedule 1Inj'

2018-05-17 13:42:34 - [MESSAGE][PASSED] - All options with index in [9] are selected on object 'Object Repository/PharmacyRequest/Page_KDMC-Pharmacy/select_--Select--Schedule 1Inj'

2018-05-17 13:42:34 - [TEST_STEP][PASSED] - selectOptionByIndex: All options with index in [16] are selected on object 'Object Repository/PharmacyRequest/Page_KDMC-Pharmacy/select_--Select--Albendazole'

2018-05-17 13:42:34 - [MESSAGE][PASSED] - All options with index in [16] are selected on object 'Object Repository/PharmacyRequest/Page_KDMC-Pharmacy/select_--Select--Albendazole'

2018-05-17 13:42:34 - [TEST_STEP][PASSED] - setText: Text '10' is set on object 'Object Repository/PharmacyRequest/Page_KDMC-Pharmacy/input_txttreat'

2018-05-17 13:42:34 - [MESSAGE][PASSED] - Text '10' is set on object 'Object Repository/PharmacyRequest/Page_KDMC-Pharmacy/input_txttreat'

2018-05-17 13:42:34 - [TEST_STEP][PASSED] - click: Object: 'Object Repository/PharmacyRequest/Page_KDMC-Pharmacy/button_Add' is clicked on

2018-05-17 13:42:34 - [MESSAGE][PASSED] - Object: 'Object Repository/PharmacyRequest/Page_KDMC-Pharmacy/button_Add' is clicked on

2018-05-17 13:42:34 - [TEST_STEP][PASSED] - selectOptionByIndex: All options with index in [9] are selected on object 'Object Repository/PharmacyRequest/Page_KDMC-Pharmacy/select_--Select--Schedule 1Inj'

2018-05-17 13:42:34 - [MESSAGE][PASSED] - All options with index in [9] are selected on object 'Object Repository/PharmacyRequest/Page_KDMC-Pharmacy/select_--Select--Schedule 1Inj'

2018-05-17 13:42:34 - [TEST_STEP][PASSED] - selectOptionByIndex: All options with index in [17] are selected on object 'Object Repository/PharmacyRequest/Page_KDMC-Pharmacy/select_--Select--Albendazole'

2018-05-17 13:42:35 - [MESSAGE][PASSED] - All options with index in [17] are selected on object 'Object Repository/PharmacyRequest/Page_KDMC-Pharmacy/select_--Select--Albendazole'

2018-05-17 13:42:35 - [TEST_STEP][PASSED] - setText: Text '10' is set on object 'Object Repository/PharmacyRequest/Page_KDMC-Pharmacy/input_txttreat'

2018-05-17 13:42:35 - [MESSAGE][PASSED] - Text '10' is set on object 'Object Repository/PharmacyRequest/Page_KDMC-Pharmacy/input_txttreat'

2018-05-17 13:42:35 - [TEST_STEP][PASSED] - click: Object: 'Object Repository/PharmacyRequest/Page_KDMC-Pharmacy/button_Add' is clicked on

2018-05-17 13:42:35 - [MESSAGE][PASSED] - Object: 'Object Repository/PharmacyRequest/Page_KDMC-Pharmacy/button_Add' is clicked on

2018-05-17 13:42:35 - [TEST_STEP][PASSED] - selectOptionByIndex: All options with index in [9] are selected on object 'Object Repository/PharmacyRequest/Page_KDMC-Pharmacy/select_--Select--Schedule 1Inj'

2018-05-17 13:42:35 - [MESSAGE][PASSED] - All options with index in [9] are selected on object 'Object Repository/PharmacyRequest/Page_KDMC-Pharmacy/select_--Select--Schedule 1Inj'

2018-05-17 13:42:35 - [TEST_STEP][PASSED] - selectOptionByIndex: All options with index in [18] are selected on object 'Object Repository/PharmacyRequest/Page_KDMC-Pharmacy/select_--Select--Albendazole'

2018-05-17 13:42:35 - [MESSAGE][PASSED] - All options with index in [18] are selected on object 'Object Repository/PharmacyRequest/Page_KDMC-Pharmacy/select_--Select--Albendazole'

2018-05-17 13:42:35 - [TEST_STEP][PASSED] - setText: Text '10' is set on object 'Object Repository/PharmacyRequest/Page_KDMC-Pharmacy/input_txttreat'

2018-05-17 13:42:35 - [MESSAGE][PASSED] - Text '10' is set on object 'Object Repository/PharmacyRequest/Page_KDMC-Pharmacy/input_txttreat'

2018-05-17 13:42:35 - [TEST_STEP][PASSED] - click: Object: 'Object Repository/PharmacyRequest/Page_KDMC-Pharmacy/button_Add' is clicked on

2018-05-17 13:42:35 - [MESSAGE][PASSED] - Object: 'Object Repository/PharmacyRequest/Page_KDMC-Pharmacy/button_Add' is clicked on

2018-05-17 13:42:35 - [TEST_STEP][PASSED] - selectOptionByIndex: All options with index in [9] are selected on object 'Object Repository/PharmacyRequest/Page_KDMC-Pharmacy/select_--Select--Schedule 1Inj'

2018-05-17 13:42:35 - [MESSAGE][PASSED] - All options with index in [9] are selected on object 'Object Repository/PharmacyRequest/Page_KDMC-Pharmacy/select_--Select--Schedule 1Inj'

2018-05-17 13:42:35 - [TEST_STEP][PASSED] - selectOptionByIndex: All options with index in [19] are selected on object 'Object Repository/PharmacyRequest/Page_KDMC-Pharmacy/select_--Select--Albendazole'

2018-05-17 13:42:36 - [MESSAGE][PASSED] - All options with index in [19] are selected on object 'Object Repository/PharmacyRequest/Page_KDMC-Pharmacy/select_--Select--Albendazole'

2018-05-17 13:42:36 - [TEST_STEP][PASSED] - setText: Text '10' is set on object 'Object Repository/PharmacyRequest/Page_KDMC-Pharmacy/input_txttreat'

2018-05-17 13:42:36 - [MESSAGE][PASSED] - Text '10' is set on object 'Object Repository/PharmacyRequest/Page_KDMC-Pharmacy/input_txttreat'

2018-05-17 13:42:36 - [TEST_STEP][PASSED] - click: Object: 'Object Repository/PharmacyRequest/Page_KDMC-Pharmacy/button_Add' is clicked on

2018-05-17 13:42:36 - [MESSAGE][PASSED] - Object: 'Object Repository/PharmacyRequest/Page_KDMC-Pharmacy/button_Add' is clicked on

2018-05-17 13:42:36 - [TEST_STEP][PASSED] - selectOptionByIndex: All options with index in [9] are selected on object 'Object Repository/PharmacyRequest/Page_KDMC-Pharmacy/select_--Select--Schedule 1Inj'

2018-05-17 13:42:36 - [MESSAGE][PASSED] - All options with index in [9] are selected on object 'Object Repository/PharmacyRequest/Page_KDMC-Pharmacy/select_--Select--Schedule 1Inj'

2018-05-17 13:42:36 - [TEST_STEP][PASSED] - selectOptionByIndex: All options with index in [20] are selected on object 'Object Repository/PharmacyRequest/Page_KDMC-Pharmacy/select_--Select--Albendazole'

2018-05-17 13:42:36 - [MESSAGE][PASSED] - All options with index in [20] are selected on object 'Object Repository/PharmacyRequest/Page_KDMC-Pharmacy/select_--Select--Albendazole'

2018-05-17 13:42:36 - [TEST_STEP][PASSED] - setText: Text '10' is set on object 'Object Repository/PharmacyRequest/Page_KDMC-Pharmacy/input_txttreat'

2018-05-17 13:42:36 - [MESSAGE][PASSED] - Text '10' is set on object 'Object Repository/PharmacyRequest/Page_KDMC-Pharmacy/input_txttreat'

2018-05-17 13:42:36 - [TEST_STEP][PASSED] - click: Object: 'Object Repository/PharmacyRequest/Page_KDMC-Pharmacy/button_Add' is clicked on

2018-05-17 13:42:36 - [MESSAGE][PASSED] - Object: 'Object Repository/PharmacyRequest/Page_KDMC-Pharmacy/button_Add' is clicked on

2018-05-17 13:42:36 - [TEST_STEP][PASSED] - selectOptionByIndex: All options with index in [9] are selected on object 'Object Repository/PharmacyRequest/Page_KDMC-Pharmacy/select_--Select--Schedule 1Inj'

2018-05-17 13:42:36 - [MESSAGE][PASSED] - All options with index in [9] are selected on object 'Object Repository/PharmacyRequest/Page_KDMC-Pharmacy/select_--Select--Schedule 1Inj'

2018-05-17 13:42:36 - [TEST_STEP][PASSED] - selectOptionByIndex: All options with index in [21] are selected on object 'Object Repository/PharmacyRequest/Page_KDMC-Pharmacy/select_--Select--Albendazole'

2018-05-17 13:42:37 - [MESSAGE][PASSED] - All options with index in [21] are selected on object 'Object Repository/PharmacyRequest/Page_KDMC-Pharmacy/select_--Select--Albendazole'

2018-05-17 13:42:37 - [TEST_STEP][PASSED] - setText: Text '10' is set on object 'Object Repository/PharmacyRequest/Page_KDMC-Pharmacy/input_txttreat'

2018-05-17 13:42:37 - [MESSAGE][PASSED] - Text '10' is set on object 'Object Repository/PharmacyRequest/Page_KDMC-Pharmacy/input_txttreat'

2018-05-17 13:42:37 - [TEST_STEP][PASSED] - click: Object: 'Object Repository/PharmacyRequest/Page_KDMC-Pharmacy/button_Add' is clicked on

2018-05-17 13:42:37 - [MESSAGE][PASSED] - Object: 'Object Repository/PharmacyRequest/Page_KDMC-Pharmacy/button_Add' is clicked on

2018-05-17 13:42:37 - [TEST_STEP][PASSED] - selectOptionByIndex: All options with index in [9] are selected on object 'Object Repository/PharmacyRequest/Page_KDMC-Pharmacy/select_--Select--Schedule 1Inj'

2018-05-17 13:42:37 - [MESSAGE][PASSED] - All options with index in [9] are selected on object 'Object Repository/PharmacyRequest/Page_KDMC-Pharmacy/select_--Select--Schedule 1Inj'

2018-05-17 13:42:37 - [TEST_STEP][PASSED] - selectOptionByIndex: All options with index in [22] are selected on object 'Object Repository/PharmacyRequest/Page_KDMC-Pharmacy/select_--Select--Albendazole'

2018-05-17 13:42:37 - [MESSAGE][PASSED] - All options with index in [22] are selected on object 'Object Repository/PharmacyRequest/Page_KDMC-Pharmacy/select_--Select--Albendazole'

2018-05-17 13:42:37 - [TEST_STEP][PASSED] - setText: Text '10' is set on object 'Object Repository/PharmacyRequest/Page_KDMC-Pharmacy/input_txttreat'

2018-05-17 13:42:37 - [MESSAGE][PASSED] - Text '10' is set on object 'Object Repository/PharmacyRequest/Page_KDMC-Pharmacy/input_txttreat'

2018-05-17 13:42:37 - [TEST_STEP][PASSED] - click: Object: 'Object Repository/PharmacyRequest/Page_KDMC-Pharmacy/button_Add' is clicked on

2018-05-17 13:42:37 - [MESSAGE][PASSED] - Object: 'Object Repository/PharmacyRequest/Page_KDMC-Pharmacy/button_Add' is clicked on

2018-05-17 13:42:37 - [TEST_STEP][PASSED] - selectOptionByIndex: All options with index in [9] are selected on object 'Object Repository/PharmacyRequest/Page_KDMC-Pharmacy/select_--Select--Schedule 1Inj'

2018-05-17 13:42:38 - [MESSAGE][PASSED] - All options with index in [9] are selected on object 'Object Repository/PharmacyRequest/Page_KDMC-Pharmacy/select_--Select--Schedule 1Inj'

2018-05-17 13:42:38 - [TEST_STEP][PASSED] - selectOptionByIndex: All options with index in [23] are selected on object 'Object Repository/PharmacyRequest/Page_KDMC-Pharmacy/select_--Select--Albendazole'

2018-05-17 13:42:38 - [MESSAGE][PASSED] - All options with index in [23] are selected on object 'Object Repository/PharmacyRequest/Page_KDMC-Pharmacy/select_--Select--Albendazole'

2018-05-17 13:42:38 - [TEST_STEP][PASSED] - setText: Text '10' is set on object 'Object Repository/PharmacyRequest/Page_KDMC-Pharmacy/input_txttreat'

2018-05-17 13:42:38 - [MESSAGE][PASSED] - Text '10' is set on object 'Object Repository/PharmacyRequest/Page_KDMC-Pharmacy/input_txttreat'

2018-05-17 13:42:38 - [TEST_STEP][PASSED] - click: Object: 'Object Repository/PharmacyRequest/Page_KDMC-Pharmacy/button_Add' is clicked on

2018-05-17 13:42:38 - [MESSAGE][PASSED] - Object: 'Object Repository/PharmacyRequest/Page_KDMC-Pharmacy/button_Add' is clicked on

2018-05-17 13:42:38 - [TEST_STEP][PASSED] - selectOptionByIndex: All options with index in [9] are selected on object 'Object Repository/PharmacyRequest/Page_KDMC-Pharmacy/select_--Select--Schedule 1Inj'

2018-05-17 13:42:38 - [MESSAGE][PASSED] - All options with index in [9] are selected on object 'Object Repository/PharmacyRequest/Page_KDMC-Pharmacy/select_--Select--Schedule 1Inj'

2018-05-17 13:42:38 - [TEST_STEP][PASSED] - selectOptionByIndex: All options with index in [24] are selected on object 'Object Repository/PharmacyRequest/Page_KDMC-Pharmacy/select_--Select--Albendazole'

2018-05-17 13:42:38 - [MESSAGE][PASSED] - All options with index in [24] are selected on object 'Object Repository/PharmacyRequest/Page_KDMC-Pharmacy/select_--Select--Albendazole'

2018-05-17 13:42:38 - [TEST_STEP][PASSED] - setText: Text '10' is set on object 'Object Repository/PharmacyRequest/Page_KDMC-Pharmacy/input_txttreat'

2018-05-17 13:42:38 - [MESSAGE][PASSED] - Text '10' is set on object 'Object Repository/PharmacyRequest/Page_KDMC-Pharmacy/input_txttreat'

2018-05-17 13:42:38 - [TEST_STEP][PASSED] - click: Object: 'Object Repository/PharmacyRequest/Page_KDMC-Pharmacy/button_Add' is clicked on

2018-05-17 13:42:39 - [MESSAGE][PASSED] - Object: 'Object Repository/PharmacyRequest/Page_KDMC-Pharmacy/button_Add' is clicked on

2018-05-17 13:42:39 - [TEST_STEP][PASSED] - selectOptionByIndex: All options with index in [9] are selected on object 'Object Repository/PharmacyRequest/Page_KDMC-Pharmacy/select_--Select--Schedule 1Inj'

2018-05-17 13:42:39 - [MESSAGE][PASSED] - All options with index in [9] are selected on object 'Object Repository/PharmacyRequest/Page_KDMC-Pharmacy/select_--Select--Schedule 1Inj'

2018-05-17 13:42:39 - [TEST_STEP][PASSED] - selectOptionByIndex: All options with index in [25] are selected on object 'Object Repository/PharmacyRequest/Page_KDMC-Pharmacy/select_--Select--Albendazole'

2018-05-17 13:42:39 - [MESSAGE][PASSED] - All options with index in [25] are selected on object 'Object Repository/PharmacyRequest/Page_KDMC-Pharmacy/select_--Select--Albendazole'

2018-05-17 13:42:39 - [TEST_STEP][PASSED] - setText: Text '10' is set on object 'Object Repository/PharmacyRequest/Page_KDMC-Pharmacy/input_txttreat'

2018-05-17 13:42:39 - [MESSAGE][PASSED] - Text '10' is set on object 'Object Repository/PharmacyRequest/Page_KDMC-Pharmacy/input_txttreat'

2018-05-17 13:42:39 - [TEST_STEP][PASSED] - click: Object: 'Object Repository/PharmacyRequest/Page_KDMC-Pharmacy/button_Add' is clicked on

2018-05-17 13:42:39 - [MESSAGE][PASSED] - Object: 'Object Repository/PharmacyRequest/Page_KDMC-Pharmacy/button_Add' is clicked on

2018-05-17 13:42:39 - [TEST_STEP][PASSED] - selectOptionByIndex: All options with index in [9] are selected on object 'Object Repository/PharmacyRequest/Page_KDMC-Pharmacy/select_--Select--Schedule 1Inj'

2018-05-17 13:42:39 - [MESSAGE][PASSED] - All options with index in [9] are selected on object 'Object Repository/PharmacyRequest/Page_KDMC-Pharmacy/select_--Select--Schedule 1Inj'

2018-05-17 13:42:39 - [TEST_STEP][PASSED] - selectOptionByIndex: All options with index in [26] are selected on object 'Object Repository/PharmacyRequest/Page_KDMC-Pharmacy/select_--Select--Albendazole'

2018-05-17 13:42:40 - [MESSAGE][PASSED] - All options with index in [26] are selected on object 'Object Repository/PharmacyRequest/Page_KDMC-Pharmacy/select_--Select--Albendazole'

2018-05-17 13:42:40 - [TEST_STEP][PASSED] - setText: Text '10' is set on object 'Object Repository/PharmacyRequest/Page_KDMC-Pharmacy/input_txttreat'

2018-05-17 13:42:40 - [MESSAGE][PASSED] - Text '10' is set on object 'Object Repository/PharmacyRequest/Page_KDMC-Pharmacy/input_txttreat'

2018-05-17 13:42:40 - [TEST_STEP][PASSED] - click: Object: 'Object Repository/PharmacyRequest/Page_KDMC-Pharmacy/button_Add' is clicked on

2018-05-17 13:42:40 - [MESSAGE][PASSED] - Object: 'Object Repository/PharmacyRequest/Page_KDMC-Pharmacy/button_Add' is clicked on

2018-05-17 13:42:40 - [TEST_STEP][PASSED] - selectOptionByIndex: All options with index in [9] are selected on object 'Object Repository/PharmacyRequest/Page_KDMC-Pharmacy/select_--Select--Schedule 1Inj'

2018-05-17 13:42:40 - [MESSAGE][PASSED] - All options with index in [9] are selected on object 'Object Repository/PharmacyRequest/Page_KDMC-Pharmacy/select_--Select--Schedule 1Inj'

2018-05-17 13:42:40 - [TEST_STEP][PASSED] - selectOptionByIndex: All options with index in [27] are selected on object 'Object Repository/PharmacyRequest/Page_KDMC-Pharmacy/select_--Select--Albendazole'

2018-05-17 13:42:40 - [MESSAGE][PASSED] - All options with index in [27] are selected on object 'Object Repository/PharmacyRequest/Page_KDMC-Pharmacy/select_--Select--Albendazole'

2018-05-17 13:42:40 - [TEST_STEP][PASSED] - setText: Text '10' is set on object 'Object Repository/PharmacyRequest/Page_KDMC-Pharmacy/input_txttreat'

2018-05-17 13:42:40 - [MESSAGE][PASSED] - Text '10' is set on object 'Object Repository/PharmacyRequest/Page_KDMC-Pharmacy/input_txttreat'

2018-05-17 13:42:40 - [TEST_STEP][PASSED] - click: Object: 'Object Repository/PharmacyRequest/Page_KDMC-Pharmacy/button_Add' is clicked on

2018-05-17 13:42:40 - [MESSAGE][PASSED] - Object: 'Object Repository/PharmacyRequest/Page_KDMC-Pharmacy/button_Add' is clicked on

2018-05-17 13:42:40 - [TEST_STEP][PASSED] - selectOptionByIndex: All options with index in [9] are selected on object 'Object Repository/PharmacyRequest/Page_KDMC-Pharmacy/select_--Select--Schedule 1Inj'

2018-05-17 13:42:40 - [MESSAGE][PASSED] - All options with index in [9] are selected on object 'Object Repository/PharmacyRequest/Page_KDMC-Pharmacy/select_--Select--Schedule 1Inj'

2018-05-17 13:42:40 - [TEST_STEP][PASSED] - selectOptionByIndex: All options with index in [28] are selected on object 'Object Repository/PharmacyRequest/Page_KDMC-Pharmacy/select_--Select--Albendazole'

2018-05-17 13:42:41 - [MESSAGE][PASSED] - All options with index in [28] are selected on object 'Object Repository/PharmacyRequest/Page_KDMC-Pharmacy/select_--Select--Albendazole'

2018-05-17 13:42:41 - [TEST_STEP][PASSED] - setText: Text '10' is set on object 'Object Repository/PharmacyRequest/Page_KDMC-Pharmacy/input_txttreat'

2018-05-17 13:42:41 - [MESSAGE][PASSED] - Text '10' is set on object 'Object Repository/PharmacyRequest/Page_KDMC-Pharmacy/input_txttreat'

2018-05-17 13:42:41 - [TEST_STEP][PASSED] - click: Object: 'Object Repository/PharmacyRequest/Page_KDMC-Pharmacy/button_Add' is clicked on

2018-05-17 13:42:41 - [MESSAGE][PASSED] - Object: 'Object Repository/PharmacyRequest/Page_KDMC-Pharmacy/button_Add' is clicked on

2018-05-17 13:42:41 - [TEST_STEP][PASSED] - selectOptionByIndex: All options with index in [9] are selected on object 'Object Repository/PharmacyRequest/Page_KDMC-Pharmacy/select_--Select--Schedule 1Inj'

2018-05-17 13:42:41 - [MESSAGE][PASSED] - All options with index in [9] are selected on object 'Object Repository/PharmacyRequest/Page_KDMC-Pharmacy/select_--Select--Schedule 1Inj'

2018-05-17 13:42:41 - [TEST_STEP][PASSED] - selectOptionByIndex: All options with index in [29] are selected on object 'Object Repository/PharmacyRequest/Page_KDMC-Pharmacy/select_--Select--Albendazole'

2018-05-17 13:42:41 - [MESSAGE][PASSED] - All options with index in [29] are selected on object 'Object Repository/PharmacyRequest/Page_KDMC-Pharmacy/select_--Select--Albendazole'

2018-05-17 13:42:41 - [TEST_STEP][PASSED] - setText: Text '10' is set on object 'Object Repository/PharmacyRequest/Page_KDMC-Pharmacy/input_txttreat'

2018-05-17 13:42:41 - [MESSAGE][PASSED] - Text '10' is set on object 'Object Repository/PharmacyRequest/Page_KDMC-Pharmacy/input_txttreat'

2018-05-17 13:42:41 - [TEST_STEP][PASSED] - click: Object: 'Object Repository/PharmacyRequest/Page_KDMC-Pharmacy/button_Add' is clicked on

2018-05-17 13:42:42 - [MESSAGE][PASSED] - Object: 'Object Repository/PharmacyRequest/Page_KDMC-Pharmacy/button_Add' is clicked on

2018-05-17 13:42:42 - [TEST_STEP][PASSED] - selectOptionByIndex: All options with index in [9] are selected on object 'Object Repository/PharmacyRequest/Page_KDMC-Pharmacy/select_--Select--Schedule 1Inj'

2018-05-17 13:42:42 - [MESSAGE][PASSED] - All options with index in [9] are selected on object 'Object Repository/PharmacyRequest/Page_KDMC-Pharmacy/select_--Select--Schedule 1Inj'

2018-05-17 13:42:42 - [TEST_STEP][PASSED] - selectOptionByIndex: All options with index in [30] are selected on object 'Object Repository/PharmacyRequest/Page_KDMC-Pharmacy/select_--Select--Albendazole'

2018-05-17 13:42:42 - [MESSAGE][PASSED] - All options with index in [30] are selected on object 'Object Repository/PharmacyRequest/Page_KDMC-Pharmacy/select_--Select--Albendazole'

2018-05-17 13:42:42 - [TEST_STEP][PASSED] - setText: Text '10' is set on object 'Object Repository/PharmacyRequest/Page_KDMC-Pharmacy/input_txttreat'

2018-05-17 13:42:42 - [MESSAGE][PASSED] - Text '10' is set on object 'Object Repository/PharmacyRequest/Page_KDMC-Pharmacy/input_txttreat'

2018-05-17 13:42:42 - [TEST_STEP][PASSED] - click: Object: 'Object Repository/PharmacyRequest/Page_KDMC-Pharmacy/button_Add' is clicked on

2018-05-17 13:42:42 - [MESSAGE][PASSED] - Object: 'Object Repository/PharmacyRequest/Page_KDMC-Pharmacy/button_Add' is clicked on

2018-05-17 13:42:42 - [TEST_STEP][PASSED] - selectOptionByIndex: All options with index in [9] are selected on object 'Object Repository/PharmacyRequest/Page_KDMC-Pharmacy/select_--Select--Schedule 1Inj'

2018-05-17 13:42:42 - [MESSAGE][PASSED] - All options with index in [9] are selected on object 'Object Repository/PharmacyRequest/Page_KDMC-Pharmacy/select_--Select--Schedule 1Inj'

2018-05-17 13:42:42 - [TEST_STEP][PASSED] - selectOptionByIndex: All options with index in [31] are selected on object 'Object Repository/PharmacyRequest/Page_KDMC-Pharmacy/select_--Select--Albendazole'

2018-05-17 13:42:43 - [MESSAGE][PASSED] - All options with index in [31] are selected on object 'Object Repository/PharmacyRequest/Page_KDMC-Pharmacy/select_--Select--Albendazole'

2018-05-17 13:42:43 - [TEST_STEP][PASSED] - setText: Text '10' is set on object 'Object Repository/PharmacyRequest/Page_KDMC-Pharmacy/input_txttreat'

2018-05-17 13:42:43 - [MESSAGE][PASSED] - Text '10' is set on object 'Object Repository/PharmacyRequest/Page_KDMC-Pharmacy/input_txttreat'

2018-05-17 13:42:43 - [TEST_STEP][PASSED] - click: Object: 'Object Repository/PharmacyRequest/Page_KDMC-Pharmacy/button_Add' is clicked on

2018-05-17 13:42:43 - [MESSAGE][PASSED] - Object: 'Object Repository/PharmacyRequest/Page_KDMC-Pharmacy/button_Add' is clicked on

2018-05-17 13:42:43 - [TEST_STEP][PASSED] - selectOptionByIndex: All options with index in [9] are selected on object 'Object Repository/PharmacyRequest/Page_KDMC-Pharmacy/select_--Select--Schedule 1Inj'

2018-05-17 13:42:43 - [MESSAGE][PASSED] - All options with index in [9] are selected on object 'Object Repository/PharmacyRequest/Page_KDMC-Pharmacy/select_--Select--Schedule 1Inj'

2018-05-17 13:42:43 - [TEST_STEP][PASSED] - selectOptionByIndex: All options with index in [32] are selected on object 'Object Repository/PharmacyRequest/Page_KDMC-Pharmacy/select_--Select--Albendazole'

2018-05-17 13:42:43 - [MESSAGE][PASSED] - All options with index in [32] are selected on object 'Object Repository/PharmacyRequest/Page_KDMC-Pharmacy/select_--Select--Albendazole'

2018-05-17 13:42:43 - [TEST_STEP][PASSED] - setText: Text '10' is set on object 'Object Repository/PharmacyRequest/Page_KDMC-Pharmacy/input_txttreat'

2018-05-17 13:42:43 - [MESSAGE][PASSED] - Text '10' is set on object 'Object Repository/PharmacyRequest/Page_KDMC-Pharmacy/input_txttreat'

2018-05-17 13:42:43 - [TEST_STEP][PASSED] - click: Object: 'Object Repository/PharmacyRequest/Page_KDMC-Pharmacy/button_Add' is clicked on

2018-05-17 13:42:43 - [MESSAGE][PASSED] - Object: 'Object Repository/PharmacyRequest/Page_KDMC-Pharmacy/button_Add' is clicked on

2018-05-17 13:42:43 - [TEST_STEP][PASSED] - selectOptionByIndex: All options with index in [9] are selected on object 'Object Repository/PharmacyRequest/Page_KDMC-Pharmacy/select_--Select--Schedule 1Inj'

2018-05-17 13:42:43 - [MESSAGE][PASSED] - All options with index in [9] are selected on object 'Object Repository/PharmacyRequest/Page_KDMC-Pharmacy/select_--Select--Schedule 1Inj'

2018-05-17 13:42:43 - [TEST_STEP][PASSED] - selectOptionByIndex: All options with index in [33] are selected on object 'Object Repository/PharmacyRequest/Page_KDMC-Pharmacy/select_--Select--Albendazole'

2018-05-17 13:42:44 - [MESSAGE][PASSED] - All options with index in [33] are selected on object 'Object Repository/PharmacyRequest/Page_KDMC-Pharmacy/select_--Select--Albendazole'

2018-05-17 13:42:44 - [TEST_STEP][PASSED] - setText: Text '10' is set on object 'Object Repository/PharmacyRequest/Page_KDMC-Pharmacy/input_txttreat'

2018-05-17 13:42:44 - [MESSAGE][PASSED] - Text '10' is set on object 'Object Repository/PharmacyRequest/Page_KDMC-Pharmacy/input_txttreat'

2018-05-17 13:42:44 - [TEST_STEP][PASSED] - click: Object: 'Object Repository/PharmacyRequest/Page_KDMC-Pharmacy/button_Add' is clicked on

2018-05-17 13:42:44 - [MESSAGE][PASSED] - Object: 'Object Repository/PharmacyRequest/Page_KDMC-Pharmacy/button_Add' is clicked on

2018-05-17 13:42:44 - [TEST_STEP][PASSED] - selectOptionByIndex: All options with index in [9] are selected on object 'Object Repository/PharmacyRequest/Page_KDMC-Pharmacy/select_--Select--Schedule 1Inj'

2018-05-17 13:42:44 - [MESSAGE][PASSED] - All options with index in [9] are selected on object 'Object Repository/PharmacyRequest/Page_KDMC-Pharmacy/select_--Select--Schedule 1Inj'

2018-05-17 13:42:44 - [TEST_STEP][PASSED] - selectOptionByIndex: All options with index in [34] are selected on object 'Object Repository/PharmacyRequest/Page_KDMC-Pharmacy/select_--Select--Albendazole'

2018-05-17 13:42:44 - [MESSAGE][PASSED] - All options with index in [34] are selected on object 'Object Repository/PharmacyRequest/Page_KDMC-Pharmacy/select_--Select--Albendazole'

2018-05-17 13:42:44 - [TEST_STEP][PASSED] - setText: Text '10' is set on object 'Object Repository/PharmacyRequest/Page_KDMC-Pharmacy/input_txttreat'

2018-05-17 13:42:45 - [MESSAGE][PASSED] - Text '10' is set on object 'Object Repository/PharmacyRequest/Page_KDMC-Pharmacy/input_txttreat'

2018-05-17 13:42:45 - [TEST_STEP][PASSED] - click: Object: 'Object Repository/PharmacyRequest/Page_KDMC-Pharmacy/button_Add' is clicked on

2018-05-17 13:42:45 - [MESSAGE][PASSED] - Object: 'Object Repository/PharmacyRequest/Page_KDMC-Pharmacy/button_Add' is clicked on

2018-05-17 13:42:45 - [TEST_STEP][PASSED] - selectOptionByIndex: All options with index in [9] are selected on object 'Object Repository/PharmacyRequest/Page_KDMC-Pharmacy/select_--Select--Schedule 1Inj'

2018-05-17 13:42:45 - [MESSAGE][PASSED] - All options with index in [9] are selected on object 'Object Repository/PharmacyRequest/Page_KDMC-Pharmacy/select_--Select--Schedule 1Inj'

2018-05-17 13:42:45 - [TEST_STEP][PASSED] - selectOptionByIndex: All options with index in [35] are selected on object 'Object Repository/PharmacyRequest/Page_KDMC-Pharmacy/select_--Select--Albendazole'

2018-05-17 13:42:45 - [MESSAGE][PASSED] - All options with index in [35] are selected on object 'Object Repository/PharmacyRequest/Page_KDMC-Pharmacy/select_--Select--Albendazole'

2018-05-17 13:42:45 - [TEST_STEP][PASSED] - setText: Text '10' is set on object 'Object Repository/PharmacyRequest/Page_KDMC-Pharmacy/input_txttreat'

2018-05-17 13:42:45 - [MESSAGE][PASSED] - Text '10' is set on object 'Object Repository/PharmacyRequest/Page_KDMC-Pharmacy/input_txttreat'

2018-05-17 13:42:45 - [TEST_STEP][PASSED] - click: Object: 'Object Repository/PharmacyRequest/Page_KDMC-Pharmacy/button_Add' is clicked on

2018-05-17 13:42:45 - [MESSAGE][PASSED] - Object: 'Object Repository/PharmacyRequest/Page_KDMC-Pharmacy/button_Add' is clicked on

2018-05-17 13:42:45 - [TEST_STEP][PASSED] - Statement - RN1 = com.kms.katalon.core.webui.keyword.WebUiBuiltInKeywords.getAttribute(com.kms.katalon.core.testobject.ObjectRepository.findTestObject(PharmacyRequest/Page_KDMC-Pharmacy/input_txtno), "value"): Attribute 'value' of object 'Object Repository/PharmacyRequest/Page_KDMC-Pharmacy/input_txtno' is: 'PRNO/17052018/149'

2018-05-17 13:42:45 - [MESSAGE][PASSED] - Attribute 'value' of object 'Object Repository/PharmacyRequest/Page_KDMC-Pharmacy/input_txtno' is: 'PRNO/17052018/149'

2018-05-17 13:42:45 - [TEST_STEP][PASSED] - Statement - out.println(RN1): null

2018-05-17 13:42:45 - [TEST_STEP][PASSED] - Statement - RID = RN1.split("/")[2]: null

2018-05-17 13:42:45 - [TEST_STEP][PASSED] - scrollToElement: Scroll to object 'Object Repository/PharmacyRequest/Page_KDMC-Pharmacy/input_btnsave' successfully

2018-05-17 13:42:45 - [MESSAGE][PASSED] - Scroll to object 'Object Repository/PharmacyRequest/Page_KDMC-Pharmacy/input_btnsave' successfully

2018-05-17 13:42:45 - [TEST_STEP][PASSED] - click: Object: 'Object Repository/PharmacyRequest/Page_KDMC-Pharmacy/input_btnsave' is clicked on

2018-05-17 13:42:45 - [MESSAGE][PASSED] - Object: 'Object Repository/PharmacyRequest/Page_KDMC-Pharmacy/input_btnsave' is clicked on

2018-05-17 13:42:45 - [TEST_STEP][PASSED] - delay: Delayed 3 second(s)

2018-05-17 13:42:48 - [MESSAGE][PASSED] - Delayed 3 second(s)

2018-05-17 13:42:48 - [TEST_STEP][PASSED] - click: Object: 'Object Repository/PharmacyRequest/Page_KDMC-Pharmacy/button_OK' is clicked on

2018-05-17 13:42:49 - [MESSAGE][PASSED] - Object: 'Object Repository/PharmacyRequest/Page_KDMC-Pharmacy/button_OK' is clicked on

2018-05-17 13:42:49 - [TEST_STEP][PASSED] - delay: Delayed 3 second(s)

2018-05-17 13:42:52 - [MESSAGE][PASSED] - Delayed 3 second(s)

2018-05-17 13:42:52 - [TEST_STEP][PASSED] - click: Object: 'Object Repository/PharmacyRequest/Page_KDMC-Pharmacy/a_Back to Pharmacy' is clicked on

2018-05-17 13:42:54 - [MESSAGE][PASSED] - Object: 'Object Repository/PharmacyRequest/Page_KDMC-Pharmacy/a_Back to Pharmacy' is clicked on

2018-05-17 13:42:54 - [TEST_STEP][PASSED] - delay: Delayed 3 second(s)

2018-05-17 13:42:57 - [MESSAGE][PASSED] - Delayed 3 second(s)

2018-05-17 13:42:57 - [TEST_STEP][PASSED] - click: Object: 'Object Repository/PharmacyRequest/Page_KDMC - Pharmacy/a_dropdown-toggle' is clicked on

2018-05-17 13:42:57 - [MESSAGE][PASSED] - Object: 'Object Repository/PharmacyRequest/Page_KDMC - Pharmacy/a_dropdown-toggle' is clicked on

2018-05-17 13:42:57 - [TEST_STEP][PASSED] - click: Object: 'Object Repository/PharmacyRequest/Page_KDMC - Pharmacy/a_Sign out' is clicked on

2018-05-17 13:42:58 - [MESSAGE][PASSED] - Object: 'Object Repository/PharmacyRequest/Page_KDMC - Pharmacy/a_Sign out' is clicked on

2018-05-17 13:42:58 - [TEST_STEP][PASSED] - delay: Delayed 3 second(s)

2018-05-17 13:43:01 - [MESSAGE][PASSED] - Delayed 3 second(s)

2018-05-17 13:43:01 - [TEST_STEP][PASSED] - click: Object: 'Object Repository/PharmacyRequest/Page_KDMC/a_CMO' is clicked on

2018-05-17 13:43:01 - [MESSAGE][PASSED] - Object: 'Object Repository/PharmacyRequest/Page_KDMC/a_CMO' is clicked on

2018-05-17 13:43:01 - [TEST_STEP][PASSED] - setText: Text 'guru' is set on object 'Object Repository/PharmacyRequest/Page_CMO login/input_txtusername'

2018-05-17 13:43:02 - [MESSAGE][PASSED] - Text 'guru' is set on object 'Object Repository/PharmacyRequest/Page_CMO login/input_txtusername'

2018-05-17 13:43:02 - [TEST_STEP][PASSED] - setText: Text '123' is set on object 'Object Repository/PharmacyRequest/Page_CMO login/input_txtpassword'

2018-05-17 13:43:02 - [MESSAGE][PASSED] - Text '123' is set on object 'Object Repository/PharmacyRequest/Page_CMO login/input_txtpassword'

2018-05-17 13:43:02 - [TEST_STEP][PASSED] - delay: Delayed 3 second(s)

2018-05-17 13:43:05 - [MESSAGE][PASSED] - Delayed 3 second(s)

2018-05-17 13:43:05 - [TEST_STEP][PASSED] - click: Object: 'Object Repository/PharmacyRequest/Page_CMO login/button_Sign in' is clicked on

2018-05-17 13:43:06 - [MESSAGE][PASSED] - Object: 'Object Repository/PharmacyRequest/Page_CMO login/button_Sign in' is clicked on

2018-05-17 13:43:06 - [TEST_STEP][PASSED] - click: Object: 'Object Repository/PharmacyRequest/Page_KDMC - CMO/a_Department Wise Request' is clicked on

2018-05-17 13:43:06 - [MESSAGE][PASSED] - Object: 'Object Repository/PharmacyRequest/Page_KDMC - CMO/a_Department Wise Request' is clicked on

2018-05-17 13:43:06 - [TEST_STEP][PASSED] - selectOptionByIndex: All options with index in [2] are selected on object 'Object Repository/PharmacyRequest/Page_KDMC - CMO/select_--ALL--'

2018-05-17 13:43:06 - [MESSAGE][PASSED] - All options with index in [2] are selected on object 'Object Repository/PharmacyRequest/Page_KDMC - CMO/select_--ALL--'

2018-05-17 13:43:06 - [TEST_STEP][PASSED] - selectOptionByIndex: All options with index in [1] are selected on object 'Object Repository/PharmacyRequest/Page_KDMC - CMO/select_--ALL--                _1'

2018-05-17 13:43:07 - [MESSAGE][PASSED] - All options with index in [1] are selected on object 'Object Repository/PharmacyRequest/Page_KDMC - CMO/select_--ALL--                _1'

2018-05-17 13:43:07 - [TEST_STEP][PASSED] - click: Object: 'Object Repository/PharmacyRequest/Page_KDMC - CMO/input_btnsearch' is clicked on

2018-05-17 13:43:07 - [MESSAGE][PASSED] - Object: 'Object Repository/PharmacyRequest/Page_KDMC - CMO/input_btnsearch' is clicked on

2018-05-17 13:43:07 - [TEST_STEP][PASSED] - Statement - ID = com.kms.katalon.core.webui.keyword.WebUiBuiltInKeywords.modifyObjectProperty(com.kms.katalon.core.testobject.ObjectRepository.findTestObject(PharmacyRequest/Page_KDMC - CMO/input_2), "xpath", "equals", "//*[@id=" + RID + "]", true): Modify property of object successfully

2018-05-17 13:43:07 - [MESSAGE][PASSED] - Modify property of object successfully

2018-05-17 13:43:07 - [TEST_STEP][PASSED] - click: Object: 'Object Repository/PharmacyRequest/Page_KDMC - CMO/input_2' is clicked on

2018-05-17 13:43:07 - [MESSAGE][PASSED] - Object: 'Object Repository/PharmacyRequest/Page_KDMC - CMO/input_2' is clicked on

2018-05-17 13:43:07 - [TEST_STEP][PASSED] - delay: Delayed 3 second(s)

2018-05-17 13:43:10 - [MESSAGE][PASSED] - Delayed 3 second(s)

2018-05-17 13:43:10 - [TEST_STEP][PASSED] - selectOptionByIndex: All options with index in [1] are selected on object 'Object Repository/PharmacyRequest/Page_KDMC - CMO/select_--Select--'

2018-05-17 13:43:10 - [MESSAGE][PASSED] - All options with index in [1] are selected on object 'Object Repository/PharmacyRequest/Page_KDMC - CMO/select_--Select--'

2018-05-17 13:43:10 - [TEST_STEP][PASSED] - click: Object: 'Object Repository/PharmacyRequest/Page_KDMC - CMO/input_btnupdate' is clicked on

2018-05-17 13:43:11 - [MESSAGE][PASSED] - Object: 'Object Repository/PharmacyRequest/Page_KDMC - CMO/input_btnupdate' is clicked on

2018-05-17 13:43:11 - [TEST_STEP][PASSED] - delay: Delayed 3 second(s)

2018-05-17 13:43:14 - [MESSAGE][PASSED] - Delayed 3 second(s)

2018-05-17 13:43:14 - [TEST_STEP][PASSED] - click: Object: 'Object Repository/PharmacyRequest/Page_KDMC - CMO/button_OK' is clicked on

2018-05-17 13:43:14 - [MESSAGE][PASSED] - Object: 'Object Repository/PharmacyRequest/Page_KDMC - CMO/button_OK' is clicked on

2018-05-17 13:43:14 - [TEST_STEP][PASSED] - delay: Delayed 3 second(s)

2018-05-17 13:43:17 - [MESSAGE][PASSED] - Delayed 3 second(s)

2018-05-17 13:43:17 - [TEST_STEP][PASSED] - click: Object: 'Object Repository/PharmacyRequest/Page_KDMC - CMO/a_dropdown-toggle' is clicked on

2018-05-17 13:43:17 - [MESSAGE][PASSED] - Object: 'Object Repository/PharmacyRequest/Page_KDMC - CMO/a_dropdown-toggle' is clicked on

2018-05-17 13:43:17 - [TEST_STEP][PASSED] - click: Object: 'Object Repository/PharmacyRequest/Page_KDMC - CMO/a_Sign out' is clicked on

2018-05-17 13:43:18 - [MESSAGE][PASSED] - Object: 'Object Repository/PharmacyRequest/Page_KDMC - CMO/a_Sign out' is clicked on

2018-05-17 13:43:18 - [TEST_STEP][PASSED] - delay: Delayed 3 second(s)

2018-05-17 13:43:21 - [MESSAGE][PASSED] - Delayed 3 second(s)

2018-05-17 13:43:21 - [TEST_STEP][PASSED] - click: Object: 'Object Repository/PharmacyRequest/Page_KDMC/a_Divisional Store' is clicked on

2018-05-17 13:43:21 - [MESSAGE][PASSED] - Object: 'Object Repository/PharmacyRequest/Page_KDMC/a_Divisional Store' is clicked on

2018-05-17 13:43:21 - [TEST_STEP][PASSED] - setText: Text 'ragu' is set on object 'Object Repository/PharmacyRequest/Page_Divisonal Store Login/input_txtusername'

2018-05-17 13:43:21 - [MESSAGE][PASSED] - Text 'ragu' is set on object 'Object Repository/PharmacyRequest/Page_Divisonal Store Login/input_txtusername'

2018-05-17 13:43:21 - [TEST_STEP][PASSED] - setText: Text '123' is set on object 'Object Repository/PharmacyRequest/Page_Divisonal Store Login/input_txtpassword'

2018-05-17 13:43:22 - [MESSAGE][PASSED] - Text '123' is set on object 'Object Repository/PharmacyRequest/Page_Divisonal Store Login/input_txtpassword'

2018-05-17 13:43:22 - [TEST_STEP][PASSED] - delay: Delayed 3 second(s)

2018-05-17 13:43:25 - [MESSAGE][PASSED] - Delayed 3 second(s)

2018-05-17 13:43:25 - [TEST_STEP][PASSED] - click: Object: 'Object Repository/PharmacyRequest/Page_Divisonal Store Login/button_Sign in' is clicked on

2018-05-17 13:43:25 - [MESSAGE][PASSED] - Object: 'Object Repository/PharmacyRequest/Page_Divisonal Store Login/button_Sign in' is clicked on

2018-05-17 13:43:25 - [TEST_STEP][PASSED] - delay: Delayed 3 second(s)

2018-05-17 13:43:28 - [MESSAGE][PASSED] - Delayed 3 second(s)

2018-05-17 13:43:28 - [TEST_STEP][PASSED] - click: Object: 'Object Repository/PharmacyRequest/Page_Store/a_Pharmacy Request' is clicked on

2018-05-17 13:43:28 - [MESSAGE][PASSED] - Object: 'Object Repository/PharmacyRequest/Page_Store/a_Pharmacy Request' is clicked on

2018-05-17 13:43:28 - [TEST_STEP][PASSED] - click: Object: 'Object Repository/PharmacyRequest/Page_Store/a_Request Item Pharmacy' is clicked on

2018-05-17 13:43:30 - [MESSAGE][PASSED] - Object: 'Object Repository/PharmacyRequest/Page_Store/a_Request Item Pharmacy' is clicked on

2018-05-17 13:43:30 - [TEST_STEP][PASSED] - delay: Delayed 2 second(s)

2018-05-17 13:43:32 - [MESSAGE][PASSED] - Delayed 2 second(s)

2018-05-17 13:43:32 - [TEST_STEP][PASSED] - setText: Text 'PRNO/17052018/149' is set on object 'Object Repository/PharmacyRequest/Page_Store/input'

2018-05-17 13:43:32 - [MESSAGE][PASSED] - Text 'PRNO/17052018/149' is set on object 'Object Repository/PharmacyRequest/Page_Store/input'

2018-05-17 13:43:32 - [TEST_STEP][PASSED] - delay: Delayed 2 second(s)

2018-05-17 13:43:34 - [MESSAGE][PASSED] - Delayed 2 second(s)

2018-05-17 13:43:34 - [TEST_STEP][PASSED] - Statement - ChooseRequest = com.kms.katalon.core.webui.keyword.WebUiBuiltInKeywords.modifyObjectProperty(com.kms.katalon.core.testobject.ObjectRepository.findTestObject(PharmacyRequest/Page_Store/input_2), "xpath", "equals", "//*[@id=" + RID + "]", true): Modify property of object successfully

2018-05-17 13:43:34 - [MESSAGE][PASSED] - Modify property of object successfully

2018-05-17 13:43:34 - [TEST_STEP][PASSED] - click: Object: 'Object Repository/PharmacyRequest/Page_Store/input_2' is clicked on

2018-05-17 13:43:36 - [MESSAGE][PASSED] - Object: 'Object Repository/PharmacyRequest/Page_Store/input_2' is clicked on

2018-05-17 13:43:36 - [TEST_STEP][PASSED] - delay: Delayed 2 second(s)

2018-05-17 13:43:38 - [MESSAGE][PASSED] - Delayed 2 second(s)

2018-05-17 13:43:38 - [TEST_STEP][PASSED] - Statement - selectedoptions = com.kms.katalon.core.webui.keyword.WebUiBuiltInKeywords.getNumberOfTotalOption(com.kms.katalon.core.testobject.ObjectRepository.findTestObject(PharmacyRequest/Page_Store/select_--Select--Amlodepin -5)): 36 options of object 'Object Repository/PharmacyRequest/Page_Store/select_--Select--Amlodepin -5' counted

2018-05-17 13:43:38 - [MESSAGE][PASSED] - 36 options of object 'Object Repository/PharmacyRequest/Page_Store/select_--Select--Amlodepin -5' counted

2018-05-17 13:43:38 - [TEST_STEP][FAILED] - Statement - For ([a = 1, a <= selectedoptions - 1, (a++)]): Unable to get attribute 'value' of object 'Object Repository/PharmacyRequest/Page_Store/input_txttotal' (Root cause: org.openqa.selenium.UnhandledAlertException: unexpected alert open: {Alert text : function Error() { [native code] }}
  (Session info: chrome=66.0.3359.139)
  (Driver info: chromedriver=2.35.528161 (5b82f2d2aae0ca24b877009200ced9065a772e73),platform=Windows NT 10.0.17134 x86_64) (WARNING: The server did not provide any stacktrace information)
Command duration or timeout: 0 milliseconds: null
Build info: version: '3.7.1', revision: '8a0099a', time: '2017-11-06T21:07:36.161Z'
System info: host: 'DESKTOP-BLFTK83', ip: '192.168.71.2', os.name: 'Windows 10', os.arch: 'amd64', os.version: '10.0', java.version: '1.8.0_102'
Driver info: com.kms.katalon.selenium.driver.CChromeDriver
Capabilities {acceptInsecureCerts: false, acceptSslCerts: false, applicationCacheEnabled: false, browserConnectionEnabled: false, browserName: chrome, chrome: {chromedriverVersion: 2.35.528161 (5b82f2d2aae0ca..., userDataDir: C:\Users\QUALIT~1\AppData\L...}, cssSelectorsEnabled: true, databaseEnabled: false, handlesAlerts: true, hasTouchScreen: false, javascriptEnabled: true, locationContextEnabled: true, mobileEmulationEnabled: false, nativeEvents: true, networkConnectionEnabled: false, pageLoadStrategy: normal, platform: XP, platformName: XP, rotatable: false, setWindowRect: true, takesHeapSnapshot: true, takesScreenshot: true, unexpectedAlertBehaviour: , unhandledPromptBehavior: , version: 66.0.3359.139, webStorageEnabled: true}
Session ID: e620e1b9eb328fa27ff58e4d78d636ba
*** Element info: {Using=xpath, value=id("txttotal")[count(. | //input[@type = 'text' and @id = 'txttotal' and @name = 'txttotal' and @placeholder = 'Req.Qty' and @readonly = 'readonly']) = count(//input[@type = 'text' and @id = 'txttotal' and @name = 'txttotal' and @placeholder = 'Req.Qty' and @readonly = 'readonly'])]})

2018-05-17 13:43:38 - [TEST_STEP][PASSED] - selectOptionByIndex: All options with index in [1] are selected on object 'Object Repository/PharmacyRequest/Page_Store/select_--Select--Amlodepin -5'

2018-05-17 13:43:38 - [MESSAGE][PASSED] - All options with index in [1] are selected on object 'Object Repository/PharmacyRequest/Page_Store/select_--Select--Amlodepin -5'

2018-05-17 13:43:38 - [TEST_STEP][PASSED] - delay: Delayed 1 second(s)

2018-05-17 13:43:39 - [MESSAGE][PASSED] - Delayed 1 second(s)

2018-05-17 13:43:39 - [TEST_STEP][PASSED] - Statement - RequestedQty = com.kms.katalon.core.webui.keyword.WebUiBuiltInKeywords.getAttribute(com.kms.katalon.core.testobject.ObjectRepository.findTestObject(PharmacyRequest/Page_Store/input_txttotal), "value"): Attribute 'value' of object 'Object Repository/PharmacyRequest/Page_Store/input_txttotal' is: '10'

2018-05-17 13:43:39 - [MESSAGE][PASSED] - Attribute 'value' of object 'Object Repository/PharmacyRequest/Page_Store/input_txttotal' is: '10'

2018-05-17 13:43:39 - [TEST_STEP][PASSED] - Statement - out.println("Requested QTY : " + RequestedQty): null

2018-05-17 13:43:39 - [TEST_STEP][PASSED] - Statement - BatchNumber = com.kms.katalon.core.webui.keyword.WebUiBuiltInKeywords.getNumberOfTotalOption(com.kms.katalon.core.testobject.ObjectRepository.findTestObject(PharmacyRequest/Page_Store/select_--Select--BA50)): 3 options of object 'Object Repository/PharmacyRequest/Page_Store/select_--Select--BA50' counted

2018-05-17 13:43:39 - [MESSAGE][PASSED] - 3 options of object 'Object Repository/PharmacyRequest/Page_Store/select_--Select--BA50' counted

2018-05-17 13:43:39 - [TEST_STEP][PASSED] - Statement - For ([g = 1, g <= BatchNumber - 1, (g++)]): null

2018-05-17 13:43:39 - [TEST_STEP][PASSED] - selectOptionByIndex: All options with index in [1] are selected on object 'Object Repository/PharmacyRequest/Page_Store/select_--Select--BA50'

2018-05-17 13:43:39 - [MESSAGE][PASSED] - All options with index in [1] are selected on object 'Object Repository/PharmacyRequest/Page_Store/select_--Select--BA50'

2018-05-17 13:43:39 - [TEST_STEP][PASSED] - delay: Delayed 1 second(s)

2018-05-17 13:43:40 - [MESSAGE][PASSED] - Delayed 1 second(s)

2018-05-17 13:43:40 - [TEST_STEP][PASSED] - Statement - StockQty = com.kms.katalon.core.webui.keyword.WebUiBuiltInKeywords.getAttribute(com.kms.katalon.core.testobject.ObjectRepository.findTestObject(PharmacyRequest/Page_Store/input_txtprice), "value"): Attribute 'value' of object 'Object Repository/PharmacyRequest/Page_Store/input_txtprice' is: '100'

2018-05-17 13:43:40 - [MESSAGE][PASSED] - Attribute 'value' of object 'Object Repository/PharmacyRequest/Page_Store/input_txtprice' is: '100'

2018-05-17 13:43:40 - [TEST_STEP][PASSED] - Statement - out.println("Stock QTY : " + StockQty): null

2018-05-17 13:43:40 - [TEST_STEP][PASSED] - delay: Delayed 1 second(s)

2018-05-17 13:43:41 - [MESSAGE][PASSED] - Delayed 1 second(s)

2018-05-17 13:43:41 - [TEST_STEP][PASSED] - Statement - If (java.lang.Integer.valueOf(StockQty) >= java.lang.Integer.valueOf(RequestedQty)): null

2018-05-17 13:43:41 - [TEST_STEP][PASSED] - setText: Text '10' is set on object 'Object Repository/PharmacyRequest/Page_Store/input_txtqty'

2018-05-17 13:43:41 - [MESSAGE][PASSED] - Text '10' is set on object 'Object Repository/PharmacyRequest/Page_Store/input_txtqty'

2018-05-17 13:43:41 - [TEST_STEP][PASSED] - click: Object: 'Object Repository/PharmacyRequest/Page_Store/button_Add' is clicked on

2018-05-17 13:43:41 - [MESSAGE][PASSED] - Object: 'Object Repository/PharmacyRequest/Page_Store/button_Add' is clicked on

2018-05-17 13:43:41 - [TEST_STEP][PASSED] - Statement - Break: null

2018-05-17 13:43:41 - [TEST_STEP][PASSED] - selectOptionByIndex: All options with index in [2] are selected on object 'Object Repository/PharmacyRequest/Page_Store/select_--Select--Amlodepin -5'

2018-05-17 13:43:42 - [MESSAGE][PASSED] - All options with index in [2] are selected on object 'Object Repository/PharmacyRequest/Page_Store/select_--Select--Amlodepin -5'

2018-05-17 13:43:42 - [TEST_STEP][PASSED] - delay: Delayed 1 second(s)

2018-05-17 13:43:43 - [MESSAGE][PASSED] - Delayed 1 second(s)

2018-05-17 13:43:43 - [TEST_STEP][PASSED] - Statement - RequestedQty = com.kms.katalon.core.webui.keyword.WebUiBuiltInKeywords.getAttribute(com.kms.katalon.core.testobject.ObjectRepository.findTestObject(PharmacyRequest/Page_Store/input_txttotal), "value"): Attribute 'value' of object 'Object Repository/PharmacyRequest/Page_Store/input_txttotal' is: '10'

2018-05-17 13:43:43 - [MESSAGE][PASSED] - Attribute 'value' of object 'Object Repository/PharmacyRequest/Page_Store/input_txttotal' is: '10'

2018-05-17 13:43:43 - [TEST_STEP][PASSED] - Statement - out.println("Requested QTY : " + RequestedQty): null

2018-05-17 13:43:43 - [TEST_STEP][PASSED] - Statement - BatchNumber = com.kms.katalon.core.webui.keyword.WebUiBuiltInKeywords.getNumberOfTotalOption(com.kms.katalon.core.testobject.ObjectRepository.findTestObject(PharmacyRequest/Page_Store/select_--Select--BA50)): 3 options of object 'Object Repository/PharmacyRequest/Page_Store/select_--Select--BA50' counted

2018-05-17 13:43:43 - [MESSAGE][PASSED] - 3 options of object 'Object Repository/PharmacyRequest/Page_Store/select_--Select--BA50' counted

2018-05-17 13:43:43 - [TEST_STEP][PASSED] - Statement - For ([g = 1, g <= BatchNumber - 1, (g++)]): null

2018-05-17 13:43:43 - [TEST_STEP][PASSED] - selectOptionByIndex: All options with index in [1] are selected on object 'Object Repository/PharmacyRequest/Page_Store/select_--Select--BA50'

2018-05-17 13:43:43 - [MESSAGE][PASSED] - All options with index in [1] are selected on object 'Object Repository/PharmacyRequest/Page_Store/select_--Select--BA50'

2018-05-17 13:43:43 - [TEST_STEP][PASSED] - delay: Delayed 1 second(s)

2018-05-17 13:43:44 - [MESSAGE][PASSED] - Delayed 1 second(s)

2018-05-17 13:43:44 - [TEST_STEP][PASSED] - Statement - StockQty = com.kms.katalon.core.webui.keyword.WebUiBuiltInKeywords.getAttribute(com.kms.katalon.core.testobject.ObjectRepository.findTestObject(PharmacyRequest/Page_Store/input_txtprice), "value"): Attribute 'value' of object 'Object Repository/PharmacyRequest/Page_Store/input_txtprice' is: '100'

2018-05-17 13:43:44 - [MESSAGE][PASSED] - Attribute 'value' of object 'Object Repository/PharmacyRequest/Page_Store/input_txtprice' is: '100'

2018-05-17 13:43:44 - [TEST_STEP][PASSED] - Statement - out.println("Stock QTY : " + StockQty): null

2018-05-17 13:43:44 - [TEST_STEP][PASSED] - delay: Delayed 1 second(s)

2018-05-17 13:43:45 - [MESSAGE][PASSED] - Delayed 1 second(s)

2018-05-17 13:43:45 - [TEST_STEP][PASSED] - Statement - If (java.lang.Integer.valueOf(StockQty) >= java.lang.Integer.valueOf(RequestedQty)): null

2018-05-17 13:43:45 - [TEST_STEP][PASSED] - setText: Text '10' is set on object 'Object Repository/PharmacyRequest/Page_Store/input_txtqty'

2018-05-17 13:43:45 - [MESSAGE][PASSED] - Text '10' is set on object 'Object Repository/PharmacyRequest/Page_Store/input_txtqty'

2018-05-17 13:43:45 - [TEST_STEP][PASSED] - click: Object: 'Object Repository/PharmacyRequest/Page_Store/button_Add' is clicked on

2018-05-17 13:43:45 - [MESSAGE][PASSED] - Object: 'Object Repository/PharmacyRequest/Page_Store/button_Add' is clicked on

2018-05-17 13:43:45 - [TEST_STEP][PASSED] - Statement - Break: null

2018-05-17 13:43:45 - [TEST_STEP][PASSED] - selectOptionByIndex: All options with index in [3] are selected on object 'Object Repository/PharmacyRequest/Page_Store/select_--Select--Amlodepin -5'

2018-05-17 13:43:45 - [MESSAGE][PASSED] - All options with index in [3] are selected on object 'Object Repository/PharmacyRequest/Page_Store/select_--Select--Amlodepin -5'

2018-05-17 13:43:45 - [TEST_STEP][PASSED] - delay: Delayed 1 second(s)

2018-05-17 13:43:46 - [MESSAGE][PASSED] - Delayed 1 second(s)

2018-05-17 13:43:46 - [TEST_STEP][PASSED] - Statement - RequestedQty = com.kms.katalon.core.webui.keyword.WebUiBuiltInKeywords.getAttribute(com.kms.katalon.core.testobject.ObjectRepository.findTestObject(PharmacyRequest/Page_Store/input_txttotal), "value"): Attribute 'value' of object 'Object Repository/PharmacyRequest/Page_Store/input_txttotal' is: '10'

2018-05-17 13:43:46 - [MESSAGE][PASSED] - Attribute 'value' of object 'Object Repository/PharmacyRequest/Page_Store/input_txttotal' is: '10'

2018-05-17 13:43:46 - [TEST_STEP][PASSED] - Statement - out.println("Requested QTY : " + RequestedQty): null

2018-05-17 13:43:46 - [TEST_STEP][PASSED] - Statement - BatchNumber = com.kms.katalon.core.webui.keyword.WebUiBuiltInKeywords.getNumberOfTotalOption(com.kms.katalon.core.testobject.ObjectRepository.findTestObject(PharmacyRequest/Page_Store/select_--Select--BA50)): 2 options of object 'Object Repository/PharmacyRequest/Page_Store/select_--Select--BA50' counted

2018-05-17 13:43:46 - [MESSAGE][PASSED] - 2 options of object 'Object Repository/PharmacyRequest/Page_Store/select_--Select--BA50' counted

2018-05-17 13:43:46 - [TEST_STEP][PASSED] - Statement - For ([g = 1, g <= BatchNumber - 1, (g++)]): null

2018-05-17 13:43:46 - [TEST_STEP][PASSED] - selectOptionByIndex: All options with index in [1] are selected on object 'Object Repository/PharmacyRequest/Page_Store/select_--Select--BA50'

2018-05-17 13:43:46 - [MESSAGE][PASSED] - All options with index in [1] are selected on object 'Object Repository/PharmacyRequest/Page_Store/select_--Select--BA50'

2018-05-17 13:43:46 - [TEST_STEP][PASSED] - delay: Delayed 1 second(s)

2018-05-17 13:43:47 - [MESSAGE][PASSED] - Delayed 1 second(s)

2018-05-17 13:43:47 - [TEST_STEP][PASSED] - Statement - StockQty = com.kms.katalon.core.webui.keyword.WebUiBuiltInKeywords.getAttribute(com.kms.katalon.core.testobject.ObjectRepository.findTestObject(PharmacyRequest/Page_Store/input_txtprice), "value"): Attribute 'value' of object 'Object Repository/PharmacyRequest/Page_Store/input_txtprice' is: '1300'

2018-05-17 13:43:47 - [MESSAGE][PASSED] - Attribute 'value' of object 'Object Repository/PharmacyRequest/Page_Store/input_txtprice' is: '1300'

2018-05-17 13:43:47 - [TEST_STEP][PASSED] - Statement - out.println("Stock QTY : " + StockQty): null

2018-05-17 13:43:47 - [TEST_STEP][PASSED] - delay: Delayed 1 second(s)

2018-05-17 13:43:48 - [MESSAGE][PASSED] - Delayed 1 second(s)

2018-05-17 13:43:48 - [TEST_STEP][PASSED] - Statement - If (java.lang.Integer.valueOf(StockQty) >= java.lang.Integer.valueOf(RequestedQty)): null

2018-05-17 13:43:48 - [TEST_STEP][PASSED] - setText: Text '10' is set on object 'Object Repository/PharmacyRequest/Page_Store/input_txtqty'

2018-05-17 13:43:48 - [MESSAGE][PASSED] - Text '10' is set on object 'Object Repository/PharmacyRequest/Page_Store/input_txtqty'

2018-05-17 13:43:48 - [TEST_STEP][PASSED] - click: Object: 'Object Repository/PharmacyRequest/Page_Store/button_Add' is clicked on

2018-05-17 13:43:49 - [MESSAGE][PASSED] - Object: 'Object Repository/PharmacyRequest/Page_Store/button_Add' is clicked on

2018-05-17 13:43:49 - [TEST_STEP][PASSED] - Statement - Break: null

2018-05-17 13:43:49 - [TEST_STEP][PASSED] - selectOptionByIndex: All options with index in [4] are selected on object 'Object Repository/PharmacyRequest/Page_Store/select_--Select--Amlodepin -5'

2018-05-17 13:43:49 - [MESSAGE][PASSED] - All options with index in [4] are selected on object 'Object Repository/PharmacyRequest/Page_Store/select_--Select--Amlodepin -5'

2018-05-17 13:43:49 - [TEST_STEP][PASSED] - delay: Delayed 1 second(s)

2018-05-17 13:43:50 - [MESSAGE][PASSED] - Delayed 1 second(s)

2018-05-17 13:43:50 - [TEST_STEP][PASSED] - Statement - RequestedQty = com.kms.katalon.core.webui.keyword.WebUiBuiltInKeywords.getAttribute(com.kms.katalon.core.testobject.ObjectRepository.findTestObject(PharmacyRequest/Page_Store/input_txttotal), "value"): Attribute 'value' of object 'Object Repository/PharmacyRequest/Page_Store/input_txttotal' is: '10'

2018-05-17 13:43:50 - [MESSAGE][PASSED] - Attribute 'value' of object 'Object Repository/PharmacyRequest/Page_Store/input_txttotal' is: '10'

2018-05-17 13:43:50 - [TEST_STEP][PASSED] - Statement - out.println("Requested QTY : " + RequestedQty): null

2018-05-17 13:43:50 - [TEST_STEP][PASSED] - Statement - BatchNumber = com.kms.katalon.core.webui.keyword.WebUiBuiltInKeywords.getNumberOfTotalOption(com.kms.katalon.core.testobject.ObjectRepository.findTestObject(PharmacyRequest/Page_Store/select_--Select--BA50)): 2 options of object 'Object Repository/PharmacyRequest/Page_Store/select_--Select--BA50' counted

2018-05-17 13:43:50 - [MESSAGE][PASSED] - 2 options of object 'Object Repository/PharmacyRequest/Page_Store/select_--Select--BA50' counted

2018-05-17 13:43:50 - [TEST_STEP][PASSED] - Statement - For ([g = 1, g <= BatchNumber - 1, (g++)]): null

2018-05-17 13:43:50 - [TEST_STEP][PASSED] - selectOptionByIndex: All options with index in [1] are selected on object 'Object Repository/PharmacyRequest/Page_Store/select_--Select--BA50'

2018-05-17 13:43:50 - [MESSAGE][PASSED] - All options with index in [1] are selected on object 'Object Repository/PharmacyRequest/Page_Store/select_--Select--BA50'

2018-05-17 13:43:50 - [TEST_STEP][PASSED] - delay: Delayed 1 second(s)

2018-05-17 13:43:51 - [MESSAGE][PASSED] - Delayed 1 second(s)

2018-05-17 13:43:51 - [TEST_STEP][PASSED] - Statement - StockQty = com.kms.katalon.core.webui.keyword.WebUiBuiltInKeywords.getAttribute(com.kms.katalon.core.testobject.ObjectRepository.findTestObject(PharmacyRequest/Page_Store/input_txtprice), "value"): Attribute 'value' of object 'Object Repository/PharmacyRequest/Page_Store/input_txtprice' is: '1300'

2018-05-17 13:43:51 - [MESSAGE][PASSED] - Attribute 'value' of object 'Object Repository/PharmacyRequest/Page_Store/input_txtprice' is: '1300'

2018-05-17 13:43:51 - [TEST_STEP][PASSED] - Statement - out.println("Stock QTY : " + StockQty): null

2018-05-17 13:43:51 - [TEST_STEP][PASSED] - delay: Delayed 1 second(s)

2018-05-17 13:43:52 - [MESSAGE][PASSED] - Delayed 1 second(s)

2018-05-17 13:43:52 - [TEST_STEP][PASSED] - Statement - If (java.lang.Integer.valueOf(StockQty) >= java.lang.Integer.valueOf(RequestedQty)): null

2018-05-17 13:43:52 - [TEST_STEP][PASSED] - setText: Text '10' is set on object 'Object Repository/PharmacyRequest/Page_Store/input_txtqty'

2018-05-17 13:43:52 - [MESSAGE][PASSED] - Text '10' is set on object 'Object Repository/PharmacyRequest/Page_Store/input_txtqty'

2018-05-17 13:43:52 - [TEST_STEP][PASSED] - click: Object: 'Object Repository/PharmacyRequest/Page_Store/button_Add' is clicked on

2018-05-17 13:43:52 - [MESSAGE][PASSED] - Object: 'Object Repository/PharmacyRequest/Page_Store/button_Add' is clicked on

2018-05-17 13:43:52 - [TEST_STEP][PASSED] - Statement - Break: null

2018-05-17 13:43:52 - [TEST_STEP][PASSED] - selectOptionByIndex: All options with index in [5] are selected on object 'Object Repository/PharmacyRequest/Page_Store/select_--Select--Amlodepin -5'

2018-05-17 13:43:52 - [MESSAGE][PASSED] - All options with index in [5] are selected on object 'Object Repository/PharmacyRequest/Page_Store/select_--Select--Amlodepin -5'

2018-05-17 13:43:52 - [TEST_STEP][PASSED] - delay: Delayed 1 second(s)

2018-05-17 13:43:53 - [MESSAGE][PASSED] - Delayed 1 second(s)

2018-05-17 13:43:53 - [TEST_STEP][PASSED] - Statement - RequestedQty = com.kms.katalon.core.webui.keyword.WebUiBuiltInKeywords.getAttribute(com.kms.katalon.core.testobject.ObjectRepository.findTestObject(PharmacyRequest/Page_Store/input_txttotal), "value"): Attribute 'value' of object 'Object Repository/PharmacyRequest/Page_Store/input_txttotal' is: '10'

2018-05-17 13:43:53 - [MESSAGE][PASSED] - Attribute 'value' of object 'Object Repository/PharmacyRequest/Page_Store/input_txttotal' is: '10'

2018-05-17 13:43:53 - [TEST_STEP][PASSED] - Statement - out.println("Requested QTY : " + RequestedQty): null

2018-05-17 13:43:53 - [TEST_STEP][PASSED] - Statement - BatchNumber = com.kms.katalon.core.webui.keyword.WebUiBuiltInKeywords.getNumberOfTotalOption(com.kms.katalon.core.testobject.ObjectRepository.findTestObject(PharmacyRequest/Page_Store/select_--Select--BA50)): 2 options of object 'Object Repository/PharmacyRequest/Page_Store/select_--Select--BA50' counted

2018-05-17 13:43:53 - [MESSAGE][PASSED] - 2 options of object 'Object Repository/PharmacyRequest/Page_Store/select_--Select--BA50' counted

2018-05-17 13:43:53 - [TEST_STEP][PASSED] - Statement - For ([g = 1, g <= BatchNumber - 1, (g++)]): null

2018-05-17 13:43:53 - [TEST_STEP][PASSED] - selectOptionByIndex: All options with index in [1] are selected on object 'Object Repository/PharmacyRequest/Page_Store/select_--Select--BA50'

2018-05-17 13:43:54 - [MESSAGE][PASSED] - All options with index in [1] are selected on object 'Object Repository/PharmacyRequest/Page_Store/select_--Select--BA50'

2018-05-17 13:43:54 - [TEST_STEP][PASSED] - delay: Delayed 1 second(s)

2018-05-17 13:43:55 - [MESSAGE][PASSED] - Delayed 1 second(s)

2018-05-17 13:43:55 - [TEST_STEP][PASSED] - Statement - StockQty = com.kms.katalon.core.webui.keyword.WebUiBuiltInKeywords.getAttribute(com.kms.katalon.core.testobject.ObjectRepository.findTestObject(PharmacyRequest/Page_Store/input_txtprice), "value"): Attribute 'value' of object 'Object Repository/PharmacyRequest/Page_Store/input_txtprice' is: '100'

2018-05-17 13:43:55 - [MESSAGE][PASSED] - Attribute 'value' of object 'Object Repository/PharmacyRequest/Page_Store/input_txtprice' is: '100'

2018-05-17 13:43:55 - [TEST_STEP][PASSED] - Statement - out.println("Stock QTY : " + StockQty): null

2018-05-17 13:43:55 - [TEST_STEP][PASSED] - delay: Delayed 1 second(s)

2018-05-17 13:43:56 - [MESSAGE][PASSED] - Delayed 1 second(s)

2018-05-17 13:43:56 - [TEST_STEP][PASSED] - Statement - If (java.lang.Integer.valueOf(StockQty) >= java.lang.Integer.valueOf(RequestedQty)): null

2018-05-17 13:43:56 - [TEST_STEP][PASSED] - setText: Text '10' is set on object 'Object Repository/PharmacyRequest/Page_Store/input_txtqty'

2018-05-17 13:43:56 - [MESSAGE][PASSED] - Text '10' is set on object 'Object Repository/PharmacyRequest/Page_Store/input_txtqty'

2018-05-17 13:43:56 - [TEST_STEP][PASSED] - click: Object: 'Object Repository/PharmacyRequest/Page_Store/button_Add' is clicked on

2018-05-17 13:43:56 - [MESSAGE][PASSED] - Object: 'Object Repository/PharmacyRequest/Page_Store/button_Add' is clicked on

2018-05-17 13:43:56 - [TEST_STEP][PASSED] - Statement - Break: null

2018-05-17 13:43:56 - [TEST_STEP][PASSED] - selectOptionByIndex: All options with index in [6] are selected on object 'Object Repository/PharmacyRequest/Page_Store/select_--Select--Amlodepin -5'

2018-05-17 13:43:56 - [MESSAGE][PASSED] - All options with index in [6] are selected on object 'Object Repository/PharmacyRequest/Page_Store/select_--Select--Amlodepin -5'

2018-05-17 13:43:56 - [TEST_STEP][PASSED] - delay: Delayed 1 second(s)

2018-05-17 13:43:57 - [MESSAGE][PASSED] - Delayed 1 second(s)

2018-05-17 13:43:57 - [TEST_STEP][PASSED] - Statement - RequestedQty = com.kms.katalon.core.webui.keyword.WebUiBuiltInKeywords.getAttribute(com.kms.katalon.core.testobject.ObjectRepository.findTestObject(PharmacyRequest/Page_Store/input_txttotal), "value"): Attribute 'value' of object 'Object Repository/PharmacyRequest/Page_Store/input_txttotal' is: '10'

2018-05-17 13:43:57 - [MESSAGE][PASSED] - Attribute 'value' of object 'Object Repository/PharmacyRequest/Page_Store/input_txttotal' is: '10'

2018-05-17 13:43:57 - [TEST_STEP][PASSED] - Statement - out.println("Requested QTY : " + RequestedQty): null

2018-05-17 13:43:57 - [TEST_STEP][PASSED] - Statement - BatchNumber = com.kms.katalon.core.webui.keyword.WebUiBuiltInKeywords.getNumberOfTotalOption(com.kms.katalon.core.testobject.ObjectRepository.findTestObject(PharmacyRequest/Page_Store/select_--Select--BA50)): 2 options of object 'Object Repository/PharmacyRequest/Page_Store/select_--Select--BA50' counted

2018-05-17 13:43:57 - [MESSAGE][PASSED] - 2 options of object 'Object Repository/PharmacyRequest/Page_Store/select_--Select--BA50' counted

2018-05-17 13:43:57 - [TEST_STEP][PASSED] - Statement - For ([g = 1, g <= BatchNumber - 1, (g++)]): null

2018-05-17 13:43:57 - [TEST_STEP][PASSED] - selectOptionByIndex: All options with index in [1] are selected on object 'Object Repository/PharmacyRequest/Page_Store/select_--Select--BA50'

2018-05-17 13:43:57 - [MESSAGE][PASSED] - All options with index in [1] are selected on object 'Object Repository/PharmacyRequest/Page_Store/select_--Select--BA50'

2018-05-17 13:43:57 - [TEST_STEP][PASSED] - delay: Delayed 1 second(s)

2018-05-17 13:43:58 - [MESSAGE][PASSED] - Delayed 1 second(s)

2018-05-17 13:43:58 - [TEST_STEP][PASSED] - Statement - StockQty = com.kms.katalon.core.webui.keyword.WebUiBuiltInKeywords.getAttribute(com.kms.katalon.core.testobject.ObjectRepository.findTestObject(PharmacyRequest/Page_Store/input_txtprice), "value"): Attribute 'value' of object 'Object Repository/PharmacyRequest/Page_Store/input_txtprice' is: '100'

2018-05-17 13:43:58 - [MESSAGE][PASSED] - Attribute 'value' of object 'Object Repository/PharmacyRequest/Page_Store/input_txtprice' is: '100'

2018-05-17 13:43:58 - [TEST_STEP][PASSED] - Statement - out.println("Stock QTY : " + StockQty): null

2018-05-17 13:43:58 - [TEST_STEP][PASSED] - delay: Delayed 1 second(s)

2018-05-17 13:43:59 - [MESSAGE][PASSED] - Delayed 1 second(s)

2018-05-17 13:43:59 - [TEST_STEP][PASSED] - Statement - If (java.lang.Integer.valueOf(StockQty) >= java.lang.Integer.valueOf(RequestedQty)): null

2018-05-17 13:43:59 - [TEST_STEP][PASSED] - setText: Text '10' is set on object 'Object Repository/PharmacyRequest/Page_Store/input_txtqty'

2018-05-17 13:43:59 - [MESSAGE][PASSED] - Text '10' is set on object 'Object Repository/PharmacyRequest/Page_Store/input_txtqty'

2018-05-17 13:43:59 - [TEST_STEP][PASSED] - click: Object: 'Object Repository/PharmacyRequest/Page_Store/button_Add' is clicked on

2018-05-17 13:43:59 - [MESSAGE][PASSED] - Object: 'Object Repository/PharmacyRequest/Page_Store/button_Add' is clicked on

2018-05-17 13:43:59 - [TEST_STEP][PASSED] - Statement - Break: null

2018-05-17 13:43:59 - [TEST_STEP][PASSED] - selectOptionByIndex: All options with index in [7] are selected on object 'Object Repository/PharmacyRequest/Page_Store/select_--Select--Amlodepin -5'

2018-05-17 13:43:59 - [MESSAGE][PASSED] - All options with index in [7] are selected on object 'Object Repository/PharmacyRequest/Page_Store/select_--Select--Amlodepin -5'

2018-05-17 13:43:59 - [TEST_STEP][PASSED] - delay: Delayed 1 second(s)

2018-05-17 13:44:00 - [MESSAGE][PASSED] - Delayed 1 second(s)

2018-05-17 13:44:00 - [TEST_STEP][PASSED] - Statement - RequestedQty = com.kms.katalon.core.webui.keyword.WebUiBuiltInKeywords.getAttribute(com.kms.katalon.core.testobject.ObjectRepository.findTestObject(PharmacyRequest/Page_Store/input_txttotal), "value"): Attribute 'value' of object 'Object Repository/PharmacyRequest/Page_Store/input_txttotal' is: '10'

2018-05-17 13:44:00 - [MESSAGE][PASSED] - Attribute 'value' of object 'Object Repository/PharmacyRequest/Page_Store/input_txttotal' is: '10'

2018-05-17 13:44:00 - [TEST_STEP][PASSED] - Statement - out.println("Requested QTY : " + RequestedQty): null

2018-05-17 13:44:00 - [TEST_STEP][PASSED] - Statement - BatchNumber = com.kms.katalon.core.webui.keyword.WebUiBuiltInKeywords.getNumberOfTotalOption(com.kms.katalon.core.testobject.ObjectRepository.findTestObject(PharmacyRequest/Page_Store/select_--Select--BA50)): 2 options of object 'Object Repository/PharmacyRequest/Page_Store/select_--Select--BA50' counted

2018-05-17 13:44:01 - [MESSAGE][PASSED] - 2 options of object 'Object Repository/PharmacyRequest/Page_Store/select_--Select--BA50' counted

2018-05-17 13:44:01 - [TEST_STEP][PASSED] - Statement - For ([g = 1, g <= BatchNumber - 1, (g++)]): null

2018-05-17 13:44:01 - [TEST_STEP][PASSED] - selectOptionByIndex: All options with index in [1] are selected on object 'Object Repository/PharmacyRequest/Page_Store/select_--Select--BA50'

2018-05-17 13:44:01 - [MESSAGE][PASSED] - All options with index in [1] are selected on object 'Object Repository/PharmacyRequest/Page_Store/select_--Select--BA50'

2018-05-17 13:44:01 - [TEST_STEP][PASSED] - delay: Delayed 1 second(s)

2018-05-17 13:44:02 - [MESSAGE][PASSED] - Delayed 1 second(s)

2018-05-17 13:44:02 - [TEST_STEP][PASSED] - Statement - StockQty = com.kms.katalon.core.webui.keyword.WebUiBuiltInKeywords.getAttribute(com.kms.katalon.core.testobject.ObjectRepository.findTestObject(PharmacyRequest/Page_Store/input_txtprice), "value"): Attribute 'value' of object 'Object Repository/PharmacyRequest/Page_Store/input_txtprice' is: '100'

2018-05-17 13:44:02 - [MESSAGE][PASSED] - Attribute 'value' of object 'Object Repository/PharmacyRequest/Page_Store/input_txtprice' is: '100'

2018-05-17 13:44:02 - [TEST_STEP][PASSED] - Statement - out.println("Stock QTY : " + StockQty): null

2018-05-17 13:44:02 - [TEST_STEP][PASSED] - delay: Delayed 1 second(s)

2018-05-17 13:44:03 - [MESSAGE][PASSED] - Delayed 1 second(s)

2018-05-17 13:44:03 - [TEST_STEP][PASSED] - Statement - If (java.lang.Integer.valueOf(StockQty) >= java.lang.Integer.valueOf(RequestedQty)): null

2018-05-17 13:44:03 - [TEST_STEP][PASSED] - setText: Text '10' is set on object 'Object Repository/PharmacyRequest/Page_Store/input_txtqty'

2018-05-17 13:44:03 - [MESSAGE][PASSED] - Text '10' is set on object 'Object Repository/PharmacyRequest/Page_Store/input_txtqty'

2018-05-17 13:44:03 - [TEST_STEP][PASSED] - click: Object: 'Object Repository/PharmacyRequest/Page_Store/button_Add' is clicked on

2018-05-17 13:44:03 - [MESSAGE][PASSED] - Object: 'Object Repository/PharmacyRequest/Page_Store/button_Add' is clicked on

2018-05-17 13:44:03 - [TEST_STEP][PASSED] - Statement - Break: null

2018-05-17 13:44:03 - [TEST_STEP][PASSED] - selectOptionByIndex: All options with index in [8] are selected on object 'Object Repository/PharmacyRequest/Page_Store/select_--Select--Amlodepin -5'

2018-05-17 13:44:03 - [MESSAGE][PASSED] - All options with index in [8] are selected on object 'Object Repository/PharmacyRequest/Page_Store/select_--Select--Amlodepin -5'

2018-05-17 13:44:03 - [TEST_STEP][PASSED] - delay: Delayed 1 second(s)

2018-05-17 13:44:04 - [MESSAGE][PASSED] - Delayed 1 second(s)

2018-05-17 13:44:04 - [TEST_STEP][PASSED] - Statement - RequestedQty = com.kms.katalon.core.webui.keyword.WebUiBuiltInKeywords.getAttribute(com.kms.katalon.core.testobject.ObjectRepository.findTestObject(PharmacyRequest/Page_Store/input_txttotal), "value"): Attribute 'value' of object 'Object Repository/PharmacyRequest/Page_Store/input_txttotal' is: '10'

2018-05-17 13:44:04 - [MESSAGE][PASSED] - Attribute 'value' of object 'Object Repository/PharmacyRequest/Page_Store/input_txttotal' is: '10'

2018-05-17 13:44:04 - [TEST_STEP][PASSED] - Statement - out.println("Requested QTY : " + RequestedQty): null

2018-05-17 13:44:04 - [TEST_STEP][PASSED] - Statement - BatchNumber = com.kms.katalon.core.webui.keyword.WebUiBuiltInKeywords.getNumberOfTotalOption(com.kms.katalon.core.testobject.ObjectRepository.findTestObject(PharmacyRequest/Page_Store/select_--Select--BA50)): 2 options of object 'Object Repository/PharmacyRequest/Page_Store/select_--Select--BA50' counted

2018-05-17 13:44:04 - [MESSAGE][PASSED] - 2 options of object 'Object Repository/PharmacyRequest/Page_Store/select_--Select--BA50' counted

2018-05-17 13:44:04 - [TEST_STEP][PASSED] - Statement - For ([g = 1, g <= BatchNumber - 1, (g++)]): null

2018-05-17 13:44:04 - [TEST_STEP][PASSED] - selectOptionByIndex: All options with index in [1] are selected on object 'Object Repository/PharmacyRequest/Page_Store/select_--Select--BA50'

2018-05-17 13:44:04 - [MESSAGE][PASSED] - All options with index in [1] are selected on object 'Object Repository/PharmacyRequest/Page_Store/select_--Select--BA50'

2018-05-17 13:44:04 - [TEST_STEP][PASSED] - delay: Delayed 1 second(s)

2018-05-17 13:44:05 - [MESSAGE][PASSED] - Delayed 1 second(s)

2018-05-17 13:44:05 - [TEST_STEP][PASSED] - Statement - StockQty = com.kms.katalon.core.webui.keyword.WebUiBuiltInKeywords.getAttribute(com.kms.katalon.core.testobject.ObjectRepository.findTestObject(PharmacyRequest/Page_Store/input_txtprice), "value"): Attribute 'value' of object 'Object Repository/PharmacyRequest/Page_Store/input_txtprice' is: '100'

2018-05-17 13:44:05 - [MESSAGE][PASSED] - Attribute 'value' of object 'Object Repository/PharmacyRequest/Page_Store/input_txtprice' is: '100'

2018-05-17 13:44:05 - [TEST_STEP][PASSED] - Statement - out.println("Stock QTY : " + StockQty): null

2018-05-17 13:44:05 - [TEST_STEP][PASSED] - delay: Delayed 1 second(s)

2018-05-17 13:44:06 - [MESSAGE][PASSED] - Delayed 1 second(s)

2018-05-17 13:44:06 - [TEST_STEP][PASSED] - Statement - If (java.lang.Integer.valueOf(StockQty) >= java.lang.Integer.valueOf(RequestedQty)): null

2018-05-17 13:44:06 - [TEST_STEP][PASSED] - setText: Text '10' is set on object 'Object Repository/PharmacyRequest/Page_Store/input_txtqty'

2018-05-17 13:44:06 - [MESSAGE][PASSED] - Text '10' is set on object 'Object Repository/PharmacyRequest/Page_Store/input_txtqty'

2018-05-17 13:44:06 - [TEST_STEP][PASSED] - click: Object: 'Object Repository/PharmacyRequest/Page_Store/button_Add' is clicked on

2018-05-17 13:44:06 - [MESSAGE][PASSED] - Object: 'Object Repository/PharmacyRequest/Page_Store/button_Add' is clicked on

2018-05-17 13:44:06 - [TEST_STEP][PASSED] - Statement - Break: null

2018-05-17 13:44:06 - [TEST_STEP][PASSED] - selectOptionByIndex: All options with index in [9] are selected on object 'Object Repository/PharmacyRequest/Page_Store/select_--Select--Amlodepin -5'

2018-05-17 13:44:07 - [MESSAGE][PASSED] - All options with index in [9] are selected on object 'Object Repository/PharmacyRequest/Page_Store/select_--Select--Amlodepin -5'

2018-05-17 13:44:07 - [TEST_STEP][PASSED] - delay: Delayed 1 second(s)

2018-05-17 13:44:08 - [MESSAGE][PASSED] - Delayed 1 second(s)

2018-05-17 13:44:08 - [TEST_STEP][PASSED] - Statement - RequestedQty = com.kms.katalon.core.webui.keyword.WebUiBuiltInKeywords.getAttribute(com.kms.katalon.core.testobject.ObjectRepository.findTestObject(PharmacyRequest/Page_Store/input_txttotal), "value"): Attribute 'value' of object 'Object Repository/PharmacyRequest/Page_Store/input_txttotal' is: '10'

2018-05-17 13:44:08 - [MESSAGE][PASSED] - Attribute 'value' of object 'Object Repository/PharmacyRequest/Page_Store/input_txttotal' is: '10'

2018-05-17 13:44:08 - [TEST_STEP][PASSED] - Statement - out.println("Requested QTY : " + RequestedQty): null

2018-05-17 13:44:08 - [TEST_STEP][PASSED] - Statement - BatchNumber = com.kms.katalon.core.webui.keyword.WebUiBuiltInKeywords.getNumberOfTotalOption(com.kms.katalon.core.testobject.ObjectRepository.findTestObject(PharmacyRequest/Page_Store/select_--Select--BA50)): 2 options of object 'Object Repository/PharmacyRequest/Page_Store/select_--Select--BA50' counted

2018-05-17 13:44:08 - [MESSAGE][PASSED] - 2 options of object 'Object Repository/PharmacyRequest/Page_Store/select_--Select--BA50' counted

2018-05-17 13:44:08 - [TEST_STEP][PASSED] - Statement - For ([g = 1, g <= BatchNumber - 1, (g++)]): null

2018-05-17 13:44:08 - [TEST_STEP][PASSED] - selectOptionByIndex: All options with index in [1] are selected on object 'Object Repository/PharmacyRequest/Page_Store/select_--Select--BA50'

2018-05-17 13:44:08 - [MESSAGE][PASSED] - All options with index in [1] are selected on object 'Object Repository/PharmacyRequest/Page_Store/select_--Select--BA50'

2018-05-17 13:44:08 - [TEST_STEP][PASSED] - delay: Delayed 1 second(s)

2018-05-17 13:44:09 - [MESSAGE][PASSED] - Delayed 1 second(s)

2018-05-17 13:44:09 - [TEST_STEP][PASSED] - Statement - StockQty = com.kms.katalon.core.webui.keyword.WebUiBuiltInKeywords.getAttribute(com.kms.katalon.core.testobject.ObjectRepository.findTestObject(PharmacyRequest/Page_Store/input_txtprice), "value"): Attribute 'value' of object 'Object Repository/PharmacyRequest/Page_Store/input_txtprice' is: '100'

2018-05-17 13:44:09 - [MESSAGE][PASSED] - Attribute 'value' of object 'Object Repository/PharmacyRequest/Page_Store/input_txtprice' is: '100'

2018-05-17 13:44:09 - [TEST_STEP][PASSED] - Statement - out.println("Stock QTY : " + StockQty): null

2018-05-17 13:44:09 - [TEST_STEP][PASSED] - delay: Delayed 1 second(s)

2018-05-17 13:44:10 - [MESSAGE][PASSED] - Delayed 1 second(s)

2018-05-17 13:44:10 - [TEST_STEP][PASSED] - Statement - If (java.lang.Integer.valueOf(StockQty) >= java.lang.Integer.valueOf(RequestedQty)): null

2018-05-17 13:44:10 - [TEST_STEP][PASSED] - setText: Text '10' is set on object 'Object Repository/PharmacyRequest/Page_Store/input_txtqty'

2018-05-17 13:44:10 - [MESSAGE][PASSED] - Text '10' is set on object 'Object Repository/PharmacyRequest/Page_Store/input_txtqty'

2018-05-17 13:44:10 - [TEST_STEP][PASSED] - click: Object: 'Object Repository/PharmacyRequest/Page_Store/button_Add' is clicked on

2018-05-17 13:44:10 - [MESSAGE][PASSED] - Object: 'Object Repository/PharmacyRequest/Page_Store/button_Add' is clicked on

2018-05-17 13:44:10 - [TEST_STEP][PASSED] - Statement - Break: null

2018-05-17 13:44:10 - [TEST_STEP][PASSED] - selectOptionByIndex: All options with index in [10] are selected on object 'Object Repository/PharmacyRequest/Page_Store/select_--Select--Amlodepin -5'

2018-05-17 13:44:10 - [MESSAGE][PASSED] - All options with index in [10] are selected on object 'Object Repository/PharmacyRequest/Page_Store/select_--Select--Amlodepin -5'

2018-05-17 13:44:10 - [TEST_STEP][PASSED] - delay: Delayed 1 second(s)

2018-05-17 13:44:11 - [MESSAGE][PASSED] - Delayed 1 second(s)

2018-05-17 13:44:11 - [TEST_STEP][PASSED] - Statement - RequestedQty = com.kms.katalon.core.webui.keyword.WebUiBuiltInKeywords.getAttribute(com.kms.katalon.core.testobject.ObjectRepository.findTestObject(PharmacyRequest/Page_Store/input_txttotal), "value"): Attribute 'value' of object 'Object Repository/PharmacyRequest/Page_Store/input_txttotal' is: '10'

2018-05-17 13:44:11 - [MESSAGE][PASSED] - Attribute 'value' of object 'Object Repository/PharmacyRequest/Page_Store/input_txttotal' is: '10'

2018-05-17 13:44:11 - [TEST_STEP][PASSED] - Statement - out.println("Requested QTY : " + RequestedQty): null

2018-05-17 13:44:11 - [TEST_STEP][PASSED] - Statement - BatchNumber = com.kms.katalon.core.webui.keyword.WebUiBuiltInKeywords.getNumberOfTotalOption(com.kms.katalon.core.testobject.ObjectRepository.findTestObject(PharmacyRequest/Page_Store/select_--Select--BA50)): 2 options of object 'Object Repository/PharmacyRequest/Page_Store/select_--Select--BA50' counted

2018-05-17 13:44:11 - [MESSAGE][PASSED] - 2 options of object 'Object Repository/PharmacyRequest/Page_Store/select_--Select--BA50' counted

2018-05-17 13:44:11 - [TEST_STEP][PASSED] - Statement - For ([g = 1, g <= BatchNumber - 1, (g++)]): null

2018-05-17 13:44:11 - [TEST_STEP][PASSED] - selectOptionByIndex: All options with index in [1] are selected on object 'Object Repository/PharmacyRequest/Page_Store/select_--Select--BA50'

2018-05-17 13:44:11 - [MESSAGE][PASSED] - All options with index in [1] are selected on object 'Object Repository/PharmacyRequest/Page_Store/select_--Select--BA50'

2018-05-17 13:44:11 - [TEST_STEP][PASSED] - delay: Delayed 1 second(s)

2018-05-17 13:44:12 - [MESSAGE][PASSED] - Delayed 1 second(s)

2018-05-17 13:44:12 - [TEST_STEP][PASSED] - Statement - StockQty = com.kms.katalon.core.webui.keyword.WebUiBuiltInKeywords.getAttribute(com.kms.katalon.core.testobject.ObjectRepository.findTestObject(PharmacyRequest/Page_Store/input_txtprice), "value"): Attribute 'value' of object 'Object Repository/PharmacyRequest/Page_Store/input_txtprice' is: '100'

2018-05-17 13:44:12 - [MESSAGE][PASSED] - Attribute 'value' of object 'Object Repository/PharmacyRequest/Page_Store/input_txtprice' is: '100'

2018-05-17 13:44:12 - [TEST_STEP][PASSED] - Statement - out.println("Stock QTY : " + StockQty): null

2018-05-17 13:44:12 - [TEST_STEP][PASSED] - delay: Delayed 1 second(s)

2018-05-17 13:44:13 - [MESSAGE][PASSED] - Delayed 1 second(s)

2018-05-17 13:44:13 - [TEST_STEP][PASSED] - Statement - If (java.lang.Integer.valueOf(StockQty) >= java.lang.Integer.valueOf(RequestedQty)): null

2018-05-17 13:44:13 - [TEST_STEP][PASSED] - setText: Text '10' is set on object 'Object Repository/PharmacyRequest/Page_Store/input_txtqty'

2018-05-17 13:44:14 - [MESSAGE][PASSED] - Text '10' is set on object 'Object Repository/PharmacyRequest/Page_Store/input_txtqty'

2018-05-17 13:44:14 - [TEST_STEP][PASSED] - click: Object: 'Object Repository/PharmacyRequest/Page_Store/button_Add' is clicked on

2018-05-17 13:44:14 - [MESSAGE][PASSED] - Object: 'Object Repository/PharmacyRequest/Page_Store/button_Add' is clicked on

2018-05-17 13:44:14 - [TEST_STEP][PASSED] - Statement - Break: null

2018-05-17 13:44:14 - [TEST_STEP][PASSED] - selectOptionByIndex: All options with index in [11] are selected on object 'Object Repository/PharmacyRequest/Page_Store/select_--Select--Amlodepin -5'

2018-05-17 13:44:14 - [MESSAGE][PASSED] - All options with index in [11] are selected on object 'Object Repository/PharmacyRequest/Page_Store/select_--Select--Amlodepin -5'

2018-05-17 13:44:14 - [TEST_STEP][PASSED] - delay: Delayed 1 second(s)

2018-05-17 13:44:15 - [MESSAGE][PASSED] - Delayed 1 second(s)

2018-05-17 13:44:15 - [TEST_STEP][PASSED] - Statement - RequestedQty = com.kms.katalon.core.webui.keyword.WebUiBuiltInKeywords.getAttribute(com.kms.katalon.core.testobject.ObjectRepository.findTestObject(PharmacyRequest/Page_Store/input_txttotal), "value"): Attribute 'value' of object 'Object Repository/PharmacyRequest/Page_Store/input_txttotal' is: '10'

2018-05-17 13:44:15 - [MESSAGE][PASSED] - Attribute 'value' of object 'Object Repository/PharmacyRequest/Page_Store/input_txttotal' is: '10'

2018-05-17 13:44:15 - [TEST_STEP][PASSED] - Statement - out.println("Requested QTY : " + RequestedQty): null

2018-05-17 13:44:15 - [TEST_STEP][PASSED] - Statement - BatchNumber = com.kms.katalon.core.webui.keyword.WebUiBuiltInKeywords.getNumberOfTotalOption(com.kms.katalon.core.testobject.ObjectRepository.findTestObject(PharmacyRequest/Page_Store/select_--Select--BA50)): 2 options of object 'Object Repository/PharmacyRequest/Page_Store/select_--Select--BA50' counted

2018-05-17 13:44:15 - [MESSAGE][PASSED] - 2 options of object 'Object Repository/PharmacyRequest/Page_Store/select_--Select--BA50' counted

2018-05-17 13:44:15 - [TEST_STEP][PASSED] - Statement - For ([g = 1, g <= BatchNumber - 1, (g++)]): null

2018-05-17 13:44:15 - [TEST_STEP][PASSED] - selectOptionByIndex: All options with index in [1] are selected on object 'Object Repository/PharmacyRequest/Page_Store/select_--Select--BA50'

2018-05-17 13:44:15 - [MESSAGE][PASSED] - All options with index in [1] are selected on object 'Object Repository/PharmacyRequest/Page_Store/select_--Select--BA50'

2018-05-17 13:44:15 - [TEST_STEP][PASSED] - delay: Delayed 1 second(s)

2018-05-17 13:44:16 - [MESSAGE][PASSED] - Delayed 1 second(s)

2018-05-17 13:44:16 - [TEST_STEP][PASSED] - Statement - StockQty = com.kms.katalon.core.webui.keyword.WebUiBuiltInKeywords.getAttribute(com.kms.katalon.core.testobject.ObjectRepository.findTestObject(PharmacyRequest/Page_Store/input_txtprice), "value"): Attribute 'value' of object 'Object Repository/PharmacyRequest/Page_Store/input_txtprice' is: '100'

2018-05-17 13:44:16 - [MESSAGE][PASSED] - Attribute 'value' of object 'Object Repository/PharmacyRequest/Page_Store/input_txtprice' is: '100'

2018-05-17 13:44:16 - [TEST_STEP][PASSED] - Statement - out.println("Stock QTY : " + StockQty): null

2018-05-17 13:44:16 - [TEST_STEP][PASSED] - delay: Delayed 1 second(s)

2018-05-17 13:44:17 - [MESSAGE][PASSED] - Delayed 1 second(s)

2018-05-17 13:44:17 - [TEST_STEP][PASSED] - Statement - If (java.lang.Integer.valueOf(StockQty) >= java.lang.Integer.valueOf(RequestedQty)): null

2018-05-17 13:44:17 - [TEST_STEP][PASSED] - setText: Text '10' is set on object 'Object Repository/PharmacyRequest/Page_Store/input_txtqty'

2018-05-17 13:44:17 - [MESSAGE][PASSED] - Text '10' is set on object 'Object Repository/PharmacyRequest/Page_Store/input_txtqty'

2018-05-17 13:44:17 - [TEST_STEP][PASSED] - click: Object: 'Object Repository/PharmacyRequest/Page_Store/button_Add' is clicked on

2018-05-17 13:44:17 - [MESSAGE][PASSED] - Object: 'Object Repository/PharmacyRequest/Page_Store/button_Add' is clicked on

2018-05-17 13:44:17 - [TEST_STEP][PASSED] - Statement - Break: null

2018-05-17 13:44:17 - [TEST_STEP][PASSED] - selectOptionByIndex: All options with index in [12] are selected on object 'Object Repository/PharmacyRequest/Page_Store/select_--Select--Amlodepin -5'

2018-05-17 13:44:17 - [MESSAGE][PASSED] - All options with index in [12] are selected on object 'Object Repository/PharmacyRequest/Page_Store/select_--Select--Amlodepin -5'

2018-05-17 13:44:17 - [TEST_STEP][PASSED] - delay: Delayed 1 second(s)

2018-05-17 13:44:18 - [MESSAGE][PASSED] - Delayed 1 second(s)

2018-05-17 13:44:18 - [TEST_STEP][PASSED] - Statement - RequestedQty = com.kms.katalon.core.webui.keyword.WebUiBuiltInKeywords.getAttribute(com.kms.katalon.core.testobject.ObjectRepository.findTestObject(PharmacyRequest/Page_Store/input_txttotal), "value"): Attribute 'value' of object 'Object Repository/PharmacyRequest/Page_Store/input_txttotal' is: '10'

2018-05-17 13:44:19 - [MESSAGE][PASSED] - Attribute 'value' of object 'Object Repository/PharmacyRequest/Page_Store/input_txttotal' is: '10'

2018-05-17 13:44:19 - [TEST_STEP][PASSED] - Statement - out.println("Requested QTY : " + RequestedQty): null

2018-05-17 13:44:19 - [TEST_STEP][PASSED] - Statement - BatchNumber = com.kms.katalon.core.webui.keyword.WebUiBuiltInKeywords.getNumberOfTotalOption(com.kms.katalon.core.testobject.ObjectRepository.findTestObject(PharmacyRequest/Page_Store/select_--Select--BA50)): 2 options of object 'Object Repository/PharmacyRequest/Page_Store/select_--Select--BA50' counted

2018-05-17 13:44:19 - [MESSAGE][PASSED] - 2 options of object 'Object Repository/PharmacyRequest/Page_Store/select_--Select--BA50' counted

2018-05-17 13:44:19 - [TEST_STEP][PASSED] - Statement - For ([g = 1, g <= BatchNumber - 1, (g++)]): null

2018-05-17 13:44:19 - [TEST_STEP][PASSED] - selectOptionByIndex: All options with index in [1] are selected on object 'Object Repository/PharmacyRequest/Page_Store/select_--Select--BA50'

2018-05-17 13:44:19 - [MESSAGE][PASSED] - All options with index in [1] are selected on object 'Object Repository/PharmacyRequest/Page_Store/select_--Select--BA50'

2018-05-17 13:44:19 - [TEST_STEP][PASSED] - delay: Delayed 1 second(s)

2018-05-17 13:44:20 - [MESSAGE][PASSED] - Delayed 1 second(s)

2018-05-17 13:44:20 - [TEST_STEP][PASSED] - Statement - StockQty = com.kms.katalon.core.webui.keyword.WebUiBuiltInKeywords.getAttribute(com.kms.katalon.core.testobject.ObjectRepository.findTestObject(PharmacyRequest/Page_Store/input_txtprice), "value"): Attribute 'value' of object 'Object Repository/PharmacyRequest/Page_Store/input_txtprice' is: '100'

2018-05-17 13:44:20 - [MESSAGE][PASSED] - Attribute 'value' of object 'Object Repository/PharmacyRequest/Page_Store/input_txtprice' is: '100'

2018-05-17 13:44:20 - [TEST_STEP][PASSED] - Statement - out.println("Stock QTY : " + StockQty): null

2018-05-17 13:44:20 - [TEST_STEP][PASSED] - delay: Delayed 1 second(s)

2018-05-17 13:44:21 - [MESSAGE][PASSED] - Delayed 1 second(s)

2018-05-17 13:44:21 - [TEST_STEP][PASSED] - Statement - If (java.lang.Integer.valueOf(StockQty) >= java.lang.Integer.valueOf(RequestedQty)): null

2018-05-17 13:44:21 - [TEST_STEP][PASSED] - setText: Text '10' is set on object 'Object Repository/PharmacyRequest/Page_Store/input_txtqty'

2018-05-17 13:44:21 - [MESSAGE][PASSED] - Text '10' is set on object 'Object Repository/PharmacyRequest/Page_Store/input_txtqty'

2018-05-17 13:44:21 - [TEST_STEP][PASSED] - click: Object: 'Object Repository/PharmacyRequest/Page_Store/button_Add' is clicked on

2018-05-17 13:44:21 - [MESSAGE][PASSED] - Object: 'Object Repository/PharmacyRequest/Page_Store/button_Add' is clicked on

2018-05-17 13:44:21 - [TEST_STEP][PASSED] - Statement - Break: null

2018-05-17 13:44:21 - [TEST_STEP][PASSED] - selectOptionByIndex: All options with index in [13] are selected on object 'Object Repository/PharmacyRequest/Page_Store/select_--Select--Amlodepin -5'

2018-05-17 13:44:21 - [MESSAGE][PASSED] - All options with index in [13] are selected on object 'Object Repository/PharmacyRequest/Page_Store/select_--Select--Amlodepin -5'

2018-05-17 13:44:21 - [TEST_STEP][PASSED] - delay: Delayed 1 second(s)

2018-05-17 13:44:22 - [MESSAGE][PASSED] - Delayed 1 second(s)

2018-05-17 13:44:22 - [TEST_STEP][PASSED] - Statement - RequestedQty = com.kms.katalon.core.webui.keyword.WebUiBuiltInKeywords.getAttribute(com.kms.katalon.core.testobject.ObjectRepository.findTestObject(PharmacyRequest/Page_Store/input_txttotal), "value"): Attribute 'value' of object 'Object Repository/PharmacyRequest/Page_Store/input_txttotal' is: '10'

2018-05-17 13:44:22 - [MESSAGE][PASSED] - Attribute 'value' of object 'Object Repository/PharmacyRequest/Page_Store/input_txttotal' is: '10'

2018-05-17 13:44:22 - [TEST_STEP][PASSED] - Statement - out.println("Requested QTY : " + RequestedQty): null

2018-05-17 13:44:22 - [TEST_STEP][PASSED] - Statement - BatchNumber = com.kms.katalon.core.webui.keyword.WebUiBuiltInKeywords.getNumberOfTotalOption(com.kms.katalon.core.testobject.ObjectRepository.findTestObject(PharmacyRequest/Page_Store/select_--Select--BA50)): 2 options of object 'Object Repository/PharmacyRequest/Page_Store/select_--Select--BA50' counted

2018-05-17 13:44:22 - [MESSAGE][PASSED] - 2 options of object 'Object Repository/PharmacyRequest/Page_Store/select_--Select--BA50' counted

2018-05-17 13:44:22 - [TEST_STEP][PASSED] - Statement - For ([g = 1, g <= BatchNumber - 1, (g++)]): null

2018-05-17 13:44:22 - [TEST_STEP][PASSED] - selectOptionByIndex: All options with index in [1] are selected on object 'Object Repository/PharmacyRequest/Page_Store/select_--Select--BA50'

2018-05-17 13:44:22 - [MESSAGE][PASSED] - All options with index in [1] are selected on object 'Object Repository/PharmacyRequest/Page_Store/select_--Select--BA50'

2018-05-17 13:44:22 - [TEST_STEP][PASSED] - delay: Delayed 1 second(s)

2018-05-17 13:44:23 - [MESSAGE][PASSED] - Delayed 1 second(s)

2018-05-17 13:44:23 - [TEST_STEP][PASSED] - Statement - StockQty = com.kms.katalon.core.webui.keyword.WebUiBuiltInKeywords.getAttribute(com.kms.katalon.core.testobject.ObjectRepository.findTestObject(PharmacyRequest/Page_Store/input_txtprice), "value"): Attribute 'value' of object 'Object Repository/PharmacyRequest/Page_Store/input_txtprice' is: '100'

2018-05-17 13:44:23 - [MESSAGE][PASSED] - Attribute 'value' of object 'Object Repository/PharmacyRequest/Page_Store/input_txtprice' is: '100'

2018-05-17 13:44:23 - [TEST_STEP][PASSED] - Statement - out.println("Stock QTY : " + StockQty): null

2018-05-17 13:44:23 - [TEST_STEP][PASSED] - delay: Delayed 1 second(s)

2018-05-17 13:44:24 - [MESSAGE][PASSED] - Delayed 1 second(s)

2018-05-17 13:44:24 - [TEST_STEP][PASSED] - Statement - If (java.lang.Integer.valueOf(StockQty) >= java.lang.Integer.valueOf(RequestedQty)): null

2018-05-17 13:44:24 - [TEST_STEP][PASSED] - setText: Text '10' is set on object 'Object Repository/PharmacyRequest/Page_Store/input_txtqty'

2018-05-17 13:44:24 - [MESSAGE][PASSED] - Text '10' is set on object 'Object Repository/PharmacyRequest/Page_Store/input_txtqty'

2018-05-17 13:44:24 - [TEST_STEP][PASSED] - click: Object: 'Object Repository/PharmacyRequest/Page_Store/button_Add' is clicked on

2018-05-17 13:44:24 - [MESSAGE][PASSED] - Object: 'Object Repository/PharmacyRequest/Page_Store/button_Add' is clicked on

2018-05-17 13:44:24 - [TEST_STEP][PASSED] - Statement - Break: null

2018-05-17 13:44:24 - [TEST_STEP][PASSED] - selectOptionByIndex: All options with index in [14] are selected on object 'Object Repository/PharmacyRequest/Page_Store/select_--Select--Amlodepin -5'

2018-05-17 13:44:25 - [MESSAGE][PASSED] - All options with index in [14] are selected on object 'Object Repository/PharmacyRequest/Page_Store/select_--Select--Amlodepin -5'

2018-05-17 13:44:25 - [TEST_STEP][PASSED] - delay: Delayed 1 second(s)

2018-05-17 13:44:26 - [MESSAGE][PASSED] - Delayed 1 second(s)

2018-05-17 13:44:26 - [TEST_STEP][PASSED] - Statement - RequestedQty = com.kms.katalon.core.webui.keyword.WebUiBuiltInKeywords.getAttribute(com.kms.katalon.core.testobject.ObjectRepository.findTestObject(PharmacyRequest/Page_Store/input_txttotal), "value"): Attribute 'value' of object 'Object Repository/PharmacyRequest/Page_Store/input_txttotal' is: '10'

2018-05-17 13:44:26 - [MESSAGE][PASSED] - Attribute 'value' of object 'Object Repository/PharmacyRequest/Page_Store/input_txttotal' is: '10'

2018-05-17 13:44:26 - [TEST_STEP][PASSED] - Statement - out.println("Requested QTY : " + RequestedQty): null

2018-05-17 13:44:26 - [TEST_STEP][PASSED] - Statement - BatchNumber = com.kms.katalon.core.webui.keyword.WebUiBuiltInKeywords.getNumberOfTotalOption(com.kms.katalon.core.testobject.ObjectRepository.findTestObject(PharmacyRequest/Page_Store/select_--Select--BA50)): 2 options of object 'Object Repository/PharmacyRequest/Page_Store/select_--Select--BA50' counted

2018-05-17 13:44:26 - [MESSAGE][PASSED] - 2 options of object 'Object Repository/PharmacyRequest/Page_Store/select_--Select--BA50' counted

2018-05-17 13:44:26 - [TEST_STEP][PASSED] - Statement - For ([g = 1, g <= BatchNumber - 1, (g++)]): null

2018-05-17 13:44:26 - [TEST_STEP][PASSED] - selectOptionByIndex: All options with index in [1] are selected on object 'Object Repository/PharmacyRequest/Page_Store/select_--Select--BA50'

2018-05-17 13:44:26 - [MESSAGE][PASSED] - All options with index in [1] are selected on object 'Object Repository/PharmacyRequest/Page_Store/select_--Select--BA50'

2018-05-17 13:44:26 - [TEST_STEP][PASSED] - delay: Delayed 1 second(s)

2018-05-17 13:44:27 - [MESSAGE][PASSED] - Delayed 1 second(s)

2018-05-17 13:44:27 - [TEST_STEP][PASSED] - Statement - StockQty = com.kms.katalon.core.webui.keyword.WebUiBuiltInKeywords.getAttribute(com.kms.katalon.core.testobject.ObjectRepository.findTestObject(PharmacyRequest/Page_Store/input_txtprice), "value"): Attribute 'value' of object 'Object Repository/PharmacyRequest/Page_Store/input_txtprice' is: '100'

2018-05-17 13:44:27 - [MESSAGE][PASSED] - Attribute 'value' of object 'Object Repository/PharmacyRequest/Page_Store/input_txtprice' is: '100'

2018-05-17 13:44:27 - [TEST_STEP][PASSED] - Statement - out.println("Stock QTY : " + StockQty): null

2018-05-17 13:44:27 - [TEST_STEP][PASSED] - delay: Delayed 1 second(s)

2018-05-17 13:44:28 - [MESSAGE][PASSED] - Delayed 1 second(s)

2018-05-17 13:44:28 - [TEST_STEP][PASSED] - Statement - If (java.lang.Integer.valueOf(StockQty) >= java.lang.Integer.valueOf(RequestedQty)): null

2018-05-17 13:44:28 - [TEST_STEP][PASSED] - setText: Text '10' is set on object 'Object Repository/PharmacyRequest/Page_Store/input_txtqty'

2018-05-17 13:44:28 - [MESSAGE][PASSED] - Text '10' is set on object 'Object Repository/PharmacyRequest/Page_Store/input_txtqty'

2018-05-17 13:44:28 - [TEST_STEP][PASSED] - click: Object: 'Object Repository/PharmacyRequest/Page_Store/button_Add' is clicked on

2018-05-17 13:44:28 - [MESSAGE][PASSED] - Object: 'Object Repository/PharmacyRequest/Page_Store/button_Add' is clicked on

2018-05-17 13:44:28 - [TEST_STEP][PASSED] - Statement - Break: null

2018-05-17 13:44:28 - [TEST_STEP][PASSED] - selectOptionByIndex: All options with index in [15] are selected on object 'Object Repository/PharmacyRequest/Page_Store/select_--Select--Amlodepin -5'

2018-05-17 13:44:28 - [MESSAGE][PASSED] - All options with index in [15] are selected on object 'Object Repository/PharmacyRequest/Page_Store/select_--Select--Amlodepin -5'

2018-05-17 13:44:28 - [TEST_STEP][PASSED] - delay: Delayed 1 second(s)

2018-05-17 13:44:29 - [MESSAGE][PASSED] - Delayed 1 second(s)

2018-05-17 13:44:29 - [TEST_STEP][PASSED] - Statement - RequestedQty = com.kms.katalon.core.webui.keyword.WebUiBuiltInKeywords.getAttribute(com.kms.katalon.core.testobject.ObjectRepository.findTestObject(PharmacyRequest/Page_Store/input_txttotal), "value"): Attribute 'value' of object 'Object Repository/PharmacyRequest/Page_Store/input_txttotal' is: '10'

2018-05-17 13:44:29 - [MESSAGE][PASSED] - Attribute 'value' of object 'Object Repository/PharmacyRequest/Page_Store/input_txttotal' is: '10'

2018-05-17 13:44:29 - [TEST_STEP][PASSED] - Statement - out.println("Requested QTY : " + RequestedQty): null

2018-05-17 13:44:29 - [TEST_STEP][PASSED] - Statement - BatchNumber = com.kms.katalon.core.webui.keyword.WebUiBuiltInKeywords.getNumberOfTotalOption(com.kms.katalon.core.testobject.ObjectRepository.findTestObject(PharmacyRequest/Page_Store/select_--Select--BA50)): 2 options of object 'Object Repository/PharmacyRequest/Page_Store/select_--Select--BA50' counted

2018-05-17 13:44:29 - [MESSAGE][PASSED] - 2 options of object 'Object Repository/PharmacyRequest/Page_Store/select_--Select--BA50' counted

2018-05-17 13:44:29 - [TEST_STEP][PASSED] - Statement - For ([g = 1, g <= BatchNumber - 1, (g++)]): null

2018-05-17 13:44:29 - [TEST_STEP][PASSED] - selectOptionByIndex: All options with index in [1] are selected on object 'Object Repository/PharmacyRequest/Page_Store/select_--Select--BA50'

2018-05-17 13:44:30 - [MESSAGE][PASSED] - All options with index in [1] are selected on object 'Object Repository/PharmacyRequest/Page_Store/select_--Select--BA50'

2018-05-17 13:44:30 - [TEST_STEP][PASSED] - delay: Delayed 1 second(s)

2018-05-17 13:44:31 - [MESSAGE][PASSED] - Delayed 1 second(s)

2018-05-17 13:44:31 - [TEST_STEP][PASSED] - Statement - StockQty = com.kms.katalon.core.webui.keyword.WebUiBuiltInKeywords.getAttribute(com.kms.katalon.core.testobject.ObjectRepository.findTestObject(PharmacyRequest/Page_Store/input_txtprice), "value"): Attribute 'value' of object 'Object Repository/PharmacyRequest/Page_Store/input_txtprice' is: '100'

2018-05-17 13:44:31 - [MESSAGE][PASSED] - Attribute 'value' of object 'Object Repository/PharmacyRequest/Page_Store/input_txtprice' is: '100'

2018-05-17 13:44:31 - [TEST_STEP][PASSED] - Statement - out.println("Stock QTY : " + StockQty): null

2018-05-17 13:44:31 - [TEST_STEP][PASSED] - delay: Delayed 1 second(s)

2018-05-17 13:44:32 - [MESSAGE][PASSED] - Delayed 1 second(s)

2018-05-17 13:44:32 - [TEST_STEP][PASSED] - Statement - If (java.lang.Integer.valueOf(StockQty) >= java.lang.Integer.valueOf(RequestedQty)): null

2018-05-17 13:44:32 - [TEST_STEP][PASSED] - setText: Text '10' is set on object 'Object Repository/PharmacyRequest/Page_Store/input_txtqty'

2018-05-17 13:44:32 - [MESSAGE][PASSED] - Text '10' is set on object 'Object Repository/PharmacyRequest/Page_Store/input_txtqty'

2018-05-17 13:44:32 - [TEST_STEP][PASSED] - click: Object: 'Object Repository/PharmacyRequest/Page_Store/button_Add' is clicked on

2018-05-17 13:44:32 - [MESSAGE][PASSED] - Object: 'Object Repository/PharmacyRequest/Page_Store/button_Add' is clicked on

2018-05-17 13:44:32 - [TEST_STEP][PASSED] - Statement - Break: null

2018-05-17 13:44:32 - [TEST_STEP][PASSED] - selectOptionByIndex: All options with index in [16] are selected on object 'Object Repository/PharmacyRequest/Page_Store/select_--Select--Amlodepin -5'

2018-05-17 13:44:32 - [MESSAGE][PASSED] - All options with index in [16] are selected on object 'Object Repository/PharmacyRequest/Page_Store/select_--Select--Amlodepin -5'

2018-05-17 13:44:32 - [TEST_STEP][PASSED] - delay: Delayed 1 second(s)

2018-05-17 13:44:33 - [MESSAGE][PASSED] - Delayed 1 second(s)

2018-05-17 13:44:33 - [TEST_STEP][PASSED] - Statement - RequestedQty = com.kms.katalon.core.webui.keyword.WebUiBuiltInKeywords.getAttribute(com.kms.katalon.core.testobject.ObjectRepository.findTestObject(PharmacyRequest/Page_Store/input_txttotal), "value"): Attribute 'value' of object 'Object Repository/PharmacyRequest/Page_Store/input_txttotal' is: '10'

2018-05-17 13:44:33 - [MESSAGE][PASSED] - Attribute 'value' of object 'Object Repository/PharmacyRequest/Page_Store/input_txttotal' is: '10'

2018-05-17 13:44:33 - [TEST_STEP][PASSED] - Statement - out.println("Requested QTY : " + RequestedQty): null

2018-05-17 13:44:33 - [TEST_STEP][PASSED] - Statement - BatchNumber = com.kms.katalon.core.webui.keyword.WebUiBuiltInKeywords.getNumberOfTotalOption(com.kms.katalon.core.testobject.ObjectRepository.findTestObject(PharmacyRequest/Page_Store/select_--Select--BA50)): 2 options of object 'Object Repository/PharmacyRequest/Page_Store/select_--Select--BA50' counted

2018-05-17 13:44:33 - [MESSAGE][PASSED] - 2 options of object 'Object Repository/PharmacyRequest/Page_Store/select_--Select--BA50' counted

2018-05-17 13:44:33 - [TEST_STEP][PASSED] - Statement - For ([g = 1, g <= BatchNumber - 1, (g++)]): null

2018-05-17 13:44:33 - [TEST_STEP][PASSED] - selectOptionByIndex: All options with index in [1] are selected on object 'Object Repository/PharmacyRequest/Page_Store/select_--Select--BA50'

2018-05-17 13:44:33 - [MESSAGE][PASSED] - All options with index in [1] are selected on object 'Object Repository/PharmacyRequest/Page_Store/select_--Select--BA50'

2018-05-17 13:44:33 - [TEST_STEP][PASSED] - delay: Delayed 1 second(s)

2018-05-17 13:44:34 - [MESSAGE][PASSED] - Delayed 1 second(s)

2018-05-17 13:44:34 - [TEST_STEP][PASSED] - Statement - StockQty = com.kms.katalon.core.webui.keyword.WebUiBuiltInKeywords.getAttribute(com.kms.katalon.core.testobject.ObjectRepository.findTestObject(PharmacyRequest/Page_Store/input_txtprice), "value"): Attribute 'value' of object 'Object Repository/PharmacyRequest/Page_Store/input_txtprice' is: '100'

2018-05-17 13:44:34 - [MESSAGE][PASSED] - Attribute 'value' of object 'Object Repository/PharmacyRequest/Page_Store/input_txtprice' is: '100'

2018-05-17 13:44:34 - [TEST_STEP][PASSED] - Statement - out.println("Stock QTY : " + StockQty): null

2018-05-17 13:44:34 - [TEST_STEP][PASSED] - delay: Delayed 1 second(s)

2018-05-17 13:44:35 - [MESSAGE][PASSED] - Delayed 1 second(s)

2018-05-17 13:44:35 - [TEST_STEP][PASSED] - Statement - If (java.lang.Integer.valueOf(StockQty) >= java.lang.Integer.valueOf(RequestedQty)): null

2018-05-17 13:44:35 - [TEST_STEP][PASSED] - setText: Text '10' is set on object 'Object Repository/PharmacyRequest/Page_Store/input_txtqty'

2018-05-17 13:44:35 - [MESSAGE][PASSED] - Text '10' is set on object 'Object Repository/PharmacyRequest/Page_Store/input_txtqty'

2018-05-17 13:44:35 - [TEST_STEP][PASSED] - click: Object: 'Object Repository/PharmacyRequest/Page_Store/button_Add' is clicked on

2018-05-17 13:44:35 - [MESSAGE][PASSED] - Object: 'Object Repository/PharmacyRequest/Page_Store/button_Add' is clicked on

2018-05-17 13:44:35 - [TEST_STEP][PASSED] - Statement - Break: null

2018-05-17 13:44:35 - [TEST_STEP][PASSED] - selectOptionByIndex: All options with index in [17] are selected on object 'Object Repository/PharmacyRequest/Page_Store/select_--Select--Amlodepin -5'

2018-05-17 13:44:36 - [MESSAGE][PASSED] - All options with index in [17] are selected on object 'Object Repository/PharmacyRequest/Page_Store/select_--Select--Amlodepin -5'

2018-05-17 13:44:36 - [TEST_STEP][PASSED] - delay: Delayed 1 second(s)

2018-05-17 13:44:37 - [MESSAGE][PASSED] - Delayed 1 second(s)

2018-05-17 13:44:37 - [TEST_STEP][PASSED] - Statement - RequestedQty = com.kms.katalon.core.webui.keyword.WebUiBuiltInKeywords.getAttribute(com.kms.katalon.core.testobject.ObjectRepository.findTestObject(PharmacyRequest/Page_Store/input_txttotal), "value"): Attribute 'value' of object 'Object Repository/PharmacyRequest/Page_Store/input_txttotal' is: '10'

2018-05-17 13:44:37 - [MESSAGE][PASSED] - Attribute 'value' of object 'Object Repository/PharmacyRequest/Page_Store/input_txttotal' is: '10'

2018-05-17 13:44:37 - [TEST_STEP][PASSED] - Statement - out.println("Requested QTY : " + RequestedQty): null

2018-05-17 13:44:37 - [TEST_STEP][PASSED] - Statement - BatchNumber = com.kms.katalon.core.webui.keyword.WebUiBuiltInKeywords.getNumberOfTotalOption(com.kms.katalon.core.testobject.ObjectRepository.findTestObject(PharmacyRequest/Page_Store/select_--Select--BA50)): 2 options of object 'Object Repository/PharmacyRequest/Page_Store/select_--Select--BA50' counted

2018-05-17 13:44:37 - [MESSAGE][PASSED] - 2 options of object 'Object Repository/PharmacyRequest/Page_Store/select_--Select--BA50' counted

2018-05-17 13:44:37 - [TEST_STEP][PASSED] - Statement - For ([g = 1, g <= BatchNumber - 1, (g++)]): null

2018-05-17 13:44:37 - [TEST_STEP][PASSED] - selectOptionByIndex: All options with index in [1] are selected on object 'Object Repository/PharmacyRequest/Page_Store/select_--Select--BA50'

2018-05-17 13:44:37 - [MESSAGE][PASSED] - All options with index in [1] are selected on object 'Object Repository/PharmacyRequest/Page_Store/select_--Select--BA50'

2018-05-17 13:44:37 - [TEST_STEP][PASSED] - delay: Delayed 1 second(s)

2018-05-17 13:44:38 - [MESSAGE][PASSED] - Delayed 1 second(s)

2018-05-17 13:44:38 - [TEST_STEP][PASSED] - Statement - StockQty = com.kms.katalon.core.webui.keyword.WebUiBuiltInKeywords.getAttribute(com.kms.katalon.core.testobject.ObjectRepository.findTestObject(PharmacyRequest/Page_Store/input_txtprice), "value"): Attribute 'value' of object 'Object Repository/PharmacyRequest/Page_Store/input_txtprice' is: '100'

2018-05-17 13:44:38 - [MESSAGE][PASSED] - Attribute 'value' of object 'Object Repository/PharmacyRequest/Page_Store/input_txtprice' is: '100'

2018-05-17 13:44:38 - [TEST_STEP][PASSED] - Statement - out.println("Stock QTY : " + StockQty): null

2018-05-17 13:44:38 - [TEST_STEP][PASSED] - delay: Delayed 1 second(s)

2018-05-17 13:44:39 - [MESSAGE][PASSED] - Delayed 1 second(s)

2018-05-17 13:44:39 - [TEST_STEP][PASSED] - Statement - If (java.lang.Integer.valueOf(StockQty) >= java.lang.Integer.valueOf(RequestedQty)): null

2018-05-17 13:44:39 - [TEST_STEP][PASSED] - setText: Text '10' is set on object 'Object Repository/PharmacyRequest/Page_Store/input_txtqty'

2018-05-17 13:44:39 - [MESSAGE][PASSED] - Text '10' is set on object 'Object Repository/PharmacyRequest/Page_Store/input_txtqty'

2018-05-17 13:44:39 - [TEST_STEP][PASSED] - click: Object: 'Object Repository/PharmacyRequest/Page_Store/button_Add' is clicked on

2018-05-17 13:44:39 - [MESSAGE][PASSED] - Object: 'Object Repository/PharmacyRequest/Page_Store/button_Add' is clicked on

2018-05-17 13:44:39 - [TEST_STEP][PASSED] - Statement - Break: null

2018-05-17 13:44:39 - [TEST_STEP][PASSED] - selectOptionByIndex: All options with index in [18] are selected on object 'Object Repository/PharmacyRequest/Page_Store/select_--Select--Amlodepin -5'

2018-05-17 13:44:39 - [MESSAGE][PASSED] - All options with index in [18] are selected on object 'Object Repository/PharmacyRequest/Page_Store/select_--Select--Amlodepin -5'

2018-05-17 13:44:39 - [TEST_STEP][PASSED] - delay: Delayed 1 second(s)

2018-05-17 13:44:40 - [MESSAGE][PASSED] - Delayed 1 second(s)

2018-05-17 13:44:40 - [TEST_STEP][PASSED] - Statement - RequestedQty = com.kms.katalon.core.webui.keyword.WebUiBuiltInKeywords.getAttribute(com.kms.katalon.core.testobject.ObjectRepository.findTestObject(PharmacyRequest/Page_Store/input_txttotal), "value"): Attribute 'value' of object 'Object Repository/PharmacyRequest/Page_Store/input_txttotal' is: '10'

2018-05-17 13:44:40 - [MESSAGE][PASSED] - Attribute 'value' of object 'Object Repository/PharmacyRequest/Page_Store/input_txttotal' is: '10'

2018-05-17 13:44:40 - [TEST_STEP][PASSED] - Statement - out.println("Requested QTY : " + RequestedQty): null

2018-05-17 13:44:40 - [TEST_STEP][PASSED] - Statement - BatchNumber = com.kms.katalon.core.webui.keyword.WebUiBuiltInKeywords.getNumberOfTotalOption(com.kms.katalon.core.testobject.ObjectRepository.findTestObject(PharmacyRequest/Page_Store/select_--Select--BA50)): 2 options of object 'Object Repository/PharmacyRequest/Page_Store/select_--Select--BA50' counted

2018-05-17 13:44:40 - [MESSAGE][PASSED] - 2 options of object 'Object Repository/PharmacyRequest/Page_Store/select_--Select--BA50' counted

2018-05-17 13:44:40 - [TEST_STEP][PASSED] - Statement - For ([g = 1, g <= BatchNumber - 1, (g++)]): null

2018-05-17 13:44:40 - [TEST_STEP][PASSED] - selectOptionByIndex: All options with index in [1] are selected on object 'Object Repository/PharmacyRequest/Page_Store/select_--Select--BA50'

2018-05-17 13:44:41 - [MESSAGE][PASSED] - All options with index in [1] are selected on object 'Object Repository/PharmacyRequest/Page_Store/select_--Select--BA50'

2018-05-17 13:44:41 - [TEST_STEP][PASSED] - delay: Delayed 1 second(s)

2018-05-17 13:44:42 - [MESSAGE][PASSED] - Delayed 1 second(s)

2018-05-17 13:44:42 - [TEST_STEP][PASSED] - Statement - StockQty = com.kms.katalon.core.webui.keyword.WebUiBuiltInKeywords.getAttribute(com.kms.katalon.core.testobject.ObjectRepository.findTestObject(PharmacyRequest/Page_Store/input_txtprice), "value"): Attribute 'value' of object 'Object Repository/PharmacyRequest/Page_Store/input_txtprice' is: '100'

2018-05-17 13:44:42 - [MESSAGE][PASSED] - Attribute 'value' of object 'Object Repository/PharmacyRequest/Page_Store/input_txtprice' is: '100'

2018-05-17 13:44:42 - [TEST_STEP][PASSED] - Statement - out.println("Stock QTY : " + StockQty): null

2018-05-17 13:44:42 - [TEST_STEP][PASSED] - delay: Delayed 1 second(s)

2018-05-17 13:44:43 - [MESSAGE][PASSED] - Delayed 1 second(s)

2018-05-17 13:44:43 - [TEST_STEP][PASSED] - Statement - If (java.lang.Integer.valueOf(StockQty) >= java.lang.Integer.valueOf(RequestedQty)): null

2018-05-17 13:44:43 - [TEST_STEP][PASSED] - setText: Text '10' is set on object 'Object Repository/PharmacyRequest/Page_Store/input_txtqty'

2018-05-17 13:44:43 - [MESSAGE][PASSED] - Text '10' is set on object 'Object Repository/PharmacyRequest/Page_Store/input_txtqty'

2018-05-17 13:44:43 - [TEST_STEP][PASSED] - click: Object: 'Object Repository/PharmacyRequest/Page_Store/button_Add' is clicked on

2018-05-17 13:44:43 - [MESSAGE][PASSED] - Object: 'Object Repository/PharmacyRequest/Page_Store/button_Add' is clicked on

2018-05-17 13:44:43 - [TEST_STEP][PASSED] - Statement - Break: null

2018-05-17 13:44:43 - [TEST_STEP][PASSED] - selectOptionByIndex: All options with index in [19] are selected on object 'Object Repository/PharmacyRequest/Page_Store/select_--Select--Amlodepin -5'

2018-05-17 13:44:43 - [MESSAGE][PASSED] - All options with index in [19] are selected on object 'Object Repository/PharmacyRequest/Page_Store/select_--Select--Amlodepin -5'

2018-05-17 13:44:43 - [TEST_STEP][PASSED] - delay: Delayed 1 second(s)

2018-05-17 13:44:44 - [MESSAGE][PASSED] - Delayed 1 second(s)

2018-05-17 13:44:44 - [TEST_STEP][PASSED] - Statement - RequestedQty = com.kms.katalon.core.webui.keyword.WebUiBuiltInKeywords.getAttribute(com.kms.katalon.core.testobject.ObjectRepository.findTestObject(PharmacyRequest/Page_Store/input_txttotal), "value"): Attribute 'value' of object 'Object Repository/PharmacyRequest/Page_Store/input_txttotal' is: '10'

2018-05-17 13:44:44 - [MESSAGE][PASSED] - Attribute 'value' of object 'Object Repository/PharmacyRequest/Page_Store/input_txttotal' is: '10'

2018-05-17 13:44:44 - [TEST_STEP][PASSED] - Statement - out.println("Requested QTY : " + RequestedQty): null

2018-05-17 13:44:44 - [TEST_STEP][PASSED] - Statement - BatchNumber = com.kms.katalon.core.webui.keyword.WebUiBuiltInKeywords.getNumberOfTotalOption(com.kms.katalon.core.testobject.ObjectRepository.findTestObject(PharmacyRequest/Page_Store/select_--Select--BA50)): 2 options of object 'Object Repository/PharmacyRequest/Page_Store/select_--Select--BA50' counted

2018-05-17 13:44:44 - [MESSAGE][PASSED] - 2 options of object 'Object Repository/PharmacyRequest/Page_Store/select_--Select--BA50' counted

2018-05-17 13:44:44 - [TEST_STEP][PASSED] - Statement - For ([g = 1, g <= BatchNumber - 1, (g++)]): null

2018-05-17 13:44:44 - [TEST_STEP][PASSED] - selectOptionByIndex: All options with index in [1] are selected on object 'Object Repository/PharmacyRequest/Page_Store/select_--Select--BA50'

2018-05-17 13:44:44 - [MESSAGE][PASSED] - All options with index in [1] are selected on object 'Object Repository/PharmacyRequest/Page_Store/select_--Select--BA50'

2018-05-17 13:44:44 - [TEST_STEP][PASSED] - delay: Delayed 1 second(s)

2018-05-17 13:44:45 - [MESSAGE][PASSED] - Delayed 1 second(s)

2018-05-17 13:44:45 - [TEST_STEP][PASSED] - Statement - StockQty = com.kms.katalon.core.webui.keyword.WebUiBuiltInKeywords.getAttribute(com.kms.katalon.core.testobject.ObjectRepository.findTestObject(PharmacyRequest/Page_Store/input_txtprice), "value"): Attribute 'value' of object 'Object Repository/PharmacyRequest/Page_Store/input_txtprice' is: '100'

2018-05-17 13:44:45 - [MESSAGE][PASSED] - Attribute 'value' of object 'Object Repository/PharmacyRequest/Page_Store/input_txtprice' is: '100'

2018-05-17 13:44:45 - [TEST_STEP][PASSED] - Statement - out.println("Stock QTY : " + StockQty): null

2018-05-17 13:44:45 - [TEST_STEP][PASSED] - delay: Delayed 1 second(s)

2018-05-17 13:44:46 - [MESSAGE][PASSED] - Delayed 1 second(s)

2018-05-17 13:44:46 - [TEST_STEP][PASSED] - Statement - If (java.lang.Integer.valueOf(StockQty) >= java.lang.Integer.valueOf(RequestedQty)): null

2018-05-17 13:44:46 - [TEST_STEP][PASSED] - setText: Text '10' is set on object 'Object Repository/PharmacyRequest/Page_Store/input_txtqty'

2018-05-17 13:44:46 - [MESSAGE][PASSED] - Text '10' is set on object 'Object Repository/PharmacyRequest/Page_Store/input_txtqty'

2018-05-17 13:44:46 - [TEST_STEP][PASSED] - click: Object: 'Object Repository/PharmacyRequest/Page_Store/button_Add' is clicked on

2018-05-17 13:44:46 - [MESSAGE][PASSED] - Object: 'Object Repository/PharmacyRequest/Page_Store/button_Add' is clicked on

2018-05-17 13:44:46 - [TEST_STEP][PASSED] - Statement - Break: null

2018-05-17 13:44:46 - [TEST_STEP][PASSED] - selectOptionByIndex: All options with index in [20] are selected on object 'Object Repository/PharmacyRequest/Page_Store/select_--Select--Amlodepin -5'

2018-05-17 13:44:47 - [MESSAGE][PASSED] - All options with index in [20] are selected on object 'Object Repository/PharmacyRequest/Page_Store/select_--Select--Amlodepin -5'

2018-05-17 13:44:47 - [TEST_STEP][PASSED] - delay: Delayed 1 second(s)

2018-05-17 13:44:48 - [MESSAGE][PASSED] - Delayed 1 second(s)

2018-05-17 13:44:48 - [TEST_STEP][FAILED] - Statement - RequestedQty = com.kms.katalon.core.webui.keyword.WebUiBuiltInKeywords.getAttribute(com.kms.katalon.core.testobject.ObjectRepository.findTestObject(PharmacyRequest/Page_Store/input_txttotal), "value"): Unable to get attribute 'value' of object 'Object Repository/PharmacyRequest/Page_Store/input_txttotal' (Root cause: org.openqa.selenium.UnhandledAlertException: unexpected alert open: {Alert text : function Error() { [native code] }}
  (Session info: chrome=66.0.3359.139)
  (Driver info: chromedriver=2.35.528161 (5b82f2d2aae0ca24b877009200ced9065a772e73),platform=Windows NT 10.0.17134 x86_64) (WARNING: The server did not provide any stacktrace information)
Command duration or timeout: 0 milliseconds: null
Build info: version: '3.7.1', revision: '8a0099a', time: '2017-11-06T21:07:36.161Z'
System info: host: 'DESKTOP-BLFTK83', ip: '192.168.71.2', os.name: 'Windows 10', os.arch: 'amd64', os.version: '10.0', java.version: '1.8.0_102'
Driver info: com.kms.katalon.selenium.driver.CChromeDriver
Capabilities {acceptInsecureCerts: false, acceptSslCerts: false, applicationCacheEnabled: false, browserConnectionEnabled: false, browserName: chrome, chrome: {chromedriverVersion: 2.35.528161 (5b82f2d2aae0ca..., userDataDir: C:\Users\QUALIT~1\AppData\L...}, cssSelectorsEnabled: true, databaseEnabled: false, handlesAlerts: true, hasTouchScreen: false, javascriptEnabled: true, locationContextEnabled: true, mobileEmulationEnabled: false, nativeEvents: true, networkConnectionEnabled: false, pageLoadStrategy: normal, platform: XP, platformName: XP, rotatable: false, setWindowRect: true, takesHeapSnapshot: true, takesScreenshot: true, unexpectedAlertBehaviour: , unhandledPromptBehavior: , version: 66.0.3359.139, webStorageEnabled: true}
Session ID: e620e1b9eb328fa27ff58e4d78d636ba
*** Element info: {Using=xpath, value=id("txttotal")[count(. | //input[@type = 'text' and @id = 'txttotal' and @name = 'txttotal' and @placeholder = 'Req.Qty' and @readonly = 'readonly']) = count(//input[@type = 'text' and @id = 'txttotal' and @name = 'txttotal' and @placeholder = 'Req.Qty' and @readonly = 'readonly'])]})

2018-05-17 13:44:48 - [MESSAGE][WARNING] - Cannot take screenshot

2018-05-17 13:44:48 - [MESSAGE][FAILED] - Unable to get attribute 'value' of object 'Object Repository/PharmacyRequest/Page_Store/input_txttotal' (Root cause: org.openqa.selenium.UnhandledAlertException: unexpected alert open: {Alert text : function Error() { [native code] }}
  (Session info: chrome=66.0.3359.139)
  (Driver info: chromedriver=2.35.528161 (5b82f2d2aae0ca24b877009200ced9065a772e73),platform=Windows NT 10.0.17134 x86_64) (WARNING: The server did not provide any stacktrace information)
Command duration or timeout: 0 milliseconds: null
Build info: version: '3.7.1', revision: '8a0099a', time: '2017-11-06T21:07:36.161Z'
System info: host: 'DESKTOP-BLFTK83', ip: '192.168.71.2', os.name: 'Windows 10', os.arch: 'amd64', os.version: '10.0', java.version: '1.8.0_102'
Driver info: com.kms.katalon.selenium.driver.CChromeDriver
Capabilities {acceptInsecureCerts: false, acceptSslCerts: false, applicationCacheEnabled: false, browserConnectionEnabled: false, browserName: chrome, chrome: {chromedriverVersion: 2.35.528161 (5b82f2d2aae0ca..., userDataDir: C:\Users\QUALIT~1\AppData\L...}, cssSelectorsEnabled: true, databaseEnabled: false, handlesAlerts: true, hasTouchScreen: false, javascriptEnabled: true, locationContextEnabled: true, mobileEmulationEnabled: false, nativeEvents: true, networkConnectionEnabled: false, pageLoadStrategy: normal, platform: XP, platformName: XP, rotatable: false, setWindowRect: true, takesHeapSnapshot: true, takesScreenshot: true, unexpectedAlertBehaviour: , unhandledPromptBehavior: , version: 66.0.3359.139, webStorageEnabled: true}
Session ID: e620e1b9eb328fa27ff58e4d78d636ba
*** Element info: {Using=xpath, value=id("txttotal")[count(. | //input[@type = 'text' and @id = 'txttotal' and @name = 'txttotal' and @placeholder = 'Req.Qty' and @readonly = 'readonly']) = count(//input[@type = 'text' and @id = 'txttotal' and @name = 'txttotal' and @placeholder = 'Req.Qty' and @readonly = 'readonly'])]})]]></system-out>
         <system-err><![CDATA[2018-05-17 13:42:05 - [TEST_CASE][FAILED] - Test Cases/PHARMACY TEST CASES/TC_PHAR_009 Verify Schedule 9 Pharmacy Request Are Working Successfully Or Not: Test Cases/PHARMACY TEST CASES/TC_PHAR_009 Verify Schedule 9 Pharmacy Request Are Working Successfully Or Not FAILED because (of) Unable to get attribute 'value' of object 'Object Repository/PharmacyRequest/Page_Store/input_txttotal' (Root cause: org.openqa.selenium.UnhandledAlertException: unexpected alert open: {Alert text : function Error() { [native code] }}
  (Session info: chrome=66.0.3359.139)
  (Driver info: chromedriver=2.35.528161 (5b82f2d2aae0ca24b877009200ced9065a772e73),platform=Windows NT 10.0.17134 x86_64) (WARNING: The server did not provide any stacktrace information)
Command duration or timeout: 0 milliseconds: null
Build info: version: '3.7.1', revision: '8a0099a', time: '2017-11-06T21:07:36.161Z'
System info: host: 'DESKTOP-BLFTK83', ip: '192.168.71.2', os.name: 'Windows 10', os.arch: 'amd64', os.version: '10.0', java.version: '1.8.0_102'
Driver info: com.kms.katalon.selenium.driver.CChromeDriver
Capabilities {acceptInsecureCerts: false, acceptSslCerts: false, applicationCacheEnabled: false, browserConnectionEnabled: false, browserName: chrome, chrome: {chromedriverVersion: 2.35.528161 (5b82f2d2aae0ca..., userDataDir: C:\Users\QUALIT~1\AppData\L...}, cssSelectorsEnabled: true, databaseEnabled: false, handlesAlerts: true, hasTouchScreen: false, javascriptEnabled: true, locationContextEnabled: true, mobileEmulationEnabled: false, nativeEvents: true, networkConnectionEnabled: false, pageLoadStrategy: normal, platform: XP, platformName: XP, rotatable: false, setWindowRect: true, takesHeapSnapshot: true, takesScreenshot: true, unexpectedAlertBehaviour: , unhandledPromptBehavior: , version: 66.0.3359.139, webStorageEnabled: true}
Session ID: e620e1b9eb328fa27ff58e4d78d636ba
*** Element info: {Using=xpath, value=id("txttotal")[count(. | //input[@type = 'text' and @id = 'txttotal' and @name = 'txttotal' and @placeholder = 'Req.Qty' and @readonly = 'readonly']) = count(//input[@type = 'text' and @id = 'txttotal' and @name = 'txttotal' and @placeholder = 'Req.Qty' and @readonly = 'readonly'])]})]]></system-err>
      </testcase>
      <testcase name="Test Cases/PHARMACY TEST CASES/TC_PHAR_010 Verify Schedule 10 Pharmacy Request Are Working Successfully Or Not" classname="Test Cases/PHARMACY TEST CASES/TC_PHAR_010 Verify Schedule 10 Pharmacy Request Are Working Successfully Or Not" status="PASSED">
         <system-out><![CDATA[2018-05-17 13:44:48 - [TEST_CASE][PASSED] - Test Cases/PHARMACY TEST CASES/TC_PHAR_010 Verify Schedule 10 Pharmacy Request Are Working Successfully Or Not: Test Cases/PHARMACY TEST CASES/TC_PHAR_010 Verify Schedule 10 Pharmacy Request Are Working Successfully Or Not

2018-05-17 13:44:48 - [TEST_STEP][PASSED] - openBrowser: Browser is opened with url: ''

2018-05-17 13:44:48 - [MESSAGE][WARNING] - A browser is already opened. Closing browser and opening a new one

2018-05-17 13:44:51 - [MESSAGE][PASSED] - Browser is opened with url: ''

2018-05-17 13:44:51 - [TEST_STEP][PASSED] - Statement - out.println("Verify Schedule 10 Pharmacy Request Are Working Successfully Or Not"): null

2018-05-17 13:44:51 - [TEST_STEP][PASSED] - navigateToUrl: Navigate to 'http://192.168.137.1/multihospital_new/' successfully

2018-05-17 13:44:55 - [MESSAGE][PASSED] - Navigate to 'http://192.168.137.1/multihospital_new/' successfully

2018-05-17 13:44:55 - [TEST_STEP][PASSED] - maximizeWindow: Current window maximized

2018-05-17 13:44:56 - [MESSAGE][PASSED] - Current window maximized

2018-05-17 13:44:56 - [TEST_STEP][PASSED] - click: Object: 'Object Repository/PharmacyRequest/Page_KDMC/a_Pharmacy' is clicked on

2018-05-17 13:44:57 - [MESSAGE][PASSED] - Object: 'Object Repository/PharmacyRequest/Page_KDMC/a_Pharmacy' is clicked on

2018-05-17 13:44:57 - [TEST_STEP][PASSED] - setText: Text 'raja' is set on object 'Object Repository/PharmacyRequest/Page_Pharmacy login/input_txtusername'

2018-05-17 13:44:57 - [MESSAGE][PASSED] - Text 'raja' is set on object 'Object Repository/PharmacyRequest/Page_Pharmacy login/input_txtusername'

2018-05-17 13:44:57 - [TEST_STEP][PASSED] - setText: Text '123' is set on object 'Object Repository/PharmacyRequest/Page_Pharmacy login/input_txtpassword'

2018-05-17 13:44:57 - [MESSAGE][PASSED] - Text '123' is set on object 'Object Repository/PharmacyRequest/Page_Pharmacy login/input_txtpassword'

2018-05-17 13:44:57 - [TEST_STEP][PASSED] - delay: Delayed 3 second(s)

2018-05-17 13:45:00 - [MESSAGE][PASSED] - Delayed 3 second(s)

2018-05-17 13:45:00 - [TEST_STEP][PASSED] - click: Object: 'Object Repository/PharmacyRequest/Page_Pharmacy login/button_Sign in' is clicked on

2018-05-17 13:45:01 - [MESSAGE][PASSED] - Object: 'Object Repository/PharmacyRequest/Page_Pharmacy login/button_Sign in' is clicked on

2018-05-17 13:45:01 - [TEST_STEP][PASSED] - delay: Delayed 3 second(s)

2018-05-17 13:45:04 - [MESSAGE][PASSED] - Delayed 3 second(s)

2018-05-17 13:45:04 - [TEST_STEP][PASSED] - click: Object: 'Object Repository/PharmacyRequest/Page_KDMC - Pharmacy/a_Inventory' is clicked on

2018-05-17 13:45:05 - [MESSAGE][PASSED] - Object: 'Object Repository/PharmacyRequest/Page_KDMC - Pharmacy/a_Inventory' is clicked on

2018-05-17 13:45:05 - [TEST_STEP][PASSED] - delay: Delayed 3 second(s)

2018-05-17 13:45:08 - [MESSAGE][PASSED] - Delayed 3 second(s)

2018-05-17 13:45:08 - [TEST_STEP][PASSED] - click: Object: 'Object Repository/PharmacyRequest/Page_KDMC-Pharmacy/a_Store Request' is clicked on

2018-05-17 13:45:08 - [MESSAGE][PASSED] - Object: 'Object Repository/PharmacyRequest/Page_KDMC-Pharmacy/a_Store Request' is clicked on

2018-05-17 13:45:08 - [TEST_STEP][PASSED] - click: Object: 'Object Repository/PharmacyRequest/Page_KDMC-Pharmacy/a_Medicine Request' is clicked on

2018-05-17 13:45:09 - [MESSAGE][PASSED] - Object: 'Object Repository/PharmacyRequest/Page_KDMC-Pharmacy/a_Medicine Request' is clicked on

2018-05-17 13:45:09 - [TEST_STEP][PASSED] - selectOptionByIndex: All options with index in [10] are selected on object 'Object Repository/PharmacyRequest/Page_KDMC-Pharmacy/select_--Select--Schedule 1Inj'

2018-05-17 13:45:09 - [MESSAGE][PASSED] - All options with index in [10] are selected on object 'Object Repository/PharmacyRequest/Page_KDMC-Pharmacy/select_--Select--Schedule 1Inj'

2018-05-17 13:45:09 - [TEST_STEP][PASSED] - Statement - MedicineLength = com.kms.katalon.core.webui.keyword.WebUiBuiltInKeywords.getNumberOfTotalOption(com.kms.katalon.core.testobject.ObjectRepository.findTestObject(PharmacyRequest/Page_KDMC-Pharmacy/select_--Select--Albendazole)): 19 options of object 'Object Repository/PharmacyRequest/Page_KDMC-Pharmacy/select_--Select--Albendazole' counted

2018-05-17 13:45:09 - [MESSAGE][PASSED] - 19 options of object 'Object Repository/PharmacyRequest/Page_KDMC-Pharmacy/select_--Select--Albendazole' counted

2018-05-17 13:45:09 - [TEST_STEP][PASSED] - Statement - For ([l = 1, l <= MedicineLength - 1, (l++)]): Object: 'Object Repository/PharmacyRequest/Page_KDMC-Pharmacy/button_Add' is clicked on

2018-05-17 13:45:09 - [TEST_STEP][PASSED] - selectOptionByIndex: All options with index in [10] are selected on object 'Object Repository/PharmacyRequest/Page_KDMC-Pharmacy/select_--Select--Schedule 1Inj'

2018-05-17 13:45:10 - [MESSAGE][PASSED] - All options with index in [10] are selected on object 'Object Repository/PharmacyRequest/Page_KDMC-Pharmacy/select_--Select--Schedule 1Inj'

2018-05-17 13:45:10 - [TEST_STEP][PASSED] - selectOptionByIndex: All options with index in [1] are selected on object 'Object Repository/PharmacyRequest/Page_KDMC-Pharmacy/select_--Select--Albendazole'

2018-05-17 13:45:10 - [MESSAGE][PASSED] - All options with index in [1] are selected on object 'Object Repository/PharmacyRequest/Page_KDMC-Pharmacy/select_--Select--Albendazole'

2018-05-17 13:45:10 - [TEST_STEP][PASSED] - setText: Text '10' is set on object 'Object Repository/PharmacyRequest/Page_KDMC-Pharmacy/input_txttreat'

2018-05-17 13:45:10 - [MESSAGE][PASSED] - Text '10' is set on object 'Object Repository/PharmacyRequest/Page_KDMC-Pharmacy/input_txttreat'

2018-05-17 13:45:10 - [TEST_STEP][PASSED] - click: Object: 'Object Repository/PharmacyRequest/Page_KDMC-Pharmacy/button_Add' is clicked on

2018-05-17 13:45:10 - [MESSAGE][PASSED] - Object: 'Object Repository/PharmacyRequest/Page_KDMC-Pharmacy/button_Add' is clicked on

2018-05-17 13:45:10 - [TEST_STEP][PASSED] - selectOptionByIndex: All options with index in [10] are selected on object 'Object Repository/PharmacyRequest/Page_KDMC-Pharmacy/select_--Select--Schedule 1Inj'

2018-05-17 13:45:10 - [MESSAGE][PASSED] - All options with index in [10] are selected on object 'Object Repository/PharmacyRequest/Page_KDMC-Pharmacy/select_--Select--Schedule 1Inj'

2018-05-17 13:45:10 - [TEST_STEP][PASSED] - selectOptionByIndex: All options with index in [2] are selected on object 'Object Repository/PharmacyRequest/Page_KDMC-Pharmacy/select_--Select--Albendazole'

2018-05-17 13:45:10 - [MESSAGE][PASSED] - All options with index in [2] are selected on object 'Object Repository/PharmacyRequest/Page_KDMC-Pharmacy/select_--Select--Albendazole'

2018-05-17 13:45:10 - [TEST_STEP][PASSED] - setText: Text '10' is set on object 'Object Repository/PharmacyRequest/Page_KDMC-Pharmacy/input_txttreat'

2018-05-17 13:45:10 - [MESSAGE][PASSED] - Text '10' is set on object 'Object Repository/PharmacyRequest/Page_KDMC-Pharmacy/input_txttreat'

2018-05-17 13:45:10 - [TEST_STEP][PASSED] - click: Object: 'Object Repository/PharmacyRequest/Page_KDMC-Pharmacy/button_Add' is clicked on

2018-05-17 13:45:10 - [MESSAGE][PASSED] - Object: 'Object Repository/PharmacyRequest/Page_KDMC-Pharmacy/button_Add' is clicked on

2018-05-17 13:45:10 - [TEST_STEP][PASSED] - selectOptionByIndex: All options with index in [10] are selected on object 'Object Repository/PharmacyRequest/Page_KDMC-Pharmacy/select_--Select--Schedule 1Inj'

2018-05-17 13:45:10 - [MESSAGE][PASSED] - All options with index in [10] are selected on object 'Object Repository/PharmacyRequest/Page_KDMC-Pharmacy/select_--Select--Schedule 1Inj'

2018-05-17 13:45:10 - [TEST_STEP][PASSED] - selectOptionByIndex: All options with index in [3] are selected on object 'Object Repository/PharmacyRequest/Page_KDMC-Pharmacy/select_--Select--Albendazole'

2018-05-17 13:45:11 - [MESSAGE][PASSED] - All options with index in [3] are selected on object 'Object Repository/PharmacyRequest/Page_KDMC-Pharmacy/select_--Select--Albendazole'

2018-05-17 13:45:11 - [TEST_STEP][PASSED] - setText: Text '10' is set on object 'Object Repository/PharmacyRequest/Page_KDMC-Pharmacy/input_txttreat'

2018-05-17 13:45:11 - [MESSAGE][PASSED] - Text '10' is set on object 'Object Repository/PharmacyRequest/Page_KDMC-Pharmacy/input_txttreat'

2018-05-17 13:45:11 - [TEST_STEP][PASSED] - click: Object: 'Object Repository/PharmacyRequest/Page_KDMC-Pharmacy/button_Add' is clicked on

2018-05-17 13:45:11 - [MESSAGE][PASSED] - Object: 'Object Repository/PharmacyRequest/Page_KDMC-Pharmacy/button_Add' is clicked on

2018-05-17 13:45:11 - [TEST_STEP][PASSED] - selectOptionByIndex: All options with index in [10] are selected on object 'Object Repository/PharmacyRequest/Page_KDMC-Pharmacy/select_--Select--Schedule 1Inj'

2018-05-17 13:45:11 - [MESSAGE][PASSED] - All options with index in [10] are selected on object 'Object Repository/PharmacyRequest/Page_KDMC-Pharmacy/select_--Select--Schedule 1Inj'

2018-05-17 13:45:11 - [TEST_STEP][PASSED] - selectOptionByIndex: All options with index in [4] are selected on object 'Object Repository/PharmacyRequest/Page_KDMC-Pharmacy/select_--Select--Albendazole'

2018-05-17 13:45:11 - [MESSAGE][PASSED] - All options with index in [4] are selected on object 'Object Repository/PharmacyRequest/Page_KDMC-Pharmacy/select_--Select--Albendazole'

2018-05-17 13:45:11 - [TEST_STEP][PASSED] - setText: Text '10' is set on object 'Object Repository/PharmacyRequest/Page_KDMC-Pharmacy/input_txttreat'

2018-05-17 13:45:11 - [MESSAGE][PASSED] - Text '10' is set on object 'Object Repository/PharmacyRequest/Page_KDMC-Pharmacy/input_txttreat'

2018-05-17 13:45:11 - [TEST_STEP][PASSED] - click: Object: 'Object Repository/PharmacyRequest/Page_KDMC-Pharmacy/button_Add' is clicked on

2018-05-17 13:45:11 - [MESSAGE][PASSED] - Object: 'Object Repository/PharmacyRequest/Page_KDMC-Pharmacy/button_Add' is clicked on

2018-05-17 13:45:11 - [TEST_STEP][PASSED] - selectOptionByIndex: All options with index in [10] are selected on object 'Object Repository/PharmacyRequest/Page_KDMC-Pharmacy/select_--Select--Schedule 1Inj'

2018-05-17 13:45:11 - [MESSAGE][PASSED] - All options with index in [10] are selected on object 'Object Repository/PharmacyRequest/Page_KDMC-Pharmacy/select_--Select--Schedule 1Inj'

2018-05-17 13:45:11 - [TEST_STEP][PASSED] - selectOptionByIndex: All options with index in [5] are selected on object 'Object Repository/PharmacyRequest/Page_KDMC-Pharmacy/select_--Select--Albendazole'

2018-05-17 13:45:11 - [MESSAGE][PASSED] - All options with index in [5] are selected on object 'Object Repository/PharmacyRequest/Page_KDMC-Pharmacy/select_--Select--Albendazole'

2018-05-17 13:45:11 - [TEST_STEP][PASSED] - setText: Text '10' is set on object 'Object Repository/PharmacyRequest/Page_KDMC-Pharmacy/input_txttreat'

2018-05-17 13:45:12 - [MESSAGE][PASSED] - Text '10' is set on object 'Object Repository/PharmacyRequest/Page_KDMC-Pharmacy/input_txttreat'

2018-05-17 13:45:12 - [TEST_STEP][PASSED] - click: Object: 'Object Repository/PharmacyRequest/Page_KDMC-Pharmacy/button_Add' is clicked on

2018-05-17 13:45:12 - [MESSAGE][PASSED] - Object: 'Object Repository/PharmacyRequest/Page_KDMC-Pharmacy/button_Add' is clicked on

2018-05-17 13:45:12 - [TEST_STEP][PASSED] - selectOptionByIndex: All options with index in [10] are selected on object 'Object Repository/PharmacyRequest/Page_KDMC-Pharmacy/select_--Select--Schedule 1Inj'

2018-05-17 13:45:12 - [MESSAGE][PASSED] - All options with index in [10] are selected on object 'Object Repository/PharmacyRequest/Page_KDMC-Pharmacy/select_--Select--Schedule 1Inj'

2018-05-17 13:45:12 - [TEST_STEP][PASSED] - selectOptionByIndex: All options with index in [6] are selected on object 'Object Repository/PharmacyRequest/Page_KDMC-Pharmacy/select_--Select--Albendazole'

2018-05-17 13:45:12 - [MESSAGE][PASSED] - All options with index in [6] are selected on object 'Object Repository/PharmacyRequest/Page_KDMC-Pharmacy/select_--Select--Albendazole'

2018-05-17 13:45:12 - [TEST_STEP][PASSED] - setText: Text '10' is set on object 'Object Repository/PharmacyRequest/Page_KDMC-Pharmacy/input_txttreat'

2018-05-17 13:45:12 - [MESSAGE][PASSED] - Text '10' is set on object 'Object Repository/PharmacyRequest/Page_KDMC-Pharmacy/input_txttreat'

2018-05-17 13:45:12 - [TEST_STEP][PASSED] - click: Object: 'Object Repository/PharmacyRequest/Page_KDMC-Pharmacy/button_Add' is clicked on

2018-05-17 13:45:12 - [MESSAGE][PASSED] - Object: 'Object Repository/PharmacyRequest/Page_KDMC-Pharmacy/button_Add' is clicked on

2018-05-17 13:45:12 - [TEST_STEP][PASSED] - selectOptionByIndex: All options with index in [10] are selected on object 'Object Repository/PharmacyRequest/Page_KDMC-Pharmacy/select_--Select--Schedule 1Inj'

2018-05-17 13:45:12 - [MESSAGE][PASSED] - All options with index in [10] are selected on object 'Object Repository/PharmacyRequest/Page_KDMC-Pharmacy/select_--Select--Schedule 1Inj'

2018-05-17 13:45:12 - [TEST_STEP][PASSED] - selectOptionByIndex: All options with index in [7] are selected on object 'Object Repository/PharmacyRequest/Page_KDMC-Pharmacy/select_--Select--Albendazole'

2018-05-17 13:45:12 - [MESSAGE][PASSED] - All options with index in [7] are selected on object 'Object Repository/PharmacyRequest/Page_KDMC-Pharmacy/select_--Select--Albendazole'

2018-05-17 13:45:12 - [TEST_STEP][PASSED] - setText: Text '10' is set on object 'Object Repository/PharmacyRequest/Page_KDMC-Pharmacy/input_txttreat'

2018-05-17 13:45:12 - [MESSAGE][PASSED] - Text '10' is set on object 'Object Repository/PharmacyRequest/Page_KDMC-Pharmacy/input_txttreat'

2018-05-17 13:45:12 - [TEST_STEP][PASSED] - click: Object: 'Object Repository/PharmacyRequest/Page_KDMC-Pharmacy/button_Add' is clicked on

2018-05-17 13:45:12 - [MESSAGE][PASSED] - Object: 'Object Repository/PharmacyRequest/Page_KDMC-Pharmacy/button_Add' is clicked on

2018-05-17 13:45:12 - [TEST_STEP][PASSED] - selectOptionByIndex: All options with index in [10] are selected on object 'Object Repository/PharmacyRequest/Page_KDMC-Pharmacy/select_--Select--Schedule 1Inj'

2018-05-17 13:45:13 - [MESSAGE][PASSED] - All options with index in [10] are selected on object 'Object Repository/PharmacyRequest/Page_KDMC-Pharmacy/select_--Select--Schedule 1Inj'

2018-05-17 13:45:13 - [TEST_STEP][PASSED] - selectOptionByIndex: All options with index in [8] are selected on object 'Object Repository/PharmacyRequest/Page_KDMC-Pharmacy/select_--Select--Albendazole'

2018-05-17 13:45:13 - [MESSAGE][PASSED] - All options with index in [8] are selected on object 'Object Repository/PharmacyRequest/Page_KDMC-Pharmacy/select_--Select--Albendazole'

2018-05-17 13:45:13 - [TEST_STEP][PASSED] - setText: Text '10' is set on object 'Object Repository/PharmacyRequest/Page_KDMC-Pharmacy/input_txttreat'

2018-05-17 13:45:13 - [MESSAGE][PASSED] - Text '10' is set on object 'Object Repository/PharmacyRequest/Page_KDMC-Pharmacy/input_txttreat'

2018-05-17 13:45:13 - [TEST_STEP][PASSED] - click: Object: 'Object Repository/PharmacyRequest/Page_KDMC-Pharmacy/button_Add' is clicked on

2018-05-17 13:45:13 - [MESSAGE][PASSED] - Object: 'Object Repository/PharmacyRequest/Page_KDMC-Pharmacy/button_Add' is clicked on

2018-05-17 13:45:13 - [TEST_STEP][PASSED] - selectOptionByIndex: All options with index in [10] are selected on object 'Object Repository/PharmacyRequest/Page_KDMC-Pharmacy/select_--Select--Schedule 1Inj'

2018-05-17 13:45:13 - [MESSAGE][PASSED] - All options with index in [10] are selected on object 'Object Repository/PharmacyRequest/Page_KDMC-Pharmacy/select_--Select--Schedule 1Inj'

2018-05-17 13:45:13 - [TEST_STEP][PASSED] - selectOptionByIndex: All options with index in [9] are selected on object 'Object Repository/PharmacyRequest/Page_KDMC-Pharmacy/select_--Select--Albendazole'

2018-05-17 13:45:13 - [MESSAGE][PASSED] - All options with index in [9] are selected on object 'Object Repository/PharmacyRequest/Page_KDMC-Pharmacy/select_--Select--Albendazole'

2018-05-17 13:45:13 - [TEST_STEP][PASSED] - setText: Text '10' is set on object 'Object Repository/PharmacyRequest/Page_KDMC-Pharmacy/input_txttreat'

2018-05-17 13:45:13 - [MESSAGE][PASSED] - Text '10' is set on object 'Object Repository/PharmacyRequest/Page_KDMC-Pharmacy/input_txttreat'

2018-05-17 13:45:13 - [TEST_STEP][PASSED] - click: Object: 'Object Repository/PharmacyRequest/Page_KDMC-Pharmacy/button_Add' is clicked on

2018-05-17 13:45:13 - [MESSAGE][PASSED] - Object: 'Object Repository/PharmacyRequest/Page_KDMC-Pharmacy/button_Add' is clicked on

2018-05-17 13:45:13 - [TEST_STEP][PASSED] - selectOptionByIndex: All options with index in [10] are selected on object 'Object Repository/PharmacyRequest/Page_KDMC-Pharmacy/select_--Select--Schedule 1Inj'

2018-05-17 13:45:14 - [MESSAGE][PASSED] - All options with index in [10] are selected on object 'Object Repository/PharmacyRequest/Page_KDMC-Pharmacy/select_--Select--Schedule 1Inj'

2018-05-17 13:45:14 - [TEST_STEP][PASSED] - selectOptionByIndex: All options with index in [10] are selected on object 'Object Repository/PharmacyRequest/Page_KDMC-Pharmacy/select_--Select--Albendazole'

2018-05-17 13:45:14 - [MESSAGE][PASSED] - All options with index in [10] are selected on object 'Object Repository/PharmacyRequest/Page_KDMC-Pharmacy/select_--Select--Albendazole'

2018-05-17 13:45:14 - [TEST_STEP][PASSED] - setText: Text '10' is set on object 'Object Repository/PharmacyRequest/Page_KDMC-Pharmacy/input_txttreat'

2018-05-17 13:45:14 - [MESSAGE][PASSED] - Text '10' is set on object 'Object Repository/PharmacyRequest/Page_KDMC-Pharmacy/input_txttreat'

2018-05-17 13:45:14 - [TEST_STEP][PASSED] - click: Object: 'Object Repository/PharmacyRequest/Page_KDMC-Pharmacy/button_Add' is clicked on

2018-05-17 13:45:14 - [MESSAGE][PASSED] - Object: 'Object Repository/PharmacyRequest/Page_KDMC-Pharmacy/button_Add' is clicked on

2018-05-17 13:45:14 - [TEST_STEP][PASSED] - selectOptionByIndex: All options with index in [10] are selected on object 'Object Repository/PharmacyRequest/Page_KDMC-Pharmacy/select_--Select--Schedule 1Inj'

2018-05-17 13:45:14 - [MESSAGE][PASSED] - All options with index in [10] are selected on object 'Object Repository/PharmacyRequest/Page_KDMC-Pharmacy/select_--Select--Schedule 1Inj'

2018-05-17 13:45:14 - [TEST_STEP][PASSED] - selectOptionByIndex: All options with index in [11] are selected on object 'Object Repository/PharmacyRequest/Page_KDMC-Pharmacy/select_--Select--Albendazole'

2018-05-17 13:45:14 - [MESSAGE][PASSED] - All options with index in [11] are selected on object 'Object Repository/PharmacyRequest/Page_KDMC-Pharmacy/select_--Select--Albendazole'

2018-05-17 13:45:14 - [TEST_STEP][PASSED] - setText: Text '10' is set on object 'Object Repository/PharmacyRequest/Page_KDMC-Pharmacy/input_txttreat'

2018-05-17 13:45:14 - [MESSAGE][PASSED] - Text '10' is set on object 'Object Repository/PharmacyRequest/Page_KDMC-Pharmacy/input_txttreat'

2018-05-17 13:45:14 - [TEST_STEP][PASSED] - click: Object: 'Object Repository/PharmacyRequest/Page_KDMC-Pharmacy/button_Add' is clicked on

2018-05-17 13:45:14 - [MESSAGE][PASSED] - Object: 'Object Repository/PharmacyRequest/Page_KDMC-Pharmacy/button_Add' is clicked on

2018-05-17 13:45:14 - [TEST_STEP][PASSED] - selectOptionByIndex: All options with index in [10] are selected on object 'Object Repository/PharmacyRequest/Page_KDMC-Pharmacy/select_--Select--Schedule 1Inj'

2018-05-17 13:45:15 - [MESSAGE][PASSED] - All options with index in [10] are selected on object 'Object Repository/PharmacyRequest/Page_KDMC-Pharmacy/select_--Select--Schedule 1Inj'

2018-05-17 13:45:15 - [TEST_STEP][PASSED] - selectOptionByIndex: All options with index in [12] are selected on object 'Object Repository/PharmacyRequest/Page_KDMC-Pharmacy/select_--Select--Albendazole'

2018-05-17 13:45:15 - [MESSAGE][PASSED] - All options with index in [12] are selected on object 'Object Repository/PharmacyRequest/Page_KDMC-Pharmacy/select_--Select--Albendazole'

2018-05-17 13:45:15 - [TEST_STEP][PASSED] - setText: Text '10' is set on object 'Object Repository/PharmacyRequest/Page_KDMC-Pharmacy/input_txttreat'

2018-05-17 13:45:15 - [MESSAGE][PASSED] - Text '10' is set on object 'Object Repository/PharmacyRequest/Page_KDMC-Pharmacy/input_txttreat'

2018-05-17 13:45:15 - [TEST_STEP][PASSED] - click: Object: 'Object Repository/PharmacyRequest/Page_KDMC-Pharmacy/button_Add' is clicked on

2018-05-17 13:45:15 - [MESSAGE][PASSED] - Object: 'Object Repository/PharmacyRequest/Page_KDMC-Pharmacy/button_Add' is clicked on

2018-05-17 13:45:15 - [TEST_STEP][PASSED] - selectOptionByIndex: All options with index in [10] are selected on object 'Object Repository/PharmacyRequest/Page_KDMC-Pharmacy/select_--Select--Schedule 1Inj'

2018-05-17 13:45:15 - [MESSAGE][PASSED] - All options with index in [10] are selected on object 'Object Repository/PharmacyRequest/Page_KDMC-Pharmacy/select_--Select--Schedule 1Inj'

2018-05-17 13:45:15 - [TEST_STEP][PASSED] - selectOptionByIndex: All options with index in [13] are selected on object 'Object Repository/PharmacyRequest/Page_KDMC-Pharmacy/select_--Select--Albendazole'

2018-05-17 13:45:15 - [MESSAGE][PASSED] - All options with index in [13] are selected on object 'Object Repository/PharmacyRequest/Page_KDMC-Pharmacy/select_--Select--Albendazole'

2018-05-17 13:45:15 - [TEST_STEP][PASSED] - setText: Text '10' is set on object 'Object Repository/PharmacyRequest/Page_KDMC-Pharmacy/input_txttreat'

2018-05-17 13:45:15 - [MESSAGE][PASSED] - Text '10' is set on object 'Object Repository/PharmacyRequest/Page_KDMC-Pharmacy/input_txttreat'

2018-05-17 13:45:15 - [TEST_STEP][PASSED] - click: Object: 'Object Repository/PharmacyRequest/Page_KDMC-Pharmacy/button_Add' is clicked on

2018-05-17 13:45:15 - [MESSAGE][PASSED] - Object: 'Object Repository/PharmacyRequest/Page_KDMC-Pharmacy/button_Add' is clicked on

2018-05-17 13:45:15 - [TEST_STEP][PASSED] - selectOptionByIndex: All options with index in [10] are selected on object 'Object Repository/PharmacyRequest/Page_KDMC-Pharmacy/select_--Select--Schedule 1Inj'

2018-05-17 13:45:16 - [MESSAGE][PASSED] - All options with index in [10] are selected on object 'Object Repository/PharmacyRequest/Page_KDMC-Pharmacy/select_--Select--Schedule 1Inj'

2018-05-17 13:45:16 - [TEST_STEP][PASSED] - selectOptionByIndex: All options with index in [14] are selected on object 'Object Repository/PharmacyRequest/Page_KDMC-Pharmacy/select_--Select--Albendazole'

2018-05-17 13:45:16 - [MESSAGE][PASSED] - All options with index in [14] are selected on object 'Object Repository/PharmacyRequest/Page_KDMC-Pharmacy/select_--Select--Albendazole'

2018-05-17 13:45:16 - [TEST_STEP][PASSED] - setText: Text '10' is set on object 'Object Repository/PharmacyRequest/Page_KDMC-Pharmacy/input_txttreat'

2018-05-17 13:45:16 - [MESSAGE][PASSED] - Text '10' is set on object 'Object Repository/PharmacyRequest/Page_KDMC-Pharmacy/input_txttreat'

2018-05-17 13:45:16 - [TEST_STEP][PASSED] - click: Object: 'Object Repository/PharmacyRequest/Page_KDMC-Pharmacy/button_Add' is clicked on

2018-05-17 13:45:16 - [MESSAGE][PASSED] - Object: 'Object Repository/PharmacyRequest/Page_KDMC-Pharmacy/button_Add' is clicked on

2018-05-17 13:45:16 - [TEST_STEP][PASSED] - selectOptionByIndex: All options with index in [10] are selected on object 'Object Repository/PharmacyRequest/Page_KDMC-Pharmacy/select_--Select--Schedule 1Inj'

2018-05-17 13:45:16 - [MESSAGE][PASSED] - All options with index in [10] are selected on object 'Object Repository/PharmacyRequest/Page_KDMC-Pharmacy/select_--Select--Schedule 1Inj'

2018-05-17 13:45:16 - [TEST_STEP][PASSED] - selectOptionByIndex: All options with index in [15] are selected on object 'Object Repository/PharmacyRequest/Page_KDMC-Pharmacy/select_--Select--Albendazole'

2018-05-17 13:45:16 - [MESSAGE][PASSED] - All options with index in [15] are selected on object 'Object Repository/PharmacyRequest/Page_KDMC-Pharmacy/select_--Select--Albendazole'

2018-05-17 13:45:16 - [TEST_STEP][PASSED] - setText: Text '10' is set on object 'Object Repository/PharmacyRequest/Page_KDMC-Pharmacy/input_txttreat'

2018-05-17 13:45:16 - [MESSAGE][PASSED] - Text '10' is set on object 'Object Repository/PharmacyRequest/Page_KDMC-Pharmacy/input_txttreat'

2018-05-17 13:45:16 - [TEST_STEP][PASSED] - click: Object: 'Object Repository/PharmacyRequest/Page_KDMC-Pharmacy/button_Add' is clicked on

2018-05-17 13:45:16 - [MESSAGE][PASSED] - Object: 'Object Repository/PharmacyRequest/Page_KDMC-Pharmacy/button_Add' is clicked on

2018-05-17 13:45:16 - [TEST_STEP][PASSED] - selectOptionByIndex: All options with index in [10] are selected on object 'Object Repository/PharmacyRequest/Page_KDMC-Pharmacy/select_--Select--Schedule 1Inj'

2018-05-17 13:45:17 - [MESSAGE][PASSED] - All options with index in [10] are selected on object 'Object Repository/PharmacyRequest/Page_KDMC-Pharmacy/select_--Select--Schedule 1Inj'

2018-05-17 13:45:17 - [TEST_STEP][PASSED] - selectOptionByIndex: All options with index in [16] are selected on object 'Object Repository/PharmacyRequest/Page_KDMC-Pharmacy/select_--Select--Albendazole'

2018-05-17 13:45:17 - [MESSAGE][PASSED] - All options with index in [16] are selected on object 'Object Repository/PharmacyRequest/Page_KDMC-Pharmacy/select_--Select--Albendazole'

2018-05-17 13:45:17 - [TEST_STEP][PASSED] - setText: Text '10' is set on object 'Object Repository/PharmacyRequest/Page_KDMC-Pharmacy/input_txttreat'

2018-05-17 13:45:17 - [MESSAGE][PASSED] - Text '10' is set on object 'Object Repository/PharmacyRequest/Page_KDMC-Pharmacy/input_txttreat'

2018-05-17 13:45:17 - [TEST_STEP][PASSED] - click: Object: 'Object Repository/PharmacyRequest/Page_KDMC-Pharmacy/button_Add' is clicked on

2018-05-17 13:45:17 - [MESSAGE][PASSED] - Object: 'Object Repository/PharmacyRequest/Page_KDMC-Pharmacy/button_Add' is clicked on

2018-05-17 13:45:17 - [TEST_STEP][PASSED] - selectOptionByIndex: All options with index in [10] are selected on object 'Object Repository/PharmacyRequest/Page_KDMC-Pharmacy/select_--Select--Schedule 1Inj'

2018-05-17 13:45:17 - [MESSAGE][PASSED] - All options with index in [10] are selected on object 'Object Repository/PharmacyRequest/Page_KDMC-Pharmacy/select_--Select--Schedule 1Inj'

2018-05-17 13:45:17 - [TEST_STEP][PASSED] - selectOptionByIndex: All options with index in [17] are selected on object 'Object Repository/PharmacyRequest/Page_KDMC-Pharmacy/select_--Select--Albendazole'

2018-05-17 13:45:17 - [MESSAGE][PASSED] - All options with index in [17] are selected on object 'Object Repository/PharmacyRequest/Page_KDMC-Pharmacy/select_--Select--Albendazole'

2018-05-17 13:45:17 - [TEST_STEP][PASSED] - setText: Text '10' is set on object 'Object Repository/PharmacyRequest/Page_KDMC-Pharmacy/input_txttreat'

2018-05-17 13:45:17 - [MESSAGE][PASSED] - Text '10' is set on object 'Object Repository/PharmacyRequest/Page_KDMC-Pharmacy/input_txttreat'

2018-05-17 13:45:17 - [TEST_STEP][PASSED] - click: Object: 'Object Repository/PharmacyRequest/Page_KDMC-Pharmacy/button_Add' is clicked on

2018-05-17 13:45:17 - [MESSAGE][PASSED] - Object: 'Object Repository/PharmacyRequest/Page_KDMC-Pharmacy/button_Add' is clicked on

2018-05-17 13:45:17 - [TEST_STEP][PASSED] - selectOptionByIndex: All options with index in [10] are selected on object 'Object Repository/PharmacyRequest/Page_KDMC-Pharmacy/select_--Select--Schedule 1Inj'

2018-05-17 13:45:18 - [MESSAGE][PASSED] - All options with index in [10] are selected on object 'Object Repository/PharmacyRequest/Page_KDMC-Pharmacy/select_--Select--Schedule 1Inj'

2018-05-17 13:45:18 - [TEST_STEP][PASSED] - selectOptionByIndex: All options with index in [18] are selected on object 'Object Repository/PharmacyRequest/Page_KDMC-Pharmacy/select_--Select--Albendazole'

2018-05-17 13:45:18 - [MESSAGE][PASSED] - All options with index in [18] are selected on object 'Object Repository/PharmacyRequest/Page_KDMC-Pharmacy/select_--Select--Albendazole'

2018-05-17 13:45:18 - [TEST_STEP][PASSED] - setText: Text '10' is set on object 'Object Repository/PharmacyRequest/Page_KDMC-Pharmacy/input_txttreat'

2018-05-17 13:45:18 - [MESSAGE][PASSED] - Text '10' is set on object 'Object Repository/PharmacyRequest/Page_KDMC-Pharmacy/input_txttreat'

2018-05-17 13:45:18 - [TEST_STEP][PASSED] - click: Object: 'Object Repository/PharmacyRequest/Page_KDMC-Pharmacy/button_Add' is clicked on

2018-05-17 13:45:18 - [MESSAGE][PASSED] - Object: 'Object Repository/PharmacyRequest/Page_KDMC-Pharmacy/button_Add' is clicked on

2018-05-17 13:45:18 - [TEST_STEP][PASSED] - Statement - RN1 = com.kms.katalon.core.webui.keyword.WebUiBuiltInKeywords.getAttribute(com.kms.katalon.core.testobject.ObjectRepository.findTestObject(PharmacyRequest/Page_KDMC-Pharmacy/input_txtno), "value"): Attribute 'value' of object 'Object Repository/PharmacyRequest/Page_KDMC-Pharmacy/input_txtno' is: 'PRNO/17052018/150'

2018-05-17 13:45:18 - [MESSAGE][PASSED] - Attribute 'value' of object 'Object Repository/PharmacyRequest/Page_KDMC-Pharmacy/input_txtno' is: 'PRNO/17052018/150'

2018-05-17 13:45:18 - [TEST_STEP][PASSED] - Statement - out.println(RN1): null

2018-05-17 13:45:18 - [TEST_STEP][PASSED] - Statement - RID = RN1.split("/")[2]: null

2018-05-17 13:45:18 - [TEST_STEP][PASSED] - scrollToElement: Scroll to object 'Object Repository/PharmacyRequest/Page_KDMC-Pharmacy/input_btnsave' successfully

2018-05-17 13:45:18 - [MESSAGE][PASSED] - Scroll to object 'Object Repository/PharmacyRequest/Page_KDMC-Pharmacy/input_btnsave' successfully

2018-05-17 13:45:18 - [TEST_STEP][PASSED] - click: Object: 'Object Repository/PharmacyRequest/Page_KDMC-Pharmacy/input_btnsave' is clicked on

2018-05-17 13:45:18 - [MESSAGE][PASSED] - Object: 'Object Repository/PharmacyRequest/Page_KDMC-Pharmacy/input_btnsave' is clicked on

2018-05-17 13:45:18 - [TEST_STEP][PASSED] - delay: Delayed 3 second(s)

2018-05-17 13:45:21 - [MESSAGE][PASSED] - Delayed 3 second(s)

2018-05-17 13:45:21 - [TEST_STEP][PASSED] - click: Object: 'Object Repository/PharmacyRequest/Page_KDMC-Pharmacy/button_OK' is clicked on

2018-05-17 13:45:22 - [MESSAGE][PASSED] - Object: 'Object Repository/PharmacyRequest/Page_KDMC-Pharmacy/button_OK' is clicked on

2018-05-17 13:45:22 - [TEST_STEP][PASSED] - delay: Delayed 3 second(s)

2018-05-17 13:45:25 - [MESSAGE][PASSED] - Delayed 3 second(s)

2018-05-17 13:45:25 - [TEST_STEP][PASSED] - click: Object: 'Object Repository/PharmacyRequest/Page_KDMC-Pharmacy/a_Back to Pharmacy' is clicked on

2018-05-17 13:45:26 - [MESSAGE][PASSED] - Object: 'Object Repository/PharmacyRequest/Page_KDMC-Pharmacy/a_Back to Pharmacy' is clicked on

2018-05-17 13:45:26 - [TEST_STEP][PASSED] - delay: Delayed 3 second(s)

2018-05-17 13:45:29 - [MESSAGE][PASSED] - Delayed 3 second(s)

2018-05-17 13:45:29 - [TEST_STEP][PASSED] - click: Object: 'Object Repository/PharmacyRequest/Page_KDMC - Pharmacy/a_dropdown-toggle' is clicked on

2018-05-17 13:45:29 - [MESSAGE][PASSED] - Object: 'Object Repository/PharmacyRequest/Page_KDMC - Pharmacy/a_dropdown-toggle' is clicked on

2018-05-17 13:45:29 - [TEST_STEP][PASSED] - click: Object: 'Object Repository/PharmacyRequest/Page_KDMC - Pharmacy/a_Sign out' is clicked on

2018-05-17 13:45:29 - [MESSAGE][PASSED] - Object: 'Object Repository/PharmacyRequest/Page_KDMC - Pharmacy/a_Sign out' is clicked on

2018-05-17 13:45:29 - [TEST_STEP][PASSED] - delay: Delayed 3 second(s)

2018-05-17 13:45:32 - [MESSAGE][PASSED] - Delayed 3 second(s)

2018-05-17 13:45:32 - [TEST_STEP][PASSED] - click: Object: 'Object Repository/PharmacyRequest/Page_KDMC/a_CMO' is clicked on

2018-05-17 13:45:33 - [MESSAGE][PASSED] - Object: 'Object Repository/PharmacyRequest/Page_KDMC/a_CMO' is clicked on

2018-05-17 13:45:33 - [TEST_STEP][PASSED] - setText: Text 'guru' is set on object 'Object Repository/PharmacyRequest/Page_CMO login/input_txtusername'

2018-05-17 13:45:33 - [MESSAGE][PASSED] - Text 'guru' is set on object 'Object Repository/PharmacyRequest/Page_CMO login/input_txtusername'

2018-05-17 13:45:33 - [TEST_STEP][PASSED] - setText: Text '123' is set on object 'Object Repository/PharmacyRequest/Page_CMO login/input_txtpassword'

2018-05-17 13:45:33 - [MESSAGE][PASSED] - Text '123' is set on object 'Object Repository/PharmacyRequest/Page_CMO login/input_txtpassword'

2018-05-17 13:45:33 - [TEST_STEP][PASSED] - delay: Delayed 3 second(s)

2018-05-17 13:45:36 - [MESSAGE][PASSED] - Delayed 3 second(s)

2018-05-17 13:45:36 - [TEST_STEP][PASSED] - click: Object: 'Object Repository/PharmacyRequest/Page_CMO login/button_Sign in' is clicked on

2018-05-17 13:45:37 - [MESSAGE][PASSED] - Object: 'Object Repository/PharmacyRequest/Page_CMO login/button_Sign in' is clicked on

2018-05-17 13:45:37 - [TEST_STEP][PASSED] - click: Object: 'Object Repository/PharmacyRequest/Page_KDMC - CMO/a_Department Wise Request' is clicked on

2018-05-17 13:45:37 - [MESSAGE][PASSED] - Object: 'Object Repository/PharmacyRequest/Page_KDMC - CMO/a_Department Wise Request' is clicked on

2018-05-17 13:45:37 - [TEST_STEP][PASSED] - selectOptionByIndex: All options with index in [2] are selected on object 'Object Repository/PharmacyRequest/Page_KDMC - CMO/select_--ALL--'

2018-05-17 13:45:37 - [MESSAGE][PASSED] - All options with index in [2] are selected on object 'Object Repository/PharmacyRequest/Page_KDMC - CMO/select_--ALL--'

2018-05-17 13:45:37 - [TEST_STEP][PASSED] - selectOptionByIndex: All options with index in [1] are selected on object 'Object Repository/PharmacyRequest/Page_KDMC - CMO/select_--ALL--                _1'

2018-05-17 13:45:38 - [MESSAGE][PASSED] - All options with index in [1] are selected on object 'Object Repository/PharmacyRequest/Page_KDMC - CMO/select_--ALL--                _1'

2018-05-17 13:45:38 - [TEST_STEP][PASSED] - click: Object: 'Object Repository/PharmacyRequest/Page_KDMC - CMO/input_btnsearch' is clicked on

2018-05-17 13:45:38 - [MESSAGE][PASSED] - Object: 'Object Repository/PharmacyRequest/Page_KDMC - CMO/input_btnsearch' is clicked on

2018-05-17 13:45:38 - [TEST_STEP][PASSED] - Statement - ID = com.kms.katalon.core.webui.keyword.WebUiBuiltInKeywords.modifyObjectProperty(com.kms.katalon.core.testobject.ObjectRepository.findTestObject(PharmacyRequest/Page_KDMC - CMO/input_2), "xpath", "equals", "//*[@id=" + RID + "]", true): Modify property of object successfully

2018-05-17 13:45:38 - [MESSAGE][PASSED] - Modify property of object successfully

2018-05-17 13:45:38 - [TEST_STEP][PASSED] - click: Object: 'Object Repository/PharmacyRequest/Page_KDMC - CMO/input_2' is clicked on

2018-05-17 13:45:38 - [MESSAGE][PASSED] - Object: 'Object Repository/PharmacyRequest/Page_KDMC - CMO/input_2' is clicked on

2018-05-17 13:45:38 - [TEST_STEP][PASSED] - delay: Delayed 3 second(s)

2018-05-17 13:45:41 - [MESSAGE][PASSED] - Delayed 3 second(s)

2018-05-17 13:45:41 - [TEST_STEP][PASSED] - selectOptionByIndex: All options with index in [1] are selected on object 'Object Repository/PharmacyRequest/Page_KDMC - CMO/select_--Select--'

2018-05-17 13:45:42 - [MESSAGE][PASSED] - All options with index in [1] are selected on object 'Object Repository/PharmacyRequest/Page_KDMC - CMO/select_--Select--'

2018-05-17 13:45:42 - [TEST_STEP][PASSED] - click: Object: 'Object Repository/PharmacyRequest/Page_KDMC - CMO/input_btnupdate' is clicked on

2018-05-17 13:45:42 - [MESSAGE][PASSED] - Object: 'Object Repository/PharmacyRequest/Page_KDMC - CMO/input_btnupdate' is clicked on

2018-05-17 13:45:42 - [TEST_STEP][PASSED] - delay: Delayed 3 second(s)

2018-05-17 13:45:45 - [MESSAGE][PASSED] - Delayed 3 second(s)

2018-05-17 13:45:45 - [TEST_STEP][PASSED] - click: Object: 'Object Repository/PharmacyRequest/Page_KDMC - CMO/button_OK' is clicked on

2018-05-17 13:45:45 - [MESSAGE][PASSED] - Object: 'Object Repository/PharmacyRequest/Page_KDMC - CMO/button_OK' is clicked on

2018-05-17 13:45:45 - [TEST_STEP][PASSED] - delay: Delayed 3 second(s)

2018-05-17 13:45:48 - [MESSAGE][PASSED] - Delayed 3 second(s)

2018-05-17 13:45:48 - [TEST_STEP][PASSED] - click: Object: 'Object Repository/PharmacyRequest/Page_KDMC - CMO/a_dropdown-toggle' is clicked on

2018-05-17 13:45:48 - [MESSAGE][PASSED] - Object: 'Object Repository/PharmacyRequest/Page_KDMC - CMO/a_dropdown-toggle' is clicked on

2018-05-17 13:45:48 - [TEST_STEP][PASSED] - click: Object: 'Object Repository/PharmacyRequest/Page_KDMC - CMO/a_Sign out' is clicked on

2018-05-17 13:45:48 - [MESSAGE][PASSED] - Object: 'Object Repository/PharmacyRequest/Page_KDMC - CMO/a_Sign out' is clicked on

2018-05-17 13:45:48 - [TEST_STEP][PASSED] - delay: Delayed 3 second(s)

2018-05-17 13:45:51 - [MESSAGE][PASSED] - Delayed 3 second(s)

2018-05-17 13:45:51 - [TEST_STEP][PASSED] - click: Object: 'Object Repository/PharmacyRequest/Page_KDMC/a_Divisional Store' is clicked on

2018-05-17 13:45:52 - [MESSAGE][PASSED] - Object: 'Object Repository/PharmacyRequest/Page_KDMC/a_Divisional Store' is clicked on

2018-05-17 13:45:52 - [TEST_STEP][PASSED] - setText: Text 'ragu' is set on object 'Object Repository/PharmacyRequest/Page_Divisonal Store Login/input_txtusername'

2018-05-17 13:45:52 - [MESSAGE][PASSED] - Text 'ragu' is set on object 'Object Repository/PharmacyRequest/Page_Divisonal Store Login/input_txtusername'

2018-05-17 13:45:52 - [TEST_STEP][PASSED] - setText: Text '123' is set on object 'Object Repository/PharmacyRequest/Page_Divisonal Store Login/input_txtpassword'

2018-05-17 13:45:52 - [MESSAGE][PASSED] - Text '123' is set on object 'Object Repository/PharmacyRequest/Page_Divisonal Store Login/input_txtpassword'

2018-05-17 13:45:52 - [TEST_STEP][PASSED] - delay: Delayed 3 second(s)

2018-05-17 13:45:55 - [MESSAGE][PASSED] - Delayed 3 second(s)

2018-05-17 13:45:55 - [TEST_STEP][PASSED] - click: Object: 'Object Repository/PharmacyRequest/Page_Divisonal Store Login/button_Sign in' is clicked on

2018-05-17 13:45:57 - [MESSAGE][PASSED] - Object: 'Object Repository/PharmacyRequest/Page_Divisonal Store Login/button_Sign in' is clicked on

2018-05-17 13:45:57 - [TEST_STEP][PASSED] - delay: Delayed 3 second(s)

2018-05-17 13:46:00 - [MESSAGE][PASSED] - Delayed 3 second(s)

2018-05-17 13:46:00 - [TEST_STEP][PASSED] - click: Object: 'Object Repository/PharmacyRequest/Page_Store/a_Pharmacy Request' is clicked on

2018-05-17 13:46:00 - [MESSAGE][PASSED] - Object: 'Object Repository/PharmacyRequest/Page_Store/a_Pharmacy Request' is clicked on

2018-05-17 13:46:00 - [TEST_STEP][PASSED] - click: Object: 'Object Repository/PharmacyRequest/Page_Store/a_Request Item Pharmacy' is clicked on

2018-05-17 13:46:01 - [MESSAGE][PASSED] - Object: 'Object Repository/PharmacyRequest/Page_Store/a_Request Item Pharmacy' is clicked on

2018-05-17 13:46:01 - [TEST_STEP][PASSED] - delay: Delayed 2 second(s)

2018-05-17 13:46:03 - [MESSAGE][PASSED] - Delayed 2 second(s)

2018-05-17 13:46:03 - [TEST_STEP][PASSED] - setText: Text 'PRNO/17052018/150' is set on object 'Object Repository/PharmacyRequest/Page_Store/input'

2018-05-17 13:46:03 - [MESSAGE][PASSED] - Text 'PRNO/17052018/150' is set on object 'Object Repository/PharmacyRequest/Page_Store/input'

2018-05-17 13:46:03 - [TEST_STEP][PASSED] - delay: Delayed 2 second(s)

2018-05-17 13:46:05 - [MESSAGE][PASSED] - Delayed 2 second(s)

2018-05-17 13:46:05 - [TEST_STEP][PASSED] - Statement - ChooseRequest = com.kms.katalon.core.webui.keyword.WebUiBuiltInKeywords.modifyObjectProperty(com.kms.katalon.core.testobject.ObjectRepository.findTestObject(PharmacyRequest/Page_Store/input_2), "xpath", "equals", "//*[@id=" + RID + "]", true): Modify property of object successfully

2018-05-17 13:46:05 - [MESSAGE][PASSED] - Modify property of object successfully

2018-05-17 13:46:05 - [TEST_STEP][PASSED] - click: Object: 'Object Repository/PharmacyRequest/Page_Store/input_2' is clicked on

2018-05-17 13:46:05 - [MESSAGE][PASSED] - Object: 'Object Repository/PharmacyRequest/Page_Store/input_2' is clicked on

2018-05-17 13:46:05 - [TEST_STEP][PASSED] - delay: Delayed 2 second(s)

2018-05-17 13:46:07 - [MESSAGE][PASSED] - Delayed 2 second(s)

2018-05-17 13:46:07 - [TEST_STEP][PASSED] - Statement - selectedoptions = com.kms.katalon.core.webui.keyword.WebUiBuiltInKeywords.getNumberOfTotalOption(com.kms.katalon.core.testobject.ObjectRepository.findTestObject(PharmacyRequest/Page_Store/select_--Select--Amlodepin -5)): 19 options of object 'Object Repository/PharmacyRequest/Page_Store/select_--Select--Amlodepin -5' counted

2018-05-17 13:46:07 - [MESSAGE][PASSED] - 19 options of object 'Object Repository/PharmacyRequest/Page_Store/select_--Select--Amlodepin -5' counted

2018-05-17 13:46:07 - [TEST_STEP][PASSED] - Statement - For ([a = 1, a <= selectedoptions - 1, (a++)]): null

2018-05-17 13:46:07 - [TEST_STEP][PASSED] - selectOptionByIndex: All options with index in [1] are selected on object 'Object Repository/PharmacyRequest/Page_Store/select_--Select--Amlodepin -5'

2018-05-17 13:46:08 - [MESSAGE][PASSED] - All options with index in [1] are selected on object 'Object Repository/PharmacyRequest/Page_Store/select_--Select--Amlodepin -5'

2018-05-17 13:46:08 - [TEST_STEP][PASSED] - delay: Delayed 1 second(s)

2018-05-17 13:46:09 - [MESSAGE][PASSED] - Delayed 1 second(s)

2018-05-17 13:46:09 - [TEST_STEP][PASSED] - Statement - RequestedQty = com.kms.katalon.core.webui.keyword.WebUiBuiltInKeywords.getAttribute(com.kms.katalon.core.testobject.ObjectRepository.findTestObject(PharmacyRequest/Page_Store/input_txttotal), "value"): Attribute 'value' of object 'Object Repository/PharmacyRequest/Page_Store/input_txttotal' is: '10'

2018-05-17 13:46:09 - [MESSAGE][PASSED] - Attribute 'value' of object 'Object Repository/PharmacyRequest/Page_Store/input_txttotal' is: '10'

2018-05-17 13:46:09 - [TEST_STEP][PASSED] - Statement - out.println("Requested QTY : " + RequestedQty): null

2018-05-17 13:46:09 - [TEST_STEP][PASSED] - Statement - BatchNumber = com.kms.katalon.core.webui.keyword.WebUiBuiltInKeywords.getNumberOfTotalOption(com.kms.katalon.core.testobject.ObjectRepository.findTestObject(PharmacyRequest/Page_Store/select_--Select--BA50)): 4 options of object 'Object Repository/PharmacyRequest/Page_Store/select_--Select--BA50' counted

2018-05-17 13:46:09 - [MESSAGE][PASSED] - 4 options of object 'Object Repository/PharmacyRequest/Page_Store/select_--Select--BA50' counted

2018-05-17 13:46:09 - [TEST_STEP][PASSED] - Statement - For ([g = 1, g <= BatchNumber - 1, (g++)]): null

2018-05-17 13:46:09 - [TEST_STEP][PASSED] - selectOptionByIndex: All options with index in [1] are selected on object 'Object Repository/PharmacyRequest/Page_Store/select_--Select--BA50'

2018-05-17 13:46:09 - [MESSAGE][PASSED] - All options with index in [1] are selected on object 'Object Repository/PharmacyRequest/Page_Store/select_--Select--BA50'

2018-05-17 13:46:09 - [TEST_STEP][PASSED] - delay: Delayed 1 second(s)

2018-05-17 13:46:10 - [MESSAGE][PASSED] - Delayed 1 second(s)

2018-05-17 13:46:10 - [TEST_STEP][PASSED] - Statement - StockQty = com.kms.katalon.core.webui.keyword.WebUiBuiltInKeywords.getAttribute(com.kms.katalon.core.testobject.ObjectRepository.findTestObject(PharmacyRequest/Page_Store/input_txtprice), "value"): Attribute 'value' of object 'Object Repository/PharmacyRequest/Page_Store/input_txtprice' is: '180'

2018-05-17 13:46:10 - [MESSAGE][PASSED] - Attribute 'value' of object 'Object Repository/PharmacyRequest/Page_Store/input_txtprice' is: '180'

2018-05-17 13:46:10 - [TEST_STEP][PASSED] - Statement - out.println("Stock QTY : " + StockQty): null

2018-05-17 13:46:10 - [TEST_STEP][PASSED] - delay: Delayed 1 second(s)

2018-05-17 13:46:11 - [MESSAGE][PASSED] - Delayed 1 second(s)

2018-05-17 13:46:11 - [TEST_STEP][PASSED] - Statement - If (java.lang.Integer.valueOf(StockQty) >= java.lang.Integer.valueOf(RequestedQty)): null

2018-05-17 13:46:11 - [TEST_STEP][PASSED] - setText: Text '10' is set on object 'Object Repository/PharmacyRequest/Page_Store/input_txtqty'

2018-05-17 13:46:11 - [MESSAGE][PASSED] - Text '10' is set on object 'Object Repository/PharmacyRequest/Page_Store/input_txtqty'

2018-05-17 13:46:11 - [TEST_STEP][PASSED] - click: Object: 'Object Repository/PharmacyRequest/Page_Store/button_Add' is clicked on

2018-05-17 13:46:11 - [MESSAGE][PASSED] - Object: 'Object Repository/PharmacyRequest/Page_Store/button_Add' is clicked on

2018-05-17 13:46:11 - [TEST_STEP][PASSED] - Statement - Break: null

2018-05-17 13:46:11 - [TEST_STEP][PASSED] - selectOptionByIndex: All options with index in [2] are selected on object 'Object Repository/PharmacyRequest/Page_Store/select_--Select--Amlodepin -5'

2018-05-17 13:46:11 - [MESSAGE][PASSED] - All options with index in [2] are selected on object 'Object Repository/PharmacyRequest/Page_Store/select_--Select--Amlodepin -5'

2018-05-17 13:46:11 - [TEST_STEP][PASSED] - delay: Delayed 1 second(s)

2018-05-17 13:46:12 - [MESSAGE][PASSED] - Delayed 1 second(s)

2018-05-17 13:46:12 - [TEST_STEP][PASSED] - Statement - RequestedQty = com.kms.katalon.core.webui.keyword.WebUiBuiltInKeywords.getAttribute(com.kms.katalon.core.testobject.ObjectRepository.findTestObject(PharmacyRequest/Page_Store/input_txttotal), "value"): Attribute 'value' of object 'Object Repository/PharmacyRequest/Page_Store/input_txttotal' is: '10'

2018-05-17 13:46:12 - [MESSAGE][PASSED] - Attribute 'value' of object 'Object Repository/PharmacyRequest/Page_Store/input_txttotal' is: '10'

2018-05-17 13:46:12 - [TEST_STEP][PASSED] - Statement - out.println("Requested QTY : " + RequestedQty): null

2018-05-17 13:46:12 - [TEST_STEP][PASSED] - Statement - BatchNumber = com.kms.katalon.core.webui.keyword.WebUiBuiltInKeywords.getNumberOfTotalOption(com.kms.katalon.core.testobject.ObjectRepository.findTestObject(PharmacyRequest/Page_Store/select_--Select--BA50)): 4 options of object 'Object Repository/PharmacyRequest/Page_Store/select_--Select--BA50' counted

2018-05-17 13:46:12 - [MESSAGE][PASSED] - 4 options of object 'Object Repository/PharmacyRequest/Page_Store/select_--Select--BA50' counted

2018-05-17 13:46:12 - [TEST_STEP][PASSED] - Statement - For ([g = 1, g <= BatchNumber - 1, (g++)]): null

2018-05-17 13:46:12 - [TEST_STEP][PASSED] - selectOptionByIndex: All options with index in [1] are selected on object 'Object Repository/PharmacyRequest/Page_Store/select_--Select--BA50'

2018-05-17 13:46:12 - [MESSAGE][PASSED] - All options with index in [1] are selected on object 'Object Repository/PharmacyRequest/Page_Store/select_--Select--BA50'

2018-05-17 13:46:12 - [TEST_STEP][PASSED] - delay: Delayed 1 second(s)

2018-05-17 13:46:13 - [MESSAGE][PASSED] - Delayed 1 second(s)

2018-05-17 13:46:13 - [TEST_STEP][PASSED] - Statement - StockQty = com.kms.katalon.core.webui.keyword.WebUiBuiltInKeywords.getAttribute(com.kms.katalon.core.testobject.ObjectRepository.findTestObject(PharmacyRequest/Page_Store/input_txtprice), "value"): Attribute 'value' of object 'Object Repository/PharmacyRequest/Page_Store/input_txtprice' is: '80'

2018-05-17 13:46:13 - [MESSAGE][PASSED] - Attribute 'value' of object 'Object Repository/PharmacyRequest/Page_Store/input_txtprice' is: '80'

2018-05-17 13:46:13 - [TEST_STEP][PASSED] - Statement - out.println("Stock QTY : " + StockQty): null

2018-05-17 13:46:13 - [TEST_STEP][PASSED] - delay: Delayed 1 second(s)

2018-05-17 13:46:14 - [MESSAGE][PASSED] - Delayed 1 second(s)

2018-05-17 13:46:14 - [TEST_STEP][PASSED] - Statement - If (java.lang.Integer.valueOf(StockQty) >= java.lang.Integer.valueOf(RequestedQty)): null

2018-05-17 13:46:14 - [TEST_STEP][PASSED] - setText: Text '10' is set on object 'Object Repository/PharmacyRequest/Page_Store/input_txtqty'

2018-05-17 13:46:15 - [MESSAGE][PASSED] - Text '10' is set on object 'Object Repository/PharmacyRequest/Page_Store/input_txtqty'

2018-05-17 13:46:15 - [TEST_STEP][PASSED] - click: Object: 'Object Repository/PharmacyRequest/Page_Store/button_Add' is clicked on

2018-05-17 13:46:15 - [MESSAGE][PASSED] - Object: 'Object Repository/PharmacyRequest/Page_Store/button_Add' is clicked on

2018-05-17 13:46:15 - [TEST_STEP][PASSED] - Statement - Break: null

2018-05-17 13:46:15 - [TEST_STEP][PASSED] - selectOptionByIndex: All options with index in [3] are selected on object 'Object Repository/PharmacyRequest/Page_Store/select_--Select--Amlodepin -5'

2018-05-17 13:46:15 - [MESSAGE][PASSED] - All options with index in [3] are selected on object 'Object Repository/PharmacyRequest/Page_Store/select_--Select--Amlodepin -5'

2018-05-17 13:46:15 - [TEST_STEP][PASSED] - delay: Delayed 1 second(s)

2018-05-17 13:46:16 - [MESSAGE][PASSED] - Delayed 1 second(s)

2018-05-17 13:46:16 - [TEST_STEP][PASSED] - Statement - RequestedQty = com.kms.katalon.core.webui.keyword.WebUiBuiltInKeywords.getAttribute(com.kms.katalon.core.testobject.ObjectRepository.findTestObject(PharmacyRequest/Page_Store/input_txttotal), "value"): Attribute 'value' of object 'Object Repository/PharmacyRequest/Page_Store/input_txttotal' is: '10'

2018-05-17 13:46:16 - [MESSAGE][PASSED] - Attribute 'value' of object 'Object Repository/PharmacyRequest/Page_Store/input_txttotal' is: '10'

2018-05-17 13:46:16 - [TEST_STEP][PASSED] - Statement - out.println("Requested QTY : " + RequestedQty): null

2018-05-17 13:46:16 - [TEST_STEP][PASSED] - Statement - BatchNumber = com.kms.katalon.core.webui.keyword.WebUiBuiltInKeywords.getNumberOfTotalOption(com.kms.katalon.core.testobject.ObjectRepository.findTestObject(PharmacyRequest/Page_Store/select_--Select--BA50)): 4 options of object 'Object Repository/PharmacyRequest/Page_Store/select_--Select--BA50' counted

2018-05-17 13:46:16 - [MESSAGE][PASSED] - 4 options of object 'Object Repository/PharmacyRequest/Page_Store/select_--Select--BA50' counted

2018-05-17 13:46:16 - [TEST_STEP][PASSED] - Statement - For ([g = 1, g <= BatchNumber - 1, (g++)]): null

2018-05-17 13:46:16 - [TEST_STEP][PASSED] - selectOptionByIndex: All options with index in [1] are selected on object 'Object Repository/PharmacyRequest/Page_Store/select_--Select--BA50'

2018-05-17 13:46:16 - [MESSAGE][PASSED] - All options with index in [1] are selected on object 'Object Repository/PharmacyRequest/Page_Store/select_--Select--BA50'

2018-05-17 13:46:16 - [TEST_STEP][PASSED] - delay: Delayed 1 second(s)

2018-05-17 13:46:17 - [MESSAGE][PASSED] - Delayed 1 second(s)

2018-05-17 13:46:17 - [TEST_STEP][PASSED] - Statement - StockQty = com.kms.katalon.core.webui.keyword.WebUiBuiltInKeywords.getAttribute(com.kms.katalon.core.testobject.ObjectRepository.findTestObject(PharmacyRequest/Page_Store/input_txtprice), "value"): Attribute 'value' of object 'Object Repository/PharmacyRequest/Page_Store/input_txtprice' is: '80'

2018-05-17 13:46:17 - [MESSAGE][PASSED] - Attribute 'value' of object 'Object Repository/PharmacyRequest/Page_Store/input_txtprice' is: '80'

2018-05-17 13:46:17 - [TEST_STEP][PASSED] - Statement - out.println("Stock QTY : " + StockQty): null

2018-05-17 13:46:17 - [TEST_STEP][PASSED] - delay: Delayed 1 second(s)

2018-05-17 13:46:18 - [MESSAGE][PASSED] - Delayed 1 second(s)

2018-05-17 13:46:18 - [TEST_STEP][PASSED] - Statement - If (java.lang.Integer.valueOf(StockQty) >= java.lang.Integer.valueOf(RequestedQty)): null

2018-05-17 13:46:18 - [TEST_STEP][PASSED] - setText: Text '10' is set on object 'Object Repository/PharmacyRequest/Page_Store/input_txtqty'

2018-05-17 13:46:18 - [MESSAGE][PASSED] - Text '10' is set on object 'Object Repository/PharmacyRequest/Page_Store/input_txtqty'

2018-05-17 13:46:18 - [TEST_STEP][PASSED] - click: Object: 'Object Repository/PharmacyRequest/Page_Store/button_Add' is clicked on

2018-05-17 13:46:18 - [MESSAGE][PASSED] - Object: 'Object Repository/PharmacyRequest/Page_Store/button_Add' is clicked on

2018-05-17 13:46:18 - [TEST_STEP][PASSED] - Statement - Break: null

2018-05-17 13:46:18 - [TEST_STEP][PASSED] - selectOptionByIndex: All options with index in [4] are selected on object 'Object Repository/PharmacyRequest/Page_Store/select_--Select--Amlodepin -5'

2018-05-17 13:46:18 - [MESSAGE][PASSED] - All options with index in [4] are selected on object 'Object Repository/PharmacyRequest/Page_Store/select_--Select--Amlodepin -5'

2018-05-17 13:46:18 - [TEST_STEP][PASSED] - delay: Delayed 1 second(s)

2018-05-17 13:46:19 - [MESSAGE][PASSED] - Delayed 1 second(s)

2018-05-17 13:46:19 - [TEST_STEP][PASSED] - Statement - RequestedQty = com.kms.katalon.core.webui.keyword.WebUiBuiltInKeywords.getAttribute(com.kms.katalon.core.testobject.ObjectRepository.findTestObject(PharmacyRequest/Page_Store/input_txttotal), "value"): Attribute 'value' of object 'Object Repository/PharmacyRequest/Page_Store/input_txttotal' is: '10'

2018-05-17 13:46:19 - [MESSAGE][PASSED] - Attribute 'value' of object 'Object Repository/PharmacyRequest/Page_Store/input_txttotal' is: '10'

2018-05-17 13:46:19 - [TEST_STEP][PASSED] - Statement - out.println("Requested QTY : " + RequestedQty): null

2018-05-17 13:46:19 - [TEST_STEP][PASSED] - Statement - BatchNumber = com.kms.katalon.core.webui.keyword.WebUiBuiltInKeywords.getNumberOfTotalOption(com.kms.katalon.core.testobject.ObjectRepository.findTestObject(PharmacyRequest/Page_Store/select_--Select--BA50)): 3 options of object 'Object Repository/PharmacyRequest/Page_Store/select_--Select--BA50' counted

2018-05-17 13:46:19 - [MESSAGE][PASSED] - 3 options of object 'Object Repository/PharmacyRequest/Page_Store/select_--Select--BA50' counted

2018-05-17 13:46:19 - [TEST_STEP][PASSED] - Statement - For ([g = 1, g <= BatchNumber - 1, (g++)]): null

2018-05-17 13:46:19 - [TEST_STEP][PASSED] - selectOptionByIndex: All options with index in [1] are selected on object 'Object Repository/PharmacyRequest/Page_Store/select_--Select--BA50'

2018-05-17 13:46:20 - [MESSAGE][PASSED] - All options with index in [1] are selected on object 'Object Repository/PharmacyRequest/Page_Store/select_--Select--BA50'

2018-05-17 13:46:20 - [TEST_STEP][PASSED] - delay: Delayed 1 second(s)

2018-05-17 13:46:21 - [MESSAGE][PASSED] - Delayed 1 second(s)

2018-05-17 13:46:21 - [TEST_STEP][PASSED] - Statement - StockQty = com.kms.katalon.core.webui.keyword.WebUiBuiltInKeywords.getAttribute(com.kms.katalon.core.testobject.ObjectRepository.findTestObject(PharmacyRequest/Page_Store/input_txtprice), "value"): Attribute 'value' of object 'Object Repository/PharmacyRequest/Page_Store/input_txtprice' is: '180'

2018-05-17 13:46:21 - [MESSAGE][PASSED] - Attribute 'value' of object 'Object Repository/PharmacyRequest/Page_Store/input_txtprice' is: '180'

2018-05-17 13:46:21 - [TEST_STEP][PASSED] - Statement - out.println("Stock QTY : " + StockQty): null

2018-05-17 13:46:21 - [TEST_STEP][PASSED] - delay: Delayed 1 second(s)

2018-05-17 13:46:22 - [MESSAGE][PASSED] - Delayed 1 second(s)

2018-05-17 13:46:22 - [TEST_STEP][PASSED] - Statement - If (java.lang.Integer.valueOf(StockQty) >= java.lang.Integer.valueOf(RequestedQty)): null

2018-05-17 13:46:22 - [TEST_STEP][PASSED] - setText: Text '10' is set on object 'Object Repository/PharmacyRequest/Page_Store/input_txtqty'

2018-05-17 13:46:22 - [MESSAGE][PASSED] - Text '10' is set on object 'Object Repository/PharmacyRequest/Page_Store/input_txtqty'

2018-05-17 13:46:22 - [TEST_STEP][PASSED] - click: Object: 'Object Repository/PharmacyRequest/Page_Store/button_Add' is clicked on

2018-05-17 13:46:22 - [MESSAGE][PASSED] - Object: 'Object Repository/PharmacyRequest/Page_Store/button_Add' is clicked on

2018-05-17 13:46:22 - [TEST_STEP][PASSED] - Statement - Break: null

2018-05-17 13:46:22 - [TEST_STEP][PASSED] - selectOptionByIndex: All options with index in [5] are selected on object 'Object Repository/PharmacyRequest/Page_Store/select_--Select--Amlodepin -5'

2018-05-17 13:46:22 - [MESSAGE][PASSED] - All options with index in [5] are selected on object 'Object Repository/PharmacyRequest/Page_Store/select_--Select--Amlodepin -5'

2018-05-17 13:46:22 - [TEST_STEP][PASSED] - delay: Delayed 1 second(s)

2018-05-17 13:46:23 - [MESSAGE][PASSED] - Delayed 1 second(s)

2018-05-17 13:46:23 - [TEST_STEP][PASSED] - Statement - RequestedQty = com.kms.katalon.core.webui.keyword.WebUiBuiltInKeywords.getAttribute(com.kms.katalon.core.testobject.ObjectRepository.findTestObject(PharmacyRequest/Page_Store/input_txttotal), "value"): Attribute 'value' of object 'Object Repository/PharmacyRequest/Page_Store/input_txttotal' is: '10'

2018-05-17 13:46:23 - [MESSAGE][PASSED] - Attribute 'value' of object 'Object Repository/PharmacyRequest/Page_Store/input_txttotal' is: '10'

2018-05-17 13:46:23 - [TEST_STEP][PASSED] - Statement - out.println("Requested QTY : " + RequestedQty): null

2018-05-17 13:46:23 - [TEST_STEP][PASSED] - Statement - BatchNumber = com.kms.katalon.core.webui.keyword.WebUiBuiltInKeywords.getNumberOfTotalOption(com.kms.katalon.core.testobject.ObjectRepository.findTestObject(PharmacyRequest/Page_Store/select_--Select--BA50)): 3 options of object 'Object Repository/PharmacyRequest/Page_Store/select_--Select--BA50' counted

2018-05-17 13:46:23 - [MESSAGE][PASSED] - 3 options of object 'Object Repository/PharmacyRequest/Page_Store/select_--Select--BA50' counted

2018-05-17 13:46:23 - [TEST_STEP][PASSED] - Statement - For ([g = 1, g <= BatchNumber - 1, (g++)]): null

2018-05-17 13:46:23 - [TEST_STEP][PASSED] - selectOptionByIndex: All options with index in [1] are selected on object 'Object Repository/PharmacyRequest/Page_Store/select_--Select--BA50'

2018-05-17 13:46:23 - [MESSAGE][PASSED] - All options with index in [1] are selected on object 'Object Repository/PharmacyRequest/Page_Store/select_--Select--BA50'

2018-05-17 13:46:23 - [TEST_STEP][PASSED] - delay: Delayed 1 second(s)

2018-05-17 13:46:24 - [MESSAGE][PASSED] - Delayed 1 second(s)

2018-05-17 13:46:24 - [TEST_STEP][PASSED] - Statement - StockQty = com.kms.katalon.core.webui.keyword.WebUiBuiltInKeywords.getAttribute(com.kms.katalon.core.testobject.ObjectRepository.findTestObject(PharmacyRequest/Page_Store/input_txtprice), "value"): Attribute 'value' of object 'Object Repository/PharmacyRequest/Page_Store/input_txtprice' is: '1040'

2018-05-17 13:46:24 - [MESSAGE][PASSED] - Attribute 'value' of object 'Object Repository/PharmacyRequest/Page_Store/input_txtprice' is: '1040'

2018-05-17 13:46:24 - [TEST_STEP][PASSED] - Statement - out.println("Stock QTY : " + StockQty): null

2018-05-17 13:46:24 - [TEST_STEP][PASSED] - delay: Delayed 1 second(s)

2018-05-17 13:46:25 - [MESSAGE][PASSED] - Delayed 1 second(s)

2018-05-17 13:46:25 - [TEST_STEP][PASSED] - Statement - If (java.lang.Integer.valueOf(StockQty) >= java.lang.Integer.valueOf(RequestedQty)): null

2018-05-17 13:46:25 - [TEST_STEP][PASSED] - setText: Text '10' is set on object 'Object Repository/PharmacyRequest/Page_Store/input_txtqty'

2018-05-17 13:46:25 - [MESSAGE][PASSED] - Text '10' is set on object 'Object Repository/PharmacyRequest/Page_Store/input_txtqty'

2018-05-17 13:46:25 - [TEST_STEP][PASSED] - click: Object: 'Object Repository/PharmacyRequest/Page_Store/button_Add' is clicked on

2018-05-17 13:46:25 - [MESSAGE][PASSED] - Object: 'Object Repository/PharmacyRequest/Page_Store/button_Add' is clicked on

2018-05-17 13:46:25 - [TEST_STEP][PASSED] - Statement - Break: null

2018-05-17 13:46:25 - [TEST_STEP][PASSED] - selectOptionByIndex: All options with index in [6] are selected on object 'Object Repository/PharmacyRequest/Page_Store/select_--Select--Amlodepin -5'

2018-05-17 13:46:25 - [MESSAGE][PASSED] - All options with index in [6] are selected on object 'Object Repository/PharmacyRequest/Page_Store/select_--Select--Amlodepin -5'

2018-05-17 13:46:25 - [TEST_STEP][PASSED] - delay: Delayed 1 second(s)

2018-05-17 13:46:26 - [MESSAGE][PASSED] - Delayed 1 second(s)

2018-05-17 13:46:26 - [TEST_STEP][PASSED] - Statement - RequestedQty = com.kms.katalon.core.webui.keyword.WebUiBuiltInKeywords.getAttribute(com.kms.katalon.core.testobject.ObjectRepository.findTestObject(PharmacyRequest/Page_Store/input_txttotal), "value"): Attribute 'value' of object 'Object Repository/PharmacyRequest/Page_Store/input_txttotal' is: '10'

2018-05-17 13:46:26 - [MESSAGE][PASSED] - Attribute 'value' of object 'Object Repository/PharmacyRequest/Page_Store/input_txttotal' is: '10'

2018-05-17 13:46:26 - [TEST_STEP][PASSED] - Statement - out.println("Requested QTY : " + RequestedQty): null

2018-05-17 13:46:26 - [TEST_STEP][PASSED] - Statement - BatchNumber = com.kms.katalon.core.webui.keyword.WebUiBuiltInKeywords.getNumberOfTotalOption(com.kms.katalon.core.testobject.ObjectRepository.findTestObject(PharmacyRequest/Page_Store/select_--Select--BA50)): 3 options of object 'Object Repository/PharmacyRequest/Page_Store/select_--Select--BA50' counted

2018-05-17 13:46:27 - [MESSAGE][PASSED] - 3 options of object 'Object Repository/PharmacyRequest/Page_Store/select_--Select--BA50' counted

2018-05-17 13:46:27 - [TEST_STEP][PASSED] - Statement - For ([g = 1, g <= BatchNumber - 1, (g++)]): null

2018-05-17 13:46:27 - [TEST_STEP][PASSED] - selectOptionByIndex: All options with index in [1] are selected on object 'Object Repository/PharmacyRequest/Page_Store/select_--Select--BA50'

2018-05-17 13:46:27 - [MESSAGE][PASSED] - All options with index in [1] are selected on object 'Object Repository/PharmacyRequest/Page_Store/select_--Select--BA50'

2018-05-17 13:46:27 - [TEST_STEP][PASSED] - delay: Delayed 1 second(s)

2018-05-17 13:46:28 - [MESSAGE][PASSED] - Delayed 1 second(s)

2018-05-17 13:46:28 - [TEST_STEP][PASSED] - Statement - StockQty = com.kms.katalon.core.webui.keyword.WebUiBuiltInKeywords.getAttribute(com.kms.katalon.core.testobject.ObjectRepository.findTestObject(PharmacyRequest/Page_Store/input_txtprice), "value"): Attribute 'value' of object 'Object Repository/PharmacyRequest/Page_Store/input_txtprice' is: '1005'

2018-05-17 13:46:28 - [MESSAGE][PASSED] - Attribute 'value' of object 'Object Repository/PharmacyRequest/Page_Store/input_txtprice' is: '1005'

2018-05-17 13:46:28 - [TEST_STEP][PASSED] - Statement - out.println("Stock QTY : " + StockQty): null

2018-05-17 13:46:28 - [TEST_STEP][PASSED] - delay: Delayed 1 second(s)

2018-05-17 13:46:29 - [MESSAGE][PASSED] - Delayed 1 second(s)

2018-05-17 13:46:29 - [TEST_STEP][PASSED] - Statement - If (java.lang.Integer.valueOf(StockQty) >= java.lang.Integer.valueOf(RequestedQty)): null

2018-05-17 13:46:29 - [TEST_STEP][PASSED] - setText: Text '10' is set on object 'Object Repository/PharmacyRequest/Page_Store/input_txtqty'

2018-05-17 13:46:29 - [MESSAGE][PASSED] - Text '10' is set on object 'Object Repository/PharmacyRequest/Page_Store/input_txtqty'

2018-05-17 13:46:29 - [TEST_STEP][PASSED] - click: Object: 'Object Repository/PharmacyRequest/Page_Store/button_Add' is clicked on

2018-05-17 13:46:29 - [MESSAGE][PASSED] - Object: 'Object Repository/PharmacyRequest/Page_Store/button_Add' is clicked on

2018-05-17 13:46:29 - [TEST_STEP][PASSED] - Statement - Break: null

2018-05-17 13:46:29 - [TEST_STEP][PASSED] - selectOptionByIndex: All options with index in [7] are selected on object 'Object Repository/PharmacyRequest/Page_Store/select_--Select--Amlodepin -5'

2018-05-17 13:46:29 - [MESSAGE][PASSED] - All options with index in [7] are selected on object 'Object Repository/PharmacyRequest/Page_Store/select_--Select--Amlodepin -5'

2018-05-17 13:46:29 - [TEST_STEP][PASSED] - delay: Delayed 1 second(s)

2018-05-17 13:46:30 - [MESSAGE][PASSED] - Delayed 1 second(s)

2018-05-17 13:46:30 - [TEST_STEP][PASSED] - Statement - RequestedQty = com.kms.katalon.core.webui.keyword.WebUiBuiltInKeywords.getAttribute(com.kms.katalon.core.testobject.ObjectRepository.findTestObject(PharmacyRequest/Page_Store/input_txttotal), "value"): Attribute 'value' of object 'Object Repository/PharmacyRequest/Page_Store/input_txttotal' is: '10'

2018-05-17 13:46:30 - [MESSAGE][PASSED] - Attribute 'value' of object 'Object Repository/PharmacyRequest/Page_Store/input_txttotal' is: '10'

2018-05-17 13:46:30 - [TEST_STEP][PASSED] - Statement - out.println("Requested QTY : " + RequestedQty): null

2018-05-17 13:46:30 - [TEST_STEP][PASSED] - Statement - BatchNumber = com.kms.katalon.core.webui.keyword.WebUiBuiltInKeywords.getNumberOfTotalOption(com.kms.katalon.core.testobject.ObjectRepository.findTestObject(PharmacyRequest/Page_Store/select_--Select--BA50)): 3 options of object 'Object Repository/PharmacyRequest/Page_Store/select_--Select--BA50' counted

2018-05-17 13:46:30 - [MESSAGE][PASSED] - 3 options of object 'Object Repository/PharmacyRequest/Page_Store/select_--Select--BA50' counted

2018-05-17 13:46:30 - [TEST_STEP][PASSED] - Statement - For ([g = 1, g <= BatchNumber - 1, (g++)]): null

2018-05-17 13:46:30 - [TEST_STEP][PASSED] - selectOptionByIndex: All options with index in [1] are selected on object 'Object Repository/PharmacyRequest/Page_Store/select_--Select--BA50'

2018-05-17 13:46:30 - [MESSAGE][PASSED] - All options with index in [1] are selected on object 'Object Repository/PharmacyRequest/Page_Store/select_--Select--BA50'

2018-05-17 13:46:30 - [TEST_STEP][PASSED] - delay: Delayed 1 second(s)

2018-05-17 13:46:31 - [MESSAGE][PASSED] - Delayed 1 second(s)

2018-05-17 13:46:31 - [TEST_STEP][PASSED] - Statement - StockQty = com.kms.katalon.core.webui.keyword.WebUiBuiltInKeywords.getAttribute(com.kms.katalon.core.testobject.ObjectRepository.findTestObject(PharmacyRequest/Page_Store/input_txtprice), "value"): Attribute 'value' of object 'Object Repository/PharmacyRequest/Page_Store/input_txtprice' is: '180'

2018-05-17 13:46:31 - [MESSAGE][PASSED] - Attribute 'value' of object 'Object Repository/PharmacyRequest/Page_Store/input_txtprice' is: '180'

2018-05-17 13:46:31 - [TEST_STEP][PASSED] - Statement - out.println("Stock QTY : " + StockQty): null

2018-05-17 13:46:31 - [TEST_STEP][PASSED] - delay: Delayed 1 second(s)

2018-05-17 13:46:32 - [MESSAGE][PASSED] - Delayed 1 second(s)

2018-05-17 13:46:32 - [TEST_STEP][PASSED] - Statement - If (java.lang.Integer.valueOf(StockQty) >= java.lang.Integer.valueOf(RequestedQty)): null

2018-05-17 13:46:32 - [TEST_STEP][PASSED] - setText: Text '10' is set on object 'Object Repository/PharmacyRequest/Page_Store/input_txtqty'

2018-05-17 13:46:32 - [MESSAGE][PASSED] - Text '10' is set on object 'Object Repository/PharmacyRequest/Page_Store/input_txtqty'

2018-05-17 13:46:32 - [TEST_STEP][PASSED] - click: Object: 'Object Repository/PharmacyRequest/Page_Store/button_Add' is clicked on

2018-05-17 13:46:32 - [MESSAGE][PASSED] - Object: 'Object Repository/PharmacyRequest/Page_Store/button_Add' is clicked on

2018-05-17 13:46:32 - [TEST_STEP][PASSED] - Statement - Break: null

2018-05-17 13:46:32 - [TEST_STEP][PASSED] - selectOptionByIndex: All options with index in [8] are selected on object 'Object Repository/PharmacyRequest/Page_Store/select_--Select--Amlodepin -5'

2018-05-17 13:46:33 - [MESSAGE][PASSED] - All options with index in [8] are selected on object 'Object Repository/PharmacyRequest/Page_Store/select_--Select--Amlodepin -5'

2018-05-17 13:46:33 - [TEST_STEP][PASSED] - delay: Delayed 1 second(s)

2018-05-17 13:46:34 - [MESSAGE][PASSED] - Delayed 1 second(s)

2018-05-17 13:46:34 - [TEST_STEP][PASSED] - Statement - RequestedQty = com.kms.katalon.core.webui.keyword.WebUiBuiltInKeywords.getAttribute(com.kms.katalon.core.testobject.ObjectRepository.findTestObject(PharmacyRequest/Page_Store/input_txttotal), "value"): Attribute 'value' of object 'Object Repository/PharmacyRequest/Page_Store/input_txttotal' is: '10'

2018-05-17 13:46:34 - [MESSAGE][PASSED] - Attribute 'value' of object 'Object Repository/PharmacyRequest/Page_Store/input_txttotal' is: '10'

2018-05-17 13:46:34 - [TEST_STEP][PASSED] - Statement - out.println("Requested QTY : " + RequestedQty): null

2018-05-17 13:46:34 - [TEST_STEP][PASSED] - Statement - BatchNumber = com.kms.katalon.core.webui.keyword.WebUiBuiltInKeywords.getNumberOfTotalOption(com.kms.katalon.core.testobject.ObjectRepository.findTestObject(PharmacyRequest/Page_Store/select_--Select--BA50)): 3 options of object 'Object Repository/PharmacyRequest/Page_Store/select_--Select--BA50' counted

2018-05-17 13:46:34 - [MESSAGE][PASSED] - 3 options of object 'Object Repository/PharmacyRequest/Page_Store/select_--Select--BA50' counted

2018-05-17 13:46:34 - [TEST_STEP][PASSED] - Statement - For ([g = 1, g <= BatchNumber - 1, (g++)]): null

2018-05-17 13:46:34 - [TEST_STEP][PASSED] - selectOptionByIndex: All options with index in [1] are selected on object 'Object Repository/PharmacyRequest/Page_Store/select_--Select--BA50'

2018-05-17 13:46:34 - [MESSAGE][PASSED] - All options with index in [1] are selected on object 'Object Repository/PharmacyRequest/Page_Store/select_--Select--BA50'

2018-05-17 13:46:34 - [TEST_STEP][PASSED] - delay: Delayed 1 second(s)

2018-05-17 13:46:35 - [MESSAGE][PASSED] - Delayed 1 second(s)

2018-05-17 13:46:35 - [TEST_STEP][PASSED] - Statement - StockQty = com.kms.katalon.core.webui.keyword.WebUiBuiltInKeywords.getAttribute(com.kms.katalon.core.testobject.ObjectRepository.findTestObject(PharmacyRequest/Page_Store/input_txtprice), "value"): Attribute 'value' of object 'Object Repository/PharmacyRequest/Page_Store/input_txtprice' is: '180'

2018-05-17 13:46:35 - [MESSAGE][PASSED] - Attribute 'value' of object 'Object Repository/PharmacyRequest/Page_Store/input_txtprice' is: '180'

2018-05-17 13:46:35 - [TEST_STEP][PASSED] - Statement - out.println("Stock QTY : " + StockQty): null

2018-05-17 13:46:35 - [TEST_STEP][PASSED] - delay: Delayed 1 second(s)

2018-05-17 13:46:36 - [MESSAGE][PASSED] - Delayed 1 second(s)

2018-05-17 13:46:36 - [TEST_STEP][PASSED] - Statement - If (java.lang.Integer.valueOf(StockQty) >= java.lang.Integer.valueOf(RequestedQty)): null

2018-05-17 13:46:36 - [TEST_STEP][PASSED] - setText: Text '10' is set on object 'Object Repository/PharmacyRequest/Page_Store/input_txtqty'

2018-05-17 13:46:36 - [MESSAGE][PASSED] - Text '10' is set on object 'Object Repository/PharmacyRequest/Page_Store/input_txtqty'

2018-05-17 13:46:36 - [TEST_STEP][PASSED] - click: Object: 'Object Repository/PharmacyRequest/Page_Store/button_Add' is clicked on

2018-05-17 13:46:36 - [MESSAGE][PASSED] - Object: 'Object Repository/PharmacyRequest/Page_Store/button_Add' is clicked on

2018-05-17 13:46:36 - [TEST_STEP][PASSED] - Statement - Break: null

2018-05-17 13:46:36 - [TEST_STEP][PASSED] - selectOptionByIndex: All options with index in [9] are selected on object 'Object Repository/PharmacyRequest/Page_Store/select_--Select--Amlodepin -5'

2018-05-17 13:46:36 - [MESSAGE][PASSED] - All options with index in [9] are selected on object 'Object Repository/PharmacyRequest/Page_Store/select_--Select--Amlodepin -5'

2018-05-17 13:46:36 - [TEST_STEP][PASSED] - delay: Delayed 1 second(s)

2018-05-17 13:46:37 - [MESSAGE][PASSED] - Delayed 1 second(s)

2018-05-17 13:46:37 - [TEST_STEP][PASSED] - Statement - RequestedQty = com.kms.katalon.core.webui.keyword.WebUiBuiltInKeywords.getAttribute(com.kms.katalon.core.testobject.ObjectRepository.findTestObject(PharmacyRequest/Page_Store/input_txttotal), "value"): Attribute 'value' of object 'Object Repository/PharmacyRequest/Page_Store/input_txttotal' is: '10'

2018-05-17 13:46:37 - [MESSAGE][PASSED] - Attribute 'value' of object 'Object Repository/PharmacyRequest/Page_Store/input_txttotal' is: '10'

2018-05-17 13:46:37 - [TEST_STEP][PASSED] - Statement - out.println("Requested QTY : " + RequestedQty): null

2018-05-17 13:46:37 - [TEST_STEP][PASSED] - Statement - BatchNumber = com.kms.katalon.core.webui.keyword.WebUiBuiltInKeywords.getNumberOfTotalOption(com.kms.katalon.core.testobject.ObjectRepository.findTestObject(PharmacyRequest/Page_Store/select_--Select--BA50)): 4 options of object 'Object Repository/PharmacyRequest/Page_Store/select_--Select--BA50' counted

2018-05-17 13:46:37 - [MESSAGE][PASSED] - 4 options of object 'Object Repository/PharmacyRequest/Page_Store/select_--Select--BA50' counted

2018-05-17 13:46:37 - [TEST_STEP][PASSED] - Statement - For ([g = 1, g <= BatchNumber - 1, (g++)]): null

2018-05-17 13:46:37 - [TEST_STEP][PASSED] - selectOptionByIndex: All options with index in [1] are selected on object 'Object Repository/PharmacyRequest/Page_Store/select_--Select--BA50'

2018-05-17 13:46:37 - [MESSAGE][PASSED] - All options with index in [1] are selected on object 'Object Repository/PharmacyRequest/Page_Store/select_--Select--BA50'

2018-05-17 13:46:37 - [TEST_STEP][PASSED] - delay: Delayed 1 second(s)

2018-05-17 13:46:38 - [MESSAGE][PASSED] - Delayed 1 second(s)

2018-05-17 13:46:38 - [TEST_STEP][PASSED] - Statement - StockQty = com.kms.katalon.core.webui.keyword.WebUiBuiltInKeywords.getAttribute(com.kms.katalon.core.testobject.ObjectRepository.findTestObject(PharmacyRequest/Page_Store/input_txtprice), "value"): Attribute 'value' of object 'Object Repository/PharmacyRequest/Page_Store/input_txtprice' is: '80'

2018-05-17 13:46:38 - [MESSAGE][PASSED] - Attribute 'value' of object 'Object Repository/PharmacyRequest/Page_Store/input_txtprice' is: '80'

2018-05-17 13:46:38 - [TEST_STEP][PASSED] - Statement - out.println("Stock QTY : " + StockQty): null

2018-05-17 13:46:38 - [TEST_STEP][PASSED] - delay: Delayed 1 second(s)

2018-05-17 13:46:39 - [MESSAGE][PASSED] - Delayed 1 second(s)

2018-05-17 13:46:39 - [TEST_STEP][PASSED] - Statement - If (java.lang.Integer.valueOf(StockQty) >= java.lang.Integer.valueOf(RequestedQty)): null

2018-05-17 13:46:39 - [TEST_STEP][PASSED] - setText: Text '10' is set on object 'Object Repository/PharmacyRequest/Page_Store/input_txtqty'

2018-05-17 13:46:40 - [MESSAGE][PASSED] - Text '10' is set on object 'Object Repository/PharmacyRequest/Page_Store/input_txtqty'

2018-05-17 13:46:40 - [TEST_STEP][PASSED] - click: Object: 'Object Repository/PharmacyRequest/Page_Store/button_Add' is clicked on

2018-05-17 13:46:40 - [MESSAGE][PASSED] - Object: 'Object Repository/PharmacyRequest/Page_Store/button_Add' is clicked on

2018-05-17 13:46:40 - [TEST_STEP][PASSED] - Statement - Break: null

2018-05-17 13:46:40 - [TEST_STEP][PASSED] - selectOptionByIndex: All options with index in [10] are selected on object 'Object Repository/PharmacyRequest/Page_Store/select_--Select--Amlodepin -5'

2018-05-17 13:46:40 - [MESSAGE][PASSED] - All options with index in [10] are selected on object 'Object Repository/PharmacyRequest/Page_Store/select_--Select--Amlodepin -5'

2018-05-17 13:46:40 - [TEST_STEP][PASSED] - delay: Delayed 1 second(s)

2018-05-17 13:46:41 - [MESSAGE][PASSED] - Delayed 1 second(s)

2018-05-17 13:46:41 - [TEST_STEP][PASSED] - Statement - RequestedQty = com.kms.katalon.core.webui.keyword.WebUiBuiltInKeywords.getAttribute(com.kms.katalon.core.testobject.ObjectRepository.findTestObject(PharmacyRequest/Page_Store/input_txttotal), "value"): Attribute 'value' of object 'Object Repository/PharmacyRequest/Page_Store/input_txttotal' is: '10'

2018-05-17 13:46:41 - [MESSAGE][PASSED] - Attribute 'value' of object 'Object Repository/PharmacyRequest/Page_Store/input_txttotal' is: '10'

2018-05-17 13:46:41 - [TEST_STEP][PASSED] - Statement - out.println("Requested QTY : " + RequestedQty): null

2018-05-17 13:46:41 - [TEST_STEP][PASSED] - Statement - BatchNumber = com.kms.katalon.core.webui.keyword.WebUiBuiltInKeywords.getNumberOfTotalOption(com.kms.katalon.core.testobject.ObjectRepository.findTestObject(PharmacyRequest/Page_Store/select_--Select--BA50)): 3 options of object 'Object Repository/PharmacyRequest/Page_Store/select_--Select--BA50' counted

2018-05-17 13:46:41 - [MESSAGE][PASSED] - 3 options of object 'Object Repository/PharmacyRequest/Page_Store/select_--Select--BA50' counted

2018-05-17 13:46:41 - [TEST_STEP][PASSED] - Statement - For ([g = 1, g <= BatchNumber - 1, (g++)]): null

2018-05-17 13:46:41 - [TEST_STEP][PASSED] - selectOptionByIndex: All options with index in [1] are selected on object 'Object Repository/PharmacyRequest/Page_Store/select_--Select--BA50'

2018-05-17 13:46:41 - [MESSAGE][PASSED] - All options with index in [1] are selected on object 'Object Repository/PharmacyRequest/Page_Store/select_--Select--BA50'

2018-05-17 13:46:41 - [TEST_STEP][PASSED] - delay: Delayed 1 second(s)

2018-05-17 13:46:42 - [MESSAGE][PASSED] - Delayed 1 second(s)

2018-05-17 13:46:42 - [TEST_STEP][PASSED] - Statement - StockQty = com.kms.katalon.core.webui.keyword.WebUiBuiltInKeywords.getAttribute(com.kms.katalon.core.testobject.ObjectRepository.findTestObject(PharmacyRequest/Page_Store/input_txtprice), "value"): Attribute 'value' of object 'Object Repository/PharmacyRequest/Page_Store/input_txtprice' is: '180'

2018-05-17 13:46:42 - [MESSAGE][PASSED] - Attribute 'value' of object 'Object Repository/PharmacyRequest/Page_Store/input_txtprice' is: '180'

2018-05-17 13:46:42 - [TEST_STEP][PASSED] - Statement - out.println("Stock QTY : " + StockQty): null

2018-05-17 13:46:42 - [TEST_STEP][PASSED] - delay: Delayed 1 second(s)

2018-05-17 13:46:43 - [MESSAGE][PASSED] - Delayed 1 second(s)

2018-05-17 13:46:43 - [TEST_STEP][PASSED] - Statement - If (java.lang.Integer.valueOf(StockQty) >= java.lang.Integer.valueOf(RequestedQty)): null

2018-05-17 13:46:43 - [TEST_STEP][PASSED] - setText: Text '10' is set on object 'Object Repository/PharmacyRequest/Page_Store/input_txtqty'

2018-05-17 13:46:43 - [MESSAGE][PASSED] - Text '10' is set on object 'Object Repository/PharmacyRequest/Page_Store/input_txtqty'

2018-05-17 13:46:43 - [TEST_STEP][PASSED] - click: Object: 'Object Repository/PharmacyRequest/Page_Store/button_Add' is clicked on

2018-05-17 13:46:43 - [MESSAGE][PASSED] - Object: 'Object Repository/PharmacyRequest/Page_Store/button_Add' is clicked on

2018-05-17 13:46:43 - [TEST_STEP][PASSED] - Statement - Break: null

2018-05-17 13:46:43 - [TEST_STEP][PASSED] - selectOptionByIndex: All options with index in [11] are selected on object 'Object Repository/PharmacyRequest/Page_Store/select_--Select--Amlodepin -5'

2018-05-17 13:46:43 - [MESSAGE][PASSED] - All options with index in [11] are selected on object 'Object Repository/PharmacyRequest/Page_Store/select_--Select--Amlodepin -5'

2018-05-17 13:46:43 - [TEST_STEP][PASSED] - delay: Delayed 1 second(s)

2018-05-17 13:46:44 - [MESSAGE][PASSED] - Delayed 1 second(s)

2018-05-17 13:46:44 - [TEST_STEP][PASSED] - Statement - RequestedQty = com.kms.katalon.core.webui.keyword.WebUiBuiltInKeywords.getAttribute(com.kms.katalon.core.testobject.ObjectRepository.findTestObject(PharmacyRequest/Page_Store/input_txttotal), "value"): Attribute 'value' of object 'Object Repository/PharmacyRequest/Page_Store/input_txttotal' is: '10'

2018-05-17 13:46:44 - [MESSAGE][PASSED] - Attribute 'value' of object 'Object Repository/PharmacyRequest/Page_Store/input_txttotal' is: '10'

2018-05-17 13:46:44 - [TEST_STEP][PASSED] - Statement - out.println("Requested QTY : " + RequestedQty): null

2018-05-17 13:46:44 - [TEST_STEP][PASSED] - Statement - BatchNumber = com.kms.katalon.core.webui.keyword.WebUiBuiltInKeywords.getNumberOfTotalOption(com.kms.katalon.core.testobject.ObjectRepository.findTestObject(PharmacyRequest/Page_Store/select_--Select--BA50)): 4 options of object 'Object Repository/PharmacyRequest/Page_Store/select_--Select--BA50' counted

2018-05-17 13:46:44 - [MESSAGE][PASSED] - 4 options of object 'Object Repository/PharmacyRequest/Page_Store/select_--Select--BA50' counted

2018-05-17 13:46:44 - [TEST_STEP][PASSED] - Statement - For ([g = 1, g <= BatchNumber - 1, (g++)]): null

2018-05-17 13:46:44 - [TEST_STEP][PASSED] - selectOptionByIndex: All options with index in [1] are selected on object 'Object Repository/PharmacyRequest/Page_Store/select_--Select--BA50'

2018-05-17 13:46:45 - [MESSAGE][PASSED] - All options with index in [1] are selected on object 'Object Repository/PharmacyRequest/Page_Store/select_--Select--BA50'

2018-05-17 13:46:45 - [TEST_STEP][PASSED] - delay: Delayed 1 second(s)

2018-05-17 13:46:46 - [MESSAGE][PASSED] - Delayed 1 second(s)

2018-05-17 13:46:46 - [TEST_STEP][PASSED] - Statement - StockQty = com.kms.katalon.core.webui.keyword.WebUiBuiltInKeywords.getAttribute(com.kms.katalon.core.testobject.ObjectRepository.findTestObject(PharmacyRequest/Page_Store/input_txtprice), "value"): Attribute 'value' of object 'Object Repository/PharmacyRequest/Page_Store/input_txtprice' is: '72'

2018-05-17 13:46:46 - [MESSAGE][PASSED] - Attribute 'value' of object 'Object Repository/PharmacyRequest/Page_Store/input_txtprice' is: '72'

2018-05-17 13:46:46 - [TEST_STEP][PASSED] - Statement - out.println("Stock QTY : " + StockQty): null

2018-05-17 13:46:46 - [TEST_STEP][PASSED] - delay: Delayed 1 second(s)

2018-05-17 13:46:47 - [MESSAGE][PASSED] - Delayed 1 second(s)

2018-05-17 13:46:47 - [TEST_STEP][PASSED] - Statement - If (java.lang.Integer.valueOf(StockQty) >= java.lang.Integer.valueOf(RequestedQty)): null

2018-05-17 13:46:47 - [TEST_STEP][PASSED] - setText: Text '10' is set on object 'Object Repository/PharmacyRequest/Page_Store/input_txtqty'

2018-05-17 13:46:47 - [MESSAGE][PASSED] - Text '10' is set on object 'Object Repository/PharmacyRequest/Page_Store/input_txtqty'

2018-05-17 13:46:47 - [TEST_STEP][PASSED] - click: Object: 'Object Repository/PharmacyRequest/Page_Store/button_Add' is clicked on

2018-05-17 13:46:47 - [MESSAGE][PASSED] - Object: 'Object Repository/PharmacyRequest/Page_Store/button_Add' is clicked on

2018-05-17 13:46:47 - [TEST_STEP][PASSED] - Statement - Break: null

2018-05-17 13:46:47 - [TEST_STEP][PASSED] - selectOptionByIndex: All options with index in [12] are selected on object 'Object Repository/PharmacyRequest/Page_Store/select_--Select--Amlodepin -5'

2018-05-17 13:46:47 - [MESSAGE][PASSED] - All options with index in [12] are selected on object 'Object Repository/PharmacyRequest/Page_Store/select_--Select--Amlodepin -5'

2018-05-17 13:46:47 - [TEST_STEP][PASSED] - delay: Delayed 1 second(s)

2018-05-17 13:46:48 - [MESSAGE][PASSED] - Delayed 1 second(s)

2018-05-17 13:46:48 - [TEST_STEP][PASSED] - Statement - RequestedQty = com.kms.katalon.core.webui.keyword.WebUiBuiltInKeywords.getAttribute(com.kms.katalon.core.testobject.ObjectRepository.findTestObject(PharmacyRequest/Page_Store/input_txttotal), "value"): Attribute 'value' of object 'Object Repository/PharmacyRequest/Page_Store/input_txttotal' is: '10'

2018-05-17 13:46:48 - [MESSAGE][PASSED] - Attribute 'value' of object 'Object Repository/PharmacyRequest/Page_Store/input_txttotal' is: '10'

2018-05-17 13:46:48 - [TEST_STEP][PASSED] - Statement - out.println("Requested QTY : " + RequestedQty): null

2018-05-17 13:46:48 - [TEST_STEP][PASSED] - Statement - BatchNumber = com.kms.katalon.core.webui.keyword.WebUiBuiltInKeywords.getNumberOfTotalOption(com.kms.katalon.core.testobject.ObjectRepository.findTestObject(PharmacyRequest/Page_Store/select_--Select--BA50)): 4 options of object 'Object Repository/PharmacyRequest/Page_Store/select_--Select--BA50' counted

2018-05-17 13:46:48 - [MESSAGE][PASSED] - 4 options of object 'Object Repository/PharmacyRequest/Page_Store/select_--Select--BA50' counted

2018-05-17 13:46:48 - [TEST_STEP][PASSED] - Statement - For ([g = 1, g <= BatchNumber - 1, (g++)]): null

2018-05-17 13:46:48 - [TEST_STEP][PASSED] - selectOptionByIndex: All options with index in [1] are selected on object 'Object Repository/PharmacyRequest/Page_Store/select_--Select--BA50'

2018-05-17 13:46:48 - [MESSAGE][PASSED] - All options with index in [1] are selected on object 'Object Repository/PharmacyRequest/Page_Store/select_--Select--BA50'

2018-05-17 13:46:48 - [TEST_STEP][PASSED] - delay: Delayed 1 second(s)

2018-05-17 13:46:49 - [MESSAGE][PASSED] - Delayed 1 second(s)

2018-05-17 13:46:49 - [TEST_STEP][PASSED] - Statement - StockQty = com.kms.katalon.core.webui.keyword.WebUiBuiltInKeywords.getAttribute(com.kms.katalon.core.testobject.ObjectRepository.findTestObject(PharmacyRequest/Page_Store/input_txtprice), "value"): Attribute 'value' of object 'Object Repository/PharmacyRequest/Page_Store/input_txtprice' is: '80'

2018-05-17 13:46:49 - [MESSAGE][PASSED] - Attribute 'value' of object 'Object Repository/PharmacyRequest/Page_Store/input_txtprice' is: '80'

2018-05-17 13:46:49 - [TEST_STEP][PASSED] - Statement - out.println("Stock QTY : " + StockQty): null

2018-05-17 13:46:49 - [TEST_STEP][PASSED] - delay: Delayed 1 second(s)

2018-05-17 13:46:50 - [MESSAGE][PASSED] - Delayed 1 second(s)

2018-05-17 13:46:50 - [TEST_STEP][PASSED] - Statement - If (java.lang.Integer.valueOf(StockQty) >= java.lang.Integer.valueOf(RequestedQty)): null

2018-05-17 13:46:50 - [TEST_STEP][PASSED] - setText: Text '10' is set on object 'Object Repository/PharmacyRequest/Page_Store/input_txtqty'

2018-05-17 13:46:50 - [MESSAGE][PASSED] - Text '10' is set on object 'Object Repository/PharmacyRequest/Page_Store/input_txtqty'

2018-05-17 13:46:50 - [TEST_STEP][PASSED] - click: Object: 'Object Repository/PharmacyRequest/Page_Store/button_Add' is clicked on

2018-05-17 13:46:51 - [MESSAGE][PASSED] - Object: 'Object Repository/PharmacyRequest/Page_Store/button_Add' is clicked on

2018-05-17 13:46:51 - [TEST_STEP][PASSED] - Statement - Break: null

2018-05-17 13:46:51 - [TEST_STEP][PASSED] - selectOptionByIndex: All options with index in [13] are selected on object 'Object Repository/PharmacyRequest/Page_Store/select_--Select--Amlodepin -5'

2018-05-17 13:46:51 - [MESSAGE][PASSED] - All options with index in [13] are selected on object 'Object Repository/PharmacyRequest/Page_Store/select_--Select--Amlodepin -5'

2018-05-17 13:46:51 - [TEST_STEP][PASSED] - delay: Delayed 1 second(s)

2018-05-17 13:46:52 - [MESSAGE][PASSED] - Delayed 1 second(s)

2018-05-17 13:46:52 - [TEST_STEP][PASSED] - Statement - RequestedQty = com.kms.katalon.core.webui.keyword.WebUiBuiltInKeywords.getAttribute(com.kms.katalon.core.testobject.ObjectRepository.findTestObject(PharmacyRequest/Page_Store/input_txttotal), "value"): Attribute 'value' of object 'Object Repository/PharmacyRequest/Page_Store/input_txttotal' is: '10'

2018-05-17 13:46:52 - [MESSAGE][PASSED] - Attribute 'value' of object 'Object Repository/PharmacyRequest/Page_Store/input_txttotal' is: '10'

2018-05-17 13:46:52 - [TEST_STEP][PASSED] - Statement - out.println("Requested QTY : " + RequestedQty): null

2018-05-17 13:46:52 - [TEST_STEP][PASSED] - Statement - BatchNumber = com.kms.katalon.core.webui.keyword.WebUiBuiltInKeywords.getNumberOfTotalOption(com.kms.katalon.core.testobject.ObjectRepository.findTestObject(PharmacyRequest/Page_Store/select_--Select--BA50)): 3 options of object 'Object Repository/PharmacyRequest/Page_Store/select_--Select--BA50' counted

2018-05-17 13:46:52 - [MESSAGE][PASSED] - 3 options of object 'Object Repository/PharmacyRequest/Page_Store/select_--Select--BA50' counted

2018-05-17 13:46:52 - [TEST_STEP][PASSED] - Statement - For ([g = 1, g <= BatchNumber - 1, (g++)]): null

2018-05-17 13:46:52 - [TEST_STEP][PASSED] - selectOptionByIndex: All options with index in [1] are selected on object 'Object Repository/PharmacyRequest/Page_Store/select_--Select--BA50'

2018-05-17 13:46:52 - [MESSAGE][PASSED] - All options with index in [1] are selected on object 'Object Repository/PharmacyRequest/Page_Store/select_--Select--BA50'

2018-05-17 13:46:52 - [TEST_STEP][PASSED] - delay: Delayed 1 second(s)

2018-05-17 13:46:53 - [MESSAGE][PASSED] - Delayed 1 second(s)

2018-05-17 13:46:53 - [TEST_STEP][PASSED] - Statement - StockQty = com.kms.katalon.core.webui.keyword.WebUiBuiltInKeywords.getAttribute(com.kms.katalon.core.testobject.ObjectRepository.findTestObject(PharmacyRequest/Page_Store/input_txtprice), "value"): Attribute 'value' of object 'Object Repository/PharmacyRequest/Page_Store/input_txtprice' is: '1040'

2018-05-17 13:46:53 - [MESSAGE][PASSED] - Attribute 'value' of object 'Object Repository/PharmacyRequest/Page_Store/input_txtprice' is: '1040'

2018-05-17 13:46:53 - [TEST_STEP][PASSED] - Statement - out.println("Stock QTY : " + StockQty): null

2018-05-17 13:46:53 - [TEST_STEP][PASSED] - delay: Delayed 1 second(s)

2018-05-17 13:46:54 - [MESSAGE][PASSED] - Delayed 1 second(s)

2018-05-17 13:46:54 - [TEST_STEP][PASSED] - Statement - If (java.lang.Integer.valueOf(StockQty) >= java.lang.Integer.valueOf(RequestedQty)): null

2018-05-17 13:46:54 - [TEST_STEP][PASSED] - setText: Text '10' is set on object 'Object Repository/PharmacyRequest/Page_Store/input_txtqty'

2018-05-17 13:46:54 - [MESSAGE][PASSED] - Text '10' is set on object 'Object Repository/PharmacyRequest/Page_Store/input_txtqty'

2018-05-17 13:46:54 - [TEST_STEP][PASSED] - click: Object: 'Object Repository/PharmacyRequest/Page_Store/button_Add' is clicked on

2018-05-17 13:46:54 - [MESSAGE][PASSED] - Object: 'Object Repository/PharmacyRequest/Page_Store/button_Add' is clicked on

2018-05-17 13:46:54 - [TEST_STEP][PASSED] - Statement - Break: null

2018-05-17 13:46:54 - [TEST_STEP][PASSED] - selectOptionByIndex: All options with index in [14] are selected on object 'Object Repository/PharmacyRequest/Page_Store/select_--Select--Amlodepin -5'

2018-05-17 13:46:54 - [MESSAGE][PASSED] - All options with index in [14] are selected on object 'Object Repository/PharmacyRequest/Page_Store/select_--Select--Amlodepin -5'

2018-05-17 13:46:54 - [TEST_STEP][PASSED] - delay: Delayed 1 second(s)

2018-05-17 13:46:55 - [MESSAGE][PASSED] - Delayed 1 second(s)

2018-05-17 13:46:55 - [TEST_STEP][PASSED] - Statement - RequestedQty = com.kms.katalon.core.webui.keyword.WebUiBuiltInKeywords.getAttribute(com.kms.katalon.core.testobject.ObjectRepository.findTestObject(PharmacyRequest/Page_Store/input_txttotal), "value"): Attribute 'value' of object 'Object Repository/PharmacyRequest/Page_Store/input_txttotal' is: '10'

2018-05-17 13:46:55 - [MESSAGE][PASSED] - Attribute 'value' of object 'Object Repository/PharmacyRequest/Page_Store/input_txttotal' is: '10'

2018-05-17 13:46:55 - [TEST_STEP][PASSED] - Statement - out.println("Requested QTY : " + RequestedQty): null

2018-05-17 13:46:55 - [TEST_STEP][PASSED] - Statement - BatchNumber = com.kms.katalon.core.webui.keyword.WebUiBuiltInKeywords.getNumberOfTotalOption(com.kms.katalon.core.testobject.ObjectRepository.findTestObject(PharmacyRequest/Page_Store/select_--Select--BA50)): 4 options of object 'Object Repository/PharmacyRequest/Page_Store/select_--Select--BA50' counted

2018-05-17 13:46:55 - [MESSAGE][PASSED] - 4 options of object 'Object Repository/PharmacyRequest/Page_Store/select_--Select--BA50' counted

2018-05-17 13:46:55 - [TEST_STEP][PASSED] - Statement - For ([g = 1, g <= BatchNumber - 1, (g++)]): null

2018-05-17 13:46:55 - [TEST_STEP][PASSED] - selectOptionByIndex: All options with index in [1] are selected on object 'Object Repository/PharmacyRequest/Page_Store/select_--Select--BA50'

2018-05-17 13:46:56 - [MESSAGE][PASSED] - All options with index in [1] are selected on object 'Object Repository/PharmacyRequest/Page_Store/select_--Select--BA50'

2018-05-17 13:46:56 - [TEST_STEP][PASSED] - delay: Delayed 1 second(s)

2018-05-17 13:46:57 - [MESSAGE][PASSED] - Delayed 1 second(s)

2018-05-17 13:46:57 - [TEST_STEP][PASSED] - Statement - StockQty = com.kms.katalon.core.webui.keyword.WebUiBuiltInKeywords.getAttribute(com.kms.katalon.core.testobject.ObjectRepository.findTestObject(PharmacyRequest/Page_Store/input_txtprice), "value"): Attribute 'value' of object 'Object Repository/PharmacyRequest/Page_Store/input_txtprice' is: '80'

2018-05-17 13:46:57 - [MESSAGE][PASSED] - Attribute 'value' of object 'Object Repository/PharmacyRequest/Page_Store/input_txtprice' is: '80'

2018-05-17 13:46:57 - [TEST_STEP][PASSED] - Statement - out.println("Stock QTY : " + StockQty): null

2018-05-17 13:46:57 - [TEST_STEP][PASSED] - delay: Delayed 1 second(s)

2018-05-17 13:46:58 - [MESSAGE][PASSED] - Delayed 1 second(s)

2018-05-17 13:46:58 - [TEST_STEP][PASSED] - Statement - If (java.lang.Integer.valueOf(StockQty) >= java.lang.Integer.valueOf(RequestedQty)): null

2018-05-17 13:46:58 - [TEST_STEP][PASSED] - setText: Text '10' is set on object 'Object Repository/PharmacyRequest/Page_Store/input_txtqty'

2018-05-17 13:46:58 - [MESSAGE][PASSED] - Text '10' is set on object 'Object Repository/PharmacyRequest/Page_Store/input_txtqty'

2018-05-17 13:46:58 - [TEST_STEP][PASSED] - click: Object: 'Object Repository/PharmacyRequest/Page_Store/button_Add' is clicked on

2018-05-17 13:46:58 - [MESSAGE][PASSED] - Object: 'Object Repository/PharmacyRequest/Page_Store/button_Add' is clicked on

2018-05-17 13:46:58 - [TEST_STEP][PASSED] - Statement - Break: null

2018-05-17 13:46:58 - [TEST_STEP][PASSED] - selectOptionByIndex: All options with index in [15] are selected on object 'Object Repository/PharmacyRequest/Page_Store/select_--Select--Amlodepin -5'

2018-05-17 13:46:58 - [MESSAGE][PASSED] - All options with index in [15] are selected on object 'Object Repository/PharmacyRequest/Page_Store/select_--Select--Amlodepin -5'

2018-05-17 13:46:58 - [TEST_STEP][PASSED] - delay: Delayed 1 second(s)

2018-05-17 13:46:59 - [MESSAGE][PASSED] - Delayed 1 second(s)

2018-05-17 13:46:59 - [TEST_STEP][PASSED] - Statement - RequestedQty = com.kms.katalon.core.webui.keyword.WebUiBuiltInKeywords.getAttribute(com.kms.katalon.core.testobject.ObjectRepository.findTestObject(PharmacyRequest/Page_Store/input_txttotal), "value"): Attribute 'value' of object 'Object Repository/PharmacyRequest/Page_Store/input_txttotal' is: '10'

2018-05-17 13:46:59 - [MESSAGE][PASSED] - Attribute 'value' of object 'Object Repository/PharmacyRequest/Page_Store/input_txttotal' is: '10'

2018-05-17 13:46:59 - [TEST_STEP][PASSED] - Statement - out.println("Requested QTY : " + RequestedQty): null

2018-05-17 13:46:59 - [TEST_STEP][PASSED] - Statement - BatchNumber = com.kms.katalon.core.webui.keyword.WebUiBuiltInKeywords.getNumberOfTotalOption(com.kms.katalon.core.testobject.ObjectRepository.findTestObject(PharmacyRequest/Page_Store/select_--Select--BA50)): 4 options of object 'Object Repository/PharmacyRequest/Page_Store/select_--Select--BA50' counted

2018-05-17 13:46:59 - [MESSAGE][PASSED] - 4 options of object 'Object Repository/PharmacyRequest/Page_Store/select_--Select--BA50' counted

2018-05-17 13:46:59 - [TEST_STEP][PASSED] - Statement - For ([g = 1, g <= BatchNumber - 1, (g++)]): null

2018-05-17 13:46:59 - [TEST_STEP][PASSED] - selectOptionByIndex: All options with index in [1] are selected on object 'Object Repository/PharmacyRequest/Page_Store/select_--Select--BA50'

2018-05-17 13:46:59 - [MESSAGE][PASSED] - All options with index in [1] are selected on object 'Object Repository/PharmacyRequest/Page_Store/select_--Select--BA50'

2018-05-17 13:46:59 - [TEST_STEP][PASSED] - delay: Delayed 1 second(s)

2018-05-17 13:47:00 - [MESSAGE][PASSED] - Delayed 1 second(s)

2018-05-17 13:47:00 - [TEST_STEP][PASSED] - Statement - StockQty = com.kms.katalon.core.webui.keyword.WebUiBuiltInKeywords.getAttribute(com.kms.katalon.core.testobject.ObjectRepository.findTestObject(PharmacyRequest/Page_Store/input_txtprice), "value"): Attribute 'value' of object 'Object Repository/PharmacyRequest/Page_Store/input_txtprice' is: '80'

2018-05-17 13:47:00 - [MESSAGE][PASSED] - Attribute 'value' of object 'Object Repository/PharmacyRequest/Page_Store/input_txtprice' is: '80'

2018-05-17 13:47:00 - [TEST_STEP][PASSED] - Statement - out.println("Stock QTY : " + StockQty): null

2018-05-17 13:47:00 - [TEST_STEP][PASSED] - delay: Delayed 1 second(s)

2018-05-17 13:47:01 - [MESSAGE][PASSED] - Delayed 1 second(s)

2018-05-17 13:47:01 - [TEST_STEP][PASSED] - Statement - If (java.lang.Integer.valueOf(StockQty) >= java.lang.Integer.valueOf(RequestedQty)): null

2018-05-17 13:47:01 - [TEST_STEP][PASSED] - setText: Text '10' is set on object 'Object Repository/PharmacyRequest/Page_Store/input_txtqty'

2018-05-17 13:47:01 - [MESSAGE][PASSED] - Text '10' is set on object 'Object Repository/PharmacyRequest/Page_Store/input_txtqty'

2018-05-17 13:47:01 - [TEST_STEP][PASSED] - click: Object: 'Object Repository/PharmacyRequest/Page_Store/button_Add' is clicked on

2018-05-17 13:47:01 - [MESSAGE][PASSED] - Object: 'Object Repository/PharmacyRequest/Page_Store/button_Add' is clicked on

2018-05-17 13:47:01 - [TEST_STEP][PASSED] - Statement - Break: null

2018-05-17 13:47:01 - [TEST_STEP][PASSED] - selectOptionByIndex: All options with index in [16] are selected on object 'Object Repository/PharmacyRequest/Page_Store/select_--Select--Amlodepin -5'

2018-05-17 13:47:02 - [MESSAGE][PASSED] - All options with index in [16] are selected on object 'Object Repository/PharmacyRequest/Page_Store/select_--Select--Amlodepin -5'

2018-05-17 13:47:02 - [TEST_STEP][PASSED] - delay: Delayed 1 second(s)

2018-05-17 13:47:03 - [MESSAGE][PASSED] - Delayed 1 second(s)

2018-05-17 13:47:03 - [TEST_STEP][PASSED] - Statement - RequestedQty = com.kms.katalon.core.webui.keyword.WebUiBuiltInKeywords.getAttribute(com.kms.katalon.core.testobject.ObjectRepository.findTestObject(PharmacyRequest/Page_Store/input_txttotal), "value"): Attribute 'value' of object 'Object Repository/PharmacyRequest/Page_Store/input_txttotal' is: '10'

2018-05-17 13:47:03 - [MESSAGE][PASSED] - Attribute 'value' of object 'Object Repository/PharmacyRequest/Page_Store/input_txttotal' is: '10'

2018-05-17 13:47:03 - [TEST_STEP][PASSED] - Statement - out.println("Requested QTY : " + RequestedQty): null

2018-05-17 13:47:03 - [TEST_STEP][PASSED] - Statement - BatchNumber = com.kms.katalon.core.webui.keyword.WebUiBuiltInKeywords.getNumberOfTotalOption(com.kms.katalon.core.testobject.ObjectRepository.findTestObject(PharmacyRequest/Page_Store/select_--Select--BA50)): 4 options of object 'Object Repository/PharmacyRequest/Page_Store/select_--Select--BA50' counted

2018-05-17 13:47:03 - [MESSAGE][PASSED] - 4 options of object 'Object Repository/PharmacyRequest/Page_Store/select_--Select--BA50' counted

2018-05-17 13:47:03 - [TEST_STEP][PASSED] - Statement - For ([g = 1, g <= BatchNumber - 1, (g++)]): null

2018-05-17 13:47:03 - [TEST_STEP][PASSED] - selectOptionByIndex: All options with index in [1] are selected on object 'Object Repository/PharmacyRequest/Page_Store/select_--Select--BA50'

2018-05-17 13:47:03 - [MESSAGE][PASSED] - All options with index in [1] are selected on object 'Object Repository/PharmacyRequest/Page_Store/select_--Select--BA50'

2018-05-17 13:47:03 - [TEST_STEP][PASSED] - delay: Delayed 1 second(s)

2018-05-17 13:47:04 - [MESSAGE][PASSED] - Delayed 1 second(s)

2018-05-17 13:47:04 - [TEST_STEP][PASSED] - Statement - StockQty = com.kms.katalon.core.webui.keyword.WebUiBuiltInKeywords.getAttribute(com.kms.katalon.core.testobject.ObjectRepository.findTestObject(PharmacyRequest/Page_Store/input_txtprice), "value"): Attribute 'value' of object 'Object Repository/PharmacyRequest/Page_Store/input_txtprice' is: '80'

2018-05-17 13:47:04 - [MESSAGE][PASSED] - Attribute 'value' of object 'Object Repository/PharmacyRequest/Page_Store/input_txtprice' is: '80'

2018-05-17 13:47:04 - [TEST_STEP][PASSED] - Statement - out.println("Stock QTY : " + StockQty): null

2018-05-17 13:47:04 - [TEST_STEP][PASSED] - delay: Delayed 1 second(s)

2018-05-17 13:47:05 - [MESSAGE][PASSED] - Delayed 1 second(s)

2018-05-17 13:47:05 - [TEST_STEP][PASSED] - Statement - If (java.lang.Integer.valueOf(StockQty) >= java.lang.Integer.valueOf(RequestedQty)): null

2018-05-17 13:47:05 - [TEST_STEP][PASSED] - setText: Text '10' is set on object 'Object Repository/PharmacyRequest/Page_Store/input_txtqty'

2018-05-17 13:47:05 - [MESSAGE][PASSED] - Text '10' is set on object 'Object Repository/PharmacyRequest/Page_Store/input_txtqty'

2018-05-17 13:47:05 - [TEST_STEP][PASSED] - click: Object: 'Object Repository/PharmacyRequest/Page_Store/button_Add' is clicked on

2018-05-17 13:47:05 - [MESSAGE][PASSED] - Object: 'Object Repository/PharmacyRequest/Page_Store/button_Add' is clicked on

2018-05-17 13:47:05 - [TEST_STEP][PASSED] - Statement - Break: null

2018-05-17 13:47:05 - [TEST_STEP][PASSED] - selectOptionByIndex: All options with index in [17] are selected on object 'Object Repository/PharmacyRequest/Page_Store/select_--Select--Amlodepin -5'

2018-05-17 13:47:05 - [MESSAGE][PASSED] - All options with index in [17] are selected on object 'Object Repository/PharmacyRequest/Page_Store/select_--Select--Amlodepin -5'

2018-05-17 13:47:05 - [TEST_STEP][PASSED] - delay: Delayed 1 second(s)

2018-05-17 13:47:06 - [MESSAGE][PASSED] - Delayed 1 second(s)

2018-05-17 13:47:06 - [TEST_STEP][PASSED] - Statement - RequestedQty = com.kms.katalon.core.webui.keyword.WebUiBuiltInKeywords.getAttribute(com.kms.katalon.core.testobject.ObjectRepository.findTestObject(PharmacyRequest/Page_Store/input_txttotal), "value"): Attribute 'value' of object 'Object Repository/PharmacyRequest/Page_Store/input_txttotal' is: '10'

2018-05-17 13:47:06 - [MESSAGE][PASSED] - Attribute 'value' of object 'Object Repository/PharmacyRequest/Page_Store/input_txttotal' is: '10'

2018-05-17 13:47:06 - [TEST_STEP][PASSED] - Statement - out.println("Requested QTY : " + RequestedQty): null

2018-05-17 13:47:06 - [TEST_STEP][PASSED] - Statement - BatchNumber = com.kms.katalon.core.webui.keyword.WebUiBuiltInKeywords.getNumberOfTotalOption(com.kms.katalon.core.testobject.ObjectRepository.findTestObject(PharmacyRequest/Page_Store/select_--Select--BA50)): 3 options of object 'Object Repository/PharmacyRequest/Page_Store/select_--Select--BA50' counted

2018-05-17 13:47:06 - [MESSAGE][PASSED] - 3 options of object 'Object Repository/PharmacyRequest/Page_Store/select_--Select--BA50' counted

2018-05-17 13:47:06 - [TEST_STEP][PASSED] - Statement - For ([g = 1, g <= BatchNumber - 1, (g++)]): null

2018-05-17 13:47:06 - [TEST_STEP][PASSED] - selectOptionByIndex: All options with index in [1] are selected on object 'Object Repository/PharmacyRequest/Page_Store/select_--Select--BA50'

2018-05-17 13:47:07 - [MESSAGE][PASSED] - All options with index in [1] are selected on object 'Object Repository/PharmacyRequest/Page_Store/select_--Select--BA50'

2018-05-17 13:47:07 - [TEST_STEP][PASSED] - delay: Delayed 1 second(s)

2018-05-17 13:47:08 - [MESSAGE][PASSED] - Delayed 1 second(s)

2018-05-17 13:47:08 - [TEST_STEP][PASSED] - Statement - StockQty = com.kms.katalon.core.webui.keyword.WebUiBuiltInKeywords.getAttribute(com.kms.katalon.core.testobject.ObjectRepository.findTestObject(PharmacyRequest/Page_Store/input_txtprice), "value"): Attribute 'value' of object 'Object Repository/PharmacyRequest/Page_Store/input_txtprice' is: '1040'

2018-05-17 13:47:08 - [MESSAGE][PASSED] - Attribute 'value' of object 'Object Repository/PharmacyRequest/Page_Store/input_txtprice' is: '1040'

2018-05-17 13:47:08 - [TEST_STEP][PASSED] - Statement - out.println("Stock QTY : " + StockQty): null

2018-05-17 13:47:08 - [TEST_STEP][PASSED] - delay: Delayed 1 second(s)

2018-05-17 13:47:09 - [MESSAGE][PASSED] - Delayed 1 second(s)

2018-05-17 13:47:09 - [TEST_STEP][PASSED] - Statement - If (java.lang.Integer.valueOf(StockQty) >= java.lang.Integer.valueOf(RequestedQty)): null

2018-05-17 13:47:09 - [TEST_STEP][PASSED] - setText: Text '10' is set on object 'Object Repository/PharmacyRequest/Page_Store/input_txtqty'

2018-05-17 13:47:09 - [MESSAGE][PASSED] - Text '10' is set on object 'Object Repository/PharmacyRequest/Page_Store/input_txtqty'

2018-05-17 13:47:09 - [TEST_STEP][PASSED] - click: Object: 'Object Repository/PharmacyRequest/Page_Store/button_Add' is clicked on

2018-05-17 13:47:09 - [MESSAGE][PASSED] - Object: 'Object Repository/PharmacyRequest/Page_Store/button_Add' is clicked on

2018-05-17 13:47:09 - [TEST_STEP][PASSED] - Statement - Break: null

2018-05-17 13:47:09 - [TEST_STEP][PASSED] - selectOptionByIndex: All options with index in [18] are selected on object 'Object Repository/PharmacyRequest/Page_Store/select_--Select--Amlodepin -5'

2018-05-17 13:47:09 - [MESSAGE][PASSED] - All options with index in [18] are selected on object 'Object Repository/PharmacyRequest/Page_Store/select_--Select--Amlodepin -5'

2018-05-17 13:47:09 - [TEST_STEP][PASSED] - delay: Delayed 1 second(s)

2018-05-17 13:47:10 - [MESSAGE][PASSED] - Delayed 1 second(s)

2018-05-17 13:47:10 - [TEST_STEP][PASSED] - Statement - RequestedQty = com.kms.katalon.core.webui.keyword.WebUiBuiltInKeywords.getAttribute(com.kms.katalon.core.testobject.ObjectRepository.findTestObject(PharmacyRequest/Page_Store/input_txttotal), "value"): Attribute 'value' of object 'Object Repository/PharmacyRequest/Page_Store/input_txttotal' is: '10'

2018-05-17 13:47:10 - [MESSAGE][PASSED] - Attribute 'value' of object 'Object Repository/PharmacyRequest/Page_Store/input_txttotal' is: '10'

2018-05-17 13:47:10 - [TEST_STEP][PASSED] - Statement - out.println("Requested QTY : " + RequestedQty): null

2018-05-17 13:47:10 - [TEST_STEP][PASSED] - Statement - BatchNumber = com.kms.katalon.core.webui.keyword.WebUiBuiltInKeywords.getNumberOfTotalOption(com.kms.katalon.core.testobject.ObjectRepository.findTestObject(PharmacyRequest/Page_Store/select_--Select--BA50)): 4 options of object 'Object Repository/PharmacyRequest/Page_Store/select_--Select--BA50' counted

2018-05-17 13:47:10 - [MESSAGE][PASSED] - 4 options of object 'Object Repository/PharmacyRequest/Page_Store/select_--Select--BA50' counted

2018-05-17 13:47:10 - [TEST_STEP][PASSED] - Statement - For ([g = 1, g <= BatchNumber - 1, (g++)]): null

2018-05-17 13:47:10 - [TEST_STEP][PASSED] - selectOptionByIndex: All options with index in [1] are selected on object 'Object Repository/PharmacyRequest/Page_Store/select_--Select--BA50'

2018-05-17 13:47:10 - [MESSAGE][PASSED] - All options with index in [1] are selected on object 'Object Repository/PharmacyRequest/Page_Store/select_--Select--BA50'

2018-05-17 13:47:10 - [TEST_STEP][PASSED] - delay: Delayed 1 second(s)

2018-05-17 13:47:11 - [MESSAGE][PASSED] - Delayed 1 second(s)

2018-05-17 13:47:11 - [TEST_STEP][PASSED] - Statement - StockQty = com.kms.katalon.core.webui.keyword.WebUiBuiltInKeywords.getAttribute(com.kms.katalon.core.testobject.ObjectRepository.findTestObject(PharmacyRequest/Page_Store/input_txtprice), "value"): Attribute 'value' of object 'Object Repository/PharmacyRequest/Page_Store/input_txtprice' is: '80'

2018-05-17 13:47:11 - [MESSAGE][PASSED] - Attribute 'value' of object 'Object Repository/PharmacyRequest/Page_Store/input_txtprice' is: '80'

2018-05-17 13:47:11 - [TEST_STEP][PASSED] - Statement - out.println("Stock QTY : " + StockQty): null

2018-05-17 13:47:11 - [TEST_STEP][PASSED] - delay: Delayed 1 second(s)

2018-05-17 13:47:12 - [MESSAGE][PASSED] - Delayed 1 second(s)

2018-05-17 13:47:12 - [TEST_STEP][PASSED] - Statement - If (java.lang.Integer.valueOf(StockQty) >= java.lang.Integer.valueOf(RequestedQty)): null

2018-05-17 13:47:12 - [TEST_STEP][PASSED] - setText: Text '10' is set on object 'Object Repository/PharmacyRequest/Page_Store/input_txtqty'

2018-05-17 13:47:12 - [MESSAGE][PASSED] - Text '10' is set on object 'Object Repository/PharmacyRequest/Page_Store/input_txtqty'

2018-05-17 13:47:12 - [TEST_STEP][PASSED] - click: Object: 'Object Repository/PharmacyRequest/Page_Store/button_Add' is clicked on

2018-05-17 13:47:12 - [MESSAGE][PASSED] - Object: 'Object Repository/PharmacyRequest/Page_Store/button_Add' is clicked on

2018-05-17 13:47:12 - [TEST_STEP][PASSED] - Statement - Break: null

2018-05-17 13:47:12 - [TEST_STEP][PASSED] - scrollToElement: Scroll to object 'Object Repository/PharmacyRequest/Page_Store/input_btnSubmit' successfully

2018-05-17 13:47:12 - [MESSAGE][PASSED] - Scroll to object 'Object Repository/PharmacyRequest/Page_Store/input_btnSubmit' successfully

2018-05-17 13:47:12 - [TEST_STEP][PASSED] - click: Object: 'Object Repository/PharmacyRequest/Page_Store/input_btnSubmit' is clicked on

2018-05-17 13:47:12 - [MESSAGE][PASSED] - Object: 'Object Repository/PharmacyRequest/Page_Store/input_btnSubmit' is clicked on

2018-05-17 13:47:12 - [TEST_STEP][PASSED] - delay: Delayed 3 second(s)

2018-05-17 13:47:15 - [MESSAGE][PASSED] - Delayed 3 second(s)

2018-05-17 13:47:15 - [TEST_STEP][PASSED] - click: Object: 'Object Repository/PharmacyRequest/Page_Store/button_OK' is clicked on

2018-05-17 13:47:16 - [MESSAGE][PASSED] - Object: 'Object Repository/PharmacyRequest/Page_Store/button_OK' is clicked on

2018-05-17 13:47:16 - [TEST_STEP][PASSED] - delay: Delayed 3 second(s)

2018-05-17 13:47:19 - [MESSAGE][PASSED] - Delayed 3 second(s)

2018-05-17 13:47:19 - [TEST_STEP][PASSED] - click: Object: 'Object Repository/PharmacyRequest/Page_Store/a_dropdown-toggle' is clicked on

2018-05-17 13:47:19 - [MESSAGE][PASSED] - Object: 'Object Repository/PharmacyRequest/Page_Store/a_dropdown-toggle' is clicked on

2018-05-17 13:47:19 - [TEST_STEP][PASSED] - click: Object: 'Object Repository/PharmacyRequest/Page_Store/a_Sign out' is clicked on

2018-05-17 13:47:20 - [MESSAGE][PASSED] - Object: 'Object Repository/PharmacyRequest/Page_Store/a_Sign out' is clicked on

2018-05-17 13:47:20 - [TEST_STEP][PASSED] - closeBrowser: Browser is closed

2018-05-17 13:47:20 - [MESSAGE][PASSED] - Browser is closed

2018-05-17 13:47:20 - [TEST_STEP][PASSED] - Statement - out.println("Schedule 10 Pharmacy Request Are Working Successfully"): null]]></system-out>
         <system-err><![CDATA[]]></system-err>
      </testcase>
      <testcase name="Test Cases/PHARMACY TEST CASES/TC_PHAR_011 Verify Schedule 11 Pharmacy Request Are Working Successfully Or Not" classname="Test Cases/PHARMACY TEST CASES/TC_PHAR_011 Verify Schedule 11 Pharmacy Request Are Working Successfully Or Not" status="FAILED">
         <failure type="FAILED" message="Unable to set text '10' of object 'Object Repository/PharmacyRequest/Page_KDMC-Pharmacy/input_txttreat' (Root cause: org.openqa.selenium.WebDriverException: unknown error: cannot focus element
  (Session info: chrome=66.0.3359.139)
  (Driver info: chromedriver=2.35.528161 (5b82f2d2aae0ca24b877009200ced9065a772e73),platform=Windows NT 10.0.17134 x86_64) (WARNING: The server did not provide any stacktrace information)
Command duration or timeout: 0 milliseconds
Build info: version: '3.7.1', revision: '8a0099a', time: '2017-11-06T21:07:36.161Z'
System info: host: 'DESKTOP-BLFTK83', ip: '192.168.71.2', os.name: 'Windows 10', os.arch: 'amd64', os.version: '10.0', java.version: '1.8.0_102'
Driver info: com.kms.katalon.selenium.driver.CChromeDriver
Capabilities {acceptInsecureCerts: false, acceptSslCerts: false, applicationCacheEnabled: false, browserConnectionEnabled: false, browserName: chrome, chrome: {chromedriverVersion: 2.35.528161 (5b82f2d2aae0ca..., userDataDir: C:\Users\QUALIT~1\AppData\L...}, cssSelectorsEnabled: true, databaseEnabled: false, handlesAlerts: true, hasTouchScreen: false, javascriptEnabled: true, locationContextEnabled: true, mobileEmulationEnabled: false, nativeEvents: true, networkConnectionEnabled: false, pageLoadStrategy: normal, platform: XP, platformName: XP, rotatable: false, setWindowRect: true, takesHeapSnapshot: true, takesScreenshot: true, unexpectedAlertBehaviour: , unhandledPromptBehavior: , version: 66.0.3359.139, webStorageEnabled: true}
Session ID: ca8b343343f777350f34599ddc331a36)"/>
         <system-out><![CDATA[2018-05-17 13:47:20 - [TEST_CASE][FAILED] - Test Cases/PHARMACY TEST CASES/TC_PHAR_011 Verify Schedule 11 Pharmacy Request Are Working Successfully Or Not: Test Cases/PHARMACY TEST CASES/TC_PHAR_011 Verify Schedule 11 Pharmacy Request Are Working Successfully Or Not FAILED because (of) Unable to set text '10' of object 'Object Repository/PharmacyRequest/Page_KDMC-Pharmacy/input_txttreat' (Root cause: org.openqa.selenium.WebDriverException: unknown error: cannot focus element
  (Session info: chrome=66.0.3359.139)
  (Driver info: chromedriver=2.35.528161 (5b82f2d2aae0ca24b877009200ced9065a772e73),platform=Windows NT 10.0.17134 x86_64) (WARNING: The server did not provide any stacktrace information)
Command duration or timeout: 0 milliseconds
Build info: version: '3.7.1', revision: '8a0099a', time: '2017-11-06T21:07:36.161Z'
System info: host: 'DESKTOP-BLFTK83', ip: '192.168.71.2', os.name: 'Windows 10', os.arch: 'amd64', os.version: '10.0', java.version: '1.8.0_102'
Driver info: com.kms.katalon.selenium.driver.CChromeDriver
Capabilities {acceptInsecureCerts: false, acceptSslCerts: false, applicationCacheEnabled: false, browserConnectionEnabled: false, browserName: chrome, chrome: {chromedriverVersion: 2.35.528161 (5b82f2d2aae0ca..., userDataDir: C:\Users\QUALIT~1\AppData\L...}, cssSelectorsEnabled: true, databaseEnabled: false, handlesAlerts: true, hasTouchScreen: false, javascriptEnabled: true, locationContextEnabled: true, mobileEmulationEnabled: false, nativeEvents: true, networkConnectionEnabled: false, pageLoadStrategy: normal, platform: XP, platformName: XP, rotatable: false, setWindowRect: true, takesHeapSnapshot: true, takesScreenshot: true, unexpectedAlertBehaviour: , unhandledPromptBehavior: , version: 66.0.3359.139, webStorageEnabled: true}
Session ID: ca8b343343f777350f34599ddc331a36)

2018-05-17 13:47:21 - [TEST_STEP][PASSED] - openBrowser: Browser is opened with url: ''

2018-05-17 13:47:22 - [MESSAGE][PASSED] - Browser is opened with url: ''

2018-05-17 13:47:22 - [TEST_STEP][PASSED] - Statement - out.println("Verify Schedule 11 Pharmacy Request Are Working Successfully Or Not"): null

2018-05-17 13:47:22 - [TEST_STEP][PASSED] - navigateToUrl: Navigate to 'http://192.168.137.1/multihospital_new/' successfully

2018-05-17 13:47:24 - [MESSAGE][PASSED] - Navigate to 'http://192.168.137.1/multihospital_new/' successfully

2018-05-17 13:47:24 - [TEST_STEP][PASSED] - maximizeWindow: Current window maximized

2018-05-17 13:47:26 - [MESSAGE][PASSED] - Current window maximized

2018-05-17 13:47:26 - [TEST_STEP][PASSED] - click: Object: 'Object Repository/PharmacyRequest/Page_KDMC/a_Pharmacy' is clicked on

2018-05-17 13:47:27 - [MESSAGE][PASSED] - Object: 'Object Repository/PharmacyRequest/Page_KDMC/a_Pharmacy' is clicked on

2018-05-17 13:47:27 - [TEST_STEP][PASSED] - setText: Text 'raja' is set on object 'Object Repository/PharmacyRequest/Page_Pharmacy login/input_txtusername'

2018-05-17 13:47:27 - [MESSAGE][PASSED] - Text 'raja' is set on object 'Object Repository/PharmacyRequest/Page_Pharmacy login/input_txtusername'

2018-05-17 13:47:27 - [TEST_STEP][PASSED] - setText: Text '123' is set on object 'Object Repository/PharmacyRequest/Page_Pharmacy login/input_txtpassword'

2018-05-17 13:47:27 - [MESSAGE][PASSED] - Text '123' is set on object 'Object Repository/PharmacyRequest/Page_Pharmacy login/input_txtpassword'

2018-05-17 13:47:27 - [TEST_STEP][PASSED] - delay: Delayed 3 second(s)

2018-05-17 13:47:30 - [MESSAGE][PASSED] - Delayed 3 second(s)

2018-05-17 13:47:30 - [TEST_STEP][PASSED] - click: Object: 'Object Repository/PharmacyRequest/Page_Pharmacy login/button_Sign in' is clicked on

2018-05-17 13:47:31 - [MESSAGE][PASSED] - Object: 'Object Repository/PharmacyRequest/Page_Pharmacy login/button_Sign in' is clicked on

2018-05-17 13:47:31 - [TEST_STEP][PASSED] - delay: Delayed 3 second(s)

2018-05-17 13:47:34 - [MESSAGE][PASSED] - Delayed 3 second(s)

2018-05-17 13:47:34 - [TEST_STEP][PASSED] - click: Object: 'Object Repository/PharmacyRequest/Page_KDMC - Pharmacy/a_Inventory' is clicked on

2018-05-17 13:47:35 - [MESSAGE][PASSED] - Object: 'Object Repository/PharmacyRequest/Page_KDMC - Pharmacy/a_Inventory' is clicked on

2018-05-17 13:47:35 - [TEST_STEP][PASSED] - delay: Delayed 3 second(s)

2018-05-17 13:47:38 - [MESSAGE][PASSED] - Delayed 3 second(s)

2018-05-17 13:47:38 - [TEST_STEP][PASSED] - click: Object: 'Object Repository/PharmacyRequest/Page_KDMC-Pharmacy/a_Store Request' is clicked on

2018-05-17 13:47:38 - [MESSAGE][PASSED] - Object: 'Object Repository/PharmacyRequest/Page_KDMC-Pharmacy/a_Store Request' is clicked on

2018-05-17 13:47:38 - [TEST_STEP][PASSED] - click: Object: 'Object Repository/PharmacyRequest/Page_KDMC-Pharmacy/a_Medicine Request' is clicked on

2018-05-17 13:47:39 - [MESSAGE][PASSED] - Object: 'Object Repository/PharmacyRequest/Page_KDMC-Pharmacy/a_Medicine Request' is clicked on

2018-05-17 13:47:39 - [TEST_STEP][PASSED] - selectOptionByIndex: All options with index in [11] are selected on object 'Object Repository/PharmacyRequest/Page_KDMC-Pharmacy/select_--Select--Schedule 1Inj'

2018-05-17 13:47:39 - [MESSAGE][PASSED] - All options with index in [11] are selected on object 'Object Repository/PharmacyRequest/Page_KDMC-Pharmacy/select_--Select--Schedule 1Inj'

2018-05-17 13:47:39 - [TEST_STEP][PASSED] - Statement - MedicineLength = com.kms.katalon.core.webui.keyword.WebUiBuiltInKeywords.getNumberOfTotalOption(com.kms.katalon.core.testobject.ObjectRepository.findTestObject(PharmacyRequest/Page_KDMC-Pharmacy/select_--Select--Albendazole)): 81 options of object 'Object Repository/PharmacyRequest/Page_KDMC-Pharmacy/select_--Select--Albendazole' counted

2018-05-17 13:47:40 - [MESSAGE][PASSED] - 81 options of object 'Object Repository/PharmacyRequest/Page_KDMC-Pharmacy/select_--Select--Albendazole' counted

2018-05-17 13:47:40 - [TEST_STEP][FAILED] - Statement - For ([l = 1, l <= MedicineLength - 1, (l++)]): Unable to set text '10' of object 'Object Repository/PharmacyRequest/Page_KDMC-Pharmacy/input_txttreat' (Root cause: org.openqa.selenium.WebDriverException: unknown error: cannot focus element
  (Session info: chrome=66.0.3359.139)
  (Driver info: chromedriver=2.35.528161 (5b82f2d2aae0ca24b877009200ced9065a772e73),platform=Windows NT 10.0.17134 x86_64) (WARNING: The server did not provide any stacktrace information)
Command duration or timeout: 0 milliseconds
Build info: version: '3.7.1', revision: '8a0099a', time: '2017-11-06T21:07:36.161Z'
System info: host: 'DESKTOP-BLFTK83', ip: '192.168.71.2', os.name: 'Windows 10', os.arch: 'amd64', os.version: '10.0', java.version: '1.8.0_102'
Driver info: com.kms.katalon.selenium.driver.CChromeDriver
Capabilities {acceptInsecureCerts: false, acceptSslCerts: false, applicationCacheEnabled: false, browserConnectionEnabled: false, browserName: chrome, chrome: {chromedriverVersion: 2.35.528161 (5b82f2d2aae0ca..., userDataDir: C:\Users\QUALIT~1\AppData\L...}, cssSelectorsEnabled: true, databaseEnabled: false, handlesAlerts: true, hasTouchScreen: false, javascriptEnabled: true, locationContextEnabled: true, mobileEmulationEnabled: false, nativeEvents: true, networkConnectionEnabled: false, pageLoadStrategy: normal, platform: XP, platformName: XP, rotatable: false, setWindowRect: true, takesHeapSnapshot: true, takesScreenshot: true, unexpectedAlertBehaviour: , unhandledPromptBehavior: , version: 66.0.3359.139, webStorageEnabled: true}
Session ID: ca8b343343f777350f34599ddc331a36)

2018-05-17 13:47:40 - [TEST_STEP][PASSED] - selectOptionByIndex: All options with index in [11] are selected on object 'Object Repository/PharmacyRequest/Page_KDMC-Pharmacy/select_--Select--Schedule 1Inj'

2018-05-17 13:47:40 - [MESSAGE][PASSED] - All options with index in [11] are selected on object 'Object Repository/PharmacyRequest/Page_KDMC-Pharmacy/select_--Select--Schedule 1Inj'

2018-05-17 13:47:40 - [TEST_STEP][PASSED] - selectOptionByIndex: All options with index in [1] are selected on object 'Object Repository/PharmacyRequest/Page_KDMC-Pharmacy/select_--Select--Albendazole'

2018-05-17 13:47:40 - [MESSAGE][PASSED] - All options with index in [1] are selected on object 'Object Repository/PharmacyRequest/Page_KDMC-Pharmacy/select_--Select--Albendazole'

2018-05-17 13:47:40 - [TEST_STEP][PASSED] - setText: Text '10' is set on object 'Object Repository/PharmacyRequest/Page_KDMC-Pharmacy/input_txttreat'

2018-05-17 13:47:40 - [MESSAGE][PASSED] - Text '10' is set on object 'Object Repository/PharmacyRequest/Page_KDMC-Pharmacy/input_txttreat'

2018-05-17 13:47:40 - [TEST_STEP][PASSED] - click: Object: 'Object Repository/PharmacyRequest/Page_KDMC-Pharmacy/button_Add' is clicked on

2018-05-17 13:47:40 - [MESSAGE][PASSED] - Object: 'Object Repository/PharmacyRequest/Page_KDMC-Pharmacy/button_Add' is clicked on

2018-05-17 13:47:40 - [TEST_STEP][PASSED] - selectOptionByIndex: All options with index in [11] are selected on object 'Object Repository/PharmacyRequest/Page_KDMC-Pharmacy/select_--Select--Schedule 1Inj'

2018-05-17 13:47:40 - [MESSAGE][PASSED] - All options with index in [11] are selected on object 'Object Repository/PharmacyRequest/Page_KDMC-Pharmacy/select_--Select--Schedule 1Inj'

2018-05-17 13:47:40 - [TEST_STEP][PASSED] - selectOptionByIndex: All options with index in [2] are selected on object 'Object Repository/PharmacyRequest/Page_KDMC-Pharmacy/select_--Select--Albendazole'

2018-05-17 13:47:40 - [MESSAGE][PASSED] - All options with index in [2] are selected on object 'Object Repository/PharmacyRequest/Page_KDMC-Pharmacy/select_--Select--Albendazole'

2018-05-17 13:47:40 - [TEST_STEP][PASSED] - setText: Text '10' is set on object 'Object Repository/PharmacyRequest/Page_KDMC-Pharmacy/input_txttreat'

2018-05-17 13:47:40 - [MESSAGE][PASSED] - Text '10' is set on object 'Object Repository/PharmacyRequest/Page_KDMC-Pharmacy/input_txttreat'

2018-05-17 13:47:40 - [TEST_STEP][PASSED] - click: Object: 'Object Repository/PharmacyRequest/Page_KDMC-Pharmacy/button_Add' is clicked on

2018-05-17 13:47:41 - [MESSAGE][PASSED] - Object: 'Object Repository/PharmacyRequest/Page_KDMC-Pharmacy/button_Add' is clicked on

2018-05-17 13:47:41 - [TEST_STEP][PASSED] - selectOptionByIndex: All options with index in [11] are selected on object 'Object Repository/PharmacyRequest/Page_KDMC-Pharmacy/select_--Select--Schedule 1Inj'

2018-05-17 13:47:41 - [MESSAGE][PASSED] - All options with index in [11] are selected on object 'Object Repository/PharmacyRequest/Page_KDMC-Pharmacy/select_--Select--Schedule 1Inj'

2018-05-17 13:47:41 - [TEST_STEP][PASSED] - selectOptionByIndex: All options with index in [3] are selected on object 'Object Repository/PharmacyRequest/Page_KDMC-Pharmacy/select_--Select--Albendazole'

2018-05-17 13:47:41 - [MESSAGE][PASSED] - All options with index in [3] are selected on object 'Object Repository/PharmacyRequest/Page_KDMC-Pharmacy/select_--Select--Albendazole'

2018-05-17 13:47:41 - [TEST_STEP][PASSED] - setText: Text '10' is set on object 'Object Repository/PharmacyRequest/Page_KDMC-Pharmacy/input_txttreat'

2018-05-17 13:47:41 - [MESSAGE][PASSED] - Text '10' is set on object 'Object Repository/PharmacyRequest/Page_KDMC-Pharmacy/input_txttreat'

2018-05-17 13:47:41 - [TEST_STEP][PASSED] - click: Object: 'Object Repository/PharmacyRequest/Page_KDMC-Pharmacy/button_Add' is clicked on

2018-05-17 13:47:41 - [MESSAGE][PASSED] - Object: 'Object Repository/PharmacyRequest/Page_KDMC-Pharmacy/button_Add' is clicked on

2018-05-17 13:47:41 - [TEST_STEP][PASSED] - selectOptionByIndex: All options with index in [11] are selected on object 'Object Repository/PharmacyRequest/Page_KDMC-Pharmacy/select_--Select--Schedule 1Inj'

2018-05-17 13:47:41 - [MESSAGE][PASSED] - All options with index in [11] are selected on object 'Object Repository/PharmacyRequest/Page_KDMC-Pharmacy/select_--Select--Schedule 1Inj'

2018-05-17 13:47:41 - [TEST_STEP][PASSED] - selectOptionByIndex: All options with index in [4] are selected on object 'Object Repository/PharmacyRequest/Page_KDMC-Pharmacy/select_--Select--Albendazole'

2018-05-17 13:47:41 - [MESSAGE][PASSED] - All options with index in [4] are selected on object 'Object Repository/PharmacyRequest/Page_KDMC-Pharmacy/select_--Select--Albendazole'

2018-05-17 13:47:41 - [TEST_STEP][PASSED] - setText: Text '10' is set on object 'Object Repository/PharmacyRequest/Page_KDMC-Pharmacy/input_txttreat'

2018-05-17 13:47:41 - [MESSAGE][PASSED] - Text '10' is set on object 'Object Repository/PharmacyRequest/Page_KDMC-Pharmacy/input_txttreat'

2018-05-17 13:47:41 - [TEST_STEP][PASSED] - click: Object: 'Object Repository/PharmacyRequest/Page_KDMC-Pharmacy/button_Add' is clicked on

2018-05-17 13:47:41 - [MESSAGE][PASSED] - Object: 'Object Repository/PharmacyRequest/Page_KDMC-Pharmacy/button_Add' is clicked on

2018-05-17 13:47:41 - [TEST_STEP][PASSED] - selectOptionByIndex: All options with index in [11] are selected on object 'Object Repository/PharmacyRequest/Page_KDMC-Pharmacy/select_--Select--Schedule 1Inj'

2018-05-17 13:47:42 - [MESSAGE][PASSED] - All options with index in [11] are selected on object 'Object Repository/PharmacyRequest/Page_KDMC-Pharmacy/select_--Select--Schedule 1Inj'

2018-05-17 13:47:42 - [TEST_STEP][PASSED] - selectOptionByIndex: All options with index in [5] are selected on object 'Object Repository/PharmacyRequest/Page_KDMC-Pharmacy/select_--Select--Albendazole'

2018-05-17 13:47:42 - [MESSAGE][PASSED] - All options with index in [5] are selected on object 'Object Repository/PharmacyRequest/Page_KDMC-Pharmacy/select_--Select--Albendazole'

2018-05-17 13:47:42 - [TEST_STEP][PASSED] - setText: Text '10' is set on object 'Object Repository/PharmacyRequest/Page_KDMC-Pharmacy/input_txttreat'

2018-05-17 13:47:42 - [MESSAGE][PASSED] - Text '10' is set on object 'Object Repository/PharmacyRequest/Page_KDMC-Pharmacy/input_txttreat'

2018-05-17 13:47:42 - [TEST_STEP][PASSED] - click: Object: 'Object Repository/PharmacyRequest/Page_KDMC-Pharmacy/button_Add' is clicked on

2018-05-17 13:47:42 - [MESSAGE][PASSED] - Object: 'Object Repository/PharmacyRequest/Page_KDMC-Pharmacy/button_Add' is clicked on

2018-05-17 13:47:42 - [TEST_STEP][PASSED] - selectOptionByIndex: All options with index in [11] are selected on object 'Object Repository/PharmacyRequest/Page_KDMC-Pharmacy/select_--Select--Schedule 1Inj'

2018-05-17 13:47:42 - [MESSAGE][PASSED] - All options with index in [11] are selected on object 'Object Repository/PharmacyRequest/Page_KDMC-Pharmacy/select_--Select--Schedule 1Inj'

2018-05-17 13:47:42 - [TEST_STEP][PASSED] - selectOptionByIndex: All options with index in [6] are selected on object 'Object Repository/PharmacyRequest/Page_KDMC-Pharmacy/select_--Select--Albendazole'

2018-05-17 13:47:42 - [MESSAGE][PASSED] - All options with index in [6] are selected on object 'Object Repository/PharmacyRequest/Page_KDMC-Pharmacy/select_--Select--Albendazole'

2018-05-17 13:47:42 - [TEST_STEP][PASSED] - setText: Text '10' is set on object 'Object Repository/PharmacyRequest/Page_KDMC-Pharmacy/input_txttreat'

2018-05-17 13:47:42 - [MESSAGE][PASSED] - Text '10' is set on object 'Object Repository/PharmacyRequest/Page_KDMC-Pharmacy/input_txttreat'

2018-05-17 13:47:42 - [TEST_STEP][PASSED] - click: Object: 'Object Repository/PharmacyRequest/Page_KDMC-Pharmacy/button_Add' is clicked on

2018-05-17 13:47:42 - [MESSAGE][PASSED] - Object: 'Object Repository/PharmacyRequest/Page_KDMC-Pharmacy/button_Add' is clicked on

2018-05-17 13:47:42 - [TEST_STEP][PASSED] - selectOptionByIndex: All options with index in [11] are selected on object 'Object Repository/PharmacyRequest/Page_KDMC-Pharmacy/select_--Select--Schedule 1Inj'

2018-05-17 13:47:42 - [MESSAGE][PASSED] - All options with index in [11] are selected on object 'Object Repository/PharmacyRequest/Page_KDMC-Pharmacy/select_--Select--Schedule 1Inj'

2018-05-17 13:47:42 - [TEST_STEP][PASSED] - selectOptionByIndex: All options with index in [7] are selected on object 'Object Repository/PharmacyRequest/Page_KDMC-Pharmacy/select_--Select--Albendazole'

2018-05-17 13:47:43 - [MESSAGE][PASSED] - All options with index in [7] are selected on object 'Object Repository/PharmacyRequest/Page_KDMC-Pharmacy/select_--Select--Albendazole'

2018-05-17 13:47:43 - [TEST_STEP][PASSED] - setText: Text '10' is set on object 'Object Repository/PharmacyRequest/Page_KDMC-Pharmacy/input_txttreat'

2018-05-17 13:47:43 - [MESSAGE][PASSED] - Text '10' is set on object 'Object Repository/PharmacyRequest/Page_KDMC-Pharmacy/input_txttreat'

2018-05-17 13:47:43 - [TEST_STEP][PASSED] - click: Object: 'Object Repository/PharmacyRequest/Page_KDMC-Pharmacy/button_Add' is clicked on

2018-05-17 13:47:43 - [MESSAGE][PASSED] - Object: 'Object Repository/PharmacyRequest/Page_KDMC-Pharmacy/button_Add' is clicked on

2018-05-17 13:47:43 - [TEST_STEP][PASSED] - selectOptionByIndex: All options with index in [11] are selected on object 'Object Repository/PharmacyRequest/Page_KDMC-Pharmacy/select_--Select--Schedule 1Inj'

2018-05-17 13:47:43 - [MESSAGE][PASSED] - All options with index in [11] are selected on object 'Object Repository/PharmacyRequest/Page_KDMC-Pharmacy/select_--Select--Schedule 1Inj'

2018-05-17 13:47:43 - [TEST_STEP][PASSED] - selectOptionByIndex: All options with index in [8] are selected on object 'Object Repository/PharmacyRequest/Page_KDMC-Pharmacy/select_--Select--Albendazole'

2018-05-17 13:47:43 - [MESSAGE][PASSED] - All options with index in [8] are selected on object 'Object Repository/PharmacyRequest/Page_KDMC-Pharmacy/select_--Select--Albendazole'

2018-05-17 13:47:43 - [TEST_STEP][PASSED] - setText: Text '10' is set on object 'Object Repository/PharmacyRequest/Page_KDMC-Pharmacy/input_txttreat'

2018-05-17 13:47:43 - [MESSAGE][PASSED] - Text '10' is set on object 'Object Repository/PharmacyRequest/Page_KDMC-Pharmacy/input_txttreat'

2018-05-17 13:47:43 - [TEST_STEP][PASSED] - click: Object: 'Object Repository/PharmacyRequest/Page_KDMC-Pharmacy/button_Add' is clicked on

2018-05-17 13:47:43 - [MESSAGE][PASSED] - Object: 'Object Repository/PharmacyRequest/Page_KDMC-Pharmacy/button_Add' is clicked on

2018-05-17 13:47:43 - [TEST_STEP][PASSED] - selectOptionByIndex: All options with index in [11] are selected on object 'Object Repository/PharmacyRequest/Page_KDMC-Pharmacy/select_--Select--Schedule 1Inj'

2018-05-17 13:47:43 - [MESSAGE][PASSED] - All options with index in [11] are selected on object 'Object Repository/PharmacyRequest/Page_KDMC-Pharmacy/select_--Select--Schedule 1Inj'

2018-05-17 13:47:43 - [TEST_STEP][PASSED] - selectOptionByIndex: All options with index in [9] are selected on object 'Object Repository/PharmacyRequest/Page_KDMC-Pharmacy/select_--Select--Albendazole'

2018-05-17 13:47:44 - [MESSAGE][PASSED] - All options with index in [9] are selected on object 'Object Repository/PharmacyRequest/Page_KDMC-Pharmacy/select_--Select--Albendazole'

2018-05-17 13:47:44 - [TEST_STEP][PASSED] - setText: Text '10' is set on object 'Object Repository/PharmacyRequest/Page_KDMC-Pharmacy/input_txttreat'

2018-05-17 13:47:44 - [MESSAGE][PASSED] - Text '10' is set on object 'Object Repository/PharmacyRequest/Page_KDMC-Pharmacy/input_txttreat'

2018-05-17 13:47:44 - [TEST_STEP][PASSED] - click: Object: 'Object Repository/PharmacyRequest/Page_KDMC-Pharmacy/button_Add' is clicked on

2018-05-17 13:47:44 - [MESSAGE][PASSED] - Object: 'Object Repository/PharmacyRequest/Page_KDMC-Pharmacy/button_Add' is clicked on

2018-05-17 13:47:44 - [TEST_STEP][PASSED] - selectOptionByIndex: All options with index in [11] are selected on object 'Object Repository/PharmacyRequest/Page_KDMC-Pharmacy/select_--Select--Schedule 1Inj'

2018-05-17 13:47:44 - [MESSAGE][PASSED] - All options with index in [11] are selected on object 'Object Repository/PharmacyRequest/Page_KDMC-Pharmacy/select_--Select--Schedule 1Inj'

2018-05-17 13:47:44 - [TEST_STEP][PASSED] - selectOptionByIndex: All options with index in [10] are selected on object 'Object Repository/PharmacyRequest/Page_KDMC-Pharmacy/select_--Select--Albendazole'

2018-05-17 13:47:44 - [MESSAGE][PASSED] - All options with index in [10] are selected on object 'Object Repository/PharmacyRequest/Page_KDMC-Pharmacy/select_--Select--Albendazole'

2018-05-17 13:47:44 - [TEST_STEP][PASSED] - setText: Text '10' is set on object 'Object Repository/PharmacyRequest/Page_KDMC-Pharmacy/input_txttreat'

2018-05-17 13:47:44 - [MESSAGE][PASSED] - Text '10' is set on object 'Object Repository/PharmacyRequest/Page_KDMC-Pharmacy/input_txttreat'

2018-05-17 13:47:44 - [TEST_STEP][PASSED] - click: Object: 'Object Repository/PharmacyRequest/Page_KDMC-Pharmacy/button_Add' is clicked on

2018-05-17 13:47:44 - [MESSAGE][PASSED] - Object: 'Object Repository/PharmacyRequest/Page_KDMC-Pharmacy/button_Add' is clicked on

2018-05-17 13:47:44 - [TEST_STEP][PASSED] - selectOptionByIndex: All options with index in [11] are selected on object 'Object Repository/PharmacyRequest/Page_KDMC-Pharmacy/select_--Select--Schedule 1Inj'

2018-05-17 13:47:44 - [MESSAGE][PASSED] - All options with index in [11] are selected on object 'Object Repository/PharmacyRequest/Page_KDMC-Pharmacy/select_--Select--Schedule 1Inj'

2018-05-17 13:47:44 - [TEST_STEP][PASSED] - selectOptionByIndex: All options with index in [11] are selected on object 'Object Repository/PharmacyRequest/Page_KDMC-Pharmacy/select_--Select--Albendazole'

2018-05-17 13:47:45 - [MESSAGE][PASSED] - All options with index in [11] are selected on object 'Object Repository/PharmacyRequest/Page_KDMC-Pharmacy/select_--Select--Albendazole'

2018-05-17 13:47:45 - [TEST_STEP][PASSED] - setText: Text '10' is set on object 'Object Repository/PharmacyRequest/Page_KDMC-Pharmacy/input_txttreat'

2018-05-17 13:47:45 - [MESSAGE][PASSED] - Text '10' is set on object 'Object Repository/PharmacyRequest/Page_KDMC-Pharmacy/input_txttreat'

2018-05-17 13:47:45 - [TEST_STEP][PASSED] - click: Object: 'Object Repository/PharmacyRequest/Page_KDMC-Pharmacy/button_Add' is clicked on

2018-05-17 13:47:45 - [MESSAGE][PASSED] - Object: 'Object Repository/PharmacyRequest/Page_KDMC-Pharmacy/button_Add' is clicked on

2018-05-17 13:47:45 - [TEST_STEP][PASSED] - selectOptionByIndex: All options with index in [11] are selected on object 'Object Repository/PharmacyRequest/Page_KDMC-Pharmacy/select_--Select--Schedule 1Inj'

2018-05-17 13:47:45 - [MESSAGE][PASSED] - All options with index in [11] are selected on object 'Object Repository/PharmacyRequest/Page_KDMC-Pharmacy/select_--Select--Schedule 1Inj'

2018-05-17 13:47:45 - [TEST_STEP][PASSED] - selectOptionByIndex: All options with index in [12] are selected on object 'Object Repository/PharmacyRequest/Page_KDMC-Pharmacy/select_--Select--Albendazole'

2018-05-17 13:47:45 - [MESSAGE][PASSED] - All options with index in [12] are selected on object 'Object Repository/PharmacyRequest/Page_KDMC-Pharmacy/select_--Select--Albendazole'

2018-05-17 13:47:45 - [TEST_STEP][PASSED] - setText: Text '10' is set on object 'Object Repository/PharmacyRequest/Page_KDMC-Pharmacy/input_txttreat'

2018-05-17 13:47:45 - [MESSAGE][PASSED] - Text '10' is set on object 'Object Repository/PharmacyRequest/Page_KDMC-Pharmacy/input_txttreat'

2018-05-17 13:47:45 - [TEST_STEP][PASSED] - click: Object: 'Object Repository/PharmacyRequest/Page_KDMC-Pharmacy/button_Add' is clicked on

2018-05-17 13:47:45 - [MESSAGE][PASSED] - Object: 'Object Repository/PharmacyRequest/Page_KDMC-Pharmacy/button_Add' is clicked on

2018-05-17 13:47:45 - [TEST_STEP][PASSED] - selectOptionByIndex: All options with index in [11] are selected on object 'Object Repository/PharmacyRequest/Page_KDMC-Pharmacy/select_--Select--Schedule 1Inj'

2018-05-17 13:47:45 - [MESSAGE][PASSED] - All options with index in [11] are selected on object 'Object Repository/PharmacyRequest/Page_KDMC-Pharmacy/select_--Select--Schedule 1Inj'

2018-05-17 13:47:45 - [TEST_STEP][PASSED] - selectOptionByIndex: All options with index in [13] are selected on object 'Object Repository/PharmacyRequest/Page_KDMC-Pharmacy/select_--Select--Albendazole'

2018-05-17 13:47:46 - [MESSAGE][PASSED] - All options with index in [13] are selected on object 'Object Repository/PharmacyRequest/Page_KDMC-Pharmacy/select_--Select--Albendazole'

2018-05-17 13:47:46 - [TEST_STEP][PASSED] - setText: Text '10' is set on object 'Object Repository/PharmacyRequest/Page_KDMC-Pharmacy/input_txttreat'

2018-05-17 13:47:46 - [MESSAGE][PASSED] - Text '10' is set on object 'Object Repository/PharmacyRequest/Page_KDMC-Pharmacy/input_txttreat'

2018-05-17 13:47:46 - [TEST_STEP][PASSED] - click: Object: 'Object Repository/PharmacyRequest/Page_KDMC-Pharmacy/button_Add' is clicked on

2018-05-17 13:47:46 - [MESSAGE][PASSED] - Object: 'Object Repository/PharmacyRequest/Page_KDMC-Pharmacy/button_Add' is clicked on

2018-05-17 13:47:46 - [TEST_STEP][PASSED] - selectOptionByIndex: All options with index in [11] are selected on object 'Object Repository/PharmacyRequest/Page_KDMC-Pharmacy/select_--Select--Schedule 1Inj'

2018-05-17 13:47:46 - [MESSAGE][PASSED] - All options with index in [11] are selected on object 'Object Repository/PharmacyRequest/Page_KDMC-Pharmacy/select_--Select--Schedule 1Inj'

2018-05-17 13:47:46 - [TEST_STEP][PASSED] - selectOptionByIndex: All options with index in [14] are selected on object 'Object Repository/PharmacyRequest/Page_KDMC-Pharmacy/select_--Select--Albendazole'

2018-05-17 13:47:46 - [MESSAGE][PASSED] - All options with index in [14] are selected on object 'Object Repository/PharmacyRequest/Page_KDMC-Pharmacy/select_--Select--Albendazole'

2018-05-17 13:47:46 - [TEST_STEP][PASSED] - setText: Text '10' is set on object 'Object Repository/PharmacyRequest/Page_KDMC-Pharmacy/input_txttreat'

2018-05-17 13:47:46 - [MESSAGE][PASSED] - Text '10' is set on object 'Object Repository/PharmacyRequest/Page_KDMC-Pharmacy/input_txttreat'

2018-05-17 13:47:46 - [TEST_STEP][PASSED] - click: Object: 'Object Repository/PharmacyRequest/Page_KDMC-Pharmacy/button_Add' is clicked on

2018-05-17 13:47:46 - [MESSAGE][PASSED] - Object: 'Object Repository/PharmacyRequest/Page_KDMC-Pharmacy/button_Add' is clicked on

2018-05-17 13:47:46 - [TEST_STEP][PASSED] - selectOptionByIndex: All options with index in [11] are selected on object 'Object Repository/PharmacyRequest/Page_KDMC-Pharmacy/select_--Select--Schedule 1Inj'

2018-05-17 13:47:46 - [MESSAGE][PASSED] - All options with index in [11] are selected on object 'Object Repository/PharmacyRequest/Page_KDMC-Pharmacy/select_--Select--Schedule 1Inj'

2018-05-17 13:47:46 - [TEST_STEP][PASSED] - selectOptionByIndex: All options with index in [15] are selected on object 'Object Repository/PharmacyRequest/Page_KDMC-Pharmacy/select_--Select--Albendazole'

2018-05-17 13:47:47 - [MESSAGE][PASSED] - All options with index in [15] are selected on object 'Object Repository/PharmacyRequest/Page_KDMC-Pharmacy/select_--Select--Albendazole'

2018-05-17 13:47:47 - [TEST_STEP][PASSED] - setText: Text '10' is set on object 'Object Repository/PharmacyRequest/Page_KDMC-Pharmacy/input_txttreat'

2018-05-17 13:47:47 - [MESSAGE][PASSED] - Text '10' is set on object 'Object Repository/PharmacyRequest/Page_KDMC-Pharmacy/input_txttreat'

2018-05-17 13:47:47 - [TEST_STEP][PASSED] - click: Object: 'Object Repository/PharmacyRequest/Page_KDMC-Pharmacy/button_Add' is clicked on

2018-05-17 13:47:47 - [MESSAGE][PASSED] - Object: 'Object Repository/PharmacyRequest/Page_KDMC-Pharmacy/button_Add' is clicked on

2018-05-17 13:47:47 - [TEST_STEP][PASSED] - selectOptionByIndex: All options with index in [11] are selected on object 'Object Repository/PharmacyRequest/Page_KDMC-Pharmacy/select_--Select--Schedule 1Inj'

2018-05-17 13:47:47 - [MESSAGE][PASSED] - All options with index in [11] are selected on object 'Object Repository/PharmacyRequest/Page_KDMC-Pharmacy/select_--Select--Schedule 1Inj'

2018-05-17 13:47:47 - [TEST_STEP][PASSED] - selectOptionByIndex: All options with index in [16] are selected on object 'Object Repository/PharmacyRequest/Page_KDMC-Pharmacy/select_--Select--Albendazole'

2018-05-17 13:47:47 - [MESSAGE][PASSED] - All options with index in [16] are selected on object 'Object Repository/PharmacyRequest/Page_KDMC-Pharmacy/select_--Select--Albendazole'

2018-05-17 13:47:47 - [TEST_STEP][PASSED] - setText: Text '10' is set on object 'Object Repository/PharmacyRequest/Page_KDMC-Pharmacy/input_txttreat'

2018-05-17 13:47:47 - [MESSAGE][PASSED] - Text '10' is set on object 'Object Repository/PharmacyRequest/Page_KDMC-Pharmacy/input_txttreat'

2018-05-17 13:47:47 - [TEST_STEP][PASSED] - click: Object: 'Object Repository/PharmacyRequest/Page_KDMC-Pharmacy/button_Add' is clicked on

2018-05-17 13:47:47 - [MESSAGE][PASSED] - Object: 'Object Repository/PharmacyRequest/Page_KDMC-Pharmacy/button_Add' is clicked on

2018-05-17 13:47:47 - [TEST_STEP][PASSED] - selectOptionByIndex: All options with index in [11] are selected on object 'Object Repository/PharmacyRequest/Page_KDMC-Pharmacy/select_--Select--Schedule 1Inj'

2018-05-17 13:47:48 - [MESSAGE][PASSED] - All options with index in [11] are selected on object 'Object Repository/PharmacyRequest/Page_KDMC-Pharmacy/select_--Select--Schedule 1Inj'

2018-05-17 13:47:48 - [TEST_STEP][PASSED] - selectOptionByIndex: All options with index in [17] are selected on object 'Object Repository/PharmacyRequest/Page_KDMC-Pharmacy/select_--Select--Albendazole'

2018-05-17 13:47:48 - [MESSAGE][PASSED] - All options with index in [17] are selected on object 'Object Repository/PharmacyRequest/Page_KDMC-Pharmacy/select_--Select--Albendazole'

2018-05-17 13:47:48 - [TEST_STEP][PASSED] - setText: Text '10' is set on object 'Object Repository/PharmacyRequest/Page_KDMC-Pharmacy/input_txttreat'

2018-05-17 13:47:48 - [MESSAGE][PASSED] - Text '10' is set on object 'Object Repository/PharmacyRequest/Page_KDMC-Pharmacy/input_txttreat'

2018-05-17 13:47:48 - [TEST_STEP][PASSED] - click: Object: 'Object Repository/PharmacyRequest/Page_KDMC-Pharmacy/button_Add' is clicked on

2018-05-17 13:47:48 - [MESSAGE][PASSED] - Object: 'Object Repository/PharmacyRequest/Page_KDMC-Pharmacy/button_Add' is clicked on

2018-05-17 13:47:48 - [TEST_STEP][PASSED] - selectOptionByIndex: All options with index in [11] are selected on object 'Object Repository/PharmacyRequest/Page_KDMC-Pharmacy/select_--Select--Schedule 1Inj'

2018-05-17 13:47:48 - [MESSAGE][PASSED] - All options with index in [11] are selected on object 'Object Repository/PharmacyRequest/Page_KDMC-Pharmacy/select_--Select--Schedule 1Inj'

2018-05-17 13:47:48 - [TEST_STEP][PASSED] - selectOptionByIndex: All options with index in [18] are selected on object 'Object Repository/PharmacyRequest/Page_KDMC-Pharmacy/select_--Select--Albendazole'

2018-05-17 13:47:48 - [MESSAGE][PASSED] - All options with index in [18] are selected on object 'Object Repository/PharmacyRequest/Page_KDMC-Pharmacy/select_--Select--Albendazole'

2018-05-17 13:47:48 - [TEST_STEP][PASSED] - setText: Text '10' is set on object 'Object Repository/PharmacyRequest/Page_KDMC-Pharmacy/input_txttreat'

2018-05-17 13:47:48 - [MESSAGE][PASSED] - Text '10' is set on object 'Object Repository/PharmacyRequest/Page_KDMC-Pharmacy/input_txttreat'

2018-05-17 13:47:48 - [TEST_STEP][PASSED] - click: Object: 'Object Repository/PharmacyRequest/Page_KDMC-Pharmacy/button_Add' is clicked on

2018-05-17 13:47:49 - [MESSAGE][PASSED] - Object: 'Object Repository/PharmacyRequest/Page_KDMC-Pharmacy/button_Add' is clicked on

2018-05-17 13:47:49 - [TEST_STEP][PASSED] - selectOptionByIndex: All options with index in [11] are selected on object 'Object Repository/PharmacyRequest/Page_KDMC-Pharmacy/select_--Select--Schedule 1Inj'

2018-05-17 13:47:49 - [MESSAGE][PASSED] - All options with index in [11] are selected on object 'Object Repository/PharmacyRequest/Page_KDMC-Pharmacy/select_--Select--Schedule 1Inj'

2018-05-17 13:47:49 - [TEST_STEP][PASSED] - selectOptionByIndex: All options with index in [19] are selected on object 'Object Repository/PharmacyRequest/Page_KDMC-Pharmacy/select_--Select--Albendazole'

2018-05-17 13:47:49 - [MESSAGE][PASSED] - All options with index in [19] are selected on object 'Object Repository/PharmacyRequest/Page_KDMC-Pharmacy/select_--Select--Albendazole'

2018-05-17 13:47:49 - [TEST_STEP][PASSED] - setText: Text '10' is set on object 'Object Repository/PharmacyRequest/Page_KDMC-Pharmacy/input_txttreat'

2018-05-17 13:47:49 - [MESSAGE][PASSED] - Text '10' is set on object 'Object Repository/PharmacyRequest/Page_KDMC-Pharmacy/input_txttreat'

2018-05-17 13:47:49 - [TEST_STEP][PASSED] - click: Object: 'Object Repository/PharmacyRequest/Page_KDMC-Pharmacy/button_Add' is clicked on

2018-05-17 13:47:49 - [MESSAGE][PASSED] - Object: 'Object Repository/PharmacyRequest/Page_KDMC-Pharmacy/button_Add' is clicked on

2018-05-17 13:47:49 - [TEST_STEP][PASSED] - selectOptionByIndex: All options with index in [11] are selected on object 'Object Repository/PharmacyRequest/Page_KDMC-Pharmacy/select_--Select--Schedule 1Inj'

2018-05-17 13:47:49 - [MESSAGE][PASSED] - All options with index in [11] are selected on object 'Object Repository/PharmacyRequest/Page_KDMC-Pharmacy/select_--Select--Schedule 1Inj'

2018-05-17 13:47:49 - [TEST_STEP][PASSED] - selectOptionByIndex: All options with index in [20] are selected on object 'Object Repository/PharmacyRequest/Page_KDMC-Pharmacy/select_--Select--Albendazole'

2018-05-17 13:47:50 - [MESSAGE][PASSED] - All options with index in [20] are selected on object 'Object Repository/PharmacyRequest/Page_KDMC-Pharmacy/select_--Select--Albendazole'

2018-05-17 13:47:50 - [TEST_STEP][PASSED] - setText: Text '10' is set on object 'Object Repository/PharmacyRequest/Page_KDMC-Pharmacy/input_txttreat'

2018-05-17 13:47:50 - [MESSAGE][PASSED] - Text '10' is set on object 'Object Repository/PharmacyRequest/Page_KDMC-Pharmacy/input_txttreat'

2018-05-17 13:47:50 - [TEST_STEP][PASSED] - click: Object: 'Object Repository/PharmacyRequest/Page_KDMC-Pharmacy/button_Add' is clicked on

2018-05-17 13:47:50 - [MESSAGE][PASSED] - Object: 'Object Repository/PharmacyRequest/Page_KDMC-Pharmacy/button_Add' is clicked on

2018-05-17 13:47:50 - [TEST_STEP][PASSED] - selectOptionByIndex: All options with index in [11] are selected on object 'Object Repository/PharmacyRequest/Page_KDMC-Pharmacy/select_--Select--Schedule 1Inj'

2018-05-17 13:47:50 - [MESSAGE][PASSED] - All options with index in [11] are selected on object 'Object Repository/PharmacyRequest/Page_KDMC-Pharmacy/select_--Select--Schedule 1Inj'

2018-05-17 13:47:50 - [TEST_STEP][PASSED] - selectOptionByIndex: All options with index in [21] are selected on object 'Object Repository/PharmacyRequest/Page_KDMC-Pharmacy/select_--Select--Albendazole'

2018-05-17 13:47:50 - [MESSAGE][PASSED] - All options with index in [21] are selected on object 'Object Repository/PharmacyRequest/Page_KDMC-Pharmacy/select_--Select--Albendazole'

2018-05-17 13:47:50 - [TEST_STEP][PASSED] - setText: Text '10' is set on object 'Object Repository/PharmacyRequest/Page_KDMC-Pharmacy/input_txttreat'

2018-05-17 13:47:50 - [MESSAGE][PASSED] - Text '10' is set on object 'Object Repository/PharmacyRequest/Page_KDMC-Pharmacy/input_txttreat'

2018-05-17 13:47:50 - [TEST_STEP][PASSED] - click: Object: 'Object Repository/PharmacyRequest/Page_KDMC-Pharmacy/button_Add' is clicked on

2018-05-17 13:47:50 - [MESSAGE][PASSED] - Object: 'Object Repository/PharmacyRequest/Page_KDMC-Pharmacy/button_Add' is clicked on

2018-05-17 13:47:50 - [TEST_STEP][PASSED] - selectOptionByIndex: All options with index in [11] are selected on object 'Object Repository/PharmacyRequest/Page_KDMC-Pharmacy/select_--Select--Schedule 1Inj'

2018-05-17 13:47:50 - [MESSAGE][PASSED] - All options with index in [11] are selected on object 'Object Repository/PharmacyRequest/Page_KDMC-Pharmacy/select_--Select--Schedule 1Inj'

2018-05-17 13:47:50 - [TEST_STEP][PASSED] - selectOptionByIndex: All options with index in [22] are selected on object 'Object Repository/PharmacyRequest/Page_KDMC-Pharmacy/select_--Select--Albendazole'

2018-05-17 13:47:51 - [MESSAGE][PASSED] - All options with index in [22] are selected on object 'Object Repository/PharmacyRequest/Page_KDMC-Pharmacy/select_--Select--Albendazole'

2018-05-17 13:47:51 - [TEST_STEP][PASSED] - setText: Text '10' is set on object 'Object Repository/PharmacyRequest/Page_KDMC-Pharmacy/input_txttreat'

2018-05-17 13:47:51 - [MESSAGE][PASSED] - Text '10' is set on object 'Object Repository/PharmacyRequest/Page_KDMC-Pharmacy/input_txttreat'

2018-05-17 13:47:51 - [TEST_STEP][PASSED] - click: Object: 'Object Repository/PharmacyRequest/Page_KDMC-Pharmacy/button_Add' is clicked on

2018-05-17 13:47:51 - [MESSAGE][PASSED] - Object: 'Object Repository/PharmacyRequest/Page_KDMC-Pharmacy/button_Add' is clicked on

2018-05-17 13:47:51 - [TEST_STEP][PASSED] - selectOptionByIndex: All options with index in [11] are selected on object 'Object Repository/PharmacyRequest/Page_KDMC-Pharmacy/select_--Select--Schedule 1Inj'

2018-05-17 13:47:51 - [MESSAGE][PASSED] - All options with index in [11] are selected on object 'Object Repository/PharmacyRequest/Page_KDMC-Pharmacy/select_--Select--Schedule 1Inj'

2018-05-17 13:47:51 - [TEST_STEP][PASSED] - selectOptionByIndex: All options with index in [23] are selected on object 'Object Repository/PharmacyRequest/Page_KDMC-Pharmacy/select_--Select--Albendazole'

2018-05-17 13:47:51 - [MESSAGE][PASSED] - All options with index in [23] are selected on object 'Object Repository/PharmacyRequest/Page_KDMC-Pharmacy/select_--Select--Albendazole'

2018-05-17 13:47:51 - [TEST_STEP][PASSED] - setText: Text '10' is set on object 'Object Repository/PharmacyRequest/Page_KDMC-Pharmacy/input_txttreat'

2018-05-17 13:47:51 - [MESSAGE][PASSED] - Text '10' is set on object 'Object Repository/PharmacyRequest/Page_KDMC-Pharmacy/input_txttreat'

2018-05-17 13:47:51 - [TEST_STEP][PASSED] - click: Object: 'Object Repository/PharmacyRequest/Page_KDMC-Pharmacy/button_Add' is clicked on

2018-05-17 13:47:51 - [MESSAGE][PASSED] - Object: 'Object Repository/PharmacyRequest/Page_KDMC-Pharmacy/button_Add' is clicked on

2018-05-17 13:47:51 - [TEST_STEP][PASSED] - selectOptionByIndex: All options with index in [11] are selected on object 'Object Repository/PharmacyRequest/Page_KDMC-Pharmacy/select_--Select--Schedule 1Inj'

2018-05-17 13:47:52 - [MESSAGE][PASSED] - All options with index in [11] are selected on object 'Object Repository/PharmacyRequest/Page_KDMC-Pharmacy/select_--Select--Schedule 1Inj'

2018-05-17 13:47:52 - [TEST_STEP][PASSED] - selectOptionByIndex: All options with index in [24] are selected on object 'Object Repository/PharmacyRequest/Page_KDMC-Pharmacy/select_--Select--Albendazole'

2018-05-17 13:47:52 - [MESSAGE][PASSED] - All options with index in [24] are selected on object 'Object Repository/PharmacyRequest/Page_KDMC-Pharmacy/select_--Select--Albendazole'

2018-05-17 13:47:52 - [TEST_STEP][PASSED] - setText: Text '10' is set on object 'Object Repository/PharmacyRequest/Page_KDMC-Pharmacy/input_txttreat'

2018-05-17 13:47:52 - [MESSAGE][PASSED] - Text '10' is set on object 'Object Repository/PharmacyRequest/Page_KDMC-Pharmacy/input_txttreat'

2018-05-17 13:47:52 - [TEST_STEP][PASSED] - click: Object: 'Object Repository/PharmacyRequest/Page_KDMC-Pharmacy/button_Add' is clicked on

2018-05-17 13:47:52 - [MESSAGE][PASSED] - Object: 'Object Repository/PharmacyRequest/Page_KDMC-Pharmacy/button_Add' is clicked on

2018-05-17 13:47:52 - [TEST_STEP][PASSED] - selectOptionByIndex: All options with index in [11] are selected on object 'Object Repository/PharmacyRequest/Page_KDMC-Pharmacy/select_--Select--Schedule 1Inj'

2018-05-17 13:47:52 - [MESSAGE][PASSED] - All options with index in [11] are selected on object 'Object Repository/PharmacyRequest/Page_KDMC-Pharmacy/select_--Select--Schedule 1Inj'

2018-05-17 13:47:52 - [TEST_STEP][PASSED] - selectOptionByIndex: All options with index in [25] are selected on object 'Object Repository/PharmacyRequest/Page_KDMC-Pharmacy/select_--Select--Albendazole'

2018-05-17 13:47:52 - [MESSAGE][PASSED] - All options with index in [25] are selected on object 'Object Repository/PharmacyRequest/Page_KDMC-Pharmacy/select_--Select--Albendazole'

2018-05-17 13:47:52 - [TEST_STEP][PASSED] - setText: Text '10' is set on object 'Object Repository/PharmacyRequest/Page_KDMC-Pharmacy/input_txttreat'

2018-05-17 13:47:53 - [MESSAGE][PASSED] - Text '10' is set on object 'Object Repository/PharmacyRequest/Page_KDMC-Pharmacy/input_txttreat'

2018-05-17 13:47:53 - [TEST_STEP][PASSED] - click: Object: 'Object Repository/PharmacyRequest/Page_KDMC-Pharmacy/button_Add' is clicked on

2018-05-17 13:47:53 - [MESSAGE][PASSED] - Object: 'Object Repository/PharmacyRequest/Page_KDMC-Pharmacy/button_Add' is clicked on

2018-05-17 13:47:53 - [TEST_STEP][PASSED] - selectOptionByIndex: All options with index in [11] are selected on object 'Object Repository/PharmacyRequest/Page_KDMC-Pharmacy/select_--Select--Schedule 1Inj'

2018-05-17 13:47:53 - [MESSAGE][PASSED] - All options with index in [11] are selected on object 'Object Repository/PharmacyRequest/Page_KDMC-Pharmacy/select_--Select--Schedule 1Inj'

2018-05-17 13:47:53 - [TEST_STEP][PASSED] - selectOptionByIndex: All options with index in [26] are selected on object 'Object Repository/PharmacyRequest/Page_KDMC-Pharmacy/select_--Select--Albendazole'

2018-05-17 13:47:53 - [MESSAGE][PASSED] - All options with index in [26] are selected on object 'Object Repository/PharmacyRequest/Page_KDMC-Pharmacy/select_--Select--Albendazole'

2018-05-17 13:47:53 - [TEST_STEP][PASSED] - setText: Text '10' is set on object 'Object Repository/PharmacyRequest/Page_KDMC-Pharmacy/input_txttreat'

2018-05-17 13:47:53 - [MESSAGE][PASSED] - Text '10' is set on object 'Object Repository/PharmacyRequest/Page_KDMC-Pharmacy/input_txttreat'

2018-05-17 13:47:53 - [TEST_STEP][PASSED] - click: Object: 'Object Repository/PharmacyRequest/Page_KDMC-Pharmacy/button_Add' is clicked on

2018-05-17 13:47:53 - [MESSAGE][PASSED] - Object: 'Object Repository/PharmacyRequest/Page_KDMC-Pharmacy/button_Add' is clicked on

2018-05-17 13:47:53 - [TEST_STEP][PASSED] - selectOptionByIndex: All options with index in [11] are selected on object 'Object Repository/PharmacyRequest/Page_KDMC-Pharmacy/select_--Select--Schedule 1Inj'

2018-05-17 13:47:53 - [MESSAGE][PASSED] - All options with index in [11] are selected on object 'Object Repository/PharmacyRequest/Page_KDMC-Pharmacy/select_--Select--Schedule 1Inj'

2018-05-17 13:47:53 - [TEST_STEP][PASSED] - selectOptionByIndex: All options with index in [27] are selected on object 'Object Repository/PharmacyRequest/Page_KDMC-Pharmacy/select_--Select--Albendazole'

2018-05-17 13:47:54 - [MESSAGE][PASSED] - All options with index in [27] are selected on object 'Object Repository/PharmacyRequest/Page_KDMC-Pharmacy/select_--Select--Albendazole'

2018-05-17 13:47:54 - [TEST_STEP][PASSED] - setText: Text '10' is set on object 'Object Repository/PharmacyRequest/Page_KDMC-Pharmacy/input_txttreat'

2018-05-17 13:47:54 - [MESSAGE][PASSED] - Text '10' is set on object 'Object Repository/PharmacyRequest/Page_KDMC-Pharmacy/input_txttreat'

2018-05-17 13:47:54 - [TEST_STEP][PASSED] - click: Object: 'Object Repository/PharmacyRequest/Page_KDMC-Pharmacy/button_Add' is clicked on

2018-05-17 13:47:54 - [MESSAGE][PASSED] - Object: 'Object Repository/PharmacyRequest/Page_KDMC-Pharmacy/button_Add' is clicked on

2018-05-17 13:47:54 - [TEST_STEP][PASSED] - selectOptionByIndex: All options with index in [11] are selected on object 'Object Repository/PharmacyRequest/Page_KDMC-Pharmacy/select_--Select--Schedule 1Inj'

2018-05-17 13:47:54 - [MESSAGE][PASSED] - All options with index in [11] are selected on object 'Object Repository/PharmacyRequest/Page_KDMC-Pharmacy/select_--Select--Schedule 1Inj'

2018-05-17 13:47:54 - [TEST_STEP][PASSED] - selectOptionByIndex: All options with index in [28] are selected on object 'Object Repository/PharmacyRequest/Page_KDMC-Pharmacy/select_--Select--Albendazole'

2018-05-17 13:47:54 - [MESSAGE][PASSED] - All options with index in [28] are selected on object 'Object Repository/PharmacyRequest/Page_KDMC-Pharmacy/select_--Select--Albendazole'

2018-05-17 13:47:54 - [TEST_STEP][PASSED] - setText: Text '10' is set on object 'Object Repository/PharmacyRequest/Page_KDMC-Pharmacy/input_txttreat'

2018-05-17 13:47:54 - [MESSAGE][PASSED] - Text '10' is set on object 'Object Repository/PharmacyRequest/Page_KDMC-Pharmacy/input_txttreat'

2018-05-17 13:47:54 - [TEST_STEP][PASSED] - click: Object: 'Object Repository/PharmacyRequest/Page_KDMC-Pharmacy/button_Add' is clicked on

2018-05-17 13:47:54 - [MESSAGE][PASSED] - Object: 'Object Repository/PharmacyRequest/Page_KDMC-Pharmacy/button_Add' is clicked on

2018-05-17 13:47:54 - [TEST_STEP][PASSED] - selectOptionByIndex: All options with index in [11] are selected on object 'Object Repository/PharmacyRequest/Page_KDMC-Pharmacy/select_--Select--Schedule 1Inj'

2018-05-17 13:47:55 - [MESSAGE][PASSED] - All options with index in [11] are selected on object 'Object Repository/PharmacyRequest/Page_KDMC-Pharmacy/select_--Select--Schedule 1Inj'

2018-05-17 13:47:55 - [TEST_STEP][PASSED] - selectOptionByIndex: All options with index in [29] are selected on object 'Object Repository/PharmacyRequest/Page_KDMC-Pharmacy/select_--Select--Albendazole'

2018-05-17 13:47:55 - [MESSAGE][PASSED] - All options with index in [29] are selected on object 'Object Repository/PharmacyRequest/Page_KDMC-Pharmacy/select_--Select--Albendazole'

2018-05-17 13:47:55 - [TEST_STEP][PASSED] - setText: Text '10' is set on object 'Object Repository/PharmacyRequest/Page_KDMC-Pharmacy/input_txttreat'

2018-05-17 13:47:55 - [MESSAGE][PASSED] - Text '10' is set on object 'Object Repository/PharmacyRequest/Page_KDMC-Pharmacy/input_txttreat'

2018-05-17 13:47:55 - [TEST_STEP][PASSED] - click: Object: 'Object Repository/PharmacyRequest/Page_KDMC-Pharmacy/button_Add' is clicked on

2018-05-17 13:47:55 - [MESSAGE][PASSED] - Object: 'Object Repository/PharmacyRequest/Page_KDMC-Pharmacy/button_Add' is clicked on

2018-05-17 13:47:55 - [TEST_STEP][PASSED] - selectOptionByIndex: All options with index in [11] are selected on object 'Object Repository/PharmacyRequest/Page_KDMC-Pharmacy/select_--Select--Schedule 1Inj'

2018-05-17 13:47:55 - [MESSAGE][PASSED] - All options with index in [11] are selected on object 'Object Repository/PharmacyRequest/Page_KDMC-Pharmacy/select_--Select--Schedule 1Inj'

2018-05-17 13:47:55 - [TEST_STEP][PASSED] - selectOptionByIndex: All options with index in [30] are selected on object 'Object Repository/PharmacyRequest/Page_KDMC-Pharmacy/select_--Select--Albendazole'

2018-05-17 13:47:56 - [MESSAGE][PASSED] - All options with index in [30] are selected on object 'Object Repository/PharmacyRequest/Page_KDMC-Pharmacy/select_--Select--Albendazole'

2018-05-17 13:47:56 - [TEST_STEP][PASSED] - setText: Text '10' is set on object 'Object Repository/PharmacyRequest/Page_KDMC-Pharmacy/input_txttreat'

2018-05-17 13:47:56 - [MESSAGE][PASSED] - Text '10' is set on object 'Object Repository/PharmacyRequest/Page_KDMC-Pharmacy/input_txttreat'

2018-05-17 13:47:56 - [TEST_STEP][PASSED] - click: Object: 'Object Repository/PharmacyRequest/Page_KDMC-Pharmacy/button_Add' is clicked on

2018-05-17 13:47:56 - [MESSAGE][PASSED] - Object: 'Object Repository/PharmacyRequest/Page_KDMC-Pharmacy/button_Add' is clicked on

2018-05-17 13:47:56 - [TEST_STEP][PASSED] - selectOptionByIndex: All options with index in [11] are selected on object 'Object Repository/PharmacyRequest/Page_KDMC-Pharmacy/select_--Select--Schedule 1Inj'

2018-05-17 13:47:56 - [MESSAGE][PASSED] - All options with index in [11] are selected on object 'Object Repository/PharmacyRequest/Page_KDMC-Pharmacy/select_--Select--Schedule 1Inj'

2018-05-17 13:47:56 - [TEST_STEP][PASSED] - selectOptionByIndex: All options with index in [31] are selected on object 'Object Repository/PharmacyRequest/Page_KDMC-Pharmacy/select_--Select--Albendazole'

2018-05-17 13:47:56 - [MESSAGE][PASSED] - All options with index in [31] are selected on object 'Object Repository/PharmacyRequest/Page_KDMC-Pharmacy/select_--Select--Albendazole'

2018-05-17 13:47:56 - [TEST_STEP][PASSED] - setText: Text '10' is set on object 'Object Repository/PharmacyRequest/Page_KDMC-Pharmacy/input_txttreat'

2018-05-17 13:47:56 - [MESSAGE][PASSED] - Text '10' is set on object 'Object Repository/PharmacyRequest/Page_KDMC-Pharmacy/input_txttreat'

2018-05-17 13:47:56 - [TEST_STEP][PASSED] - click: Object: 'Object Repository/PharmacyRequest/Page_KDMC-Pharmacy/button_Add' is clicked on

2018-05-17 13:47:56 - [MESSAGE][PASSED] - Object: 'Object Repository/PharmacyRequest/Page_KDMC-Pharmacy/button_Add' is clicked on

2018-05-17 13:47:56 - [TEST_STEP][PASSED] - selectOptionByIndex: All options with index in [11] are selected on object 'Object Repository/PharmacyRequest/Page_KDMC-Pharmacy/select_--Select--Schedule 1Inj'

2018-05-17 13:47:56 - [MESSAGE][PASSED] - All options with index in [11] are selected on object 'Object Repository/PharmacyRequest/Page_KDMC-Pharmacy/select_--Select--Schedule 1Inj'

2018-05-17 13:47:56 - [TEST_STEP][PASSED] - selectOptionByIndex: All options with index in [32] are selected on object 'Object Repository/PharmacyRequest/Page_KDMC-Pharmacy/select_--Select--Albendazole'

2018-05-17 13:47:57 - [MESSAGE][PASSED] - All options with index in [32] are selected on object 'Object Repository/PharmacyRequest/Page_KDMC-Pharmacy/select_--Select--Albendazole'

2018-05-17 13:47:57 - [TEST_STEP][PASSED] - setText: Text '10' is set on object 'Object Repository/PharmacyRequest/Page_KDMC-Pharmacy/input_txttreat'

2018-05-17 13:47:57 - [MESSAGE][PASSED] - Text '10' is set on object 'Object Repository/PharmacyRequest/Page_KDMC-Pharmacy/input_txttreat'

2018-05-17 13:47:57 - [TEST_STEP][PASSED] - click: Object: 'Object Repository/PharmacyRequest/Page_KDMC-Pharmacy/button_Add' is clicked on

2018-05-17 13:47:57 - [MESSAGE][PASSED] - Object: 'Object Repository/PharmacyRequest/Page_KDMC-Pharmacy/button_Add' is clicked on

2018-05-17 13:47:57 - [TEST_STEP][PASSED] - selectOptionByIndex: All options with index in [11] are selected on object 'Object Repository/PharmacyRequest/Page_KDMC-Pharmacy/select_--Select--Schedule 1Inj'

2018-05-17 13:47:57 - [MESSAGE][PASSED] - All options with index in [11] are selected on object 'Object Repository/PharmacyRequest/Page_KDMC-Pharmacy/select_--Select--Schedule 1Inj'

2018-05-17 13:47:57 - [TEST_STEP][PASSED] - selectOptionByIndex: All options with index in [33] are selected on object 'Object Repository/PharmacyRequest/Page_KDMC-Pharmacy/select_--Select--Albendazole'

2018-05-17 13:47:58 - [MESSAGE][PASSED] - All options with index in [33] are selected on object 'Object Repository/PharmacyRequest/Page_KDMC-Pharmacy/select_--Select--Albendazole'

2018-05-17 13:47:58 - [TEST_STEP][PASSED] - setText: Text '10' is set on object 'Object Repository/PharmacyRequest/Page_KDMC-Pharmacy/input_txttreat'

2018-05-17 13:47:58 - [MESSAGE][PASSED] - Text '10' is set on object 'Object Repository/PharmacyRequest/Page_KDMC-Pharmacy/input_txttreat'

2018-05-17 13:47:58 - [TEST_STEP][PASSED] - click: Object: 'Object Repository/PharmacyRequest/Page_KDMC-Pharmacy/button_Add' is clicked on

2018-05-17 13:47:58 - [MESSAGE][PASSED] - Object: 'Object Repository/PharmacyRequest/Page_KDMC-Pharmacy/button_Add' is clicked on

2018-05-17 13:47:58 - [TEST_STEP][PASSED] - selectOptionByIndex: All options with index in [11] are selected on object 'Object Repository/PharmacyRequest/Page_KDMC-Pharmacy/select_--Select--Schedule 1Inj'

2018-05-17 13:47:58 - [MESSAGE][PASSED] - All options with index in [11] are selected on object 'Object Repository/PharmacyRequest/Page_KDMC-Pharmacy/select_--Select--Schedule 1Inj'

2018-05-17 13:47:58 - [TEST_STEP][PASSED] - selectOptionByIndex: All options with index in [34] are selected on object 'Object Repository/PharmacyRequest/Page_KDMC-Pharmacy/select_--Select--Albendazole'

2018-05-17 13:47:58 - [MESSAGE][PASSED] - All options with index in [34] are selected on object 'Object Repository/PharmacyRequest/Page_KDMC-Pharmacy/select_--Select--Albendazole'

2018-05-17 13:47:58 - [TEST_STEP][PASSED] - setText: Text '10' is set on object 'Object Repository/PharmacyRequest/Page_KDMC-Pharmacy/input_txttreat'

2018-05-17 13:47:58 - [MESSAGE][PASSED] - Text '10' is set on object 'Object Repository/PharmacyRequest/Page_KDMC-Pharmacy/input_txttreat'

2018-05-17 13:47:58 - [TEST_STEP][PASSED] - click: Object: 'Object Repository/PharmacyRequest/Page_KDMC-Pharmacy/button_Add' is clicked on

2018-05-17 13:47:58 - [MESSAGE][PASSED] - Object: 'Object Repository/PharmacyRequest/Page_KDMC-Pharmacy/button_Add' is clicked on

2018-05-17 13:47:58 - [TEST_STEP][PASSED] - selectOptionByIndex: All options with index in [11] are selected on object 'Object Repository/PharmacyRequest/Page_KDMC-Pharmacy/select_--Select--Schedule 1Inj'

2018-05-17 13:47:59 - [MESSAGE][PASSED] - All options with index in [11] are selected on object 'Object Repository/PharmacyRequest/Page_KDMC-Pharmacy/select_--Select--Schedule 1Inj'

2018-05-17 13:47:59 - [TEST_STEP][PASSED] - selectOptionByIndex: All options with index in [35] are selected on object 'Object Repository/PharmacyRequest/Page_KDMC-Pharmacy/select_--Select--Albendazole'

2018-05-17 13:47:59 - [MESSAGE][PASSED] - All options with index in [35] are selected on object 'Object Repository/PharmacyRequest/Page_KDMC-Pharmacy/select_--Select--Albendazole'

2018-05-17 13:47:59 - [TEST_STEP][PASSED] - setText: Text '10' is set on object 'Object Repository/PharmacyRequest/Page_KDMC-Pharmacy/input_txttreat'

2018-05-17 13:47:59 - [MESSAGE][PASSED] - Text '10' is set on object 'Object Repository/PharmacyRequest/Page_KDMC-Pharmacy/input_txttreat'

2018-05-17 13:47:59 - [TEST_STEP][PASSED] - click: Object: 'Object Repository/PharmacyRequest/Page_KDMC-Pharmacy/button_Add' is clicked on

2018-05-17 13:47:59 - [MESSAGE][PASSED] - Object: 'Object Repository/PharmacyRequest/Page_KDMC-Pharmacy/button_Add' is clicked on

2018-05-17 13:47:59 - [TEST_STEP][PASSED] - selectOptionByIndex: All options with index in [11] are selected on object 'Object Repository/PharmacyRequest/Page_KDMC-Pharmacy/select_--Select--Schedule 1Inj'

2018-05-17 13:47:59 - [MESSAGE][PASSED] - All options with index in [11] are selected on object 'Object Repository/PharmacyRequest/Page_KDMC-Pharmacy/select_--Select--Schedule 1Inj'

2018-05-17 13:47:59 - [TEST_STEP][PASSED] - selectOptionByIndex: All options with index in [36] are selected on object 'Object Repository/PharmacyRequest/Page_KDMC-Pharmacy/select_--Select--Albendazole'

2018-05-17 13:48:00 - [MESSAGE][PASSED] - All options with index in [36] are selected on object 'Object Repository/PharmacyRequest/Page_KDMC-Pharmacy/select_--Select--Albendazole'

2018-05-17 13:48:00 - [TEST_STEP][PASSED] - setText: Text '10' is set on object 'Object Repository/PharmacyRequest/Page_KDMC-Pharmacy/input_txttreat'

2018-05-17 13:48:00 - [MESSAGE][PASSED] - Text '10' is set on object 'Object Repository/PharmacyRequest/Page_KDMC-Pharmacy/input_txttreat'

2018-05-17 13:48:00 - [TEST_STEP][PASSED] - click: Object: 'Object Repository/PharmacyRequest/Page_KDMC-Pharmacy/button_Add' is clicked on

2018-05-17 13:48:00 - [MESSAGE][PASSED] - Object: 'Object Repository/PharmacyRequest/Page_KDMC-Pharmacy/button_Add' is clicked on

2018-05-17 13:48:00 - [TEST_STEP][PASSED] - selectOptionByIndex: All options with index in [11] are selected on object 'Object Repository/PharmacyRequest/Page_KDMC-Pharmacy/select_--Select--Schedule 1Inj'

2018-05-17 13:48:00 - [MESSAGE][PASSED] - All options with index in [11] are selected on object 'Object Repository/PharmacyRequest/Page_KDMC-Pharmacy/select_--Select--Schedule 1Inj'

2018-05-17 13:48:00 - [TEST_STEP][PASSED] - selectOptionByIndex: All options with index in [37] are selected on object 'Object Repository/PharmacyRequest/Page_KDMC-Pharmacy/select_--Select--Albendazole'

2018-05-17 13:48:00 - [MESSAGE][PASSED] - All options with index in [37] are selected on object 'Object Repository/PharmacyRequest/Page_KDMC-Pharmacy/select_--Select--Albendazole'

2018-05-17 13:48:00 - [TEST_STEP][PASSED] - setText: Text '10' is set on object 'Object Repository/PharmacyRequest/Page_KDMC-Pharmacy/input_txttreat'

2018-05-17 13:48:00 - [MESSAGE][PASSED] - Text '10' is set on object 'Object Repository/PharmacyRequest/Page_KDMC-Pharmacy/input_txttreat'

2018-05-17 13:48:00 - [TEST_STEP][PASSED] - click: Object: 'Object Repository/PharmacyRequest/Page_KDMC-Pharmacy/button_Add' is clicked on

2018-05-17 13:48:00 - [MESSAGE][PASSED] - Object: 'Object Repository/PharmacyRequest/Page_KDMC-Pharmacy/button_Add' is clicked on

2018-05-17 13:48:00 - [TEST_STEP][PASSED] - selectOptionByIndex: All options with index in [11] are selected on object 'Object Repository/PharmacyRequest/Page_KDMC-Pharmacy/select_--Select--Schedule 1Inj'

2018-05-17 13:48:01 - [MESSAGE][PASSED] - All options with index in [11] are selected on object 'Object Repository/PharmacyRequest/Page_KDMC-Pharmacy/select_--Select--Schedule 1Inj'

2018-05-17 13:48:01 - [TEST_STEP][PASSED] - selectOptionByIndex: All options with index in [38] are selected on object 'Object Repository/PharmacyRequest/Page_KDMC-Pharmacy/select_--Select--Albendazole'

2018-05-17 13:48:01 - [MESSAGE][PASSED] - All options with index in [38] are selected on object 'Object Repository/PharmacyRequest/Page_KDMC-Pharmacy/select_--Select--Albendazole'

2018-05-17 13:48:01 - [TEST_STEP][PASSED] - setText: Text '10' is set on object 'Object Repository/PharmacyRequest/Page_KDMC-Pharmacy/input_txttreat'

2018-05-17 13:48:01 - [MESSAGE][PASSED] - Text '10' is set on object 'Object Repository/PharmacyRequest/Page_KDMC-Pharmacy/input_txttreat'

2018-05-17 13:48:01 - [TEST_STEP][PASSED] - click: Object: 'Object Repository/PharmacyRequest/Page_KDMC-Pharmacy/button_Add' is clicked on

2018-05-17 13:48:01 - [MESSAGE][PASSED] - Object: 'Object Repository/PharmacyRequest/Page_KDMC-Pharmacy/button_Add' is clicked on

2018-05-17 13:48:01 - [TEST_STEP][PASSED] - selectOptionByIndex: All options with index in [11] are selected on object 'Object Repository/PharmacyRequest/Page_KDMC-Pharmacy/select_--Select--Schedule 1Inj'

2018-05-17 13:48:01 - [MESSAGE][PASSED] - All options with index in [11] are selected on object 'Object Repository/PharmacyRequest/Page_KDMC-Pharmacy/select_--Select--Schedule 1Inj'

2018-05-17 13:48:01 - [TEST_STEP][PASSED] - selectOptionByIndex: All options with index in [39] are selected on object 'Object Repository/PharmacyRequest/Page_KDMC-Pharmacy/select_--Select--Albendazole'

2018-05-17 13:48:02 - [MESSAGE][PASSED] - All options with index in [39] are selected on object 'Object Repository/PharmacyRequest/Page_KDMC-Pharmacy/select_--Select--Albendazole'

2018-05-17 13:48:02 - [TEST_STEP][PASSED] - setText: Text '10' is set on object 'Object Repository/PharmacyRequest/Page_KDMC-Pharmacy/input_txttreat'

2018-05-17 13:48:02 - [MESSAGE][PASSED] - Text '10' is set on object 'Object Repository/PharmacyRequest/Page_KDMC-Pharmacy/input_txttreat'

2018-05-17 13:48:02 - [TEST_STEP][PASSED] - click: Object: 'Object Repository/PharmacyRequest/Page_KDMC-Pharmacy/button_Add' is clicked on

2018-05-17 13:48:02 - [MESSAGE][PASSED] - Object: 'Object Repository/PharmacyRequest/Page_KDMC-Pharmacy/button_Add' is clicked on

2018-05-17 13:48:02 - [TEST_STEP][PASSED] - selectOptionByIndex: All options with index in [11] are selected on object 'Object Repository/PharmacyRequest/Page_KDMC-Pharmacy/select_--Select--Schedule 1Inj'

2018-05-17 13:48:02 - [MESSAGE][PASSED] - All options with index in [11] are selected on object 'Object Repository/PharmacyRequest/Page_KDMC-Pharmacy/select_--Select--Schedule 1Inj'

2018-05-17 13:48:02 - [TEST_STEP][PASSED] - selectOptionByIndex: All options with index in [40] are selected on object 'Object Repository/PharmacyRequest/Page_KDMC-Pharmacy/select_--Select--Albendazole'

2018-05-17 13:48:02 - [MESSAGE][PASSED] - All options with index in [40] are selected on object 'Object Repository/PharmacyRequest/Page_KDMC-Pharmacy/select_--Select--Albendazole'

2018-05-17 13:48:02 - [TEST_STEP][PASSED] - setText: Text '10' is set on object 'Object Repository/PharmacyRequest/Page_KDMC-Pharmacy/input_txttreat'

2018-05-17 13:48:02 - [MESSAGE][PASSED] - Text '10' is set on object 'Object Repository/PharmacyRequest/Page_KDMC-Pharmacy/input_txttreat'

2018-05-17 13:48:02 - [TEST_STEP][PASSED] - click: Object: 'Object Repository/PharmacyRequest/Page_KDMC-Pharmacy/button_Add' is clicked on

2018-05-17 13:48:02 - [MESSAGE][PASSED] - Object: 'Object Repository/PharmacyRequest/Page_KDMC-Pharmacy/button_Add' is clicked on

2018-05-17 13:48:02 - [TEST_STEP][PASSED] - selectOptionByIndex: All options with index in [11] are selected on object 'Object Repository/PharmacyRequest/Page_KDMC-Pharmacy/select_--Select--Schedule 1Inj'

2018-05-17 13:48:03 - [MESSAGE][PASSED] - All options with index in [11] are selected on object 'Object Repository/PharmacyRequest/Page_KDMC-Pharmacy/select_--Select--Schedule 1Inj'

2018-05-17 13:48:03 - [TEST_STEP][PASSED] - selectOptionByIndex: All options with index in [41] are selected on object 'Object Repository/PharmacyRequest/Page_KDMC-Pharmacy/select_--Select--Albendazole'

2018-05-17 13:48:03 - [MESSAGE][PASSED] - All options with index in [41] are selected on object 'Object Repository/PharmacyRequest/Page_KDMC-Pharmacy/select_--Select--Albendazole'

2018-05-17 13:48:03 - [TEST_STEP][PASSED] - setText: Text '10' is set on object 'Object Repository/PharmacyRequest/Page_KDMC-Pharmacy/input_txttreat'

2018-05-17 13:48:03 - [MESSAGE][PASSED] - Text '10' is set on object 'Object Repository/PharmacyRequest/Page_KDMC-Pharmacy/input_txttreat'

2018-05-17 13:48:03 - [TEST_STEP][PASSED] - click: Object: 'Object Repository/PharmacyRequest/Page_KDMC-Pharmacy/button_Add' is clicked on

2018-05-17 13:48:03 - [MESSAGE][PASSED] - Object: 'Object Repository/PharmacyRequest/Page_KDMC-Pharmacy/button_Add' is clicked on

2018-05-17 13:48:03 - [TEST_STEP][PASSED] - selectOptionByIndex: All options with index in [11] are selected on object 'Object Repository/PharmacyRequest/Page_KDMC-Pharmacy/select_--Select--Schedule 1Inj'

2018-05-17 13:48:03 - [MESSAGE][PASSED] - All options with index in [11] are selected on object 'Object Repository/PharmacyRequest/Page_KDMC-Pharmacy/select_--Select--Schedule 1Inj'

2018-05-17 13:48:03 - [TEST_STEP][PASSED] - selectOptionByIndex: All options with index in [42] are selected on object 'Object Repository/PharmacyRequest/Page_KDMC-Pharmacy/select_--Select--Albendazole'

2018-05-17 13:48:04 - [MESSAGE][PASSED] - All options with index in [42] are selected on object 'Object Repository/PharmacyRequest/Page_KDMC-Pharmacy/select_--Select--Albendazole'

2018-05-17 13:48:04 - [TEST_STEP][PASSED] - setText: Text '10' is set on object 'Object Repository/PharmacyRequest/Page_KDMC-Pharmacy/input_txttreat'

2018-05-17 13:48:04 - [MESSAGE][PASSED] - Text '10' is set on object 'Object Repository/PharmacyRequest/Page_KDMC-Pharmacy/input_txttreat'

2018-05-17 13:48:04 - [TEST_STEP][PASSED] - click: Object: 'Object Repository/PharmacyRequest/Page_KDMC-Pharmacy/button_Add' is clicked on

2018-05-17 13:48:04 - [MESSAGE][PASSED] - Object: 'Object Repository/PharmacyRequest/Page_KDMC-Pharmacy/button_Add' is clicked on

2018-05-17 13:48:04 - [TEST_STEP][PASSED] - selectOptionByIndex: All options with index in [11] are selected on object 'Object Repository/PharmacyRequest/Page_KDMC-Pharmacy/select_--Select--Schedule 1Inj'

2018-05-17 13:48:04 - [MESSAGE][PASSED] - All options with index in [11] are selected on object 'Object Repository/PharmacyRequest/Page_KDMC-Pharmacy/select_--Select--Schedule 1Inj'

2018-05-17 13:48:04 - [TEST_STEP][PASSED] - selectOptionByIndex: All options with index in [43] are selected on object 'Object Repository/PharmacyRequest/Page_KDMC-Pharmacy/select_--Select--Albendazole'

2018-05-17 13:48:04 - [MESSAGE][PASSED] - All options with index in [43] are selected on object 'Object Repository/PharmacyRequest/Page_KDMC-Pharmacy/select_--Select--Albendazole'

2018-05-17 13:48:04 - [TEST_STEP][PASSED] - setText: Text '10' is set on object 'Object Repository/PharmacyRequest/Page_KDMC-Pharmacy/input_txttreat'

2018-05-17 13:48:05 - [MESSAGE][PASSED] - Text '10' is set on object 'Object Repository/PharmacyRequest/Page_KDMC-Pharmacy/input_txttreat'

2018-05-17 13:48:05 - [TEST_STEP][PASSED] - click: Object: 'Object Repository/PharmacyRequest/Page_KDMC-Pharmacy/button_Add' is clicked on

2018-05-17 13:48:05 - [MESSAGE][PASSED] - Object: 'Object Repository/PharmacyRequest/Page_KDMC-Pharmacy/button_Add' is clicked on

2018-05-17 13:48:05 - [TEST_STEP][PASSED] - selectOptionByIndex: All options with index in [11] are selected on object 'Object Repository/PharmacyRequest/Page_KDMC-Pharmacy/select_--Select--Schedule 1Inj'

2018-05-17 13:48:05 - [MESSAGE][PASSED] - All options with index in [11] are selected on object 'Object Repository/PharmacyRequest/Page_KDMC-Pharmacy/select_--Select--Schedule 1Inj'

2018-05-17 13:48:05 - [TEST_STEP][PASSED] - selectOptionByIndex: All options with index in [44] are selected on object 'Object Repository/PharmacyRequest/Page_KDMC-Pharmacy/select_--Select--Albendazole'

2018-05-17 13:48:05 - [MESSAGE][PASSED] - All options with index in [44] are selected on object 'Object Repository/PharmacyRequest/Page_KDMC-Pharmacy/select_--Select--Albendazole'

2018-05-17 13:48:05 - [TEST_STEP][PASSED] - setText: Text '10' is set on object 'Object Repository/PharmacyRequest/Page_KDMC-Pharmacy/input_txttreat'

2018-05-17 13:48:05 - [MESSAGE][PASSED] - Text '10' is set on object 'Object Repository/PharmacyRequest/Page_KDMC-Pharmacy/input_txttreat'

2018-05-17 13:48:05 - [TEST_STEP][PASSED] - click: Object: 'Object Repository/PharmacyRequest/Page_KDMC-Pharmacy/button_Add' is clicked on

2018-05-17 13:48:05 - [MESSAGE][PASSED] - Object: 'Object Repository/PharmacyRequest/Page_KDMC-Pharmacy/button_Add' is clicked on

2018-05-17 13:48:05 - [TEST_STEP][PASSED] - selectOptionByIndex: All options with index in [11] are selected on object 'Object Repository/PharmacyRequest/Page_KDMC-Pharmacy/select_--Select--Schedule 1Inj'

2018-05-17 13:48:06 - [MESSAGE][PASSED] - All options with index in [11] are selected on object 'Object Repository/PharmacyRequest/Page_KDMC-Pharmacy/select_--Select--Schedule 1Inj'

2018-05-17 13:48:06 - [TEST_STEP][PASSED] - selectOptionByIndex: All options with index in [45] are selected on object 'Object Repository/PharmacyRequest/Page_KDMC-Pharmacy/select_--Select--Albendazole'

2018-05-17 13:48:06 - [MESSAGE][PASSED] - All options with index in [45] are selected on object 'Object Repository/PharmacyRequest/Page_KDMC-Pharmacy/select_--Select--Albendazole'

2018-05-17 13:48:06 - [TEST_STEP][PASSED] - setText: Text '10' is set on object 'Object Repository/PharmacyRequest/Page_KDMC-Pharmacy/input_txttreat'

2018-05-17 13:48:06 - [MESSAGE][PASSED] - Text '10' is set on object 'Object Repository/PharmacyRequest/Page_KDMC-Pharmacy/input_txttreat'

2018-05-17 13:48:06 - [TEST_STEP][PASSED] - click: Object: 'Object Repository/PharmacyRequest/Page_KDMC-Pharmacy/button_Add' is clicked on

2018-05-17 13:48:06 - [MESSAGE][PASSED] - Object: 'Object Repository/PharmacyRequest/Page_KDMC-Pharmacy/button_Add' is clicked on

2018-05-17 13:48:06 - [TEST_STEP][PASSED] - selectOptionByIndex: All options with index in [11] are selected on object 'Object Repository/PharmacyRequest/Page_KDMC-Pharmacy/select_--Select--Schedule 1Inj'

2018-05-17 13:48:06 - [MESSAGE][PASSED] - All options with index in [11] are selected on object 'Object Repository/PharmacyRequest/Page_KDMC-Pharmacy/select_--Select--Schedule 1Inj'

2018-05-17 13:48:06 - [TEST_STEP][PASSED] - selectOptionByIndex: All options with index in [46] are selected on object 'Object Repository/PharmacyRequest/Page_KDMC-Pharmacy/select_--Select--Albendazole'

2018-05-17 13:48:07 - [MESSAGE][PASSED] - All options with index in [46] are selected on object 'Object Repository/PharmacyRequest/Page_KDMC-Pharmacy/select_--Select--Albendazole'

2018-05-17 13:48:07 - [TEST_STEP][PASSED] - setText: Text '10' is set on object 'Object Repository/PharmacyRequest/Page_KDMC-Pharmacy/input_txttreat'

2018-05-17 13:48:07 - [MESSAGE][PASSED] - Text '10' is set on object 'Object Repository/PharmacyRequest/Page_KDMC-Pharmacy/input_txttreat'

2018-05-17 13:48:07 - [TEST_STEP][PASSED] - click: Object: 'Object Repository/PharmacyRequest/Page_KDMC-Pharmacy/button_Add' is clicked on

2018-05-17 13:48:07 - [MESSAGE][PASSED] - Object: 'Object Repository/PharmacyRequest/Page_KDMC-Pharmacy/button_Add' is clicked on

2018-05-17 13:48:07 - [TEST_STEP][PASSED] - selectOptionByIndex: All options with index in [11] are selected on object 'Object Repository/PharmacyRequest/Page_KDMC-Pharmacy/select_--Select--Schedule 1Inj'

2018-05-17 13:48:07 - [MESSAGE][PASSED] - All options with index in [11] are selected on object 'Object Repository/PharmacyRequest/Page_KDMC-Pharmacy/select_--Select--Schedule 1Inj'

2018-05-17 13:48:07 - [TEST_STEP][PASSED] - selectOptionByIndex: All options with index in [47] are selected on object 'Object Repository/PharmacyRequest/Page_KDMC-Pharmacy/select_--Select--Albendazole'

2018-05-17 13:48:08 - [MESSAGE][PASSED] - All options with index in [47] are selected on object 'Object Repository/PharmacyRequest/Page_KDMC-Pharmacy/select_--Select--Albendazole'

2018-05-17 13:48:08 - [TEST_STEP][PASSED] - setText: Text '10' is set on object 'Object Repository/PharmacyRequest/Page_KDMC-Pharmacy/input_txttreat'

2018-05-17 13:48:08 - [MESSAGE][PASSED] - Text '10' is set on object 'Object Repository/PharmacyRequest/Page_KDMC-Pharmacy/input_txttreat'

2018-05-17 13:48:08 - [TEST_STEP][PASSED] - click: Object: 'Object Repository/PharmacyRequest/Page_KDMC-Pharmacy/button_Add' is clicked on

2018-05-17 13:48:08 - [MESSAGE][PASSED] - Object: 'Object Repository/PharmacyRequest/Page_KDMC-Pharmacy/button_Add' is clicked on

2018-05-17 13:48:08 - [TEST_STEP][PASSED] - selectOptionByIndex: All options with index in [11] are selected on object 'Object Repository/PharmacyRequest/Page_KDMC-Pharmacy/select_--Select--Schedule 1Inj'

2018-05-17 13:48:08 - [MESSAGE][PASSED] - All options with index in [11] are selected on object 'Object Repository/PharmacyRequest/Page_KDMC-Pharmacy/select_--Select--Schedule 1Inj'

2018-05-17 13:48:08 - [TEST_STEP][PASSED] - selectOptionByIndex: All options with index in [48] are selected on object 'Object Repository/PharmacyRequest/Page_KDMC-Pharmacy/select_--Select--Albendazole'

2018-05-17 13:48:08 - [MESSAGE][PASSED] - All options with index in [48] are selected on object 'Object Repository/PharmacyRequest/Page_KDMC-Pharmacy/select_--Select--Albendazole'

2018-05-17 13:48:08 - [TEST_STEP][PASSED] - setText: Text '10' is set on object 'Object Repository/PharmacyRequest/Page_KDMC-Pharmacy/input_txttreat'

2018-05-17 13:48:08 - [MESSAGE][PASSED] - Text '10' is set on object 'Object Repository/PharmacyRequest/Page_KDMC-Pharmacy/input_txttreat'

2018-05-17 13:48:08 - [TEST_STEP][PASSED] - click: Object: 'Object Repository/PharmacyRequest/Page_KDMC-Pharmacy/button_Add' is clicked on

2018-05-17 13:48:09 - [MESSAGE][PASSED] - Object: 'Object Repository/PharmacyRequest/Page_KDMC-Pharmacy/button_Add' is clicked on

2018-05-17 13:48:09 - [TEST_STEP][PASSED] - selectOptionByIndex: All options with index in [11] are selected on object 'Object Repository/PharmacyRequest/Page_KDMC-Pharmacy/select_--Select--Schedule 1Inj'

2018-05-17 13:48:09 - [MESSAGE][PASSED] - All options with index in [11] are selected on object 'Object Repository/PharmacyRequest/Page_KDMC-Pharmacy/select_--Select--Schedule 1Inj'

2018-05-17 13:48:09 - [TEST_STEP][PASSED] - selectOptionByIndex: All options with index in [49] are selected on object 'Object Repository/PharmacyRequest/Page_KDMC-Pharmacy/select_--Select--Albendazole'

2018-05-17 13:48:09 - [MESSAGE][PASSED] - All options with index in [49] are selected on object 'Object Repository/PharmacyRequest/Page_KDMC-Pharmacy/select_--Select--Albendazole'

2018-05-17 13:48:09 - [TEST_STEP][FAILED] - setText: Unable to set text '10' of object 'Object Repository/PharmacyRequest/Page_KDMC-Pharmacy/input_txttreat' (Root cause: org.openqa.selenium.WebDriverException: unknown error: cannot focus element
  (Session info: chrome=66.0.3359.139)
  (Driver info: chromedriver=2.35.528161 (5b82f2d2aae0ca24b877009200ced9065a772e73),platform=Windows NT 10.0.17134 x86_64) (WARNING: The server did not provide any stacktrace information)
Command duration or timeout: 0 milliseconds
Build info: version: '3.7.1', revision: '8a0099a', time: '2017-11-06T21:07:36.161Z'
System info: host: 'DESKTOP-BLFTK83', ip: '192.168.71.2', os.name: 'Windows 10', os.arch: 'amd64', os.version: '10.0', java.version: '1.8.0_102'
Driver info: com.kms.katalon.selenium.driver.CChromeDriver
Capabilities {acceptInsecureCerts: false, acceptSslCerts: false, applicationCacheEnabled: false, browserConnectionEnabled: false, browserName: chrome, chrome: {chromedriverVersion: 2.35.528161 (5b82f2d2aae0ca..., userDataDir: C:\Users\QUALIT~1\AppData\L...}, cssSelectorsEnabled: true, databaseEnabled: false, handlesAlerts: true, hasTouchScreen: false, javascriptEnabled: true, locationContextEnabled: true, mobileEmulationEnabled: false, nativeEvents: true, networkConnectionEnabled: false, pageLoadStrategy: normal, platform: XP, platformName: XP, rotatable: false, setWindowRect: true, takesHeapSnapshot: true, takesScreenshot: true, unexpectedAlertBehaviour: , unhandledPromptBehavior: , version: 66.0.3359.139, webStorageEnabled: true}
Session ID: ca8b343343f777350f34599ddc331a36)

2018-05-17 13:48:10 - [MESSAGE][FAILED] - Unable to set text '10' of object 'Object Repository/PharmacyRequest/Page_KDMC-Pharmacy/input_txttreat' (Root cause: org.openqa.selenium.WebDriverException: unknown error: cannot focus element
  (Session info: chrome=66.0.3359.139)
  (Driver info: chromedriver=2.35.528161 (5b82f2d2aae0ca24b877009200ced9065a772e73),platform=Windows NT 10.0.17134 x86_64) (WARNING: The server did not provide any stacktrace information)
Command duration or timeout: 0 milliseconds
Build info: version: '3.7.1', revision: '8a0099a', time: '2017-11-06T21:07:36.161Z'
System info: host: 'DESKTOP-BLFTK83', ip: '192.168.71.2', os.name: 'Windows 10', os.arch: 'amd64', os.version: '10.0', java.version: '1.8.0_102'
Driver info: com.kms.katalon.selenium.driver.CChromeDriver
Capabilities {acceptInsecureCerts: false, acceptSslCerts: false, applicationCacheEnabled: false, browserConnectionEnabled: false, browserName: chrome, chrome: {chromedriverVersion: 2.35.528161 (5b82f2d2aae0ca..., userDataDir: C:\Users\QUALIT~1\AppData\L...}, cssSelectorsEnabled: true, databaseEnabled: false, handlesAlerts: true, hasTouchScreen: false, javascriptEnabled: true, locationContextEnabled: true, mobileEmulationEnabled: false, nativeEvents: true, networkConnectionEnabled: false, pageLoadStrategy: normal, platform: XP, platformName: XP, rotatable: false, setWindowRect: true, takesHeapSnapshot: true, takesScreenshot: true, unexpectedAlertBehaviour: , unhandledPromptBehavior: , version: 66.0.3359.139, webStorageEnabled: true}
Session ID: ca8b343343f777350f34599ddc331a36)
[[ATTACHMENT|C:\\Users\\Quality Analyst\\Katalon Studio\\ds\\Reports\\Pharmacy_Suite\\20180517_131334\\1526545089728.png]]]]></system-out>
         <system-err><![CDATA[2018-05-17 13:47:20 - [TEST_CASE][FAILED] - Test Cases/PHARMACY TEST CASES/TC_PHAR_011 Verify Schedule 11 Pharmacy Request Are Working Successfully Or Not: Test Cases/PHARMACY TEST CASES/TC_PHAR_011 Verify Schedule 11 Pharmacy Request Are Working Successfully Or Not FAILED because (of) Unable to set text '10' of object 'Object Repository/PharmacyRequest/Page_KDMC-Pharmacy/input_txttreat' (Root cause: org.openqa.selenium.WebDriverException: unknown error: cannot focus element
  (Session info: chrome=66.0.3359.139)
  (Driver info: chromedriver=2.35.528161 (5b82f2d2aae0ca24b877009200ced9065a772e73),platform=Windows NT 10.0.17134 x86_64) (WARNING: The server did not provide any stacktrace information)
Command duration or timeout: 0 milliseconds
Build info: version: '3.7.1', revision: '8a0099a', time: '2017-11-06T21:07:36.161Z'
System info: host: 'DESKTOP-BLFTK83', ip: '192.168.71.2', os.name: 'Windows 10', os.arch: 'amd64', os.version: '10.0', java.version: '1.8.0_102'
Driver info: com.kms.katalon.selenium.driver.CChromeDriver
Capabilities {acceptInsecureCerts: false, acceptSslCerts: false, applicationCacheEnabled: false, browserConnectionEnabled: false, browserName: chrome, chrome: {chromedriverVersion: 2.35.528161 (5b82f2d2aae0ca..., userDataDir: C:\Users\QUALIT~1\AppData\L...}, cssSelectorsEnabled: true, databaseEnabled: false, handlesAlerts: true, hasTouchScreen: false, javascriptEnabled: true, locationContextEnabled: true, mobileEmulationEnabled: false, nativeEvents: true, networkConnectionEnabled: false, pageLoadStrategy: normal, platform: XP, platformName: XP, rotatable: false, setWindowRect: true, takesHeapSnapshot: true, takesScreenshot: true, unexpectedAlertBehaviour: , unhandledPromptBehavior: , version: 66.0.3359.139, webStorageEnabled: true}
Session ID: ca8b343343f777350f34599ddc331a36)]]></system-err>
      </testcase>
      <testcase name="Test Cases/PHARMACY TEST CASES/TC_PHAR_012 Verify Schedule 12 Pharmacy Request Are Working Successfully Or Not" classname="Test Cases/PHARMACY TEST CASES/TC_PHAR_012 Verify Schedule 12 Pharmacy Request Are Working Successfully Or Not" status="FAILED">
         <failure type="FAILED" message="Unable to click on object 'Object Repository/PharmacyRequest/Page_KDMC - Pharmacy/a_dropdown-toggle' (Root cause: com.kms.katalon.core.webui.exception.WebElementNotFoundException: Web element with id: 'Object Repository/PharmacyRequest/Page_KDMC - Pharmacy/a_dropdown-toggle' located by 'By.xpath: /html[1]/body[@class=&quot;skin-blue  pace-done&quot;]/header[@class=&quot;header&quot;]/div[@class=&quot;row&quot;]/div[@class=&quot;col-md-12&quot;]/nav[@class=&quot;navbar navbar-static-top&quot;]/div[@class=&quot;navbar-right&quot;]/ul[@class=&quot;nav navbar-nav&quot;]/li[@class=&quot;dropdown user user-menu&quot;]/a[@class=&quot;dropdown-toggle&quot;][count(. | //*[@data-toggle = 'dropdown']) = count(//*[@data-toggle = 'dropdown'])]' not found)"/>
         <system-out><![CDATA[2018-05-17 13:48:10 - [TEST_CASE][FAILED] - Test Cases/PHARMACY TEST CASES/TC_PHAR_012 Verify Schedule 12 Pharmacy Request Are Working Successfully Or Not: Test Cases/PHARMACY TEST CASES/TC_PHAR_012 Verify Schedule 12 Pharmacy Request Are Working Successfully Or Not FAILED because (of) Unable to click on object 'Object Repository/PharmacyRequest/Page_KDMC - Pharmacy/a_dropdown-toggle' (Root cause: com.kms.katalon.core.webui.exception.WebElementNotFoundException: Web element with id: 'Object Repository/PharmacyRequest/Page_KDMC - Pharmacy/a_dropdown-toggle' located by 'By.xpath: /html[1]/body[@class="skin-blue  pace-done"]/header[@class="header"]/div[@class="row"]/div[@class="col-md-12"]/nav[@class="navbar navbar-static-top"]/div[@class="navbar-right"]/ul[@class="nav navbar-nav"]/li[@class="dropdown user user-menu"]/a[@class="dropdown-toggle"][count(. | //*[@data-toggle = 'dropdown']) = count(//*[@data-toggle = 'dropdown'])]' not found)

2018-05-17 13:48:10 - [TEST_STEP][PASSED] - openBrowser: Browser is opened with url: ''

2018-05-17 13:48:10 - [MESSAGE][WARNING] - A browser is already opened. Closing browser and opening a new one

2018-05-17 13:48:12 - [MESSAGE][PASSED] - Browser is opened with url: ''

2018-05-17 13:48:12 - [TEST_STEP][PASSED] - Statement - out.println("Verify Schedule 12 Pharmacy Request Are Working Successfully Or Not"): null

2018-05-17 13:48:12 - [TEST_STEP][PASSED] - navigateToUrl: Navigate to 'http://192.168.137.1/multihospital_new/' successfully

2018-05-17 13:48:14 - [MESSAGE][PASSED] - Navigate to 'http://192.168.137.1/multihospital_new/' successfully

2018-05-17 13:48:14 - [TEST_STEP][PASSED] - maximizeWindow: Current window maximized

2018-05-17 13:48:15 - [MESSAGE][PASSED] - Current window maximized

2018-05-17 13:48:15 - [TEST_STEP][PASSED] - click: Object: 'Object Repository/PharmacyRequest/Page_KDMC/a_Pharmacy' is clicked on

2018-05-17 13:48:16 - [MESSAGE][PASSED] - Object: 'Object Repository/PharmacyRequest/Page_KDMC/a_Pharmacy' is clicked on

2018-05-17 13:48:16 - [TEST_STEP][PASSED] - setText: Text 'raja' is set on object 'Object Repository/PharmacyRequest/Page_Pharmacy login/input_txtusername'

2018-05-17 13:48:16 - [MESSAGE][PASSED] - Text 'raja' is set on object 'Object Repository/PharmacyRequest/Page_Pharmacy login/input_txtusername'

2018-05-17 13:48:16 - [TEST_STEP][PASSED] - setText: Text '123' is set on object 'Object Repository/PharmacyRequest/Page_Pharmacy login/input_txtpassword'

2018-05-17 13:48:16 - [MESSAGE][PASSED] - Text '123' is set on object 'Object Repository/PharmacyRequest/Page_Pharmacy login/input_txtpassword'

2018-05-17 13:48:16 - [TEST_STEP][PASSED] - delay: Delayed 3 second(s)

2018-05-17 13:48:19 - [MESSAGE][PASSED] - Delayed 3 second(s)

2018-05-17 13:48:19 - [TEST_STEP][PASSED] - click: Object: 'Object Repository/PharmacyRequest/Page_Pharmacy login/button_Sign in' is clicked on

2018-05-17 13:48:20 - [MESSAGE][PASSED] - Object: 'Object Repository/PharmacyRequest/Page_Pharmacy login/button_Sign in' is clicked on

2018-05-17 13:48:20 - [TEST_STEP][PASSED] - delay: Delayed 3 second(s)

2018-05-17 13:48:23 - [MESSAGE][PASSED] - Delayed 3 second(s)

2018-05-17 13:48:23 - [TEST_STEP][PASSED] - click: Object: 'Object Repository/PharmacyRequest/Page_KDMC - Pharmacy/a_Inventory' is clicked on

2018-05-17 13:48:24 - [MESSAGE][PASSED] - Object: 'Object Repository/PharmacyRequest/Page_KDMC - Pharmacy/a_Inventory' is clicked on

2018-05-17 13:48:24 - [TEST_STEP][PASSED] - delay: Delayed 3 second(s)

2018-05-17 13:48:27 - [MESSAGE][PASSED] - Delayed 3 second(s)

2018-05-17 13:48:27 - [TEST_STEP][PASSED] - click: Object: 'Object Repository/PharmacyRequest/Page_KDMC-Pharmacy/a_Store Request' is clicked on

2018-05-17 13:48:27 - [MESSAGE][PASSED] - Object: 'Object Repository/PharmacyRequest/Page_KDMC-Pharmacy/a_Store Request' is clicked on

2018-05-17 13:48:27 - [TEST_STEP][PASSED] - click: Object: 'Object Repository/PharmacyRequest/Page_KDMC-Pharmacy/a_Medicine Request' is clicked on

2018-05-17 13:48:28 - [MESSAGE][PASSED] - Object: 'Object Repository/PharmacyRequest/Page_KDMC-Pharmacy/a_Medicine Request' is clicked on

2018-05-17 13:48:28 - [TEST_STEP][PASSED] - selectOptionByIndex: All options with index in [12] are selected on object 'Object Repository/PharmacyRequest/Page_KDMC-Pharmacy/select_--Select--Schedule 1Inj'

2018-05-17 13:48:28 - [MESSAGE][PASSED] - All options with index in [12] are selected on object 'Object Repository/PharmacyRequest/Page_KDMC-Pharmacy/select_--Select--Schedule 1Inj'

2018-05-17 13:48:28 - [TEST_STEP][PASSED] - Statement - MedicineLength = com.kms.katalon.core.webui.keyword.WebUiBuiltInKeywords.getNumberOfTotalOption(com.kms.katalon.core.testobject.ObjectRepository.findTestObject(PharmacyRequest/Page_KDMC-Pharmacy/select_--Select--Albendazole)): 19 options of object 'Object Repository/PharmacyRequest/Page_KDMC-Pharmacy/select_--Select--Albendazole' counted

2018-05-17 13:48:28 - [MESSAGE][PASSED] - 19 options of object 'Object Repository/PharmacyRequest/Page_KDMC-Pharmacy/select_--Select--Albendazole' counted

2018-05-17 13:48:28 - [TEST_STEP][PASSED] - Statement - For ([l = 1, l <= MedicineLength - 1, (l++)]): Object: 'Object Repository/PharmacyRequest/Page_KDMC-Pharmacy/button_Add' is clicked on

2018-05-17 13:48:28 - [TEST_STEP][PASSED] - selectOptionByIndex: All options with index in [12] are selected on object 'Object Repository/PharmacyRequest/Page_KDMC-Pharmacy/select_--Select--Schedule 1Inj'

2018-05-17 13:48:29 - [MESSAGE][PASSED] - All options with index in [12] are selected on object 'Object Repository/PharmacyRequest/Page_KDMC-Pharmacy/select_--Select--Schedule 1Inj'

2018-05-17 13:48:29 - [TEST_STEP][PASSED] - selectOptionByIndex: All options with index in [1] are selected on object 'Object Repository/PharmacyRequest/Page_KDMC-Pharmacy/select_--Select--Albendazole'

2018-05-17 13:48:29 - [MESSAGE][PASSED] - All options with index in [1] are selected on object 'Object Repository/PharmacyRequest/Page_KDMC-Pharmacy/select_--Select--Albendazole'

2018-05-17 13:48:29 - [TEST_STEP][PASSED] - setText: Text '10' is set on object 'Object Repository/PharmacyRequest/Page_KDMC-Pharmacy/input_txttreat'

2018-05-17 13:48:29 - [MESSAGE][PASSED] - Text '10' is set on object 'Object Repository/PharmacyRequest/Page_KDMC-Pharmacy/input_txttreat'

2018-05-17 13:48:29 - [TEST_STEP][PASSED] - click: Object: 'Object Repository/PharmacyRequest/Page_KDMC-Pharmacy/button_Add' is clicked on

2018-05-17 13:48:29 - [MESSAGE][PASSED] - Object: 'Object Repository/PharmacyRequest/Page_KDMC-Pharmacy/button_Add' is clicked on

2018-05-17 13:48:29 - [TEST_STEP][PASSED] - selectOptionByIndex: All options with index in [12] are selected on object 'Object Repository/PharmacyRequest/Page_KDMC-Pharmacy/select_--Select--Schedule 1Inj'

2018-05-17 13:48:29 - [MESSAGE][PASSED] - All options with index in [12] are selected on object 'Object Repository/PharmacyRequest/Page_KDMC-Pharmacy/select_--Select--Schedule 1Inj'

2018-05-17 13:48:29 - [TEST_STEP][PASSED] - selectOptionByIndex: All options with index in [2] are selected on object 'Object Repository/PharmacyRequest/Page_KDMC-Pharmacy/select_--Select--Albendazole'

2018-05-17 13:48:29 - [MESSAGE][PASSED] - All options with index in [2] are selected on object 'Object Repository/PharmacyRequest/Page_KDMC-Pharmacy/select_--Select--Albendazole'

2018-05-17 13:48:29 - [TEST_STEP][PASSED] - setText: Text '10' is set on object 'Object Repository/PharmacyRequest/Page_KDMC-Pharmacy/input_txttreat'

2018-05-17 13:48:29 - [MESSAGE][PASSED] - Text '10' is set on object 'Object Repository/PharmacyRequest/Page_KDMC-Pharmacy/input_txttreat'

2018-05-17 13:48:29 - [TEST_STEP][PASSED] - click: Object: 'Object Repository/PharmacyRequest/Page_KDMC-Pharmacy/button_Add' is clicked on

2018-05-17 13:48:29 - [MESSAGE][PASSED] - Object: 'Object Repository/PharmacyRequest/Page_KDMC-Pharmacy/button_Add' is clicked on

2018-05-17 13:48:29 - [TEST_STEP][PASSED] - selectOptionByIndex: All options with index in [12] are selected on object 'Object Repository/PharmacyRequest/Page_KDMC-Pharmacy/select_--Select--Schedule 1Inj'

2018-05-17 13:48:30 - [MESSAGE][PASSED] - All options with index in [12] are selected on object 'Object Repository/PharmacyRequest/Page_KDMC-Pharmacy/select_--Select--Schedule 1Inj'

2018-05-17 13:48:30 - [TEST_STEP][PASSED] - selectOptionByIndex: All options with index in [3] are selected on object 'Object Repository/PharmacyRequest/Page_KDMC-Pharmacy/select_--Select--Albendazole'

2018-05-17 13:48:30 - [MESSAGE][PASSED] - All options with index in [3] are selected on object 'Object Repository/PharmacyRequest/Page_KDMC-Pharmacy/select_--Select--Albendazole'

2018-05-17 13:48:30 - [TEST_STEP][PASSED] - setText: Text '10' is set on object 'Object Repository/PharmacyRequest/Page_KDMC-Pharmacy/input_txttreat'

2018-05-17 13:48:30 - [MESSAGE][PASSED] - Text '10' is set on object 'Object Repository/PharmacyRequest/Page_KDMC-Pharmacy/input_txttreat'

2018-05-17 13:48:30 - [TEST_STEP][PASSED] - click: Object: 'Object Repository/PharmacyRequest/Page_KDMC-Pharmacy/button_Add' is clicked on

2018-05-17 13:48:30 - [MESSAGE][PASSED] - Object: 'Object Repository/PharmacyRequest/Page_KDMC-Pharmacy/button_Add' is clicked on

2018-05-17 13:48:30 - [TEST_STEP][PASSED] - selectOptionByIndex: All options with index in [12] are selected on object 'Object Repository/PharmacyRequest/Page_KDMC-Pharmacy/select_--Select--Schedule 1Inj'

2018-05-17 13:48:30 - [MESSAGE][PASSED] - All options with index in [12] are selected on object 'Object Repository/PharmacyRequest/Page_KDMC-Pharmacy/select_--Select--Schedule 1Inj'

2018-05-17 13:48:30 - [TEST_STEP][PASSED] - selectOptionByIndex: All options with index in [4] are selected on object 'Object Repository/PharmacyRequest/Page_KDMC-Pharmacy/select_--Select--Albendazole'

2018-05-17 13:48:30 - [MESSAGE][PASSED] - All options with index in [4] are selected on object 'Object Repository/PharmacyRequest/Page_KDMC-Pharmacy/select_--Select--Albendazole'

2018-05-17 13:48:30 - [TEST_STEP][PASSED] - setText: Text '10' is set on object 'Object Repository/PharmacyRequest/Page_KDMC-Pharmacy/input_txttreat'

2018-05-17 13:48:30 - [MESSAGE][PASSED] - Text '10' is set on object 'Object Repository/PharmacyRequest/Page_KDMC-Pharmacy/input_txttreat'

2018-05-17 13:48:30 - [TEST_STEP][PASSED] - click: Object: 'Object Repository/PharmacyRequest/Page_KDMC-Pharmacy/button_Add' is clicked on

2018-05-17 13:48:30 - [MESSAGE][PASSED] - Object: 'Object Repository/PharmacyRequest/Page_KDMC-Pharmacy/button_Add' is clicked on

2018-05-17 13:48:30 - [TEST_STEP][PASSED] - selectOptionByIndex: All options with index in [12] are selected on object 'Object Repository/PharmacyRequest/Page_KDMC-Pharmacy/select_--Select--Schedule 1Inj'

2018-05-17 13:48:30 - [MESSAGE][PASSED] - All options with index in [12] are selected on object 'Object Repository/PharmacyRequest/Page_KDMC-Pharmacy/select_--Select--Schedule 1Inj'

2018-05-17 13:48:30 - [TEST_STEP][PASSED] - selectOptionByIndex: All options with index in [5] are selected on object 'Object Repository/PharmacyRequest/Page_KDMC-Pharmacy/select_--Select--Albendazole'

2018-05-17 13:48:31 - [MESSAGE][PASSED] - All options with index in [5] are selected on object 'Object Repository/PharmacyRequest/Page_KDMC-Pharmacy/select_--Select--Albendazole'

2018-05-17 13:48:31 - [TEST_STEP][PASSED] - setText: Text '10' is set on object 'Object Repository/PharmacyRequest/Page_KDMC-Pharmacy/input_txttreat'

2018-05-17 13:48:31 - [MESSAGE][PASSED] - Text '10' is set on object 'Object Repository/PharmacyRequest/Page_KDMC-Pharmacy/input_txttreat'

2018-05-17 13:48:31 - [TEST_STEP][PASSED] - click: Object: 'Object Repository/PharmacyRequest/Page_KDMC-Pharmacy/button_Add' is clicked on

2018-05-17 13:48:31 - [MESSAGE][PASSED] - Object: 'Object Repository/PharmacyRequest/Page_KDMC-Pharmacy/button_Add' is clicked on

2018-05-17 13:48:31 - [TEST_STEP][PASSED] - selectOptionByIndex: All options with index in [12] are selected on object 'Object Repository/PharmacyRequest/Page_KDMC-Pharmacy/select_--Select--Schedule 1Inj'

2018-05-17 13:48:31 - [MESSAGE][PASSED] - All options with index in [12] are selected on object 'Object Repository/PharmacyRequest/Page_KDMC-Pharmacy/select_--Select--Schedule 1Inj'

2018-05-17 13:48:31 - [TEST_STEP][PASSED] - selectOptionByIndex: All options with index in [6] are selected on object 'Object Repository/PharmacyRequest/Page_KDMC-Pharmacy/select_--Select--Albendazole'

2018-05-17 13:48:31 - [MESSAGE][PASSED] - All options with index in [6] are selected on object 'Object Repository/PharmacyRequest/Page_KDMC-Pharmacy/select_--Select--Albendazole'

2018-05-17 13:48:31 - [TEST_STEP][PASSED] - setText: Text '10' is set on object 'Object Repository/PharmacyRequest/Page_KDMC-Pharmacy/input_txttreat'

2018-05-17 13:48:31 - [MESSAGE][PASSED] - Text '10' is set on object 'Object Repository/PharmacyRequest/Page_KDMC-Pharmacy/input_txttreat'

2018-05-17 13:48:31 - [TEST_STEP][PASSED] - click: Object: 'Object Repository/PharmacyRequest/Page_KDMC-Pharmacy/button_Add' is clicked on

2018-05-17 13:48:31 - [MESSAGE][PASSED] - Object: 'Object Repository/PharmacyRequest/Page_KDMC-Pharmacy/button_Add' is clicked on

2018-05-17 13:48:31 - [TEST_STEP][PASSED] - selectOptionByIndex: All options with index in [12] are selected on object 'Object Repository/PharmacyRequest/Page_KDMC-Pharmacy/select_--Select--Schedule 1Inj'

2018-05-17 13:48:31 - [MESSAGE][PASSED] - All options with index in [12] are selected on object 'Object Repository/PharmacyRequest/Page_KDMC-Pharmacy/select_--Select--Schedule 1Inj'

2018-05-17 13:48:31 - [TEST_STEP][PASSED] - selectOptionByIndex: All options with index in [7] are selected on object 'Object Repository/PharmacyRequest/Page_KDMC-Pharmacy/select_--Select--Albendazole'

2018-05-17 13:48:32 - [MESSAGE][PASSED] - All options with index in [7] are selected on object 'Object Repository/PharmacyRequest/Page_KDMC-Pharmacy/select_--Select--Albendazole'

2018-05-17 13:48:32 - [TEST_STEP][PASSED] - setText: Text '10' is set on object 'Object Repository/PharmacyRequest/Page_KDMC-Pharmacy/input_txttreat'

2018-05-17 13:48:32 - [MESSAGE][PASSED] - Text '10' is set on object 'Object Repository/PharmacyRequest/Page_KDMC-Pharmacy/input_txttreat'

2018-05-17 13:48:32 - [TEST_STEP][PASSED] - click: Object: 'Object Repository/PharmacyRequest/Page_KDMC-Pharmacy/button_Add' is clicked on

2018-05-17 13:48:37 - [MESSAGE][PASSED] - Object: 'Object Repository/PharmacyRequest/Page_KDMC-Pharmacy/button_Add' is clicked on

2018-05-17 13:48:37 - [TEST_STEP][PASSED] - selectOptionByIndex: All options with index in [12] are selected on object 'Object Repository/PharmacyRequest/Page_KDMC-Pharmacy/select_--Select--Schedule 1Inj'

2018-05-17 13:48:37 - [MESSAGE][PASSED] - All options with index in [12] are selected on object 'Object Repository/PharmacyRequest/Page_KDMC-Pharmacy/select_--Select--Schedule 1Inj'

2018-05-17 13:48:37 - [TEST_STEP][PASSED] - selectOptionByIndex: All options with index in [8] are selected on object 'Object Repository/PharmacyRequest/Page_KDMC-Pharmacy/select_--Select--Albendazole'

2018-05-17 13:48:37 - [MESSAGE][PASSED] - All options with index in [8] are selected on object 'Object Repository/PharmacyRequest/Page_KDMC-Pharmacy/select_--Select--Albendazole'

2018-05-17 13:48:37 - [TEST_STEP][PASSED] - setText: Text '10' is set on object 'Object Repository/PharmacyRequest/Page_KDMC-Pharmacy/input_txttreat'

2018-05-17 13:48:37 - [MESSAGE][PASSED] - Text '10' is set on object 'Object Repository/PharmacyRequest/Page_KDMC-Pharmacy/input_txttreat'

2018-05-17 13:48:37 - [TEST_STEP][PASSED] - click: Object: 'Object Repository/PharmacyRequest/Page_KDMC-Pharmacy/button_Add' is clicked on

2018-05-17 13:48:42 - [MESSAGE][PASSED] - Object: 'Object Repository/PharmacyRequest/Page_KDMC-Pharmacy/button_Add' is clicked on

2018-05-17 13:48:42 - [TEST_STEP][PASSED] - selectOptionByIndex: All options with index in [12] are selected on object 'Object Repository/PharmacyRequest/Page_KDMC-Pharmacy/select_--Select--Schedule 1Inj'

2018-05-17 13:48:42 - [MESSAGE][PASSED] - All options with index in [12] are selected on object 'Object Repository/PharmacyRequest/Page_KDMC-Pharmacy/select_--Select--Schedule 1Inj'

2018-05-17 13:48:42 - [TEST_STEP][PASSED] - selectOptionByIndex: All options with index in [9] are selected on object 'Object Repository/PharmacyRequest/Page_KDMC-Pharmacy/select_--Select--Albendazole'

2018-05-17 13:48:43 - [MESSAGE][PASSED] - All options with index in [9] are selected on object 'Object Repository/PharmacyRequest/Page_KDMC-Pharmacy/select_--Select--Albendazole'

2018-05-17 13:48:43 - [TEST_STEP][PASSED] - setText: Text '10' is set on object 'Object Repository/PharmacyRequest/Page_KDMC-Pharmacy/input_txttreat'

2018-05-17 13:48:43 - [MESSAGE][PASSED] - Text '10' is set on object 'Object Repository/PharmacyRequest/Page_KDMC-Pharmacy/input_txttreat'

2018-05-17 13:48:43 - [TEST_STEP][PASSED] - click: Object: 'Object Repository/PharmacyRequest/Page_KDMC-Pharmacy/button_Add' is clicked on

2018-05-17 13:48:48 - [MESSAGE][PASSED] - Object: 'Object Repository/PharmacyRequest/Page_KDMC-Pharmacy/button_Add' is clicked on

2018-05-17 13:48:48 - [TEST_STEP][PASSED] - selectOptionByIndex: All options with index in [12] are selected on object 'Object Repository/PharmacyRequest/Page_KDMC-Pharmacy/select_--Select--Schedule 1Inj'

2018-05-17 13:48:48 - [MESSAGE][PASSED] - All options with index in [12] are selected on object 'Object Repository/PharmacyRequest/Page_KDMC-Pharmacy/select_--Select--Schedule 1Inj'

2018-05-17 13:48:48 - [TEST_STEP][PASSED] - selectOptionByIndex: All options with index in [10] are selected on object 'Object Repository/PharmacyRequest/Page_KDMC-Pharmacy/select_--Select--Albendazole'

2018-05-17 13:48:48 - [MESSAGE][PASSED] - All options with index in [10] are selected on object 'Object Repository/PharmacyRequest/Page_KDMC-Pharmacy/select_--Select--Albendazole'

2018-05-17 13:48:48 - [TEST_STEP][PASSED] - setText: Text '10' is set on object 'Object Repository/PharmacyRequest/Page_KDMC-Pharmacy/input_txttreat'

2018-05-17 13:48:48 - [MESSAGE][PASSED] - Text '10' is set on object 'Object Repository/PharmacyRequest/Page_KDMC-Pharmacy/input_txttreat'

2018-05-17 13:48:48 - [TEST_STEP][PASSED] - click: Object: 'Object Repository/PharmacyRequest/Page_KDMC-Pharmacy/button_Add' is clicked on

2018-05-17 13:48:53 - [MESSAGE][PASSED] - Object: 'Object Repository/PharmacyRequest/Page_KDMC-Pharmacy/button_Add' is clicked on

2018-05-17 13:48:53 - [TEST_STEP][PASSED] - selectOptionByIndex: All options with index in [12] are selected on object 'Object Repository/PharmacyRequest/Page_KDMC-Pharmacy/select_--Select--Schedule 1Inj'

2018-05-17 13:48:53 - [MESSAGE][PASSED] - All options with index in [12] are selected on object 'Object Repository/PharmacyRequest/Page_KDMC-Pharmacy/select_--Select--Schedule 1Inj'

2018-05-17 13:48:53 - [TEST_STEP][PASSED] - selectOptionByIndex: All options with index in [11] are selected on object 'Object Repository/PharmacyRequest/Page_KDMC-Pharmacy/select_--Select--Albendazole'

2018-05-17 13:48:54 - [MESSAGE][PASSED] - All options with index in [11] are selected on object 'Object Repository/PharmacyRequest/Page_KDMC-Pharmacy/select_--Select--Albendazole'

2018-05-17 13:48:54 - [TEST_STEP][PASSED] - setText: Text '10' is set on object 'Object Repository/PharmacyRequest/Page_KDMC-Pharmacy/input_txttreat'

2018-05-17 13:48:54 - [MESSAGE][PASSED] - Text '10' is set on object 'Object Repository/PharmacyRequest/Page_KDMC-Pharmacy/input_txttreat'

2018-05-17 13:48:54 - [TEST_STEP][PASSED] - click: Object: 'Object Repository/PharmacyRequest/Page_KDMC-Pharmacy/button_Add' is clicked on

2018-05-17 13:48:59 - [MESSAGE][PASSED] - Object: 'Object Repository/PharmacyRequest/Page_KDMC-Pharmacy/button_Add' is clicked on

2018-05-17 13:48:59 - [TEST_STEP][PASSED] - selectOptionByIndex: All options with index in [12] are selected on object 'Object Repository/PharmacyRequest/Page_KDMC-Pharmacy/select_--Select--Schedule 1Inj'

2018-05-17 13:48:59 - [MESSAGE][PASSED] - All options with index in [12] are selected on object 'Object Repository/PharmacyRequest/Page_KDMC-Pharmacy/select_--Select--Schedule 1Inj'

2018-05-17 13:48:59 - [TEST_STEP][PASSED] - selectOptionByIndex: All options with index in [12] are selected on object 'Object Repository/PharmacyRequest/Page_KDMC-Pharmacy/select_--Select--Albendazole'

2018-05-17 13:48:59 - [MESSAGE][PASSED] - All options with index in [12] are selected on object 'Object Repository/PharmacyRequest/Page_KDMC-Pharmacy/select_--Select--Albendazole'

2018-05-17 13:48:59 - [TEST_STEP][PASSED] - setText: Text '10' is set on object 'Object Repository/PharmacyRequest/Page_KDMC-Pharmacy/input_txttreat'

2018-05-17 13:48:59 - [MESSAGE][PASSED] - Text '10' is set on object 'Object Repository/PharmacyRequest/Page_KDMC-Pharmacy/input_txttreat'

2018-05-17 13:48:59 - [TEST_STEP][PASSED] - click: Object: 'Object Repository/PharmacyRequest/Page_KDMC-Pharmacy/button_Add' is clicked on

2018-05-17 13:49:04 - [MESSAGE][PASSED] - Object: 'Object Repository/PharmacyRequest/Page_KDMC-Pharmacy/button_Add' is clicked on

2018-05-17 13:49:04 - [TEST_STEP][PASSED] - selectOptionByIndex: All options with index in [12] are selected on object 'Object Repository/PharmacyRequest/Page_KDMC-Pharmacy/select_--Select--Schedule 1Inj'

2018-05-17 13:49:04 - [MESSAGE][PASSED] - All options with index in [12] are selected on object 'Object Repository/PharmacyRequest/Page_KDMC-Pharmacy/select_--Select--Schedule 1Inj'

2018-05-17 13:49:04 - [TEST_STEP][PASSED] - selectOptionByIndex: All options with index in [13] are selected on object 'Object Repository/PharmacyRequest/Page_KDMC-Pharmacy/select_--Select--Albendazole'

2018-05-17 13:49:05 - [MESSAGE][PASSED] - All options with index in [13] are selected on object 'Object Repository/PharmacyRequest/Page_KDMC-Pharmacy/select_--Select--Albendazole'

2018-05-17 13:49:05 - [TEST_STEP][PASSED] - setText: Text '10' is set on object 'Object Repository/PharmacyRequest/Page_KDMC-Pharmacy/input_txttreat'

2018-05-17 13:49:05 - [MESSAGE][PASSED] - Text '10' is set on object 'Object Repository/PharmacyRequest/Page_KDMC-Pharmacy/input_txttreat'

2018-05-17 13:49:05 - [TEST_STEP][PASSED] - click: Object: 'Object Repository/PharmacyRequest/Page_KDMC-Pharmacy/button_Add' is clicked on

2018-05-17 13:49:10 - [MESSAGE][PASSED] - Object: 'Object Repository/PharmacyRequest/Page_KDMC-Pharmacy/button_Add' is clicked on

2018-05-17 13:49:10 - [TEST_STEP][PASSED] - selectOptionByIndex: All options with index in [12] are selected on object 'Object Repository/PharmacyRequest/Page_KDMC-Pharmacy/select_--Select--Schedule 1Inj'

2018-05-17 13:49:10 - [MESSAGE][PASSED] - All options with index in [12] are selected on object 'Object Repository/PharmacyRequest/Page_KDMC-Pharmacy/select_--Select--Schedule 1Inj'

2018-05-17 13:49:10 - [TEST_STEP][PASSED] - selectOptionByIndex: All options with index in [14] are selected on object 'Object Repository/PharmacyRequest/Page_KDMC-Pharmacy/select_--Select--Albendazole'

2018-05-17 13:49:10 - [MESSAGE][PASSED] - All options with index in [14] are selected on object 'Object Repository/PharmacyRequest/Page_KDMC-Pharmacy/select_--Select--Albendazole'

2018-05-17 13:49:10 - [TEST_STEP][PASSED] - setText: Text '10' is set on object 'Object Repository/PharmacyRequest/Page_KDMC-Pharmacy/input_txttreat'

2018-05-17 13:49:10 - [MESSAGE][PASSED] - Text '10' is set on object 'Object Repository/PharmacyRequest/Page_KDMC-Pharmacy/input_txttreat'

2018-05-17 13:49:10 - [TEST_STEP][PASSED] - click: Object: 'Object Repository/PharmacyRequest/Page_KDMC-Pharmacy/button_Add' is clicked on

2018-05-17 13:49:15 - [MESSAGE][PASSED] - Object: 'Object Repository/PharmacyRequest/Page_KDMC-Pharmacy/button_Add' is clicked on

2018-05-17 13:49:15 - [TEST_STEP][PASSED] - selectOptionByIndex: All options with index in [12] are selected on object 'Object Repository/PharmacyRequest/Page_KDMC-Pharmacy/select_--Select--Schedule 1Inj'

2018-05-17 13:49:16 - [MESSAGE][PASSED] - All options with index in [12] are selected on object 'Object Repository/PharmacyRequest/Page_KDMC-Pharmacy/select_--Select--Schedule 1Inj'

2018-05-17 13:49:16 - [TEST_STEP][PASSED] - selectOptionByIndex: All options with index in [15] are selected on object 'Object Repository/PharmacyRequest/Page_KDMC-Pharmacy/select_--Select--Albendazole'

2018-05-17 13:49:16 - [MESSAGE][PASSED] - All options with index in [15] are selected on object 'Object Repository/PharmacyRequest/Page_KDMC-Pharmacy/select_--Select--Albendazole'

2018-05-17 13:49:16 - [TEST_STEP][PASSED] - setText: Text '10' is set on object 'Object Repository/PharmacyRequest/Page_KDMC-Pharmacy/input_txttreat'

2018-05-17 13:49:16 - [MESSAGE][PASSED] - Text '10' is set on object 'Object Repository/PharmacyRequest/Page_KDMC-Pharmacy/input_txttreat'

2018-05-17 13:49:16 - [TEST_STEP][PASSED] - click: Object: 'Object Repository/PharmacyRequest/Page_KDMC-Pharmacy/button_Add' is clicked on

2018-05-17 13:49:21 - [MESSAGE][PASSED] - Object: 'Object Repository/PharmacyRequest/Page_KDMC-Pharmacy/button_Add' is clicked on

2018-05-17 13:49:21 - [TEST_STEP][PASSED] - selectOptionByIndex: All options with index in [12] are selected on object 'Object Repository/PharmacyRequest/Page_KDMC-Pharmacy/select_--Select--Schedule 1Inj'

2018-05-17 13:49:21 - [MESSAGE][PASSED] - All options with index in [12] are selected on object 'Object Repository/PharmacyRequest/Page_KDMC-Pharmacy/select_--Select--Schedule 1Inj'

2018-05-17 13:49:21 - [TEST_STEP][PASSED] - selectOptionByIndex: All options with index in [16] are selected on object 'Object Repository/PharmacyRequest/Page_KDMC-Pharmacy/select_--Select--Albendazole'

2018-05-17 13:49:21 - [MESSAGE][PASSED] - All options with index in [16] are selected on object 'Object Repository/PharmacyRequest/Page_KDMC-Pharmacy/select_--Select--Albendazole'

2018-05-17 13:49:21 - [TEST_STEP][PASSED] - setText: Text '10' is set on object 'Object Repository/PharmacyRequest/Page_KDMC-Pharmacy/input_txttreat'

2018-05-17 13:49:21 - [MESSAGE][PASSED] - Text '10' is set on object 'Object Repository/PharmacyRequest/Page_KDMC-Pharmacy/input_txttreat'

2018-05-17 13:49:21 - [TEST_STEP][PASSED] - click: Object: 'Object Repository/PharmacyRequest/Page_KDMC-Pharmacy/button_Add' is clicked on

2018-05-17 13:49:26 - [MESSAGE][PASSED] - Object: 'Object Repository/PharmacyRequest/Page_KDMC-Pharmacy/button_Add' is clicked on

2018-05-17 13:49:26 - [TEST_STEP][PASSED] - selectOptionByIndex: All options with index in [12] are selected on object 'Object Repository/PharmacyRequest/Page_KDMC-Pharmacy/select_--Select--Schedule 1Inj'

2018-05-17 13:49:27 - [MESSAGE][PASSED] - All options with index in [12] are selected on object 'Object Repository/PharmacyRequest/Page_KDMC-Pharmacy/select_--Select--Schedule 1Inj'

2018-05-17 13:49:27 - [TEST_STEP][PASSED] - selectOptionByIndex: All options with index in [17] are selected on object 'Object Repository/PharmacyRequest/Page_KDMC-Pharmacy/select_--Select--Albendazole'

2018-05-17 13:49:27 - [MESSAGE][PASSED] - All options with index in [17] are selected on object 'Object Repository/PharmacyRequest/Page_KDMC-Pharmacy/select_--Select--Albendazole'

2018-05-17 13:49:27 - [TEST_STEP][PASSED] - setText: Text '10' is set on object 'Object Repository/PharmacyRequest/Page_KDMC-Pharmacy/input_txttreat'

2018-05-17 13:49:27 - [MESSAGE][PASSED] - Text '10' is set on object 'Object Repository/PharmacyRequest/Page_KDMC-Pharmacy/input_txttreat'

2018-05-17 13:49:27 - [TEST_STEP][PASSED] - click: Object: 'Object Repository/PharmacyRequest/Page_KDMC-Pharmacy/button_Add' is clicked on

2018-05-17 13:49:32 - [MESSAGE][PASSED] - Object: 'Object Repository/PharmacyRequest/Page_KDMC-Pharmacy/button_Add' is clicked on

2018-05-17 13:49:32 - [TEST_STEP][PASSED] - selectOptionByIndex: All options with index in [12] are selected on object 'Object Repository/PharmacyRequest/Page_KDMC-Pharmacy/select_--Select--Schedule 1Inj'

2018-05-17 13:49:32 - [MESSAGE][PASSED] - All options with index in [12] are selected on object 'Object Repository/PharmacyRequest/Page_KDMC-Pharmacy/select_--Select--Schedule 1Inj'

2018-05-17 13:49:32 - [TEST_STEP][PASSED] - selectOptionByIndex: All options with index in [18] are selected on object 'Object Repository/PharmacyRequest/Page_KDMC-Pharmacy/select_--Select--Albendazole'

2018-05-17 13:49:32 - [MESSAGE][PASSED] - All options with index in [18] are selected on object 'Object Repository/PharmacyRequest/Page_KDMC-Pharmacy/select_--Select--Albendazole'

2018-05-17 13:49:32 - [TEST_STEP][PASSED] - setText: Text '10' is set on object 'Object Repository/PharmacyRequest/Page_KDMC-Pharmacy/input_txttreat'

2018-05-17 13:49:32 - [MESSAGE][PASSED] - Text '10' is set on object 'Object Repository/PharmacyRequest/Page_KDMC-Pharmacy/input_txttreat'

2018-05-17 13:49:32 - [TEST_STEP][PASSED] - click: Object: 'Object Repository/PharmacyRequest/Page_KDMC-Pharmacy/button_Add' is clicked on

2018-05-17 13:49:38 - [MESSAGE][PASSED] - Object: 'Object Repository/PharmacyRequest/Page_KDMC-Pharmacy/button_Add' is clicked on

2018-05-17 13:49:38 - [TEST_STEP][PASSED] - Statement - RN1 = com.kms.katalon.core.webui.keyword.WebUiBuiltInKeywords.getAttribute(com.kms.katalon.core.testobject.ObjectRepository.findTestObject(PharmacyRequest/Page_KDMC-Pharmacy/input_txtno), "value"): Attribute 'value' of object 'Object Repository/PharmacyRequest/Page_KDMC-Pharmacy/input_txtno' is: 'PRNO/17052018/151'

2018-05-17 13:49:38 - [MESSAGE][PASSED] - Attribute 'value' of object 'Object Repository/PharmacyRequest/Page_KDMC-Pharmacy/input_txtno' is: 'PRNO/17052018/151'

2018-05-17 13:49:38 - [TEST_STEP][PASSED] - Statement - out.println(RN1): null

2018-05-17 13:49:38 - [TEST_STEP][PASSED] - Statement - RID = RN1.split("/")[2]: null

2018-05-17 13:49:38 - [TEST_STEP][PASSED] - scrollToElement: Scroll to object 'Object Repository/PharmacyRequest/Page_KDMC-Pharmacy/input_btnsave' successfully

2018-05-17 13:49:38 - [MESSAGE][PASSED] - Scroll to object 'Object Repository/PharmacyRequest/Page_KDMC-Pharmacy/input_btnsave' successfully

2018-05-17 13:49:38 - [TEST_STEP][PASSED] - click: Object: 'Object Repository/PharmacyRequest/Page_KDMC-Pharmacy/input_btnsave' is clicked on

2018-05-17 13:49:43 - [MESSAGE][PASSED] - Object: 'Object Repository/PharmacyRequest/Page_KDMC-Pharmacy/input_btnsave' is clicked on

2018-05-17 13:49:43 - [TEST_STEP][PASSED] - delay: Delayed 3 second(s)

2018-05-17 13:49:46 - [MESSAGE][PASSED] - Delayed 3 second(s)

2018-05-17 13:49:46 - [TEST_STEP][PASSED] - click: Object: 'Object Repository/PharmacyRequest/Page_KDMC-Pharmacy/button_OK' is clicked on

2018-05-17 13:49:52 - [MESSAGE][PASSED] - Object: 'Object Repository/PharmacyRequest/Page_KDMC-Pharmacy/button_OK' is clicked on

2018-05-17 13:49:52 - [TEST_STEP][PASSED] - delay: Delayed 3 second(s)

2018-05-17 13:49:55 - [MESSAGE][PASSED] - Delayed 3 second(s)

2018-05-17 13:49:55 - [TEST_STEP][PASSED] - click: Object: 'Object Repository/PharmacyRequest/Page_KDMC-Pharmacy/a_Back to Pharmacy' is clicked on

2018-05-17 13:50:01 - [MESSAGE][PASSED] - Object: 'Object Repository/PharmacyRequest/Page_KDMC-Pharmacy/a_Back to Pharmacy' is clicked on

2018-05-17 13:50:01 - [TEST_STEP][PASSED] - delay: Delayed 3 second(s)

2018-05-17 13:50:04 - [MESSAGE][PASSED] - Delayed 3 second(s)

2018-05-17 13:50:04 - [TEST_STEP][FAILED] - click: Unable to click on object 'Object Repository/PharmacyRequest/Page_KDMC - Pharmacy/a_dropdown-toggle' (Root cause: com.kms.katalon.core.webui.exception.WebElementNotFoundException: Web element with id: 'Object Repository/PharmacyRequest/Page_KDMC - Pharmacy/a_dropdown-toggle' located by 'By.xpath: /html[1]/body[@class="skin-blue  pace-done"]/header[@class="header"]/div[@class="row"]/div[@class="col-md-12"]/nav[@class="navbar navbar-static-top"]/div[@class="navbar-right"]/ul[@class="nav navbar-nav"]/li[@class="dropdown user user-menu"]/a[@class="dropdown-toggle"][count(. | //*[@data-toggle = 'dropdown']) = count(//*[@data-toggle = 'dropdown'])]' not found)

2018-05-17 13:50:36 - [MESSAGE][FAILED] - Unable to click on object 'Object Repository/PharmacyRequest/Page_KDMC - Pharmacy/a_dropdown-toggle' (Root cause: com.kms.katalon.core.webui.exception.WebElementNotFoundException: Web element with id: 'Object Repository/PharmacyRequest/Page_KDMC - Pharmacy/a_dropdown-toggle' located by 'By.xpath: /html[1]/body[@class="skin-blue  pace-done"]/header[@class="header"]/div[@class="row"]/div[@class="col-md-12"]/nav[@class="navbar navbar-static-top"]/div[@class="navbar-right"]/ul[@class="nav navbar-nav"]/li[@class="dropdown user user-menu"]/a[@class="dropdown-toggle"][count(. | //*[@data-toggle = 'dropdown']) = count(//*[@data-toggle = 'dropdown'])]' not found)
[[ATTACHMENT|C:\\Users\\Quality Analyst\\Katalon Studio\\ds\\Reports\\Pharmacy_Suite\\20180517_131334\\1526545235804.png]]]]></system-out>
         <system-err><![CDATA[2018-05-17 13:48:10 - [TEST_CASE][FAILED] - Test Cases/PHARMACY TEST CASES/TC_PHAR_012 Verify Schedule 12 Pharmacy Request Are Working Successfully Or Not: Test Cases/PHARMACY TEST CASES/TC_PHAR_012 Verify Schedule 12 Pharmacy Request Are Working Successfully Or Not FAILED because (of) Unable to click on object 'Object Repository/PharmacyRequest/Page_KDMC - Pharmacy/a_dropdown-toggle' (Root cause: com.kms.katalon.core.webui.exception.WebElementNotFoundException: Web element with id: 'Object Repository/PharmacyRequest/Page_KDMC - Pharmacy/a_dropdown-toggle' located by 'By.xpath: /html[1]/body[@class="skin-blue  pace-done"]/header[@class="header"]/div[@class="row"]/div[@class="col-md-12"]/nav[@class="navbar navbar-static-top"]/div[@class="navbar-right"]/ul[@class="nav navbar-nav"]/li[@class="dropdown user user-menu"]/a[@class="dropdown-toggle"][count(. | //*[@data-toggle = 'dropdown']) = count(//*[@data-toggle = 'dropdown'])]' not found)]]></system-err>
      </testcase>
      <system-out><![CDATA[2018-05-17 13:13:40 - [TEST_SUITE][FAILED] - Pharmacy_Suite: Test Cases/PHARMACY TEST CASES/TC_PHAR_009 Verify Schedule 9 Pharmacy Request Are Working Successfully Or Not FAILED because (of) Unable to get attribute 'value' of object 'Object Repository/PharmacyRequest/Page_Store/input_txttotal' (Root cause: org.openqa.selenium.UnhandledAlertException: unexpected alert open: {Alert text : function Error() { [native code] }}
  (Session info: chrome=66.0.3359.139)
  (Driver info: chromedriver=2.35.528161 (5b82f2d2aae0ca24b877009200ced9065a772e73),platform=Windows NT 10.0.17134 x86_64) (WARNING: The server did not provide any stacktrace information)
Command duration or timeout: 0 milliseconds: null
Build info: version: '3.7.1', revision: '8a0099a', time: '2017-11-06T21:07:36.161Z'
System info: host: 'DESKTOP-BLFTK83', ip: '192.168.71.2', os.name: 'Windows 10', os.arch: 'amd64', os.version: '10.0', java.version: '1.8.0_102'
Driver info: com.kms.katalon.selenium.driver.CChromeDriver
Capabilities {acceptInsecureCerts: false, acceptSslCerts: false, applicationCacheEnabled: false, browserConnectionEnabled: false, browserName: chrome, chrome: {chromedriverVersion: 2.35.528161 (5b82f2d2aae0ca..., userDataDir: C:\Users\QUALIT~1\AppData\L...}, cssSelectorsEnabled: true, databaseEnabled: false, handlesAlerts: true, hasTouchScreen: false, javascriptEnabled: true, locationContextEnabled: true, mobileEmulationEnabled: false, nativeEvents: true, networkConnectionEnabled: false, pageLoadStrategy: normal, platform: XP, platformName: XP, rotatable: false, setWindowRect: true, takesHeapSnapshot: true, takesScreenshot: true, unexpectedAlertBehaviour: , unhandledPromptBehavior: , version: 66.0.3359.139, webStorageEnabled: true}
Session ID: e620e1b9eb328fa27ff58e4d78d636ba
*** Element info: {Using=xpath, value=id("txttotal")[count(. | //input[@type = 'text' and @id = 'txttotal' and @name = 'txttotal' and @placeholder = 'Req.Qty' and @readonly = 'readonly']) = count(//input[@type = 'text' and @id = 'txttotal' and @name = 'txttotal' and @placeholder = 'Req.Qty' and @readonly = 'readonly'])]})]]></system-out>
      <system-err><![CDATA[2018-05-17 13:13:40 - [TEST_SUITE][FAILED] - Pharmacy_Suite: Test Cases/PHARMACY TEST CASES/TC_PHAR_009 Verify Schedule 9 Pharmacy Request Are Working Successfully Or Not FAILED because (of) Unable to get attribute 'value' of object 'Object Repository/PharmacyRequest/Page_Store/input_txttotal' (Root cause: org.openqa.selenium.UnhandledAlertException: unexpected alert open: {Alert text : function Error() { [native code] }}
  (Session info: chrome=66.0.3359.139)
  (Driver info: chromedriver=2.35.528161 (5b82f2d2aae0ca24b877009200ced9065a772e73),platform=Windows NT 10.0.17134 x86_64) (WARNING: The server did not provide any stacktrace information)
Command duration or timeout: 0 milliseconds: null
Build info: version: '3.7.1', revision: '8a0099a', time: '2017-11-06T21:07:36.161Z'
System info: host: 'DESKTOP-BLFTK83', ip: '192.168.71.2', os.name: 'Windows 10', os.arch: 'amd64', os.version: '10.0', java.version: '1.8.0_102'
Driver info: com.kms.katalon.selenium.driver.CChromeDriver
Capabilities {acceptInsecureCerts: false, acceptSslCerts: false, applicationCacheEnabled: false, browserConnectionEnabled: false, browserName: chrome, chrome: {chromedriverVersion: 2.35.528161 (5b82f2d2aae0ca..., userDataDir: C:\Users\QUALIT~1\AppData\L...}, cssSelectorsEnabled: true, databaseEnabled: false, handlesAlerts: true, hasTouchScreen: false, javascriptEnabled: true, locationContextEnabled: true, mobileEmulationEnabled: false, nativeEvents: true, networkConnectionEnabled: false, pageLoadStrategy: normal, platform: XP, platformName: XP, rotatable: false, setWindowRect: true, takesHeapSnapshot: true, takesScreenshot: true, unexpectedAlertBehaviour: , unhandledPromptBehavior: , version: 66.0.3359.139, webStorageEnabled: true}
Session ID: e620e1b9eb328fa27ff58e4d78d636ba
*** Element info: {Using=xpath, value=id("txttotal")[count(. | //input[@type = 'text' and @id = 'txttotal' and @name = 'txttotal' and @placeholder = 'Req.Qty' and @readonly = 'readonly']) = count(//input[@type = 'text' and @id = 'txttotal' and @name = 'txttotal' and @placeholder = 'Req.Qty' and @readonly = 'readonly'])]})]]></system-err>
   </testsuite>
</testsuites>
