<?xml version="1.0" encoding="UTF-8"?>
<testsuites name="Investigation_Suite" time="734" tests="2" failures="4" errors="0">
   <testsuite name="Investigation_Suite" tests="2" failures="4" errors="0" time="734" timestamp="2018-05-22 15:39:24" hostname="Quality Analyst - DESKTOP-BLFTK83" id="Test Suites/Investigation_Suite">
      <properties>
         <property name="deviceName" value=""/>
         <property name="devicePlatform" value=""/>
         <property name="logFolder" value="C:\\Users\\Quality Analyst\\Katalon Studio\\ds\\Reports\\Investigation_Suite\\20180522_153913"/>
         <property name="logFiles" value="C:\\Users\\Quality Analyst\\Katalon Studio\\ds\\Reports\\Investigation_Suite\\20180522_153913\\execution0.log"/>
         <property name="attachments" value="C:\\Users\\Quality Analyst\\Katalon Studio\\ds\\Reports\\Investigation_Suite\\20180522_153913\\1526983958929.png, C:\\Users\\Quality Analyst\\Katalon Studio\\ds\\Reports\\Investigation_Suite\\20180522_153913\\1526984247846.png, C:\\Users\\Quality Analyst\\Katalon Studio\\ds\\Reports\\Investigation_Suite\\20180522_153913\\1526984448718.png, C:\\Users\\Quality Analyst\\Katalon Studio\\ds\\Reports\\Investigation_Suite\\20180522_153913\\1526984497962.png"/>
         <property name="hostName" value="Quality Analyst - DESKTOP-BLFTK83"/>
         <property name="os" value="Windows 10 64bit"/>
         <property name="katalonVersion" value="5.4.1.1"/>
         <property name="browser" value="Chrome 66.0.3359.181"/>
         <property name="hostAddress" value="169.254.189.85"/>
         <property name="sessionId" value="7e4f58eea46e7c103dd45a4f0231a77c"/>
         <property name="seleniumVersion" value="3.7.1"/>
         <property name="proxyInformation" value="ProxyInformation{proxyOption=NO_PROXY, proxyServerType=HTTP, password=, proxyServerAddress=, proxyServerPort=0}"/>
         <property name="platform" value="Windows 10"/>
      </properties>
      <testcase name="Test Cases/INVESTIGATION TEST CASES/TC_INV_001 Verify Schedule 4 Investigation Request Are Working Successfully Or Not" classname="Test Cases/INVESTIGATION TEST CASES/TC_INV_001 Verify Schedule 4 Investigation Request Are Working Successfully Or Not" status="FAILED">
         <failure type="FAILED" message="Unable to click on object 'Object Repository/lab/Page_Store/a_dropdown-toggle' (Root cause: com.kms.katalon.core.webui.exception.WebElementNotFoundException: Web element with id: 'Object Repository/lab/Page_Store/a_dropdown-toggle' located by 'By.xpath: /html[1]/body[@class=&quot;skin-blue  pace-done&quot;]/header[@class=&quot;header&quot;]/div[@class=&quot;row&quot;]/nav[@class=&quot;navbar navbar-static-top&quot;]/div[@class=&quot;navbar-right&quot;]/ul[@class=&quot;nav navbar-nav&quot;]/li[@class=&quot;dropdown user user-menu&quot;]/a[@class=&quot;dropdown-toggle&quot;][count(. | //*[@class = 'dropdown-toggle' and @data-toggle = 'dropdown']) = count(//*[@class = 'dropdown-toggle' and @data-toggle = 'dropdown'])]' not found)"/>
         <system-out><![CDATA[2018-05-22 15:39:24 - [TEST_CASE][FAILED] - Test Cases/INVESTIGATION TEST CASES/TC_INV_001 Verify Schedule 4 Investigation Request Are Working Successfully Or Not: Test Cases/INVESTIGATION TEST CASES/TC_INV_001 Verify Schedule 4 Investigation Request Are Working Successfully Or Not FAILED because (of) Unable to click on object 'Object Repository/lab/Page_Store/a_dropdown-toggle' (Root cause: com.kms.katalon.core.webui.exception.WebElementNotFoundException: Web element with id: 'Object Repository/lab/Page_Store/a_dropdown-toggle' located by 'By.xpath: /html[1]/body[@class="skin-blue  pace-done"]/header[@class="header"]/div[@class="row"]/nav[@class="navbar navbar-static-top"]/div[@class="navbar-right"]/ul[@class="nav navbar-nav"]/li[@class="dropdown user user-menu"]/a[@class="dropdown-toggle"][count(. | //*[@class = 'dropdown-toggle' and @data-toggle = 'dropdown']) = count(//*[@class = 'dropdown-toggle' and @data-toggle = 'dropdown'])]' not found)

2018-05-22 15:39:25 - [TEST_STEP][PASSED] - openBrowser: Browser is opened with url: ''

2018-05-22 15:39:27 - [MESSAGE][PASSED] - Browser is opened with url: ''

2018-05-22 15:39:27 - [TEST_STEP][PASSED] - navigateToUrl: Navigate to 'http://192.168.137.1/multihospital_new/' successfully

2018-05-22 15:39:29 - [MESSAGE][PASSED] - Navigate to 'http://192.168.137.1/multihospital_new/' successfully

2018-05-22 15:39:29 - [TEST_STEP][PASSED] - Statement - out.println(" Verify Schedule 4 Investigation Request Are Working Successfully Or Not"): null

2018-05-22 15:39:29 - [TEST_STEP][PASSED] - maximizeWindow: Current window maximized

2018-05-22 15:39:30 - [MESSAGE][PASSED] - Current window maximized

2018-05-22 15:39:30 - [TEST_STEP][PASSED] - click: Object: 'Object Repository/lab/Page_KDMC/a_Investigation' is clicked on

2018-05-22 15:39:31 - [MESSAGE][PASSED] - Object: 'Object Repository/lab/Page_KDMC/a_Investigation' is clicked on

2018-05-22 15:39:31 - [TEST_STEP][PASSED] - setText: Text 'manoj' is set on object 'Object Repository/lab/Page_Investigation login/input_txtusername'

2018-05-22 15:39:31 - [MESSAGE][PASSED] - Text 'manoj' is set on object 'Object Repository/lab/Page_Investigation login/input_txtusername'

2018-05-22 15:39:31 - [TEST_STEP][PASSED] - setText: Text '123' is set on object 'Object Repository/lab/Page_Investigation login/input_txtpassword'

2018-05-22 15:39:31 - [MESSAGE][PASSED] - Text '123' is set on object 'Object Repository/lab/Page_Investigation login/input_txtpassword'

2018-05-22 15:39:31 - [TEST_STEP][PASSED] - delay: Delayed 3 second(s)

2018-05-22 15:39:34 - [MESSAGE][PASSED] - Delayed 3 second(s)

2018-05-22 15:39:34 - [TEST_STEP][PASSED] - click: Object: 'Object Repository/lab/Page_Investigation login/button_Sign in' is clicked on

2018-05-22 15:39:35 - [MESSAGE][PASSED] - Object: 'Object Repository/lab/Page_Investigation login/button_Sign in' is clicked on

2018-05-22 15:39:35 - [TEST_STEP][PASSED] - click: Object: 'Object Repository/lab/Page_KDMC/a_Store Request' is clicked on

2018-05-22 15:39:37 - [MESSAGE][PASSED] - Object: 'Object Repository/lab/Page_KDMC/a_Store Request' is clicked on

2018-05-22 15:39:37 - [TEST_STEP][PASSED] - delay: Delayed 2 second(s)

2018-05-22 15:39:39 - [MESSAGE][PASSED] - Delayed 2 second(s)

2018-05-22 15:39:39 - [TEST_STEP][PASSED] - click: Object: 'Object Repository/lab/Page_KDMC/a_Medicine Request' is clicked on

2018-05-22 15:39:39 - [MESSAGE][PASSED] - Object: 'Object Repository/lab/Page_KDMC/a_Medicine Request' is clicked on

2018-05-22 15:39:39 - [TEST_STEP][PASSED] - selectOptionByIndex: All options with index in [1] are selected on object 'Object Repository/lab/Page_KDMC/select_--Select--Schedule 4X-r'

2018-05-22 15:39:39 - [MESSAGE][PASSED] - All options with index in [1] are selected on object 'Object Repository/lab/Page_KDMC/select_--Select--Schedule 4X-r'

2018-05-22 15:39:39 - [TEST_STEP][PASSED] - Statement - medicineslength = com.kms.katalon.core.webui.keyword.WebUiBuiltInKeywords.getNumberOfTotalOption(com.kms.katalon.core.testobject.ObjectRepository.findTestObject(lab/Page_KDMC/select_--Select--Automatic x-r)): 16 options of object 'Object Repository/lab/Page_KDMC/select_--Select--Automatic x-r' counted

2018-05-22 15:39:40 - [MESSAGE][PASSED] - 16 options of object 'Object Repository/lab/Page_KDMC/select_--Select--Automatic x-r' counted

2018-05-22 15:39:40 - [TEST_STEP][PASSED] - Statement - For ([e = 1, e < medicineslength, (e++)]): Object: 'Object Repository/lab/Page_KDMC/button_Add' is clicked on

2018-05-22 15:39:40 - [TEST_STEP][PASSED] - selectOptionByIndex: All options with index in [1] are selected on object 'Object Repository/lab/Page_KDMC/select_--Select--Schedule 4X-r'

2018-05-22 15:39:40 - [MESSAGE][PASSED] - All options with index in [1] are selected on object 'Object Repository/lab/Page_KDMC/select_--Select--Schedule 4X-r'

2018-05-22 15:39:40 - [TEST_STEP][PASSED] - selectOptionByIndex: All options with index in [1] are selected on object 'Object Repository/lab/Page_KDMC/select_--Select--Automatic x-r'

2018-05-22 15:39:40 - [MESSAGE][PASSED] - All options with index in [1] are selected on object 'Object Repository/lab/Page_KDMC/select_--Select--Automatic x-r'

2018-05-22 15:39:40 - [TEST_STEP][PASSED] - setText: Text '10' is set on object 'Object Repository/lab/Page_KDMC/input_txttreat'

2018-05-22 15:39:40 - [MESSAGE][PASSED] - Text '10' is set on object 'Object Repository/lab/Page_KDMC/input_txttreat'

2018-05-22 15:39:40 - [TEST_STEP][PASSED] - click: Object: 'Object Repository/lab/Page_KDMC/button_Add' is clicked on

2018-05-22 15:39:40 - [MESSAGE][PASSED] - Object: 'Object Repository/lab/Page_KDMC/button_Add' is clicked on

2018-05-22 15:39:40 - [TEST_STEP][PASSED] - selectOptionByIndex: All options with index in [1] are selected on object 'Object Repository/lab/Page_KDMC/select_--Select--Schedule 4X-r'

2018-05-22 15:39:40 - [MESSAGE][PASSED] - All options with index in [1] are selected on object 'Object Repository/lab/Page_KDMC/select_--Select--Schedule 4X-r'

2018-05-22 15:39:40 - [TEST_STEP][PASSED] - selectOptionByIndex: All options with index in [2] are selected on object 'Object Repository/lab/Page_KDMC/select_--Select--Automatic x-r'

2018-05-22 15:39:41 - [MESSAGE][PASSED] - All options with index in [2] are selected on object 'Object Repository/lab/Page_KDMC/select_--Select--Automatic x-r'

2018-05-22 15:39:41 - [TEST_STEP][PASSED] - setText: Text '10' is set on object 'Object Repository/lab/Page_KDMC/input_txttreat'

2018-05-22 15:39:41 - [MESSAGE][PASSED] - Text '10' is set on object 'Object Repository/lab/Page_KDMC/input_txttreat'

2018-05-22 15:39:41 - [TEST_STEP][PASSED] - click: Object: 'Object Repository/lab/Page_KDMC/button_Add' is clicked on

2018-05-22 15:39:41 - [MESSAGE][PASSED] - Object: 'Object Repository/lab/Page_KDMC/button_Add' is clicked on

2018-05-22 15:39:41 - [TEST_STEP][PASSED] - selectOptionByIndex: All options with index in [1] are selected on object 'Object Repository/lab/Page_KDMC/select_--Select--Schedule 4X-r'

2018-05-22 15:39:41 - [MESSAGE][PASSED] - All options with index in [1] are selected on object 'Object Repository/lab/Page_KDMC/select_--Select--Schedule 4X-r'

2018-05-22 15:39:41 - [TEST_STEP][PASSED] - selectOptionByIndex: All options with index in [3] are selected on object 'Object Repository/lab/Page_KDMC/select_--Select--Automatic x-r'

2018-05-22 15:39:41 - [MESSAGE][PASSED] - All options with index in [3] are selected on object 'Object Repository/lab/Page_KDMC/select_--Select--Automatic x-r'

2018-05-22 15:39:41 - [TEST_STEP][PASSED] - setText: Text '10' is set on object 'Object Repository/lab/Page_KDMC/input_txttreat'

2018-05-22 15:39:41 - [MESSAGE][PASSED] - Text '10' is set on object 'Object Repository/lab/Page_KDMC/input_txttreat'

2018-05-22 15:39:41 - [TEST_STEP][PASSED] - click: Object: 'Object Repository/lab/Page_KDMC/button_Add' is clicked on

2018-05-22 15:39:41 - [MESSAGE][PASSED] - Object: 'Object Repository/lab/Page_KDMC/button_Add' is clicked on

2018-05-22 15:39:41 - [TEST_STEP][PASSED] - selectOptionByIndex: All options with index in [1] are selected on object 'Object Repository/lab/Page_KDMC/select_--Select--Schedule 4X-r'

2018-05-22 15:39:41 - [MESSAGE][PASSED] - All options with index in [1] are selected on object 'Object Repository/lab/Page_KDMC/select_--Select--Schedule 4X-r'

2018-05-22 15:39:41 - [TEST_STEP][PASSED] - selectOptionByIndex: All options with index in [4] are selected on object 'Object Repository/lab/Page_KDMC/select_--Select--Automatic x-r'

2018-05-22 15:39:41 - [MESSAGE][PASSED] - All options with index in [4] are selected on object 'Object Repository/lab/Page_KDMC/select_--Select--Automatic x-r'

2018-05-22 15:39:41 - [TEST_STEP][PASSED] - setText: Text '10' is set on object 'Object Repository/lab/Page_KDMC/input_txttreat'

2018-05-22 15:39:41 - [MESSAGE][PASSED] - Text '10' is set on object 'Object Repository/lab/Page_KDMC/input_txttreat'

2018-05-22 15:39:41 - [TEST_STEP][PASSED] - click: Object: 'Object Repository/lab/Page_KDMC/button_Add' is clicked on

2018-05-22 15:39:42 - [MESSAGE][PASSED] - Object: 'Object Repository/lab/Page_KDMC/button_Add' is clicked on

2018-05-22 15:39:42 - [TEST_STEP][PASSED] - selectOptionByIndex: All options with index in [1] are selected on object 'Object Repository/lab/Page_KDMC/select_--Select--Schedule 4X-r'

2018-05-22 15:39:42 - [MESSAGE][PASSED] - All options with index in [1] are selected on object 'Object Repository/lab/Page_KDMC/select_--Select--Schedule 4X-r'

2018-05-22 15:39:42 - [TEST_STEP][PASSED] - selectOptionByIndex: All options with index in [5] are selected on object 'Object Repository/lab/Page_KDMC/select_--Select--Automatic x-r'

2018-05-22 15:39:42 - [MESSAGE][PASSED] - All options with index in [5] are selected on object 'Object Repository/lab/Page_KDMC/select_--Select--Automatic x-r'

2018-05-22 15:39:42 - [TEST_STEP][PASSED] - setText: Text '10' is set on object 'Object Repository/lab/Page_KDMC/input_txttreat'

2018-05-22 15:39:42 - [MESSAGE][PASSED] - Text '10' is set on object 'Object Repository/lab/Page_KDMC/input_txttreat'

2018-05-22 15:39:42 - [TEST_STEP][PASSED] - click: Object: 'Object Repository/lab/Page_KDMC/button_Add' is clicked on

2018-05-22 15:39:42 - [MESSAGE][PASSED] - Object: 'Object Repository/lab/Page_KDMC/button_Add' is clicked on

2018-05-22 15:39:42 - [TEST_STEP][PASSED] - selectOptionByIndex: All options with index in [1] are selected on object 'Object Repository/lab/Page_KDMC/select_--Select--Schedule 4X-r'

2018-05-22 15:39:42 - [MESSAGE][PASSED] - All options with index in [1] are selected on object 'Object Repository/lab/Page_KDMC/select_--Select--Schedule 4X-r'

2018-05-22 15:39:42 - [TEST_STEP][PASSED] - selectOptionByIndex: All options with index in [6] are selected on object 'Object Repository/lab/Page_KDMC/select_--Select--Automatic x-r'

2018-05-22 15:39:42 - [MESSAGE][PASSED] - All options with index in [6] are selected on object 'Object Repository/lab/Page_KDMC/select_--Select--Automatic x-r'

2018-05-22 15:39:42 - [TEST_STEP][PASSED] - setText: Text '10' is set on object 'Object Repository/lab/Page_KDMC/input_txttreat'

2018-05-22 15:39:42 - [MESSAGE][PASSED] - Text '10' is set on object 'Object Repository/lab/Page_KDMC/input_txttreat'

2018-05-22 15:39:42 - [TEST_STEP][PASSED] - click: Object: 'Object Repository/lab/Page_KDMC/button_Add' is clicked on

2018-05-22 15:39:42 - [MESSAGE][PASSED] - Object: 'Object Repository/lab/Page_KDMC/button_Add' is clicked on

2018-05-22 15:39:42 - [TEST_STEP][PASSED] - selectOptionByIndex: All options with index in [1] are selected on object 'Object Repository/lab/Page_KDMC/select_--Select--Schedule 4X-r'

2018-05-22 15:39:43 - [MESSAGE][PASSED] - All options with index in [1] are selected on object 'Object Repository/lab/Page_KDMC/select_--Select--Schedule 4X-r'

2018-05-22 15:39:43 - [TEST_STEP][PASSED] - selectOptionByIndex: All options with index in [7] are selected on object 'Object Repository/lab/Page_KDMC/select_--Select--Automatic x-r'

2018-05-22 15:39:43 - [MESSAGE][PASSED] - All options with index in [7] are selected on object 'Object Repository/lab/Page_KDMC/select_--Select--Automatic x-r'

2018-05-22 15:39:43 - [TEST_STEP][PASSED] - setText: Text '10' is set on object 'Object Repository/lab/Page_KDMC/input_txttreat'

2018-05-22 15:39:43 - [MESSAGE][PASSED] - Text '10' is set on object 'Object Repository/lab/Page_KDMC/input_txttreat'

2018-05-22 15:39:43 - [TEST_STEP][PASSED] - click: Object: 'Object Repository/lab/Page_KDMC/button_Add' is clicked on

2018-05-22 15:39:43 - [MESSAGE][PASSED] - Object: 'Object Repository/lab/Page_KDMC/button_Add' is clicked on

2018-05-22 15:39:43 - [TEST_STEP][PASSED] - selectOptionByIndex: All options with index in [1] are selected on object 'Object Repository/lab/Page_KDMC/select_--Select--Schedule 4X-r'

2018-05-22 15:39:43 - [MESSAGE][PASSED] - All options with index in [1] are selected on object 'Object Repository/lab/Page_KDMC/select_--Select--Schedule 4X-r'

2018-05-22 15:39:43 - [TEST_STEP][PASSED] - selectOptionByIndex: All options with index in [8] are selected on object 'Object Repository/lab/Page_KDMC/select_--Select--Automatic x-r'

2018-05-22 15:39:43 - [MESSAGE][PASSED] - All options with index in [8] are selected on object 'Object Repository/lab/Page_KDMC/select_--Select--Automatic x-r'

2018-05-22 15:39:43 - [TEST_STEP][PASSED] - setText: Text '10' is set on object 'Object Repository/lab/Page_KDMC/input_txttreat'

2018-05-22 15:39:43 - [MESSAGE][PASSED] - Text '10' is set on object 'Object Repository/lab/Page_KDMC/input_txttreat'

2018-05-22 15:39:43 - [TEST_STEP][PASSED] - click: Object: 'Object Repository/lab/Page_KDMC/button_Add' is clicked on

2018-05-22 15:39:43 - [MESSAGE][PASSED] - Object: 'Object Repository/lab/Page_KDMC/button_Add' is clicked on

2018-05-22 15:39:43 - [TEST_STEP][PASSED] - selectOptionByIndex: All options with index in [1] are selected on object 'Object Repository/lab/Page_KDMC/select_--Select--Schedule 4X-r'

2018-05-22 15:39:44 - [MESSAGE][PASSED] - All options with index in [1] are selected on object 'Object Repository/lab/Page_KDMC/select_--Select--Schedule 4X-r'

2018-05-22 15:39:44 - [TEST_STEP][PASSED] - selectOptionByIndex: All options with index in [9] are selected on object 'Object Repository/lab/Page_KDMC/select_--Select--Automatic x-r'

2018-05-22 15:39:44 - [MESSAGE][PASSED] - All options with index in [9] are selected on object 'Object Repository/lab/Page_KDMC/select_--Select--Automatic x-r'

2018-05-22 15:39:44 - [TEST_STEP][PASSED] - setText: Text '10' is set on object 'Object Repository/lab/Page_KDMC/input_txttreat'

2018-05-22 15:39:44 - [MESSAGE][PASSED] - Text '10' is set on object 'Object Repository/lab/Page_KDMC/input_txttreat'

2018-05-22 15:39:44 - [TEST_STEP][PASSED] - click: Object: 'Object Repository/lab/Page_KDMC/button_Add' is clicked on

2018-05-22 15:39:44 - [MESSAGE][PASSED] - Object: 'Object Repository/lab/Page_KDMC/button_Add' is clicked on

2018-05-22 15:39:44 - [TEST_STEP][PASSED] - selectOptionByIndex: All options with index in [1] are selected on object 'Object Repository/lab/Page_KDMC/select_--Select--Schedule 4X-r'

2018-05-22 15:39:44 - [MESSAGE][PASSED] - All options with index in [1] are selected on object 'Object Repository/lab/Page_KDMC/select_--Select--Schedule 4X-r'

2018-05-22 15:39:44 - [TEST_STEP][PASSED] - selectOptionByIndex: All options with index in [10] are selected on object 'Object Repository/lab/Page_KDMC/select_--Select--Automatic x-r'

2018-05-22 15:39:44 - [MESSAGE][PASSED] - All options with index in [10] are selected on object 'Object Repository/lab/Page_KDMC/select_--Select--Automatic x-r'

2018-05-22 15:39:44 - [TEST_STEP][PASSED] - setText: Text '10' is set on object 'Object Repository/lab/Page_KDMC/input_txttreat'

2018-05-22 15:39:44 - [MESSAGE][PASSED] - Text '10' is set on object 'Object Repository/lab/Page_KDMC/input_txttreat'

2018-05-22 15:39:44 - [TEST_STEP][PASSED] - click: Object: 'Object Repository/lab/Page_KDMC/button_Add' is clicked on

2018-05-22 15:39:44 - [MESSAGE][PASSED] - Object: 'Object Repository/lab/Page_KDMC/button_Add' is clicked on

2018-05-22 15:39:44 - [TEST_STEP][PASSED] - selectOptionByIndex: All options with index in [1] are selected on object 'Object Repository/lab/Page_KDMC/select_--Select--Schedule 4X-r'

2018-05-22 15:39:45 - [MESSAGE][PASSED] - All options with index in [1] are selected on object 'Object Repository/lab/Page_KDMC/select_--Select--Schedule 4X-r'

2018-05-22 15:39:45 - [TEST_STEP][PASSED] - selectOptionByIndex: All options with index in [11] are selected on object 'Object Repository/lab/Page_KDMC/select_--Select--Automatic x-r'

2018-05-22 15:39:45 - [MESSAGE][PASSED] - All options with index in [11] are selected on object 'Object Repository/lab/Page_KDMC/select_--Select--Automatic x-r'

2018-05-22 15:39:45 - [TEST_STEP][PASSED] - setText: Text '10' is set on object 'Object Repository/lab/Page_KDMC/input_txttreat'

2018-05-22 15:39:45 - [MESSAGE][PASSED] - Text '10' is set on object 'Object Repository/lab/Page_KDMC/input_txttreat'

2018-05-22 15:39:45 - [TEST_STEP][PASSED] - click: Object: 'Object Repository/lab/Page_KDMC/button_Add' is clicked on

2018-05-22 15:39:45 - [MESSAGE][PASSED] - Object: 'Object Repository/lab/Page_KDMC/button_Add' is clicked on

2018-05-22 15:39:45 - [TEST_STEP][PASSED] - selectOptionByIndex: All options with index in [1] are selected on object 'Object Repository/lab/Page_KDMC/select_--Select--Schedule 4X-r'

2018-05-22 15:39:45 - [MESSAGE][PASSED] - All options with index in [1] are selected on object 'Object Repository/lab/Page_KDMC/select_--Select--Schedule 4X-r'

2018-05-22 15:39:45 - [TEST_STEP][PASSED] - selectOptionByIndex: All options with index in [12] are selected on object 'Object Repository/lab/Page_KDMC/select_--Select--Automatic x-r'

2018-05-22 15:39:45 - [MESSAGE][PASSED] - All options with index in [12] are selected on object 'Object Repository/lab/Page_KDMC/select_--Select--Automatic x-r'

2018-05-22 15:39:45 - [TEST_STEP][PASSED] - setText: Text '10' is set on object 'Object Repository/lab/Page_KDMC/input_txttreat'

2018-05-22 15:39:45 - [MESSAGE][PASSED] - Text '10' is set on object 'Object Repository/lab/Page_KDMC/input_txttreat'

2018-05-22 15:39:45 - [TEST_STEP][PASSED] - click: Object: 'Object Repository/lab/Page_KDMC/button_Add' is clicked on

2018-05-22 15:39:45 - [MESSAGE][PASSED] - Object: 'Object Repository/lab/Page_KDMC/button_Add' is clicked on

2018-05-22 15:39:45 - [TEST_STEP][PASSED] - selectOptionByIndex: All options with index in [1] are selected on object 'Object Repository/lab/Page_KDMC/select_--Select--Schedule 4X-r'

2018-05-22 15:39:46 - [MESSAGE][PASSED] - All options with index in [1] are selected on object 'Object Repository/lab/Page_KDMC/select_--Select--Schedule 4X-r'

2018-05-22 15:39:46 - [TEST_STEP][PASSED] - selectOptionByIndex: All options with index in [13] are selected on object 'Object Repository/lab/Page_KDMC/select_--Select--Automatic x-r'

2018-05-22 15:39:46 - [MESSAGE][PASSED] - All options with index in [13] are selected on object 'Object Repository/lab/Page_KDMC/select_--Select--Automatic x-r'

2018-05-22 15:39:46 - [TEST_STEP][PASSED] - setText: Text '10' is set on object 'Object Repository/lab/Page_KDMC/input_txttreat'

2018-05-22 15:39:46 - [MESSAGE][PASSED] - Text '10' is set on object 'Object Repository/lab/Page_KDMC/input_txttreat'

2018-05-22 15:39:46 - [TEST_STEP][PASSED] - click: Object: 'Object Repository/lab/Page_KDMC/button_Add' is clicked on

2018-05-22 15:39:46 - [MESSAGE][PASSED] - Object: 'Object Repository/lab/Page_KDMC/button_Add' is clicked on

2018-05-22 15:39:46 - [TEST_STEP][PASSED] - selectOptionByIndex: All options with index in [1] are selected on object 'Object Repository/lab/Page_KDMC/select_--Select--Schedule 4X-r'

2018-05-22 15:39:46 - [MESSAGE][PASSED] - All options with index in [1] are selected on object 'Object Repository/lab/Page_KDMC/select_--Select--Schedule 4X-r'

2018-05-22 15:39:46 - [TEST_STEP][PASSED] - selectOptionByIndex: All options with index in [14] are selected on object 'Object Repository/lab/Page_KDMC/select_--Select--Automatic x-r'

2018-05-22 15:39:46 - [MESSAGE][PASSED] - All options with index in [14] are selected on object 'Object Repository/lab/Page_KDMC/select_--Select--Automatic x-r'

2018-05-22 15:39:46 - [TEST_STEP][PASSED] - setText: Text '10' is set on object 'Object Repository/lab/Page_KDMC/input_txttreat'

2018-05-22 15:39:46 - [MESSAGE][PASSED] - Text '10' is set on object 'Object Repository/lab/Page_KDMC/input_txttreat'

2018-05-22 15:39:46 - [TEST_STEP][PASSED] - click: Object: 'Object Repository/lab/Page_KDMC/button_Add' is clicked on

2018-05-22 15:39:47 - [MESSAGE][PASSED] - Object: 'Object Repository/lab/Page_KDMC/button_Add' is clicked on

2018-05-22 15:39:47 - [TEST_STEP][PASSED] - selectOptionByIndex: All options with index in [1] are selected on object 'Object Repository/lab/Page_KDMC/select_--Select--Schedule 4X-r'

2018-05-22 15:39:47 - [MESSAGE][PASSED] - All options with index in [1] are selected on object 'Object Repository/lab/Page_KDMC/select_--Select--Schedule 4X-r'

2018-05-22 15:39:47 - [TEST_STEP][PASSED] - selectOptionByIndex: All options with index in [15] are selected on object 'Object Repository/lab/Page_KDMC/select_--Select--Automatic x-r'

2018-05-22 15:39:47 - [MESSAGE][PASSED] - All options with index in [15] are selected on object 'Object Repository/lab/Page_KDMC/select_--Select--Automatic x-r'

2018-05-22 15:39:47 - [TEST_STEP][PASSED] - setText: Text '10' is set on object 'Object Repository/lab/Page_KDMC/input_txttreat'

2018-05-22 15:39:47 - [MESSAGE][PASSED] - Text '10' is set on object 'Object Repository/lab/Page_KDMC/input_txttreat'

2018-05-22 15:39:47 - [TEST_STEP][PASSED] - click: Object: 'Object Repository/lab/Page_KDMC/button_Add' is clicked on

2018-05-22 15:39:47 - [MESSAGE][PASSED] - Object: 'Object Repository/lab/Page_KDMC/button_Add' is clicked on

2018-05-22 15:39:47 - [TEST_STEP][PASSED] - Statement - RN1 = com.kms.katalon.core.webui.keyword.WebUiBuiltInKeywords.getAttribute(com.kms.katalon.core.testobject.ObjectRepository.findTestObject(lab/Page_KDMC/input_txtno), "value"): Attribute 'value' of object 'Object Repository/lab/Page_KDMC/input_txtno' is: 'LRNO/22052018/137'

2018-05-22 15:39:47 - [MESSAGE][PASSED] - Attribute 'value' of object 'Object Repository/lab/Page_KDMC/input_txtno' is: 'LRNO/22052018/137'

2018-05-22 15:39:47 - [TEST_STEP][PASSED] - Statement - out.println(RN1): null

2018-05-22 15:39:47 - [TEST_STEP][PASSED] - Statement - RID = RN1.split("/")[2]: null

2018-05-22 15:39:47 - [TEST_STEP][PASSED] - scrollToElement: Scroll to object 'Object Repository/lab/Page_KDMC/input_btnsave' successfully

2018-05-22 15:39:47 - [MESSAGE][PASSED] - Scroll to object 'Object Repository/lab/Page_KDMC/input_btnsave' successfully

2018-05-22 15:39:47 - [TEST_STEP][PASSED] - click: Object: 'Object Repository/lab/Page_KDMC/input_btnsave' is clicked on

2018-05-22 15:39:47 - [MESSAGE][PASSED] - Object: 'Object Repository/lab/Page_KDMC/input_btnsave' is clicked on

2018-05-22 15:39:47 - [TEST_STEP][PASSED] - delay: Delayed 3 second(s)

2018-05-22 15:39:50 - [MESSAGE][PASSED] - Delayed 3 second(s)

2018-05-22 15:39:50 - [TEST_STEP][PASSED] - click: Object: 'Object Repository/lab/Page_KDMC/button_OK' is clicked on

2018-05-22 15:39:51 - [MESSAGE][PASSED] - Object: 'Object Repository/lab/Page_KDMC/button_OK' is clicked on

2018-05-22 15:39:51 - [TEST_STEP][PASSED] - delay: Delayed 3 second(s)

2018-05-22 15:39:54 - [MESSAGE][PASSED] - Delayed 3 second(s)

2018-05-22 15:39:54 - [TEST_STEP][PASSED] - click: Object: 'Object Repository/lab/Page_KDMC/a_dropdown-toggle' is clicked on

2018-05-22 15:39:54 - [MESSAGE][PASSED] - Object: 'Object Repository/lab/Page_KDMC/a_dropdown-toggle' is clicked on

2018-05-22 15:39:54 - [TEST_STEP][PASSED] - click: Object: 'Object Repository/lab/Page_KDMC/a_Sign out' is clicked on

2018-05-22 15:39:54 - [MESSAGE][PASSED] - Object: 'Object Repository/lab/Page_KDMC/a_Sign out' is clicked on

2018-05-22 15:39:54 - [TEST_STEP][PASSED] - delay: Delayed 3 second(s)

2018-05-22 15:39:57 - [MESSAGE][PASSED] - Delayed 3 second(s)

2018-05-22 15:39:57 - [TEST_STEP][PASSED] - click: Object: 'Object Repository/lab/Page_KDMC/a_CMO' is clicked on

2018-05-22 15:39:58 - [MESSAGE][PASSED] - Object: 'Object Repository/lab/Page_KDMC/a_CMO' is clicked on

2018-05-22 15:39:58 - [TEST_STEP][PASSED] - setText: Text 'guru' is set on object 'Object Repository/lab/Page_CMO login/input_txtusername'

2018-05-22 15:39:58 - [MESSAGE][PASSED] - Text 'guru' is set on object 'Object Repository/lab/Page_CMO login/input_txtusername'

2018-05-22 15:39:58 - [TEST_STEP][PASSED] - setText: Text '123' is set on object 'Object Repository/lab/Page_CMO login/input_txtpassword'

2018-05-22 15:39:58 - [MESSAGE][PASSED] - Text '123' is set on object 'Object Repository/lab/Page_CMO login/input_txtpassword'

2018-05-22 15:39:58 - [TEST_STEP][PASSED] - delay: Delayed 3 second(s)

2018-05-22 15:40:01 - [MESSAGE][PASSED] - Delayed 3 second(s)

2018-05-22 15:40:01 - [TEST_STEP][PASSED] - click: Object: 'Object Repository/lab/Page_CMO login/button_Sign in' is clicked on

2018-05-22 15:40:02 - [MESSAGE][PASSED] - Object: 'Object Repository/lab/Page_CMO login/button_Sign in' is clicked on

2018-05-22 15:40:02 - [TEST_STEP][PASSED] - click: Object: 'Object Repository/lab/Page_KDMC - CMO/span_Department Wise Request' is clicked on

2018-05-22 15:40:05 - [MESSAGE][PASSED] - Object: 'Object Repository/lab/Page_KDMC - CMO/span_Department Wise Request' is clicked on

2018-05-22 15:40:05 - [TEST_STEP][PASSED] - selectOptionByIndex: All options with index in [4] are selected on object 'Object Repository/lab/Page_KDMC - CMO/select_--ALL--'

2018-05-22 15:40:05 - [MESSAGE][PASSED] - All options with index in [4] are selected on object 'Object Repository/lab/Page_KDMC - CMO/select_--ALL--'

2018-05-22 15:40:05 - [TEST_STEP][PASSED] - selectOptionByIndex: All options with index in [1] are selected on object 'Object Repository/lab/Page_KDMC - CMO/select_--ALL--                _1'

2018-05-22 15:40:05 - [MESSAGE][PASSED] - All options with index in [1] are selected on object 'Object Repository/lab/Page_KDMC - CMO/select_--ALL--                _1'

2018-05-22 15:40:05 - [TEST_STEP][PASSED] - click: Object: 'Object Repository/lab/Page_KDMC - CMO/input_btnsearch' is clicked on

2018-05-22 15:40:05 - [MESSAGE][PASSED] - Object: 'Object Repository/lab/Page_KDMC - CMO/input_btnsearch' is clicked on

2018-05-22 15:40:05 - [TEST_STEP][PASSED] - Statement - ID = com.kms.katalon.core.webui.keyword.WebUiBuiltInKeywords.modifyObjectProperty(com.kms.katalon.core.testobject.ObjectRepository.findTestObject(lab/Page_KDMC - CMO/input_1), "xpath", "equals", "//*[@id=" + RID + "]", true): Modify property of object successfully

2018-05-22 15:40:05 - [MESSAGE][PASSED] - Modify property of object successfully

2018-05-22 15:40:05 - [TEST_STEP][PASSED] - click: Object: 'Object Repository/lab/Page_KDMC - CMO/input_1' is clicked on

2018-05-22 15:40:06 - [MESSAGE][PASSED] - Object: 'Object Repository/lab/Page_KDMC - CMO/input_1' is clicked on

2018-05-22 15:40:06 - [TEST_STEP][PASSED] - delay: Delayed 2 second(s)

2018-05-22 15:40:08 - [MESSAGE][PASSED] - Delayed 2 second(s)

2018-05-22 15:40:08 - [TEST_STEP][PASSED] - selectOptionByIndex: All options with index in [1] are selected on object 'Object Repository/lab/Page_KDMC - CMO/select_--Select--'

2018-05-22 15:40:08 - [MESSAGE][PASSED] - All options with index in [1] are selected on object 'Object Repository/lab/Page_KDMC - CMO/select_--Select--'

2018-05-22 15:40:08 - [TEST_STEP][PASSED] - click: Object: 'Object Repository/lab/Page_KDMC - CMO/input_btnupdate' is clicked on

2018-05-22 15:40:08 - [MESSAGE][PASSED] - Object: 'Object Repository/lab/Page_KDMC - CMO/input_btnupdate' is clicked on

2018-05-22 15:40:08 - [TEST_STEP][PASSED] - delay: Delayed 2 second(s)

2018-05-22 15:40:10 - [MESSAGE][PASSED] - Delayed 2 second(s)

2018-05-22 15:40:10 - [TEST_STEP][PASSED] - click: Object: 'Object Repository/lab/Page_KDMC - CMO/button_OK' is clicked on

2018-05-22 15:40:11 - [MESSAGE][PASSED] - Object: 'Object Repository/lab/Page_KDMC - CMO/button_OK' is clicked on

2018-05-22 15:40:11 - [TEST_STEP][PASSED] - delay: Delayed 3 second(s)

2018-05-22 15:40:14 - [MESSAGE][PASSED] - Delayed 3 second(s)

2018-05-22 15:40:14 - [TEST_STEP][PASSED] - click: Object: 'Object Repository/lab/Page_KDMC - CMO/a_dropdown-toggle' is clicked on

2018-05-22 15:40:14 - [MESSAGE][PASSED] - Object: 'Object Repository/lab/Page_KDMC - CMO/a_dropdown-toggle' is clicked on

2018-05-22 15:40:14 - [TEST_STEP][PASSED] - click: Object: 'Object Repository/lab/Page_KDMC - CMO/a_Sign out' is clicked on

2018-05-22 15:40:14 - [MESSAGE][PASSED] - Object: 'Object Repository/lab/Page_KDMC - CMO/a_Sign out' is clicked on

2018-05-22 15:40:14 - [TEST_STEP][PASSED] - delay: Delayed 3 second(s)

2018-05-22 15:40:17 - [MESSAGE][PASSED] - Delayed 3 second(s)

2018-05-22 15:40:17 - [TEST_STEP][PASSED] - click: Object: 'Object Repository/lab/Page_KDMC/a_Divisional Store' is clicked on

2018-05-22 15:40:19 - [MESSAGE][PASSED] - Object: 'Object Repository/lab/Page_KDMC/a_Divisional Store' is clicked on

2018-05-22 15:40:19 - [TEST_STEP][PASSED] - setText: Text 'ragu' is set on object 'Object Repository/lab/Page_Divisonal Store Login/input_txtusername'

2018-05-22 15:40:19 - [MESSAGE][PASSED] - Text 'ragu' is set on object 'Object Repository/lab/Page_Divisonal Store Login/input_txtusername'

2018-05-22 15:40:19 - [TEST_STEP][PASSED] - setText: Text '123' is set on object 'Object Repository/lab/Page_Divisonal Store Login/input_txtpassword'

2018-05-22 15:40:19 - [MESSAGE][PASSED] - Text '123' is set on object 'Object Repository/lab/Page_Divisonal Store Login/input_txtpassword'

2018-05-22 15:40:19 - [TEST_STEP][PASSED] - delay: Delayed 3 second(s)

2018-05-22 15:40:22 - [MESSAGE][PASSED] - Delayed 3 second(s)

2018-05-22 15:40:22 - [TEST_STEP][PASSED] - click: Object: 'Object Repository/lab/Page_Divisonal Store Login/button_Sign in' is clicked on

2018-05-22 15:40:23 - [MESSAGE][PASSED] - Object: 'Object Repository/lab/Page_Divisonal Store Login/button_Sign in' is clicked on

2018-05-22 15:40:23 - [TEST_STEP][PASSED] - delay: Delayed 3 second(s)

2018-05-22 15:40:26 - [MESSAGE][PASSED] - Delayed 3 second(s)

2018-05-22 15:40:26 - [TEST_STEP][PASSED] - click: Object: 'Object Repository/lab/Page_Store/a_Lab Request' is clicked on

2018-05-22 15:40:26 - [MESSAGE][PASSED] - Object: 'Object Repository/lab/Page_Store/a_Lab Request' is clicked on

2018-05-22 15:40:26 - [TEST_STEP][PASSED] - click: Object: 'Object Repository/lab/Page_Store/a_Request Item Lab' is clicked on

2018-05-22 15:40:27 - [MESSAGE][PASSED] - Object: 'Object Repository/lab/Page_Store/a_Request Item Lab' is clicked on

2018-05-22 15:40:27 - [TEST_STEP][PASSED] - Statement - ChooseRequest = com.kms.katalon.core.webui.keyword.WebUiBuiltInKeywords.modifyObjectProperty(com.kms.katalon.core.testobject.ObjectRepository.findTestObject(lab/Page_Store/input_1), "xpath", "equals", "//*[@id=" + RID + "]", true): Modify property of object successfully

2018-05-22 15:40:27 - [MESSAGE][PASSED] - Modify property of object successfully

2018-05-22 15:40:27 - [TEST_STEP][PASSED] - click: Object: 'Object Repository/lab/Page_Store/input_1' is clicked on

2018-05-22 15:40:28 - [MESSAGE][PASSED] - Object: 'Object Repository/lab/Page_Store/input_1' is clicked on

2018-05-22 15:40:28 - [TEST_STEP][PASSED] - delay: Delayed 2 second(s)

2018-05-22 15:40:30 - [MESSAGE][PASSED] - Delayed 2 second(s)

2018-05-22 15:40:30 - [TEST_STEP][PASSED] - Statement - selectedoptions = com.kms.katalon.core.webui.keyword.WebUiBuiltInKeywords.getNumberOfTotalOption(com.kms.katalon.core.testobject.ObjectRepository.findTestObject(lab/Page_Store/select_--Select--E.C.G. Jelly)): 16 options of object 'Object Repository/lab/Page_Store/select_--Select--E.C.G. Jelly' counted

2018-05-22 15:40:30 - [MESSAGE][PASSED] - 16 options of object 'Object Repository/lab/Page_Store/select_--Select--E.C.G. Jelly' counted

2018-05-22 15:40:30 - [TEST_STEP][PASSED] - Statement - For ([a = 1, a < selectedoptions, (a++)]): null

2018-05-22 15:40:30 - [TEST_STEP][PASSED] - selectOptionByIndex: All options with index in [1] are selected on object 'Object Repository/lab/Page_Store/select_--Select--E.C.G. Jelly'

2018-05-22 15:40:30 - [MESSAGE][PASSED] - All options with index in [1] are selected on object 'Object Repository/lab/Page_Store/select_--Select--E.C.G. Jelly'

2018-05-22 15:40:30 - [TEST_STEP][PASSED] - delay: Delayed 2 second(s)

2018-05-22 15:40:32 - [MESSAGE][PASSED] - Delayed 2 second(s)

2018-05-22 15:40:32 - [TEST_STEP][PASSED] - Statement - RequestedQty = com.kms.katalon.core.webui.keyword.WebUiBuiltInKeywords.getAttribute(com.kms.katalon.core.testobject.ObjectRepository.findTestObject(lab/Page_Store/input_txttotal), "value"): Attribute 'value' of object 'Object Repository/lab/Page_Store/input_txttotal' is: '10'

2018-05-22 15:40:32 - [MESSAGE][PASSED] - Attribute 'value' of object 'Object Repository/lab/Page_Store/input_txttotal' is: '10'

2018-05-22 15:40:32 - [TEST_STEP][PASSED] - Statement - out.println("Requested QTY : " + RequestedQty): null

2018-05-22 15:40:32 - [TEST_STEP][PASSED] - Statement - BatchNumber = com.kms.katalon.core.webui.keyword.WebUiBuiltInKeywords.getNumberOfTotalOption(com.kms.katalon.core.testobject.ObjectRepository.findTestObject(lab/Page_Store/select_--Select--BA50)): 6 options of object 'Object Repository/lab/Page_Store/select_--Select--BA50' counted

2018-05-22 15:40:33 - [MESSAGE][PASSED] - 6 options of object 'Object Repository/lab/Page_Store/select_--Select--BA50' counted

2018-05-22 15:40:33 - [TEST_STEP][PASSED] - Statement - For ([g = 1, g < BatchNumber, (g++)]): null

2018-05-22 15:40:33 - [TEST_STEP][PASSED] - selectOptionByIndex: All options with index in [1] are selected on object 'Object Repository/lab/Page_Store/select_--Select--BA50'

2018-05-22 15:40:33 - [MESSAGE][PASSED] - All options with index in [1] are selected on object 'Object Repository/lab/Page_Store/select_--Select--BA50'

2018-05-22 15:40:33 - [TEST_STEP][PASSED] - Statement - Try: null

2018-05-22 15:40:33 - [TEST_STEP][PASSED] - Statement - StockQty = com.kms.katalon.core.webui.keyword.WebUiBuiltInKeywords.getAttribute(com.kms.katalon.core.testobject.ObjectRepository.findTestObject(lab/Page_Store/input_txtprice), "value"): Attribute 'value' of object 'Object Repository/lab/Page_Store/input_txtprice' is: '180'

2018-05-22 15:40:33 - [MESSAGE][PASSED] - Attribute 'value' of object 'Object Repository/lab/Page_Store/input_txtprice' is: '180'

2018-05-22 15:40:33 - [TEST_STEP][PASSED] - Statement - out.println("Stock QTY : " + StockQty): null

2018-05-22 15:40:33 - [TEST_STEP][PASSED] - delay: Delayed 2 second(s)

2018-05-22 15:40:35 - [MESSAGE][PASSED] - Delayed 2 second(s)

2018-05-22 15:40:35 - [TEST_STEP][PASSED] - Statement - If (java.lang.Integer.valueOf(StockQty) >= java.lang.Integer.valueOf(RequestedQty)): null

2018-05-22 15:40:35 - [TEST_STEP][PASSED] - setText: Text '10' is set on object 'Object Repository/lab/Page_Store/input_txtqty'

2018-05-22 15:40:35 - [MESSAGE][PASSED] - Text '10' is set on object 'Object Repository/lab/Page_Store/input_txtqty'

2018-05-22 15:40:35 - [TEST_STEP][PASSED] - click: Object: 'Object Repository/lab/Page_Store/button_Add' is clicked on

2018-05-22 15:40:35 - [MESSAGE][PASSED] - Object: 'Object Repository/lab/Page_Store/button_Add' is clicked on

2018-05-22 15:40:35 - [TEST_STEP][PASSED] - Statement - Break: null

2018-05-22 15:40:35 - [TEST_STEP][PASSED] - selectOptionByIndex: All options with index in [2] are selected on object 'Object Repository/lab/Page_Store/select_--Select--E.C.G. Jelly'

2018-05-22 15:40:35 - [MESSAGE][PASSED] - All options with index in [2] are selected on object 'Object Repository/lab/Page_Store/select_--Select--E.C.G. Jelly'

2018-05-22 15:40:35 - [TEST_STEP][PASSED] - delay: Delayed 2 second(s)

2018-05-22 15:40:37 - [MESSAGE][PASSED] - Delayed 2 second(s)

2018-05-22 15:40:37 - [TEST_STEP][PASSED] - Statement - RequestedQty = com.kms.katalon.core.webui.keyword.WebUiBuiltInKeywords.getAttribute(com.kms.katalon.core.testobject.ObjectRepository.findTestObject(lab/Page_Store/input_txttotal), "value"): Attribute 'value' of object 'Object Repository/lab/Page_Store/input_txttotal' is: '10'

2018-05-22 15:40:37 - [MESSAGE][PASSED] - Attribute 'value' of object 'Object Repository/lab/Page_Store/input_txttotal' is: '10'

2018-05-22 15:40:37 - [TEST_STEP][PASSED] - Statement - out.println("Requested QTY : " + RequestedQty): null

2018-05-22 15:40:37 - [TEST_STEP][PASSED] - Statement - BatchNumber = com.kms.katalon.core.webui.keyword.WebUiBuiltInKeywords.getNumberOfTotalOption(com.kms.katalon.core.testobject.ObjectRepository.findTestObject(lab/Page_Store/select_--Select--BA50)): 4 options of object 'Object Repository/lab/Page_Store/select_--Select--BA50' counted

2018-05-22 15:40:37 - [MESSAGE][PASSED] - 4 options of object 'Object Repository/lab/Page_Store/select_--Select--BA50' counted

2018-05-22 15:40:37 - [TEST_STEP][PASSED] - Statement - For ([g = 1, g < BatchNumber, (g++)]): null

2018-05-22 15:40:37 - [TEST_STEP][PASSED] - selectOptionByIndex: All options with index in [1] are selected on object 'Object Repository/lab/Page_Store/select_--Select--BA50'

2018-05-22 15:40:37 - [MESSAGE][PASSED] - All options with index in [1] are selected on object 'Object Repository/lab/Page_Store/select_--Select--BA50'

2018-05-22 15:40:37 - [TEST_STEP][PASSED] - Statement - Try: null

2018-05-22 15:40:37 - [TEST_STEP][PASSED] - Statement - StockQty = com.kms.katalon.core.webui.keyword.WebUiBuiltInKeywords.getAttribute(com.kms.katalon.core.testobject.ObjectRepository.findTestObject(lab/Page_Store/input_txtprice), "value"): Attribute 'value' of object 'Object Repository/lab/Page_Store/input_txtprice' is: '210'

2018-05-22 15:40:37 - [MESSAGE][PASSED] - Attribute 'value' of object 'Object Repository/lab/Page_Store/input_txtprice' is: '210'

2018-05-22 15:40:37 - [TEST_STEP][PASSED] - Statement - out.println("Stock QTY : " + StockQty): null

2018-05-22 15:40:37 - [TEST_STEP][PASSED] - delay: Delayed 2 second(s)

2018-05-22 15:40:39 - [MESSAGE][PASSED] - Delayed 2 second(s)

2018-05-22 15:40:39 - [TEST_STEP][PASSED] - Statement - If (java.lang.Integer.valueOf(StockQty) >= java.lang.Integer.valueOf(RequestedQty)): null

2018-05-22 15:40:39 - [TEST_STEP][PASSED] - setText: Text '10' is set on object 'Object Repository/lab/Page_Store/input_txtqty'

2018-05-22 15:40:39 - [MESSAGE][PASSED] - Text '10' is set on object 'Object Repository/lab/Page_Store/input_txtqty'

2018-05-22 15:40:39 - [TEST_STEP][PASSED] - click: Object: 'Object Repository/lab/Page_Store/button_Add' is clicked on

2018-05-22 15:40:40 - [MESSAGE][PASSED] - Object: 'Object Repository/lab/Page_Store/button_Add' is clicked on

2018-05-22 15:40:40 - [TEST_STEP][PASSED] - Statement - Break: null

2018-05-22 15:40:40 - [TEST_STEP][PASSED] - selectOptionByIndex: All options with index in [3] are selected on object 'Object Repository/lab/Page_Store/select_--Select--E.C.G. Jelly'

2018-05-22 15:40:40 - [MESSAGE][PASSED] - All options with index in [3] are selected on object 'Object Repository/lab/Page_Store/select_--Select--E.C.G. Jelly'

2018-05-22 15:40:40 - [TEST_STEP][PASSED] - delay: Delayed 2 second(s)

2018-05-22 15:40:42 - [MESSAGE][PASSED] - Delayed 2 second(s)

2018-05-22 15:40:42 - [TEST_STEP][PASSED] - Statement - RequestedQty = com.kms.katalon.core.webui.keyword.WebUiBuiltInKeywords.getAttribute(com.kms.katalon.core.testobject.ObjectRepository.findTestObject(lab/Page_Store/input_txttotal), "value"): Attribute 'value' of object 'Object Repository/lab/Page_Store/input_txttotal' is: '10'

2018-05-22 15:40:42 - [MESSAGE][PASSED] - Attribute 'value' of object 'Object Repository/lab/Page_Store/input_txttotal' is: '10'

2018-05-22 15:40:42 - [TEST_STEP][PASSED] - Statement - out.println("Requested QTY : " + RequestedQty): null

2018-05-22 15:40:42 - [TEST_STEP][PASSED] - Statement - BatchNumber = com.kms.katalon.core.webui.keyword.WebUiBuiltInKeywords.getNumberOfTotalOption(com.kms.katalon.core.testobject.ObjectRepository.findTestObject(lab/Page_Store/select_--Select--BA50)): 5 options of object 'Object Repository/lab/Page_Store/select_--Select--BA50' counted

2018-05-22 15:40:42 - [MESSAGE][PASSED] - 5 options of object 'Object Repository/lab/Page_Store/select_--Select--BA50' counted

2018-05-22 15:40:42 - [TEST_STEP][PASSED] - Statement - For ([g = 1, g < BatchNumber, (g++)]): null

2018-05-22 15:40:42 - [TEST_STEP][PASSED] - selectOptionByIndex: All options with index in [1] are selected on object 'Object Repository/lab/Page_Store/select_--Select--BA50'

2018-05-22 15:40:42 - [MESSAGE][PASSED] - All options with index in [1] are selected on object 'Object Repository/lab/Page_Store/select_--Select--BA50'

2018-05-22 15:40:42 - [TEST_STEP][PASSED] - Statement - Try: null

2018-05-22 15:40:42 - [TEST_STEP][PASSED] - Statement - StockQty = com.kms.katalon.core.webui.keyword.WebUiBuiltInKeywords.getAttribute(com.kms.katalon.core.testobject.ObjectRepository.findTestObject(lab/Page_Store/input_txtprice), "value"): Attribute 'value' of object 'Object Repository/lab/Page_Store/input_txtprice' is: '180'

2018-05-22 15:40:42 - [MESSAGE][PASSED] - Attribute 'value' of object 'Object Repository/lab/Page_Store/input_txtprice' is: '180'

2018-05-22 15:40:42 - [TEST_STEP][PASSED] - Statement - out.println("Stock QTY : " + StockQty): null

2018-05-22 15:40:42 - [TEST_STEP][PASSED] - delay: Delayed 2 second(s)

2018-05-22 15:40:44 - [MESSAGE][PASSED] - Delayed 2 second(s)

2018-05-22 15:40:44 - [TEST_STEP][PASSED] - Statement - If (java.lang.Integer.valueOf(StockQty) >= java.lang.Integer.valueOf(RequestedQty)): null

2018-05-22 15:40:44 - [TEST_STEP][PASSED] - setText: Text '10' is set on object 'Object Repository/lab/Page_Store/input_txtqty'

2018-05-22 15:40:44 - [MESSAGE][PASSED] - Text '10' is set on object 'Object Repository/lab/Page_Store/input_txtqty'

2018-05-22 15:40:44 - [TEST_STEP][PASSED] - click: Object: 'Object Repository/lab/Page_Store/button_Add' is clicked on

2018-05-22 15:40:44 - [MESSAGE][PASSED] - Object: 'Object Repository/lab/Page_Store/button_Add' is clicked on

2018-05-22 15:40:44 - [TEST_STEP][PASSED] - Statement - Break: null

2018-05-22 15:40:44 - [TEST_STEP][PASSED] - selectOptionByIndex: All options with index in [4] are selected on object 'Object Repository/lab/Page_Store/select_--Select--E.C.G. Jelly'

2018-05-22 15:40:44 - [MESSAGE][PASSED] - All options with index in [4] are selected on object 'Object Repository/lab/Page_Store/select_--Select--E.C.G. Jelly'

2018-05-22 15:40:44 - [TEST_STEP][PASSED] - delay: Delayed 2 second(s)

2018-05-22 15:40:46 - [MESSAGE][PASSED] - Delayed 2 second(s)

2018-05-22 15:40:46 - [TEST_STEP][PASSED] - Statement - RequestedQty = com.kms.katalon.core.webui.keyword.WebUiBuiltInKeywords.getAttribute(com.kms.katalon.core.testobject.ObjectRepository.findTestObject(lab/Page_Store/input_txttotal), "value"): Attribute 'value' of object 'Object Repository/lab/Page_Store/input_txttotal' is: '10'

2018-05-22 15:40:46 - [MESSAGE][PASSED] - Attribute 'value' of object 'Object Repository/lab/Page_Store/input_txttotal' is: '10'

2018-05-22 15:40:46 - [TEST_STEP][PASSED] - Statement - out.println("Requested QTY : " + RequestedQty): null

2018-05-22 15:40:46 - [TEST_STEP][PASSED] - Statement - BatchNumber = com.kms.katalon.core.webui.keyword.WebUiBuiltInKeywords.getNumberOfTotalOption(com.kms.katalon.core.testobject.ObjectRepository.findTestObject(lab/Page_Store/select_--Select--BA50)): 3 options of object 'Object Repository/lab/Page_Store/select_--Select--BA50' counted

2018-05-22 15:40:46 - [MESSAGE][PASSED] - 3 options of object 'Object Repository/lab/Page_Store/select_--Select--BA50' counted

2018-05-22 15:40:46 - [TEST_STEP][PASSED] - Statement - For ([g = 1, g < BatchNumber, (g++)]): null

2018-05-22 15:40:46 - [TEST_STEP][PASSED] - selectOptionByIndex: All options with index in [1] are selected on object 'Object Repository/lab/Page_Store/select_--Select--BA50'

2018-05-22 15:40:47 - [MESSAGE][PASSED] - All options with index in [1] are selected on object 'Object Repository/lab/Page_Store/select_--Select--BA50'

2018-05-22 15:40:47 - [TEST_STEP][PASSED] - Statement - Try: null

2018-05-22 15:40:47 - [TEST_STEP][PASSED] - Statement - StockQty = com.kms.katalon.core.webui.keyword.WebUiBuiltInKeywords.getAttribute(com.kms.katalon.core.testobject.ObjectRepository.findTestObject(lab/Page_Store/input_txtprice), "value"): Attribute 'value' of object 'Object Repository/lab/Page_Store/input_txtprice' is: '180'

2018-05-22 15:40:47 - [MESSAGE][PASSED] - Attribute 'value' of object 'Object Repository/lab/Page_Store/input_txtprice' is: '180'

2018-05-22 15:40:47 - [TEST_STEP][PASSED] - Statement - out.println("Stock QTY : " + StockQty): null

2018-05-22 15:40:47 - [TEST_STEP][PASSED] - delay: Delayed 2 second(s)

2018-05-22 15:40:49 - [MESSAGE][PASSED] - Delayed 2 second(s)

2018-05-22 15:40:49 - [TEST_STEP][PASSED] - Statement - If (java.lang.Integer.valueOf(StockQty) >= java.lang.Integer.valueOf(RequestedQty)): null

2018-05-22 15:40:49 - [TEST_STEP][PASSED] - setText: Text '10' is set on object 'Object Repository/lab/Page_Store/input_txtqty'

2018-05-22 15:40:49 - [MESSAGE][PASSED] - Text '10' is set on object 'Object Repository/lab/Page_Store/input_txtqty'

2018-05-22 15:40:49 - [TEST_STEP][PASSED] - click: Object: 'Object Repository/lab/Page_Store/button_Add' is clicked on

2018-05-22 15:40:49 - [MESSAGE][PASSED] - Object: 'Object Repository/lab/Page_Store/button_Add' is clicked on

2018-05-22 15:40:49 - [TEST_STEP][PASSED] - Statement - Break: null

2018-05-22 15:40:49 - [TEST_STEP][PASSED] - selectOptionByIndex: All options with index in [5] are selected on object 'Object Repository/lab/Page_Store/select_--Select--E.C.G. Jelly'

2018-05-22 15:40:49 - [MESSAGE][PASSED] - All options with index in [5] are selected on object 'Object Repository/lab/Page_Store/select_--Select--E.C.G. Jelly'

2018-05-22 15:40:49 - [TEST_STEP][PASSED] - delay: Delayed 2 second(s)

2018-05-22 15:40:51 - [MESSAGE][PASSED] - Delayed 2 second(s)

2018-05-22 15:40:51 - [TEST_STEP][PASSED] - Statement - RequestedQty = com.kms.katalon.core.webui.keyword.WebUiBuiltInKeywords.getAttribute(com.kms.katalon.core.testobject.ObjectRepository.findTestObject(lab/Page_Store/input_txttotal), "value"): Attribute 'value' of object 'Object Repository/lab/Page_Store/input_txttotal' is: '10'

2018-05-22 15:40:51 - [MESSAGE][PASSED] - Attribute 'value' of object 'Object Repository/lab/Page_Store/input_txttotal' is: '10'

2018-05-22 15:40:51 - [TEST_STEP][PASSED] - Statement - out.println("Requested QTY : " + RequestedQty): null

2018-05-22 15:40:51 - [TEST_STEP][PASSED] - Statement - BatchNumber = com.kms.katalon.core.webui.keyword.WebUiBuiltInKeywords.getNumberOfTotalOption(com.kms.katalon.core.testobject.ObjectRepository.findTestObject(lab/Page_Store/select_--Select--BA50)): 3 options of object 'Object Repository/lab/Page_Store/select_--Select--BA50' counted

2018-05-22 15:40:51 - [MESSAGE][PASSED] - 3 options of object 'Object Repository/lab/Page_Store/select_--Select--BA50' counted

2018-05-22 15:40:51 - [TEST_STEP][PASSED] - Statement - For ([g = 1, g < BatchNumber, (g++)]): null

2018-05-22 15:40:51 - [TEST_STEP][PASSED] - selectOptionByIndex: All options with index in [1] are selected on object 'Object Repository/lab/Page_Store/select_--Select--BA50'

2018-05-22 15:40:51 - [MESSAGE][PASSED] - All options with index in [1] are selected on object 'Object Repository/lab/Page_Store/select_--Select--BA50'

2018-05-22 15:40:51 - [TEST_STEP][PASSED] - Statement - Try: null

2018-05-22 15:40:51 - [TEST_STEP][PASSED] - Statement - StockQty = com.kms.katalon.core.webui.keyword.WebUiBuiltInKeywords.getAttribute(com.kms.katalon.core.testobject.ObjectRepository.findTestObject(lab/Page_Store/input_txtprice), "value"): Attribute 'value' of object 'Object Repository/lab/Page_Store/input_txtprice' is: '1200'

2018-05-22 15:40:51 - [MESSAGE][PASSED] - Attribute 'value' of object 'Object Repository/lab/Page_Store/input_txtprice' is: '1200'

2018-05-22 15:40:51 - [TEST_STEP][PASSED] - Statement - out.println("Stock QTY : " + StockQty): null

2018-05-22 15:40:51 - [TEST_STEP][PASSED] - delay: Delayed 2 second(s)

2018-05-22 15:40:53 - [MESSAGE][PASSED] - Delayed 2 second(s)

2018-05-22 15:40:53 - [TEST_STEP][PASSED] - Statement - If (java.lang.Integer.valueOf(StockQty) >= java.lang.Integer.valueOf(RequestedQty)): null

2018-05-22 15:40:53 - [TEST_STEP][PASSED] - setText: Text '10' is set on object 'Object Repository/lab/Page_Store/input_txtqty'

2018-05-22 15:40:53 - [MESSAGE][PASSED] - Text '10' is set on object 'Object Repository/lab/Page_Store/input_txtqty'

2018-05-22 15:40:53 - [TEST_STEP][PASSED] - click: Object: 'Object Repository/lab/Page_Store/button_Add' is clicked on

2018-05-22 15:40:53 - [MESSAGE][PASSED] - Object: 'Object Repository/lab/Page_Store/button_Add' is clicked on

2018-05-22 15:40:53 - [TEST_STEP][PASSED] - Statement - Break: null

2018-05-22 15:40:53 - [TEST_STEP][PASSED] - selectOptionByIndex: All options with index in [6] are selected on object 'Object Repository/lab/Page_Store/select_--Select--E.C.G. Jelly'

2018-05-22 15:40:54 - [MESSAGE][PASSED] - All options with index in [6] are selected on object 'Object Repository/lab/Page_Store/select_--Select--E.C.G. Jelly'

2018-05-22 15:40:54 - [TEST_STEP][PASSED] - delay: Delayed 2 second(s)

2018-05-22 15:40:56 - [MESSAGE][PASSED] - Delayed 2 second(s)

2018-05-22 15:40:56 - [TEST_STEP][PASSED] - Statement - RequestedQty = com.kms.katalon.core.webui.keyword.WebUiBuiltInKeywords.getAttribute(com.kms.katalon.core.testobject.ObjectRepository.findTestObject(lab/Page_Store/input_txttotal), "value"): Attribute 'value' of object 'Object Repository/lab/Page_Store/input_txttotal' is: '10'

2018-05-22 15:40:56 - [MESSAGE][PASSED] - Attribute 'value' of object 'Object Repository/lab/Page_Store/input_txttotal' is: '10'

2018-05-22 15:40:56 - [TEST_STEP][PASSED] - Statement - out.println("Requested QTY : " + RequestedQty): null

2018-05-22 15:40:56 - [TEST_STEP][PASSED] - Statement - BatchNumber = com.kms.katalon.core.webui.keyword.WebUiBuiltInKeywords.getNumberOfTotalOption(com.kms.katalon.core.testobject.ObjectRepository.findTestObject(lab/Page_Store/select_--Select--BA50)): 3 options of object 'Object Repository/lab/Page_Store/select_--Select--BA50' counted

2018-05-22 15:40:56 - [MESSAGE][PASSED] - 3 options of object 'Object Repository/lab/Page_Store/select_--Select--BA50' counted

2018-05-22 15:40:56 - [TEST_STEP][PASSED] - Statement - For ([g = 1, g < BatchNumber, (g++)]): null

2018-05-22 15:40:56 - [TEST_STEP][PASSED] - selectOptionByIndex: All options with index in [1] are selected on object 'Object Repository/lab/Page_Store/select_--Select--BA50'

2018-05-22 15:40:56 - [MESSAGE][PASSED] - All options with index in [1] are selected on object 'Object Repository/lab/Page_Store/select_--Select--BA50'

2018-05-22 15:40:56 - [TEST_STEP][PASSED] - Statement - Try: null

2018-05-22 15:40:56 - [TEST_STEP][PASSED] - Statement - StockQty = com.kms.katalon.core.webui.keyword.WebUiBuiltInKeywords.getAttribute(com.kms.katalon.core.testobject.ObjectRepository.findTestObject(lab/Page_Store/input_txtprice), "value"): Attribute 'value' of object 'Object Repository/lab/Page_Store/input_txtprice' is: '1210'

2018-05-22 15:40:56 - [MESSAGE][PASSED] - Attribute 'value' of object 'Object Repository/lab/Page_Store/input_txtprice' is: '1210'

2018-05-22 15:40:56 - [TEST_STEP][PASSED] - Statement - out.println("Stock QTY : " + StockQty): null

2018-05-22 15:40:56 - [TEST_STEP][PASSED] - delay: Delayed 2 second(s)

2018-05-22 15:40:58 - [MESSAGE][PASSED] - Delayed 2 second(s)

2018-05-22 15:40:58 - [TEST_STEP][PASSED] - Statement - If (java.lang.Integer.valueOf(StockQty) >= java.lang.Integer.valueOf(RequestedQty)): null

2018-05-22 15:40:58 - [TEST_STEP][PASSED] - setText: Text '10' is set on object 'Object Repository/lab/Page_Store/input_txtqty'

2018-05-22 15:40:58 - [MESSAGE][PASSED] - Text '10' is set on object 'Object Repository/lab/Page_Store/input_txtqty'

2018-05-22 15:40:58 - [TEST_STEP][PASSED] - click: Object: 'Object Repository/lab/Page_Store/button_Add' is clicked on

2018-05-22 15:40:58 - [MESSAGE][PASSED] - Object: 'Object Repository/lab/Page_Store/button_Add' is clicked on

2018-05-22 15:40:58 - [TEST_STEP][PASSED] - Statement - Break: null

2018-05-22 15:40:58 - [TEST_STEP][PASSED] - selectOptionByIndex: All options with index in [7] are selected on object 'Object Repository/lab/Page_Store/select_--Select--E.C.G. Jelly'

2018-05-22 15:40:58 - [MESSAGE][PASSED] - All options with index in [7] are selected on object 'Object Repository/lab/Page_Store/select_--Select--E.C.G. Jelly'

2018-05-22 15:40:58 - [TEST_STEP][PASSED] - delay: Delayed 2 second(s)

2018-05-22 15:41:00 - [MESSAGE][PASSED] - Delayed 2 second(s)

2018-05-22 15:41:00 - [TEST_STEP][PASSED] - Statement - RequestedQty = com.kms.katalon.core.webui.keyword.WebUiBuiltInKeywords.getAttribute(com.kms.katalon.core.testobject.ObjectRepository.findTestObject(lab/Page_Store/input_txttotal), "value"): Attribute 'value' of object 'Object Repository/lab/Page_Store/input_txttotal' is: '10'

2018-05-22 15:41:00 - [MESSAGE][PASSED] - Attribute 'value' of object 'Object Repository/lab/Page_Store/input_txttotal' is: '10'

2018-05-22 15:41:00 - [TEST_STEP][PASSED] - Statement - out.println("Requested QTY : " + RequestedQty): null

2018-05-22 15:41:00 - [TEST_STEP][PASSED] - Statement - BatchNumber = com.kms.katalon.core.webui.keyword.WebUiBuiltInKeywords.getNumberOfTotalOption(com.kms.katalon.core.testobject.ObjectRepository.findTestObject(lab/Page_Store/select_--Select--BA50)): 3 options of object 'Object Repository/lab/Page_Store/select_--Select--BA50' counted

2018-05-22 15:41:00 - [MESSAGE][PASSED] - 3 options of object 'Object Repository/lab/Page_Store/select_--Select--BA50' counted

2018-05-22 15:41:00 - [TEST_STEP][PASSED] - Statement - For ([g = 1, g < BatchNumber, (g++)]): null

2018-05-22 15:41:00 - [TEST_STEP][PASSED] - selectOptionByIndex: All options with index in [1] are selected on object 'Object Repository/lab/Page_Store/select_--Select--BA50'

2018-05-22 15:41:00 - [MESSAGE][PASSED] - All options with index in [1] are selected on object 'Object Repository/lab/Page_Store/select_--Select--BA50'

2018-05-22 15:41:00 - [TEST_STEP][PASSED] - Statement - Try: null

2018-05-22 15:41:00 - [TEST_STEP][PASSED] - Statement - StockQty = com.kms.katalon.core.webui.keyword.WebUiBuiltInKeywords.getAttribute(com.kms.katalon.core.testobject.ObjectRepository.findTestObject(lab/Page_Store/input_txtprice), "value"): Attribute 'value' of object 'Object Repository/lab/Page_Store/input_txtprice' is: '1110'

2018-05-22 15:41:00 - [MESSAGE][PASSED] - Attribute 'value' of object 'Object Repository/lab/Page_Store/input_txtprice' is: '1110'

2018-05-22 15:41:00 - [TEST_STEP][PASSED] - Statement - out.println("Stock QTY : " + StockQty): null

2018-05-22 15:41:00 - [TEST_STEP][PASSED] - delay: Delayed 2 second(s)

2018-05-22 15:41:02 - [MESSAGE][PASSED] - Delayed 2 second(s)

2018-05-22 15:41:02 - [TEST_STEP][PASSED] - Statement - If (java.lang.Integer.valueOf(StockQty) >= java.lang.Integer.valueOf(RequestedQty)): null

2018-05-22 15:41:02 - [TEST_STEP][PASSED] - setText: Text '10' is set on object 'Object Repository/lab/Page_Store/input_txtqty'

2018-05-22 15:41:03 - [MESSAGE][PASSED] - Text '10' is set on object 'Object Repository/lab/Page_Store/input_txtqty'

2018-05-22 15:41:03 - [TEST_STEP][PASSED] - click: Object: 'Object Repository/lab/Page_Store/button_Add' is clicked on

2018-05-22 15:41:03 - [MESSAGE][PASSED] - Object: 'Object Repository/lab/Page_Store/button_Add' is clicked on

2018-05-22 15:41:03 - [TEST_STEP][PASSED] - Statement - Break: null

2018-05-22 15:41:03 - [TEST_STEP][PASSED] - selectOptionByIndex: All options with index in [8] are selected on object 'Object Repository/lab/Page_Store/select_--Select--E.C.G. Jelly'

2018-05-22 15:41:03 - [MESSAGE][PASSED] - All options with index in [8] are selected on object 'Object Repository/lab/Page_Store/select_--Select--E.C.G. Jelly'

2018-05-22 15:41:03 - [TEST_STEP][PASSED] - delay: Delayed 2 second(s)

2018-05-22 15:41:05 - [MESSAGE][PASSED] - Delayed 2 second(s)

2018-05-22 15:41:05 - [TEST_STEP][PASSED] - Statement - RequestedQty = com.kms.katalon.core.webui.keyword.WebUiBuiltInKeywords.getAttribute(com.kms.katalon.core.testobject.ObjectRepository.findTestObject(lab/Page_Store/input_txttotal), "value"): Attribute 'value' of object 'Object Repository/lab/Page_Store/input_txttotal' is: '10'

2018-05-22 15:41:05 - [MESSAGE][PASSED] - Attribute 'value' of object 'Object Repository/lab/Page_Store/input_txttotal' is: '10'

2018-05-22 15:41:05 - [TEST_STEP][PASSED] - Statement - out.println("Requested QTY : " + RequestedQty): null

2018-05-22 15:41:05 - [TEST_STEP][PASSED] - Statement - BatchNumber = com.kms.katalon.core.webui.keyword.WebUiBuiltInKeywords.getNumberOfTotalOption(com.kms.katalon.core.testobject.ObjectRepository.findTestObject(lab/Page_Store/select_--Select--BA50)): 2 options of object 'Object Repository/lab/Page_Store/select_--Select--BA50' counted

2018-05-22 15:41:05 - [MESSAGE][PASSED] - 2 options of object 'Object Repository/lab/Page_Store/select_--Select--BA50' counted

2018-05-22 15:41:05 - [TEST_STEP][PASSED] - Statement - For ([g = 1, g < BatchNumber, (g++)]): null

2018-05-22 15:41:05 - [TEST_STEP][PASSED] - selectOptionByIndex: All options with index in [1] are selected on object 'Object Repository/lab/Page_Store/select_--Select--BA50'

2018-05-22 15:41:05 - [MESSAGE][PASSED] - All options with index in [1] are selected on object 'Object Repository/lab/Page_Store/select_--Select--BA50'

2018-05-22 15:41:05 - [TEST_STEP][PASSED] - Statement - Try: null

2018-05-22 15:41:05 - [TEST_STEP][PASSED] - Statement - StockQty = com.kms.katalon.core.webui.keyword.WebUiBuiltInKeywords.getAttribute(com.kms.katalon.core.testobject.ObjectRepository.findTestObject(lab/Page_Store/input_txtprice), "value"): Attribute 'value' of object 'Object Repository/lab/Page_Store/input_txtprice' is: '1210'

2018-05-22 15:41:05 - [MESSAGE][PASSED] - Attribute 'value' of object 'Object Repository/lab/Page_Store/input_txtprice' is: '1210'

2018-05-22 15:41:05 - [TEST_STEP][PASSED] - Statement - out.println("Stock QTY : " + StockQty): null

2018-05-22 15:41:05 - [TEST_STEP][PASSED] - delay: Delayed 2 second(s)

2018-05-22 15:41:07 - [MESSAGE][PASSED] - Delayed 2 second(s)

2018-05-22 15:41:07 - [TEST_STEP][PASSED] - Statement - If (java.lang.Integer.valueOf(StockQty) >= java.lang.Integer.valueOf(RequestedQty)): null

2018-05-22 15:41:07 - [TEST_STEP][PASSED] - setText: Text '10' is set on object 'Object Repository/lab/Page_Store/input_txtqty'

2018-05-22 15:41:07 - [MESSAGE][PASSED] - Text '10' is set on object 'Object Repository/lab/Page_Store/input_txtqty'

2018-05-22 15:41:07 - [TEST_STEP][PASSED] - click: Object: 'Object Repository/lab/Page_Store/button_Add' is clicked on

2018-05-22 15:41:07 - [MESSAGE][PASSED] - Object: 'Object Repository/lab/Page_Store/button_Add' is clicked on

2018-05-22 15:41:07 - [TEST_STEP][PASSED] - Statement - Break: null

2018-05-22 15:41:07 - [TEST_STEP][PASSED] - selectOptionByIndex: All options with index in [9] are selected on object 'Object Repository/lab/Page_Store/select_--Select--E.C.G. Jelly'

2018-05-22 15:41:07 - [MESSAGE][PASSED] - All options with index in [9] are selected on object 'Object Repository/lab/Page_Store/select_--Select--E.C.G. Jelly'

2018-05-22 15:41:07 - [TEST_STEP][PASSED] - delay: Delayed 2 second(s)

2018-05-22 15:41:09 - [MESSAGE][PASSED] - Delayed 2 second(s)

2018-05-22 15:41:09 - [TEST_STEP][PASSED] - Statement - RequestedQty = com.kms.katalon.core.webui.keyword.WebUiBuiltInKeywords.getAttribute(com.kms.katalon.core.testobject.ObjectRepository.findTestObject(lab/Page_Store/input_txttotal), "value"): Attribute 'value' of object 'Object Repository/lab/Page_Store/input_txttotal' is: '10'

2018-05-22 15:41:10 - [MESSAGE][PASSED] - Attribute 'value' of object 'Object Repository/lab/Page_Store/input_txttotal' is: '10'

2018-05-22 15:41:10 - [TEST_STEP][PASSED] - Statement - out.println("Requested QTY : " + RequestedQty): null

2018-05-22 15:41:10 - [TEST_STEP][PASSED] - Statement - BatchNumber = com.kms.katalon.core.webui.keyword.WebUiBuiltInKeywords.getNumberOfTotalOption(com.kms.katalon.core.testobject.ObjectRepository.findTestObject(lab/Page_Store/select_--Select--BA50)): 4 options of object 'Object Repository/lab/Page_Store/select_--Select--BA50' counted

2018-05-22 15:41:10 - [MESSAGE][PASSED] - 4 options of object 'Object Repository/lab/Page_Store/select_--Select--BA50' counted

2018-05-22 15:41:10 - [TEST_STEP][PASSED] - Statement - For ([g = 1, g < BatchNumber, (g++)]): null

2018-05-22 15:41:10 - [TEST_STEP][PASSED] - selectOptionByIndex: All options with index in [1] are selected on object 'Object Repository/lab/Page_Store/select_--Select--BA50'

2018-05-22 15:41:10 - [MESSAGE][PASSED] - All options with index in [1] are selected on object 'Object Repository/lab/Page_Store/select_--Select--BA50'

2018-05-22 15:41:10 - [TEST_STEP][PASSED] - Statement - Try: null

2018-05-22 15:41:10 - [TEST_STEP][PASSED] - Statement - StockQty = com.kms.katalon.core.webui.keyword.WebUiBuiltInKeywords.getAttribute(com.kms.katalon.core.testobject.ObjectRepository.findTestObject(lab/Page_Store/input_txtprice), "value"): Attribute 'value' of object 'Object Repository/lab/Page_Store/input_txtprice' is: '1110'

2018-05-22 15:41:10 - [MESSAGE][PASSED] - Attribute 'value' of object 'Object Repository/lab/Page_Store/input_txtprice' is: '1110'

2018-05-22 15:41:10 - [TEST_STEP][PASSED] - Statement - out.println("Stock QTY : " + StockQty): null

2018-05-22 15:41:10 - [TEST_STEP][PASSED] - delay: Delayed 2 second(s)

2018-05-22 15:41:12 - [MESSAGE][PASSED] - Delayed 2 second(s)

2018-05-22 15:41:12 - [TEST_STEP][PASSED] - Statement - If (java.lang.Integer.valueOf(StockQty) >= java.lang.Integer.valueOf(RequestedQty)): null

2018-05-22 15:41:12 - [TEST_STEP][PASSED] - setText: Text '10' is set on object 'Object Repository/lab/Page_Store/input_txtqty'

2018-05-22 15:41:12 - [MESSAGE][PASSED] - Text '10' is set on object 'Object Repository/lab/Page_Store/input_txtqty'

2018-05-22 15:41:12 - [TEST_STEP][PASSED] - click: Object: 'Object Repository/lab/Page_Store/button_Add' is clicked on

2018-05-22 15:41:12 - [MESSAGE][PASSED] - Object: 'Object Repository/lab/Page_Store/button_Add' is clicked on

2018-05-22 15:41:12 - [TEST_STEP][PASSED] - Statement - Break: null

2018-05-22 15:41:12 - [TEST_STEP][PASSED] - selectOptionByIndex: All options with index in [10] are selected on object 'Object Repository/lab/Page_Store/select_--Select--E.C.G. Jelly'

2018-05-22 15:41:12 - [MESSAGE][PASSED] - All options with index in [10] are selected on object 'Object Repository/lab/Page_Store/select_--Select--E.C.G. Jelly'

2018-05-22 15:41:12 - [TEST_STEP][PASSED] - delay: Delayed 2 second(s)

2018-05-22 15:41:14 - [MESSAGE][PASSED] - Delayed 2 second(s)

2018-05-22 15:41:14 - [TEST_STEP][PASSED] - Statement - RequestedQty = com.kms.katalon.core.webui.keyword.WebUiBuiltInKeywords.getAttribute(com.kms.katalon.core.testobject.ObjectRepository.findTestObject(lab/Page_Store/input_txttotal), "value"): Attribute 'value' of object 'Object Repository/lab/Page_Store/input_txttotal' is: '10'

2018-05-22 15:41:14 - [MESSAGE][PASSED] - Attribute 'value' of object 'Object Repository/lab/Page_Store/input_txttotal' is: '10'

2018-05-22 15:41:14 - [TEST_STEP][PASSED] - Statement - out.println("Requested QTY : " + RequestedQty): null

2018-05-22 15:41:14 - [TEST_STEP][PASSED] - Statement - BatchNumber = com.kms.katalon.core.webui.keyword.WebUiBuiltInKeywords.getNumberOfTotalOption(com.kms.katalon.core.testobject.ObjectRepository.findTestObject(lab/Page_Store/select_--Select--BA50)): 4 options of object 'Object Repository/lab/Page_Store/select_--Select--BA50' counted

2018-05-22 15:41:14 - [MESSAGE][PASSED] - 4 options of object 'Object Repository/lab/Page_Store/select_--Select--BA50' counted

2018-05-22 15:41:14 - [TEST_STEP][PASSED] - Statement - For ([g = 1, g < BatchNumber, (g++)]): null

2018-05-22 15:41:14 - [TEST_STEP][PASSED] - selectOptionByIndex: All options with index in [1] are selected on object 'Object Repository/lab/Page_Store/select_--Select--BA50'

2018-05-22 15:41:14 - [MESSAGE][PASSED] - All options with index in [1] are selected on object 'Object Repository/lab/Page_Store/select_--Select--BA50'

2018-05-22 15:41:14 - [TEST_STEP][PASSED] - Statement - Try: null

2018-05-22 15:41:14 - [TEST_STEP][PASSED] - Statement - StockQty = com.kms.katalon.core.webui.keyword.WebUiBuiltInKeywords.getAttribute(com.kms.katalon.core.testobject.ObjectRepository.findTestObject(lab/Page_Store/input_txtprice), "value"): Attribute 'value' of object 'Object Repository/lab/Page_Store/input_txtprice' is: '10'

2018-05-22 15:41:14 - [MESSAGE][PASSED] - Attribute 'value' of object 'Object Repository/lab/Page_Store/input_txtprice' is: '10'

2018-05-22 15:41:14 - [TEST_STEP][PASSED] - Statement - out.println("Stock QTY : " + StockQty): null

2018-05-22 15:41:14 - [TEST_STEP][PASSED] - delay: Delayed 2 second(s)

2018-05-22 15:41:16 - [MESSAGE][PASSED] - Delayed 2 second(s)

2018-05-22 15:41:16 - [TEST_STEP][PASSED] - Statement - If (java.lang.Integer.valueOf(StockQty) >= java.lang.Integer.valueOf(RequestedQty)): null

2018-05-22 15:41:16 - [TEST_STEP][PASSED] - setText: Text '10' is set on object 'Object Repository/lab/Page_Store/input_txtqty'

2018-05-22 15:41:17 - [MESSAGE][PASSED] - Text '10' is set on object 'Object Repository/lab/Page_Store/input_txtqty'

2018-05-22 15:41:17 - [TEST_STEP][PASSED] - click: Object: 'Object Repository/lab/Page_Store/button_Add' is clicked on

2018-05-22 15:41:17 - [MESSAGE][PASSED] - Object: 'Object Repository/lab/Page_Store/button_Add' is clicked on

2018-05-22 15:41:17 - [TEST_STEP][PASSED] - Statement - Break: null

2018-05-22 15:41:17 - [TEST_STEP][PASSED] - selectOptionByIndex: All options with index in [11] are selected on object 'Object Repository/lab/Page_Store/select_--Select--E.C.G. Jelly'

2018-05-22 15:41:17 - [MESSAGE][PASSED] - All options with index in [11] are selected on object 'Object Repository/lab/Page_Store/select_--Select--E.C.G. Jelly'

2018-05-22 15:41:17 - [TEST_STEP][PASSED] - delay: Delayed 2 second(s)

2018-05-22 15:41:19 - [MESSAGE][PASSED] - Delayed 2 second(s)

2018-05-22 15:41:19 - [TEST_STEP][PASSED] - Statement - RequestedQty = com.kms.katalon.core.webui.keyword.WebUiBuiltInKeywords.getAttribute(com.kms.katalon.core.testobject.ObjectRepository.findTestObject(lab/Page_Store/input_txttotal), "value"): Attribute 'value' of object 'Object Repository/lab/Page_Store/input_txttotal' is: '10'

2018-05-22 15:41:19 - [MESSAGE][PASSED] - Attribute 'value' of object 'Object Repository/lab/Page_Store/input_txttotal' is: '10'

2018-05-22 15:41:19 - [TEST_STEP][PASSED] - Statement - out.println("Requested QTY : " + RequestedQty): null

2018-05-22 15:41:19 - [TEST_STEP][PASSED] - Statement - BatchNumber = com.kms.katalon.core.webui.keyword.WebUiBuiltInKeywords.getNumberOfTotalOption(com.kms.katalon.core.testobject.ObjectRepository.findTestObject(lab/Page_Store/select_--Select--BA50)): 4 options of object 'Object Repository/lab/Page_Store/select_--Select--BA50' counted

2018-05-22 15:41:19 - [MESSAGE][PASSED] - 4 options of object 'Object Repository/lab/Page_Store/select_--Select--BA50' counted

2018-05-22 15:41:19 - [TEST_STEP][PASSED] - Statement - For ([g = 1, g < BatchNumber, (g++)]): null

2018-05-22 15:41:19 - [TEST_STEP][PASSED] - selectOptionByIndex: All options with index in [1] are selected on object 'Object Repository/lab/Page_Store/select_--Select--BA50'

2018-05-22 15:41:19 - [MESSAGE][PASSED] - All options with index in [1] are selected on object 'Object Repository/lab/Page_Store/select_--Select--BA50'

2018-05-22 15:41:19 - [TEST_STEP][PASSED] - Statement - Try: null

2018-05-22 15:41:19 - [TEST_STEP][PASSED] - Statement - StockQty = com.kms.katalon.core.webui.keyword.WebUiBuiltInKeywords.getAttribute(com.kms.katalon.core.testobject.ObjectRepository.findTestObject(lab/Page_Store/input_txtprice), "value"): Attribute 'value' of object 'Object Repository/lab/Page_Store/input_txtprice' is: '10'

2018-05-22 15:41:19 - [MESSAGE][PASSED] - Attribute 'value' of object 'Object Repository/lab/Page_Store/input_txtprice' is: '10'

2018-05-22 15:41:19 - [TEST_STEP][PASSED] - Statement - out.println("Stock QTY : " + StockQty): null

2018-05-22 15:41:19 - [TEST_STEP][PASSED] - delay: Delayed 2 second(s)

2018-05-22 15:41:21 - [MESSAGE][PASSED] - Delayed 2 second(s)

2018-05-22 15:41:21 - [TEST_STEP][PASSED] - Statement - If (java.lang.Integer.valueOf(StockQty) >= java.lang.Integer.valueOf(RequestedQty)): null

2018-05-22 15:41:21 - [TEST_STEP][PASSED] - setText: Text '10' is set on object 'Object Repository/lab/Page_Store/input_txtqty'

2018-05-22 15:41:21 - [MESSAGE][PASSED] - Text '10' is set on object 'Object Repository/lab/Page_Store/input_txtqty'

2018-05-22 15:41:21 - [TEST_STEP][PASSED] - click: Object: 'Object Repository/lab/Page_Store/button_Add' is clicked on

2018-05-22 15:41:21 - [MESSAGE][PASSED] - Object: 'Object Repository/lab/Page_Store/button_Add' is clicked on

2018-05-22 15:41:21 - [TEST_STEP][PASSED] - Statement - Break: null

2018-05-22 15:41:21 - [TEST_STEP][PASSED] - selectOptionByIndex: All options with index in [12] are selected on object 'Object Repository/lab/Page_Store/select_--Select--E.C.G. Jelly'

2018-05-22 15:41:21 - [MESSAGE][PASSED] - All options with index in [12] are selected on object 'Object Repository/lab/Page_Store/select_--Select--E.C.G. Jelly'

2018-05-22 15:41:21 - [TEST_STEP][PASSED] - delay: Delayed 2 second(s)

2018-05-22 15:41:23 - [MESSAGE][PASSED] - Delayed 2 second(s)

2018-05-22 15:41:23 - [TEST_STEP][PASSED] - Statement - RequestedQty = com.kms.katalon.core.webui.keyword.WebUiBuiltInKeywords.getAttribute(com.kms.katalon.core.testobject.ObjectRepository.findTestObject(lab/Page_Store/input_txttotal), "value"): Attribute 'value' of object 'Object Repository/lab/Page_Store/input_txttotal' is: '10'

2018-05-22 15:41:24 - [MESSAGE][PASSED] - Attribute 'value' of object 'Object Repository/lab/Page_Store/input_txttotal' is: '10'

2018-05-22 15:41:24 - [TEST_STEP][PASSED] - Statement - out.println("Requested QTY : " + RequestedQty): null

2018-05-22 15:41:24 - [TEST_STEP][PASSED] - Statement - BatchNumber = com.kms.katalon.core.webui.keyword.WebUiBuiltInKeywords.getNumberOfTotalOption(com.kms.katalon.core.testobject.ObjectRepository.findTestObject(lab/Page_Store/select_--Select--BA50)): 3 options of object 'Object Repository/lab/Page_Store/select_--Select--BA50' counted

2018-05-22 15:41:24 - [MESSAGE][PASSED] - 3 options of object 'Object Repository/lab/Page_Store/select_--Select--BA50' counted

2018-05-22 15:41:24 - [TEST_STEP][PASSED] - Statement - For ([g = 1, g < BatchNumber, (g++)]): null

2018-05-22 15:41:24 - [TEST_STEP][PASSED] - selectOptionByIndex: All options with index in [1] are selected on object 'Object Repository/lab/Page_Store/select_--Select--BA50'

2018-05-22 15:41:24 - [MESSAGE][PASSED] - All options with index in [1] are selected on object 'Object Repository/lab/Page_Store/select_--Select--BA50'

2018-05-22 15:41:24 - [TEST_STEP][PASSED] - Statement - Try: null

2018-05-22 15:41:24 - [TEST_STEP][PASSED] - Statement - StockQty = com.kms.katalon.core.webui.keyword.WebUiBuiltInKeywords.getAttribute(com.kms.katalon.core.testobject.ObjectRepository.findTestObject(lab/Page_Store/input_txtprice), "value"): Attribute 'value' of object 'Object Repository/lab/Page_Store/input_txtprice' is: '10'

2018-05-22 15:41:24 - [MESSAGE][PASSED] - Attribute 'value' of object 'Object Repository/lab/Page_Store/input_txtprice' is: '10'

2018-05-22 15:41:24 - [TEST_STEP][PASSED] - Statement - out.println("Stock QTY : " + StockQty): null

2018-05-22 15:41:24 - [TEST_STEP][PASSED] - delay: Delayed 2 second(s)

2018-05-22 15:41:26 - [MESSAGE][PASSED] - Delayed 2 second(s)

2018-05-22 15:41:26 - [TEST_STEP][PASSED] - Statement - If (java.lang.Integer.valueOf(StockQty) >= java.lang.Integer.valueOf(RequestedQty)): null

2018-05-22 15:41:26 - [TEST_STEP][PASSED] - setText: Text '10' is set on object 'Object Repository/lab/Page_Store/input_txtqty'

2018-05-22 15:41:26 - [MESSAGE][PASSED] - Text '10' is set on object 'Object Repository/lab/Page_Store/input_txtqty'

2018-05-22 15:41:26 - [TEST_STEP][PASSED] - click: Object: 'Object Repository/lab/Page_Store/button_Add' is clicked on

2018-05-22 15:41:26 - [MESSAGE][PASSED] - Object: 'Object Repository/lab/Page_Store/button_Add' is clicked on

2018-05-22 15:41:26 - [TEST_STEP][PASSED] - Statement - Break: null

2018-05-22 15:41:26 - [TEST_STEP][PASSED] - selectOptionByIndex: All options with index in [13] are selected on object 'Object Repository/lab/Page_Store/select_--Select--E.C.G. Jelly'

2018-05-22 15:41:26 - [MESSAGE][PASSED] - All options with index in [13] are selected on object 'Object Repository/lab/Page_Store/select_--Select--E.C.G. Jelly'

2018-05-22 15:41:26 - [TEST_STEP][PASSED] - delay: Delayed 2 second(s)

2018-05-22 15:41:28 - [MESSAGE][PASSED] - Delayed 2 second(s)

2018-05-22 15:41:28 - [TEST_STEP][PASSED] - Statement - RequestedQty = com.kms.katalon.core.webui.keyword.WebUiBuiltInKeywords.getAttribute(com.kms.katalon.core.testobject.ObjectRepository.findTestObject(lab/Page_Store/input_txttotal), "value"): Attribute 'value' of object 'Object Repository/lab/Page_Store/input_txttotal' is: '10'

2018-05-22 15:41:28 - [MESSAGE][PASSED] - Attribute 'value' of object 'Object Repository/lab/Page_Store/input_txttotal' is: '10'

2018-05-22 15:41:28 - [TEST_STEP][PASSED] - Statement - out.println("Requested QTY : " + RequestedQty): null

2018-05-22 15:41:28 - [TEST_STEP][PASSED] - Statement - BatchNumber = com.kms.katalon.core.webui.keyword.WebUiBuiltInKeywords.getNumberOfTotalOption(com.kms.katalon.core.testobject.ObjectRepository.findTestObject(lab/Page_Store/select_--Select--BA50)): 3 options of object 'Object Repository/lab/Page_Store/select_--Select--BA50' counted

2018-05-22 15:41:28 - [MESSAGE][PASSED] - 3 options of object 'Object Repository/lab/Page_Store/select_--Select--BA50' counted

2018-05-22 15:41:28 - [TEST_STEP][PASSED] - Statement - For ([g = 1, g < BatchNumber, (g++)]): null

2018-05-22 15:41:28 - [TEST_STEP][PASSED] - selectOptionByIndex: All options with index in [1] are selected on object 'Object Repository/lab/Page_Store/select_--Select--BA50'

2018-05-22 15:41:28 - [MESSAGE][PASSED] - All options with index in [1] are selected on object 'Object Repository/lab/Page_Store/select_--Select--BA50'

2018-05-22 15:41:28 - [TEST_STEP][PASSED] - Statement - Try: null

2018-05-22 15:41:28 - [TEST_STEP][PASSED] - Statement - StockQty = com.kms.katalon.core.webui.keyword.WebUiBuiltInKeywords.getAttribute(com.kms.katalon.core.testobject.ObjectRepository.findTestObject(lab/Page_Store/input_txtprice), "value"): Attribute 'value' of object 'Object Repository/lab/Page_Store/input_txtprice' is: '1110'

2018-05-22 15:41:28 - [MESSAGE][PASSED] - Attribute 'value' of object 'Object Repository/lab/Page_Store/input_txtprice' is: '1110'

2018-05-22 15:41:28 - [TEST_STEP][PASSED] - Statement - out.println("Stock QTY : " + StockQty): null

2018-05-22 15:41:28 - [TEST_STEP][PASSED] - delay: Delayed 2 second(s)

2018-05-22 15:41:30 - [MESSAGE][PASSED] - Delayed 2 second(s)

2018-05-22 15:41:30 - [TEST_STEP][PASSED] - Statement - If (java.lang.Integer.valueOf(StockQty) >= java.lang.Integer.valueOf(RequestedQty)): null

2018-05-22 15:41:30 - [TEST_STEP][PASSED] - setText: Text '10' is set on object 'Object Repository/lab/Page_Store/input_txtqty'

2018-05-22 15:41:31 - [MESSAGE][PASSED] - Text '10' is set on object 'Object Repository/lab/Page_Store/input_txtqty'

2018-05-22 15:41:31 - [TEST_STEP][PASSED] - click: Object: 'Object Repository/lab/Page_Store/button_Add' is clicked on

2018-05-22 15:41:31 - [MESSAGE][PASSED] - Object: 'Object Repository/lab/Page_Store/button_Add' is clicked on

2018-05-22 15:41:31 - [TEST_STEP][PASSED] - Statement - Break: null

2018-05-22 15:41:31 - [TEST_STEP][PASSED] - selectOptionByIndex: All options with index in [14] are selected on object 'Object Repository/lab/Page_Store/select_--Select--E.C.G. Jelly'

2018-05-22 15:41:31 - [MESSAGE][PASSED] - All options with index in [14] are selected on object 'Object Repository/lab/Page_Store/select_--Select--E.C.G. Jelly'

2018-05-22 15:41:31 - [TEST_STEP][PASSED] - delay: Delayed 2 second(s)

2018-05-22 15:41:33 - [MESSAGE][PASSED] - Delayed 2 second(s)

2018-05-22 15:41:33 - [TEST_STEP][PASSED] - Statement - RequestedQty = com.kms.katalon.core.webui.keyword.WebUiBuiltInKeywords.getAttribute(com.kms.katalon.core.testobject.ObjectRepository.findTestObject(lab/Page_Store/input_txttotal), "value"): Attribute 'value' of object 'Object Repository/lab/Page_Store/input_txttotal' is: '10'

2018-05-22 15:41:33 - [MESSAGE][PASSED] - Attribute 'value' of object 'Object Repository/lab/Page_Store/input_txttotal' is: '10'

2018-05-22 15:41:33 - [TEST_STEP][PASSED] - Statement - out.println("Requested QTY : " + RequestedQty): null

2018-05-22 15:41:33 - [TEST_STEP][PASSED] - Statement - BatchNumber = com.kms.katalon.core.webui.keyword.WebUiBuiltInKeywords.getNumberOfTotalOption(com.kms.katalon.core.testobject.ObjectRepository.findTestObject(lab/Page_Store/select_--Select--BA50)): 3 options of object 'Object Repository/lab/Page_Store/select_--Select--BA50' counted

2018-05-22 15:41:33 - [MESSAGE][PASSED] - 3 options of object 'Object Repository/lab/Page_Store/select_--Select--BA50' counted

2018-05-22 15:41:33 - [TEST_STEP][PASSED] - Statement - For ([g = 1, g < BatchNumber, (g++)]): null

2018-05-22 15:41:33 - [TEST_STEP][PASSED] - selectOptionByIndex: All options with index in [1] are selected on object 'Object Repository/lab/Page_Store/select_--Select--BA50'

2018-05-22 15:41:33 - [MESSAGE][PASSED] - All options with index in [1] are selected on object 'Object Repository/lab/Page_Store/select_--Select--BA50'

2018-05-22 15:41:33 - [TEST_STEP][PASSED] - Statement - Try: null

2018-05-22 15:41:33 - [TEST_STEP][PASSED] - Statement - StockQty = com.kms.katalon.core.webui.keyword.WebUiBuiltInKeywords.getAttribute(com.kms.katalon.core.testobject.ObjectRepository.findTestObject(lab/Page_Store/input_txtprice), "value"): Attribute 'value' of object 'Object Repository/lab/Page_Store/input_txtprice' is: '1110'

2018-05-22 15:41:33 - [MESSAGE][PASSED] - Attribute 'value' of object 'Object Repository/lab/Page_Store/input_txtprice' is: '1110'

2018-05-22 15:41:33 - [TEST_STEP][PASSED] - Statement - out.println("Stock QTY : " + StockQty): null

2018-05-22 15:41:33 - [TEST_STEP][PASSED] - delay: Delayed 2 second(s)

2018-05-22 15:41:35 - [MESSAGE][PASSED] - Delayed 2 second(s)

2018-05-22 15:41:35 - [TEST_STEP][PASSED] - Statement - If (java.lang.Integer.valueOf(StockQty) >= java.lang.Integer.valueOf(RequestedQty)): null

2018-05-22 15:41:35 - [TEST_STEP][PASSED] - setText: Text '10' is set on object 'Object Repository/lab/Page_Store/input_txtqty'

2018-05-22 15:41:35 - [MESSAGE][PASSED] - Text '10' is set on object 'Object Repository/lab/Page_Store/input_txtqty'

2018-05-22 15:41:35 - [TEST_STEP][PASSED] - click: Object: 'Object Repository/lab/Page_Store/button_Add' is clicked on

2018-05-22 15:41:40 - [MESSAGE][PASSED] - Object: 'Object Repository/lab/Page_Store/button_Add' is clicked on

2018-05-22 15:41:40 - [TEST_STEP][PASSED] - Statement - Break: null

2018-05-22 15:41:40 - [TEST_STEP][PASSED] - selectOptionByIndex: All options with index in [15] are selected on object 'Object Repository/lab/Page_Store/select_--Select--E.C.G. Jelly'

2018-05-22 15:41:41 - [MESSAGE][PASSED] - All options with index in [15] are selected on object 'Object Repository/lab/Page_Store/select_--Select--E.C.G. Jelly'

2018-05-22 15:41:41 - [TEST_STEP][PASSED] - delay: Delayed 2 second(s)

2018-05-22 15:41:43 - [MESSAGE][PASSED] - Delayed 2 second(s)

2018-05-22 15:41:43 - [TEST_STEP][PASSED] - Statement - RequestedQty = com.kms.katalon.core.webui.keyword.WebUiBuiltInKeywords.getAttribute(com.kms.katalon.core.testobject.ObjectRepository.findTestObject(lab/Page_Store/input_txttotal), "value"): Attribute 'value' of object 'Object Repository/lab/Page_Store/input_txttotal' is: '10'

2018-05-22 15:41:43 - [MESSAGE][PASSED] - Attribute 'value' of object 'Object Repository/lab/Page_Store/input_txttotal' is: '10'

2018-05-22 15:41:43 - [TEST_STEP][PASSED] - Statement - out.println("Requested QTY : " + RequestedQty): null

2018-05-22 15:41:43 - [TEST_STEP][PASSED] - Statement - BatchNumber = com.kms.katalon.core.webui.keyword.WebUiBuiltInKeywords.getNumberOfTotalOption(com.kms.katalon.core.testobject.ObjectRepository.findTestObject(lab/Page_Store/select_--Select--BA50)): 5 options of object 'Object Repository/lab/Page_Store/select_--Select--BA50' counted

2018-05-22 15:41:43 - [MESSAGE][PASSED] - 5 options of object 'Object Repository/lab/Page_Store/select_--Select--BA50' counted

2018-05-22 15:41:43 - [TEST_STEP][PASSED] - Statement - For ([g = 1, g < BatchNumber, (g++)]): null

2018-05-22 15:41:43 - [TEST_STEP][PASSED] - selectOptionByIndex: All options with index in [1] are selected on object 'Object Repository/lab/Page_Store/select_--Select--BA50'

2018-05-22 15:41:43 - [MESSAGE][PASSED] - All options with index in [1] are selected on object 'Object Repository/lab/Page_Store/select_--Select--BA50'

2018-05-22 15:41:43 - [TEST_STEP][PASSED] - Statement - Try: null

2018-05-22 15:41:43 - [TEST_STEP][PASSED] - Statement - StockQty = com.kms.katalon.core.webui.keyword.WebUiBuiltInKeywords.getAttribute(com.kms.katalon.core.testobject.ObjectRepository.findTestObject(lab/Page_Store/input_txtprice), "value"): Attribute 'value' of object 'Object Repository/lab/Page_Store/input_txtprice' is: '180'

2018-05-22 15:41:43 - [MESSAGE][PASSED] - Attribute 'value' of object 'Object Repository/lab/Page_Store/input_txtprice' is: '180'

2018-05-22 15:41:43 - [TEST_STEP][PASSED] - Statement - out.println("Stock QTY : " + StockQty): null

2018-05-22 15:41:43 - [TEST_STEP][PASSED] - delay: Delayed 2 second(s)

2018-05-22 15:41:45 - [MESSAGE][PASSED] - Delayed 2 second(s)

2018-05-22 15:41:45 - [TEST_STEP][PASSED] - Statement - If (java.lang.Integer.valueOf(StockQty) >= java.lang.Integer.valueOf(RequestedQty)): null

2018-05-22 15:41:45 - [TEST_STEP][PASSED] - setText: Text '10' is set on object 'Object Repository/lab/Page_Store/input_txtqty'

2018-05-22 15:41:45 - [MESSAGE][PASSED] - Text '10' is set on object 'Object Repository/lab/Page_Store/input_txtqty'

2018-05-22 15:41:45 - [TEST_STEP][PASSED] - click: Object: 'Object Repository/lab/Page_Store/button_Add' is clicked on

2018-05-22 15:41:50 - [MESSAGE][PASSED] - Object: 'Object Repository/lab/Page_Store/button_Add' is clicked on

2018-05-22 15:41:50 - [TEST_STEP][PASSED] - Statement - Break: null

2018-05-22 15:41:50 - [TEST_STEP][PASSED] - scrollToElement: Scroll to object 'Object Repository/lab/Page_Store/input_btnSubmit' successfully

2018-05-22 15:41:50 - [MESSAGE][PASSED] - Scroll to object 'Object Repository/lab/Page_Store/input_btnSubmit' successfully

2018-05-22 15:41:50 - [TEST_STEP][PASSED] - Statement - Try: Object: 'Object Repository/lab/Page_Store/button_OK' is clicked on

2018-05-22 15:41:50 - [TEST_STEP][PASSED] - click: Object: 'Object Repository/lab/Page_Store/input_btnSubmit' is clicked on

2018-05-22 15:41:55 - [MESSAGE][PASSED] - Object: 'Object Repository/lab/Page_Store/input_btnSubmit' is clicked on

2018-05-22 15:41:55 - [TEST_STEP][PASSED] - delay: Delayed 3 second(s)

2018-05-22 15:41:58 - [MESSAGE][PASSED] - Delayed 3 second(s)

2018-05-22 15:41:58 - [TEST_STEP][PASSED] - click: Object: 'Object Repository/lab/Page_Store/button_OK' is clicked on

2018-05-22 15:42:04 - [MESSAGE][PASSED] - Object: 'Object Repository/lab/Page_Store/button_OK' is clicked on

2018-05-22 15:42:04 - [TEST_STEP][PASSED] - delay: Delayed 3 second(s)

2018-05-22 15:42:07 - [MESSAGE][PASSED] - Delayed 3 second(s)

2018-05-22 15:42:07 - [TEST_STEP][FAILED] - click: Unable to click on object 'Object Repository/lab/Page_Store/a_dropdown-toggle' (Root cause: com.kms.katalon.core.webui.exception.WebElementNotFoundException: Web element with id: 'Object Repository/lab/Page_Store/a_dropdown-toggle' located by 'By.xpath: /html[1]/body[@class="skin-blue  pace-done"]/header[@class="header"]/div[@class="row"]/nav[@class="navbar navbar-static-top"]/div[@class="navbar-right"]/ul[@class="nav navbar-nav"]/li[@class="dropdown user user-menu"]/a[@class="dropdown-toggle"][count(. | //*[@class = 'dropdown-toggle' and @data-toggle = 'dropdown']) = count(//*[@class = 'dropdown-toggle' and @data-toggle = 'dropdown'])]' not found)

2018-05-22 15:42:39 - [MESSAGE][FAILED] - Unable to click on object 'Object Repository/lab/Page_Store/a_dropdown-toggle' (Root cause: com.kms.katalon.core.webui.exception.WebElementNotFoundException: Web element with id: 'Object Repository/lab/Page_Store/a_dropdown-toggle' located by 'By.xpath: /html[1]/body[@class="skin-blue  pace-done"]/header[@class="header"]/div[@class="row"]/nav[@class="navbar navbar-static-top"]/div[@class="navbar-right"]/ul[@class="nav navbar-nav"]/li[@class="dropdown user user-menu"]/a[@class="dropdown-toggle"][count(. | //*[@class = 'dropdown-toggle' and @data-toggle = 'dropdown']) = count(//*[@class = 'dropdown-toggle' and @data-toggle = 'dropdown'])]' not found)
[[ATTACHMENT|C:\\Users\\Quality Analyst\\Katalon Studio\\ds\\Reports\\Investigation_Suite\\20180522_153913\\1526983958929.png]]]]></system-out>
         <system-err><![CDATA[2018-05-22 15:39:24 - [TEST_CASE][FAILED] - Test Cases/INVESTIGATION TEST CASES/TC_INV_001 Verify Schedule 4 Investigation Request Are Working Successfully Or Not: Test Cases/INVESTIGATION TEST CASES/TC_INV_001 Verify Schedule 4 Investigation Request Are Working Successfully Or Not FAILED because (of) Unable to click on object 'Object Repository/lab/Page_Store/a_dropdown-toggle' (Root cause: com.kms.katalon.core.webui.exception.WebElementNotFoundException: Web element with id: 'Object Repository/lab/Page_Store/a_dropdown-toggle' located by 'By.xpath: /html[1]/body[@class="skin-blue  pace-done"]/header[@class="header"]/div[@class="row"]/nav[@class="navbar navbar-static-top"]/div[@class="navbar-right"]/ul[@class="nav navbar-nav"]/li[@class="dropdown user user-menu"]/a[@class="dropdown-toggle"][count(. | //*[@class = 'dropdown-toggle' and @data-toggle = 'dropdown']) = count(//*[@class = 'dropdown-toggle' and @data-toggle = 'dropdown'])]' not found)]]></system-err>
      </testcase>
      <testcase name="Test Cases/INVESTIGATION TEST CASES/TC_INV_002 Verify Schedule 5 Investigation Request Are Working Successfully Or No" classname="Test Cases/INVESTIGATION TEST CASES/TC_INV_002 Verify Schedule 5 Investigation Request Are Working Successfully Or No" status="PASSED">
         <system-out><![CDATA[2018-05-22 15:42:39 - [TEST_CASE][PASSED] - Test Cases/INVESTIGATION TEST CASES/TC_INV_002 Verify Schedule 5 Investigation Request Are Working Successfully Or No: Test Cases/INVESTIGATION TEST CASES/TC_INV_002 Verify Schedule 5 Investigation Request Are Working Successfully Or No

2018-05-22 15:42:39 - [TEST_STEP][PASSED] - openBrowser: Browser is opened with url: ''

2018-05-22 15:42:39 - [MESSAGE][WARNING] - A browser is already opened. Closing browser and opening a new one

2018-05-22 15:42:42 - [MESSAGE][PASSED] - Browser is opened with url: ''

2018-05-22 15:42:42 - [TEST_STEP][PASSED] - navigateToUrl: Navigate to 'http://192.168.137.1/multihospital_new/' successfully

2018-05-22 15:42:43 - [MESSAGE][PASSED] - Navigate to 'http://192.168.137.1/multihospital_new/' successfully

2018-05-22 15:42:43 - [TEST_STEP][PASSED] - Statement - out.println(" Verify Schedule 5 Investigation Request Are Working Successfully Or Not"): null

2018-05-22 15:42:43 - [TEST_STEP][PASSED] - maximizeWindow: Current window maximized

2018-05-22 15:42:44 - [MESSAGE][PASSED] - Current window maximized

2018-05-22 15:42:44 - [TEST_STEP][PASSED] - click: Object: 'Object Repository/lab/Page_KDMC/a_Investigation' is clicked on

2018-05-22 15:42:45 - [MESSAGE][PASSED] - Object: 'Object Repository/lab/Page_KDMC/a_Investigation' is clicked on

2018-05-22 15:42:45 - [TEST_STEP][PASSED] - setText: Text 'manoj' is set on object 'Object Repository/lab/Page_Investigation login/input_txtusername'

2018-05-22 15:42:45 - [MESSAGE][PASSED] - Text 'manoj' is set on object 'Object Repository/lab/Page_Investigation login/input_txtusername'

2018-05-22 15:42:45 - [TEST_STEP][PASSED] - setText: Text '123' is set on object 'Object Repository/lab/Page_Investigation login/input_txtpassword'

2018-05-22 15:42:45 - [MESSAGE][PASSED] - Text '123' is set on object 'Object Repository/lab/Page_Investigation login/input_txtpassword'

2018-05-22 15:42:45 - [TEST_STEP][PASSED] - delay: Delayed 3 second(s)

2018-05-22 15:42:48 - [MESSAGE][PASSED] - Delayed 3 second(s)

2018-05-22 15:42:48 - [TEST_STEP][PASSED] - click: Object: 'Object Repository/lab/Page_Investigation login/button_Sign in' is clicked on

2018-05-22 15:42:49 - [MESSAGE][PASSED] - Object: 'Object Repository/lab/Page_Investigation login/button_Sign in' is clicked on

2018-05-22 15:42:49 - [TEST_STEP][PASSED] - click: Object: 'Object Repository/lab/Page_KDMC/a_Store Request' is clicked on

2018-05-22 15:42:51 - [MESSAGE][PASSED] - Object: 'Object Repository/lab/Page_KDMC/a_Store Request' is clicked on

2018-05-22 15:42:51 - [TEST_STEP][PASSED] - delay: Delayed 2 second(s)

2018-05-22 15:42:53 - [MESSAGE][PASSED] - Delayed 2 second(s)

2018-05-22 15:42:53 - [TEST_STEP][PASSED] - click: Object: 'Object Repository/lab/Page_KDMC/a_Medicine Request' is clicked on

2018-05-22 15:42:53 - [MESSAGE][PASSED] - Object: 'Object Repository/lab/Page_KDMC/a_Medicine Request' is clicked on

2018-05-22 15:42:53 - [TEST_STEP][PASSED] - selectOptionByIndex: All options with index in [2] are selected on object 'Object Repository/lab/Page_KDMC/select_--Select--Schedule 4X-r'

2018-05-22 15:42:53 - [MESSAGE][PASSED] - All options with index in [2] are selected on object 'Object Repository/lab/Page_KDMC/select_--Select--Schedule 4X-r'

2018-05-22 15:42:53 - [TEST_STEP][PASSED] - Statement - medicineslength = com.kms.katalon.core.webui.keyword.WebUiBuiltInKeywords.getNumberOfTotalOption(com.kms.katalon.core.testobject.ObjectRepository.findTestObject(lab/Page_KDMC/select_--Select--Automatic x-r)): 17 options of object 'Object Repository/lab/Page_KDMC/select_--Select--Automatic x-r' counted

2018-05-22 15:42:54 - [MESSAGE][PASSED] - 17 options of object 'Object Repository/lab/Page_KDMC/select_--Select--Automatic x-r' counted

2018-05-22 15:42:54 - [TEST_STEP][PASSED] - Statement - For ([e = 1, e < medicineslength, (e++)]): Object: 'Object Repository/lab/Page_KDMC/button_Add' is clicked on

2018-05-22 15:42:54 - [TEST_STEP][PASSED] - selectOptionByIndex: All options with index in [2] are selected on object 'Object Repository/lab/Page_KDMC/select_--Select--Schedule 4X-r'

2018-05-22 15:42:54 - [MESSAGE][PASSED] - All options with index in [2] are selected on object 'Object Repository/lab/Page_KDMC/select_--Select--Schedule 4X-r'

2018-05-22 15:42:54 - [TEST_STEP][PASSED] - selectOptionByIndex: All options with index in [1] are selected on object 'Object Repository/lab/Page_KDMC/select_--Select--Automatic x-r'

2018-05-22 15:42:54 - [MESSAGE][PASSED] - All options with index in [1] are selected on object 'Object Repository/lab/Page_KDMC/select_--Select--Automatic x-r'

2018-05-22 15:42:54 - [TEST_STEP][PASSED] - setText: Text '10' is set on object 'Object Repository/lab/Page_KDMC/input_txttreat'

2018-05-22 15:42:54 - [MESSAGE][PASSED] - Text '10' is set on object 'Object Repository/lab/Page_KDMC/input_txttreat'

2018-05-22 15:42:54 - [TEST_STEP][PASSED] - click: Object: 'Object Repository/lab/Page_KDMC/button_Add' is clicked on

2018-05-22 15:42:54 - [MESSAGE][PASSED] - Object: 'Object Repository/lab/Page_KDMC/button_Add' is clicked on

2018-05-22 15:42:54 - [TEST_STEP][PASSED] - selectOptionByIndex: All options with index in [2] are selected on object 'Object Repository/lab/Page_KDMC/select_--Select--Schedule 4X-r'

2018-05-22 15:42:54 - [MESSAGE][PASSED] - All options with index in [2] are selected on object 'Object Repository/lab/Page_KDMC/select_--Select--Schedule 4X-r'

2018-05-22 15:42:54 - [TEST_STEP][PASSED] - selectOptionByIndex: All options with index in [2] are selected on object 'Object Repository/lab/Page_KDMC/select_--Select--Automatic x-r'

2018-05-22 15:42:54 - [MESSAGE][PASSED] - All options with index in [2] are selected on object 'Object Repository/lab/Page_KDMC/select_--Select--Automatic x-r'

2018-05-22 15:42:54 - [TEST_STEP][PASSED] - setText: Text '10' is set on object 'Object Repository/lab/Page_KDMC/input_txttreat'

2018-05-22 15:42:55 - [MESSAGE][PASSED] - Text '10' is set on object 'Object Repository/lab/Page_KDMC/input_txttreat'

2018-05-22 15:42:55 - [TEST_STEP][PASSED] - click: Object: 'Object Repository/lab/Page_KDMC/button_Add' is clicked on

2018-05-22 15:42:55 - [MESSAGE][PASSED] - Object: 'Object Repository/lab/Page_KDMC/button_Add' is clicked on

2018-05-22 15:42:55 - [TEST_STEP][PASSED] - selectOptionByIndex: All options with index in [2] are selected on object 'Object Repository/lab/Page_KDMC/select_--Select--Schedule 4X-r'

2018-05-22 15:42:55 - [MESSAGE][PASSED] - All options with index in [2] are selected on object 'Object Repository/lab/Page_KDMC/select_--Select--Schedule 4X-r'

2018-05-22 15:42:55 - [TEST_STEP][PASSED] - selectOptionByIndex: All options with index in [3] are selected on object 'Object Repository/lab/Page_KDMC/select_--Select--Automatic x-r'

2018-05-22 15:42:55 - [MESSAGE][PASSED] - All options with index in [3] are selected on object 'Object Repository/lab/Page_KDMC/select_--Select--Automatic x-r'

2018-05-22 15:42:55 - [TEST_STEP][PASSED] - setText: Text '10' is set on object 'Object Repository/lab/Page_KDMC/input_txttreat'

2018-05-22 15:42:55 - [MESSAGE][PASSED] - Text '10' is set on object 'Object Repository/lab/Page_KDMC/input_txttreat'

2018-05-22 15:42:55 - [TEST_STEP][PASSED] - click: Object: 'Object Repository/lab/Page_KDMC/button_Add' is clicked on

2018-05-22 15:42:55 - [MESSAGE][PASSED] - Object: 'Object Repository/lab/Page_KDMC/button_Add' is clicked on

2018-05-22 15:42:55 - [TEST_STEP][PASSED] - selectOptionByIndex: All options with index in [2] are selected on object 'Object Repository/lab/Page_KDMC/select_--Select--Schedule 4X-r'

2018-05-22 15:42:55 - [MESSAGE][PASSED] - All options with index in [2] are selected on object 'Object Repository/lab/Page_KDMC/select_--Select--Schedule 4X-r'

2018-05-22 15:42:55 - [TEST_STEP][PASSED] - selectOptionByIndex: All options with index in [4] are selected on object 'Object Repository/lab/Page_KDMC/select_--Select--Automatic x-r'

2018-05-22 15:42:55 - [MESSAGE][PASSED] - All options with index in [4] are selected on object 'Object Repository/lab/Page_KDMC/select_--Select--Automatic x-r'

2018-05-22 15:42:55 - [TEST_STEP][PASSED] - setText: Text '10' is set on object 'Object Repository/lab/Page_KDMC/input_txttreat'

2018-05-22 15:42:55 - [MESSAGE][PASSED] - Text '10' is set on object 'Object Repository/lab/Page_KDMC/input_txttreat'

2018-05-22 15:42:55 - [TEST_STEP][PASSED] - click: Object: 'Object Repository/lab/Page_KDMC/button_Add' is clicked on

2018-05-22 15:42:56 - [MESSAGE][PASSED] - Object: 'Object Repository/lab/Page_KDMC/button_Add' is clicked on

2018-05-22 15:42:56 - [TEST_STEP][PASSED] - selectOptionByIndex: All options with index in [2] are selected on object 'Object Repository/lab/Page_KDMC/select_--Select--Schedule 4X-r'

2018-05-22 15:42:56 - [MESSAGE][PASSED] - All options with index in [2] are selected on object 'Object Repository/lab/Page_KDMC/select_--Select--Schedule 4X-r'

2018-05-22 15:42:56 - [TEST_STEP][PASSED] - selectOptionByIndex: All options with index in [5] are selected on object 'Object Repository/lab/Page_KDMC/select_--Select--Automatic x-r'

2018-05-22 15:42:56 - [MESSAGE][PASSED] - All options with index in [5] are selected on object 'Object Repository/lab/Page_KDMC/select_--Select--Automatic x-r'

2018-05-22 15:42:56 - [TEST_STEP][PASSED] - setText: Text '10' is set on object 'Object Repository/lab/Page_KDMC/input_txttreat'

2018-05-22 15:42:56 - [MESSAGE][PASSED] - Text '10' is set on object 'Object Repository/lab/Page_KDMC/input_txttreat'

2018-05-22 15:42:56 - [TEST_STEP][PASSED] - click: Object: 'Object Repository/lab/Page_KDMC/button_Add' is clicked on

2018-05-22 15:42:56 - [MESSAGE][PASSED] - Object: 'Object Repository/lab/Page_KDMC/button_Add' is clicked on

2018-05-22 15:42:56 - [TEST_STEP][PASSED] - selectOptionByIndex: All options with index in [2] are selected on object 'Object Repository/lab/Page_KDMC/select_--Select--Schedule 4X-r'

2018-05-22 15:42:56 - [MESSAGE][PASSED] - All options with index in [2] are selected on object 'Object Repository/lab/Page_KDMC/select_--Select--Schedule 4X-r'

2018-05-22 15:42:56 - [TEST_STEP][PASSED] - selectOptionByIndex: All options with index in [6] are selected on object 'Object Repository/lab/Page_KDMC/select_--Select--Automatic x-r'

2018-05-22 15:42:56 - [MESSAGE][PASSED] - All options with index in [6] are selected on object 'Object Repository/lab/Page_KDMC/select_--Select--Automatic x-r'

2018-05-22 15:42:56 - [TEST_STEP][PASSED] - setText: Text '10' is set on object 'Object Repository/lab/Page_KDMC/input_txttreat'

2018-05-22 15:42:56 - [MESSAGE][PASSED] - Text '10' is set on object 'Object Repository/lab/Page_KDMC/input_txttreat'

2018-05-22 15:42:56 - [TEST_STEP][PASSED] - click: Object: 'Object Repository/lab/Page_KDMC/button_Add' is clicked on

2018-05-22 15:42:56 - [MESSAGE][PASSED] - Object: 'Object Repository/lab/Page_KDMC/button_Add' is clicked on

2018-05-22 15:42:56 - [TEST_STEP][PASSED] - selectOptionByIndex: All options with index in [2] are selected on object 'Object Repository/lab/Page_KDMC/select_--Select--Schedule 4X-r'

2018-05-22 15:42:57 - [MESSAGE][PASSED] - All options with index in [2] are selected on object 'Object Repository/lab/Page_KDMC/select_--Select--Schedule 4X-r'

2018-05-22 15:42:57 - [TEST_STEP][PASSED] - selectOptionByIndex: All options with index in [7] are selected on object 'Object Repository/lab/Page_KDMC/select_--Select--Automatic x-r'

2018-05-22 15:42:57 - [MESSAGE][PASSED] - All options with index in [7] are selected on object 'Object Repository/lab/Page_KDMC/select_--Select--Automatic x-r'

2018-05-22 15:42:57 - [TEST_STEP][PASSED] - setText: Text '10' is set on object 'Object Repository/lab/Page_KDMC/input_txttreat'

2018-05-22 15:42:57 - [MESSAGE][PASSED] - Text '10' is set on object 'Object Repository/lab/Page_KDMC/input_txttreat'

2018-05-22 15:42:57 - [TEST_STEP][PASSED] - click: Object: 'Object Repository/lab/Page_KDMC/button_Add' is clicked on

2018-05-22 15:42:57 - [MESSAGE][PASSED] - Object: 'Object Repository/lab/Page_KDMC/button_Add' is clicked on

2018-05-22 15:42:57 - [TEST_STEP][PASSED] - selectOptionByIndex: All options with index in [2] are selected on object 'Object Repository/lab/Page_KDMC/select_--Select--Schedule 4X-r'

2018-05-22 15:42:57 - [MESSAGE][PASSED] - All options with index in [2] are selected on object 'Object Repository/lab/Page_KDMC/select_--Select--Schedule 4X-r'

2018-05-22 15:42:57 - [TEST_STEP][PASSED] - selectOptionByIndex: All options with index in [8] are selected on object 'Object Repository/lab/Page_KDMC/select_--Select--Automatic x-r'

2018-05-22 15:42:57 - [MESSAGE][PASSED] - All options with index in [8] are selected on object 'Object Repository/lab/Page_KDMC/select_--Select--Automatic x-r'

2018-05-22 15:42:57 - [TEST_STEP][PASSED] - setText: Text '10' is set on object 'Object Repository/lab/Page_KDMC/input_txttreat'

2018-05-22 15:42:57 - [MESSAGE][PASSED] - Text '10' is set on object 'Object Repository/lab/Page_KDMC/input_txttreat'

2018-05-22 15:42:57 - [TEST_STEP][PASSED] - click: Object: 'Object Repository/lab/Page_KDMC/button_Add' is clicked on

2018-05-22 15:42:57 - [MESSAGE][PASSED] - Object: 'Object Repository/lab/Page_KDMC/button_Add' is clicked on

2018-05-22 15:42:57 - [TEST_STEP][PASSED] - selectOptionByIndex: All options with index in [2] are selected on object 'Object Repository/lab/Page_KDMC/select_--Select--Schedule 4X-r'

2018-05-22 15:42:58 - [MESSAGE][PASSED] - All options with index in [2] are selected on object 'Object Repository/lab/Page_KDMC/select_--Select--Schedule 4X-r'

2018-05-22 15:42:58 - [TEST_STEP][PASSED] - selectOptionByIndex: All options with index in [9] are selected on object 'Object Repository/lab/Page_KDMC/select_--Select--Automatic x-r'

2018-05-22 15:42:58 - [MESSAGE][PASSED] - All options with index in [9] are selected on object 'Object Repository/lab/Page_KDMC/select_--Select--Automatic x-r'

2018-05-22 15:42:58 - [TEST_STEP][PASSED] - setText: Text '10' is set on object 'Object Repository/lab/Page_KDMC/input_txttreat'

2018-05-22 15:42:58 - [MESSAGE][PASSED] - Text '10' is set on object 'Object Repository/lab/Page_KDMC/input_txttreat'

2018-05-22 15:42:58 - [TEST_STEP][PASSED] - click: Object: 'Object Repository/lab/Page_KDMC/button_Add' is clicked on

2018-05-22 15:42:58 - [MESSAGE][PASSED] - Object: 'Object Repository/lab/Page_KDMC/button_Add' is clicked on

2018-05-22 15:42:58 - [TEST_STEP][PASSED] - selectOptionByIndex: All options with index in [2] are selected on object 'Object Repository/lab/Page_KDMC/select_--Select--Schedule 4X-r'

2018-05-22 15:42:58 - [MESSAGE][PASSED] - All options with index in [2] are selected on object 'Object Repository/lab/Page_KDMC/select_--Select--Schedule 4X-r'

2018-05-22 15:42:58 - [TEST_STEP][PASSED] - selectOptionByIndex: All options with index in [10] are selected on object 'Object Repository/lab/Page_KDMC/select_--Select--Automatic x-r'

2018-05-22 15:42:58 - [MESSAGE][PASSED] - All options with index in [10] are selected on object 'Object Repository/lab/Page_KDMC/select_--Select--Automatic x-r'

2018-05-22 15:42:58 - [TEST_STEP][PASSED] - setText: Text '10' is set on object 'Object Repository/lab/Page_KDMC/input_txttreat'

2018-05-22 15:42:58 - [MESSAGE][PASSED] - Text '10' is set on object 'Object Repository/lab/Page_KDMC/input_txttreat'

2018-05-22 15:42:58 - [TEST_STEP][PASSED] - click: Object: 'Object Repository/lab/Page_KDMC/button_Add' is clicked on

2018-05-22 15:42:58 - [MESSAGE][PASSED] - Object: 'Object Repository/lab/Page_KDMC/button_Add' is clicked on

2018-05-22 15:42:58 - [TEST_STEP][PASSED] - selectOptionByIndex: All options with index in [2] are selected on object 'Object Repository/lab/Page_KDMC/select_--Select--Schedule 4X-r'

2018-05-22 15:42:58 - [MESSAGE][PASSED] - All options with index in [2] are selected on object 'Object Repository/lab/Page_KDMC/select_--Select--Schedule 4X-r'

2018-05-22 15:42:58 - [TEST_STEP][PASSED] - selectOptionByIndex: All options with index in [11] are selected on object 'Object Repository/lab/Page_KDMC/select_--Select--Automatic x-r'

2018-05-22 15:42:59 - [MESSAGE][PASSED] - All options with index in [11] are selected on object 'Object Repository/lab/Page_KDMC/select_--Select--Automatic x-r'

2018-05-22 15:42:59 - [TEST_STEP][PASSED] - setText: Text '10' is set on object 'Object Repository/lab/Page_KDMC/input_txttreat'

2018-05-22 15:42:59 - [MESSAGE][PASSED] - Text '10' is set on object 'Object Repository/lab/Page_KDMC/input_txttreat'

2018-05-22 15:42:59 - [TEST_STEP][PASSED] - click: Object: 'Object Repository/lab/Page_KDMC/button_Add' is clicked on

2018-05-22 15:42:59 - [MESSAGE][PASSED] - Object: 'Object Repository/lab/Page_KDMC/button_Add' is clicked on

2018-05-22 15:42:59 - [TEST_STEP][PASSED] - selectOptionByIndex: All options with index in [2] are selected on object 'Object Repository/lab/Page_KDMC/select_--Select--Schedule 4X-r'

2018-05-22 15:42:59 - [MESSAGE][PASSED] - All options with index in [2] are selected on object 'Object Repository/lab/Page_KDMC/select_--Select--Schedule 4X-r'

2018-05-22 15:42:59 - [TEST_STEP][PASSED] - selectOptionByIndex: All options with index in [12] are selected on object 'Object Repository/lab/Page_KDMC/select_--Select--Automatic x-r'

2018-05-22 15:42:59 - [MESSAGE][PASSED] - All options with index in [12] are selected on object 'Object Repository/lab/Page_KDMC/select_--Select--Automatic x-r'

2018-05-22 15:42:59 - [TEST_STEP][PASSED] - setText: Text '10' is set on object 'Object Repository/lab/Page_KDMC/input_txttreat'

2018-05-22 15:42:59 - [MESSAGE][PASSED] - Text '10' is set on object 'Object Repository/lab/Page_KDMC/input_txttreat'

2018-05-22 15:42:59 - [TEST_STEP][PASSED] - click: Object: 'Object Repository/lab/Page_KDMC/button_Add' is clicked on

2018-05-22 15:42:59 - [MESSAGE][PASSED] - Object: 'Object Repository/lab/Page_KDMC/button_Add' is clicked on

2018-05-22 15:42:59 - [TEST_STEP][PASSED] - selectOptionByIndex: All options with index in [2] are selected on object 'Object Repository/lab/Page_KDMC/select_--Select--Schedule 4X-r'

2018-05-22 15:43:00 - [MESSAGE][PASSED] - All options with index in [2] are selected on object 'Object Repository/lab/Page_KDMC/select_--Select--Schedule 4X-r'

2018-05-22 15:43:00 - [TEST_STEP][PASSED] - selectOptionByIndex: All options with index in [13] are selected on object 'Object Repository/lab/Page_KDMC/select_--Select--Automatic x-r'

2018-05-22 15:43:00 - [MESSAGE][PASSED] - All options with index in [13] are selected on object 'Object Repository/lab/Page_KDMC/select_--Select--Automatic x-r'

2018-05-22 15:43:00 - [TEST_STEP][PASSED] - setText: Text '10' is set on object 'Object Repository/lab/Page_KDMC/input_txttreat'

2018-05-22 15:43:00 - [MESSAGE][PASSED] - Text '10' is set on object 'Object Repository/lab/Page_KDMC/input_txttreat'

2018-05-22 15:43:00 - [TEST_STEP][PASSED] - click: Object: 'Object Repository/lab/Page_KDMC/button_Add' is clicked on

2018-05-22 15:43:00 - [MESSAGE][PASSED] - Object: 'Object Repository/lab/Page_KDMC/button_Add' is clicked on

2018-05-22 15:43:00 - [TEST_STEP][PASSED] - selectOptionByIndex: All options with index in [2] are selected on object 'Object Repository/lab/Page_KDMC/select_--Select--Schedule 4X-r'

2018-05-22 15:43:00 - [MESSAGE][PASSED] - All options with index in [2] are selected on object 'Object Repository/lab/Page_KDMC/select_--Select--Schedule 4X-r'

2018-05-22 15:43:00 - [TEST_STEP][PASSED] - selectOptionByIndex: All options with index in [14] are selected on object 'Object Repository/lab/Page_KDMC/select_--Select--Automatic x-r'

2018-05-22 15:43:00 - [MESSAGE][PASSED] - All options with index in [14] are selected on object 'Object Repository/lab/Page_KDMC/select_--Select--Automatic x-r'

2018-05-22 15:43:00 - [TEST_STEP][PASSED] - setText: Text '10' is set on object 'Object Repository/lab/Page_KDMC/input_txttreat'

2018-05-22 15:43:00 - [MESSAGE][PASSED] - Text '10' is set on object 'Object Repository/lab/Page_KDMC/input_txttreat'

2018-05-22 15:43:00 - [TEST_STEP][PASSED] - click: Object: 'Object Repository/lab/Page_KDMC/button_Add' is clicked on

2018-05-22 15:43:00 - [MESSAGE][PASSED] - Object: 'Object Repository/lab/Page_KDMC/button_Add' is clicked on

2018-05-22 15:43:00 - [TEST_STEP][PASSED] - selectOptionByIndex: All options with index in [2] are selected on object 'Object Repository/lab/Page_KDMC/select_--Select--Schedule 4X-r'

2018-05-22 15:43:01 - [MESSAGE][PASSED] - All options with index in [2] are selected on object 'Object Repository/lab/Page_KDMC/select_--Select--Schedule 4X-r'

2018-05-22 15:43:01 - [TEST_STEP][PASSED] - selectOptionByIndex: All options with index in [15] are selected on object 'Object Repository/lab/Page_KDMC/select_--Select--Automatic x-r'

2018-05-22 15:43:01 - [MESSAGE][PASSED] - All options with index in [15] are selected on object 'Object Repository/lab/Page_KDMC/select_--Select--Automatic x-r'

2018-05-22 15:43:01 - [TEST_STEP][PASSED] - setText: Text '10' is set on object 'Object Repository/lab/Page_KDMC/input_txttreat'

2018-05-22 15:43:01 - [MESSAGE][PASSED] - Text '10' is set on object 'Object Repository/lab/Page_KDMC/input_txttreat'

2018-05-22 15:43:01 - [TEST_STEP][PASSED] - click: Object: 'Object Repository/lab/Page_KDMC/button_Add' is clicked on

2018-05-22 15:43:01 - [MESSAGE][PASSED] - Object: 'Object Repository/lab/Page_KDMC/button_Add' is clicked on

2018-05-22 15:43:01 - [TEST_STEP][PASSED] - selectOptionByIndex: All options with index in [2] are selected on object 'Object Repository/lab/Page_KDMC/select_--Select--Schedule 4X-r'

2018-05-22 15:43:01 - [MESSAGE][PASSED] - All options with index in [2] are selected on object 'Object Repository/lab/Page_KDMC/select_--Select--Schedule 4X-r'

2018-05-22 15:43:01 - [TEST_STEP][PASSED] - selectOptionByIndex: All options with index in [16] are selected on object 'Object Repository/lab/Page_KDMC/select_--Select--Automatic x-r'

2018-05-22 15:43:01 - [MESSAGE][PASSED] - All options with index in [16] are selected on object 'Object Repository/lab/Page_KDMC/select_--Select--Automatic x-r'

2018-05-22 15:43:01 - [TEST_STEP][PASSED] - setText: Text '10' is set on object 'Object Repository/lab/Page_KDMC/input_txttreat'

2018-05-22 15:43:02 - [MESSAGE][PASSED] - Text '10' is set on object 'Object Repository/lab/Page_KDMC/input_txttreat'

2018-05-22 15:43:02 - [TEST_STEP][PASSED] - click: Object: 'Object Repository/lab/Page_KDMC/button_Add' is clicked on

2018-05-22 15:43:02 - [MESSAGE][PASSED] - Object: 'Object Repository/lab/Page_KDMC/button_Add' is clicked on

2018-05-22 15:43:02 - [TEST_STEP][PASSED] - Statement - RN1 = com.kms.katalon.core.webui.keyword.WebUiBuiltInKeywords.getAttribute(com.kms.katalon.core.testobject.ObjectRepository.findTestObject(lab/Page_KDMC/input_txtno), "value"): Attribute 'value' of object 'Object Repository/lab/Page_KDMC/input_txtno' is: 'LRNO/22052018/138'

2018-05-22 15:43:02 - [MESSAGE][PASSED] - Attribute 'value' of object 'Object Repository/lab/Page_KDMC/input_txtno' is: 'LRNO/22052018/138'

2018-05-22 15:43:02 - [TEST_STEP][PASSED] - Statement - out.println(RN1): null

2018-05-22 15:43:02 - [TEST_STEP][PASSED] - Statement - RID = RN1.split("/")[2]: null

2018-05-22 15:43:02 - [TEST_STEP][PASSED] - scrollToElement: Scroll to object 'Object Repository/lab/Page_KDMC/input_btnsave' successfully

2018-05-22 15:43:02 - [MESSAGE][PASSED] - Scroll to object 'Object Repository/lab/Page_KDMC/input_btnsave' successfully

2018-05-22 15:43:02 - [TEST_STEP][PASSED] - click: Object: 'Object Repository/lab/Page_KDMC/input_btnsave' is clicked on

2018-05-22 15:43:02 - [MESSAGE][PASSED] - Object: 'Object Repository/lab/Page_KDMC/input_btnsave' is clicked on

2018-05-22 15:43:02 - [TEST_STEP][PASSED] - delay: Delayed 3 second(s)

2018-05-22 15:43:05 - [MESSAGE][PASSED] - Delayed 3 second(s)

2018-05-22 15:43:05 - [TEST_STEP][PASSED] - click: Object: 'Object Repository/lab/Page_KDMC/button_OK' is clicked on

2018-05-22 15:43:05 - [MESSAGE][PASSED] - Object: 'Object Repository/lab/Page_KDMC/button_OK' is clicked on

2018-05-22 15:43:05 - [TEST_STEP][PASSED] - delay: Delayed 3 second(s)

2018-05-22 15:43:08 - [MESSAGE][PASSED] - Delayed 3 second(s)

2018-05-22 15:43:08 - [TEST_STEP][PASSED] - click: Object: 'Object Repository/lab/Page_KDMC/a_dropdown-toggle' is clicked on

2018-05-22 15:43:08 - [MESSAGE][PASSED] - Object: 'Object Repository/lab/Page_KDMC/a_dropdown-toggle' is clicked on

2018-05-22 15:43:08 - [TEST_STEP][PASSED] - click: Object: 'Object Repository/lab/Page_KDMC/a_Sign out' is clicked on

2018-05-22 15:43:09 - [MESSAGE][PASSED] - Object: 'Object Repository/lab/Page_KDMC/a_Sign out' is clicked on

2018-05-22 15:43:09 - [TEST_STEP][PASSED] - delay: Delayed 3 second(s)

2018-05-22 15:43:12 - [MESSAGE][PASSED] - Delayed 3 second(s)

2018-05-22 15:43:12 - [TEST_STEP][PASSED] - click: Object: 'Object Repository/lab/Page_KDMC/a_CMO' is clicked on

2018-05-22 15:43:12 - [MESSAGE][PASSED] - Object: 'Object Repository/lab/Page_KDMC/a_CMO' is clicked on

2018-05-22 15:43:12 - [TEST_STEP][PASSED] - setText: Text 'guru' is set on object 'Object Repository/lab/Page_CMO login/input_txtusername'

2018-05-22 15:43:12 - [MESSAGE][PASSED] - Text 'guru' is set on object 'Object Repository/lab/Page_CMO login/input_txtusername'

2018-05-22 15:43:12 - [TEST_STEP][PASSED] - setText: Text '123' is set on object 'Object Repository/lab/Page_CMO login/input_txtpassword'

2018-05-22 15:43:12 - [MESSAGE][PASSED] - Text '123' is set on object 'Object Repository/lab/Page_CMO login/input_txtpassword'

2018-05-22 15:43:12 - [TEST_STEP][PASSED] - delay: Delayed 3 second(s)

2018-05-22 15:43:15 - [MESSAGE][PASSED] - Delayed 3 second(s)

2018-05-22 15:43:15 - [TEST_STEP][PASSED] - click: Object: 'Object Repository/lab/Page_CMO login/button_Sign in' is clicked on

2018-05-22 15:43:16 - [MESSAGE][PASSED] - Object: 'Object Repository/lab/Page_CMO login/button_Sign in' is clicked on

2018-05-22 15:43:16 - [TEST_STEP][PASSED] - click: Object: 'Object Repository/lab/Page_KDMC - CMO/span_Department Wise Request' is clicked on

2018-05-22 15:43:18 - [MESSAGE][PASSED] - Object: 'Object Repository/lab/Page_KDMC - CMO/span_Department Wise Request' is clicked on

2018-05-22 15:43:18 - [TEST_STEP][PASSED] - selectOptionByIndex: All options with index in [4] are selected on object 'Object Repository/lab/Page_KDMC - CMO/select_--ALL--'

2018-05-22 15:43:18 - [MESSAGE][PASSED] - All options with index in [4] are selected on object 'Object Repository/lab/Page_KDMC - CMO/select_--ALL--'

2018-05-22 15:43:18 - [TEST_STEP][PASSED] - selectOptionByIndex: All options with index in [1] are selected on object 'Object Repository/lab/Page_KDMC - CMO/select_--ALL--                _1'

2018-05-22 15:43:19 - [MESSAGE][PASSED] - All options with index in [1] are selected on object 'Object Repository/lab/Page_KDMC - CMO/select_--ALL--                _1'

2018-05-22 15:43:19 - [TEST_STEP][PASSED] - click: Object: 'Object Repository/lab/Page_KDMC - CMO/input_btnsearch' is clicked on

2018-05-22 15:43:19 - [MESSAGE][PASSED] - Object: 'Object Repository/lab/Page_KDMC - CMO/input_btnsearch' is clicked on

2018-05-22 15:43:19 - [TEST_STEP][PASSED] - Statement - ID = com.kms.katalon.core.webui.keyword.WebUiBuiltInKeywords.modifyObjectProperty(com.kms.katalon.core.testobject.ObjectRepository.findTestObject(lab/Page_KDMC - CMO/input_1), "xpath", "equals", "//*[@id=" + RID + "]", true): Modify property of object successfully

2018-05-22 15:43:19 - [MESSAGE][PASSED] - Modify property of object successfully

2018-05-22 15:43:19 - [TEST_STEP][PASSED] - click: Object: 'Object Repository/lab/Page_KDMC - CMO/input_1' is clicked on

2018-05-22 15:43:20 - [MESSAGE][PASSED] - Object: 'Object Repository/lab/Page_KDMC - CMO/input_1' is clicked on

2018-05-22 15:43:20 - [TEST_STEP][PASSED] - delay: Delayed 2 second(s)

2018-05-22 15:43:22 - [MESSAGE][PASSED] - Delayed 2 second(s)

2018-05-22 15:43:22 - [TEST_STEP][PASSED] - selectOptionByIndex: All options with index in [1] are selected on object 'Object Repository/lab/Page_KDMC - CMO/select_--Select--'

2018-05-22 15:43:22 - [MESSAGE][PASSED] - All options with index in [1] are selected on object 'Object Repository/lab/Page_KDMC - CMO/select_--Select--'

2018-05-22 15:43:22 - [TEST_STEP][PASSED] - click: Object: 'Object Repository/lab/Page_KDMC - CMO/input_btnupdate' is clicked on

2018-05-22 15:43:22 - [MESSAGE][PASSED] - Object: 'Object Repository/lab/Page_KDMC - CMO/input_btnupdate' is clicked on

2018-05-22 15:43:22 - [TEST_STEP][PASSED] - delay: Delayed 2 second(s)

2018-05-22 15:43:24 - [MESSAGE][PASSED] - Delayed 2 second(s)

2018-05-22 15:43:24 - [TEST_STEP][PASSED] - click: Object: 'Object Repository/lab/Page_KDMC - CMO/button_OK' is clicked on

2018-05-22 15:43:24 - [MESSAGE][PASSED] - Object: 'Object Repository/lab/Page_KDMC - CMO/button_OK' is clicked on

2018-05-22 15:43:24 - [TEST_STEP][PASSED] - delay: Delayed 3 second(s)

2018-05-22 15:43:27 - [MESSAGE][PASSED] - Delayed 3 second(s)

2018-05-22 15:43:27 - [TEST_STEP][PASSED] - click: Object: 'Object Repository/lab/Page_KDMC - CMO/a_dropdown-toggle' is clicked on

2018-05-22 15:43:28 - [MESSAGE][PASSED] - Object: 'Object Repository/lab/Page_KDMC - CMO/a_dropdown-toggle' is clicked on

2018-05-22 15:43:28 - [TEST_STEP][PASSED] - click: Object: 'Object Repository/lab/Page_KDMC - CMO/a_Sign out' is clicked on

2018-05-22 15:43:28 - [MESSAGE][PASSED] - Object: 'Object Repository/lab/Page_KDMC - CMO/a_Sign out' is clicked on

2018-05-22 15:43:28 - [TEST_STEP][PASSED] - delay: Delayed 3 second(s)

2018-05-22 15:43:31 - [MESSAGE][PASSED] - Delayed 3 second(s)

2018-05-22 15:43:31 - [TEST_STEP][PASSED] - click: Object: 'Object Repository/lab/Page_KDMC/a_Divisional Store' is clicked on

2018-05-22 15:43:32 - [MESSAGE][PASSED] - Object: 'Object Repository/lab/Page_KDMC/a_Divisional Store' is clicked on

2018-05-22 15:43:32 - [TEST_STEP][PASSED] - setText: Text 'ragu' is set on object 'Object Repository/lab/Page_Divisonal Store Login/input_txtusername'

2018-05-22 15:43:32 - [MESSAGE][PASSED] - Text 'ragu' is set on object 'Object Repository/lab/Page_Divisonal Store Login/input_txtusername'

2018-05-22 15:43:32 - [TEST_STEP][PASSED] - setText: Text '123' is set on object 'Object Repository/lab/Page_Divisonal Store Login/input_txtpassword'

2018-05-22 15:43:32 - [MESSAGE][PASSED] - Text '123' is set on object 'Object Repository/lab/Page_Divisonal Store Login/input_txtpassword'

2018-05-22 15:43:32 - [TEST_STEP][PASSED] - delay: Delayed 3 second(s)

2018-05-22 15:43:35 - [MESSAGE][PASSED] - Delayed 3 second(s)

2018-05-22 15:43:35 - [TEST_STEP][PASSED] - click: Object: 'Object Repository/lab/Page_Divisonal Store Login/button_Sign in' is clicked on

2018-05-22 15:43:37 - [MESSAGE][PASSED] - Object: 'Object Repository/lab/Page_Divisonal Store Login/button_Sign in' is clicked on

2018-05-22 15:43:37 - [TEST_STEP][PASSED] - delay: Delayed 3 second(s)

2018-05-22 15:43:40 - [MESSAGE][PASSED] - Delayed 3 second(s)

2018-05-22 15:43:40 - [TEST_STEP][PASSED] - click: Object: 'Object Repository/lab/Page_Store/a_Lab Request' is clicked on

2018-05-22 15:43:40 - [MESSAGE][PASSED] - Object: 'Object Repository/lab/Page_Store/a_Lab Request' is clicked on

2018-05-22 15:43:40 - [TEST_STEP][PASSED] - click: Object: 'Object Repository/lab/Page_Store/a_Request Item Lab' is clicked on

2018-05-22 15:43:40 - [MESSAGE][PASSED] - Object: 'Object Repository/lab/Page_Store/a_Request Item Lab' is clicked on

2018-05-22 15:43:40 - [TEST_STEP][PASSED] - Statement - ChooseRequest = com.kms.katalon.core.webui.keyword.WebUiBuiltInKeywords.modifyObjectProperty(com.kms.katalon.core.testobject.ObjectRepository.findTestObject(lab/Page_Store/input_1), "xpath", "equals", "//*[@id=" + RID + "]", true): Modify property of object successfully

2018-05-22 15:43:40 - [MESSAGE][PASSED] - Modify property of object successfully

2018-05-22 15:43:40 - [TEST_STEP][PASSED] - click: Object: 'Object Repository/lab/Page_Store/input_1' is clicked on

2018-05-22 15:43:42 - [MESSAGE][PASSED] - Object: 'Object Repository/lab/Page_Store/input_1' is clicked on

2018-05-22 15:43:42 - [TEST_STEP][PASSED] - delay: Delayed 2 second(s)

2018-05-22 15:43:44 - [MESSAGE][PASSED] - Delayed 2 second(s)

2018-05-22 15:43:44 - [TEST_STEP][PASSED] - Statement - selectedoptions = com.kms.katalon.core.webui.keyword.WebUiBuiltInKeywords.getNumberOfTotalOption(com.kms.katalon.core.testobject.ObjectRepository.findTestObject(lab/Page_Store/select_--Select--E.C.G. Jelly)): 17 options of object 'Object Repository/lab/Page_Store/select_--Select--E.C.G. Jelly' counted

2018-05-22 15:43:44 - [MESSAGE][PASSED] - 17 options of object 'Object Repository/lab/Page_Store/select_--Select--E.C.G. Jelly' counted

2018-05-22 15:43:44 - [TEST_STEP][PASSED] - Statement - For ([a = 1, a <= selectedoptions - 1, (a++)]): null

2018-05-22 15:43:44 - [TEST_STEP][PASSED] - selectOptionByIndex: All options with index in [1] are selected on object 'Object Repository/lab/Page_Store/select_--Select--E.C.G. Jelly'

2018-05-22 15:43:44 - [MESSAGE][PASSED] - All options with index in [1] are selected on object 'Object Repository/lab/Page_Store/select_--Select--E.C.G. Jelly'

2018-05-22 15:43:44 - [TEST_STEP][PASSED] - delay: Delayed 2 second(s)

2018-05-22 15:43:46 - [MESSAGE][PASSED] - Delayed 2 second(s)

2018-05-22 15:43:46 - [TEST_STEP][PASSED] - Statement - RequestedQty = com.kms.katalon.core.webui.keyword.WebUiBuiltInKeywords.getAttribute(com.kms.katalon.core.testobject.ObjectRepository.findTestObject(lab/Page_Store/input_txttotal), "value"): Attribute 'value' of object 'Object Repository/lab/Page_Store/input_txttotal' is: '10'

2018-05-22 15:43:46 - [MESSAGE][PASSED] - Attribute 'value' of object 'Object Repository/lab/Page_Store/input_txttotal' is: '10'

2018-05-22 15:43:46 - [TEST_STEP][PASSED] - Statement - out.println("Requested QTY : " + RequestedQty): null

2018-05-22 15:43:46 - [TEST_STEP][PASSED] - Statement - BatchNumber = com.kms.katalon.core.webui.keyword.WebUiBuiltInKeywords.getNumberOfTotalOption(com.kms.katalon.core.testobject.ObjectRepository.findTestObject(lab/Page_Store/select_--Select--BA50)): 3 options of object 'Object Repository/lab/Page_Store/select_--Select--BA50' counted

2018-05-22 15:43:46 - [MESSAGE][PASSED] - 3 options of object 'Object Repository/lab/Page_Store/select_--Select--BA50' counted

2018-05-22 15:43:46 - [TEST_STEP][PASSED] - Statement - For ([g = 1, g <= BatchNumber - 1, (g++)]): null

2018-05-22 15:43:46 - [TEST_STEP][PASSED] - selectOptionByIndex: All options with index in [1] are selected on object 'Object Repository/lab/Page_Store/select_--Select--BA50'

2018-05-22 15:43:46 - [MESSAGE][PASSED] - All options with index in [1] are selected on object 'Object Repository/lab/Page_Store/select_--Select--BA50'

2018-05-22 15:43:46 - [TEST_STEP][PASSED] - delay: Delayed 2 second(s)

2018-05-22 15:43:48 - [MESSAGE][PASSED] - Delayed 2 second(s)

2018-05-22 15:43:48 - [TEST_STEP][PASSED] - Statement - Try: null

2018-05-22 15:43:48 - [TEST_STEP][PASSED] - Statement - StockQty = com.kms.katalon.core.webui.keyword.WebUiBuiltInKeywords.getAttribute(com.kms.katalon.core.testobject.ObjectRepository.findTestObject(lab/Page_Store/input_txtprice), "value"): Attribute 'value' of object 'Object Repository/lab/Page_Store/input_txtprice' is: '1945'

2018-05-22 15:43:48 - [MESSAGE][PASSED] - Attribute 'value' of object 'Object Repository/lab/Page_Store/input_txtprice' is: '1945'

2018-05-22 15:43:48 - [TEST_STEP][PASSED] - Statement - out.println("Stock QTY : " + StockQty): null

2018-05-22 15:43:48 - [TEST_STEP][PASSED] - delay: Delayed 2 second(s)

2018-05-22 15:43:50 - [MESSAGE][PASSED] - Delayed 2 second(s)

2018-05-22 15:43:50 - [TEST_STEP][PASSED] - Statement - If (java.lang.Integer.valueOf(StockQty) >= java.lang.Integer.valueOf(RequestedQty)): null

2018-05-22 15:43:50 - [TEST_STEP][PASSED] - Statement - out.println(" " + StockQty + " >= " + RequestedQty): null

2018-05-22 15:43:50 - [TEST_STEP][PASSED] - Statement - Try: null

2018-05-22 15:43:50 - [TEST_STEP][PASSED] - setText: Text '10' is set on object 'Object Repository/lab/Page_Store/input_txtqty'

2018-05-22 15:43:50 - [MESSAGE][PASSED] - Text '10' is set on object 'Object Repository/lab/Page_Store/input_txtqty'

2018-05-22 15:43:50 - [TEST_STEP][PASSED] - click: Object: 'Object Repository/lab/Page_Store/button_Add' is clicked on

2018-05-22 15:43:50 - [MESSAGE][PASSED] - Object: 'Object Repository/lab/Page_Store/button_Add' is clicked on

2018-05-22 15:43:50 - [TEST_STEP][PASSED] - Statement - Break: null

2018-05-22 15:43:50 - [TEST_STEP][PASSED] - selectOptionByIndex: All options with index in [2] are selected on object 'Object Repository/lab/Page_Store/select_--Select--E.C.G. Jelly'

2018-05-22 15:43:51 - [MESSAGE][PASSED] - All options with index in [2] are selected on object 'Object Repository/lab/Page_Store/select_--Select--E.C.G. Jelly'

2018-05-22 15:43:51 - [TEST_STEP][PASSED] - delay: Delayed 2 second(s)

2018-05-22 15:43:53 - [MESSAGE][PASSED] - Delayed 2 second(s)

2018-05-22 15:43:53 - [TEST_STEP][PASSED] - Statement - RequestedQty = com.kms.katalon.core.webui.keyword.WebUiBuiltInKeywords.getAttribute(com.kms.katalon.core.testobject.ObjectRepository.findTestObject(lab/Page_Store/input_txttotal), "value"): Attribute 'value' of object 'Object Repository/lab/Page_Store/input_txttotal' is: '10'

2018-05-22 15:43:53 - [MESSAGE][PASSED] - Attribute 'value' of object 'Object Repository/lab/Page_Store/input_txttotal' is: '10'

2018-05-22 15:43:53 - [TEST_STEP][PASSED] - Statement - out.println("Requested QTY : " + RequestedQty): null

2018-05-22 15:43:53 - [TEST_STEP][PASSED] - Statement - BatchNumber = com.kms.katalon.core.webui.keyword.WebUiBuiltInKeywords.getNumberOfTotalOption(com.kms.katalon.core.testobject.ObjectRepository.findTestObject(lab/Page_Store/select_--Select--BA50)): 3 options of object 'Object Repository/lab/Page_Store/select_--Select--BA50' counted

2018-05-22 15:43:53 - [MESSAGE][PASSED] - 3 options of object 'Object Repository/lab/Page_Store/select_--Select--BA50' counted

2018-05-22 15:43:53 - [TEST_STEP][PASSED] - Statement - For ([g = 1, g <= BatchNumber - 1, (g++)]): null

2018-05-22 15:43:53 - [TEST_STEP][PASSED] - selectOptionByIndex: All options with index in [1] are selected on object 'Object Repository/lab/Page_Store/select_--Select--BA50'

2018-05-22 15:43:53 - [MESSAGE][PASSED] - All options with index in [1] are selected on object 'Object Repository/lab/Page_Store/select_--Select--BA50'

2018-05-22 15:43:53 - [TEST_STEP][PASSED] - delay: Delayed 2 second(s)

2018-05-22 15:43:55 - [MESSAGE][PASSED] - Delayed 2 second(s)

2018-05-22 15:43:55 - [TEST_STEP][PASSED] - Statement - Try: null

2018-05-22 15:43:55 - [TEST_STEP][PASSED] - Statement - StockQty = com.kms.katalon.core.webui.keyword.WebUiBuiltInKeywords.getAttribute(com.kms.katalon.core.testobject.ObjectRepository.findTestObject(lab/Page_Store/input_txtprice), "value"): Attribute 'value' of object 'Object Repository/lab/Page_Store/input_txtprice' is: '1596'

2018-05-22 15:43:55 - [MESSAGE][PASSED] - Attribute 'value' of object 'Object Repository/lab/Page_Store/input_txtprice' is: '1596'

2018-05-22 15:43:55 - [TEST_STEP][PASSED] - Statement - out.println("Stock QTY : " + StockQty): null

2018-05-22 15:43:55 - [TEST_STEP][PASSED] - delay: Delayed 2 second(s)

2018-05-22 15:43:57 - [MESSAGE][PASSED] - Delayed 2 second(s)

2018-05-22 15:43:57 - [TEST_STEP][PASSED] - Statement - If (java.lang.Integer.valueOf(StockQty) >= java.lang.Integer.valueOf(RequestedQty)): null

2018-05-22 15:43:57 - [TEST_STEP][PASSED] - Statement - out.println(" " + StockQty + " >= " + RequestedQty): null

2018-05-22 15:43:57 - [TEST_STEP][PASSED] - Statement - Try: null

2018-05-22 15:43:57 - [TEST_STEP][PASSED] - setText: Text '10' is set on object 'Object Repository/lab/Page_Store/input_txtqty'

2018-05-22 15:43:57 - [MESSAGE][PASSED] - Text '10' is set on object 'Object Repository/lab/Page_Store/input_txtqty'

2018-05-22 15:43:57 - [TEST_STEP][PASSED] - click: Object: 'Object Repository/lab/Page_Store/button_Add' is clicked on

2018-05-22 15:43:57 - [MESSAGE][PASSED] - Object: 'Object Repository/lab/Page_Store/button_Add' is clicked on

2018-05-22 15:43:57 - [TEST_STEP][PASSED] - Statement - Break: null

2018-05-22 15:43:57 - [TEST_STEP][PASSED] - selectOptionByIndex: All options with index in [3] are selected on object 'Object Repository/lab/Page_Store/select_--Select--E.C.G. Jelly'

2018-05-22 15:43:57 - [MESSAGE][PASSED] - All options with index in [3] are selected on object 'Object Repository/lab/Page_Store/select_--Select--E.C.G. Jelly'

2018-05-22 15:43:57 - [TEST_STEP][PASSED] - delay: Delayed 2 second(s)

2018-05-22 15:43:59 - [MESSAGE][PASSED] - Delayed 2 second(s)

2018-05-22 15:43:59 - [TEST_STEP][PASSED] - Statement - RequestedQty = com.kms.katalon.core.webui.keyword.WebUiBuiltInKeywords.getAttribute(com.kms.katalon.core.testobject.ObjectRepository.findTestObject(lab/Page_Store/input_txttotal), "value"): Attribute 'value' of object 'Object Repository/lab/Page_Store/input_txttotal' is: '10'

2018-05-22 15:43:59 - [MESSAGE][PASSED] - Attribute 'value' of object 'Object Repository/lab/Page_Store/input_txttotal' is: '10'

2018-05-22 15:43:59 - [TEST_STEP][PASSED] - Statement - out.println("Requested QTY : " + RequestedQty): null

2018-05-22 15:43:59 - [TEST_STEP][PASSED] - Statement - BatchNumber = com.kms.katalon.core.webui.keyword.WebUiBuiltInKeywords.getNumberOfTotalOption(com.kms.katalon.core.testobject.ObjectRepository.findTestObject(lab/Page_Store/select_--Select--BA50)): 3 options of object 'Object Repository/lab/Page_Store/select_--Select--BA50' counted

2018-05-22 15:43:59 - [MESSAGE][PASSED] - 3 options of object 'Object Repository/lab/Page_Store/select_--Select--BA50' counted

2018-05-22 15:43:59 - [TEST_STEP][PASSED] - Statement - For ([g = 1, g <= BatchNumber - 1, (g++)]): null

2018-05-22 15:43:59 - [TEST_STEP][PASSED] - selectOptionByIndex: All options with index in [1] are selected on object 'Object Repository/lab/Page_Store/select_--Select--BA50'

2018-05-22 15:43:59 - [MESSAGE][PASSED] - All options with index in [1] are selected on object 'Object Repository/lab/Page_Store/select_--Select--BA50'

2018-05-22 15:43:59 - [TEST_STEP][PASSED] - delay: Delayed 2 second(s)

2018-05-22 15:44:01 - [MESSAGE][PASSED] - Delayed 2 second(s)

2018-05-22 15:44:01 - [TEST_STEP][PASSED] - Statement - Try: null

2018-05-22 15:44:01 - [TEST_STEP][PASSED] - Statement - StockQty = com.kms.katalon.core.webui.keyword.WebUiBuiltInKeywords.getAttribute(com.kms.katalon.core.testobject.ObjectRepository.findTestObject(lab/Page_Store/input_txtprice), "value"): Attribute 'value' of object 'Object Repository/lab/Page_Store/input_txtprice' is: '1850'

2018-05-22 15:44:01 - [MESSAGE][PASSED] - Attribute 'value' of object 'Object Repository/lab/Page_Store/input_txtprice' is: '1850'

2018-05-22 15:44:01 - [TEST_STEP][PASSED] - Statement - out.println("Stock QTY : " + StockQty): null

2018-05-22 15:44:01 - [TEST_STEP][PASSED] - delay: Delayed 2 second(s)

2018-05-22 15:44:03 - [MESSAGE][PASSED] - Delayed 2 second(s)

2018-05-22 15:44:03 - [TEST_STEP][PASSED] - Statement - If (java.lang.Integer.valueOf(StockQty) >= java.lang.Integer.valueOf(RequestedQty)): null

2018-05-22 15:44:03 - [TEST_STEP][PASSED] - Statement - out.println(" " + StockQty + " >= " + RequestedQty): null

2018-05-22 15:44:03 - [TEST_STEP][PASSED] - Statement - Try: null

2018-05-22 15:44:03 - [TEST_STEP][PASSED] - setText: Text '10' is set on object 'Object Repository/lab/Page_Store/input_txtqty'

2018-05-22 15:44:04 - [MESSAGE][PASSED] - Text '10' is set on object 'Object Repository/lab/Page_Store/input_txtqty'

2018-05-22 15:44:04 - [TEST_STEP][PASSED] - click: Object: 'Object Repository/lab/Page_Store/button_Add' is clicked on

2018-05-22 15:44:04 - [MESSAGE][PASSED] - Object: 'Object Repository/lab/Page_Store/button_Add' is clicked on

2018-05-22 15:44:04 - [TEST_STEP][PASSED] - Statement - Break: null

2018-05-22 15:44:04 - [TEST_STEP][PASSED] - selectOptionByIndex: All options with index in [4] are selected on object 'Object Repository/lab/Page_Store/select_--Select--E.C.G. Jelly'

2018-05-22 15:44:04 - [MESSAGE][PASSED] - All options with index in [4] are selected on object 'Object Repository/lab/Page_Store/select_--Select--E.C.G. Jelly'

2018-05-22 15:44:04 - [TEST_STEP][PASSED] - delay: Delayed 2 second(s)

2018-05-22 15:44:06 - [MESSAGE][PASSED] - Delayed 2 second(s)

2018-05-22 15:44:06 - [TEST_STEP][PASSED] - Statement - RequestedQty = com.kms.katalon.core.webui.keyword.WebUiBuiltInKeywords.getAttribute(com.kms.katalon.core.testobject.ObjectRepository.findTestObject(lab/Page_Store/input_txttotal), "value"): Attribute 'value' of object 'Object Repository/lab/Page_Store/input_txttotal' is: '10'

2018-05-22 15:44:06 - [MESSAGE][PASSED] - Attribute 'value' of object 'Object Repository/lab/Page_Store/input_txttotal' is: '10'

2018-05-22 15:44:06 - [TEST_STEP][PASSED] - Statement - out.println("Requested QTY : " + RequestedQty): null

2018-05-22 15:44:06 - [TEST_STEP][PASSED] - Statement - BatchNumber = com.kms.katalon.core.webui.keyword.WebUiBuiltInKeywords.getNumberOfTotalOption(com.kms.katalon.core.testobject.ObjectRepository.findTestObject(lab/Page_Store/select_--Select--BA50)): 3 options of object 'Object Repository/lab/Page_Store/select_--Select--BA50' counted

2018-05-22 15:44:06 - [MESSAGE][PASSED] - 3 options of object 'Object Repository/lab/Page_Store/select_--Select--BA50' counted

2018-05-22 15:44:06 - [TEST_STEP][PASSED] - Statement - For ([g = 1, g <= BatchNumber - 1, (g++)]): null

2018-05-22 15:44:06 - [TEST_STEP][PASSED] - selectOptionByIndex: All options with index in [1] are selected on object 'Object Repository/lab/Page_Store/select_--Select--BA50'

2018-05-22 15:44:06 - [MESSAGE][PASSED] - All options with index in [1] are selected on object 'Object Repository/lab/Page_Store/select_--Select--BA50'

2018-05-22 15:44:06 - [TEST_STEP][PASSED] - delay: Delayed 2 second(s)

2018-05-22 15:44:08 - [MESSAGE][PASSED] - Delayed 2 second(s)

2018-05-22 15:44:08 - [TEST_STEP][PASSED] - Statement - Try: null

2018-05-22 15:44:08 - [TEST_STEP][PASSED] - Statement - StockQty = com.kms.katalon.core.webui.keyword.WebUiBuiltInKeywords.getAttribute(com.kms.katalon.core.testobject.ObjectRepository.findTestObject(lab/Page_Store/input_txtprice), "value"): Attribute 'value' of object 'Object Repository/lab/Page_Store/input_txtprice' is: '1850'

2018-05-22 15:44:08 - [MESSAGE][PASSED] - Attribute 'value' of object 'Object Repository/lab/Page_Store/input_txtprice' is: '1850'

2018-05-22 15:44:08 - [TEST_STEP][PASSED] - Statement - out.println("Stock QTY : " + StockQty): null

2018-05-22 15:44:08 - [TEST_STEP][PASSED] - delay: Delayed 2 second(s)

2018-05-22 15:44:10 - [MESSAGE][PASSED] - Delayed 2 second(s)

2018-05-22 15:44:10 - [TEST_STEP][PASSED] - Statement - If (java.lang.Integer.valueOf(StockQty) >= java.lang.Integer.valueOf(RequestedQty)): null

2018-05-22 15:44:10 - [TEST_STEP][PASSED] - Statement - out.println(" " + StockQty + " >= " + RequestedQty): null

2018-05-22 15:44:10 - [TEST_STEP][PASSED] - Statement - Try: null

2018-05-22 15:44:10 - [TEST_STEP][PASSED] - setText: Text '10' is set on object 'Object Repository/lab/Page_Store/input_txtqty'

2018-05-22 15:44:10 - [MESSAGE][PASSED] - Text '10' is set on object 'Object Repository/lab/Page_Store/input_txtqty'

2018-05-22 15:44:10 - [TEST_STEP][PASSED] - click: Object: 'Object Repository/lab/Page_Store/button_Add' is clicked on

2018-05-22 15:44:10 - [MESSAGE][PASSED] - Object: 'Object Repository/lab/Page_Store/button_Add' is clicked on

2018-05-22 15:44:10 - [TEST_STEP][PASSED] - Statement - Break: null

2018-05-22 15:44:10 - [TEST_STEP][PASSED] - selectOptionByIndex: All options with index in [5] are selected on object 'Object Repository/lab/Page_Store/select_--Select--E.C.G. Jelly'

2018-05-22 15:44:10 - [MESSAGE][PASSED] - All options with index in [5] are selected on object 'Object Repository/lab/Page_Store/select_--Select--E.C.G. Jelly'

2018-05-22 15:44:10 - [TEST_STEP][PASSED] - delay: Delayed 2 second(s)

2018-05-22 15:44:12 - [MESSAGE][PASSED] - Delayed 2 second(s)

2018-05-22 15:44:12 - [TEST_STEP][PASSED] - Statement - RequestedQty = com.kms.katalon.core.webui.keyword.WebUiBuiltInKeywords.getAttribute(com.kms.katalon.core.testobject.ObjectRepository.findTestObject(lab/Page_Store/input_txttotal), "value"): Attribute 'value' of object 'Object Repository/lab/Page_Store/input_txttotal' is: '10'

2018-05-22 15:44:12 - [MESSAGE][PASSED] - Attribute 'value' of object 'Object Repository/lab/Page_Store/input_txttotal' is: '10'

2018-05-22 15:44:12 - [TEST_STEP][PASSED] - Statement - out.println("Requested QTY : " + RequestedQty): null

2018-05-22 15:44:12 - [TEST_STEP][PASSED] - Statement - BatchNumber = com.kms.katalon.core.webui.keyword.WebUiBuiltInKeywords.getNumberOfTotalOption(com.kms.katalon.core.testobject.ObjectRepository.findTestObject(lab/Page_Store/select_--Select--BA50)): 3 options of object 'Object Repository/lab/Page_Store/select_--Select--BA50' counted

2018-05-22 15:44:13 - [MESSAGE][PASSED] - 3 options of object 'Object Repository/lab/Page_Store/select_--Select--BA50' counted

2018-05-22 15:44:13 - [TEST_STEP][PASSED] - Statement - For ([g = 1, g <= BatchNumber - 1, (g++)]): null

2018-05-22 15:44:13 - [TEST_STEP][PASSED] - selectOptionByIndex: All options with index in [1] are selected on object 'Object Repository/lab/Page_Store/select_--Select--BA50'

2018-05-22 15:44:13 - [MESSAGE][PASSED] - All options with index in [1] are selected on object 'Object Repository/lab/Page_Store/select_--Select--BA50'

2018-05-22 15:44:13 - [TEST_STEP][PASSED] - delay: Delayed 2 second(s)

2018-05-22 15:44:15 - [MESSAGE][PASSED] - Delayed 2 second(s)

2018-05-22 15:44:15 - [TEST_STEP][PASSED] - Statement - Try: null

2018-05-22 15:44:15 - [TEST_STEP][PASSED] - Statement - StockQty = com.kms.katalon.core.webui.keyword.WebUiBuiltInKeywords.getAttribute(com.kms.katalon.core.testobject.ObjectRepository.findTestObject(lab/Page_Store/input_txtprice), "value"): Attribute 'value' of object 'Object Repository/lab/Page_Store/input_txtprice' is: '1860'

2018-05-22 15:44:15 - [MESSAGE][PASSED] - Attribute 'value' of object 'Object Repository/lab/Page_Store/input_txtprice' is: '1860'

2018-05-22 15:44:15 - [TEST_STEP][PASSED] - Statement - out.println("Stock QTY : " + StockQty): null

2018-05-22 15:44:15 - [TEST_STEP][PASSED] - delay: Delayed 2 second(s)

2018-05-22 15:44:17 - [MESSAGE][PASSED] - Delayed 2 second(s)

2018-05-22 15:44:17 - [TEST_STEP][PASSED] - Statement - If (java.lang.Integer.valueOf(StockQty) >= java.lang.Integer.valueOf(RequestedQty)): null

2018-05-22 15:44:17 - [TEST_STEP][PASSED] - Statement - out.println(" " + StockQty + " >= " + RequestedQty): null

2018-05-22 15:44:17 - [TEST_STEP][PASSED] - Statement - Try: null

2018-05-22 15:44:17 - [TEST_STEP][PASSED] - setText: Text '10' is set on object 'Object Repository/lab/Page_Store/input_txtqty'

2018-05-22 15:44:17 - [MESSAGE][PASSED] - Text '10' is set on object 'Object Repository/lab/Page_Store/input_txtqty'

2018-05-22 15:44:17 - [TEST_STEP][PASSED] - click: Object: 'Object Repository/lab/Page_Store/button_Add' is clicked on

2018-05-22 15:44:17 - [MESSAGE][PASSED] - Object: 'Object Repository/lab/Page_Store/button_Add' is clicked on

2018-05-22 15:44:17 - [TEST_STEP][PASSED] - Statement - Break: null

2018-05-22 15:44:17 - [TEST_STEP][PASSED] - selectOptionByIndex: All options with index in [6] are selected on object 'Object Repository/lab/Page_Store/select_--Select--E.C.G. Jelly'

2018-05-22 15:44:17 - [MESSAGE][PASSED] - All options with index in [6] are selected on object 'Object Repository/lab/Page_Store/select_--Select--E.C.G. Jelly'

2018-05-22 15:44:17 - [TEST_STEP][PASSED] - delay: Delayed 2 second(s)

2018-05-22 15:44:19 - [MESSAGE][PASSED] - Delayed 2 second(s)

2018-05-22 15:44:19 - [TEST_STEP][PASSED] - Statement - RequestedQty = com.kms.katalon.core.webui.keyword.WebUiBuiltInKeywords.getAttribute(com.kms.katalon.core.testobject.ObjectRepository.findTestObject(lab/Page_Store/input_txttotal), "value"): Attribute 'value' of object 'Object Repository/lab/Page_Store/input_txttotal' is: '10'

2018-05-22 15:44:19 - [MESSAGE][PASSED] - Attribute 'value' of object 'Object Repository/lab/Page_Store/input_txttotal' is: '10'

2018-05-22 15:44:19 - [TEST_STEP][PASSED] - Statement - out.println("Requested QTY : " + RequestedQty): null

2018-05-22 15:44:19 - [TEST_STEP][PASSED] - Statement - BatchNumber = com.kms.katalon.core.webui.keyword.WebUiBuiltInKeywords.getNumberOfTotalOption(com.kms.katalon.core.testobject.ObjectRepository.findTestObject(lab/Page_Store/select_--Select--BA50)): 3 options of object 'Object Repository/lab/Page_Store/select_--Select--BA50' counted

2018-05-22 15:44:19 - [MESSAGE][PASSED] - 3 options of object 'Object Repository/lab/Page_Store/select_--Select--BA50' counted

2018-05-22 15:44:19 - [TEST_STEP][PASSED] - Statement - For ([g = 1, g <= BatchNumber - 1, (g++)]): null

2018-05-22 15:44:19 - [TEST_STEP][PASSED] - selectOptionByIndex: All options with index in [1] are selected on object 'Object Repository/lab/Page_Store/select_--Select--BA50'

2018-05-22 15:44:19 - [MESSAGE][PASSED] - All options with index in [1] are selected on object 'Object Repository/lab/Page_Store/select_--Select--BA50'

2018-05-22 15:44:19 - [TEST_STEP][PASSED] - delay: Delayed 2 second(s)

2018-05-22 15:44:21 - [MESSAGE][PASSED] - Delayed 2 second(s)

2018-05-22 15:44:21 - [TEST_STEP][PASSED] - Statement - Try: null

2018-05-22 15:44:21 - [TEST_STEP][PASSED] - Statement - StockQty = com.kms.katalon.core.webui.keyword.WebUiBuiltInKeywords.getAttribute(com.kms.katalon.core.testobject.ObjectRepository.findTestObject(lab/Page_Store/input_txtprice), "value"): Attribute 'value' of object 'Object Repository/lab/Page_Store/input_txtprice' is: '1710'

2018-05-22 15:44:21 - [MESSAGE][PASSED] - Attribute 'value' of object 'Object Repository/lab/Page_Store/input_txtprice' is: '1710'

2018-05-22 15:44:21 - [TEST_STEP][PASSED] - Statement - out.println("Stock QTY : " + StockQty): null

2018-05-22 15:44:21 - [TEST_STEP][PASSED] - delay: Delayed 2 second(s)

2018-05-22 15:44:23 - [MESSAGE][PASSED] - Delayed 2 second(s)

2018-05-22 15:44:23 - [TEST_STEP][PASSED] - Statement - If (java.lang.Integer.valueOf(StockQty) >= java.lang.Integer.valueOf(RequestedQty)): null

2018-05-22 15:44:23 - [TEST_STEP][PASSED] - Statement - out.println(" " + StockQty + " >= " + RequestedQty): null

2018-05-22 15:44:23 - [TEST_STEP][PASSED] - Statement - Try: null

2018-05-22 15:44:23 - [TEST_STEP][PASSED] - setText: Text '10' is set on object 'Object Repository/lab/Page_Store/input_txtqty'

2018-05-22 15:44:23 - [MESSAGE][PASSED] - Text '10' is set on object 'Object Repository/lab/Page_Store/input_txtqty'

2018-05-22 15:44:23 - [TEST_STEP][PASSED] - click: Object: 'Object Repository/lab/Page_Store/button_Add' is clicked on

2018-05-22 15:44:24 - [MESSAGE][PASSED] - Object: 'Object Repository/lab/Page_Store/button_Add' is clicked on

2018-05-22 15:44:24 - [TEST_STEP][PASSED] - Statement - Break: null

2018-05-22 15:44:24 - [TEST_STEP][PASSED] - selectOptionByIndex: All options with index in [7] are selected on object 'Object Repository/lab/Page_Store/select_--Select--E.C.G. Jelly'

2018-05-22 15:44:24 - [MESSAGE][PASSED] - All options with index in [7] are selected on object 'Object Repository/lab/Page_Store/select_--Select--E.C.G. Jelly'

2018-05-22 15:44:24 - [TEST_STEP][PASSED] - delay: Delayed 2 second(s)

2018-05-22 15:44:26 - [MESSAGE][PASSED] - Delayed 2 second(s)

2018-05-22 15:44:26 - [TEST_STEP][PASSED] - Statement - RequestedQty = com.kms.katalon.core.webui.keyword.WebUiBuiltInKeywords.getAttribute(com.kms.katalon.core.testobject.ObjectRepository.findTestObject(lab/Page_Store/input_txttotal), "value"): Attribute 'value' of object 'Object Repository/lab/Page_Store/input_txttotal' is: '10'

2018-05-22 15:44:26 - [MESSAGE][PASSED] - Attribute 'value' of object 'Object Repository/lab/Page_Store/input_txttotal' is: '10'

2018-05-22 15:44:26 - [TEST_STEP][PASSED] - Statement - out.println("Requested QTY : " + RequestedQty): null

2018-05-22 15:44:26 - [TEST_STEP][PASSED] - Statement - BatchNumber = com.kms.katalon.core.webui.keyword.WebUiBuiltInKeywords.getNumberOfTotalOption(com.kms.katalon.core.testobject.ObjectRepository.findTestObject(lab/Page_Store/select_--Select--BA50)): 5 options of object 'Object Repository/lab/Page_Store/select_--Select--BA50' counted

2018-05-22 15:44:26 - [MESSAGE][PASSED] - 5 options of object 'Object Repository/lab/Page_Store/select_--Select--BA50' counted

2018-05-22 15:44:26 - [TEST_STEP][PASSED] - Statement - For ([g = 1, g <= BatchNumber - 1, (g++)]): null

2018-05-22 15:44:26 - [TEST_STEP][PASSED] - selectOptionByIndex: All options with index in [1] are selected on object 'Object Repository/lab/Page_Store/select_--Select--BA50'

2018-05-22 15:44:26 - [MESSAGE][PASSED] - All options with index in [1] are selected on object 'Object Repository/lab/Page_Store/select_--Select--BA50'

2018-05-22 15:44:26 - [TEST_STEP][PASSED] - delay: Delayed 2 second(s)

2018-05-22 15:44:28 - [MESSAGE][PASSED] - Delayed 2 second(s)

2018-05-22 15:44:28 - [TEST_STEP][PASSED] - Statement - Try: null

2018-05-22 15:44:28 - [TEST_STEP][PASSED] - Statement - StockQty = com.kms.katalon.core.webui.keyword.WebUiBuiltInKeywords.getAttribute(com.kms.katalon.core.testobject.ObjectRepository.findTestObject(lab/Page_Store/input_txtprice), "value"): Attribute 'value' of object 'Object Repository/lab/Page_Store/input_txtprice' is: '4'

2018-05-22 15:44:28 - [MESSAGE][PASSED] - Attribute 'value' of object 'Object Repository/lab/Page_Store/input_txtprice' is: '4'

2018-05-22 15:44:28 - [TEST_STEP][PASSED] - Statement - out.println("Stock QTY : " + StockQty): null

2018-05-22 15:44:28 - [TEST_STEP][PASSED] - delay: Delayed 2 second(s)

2018-05-22 15:44:30 - [MESSAGE][PASSED] - Delayed 2 second(s)

2018-05-22 15:44:30 - [TEST_STEP][PASSED] - Statement - If (java.lang.Integer.valueOf(StockQty) >= java.lang.Integer.valueOf(RequestedQty)): null

2018-05-22 15:44:30 - [TEST_STEP][PASSED] - Statement - Else: null

2018-05-22 15:44:30 - [TEST_STEP][PASSED] - Statement - out.println("Stock Is Less Than Requested Qty"): null

2018-05-22 15:44:30 - [TEST_STEP][PASSED] - selectOptionByIndex: All options with index in [2] are selected on object 'Object Repository/lab/Page_Store/select_--Select--BA50'

2018-05-22 15:44:30 - [MESSAGE][PASSED] - All options with index in [2] are selected on object 'Object Repository/lab/Page_Store/select_--Select--BA50'

2018-05-22 15:44:30 - [TEST_STEP][PASSED] - delay: Delayed 2 second(s)

2018-05-22 15:44:32 - [MESSAGE][PASSED] - Delayed 2 second(s)

2018-05-22 15:44:32 - [TEST_STEP][PASSED] - Statement - Try: null

2018-05-22 15:44:32 - [TEST_STEP][PASSED] - Statement - StockQty = com.kms.katalon.core.webui.keyword.WebUiBuiltInKeywords.getAttribute(com.kms.katalon.core.testobject.ObjectRepository.findTestObject(lab/Page_Store/input_txtprice), "value"): Attribute 'value' of object 'Object Repository/lab/Page_Store/input_txtprice' is: '1597'

2018-05-22 15:44:32 - [MESSAGE][PASSED] - Attribute 'value' of object 'Object Repository/lab/Page_Store/input_txtprice' is: '1597'

2018-05-22 15:44:32 - [TEST_STEP][PASSED] - Statement - out.println("Stock QTY : " + StockQty): null

2018-05-22 15:44:32 - [TEST_STEP][PASSED] - delay: Delayed 2 second(s)

2018-05-22 15:44:34 - [MESSAGE][PASSED] - Delayed 2 second(s)

2018-05-22 15:44:34 - [TEST_STEP][PASSED] - Statement - If (java.lang.Integer.valueOf(StockQty) >= java.lang.Integer.valueOf(RequestedQty)): null

2018-05-22 15:44:34 - [TEST_STEP][PASSED] - Statement - out.println(" " + StockQty + " >= " + RequestedQty): null

2018-05-22 15:44:34 - [TEST_STEP][PASSED] - Statement - Try: null

2018-05-22 15:44:34 - [TEST_STEP][PASSED] - setText: Text '10' is set on object 'Object Repository/lab/Page_Store/input_txtqty'

2018-05-22 15:44:34 - [MESSAGE][PASSED] - Text '10' is set on object 'Object Repository/lab/Page_Store/input_txtqty'

2018-05-22 15:44:34 - [TEST_STEP][PASSED] - click: Object: 'Object Repository/lab/Page_Store/button_Add' is clicked on

2018-05-22 15:44:34 - [MESSAGE][PASSED] - Object: 'Object Repository/lab/Page_Store/button_Add' is clicked on

2018-05-22 15:44:34 - [TEST_STEP][PASSED] - Statement - Break: null

2018-05-22 15:44:34 - [TEST_STEP][PASSED] - selectOptionByIndex: All options with index in [8] are selected on object 'Object Repository/lab/Page_Store/select_--Select--E.C.G. Jelly'

2018-05-22 15:44:35 - [MESSAGE][PASSED] - All options with index in [8] are selected on object 'Object Repository/lab/Page_Store/select_--Select--E.C.G. Jelly'

2018-05-22 15:44:35 - [TEST_STEP][PASSED] - delay: Delayed 2 second(s)

2018-05-22 15:44:37 - [MESSAGE][PASSED] - Delayed 2 second(s)

2018-05-22 15:44:37 - [TEST_STEP][PASSED] - Statement - RequestedQty = com.kms.katalon.core.webui.keyword.WebUiBuiltInKeywords.getAttribute(com.kms.katalon.core.testobject.ObjectRepository.findTestObject(lab/Page_Store/input_txttotal), "value"): Attribute 'value' of object 'Object Repository/lab/Page_Store/input_txttotal' is: '10'

2018-05-22 15:44:37 - [MESSAGE][PASSED] - Attribute 'value' of object 'Object Repository/lab/Page_Store/input_txttotal' is: '10'

2018-05-22 15:44:37 - [TEST_STEP][PASSED] - Statement - out.println("Requested QTY : " + RequestedQty): null

2018-05-22 15:44:37 - [TEST_STEP][PASSED] - Statement - BatchNumber = com.kms.katalon.core.webui.keyword.WebUiBuiltInKeywords.getNumberOfTotalOption(com.kms.katalon.core.testobject.ObjectRepository.findTestObject(lab/Page_Store/select_--Select--BA50)): 3 options of object 'Object Repository/lab/Page_Store/select_--Select--BA50' counted

2018-05-22 15:44:37 - [MESSAGE][PASSED] - 3 options of object 'Object Repository/lab/Page_Store/select_--Select--BA50' counted

2018-05-22 15:44:37 - [TEST_STEP][PASSED] - Statement - For ([g = 1, g <= BatchNumber - 1, (g++)]): null

2018-05-22 15:44:37 - [TEST_STEP][PASSED] - selectOptionByIndex: All options with index in [1] are selected on object 'Object Repository/lab/Page_Store/select_--Select--BA50'

2018-05-22 15:44:37 - [MESSAGE][PASSED] - All options with index in [1] are selected on object 'Object Repository/lab/Page_Store/select_--Select--BA50'

2018-05-22 15:44:37 - [TEST_STEP][PASSED] - delay: Delayed 2 second(s)

2018-05-22 15:44:39 - [MESSAGE][PASSED] - Delayed 2 second(s)

2018-05-22 15:44:39 - [TEST_STEP][PASSED] - Statement - Try: null

2018-05-22 15:44:39 - [TEST_STEP][PASSED] - Statement - StockQty = com.kms.katalon.core.webui.keyword.WebUiBuiltInKeywords.getAttribute(com.kms.katalon.core.testobject.ObjectRepository.findTestObject(lab/Page_Store/input_txtprice), "value"): Attribute 'value' of object 'Object Repository/lab/Page_Store/input_txtprice' is: '1695'

2018-05-22 15:44:39 - [MESSAGE][PASSED] - Attribute 'value' of object 'Object Repository/lab/Page_Store/input_txtprice' is: '1695'

2018-05-22 15:44:39 - [TEST_STEP][PASSED] - Statement - out.println("Stock QTY : " + StockQty): null

2018-05-22 15:44:39 - [TEST_STEP][PASSED] - delay: Delayed 2 second(s)

2018-05-22 15:44:41 - [MESSAGE][PASSED] - Delayed 2 second(s)

2018-05-22 15:44:41 - [TEST_STEP][PASSED] - Statement - If (java.lang.Integer.valueOf(StockQty) >= java.lang.Integer.valueOf(RequestedQty)): null

2018-05-22 15:44:41 - [TEST_STEP][PASSED] - Statement - out.println(" " + StockQty + " >= " + RequestedQty): null

2018-05-22 15:44:41 - [TEST_STEP][PASSED] - Statement - Try: null

2018-05-22 15:44:41 - [TEST_STEP][PASSED] - setText: Text '10' is set on object 'Object Repository/lab/Page_Store/input_txtqty'

2018-05-22 15:44:41 - [MESSAGE][PASSED] - Text '10' is set on object 'Object Repository/lab/Page_Store/input_txtqty'

2018-05-22 15:44:41 - [TEST_STEP][PASSED] - click: Object: 'Object Repository/lab/Page_Store/button_Add' is clicked on

2018-05-22 15:44:41 - [MESSAGE][PASSED] - Object: 'Object Repository/lab/Page_Store/button_Add' is clicked on

2018-05-22 15:44:41 - [TEST_STEP][PASSED] - Statement - Break: null

2018-05-22 15:44:41 - [TEST_STEP][PASSED] - selectOptionByIndex: All options with index in [9] are selected on object 'Object Repository/lab/Page_Store/select_--Select--E.C.G. Jelly'

2018-05-22 15:44:41 - [MESSAGE][PASSED] - All options with index in [9] are selected on object 'Object Repository/lab/Page_Store/select_--Select--E.C.G. Jelly'

2018-05-22 15:44:41 - [TEST_STEP][PASSED] - delay: Delayed 2 second(s)

2018-05-22 15:44:43 - [MESSAGE][PASSED] - Delayed 2 second(s)

2018-05-22 15:44:43 - [TEST_STEP][PASSED] - Statement - RequestedQty = com.kms.katalon.core.webui.keyword.WebUiBuiltInKeywords.getAttribute(com.kms.katalon.core.testobject.ObjectRepository.findTestObject(lab/Page_Store/input_txttotal), "value"): Attribute 'value' of object 'Object Repository/lab/Page_Store/input_txttotal' is: '10'

2018-05-22 15:44:43 - [MESSAGE][PASSED] - Attribute 'value' of object 'Object Repository/lab/Page_Store/input_txttotal' is: '10'

2018-05-22 15:44:43 - [TEST_STEP][PASSED] - Statement - out.println("Requested QTY : " + RequestedQty): null

2018-05-22 15:44:43 - [TEST_STEP][PASSED] - Statement - BatchNumber = com.kms.katalon.core.webui.keyword.WebUiBuiltInKeywords.getNumberOfTotalOption(com.kms.katalon.core.testobject.ObjectRepository.findTestObject(lab/Page_Store/select_--Select--BA50)): 3 options of object 'Object Repository/lab/Page_Store/select_--Select--BA50' counted

2018-05-22 15:44:44 - [MESSAGE][PASSED] - 3 options of object 'Object Repository/lab/Page_Store/select_--Select--BA50' counted

2018-05-22 15:44:44 - [TEST_STEP][PASSED] - Statement - For ([g = 1, g <= BatchNumber - 1, (g++)]): null

2018-05-22 15:44:44 - [TEST_STEP][PASSED] - selectOptionByIndex: All options with index in [1] are selected on object 'Object Repository/lab/Page_Store/select_--Select--BA50'

2018-05-22 15:44:44 - [MESSAGE][PASSED] - All options with index in [1] are selected on object 'Object Repository/lab/Page_Store/select_--Select--BA50'

2018-05-22 15:44:44 - [TEST_STEP][PASSED] - delay: Delayed 2 second(s)

2018-05-22 15:44:46 - [MESSAGE][PASSED] - Delayed 2 second(s)

2018-05-22 15:44:46 - [TEST_STEP][PASSED] - Statement - Try: null

2018-05-22 15:44:46 - [TEST_STEP][PASSED] - Statement - StockQty = com.kms.katalon.core.webui.keyword.WebUiBuiltInKeywords.getAttribute(com.kms.katalon.core.testobject.ObjectRepository.findTestObject(lab/Page_Store/input_txtprice), "value"): Attribute 'value' of object 'Object Repository/lab/Page_Store/input_txtprice' is: '1463'

2018-05-22 15:44:46 - [MESSAGE][PASSED] - Attribute 'value' of object 'Object Repository/lab/Page_Store/input_txtprice' is: '1463'

2018-05-22 15:44:46 - [TEST_STEP][PASSED] - Statement - out.println("Stock QTY : " + StockQty): null

2018-05-22 15:44:46 - [TEST_STEP][PASSED] - delay: Delayed 2 second(s)

2018-05-22 15:44:48 - [MESSAGE][PASSED] - Delayed 2 second(s)

2018-05-22 15:44:48 - [TEST_STEP][PASSED] - Statement - If (java.lang.Integer.valueOf(StockQty) >= java.lang.Integer.valueOf(RequestedQty)): null

2018-05-22 15:44:48 - [TEST_STEP][PASSED] - Statement - out.println(" " + StockQty + " >= " + RequestedQty): null

2018-05-22 15:44:48 - [TEST_STEP][PASSED] - Statement - Try: null

2018-05-22 15:44:48 - [TEST_STEP][PASSED] - setText: Text '10' is set on object 'Object Repository/lab/Page_Store/input_txtqty'

2018-05-22 15:44:48 - [MESSAGE][PASSED] - Text '10' is set on object 'Object Repository/lab/Page_Store/input_txtqty'

2018-05-22 15:44:48 - [TEST_STEP][PASSED] - click: Object: 'Object Repository/lab/Page_Store/button_Add' is clicked on

2018-05-22 15:44:48 - [MESSAGE][PASSED] - Object: 'Object Repository/lab/Page_Store/button_Add' is clicked on

2018-05-22 15:44:48 - [TEST_STEP][PASSED] - Statement - Break: null

2018-05-22 15:44:48 - [TEST_STEP][PASSED] - selectOptionByIndex: All options with index in [10] are selected on object 'Object Repository/lab/Page_Store/select_--Select--E.C.G. Jelly'

2018-05-22 15:44:48 - [MESSAGE][PASSED] - All options with index in [10] are selected on object 'Object Repository/lab/Page_Store/select_--Select--E.C.G. Jelly'

2018-05-22 15:44:48 - [TEST_STEP][PASSED] - delay: Delayed 2 second(s)

2018-05-22 15:44:50 - [MESSAGE][PASSED] - Delayed 2 second(s)

2018-05-22 15:44:50 - [TEST_STEP][PASSED] - Statement - RequestedQty = com.kms.katalon.core.webui.keyword.WebUiBuiltInKeywords.getAttribute(com.kms.katalon.core.testobject.ObjectRepository.findTestObject(lab/Page_Store/input_txttotal), "value"): Attribute 'value' of object 'Object Repository/lab/Page_Store/input_txttotal' is: '10'

2018-05-22 15:44:50 - [MESSAGE][PASSED] - Attribute 'value' of object 'Object Repository/lab/Page_Store/input_txttotal' is: '10'

2018-05-22 15:44:50 - [TEST_STEP][PASSED] - Statement - out.println("Requested QTY : " + RequestedQty): null

2018-05-22 15:44:50 - [TEST_STEP][PASSED] - Statement - BatchNumber = com.kms.katalon.core.webui.keyword.WebUiBuiltInKeywords.getNumberOfTotalOption(com.kms.katalon.core.testobject.ObjectRepository.findTestObject(lab/Page_Store/select_--Select--BA50)): 3 options of object 'Object Repository/lab/Page_Store/select_--Select--BA50' counted

2018-05-22 15:44:50 - [MESSAGE][PASSED] - 3 options of object 'Object Repository/lab/Page_Store/select_--Select--BA50' counted

2018-05-22 15:44:50 - [TEST_STEP][PASSED] - Statement - For ([g = 1, g <= BatchNumber - 1, (g++)]): null

2018-05-22 15:44:50 - [TEST_STEP][PASSED] - selectOptionByIndex: All options with index in [1] are selected on object 'Object Repository/lab/Page_Store/select_--Select--BA50'

2018-05-22 15:44:50 - [MESSAGE][PASSED] - All options with index in [1] are selected on object 'Object Repository/lab/Page_Store/select_--Select--BA50'

2018-05-22 15:44:50 - [TEST_STEP][PASSED] - delay: Delayed 2 second(s)

2018-05-22 15:44:52 - [MESSAGE][PASSED] - Delayed 2 second(s)

2018-05-22 15:44:52 - [TEST_STEP][PASSED] - Statement - Try: null

2018-05-22 15:44:52 - [TEST_STEP][PASSED] - Statement - StockQty = com.kms.katalon.core.webui.keyword.WebUiBuiltInKeywords.getAttribute(com.kms.katalon.core.testobject.ObjectRepository.findTestObject(lab/Page_Store/input_txtprice), "value"): Attribute 'value' of object 'Object Repository/lab/Page_Store/input_txtprice' is: '1850'

2018-05-22 15:44:52 - [MESSAGE][PASSED] - Attribute 'value' of object 'Object Repository/lab/Page_Store/input_txtprice' is: '1850'

2018-05-22 15:44:52 - [TEST_STEP][PASSED] - Statement - out.println("Stock QTY : " + StockQty): null

2018-05-22 15:44:52 - [TEST_STEP][PASSED] - delay: Delayed 2 second(s)

2018-05-22 15:44:54 - [MESSAGE][PASSED] - Delayed 2 second(s)

2018-05-22 15:44:54 - [TEST_STEP][PASSED] - Statement - If (java.lang.Integer.valueOf(StockQty) >= java.lang.Integer.valueOf(RequestedQty)): null

2018-05-22 15:44:54 - [TEST_STEP][PASSED] - Statement - out.println(" " + StockQty + " >= " + RequestedQty): null

2018-05-22 15:44:54 - [TEST_STEP][PASSED] - Statement - Try: null

2018-05-22 15:44:54 - [TEST_STEP][PASSED] - setText: Text '10' is set on object 'Object Repository/lab/Page_Store/input_txtqty'

2018-05-22 15:44:54 - [MESSAGE][PASSED] - Text '10' is set on object 'Object Repository/lab/Page_Store/input_txtqty'

2018-05-22 15:44:54 - [TEST_STEP][PASSED] - click: Object: 'Object Repository/lab/Page_Store/button_Add' is clicked on

2018-05-22 15:44:55 - [MESSAGE][PASSED] - Object: 'Object Repository/lab/Page_Store/button_Add' is clicked on

2018-05-22 15:44:55 - [TEST_STEP][PASSED] - Statement - Break: null

2018-05-22 15:44:55 - [TEST_STEP][PASSED] - selectOptionByIndex: All options with index in [11] are selected on object 'Object Repository/lab/Page_Store/select_--Select--E.C.G. Jelly'

2018-05-22 15:44:55 - [MESSAGE][PASSED] - All options with index in [11] are selected on object 'Object Repository/lab/Page_Store/select_--Select--E.C.G. Jelly'

2018-05-22 15:44:55 - [TEST_STEP][PASSED] - delay: Delayed 2 second(s)

2018-05-22 15:44:57 - [MESSAGE][PASSED] - Delayed 2 second(s)

2018-05-22 15:44:57 - [TEST_STEP][PASSED] - Statement - RequestedQty = com.kms.katalon.core.webui.keyword.WebUiBuiltInKeywords.getAttribute(com.kms.katalon.core.testobject.ObjectRepository.findTestObject(lab/Page_Store/input_txttotal), "value"): Attribute 'value' of object 'Object Repository/lab/Page_Store/input_txttotal' is: '10'

2018-05-22 15:44:57 - [MESSAGE][PASSED] - Attribute 'value' of object 'Object Repository/lab/Page_Store/input_txttotal' is: '10'

2018-05-22 15:44:57 - [TEST_STEP][PASSED] - Statement - out.println("Requested QTY : " + RequestedQty): null

2018-05-22 15:44:57 - [TEST_STEP][PASSED] - Statement - BatchNumber = com.kms.katalon.core.webui.keyword.WebUiBuiltInKeywords.getNumberOfTotalOption(com.kms.katalon.core.testobject.ObjectRepository.findTestObject(lab/Page_Store/select_--Select--BA50)): 3 options of object 'Object Repository/lab/Page_Store/select_--Select--BA50' counted

2018-05-22 15:44:57 - [MESSAGE][PASSED] - 3 options of object 'Object Repository/lab/Page_Store/select_--Select--BA50' counted

2018-05-22 15:44:57 - [TEST_STEP][PASSED] - Statement - For ([g = 1, g <= BatchNumber - 1, (g++)]): null

2018-05-22 15:44:57 - [TEST_STEP][PASSED] - selectOptionByIndex: All options with index in [1] are selected on object 'Object Repository/lab/Page_Store/select_--Select--BA50'

2018-05-22 15:44:57 - [MESSAGE][PASSED] - All options with index in [1] are selected on object 'Object Repository/lab/Page_Store/select_--Select--BA50'

2018-05-22 15:44:57 - [TEST_STEP][PASSED] - delay: Delayed 2 second(s)

2018-05-22 15:44:59 - [MESSAGE][PASSED] - Delayed 2 second(s)

2018-05-22 15:44:59 - [TEST_STEP][PASSED] - Statement - Try: null

2018-05-22 15:44:59 - [TEST_STEP][PASSED] - Statement - StockQty = com.kms.katalon.core.webui.keyword.WebUiBuiltInKeywords.getAttribute(com.kms.katalon.core.testobject.ObjectRepository.findTestObject(lab/Page_Store/input_txtprice), "value"): Attribute 'value' of object 'Object Repository/lab/Page_Store/input_txtprice' is: '1744'

2018-05-22 15:44:59 - [MESSAGE][PASSED] - Attribute 'value' of object 'Object Repository/lab/Page_Store/input_txtprice' is: '1744'

2018-05-22 15:44:59 - [TEST_STEP][PASSED] - Statement - out.println("Stock QTY : " + StockQty): null

2018-05-22 15:44:59 - [TEST_STEP][PASSED] - delay: Delayed 2 second(s)

2018-05-22 15:45:01 - [MESSAGE][PASSED] - Delayed 2 second(s)

2018-05-22 15:45:01 - [TEST_STEP][PASSED] - Statement - If (java.lang.Integer.valueOf(StockQty) >= java.lang.Integer.valueOf(RequestedQty)): null

2018-05-22 15:45:01 - [TEST_STEP][PASSED] - Statement - out.println(" " + StockQty + " >= " + RequestedQty): null

2018-05-22 15:45:01 - [TEST_STEP][PASSED] - Statement - Try: null

2018-05-22 15:45:01 - [TEST_STEP][PASSED] - setText: Text '10' is set on object 'Object Repository/lab/Page_Store/input_txtqty'

2018-05-22 15:45:01 - [MESSAGE][PASSED] - Text '10' is set on object 'Object Repository/lab/Page_Store/input_txtqty'

2018-05-22 15:45:01 - [TEST_STEP][PASSED] - click: Object: 'Object Repository/lab/Page_Store/button_Add' is clicked on

2018-05-22 15:45:01 - [MESSAGE][PASSED] - Object: 'Object Repository/lab/Page_Store/button_Add' is clicked on

2018-05-22 15:45:01 - [TEST_STEP][PASSED] - Statement - Break: null

2018-05-22 15:45:01 - [TEST_STEP][PASSED] - selectOptionByIndex: All options with index in [12] are selected on object 'Object Repository/lab/Page_Store/select_--Select--E.C.G. Jelly'

2018-05-22 15:45:01 - [MESSAGE][PASSED] - All options with index in [12] are selected on object 'Object Repository/lab/Page_Store/select_--Select--E.C.G. Jelly'

2018-05-22 15:45:01 - [TEST_STEP][PASSED] - delay: Delayed 2 second(s)

2018-05-22 15:45:03 - [MESSAGE][PASSED] - Delayed 2 second(s)

2018-05-22 15:45:03 - [TEST_STEP][PASSED] - Statement - RequestedQty = com.kms.katalon.core.webui.keyword.WebUiBuiltInKeywords.getAttribute(com.kms.katalon.core.testobject.ObjectRepository.findTestObject(lab/Page_Store/input_txttotal), "value"): Attribute 'value' of object 'Object Repository/lab/Page_Store/input_txttotal' is: '10'

2018-05-22 15:45:03 - [MESSAGE][PASSED] - Attribute 'value' of object 'Object Repository/lab/Page_Store/input_txttotal' is: '10'

2018-05-22 15:45:03 - [TEST_STEP][PASSED] - Statement - out.println("Requested QTY : " + RequestedQty): null

2018-05-22 15:45:03 - [TEST_STEP][PASSED] - Statement - BatchNumber = com.kms.katalon.core.webui.keyword.WebUiBuiltInKeywords.getNumberOfTotalOption(com.kms.katalon.core.testobject.ObjectRepository.findTestObject(lab/Page_Store/select_--Select--BA50)): 3 options of object 'Object Repository/lab/Page_Store/select_--Select--BA50' counted

2018-05-22 15:45:04 - [MESSAGE][PASSED] - 3 options of object 'Object Repository/lab/Page_Store/select_--Select--BA50' counted

2018-05-22 15:45:04 - [TEST_STEP][PASSED] - Statement - For ([g = 1, g <= BatchNumber - 1, (g++)]): null

2018-05-22 15:45:04 - [TEST_STEP][PASSED] - selectOptionByIndex: All options with index in [1] are selected on object 'Object Repository/lab/Page_Store/select_--Select--BA50'

2018-05-22 15:45:04 - [MESSAGE][PASSED] - All options with index in [1] are selected on object 'Object Repository/lab/Page_Store/select_--Select--BA50'

2018-05-22 15:45:04 - [TEST_STEP][PASSED] - delay: Delayed 2 second(s)

2018-05-22 15:45:06 - [MESSAGE][PASSED] - Delayed 2 second(s)

2018-05-22 15:45:06 - [TEST_STEP][PASSED] - Statement - Try: null

2018-05-22 15:45:06 - [TEST_STEP][PASSED] - Statement - StockQty = com.kms.katalon.core.webui.keyword.WebUiBuiltInKeywords.getAttribute(com.kms.katalon.core.testobject.ObjectRepository.findTestObject(lab/Page_Store/input_txtprice), "value"): Attribute 'value' of object 'Object Repository/lab/Page_Store/input_txtprice' is: '1825'

2018-05-22 15:45:06 - [MESSAGE][PASSED] - Attribute 'value' of object 'Object Repository/lab/Page_Store/input_txtprice' is: '1825'

2018-05-22 15:45:06 - [TEST_STEP][PASSED] - Statement - out.println("Stock QTY : " + StockQty): null

2018-05-22 15:45:06 - [TEST_STEP][PASSED] - delay: Delayed 2 second(s)

2018-05-22 15:45:08 - [MESSAGE][PASSED] - Delayed 2 second(s)

2018-05-22 15:45:08 - [TEST_STEP][PASSED] - Statement - If (java.lang.Integer.valueOf(StockQty) >= java.lang.Integer.valueOf(RequestedQty)): null

2018-05-22 15:45:08 - [TEST_STEP][PASSED] - Statement - out.println(" " + StockQty + " >= " + RequestedQty): null

2018-05-22 15:45:08 - [TEST_STEP][PASSED] - Statement - Try: null

2018-05-22 15:45:08 - [TEST_STEP][PASSED] - setText: Text '10' is set on object 'Object Repository/lab/Page_Store/input_txtqty'

2018-05-22 15:45:08 - [MESSAGE][PASSED] - Text '10' is set on object 'Object Repository/lab/Page_Store/input_txtqty'

2018-05-22 15:45:08 - [TEST_STEP][PASSED] - click: Object: 'Object Repository/lab/Page_Store/button_Add' is clicked on

2018-05-22 15:45:08 - [MESSAGE][PASSED] - Object: 'Object Repository/lab/Page_Store/button_Add' is clicked on

2018-05-22 15:45:08 - [TEST_STEP][PASSED] - Statement - Break: null

2018-05-22 15:45:08 - [TEST_STEP][PASSED] - selectOptionByIndex: All options with index in [13] are selected on object 'Object Repository/lab/Page_Store/select_--Select--E.C.G. Jelly'

2018-05-22 15:45:08 - [MESSAGE][PASSED] - All options with index in [13] are selected on object 'Object Repository/lab/Page_Store/select_--Select--E.C.G. Jelly'

2018-05-22 15:45:08 - [TEST_STEP][PASSED] - delay: Delayed 2 second(s)

2018-05-22 15:45:10 - [MESSAGE][PASSED] - Delayed 2 second(s)

2018-05-22 15:45:10 - [TEST_STEP][PASSED] - Statement - RequestedQty = com.kms.katalon.core.webui.keyword.WebUiBuiltInKeywords.getAttribute(com.kms.katalon.core.testobject.ObjectRepository.findTestObject(lab/Page_Store/input_txttotal), "value"): Attribute 'value' of object 'Object Repository/lab/Page_Store/input_txttotal' is: '10'

2018-05-22 15:45:10 - [MESSAGE][PASSED] - Attribute 'value' of object 'Object Repository/lab/Page_Store/input_txttotal' is: '10'

2018-05-22 15:45:10 - [TEST_STEP][PASSED] - Statement - out.println("Requested QTY : " + RequestedQty): null

2018-05-22 15:45:10 - [TEST_STEP][PASSED] - Statement - BatchNumber = com.kms.katalon.core.webui.keyword.WebUiBuiltInKeywords.getNumberOfTotalOption(com.kms.katalon.core.testobject.ObjectRepository.findTestObject(lab/Page_Store/select_--Select--BA50)): 3 options of object 'Object Repository/lab/Page_Store/select_--Select--BA50' counted

2018-05-22 15:45:10 - [MESSAGE][PASSED] - 3 options of object 'Object Repository/lab/Page_Store/select_--Select--BA50' counted

2018-05-22 15:45:10 - [TEST_STEP][PASSED] - Statement - For ([g = 1, g <= BatchNumber - 1, (g++)]): null

2018-05-22 15:45:10 - [TEST_STEP][PASSED] - selectOptionByIndex: All options with index in [1] are selected on object 'Object Repository/lab/Page_Store/select_--Select--BA50'

2018-05-22 15:45:10 - [MESSAGE][PASSED] - All options with index in [1] are selected on object 'Object Repository/lab/Page_Store/select_--Select--BA50'

2018-05-22 15:45:10 - [TEST_STEP][PASSED] - delay: Delayed 2 second(s)

2018-05-22 15:45:12 - [MESSAGE][PASSED] - Delayed 2 second(s)

2018-05-22 15:45:12 - [TEST_STEP][PASSED] - Statement - Try: null

2018-05-22 15:45:12 - [TEST_STEP][PASSED] - Statement - StockQty = com.kms.katalon.core.webui.keyword.WebUiBuiltInKeywords.getAttribute(com.kms.katalon.core.testobject.ObjectRepository.findTestObject(lab/Page_Store/input_txtprice), "value"): Attribute 'value' of object 'Object Repository/lab/Page_Store/input_txtprice' is: '95'

2018-05-22 15:45:12 - [MESSAGE][PASSED] - Attribute 'value' of object 'Object Repository/lab/Page_Store/input_txtprice' is: '95'

2018-05-22 15:45:12 - [TEST_STEP][PASSED] - Statement - out.println("Stock QTY : " + StockQty): null

2018-05-22 15:45:12 - [TEST_STEP][PASSED] - delay: Delayed 2 second(s)

2018-05-22 15:45:14 - [MESSAGE][PASSED] - Delayed 2 second(s)

2018-05-22 15:45:14 - [TEST_STEP][PASSED] - Statement - If (java.lang.Integer.valueOf(StockQty) >= java.lang.Integer.valueOf(RequestedQty)): null

2018-05-22 15:45:14 - [TEST_STEP][PASSED] - Statement - out.println(" " + StockQty + " >= " + RequestedQty): null

2018-05-22 15:45:14 - [TEST_STEP][PASSED] - Statement - Try: null

2018-05-22 15:45:14 - [TEST_STEP][PASSED] - setText: Text '10' is set on object 'Object Repository/lab/Page_Store/input_txtqty'

2018-05-22 15:45:14 - [MESSAGE][PASSED] - Text '10' is set on object 'Object Repository/lab/Page_Store/input_txtqty'

2018-05-22 15:45:14 - [TEST_STEP][PASSED] - click: Object: 'Object Repository/lab/Page_Store/button_Add' is clicked on

2018-05-22 15:45:15 - [MESSAGE][PASSED] - Object: 'Object Repository/lab/Page_Store/button_Add' is clicked on

2018-05-22 15:45:15 - [TEST_STEP][PASSED] - Statement - Break: null

2018-05-22 15:45:15 - [TEST_STEP][PASSED] - selectOptionByIndex: All options with index in [14] are selected on object 'Object Repository/lab/Page_Store/select_--Select--E.C.G. Jelly'

2018-05-22 15:45:15 - [MESSAGE][PASSED] - All options with index in [14] are selected on object 'Object Repository/lab/Page_Store/select_--Select--E.C.G. Jelly'

2018-05-22 15:45:15 - [TEST_STEP][PASSED] - delay: Delayed 2 second(s)

2018-05-22 15:45:17 - [MESSAGE][PASSED] - Delayed 2 second(s)

2018-05-22 15:45:17 - [TEST_STEP][PASSED] - Statement - RequestedQty = com.kms.katalon.core.webui.keyword.WebUiBuiltInKeywords.getAttribute(com.kms.katalon.core.testobject.ObjectRepository.findTestObject(lab/Page_Store/input_txttotal), "value"): Attribute 'value' of object 'Object Repository/lab/Page_Store/input_txttotal' is: '10'

2018-05-22 15:45:17 - [MESSAGE][PASSED] - Attribute 'value' of object 'Object Repository/lab/Page_Store/input_txttotal' is: '10'

2018-05-22 15:45:17 - [TEST_STEP][PASSED] - Statement - out.println("Requested QTY : " + RequestedQty): null

2018-05-22 15:45:17 - [TEST_STEP][PASSED] - Statement - BatchNumber = com.kms.katalon.core.webui.keyword.WebUiBuiltInKeywords.getNumberOfTotalOption(com.kms.katalon.core.testobject.ObjectRepository.findTestObject(lab/Page_Store/select_--Select--BA50)): 3 options of object 'Object Repository/lab/Page_Store/select_--Select--BA50' counted

2018-05-22 15:45:17 - [MESSAGE][PASSED] - 3 options of object 'Object Repository/lab/Page_Store/select_--Select--BA50' counted

2018-05-22 15:45:17 - [TEST_STEP][PASSED] - Statement - For ([g = 1, g <= BatchNumber - 1, (g++)]): null

2018-05-22 15:45:17 - [TEST_STEP][PASSED] - selectOptionByIndex: All options with index in [1] are selected on object 'Object Repository/lab/Page_Store/select_--Select--BA50'

2018-05-22 15:45:17 - [MESSAGE][PASSED] - All options with index in [1] are selected on object 'Object Repository/lab/Page_Store/select_--Select--BA50'

2018-05-22 15:45:17 - [TEST_STEP][PASSED] - delay: Delayed 2 second(s)

2018-05-22 15:45:19 - [MESSAGE][PASSED] - Delayed 2 second(s)

2018-05-22 15:45:19 - [TEST_STEP][PASSED] - Statement - Try: null

2018-05-22 15:45:19 - [TEST_STEP][PASSED] - Statement - StockQty = com.kms.katalon.core.webui.keyword.WebUiBuiltInKeywords.getAttribute(com.kms.katalon.core.testobject.ObjectRepository.findTestObject(lab/Page_Store/input_txtprice), "value"): Attribute 'value' of object 'Object Repository/lab/Page_Store/input_txtprice' is: '1860'

2018-05-22 15:45:19 - [MESSAGE][PASSED] - Attribute 'value' of object 'Object Repository/lab/Page_Store/input_txtprice' is: '1860'

2018-05-22 15:45:19 - [TEST_STEP][PASSED] - Statement - out.println("Stock QTY : " + StockQty): null

2018-05-22 15:45:19 - [TEST_STEP][PASSED] - delay: Delayed 2 second(s)

2018-05-22 15:45:21 - [MESSAGE][PASSED] - Delayed 2 second(s)

2018-05-22 15:45:21 - [TEST_STEP][PASSED] - Statement - If (java.lang.Integer.valueOf(StockQty) >= java.lang.Integer.valueOf(RequestedQty)): null

2018-05-22 15:45:21 - [TEST_STEP][PASSED] - Statement - out.println(" " + StockQty + " >= " + RequestedQty): null

2018-05-22 15:45:21 - [TEST_STEP][PASSED] - Statement - Try: null

2018-05-22 15:45:21 - [TEST_STEP][PASSED] - setText: Text '10' is set on object 'Object Repository/lab/Page_Store/input_txtqty'

2018-05-22 15:45:21 - [MESSAGE][PASSED] - Text '10' is set on object 'Object Repository/lab/Page_Store/input_txtqty'

2018-05-22 15:45:21 - [TEST_STEP][PASSED] - click: Object: 'Object Repository/lab/Page_Store/button_Add' is clicked on

2018-05-22 15:45:21 - [MESSAGE][PASSED] - Object: 'Object Repository/lab/Page_Store/button_Add' is clicked on

2018-05-22 15:45:21 - [TEST_STEP][PASSED] - Statement - Break: null

2018-05-22 15:45:21 - [TEST_STEP][PASSED] - selectOptionByIndex: All options with index in [15] are selected on object 'Object Repository/lab/Page_Store/select_--Select--E.C.G. Jelly'

2018-05-22 15:45:22 - [MESSAGE][PASSED] - All options with index in [15] are selected on object 'Object Repository/lab/Page_Store/select_--Select--E.C.G. Jelly'

2018-05-22 15:45:22 - [TEST_STEP][PASSED] - delay: Delayed 2 second(s)

2018-05-22 15:45:24 - [MESSAGE][PASSED] - Delayed 2 second(s)

2018-05-22 15:45:24 - [TEST_STEP][PASSED] - Statement - RequestedQty = com.kms.katalon.core.webui.keyword.WebUiBuiltInKeywords.getAttribute(com.kms.katalon.core.testobject.ObjectRepository.findTestObject(lab/Page_Store/input_txttotal), "value"): Attribute 'value' of object 'Object Repository/lab/Page_Store/input_txttotal' is: '10'

2018-05-22 15:45:24 - [MESSAGE][PASSED] - Attribute 'value' of object 'Object Repository/lab/Page_Store/input_txttotal' is: '10'

2018-05-22 15:45:24 - [TEST_STEP][PASSED] - Statement - out.println("Requested QTY : " + RequestedQty): null

2018-05-22 15:45:24 - [TEST_STEP][PASSED] - Statement - BatchNumber = com.kms.katalon.core.webui.keyword.WebUiBuiltInKeywords.getNumberOfTotalOption(com.kms.katalon.core.testobject.ObjectRepository.findTestObject(lab/Page_Store/select_--Select--BA50)): 3 options of object 'Object Repository/lab/Page_Store/select_--Select--BA50' counted

2018-05-22 15:45:24 - [MESSAGE][PASSED] - 3 options of object 'Object Repository/lab/Page_Store/select_--Select--BA50' counted

2018-05-22 15:45:24 - [TEST_STEP][PASSED] - Statement - For ([g = 1, g <= BatchNumber - 1, (g++)]): null

2018-05-22 15:45:24 - [TEST_STEP][PASSED] - selectOptionByIndex: All options with index in [1] are selected on object 'Object Repository/lab/Page_Store/select_--Select--BA50'

2018-05-22 15:45:24 - [MESSAGE][PASSED] - All options with index in [1] are selected on object 'Object Repository/lab/Page_Store/select_--Select--BA50'

2018-05-22 15:45:24 - [TEST_STEP][PASSED] - delay: Delayed 2 second(s)

2018-05-22 15:45:26 - [MESSAGE][PASSED] - Delayed 2 second(s)

2018-05-22 15:45:26 - [TEST_STEP][PASSED] - Statement - Try: null

2018-05-22 15:45:26 - [TEST_STEP][PASSED] - Statement - StockQty = com.kms.katalon.core.webui.keyword.WebUiBuiltInKeywords.getAttribute(com.kms.katalon.core.testobject.ObjectRepository.findTestObject(lab/Page_Store/input_txtprice), "value"): Attribute 'value' of object 'Object Repository/lab/Page_Store/input_txtprice' is: '1850'

2018-05-22 15:45:26 - [MESSAGE][PASSED] - Attribute 'value' of object 'Object Repository/lab/Page_Store/input_txtprice' is: '1850'

2018-05-22 15:45:26 - [TEST_STEP][PASSED] - Statement - out.println("Stock QTY : " + StockQty): null

2018-05-22 15:45:26 - [TEST_STEP][PASSED] - delay: Delayed 2 second(s)

2018-05-22 15:45:28 - [MESSAGE][PASSED] - Delayed 2 second(s)

2018-05-22 15:45:28 - [TEST_STEP][PASSED] - Statement - If (java.lang.Integer.valueOf(StockQty) >= java.lang.Integer.valueOf(RequestedQty)): null

2018-05-22 15:45:28 - [TEST_STEP][PASSED] - Statement - out.println(" " + StockQty + " >= " + RequestedQty): null

2018-05-22 15:45:28 - [TEST_STEP][PASSED] - Statement - Try: null

2018-05-22 15:45:28 - [TEST_STEP][PASSED] - setText: Text '10' is set on object 'Object Repository/lab/Page_Store/input_txtqty'

2018-05-22 15:45:28 - [MESSAGE][PASSED] - Text '10' is set on object 'Object Repository/lab/Page_Store/input_txtqty'

2018-05-22 15:45:28 - [TEST_STEP][PASSED] - click: Object: 'Object Repository/lab/Page_Store/button_Add' is clicked on

2018-05-22 15:45:28 - [MESSAGE][PASSED] - Object: 'Object Repository/lab/Page_Store/button_Add' is clicked on

2018-05-22 15:45:28 - [TEST_STEP][PASSED] - Statement - Break: null

2018-05-22 15:45:28 - [TEST_STEP][PASSED] - selectOptionByIndex: All options with index in [16] are selected on object 'Object Repository/lab/Page_Store/select_--Select--E.C.G. Jelly'

2018-05-22 15:45:28 - [MESSAGE][PASSED] - All options with index in [16] are selected on object 'Object Repository/lab/Page_Store/select_--Select--E.C.G. Jelly'

2018-05-22 15:45:28 - [TEST_STEP][PASSED] - delay: Delayed 2 second(s)

2018-05-22 15:45:30 - [MESSAGE][PASSED] - Delayed 2 second(s)

2018-05-22 15:45:30 - [TEST_STEP][PASSED] - Statement - RequestedQty = com.kms.katalon.core.webui.keyword.WebUiBuiltInKeywords.getAttribute(com.kms.katalon.core.testobject.ObjectRepository.findTestObject(lab/Page_Store/input_txttotal), "value"): Attribute 'value' of object 'Object Repository/lab/Page_Store/input_txttotal' is: '10'

2018-05-22 15:45:30 - [MESSAGE][PASSED] - Attribute 'value' of object 'Object Repository/lab/Page_Store/input_txttotal' is: '10'

2018-05-22 15:45:30 - [TEST_STEP][PASSED] - Statement - out.println("Requested QTY : " + RequestedQty): null

2018-05-22 15:45:30 - [TEST_STEP][PASSED] - Statement - BatchNumber = com.kms.katalon.core.webui.keyword.WebUiBuiltInKeywords.getNumberOfTotalOption(com.kms.katalon.core.testobject.ObjectRepository.findTestObject(lab/Page_Store/select_--Select--BA50)): 2 options of object 'Object Repository/lab/Page_Store/select_--Select--BA50' counted

2018-05-22 15:45:30 - [MESSAGE][PASSED] - 2 options of object 'Object Repository/lab/Page_Store/select_--Select--BA50' counted

2018-05-22 15:45:30 - [TEST_STEP][PASSED] - Statement - For ([g = 1, g <= BatchNumber - 1, (g++)]): null

2018-05-22 15:45:30 - [TEST_STEP][PASSED] - selectOptionByIndex: All options with index in [1] are selected on object 'Object Repository/lab/Page_Store/select_--Select--BA50'

2018-05-22 15:45:30 - [MESSAGE][PASSED] - All options with index in [1] are selected on object 'Object Repository/lab/Page_Store/select_--Select--BA50'

2018-05-22 15:45:30 - [TEST_STEP][PASSED] - delay: Delayed 2 second(s)

2018-05-22 15:45:32 - [MESSAGE][PASSED] - Delayed 2 second(s)

2018-05-22 15:45:32 - [TEST_STEP][PASSED] - Statement - Try: null

2018-05-22 15:45:32 - [TEST_STEP][PASSED] - Statement - StockQty = com.kms.katalon.core.webui.keyword.WebUiBuiltInKeywords.getAttribute(com.kms.katalon.core.testobject.ObjectRepository.findTestObject(lab/Page_Store/input_txtprice), "value"): Attribute 'value' of object 'Object Repository/lab/Page_Store/input_txtprice' is: '85'

2018-05-22 15:45:33 - [MESSAGE][PASSED] - Attribute 'value' of object 'Object Repository/lab/Page_Store/input_txtprice' is: '85'

2018-05-22 15:45:33 - [TEST_STEP][PASSED] - Statement - out.println("Stock QTY : " + StockQty): null

2018-05-22 15:45:33 - [TEST_STEP][PASSED] - delay: Delayed 2 second(s)

2018-05-22 15:45:35 - [MESSAGE][PASSED] - Delayed 2 second(s)

2018-05-22 15:45:35 - [TEST_STEP][PASSED] - Statement - If (java.lang.Integer.valueOf(StockQty) >= java.lang.Integer.valueOf(RequestedQty)): null

2018-05-22 15:45:35 - [TEST_STEP][PASSED] - Statement - out.println(" " + StockQty + " >= " + RequestedQty): null

2018-05-22 15:45:35 - [TEST_STEP][PASSED] - Statement - Try: null

2018-05-22 15:45:35 - [TEST_STEP][PASSED] - setText: Text '10' is set on object 'Object Repository/lab/Page_Store/input_txtqty'

2018-05-22 15:45:35 - [MESSAGE][PASSED] - Text '10' is set on object 'Object Repository/lab/Page_Store/input_txtqty'

2018-05-22 15:45:35 - [TEST_STEP][PASSED] - click: Object: 'Object Repository/lab/Page_Store/button_Add' is clicked on

2018-05-22 15:45:35 - [MESSAGE][PASSED] - Object: 'Object Repository/lab/Page_Store/button_Add' is clicked on

2018-05-22 15:45:35 - [TEST_STEP][PASSED] - Statement - Break: null

2018-05-22 15:45:35 - [TEST_STEP][PASSED] - scrollToElement: Scroll to object 'Object Repository/lab/Page_Store/input_btnSubmit' successfully

2018-05-22 15:45:35 - [MESSAGE][PASSED] - Scroll to object 'Object Repository/lab/Page_Store/input_btnSubmit' successfully

2018-05-22 15:45:35 - [TEST_STEP][PASSED] - Statement - Try: Object: 'Object Repository/lab/Page_Store/button_OK' is clicked on

2018-05-22 15:45:35 - [TEST_STEP][PASSED] - click: Object: 'Object Repository/lab/Page_Store/input_btnSubmit' is clicked on

2018-05-22 15:45:35 - [MESSAGE][PASSED] - Object: 'Object Repository/lab/Page_Store/input_btnSubmit' is clicked on

2018-05-22 15:45:35 - [TEST_STEP][PASSED] - delay: Delayed 3 second(s)

2018-05-22 15:45:38 - [MESSAGE][PASSED] - Delayed 3 second(s)

2018-05-22 15:45:38 - [TEST_STEP][PASSED] - click: Object: 'Object Repository/lab/Page_Store/button_OK' is clicked on

2018-05-22 15:45:39 - [MESSAGE][PASSED] - Object: 'Object Repository/lab/Page_Store/button_OK' is clicked on

2018-05-22 15:45:39 - [TEST_STEP][PASSED] - delay: Delayed 3 second(s)

2018-05-22 15:45:42 - [MESSAGE][PASSED] - Delayed 3 second(s)

2018-05-22 15:45:42 - [TEST_STEP][PASSED] - click: Object: 'Object Repository/lab/Page_Store/a_dropdown-toggle' is clicked on

2018-05-22 15:45:42 - [MESSAGE][PASSED] - Object: 'Object Repository/lab/Page_Store/a_dropdown-toggle' is clicked on

2018-05-22 15:45:42 - [TEST_STEP][PASSED] - click: Object: 'Object Repository/lab/Page_Store/a_Sign out' is clicked on

2018-05-22 15:45:43 - [MESSAGE][PASSED] - Object: 'Object Repository/lab/Page_Store/a_Sign out' is clicked on

2018-05-22 15:45:43 - [TEST_STEP][PASSED] - closeBrowser: Browser is closed

2018-05-22 15:45:43 - [MESSAGE][PASSED] - Browser is closed

2018-05-22 15:45:43 - [TEST_STEP][PASSED] - Statement - out.println("Schedule 5 Investigation Request Are Working Successfully"): null]]></system-out>
         <system-err><![CDATA[]]></system-err>
      </testcase>
      <testcase name="Test Cases/INVESTIGATION TEST CASES/TC_INV_003 Verify Schedule 6 Investigation Request Are Working Successfully Or Not" classname="Test Cases/INVESTIGATION TEST CASES/TC_INV_003 Verify Schedule 6 Investigation Request Are Working Successfully Or Not" status="FAILED">
         <failure type="FAILED" message="Unable to click on object 'Object Repository/lab/Page_Store/button_OK' (Root cause: com.kms.katalon.core.webui.exception.WebElementNotFoundException: Web element with id: 'Object Repository/lab/Page_Store/button_OK' located by 'By.xpath: /html/body/div[5]/div/div/div[2]/button[count(. | //button[@type = 'button' and (text() = 'OK' or . = 'OK')]) = count(//button[@type = 'button' and (text() = 'OK' or . = 'OK')])]' not found)"/>
         <system-out><![CDATA[2018-05-22 15:45:43 - [TEST_CASE][FAILED] - Test Cases/INVESTIGATION TEST CASES/TC_INV_003 Verify Schedule 6 Investigation Request Are Working Successfully Or Not: Test Cases/INVESTIGATION TEST CASES/TC_INV_003 Verify Schedule 6 Investigation Request Are Working Successfully Or Not FAILED because (of) Unable to click on object 'Object Repository/lab/Page_Store/button_OK' (Root cause: com.kms.katalon.core.webui.exception.WebElementNotFoundException: Web element with id: 'Object Repository/lab/Page_Store/button_OK' located by 'By.xpath: /html/body/div[5]/div/div/div[2]/button[count(. | //button[@type = 'button' and (text() = 'OK' or . = 'OK')]) = count(//button[@type = 'button' and (text() = 'OK' or . = 'OK')])]' not found)

2018-05-22 15:45:44 - [TEST_STEP][PASSED] - openBrowser: Browser is opened with url: ''

2018-05-22 15:45:46 - [MESSAGE][PASSED] - Browser is opened with url: ''

2018-05-22 15:45:46 - [TEST_STEP][PASSED] - navigateToUrl: Navigate to 'http://192.168.137.1/multihospital_new/' successfully

2018-05-22 15:45:48 - [MESSAGE][PASSED] - Navigate to 'http://192.168.137.1/multihospital_new/' successfully

2018-05-22 15:45:48 - [TEST_STEP][PASSED] - Statement - out.println(" Verify Schedule 6 Investigation Request Are Working Successfully Or Not"): null

2018-05-22 15:45:48 - [TEST_STEP][PASSED] - maximizeWindow: Current window maximized

2018-05-22 15:45:49 - [MESSAGE][PASSED] - Current window maximized

2018-05-22 15:45:49 - [TEST_STEP][PASSED] - click: Object: 'Object Repository/lab/Page_KDMC/a_Investigation' is clicked on

2018-05-22 15:45:50 - [MESSAGE][PASSED] - Object: 'Object Repository/lab/Page_KDMC/a_Investigation' is clicked on

2018-05-22 15:45:50 - [TEST_STEP][PASSED] - setText: Text 'manoj' is set on object 'Object Repository/lab/Page_Investigation login/input_txtusername'

2018-05-22 15:45:50 - [MESSAGE][PASSED] - Text 'manoj' is set on object 'Object Repository/lab/Page_Investigation login/input_txtusername'

2018-05-22 15:45:50 - [TEST_STEP][PASSED] - setText: Text '123' is set on object 'Object Repository/lab/Page_Investigation login/input_txtpassword'

2018-05-22 15:45:50 - [MESSAGE][PASSED] - Text '123' is set on object 'Object Repository/lab/Page_Investigation login/input_txtpassword'

2018-05-22 15:45:50 - [TEST_STEP][PASSED] - delay: Delayed 3 second(s)

2018-05-22 15:45:53 - [MESSAGE][PASSED] - Delayed 3 second(s)

2018-05-22 15:45:53 - [TEST_STEP][PASSED] - click: Object: 'Object Repository/lab/Page_Investigation login/button_Sign in' is clicked on

2018-05-22 15:45:54 - [MESSAGE][PASSED] - Object: 'Object Repository/lab/Page_Investigation login/button_Sign in' is clicked on

2018-05-22 15:45:54 - [TEST_STEP][PASSED] - click: Object: 'Object Repository/lab/Page_KDMC/a_Store Request' is clicked on

2018-05-22 15:45:56 - [MESSAGE][PASSED] - Object: 'Object Repository/lab/Page_KDMC/a_Store Request' is clicked on

2018-05-22 15:45:56 - [TEST_STEP][PASSED] - delay: Delayed 2 second(s)

2018-05-22 15:45:58 - [MESSAGE][PASSED] - Delayed 2 second(s)

2018-05-22 15:45:58 - [TEST_STEP][PASSED] - click: Object: 'Object Repository/lab/Page_KDMC/a_Medicine Request' is clicked on

2018-05-22 15:45:58 - [MESSAGE][PASSED] - Object: 'Object Repository/lab/Page_KDMC/a_Medicine Request' is clicked on

2018-05-22 15:45:58 - [TEST_STEP][PASSED] - selectOptionByIndex: All options with index in [3] are selected on object 'Object Repository/lab/Page_KDMC/select_--Select--Schedule 4X-r'

2018-05-22 15:45:58 - [MESSAGE][PASSED] - All options with index in [3] are selected on object 'Object Repository/lab/Page_KDMC/select_--Select--Schedule 4X-r'

2018-05-22 15:45:58 - [TEST_STEP][PASSED] - Statement - medicineslength = com.kms.katalon.core.webui.keyword.WebUiBuiltInKeywords.getNumberOfTotalOption(com.kms.katalon.core.testobject.ObjectRepository.findTestObject(lab/Page_KDMC/select_--Select--Automatic x-r)): 14 options of object 'Object Repository/lab/Page_KDMC/select_--Select--Automatic x-r' counted

2018-05-22 15:45:58 - [MESSAGE][PASSED] - 14 options of object 'Object Repository/lab/Page_KDMC/select_--Select--Automatic x-r' counted

2018-05-22 15:45:58 - [TEST_STEP][PASSED] - Statement - For ([e = 1, e < medicineslength, (e++)]): Object: 'Object Repository/lab/Page_KDMC/button_Add' is clicked on

2018-05-22 15:45:58 - [TEST_STEP][PASSED] - selectOptionByIndex: All options with index in [3] are selected on object 'Object Repository/lab/Page_KDMC/select_--Select--Schedule 4X-r'

2018-05-22 15:45:59 - [MESSAGE][PASSED] - All options with index in [3] are selected on object 'Object Repository/lab/Page_KDMC/select_--Select--Schedule 4X-r'

2018-05-22 15:45:59 - [TEST_STEP][PASSED] - selectOptionByIndex: All options with index in [1] are selected on object 'Object Repository/lab/Page_KDMC/select_--Select--Automatic x-r'

2018-05-22 15:45:59 - [MESSAGE][PASSED] - All options with index in [1] are selected on object 'Object Repository/lab/Page_KDMC/select_--Select--Automatic x-r'

2018-05-22 15:45:59 - [TEST_STEP][PASSED] - setText: Text '10' is set on object 'Object Repository/lab/Page_KDMC/input_txttreat'

2018-05-22 15:45:59 - [MESSAGE][PASSED] - Text '10' is set on object 'Object Repository/lab/Page_KDMC/input_txttreat'

2018-05-22 15:45:59 - [TEST_STEP][PASSED] - click: Object: 'Object Repository/lab/Page_KDMC/button_Add' is clicked on

2018-05-22 15:45:59 - [MESSAGE][PASSED] - Object: 'Object Repository/lab/Page_KDMC/button_Add' is clicked on

2018-05-22 15:45:59 - [TEST_STEP][PASSED] - selectOptionByIndex: All options with index in [3] are selected on object 'Object Repository/lab/Page_KDMC/select_--Select--Schedule 4X-r'

2018-05-22 15:45:59 - [MESSAGE][PASSED] - All options with index in [3] are selected on object 'Object Repository/lab/Page_KDMC/select_--Select--Schedule 4X-r'

2018-05-22 15:45:59 - [TEST_STEP][PASSED] - selectOptionByIndex: All options with index in [2] are selected on object 'Object Repository/lab/Page_KDMC/select_--Select--Automatic x-r'

2018-05-22 15:45:59 - [MESSAGE][PASSED] - All options with index in [2] are selected on object 'Object Repository/lab/Page_KDMC/select_--Select--Automatic x-r'

2018-05-22 15:45:59 - [TEST_STEP][PASSED] - setText: Text '10' is set on object 'Object Repository/lab/Page_KDMC/input_txttreat'

2018-05-22 15:45:59 - [MESSAGE][PASSED] - Text '10' is set on object 'Object Repository/lab/Page_KDMC/input_txttreat'

2018-05-22 15:45:59 - [TEST_STEP][PASSED] - click: Object: 'Object Repository/lab/Page_KDMC/button_Add' is clicked on

2018-05-22 15:45:59 - [MESSAGE][PASSED] - Object: 'Object Repository/lab/Page_KDMC/button_Add' is clicked on

2018-05-22 15:45:59 - [TEST_STEP][PASSED] - selectOptionByIndex: All options with index in [3] are selected on object 'Object Repository/lab/Page_KDMC/select_--Select--Schedule 4X-r'

2018-05-22 15:45:59 - [MESSAGE][PASSED] - All options with index in [3] are selected on object 'Object Repository/lab/Page_KDMC/select_--Select--Schedule 4X-r'

2018-05-22 15:45:59 - [TEST_STEP][PASSED] - selectOptionByIndex: All options with index in [3] are selected on object 'Object Repository/lab/Page_KDMC/select_--Select--Automatic x-r'

2018-05-22 15:46:00 - [MESSAGE][PASSED] - All options with index in [3] are selected on object 'Object Repository/lab/Page_KDMC/select_--Select--Automatic x-r'

2018-05-22 15:46:00 - [TEST_STEP][PASSED] - setText: Text '10' is set on object 'Object Repository/lab/Page_KDMC/input_txttreat'

2018-05-22 15:46:00 - [MESSAGE][PASSED] - Text '10' is set on object 'Object Repository/lab/Page_KDMC/input_txttreat'

2018-05-22 15:46:00 - [TEST_STEP][PASSED] - click: Object: 'Object Repository/lab/Page_KDMC/button_Add' is clicked on

2018-05-22 15:46:00 - [MESSAGE][PASSED] - Object: 'Object Repository/lab/Page_KDMC/button_Add' is clicked on

2018-05-22 15:46:00 - [TEST_STEP][PASSED] - selectOptionByIndex: All options with index in [3] are selected on object 'Object Repository/lab/Page_KDMC/select_--Select--Schedule 4X-r'

2018-05-22 15:46:00 - [MESSAGE][PASSED] - All options with index in [3] are selected on object 'Object Repository/lab/Page_KDMC/select_--Select--Schedule 4X-r'

2018-05-22 15:46:00 - [TEST_STEP][PASSED] - selectOptionByIndex: All options with index in [4] are selected on object 'Object Repository/lab/Page_KDMC/select_--Select--Automatic x-r'

2018-05-22 15:46:00 - [MESSAGE][PASSED] - All options with index in [4] are selected on object 'Object Repository/lab/Page_KDMC/select_--Select--Automatic x-r'

2018-05-22 15:46:00 - [TEST_STEP][PASSED] - setText: Text '10' is set on object 'Object Repository/lab/Page_KDMC/input_txttreat'

2018-05-22 15:46:00 - [MESSAGE][PASSED] - Text '10' is set on object 'Object Repository/lab/Page_KDMC/input_txttreat'

2018-05-22 15:46:00 - [TEST_STEP][PASSED] - click: Object: 'Object Repository/lab/Page_KDMC/button_Add' is clicked on

2018-05-22 15:46:00 - [MESSAGE][PASSED] - Object: 'Object Repository/lab/Page_KDMC/button_Add' is clicked on

2018-05-22 15:46:00 - [TEST_STEP][PASSED] - selectOptionByIndex: All options with index in [3] are selected on object 'Object Repository/lab/Page_KDMC/select_--Select--Schedule 4X-r'

2018-05-22 15:46:00 - [MESSAGE][PASSED] - All options with index in [3] are selected on object 'Object Repository/lab/Page_KDMC/select_--Select--Schedule 4X-r'

2018-05-22 15:46:00 - [TEST_STEP][PASSED] - selectOptionByIndex: All options with index in [5] are selected on object 'Object Repository/lab/Page_KDMC/select_--Select--Automatic x-r'

2018-05-22 15:46:00 - [MESSAGE][PASSED] - All options with index in [5] are selected on object 'Object Repository/lab/Page_KDMC/select_--Select--Automatic x-r'

2018-05-22 15:46:00 - [TEST_STEP][PASSED] - setText: Text '10' is set on object 'Object Repository/lab/Page_KDMC/input_txttreat'

2018-05-22 15:46:00 - [MESSAGE][PASSED] - Text '10' is set on object 'Object Repository/lab/Page_KDMC/input_txttreat'

2018-05-22 15:46:00 - [TEST_STEP][PASSED] - click: Object: 'Object Repository/lab/Page_KDMC/button_Add' is clicked on

2018-05-22 15:46:01 - [MESSAGE][PASSED] - Object: 'Object Repository/lab/Page_KDMC/button_Add' is clicked on

2018-05-22 15:46:01 - [TEST_STEP][PASSED] - selectOptionByIndex: All options with index in [3] are selected on object 'Object Repository/lab/Page_KDMC/select_--Select--Schedule 4X-r'

2018-05-22 15:46:01 - [MESSAGE][PASSED] - All options with index in [3] are selected on object 'Object Repository/lab/Page_KDMC/select_--Select--Schedule 4X-r'

2018-05-22 15:46:01 - [TEST_STEP][PASSED] - selectOptionByIndex: All options with index in [6] are selected on object 'Object Repository/lab/Page_KDMC/select_--Select--Automatic x-r'

2018-05-22 15:46:01 - [MESSAGE][PASSED] - All options with index in [6] are selected on object 'Object Repository/lab/Page_KDMC/select_--Select--Automatic x-r'

2018-05-22 15:46:01 - [TEST_STEP][PASSED] - setText: Text '10' is set on object 'Object Repository/lab/Page_KDMC/input_txttreat'

2018-05-22 15:46:01 - [MESSAGE][PASSED] - Text '10' is set on object 'Object Repository/lab/Page_KDMC/input_txttreat'

2018-05-22 15:46:01 - [TEST_STEP][PASSED] - click: Object: 'Object Repository/lab/Page_KDMC/button_Add' is clicked on

2018-05-22 15:46:01 - [MESSAGE][PASSED] - Object: 'Object Repository/lab/Page_KDMC/button_Add' is clicked on

2018-05-22 15:46:01 - [TEST_STEP][PASSED] - selectOptionByIndex: All options with index in [3] are selected on object 'Object Repository/lab/Page_KDMC/select_--Select--Schedule 4X-r'

2018-05-22 15:46:01 - [MESSAGE][PASSED] - All options with index in [3] are selected on object 'Object Repository/lab/Page_KDMC/select_--Select--Schedule 4X-r'

2018-05-22 15:46:01 - [TEST_STEP][PASSED] - selectOptionByIndex: All options with index in [7] are selected on object 'Object Repository/lab/Page_KDMC/select_--Select--Automatic x-r'

2018-05-22 15:46:01 - [MESSAGE][PASSED] - All options with index in [7] are selected on object 'Object Repository/lab/Page_KDMC/select_--Select--Automatic x-r'

2018-05-22 15:46:01 - [TEST_STEP][PASSED] - setText: Text '10' is set on object 'Object Repository/lab/Page_KDMC/input_txttreat'

2018-05-22 15:46:01 - [MESSAGE][PASSED] - Text '10' is set on object 'Object Repository/lab/Page_KDMC/input_txttreat'

2018-05-22 15:46:01 - [TEST_STEP][PASSED] - click: Object: 'Object Repository/lab/Page_KDMC/button_Add' is clicked on

2018-05-22 15:46:01 - [MESSAGE][PASSED] - Object: 'Object Repository/lab/Page_KDMC/button_Add' is clicked on

2018-05-22 15:46:01 - [TEST_STEP][PASSED] - selectOptionByIndex: All options with index in [3] are selected on object 'Object Repository/lab/Page_KDMC/select_--Select--Schedule 4X-r'

2018-05-22 15:46:02 - [MESSAGE][PASSED] - All options with index in [3] are selected on object 'Object Repository/lab/Page_KDMC/select_--Select--Schedule 4X-r'

2018-05-22 15:46:02 - [TEST_STEP][PASSED] - selectOptionByIndex: All options with index in [8] are selected on object 'Object Repository/lab/Page_KDMC/select_--Select--Automatic x-r'

2018-05-22 15:46:02 - [MESSAGE][PASSED] - All options with index in [8] are selected on object 'Object Repository/lab/Page_KDMC/select_--Select--Automatic x-r'

2018-05-22 15:46:02 - [TEST_STEP][PASSED] - setText: Text '10' is set on object 'Object Repository/lab/Page_KDMC/input_txttreat'

2018-05-22 15:46:02 - [MESSAGE][PASSED] - Text '10' is set on object 'Object Repository/lab/Page_KDMC/input_txttreat'

2018-05-22 15:46:02 - [TEST_STEP][PASSED] - click: Object: 'Object Repository/lab/Page_KDMC/button_Add' is clicked on

2018-05-22 15:46:02 - [MESSAGE][PASSED] - Object: 'Object Repository/lab/Page_KDMC/button_Add' is clicked on

2018-05-22 15:46:02 - [TEST_STEP][PASSED] - selectOptionByIndex: All options with index in [3] are selected on object 'Object Repository/lab/Page_KDMC/select_--Select--Schedule 4X-r'

2018-05-22 15:46:02 - [MESSAGE][PASSED] - All options with index in [3] are selected on object 'Object Repository/lab/Page_KDMC/select_--Select--Schedule 4X-r'

2018-05-22 15:46:02 - [TEST_STEP][PASSED] - selectOptionByIndex: All options with index in [9] are selected on object 'Object Repository/lab/Page_KDMC/select_--Select--Automatic x-r'

2018-05-22 15:46:02 - [MESSAGE][PASSED] - All options with index in [9] are selected on object 'Object Repository/lab/Page_KDMC/select_--Select--Automatic x-r'

2018-05-22 15:46:02 - [TEST_STEP][PASSED] - setText: Text '10' is set on object 'Object Repository/lab/Page_KDMC/input_txttreat'

2018-05-22 15:46:02 - [MESSAGE][PASSED] - Text '10' is set on object 'Object Repository/lab/Page_KDMC/input_txttreat'

2018-05-22 15:46:02 - [TEST_STEP][PASSED] - click: Object: 'Object Repository/lab/Page_KDMC/button_Add' is clicked on

2018-05-22 15:46:02 - [MESSAGE][PASSED] - Object: 'Object Repository/lab/Page_KDMC/button_Add' is clicked on

2018-05-22 15:46:02 - [TEST_STEP][PASSED] - selectOptionByIndex: All options with index in [3] are selected on object 'Object Repository/lab/Page_KDMC/select_--Select--Schedule 4X-r'

2018-05-22 15:46:02 - [MESSAGE][PASSED] - All options with index in [3] are selected on object 'Object Repository/lab/Page_KDMC/select_--Select--Schedule 4X-r'

2018-05-22 15:46:02 - [TEST_STEP][PASSED] - selectOptionByIndex: All options with index in [10] are selected on object 'Object Repository/lab/Page_KDMC/select_--Select--Automatic x-r'

2018-05-22 15:46:03 - [MESSAGE][PASSED] - All options with index in [10] are selected on object 'Object Repository/lab/Page_KDMC/select_--Select--Automatic x-r'

2018-05-22 15:46:03 - [TEST_STEP][PASSED] - setText: Text '10' is set on object 'Object Repository/lab/Page_KDMC/input_txttreat'

2018-05-22 15:46:03 - [MESSAGE][PASSED] - Text '10' is set on object 'Object Repository/lab/Page_KDMC/input_txttreat'

2018-05-22 15:46:03 - [TEST_STEP][PASSED] - click: Object: 'Object Repository/lab/Page_KDMC/button_Add' is clicked on

2018-05-22 15:46:03 - [MESSAGE][PASSED] - Object: 'Object Repository/lab/Page_KDMC/button_Add' is clicked on

2018-05-22 15:46:03 - [TEST_STEP][PASSED] - selectOptionByIndex: All options with index in [3] are selected on object 'Object Repository/lab/Page_KDMC/select_--Select--Schedule 4X-r'

2018-05-22 15:46:03 - [MESSAGE][PASSED] - All options with index in [3] are selected on object 'Object Repository/lab/Page_KDMC/select_--Select--Schedule 4X-r'

2018-05-22 15:46:03 - [TEST_STEP][PASSED] - selectOptionByIndex: All options with index in [11] are selected on object 'Object Repository/lab/Page_KDMC/select_--Select--Automatic x-r'

2018-05-22 15:46:03 - [MESSAGE][PASSED] - All options with index in [11] are selected on object 'Object Repository/lab/Page_KDMC/select_--Select--Automatic x-r'

2018-05-22 15:46:03 - [TEST_STEP][PASSED] - setText: Text '10' is set on object 'Object Repository/lab/Page_KDMC/input_txttreat'

2018-05-22 15:46:03 - [MESSAGE][PASSED] - Text '10' is set on object 'Object Repository/lab/Page_KDMC/input_txttreat'

2018-05-22 15:46:03 - [TEST_STEP][PASSED] - click: Object: 'Object Repository/lab/Page_KDMC/button_Add' is clicked on

2018-05-22 15:46:03 - [MESSAGE][PASSED] - Object: 'Object Repository/lab/Page_KDMC/button_Add' is clicked on

2018-05-22 15:46:03 - [TEST_STEP][PASSED] - selectOptionByIndex: All options with index in [3] are selected on object 'Object Repository/lab/Page_KDMC/select_--Select--Schedule 4X-r'

2018-05-22 15:46:03 - [MESSAGE][PASSED] - All options with index in [3] are selected on object 'Object Repository/lab/Page_KDMC/select_--Select--Schedule 4X-r'

2018-05-22 15:46:03 - [TEST_STEP][PASSED] - selectOptionByIndex: All options with index in [12] are selected on object 'Object Repository/lab/Page_KDMC/select_--Select--Automatic x-r'

2018-05-22 15:46:04 - [MESSAGE][PASSED] - All options with index in [12] are selected on object 'Object Repository/lab/Page_KDMC/select_--Select--Automatic x-r'

2018-05-22 15:46:04 - [TEST_STEP][PASSED] - setText: Text '10' is set on object 'Object Repository/lab/Page_KDMC/input_txttreat'

2018-05-22 15:46:04 - [MESSAGE][PASSED] - Text '10' is set on object 'Object Repository/lab/Page_KDMC/input_txttreat'

2018-05-22 15:46:04 - [TEST_STEP][PASSED] - click: Object: 'Object Repository/lab/Page_KDMC/button_Add' is clicked on

2018-05-22 15:46:04 - [MESSAGE][PASSED] - Object: 'Object Repository/lab/Page_KDMC/button_Add' is clicked on

2018-05-22 15:46:04 - [TEST_STEP][PASSED] - selectOptionByIndex: All options with index in [3] are selected on object 'Object Repository/lab/Page_KDMC/select_--Select--Schedule 4X-r'

2018-05-22 15:46:04 - [MESSAGE][PASSED] - All options with index in [3] are selected on object 'Object Repository/lab/Page_KDMC/select_--Select--Schedule 4X-r'

2018-05-22 15:46:04 - [TEST_STEP][PASSED] - selectOptionByIndex: All options with index in [13] are selected on object 'Object Repository/lab/Page_KDMC/select_--Select--Automatic x-r'

2018-05-22 15:46:04 - [MESSAGE][PASSED] - All options with index in [13] are selected on object 'Object Repository/lab/Page_KDMC/select_--Select--Automatic x-r'

2018-05-22 15:46:04 - [TEST_STEP][PASSED] - setText: Text '10' is set on object 'Object Repository/lab/Page_KDMC/input_txttreat'

2018-05-22 15:46:04 - [MESSAGE][PASSED] - Text '10' is set on object 'Object Repository/lab/Page_KDMC/input_txttreat'

2018-05-22 15:46:04 - [TEST_STEP][PASSED] - click: Object: 'Object Repository/lab/Page_KDMC/button_Add' is clicked on

2018-05-22 15:46:04 - [MESSAGE][PASSED] - Object: 'Object Repository/lab/Page_KDMC/button_Add' is clicked on

2018-05-22 15:46:04 - [TEST_STEP][PASSED] - Statement - RN1 = com.kms.katalon.core.webui.keyword.WebUiBuiltInKeywords.getAttribute(com.kms.katalon.core.testobject.ObjectRepository.findTestObject(lab/Page_KDMC/input_txtno), "value"): Attribute 'value' of object 'Object Repository/lab/Page_KDMC/input_txtno' is: 'LRNO/22052018/139'

2018-05-22 15:46:04 - [MESSAGE][PASSED] - Attribute 'value' of object 'Object Repository/lab/Page_KDMC/input_txtno' is: 'LRNO/22052018/139'

2018-05-22 15:46:04 - [TEST_STEP][PASSED] - Statement - out.println(RN1): null

2018-05-22 15:46:04 - [TEST_STEP][PASSED] - Statement - RID = RN1.split("/")[2]: null

2018-05-22 15:46:04 - [TEST_STEP][PASSED] - scrollToElement: Scroll to object 'Object Repository/lab/Page_KDMC/input_btnsave' successfully

2018-05-22 15:46:04 - [MESSAGE][PASSED] - Scroll to object 'Object Repository/lab/Page_KDMC/input_btnsave' successfully

2018-05-22 15:46:04 - [TEST_STEP][PASSED] - click: Object: 'Object Repository/lab/Page_KDMC/input_btnsave' is clicked on

2018-05-22 15:46:04 - [MESSAGE][PASSED] - Object: 'Object Repository/lab/Page_KDMC/input_btnsave' is clicked on

2018-05-22 15:46:04 - [TEST_STEP][PASSED] - delay: Delayed 3 second(s)

2018-05-22 15:46:07 - [MESSAGE][PASSED] - Delayed 3 second(s)

2018-05-22 15:46:07 - [TEST_STEP][PASSED] - click: Object: 'Object Repository/lab/Page_KDMC/button_OK' is clicked on

2018-05-22 15:46:08 - [MESSAGE][PASSED] - Object: 'Object Repository/lab/Page_KDMC/button_OK' is clicked on

2018-05-22 15:46:08 - [TEST_STEP][PASSED] - delay: Delayed 3 second(s)

2018-05-22 15:46:11 - [MESSAGE][PASSED] - Delayed 3 second(s)

2018-05-22 15:46:11 - [TEST_STEP][PASSED] - click: Object: 'Object Repository/lab/Page_KDMC/a_dropdown-toggle' is clicked on

2018-05-22 15:46:11 - [MESSAGE][PASSED] - Object: 'Object Repository/lab/Page_KDMC/a_dropdown-toggle' is clicked on

2018-05-22 15:46:11 - [TEST_STEP][PASSED] - click: Object: 'Object Repository/lab/Page_KDMC/a_Sign out' is clicked on

2018-05-22 15:46:12 - [MESSAGE][PASSED] - Object: 'Object Repository/lab/Page_KDMC/a_Sign out' is clicked on

2018-05-22 15:46:12 - [TEST_STEP][PASSED] - delay: Delayed 3 second(s)

2018-05-22 15:46:15 - [MESSAGE][PASSED] - Delayed 3 second(s)

2018-05-22 15:46:15 - [TEST_STEP][PASSED] - click: Object: 'Object Repository/lab/Page_KDMC/a_CMO' is clicked on

2018-05-22 15:46:15 - [MESSAGE][PASSED] - Object: 'Object Repository/lab/Page_KDMC/a_CMO' is clicked on

2018-05-22 15:46:15 - [TEST_STEP][PASSED] - setText: Text 'guru' is set on object 'Object Repository/lab/Page_CMO login/input_txtusername'

2018-05-22 15:46:15 - [MESSAGE][PASSED] - Text 'guru' is set on object 'Object Repository/lab/Page_CMO login/input_txtusername'

2018-05-22 15:46:15 - [TEST_STEP][PASSED] - setText: Text '123' is set on object 'Object Repository/lab/Page_CMO login/input_txtpassword'

2018-05-22 15:46:16 - [MESSAGE][PASSED] - Text '123' is set on object 'Object Repository/lab/Page_CMO login/input_txtpassword'

2018-05-22 15:46:16 - [TEST_STEP][PASSED] - delay: Delayed 3 second(s)

2018-05-22 15:46:19 - [MESSAGE][PASSED] - Delayed 3 second(s)

2018-05-22 15:46:19 - [TEST_STEP][PASSED] - click: Object: 'Object Repository/lab/Page_CMO login/button_Sign in' is clicked on

2018-05-22 15:46:19 - [MESSAGE][PASSED] - Object: 'Object Repository/lab/Page_CMO login/button_Sign in' is clicked on

2018-05-22 15:46:19 - [TEST_STEP][PASSED] - click: Object: 'Object Repository/lab/Page_KDMC - CMO/span_Department Wise Request' is clicked on

2018-05-22 15:46:21 - [MESSAGE][PASSED] - Object: 'Object Repository/lab/Page_KDMC - CMO/span_Department Wise Request' is clicked on

2018-05-22 15:46:21 - [TEST_STEP][PASSED] - selectOptionByIndex: All options with index in [4] are selected on object 'Object Repository/lab/Page_KDMC - CMO/select_--ALL--'

2018-05-22 15:46:22 - [MESSAGE][PASSED] - All options with index in [4] are selected on object 'Object Repository/lab/Page_KDMC - CMO/select_--ALL--'

2018-05-22 15:46:22 - [TEST_STEP][PASSED] - selectOptionByIndex: All options with index in [1] are selected on object 'Object Repository/lab/Page_KDMC - CMO/select_--ALL--                _1'

2018-05-22 15:46:22 - [MESSAGE][PASSED] - All options with index in [1] are selected on object 'Object Repository/lab/Page_KDMC - CMO/select_--ALL--                _1'

2018-05-22 15:46:22 - [TEST_STEP][PASSED] - click: Object: 'Object Repository/lab/Page_KDMC - CMO/input_btnsearch' is clicked on

2018-05-22 15:46:22 - [MESSAGE][PASSED] - Object: 'Object Repository/lab/Page_KDMC - CMO/input_btnsearch' is clicked on

2018-05-22 15:46:22 - [TEST_STEP][PASSED] - Statement - ID = com.kms.katalon.core.webui.keyword.WebUiBuiltInKeywords.modifyObjectProperty(com.kms.katalon.core.testobject.ObjectRepository.findTestObject(lab/Page_KDMC - CMO/input_1), "xpath", "equals", "//*[@id=" + RID + "]", true): Modify property of object successfully

2018-05-22 15:46:22 - [MESSAGE][PASSED] - Modify property of object successfully

2018-05-22 15:46:22 - [TEST_STEP][PASSED] - click: Object: 'Object Repository/lab/Page_KDMC - CMO/input_1' is clicked on

2018-05-22 15:46:23 - [MESSAGE][PASSED] - Object: 'Object Repository/lab/Page_KDMC - CMO/input_1' is clicked on

2018-05-22 15:46:23 - [TEST_STEP][PASSED] - delay: Delayed 2 second(s)

2018-05-22 15:46:25 - [MESSAGE][PASSED] - Delayed 2 second(s)

2018-05-22 15:46:25 - [TEST_STEP][PASSED] - selectOptionByIndex: All options with index in [1] are selected on object 'Object Repository/lab/Page_KDMC - CMO/select_--Select--'

2018-05-22 15:46:25 - [MESSAGE][PASSED] - All options with index in [1] are selected on object 'Object Repository/lab/Page_KDMC - CMO/select_--Select--'

2018-05-22 15:46:25 - [TEST_STEP][PASSED] - click: Object: 'Object Repository/lab/Page_KDMC - CMO/input_btnupdate' is clicked on

2018-05-22 15:46:25 - [MESSAGE][PASSED] - Object: 'Object Repository/lab/Page_KDMC - CMO/input_btnupdate' is clicked on

2018-05-22 15:46:25 - [TEST_STEP][PASSED] - delay: Delayed 2 second(s)

2018-05-22 15:46:27 - [MESSAGE][PASSED] - Delayed 2 second(s)

2018-05-22 15:46:27 - [TEST_STEP][PASSED] - click: Object: 'Object Repository/lab/Page_KDMC - CMO/button_OK' is clicked on

2018-05-22 15:46:28 - [MESSAGE][PASSED] - Object: 'Object Repository/lab/Page_KDMC - CMO/button_OK' is clicked on

2018-05-22 15:46:28 - [TEST_STEP][PASSED] - delay: Delayed 3 second(s)

2018-05-22 15:46:31 - [MESSAGE][PASSED] - Delayed 3 second(s)

2018-05-22 15:46:31 - [TEST_STEP][PASSED] - click: Object: 'Object Repository/lab/Page_KDMC - CMO/a_dropdown-toggle' is clicked on

2018-05-22 15:46:31 - [MESSAGE][PASSED] - Object: 'Object Repository/lab/Page_KDMC - CMO/a_dropdown-toggle' is clicked on

2018-05-22 15:46:31 - [TEST_STEP][PASSED] - click: Object: 'Object Repository/lab/Page_KDMC - CMO/a_Sign out' is clicked on

2018-05-22 15:46:31 - [MESSAGE][PASSED] - Object: 'Object Repository/lab/Page_KDMC - CMO/a_Sign out' is clicked on

2018-05-22 15:46:31 - [TEST_STEP][PASSED] - delay: Delayed 3 second(s)

2018-05-22 15:46:34 - [MESSAGE][PASSED] - Delayed 3 second(s)

2018-05-22 15:46:34 - [TEST_STEP][PASSED] - click: Object: 'Object Repository/lab/Page_KDMC/a_Divisional Store' is clicked on

2018-05-22 15:46:35 - [MESSAGE][PASSED] - Object: 'Object Repository/lab/Page_KDMC/a_Divisional Store' is clicked on

2018-05-22 15:46:35 - [TEST_STEP][PASSED] - setText: Text 'ragu' is set on object 'Object Repository/lab/Page_Divisonal Store Login/input_txtusername'

2018-05-22 15:46:35 - [MESSAGE][PASSED] - Text 'ragu' is set on object 'Object Repository/lab/Page_Divisonal Store Login/input_txtusername'

2018-05-22 15:46:35 - [TEST_STEP][PASSED] - setText: Text '123' is set on object 'Object Repository/lab/Page_Divisonal Store Login/input_txtpassword'

2018-05-22 15:46:35 - [MESSAGE][PASSED] - Text '123' is set on object 'Object Repository/lab/Page_Divisonal Store Login/input_txtpassword'

2018-05-22 15:46:35 - [TEST_STEP][PASSED] - delay: Delayed 3 second(s)

2018-05-22 15:46:38 - [MESSAGE][PASSED] - Delayed 3 second(s)

2018-05-22 15:46:38 - [TEST_STEP][PASSED] - click: Object: 'Object Repository/lab/Page_Divisonal Store Login/button_Sign in' is clicked on

2018-05-22 15:46:40 - [MESSAGE][PASSED] - Object: 'Object Repository/lab/Page_Divisonal Store Login/button_Sign in' is clicked on

2018-05-22 15:46:40 - [TEST_STEP][PASSED] - delay: Delayed 3 second(s)

2018-05-22 15:46:43 - [MESSAGE][PASSED] - Delayed 3 second(s)

2018-05-22 15:46:43 - [TEST_STEP][PASSED] - click: Object: 'Object Repository/lab/Page_Store/a_Lab Request' is clicked on

2018-05-22 15:46:43 - [MESSAGE][PASSED] - Object: 'Object Repository/lab/Page_Store/a_Lab Request' is clicked on

2018-05-22 15:46:43 - [TEST_STEP][PASSED] - click: Object: 'Object Repository/lab/Page_Store/a_Request Item Lab' is clicked on

2018-05-22 15:46:44 - [MESSAGE][PASSED] - Object: 'Object Repository/lab/Page_Store/a_Request Item Lab' is clicked on

2018-05-22 15:46:44 - [TEST_STEP][PASSED] - Statement - ChooseRequest = com.kms.katalon.core.webui.keyword.WebUiBuiltInKeywords.modifyObjectProperty(com.kms.katalon.core.testobject.ObjectRepository.findTestObject(lab/Page_Store/input_1), "xpath", "equals", "//*[@id=" + RID + "]", true): Modify property of object successfully

2018-05-22 15:46:44 - [MESSAGE][PASSED] - Modify property of object successfully

2018-05-22 15:46:44 - [TEST_STEP][PASSED] - click: Object: 'Object Repository/lab/Page_Store/input_1' is clicked on

2018-05-22 15:46:45 - [MESSAGE][PASSED] - Object: 'Object Repository/lab/Page_Store/input_1' is clicked on

2018-05-22 15:46:45 - [TEST_STEP][PASSED] - delay: Delayed 2 second(s)

2018-05-22 15:46:47 - [MESSAGE][PASSED] - Delayed 2 second(s)

2018-05-22 15:46:47 - [TEST_STEP][PASSED] - Statement - selectedoptions = com.kms.katalon.core.webui.keyword.WebUiBuiltInKeywords.getNumberOfTotalOption(com.kms.katalon.core.testobject.ObjectRepository.findTestObject(lab/Page_Store/select_--Select--E.C.G. Jelly)): 14 options of object 'Object Repository/lab/Page_Store/select_--Select--E.C.G. Jelly' counted

2018-05-22 15:46:47 - [MESSAGE][PASSED] - 14 options of object 'Object Repository/lab/Page_Store/select_--Select--E.C.G. Jelly' counted

2018-05-22 15:46:47 - [TEST_STEP][FAILED] - Statement - For ([a = 1, a <= selectedoptions - 1, (a++)]): Unable to click on object 'Object Repository/lab/Page_Store/button_OK' (Root cause: com.kms.katalon.core.webui.exception.WebElementNotFoundException: Web element with id: 'Object Repository/lab/Page_Store/button_OK' located by 'By.xpath: /html/body/div[5]/div/div/div[2]/button[count(. | //button[@type = 'button' and (text() = 'OK' or . = 'OK')]) = count(//button[@type = 'button' and (text() = 'OK' or . = 'OK')])]' not found)

2018-05-22 15:46:47 - [TEST_STEP][PASSED] - selectOptionByIndex: All options with index in [1] are selected on object 'Object Repository/lab/Page_Store/select_--Select--E.C.G. Jelly'

2018-05-22 15:46:47 - [MESSAGE][PASSED] - All options with index in [1] are selected on object 'Object Repository/lab/Page_Store/select_--Select--E.C.G. Jelly'

2018-05-22 15:46:47 - [TEST_STEP][PASSED] - delay: Delayed 2 second(s)

2018-05-22 15:46:49 - [MESSAGE][PASSED] - Delayed 2 second(s)

2018-05-22 15:46:49 - [TEST_STEP][PASSED] - Statement - RequestedQty = com.kms.katalon.core.webui.keyword.WebUiBuiltInKeywords.getAttribute(com.kms.katalon.core.testobject.ObjectRepository.findTestObject(lab/Page_Store/input_txttotal), "value"): Attribute 'value' of object 'Object Repository/lab/Page_Store/input_txttotal' is: '10'

2018-05-22 15:46:49 - [MESSAGE][PASSED] - Attribute 'value' of object 'Object Repository/lab/Page_Store/input_txttotal' is: '10'

2018-05-22 15:46:49 - [TEST_STEP][PASSED] - Statement - out.println("Requested QTY : " + RequestedQty): null

2018-05-22 15:46:49 - [TEST_STEP][PASSED] - Statement - BatchNumber = com.kms.katalon.core.webui.keyword.WebUiBuiltInKeywords.getNumberOfTotalOption(com.kms.katalon.core.testobject.ObjectRepository.findTestObject(lab/Page_Store/select_--Select--BA50)): 3 options of object 'Object Repository/lab/Page_Store/select_--Select--BA50' counted

2018-05-22 15:46:49 - [MESSAGE][PASSED] - 3 options of object 'Object Repository/lab/Page_Store/select_--Select--BA50' counted

2018-05-22 15:46:49 - [TEST_STEP][PASSED] - Statement - For ([g = 1, g <= BatchNumber - 1, (g++)]): null

2018-05-22 15:46:49 - [TEST_STEP][PASSED] - selectOptionByIndex: All options with index in [1] are selected on object 'Object Repository/lab/Page_Store/select_--Select--BA50'

2018-05-22 15:46:49 - [MESSAGE][PASSED] - All options with index in [1] are selected on object 'Object Repository/lab/Page_Store/select_--Select--BA50'

2018-05-22 15:46:49 - [TEST_STEP][PASSED] - Statement - Try: null

2018-05-22 15:46:49 - [TEST_STEP][PASSED] - Statement - StockQty = com.kms.katalon.core.webui.keyword.WebUiBuiltInKeywords.getAttribute(com.kms.katalon.core.testobject.ObjectRepository.findTestObject(lab/Page_Store/input_txtprice), "value"): Attribute 'value' of object 'Object Repository/lab/Page_Store/input_txtprice' is: '330'

2018-05-22 15:46:49 - [MESSAGE][PASSED] - Attribute 'value' of object 'Object Repository/lab/Page_Store/input_txtprice' is: '330'

2018-05-22 15:46:49 - [TEST_STEP][PASSED] - Statement - out.println("Stock QTY : " + StockQty): null

2018-05-22 15:46:49 - [TEST_STEP][PASSED] - delay: Delayed 2 second(s)

2018-05-22 15:46:51 - [MESSAGE][PASSED] - Delayed 2 second(s)

2018-05-22 15:46:51 - [TEST_STEP][PASSED] - Statement - If (java.lang.Integer.valueOf(StockQty) >= java.lang.Integer.valueOf(RequestedQty)): null

2018-05-22 15:46:51 - [TEST_STEP][PASSED] - setText: Text '10' is set on object 'Object Repository/lab/Page_Store/input_txtqty'

2018-05-22 15:46:52 - [MESSAGE][PASSED] - Text '10' is set on object 'Object Repository/lab/Page_Store/input_txtqty'

2018-05-22 15:46:52 - [TEST_STEP][PASSED] - click: Object: 'Object Repository/lab/Page_Store/button_Add' is clicked on

2018-05-22 15:46:52 - [MESSAGE][PASSED] - Object: 'Object Repository/lab/Page_Store/button_Add' is clicked on

2018-05-22 15:46:52 - [TEST_STEP][PASSED] - Statement - Break: null

2018-05-22 15:46:52 - [TEST_STEP][PASSED] - selectOptionByIndex: All options with index in [2] are selected on object 'Object Repository/lab/Page_Store/select_--Select--E.C.G. Jelly'

2018-05-22 15:46:52 - [MESSAGE][PASSED] - All options with index in [2] are selected on object 'Object Repository/lab/Page_Store/select_--Select--E.C.G. Jelly'

2018-05-22 15:46:52 - [TEST_STEP][PASSED] - delay: Delayed 2 second(s)

2018-05-22 15:46:54 - [MESSAGE][PASSED] - Delayed 2 second(s)

2018-05-22 15:46:54 - [TEST_STEP][PASSED] - Statement - RequestedQty = com.kms.katalon.core.webui.keyword.WebUiBuiltInKeywords.getAttribute(com.kms.katalon.core.testobject.ObjectRepository.findTestObject(lab/Page_Store/input_txttotal), "value"): Attribute 'value' of object 'Object Repository/lab/Page_Store/input_txttotal' is: '10'

2018-05-22 15:46:54 - [MESSAGE][PASSED] - Attribute 'value' of object 'Object Repository/lab/Page_Store/input_txttotal' is: '10'

2018-05-22 15:46:54 - [TEST_STEP][PASSED] - Statement - out.println("Requested QTY : " + RequestedQty): null

2018-05-22 15:46:54 - [TEST_STEP][PASSED] - Statement - BatchNumber = com.kms.katalon.core.webui.keyword.WebUiBuiltInKeywords.getNumberOfTotalOption(com.kms.katalon.core.testobject.ObjectRepository.findTestObject(lab/Page_Store/select_--Select--BA50)): 3 options of object 'Object Repository/lab/Page_Store/select_--Select--BA50' counted

2018-05-22 15:46:54 - [MESSAGE][PASSED] - 3 options of object 'Object Repository/lab/Page_Store/select_--Select--BA50' counted

2018-05-22 15:46:54 - [TEST_STEP][FAILED] - Statement - For ([g = 1, g <= BatchNumber - 1, (g++)]): Unable to click on object 'Object Repository/lab/Page_Store/button_OK' (Root cause: com.kms.katalon.core.webui.exception.WebElementNotFoundException: Web element with id: 'Object Repository/lab/Page_Store/button_OK' located by 'By.xpath: /html/body/div[5]/div/div/div[2]/button[count(. | //button[@type = 'button' and (text() = 'OK' or . = 'OK')]) = count(//button[@type = 'button' and (text() = 'OK' or . = 'OK')])]' not found)

2018-05-22 15:46:54 - [TEST_STEP][PASSED] - selectOptionByIndex: All options with index in [1] are selected on object 'Object Repository/lab/Page_Store/select_--Select--BA50'

2018-05-22 15:46:54 - [MESSAGE][PASSED] - All options with index in [1] are selected on object 'Object Repository/lab/Page_Store/select_--Select--BA50'

2018-05-22 15:46:54 - [TEST_STEP][PASSED] - Statement - Try: null

2018-05-22 15:46:54 - [TEST_STEP][PASSED] - Statement - StockQty = com.kms.katalon.core.webui.keyword.WebUiBuiltInKeywords.getAttribute(com.kms.katalon.core.testobject.ObjectRepository.findTestObject(lab/Page_Store/input_txtprice), "value"): Attribute 'value' of object 'Object Repository/lab/Page_Store/input_txtprice' is: ''

2018-05-22 15:46:54 - [MESSAGE][PASSED] - Attribute 'value' of object 'Object Repository/lab/Page_Store/input_txtprice' is: ''

2018-05-22 15:46:54 - [TEST_STEP][PASSED] - Statement - out.println("Stock QTY : " + StockQty): null

2018-05-22 15:46:54 - [TEST_STEP][PASSED] - delay: Delayed 2 second(s)

2018-05-22 15:46:56 - [MESSAGE][PASSED] - Delayed 2 second(s)

2018-05-22 15:46:56 - [TEST_STEP][PASSED] - Statement - If (java.lang.Integer.valueOf(StockQty) >= java.lang.Integer.valueOf(RequestedQty)): null

2018-05-22 15:46:56 - [TEST_STEP][FAILED] - Statement - Catch (Exception e): Unable to click on object 'Object Repository/lab/Page_Store/button_OK' (Root cause: com.kms.katalon.core.webui.exception.WebElementNotFoundException: Web element with id: 'Object Repository/lab/Page_Store/button_OK' located by 'By.xpath: /html/body/div[5]/div/div/div[2]/button[count(. | //button[@type = 'button' and (text() = 'OK' or . = 'OK')]) = count(//button[@type = 'button' and (text() = 'OK' or . = 'OK')])]' not found)

2018-05-22 15:46:56 - [TEST_STEP][FAILED] - click: Unable to click on object 'Object Repository/lab/Page_Store/button_OK' (Root cause: com.kms.katalon.core.webui.exception.WebElementNotFoundException: Web element with id: 'Object Repository/lab/Page_Store/button_OK' located by 'By.xpath: /html/body/div[5]/div/div/div[2]/button[count(. | //button[@type = 'button' and (text() = 'OK' or . = 'OK')]) = count(//button[@type = 'button' and (text() = 'OK' or . = 'OK')])]' not found)

2018-05-22 15:47:28 - [MESSAGE][FAILED] - Unable to click on object 'Object Repository/lab/Page_Store/button_OK' (Root cause: com.kms.katalon.core.webui.exception.WebElementNotFoundException: Web element with id: 'Object Repository/lab/Page_Store/button_OK' located by 'By.xpath: /html/body/div[5]/div/div/div[2]/button[count(. | //button[@type = 'button' and (text() = 'OK' or . = 'OK')]) = count(//button[@type = 'button' and (text() = 'OK' or . = 'OK')])]' not found)
[[ATTACHMENT|C:\\Users\\Quality Analyst\\Katalon Studio\\ds\\Reports\\Investigation_Suite\\20180522_153913\\1526984247846.png]]]]></system-out>
         <system-err><![CDATA[2018-05-22 15:45:43 - [TEST_CASE][FAILED] - Test Cases/INVESTIGATION TEST CASES/TC_INV_003 Verify Schedule 6 Investigation Request Are Working Successfully Or Not: Test Cases/INVESTIGATION TEST CASES/TC_INV_003 Verify Schedule 6 Investigation Request Are Working Successfully Or Not FAILED because (of) Unable to click on object 'Object Repository/lab/Page_Store/button_OK' (Root cause: com.kms.katalon.core.webui.exception.WebElementNotFoundException: Web element with id: 'Object Repository/lab/Page_Store/button_OK' located by 'By.xpath: /html/body/div[5]/div/div/div[2]/button[count(. | //button[@type = 'button' and (text() = 'OK' or . = 'OK')]) = count(//button[@type = 'button' and (text() = 'OK' or . = 'OK')])]' not found)]]></system-err>
      </testcase>
      <testcase name="Test Cases/INVESTIGATION TEST CASES/TC_INV_004 Verify Schedule 8 Investigation Request Are Working Successfully Or Not" classname="Test Cases/INVESTIGATION TEST CASES/TC_INV_004 Verify Schedule 8 Investigation Request Are Working Successfully Or Not" status="PASSED">
         <system-out><![CDATA[2018-05-22 15:47:28 - [TEST_CASE][PASSED] - Test Cases/INVESTIGATION TEST CASES/TC_INV_004 Verify Schedule 8 Investigation Request Are Working Successfully Or Not: Test Cases/INVESTIGATION TEST CASES/TC_INV_004 Verify Schedule 8 Investigation Request Are Working Successfully Or Not

2018-05-22 15:47:28 - [TEST_STEP][PASSED] - openBrowser: Browser is opened with url: ''

2018-05-22 15:47:28 - [MESSAGE][WARNING] - A browser is already opened. Closing browser and opening a new one

2018-05-22 15:47:31 - [MESSAGE][PASSED] - Browser is opened with url: ''

2018-05-22 15:47:31 - [TEST_STEP][PASSED] - navigateToUrl: Navigate to 'http://192.168.137.1/multihospital_new/' successfully

2018-05-22 15:47:33 - [MESSAGE][PASSED] - Navigate to 'http://192.168.137.1/multihospital_new/' successfully

2018-05-22 15:47:33 - [TEST_STEP][PASSED] - Statement - out.println(" Verify Schedule 8 Investigation Request Are Working Successfully Or Not"): null

2018-05-22 15:47:33 - [TEST_STEP][PASSED] - maximizeWindow: Current window maximized

2018-05-22 15:47:34 - [MESSAGE][PASSED] - Current window maximized

2018-05-22 15:47:34 - [TEST_STEP][PASSED] - click: Object: 'Object Repository/lab/Page_KDMC/a_Investigation' is clicked on

2018-05-22 15:47:34 - [MESSAGE][PASSED] - Object: 'Object Repository/lab/Page_KDMC/a_Investigation' is clicked on

2018-05-22 15:47:34 - [TEST_STEP][PASSED] - setText: Text 'manoj' is set on object 'Object Repository/lab/Page_Investigation login/input_txtusername'

2018-05-22 15:47:34 - [MESSAGE][PASSED] - Text 'manoj' is set on object 'Object Repository/lab/Page_Investigation login/input_txtusername'

2018-05-22 15:47:34 - [TEST_STEP][PASSED] - setText: Text '123' is set on object 'Object Repository/lab/Page_Investigation login/input_txtpassword'

2018-05-22 15:47:34 - [MESSAGE][PASSED] - Text '123' is set on object 'Object Repository/lab/Page_Investigation login/input_txtpassword'

2018-05-22 15:47:34 - [TEST_STEP][PASSED] - delay: Delayed 3 second(s)

2018-05-22 15:47:37 - [MESSAGE][PASSED] - Delayed 3 second(s)

2018-05-22 15:47:37 - [TEST_STEP][PASSED] - click: Object: 'Object Repository/lab/Page_Investigation login/button_Sign in' is clicked on

2018-05-22 15:47:38 - [MESSAGE][PASSED] - Object: 'Object Repository/lab/Page_Investigation login/button_Sign in' is clicked on

2018-05-22 15:47:38 - [TEST_STEP][PASSED] - click: Object: 'Object Repository/lab/Page_KDMC/a_Store Request' is clicked on

2018-05-22 15:47:40 - [MESSAGE][PASSED] - Object: 'Object Repository/lab/Page_KDMC/a_Store Request' is clicked on

2018-05-22 15:47:40 - [TEST_STEP][PASSED] - delay: Delayed 2 second(s)

2018-05-22 15:47:42 - [MESSAGE][PASSED] - Delayed 2 second(s)

2018-05-22 15:47:42 - [TEST_STEP][PASSED] - click: Object: 'Object Repository/lab/Page_KDMC/a_Medicine Request' is clicked on

2018-05-22 15:47:42 - [MESSAGE][PASSED] - Object: 'Object Repository/lab/Page_KDMC/a_Medicine Request' is clicked on

2018-05-22 15:47:42 - [TEST_STEP][PASSED] - selectOptionByIndex: All options with index in [4] are selected on object 'Object Repository/lab/Page_KDMC/select_--Select--Schedule 4X-r'

2018-05-22 15:47:43 - [MESSAGE][PASSED] - All options with index in [4] are selected on object 'Object Repository/lab/Page_KDMC/select_--Select--Schedule 4X-r'

2018-05-22 15:47:43 - [TEST_STEP][PASSED] - Statement - medicineslength = com.kms.katalon.core.webui.keyword.WebUiBuiltInKeywords.getNumberOfTotalOption(com.kms.katalon.core.testobject.ObjectRepository.findTestObject(lab/Page_KDMC/select_--Select--Automatic x-r)): 18 options of object 'Object Repository/lab/Page_KDMC/select_--Select--Automatic x-r' counted

2018-05-22 15:47:43 - [MESSAGE][PASSED] - 18 options of object 'Object Repository/lab/Page_KDMC/select_--Select--Automatic x-r' counted

2018-05-22 15:47:43 - [TEST_STEP][PASSED] - Statement - For ([e = 1, e < medicineslength, (e++)]): Object: 'Object Repository/lab/Page_KDMC/button_Add' is clicked on

2018-05-22 15:47:43 - [TEST_STEP][PASSED] - selectOptionByIndex: All options with index in [4] are selected on object 'Object Repository/lab/Page_KDMC/select_--Select--Schedule 4X-r'

2018-05-22 15:47:43 - [MESSAGE][PASSED] - All options with index in [4] are selected on object 'Object Repository/lab/Page_KDMC/select_--Select--Schedule 4X-r'

2018-05-22 15:47:43 - [TEST_STEP][PASSED] - selectOptionByIndex: All options with index in [1] are selected on object 'Object Repository/lab/Page_KDMC/select_--Select--Automatic x-r'

2018-05-22 15:47:43 - [MESSAGE][PASSED] - All options with index in [1] are selected on object 'Object Repository/lab/Page_KDMC/select_--Select--Automatic x-r'

2018-05-22 15:47:43 - [TEST_STEP][PASSED] - setText: Text '10' is set on object 'Object Repository/lab/Page_KDMC/input_txttreat'

2018-05-22 15:47:43 - [MESSAGE][PASSED] - Text '10' is set on object 'Object Repository/lab/Page_KDMC/input_txttreat'

2018-05-22 15:47:43 - [TEST_STEP][PASSED] - click: Object: 'Object Repository/lab/Page_KDMC/button_Add' is clicked on

2018-05-22 15:47:43 - [MESSAGE][PASSED] - Object: 'Object Repository/lab/Page_KDMC/button_Add' is clicked on

2018-05-22 15:47:43 - [TEST_STEP][PASSED] - selectOptionByIndex: All options with index in [4] are selected on object 'Object Repository/lab/Page_KDMC/select_--Select--Schedule 4X-r'

2018-05-22 15:47:43 - [MESSAGE][PASSED] - All options with index in [4] are selected on object 'Object Repository/lab/Page_KDMC/select_--Select--Schedule 4X-r'

2018-05-22 15:47:43 - [TEST_STEP][PASSED] - selectOptionByIndex: All options with index in [2] are selected on object 'Object Repository/lab/Page_KDMC/select_--Select--Automatic x-r'

2018-05-22 15:47:44 - [MESSAGE][PASSED] - All options with index in [2] are selected on object 'Object Repository/lab/Page_KDMC/select_--Select--Automatic x-r'

2018-05-22 15:47:44 - [TEST_STEP][PASSED] - setText: Text '10' is set on object 'Object Repository/lab/Page_KDMC/input_txttreat'

2018-05-22 15:47:44 - [MESSAGE][PASSED] - Text '10' is set on object 'Object Repository/lab/Page_KDMC/input_txttreat'

2018-05-22 15:47:44 - [TEST_STEP][PASSED] - click: Object: 'Object Repository/lab/Page_KDMC/button_Add' is clicked on

2018-05-22 15:47:44 - [MESSAGE][PASSED] - Object: 'Object Repository/lab/Page_KDMC/button_Add' is clicked on

2018-05-22 15:47:44 - [TEST_STEP][PASSED] - selectOptionByIndex: All options with index in [4] are selected on object 'Object Repository/lab/Page_KDMC/select_--Select--Schedule 4X-r'

2018-05-22 15:47:44 - [MESSAGE][PASSED] - All options with index in [4] are selected on object 'Object Repository/lab/Page_KDMC/select_--Select--Schedule 4X-r'

2018-05-22 15:47:44 - [TEST_STEP][PASSED] - selectOptionByIndex: All options with index in [3] are selected on object 'Object Repository/lab/Page_KDMC/select_--Select--Automatic x-r'

2018-05-22 15:47:44 - [MESSAGE][PASSED] - All options with index in [3] are selected on object 'Object Repository/lab/Page_KDMC/select_--Select--Automatic x-r'

2018-05-22 15:47:44 - [TEST_STEP][PASSED] - setText: Text '10' is set on object 'Object Repository/lab/Page_KDMC/input_txttreat'

2018-05-22 15:47:44 - [MESSAGE][PASSED] - Text '10' is set on object 'Object Repository/lab/Page_KDMC/input_txttreat'

2018-05-22 15:47:44 - [TEST_STEP][PASSED] - click: Object: 'Object Repository/lab/Page_KDMC/button_Add' is clicked on

2018-05-22 15:47:44 - [MESSAGE][PASSED] - Object: 'Object Repository/lab/Page_KDMC/button_Add' is clicked on

2018-05-22 15:47:44 - [TEST_STEP][PASSED] - selectOptionByIndex: All options with index in [4] are selected on object 'Object Repository/lab/Page_KDMC/select_--Select--Schedule 4X-r'

2018-05-22 15:47:44 - [MESSAGE][PASSED] - All options with index in [4] are selected on object 'Object Repository/lab/Page_KDMC/select_--Select--Schedule 4X-r'

2018-05-22 15:47:44 - [TEST_STEP][PASSED] - selectOptionByIndex: All options with index in [4] are selected on object 'Object Repository/lab/Page_KDMC/select_--Select--Automatic x-r'

2018-05-22 15:47:44 - [MESSAGE][PASSED] - All options with index in [4] are selected on object 'Object Repository/lab/Page_KDMC/select_--Select--Automatic x-r'

2018-05-22 15:47:44 - [TEST_STEP][PASSED] - setText: Text '10' is set on object 'Object Repository/lab/Page_KDMC/input_txttreat'

2018-05-22 15:47:45 - [MESSAGE][PASSED] - Text '10' is set on object 'Object Repository/lab/Page_KDMC/input_txttreat'

2018-05-22 15:47:45 - [TEST_STEP][PASSED] - click: Object: 'Object Repository/lab/Page_KDMC/button_Add' is clicked on

2018-05-22 15:47:45 - [MESSAGE][PASSED] - Object: 'Object Repository/lab/Page_KDMC/button_Add' is clicked on

2018-05-22 15:47:45 - [TEST_STEP][PASSED] - selectOptionByIndex: All options with index in [4] are selected on object 'Object Repository/lab/Page_KDMC/select_--Select--Schedule 4X-r'

2018-05-22 15:47:45 - [MESSAGE][PASSED] - All options with index in [4] are selected on object 'Object Repository/lab/Page_KDMC/select_--Select--Schedule 4X-r'

2018-05-22 15:47:45 - [TEST_STEP][PASSED] - selectOptionByIndex: All options with index in [5] are selected on object 'Object Repository/lab/Page_KDMC/select_--Select--Automatic x-r'

2018-05-22 15:47:45 - [MESSAGE][PASSED] - All options with index in [5] are selected on object 'Object Repository/lab/Page_KDMC/select_--Select--Automatic x-r'

2018-05-22 15:47:45 - [TEST_STEP][PASSED] - setText: Text '10' is set on object 'Object Repository/lab/Page_KDMC/input_txttreat'

2018-05-22 15:47:45 - [MESSAGE][PASSED] - Text '10' is set on object 'Object Repository/lab/Page_KDMC/input_txttreat'

2018-05-22 15:47:45 - [TEST_STEP][PASSED] - click: Object: 'Object Repository/lab/Page_KDMC/button_Add' is clicked on

2018-05-22 15:47:45 - [MESSAGE][PASSED] - Object: 'Object Repository/lab/Page_KDMC/button_Add' is clicked on

2018-05-22 15:47:45 - [TEST_STEP][PASSED] - selectOptionByIndex: All options with index in [4] are selected on object 'Object Repository/lab/Page_KDMC/select_--Select--Schedule 4X-r'

2018-05-22 15:47:45 - [MESSAGE][PASSED] - All options with index in [4] are selected on object 'Object Repository/lab/Page_KDMC/select_--Select--Schedule 4X-r'

2018-05-22 15:47:45 - [TEST_STEP][PASSED] - selectOptionByIndex: All options with index in [6] are selected on object 'Object Repository/lab/Page_KDMC/select_--Select--Automatic x-r'

2018-05-22 15:47:45 - [MESSAGE][PASSED] - All options with index in [6] are selected on object 'Object Repository/lab/Page_KDMC/select_--Select--Automatic x-r'

2018-05-22 15:47:45 - [TEST_STEP][PASSED] - setText: Text '10' is set on object 'Object Repository/lab/Page_KDMC/input_txttreat'

2018-05-22 15:47:45 - [MESSAGE][PASSED] - Text '10' is set on object 'Object Repository/lab/Page_KDMC/input_txttreat'

2018-05-22 15:47:45 - [TEST_STEP][PASSED] - click: Object: 'Object Repository/lab/Page_KDMC/button_Add' is clicked on

2018-05-22 15:47:45 - [MESSAGE][PASSED] - Object: 'Object Repository/lab/Page_KDMC/button_Add' is clicked on

2018-05-22 15:47:45 - [TEST_STEP][PASSED] - selectOptionByIndex: All options with index in [4] are selected on object 'Object Repository/lab/Page_KDMC/select_--Select--Schedule 4X-r'

2018-05-22 15:47:46 - [MESSAGE][PASSED] - All options with index in [4] are selected on object 'Object Repository/lab/Page_KDMC/select_--Select--Schedule 4X-r'

2018-05-22 15:47:46 - [TEST_STEP][PASSED] - selectOptionByIndex: All options with index in [7] are selected on object 'Object Repository/lab/Page_KDMC/select_--Select--Automatic x-r'

2018-05-22 15:47:46 - [MESSAGE][PASSED] - All options with index in [7] are selected on object 'Object Repository/lab/Page_KDMC/select_--Select--Automatic x-r'

2018-05-22 15:47:46 - [TEST_STEP][PASSED] - setText: Text '10' is set on object 'Object Repository/lab/Page_KDMC/input_txttreat'

2018-05-22 15:47:46 - [MESSAGE][PASSED] - Text '10' is set on object 'Object Repository/lab/Page_KDMC/input_txttreat'

2018-05-22 15:47:46 - [TEST_STEP][PASSED] - click: Object: 'Object Repository/lab/Page_KDMC/button_Add' is clicked on

2018-05-22 15:47:46 - [MESSAGE][PASSED] - Object: 'Object Repository/lab/Page_KDMC/button_Add' is clicked on

2018-05-22 15:47:46 - [TEST_STEP][PASSED] - selectOptionByIndex: All options with index in [4] are selected on object 'Object Repository/lab/Page_KDMC/select_--Select--Schedule 4X-r'

2018-05-22 15:47:46 - [MESSAGE][PASSED] - All options with index in [4] are selected on object 'Object Repository/lab/Page_KDMC/select_--Select--Schedule 4X-r'

2018-05-22 15:47:46 - [TEST_STEP][PASSED] - selectOptionByIndex: All options with index in [8] are selected on object 'Object Repository/lab/Page_KDMC/select_--Select--Automatic x-r'

2018-05-22 15:47:46 - [MESSAGE][PASSED] - All options with index in [8] are selected on object 'Object Repository/lab/Page_KDMC/select_--Select--Automatic x-r'

2018-05-22 15:47:46 - [TEST_STEP][PASSED] - setText: Text '10' is set on object 'Object Repository/lab/Page_KDMC/input_txttreat'

2018-05-22 15:47:46 - [MESSAGE][PASSED] - Text '10' is set on object 'Object Repository/lab/Page_KDMC/input_txttreat'

2018-05-22 15:47:46 - [TEST_STEP][PASSED] - click: Object: 'Object Repository/lab/Page_KDMC/button_Add' is clicked on

2018-05-22 15:47:46 - [MESSAGE][PASSED] - Object: 'Object Repository/lab/Page_KDMC/button_Add' is clicked on

2018-05-22 15:47:46 - [TEST_STEP][PASSED] - selectOptionByIndex: All options with index in [4] are selected on object 'Object Repository/lab/Page_KDMC/select_--Select--Schedule 4X-r'

2018-05-22 15:47:47 - [MESSAGE][PASSED] - All options with index in [4] are selected on object 'Object Repository/lab/Page_KDMC/select_--Select--Schedule 4X-r'

2018-05-22 15:47:47 - [TEST_STEP][PASSED] - selectOptionByIndex: All options with index in [9] are selected on object 'Object Repository/lab/Page_KDMC/select_--Select--Automatic x-r'

2018-05-22 15:47:47 - [MESSAGE][PASSED] - All options with index in [9] are selected on object 'Object Repository/lab/Page_KDMC/select_--Select--Automatic x-r'

2018-05-22 15:47:47 - [TEST_STEP][PASSED] - setText: Text '10' is set on object 'Object Repository/lab/Page_KDMC/input_txttreat'

2018-05-22 15:47:47 - [MESSAGE][PASSED] - Text '10' is set on object 'Object Repository/lab/Page_KDMC/input_txttreat'

2018-05-22 15:47:47 - [TEST_STEP][PASSED] - click: Object: 'Object Repository/lab/Page_KDMC/button_Add' is clicked on

2018-05-22 15:47:47 - [MESSAGE][PASSED] - Object: 'Object Repository/lab/Page_KDMC/button_Add' is clicked on

2018-05-22 15:47:47 - [TEST_STEP][PASSED] - selectOptionByIndex: All options with index in [4] are selected on object 'Object Repository/lab/Page_KDMC/select_--Select--Schedule 4X-r'

2018-05-22 15:47:47 - [MESSAGE][PASSED] - All options with index in [4] are selected on object 'Object Repository/lab/Page_KDMC/select_--Select--Schedule 4X-r'

2018-05-22 15:47:47 - [TEST_STEP][PASSED] - selectOptionByIndex: All options with index in [10] are selected on object 'Object Repository/lab/Page_KDMC/select_--Select--Automatic x-r'

2018-05-22 15:47:47 - [MESSAGE][PASSED] - All options with index in [10] are selected on object 'Object Repository/lab/Page_KDMC/select_--Select--Automatic x-r'

2018-05-22 15:47:47 - [TEST_STEP][PASSED] - setText: Text '10' is set on object 'Object Repository/lab/Page_KDMC/input_txttreat'

2018-05-22 15:47:47 - [MESSAGE][PASSED] - Text '10' is set on object 'Object Repository/lab/Page_KDMC/input_txttreat'

2018-05-22 15:47:47 - [TEST_STEP][PASSED] - click: Object: 'Object Repository/lab/Page_KDMC/button_Add' is clicked on

2018-05-22 15:47:47 - [MESSAGE][PASSED] - Object: 'Object Repository/lab/Page_KDMC/button_Add' is clicked on

2018-05-22 15:47:47 - [TEST_STEP][PASSED] - selectOptionByIndex: All options with index in [4] are selected on object 'Object Repository/lab/Page_KDMC/select_--Select--Schedule 4X-r'

2018-05-22 15:47:48 - [MESSAGE][PASSED] - All options with index in [4] are selected on object 'Object Repository/lab/Page_KDMC/select_--Select--Schedule 4X-r'

2018-05-22 15:47:48 - [TEST_STEP][PASSED] - selectOptionByIndex: All options with index in [11] are selected on object 'Object Repository/lab/Page_KDMC/select_--Select--Automatic x-r'

2018-05-22 15:47:48 - [MESSAGE][PASSED] - All options with index in [11] are selected on object 'Object Repository/lab/Page_KDMC/select_--Select--Automatic x-r'

2018-05-22 15:47:48 - [TEST_STEP][PASSED] - setText: Text '10' is set on object 'Object Repository/lab/Page_KDMC/input_txttreat'

2018-05-22 15:47:48 - [MESSAGE][PASSED] - Text '10' is set on object 'Object Repository/lab/Page_KDMC/input_txttreat'

2018-05-22 15:47:48 - [TEST_STEP][PASSED] - click: Object: 'Object Repository/lab/Page_KDMC/button_Add' is clicked on

2018-05-22 15:47:48 - [MESSAGE][PASSED] - Object: 'Object Repository/lab/Page_KDMC/button_Add' is clicked on

2018-05-22 15:47:48 - [TEST_STEP][PASSED] - selectOptionByIndex: All options with index in [4] are selected on object 'Object Repository/lab/Page_KDMC/select_--Select--Schedule 4X-r'

2018-05-22 15:47:48 - [MESSAGE][PASSED] - All options with index in [4] are selected on object 'Object Repository/lab/Page_KDMC/select_--Select--Schedule 4X-r'

2018-05-22 15:47:48 - [TEST_STEP][PASSED] - selectOptionByIndex: All options with index in [12] are selected on object 'Object Repository/lab/Page_KDMC/select_--Select--Automatic x-r'

2018-05-22 15:47:48 - [MESSAGE][PASSED] - All options with index in [12] are selected on object 'Object Repository/lab/Page_KDMC/select_--Select--Automatic x-r'

2018-05-22 15:47:48 - [TEST_STEP][PASSED] - setText: Text '10' is set on object 'Object Repository/lab/Page_KDMC/input_txttreat'

2018-05-22 15:47:48 - [MESSAGE][PASSED] - Text '10' is set on object 'Object Repository/lab/Page_KDMC/input_txttreat'

2018-05-22 15:47:48 - [TEST_STEP][PASSED] - click: Object: 'Object Repository/lab/Page_KDMC/button_Add' is clicked on

2018-05-22 15:47:48 - [MESSAGE][PASSED] - Object: 'Object Repository/lab/Page_KDMC/button_Add' is clicked on

2018-05-22 15:47:48 - [TEST_STEP][PASSED] - selectOptionByIndex: All options with index in [4] are selected on object 'Object Repository/lab/Page_KDMC/select_--Select--Schedule 4X-r'

2018-05-22 15:47:49 - [MESSAGE][PASSED] - All options with index in [4] are selected on object 'Object Repository/lab/Page_KDMC/select_--Select--Schedule 4X-r'

2018-05-22 15:47:49 - [TEST_STEP][PASSED] - selectOptionByIndex: All options with index in [13] are selected on object 'Object Repository/lab/Page_KDMC/select_--Select--Automatic x-r'

2018-05-22 15:47:49 - [MESSAGE][PASSED] - All options with index in [13] are selected on object 'Object Repository/lab/Page_KDMC/select_--Select--Automatic x-r'

2018-05-22 15:47:49 - [TEST_STEP][PASSED] - setText: Text '10' is set on object 'Object Repository/lab/Page_KDMC/input_txttreat'

2018-05-22 15:47:49 - [MESSAGE][PASSED] - Text '10' is set on object 'Object Repository/lab/Page_KDMC/input_txttreat'

2018-05-22 15:47:49 - [TEST_STEP][PASSED] - click: Object: 'Object Repository/lab/Page_KDMC/button_Add' is clicked on

2018-05-22 15:47:49 - [MESSAGE][PASSED] - Object: 'Object Repository/lab/Page_KDMC/button_Add' is clicked on

2018-05-22 15:47:49 - [TEST_STEP][PASSED] - selectOptionByIndex: All options with index in [4] are selected on object 'Object Repository/lab/Page_KDMC/select_--Select--Schedule 4X-r'

2018-05-22 15:47:49 - [MESSAGE][PASSED] - All options with index in [4] are selected on object 'Object Repository/lab/Page_KDMC/select_--Select--Schedule 4X-r'

2018-05-22 15:47:49 - [TEST_STEP][PASSED] - selectOptionByIndex: All options with index in [14] are selected on object 'Object Repository/lab/Page_KDMC/select_--Select--Automatic x-r'

2018-05-22 15:47:49 - [MESSAGE][PASSED] - All options with index in [14] are selected on object 'Object Repository/lab/Page_KDMC/select_--Select--Automatic x-r'

2018-05-22 15:47:49 - [TEST_STEP][PASSED] - setText: Text '10' is set on object 'Object Repository/lab/Page_KDMC/input_txttreat'

2018-05-22 15:47:49 - [MESSAGE][PASSED] - Text '10' is set on object 'Object Repository/lab/Page_KDMC/input_txttreat'

2018-05-22 15:47:49 - [TEST_STEP][PASSED] - click: Object: 'Object Repository/lab/Page_KDMC/button_Add' is clicked on

2018-05-22 15:47:50 - [MESSAGE][PASSED] - Object: 'Object Repository/lab/Page_KDMC/button_Add' is clicked on

2018-05-22 15:47:50 - [TEST_STEP][PASSED] - selectOptionByIndex: All options with index in [4] are selected on object 'Object Repository/lab/Page_KDMC/select_--Select--Schedule 4X-r'

2018-05-22 15:47:50 - [MESSAGE][PASSED] - All options with index in [4] are selected on object 'Object Repository/lab/Page_KDMC/select_--Select--Schedule 4X-r'

2018-05-22 15:47:50 - [TEST_STEP][PASSED] - selectOptionByIndex: All options with index in [15] are selected on object 'Object Repository/lab/Page_KDMC/select_--Select--Automatic x-r'

2018-05-22 15:47:50 - [MESSAGE][PASSED] - All options with index in [15] are selected on object 'Object Repository/lab/Page_KDMC/select_--Select--Automatic x-r'

2018-05-22 15:47:50 - [TEST_STEP][PASSED] - setText: Text '10' is set on object 'Object Repository/lab/Page_KDMC/input_txttreat'

2018-05-22 15:47:50 - [MESSAGE][PASSED] - Text '10' is set on object 'Object Repository/lab/Page_KDMC/input_txttreat'

2018-05-22 15:47:50 - [TEST_STEP][PASSED] - click: Object: 'Object Repository/lab/Page_KDMC/button_Add' is clicked on

2018-05-22 15:47:50 - [MESSAGE][PASSED] - Object: 'Object Repository/lab/Page_KDMC/button_Add' is clicked on

2018-05-22 15:47:50 - [TEST_STEP][PASSED] - selectOptionByIndex: All options with index in [4] are selected on object 'Object Repository/lab/Page_KDMC/select_--Select--Schedule 4X-r'

2018-05-22 15:47:50 - [MESSAGE][PASSED] - All options with index in [4] are selected on object 'Object Repository/lab/Page_KDMC/select_--Select--Schedule 4X-r'

2018-05-22 15:47:50 - [TEST_STEP][PASSED] - selectOptionByIndex: All options with index in [16] are selected on object 'Object Repository/lab/Page_KDMC/select_--Select--Automatic x-r'

2018-05-22 15:47:51 - [MESSAGE][PASSED] - All options with index in [16] are selected on object 'Object Repository/lab/Page_KDMC/select_--Select--Automatic x-r'

2018-05-22 15:47:51 - [TEST_STEP][PASSED] - setText: Text '10' is set on object 'Object Repository/lab/Page_KDMC/input_txttreat'

2018-05-22 15:47:51 - [MESSAGE][PASSED] - Text '10' is set on object 'Object Repository/lab/Page_KDMC/input_txttreat'

2018-05-22 15:47:51 - [TEST_STEP][PASSED] - click: Object: 'Object Repository/lab/Page_KDMC/button_Add' is clicked on

2018-05-22 15:47:51 - [MESSAGE][PASSED] - Object: 'Object Repository/lab/Page_KDMC/button_Add' is clicked on

2018-05-22 15:47:51 - [TEST_STEP][PASSED] - selectOptionByIndex: All options with index in [4] are selected on object 'Object Repository/lab/Page_KDMC/select_--Select--Schedule 4X-r'

2018-05-22 15:47:51 - [MESSAGE][PASSED] - All options with index in [4] are selected on object 'Object Repository/lab/Page_KDMC/select_--Select--Schedule 4X-r'

2018-05-22 15:47:51 - [TEST_STEP][PASSED] - selectOptionByIndex: All options with index in [17] are selected on object 'Object Repository/lab/Page_KDMC/select_--Select--Automatic x-r'

2018-05-22 15:47:51 - [MESSAGE][PASSED] - All options with index in [17] are selected on object 'Object Repository/lab/Page_KDMC/select_--Select--Automatic x-r'

2018-05-22 15:47:51 - [TEST_STEP][PASSED] - setText: Text '10' is set on object 'Object Repository/lab/Page_KDMC/input_txttreat'

2018-05-22 15:47:51 - [MESSAGE][PASSED] - Text '10' is set on object 'Object Repository/lab/Page_KDMC/input_txttreat'

2018-05-22 15:47:51 - [TEST_STEP][PASSED] - click: Object: 'Object Repository/lab/Page_KDMC/button_Add' is clicked on

2018-05-22 15:47:51 - [MESSAGE][PASSED] - Object: 'Object Repository/lab/Page_KDMC/button_Add' is clicked on

2018-05-22 15:47:51 - [TEST_STEP][PASSED] - Statement - RN1 = com.kms.katalon.core.webui.keyword.WebUiBuiltInKeywords.getAttribute(com.kms.katalon.core.testobject.ObjectRepository.findTestObject(lab/Page_KDMC/input_txtno), "value"): Attribute 'value' of object 'Object Repository/lab/Page_KDMC/input_txtno' is: 'LRNO/22052018/140'

2018-05-22 15:47:51 - [MESSAGE][PASSED] - Attribute 'value' of object 'Object Repository/lab/Page_KDMC/input_txtno' is: 'LRNO/22052018/140'

2018-05-22 15:47:51 - [TEST_STEP][PASSED] - Statement - out.println(RN1): null

2018-05-22 15:47:51 - [TEST_STEP][PASSED] - Statement - RID = RN1.split("/")[2]: null

2018-05-22 15:47:51 - [TEST_STEP][PASSED] - scrollToElement: Scroll to object 'Object Repository/lab/Page_KDMC/input_btnsave' successfully

2018-05-22 15:47:51 - [MESSAGE][PASSED] - Scroll to object 'Object Repository/lab/Page_KDMC/input_btnsave' successfully

2018-05-22 15:47:51 - [TEST_STEP][PASSED] - click: Object: 'Object Repository/lab/Page_KDMC/input_btnsave' is clicked on

2018-05-22 15:47:51 - [MESSAGE][PASSED] - Object: 'Object Repository/lab/Page_KDMC/input_btnsave' is clicked on

2018-05-22 15:47:51 - [TEST_STEP][PASSED] - delay: Delayed 3 second(s)

2018-05-22 15:47:54 - [MESSAGE][PASSED] - Delayed 3 second(s)

2018-05-22 15:47:54 - [TEST_STEP][PASSED] - click: Object: 'Object Repository/lab/Page_KDMC/button_OK' is clicked on

2018-05-22 15:47:55 - [MESSAGE][PASSED] - Object: 'Object Repository/lab/Page_KDMC/button_OK' is clicked on

2018-05-22 15:47:55 - [TEST_STEP][PASSED] - delay: Delayed 3 second(s)

2018-05-22 15:47:58 - [MESSAGE][PASSED] - Delayed 3 second(s)

2018-05-22 15:47:58 - [TEST_STEP][PASSED] - click: Object: 'Object Repository/lab/Page_KDMC/a_dropdown-toggle' is clicked on

2018-05-22 15:47:58 - [MESSAGE][PASSED] - Object: 'Object Repository/lab/Page_KDMC/a_dropdown-toggle' is clicked on

2018-05-22 15:47:58 - [TEST_STEP][PASSED] - click: Object: 'Object Repository/lab/Page_KDMC/a_Sign out' is clicked on

2018-05-22 15:47:58 - [MESSAGE][PASSED] - Object: 'Object Repository/lab/Page_KDMC/a_Sign out' is clicked on

2018-05-22 15:47:58 - [TEST_STEP][PASSED] - delay: Delayed 3 second(s)

2018-05-22 15:48:01 - [MESSAGE][PASSED] - Delayed 3 second(s)

2018-05-22 15:48:01 - [TEST_STEP][PASSED] - click: Object: 'Object Repository/lab/Page_KDMC/a_CMO' is clicked on

2018-05-22 15:48:02 - [MESSAGE][PASSED] - Object: 'Object Repository/lab/Page_KDMC/a_CMO' is clicked on

2018-05-22 15:48:02 - [TEST_STEP][PASSED] - setText: Text 'guru' is set on object 'Object Repository/lab/Page_CMO login/input_txtusername'

2018-05-22 15:48:02 - [MESSAGE][PASSED] - Text 'guru' is set on object 'Object Repository/lab/Page_CMO login/input_txtusername'

2018-05-22 15:48:02 - [TEST_STEP][PASSED] - setText: Text '123' is set on object 'Object Repository/lab/Page_CMO login/input_txtpassword'

2018-05-22 15:48:02 - [MESSAGE][PASSED] - Text '123' is set on object 'Object Repository/lab/Page_CMO login/input_txtpassword'

2018-05-22 15:48:02 - [TEST_STEP][PASSED] - delay: Delayed 3 second(s)

2018-05-22 15:48:05 - [MESSAGE][PASSED] - Delayed 3 second(s)

2018-05-22 15:48:05 - [TEST_STEP][PASSED] - click: Object: 'Object Repository/lab/Page_CMO login/button_Sign in' is clicked on

2018-05-22 15:48:06 - [MESSAGE][PASSED] - Object: 'Object Repository/lab/Page_CMO login/button_Sign in' is clicked on

2018-05-22 15:48:06 - [TEST_STEP][PASSED] - click: Object: 'Object Repository/lab/Page_KDMC - CMO/span_Department Wise Request' is clicked on

2018-05-22 15:48:08 - [MESSAGE][PASSED] - Object: 'Object Repository/lab/Page_KDMC - CMO/span_Department Wise Request' is clicked on

2018-05-22 15:48:08 - [TEST_STEP][PASSED] - selectOptionByIndex: All options with index in [4] are selected on object 'Object Repository/lab/Page_KDMC - CMO/select_--ALL--'

2018-05-22 15:48:08 - [MESSAGE][PASSED] - All options with index in [4] are selected on object 'Object Repository/lab/Page_KDMC - CMO/select_--ALL--'

2018-05-22 15:48:08 - [TEST_STEP][PASSED] - selectOptionByIndex: All options with index in [1] are selected on object 'Object Repository/lab/Page_KDMC - CMO/select_--ALL--                _1'

2018-05-22 15:48:08 - [MESSAGE][PASSED] - All options with index in [1] are selected on object 'Object Repository/lab/Page_KDMC - CMO/select_--ALL--                _1'

2018-05-22 15:48:08 - [TEST_STEP][PASSED] - click: Object: 'Object Repository/lab/Page_KDMC - CMO/input_btnsearch' is clicked on

2018-05-22 15:48:08 - [MESSAGE][PASSED] - Object: 'Object Repository/lab/Page_KDMC - CMO/input_btnsearch' is clicked on

2018-05-22 15:48:08 - [TEST_STEP][PASSED] - Statement - ID = com.kms.katalon.core.webui.keyword.WebUiBuiltInKeywords.modifyObjectProperty(com.kms.katalon.core.testobject.ObjectRepository.findTestObject(lab/Page_KDMC - CMO/input_1), "xpath", "equals", "//*[@id=" + RID + "]", true): Modify property of object successfully

2018-05-22 15:48:08 - [MESSAGE][PASSED] - Modify property of object successfully

2018-05-22 15:48:08 - [TEST_STEP][PASSED] - click: Object: 'Object Repository/lab/Page_KDMC - CMO/input_1' is clicked on

2018-05-22 15:48:09 - [MESSAGE][PASSED] - Object: 'Object Repository/lab/Page_KDMC - CMO/input_1' is clicked on

2018-05-22 15:48:09 - [TEST_STEP][PASSED] - delay: Delayed 2 second(s)

2018-05-22 15:48:11 - [MESSAGE][PASSED] - Delayed 2 second(s)

2018-05-22 15:48:11 - [TEST_STEP][PASSED] - selectOptionByIndex: All options with index in [1] are selected on object 'Object Repository/lab/Page_KDMC - CMO/select_--Select--'

2018-05-22 15:48:11 - [MESSAGE][PASSED] - All options with index in [1] are selected on object 'Object Repository/lab/Page_KDMC - CMO/select_--Select--'

2018-05-22 15:48:11 - [TEST_STEP][PASSED] - click: Object: 'Object Repository/lab/Page_KDMC - CMO/input_btnupdate' is clicked on

2018-05-22 15:48:11 - [MESSAGE][PASSED] - Object: 'Object Repository/lab/Page_KDMC - CMO/input_btnupdate' is clicked on

2018-05-22 15:48:11 - [TEST_STEP][PASSED] - delay: Delayed 2 second(s)

2018-05-22 15:48:13 - [MESSAGE][PASSED] - Delayed 2 second(s)

2018-05-22 15:48:13 - [TEST_STEP][PASSED] - click: Object: 'Object Repository/lab/Page_KDMC - CMO/button_OK' is clicked on

2018-05-22 15:48:14 - [MESSAGE][PASSED] - Object: 'Object Repository/lab/Page_KDMC - CMO/button_OK' is clicked on

2018-05-22 15:48:14 - [TEST_STEP][PASSED] - delay: Delayed 3 second(s)

2018-05-22 15:48:17 - [MESSAGE][PASSED] - Delayed 3 second(s)

2018-05-22 15:48:17 - [TEST_STEP][PASSED] - click: Object: 'Object Repository/lab/Page_KDMC - CMO/a_dropdown-toggle' is clicked on

2018-05-22 15:48:17 - [MESSAGE][PASSED] - Object: 'Object Repository/lab/Page_KDMC - CMO/a_dropdown-toggle' is clicked on

2018-05-22 15:48:17 - [TEST_STEP][PASSED] - click: Object: 'Object Repository/lab/Page_KDMC - CMO/a_Sign out' is clicked on

2018-05-22 15:48:17 - [MESSAGE][PASSED] - Object: 'Object Repository/lab/Page_KDMC - CMO/a_Sign out' is clicked on

2018-05-22 15:48:17 - [TEST_STEP][PASSED] - delay: Delayed 3 second(s)

2018-05-22 15:48:20 - [MESSAGE][PASSED] - Delayed 3 second(s)

2018-05-22 15:48:20 - [TEST_STEP][PASSED] - click: Object: 'Object Repository/lab/Page_KDMC/a_Divisional Store' is clicked on

2018-05-22 15:48:21 - [MESSAGE][PASSED] - Object: 'Object Repository/lab/Page_KDMC/a_Divisional Store' is clicked on

2018-05-22 15:48:21 - [TEST_STEP][PASSED] - setText: Text 'ragu' is set on object 'Object Repository/lab/Page_Divisonal Store Login/input_txtusername'

2018-05-22 15:48:21 - [MESSAGE][PASSED] - Text 'ragu' is set on object 'Object Repository/lab/Page_Divisonal Store Login/input_txtusername'

2018-05-22 15:48:21 - [TEST_STEP][PASSED] - setText: Text '123' is set on object 'Object Repository/lab/Page_Divisonal Store Login/input_txtpassword'

2018-05-22 15:48:21 - [MESSAGE][PASSED] - Text '123' is set on object 'Object Repository/lab/Page_Divisonal Store Login/input_txtpassword'

2018-05-22 15:48:21 - [TEST_STEP][PASSED] - delay: Delayed 3 second(s)

2018-05-22 15:48:24 - [MESSAGE][PASSED] - Delayed 3 second(s)

2018-05-22 15:48:24 - [TEST_STEP][PASSED] - click: Object: 'Object Repository/lab/Page_Divisonal Store Login/button_Sign in' is clicked on

2018-05-22 15:48:26 - [MESSAGE][PASSED] - Object: 'Object Repository/lab/Page_Divisonal Store Login/button_Sign in' is clicked on

2018-05-22 15:48:26 - [TEST_STEP][PASSED] - delay: Delayed 3 second(s)

2018-05-22 15:48:29 - [MESSAGE][PASSED] - Delayed 3 second(s)

2018-05-22 15:48:29 - [TEST_STEP][PASSED] - click: Object: 'Object Repository/lab/Page_Store/a_Lab Request' is clicked on

2018-05-22 15:48:29 - [MESSAGE][PASSED] - Object: 'Object Repository/lab/Page_Store/a_Lab Request' is clicked on

2018-05-22 15:48:29 - [TEST_STEP][PASSED] - click: Object: 'Object Repository/lab/Page_Store/a_Request Item Lab' is clicked on

2018-05-22 15:48:30 - [MESSAGE][PASSED] - Object: 'Object Repository/lab/Page_Store/a_Request Item Lab' is clicked on

2018-05-22 15:48:30 - [TEST_STEP][PASSED] - Statement - ChooseRequest = com.kms.katalon.core.webui.keyword.WebUiBuiltInKeywords.modifyObjectProperty(com.kms.katalon.core.testobject.ObjectRepository.findTestObject(lab/Page_Store/input_1), "xpath", "equals", "//*[@id=" + RID + "]", true): Modify property of object successfully

2018-05-22 15:48:30 - [MESSAGE][PASSED] - Modify property of object successfully

2018-05-22 15:48:30 - [TEST_STEP][PASSED] - click: Object: 'Object Repository/lab/Page_Store/input_1' is clicked on

2018-05-22 15:48:31 - [MESSAGE][PASSED] - Object: 'Object Repository/lab/Page_Store/input_1' is clicked on

2018-05-22 15:48:31 - [TEST_STEP][PASSED] - delay: Delayed 2 second(s)

2018-05-22 15:48:33 - [MESSAGE][PASSED] - Delayed 2 second(s)

2018-05-22 15:48:33 - [TEST_STEP][PASSED] - Statement - selectedoptions = com.kms.katalon.core.webui.keyword.WebUiBuiltInKeywords.getNumberOfTotalOption(com.kms.katalon.core.testobject.ObjectRepository.findTestObject(lab/Page_Store/select_--Select--E.C.G. Jelly)): 18 options of object 'Object Repository/lab/Page_Store/select_--Select--E.C.G. Jelly' counted

2018-05-22 15:48:33 - [MESSAGE][PASSED] - 18 options of object 'Object Repository/lab/Page_Store/select_--Select--E.C.G. Jelly' counted

2018-05-22 15:48:33 - [TEST_STEP][PASSED] - Statement - For ([a = 1, a <= selectedoptions - 1, (a++)]): null

2018-05-22 15:48:33 - [TEST_STEP][PASSED] - selectOptionByIndex: All options with index in [1] are selected on object 'Object Repository/lab/Page_Store/select_--Select--E.C.G. Jelly'

2018-05-22 15:48:33 - [MESSAGE][PASSED] - All options with index in [1] are selected on object 'Object Repository/lab/Page_Store/select_--Select--E.C.G. Jelly'

2018-05-22 15:48:33 - [TEST_STEP][PASSED] - delay: Delayed 2 second(s)

2018-05-22 15:48:35 - [MESSAGE][PASSED] - Delayed 2 second(s)

2018-05-22 15:48:35 - [TEST_STEP][PASSED] - Statement - RequestedQty = com.kms.katalon.core.webui.keyword.WebUiBuiltInKeywords.getAttribute(com.kms.katalon.core.testobject.ObjectRepository.findTestObject(lab/Page_Store/input_txttotal), "value"): Attribute 'value' of object 'Object Repository/lab/Page_Store/input_txttotal' is: '10'

2018-05-22 15:48:35 - [MESSAGE][PASSED] - Attribute 'value' of object 'Object Repository/lab/Page_Store/input_txttotal' is: '10'

2018-05-22 15:48:35 - [TEST_STEP][PASSED] - Statement - out.println("Requested QTY : " + RequestedQty): null

2018-05-22 15:48:35 - [TEST_STEP][PASSED] - Statement - BatchNumber = com.kms.katalon.core.webui.keyword.WebUiBuiltInKeywords.getNumberOfTotalOption(com.kms.katalon.core.testobject.ObjectRepository.findTestObject(lab/Page_Store/select_--Select--BA50)): 2 options of object 'Object Repository/lab/Page_Store/select_--Select--BA50' counted

2018-05-22 15:48:35 - [MESSAGE][PASSED] - 2 options of object 'Object Repository/lab/Page_Store/select_--Select--BA50' counted

2018-05-22 15:48:35 - [TEST_STEP][PASSED] - Statement - For ([g = 1, g <= BatchNumber - 1, (g++)]): null

2018-05-22 15:48:35 - [TEST_STEP][PASSED] - selectOptionByIndex: All options with index in [1] are selected on object 'Object Repository/lab/Page_Store/select_--Select--BA50'

2018-05-22 15:48:35 - [MESSAGE][PASSED] - All options with index in [1] are selected on object 'Object Repository/lab/Page_Store/select_--Select--BA50'

2018-05-22 15:48:35 - [TEST_STEP][PASSED] - Statement - Try: null

2018-05-22 15:48:35 - [TEST_STEP][PASSED] - Statement - StockQty = com.kms.katalon.core.webui.keyword.WebUiBuiltInKeywords.getAttribute(com.kms.katalon.core.testobject.ObjectRepository.findTestObject(lab/Page_Store/input_txtprice), "value"): Attribute 'value' of object 'Object Repository/lab/Page_Store/input_txtprice' is: '1340'

2018-05-22 15:48:35 - [MESSAGE][PASSED] - Attribute 'value' of object 'Object Repository/lab/Page_Store/input_txtprice' is: '1340'

2018-05-22 15:48:35 - [TEST_STEP][PASSED] - Statement - out.println("Stock QTY : " + StockQty): null

2018-05-22 15:48:35 - [TEST_STEP][PASSED] - delay: Delayed 2 second(s)

2018-05-22 15:48:37 - [MESSAGE][PASSED] - Delayed 2 second(s)

2018-05-22 15:48:37 - [TEST_STEP][PASSED] - Statement - If (java.lang.Integer.valueOf(StockQty) >= java.lang.Integer.valueOf(RequestedQty)): null

2018-05-22 15:48:37 - [TEST_STEP][PASSED] - setText: Text '10' is set on object 'Object Repository/lab/Page_Store/input_txtqty'

2018-05-22 15:48:37 - [MESSAGE][PASSED] - Text '10' is set on object 'Object Repository/lab/Page_Store/input_txtqty'

2018-05-22 15:48:37 - [TEST_STEP][PASSED] - click: Object: 'Object Repository/lab/Page_Store/button_Add' is clicked on

2018-05-22 15:48:37 - [MESSAGE][PASSED] - Object: 'Object Repository/lab/Page_Store/button_Add' is clicked on

2018-05-22 15:48:37 - [TEST_STEP][PASSED] - Statement - Break: null

2018-05-22 15:48:37 - [TEST_STEP][PASSED] - selectOptionByIndex: All options with index in [2] are selected on object 'Object Repository/lab/Page_Store/select_--Select--E.C.G. Jelly'

2018-05-22 15:48:37 - [MESSAGE][PASSED] - All options with index in [2] are selected on object 'Object Repository/lab/Page_Store/select_--Select--E.C.G. Jelly'

2018-05-22 15:48:37 - [TEST_STEP][PASSED] - delay: Delayed 2 second(s)

2018-05-22 15:48:39 - [MESSAGE][PASSED] - Delayed 2 second(s)

2018-05-22 15:48:39 - [TEST_STEP][PASSED] - Statement - RequestedQty = com.kms.katalon.core.webui.keyword.WebUiBuiltInKeywords.getAttribute(com.kms.katalon.core.testobject.ObjectRepository.findTestObject(lab/Page_Store/input_txttotal), "value"): Attribute 'value' of object 'Object Repository/lab/Page_Store/input_txttotal' is: '10'

2018-05-22 15:48:40 - [MESSAGE][PASSED] - Attribute 'value' of object 'Object Repository/lab/Page_Store/input_txttotal' is: '10'

2018-05-22 15:48:40 - [TEST_STEP][PASSED] - Statement - out.println("Requested QTY : " + RequestedQty): null

2018-05-22 15:48:40 - [TEST_STEP][PASSED] - Statement - BatchNumber = com.kms.katalon.core.webui.keyword.WebUiBuiltInKeywords.getNumberOfTotalOption(com.kms.katalon.core.testobject.ObjectRepository.findTestObject(lab/Page_Store/select_--Select--BA50)): 3 options of object 'Object Repository/lab/Page_Store/select_--Select--BA50' counted

2018-05-22 15:48:40 - [MESSAGE][PASSED] - 3 options of object 'Object Repository/lab/Page_Store/select_--Select--BA50' counted

2018-05-22 15:48:40 - [TEST_STEP][PASSED] - Statement - For ([g = 1, g <= BatchNumber - 1, (g++)]): null

2018-05-22 15:48:40 - [TEST_STEP][PASSED] - selectOptionByIndex: All options with index in [1] are selected on object 'Object Repository/lab/Page_Store/select_--Select--BA50'

2018-05-22 15:48:40 - [MESSAGE][PASSED] - All options with index in [1] are selected on object 'Object Repository/lab/Page_Store/select_--Select--BA50'

2018-05-22 15:48:40 - [TEST_STEP][PASSED] - Statement - Try: null

2018-05-22 15:48:40 - [TEST_STEP][PASSED] - Statement - StockQty = com.kms.katalon.core.webui.keyword.WebUiBuiltInKeywords.getAttribute(com.kms.katalon.core.testobject.ObjectRepository.findTestObject(lab/Page_Store/input_txtprice), "value"): Attribute 'value' of object 'Object Repository/lab/Page_Store/input_txtprice' is: '282'

2018-05-22 15:48:40 - [MESSAGE][PASSED] - Attribute 'value' of object 'Object Repository/lab/Page_Store/input_txtprice' is: '282'

2018-05-22 15:48:40 - [TEST_STEP][PASSED] - Statement - out.println("Stock QTY : " + StockQty): null

2018-05-22 15:48:40 - [TEST_STEP][PASSED] - delay: Delayed 2 second(s)

2018-05-22 15:48:42 - [MESSAGE][PASSED] - Delayed 2 second(s)

2018-05-22 15:48:42 - [TEST_STEP][PASSED] - Statement - If (java.lang.Integer.valueOf(StockQty) >= java.lang.Integer.valueOf(RequestedQty)): null

2018-05-22 15:48:42 - [TEST_STEP][PASSED] - setText: Text '10' is set on object 'Object Repository/lab/Page_Store/input_txtqty'

2018-05-22 15:48:42 - [MESSAGE][PASSED] - Text '10' is set on object 'Object Repository/lab/Page_Store/input_txtqty'

2018-05-22 15:48:42 - [TEST_STEP][PASSED] - click: Object: 'Object Repository/lab/Page_Store/button_Add' is clicked on

2018-05-22 15:48:42 - [MESSAGE][PASSED] - Object: 'Object Repository/lab/Page_Store/button_Add' is clicked on

2018-05-22 15:48:42 - [TEST_STEP][PASSED] - Statement - Break: null

2018-05-22 15:48:42 - [TEST_STEP][PASSED] - selectOptionByIndex: All options with index in [3] are selected on object 'Object Repository/lab/Page_Store/select_--Select--E.C.G. Jelly'

2018-05-22 15:48:42 - [MESSAGE][PASSED] - All options with index in [3] are selected on object 'Object Repository/lab/Page_Store/select_--Select--E.C.G. Jelly'

2018-05-22 15:48:42 - [TEST_STEP][PASSED] - delay: Delayed 2 second(s)

2018-05-22 15:48:44 - [MESSAGE][PASSED] - Delayed 2 second(s)

2018-05-22 15:48:44 - [TEST_STEP][PASSED] - Statement - RequestedQty = com.kms.katalon.core.webui.keyword.WebUiBuiltInKeywords.getAttribute(com.kms.katalon.core.testobject.ObjectRepository.findTestObject(lab/Page_Store/input_txttotal), "value"): Attribute 'value' of object 'Object Repository/lab/Page_Store/input_txttotal' is: '10'

2018-05-22 15:48:44 - [MESSAGE][PASSED] - Attribute 'value' of object 'Object Repository/lab/Page_Store/input_txttotal' is: '10'

2018-05-22 15:48:44 - [TEST_STEP][PASSED] - Statement - out.println("Requested QTY : " + RequestedQty): null

2018-05-22 15:48:44 - [TEST_STEP][PASSED] - Statement - BatchNumber = com.kms.katalon.core.webui.keyword.WebUiBuiltInKeywords.getNumberOfTotalOption(com.kms.katalon.core.testobject.ObjectRepository.findTestObject(lab/Page_Store/select_--Select--BA50)): 3 options of object 'Object Repository/lab/Page_Store/select_--Select--BA50' counted

2018-05-22 15:48:44 - [MESSAGE][PASSED] - 3 options of object 'Object Repository/lab/Page_Store/select_--Select--BA50' counted

2018-05-22 15:48:44 - [TEST_STEP][PASSED] - Statement - For ([g = 1, g <= BatchNumber - 1, (g++)]): null

2018-05-22 15:48:44 - [TEST_STEP][PASSED] - selectOptionByIndex: All options with index in [1] are selected on object 'Object Repository/lab/Page_Store/select_--Select--BA50'

2018-05-22 15:48:44 - [MESSAGE][PASSED] - All options with index in [1] are selected on object 'Object Repository/lab/Page_Store/select_--Select--BA50'

2018-05-22 15:48:44 - [TEST_STEP][PASSED] - Statement - Try: null

2018-05-22 15:48:44 - [TEST_STEP][PASSED] - Statement - StockQty = com.kms.katalon.core.webui.keyword.WebUiBuiltInKeywords.getAttribute(com.kms.katalon.core.testobject.ObjectRepository.findTestObject(lab/Page_Store/input_txtprice), "value"): Attribute 'value' of object 'Object Repository/lab/Page_Store/input_txtprice' is: '1240'

2018-05-22 15:48:44 - [MESSAGE][PASSED] - Attribute 'value' of object 'Object Repository/lab/Page_Store/input_txtprice' is: '1240'

2018-05-22 15:48:44 - [TEST_STEP][PASSED] - Statement - out.println("Stock QTY : " + StockQty): null

2018-05-22 15:48:44 - [TEST_STEP][PASSED] - delay: Delayed 2 second(s)

2018-05-22 15:48:46 - [MESSAGE][PASSED] - Delayed 2 second(s)

2018-05-22 15:48:46 - [TEST_STEP][PASSED] - Statement - If (java.lang.Integer.valueOf(StockQty) >= java.lang.Integer.valueOf(RequestedQty)): null

2018-05-22 15:48:46 - [TEST_STEP][PASSED] - setText: Text '10' is set on object 'Object Repository/lab/Page_Store/input_txtqty'

2018-05-22 15:48:46 - [MESSAGE][PASSED] - Text '10' is set on object 'Object Repository/lab/Page_Store/input_txtqty'

2018-05-22 15:48:46 - [TEST_STEP][PASSED] - click: Object: 'Object Repository/lab/Page_Store/button_Add' is clicked on

2018-05-22 15:48:47 - [MESSAGE][PASSED] - Object: 'Object Repository/lab/Page_Store/button_Add' is clicked on

2018-05-22 15:48:47 - [TEST_STEP][PASSED] - Statement - Break: null

2018-05-22 15:48:47 - [TEST_STEP][PASSED] - selectOptionByIndex: All options with index in [4] are selected on object 'Object Repository/lab/Page_Store/select_--Select--E.C.G. Jelly'

2018-05-22 15:48:47 - [MESSAGE][PASSED] - All options with index in [4] are selected on object 'Object Repository/lab/Page_Store/select_--Select--E.C.G. Jelly'

2018-05-22 15:48:47 - [TEST_STEP][PASSED] - delay: Delayed 2 second(s)

2018-05-22 15:48:49 - [MESSAGE][PASSED] - Delayed 2 second(s)

2018-05-22 15:48:49 - [TEST_STEP][PASSED] - Statement - RequestedQty = com.kms.katalon.core.webui.keyword.WebUiBuiltInKeywords.getAttribute(com.kms.katalon.core.testobject.ObjectRepository.findTestObject(lab/Page_Store/input_txttotal), "value"): Attribute 'value' of object 'Object Repository/lab/Page_Store/input_txttotal' is: '10'

2018-05-22 15:48:49 - [MESSAGE][PASSED] - Attribute 'value' of object 'Object Repository/lab/Page_Store/input_txttotal' is: '10'

2018-05-22 15:48:49 - [TEST_STEP][PASSED] - Statement - out.println("Requested QTY : " + RequestedQty): null

2018-05-22 15:48:49 - [TEST_STEP][PASSED] - Statement - BatchNumber = com.kms.katalon.core.webui.keyword.WebUiBuiltInKeywords.getNumberOfTotalOption(com.kms.katalon.core.testobject.ObjectRepository.findTestObject(lab/Page_Store/select_--Select--BA50)): 3 options of object 'Object Repository/lab/Page_Store/select_--Select--BA50' counted

2018-05-22 15:48:49 - [MESSAGE][PASSED] - 3 options of object 'Object Repository/lab/Page_Store/select_--Select--BA50' counted

2018-05-22 15:48:49 - [TEST_STEP][PASSED] - Statement - For ([g = 1, g <= BatchNumber - 1, (g++)]): null

2018-05-22 15:48:49 - [TEST_STEP][PASSED] - selectOptionByIndex: All options with index in [1] are selected on object 'Object Repository/lab/Page_Store/select_--Select--BA50'

2018-05-22 15:48:49 - [MESSAGE][PASSED] - All options with index in [1] are selected on object 'Object Repository/lab/Page_Store/select_--Select--BA50'

2018-05-22 15:48:49 - [TEST_STEP][PASSED] - Statement - Try: null

2018-05-22 15:48:49 - [TEST_STEP][PASSED] - Statement - StockQty = com.kms.katalon.core.webui.keyword.WebUiBuiltInKeywords.getAttribute(com.kms.katalon.core.testobject.ObjectRepository.findTestObject(lab/Page_Store/input_txtprice), "value"): Attribute 'value' of object 'Object Repository/lab/Page_Store/input_txtprice' is: '330'

2018-05-22 15:48:49 - [MESSAGE][PASSED] - Attribute 'value' of object 'Object Repository/lab/Page_Store/input_txtprice' is: '330'

2018-05-22 15:48:49 - [TEST_STEP][PASSED] - Statement - out.println("Stock QTY : " + StockQty): null

2018-05-22 15:48:49 - [TEST_STEP][PASSED] - delay: Delayed 2 second(s)

2018-05-22 15:48:51 - [MESSAGE][PASSED] - Delayed 2 second(s)

2018-05-22 15:48:51 - [TEST_STEP][PASSED] - Statement - If (java.lang.Integer.valueOf(StockQty) >= java.lang.Integer.valueOf(RequestedQty)): null

2018-05-22 15:48:51 - [TEST_STEP][PASSED] - setText: Text '10' is set on object 'Object Repository/lab/Page_Store/input_txtqty'

2018-05-22 15:48:51 - [MESSAGE][PASSED] - Text '10' is set on object 'Object Repository/lab/Page_Store/input_txtqty'

2018-05-22 15:48:51 - [TEST_STEP][PASSED] - click: Object: 'Object Repository/lab/Page_Store/button_Add' is clicked on

2018-05-22 15:48:51 - [MESSAGE][PASSED] - Object: 'Object Repository/lab/Page_Store/button_Add' is clicked on

2018-05-22 15:48:51 - [TEST_STEP][PASSED] - Statement - Break: null

2018-05-22 15:48:51 - [TEST_STEP][PASSED] - selectOptionByIndex: All options with index in [5] are selected on object 'Object Repository/lab/Page_Store/select_--Select--E.C.G. Jelly'

2018-05-22 15:48:51 - [MESSAGE][PASSED] - All options with index in [5] are selected on object 'Object Repository/lab/Page_Store/select_--Select--E.C.G. Jelly'

2018-05-22 15:48:51 - [TEST_STEP][PASSED] - delay: Delayed 2 second(s)

2018-05-22 15:48:53 - [MESSAGE][PASSED] - Delayed 2 second(s)

2018-05-22 15:48:53 - [TEST_STEP][PASSED] - Statement - RequestedQty = com.kms.katalon.core.webui.keyword.WebUiBuiltInKeywords.getAttribute(com.kms.katalon.core.testobject.ObjectRepository.findTestObject(lab/Page_Store/input_txttotal), "value"): Attribute 'value' of object 'Object Repository/lab/Page_Store/input_txttotal' is: '10'

2018-05-22 15:48:53 - [MESSAGE][PASSED] - Attribute 'value' of object 'Object Repository/lab/Page_Store/input_txttotal' is: '10'

2018-05-22 15:48:53 - [TEST_STEP][PASSED] - Statement - out.println("Requested QTY : " + RequestedQty): null

2018-05-22 15:48:53 - [TEST_STEP][PASSED] - Statement - BatchNumber = com.kms.katalon.core.webui.keyword.WebUiBuiltInKeywords.getNumberOfTotalOption(com.kms.katalon.core.testobject.ObjectRepository.findTestObject(lab/Page_Store/select_--Select--BA50)): 3 options of object 'Object Repository/lab/Page_Store/select_--Select--BA50' counted

2018-05-22 15:48:53 - [MESSAGE][PASSED] - 3 options of object 'Object Repository/lab/Page_Store/select_--Select--BA50' counted

2018-05-22 15:48:53 - [TEST_STEP][PASSED] - Statement - For ([g = 1, g <= BatchNumber - 1, (g++)]): null

2018-05-22 15:48:53 - [TEST_STEP][PASSED] - selectOptionByIndex: All options with index in [1] are selected on object 'Object Repository/lab/Page_Store/select_--Select--BA50'

2018-05-22 15:48:54 - [MESSAGE][PASSED] - All options with index in [1] are selected on object 'Object Repository/lab/Page_Store/select_--Select--BA50'

2018-05-22 15:48:54 - [TEST_STEP][PASSED] - Statement - Try: null

2018-05-22 15:48:54 - [TEST_STEP][PASSED] - Statement - StockQty = com.kms.katalon.core.webui.keyword.WebUiBuiltInKeywords.getAttribute(com.kms.katalon.core.testobject.ObjectRepository.findTestObject(lab/Page_Store/input_txtprice), "value"): Attribute 'value' of object 'Object Repository/lab/Page_Store/input_txtprice' is: '330'

2018-05-22 15:48:54 - [MESSAGE][PASSED] - Attribute 'value' of object 'Object Repository/lab/Page_Store/input_txtprice' is: '330'

2018-05-22 15:48:54 - [TEST_STEP][PASSED] - Statement - out.println("Stock QTY : " + StockQty): null

2018-05-22 15:48:54 - [TEST_STEP][PASSED] - delay: Delayed 2 second(s)

2018-05-22 15:48:56 - [MESSAGE][PASSED] - Delayed 2 second(s)

2018-05-22 15:48:56 - [TEST_STEP][PASSED] - Statement - If (java.lang.Integer.valueOf(StockQty) >= java.lang.Integer.valueOf(RequestedQty)): null

2018-05-22 15:48:56 - [TEST_STEP][PASSED] - setText: Text '10' is set on object 'Object Repository/lab/Page_Store/input_txtqty'

2018-05-22 15:48:56 - [MESSAGE][PASSED] - Text '10' is set on object 'Object Repository/lab/Page_Store/input_txtqty'

2018-05-22 15:48:56 - [TEST_STEP][PASSED] - click: Object: 'Object Repository/lab/Page_Store/button_Add' is clicked on

2018-05-22 15:48:56 - [MESSAGE][PASSED] - Object: 'Object Repository/lab/Page_Store/button_Add' is clicked on

2018-05-22 15:48:56 - [TEST_STEP][PASSED] - Statement - Break: null

2018-05-22 15:48:56 - [TEST_STEP][PASSED] - selectOptionByIndex: All options with index in [6] are selected on object 'Object Repository/lab/Page_Store/select_--Select--E.C.G. Jelly'

2018-05-22 15:48:56 - [MESSAGE][PASSED] - All options with index in [6] are selected on object 'Object Repository/lab/Page_Store/select_--Select--E.C.G. Jelly'

2018-05-22 15:48:56 - [TEST_STEP][PASSED] - delay: Delayed 2 second(s)

2018-05-22 15:48:58 - [MESSAGE][PASSED] - Delayed 2 second(s)

2018-05-22 15:48:58 - [TEST_STEP][PASSED] - Statement - RequestedQty = com.kms.katalon.core.webui.keyword.WebUiBuiltInKeywords.getAttribute(com.kms.katalon.core.testobject.ObjectRepository.findTestObject(lab/Page_Store/input_txttotal), "value"): Attribute 'value' of object 'Object Repository/lab/Page_Store/input_txttotal' is: '10'

2018-05-22 15:48:58 - [MESSAGE][PASSED] - Attribute 'value' of object 'Object Repository/lab/Page_Store/input_txttotal' is: '10'

2018-05-22 15:48:58 - [TEST_STEP][PASSED] - Statement - out.println("Requested QTY : " + RequestedQty): null

2018-05-22 15:48:58 - [TEST_STEP][PASSED] - Statement - BatchNumber = com.kms.katalon.core.webui.keyword.WebUiBuiltInKeywords.getNumberOfTotalOption(com.kms.katalon.core.testobject.ObjectRepository.findTestObject(lab/Page_Store/select_--Select--BA50)): 3 options of object 'Object Repository/lab/Page_Store/select_--Select--BA50' counted

2018-05-22 15:48:58 - [MESSAGE][PASSED] - 3 options of object 'Object Repository/lab/Page_Store/select_--Select--BA50' counted

2018-05-22 15:48:58 - [TEST_STEP][PASSED] - Statement - For ([g = 1, g <= BatchNumber - 1, (g++)]): null

2018-05-22 15:48:58 - [TEST_STEP][PASSED] - selectOptionByIndex: All options with index in [1] are selected on object 'Object Repository/lab/Page_Store/select_--Select--BA50'

2018-05-22 15:48:58 - [MESSAGE][PASSED] - All options with index in [1] are selected on object 'Object Repository/lab/Page_Store/select_--Select--BA50'

2018-05-22 15:48:58 - [TEST_STEP][PASSED] - Statement - Try: null

2018-05-22 15:48:58 - [TEST_STEP][PASSED] - Statement - StockQty = com.kms.katalon.core.webui.keyword.WebUiBuiltInKeywords.getAttribute(com.kms.katalon.core.testobject.ObjectRepository.findTestObject(lab/Page_Store/input_txtprice), "value"): Attribute 'value' of object 'Object Repository/lab/Page_Store/input_txtprice' is: '330'

2018-05-22 15:48:58 - [MESSAGE][PASSED] - Attribute 'value' of object 'Object Repository/lab/Page_Store/input_txtprice' is: '330'

2018-05-22 15:48:58 - [TEST_STEP][PASSED] - Statement - out.println("Stock QTY : " + StockQty): null

2018-05-22 15:48:58 - [TEST_STEP][PASSED] - delay: Delayed 2 second(s)

2018-05-22 15:49:00 - [MESSAGE][PASSED] - Delayed 2 second(s)

2018-05-22 15:49:00 - [TEST_STEP][PASSED] - Statement - If (java.lang.Integer.valueOf(StockQty) >= java.lang.Integer.valueOf(RequestedQty)): null

2018-05-22 15:49:00 - [TEST_STEP][PASSED] - setText: Text '10' is set on object 'Object Repository/lab/Page_Store/input_txtqty'

2018-05-22 15:49:00 - [MESSAGE][PASSED] - Text '10' is set on object 'Object Repository/lab/Page_Store/input_txtqty'

2018-05-22 15:49:00 - [TEST_STEP][PASSED] - click: Object: 'Object Repository/lab/Page_Store/button_Add' is clicked on

2018-05-22 15:49:00 - [MESSAGE][PASSED] - Object: 'Object Repository/lab/Page_Store/button_Add' is clicked on

2018-05-22 15:49:00 - [TEST_STEP][PASSED] - Statement - Break: null

2018-05-22 15:49:00 - [TEST_STEP][PASSED] - selectOptionByIndex: All options with index in [7] are selected on object 'Object Repository/lab/Page_Store/select_--Select--E.C.G. Jelly'

2018-05-22 15:49:01 - [MESSAGE][PASSED] - All options with index in [7] are selected on object 'Object Repository/lab/Page_Store/select_--Select--E.C.G. Jelly'

2018-05-22 15:49:01 - [TEST_STEP][PASSED] - delay: Delayed 2 second(s)

2018-05-22 15:49:03 - [MESSAGE][PASSED] - Delayed 2 second(s)

2018-05-22 15:49:03 - [TEST_STEP][PASSED] - Statement - RequestedQty = com.kms.katalon.core.webui.keyword.WebUiBuiltInKeywords.getAttribute(com.kms.katalon.core.testobject.ObjectRepository.findTestObject(lab/Page_Store/input_txttotal), "value"): Attribute 'value' of object 'Object Repository/lab/Page_Store/input_txttotal' is: '10'

2018-05-22 15:49:03 - [MESSAGE][PASSED] - Attribute 'value' of object 'Object Repository/lab/Page_Store/input_txttotal' is: '10'

2018-05-22 15:49:03 - [TEST_STEP][PASSED] - Statement - out.println("Requested QTY : " + RequestedQty): null

2018-05-22 15:49:03 - [TEST_STEP][PASSED] - Statement - BatchNumber = com.kms.katalon.core.webui.keyword.WebUiBuiltInKeywords.getNumberOfTotalOption(com.kms.katalon.core.testobject.ObjectRepository.findTestObject(lab/Page_Store/select_--Select--BA50)): 2 options of object 'Object Repository/lab/Page_Store/select_--Select--BA50' counted

2018-05-22 15:49:03 - [MESSAGE][PASSED] - 2 options of object 'Object Repository/lab/Page_Store/select_--Select--BA50' counted

2018-05-22 15:49:03 - [TEST_STEP][PASSED] - Statement - For ([g = 1, g <= BatchNumber - 1, (g++)]): null

2018-05-22 15:49:03 - [TEST_STEP][PASSED] - selectOptionByIndex: All options with index in [1] are selected on object 'Object Repository/lab/Page_Store/select_--Select--BA50'

2018-05-22 15:49:03 - [MESSAGE][PASSED] - All options with index in [1] are selected on object 'Object Repository/lab/Page_Store/select_--Select--BA50'

2018-05-22 15:49:03 - [TEST_STEP][PASSED] - Statement - Try: null

2018-05-22 15:49:03 - [TEST_STEP][PASSED] - Statement - StockQty = com.kms.katalon.core.webui.keyword.WebUiBuiltInKeywords.getAttribute(com.kms.katalon.core.testobject.ObjectRepository.findTestObject(lab/Page_Store/input_txtprice), "value"): Attribute 'value' of object 'Object Repository/lab/Page_Store/input_txtprice' is: '1340'

2018-05-22 15:49:03 - [MESSAGE][PASSED] - Attribute 'value' of object 'Object Repository/lab/Page_Store/input_txtprice' is: '1340'

2018-05-22 15:49:03 - [TEST_STEP][PASSED] - Statement - out.println("Stock QTY : " + StockQty): null

2018-05-22 15:49:03 - [TEST_STEP][PASSED] - delay: Delayed 2 second(s)

2018-05-22 15:49:05 - [MESSAGE][PASSED] - Delayed 2 second(s)

2018-05-22 15:49:05 - [TEST_STEP][PASSED] - Statement - If (java.lang.Integer.valueOf(StockQty) >= java.lang.Integer.valueOf(RequestedQty)): null

2018-05-22 15:49:05 - [TEST_STEP][PASSED] - setText: Text '10' is set on object 'Object Repository/lab/Page_Store/input_txtqty'

2018-05-22 15:49:05 - [MESSAGE][PASSED] - Text '10' is set on object 'Object Repository/lab/Page_Store/input_txtqty'

2018-05-22 15:49:05 - [TEST_STEP][PASSED] - click: Object: 'Object Repository/lab/Page_Store/button_Add' is clicked on

2018-05-22 15:49:05 - [MESSAGE][PASSED] - Object: 'Object Repository/lab/Page_Store/button_Add' is clicked on

2018-05-22 15:49:05 - [TEST_STEP][PASSED] - Statement - Break: null

2018-05-22 15:49:05 - [TEST_STEP][PASSED] - selectOptionByIndex: All options with index in [8] are selected on object 'Object Repository/lab/Page_Store/select_--Select--E.C.G. Jelly'

2018-05-22 15:49:05 - [MESSAGE][PASSED] - All options with index in [8] are selected on object 'Object Repository/lab/Page_Store/select_--Select--E.C.G. Jelly'

2018-05-22 15:49:05 - [TEST_STEP][PASSED] - delay: Delayed 2 second(s)

2018-05-22 15:49:07 - [MESSAGE][PASSED] - Delayed 2 second(s)

2018-05-22 15:49:07 - [TEST_STEP][PASSED] - Statement - RequestedQty = com.kms.katalon.core.webui.keyword.WebUiBuiltInKeywords.getAttribute(com.kms.katalon.core.testobject.ObjectRepository.findTestObject(lab/Page_Store/input_txttotal), "value"): Attribute 'value' of object 'Object Repository/lab/Page_Store/input_txttotal' is: '10'

2018-05-22 15:49:07 - [MESSAGE][PASSED] - Attribute 'value' of object 'Object Repository/lab/Page_Store/input_txttotal' is: '10'

2018-05-22 15:49:07 - [TEST_STEP][PASSED] - Statement - out.println("Requested QTY : " + RequestedQty): null

2018-05-22 15:49:07 - [TEST_STEP][PASSED] - Statement - BatchNumber = com.kms.katalon.core.webui.keyword.WebUiBuiltInKeywords.getNumberOfTotalOption(com.kms.katalon.core.testobject.ObjectRepository.findTestObject(lab/Page_Store/select_--Select--BA50)): 3 options of object 'Object Repository/lab/Page_Store/select_--Select--BA50' counted

2018-05-22 15:49:07 - [MESSAGE][PASSED] - 3 options of object 'Object Repository/lab/Page_Store/select_--Select--BA50' counted

2018-05-22 15:49:07 - [TEST_STEP][PASSED] - Statement - For ([g = 1, g <= BatchNumber - 1, (g++)]): null

2018-05-22 15:49:07 - [TEST_STEP][PASSED] - selectOptionByIndex: All options with index in [1] are selected on object 'Object Repository/lab/Page_Store/select_--Select--BA50'

2018-05-22 15:49:07 - [MESSAGE][PASSED] - All options with index in [1] are selected on object 'Object Repository/lab/Page_Store/select_--Select--BA50'

2018-05-22 15:49:07 - [TEST_STEP][PASSED] - Statement - Try: null

2018-05-22 15:49:07 - [TEST_STEP][PASSED] - Statement - StockQty = com.kms.katalon.core.webui.keyword.WebUiBuiltInKeywords.getAttribute(com.kms.katalon.core.testobject.ObjectRepository.findTestObject(lab/Page_Store/input_txtprice), "value"): Attribute 'value' of object 'Object Repository/lab/Page_Store/input_txtprice' is: '1240'

2018-05-22 15:49:07 - [MESSAGE][PASSED] - Attribute 'value' of object 'Object Repository/lab/Page_Store/input_txtprice' is: '1240'

2018-05-22 15:49:07 - [TEST_STEP][PASSED] - Statement - out.println("Stock QTY : " + StockQty): null

2018-05-22 15:49:07 - [TEST_STEP][PASSED] - delay: Delayed 2 second(s)

2018-05-22 15:49:09 - [MESSAGE][PASSED] - Delayed 2 second(s)

2018-05-22 15:49:09 - [TEST_STEP][PASSED] - Statement - If (java.lang.Integer.valueOf(StockQty) >= java.lang.Integer.valueOf(RequestedQty)): null

2018-05-22 15:49:09 - [TEST_STEP][PASSED] - setText: Text '10' is set on object 'Object Repository/lab/Page_Store/input_txtqty'

2018-05-22 15:49:09 - [MESSAGE][PASSED] - Text '10' is set on object 'Object Repository/lab/Page_Store/input_txtqty'

2018-05-22 15:49:09 - [TEST_STEP][PASSED] - click: Object: 'Object Repository/lab/Page_Store/button_Add' is clicked on

2018-05-22 15:49:10 - [MESSAGE][PASSED] - Object: 'Object Repository/lab/Page_Store/button_Add' is clicked on

2018-05-22 15:49:10 - [TEST_STEP][PASSED] - Statement - Break: null

2018-05-22 15:49:10 - [TEST_STEP][PASSED] - selectOptionByIndex: All options with index in [9] are selected on object 'Object Repository/lab/Page_Store/select_--Select--E.C.G. Jelly'

2018-05-22 15:49:10 - [MESSAGE][PASSED] - All options with index in [9] are selected on object 'Object Repository/lab/Page_Store/select_--Select--E.C.G. Jelly'

2018-05-22 15:49:10 - [TEST_STEP][PASSED] - delay: Delayed 2 second(s)

2018-05-22 15:49:12 - [MESSAGE][PASSED] - Delayed 2 second(s)

2018-05-22 15:49:12 - [TEST_STEP][PASSED] - Statement - RequestedQty = com.kms.katalon.core.webui.keyword.WebUiBuiltInKeywords.getAttribute(com.kms.katalon.core.testobject.ObjectRepository.findTestObject(lab/Page_Store/input_txttotal), "value"): Attribute 'value' of object 'Object Repository/lab/Page_Store/input_txttotal' is: '10'

2018-05-22 15:49:12 - [MESSAGE][PASSED] - Attribute 'value' of object 'Object Repository/lab/Page_Store/input_txttotal' is: '10'

2018-05-22 15:49:12 - [TEST_STEP][PASSED] - Statement - out.println("Requested QTY : " + RequestedQty): null

2018-05-22 15:49:12 - [TEST_STEP][PASSED] - Statement - BatchNumber = com.kms.katalon.core.webui.keyword.WebUiBuiltInKeywords.getNumberOfTotalOption(com.kms.katalon.core.testobject.ObjectRepository.findTestObject(lab/Page_Store/select_--Select--BA50)): 3 options of object 'Object Repository/lab/Page_Store/select_--Select--BA50' counted

2018-05-22 15:49:12 - [MESSAGE][PASSED] - 3 options of object 'Object Repository/lab/Page_Store/select_--Select--BA50' counted

2018-05-22 15:49:12 - [TEST_STEP][PASSED] - Statement - For ([g = 1, g <= BatchNumber - 1, (g++)]): null

2018-05-22 15:49:12 - [TEST_STEP][PASSED] - selectOptionByIndex: All options with index in [1] are selected on object 'Object Repository/lab/Page_Store/select_--Select--BA50'

2018-05-22 15:49:12 - [MESSAGE][PASSED] - All options with index in [1] are selected on object 'Object Repository/lab/Page_Store/select_--Select--BA50'

2018-05-22 15:49:12 - [TEST_STEP][PASSED] - Statement - Try: null

2018-05-22 15:49:12 - [TEST_STEP][PASSED] - Statement - StockQty = com.kms.katalon.core.webui.keyword.WebUiBuiltInKeywords.getAttribute(com.kms.katalon.core.testobject.ObjectRepository.findTestObject(lab/Page_Store/input_txtprice), "value"): Attribute 'value' of object 'Object Repository/lab/Page_Store/input_txtprice' is: '330'

2018-05-22 15:49:12 - [MESSAGE][PASSED] - Attribute 'value' of object 'Object Repository/lab/Page_Store/input_txtprice' is: '330'

2018-05-22 15:49:12 - [TEST_STEP][PASSED] - Statement - out.println("Stock QTY : " + StockQty): null

2018-05-22 15:49:12 - [TEST_STEP][PASSED] - delay: Delayed 2 second(s)

2018-05-22 15:49:14 - [MESSAGE][PASSED] - Delayed 2 second(s)

2018-05-22 15:49:14 - [TEST_STEP][PASSED] - Statement - If (java.lang.Integer.valueOf(StockQty) >= java.lang.Integer.valueOf(RequestedQty)): null

2018-05-22 15:49:14 - [TEST_STEP][PASSED] - setText: Text '10' is set on object 'Object Repository/lab/Page_Store/input_txtqty'

2018-05-22 15:49:14 - [MESSAGE][PASSED] - Text '10' is set on object 'Object Repository/lab/Page_Store/input_txtqty'

2018-05-22 15:49:14 - [TEST_STEP][PASSED] - click: Object: 'Object Repository/lab/Page_Store/button_Add' is clicked on

2018-05-22 15:49:14 - [MESSAGE][PASSED] - Object: 'Object Repository/lab/Page_Store/button_Add' is clicked on

2018-05-22 15:49:14 - [TEST_STEP][PASSED] - Statement - Break: null

2018-05-22 15:49:14 - [TEST_STEP][PASSED] - selectOptionByIndex: All options with index in [10] are selected on object 'Object Repository/lab/Page_Store/select_--Select--E.C.G. Jelly'

2018-05-22 15:49:14 - [MESSAGE][PASSED] - All options with index in [10] are selected on object 'Object Repository/lab/Page_Store/select_--Select--E.C.G. Jelly'

2018-05-22 15:49:14 - [TEST_STEP][PASSED] - delay: Delayed 2 second(s)

2018-05-22 15:49:16 - [MESSAGE][PASSED] - Delayed 2 second(s)

2018-05-22 15:49:16 - [TEST_STEP][PASSED] - Statement - RequestedQty = com.kms.katalon.core.webui.keyword.WebUiBuiltInKeywords.getAttribute(com.kms.katalon.core.testobject.ObjectRepository.findTestObject(lab/Page_Store/input_txttotal), "value"): Attribute 'value' of object 'Object Repository/lab/Page_Store/input_txttotal' is: '10'

2018-05-22 15:49:16 - [MESSAGE][PASSED] - Attribute 'value' of object 'Object Repository/lab/Page_Store/input_txttotal' is: '10'

2018-05-22 15:49:16 - [TEST_STEP][PASSED] - Statement - out.println("Requested QTY : " + RequestedQty): null

2018-05-22 15:49:16 - [TEST_STEP][PASSED] - Statement - BatchNumber = com.kms.katalon.core.webui.keyword.WebUiBuiltInKeywords.getNumberOfTotalOption(com.kms.katalon.core.testobject.ObjectRepository.findTestObject(lab/Page_Store/select_--Select--BA50)): 2 options of object 'Object Repository/lab/Page_Store/select_--Select--BA50' counted

2018-05-22 15:49:16 - [MESSAGE][PASSED] - 2 options of object 'Object Repository/lab/Page_Store/select_--Select--BA50' counted

2018-05-22 15:49:16 - [TEST_STEP][PASSED] - Statement - For ([g = 1, g <= BatchNumber - 1, (g++)]): null

2018-05-22 15:49:16 - [TEST_STEP][PASSED] - selectOptionByIndex: All options with index in [1] are selected on object 'Object Repository/lab/Page_Store/select_--Select--BA50'

2018-05-22 15:49:17 - [MESSAGE][PASSED] - All options with index in [1] are selected on object 'Object Repository/lab/Page_Store/select_--Select--BA50'

2018-05-22 15:49:17 - [TEST_STEP][PASSED] - Statement - Try: null

2018-05-22 15:49:17 - [TEST_STEP][PASSED] - Statement - StockQty = com.kms.katalon.core.webui.keyword.WebUiBuiltInKeywords.getAttribute(com.kms.katalon.core.testobject.ObjectRepository.findTestObject(lab/Page_Store/input_txtprice), "value"): Attribute 'value' of object 'Object Repository/lab/Page_Store/input_txtprice' is: '1340'

2018-05-22 15:49:17 - [MESSAGE][PASSED] - Attribute 'value' of object 'Object Repository/lab/Page_Store/input_txtprice' is: '1340'

2018-05-22 15:49:17 - [TEST_STEP][PASSED] - Statement - out.println("Stock QTY : " + StockQty): null

2018-05-22 15:49:17 - [TEST_STEP][PASSED] - delay: Delayed 2 second(s)

2018-05-22 15:49:19 - [MESSAGE][PASSED] - Delayed 2 second(s)

2018-05-22 15:49:19 - [TEST_STEP][PASSED] - Statement - If (java.lang.Integer.valueOf(StockQty) >= java.lang.Integer.valueOf(RequestedQty)): null

2018-05-22 15:49:19 - [TEST_STEP][PASSED] - setText: Text '10' is set on object 'Object Repository/lab/Page_Store/input_txtqty'

2018-05-22 15:49:19 - [MESSAGE][PASSED] - Text '10' is set on object 'Object Repository/lab/Page_Store/input_txtqty'

2018-05-22 15:49:19 - [TEST_STEP][PASSED] - click: Object: 'Object Repository/lab/Page_Store/button_Add' is clicked on

2018-05-22 15:49:19 - [MESSAGE][PASSED] - Object: 'Object Repository/lab/Page_Store/button_Add' is clicked on

2018-05-22 15:49:19 - [TEST_STEP][PASSED] - Statement - Break: null

2018-05-22 15:49:19 - [TEST_STEP][PASSED] - selectOptionByIndex: All options with index in [11] are selected on object 'Object Repository/lab/Page_Store/select_--Select--E.C.G. Jelly'

2018-05-22 15:49:19 - [MESSAGE][PASSED] - All options with index in [11] are selected on object 'Object Repository/lab/Page_Store/select_--Select--E.C.G. Jelly'

2018-05-22 15:49:19 - [TEST_STEP][PASSED] - delay: Delayed 2 second(s)

2018-05-22 15:49:21 - [MESSAGE][PASSED] - Delayed 2 second(s)

2018-05-22 15:49:21 - [TEST_STEP][PASSED] - Statement - RequestedQty = com.kms.katalon.core.webui.keyword.WebUiBuiltInKeywords.getAttribute(com.kms.katalon.core.testobject.ObjectRepository.findTestObject(lab/Page_Store/input_txttotal), "value"): Attribute 'value' of object 'Object Repository/lab/Page_Store/input_txttotal' is: '10'

2018-05-22 15:49:21 - [MESSAGE][PASSED] - Attribute 'value' of object 'Object Repository/lab/Page_Store/input_txttotal' is: '10'

2018-05-22 15:49:21 - [TEST_STEP][PASSED] - Statement - out.println("Requested QTY : " + RequestedQty): null

2018-05-22 15:49:21 - [TEST_STEP][PASSED] - Statement - BatchNumber = com.kms.katalon.core.webui.keyword.WebUiBuiltInKeywords.getNumberOfTotalOption(com.kms.katalon.core.testobject.ObjectRepository.findTestObject(lab/Page_Store/select_--Select--BA50)): 4 options of object 'Object Repository/lab/Page_Store/select_--Select--BA50' counted

2018-05-22 15:49:21 - [MESSAGE][PASSED] - 4 options of object 'Object Repository/lab/Page_Store/select_--Select--BA50' counted

2018-05-22 15:49:21 - [TEST_STEP][PASSED] - Statement - For ([g = 1, g <= BatchNumber - 1, (g++)]): null

2018-05-22 15:49:21 - [TEST_STEP][PASSED] - selectOptionByIndex: All options with index in [1] are selected on object 'Object Repository/lab/Page_Store/select_--Select--BA50'

2018-05-22 15:49:21 - [MESSAGE][PASSED] - All options with index in [1] are selected on object 'Object Repository/lab/Page_Store/select_--Select--BA50'

2018-05-22 15:49:21 - [TEST_STEP][PASSED] - Statement - Try: null

2018-05-22 15:49:21 - [TEST_STEP][PASSED] - Statement - StockQty = com.kms.katalon.core.webui.keyword.WebUiBuiltInKeywords.getAttribute(com.kms.katalon.core.testobject.ObjectRepository.findTestObject(lab/Page_Store/input_txtprice), "value"): Attribute 'value' of object 'Object Repository/lab/Page_Store/input_txtprice' is: '330'

2018-05-22 15:49:21 - [MESSAGE][PASSED] - Attribute 'value' of object 'Object Repository/lab/Page_Store/input_txtprice' is: '330'

2018-05-22 15:49:21 - [TEST_STEP][PASSED] - Statement - out.println("Stock QTY : " + StockQty): null

2018-05-22 15:49:21 - [TEST_STEP][PASSED] - delay: Delayed 2 second(s)

2018-05-22 15:49:23 - [MESSAGE][PASSED] - Delayed 2 second(s)

2018-05-22 15:49:23 - [TEST_STEP][PASSED] - Statement - If (java.lang.Integer.valueOf(StockQty) >= java.lang.Integer.valueOf(RequestedQty)): null

2018-05-22 15:49:23 - [TEST_STEP][PASSED] - setText: Text '10' is set on object 'Object Repository/lab/Page_Store/input_txtqty'

2018-05-22 15:49:23 - [MESSAGE][PASSED] - Text '10' is set on object 'Object Repository/lab/Page_Store/input_txtqty'

2018-05-22 15:49:23 - [TEST_STEP][PASSED] - click: Object: 'Object Repository/lab/Page_Store/button_Add' is clicked on

2018-05-22 15:49:24 - [MESSAGE][PASSED] - Object: 'Object Repository/lab/Page_Store/button_Add' is clicked on

2018-05-22 15:49:24 - [TEST_STEP][PASSED] - Statement - Break: null

2018-05-22 15:49:24 - [TEST_STEP][PASSED] - selectOptionByIndex: All options with index in [12] are selected on object 'Object Repository/lab/Page_Store/select_--Select--E.C.G. Jelly'

2018-05-22 15:49:24 - [MESSAGE][PASSED] - All options with index in [12] are selected on object 'Object Repository/lab/Page_Store/select_--Select--E.C.G. Jelly'

2018-05-22 15:49:24 - [TEST_STEP][PASSED] - delay: Delayed 2 second(s)

2018-05-22 15:49:26 - [MESSAGE][PASSED] - Delayed 2 second(s)

2018-05-22 15:49:26 - [TEST_STEP][PASSED] - Statement - RequestedQty = com.kms.katalon.core.webui.keyword.WebUiBuiltInKeywords.getAttribute(com.kms.katalon.core.testobject.ObjectRepository.findTestObject(lab/Page_Store/input_txttotal), "value"): Attribute 'value' of object 'Object Repository/lab/Page_Store/input_txttotal' is: '10'

2018-05-22 15:49:26 - [MESSAGE][PASSED] - Attribute 'value' of object 'Object Repository/lab/Page_Store/input_txttotal' is: '10'

2018-05-22 15:49:26 - [TEST_STEP][PASSED] - Statement - out.println("Requested QTY : " + RequestedQty): null

2018-05-22 15:49:26 - [TEST_STEP][PASSED] - Statement - BatchNumber = com.kms.katalon.core.webui.keyword.WebUiBuiltInKeywords.getNumberOfTotalOption(com.kms.katalon.core.testobject.ObjectRepository.findTestObject(lab/Page_Store/select_--Select--BA50)): 2 options of object 'Object Repository/lab/Page_Store/select_--Select--BA50' counted

2018-05-22 15:49:26 - [MESSAGE][PASSED] - 2 options of object 'Object Repository/lab/Page_Store/select_--Select--BA50' counted

2018-05-22 15:49:26 - [TEST_STEP][PASSED] - Statement - For ([g = 1, g <= BatchNumber - 1, (g++)]): null

2018-05-22 15:49:26 - [TEST_STEP][PASSED] - selectOptionByIndex: All options with index in [1] are selected on object 'Object Repository/lab/Page_Store/select_--Select--BA50'

2018-05-22 15:49:26 - [MESSAGE][PASSED] - All options with index in [1] are selected on object 'Object Repository/lab/Page_Store/select_--Select--BA50'

2018-05-22 15:49:26 - [TEST_STEP][PASSED] - Statement - Try: null

2018-05-22 15:49:26 - [TEST_STEP][PASSED] - Statement - StockQty = com.kms.katalon.core.webui.keyword.WebUiBuiltInKeywords.getAttribute(com.kms.katalon.core.testobject.ObjectRepository.findTestObject(lab/Page_Store/input_txtprice), "value"): Attribute 'value' of object 'Object Repository/lab/Page_Store/input_txtprice' is: '1340'

2018-05-22 15:49:26 - [MESSAGE][PASSED] - Attribute 'value' of object 'Object Repository/lab/Page_Store/input_txtprice' is: '1340'

2018-05-22 15:49:26 - [TEST_STEP][PASSED] - Statement - out.println("Stock QTY : " + StockQty): null

2018-05-22 15:49:26 - [TEST_STEP][PASSED] - delay: Delayed 2 second(s)

2018-05-22 15:49:28 - [MESSAGE][PASSED] - Delayed 2 second(s)

2018-05-22 15:49:28 - [TEST_STEP][PASSED] - Statement - If (java.lang.Integer.valueOf(StockQty) >= java.lang.Integer.valueOf(RequestedQty)): null

2018-05-22 15:49:28 - [TEST_STEP][PASSED] - setText: Text '10' is set on object 'Object Repository/lab/Page_Store/input_txtqty'

2018-05-22 15:49:28 - [MESSAGE][PASSED] - Text '10' is set on object 'Object Repository/lab/Page_Store/input_txtqty'

2018-05-22 15:49:28 - [TEST_STEP][PASSED] - click: Object: 'Object Repository/lab/Page_Store/button_Add' is clicked on

2018-05-22 15:49:28 - [MESSAGE][PASSED] - Object: 'Object Repository/lab/Page_Store/button_Add' is clicked on

2018-05-22 15:49:28 - [TEST_STEP][PASSED] - Statement - Break: null

2018-05-22 15:49:28 - [TEST_STEP][PASSED] - selectOptionByIndex: All options with index in [13] are selected on object 'Object Repository/lab/Page_Store/select_--Select--E.C.G. Jelly'

2018-05-22 15:49:28 - [MESSAGE][PASSED] - All options with index in [13] are selected on object 'Object Repository/lab/Page_Store/select_--Select--E.C.G. Jelly'

2018-05-22 15:49:28 - [TEST_STEP][PASSED] - delay: Delayed 2 second(s)

2018-05-22 15:49:30 - [MESSAGE][PASSED] - Delayed 2 second(s)

2018-05-22 15:49:30 - [TEST_STEP][PASSED] - Statement - RequestedQty = com.kms.katalon.core.webui.keyword.WebUiBuiltInKeywords.getAttribute(com.kms.katalon.core.testobject.ObjectRepository.findTestObject(lab/Page_Store/input_txttotal), "value"): Attribute 'value' of object 'Object Repository/lab/Page_Store/input_txttotal' is: '10'

2018-05-22 15:49:30 - [MESSAGE][PASSED] - Attribute 'value' of object 'Object Repository/lab/Page_Store/input_txttotal' is: '10'

2018-05-22 15:49:30 - [TEST_STEP][PASSED] - Statement - out.println("Requested QTY : " + RequestedQty): null

2018-05-22 15:49:30 - [TEST_STEP][PASSED] - Statement - BatchNumber = com.kms.katalon.core.webui.keyword.WebUiBuiltInKeywords.getNumberOfTotalOption(com.kms.katalon.core.testobject.ObjectRepository.findTestObject(lab/Page_Store/select_--Select--BA50)): 3 options of object 'Object Repository/lab/Page_Store/select_--Select--BA50' counted

2018-05-22 15:49:30 - [MESSAGE][PASSED] - 3 options of object 'Object Repository/lab/Page_Store/select_--Select--BA50' counted

2018-05-22 15:49:30 - [TEST_STEP][PASSED] - Statement - For ([g = 1, g <= BatchNumber - 1, (g++)]): null

2018-05-22 15:49:30 - [TEST_STEP][PASSED] - selectOptionByIndex: All options with index in [1] are selected on object 'Object Repository/lab/Page_Store/select_--Select--BA50'

2018-05-22 15:49:31 - [MESSAGE][PASSED] - All options with index in [1] are selected on object 'Object Repository/lab/Page_Store/select_--Select--BA50'

2018-05-22 15:49:31 - [TEST_STEP][PASSED] - Statement - Try: null

2018-05-22 15:49:31 - [TEST_STEP][PASSED] - Statement - StockQty = com.kms.katalon.core.webui.keyword.WebUiBuiltInKeywords.getAttribute(com.kms.katalon.core.testobject.ObjectRepository.findTestObject(lab/Page_Store/input_txtprice), "value"): Attribute 'value' of object 'Object Repository/lab/Page_Store/input_txtprice' is: '-10'

2018-05-22 15:49:31 - [MESSAGE][PASSED] - Attribute 'value' of object 'Object Repository/lab/Page_Store/input_txtprice' is: '-10'

2018-05-22 15:49:31 - [TEST_STEP][PASSED] - Statement - out.println("Stock QTY : " + StockQty): null

2018-05-22 15:49:31 - [TEST_STEP][PASSED] - delay: Delayed 2 second(s)

2018-05-22 15:49:33 - [MESSAGE][PASSED] - Delayed 2 second(s)

2018-05-22 15:49:33 - [TEST_STEP][PASSED] - Statement - If (java.lang.Integer.valueOf(StockQty) >= java.lang.Integer.valueOf(RequestedQty)): null

2018-05-22 15:49:33 - [TEST_STEP][PASSED] - Statement - Else: null

2018-05-22 15:49:33 - [TEST_STEP][PASSED] - Statement - out.println("Stock Is Less Than Requested Qty"): null

2018-05-22 15:49:33 - [TEST_STEP][PASSED] - selectOptionByIndex: All options with index in [2] are selected on object 'Object Repository/lab/Page_Store/select_--Select--BA50'

2018-05-22 15:49:33 - [MESSAGE][PASSED] - All options with index in [2] are selected on object 'Object Repository/lab/Page_Store/select_--Select--BA50'

2018-05-22 15:49:33 - [TEST_STEP][PASSED] - Statement - Try: null

2018-05-22 15:49:33 - [TEST_STEP][PASSED] - Statement - StockQty = com.kms.katalon.core.webui.keyword.WebUiBuiltInKeywords.getAttribute(com.kms.katalon.core.testobject.ObjectRepository.findTestObject(lab/Page_Store/input_txtprice), "value"): Attribute 'value' of object 'Object Repository/lab/Page_Store/input_txtprice' is: '-10'

2018-05-22 15:49:33 - [MESSAGE][PASSED] - Attribute 'value' of object 'Object Repository/lab/Page_Store/input_txtprice' is: '-10'

2018-05-22 15:49:33 - [TEST_STEP][PASSED] - Statement - out.println("Stock QTY : " + StockQty): null

2018-05-22 15:49:33 - [TEST_STEP][PASSED] - delay: Delayed 2 second(s)

2018-05-22 15:49:35 - [MESSAGE][PASSED] - Delayed 2 second(s)

2018-05-22 15:49:35 - [TEST_STEP][PASSED] - Statement - If (java.lang.Integer.valueOf(StockQty) >= java.lang.Integer.valueOf(RequestedQty)): null

2018-05-22 15:49:35 - [TEST_STEP][PASSED] - Statement - Else: null

2018-05-22 15:49:35 - [TEST_STEP][PASSED] - Statement - out.println("Stock Is Less Than Requested Qty"): null

2018-05-22 15:49:35 - [TEST_STEP][PASSED] - selectOptionByIndex: All options with index in [14] are selected on object 'Object Repository/lab/Page_Store/select_--Select--E.C.G. Jelly'

2018-05-22 15:49:35 - [MESSAGE][PASSED] - All options with index in [14] are selected on object 'Object Repository/lab/Page_Store/select_--Select--E.C.G. Jelly'

2018-05-22 15:49:35 - [TEST_STEP][PASSED] - delay: Delayed 2 second(s)

2018-05-22 15:49:37 - [MESSAGE][PASSED] - Delayed 2 second(s)

2018-05-22 15:49:37 - [TEST_STEP][PASSED] - Statement - RequestedQty = com.kms.katalon.core.webui.keyword.WebUiBuiltInKeywords.getAttribute(com.kms.katalon.core.testobject.ObjectRepository.findTestObject(lab/Page_Store/input_txttotal), "value"): Attribute 'value' of object 'Object Repository/lab/Page_Store/input_txttotal' is: '20'

2018-05-22 15:49:37 - [MESSAGE][PASSED] - Attribute 'value' of object 'Object Repository/lab/Page_Store/input_txttotal' is: '20'

2018-05-22 15:49:37 - [TEST_STEP][PASSED] - Statement - out.println("Requested QTY : " + RequestedQty): null

2018-05-22 15:49:37 - [TEST_STEP][PASSED] - Statement - BatchNumber = com.kms.katalon.core.webui.keyword.WebUiBuiltInKeywords.getNumberOfTotalOption(com.kms.katalon.core.testobject.ObjectRepository.findTestObject(lab/Page_Store/select_--Select--BA50)): 2 options of object 'Object Repository/lab/Page_Store/select_--Select--BA50' counted

2018-05-22 15:49:37 - [MESSAGE][PASSED] - 2 options of object 'Object Repository/lab/Page_Store/select_--Select--BA50' counted

2018-05-22 15:49:37 - [TEST_STEP][PASSED] - Statement - For ([g = 1, g <= BatchNumber - 1, (g++)]): null

2018-05-22 15:49:37 - [TEST_STEP][PASSED] - selectOptionByIndex: All options with index in [1] are selected on object 'Object Repository/lab/Page_Store/select_--Select--BA50'

2018-05-22 15:49:37 - [MESSAGE][PASSED] - All options with index in [1] are selected on object 'Object Repository/lab/Page_Store/select_--Select--BA50'

2018-05-22 15:49:37 - [TEST_STEP][PASSED] - Statement - Try: null

2018-05-22 15:49:37 - [TEST_STEP][PASSED] - Statement - StockQty = com.kms.katalon.core.webui.keyword.WebUiBuiltInKeywords.getAttribute(com.kms.katalon.core.testobject.ObjectRepository.findTestObject(lab/Page_Store/input_txtprice), "value"): Attribute 'value' of object 'Object Repository/lab/Page_Store/input_txtprice' is: '39965'

2018-05-22 15:49:37 - [MESSAGE][PASSED] - Attribute 'value' of object 'Object Repository/lab/Page_Store/input_txtprice' is: '39965'

2018-05-22 15:49:37 - [TEST_STEP][PASSED] - Statement - out.println("Stock QTY : " + StockQty): null

2018-05-22 15:49:37 - [TEST_STEP][PASSED] - delay: Delayed 2 second(s)

2018-05-22 15:49:39 - [MESSAGE][PASSED] - Delayed 2 second(s)

2018-05-22 15:49:39 - [TEST_STEP][PASSED] - Statement - If (java.lang.Integer.valueOf(StockQty) >= java.lang.Integer.valueOf(RequestedQty)): null

2018-05-22 15:49:39 - [TEST_STEP][PASSED] - setText: Text '10' is set on object 'Object Repository/lab/Page_Store/input_txtqty'

2018-05-22 15:49:40 - [MESSAGE][PASSED] - Text '10' is set on object 'Object Repository/lab/Page_Store/input_txtqty'

2018-05-22 15:49:40 - [TEST_STEP][PASSED] - click: Object: 'Object Repository/lab/Page_Store/button_Add' is clicked on

2018-05-22 15:49:40 - [MESSAGE][PASSED] - Object: 'Object Repository/lab/Page_Store/button_Add' is clicked on

2018-05-22 15:49:40 - [TEST_STEP][PASSED] - Statement - Break: null

2018-05-22 15:49:40 - [TEST_STEP][PASSED] - selectOptionByIndex: All options with index in [15] are selected on object 'Object Repository/lab/Page_Store/select_--Select--E.C.G. Jelly'

2018-05-22 15:49:40 - [MESSAGE][PASSED] - All options with index in [15] are selected on object 'Object Repository/lab/Page_Store/select_--Select--E.C.G. Jelly'

2018-05-22 15:49:40 - [TEST_STEP][PASSED] - delay: Delayed 2 second(s)

2018-05-22 15:49:42 - [MESSAGE][PASSED] - Delayed 2 second(s)

2018-05-22 15:49:42 - [TEST_STEP][PASSED] - Statement - RequestedQty = com.kms.katalon.core.webui.keyword.WebUiBuiltInKeywords.getAttribute(com.kms.katalon.core.testobject.ObjectRepository.findTestObject(lab/Page_Store/input_txttotal), "value"): Attribute 'value' of object 'Object Repository/lab/Page_Store/input_txttotal' is: '20'

2018-05-22 15:49:42 - [MESSAGE][PASSED] - Attribute 'value' of object 'Object Repository/lab/Page_Store/input_txttotal' is: '20'

2018-05-22 15:49:42 - [TEST_STEP][PASSED] - Statement - out.println("Requested QTY : " + RequestedQty): null

2018-05-22 15:49:42 - [TEST_STEP][PASSED] - Statement - BatchNumber = com.kms.katalon.core.webui.keyword.WebUiBuiltInKeywords.getNumberOfTotalOption(com.kms.katalon.core.testobject.ObjectRepository.findTestObject(lab/Page_Store/select_--Select--BA50)): 2 options of object 'Object Repository/lab/Page_Store/select_--Select--BA50' counted

2018-05-22 15:49:42 - [MESSAGE][PASSED] - 2 options of object 'Object Repository/lab/Page_Store/select_--Select--BA50' counted

2018-05-22 15:49:42 - [TEST_STEP][PASSED] - Statement - For ([g = 1, g <= BatchNumber - 1, (g++)]): null

2018-05-22 15:49:42 - [TEST_STEP][PASSED] - selectOptionByIndex: All options with index in [1] are selected on object 'Object Repository/lab/Page_Store/select_--Select--BA50'

2018-05-22 15:49:42 - [MESSAGE][PASSED] - All options with index in [1] are selected on object 'Object Repository/lab/Page_Store/select_--Select--BA50'

2018-05-22 15:49:42 - [TEST_STEP][PASSED] - Statement - Try: null

2018-05-22 15:49:42 - [TEST_STEP][PASSED] - Statement - StockQty = com.kms.katalon.core.webui.keyword.WebUiBuiltInKeywords.getAttribute(com.kms.katalon.core.testobject.ObjectRepository.findTestObject(lab/Page_Store/input_txtprice), "value"): Attribute 'value' of object 'Object Repository/lab/Page_Store/input_txtprice' is: '39965'

2018-05-22 15:49:42 - [MESSAGE][PASSED] - Attribute 'value' of object 'Object Repository/lab/Page_Store/input_txtprice' is: '39965'

2018-05-22 15:49:42 - [TEST_STEP][PASSED] - Statement - out.println("Stock QTY : " + StockQty): null

2018-05-22 15:49:42 - [TEST_STEP][PASSED] - delay: Delayed 2 second(s)

2018-05-22 15:49:44 - [MESSAGE][PASSED] - Delayed 2 second(s)

2018-05-22 15:49:44 - [TEST_STEP][PASSED] - Statement - If (java.lang.Integer.valueOf(StockQty) >= java.lang.Integer.valueOf(RequestedQty)): null

2018-05-22 15:49:44 - [TEST_STEP][PASSED] - setText: Text '10' is set on object 'Object Repository/lab/Page_Store/input_txtqty'

2018-05-22 15:49:44 - [MESSAGE][PASSED] - Text '10' is set on object 'Object Repository/lab/Page_Store/input_txtqty'

2018-05-22 15:49:44 - [TEST_STEP][PASSED] - click: Object: 'Object Repository/lab/Page_Store/button_Add' is clicked on

2018-05-22 15:49:44 - [MESSAGE][PASSED] - Object: 'Object Repository/lab/Page_Store/button_Add' is clicked on

2018-05-22 15:49:44 - [TEST_STEP][PASSED] - Statement - Break: null

2018-05-22 15:49:44 - [TEST_STEP][PASSED] - selectOptionByIndex: All options with index in [16] are selected on object 'Object Repository/lab/Page_Store/select_--Select--E.C.G. Jelly'

2018-05-22 15:49:45 - [MESSAGE][PASSED] - All options with index in [16] are selected on object 'Object Repository/lab/Page_Store/select_--Select--E.C.G. Jelly'

2018-05-22 15:49:45 - [TEST_STEP][PASSED] - delay: Delayed 2 second(s)

2018-05-22 15:49:47 - [MESSAGE][PASSED] - Delayed 2 second(s)

2018-05-22 15:49:47 - [TEST_STEP][PASSED] - Statement - RequestedQty = com.kms.katalon.core.webui.keyword.WebUiBuiltInKeywords.getAttribute(com.kms.katalon.core.testobject.ObjectRepository.findTestObject(lab/Page_Store/input_txttotal), "value"): Attribute 'value' of object 'Object Repository/lab/Page_Store/input_txttotal' is: '10'

2018-05-22 15:49:47 - [MESSAGE][PASSED] - Attribute 'value' of object 'Object Repository/lab/Page_Store/input_txttotal' is: '10'

2018-05-22 15:49:47 - [TEST_STEP][PASSED] - Statement - out.println("Requested QTY : " + RequestedQty): null

2018-05-22 15:49:47 - [TEST_STEP][PASSED] - Statement - BatchNumber = com.kms.katalon.core.webui.keyword.WebUiBuiltInKeywords.getNumberOfTotalOption(com.kms.katalon.core.testobject.ObjectRepository.findTestObject(lab/Page_Store/select_--Select--BA50)): 2 options of object 'Object Repository/lab/Page_Store/select_--Select--BA50' counted

2018-05-22 15:49:47 - [MESSAGE][PASSED] - 2 options of object 'Object Repository/lab/Page_Store/select_--Select--BA50' counted

2018-05-22 15:49:47 - [TEST_STEP][PASSED] - Statement - For ([g = 1, g <= BatchNumber - 1, (g++)]): null

2018-05-22 15:49:47 - [TEST_STEP][PASSED] - selectOptionByIndex: All options with index in [1] are selected on object 'Object Repository/lab/Page_Store/select_--Select--BA50'

2018-05-22 15:49:47 - [MESSAGE][PASSED] - All options with index in [1] are selected on object 'Object Repository/lab/Page_Store/select_--Select--BA50'

2018-05-22 15:49:47 - [TEST_STEP][PASSED] - Statement - Try: null

2018-05-22 15:49:47 - [TEST_STEP][PASSED] - Statement - StockQty = com.kms.katalon.core.webui.keyword.WebUiBuiltInKeywords.getAttribute(com.kms.katalon.core.testobject.ObjectRepository.findTestObject(lab/Page_Store/input_txtprice), "value"): Attribute 'value' of object 'Object Repository/lab/Page_Store/input_txtprice' is: '19980'

2018-05-22 15:49:47 - [MESSAGE][PASSED] - Attribute 'value' of object 'Object Repository/lab/Page_Store/input_txtprice' is: '19980'

2018-05-22 15:49:47 - [TEST_STEP][PASSED] - Statement - out.println("Stock QTY : " + StockQty): null

2018-05-22 15:49:47 - [TEST_STEP][PASSED] - delay: Delayed 2 second(s)

2018-05-22 15:49:49 - [MESSAGE][PASSED] - Delayed 2 second(s)

2018-05-22 15:49:49 - [TEST_STEP][PASSED] - Statement - If (java.lang.Integer.valueOf(StockQty) >= java.lang.Integer.valueOf(RequestedQty)): null

2018-05-22 15:49:49 - [TEST_STEP][PASSED] - setText: Text '10' is set on object 'Object Repository/lab/Page_Store/input_txtqty'

2018-05-22 15:49:49 - [MESSAGE][PASSED] - Text '10' is set on object 'Object Repository/lab/Page_Store/input_txtqty'

2018-05-22 15:49:49 - [TEST_STEP][PASSED] - click: Object: 'Object Repository/lab/Page_Store/button_Add' is clicked on

2018-05-22 15:49:49 - [MESSAGE][PASSED] - Object: 'Object Repository/lab/Page_Store/button_Add' is clicked on

2018-05-22 15:49:49 - [TEST_STEP][PASSED] - Statement - Break: null

2018-05-22 15:49:49 - [TEST_STEP][PASSED] - selectOptionByIndex: All options with index in [17] are selected on object 'Object Repository/lab/Page_Store/select_--Select--E.C.G. Jelly'

2018-05-22 15:49:49 - [MESSAGE][PASSED] - All options with index in [17] are selected on object 'Object Repository/lab/Page_Store/select_--Select--E.C.G. Jelly'

2018-05-22 15:49:49 - [TEST_STEP][PASSED] - delay: Delayed 2 second(s)

2018-05-22 15:49:51 - [MESSAGE][PASSED] - Delayed 2 second(s)

2018-05-22 15:49:51 - [TEST_STEP][PASSED] - Statement - RequestedQty = com.kms.katalon.core.webui.keyword.WebUiBuiltInKeywords.getAttribute(com.kms.katalon.core.testobject.ObjectRepository.findTestObject(lab/Page_Store/input_txttotal), "value"): Attribute 'value' of object 'Object Repository/lab/Page_Store/input_txttotal' is: '10'

2018-05-22 15:49:51 - [MESSAGE][PASSED] - Attribute 'value' of object 'Object Repository/lab/Page_Store/input_txttotal' is: '10'

2018-05-22 15:49:51 - [TEST_STEP][PASSED] - Statement - out.println("Requested QTY : " + RequestedQty): null

2018-05-22 15:49:51 - [TEST_STEP][PASSED] - Statement - BatchNumber = com.kms.katalon.core.webui.keyword.WebUiBuiltInKeywords.getNumberOfTotalOption(com.kms.katalon.core.testobject.ObjectRepository.findTestObject(lab/Page_Store/select_--Select--BA50)): 2 options of object 'Object Repository/lab/Page_Store/select_--Select--BA50' counted

2018-05-22 15:49:51 - [MESSAGE][PASSED] - 2 options of object 'Object Repository/lab/Page_Store/select_--Select--BA50' counted

2018-05-22 15:49:51 - [TEST_STEP][PASSED] - Statement - For ([g = 1, g <= BatchNumber - 1, (g++)]): null

2018-05-22 15:49:51 - [TEST_STEP][PASSED] - selectOptionByIndex: All options with index in [1] are selected on object 'Object Repository/lab/Page_Store/select_--Select--BA50'

2018-05-22 15:49:52 - [MESSAGE][PASSED] - All options with index in [1] are selected on object 'Object Repository/lab/Page_Store/select_--Select--BA50'

2018-05-22 15:49:52 - [TEST_STEP][PASSED] - Statement - Try: null

2018-05-22 15:49:52 - [TEST_STEP][PASSED] - Statement - StockQty = com.kms.katalon.core.webui.keyword.WebUiBuiltInKeywords.getAttribute(com.kms.katalon.core.testobject.ObjectRepository.findTestObject(lab/Page_Store/input_txtprice), "value"): Attribute 'value' of object 'Object Repository/lab/Page_Store/input_txtprice' is: '19970'

2018-05-22 15:49:52 - [MESSAGE][PASSED] - Attribute 'value' of object 'Object Repository/lab/Page_Store/input_txtprice' is: '19970'

2018-05-22 15:49:52 - [TEST_STEP][PASSED] - Statement - out.println("Stock QTY : " + StockQty): null

2018-05-22 15:49:52 - [TEST_STEP][PASSED] - delay: Delayed 2 second(s)

2018-05-22 15:49:54 - [MESSAGE][PASSED] - Delayed 2 second(s)

2018-05-22 15:49:54 - [TEST_STEP][PASSED] - Statement - If (java.lang.Integer.valueOf(StockQty) >= java.lang.Integer.valueOf(RequestedQty)): null

2018-05-22 15:49:54 - [TEST_STEP][PASSED] - setText: Text '10' is set on object 'Object Repository/lab/Page_Store/input_txtqty'

2018-05-22 15:49:54 - [MESSAGE][PASSED] - Text '10' is set on object 'Object Repository/lab/Page_Store/input_txtqty'

2018-05-22 15:49:54 - [TEST_STEP][PASSED] - click: Object: 'Object Repository/lab/Page_Store/button_Add' is clicked on

2018-05-22 15:49:54 - [MESSAGE][PASSED] - Object: 'Object Repository/lab/Page_Store/button_Add' is clicked on

2018-05-22 15:49:54 - [TEST_STEP][PASSED] - Statement - Break: null

2018-05-22 15:49:54 - [TEST_STEP][PASSED] - scrollToElement: Scroll to object 'Object Repository/lab/Page_Store/input_btnSubmit' successfully

2018-05-22 15:49:54 - [MESSAGE][PASSED] - Scroll to object 'Object Repository/lab/Page_Store/input_btnSubmit' successfully

2018-05-22 15:49:54 - [TEST_STEP][PASSED] - Statement - Try: Object: 'Object Repository/lab/Page_Store/button_OK' is clicked on

2018-05-22 15:49:54 - [TEST_STEP][PASSED] - click: Object: 'Object Repository/lab/Page_Store/input_btnSubmit' is clicked on

2018-05-22 15:49:54 - [MESSAGE][PASSED] - Object: 'Object Repository/lab/Page_Store/input_btnSubmit' is clicked on

2018-05-22 15:49:54 - [TEST_STEP][PASSED] - delay: Delayed 3 second(s)

2018-05-22 15:49:57 - [MESSAGE][PASSED] - Delayed 3 second(s)

2018-05-22 15:49:57 - [TEST_STEP][PASSED] - click: Object: 'Object Repository/lab/Page_Store/button_OK' is clicked on

2018-05-22 15:49:58 - [MESSAGE][PASSED] - Object: 'Object Repository/lab/Page_Store/button_OK' is clicked on

2018-05-22 15:49:58 - [TEST_STEP][PASSED] - delay: Delayed 3 second(s)

2018-05-22 15:50:01 - [MESSAGE][PASSED] - Delayed 3 second(s)

2018-05-22 15:50:01 - [TEST_STEP][PASSED] - click: Object: 'Object Repository/lab/Page_Store/a_dropdown-toggle' is clicked on

2018-05-22 15:50:01 - [MESSAGE][PASSED] - Object: 'Object Repository/lab/Page_Store/a_dropdown-toggle' is clicked on

2018-05-22 15:50:01 - [TEST_STEP][PASSED] - click: Object: 'Object Repository/lab/Page_Store/a_Sign out' is clicked on

2018-05-22 15:50:02 - [MESSAGE][PASSED] - Object: 'Object Repository/lab/Page_Store/a_Sign out' is clicked on

2018-05-22 15:50:02 - [TEST_STEP][PASSED] - closeBrowser: Browser is closed

2018-05-22 15:50:02 - [MESSAGE][PASSED] - Browser is closed

2018-05-22 15:50:02 - [TEST_STEP][PASSED] - Statement - out.println("Schedule 8 Investigation Request Are Working Successfully"): null]]></system-out>
         <system-err><![CDATA[]]></system-err>
      </testcase>
      <testcase name="Test Cases/INVESTIGATION TEST CASES/TC_INV_005 Verify Schedule 10 Investigation Request Are Working Successfully Or No" classname="Test Cases/INVESTIGATION TEST CASES/TC_INV_005 Verify Schedule 10 Investigation Request Are Working Successfully Or No" status="FAILED">
         <failure type="FAILED" message="Unable to click on object 'Object Repository/lab/Page_KDMC - CMO/input_1' (Root cause: org.openqa.selenium.WebDriverException: unknown error: Element &lt;input type=&quot;button&quot; id=&quot;141&quot; dname=&quot;Lab&quot; rno=&quot;LRNO/22052018/141&quot; class=&quot;btn btn-primary&quot; data-toggle=&quot;modal&quot; data-target=&quot;#updatereq&quot; onclick=&quot;edititem(this)&quot; value=&quot;Update&quot;> is not clickable at point (1303, 733). Other element would receive the click: &lt;div class=&quot;footer navbar-fixed-bottom text-center headfontcolor &quot; style=&quot;background-color: #3d5887&quot;>...&lt;/div>
  (Session info: chrome=66.0.3359.181)
  (Driver info: chromedriver=2.35.528161 (5b82f2d2aae0ca24b877009200ced9065a772e73),platform=Windows NT 10.0.17134 x86_64) (WARNING: The server did not provide any stacktrace information)
Command duration or timeout: 0 milliseconds
Build info: version: '3.7.1', revision: '8a0099a', time: '2017-11-06T21:07:36.161Z'
System info: host: 'DESKTOP-BLFTK83', ip: '169.254.189.85', os.name: 'Windows 10', os.arch: 'amd64', os.version: '10.0', java.version: '1.8.0_102'
Driver info: com.kms.katalon.selenium.driver.CChromeDriver
Capabilities {acceptInsecureCerts: false, acceptSslCerts: false, applicationCacheEnabled: false, browserConnectionEnabled: false, browserName: chrome, chrome: {chromedriverVersion: 2.35.528161 (5b82f2d2aae0ca..., userDataDir: C:\Users\QUALIT~1\AppData\L...}, cssSelectorsEnabled: true, databaseEnabled: false, handlesAlerts: true, hasTouchScreen: false, javascriptEnabled: true, locationContextEnabled: true, mobileEmulationEnabled: false, nativeEvents: true, networkConnectionEnabled: false, pageLoadStrategy: normal, platform: XP, platformName: XP, rotatable: false, setWindowRect: true, takesHeapSnapshot: true, takesScreenshot: true, unexpectedAlertBehaviour: , unhandledPromptBehavior: , version: 66.0.3359.181, webStorageEnabled: true}
Session ID: 4dd50bcf8b6851c8101cb79ffe3c3b8a)"/>
         <system-out><![CDATA[2018-05-22 15:50:02 - [TEST_CASE][FAILED] - Test Cases/INVESTIGATION TEST CASES/TC_INV_005 Verify Schedule 10 Investigation Request Are Working Successfully Or No: Test Cases/INVESTIGATION TEST CASES/TC_INV_005 Verify Schedule 10 Investigation Request Are Working Successfully Or No FAILED because (of) Unable to click on object 'Object Repository/lab/Page_KDMC - CMO/input_1' (Root cause: org.openqa.selenium.WebDriverException: unknown error: Element <input type="button" id="141" dname="Lab" rno="LRNO/22052018/141" class="btn btn-primary" data-toggle="modal" data-target="#updatereq" onclick="edititem(this)" value="Update"> is not clickable at point (1303, 733). Other element would receive the click: <div class="footer navbar-fixed-bottom text-center headfontcolor " style="background-color: #3d5887">...</div>
  (Session info: chrome=66.0.3359.181)
  (Driver info: chromedriver=2.35.528161 (5b82f2d2aae0ca24b877009200ced9065a772e73),platform=Windows NT 10.0.17134 x86_64) (WARNING: The server did not provide any stacktrace information)
Command duration or timeout: 0 milliseconds
Build info: version: '3.7.1', revision: '8a0099a', time: '2017-11-06T21:07:36.161Z'
System info: host: 'DESKTOP-BLFTK83', ip: '169.254.189.85', os.name: 'Windows 10', os.arch: 'amd64', os.version: '10.0', java.version: '1.8.0_102'
Driver info: com.kms.katalon.selenium.driver.CChromeDriver
Capabilities {acceptInsecureCerts: false, acceptSslCerts: false, applicationCacheEnabled: false, browserConnectionEnabled: false, browserName: chrome, chrome: {chromedriverVersion: 2.35.528161 (5b82f2d2aae0ca..., userDataDir: C:\Users\QUALIT~1\AppData\L...}, cssSelectorsEnabled: true, databaseEnabled: false, handlesAlerts: true, hasTouchScreen: false, javascriptEnabled: true, locationContextEnabled: true, mobileEmulationEnabled: false, nativeEvents: true, networkConnectionEnabled: false, pageLoadStrategy: normal, platform: XP, platformName: XP, rotatable: false, setWindowRect: true, takesHeapSnapshot: true, takesScreenshot: true, unexpectedAlertBehaviour: , unhandledPromptBehavior: , version: 66.0.3359.181, webStorageEnabled: true}
Session ID: 4dd50bcf8b6851c8101cb79ffe3c3b8a)

2018-05-22 15:50:02 - [TEST_STEP][PASSED] - openBrowser: Browser is opened with url: ''

2018-05-22 15:50:05 - [MESSAGE][PASSED] - Browser is opened with url: ''

2018-05-22 15:50:05 - [TEST_STEP][PASSED] - navigateToUrl: Navigate to 'http://192.168.137.1/multihospital_new/' successfully

2018-05-22 15:50:06 - [MESSAGE][PASSED] - Navigate to 'http://192.168.137.1/multihospital_new/' successfully

2018-05-22 15:50:06 - [TEST_STEP][PASSED] - Statement - out.println(" Verify Schedule 10 Investigation Request Are Working Successfully Or Not"): null

2018-05-22 15:50:06 - [TEST_STEP][PASSED] - maximizeWindow: Current window maximized

2018-05-22 15:50:08 - [MESSAGE][PASSED] - Current window maximized

2018-05-22 15:50:08 - [TEST_STEP][PASSED] - click: Object: 'Object Repository/lab/Page_KDMC/a_Investigation' is clicked on

2018-05-22 15:50:08 - [MESSAGE][PASSED] - Object: 'Object Repository/lab/Page_KDMC/a_Investigation' is clicked on

2018-05-22 15:50:08 - [TEST_STEP][PASSED] - setText: Text 'manoj' is set on object 'Object Repository/lab/Page_Investigation login/input_txtusername'

2018-05-22 15:50:08 - [MESSAGE][PASSED] - Text 'manoj' is set on object 'Object Repository/lab/Page_Investigation login/input_txtusername'

2018-05-22 15:50:08 - [TEST_STEP][PASSED] - setText: Text '123' is set on object 'Object Repository/lab/Page_Investigation login/input_txtpassword'

2018-05-22 15:50:08 - [MESSAGE][PASSED] - Text '123' is set on object 'Object Repository/lab/Page_Investigation login/input_txtpassword'

2018-05-22 15:50:08 - [TEST_STEP][PASSED] - delay: Delayed 3 second(s)

2018-05-22 15:50:11 - [MESSAGE][PASSED] - Delayed 3 second(s)

2018-05-22 15:50:11 - [TEST_STEP][PASSED] - click: Object: 'Object Repository/lab/Page_Investigation login/button_Sign in' is clicked on

2018-05-22 15:50:12 - [MESSAGE][PASSED] - Object: 'Object Repository/lab/Page_Investigation login/button_Sign in' is clicked on

2018-05-22 15:50:12 - [TEST_STEP][PASSED] - click: Object: 'Object Repository/lab/Page_KDMC/a_Store Request' is clicked on

2018-05-22 15:50:14 - [MESSAGE][PASSED] - Object: 'Object Repository/lab/Page_KDMC/a_Store Request' is clicked on

2018-05-22 15:50:14 - [TEST_STEP][PASSED] - delay: Delayed 2 second(s)

2018-05-22 15:50:16 - [MESSAGE][PASSED] - Delayed 2 second(s)

2018-05-22 15:50:16 - [TEST_STEP][PASSED] - click: Object: 'Object Repository/lab/Page_KDMC/a_Medicine Request' is clicked on

2018-05-22 15:50:16 - [MESSAGE][PASSED] - Object: 'Object Repository/lab/Page_KDMC/a_Medicine Request' is clicked on

2018-05-22 15:50:16 - [TEST_STEP][PASSED] - selectOptionByIndex: All options with index in [5] are selected on object 'Object Repository/lab/Page_KDMC/select_--Select--Schedule 4X-r'

2018-05-22 15:50:17 - [MESSAGE][PASSED] - All options with index in [5] are selected on object 'Object Repository/lab/Page_KDMC/select_--Select--Schedule 4X-r'

2018-05-22 15:50:17 - [TEST_STEP][PASSED] - Statement - medicineslength = com.kms.katalon.core.webui.keyword.WebUiBuiltInKeywords.getNumberOfTotalOption(com.kms.katalon.core.testobject.ObjectRepository.findTestObject(lab/Page_KDMC/select_--Select--Automatic x-r)): 19 options of object 'Object Repository/lab/Page_KDMC/select_--Select--Automatic x-r' counted

2018-05-22 15:50:17 - [MESSAGE][PASSED] - 19 options of object 'Object Repository/lab/Page_KDMC/select_--Select--Automatic x-r' counted

2018-05-22 15:50:17 - [TEST_STEP][PASSED] - Statement - For ([e = 1, e < medicineslength, (e++)]): Object: 'Object Repository/lab/Page_KDMC/button_Add' is clicked on

2018-05-22 15:50:17 - [TEST_STEP][PASSED] - selectOptionByIndex: All options with index in [5] are selected on object 'Object Repository/lab/Page_KDMC/select_--Select--Schedule 4X-r'

2018-05-22 15:50:17 - [MESSAGE][PASSED] - All options with index in [5] are selected on object 'Object Repository/lab/Page_KDMC/select_--Select--Schedule 4X-r'

2018-05-22 15:50:17 - [TEST_STEP][PASSED] - selectOptionByIndex: All options with index in [1] are selected on object 'Object Repository/lab/Page_KDMC/select_--Select--Automatic x-r'

2018-05-22 15:50:17 - [MESSAGE][PASSED] - All options with index in [1] are selected on object 'Object Repository/lab/Page_KDMC/select_--Select--Automatic x-r'

2018-05-22 15:50:17 - [TEST_STEP][PASSED] - setText: Text '10' is set on object 'Object Repository/lab/Page_KDMC/input_txttreat'

2018-05-22 15:50:17 - [MESSAGE][PASSED] - Text '10' is set on object 'Object Repository/lab/Page_KDMC/input_txttreat'

2018-05-22 15:50:17 - [TEST_STEP][PASSED] - click: Object: 'Object Repository/lab/Page_KDMC/button_Add' is clicked on

2018-05-22 15:50:17 - [MESSAGE][PASSED] - Object: 'Object Repository/lab/Page_KDMC/button_Add' is clicked on

2018-05-22 15:50:17 - [TEST_STEP][PASSED] - selectOptionByIndex: All options with index in [5] are selected on object 'Object Repository/lab/Page_KDMC/select_--Select--Schedule 4X-r'

2018-05-22 15:50:17 - [MESSAGE][PASSED] - All options with index in [5] are selected on object 'Object Repository/lab/Page_KDMC/select_--Select--Schedule 4X-r'

2018-05-22 15:50:17 - [TEST_STEP][PASSED] - selectOptionByIndex: All options with index in [2] are selected on object 'Object Repository/lab/Page_KDMC/select_--Select--Automatic x-r'

2018-05-22 15:50:18 - [MESSAGE][PASSED] - All options with index in [2] are selected on object 'Object Repository/lab/Page_KDMC/select_--Select--Automatic x-r'

2018-05-22 15:50:18 - [TEST_STEP][PASSED] - setText: Text '10' is set on object 'Object Repository/lab/Page_KDMC/input_txttreat'

2018-05-22 15:50:18 - [MESSAGE][PASSED] - Text '10' is set on object 'Object Repository/lab/Page_KDMC/input_txttreat'

2018-05-22 15:50:18 - [TEST_STEP][PASSED] - click: Object: 'Object Repository/lab/Page_KDMC/button_Add' is clicked on

2018-05-22 15:50:18 - [MESSAGE][PASSED] - Object: 'Object Repository/lab/Page_KDMC/button_Add' is clicked on

2018-05-22 15:50:18 - [TEST_STEP][PASSED] - selectOptionByIndex: All options with index in [5] are selected on object 'Object Repository/lab/Page_KDMC/select_--Select--Schedule 4X-r'

2018-05-22 15:50:18 - [MESSAGE][PASSED] - All options with index in [5] are selected on object 'Object Repository/lab/Page_KDMC/select_--Select--Schedule 4X-r'

2018-05-22 15:50:18 - [TEST_STEP][PASSED] - selectOptionByIndex: All options with index in [3] are selected on object 'Object Repository/lab/Page_KDMC/select_--Select--Automatic x-r'

2018-05-22 15:50:18 - [MESSAGE][PASSED] - All options with index in [3] are selected on object 'Object Repository/lab/Page_KDMC/select_--Select--Automatic x-r'

2018-05-22 15:50:18 - [TEST_STEP][PASSED] - setText: Text '10' is set on object 'Object Repository/lab/Page_KDMC/input_txttreat'

2018-05-22 15:50:18 - [MESSAGE][PASSED] - Text '10' is set on object 'Object Repository/lab/Page_KDMC/input_txttreat'

2018-05-22 15:50:18 - [TEST_STEP][PASSED] - click: Object: 'Object Repository/lab/Page_KDMC/button_Add' is clicked on

2018-05-22 15:50:18 - [MESSAGE][PASSED] - Object: 'Object Repository/lab/Page_KDMC/button_Add' is clicked on

2018-05-22 15:50:18 - [TEST_STEP][PASSED] - selectOptionByIndex: All options with index in [5] are selected on object 'Object Repository/lab/Page_KDMC/select_--Select--Schedule 4X-r'

2018-05-22 15:50:18 - [MESSAGE][PASSED] - All options with index in [5] are selected on object 'Object Repository/lab/Page_KDMC/select_--Select--Schedule 4X-r'

2018-05-22 15:50:18 - [TEST_STEP][PASSED] - selectOptionByIndex: All options with index in [4] are selected on object 'Object Repository/lab/Page_KDMC/select_--Select--Automatic x-r'

2018-05-22 15:50:18 - [MESSAGE][PASSED] - All options with index in [4] are selected on object 'Object Repository/lab/Page_KDMC/select_--Select--Automatic x-r'

2018-05-22 15:50:18 - [TEST_STEP][PASSED] - setText: Text '10' is set on object 'Object Repository/lab/Page_KDMC/input_txttreat'

2018-05-22 15:50:18 - [MESSAGE][PASSED] - Text '10' is set on object 'Object Repository/lab/Page_KDMC/input_txttreat'

2018-05-22 15:50:18 - [TEST_STEP][PASSED] - click: Object: 'Object Repository/lab/Page_KDMC/button_Add' is clicked on

2018-05-22 15:50:18 - [MESSAGE][PASSED] - Object: 'Object Repository/lab/Page_KDMC/button_Add' is clicked on

2018-05-22 15:50:19 - [TEST_STEP][PASSED] - selectOptionByIndex: All options with index in [5] are selected on object 'Object Repository/lab/Page_KDMC/select_--Select--Schedule 4X-r'

2018-05-22 15:50:19 - [MESSAGE][PASSED] - All options with index in [5] are selected on object 'Object Repository/lab/Page_KDMC/select_--Select--Schedule 4X-r'

2018-05-22 15:50:19 - [TEST_STEP][PASSED] - selectOptionByIndex: All options with index in [5] are selected on object 'Object Repository/lab/Page_KDMC/select_--Select--Automatic x-r'

2018-05-22 15:50:19 - [MESSAGE][PASSED] - All options with index in [5] are selected on object 'Object Repository/lab/Page_KDMC/select_--Select--Automatic x-r'

2018-05-22 15:50:19 - [TEST_STEP][PASSED] - setText: Text '10' is set on object 'Object Repository/lab/Page_KDMC/input_txttreat'

2018-05-22 15:50:19 - [MESSAGE][PASSED] - Text '10' is set on object 'Object Repository/lab/Page_KDMC/input_txttreat'

2018-05-22 15:50:19 - [TEST_STEP][PASSED] - click: Object: 'Object Repository/lab/Page_KDMC/button_Add' is clicked on

2018-05-22 15:50:19 - [MESSAGE][PASSED] - Object: 'Object Repository/lab/Page_KDMC/button_Add' is clicked on

2018-05-22 15:50:19 - [TEST_STEP][PASSED] - selectOptionByIndex: All options with index in [5] are selected on object 'Object Repository/lab/Page_KDMC/select_--Select--Schedule 4X-r'

2018-05-22 15:50:19 - [MESSAGE][PASSED] - All options with index in [5] are selected on object 'Object Repository/lab/Page_KDMC/select_--Select--Schedule 4X-r'

2018-05-22 15:50:19 - [TEST_STEP][PASSED] - selectOptionByIndex: All options with index in [6] are selected on object 'Object Repository/lab/Page_KDMC/select_--Select--Automatic x-r'

2018-05-22 15:50:19 - [MESSAGE][PASSED] - All options with index in [6] are selected on object 'Object Repository/lab/Page_KDMC/select_--Select--Automatic x-r'

2018-05-22 15:50:19 - [TEST_STEP][PASSED] - setText: Text '10' is set on object 'Object Repository/lab/Page_KDMC/input_txttreat'

2018-05-22 15:50:19 - [MESSAGE][PASSED] - Text '10' is set on object 'Object Repository/lab/Page_KDMC/input_txttreat'

2018-05-22 15:50:19 - [TEST_STEP][PASSED] - click: Object: 'Object Repository/lab/Page_KDMC/button_Add' is clicked on

2018-05-22 15:50:19 - [MESSAGE][PASSED] - Object: 'Object Repository/lab/Page_KDMC/button_Add' is clicked on

2018-05-22 15:50:19 - [TEST_STEP][PASSED] - selectOptionByIndex: All options with index in [5] are selected on object 'Object Repository/lab/Page_KDMC/select_--Select--Schedule 4X-r'

2018-05-22 15:50:20 - [MESSAGE][PASSED] - All options with index in [5] are selected on object 'Object Repository/lab/Page_KDMC/select_--Select--Schedule 4X-r'

2018-05-22 15:50:20 - [TEST_STEP][PASSED] - selectOptionByIndex: All options with index in [7] are selected on object 'Object Repository/lab/Page_KDMC/select_--Select--Automatic x-r'

2018-05-22 15:50:20 - [MESSAGE][PASSED] - All options with index in [7] are selected on object 'Object Repository/lab/Page_KDMC/select_--Select--Automatic x-r'

2018-05-22 15:50:20 - [TEST_STEP][PASSED] - setText: Text '10' is set on object 'Object Repository/lab/Page_KDMC/input_txttreat'

2018-05-22 15:50:20 - [MESSAGE][PASSED] - Text '10' is set on object 'Object Repository/lab/Page_KDMC/input_txttreat'

2018-05-22 15:50:20 - [TEST_STEP][PASSED] - click: Object: 'Object Repository/lab/Page_KDMC/button_Add' is clicked on

2018-05-22 15:50:20 - [MESSAGE][PASSED] - Object: 'Object Repository/lab/Page_KDMC/button_Add' is clicked on

2018-05-22 15:50:20 - [TEST_STEP][PASSED] - selectOptionByIndex: All options with index in [5] are selected on object 'Object Repository/lab/Page_KDMC/select_--Select--Schedule 4X-r'

2018-05-22 15:50:20 - [MESSAGE][PASSED] - All options with index in [5] are selected on object 'Object Repository/lab/Page_KDMC/select_--Select--Schedule 4X-r'

2018-05-22 15:50:20 - [TEST_STEP][PASSED] - selectOptionByIndex: All options with index in [8] are selected on object 'Object Repository/lab/Page_KDMC/select_--Select--Automatic x-r'

2018-05-22 15:50:20 - [MESSAGE][PASSED] - All options with index in [8] are selected on object 'Object Repository/lab/Page_KDMC/select_--Select--Automatic x-r'

2018-05-22 15:50:20 - [TEST_STEP][PASSED] - setText: Text '10' is set on object 'Object Repository/lab/Page_KDMC/input_txttreat'

2018-05-22 15:50:20 - [MESSAGE][PASSED] - Text '10' is set on object 'Object Repository/lab/Page_KDMC/input_txttreat'

2018-05-22 15:50:20 - [TEST_STEP][PASSED] - click: Object: 'Object Repository/lab/Page_KDMC/button_Add' is clicked on

2018-05-22 15:50:20 - [MESSAGE][PASSED] - Object: 'Object Repository/lab/Page_KDMC/button_Add' is clicked on

2018-05-22 15:50:20 - [TEST_STEP][PASSED] - selectOptionByIndex: All options with index in [5] are selected on object 'Object Repository/lab/Page_KDMC/select_--Select--Schedule 4X-r'

2018-05-22 15:50:21 - [MESSAGE][PASSED] - All options with index in [5] are selected on object 'Object Repository/lab/Page_KDMC/select_--Select--Schedule 4X-r'

2018-05-22 15:50:21 - [TEST_STEP][PASSED] - selectOptionByIndex: All options with index in [9] are selected on object 'Object Repository/lab/Page_KDMC/select_--Select--Automatic x-r'

2018-05-22 15:50:21 - [MESSAGE][PASSED] - All options with index in [9] are selected on object 'Object Repository/lab/Page_KDMC/select_--Select--Automatic x-r'

2018-05-22 15:50:21 - [TEST_STEP][PASSED] - setText: Text '10' is set on object 'Object Repository/lab/Page_KDMC/input_txttreat'

2018-05-22 15:50:21 - [MESSAGE][PASSED] - Text '10' is set on object 'Object Repository/lab/Page_KDMC/input_txttreat'

2018-05-22 15:50:21 - [TEST_STEP][PASSED] - click: Object: 'Object Repository/lab/Page_KDMC/button_Add' is clicked on

2018-05-22 15:50:21 - [MESSAGE][PASSED] - Object: 'Object Repository/lab/Page_KDMC/button_Add' is clicked on

2018-05-22 15:50:21 - [TEST_STEP][PASSED] - selectOptionByIndex: All options with index in [5] are selected on object 'Object Repository/lab/Page_KDMC/select_--Select--Schedule 4X-r'

2018-05-22 15:50:21 - [MESSAGE][PASSED] - All options with index in [5] are selected on object 'Object Repository/lab/Page_KDMC/select_--Select--Schedule 4X-r'

2018-05-22 15:50:21 - [TEST_STEP][PASSED] - selectOptionByIndex: All options with index in [10] are selected on object 'Object Repository/lab/Page_KDMC/select_--Select--Automatic x-r'

2018-05-22 15:50:21 - [MESSAGE][PASSED] - All options with index in [10] are selected on object 'Object Repository/lab/Page_KDMC/select_--Select--Automatic x-r'

2018-05-22 15:50:21 - [TEST_STEP][PASSED] - setText: Text '10' is set on object 'Object Repository/lab/Page_KDMC/input_txttreat'

2018-05-22 15:50:21 - [MESSAGE][PASSED] - Text '10' is set on object 'Object Repository/lab/Page_KDMC/input_txttreat'

2018-05-22 15:50:21 - [TEST_STEP][PASSED] - click: Object: 'Object Repository/lab/Page_KDMC/button_Add' is clicked on

2018-05-22 15:50:21 - [MESSAGE][PASSED] - Object: 'Object Repository/lab/Page_KDMC/button_Add' is clicked on

2018-05-22 15:50:21 - [TEST_STEP][PASSED] - selectOptionByIndex: All options with index in [5] are selected on object 'Object Repository/lab/Page_KDMC/select_--Select--Schedule 4X-r'

2018-05-22 15:50:22 - [MESSAGE][PASSED] - All options with index in [5] are selected on object 'Object Repository/lab/Page_KDMC/select_--Select--Schedule 4X-r'

2018-05-22 15:50:22 - [TEST_STEP][PASSED] - selectOptionByIndex: All options with index in [11] are selected on object 'Object Repository/lab/Page_KDMC/select_--Select--Automatic x-r'

2018-05-22 15:50:22 - [MESSAGE][PASSED] - All options with index in [11] are selected on object 'Object Repository/lab/Page_KDMC/select_--Select--Automatic x-r'

2018-05-22 15:50:22 - [TEST_STEP][PASSED] - setText: Text '10' is set on object 'Object Repository/lab/Page_KDMC/input_txttreat'

2018-05-22 15:50:22 - [MESSAGE][PASSED] - Text '10' is set on object 'Object Repository/lab/Page_KDMC/input_txttreat'

2018-05-22 15:50:22 - [TEST_STEP][PASSED] - click: Object: 'Object Repository/lab/Page_KDMC/button_Add' is clicked on

2018-05-22 15:50:22 - [MESSAGE][PASSED] - Object: 'Object Repository/lab/Page_KDMC/button_Add' is clicked on

2018-05-22 15:50:22 - [TEST_STEP][PASSED] - selectOptionByIndex: All options with index in [5] are selected on object 'Object Repository/lab/Page_KDMC/select_--Select--Schedule 4X-r'

2018-05-22 15:50:22 - [MESSAGE][PASSED] - All options with index in [5] are selected on object 'Object Repository/lab/Page_KDMC/select_--Select--Schedule 4X-r'

2018-05-22 15:50:22 - [TEST_STEP][PASSED] - selectOptionByIndex: All options with index in [12] are selected on object 'Object Repository/lab/Page_KDMC/select_--Select--Automatic x-r'

2018-05-22 15:50:22 - [MESSAGE][PASSED] - All options with index in [12] are selected on object 'Object Repository/lab/Page_KDMC/select_--Select--Automatic x-r'

2018-05-22 15:50:22 - [TEST_STEP][PASSED] - setText: Text '10' is set on object 'Object Repository/lab/Page_KDMC/input_txttreat'

2018-05-22 15:50:22 - [MESSAGE][PASSED] - Text '10' is set on object 'Object Repository/lab/Page_KDMC/input_txttreat'

2018-05-22 15:50:22 - [TEST_STEP][PASSED] - click: Object: 'Object Repository/lab/Page_KDMC/button_Add' is clicked on

2018-05-22 15:50:22 - [MESSAGE][PASSED] - Object: 'Object Repository/lab/Page_KDMC/button_Add' is clicked on

2018-05-22 15:50:22 - [TEST_STEP][PASSED] - selectOptionByIndex: All options with index in [5] are selected on object 'Object Repository/lab/Page_KDMC/select_--Select--Schedule 4X-r'

2018-05-22 15:50:23 - [MESSAGE][PASSED] - All options with index in [5] are selected on object 'Object Repository/lab/Page_KDMC/select_--Select--Schedule 4X-r'

2018-05-22 15:50:23 - [TEST_STEP][PASSED] - selectOptionByIndex: All options with index in [13] are selected on object 'Object Repository/lab/Page_KDMC/select_--Select--Automatic x-r'

2018-05-22 15:50:23 - [MESSAGE][PASSED] - All options with index in [13] are selected on object 'Object Repository/lab/Page_KDMC/select_--Select--Automatic x-r'

2018-05-22 15:50:23 - [TEST_STEP][PASSED] - setText: Text '10' is set on object 'Object Repository/lab/Page_KDMC/input_txttreat'

2018-05-22 15:50:23 - [MESSAGE][PASSED] - Text '10' is set on object 'Object Repository/lab/Page_KDMC/input_txttreat'

2018-05-22 15:50:23 - [TEST_STEP][PASSED] - click: Object: 'Object Repository/lab/Page_KDMC/button_Add' is clicked on

2018-05-22 15:50:23 - [MESSAGE][PASSED] - Object: 'Object Repository/lab/Page_KDMC/button_Add' is clicked on

2018-05-22 15:50:23 - [TEST_STEP][PASSED] - selectOptionByIndex: All options with index in [5] are selected on object 'Object Repository/lab/Page_KDMC/select_--Select--Schedule 4X-r'

2018-05-22 15:50:23 - [MESSAGE][PASSED] - All options with index in [5] are selected on object 'Object Repository/lab/Page_KDMC/select_--Select--Schedule 4X-r'

2018-05-22 15:50:23 - [TEST_STEP][PASSED] - selectOptionByIndex: All options with index in [14] are selected on object 'Object Repository/lab/Page_KDMC/select_--Select--Automatic x-r'

2018-05-22 15:50:23 - [MESSAGE][PASSED] - All options with index in [14] are selected on object 'Object Repository/lab/Page_KDMC/select_--Select--Automatic x-r'

2018-05-22 15:50:23 - [TEST_STEP][PASSED] - setText: Text '10' is set on object 'Object Repository/lab/Page_KDMC/input_txttreat'

2018-05-22 15:50:23 - [MESSAGE][PASSED] - Text '10' is set on object 'Object Repository/lab/Page_KDMC/input_txttreat'

2018-05-22 15:50:23 - [TEST_STEP][PASSED] - click: Object: 'Object Repository/lab/Page_KDMC/button_Add' is clicked on

2018-05-22 15:50:23 - [MESSAGE][PASSED] - Object: 'Object Repository/lab/Page_KDMC/button_Add' is clicked on

2018-05-22 15:50:23 - [TEST_STEP][PASSED] - selectOptionByIndex: All options with index in [5] are selected on object 'Object Repository/lab/Page_KDMC/select_--Select--Schedule 4X-r'

2018-05-22 15:50:24 - [MESSAGE][PASSED] - All options with index in [5] are selected on object 'Object Repository/lab/Page_KDMC/select_--Select--Schedule 4X-r'

2018-05-22 15:50:24 - [TEST_STEP][PASSED] - selectOptionByIndex: All options with index in [15] are selected on object 'Object Repository/lab/Page_KDMC/select_--Select--Automatic x-r'

2018-05-22 15:50:24 - [MESSAGE][PASSED] - All options with index in [15] are selected on object 'Object Repository/lab/Page_KDMC/select_--Select--Automatic x-r'

2018-05-22 15:50:24 - [TEST_STEP][PASSED] - setText: Text '10' is set on object 'Object Repository/lab/Page_KDMC/input_txttreat'

2018-05-22 15:50:24 - [MESSAGE][PASSED] - Text '10' is set on object 'Object Repository/lab/Page_KDMC/input_txttreat'

2018-05-22 15:50:24 - [TEST_STEP][PASSED] - click: Object: 'Object Repository/lab/Page_KDMC/button_Add' is clicked on

2018-05-22 15:50:24 - [MESSAGE][PASSED] - Object: 'Object Repository/lab/Page_KDMC/button_Add' is clicked on

2018-05-22 15:50:24 - [TEST_STEP][PASSED] - selectOptionByIndex: All options with index in [5] are selected on object 'Object Repository/lab/Page_KDMC/select_--Select--Schedule 4X-r'

2018-05-22 15:50:24 - [MESSAGE][PASSED] - All options with index in [5] are selected on object 'Object Repository/lab/Page_KDMC/select_--Select--Schedule 4X-r'

2018-05-22 15:50:24 - [TEST_STEP][PASSED] - selectOptionByIndex: All options with index in [16] are selected on object 'Object Repository/lab/Page_KDMC/select_--Select--Automatic x-r'

2018-05-22 15:50:25 - [MESSAGE][PASSED] - All options with index in [16] are selected on object 'Object Repository/lab/Page_KDMC/select_--Select--Automatic x-r'

2018-05-22 15:50:25 - [TEST_STEP][PASSED] - setText: Text '10' is set on object 'Object Repository/lab/Page_KDMC/input_txttreat'

2018-05-22 15:50:25 - [MESSAGE][PASSED] - Text '10' is set on object 'Object Repository/lab/Page_KDMC/input_txttreat'

2018-05-22 15:50:25 - [TEST_STEP][PASSED] - click: Object: 'Object Repository/lab/Page_KDMC/button_Add' is clicked on

2018-05-22 15:50:25 - [MESSAGE][PASSED] - Object: 'Object Repository/lab/Page_KDMC/button_Add' is clicked on

2018-05-22 15:50:25 - [TEST_STEP][PASSED] - selectOptionByIndex: All options with index in [5] are selected on object 'Object Repository/lab/Page_KDMC/select_--Select--Schedule 4X-r'

2018-05-22 15:50:25 - [MESSAGE][PASSED] - All options with index in [5] are selected on object 'Object Repository/lab/Page_KDMC/select_--Select--Schedule 4X-r'

2018-05-22 15:50:25 - [TEST_STEP][PASSED] - selectOptionByIndex: All options with index in [17] are selected on object 'Object Repository/lab/Page_KDMC/select_--Select--Automatic x-r'

2018-05-22 15:50:25 - [MESSAGE][PASSED] - All options with index in [17] are selected on object 'Object Repository/lab/Page_KDMC/select_--Select--Automatic x-r'

2018-05-22 15:50:25 - [TEST_STEP][PASSED] - setText: Text '10' is set on object 'Object Repository/lab/Page_KDMC/input_txttreat'

2018-05-22 15:50:25 - [MESSAGE][PASSED] - Text '10' is set on object 'Object Repository/lab/Page_KDMC/input_txttreat'

2018-05-22 15:50:25 - [TEST_STEP][PASSED] - click: Object: 'Object Repository/lab/Page_KDMC/button_Add' is clicked on

2018-05-22 15:50:25 - [MESSAGE][PASSED] - Object: 'Object Repository/lab/Page_KDMC/button_Add' is clicked on

2018-05-22 15:50:25 - [TEST_STEP][PASSED] - selectOptionByIndex: All options with index in [5] are selected on object 'Object Repository/lab/Page_KDMC/select_--Select--Schedule 4X-r'

2018-05-22 15:50:25 - [MESSAGE][PASSED] - All options with index in [5] are selected on object 'Object Repository/lab/Page_KDMC/select_--Select--Schedule 4X-r'

2018-05-22 15:50:25 - [TEST_STEP][PASSED] - selectOptionByIndex: All options with index in [18] are selected on object 'Object Repository/lab/Page_KDMC/select_--Select--Automatic x-r'

2018-05-22 15:50:26 - [MESSAGE][PASSED] - All options with index in [18] are selected on object 'Object Repository/lab/Page_KDMC/select_--Select--Automatic x-r'

2018-05-22 15:50:26 - [TEST_STEP][PASSED] - setText: Text '10' is set on object 'Object Repository/lab/Page_KDMC/input_txttreat'

2018-05-22 15:50:26 - [MESSAGE][PASSED] - Text '10' is set on object 'Object Repository/lab/Page_KDMC/input_txttreat'

2018-05-22 15:50:26 - [TEST_STEP][PASSED] - click: Object: 'Object Repository/lab/Page_KDMC/button_Add' is clicked on

2018-05-22 15:50:26 - [MESSAGE][PASSED] - Object: 'Object Repository/lab/Page_KDMC/button_Add' is clicked on

2018-05-22 15:50:26 - [TEST_STEP][PASSED] - Statement - RN1 = com.kms.katalon.core.webui.keyword.WebUiBuiltInKeywords.getAttribute(com.kms.katalon.core.testobject.ObjectRepository.findTestObject(lab/Page_KDMC/input_txtno), "value"): Attribute 'value' of object 'Object Repository/lab/Page_KDMC/input_txtno' is: 'LRNO/22052018/141'

2018-05-22 15:50:26 - [MESSAGE][PASSED] - Attribute 'value' of object 'Object Repository/lab/Page_KDMC/input_txtno' is: 'LRNO/22052018/141'

2018-05-22 15:50:26 - [TEST_STEP][PASSED] - Statement - out.println(RN1): null

2018-05-22 15:50:26 - [TEST_STEP][PASSED] - Statement - RID = RN1.split("/")[2]: null

2018-05-22 15:50:26 - [TEST_STEP][PASSED] - scrollToElement: Scroll to object 'Object Repository/lab/Page_KDMC/input_btnsave' successfully

2018-05-22 15:50:26 - [MESSAGE][PASSED] - Scroll to object 'Object Repository/lab/Page_KDMC/input_btnsave' successfully

2018-05-22 15:50:26 - [TEST_STEP][PASSED] - click: Object: 'Object Repository/lab/Page_KDMC/input_btnsave' is clicked on

2018-05-22 15:50:26 - [MESSAGE][PASSED] - Object: 'Object Repository/lab/Page_KDMC/input_btnsave' is clicked on

2018-05-22 15:50:26 - [TEST_STEP][PASSED] - delay: Delayed 3 second(s)

2018-05-22 15:50:29 - [MESSAGE][PASSED] - Delayed 3 second(s)

2018-05-22 15:50:29 - [TEST_STEP][PASSED] - click: Object: 'Object Repository/lab/Page_KDMC/button_OK' is clicked on

2018-05-22 15:50:29 - [MESSAGE][PASSED] - Object: 'Object Repository/lab/Page_KDMC/button_OK' is clicked on

2018-05-22 15:50:29 - [TEST_STEP][PASSED] - delay: Delayed 3 second(s)

2018-05-22 15:50:32 - [MESSAGE][PASSED] - Delayed 3 second(s)

2018-05-22 15:50:32 - [TEST_STEP][PASSED] - click: Object: 'Object Repository/lab/Page_KDMC/a_dropdown-toggle' is clicked on

2018-05-22 15:50:33 - [MESSAGE][PASSED] - Object: 'Object Repository/lab/Page_KDMC/a_dropdown-toggle' is clicked on

2018-05-22 15:50:33 - [TEST_STEP][PASSED] - click: Object: 'Object Repository/lab/Page_KDMC/a_Sign out' is clicked on

2018-05-22 15:50:33 - [MESSAGE][PASSED] - Object: 'Object Repository/lab/Page_KDMC/a_Sign out' is clicked on

2018-05-22 15:50:33 - [TEST_STEP][PASSED] - delay: Delayed 3 second(s)

2018-05-22 15:50:36 - [MESSAGE][PASSED] - Delayed 3 second(s)

2018-05-22 15:50:36 - [TEST_STEP][PASSED] - click: Object: 'Object Repository/lab/Page_KDMC/a_CMO' is clicked on

2018-05-22 15:50:36 - [MESSAGE][PASSED] - Object: 'Object Repository/lab/Page_KDMC/a_CMO' is clicked on

2018-05-22 15:50:36 - [TEST_STEP][PASSED] - setText: Text 'guru' is set on object 'Object Repository/lab/Page_CMO login/input_txtusername'

2018-05-22 15:50:36 - [MESSAGE][PASSED] - Text 'guru' is set on object 'Object Repository/lab/Page_CMO login/input_txtusername'

2018-05-22 15:50:36 - [TEST_STEP][PASSED] - setText: Text '123' is set on object 'Object Repository/lab/Page_CMO login/input_txtpassword'

2018-05-22 15:50:37 - [MESSAGE][PASSED] - Text '123' is set on object 'Object Repository/lab/Page_CMO login/input_txtpassword'

2018-05-22 15:50:37 - [TEST_STEP][PASSED] - delay: Delayed 3 second(s)

2018-05-22 15:50:40 - [MESSAGE][PASSED] - Delayed 3 second(s)

2018-05-22 15:50:40 - [TEST_STEP][PASSED] - click: Object: 'Object Repository/lab/Page_CMO login/button_Sign in' is clicked on

2018-05-22 15:50:40 - [MESSAGE][PASSED] - Object: 'Object Repository/lab/Page_CMO login/button_Sign in' is clicked on

2018-05-22 15:50:40 - [TEST_STEP][PASSED] - click: Object: 'Object Repository/lab/Page_KDMC - CMO/span_Department Wise Request' is clicked on

2018-05-22 15:50:42 - [MESSAGE][PASSED] - Object: 'Object Repository/lab/Page_KDMC - CMO/span_Department Wise Request' is clicked on

2018-05-22 15:50:42 - [TEST_STEP][PASSED] - selectOptionByIndex: All options with index in [4] are selected on object 'Object Repository/lab/Page_KDMC - CMO/select_--ALL--'

2018-05-22 15:50:43 - [MESSAGE][PASSED] - All options with index in [4] are selected on object 'Object Repository/lab/Page_KDMC - CMO/select_--ALL--'

2018-05-22 15:50:43 - [TEST_STEP][PASSED] - selectOptionByIndex: All options with index in [1] are selected on object 'Object Repository/lab/Page_KDMC - CMO/select_--ALL--                _1'

2018-05-22 15:50:43 - [MESSAGE][PASSED] - All options with index in [1] are selected on object 'Object Repository/lab/Page_KDMC - CMO/select_--ALL--                _1'

2018-05-22 15:50:43 - [TEST_STEP][PASSED] - click: Object: 'Object Repository/lab/Page_KDMC - CMO/input_btnsearch' is clicked on

2018-05-22 15:50:48 - [MESSAGE][PASSED] - Object: 'Object Repository/lab/Page_KDMC - CMO/input_btnsearch' is clicked on

2018-05-22 15:50:48 - [TEST_STEP][PASSED] - Statement - ID = com.kms.katalon.core.webui.keyword.WebUiBuiltInKeywords.modifyObjectProperty(com.kms.katalon.core.testobject.ObjectRepository.findTestObject(lab/Page_KDMC - CMO/input_1), "xpath", "equals", "//*[@id=" + RID + "]", true): Modify property of object successfully

2018-05-22 15:50:48 - [MESSAGE][PASSED] - Modify property of object successfully

2018-05-22 15:50:48 - [TEST_STEP][FAILED] - click: Unable to click on object 'Object Repository/lab/Page_KDMC - CMO/input_1' (Root cause: org.openqa.selenium.WebDriverException: unknown error: Element <input type="button" id="141" dname="Lab" rno="LRNO/22052018/141" class="btn btn-primary" data-toggle="modal" data-target="#updatereq" onclick="edititem(this)" value="Update"> is not clickable at point (1303, 733). Other element would receive the click: <div class="footer navbar-fixed-bottom text-center headfontcolor " style="background-color: #3d5887">...</div>
  (Session info: chrome=66.0.3359.181)
  (Driver info: chromedriver=2.35.528161 (5b82f2d2aae0ca24b877009200ced9065a772e73),platform=Windows NT 10.0.17134 x86_64) (WARNING: The server did not provide any stacktrace information)
Command duration or timeout: 0 milliseconds
Build info: version: '3.7.1', revision: '8a0099a', time: '2017-11-06T21:07:36.161Z'
System info: host: 'DESKTOP-BLFTK83', ip: '169.254.189.85', os.name: 'Windows 10', os.arch: 'amd64', os.version: '10.0', java.version: '1.8.0_102'
Driver info: com.kms.katalon.selenium.driver.CChromeDriver
Capabilities {acceptInsecureCerts: false, acceptSslCerts: false, applicationCacheEnabled: false, browserConnectionEnabled: false, browserName: chrome, chrome: {chromedriverVersion: 2.35.528161 (5b82f2d2aae0ca..., userDataDir: C:\Users\QUALIT~1\AppData\L...}, cssSelectorsEnabled: true, databaseEnabled: false, handlesAlerts: true, hasTouchScreen: false, javascriptEnabled: true, locationContextEnabled: true, mobileEmulationEnabled: false, nativeEvents: true, networkConnectionEnabled: false, pageLoadStrategy: normal, platform: XP, platformName: XP, rotatable: false, setWindowRect: true, takesHeapSnapshot: true, takesScreenshot: true, unexpectedAlertBehaviour: , unhandledPromptBehavior: , version: 66.0.3359.181, webStorageEnabled: true}
Session ID: 4dd50bcf8b6851c8101cb79ffe3c3b8a)

2018-05-22 15:50:49 - [MESSAGE][FAILED] - Unable to click on object 'Object Repository/lab/Page_KDMC - CMO/input_1' (Root cause: org.openqa.selenium.WebDriverException: unknown error: Element <input type="button" id="141" dname="Lab" rno="LRNO/22052018/141" class="btn btn-primary" data-toggle="modal" data-target="#updatereq" onclick="edititem(this)" value="Update"> is not clickable at point (1303, 733). Other element would receive the click: <div class="footer navbar-fixed-bottom text-center headfontcolor " style="background-color: #3d5887">...</div>
  (Session info: chrome=66.0.3359.181)
  (Driver info: chromedriver=2.35.528161 (5b82f2d2aae0ca24b877009200ced9065a772e73),platform=Windows NT 10.0.17134 x86_64) (WARNING: The server did not provide any stacktrace information)
Command duration or timeout: 0 milliseconds
Build info: version: '3.7.1', revision: '8a0099a', time: '2017-11-06T21:07:36.161Z'
System info: host: 'DESKTOP-BLFTK83', ip: '169.254.189.85', os.name: 'Windows 10', os.arch: 'amd64', os.version: '10.0', java.version: '1.8.0_102'
Driver info: com.kms.katalon.selenium.driver.CChromeDriver
Capabilities {acceptInsecureCerts: false, acceptSslCerts: false, applicationCacheEnabled: false, browserConnectionEnabled: false, browserName: chrome, chrome: {chromedriverVersion: 2.35.528161 (5b82f2d2aae0ca..., userDataDir: C:\Users\QUALIT~1\AppData\L...}, cssSelectorsEnabled: true, databaseEnabled: false, handlesAlerts: true, hasTouchScreen: false, javascriptEnabled: true, locationContextEnabled: true, mobileEmulationEnabled: false, nativeEvents: true, networkConnectionEnabled: false, pageLoadStrategy: normal, platform: XP, platformName: XP, rotatable: false, setWindowRect: true, takesHeapSnapshot: true, takesScreenshot: true, unexpectedAlertBehaviour: , unhandledPromptBehavior: , version: 66.0.3359.181, webStorageEnabled: true}
Session ID: 4dd50bcf8b6851c8101cb79ffe3c3b8a)
[[ATTACHMENT|C:\\Users\\Quality Analyst\\Katalon Studio\\ds\\Reports\\Investigation_Suite\\20180522_153913\\1526984448718.png]]]]></system-out>
         <system-err><![CDATA[2018-05-22 15:50:02 - [TEST_CASE][FAILED] - Test Cases/INVESTIGATION TEST CASES/TC_INV_005 Verify Schedule 10 Investigation Request Are Working Successfully Or No: Test Cases/INVESTIGATION TEST CASES/TC_INV_005 Verify Schedule 10 Investigation Request Are Working Successfully Or No FAILED because (of) Unable to click on object 'Object Repository/lab/Page_KDMC - CMO/input_1' (Root cause: org.openqa.selenium.WebDriverException: unknown error: Element <input type="button" id="141" dname="Lab" rno="LRNO/22052018/141" class="btn btn-primary" data-toggle="modal" data-target="#updatereq" onclick="edititem(this)" value="Update"> is not clickable at point (1303, 733). Other element would receive the click: <div class="footer navbar-fixed-bottom text-center headfontcolor " style="background-color: #3d5887">...</div>
  (Session info: chrome=66.0.3359.181)
  (Driver info: chromedriver=2.35.528161 (5b82f2d2aae0ca24b877009200ced9065a772e73),platform=Windows NT 10.0.17134 x86_64) (WARNING: The server did not provide any stacktrace information)
Command duration or timeout: 0 milliseconds
Build info: version: '3.7.1', revision: '8a0099a', time: '2017-11-06T21:07:36.161Z'
System info: host: 'DESKTOP-BLFTK83', ip: '169.254.189.85', os.name: 'Windows 10', os.arch: 'amd64', os.version: '10.0', java.version: '1.8.0_102'
Driver info: com.kms.katalon.selenium.driver.CChromeDriver
Capabilities {acceptInsecureCerts: false, acceptSslCerts: false, applicationCacheEnabled: false, browserConnectionEnabled: false, browserName: chrome, chrome: {chromedriverVersion: 2.35.528161 (5b82f2d2aae0ca..., userDataDir: C:\Users\QUALIT~1\AppData\L...}, cssSelectorsEnabled: true, databaseEnabled: false, handlesAlerts: true, hasTouchScreen: false, javascriptEnabled: true, locationContextEnabled: true, mobileEmulationEnabled: false, nativeEvents: true, networkConnectionEnabled: false, pageLoadStrategy: normal, platform: XP, platformName: XP, rotatable: false, setWindowRect: true, takesHeapSnapshot: true, takesScreenshot: true, unexpectedAlertBehaviour: , unhandledPromptBehavior: , version: 66.0.3359.181, webStorageEnabled: true}
Session ID: 4dd50bcf8b6851c8101cb79ffe3c3b8a)]]></system-err>
      </testcase>
      <testcase name="Test Cases/INVESTIGATION TEST CASES/TC_INV_006 Verify Schedule 11 Investigation Request Are Working Successfully Or No" classname="Test Cases/INVESTIGATION TEST CASES/TC_INV_006 Verify Schedule 11 Investigation Request Are Working Successfully Or No" status="FAILED">
         <failure type="FAILED" message="Unable to set text '10' of object 'Object Repository/lab/Page_KDMC/input_txttreat' (Root cause: org.openqa.selenium.WebDriverException: unknown error: cannot focus element
  (Session info: chrome=66.0.3359.181)
  (Driver info: chromedriver=2.35.528161 (5b82f2d2aae0ca24b877009200ced9065a772e73),platform=Windows NT 10.0.17134 x86_64) (WARNING: The server did not provide any stacktrace information)
Command duration or timeout: 0 milliseconds
Build info: version: '3.7.1', revision: '8a0099a', time: '2017-11-06T21:07:36.161Z'
System info: host: 'DESKTOP-BLFTK83', ip: '169.254.189.85', os.name: 'Windows 10', os.arch: 'amd64', os.version: '10.0', java.version: '1.8.0_102'
Driver info: com.kms.katalon.selenium.driver.CChromeDriver
Capabilities {acceptInsecureCerts: false, acceptSslCerts: false, applicationCacheEnabled: false, browserConnectionEnabled: false, browserName: chrome, chrome: {chromedriverVersion: 2.35.528161 (5b82f2d2aae0ca..., userDataDir: C:\Users\QUALIT~1\AppData\L...}, cssSelectorsEnabled: true, databaseEnabled: false, handlesAlerts: true, hasTouchScreen: false, javascriptEnabled: true, locationContextEnabled: true, mobileEmulationEnabled: false, nativeEvents: true, networkConnectionEnabled: false, pageLoadStrategy: normal, platform: XP, platformName: XP, rotatable: false, setWindowRect: true, takesHeapSnapshot: true, takesScreenshot: true, unexpectedAlertBehaviour: , unhandledPromptBehavior: , version: 66.0.3359.181, webStorageEnabled: true}
Session ID: 7e4f58eea46e7c103dd45a4f0231a77c)"/>
         <system-out><![CDATA[2018-05-22 15:50:49 - [TEST_CASE][FAILED] - Test Cases/INVESTIGATION TEST CASES/TC_INV_006 Verify Schedule 11 Investigation Request Are Working Successfully Or No: Test Cases/INVESTIGATION TEST CASES/TC_INV_006 Verify Schedule 11 Investigation Request Are Working Successfully Or No FAILED because (of) Unable to set text '10' of object 'Object Repository/lab/Page_KDMC/input_txttreat' (Root cause: org.openqa.selenium.WebDriverException: unknown error: cannot focus element
  (Session info: chrome=66.0.3359.181)
  (Driver info: chromedriver=2.35.528161 (5b82f2d2aae0ca24b877009200ced9065a772e73),platform=Windows NT 10.0.17134 x86_64) (WARNING: The server did not provide any stacktrace information)
Command duration or timeout: 0 milliseconds
Build info: version: '3.7.1', revision: '8a0099a', time: '2017-11-06T21:07:36.161Z'
System info: host: 'DESKTOP-BLFTK83', ip: '169.254.189.85', os.name: 'Windows 10', os.arch: 'amd64', os.version: '10.0', java.version: '1.8.0_102'
Driver info: com.kms.katalon.selenium.driver.CChromeDriver
Capabilities {acceptInsecureCerts: false, acceptSslCerts: false, applicationCacheEnabled: false, browserConnectionEnabled: false, browserName: chrome, chrome: {chromedriverVersion: 2.35.528161 (5b82f2d2aae0ca..., userDataDir: C:\Users\QUALIT~1\AppData\L...}, cssSelectorsEnabled: true, databaseEnabled: false, handlesAlerts: true, hasTouchScreen: false, javascriptEnabled: true, locationContextEnabled: true, mobileEmulationEnabled: false, nativeEvents: true, networkConnectionEnabled: false, pageLoadStrategy: normal, platform: XP, platformName: XP, rotatable: false, setWindowRect: true, takesHeapSnapshot: true, takesScreenshot: true, unexpectedAlertBehaviour: , unhandledPromptBehavior: , version: 66.0.3359.181, webStorageEnabled: true}
Session ID: 7e4f58eea46e7c103dd45a4f0231a77c)

2018-05-22 15:50:49 - [TEST_STEP][PASSED] - openBrowser: Browser is opened with url: ''

2018-05-22 15:50:49 - [MESSAGE][WARNING] - A browser is already opened. Closing browser and opening a new one

2018-05-22 15:50:51 - [MESSAGE][PASSED] - Browser is opened with url: ''

2018-05-22 15:50:51 - [TEST_STEP][PASSED] - navigateToUrl: Navigate to 'http://192.168.137.1/multihospital_new/' successfully

2018-05-22 15:50:53 - [MESSAGE][PASSED] - Navigate to 'http://192.168.137.1/multihospital_new/' successfully

2018-05-22 15:50:53 - [TEST_STEP][PASSED] - Statement - out.println(" Verify Schedule 11 Investigation Request Are Working Successfully Or Not"): null

2018-05-22 15:50:53 - [TEST_STEP][PASSED] - maximizeWindow: Current window maximized

2018-05-22 15:50:54 - [MESSAGE][PASSED] - Current window maximized

2018-05-22 15:50:54 - [TEST_STEP][PASSED] - click: Object: 'Object Repository/lab/Page_KDMC/a_Investigation' is clicked on

2018-05-22 15:50:55 - [MESSAGE][PASSED] - Object: 'Object Repository/lab/Page_KDMC/a_Investigation' is clicked on

2018-05-22 15:50:55 - [TEST_STEP][PASSED] - setText: Text 'manoj' is set on object 'Object Repository/lab/Page_Investigation login/input_txtusername'

2018-05-22 15:50:55 - [MESSAGE][PASSED] - Text 'manoj' is set on object 'Object Repository/lab/Page_Investigation login/input_txtusername'

2018-05-22 15:50:55 - [TEST_STEP][PASSED] - setText: Text '123' is set on object 'Object Repository/lab/Page_Investigation login/input_txtpassword'

2018-05-22 15:50:55 - [MESSAGE][PASSED] - Text '123' is set on object 'Object Repository/lab/Page_Investigation login/input_txtpassword'

2018-05-22 15:50:55 - [TEST_STEP][PASSED] - delay: Delayed 3 second(s)

2018-05-22 15:50:58 - [MESSAGE][PASSED] - Delayed 3 second(s)

2018-05-22 15:50:58 - [TEST_STEP][PASSED] - click: Object: 'Object Repository/lab/Page_Investigation login/button_Sign in' is clicked on

2018-05-22 15:50:59 - [MESSAGE][PASSED] - Object: 'Object Repository/lab/Page_Investigation login/button_Sign in' is clicked on

2018-05-22 15:50:59 - [TEST_STEP][PASSED] - click: Object: 'Object Repository/lab/Page_KDMC/a_Store Request' is clicked on

2018-05-22 15:51:01 - [MESSAGE][PASSED] - Object: 'Object Repository/lab/Page_KDMC/a_Store Request' is clicked on

2018-05-22 15:51:01 - [TEST_STEP][PASSED] - delay: Delayed 2 second(s)

2018-05-22 15:51:03 - [MESSAGE][PASSED] - Delayed 2 second(s)

2018-05-22 15:51:03 - [TEST_STEP][PASSED] - click: Object: 'Object Repository/lab/Page_KDMC/a_Medicine Request' is clicked on

2018-05-22 15:51:03 - [MESSAGE][PASSED] - Object: 'Object Repository/lab/Page_KDMC/a_Medicine Request' is clicked on

2018-05-22 15:51:03 - [TEST_STEP][PASSED] - selectOptionByIndex: All options with index in [6] are selected on object 'Object Repository/lab/Page_KDMC/select_--Select--Schedule 4X-r'

2018-05-22 15:51:04 - [MESSAGE][PASSED] - All options with index in [6] are selected on object 'Object Repository/lab/Page_KDMC/select_--Select--Schedule 4X-r'

2018-05-22 15:51:04 - [TEST_STEP][PASSED] - Statement - medicineslength = com.kms.katalon.core.webui.keyword.WebUiBuiltInKeywords.getNumberOfTotalOption(com.kms.katalon.core.testobject.ObjectRepository.findTestObject(lab/Page_KDMC/select_--Select--Automatic x-r)): 81 options of object 'Object Repository/lab/Page_KDMC/select_--Select--Automatic x-r' counted

2018-05-22 15:51:04 - [MESSAGE][PASSED] - 81 options of object 'Object Repository/lab/Page_KDMC/select_--Select--Automatic x-r' counted

2018-05-22 15:51:04 - [TEST_STEP][FAILED] - Statement - For ([e = 1, e < medicineslength, (e++)]): Unable to set text '10' of object 'Object Repository/lab/Page_KDMC/input_txttreat' (Root cause: org.openqa.selenium.WebDriverException: unknown error: cannot focus element
  (Session info: chrome=66.0.3359.181)
  (Driver info: chromedriver=2.35.528161 (5b82f2d2aae0ca24b877009200ced9065a772e73),platform=Windows NT 10.0.17134 x86_64) (WARNING: The server did not provide any stacktrace information)
Command duration or timeout: 0 milliseconds
Build info: version: '3.7.1', revision: '8a0099a', time: '2017-11-06T21:07:36.161Z'
System info: host: 'DESKTOP-BLFTK83', ip: '169.254.189.85', os.name: 'Windows 10', os.arch: 'amd64', os.version: '10.0', java.version: '1.8.0_102'
Driver info: com.kms.katalon.selenium.driver.CChromeDriver
Capabilities {acceptInsecureCerts: false, acceptSslCerts: false, applicationCacheEnabled: false, browserConnectionEnabled: false, browserName: chrome, chrome: {chromedriverVersion: 2.35.528161 (5b82f2d2aae0ca..., userDataDir: C:\Users\QUALIT~1\AppData\L...}, cssSelectorsEnabled: true, databaseEnabled: false, handlesAlerts: true, hasTouchScreen: false, javascriptEnabled: true, locationContextEnabled: true, mobileEmulationEnabled: false, nativeEvents: true, networkConnectionEnabled: false, pageLoadStrategy: normal, platform: XP, platformName: XP, rotatable: false, setWindowRect: true, takesHeapSnapshot: true, takesScreenshot: true, unexpectedAlertBehaviour: , unhandledPromptBehavior: , version: 66.0.3359.181, webStorageEnabled: true}
Session ID: 7e4f58eea46e7c103dd45a4f0231a77c)

2018-05-22 15:51:04 - [TEST_STEP][PASSED] - selectOptionByIndex: All options with index in [6] are selected on object 'Object Repository/lab/Page_KDMC/select_--Select--Schedule 4X-r'

2018-05-22 15:51:04 - [MESSAGE][PASSED] - All options with index in [6] are selected on object 'Object Repository/lab/Page_KDMC/select_--Select--Schedule 4X-r'

2018-05-22 15:51:04 - [TEST_STEP][PASSED] - selectOptionByIndex: All options with index in [1] are selected on object 'Object Repository/lab/Page_KDMC/select_--Select--Automatic x-r'

2018-05-22 15:51:04 - [MESSAGE][PASSED] - All options with index in [1] are selected on object 'Object Repository/lab/Page_KDMC/select_--Select--Automatic x-r'

2018-05-22 15:51:04 - [TEST_STEP][PASSED] - setText: Text '10' is set on object 'Object Repository/lab/Page_KDMC/input_txttreat'

2018-05-22 15:51:04 - [MESSAGE][PASSED] - Text '10' is set on object 'Object Repository/lab/Page_KDMC/input_txttreat'

2018-05-22 15:51:04 - [TEST_STEP][PASSED] - click: Object: 'Object Repository/lab/Page_KDMC/button_Add' is clicked on

2018-05-22 15:51:04 - [MESSAGE][PASSED] - Object: 'Object Repository/lab/Page_KDMC/button_Add' is clicked on

2018-05-22 15:51:04 - [TEST_STEP][PASSED] - selectOptionByIndex: All options with index in [6] are selected on object 'Object Repository/lab/Page_KDMC/select_--Select--Schedule 4X-r'

2018-05-22 15:51:04 - [MESSAGE][PASSED] - All options with index in [6] are selected on object 'Object Repository/lab/Page_KDMC/select_--Select--Schedule 4X-r'

2018-05-22 15:51:04 - [TEST_STEP][PASSED] - selectOptionByIndex: All options with index in [2] are selected on object 'Object Repository/lab/Page_KDMC/select_--Select--Automatic x-r'

2018-05-22 15:51:05 - [MESSAGE][PASSED] - All options with index in [2] are selected on object 'Object Repository/lab/Page_KDMC/select_--Select--Automatic x-r'

2018-05-22 15:51:05 - [TEST_STEP][PASSED] - setText: Text '10' is set on object 'Object Repository/lab/Page_KDMC/input_txttreat'

2018-05-22 15:51:05 - [MESSAGE][PASSED] - Text '10' is set on object 'Object Repository/lab/Page_KDMC/input_txttreat'

2018-05-22 15:51:05 - [TEST_STEP][PASSED] - click: Object: 'Object Repository/lab/Page_KDMC/button_Add' is clicked on

2018-05-22 15:51:05 - [MESSAGE][PASSED] - Object: 'Object Repository/lab/Page_KDMC/button_Add' is clicked on

2018-05-22 15:51:05 - [TEST_STEP][PASSED] - selectOptionByIndex: All options with index in [6] are selected on object 'Object Repository/lab/Page_KDMC/select_--Select--Schedule 4X-r'

2018-05-22 15:51:05 - [MESSAGE][PASSED] - All options with index in [6] are selected on object 'Object Repository/lab/Page_KDMC/select_--Select--Schedule 4X-r'

2018-05-22 15:51:05 - [TEST_STEP][PASSED] - selectOptionByIndex: All options with index in [3] are selected on object 'Object Repository/lab/Page_KDMC/select_--Select--Automatic x-r'

2018-05-22 15:51:05 - [MESSAGE][PASSED] - All options with index in [3] are selected on object 'Object Repository/lab/Page_KDMC/select_--Select--Automatic x-r'

2018-05-22 15:51:05 - [TEST_STEP][PASSED] - setText: Text '10' is set on object 'Object Repository/lab/Page_KDMC/input_txttreat'

2018-05-22 15:51:05 - [MESSAGE][PASSED] - Text '10' is set on object 'Object Repository/lab/Page_KDMC/input_txttreat'

2018-05-22 15:51:05 - [TEST_STEP][PASSED] - click: Object: 'Object Repository/lab/Page_KDMC/button_Add' is clicked on

2018-05-22 15:51:05 - [MESSAGE][PASSED] - Object: 'Object Repository/lab/Page_KDMC/button_Add' is clicked on

2018-05-22 15:51:05 - [TEST_STEP][PASSED] - selectOptionByIndex: All options with index in [6] are selected on object 'Object Repository/lab/Page_KDMC/select_--Select--Schedule 4X-r'

2018-05-22 15:51:05 - [MESSAGE][PASSED] - All options with index in [6] are selected on object 'Object Repository/lab/Page_KDMC/select_--Select--Schedule 4X-r'

2018-05-22 15:51:05 - [TEST_STEP][PASSED] - selectOptionByIndex: All options with index in [4] are selected on object 'Object Repository/lab/Page_KDMC/select_--Select--Automatic x-r'

2018-05-22 15:51:06 - [MESSAGE][PASSED] - All options with index in [4] are selected on object 'Object Repository/lab/Page_KDMC/select_--Select--Automatic x-r'

2018-05-22 15:51:06 - [TEST_STEP][PASSED] - setText: Text '10' is set on object 'Object Repository/lab/Page_KDMC/input_txttreat'

2018-05-22 15:51:06 - [MESSAGE][PASSED] - Text '10' is set on object 'Object Repository/lab/Page_KDMC/input_txttreat'

2018-05-22 15:51:06 - [TEST_STEP][PASSED] - click: Object: 'Object Repository/lab/Page_KDMC/button_Add' is clicked on

2018-05-22 15:51:06 - [MESSAGE][PASSED] - Object: 'Object Repository/lab/Page_KDMC/button_Add' is clicked on

2018-05-22 15:51:06 - [TEST_STEP][PASSED] - selectOptionByIndex: All options with index in [6] are selected on object 'Object Repository/lab/Page_KDMC/select_--Select--Schedule 4X-r'

2018-05-22 15:51:06 - [MESSAGE][PASSED] - All options with index in [6] are selected on object 'Object Repository/lab/Page_KDMC/select_--Select--Schedule 4X-r'

2018-05-22 15:51:06 - [TEST_STEP][PASSED] - selectOptionByIndex: All options with index in [5] are selected on object 'Object Repository/lab/Page_KDMC/select_--Select--Automatic x-r'

2018-05-22 15:51:06 - [MESSAGE][PASSED] - All options with index in [5] are selected on object 'Object Repository/lab/Page_KDMC/select_--Select--Automatic x-r'

2018-05-22 15:51:06 - [TEST_STEP][PASSED] - setText: Text '10' is set on object 'Object Repository/lab/Page_KDMC/input_txttreat'

2018-05-22 15:51:06 - [MESSAGE][PASSED] - Text '10' is set on object 'Object Repository/lab/Page_KDMC/input_txttreat'

2018-05-22 15:51:06 - [TEST_STEP][PASSED] - click: Object: 'Object Repository/lab/Page_KDMC/button_Add' is clicked on

2018-05-22 15:51:06 - [MESSAGE][PASSED] - Object: 'Object Repository/lab/Page_KDMC/button_Add' is clicked on

2018-05-22 15:51:06 - [TEST_STEP][PASSED] - selectOptionByIndex: All options with index in [6] are selected on object 'Object Repository/lab/Page_KDMC/select_--Select--Schedule 4X-r'

2018-05-22 15:51:06 - [MESSAGE][PASSED] - All options with index in [6] are selected on object 'Object Repository/lab/Page_KDMC/select_--Select--Schedule 4X-r'

2018-05-22 15:51:06 - [TEST_STEP][PASSED] - selectOptionByIndex: All options with index in [6] are selected on object 'Object Repository/lab/Page_KDMC/select_--Select--Automatic x-r'

2018-05-22 15:51:07 - [MESSAGE][PASSED] - All options with index in [6] are selected on object 'Object Repository/lab/Page_KDMC/select_--Select--Automatic x-r'

2018-05-22 15:51:07 - [TEST_STEP][PASSED] - setText: Text '10' is set on object 'Object Repository/lab/Page_KDMC/input_txttreat'

2018-05-22 15:51:07 - [MESSAGE][PASSED] - Text '10' is set on object 'Object Repository/lab/Page_KDMC/input_txttreat'

2018-05-22 15:51:07 - [TEST_STEP][PASSED] - click: Object: 'Object Repository/lab/Page_KDMC/button_Add' is clicked on

2018-05-22 15:51:07 - [MESSAGE][PASSED] - Object: 'Object Repository/lab/Page_KDMC/button_Add' is clicked on

2018-05-22 15:51:07 - [TEST_STEP][PASSED] - selectOptionByIndex: All options with index in [6] are selected on object 'Object Repository/lab/Page_KDMC/select_--Select--Schedule 4X-r'

2018-05-22 15:51:07 - [MESSAGE][PASSED] - All options with index in [6] are selected on object 'Object Repository/lab/Page_KDMC/select_--Select--Schedule 4X-r'

2018-05-22 15:51:07 - [TEST_STEP][PASSED] - selectOptionByIndex: All options with index in [7] are selected on object 'Object Repository/lab/Page_KDMC/select_--Select--Automatic x-r'

2018-05-22 15:51:07 - [MESSAGE][PASSED] - All options with index in [7] are selected on object 'Object Repository/lab/Page_KDMC/select_--Select--Automatic x-r'

2018-05-22 15:51:07 - [TEST_STEP][PASSED] - setText: Text '10' is set on object 'Object Repository/lab/Page_KDMC/input_txttreat'

2018-05-22 15:51:07 - [MESSAGE][PASSED] - Text '10' is set on object 'Object Repository/lab/Page_KDMC/input_txttreat'

2018-05-22 15:51:07 - [TEST_STEP][PASSED] - click: Object: 'Object Repository/lab/Page_KDMC/button_Add' is clicked on

2018-05-22 15:51:07 - [MESSAGE][PASSED] - Object: 'Object Repository/lab/Page_KDMC/button_Add' is clicked on

2018-05-22 15:51:07 - [TEST_STEP][PASSED] - selectOptionByIndex: All options with index in [6] are selected on object 'Object Repository/lab/Page_KDMC/select_--Select--Schedule 4X-r'

2018-05-22 15:51:07 - [MESSAGE][PASSED] - All options with index in [6] are selected on object 'Object Repository/lab/Page_KDMC/select_--Select--Schedule 4X-r'

2018-05-22 15:51:07 - [TEST_STEP][PASSED] - selectOptionByIndex: All options with index in [8] are selected on object 'Object Repository/lab/Page_KDMC/select_--Select--Automatic x-r'

2018-05-22 15:51:08 - [MESSAGE][PASSED] - All options with index in [8] are selected on object 'Object Repository/lab/Page_KDMC/select_--Select--Automatic x-r'

2018-05-22 15:51:08 - [TEST_STEP][PASSED] - setText: Text '10' is set on object 'Object Repository/lab/Page_KDMC/input_txttreat'

2018-05-22 15:51:08 - [MESSAGE][PASSED] - Text '10' is set on object 'Object Repository/lab/Page_KDMC/input_txttreat'

2018-05-22 15:51:08 - [TEST_STEP][PASSED] - click: Object: 'Object Repository/lab/Page_KDMC/button_Add' is clicked on

2018-05-22 15:51:08 - [MESSAGE][PASSED] - Object: 'Object Repository/lab/Page_KDMC/button_Add' is clicked on

2018-05-22 15:51:08 - [TEST_STEP][PASSED] - selectOptionByIndex: All options with index in [6] are selected on object 'Object Repository/lab/Page_KDMC/select_--Select--Schedule 4X-r'

2018-05-22 15:51:08 - [MESSAGE][PASSED] - All options with index in [6] are selected on object 'Object Repository/lab/Page_KDMC/select_--Select--Schedule 4X-r'

2018-05-22 15:51:08 - [TEST_STEP][PASSED] - selectOptionByIndex: All options with index in [9] are selected on object 'Object Repository/lab/Page_KDMC/select_--Select--Automatic x-r'

2018-05-22 15:51:08 - [MESSAGE][PASSED] - All options with index in [9] are selected on object 'Object Repository/lab/Page_KDMC/select_--Select--Automatic x-r'

2018-05-22 15:51:08 - [TEST_STEP][PASSED] - setText: Text '10' is set on object 'Object Repository/lab/Page_KDMC/input_txttreat'

2018-05-22 15:51:08 - [MESSAGE][PASSED] - Text '10' is set on object 'Object Repository/lab/Page_KDMC/input_txttreat'

2018-05-22 15:51:08 - [TEST_STEP][PASSED] - click: Object: 'Object Repository/lab/Page_KDMC/button_Add' is clicked on

2018-05-22 15:51:08 - [MESSAGE][PASSED] - Object: 'Object Repository/lab/Page_KDMC/button_Add' is clicked on

2018-05-22 15:51:08 - [TEST_STEP][PASSED] - selectOptionByIndex: All options with index in [6] are selected on object 'Object Repository/lab/Page_KDMC/select_--Select--Schedule 4X-r'

2018-05-22 15:51:08 - [MESSAGE][PASSED] - All options with index in [6] are selected on object 'Object Repository/lab/Page_KDMC/select_--Select--Schedule 4X-r'

2018-05-22 15:51:08 - [TEST_STEP][PASSED] - selectOptionByIndex: All options with index in [10] are selected on object 'Object Repository/lab/Page_KDMC/select_--Select--Automatic x-r'

2018-05-22 15:51:09 - [MESSAGE][PASSED] - All options with index in [10] are selected on object 'Object Repository/lab/Page_KDMC/select_--Select--Automatic x-r'

2018-05-22 15:51:09 - [TEST_STEP][PASSED] - setText: Text '10' is set on object 'Object Repository/lab/Page_KDMC/input_txttreat'

2018-05-22 15:51:09 - [MESSAGE][PASSED] - Text '10' is set on object 'Object Repository/lab/Page_KDMC/input_txttreat'

2018-05-22 15:51:09 - [TEST_STEP][PASSED] - click: Object: 'Object Repository/lab/Page_KDMC/button_Add' is clicked on

2018-05-22 15:51:09 - [MESSAGE][PASSED] - Object: 'Object Repository/lab/Page_KDMC/button_Add' is clicked on

2018-05-22 15:51:09 - [TEST_STEP][PASSED] - selectOptionByIndex: All options with index in [6] are selected on object 'Object Repository/lab/Page_KDMC/select_--Select--Schedule 4X-r'

2018-05-22 15:51:09 - [MESSAGE][PASSED] - All options with index in [6] are selected on object 'Object Repository/lab/Page_KDMC/select_--Select--Schedule 4X-r'

2018-05-22 15:51:09 - [TEST_STEP][PASSED] - selectOptionByIndex: All options with index in [11] are selected on object 'Object Repository/lab/Page_KDMC/select_--Select--Automatic x-r'

2018-05-22 15:51:09 - [MESSAGE][PASSED] - All options with index in [11] are selected on object 'Object Repository/lab/Page_KDMC/select_--Select--Automatic x-r'

2018-05-22 15:51:09 - [TEST_STEP][PASSED] - setText: Text '10' is set on object 'Object Repository/lab/Page_KDMC/input_txttreat'

2018-05-22 15:51:09 - [MESSAGE][PASSED] - Text '10' is set on object 'Object Repository/lab/Page_KDMC/input_txttreat'

2018-05-22 15:51:09 - [TEST_STEP][PASSED] - click: Object: 'Object Repository/lab/Page_KDMC/button_Add' is clicked on

2018-05-22 15:51:09 - [MESSAGE][PASSED] - Object: 'Object Repository/lab/Page_KDMC/button_Add' is clicked on

2018-05-22 15:51:09 - [TEST_STEP][PASSED] - selectOptionByIndex: All options with index in [6] are selected on object 'Object Repository/lab/Page_KDMC/select_--Select--Schedule 4X-r'

2018-05-22 15:51:09 - [MESSAGE][PASSED] - All options with index in [6] are selected on object 'Object Repository/lab/Page_KDMC/select_--Select--Schedule 4X-r'

2018-05-22 15:51:09 - [TEST_STEP][PASSED] - selectOptionByIndex: All options with index in [12] are selected on object 'Object Repository/lab/Page_KDMC/select_--Select--Automatic x-r'

2018-05-22 15:51:10 - [MESSAGE][PASSED] - All options with index in [12] are selected on object 'Object Repository/lab/Page_KDMC/select_--Select--Automatic x-r'

2018-05-22 15:51:10 - [TEST_STEP][PASSED] - setText: Text '10' is set on object 'Object Repository/lab/Page_KDMC/input_txttreat'

2018-05-22 15:51:10 - [MESSAGE][PASSED] - Text '10' is set on object 'Object Repository/lab/Page_KDMC/input_txttreat'

2018-05-22 15:51:10 - [TEST_STEP][PASSED] - click: Object: 'Object Repository/lab/Page_KDMC/button_Add' is clicked on

2018-05-22 15:51:10 - [MESSAGE][PASSED] - Object: 'Object Repository/lab/Page_KDMC/button_Add' is clicked on

2018-05-22 15:51:10 - [TEST_STEP][PASSED] - selectOptionByIndex: All options with index in [6] are selected on object 'Object Repository/lab/Page_KDMC/select_--Select--Schedule 4X-r'

2018-05-22 15:51:10 - [MESSAGE][PASSED] - All options with index in [6] are selected on object 'Object Repository/lab/Page_KDMC/select_--Select--Schedule 4X-r'

2018-05-22 15:51:10 - [TEST_STEP][PASSED] - selectOptionByIndex: All options with index in [13] are selected on object 'Object Repository/lab/Page_KDMC/select_--Select--Automatic x-r'

2018-05-22 15:51:10 - [MESSAGE][PASSED] - All options with index in [13] are selected on object 'Object Repository/lab/Page_KDMC/select_--Select--Automatic x-r'

2018-05-22 15:51:10 - [TEST_STEP][PASSED] - setText: Text '10' is set on object 'Object Repository/lab/Page_KDMC/input_txttreat'

2018-05-22 15:51:10 - [MESSAGE][PASSED] - Text '10' is set on object 'Object Repository/lab/Page_KDMC/input_txttreat'

2018-05-22 15:51:10 - [TEST_STEP][PASSED] - click: Object: 'Object Repository/lab/Page_KDMC/button_Add' is clicked on

2018-05-22 15:51:10 - [MESSAGE][PASSED] - Object: 'Object Repository/lab/Page_KDMC/button_Add' is clicked on

2018-05-22 15:51:10 - [TEST_STEP][PASSED] - selectOptionByIndex: All options with index in [6] are selected on object 'Object Repository/lab/Page_KDMC/select_--Select--Schedule 4X-r'

2018-05-22 15:51:10 - [MESSAGE][PASSED] - All options with index in [6] are selected on object 'Object Repository/lab/Page_KDMC/select_--Select--Schedule 4X-r'

2018-05-22 15:51:10 - [TEST_STEP][PASSED] - selectOptionByIndex: All options with index in [14] are selected on object 'Object Repository/lab/Page_KDMC/select_--Select--Automatic x-r'

2018-05-22 15:51:11 - [MESSAGE][PASSED] - All options with index in [14] are selected on object 'Object Repository/lab/Page_KDMC/select_--Select--Automatic x-r'

2018-05-22 15:51:11 - [TEST_STEP][PASSED] - setText: Text '10' is set on object 'Object Repository/lab/Page_KDMC/input_txttreat'

2018-05-22 15:51:11 - [MESSAGE][PASSED] - Text '10' is set on object 'Object Repository/lab/Page_KDMC/input_txttreat'

2018-05-22 15:51:11 - [TEST_STEP][PASSED] - click: Object: 'Object Repository/lab/Page_KDMC/button_Add' is clicked on

2018-05-22 15:51:11 - [MESSAGE][PASSED] - Object: 'Object Repository/lab/Page_KDMC/button_Add' is clicked on

2018-05-22 15:51:11 - [TEST_STEP][PASSED] - selectOptionByIndex: All options with index in [6] are selected on object 'Object Repository/lab/Page_KDMC/select_--Select--Schedule 4X-r'

2018-05-22 15:51:11 - [MESSAGE][PASSED] - All options with index in [6] are selected on object 'Object Repository/lab/Page_KDMC/select_--Select--Schedule 4X-r'

2018-05-22 15:51:11 - [TEST_STEP][PASSED] - selectOptionByIndex: All options with index in [15] are selected on object 'Object Repository/lab/Page_KDMC/select_--Select--Automatic x-r'

2018-05-22 15:51:11 - [MESSAGE][PASSED] - All options with index in [15] are selected on object 'Object Repository/lab/Page_KDMC/select_--Select--Automatic x-r'

2018-05-22 15:51:11 - [TEST_STEP][PASSED] - setText: Text '10' is set on object 'Object Repository/lab/Page_KDMC/input_txttreat'

2018-05-22 15:51:11 - [MESSAGE][PASSED] - Text '10' is set on object 'Object Repository/lab/Page_KDMC/input_txttreat'

2018-05-22 15:51:11 - [TEST_STEP][PASSED] - click: Object: 'Object Repository/lab/Page_KDMC/button_Add' is clicked on

2018-05-22 15:51:11 - [MESSAGE][PASSED] - Object: 'Object Repository/lab/Page_KDMC/button_Add' is clicked on

2018-05-22 15:51:11 - [TEST_STEP][PASSED] - selectOptionByIndex: All options with index in [6] are selected on object 'Object Repository/lab/Page_KDMC/select_--Select--Schedule 4X-r'

2018-05-22 15:51:12 - [MESSAGE][PASSED] - All options with index in [6] are selected on object 'Object Repository/lab/Page_KDMC/select_--Select--Schedule 4X-r'

2018-05-22 15:51:12 - [TEST_STEP][PASSED] - selectOptionByIndex: All options with index in [16] are selected on object 'Object Repository/lab/Page_KDMC/select_--Select--Automatic x-r'

2018-05-22 15:51:12 - [MESSAGE][PASSED] - All options with index in [16] are selected on object 'Object Repository/lab/Page_KDMC/select_--Select--Automatic x-r'

2018-05-22 15:51:12 - [TEST_STEP][PASSED] - setText: Text '10' is set on object 'Object Repository/lab/Page_KDMC/input_txttreat'

2018-05-22 15:51:12 - [MESSAGE][PASSED] - Text '10' is set on object 'Object Repository/lab/Page_KDMC/input_txttreat'

2018-05-22 15:51:12 - [TEST_STEP][PASSED] - click: Object: 'Object Repository/lab/Page_KDMC/button_Add' is clicked on

2018-05-22 15:51:12 - [MESSAGE][PASSED] - Object: 'Object Repository/lab/Page_KDMC/button_Add' is clicked on

2018-05-22 15:51:12 - [TEST_STEP][PASSED] - selectOptionByIndex: All options with index in [6] are selected on object 'Object Repository/lab/Page_KDMC/select_--Select--Schedule 4X-r'

2018-05-22 15:51:12 - [MESSAGE][PASSED] - All options with index in [6] are selected on object 'Object Repository/lab/Page_KDMC/select_--Select--Schedule 4X-r'

2018-05-22 15:51:12 - [TEST_STEP][PASSED] - selectOptionByIndex: All options with index in [17] are selected on object 'Object Repository/lab/Page_KDMC/select_--Select--Automatic x-r'

2018-05-22 15:51:13 - [MESSAGE][PASSED] - All options with index in [17] are selected on object 'Object Repository/lab/Page_KDMC/select_--Select--Automatic x-r'

2018-05-22 15:51:13 - [TEST_STEP][PASSED] - setText: Text '10' is set on object 'Object Repository/lab/Page_KDMC/input_txttreat'

2018-05-22 15:51:13 - [MESSAGE][PASSED] - Text '10' is set on object 'Object Repository/lab/Page_KDMC/input_txttreat'

2018-05-22 15:51:13 - [TEST_STEP][PASSED] - click: Object: 'Object Repository/lab/Page_KDMC/button_Add' is clicked on

2018-05-22 15:51:13 - [MESSAGE][PASSED] - Object: 'Object Repository/lab/Page_KDMC/button_Add' is clicked on

2018-05-22 15:51:13 - [TEST_STEP][PASSED] - selectOptionByIndex: All options with index in [6] are selected on object 'Object Repository/lab/Page_KDMC/select_--Select--Schedule 4X-r'

2018-05-22 15:51:13 - [MESSAGE][PASSED] - All options with index in [6] are selected on object 'Object Repository/lab/Page_KDMC/select_--Select--Schedule 4X-r'

2018-05-22 15:51:13 - [TEST_STEP][PASSED] - selectOptionByIndex: All options with index in [18] are selected on object 'Object Repository/lab/Page_KDMC/select_--Select--Automatic x-r'

2018-05-22 15:51:13 - [MESSAGE][PASSED] - All options with index in [18] are selected on object 'Object Repository/lab/Page_KDMC/select_--Select--Automatic x-r'

2018-05-22 15:51:13 - [TEST_STEP][PASSED] - setText: Text '10' is set on object 'Object Repository/lab/Page_KDMC/input_txttreat'

2018-05-22 15:51:13 - [MESSAGE][PASSED] - Text '10' is set on object 'Object Repository/lab/Page_KDMC/input_txttreat'

2018-05-22 15:51:13 - [TEST_STEP][PASSED] - click: Object: 'Object Repository/lab/Page_KDMC/button_Add' is clicked on

2018-05-22 15:51:13 - [MESSAGE][PASSED] - Object: 'Object Repository/lab/Page_KDMC/button_Add' is clicked on

2018-05-22 15:51:13 - [TEST_STEP][PASSED] - selectOptionByIndex: All options with index in [6] are selected on object 'Object Repository/lab/Page_KDMC/select_--Select--Schedule 4X-r'

2018-05-22 15:51:14 - [MESSAGE][PASSED] - All options with index in [6] are selected on object 'Object Repository/lab/Page_KDMC/select_--Select--Schedule 4X-r'

2018-05-22 15:51:14 - [TEST_STEP][PASSED] - selectOptionByIndex: All options with index in [19] are selected on object 'Object Repository/lab/Page_KDMC/select_--Select--Automatic x-r'

2018-05-22 15:51:14 - [MESSAGE][PASSED] - All options with index in [19] are selected on object 'Object Repository/lab/Page_KDMC/select_--Select--Automatic x-r'

2018-05-22 15:51:14 - [TEST_STEP][PASSED] - setText: Text '10' is set on object 'Object Repository/lab/Page_KDMC/input_txttreat'

2018-05-22 15:51:14 - [MESSAGE][PASSED] - Text '10' is set on object 'Object Repository/lab/Page_KDMC/input_txttreat'

2018-05-22 15:51:14 - [TEST_STEP][PASSED] - click: Object: 'Object Repository/lab/Page_KDMC/button_Add' is clicked on

2018-05-22 15:51:14 - [MESSAGE][PASSED] - Object: 'Object Repository/lab/Page_KDMC/button_Add' is clicked on

2018-05-22 15:51:14 - [TEST_STEP][PASSED] - selectOptionByIndex: All options with index in [6] are selected on object 'Object Repository/lab/Page_KDMC/select_--Select--Schedule 4X-r'

2018-05-22 15:51:14 - [MESSAGE][PASSED] - All options with index in [6] are selected on object 'Object Repository/lab/Page_KDMC/select_--Select--Schedule 4X-r'

2018-05-22 15:51:14 - [TEST_STEP][PASSED] - selectOptionByIndex: All options with index in [20] are selected on object 'Object Repository/lab/Page_KDMC/select_--Select--Automatic x-r'

2018-05-22 15:51:15 - [MESSAGE][PASSED] - All options with index in [20] are selected on object 'Object Repository/lab/Page_KDMC/select_--Select--Automatic x-r'

2018-05-22 15:51:15 - [TEST_STEP][PASSED] - setText: Text '10' is set on object 'Object Repository/lab/Page_KDMC/input_txttreat'

2018-05-22 15:51:15 - [MESSAGE][PASSED] - Text '10' is set on object 'Object Repository/lab/Page_KDMC/input_txttreat'

2018-05-22 15:51:15 - [TEST_STEP][PASSED] - click: Object: 'Object Repository/lab/Page_KDMC/button_Add' is clicked on

2018-05-22 15:51:15 - [MESSAGE][PASSED] - Object: 'Object Repository/lab/Page_KDMC/button_Add' is clicked on

2018-05-22 15:51:15 - [TEST_STEP][PASSED] - selectOptionByIndex: All options with index in [6] are selected on object 'Object Repository/lab/Page_KDMC/select_--Select--Schedule 4X-r'

2018-05-22 15:51:15 - [MESSAGE][PASSED] - All options with index in [6] are selected on object 'Object Repository/lab/Page_KDMC/select_--Select--Schedule 4X-r'

2018-05-22 15:51:15 - [TEST_STEP][PASSED] - selectOptionByIndex: All options with index in [21] are selected on object 'Object Repository/lab/Page_KDMC/select_--Select--Automatic x-r'

2018-05-22 15:51:15 - [MESSAGE][PASSED] - All options with index in [21] are selected on object 'Object Repository/lab/Page_KDMC/select_--Select--Automatic x-r'

2018-05-22 15:51:15 - [TEST_STEP][PASSED] - setText: Text '10' is set on object 'Object Repository/lab/Page_KDMC/input_txttreat'

2018-05-22 15:51:15 - [MESSAGE][PASSED] - Text '10' is set on object 'Object Repository/lab/Page_KDMC/input_txttreat'

2018-05-22 15:51:15 - [TEST_STEP][PASSED] - click: Object: 'Object Repository/lab/Page_KDMC/button_Add' is clicked on

2018-05-22 15:51:15 - [MESSAGE][PASSED] - Object: 'Object Repository/lab/Page_KDMC/button_Add' is clicked on

2018-05-22 15:51:15 - [TEST_STEP][PASSED] - selectOptionByIndex: All options with index in [6] are selected on object 'Object Repository/lab/Page_KDMC/select_--Select--Schedule 4X-r'

2018-05-22 15:51:16 - [MESSAGE][PASSED] - All options with index in [6] are selected on object 'Object Repository/lab/Page_KDMC/select_--Select--Schedule 4X-r'

2018-05-22 15:51:16 - [TEST_STEP][PASSED] - selectOptionByIndex: All options with index in [22] are selected on object 'Object Repository/lab/Page_KDMC/select_--Select--Automatic x-r'

2018-05-22 15:51:16 - [MESSAGE][PASSED] - All options with index in [22] are selected on object 'Object Repository/lab/Page_KDMC/select_--Select--Automatic x-r'

2018-05-22 15:51:16 - [TEST_STEP][PASSED] - setText: Text '10' is set on object 'Object Repository/lab/Page_KDMC/input_txttreat'

2018-05-22 15:51:16 - [MESSAGE][PASSED] - Text '10' is set on object 'Object Repository/lab/Page_KDMC/input_txttreat'

2018-05-22 15:51:16 - [TEST_STEP][PASSED] - click: Object: 'Object Repository/lab/Page_KDMC/button_Add' is clicked on

2018-05-22 15:51:16 - [MESSAGE][PASSED] - Object: 'Object Repository/lab/Page_KDMC/button_Add' is clicked on

2018-05-22 15:51:16 - [TEST_STEP][PASSED] - selectOptionByIndex: All options with index in [6] are selected on object 'Object Repository/lab/Page_KDMC/select_--Select--Schedule 4X-r'

2018-05-22 15:51:16 - [MESSAGE][PASSED] - All options with index in [6] are selected on object 'Object Repository/lab/Page_KDMC/select_--Select--Schedule 4X-r'

2018-05-22 15:51:16 - [TEST_STEP][PASSED] - selectOptionByIndex: All options with index in [23] are selected on object 'Object Repository/lab/Page_KDMC/select_--Select--Automatic x-r'

2018-05-22 15:51:17 - [MESSAGE][PASSED] - All options with index in [23] are selected on object 'Object Repository/lab/Page_KDMC/select_--Select--Automatic x-r'

2018-05-22 15:51:17 - [TEST_STEP][PASSED] - setText: Text '10' is set on object 'Object Repository/lab/Page_KDMC/input_txttreat'

2018-05-22 15:51:17 - [MESSAGE][PASSED] - Text '10' is set on object 'Object Repository/lab/Page_KDMC/input_txttreat'

2018-05-22 15:51:17 - [TEST_STEP][PASSED] - click: Object: 'Object Repository/lab/Page_KDMC/button_Add' is clicked on

2018-05-22 15:51:17 - [MESSAGE][PASSED] - Object: 'Object Repository/lab/Page_KDMC/button_Add' is clicked on

2018-05-22 15:51:17 - [TEST_STEP][PASSED] - selectOptionByIndex: All options with index in [6] are selected on object 'Object Repository/lab/Page_KDMC/select_--Select--Schedule 4X-r'

2018-05-22 15:51:17 - [MESSAGE][PASSED] - All options with index in [6] are selected on object 'Object Repository/lab/Page_KDMC/select_--Select--Schedule 4X-r'

2018-05-22 15:51:17 - [TEST_STEP][PASSED] - selectOptionByIndex: All options with index in [24] are selected on object 'Object Repository/lab/Page_KDMC/select_--Select--Automatic x-r'

2018-05-22 15:51:17 - [MESSAGE][PASSED] - All options with index in [24] are selected on object 'Object Repository/lab/Page_KDMC/select_--Select--Automatic x-r'

2018-05-22 15:51:17 - [TEST_STEP][PASSED] - setText: Text '10' is set on object 'Object Repository/lab/Page_KDMC/input_txttreat'

2018-05-22 15:51:17 - [MESSAGE][PASSED] - Text '10' is set on object 'Object Repository/lab/Page_KDMC/input_txttreat'

2018-05-22 15:51:17 - [TEST_STEP][PASSED] - click: Object: 'Object Repository/lab/Page_KDMC/button_Add' is clicked on

2018-05-22 15:51:17 - [MESSAGE][PASSED] - Object: 'Object Repository/lab/Page_KDMC/button_Add' is clicked on

2018-05-22 15:51:17 - [TEST_STEP][PASSED] - selectOptionByIndex: All options with index in [6] are selected on object 'Object Repository/lab/Page_KDMC/select_--Select--Schedule 4X-r'

2018-05-22 15:51:18 - [MESSAGE][PASSED] - All options with index in [6] are selected on object 'Object Repository/lab/Page_KDMC/select_--Select--Schedule 4X-r'

2018-05-22 15:51:18 - [TEST_STEP][PASSED] - selectOptionByIndex: All options with index in [25] are selected on object 'Object Repository/lab/Page_KDMC/select_--Select--Automatic x-r'

2018-05-22 15:51:18 - [MESSAGE][PASSED] - All options with index in [25] are selected on object 'Object Repository/lab/Page_KDMC/select_--Select--Automatic x-r'

2018-05-22 15:51:18 - [TEST_STEP][PASSED] - setText: Text '10' is set on object 'Object Repository/lab/Page_KDMC/input_txttreat'

2018-05-22 15:51:18 - [MESSAGE][PASSED] - Text '10' is set on object 'Object Repository/lab/Page_KDMC/input_txttreat'

2018-05-22 15:51:18 - [TEST_STEP][PASSED] - click: Object: 'Object Repository/lab/Page_KDMC/button_Add' is clicked on

2018-05-22 15:51:18 - [MESSAGE][PASSED] - Object: 'Object Repository/lab/Page_KDMC/button_Add' is clicked on

2018-05-22 15:51:18 - [TEST_STEP][PASSED] - selectOptionByIndex: All options with index in [6] are selected on object 'Object Repository/lab/Page_KDMC/select_--Select--Schedule 4X-r'

2018-05-22 15:51:18 - [MESSAGE][PASSED] - All options with index in [6] are selected on object 'Object Repository/lab/Page_KDMC/select_--Select--Schedule 4X-r'

2018-05-22 15:51:18 - [TEST_STEP][PASSED] - selectOptionByIndex: All options with index in [26] are selected on object 'Object Repository/lab/Page_KDMC/select_--Select--Automatic x-r'

2018-05-22 15:51:19 - [MESSAGE][PASSED] - All options with index in [26] are selected on object 'Object Repository/lab/Page_KDMC/select_--Select--Automatic x-r'

2018-05-22 15:51:19 - [TEST_STEP][PASSED] - setText: Text '10' is set on object 'Object Repository/lab/Page_KDMC/input_txttreat'

2018-05-22 15:51:19 - [MESSAGE][PASSED] - Text '10' is set on object 'Object Repository/lab/Page_KDMC/input_txttreat'

2018-05-22 15:51:19 - [TEST_STEP][PASSED] - click: Object: 'Object Repository/lab/Page_KDMC/button_Add' is clicked on

2018-05-22 15:51:19 - [MESSAGE][PASSED] - Object: 'Object Repository/lab/Page_KDMC/button_Add' is clicked on

2018-05-22 15:51:19 - [TEST_STEP][PASSED] - selectOptionByIndex: All options with index in [6] are selected on object 'Object Repository/lab/Page_KDMC/select_--Select--Schedule 4X-r'

2018-05-22 15:51:19 - [MESSAGE][PASSED] - All options with index in [6] are selected on object 'Object Repository/lab/Page_KDMC/select_--Select--Schedule 4X-r'

2018-05-22 15:51:19 - [TEST_STEP][PASSED] - selectOptionByIndex: All options with index in [27] are selected on object 'Object Repository/lab/Page_KDMC/select_--Select--Automatic x-r'

2018-05-22 15:51:19 - [MESSAGE][PASSED] - All options with index in [27] are selected on object 'Object Repository/lab/Page_KDMC/select_--Select--Automatic x-r'

2018-05-22 15:51:19 - [TEST_STEP][PASSED] - setText: Text '10' is set on object 'Object Repository/lab/Page_KDMC/input_txttreat'

2018-05-22 15:51:20 - [MESSAGE][PASSED] - Text '10' is set on object 'Object Repository/lab/Page_KDMC/input_txttreat'

2018-05-22 15:51:20 - [TEST_STEP][PASSED] - click: Object: 'Object Repository/lab/Page_KDMC/button_Add' is clicked on

2018-05-22 15:51:20 - [MESSAGE][PASSED] - Object: 'Object Repository/lab/Page_KDMC/button_Add' is clicked on

2018-05-22 15:51:20 - [TEST_STEP][PASSED] - selectOptionByIndex: All options with index in [6] are selected on object 'Object Repository/lab/Page_KDMC/select_--Select--Schedule 4X-r'

2018-05-22 15:51:20 - [MESSAGE][PASSED] - All options with index in [6] are selected on object 'Object Repository/lab/Page_KDMC/select_--Select--Schedule 4X-r'

2018-05-22 15:51:20 - [TEST_STEP][PASSED] - selectOptionByIndex: All options with index in [28] are selected on object 'Object Repository/lab/Page_KDMC/select_--Select--Automatic x-r'

2018-05-22 15:51:20 - [MESSAGE][PASSED] - All options with index in [28] are selected on object 'Object Repository/lab/Page_KDMC/select_--Select--Automatic x-r'

2018-05-22 15:51:20 - [TEST_STEP][PASSED] - setText: Text '10' is set on object 'Object Repository/lab/Page_KDMC/input_txttreat'

2018-05-22 15:51:20 - [MESSAGE][PASSED] - Text '10' is set on object 'Object Repository/lab/Page_KDMC/input_txttreat'

2018-05-22 15:51:20 - [TEST_STEP][PASSED] - click: Object: 'Object Repository/lab/Page_KDMC/button_Add' is clicked on

2018-05-22 15:51:20 - [MESSAGE][PASSED] - Object: 'Object Repository/lab/Page_KDMC/button_Add' is clicked on

2018-05-22 15:51:20 - [TEST_STEP][PASSED] - selectOptionByIndex: All options with index in [6] are selected on object 'Object Repository/lab/Page_KDMC/select_--Select--Schedule 4X-r'

2018-05-22 15:51:21 - [MESSAGE][PASSED] - All options with index in [6] are selected on object 'Object Repository/lab/Page_KDMC/select_--Select--Schedule 4X-r'

2018-05-22 15:51:21 - [TEST_STEP][PASSED] - selectOptionByIndex: All options with index in [29] are selected on object 'Object Repository/lab/Page_KDMC/select_--Select--Automatic x-r'

2018-05-22 15:51:21 - [MESSAGE][PASSED] - All options with index in [29] are selected on object 'Object Repository/lab/Page_KDMC/select_--Select--Automatic x-r'

2018-05-22 15:51:21 - [TEST_STEP][PASSED] - setText: Text '10' is set on object 'Object Repository/lab/Page_KDMC/input_txttreat'

2018-05-22 15:51:21 - [MESSAGE][PASSED] - Text '10' is set on object 'Object Repository/lab/Page_KDMC/input_txttreat'

2018-05-22 15:51:21 - [TEST_STEP][PASSED] - click: Object: 'Object Repository/lab/Page_KDMC/button_Add' is clicked on

2018-05-22 15:51:21 - [MESSAGE][PASSED] - Object: 'Object Repository/lab/Page_KDMC/button_Add' is clicked on

2018-05-22 15:51:21 - [TEST_STEP][PASSED] - selectOptionByIndex: All options with index in [6] are selected on object 'Object Repository/lab/Page_KDMC/select_--Select--Schedule 4X-r'

2018-05-22 15:51:21 - [MESSAGE][PASSED] - All options with index in [6] are selected on object 'Object Repository/lab/Page_KDMC/select_--Select--Schedule 4X-r'

2018-05-22 15:51:21 - [TEST_STEP][PASSED] - selectOptionByIndex: All options with index in [30] are selected on object 'Object Repository/lab/Page_KDMC/select_--Select--Automatic x-r'

2018-05-22 15:51:22 - [MESSAGE][PASSED] - All options with index in [30] are selected on object 'Object Repository/lab/Page_KDMC/select_--Select--Automatic x-r'

2018-05-22 15:51:22 - [TEST_STEP][PASSED] - setText: Text '10' is set on object 'Object Repository/lab/Page_KDMC/input_txttreat'

2018-05-22 15:51:22 - [MESSAGE][PASSED] - Text '10' is set on object 'Object Repository/lab/Page_KDMC/input_txttreat'

2018-05-22 15:51:22 - [TEST_STEP][PASSED] - click: Object: 'Object Repository/lab/Page_KDMC/button_Add' is clicked on

2018-05-22 15:51:22 - [MESSAGE][PASSED] - Object: 'Object Repository/lab/Page_KDMC/button_Add' is clicked on

2018-05-22 15:51:22 - [TEST_STEP][PASSED] - selectOptionByIndex: All options with index in [6] are selected on object 'Object Repository/lab/Page_KDMC/select_--Select--Schedule 4X-r'

2018-05-22 15:51:22 - [MESSAGE][PASSED] - All options with index in [6] are selected on object 'Object Repository/lab/Page_KDMC/select_--Select--Schedule 4X-r'

2018-05-22 15:51:22 - [TEST_STEP][PASSED] - selectOptionByIndex: All options with index in [31] are selected on object 'Object Repository/lab/Page_KDMC/select_--Select--Automatic x-r'

2018-05-22 15:51:22 - [MESSAGE][PASSED] - All options with index in [31] are selected on object 'Object Repository/lab/Page_KDMC/select_--Select--Automatic x-r'

2018-05-22 15:51:22 - [TEST_STEP][PASSED] - setText: Text '10' is set on object 'Object Repository/lab/Page_KDMC/input_txttreat'

2018-05-22 15:51:23 - [MESSAGE][PASSED] - Text '10' is set on object 'Object Repository/lab/Page_KDMC/input_txttreat'

2018-05-22 15:51:23 - [TEST_STEP][PASSED] - click: Object: 'Object Repository/lab/Page_KDMC/button_Add' is clicked on

2018-05-22 15:51:23 - [MESSAGE][PASSED] - Object: 'Object Repository/lab/Page_KDMC/button_Add' is clicked on

2018-05-22 15:51:23 - [TEST_STEP][PASSED] - selectOptionByIndex: All options with index in [6] are selected on object 'Object Repository/lab/Page_KDMC/select_--Select--Schedule 4X-r'

2018-05-22 15:51:23 - [MESSAGE][PASSED] - All options with index in [6] are selected on object 'Object Repository/lab/Page_KDMC/select_--Select--Schedule 4X-r'

2018-05-22 15:51:23 - [TEST_STEP][PASSED] - selectOptionByIndex: All options with index in [32] are selected on object 'Object Repository/lab/Page_KDMC/select_--Select--Automatic x-r'

2018-05-22 15:51:23 - [MESSAGE][PASSED] - All options with index in [32] are selected on object 'Object Repository/lab/Page_KDMC/select_--Select--Automatic x-r'

2018-05-22 15:51:23 - [TEST_STEP][PASSED] - setText: Text '10' is set on object 'Object Repository/lab/Page_KDMC/input_txttreat'

2018-05-22 15:51:23 - [MESSAGE][PASSED] - Text '10' is set on object 'Object Repository/lab/Page_KDMC/input_txttreat'

2018-05-22 15:51:23 - [TEST_STEP][PASSED] - click: Object: 'Object Repository/lab/Page_KDMC/button_Add' is clicked on

2018-05-22 15:51:23 - [MESSAGE][PASSED] - Object: 'Object Repository/lab/Page_KDMC/button_Add' is clicked on

2018-05-22 15:51:23 - [TEST_STEP][PASSED] - selectOptionByIndex: All options with index in [6] are selected on object 'Object Repository/lab/Page_KDMC/select_--Select--Schedule 4X-r'

2018-05-22 15:51:24 - [MESSAGE][PASSED] - All options with index in [6] are selected on object 'Object Repository/lab/Page_KDMC/select_--Select--Schedule 4X-r'

2018-05-22 15:51:24 - [TEST_STEP][PASSED] - selectOptionByIndex: All options with index in [33] are selected on object 'Object Repository/lab/Page_KDMC/select_--Select--Automatic x-r'

2018-05-22 15:51:24 - [MESSAGE][PASSED] - All options with index in [33] are selected on object 'Object Repository/lab/Page_KDMC/select_--Select--Automatic x-r'

2018-05-22 15:51:24 - [TEST_STEP][PASSED] - setText: Text '10' is set on object 'Object Repository/lab/Page_KDMC/input_txttreat'

2018-05-22 15:51:24 - [MESSAGE][PASSED] - Text '10' is set on object 'Object Repository/lab/Page_KDMC/input_txttreat'

2018-05-22 15:51:24 - [TEST_STEP][PASSED] - click: Object: 'Object Repository/lab/Page_KDMC/button_Add' is clicked on

2018-05-22 15:51:24 - [MESSAGE][PASSED] - Object: 'Object Repository/lab/Page_KDMC/button_Add' is clicked on

2018-05-22 15:51:24 - [TEST_STEP][PASSED] - selectOptionByIndex: All options with index in [6] are selected on object 'Object Repository/lab/Page_KDMC/select_--Select--Schedule 4X-r'

2018-05-22 15:51:24 - [MESSAGE][PASSED] - All options with index in [6] are selected on object 'Object Repository/lab/Page_KDMC/select_--Select--Schedule 4X-r'

2018-05-22 15:51:24 - [TEST_STEP][PASSED] - selectOptionByIndex: All options with index in [34] are selected on object 'Object Repository/lab/Page_KDMC/select_--Select--Automatic x-r'

2018-05-22 15:51:25 - [MESSAGE][PASSED] - All options with index in [34] are selected on object 'Object Repository/lab/Page_KDMC/select_--Select--Automatic x-r'

2018-05-22 15:51:25 - [TEST_STEP][PASSED] - setText: Text '10' is set on object 'Object Repository/lab/Page_KDMC/input_txttreat'

2018-05-22 15:51:25 - [MESSAGE][PASSED] - Text '10' is set on object 'Object Repository/lab/Page_KDMC/input_txttreat'

2018-05-22 15:51:25 - [TEST_STEP][PASSED] - click: Object: 'Object Repository/lab/Page_KDMC/button_Add' is clicked on

2018-05-22 15:51:25 - [MESSAGE][PASSED] - Object: 'Object Repository/lab/Page_KDMC/button_Add' is clicked on

2018-05-22 15:51:25 - [TEST_STEP][PASSED] - selectOptionByIndex: All options with index in [6] are selected on object 'Object Repository/lab/Page_KDMC/select_--Select--Schedule 4X-r'

2018-05-22 15:51:25 - [MESSAGE][PASSED] - All options with index in [6] are selected on object 'Object Repository/lab/Page_KDMC/select_--Select--Schedule 4X-r'

2018-05-22 15:51:25 - [TEST_STEP][PASSED] - selectOptionByIndex: All options with index in [35] are selected on object 'Object Repository/lab/Page_KDMC/select_--Select--Automatic x-r'

2018-05-22 15:51:26 - [MESSAGE][PASSED] - All options with index in [35] are selected on object 'Object Repository/lab/Page_KDMC/select_--Select--Automatic x-r'

2018-05-22 15:51:26 - [TEST_STEP][PASSED] - setText: Text '10' is set on object 'Object Repository/lab/Page_KDMC/input_txttreat'

2018-05-22 15:51:26 - [MESSAGE][PASSED] - Text '10' is set on object 'Object Repository/lab/Page_KDMC/input_txttreat'

2018-05-22 15:51:26 - [TEST_STEP][PASSED] - click: Object: 'Object Repository/lab/Page_KDMC/button_Add' is clicked on

2018-05-22 15:51:26 - [MESSAGE][PASSED] - Object: 'Object Repository/lab/Page_KDMC/button_Add' is clicked on

2018-05-22 15:51:26 - [TEST_STEP][PASSED] - selectOptionByIndex: All options with index in [6] are selected on object 'Object Repository/lab/Page_KDMC/select_--Select--Schedule 4X-r'

2018-05-22 15:51:26 - [MESSAGE][PASSED] - All options with index in [6] are selected on object 'Object Repository/lab/Page_KDMC/select_--Select--Schedule 4X-r'

2018-05-22 15:51:26 - [TEST_STEP][PASSED] - selectOptionByIndex: All options with index in [36] are selected on object 'Object Repository/lab/Page_KDMC/select_--Select--Automatic x-r'

2018-05-22 15:51:26 - [MESSAGE][PASSED] - All options with index in [36] are selected on object 'Object Repository/lab/Page_KDMC/select_--Select--Automatic x-r'

2018-05-22 15:51:26 - [TEST_STEP][PASSED] - setText: Text '10' is set on object 'Object Repository/lab/Page_KDMC/input_txttreat'

2018-05-22 15:51:26 - [MESSAGE][PASSED] - Text '10' is set on object 'Object Repository/lab/Page_KDMC/input_txttreat'

2018-05-22 15:51:26 - [TEST_STEP][PASSED] - click: Object: 'Object Repository/lab/Page_KDMC/button_Add' is clicked on

2018-05-22 15:51:26 - [MESSAGE][PASSED] - Object: 'Object Repository/lab/Page_KDMC/button_Add' is clicked on

2018-05-22 15:51:26 - [TEST_STEP][PASSED] - selectOptionByIndex: All options with index in [6] are selected on object 'Object Repository/lab/Page_KDMC/select_--Select--Schedule 4X-r'

2018-05-22 15:51:27 - [MESSAGE][PASSED] - All options with index in [6] are selected on object 'Object Repository/lab/Page_KDMC/select_--Select--Schedule 4X-r'

2018-05-22 15:51:27 - [TEST_STEP][PASSED] - selectOptionByIndex: All options with index in [37] are selected on object 'Object Repository/lab/Page_KDMC/select_--Select--Automatic x-r'

2018-05-22 15:51:27 - [MESSAGE][PASSED] - All options with index in [37] are selected on object 'Object Repository/lab/Page_KDMC/select_--Select--Automatic x-r'

2018-05-22 15:51:27 - [TEST_STEP][PASSED] - setText: Text '10' is set on object 'Object Repository/lab/Page_KDMC/input_txttreat'

2018-05-22 15:51:27 - [MESSAGE][PASSED] - Text '10' is set on object 'Object Repository/lab/Page_KDMC/input_txttreat'

2018-05-22 15:51:27 - [TEST_STEP][PASSED] - click: Object: 'Object Repository/lab/Page_KDMC/button_Add' is clicked on

2018-05-22 15:51:27 - [MESSAGE][PASSED] - Object: 'Object Repository/lab/Page_KDMC/button_Add' is clicked on

2018-05-22 15:51:27 - [TEST_STEP][PASSED] - selectOptionByIndex: All options with index in [6] are selected on object 'Object Repository/lab/Page_KDMC/select_--Select--Schedule 4X-r'

2018-05-22 15:51:27 - [MESSAGE][PASSED] - All options with index in [6] are selected on object 'Object Repository/lab/Page_KDMC/select_--Select--Schedule 4X-r'

2018-05-22 15:51:27 - [TEST_STEP][PASSED] - selectOptionByIndex: All options with index in [38] are selected on object 'Object Repository/lab/Page_KDMC/select_--Select--Automatic x-r'

2018-05-22 15:51:28 - [MESSAGE][PASSED] - All options with index in [38] are selected on object 'Object Repository/lab/Page_KDMC/select_--Select--Automatic x-r'

2018-05-22 15:51:28 - [TEST_STEP][PASSED] - setText: Text '10' is set on object 'Object Repository/lab/Page_KDMC/input_txttreat'

2018-05-22 15:51:28 - [MESSAGE][PASSED] - Text '10' is set on object 'Object Repository/lab/Page_KDMC/input_txttreat'

2018-05-22 15:51:28 - [TEST_STEP][PASSED] - click: Object: 'Object Repository/lab/Page_KDMC/button_Add' is clicked on

2018-05-22 15:51:28 - [MESSAGE][PASSED] - Object: 'Object Repository/lab/Page_KDMC/button_Add' is clicked on

2018-05-22 15:51:28 - [TEST_STEP][PASSED] - selectOptionByIndex: All options with index in [6] are selected on object 'Object Repository/lab/Page_KDMC/select_--Select--Schedule 4X-r'

2018-05-22 15:51:28 - [MESSAGE][PASSED] - All options with index in [6] are selected on object 'Object Repository/lab/Page_KDMC/select_--Select--Schedule 4X-r'

2018-05-22 15:51:28 - [TEST_STEP][PASSED] - selectOptionByIndex: All options with index in [39] are selected on object 'Object Repository/lab/Page_KDMC/select_--Select--Automatic x-r'

2018-05-22 15:51:29 - [MESSAGE][PASSED] - All options with index in [39] are selected on object 'Object Repository/lab/Page_KDMC/select_--Select--Automatic x-r'

2018-05-22 15:51:29 - [TEST_STEP][PASSED] - setText: Text '10' is set on object 'Object Repository/lab/Page_KDMC/input_txttreat'

2018-05-22 15:51:29 - [MESSAGE][PASSED] - Text '10' is set on object 'Object Repository/lab/Page_KDMC/input_txttreat'

2018-05-22 15:51:29 - [TEST_STEP][PASSED] - click: Object: 'Object Repository/lab/Page_KDMC/button_Add' is clicked on

2018-05-22 15:51:29 - [MESSAGE][PASSED] - Object: 'Object Repository/lab/Page_KDMC/button_Add' is clicked on

2018-05-22 15:51:29 - [TEST_STEP][PASSED] - selectOptionByIndex: All options with index in [6] are selected on object 'Object Repository/lab/Page_KDMC/select_--Select--Schedule 4X-r'

2018-05-22 15:51:29 - [MESSAGE][PASSED] - All options with index in [6] are selected on object 'Object Repository/lab/Page_KDMC/select_--Select--Schedule 4X-r'

2018-05-22 15:51:29 - [TEST_STEP][PASSED] - selectOptionByIndex: All options with index in [40] are selected on object 'Object Repository/lab/Page_KDMC/select_--Select--Automatic x-r'

2018-05-22 15:51:30 - [MESSAGE][PASSED] - All options with index in [40] are selected on object 'Object Repository/lab/Page_KDMC/select_--Select--Automatic x-r'

2018-05-22 15:51:30 - [TEST_STEP][PASSED] - setText: Text '10' is set on object 'Object Repository/lab/Page_KDMC/input_txttreat'

2018-05-22 15:51:30 - [MESSAGE][PASSED] - Text '10' is set on object 'Object Repository/lab/Page_KDMC/input_txttreat'

2018-05-22 15:51:30 - [TEST_STEP][PASSED] - click: Object: 'Object Repository/lab/Page_KDMC/button_Add' is clicked on

2018-05-22 15:51:30 - [MESSAGE][PASSED] - Object: 'Object Repository/lab/Page_KDMC/button_Add' is clicked on

2018-05-22 15:51:30 - [TEST_STEP][PASSED] - selectOptionByIndex: All options with index in [6] are selected on object 'Object Repository/lab/Page_KDMC/select_--Select--Schedule 4X-r'

2018-05-22 15:51:30 - [MESSAGE][PASSED] - All options with index in [6] are selected on object 'Object Repository/lab/Page_KDMC/select_--Select--Schedule 4X-r'

2018-05-22 15:51:30 - [TEST_STEP][PASSED] - selectOptionByIndex: All options with index in [41] are selected on object 'Object Repository/lab/Page_KDMC/select_--Select--Automatic x-r'

2018-05-22 15:51:30 - [MESSAGE][PASSED] - All options with index in [41] are selected on object 'Object Repository/lab/Page_KDMC/select_--Select--Automatic x-r'

2018-05-22 15:51:30 - [TEST_STEP][PASSED] - setText: Text '10' is set on object 'Object Repository/lab/Page_KDMC/input_txttreat'

2018-05-22 15:51:30 - [MESSAGE][PASSED] - Text '10' is set on object 'Object Repository/lab/Page_KDMC/input_txttreat'

2018-05-22 15:51:30 - [TEST_STEP][PASSED] - click: Object: 'Object Repository/lab/Page_KDMC/button_Add' is clicked on

2018-05-22 15:51:31 - [MESSAGE][PASSED] - Object: 'Object Repository/lab/Page_KDMC/button_Add' is clicked on

2018-05-22 15:51:31 - [TEST_STEP][PASSED] - selectOptionByIndex: All options with index in [6] are selected on object 'Object Repository/lab/Page_KDMC/select_--Select--Schedule 4X-r'

2018-05-22 15:51:31 - [MESSAGE][PASSED] - All options with index in [6] are selected on object 'Object Repository/lab/Page_KDMC/select_--Select--Schedule 4X-r'

2018-05-22 15:51:31 - [TEST_STEP][PASSED] - selectOptionByIndex: All options with index in [42] are selected on object 'Object Repository/lab/Page_KDMC/select_--Select--Automatic x-r'

2018-05-22 15:51:31 - [MESSAGE][PASSED] - All options with index in [42] are selected on object 'Object Repository/lab/Page_KDMC/select_--Select--Automatic x-r'

2018-05-22 15:51:31 - [TEST_STEP][PASSED] - setText: Text '10' is set on object 'Object Repository/lab/Page_KDMC/input_txttreat'

2018-05-22 15:51:31 - [MESSAGE][PASSED] - Text '10' is set on object 'Object Repository/lab/Page_KDMC/input_txttreat'

2018-05-22 15:51:31 - [TEST_STEP][PASSED] - click: Object: 'Object Repository/lab/Page_KDMC/button_Add' is clicked on

2018-05-22 15:51:31 - [MESSAGE][PASSED] - Object: 'Object Repository/lab/Page_KDMC/button_Add' is clicked on

2018-05-22 15:51:31 - [TEST_STEP][PASSED] - selectOptionByIndex: All options with index in [6] are selected on object 'Object Repository/lab/Page_KDMC/select_--Select--Schedule 4X-r'

2018-05-22 15:51:32 - [MESSAGE][PASSED] - All options with index in [6] are selected on object 'Object Repository/lab/Page_KDMC/select_--Select--Schedule 4X-r'

2018-05-22 15:51:32 - [TEST_STEP][PASSED] - selectOptionByIndex: All options with index in [43] are selected on object 'Object Repository/lab/Page_KDMC/select_--Select--Automatic x-r'

2018-05-22 15:51:32 - [MESSAGE][PASSED] - All options with index in [43] are selected on object 'Object Repository/lab/Page_KDMC/select_--Select--Automatic x-r'

2018-05-22 15:51:32 - [TEST_STEP][PASSED] - setText: Text '10' is set on object 'Object Repository/lab/Page_KDMC/input_txttreat'

2018-05-22 15:51:32 - [MESSAGE][PASSED] - Text '10' is set on object 'Object Repository/lab/Page_KDMC/input_txttreat'

2018-05-22 15:51:32 - [TEST_STEP][PASSED] - click: Object: 'Object Repository/lab/Page_KDMC/button_Add' is clicked on

2018-05-22 15:51:32 - [MESSAGE][PASSED] - Object: 'Object Repository/lab/Page_KDMC/button_Add' is clicked on

2018-05-22 15:51:32 - [TEST_STEP][PASSED] - selectOptionByIndex: All options with index in [6] are selected on object 'Object Repository/lab/Page_KDMC/select_--Select--Schedule 4X-r'

2018-05-22 15:51:32 - [MESSAGE][PASSED] - All options with index in [6] are selected on object 'Object Repository/lab/Page_KDMC/select_--Select--Schedule 4X-r'

2018-05-22 15:51:32 - [TEST_STEP][PASSED] - selectOptionByIndex: All options with index in [44] are selected on object 'Object Repository/lab/Page_KDMC/select_--Select--Automatic x-r'

2018-05-22 15:51:33 - [MESSAGE][PASSED] - All options with index in [44] are selected on object 'Object Repository/lab/Page_KDMC/select_--Select--Automatic x-r'

2018-05-22 15:51:33 - [TEST_STEP][PASSED] - setText: Text '10' is set on object 'Object Repository/lab/Page_KDMC/input_txttreat'

2018-05-22 15:51:33 - [MESSAGE][PASSED] - Text '10' is set on object 'Object Repository/lab/Page_KDMC/input_txttreat'

2018-05-22 15:51:33 - [TEST_STEP][PASSED] - click: Object: 'Object Repository/lab/Page_KDMC/button_Add' is clicked on

2018-05-22 15:51:33 - [MESSAGE][PASSED] - Object: 'Object Repository/lab/Page_KDMC/button_Add' is clicked on

2018-05-22 15:51:33 - [TEST_STEP][PASSED] - selectOptionByIndex: All options with index in [6] are selected on object 'Object Repository/lab/Page_KDMC/select_--Select--Schedule 4X-r'

2018-05-22 15:51:33 - [MESSAGE][PASSED] - All options with index in [6] are selected on object 'Object Repository/lab/Page_KDMC/select_--Select--Schedule 4X-r'

2018-05-22 15:51:33 - [TEST_STEP][PASSED] - selectOptionByIndex: All options with index in [45] are selected on object 'Object Repository/lab/Page_KDMC/select_--Select--Automatic x-r'

2018-05-22 15:51:34 - [MESSAGE][PASSED] - All options with index in [45] are selected on object 'Object Repository/lab/Page_KDMC/select_--Select--Automatic x-r'

2018-05-22 15:51:34 - [TEST_STEP][PASSED] - setText: Text '10' is set on object 'Object Repository/lab/Page_KDMC/input_txttreat'

2018-05-22 15:51:34 - [MESSAGE][PASSED] - Text '10' is set on object 'Object Repository/lab/Page_KDMC/input_txttreat'

2018-05-22 15:51:34 - [TEST_STEP][PASSED] - click: Object: 'Object Repository/lab/Page_KDMC/button_Add' is clicked on

2018-05-22 15:51:34 - [MESSAGE][PASSED] - Object: 'Object Repository/lab/Page_KDMC/button_Add' is clicked on

2018-05-22 15:51:34 - [TEST_STEP][PASSED] - selectOptionByIndex: All options with index in [6] are selected on object 'Object Repository/lab/Page_KDMC/select_--Select--Schedule 4X-r'

2018-05-22 15:51:34 - [MESSAGE][PASSED] - All options with index in [6] are selected on object 'Object Repository/lab/Page_KDMC/select_--Select--Schedule 4X-r'

2018-05-22 15:51:34 - [TEST_STEP][PASSED] - selectOptionByIndex: All options with index in [46] are selected on object 'Object Repository/lab/Page_KDMC/select_--Select--Automatic x-r'

2018-05-22 15:51:35 - [MESSAGE][PASSED] - All options with index in [46] are selected on object 'Object Repository/lab/Page_KDMC/select_--Select--Automatic x-r'

2018-05-22 15:51:35 - [TEST_STEP][PASSED] - setText: Text '10' is set on object 'Object Repository/lab/Page_KDMC/input_txttreat'

2018-05-22 15:51:35 - [MESSAGE][PASSED] - Text '10' is set on object 'Object Repository/lab/Page_KDMC/input_txttreat'

2018-05-22 15:51:35 - [TEST_STEP][PASSED] - click: Object: 'Object Repository/lab/Page_KDMC/button_Add' is clicked on

2018-05-22 15:51:35 - [MESSAGE][PASSED] - Object: 'Object Repository/lab/Page_KDMC/button_Add' is clicked on

2018-05-22 15:51:35 - [TEST_STEP][PASSED] - selectOptionByIndex: All options with index in [6] are selected on object 'Object Repository/lab/Page_KDMC/select_--Select--Schedule 4X-r'

2018-05-22 15:51:35 - [MESSAGE][PASSED] - All options with index in [6] are selected on object 'Object Repository/lab/Page_KDMC/select_--Select--Schedule 4X-r'

2018-05-22 15:51:35 - [TEST_STEP][PASSED] - selectOptionByIndex: All options with index in [47] are selected on object 'Object Repository/lab/Page_KDMC/select_--Select--Automatic x-r'

2018-05-22 15:51:36 - [MESSAGE][PASSED] - All options with index in [47] are selected on object 'Object Repository/lab/Page_KDMC/select_--Select--Automatic x-r'

2018-05-22 15:51:36 - [TEST_STEP][PASSED] - setText: Text '10' is set on object 'Object Repository/lab/Page_KDMC/input_txttreat'

2018-05-22 15:51:36 - [MESSAGE][PASSED] - Text '10' is set on object 'Object Repository/lab/Page_KDMC/input_txttreat'

2018-05-22 15:51:36 - [TEST_STEP][PASSED] - click: Object: 'Object Repository/lab/Page_KDMC/button_Add' is clicked on

2018-05-22 15:51:36 - [MESSAGE][PASSED] - Object: 'Object Repository/lab/Page_KDMC/button_Add' is clicked on

2018-05-22 15:51:36 - [TEST_STEP][PASSED] - selectOptionByIndex: All options with index in [6] are selected on object 'Object Repository/lab/Page_KDMC/select_--Select--Schedule 4X-r'

2018-05-22 15:51:36 - [MESSAGE][PASSED] - All options with index in [6] are selected on object 'Object Repository/lab/Page_KDMC/select_--Select--Schedule 4X-r'

2018-05-22 15:51:36 - [TEST_STEP][PASSED] - selectOptionByIndex: All options with index in [48] are selected on object 'Object Repository/lab/Page_KDMC/select_--Select--Automatic x-r'

2018-05-22 15:51:37 - [MESSAGE][PASSED] - All options with index in [48] are selected on object 'Object Repository/lab/Page_KDMC/select_--Select--Automatic x-r'

2018-05-22 15:51:37 - [TEST_STEP][PASSED] - setText: Text '10' is set on object 'Object Repository/lab/Page_KDMC/input_txttreat'

2018-05-22 15:51:37 - [MESSAGE][PASSED] - Text '10' is set on object 'Object Repository/lab/Page_KDMC/input_txttreat'

2018-05-22 15:51:37 - [TEST_STEP][PASSED] - click: Object: 'Object Repository/lab/Page_KDMC/button_Add' is clicked on

2018-05-22 15:51:37 - [MESSAGE][PASSED] - Object: 'Object Repository/lab/Page_KDMC/button_Add' is clicked on

2018-05-22 15:51:37 - [TEST_STEP][PASSED] - selectOptionByIndex: All options with index in [6] are selected on object 'Object Repository/lab/Page_KDMC/select_--Select--Schedule 4X-r'

2018-05-22 15:51:37 - [MESSAGE][PASSED] - All options with index in [6] are selected on object 'Object Repository/lab/Page_KDMC/select_--Select--Schedule 4X-r'

2018-05-22 15:51:37 - [TEST_STEP][PASSED] - selectOptionByIndex: All options with index in [49] are selected on object 'Object Repository/lab/Page_KDMC/select_--Select--Automatic x-r'

2018-05-22 15:51:37 - [MESSAGE][PASSED] - All options with index in [49] are selected on object 'Object Repository/lab/Page_KDMC/select_--Select--Automatic x-r'

2018-05-22 15:51:37 - [TEST_STEP][FAILED] - setText: Unable to set text '10' of object 'Object Repository/lab/Page_KDMC/input_txttreat' (Root cause: org.openqa.selenium.WebDriverException: unknown error: cannot focus element
  (Session info: chrome=66.0.3359.181)
  (Driver info: chromedriver=2.35.528161 (5b82f2d2aae0ca24b877009200ced9065a772e73),platform=Windows NT 10.0.17134 x86_64) (WARNING: The server did not provide any stacktrace information)
Command duration or timeout: 0 milliseconds
Build info: version: '3.7.1', revision: '8a0099a', time: '2017-11-06T21:07:36.161Z'
System info: host: 'DESKTOP-BLFTK83', ip: '169.254.189.85', os.name: 'Windows 10', os.arch: 'amd64', os.version: '10.0', java.version: '1.8.0_102'
Driver info: com.kms.katalon.selenium.driver.CChromeDriver
Capabilities {acceptInsecureCerts: false, acceptSslCerts: false, applicationCacheEnabled: false, browserConnectionEnabled: false, browserName: chrome, chrome: {chromedriverVersion: 2.35.528161 (5b82f2d2aae0ca..., userDataDir: C:\Users\QUALIT~1\AppData\L...}, cssSelectorsEnabled: true, databaseEnabled: false, handlesAlerts: true, hasTouchScreen: false, javascriptEnabled: true, locationContextEnabled: true, mobileEmulationEnabled: false, nativeEvents: true, networkConnectionEnabled: false, pageLoadStrategy: normal, platform: XP, platformName: XP, rotatable: false, setWindowRect: true, takesHeapSnapshot: true, takesScreenshot: true, unexpectedAlertBehaviour: , unhandledPromptBehavior: , version: 66.0.3359.181, webStorageEnabled: true}
Session ID: 7e4f58eea46e7c103dd45a4f0231a77c)

2018-05-22 15:51:38 - [MESSAGE][FAILED] - Unable to set text '10' of object 'Object Repository/lab/Page_KDMC/input_txttreat' (Root cause: org.openqa.selenium.WebDriverException: unknown error: cannot focus element
  (Session info: chrome=66.0.3359.181)
  (Driver info: chromedriver=2.35.528161 (5b82f2d2aae0ca24b877009200ced9065a772e73),platform=Windows NT 10.0.17134 x86_64) (WARNING: The server did not provide any stacktrace information)
Command duration or timeout: 0 milliseconds
Build info: version: '3.7.1', revision: '8a0099a', time: '2017-11-06T21:07:36.161Z'
System info: host: 'DESKTOP-BLFTK83', ip: '169.254.189.85', os.name: 'Windows 10', os.arch: 'amd64', os.version: '10.0', java.version: '1.8.0_102'
Driver info: com.kms.katalon.selenium.driver.CChromeDriver
Capabilities {acceptInsecureCerts: false, acceptSslCerts: false, applicationCacheEnabled: false, browserConnectionEnabled: false, browserName: chrome, chrome: {chromedriverVersion: 2.35.528161 (5b82f2d2aae0ca..., userDataDir: C:\Users\QUALIT~1\AppData\L...}, cssSelectorsEnabled: true, databaseEnabled: false, handlesAlerts: true, hasTouchScreen: false, javascriptEnabled: true, locationContextEnabled: true, mobileEmulationEnabled: false, nativeEvents: true, networkConnectionEnabled: false, pageLoadStrategy: normal, platform: XP, platformName: XP, rotatable: false, setWindowRect: true, takesHeapSnapshot: true, takesScreenshot: true, unexpectedAlertBehaviour: , unhandledPromptBehavior: , version: 66.0.3359.181, webStorageEnabled: true}
Session ID: 7e4f58eea46e7c103dd45a4f0231a77c)
[[ATTACHMENT|C:\\Users\\Quality Analyst\\Katalon Studio\\ds\\Reports\\Investigation_Suite\\20180522_153913\\1526984497962.png]]]]></system-out>
         <system-err><![CDATA[2018-05-22 15:50:49 - [TEST_CASE][FAILED] - Test Cases/INVESTIGATION TEST CASES/TC_INV_006 Verify Schedule 11 Investigation Request Are Working Successfully Or No: Test Cases/INVESTIGATION TEST CASES/TC_INV_006 Verify Schedule 11 Investigation Request Are Working Successfully Or No FAILED because (of) Unable to set text '10' of object 'Object Repository/lab/Page_KDMC/input_txttreat' (Root cause: org.openqa.selenium.WebDriverException: unknown error: cannot focus element
  (Session info: chrome=66.0.3359.181)
  (Driver info: chromedriver=2.35.528161 (5b82f2d2aae0ca24b877009200ced9065a772e73),platform=Windows NT 10.0.17134 x86_64) (WARNING: The server did not provide any stacktrace information)
Command duration or timeout: 0 milliseconds
Build info: version: '3.7.1', revision: '8a0099a', time: '2017-11-06T21:07:36.161Z'
System info: host: 'DESKTOP-BLFTK83', ip: '169.254.189.85', os.name: 'Windows 10', os.arch: 'amd64', os.version: '10.0', java.version: '1.8.0_102'
Driver info: com.kms.katalon.selenium.driver.CChromeDriver
Capabilities {acceptInsecureCerts: false, acceptSslCerts: false, applicationCacheEnabled: false, browserConnectionEnabled: false, browserName: chrome, chrome: {chromedriverVersion: 2.35.528161 (5b82f2d2aae0ca..., userDataDir: C:\Users\QUALIT~1\AppData\L...}, cssSelectorsEnabled: true, databaseEnabled: false, handlesAlerts: true, hasTouchScreen: false, javascriptEnabled: true, locationContextEnabled: true, mobileEmulationEnabled: false, nativeEvents: true, networkConnectionEnabled: false, pageLoadStrategy: normal, platform: XP, platformName: XP, rotatable: false, setWindowRect: true, takesHeapSnapshot: true, takesScreenshot: true, unexpectedAlertBehaviour: , unhandledPromptBehavior: , version: 66.0.3359.181, webStorageEnabled: true}
Session ID: 7e4f58eea46e7c103dd45a4f0231a77c)]]></system-err>
      </testcase>
      <system-out><![CDATA[2018-05-22 15:39:24 - [TEST_SUITE][FAILED] - Investigation_Suite: Test Cases/INVESTIGATION TEST CASES/TC_INV_001 Verify Schedule 4 Investigation Request Are Working Successfully Or Not FAILED because (of) Unable to click on object 'Object Repository/lab/Page_Store/a_dropdown-toggle' (Root cause: com.kms.katalon.core.webui.exception.WebElementNotFoundException: Web element with id: 'Object Repository/lab/Page_Store/a_dropdown-toggle' located by 'By.xpath: /html[1]/body[@class="skin-blue  pace-done"]/header[@class="header"]/div[@class="row"]/nav[@class="navbar navbar-static-top"]/div[@class="navbar-right"]/ul[@class="nav navbar-nav"]/li[@class="dropdown user user-menu"]/a[@class="dropdown-toggle"][count(. | //*[@class = 'dropdown-toggle' and @data-toggle = 'dropdown']) = count(//*[@class = 'dropdown-toggle' and @data-toggle = 'dropdown'])]' not found)]]></system-out>
      <system-err><![CDATA[2018-05-22 15:39:24 - [TEST_SUITE][FAILED] - Investigation_Suite: Test Cases/INVESTIGATION TEST CASES/TC_INV_001 Verify Schedule 4 Investigation Request Are Working Successfully Or Not FAILED because (of) Unable to click on object 'Object Repository/lab/Page_Store/a_dropdown-toggle' (Root cause: com.kms.katalon.core.webui.exception.WebElementNotFoundException: Web element with id: 'Object Repository/lab/Page_Store/a_dropdown-toggle' located by 'By.xpath: /html[1]/body[@class="skin-blue  pace-done"]/header[@class="header"]/div[@class="row"]/nav[@class="navbar navbar-static-top"]/div[@class="navbar-right"]/ul[@class="nav navbar-nav"]/li[@class="dropdown user user-menu"]/a[@class="dropdown-toggle"][count(. | //*[@class = 'dropdown-toggle' and @data-toggle = 'dropdown']) = count(//*[@class = 'dropdown-toggle' and @data-toggle = 'dropdown'])]' not found)]]></system-err>
   </testsuite>
</testsuites>
