<?xml version="1.0" encoding="UTF-8"?>
<testsuites name="Emergency_Suit" time="752" tests="2" failures="4" errors="1">
   <testsuite name="Emergency_Suit" tests="2" failures="4" errors="1" time="752" timestamp="2018-05-14 14:32:11" hostname="Quality Analyst - DESKTOP-BLFTK83" id="Test Suites/Emergency_Suit">
      <properties>
         <property name="deviceName" value=""/>
         <property name="devicePlatform" value=""/>
         <property name="logFolder" value="C:\\Users\\Quality Analyst\\Katalon Studio\\ds\\Reports\\Emergency_Suit\\20180514_143204"/>
         <property name="logFiles" value="C:\\Users\\Quality Analyst\\Katalon Studio\\ds\\Reports\\Emergency_Suit\\20180514_143204\\execution0.log"/>
         <property name="attachments" value="C:\\Users\\Quality Analyst\\Katalon Studio\\ds\\Reports\\Emergency_Suit\\20180514_143204\\1526288566865.png, C:\\Users\\Quality Analyst\\Katalon Studio\\ds\\Reports\\Emergency_Suit\\20180514_143204\\1526288618335.png, C:\\Users\\Quality Analyst\\Katalon Studio\\ds\\Reports\\Emergency_Suit\\20180514_143204\\1526289282811.png"/>
         <property name="hostName" value="Quality Analyst - DESKTOP-BLFTK83"/>
         <property name="os" value="Windows 10 64bit"/>
         <property name="katalonVersion" value="5.4.1.1"/>
         <property name="browser" value="Chrome 66.0.3359.139"/>
         <property name="hostAddress" value="192.168.71.2"/>
         <property name="sessionId" value="155ec2c89a2fad09cd0ceb535d9b0239"/>
         <property name="seleniumVersion" value="3.7.1"/>
         <property name="proxyInformation" value="ProxyInformation{proxyOption=NO_PROXY, proxyServerType=HTTP, password=, proxyServerAddress=, proxyServerPort=0}"/>
         <property name="platform" value="Windows 10"/>
      </properties>
      <testcase name="Test Cases/EMERGENCY TEST CASES/TC_ER_001 Verify Schedule 1 Emergency  Request Are Working Successfully Or Not" classname="Test Cases/EMERGENCY TEST CASES/TC_ER_001 Verify Schedule 1 Emergency  Request Are Working Successfully Or Not" status="FAILED">
         <failure type="FAILED" message="Unable to set text '10' of object 'Object Repository/Emergency/Page_KDMC - Emergency/input_txttreat' (Root cause: org.openqa.selenium.WebDriverException: unknown error: cannot focus element
  (Session info: chrome=66.0.3359.139)
  (Driver info: chromedriver=2.35.528161 (5b82f2d2aae0ca24b877009200ced9065a772e73),platform=Windows NT 10.0.16299 x86_64) (WARNING: The server did not provide any stacktrace information)
Command duration or timeout: 0 milliseconds
Build info: version: '3.7.1', revision: '8a0099a', time: '2017-11-06T21:07:36.161Z'
System info: host: 'DESKTOP-BLFTK83', ip: '192.168.71.2', os.name: 'Windows 10', os.arch: 'amd64', os.version: '10.0', java.version: '1.8.0_102'
Driver info: com.kms.katalon.selenium.driver.CChromeDriver
Capabilities {acceptInsecureCerts: false, acceptSslCerts: false, applicationCacheEnabled: false, browserConnectionEnabled: false, browserName: chrome, chrome: {chromedriverVersion: 2.35.528161 (5b82f2d2aae0ca..., userDataDir: C:\Users\QUALIT~1\AppData\L...}, cssSelectorsEnabled: true, databaseEnabled: false, handlesAlerts: true, hasTouchScreen: false, javascriptEnabled: true, locationContextEnabled: true, mobileEmulationEnabled: false, nativeEvents: true, networkConnectionEnabled: false, pageLoadStrategy: normal, platform: XP, platformName: XP, rotatable: false, setWindowRect: true, takesHeapSnapshot: true, takesScreenshot: true, unexpectedAlertBehaviour: , unhandledPromptBehavior: , version: 66.0.3359.139, webStorageEnabled: true}
Session ID: 4707f15fdb615fd33e866dda4dfc7d5c)"/>
         <system-out><![CDATA[2018-05-14 14:32:11 - [TEST_CASE][FAILED] - Test Cases/EMERGENCY TEST CASES/TC_ER_001 Verify Schedule 1 Emergency  Request Are Working Successfully Or Not: Test Cases/EMERGENCY TEST CASES/TC_ER_001 Verify Schedule 1 Emergency  Request Are Working Successfully Or Not FAILED because (of) Unable to set text '10' of object 'Object Repository/Emergency/Page_KDMC - Emergency/input_txttreat' (Root cause: org.openqa.selenium.WebDriverException: unknown error: cannot focus element
  (Session info: chrome=66.0.3359.139)
  (Driver info: chromedriver=2.35.528161 (5b82f2d2aae0ca24b877009200ced9065a772e73),platform=Windows NT 10.0.16299 x86_64) (WARNING: The server did not provide any stacktrace information)
Command duration or timeout: 0 milliseconds
Build info: version: '3.7.1', revision: '8a0099a', time: '2017-11-06T21:07:36.161Z'
System info: host: 'DESKTOP-BLFTK83', ip: '192.168.71.2', os.name: 'Windows 10', os.arch: 'amd64', os.version: '10.0', java.version: '1.8.0_102'
Driver info: com.kms.katalon.selenium.driver.CChromeDriver
Capabilities {acceptInsecureCerts: false, acceptSslCerts: false, applicationCacheEnabled: false, browserConnectionEnabled: false, browserName: chrome, chrome: {chromedriverVersion: 2.35.528161 (5b82f2d2aae0ca..., userDataDir: C:\Users\QUALIT~1\AppData\L...}, cssSelectorsEnabled: true, databaseEnabled: false, handlesAlerts: true, hasTouchScreen: false, javascriptEnabled: true, locationContextEnabled: true, mobileEmulationEnabled: false, nativeEvents: true, networkConnectionEnabled: false, pageLoadStrategy: normal, platform: XP, platformName: XP, rotatable: false, setWindowRect: true, takesHeapSnapshot: true, takesScreenshot: true, unexpectedAlertBehaviour: , unhandledPromptBehavior: , version: 66.0.3359.139, webStorageEnabled: true}
Session ID: 4707f15fdb615fd33e866dda4dfc7d5c)

2018-05-14 14:32:11 - [TEST_STEP][PASSED] - openBrowser: Browser is opened with url: ''

2018-05-14 14:32:14 - [MESSAGE][PASSED] - Browser is opened with url: ''

2018-05-14 14:32:14 - [TEST_STEP][PASSED] - Statement - out.println("Verify Schedule 1 Emergency  Request Are Working Successfully Or Not"): null

2018-05-14 14:32:14 - [TEST_STEP][PASSED] - navigateToUrl: Navigate to 'http://192.168.137.1/Multihospital_New/EmergencyLogin.aspx' successfully

2018-05-14 14:32:19 - [MESSAGE][PASSED] - Navigate to 'http://192.168.137.1/Multihospital_New/EmergencyLogin.aspx' successfully

2018-05-14 14:32:19 - [TEST_STEP][PASSED] - maximizeWindow: Current window maximized

2018-05-14 14:32:20 - [MESSAGE][PASSED] - Current window maximized

2018-05-14 14:32:20 - [TEST_STEP][PASSED] - setText: Text 'nivetha' is set on object 'Object Repository/Emergency/Page_Emergency login/input_txtusername'

2018-05-14 14:32:21 - [MESSAGE][PASSED] - Text 'nivetha' is set on object 'Object Repository/Emergency/Page_Emergency login/input_txtusername'

2018-05-14 14:32:21 - [TEST_STEP][PASSED] - setText: Text '123' is set on object 'Object Repository/Emergency/Page_Emergency login/input_txtpassword'

2018-05-14 14:32:21 - [MESSAGE][PASSED] - Text '123' is set on object 'Object Repository/Emergency/Page_Emergency login/input_txtpassword'

2018-05-14 14:32:21 - [TEST_STEP][PASSED] - delay: Delayed 3 second(s)

2018-05-14 14:32:24 - [MESSAGE][PASSED] - Delayed 3 second(s)

2018-05-14 14:32:24 - [TEST_STEP][PASSED] - click: Object: 'Object Repository/Emergency/Page_Emergency login/button_Sign in' is clicked on

2018-05-14 14:32:25 - [MESSAGE][PASSED] - Object: 'Object Repository/Emergency/Page_Emergency login/button_Sign in' is clicked on

2018-05-14 14:32:25 - [TEST_STEP][PASSED] - delay: Delayed 3 second(s)

2018-05-14 14:32:28 - [MESSAGE][PASSED] - Delayed 3 second(s)

2018-05-14 14:32:28 - [TEST_STEP][PASSED] - click: Object: 'Object Repository/Emergency/Page_KDMC - Emergency/a_Store Request' is clicked on

2018-05-14 14:32:29 - [MESSAGE][PASSED] - Object: 'Object Repository/Emergency/Page_KDMC - Emergency/a_Store Request' is clicked on

2018-05-14 14:32:29 - [TEST_STEP][PASSED] - delay: Delayed 2 second(s)

2018-05-14 14:32:31 - [MESSAGE][PASSED] - Delayed 2 second(s)

2018-05-14 14:32:31 - [TEST_STEP][PASSED] - click: Object: 'Object Repository/Emergency/Page_KDMC - Emergency/a_Medicine Request' is clicked on

2018-05-14 14:32:31 - [MESSAGE][PASSED] - Object: 'Object Repository/Emergency/Page_KDMC - Emergency/a_Medicine Request' is clicked on

2018-05-14 14:32:31 - [TEST_STEP][PASSED] - delay: Delayed 2 second(s)

2018-05-14 14:32:33 - [MESSAGE][PASSED] - Delayed 2 second(s)

2018-05-14 14:32:33 - [TEST_STEP][PASSED] - selectOptionByIndex: All options with index in [1] are selected on object 'Object Repository/Emergency/Page_KDMC - Emergency/select_--Select--Schedule 1Inj'

2018-05-14 14:32:34 - [MESSAGE][PASSED] - All options with index in [1] are selected on object 'Object Repository/Emergency/Page_KDMC - Emergency/select_--Select--Schedule 1Inj'

2018-05-14 14:32:34 - [TEST_STEP][PASSED] - Statement - seletedoptions = com.kms.katalon.core.webui.keyword.WebUiBuiltInKeywords.getNumberOfTotalOption(com.kms.katalon.core.testobject.ObjectRepository.findTestObject(Emergency/Page_KDMC - Emergency/select_--Select--Adernaline 0.)): 64 options of object 'Object Repository/Emergency/Page_KDMC - Emergency/select_--Select--Adernaline 0.' counted

2018-05-14 14:32:34 - [MESSAGE][PASSED] - 64 options of object 'Object Repository/Emergency/Page_KDMC - Emergency/select_--Select--Adernaline 0.' counted

2018-05-14 14:32:34 - [TEST_STEP][FAILED] - Statement - For ([u = 1, u < seletedoptions, (u++)]): Unable to set text '10' of object 'Object Repository/Emergency/Page_KDMC - Emergency/input_txttreat' (Root cause: org.openqa.selenium.WebDriverException: unknown error: cannot focus element
  (Session info: chrome=66.0.3359.139)
  (Driver info: chromedriver=2.35.528161 (5b82f2d2aae0ca24b877009200ced9065a772e73),platform=Windows NT 10.0.16299 x86_64) (WARNING: The server did not provide any stacktrace information)
Command duration or timeout: 0 milliseconds
Build info: version: '3.7.1', revision: '8a0099a', time: '2017-11-06T21:07:36.161Z'
System info: host: 'DESKTOP-BLFTK83', ip: '192.168.71.2', os.name: 'Windows 10', os.arch: 'amd64', os.version: '10.0', java.version: '1.8.0_102'
Driver info: com.kms.katalon.selenium.driver.CChromeDriver
Capabilities {acceptInsecureCerts: false, acceptSslCerts: false, applicationCacheEnabled: false, browserConnectionEnabled: false, browserName: chrome, chrome: {chromedriverVersion: 2.35.528161 (5b82f2d2aae0ca..., userDataDir: C:\Users\QUALIT~1\AppData\L...}, cssSelectorsEnabled: true, databaseEnabled: false, handlesAlerts: true, hasTouchScreen: false, javascriptEnabled: true, locationContextEnabled: true, mobileEmulationEnabled: false, nativeEvents: true, networkConnectionEnabled: false, pageLoadStrategy: normal, platform: XP, platformName: XP, rotatable: false, setWindowRect: true, takesHeapSnapshot: true, takesScreenshot: true, unexpectedAlertBehaviour: , unhandledPromptBehavior: , version: 66.0.3359.139, webStorageEnabled: true}
Session ID: 4707f15fdb615fd33e866dda4dfc7d5c)

2018-05-14 14:32:34 - [TEST_STEP][PASSED] - selectOptionByIndex: All options with index in [1] are selected on object 'Object Repository/Emergency/Page_KDMC - Emergency/select_--Select--Schedule 1Inj'

2018-05-14 14:32:34 - [MESSAGE][PASSED] - All options with index in [1] are selected on object 'Object Repository/Emergency/Page_KDMC - Emergency/select_--Select--Schedule 1Inj'

2018-05-14 14:32:34 - [TEST_STEP][PASSED] - selectOptionByIndex: All options with index in [1] are selected on object 'Object Repository/Emergency/Page_KDMC - Emergency/select_--Select--Adernaline 0.'

2018-05-14 14:32:34 - [MESSAGE][PASSED] - All options with index in [1] are selected on object 'Object Repository/Emergency/Page_KDMC - Emergency/select_--Select--Adernaline 0.'

2018-05-14 14:32:34 - [TEST_STEP][PASSED] - setText: Text '10' is set on object 'Object Repository/Emergency/Page_KDMC - Emergency/input_txttreat'

2018-05-14 14:32:34 - [MESSAGE][PASSED] - Text '10' is set on object 'Object Repository/Emergency/Page_KDMC - Emergency/input_txttreat'

2018-05-14 14:32:34 - [TEST_STEP][PASSED] - click: Object: 'Object Repository/Emergency/Page_KDMC - Emergency/button_Add' is clicked on

2018-05-14 14:32:35 - [MESSAGE][PASSED] - Object: 'Object Repository/Emergency/Page_KDMC - Emergency/button_Add' is clicked on

2018-05-14 14:32:35 - [TEST_STEP][PASSED] - selectOptionByIndex: All options with index in [1] are selected on object 'Object Repository/Emergency/Page_KDMC - Emergency/select_--Select--Schedule 1Inj'

2018-05-14 14:32:35 - [MESSAGE][PASSED] - All options with index in [1] are selected on object 'Object Repository/Emergency/Page_KDMC - Emergency/select_--Select--Schedule 1Inj'

2018-05-14 14:32:35 - [TEST_STEP][PASSED] - selectOptionByIndex: All options with index in [2] are selected on object 'Object Repository/Emergency/Page_KDMC - Emergency/select_--Select--Adernaline 0.'

2018-05-14 14:32:35 - [MESSAGE][PASSED] - All options with index in [2] are selected on object 'Object Repository/Emergency/Page_KDMC - Emergency/select_--Select--Adernaline 0.'

2018-05-14 14:32:35 - [TEST_STEP][PASSED] - setText: Text '10' is set on object 'Object Repository/Emergency/Page_KDMC - Emergency/input_txttreat'

2018-05-14 14:32:35 - [MESSAGE][PASSED] - Text '10' is set on object 'Object Repository/Emergency/Page_KDMC - Emergency/input_txttreat'

2018-05-14 14:32:35 - [TEST_STEP][PASSED] - click: Object: 'Object Repository/Emergency/Page_KDMC - Emergency/button_Add' is clicked on

2018-05-14 14:32:35 - [MESSAGE][PASSED] - Object: 'Object Repository/Emergency/Page_KDMC - Emergency/button_Add' is clicked on

2018-05-14 14:32:35 - [TEST_STEP][PASSED] - selectOptionByIndex: All options with index in [1] are selected on object 'Object Repository/Emergency/Page_KDMC - Emergency/select_--Select--Schedule 1Inj'

2018-05-14 14:32:35 - [MESSAGE][PASSED] - All options with index in [1] are selected on object 'Object Repository/Emergency/Page_KDMC - Emergency/select_--Select--Schedule 1Inj'

2018-05-14 14:32:35 - [TEST_STEP][PASSED] - selectOptionByIndex: All options with index in [3] are selected on object 'Object Repository/Emergency/Page_KDMC - Emergency/select_--Select--Adernaline 0.'

2018-05-14 14:32:36 - [MESSAGE][PASSED] - All options with index in [3] are selected on object 'Object Repository/Emergency/Page_KDMC - Emergency/select_--Select--Adernaline 0.'

2018-05-14 14:32:36 - [TEST_STEP][PASSED] - setText: Text '10' is set on object 'Object Repository/Emergency/Page_KDMC - Emergency/input_txttreat'

2018-05-14 14:32:36 - [MESSAGE][PASSED] - Text '10' is set on object 'Object Repository/Emergency/Page_KDMC - Emergency/input_txttreat'

2018-05-14 14:32:36 - [TEST_STEP][PASSED] - click: Object: 'Object Repository/Emergency/Page_KDMC - Emergency/button_Add' is clicked on

2018-05-14 14:32:36 - [MESSAGE][PASSED] - Object: 'Object Repository/Emergency/Page_KDMC - Emergency/button_Add' is clicked on

2018-05-14 14:32:36 - [TEST_STEP][PASSED] - selectOptionByIndex: All options with index in [1] are selected on object 'Object Repository/Emergency/Page_KDMC - Emergency/select_--Select--Schedule 1Inj'

2018-05-14 14:32:36 - [MESSAGE][PASSED] - All options with index in [1] are selected on object 'Object Repository/Emergency/Page_KDMC - Emergency/select_--Select--Schedule 1Inj'

2018-05-14 14:32:36 - [TEST_STEP][PASSED] - selectOptionByIndex: All options with index in [4] are selected on object 'Object Repository/Emergency/Page_KDMC - Emergency/select_--Select--Adernaline 0.'

2018-05-14 14:32:36 - [MESSAGE][PASSED] - All options with index in [4] are selected on object 'Object Repository/Emergency/Page_KDMC - Emergency/select_--Select--Adernaline 0.'

2018-05-14 14:32:36 - [TEST_STEP][PASSED] - setText: Text '10' is set on object 'Object Repository/Emergency/Page_KDMC - Emergency/input_txttreat'

2018-05-14 14:32:36 - [MESSAGE][PASSED] - Text '10' is set on object 'Object Repository/Emergency/Page_KDMC - Emergency/input_txttreat'

2018-05-14 14:32:36 - [TEST_STEP][PASSED] - click: Object: 'Object Repository/Emergency/Page_KDMC - Emergency/button_Add' is clicked on

2018-05-14 14:32:36 - [MESSAGE][PASSED] - Object: 'Object Repository/Emergency/Page_KDMC - Emergency/button_Add' is clicked on

2018-05-14 14:32:36 - [TEST_STEP][PASSED] - selectOptionByIndex: All options with index in [1] are selected on object 'Object Repository/Emergency/Page_KDMC - Emergency/select_--Select--Schedule 1Inj'

2018-05-14 14:32:36 - [MESSAGE][PASSED] - All options with index in [1] are selected on object 'Object Repository/Emergency/Page_KDMC - Emergency/select_--Select--Schedule 1Inj'

2018-05-14 14:32:36 - [TEST_STEP][PASSED] - selectOptionByIndex: All options with index in [5] are selected on object 'Object Repository/Emergency/Page_KDMC - Emergency/select_--Select--Adernaline 0.'

2018-05-14 14:32:37 - [MESSAGE][PASSED] - All options with index in [5] are selected on object 'Object Repository/Emergency/Page_KDMC - Emergency/select_--Select--Adernaline 0.'

2018-05-14 14:32:37 - [TEST_STEP][PASSED] - setText: Text '10' is set on object 'Object Repository/Emergency/Page_KDMC - Emergency/input_txttreat'

2018-05-14 14:32:37 - [MESSAGE][PASSED] - Text '10' is set on object 'Object Repository/Emergency/Page_KDMC - Emergency/input_txttreat'

2018-05-14 14:32:37 - [TEST_STEP][PASSED] - click: Object: 'Object Repository/Emergency/Page_KDMC - Emergency/button_Add' is clicked on

2018-05-14 14:32:37 - [MESSAGE][PASSED] - Object: 'Object Repository/Emergency/Page_KDMC - Emergency/button_Add' is clicked on

2018-05-14 14:32:37 - [TEST_STEP][PASSED] - selectOptionByIndex: All options with index in [1] are selected on object 'Object Repository/Emergency/Page_KDMC - Emergency/select_--Select--Schedule 1Inj'

2018-05-14 14:32:37 - [MESSAGE][PASSED] - All options with index in [1] are selected on object 'Object Repository/Emergency/Page_KDMC - Emergency/select_--Select--Schedule 1Inj'

2018-05-14 14:32:37 - [TEST_STEP][PASSED] - selectOptionByIndex: All options with index in [6] are selected on object 'Object Repository/Emergency/Page_KDMC - Emergency/select_--Select--Adernaline 0.'

2018-05-14 14:32:37 - [MESSAGE][PASSED] - All options with index in [6] are selected on object 'Object Repository/Emergency/Page_KDMC - Emergency/select_--Select--Adernaline 0.'

2018-05-14 14:32:37 - [TEST_STEP][PASSED] - setText: Text '10' is set on object 'Object Repository/Emergency/Page_KDMC - Emergency/input_txttreat'

2018-05-14 14:32:37 - [MESSAGE][PASSED] - Text '10' is set on object 'Object Repository/Emergency/Page_KDMC - Emergency/input_txttreat'

2018-05-14 14:32:37 - [TEST_STEP][PASSED] - click: Object: 'Object Repository/Emergency/Page_KDMC - Emergency/button_Add' is clicked on

2018-05-14 14:32:37 - [MESSAGE][PASSED] - Object: 'Object Repository/Emergency/Page_KDMC - Emergency/button_Add' is clicked on

2018-05-14 14:32:37 - [TEST_STEP][PASSED] - selectOptionByIndex: All options with index in [1] are selected on object 'Object Repository/Emergency/Page_KDMC - Emergency/select_--Select--Schedule 1Inj'

2018-05-14 14:32:37 - [MESSAGE][PASSED] - All options with index in [1] are selected on object 'Object Repository/Emergency/Page_KDMC - Emergency/select_--Select--Schedule 1Inj'

2018-05-14 14:32:37 - [TEST_STEP][PASSED] - selectOptionByIndex: All options with index in [7] are selected on object 'Object Repository/Emergency/Page_KDMC - Emergency/select_--Select--Adernaline 0.'

2018-05-14 14:32:38 - [MESSAGE][PASSED] - All options with index in [7] are selected on object 'Object Repository/Emergency/Page_KDMC - Emergency/select_--Select--Adernaline 0.'

2018-05-14 14:32:38 - [TEST_STEP][PASSED] - setText: Text '10' is set on object 'Object Repository/Emergency/Page_KDMC - Emergency/input_txttreat'

2018-05-14 14:32:38 - [MESSAGE][PASSED] - Text '10' is set on object 'Object Repository/Emergency/Page_KDMC - Emergency/input_txttreat'

2018-05-14 14:32:38 - [TEST_STEP][PASSED] - click: Object: 'Object Repository/Emergency/Page_KDMC - Emergency/button_Add' is clicked on

2018-05-14 14:32:38 - [MESSAGE][PASSED] - Object: 'Object Repository/Emergency/Page_KDMC - Emergency/button_Add' is clicked on

2018-05-14 14:32:38 - [TEST_STEP][PASSED] - selectOptionByIndex: All options with index in [1] are selected on object 'Object Repository/Emergency/Page_KDMC - Emergency/select_--Select--Schedule 1Inj'

2018-05-14 14:32:38 - [MESSAGE][PASSED] - All options with index in [1] are selected on object 'Object Repository/Emergency/Page_KDMC - Emergency/select_--Select--Schedule 1Inj'

2018-05-14 14:32:38 - [TEST_STEP][PASSED] - selectOptionByIndex: All options with index in [8] are selected on object 'Object Repository/Emergency/Page_KDMC - Emergency/select_--Select--Adernaline 0.'

2018-05-14 14:32:38 - [MESSAGE][PASSED] - All options with index in [8] are selected on object 'Object Repository/Emergency/Page_KDMC - Emergency/select_--Select--Adernaline 0.'

2018-05-14 14:32:38 - [TEST_STEP][PASSED] - setText: Text '10' is set on object 'Object Repository/Emergency/Page_KDMC - Emergency/input_txttreat'

2018-05-14 14:32:38 - [MESSAGE][PASSED] - Text '10' is set on object 'Object Repository/Emergency/Page_KDMC - Emergency/input_txttreat'

2018-05-14 14:32:38 - [TEST_STEP][PASSED] - click: Object: 'Object Repository/Emergency/Page_KDMC - Emergency/button_Add' is clicked on

2018-05-14 14:32:38 - [MESSAGE][PASSED] - Object: 'Object Repository/Emergency/Page_KDMC - Emergency/button_Add' is clicked on

2018-05-14 14:32:38 - [TEST_STEP][PASSED] - selectOptionByIndex: All options with index in [1] are selected on object 'Object Repository/Emergency/Page_KDMC - Emergency/select_--Select--Schedule 1Inj'

2018-05-14 14:32:39 - [MESSAGE][PASSED] - All options with index in [1] are selected on object 'Object Repository/Emergency/Page_KDMC - Emergency/select_--Select--Schedule 1Inj'

2018-05-14 14:32:39 - [TEST_STEP][PASSED] - selectOptionByIndex: All options with index in [9] are selected on object 'Object Repository/Emergency/Page_KDMC - Emergency/select_--Select--Adernaline 0.'

2018-05-14 14:32:39 - [MESSAGE][PASSED] - All options with index in [9] are selected on object 'Object Repository/Emergency/Page_KDMC - Emergency/select_--Select--Adernaline 0.'

2018-05-14 14:32:39 - [TEST_STEP][PASSED] - setText: Text '10' is set on object 'Object Repository/Emergency/Page_KDMC - Emergency/input_txttreat'

2018-05-14 14:32:39 - [MESSAGE][PASSED] - Text '10' is set on object 'Object Repository/Emergency/Page_KDMC - Emergency/input_txttreat'

2018-05-14 14:32:39 - [TEST_STEP][PASSED] - click: Object: 'Object Repository/Emergency/Page_KDMC - Emergency/button_Add' is clicked on

2018-05-14 14:32:39 - [MESSAGE][PASSED] - Object: 'Object Repository/Emergency/Page_KDMC - Emergency/button_Add' is clicked on

2018-05-14 14:32:39 - [TEST_STEP][PASSED] - selectOptionByIndex: All options with index in [1] are selected on object 'Object Repository/Emergency/Page_KDMC - Emergency/select_--Select--Schedule 1Inj'

2018-05-14 14:32:39 - [MESSAGE][PASSED] - All options with index in [1] are selected on object 'Object Repository/Emergency/Page_KDMC - Emergency/select_--Select--Schedule 1Inj'

2018-05-14 14:32:39 - [TEST_STEP][PASSED] - selectOptionByIndex: All options with index in [10] are selected on object 'Object Repository/Emergency/Page_KDMC - Emergency/select_--Select--Adernaline 0.'

2018-05-14 14:32:39 - [MESSAGE][PASSED] - All options with index in [10] are selected on object 'Object Repository/Emergency/Page_KDMC - Emergency/select_--Select--Adernaline 0.'

2018-05-14 14:32:39 - [TEST_STEP][PASSED] - setText: Text '10' is set on object 'Object Repository/Emergency/Page_KDMC - Emergency/input_txttreat'

2018-05-14 14:32:39 - [MESSAGE][PASSED] - Text '10' is set on object 'Object Repository/Emergency/Page_KDMC - Emergency/input_txttreat'

2018-05-14 14:32:39 - [TEST_STEP][PASSED] - click: Object: 'Object Repository/Emergency/Page_KDMC - Emergency/button_Add' is clicked on

2018-05-14 14:32:40 - [MESSAGE][PASSED] - Object: 'Object Repository/Emergency/Page_KDMC - Emergency/button_Add' is clicked on

2018-05-14 14:32:40 - [TEST_STEP][PASSED] - selectOptionByIndex: All options with index in [1] are selected on object 'Object Repository/Emergency/Page_KDMC - Emergency/select_--Select--Schedule 1Inj'

2018-05-14 14:32:40 - [MESSAGE][PASSED] - All options with index in [1] are selected on object 'Object Repository/Emergency/Page_KDMC - Emergency/select_--Select--Schedule 1Inj'

2018-05-14 14:32:40 - [TEST_STEP][PASSED] - selectOptionByIndex: All options with index in [11] are selected on object 'Object Repository/Emergency/Page_KDMC - Emergency/select_--Select--Adernaline 0.'

2018-05-14 14:32:40 - [MESSAGE][PASSED] - All options with index in [11] are selected on object 'Object Repository/Emergency/Page_KDMC - Emergency/select_--Select--Adernaline 0.'

2018-05-14 14:32:40 - [TEST_STEP][PASSED] - setText: Text '10' is set on object 'Object Repository/Emergency/Page_KDMC - Emergency/input_txttreat'

2018-05-14 14:32:40 - [MESSAGE][PASSED] - Text '10' is set on object 'Object Repository/Emergency/Page_KDMC - Emergency/input_txttreat'

2018-05-14 14:32:40 - [TEST_STEP][PASSED] - click: Object: 'Object Repository/Emergency/Page_KDMC - Emergency/button_Add' is clicked on

2018-05-14 14:32:40 - [MESSAGE][PASSED] - Object: 'Object Repository/Emergency/Page_KDMC - Emergency/button_Add' is clicked on

2018-05-14 14:32:40 - [TEST_STEP][PASSED] - selectOptionByIndex: All options with index in [1] are selected on object 'Object Repository/Emergency/Page_KDMC - Emergency/select_--Select--Schedule 1Inj'

2018-05-14 14:32:40 - [MESSAGE][PASSED] - All options with index in [1] are selected on object 'Object Repository/Emergency/Page_KDMC - Emergency/select_--Select--Schedule 1Inj'

2018-05-14 14:32:40 - [TEST_STEP][PASSED] - selectOptionByIndex: All options with index in [12] are selected on object 'Object Repository/Emergency/Page_KDMC - Emergency/select_--Select--Adernaline 0.'

2018-05-14 14:32:40 - [MESSAGE][PASSED] - All options with index in [12] are selected on object 'Object Repository/Emergency/Page_KDMC - Emergency/select_--Select--Adernaline 0.'

2018-05-14 14:32:40 - [TEST_STEP][PASSED] - setText: Text '10' is set on object 'Object Repository/Emergency/Page_KDMC - Emergency/input_txttreat'

2018-05-14 14:32:41 - [MESSAGE][PASSED] - Text '10' is set on object 'Object Repository/Emergency/Page_KDMC - Emergency/input_txttreat'

2018-05-14 14:32:41 - [TEST_STEP][PASSED] - click: Object: 'Object Repository/Emergency/Page_KDMC - Emergency/button_Add' is clicked on

2018-05-14 14:32:41 - [MESSAGE][PASSED] - Object: 'Object Repository/Emergency/Page_KDMC - Emergency/button_Add' is clicked on

2018-05-14 14:32:41 - [TEST_STEP][PASSED] - selectOptionByIndex: All options with index in [1] are selected on object 'Object Repository/Emergency/Page_KDMC - Emergency/select_--Select--Schedule 1Inj'

2018-05-14 14:32:41 - [MESSAGE][PASSED] - All options with index in [1] are selected on object 'Object Repository/Emergency/Page_KDMC - Emergency/select_--Select--Schedule 1Inj'

2018-05-14 14:32:41 - [TEST_STEP][PASSED] - selectOptionByIndex: All options with index in [13] are selected on object 'Object Repository/Emergency/Page_KDMC - Emergency/select_--Select--Adernaline 0.'

2018-05-14 14:32:41 - [MESSAGE][PASSED] - All options with index in [13] are selected on object 'Object Repository/Emergency/Page_KDMC - Emergency/select_--Select--Adernaline 0.'

2018-05-14 14:32:41 - [TEST_STEP][PASSED] - setText: Text '10' is set on object 'Object Repository/Emergency/Page_KDMC - Emergency/input_txttreat'

2018-05-14 14:32:41 - [MESSAGE][PASSED] - Text '10' is set on object 'Object Repository/Emergency/Page_KDMC - Emergency/input_txttreat'

2018-05-14 14:32:41 - [TEST_STEP][PASSED] - click: Object: 'Object Repository/Emergency/Page_KDMC - Emergency/button_Add' is clicked on

2018-05-14 14:32:41 - [MESSAGE][PASSED] - Object: 'Object Repository/Emergency/Page_KDMC - Emergency/button_Add' is clicked on

2018-05-14 14:32:41 - [TEST_STEP][PASSED] - selectOptionByIndex: All options with index in [1] are selected on object 'Object Repository/Emergency/Page_KDMC - Emergency/select_--Select--Schedule 1Inj'

2018-05-14 14:32:41 - [MESSAGE][PASSED] - All options with index in [1] are selected on object 'Object Repository/Emergency/Page_KDMC - Emergency/select_--Select--Schedule 1Inj'

2018-05-14 14:32:41 - [TEST_STEP][PASSED] - selectOptionByIndex: All options with index in [14] are selected on object 'Object Repository/Emergency/Page_KDMC - Emergency/select_--Select--Adernaline 0.'

2018-05-14 14:32:42 - [MESSAGE][PASSED] - All options with index in [14] are selected on object 'Object Repository/Emergency/Page_KDMC - Emergency/select_--Select--Adernaline 0.'

2018-05-14 14:32:42 - [TEST_STEP][PASSED] - setText: Text '10' is set on object 'Object Repository/Emergency/Page_KDMC - Emergency/input_txttreat'

2018-05-14 14:32:42 - [MESSAGE][PASSED] - Text '10' is set on object 'Object Repository/Emergency/Page_KDMC - Emergency/input_txttreat'

2018-05-14 14:32:42 - [TEST_STEP][PASSED] - click: Object: 'Object Repository/Emergency/Page_KDMC - Emergency/button_Add' is clicked on

2018-05-14 14:32:42 - [MESSAGE][PASSED] - Object: 'Object Repository/Emergency/Page_KDMC - Emergency/button_Add' is clicked on

2018-05-14 14:32:42 - [TEST_STEP][PASSED] - selectOptionByIndex: All options with index in [1] are selected on object 'Object Repository/Emergency/Page_KDMC - Emergency/select_--Select--Schedule 1Inj'

2018-05-14 14:32:42 - [MESSAGE][PASSED] - All options with index in [1] are selected on object 'Object Repository/Emergency/Page_KDMC - Emergency/select_--Select--Schedule 1Inj'

2018-05-14 14:32:42 - [TEST_STEP][PASSED] - selectOptionByIndex: All options with index in [15] are selected on object 'Object Repository/Emergency/Page_KDMC - Emergency/select_--Select--Adernaline 0.'

2018-05-14 14:32:42 - [MESSAGE][PASSED] - All options with index in [15] are selected on object 'Object Repository/Emergency/Page_KDMC - Emergency/select_--Select--Adernaline 0.'

2018-05-14 14:32:42 - [TEST_STEP][PASSED] - setText: Text '10' is set on object 'Object Repository/Emergency/Page_KDMC - Emergency/input_txttreat'

2018-05-14 14:32:42 - [MESSAGE][PASSED] - Text '10' is set on object 'Object Repository/Emergency/Page_KDMC - Emergency/input_txttreat'

2018-05-14 14:32:42 - [TEST_STEP][PASSED] - click: Object: 'Object Repository/Emergency/Page_KDMC - Emergency/button_Add' is clicked on

2018-05-14 14:32:42 - [MESSAGE][PASSED] - Object: 'Object Repository/Emergency/Page_KDMC - Emergency/button_Add' is clicked on

2018-05-14 14:32:42 - [TEST_STEP][PASSED] - selectOptionByIndex: All options with index in [1] are selected on object 'Object Repository/Emergency/Page_KDMC - Emergency/select_--Select--Schedule 1Inj'

2018-05-14 14:32:42 - [MESSAGE][PASSED] - All options with index in [1] are selected on object 'Object Repository/Emergency/Page_KDMC - Emergency/select_--Select--Schedule 1Inj'

2018-05-14 14:32:42 - [TEST_STEP][PASSED] - selectOptionByIndex: All options with index in [16] are selected on object 'Object Repository/Emergency/Page_KDMC - Emergency/select_--Select--Adernaline 0.'

2018-05-14 14:32:43 - [MESSAGE][PASSED] - All options with index in [16] are selected on object 'Object Repository/Emergency/Page_KDMC - Emergency/select_--Select--Adernaline 0.'

2018-05-14 14:32:43 - [TEST_STEP][PASSED] - setText: Text '10' is set on object 'Object Repository/Emergency/Page_KDMC - Emergency/input_txttreat'

2018-05-14 14:32:43 - [MESSAGE][PASSED] - Text '10' is set on object 'Object Repository/Emergency/Page_KDMC - Emergency/input_txttreat'

2018-05-14 14:32:43 - [TEST_STEP][PASSED] - click: Object: 'Object Repository/Emergency/Page_KDMC - Emergency/button_Add' is clicked on

2018-05-14 14:32:43 - [MESSAGE][PASSED] - Object: 'Object Repository/Emergency/Page_KDMC - Emergency/button_Add' is clicked on

2018-05-14 14:32:43 - [TEST_STEP][PASSED] - selectOptionByIndex: All options with index in [1] are selected on object 'Object Repository/Emergency/Page_KDMC - Emergency/select_--Select--Schedule 1Inj'

2018-05-14 14:32:43 - [MESSAGE][PASSED] - All options with index in [1] are selected on object 'Object Repository/Emergency/Page_KDMC - Emergency/select_--Select--Schedule 1Inj'

2018-05-14 14:32:43 - [TEST_STEP][PASSED] - selectOptionByIndex: All options with index in [17] are selected on object 'Object Repository/Emergency/Page_KDMC - Emergency/select_--Select--Adernaline 0.'

2018-05-14 14:32:44 - [MESSAGE][PASSED] - All options with index in [17] are selected on object 'Object Repository/Emergency/Page_KDMC - Emergency/select_--Select--Adernaline 0.'

2018-05-14 14:32:44 - [TEST_STEP][PASSED] - setText: Text '10' is set on object 'Object Repository/Emergency/Page_KDMC - Emergency/input_txttreat'

2018-05-14 14:32:44 - [MESSAGE][PASSED] - Text '10' is set on object 'Object Repository/Emergency/Page_KDMC - Emergency/input_txttreat'

2018-05-14 14:32:44 - [TEST_STEP][PASSED] - click: Object: 'Object Repository/Emergency/Page_KDMC - Emergency/button_Add' is clicked on

2018-05-14 14:32:44 - [MESSAGE][PASSED] - Object: 'Object Repository/Emergency/Page_KDMC - Emergency/button_Add' is clicked on

2018-05-14 14:32:44 - [TEST_STEP][PASSED] - selectOptionByIndex: All options with index in [1] are selected on object 'Object Repository/Emergency/Page_KDMC - Emergency/select_--Select--Schedule 1Inj'

2018-05-14 14:32:44 - [MESSAGE][PASSED] - All options with index in [1] are selected on object 'Object Repository/Emergency/Page_KDMC - Emergency/select_--Select--Schedule 1Inj'

2018-05-14 14:32:44 - [TEST_STEP][PASSED] - selectOptionByIndex: All options with index in [18] are selected on object 'Object Repository/Emergency/Page_KDMC - Emergency/select_--Select--Adernaline 0.'

2018-05-14 14:32:44 - [MESSAGE][PASSED] - All options with index in [18] are selected on object 'Object Repository/Emergency/Page_KDMC - Emergency/select_--Select--Adernaline 0.'

2018-05-14 14:32:44 - [TEST_STEP][PASSED] - setText: Text '10' is set on object 'Object Repository/Emergency/Page_KDMC - Emergency/input_txttreat'

2018-05-14 14:32:45 - [MESSAGE][PASSED] - Text '10' is set on object 'Object Repository/Emergency/Page_KDMC - Emergency/input_txttreat'

2018-05-14 14:32:45 - [TEST_STEP][PASSED] - click: Object: 'Object Repository/Emergency/Page_KDMC - Emergency/button_Add' is clicked on

2018-05-14 14:32:45 - [MESSAGE][PASSED] - Object: 'Object Repository/Emergency/Page_KDMC - Emergency/button_Add' is clicked on

2018-05-14 14:32:45 - [TEST_STEP][PASSED] - selectOptionByIndex: All options with index in [1] are selected on object 'Object Repository/Emergency/Page_KDMC - Emergency/select_--Select--Schedule 1Inj'

2018-05-14 14:32:45 - [MESSAGE][PASSED] - All options with index in [1] are selected on object 'Object Repository/Emergency/Page_KDMC - Emergency/select_--Select--Schedule 1Inj'

2018-05-14 14:32:45 - [TEST_STEP][PASSED] - selectOptionByIndex: All options with index in [19] are selected on object 'Object Repository/Emergency/Page_KDMC - Emergency/select_--Select--Adernaline 0.'

2018-05-14 14:32:45 - [MESSAGE][PASSED] - All options with index in [19] are selected on object 'Object Repository/Emergency/Page_KDMC - Emergency/select_--Select--Adernaline 0.'

2018-05-14 14:32:45 - [TEST_STEP][PASSED] - setText: Text '10' is set on object 'Object Repository/Emergency/Page_KDMC - Emergency/input_txttreat'

2018-05-14 14:32:45 - [MESSAGE][PASSED] - Text '10' is set on object 'Object Repository/Emergency/Page_KDMC - Emergency/input_txttreat'

2018-05-14 14:32:45 - [TEST_STEP][PASSED] - click: Object: 'Object Repository/Emergency/Page_KDMC - Emergency/button_Add' is clicked on

2018-05-14 14:32:45 - [MESSAGE][PASSED] - Object: 'Object Repository/Emergency/Page_KDMC - Emergency/button_Add' is clicked on

2018-05-14 14:32:45 - [TEST_STEP][PASSED] - selectOptionByIndex: All options with index in [1] are selected on object 'Object Repository/Emergency/Page_KDMC - Emergency/select_--Select--Schedule 1Inj'

2018-05-14 14:32:45 - [MESSAGE][PASSED] - All options with index in [1] are selected on object 'Object Repository/Emergency/Page_KDMC - Emergency/select_--Select--Schedule 1Inj'

2018-05-14 14:32:45 - [TEST_STEP][PASSED] - selectOptionByIndex: All options with index in [20] are selected on object 'Object Repository/Emergency/Page_KDMC - Emergency/select_--Select--Adernaline 0.'

2018-05-14 14:32:46 - [MESSAGE][PASSED] - All options with index in [20] are selected on object 'Object Repository/Emergency/Page_KDMC - Emergency/select_--Select--Adernaline 0.'

2018-05-14 14:32:46 - [TEST_STEP][PASSED] - setText: Text '10' is set on object 'Object Repository/Emergency/Page_KDMC - Emergency/input_txttreat'

2018-05-14 14:32:46 - [MESSAGE][PASSED] - Text '10' is set on object 'Object Repository/Emergency/Page_KDMC - Emergency/input_txttreat'

2018-05-14 14:32:46 - [TEST_STEP][PASSED] - click: Object: 'Object Repository/Emergency/Page_KDMC - Emergency/button_Add' is clicked on

2018-05-14 14:32:46 - [MESSAGE][PASSED] - Object: 'Object Repository/Emergency/Page_KDMC - Emergency/button_Add' is clicked on

2018-05-14 14:32:46 - [TEST_STEP][PASSED] - selectOptionByIndex: All options with index in [1] are selected on object 'Object Repository/Emergency/Page_KDMC - Emergency/select_--Select--Schedule 1Inj'

2018-05-14 14:32:46 - [MESSAGE][PASSED] - All options with index in [1] are selected on object 'Object Repository/Emergency/Page_KDMC - Emergency/select_--Select--Schedule 1Inj'

2018-05-14 14:32:46 - [TEST_STEP][PASSED] - selectOptionByIndex: All options with index in [21] are selected on object 'Object Repository/Emergency/Page_KDMC - Emergency/select_--Select--Adernaline 0.'

2018-05-14 14:32:46 - [MESSAGE][PASSED] - All options with index in [21] are selected on object 'Object Repository/Emergency/Page_KDMC - Emergency/select_--Select--Adernaline 0.'

2018-05-14 14:32:46 - [TEST_STEP][FAILED] - setText: Unable to set text '10' of object 'Object Repository/Emergency/Page_KDMC - Emergency/input_txttreat' (Root cause: org.openqa.selenium.WebDriverException: unknown error: cannot focus element
  (Session info: chrome=66.0.3359.139)
  (Driver info: chromedriver=2.35.528161 (5b82f2d2aae0ca24b877009200ced9065a772e73),platform=Windows NT 10.0.16299 x86_64) (WARNING: The server did not provide any stacktrace information)
Command duration or timeout: 0 milliseconds
Build info: version: '3.7.1', revision: '8a0099a', time: '2017-11-06T21:07:36.161Z'
System info: host: 'DESKTOP-BLFTK83', ip: '192.168.71.2', os.name: 'Windows 10', os.arch: 'amd64', os.version: '10.0', java.version: '1.8.0_102'
Driver info: com.kms.katalon.selenium.driver.CChromeDriver
Capabilities {acceptInsecureCerts: false, acceptSslCerts: false, applicationCacheEnabled: false, browserConnectionEnabled: false, browserName: chrome, chrome: {chromedriverVersion: 2.35.528161 (5b82f2d2aae0ca..., userDataDir: C:\Users\QUALIT~1\AppData\L...}, cssSelectorsEnabled: true, databaseEnabled: false, handlesAlerts: true, hasTouchScreen: false, javascriptEnabled: true, locationContextEnabled: true, mobileEmulationEnabled: false, nativeEvents: true, networkConnectionEnabled: false, pageLoadStrategy: normal, platform: XP, platformName: XP, rotatable: false, setWindowRect: true, takesHeapSnapshot: true, takesScreenshot: true, unexpectedAlertBehaviour: , unhandledPromptBehavior: , version: 66.0.3359.139, webStorageEnabled: true}
Session ID: 4707f15fdb615fd33e866dda4dfc7d5c)

2018-05-14 14:32:47 - [MESSAGE][FAILED] - Unable to set text '10' of object 'Object Repository/Emergency/Page_KDMC - Emergency/input_txttreat' (Root cause: org.openqa.selenium.WebDriverException: unknown error: cannot focus element
  (Session info: chrome=66.0.3359.139)
  (Driver info: chromedriver=2.35.528161 (5b82f2d2aae0ca24b877009200ced9065a772e73),platform=Windows NT 10.0.16299 x86_64) (WARNING: The server did not provide any stacktrace information)
Command duration or timeout: 0 milliseconds
Build info: version: '3.7.1', revision: '8a0099a', time: '2017-11-06T21:07:36.161Z'
System info: host: 'DESKTOP-BLFTK83', ip: '192.168.71.2', os.name: 'Windows 10', os.arch: 'amd64', os.version: '10.0', java.version: '1.8.0_102'
Driver info: com.kms.katalon.selenium.driver.CChromeDriver
Capabilities {acceptInsecureCerts: false, acceptSslCerts: false, applicationCacheEnabled: false, browserConnectionEnabled: false, browserName: chrome, chrome: {chromedriverVersion: 2.35.528161 (5b82f2d2aae0ca..., userDataDir: C:\Users\QUALIT~1\AppData\L...}, cssSelectorsEnabled: true, databaseEnabled: false, handlesAlerts: true, hasTouchScreen: false, javascriptEnabled: true, locationContextEnabled: true, mobileEmulationEnabled: false, nativeEvents: true, networkConnectionEnabled: false, pageLoadStrategy: normal, platform: XP, platformName: XP, rotatable: false, setWindowRect: true, takesHeapSnapshot: true, takesScreenshot: true, unexpectedAlertBehaviour: , unhandledPromptBehavior: , version: 66.0.3359.139, webStorageEnabled: true}
Session ID: 4707f15fdb615fd33e866dda4dfc7d5c)
[[ATTACHMENT|C:\\Users\\Quality Analyst\\Katalon Studio\\ds\\Reports\\Emergency_Suit\\20180514_143204\\1526288566865.png]]]]></system-out>
         <system-err><![CDATA[2018-05-14 14:32:11 - [TEST_CASE][FAILED] - Test Cases/EMERGENCY TEST CASES/TC_ER_001 Verify Schedule 1 Emergency  Request Are Working Successfully Or Not: Test Cases/EMERGENCY TEST CASES/TC_ER_001 Verify Schedule 1 Emergency  Request Are Working Successfully Or Not FAILED because (of) Unable to set text '10' of object 'Object Repository/Emergency/Page_KDMC - Emergency/input_txttreat' (Root cause: org.openqa.selenium.WebDriverException: unknown error: cannot focus element
  (Session info: chrome=66.0.3359.139)
  (Driver info: chromedriver=2.35.528161 (5b82f2d2aae0ca24b877009200ced9065a772e73),platform=Windows NT 10.0.16299 x86_64) (WARNING: The server did not provide any stacktrace information)
Command duration or timeout: 0 milliseconds
Build info: version: '3.7.1', revision: '8a0099a', time: '2017-11-06T21:07:36.161Z'
System info: host: 'DESKTOP-BLFTK83', ip: '192.168.71.2', os.name: 'Windows 10', os.arch: 'amd64', os.version: '10.0', java.version: '1.8.0_102'
Driver info: com.kms.katalon.selenium.driver.CChromeDriver
Capabilities {acceptInsecureCerts: false, acceptSslCerts: false, applicationCacheEnabled: false, browserConnectionEnabled: false, browserName: chrome, chrome: {chromedriverVersion: 2.35.528161 (5b82f2d2aae0ca..., userDataDir: C:\Users\QUALIT~1\AppData\L...}, cssSelectorsEnabled: true, databaseEnabled: false, handlesAlerts: true, hasTouchScreen: false, javascriptEnabled: true, locationContextEnabled: true, mobileEmulationEnabled: false, nativeEvents: true, networkConnectionEnabled: false, pageLoadStrategy: normal, platform: XP, platformName: XP, rotatable: false, setWindowRect: true, takesHeapSnapshot: true, takesScreenshot: true, unexpectedAlertBehaviour: , unhandledPromptBehavior: , version: 66.0.3359.139, webStorageEnabled: true}
Session ID: 4707f15fdb615fd33e866dda4dfc7d5c)]]></system-err>
      </testcase>
      <testcase name="Test Cases/EMERGENCY TEST CASES/TC_ER_002 Verify Schedule 3 Emergency  Request Are Working Successfully Or Not" classname="Test Cases/EMERGENCY TEST CASES/TC_ER_002 Verify Schedule 3 Emergency  Request Are Working Successfully Or Not" status="FAILED">
         <failure type="FAILED" message="Unable to click on object 'Object Repository/Emergency/Page_KDMC - Emergency/a_Store Request' (Root cause: com.kms.katalon.core.webui.exception.WebElementNotFoundException: Web element with id: 'Object Repository/Emergency/Page_KDMC - Emergency/a_Store Request' located by 'By.xpath: /html[1]/body[@class=&quot;skin-blue  pace-done&quot;]/div[@class=&quot;row&quot;]/div[@class=&quot;col-md-12&quot;]/div[@class=&quot;wrapper row-offcanvas row-offcanvas-left&quot;]/aside[@class=&quot;left-side sidebar-offcanvas&quot;]/section[@class=&quot;sidebar&quot;]/ul[@class=&quot;sidebar-menu&quot;]/li[@class=&quot;treeview&quot;]/a[1][count(. | //*[(text() = '
                                    Store Request
                                ' or . = '
                                    Store Request
                                ')]) = count(//*[(text() = '
                                    Store Request
                                ' or . = '
                                    Store Request
                                ')])]' not found)"/>
         <system-out><![CDATA[2018-05-14 14:32:47 - [TEST_CASE][FAILED] - Test Cases/EMERGENCY TEST CASES/TC_ER_002 Verify Schedule 3 Emergency  Request Are Working Successfully Or Not: Test Cases/EMERGENCY TEST CASES/TC_ER_002 Verify Schedule 3 Emergency  Request Are Working Successfully Or Not FAILED because (of) Unable to click on object 'Object Repository/Emergency/Page_KDMC - Emergency/a_Store Request' (Root cause: com.kms.katalon.core.webui.exception.WebElementNotFoundException: Web element with id: 'Object Repository/Emergency/Page_KDMC - Emergency/a_Store Request' located by 'By.xpath: /html[1]/body[@class="skin-blue  pace-done"]/div[@class="row"]/div[@class="col-md-12"]/div[@class="wrapper row-offcanvas row-offcanvas-left"]/aside[@class="left-side sidebar-offcanvas"]/section[@class="sidebar"]/ul[@class="sidebar-menu"]/li[@class="treeview"]/a[1][count(. | //*[(text() = '
                                    Store Request
                                ' or . = '
                                    Store Request
                                ')]) = count(//*[(text() = '
                                    Store Request
                                ' or . = '
                                    Store Request
                                ')])]' not found)

2018-05-14 14:32:47 - [TEST_STEP][PASSED] - openBrowser: Browser is opened with url: ''

2018-05-14 14:32:47 - [MESSAGE][WARNING] - A browser is already opened. Closing browser and opening a new one

2018-05-14 14:32:50 - [MESSAGE][PASSED] - Browser is opened with url: ''

2018-05-14 14:32:50 - [TEST_STEP][PASSED] - Statement - out.println("Verify Schedule 3 Emergency  Request Are Working Successfully Or Not"): null

2018-05-14 14:32:50 - [TEST_STEP][PASSED] - navigateToUrl: Navigate to 'http://192.168.137.1/Multihospital_New/EmergencyLogin.aspx' successfully

2018-05-14 14:32:53 - [MESSAGE][PASSED] - Navigate to 'http://192.168.137.1/Multihospital_New/EmergencyLogin.aspx' successfully

2018-05-14 14:32:53 - [TEST_STEP][PASSED] - maximizeWindow: Current window maximized

2018-05-14 14:32:54 - [MESSAGE][PASSED] - Current window maximized

2018-05-14 14:32:54 - [TEST_STEP][PASSED] - setText: Text 'nivetha' is set on object 'Object Repository/Emergency/Page_Emergency login/input_txtusername'

2018-05-14 14:32:54 - [MESSAGE][PASSED] - Text 'nivetha' is set on object 'Object Repository/Emergency/Page_Emergency login/input_txtusername'

2018-05-14 14:32:54 - [TEST_STEP][PASSED] - setText: Text '123' is set on object 'Object Repository/Emergency/Page_Emergency login/input_txtpassword'

2018-05-14 14:32:54 - [MESSAGE][PASSED] - Text '123' is set on object 'Object Repository/Emergency/Page_Emergency login/input_txtpassword'

2018-05-14 14:32:54 - [TEST_STEP][PASSED] - delay: Delayed 3 second(s)

2018-05-14 14:32:57 - [MESSAGE][PASSED] - Delayed 3 second(s)

2018-05-14 14:32:57 - [TEST_STEP][PASSED] - click: Object: 'Object Repository/Emergency/Page_Emergency login/button_Sign in' is clicked on

2018-05-14 14:33:04 - [MESSAGE][PASSED] - Object: 'Object Repository/Emergency/Page_Emergency login/button_Sign in' is clicked on

2018-05-14 14:33:04 - [TEST_STEP][PASSED] - delay: Delayed 3 second(s)

2018-05-14 14:33:07 - [MESSAGE][PASSED] - Delayed 3 second(s)

2018-05-14 14:33:07 - [TEST_STEP][FAILED] - click: Unable to click on object 'Object Repository/Emergency/Page_KDMC - Emergency/a_Store Request' (Root cause: com.kms.katalon.core.webui.exception.WebElementNotFoundException: Web element with id: 'Object Repository/Emergency/Page_KDMC - Emergency/a_Store Request' located by 'By.xpath: /html[1]/body[@class="skin-blue  pace-done"]/div[@class="row"]/div[@class="col-md-12"]/div[@class="wrapper row-offcanvas row-offcanvas-left"]/aside[@class="left-side sidebar-offcanvas"]/section[@class="sidebar"]/ul[@class="sidebar-menu"]/li[@class="treeview"]/a[1][count(. | //*[(text() = '
                                    Store Request
                                ' or . = '
                                    Store Request
                                ')]) = count(//*[(text() = '
                                    Store Request
                                ' or . = '
                                    Store Request
                                ')])]' not found)

2018-05-14 14:33:38 - [MESSAGE][FAILED] - Unable to click on object 'Object Repository/Emergency/Page_KDMC - Emergency/a_Store Request' (Root cause: com.kms.katalon.core.webui.exception.WebElementNotFoundException: Web element with id: 'Object Repository/Emergency/Page_KDMC - Emergency/a_Store Request' located by 'By.xpath: /html[1]/body[@class="skin-blue  pace-done"]/div[@class="row"]/div[@class="col-md-12"]/div[@class="wrapper row-offcanvas row-offcanvas-left"]/aside[@class="left-side sidebar-offcanvas"]/section[@class="sidebar"]/ul[@class="sidebar-menu"]/li[@class="treeview"]/a[1][count(. | //*[(text() = '
                                    Store Request
                                ' or . = '
                                    Store Request
                                ')]) = count(//*[(text() = '
                                    Store Request
                                ' or . = '
                                    Store Request
                                ')])]' not found)
[[ATTACHMENT|C:\\Users\\Quality Analyst\\Katalon Studio\\ds\\Reports\\Emergency_Suit\\20180514_143204\\1526288618335.png]]]]></system-out>
         <system-err><![CDATA[2018-05-14 14:32:47 - [TEST_CASE][FAILED] - Test Cases/EMERGENCY TEST CASES/TC_ER_002 Verify Schedule 3 Emergency  Request Are Working Successfully Or Not: Test Cases/EMERGENCY TEST CASES/TC_ER_002 Verify Schedule 3 Emergency  Request Are Working Successfully Or Not FAILED because (of) Unable to click on object 'Object Repository/Emergency/Page_KDMC - Emergency/a_Store Request' (Root cause: com.kms.katalon.core.webui.exception.WebElementNotFoundException: Web element with id: 'Object Repository/Emergency/Page_KDMC - Emergency/a_Store Request' located by 'By.xpath: /html[1]/body[@class="skin-blue  pace-done"]/div[@class="row"]/div[@class="col-md-12"]/div[@class="wrapper row-offcanvas row-offcanvas-left"]/aside[@class="left-side sidebar-offcanvas"]/section[@class="sidebar"]/ul[@class="sidebar-menu"]/li[@class="treeview"]/a[1][count(. | //*[(text() = '
                                    Store Request
                                ' or . = '
                                    Store Request
                                ')]) = count(//*[(text() = '
                                    Store Request
                                ' or . = '
                                    Store Request
                                ')])]' not found)]]></system-err>
      </testcase>
      <testcase name="Test Cases/EMERGENCY TEST CASES/TC_ER_003 Verify Schedule 5 Emergency  Request Are Working Successfully Or Not" classname="Test Cases/EMERGENCY TEST CASES/TC_ER_003 Verify Schedule 5 Emergency  Request Are Working Successfully Or Not" status="ERROR">
         <error type="ERROR" message="Test Cases/EMERGENCY TEST CASES/TC_ER_003 Verify Schedule 5 Emergency  Request Are Working Successfully Or Not FAILED because (of) java.lang.ArrayIndexOutOfBoundsException: 2"/>
         <system-out><![CDATA[2018-05-14 14:33:38 - [TEST_CASE][ERROR] - Test Cases/EMERGENCY TEST CASES/TC_ER_003 Verify Schedule 5 Emergency  Request Are Working Successfully Or Not: Test Cases/EMERGENCY TEST CASES/TC_ER_003 Verify Schedule 5 Emergency  Request Are Working Successfully Or Not FAILED because (of) java.lang.ArrayIndexOutOfBoundsException: 2

2018-05-14 14:33:39 - [TEST_STEP][PASSED] - openBrowser: Browser is opened with url: ''

2018-05-14 14:33:39 - [MESSAGE][WARNING] - A browser is already opened. Closing browser and opening a new one

2018-05-14 14:33:41 - [MESSAGE][PASSED] - Browser is opened with url: ''

2018-05-14 14:33:41 - [TEST_STEP][PASSED] - Statement - out.println("Verify Schedule 5 Emergency  Request Are Working Successfully Or Not"): null

2018-05-14 14:33:41 - [TEST_STEP][PASSED] - navigateToUrl: Navigate to 'http://192.168.137.1/Multihospital_New/EmergencyLogin.aspx' successfully

2018-05-14 14:34:10 - [MESSAGE][PASSED] - Navigate to 'http://192.168.137.1/Multihospital_New/EmergencyLogin.aspx' successfully

2018-05-14 14:34:10 - [TEST_STEP][PASSED] - maximizeWindow: Current window maximized

2018-05-14 14:34:12 - [MESSAGE][PASSED] - Current window maximized

2018-05-14 14:34:12 - [TEST_STEP][PASSED] - setText: Text 'nivetha' is set on object 'Object Repository/Emergency/Page_Emergency login/input_txtusername'

2018-05-14 14:34:12 - [MESSAGE][PASSED] - Text 'nivetha' is set on object 'Object Repository/Emergency/Page_Emergency login/input_txtusername'

2018-05-14 14:34:12 - [TEST_STEP][PASSED] - setText: Text '123' is set on object 'Object Repository/Emergency/Page_Emergency login/input_txtpassword'

2018-05-14 14:34:12 - [MESSAGE][PASSED] - Text '123' is set on object 'Object Repository/Emergency/Page_Emergency login/input_txtpassword'

2018-05-14 14:34:12 - [TEST_STEP][PASSED] - delay: Delayed 3 second(s)

2018-05-14 14:34:15 - [MESSAGE][PASSED] - Delayed 3 second(s)

2018-05-14 14:34:15 - [TEST_STEP][PASSED] - click: Object: 'Object Repository/Emergency/Page_Emergency login/button_Sign in' is clicked on

2018-05-14 14:34:19 - [MESSAGE][PASSED] - Object: 'Object Repository/Emergency/Page_Emergency login/button_Sign in' is clicked on

2018-05-14 14:34:19 - [TEST_STEP][PASSED] - delay: Delayed 3 second(s)

2018-05-14 14:34:22 - [MESSAGE][PASSED] - Delayed 3 second(s)

2018-05-14 14:34:22 - [TEST_STEP][PASSED] - click: Object: 'Object Repository/Emergency/Page_KDMC - Emergency/a_Store Request' is clicked on

2018-05-14 14:34:22 - [MESSAGE][PASSED] - Object: 'Object Repository/Emergency/Page_KDMC - Emergency/a_Store Request' is clicked on

2018-05-14 14:34:22 - [TEST_STEP][PASSED] - delay: Delayed 2 second(s)

2018-05-14 14:34:24 - [MESSAGE][PASSED] - Delayed 2 second(s)

2018-05-14 14:34:24 - [TEST_STEP][PASSED] - click: Object: 'Object Repository/Emergency/Page_KDMC - Emergency/a_Medicine Request' is clicked on

2018-05-14 14:34:25 - [MESSAGE][PASSED] - Object: 'Object Repository/Emergency/Page_KDMC - Emergency/a_Medicine Request' is clicked on

2018-05-14 14:34:25 - [TEST_STEP][PASSED] - delay: Delayed 2 second(s)

2018-05-14 14:34:27 - [MESSAGE][PASSED] - Delayed 2 second(s)

2018-05-14 14:34:27 - [TEST_STEP][PASSED] - selectOptionByIndex: All options with index in [3] are selected on object 'Object Repository/Emergency/Page_KDMC - Emergency/select_--Select--Schedule 1Inj'

2018-05-14 14:34:28 - [MESSAGE][PASSED] - All options with index in [3] are selected on object 'Object Repository/Emergency/Page_KDMC - Emergency/select_--Select--Schedule 1Inj'

2018-05-14 14:34:28 - [TEST_STEP][PASSED] - Statement - seletedoptions = com.kms.katalon.core.webui.keyword.WebUiBuiltInKeywords.getNumberOfTotalOption(com.kms.katalon.core.testobject.ObjectRepository.findTestObject(Emergency/Page_KDMC - Emergency/select_--Select--Adernaline 0.)): 17 options of object 'Object Repository/Emergency/Page_KDMC - Emergency/select_--Select--Adernaline 0.' counted

2018-05-14 14:34:28 - [MESSAGE][PASSED] - 17 options of object 'Object Repository/Emergency/Page_KDMC - Emergency/select_--Select--Adernaline 0.' counted

2018-05-14 14:34:28 - [TEST_STEP][PASSED] - Statement - For ([u = 1, u < seletedoptions, (u++)]): Object: 'Object Repository/Emergency/Page_KDMC - Emergency/button_Add' is clicked on

2018-05-14 14:34:28 - [TEST_STEP][PASSED] - selectOptionByIndex: All options with index in [3] are selected on object 'Object Repository/Emergency/Page_KDMC - Emergency/select_--Select--Schedule 1Inj'

2018-05-14 14:34:28 - [MESSAGE][PASSED] - All options with index in [3] are selected on object 'Object Repository/Emergency/Page_KDMC - Emergency/select_--Select--Schedule 1Inj'

2018-05-14 14:34:28 - [TEST_STEP][PASSED] - selectOptionByIndex: All options with index in [1] are selected on object 'Object Repository/Emergency/Page_KDMC - Emergency/select_--Select--Adernaline 0.'

2018-05-14 14:34:28 - [MESSAGE][PASSED] - All options with index in [1] are selected on object 'Object Repository/Emergency/Page_KDMC - Emergency/select_--Select--Adernaline 0.'

2018-05-14 14:34:28 - [TEST_STEP][PASSED] - setText: Text '10' is set on object 'Object Repository/Emergency/Page_KDMC - Emergency/input_txttreat'

2018-05-14 14:34:28 - [MESSAGE][PASSED] - Text '10' is set on object 'Object Repository/Emergency/Page_KDMC - Emergency/input_txttreat'

2018-05-14 14:34:28 - [TEST_STEP][PASSED] - click: Object: 'Object Repository/Emergency/Page_KDMC - Emergency/button_Add' is clicked on

2018-05-14 14:34:28 - [MESSAGE][PASSED] - Object: 'Object Repository/Emergency/Page_KDMC - Emergency/button_Add' is clicked on

2018-05-14 14:34:28 - [TEST_STEP][PASSED] - selectOptionByIndex: All options with index in [3] are selected on object 'Object Repository/Emergency/Page_KDMC - Emergency/select_--Select--Schedule 1Inj'

2018-05-14 14:34:29 - [MESSAGE][PASSED] - All options with index in [3] are selected on object 'Object Repository/Emergency/Page_KDMC - Emergency/select_--Select--Schedule 1Inj'

2018-05-14 14:34:29 - [TEST_STEP][PASSED] - selectOptionByIndex: All options with index in [2] are selected on object 'Object Repository/Emergency/Page_KDMC - Emergency/select_--Select--Adernaline 0.'

2018-05-14 14:34:29 - [MESSAGE][PASSED] - All options with index in [2] are selected on object 'Object Repository/Emergency/Page_KDMC - Emergency/select_--Select--Adernaline 0.'

2018-05-14 14:34:29 - [TEST_STEP][PASSED] - setText: Text '10' is set on object 'Object Repository/Emergency/Page_KDMC - Emergency/input_txttreat'

2018-05-14 14:34:29 - [MESSAGE][PASSED] - Text '10' is set on object 'Object Repository/Emergency/Page_KDMC - Emergency/input_txttreat'

2018-05-14 14:34:29 - [TEST_STEP][PASSED] - click: Object: 'Object Repository/Emergency/Page_KDMC - Emergency/button_Add' is clicked on

2018-05-14 14:34:29 - [MESSAGE][PASSED] - Object: 'Object Repository/Emergency/Page_KDMC - Emergency/button_Add' is clicked on

2018-05-14 14:34:29 - [TEST_STEP][PASSED] - selectOptionByIndex: All options with index in [3] are selected on object 'Object Repository/Emergency/Page_KDMC - Emergency/select_--Select--Schedule 1Inj'

2018-05-14 14:34:29 - [MESSAGE][PASSED] - All options with index in [3] are selected on object 'Object Repository/Emergency/Page_KDMC - Emergency/select_--Select--Schedule 1Inj'

2018-05-14 14:34:29 - [TEST_STEP][PASSED] - selectOptionByIndex: All options with index in [3] are selected on object 'Object Repository/Emergency/Page_KDMC - Emergency/select_--Select--Adernaline 0.'

2018-05-14 14:34:29 - [MESSAGE][PASSED] - All options with index in [3] are selected on object 'Object Repository/Emergency/Page_KDMC - Emergency/select_--Select--Adernaline 0.'

2018-05-14 14:34:29 - [TEST_STEP][PASSED] - setText: Text '10' is set on object 'Object Repository/Emergency/Page_KDMC - Emergency/input_txttreat'

2018-05-14 14:34:29 - [MESSAGE][PASSED] - Text '10' is set on object 'Object Repository/Emergency/Page_KDMC - Emergency/input_txttreat'

2018-05-14 14:34:29 - [TEST_STEP][PASSED] - click: Object: 'Object Repository/Emergency/Page_KDMC - Emergency/button_Add' is clicked on

2018-05-14 14:34:29 - [MESSAGE][PASSED] - Object: 'Object Repository/Emergency/Page_KDMC - Emergency/button_Add' is clicked on

2018-05-14 14:34:29 - [TEST_STEP][PASSED] - selectOptionByIndex: All options with index in [3] are selected on object 'Object Repository/Emergency/Page_KDMC - Emergency/select_--Select--Schedule 1Inj'

2018-05-14 14:34:30 - [MESSAGE][PASSED] - All options with index in [3] are selected on object 'Object Repository/Emergency/Page_KDMC - Emergency/select_--Select--Schedule 1Inj'

2018-05-14 14:34:30 - [TEST_STEP][PASSED] - selectOptionByIndex: All options with index in [4] are selected on object 'Object Repository/Emergency/Page_KDMC - Emergency/select_--Select--Adernaline 0.'

2018-05-14 14:34:30 - [MESSAGE][PASSED] - All options with index in [4] are selected on object 'Object Repository/Emergency/Page_KDMC - Emergency/select_--Select--Adernaline 0.'

2018-05-14 14:34:30 - [TEST_STEP][PASSED] - setText: Text '10' is set on object 'Object Repository/Emergency/Page_KDMC - Emergency/input_txttreat'

2018-05-14 14:34:30 - [MESSAGE][PASSED] - Text '10' is set on object 'Object Repository/Emergency/Page_KDMC - Emergency/input_txttreat'

2018-05-14 14:34:30 - [TEST_STEP][PASSED] - click: Object: 'Object Repository/Emergency/Page_KDMC - Emergency/button_Add' is clicked on

2018-05-14 14:34:30 - [MESSAGE][PASSED] - Object: 'Object Repository/Emergency/Page_KDMC - Emergency/button_Add' is clicked on

2018-05-14 14:34:30 - [TEST_STEP][PASSED] - selectOptionByIndex: All options with index in [3] are selected on object 'Object Repository/Emergency/Page_KDMC - Emergency/select_--Select--Schedule 1Inj'

2018-05-14 14:34:30 - [MESSAGE][PASSED] - All options with index in [3] are selected on object 'Object Repository/Emergency/Page_KDMC - Emergency/select_--Select--Schedule 1Inj'

2018-05-14 14:34:30 - [TEST_STEP][PASSED] - selectOptionByIndex: All options with index in [5] are selected on object 'Object Repository/Emergency/Page_KDMC - Emergency/select_--Select--Adernaline 0.'

2018-05-14 14:34:30 - [MESSAGE][PASSED] - All options with index in [5] are selected on object 'Object Repository/Emergency/Page_KDMC - Emergency/select_--Select--Adernaline 0.'

2018-05-14 14:34:30 - [TEST_STEP][PASSED] - setText: Text '10' is set on object 'Object Repository/Emergency/Page_KDMC - Emergency/input_txttreat'

2018-05-14 14:34:30 - [MESSAGE][PASSED] - Text '10' is set on object 'Object Repository/Emergency/Page_KDMC - Emergency/input_txttreat'

2018-05-14 14:34:30 - [TEST_STEP][PASSED] - click: Object: 'Object Repository/Emergency/Page_KDMC - Emergency/button_Add' is clicked on

2018-05-14 14:34:30 - [MESSAGE][PASSED] - Object: 'Object Repository/Emergency/Page_KDMC - Emergency/button_Add' is clicked on

2018-05-14 14:34:30 - [TEST_STEP][PASSED] - selectOptionByIndex: All options with index in [3] are selected on object 'Object Repository/Emergency/Page_KDMC - Emergency/select_--Select--Schedule 1Inj'

2018-05-14 14:34:30 - [MESSAGE][PASSED] - All options with index in [3] are selected on object 'Object Repository/Emergency/Page_KDMC - Emergency/select_--Select--Schedule 1Inj'

2018-05-14 14:34:30 - [TEST_STEP][PASSED] - selectOptionByIndex: All options with index in [6] are selected on object 'Object Repository/Emergency/Page_KDMC - Emergency/select_--Select--Adernaline 0.'

2018-05-14 14:34:31 - [MESSAGE][PASSED] - All options with index in [6] are selected on object 'Object Repository/Emergency/Page_KDMC - Emergency/select_--Select--Adernaline 0.'

2018-05-14 14:34:31 - [TEST_STEP][PASSED] - setText: Text '10' is set on object 'Object Repository/Emergency/Page_KDMC - Emergency/input_txttreat'

2018-05-14 14:34:31 - [MESSAGE][PASSED] - Text '10' is set on object 'Object Repository/Emergency/Page_KDMC - Emergency/input_txttreat'

2018-05-14 14:34:31 - [TEST_STEP][PASSED] - click: Object: 'Object Repository/Emergency/Page_KDMC - Emergency/button_Add' is clicked on

2018-05-14 14:34:36 - [MESSAGE][PASSED] - Object: 'Object Repository/Emergency/Page_KDMC - Emergency/button_Add' is clicked on

2018-05-14 14:34:36 - [TEST_STEP][PASSED] - selectOptionByIndex: All options with index in [3] are selected on object 'Object Repository/Emergency/Page_KDMC - Emergency/select_--Select--Schedule 1Inj'

2018-05-14 14:34:36 - [MESSAGE][PASSED] - All options with index in [3] are selected on object 'Object Repository/Emergency/Page_KDMC - Emergency/select_--Select--Schedule 1Inj'

2018-05-14 14:34:36 - [TEST_STEP][PASSED] - selectOptionByIndex: All options with index in [7] are selected on object 'Object Repository/Emergency/Page_KDMC - Emergency/select_--Select--Adernaline 0.'

2018-05-14 14:34:36 - [MESSAGE][PASSED] - All options with index in [7] are selected on object 'Object Repository/Emergency/Page_KDMC - Emergency/select_--Select--Adernaline 0.'

2018-05-14 14:34:36 - [TEST_STEP][PASSED] - setText: Text '10' is set on object 'Object Repository/Emergency/Page_KDMC - Emergency/input_txttreat'

2018-05-14 14:34:36 - [MESSAGE][PASSED] - Text '10' is set on object 'Object Repository/Emergency/Page_KDMC - Emergency/input_txttreat'

2018-05-14 14:34:36 - [TEST_STEP][PASSED] - click: Object: 'Object Repository/Emergency/Page_KDMC - Emergency/button_Add' is clicked on

2018-05-14 14:34:41 - [MESSAGE][PASSED] - Object: 'Object Repository/Emergency/Page_KDMC - Emergency/button_Add' is clicked on

2018-05-14 14:34:41 - [TEST_STEP][PASSED] - selectOptionByIndex: All options with index in [3] are selected on object 'Object Repository/Emergency/Page_KDMC - Emergency/select_--Select--Schedule 1Inj'

2018-05-14 14:34:42 - [MESSAGE][PASSED] - All options with index in [3] are selected on object 'Object Repository/Emergency/Page_KDMC - Emergency/select_--Select--Schedule 1Inj'

2018-05-14 14:34:42 - [TEST_STEP][PASSED] - selectOptionByIndex: All options with index in [8] are selected on object 'Object Repository/Emergency/Page_KDMC - Emergency/select_--Select--Adernaline 0.'

2018-05-14 14:34:42 - [MESSAGE][PASSED] - All options with index in [8] are selected on object 'Object Repository/Emergency/Page_KDMC - Emergency/select_--Select--Adernaline 0.'

2018-05-14 14:34:42 - [TEST_STEP][PASSED] - setText: Text '10' is set on object 'Object Repository/Emergency/Page_KDMC - Emergency/input_txttreat'

2018-05-14 14:34:42 - [MESSAGE][PASSED] - Text '10' is set on object 'Object Repository/Emergency/Page_KDMC - Emergency/input_txttreat'

2018-05-14 14:34:42 - [TEST_STEP][PASSED] - click: Object: 'Object Repository/Emergency/Page_KDMC - Emergency/button_Add' is clicked on

2018-05-14 14:34:47 - [MESSAGE][PASSED] - Object: 'Object Repository/Emergency/Page_KDMC - Emergency/button_Add' is clicked on

2018-05-14 14:34:47 - [TEST_STEP][PASSED] - selectOptionByIndex: All options with index in [3] are selected on object 'Object Repository/Emergency/Page_KDMC - Emergency/select_--Select--Schedule 1Inj'

2018-05-14 14:34:47 - [MESSAGE][PASSED] - All options with index in [3] are selected on object 'Object Repository/Emergency/Page_KDMC - Emergency/select_--Select--Schedule 1Inj'

2018-05-14 14:34:47 - [TEST_STEP][PASSED] - selectOptionByIndex: All options with index in [9] are selected on object 'Object Repository/Emergency/Page_KDMC - Emergency/select_--Select--Adernaline 0.'

2018-05-14 14:34:47 - [MESSAGE][PASSED] - All options with index in [9] are selected on object 'Object Repository/Emergency/Page_KDMC - Emergency/select_--Select--Adernaline 0.'

2018-05-14 14:34:47 - [TEST_STEP][PASSED] - setText: Text '10' is set on object 'Object Repository/Emergency/Page_KDMC - Emergency/input_txttreat'

2018-05-14 14:34:47 - [MESSAGE][PASSED] - Text '10' is set on object 'Object Repository/Emergency/Page_KDMC - Emergency/input_txttreat'

2018-05-14 14:34:47 - [TEST_STEP][PASSED] - click: Object: 'Object Repository/Emergency/Page_KDMC - Emergency/button_Add' is clicked on

2018-05-14 14:34:53 - [MESSAGE][PASSED] - Object: 'Object Repository/Emergency/Page_KDMC - Emergency/button_Add' is clicked on

2018-05-14 14:34:53 - [TEST_STEP][PASSED] - selectOptionByIndex: All options with index in [3] are selected on object 'Object Repository/Emergency/Page_KDMC - Emergency/select_--Select--Schedule 1Inj'

2018-05-14 14:34:53 - [MESSAGE][PASSED] - All options with index in [3] are selected on object 'Object Repository/Emergency/Page_KDMC - Emergency/select_--Select--Schedule 1Inj'

2018-05-14 14:34:53 - [TEST_STEP][PASSED] - selectOptionByIndex: All options with index in [10] are selected on object 'Object Repository/Emergency/Page_KDMC - Emergency/select_--Select--Adernaline 0.'

2018-05-14 14:34:53 - [MESSAGE][PASSED] - All options with index in [10] are selected on object 'Object Repository/Emergency/Page_KDMC - Emergency/select_--Select--Adernaline 0.'

2018-05-14 14:34:53 - [TEST_STEP][PASSED] - setText: Text '10' is set on object 'Object Repository/Emergency/Page_KDMC - Emergency/input_txttreat'

2018-05-14 14:34:53 - [MESSAGE][PASSED] - Text '10' is set on object 'Object Repository/Emergency/Page_KDMC - Emergency/input_txttreat'

2018-05-14 14:34:53 - [TEST_STEP][PASSED] - click: Object: 'Object Repository/Emergency/Page_KDMC - Emergency/button_Add' is clicked on

2018-05-14 14:34:58 - [MESSAGE][PASSED] - Object: 'Object Repository/Emergency/Page_KDMC - Emergency/button_Add' is clicked on

2018-05-14 14:34:58 - [TEST_STEP][PASSED] - selectOptionByIndex: All options with index in [3] are selected on object 'Object Repository/Emergency/Page_KDMC - Emergency/select_--Select--Schedule 1Inj'

2018-05-14 14:34:58 - [MESSAGE][PASSED] - All options with index in [3] are selected on object 'Object Repository/Emergency/Page_KDMC - Emergency/select_--Select--Schedule 1Inj'

2018-05-14 14:34:58 - [TEST_STEP][PASSED] - selectOptionByIndex: All options with index in [11] are selected on object 'Object Repository/Emergency/Page_KDMC - Emergency/select_--Select--Adernaline 0.'

2018-05-14 14:34:58 - [MESSAGE][PASSED] - All options with index in [11] are selected on object 'Object Repository/Emergency/Page_KDMC - Emergency/select_--Select--Adernaline 0.'

2018-05-14 14:34:58 - [TEST_STEP][PASSED] - setText: Text '10' is set on object 'Object Repository/Emergency/Page_KDMC - Emergency/input_txttreat'

2018-05-14 14:34:58 - [MESSAGE][PASSED] - Text '10' is set on object 'Object Repository/Emergency/Page_KDMC - Emergency/input_txttreat'

2018-05-14 14:34:58 - [TEST_STEP][PASSED] - click: Object: 'Object Repository/Emergency/Page_KDMC - Emergency/button_Add' is clicked on

2018-05-14 14:35:04 - [MESSAGE][PASSED] - Object: 'Object Repository/Emergency/Page_KDMC - Emergency/button_Add' is clicked on

2018-05-14 14:35:04 - [TEST_STEP][PASSED] - selectOptionByIndex: All options with index in [3] are selected on object 'Object Repository/Emergency/Page_KDMC - Emergency/select_--Select--Schedule 1Inj'

2018-05-14 14:35:04 - [MESSAGE][PASSED] - All options with index in [3] are selected on object 'Object Repository/Emergency/Page_KDMC - Emergency/select_--Select--Schedule 1Inj'

2018-05-14 14:35:04 - [TEST_STEP][PASSED] - selectOptionByIndex: All options with index in [12] are selected on object 'Object Repository/Emergency/Page_KDMC - Emergency/select_--Select--Adernaline 0.'

2018-05-14 14:35:04 - [MESSAGE][PASSED] - All options with index in [12] are selected on object 'Object Repository/Emergency/Page_KDMC - Emergency/select_--Select--Adernaline 0.'

2018-05-14 14:35:04 - [TEST_STEP][PASSED] - setText: Text '10' is set on object 'Object Repository/Emergency/Page_KDMC - Emergency/input_txttreat'

2018-05-14 14:35:04 - [MESSAGE][PASSED] - Text '10' is set on object 'Object Repository/Emergency/Page_KDMC - Emergency/input_txttreat'

2018-05-14 14:35:04 - [TEST_STEP][PASSED] - click: Object: 'Object Repository/Emergency/Page_KDMC - Emergency/button_Add' is clicked on

2018-05-14 14:35:09 - [MESSAGE][PASSED] - Object: 'Object Repository/Emergency/Page_KDMC - Emergency/button_Add' is clicked on

2018-05-14 14:35:09 - [TEST_STEP][PASSED] - selectOptionByIndex: All options with index in [3] are selected on object 'Object Repository/Emergency/Page_KDMC - Emergency/select_--Select--Schedule 1Inj'

2018-05-14 14:35:09 - [MESSAGE][PASSED] - All options with index in [3] are selected on object 'Object Repository/Emergency/Page_KDMC - Emergency/select_--Select--Schedule 1Inj'

2018-05-14 14:35:09 - [TEST_STEP][PASSED] - selectOptionByIndex: All options with index in [13] are selected on object 'Object Repository/Emergency/Page_KDMC - Emergency/select_--Select--Adernaline 0.'

2018-05-14 14:35:10 - [MESSAGE][PASSED] - All options with index in [13] are selected on object 'Object Repository/Emergency/Page_KDMC - Emergency/select_--Select--Adernaline 0.'

2018-05-14 14:35:10 - [TEST_STEP][PASSED] - setText: Text '10' is set on object 'Object Repository/Emergency/Page_KDMC - Emergency/input_txttreat'

2018-05-14 14:35:10 - [MESSAGE][PASSED] - Text '10' is set on object 'Object Repository/Emergency/Page_KDMC - Emergency/input_txttreat'

2018-05-14 14:35:10 - [TEST_STEP][PASSED] - click: Object: 'Object Repository/Emergency/Page_KDMC - Emergency/button_Add' is clicked on

2018-05-14 14:35:15 - [MESSAGE][PASSED] - Object: 'Object Repository/Emergency/Page_KDMC - Emergency/button_Add' is clicked on

2018-05-14 14:35:15 - [TEST_STEP][PASSED] - selectOptionByIndex: All options with index in [3] are selected on object 'Object Repository/Emergency/Page_KDMC - Emergency/select_--Select--Schedule 1Inj'

2018-05-14 14:35:15 - [MESSAGE][PASSED] - All options with index in [3] are selected on object 'Object Repository/Emergency/Page_KDMC - Emergency/select_--Select--Schedule 1Inj'

2018-05-14 14:35:15 - [TEST_STEP][PASSED] - selectOptionByIndex: All options with index in [14] are selected on object 'Object Repository/Emergency/Page_KDMC - Emergency/select_--Select--Adernaline 0.'

2018-05-14 14:35:15 - [MESSAGE][PASSED] - All options with index in [14] are selected on object 'Object Repository/Emergency/Page_KDMC - Emergency/select_--Select--Adernaline 0.'

2018-05-14 14:35:15 - [TEST_STEP][PASSED] - setText: Text '10' is set on object 'Object Repository/Emergency/Page_KDMC - Emergency/input_txttreat'

2018-05-14 14:35:15 - [MESSAGE][PASSED] - Text '10' is set on object 'Object Repository/Emergency/Page_KDMC - Emergency/input_txttreat'

2018-05-14 14:35:15 - [TEST_STEP][PASSED] - click: Object: 'Object Repository/Emergency/Page_KDMC - Emergency/button_Add' is clicked on

2018-05-14 14:35:20 - [MESSAGE][PASSED] - Object: 'Object Repository/Emergency/Page_KDMC - Emergency/button_Add' is clicked on

2018-05-14 14:35:20 - [TEST_STEP][PASSED] - selectOptionByIndex: All options with index in [3] are selected on object 'Object Repository/Emergency/Page_KDMC - Emergency/select_--Select--Schedule 1Inj'

2018-05-14 14:35:20 - [MESSAGE][PASSED] - All options with index in [3] are selected on object 'Object Repository/Emergency/Page_KDMC - Emergency/select_--Select--Schedule 1Inj'

2018-05-14 14:35:20 - [TEST_STEP][PASSED] - selectOptionByIndex: All options with index in [15] are selected on object 'Object Repository/Emergency/Page_KDMC - Emergency/select_--Select--Adernaline 0.'

2018-05-14 14:35:21 - [MESSAGE][PASSED] - All options with index in [15] are selected on object 'Object Repository/Emergency/Page_KDMC - Emergency/select_--Select--Adernaline 0.'

2018-05-14 14:35:21 - [TEST_STEP][PASSED] - setText: Text '10' is set on object 'Object Repository/Emergency/Page_KDMC - Emergency/input_txttreat'

2018-05-14 14:35:21 - [MESSAGE][PASSED] - Text '10' is set on object 'Object Repository/Emergency/Page_KDMC - Emergency/input_txttreat'

2018-05-14 14:35:21 - [TEST_STEP][PASSED] - click: Object: 'Object Repository/Emergency/Page_KDMC - Emergency/button_Add' is clicked on

2018-05-14 14:35:26 - [MESSAGE][PASSED] - Object: 'Object Repository/Emergency/Page_KDMC - Emergency/button_Add' is clicked on

2018-05-14 14:35:26 - [TEST_STEP][PASSED] - selectOptionByIndex: All options with index in [3] are selected on object 'Object Repository/Emergency/Page_KDMC - Emergency/select_--Select--Schedule 1Inj'

2018-05-14 14:35:26 - [MESSAGE][PASSED] - All options with index in [3] are selected on object 'Object Repository/Emergency/Page_KDMC - Emergency/select_--Select--Schedule 1Inj'

2018-05-14 14:35:26 - [TEST_STEP][PASSED] - selectOptionByIndex: All options with index in [16] are selected on object 'Object Repository/Emergency/Page_KDMC - Emergency/select_--Select--Adernaline 0.'

2018-05-14 14:35:26 - [MESSAGE][PASSED] - All options with index in [16] are selected on object 'Object Repository/Emergency/Page_KDMC - Emergency/select_--Select--Adernaline 0.'

2018-05-14 14:35:26 - [TEST_STEP][PASSED] - setText: Text '10' is set on object 'Object Repository/Emergency/Page_KDMC - Emergency/input_txttreat'

2018-05-14 14:35:26 - [MESSAGE][PASSED] - Text '10' is set on object 'Object Repository/Emergency/Page_KDMC - Emergency/input_txttreat'

2018-05-14 14:35:26 - [TEST_STEP][PASSED] - click: Object: 'Object Repository/Emergency/Page_KDMC - Emergency/button_Add' is clicked on

2018-05-14 14:35:31 - [MESSAGE][PASSED] - Object: 'Object Repository/Emergency/Page_KDMC - Emergency/button_Add' is clicked on

2018-05-14 14:35:31 - [TEST_STEP][PASSED] - scrollToElement: Scroll to object 'Object Repository/Emergency/Page_KDMC - Emergency/input_btnsave' successfully

2018-05-14 14:35:31 - [MESSAGE][PASSED] - Scroll to object 'Object Repository/Emergency/Page_KDMC - Emergency/input_btnsave' successfully

2018-05-14 14:35:31 - [TEST_STEP][PASSED] - click: Object: 'Object Repository/Emergency/Page_KDMC - Emergency/input_btnsave' is clicked on

2018-05-14 14:35:36 - [MESSAGE][PASSED] - Object: 'Object Repository/Emergency/Page_KDMC - Emergency/input_btnsave' is clicked on

2018-05-14 14:35:36 - [TEST_STEP][PASSED] - delay: Delayed 3 second(s)

2018-05-14 14:35:39 - [MESSAGE][PASSED] - Delayed 3 second(s)

2018-05-14 14:35:39 - [TEST_STEP][PASSED] - Statement - RequestNumber = com.kms.katalon.core.webui.keyword.WebUiBuiltInKeywords.getText(com.kms.katalon.core.testobject.ObjectRepository.findTestObject(Emergency/Page_KDMC - Emergency/font_ERNO100520183)): Text of object 'Object Repository/Emergency/Page_KDMC - Emergency/font_ERNO100520183' is: ''

2018-05-14 14:35:40 - [MESSAGE][PASSED] - Text of object 'Object Repository/Emergency/Page_KDMC - Emergency/font_ERNO100520183' is: ''

2018-05-14 14:35:40 - [TEST_STEP][PASSED] - Statement - Rno = RequestNumber.split("/")[2]: null]]></system-out>
         <system-err><![CDATA[2018-05-14 14:33:38 - [TEST_CASE][ERROR] - Test Cases/EMERGENCY TEST CASES/TC_ER_003 Verify Schedule 5 Emergency  Request Are Working Successfully Or Not: Test Cases/EMERGENCY TEST CASES/TC_ER_003 Verify Schedule 5 Emergency  Request Are Working Successfully Or Not FAILED because (of) java.lang.ArrayIndexOutOfBoundsException: 2]]></system-err>
      </testcase>
      <testcase name="Test Cases/EMERGENCY TEST CASES/TC_ER_004 Verify Schedule 7 Emergency  Request Are Working Successfully Or Not" classname="Test Cases/EMERGENCY TEST CASES/TC_ER_004 Verify Schedule 7 Emergency  Request Are Working Successfully Or Not" status="PASSED">
         <system-out><![CDATA[2018-05-14 14:35:40 - [TEST_CASE][PASSED] - Test Cases/EMERGENCY TEST CASES/TC_ER_004 Verify Schedule 7 Emergency  Request Are Working Successfully Or Not: Test Cases/EMERGENCY TEST CASES/TC_ER_004 Verify Schedule 7 Emergency  Request Are Working Successfully Or Not

2018-05-14 14:35:40 - [TEST_STEP][PASSED] - openBrowser: Browser is opened with url: ''

2018-05-14 14:35:40 - [MESSAGE][WARNING] - A browser is already opened. Closing browser and opening a new one

2018-05-14 14:35:43 - [MESSAGE][PASSED] - Browser is opened with url: ''

2018-05-14 14:35:43 - [TEST_STEP][PASSED] - Statement - out.println("Verify Schedule 7 Emergency  Request Are Working Successfully Or Not"): null

2018-05-14 14:35:43 - [TEST_STEP][PASSED] - navigateToUrl: Navigate to 'http://192.168.137.1/Multihospital_New/EmergencyLogin.aspx' successfully

2018-05-14 14:36:01 - [MESSAGE][PASSED] - Navigate to 'http://192.168.137.1/Multihospital_New/EmergencyLogin.aspx' successfully

2018-05-14 14:36:01 - [TEST_STEP][PASSED] - maximizeWindow: Current window maximized

2018-05-14 14:36:03 - [MESSAGE][PASSED] - Current window maximized

2018-05-14 14:36:03 - [TEST_STEP][PASSED] - setText: Text 'nivetha' is set on object 'Object Repository/Emergency/Page_Emergency login/input_txtusername'

2018-05-14 14:36:03 - [MESSAGE][PASSED] - Text 'nivetha' is set on object 'Object Repository/Emergency/Page_Emergency login/input_txtusername'

2018-05-14 14:36:03 - [TEST_STEP][PASSED] - setText: Text '123' is set on object 'Object Repository/Emergency/Page_Emergency login/input_txtpassword'

2018-05-14 14:36:03 - [MESSAGE][PASSED] - Text '123' is set on object 'Object Repository/Emergency/Page_Emergency login/input_txtpassword'

2018-05-14 14:36:03 - [TEST_STEP][PASSED] - delay: Delayed 3 second(s)

2018-05-14 14:36:06 - [MESSAGE][PASSED] - Delayed 3 second(s)

2018-05-14 14:36:06 - [TEST_STEP][PASSED] - click: Object: 'Object Repository/Emergency/Page_Emergency login/button_Sign in' is clicked on

2018-05-14 14:36:19 - [MESSAGE][PASSED] - Object: 'Object Repository/Emergency/Page_Emergency login/button_Sign in' is clicked on

2018-05-14 14:36:19 - [TEST_STEP][PASSED] - delay: Delayed 3 second(s)

2018-05-14 14:36:22 - [MESSAGE][PASSED] - Delayed 3 second(s)

2018-05-14 14:36:22 - [TEST_STEP][PASSED] - click: Object: 'Object Repository/Emergency/Page_KDMC - Emergency/a_Store Request' is clicked on

2018-05-14 14:36:45 - [MESSAGE][PASSED] - Object: 'Object Repository/Emergency/Page_KDMC - Emergency/a_Store Request' is clicked on

2018-05-14 14:36:45 - [TEST_STEP][PASSED] - delay: Delayed 2 second(s)

2018-05-14 14:36:47 - [MESSAGE][PASSED] - Delayed 2 second(s)

2018-05-14 14:36:47 - [TEST_STEP][PASSED] - click: Object: 'Object Repository/Emergency/Page_KDMC - Emergency/a_Medicine Request' is clicked on

2018-05-14 14:36:48 - [MESSAGE][PASSED] - Object: 'Object Repository/Emergency/Page_KDMC - Emergency/a_Medicine Request' is clicked on

2018-05-14 14:36:48 - [TEST_STEP][PASSED] - delay: Delayed 2 second(s)

2018-05-14 14:36:50 - [MESSAGE][PASSED] - Delayed 2 second(s)

2018-05-14 14:36:50 - [TEST_STEP][PASSED] - selectOptionByIndex: All options with index in [4] are selected on object 'Object Repository/Emergency/Page_KDMC - Emergency/select_--Select--Schedule 1Inj'

2018-05-14 14:36:50 - [MESSAGE][PASSED] - All options with index in [4] are selected on object 'Object Repository/Emergency/Page_KDMC - Emergency/select_--Select--Schedule 1Inj'

2018-05-14 14:36:50 - [TEST_STEP][PASSED] - Statement - seletedoptions = com.kms.katalon.core.webui.keyword.WebUiBuiltInKeywords.getNumberOfTotalOption(com.kms.katalon.core.testobject.ObjectRepository.findTestObject(Emergency/Page_KDMC - Emergency/select_--Select--Adernaline 0.)): 24 options of object 'Object Repository/Emergency/Page_KDMC - Emergency/select_--Select--Adernaline 0.' counted

2018-05-14 14:36:50 - [MESSAGE][PASSED] - 24 options of object 'Object Repository/Emergency/Page_KDMC - Emergency/select_--Select--Adernaline 0.' counted

2018-05-14 14:36:50 - [TEST_STEP][PASSED] - Statement - For ([u = 1, u < seletedoptions, (u++)]): Object: 'Object Repository/Emergency/Page_KDMC - Emergency/button_Add' is clicked on

2018-05-14 14:36:50 - [TEST_STEP][PASSED] - selectOptionByIndex: All options with index in [4] are selected on object 'Object Repository/Emergency/Page_KDMC - Emergency/select_--Select--Schedule 1Inj'

2018-05-14 14:36:50 - [MESSAGE][PASSED] - All options with index in [4] are selected on object 'Object Repository/Emergency/Page_KDMC - Emergency/select_--Select--Schedule 1Inj'

2018-05-14 14:36:50 - [TEST_STEP][PASSED] - selectOptionByIndex: All options with index in [1] are selected on object 'Object Repository/Emergency/Page_KDMC - Emergency/select_--Select--Adernaline 0.'

2018-05-14 14:36:50 - [MESSAGE][PASSED] - All options with index in [1] are selected on object 'Object Repository/Emergency/Page_KDMC - Emergency/select_--Select--Adernaline 0.'

2018-05-14 14:36:50 - [TEST_STEP][PASSED] - setText: Text '10' is set on object 'Object Repository/Emergency/Page_KDMC - Emergency/input_txttreat'

2018-05-14 14:36:50 - [MESSAGE][PASSED] - Text '10' is set on object 'Object Repository/Emergency/Page_KDMC - Emergency/input_txttreat'

2018-05-14 14:36:50 - [TEST_STEP][PASSED] - click: Object: 'Object Repository/Emergency/Page_KDMC - Emergency/button_Add' is clicked on

2018-05-14 14:36:50 - [MESSAGE][PASSED] - Object: 'Object Repository/Emergency/Page_KDMC - Emergency/button_Add' is clicked on

2018-05-14 14:36:50 - [TEST_STEP][PASSED] - selectOptionByIndex: All options with index in [4] are selected on object 'Object Repository/Emergency/Page_KDMC - Emergency/select_--Select--Schedule 1Inj'

2018-05-14 14:36:51 - [MESSAGE][PASSED] - All options with index in [4] are selected on object 'Object Repository/Emergency/Page_KDMC - Emergency/select_--Select--Schedule 1Inj'

2018-05-14 14:36:51 - [TEST_STEP][PASSED] - selectOptionByIndex: All options with index in [2] are selected on object 'Object Repository/Emergency/Page_KDMC - Emergency/select_--Select--Adernaline 0.'

2018-05-14 14:36:51 - [MESSAGE][PASSED] - All options with index in [2] are selected on object 'Object Repository/Emergency/Page_KDMC - Emergency/select_--Select--Adernaline 0.'

2018-05-14 14:36:51 - [TEST_STEP][PASSED] - setText: Text '10' is set on object 'Object Repository/Emergency/Page_KDMC - Emergency/input_txttreat'

2018-05-14 14:36:51 - [MESSAGE][PASSED] - Text '10' is set on object 'Object Repository/Emergency/Page_KDMC - Emergency/input_txttreat'

2018-05-14 14:36:51 - [TEST_STEP][PASSED] - click: Object: 'Object Repository/Emergency/Page_KDMC - Emergency/button_Add' is clicked on

2018-05-14 14:36:51 - [MESSAGE][PASSED] - Object: 'Object Repository/Emergency/Page_KDMC - Emergency/button_Add' is clicked on

2018-05-14 14:36:51 - [TEST_STEP][PASSED] - selectOptionByIndex: All options with index in [4] are selected on object 'Object Repository/Emergency/Page_KDMC - Emergency/select_--Select--Schedule 1Inj'

2018-05-14 14:36:51 - [MESSAGE][PASSED] - All options with index in [4] are selected on object 'Object Repository/Emergency/Page_KDMC - Emergency/select_--Select--Schedule 1Inj'

2018-05-14 14:36:51 - [TEST_STEP][PASSED] - selectOptionByIndex: All options with index in [3] are selected on object 'Object Repository/Emergency/Page_KDMC - Emergency/select_--Select--Adernaline 0.'

2018-05-14 14:36:51 - [MESSAGE][PASSED] - All options with index in [3] are selected on object 'Object Repository/Emergency/Page_KDMC - Emergency/select_--Select--Adernaline 0.'

2018-05-14 14:36:51 - [TEST_STEP][PASSED] - setText: Text '10' is set on object 'Object Repository/Emergency/Page_KDMC - Emergency/input_txttreat'

2018-05-14 14:36:51 - [MESSAGE][PASSED] - Text '10' is set on object 'Object Repository/Emergency/Page_KDMC - Emergency/input_txttreat'

2018-05-14 14:36:51 - [TEST_STEP][PASSED] - click: Object: 'Object Repository/Emergency/Page_KDMC - Emergency/button_Add' is clicked on

2018-05-14 14:36:51 - [MESSAGE][PASSED] - Object: 'Object Repository/Emergency/Page_KDMC - Emergency/button_Add' is clicked on

2018-05-14 14:36:51 - [TEST_STEP][PASSED] - selectOptionByIndex: All options with index in [4] are selected on object 'Object Repository/Emergency/Page_KDMC - Emergency/select_--Select--Schedule 1Inj'

2018-05-14 14:36:52 - [MESSAGE][PASSED] - All options with index in [4] are selected on object 'Object Repository/Emergency/Page_KDMC - Emergency/select_--Select--Schedule 1Inj'

2018-05-14 14:36:52 - [TEST_STEP][PASSED] - selectOptionByIndex: All options with index in [4] are selected on object 'Object Repository/Emergency/Page_KDMC - Emergency/select_--Select--Adernaline 0.'

2018-05-14 14:36:52 - [MESSAGE][PASSED] - All options with index in [4] are selected on object 'Object Repository/Emergency/Page_KDMC - Emergency/select_--Select--Adernaline 0.'

2018-05-14 14:36:52 - [TEST_STEP][PASSED] - setText: Text '10' is set on object 'Object Repository/Emergency/Page_KDMC - Emergency/input_txttreat'

2018-05-14 14:36:52 - [MESSAGE][PASSED] - Text '10' is set on object 'Object Repository/Emergency/Page_KDMC - Emergency/input_txttreat'

2018-05-14 14:36:52 - [TEST_STEP][PASSED] - click: Object: 'Object Repository/Emergency/Page_KDMC - Emergency/button_Add' is clicked on

2018-05-14 14:36:52 - [MESSAGE][PASSED] - Object: 'Object Repository/Emergency/Page_KDMC - Emergency/button_Add' is clicked on

2018-05-14 14:36:52 - [TEST_STEP][PASSED] - selectOptionByIndex: All options with index in [4] are selected on object 'Object Repository/Emergency/Page_KDMC - Emergency/select_--Select--Schedule 1Inj'

2018-05-14 14:36:52 - [MESSAGE][PASSED] - All options with index in [4] are selected on object 'Object Repository/Emergency/Page_KDMC - Emergency/select_--Select--Schedule 1Inj'

2018-05-14 14:36:52 - [TEST_STEP][PASSED] - selectOptionByIndex: All options with index in [5] are selected on object 'Object Repository/Emergency/Page_KDMC - Emergency/select_--Select--Adernaline 0.'

2018-05-14 14:36:52 - [MESSAGE][PASSED] - All options with index in [5] are selected on object 'Object Repository/Emergency/Page_KDMC - Emergency/select_--Select--Adernaline 0.'

2018-05-14 14:36:52 - [TEST_STEP][PASSED] - setText: Text '10' is set on object 'Object Repository/Emergency/Page_KDMC - Emergency/input_txttreat'

2018-05-14 14:36:52 - [MESSAGE][PASSED] - Text '10' is set on object 'Object Repository/Emergency/Page_KDMC - Emergency/input_txttreat'

2018-05-14 14:36:52 - [TEST_STEP][PASSED] - click: Object: 'Object Repository/Emergency/Page_KDMC - Emergency/button_Add' is clicked on

2018-05-14 14:36:52 - [MESSAGE][PASSED] - Object: 'Object Repository/Emergency/Page_KDMC - Emergency/button_Add' is clicked on

2018-05-14 14:36:52 - [TEST_STEP][PASSED] - selectOptionByIndex: All options with index in [4] are selected on object 'Object Repository/Emergency/Page_KDMC - Emergency/select_--Select--Schedule 1Inj'

2018-05-14 14:36:53 - [MESSAGE][PASSED] - All options with index in [4] are selected on object 'Object Repository/Emergency/Page_KDMC - Emergency/select_--Select--Schedule 1Inj'

2018-05-14 14:36:53 - [TEST_STEP][PASSED] - selectOptionByIndex: All options with index in [6] are selected on object 'Object Repository/Emergency/Page_KDMC - Emergency/select_--Select--Adernaline 0.'

2018-05-14 14:36:53 - [MESSAGE][PASSED] - All options with index in [6] are selected on object 'Object Repository/Emergency/Page_KDMC - Emergency/select_--Select--Adernaline 0.'

2018-05-14 14:36:53 - [TEST_STEP][PASSED] - setText: Text '10' is set on object 'Object Repository/Emergency/Page_KDMC - Emergency/input_txttreat'

2018-05-14 14:36:53 - [MESSAGE][PASSED] - Text '10' is set on object 'Object Repository/Emergency/Page_KDMC - Emergency/input_txttreat'

2018-05-14 14:36:53 - [TEST_STEP][PASSED] - click: Object: 'Object Repository/Emergency/Page_KDMC - Emergency/button_Add' is clicked on

2018-05-14 14:36:53 - [MESSAGE][PASSED] - Object: 'Object Repository/Emergency/Page_KDMC - Emergency/button_Add' is clicked on

2018-05-14 14:36:53 - [TEST_STEP][PASSED] - selectOptionByIndex: All options with index in [4] are selected on object 'Object Repository/Emergency/Page_KDMC - Emergency/select_--Select--Schedule 1Inj'

2018-05-14 14:36:53 - [MESSAGE][PASSED] - All options with index in [4] are selected on object 'Object Repository/Emergency/Page_KDMC - Emergency/select_--Select--Schedule 1Inj'

2018-05-14 14:36:53 - [TEST_STEP][PASSED] - selectOptionByIndex: All options with index in [7] are selected on object 'Object Repository/Emergency/Page_KDMC - Emergency/select_--Select--Adernaline 0.'

2018-05-14 14:36:53 - [MESSAGE][PASSED] - All options with index in [7] are selected on object 'Object Repository/Emergency/Page_KDMC - Emergency/select_--Select--Adernaline 0.'

2018-05-14 14:36:53 - [TEST_STEP][PASSED] - setText: Text '10' is set on object 'Object Repository/Emergency/Page_KDMC - Emergency/input_txttreat'

2018-05-14 14:36:53 - [MESSAGE][PASSED] - Text '10' is set on object 'Object Repository/Emergency/Page_KDMC - Emergency/input_txttreat'

2018-05-14 14:36:53 - [TEST_STEP][PASSED] - click: Object: 'Object Repository/Emergency/Page_KDMC - Emergency/button_Add' is clicked on

2018-05-14 14:36:53 - [MESSAGE][PASSED] - Object: 'Object Repository/Emergency/Page_KDMC - Emergency/button_Add' is clicked on

2018-05-14 14:36:53 - [TEST_STEP][PASSED] - selectOptionByIndex: All options with index in [4] are selected on object 'Object Repository/Emergency/Page_KDMC - Emergency/select_--Select--Schedule 1Inj'

2018-05-14 14:36:54 - [MESSAGE][PASSED] - All options with index in [4] are selected on object 'Object Repository/Emergency/Page_KDMC - Emergency/select_--Select--Schedule 1Inj'

2018-05-14 14:36:54 - [TEST_STEP][PASSED] - selectOptionByIndex: All options with index in [8] are selected on object 'Object Repository/Emergency/Page_KDMC - Emergency/select_--Select--Adernaline 0.'

2018-05-14 14:36:54 - [MESSAGE][PASSED] - All options with index in [8] are selected on object 'Object Repository/Emergency/Page_KDMC - Emergency/select_--Select--Adernaline 0.'

2018-05-14 14:36:54 - [TEST_STEP][PASSED] - setText: Text '10' is set on object 'Object Repository/Emergency/Page_KDMC - Emergency/input_txttreat'

2018-05-14 14:36:54 - [MESSAGE][PASSED] - Text '10' is set on object 'Object Repository/Emergency/Page_KDMC - Emergency/input_txttreat'

2018-05-14 14:36:54 - [TEST_STEP][PASSED] - click: Object: 'Object Repository/Emergency/Page_KDMC - Emergency/button_Add' is clicked on

2018-05-14 14:36:54 - [MESSAGE][PASSED] - Object: 'Object Repository/Emergency/Page_KDMC - Emergency/button_Add' is clicked on

2018-05-14 14:36:54 - [TEST_STEP][PASSED] - selectOptionByIndex: All options with index in [4] are selected on object 'Object Repository/Emergency/Page_KDMC - Emergency/select_--Select--Schedule 1Inj'

2018-05-14 14:36:54 - [MESSAGE][PASSED] - All options with index in [4] are selected on object 'Object Repository/Emergency/Page_KDMC - Emergency/select_--Select--Schedule 1Inj'

2018-05-14 14:36:54 - [TEST_STEP][PASSED] - selectOptionByIndex: All options with index in [9] are selected on object 'Object Repository/Emergency/Page_KDMC - Emergency/select_--Select--Adernaline 0.'

2018-05-14 14:36:54 - [MESSAGE][PASSED] - All options with index in [9] are selected on object 'Object Repository/Emergency/Page_KDMC - Emergency/select_--Select--Adernaline 0.'

2018-05-14 14:36:54 - [TEST_STEP][PASSED] - setText: Text '10' is set on object 'Object Repository/Emergency/Page_KDMC - Emergency/input_txttreat'

2018-05-14 14:36:54 - [MESSAGE][PASSED] - Text '10' is set on object 'Object Repository/Emergency/Page_KDMC - Emergency/input_txttreat'

2018-05-14 14:36:54 - [TEST_STEP][PASSED] - click: Object: 'Object Repository/Emergency/Page_KDMC - Emergency/button_Add' is clicked on

2018-05-14 14:36:55 - [MESSAGE][PASSED] - Object: 'Object Repository/Emergency/Page_KDMC - Emergency/button_Add' is clicked on

2018-05-14 14:36:55 - [TEST_STEP][PASSED] - selectOptionByIndex: All options with index in [4] are selected on object 'Object Repository/Emergency/Page_KDMC - Emergency/select_--Select--Schedule 1Inj'

2018-05-14 14:36:55 - [MESSAGE][PASSED] - All options with index in [4] are selected on object 'Object Repository/Emergency/Page_KDMC - Emergency/select_--Select--Schedule 1Inj'

2018-05-14 14:36:55 - [TEST_STEP][PASSED] - selectOptionByIndex: All options with index in [10] are selected on object 'Object Repository/Emergency/Page_KDMC - Emergency/select_--Select--Adernaline 0.'

2018-05-14 14:36:55 - [MESSAGE][PASSED] - All options with index in [10] are selected on object 'Object Repository/Emergency/Page_KDMC - Emergency/select_--Select--Adernaline 0.'

2018-05-14 14:36:55 - [TEST_STEP][PASSED] - setText: Text '10' is set on object 'Object Repository/Emergency/Page_KDMC - Emergency/input_txttreat'

2018-05-14 14:36:55 - [MESSAGE][PASSED] - Text '10' is set on object 'Object Repository/Emergency/Page_KDMC - Emergency/input_txttreat'

2018-05-14 14:36:55 - [TEST_STEP][PASSED] - click: Object: 'Object Repository/Emergency/Page_KDMC - Emergency/button_Add' is clicked on

2018-05-14 14:36:55 - [MESSAGE][PASSED] - Object: 'Object Repository/Emergency/Page_KDMC - Emergency/button_Add' is clicked on

2018-05-14 14:36:55 - [TEST_STEP][PASSED] - selectOptionByIndex: All options with index in [4] are selected on object 'Object Repository/Emergency/Page_KDMC - Emergency/select_--Select--Schedule 1Inj'

2018-05-14 14:36:55 - [MESSAGE][PASSED] - All options with index in [4] are selected on object 'Object Repository/Emergency/Page_KDMC - Emergency/select_--Select--Schedule 1Inj'

2018-05-14 14:36:55 - [TEST_STEP][PASSED] - selectOptionByIndex: All options with index in [11] are selected on object 'Object Repository/Emergency/Page_KDMC - Emergency/select_--Select--Adernaline 0.'

2018-05-14 14:36:56 - [MESSAGE][PASSED] - All options with index in [11] are selected on object 'Object Repository/Emergency/Page_KDMC - Emergency/select_--Select--Adernaline 0.'

2018-05-14 14:36:56 - [TEST_STEP][PASSED] - setText: Text '10' is set on object 'Object Repository/Emergency/Page_KDMC - Emergency/input_txttreat'

2018-05-14 14:36:56 - [MESSAGE][PASSED] - Text '10' is set on object 'Object Repository/Emergency/Page_KDMC - Emergency/input_txttreat'

2018-05-14 14:36:56 - [TEST_STEP][PASSED] - click: Object: 'Object Repository/Emergency/Page_KDMC - Emergency/button_Add' is clicked on

2018-05-14 14:36:56 - [MESSAGE][PASSED] - Object: 'Object Repository/Emergency/Page_KDMC - Emergency/button_Add' is clicked on

2018-05-14 14:36:56 - [TEST_STEP][PASSED] - selectOptionByIndex: All options with index in [4] are selected on object 'Object Repository/Emergency/Page_KDMC - Emergency/select_--Select--Schedule 1Inj'

2018-05-14 14:36:56 - [MESSAGE][PASSED] - All options with index in [4] are selected on object 'Object Repository/Emergency/Page_KDMC - Emergency/select_--Select--Schedule 1Inj'

2018-05-14 14:36:56 - [TEST_STEP][PASSED] - selectOptionByIndex: All options with index in [12] are selected on object 'Object Repository/Emergency/Page_KDMC - Emergency/select_--Select--Adernaline 0.'

2018-05-14 14:36:57 - [MESSAGE][PASSED] - All options with index in [12] are selected on object 'Object Repository/Emergency/Page_KDMC - Emergency/select_--Select--Adernaline 0.'

2018-05-14 14:36:57 - [TEST_STEP][PASSED] - setText: Text '10' is set on object 'Object Repository/Emergency/Page_KDMC - Emergency/input_txttreat'

2018-05-14 14:36:57 - [MESSAGE][PASSED] - Text '10' is set on object 'Object Repository/Emergency/Page_KDMC - Emergency/input_txttreat'

2018-05-14 14:36:57 - [TEST_STEP][PASSED] - click: Object: 'Object Repository/Emergency/Page_KDMC - Emergency/button_Add' is clicked on

2018-05-14 14:36:57 - [MESSAGE][PASSED] - Object: 'Object Repository/Emergency/Page_KDMC - Emergency/button_Add' is clicked on

2018-05-14 14:36:57 - [TEST_STEP][PASSED] - selectOptionByIndex: All options with index in [4] are selected on object 'Object Repository/Emergency/Page_KDMC - Emergency/select_--Select--Schedule 1Inj'

2018-05-14 14:36:57 - [MESSAGE][PASSED] - All options with index in [4] are selected on object 'Object Repository/Emergency/Page_KDMC - Emergency/select_--Select--Schedule 1Inj'

2018-05-14 14:36:57 - [TEST_STEP][PASSED] - selectOptionByIndex: All options with index in [13] are selected on object 'Object Repository/Emergency/Page_KDMC - Emergency/select_--Select--Adernaline 0.'

2018-05-14 14:36:57 - [MESSAGE][PASSED] - All options with index in [13] are selected on object 'Object Repository/Emergency/Page_KDMC - Emergency/select_--Select--Adernaline 0.'

2018-05-14 14:36:57 - [TEST_STEP][PASSED] - setText: Text '10' is set on object 'Object Repository/Emergency/Page_KDMC - Emergency/input_txttreat'

2018-05-14 14:36:57 - [MESSAGE][PASSED] - Text '10' is set on object 'Object Repository/Emergency/Page_KDMC - Emergency/input_txttreat'

2018-05-14 14:36:57 - [TEST_STEP][PASSED] - click: Object: 'Object Repository/Emergency/Page_KDMC - Emergency/button_Add' is clicked on

2018-05-14 14:36:58 - [MESSAGE][PASSED] - Object: 'Object Repository/Emergency/Page_KDMC - Emergency/button_Add' is clicked on

2018-05-14 14:36:58 - [TEST_STEP][PASSED] - selectOptionByIndex: All options with index in [4] are selected on object 'Object Repository/Emergency/Page_KDMC - Emergency/select_--Select--Schedule 1Inj'

2018-05-14 14:36:58 - [MESSAGE][PASSED] - All options with index in [4] are selected on object 'Object Repository/Emergency/Page_KDMC - Emergency/select_--Select--Schedule 1Inj'

2018-05-14 14:36:58 - [TEST_STEP][PASSED] - selectOptionByIndex: All options with index in [14] are selected on object 'Object Repository/Emergency/Page_KDMC - Emergency/select_--Select--Adernaline 0.'

2018-05-14 14:36:58 - [MESSAGE][PASSED] - All options with index in [14] are selected on object 'Object Repository/Emergency/Page_KDMC - Emergency/select_--Select--Adernaline 0.'

2018-05-14 14:36:58 - [TEST_STEP][PASSED] - setText: Text '10' is set on object 'Object Repository/Emergency/Page_KDMC - Emergency/input_txttreat'

2018-05-14 14:36:58 - [MESSAGE][PASSED] - Text '10' is set on object 'Object Repository/Emergency/Page_KDMC - Emergency/input_txttreat'

2018-05-14 14:36:58 - [TEST_STEP][PASSED] - click: Object: 'Object Repository/Emergency/Page_KDMC - Emergency/button_Add' is clicked on

2018-05-14 14:36:58 - [MESSAGE][PASSED] - Object: 'Object Repository/Emergency/Page_KDMC - Emergency/button_Add' is clicked on

2018-05-14 14:36:58 - [TEST_STEP][PASSED] - selectOptionByIndex: All options with index in [4] are selected on object 'Object Repository/Emergency/Page_KDMC - Emergency/select_--Select--Schedule 1Inj'

2018-05-14 14:36:58 - [MESSAGE][PASSED] - All options with index in [4] are selected on object 'Object Repository/Emergency/Page_KDMC - Emergency/select_--Select--Schedule 1Inj'

2018-05-14 14:36:58 - [TEST_STEP][PASSED] - selectOptionByIndex: All options with index in [15] are selected on object 'Object Repository/Emergency/Page_KDMC - Emergency/select_--Select--Adernaline 0.'

2018-05-14 14:36:59 - [MESSAGE][PASSED] - All options with index in [15] are selected on object 'Object Repository/Emergency/Page_KDMC - Emergency/select_--Select--Adernaline 0.'

2018-05-14 14:36:59 - [TEST_STEP][PASSED] - setText: Text '10' is set on object 'Object Repository/Emergency/Page_KDMC - Emergency/input_txttreat'

2018-05-14 14:36:59 - [MESSAGE][PASSED] - Text '10' is set on object 'Object Repository/Emergency/Page_KDMC - Emergency/input_txttreat'

2018-05-14 14:36:59 - [TEST_STEP][PASSED] - click: Object: 'Object Repository/Emergency/Page_KDMC - Emergency/button_Add' is clicked on

2018-05-14 14:36:59 - [MESSAGE][PASSED] - Object: 'Object Repository/Emergency/Page_KDMC - Emergency/button_Add' is clicked on

2018-05-14 14:36:59 - [TEST_STEP][PASSED] - selectOptionByIndex: All options with index in [4] are selected on object 'Object Repository/Emergency/Page_KDMC - Emergency/select_--Select--Schedule 1Inj'

2018-05-14 14:36:59 - [MESSAGE][PASSED] - All options with index in [4] are selected on object 'Object Repository/Emergency/Page_KDMC - Emergency/select_--Select--Schedule 1Inj'

2018-05-14 14:36:59 - [TEST_STEP][PASSED] - selectOptionByIndex: All options with index in [16] are selected on object 'Object Repository/Emergency/Page_KDMC - Emergency/select_--Select--Adernaline 0.'

2018-05-14 14:37:00 - [MESSAGE][PASSED] - All options with index in [16] are selected on object 'Object Repository/Emergency/Page_KDMC - Emergency/select_--Select--Adernaline 0.'

2018-05-14 14:37:00 - [TEST_STEP][PASSED] - setText: Text '10' is set on object 'Object Repository/Emergency/Page_KDMC - Emergency/input_txttreat'

2018-05-14 14:37:00 - [MESSAGE][PASSED] - Text '10' is set on object 'Object Repository/Emergency/Page_KDMC - Emergency/input_txttreat'

2018-05-14 14:37:00 - [TEST_STEP][PASSED] - click: Object: 'Object Repository/Emergency/Page_KDMC - Emergency/button_Add' is clicked on

2018-05-14 14:37:00 - [MESSAGE][PASSED] - Object: 'Object Repository/Emergency/Page_KDMC - Emergency/button_Add' is clicked on

2018-05-14 14:37:00 - [TEST_STEP][PASSED] - selectOptionByIndex: All options with index in [4] are selected on object 'Object Repository/Emergency/Page_KDMC - Emergency/select_--Select--Schedule 1Inj'

2018-05-14 14:37:00 - [MESSAGE][PASSED] - All options with index in [4] are selected on object 'Object Repository/Emergency/Page_KDMC - Emergency/select_--Select--Schedule 1Inj'

2018-05-14 14:37:00 - [TEST_STEP][PASSED] - selectOptionByIndex: All options with index in [17] are selected on object 'Object Repository/Emergency/Page_KDMC - Emergency/select_--Select--Adernaline 0.'

2018-05-14 14:37:00 - [MESSAGE][PASSED] - All options with index in [17] are selected on object 'Object Repository/Emergency/Page_KDMC - Emergency/select_--Select--Adernaline 0.'

2018-05-14 14:37:00 - [TEST_STEP][PASSED] - setText: Text '10' is set on object 'Object Repository/Emergency/Page_KDMC - Emergency/input_txttreat'

2018-05-14 14:37:00 - [MESSAGE][PASSED] - Text '10' is set on object 'Object Repository/Emergency/Page_KDMC - Emergency/input_txttreat'

2018-05-14 14:37:00 - [TEST_STEP][PASSED] - click: Object: 'Object Repository/Emergency/Page_KDMC - Emergency/button_Add' is clicked on

2018-05-14 14:37:01 - [MESSAGE][PASSED] - Object: 'Object Repository/Emergency/Page_KDMC - Emergency/button_Add' is clicked on

2018-05-14 14:37:01 - [TEST_STEP][PASSED] - selectOptionByIndex: All options with index in [4] are selected on object 'Object Repository/Emergency/Page_KDMC - Emergency/select_--Select--Schedule 1Inj'

2018-05-14 14:37:01 - [MESSAGE][PASSED] - All options with index in [4] are selected on object 'Object Repository/Emergency/Page_KDMC - Emergency/select_--Select--Schedule 1Inj'

2018-05-14 14:37:01 - [TEST_STEP][PASSED] - selectOptionByIndex: All options with index in [18] are selected on object 'Object Repository/Emergency/Page_KDMC - Emergency/select_--Select--Adernaline 0.'

2018-05-14 14:37:01 - [MESSAGE][PASSED] - All options with index in [18] are selected on object 'Object Repository/Emergency/Page_KDMC - Emergency/select_--Select--Adernaline 0.'

2018-05-14 14:37:01 - [TEST_STEP][PASSED] - setText: Text '10' is set on object 'Object Repository/Emergency/Page_KDMC - Emergency/input_txttreat'

2018-05-14 14:37:01 - [MESSAGE][PASSED] - Text '10' is set on object 'Object Repository/Emergency/Page_KDMC - Emergency/input_txttreat'

2018-05-14 14:37:01 - [TEST_STEP][PASSED] - click: Object: 'Object Repository/Emergency/Page_KDMC - Emergency/button_Add' is clicked on

2018-05-14 14:37:01 - [MESSAGE][PASSED] - Object: 'Object Repository/Emergency/Page_KDMC - Emergency/button_Add' is clicked on

2018-05-14 14:37:01 - [TEST_STEP][PASSED] - selectOptionByIndex: All options with index in [4] are selected on object 'Object Repository/Emergency/Page_KDMC - Emergency/select_--Select--Schedule 1Inj'

2018-05-14 14:37:02 - [MESSAGE][PASSED] - All options with index in [4] are selected on object 'Object Repository/Emergency/Page_KDMC - Emergency/select_--Select--Schedule 1Inj'

2018-05-14 14:37:02 - [TEST_STEP][PASSED] - selectOptionByIndex: All options with index in [19] are selected on object 'Object Repository/Emergency/Page_KDMC - Emergency/select_--Select--Adernaline 0.'

2018-05-14 14:37:02 - [MESSAGE][PASSED] - All options with index in [19] are selected on object 'Object Repository/Emergency/Page_KDMC - Emergency/select_--Select--Adernaline 0.'

2018-05-14 14:37:02 - [TEST_STEP][PASSED] - setText: Text '10' is set on object 'Object Repository/Emergency/Page_KDMC - Emergency/input_txttreat'

2018-05-14 14:37:02 - [MESSAGE][PASSED] - Text '10' is set on object 'Object Repository/Emergency/Page_KDMC - Emergency/input_txttreat'

2018-05-14 14:37:02 - [TEST_STEP][PASSED] - click: Object: 'Object Repository/Emergency/Page_KDMC - Emergency/button_Add' is clicked on

2018-05-14 14:37:02 - [MESSAGE][PASSED] - Object: 'Object Repository/Emergency/Page_KDMC - Emergency/button_Add' is clicked on

2018-05-14 14:37:02 - [TEST_STEP][PASSED] - selectOptionByIndex: All options with index in [4] are selected on object 'Object Repository/Emergency/Page_KDMC - Emergency/select_--Select--Schedule 1Inj'

2018-05-14 14:37:02 - [MESSAGE][PASSED] - All options with index in [4] are selected on object 'Object Repository/Emergency/Page_KDMC - Emergency/select_--Select--Schedule 1Inj'

2018-05-14 14:37:02 - [TEST_STEP][PASSED] - selectOptionByIndex: All options with index in [20] are selected on object 'Object Repository/Emergency/Page_KDMC - Emergency/select_--Select--Adernaline 0.'

2018-05-14 14:37:03 - [MESSAGE][PASSED] - All options with index in [20] are selected on object 'Object Repository/Emergency/Page_KDMC - Emergency/select_--Select--Adernaline 0.'

2018-05-14 14:37:03 - [TEST_STEP][PASSED] - setText: Text '10' is set on object 'Object Repository/Emergency/Page_KDMC - Emergency/input_txttreat'

2018-05-14 14:37:03 - [MESSAGE][PASSED] - Text '10' is set on object 'Object Repository/Emergency/Page_KDMC - Emergency/input_txttreat'

2018-05-14 14:37:03 - [TEST_STEP][PASSED] - click: Object: 'Object Repository/Emergency/Page_KDMC - Emergency/button_Add' is clicked on

2018-05-14 14:37:03 - [MESSAGE][PASSED] - Object: 'Object Repository/Emergency/Page_KDMC - Emergency/button_Add' is clicked on

2018-05-14 14:37:03 - [TEST_STEP][PASSED] - selectOptionByIndex: All options with index in [4] are selected on object 'Object Repository/Emergency/Page_KDMC - Emergency/select_--Select--Schedule 1Inj'

2018-05-14 14:37:03 - [MESSAGE][PASSED] - All options with index in [4] are selected on object 'Object Repository/Emergency/Page_KDMC - Emergency/select_--Select--Schedule 1Inj'

2018-05-14 14:37:03 - [TEST_STEP][PASSED] - selectOptionByIndex: All options with index in [21] are selected on object 'Object Repository/Emergency/Page_KDMC - Emergency/select_--Select--Adernaline 0.'

2018-05-14 14:37:03 - [MESSAGE][PASSED] - All options with index in [21] are selected on object 'Object Repository/Emergency/Page_KDMC - Emergency/select_--Select--Adernaline 0.'

2018-05-14 14:37:03 - [TEST_STEP][PASSED] - setText: Text '10' is set on object 'Object Repository/Emergency/Page_KDMC - Emergency/input_txttreat'

2018-05-14 14:37:03 - [MESSAGE][PASSED] - Text '10' is set on object 'Object Repository/Emergency/Page_KDMC - Emergency/input_txttreat'

2018-05-14 14:37:03 - [TEST_STEP][PASSED] - click: Object: 'Object Repository/Emergency/Page_KDMC - Emergency/button_Add' is clicked on

2018-05-14 14:37:03 - [MESSAGE][PASSED] - Object: 'Object Repository/Emergency/Page_KDMC - Emergency/button_Add' is clicked on

2018-05-14 14:37:03 - [TEST_STEP][PASSED] - selectOptionByIndex: All options with index in [4] are selected on object 'Object Repository/Emergency/Page_KDMC - Emergency/select_--Select--Schedule 1Inj'

2018-05-14 14:37:04 - [MESSAGE][PASSED] - All options with index in [4] are selected on object 'Object Repository/Emergency/Page_KDMC - Emergency/select_--Select--Schedule 1Inj'

2018-05-14 14:37:04 - [TEST_STEP][PASSED] - selectOptionByIndex: All options with index in [22] are selected on object 'Object Repository/Emergency/Page_KDMC - Emergency/select_--Select--Adernaline 0.'

2018-05-14 14:37:04 - [MESSAGE][PASSED] - All options with index in [22] are selected on object 'Object Repository/Emergency/Page_KDMC - Emergency/select_--Select--Adernaline 0.'

2018-05-14 14:37:04 - [TEST_STEP][PASSED] - setText: Text '10' is set on object 'Object Repository/Emergency/Page_KDMC - Emergency/input_txttreat'

2018-05-14 14:37:04 - [MESSAGE][PASSED] - Text '10' is set on object 'Object Repository/Emergency/Page_KDMC - Emergency/input_txttreat'

2018-05-14 14:37:04 - [TEST_STEP][PASSED] - click: Object: 'Object Repository/Emergency/Page_KDMC - Emergency/button_Add' is clicked on

2018-05-14 14:37:04 - [MESSAGE][PASSED] - Object: 'Object Repository/Emergency/Page_KDMC - Emergency/button_Add' is clicked on

2018-05-14 14:37:04 - [TEST_STEP][PASSED] - selectOptionByIndex: All options with index in [4] are selected on object 'Object Repository/Emergency/Page_KDMC - Emergency/select_--Select--Schedule 1Inj'

2018-05-14 14:37:04 - [MESSAGE][PASSED] - All options with index in [4] are selected on object 'Object Repository/Emergency/Page_KDMC - Emergency/select_--Select--Schedule 1Inj'

2018-05-14 14:37:04 - [TEST_STEP][PASSED] - selectOptionByIndex: All options with index in [23] are selected on object 'Object Repository/Emergency/Page_KDMC - Emergency/select_--Select--Adernaline 0.'

2018-05-14 14:37:05 - [MESSAGE][PASSED] - All options with index in [23] are selected on object 'Object Repository/Emergency/Page_KDMC - Emergency/select_--Select--Adernaline 0.'

2018-05-14 14:37:05 - [TEST_STEP][PASSED] - setText: Text '10' is set on object 'Object Repository/Emergency/Page_KDMC - Emergency/input_txttreat'

2018-05-14 14:37:05 - [MESSAGE][PASSED] - Text '10' is set on object 'Object Repository/Emergency/Page_KDMC - Emergency/input_txttreat'

2018-05-14 14:37:05 - [TEST_STEP][PASSED] - click: Object: 'Object Repository/Emergency/Page_KDMC - Emergency/button_Add' is clicked on

2018-05-14 14:37:05 - [MESSAGE][PASSED] - Object: 'Object Repository/Emergency/Page_KDMC - Emergency/button_Add' is clicked on

2018-05-14 14:37:05 - [TEST_STEP][PASSED] - scrollToElement: Scroll to object 'Object Repository/Emergency/Page_KDMC - Emergency/input_btnsave' successfully

2018-05-14 14:37:05 - [MESSAGE][PASSED] - Scroll to object 'Object Repository/Emergency/Page_KDMC - Emergency/input_btnsave' successfully

2018-05-14 14:37:05 - [TEST_STEP][PASSED] - click: Object: 'Object Repository/Emergency/Page_KDMC - Emergency/input_btnsave' is clicked on

2018-05-14 14:37:05 - [MESSAGE][PASSED] - Object: 'Object Repository/Emergency/Page_KDMC - Emergency/input_btnsave' is clicked on

2018-05-14 14:37:05 - [TEST_STEP][PASSED] - delay: Delayed 3 second(s)

2018-05-14 14:37:08 - [MESSAGE][PASSED] - Delayed 3 second(s)

2018-05-14 14:37:08 - [TEST_STEP][PASSED] - Statement - RequestNumber = com.kms.katalon.core.webui.keyword.WebUiBuiltInKeywords.getText(com.kms.katalon.core.testobject.ObjectRepository.findTestObject(Emergency/Page_KDMC - Emergency/font_ERNO100520183)): Text of object 'Object Repository/Emergency/Page_KDMC - Emergency/font_ERNO100520183' is: 'ERNO/14052018/49'

2018-05-14 14:37:08 - [MESSAGE][PASSED] - Text of object 'Object Repository/Emergency/Page_KDMC - Emergency/font_ERNO100520183' is: 'ERNO/14052018/49'

2018-05-14 14:37:08 - [TEST_STEP][PASSED] - Statement - Rno = RequestNumber.split("/")[2]: null

2018-05-14 14:37:08 - [TEST_STEP][PASSED] - Statement - out.println(Rno): null

2018-05-14 14:37:08 - [TEST_STEP][PASSED] - click: Object: 'Object Repository/Emergency/Page_KDMC - Emergency/button_OK' is clicked on

2018-05-14 14:37:09 - [MESSAGE][PASSED] - Object: 'Object Repository/Emergency/Page_KDMC - Emergency/button_OK' is clicked on

2018-05-14 14:37:09 - [TEST_STEP][PASSED] - delay: Delayed 3 second(s)

2018-05-14 14:37:12 - [MESSAGE][PASSED] - Delayed 3 second(s)

2018-05-14 14:37:12 - [TEST_STEP][PASSED] - click: Object: 'Object Repository/Emergency/Page_KDMC - Emergency/a_dropdown-toggle' is clicked on

2018-05-14 14:37:12 - [MESSAGE][PASSED] - Object: 'Object Repository/Emergency/Page_KDMC - Emergency/a_dropdown-toggle' is clicked on

2018-05-14 14:37:12 - [TEST_STEP][PASSED] - click: Object: 'Object Repository/Emergency/Page_KDMC - Emergency/a_Sign out' is clicked on

2018-05-14 14:37:12 - [MESSAGE][PASSED] - Object: 'Object Repository/Emergency/Page_KDMC - Emergency/a_Sign out' is clicked on

2018-05-14 14:37:12 - [TEST_STEP][PASSED] - delay: Delayed 3 second(s)

2018-05-14 14:37:15 - [MESSAGE][PASSED] - Delayed 3 second(s)

2018-05-14 14:37:15 - [TEST_STEP][PASSED] - click: Object: 'Object Repository/Emergency/Page_KDMC/a_CMO' is clicked on

2018-05-14 14:37:16 - [MESSAGE][PASSED] - Object: 'Object Repository/Emergency/Page_KDMC/a_CMO' is clicked on

2018-05-14 14:37:16 - [TEST_STEP][PASSED] - setText: Text 'guru' is set on object 'Object Repository/Emergency/Page_CMO login/input_txtusername'

2018-05-14 14:37:16 - [MESSAGE][PASSED] - Text 'guru' is set on object 'Object Repository/Emergency/Page_CMO login/input_txtusername'

2018-05-14 14:37:16 - [TEST_STEP][PASSED] - setText: Text '123' is set on object 'Object Repository/Emergency/Page_CMO login/input_txtpassword'

2018-05-14 14:37:16 - [MESSAGE][PASSED] - Text '123' is set on object 'Object Repository/Emergency/Page_CMO login/input_txtpassword'

2018-05-14 14:37:16 - [TEST_STEP][PASSED] - delay: Delayed 3 second(s)

2018-05-14 14:37:19 - [MESSAGE][PASSED] - Delayed 3 second(s)

2018-05-14 14:37:19 - [TEST_STEP][PASSED] - click: Object: 'Object Repository/Emergency/Page_CMO login/button_Sign in' is clicked on

2018-05-14 14:37:21 - [MESSAGE][PASSED] - Object: 'Object Repository/Emergency/Page_CMO login/button_Sign in' is clicked on

2018-05-14 14:37:21 - [TEST_STEP][PASSED] - delay: Delayed 2 second(s)

2018-05-14 14:37:23 - [MESSAGE][PASSED] - Delayed 2 second(s)

2018-05-14 14:37:23 - [TEST_STEP][PASSED] - click: Object: 'Object Repository/Emergency/Page_KDMC - CMO/a_Department Wise Request' is clicked on

2018-05-14 14:37:23 - [MESSAGE][PASSED] - Object: 'Object Repository/Emergency/Page_KDMC - CMO/a_Department Wise Request' is clicked on

2018-05-14 14:37:23 - [TEST_STEP][PASSED] - selectOptionByIndex: All options with index in [7] are selected on object 'Object Repository/Emergency/Page_KDMC - CMO/select_--ALL--'

2018-05-14 14:37:24 - [MESSAGE][PASSED] - All options with index in [7] are selected on object 'Object Repository/Emergency/Page_KDMC - CMO/select_--ALL--'

2018-05-14 14:37:24 - [TEST_STEP][PASSED] - selectOptionByIndex: All options with index in [1] are selected on object 'Object Repository/Emergency/Page_KDMC - CMO/select_--ALL--                _1'

2018-05-14 14:37:24 - [MESSAGE][PASSED] - All options with index in [1] are selected on object 'Object Repository/Emergency/Page_KDMC - CMO/select_--ALL--                _1'

2018-05-14 14:37:24 - [TEST_STEP][PASSED] - click: Object: 'Object Repository/Emergency/Page_KDMC - CMO/input_btnsearch' is clicked on

2018-05-14 14:37:24 - [MESSAGE][PASSED] - Object: 'Object Repository/Emergency/Page_KDMC - CMO/input_btnsearch' is clicked on

2018-05-14 14:37:24 - [TEST_STEP][PASSED] - Statement - ID = com.kms.katalon.core.webui.keyword.WebUiBuiltInKeywords.modifyObjectProperty(com.kms.katalon.core.testobject.ObjectRepository.findTestObject(Emergency/Page_KDMC - CMO/input_3), "xpath", "equals", "//*[@id=" + Rno + "]", true): Modify property of object successfully

2018-05-14 14:37:24 - [MESSAGE][PASSED] - Modify property of object successfully

2018-05-14 14:37:24 - [TEST_STEP][PASSED] - click: Object: 'Object Repository/Emergency/Page_KDMC - CMO/input_3' is clicked on

2018-05-14 14:37:25 - [MESSAGE][PASSED] - Object: 'Object Repository/Emergency/Page_KDMC - CMO/input_3' is clicked on

2018-05-14 14:37:25 - [TEST_STEP][PASSED] - delay: Delayed 2 second(s)

2018-05-14 14:37:27 - [MESSAGE][PASSED] - Delayed 2 second(s)

2018-05-14 14:37:27 - [TEST_STEP][PASSED] - selectOptionByIndex: All options with index in [1] are selected on object 'Object Repository/Emergency/Page_KDMC - CMO/select_--Select--'

2018-05-14 14:37:27 - [MESSAGE][PASSED] - All options with index in [1] are selected on object 'Object Repository/Emergency/Page_KDMC - CMO/select_--Select--'

2018-05-14 14:37:27 - [TEST_STEP][PASSED] - click: Object: 'Object Repository/Emergency/Page_KDMC - CMO/input_btnupdate' is clicked on

2018-05-14 14:37:27 - [MESSAGE][PASSED] - Object: 'Object Repository/Emergency/Page_KDMC - CMO/input_btnupdate' is clicked on

2018-05-14 14:37:27 - [TEST_STEP][PASSED] - delay: Delayed 2 second(s)

2018-05-14 14:37:29 - [MESSAGE][PASSED] - Delayed 2 second(s)

2018-05-14 14:37:29 - [TEST_STEP][PASSED] - click: Object: 'Object Repository/Emergency/Page_KDMC - CMO/button_OK' is clicked on

2018-05-14 14:37:30 - [MESSAGE][PASSED] - Object: 'Object Repository/Emergency/Page_KDMC - CMO/button_OK' is clicked on

2018-05-14 14:37:30 - [TEST_STEP][PASSED] - delay: Delayed 2 second(s)

2018-05-14 14:37:32 - [MESSAGE][PASSED] - Delayed 2 second(s)

2018-05-14 14:37:32 - [TEST_STEP][PASSED] - click: Object: 'Object Repository/Emergency/Page_KDMC - CMO/a_dropdown-toggle' is clicked on

2018-05-14 14:37:32 - [MESSAGE][PASSED] - Object: 'Object Repository/Emergency/Page_KDMC - CMO/a_dropdown-toggle' is clicked on

2018-05-14 14:37:32 - [TEST_STEP][PASSED] - click: Object: 'Object Repository/Emergency/Page_KDMC - CMO/a_Sign out' is clicked on

2018-05-14 14:37:33 - [MESSAGE][PASSED] - Object: 'Object Repository/Emergency/Page_KDMC - CMO/a_Sign out' is clicked on

2018-05-14 14:37:33 - [TEST_STEP][PASSED] - delay: Delayed 3 second(s)

2018-05-14 14:37:36 - [MESSAGE][PASSED] - Delayed 3 second(s)

2018-05-14 14:37:36 - [TEST_STEP][PASSED] - click: Object: 'Object Repository/Emergency/Page_KDMC/a_Divisional Store' is clicked on

2018-05-14 14:37:36 - [MESSAGE][PASSED] - Object: 'Object Repository/Emergency/Page_KDMC/a_Divisional Store' is clicked on

2018-05-14 14:37:36 - [TEST_STEP][PASSED] - setText: Text 'ragu' is set on object 'Object Repository/Emergency/Page_Divisonal Store Login/input_txtusername'

2018-05-14 14:37:37 - [MESSAGE][PASSED] - Text 'ragu' is set on object 'Object Repository/Emergency/Page_Divisonal Store Login/input_txtusername'

2018-05-14 14:37:37 - [TEST_STEP][PASSED] - setText: Text '123' is set on object 'Object Repository/Emergency/Page_Divisonal Store Login/input_txtpassword'

2018-05-14 14:37:37 - [MESSAGE][PASSED] - Text '123' is set on object 'Object Repository/Emergency/Page_Divisonal Store Login/input_txtpassword'

2018-05-14 14:37:37 - [TEST_STEP][PASSED] - delay: Delayed 3 second(s)

2018-05-14 14:37:40 - [MESSAGE][PASSED] - Delayed 3 second(s)

2018-05-14 14:37:40 - [TEST_STEP][PASSED] - click: Object: 'Object Repository/Emergency/Page_Divisonal Store Login/button_Sign in' is clicked on

2018-05-14 14:37:41 - [MESSAGE][PASSED] - Object: 'Object Repository/Emergency/Page_Divisonal Store Login/button_Sign in' is clicked on

2018-05-14 14:37:41 - [TEST_STEP][PASSED] - delay: Delayed 2 second(s)

2018-05-14 14:37:43 - [MESSAGE][PASSED] - Delayed 2 second(s)

2018-05-14 14:37:43 - [TEST_STEP][PASSED] - click: Object: 'Object Repository/Emergency/Page_Store/a_Emergency Request' is clicked on

2018-05-14 14:37:43 - [MESSAGE][PASSED] - Object: 'Object Repository/Emergency/Page_Store/a_Emergency Request' is clicked on

2018-05-14 14:37:43 - [TEST_STEP][PASSED] - click: Object: 'Object Repository/Emergency/Page_Store/a_Request Item Emergency' is clicked on

2018-05-14 14:37:44 - [MESSAGE][PASSED] - Object: 'Object Repository/Emergency/Page_Store/a_Request Item Emergency' is clicked on

2018-05-14 14:37:44 - [TEST_STEP][PASSED] - setText: Text '49' is set on object 'Object Repository/Emergency/Page_Store/input'

2018-05-14 14:37:44 - [MESSAGE][PASSED] - Text '49' is set on object 'Object Repository/Emergency/Page_Store/input'

2018-05-14 14:37:44 - [TEST_STEP][PASSED] - Statement - ChooseRequest = com.kms.katalon.core.webui.keyword.WebUiBuiltInKeywords.modifyObjectProperty(com.kms.katalon.core.testobject.ObjectRepository.findTestObject(Emergency/Page_Store/input_3), "xpath", "equals", "//*[@id=" + Rno + "]", true): Modify property of object successfully

2018-05-14 14:37:44 - [MESSAGE][PASSED] - Modify property of object successfully

2018-05-14 14:37:44 - [TEST_STEP][PASSED] - click: Object: 'Object Repository/Emergency/Page_Store/input_3' is clicked on

2018-05-14 14:37:45 - [MESSAGE][PASSED] - Object: 'Object Repository/Emergency/Page_Store/input_3' is clicked on

2018-05-14 14:37:45 - [TEST_STEP][PASSED] - delay: Delayed 2 second(s)

2018-05-14 14:37:47 - [MESSAGE][PASSED] - Delayed 2 second(s)

2018-05-14 14:37:47 - [TEST_STEP][PASSED] - Statement - selectedoptions1 = com.kms.katalon.core.webui.keyword.WebUiBuiltInKeywords.getNumberOfTotalOption(com.kms.katalon.core.testobject.ObjectRepository.findTestObject(Emergency/Page_Store/select_--Select--Amikacin -500)): 24 options of object 'Object Repository/Emergency/Page_Store/select_--Select--Amikacin -500' counted

2018-05-14 14:37:47 - [MESSAGE][PASSED] - 24 options of object 'Object Repository/Emergency/Page_Store/select_--Select--Amikacin -500' counted

2018-05-14 14:37:47 - [TEST_STEP][PASSED] - Statement - For ([a = 1, a < selectedoptions1 - 1, (a++)]): null

2018-05-14 14:37:47 - [TEST_STEP][PASSED] - selectOptionByIndex: All options with index in [1] are selected on object 'Object Repository/Emergency/Page_Store/select_--Select--Amikacin -500'

2018-05-14 14:37:47 - [MESSAGE][PASSED] - All options with index in [1] are selected on object 'Object Repository/Emergency/Page_Store/select_--Select--Amikacin -500'

2018-05-14 14:37:47 - [TEST_STEP][PASSED] - Statement - RequestedQty = com.kms.katalon.core.webui.keyword.WebUiBuiltInKeywords.getAttribute(com.kms.katalon.core.testobject.ObjectRepository.findTestObject(Emergency/Page_Store/input_txttotal), "value"): Attribute 'value' of object 'Object Repository/Emergency/Page_Store/input_txttotal' is: '10'

2018-05-14 14:37:47 - [MESSAGE][PASSED] - Attribute 'value' of object 'Object Repository/Emergency/Page_Store/input_txttotal' is: '10'

2018-05-14 14:37:47 - [TEST_STEP][PASSED] - Statement - out.println("Requested QTY : " + RequestedQty): null

2018-05-14 14:37:47 - [TEST_STEP][PASSED] - Statement - BatchNumber = com.kms.katalon.core.webui.keyword.WebUiBuiltInKeywords.getNumberOfTotalOption(com.kms.katalon.core.testobject.ObjectRepository.findTestObject(Emergency/Page_Store/select_--Select--BA1150BA4110)): 2 options of object 'Object Repository/Emergency/Page_Store/select_--Select--BA1150BA4110' counted

2018-05-14 14:37:47 - [MESSAGE][PASSED] - 2 options of object 'Object Repository/Emergency/Page_Store/select_--Select--BA1150BA4110' counted

2018-05-14 14:37:47 - [TEST_STEP][PASSED] - Statement - For ([g = 1, g <= BatchNumber - 1, (g++)]): null

2018-05-14 14:37:47 - [TEST_STEP][PASSED] - selectOptionByIndex: All options with index in [1] are selected on object 'Object Repository/Emergency/Page_Store/select_--Select--BA1150BA4110'

2018-05-14 14:37:47 - [MESSAGE][PASSED] - All options with index in [1] are selected on object 'Object Repository/Emergency/Page_Store/select_--Select--BA1150BA4110'

2018-05-14 14:37:47 - [TEST_STEP][PASSED] - Statement - Try: null

2018-05-14 14:37:47 - [TEST_STEP][PASSED] - Statement - StockQty = com.kms.katalon.core.webui.keyword.WebUiBuiltInKeywords.getAttribute(com.kms.katalon.core.testobject.ObjectRepository.findTestObject(Emergency/Page_Store/input_txtprice), "value"): Attribute 'value' of object 'Object Repository/Emergency/Page_Store/input_txtprice' is: '100'

2018-05-14 14:37:47 - [MESSAGE][PASSED] - Attribute 'value' of object 'Object Repository/Emergency/Page_Store/input_txtprice' is: '100'

2018-05-14 14:37:47 - [TEST_STEP][PASSED] - Statement - out.println("Stock QTY : " + StockQty): null

2018-05-14 14:37:47 - [TEST_STEP][PASSED] - delay: Delayed 2 second(s)

2018-05-14 14:37:49 - [MESSAGE][PASSED] - Delayed 2 second(s)

2018-05-14 14:37:49 - [TEST_STEP][PASSED] - Statement - If (java.lang.String.valueOf(StockQty) >= java.lang.String.valueOf(RequestedQty)): null

2018-05-14 14:37:49 - [TEST_STEP][PASSED] - setText: Text '10' is set on object 'Object Repository/Emergency/Page_Store/input_txtqty'

2018-05-14 14:37:49 - [MESSAGE][PASSED] - Text '10' is set on object 'Object Repository/Emergency/Page_Store/input_txtqty'

2018-05-14 14:37:49 - [TEST_STEP][PASSED] - click: Object: 'Object Repository/Emergency/Page_Store/button_Add' is clicked on

2018-05-14 14:37:50 - [MESSAGE][PASSED] - Object: 'Object Repository/Emergency/Page_Store/button_Add' is clicked on

2018-05-14 14:37:50 - [TEST_STEP][PASSED] - Statement - Break: null

2018-05-14 14:37:50 - [TEST_STEP][PASSED] - selectOptionByIndex: All options with index in [2] are selected on object 'Object Repository/Emergency/Page_Store/select_--Select--Amikacin -500'

2018-05-14 14:37:50 - [MESSAGE][PASSED] - All options with index in [2] are selected on object 'Object Repository/Emergency/Page_Store/select_--Select--Amikacin -500'

2018-05-14 14:37:50 - [TEST_STEP][PASSED] - Statement - RequestedQty = com.kms.katalon.core.webui.keyword.WebUiBuiltInKeywords.getAttribute(com.kms.katalon.core.testobject.ObjectRepository.findTestObject(Emergency/Page_Store/input_txttotal), "value"): Attribute 'value' of object 'Object Repository/Emergency/Page_Store/input_txttotal' is: '10'

2018-05-14 14:37:50 - [MESSAGE][PASSED] - Attribute 'value' of object 'Object Repository/Emergency/Page_Store/input_txttotal' is: '10'

2018-05-14 14:37:50 - [TEST_STEP][PASSED] - Statement - out.println("Requested QTY : " + RequestedQty): null

2018-05-14 14:37:50 - [TEST_STEP][PASSED] - Statement - BatchNumber = com.kms.katalon.core.webui.keyword.WebUiBuiltInKeywords.getNumberOfTotalOption(com.kms.katalon.core.testobject.ObjectRepository.findTestObject(Emergency/Page_Store/select_--Select--BA1150BA4110)): 2 options of object 'Object Repository/Emergency/Page_Store/select_--Select--BA1150BA4110' counted

2018-05-14 14:37:50 - [MESSAGE][PASSED] - 2 options of object 'Object Repository/Emergency/Page_Store/select_--Select--BA1150BA4110' counted

2018-05-14 14:37:50 - [TEST_STEP][PASSED] - Statement - For ([g = 1, g <= BatchNumber - 1, (g++)]): null

2018-05-14 14:37:50 - [TEST_STEP][PASSED] - selectOptionByIndex: All options with index in [1] are selected on object 'Object Repository/Emergency/Page_Store/select_--Select--BA1150BA4110'

2018-05-14 14:37:50 - [MESSAGE][PASSED] - All options with index in [1] are selected on object 'Object Repository/Emergency/Page_Store/select_--Select--BA1150BA4110'

2018-05-14 14:37:50 - [TEST_STEP][PASSED] - Statement - Try: null

2018-05-14 14:37:50 - [TEST_STEP][PASSED] - Statement - StockQty = com.kms.katalon.core.webui.keyword.WebUiBuiltInKeywords.getAttribute(com.kms.katalon.core.testobject.ObjectRepository.findTestObject(Emergency/Page_Store/input_txtprice), "value"): Attribute 'value' of object 'Object Repository/Emergency/Page_Store/input_txtprice' is: '100'

2018-05-14 14:37:50 - [MESSAGE][PASSED] - Attribute 'value' of object 'Object Repository/Emergency/Page_Store/input_txtprice' is: '100'

2018-05-14 14:37:50 - [TEST_STEP][PASSED] - Statement - out.println("Stock QTY : " + StockQty): null

2018-05-14 14:37:50 - [TEST_STEP][PASSED] - delay: Delayed 2 second(s)

2018-05-14 14:37:52 - [MESSAGE][PASSED] - Delayed 2 second(s)

2018-05-14 14:37:52 - [TEST_STEP][PASSED] - Statement - If (java.lang.String.valueOf(StockQty) >= java.lang.String.valueOf(RequestedQty)): null

2018-05-14 14:37:52 - [TEST_STEP][PASSED] - setText: Text '10' is set on object 'Object Repository/Emergency/Page_Store/input_txtqty'

2018-05-14 14:37:52 - [MESSAGE][PASSED] - Text '10' is set on object 'Object Repository/Emergency/Page_Store/input_txtqty'

2018-05-14 14:37:52 - [TEST_STEP][PASSED] - click: Object: 'Object Repository/Emergency/Page_Store/button_Add' is clicked on

2018-05-14 14:37:52 - [MESSAGE][PASSED] - Object: 'Object Repository/Emergency/Page_Store/button_Add' is clicked on

2018-05-14 14:37:52 - [TEST_STEP][PASSED] - Statement - Break: null

2018-05-14 14:37:52 - [TEST_STEP][PASSED] - selectOptionByIndex: All options with index in [3] are selected on object 'Object Repository/Emergency/Page_Store/select_--Select--Amikacin -500'

2018-05-14 14:37:52 - [MESSAGE][PASSED] - All options with index in [3] are selected on object 'Object Repository/Emergency/Page_Store/select_--Select--Amikacin -500'

2018-05-14 14:37:52 - [TEST_STEP][PASSED] - Statement - RequestedQty = com.kms.katalon.core.webui.keyword.WebUiBuiltInKeywords.getAttribute(com.kms.katalon.core.testobject.ObjectRepository.findTestObject(Emergency/Page_Store/input_txttotal), "value"): Attribute 'value' of object 'Object Repository/Emergency/Page_Store/input_txttotal' is: '10'

2018-05-14 14:37:52 - [MESSAGE][PASSED] - Attribute 'value' of object 'Object Repository/Emergency/Page_Store/input_txttotal' is: '10'

2018-05-14 14:37:52 - [TEST_STEP][PASSED] - Statement - out.println("Requested QTY : " + RequestedQty): null

2018-05-14 14:37:52 - [TEST_STEP][PASSED] - Statement - BatchNumber = com.kms.katalon.core.webui.keyword.WebUiBuiltInKeywords.getNumberOfTotalOption(com.kms.katalon.core.testobject.ObjectRepository.findTestObject(Emergency/Page_Store/select_--Select--BA1150BA4110)): 2 options of object 'Object Repository/Emergency/Page_Store/select_--Select--BA1150BA4110' counted

2018-05-14 14:37:52 - [MESSAGE][PASSED] - 2 options of object 'Object Repository/Emergency/Page_Store/select_--Select--BA1150BA4110' counted

2018-05-14 14:37:52 - [TEST_STEP][PASSED] - Statement - For ([g = 1, g <= BatchNumber - 1, (g++)]): null

2018-05-14 14:37:52 - [TEST_STEP][PASSED] - selectOptionByIndex: All options with index in [1] are selected on object 'Object Repository/Emergency/Page_Store/select_--Select--BA1150BA4110'

2018-05-14 14:37:53 - [MESSAGE][PASSED] - All options with index in [1] are selected on object 'Object Repository/Emergency/Page_Store/select_--Select--BA1150BA4110'

2018-05-14 14:37:53 - [TEST_STEP][PASSED] - Statement - Try: null

2018-05-14 14:37:53 - [TEST_STEP][PASSED] - Statement - StockQty = com.kms.katalon.core.webui.keyword.WebUiBuiltInKeywords.getAttribute(com.kms.katalon.core.testobject.ObjectRepository.findTestObject(Emergency/Page_Store/input_txtprice), "value"): Attribute 'value' of object 'Object Repository/Emergency/Page_Store/input_txtprice' is: '100'

2018-05-14 14:37:53 - [MESSAGE][PASSED] - Attribute 'value' of object 'Object Repository/Emergency/Page_Store/input_txtprice' is: '100'

2018-05-14 14:37:53 - [TEST_STEP][PASSED] - Statement - out.println("Stock QTY : " + StockQty): null

2018-05-14 14:37:53 - [TEST_STEP][PASSED] - delay: Delayed 2 second(s)

2018-05-14 14:37:55 - [MESSAGE][PASSED] - Delayed 2 second(s)

2018-05-14 14:37:55 - [TEST_STEP][PASSED] - Statement - If (java.lang.String.valueOf(StockQty) >= java.lang.String.valueOf(RequestedQty)): null

2018-05-14 14:37:55 - [TEST_STEP][PASSED] - setText: Text '10' is set on object 'Object Repository/Emergency/Page_Store/input_txtqty'

2018-05-14 14:37:55 - [MESSAGE][PASSED] - Text '10' is set on object 'Object Repository/Emergency/Page_Store/input_txtqty'

2018-05-14 14:37:55 - [TEST_STEP][PASSED] - click: Object: 'Object Repository/Emergency/Page_Store/button_Add' is clicked on

2018-05-14 14:37:55 - [MESSAGE][PASSED] - Object: 'Object Repository/Emergency/Page_Store/button_Add' is clicked on

2018-05-14 14:37:55 - [TEST_STEP][PASSED] - Statement - Break: null

2018-05-14 14:37:55 - [TEST_STEP][PASSED] - selectOptionByIndex: All options with index in [4] are selected on object 'Object Repository/Emergency/Page_Store/select_--Select--Amikacin -500'

2018-05-14 14:37:55 - [MESSAGE][PASSED] - All options with index in [4] are selected on object 'Object Repository/Emergency/Page_Store/select_--Select--Amikacin -500'

2018-05-14 14:37:55 - [TEST_STEP][PASSED] - Statement - RequestedQty = com.kms.katalon.core.webui.keyword.WebUiBuiltInKeywords.getAttribute(com.kms.katalon.core.testobject.ObjectRepository.findTestObject(Emergency/Page_Store/input_txttotal), "value"): Attribute 'value' of object 'Object Repository/Emergency/Page_Store/input_txttotal' is: '10'

2018-05-14 14:37:55 - [MESSAGE][PASSED] - Attribute 'value' of object 'Object Repository/Emergency/Page_Store/input_txttotal' is: '10'

2018-05-14 14:37:55 - [TEST_STEP][PASSED] - Statement - out.println("Requested QTY : " + RequestedQty): null

2018-05-14 14:37:55 - [TEST_STEP][PASSED] - Statement - BatchNumber = com.kms.katalon.core.webui.keyword.WebUiBuiltInKeywords.getNumberOfTotalOption(com.kms.katalon.core.testobject.ObjectRepository.findTestObject(Emergency/Page_Store/select_--Select--BA1150BA4110)): 2 options of object 'Object Repository/Emergency/Page_Store/select_--Select--BA1150BA4110' counted

2018-05-14 14:37:55 - [MESSAGE][PASSED] - 2 options of object 'Object Repository/Emergency/Page_Store/select_--Select--BA1150BA4110' counted

2018-05-14 14:37:55 - [TEST_STEP][PASSED] - Statement - For ([g = 1, g <= BatchNumber - 1, (g++)]): null

2018-05-14 14:37:55 - [TEST_STEP][PASSED] - selectOptionByIndex: All options with index in [1] are selected on object 'Object Repository/Emergency/Page_Store/select_--Select--BA1150BA4110'

2018-05-14 14:37:55 - [MESSAGE][PASSED] - All options with index in [1] are selected on object 'Object Repository/Emergency/Page_Store/select_--Select--BA1150BA4110'

2018-05-14 14:37:55 - [TEST_STEP][PASSED] - Statement - Try: null

2018-05-14 14:37:55 - [TEST_STEP][PASSED] - Statement - StockQty = com.kms.katalon.core.webui.keyword.WebUiBuiltInKeywords.getAttribute(com.kms.katalon.core.testobject.ObjectRepository.findTestObject(Emergency/Page_Store/input_txtprice), "value"): Attribute 'value' of object 'Object Repository/Emergency/Page_Store/input_txtprice' is: '100'

2018-05-14 14:37:55 - [MESSAGE][PASSED] - Attribute 'value' of object 'Object Repository/Emergency/Page_Store/input_txtprice' is: '100'

2018-05-14 14:37:55 - [TEST_STEP][PASSED] - Statement - out.println("Stock QTY : " + StockQty): null

2018-05-14 14:37:55 - [TEST_STEP][PASSED] - delay: Delayed 2 second(s)

2018-05-14 14:37:57 - [MESSAGE][PASSED] - Delayed 2 second(s)

2018-05-14 14:37:57 - [TEST_STEP][PASSED] - Statement - If (java.lang.String.valueOf(StockQty) >= java.lang.String.valueOf(RequestedQty)): null

2018-05-14 14:37:57 - [TEST_STEP][PASSED] - setText: Text '10' is set on object 'Object Repository/Emergency/Page_Store/input_txtqty'

2018-05-14 14:37:57 - [MESSAGE][PASSED] - Text '10' is set on object 'Object Repository/Emergency/Page_Store/input_txtqty'

2018-05-14 14:37:57 - [TEST_STEP][PASSED] - click: Object: 'Object Repository/Emergency/Page_Store/button_Add' is clicked on

2018-05-14 14:37:58 - [MESSAGE][PASSED] - Object: 'Object Repository/Emergency/Page_Store/button_Add' is clicked on

2018-05-14 14:37:58 - [TEST_STEP][PASSED] - Statement - Break: null

2018-05-14 14:37:58 - [TEST_STEP][PASSED] - selectOptionByIndex: All options with index in [5] are selected on object 'Object Repository/Emergency/Page_Store/select_--Select--Amikacin -500'

2018-05-14 14:37:58 - [MESSAGE][PASSED] - All options with index in [5] are selected on object 'Object Repository/Emergency/Page_Store/select_--Select--Amikacin -500'

2018-05-14 14:37:58 - [TEST_STEP][PASSED] - Statement - RequestedQty = com.kms.katalon.core.webui.keyword.WebUiBuiltInKeywords.getAttribute(com.kms.katalon.core.testobject.ObjectRepository.findTestObject(Emergency/Page_Store/input_txttotal), "value"): Attribute 'value' of object 'Object Repository/Emergency/Page_Store/input_txttotal' is: '10'

2018-05-14 14:37:58 - [MESSAGE][PASSED] - Attribute 'value' of object 'Object Repository/Emergency/Page_Store/input_txttotal' is: '10'

2018-05-14 14:37:58 - [TEST_STEP][PASSED] - Statement - out.println("Requested QTY : " + RequestedQty): null

2018-05-14 14:37:58 - [TEST_STEP][PASSED] - Statement - BatchNumber = com.kms.katalon.core.webui.keyword.WebUiBuiltInKeywords.getNumberOfTotalOption(com.kms.katalon.core.testobject.ObjectRepository.findTestObject(Emergency/Page_Store/select_--Select--BA1150BA4110)): 2 options of object 'Object Repository/Emergency/Page_Store/select_--Select--BA1150BA4110' counted

2018-05-14 14:37:58 - [MESSAGE][PASSED] - 2 options of object 'Object Repository/Emergency/Page_Store/select_--Select--BA1150BA4110' counted

2018-05-14 14:37:58 - [TEST_STEP][PASSED] - Statement - For ([g = 1, g <= BatchNumber - 1, (g++)]): null

2018-05-14 14:37:58 - [TEST_STEP][PASSED] - selectOptionByIndex: All options with index in [1] are selected on object 'Object Repository/Emergency/Page_Store/select_--Select--BA1150BA4110'

2018-05-14 14:37:58 - [MESSAGE][PASSED] - All options with index in [1] are selected on object 'Object Repository/Emergency/Page_Store/select_--Select--BA1150BA4110'

2018-05-14 14:37:58 - [TEST_STEP][PASSED] - Statement - Try: null

2018-05-14 14:37:58 - [TEST_STEP][PASSED] - Statement - StockQty = com.kms.katalon.core.webui.keyword.WebUiBuiltInKeywords.getAttribute(com.kms.katalon.core.testobject.ObjectRepository.findTestObject(Emergency/Page_Store/input_txtprice), "value"): Attribute 'value' of object 'Object Repository/Emergency/Page_Store/input_txtprice' is: '100'

2018-05-14 14:37:58 - [MESSAGE][PASSED] - Attribute 'value' of object 'Object Repository/Emergency/Page_Store/input_txtprice' is: '100'

2018-05-14 14:37:58 - [TEST_STEP][PASSED] - Statement - out.println("Stock QTY : " + StockQty): null

2018-05-14 14:37:58 - [TEST_STEP][PASSED] - delay: Delayed 2 second(s)

2018-05-14 14:38:00 - [MESSAGE][PASSED] - Delayed 2 second(s)

2018-05-14 14:38:00 - [TEST_STEP][PASSED] - Statement - If (java.lang.String.valueOf(StockQty) >= java.lang.String.valueOf(RequestedQty)): null

2018-05-14 14:38:00 - [TEST_STEP][PASSED] - setText: Text '10' is set on object 'Object Repository/Emergency/Page_Store/input_txtqty'

2018-05-14 14:38:00 - [MESSAGE][PASSED] - Text '10' is set on object 'Object Repository/Emergency/Page_Store/input_txtqty'

2018-05-14 14:38:00 - [TEST_STEP][PASSED] - click: Object: 'Object Repository/Emergency/Page_Store/button_Add' is clicked on

2018-05-14 14:38:00 - [MESSAGE][PASSED] - Object: 'Object Repository/Emergency/Page_Store/button_Add' is clicked on

2018-05-14 14:38:00 - [TEST_STEP][PASSED] - Statement - Break: null

2018-05-14 14:38:00 - [TEST_STEP][PASSED] - selectOptionByIndex: All options with index in [6] are selected on object 'Object Repository/Emergency/Page_Store/select_--Select--Amikacin -500'

2018-05-14 14:38:00 - [MESSAGE][PASSED] - All options with index in [6] are selected on object 'Object Repository/Emergency/Page_Store/select_--Select--Amikacin -500'

2018-05-14 14:38:00 - [TEST_STEP][PASSED] - Statement - RequestedQty = com.kms.katalon.core.webui.keyword.WebUiBuiltInKeywords.getAttribute(com.kms.katalon.core.testobject.ObjectRepository.findTestObject(Emergency/Page_Store/input_txttotal), "value"): Attribute 'value' of object 'Object Repository/Emergency/Page_Store/input_txttotal' is: '10'

2018-05-14 14:38:00 - [MESSAGE][PASSED] - Attribute 'value' of object 'Object Repository/Emergency/Page_Store/input_txttotal' is: '10'

2018-05-14 14:38:00 - [TEST_STEP][PASSED] - Statement - out.println("Requested QTY : " + RequestedQty): null

2018-05-14 14:38:00 - [TEST_STEP][PASSED] - Statement - BatchNumber = com.kms.katalon.core.webui.keyword.WebUiBuiltInKeywords.getNumberOfTotalOption(com.kms.katalon.core.testobject.ObjectRepository.findTestObject(Emergency/Page_Store/select_--Select--BA1150BA4110)): 2 options of object 'Object Repository/Emergency/Page_Store/select_--Select--BA1150BA4110' counted

2018-05-14 14:38:00 - [MESSAGE][PASSED] - 2 options of object 'Object Repository/Emergency/Page_Store/select_--Select--BA1150BA4110' counted

2018-05-14 14:38:00 - [TEST_STEP][PASSED] - Statement - For ([g = 1, g <= BatchNumber - 1, (g++)]): null

2018-05-14 14:38:00 - [TEST_STEP][PASSED] - selectOptionByIndex: All options with index in [1] are selected on object 'Object Repository/Emergency/Page_Store/select_--Select--BA1150BA4110'

2018-05-14 14:38:01 - [MESSAGE][PASSED] - All options with index in [1] are selected on object 'Object Repository/Emergency/Page_Store/select_--Select--BA1150BA4110'

2018-05-14 14:38:01 - [TEST_STEP][PASSED] - Statement - Try: null

2018-05-14 14:38:01 - [TEST_STEP][PASSED] - Statement - StockQty = com.kms.katalon.core.webui.keyword.WebUiBuiltInKeywords.getAttribute(com.kms.katalon.core.testobject.ObjectRepository.findTestObject(Emergency/Page_Store/input_txtprice), "value"): Attribute 'value' of object 'Object Repository/Emergency/Page_Store/input_txtprice' is: '100'

2018-05-14 14:38:01 - [MESSAGE][PASSED] - Attribute 'value' of object 'Object Repository/Emergency/Page_Store/input_txtprice' is: '100'

2018-05-14 14:38:01 - [TEST_STEP][PASSED] - Statement - out.println("Stock QTY : " + StockQty): null

2018-05-14 14:38:01 - [TEST_STEP][PASSED] - delay: Delayed 2 second(s)

2018-05-14 14:38:03 - [MESSAGE][PASSED] - Delayed 2 second(s)

2018-05-14 14:38:03 - [TEST_STEP][PASSED] - Statement - If (java.lang.String.valueOf(StockQty) >= java.lang.String.valueOf(RequestedQty)): null

2018-05-14 14:38:03 - [TEST_STEP][PASSED] - setText: Text '10' is set on object 'Object Repository/Emergency/Page_Store/input_txtqty'

2018-05-14 14:38:03 - [MESSAGE][PASSED] - Text '10' is set on object 'Object Repository/Emergency/Page_Store/input_txtqty'

2018-05-14 14:38:03 - [TEST_STEP][PASSED] - click: Object: 'Object Repository/Emergency/Page_Store/button_Add' is clicked on

2018-05-14 14:38:03 - [MESSAGE][PASSED] - Object: 'Object Repository/Emergency/Page_Store/button_Add' is clicked on

2018-05-14 14:38:03 - [TEST_STEP][PASSED] - Statement - Break: null

2018-05-14 14:38:03 - [TEST_STEP][PASSED] - selectOptionByIndex: All options with index in [7] are selected on object 'Object Repository/Emergency/Page_Store/select_--Select--Amikacin -500'

2018-05-14 14:38:03 - [MESSAGE][PASSED] - All options with index in [7] are selected on object 'Object Repository/Emergency/Page_Store/select_--Select--Amikacin -500'

2018-05-14 14:38:03 - [TEST_STEP][PASSED] - Statement - RequestedQty = com.kms.katalon.core.webui.keyword.WebUiBuiltInKeywords.getAttribute(com.kms.katalon.core.testobject.ObjectRepository.findTestObject(Emergency/Page_Store/input_txttotal), "value"): Attribute 'value' of object 'Object Repository/Emergency/Page_Store/input_txttotal' is: '10'

2018-05-14 14:38:03 - [MESSAGE][PASSED] - Attribute 'value' of object 'Object Repository/Emergency/Page_Store/input_txttotal' is: '10'

2018-05-14 14:38:03 - [TEST_STEP][PASSED] - Statement - out.println("Requested QTY : " + RequestedQty): null

2018-05-14 14:38:03 - [TEST_STEP][PASSED] - Statement - BatchNumber = com.kms.katalon.core.webui.keyword.WebUiBuiltInKeywords.getNumberOfTotalOption(com.kms.katalon.core.testobject.ObjectRepository.findTestObject(Emergency/Page_Store/select_--Select--BA1150BA4110)): 2 options of object 'Object Repository/Emergency/Page_Store/select_--Select--BA1150BA4110' counted

2018-05-14 14:38:03 - [MESSAGE][PASSED] - 2 options of object 'Object Repository/Emergency/Page_Store/select_--Select--BA1150BA4110' counted

2018-05-14 14:38:03 - [TEST_STEP][PASSED] - Statement - For ([g = 1, g <= BatchNumber - 1, (g++)]): null

2018-05-14 14:38:03 - [TEST_STEP][PASSED] - selectOptionByIndex: All options with index in [1] are selected on object 'Object Repository/Emergency/Page_Store/select_--Select--BA1150BA4110'

2018-05-14 14:38:03 - [MESSAGE][PASSED] - All options with index in [1] are selected on object 'Object Repository/Emergency/Page_Store/select_--Select--BA1150BA4110'

2018-05-14 14:38:03 - [TEST_STEP][PASSED] - Statement - Try: null

2018-05-14 14:38:03 - [TEST_STEP][PASSED] - Statement - StockQty = com.kms.katalon.core.webui.keyword.WebUiBuiltInKeywords.getAttribute(com.kms.katalon.core.testobject.ObjectRepository.findTestObject(Emergency/Page_Store/input_txtprice), "value"): Attribute 'value' of object 'Object Repository/Emergency/Page_Store/input_txtprice' is: '100'

2018-05-14 14:38:03 - [MESSAGE][PASSED] - Attribute 'value' of object 'Object Repository/Emergency/Page_Store/input_txtprice' is: '100'

2018-05-14 14:38:03 - [TEST_STEP][PASSED] - Statement - out.println("Stock QTY : " + StockQty): null

2018-05-14 14:38:03 - [TEST_STEP][PASSED] - delay: Delayed 2 second(s)

2018-05-14 14:38:05 - [MESSAGE][PASSED] - Delayed 2 second(s)

2018-05-14 14:38:05 - [TEST_STEP][PASSED] - Statement - If (java.lang.String.valueOf(StockQty) >= java.lang.String.valueOf(RequestedQty)): null

2018-05-14 14:38:05 - [TEST_STEP][PASSED] - setText: Text '10' is set on object 'Object Repository/Emergency/Page_Store/input_txtqty'

2018-05-14 14:38:05 - [MESSAGE][PASSED] - Text '10' is set on object 'Object Repository/Emergency/Page_Store/input_txtqty'

2018-05-14 14:38:05 - [TEST_STEP][PASSED] - click: Object: 'Object Repository/Emergency/Page_Store/button_Add' is clicked on

2018-05-14 14:38:05 - [MESSAGE][PASSED] - Object: 'Object Repository/Emergency/Page_Store/button_Add' is clicked on

2018-05-14 14:38:05 - [TEST_STEP][PASSED] - Statement - Break: null

2018-05-14 14:38:05 - [TEST_STEP][PASSED] - selectOptionByIndex: All options with index in [8] are selected on object 'Object Repository/Emergency/Page_Store/select_--Select--Amikacin -500'

2018-05-14 14:38:06 - [MESSAGE][PASSED] - All options with index in [8] are selected on object 'Object Repository/Emergency/Page_Store/select_--Select--Amikacin -500'

2018-05-14 14:38:06 - [TEST_STEP][PASSED] - Statement - RequestedQty = com.kms.katalon.core.webui.keyword.WebUiBuiltInKeywords.getAttribute(com.kms.katalon.core.testobject.ObjectRepository.findTestObject(Emergency/Page_Store/input_txttotal), "value"): Attribute 'value' of object 'Object Repository/Emergency/Page_Store/input_txttotal' is: '10'

2018-05-14 14:38:06 - [MESSAGE][PASSED] - Attribute 'value' of object 'Object Repository/Emergency/Page_Store/input_txttotal' is: '10'

2018-05-14 14:38:06 - [TEST_STEP][PASSED] - Statement - out.println("Requested QTY : " + RequestedQty): null

2018-05-14 14:38:06 - [TEST_STEP][PASSED] - Statement - BatchNumber = com.kms.katalon.core.webui.keyword.WebUiBuiltInKeywords.getNumberOfTotalOption(com.kms.katalon.core.testobject.ObjectRepository.findTestObject(Emergency/Page_Store/select_--Select--BA1150BA4110)): 2 options of object 'Object Repository/Emergency/Page_Store/select_--Select--BA1150BA4110' counted

2018-05-14 14:38:06 - [MESSAGE][PASSED] - 2 options of object 'Object Repository/Emergency/Page_Store/select_--Select--BA1150BA4110' counted

2018-05-14 14:38:06 - [TEST_STEP][PASSED] - Statement - For ([g = 1, g <= BatchNumber - 1, (g++)]): null

2018-05-14 14:38:06 - [TEST_STEP][PASSED] - selectOptionByIndex: All options with index in [1] are selected on object 'Object Repository/Emergency/Page_Store/select_--Select--BA1150BA4110'

2018-05-14 14:38:06 - [MESSAGE][PASSED] - All options with index in [1] are selected on object 'Object Repository/Emergency/Page_Store/select_--Select--BA1150BA4110'

2018-05-14 14:38:06 - [TEST_STEP][PASSED] - Statement - Try: null

2018-05-14 14:38:06 - [TEST_STEP][PASSED] - Statement - StockQty = com.kms.katalon.core.webui.keyword.WebUiBuiltInKeywords.getAttribute(com.kms.katalon.core.testobject.ObjectRepository.findTestObject(Emergency/Page_Store/input_txtprice), "value"): Attribute 'value' of object 'Object Repository/Emergency/Page_Store/input_txtprice' is: '100'

2018-05-14 14:38:06 - [MESSAGE][PASSED] - Attribute 'value' of object 'Object Repository/Emergency/Page_Store/input_txtprice' is: '100'

2018-05-14 14:38:06 - [TEST_STEP][PASSED] - Statement - out.println("Stock QTY : " + StockQty): null

2018-05-14 14:38:06 - [TEST_STEP][PASSED] - delay: Delayed 2 second(s)

2018-05-14 14:38:08 - [MESSAGE][PASSED] - Delayed 2 second(s)

2018-05-14 14:38:08 - [TEST_STEP][PASSED] - Statement - If (java.lang.String.valueOf(StockQty) >= java.lang.String.valueOf(RequestedQty)): null

2018-05-14 14:38:08 - [TEST_STEP][PASSED] - setText: Text '10' is set on object 'Object Repository/Emergency/Page_Store/input_txtqty'

2018-05-14 14:38:08 - [MESSAGE][PASSED] - Text '10' is set on object 'Object Repository/Emergency/Page_Store/input_txtqty'

2018-05-14 14:38:08 - [TEST_STEP][PASSED] - click: Object: 'Object Repository/Emergency/Page_Store/button_Add' is clicked on

2018-05-14 14:38:08 - [MESSAGE][PASSED] - Object: 'Object Repository/Emergency/Page_Store/button_Add' is clicked on

2018-05-14 14:38:08 - [TEST_STEP][PASSED] - Statement - Break: null

2018-05-14 14:38:08 - [TEST_STEP][PASSED] - selectOptionByIndex: All options with index in [9] are selected on object 'Object Repository/Emergency/Page_Store/select_--Select--Amikacin -500'

2018-05-14 14:38:09 - [MESSAGE][PASSED] - All options with index in [9] are selected on object 'Object Repository/Emergency/Page_Store/select_--Select--Amikacin -500'

2018-05-14 14:38:09 - [TEST_STEP][PASSED] - Statement - RequestedQty = com.kms.katalon.core.webui.keyword.WebUiBuiltInKeywords.getAttribute(com.kms.katalon.core.testobject.ObjectRepository.findTestObject(Emergency/Page_Store/input_txttotal), "value"): Attribute 'value' of object 'Object Repository/Emergency/Page_Store/input_txttotal' is: '10'

2018-05-14 14:38:09 - [MESSAGE][PASSED] - Attribute 'value' of object 'Object Repository/Emergency/Page_Store/input_txttotal' is: '10'

2018-05-14 14:38:09 - [TEST_STEP][PASSED] - Statement - out.println("Requested QTY : " + RequestedQty): null

2018-05-14 14:38:09 - [TEST_STEP][PASSED] - Statement - BatchNumber = com.kms.katalon.core.webui.keyword.WebUiBuiltInKeywords.getNumberOfTotalOption(com.kms.katalon.core.testobject.ObjectRepository.findTestObject(Emergency/Page_Store/select_--Select--BA1150BA4110)): 2 options of object 'Object Repository/Emergency/Page_Store/select_--Select--BA1150BA4110' counted

2018-05-14 14:38:09 - [MESSAGE][PASSED] - 2 options of object 'Object Repository/Emergency/Page_Store/select_--Select--BA1150BA4110' counted

2018-05-14 14:38:09 - [TEST_STEP][PASSED] - Statement - For ([g = 1, g <= BatchNumber - 1, (g++)]): null

2018-05-14 14:38:09 - [TEST_STEP][PASSED] - selectOptionByIndex: All options with index in [1] are selected on object 'Object Repository/Emergency/Page_Store/select_--Select--BA1150BA4110'

2018-05-14 14:38:09 - [MESSAGE][PASSED] - All options with index in [1] are selected on object 'Object Repository/Emergency/Page_Store/select_--Select--BA1150BA4110'

2018-05-14 14:38:09 - [TEST_STEP][PASSED] - Statement - Try: null

2018-05-14 14:38:09 - [TEST_STEP][PASSED] - Statement - StockQty = com.kms.katalon.core.webui.keyword.WebUiBuiltInKeywords.getAttribute(com.kms.katalon.core.testobject.ObjectRepository.findTestObject(Emergency/Page_Store/input_txtprice), "value"): Attribute 'value' of object 'Object Repository/Emergency/Page_Store/input_txtprice' is: '100'

2018-05-14 14:38:09 - [MESSAGE][PASSED] - Attribute 'value' of object 'Object Repository/Emergency/Page_Store/input_txtprice' is: '100'

2018-05-14 14:38:09 - [TEST_STEP][PASSED] - Statement - out.println("Stock QTY : " + StockQty): null

2018-05-14 14:38:09 - [TEST_STEP][PASSED] - delay: Delayed 2 second(s)

2018-05-14 14:38:11 - [MESSAGE][PASSED] - Delayed 2 second(s)

2018-05-14 14:38:11 - [TEST_STEP][PASSED] - Statement - If (java.lang.String.valueOf(StockQty) >= java.lang.String.valueOf(RequestedQty)): null

2018-05-14 14:38:11 - [TEST_STEP][PASSED] - setText: Text '10' is set on object 'Object Repository/Emergency/Page_Store/input_txtqty'

2018-05-14 14:38:11 - [MESSAGE][PASSED] - Text '10' is set on object 'Object Repository/Emergency/Page_Store/input_txtqty'

2018-05-14 14:38:11 - [TEST_STEP][PASSED] - click: Object: 'Object Repository/Emergency/Page_Store/button_Add' is clicked on

2018-05-14 14:38:11 - [MESSAGE][PASSED] - Object: 'Object Repository/Emergency/Page_Store/button_Add' is clicked on

2018-05-14 14:38:11 - [TEST_STEP][PASSED] - Statement - Break: null

2018-05-14 14:38:11 - [TEST_STEP][PASSED] - selectOptionByIndex: All options with index in [10] are selected on object 'Object Repository/Emergency/Page_Store/select_--Select--Amikacin -500'

2018-05-14 14:38:11 - [MESSAGE][PASSED] - All options with index in [10] are selected on object 'Object Repository/Emergency/Page_Store/select_--Select--Amikacin -500'

2018-05-14 14:38:11 - [TEST_STEP][PASSED] - Statement - RequestedQty = com.kms.katalon.core.webui.keyword.WebUiBuiltInKeywords.getAttribute(com.kms.katalon.core.testobject.ObjectRepository.findTestObject(Emergency/Page_Store/input_txttotal), "value"): Attribute 'value' of object 'Object Repository/Emergency/Page_Store/input_txttotal' is: ''

2018-05-14 14:38:11 - [MESSAGE][PASSED] - Attribute 'value' of object 'Object Repository/Emergency/Page_Store/input_txttotal' is: ''

2018-05-14 14:38:11 - [TEST_STEP][PASSED] - Statement - out.println("Requested QTY : " + RequestedQty): null

2018-05-14 14:38:11 - [TEST_STEP][PASSED] - Statement - BatchNumber = com.kms.katalon.core.webui.keyword.WebUiBuiltInKeywords.getNumberOfTotalOption(com.kms.katalon.core.testobject.ObjectRepository.findTestObject(Emergency/Page_Store/select_--Select--BA1150BA4110)): 2 options of object 'Object Repository/Emergency/Page_Store/select_--Select--BA1150BA4110' counted

2018-05-14 14:38:11 - [MESSAGE][PASSED] - 2 options of object 'Object Repository/Emergency/Page_Store/select_--Select--BA1150BA4110' counted

2018-05-14 14:38:11 - [TEST_STEP][PASSED] - Statement - For ([g = 1, g <= BatchNumber - 1, (g++)]): null

2018-05-14 14:38:11 - [TEST_STEP][PASSED] - selectOptionByIndex: All options with index in [1] are selected on object 'Object Repository/Emergency/Page_Store/select_--Select--BA1150BA4110'

2018-05-14 14:38:12 - [MESSAGE][PASSED] - All options with index in [1] are selected on object 'Object Repository/Emergency/Page_Store/select_--Select--BA1150BA4110'

2018-05-14 14:38:12 - [TEST_STEP][PASSED] - Statement - Try: null

2018-05-14 14:38:12 - [TEST_STEP][PASSED] - Statement - StockQty = com.kms.katalon.core.webui.keyword.WebUiBuiltInKeywords.getAttribute(com.kms.katalon.core.testobject.ObjectRepository.findTestObject(Emergency/Page_Store/input_txtprice), "value"): Attribute 'value' of object 'Object Repository/Emergency/Page_Store/input_txtprice' is: '100'

2018-05-14 14:38:12 - [MESSAGE][PASSED] - Attribute 'value' of object 'Object Repository/Emergency/Page_Store/input_txtprice' is: '100'

2018-05-14 14:38:12 - [TEST_STEP][PASSED] - Statement - out.println("Stock QTY : " + StockQty): null

2018-05-14 14:38:12 - [TEST_STEP][PASSED] - delay: Delayed 2 second(s)

2018-05-14 14:38:14 - [MESSAGE][PASSED] - Delayed 2 second(s)

2018-05-14 14:38:14 - [TEST_STEP][PASSED] - Statement - If (java.lang.String.valueOf(StockQty) >= java.lang.String.valueOf(RequestedQty)): null

2018-05-14 14:38:14 - [TEST_STEP][PASSED] - setText: Text '10' is set on object 'Object Repository/Emergency/Page_Store/input_txtqty'

2018-05-14 14:38:14 - [MESSAGE][PASSED] - Text '10' is set on object 'Object Repository/Emergency/Page_Store/input_txtqty'

2018-05-14 14:38:14 - [TEST_STEP][PASSED] - click: Object: 'Object Repository/Emergency/Page_Store/button_Add' is clicked on

2018-05-14 14:38:14 - [MESSAGE][PASSED] - Object: 'Object Repository/Emergency/Page_Store/button_Add' is clicked on

2018-05-14 14:38:14 - [TEST_STEP][PASSED] - Statement - Break: null

2018-05-14 14:38:14 - [TEST_STEP][PASSED] - selectOptionByIndex: All options with index in [11] are selected on object 'Object Repository/Emergency/Page_Store/select_--Select--Amikacin -500'

2018-05-14 14:38:14 - [MESSAGE][PASSED] - All options with index in [11] are selected on object 'Object Repository/Emergency/Page_Store/select_--Select--Amikacin -500'

2018-05-14 14:38:14 - [TEST_STEP][PASSED] - Statement - RequestedQty = com.kms.katalon.core.webui.keyword.WebUiBuiltInKeywords.getAttribute(com.kms.katalon.core.testobject.ObjectRepository.findTestObject(Emergency/Page_Store/input_txttotal), "value"): Attribute 'value' of object 'Object Repository/Emergency/Page_Store/input_txttotal' is: '10'

2018-05-14 14:38:14 - [MESSAGE][PASSED] - Attribute 'value' of object 'Object Repository/Emergency/Page_Store/input_txttotal' is: '10'

2018-05-14 14:38:14 - [TEST_STEP][PASSED] - Statement - out.println("Requested QTY : " + RequestedQty): null

2018-05-14 14:38:14 - [TEST_STEP][PASSED] - Statement - BatchNumber = com.kms.katalon.core.webui.keyword.WebUiBuiltInKeywords.getNumberOfTotalOption(com.kms.katalon.core.testobject.ObjectRepository.findTestObject(Emergency/Page_Store/select_--Select--BA1150BA4110)): 2 options of object 'Object Repository/Emergency/Page_Store/select_--Select--BA1150BA4110' counted

2018-05-14 14:38:14 - [MESSAGE][PASSED] - 2 options of object 'Object Repository/Emergency/Page_Store/select_--Select--BA1150BA4110' counted

2018-05-14 14:38:14 - [TEST_STEP][PASSED] - Statement - For ([g = 1, g <= BatchNumber - 1, (g++)]): null

2018-05-14 14:38:14 - [TEST_STEP][PASSED] - selectOptionByIndex: All options with index in [1] are selected on object 'Object Repository/Emergency/Page_Store/select_--Select--BA1150BA4110'

2018-05-14 14:38:14 - [MESSAGE][PASSED] - All options with index in [1] are selected on object 'Object Repository/Emergency/Page_Store/select_--Select--BA1150BA4110'

2018-05-14 14:38:14 - [TEST_STEP][PASSED] - Statement - Try: null

2018-05-14 14:38:14 - [TEST_STEP][PASSED] - Statement - StockQty = com.kms.katalon.core.webui.keyword.WebUiBuiltInKeywords.getAttribute(com.kms.katalon.core.testobject.ObjectRepository.findTestObject(Emergency/Page_Store/input_txtprice), "value"): Attribute 'value' of object 'Object Repository/Emergency/Page_Store/input_txtprice' is: '100'

2018-05-14 14:38:14 - [MESSAGE][PASSED] - Attribute 'value' of object 'Object Repository/Emergency/Page_Store/input_txtprice' is: '100'

2018-05-14 14:38:14 - [TEST_STEP][PASSED] - Statement - out.println("Stock QTY : " + StockQty): null

2018-05-14 14:38:14 - [TEST_STEP][PASSED] - delay: Delayed 2 second(s)

2018-05-14 14:38:16 - [MESSAGE][PASSED] - Delayed 2 second(s)

2018-05-14 14:38:16 - [TEST_STEP][PASSED] - Statement - If (java.lang.String.valueOf(StockQty) >= java.lang.String.valueOf(RequestedQty)): null

2018-05-14 14:38:16 - [TEST_STEP][PASSED] - setText: Text '10' is set on object 'Object Repository/Emergency/Page_Store/input_txtqty'

2018-05-14 14:38:16 - [MESSAGE][PASSED] - Text '10' is set on object 'Object Repository/Emergency/Page_Store/input_txtqty'

2018-05-14 14:38:16 - [TEST_STEP][PASSED] - click: Object: 'Object Repository/Emergency/Page_Store/button_Add' is clicked on

2018-05-14 14:38:16 - [MESSAGE][PASSED] - Object: 'Object Repository/Emergency/Page_Store/button_Add' is clicked on

2018-05-14 14:38:16 - [TEST_STEP][PASSED] - Statement - Break: null

2018-05-14 14:38:16 - [TEST_STEP][PASSED] - selectOptionByIndex: All options with index in [12] are selected on object 'Object Repository/Emergency/Page_Store/select_--Select--Amikacin -500'

2018-05-14 14:38:17 - [MESSAGE][PASSED] - All options with index in [12] are selected on object 'Object Repository/Emergency/Page_Store/select_--Select--Amikacin -500'

2018-05-14 14:38:17 - [TEST_STEP][PASSED] - Statement - RequestedQty = com.kms.katalon.core.webui.keyword.WebUiBuiltInKeywords.getAttribute(com.kms.katalon.core.testobject.ObjectRepository.findTestObject(Emergency/Page_Store/input_txttotal), "value"): Attribute 'value' of object 'Object Repository/Emergency/Page_Store/input_txttotal' is: '10'

2018-05-14 14:38:17 - [MESSAGE][PASSED] - Attribute 'value' of object 'Object Repository/Emergency/Page_Store/input_txttotal' is: '10'

2018-05-14 14:38:17 - [TEST_STEP][PASSED] - Statement - out.println("Requested QTY : " + RequestedQty): null

2018-05-14 14:38:17 - [TEST_STEP][PASSED] - Statement - BatchNumber = com.kms.katalon.core.webui.keyword.WebUiBuiltInKeywords.getNumberOfTotalOption(com.kms.katalon.core.testobject.ObjectRepository.findTestObject(Emergency/Page_Store/select_--Select--BA1150BA4110)): 2 options of object 'Object Repository/Emergency/Page_Store/select_--Select--BA1150BA4110' counted

2018-05-14 14:38:17 - [MESSAGE][PASSED] - 2 options of object 'Object Repository/Emergency/Page_Store/select_--Select--BA1150BA4110' counted

2018-05-14 14:38:17 - [TEST_STEP][PASSED] - Statement - For ([g = 1, g <= BatchNumber - 1, (g++)]): null

2018-05-14 14:38:17 - [TEST_STEP][PASSED] - selectOptionByIndex: All options with index in [1] are selected on object 'Object Repository/Emergency/Page_Store/select_--Select--BA1150BA4110'

2018-05-14 14:38:17 - [MESSAGE][PASSED] - All options with index in [1] are selected on object 'Object Repository/Emergency/Page_Store/select_--Select--BA1150BA4110'

2018-05-14 14:38:17 - [TEST_STEP][PASSED] - Statement - Try: null

2018-05-14 14:38:17 - [TEST_STEP][PASSED] - Statement - StockQty = com.kms.katalon.core.webui.keyword.WebUiBuiltInKeywords.getAttribute(com.kms.katalon.core.testobject.ObjectRepository.findTestObject(Emergency/Page_Store/input_txtprice), "value"): Attribute 'value' of object 'Object Repository/Emergency/Page_Store/input_txtprice' is: '100'

2018-05-14 14:38:17 - [MESSAGE][PASSED] - Attribute 'value' of object 'Object Repository/Emergency/Page_Store/input_txtprice' is: '100'

2018-05-14 14:38:17 - [TEST_STEP][PASSED] - Statement - out.println("Stock QTY : " + StockQty): null

2018-05-14 14:38:17 - [TEST_STEP][PASSED] - delay: Delayed 2 second(s)

2018-05-14 14:38:19 - [MESSAGE][PASSED] - Delayed 2 second(s)

2018-05-14 14:38:19 - [TEST_STEP][PASSED] - Statement - If (java.lang.String.valueOf(StockQty) >= java.lang.String.valueOf(RequestedQty)): null

2018-05-14 14:38:19 - [TEST_STEP][PASSED] - setText: Text '10' is set on object 'Object Repository/Emergency/Page_Store/input_txtqty'

2018-05-14 14:38:19 - [MESSAGE][PASSED] - Text '10' is set on object 'Object Repository/Emergency/Page_Store/input_txtqty'

2018-05-14 14:38:19 - [TEST_STEP][PASSED] - click: Object: 'Object Repository/Emergency/Page_Store/button_Add' is clicked on

2018-05-14 14:38:19 - [MESSAGE][PASSED] - Object: 'Object Repository/Emergency/Page_Store/button_Add' is clicked on

2018-05-14 14:38:19 - [TEST_STEP][PASSED] - Statement - Break: null

2018-05-14 14:38:19 - [TEST_STEP][PASSED] - selectOptionByIndex: All options with index in [13] are selected on object 'Object Repository/Emergency/Page_Store/select_--Select--Amikacin -500'

2018-05-14 14:38:19 - [MESSAGE][PASSED] - All options with index in [13] are selected on object 'Object Repository/Emergency/Page_Store/select_--Select--Amikacin -500'

2018-05-14 14:38:19 - [TEST_STEP][PASSED] - Statement - RequestedQty = com.kms.katalon.core.webui.keyword.WebUiBuiltInKeywords.getAttribute(com.kms.katalon.core.testobject.ObjectRepository.findTestObject(Emergency/Page_Store/input_txttotal), "value"): Attribute 'value' of object 'Object Repository/Emergency/Page_Store/input_txttotal' is: '10'

2018-05-14 14:38:19 - [MESSAGE][PASSED] - Attribute 'value' of object 'Object Repository/Emergency/Page_Store/input_txttotal' is: '10'

2018-05-14 14:38:19 - [TEST_STEP][PASSED] - Statement - out.println("Requested QTY : " + RequestedQty): null

2018-05-14 14:38:19 - [TEST_STEP][PASSED] - Statement - BatchNumber = com.kms.katalon.core.webui.keyword.WebUiBuiltInKeywords.getNumberOfTotalOption(com.kms.katalon.core.testobject.ObjectRepository.findTestObject(Emergency/Page_Store/select_--Select--BA1150BA4110)): 2 options of object 'Object Repository/Emergency/Page_Store/select_--Select--BA1150BA4110' counted

2018-05-14 14:38:19 - [MESSAGE][PASSED] - 2 options of object 'Object Repository/Emergency/Page_Store/select_--Select--BA1150BA4110' counted

2018-05-14 14:38:19 - [TEST_STEP][PASSED] - Statement - For ([g = 1, g <= BatchNumber - 1, (g++)]): null

2018-05-14 14:38:19 - [TEST_STEP][PASSED] - selectOptionByIndex: All options with index in [1] are selected on object 'Object Repository/Emergency/Page_Store/select_--Select--BA1150BA4110'

2018-05-14 14:38:19 - [MESSAGE][PASSED] - All options with index in [1] are selected on object 'Object Repository/Emergency/Page_Store/select_--Select--BA1150BA4110'

2018-05-14 14:38:19 - [TEST_STEP][PASSED] - Statement - Try: null

2018-05-14 14:38:19 - [TEST_STEP][PASSED] - Statement - StockQty = com.kms.katalon.core.webui.keyword.WebUiBuiltInKeywords.getAttribute(com.kms.katalon.core.testobject.ObjectRepository.findTestObject(Emergency/Page_Store/input_txtprice), "value"): Attribute 'value' of object 'Object Repository/Emergency/Page_Store/input_txtprice' is: '100'

2018-05-14 14:38:19 - [MESSAGE][PASSED] - Attribute 'value' of object 'Object Repository/Emergency/Page_Store/input_txtprice' is: '100'

2018-05-14 14:38:19 - [TEST_STEP][PASSED] - Statement - out.println("Stock QTY : " + StockQty): null

2018-05-14 14:38:19 - [TEST_STEP][PASSED] - delay: Delayed 2 second(s)

2018-05-14 14:38:21 - [MESSAGE][PASSED] - Delayed 2 second(s)

2018-05-14 14:38:21 - [TEST_STEP][PASSED] - Statement - If (java.lang.String.valueOf(StockQty) >= java.lang.String.valueOf(RequestedQty)): null

2018-05-14 14:38:21 - [TEST_STEP][PASSED] - setText: Text '10' is set on object 'Object Repository/Emergency/Page_Store/input_txtqty'

2018-05-14 14:38:22 - [MESSAGE][PASSED] - Text '10' is set on object 'Object Repository/Emergency/Page_Store/input_txtqty'

2018-05-14 14:38:22 - [TEST_STEP][PASSED] - click: Object: 'Object Repository/Emergency/Page_Store/button_Add' is clicked on

2018-05-14 14:38:22 - [MESSAGE][PASSED] - Object: 'Object Repository/Emergency/Page_Store/button_Add' is clicked on

2018-05-14 14:38:22 - [TEST_STEP][PASSED] - Statement - Break: null

2018-05-14 14:38:22 - [TEST_STEP][PASSED] - selectOptionByIndex: All options with index in [14] are selected on object 'Object Repository/Emergency/Page_Store/select_--Select--Amikacin -500'

2018-05-14 14:38:22 - [MESSAGE][PASSED] - All options with index in [14] are selected on object 'Object Repository/Emergency/Page_Store/select_--Select--Amikacin -500'

2018-05-14 14:38:22 - [TEST_STEP][PASSED] - Statement - RequestedQty = com.kms.katalon.core.webui.keyword.WebUiBuiltInKeywords.getAttribute(com.kms.katalon.core.testobject.ObjectRepository.findTestObject(Emergency/Page_Store/input_txttotal), "value"): Attribute 'value' of object 'Object Repository/Emergency/Page_Store/input_txttotal' is: '10'

2018-05-14 14:38:22 - [MESSAGE][PASSED] - Attribute 'value' of object 'Object Repository/Emergency/Page_Store/input_txttotal' is: '10'

2018-05-14 14:38:22 - [TEST_STEP][PASSED] - Statement - out.println("Requested QTY : " + RequestedQty): null

2018-05-14 14:38:22 - [TEST_STEP][PASSED] - Statement - BatchNumber = com.kms.katalon.core.webui.keyword.WebUiBuiltInKeywords.getNumberOfTotalOption(com.kms.katalon.core.testobject.ObjectRepository.findTestObject(Emergency/Page_Store/select_--Select--BA1150BA4110)): 2 options of object 'Object Repository/Emergency/Page_Store/select_--Select--BA1150BA4110' counted

2018-05-14 14:38:22 - [MESSAGE][PASSED] - 2 options of object 'Object Repository/Emergency/Page_Store/select_--Select--BA1150BA4110' counted

2018-05-14 14:38:22 - [TEST_STEP][PASSED] - Statement - For ([g = 1, g <= BatchNumber - 1, (g++)]): null

2018-05-14 14:38:22 - [TEST_STEP][PASSED] - selectOptionByIndex: All options with index in [1] are selected on object 'Object Repository/Emergency/Page_Store/select_--Select--BA1150BA4110'

2018-05-14 14:38:22 - [MESSAGE][PASSED] - All options with index in [1] are selected on object 'Object Repository/Emergency/Page_Store/select_--Select--BA1150BA4110'

2018-05-14 14:38:22 - [TEST_STEP][PASSED] - Statement - Try: null

2018-05-14 14:38:22 - [TEST_STEP][PASSED] - Statement - StockQty = com.kms.katalon.core.webui.keyword.WebUiBuiltInKeywords.getAttribute(com.kms.katalon.core.testobject.ObjectRepository.findTestObject(Emergency/Page_Store/input_txtprice), "value"): Attribute 'value' of object 'Object Repository/Emergency/Page_Store/input_txtprice' is: '100'

2018-05-14 14:38:22 - [MESSAGE][PASSED] - Attribute 'value' of object 'Object Repository/Emergency/Page_Store/input_txtprice' is: '100'

2018-05-14 14:38:22 - [TEST_STEP][PASSED] - Statement - out.println("Stock QTY : " + StockQty): null

2018-05-14 14:38:22 - [TEST_STEP][PASSED] - delay: Delayed 2 second(s)

2018-05-14 14:38:24 - [MESSAGE][PASSED] - Delayed 2 second(s)

2018-05-14 14:38:24 - [TEST_STEP][PASSED] - Statement - If (java.lang.String.valueOf(StockQty) >= java.lang.String.valueOf(RequestedQty)): null

2018-05-14 14:38:24 - [TEST_STEP][PASSED] - setText: Text '10' is set on object 'Object Repository/Emergency/Page_Store/input_txtqty'

2018-05-14 14:38:24 - [MESSAGE][PASSED] - Text '10' is set on object 'Object Repository/Emergency/Page_Store/input_txtqty'

2018-05-14 14:38:24 - [TEST_STEP][PASSED] - click: Object: 'Object Repository/Emergency/Page_Store/button_Add' is clicked on

2018-05-14 14:38:24 - [MESSAGE][PASSED] - Object: 'Object Repository/Emergency/Page_Store/button_Add' is clicked on

2018-05-14 14:38:24 - [TEST_STEP][PASSED] - Statement - Break: null

2018-05-14 14:38:24 - [TEST_STEP][PASSED] - selectOptionByIndex: All options with index in [15] are selected on object 'Object Repository/Emergency/Page_Store/select_--Select--Amikacin -500'

2018-05-14 14:38:25 - [MESSAGE][PASSED] - All options with index in [15] are selected on object 'Object Repository/Emergency/Page_Store/select_--Select--Amikacin -500'

2018-05-14 14:38:25 - [TEST_STEP][PASSED] - Statement - RequestedQty = com.kms.katalon.core.webui.keyword.WebUiBuiltInKeywords.getAttribute(com.kms.katalon.core.testobject.ObjectRepository.findTestObject(Emergency/Page_Store/input_txttotal), "value"): Attribute 'value' of object 'Object Repository/Emergency/Page_Store/input_txttotal' is: '10'

2018-05-14 14:38:25 - [MESSAGE][PASSED] - Attribute 'value' of object 'Object Repository/Emergency/Page_Store/input_txttotal' is: '10'

2018-05-14 14:38:25 - [TEST_STEP][PASSED] - Statement - out.println("Requested QTY : " + RequestedQty): null

2018-05-14 14:38:25 - [TEST_STEP][PASSED] - Statement - BatchNumber = com.kms.katalon.core.webui.keyword.WebUiBuiltInKeywords.getNumberOfTotalOption(com.kms.katalon.core.testobject.ObjectRepository.findTestObject(Emergency/Page_Store/select_--Select--BA1150BA4110)): 2 options of object 'Object Repository/Emergency/Page_Store/select_--Select--BA1150BA4110' counted

2018-05-14 14:38:25 - [MESSAGE][PASSED] - 2 options of object 'Object Repository/Emergency/Page_Store/select_--Select--BA1150BA4110' counted

2018-05-14 14:38:25 - [TEST_STEP][PASSED] - Statement - For ([g = 1, g <= BatchNumber - 1, (g++)]): null

2018-05-14 14:38:25 - [TEST_STEP][PASSED] - selectOptionByIndex: All options with index in [1] are selected on object 'Object Repository/Emergency/Page_Store/select_--Select--BA1150BA4110'

2018-05-14 14:38:25 - [MESSAGE][PASSED] - All options with index in [1] are selected on object 'Object Repository/Emergency/Page_Store/select_--Select--BA1150BA4110'

2018-05-14 14:38:25 - [TEST_STEP][PASSED] - Statement - Try: null

2018-05-14 14:38:25 - [TEST_STEP][PASSED] - Statement - StockQty = com.kms.katalon.core.webui.keyword.WebUiBuiltInKeywords.getAttribute(com.kms.katalon.core.testobject.ObjectRepository.findTestObject(Emergency/Page_Store/input_txtprice), "value"): Attribute 'value' of object 'Object Repository/Emergency/Page_Store/input_txtprice' is: '100'

2018-05-14 14:38:25 - [MESSAGE][PASSED] - Attribute 'value' of object 'Object Repository/Emergency/Page_Store/input_txtprice' is: '100'

2018-05-14 14:38:25 - [TEST_STEP][PASSED] - Statement - out.println("Stock QTY : " + StockQty): null

2018-05-14 14:38:25 - [TEST_STEP][PASSED] - delay: Delayed 2 second(s)

2018-05-14 14:38:27 - [MESSAGE][PASSED] - Delayed 2 second(s)

2018-05-14 14:38:27 - [TEST_STEP][PASSED] - Statement - If (java.lang.String.valueOf(StockQty) >= java.lang.String.valueOf(RequestedQty)): null

2018-05-14 14:38:27 - [TEST_STEP][PASSED] - setText: Text '10' is set on object 'Object Repository/Emergency/Page_Store/input_txtqty'

2018-05-14 14:38:27 - [MESSAGE][PASSED] - Text '10' is set on object 'Object Repository/Emergency/Page_Store/input_txtqty'

2018-05-14 14:38:27 - [TEST_STEP][PASSED] - click: Object: 'Object Repository/Emergency/Page_Store/button_Add' is clicked on

2018-05-14 14:38:27 - [MESSAGE][PASSED] - Object: 'Object Repository/Emergency/Page_Store/button_Add' is clicked on

2018-05-14 14:38:27 - [TEST_STEP][PASSED] - Statement - Break: null

2018-05-14 14:38:27 - [TEST_STEP][PASSED] - selectOptionByIndex: All options with index in [16] are selected on object 'Object Repository/Emergency/Page_Store/select_--Select--Amikacin -500'

2018-05-14 14:38:27 - [MESSAGE][PASSED] - All options with index in [16] are selected on object 'Object Repository/Emergency/Page_Store/select_--Select--Amikacin -500'

2018-05-14 14:38:27 - [TEST_STEP][PASSED] - Statement - RequestedQty = com.kms.katalon.core.webui.keyword.WebUiBuiltInKeywords.getAttribute(com.kms.katalon.core.testobject.ObjectRepository.findTestObject(Emergency/Page_Store/input_txttotal), "value"): Attribute 'value' of object 'Object Repository/Emergency/Page_Store/input_txttotal' is: '10'

2018-05-14 14:38:27 - [MESSAGE][PASSED] - Attribute 'value' of object 'Object Repository/Emergency/Page_Store/input_txttotal' is: '10'

2018-05-14 14:38:27 - [TEST_STEP][PASSED] - Statement - out.println("Requested QTY : " + RequestedQty): null

2018-05-14 14:38:27 - [TEST_STEP][PASSED] - Statement - BatchNumber = com.kms.katalon.core.webui.keyword.WebUiBuiltInKeywords.getNumberOfTotalOption(com.kms.katalon.core.testobject.ObjectRepository.findTestObject(Emergency/Page_Store/select_--Select--BA1150BA4110)): 2 options of object 'Object Repository/Emergency/Page_Store/select_--Select--BA1150BA4110' counted

2018-05-14 14:38:27 - [MESSAGE][PASSED] - 2 options of object 'Object Repository/Emergency/Page_Store/select_--Select--BA1150BA4110' counted

2018-05-14 14:38:27 - [TEST_STEP][PASSED] - Statement - For ([g = 1, g <= BatchNumber - 1, (g++)]): null

2018-05-14 14:38:27 - [TEST_STEP][PASSED] - selectOptionByIndex: All options with index in [1] are selected on object 'Object Repository/Emergency/Page_Store/select_--Select--BA1150BA4110'

2018-05-14 14:38:27 - [MESSAGE][PASSED] - All options with index in [1] are selected on object 'Object Repository/Emergency/Page_Store/select_--Select--BA1150BA4110'

2018-05-14 14:38:27 - [TEST_STEP][PASSED] - Statement - Try: null

2018-05-14 14:38:27 - [TEST_STEP][PASSED] - Statement - StockQty = com.kms.katalon.core.webui.keyword.WebUiBuiltInKeywords.getAttribute(com.kms.katalon.core.testobject.ObjectRepository.findTestObject(Emergency/Page_Store/input_txtprice), "value"): Attribute 'value' of object 'Object Repository/Emergency/Page_Store/input_txtprice' is: '100'

2018-05-14 14:38:28 - [MESSAGE][PASSED] - Attribute 'value' of object 'Object Repository/Emergency/Page_Store/input_txtprice' is: '100'

2018-05-14 14:38:28 - [TEST_STEP][PASSED] - Statement - out.println("Stock QTY : " + StockQty): null

2018-05-14 14:38:28 - [TEST_STEP][PASSED] - delay: Delayed 2 second(s)

2018-05-14 14:38:30 - [MESSAGE][PASSED] - Delayed 2 second(s)

2018-05-14 14:38:30 - [TEST_STEP][PASSED] - Statement - If (java.lang.String.valueOf(StockQty) >= java.lang.String.valueOf(RequestedQty)): null

2018-05-14 14:38:30 - [TEST_STEP][PASSED] - setText: Text '10' is set on object 'Object Repository/Emergency/Page_Store/input_txtqty'

2018-05-14 14:38:30 - [MESSAGE][PASSED] - Text '10' is set on object 'Object Repository/Emergency/Page_Store/input_txtqty'

2018-05-14 14:38:30 - [TEST_STEP][PASSED] - click: Object: 'Object Repository/Emergency/Page_Store/button_Add' is clicked on

2018-05-14 14:38:30 - [MESSAGE][PASSED] - Object: 'Object Repository/Emergency/Page_Store/button_Add' is clicked on

2018-05-14 14:38:30 - [TEST_STEP][PASSED] - Statement - Break: null

2018-05-14 14:38:30 - [TEST_STEP][PASSED] - selectOptionByIndex: All options with index in [17] are selected on object 'Object Repository/Emergency/Page_Store/select_--Select--Amikacin -500'

2018-05-14 14:38:30 - [MESSAGE][PASSED] - All options with index in [17] are selected on object 'Object Repository/Emergency/Page_Store/select_--Select--Amikacin -500'

2018-05-14 14:38:30 - [TEST_STEP][PASSED] - Statement - RequestedQty = com.kms.katalon.core.webui.keyword.WebUiBuiltInKeywords.getAttribute(com.kms.katalon.core.testobject.ObjectRepository.findTestObject(Emergency/Page_Store/input_txttotal), "value"): Attribute 'value' of object 'Object Repository/Emergency/Page_Store/input_txttotal' is: '10'

2018-05-14 14:38:30 - [MESSAGE][PASSED] - Attribute 'value' of object 'Object Repository/Emergency/Page_Store/input_txttotal' is: '10'

2018-05-14 14:38:30 - [TEST_STEP][PASSED] - Statement - out.println("Requested QTY : " + RequestedQty): null

2018-05-14 14:38:30 - [TEST_STEP][PASSED] - Statement - BatchNumber = com.kms.katalon.core.webui.keyword.WebUiBuiltInKeywords.getNumberOfTotalOption(com.kms.katalon.core.testobject.ObjectRepository.findTestObject(Emergency/Page_Store/select_--Select--BA1150BA4110)): 2 options of object 'Object Repository/Emergency/Page_Store/select_--Select--BA1150BA4110' counted

2018-05-14 14:38:30 - [MESSAGE][PASSED] - 2 options of object 'Object Repository/Emergency/Page_Store/select_--Select--BA1150BA4110' counted

2018-05-14 14:38:30 - [TEST_STEP][PASSED] - Statement - For ([g = 1, g <= BatchNumber - 1, (g++)]): null

2018-05-14 14:38:30 - [TEST_STEP][PASSED] - selectOptionByIndex: All options with index in [1] are selected on object 'Object Repository/Emergency/Page_Store/select_--Select--BA1150BA4110'

2018-05-14 14:38:30 - [MESSAGE][PASSED] - All options with index in [1] are selected on object 'Object Repository/Emergency/Page_Store/select_--Select--BA1150BA4110'

2018-05-14 14:38:30 - [TEST_STEP][PASSED] - Statement - Try: null

2018-05-14 14:38:30 - [TEST_STEP][PASSED] - Statement - StockQty = com.kms.katalon.core.webui.keyword.WebUiBuiltInKeywords.getAttribute(com.kms.katalon.core.testobject.ObjectRepository.findTestObject(Emergency/Page_Store/input_txtprice), "value"): Attribute 'value' of object 'Object Repository/Emergency/Page_Store/input_txtprice' is: ''

2018-05-14 14:38:30 - [MESSAGE][PASSED] - Attribute 'value' of object 'Object Repository/Emergency/Page_Store/input_txtprice' is: ''

2018-05-14 14:38:30 - [TEST_STEP][PASSED] - Statement - out.println("Stock QTY : " + StockQty): null

2018-05-14 14:38:30 - [TEST_STEP][PASSED] - delay: Delayed 2 second(s)

2018-05-14 14:38:32 - [MESSAGE][PASSED] - Delayed 2 second(s)

2018-05-14 14:38:32 - [TEST_STEP][PASSED] - Statement - If (java.lang.String.valueOf(StockQty) >= java.lang.String.valueOf(RequestedQty)): null

2018-05-14 14:38:32 - [TEST_STEP][PASSED] - Statement - Else: null

2018-05-14 14:38:32 - [TEST_STEP][PASSED] - Statement - out.println("Stock Is Less Than Requested Qty"): null

2018-05-14 14:38:32 - [TEST_STEP][PASSED] - selectOptionByIndex: All options with index in [18] are selected on object 'Object Repository/Emergency/Page_Store/select_--Select--Amikacin -500'

2018-05-14 14:38:33 - [MESSAGE][PASSED] - All options with index in [18] are selected on object 'Object Repository/Emergency/Page_Store/select_--Select--Amikacin -500'

2018-05-14 14:38:33 - [TEST_STEP][PASSED] - Statement - RequestedQty = com.kms.katalon.core.webui.keyword.WebUiBuiltInKeywords.getAttribute(com.kms.katalon.core.testobject.ObjectRepository.findTestObject(Emergency/Page_Store/input_txttotal), "value"): Attribute 'value' of object 'Object Repository/Emergency/Page_Store/input_txttotal' is: '10'

2018-05-14 14:38:33 - [MESSAGE][PASSED] - Attribute 'value' of object 'Object Repository/Emergency/Page_Store/input_txttotal' is: '10'

2018-05-14 14:38:33 - [TEST_STEP][PASSED] - Statement - out.println("Requested QTY : " + RequestedQty): null

2018-05-14 14:38:33 - [TEST_STEP][PASSED] - Statement - BatchNumber = com.kms.katalon.core.webui.keyword.WebUiBuiltInKeywords.getNumberOfTotalOption(com.kms.katalon.core.testobject.ObjectRepository.findTestObject(Emergency/Page_Store/select_--Select--BA1150BA4110)): 2 options of object 'Object Repository/Emergency/Page_Store/select_--Select--BA1150BA4110' counted

2018-05-14 14:38:33 - [MESSAGE][PASSED] - 2 options of object 'Object Repository/Emergency/Page_Store/select_--Select--BA1150BA4110' counted

2018-05-14 14:38:33 - [TEST_STEP][PASSED] - Statement - For ([g = 1, g <= BatchNumber - 1, (g++)]): null

2018-05-14 14:38:33 - [TEST_STEP][PASSED] - selectOptionByIndex: All options with index in [1] are selected on object 'Object Repository/Emergency/Page_Store/select_--Select--BA1150BA4110'

2018-05-14 14:38:33 - [MESSAGE][PASSED] - All options with index in [1] are selected on object 'Object Repository/Emergency/Page_Store/select_--Select--BA1150BA4110'

2018-05-14 14:38:33 - [TEST_STEP][PASSED] - Statement - Try: null

2018-05-14 14:38:33 - [TEST_STEP][PASSED] - Statement - StockQty = com.kms.katalon.core.webui.keyword.WebUiBuiltInKeywords.getAttribute(com.kms.katalon.core.testobject.ObjectRepository.findTestObject(Emergency/Page_Store/input_txtprice), "value"): Attribute 'value' of object 'Object Repository/Emergency/Page_Store/input_txtprice' is: '100'

2018-05-14 14:38:33 - [MESSAGE][PASSED] - Attribute 'value' of object 'Object Repository/Emergency/Page_Store/input_txtprice' is: '100'

2018-05-14 14:38:33 - [TEST_STEP][PASSED] - Statement - out.println("Stock QTY : " + StockQty): null

2018-05-14 14:38:33 - [TEST_STEP][PASSED] - delay: Delayed 2 second(s)

2018-05-14 14:38:35 - [MESSAGE][PASSED] - Delayed 2 second(s)

2018-05-14 14:38:35 - [TEST_STEP][PASSED] - Statement - If (java.lang.String.valueOf(StockQty) >= java.lang.String.valueOf(RequestedQty)): null

2018-05-14 14:38:35 - [TEST_STEP][PASSED] - setText: Text '10' is set on object 'Object Repository/Emergency/Page_Store/input_txtqty'

2018-05-14 14:38:35 - [MESSAGE][PASSED] - Text '10' is set on object 'Object Repository/Emergency/Page_Store/input_txtqty'

2018-05-14 14:38:35 - [TEST_STEP][PASSED] - click: Object: 'Object Repository/Emergency/Page_Store/button_Add' is clicked on

2018-05-14 14:38:35 - [MESSAGE][PASSED] - Object: 'Object Repository/Emergency/Page_Store/button_Add' is clicked on

2018-05-14 14:38:35 - [TEST_STEP][PASSED] - Statement - Break: null

2018-05-14 14:38:35 - [TEST_STEP][PASSED] - selectOptionByIndex: All options with index in [19] are selected on object 'Object Repository/Emergency/Page_Store/select_--Select--Amikacin -500'

2018-05-14 14:38:35 - [MESSAGE][PASSED] - All options with index in [19] are selected on object 'Object Repository/Emergency/Page_Store/select_--Select--Amikacin -500'

2018-05-14 14:38:35 - [TEST_STEP][PASSED] - Statement - RequestedQty = com.kms.katalon.core.webui.keyword.WebUiBuiltInKeywords.getAttribute(com.kms.katalon.core.testobject.ObjectRepository.findTestObject(Emergency/Page_Store/input_txttotal), "value"): Attribute 'value' of object 'Object Repository/Emergency/Page_Store/input_txttotal' is: '10'

2018-05-14 14:38:35 - [MESSAGE][PASSED] - Attribute 'value' of object 'Object Repository/Emergency/Page_Store/input_txttotal' is: '10'

2018-05-14 14:38:35 - [TEST_STEP][PASSED] - Statement - out.println("Requested QTY : " + RequestedQty): null

2018-05-14 14:38:35 - [TEST_STEP][PASSED] - Statement - BatchNumber = com.kms.katalon.core.webui.keyword.WebUiBuiltInKeywords.getNumberOfTotalOption(com.kms.katalon.core.testobject.ObjectRepository.findTestObject(Emergency/Page_Store/select_--Select--BA1150BA4110)): 2 options of object 'Object Repository/Emergency/Page_Store/select_--Select--BA1150BA4110' counted

2018-05-14 14:38:35 - [MESSAGE][PASSED] - 2 options of object 'Object Repository/Emergency/Page_Store/select_--Select--BA1150BA4110' counted

2018-05-14 14:38:35 - [TEST_STEP][PASSED] - Statement - For ([g = 1, g <= BatchNumber - 1, (g++)]): null

2018-05-14 14:38:35 - [TEST_STEP][PASSED] - selectOptionByIndex: All options with index in [1] are selected on object 'Object Repository/Emergency/Page_Store/select_--Select--BA1150BA4110'

2018-05-14 14:38:36 - [MESSAGE][PASSED] - All options with index in [1] are selected on object 'Object Repository/Emergency/Page_Store/select_--Select--BA1150BA4110'

2018-05-14 14:38:36 - [TEST_STEP][PASSED] - Statement - Try: null

2018-05-14 14:38:36 - [TEST_STEP][PASSED] - Statement - StockQty = com.kms.katalon.core.webui.keyword.WebUiBuiltInKeywords.getAttribute(com.kms.katalon.core.testobject.ObjectRepository.findTestObject(Emergency/Page_Store/input_txtprice), "value"): Attribute 'value' of object 'Object Repository/Emergency/Page_Store/input_txtprice' is: '100'

2018-05-14 14:38:36 - [MESSAGE][PASSED] - Attribute 'value' of object 'Object Repository/Emergency/Page_Store/input_txtprice' is: '100'

2018-05-14 14:38:36 - [TEST_STEP][PASSED] - Statement - out.println("Stock QTY : " + StockQty): null

2018-05-14 14:38:36 - [TEST_STEP][PASSED] - delay: Delayed 2 second(s)

2018-05-14 14:38:38 - [MESSAGE][PASSED] - Delayed 2 second(s)

2018-05-14 14:38:38 - [TEST_STEP][PASSED] - Statement - If (java.lang.String.valueOf(StockQty) >= java.lang.String.valueOf(RequestedQty)): null

2018-05-14 14:38:38 - [TEST_STEP][PASSED] - setText: Text '10' is set on object 'Object Repository/Emergency/Page_Store/input_txtqty'

2018-05-14 14:38:38 - [MESSAGE][PASSED] - Text '10' is set on object 'Object Repository/Emergency/Page_Store/input_txtqty'

2018-05-14 14:38:38 - [TEST_STEP][PASSED] - click: Object: 'Object Repository/Emergency/Page_Store/button_Add' is clicked on

2018-05-14 14:38:38 - [MESSAGE][PASSED] - Object: 'Object Repository/Emergency/Page_Store/button_Add' is clicked on

2018-05-14 14:38:38 - [TEST_STEP][PASSED] - Statement - Break: null

2018-05-14 14:38:38 - [TEST_STEP][PASSED] - selectOptionByIndex: All options with index in [20] are selected on object 'Object Repository/Emergency/Page_Store/select_--Select--Amikacin -500'

2018-05-14 14:38:38 - [MESSAGE][PASSED] - All options with index in [20] are selected on object 'Object Repository/Emergency/Page_Store/select_--Select--Amikacin -500'

2018-05-14 14:38:38 - [TEST_STEP][PASSED] - Statement - RequestedQty = com.kms.katalon.core.webui.keyword.WebUiBuiltInKeywords.getAttribute(com.kms.katalon.core.testobject.ObjectRepository.findTestObject(Emergency/Page_Store/input_txttotal), "value"): Attribute 'value' of object 'Object Repository/Emergency/Page_Store/input_txttotal' is: '10'

2018-05-14 14:38:38 - [MESSAGE][PASSED] - Attribute 'value' of object 'Object Repository/Emergency/Page_Store/input_txttotal' is: '10'

2018-05-14 14:38:38 - [TEST_STEP][PASSED] - Statement - out.println("Requested QTY : " + RequestedQty): null

2018-05-14 14:38:38 - [TEST_STEP][PASSED] - Statement - BatchNumber = com.kms.katalon.core.webui.keyword.WebUiBuiltInKeywords.getNumberOfTotalOption(com.kms.katalon.core.testobject.ObjectRepository.findTestObject(Emergency/Page_Store/select_--Select--BA1150BA4110)): 2 options of object 'Object Repository/Emergency/Page_Store/select_--Select--BA1150BA4110' counted

2018-05-14 14:38:38 - [MESSAGE][PASSED] - 2 options of object 'Object Repository/Emergency/Page_Store/select_--Select--BA1150BA4110' counted

2018-05-14 14:38:38 - [TEST_STEP][PASSED] - Statement - For ([g = 1, g <= BatchNumber - 1, (g++)]): null

2018-05-14 14:38:38 - [TEST_STEP][PASSED] - selectOptionByIndex: All options with index in [1] are selected on object 'Object Repository/Emergency/Page_Store/select_--Select--BA1150BA4110'

2018-05-14 14:38:38 - [MESSAGE][PASSED] - All options with index in [1] are selected on object 'Object Repository/Emergency/Page_Store/select_--Select--BA1150BA4110'

2018-05-14 14:38:38 - [TEST_STEP][PASSED] - Statement - Try: null

2018-05-14 14:38:38 - [TEST_STEP][PASSED] - Statement - StockQty = com.kms.katalon.core.webui.keyword.WebUiBuiltInKeywords.getAttribute(com.kms.katalon.core.testobject.ObjectRepository.findTestObject(Emergency/Page_Store/input_txtprice), "value"): Attribute 'value' of object 'Object Repository/Emergency/Page_Store/input_txtprice' is: '100'

2018-05-14 14:38:38 - [MESSAGE][PASSED] - Attribute 'value' of object 'Object Repository/Emergency/Page_Store/input_txtprice' is: '100'

2018-05-14 14:38:38 - [TEST_STEP][PASSED] - Statement - out.println("Stock QTY : " + StockQty): null

2018-05-14 14:38:38 - [TEST_STEP][PASSED] - delay: Delayed 2 second(s)

2018-05-14 14:38:40 - [MESSAGE][PASSED] - Delayed 2 second(s)

2018-05-14 14:38:40 - [TEST_STEP][PASSED] - Statement - If (java.lang.String.valueOf(StockQty) >= java.lang.String.valueOf(RequestedQty)): null

2018-05-14 14:38:40 - [TEST_STEP][PASSED] - setText: Text '10' is set on object 'Object Repository/Emergency/Page_Store/input_txtqty'

2018-05-14 14:38:40 - [MESSAGE][PASSED] - Text '10' is set on object 'Object Repository/Emergency/Page_Store/input_txtqty'

2018-05-14 14:38:40 - [TEST_STEP][PASSED] - click: Object: 'Object Repository/Emergency/Page_Store/button_Add' is clicked on

2018-05-14 14:38:40 - [MESSAGE][PASSED] - Object: 'Object Repository/Emergency/Page_Store/button_Add' is clicked on

2018-05-14 14:38:40 - [TEST_STEP][PASSED] - Statement - Break: null

2018-05-14 14:38:40 - [TEST_STEP][PASSED] - selectOptionByIndex: All options with index in [21] are selected on object 'Object Repository/Emergency/Page_Store/select_--Select--Amikacin -500'

2018-05-14 14:38:41 - [MESSAGE][PASSED] - All options with index in [21] are selected on object 'Object Repository/Emergency/Page_Store/select_--Select--Amikacin -500'

2018-05-14 14:38:41 - [TEST_STEP][PASSED] - Statement - RequestedQty = com.kms.katalon.core.webui.keyword.WebUiBuiltInKeywords.getAttribute(com.kms.katalon.core.testobject.ObjectRepository.findTestObject(Emergency/Page_Store/input_txttotal), "value"): Attribute 'value' of object 'Object Repository/Emergency/Page_Store/input_txttotal' is: '10'

2018-05-14 14:38:41 - [MESSAGE][PASSED] - Attribute 'value' of object 'Object Repository/Emergency/Page_Store/input_txttotal' is: '10'

2018-05-14 14:38:41 - [TEST_STEP][PASSED] - Statement - out.println("Requested QTY : " + RequestedQty): null

2018-05-14 14:38:41 - [TEST_STEP][PASSED] - Statement - BatchNumber = com.kms.katalon.core.webui.keyword.WebUiBuiltInKeywords.getNumberOfTotalOption(com.kms.katalon.core.testobject.ObjectRepository.findTestObject(Emergency/Page_Store/select_--Select--BA1150BA4110)): 2 options of object 'Object Repository/Emergency/Page_Store/select_--Select--BA1150BA4110' counted

2018-05-14 14:38:41 - [MESSAGE][PASSED] - 2 options of object 'Object Repository/Emergency/Page_Store/select_--Select--BA1150BA4110' counted

2018-05-14 14:38:41 - [TEST_STEP][PASSED] - Statement - For ([g = 1, g <= BatchNumber - 1, (g++)]): null

2018-05-14 14:38:41 - [TEST_STEP][PASSED] - selectOptionByIndex: All options with index in [1] are selected on object 'Object Repository/Emergency/Page_Store/select_--Select--BA1150BA4110'

2018-05-14 14:38:41 - [MESSAGE][PASSED] - All options with index in [1] are selected on object 'Object Repository/Emergency/Page_Store/select_--Select--BA1150BA4110'

2018-05-14 14:38:41 - [TEST_STEP][PASSED] - Statement - Try: null

2018-05-14 14:38:41 - [TEST_STEP][PASSED] - Statement - StockQty = com.kms.katalon.core.webui.keyword.WebUiBuiltInKeywords.getAttribute(com.kms.katalon.core.testobject.ObjectRepository.findTestObject(Emergency/Page_Store/input_txtprice), "value"): Attribute 'value' of object 'Object Repository/Emergency/Page_Store/input_txtprice' is: '100'

2018-05-14 14:38:41 - [MESSAGE][PASSED] - Attribute 'value' of object 'Object Repository/Emergency/Page_Store/input_txtprice' is: '100'

2018-05-14 14:38:41 - [TEST_STEP][PASSED] - Statement - out.println("Stock QTY : " + StockQty): null

2018-05-14 14:38:41 - [TEST_STEP][PASSED] - delay: Delayed 2 second(s)

2018-05-14 14:38:43 - [MESSAGE][PASSED] - Delayed 2 second(s)

2018-05-14 14:38:43 - [TEST_STEP][PASSED] - Statement - If (java.lang.String.valueOf(StockQty) >= java.lang.String.valueOf(RequestedQty)): null

2018-05-14 14:38:43 - [TEST_STEP][PASSED] - setText: Text '10' is set on object 'Object Repository/Emergency/Page_Store/input_txtqty'

2018-05-14 14:38:43 - [MESSAGE][PASSED] - Text '10' is set on object 'Object Repository/Emergency/Page_Store/input_txtqty'

2018-05-14 14:38:43 - [TEST_STEP][PASSED] - click: Object: 'Object Repository/Emergency/Page_Store/button_Add' is clicked on

2018-05-14 14:38:43 - [MESSAGE][PASSED] - Object: 'Object Repository/Emergency/Page_Store/button_Add' is clicked on

2018-05-14 14:38:43 - [TEST_STEP][PASSED] - Statement - Break: null

2018-05-14 14:38:43 - [TEST_STEP][PASSED] - selectOptionByIndex: All options with index in [22] are selected on object 'Object Repository/Emergency/Page_Store/select_--Select--Amikacin -500'

2018-05-14 14:38:43 - [MESSAGE][PASSED] - All options with index in [22] are selected on object 'Object Repository/Emergency/Page_Store/select_--Select--Amikacin -500'

2018-05-14 14:38:43 - [TEST_STEP][PASSED] - Statement - RequestedQty = com.kms.katalon.core.webui.keyword.WebUiBuiltInKeywords.getAttribute(com.kms.katalon.core.testobject.ObjectRepository.findTestObject(Emergency/Page_Store/input_txttotal), "value"): Attribute 'value' of object 'Object Repository/Emergency/Page_Store/input_txttotal' is: '10'

2018-05-14 14:38:43 - [MESSAGE][PASSED] - Attribute 'value' of object 'Object Repository/Emergency/Page_Store/input_txttotal' is: '10'

2018-05-14 14:38:43 - [TEST_STEP][PASSED] - Statement - out.println("Requested QTY : " + RequestedQty): null

2018-05-14 14:38:43 - [TEST_STEP][PASSED] - Statement - BatchNumber = com.kms.katalon.core.webui.keyword.WebUiBuiltInKeywords.getNumberOfTotalOption(com.kms.katalon.core.testobject.ObjectRepository.findTestObject(Emergency/Page_Store/select_--Select--BA1150BA4110)): 2 options of object 'Object Repository/Emergency/Page_Store/select_--Select--BA1150BA4110' counted

2018-05-14 14:38:43 - [MESSAGE][PASSED] - 2 options of object 'Object Repository/Emergency/Page_Store/select_--Select--BA1150BA4110' counted

2018-05-14 14:38:43 - [TEST_STEP][PASSED] - Statement - For ([g = 1, g <= BatchNumber - 1, (g++)]): null

2018-05-14 14:38:43 - [TEST_STEP][PASSED] - selectOptionByIndex: All options with index in [1] are selected on object 'Object Repository/Emergency/Page_Store/select_--Select--BA1150BA4110'

2018-05-14 14:38:44 - [MESSAGE][PASSED] - All options with index in [1] are selected on object 'Object Repository/Emergency/Page_Store/select_--Select--BA1150BA4110'

2018-05-14 14:38:44 - [TEST_STEP][PASSED] - Statement - Try: null

2018-05-14 14:38:44 - [TEST_STEP][PASSED] - Statement - StockQty = com.kms.katalon.core.webui.keyword.WebUiBuiltInKeywords.getAttribute(com.kms.katalon.core.testobject.ObjectRepository.findTestObject(Emergency/Page_Store/input_txtprice), "value"): Attribute 'value' of object 'Object Repository/Emergency/Page_Store/input_txtprice' is: '100'

2018-05-14 14:38:44 - [MESSAGE][PASSED] - Attribute 'value' of object 'Object Repository/Emergency/Page_Store/input_txtprice' is: '100'

2018-05-14 14:38:44 - [TEST_STEP][PASSED] - Statement - out.println("Stock QTY : " + StockQty): null

2018-05-14 14:38:44 - [TEST_STEP][PASSED] - delay: Delayed 2 second(s)

2018-05-14 14:38:46 - [MESSAGE][PASSED] - Delayed 2 second(s)

2018-05-14 14:38:46 - [TEST_STEP][PASSED] - Statement - If (java.lang.String.valueOf(StockQty) >= java.lang.String.valueOf(RequestedQty)): null

2018-05-14 14:38:46 - [TEST_STEP][PASSED] - setText: Text '10' is set on object 'Object Repository/Emergency/Page_Store/input_txtqty'

2018-05-14 14:38:46 - [MESSAGE][PASSED] - Text '10' is set on object 'Object Repository/Emergency/Page_Store/input_txtqty'

2018-05-14 14:38:46 - [TEST_STEP][PASSED] - click: Object: 'Object Repository/Emergency/Page_Store/button_Add' is clicked on

2018-05-14 14:38:46 - [MESSAGE][PASSED] - Object: 'Object Repository/Emergency/Page_Store/button_Add' is clicked on

2018-05-14 14:38:46 - [TEST_STEP][PASSED] - Statement - Break: null

2018-05-14 14:38:46 - [TEST_STEP][PASSED] - scrollToElement: Scroll to object 'Object Repository/Emergency/Page_Store/input_btnSubmit' successfully

2018-05-14 14:38:46 - [MESSAGE][PASSED] - Scroll to object 'Object Repository/Emergency/Page_Store/input_btnSubmit' successfully

2018-05-14 14:38:46 - [TEST_STEP][PASSED] - Statement - Try: Object: 'Object Repository/Emergency/Page_Store/input_btnSubmit' is clicked on

2018-05-14 14:38:46 - [TEST_STEP][PASSED] - click: Object: 'Object Repository/Emergency/Page_Store/input_btnSubmit' is clicked on

2018-05-14 14:38:46 - [MESSAGE][PASSED] - Object: 'Object Repository/Emergency/Page_Store/input_btnSubmit' is clicked on

2018-05-14 14:38:46 - [TEST_STEP][PASSED] - click: Object: 'Object Repository/Emergency/Page_Store/a_dropdown-toggle' is clicked on

2018-05-14 14:38:46 - [MESSAGE][PASSED] - Object: 'Object Repository/Emergency/Page_Store/a_dropdown-toggle' is clicked on

2018-05-14 14:38:46 - [TEST_STEP][PASSED] - click: Object: 'Object Repository/Emergency/Page_Store/a_Sign out' is clicked on

2018-05-14 14:38:47 - [MESSAGE][PASSED] - Object: 'Object Repository/Emergency/Page_Store/a_Sign out' is clicked on

2018-05-14 14:38:47 - [TEST_STEP][PASSED] - closeBrowser: Browser is closed

2018-05-14 14:38:47 - [MESSAGE][PASSED] - Browser is closed

2018-05-14 14:38:47 - [TEST_STEP][PASSED] - Statement - out.println("Schedule 7 Emergency Request Are Working Successfully"): null]]></system-out>
         <system-err><![CDATA[]]></system-err>
      </testcase>
      <testcase name="Test Cases/EMERGENCY TEST CASES/TC_ER_005 Verify Schedule 8 Emergency  Request Are Working Successfully Or Not" classname="Test Cases/EMERGENCY TEST CASES/TC_ER_005 Verify Schedule 8 Emergency  Request Are Working Successfully Or Not" status="PASSED">
         <system-out><![CDATA[2018-05-14 14:38:47 - [TEST_CASE][PASSED] - Test Cases/EMERGENCY TEST CASES/TC_ER_005 Verify Schedule 8 Emergency  Request Are Working Successfully Or Not: Test Cases/EMERGENCY TEST CASES/TC_ER_005 Verify Schedule 8 Emergency  Request Are Working Successfully Or Not

2018-05-14 14:38:47 - [TEST_STEP][PASSED] - openBrowser: Browser is opened with url: ''

2018-05-14 14:38:49 - [MESSAGE][PASSED] - Browser is opened with url: ''

2018-05-14 14:38:49 - [TEST_STEP][PASSED] - Statement - out.println("Verify Schedule 8 Emergency  Request Are Working Successfully Or Not"): null

2018-05-14 14:38:49 - [TEST_STEP][PASSED] - navigateToUrl: Navigate to 'http://192.168.137.1/Multihospital_New/EmergencyLogin.aspx' successfully

2018-05-14 14:38:54 - [MESSAGE][PASSED] - Navigate to 'http://192.168.137.1/Multihospital_New/EmergencyLogin.aspx' successfully

2018-05-14 14:38:54 - [TEST_STEP][PASSED] - maximizeWindow: Current window maximized

2018-05-14 14:38:55 - [MESSAGE][PASSED] - Current window maximized

2018-05-14 14:38:55 - [TEST_STEP][PASSED] - setText: Text 'nivetha' is set on object 'Object Repository/Emergency/Page_Emergency login/input_txtusername'

2018-05-14 14:38:55 - [MESSAGE][PASSED] - Text 'nivetha' is set on object 'Object Repository/Emergency/Page_Emergency login/input_txtusername'

2018-05-14 14:38:55 - [TEST_STEP][PASSED] - setText: Text '123' is set on object 'Object Repository/Emergency/Page_Emergency login/input_txtpassword'

2018-05-14 14:38:55 - [MESSAGE][PASSED] - Text '123' is set on object 'Object Repository/Emergency/Page_Emergency login/input_txtpassword'

2018-05-14 14:38:55 - [TEST_STEP][PASSED] - delay: Delayed 3 second(s)

2018-05-14 14:38:58 - [MESSAGE][PASSED] - Delayed 3 second(s)

2018-05-14 14:38:58 - [TEST_STEP][PASSED] - click: Object: 'Object Repository/Emergency/Page_Emergency login/button_Sign in' is clicked on

2018-05-14 14:39:00 - [MESSAGE][PASSED] - Object: 'Object Repository/Emergency/Page_Emergency login/button_Sign in' is clicked on

2018-05-14 14:39:00 - [TEST_STEP][PASSED] - delay: Delayed 3 second(s)

2018-05-14 14:39:03 - [MESSAGE][PASSED] - Delayed 3 second(s)

2018-05-14 14:39:03 - [TEST_STEP][PASSED] - click: Object: 'Object Repository/Emergency/Page_KDMC - Emergency/a_Store Request' is clicked on

2018-05-14 14:39:03 - [MESSAGE][PASSED] - Object: 'Object Repository/Emergency/Page_KDMC - Emergency/a_Store Request' is clicked on

2018-05-14 14:39:03 - [TEST_STEP][PASSED] - delay: Delayed 2 second(s)

2018-05-14 14:39:05 - [MESSAGE][PASSED] - Delayed 2 second(s)

2018-05-14 14:39:05 - [TEST_STEP][PASSED] - click: Object: 'Object Repository/Emergency/Page_KDMC - Emergency/a_Medicine Request' is clicked on

2018-05-14 14:39:06 - [MESSAGE][PASSED] - Object: 'Object Repository/Emergency/Page_KDMC - Emergency/a_Medicine Request' is clicked on

2018-05-14 14:39:06 - [TEST_STEP][PASSED] - delay: Delayed 2 second(s)

2018-05-14 14:39:08 - [MESSAGE][PASSED] - Delayed 2 second(s)

2018-05-14 14:39:08 - [TEST_STEP][PASSED] - selectOptionByIndex: All options with index in [5] are selected on object 'Object Repository/Emergency/Page_KDMC - Emergency/select_--Select--Schedule 1Inj'

2018-05-14 14:39:08 - [MESSAGE][PASSED] - All options with index in [5] are selected on object 'Object Repository/Emergency/Page_KDMC - Emergency/select_--Select--Schedule 1Inj'

2018-05-14 14:39:08 - [TEST_STEP][PASSED] - Statement - seletedoptions = com.kms.katalon.core.webui.keyword.WebUiBuiltInKeywords.getNumberOfTotalOption(com.kms.katalon.core.testobject.ObjectRepository.findTestObject(Emergency/Page_KDMC - Emergency/select_--Select--Adernaline 0.)): 18 options of object 'Object Repository/Emergency/Page_KDMC - Emergency/select_--Select--Adernaline 0.' counted

2018-05-14 14:39:08 - [MESSAGE][PASSED] - 18 options of object 'Object Repository/Emergency/Page_KDMC - Emergency/select_--Select--Adernaline 0.' counted

2018-05-14 14:39:08 - [TEST_STEP][PASSED] - Statement - For ([u = 1, u < seletedoptions, (u++)]): Object: 'Object Repository/Emergency/Page_KDMC - Emergency/button_Add' is clicked on

2018-05-14 14:39:08 - [TEST_STEP][PASSED] - selectOptionByIndex: All options with index in [5] are selected on object 'Object Repository/Emergency/Page_KDMC - Emergency/select_--Select--Schedule 1Inj'

2018-05-14 14:39:08 - [MESSAGE][PASSED] - All options with index in [5] are selected on object 'Object Repository/Emergency/Page_KDMC - Emergency/select_--Select--Schedule 1Inj'

2018-05-14 14:39:08 - [TEST_STEP][PASSED] - selectOptionByIndex: All options with index in [1] are selected on object 'Object Repository/Emergency/Page_KDMC - Emergency/select_--Select--Adernaline 0.'

2018-05-14 14:39:08 - [MESSAGE][PASSED] - All options with index in [1] are selected on object 'Object Repository/Emergency/Page_KDMC - Emergency/select_--Select--Adernaline 0.'

2018-05-14 14:39:08 - [TEST_STEP][PASSED] - setText: Text '10' is set on object 'Object Repository/Emergency/Page_KDMC - Emergency/input_txttreat'

2018-05-14 14:39:09 - [MESSAGE][PASSED] - Text '10' is set on object 'Object Repository/Emergency/Page_KDMC - Emergency/input_txttreat'

2018-05-14 14:39:09 - [TEST_STEP][PASSED] - click: Object: 'Object Repository/Emergency/Page_KDMC - Emergency/button_Add' is clicked on

2018-05-14 14:39:09 - [MESSAGE][PASSED] - Object: 'Object Repository/Emergency/Page_KDMC - Emergency/button_Add' is clicked on

2018-05-14 14:39:09 - [TEST_STEP][PASSED] - selectOptionByIndex: All options with index in [5] are selected on object 'Object Repository/Emergency/Page_KDMC - Emergency/select_--Select--Schedule 1Inj'

2018-05-14 14:39:09 - [MESSAGE][PASSED] - All options with index in [5] are selected on object 'Object Repository/Emergency/Page_KDMC - Emergency/select_--Select--Schedule 1Inj'

2018-05-14 14:39:09 - [TEST_STEP][PASSED] - selectOptionByIndex: All options with index in [2] are selected on object 'Object Repository/Emergency/Page_KDMC - Emergency/select_--Select--Adernaline 0.'

2018-05-14 14:39:09 - [MESSAGE][PASSED] - All options with index in [2] are selected on object 'Object Repository/Emergency/Page_KDMC - Emergency/select_--Select--Adernaline 0.'

2018-05-14 14:39:09 - [TEST_STEP][PASSED] - setText: Text '10' is set on object 'Object Repository/Emergency/Page_KDMC - Emergency/input_txttreat'

2018-05-14 14:39:09 - [MESSAGE][PASSED] - Text '10' is set on object 'Object Repository/Emergency/Page_KDMC - Emergency/input_txttreat'

2018-05-14 14:39:09 - [TEST_STEP][PASSED] - click: Object: 'Object Repository/Emergency/Page_KDMC - Emergency/button_Add' is clicked on

2018-05-14 14:39:09 - [MESSAGE][PASSED] - Object: 'Object Repository/Emergency/Page_KDMC - Emergency/button_Add' is clicked on

2018-05-14 14:39:09 - [TEST_STEP][PASSED] - selectOptionByIndex: All options with index in [5] are selected on object 'Object Repository/Emergency/Page_KDMC - Emergency/select_--Select--Schedule 1Inj'

2018-05-14 14:39:09 - [MESSAGE][PASSED] - All options with index in [5] are selected on object 'Object Repository/Emergency/Page_KDMC - Emergency/select_--Select--Schedule 1Inj'

2018-05-14 14:39:09 - [TEST_STEP][PASSED] - selectOptionByIndex: All options with index in [3] are selected on object 'Object Repository/Emergency/Page_KDMC - Emergency/select_--Select--Adernaline 0.'

2018-05-14 14:39:09 - [MESSAGE][PASSED] - All options with index in [3] are selected on object 'Object Repository/Emergency/Page_KDMC - Emergency/select_--Select--Adernaline 0.'

2018-05-14 14:39:09 - [TEST_STEP][PASSED] - setText: Text '10' is set on object 'Object Repository/Emergency/Page_KDMC - Emergency/input_txttreat'

2018-05-14 14:39:10 - [MESSAGE][PASSED] - Text '10' is set on object 'Object Repository/Emergency/Page_KDMC - Emergency/input_txttreat'

2018-05-14 14:39:10 - [TEST_STEP][PASSED] - click: Object: 'Object Repository/Emergency/Page_KDMC - Emergency/button_Add' is clicked on

2018-05-14 14:39:10 - [MESSAGE][PASSED] - Object: 'Object Repository/Emergency/Page_KDMC - Emergency/button_Add' is clicked on

2018-05-14 14:39:10 - [TEST_STEP][PASSED] - selectOptionByIndex: All options with index in [5] are selected on object 'Object Repository/Emergency/Page_KDMC - Emergency/select_--Select--Schedule 1Inj'

2018-05-14 14:39:10 - [MESSAGE][PASSED] - All options with index in [5] are selected on object 'Object Repository/Emergency/Page_KDMC - Emergency/select_--Select--Schedule 1Inj'

2018-05-14 14:39:10 - [TEST_STEP][PASSED] - selectOptionByIndex: All options with index in [4] are selected on object 'Object Repository/Emergency/Page_KDMC - Emergency/select_--Select--Adernaline 0.'

2018-05-14 14:39:10 - [MESSAGE][PASSED] - All options with index in [4] are selected on object 'Object Repository/Emergency/Page_KDMC - Emergency/select_--Select--Adernaline 0.'

2018-05-14 14:39:10 - [TEST_STEP][PASSED] - setText: Text '10' is set on object 'Object Repository/Emergency/Page_KDMC - Emergency/input_txttreat'

2018-05-14 14:39:10 - [MESSAGE][PASSED] - Text '10' is set on object 'Object Repository/Emergency/Page_KDMC - Emergency/input_txttreat'

2018-05-14 14:39:10 - [TEST_STEP][PASSED] - click: Object: 'Object Repository/Emergency/Page_KDMC - Emergency/button_Add' is clicked on

2018-05-14 14:39:10 - [MESSAGE][PASSED] - Object: 'Object Repository/Emergency/Page_KDMC - Emergency/button_Add' is clicked on

2018-05-14 14:39:10 - [TEST_STEP][PASSED] - selectOptionByIndex: All options with index in [5] are selected on object 'Object Repository/Emergency/Page_KDMC - Emergency/select_--Select--Schedule 1Inj'

2018-05-14 14:39:10 - [MESSAGE][PASSED] - All options with index in [5] are selected on object 'Object Repository/Emergency/Page_KDMC - Emergency/select_--Select--Schedule 1Inj'

2018-05-14 14:39:10 - [TEST_STEP][PASSED] - selectOptionByIndex: All options with index in [5] are selected on object 'Object Repository/Emergency/Page_KDMC - Emergency/select_--Select--Adernaline 0.'

2018-05-14 14:39:10 - [MESSAGE][PASSED] - All options with index in [5] are selected on object 'Object Repository/Emergency/Page_KDMC - Emergency/select_--Select--Adernaline 0.'

2018-05-14 14:39:10 - [TEST_STEP][PASSED] - setText: Text '10' is set on object 'Object Repository/Emergency/Page_KDMC - Emergency/input_txttreat'

2018-05-14 14:39:10 - [MESSAGE][PASSED] - Text '10' is set on object 'Object Repository/Emergency/Page_KDMC - Emergency/input_txttreat'

2018-05-14 14:39:10 - [TEST_STEP][PASSED] - click: Object: 'Object Repository/Emergency/Page_KDMC - Emergency/button_Add' is clicked on

2018-05-14 14:39:11 - [MESSAGE][PASSED] - Object: 'Object Repository/Emergency/Page_KDMC - Emergency/button_Add' is clicked on

2018-05-14 14:39:11 - [TEST_STEP][PASSED] - selectOptionByIndex: All options with index in [5] are selected on object 'Object Repository/Emergency/Page_KDMC - Emergency/select_--Select--Schedule 1Inj'

2018-05-14 14:39:11 - [MESSAGE][PASSED] - All options with index in [5] are selected on object 'Object Repository/Emergency/Page_KDMC - Emergency/select_--Select--Schedule 1Inj'

2018-05-14 14:39:11 - [TEST_STEP][PASSED] - selectOptionByIndex: All options with index in [6] are selected on object 'Object Repository/Emergency/Page_KDMC - Emergency/select_--Select--Adernaline 0.'

2018-05-14 14:39:11 - [MESSAGE][PASSED] - All options with index in [6] are selected on object 'Object Repository/Emergency/Page_KDMC - Emergency/select_--Select--Adernaline 0.'

2018-05-14 14:39:11 - [TEST_STEP][PASSED] - setText: Text '10' is set on object 'Object Repository/Emergency/Page_KDMC - Emergency/input_txttreat'

2018-05-14 14:39:11 - [MESSAGE][PASSED] - Text '10' is set on object 'Object Repository/Emergency/Page_KDMC - Emergency/input_txttreat'

2018-05-14 14:39:11 - [TEST_STEP][PASSED] - click: Object: 'Object Repository/Emergency/Page_KDMC - Emergency/button_Add' is clicked on

2018-05-14 14:39:11 - [MESSAGE][PASSED] - Object: 'Object Repository/Emergency/Page_KDMC - Emergency/button_Add' is clicked on

2018-05-14 14:39:11 - [TEST_STEP][PASSED] - selectOptionByIndex: All options with index in [5] are selected on object 'Object Repository/Emergency/Page_KDMC - Emergency/select_--Select--Schedule 1Inj'

2018-05-14 14:39:11 - [MESSAGE][PASSED] - All options with index in [5] are selected on object 'Object Repository/Emergency/Page_KDMC - Emergency/select_--Select--Schedule 1Inj'

2018-05-14 14:39:11 - [TEST_STEP][PASSED] - selectOptionByIndex: All options with index in [7] are selected on object 'Object Repository/Emergency/Page_KDMC - Emergency/select_--Select--Adernaline 0.'

2018-05-14 14:39:11 - [MESSAGE][PASSED] - All options with index in [7] are selected on object 'Object Repository/Emergency/Page_KDMC - Emergency/select_--Select--Adernaline 0.'

2018-05-14 14:39:11 - [TEST_STEP][PASSED] - setText: Text '10' is set on object 'Object Repository/Emergency/Page_KDMC - Emergency/input_txttreat'

2018-05-14 14:39:12 - [MESSAGE][PASSED] - Text '10' is set on object 'Object Repository/Emergency/Page_KDMC - Emergency/input_txttreat'

2018-05-14 14:39:12 - [TEST_STEP][PASSED] - click: Object: 'Object Repository/Emergency/Page_KDMC - Emergency/button_Add' is clicked on

2018-05-14 14:39:12 - [MESSAGE][PASSED] - Object: 'Object Repository/Emergency/Page_KDMC - Emergency/button_Add' is clicked on

2018-05-14 14:39:12 - [TEST_STEP][PASSED] - selectOptionByIndex: All options with index in [5] are selected on object 'Object Repository/Emergency/Page_KDMC - Emergency/select_--Select--Schedule 1Inj'

2018-05-14 14:39:12 - [MESSAGE][PASSED] - All options with index in [5] are selected on object 'Object Repository/Emergency/Page_KDMC - Emergency/select_--Select--Schedule 1Inj'

2018-05-14 14:39:12 - [TEST_STEP][PASSED] - selectOptionByIndex: All options with index in [8] are selected on object 'Object Repository/Emergency/Page_KDMC - Emergency/select_--Select--Adernaline 0.'

2018-05-14 14:39:12 - [MESSAGE][PASSED] - All options with index in [8] are selected on object 'Object Repository/Emergency/Page_KDMC - Emergency/select_--Select--Adernaline 0.'

2018-05-14 14:39:12 - [TEST_STEP][PASSED] - setText: Text '10' is set on object 'Object Repository/Emergency/Page_KDMC - Emergency/input_txttreat'

2018-05-14 14:39:12 - [MESSAGE][PASSED] - Text '10' is set on object 'Object Repository/Emergency/Page_KDMC - Emergency/input_txttreat'

2018-05-14 14:39:12 - [TEST_STEP][PASSED] - click: Object: 'Object Repository/Emergency/Page_KDMC - Emergency/button_Add' is clicked on

2018-05-14 14:39:12 - [MESSAGE][PASSED] - Object: 'Object Repository/Emergency/Page_KDMC - Emergency/button_Add' is clicked on

2018-05-14 14:39:12 - [TEST_STEP][PASSED] - selectOptionByIndex: All options with index in [5] are selected on object 'Object Repository/Emergency/Page_KDMC - Emergency/select_--Select--Schedule 1Inj'

2018-05-14 14:39:12 - [MESSAGE][PASSED] - All options with index in [5] are selected on object 'Object Repository/Emergency/Page_KDMC - Emergency/select_--Select--Schedule 1Inj'

2018-05-14 14:39:12 - [TEST_STEP][PASSED] - selectOptionByIndex: All options with index in [9] are selected on object 'Object Repository/Emergency/Page_KDMC - Emergency/select_--Select--Adernaline 0.'

2018-05-14 14:39:12 - [MESSAGE][PASSED] - All options with index in [9] are selected on object 'Object Repository/Emergency/Page_KDMC - Emergency/select_--Select--Adernaline 0.'

2018-05-14 14:39:12 - [TEST_STEP][PASSED] - setText: Text '10' is set on object 'Object Repository/Emergency/Page_KDMC - Emergency/input_txttreat'

2018-05-14 14:39:13 - [MESSAGE][PASSED] - Text '10' is set on object 'Object Repository/Emergency/Page_KDMC - Emergency/input_txttreat'

2018-05-14 14:39:13 - [TEST_STEP][PASSED] - click: Object: 'Object Repository/Emergency/Page_KDMC - Emergency/button_Add' is clicked on

2018-05-14 14:39:13 - [MESSAGE][PASSED] - Object: 'Object Repository/Emergency/Page_KDMC - Emergency/button_Add' is clicked on

2018-05-14 14:39:13 - [TEST_STEP][PASSED] - selectOptionByIndex: All options with index in [5] are selected on object 'Object Repository/Emergency/Page_KDMC - Emergency/select_--Select--Schedule 1Inj'

2018-05-14 14:39:13 - [MESSAGE][PASSED] - All options with index in [5] are selected on object 'Object Repository/Emergency/Page_KDMC - Emergency/select_--Select--Schedule 1Inj'

2018-05-14 14:39:13 - [TEST_STEP][PASSED] - selectOptionByIndex: All options with index in [10] are selected on object 'Object Repository/Emergency/Page_KDMC - Emergency/select_--Select--Adernaline 0.'

2018-05-14 14:39:13 - [MESSAGE][PASSED] - All options with index in [10] are selected on object 'Object Repository/Emergency/Page_KDMC - Emergency/select_--Select--Adernaline 0.'

2018-05-14 14:39:13 - [TEST_STEP][PASSED] - setText: Text '10' is set on object 'Object Repository/Emergency/Page_KDMC - Emergency/input_txttreat'

2018-05-14 14:39:13 - [MESSAGE][PASSED] - Text '10' is set on object 'Object Repository/Emergency/Page_KDMC - Emergency/input_txttreat'

2018-05-14 14:39:13 - [TEST_STEP][PASSED] - click: Object: 'Object Repository/Emergency/Page_KDMC - Emergency/button_Add' is clicked on

2018-05-14 14:39:13 - [MESSAGE][PASSED] - Object: 'Object Repository/Emergency/Page_KDMC - Emergency/button_Add' is clicked on

2018-05-14 14:39:13 - [TEST_STEP][PASSED] - selectOptionByIndex: All options with index in [5] are selected on object 'Object Repository/Emergency/Page_KDMC - Emergency/select_--Select--Schedule 1Inj'

2018-05-14 14:39:13 - [MESSAGE][PASSED] - All options with index in [5] are selected on object 'Object Repository/Emergency/Page_KDMC - Emergency/select_--Select--Schedule 1Inj'

2018-05-14 14:39:13 - [TEST_STEP][PASSED] - selectOptionByIndex: All options with index in [11] are selected on object 'Object Repository/Emergency/Page_KDMC - Emergency/select_--Select--Adernaline 0.'

2018-05-14 14:39:14 - [MESSAGE][PASSED] - All options with index in [11] are selected on object 'Object Repository/Emergency/Page_KDMC - Emergency/select_--Select--Adernaline 0.'

2018-05-14 14:39:14 - [TEST_STEP][PASSED] - setText: Text '10' is set on object 'Object Repository/Emergency/Page_KDMC - Emergency/input_txttreat'

2018-05-14 14:39:14 - [MESSAGE][PASSED] - Text '10' is set on object 'Object Repository/Emergency/Page_KDMC - Emergency/input_txttreat'

2018-05-14 14:39:14 - [TEST_STEP][PASSED] - click: Object: 'Object Repository/Emergency/Page_KDMC - Emergency/button_Add' is clicked on

2018-05-14 14:39:14 - [MESSAGE][PASSED] - Object: 'Object Repository/Emergency/Page_KDMC - Emergency/button_Add' is clicked on

2018-05-14 14:39:14 - [TEST_STEP][PASSED] - selectOptionByIndex: All options with index in [5] are selected on object 'Object Repository/Emergency/Page_KDMC - Emergency/select_--Select--Schedule 1Inj'

2018-05-14 14:39:14 - [MESSAGE][PASSED] - All options with index in [5] are selected on object 'Object Repository/Emergency/Page_KDMC - Emergency/select_--Select--Schedule 1Inj'

2018-05-14 14:39:14 - [TEST_STEP][PASSED] - selectOptionByIndex: All options with index in [12] are selected on object 'Object Repository/Emergency/Page_KDMC - Emergency/select_--Select--Adernaline 0.'

2018-05-14 14:39:14 - [MESSAGE][PASSED] - All options with index in [12] are selected on object 'Object Repository/Emergency/Page_KDMC - Emergency/select_--Select--Adernaline 0.'

2018-05-14 14:39:14 - [TEST_STEP][PASSED] - setText: Text '10' is set on object 'Object Repository/Emergency/Page_KDMC - Emergency/input_txttreat'

2018-05-14 14:39:14 - [MESSAGE][PASSED] - Text '10' is set on object 'Object Repository/Emergency/Page_KDMC - Emergency/input_txttreat'

2018-05-14 14:39:14 - [TEST_STEP][PASSED] - click: Object: 'Object Repository/Emergency/Page_KDMC - Emergency/button_Add' is clicked on

2018-05-14 14:39:14 - [MESSAGE][PASSED] - Object: 'Object Repository/Emergency/Page_KDMC - Emergency/button_Add' is clicked on

2018-05-14 14:39:14 - [TEST_STEP][PASSED] - selectOptionByIndex: All options with index in [5] are selected on object 'Object Repository/Emergency/Page_KDMC - Emergency/select_--Select--Schedule 1Inj'

2018-05-14 14:39:14 - [MESSAGE][PASSED] - All options with index in [5] are selected on object 'Object Repository/Emergency/Page_KDMC - Emergency/select_--Select--Schedule 1Inj'

2018-05-14 14:39:14 - [TEST_STEP][PASSED] - selectOptionByIndex: All options with index in [13] are selected on object 'Object Repository/Emergency/Page_KDMC - Emergency/select_--Select--Adernaline 0.'

2018-05-14 14:39:15 - [MESSAGE][PASSED] - All options with index in [13] are selected on object 'Object Repository/Emergency/Page_KDMC - Emergency/select_--Select--Adernaline 0.'

2018-05-14 14:39:15 - [TEST_STEP][PASSED] - setText: Text '10' is set on object 'Object Repository/Emergency/Page_KDMC - Emergency/input_txttreat'

2018-05-14 14:39:15 - [MESSAGE][PASSED] - Text '10' is set on object 'Object Repository/Emergency/Page_KDMC - Emergency/input_txttreat'

2018-05-14 14:39:15 - [TEST_STEP][PASSED] - click: Object: 'Object Repository/Emergency/Page_KDMC - Emergency/button_Add' is clicked on

2018-05-14 14:39:15 - [MESSAGE][PASSED] - Object: 'Object Repository/Emergency/Page_KDMC - Emergency/button_Add' is clicked on

2018-05-14 14:39:15 - [TEST_STEP][PASSED] - selectOptionByIndex: All options with index in [5] are selected on object 'Object Repository/Emergency/Page_KDMC - Emergency/select_--Select--Schedule 1Inj'

2018-05-14 14:39:15 - [MESSAGE][PASSED] - All options with index in [5] are selected on object 'Object Repository/Emergency/Page_KDMC - Emergency/select_--Select--Schedule 1Inj'

2018-05-14 14:39:15 - [TEST_STEP][PASSED] - selectOptionByIndex: All options with index in [14] are selected on object 'Object Repository/Emergency/Page_KDMC - Emergency/select_--Select--Adernaline 0.'

2018-05-14 14:39:15 - [MESSAGE][PASSED] - All options with index in [14] are selected on object 'Object Repository/Emergency/Page_KDMC - Emergency/select_--Select--Adernaline 0.'

2018-05-14 14:39:15 - [TEST_STEP][PASSED] - setText: Text '10' is set on object 'Object Repository/Emergency/Page_KDMC - Emergency/input_txttreat'

2018-05-14 14:39:15 - [MESSAGE][PASSED] - Text '10' is set on object 'Object Repository/Emergency/Page_KDMC - Emergency/input_txttreat'

2018-05-14 14:39:15 - [TEST_STEP][PASSED] - click: Object: 'Object Repository/Emergency/Page_KDMC - Emergency/button_Add' is clicked on

2018-05-14 14:39:15 - [MESSAGE][PASSED] - Object: 'Object Repository/Emergency/Page_KDMC - Emergency/button_Add' is clicked on

2018-05-14 14:39:15 - [TEST_STEP][PASSED] - selectOptionByIndex: All options with index in [5] are selected on object 'Object Repository/Emergency/Page_KDMC - Emergency/select_--Select--Schedule 1Inj'

2018-05-14 14:39:16 - [MESSAGE][PASSED] - All options with index in [5] are selected on object 'Object Repository/Emergency/Page_KDMC - Emergency/select_--Select--Schedule 1Inj'

2018-05-14 14:39:16 - [TEST_STEP][PASSED] - selectOptionByIndex: All options with index in [15] are selected on object 'Object Repository/Emergency/Page_KDMC - Emergency/select_--Select--Adernaline 0.'

2018-05-14 14:39:16 - [MESSAGE][PASSED] - All options with index in [15] are selected on object 'Object Repository/Emergency/Page_KDMC - Emergency/select_--Select--Adernaline 0.'

2018-05-14 14:39:16 - [TEST_STEP][PASSED] - setText: Text '10' is set on object 'Object Repository/Emergency/Page_KDMC - Emergency/input_txttreat'

2018-05-14 14:39:16 - [MESSAGE][PASSED] - Text '10' is set on object 'Object Repository/Emergency/Page_KDMC - Emergency/input_txttreat'

2018-05-14 14:39:16 - [TEST_STEP][PASSED] - click: Object: 'Object Repository/Emergency/Page_KDMC - Emergency/button_Add' is clicked on

2018-05-14 14:39:16 - [MESSAGE][PASSED] - Object: 'Object Repository/Emergency/Page_KDMC - Emergency/button_Add' is clicked on

2018-05-14 14:39:16 - [TEST_STEP][PASSED] - selectOptionByIndex: All options with index in [5] are selected on object 'Object Repository/Emergency/Page_KDMC - Emergency/select_--Select--Schedule 1Inj'

2018-05-14 14:39:16 - [MESSAGE][PASSED] - All options with index in [5] are selected on object 'Object Repository/Emergency/Page_KDMC - Emergency/select_--Select--Schedule 1Inj'

2018-05-14 14:39:16 - [TEST_STEP][PASSED] - selectOptionByIndex: All options with index in [16] are selected on object 'Object Repository/Emergency/Page_KDMC - Emergency/select_--Select--Adernaline 0.'

2018-05-14 14:39:16 - [MESSAGE][PASSED] - All options with index in [16] are selected on object 'Object Repository/Emergency/Page_KDMC - Emergency/select_--Select--Adernaline 0.'

2018-05-14 14:39:16 - [TEST_STEP][PASSED] - setText: Text '10' is set on object 'Object Repository/Emergency/Page_KDMC - Emergency/input_txttreat'

2018-05-14 14:39:17 - [MESSAGE][PASSED] - Text '10' is set on object 'Object Repository/Emergency/Page_KDMC - Emergency/input_txttreat'

2018-05-14 14:39:17 - [TEST_STEP][PASSED] - click: Object: 'Object Repository/Emergency/Page_KDMC - Emergency/button_Add' is clicked on

2018-05-14 14:39:17 - [MESSAGE][PASSED] - Object: 'Object Repository/Emergency/Page_KDMC - Emergency/button_Add' is clicked on

2018-05-14 14:39:17 - [TEST_STEP][PASSED] - selectOptionByIndex: All options with index in [5] are selected on object 'Object Repository/Emergency/Page_KDMC - Emergency/select_--Select--Schedule 1Inj'

2018-05-14 14:39:17 - [MESSAGE][PASSED] - All options with index in [5] are selected on object 'Object Repository/Emergency/Page_KDMC - Emergency/select_--Select--Schedule 1Inj'

2018-05-14 14:39:17 - [TEST_STEP][PASSED] - selectOptionByIndex: All options with index in [17] are selected on object 'Object Repository/Emergency/Page_KDMC - Emergency/select_--Select--Adernaline 0.'

2018-05-14 14:39:17 - [MESSAGE][PASSED] - All options with index in [17] are selected on object 'Object Repository/Emergency/Page_KDMC - Emergency/select_--Select--Adernaline 0.'

2018-05-14 14:39:17 - [TEST_STEP][PASSED] - setText: Text '10' is set on object 'Object Repository/Emergency/Page_KDMC - Emergency/input_txttreat'

2018-05-14 14:39:17 - [MESSAGE][PASSED] - Text '10' is set on object 'Object Repository/Emergency/Page_KDMC - Emergency/input_txttreat'

2018-05-14 14:39:17 - [TEST_STEP][PASSED] - click: Object: 'Object Repository/Emergency/Page_KDMC - Emergency/button_Add' is clicked on

2018-05-14 14:39:17 - [MESSAGE][PASSED] - Object: 'Object Repository/Emergency/Page_KDMC - Emergency/button_Add' is clicked on

2018-05-14 14:39:17 - [TEST_STEP][PASSED] - scrollToElement: Scroll to object 'Object Repository/Emergency/Page_KDMC - Emergency/input_btnsave' successfully

2018-05-14 14:39:17 - [MESSAGE][PASSED] - Scroll to object 'Object Repository/Emergency/Page_KDMC - Emergency/input_btnsave' successfully

2018-05-14 14:39:17 - [TEST_STEP][PASSED] - click: Object: 'Object Repository/Emergency/Page_KDMC - Emergency/input_btnsave' is clicked on

2018-05-14 14:39:17 - [MESSAGE][PASSED] - Object: 'Object Repository/Emergency/Page_KDMC - Emergency/input_btnsave' is clicked on

2018-05-14 14:39:17 - [TEST_STEP][PASSED] - delay: Delayed 3 second(s)

2018-05-14 14:39:20 - [MESSAGE][PASSED] - Delayed 3 second(s)

2018-05-14 14:39:20 - [TEST_STEP][PASSED] - Statement - RequestNumber = com.kms.katalon.core.webui.keyword.WebUiBuiltInKeywords.getText(com.kms.katalon.core.testobject.ObjectRepository.findTestObject(Emergency/Page_KDMC - Emergency/font_ERNO100520183)): Text of object 'Object Repository/Emergency/Page_KDMC - Emergency/font_ERNO100520183' is: 'ERNO/14052018/51'

2018-05-14 14:39:20 - [MESSAGE][PASSED] - Text of object 'Object Repository/Emergency/Page_KDMC - Emergency/font_ERNO100520183' is: 'ERNO/14052018/51'

2018-05-14 14:39:20 - [TEST_STEP][PASSED] - Statement - Rno = RequestNumber.split("/")[2]: null

2018-05-14 14:39:20 - [TEST_STEP][PASSED] - Statement - out.println(Rno): null

2018-05-14 14:39:20 - [TEST_STEP][PASSED] - click: Object: 'Object Repository/Emergency/Page_KDMC - Emergency/button_OK' is clicked on

2018-05-14 14:39:24 - [MESSAGE][PASSED] - Object: 'Object Repository/Emergency/Page_KDMC - Emergency/button_OK' is clicked on

2018-05-14 14:39:24 - [TEST_STEP][PASSED] - delay: Delayed 3 second(s)

2018-05-14 14:39:27 - [MESSAGE][PASSED] - Delayed 3 second(s)

2018-05-14 14:39:27 - [TEST_STEP][PASSED] - click: Object: 'Object Repository/Emergency/Page_KDMC - Emergency/a_dropdown-toggle' is clicked on

2018-05-14 14:39:27 - [MESSAGE][PASSED] - Object: 'Object Repository/Emergency/Page_KDMC - Emergency/a_dropdown-toggle' is clicked on

2018-05-14 14:39:27 - [TEST_STEP][PASSED] - click: Object: 'Object Repository/Emergency/Page_KDMC - Emergency/a_Sign out' is clicked on

2018-05-14 14:39:28 - [MESSAGE][PASSED] - Object: 'Object Repository/Emergency/Page_KDMC - Emergency/a_Sign out' is clicked on

2018-05-14 14:39:28 - [TEST_STEP][PASSED] - delay: Delayed 3 second(s)

2018-05-14 14:39:31 - [MESSAGE][PASSED] - Delayed 3 second(s)

2018-05-14 14:39:31 - [TEST_STEP][PASSED] - click: Object: 'Object Repository/Emergency/Page_KDMC/a_CMO' is clicked on

2018-05-14 14:39:33 - [MESSAGE][PASSED] - Object: 'Object Repository/Emergency/Page_KDMC/a_CMO' is clicked on

2018-05-14 14:39:33 - [TEST_STEP][PASSED] - setText: Text 'guru' is set on object 'Object Repository/Emergency/Page_CMO login/input_txtusername'

2018-05-14 14:39:33 - [MESSAGE][PASSED] - Text 'guru' is set on object 'Object Repository/Emergency/Page_CMO login/input_txtusername'

2018-05-14 14:39:33 - [TEST_STEP][PASSED] - setText: Text '123' is set on object 'Object Repository/Emergency/Page_CMO login/input_txtpassword'

2018-05-14 14:39:33 - [MESSAGE][PASSED] - Text '123' is set on object 'Object Repository/Emergency/Page_CMO login/input_txtpassword'

2018-05-14 14:39:33 - [TEST_STEP][PASSED] - delay: Delayed 3 second(s)

2018-05-14 14:39:36 - [MESSAGE][PASSED] - Delayed 3 second(s)

2018-05-14 14:39:36 - [TEST_STEP][PASSED] - click: Object: 'Object Repository/Emergency/Page_CMO login/button_Sign in' is clicked on

2018-05-14 14:39:44 - [MESSAGE][PASSED] - Object: 'Object Repository/Emergency/Page_CMO login/button_Sign in' is clicked on

2018-05-14 14:39:44 - [TEST_STEP][PASSED] - delay: Delayed 2 second(s)

2018-05-14 14:39:46 - [MESSAGE][PASSED] - Delayed 2 second(s)

2018-05-14 14:39:46 - [TEST_STEP][PASSED] - click: Object: 'Object Repository/Emergency/Page_KDMC - CMO/a_Department Wise Request' is clicked on

2018-05-14 14:40:09 - [MESSAGE][PASSED] - Object: 'Object Repository/Emergency/Page_KDMC - CMO/a_Department Wise Request' is clicked on

2018-05-14 14:40:09 - [TEST_STEP][PASSED] - selectOptionByIndex: All options with index in [7] are selected on object 'Object Repository/Emergency/Page_KDMC - CMO/select_--ALL--'

2018-05-14 14:40:09 - [MESSAGE][PASSED] - All options with index in [7] are selected on object 'Object Repository/Emergency/Page_KDMC - CMO/select_--ALL--'

2018-05-14 14:40:09 - [TEST_STEP][PASSED] - selectOptionByIndex: All options with index in [1] are selected on object 'Object Repository/Emergency/Page_KDMC - CMO/select_--ALL--                _1'

2018-05-14 14:40:09 - [MESSAGE][PASSED] - All options with index in [1] are selected on object 'Object Repository/Emergency/Page_KDMC - CMO/select_--ALL--                _1'

2018-05-14 14:40:09 - [TEST_STEP][PASSED] - click: Object: 'Object Repository/Emergency/Page_KDMC - CMO/input_btnsearch' is clicked on

2018-05-14 14:40:09 - [MESSAGE][PASSED] - Object: 'Object Repository/Emergency/Page_KDMC - CMO/input_btnsearch' is clicked on

2018-05-14 14:40:09 - [TEST_STEP][PASSED] - Statement - ID = com.kms.katalon.core.webui.keyword.WebUiBuiltInKeywords.modifyObjectProperty(com.kms.katalon.core.testobject.ObjectRepository.findTestObject(Emergency/Page_KDMC - CMO/input_3), "xpath", "equals", "//*[@id=" + Rno + "]", true): Modify property of object successfully

2018-05-14 14:40:09 - [MESSAGE][PASSED] - Modify property of object successfully

2018-05-14 14:40:09 - [TEST_STEP][PASSED] - click: Object: 'Object Repository/Emergency/Page_KDMC - CMO/input_3' is clicked on

2018-05-14 14:40:10 - [MESSAGE][PASSED] - Object: 'Object Repository/Emergency/Page_KDMC - CMO/input_3' is clicked on

2018-05-14 14:40:10 - [TEST_STEP][PASSED] - delay: Delayed 2 second(s)

2018-05-14 14:40:12 - [MESSAGE][PASSED] - Delayed 2 second(s)

2018-05-14 14:40:12 - [TEST_STEP][PASSED] - selectOptionByIndex: All options with index in [1] are selected on object 'Object Repository/Emergency/Page_KDMC - CMO/select_--Select--'

2018-05-14 14:40:12 - [MESSAGE][PASSED] - All options with index in [1] are selected on object 'Object Repository/Emergency/Page_KDMC - CMO/select_--Select--'

2018-05-14 14:40:12 - [TEST_STEP][PASSED] - click: Object: 'Object Repository/Emergency/Page_KDMC - CMO/input_btnupdate' is clicked on

2018-05-14 14:40:12 - [MESSAGE][PASSED] - Object: 'Object Repository/Emergency/Page_KDMC - CMO/input_btnupdate' is clicked on

2018-05-14 14:40:12 - [TEST_STEP][PASSED] - delay: Delayed 2 second(s)

2018-05-14 14:40:14 - [MESSAGE][PASSED] - Delayed 2 second(s)

2018-05-14 14:40:14 - [TEST_STEP][PASSED] - click: Object: 'Object Repository/Emergency/Page_KDMC - CMO/button_OK' is clicked on

2018-05-14 14:41:09 - [MESSAGE][PASSED] - Object: 'Object Repository/Emergency/Page_KDMC - CMO/button_OK' is clicked on

2018-05-14 14:41:09 - [TEST_STEP][PASSED] - delay: Delayed 2 second(s)

2018-05-14 14:41:11 - [MESSAGE][PASSED] - Delayed 2 second(s)

2018-05-14 14:41:11 - [TEST_STEP][PASSED] - click: Object: 'Object Repository/Emergency/Page_KDMC - CMO/a_dropdown-toggle' is clicked on

2018-05-14 14:41:11 - [MESSAGE][PASSED] - Object: 'Object Repository/Emergency/Page_KDMC - CMO/a_dropdown-toggle' is clicked on

2018-05-14 14:41:11 - [TEST_STEP][PASSED] - click: Object: 'Object Repository/Emergency/Page_KDMC - CMO/a_Sign out' is clicked on

2018-05-14 14:41:12 - [MESSAGE][PASSED] - Object: 'Object Repository/Emergency/Page_KDMC - CMO/a_Sign out' is clicked on

2018-05-14 14:41:12 - [TEST_STEP][PASSED] - delay: Delayed 3 second(s)

2018-05-14 14:41:15 - [MESSAGE][PASSED] - Delayed 3 second(s)

2018-05-14 14:41:15 - [TEST_STEP][PASSED] - click: Object: 'Object Repository/Emergency/Page_KDMC/a_Divisional Store' is clicked on

2018-05-14 14:41:16 - [MESSAGE][PASSED] - Object: 'Object Repository/Emergency/Page_KDMC/a_Divisional Store' is clicked on

2018-05-14 14:41:16 - [TEST_STEP][PASSED] - setText: Text 'ragu' is set on object 'Object Repository/Emergency/Page_Divisonal Store Login/input_txtusername'

2018-05-14 14:41:17 - [MESSAGE][PASSED] - Text 'ragu' is set on object 'Object Repository/Emergency/Page_Divisonal Store Login/input_txtusername'

2018-05-14 14:41:17 - [TEST_STEP][PASSED] - setText: Text '123' is set on object 'Object Repository/Emergency/Page_Divisonal Store Login/input_txtpassword'

2018-05-14 14:41:17 - [MESSAGE][PASSED] - Text '123' is set on object 'Object Repository/Emergency/Page_Divisonal Store Login/input_txtpassword'

2018-05-14 14:41:17 - [TEST_STEP][PASSED] - delay: Delayed 3 second(s)

2018-05-14 14:41:20 - [MESSAGE][PASSED] - Delayed 3 second(s)

2018-05-14 14:41:20 - [TEST_STEP][PASSED] - click: Object: 'Object Repository/Emergency/Page_Divisonal Store Login/button_Sign in' is clicked on

2018-05-14 14:41:21 - [MESSAGE][PASSED] - Object: 'Object Repository/Emergency/Page_Divisonal Store Login/button_Sign in' is clicked on

2018-05-14 14:41:21 - [TEST_STEP][PASSED] - delay: Delayed 2 second(s)

2018-05-14 14:41:23 - [MESSAGE][PASSED] - Delayed 2 second(s)

2018-05-14 14:41:23 - [TEST_STEP][PASSED] - click: Object: 'Object Repository/Emergency/Page_Store/a_Emergency Request' is clicked on

2018-05-14 14:41:23 - [MESSAGE][PASSED] - Object: 'Object Repository/Emergency/Page_Store/a_Emergency Request' is clicked on

2018-05-14 14:41:23 - [TEST_STEP][PASSED] - click: Object: 'Object Repository/Emergency/Page_Store/a_Request Item Emergency' is clicked on

2018-05-14 14:41:24 - [MESSAGE][PASSED] - Object: 'Object Repository/Emergency/Page_Store/a_Request Item Emergency' is clicked on

2018-05-14 14:41:24 - [TEST_STEP][PASSED] - setText: Text '51' is set on object 'Object Repository/Emergency/Page_Store/input'

2018-05-14 14:41:24 - [MESSAGE][PASSED] - Text '51' is set on object 'Object Repository/Emergency/Page_Store/input'

2018-05-14 14:41:24 - [TEST_STEP][PASSED] - Statement - ChooseRequest = com.kms.katalon.core.webui.keyword.WebUiBuiltInKeywords.modifyObjectProperty(com.kms.katalon.core.testobject.ObjectRepository.findTestObject(Emergency/Page_Store/input_3), "xpath", "equals", "//*[@id=" + Rno + "]", true): Modify property of object successfully

2018-05-14 14:41:24 - [MESSAGE][PASSED] - Modify property of object successfully

2018-05-14 14:41:24 - [TEST_STEP][PASSED] - click: Object: 'Object Repository/Emergency/Page_Store/input_3' is clicked on

2018-05-14 14:41:25 - [MESSAGE][PASSED] - Object: 'Object Repository/Emergency/Page_Store/input_3' is clicked on

2018-05-14 14:41:25 - [TEST_STEP][PASSED] - delay: Delayed 2 second(s)

2018-05-14 14:41:27 - [MESSAGE][PASSED] - Delayed 2 second(s)

2018-05-14 14:41:27 - [TEST_STEP][PASSED] - Statement - selectedoptions1 = com.kms.katalon.core.webui.keyword.WebUiBuiltInKeywords.getNumberOfTotalOption(com.kms.katalon.core.testobject.ObjectRepository.findTestObject(Emergency/Page_Store/select_--Select--Amikacin -500)): 18 options of object 'Object Repository/Emergency/Page_Store/select_--Select--Amikacin -500' counted

2018-05-14 14:41:27 - [MESSAGE][PASSED] - 18 options of object 'Object Repository/Emergency/Page_Store/select_--Select--Amikacin -500' counted

2018-05-14 14:41:27 - [TEST_STEP][PASSED] - Statement - For ([a = 1, a < selectedoptions1 - 1, (a++)]): null

2018-05-14 14:41:27 - [TEST_STEP][PASSED] - selectOptionByIndex: All options with index in [1] are selected on object 'Object Repository/Emergency/Page_Store/select_--Select--Amikacin -500'

2018-05-14 14:41:27 - [MESSAGE][PASSED] - All options with index in [1] are selected on object 'Object Repository/Emergency/Page_Store/select_--Select--Amikacin -500'

2018-05-14 14:41:27 - [TEST_STEP][PASSED] - Statement - RequestedQty = com.kms.katalon.core.webui.keyword.WebUiBuiltInKeywords.getAttribute(com.kms.katalon.core.testobject.ObjectRepository.findTestObject(Emergency/Page_Store/input_txttotal), "value"): Attribute 'value' of object 'Object Repository/Emergency/Page_Store/input_txttotal' is: '10'

2018-05-14 14:41:27 - [MESSAGE][PASSED] - Attribute 'value' of object 'Object Repository/Emergency/Page_Store/input_txttotal' is: '10'

2018-05-14 14:41:27 - [TEST_STEP][PASSED] - Statement - out.println("Requested QTY : " + RequestedQty): null

2018-05-14 14:41:27 - [TEST_STEP][PASSED] - Statement - BatchNumber = com.kms.katalon.core.webui.keyword.WebUiBuiltInKeywords.getNumberOfTotalOption(com.kms.katalon.core.testobject.ObjectRepository.findTestObject(Emergency/Page_Store/select_--Select--BA1150BA4110)): 2 options of object 'Object Repository/Emergency/Page_Store/select_--Select--BA1150BA4110' counted

2018-05-14 14:41:27 - [MESSAGE][PASSED] - 2 options of object 'Object Repository/Emergency/Page_Store/select_--Select--BA1150BA4110' counted

2018-05-14 14:41:27 - [TEST_STEP][PASSED] - Statement - For ([g = 1, g <= BatchNumber - 1, (g++)]): null

2018-05-14 14:41:27 - [TEST_STEP][PASSED] - selectOptionByIndex: All options with index in [1] are selected on object 'Object Repository/Emergency/Page_Store/select_--Select--BA1150BA4110'

2018-05-14 14:41:27 - [MESSAGE][PASSED] - All options with index in [1] are selected on object 'Object Repository/Emergency/Page_Store/select_--Select--BA1150BA4110'

2018-05-14 14:41:27 - [TEST_STEP][PASSED] - Statement - Try: null

2018-05-14 14:41:27 - [TEST_STEP][PASSED] - Statement - StockQty = com.kms.katalon.core.webui.keyword.WebUiBuiltInKeywords.getAttribute(com.kms.katalon.core.testobject.ObjectRepository.findTestObject(Emergency/Page_Store/input_txtprice), "value"): Attribute 'value' of object 'Object Repository/Emergency/Page_Store/input_txtprice' is: '1000'

2018-05-14 14:41:28 - [MESSAGE][PASSED] - Attribute 'value' of object 'Object Repository/Emergency/Page_Store/input_txtprice' is: '1000'

2018-05-14 14:41:28 - [TEST_STEP][PASSED] - Statement - out.println("Stock QTY : " + StockQty): null

2018-05-14 14:41:28 - [TEST_STEP][PASSED] - delay: Delayed 2 second(s)

2018-05-14 14:41:30 - [MESSAGE][PASSED] - Delayed 2 second(s)

2018-05-14 14:41:30 - [TEST_STEP][PASSED] - Statement - If (java.lang.String.valueOf(StockQty) >= java.lang.String.valueOf(RequestedQty)): null

2018-05-14 14:41:30 - [TEST_STEP][PASSED] - setText: Text '10' is set on object 'Object Repository/Emergency/Page_Store/input_txtqty'

2018-05-14 14:41:30 - [MESSAGE][PASSED] - Text '10' is set on object 'Object Repository/Emergency/Page_Store/input_txtqty'

2018-05-14 14:41:30 - [TEST_STEP][PASSED] - click: Object: 'Object Repository/Emergency/Page_Store/button_Add' is clicked on

2018-05-14 14:41:30 - [MESSAGE][PASSED] - Object: 'Object Repository/Emergency/Page_Store/button_Add' is clicked on

2018-05-14 14:41:30 - [TEST_STEP][PASSED] - Statement - Break: null

2018-05-14 14:41:30 - [TEST_STEP][PASSED] - selectOptionByIndex: All options with index in [2] are selected on object 'Object Repository/Emergency/Page_Store/select_--Select--Amikacin -500'

2018-05-14 14:41:30 - [MESSAGE][PASSED] - All options with index in [2] are selected on object 'Object Repository/Emergency/Page_Store/select_--Select--Amikacin -500'

2018-05-14 14:41:30 - [TEST_STEP][PASSED] - Statement - RequestedQty = com.kms.katalon.core.webui.keyword.WebUiBuiltInKeywords.getAttribute(com.kms.katalon.core.testobject.ObjectRepository.findTestObject(Emergency/Page_Store/input_txttotal), "value"): Attribute 'value' of object 'Object Repository/Emergency/Page_Store/input_txttotal' is: '10'

2018-05-14 14:41:30 - [MESSAGE][PASSED] - Attribute 'value' of object 'Object Repository/Emergency/Page_Store/input_txttotal' is: '10'

2018-05-14 14:41:30 - [TEST_STEP][PASSED] - Statement - out.println("Requested QTY : " + RequestedQty): null

2018-05-14 14:41:30 - [TEST_STEP][PASSED] - Statement - BatchNumber = com.kms.katalon.core.webui.keyword.WebUiBuiltInKeywords.getNumberOfTotalOption(com.kms.katalon.core.testobject.ObjectRepository.findTestObject(Emergency/Page_Store/select_--Select--BA1150BA4110)): 2 options of object 'Object Repository/Emergency/Page_Store/select_--Select--BA1150BA4110' counted

2018-05-14 14:41:30 - [MESSAGE][PASSED] - 2 options of object 'Object Repository/Emergency/Page_Store/select_--Select--BA1150BA4110' counted

2018-05-14 14:41:30 - [TEST_STEP][PASSED] - Statement - For ([g = 1, g <= BatchNumber - 1, (g++)]): null

2018-05-14 14:41:30 - [TEST_STEP][PASSED] - selectOptionByIndex: All options with index in [1] are selected on object 'Object Repository/Emergency/Page_Store/select_--Select--BA1150BA4110'

2018-05-14 14:41:30 - [MESSAGE][PASSED] - All options with index in [1] are selected on object 'Object Repository/Emergency/Page_Store/select_--Select--BA1150BA4110'

2018-05-14 14:41:30 - [TEST_STEP][PASSED] - Statement - Try: null

2018-05-14 14:41:30 - [TEST_STEP][PASSED] - Statement - StockQty = com.kms.katalon.core.webui.keyword.WebUiBuiltInKeywords.getAttribute(com.kms.katalon.core.testobject.ObjectRepository.findTestObject(Emergency/Page_Store/input_txtprice), "value"): Attribute 'value' of object 'Object Repository/Emergency/Page_Store/input_txtprice' is: '997'

2018-05-14 14:41:30 - [MESSAGE][PASSED] - Attribute 'value' of object 'Object Repository/Emergency/Page_Store/input_txtprice' is: '997'

2018-05-14 14:41:30 - [TEST_STEP][PASSED] - Statement - out.println("Stock QTY : " + StockQty): null

2018-05-14 14:41:30 - [TEST_STEP][PASSED] - delay: Delayed 2 second(s)

2018-05-14 14:41:32 - [MESSAGE][PASSED] - Delayed 2 second(s)

2018-05-14 14:41:32 - [TEST_STEP][PASSED] - Statement - If (java.lang.String.valueOf(StockQty) >= java.lang.String.valueOf(RequestedQty)): null

2018-05-14 14:41:32 - [TEST_STEP][PASSED] - setText: Text '10' is set on object 'Object Repository/Emergency/Page_Store/input_txtqty'

2018-05-14 14:41:32 - [MESSAGE][PASSED] - Text '10' is set on object 'Object Repository/Emergency/Page_Store/input_txtqty'

2018-05-14 14:41:32 - [TEST_STEP][PASSED] - click: Object: 'Object Repository/Emergency/Page_Store/button_Add' is clicked on

2018-05-14 14:41:32 - [MESSAGE][PASSED] - Object: 'Object Repository/Emergency/Page_Store/button_Add' is clicked on

2018-05-14 14:41:32 - [TEST_STEP][PASSED] - Statement - Break: null

2018-05-14 14:41:32 - [TEST_STEP][PASSED] - selectOptionByIndex: All options with index in [3] are selected on object 'Object Repository/Emergency/Page_Store/select_--Select--Amikacin -500'

2018-05-14 14:41:33 - [MESSAGE][PASSED] - All options with index in [3] are selected on object 'Object Repository/Emergency/Page_Store/select_--Select--Amikacin -500'

2018-05-14 14:41:33 - [TEST_STEP][PASSED] - Statement - RequestedQty = com.kms.katalon.core.webui.keyword.WebUiBuiltInKeywords.getAttribute(com.kms.katalon.core.testobject.ObjectRepository.findTestObject(Emergency/Page_Store/input_txttotal), "value"): Attribute 'value' of object 'Object Repository/Emergency/Page_Store/input_txttotal' is: '10'

2018-05-14 14:41:33 - [MESSAGE][PASSED] - Attribute 'value' of object 'Object Repository/Emergency/Page_Store/input_txttotal' is: '10'

2018-05-14 14:41:33 - [TEST_STEP][PASSED] - Statement - out.println("Requested QTY : " + RequestedQty): null

2018-05-14 14:41:33 - [TEST_STEP][PASSED] - Statement - BatchNumber = com.kms.katalon.core.webui.keyword.WebUiBuiltInKeywords.getNumberOfTotalOption(com.kms.katalon.core.testobject.ObjectRepository.findTestObject(Emergency/Page_Store/select_--Select--BA1150BA4110)): 2 options of object 'Object Repository/Emergency/Page_Store/select_--Select--BA1150BA4110' counted

2018-05-14 14:41:33 - [MESSAGE][PASSED] - 2 options of object 'Object Repository/Emergency/Page_Store/select_--Select--BA1150BA4110' counted

2018-05-14 14:41:33 - [TEST_STEP][PASSED] - Statement - For ([g = 1, g <= BatchNumber - 1, (g++)]): null

2018-05-14 14:41:33 - [TEST_STEP][PASSED] - selectOptionByIndex: All options with index in [1] are selected on object 'Object Repository/Emergency/Page_Store/select_--Select--BA1150BA4110'

2018-05-14 14:41:33 - [MESSAGE][PASSED] - All options with index in [1] are selected on object 'Object Repository/Emergency/Page_Store/select_--Select--BA1150BA4110'

2018-05-14 14:41:33 - [TEST_STEP][PASSED] - Statement - Try: null

2018-05-14 14:41:33 - [TEST_STEP][PASSED] - Statement - StockQty = com.kms.katalon.core.webui.keyword.WebUiBuiltInKeywords.getAttribute(com.kms.katalon.core.testobject.ObjectRepository.findTestObject(Emergency/Page_Store/input_txtprice), "value"): Attribute 'value' of object 'Object Repository/Emergency/Page_Store/input_txtprice' is: '1000'

2018-05-14 14:41:33 - [MESSAGE][PASSED] - Attribute 'value' of object 'Object Repository/Emergency/Page_Store/input_txtprice' is: '1000'

2018-05-14 14:41:33 - [TEST_STEP][PASSED] - Statement - out.println("Stock QTY : " + StockQty): null

2018-05-14 14:41:33 - [TEST_STEP][PASSED] - delay: Delayed 2 second(s)

2018-05-14 14:41:35 - [MESSAGE][PASSED] - Delayed 2 second(s)

2018-05-14 14:41:35 - [TEST_STEP][PASSED] - Statement - If (java.lang.String.valueOf(StockQty) >= java.lang.String.valueOf(RequestedQty)): null

2018-05-14 14:41:35 - [TEST_STEP][PASSED] - setText: Text '10' is set on object 'Object Repository/Emergency/Page_Store/input_txtqty'

2018-05-14 14:41:35 - [MESSAGE][PASSED] - Text '10' is set on object 'Object Repository/Emergency/Page_Store/input_txtqty'

2018-05-14 14:41:35 - [TEST_STEP][PASSED] - click: Object: 'Object Repository/Emergency/Page_Store/button_Add' is clicked on

2018-05-14 14:41:35 - [MESSAGE][PASSED] - Object: 'Object Repository/Emergency/Page_Store/button_Add' is clicked on

2018-05-14 14:41:35 - [TEST_STEP][PASSED] - Statement - Break: null

2018-05-14 14:41:35 - [TEST_STEP][PASSED] - selectOptionByIndex: All options with index in [4] are selected on object 'Object Repository/Emergency/Page_Store/select_--Select--Amikacin -500'

2018-05-14 14:41:35 - [MESSAGE][PASSED] - All options with index in [4] are selected on object 'Object Repository/Emergency/Page_Store/select_--Select--Amikacin -500'

2018-05-14 14:41:35 - [TEST_STEP][PASSED] - Statement - RequestedQty = com.kms.katalon.core.webui.keyword.WebUiBuiltInKeywords.getAttribute(com.kms.katalon.core.testobject.ObjectRepository.findTestObject(Emergency/Page_Store/input_txttotal), "value"): Attribute 'value' of object 'Object Repository/Emergency/Page_Store/input_txttotal' is: '10'

2018-05-14 14:41:35 - [MESSAGE][PASSED] - Attribute 'value' of object 'Object Repository/Emergency/Page_Store/input_txttotal' is: '10'

2018-05-14 14:41:35 - [TEST_STEP][PASSED] - Statement - out.println("Requested QTY : " + RequestedQty): null

2018-05-14 14:41:35 - [TEST_STEP][PASSED] - Statement - BatchNumber = com.kms.katalon.core.webui.keyword.WebUiBuiltInKeywords.getNumberOfTotalOption(com.kms.katalon.core.testobject.ObjectRepository.findTestObject(Emergency/Page_Store/select_--Select--BA1150BA4110)): 2 options of object 'Object Repository/Emergency/Page_Store/select_--Select--BA1150BA4110' counted

2018-05-14 14:41:35 - [MESSAGE][PASSED] - 2 options of object 'Object Repository/Emergency/Page_Store/select_--Select--BA1150BA4110' counted

2018-05-14 14:41:35 - [TEST_STEP][PASSED] - Statement - For ([g = 1, g <= BatchNumber - 1, (g++)]): null

2018-05-14 14:41:35 - [TEST_STEP][PASSED] - selectOptionByIndex: All options with index in [1] are selected on object 'Object Repository/Emergency/Page_Store/select_--Select--BA1150BA4110'

2018-05-14 14:41:35 - [MESSAGE][PASSED] - All options with index in [1] are selected on object 'Object Repository/Emergency/Page_Store/select_--Select--BA1150BA4110'

2018-05-14 14:41:35 - [TEST_STEP][PASSED] - Statement - Try: null

2018-05-14 14:41:35 - [TEST_STEP][PASSED] - Statement - StockQty = com.kms.katalon.core.webui.keyword.WebUiBuiltInKeywords.getAttribute(com.kms.katalon.core.testobject.ObjectRepository.findTestObject(Emergency/Page_Store/input_txtprice), "value"): Attribute 'value' of object 'Object Repository/Emergency/Page_Store/input_txtprice' is: '1000'

2018-05-14 14:41:35 - [MESSAGE][PASSED] - Attribute 'value' of object 'Object Repository/Emergency/Page_Store/input_txtprice' is: '1000'

2018-05-14 14:41:35 - [TEST_STEP][PASSED] - Statement - out.println("Stock QTY : " + StockQty): null

2018-05-14 14:41:35 - [TEST_STEP][PASSED] - delay: Delayed 2 second(s)

2018-05-14 14:41:37 - [MESSAGE][PASSED] - Delayed 2 second(s)

2018-05-14 14:41:37 - [TEST_STEP][PASSED] - Statement - If (java.lang.String.valueOf(StockQty) >= java.lang.String.valueOf(RequestedQty)): null

2018-05-14 14:41:37 - [TEST_STEP][PASSED] - setText: Text '10' is set on object 'Object Repository/Emergency/Page_Store/input_txtqty'

2018-05-14 14:41:37 - [MESSAGE][PASSED] - Text '10' is set on object 'Object Repository/Emergency/Page_Store/input_txtqty'

2018-05-14 14:41:37 - [TEST_STEP][PASSED] - click: Object: 'Object Repository/Emergency/Page_Store/button_Add' is clicked on

2018-05-14 14:41:37 - [MESSAGE][PASSED] - Object: 'Object Repository/Emergency/Page_Store/button_Add' is clicked on

2018-05-14 14:41:37 - [TEST_STEP][PASSED] - Statement - Break: null

2018-05-14 14:41:37 - [TEST_STEP][PASSED] - selectOptionByIndex: All options with index in [5] are selected on object 'Object Repository/Emergency/Page_Store/select_--Select--Amikacin -500'

2018-05-14 14:41:38 - [MESSAGE][PASSED] - All options with index in [5] are selected on object 'Object Repository/Emergency/Page_Store/select_--Select--Amikacin -500'

2018-05-14 14:41:38 - [TEST_STEP][PASSED] - Statement - RequestedQty = com.kms.katalon.core.webui.keyword.WebUiBuiltInKeywords.getAttribute(com.kms.katalon.core.testobject.ObjectRepository.findTestObject(Emergency/Page_Store/input_txttotal), "value"): Attribute 'value' of object 'Object Repository/Emergency/Page_Store/input_txttotal' is: '10'

2018-05-14 14:41:38 - [MESSAGE][PASSED] - Attribute 'value' of object 'Object Repository/Emergency/Page_Store/input_txttotal' is: '10'

2018-05-14 14:41:38 - [TEST_STEP][PASSED] - Statement - out.println("Requested QTY : " + RequestedQty): null

2018-05-14 14:41:38 - [TEST_STEP][PASSED] - Statement - BatchNumber = com.kms.katalon.core.webui.keyword.WebUiBuiltInKeywords.getNumberOfTotalOption(com.kms.katalon.core.testobject.ObjectRepository.findTestObject(Emergency/Page_Store/select_--Select--BA1150BA4110)): 2 options of object 'Object Repository/Emergency/Page_Store/select_--Select--BA1150BA4110' counted

2018-05-14 14:41:38 - [MESSAGE][PASSED] - 2 options of object 'Object Repository/Emergency/Page_Store/select_--Select--BA1150BA4110' counted

2018-05-14 14:41:38 - [TEST_STEP][PASSED] - Statement - For ([g = 1, g <= BatchNumber - 1, (g++)]): null

2018-05-14 14:41:38 - [TEST_STEP][PASSED] - selectOptionByIndex: All options with index in [1] are selected on object 'Object Repository/Emergency/Page_Store/select_--Select--BA1150BA4110'

2018-05-14 14:41:38 - [MESSAGE][PASSED] - All options with index in [1] are selected on object 'Object Repository/Emergency/Page_Store/select_--Select--BA1150BA4110'

2018-05-14 14:41:38 - [TEST_STEP][PASSED] - Statement - Try: null

2018-05-14 14:41:38 - [TEST_STEP][PASSED] - Statement - StockQty = com.kms.katalon.core.webui.keyword.WebUiBuiltInKeywords.getAttribute(com.kms.katalon.core.testobject.ObjectRepository.findTestObject(Emergency/Page_Store/input_txtprice), "value"): Attribute 'value' of object 'Object Repository/Emergency/Page_Store/input_txtprice' is: '1000'

2018-05-14 14:41:38 - [MESSAGE][PASSED] - Attribute 'value' of object 'Object Repository/Emergency/Page_Store/input_txtprice' is: '1000'

2018-05-14 14:41:38 - [TEST_STEP][PASSED] - Statement - out.println("Stock QTY : " + StockQty): null

2018-05-14 14:41:38 - [TEST_STEP][PASSED] - delay: Delayed 2 second(s)

2018-05-14 14:41:40 - [MESSAGE][PASSED] - Delayed 2 second(s)

2018-05-14 14:41:40 - [TEST_STEP][PASSED] - Statement - If (java.lang.String.valueOf(StockQty) >= java.lang.String.valueOf(RequestedQty)): null

2018-05-14 14:41:40 - [TEST_STEP][PASSED] - setText: Text '10' is set on object 'Object Repository/Emergency/Page_Store/input_txtqty'

2018-05-14 14:41:40 - [MESSAGE][PASSED] - Text '10' is set on object 'Object Repository/Emergency/Page_Store/input_txtqty'

2018-05-14 14:41:40 - [TEST_STEP][PASSED] - click: Object: 'Object Repository/Emergency/Page_Store/button_Add' is clicked on

2018-05-14 14:41:40 - [MESSAGE][PASSED] - Object: 'Object Repository/Emergency/Page_Store/button_Add' is clicked on

2018-05-14 14:41:40 - [TEST_STEP][PASSED] - Statement - Break: null

2018-05-14 14:41:40 - [TEST_STEP][PASSED] - selectOptionByIndex: All options with index in [6] are selected on object 'Object Repository/Emergency/Page_Store/select_--Select--Amikacin -500'

2018-05-14 14:41:40 - [MESSAGE][PASSED] - All options with index in [6] are selected on object 'Object Repository/Emergency/Page_Store/select_--Select--Amikacin -500'

2018-05-14 14:41:40 - [TEST_STEP][PASSED] - Statement - RequestedQty = com.kms.katalon.core.webui.keyword.WebUiBuiltInKeywords.getAttribute(com.kms.katalon.core.testobject.ObjectRepository.findTestObject(Emergency/Page_Store/input_txttotal), "value"): Attribute 'value' of object 'Object Repository/Emergency/Page_Store/input_txttotal' is: '10'

2018-05-14 14:41:40 - [MESSAGE][PASSED] - Attribute 'value' of object 'Object Repository/Emergency/Page_Store/input_txttotal' is: '10'

2018-05-14 14:41:40 - [TEST_STEP][PASSED] - Statement - out.println("Requested QTY : " + RequestedQty): null

2018-05-14 14:41:40 - [TEST_STEP][PASSED] - Statement - BatchNumber = com.kms.katalon.core.webui.keyword.WebUiBuiltInKeywords.getNumberOfTotalOption(com.kms.katalon.core.testobject.ObjectRepository.findTestObject(Emergency/Page_Store/select_--Select--BA1150BA4110)): 2 options of object 'Object Repository/Emergency/Page_Store/select_--Select--BA1150BA4110' counted

2018-05-14 14:41:41 - [MESSAGE][PASSED] - 2 options of object 'Object Repository/Emergency/Page_Store/select_--Select--BA1150BA4110' counted

2018-05-14 14:41:41 - [TEST_STEP][PASSED] - Statement - For ([g = 1, g <= BatchNumber - 1, (g++)]): null

2018-05-14 14:41:41 - [TEST_STEP][PASSED] - selectOptionByIndex: All options with index in [1] are selected on object 'Object Repository/Emergency/Page_Store/select_--Select--BA1150BA4110'

2018-05-14 14:41:41 - [MESSAGE][PASSED] - All options with index in [1] are selected on object 'Object Repository/Emergency/Page_Store/select_--Select--BA1150BA4110'

2018-05-14 14:41:41 - [TEST_STEP][PASSED] - Statement - Try: null

2018-05-14 14:41:41 - [TEST_STEP][PASSED] - Statement - StockQty = com.kms.katalon.core.webui.keyword.WebUiBuiltInKeywords.getAttribute(com.kms.katalon.core.testobject.ObjectRepository.findTestObject(Emergency/Page_Store/input_txtprice), "value"): Attribute 'value' of object 'Object Repository/Emergency/Page_Store/input_txtprice' is: '1000'

2018-05-14 14:41:41 - [MESSAGE][PASSED] - Attribute 'value' of object 'Object Repository/Emergency/Page_Store/input_txtprice' is: '1000'

2018-05-14 14:41:41 - [TEST_STEP][PASSED] - Statement - out.println("Stock QTY : " + StockQty): null

2018-05-14 14:41:41 - [TEST_STEP][PASSED] - delay: Delayed 2 second(s)

2018-05-14 14:41:43 - [MESSAGE][PASSED] - Delayed 2 second(s)

2018-05-14 14:41:43 - [TEST_STEP][PASSED] - Statement - If (java.lang.String.valueOf(StockQty) >= java.lang.String.valueOf(RequestedQty)): null

2018-05-14 14:41:43 - [TEST_STEP][PASSED] - setText: Text '10' is set on object 'Object Repository/Emergency/Page_Store/input_txtqty'

2018-05-14 14:41:43 - [MESSAGE][PASSED] - Text '10' is set on object 'Object Repository/Emergency/Page_Store/input_txtqty'

2018-05-14 14:41:43 - [TEST_STEP][PASSED] - click: Object: 'Object Repository/Emergency/Page_Store/button_Add' is clicked on

2018-05-14 14:41:43 - [MESSAGE][PASSED] - Object: 'Object Repository/Emergency/Page_Store/button_Add' is clicked on

2018-05-14 14:41:43 - [TEST_STEP][PASSED] - Statement - Break: null

2018-05-14 14:41:43 - [TEST_STEP][PASSED] - selectOptionByIndex: All options with index in [7] are selected on object 'Object Repository/Emergency/Page_Store/select_--Select--Amikacin -500'

2018-05-14 14:41:43 - [MESSAGE][PASSED] - All options with index in [7] are selected on object 'Object Repository/Emergency/Page_Store/select_--Select--Amikacin -500'

2018-05-14 14:41:43 - [TEST_STEP][PASSED] - Statement - RequestedQty = com.kms.katalon.core.webui.keyword.WebUiBuiltInKeywords.getAttribute(com.kms.katalon.core.testobject.ObjectRepository.findTestObject(Emergency/Page_Store/input_txttotal), "value"): Attribute 'value' of object 'Object Repository/Emergency/Page_Store/input_txttotal' is: '10'

2018-05-14 14:41:43 - [MESSAGE][PASSED] - Attribute 'value' of object 'Object Repository/Emergency/Page_Store/input_txttotal' is: '10'

2018-05-14 14:41:43 - [TEST_STEP][PASSED] - Statement - out.println("Requested QTY : " + RequestedQty): null

2018-05-14 14:41:43 - [TEST_STEP][PASSED] - Statement - BatchNumber = com.kms.katalon.core.webui.keyword.WebUiBuiltInKeywords.getNumberOfTotalOption(com.kms.katalon.core.testobject.ObjectRepository.findTestObject(Emergency/Page_Store/select_--Select--BA1150BA4110)): 2 options of object 'Object Repository/Emergency/Page_Store/select_--Select--BA1150BA4110' counted

2018-05-14 14:41:43 - [MESSAGE][PASSED] - 2 options of object 'Object Repository/Emergency/Page_Store/select_--Select--BA1150BA4110' counted

2018-05-14 14:41:43 - [TEST_STEP][PASSED] - Statement - For ([g = 1, g <= BatchNumber - 1, (g++)]): null

2018-05-14 14:41:43 - [TEST_STEP][PASSED] - selectOptionByIndex: All options with index in [1] are selected on object 'Object Repository/Emergency/Page_Store/select_--Select--BA1150BA4110'

2018-05-14 14:41:43 - [MESSAGE][PASSED] - All options with index in [1] are selected on object 'Object Repository/Emergency/Page_Store/select_--Select--BA1150BA4110'

2018-05-14 14:41:43 - [TEST_STEP][PASSED] - Statement - Try: null

2018-05-14 14:41:43 - [TEST_STEP][PASSED] - Statement - StockQty = com.kms.katalon.core.webui.keyword.WebUiBuiltInKeywords.getAttribute(com.kms.katalon.core.testobject.ObjectRepository.findTestObject(Emergency/Page_Store/input_txtprice), "value"): Attribute 'value' of object 'Object Repository/Emergency/Page_Store/input_txtprice' is: '1000'

2018-05-14 14:41:43 - [MESSAGE][PASSED] - Attribute 'value' of object 'Object Repository/Emergency/Page_Store/input_txtprice' is: '1000'

2018-05-14 14:41:43 - [TEST_STEP][PASSED] - Statement - out.println("Stock QTY : " + StockQty): null

2018-05-14 14:41:43 - [TEST_STEP][PASSED] - delay: Delayed 2 second(s)

2018-05-14 14:41:45 - [MESSAGE][PASSED] - Delayed 2 second(s)

2018-05-14 14:41:45 - [TEST_STEP][PASSED] - Statement - If (java.lang.String.valueOf(StockQty) >= java.lang.String.valueOf(RequestedQty)): null

2018-05-14 14:41:45 - [TEST_STEP][PASSED] - setText: Text '10' is set on object 'Object Repository/Emergency/Page_Store/input_txtqty'

2018-05-14 14:41:45 - [MESSAGE][PASSED] - Text '10' is set on object 'Object Repository/Emergency/Page_Store/input_txtqty'

2018-05-14 14:41:45 - [TEST_STEP][PASSED] - click: Object: 'Object Repository/Emergency/Page_Store/button_Add' is clicked on

2018-05-14 14:41:45 - [MESSAGE][PASSED] - Object: 'Object Repository/Emergency/Page_Store/button_Add' is clicked on

2018-05-14 14:41:45 - [TEST_STEP][PASSED] - Statement - Break: null

2018-05-14 14:41:45 - [TEST_STEP][PASSED] - selectOptionByIndex: All options with index in [8] are selected on object 'Object Repository/Emergency/Page_Store/select_--Select--Amikacin -500'

2018-05-14 14:41:46 - [MESSAGE][PASSED] - All options with index in [8] are selected on object 'Object Repository/Emergency/Page_Store/select_--Select--Amikacin -500'

2018-05-14 14:41:46 - [TEST_STEP][PASSED] - Statement - RequestedQty = com.kms.katalon.core.webui.keyword.WebUiBuiltInKeywords.getAttribute(com.kms.katalon.core.testobject.ObjectRepository.findTestObject(Emergency/Page_Store/input_txttotal), "value"): Attribute 'value' of object 'Object Repository/Emergency/Page_Store/input_txttotal' is: '10'

2018-05-14 14:41:46 - [MESSAGE][PASSED] - Attribute 'value' of object 'Object Repository/Emergency/Page_Store/input_txttotal' is: '10'

2018-05-14 14:41:46 - [TEST_STEP][PASSED] - Statement - out.println("Requested QTY : " + RequestedQty): null

2018-05-14 14:41:46 - [TEST_STEP][PASSED] - Statement - BatchNumber = com.kms.katalon.core.webui.keyword.WebUiBuiltInKeywords.getNumberOfTotalOption(com.kms.katalon.core.testobject.ObjectRepository.findTestObject(Emergency/Page_Store/select_--Select--BA1150BA4110)): 2 options of object 'Object Repository/Emergency/Page_Store/select_--Select--BA1150BA4110' counted

2018-05-14 14:41:46 - [MESSAGE][PASSED] - 2 options of object 'Object Repository/Emergency/Page_Store/select_--Select--BA1150BA4110' counted

2018-05-14 14:41:46 - [TEST_STEP][PASSED] - Statement - For ([g = 1, g <= BatchNumber - 1, (g++)]): null

2018-05-14 14:41:46 - [TEST_STEP][PASSED] - selectOptionByIndex: All options with index in [1] are selected on object 'Object Repository/Emergency/Page_Store/select_--Select--BA1150BA4110'

2018-05-14 14:41:46 - [MESSAGE][PASSED] - All options with index in [1] are selected on object 'Object Repository/Emergency/Page_Store/select_--Select--BA1150BA4110'

2018-05-14 14:41:46 - [TEST_STEP][PASSED] - Statement - Try: null

2018-05-14 14:41:46 - [TEST_STEP][PASSED] - Statement - StockQty = com.kms.katalon.core.webui.keyword.WebUiBuiltInKeywords.getAttribute(com.kms.katalon.core.testobject.ObjectRepository.findTestObject(Emergency/Page_Store/input_txtprice), "value"): Attribute 'value' of object 'Object Repository/Emergency/Page_Store/input_txtprice' is: '1000'

2018-05-14 14:41:46 - [MESSAGE][PASSED] - Attribute 'value' of object 'Object Repository/Emergency/Page_Store/input_txtprice' is: '1000'

2018-05-14 14:41:46 - [TEST_STEP][PASSED] - Statement - out.println("Stock QTY : " + StockQty): null

2018-05-14 14:41:46 - [TEST_STEP][PASSED] - delay: Delayed 2 second(s)

2018-05-14 14:41:48 - [MESSAGE][PASSED] - Delayed 2 second(s)

2018-05-14 14:41:48 - [TEST_STEP][PASSED] - Statement - If (java.lang.String.valueOf(StockQty) >= java.lang.String.valueOf(RequestedQty)): null

2018-05-14 14:41:48 - [TEST_STEP][PASSED] - setText: Text '10' is set on object 'Object Repository/Emergency/Page_Store/input_txtqty'

2018-05-14 14:41:48 - [MESSAGE][PASSED] - Text '10' is set on object 'Object Repository/Emergency/Page_Store/input_txtqty'

2018-05-14 14:41:48 - [TEST_STEP][PASSED] - click: Object: 'Object Repository/Emergency/Page_Store/button_Add' is clicked on

2018-05-14 14:41:48 - [MESSAGE][PASSED] - Object: 'Object Repository/Emergency/Page_Store/button_Add' is clicked on

2018-05-14 14:41:48 - [TEST_STEP][PASSED] - Statement - Break: null

2018-05-14 14:41:48 - [TEST_STEP][PASSED] - selectOptionByIndex: All options with index in [9] are selected on object 'Object Repository/Emergency/Page_Store/select_--Select--Amikacin -500'

2018-05-14 14:41:48 - [MESSAGE][PASSED] - All options with index in [9] are selected on object 'Object Repository/Emergency/Page_Store/select_--Select--Amikacin -500'

2018-05-14 14:41:48 - [TEST_STEP][PASSED] - Statement - RequestedQty = com.kms.katalon.core.webui.keyword.WebUiBuiltInKeywords.getAttribute(com.kms.katalon.core.testobject.ObjectRepository.findTestObject(Emergency/Page_Store/input_txttotal), "value"): Attribute 'value' of object 'Object Repository/Emergency/Page_Store/input_txttotal' is: '10'

2018-05-14 14:41:48 - [MESSAGE][PASSED] - Attribute 'value' of object 'Object Repository/Emergency/Page_Store/input_txttotal' is: '10'

2018-05-14 14:41:48 - [TEST_STEP][PASSED] - Statement - out.println("Requested QTY : " + RequestedQty): null

2018-05-14 14:41:48 - [TEST_STEP][PASSED] - Statement - BatchNumber = com.kms.katalon.core.webui.keyword.WebUiBuiltInKeywords.getNumberOfTotalOption(com.kms.katalon.core.testobject.ObjectRepository.findTestObject(Emergency/Page_Store/select_--Select--BA1150BA4110)): 2 options of object 'Object Repository/Emergency/Page_Store/select_--Select--BA1150BA4110' counted

2018-05-14 14:41:48 - [MESSAGE][PASSED] - 2 options of object 'Object Repository/Emergency/Page_Store/select_--Select--BA1150BA4110' counted

2018-05-14 14:41:48 - [TEST_STEP][PASSED] - Statement - For ([g = 1, g <= BatchNumber - 1, (g++)]): null

2018-05-14 14:41:48 - [TEST_STEP][PASSED] - selectOptionByIndex: All options with index in [1] are selected on object 'Object Repository/Emergency/Page_Store/select_--Select--BA1150BA4110'

2018-05-14 14:41:49 - [MESSAGE][PASSED] - All options with index in [1] are selected on object 'Object Repository/Emergency/Page_Store/select_--Select--BA1150BA4110'

2018-05-14 14:41:49 - [TEST_STEP][PASSED] - Statement - Try: null

2018-05-14 14:41:49 - [TEST_STEP][PASSED] - Statement - StockQty = com.kms.katalon.core.webui.keyword.WebUiBuiltInKeywords.getAttribute(com.kms.katalon.core.testobject.ObjectRepository.findTestObject(Emergency/Page_Store/input_txtprice), "value"): Attribute 'value' of object 'Object Repository/Emergency/Page_Store/input_txtprice' is: '1000'

2018-05-14 14:41:49 - [MESSAGE][PASSED] - Attribute 'value' of object 'Object Repository/Emergency/Page_Store/input_txtprice' is: '1000'

2018-05-14 14:41:49 - [TEST_STEP][PASSED] - Statement - out.println("Stock QTY : " + StockQty): null

2018-05-14 14:41:49 - [TEST_STEP][PASSED] - delay: Delayed 2 second(s)

2018-05-14 14:41:51 - [MESSAGE][PASSED] - Delayed 2 second(s)

2018-05-14 14:41:51 - [TEST_STEP][PASSED] - Statement - If (java.lang.String.valueOf(StockQty) >= java.lang.String.valueOf(RequestedQty)): null

2018-05-14 14:41:51 - [TEST_STEP][PASSED] - setText: Text '10' is set on object 'Object Repository/Emergency/Page_Store/input_txtqty'

2018-05-14 14:41:51 - [MESSAGE][PASSED] - Text '10' is set on object 'Object Repository/Emergency/Page_Store/input_txtqty'

2018-05-14 14:41:51 - [TEST_STEP][PASSED] - click: Object: 'Object Repository/Emergency/Page_Store/button_Add' is clicked on

2018-05-14 14:41:51 - [MESSAGE][PASSED] - Object: 'Object Repository/Emergency/Page_Store/button_Add' is clicked on

2018-05-14 14:41:51 - [TEST_STEP][PASSED] - Statement - Break: null

2018-05-14 14:41:51 - [TEST_STEP][PASSED] - selectOptionByIndex: All options with index in [10] are selected on object 'Object Repository/Emergency/Page_Store/select_--Select--Amikacin -500'

2018-05-14 14:41:51 - [MESSAGE][PASSED] - All options with index in [10] are selected on object 'Object Repository/Emergency/Page_Store/select_--Select--Amikacin -500'

2018-05-14 14:41:51 - [TEST_STEP][PASSED] - Statement - RequestedQty = com.kms.katalon.core.webui.keyword.WebUiBuiltInKeywords.getAttribute(com.kms.katalon.core.testobject.ObjectRepository.findTestObject(Emergency/Page_Store/input_txttotal), "value"): Attribute 'value' of object 'Object Repository/Emergency/Page_Store/input_txttotal' is: '10'

2018-05-14 14:41:51 - [MESSAGE][PASSED] - Attribute 'value' of object 'Object Repository/Emergency/Page_Store/input_txttotal' is: '10'

2018-05-14 14:41:51 - [TEST_STEP][PASSED] - Statement - out.println("Requested QTY : " + RequestedQty): null

2018-05-14 14:41:51 - [TEST_STEP][PASSED] - Statement - BatchNumber = com.kms.katalon.core.webui.keyword.WebUiBuiltInKeywords.getNumberOfTotalOption(com.kms.katalon.core.testobject.ObjectRepository.findTestObject(Emergency/Page_Store/select_--Select--BA1150BA4110)): 2 options of object 'Object Repository/Emergency/Page_Store/select_--Select--BA1150BA4110' counted

2018-05-14 14:41:51 - [MESSAGE][PASSED] - 2 options of object 'Object Repository/Emergency/Page_Store/select_--Select--BA1150BA4110' counted

2018-05-14 14:41:51 - [TEST_STEP][PASSED] - Statement - For ([g = 1, g <= BatchNumber - 1, (g++)]): null

2018-05-14 14:41:51 - [TEST_STEP][PASSED] - selectOptionByIndex: All options with index in [1] are selected on object 'Object Repository/Emergency/Page_Store/select_--Select--BA1150BA4110'

2018-05-14 14:41:51 - [MESSAGE][PASSED] - All options with index in [1] are selected on object 'Object Repository/Emergency/Page_Store/select_--Select--BA1150BA4110'

2018-05-14 14:41:51 - [TEST_STEP][PASSED] - Statement - Try: null

2018-05-14 14:41:51 - [TEST_STEP][PASSED] - Statement - StockQty = com.kms.katalon.core.webui.keyword.WebUiBuiltInKeywords.getAttribute(com.kms.katalon.core.testobject.ObjectRepository.findTestObject(Emergency/Page_Store/input_txtprice), "value"): Attribute 'value' of object 'Object Repository/Emergency/Page_Store/input_txtprice' is: '1000'

2018-05-14 14:41:51 - [MESSAGE][PASSED] - Attribute 'value' of object 'Object Repository/Emergency/Page_Store/input_txtprice' is: '1000'

2018-05-14 14:41:51 - [TEST_STEP][PASSED] - Statement - out.println("Stock QTY : " + StockQty): null

2018-05-14 14:41:51 - [TEST_STEP][PASSED] - delay: Delayed 2 second(s)

2018-05-14 14:41:53 - [MESSAGE][PASSED] - Delayed 2 second(s)

2018-05-14 14:41:53 - [TEST_STEP][PASSED] - Statement - If (java.lang.String.valueOf(StockQty) >= java.lang.String.valueOf(RequestedQty)): null

2018-05-14 14:41:53 - [TEST_STEP][PASSED] - setText: Text '10' is set on object 'Object Repository/Emergency/Page_Store/input_txtqty'

2018-05-14 14:41:53 - [MESSAGE][PASSED] - Text '10' is set on object 'Object Repository/Emergency/Page_Store/input_txtqty'

2018-05-14 14:41:53 - [TEST_STEP][PASSED] - click: Object: 'Object Repository/Emergency/Page_Store/button_Add' is clicked on

2018-05-14 14:41:53 - [MESSAGE][PASSED] - Object: 'Object Repository/Emergency/Page_Store/button_Add' is clicked on

2018-05-14 14:41:53 - [TEST_STEP][PASSED] - Statement - Break: null

2018-05-14 14:41:53 - [TEST_STEP][PASSED] - selectOptionByIndex: All options with index in [11] are selected on object 'Object Repository/Emergency/Page_Store/select_--Select--Amikacin -500'

2018-05-14 14:41:54 - [MESSAGE][PASSED] - All options with index in [11] are selected on object 'Object Repository/Emergency/Page_Store/select_--Select--Amikacin -500'

2018-05-14 14:41:54 - [TEST_STEP][PASSED] - Statement - RequestedQty = com.kms.katalon.core.webui.keyword.WebUiBuiltInKeywords.getAttribute(com.kms.katalon.core.testobject.ObjectRepository.findTestObject(Emergency/Page_Store/input_txttotal), "value"): Attribute 'value' of object 'Object Repository/Emergency/Page_Store/input_txttotal' is: '10'

2018-05-14 14:41:54 - [MESSAGE][PASSED] - Attribute 'value' of object 'Object Repository/Emergency/Page_Store/input_txttotal' is: '10'

2018-05-14 14:41:54 - [TEST_STEP][PASSED] - Statement - out.println("Requested QTY : " + RequestedQty): null

2018-05-14 14:41:54 - [TEST_STEP][PASSED] - Statement - BatchNumber = com.kms.katalon.core.webui.keyword.WebUiBuiltInKeywords.getNumberOfTotalOption(com.kms.katalon.core.testobject.ObjectRepository.findTestObject(Emergency/Page_Store/select_--Select--BA1150BA4110)): 2 options of object 'Object Repository/Emergency/Page_Store/select_--Select--BA1150BA4110' counted

2018-05-14 14:41:54 - [MESSAGE][PASSED] - 2 options of object 'Object Repository/Emergency/Page_Store/select_--Select--BA1150BA4110' counted

2018-05-14 14:41:54 - [TEST_STEP][PASSED] - Statement - For ([g = 1, g <= BatchNumber - 1, (g++)]): null

2018-05-14 14:41:54 - [TEST_STEP][PASSED] - selectOptionByIndex: All options with index in [1] are selected on object 'Object Repository/Emergency/Page_Store/select_--Select--BA1150BA4110'

2018-05-14 14:41:54 - [MESSAGE][PASSED] - All options with index in [1] are selected on object 'Object Repository/Emergency/Page_Store/select_--Select--BA1150BA4110'

2018-05-14 14:41:54 - [TEST_STEP][PASSED] - Statement - Try: null

2018-05-14 14:41:54 - [TEST_STEP][PASSED] - Statement - StockQty = com.kms.katalon.core.webui.keyword.WebUiBuiltInKeywords.getAttribute(com.kms.katalon.core.testobject.ObjectRepository.findTestObject(Emergency/Page_Store/input_txtprice), "value"): Attribute 'value' of object 'Object Repository/Emergency/Page_Store/input_txtprice' is: '1000'

2018-05-14 14:41:54 - [MESSAGE][PASSED] - Attribute 'value' of object 'Object Repository/Emergency/Page_Store/input_txtprice' is: '1000'

2018-05-14 14:41:54 - [TEST_STEP][PASSED] - Statement - out.println("Stock QTY : " + StockQty): null

2018-05-14 14:41:54 - [TEST_STEP][PASSED] - delay: Delayed 2 second(s)

2018-05-14 14:41:56 - [MESSAGE][PASSED] - Delayed 2 second(s)

2018-05-14 14:41:56 - [TEST_STEP][PASSED] - Statement - If (java.lang.String.valueOf(StockQty) >= java.lang.String.valueOf(RequestedQty)): null

2018-05-14 14:41:56 - [TEST_STEP][PASSED] - setText: Text '10' is set on object 'Object Repository/Emergency/Page_Store/input_txtqty'

2018-05-14 14:41:56 - [MESSAGE][PASSED] - Text '10' is set on object 'Object Repository/Emergency/Page_Store/input_txtqty'

2018-05-14 14:41:56 - [TEST_STEP][PASSED] - click: Object: 'Object Repository/Emergency/Page_Store/button_Add' is clicked on

2018-05-14 14:41:56 - [MESSAGE][PASSED] - Object: 'Object Repository/Emergency/Page_Store/button_Add' is clicked on

2018-05-14 14:41:56 - [TEST_STEP][PASSED] - Statement - Break: null

2018-05-14 14:41:56 - [TEST_STEP][PASSED] - selectOptionByIndex: All options with index in [12] are selected on object 'Object Repository/Emergency/Page_Store/select_--Select--Amikacin -500'

2018-05-14 14:41:56 - [MESSAGE][PASSED] - All options with index in [12] are selected on object 'Object Repository/Emergency/Page_Store/select_--Select--Amikacin -500'

2018-05-14 14:41:56 - [TEST_STEP][PASSED] - Statement - RequestedQty = com.kms.katalon.core.webui.keyword.WebUiBuiltInKeywords.getAttribute(com.kms.katalon.core.testobject.ObjectRepository.findTestObject(Emergency/Page_Store/input_txttotal), "value"): Attribute 'value' of object 'Object Repository/Emergency/Page_Store/input_txttotal' is: '10'

2018-05-14 14:41:56 - [MESSAGE][PASSED] - Attribute 'value' of object 'Object Repository/Emergency/Page_Store/input_txttotal' is: '10'

2018-05-14 14:41:56 - [TEST_STEP][PASSED] - Statement - out.println("Requested QTY : " + RequestedQty): null

2018-05-14 14:41:56 - [TEST_STEP][PASSED] - Statement - BatchNumber = com.kms.katalon.core.webui.keyword.WebUiBuiltInKeywords.getNumberOfTotalOption(com.kms.katalon.core.testobject.ObjectRepository.findTestObject(Emergency/Page_Store/select_--Select--BA1150BA4110)): 2 options of object 'Object Repository/Emergency/Page_Store/select_--Select--BA1150BA4110' counted

2018-05-14 14:41:56 - [MESSAGE][PASSED] - 2 options of object 'Object Repository/Emergency/Page_Store/select_--Select--BA1150BA4110' counted

2018-05-14 14:41:56 - [TEST_STEP][PASSED] - Statement - For ([g = 1, g <= BatchNumber - 1, (g++)]): null

2018-05-14 14:41:56 - [TEST_STEP][PASSED] - selectOptionByIndex: All options with index in [1] are selected on object 'Object Repository/Emergency/Page_Store/select_--Select--BA1150BA4110'

2018-05-14 14:41:57 - [MESSAGE][PASSED] - All options with index in [1] are selected on object 'Object Repository/Emergency/Page_Store/select_--Select--BA1150BA4110'

2018-05-14 14:41:57 - [TEST_STEP][PASSED] - Statement - Try: null

2018-05-14 14:41:57 - [TEST_STEP][PASSED] - Statement - StockQty = com.kms.katalon.core.webui.keyword.WebUiBuiltInKeywords.getAttribute(com.kms.katalon.core.testobject.ObjectRepository.findTestObject(Emergency/Page_Store/input_txtprice), "value"): Attribute 'value' of object 'Object Repository/Emergency/Page_Store/input_txtprice' is: '1000'

2018-05-14 14:41:57 - [MESSAGE][PASSED] - Attribute 'value' of object 'Object Repository/Emergency/Page_Store/input_txtprice' is: '1000'

2018-05-14 14:41:57 - [TEST_STEP][PASSED] - Statement - out.println("Stock QTY : " + StockQty): null

2018-05-14 14:41:57 - [TEST_STEP][PASSED] - delay: Delayed 2 second(s)

2018-05-14 14:41:59 - [MESSAGE][PASSED] - Delayed 2 second(s)

2018-05-14 14:41:59 - [TEST_STEP][PASSED] - Statement - If (java.lang.String.valueOf(StockQty) >= java.lang.String.valueOf(RequestedQty)): null

2018-05-14 14:41:59 - [TEST_STEP][PASSED] - setText: Text '10' is set on object 'Object Repository/Emergency/Page_Store/input_txtqty'

2018-05-14 14:41:59 - [MESSAGE][PASSED] - Text '10' is set on object 'Object Repository/Emergency/Page_Store/input_txtqty'

2018-05-14 14:41:59 - [TEST_STEP][PASSED] - click: Object: 'Object Repository/Emergency/Page_Store/button_Add' is clicked on

2018-05-14 14:41:59 - [MESSAGE][PASSED] - Object: 'Object Repository/Emergency/Page_Store/button_Add' is clicked on

2018-05-14 14:41:59 - [TEST_STEP][PASSED] - Statement - Break: null

2018-05-14 14:41:59 - [TEST_STEP][PASSED] - selectOptionByIndex: All options with index in [13] are selected on object 'Object Repository/Emergency/Page_Store/select_--Select--Amikacin -500'

2018-05-14 14:41:59 - [MESSAGE][PASSED] - All options with index in [13] are selected on object 'Object Repository/Emergency/Page_Store/select_--Select--Amikacin -500'

2018-05-14 14:41:59 - [TEST_STEP][PASSED] - Statement - RequestedQty = com.kms.katalon.core.webui.keyword.WebUiBuiltInKeywords.getAttribute(com.kms.katalon.core.testobject.ObjectRepository.findTestObject(Emergency/Page_Store/input_txttotal), "value"): Attribute 'value' of object 'Object Repository/Emergency/Page_Store/input_txttotal' is: '10'

2018-05-14 14:41:59 - [MESSAGE][PASSED] - Attribute 'value' of object 'Object Repository/Emergency/Page_Store/input_txttotal' is: '10'

2018-05-14 14:41:59 - [TEST_STEP][PASSED] - Statement - out.println("Requested QTY : " + RequestedQty): null

2018-05-14 14:41:59 - [TEST_STEP][PASSED] - Statement - BatchNumber = com.kms.katalon.core.webui.keyword.WebUiBuiltInKeywords.getNumberOfTotalOption(com.kms.katalon.core.testobject.ObjectRepository.findTestObject(Emergency/Page_Store/select_--Select--BA1150BA4110)): 2 options of object 'Object Repository/Emergency/Page_Store/select_--Select--BA1150BA4110' counted

2018-05-14 14:41:59 - [MESSAGE][PASSED] - 2 options of object 'Object Repository/Emergency/Page_Store/select_--Select--BA1150BA4110' counted

2018-05-14 14:41:59 - [TEST_STEP][PASSED] - Statement - For ([g = 1, g <= BatchNumber - 1, (g++)]): null

2018-05-14 14:41:59 - [TEST_STEP][PASSED] - selectOptionByIndex: All options with index in [1] are selected on object 'Object Repository/Emergency/Page_Store/select_--Select--BA1150BA4110'

2018-05-14 14:41:59 - [MESSAGE][PASSED] - All options with index in [1] are selected on object 'Object Repository/Emergency/Page_Store/select_--Select--BA1150BA4110'

2018-05-14 14:41:59 - [TEST_STEP][PASSED] - Statement - Try: null

2018-05-14 14:41:59 - [TEST_STEP][PASSED] - Statement - StockQty = com.kms.katalon.core.webui.keyword.WebUiBuiltInKeywords.getAttribute(com.kms.katalon.core.testobject.ObjectRepository.findTestObject(Emergency/Page_Store/input_txtprice), "value"): Attribute 'value' of object 'Object Repository/Emergency/Page_Store/input_txtprice' is: '1000'

2018-05-14 14:41:59 - [MESSAGE][PASSED] - Attribute 'value' of object 'Object Repository/Emergency/Page_Store/input_txtprice' is: '1000'

2018-05-14 14:41:59 - [TEST_STEP][PASSED] - Statement - out.println("Stock QTY : " + StockQty): null

2018-05-14 14:41:59 - [TEST_STEP][PASSED] - delay: Delayed 2 second(s)

2018-05-14 14:42:01 - [MESSAGE][PASSED] - Delayed 2 second(s)

2018-05-14 14:42:01 - [TEST_STEP][PASSED] - Statement - If (java.lang.String.valueOf(StockQty) >= java.lang.String.valueOf(RequestedQty)): null

2018-05-14 14:42:01 - [TEST_STEP][PASSED] - setText: Text '10' is set on object 'Object Repository/Emergency/Page_Store/input_txtqty'

2018-05-14 14:42:01 - [MESSAGE][PASSED] - Text '10' is set on object 'Object Repository/Emergency/Page_Store/input_txtqty'

2018-05-14 14:42:01 - [TEST_STEP][PASSED] - click: Object: 'Object Repository/Emergency/Page_Store/button_Add' is clicked on

2018-05-14 14:42:01 - [MESSAGE][PASSED] - Object: 'Object Repository/Emergency/Page_Store/button_Add' is clicked on

2018-05-14 14:42:01 - [TEST_STEP][PASSED] - Statement - Break: null

2018-05-14 14:42:01 - [TEST_STEP][PASSED] - selectOptionByIndex: All options with index in [14] are selected on object 'Object Repository/Emergency/Page_Store/select_--Select--Amikacin -500'

2018-05-14 14:42:02 - [MESSAGE][PASSED] - All options with index in [14] are selected on object 'Object Repository/Emergency/Page_Store/select_--Select--Amikacin -500'

2018-05-14 14:42:02 - [TEST_STEP][PASSED] - Statement - RequestedQty = com.kms.katalon.core.webui.keyword.WebUiBuiltInKeywords.getAttribute(com.kms.katalon.core.testobject.ObjectRepository.findTestObject(Emergency/Page_Store/input_txttotal), "value"): Attribute 'value' of object 'Object Repository/Emergency/Page_Store/input_txttotal' is: '20'

2018-05-14 14:42:02 - [MESSAGE][PASSED] - Attribute 'value' of object 'Object Repository/Emergency/Page_Store/input_txttotal' is: '20'

2018-05-14 14:42:02 - [TEST_STEP][PASSED] - Statement - out.println("Requested QTY : " + RequestedQty): null

2018-05-14 14:42:02 - [TEST_STEP][PASSED] - Statement - BatchNumber = com.kms.katalon.core.webui.keyword.WebUiBuiltInKeywords.getNumberOfTotalOption(com.kms.katalon.core.testobject.ObjectRepository.findTestObject(Emergency/Page_Store/select_--Select--BA1150BA4110)): 2 options of object 'Object Repository/Emergency/Page_Store/select_--Select--BA1150BA4110' counted

2018-05-14 14:42:02 - [MESSAGE][PASSED] - 2 options of object 'Object Repository/Emergency/Page_Store/select_--Select--BA1150BA4110' counted

2018-05-14 14:42:02 - [TEST_STEP][PASSED] - Statement - For ([g = 1, g <= BatchNumber - 1, (g++)]): null

2018-05-14 14:42:02 - [TEST_STEP][PASSED] - selectOptionByIndex: All options with index in [1] are selected on object 'Object Repository/Emergency/Page_Store/select_--Select--BA1150BA4110'

2018-05-14 14:42:02 - [MESSAGE][PASSED] - All options with index in [1] are selected on object 'Object Repository/Emergency/Page_Store/select_--Select--BA1150BA4110'

2018-05-14 14:42:02 - [TEST_STEP][PASSED] - Statement - Try: null

2018-05-14 14:42:02 - [TEST_STEP][PASSED] - Statement - StockQty = com.kms.katalon.core.webui.keyword.WebUiBuiltInKeywords.getAttribute(com.kms.katalon.core.testobject.ObjectRepository.findTestObject(Emergency/Page_Store/input_txtprice), "value"): Attribute 'value' of object 'Object Repository/Emergency/Page_Store/input_txtprice' is: '2000'

2018-05-14 14:42:02 - [MESSAGE][PASSED] - Attribute 'value' of object 'Object Repository/Emergency/Page_Store/input_txtprice' is: '2000'

2018-05-14 14:42:02 - [TEST_STEP][PASSED] - Statement - out.println("Stock QTY : " + StockQty): null

2018-05-14 14:42:02 - [TEST_STEP][PASSED] - delay: Delayed 2 second(s)

2018-05-14 14:42:04 - [MESSAGE][PASSED] - Delayed 2 second(s)

2018-05-14 14:42:04 - [TEST_STEP][PASSED] - Statement - If (java.lang.String.valueOf(StockQty) >= java.lang.String.valueOf(RequestedQty)): null

2018-05-14 14:42:04 - [TEST_STEP][PASSED] - setText: Text '10' is set on object 'Object Repository/Emergency/Page_Store/input_txtqty'

2018-05-14 14:42:04 - [MESSAGE][PASSED] - Text '10' is set on object 'Object Repository/Emergency/Page_Store/input_txtqty'

2018-05-14 14:42:04 - [TEST_STEP][PASSED] - click: Object: 'Object Repository/Emergency/Page_Store/button_Add' is clicked on

2018-05-14 14:42:04 - [MESSAGE][PASSED] - Object: 'Object Repository/Emergency/Page_Store/button_Add' is clicked on

2018-05-14 14:42:04 - [TEST_STEP][PASSED] - Statement - Break: null

2018-05-14 14:42:04 - [TEST_STEP][PASSED] - selectOptionByIndex: All options with index in [15] are selected on object 'Object Repository/Emergency/Page_Store/select_--Select--Amikacin -500'

2018-05-14 14:42:04 - [MESSAGE][PASSED] - All options with index in [15] are selected on object 'Object Repository/Emergency/Page_Store/select_--Select--Amikacin -500'

2018-05-14 14:42:04 - [TEST_STEP][PASSED] - Statement - RequestedQty = com.kms.katalon.core.webui.keyword.WebUiBuiltInKeywords.getAttribute(com.kms.katalon.core.testobject.ObjectRepository.findTestObject(Emergency/Page_Store/input_txttotal), "value"): Attribute 'value' of object 'Object Repository/Emergency/Page_Store/input_txttotal' is: '20'

2018-05-14 14:42:04 - [MESSAGE][PASSED] - Attribute 'value' of object 'Object Repository/Emergency/Page_Store/input_txttotal' is: '20'

2018-05-14 14:42:04 - [TEST_STEP][PASSED] - Statement - out.println("Requested QTY : " + RequestedQty): null

2018-05-14 14:42:04 - [TEST_STEP][PASSED] - Statement - BatchNumber = com.kms.katalon.core.webui.keyword.WebUiBuiltInKeywords.getNumberOfTotalOption(com.kms.katalon.core.testobject.ObjectRepository.findTestObject(Emergency/Page_Store/select_--Select--BA1150BA4110)): 2 options of object 'Object Repository/Emergency/Page_Store/select_--Select--BA1150BA4110' counted

2018-05-14 14:42:04 - [MESSAGE][PASSED] - 2 options of object 'Object Repository/Emergency/Page_Store/select_--Select--BA1150BA4110' counted

2018-05-14 14:42:04 - [TEST_STEP][PASSED] - Statement - For ([g = 1, g <= BatchNumber - 1, (g++)]): null

2018-05-14 14:42:04 - [TEST_STEP][PASSED] - selectOptionByIndex: All options with index in [1] are selected on object 'Object Repository/Emergency/Page_Store/select_--Select--BA1150BA4110'

2018-05-14 14:42:05 - [MESSAGE][PASSED] - All options with index in [1] are selected on object 'Object Repository/Emergency/Page_Store/select_--Select--BA1150BA4110'

2018-05-14 14:42:05 - [TEST_STEP][PASSED] - Statement - Try: null

2018-05-14 14:42:05 - [TEST_STEP][PASSED] - Statement - StockQty = com.kms.katalon.core.webui.keyword.WebUiBuiltInKeywords.getAttribute(com.kms.katalon.core.testobject.ObjectRepository.findTestObject(Emergency/Page_Store/input_txtprice), "value"): Attribute 'value' of object 'Object Repository/Emergency/Page_Store/input_txtprice' is: '2000'

2018-05-14 14:42:05 - [MESSAGE][PASSED] - Attribute 'value' of object 'Object Repository/Emergency/Page_Store/input_txtprice' is: '2000'

2018-05-14 14:42:05 - [TEST_STEP][PASSED] - Statement - out.println("Stock QTY : " + StockQty): null

2018-05-14 14:42:05 - [TEST_STEP][PASSED] - delay: Delayed 2 second(s)

2018-05-14 14:42:07 - [MESSAGE][PASSED] - Delayed 2 second(s)

2018-05-14 14:42:07 - [TEST_STEP][PASSED] - Statement - If (java.lang.String.valueOf(StockQty) >= java.lang.String.valueOf(RequestedQty)): null

2018-05-14 14:42:07 - [TEST_STEP][PASSED] - setText: Text '10' is set on object 'Object Repository/Emergency/Page_Store/input_txtqty'

2018-05-14 14:42:07 - [MESSAGE][PASSED] - Text '10' is set on object 'Object Repository/Emergency/Page_Store/input_txtqty'

2018-05-14 14:42:07 - [TEST_STEP][PASSED] - click: Object: 'Object Repository/Emergency/Page_Store/button_Add' is clicked on

2018-05-14 14:42:07 - [MESSAGE][PASSED] - Object: 'Object Repository/Emergency/Page_Store/button_Add' is clicked on

2018-05-14 14:42:07 - [TEST_STEP][PASSED] - Statement - Break: null

2018-05-14 14:42:07 - [TEST_STEP][PASSED] - selectOptionByIndex: All options with index in [16] are selected on object 'Object Repository/Emergency/Page_Store/select_--Select--Amikacin -500'

2018-05-14 14:42:07 - [MESSAGE][PASSED] - All options with index in [16] are selected on object 'Object Repository/Emergency/Page_Store/select_--Select--Amikacin -500'

2018-05-14 14:42:07 - [TEST_STEP][PASSED] - Statement - RequestedQty = com.kms.katalon.core.webui.keyword.WebUiBuiltInKeywords.getAttribute(com.kms.katalon.core.testobject.ObjectRepository.findTestObject(Emergency/Page_Store/input_txttotal), "value"): Attribute 'value' of object 'Object Repository/Emergency/Page_Store/input_txttotal' is: '10'

2018-05-14 14:42:07 - [MESSAGE][PASSED] - Attribute 'value' of object 'Object Repository/Emergency/Page_Store/input_txttotal' is: '10'

2018-05-14 14:42:07 - [TEST_STEP][PASSED] - Statement - out.println("Requested QTY : " + RequestedQty): null

2018-05-14 14:42:07 - [TEST_STEP][PASSED] - Statement - BatchNumber = com.kms.katalon.core.webui.keyword.WebUiBuiltInKeywords.getNumberOfTotalOption(com.kms.katalon.core.testobject.ObjectRepository.findTestObject(Emergency/Page_Store/select_--Select--BA1150BA4110)): 2 options of object 'Object Repository/Emergency/Page_Store/select_--Select--BA1150BA4110' counted

2018-05-14 14:42:07 - [MESSAGE][PASSED] - 2 options of object 'Object Repository/Emergency/Page_Store/select_--Select--BA1150BA4110' counted

2018-05-14 14:42:07 - [TEST_STEP][PASSED] - Statement - For ([g = 1, g <= BatchNumber - 1, (g++)]): null

2018-05-14 14:42:07 - [TEST_STEP][PASSED] - selectOptionByIndex: All options with index in [1] are selected on object 'Object Repository/Emergency/Page_Store/select_--Select--BA1150BA4110'

2018-05-14 14:42:07 - [MESSAGE][PASSED] - All options with index in [1] are selected on object 'Object Repository/Emergency/Page_Store/select_--Select--BA1150BA4110'

2018-05-14 14:42:07 - [TEST_STEP][PASSED] - Statement - Try: null

2018-05-14 14:42:07 - [TEST_STEP][PASSED] - Statement - StockQty = com.kms.katalon.core.webui.keyword.WebUiBuiltInKeywords.getAttribute(com.kms.katalon.core.testobject.ObjectRepository.findTestObject(Emergency/Page_Store/input_txtprice), "value"): Attribute 'value' of object 'Object Repository/Emergency/Page_Store/input_txtprice' is: '1000'

2018-05-14 14:42:07 - [MESSAGE][PASSED] - Attribute 'value' of object 'Object Repository/Emergency/Page_Store/input_txtprice' is: '1000'

2018-05-14 14:42:07 - [TEST_STEP][PASSED] - Statement - out.println("Stock QTY : " + StockQty): null

2018-05-14 14:42:07 - [TEST_STEP][PASSED] - delay: Delayed 2 second(s)

2018-05-14 14:42:09 - [MESSAGE][PASSED] - Delayed 2 second(s)

2018-05-14 14:42:09 - [TEST_STEP][PASSED] - Statement - If (java.lang.String.valueOf(StockQty) >= java.lang.String.valueOf(RequestedQty)): null

2018-05-14 14:42:09 - [TEST_STEP][PASSED] - setText: Text '10' is set on object 'Object Repository/Emergency/Page_Store/input_txtqty'

2018-05-14 14:42:09 - [MESSAGE][PASSED] - Text '10' is set on object 'Object Repository/Emergency/Page_Store/input_txtqty'

2018-05-14 14:42:09 - [TEST_STEP][PASSED] - click: Object: 'Object Repository/Emergency/Page_Store/button_Add' is clicked on

2018-05-14 14:42:09 - [MESSAGE][PASSED] - Object: 'Object Repository/Emergency/Page_Store/button_Add' is clicked on

2018-05-14 14:42:09 - [TEST_STEP][PASSED] - Statement - Break: null

2018-05-14 14:42:09 - [TEST_STEP][PASSED] - scrollToElement: Scroll to object 'Object Repository/Emergency/Page_Store/input_btnSubmit' successfully

2018-05-14 14:42:09 - [MESSAGE][PASSED] - Scroll to object 'Object Repository/Emergency/Page_Store/input_btnSubmit' successfully

2018-05-14 14:42:09 - [TEST_STEP][PASSED] - Statement - Try: Object: 'Object Repository/Emergency/Page_Store/input_btnSubmit' is clicked on

2018-05-14 14:42:09 - [TEST_STEP][PASSED] - click: Object: 'Object Repository/Emergency/Page_Store/input_btnSubmit' is clicked on

2018-05-14 14:42:10 - [MESSAGE][PASSED] - Object: 'Object Repository/Emergency/Page_Store/input_btnSubmit' is clicked on

2018-05-14 14:42:10 - [TEST_STEP][PASSED] - click: Object: 'Object Repository/Emergency/Page_Store/a_dropdown-toggle' is clicked on

2018-05-14 14:42:10 - [MESSAGE][PASSED] - Object: 'Object Repository/Emergency/Page_Store/a_dropdown-toggle' is clicked on

2018-05-14 14:42:10 - [TEST_STEP][PASSED] - click: Object: 'Object Repository/Emergency/Page_Store/a_Sign out' is clicked on

2018-05-14 14:42:13 - [MESSAGE][PASSED] - Object: 'Object Repository/Emergency/Page_Store/a_Sign out' is clicked on

2018-05-14 14:42:13 - [TEST_STEP][PASSED] - closeBrowser: Browser is closed

2018-05-14 14:42:13 - [MESSAGE][PASSED] - Browser is closed

2018-05-14 14:42:13 - [TEST_STEP][PASSED] - Statement - out.println("Schedule 8 Emergency Request Are Working Successfully"): null]]></system-out>
         <system-err><![CDATA[]]></system-err>
      </testcase>
      <testcase name="Test Cases/EMERGENCY TEST CASES/TC_ER_006 Verify Schedule 9 Emergency  Request Are Working Successfully Or Not" classname="Test Cases/EMERGENCY TEST CASES/TC_ER_006 Verify Schedule 9 Emergency  Request Are Working Successfully Or Not" status="FAILED">
         <failure type="FAILED" message="Unable to select option by index '21' of object 'Object Repository/Emergency/Page_Store/select_--Select--Amikacin -500' (Root cause: org.openqa.selenium.UnhandledAlertException: unexpected alert open
  (Session info: chrome=66.0.3359.139)
  (Driver info: chromedriver=2.35.528161 (5b82f2d2aae0ca24b877009200ced9065a772e73),platform=Windows NT 10.0.16299 x86_64) (WARNING: The server did not provide any stacktrace information)
Command duration or timeout: 0 milliseconds: null
Build info: version: '3.7.1', revision: '8a0099a', time: '2017-11-06T21:07:36.161Z'
System info: host: 'DESKTOP-BLFTK83', ip: '192.168.71.2', os.name: 'Windows 10', os.arch: 'amd64', os.version: '10.0', java.version: '1.8.0_102'
Driver info: com.kms.katalon.selenium.driver.CChromeDriver
Capabilities {acceptInsecureCerts: false, acceptSslCerts: false, applicationCacheEnabled: false, browserConnectionEnabled: false, browserName: chrome, chrome: {chromedriverVersion: 2.35.528161 (5b82f2d2aae0ca..., userDataDir: C:\Users\QUALIT~1\AppData\L...}, cssSelectorsEnabled: true, databaseEnabled: false, handlesAlerts: true, hasTouchScreen: false, javascriptEnabled: true, locationContextEnabled: true, mobileEmulationEnabled: false, nativeEvents: true, networkConnectionEnabled: false, pageLoadStrategy: normal, platform: XP, platformName: XP, rotatable: false, setWindowRect: true, takesHeapSnapshot: true, takesScreenshot: true, unexpectedAlertBehaviour: , unhandledPromptBehavior: , version: 66.0.3359.139, webStorageEnabled: true}
Session ID: 8d22fd00b6c90547a62d691dc3d1f5ad)"/>
         <system-out><![CDATA[2018-05-14 14:42:13 - [TEST_CASE][FAILED] - Test Cases/EMERGENCY TEST CASES/TC_ER_006 Verify Schedule 9 Emergency  Request Are Working Successfully Or Not: Test Cases/EMERGENCY TEST CASES/TC_ER_006 Verify Schedule 9 Emergency  Request Are Working Successfully Or Not FAILED because (of) Unable to select option by index '21' of object 'Object Repository/Emergency/Page_Store/select_--Select--Amikacin -500' (Root cause: org.openqa.selenium.UnhandledAlertException: unexpected alert open
  (Session info: chrome=66.0.3359.139)
  (Driver info: chromedriver=2.35.528161 (5b82f2d2aae0ca24b877009200ced9065a772e73),platform=Windows NT 10.0.16299 x86_64) (WARNING: The server did not provide any stacktrace information)
Command duration or timeout: 0 milliseconds: null
Build info: version: '3.7.1', revision: '8a0099a', time: '2017-11-06T21:07:36.161Z'
System info: host: 'DESKTOP-BLFTK83', ip: '192.168.71.2', os.name: 'Windows 10', os.arch: 'amd64', os.version: '10.0', java.version: '1.8.0_102'
Driver info: com.kms.katalon.selenium.driver.CChromeDriver
Capabilities {acceptInsecureCerts: false, acceptSslCerts: false, applicationCacheEnabled: false, browserConnectionEnabled: false, browserName: chrome, chrome: {chromedriverVersion: 2.35.528161 (5b82f2d2aae0ca..., userDataDir: C:\Users\QUALIT~1\AppData\L...}, cssSelectorsEnabled: true, databaseEnabled: false, handlesAlerts: true, hasTouchScreen: false, javascriptEnabled: true, locationContextEnabled: true, mobileEmulationEnabled: false, nativeEvents: true, networkConnectionEnabled: false, pageLoadStrategy: normal, platform: XP, platformName: XP, rotatable: false, setWindowRect: true, takesHeapSnapshot: true, takesScreenshot: true, unexpectedAlertBehaviour: , unhandledPromptBehavior: , version: 66.0.3359.139, webStorageEnabled: true}
Session ID: 8d22fd00b6c90547a62d691dc3d1f5ad)

2018-05-14 14:42:13 - [TEST_STEP][PASSED] - openBrowser: Browser is opened with url: ''

2018-05-14 14:42:15 - [MESSAGE][PASSED] - Browser is opened with url: ''

2018-05-14 14:42:15 - [TEST_STEP][PASSED] - Statement - out.println("Verify Schedule 9 Emergency  Request Are Working Successfully Or Not"): null

2018-05-14 14:42:15 - [TEST_STEP][PASSED] - navigateToUrl: Navigate to 'http://192.168.137.1/Multihospital_New/EmergencyLogin.aspx' successfully

2018-05-14 14:42:23 - [MESSAGE][PASSED] - Navigate to 'http://192.168.137.1/Multihospital_New/EmergencyLogin.aspx' successfully

2018-05-14 14:42:23 - [TEST_STEP][PASSED] - maximizeWindow: Current window maximized

2018-05-14 14:42:24 - [MESSAGE][PASSED] - Current window maximized

2018-05-14 14:42:24 - [TEST_STEP][PASSED] - setText: Text 'nivetha' is set on object 'Object Repository/Emergency/Page_Emergency login/input_txtusername'

2018-05-14 14:42:24 - [MESSAGE][PASSED] - Text 'nivetha' is set on object 'Object Repository/Emergency/Page_Emergency login/input_txtusername'

2018-05-14 14:42:24 - [TEST_STEP][PASSED] - setText: Text '123' is set on object 'Object Repository/Emergency/Page_Emergency login/input_txtpassword'

2018-05-14 14:42:24 - [MESSAGE][PASSED] - Text '123' is set on object 'Object Repository/Emergency/Page_Emergency login/input_txtpassword'

2018-05-14 14:42:24 - [TEST_STEP][PASSED] - delay: Delayed 3 second(s)

2018-05-14 14:42:27 - [MESSAGE][PASSED] - Delayed 3 second(s)

2018-05-14 14:42:27 - [TEST_STEP][PASSED] - click: Object: 'Object Repository/Emergency/Page_Emergency login/button_Sign in' is clicked on

2018-05-14 14:42:29 - [MESSAGE][PASSED] - Object: 'Object Repository/Emergency/Page_Emergency login/button_Sign in' is clicked on

2018-05-14 14:42:29 - [TEST_STEP][PASSED] - delay: Delayed 3 second(s)

2018-05-14 14:42:32 - [MESSAGE][PASSED] - Delayed 3 second(s)

2018-05-14 14:42:32 - [TEST_STEP][PASSED] - click: Object: 'Object Repository/Emergency/Page_KDMC - Emergency/a_Store Request' is clicked on

2018-05-14 14:42:32 - [MESSAGE][PASSED] - Object: 'Object Repository/Emergency/Page_KDMC - Emergency/a_Store Request' is clicked on

2018-05-14 14:42:32 - [TEST_STEP][PASSED] - delay: Delayed 2 second(s)

2018-05-14 14:42:34 - [MESSAGE][PASSED] - Delayed 2 second(s)

2018-05-14 14:42:34 - [TEST_STEP][PASSED] - click: Object: 'Object Repository/Emergency/Page_KDMC - Emergency/a_Medicine Request' is clicked on

2018-05-14 14:42:35 - [MESSAGE][PASSED] - Object: 'Object Repository/Emergency/Page_KDMC - Emergency/a_Medicine Request' is clicked on

2018-05-14 14:42:35 - [TEST_STEP][PASSED] - delay: Delayed 2 second(s)

2018-05-14 14:42:37 - [MESSAGE][PASSED] - Delayed 2 second(s)

2018-05-14 14:42:37 - [TEST_STEP][PASSED] - selectOptionByIndex: All options with index in [6] are selected on object 'Object Repository/Emergency/Page_KDMC - Emergency/select_--Select--Schedule 1Inj'

2018-05-14 14:42:37 - [MESSAGE][PASSED] - All options with index in [6] are selected on object 'Object Repository/Emergency/Page_KDMC - Emergency/select_--Select--Schedule 1Inj'

2018-05-14 14:42:37 - [TEST_STEP][PASSED] - Statement - seletedoptions = com.kms.katalon.core.webui.keyword.WebUiBuiltInKeywords.getNumberOfTotalOption(com.kms.katalon.core.testobject.ObjectRepository.findTestObject(Emergency/Page_KDMC - Emergency/select_--Select--Adernaline 0.)): 36 options of object 'Object Repository/Emergency/Page_KDMC - Emergency/select_--Select--Adernaline 0.' counted

2018-05-14 14:42:37 - [MESSAGE][PASSED] - 36 options of object 'Object Repository/Emergency/Page_KDMC - Emergency/select_--Select--Adernaline 0.' counted

2018-05-14 14:42:37 - [TEST_STEP][PASSED] - Statement - For ([u = 1, u < seletedoptions, (u++)]): Object: 'Object Repository/Emergency/Page_KDMC - Emergency/button_Add' is clicked on

2018-05-14 14:42:37 - [TEST_STEP][PASSED] - selectOptionByIndex: All options with index in [6] are selected on object 'Object Repository/Emergency/Page_KDMC - Emergency/select_--Select--Schedule 1Inj'

2018-05-14 14:42:38 - [MESSAGE][PASSED] - All options with index in [6] are selected on object 'Object Repository/Emergency/Page_KDMC - Emergency/select_--Select--Schedule 1Inj'

2018-05-14 14:42:38 - [TEST_STEP][PASSED] - selectOptionByIndex: All options with index in [1] are selected on object 'Object Repository/Emergency/Page_KDMC - Emergency/select_--Select--Adernaline 0.'

2018-05-14 14:42:38 - [MESSAGE][PASSED] - All options with index in [1] are selected on object 'Object Repository/Emergency/Page_KDMC - Emergency/select_--Select--Adernaline 0.'

2018-05-14 14:42:38 - [TEST_STEP][PASSED] - setText: Text '10' is set on object 'Object Repository/Emergency/Page_KDMC - Emergency/input_txttreat'

2018-05-14 14:42:38 - [MESSAGE][PASSED] - Text '10' is set on object 'Object Repository/Emergency/Page_KDMC - Emergency/input_txttreat'

2018-05-14 14:42:38 - [TEST_STEP][PASSED] - click: Object: 'Object Repository/Emergency/Page_KDMC - Emergency/button_Add' is clicked on

2018-05-14 14:42:38 - [MESSAGE][PASSED] - Object: 'Object Repository/Emergency/Page_KDMC - Emergency/button_Add' is clicked on

2018-05-14 14:42:38 - [TEST_STEP][PASSED] - selectOptionByIndex: All options with index in [6] are selected on object 'Object Repository/Emergency/Page_KDMC - Emergency/select_--Select--Schedule 1Inj'

2018-05-14 14:42:38 - [MESSAGE][PASSED] - All options with index in [6] are selected on object 'Object Repository/Emergency/Page_KDMC - Emergency/select_--Select--Schedule 1Inj'

2018-05-14 14:42:38 - [TEST_STEP][PASSED] - selectOptionByIndex: All options with index in [2] are selected on object 'Object Repository/Emergency/Page_KDMC - Emergency/select_--Select--Adernaline 0.'

2018-05-14 14:42:38 - [MESSAGE][PASSED] - All options with index in [2] are selected on object 'Object Repository/Emergency/Page_KDMC - Emergency/select_--Select--Adernaline 0.'

2018-05-14 14:42:38 - [TEST_STEP][PASSED] - setText: Text '10' is set on object 'Object Repository/Emergency/Page_KDMC - Emergency/input_txttreat'

2018-05-14 14:42:38 - [MESSAGE][PASSED] - Text '10' is set on object 'Object Repository/Emergency/Page_KDMC - Emergency/input_txttreat'

2018-05-14 14:42:38 - [TEST_STEP][PASSED] - click: Object: 'Object Repository/Emergency/Page_KDMC - Emergency/button_Add' is clicked on

2018-05-14 14:42:38 - [MESSAGE][PASSED] - Object: 'Object Repository/Emergency/Page_KDMC - Emergency/button_Add' is clicked on

2018-05-14 14:42:38 - [TEST_STEP][PASSED] - selectOptionByIndex: All options with index in [6] are selected on object 'Object Repository/Emergency/Page_KDMC - Emergency/select_--Select--Schedule 1Inj'

2018-05-14 14:42:39 - [MESSAGE][PASSED] - All options with index in [6] are selected on object 'Object Repository/Emergency/Page_KDMC - Emergency/select_--Select--Schedule 1Inj'

2018-05-14 14:42:39 - [TEST_STEP][PASSED] - selectOptionByIndex: All options with index in [3] are selected on object 'Object Repository/Emergency/Page_KDMC - Emergency/select_--Select--Adernaline 0.'

2018-05-14 14:42:39 - [MESSAGE][PASSED] - All options with index in [3] are selected on object 'Object Repository/Emergency/Page_KDMC - Emergency/select_--Select--Adernaline 0.'

2018-05-14 14:42:39 - [TEST_STEP][PASSED] - setText: Text '10' is set on object 'Object Repository/Emergency/Page_KDMC - Emergency/input_txttreat'

2018-05-14 14:42:39 - [MESSAGE][PASSED] - Text '10' is set on object 'Object Repository/Emergency/Page_KDMC - Emergency/input_txttreat'

2018-05-14 14:42:39 - [TEST_STEP][PASSED] - click: Object: 'Object Repository/Emergency/Page_KDMC - Emergency/button_Add' is clicked on

2018-05-14 14:42:39 - [MESSAGE][PASSED] - Object: 'Object Repository/Emergency/Page_KDMC - Emergency/button_Add' is clicked on

2018-05-14 14:42:39 - [TEST_STEP][PASSED] - selectOptionByIndex: All options with index in [6] are selected on object 'Object Repository/Emergency/Page_KDMC - Emergency/select_--Select--Schedule 1Inj'

2018-05-14 14:42:39 - [MESSAGE][PASSED] - All options with index in [6] are selected on object 'Object Repository/Emergency/Page_KDMC - Emergency/select_--Select--Schedule 1Inj'

2018-05-14 14:42:39 - [TEST_STEP][PASSED] - selectOptionByIndex: All options with index in [4] are selected on object 'Object Repository/Emergency/Page_KDMC - Emergency/select_--Select--Adernaline 0.'

2018-05-14 14:42:39 - [MESSAGE][PASSED] - All options with index in [4] are selected on object 'Object Repository/Emergency/Page_KDMC - Emergency/select_--Select--Adernaline 0.'

2018-05-14 14:42:39 - [TEST_STEP][PASSED] - setText: Text '10' is set on object 'Object Repository/Emergency/Page_KDMC - Emergency/input_txttreat'

2018-05-14 14:42:39 - [MESSAGE][PASSED] - Text '10' is set on object 'Object Repository/Emergency/Page_KDMC - Emergency/input_txttreat'

2018-05-14 14:42:39 - [TEST_STEP][PASSED] - click: Object: 'Object Repository/Emergency/Page_KDMC - Emergency/button_Add' is clicked on

2018-05-14 14:42:39 - [MESSAGE][PASSED] - Object: 'Object Repository/Emergency/Page_KDMC - Emergency/button_Add' is clicked on

2018-05-14 14:42:39 - [TEST_STEP][PASSED] - selectOptionByIndex: All options with index in [6] are selected on object 'Object Repository/Emergency/Page_KDMC - Emergency/select_--Select--Schedule 1Inj'

2018-05-14 14:42:40 - [MESSAGE][PASSED] - All options with index in [6] are selected on object 'Object Repository/Emergency/Page_KDMC - Emergency/select_--Select--Schedule 1Inj'

2018-05-14 14:42:40 - [TEST_STEP][PASSED] - selectOptionByIndex: All options with index in [5] are selected on object 'Object Repository/Emergency/Page_KDMC - Emergency/select_--Select--Adernaline 0.'

2018-05-14 14:42:40 - [MESSAGE][PASSED] - All options with index in [5] are selected on object 'Object Repository/Emergency/Page_KDMC - Emergency/select_--Select--Adernaline 0.'

2018-05-14 14:42:40 - [TEST_STEP][PASSED] - setText: Text '10' is set on object 'Object Repository/Emergency/Page_KDMC - Emergency/input_txttreat'

2018-05-14 14:42:40 - [MESSAGE][PASSED] - Text '10' is set on object 'Object Repository/Emergency/Page_KDMC - Emergency/input_txttreat'

2018-05-14 14:42:40 - [TEST_STEP][PASSED] - click: Object: 'Object Repository/Emergency/Page_KDMC - Emergency/button_Add' is clicked on

2018-05-14 14:42:40 - [MESSAGE][PASSED] - Object: 'Object Repository/Emergency/Page_KDMC - Emergency/button_Add' is clicked on

2018-05-14 14:42:40 - [TEST_STEP][PASSED] - selectOptionByIndex: All options with index in [6] are selected on object 'Object Repository/Emergency/Page_KDMC - Emergency/select_--Select--Schedule 1Inj'

2018-05-14 14:42:40 - [MESSAGE][PASSED] - All options with index in [6] are selected on object 'Object Repository/Emergency/Page_KDMC - Emergency/select_--Select--Schedule 1Inj'

2018-05-14 14:42:40 - [TEST_STEP][PASSED] - selectOptionByIndex: All options with index in [6] are selected on object 'Object Repository/Emergency/Page_KDMC - Emergency/select_--Select--Adernaline 0.'

2018-05-14 14:42:40 - [MESSAGE][PASSED] - All options with index in [6] are selected on object 'Object Repository/Emergency/Page_KDMC - Emergency/select_--Select--Adernaline 0.'

2018-05-14 14:42:40 - [TEST_STEP][PASSED] - setText: Text '10' is set on object 'Object Repository/Emergency/Page_KDMC - Emergency/input_txttreat'

2018-05-14 14:42:41 - [MESSAGE][PASSED] - Text '10' is set on object 'Object Repository/Emergency/Page_KDMC - Emergency/input_txttreat'

2018-05-14 14:42:41 - [TEST_STEP][PASSED] - click: Object: 'Object Repository/Emergency/Page_KDMC - Emergency/button_Add' is clicked on

2018-05-14 14:42:41 - [MESSAGE][PASSED] - Object: 'Object Repository/Emergency/Page_KDMC - Emergency/button_Add' is clicked on

2018-05-14 14:42:41 - [TEST_STEP][PASSED] - selectOptionByIndex: All options with index in [6] are selected on object 'Object Repository/Emergency/Page_KDMC - Emergency/select_--Select--Schedule 1Inj'

2018-05-14 14:42:41 - [MESSAGE][PASSED] - All options with index in [6] are selected on object 'Object Repository/Emergency/Page_KDMC - Emergency/select_--Select--Schedule 1Inj'

2018-05-14 14:42:41 - [TEST_STEP][PASSED] - selectOptionByIndex: All options with index in [7] are selected on object 'Object Repository/Emergency/Page_KDMC - Emergency/select_--Select--Adernaline 0.'

2018-05-14 14:42:41 - [MESSAGE][PASSED] - All options with index in [7] are selected on object 'Object Repository/Emergency/Page_KDMC - Emergency/select_--Select--Adernaline 0.'

2018-05-14 14:42:41 - [TEST_STEP][PASSED] - setText: Text '10' is set on object 'Object Repository/Emergency/Page_KDMC - Emergency/input_txttreat'

2018-05-14 14:42:41 - [MESSAGE][PASSED] - Text '10' is set on object 'Object Repository/Emergency/Page_KDMC - Emergency/input_txttreat'

2018-05-14 14:42:41 - [TEST_STEP][PASSED] - click: Object: 'Object Repository/Emergency/Page_KDMC - Emergency/button_Add' is clicked on

2018-05-14 14:42:41 - [MESSAGE][PASSED] - Object: 'Object Repository/Emergency/Page_KDMC - Emergency/button_Add' is clicked on

2018-05-14 14:42:41 - [TEST_STEP][PASSED] - selectOptionByIndex: All options with index in [6] are selected on object 'Object Repository/Emergency/Page_KDMC - Emergency/select_--Select--Schedule 1Inj'

2018-05-14 14:42:41 - [MESSAGE][PASSED] - All options with index in [6] are selected on object 'Object Repository/Emergency/Page_KDMC - Emergency/select_--Select--Schedule 1Inj'

2018-05-14 14:42:41 - [TEST_STEP][PASSED] - selectOptionByIndex: All options with index in [8] are selected on object 'Object Repository/Emergency/Page_KDMC - Emergency/select_--Select--Adernaline 0.'

2018-05-14 14:42:42 - [MESSAGE][PASSED] - All options with index in [8] are selected on object 'Object Repository/Emergency/Page_KDMC - Emergency/select_--Select--Adernaline 0.'

2018-05-14 14:42:42 - [TEST_STEP][PASSED] - setText: Text '10' is set on object 'Object Repository/Emergency/Page_KDMC - Emergency/input_txttreat'

2018-05-14 14:42:42 - [MESSAGE][PASSED] - Text '10' is set on object 'Object Repository/Emergency/Page_KDMC - Emergency/input_txttreat'

2018-05-14 14:42:42 - [TEST_STEP][PASSED] - click: Object: 'Object Repository/Emergency/Page_KDMC - Emergency/button_Add' is clicked on

2018-05-14 14:42:42 - [MESSAGE][PASSED] - Object: 'Object Repository/Emergency/Page_KDMC - Emergency/button_Add' is clicked on

2018-05-14 14:42:42 - [TEST_STEP][PASSED] - selectOptionByIndex: All options with index in [6] are selected on object 'Object Repository/Emergency/Page_KDMC - Emergency/select_--Select--Schedule 1Inj'

2018-05-14 14:42:42 - [MESSAGE][PASSED] - All options with index in [6] are selected on object 'Object Repository/Emergency/Page_KDMC - Emergency/select_--Select--Schedule 1Inj'

2018-05-14 14:42:42 - [TEST_STEP][PASSED] - selectOptionByIndex: All options with index in [9] are selected on object 'Object Repository/Emergency/Page_KDMC - Emergency/select_--Select--Adernaline 0.'

2018-05-14 14:42:42 - [MESSAGE][PASSED] - All options with index in [9] are selected on object 'Object Repository/Emergency/Page_KDMC - Emergency/select_--Select--Adernaline 0.'

2018-05-14 14:42:42 - [TEST_STEP][PASSED] - setText: Text '10' is set on object 'Object Repository/Emergency/Page_KDMC - Emergency/input_txttreat'

2018-05-14 14:42:42 - [MESSAGE][PASSED] - Text '10' is set on object 'Object Repository/Emergency/Page_KDMC - Emergency/input_txttreat'

2018-05-14 14:42:42 - [TEST_STEP][PASSED] - click: Object: 'Object Repository/Emergency/Page_KDMC - Emergency/button_Add' is clicked on

2018-05-14 14:42:42 - [MESSAGE][PASSED] - Object: 'Object Repository/Emergency/Page_KDMC - Emergency/button_Add' is clicked on

2018-05-14 14:42:42 - [TEST_STEP][PASSED] - selectOptionByIndex: All options with index in [6] are selected on object 'Object Repository/Emergency/Page_KDMC - Emergency/select_--Select--Schedule 1Inj'

2018-05-14 14:42:42 - [MESSAGE][PASSED] - All options with index in [6] are selected on object 'Object Repository/Emergency/Page_KDMC - Emergency/select_--Select--Schedule 1Inj'

2018-05-14 14:42:42 - [TEST_STEP][PASSED] - selectOptionByIndex: All options with index in [10] are selected on object 'Object Repository/Emergency/Page_KDMC - Emergency/select_--Select--Adernaline 0.'

2018-05-14 14:42:43 - [MESSAGE][PASSED] - All options with index in [10] are selected on object 'Object Repository/Emergency/Page_KDMC - Emergency/select_--Select--Adernaline 0.'

2018-05-14 14:42:43 - [TEST_STEP][PASSED] - setText: Text '10' is set on object 'Object Repository/Emergency/Page_KDMC - Emergency/input_txttreat'

2018-05-14 14:42:43 - [MESSAGE][PASSED] - Text '10' is set on object 'Object Repository/Emergency/Page_KDMC - Emergency/input_txttreat'

2018-05-14 14:42:43 - [TEST_STEP][PASSED] - click: Object: 'Object Repository/Emergency/Page_KDMC - Emergency/button_Add' is clicked on

2018-05-14 14:42:43 - [MESSAGE][PASSED] - Object: 'Object Repository/Emergency/Page_KDMC - Emergency/button_Add' is clicked on

2018-05-14 14:42:43 - [TEST_STEP][PASSED] - selectOptionByIndex: All options with index in [6] are selected on object 'Object Repository/Emergency/Page_KDMC - Emergency/select_--Select--Schedule 1Inj'

2018-05-14 14:42:43 - [MESSAGE][PASSED] - All options with index in [6] are selected on object 'Object Repository/Emergency/Page_KDMC - Emergency/select_--Select--Schedule 1Inj'

2018-05-14 14:42:43 - [TEST_STEP][PASSED] - selectOptionByIndex: All options with index in [11] are selected on object 'Object Repository/Emergency/Page_KDMC - Emergency/select_--Select--Adernaline 0.'

2018-05-14 14:42:43 - [MESSAGE][PASSED] - All options with index in [11] are selected on object 'Object Repository/Emergency/Page_KDMC - Emergency/select_--Select--Adernaline 0.'

2018-05-14 14:42:43 - [TEST_STEP][PASSED] - setText: Text '10' is set on object 'Object Repository/Emergency/Page_KDMC - Emergency/input_txttreat'

2018-05-14 14:42:43 - [MESSAGE][PASSED] - Text '10' is set on object 'Object Repository/Emergency/Page_KDMC - Emergency/input_txttreat'

2018-05-14 14:42:43 - [TEST_STEP][PASSED] - click: Object: 'Object Repository/Emergency/Page_KDMC - Emergency/button_Add' is clicked on

2018-05-14 14:42:43 - [MESSAGE][PASSED] - Object: 'Object Repository/Emergency/Page_KDMC - Emergency/button_Add' is clicked on

2018-05-14 14:42:43 - [TEST_STEP][PASSED] - selectOptionByIndex: All options with index in [6] are selected on object 'Object Repository/Emergency/Page_KDMC - Emergency/select_--Select--Schedule 1Inj'

2018-05-14 14:42:44 - [MESSAGE][PASSED] - All options with index in [6] are selected on object 'Object Repository/Emergency/Page_KDMC - Emergency/select_--Select--Schedule 1Inj'

2018-05-14 14:42:44 - [TEST_STEP][PASSED] - selectOptionByIndex: All options with index in [12] are selected on object 'Object Repository/Emergency/Page_KDMC - Emergency/select_--Select--Adernaline 0.'

2018-05-14 14:42:44 - [MESSAGE][PASSED] - All options with index in [12] are selected on object 'Object Repository/Emergency/Page_KDMC - Emergency/select_--Select--Adernaline 0.'

2018-05-14 14:42:44 - [TEST_STEP][PASSED] - setText: Text '10' is set on object 'Object Repository/Emergency/Page_KDMC - Emergency/input_txttreat'

2018-05-14 14:42:44 - [MESSAGE][PASSED] - Text '10' is set on object 'Object Repository/Emergency/Page_KDMC - Emergency/input_txttreat'

2018-05-14 14:42:44 - [TEST_STEP][PASSED] - click: Object: 'Object Repository/Emergency/Page_KDMC - Emergency/button_Add' is clicked on

2018-05-14 14:42:44 - [MESSAGE][PASSED] - Object: 'Object Repository/Emergency/Page_KDMC - Emergency/button_Add' is clicked on

2018-05-14 14:42:44 - [TEST_STEP][PASSED] - selectOptionByIndex: All options with index in [6] are selected on object 'Object Repository/Emergency/Page_KDMC - Emergency/select_--Select--Schedule 1Inj'

2018-05-14 14:42:44 - [MESSAGE][PASSED] - All options with index in [6] are selected on object 'Object Repository/Emergency/Page_KDMC - Emergency/select_--Select--Schedule 1Inj'

2018-05-14 14:42:44 - [TEST_STEP][PASSED] - selectOptionByIndex: All options with index in [13] are selected on object 'Object Repository/Emergency/Page_KDMC - Emergency/select_--Select--Adernaline 0.'

2018-05-14 14:42:44 - [MESSAGE][PASSED] - All options with index in [13] are selected on object 'Object Repository/Emergency/Page_KDMC - Emergency/select_--Select--Adernaline 0.'

2018-05-14 14:42:44 - [TEST_STEP][PASSED] - setText: Text '10' is set on object 'Object Repository/Emergency/Page_KDMC - Emergency/input_txttreat'

2018-05-14 14:42:44 - [MESSAGE][PASSED] - Text '10' is set on object 'Object Repository/Emergency/Page_KDMC - Emergency/input_txttreat'

2018-05-14 14:42:44 - [TEST_STEP][PASSED] - click: Object: 'Object Repository/Emergency/Page_KDMC - Emergency/button_Add' is clicked on

2018-05-14 14:42:45 - [MESSAGE][PASSED] - Object: 'Object Repository/Emergency/Page_KDMC - Emergency/button_Add' is clicked on

2018-05-14 14:42:45 - [TEST_STEP][PASSED] - selectOptionByIndex: All options with index in [6] are selected on object 'Object Repository/Emergency/Page_KDMC - Emergency/select_--Select--Schedule 1Inj'

2018-05-14 14:42:45 - [MESSAGE][PASSED] - All options with index in [6] are selected on object 'Object Repository/Emergency/Page_KDMC - Emergency/select_--Select--Schedule 1Inj'

2018-05-14 14:42:45 - [TEST_STEP][PASSED] - selectOptionByIndex: All options with index in [14] are selected on object 'Object Repository/Emergency/Page_KDMC - Emergency/select_--Select--Adernaline 0.'

2018-05-14 14:42:45 - [MESSAGE][PASSED] - All options with index in [14] are selected on object 'Object Repository/Emergency/Page_KDMC - Emergency/select_--Select--Adernaline 0.'

2018-05-14 14:42:45 - [TEST_STEP][PASSED] - setText: Text '10' is set on object 'Object Repository/Emergency/Page_KDMC - Emergency/input_txttreat'

2018-05-14 14:42:45 - [MESSAGE][PASSED] - Text '10' is set on object 'Object Repository/Emergency/Page_KDMC - Emergency/input_txttreat'

2018-05-14 14:42:45 - [TEST_STEP][PASSED] - click: Object: 'Object Repository/Emergency/Page_KDMC - Emergency/button_Add' is clicked on

2018-05-14 14:42:45 - [MESSAGE][PASSED] - Object: 'Object Repository/Emergency/Page_KDMC - Emergency/button_Add' is clicked on

2018-05-14 14:42:45 - [TEST_STEP][PASSED] - selectOptionByIndex: All options with index in [6] are selected on object 'Object Repository/Emergency/Page_KDMC - Emergency/select_--Select--Schedule 1Inj'

2018-05-14 14:42:45 - [MESSAGE][PASSED] - All options with index in [6] are selected on object 'Object Repository/Emergency/Page_KDMC - Emergency/select_--Select--Schedule 1Inj'

2018-05-14 14:42:45 - [TEST_STEP][PASSED] - selectOptionByIndex: All options with index in [15] are selected on object 'Object Repository/Emergency/Page_KDMC - Emergency/select_--Select--Adernaline 0.'

2018-05-14 14:42:46 - [MESSAGE][PASSED] - All options with index in [15] are selected on object 'Object Repository/Emergency/Page_KDMC - Emergency/select_--Select--Adernaline 0.'

2018-05-14 14:42:46 - [TEST_STEP][PASSED] - setText: Text '10' is set on object 'Object Repository/Emergency/Page_KDMC - Emergency/input_txttreat'

2018-05-14 14:42:46 - [MESSAGE][PASSED] - Text '10' is set on object 'Object Repository/Emergency/Page_KDMC - Emergency/input_txttreat'

2018-05-14 14:42:46 - [TEST_STEP][PASSED] - click: Object: 'Object Repository/Emergency/Page_KDMC - Emergency/button_Add' is clicked on

2018-05-14 14:42:46 - [MESSAGE][PASSED] - Object: 'Object Repository/Emergency/Page_KDMC - Emergency/button_Add' is clicked on

2018-05-14 14:42:46 - [TEST_STEP][PASSED] - selectOptionByIndex: All options with index in [6] are selected on object 'Object Repository/Emergency/Page_KDMC - Emergency/select_--Select--Schedule 1Inj'

2018-05-14 14:42:46 - [MESSAGE][PASSED] - All options with index in [6] are selected on object 'Object Repository/Emergency/Page_KDMC - Emergency/select_--Select--Schedule 1Inj'

2018-05-14 14:42:46 - [TEST_STEP][PASSED] - selectOptionByIndex: All options with index in [16] are selected on object 'Object Repository/Emergency/Page_KDMC - Emergency/select_--Select--Adernaline 0.'

2018-05-14 14:42:47 - [MESSAGE][PASSED] - All options with index in [16] are selected on object 'Object Repository/Emergency/Page_KDMC - Emergency/select_--Select--Adernaline 0.'

2018-05-14 14:42:47 - [TEST_STEP][PASSED] - setText: Text '10' is set on object 'Object Repository/Emergency/Page_KDMC - Emergency/input_txttreat'

2018-05-14 14:42:47 - [MESSAGE][PASSED] - Text '10' is set on object 'Object Repository/Emergency/Page_KDMC - Emergency/input_txttreat'

2018-05-14 14:42:47 - [TEST_STEP][PASSED] - click: Object: 'Object Repository/Emergency/Page_KDMC - Emergency/button_Add' is clicked on

2018-05-14 14:42:47 - [MESSAGE][PASSED] - Object: 'Object Repository/Emergency/Page_KDMC - Emergency/button_Add' is clicked on

2018-05-14 14:42:47 - [TEST_STEP][PASSED] - selectOptionByIndex: All options with index in [6] are selected on object 'Object Repository/Emergency/Page_KDMC - Emergency/select_--Select--Schedule 1Inj'

2018-05-14 14:42:47 - [MESSAGE][PASSED] - All options with index in [6] are selected on object 'Object Repository/Emergency/Page_KDMC - Emergency/select_--Select--Schedule 1Inj'

2018-05-14 14:42:47 - [TEST_STEP][PASSED] - selectOptionByIndex: All options with index in [17] are selected on object 'Object Repository/Emergency/Page_KDMC - Emergency/select_--Select--Adernaline 0.'

2018-05-14 14:42:47 - [MESSAGE][PASSED] - All options with index in [17] are selected on object 'Object Repository/Emergency/Page_KDMC - Emergency/select_--Select--Adernaline 0.'

2018-05-14 14:42:47 - [TEST_STEP][PASSED] - setText: Text '10' is set on object 'Object Repository/Emergency/Page_KDMC - Emergency/input_txttreat'

2018-05-14 14:42:47 - [MESSAGE][PASSED] - Text '10' is set on object 'Object Repository/Emergency/Page_KDMC - Emergency/input_txttreat'

2018-05-14 14:42:47 - [TEST_STEP][PASSED] - click: Object: 'Object Repository/Emergency/Page_KDMC - Emergency/button_Add' is clicked on

2018-05-14 14:42:47 - [MESSAGE][PASSED] - Object: 'Object Repository/Emergency/Page_KDMC - Emergency/button_Add' is clicked on

2018-05-14 14:42:47 - [TEST_STEP][PASSED] - selectOptionByIndex: All options with index in [6] are selected on object 'Object Repository/Emergency/Page_KDMC - Emergency/select_--Select--Schedule 1Inj'

2018-05-14 14:42:48 - [MESSAGE][PASSED] - All options with index in [6] are selected on object 'Object Repository/Emergency/Page_KDMC - Emergency/select_--Select--Schedule 1Inj'

2018-05-14 14:42:48 - [TEST_STEP][PASSED] - selectOptionByIndex: All options with index in [18] are selected on object 'Object Repository/Emergency/Page_KDMC - Emergency/select_--Select--Adernaline 0.'

2018-05-14 14:42:48 - [MESSAGE][PASSED] - All options with index in [18] are selected on object 'Object Repository/Emergency/Page_KDMC - Emergency/select_--Select--Adernaline 0.'

2018-05-14 14:42:48 - [TEST_STEP][PASSED] - setText: Text '10' is set on object 'Object Repository/Emergency/Page_KDMC - Emergency/input_txttreat'

2018-05-14 14:42:48 - [MESSAGE][PASSED] - Text '10' is set on object 'Object Repository/Emergency/Page_KDMC - Emergency/input_txttreat'

2018-05-14 14:42:48 - [TEST_STEP][PASSED] - click: Object: 'Object Repository/Emergency/Page_KDMC - Emergency/button_Add' is clicked on

2018-05-14 14:42:48 - [MESSAGE][PASSED] - Object: 'Object Repository/Emergency/Page_KDMC - Emergency/button_Add' is clicked on

2018-05-14 14:42:48 - [TEST_STEP][PASSED] - selectOptionByIndex: All options with index in [6] are selected on object 'Object Repository/Emergency/Page_KDMC - Emergency/select_--Select--Schedule 1Inj'

2018-05-14 14:42:48 - [MESSAGE][PASSED] - All options with index in [6] are selected on object 'Object Repository/Emergency/Page_KDMC - Emergency/select_--Select--Schedule 1Inj'

2018-05-14 14:42:48 - [TEST_STEP][PASSED] - selectOptionByIndex: All options with index in [19] are selected on object 'Object Repository/Emergency/Page_KDMC - Emergency/select_--Select--Adernaline 0.'

2018-05-14 14:42:49 - [MESSAGE][PASSED] - All options with index in [19] are selected on object 'Object Repository/Emergency/Page_KDMC - Emergency/select_--Select--Adernaline 0.'

2018-05-14 14:42:49 - [TEST_STEP][PASSED] - setText: Text '10' is set on object 'Object Repository/Emergency/Page_KDMC - Emergency/input_txttreat'

2018-05-14 14:42:49 - [MESSAGE][PASSED] - Text '10' is set on object 'Object Repository/Emergency/Page_KDMC - Emergency/input_txttreat'

2018-05-14 14:42:49 - [TEST_STEP][PASSED] - click: Object: 'Object Repository/Emergency/Page_KDMC - Emergency/button_Add' is clicked on

2018-05-14 14:42:49 - [MESSAGE][PASSED] - Object: 'Object Repository/Emergency/Page_KDMC - Emergency/button_Add' is clicked on

2018-05-14 14:42:49 - [TEST_STEP][PASSED] - selectOptionByIndex: All options with index in [6] are selected on object 'Object Repository/Emergency/Page_KDMC - Emergency/select_--Select--Schedule 1Inj'

2018-05-14 14:42:49 - [MESSAGE][PASSED] - All options with index in [6] are selected on object 'Object Repository/Emergency/Page_KDMC - Emergency/select_--Select--Schedule 1Inj'

2018-05-14 14:42:49 - [TEST_STEP][PASSED] - selectOptionByIndex: All options with index in [20] are selected on object 'Object Repository/Emergency/Page_KDMC - Emergency/select_--Select--Adernaline 0.'

2018-05-14 14:42:49 - [MESSAGE][PASSED] - All options with index in [20] are selected on object 'Object Repository/Emergency/Page_KDMC - Emergency/select_--Select--Adernaline 0.'

2018-05-14 14:42:49 - [TEST_STEP][PASSED] - setText: Text '10' is set on object 'Object Repository/Emergency/Page_KDMC - Emergency/input_txttreat'

2018-05-14 14:42:49 - [MESSAGE][PASSED] - Text '10' is set on object 'Object Repository/Emergency/Page_KDMC - Emergency/input_txttreat'

2018-05-14 14:42:49 - [TEST_STEP][PASSED] - click: Object: 'Object Repository/Emergency/Page_KDMC - Emergency/button_Add' is clicked on

2018-05-14 14:42:49 - [MESSAGE][PASSED] - Object: 'Object Repository/Emergency/Page_KDMC - Emergency/button_Add' is clicked on

2018-05-14 14:42:49 - [TEST_STEP][PASSED] - selectOptionByIndex: All options with index in [6] are selected on object 'Object Repository/Emergency/Page_KDMC - Emergency/select_--Select--Schedule 1Inj'

2018-05-14 14:42:49 - [MESSAGE][PASSED] - All options with index in [6] are selected on object 'Object Repository/Emergency/Page_KDMC - Emergency/select_--Select--Schedule 1Inj'

2018-05-14 14:42:49 - [TEST_STEP][PASSED] - selectOptionByIndex: All options with index in [21] are selected on object 'Object Repository/Emergency/Page_KDMC - Emergency/select_--Select--Adernaline 0.'

2018-05-14 14:42:50 - [MESSAGE][PASSED] - All options with index in [21] are selected on object 'Object Repository/Emergency/Page_KDMC - Emergency/select_--Select--Adernaline 0.'

2018-05-14 14:42:50 - [TEST_STEP][PASSED] - setText: Text '10' is set on object 'Object Repository/Emergency/Page_KDMC - Emergency/input_txttreat'

2018-05-14 14:42:50 - [MESSAGE][PASSED] - Text '10' is set on object 'Object Repository/Emergency/Page_KDMC - Emergency/input_txttreat'

2018-05-14 14:42:50 - [TEST_STEP][PASSED] - click: Object: 'Object Repository/Emergency/Page_KDMC - Emergency/button_Add' is clicked on

2018-05-14 14:42:50 - [MESSAGE][PASSED] - Object: 'Object Repository/Emergency/Page_KDMC - Emergency/button_Add' is clicked on

2018-05-14 14:42:50 - [TEST_STEP][PASSED] - selectOptionByIndex: All options with index in [6] are selected on object 'Object Repository/Emergency/Page_KDMC - Emergency/select_--Select--Schedule 1Inj'

2018-05-14 14:42:50 - [MESSAGE][PASSED] - All options with index in [6] are selected on object 'Object Repository/Emergency/Page_KDMC - Emergency/select_--Select--Schedule 1Inj'

2018-05-14 14:42:50 - [TEST_STEP][PASSED] - selectOptionByIndex: All options with index in [22] are selected on object 'Object Repository/Emergency/Page_KDMC - Emergency/select_--Select--Adernaline 0.'

2018-05-14 14:42:50 - [MESSAGE][PASSED] - All options with index in [22] are selected on object 'Object Repository/Emergency/Page_KDMC - Emergency/select_--Select--Adernaline 0.'

2018-05-14 14:42:50 - [TEST_STEP][PASSED] - setText: Text '10' is set on object 'Object Repository/Emergency/Page_KDMC - Emergency/input_txttreat'

2018-05-14 14:42:50 - [MESSAGE][PASSED] - Text '10' is set on object 'Object Repository/Emergency/Page_KDMC - Emergency/input_txttreat'

2018-05-14 14:42:50 - [TEST_STEP][PASSED] - click: Object: 'Object Repository/Emergency/Page_KDMC - Emergency/button_Add' is clicked on

2018-05-14 14:42:51 - [MESSAGE][PASSED] - Object: 'Object Repository/Emergency/Page_KDMC - Emergency/button_Add' is clicked on

2018-05-14 14:42:51 - [TEST_STEP][PASSED] - selectOptionByIndex: All options with index in [6] are selected on object 'Object Repository/Emergency/Page_KDMC - Emergency/select_--Select--Schedule 1Inj'

2018-05-14 14:42:51 - [MESSAGE][PASSED] - All options with index in [6] are selected on object 'Object Repository/Emergency/Page_KDMC - Emergency/select_--Select--Schedule 1Inj'

2018-05-14 14:42:51 - [TEST_STEP][PASSED] - selectOptionByIndex: All options with index in [23] are selected on object 'Object Repository/Emergency/Page_KDMC - Emergency/select_--Select--Adernaline 0.'

2018-05-14 14:42:51 - [MESSAGE][PASSED] - All options with index in [23] are selected on object 'Object Repository/Emergency/Page_KDMC - Emergency/select_--Select--Adernaline 0.'

2018-05-14 14:42:51 - [TEST_STEP][PASSED] - setText: Text '10' is set on object 'Object Repository/Emergency/Page_KDMC - Emergency/input_txttreat'

2018-05-14 14:42:51 - [MESSAGE][PASSED] - Text '10' is set on object 'Object Repository/Emergency/Page_KDMC - Emergency/input_txttreat'

2018-05-14 14:42:51 - [TEST_STEP][PASSED] - click: Object: 'Object Repository/Emergency/Page_KDMC - Emergency/button_Add' is clicked on

2018-05-14 14:42:51 - [MESSAGE][PASSED] - Object: 'Object Repository/Emergency/Page_KDMC - Emergency/button_Add' is clicked on

2018-05-14 14:42:51 - [TEST_STEP][PASSED] - selectOptionByIndex: All options with index in [6] are selected on object 'Object Repository/Emergency/Page_KDMC - Emergency/select_--Select--Schedule 1Inj'

2018-05-14 14:42:51 - [MESSAGE][PASSED] - All options with index in [6] are selected on object 'Object Repository/Emergency/Page_KDMC - Emergency/select_--Select--Schedule 1Inj'

2018-05-14 14:42:51 - [TEST_STEP][PASSED] - selectOptionByIndex: All options with index in [24] are selected on object 'Object Repository/Emergency/Page_KDMC - Emergency/select_--Select--Adernaline 0.'

2018-05-14 14:42:52 - [MESSAGE][PASSED] - All options with index in [24] are selected on object 'Object Repository/Emergency/Page_KDMC - Emergency/select_--Select--Adernaline 0.'

2018-05-14 14:42:52 - [TEST_STEP][PASSED] - setText: Text '10' is set on object 'Object Repository/Emergency/Page_KDMC - Emergency/input_txttreat'

2018-05-14 14:42:52 - [MESSAGE][PASSED] - Text '10' is set on object 'Object Repository/Emergency/Page_KDMC - Emergency/input_txttreat'

2018-05-14 14:42:52 - [TEST_STEP][PASSED] - click: Object: 'Object Repository/Emergency/Page_KDMC - Emergency/button_Add' is clicked on

2018-05-14 14:42:52 - [MESSAGE][PASSED] - Object: 'Object Repository/Emergency/Page_KDMC - Emergency/button_Add' is clicked on

2018-05-14 14:42:52 - [TEST_STEP][PASSED] - selectOptionByIndex: All options with index in [6] are selected on object 'Object Repository/Emergency/Page_KDMC - Emergency/select_--Select--Schedule 1Inj'

2018-05-14 14:42:52 - [MESSAGE][PASSED] - All options with index in [6] are selected on object 'Object Repository/Emergency/Page_KDMC - Emergency/select_--Select--Schedule 1Inj'

2018-05-14 14:42:52 - [TEST_STEP][PASSED] - selectOptionByIndex: All options with index in [25] are selected on object 'Object Repository/Emergency/Page_KDMC - Emergency/select_--Select--Adernaline 0.'

2018-05-14 14:42:53 - [MESSAGE][PASSED] - All options with index in [25] are selected on object 'Object Repository/Emergency/Page_KDMC - Emergency/select_--Select--Adernaline 0.'

2018-05-14 14:42:53 - [TEST_STEP][PASSED] - setText: Text '10' is set on object 'Object Repository/Emergency/Page_KDMC - Emergency/input_txttreat'

2018-05-14 14:42:53 - [MESSAGE][PASSED] - Text '10' is set on object 'Object Repository/Emergency/Page_KDMC - Emergency/input_txttreat'

2018-05-14 14:42:53 - [TEST_STEP][PASSED] - click: Object: 'Object Repository/Emergency/Page_KDMC - Emergency/button_Add' is clicked on

2018-05-14 14:42:53 - [MESSAGE][PASSED] - Object: 'Object Repository/Emergency/Page_KDMC - Emergency/button_Add' is clicked on

2018-05-14 14:42:53 - [TEST_STEP][PASSED] - selectOptionByIndex: All options with index in [6] are selected on object 'Object Repository/Emergency/Page_KDMC - Emergency/select_--Select--Schedule 1Inj'

2018-05-14 14:42:53 - [MESSAGE][PASSED] - All options with index in [6] are selected on object 'Object Repository/Emergency/Page_KDMC - Emergency/select_--Select--Schedule 1Inj'

2018-05-14 14:42:53 - [TEST_STEP][PASSED] - selectOptionByIndex: All options with index in [26] are selected on object 'Object Repository/Emergency/Page_KDMC - Emergency/select_--Select--Adernaline 0.'

2018-05-14 14:42:53 - [MESSAGE][PASSED] - All options with index in [26] are selected on object 'Object Repository/Emergency/Page_KDMC - Emergency/select_--Select--Adernaline 0.'

2018-05-14 14:42:53 - [TEST_STEP][PASSED] - setText: Text '10' is set on object 'Object Repository/Emergency/Page_KDMC - Emergency/input_txttreat'

2018-05-14 14:42:53 - [MESSAGE][PASSED] - Text '10' is set on object 'Object Repository/Emergency/Page_KDMC - Emergency/input_txttreat'

2018-05-14 14:42:53 - [TEST_STEP][PASSED] - click: Object: 'Object Repository/Emergency/Page_KDMC - Emergency/button_Add' is clicked on

2018-05-14 14:42:54 - [MESSAGE][PASSED] - Object: 'Object Repository/Emergency/Page_KDMC - Emergency/button_Add' is clicked on

2018-05-14 14:42:54 - [TEST_STEP][PASSED] - selectOptionByIndex: All options with index in [6] are selected on object 'Object Repository/Emergency/Page_KDMC - Emergency/select_--Select--Schedule 1Inj'

2018-05-14 14:42:54 - [MESSAGE][PASSED] - All options with index in [6] are selected on object 'Object Repository/Emergency/Page_KDMC - Emergency/select_--Select--Schedule 1Inj'

2018-05-14 14:42:54 - [TEST_STEP][PASSED] - selectOptionByIndex: All options with index in [27] are selected on object 'Object Repository/Emergency/Page_KDMC - Emergency/select_--Select--Adernaline 0.'

2018-05-14 14:42:54 - [MESSAGE][PASSED] - All options with index in [27] are selected on object 'Object Repository/Emergency/Page_KDMC - Emergency/select_--Select--Adernaline 0.'

2018-05-14 14:42:54 - [TEST_STEP][PASSED] - setText: Text '10' is set on object 'Object Repository/Emergency/Page_KDMC - Emergency/input_txttreat'

2018-05-14 14:42:54 - [MESSAGE][PASSED] - Text '10' is set on object 'Object Repository/Emergency/Page_KDMC - Emergency/input_txttreat'

2018-05-14 14:42:54 - [TEST_STEP][PASSED] - click: Object: 'Object Repository/Emergency/Page_KDMC - Emergency/button_Add' is clicked on

2018-05-14 14:42:54 - [MESSAGE][PASSED] - Object: 'Object Repository/Emergency/Page_KDMC - Emergency/button_Add' is clicked on

2018-05-14 14:42:54 - [TEST_STEP][PASSED] - selectOptionByIndex: All options with index in [6] are selected on object 'Object Repository/Emergency/Page_KDMC - Emergency/select_--Select--Schedule 1Inj'

2018-05-14 14:42:54 - [MESSAGE][PASSED] - All options with index in [6] are selected on object 'Object Repository/Emergency/Page_KDMC - Emergency/select_--Select--Schedule 1Inj'

2018-05-14 14:42:54 - [TEST_STEP][PASSED] - selectOptionByIndex: All options with index in [28] are selected on object 'Object Repository/Emergency/Page_KDMC - Emergency/select_--Select--Adernaline 0.'

2018-05-14 14:42:55 - [MESSAGE][PASSED] - All options with index in [28] are selected on object 'Object Repository/Emergency/Page_KDMC - Emergency/select_--Select--Adernaline 0.'

2018-05-14 14:42:55 - [TEST_STEP][PASSED] - setText: Text '10' is set on object 'Object Repository/Emergency/Page_KDMC - Emergency/input_txttreat'

2018-05-14 14:42:55 - [MESSAGE][PASSED] - Text '10' is set on object 'Object Repository/Emergency/Page_KDMC - Emergency/input_txttreat'

2018-05-14 14:42:55 - [TEST_STEP][PASSED] - click: Object: 'Object Repository/Emergency/Page_KDMC - Emergency/button_Add' is clicked on

2018-05-14 14:42:55 - [MESSAGE][PASSED] - Object: 'Object Repository/Emergency/Page_KDMC - Emergency/button_Add' is clicked on

2018-05-14 14:42:55 - [TEST_STEP][PASSED] - selectOptionByIndex: All options with index in [6] are selected on object 'Object Repository/Emergency/Page_KDMC - Emergency/select_--Select--Schedule 1Inj'

2018-05-14 14:42:55 - [MESSAGE][PASSED] - All options with index in [6] are selected on object 'Object Repository/Emergency/Page_KDMC - Emergency/select_--Select--Schedule 1Inj'

2018-05-14 14:42:55 - [TEST_STEP][PASSED] - selectOptionByIndex: All options with index in [29] are selected on object 'Object Repository/Emergency/Page_KDMC - Emergency/select_--Select--Adernaline 0.'

2018-05-14 14:42:55 - [MESSAGE][PASSED] - All options with index in [29] are selected on object 'Object Repository/Emergency/Page_KDMC - Emergency/select_--Select--Adernaline 0.'

2018-05-14 14:42:55 - [TEST_STEP][PASSED] - setText: Text '10' is set on object 'Object Repository/Emergency/Page_KDMC - Emergency/input_txttreat'

2018-05-14 14:42:56 - [MESSAGE][PASSED] - Text '10' is set on object 'Object Repository/Emergency/Page_KDMC - Emergency/input_txttreat'

2018-05-14 14:42:56 - [TEST_STEP][PASSED] - click: Object: 'Object Repository/Emergency/Page_KDMC - Emergency/button_Add' is clicked on

2018-05-14 14:42:56 - [MESSAGE][PASSED] - Object: 'Object Repository/Emergency/Page_KDMC - Emergency/button_Add' is clicked on

2018-05-14 14:42:56 - [TEST_STEP][PASSED] - selectOptionByIndex: All options with index in [6] are selected on object 'Object Repository/Emergency/Page_KDMC - Emergency/select_--Select--Schedule 1Inj'

2018-05-14 14:42:56 - [MESSAGE][PASSED] - All options with index in [6] are selected on object 'Object Repository/Emergency/Page_KDMC - Emergency/select_--Select--Schedule 1Inj'

2018-05-14 14:42:56 - [TEST_STEP][PASSED] - selectOptionByIndex: All options with index in [30] are selected on object 'Object Repository/Emergency/Page_KDMC - Emergency/select_--Select--Adernaline 0.'

2018-05-14 14:42:56 - [MESSAGE][PASSED] - All options with index in [30] are selected on object 'Object Repository/Emergency/Page_KDMC - Emergency/select_--Select--Adernaline 0.'

2018-05-14 14:42:56 - [TEST_STEP][PASSED] - setText: Text '10' is set on object 'Object Repository/Emergency/Page_KDMC - Emergency/input_txttreat'

2018-05-14 14:42:56 - [MESSAGE][PASSED] - Text '10' is set on object 'Object Repository/Emergency/Page_KDMC - Emergency/input_txttreat'

2018-05-14 14:42:56 - [TEST_STEP][PASSED] - click: Object: 'Object Repository/Emergency/Page_KDMC - Emergency/button_Add' is clicked on

2018-05-14 14:42:56 - [MESSAGE][PASSED] - Object: 'Object Repository/Emergency/Page_KDMC - Emergency/button_Add' is clicked on

2018-05-14 14:42:56 - [TEST_STEP][PASSED] - selectOptionByIndex: All options with index in [6] are selected on object 'Object Repository/Emergency/Page_KDMC - Emergency/select_--Select--Schedule 1Inj'

2018-05-14 14:42:57 - [MESSAGE][PASSED] - All options with index in [6] are selected on object 'Object Repository/Emergency/Page_KDMC - Emergency/select_--Select--Schedule 1Inj'

2018-05-14 14:42:57 - [TEST_STEP][PASSED] - selectOptionByIndex: All options with index in [31] are selected on object 'Object Repository/Emergency/Page_KDMC - Emergency/select_--Select--Adernaline 0.'

2018-05-14 14:42:57 - [MESSAGE][PASSED] - All options with index in [31] are selected on object 'Object Repository/Emergency/Page_KDMC - Emergency/select_--Select--Adernaline 0.'

2018-05-14 14:42:57 - [TEST_STEP][PASSED] - setText: Text '10' is set on object 'Object Repository/Emergency/Page_KDMC - Emergency/input_txttreat'

2018-05-14 14:42:57 - [MESSAGE][PASSED] - Text '10' is set on object 'Object Repository/Emergency/Page_KDMC - Emergency/input_txttreat'

2018-05-14 14:42:57 - [TEST_STEP][PASSED] - click: Object: 'Object Repository/Emergency/Page_KDMC - Emergency/button_Add' is clicked on

2018-05-14 14:42:57 - [MESSAGE][PASSED] - Object: 'Object Repository/Emergency/Page_KDMC - Emergency/button_Add' is clicked on

2018-05-14 14:42:57 - [TEST_STEP][PASSED] - selectOptionByIndex: All options with index in [6] are selected on object 'Object Repository/Emergency/Page_KDMC - Emergency/select_--Select--Schedule 1Inj'

2018-05-14 14:42:57 - [MESSAGE][PASSED] - All options with index in [6] are selected on object 'Object Repository/Emergency/Page_KDMC - Emergency/select_--Select--Schedule 1Inj'

2018-05-14 14:42:57 - [TEST_STEP][PASSED] - selectOptionByIndex: All options with index in [32] are selected on object 'Object Repository/Emergency/Page_KDMC - Emergency/select_--Select--Adernaline 0.'

2018-05-14 14:42:58 - [MESSAGE][PASSED] - All options with index in [32] are selected on object 'Object Repository/Emergency/Page_KDMC - Emergency/select_--Select--Adernaline 0.'

2018-05-14 14:42:58 - [TEST_STEP][PASSED] - setText: Text '10' is set on object 'Object Repository/Emergency/Page_KDMC - Emergency/input_txttreat'

2018-05-14 14:42:58 - [MESSAGE][PASSED] - Text '10' is set on object 'Object Repository/Emergency/Page_KDMC - Emergency/input_txttreat'

2018-05-14 14:42:58 - [TEST_STEP][PASSED] - click: Object: 'Object Repository/Emergency/Page_KDMC - Emergency/button_Add' is clicked on

2018-05-14 14:42:58 - [MESSAGE][PASSED] - Object: 'Object Repository/Emergency/Page_KDMC - Emergency/button_Add' is clicked on

2018-05-14 14:42:58 - [TEST_STEP][PASSED] - selectOptionByIndex: All options with index in [6] are selected on object 'Object Repository/Emergency/Page_KDMC - Emergency/select_--Select--Schedule 1Inj'

2018-05-14 14:42:58 - [MESSAGE][PASSED] - All options with index in [6] are selected on object 'Object Repository/Emergency/Page_KDMC - Emergency/select_--Select--Schedule 1Inj'

2018-05-14 14:42:58 - [TEST_STEP][PASSED] - selectOptionByIndex: All options with index in [33] are selected on object 'Object Repository/Emergency/Page_KDMC - Emergency/select_--Select--Adernaline 0.'

2018-05-14 14:42:59 - [MESSAGE][PASSED] - All options with index in [33] are selected on object 'Object Repository/Emergency/Page_KDMC - Emergency/select_--Select--Adernaline 0.'

2018-05-14 14:42:59 - [TEST_STEP][PASSED] - setText: Text '10' is set on object 'Object Repository/Emergency/Page_KDMC - Emergency/input_txttreat'

2018-05-14 14:42:59 - [MESSAGE][PASSED] - Text '10' is set on object 'Object Repository/Emergency/Page_KDMC - Emergency/input_txttreat'

2018-05-14 14:42:59 - [TEST_STEP][PASSED] - click: Object: 'Object Repository/Emergency/Page_KDMC - Emergency/button_Add' is clicked on

2018-05-14 14:42:59 - [MESSAGE][PASSED] - Object: 'Object Repository/Emergency/Page_KDMC - Emergency/button_Add' is clicked on

2018-05-14 14:42:59 - [TEST_STEP][PASSED] - selectOptionByIndex: All options with index in [6] are selected on object 'Object Repository/Emergency/Page_KDMC - Emergency/select_--Select--Schedule 1Inj'

2018-05-14 14:42:59 - [MESSAGE][PASSED] - All options with index in [6] are selected on object 'Object Repository/Emergency/Page_KDMC - Emergency/select_--Select--Schedule 1Inj'

2018-05-14 14:42:59 - [TEST_STEP][PASSED] - selectOptionByIndex: All options with index in [34] are selected on object 'Object Repository/Emergency/Page_KDMC - Emergency/select_--Select--Adernaline 0.'

2018-05-14 14:42:59 - [MESSAGE][PASSED] - All options with index in [34] are selected on object 'Object Repository/Emergency/Page_KDMC - Emergency/select_--Select--Adernaline 0.'

2018-05-14 14:42:59 - [TEST_STEP][PASSED] - setText: Text '10' is set on object 'Object Repository/Emergency/Page_KDMC - Emergency/input_txttreat'

2018-05-14 14:42:59 - [MESSAGE][PASSED] - Text '10' is set on object 'Object Repository/Emergency/Page_KDMC - Emergency/input_txttreat'

2018-05-14 14:42:59 - [TEST_STEP][PASSED] - click: Object: 'Object Repository/Emergency/Page_KDMC - Emergency/button_Add' is clicked on

2018-05-14 14:43:00 - [MESSAGE][PASSED] - Object: 'Object Repository/Emergency/Page_KDMC - Emergency/button_Add' is clicked on

2018-05-14 14:43:00 - [TEST_STEP][PASSED] - selectOptionByIndex: All options with index in [6] are selected on object 'Object Repository/Emergency/Page_KDMC - Emergency/select_--Select--Schedule 1Inj'

2018-05-14 14:43:00 - [MESSAGE][PASSED] - All options with index in [6] are selected on object 'Object Repository/Emergency/Page_KDMC - Emergency/select_--Select--Schedule 1Inj'

2018-05-14 14:43:00 - [TEST_STEP][PASSED] - selectOptionByIndex: All options with index in [35] are selected on object 'Object Repository/Emergency/Page_KDMC - Emergency/select_--Select--Adernaline 0.'

2018-05-14 14:43:00 - [MESSAGE][PASSED] - All options with index in [35] are selected on object 'Object Repository/Emergency/Page_KDMC - Emergency/select_--Select--Adernaline 0.'

2018-05-14 14:43:00 - [TEST_STEP][PASSED] - setText: Text '10' is set on object 'Object Repository/Emergency/Page_KDMC - Emergency/input_txttreat'

2018-05-14 14:43:00 - [MESSAGE][PASSED] - Text '10' is set on object 'Object Repository/Emergency/Page_KDMC - Emergency/input_txttreat'

2018-05-14 14:43:00 - [TEST_STEP][PASSED] - click: Object: 'Object Repository/Emergency/Page_KDMC - Emergency/button_Add' is clicked on

2018-05-14 14:43:00 - [MESSAGE][PASSED] - Object: 'Object Repository/Emergency/Page_KDMC - Emergency/button_Add' is clicked on

2018-05-14 14:43:00 - [TEST_STEP][PASSED] - scrollToElement: Scroll to object 'Object Repository/Emergency/Page_KDMC - Emergency/input_btnsave' successfully

2018-05-14 14:43:00 - [MESSAGE][PASSED] - Scroll to object 'Object Repository/Emergency/Page_KDMC - Emergency/input_btnsave' successfully

2018-05-14 14:43:00 - [TEST_STEP][PASSED] - click: Object: 'Object Repository/Emergency/Page_KDMC - Emergency/input_btnsave' is clicked on

2018-05-14 14:43:00 - [MESSAGE][PASSED] - Object: 'Object Repository/Emergency/Page_KDMC - Emergency/input_btnsave' is clicked on

2018-05-14 14:43:00 - [TEST_STEP][PASSED] - delay: Delayed 3 second(s)

2018-05-14 14:43:03 - [MESSAGE][PASSED] - Delayed 3 second(s)

2018-05-14 14:43:03 - [TEST_STEP][PASSED] - Statement - RequestNumber = com.kms.katalon.core.webui.keyword.WebUiBuiltInKeywords.getText(com.kms.katalon.core.testobject.ObjectRepository.findTestObject(Emergency/Page_KDMC - Emergency/font_ERNO100520183)): Text of object 'Object Repository/Emergency/Page_KDMC - Emergency/font_ERNO100520183' is: 'ERNO/14052018/52'

2018-05-14 14:43:04 - [MESSAGE][PASSED] - Text of object 'Object Repository/Emergency/Page_KDMC - Emergency/font_ERNO100520183' is: 'ERNO/14052018/52'

2018-05-14 14:43:04 - [TEST_STEP][PASSED] - Statement - Rno = RequestNumber.split("/")[2]: null

2018-05-14 14:43:04 - [TEST_STEP][PASSED] - Statement - out.println(Rno): null

2018-05-14 14:43:04 - [TEST_STEP][PASSED] - click: Object: 'Object Repository/Emergency/Page_KDMC - Emergency/button_OK' is clicked on

2018-05-14 14:43:05 - [MESSAGE][PASSED] - Object: 'Object Repository/Emergency/Page_KDMC - Emergency/button_OK' is clicked on

2018-05-14 14:43:05 - [TEST_STEP][PASSED] - delay: Delayed 3 second(s)

2018-05-14 14:43:08 - [MESSAGE][PASSED] - Delayed 3 second(s)

2018-05-14 14:43:08 - [TEST_STEP][PASSED] - click: Object: 'Object Repository/Emergency/Page_KDMC - Emergency/a_dropdown-toggle' is clicked on

2018-05-14 14:43:08 - [MESSAGE][PASSED] - Object: 'Object Repository/Emergency/Page_KDMC - Emergency/a_dropdown-toggle' is clicked on

2018-05-14 14:43:08 - [TEST_STEP][PASSED] - click: Object: 'Object Repository/Emergency/Page_KDMC - Emergency/a_Sign out' is clicked on

2018-05-14 14:43:08 - [MESSAGE][PASSED] - Object: 'Object Repository/Emergency/Page_KDMC - Emergency/a_Sign out' is clicked on

2018-05-14 14:43:08 - [TEST_STEP][PASSED] - delay: Delayed 3 second(s)

2018-05-14 14:43:11 - [MESSAGE][PASSED] - Delayed 3 second(s)

2018-05-14 14:43:11 - [TEST_STEP][PASSED] - click: Object: 'Object Repository/Emergency/Page_KDMC/a_CMO' is clicked on

2018-05-14 14:43:12 - [MESSAGE][PASSED] - Object: 'Object Repository/Emergency/Page_KDMC/a_CMO' is clicked on

2018-05-14 14:43:12 - [TEST_STEP][PASSED] - setText: Text 'guru' is set on object 'Object Repository/Emergency/Page_CMO login/input_txtusername'

2018-05-14 14:43:12 - [MESSAGE][PASSED] - Text 'guru' is set on object 'Object Repository/Emergency/Page_CMO login/input_txtusername'

2018-05-14 14:43:12 - [TEST_STEP][PASSED] - setText: Text '123' is set on object 'Object Repository/Emergency/Page_CMO login/input_txtpassword'

2018-05-14 14:43:13 - [MESSAGE][PASSED] - Text '123' is set on object 'Object Repository/Emergency/Page_CMO login/input_txtpassword'

2018-05-14 14:43:13 - [TEST_STEP][PASSED] - delay: Delayed 3 second(s)

2018-05-14 14:43:16 - [MESSAGE][PASSED] - Delayed 3 second(s)

2018-05-14 14:43:16 - [TEST_STEP][PASSED] - click: Object: 'Object Repository/Emergency/Page_CMO login/button_Sign in' is clicked on

2018-05-14 14:43:20 - [MESSAGE][PASSED] - Object: 'Object Repository/Emergency/Page_CMO login/button_Sign in' is clicked on

2018-05-14 14:43:20 - [TEST_STEP][PASSED] - delay: Delayed 2 second(s)

2018-05-14 14:43:22 - [MESSAGE][PASSED] - Delayed 2 second(s)

2018-05-14 14:43:22 - [TEST_STEP][PASSED] - click: Object: 'Object Repository/Emergency/Page_KDMC - CMO/a_Department Wise Request' is clicked on

2018-05-14 14:43:30 - [MESSAGE][PASSED] - Object: 'Object Repository/Emergency/Page_KDMC - CMO/a_Department Wise Request' is clicked on

2018-05-14 14:43:30 - [TEST_STEP][PASSED] - selectOptionByIndex: All options with index in [7] are selected on object 'Object Repository/Emergency/Page_KDMC - CMO/select_--ALL--'

2018-05-14 14:43:30 - [MESSAGE][PASSED] - All options with index in [7] are selected on object 'Object Repository/Emergency/Page_KDMC - CMO/select_--ALL--'

2018-05-14 14:43:30 - [TEST_STEP][PASSED] - selectOptionByIndex: All options with index in [1] are selected on object 'Object Repository/Emergency/Page_KDMC - CMO/select_--ALL--                _1'

2018-05-14 14:43:30 - [MESSAGE][PASSED] - All options with index in [1] are selected on object 'Object Repository/Emergency/Page_KDMC - CMO/select_--ALL--                _1'

2018-05-14 14:43:30 - [TEST_STEP][PASSED] - click: Object: 'Object Repository/Emergency/Page_KDMC - CMO/input_btnsearch' is clicked on

2018-05-14 14:43:30 - [MESSAGE][PASSED] - Object: 'Object Repository/Emergency/Page_KDMC - CMO/input_btnsearch' is clicked on

2018-05-14 14:43:30 - [TEST_STEP][PASSED] - Statement - ID = com.kms.katalon.core.webui.keyword.WebUiBuiltInKeywords.modifyObjectProperty(com.kms.katalon.core.testobject.ObjectRepository.findTestObject(Emergency/Page_KDMC - CMO/input_3), "xpath", "equals", "//*[@id=" + Rno + "]", true): Modify property of object successfully

2018-05-14 14:43:30 - [MESSAGE][PASSED] - Modify property of object successfully

2018-05-14 14:43:30 - [TEST_STEP][PASSED] - click: Object: 'Object Repository/Emergency/Page_KDMC - CMO/input_3' is clicked on

2018-05-14 14:43:31 - [MESSAGE][PASSED] - Object: 'Object Repository/Emergency/Page_KDMC - CMO/input_3' is clicked on

2018-05-14 14:43:31 - [TEST_STEP][PASSED] - delay: Delayed 2 second(s)

2018-05-14 14:43:33 - [MESSAGE][PASSED] - Delayed 2 second(s)

2018-05-14 14:43:33 - [TEST_STEP][PASSED] - selectOptionByIndex: All options with index in [1] are selected on object 'Object Repository/Emergency/Page_KDMC - CMO/select_--Select--'

2018-05-14 14:43:33 - [MESSAGE][PASSED] - All options with index in [1] are selected on object 'Object Repository/Emergency/Page_KDMC - CMO/select_--Select--'

2018-05-14 14:43:33 - [TEST_STEP][PASSED] - click: Object: 'Object Repository/Emergency/Page_KDMC - CMO/input_btnupdate' is clicked on

2018-05-14 14:43:33 - [MESSAGE][PASSED] - Object: 'Object Repository/Emergency/Page_KDMC - CMO/input_btnupdate' is clicked on

2018-05-14 14:43:33 - [TEST_STEP][PASSED] - delay: Delayed 2 second(s)

2018-05-14 14:43:35 - [MESSAGE][PASSED] - Delayed 2 second(s)

2018-05-14 14:43:35 - [TEST_STEP][PASSED] - click: Object: 'Object Repository/Emergency/Page_KDMC - CMO/button_OK' is clicked on

2018-05-14 14:43:36 - [MESSAGE][PASSED] - Object: 'Object Repository/Emergency/Page_KDMC - CMO/button_OK' is clicked on

2018-05-14 14:43:36 - [TEST_STEP][PASSED] - delay: Delayed 2 second(s)

2018-05-14 14:43:38 - [MESSAGE][PASSED] - Delayed 2 second(s)

2018-05-14 14:43:38 - [TEST_STEP][PASSED] - click: Object: 'Object Repository/Emergency/Page_KDMC - CMO/a_dropdown-toggle' is clicked on

2018-05-14 14:43:38 - [MESSAGE][PASSED] - Object: 'Object Repository/Emergency/Page_KDMC - CMO/a_dropdown-toggle' is clicked on

2018-05-14 14:43:38 - [TEST_STEP][PASSED] - click: Object: 'Object Repository/Emergency/Page_KDMC - CMO/a_Sign out' is clicked on

2018-05-14 14:43:39 - [MESSAGE][PASSED] - Object: 'Object Repository/Emergency/Page_KDMC - CMO/a_Sign out' is clicked on

2018-05-14 14:43:39 - [TEST_STEP][PASSED] - delay: Delayed 3 second(s)

2018-05-14 14:43:42 - [MESSAGE][PASSED] - Delayed 3 second(s)

2018-05-14 14:43:42 - [TEST_STEP][PASSED] - click: Object: 'Object Repository/Emergency/Page_KDMC/a_Divisional Store' is clicked on

2018-05-14 14:43:43 - [MESSAGE][PASSED] - Object: 'Object Repository/Emergency/Page_KDMC/a_Divisional Store' is clicked on

2018-05-14 14:43:43 - [TEST_STEP][PASSED] - setText: Text 'ragu' is set on object 'Object Repository/Emergency/Page_Divisonal Store Login/input_txtusername'

2018-05-14 14:43:43 - [MESSAGE][PASSED] - Text 'ragu' is set on object 'Object Repository/Emergency/Page_Divisonal Store Login/input_txtusername'

2018-05-14 14:43:43 - [TEST_STEP][PASSED] - setText: Text '123' is set on object 'Object Repository/Emergency/Page_Divisonal Store Login/input_txtpassword'

2018-05-14 14:43:43 - [MESSAGE][PASSED] - Text '123' is set on object 'Object Repository/Emergency/Page_Divisonal Store Login/input_txtpassword'

2018-05-14 14:43:43 - [TEST_STEP][PASSED] - delay: Delayed 3 second(s)

2018-05-14 14:43:46 - [MESSAGE][PASSED] - Delayed 3 second(s)

2018-05-14 14:43:46 - [TEST_STEP][PASSED] - click: Object: 'Object Repository/Emergency/Page_Divisonal Store Login/button_Sign in' is clicked on

2018-05-14 14:43:47 - [MESSAGE][PASSED] - Object: 'Object Repository/Emergency/Page_Divisonal Store Login/button_Sign in' is clicked on

2018-05-14 14:43:47 - [TEST_STEP][PASSED] - delay: Delayed 2 second(s)

2018-05-14 14:43:49 - [MESSAGE][PASSED] - Delayed 2 second(s)

2018-05-14 14:43:49 - [TEST_STEP][PASSED] - click: Object: 'Object Repository/Emergency/Page_Store/a_Emergency Request' is clicked on

2018-05-14 14:43:49 - [MESSAGE][PASSED] - Object: 'Object Repository/Emergency/Page_Store/a_Emergency Request' is clicked on

2018-05-14 14:43:49 - [TEST_STEP][PASSED] - click: Object: 'Object Repository/Emergency/Page_Store/a_Request Item Emergency' is clicked on

2018-05-14 14:43:51 - [MESSAGE][PASSED] - Object: 'Object Repository/Emergency/Page_Store/a_Request Item Emergency' is clicked on

2018-05-14 14:43:51 - [TEST_STEP][PASSED] - setText: Text '52' is set on object 'Object Repository/Emergency/Page_Store/input'

2018-05-14 14:43:51 - [MESSAGE][PASSED] - Text '52' is set on object 'Object Repository/Emergency/Page_Store/input'

2018-05-14 14:43:51 - [TEST_STEP][PASSED] - Statement - ChooseRequest = com.kms.katalon.core.webui.keyword.WebUiBuiltInKeywords.modifyObjectProperty(com.kms.katalon.core.testobject.ObjectRepository.findTestObject(Emergency/Page_Store/input_3), "xpath", "equals", "//*[@id=" + Rno + "]", true): Modify property of object successfully

2018-05-14 14:43:51 - [MESSAGE][PASSED] - Modify property of object successfully

2018-05-14 14:43:51 - [TEST_STEP][PASSED] - click: Object: 'Object Repository/Emergency/Page_Store/input_3' is clicked on

2018-05-14 14:43:53 - [MESSAGE][PASSED] - Object: 'Object Repository/Emergency/Page_Store/input_3' is clicked on

2018-05-14 14:43:53 - [TEST_STEP][PASSED] - delay: Delayed 2 second(s)

2018-05-14 14:43:55 - [MESSAGE][PASSED] - Delayed 2 second(s)

2018-05-14 14:43:55 - [TEST_STEP][PASSED] - Statement - selectedoptions1 = com.kms.katalon.core.webui.keyword.WebUiBuiltInKeywords.getNumberOfTotalOption(com.kms.katalon.core.testobject.ObjectRepository.findTestObject(Emergency/Page_Store/select_--Select--Amikacin -500)): 36 options of object 'Object Repository/Emergency/Page_Store/select_--Select--Amikacin -500' counted

2018-05-14 14:43:55 - [MESSAGE][PASSED] - 36 options of object 'Object Repository/Emergency/Page_Store/select_--Select--Amikacin -500' counted

2018-05-14 14:43:55 - [TEST_STEP][FAILED] - Statement - For ([a = 1, a < selectedoptions1 - 1, (a++)]): Unable to select option by index '21' of object 'Object Repository/Emergency/Page_Store/select_--Select--Amikacin -500' (Root cause: org.openqa.selenium.UnhandledAlertException: unexpected alert open
  (Session info: chrome=66.0.3359.139)
  (Driver info: chromedriver=2.35.528161 (5b82f2d2aae0ca24b877009200ced9065a772e73),platform=Windows NT 10.0.16299 x86_64) (WARNING: The server did not provide any stacktrace information)
Command duration or timeout: 0 milliseconds: null
Build info: version: '3.7.1', revision: '8a0099a', time: '2017-11-06T21:07:36.161Z'
System info: host: 'DESKTOP-BLFTK83', ip: '192.168.71.2', os.name: 'Windows 10', os.arch: 'amd64', os.version: '10.0', java.version: '1.8.0_102'
Driver info: com.kms.katalon.selenium.driver.CChromeDriver
Capabilities {acceptInsecureCerts: false, acceptSslCerts: false, applicationCacheEnabled: false, browserConnectionEnabled: false, browserName: chrome, chrome: {chromedriverVersion: 2.35.528161 (5b82f2d2aae0ca..., userDataDir: C:\Users\QUALIT~1\AppData\L...}, cssSelectorsEnabled: true, databaseEnabled: false, handlesAlerts: true, hasTouchScreen: false, javascriptEnabled: true, locationContextEnabled: true, mobileEmulationEnabled: false, nativeEvents: true, networkConnectionEnabled: false, pageLoadStrategy: normal, platform: XP, platformName: XP, rotatable: false, setWindowRect: true, takesHeapSnapshot: true, takesScreenshot: true, unexpectedAlertBehaviour: , unhandledPromptBehavior: , version: 66.0.3359.139, webStorageEnabled: true}
Session ID: 8d22fd00b6c90547a62d691dc3d1f5ad)

2018-05-14 14:43:55 - [TEST_STEP][PASSED] - selectOptionByIndex: All options with index in [1] are selected on object 'Object Repository/Emergency/Page_Store/select_--Select--Amikacin -500'

2018-05-14 14:43:55 - [MESSAGE][PASSED] - All options with index in [1] are selected on object 'Object Repository/Emergency/Page_Store/select_--Select--Amikacin -500'

2018-05-14 14:43:55 - [TEST_STEP][PASSED] - Statement - RequestedQty = com.kms.katalon.core.webui.keyword.WebUiBuiltInKeywords.getAttribute(com.kms.katalon.core.testobject.ObjectRepository.findTestObject(Emergency/Page_Store/input_txttotal), "value"): Attribute 'value' of object 'Object Repository/Emergency/Page_Store/input_txttotal' is: '10'

2018-05-14 14:43:55 - [MESSAGE][PASSED] - Attribute 'value' of object 'Object Repository/Emergency/Page_Store/input_txttotal' is: '10'

2018-05-14 14:43:55 - [TEST_STEP][PASSED] - Statement - out.println("Requested QTY : " + RequestedQty): null

2018-05-14 14:43:55 - [TEST_STEP][PASSED] - Statement - BatchNumber = com.kms.katalon.core.webui.keyword.WebUiBuiltInKeywords.getNumberOfTotalOption(com.kms.katalon.core.testobject.ObjectRepository.findTestObject(Emergency/Page_Store/select_--Select--BA1150BA4110)): 2 options of object 'Object Repository/Emergency/Page_Store/select_--Select--BA1150BA4110' counted

2018-05-14 14:43:55 - [MESSAGE][PASSED] - 2 options of object 'Object Repository/Emergency/Page_Store/select_--Select--BA1150BA4110' counted

2018-05-14 14:43:55 - [TEST_STEP][PASSED] - Statement - For ([g = 1, g <= BatchNumber - 1, (g++)]): null

2018-05-14 14:43:55 - [TEST_STEP][PASSED] - selectOptionByIndex: All options with index in [1] are selected on object 'Object Repository/Emergency/Page_Store/select_--Select--BA1150BA4110'

2018-05-14 14:43:55 - [MESSAGE][PASSED] - All options with index in [1] are selected on object 'Object Repository/Emergency/Page_Store/select_--Select--BA1150BA4110'

2018-05-14 14:43:55 - [TEST_STEP][PASSED] - Statement - Try: null

2018-05-14 14:43:55 - [TEST_STEP][PASSED] - Statement - StockQty = com.kms.katalon.core.webui.keyword.WebUiBuiltInKeywords.getAttribute(com.kms.katalon.core.testobject.ObjectRepository.findTestObject(Emergency/Page_Store/input_txtprice), "value"): Attribute 'value' of object 'Object Repository/Emergency/Page_Store/input_txtprice' is: '1100'

2018-05-14 14:43:55 - [MESSAGE][PASSED] - Attribute 'value' of object 'Object Repository/Emergency/Page_Store/input_txtprice' is: '1100'

2018-05-14 14:43:55 - [TEST_STEP][PASSED] - Statement - out.println("Stock QTY : " + StockQty): null

2018-05-14 14:43:55 - [TEST_STEP][PASSED] - delay: Delayed 2 second(s)

2018-05-14 14:43:57 - [MESSAGE][PASSED] - Delayed 2 second(s)

2018-05-14 14:43:57 - [TEST_STEP][PASSED] - Statement - If (java.lang.String.valueOf(StockQty) >= java.lang.String.valueOf(RequestedQty)): null

2018-05-14 14:43:57 - [TEST_STEP][PASSED] - setText: Text '10' is set on object 'Object Repository/Emergency/Page_Store/input_txtqty'

2018-05-14 14:43:57 - [MESSAGE][PASSED] - Text '10' is set on object 'Object Repository/Emergency/Page_Store/input_txtqty'

2018-05-14 14:43:57 - [TEST_STEP][PASSED] - click: Object: 'Object Repository/Emergency/Page_Store/button_Add' is clicked on

2018-05-14 14:43:58 - [MESSAGE][PASSED] - Object: 'Object Repository/Emergency/Page_Store/button_Add' is clicked on

2018-05-14 14:43:58 - [TEST_STEP][PASSED] - Statement - Break: null

2018-05-14 14:43:58 - [TEST_STEP][PASSED] - selectOptionByIndex: All options with index in [2] are selected on object 'Object Repository/Emergency/Page_Store/select_--Select--Amikacin -500'

2018-05-14 14:43:58 - [MESSAGE][PASSED] - All options with index in [2] are selected on object 'Object Repository/Emergency/Page_Store/select_--Select--Amikacin -500'

2018-05-14 14:43:58 - [TEST_STEP][PASSED] - Statement - RequestedQty = com.kms.katalon.core.webui.keyword.WebUiBuiltInKeywords.getAttribute(com.kms.katalon.core.testobject.ObjectRepository.findTestObject(Emergency/Page_Store/input_txttotal), "value"): Attribute 'value' of object 'Object Repository/Emergency/Page_Store/input_txttotal' is: '10'

2018-05-14 14:43:58 - [MESSAGE][PASSED] - Attribute 'value' of object 'Object Repository/Emergency/Page_Store/input_txttotal' is: '10'

2018-05-14 14:43:58 - [TEST_STEP][PASSED] - Statement - out.println("Requested QTY : " + RequestedQty): null

2018-05-14 14:43:58 - [TEST_STEP][PASSED] - Statement - BatchNumber = com.kms.katalon.core.webui.keyword.WebUiBuiltInKeywords.getNumberOfTotalOption(com.kms.katalon.core.testobject.ObjectRepository.findTestObject(Emergency/Page_Store/select_--Select--BA1150BA4110)): 2 options of object 'Object Repository/Emergency/Page_Store/select_--Select--BA1150BA4110' counted

2018-05-14 14:43:58 - [MESSAGE][PASSED] - 2 options of object 'Object Repository/Emergency/Page_Store/select_--Select--BA1150BA4110' counted

2018-05-14 14:43:58 - [TEST_STEP][PASSED] - Statement - For ([g = 1, g <= BatchNumber - 1, (g++)]): null

2018-05-14 14:43:58 - [TEST_STEP][PASSED] - selectOptionByIndex: All options with index in [1] are selected on object 'Object Repository/Emergency/Page_Store/select_--Select--BA1150BA4110'

2018-05-14 14:43:58 - [MESSAGE][PASSED] - All options with index in [1] are selected on object 'Object Repository/Emergency/Page_Store/select_--Select--BA1150BA4110'

2018-05-14 14:43:58 - [TEST_STEP][PASSED] - Statement - Try: null

2018-05-14 14:43:58 - [TEST_STEP][PASSED] - Statement - StockQty = com.kms.katalon.core.webui.keyword.WebUiBuiltInKeywords.getAttribute(com.kms.katalon.core.testobject.ObjectRepository.findTestObject(Emergency/Page_Store/input_txtprice), "value"): Attribute 'value' of object 'Object Repository/Emergency/Page_Store/input_txtprice' is: '1200'

2018-05-14 14:43:58 - [MESSAGE][PASSED] - Attribute 'value' of object 'Object Repository/Emergency/Page_Store/input_txtprice' is: '1200'

2018-05-14 14:43:58 - [TEST_STEP][PASSED] - Statement - out.println("Stock QTY : " + StockQty): null

2018-05-14 14:43:58 - [TEST_STEP][PASSED] - delay: Delayed 2 second(s)

2018-05-14 14:44:00 - [MESSAGE][PASSED] - Delayed 2 second(s)

2018-05-14 14:44:00 - [TEST_STEP][PASSED] - Statement - If (java.lang.String.valueOf(StockQty) >= java.lang.String.valueOf(RequestedQty)): null

2018-05-14 14:44:00 - [TEST_STEP][PASSED] - setText: Text '10' is set on object 'Object Repository/Emergency/Page_Store/input_txtqty'

2018-05-14 14:44:00 - [MESSAGE][PASSED] - Text '10' is set on object 'Object Repository/Emergency/Page_Store/input_txtqty'

2018-05-14 14:44:00 - [TEST_STEP][PASSED] - click: Object: 'Object Repository/Emergency/Page_Store/button_Add' is clicked on

2018-05-14 14:44:00 - [MESSAGE][PASSED] - Object: 'Object Repository/Emergency/Page_Store/button_Add' is clicked on

2018-05-14 14:44:00 - [TEST_STEP][PASSED] - Statement - Break: null

2018-05-14 14:44:00 - [TEST_STEP][PASSED] - selectOptionByIndex: All options with index in [3] are selected on object 'Object Repository/Emergency/Page_Store/select_--Select--Amikacin -500'

2018-05-14 14:44:00 - [MESSAGE][PASSED] - All options with index in [3] are selected on object 'Object Repository/Emergency/Page_Store/select_--Select--Amikacin -500'

2018-05-14 14:44:00 - [TEST_STEP][PASSED] - Statement - RequestedQty = com.kms.katalon.core.webui.keyword.WebUiBuiltInKeywords.getAttribute(com.kms.katalon.core.testobject.ObjectRepository.findTestObject(Emergency/Page_Store/input_txttotal), "value"): Attribute 'value' of object 'Object Repository/Emergency/Page_Store/input_txttotal' is: '10'

2018-05-14 14:44:00 - [MESSAGE][PASSED] - Attribute 'value' of object 'Object Repository/Emergency/Page_Store/input_txttotal' is: '10'

2018-05-14 14:44:00 - [TEST_STEP][PASSED] - Statement - out.println("Requested QTY : " + RequestedQty): null

2018-05-14 14:44:00 - [TEST_STEP][PASSED] - Statement - BatchNumber = com.kms.katalon.core.webui.keyword.WebUiBuiltInKeywords.getNumberOfTotalOption(com.kms.katalon.core.testobject.ObjectRepository.findTestObject(Emergency/Page_Store/select_--Select--BA1150BA4110)): 2 options of object 'Object Repository/Emergency/Page_Store/select_--Select--BA1150BA4110' counted

2018-05-14 14:44:00 - [MESSAGE][PASSED] - 2 options of object 'Object Repository/Emergency/Page_Store/select_--Select--BA1150BA4110' counted

2018-05-14 14:44:00 - [TEST_STEP][PASSED] - Statement - For ([g = 1, g <= BatchNumber - 1, (g++)]): null

2018-05-14 14:44:00 - [TEST_STEP][PASSED] - selectOptionByIndex: All options with index in [1] are selected on object 'Object Repository/Emergency/Page_Store/select_--Select--BA1150BA4110'

2018-05-14 14:44:01 - [MESSAGE][PASSED] - All options with index in [1] are selected on object 'Object Repository/Emergency/Page_Store/select_--Select--BA1150BA4110'

2018-05-14 14:44:01 - [TEST_STEP][PASSED] - Statement - Try: null

2018-05-14 14:44:01 - [TEST_STEP][PASSED] - Statement - StockQty = com.kms.katalon.core.webui.keyword.WebUiBuiltInKeywords.getAttribute(com.kms.katalon.core.testobject.ObjectRepository.findTestObject(Emergency/Page_Store/input_txtprice), "value"): Attribute 'value' of object 'Object Repository/Emergency/Page_Store/input_txtprice' is: '1200'

2018-05-14 14:44:01 - [MESSAGE][PASSED] - Attribute 'value' of object 'Object Repository/Emergency/Page_Store/input_txtprice' is: '1200'

2018-05-14 14:44:01 - [TEST_STEP][PASSED] - Statement - out.println("Stock QTY : " + StockQty): null

2018-05-14 14:44:01 - [TEST_STEP][PASSED] - delay: Delayed 2 second(s)

2018-05-14 14:44:03 - [MESSAGE][PASSED] - Delayed 2 second(s)

2018-05-14 14:44:03 - [TEST_STEP][PASSED] - Statement - If (java.lang.String.valueOf(StockQty) >= java.lang.String.valueOf(RequestedQty)): null

2018-05-14 14:44:03 - [TEST_STEP][PASSED] - setText: Text '10' is set on object 'Object Repository/Emergency/Page_Store/input_txtqty'

2018-05-14 14:44:03 - [MESSAGE][PASSED] - Text '10' is set on object 'Object Repository/Emergency/Page_Store/input_txtqty'

2018-05-14 14:44:03 - [TEST_STEP][PASSED] - click: Object: 'Object Repository/Emergency/Page_Store/button_Add' is clicked on

2018-05-14 14:44:03 - [MESSAGE][PASSED] - Object: 'Object Repository/Emergency/Page_Store/button_Add' is clicked on

2018-05-14 14:44:03 - [TEST_STEP][PASSED] - Statement - Break: null

2018-05-14 14:44:03 - [TEST_STEP][PASSED] - selectOptionByIndex: All options with index in [4] are selected on object 'Object Repository/Emergency/Page_Store/select_--Select--Amikacin -500'

2018-05-14 14:44:03 - [MESSAGE][PASSED] - All options with index in [4] are selected on object 'Object Repository/Emergency/Page_Store/select_--Select--Amikacin -500'

2018-05-14 14:44:03 - [TEST_STEP][PASSED] - Statement - RequestedQty = com.kms.katalon.core.webui.keyword.WebUiBuiltInKeywords.getAttribute(com.kms.katalon.core.testobject.ObjectRepository.findTestObject(Emergency/Page_Store/input_txttotal), "value"): Attribute 'value' of object 'Object Repository/Emergency/Page_Store/input_txttotal' is: '10'

2018-05-14 14:44:03 - [MESSAGE][PASSED] - Attribute 'value' of object 'Object Repository/Emergency/Page_Store/input_txttotal' is: '10'

2018-05-14 14:44:03 - [TEST_STEP][PASSED] - Statement - out.println("Requested QTY : " + RequestedQty): null

2018-05-14 14:44:03 - [TEST_STEP][PASSED] - Statement - BatchNumber = com.kms.katalon.core.webui.keyword.WebUiBuiltInKeywords.getNumberOfTotalOption(com.kms.katalon.core.testobject.ObjectRepository.findTestObject(Emergency/Page_Store/select_--Select--BA1150BA4110)): 2 options of object 'Object Repository/Emergency/Page_Store/select_--Select--BA1150BA4110' counted

2018-05-14 14:44:03 - [MESSAGE][PASSED] - 2 options of object 'Object Repository/Emergency/Page_Store/select_--Select--BA1150BA4110' counted

2018-05-14 14:44:03 - [TEST_STEP][PASSED] - Statement - For ([g = 1, g <= BatchNumber - 1, (g++)]): null

2018-05-14 14:44:03 - [TEST_STEP][PASSED] - selectOptionByIndex: All options with index in [1] are selected on object 'Object Repository/Emergency/Page_Store/select_--Select--BA1150BA4110'

2018-05-14 14:44:03 - [MESSAGE][PASSED] - All options with index in [1] are selected on object 'Object Repository/Emergency/Page_Store/select_--Select--BA1150BA4110'

2018-05-14 14:44:03 - [TEST_STEP][PASSED] - Statement - Try: null

2018-05-14 14:44:03 - [TEST_STEP][PASSED] - Statement - StockQty = com.kms.katalon.core.webui.keyword.WebUiBuiltInKeywords.getAttribute(com.kms.katalon.core.testobject.ObjectRepository.findTestObject(Emergency/Page_Store/input_txtprice), "value"): Attribute 'value' of object 'Object Repository/Emergency/Page_Store/input_txtprice' is: '1200'

2018-05-14 14:44:03 - [MESSAGE][PASSED] - Attribute 'value' of object 'Object Repository/Emergency/Page_Store/input_txtprice' is: '1200'

2018-05-14 14:44:03 - [TEST_STEP][PASSED] - Statement - out.println("Stock QTY : " + StockQty): null

2018-05-14 14:44:03 - [TEST_STEP][PASSED] - delay: Delayed 2 second(s)

2018-05-14 14:44:05 - [MESSAGE][PASSED] - Delayed 2 second(s)

2018-05-14 14:44:05 - [TEST_STEP][PASSED] - Statement - If (java.lang.String.valueOf(StockQty) >= java.lang.String.valueOf(RequestedQty)): null

2018-05-14 14:44:05 - [TEST_STEP][PASSED] - setText: Text '10' is set on object 'Object Repository/Emergency/Page_Store/input_txtqty'

2018-05-14 14:44:05 - [MESSAGE][PASSED] - Text '10' is set on object 'Object Repository/Emergency/Page_Store/input_txtqty'

2018-05-14 14:44:05 - [TEST_STEP][PASSED] - click: Object: 'Object Repository/Emergency/Page_Store/button_Add' is clicked on

2018-05-14 14:44:05 - [MESSAGE][PASSED] - Object: 'Object Repository/Emergency/Page_Store/button_Add' is clicked on

2018-05-14 14:44:05 - [TEST_STEP][PASSED] - Statement - Break: null

2018-05-14 14:44:05 - [TEST_STEP][PASSED] - selectOptionByIndex: All options with index in [5] are selected on object 'Object Repository/Emergency/Page_Store/select_--Select--Amikacin -500'

2018-05-14 14:44:06 - [MESSAGE][PASSED] - All options with index in [5] are selected on object 'Object Repository/Emergency/Page_Store/select_--Select--Amikacin -500'

2018-05-14 14:44:06 - [TEST_STEP][PASSED] - Statement - RequestedQty = com.kms.katalon.core.webui.keyword.WebUiBuiltInKeywords.getAttribute(com.kms.katalon.core.testobject.ObjectRepository.findTestObject(Emergency/Page_Store/input_txttotal), "value"): Attribute 'value' of object 'Object Repository/Emergency/Page_Store/input_txttotal' is: '10'

2018-05-14 14:44:06 - [MESSAGE][PASSED] - Attribute 'value' of object 'Object Repository/Emergency/Page_Store/input_txttotal' is: '10'

2018-05-14 14:44:06 - [TEST_STEP][PASSED] - Statement - out.println("Requested QTY : " + RequestedQty): null

2018-05-14 14:44:06 - [TEST_STEP][PASSED] - Statement - BatchNumber = com.kms.katalon.core.webui.keyword.WebUiBuiltInKeywords.getNumberOfTotalOption(com.kms.katalon.core.testobject.ObjectRepository.findTestObject(Emergency/Page_Store/select_--Select--BA1150BA4110)): 0 options of object 'Object Repository/Emergency/Page_Store/select_--Select--BA1150BA4110' counted

2018-05-14 14:44:06 - [MESSAGE][PASSED] - 0 options of object 'Object Repository/Emergency/Page_Store/select_--Select--BA1150BA4110' counted

2018-05-14 14:44:06 - [TEST_STEP][PASSED] - Statement - For ([g = 1, g <= BatchNumber - 1, (g++)]): null

2018-05-14 14:44:06 - [TEST_STEP][PASSED] - selectOptionByIndex: All options with index in [6] are selected on object 'Object Repository/Emergency/Page_Store/select_--Select--Amikacin -500'

2018-05-14 14:44:06 - [MESSAGE][PASSED] - All options with index in [6] are selected on object 'Object Repository/Emergency/Page_Store/select_--Select--Amikacin -500'

2018-05-14 14:44:06 - [TEST_STEP][PASSED] - Statement - RequestedQty = com.kms.katalon.core.webui.keyword.WebUiBuiltInKeywords.getAttribute(com.kms.katalon.core.testobject.ObjectRepository.findTestObject(Emergency/Page_Store/input_txttotal), "value"): Attribute 'value' of object 'Object Repository/Emergency/Page_Store/input_txttotal' is: '10'

2018-05-14 14:44:06 - [MESSAGE][PASSED] - Attribute 'value' of object 'Object Repository/Emergency/Page_Store/input_txttotal' is: '10'

2018-05-14 14:44:06 - [TEST_STEP][PASSED] - Statement - out.println("Requested QTY : " + RequestedQty): null

2018-05-14 14:44:06 - [TEST_STEP][PASSED] - Statement - BatchNumber = com.kms.katalon.core.webui.keyword.WebUiBuiltInKeywords.getNumberOfTotalOption(com.kms.katalon.core.testobject.ObjectRepository.findTestObject(Emergency/Page_Store/select_--Select--BA1150BA4110)): 0 options of object 'Object Repository/Emergency/Page_Store/select_--Select--BA1150BA4110' counted

2018-05-14 14:44:06 - [MESSAGE][PASSED] - 0 options of object 'Object Repository/Emergency/Page_Store/select_--Select--BA1150BA4110' counted

2018-05-14 14:44:06 - [TEST_STEP][PASSED] - Statement - For ([g = 1, g <= BatchNumber - 1, (g++)]): null

2018-05-14 14:44:06 - [TEST_STEP][PASSED] - selectOptionByIndex: All options with index in [7] are selected on object 'Object Repository/Emergency/Page_Store/select_--Select--Amikacin -500'

2018-05-14 14:44:06 - [MESSAGE][PASSED] - All options with index in [7] are selected on object 'Object Repository/Emergency/Page_Store/select_--Select--Amikacin -500'

2018-05-14 14:44:06 - [TEST_STEP][PASSED] - Statement - RequestedQty = com.kms.katalon.core.webui.keyword.WebUiBuiltInKeywords.getAttribute(com.kms.katalon.core.testobject.ObjectRepository.findTestObject(Emergency/Page_Store/input_txttotal), "value"): Attribute 'value' of object 'Object Repository/Emergency/Page_Store/input_txttotal' is: '10'

2018-05-14 14:44:06 - [MESSAGE][PASSED] - Attribute 'value' of object 'Object Repository/Emergency/Page_Store/input_txttotal' is: '10'

2018-05-14 14:44:06 - [TEST_STEP][PASSED] - Statement - out.println("Requested QTY : " + RequestedQty): null

2018-05-14 14:44:06 - [TEST_STEP][PASSED] - Statement - BatchNumber = com.kms.katalon.core.webui.keyword.WebUiBuiltInKeywords.getNumberOfTotalOption(com.kms.katalon.core.testobject.ObjectRepository.findTestObject(Emergency/Page_Store/select_--Select--BA1150BA4110)): 0 options of object 'Object Repository/Emergency/Page_Store/select_--Select--BA1150BA4110' counted

2018-05-14 14:44:06 - [MESSAGE][PASSED] - 0 options of object 'Object Repository/Emergency/Page_Store/select_--Select--BA1150BA4110' counted

2018-05-14 14:44:06 - [TEST_STEP][PASSED] - Statement - For ([g = 1, g <= BatchNumber - 1, (g++)]): null

2018-05-14 14:44:06 - [TEST_STEP][PASSED] - selectOptionByIndex: All options with index in [8] are selected on object 'Object Repository/Emergency/Page_Store/select_--Select--Amikacin -500'

2018-05-14 14:44:06 - [MESSAGE][PASSED] - All options with index in [8] are selected on object 'Object Repository/Emergency/Page_Store/select_--Select--Amikacin -500'

2018-05-14 14:44:06 - [TEST_STEP][PASSED] - Statement - RequestedQty = com.kms.katalon.core.webui.keyword.WebUiBuiltInKeywords.getAttribute(com.kms.katalon.core.testobject.ObjectRepository.findTestObject(Emergency/Page_Store/input_txttotal), "value"): Attribute 'value' of object 'Object Repository/Emergency/Page_Store/input_txttotal' is: '10'

2018-05-14 14:44:06 - [MESSAGE][PASSED] - Attribute 'value' of object 'Object Repository/Emergency/Page_Store/input_txttotal' is: '10'

2018-05-14 14:44:06 - [TEST_STEP][PASSED] - Statement - out.println("Requested QTY : " + RequestedQty): null

2018-05-14 14:44:06 - [TEST_STEP][PASSED] - Statement - BatchNumber = com.kms.katalon.core.webui.keyword.WebUiBuiltInKeywords.getNumberOfTotalOption(com.kms.katalon.core.testobject.ObjectRepository.findTestObject(Emergency/Page_Store/select_--Select--BA1150BA4110)): 0 options of object 'Object Repository/Emergency/Page_Store/select_--Select--BA1150BA4110' counted

2018-05-14 14:44:06 - [MESSAGE][PASSED] - 0 options of object 'Object Repository/Emergency/Page_Store/select_--Select--BA1150BA4110' counted

2018-05-14 14:44:06 - [TEST_STEP][PASSED] - Statement - For ([g = 1, g <= BatchNumber - 1, (g++)]): null

2018-05-14 14:44:06 - [TEST_STEP][PASSED] - selectOptionByIndex: All options with index in [9] are selected on object 'Object Repository/Emergency/Page_Store/select_--Select--Amikacin -500'

2018-05-14 14:44:07 - [MESSAGE][PASSED] - All options with index in [9] are selected on object 'Object Repository/Emergency/Page_Store/select_--Select--Amikacin -500'

2018-05-14 14:44:07 - [TEST_STEP][PASSED] - Statement - RequestedQty = com.kms.katalon.core.webui.keyword.WebUiBuiltInKeywords.getAttribute(com.kms.katalon.core.testobject.ObjectRepository.findTestObject(Emergency/Page_Store/input_txttotal), "value"): Attribute 'value' of object 'Object Repository/Emergency/Page_Store/input_txttotal' is: '10'

2018-05-14 14:44:07 - [MESSAGE][PASSED] - Attribute 'value' of object 'Object Repository/Emergency/Page_Store/input_txttotal' is: '10'

2018-05-14 14:44:07 - [TEST_STEP][PASSED] - Statement - out.println("Requested QTY : " + RequestedQty): null

2018-05-14 14:44:07 - [TEST_STEP][PASSED] - Statement - BatchNumber = com.kms.katalon.core.webui.keyword.WebUiBuiltInKeywords.getNumberOfTotalOption(com.kms.katalon.core.testobject.ObjectRepository.findTestObject(Emergency/Page_Store/select_--Select--BA1150BA4110)): 0 options of object 'Object Repository/Emergency/Page_Store/select_--Select--BA1150BA4110' counted

2018-05-14 14:44:07 - [MESSAGE][PASSED] - 0 options of object 'Object Repository/Emergency/Page_Store/select_--Select--BA1150BA4110' counted

2018-05-14 14:44:07 - [TEST_STEP][PASSED] - Statement - For ([g = 1, g <= BatchNumber - 1, (g++)]): null

2018-05-14 14:44:07 - [TEST_STEP][PASSED] - selectOptionByIndex: All options with index in [10] are selected on object 'Object Repository/Emergency/Page_Store/select_--Select--Amikacin -500'

2018-05-14 14:44:07 - [MESSAGE][PASSED] - All options with index in [10] are selected on object 'Object Repository/Emergency/Page_Store/select_--Select--Amikacin -500'

2018-05-14 14:44:07 - [TEST_STEP][PASSED] - Statement - RequestedQty = com.kms.katalon.core.webui.keyword.WebUiBuiltInKeywords.getAttribute(com.kms.katalon.core.testobject.ObjectRepository.findTestObject(Emergency/Page_Store/input_txttotal), "value"): Attribute 'value' of object 'Object Repository/Emergency/Page_Store/input_txttotal' is: '10'

2018-05-14 14:44:07 - [MESSAGE][PASSED] - Attribute 'value' of object 'Object Repository/Emergency/Page_Store/input_txttotal' is: '10'

2018-05-14 14:44:07 - [TEST_STEP][PASSED] - Statement - out.println("Requested QTY : " + RequestedQty): null

2018-05-14 14:44:07 - [TEST_STEP][PASSED] - Statement - BatchNumber = com.kms.katalon.core.webui.keyword.WebUiBuiltInKeywords.getNumberOfTotalOption(com.kms.katalon.core.testobject.ObjectRepository.findTestObject(Emergency/Page_Store/select_--Select--BA1150BA4110)): 0 options of object 'Object Repository/Emergency/Page_Store/select_--Select--BA1150BA4110' counted

2018-05-14 14:44:07 - [MESSAGE][PASSED] - 0 options of object 'Object Repository/Emergency/Page_Store/select_--Select--BA1150BA4110' counted

2018-05-14 14:44:07 - [TEST_STEP][PASSED] - Statement - For ([g = 1, g <= BatchNumber - 1, (g++)]): null

2018-05-14 14:44:07 - [TEST_STEP][PASSED] - selectOptionByIndex: All options with index in [11] are selected on object 'Object Repository/Emergency/Page_Store/select_--Select--Amikacin -500'

2018-05-14 14:44:07 - [MESSAGE][PASSED] - All options with index in [11] are selected on object 'Object Repository/Emergency/Page_Store/select_--Select--Amikacin -500'

2018-05-14 14:44:07 - [TEST_STEP][PASSED] - Statement - RequestedQty = com.kms.katalon.core.webui.keyword.WebUiBuiltInKeywords.getAttribute(com.kms.katalon.core.testobject.ObjectRepository.findTestObject(Emergency/Page_Store/input_txttotal), "value"): Attribute 'value' of object 'Object Repository/Emergency/Page_Store/input_txttotal' is: '10'

2018-05-14 14:44:07 - [MESSAGE][PASSED] - Attribute 'value' of object 'Object Repository/Emergency/Page_Store/input_txttotal' is: '10'

2018-05-14 14:44:07 - [TEST_STEP][PASSED] - Statement - out.println("Requested QTY : " + RequestedQty): null

2018-05-14 14:44:07 - [TEST_STEP][PASSED] - Statement - BatchNumber = com.kms.katalon.core.webui.keyword.WebUiBuiltInKeywords.getNumberOfTotalOption(com.kms.katalon.core.testobject.ObjectRepository.findTestObject(Emergency/Page_Store/select_--Select--BA1150BA4110)): 0 options of object 'Object Repository/Emergency/Page_Store/select_--Select--BA1150BA4110' counted

2018-05-14 14:44:07 - [MESSAGE][PASSED] - 0 options of object 'Object Repository/Emergency/Page_Store/select_--Select--BA1150BA4110' counted

2018-05-14 14:44:07 - [TEST_STEP][PASSED] - Statement - For ([g = 1, g <= BatchNumber - 1, (g++)]): null

2018-05-14 14:44:07 - [TEST_STEP][PASSED] - selectOptionByIndex: All options with index in [12] are selected on object 'Object Repository/Emergency/Page_Store/select_--Select--Amikacin -500'

2018-05-14 14:44:08 - [MESSAGE][PASSED] - All options with index in [12] are selected on object 'Object Repository/Emergency/Page_Store/select_--Select--Amikacin -500'

2018-05-14 14:44:08 - [TEST_STEP][PASSED] - Statement - RequestedQty = com.kms.katalon.core.webui.keyword.WebUiBuiltInKeywords.getAttribute(com.kms.katalon.core.testobject.ObjectRepository.findTestObject(Emergency/Page_Store/input_txttotal), "value"): Attribute 'value' of object 'Object Repository/Emergency/Page_Store/input_txttotal' is: '10'

2018-05-14 14:44:08 - [MESSAGE][PASSED] - Attribute 'value' of object 'Object Repository/Emergency/Page_Store/input_txttotal' is: '10'

2018-05-14 14:44:08 - [TEST_STEP][PASSED] - Statement - out.println("Requested QTY : " + RequestedQty): null

2018-05-14 14:44:08 - [TEST_STEP][PASSED] - Statement - BatchNumber = com.kms.katalon.core.webui.keyword.WebUiBuiltInKeywords.getNumberOfTotalOption(com.kms.katalon.core.testobject.ObjectRepository.findTestObject(Emergency/Page_Store/select_--Select--BA1150BA4110)): 0 options of object 'Object Repository/Emergency/Page_Store/select_--Select--BA1150BA4110' counted

2018-05-14 14:44:08 - [MESSAGE][PASSED] - 0 options of object 'Object Repository/Emergency/Page_Store/select_--Select--BA1150BA4110' counted

2018-05-14 14:44:08 - [TEST_STEP][PASSED] - Statement - For ([g = 1, g <= BatchNumber - 1, (g++)]): null

2018-05-14 14:44:08 - [TEST_STEP][PASSED] - selectOptionByIndex: All options with index in [13] are selected on object 'Object Repository/Emergency/Page_Store/select_--Select--Amikacin -500'

2018-05-14 14:44:08 - [MESSAGE][PASSED] - All options with index in [13] are selected on object 'Object Repository/Emergency/Page_Store/select_--Select--Amikacin -500'

2018-05-14 14:44:08 - [TEST_STEP][PASSED] - Statement - RequestedQty = com.kms.katalon.core.webui.keyword.WebUiBuiltInKeywords.getAttribute(com.kms.katalon.core.testobject.ObjectRepository.findTestObject(Emergency/Page_Store/input_txttotal), "value"): Attribute 'value' of object 'Object Repository/Emergency/Page_Store/input_txttotal' is: '10'

2018-05-14 14:44:08 - [MESSAGE][PASSED] - Attribute 'value' of object 'Object Repository/Emergency/Page_Store/input_txttotal' is: '10'

2018-05-14 14:44:08 - [TEST_STEP][PASSED] - Statement - out.println("Requested QTY : " + RequestedQty): null

2018-05-14 14:44:08 - [TEST_STEP][PASSED] - Statement - BatchNumber = com.kms.katalon.core.webui.keyword.WebUiBuiltInKeywords.getNumberOfTotalOption(com.kms.katalon.core.testobject.ObjectRepository.findTestObject(Emergency/Page_Store/select_--Select--BA1150BA4110)): 0 options of object 'Object Repository/Emergency/Page_Store/select_--Select--BA1150BA4110' counted

2018-05-14 14:44:08 - [MESSAGE][PASSED] - 0 options of object 'Object Repository/Emergency/Page_Store/select_--Select--BA1150BA4110' counted

2018-05-14 14:44:08 - [TEST_STEP][PASSED] - Statement - For ([g = 1, g <= BatchNumber - 1, (g++)]): null

2018-05-14 14:44:08 - [TEST_STEP][PASSED] - selectOptionByIndex: All options with index in [14] are selected on object 'Object Repository/Emergency/Page_Store/select_--Select--Amikacin -500'

2018-05-14 14:44:08 - [MESSAGE][PASSED] - All options with index in [14] are selected on object 'Object Repository/Emergency/Page_Store/select_--Select--Amikacin -500'

2018-05-14 14:44:08 - [TEST_STEP][PASSED] - Statement - RequestedQty = com.kms.katalon.core.webui.keyword.WebUiBuiltInKeywords.getAttribute(com.kms.katalon.core.testobject.ObjectRepository.findTestObject(Emergency/Page_Store/input_txttotal), "value"): Attribute 'value' of object 'Object Repository/Emergency/Page_Store/input_txttotal' is: '10'

2018-05-14 14:44:08 - [MESSAGE][PASSED] - Attribute 'value' of object 'Object Repository/Emergency/Page_Store/input_txttotal' is: '10'

2018-05-14 14:44:08 - [TEST_STEP][PASSED] - Statement - out.println("Requested QTY : " + RequestedQty): null

2018-05-14 14:44:08 - [TEST_STEP][PASSED] - Statement - BatchNumber = com.kms.katalon.core.webui.keyword.WebUiBuiltInKeywords.getNumberOfTotalOption(com.kms.katalon.core.testobject.ObjectRepository.findTestObject(Emergency/Page_Store/select_--Select--BA1150BA4110)): 0 options of object 'Object Repository/Emergency/Page_Store/select_--Select--BA1150BA4110' counted

2018-05-14 14:44:08 - [MESSAGE][PASSED] - 0 options of object 'Object Repository/Emergency/Page_Store/select_--Select--BA1150BA4110' counted

2018-05-14 14:44:08 - [TEST_STEP][PASSED] - Statement - For ([g = 1, g <= BatchNumber - 1, (g++)]): null

2018-05-14 14:44:08 - [TEST_STEP][PASSED] - selectOptionByIndex: All options with index in [15] are selected on object 'Object Repository/Emergency/Page_Store/select_--Select--Amikacin -500'

2018-05-14 14:44:09 - [MESSAGE][PASSED] - All options with index in [15] are selected on object 'Object Repository/Emergency/Page_Store/select_--Select--Amikacin -500'

2018-05-14 14:44:09 - [TEST_STEP][PASSED] - Statement - RequestedQty = com.kms.katalon.core.webui.keyword.WebUiBuiltInKeywords.getAttribute(com.kms.katalon.core.testobject.ObjectRepository.findTestObject(Emergency/Page_Store/input_txttotal), "value"): Attribute 'value' of object 'Object Repository/Emergency/Page_Store/input_txttotal' is: '10'

2018-05-14 14:44:09 - [MESSAGE][PASSED] - Attribute 'value' of object 'Object Repository/Emergency/Page_Store/input_txttotal' is: '10'

2018-05-14 14:44:09 - [TEST_STEP][PASSED] - Statement - out.println("Requested QTY : " + RequestedQty): null

2018-05-14 14:44:09 - [TEST_STEP][PASSED] - Statement - BatchNumber = com.kms.katalon.core.webui.keyword.WebUiBuiltInKeywords.getNumberOfTotalOption(com.kms.katalon.core.testobject.ObjectRepository.findTestObject(Emergency/Page_Store/select_--Select--BA1150BA4110)): 0 options of object 'Object Repository/Emergency/Page_Store/select_--Select--BA1150BA4110' counted

2018-05-14 14:44:09 - [MESSAGE][PASSED] - 0 options of object 'Object Repository/Emergency/Page_Store/select_--Select--BA1150BA4110' counted

2018-05-14 14:44:09 - [TEST_STEP][PASSED] - Statement - For ([g = 1, g <= BatchNumber - 1, (g++)]): null

2018-05-14 14:44:09 - [TEST_STEP][PASSED] - selectOptionByIndex: All options with index in [16] are selected on object 'Object Repository/Emergency/Page_Store/select_--Select--Amikacin -500'

2018-05-14 14:44:09 - [MESSAGE][PASSED] - All options with index in [16] are selected on object 'Object Repository/Emergency/Page_Store/select_--Select--Amikacin -500'

2018-05-14 14:44:09 - [TEST_STEP][PASSED] - Statement - RequestedQty = com.kms.katalon.core.webui.keyword.WebUiBuiltInKeywords.getAttribute(com.kms.katalon.core.testobject.ObjectRepository.findTestObject(Emergency/Page_Store/input_txttotal), "value"): Attribute 'value' of object 'Object Repository/Emergency/Page_Store/input_txttotal' is: '10'

2018-05-14 14:44:09 - [MESSAGE][PASSED] - Attribute 'value' of object 'Object Repository/Emergency/Page_Store/input_txttotal' is: '10'

2018-05-14 14:44:09 - [TEST_STEP][PASSED] - Statement - out.println("Requested QTY : " + RequestedQty): null

2018-05-14 14:44:09 - [TEST_STEP][PASSED] - Statement - BatchNumber = com.kms.katalon.core.webui.keyword.WebUiBuiltInKeywords.getNumberOfTotalOption(com.kms.katalon.core.testobject.ObjectRepository.findTestObject(Emergency/Page_Store/select_--Select--BA1150BA4110)): 0 options of object 'Object Repository/Emergency/Page_Store/select_--Select--BA1150BA4110' counted

2018-05-14 14:44:09 - [MESSAGE][PASSED] - 0 options of object 'Object Repository/Emergency/Page_Store/select_--Select--BA1150BA4110' counted

2018-05-14 14:44:09 - [TEST_STEP][PASSED] - Statement - For ([g = 1, g <= BatchNumber - 1, (g++)]): null

2018-05-14 14:44:09 - [TEST_STEP][PASSED] - selectOptionByIndex: All options with index in [17] are selected on object 'Object Repository/Emergency/Page_Store/select_--Select--Amikacin -500'

2018-05-14 14:44:10 - [MESSAGE][PASSED] - All options with index in [17] are selected on object 'Object Repository/Emergency/Page_Store/select_--Select--Amikacin -500'

2018-05-14 14:44:10 - [TEST_STEP][PASSED] - Statement - RequestedQty = com.kms.katalon.core.webui.keyword.WebUiBuiltInKeywords.getAttribute(com.kms.katalon.core.testobject.ObjectRepository.findTestObject(Emergency/Page_Store/input_txttotal), "value"): Attribute 'value' of object 'Object Repository/Emergency/Page_Store/input_txttotal' is: '10'

2018-05-14 14:44:10 - [MESSAGE][PASSED] - Attribute 'value' of object 'Object Repository/Emergency/Page_Store/input_txttotal' is: '10'

2018-05-14 14:44:10 - [TEST_STEP][PASSED] - Statement - out.println("Requested QTY : " + RequestedQty): null

2018-05-14 14:44:10 - [TEST_STEP][PASSED] - Statement - BatchNumber = com.kms.katalon.core.webui.keyword.WebUiBuiltInKeywords.getNumberOfTotalOption(com.kms.katalon.core.testobject.ObjectRepository.findTestObject(Emergency/Page_Store/select_--Select--BA1150BA4110)): 0 options of object 'Object Repository/Emergency/Page_Store/select_--Select--BA1150BA4110' counted

2018-05-14 14:44:10 - [MESSAGE][PASSED] - 0 options of object 'Object Repository/Emergency/Page_Store/select_--Select--BA1150BA4110' counted

2018-05-14 14:44:10 - [TEST_STEP][PASSED] - Statement - For ([g = 1, g <= BatchNumber - 1, (g++)]): null

2018-05-14 14:44:10 - [TEST_STEP][PASSED] - selectOptionByIndex: All options with index in [18] are selected on object 'Object Repository/Emergency/Page_Store/select_--Select--Amikacin -500'

2018-05-14 14:44:10 - [MESSAGE][PASSED] - All options with index in [18] are selected on object 'Object Repository/Emergency/Page_Store/select_--Select--Amikacin -500'

2018-05-14 14:44:10 - [TEST_STEP][PASSED] - Statement - RequestedQty = com.kms.katalon.core.webui.keyword.WebUiBuiltInKeywords.getAttribute(com.kms.katalon.core.testobject.ObjectRepository.findTestObject(Emergency/Page_Store/input_txttotal), "value"): Attribute 'value' of object 'Object Repository/Emergency/Page_Store/input_txttotal' is: '10'

2018-05-14 14:44:10 - [MESSAGE][PASSED] - Attribute 'value' of object 'Object Repository/Emergency/Page_Store/input_txttotal' is: '10'

2018-05-14 14:44:10 - [TEST_STEP][PASSED] - Statement - out.println("Requested QTY : " + RequestedQty): null

2018-05-14 14:44:10 - [TEST_STEP][PASSED] - Statement - BatchNumber = com.kms.katalon.core.webui.keyword.WebUiBuiltInKeywords.getNumberOfTotalOption(com.kms.katalon.core.testobject.ObjectRepository.findTestObject(Emergency/Page_Store/select_--Select--BA1150BA4110)): 0 options of object 'Object Repository/Emergency/Page_Store/select_--Select--BA1150BA4110' counted

2018-05-14 14:44:10 - [MESSAGE][PASSED] - 0 options of object 'Object Repository/Emergency/Page_Store/select_--Select--BA1150BA4110' counted

2018-05-14 14:44:10 - [TEST_STEP][PASSED] - Statement - For ([g = 1, g <= BatchNumber - 1, (g++)]): null

2018-05-14 14:44:10 - [TEST_STEP][PASSED] - selectOptionByIndex: All options with index in [19] are selected on object 'Object Repository/Emergency/Page_Store/select_--Select--Amikacin -500'

2018-05-14 14:44:10 - [MESSAGE][PASSED] - All options with index in [19] are selected on object 'Object Repository/Emergency/Page_Store/select_--Select--Amikacin -500'

2018-05-14 14:44:10 - [TEST_STEP][PASSED] - Statement - RequestedQty = com.kms.katalon.core.webui.keyword.WebUiBuiltInKeywords.getAttribute(com.kms.katalon.core.testobject.ObjectRepository.findTestObject(Emergency/Page_Store/input_txttotal), "value"): Attribute 'value' of object 'Object Repository/Emergency/Page_Store/input_txttotal' is: '10'

2018-05-14 14:44:11 - [MESSAGE][PASSED] - Attribute 'value' of object 'Object Repository/Emergency/Page_Store/input_txttotal' is: '10'

2018-05-14 14:44:11 - [TEST_STEP][PASSED] - Statement - out.println("Requested QTY : " + RequestedQty): null

2018-05-14 14:44:11 - [TEST_STEP][PASSED] - Statement - BatchNumber = com.kms.katalon.core.webui.keyword.WebUiBuiltInKeywords.getNumberOfTotalOption(com.kms.katalon.core.testobject.ObjectRepository.findTestObject(Emergency/Page_Store/select_--Select--BA1150BA4110)): 0 options of object 'Object Repository/Emergency/Page_Store/select_--Select--BA1150BA4110' counted

2018-05-14 14:44:11 - [MESSAGE][PASSED] - 0 options of object 'Object Repository/Emergency/Page_Store/select_--Select--BA1150BA4110' counted

2018-05-14 14:44:11 - [TEST_STEP][PASSED] - Statement - For ([g = 1, g <= BatchNumber - 1, (g++)]): null

2018-05-14 14:44:11 - [TEST_STEP][PASSED] - selectOptionByIndex: All options with index in [20] are selected on object 'Object Repository/Emergency/Page_Store/select_--Select--Amikacin -500'

2018-05-14 14:44:11 - [MESSAGE][PASSED] - All options with index in [20] are selected on object 'Object Repository/Emergency/Page_Store/select_--Select--Amikacin -500'

2018-05-14 14:44:11 - [TEST_STEP][PASSED] - Statement - RequestedQty = com.kms.katalon.core.webui.keyword.WebUiBuiltInKeywords.getAttribute(com.kms.katalon.core.testobject.ObjectRepository.findTestObject(Emergency/Page_Store/input_txttotal), "value"): Attribute 'value' of object 'Object Repository/Emergency/Page_Store/input_txttotal' is: ''

2018-05-14 14:44:11 - [MESSAGE][PASSED] - Attribute 'value' of object 'Object Repository/Emergency/Page_Store/input_txttotal' is: ''

2018-05-14 14:44:11 - [TEST_STEP][PASSED] - Statement - out.println("Requested QTY : " + RequestedQty): null

2018-05-14 14:44:11 - [TEST_STEP][PASSED] - Statement - BatchNumber = com.kms.katalon.core.webui.keyword.WebUiBuiltInKeywords.getNumberOfTotalOption(com.kms.katalon.core.testobject.ObjectRepository.findTestObject(Emergency/Page_Store/select_--Select--BA1150BA4110)): 0 options of object 'Object Repository/Emergency/Page_Store/select_--Select--BA1150BA4110' counted

2018-05-14 14:44:11 - [MESSAGE][PASSED] - 0 options of object 'Object Repository/Emergency/Page_Store/select_--Select--BA1150BA4110' counted

2018-05-14 14:44:11 - [TEST_STEP][PASSED] - Statement - For ([g = 1, g <= BatchNumber - 1, (g++)]): null

2018-05-14 14:44:11 - [TEST_STEP][FAILED] - selectOptionByIndex: Unable to select option by index '21' of object 'Object Repository/Emergency/Page_Store/select_--Select--Amikacin -500' (Root cause: org.openqa.selenium.UnhandledAlertException: unexpected alert open
  (Session info: chrome=66.0.3359.139)
  (Driver info: chromedriver=2.35.528161 (5b82f2d2aae0ca24b877009200ced9065a772e73),platform=Windows NT 10.0.16299 x86_64) (WARNING: The server did not provide any stacktrace information)
Command duration or timeout: 0 milliseconds: null
Build info: version: '3.7.1', revision: '8a0099a', time: '2017-11-06T21:07:36.161Z'
System info: host: 'DESKTOP-BLFTK83', ip: '192.168.71.2', os.name: 'Windows 10', os.arch: 'amd64', os.version: '10.0', java.version: '1.8.0_102'
Driver info: com.kms.katalon.selenium.driver.CChromeDriver
Capabilities {acceptInsecureCerts: false, acceptSslCerts: false, applicationCacheEnabled: false, browserConnectionEnabled: false, browserName: chrome, chrome: {chromedriverVersion: 2.35.528161 (5b82f2d2aae0ca..., userDataDir: C:\Users\QUALIT~1\AppData\L...}, cssSelectorsEnabled: true, databaseEnabled: false, handlesAlerts: true, hasTouchScreen: false, javascriptEnabled: true, locationContextEnabled: true, mobileEmulationEnabled: false, nativeEvents: true, networkConnectionEnabled: false, pageLoadStrategy: normal, platform: XP, platformName: XP, rotatable: false, setWindowRect: true, takesHeapSnapshot: true, takesScreenshot: true, unexpectedAlertBehaviour: , unhandledPromptBehavior: , version: 66.0.3359.139, webStorageEnabled: true}
Session ID: 8d22fd00b6c90547a62d691dc3d1f5ad)

2018-05-14 14:44:11 - [MESSAGE][WARNING] - Cannot take screenshot

2018-05-14 14:44:11 - [MESSAGE][FAILED] - Unable to select option by index '21' of object 'Object Repository/Emergency/Page_Store/select_--Select--Amikacin -500' (Root cause: org.openqa.selenium.UnhandledAlertException: unexpected alert open
  (Session info: chrome=66.0.3359.139)
  (Driver info: chromedriver=2.35.528161 (5b82f2d2aae0ca24b877009200ced9065a772e73),platform=Windows NT 10.0.16299 x86_64) (WARNING: The server did not provide any stacktrace information)
Command duration or timeout: 0 milliseconds: null
Build info: version: '3.7.1', revision: '8a0099a', time: '2017-11-06T21:07:36.161Z'
System info: host: 'DESKTOP-BLFTK83', ip: '192.168.71.2', os.name: 'Windows 10', os.arch: 'amd64', os.version: '10.0', java.version: '1.8.0_102'
Driver info: com.kms.katalon.selenium.driver.CChromeDriver
Capabilities {acceptInsecureCerts: false, acceptSslCerts: false, applicationCacheEnabled: false, browserConnectionEnabled: false, browserName: chrome, chrome: {chromedriverVersion: 2.35.528161 (5b82f2d2aae0ca..., userDataDir: C:\Users\QUALIT~1\AppData\L...}, cssSelectorsEnabled: true, databaseEnabled: false, handlesAlerts: true, hasTouchScreen: false, javascriptEnabled: true, locationContextEnabled: true, mobileEmulationEnabled: false, nativeEvents: true, networkConnectionEnabled: false, pageLoadStrategy: normal, platform: XP, platformName: XP, rotatable: false, setWindowRect: true, takesHeapSnapshot: true, takesScreenshot: true, unexpectedAlertBehaviour: , unhandledPromptBehavior: , version: 66.0.3359.139, webStorageEnabled: true}
Session ID: 8d22fd00b6c90547a62d691dc3d1f5ad)]]></system-out>
         <system-err><![CDATA[2018-05-14 14:42:13 - [TEST_CASE][FAILED] - Test Cases/EMERGENCY TEST CASES/TC_ER_006 Verify Schedule 9 Emergency  Request Are Working Successfully Or Not: Test Cases/EMERGENCY TEST CASES/TC_ER_006 Verify Schedule 9 Emergency  Request Are Working Successfully Or Not FAILED because (of) Unable to select option by index '21' of object 'Object Repository/Emergency/Page_Store/select_--Select--Amikacin -500' (Root cause: org.openqa.selenium.UnhandledAlertException: unexpected alert open
  (Session info: chrome=66.0.3359.139)
  (Driver info: chromedriver=2.35.528161 (5b82f2d2aae0ca24b877009200ced9065a772e73),platform=Windows NT 10.0.16299 x86_64) (WARNING: The server did not provide any stacktrace information)
Command duration or timeout: 0 milliseconds: null
Build info: version: '3.7.1', revision: '8a0099a', time: '2017-11-06T21:07:36.161Z'
System info: host: 'DESKTOP-BLFTK83', ip: '192.168.71.2', os.name: 'Windows 10', os.arch: 'amd64', os.version: '10.0', java.version: '1.8.0_102'
Driver info: com.kms.katalon.selenium.driver.CChromeDriver
Capabilities {acceptInsecureCerts: false, acceptSslCerts: false, applicationCacheEnabled: false, browserConnectionEnabled: false, browserName: chrome, chrome: {chromedriverVersion: 2.35.528161 (5b82f2d2aae0ca..., userDataDir: C:\Users\QUALIT~1\AppData\L...}, cssSelectorsEnabled: true, databaseEnabled: false, handlesAlerts: true, hasTouchScreen: false, javascriptEnabled: true, locationContextEnabled: true, mobileEmulationEnabled: false, nativeEvents: true, networkConnectionEnabled: false, pageLoadStrategy: normal, platform: XP, platformName: XP, rotatable: false, setWindowRect: true, takesHeapSnapshot: true, takesScreenshot: true, unexpectedAlertBehaviour: , unhandledPromptBehavior: , version: 66.0.3359.139, webStorageEnabled: true}
Session ID: 8d22fd00b6c90547a62d691dc3d1f5ad)]]></system-err>
      </testcase>
      <testcase name="Test Cases/EMERGENCY TEST CASES/TC_ER_007 Verify Schedule 12 Emergency  Request Are Working Successfully Or Not" classname="Test Cases/EMERGENCY TEST CASES/TC_ER_007 Verify Schedule 12 Emergency  Request Are Working Successfully Or Not" status="FAILED">
         <failure type="FAILED" message="Unable to set text '10' of object 'Object Repository/Emergency/Page_KDMC - Emergency/input_txttreat' (Root cause: org.openqa.selenium.WebDriverException: unknown error: cannot focus element
  (Session info: chrome=66.0.3359.139)
  (Driver info: chromedriver=2.35.528161 (5b82f2d2aae0ca24b877009200ced9065a772e73),platform=Windows NT 10.0.16299 x86_64) (WARNING: The server did not provide any stacktrace information)
Command duration or timeout: 0 milliseconds
Build info: version: '3.7.1', revision: '8a0099a', time: '2017-11-06T21:07:36.161Z'
System info: host: 'DESKTOP-BLFTK83', ip: '192.168.71.2', os.name: 'Windows 10', os.arch: 'amd64', os.version: '10.0', java.version: '1.8.0_102'
Driver info: com.kms.katalon.selenium.driver.CChromeDriver
Capabilities {acceptInsecureCerts: false, acceptSslCerts: false, applicationCacheEnabled: false, browserConnectionEnabled: false, browserName: chrome, chrome: {chromedriverVersion: 2.35.528161 (5b82f2d2aae0ca..., userDataDir: C:\Users\QUALIT~1\AppData\L...}, cssSelectorsEnabled: true, databaseEnabled: false, handlesAlerts: true, hasTouchScreen: false, javascriptEnabled: true, locationContextEnabled: true, mobileEmulationEnabled: false, nativeEvents: true, networkConnectionEnabled: false, pageLoadStrategy: normal, platform: XP, platformName: XP, rotatable: false, setWindowRect: true, takesHeapSnapshot: true, takesScreenshot: true, unexpectedAlertBehaviour: , unhandledPromptBehavior: , version: 66.0.3359.139, webStorageEnabled: true}
Session ID: 155ec2c89a2fad09cd0ceb535d9b0239)"/>
         <system-out><![CDATA[2018-05-14 14:44:11 - [TEST_CASE][FAILED] - Test Cases/EMERGENCY TEST CASES/TC_ER_007 Verify Schedule 12 Emergency  Request Are Working Successfully Or Not: Test Cases/EMERGENCY TEST CASES/TC_ER_007 Verify Schedule 12 Emergency  Request Are Working Successfully Or Not FAILED because (of) Unable to set text '10' of object 'Object Repository/Emergency/Page_KDMC - Emergency/input_txttreat' (Root cause: org.openqa.selenium.WebDriverException: unknown error: cannot focus element
  (Session info: chrome=66.0.3359.139)
  (Driver info: chromedriver=2.35.528161 (5b82f2d2aae0ca24b877009200ced9065a772e73),platform=Windows NT 10.0.16299 x86_64) (WARNING: The server did not provide any stacktrace information)
Command duration or timeout: 0 milliseconds
Build info: version: '3.7.1', revision: '8a0099a', time: '2017-11-06T21:07:36.161Z'
System info: host: 'DESKTOP-BLFTK83', ip: '192.168.71.2', os.name: 'Windows 10', os.arch: 'amd64', os.version: '10.0', java.version: '1.8.0_102'
Driver info: com.kms.katalon.selenium.driver.CChromeDriver
Capabilities {acceptInsecureCerts: false, acceptSslCerts: false, applicationCacheEnabled: false, browserConnectionEnabled: false, browserName: chrome, chrome: {chromedriverVersion: 2.35.528161 (5b82f2d2aae0ca..., userDataDir: C:\Users\QUALIT~1\AppData\L...}, cssSelectorsEnabled: true, databaseEnabled: false, handlesAlerts: true, hasTouchScreen: false, javascriptEnabled: true, locationContextEnabled: true, mobileEmulationEnabled: false, nativeEvents: true, networkConnectionEnabled: false, pageLoadStrategy: normal, platform: XP, platformName: XP, rotatable: false, setWindowRect: true, takesHeapSnapshot: true, takesScreenshot: true, unexpectedAlertBehaviour: , unhandledPromptBehavior: , version: 66.0.3359.139, webStorageEnabled: true}
Session ID: 155ec2c89a2fad09cd0ceb535d9b0239)

2018-05-14 14:44:12 - [TEST_STEP][PASSED] - openBrowser: Browser is opened with url: ''

2018-05-14 14:44:12 - [MESSAGE][WARNING] - A browser is already opened. Closing browser and opening a new one

2018-05-14 14:44:15 - [MESSAGE][PASSED] - Browser is opened with url: ''

2018-05-14 14:44:15 - [TEST_STEP][PASSED] - Statement - out.println("Verify Schedule 12 Emergency  Request Are Working Successfully Or Not"): null

2018-05-14 14:44:15 - [TEST_STEP][PASSED] - navigateToUrl: Navigate to 'http://192.168.137.1/Multihospital_New/EmergencyLogin.aspx' successfully

2018-05-14 14:44:19 - [MESSAGE][PASSED] - Navigate to 'http://192.168.137.1/Multihospital_New/EmergencyLogin.aspx' successfully

2018-05-14 14:44:19 - [TEST_STEP][PASSED] - maximizeWindow: Current window maximized

2018-05-14 14:44:20 - [MESSAGE][PASSED] - Current window maximized

2018-05-14 14:44:20 - [TEST_STEP][PASSED] - setText: Text 'nivetha' is set on object 'Object Repository/Emergency/Page_Emergency login/input_txtusername'

2018-05-14 14:44:20 - [MESSAGE][PASSED] - Text 'nivetha' is set on object 'Object Repository/Emergency/Page_Emergency login/input_txtusername'

2018-05-14 14:44:20 - [TEST_STEP][PASSED] - setText: Text '123' is set on object 'Object Repository/Emergency/Page_Emergency login/input_txtpassword'

2018-05-14 14:44:20 - [MESSAGE][PASSED] - Text '123' is set on object 'Object Repository/Emergency/Page_Emergency login/input_txtpassword'

2018-05-14 14:44:20 - [TEST_STEP][PASSED] - delay: Delayed 3 second(s)

2018-05-14 14:44:23 - [MESSAGE][PASSED] - Delayed 3 second(s)

2018-05-14 14:44:23 - [TEST_STEP][PASSED] - click: Object: 'Object Repository/Emergency/Page_Emergency login/button_Sign in' is clicked on

2018-05-14 14:44:25 - [MESSAGE][PASSED] - Object: 'Object Repository/Emergency/Page_Emergency login/button_Sign in' is clicked on

2018-05-14 14:44:25 - [TEST_STEP][PASSED] - delay: Delayed 3 second(s)

2018-05-14 14:44:28 - [MESSAGE][PASSED] - Delayed 3 second(s)

2018-05-14 14:44:28 - [TEST_STEP][PASSED] - click: Object: 'Object Repository/Emergency/Page_KDMC - Emergency/a_Store Request' is clicked on

2018-05-14 14:44:28 - [MESSAGE][PASSED] - Object: 'Object Repository/Emergency/Page_KDMC - Emergency/a_Store Request' is clicked on

2018-05-14 14:44:28 - [TEST_STEP][PASSED] - delay: Delayed 2 second(s)

2018-05-14 14:44:30 - [MESSAGE][PASSED] - Delayed 2 second(s)

2018-05-14 14:44:30 - [TEST_STEP][PASSED] - click: Object: 'Object Repository/Emergency/Page_KDMC - Emergency/a_Medicine Request' is clicked on

2018-05-14 14:44:31 - [MESSAGE][PASSED] - Object: 'Object Repository/Emergency/Page_KDMC - Emergency/a_Medicine Request' is clicked on

2018-05-14 14:44:31 - [TEST_STEP][PASSED] - delay: Delayed 2 second(s)

2018-05-14 14:44:33 - [MESSAGE][PASSED] - Delayed 2 second(s)

2018-05-14 14:44:33 - [TEST_STEP][PASSED] - selectOptionByIndex: All options with index in [7] are selected on object 'Object Repository/Emergency/Page_KDMC - Emergency/select_--Select--Schedule 1Inj'

2018-05-14 14:44:33 - [MESSAGE][PASSED] - All options with index in [7] are selected on object 'Object Repository/Emergency/Page_KDMC - Emergency/select_--Select--Schedule 1Inj'

2018-05-14 14:44:33 - [TEST_STEP][PASSED] - Statement - seletedoptions = com.kms.katalon.core.webui.keyword.WebUiBuiltInKeywords.getNumberOfTotalOption(com.kms.katalon.core.testobject.ObjectRepository.findTestObject(Emergency/Page_KDMC - Emergency/select_--Select--Adernaline 0.)): 20 options of object 'Object Repository/Emergency/Page_KDMC - Emergency/select_--Select--Adernaline 0.' counted

2018-05-14 14:44:33 - [MESSAGE][PASSED] - 20 options of object 'Object Repository/Emergency/Page_KDMC - Emergency/select_--Select--Adernaline 0.' counted

2018-05-14 14:44:33 - [TEST_STEP][FAILED] - Statement - For ([u = 1, u < seletedoptions, (u++)]): Unable to set text '10' of object 'Object Repository/Emergency/Page_KDMC - Emergency/input_txttreat' (Root cause: org.openqa.selenium.WebDriverException: unknown error: cannot focus element
  (Session info: chrome=66.0.3359.139)
  (Driver info: chromedriver=2.35.528161 (5b82f2d2aae0ca24b877009200ced9065a772e73),platform=Windows NT 10.0.16299 x86_64) (WARNING: The server did not provide any stacktrace information)
Command duration or timeout: 0 milliseconds
Build info: version: '3.7.1', revision: '8a0099a', time: '2017-11-06T21:07:36.161Z'
System info: host: 'DESKTOP-BLFTK83', ip: '192.168.71.2', os.name: 'Windows 10', os.arch: 'amd64', os.version: '10.0', java.version: '1.8.0_102'
Driver info: com.kms.katalon.selenium.driver.CChromeDriver
Capabilities {acceptInsecureCerts: false, acceptSslCerts: false, applicationCacheEnabled: false, browserConnectionEnabled: false, browserName: chrome, chrome: {chromedriverVersion: 2.35.528161 (5b82f2d2aae0ca..., userDataDir: C:\Users\QUALIT~1\AppData\L...}, cssSelectorsEnabled: true, databaseEnabled: false, handlesAlerts: true, hasTouchScreen: false, javascriptEnabled: true, locationContextEnabled: true, mobileEmulationEnabled: false, nativeEvents: true, networkConnectionEnabled: false, pageLoadStrategy: normal, platform: XP, platformName: XP, rotatable: false, setWindowRect: true, takesHeapSnapshot: true, takesScreenshot: true, unexpectedAlertBehaviour: , unhandledPromptBehavior: , version: 66.0.3359.139, webStorageEnabled: true}
Session ID: 155ec2c89a2fad09cd0ceb535d9b0239)

2018-05-14 14:44:33 - [TEST_STEP][PASSED] - selectOptionByIndex: All options with index in [7] are selected on object 'Object Repository/Emergency/Page_KDMC - Emergency/select_--Select--Schedule 1Inj'

2018-05-14 14:44:33 - [MESSAGE][PASSED] - All options with index in [7] are selected on object 'Object Repository/Emergency/Page_KDMC - Emergency/select_--Select--Schedule 1Inj'

2018-05-14 14:44:33 - [TEST_STEP][PASSED] - selectOptionByIndex: All options with index in [1] are selected on object 'Object Repository/Emergency/Page_KDMC - Emergency/select_--Select--Adernaline 0.'

2018-05-14 14:44:34 - [MESSAGE][PASSED] - All options with index in [1] are selected on object 'Object Repository/Emergency/Page_KDMC - Emergency/select_--Select--Adernaline 0.'

2018-05-14 14:44:34 - [TEST_STEP][PASSED] - setText: Text '10' is set on object 'Object Repository/Emergency/Page_KDMC - Emergency/input_txttreat'

2018-05-14 14:44:34 - [MESSAGE][PASSED] - Text '10' is set on object 'Object Repository/Emergency/Page_KDMC - Emergency/input_txttreat'

2018-05-14 14:44:34 - [TEST_STEP][PASSED] - click: Object: 'Object Repository/Emergency/Page_KDMC - Emergency/button_Add' is clicked on

2018-05-14 14:44:34 - [MESSAGE][PASSED] - Object: 'Object Repository/Emergency/Page_KDMC - Emergency/button_Add' is clicked on

2018-05-14 14:44:34 - [TEST_STEP][PASSED] - selectOptionByIndex: All options with index in [7] are selected on object 'Object Repository/Emergency/Page_KDMC - Emergency/select_--Select--Schedule 1Inj'

2018-05-14 14:44:34 - [MESSAGE][PASSED] - All options with index in [7] are selected on object 'Object Repository/Emergency/Page_KDMC - Emergency/select_--Select--Schedule 1Inj'

2018-05-14 14:44:34 - [TEST_STEP][PASSED] - selectOptionByIndex: All options with index in [2] are selected on object 'Object Repository/Emergency/Page_KDMC - Emergency/select_--Select--Adernaline 0.'

2018-05-14 14:44:34 - [MESSAGE][PASSED] - All options with index in [2] are selected on object 'Object Repository/Emergency/Page_KDMC - Emergency/select_--Select--Adernaline 0.'

2018-05-14 14:44:34 - [TEST_STEP][PASSED] - setText: Text '10' is set on object 'Object Repository/Emergency/Page_KDMC - Emergency/input_txttreat'

2018-05-14 14:44:34 - [MESSAGE][PASSED] - Text '10' is set on object 'Object Repository/Emergency/Page_KDMC - Emergency/input_txttreat'

2018-05-14 14:44:34 - [TEST_STEP][PASSED] - click: Object: 'Object Repository/Emergency/Page_KDMC - Emergency/button_Add' is clicked on

2018-05-14 14:44:34 - [MESSAGE][PASSED] - Object: 'Object Repository/Emergency/Page_KDMC - Emergency/button_Add' is clicked on

2018-05-14 14:44:34 - [TEST_STEP][PASSED] - selectOptionByIndex: All options with index in [7] are selected on object 'Object Repository/Emergency/Page_KDMC - Emergency/select_--Select--Schedule 1Inj'

2018-05-14 14:44:34 - [MESSAGE][PASSED] - All options with index in [7] are selected on object 'Object Repository/Emergency/Page_KDMC - Emergency/select_--Select--Schedule 1Inj'

2018-05-14 14:44:34 - [TEST_STEP][PASSED] - selectOptionByIndex: All options with index in [3] are selected on object 'Object Repository/Emergency/Page_KDMC - Emergency/select_--Select--Adernaline 0.'

2018-05-14 14:44:35 - [MESSAGE][PASSED] - All options with index in [3] are selected on object 'Object Repository/Emergency/Page_KDMC - Emergency/select_--Select--Adernaline 0.'

2018-05-14 14:44:35 - [TEST_STEP][PASSED] - setText: Text '10' is set on object 'Object Repository/Emergency/Page_KDMC - Emergency/input_txttreat'

2018-05-14 14:44:35 - [MESSAGE][PASSED] - Text '10' is set on object 'Object Repository/Emergency/Page_KDMC - Emergency/input_txttreat'

2018-05-14 14:44:35 - [TEST_STEP][PASSED] - click: Object: 'Object Repository/Emergency/Page_KDMC - Emergency/button_Add' is clicked on

2018-05-14 14:44:35 - [MESSAGE][PASSED] - Object: 'Object Repository/Emergency/Page_KDMC - Emergency/button_Add' is clicked on

2018-05-14 14:44:35 - [TEST_STEP][PASSED] - selectOptionByIndex: All options with index in [7] are selected on object 'Object Repository/Emergency/Page_KDMC - Emergency/select_--Select--Schedule 1Inj'

2018-05-14 14:44:35 - [MESSAGE][PASSED] - All options with index in [7] are selected on object 'Object Repository/Emergency/Page_KDMC - Emergency/select_--Select--Schedule 1Inj'

2018-05-14 14:44:35 - [TEST_STEP][PASSED] - selectOptionByIndex: All options with index in [4] are selected on object 'Object Repository/Emergency/Page_KDMC - Emergency/select_--Select--Adernaline 0.'

2018-05-14 14:44:35 - [MESSAGE][PASSED] - All options with index in [4] are selected on object 'Object Repository/Emergency/Page_KDMC - Emergency/select_--Select--Adernaline 0.'

2018-05-14 14:44:35 - [TEST_STEP][PASSED] - setText: Text '10' is set on object 'Object Repository/Emergency/Page_KDMC - Emergency/input_txttreat'

2018-05-14 14:44:35 - [MESSAGE][PASSED] - Text '10' is set on object 'Object Repository/Emergency/Page_KDMC - Emergency/input_txttreat'

2018-05-14 14:44:35 - [TEST_STEP][PASSED] - click: Object: 'Object Repository/Emergency/Page_KDMC - Emergency/button_Add' is clicked on

2018-05-14 14:44:35 - [MESSAGE][PASSED] - Object: 'Object Repository/Emergency/Page_KDMC - Emergency/button_Add' is clicked on

2018-05-14 14:44:35 - [TEST_STEP][PASSED] - selectOptionByIndex: All options with index in [7] are selected on object 'Object Repository/Emergency/Page_KDMC - Emergency/select_--Select--Schedule 1Inj'

2018-05-14 14:44:35 - [MESSAGE][PASSED] - All options with index in [7] are selected on object 'Object Repository/Emergency/Page_KDMC - Emergency/select_--Select--Schedule 1Inj'

2018-05-14 14:44:35 - [TEST_STEP][PASSED] - selectOptionByIndex: All options with index in [5] are selected on object 'Object Repository/Emergency/Page_KDMC - Emergency/select_--Select--Adernaline 0.'

2018-05-14 14:44:36 - [MESSAGE][PASSED] - All options with index in [5] are selected on object 'Object Repository/Emergency/Page_KDMC - Emergency/select_--Select--Adernaline 0.'

2018-05-14 14:44:36 - [TEST_STEP][PASSED] - setText: Text '10' is set on object 'Object Repository/Emergency/Page_KDMC - Emergency/input_txttreat'

2018-05-14 14:44:36 - [MESSAGE][PASSED] - Text '10' is set on object 'Object Repository/Emergency/Page_KDMC - Emergency/input_txttreat'

2018-05-14 14:44:36 - [TEST_STEP][PASSED] - click: Object: 'Object Repository/Emergency/Page_KDMC - Emergency/button_Add' is clicked on

2018-05-14 14:44:36 - [MESSAGE][PASSED] - Object: 'Object Repository/Emergency/Page_KDMC - Emergency/button_Add' is clicked on

2018-05-14 14:44:36 - [TEST_STEP][PASSED] - selectOptionByIndex: All options with index in [7] are selected on object 'Object Repository/Emergency/Page_KDMC - Emergency/select_--Select--Schedule 1Inj'

2018-05-14 14:44:36 - [MESSAGE][PASSED] - All options with index in [7] are selected on object 'Object Repository/Emergency/Page_KDMC - Emergency/select_--Select--Schedule 1Inj'

2018-05-14 14:44:36 - [TEST_STEP][PASSED] - selectOptionByIndex: All options with index in [6] are selected on object 'Object Repository/Emergency/Page_KDMC - Emergency/select_--Select--Adernaline 0.'

2018-05-14 14:44:36 - [MESSAGE][PASSED] - All options with index in [6] are selected on object 'Object Repository/Emergency/Page_KDMC - Emergency/select_--Select--Adernaline 0.'

2018-05-14 14:44:36 - [TEST_STEP][PASSED] - setText: Text '10' is set on object 'Object Repository/Emergency/Page_KDMC - Emergency/input_txttreat'

2018-05-14 14:44:36 - [MESSAGE][PASSED] - Text '10' is set on object 'Object Repository/Emergency/Page_KDMC - Emergency/input_txttreat'

2018-05-14 14:44:36 - [TEST_STEP][PASSED] - click: Object: 'Object Repository/Emergency/Page_KDMC - Emergency/button_Add' is clicked on

2018-05-14 14:44:36 - [MESSAGE][PASSED] - Object: 'Object Repository/Emergency/Page_KDMC - Emergency/button_Add' is clicked on

2018-05-14 14:44:36 - [TEST_STEP][PASSED] - selectOptionByIndex: All options with index in [7] are selected on object 'Object Repository/Emergency/Page_KDMC - Emergency/select_--Select--Schedule 1Inj'

2018-05-14 14:44:36 - [MESSAGE][PASSED] - All options with index in [7] are selected on object 'Object Repository/Emergency/Page_KDMC - Emergency/select_--Select--Schedule 1Inj'

2018-05-14 14:44:36 - [TEST_STEP][PASSED] - selectOptionByIndex: All options with index in [7] are selected on object 'Object Repository/Emergency/Page_KDMC - Emergency/select_--Select--Adernaline 0.'

2018-05-14 14:44:37 - [MESSAGE][PASSED] - All options with index in [7] are selected on object 'Object Repository/Emergency/Page_KDMC - Emergency/select_--Select--Adernaline 0.'

2018-05-14 14:44:37 - [TEST_STEP][PASSED] - setText: Text '10' is set on object 'Object Repository/Emergency/Page_KDMC - Emergency/input_txttreat'

2018-05-14 14:44:37 - [MESSAGE][PASSED] - Text '10' is set on object 'Object Repository/Emergency/Page_KDMC - Emergency/input_txttreat'

2018-05-14 14:44:37 - [TEST_STEP][PASSED] - click: Object: 'Object Repository/Emergency/Page_KDMC - Emergency/button_Add' is clicked on

2018-05-14 14:44:37 - [MESSAGE][PASSED] - Object: 'Object Repository/Emergency/Page_KDMC - Emergency/button_Add' is clicked on

2018-05-14 14:44:37 - [TEST_STEP][PASSED] - selectOptionByIndex: All options with index in [7] are selected on object 'Object Repository/Emergency/Page_KDMC - Emergency/select_--Select--Schedule 1Inj'

2018-05-14 14:44:37 - [MESSAGE][PASSED] - All options with index in [7] are selected on object 'Object Repository/Emergency/Page_KDMC - Emergency/select_--Select--Schedule 1Inj'

2018-05-14 14:44:37 - [TEST_STEP][PASSED] - selectOptionByIndex: All options with index in [8] are selected on object 'Object Repository/Emergency/Page_KDMC - Emergency/select_--Select--Adernaline 0.'

2018-05-14 14:44:37 - [MESSAGE][PASSED] - All options with index in [8] are selected on object 'Object Repository/Emergency/Page_KDMC - Emergency/select_--Select--Adernaline 0.'

2018-05-14 14:44:37 - [TEST_STEP][PASSED] - setText: Text '10' is set on object 'Object Repository/Emergency/Page_KDMC - Emergency/input_txttreat'

2018-05-14 14:44:37 - [MESSAGE][PASSED] - Text '10' is set on object 'Object Repository/Emergency/Page_KDMC - Emergency/input_txttreat'

2018-05-14 14:44:37 - [TEST_STEP][PASSED] - click: Object: 'Object Repository/Emergency/Page_KDMC - Emergency/button_Add' is clicked on

2018-05-14 14:44:37 - [MESSAGE][PASSED] - Object: 'Object Repository/Emergency/Page_KDMC - Emergency/button_Add' is clicked on

2018-05-14 14:44:37 - [TEST_STEP][PASSED] - selectOptionByIndex: All options with index in [7] are selected on object 'Object Repository/Emergency/Page_KDMC - Emergency/select_--Select--Schedule 1Inj'

2018-05-14 14:44:37 - [MESSAGE][PASSED] - All options with index in [7] are selected on object 'Object Repository/Emergency/Page_KDMC - Emergency/select_--Select--Schedule 1Inj'

2018-05-14 14:44:37 - [TEST_STEP][PASSED] - selectOptionByIndex: All options with index in [9] are selected on object 'Object Repository/Emergency/Page_KDMC - Emergency/select_--Select--Adernaline 0.'

2018-05-14 14:44:38 - [MESSAGE][PASSED] - All options with index in [9] are selected on object 'Object Repository/Emergency/Page_KDMC - Emergency/select_--Select--Adernaline 0.'

2018-05-14 14:44:38 - [TEST_STEP][PASSED] - setText: Text '10' is set on object 'Object Repository/Emergency/Page_KDMC - Emergency/input_txttreat'

2018-05-14 14:44:38 - [MESSAGE][PASSED] - Text '10' is set on object 'Object Repository/Emergency/Page_KDMC - Emergency/input_txttreat'

2018-05-14 14:44:38 - [TEST_STEP][PASSED] - click: Object: 'Object Repository/Emergency/Page_KDMC - Emergency/button_Add' is clicked on

2018-05-14 14:44:38 - [MESSAGE][PASSED] - Object: 'Object Repository/Emergency/Page_KDMC - Emergency/button_Add' is clicked on

2018-05-14 14:44:38 - [TEST_STEP][PASSED] - selectOptionByIndex: All options with index in [7] are selected on object 'Object Repository/Emergency/Page_KDMC - Emergency/select_--Select--Schedule 1Inj'

2018-05-14 14:44:38 - [MESSAGE][PASSED] - All options with index in [7] are selected on object 'Object Repository/Emergency/Page_KDMC - Emergency/select_--Select--Schedule 1Inj'

2018-05-14 14:44:38 - [TEST_STEP][PASSED] - selectOptionByIndex: All options with index in [10] are selected on object 'Object Repository/Emergency/Page_KDMC - Emergency/select_--Select--Adernaline 0.'

2018-05-14 14:44:38 - [MESSAGE][PASSED] - All options with index in [10] are selected on object 'Object Repository/Emergency/Page_KDMC - Emergency/select_--Select--Adernaline 0.'

2018-05-14 14:44:38 - [TEST_STEP][PASSED] - setText: Text '10' is set on object 'Object Repository/Emergency/Page_KDMC - Emergency/input_txttreat'

2018-05-14 14:44:38 - [MESSAGE][PASSED] - Text '10' is set on object 'Object Repository/Emergency/Page_KDMC - Emergency/input_txttreat'

2018-05-14 14:44:38 - [TEST_STEP][PASSED] - click: Object: 'Object Repository/Emergency/Page_KDMC - Emergency/button_Add' is clicked on

2018-05-14 14:44:38 - [MESSAGE][PASSED] - Object: 'Object Repository/Emergency/Page_KDMC - Emergency/button_Add' is clicked on

2018-05-14 14:44:38 - [TEST_STEP][PASSED] - selectOptionByIndex: All options with index in [7] are selected on object 'Object Repository/Emergency/Page_KDMC - Emergency/select_--Select--Schedule 1Inj'

2018-05-14 14:44:38 - [MESSAGE][PASSED] - All options with index in [7] are selected on object 'Object Repository/Emergency/Page_KDMC - Emergency/select_--Select--Schedule 1Inj'

2018-05-14 14:44:38 - [TEST_STEP][PASSED] - selectOptionByIndex: All options with index in [11] are selected on object 'Object Repository/Emergency/Page_KDMC - Emergency/select_--Select--Adernaline 0.'

2018-05-14 14:44:39 - [MESSAGE][PASSED] - All options with index in [11] are selected on object 'Object Repository/Emergency/Page_KDMC - Emergency/select_--Select--Adernaline 0.'

2018-05-14 14:44:39 - [TEST_STEP][PASSED] - setText: Text '10' is set on object 'Object Repository/Emergency/Page_KDMC - Emergency/input_txttreat'

2018-05-14 14:44:39 - [MESSAGE][PASSED] - Text '10' is set on object 'Object Repository/Emergency/Page_KDMC - Emergency/input_txttreat'

2018-05-14 14:44:39 - [TEST_STEP][PASSED] - click: Object: 'Object Repository/Emergency/Page_KDMC - Emergency/button_Add' is clicked on

2018-05-14 14:44:39 - [MESSAGE][PASSED] - Object: 'Object Repository/Emergency/Page_KDMC - Emergency/button_Add' is clicked on

2018-05-14 14:44:39 - [TEST_STEP][PASSED] - selectOptionByIndex: All options with index in [7] are selected on object 'Object Repository/Emergency/Page_KDMC - Emergency/select_--Select--Schedule 1Inj'

2018-05-14 14:44:39 - [MESSAGE][PASSED] - All options with index in [7] are selected on object 'Object Repository/Emergency/Page_KDMC - Emergency/select_--Select--Schedule 1Inj'

2018-05-14 14:44:39 - [TEST_STEP][PASSED] - selectOptionByIndex: All options with index in [12] are selected on object 'Object Repository/Emergency/Page_KDMC - Emergency/select_--Select--Adernaline 0.'

2018-05-14 14:44:39 - [MESSAGE][PASSED] - All options with index in [12] are selected on object 'Object Repository/Emergency/Page_KDMC - Emergency/select_--Select--Adernaline 0.'

2018-05-14 14:44:39 - [TEST_STEP][PASSED] - setText: Text '10' is set on object 'Object Repository/Emergency/Page_KDMC - Emergency/input_txttreat'

2018-05-14 14:44:39 - [MESSAGE][PASSED] - Text '10' is set on object 'Object Repository/Emergency/Page_KDMC - Emergency/input_txttreat'

2018-05-14 14:44:39 - [TEST_STEP][PASSED] - click: Object: 'Object Repository/Emergency/Page_KDMC - Emergency/button_Add' is clicked on

2018-05-14 14:44:39 - [MESSAGE][PASSED] - Object: 'Object Repository/Emergency/Page_KDMC - Emergency/button_Add' is clicked on

2018-05-14 14:44:39 - [TEST_STEP][PASSED] - selectOptionByIndex: All options with index in [7] are selected on object 'Object Repository/Emergency/Page_KDMC - Emergency/select_--Select--Schedule 1Inj'

2018-05-14 14:44:40 - [MESSAGE][PASSED] - All options with index in [7] are selected on object 'Object Repository/Emergency/Page_KDMC - Emergency/select_--Select--Schedule 1Inj'

2018-05-14 14:44:40 - [TEST_STEP][PASSED] - selectOptionByIndex: All options with index in [13] are selected on object 'Object Repository/Emergency/Page_KDMC - Emergency/select_--Select--Adernaline 0.'

2018-05-14 14:44:40 - [MESSAGE][PASSED] - All options with index in [13] are selected on object 'Object Repository/Emergency/Page_KDMC - Emergency/select_--Select--Adernaline 0.'

2018-05-14 14:44:40 - [TEST_STEP][PASSED] - setText: Text '10' is set on object 'Object Repository/Emergency/Page_KDMC - Emergency/input_txttreat'

2018-05-14 14:44:40 - [MESSAGE][PASSED] - Text '10' is set on object 'Object Repository/Emergency/Page_KDMC - Emergency/input_txttreat'

2018-05-14 14:44:40 - [TEST_STEP][PASSED] - click: Object: 'Object Repository/Emergency/Page_KDMC - Emergency/button_Add' is clicked on

2018-05-14 14:44:40 - [MESSAGE][PASSED] - Object: 'Object Repository/Emergency/Page_KDMC - Emergency/button_Add' is clicked on

2018-05-14 14:44:40 - [TEST_STEP][PASSED] - selectOptionByIndex: All options with index in [7] are selected on object 'Object Repository/Emergency/Page_KDMC - Emergency/select_--Select--Schedule 1Inj'

2018-05-14 14:44:40 - [MESSAGE][PASSED] - All options with index in [7] are selected on object 'Object Repository/Emergency/Page_KDMC - Emergency/select_--Select--Schedule 1Inj'

2018-05-14 14:44:40 - [TEST_STEP][PASSED] - selectOptionByIndex: All options with index in [14] are selected on object 'Object Repository/Emergency/Page_KDMC - Emergency/select_--Select--Adernaline 0.'

2018-05-14 14:44:40 - [MESSAGE][PASSED] - All options with index in [14] are selected on object 'Object Repository/Emergency/Page_KDMC - Emergency/select_--Select--Adernaline 0.'

2018-05-14 14:44:40 - [TEST_STEP][PASSED] - setText: Text '10' is set on object 'Object Repository/Emergency/Page_KDMC - Emergency/input_txttreat'

2018-05-14 14:44:41 - [MESSAGE][PASSED] - Text '10' is set on object 'Object Repository/Emergency/Page_KDMC - Emergency/input_txttreat'

2018-05-14 14:44:41 - [TEST_STEP][PASSED] - click: Object: 'Object Repository/Emergency/Page_KDMC - Emergency/button_Add' is clicked on

2018-05-14 14:44:41 - [MESSAGE][PASSED] - Object: 'Object Repository/Emergency/Page_KDMC - Emergency/button_Add' is clicked on

2018-05-14 14:44:41 - [TEST_STEP][PASSED] - selectOptionByIndex: All options with index in [7] are selected on object 'Object Repository/Emergency/Page_KDMC - Emergency/select_--Select--Schedule 1Inj'

2018-05-14 14:44:41 - [MESSAGE][PASSED] - All options with index in [7] are selected on object 'Object Repository/Emergency/Page_KDMC - Emergency/select_--Select--Schedule 1Inj'

2018-05-14 14:44:41 - [TEST_STEP][PASSED] - selectOptionByIndex: All options with index in [15] are selected on object 'Object Repository/Emergency/Page_KDMC - Emergency/select_--Select--Adernaline 0.'

2018-05-14 14:44:41 - [MESSAGE][PASSED] - All options with index in [15] are selected on object 'Object Repository/Emergency/Page_KDMC - Emergency/select_--Select--Adernaline 0.'

2018-05-14 14:44:41 - [TEST_STEP][PASSED] - setText: Text '10' is set on object 'Object Repository/Emergency/Page_KDMC - Emergency/input_txttreat'

2018-05-14 14:44:41 - [MESSAGE][PASSED] - Text '10' is set on object 'Object Repository/Emergency/Page_KDMC - Emergency/input_txttreat'

2018-05-14 14:44:41 - [TEST_STEP][PASSED] - click: Object: 'Object Repository/Emergency/Page_KDMC - Emergency/button_Add' is clicked on

2018-05-14 14:44:41 - [MESSAGE][PASSED] - Object: 'Object Repository/Emergency/Page_KDMC - Emergency/button_Add' is clicked on

2018-05-14 14:44:41 - [TEST_STEP][PASSED] - selectOptionByIndex: All options with index in [7] are selected on object 'Object Repository/Emergency/Page_KDMC - Emergency/select_--Select--Schedule 1Inj'

2018-05-14 14:44:41 - [MESSAGE][PASSED] - All options with index in [7] are selected on object 'Object Repository/Emergency/Page_KDMC - Emergency/select_--Select--Schedule 1Inj'

2018-05-14 14:44:41 - [TEST_STEP][PASSED] - selectOptionByIndex: All options with index in [16] are selected on object 'Object Repository/Emergency/Page_KDMC - Emergency/select_--Select--Adernaline 0.'

2018-05-14 14:44:42 - [MESSAGE][PASSED] - All options with index in [16] are selected on object 'Object Repository/Emergency/Page_KDMC - Emergency/select_--Select--Adernaline 0.'

2018-05-14 14:44:42 - [TEST_STEP][PASSED] - setText: Text '10' is set on object 'Object Repository/Emergency/Page_KDMC - Emergency/input_txttreat'

2018-05-14 14:44:42 - [MESSAGE][PASSED] - Text '10' is set on object 'Object Repository/Emergency/Page_KDMC - Emergency/input_txttreat'

2018-05-14 14:44:42 - [TEST_STEP][PASSED] - click: Object: 'Object Repository/Emergency/Page_KDMC - Emergency/button_Add' is clicked on

2018-05-14 14:44:42 - [MESSAGE][PASSED] - Object: 'Object Repository/Emergency/Page_KDMC - Emergency/button_Add' is clicked on

2018-05-14 14:44:42 - [TEST_STEP][PASSED] - selectOptionByIndex: All options with index in [7] are selected on object 'Object Repository/Emergency/Page_KDMC - Emergency/select_--Select--Schedule 1Inj'

2018-05-14 14:44:42 - [MESSAGE][PASSED] - All options with index in [7] are selected on object 'Object Repository/Emergency/Page_KDMC - Emergency/select_--Select--Schedule 1Inj'

2018-05-14 14:44:42 - [TEST_STEP][PASSED] - selectOptionByIndex: All options with index in [17] are selected on object 'Object Repository/Emergency/Page_KDMC - Emergency/select_--Select--Adernaline 0.'

2018-05-14 14:44:42 - [MESSAGE][PASSED] - All options with index in [17] are selected on object 'Object Repository/Emergency/Page_KDMC - Emergency/select_--Select--Adernaline 0.'

2018-05-14 14:44:42 - [TEST_STEP][FAILED] - setText: Unable to set text '10' of object 'Object Repository/Emergency/Page_KDMC - Emergency/input_txttreat' (Root cause: org.openqa.selenium.WebDriverException: unknown error: cannot focus element
  (Session info: chrome=66.0.3359.139)
  (Driver info: chromedriver=2.35.528161 (5b82f2d2aae0ca24b877009200ced9065a772e73),platform=Windows NT 10.0.16299 x86_64) (WARNING: The server did not provide any stacktrace information)
Command duration or timeout: 0 milliseconds
Build info: version: '3.7.1', revision: '8a0099a', time: '2017-11-06T21:07:36.161Z'
System info: host: 'DESKTOP-BLFTK83', ip: '192.168.71.2', os.name: 'Windows 10', os.arch: 'amd64', os.version: '10.0', java.version: '1.8.0_102'
Driver info: com.kms.katalon.selenium.driver.CChromeDriver
Capabilities {acceptInsecureCerts: false, acceptSslCerts: false, applicationCacheEnabled: false, browserConnectionEnabled: false, browserName: chrome, chrome: {chromedriverVersion: 2.35.528161 (5b82f2d2aae0ca..., userDataDir: C:\Users\QUALIT~1\AppData\L...}, cssSelectorsEnabled: true, databaseEnabled: false, handlesAlerts: true, hasTouchScreen: false, javascriptEnabled: true, locationContextEnabled: true, mobileEmulationEnabled: false, nativeEvents: true, networkConnectionEnabled: false, pageLoadStrategy: normal, platform: XP, platformName: XP, rotatable: false, setWindowRect: true, takesHeapSnapshot: true, takesScreenshot: true, unexpectedAlertBehaviour: , unhandledPromptBehavior: , version: 66.0.3359.139, webStorageEnabled: true}
Session ID: 155ec2c89a2fad09cd0ceb535d9b0239)

2018-05-14 14:44:43 - [MESSAGE][FAILED] - Unable to set text '10' of object 'Object Repository/Emergency/Page_KDMC - Emergency/input_txttreat' (Root cause: org.openqa.selenium.WebDriverException: unknown error: cannot focus element
  (Session info: chrome=66.0.3359.139)
  (Driver info: chromedriver=2.35.528161 (5b82f2d2aae0ca24b877009200ced9065a772e73),platform=Windows NT 10.0.16299 x86_64) (WARNING: The server did not provide any stacktrace information)
Command duration or timeout: 0 milliseconds
Build info: version: '3.7.1', revision: '8a0099a', time: '2017-11-06T21:07:36.161Z'
System info: host: 'DESKTOP-BLFTK83', ip: '192.168.71.2', os.name: 'Windows 10', os.arch: 'amd64', os.version: '10.0', java.version: '1.8.0_102'
Driver info: com.kms.katalon.selenium.driver.CChromeDriver
Capabilities {acceptInsecureCerts: false, acceptSslCerts: false, applicationCacheEnabled: false, browserConnectionEnabled: false, browserName: chrome, chrome: {chromedriverVersion: 2.35.528161 (5b82f2d2aae0ca..., userDataDir: C:\Users\QUALIT~1\AppData\L...}, cssSelectorsEnabled: true, databaseEnabled: false, handlesAlerts: true, hasTouchScreen: false, javascriptEnabled: true, locationContextEnabled: true, mobileEmulationEnabled: false, nativeEvents: true, networkConnectionEnabled: false, pageLoadStrategy: normal, platform: XP, platformName: XP, rotatable: false, setWindowRect: true, takesHeapSnapshot: true, takesScreenshot: true, unexpectedAlertBehaviour: , unhandledPromptBehavior: , version: 66.0.3359.139, webStorageEnabled: true}
Session ID: 155ec2c89a2fad09cd0ceb535d9b0239)
[[ATTACHMENT|C:\\Users\\Quality Analyst\\Katalon Studio\\ds\\Reports\\Emergency_Suit\\20180514_143204\\1526289282811.png]]]]></system-out>
         <system-err><![CDATA[2018-05-14 14:44:11 - [TEST_CASE][FAILED] - Test Cases/EMERGENCY TEST CASES/TC_ER_007 Verify Schedule 12 Emergency  Request Are Working Successfully Or Not: Test Cases/EMERGENCY TEST CASES/TC_ER_007 Verify Schedule 12 Emergency  Request Are Working Successfully Or Not FAILED because (of) Unable to set text '10' of object 'Object Repository/Emergency/Page_KDMC - Emergency/input_txttreat' (Root cause: org.openqa.selenium.WebDriverException: unknown error: cannot focus element
  (Session info: chrome=66.0.3359.139)
  (Driver info: chromedriver=2.35.528161 (5b82f2d2aae0ca24b877009200ced9065a772e73),platform=Windows NT 10.0.16299 x86_64) (WARNING: The server did not provide any stacktrace information)
Command duration or timeout: 0 milliseconds
Build info: version: '3.7.1', revision: '8a0099a', time: '2017-11-06T21:07:36.161Z'
System info: host: 'DESKTOP-BLFTK83', ip: '192.168.71.2', os.name: 'Windows 10', os.arch: 'amd64', os.version: '10.0', java.version: '1.8.0_102'
Driver info: com.kms.katalon.selenium.driver.CChromeDriver
Capabilities {acceptInsecureCerts: false, acceptSslCerts: false, applicationCacheEnabled: false, browserConnectionEnabled: false, browserName: chrome, chrome: {chromedriverVersion: 2.35.528161 (5b82f2d2aae0ca..., userDataDir: C:\Users\QUALIT~1\AppData\L...}, cssSelectorsEnabled: true, databaseEnabled: false, handlesAlerts: true, hasTouchScreen: false, javascriptEnabled: true, locationContextEnabled: true, mobileEmulationEnabled: false, nativeEvents: true, networkConnectionEnabled: false, pageLoadStrategy: normal, platform: XP, platformName: XP, rotatable: false, setWindowRect: true, takesHeapSnapshot: true, takesScreenshot: true, unexpectedAlertBehaviour: , unhandledPromptBehavior: , version: 66.0.3359.139, webStorageEnabled: true}
Session ID: 155ec2c89a2fad09cd0ceb535d9b0239)]]></system-err>
      </testcase>
      <system-out><![CDATA[2018-05-14 14:32:11 - [TEST_SUITE][FAILED] - Emergency_Suit: Test Cases/EMERGENCY TEST CASES/TC_ER_001 Verify Schedule 1 Emergency  Request Are Working Successfully Or Not FAILED because (of) Unable to set text '10' of object 'Object Repository/Emergency/Page_KDMC - Emergency/input_txttreat' (Root cause: org.openqa.selenium.WebDriverException: unknown error: cannot focus element
  (Session info: chrome=66.0.3359.139)
  (Driver info: chromedriver=2.35.528161 (5b82f2d2aae0ca24b877009200ced9065a772e73),platform=Windows NT 10.0.16299 x86_64) (WARNING: The server did not provide any stacktrace information)
Command duration or timeout: 0 milliseconds
Build info: version: '3.7.1', revision: '8a0099a', time: '2017-11-06T21:07:36.161Z'
System info: host: 'DESKTOP-BLFTK83', ip: '192.168.71.2', os.name: 'Windows 10', os.arch: 'amd64', os.version: '10.0', java.version: '1.8.0_102'
Driver info: com.kms.katalon.selenium.driver.CChromeDriver
Capabilities {acceptInsecureCerts: false, acceptSslCerts: false, applicationCacheEnabled: false, browserConnectionEnabled: false, browserName: chrome, chrome: {chromedriverVersion: 2.35.528161 (5b82f2d2aae0ca..., userDataDir: C:\Users\QUALIT~1\AppData\L...}, cssSelectorsEnabled: true, databaseEnabled: false, handlesAlerts: true, hasTouchScreen: false, javascriptEnabled: true, locationContextEnabled: true, mobileEmulationEnabled: false, nativeEvents: true, networkConnectionEnabled: false, pageLoadStrategy: normal, platform: XP, platformName: XP, rotatable: false, setWindowRect: true, takesHeapSnapshot: true, takesScreenshot: true, unexpectedAlertBehaviour: , unhandledPromptBehavior: , version: 66.0.3359.139, webStorageEnabled: true}
Session ID: 4707f15fdb615fd33e866dda4dfc7d5c)]]></system-out>
      <system-err><![CDATA[2018-05-14 14:32:11 - [TEST_SUITE][FAILED] - Emergency_Suit: Test Cases/EMERGENCY TEST CASES/TC_ER_001 Verify Schedule 1 Emergency  Request Are Working Successfully Or Not FAILED because (of) Unable to set text '10' of object 'Object Repository/Emergency/Page_KDMC - Emergency/input_txttreat' (Root cause: org.openqa.selenium.WebDriverException: unknown error: cannot focus element
  (Session info: chrome=66.0.3359.139)
  (Driver info: chromedriver=2.35.528161 (5b82f2d2aae0ca24b877009200ced9065a772e73),platform=Windows NT 10.0.16299 x86_64) (WARNING: The server did not provide any stacktrace information)
Command duration or timeout: 0 milliseconds
Build info: version: '3.7.1', revision: '8a0099a', time: '2017-11-06T21:07:36.161Z'
System info: host: 'DESKTOP-BLFTK83', ip: '192.168.71.2', os.name: 'Windows 10', os.arch: 'amd64', os.version: '10.0', java.version: '1.8.0_102'
Driver info: com.kms.katalon.selenium.driver.CChromeDriver
Capabilities {acceptInsecureCerts: false, acceptSslCerts: false, applicationCacheEnabled: false, browserConnectionEnabled: false, browserName: chrome, chrome: {chromedriverVersion: 2.35.528161 (5b82f2d2aae0ca..., userDataDir: C:\Users\QUALIT~1\AppData\L...}, cssSelectorsEnabled: true, databaseEnabled: false, handlesAlerts: true, hasTouchScreen: false, javascriptEnabled: true, locationContextEnabled: true, mobileEmulationEnabled: false, nativeEvents: true, networkConnectionEnabled: false, pageLoadStrategy: normal, platform: XP, platformName: XP, rotatable: false, setWindowRect: true, takesHeapSnapshot: true, takesScreenshot: true, unexpectedAlertBehaviour: , unhandledPromptBehavior: , version: 66.0.3359.139, webStorageEnabled: true}
Session ID: 4707f15fdb615fd33e866dda4dfc7d5c)]]></system-err>
   </testsuite>
</testsuites>
